LUA_PATH=/home/mdcallag/git/mytools/bench/sysbench.lua/lua/?.lua /home/mdcallag/git/mytools/bench/sysbench.lua/lua/sysbench --db-driver=mysql --range-size=1000 --table-size=10000000 --tables=8 --threads=40 --events=0 --warmup-time=5 --time=630 /home/mdcallag/git/mytools/bench/sysbench.lua/lua/oltp_read_only_count.lua run --mysql-user=root --mysql-password=pw --mysql-host=127.0.0.1 --mysql-db=test --rand-type=uniform --skip-trx
48 CPUs
sysbench 1.1.0-9072687 (using bundled LuaJIT 2.1.0-beta3)

Running the test with following options:
Number of threads: 40
Warmup time: 5s
Initializing random number generator from current time


Initializing worker threads...

for: count_ranges
table 1 : explain SELECT count(c) FROM sbtest1 WHERE id BETWEEN 1364606 AND 1365605
	-> Aggregate: count(sbtest1.c)  (cost=794 rows=1)
    -> Filter: (sbtest1.id between 1364606 and 1365605)  (cost=371 rows=1838)
        -> Index range scan on sbtest1 using PRIMARY over (1364606 <= id <= 1365605)  (cost=371 rows=1838)


table 2 : explain SELECT count(c) FROM sbtest2 WHERE id BETWEEN 6883316 AND 6884315
	-> Aggregate: count(sbtest2.c)  (cost=794 rows=1)
    -> Filter: (sbtest2.id between 6883316 and 6884315)  (cost=371 rows=1838)
        -> Index range scan on sbtest2 using PRIMARY over (6883316 <= id <= 6884315)  (cost=371 rows=1838)


table 3 : explain SELECT count(c) FROM sbtest3 WHERE id BETWEEN 1994281 AND 1995280
	-> Aggregate: count(sbtest3.c)  (cost=794 rows=1)
    -> Filter: (sbtest3.id between 1994281 and 1995280)  (cost=371 rows=1838)
        -> Index range scan on sbtest3 using PRIMARY over (1994281 <= id <= 1995280)  (cost=371 rows=1838)


table 4 : explain SELECT count(c) FROM sbtest4 WHERE id BETWEEN 4089613 AND 4090612
	-> Aggregate: count(sbtest4.c)  (cost=794 rows=1)
    -> Filter: (sbtest4.id between 4089613 and 4090612)  (cost=371 rows=1838)
        -> Index range scan on sbtest4 using PRIMARY over (4089613 <= id <= 4090612)  (cost=371 rows=1838)


table 5 : explain SELECT count(c) FROM sbtest5 WHERE id BETWEEN 909901 AND 910900
	-> Aggregate: count(sbtest5.c)  (cost=794 rows=1)
    -> Filter: (sbtest5.id between 909901 and 910900)  (cost=371 rows=1838)
        -> Index range scan on sbtest5 using PRIMARY over (909901 <= id <= 910900)  (cost=371 rows=1838)


table 6 : explain SELECT count(c) FROM sbtest6 WHERE id BETWEEN 223923 AND 224922
	-> Aggregate: count(sbtest6.c)  (cost=794 rows=1)
    -> Filter: (sbtest6.id between 223923 and 224922)  (cost=371 rows=1838)
        -> Index range scan on sbtest6 using PRIMARY over (223923 <= id <= 224922)  (cost=371 rows=1838)


table 7 : explain SELECT count(c) FROM sbtest7 WHERE id BETWEEN 526806 AND 527805
	-> Aggregate: count(sbtest7.c)  (cost=809 rows=1)
    -> Filter: (sbtest7.id between 526806 and 527805)  (cost=378 rows=1872)
        -> Index range scan on sbtest7 using PRIMARY over (526806 <= id <= 527805)  (cost=378 rows=1872)


table 8 : explain SELECT count(c) FROM sbtest8 WHERE id BETWEEN 7446338 AND 7447337
	-> Aggregate: count(sbtest8.c)  (cost=809 rows=1)
    -> Filter: (sbtest8.id between 7446338 and 7447337)  (cost=378 rows=1872)
        -> Index range scan on sbtest8 using PRIMARY over (7446338 <= id <= 7447337)  (cost=378 rows=1872)

for: count_ranges
table 1 : explain SELECT count(c) FROM sbtest1 WHERE id BETWEEN 523699 AND 524698
	-> Aggregate: count(sbtest1.c)  (cost=794 rows=1)
    -> Filter: (sbtest1.id between 523699 and 524698)  (cost=371 rows=1838)
        -> Index range scan on sbtest1 using PRIMARY over (523699 <= id <= 524698)  (cost=371 rows=1838)


table 2 : explain SELECT count(c) FROM sbtest2 WHERE id BETWEEN 2932577 AND 2933576
	-> Aggregate: count(sbtest2.c)  (cost=794 rows=1)
    -> Filter: (sbtest2.id between 2932577 and 2933576)  (cost=371 rows=1838)
        -> Index range scan on sbtest2 using PRIMARY over (2932577 <= id <= 2933576)  (cost=371 rows=1838)


table 3 : explain SELECT count(c) FROM sbtest3 WHERE id BETWEEN 8145795 AND 8146794
	-> Aggregate: count(sbtest3.c)  (cost=794 rows=1)
    -> Filter: (sbtest3.id between 8145795 and 8146794)  (cost=371 rows=1838)
        -> Index range scan on sbtest3 using PRIMARY over (8145795 <= id <= 8146794)  (cost=371 rows=1838)


table 4 : explain SELECT count(c) FROM sbtest4 WHERE id BETWEEN 8585717 AND 8586716
	-> Aggregate: count(sbtest4.c)  (cost=809 rows=1)
    -> Filter: (sbtest4.id between 8585717 and 8586716)  (cost=378 rows=1872)
        -> Index range scan on sbtest4 using PRIMARY over (8585717 <= id <= 8586716)  (cost=378 rows=1872)


table 5 : explain SELECT count(c) FROM sbtest5 WHERE id BETWEEN 6482974 AND 6483973
	-> Aggregate: count(sbtest5.c)  (cost=794 rows=1)
    -> Filter: (sbtest5.id between 6482974 and 6483973)  (cost=371 rows=1838)
        -> Index range scan on sbtest5 using PRIMARY over (6482974 <= id <= 6483973)  (cost=371 rows=1838)


table 6 : explain SELECT count(c) FROM sbtest6 WHERE id BETWEEN 5641808 AND 5642807
	-> Aggregate: count(sbtest6.c)  (cost=794 rows=1)
    -> Filter: (sbtest6.id between 5641808 and 5642807)  (cost=371 rows=1838)
        -> Index range scan on sbtest6 using PRIMARY over (5641808 <= id <= 5642807)  (cost=371 rows=1838)


table 7 : explain SELECT count(c) FROM sbtest7 WHERE id BETWEEN 7202510 AND 7203509
	-> Aggregate: count(sbtest7.c)  (cost=809 rows=1)
    -> Filter: (sbtest7.id between 7202510 and 7203509)  (cost=378 rows=1872)
        -> Index range scan on sbtest7 using PRIMARY over (7202510 <= id <= 7203509)  (cost=378 rows=1872)


table 8 : explain SELECT count(c) FROM sbtest8 WHERE id BETWEEN 1024392 AND 1025391
	-> Aggregate: count(sbtest8.c)  (cost=809 rows=1)
    -> Filter: (sbtest8.id between 1024392 and 1025391)  (cost=378 rows=1872)
        -> Index range scan on sbtest8 using PRIMARY over (1024392 <= id <= 1025391)  (cost=378 rows=1872)


for: count_ranges
table 1 : explain SELECT count(c) FROM sbtest1 WHERE id BETWEEN 4872381 AND 4873380
	-> Aggregate: count(sbtest1.c)  (cost=794 rows=1)
    -> Filter: (sbtest1.id between 4872381 and 4873380)  (cost=371 rows=1838)
        -> Index range scan on sbtest1 using PRIMARY over (4872381 <= id <= 4873380)  (cost=371 rows=1838)


table 2 : explain SELECT count(c) FROM sbtest2 WHERE id BETWEEN 3972716 AND 3973715
	-> Aggregate: count(sbtest2.c)  (cost=809 rows=1)
    -> Filter: (sbtest2.id between 3972716 and 3973715)  (cost=378 rows=1872)
        -> Index range scan on sbtest2 using PRIMARY over (3972716 <= id <= 3973715)  (cost=378 rows=1872)


table 3 : explain SELECT count(c) FROM sbtest3 WHERE id BETWEEN 3912250 AND 3913249
	-> Aggregate: count(sbtest3.c)  (cost=794 rows=1)
    -> Filter: (sbtest3.id between 3912250 and 3913249)  (cost=371 rows=1838)
        -> Index range scan on sbtest3 using PRIMARY over (3912250 <= id <= 3913249)  (cost=371 rows=1838)


table 4 : explain SELECT count(c) FROM sbtest4 WHERE id BETWEEN 4405920 AND 4406919
	-> Aggregate: count(sbtest4.c)  (cost=794 rows=1)
    -> Filter: (sbtest4.id between 4405920 and 4406919)  (cost=371 rows=1838)
        -> Index range scan on sbtest4 using PRIMARY over (4405920 <= id <= 4406919)  (cost=371 rows=1838)


table 5 : explain SELECT count(c) FROM sbtest5 WHERE id BETWEEN 5601149 AND 5602148
	-> Aggregate: count(sbtest5.c)  (cost=794 rows=1)
    -> Filter: (sbtest5.id between 5601149 and 5602148)  (cost=371 rows=1838)
        -> Index range scan on sbtest5 using PRIMARY over (5601149 <= id <= 5602148)  (cost=371 rows=1838)


table 6 : explain SELECT count(c) FROM sbtest6 WHERE id BETWEEN 7894082 AND 7895081
	-> Aggregate: count(sbtest6.c)  (cost=794 rows=1)
    -> Filter: (sbtest6.id between 7894082 and 7895081)  (cost=371 rows=1838)
        -> Index range scan on sbtest6 using PRIMARY over (7894082 <= id <= 7895081)  (cost=371 rows=1838)


table 7 : explain SELECT count(c) FROM sbtest7 WHERE id BETWEEN 922736 AND 923735
	-> Aggregate: count(sbtest7.c)  (cost=794 rows=1)
    -> Filter: (sbtest7.id between 922736 and 923735)  (cost=371 rows=1838)
        -> Index range scan on sbtest7 using PRIMARY over (922736 <= id <= 923735)  (cost=371 rows=1838)


table 8 : explain SELECT count(c) FROM sbtest8 WHERE id BETWEEN 5776596 AND 5777595
	-> Aggregate: count(sbtest8.c)  (cost=794 rows=1)
    -> Filter: (sbtest8.id between 5776596 and 5777595)  (cost=371 rows=1838)
        -> Index range scan on sbtest8 using PRIMARY over (5776596 <= id <= 5777595)  (cost=371 rows=1838)


for: count_ranges
table 1 : explain SELECT count(c) FROM sbtest1 WHERE id BETWEEN 5895391 AND 5896390
	-> Aggregate: count(sbtest1.c)  (cost=809 rows=1)
    -> Filter: (sbtest1.id between 5895391 and 5896390)  (cost=378 rows=1872)
        -> Index range scan on sbtest1 using PRIMARY over (5895391 <= id <= 5896390)  (cost=378 rows=1872)


table 2 : explain SELECT count(c) FROM sbtest2 WHERE id BETWEEN 3342517 AND 3343516
	-> Aggregate: count(sbtest2.c)  (cost=794 rows=1)
    -> Filter: (sbtest2.id between 3342517 and 3343516)  (cost=371 rows=1838)
        -> Index range scan on sbtest2 using PRIMARY over (3342517 <= id <= 3343516)  (cost=371 rows=1838)


table 3 : explain SELECT count(c) FROM sbtest3 WHERE id BETWEEN 5579285 AND 5580284
	-> Aggregate: count(sbtest3.c)  (cost=809 rows=1)
    -> Filter: (sbtest3.id between 5579285 and 5580284)  (cost=378 rows=1872)
        -> Index range scan on sbtest3 using PRIMARY over (5579285 <= id <= 5580284)  (cost=378 rows=1872)


table 4 : explain SELECT count(c) FROM sbtest4 WHERE id BETWEEN 107178 AND 108177
	-> Aggregate: count(sbtest4.c)  (cost=794 rows=1)
    -> Filter: (sbtest4.id between 107178 and 108177)  (cost=371 rows=1838)
        -> Index range scan on sbtest4 using PRIMARY over (107178 <= id <= 108177)  (cost=371 rows=1838)


table 5 : explain SELECT count(c) FROM sbtest5 WHERE id BETWEEN 8168720 AND 8169719
	-> Aggregate: count(sbtest5.c)  (cost=794 rows=1)
    -> Filter: (sbtest5.id between 8168720 and 8169719)  (cost=371 rows=1838)
        -> Index range scan on sbtest5 using PRIMARY over (8168720 <= id <= 8169719)  (cost=371 rows=1838)


table 6 : explain SELECT count(c) FROM sbtest6 WHERE id BETWEEN 5376035 AND 5377034
	-> Aggregate: count(sbtest6.c)  (cost=794 rows=1)
    -> Filter: (sbtest6.id between 5376035 and 5377034)  (cost=371 rows=1838)
        -> Index range scan on sbtest6 using PRIMARY over (5376035 <= id <= 5377034)  (cost=371 rows=1838)


table 7 : explain SELECT count(c) FROM sbtest7 WHERE id BETWEEN 7357665 AND 7358664
	-> Aggregate: count(sbtest7.c)  (cost=794 rows=1)
    -> Filter: (sbtest7.id between 7357665 and 7358664)  (cost=371 rows=1838)
        -> Index range scan on sbtest7 using PRIMARY over (7357665 <= id <= 7358664)  (cost=371 rows=1838)


table 8 : explain SELECT count(c) FROM sbtest8 WHERE id BETWEEN 602276 AND 603275
	-> Aggregate: count(sbtest8.c)  (cost=794 rows=1)
    -> Filter: (sbtest8.id between 602276 and 603275)  (cost=371 rows=1838)
        -> Index range scan on sbtest8 using PRIMARY over (602276 <= id <= 603275)  (cost=371 rows=1838)


for: count_ranges
table 1 : explain SELECT count(c) FROM sbtest1 WHERE id BETWEEN 1756256 AND 1757255
	-> Aggregate: count(sbtest1.c)  (cost=794 rows=1)
    -> Filter: (sbtest1.id between 1756256 and 1757255)  (cost=371 rows=1838)
        -> Index range scan on sbtest1 using PRIMARY over (1756256 <= id <= 1757255)  (cost=371 rows=1838)


table 2 : explain SELECT count(c) FROM sbtest2 WHERE id BETWEEN 3196420 AND 3197419
	-> Aggregate: count(sbtest2.c)  (cost=809 rows=1)
    -> Filter: (sbtest2.id between 3196420 and 3197419)  (cost=378 rows=1872)
        -> Index range scan on sbtest2 using PRIMARY over (3196420 <= id <= 3197419)  (cost=378 rows=1872)


table 3 : explain SELECT count(c) FROM sbtest3 WHERE id BETWEEN 9593178 AND 9594177
	-> Aggregate: count(sbtest3.c)  (cost=794 rows=1)
    -> Filter: (sbtest3.id between 9593178 and 9594177)  (cost=371 rows=1838)
        -> Index range scan on sbtest3 using PRIMARY over (9593178 <= id <= 9594177)  (cost=371 rows=1838)


table 4 : explain SELECT count(c) FROM sbtest4 WHERE id BETWEEN 6988372 AND 6989371
	-> Aggregate: count(sbtest4.c)  (cost=794 rows=1)
    -> Filter: (sbtest4.id between 6988372 and 6989371)  (cost=371 rows=1838)
        -> Index range scan on sbtest4 using PRIMARY over (6988372 <= id <= 6989371)  (cost=371 rows=1838)


table 5 : explain SELECT count(c) FROM sbtest5 WHERE id BETWEEN 1979017 AND 1980016
	-> Aggregate: count(sbtest5.c)  (cost=794 rows=1)
    -> Filter: (sbtest5.id between 1979017 and 1980016)  (cost=371 rows=1838)
        -> Index range scan on sbtest5 using PRIMARY over (1979017 <= id <= 1980016)  (cost=371 rows=1838)


table 6 : explain SELECT count(c) FROM sbtest6 WHERE id BETWEEN 38215 AND 39214
	-> Aggregate: count(sbtest6.c)  (cost=794 rows=1)
    -> Filter: (sbtest6.id between 38215 and 39214)  (cost=371 rows=1838)
        -> Index range scan on sbtest6 using PRIMARY over (38215 <= id <= 39214)  (cost=371 rows=1838)


table 7 : explain SELECT count(c) FROM sbtest7 WHERE id BETWEEN 3080566 AND 3081565
	-> Aggregate: count(sbtest7.c)  (cost=809 rows=1)
    -> Filter: (sbtest7.id between 3080566 and 3081565)  (cost=378 rows=1872)
        -> Index range scan on sbtest7 using PRIMARY over (3080566 <= id <= 3081565)  (cost=378 rows=1872)


table 8 : explain SELECT count(c) FROM sbtest8 WHERE id BETWEEN 6317619 AND 6318618
	-> Aggregate: count(sbtest8.c)  (cost=809 rows=1)
    -> Filter: (sbtest8.id between 6317619 and 6318618)  (cost=378 rows=1872)
        -> Index range scan on sbtest8 using PRIMARY over (6317619 <= id <= 6318618)  (cost=378 rows=1872)


for: count_ranges
table 1 : explain SELECT count(c) FROM sbtest1 WHERE id BETWEEN 4150072 AND 4151071
	-> Aggregate: count(sbtest1.c)  (cost=794 rows=1)
    -> Filter: (sbtest1.id between 4150072 and 4151071)  (cost=371 rows=1838)
        -> Index range scan on sbtest1 using PRIMARY over (4150072 <= id <= 4151071)  (cost=371 rows=1838)


table 2 : explain SELECT count(c) FROM sbtest2 WHERE id BETWEEN 5471529 AND 5472528
	-> Aggregate: count(sbtest2.c)  (cost=794 rows=1)
    -> Filter: (sbtest2.id between 5471529 and 5472528)  (cost=371 rows=1838)
        -> Index range scan on sbtest2 using PRIMARY over (5471529 <= id <= 5472528)  (cost=371 rows=1838)


table 3 : explain SELECT count(c) FROM sbtest3 WHERE id BETWEEN 4958927 AND 4959926
	-> Aggregate: count(sbtest3.c)  (cost=795 rows=1)
    -> Filter: (sbtest3.id between 4958927 and 4959926)  (cost=371 rows=1840)
        -> Index range scan on sbtest3 using PRIMARY over (4958927 <= id <= 4959926)  (cost=371 rows=1840)


table 4 : explain SELECT count(c) FROM sbtest4 WHERE id BETWEEN 9073457 AND 9074456
	-> Aggregate: count(sbtest4.c)  (cost=794 rows=1)
    -> Filter: (sbtest4.id between 9073457 and 9074456)  (cost=371 rows=1838)
        -> Index range scan on sbtest4 using PRIMARY over (9073457 <= id <= 9074456)  (cost=371 rows=1838)


table 5 : explain SELECT count(c) FROM sbtest5 WHERE id BETWEEN 7257967 AND 7258966
	-> Aggregate: count(sbtest5.c)  (cost=794 rows=1)
    -> Filter: (sbtest5.id between 7257967 and 7258966)  (cost=371 rows=1838)
        -> Index range scan on sbtest5 using PRIMARY over (7257967 <= id <= 7258966)  (cost=371 rows=1838)


table 6 : explain SELECT count(c) FROM sbtest6 WHERE id BETWEEN 1896982 AND 1897981
	-> Aggregate: count(sbtest6.c)  (cost=794 rows=1)
    -> Filter: (sbtest6.id between 1896982 and 1897981)  (cost=371 rows=1838)
        -> Index range scan on sbtest6 using PRIMARY over (1896982 <= id <= 1897981)  (cost=371 rows=1838)


table 7 : explain SELECT count(c) FROM sbtest7 WHERE id BETWEEN 4346553 AND 4347552
	-> Aggregate: count(sbtest7.c)  (cost=794 rows=1)
    -> Filter: (sbtest7.id between 4346553 and 4347552)  (cost=371 rows=1838)
        -> Index range scan on sbtest7 using PRIMARY over (4346553 <= id <= 4347552)  (cost=371 rows=1838)


table 8 : explain SELECT count(c) FROM sbtest8 WHERE id BETWEEN 8319037 AND 8320036
	-> Aggregate: count(sbtest8.c)  (cost=794 rows=1)
    -> Filter: (sbtest8.id between 8319037 and 8320036)  (cost=371 rows=1838)
        -> Index range scan on sbtest8 using PRIMARY over (8319037 <= id <= 8320036)  (cost=371 rows=1838)


for: count_ranges
table 1 : explain SELECT count(c) FROM sbtest1 WHERE id BETWEEN 8134750 AND 8135749
	-> Aggregate: count(sbtest1.c)  (cost=794 rows=1)
    -> Filter: (sbtest1.id between 8134750 and 8135749)  (cost=371 rows=1838)
        -> Index range scan on sbtest1 using PRIMARY over (8134750 <= id <= 8135749)  (cost=371 rows=1838)


table 2 : explain SELECT count(c) FROM sbtest2 WHERE id BETWEEN 2574426 AND 2575425
	-> Aggregate: count(sbtest2.c)  (cost=794 rows=1)
    -> Filter: (sbtest2.id between 2574426 and 2575425)  (cost=371 rows=1838)
        -> Index range scan on sbtest2 using PRIMARY over (2574426 <= id <= 2575425)  (cost=371 rows=1838)


table 3 : explain SELECT count(c) FROM sbtest3 WHERE id BETWEEN 4225464 AND 4226463
	-> Aggregate: count(sbtest3.c)  (cost=794 rows=1)
    -> Filter: (sbtest3.id between 4225464 and 4226463)  (cost=371 rows=1838)
        -> Index range scan on sbtest3 using PRIMARY over (4225464 <= id <= 4226463)  (cost=371 rows=1838)


table 4 : explain SELECT count(c) FROM sbtest4 WHERE id BETWEEN 4101230 AND 4102229
	-> Aggregate: count(sbtest4.c)  (cost=794 rows=1)
    -> Filter: (sbtest4.id between 4101230 and 4102229)  (cost=371 rows=1838)
        -> Index range scan on sbtest4 using PRIMARY over (4101230 <= id <= 4102229)  (cost=371 rows=1838)


table 5 : explain SELECT count(c) FROM sbtest5 WHERE id BETWEEN 4230453 AND 4231452
	-> Aggregate: count(sbtest5.c)  (cost=794 rows=1)
    -> Filter: (sbtest5.id between 4230453 and 4231452)  (cost=371 rows=1838)
        -> Index range scan on sbtest5 using PRIMARY over (4230453 <= id <= 4231452)  (cost=371 rows=1838)


table 6 : explain SELECT count(c) FROM sbtest6 WHERE id BETWEEN 6302687 AND 6303686
	-> Aggregate: count(sbtest6.c)  (cost=794 rows=1)
    -> Filter: (sbtest6.id between 6302687 and 6303686)  (cost=371 rows=1838)
        -> Index range scan on sbtest6 using PRIMARY over (6302687 <= id <= 6303686)  (cost=371 rows=1838)


table 7 : explain SELECT count(c) FROM sbtest7 WHERE id BETWEEN 8294510 AND 8295509
	-> Aggregate: count(sbtest7.c)  (cost=794 rows=1)
    -> Filter: (sbtest7.id between 8294510 and 8295509)  (cost=371 rows=1838)
        -> Index range scan on sbtest7 using PRIMARY over (8294510 <= id <= 8295509)  (cost=371 rows=1838)


table 8 : explain SELECT count(c) FROM sbtest8 WHERE id BETWEEN 6286696 AND 6287695
	-> Aggregate: count(sbtest8.c)  (cost=794 rows=1)
    -> Filter: (sbtest8.id between 6286696 and 6287695)  (cost=371 rows=1838)
        -> Index range scan on sbtest8 using PRIMARY over (6286696 <= id <= 6287695)  (cost=371 rows=1838)


for: count_ranges
table 1 : explain SELECT count(c) FROM sbtest1 WHERE id BETWEEN 8924520 AND 8925519
	-> Aggregate: count(sbtest1.c)  (cost=809 rows=1)
    -> Filter: (sbtest1.id between 8924520 and 8925519)  (cost=378 rows=1872)
        -> Index range scan on sbtest1 using PRIMARY over (8924520 <= id <= 8925519)  (cost=378 rows=1872)


table 2 : explain SELECT count(c) FROM sbtest2 WHERE id BETWEEN 9914620 AND 9915619
	-> Aggregate: count(sbtest2.c)  (cost=809 rows=1)
    -> Filter: (sbtest2.id between 9914620 and 9915619)  (cost=378 rows=1872)
        -> Index range scan on sbtest2 using PRIMARY over (9914620 <= id <= 9915619)  (cost=378 rows=1872)


table 3 : explain SELECT count(c) FROM sbtest3 WHERE id BETWEEN 2610650 AND 2611649
	-> Aggregate: count(sbtest3.c)  (cost=794 rows=1)
    -> Filter: (sbtest3.id between 2610650 and 2611649)  (cost=371 rows=1838)
        -> Index range scan on sbtest3 using PRIMARY over (2610650 <= id <= 2611649)  (cost=371 rows=1838)


table 4 : explain SELECT count(c) FROM sbtest4 WHERE id BETWEEN 5845850 AND 5846849
	-> Aggregate: count(sbtest4.c)  (cost=794 rows=1)
    -> Filter: (sbtest4.id between 5845850 and 5846849)  (cost=371 rows=1838)
        -> Index range scan on sbtest4 using PRIMARY over (5845850 <= id <= 5846849)  (cost=371 rows=1838)


table 5 : explain SELECT count(c) FROM sbtest5 WHERE id BETWEEN 3124043 AND 3125042
	-> Aggregate: count(sbtest5.c)  (cost=794 rows=1)
    -> Filter: (sbtest5.id between 3124043 and 3125042)  (cost=371 rows=1838)
        -> Index range scan on sbtest5 using PRIMARY over (3124043 <= id <= 3125042)  (cost=371 rows=1838)


table 6 : explain SELECT count(c) FROM sbtest6 WHERE id BETWEEN 4203312 AND 4204311
	-> Aggregate: count(sbtest6.c)  (cost=809 rows=1)
    -> Filter: (sbtest6.id between 4203312 and 4204311)  (cost=378 rows=1872)
        -> Index range scan on sbtest6 using PRIMARY over (4203312 <= id <= 4204311)  (cost=378 rows=1872)


table 7 : explain SELECT count(c) FROM sbtest7 WHERE id BETWEEN 7562323 AND 7563322
	-> Aggregate: count(sbtest7.c)  (cost=794 rows=1)
    -> Filter: (sbtest7.id between 7562323 and 7563322)  (cost=371 rows=1838)
        -> Index range scan on sbtest7 using PRIMARY over (7562323 <= id <= 7563322)  (cost=371 rows=1838)


table 8 : explain SELECT count(c) FROM sbtest8 WHERE id BETWEEN 626335 AND 627334
	-> Aggregate: count(sbtest8.c)  (cost=794 rows=1)
    -> Filter: (sbtest8.id between 626335 and 627334)  (cost=371 rows=1838)
        -> Index range scan on sbtest8 using PRIMARY over (626335 <= id <= 627334)  (cost=371 rows=1838)


for: count_ranges
table 1 : explain SELECT count(c) FROM sbtest1 WHERE id BETWEEN 5389867 AND 5390866
	-> Aggregate: count(sbtest1.c)  (cost=809 rows=1)
    -> Filter: (sbtest1.id between 5389867 and 5390866)  (cost=378 rows=1872)
        -> Index range scan on sbtest1 using PRIMARY over (5389867 <= id <= 5390866)  (cost=378 rows=1872)


table 2 : explain SELECT count(c) FROM sbtest2 WHERE id BETWEEN 5808760 AND 5809759
	-> Aggregate: count(sbtest2.c)  (cost=794 rows=1)
    -> Filter: (sbtest2.id between 5808760 and 5809759)  (cost=371 rows=1838)
        -> Index range scan on sbtest2 using PRIMARY over (5808760 <= id <= 5809759)  (cost=371 rows=1838)


table 3 : explain SELECT count(c) FROM sbtest3 WHERE id BETWEEN 4285632 AND 4286631
	-> Aggregate: count(sbtest3.c)  (cost=794 rows=1)
    -> Filter: (sbtest3.id between 4285632 and 4286631)  (cost=371 rows=1838)
        -> Index range scan on sbtest3 using PRIMARY over (4285632 <= id <= 4286631)  (cost=371 rows=1838)


table 4 : explain SELECT count(c) FROM sbtest4 WHERE id BETWEEN 9387396 AND 9388395
	-> Aggregate: count(sbtest4.c)  (cost=794 rows=1)
    -> Filter: (sbtest4.id between 9387396 and 9388395)  (cost=371 rows=1838)
        -> Index range scan on sbtest4 using PRIMARY over (9387396 <= id <= 9388395)  (cost=371 rows=1838)


table 5 : explain SELECT count(c) FROM sbtest5 WHERE id BETWEEN 8264661 AND 8265660
	-> Aggregate: count(sbtest5.c)  (cost=809 rows=1)
    -> Filter: (sbtest5.id between 8264661 and 8265660)  (cost=378 rows=1872)
        -> Index range scan on sbtest5 using PRIMARY over (8264661 <= id <= 8265660)  (cost=378 rows=1872)


table 6 : explain SELECT count(c) FROM sbtest6 WHERE id BETWEEN 8019087 AND 8020086
	-> Aggregate: count(sbtest6.c)  (cost=795 rows=1)
    -> Filter: (sbtest6.id between 8019087 and 8020086)  (cost=371 rows=1840)
        -> Index range scan on sbtest6 using PRIMARY over (8019087 <= id <= 8020086)  (cost=371 rows=1840)


table 7 : explain SELECT count(c) FROM sbtest7 WHERE id BETWEEN 4114193 AND 4115192
	-> Aggregate: count(sbtest7.c)  (cost=809 rows=1)
    -> Filter: (sbtest7.id between 4114193 and 4115192)  (cost=378 rows=1872)
        -> Index range scan on sbtest7 using PRIMARY over (4114193 <= id <= 4115192)  (cost=378 rows=1872)


table 8 : explain SELECT count(c) FROM sbtest8 WHERE id BETWEEN 9470407 AND 9471406
	-> Aggregate: count(sbtest8.c)  (cost=809 rows=1)
    -> Filter: (sbtest8.id between 9470407 and 9471406)  (cost=378 rows=1872)
        -> Index range scan on sbtest8 using PRIMARY over (9470407 <= id <= 9471406)  (cost=378 rows=1872)


for: count_ranges
table 1 : explain SELECT count(c) FROM sbtest1 WHERE id BETWEEN 5947225 AND 5948224
	-> Aggregate: count(sbtest1.c)  (cost=794 rows=1)
    -> Filter: (sbtest1.id between 5947225 and 5948224)  (cost=371 rows=1838)
        -> Index range scan on sbtest1 using PRIMARY over (5947225 <= id <= 5948224)  (cost=371 rows=1838)


table 2 : explain SELECT count(c) FROM sbtest2 WHERE id BETWEEN 2528885 AND 2529884
	-> Aggregate: count(sbtest2.c)  (cost=794 rows=1)
    -> Filter: (sbtest2.id between 2528885 and 2529884)  (cost=371 rows=1838)
        -> Index range scan on sbtest2 using PRIMARY over (2528885 <= id <= 2529884)  (cost=371 rows=1838)


table 3 : explain SELECT count(c) FROM sbtest3 WHERE id BETWEEN 6391760 AND 6392759
	-> Aggregate: count(sbtest3.c)  (cost=794 rows=1)
    -> Filter: (sbtest3.id between 6391760 and 6392759)  (cost=371 rows=1838)
        -> Index range scan on sbtest3 using PRIMARY over (6391760 <= id <= 6392759)  (cost=371 rows=1838)


table 4 : explain SELECT count(c) FROM sbtest4 WHERE id BETWEEN 9704069 AND 9705068
	-> Aggregate: count(sbtest4.c)  (cost=794 rows=1)
    -> Filter: (sbtest4.id between 9704069 and 9705068)  (cost=371 rows=1838)
        -> Index range scan on sbtest4 using PRIMARY over (9704069 <= id <= 9705068)  (cost=371 rows=1838)


table 5 : explain SELECT count(c) FROM sbtest5 WHERE id BETWEEN 2626839 AND 2627838
	-> Aggregate: count(sbtest5.c)  (cost=794 rows=1)
    -> Filter: (sbtest5.id between 2626839 and 2627838)  (cost=371 rows=1838)
        -> Index range scan on sbtest5 using PRIMARY over (2626839 <= id <= 2627838)  (cost=371 rows=1838)


table 6 : explain SELECT count(c) FROM sbtest6 WHERE id BETWEEN 1250775 AND 1251774
	-> Aggregate: count(sbtest6.c)  (cost=794 rows=1)
    -> Filter: (sbtest6.id between 1250775 and 1251774)  (cost=371 rows=1838)
        -> Index range scan on sbtest6 using PRIMARY over (1250775 <= id <= 1251774)  (cost=371 rows=1838)


table 7 : explain SELECT count(c) FROM sbtest7 WHERE id BETWEEN 157446 AND 158445
	-> Aggregate: count(sbtest7.c)  (cost=809 rows=1)
    -> Filter: (sbtest7.id between 157446 and 158445)  (cost=378 rows=1872)
        -> Index range scan on sbtest7 using PRIMARY over (157446 <= id <= 158445)  (cost=378 rows=1872)


table 8 : explain SELECT count(c) FROM sbtest8 WHERE id BETWEEN 663327 AND 664326
	-> Aggregate: count(sbtest8.c)  (cost=809 rows=1)
    -> Filter: (sbtest8.id between 663327 and 664326)  (cost=378 rows=1872)
        -> Index range scan on sbtest8 using PRIMARY over (663327 <= id <= 664326)  (cost=378 rows=1872)


for: count_ranges
table 1 : explain SELECT count(c) FROM sbtest1 WHERE id BETWEEN 4963780 AND 4964779
	-> Aggregate: count(sbtest1.c)  (cost=794 rows=1)
    -> Filter: (sbtest1.id between 4963780 and 4964779)  (cost=371 rows=1838)
        -> Index range scan on sbtest1 using PRIMARY over (4963780 <= id <= 4964779)  (cost=371 rows=1838)


table 2 : explain SELECT count(c) FROM sbtest2 WHERE id BETWEEN 4277603 AND 4278602
	-> Aggregate: count(sbtest2.c)  (cost=794 rows=1)
    -> Filter: (sbtest2.id between 4277603 and 4278602)  (cost=371 rows=1838)
        -> Index range scan on sbtest2 using PRIMARY over (4277603 <= id <= 4278602)  (cost=371 rows=1838)


table 3 : explain SELECT count(c) FROM sbtest3 WHERE id BETWEEN 665040 AND 666039
	-> Aggregate: count(sbtest3.c)  (cost=794 rows=1)
    -> Filter: (sbtest3.id between 665040 and 666039)  (cost=371 rows=1838)
        -> Index range scan on sbtest3 using PRIMARY over (665040 <= id <= 666039)  (cost=371 rows=1838)


table 4 : explain SELECT count(c) FROM sbtest4 WHERE id BETWEEN 9575507 AND 9576506
	-> Aggregate: count(sbtest4.c)  (cost=794 rows=1)
    -> Filter: (sbtest4.id between 9575507 and 9576506)  (cost=371 rows=1838)
        -> Index range scan on sbtest4 using PRIMARY over (9575507 <= id <= 9576506)  (cost=371 rows=1838)


table 5 : explain SELECT count(c) FROM sbtest5 WHERE id BETWEEN 6581583 AND 6582582
	-> Aggregate: count(sbtest5.c)  (cost=809 rows=1)
    -> Filter: (sbtest5.id between 6581583 and 6582582)  (cost=378 rows=1872)
        -> Index range scan on sbtest5 using PRIMARY over (6581583 <= id <= 6582582)  (cost=378 rows=1872)


table 6 : explain SELECT count(c) FROM sbtest6 WHERE id BETWEEN 9816828 AND 9817827
	-> Aggregate: count(sbtest6.c)  (cost=794 rows=1)
    -> Filter: (sbtest6.id between 9816828 and 9817827)  (cost=371 rows=1838)
        -> Index range scan on sbtest6 using PRIMARY over (9816828 <= id <= 9817827)  (cost=371 rows=1838)


table 7 : explain SELECT count(c) FROM sbtest7 WHERE id BETWEEN 2276725 AND 2277724
	-> Aggregate: count(sbtest7.c)  (cost=794 rows=1)
    -> Filter: (sbtest7.id between 2276725 and 2277724)  (cost=371 rows=1838)
        -> Index range scan on sbtest7 using PRIMARY over (2276725 <= id <= 2277724)  (cost=371 rows=1838)


table 8 : explain SELECT count(c) FROM sbtest8 WHERE id BETWEEN 1103638 AND 1104637
	-> Aggregate: count(sbtest8.c)  (cost=794 rows=1)
    -> Filter: (sbtest8.id between 1103638 and 1104637)  (cost=371 rows=1838)
        -> Index range scan on sbtest8 using PRIMARY over (1103638 <= id <= 1104637)  (cost=371 rows=1838)


for: count_ranges
table 1 : explain SELECT count(c) FROM sbtest1 WHERE id BETWEEN 6124081 AND 6125080
	-> Aggregate: count(sbtest1.c)  (cost=809 rows=1)
    -> Filter: (sbtest1.id between 6124081 and 6125080)  (cost=378 rows=1872)
        -> Index range scan on sbtest1 using PRIMARY over (6124081 <= id <= 6125080)  (cost=378 rows=1872)


table 2 : explain SELECT count(c) FROM sbtest2 WHERE id BETWEEN 4474563 AND 4475562
	-> Aggregate: count(sbtest2.c)  (cost=794 rows=1)
    -> Filter: (sbtest2.id between 4474563 and 4475562)  (cost=371 rows=1838)
        -> Index range scan on sbtest2 using PRIMARY over (4474563 <= id <= 4475562)  (cost=371 rows=1838)


table 3 : explain SELECT count(c) FROM sbtest3 WHERE id BETWEEN 2675568 AND 2676567
	-> Aggregate: count(sbtest3.c)  (cost=809 rows=1)
    -> Filter: (sbtest3.id between 2675568 and 2676567)  (cost=378 rows=1872)
        -> Index range scan on sbtest3 using PRIMARY over (2675568 <= id <= 2676567)  (cost=378 rows=1872)


table 4 : explain SELECT count(c) FROM sbtest4 WHERE id BETWEEN 7813694 AND 7814693
	-> Aggregate: count(sbtest4.c)  (cost=794 rows=1)
    -> Filter: (sbtest4.id between 7813694 and 7814693)  (cost=371 rows=1838)
        -> Index range scan on sbtest4 using PRIMARY over (7813694 <= id <= 7814693)  (cost=371 rows=1838)


table 5 : explain SELECT count(c) FROM sbtest5 WHERE id BETWEEN 4738294 AND 4739293
	-> Aggregate: count(sbtest5.c)  (cost=794 rows=1)
    -> Filter: (sbtest5.id between 4738294 and 4739293)  (cost=371 rows=1838)
        -> Index range scan on sbtest5 using PRIMARY over (4738294 <= id <= 4739293)  (cost=371 rows=1838)


table 6 : explain SELECT count(c) FROM sbtest6 WHERE id BETWEEN 1100347 AND 1101346
	-> Aggregate: count(sbtest6.c)  (cost=794 rows=1)
    -> Filter: (sbtest6.id between 1100347 and 1101346)  (cost=371 rows=1838)
        -> Index range scan on sbtest6 using PRIMARY over (1100347 <= id <= 1101346)  (cost=371 rows=1838)


table 7 : explain SELECT count(c) FROM sbtest7 WHERE id BETWEEN 5983936 AND 5984935
	-> Aggregate: count(sbtest7.c)  (cost=809 rows=1)
    -> Filter: (sbtest7.id between 5983936 and 5984935)  (cost=378 rows=1872)
        -> Index range scan on sbtest7 using PRIMARY over (5983936 <= id <= 5984935)  (cost=378 rows=1872)


table 8 : explain SELECT count(c) FROM sbtest8 WHERE id BETWEEN 2903094 AND 2904093
	-> Aggregate: count(sbtest8.c)  (cost=794 rows=1)
    -> Filter: (sbtest8.id between 2903094 and 2904093)  (cost=371 rows=1838)
        -> Index range scan on sbtest8 using PRIMARY over (2903094 <= id <= 2904093)  (cost=371 rows=1838)


for: count_ranges
table 1 : explain SELECT count(c) FROM sbtest1 WHERE id BETWEEN 822619 AND 823618
	-> Aggregate: count(sbtest1.c)  (cost=809 rows=1)
    -> Filter: (sbtest1.id between 822619 and 823618)  (cost=378 rows=1872)
        -> Index range scan on sbtest1 using PRIMARY over (822619 <= id <= 823618)  (cost=378 rows=1872)


table 2 : explain SELECT count(c) FROM sbtest2 WHERE id BETWEEN 3766222 AND 3767221
	-> Aggregate: count(sbtest2.c)  (cost=794 rows=1)
    -> Filter: (sbtest2.id between 3766222 and 3767221)  (cost=371 rows=1838)
        -> Index range scan on sbtest2 using PRIMARY over (3766222 <= id <= 3767221)  (cost=371 rows=1838)


table 3 : explain SELECT count(c) FROM sbtest3 WHERE id BETWEEN 3563305 AND 3564304
	-> Aggregate: count(sbtest3.c)  (cost=794 rows=1)
    -> Filter: (sbtest3.id between 3563305 and 3564304)  (cost=371 rows=1838)
        -> Index range scan on sbtest3 using PRIMARY over (3563305 <= id <= 3564304)  (cost=371 rows=1838)


table 4 : explain SELECT count(c) FROM sbtest4 WHERE id BETWEEN 4988198 AND 4989197
	-> Aggregate: count(sbtest4.c)  (cost=794 rows=1)
    -> Filter: (sbtest4.id between 4988198 and 4989197)  (cost=371 rows=1838)
        -> Index range scan on sbtest4 using PRIMARY over (4988198 <= id <= 4989197)  (cost=371 rows=1838)


table 5 : explain SELECT count(c) FROM sbtest5 WHERE id BETWEEN 9090157 AND 9091156
	-> Aggregate: count(sbtest5.c)  (cost=809 rows=1)
    -> Filter: (sbtest5.id between 9090157 and 9091156)  (cost=378 rows=1872)
        -> Index range scan on sbtest5 using PRIMARY over (9090157 <= id <= 9091156)  (cost=378 rows=1872)


table 6 : explain SELECT count(c) FROM sbtest6 WHERE id BETWEEN 7167134 AND 7168133
	-> Aggregate: count(sbtest6.c)  (cost=794 rows=1)
    -> Filter: (sbtest6.id between 7167134 and 7168133)  (cost=371 rows=1838)
        -> Index range scan on sbtest6 using PRIMARY over (7167134 <= id <= 7168133)  (cost=371 rows=1838)


table 7 : explain SELECT count(c) FROM sbtest7 WHERE id BETWEEN 7981507 AND 7982506
	-> Aggregate: count(sbtest7.c)  (cost=809 rows=1)
    -> Filter: (sbtest7.id between 7981507 and 7982506)  (cost=378 rows=1872)
        -> Index range scan on sbtest7 using PRIMARY over (7981507 <= id <= 7982506)  (cost=378 rows=1872)


table 8 : explain SELECT count(c) FROM sbtest8 WHERE id BETWEEN 2066482 AND 2067481
	-> Aggregate: count(sbtest8.c)  (cost=794 rows=1)
    -> Filter: (sbtest8.id between 2066482 and 2067481)  (cost=371 rows=1838)
        -> Index range scan on sbtest8 using PRIMARY over (2066482 <= id <= 2067481)  (cost=371 rows=1838)


for: count_ranges
table 1 : explain SELECT count(c) FROM sbtest1 WHERE id BETWEEN 5229365 AND 5230364
	-> Aggregate: count(sbtest1.c)  (cost=794 rows=1)
    -> Filter: (sbtest1.id between 5229365 and 5230364)  (cost=371 rows=1838)
        -> Index range scan on sbtest1 using PRIMARY over (5229365 <= id <= 5230364)  (cost=371 rows=1838)


table 2 : explain SELECT count(c) FROM sbtest2 WHERE id BETWEEN 6834350 AND 6835349
	-> Aggregate: count(sbtest2.c)  (cost=794 rows=1)
    -> Filter: (sbtest2.id between 6834350 and 6835349)  (cost=371 rows=1838)
        -> Index range scan on sbtest2 using PRIMARY over (6834350 <= id <= 6835349)  (cost=371 rows=1838)


table 3 : explain SELECT count(c) FROM sbtest3 WHERE id BETWEEN 8402455 AND 8403454
	-> Aggregate: count(sbtest3.c)  (cost=794 rows=1)
    -> Filter: (sbtest3.id between 8402455 and 8403454)  (cost=371 rows=1838)
        -> Index range scan on sbtest3 using PRIMARY over (8402455 <= id <= 8403454)  (cost=371 rows=1838)


table 4 : explain SELECT count(c) FROM sbtest4 WHERE id BETWEEN 7813358 AND 7814357
	-> Aggregate: count(sbtest4.c)  (cost=794 rows=1)
    -> Filter: (sbtest4.id between 7813358 and 7814357)  (cost=371 rows=1838)
        -> Index range scan on sbtest4 using PRIMARY over (7813358 <= id <= 7814357)  (cost=371 rows=1838)


table 5 : explain SELECT count(c) FROM sbtest5 WHERE id BETWEEN 4952464 AND 4953463
	-> Aggregate: count(sbtest5.c)  (cost=794 rows=1)
    -> Filter: (sbtest5.id between 4952464 and 4953463)  (cost=371 rows=1838)
        -> Index range scan on sbtest5 using PRIMARY over (4952464 <= id <= 4953463)  (cost=371 rows=1838)


table 6 : explain SELECT count(c) FROM sbtest6 WHERE id BETWEEN 6505605 AND 6506604
	-> Aggregate: count(sbtest6.c)  (cost=794 rows=1)
    -> Filter: (sbtest6.id between 6505605 and 6506604)  (cost=371 rows=1838)
        -> Index range scan on sbtest6 using PRIMARY over (6505605 <= id <= 6506604)  (cost=371 rows=1838)


table 7 : explain SELECT count(c) FROM sbtest7 WHERE id BETWEEN 6482407 AND 6483406
	-> Aggregate: count(sbtest7.c)  (cost=794 rows=1)
    -> Filter: (sbtest7.id between 6482407 and 6483406)  (cost=371 rows=1838)
        -> Index range scan on sbtest7 using PRIMARY over (6482407 <= id <= 6483406)  (cost=371 rows=1838)


table 8 : explain SELECT count(c) FROM sbtest8 WHERE id BETWEEN 2375311 AND 2376310
	-> Aggregate: count(sbtest8.c)  (cost=795 rows=1)
    -> Filter: (sbtest8.id between 2375311 and 2376310)  (cost=371 rows=1840)
        -> Index range scan on sbtest8 using PRIMARY over (2375311 <= id <= 2376310)  (cost=371 rows=1840)


for: count_ranges
table 1 : explain SELECT count(c) FROM sbtest1 WHERE id BETWEEN 2886166 AND 2887165
	-> Aggregate: count(sbtest1.c)  (cost=809 rows=1)
    -> Filter: (sbtest1.id between 2886166 and 2887165)  (cost=378 rows=1872)
        -> Index range scan on sbtest1 using PRIMARY over (2886166 <= id <= 2887165)  (cost=378 rows=1872)


table 2 : explain SELECT count(c) FROM sbtest2 WHERE id BETWEEN 9618813 AND 9619812
	-> Aggregate: count(sbtest2.c)  (cost=809 rows=1)
    -> Filter: (sbtest2.id between 9618813 and 9619812)  (cost=378 rows=1872)
        -> Index range scan on sbtest2 using PRIMARY over (9618813 <= id <= 9619812)  (cost=378 rows=1872)


table 3 : explain SELECT count(c) FROM sbtest3 WHERE id BETWEEN 1943726 AND 1944725
	-> Aggregate: count(sbtest3.c)  (cost=794 rows=1)
    -> Filter: (sbtest3.id between 1943726 and 1944725)  (cost=371 rows=1838)
        -> Index range scan on sbtest3 using PRIMARY over (1943726 <= id <= 1944725)  (cost=371 rows=1838)


table 4 : explain SELECT count(c) FROM sbtest4 WHERE id BETWEEN 1795571 AND 1796570
	-> Aggregate: count(sbtest4.c)  (cost=794 rows=1)
    -> Filter: (sbtest4.id between 1795571 and 1796570)  (cost=371 rows=1838)
        -> Index range scan on sbtest4 using PRIMARY over (1795571 <= id <= 1796570)  (cost=371 rows=1838)


table 5 : explain SELECT count(c) FROM sbtest5 WHERE id BETWEEN 8515568 AND 8516567
	-> Aggregate: count(sbtest5.c)  (cost=809 rows=1)
    -> Filter: (sbtest5.id between 8515568 and 8516567)  (cost=378 rows=1872)
        -> Index range scan on sbtest5 using PRIMARY over (8515568 <= id <= 8516567)  (cost=378 rows=1872)


table 6 : explain SELECT count(c) FROM sbtest6 WHERE id BETWEEN 6920459 AND 6921458
	-> Aggregate: count(sbtest6.c)  (cost=809 rows=1)
    -> Filter: (sbtest6.id between 6920459 and 6921458)  (cost=378 rows=1872)
        -> Index range scan on sbtest6 using PRIMARY over (6920459 <= id <= 6921458)  (cost=378 rows=1872)


table 7 : explain SELECT count(c) FROM sbtest7 WHERE id BETWEEN 7737334 AND 7738333
	-> Aggregate: count(sbtest7.c)  (cost=794 rows=1)
    -> Filter: (sbtest7.id between 7737334 and 7738333)  (cost=371 rows=1838)
        -> Index range scan on sbtest7 using PRIMARY over (7737334 <= id <= 7738333)  (cost=371 rows=1838)


table 8 : explain SELECT count(c) FROM sbtest8 WHERE id BETWEEN 5242620 AND 5243619
	-> Aggregate: count(sbtest8.c)  (cost=809 rows=1)
    -> Filter: (sbtest8.id between 5242620 and 5243619)  (cost=378 rows=1872)
        -> Index range scan on sbtest8 using PRIMARY over (5242620 <= id <= 5243619)  (cost=378 rows=1872)


for: count_ranges
table 1 : explain SELECT count(c) FROM sbtest1 WHERE id BETWEEN 2933704 AND 2934703
	-> Aggregate: count(sbtest1.c)  (cost=809 rows=1)
    -> Filter: (sbtest1.id between 2933704 and 2934703)  (cost=378 rows=1872)
        -> Index range scan on sbtest1 using PRIMARY over (2933704 <= id <= 2934703)  (cost=378 rows=1872)


table 2 : explain SELECT count(c) FROM sbtest2 WHERE id BETWEEN 1459399 AND 1460398
	-> Aggregate: count(sbtest2.c)  (cost=809 rows=1)
    -> Filter: (sbtest2.id between 1459399 and 1460398)  (cost=378 rows=1872)
        -> Index range scan on sbtest2 using PRIMARY over (1459399 <= id <= 1460398)  (cost=378 rows=1872)


table 3 : explain SELECT count(c) FROM sbtest3 WHERE id BETWEEN 2149351 AND 2150350
	-> Aggregate: count(sbtest3.c)  (cost=794 rows=1)
    -> Filter: (sbtest3.id between 2149351 and 2150350)  (cost=371 rows=1838)
        -> Index range scan on sbtest3 using PRIMARY over (2149351 <= id <= 2150350)  (cost=371 rows=1838)


table 4 : explain SELECT count(c) FROM sbtest4 WHERE id BETWEEN 2294625 AND 2295624
	-> Aggregate: count(sbtest4.c)  (cost=794 rows=1)
    -> Filter: (sbtest4.id between 2294625 and 2295624)  (cost=371 rows=1838)
        -> Index range scan on sbtest4 using PRIMARY over (2294625 <= id <= 2295624)  (cost=371 rows=1838)


table 5 : explain SELECT count(c) FROM sbtest5 WHERE id BETWEEN 4243874 AND 4244873
	-> Aggregate: count(sbtest5.c)  (cost=794 rows=1)
    -> Filter: (sbtest5.id between 4243874 and 4244873)  (cost=371 rows=1838)
        -> Index range scan on sbtest5 using PRIMARY over (4243874 <= id <= 4244873)  (cost=371 rows=1838)


table 6 : explain SELECT count(c) FROM sbtest6 WHERE id BETWEEN 5474077 AND 5475076
	-> Aggregate: count(sbtest6.c)  (cost=794 rows=1)
    -> Filter: (sbtest6.id between 5474077 and 5475076)  (cost=371 rows=1838)
        -> Index range scan on sbtest6 using PRIMARY over (5474077 <= id <= 5475076)  (cost=371 rows=1838)


table 7 : explain SELECT count(c) FROM sbtest7 WHERE id BETWEEN 7462941 AND 7463940
	-> Aggregate: count(sbtest7.c)  (cost=794 rows=1)
    -> Filter: (sbtest7.id between 7462941 and 7463940)  (cost=371 rows=1838)
        -> Index range scan on sbtest7 using PRIMARY over (7462941 <= id <= 7463940)  (cost=371 rows=1838)


table 8 : explain SELECT count(c) FROM sbtest8 WHERE id BETWEEN 3959055 AND 3960054
	-> Aggregate: count(sbtest8.c)  (cost=809 rows=1)
    -> Filter: (sbtest8.id between 3959055 and 3960054)  (cost=378 rows=1872)
        -> Index range scan on sbtest8 using PRIMARY over (3959055 <= id <= 3960054)  (cost=378 rows=1872)


for: count_ranges
table 1 : explain SELECT count(c) FROM sbtest1 WHERE id BETWEEN 5677715 AND 5678714
	-> Aggregate: count(sbtest1.c)  (cost=794 rows=1)
    -> Filter: (sbtest1.id between 5677715 and 5678714)  (cost=371 rows=1838)
        -> Index range scan on sbtest1 using PRIMARY over (5677715 <= id <= 5678714)  (cost=371 rows=1838)


table 2 : explain SELECT count(c) FROM sbtest2 WHERE id BETWEEN 3420352 AND 3421351
	-> Aggregate: count(sbtest2.c)  (cost=794 rows=1)
    -> Filter: (sbtest2.id between 3420352 and 3421351)  (cost=371 rows=1838)
        -> Index range scan on sbtest2 using PRIMARY over (3420352 <= id <= 3421351)  (cost=371 rows=1838)


table 3 : explain SELECT count(c) FROM sbtest3 WHERE id BETWEEN 5874105 AND 5875104
	-> Aggregate: count(sbtest3.c)  (cost=794 rows=1)
    -> Filter: (sbtest3.id between 5874105 and 5875104)  (cost=371 rows=1838)
        -> Index range scan on sbtest3 using PRIMARY over (5874105 <= id <= 5875104)  (cost=371 rows=1838)


table 4 : explain SELECT count(c) FROM sbtest4 WHERE id BETWEEN 5720317 AND 5721316
	-> Aggregate: count(sbtest4.c)  (cost=795 rows=1)
    -> Filter: (sbtest4.id between 5720317 and 5721316)  (cost=371 rows=1840)
        -> Index range scan on sbtest4 using PRIMARY over (5720317 <= id <= 5721316)  (cost=371 rows=1840)


table 5 : explain SELECT count(c) FROM sbtest5 WHERE id BETWEEN 8961668 AND 8962667
	-> Aggregate: count(sbtest5.c)  (cost=809 rows=1)
    -> Filter: (sbtest5.id between 8961668 and 8962667)  (cost=378 rows=1872)
        -> Index range scan on sbtest5 using PRIMARY over (8961668 <= id <= 8962667)  (cost=378 rows=1872)


table 6 : explain SELECT count(c) FROM sbtest6 WHERE id BETWEEN 8136841 AND 8137840
	-> Aggregate: count(sbtest6.c)  (cost=809 rows=1)
    -> Filter: (sbtest6.id between 8136841 and 8137840)  (cost=378 rows=1872)
        -> Index range scan on sbtest6 using PRIMARY over (8136841 <= id <= 8137840)  (cost=378 rows=1872)


table 7 : explain SELECT count(c) FROM sbtest7 WHERE id BETWEEN 4738237 AND 4739236
	-> Aggregate: count(sbtest7.c)  (cost=794 rows=1)
    -> Filter: (sbtest7.id between 4738237 and 4739236)  (cost=371 rows=1838)
        -> Index range scan on sbtest7 using PRIMARY over (4738237 <= id <= 4739236)  (cost=371 rows=1838)


table 8 : explain SELECT count(c) FROM sbtest8 WHERE id BETWEEN 2926175 AND 2927174
	-> Aggregate: count(sbtest8.c)  (cost=809 rows=1)
    -> Filter: (sbtest8.id between 2926175 and 2927174)  (cost=378 rows=1872)
        -> Index range scan on sbtest8 using PRIMARY over (2926175 <= id <= 2927174)  (cost=378 rows=1872)


for: count_ranges
table 1 : explain SELECT count(c) FROM sbtest1 WHERE id BETWEEN 5730544 AND 5731543
	-> Aggregate: count(sbtest1.c)  (cost=809 rows=1)
    -> Filter: (sbtest1.id between 5730544 and 5731543)  (cost=378 rows=1872)
        -> Index range scan on sbtest1 using PRIMARY over (5730544 <= id <= 5731543)  (cost=378 rows=1872)


table 2 : explain SELECT count(c) FROM sbtest2 WHERE id BETWEEN 8178319 AND 8179318
	-> Aggregate: count(sbtest2.c)  (cost=809 rows=1)
    -> Filter: (sbtest2.id between 8178319 and 8179318)  (cost=378 rows=1872)
        -> Index range scan on sbtest2 using PRIMARY over (8178319 <= id <= 8179318)  (cost=378 rows=1872)


table 3 : explain SELECT count(c) FROM sbtest3 WHERE id BETWEEN 2854863 AND 2855862
	-> Aggregate: count(sbtest3.c)  (cost=809 rows=1)
    -> Filter: (sbtest3.id between 2854863 and 2855862)  (cost=378 rows=1872)
        -> Index range scan on sbtest3 using PRIMARY over (2854863 <= id <= 2855862)  (cost=378 rows=1872)


table 4 : explain SELECT count(c) FROM sbtest4 WHERE id BETWEEN 3761549 AND 3762548
	-> Aggregate: count(sbtest4.c)  (cost=794 rows=1)
    -> Filter: (sbtest4.id between 3761549 and 3762548)  (cost=371 rows=1838)
        -> Index range scan on sbtest4 using PRIMARY over (3761549 <= id <= 3762548)  (cost=371 rows=1838)


table 5 : explain SELECT count(c) FROM sbtest5 WHERE id BETWEEN 2690594 AND 2691593
	-> Aggregate: count(sbtest5.c)  (cost=794 rows=1)
    -> Filter: (sbtest5.id between 2690594 and 2691593)  (cost=371 rows=1838)
        -> Index range scan on sbtest5 using PRIMARY over (2690594 <= id <= 2691593)  (cost=371 rows=1838)


table 6 : explain SELECT count(c) FROM sbtest6 WHERE id BETWEEN 7507688 AND 7508687
	-> Aggregate: count(sbtest6.c)  (cost=794 rows=1)
    -> Filter: (sbtest6.id between 7507688 and 7508687)  (cost=371 rows=1838)
        -> Index range scan on sbtest6 using PRIMARY over (7507688 <= id <= 7508687)  (cost=371 rows=1838)


table 7 : explain SELECT count(c) FROM sbtest7 WHERE id BETWEEN 4280283 AND 4281282
	-> Aggregate: count(sbtest7.c)  (cost=794 rows=1)
    -> Filter: (sbtest7.id between 4280283 and 4281282)  (cost=371 rows=1838)
        -> Index range scan on sbtest7 using PRIMARY over (4280283 <= id <= 4281282)  (cost=371 rows=1838)


table 8 : explain SELECT count(c) FROM sbtest8 WHERE id BETWEEN 4087654 AND 4088653
	-> Aggregate: count(sbtest8.c)  (cost=794 rows=1)
    -> Filter: (sbtest8.id between 4087654 and 4088653)  (cost=371 rows=1838)
        -> Index range scan on sbtest8 using PRIMARY over (4087654 <= id <= 4088653)  (cost=371 rows=1838)


for: count_ranges
table 1 : explain SELECT count(c) FROM sbtest1 WHERE id BETWEEN 4372523 AND 4373522
	-> Aggregate: count(sbtest1.c)  (cost=809 rows=1)
    -> Filter: (sbtest1.id between 4372523 and 4373522)  (cost=378 rows=1872)
        -> Index range scan on sbtest1 using PRIMARY over (4372523 <= id <= 4373522)  (cost=378 rows=1872)


table 2 : explain SELECT count(c) FROM sbtest2 WHERE id BETWEEN 4533111 AND 4534110
	-> Aggregate: count(sbtest2.c)  (cost=794 rows=1)
    -> Filter: (sbtest2.id between 4533111 and 4534110)  (cost=371 rows=1838)
        -> Index range scan on sbtest2 using PRIMARY over (4533111 <= id <= 4534110)  (cost=371 rows=1838)


table 3 : explain SELECT count(c) FROM sbtest3 WHERE id BETWEEN 5610164 AND 5611163
	-> Aggregate: count(sbtest3.c)  (cost=809 rows=1)
    -> Filter: (sbtest3.id between 5610164 and 5611163)  (cost=378 rows=1872)
        -> Index range scan on sbtest3 using PRIMARY over (5610164 <= id <= 5611163)  (cost=378 rows=1872)


table 4 : explain SELECT count(c) FROM sbtest4 WHERE id BETWEEN 1404448 AND 1405447
	-> Aggregate: count(sbtest4.c)  (cost=794 rows=1)
    -> Filter: (sbtest4.id between 1404448 and 1405447)  (cost=371 rows=1838)
        -> Index range scan on sbtest4 using PRIMARY over (1404448 <= id <= 1405447)  (cost=371 rows=1838)


table 5 : explain SELECT count(c) FROM sbtest5 WHERE id BETWEEN 2044669 AND 2045668
	-> Aggregate: count(sbtest5.c)  (cost=794 rows=1)
    -> Filter: (sbtest5.id between 2044669 and 2045668)  (cost=371 rows=1838)
        -> Index range scan on sbtest5 using PRIMARY over (2044669 <= id <= 2045668)  (cost=371 rows=1838)


table 6 : explain SELECT count(c) FROM sbtest6 WHERE id BETWEEN 3716763 AND 3717762
	-> Aggregate: count(sbtest6.c)  (cost=809 rows=1)
    -> Filter: (sbtest6.id between 3716763 and 3717762)  (cost=378 rows=1872)
        -> Index range scan on sbtest6 using PRIMARY over (3716763 <= id <= 3717762)  (cost=378 rows=1872)


table 7 : explain SELECT count(c) FROM sbtest7 WHERE id BETWEEN 3232072 AND 3233071
	-> Aggregate: count(sbtest7.c)  (cost=794 rows=1)
    -> Filter: (sbtest7.id between 3232072 and 3233071)  (cost=371 rows=1838)
        -> Index range scan on sbtest7 using PRIMARY over (3232072 <= id <= 3233071)  (cost=371 rows=1838)


table 8 : explain SELECT count(c) FROM sbtest8 WHERE id BETWEEN 4169922 AND 4170921
	-> Aggregate: count(sbtest8.c)  (cost=794 rows=1)
    -> Filter: (sbtest8.id between 4169922 and 4170921)  (cost=371 rows=1838)
        -> Index range scan on sbtest8 using PRIMARY over (4169922 <= id <= 4170921)  (cost=371 rows=1838)


for: count_ranges
table 1 : explain SELECT count(c) FROM sbtest1 WHERE id BETWEEN 2896075 AND 2897074
	-> Aggregate: count(sbtest1.c)  (cost=794 rows=1)
    -> Filter: (sbtest1.id between 2896075 and 2897074)  (cost=371 rows=1838)
        -> Index range scan on sbtest1 using PRIMARY over (2896075 <= id <= 2897074)  (cost=371 rows=1838)


table 2 : explain SELECT count(c) FROM sbtest2 WHERE id BETWEEN 3055342 AND 3056341
	-> Aggregate: count(sbtest2.c)  (cost=794 rows=1)
    -> Filter: (sbtest2.id between 3055342 and 3056341)  (cost=371 rows=1838)
        -> Index range scan on sbtest2 using PRIMARY over (3055342 <= id <= 3056341)  (cost=371 rows=1838)


table 3 : explain SELECT count(c) FROM sbtest3 WHERE id BETWEEN 8396047 AND 8397046
	-> Aggregate: count(sbtest3.c)  (cost=794 rows=1)
    -> Filter: (sbtest3.id between 8396047 and 8397046)  (cost=371 rows=1838)
        -> Index range scan on sbtest3 using PRIMARY over (8396047 <= id <= 8397046)  (cost=371 rows=1838)


table 4 : explain SELECT count(c) FROM sbtest4 WHERE id BETWEEN 9713829 AND 9714828
	-> Aggregate: count(sbtest4.c)  (cost=794 rows=1)
    -> Filter: (sbtest4.id between 9713829 and 9714828)  (cost=371 rows=1838)
        -> Index range scan on sbtest4 using PRIMARY over (9713829 <= id <= 9714828)  (cost=371 rows=1838)


table 5 : explain SELECT count(c) FROM sbtest5 WHERE id BETWEEN 7052903 AND 7053902
	-> Aggregate: count(sbtest5.c)  (cost=794 rows=1)
    -> Filter: (sbtest5.id between 7052903 and 7053902)  (cost=371 rows=1838)
        -> Index range scan on sbtest5 using PRIMARY over (7052903 <= id <= 7053902)  (cost=371 rows=1838)


table 6 : explain SELECT count(c) FROM sbtest6 WHERE id BETWEEN 2845582 AND 2846581
	-> Aggregate: count(sbtest6.c)  (cost=809 rows=1)
    -> Filter: (sbtest6.id between 2845582 and 2846581)  (cost=378 rows=1872)
        -> Index range scan on sbtest6 using PRIMARY over (2845582 <= id <= 2846581)  (cost=378 rows=1872)


table 7 : explain SELECT count(c) FROM sbtest7 WHERE id BETWEEN 9114039 AND 9115038
	-> Aggregate: count(sbtest7.c)  (cost=794 rows=1)
    -> Filter: (sbtest7.id between 9114039 and 9115038)  (cost=371 rows=1838)
        -> Index range scan on sbtest7 using PRIMARY over (9114039 <= id <= 9115038)  (cost=371 rows=1838)


table 8 : explain SELECT count(c) FROM sbtest8 WHERE id BETWEEN 9555834 AND 9556833
	-> Aggregate: count(sbtest8.c)  (cost=794 rows=1)
    -> Filter: (sbtest8.id between 9555834 and 9556833)  (cost=371 rows=1838)
        -> Index range scan on sbtest8 using PRIMARY over (9555834 <= id <= 9556833)  (cost=371 rows=1838)


for: count_ranges
table 1 : explain SELECT count(c) FROM sbtest1 WHERE id BETWEEN 2749448 AND 2750447
	-> Aggregate: count(sbtest1.c)  (cost=809 rows=1)
    -> Filter: (sbtest1.id between 2749448 and 2750447)  (cost=378 rows=1872)
        -> Index range scan on sbtest1 using PRIMARY over (2749448 <= id <= 2750447)  (cost=378 rows=1872)


table 2 : explain SELECT count(c) FROM sbtest2 WHERE id BETWEEN 3500599 AND 3501598
	-> Aggregate: count(sbtest2.c)  (cost=794 rows=1)
    -> Filter: (sbtest2.id between 3500599 and 3501598)  (cost=371 rows=1838)
        -> Index range scan on sbtest2 using PRIMARY over (3500599 <= id <= 3501598)  (cost=371 rows=1838)


table 3 : explain SELECT count(c) FROM sbtest3 WHERE id BETWEEN 9131647 AND 9132646
	-> Aggregate: count(sbtest3.c)  (cost=794 rows=1)
    -> Filter: (sbtest3.id between 9131647 and 9132646)  (cost=371 rows=1838)
        -> Index range scan on sbtest3 using PRIMARY over (9131647 <= id <= 9132646)  (cost=371 rows=1838)


table 4 : explain SELECT count(c) FROM sbtest4 WHERE id BETWEEN 4822529 AND 4823528
	-> Aggregate: count(sbtest4.c)  (cost=794 rows=1)
    -> Filter: (sbtest4.id between 4822529 and 4823528)  (cost=371 rows=1838)
        -> Index range scan on sbtest4 using PRIMARY over (4822529 <= id <= 4823528)  (cost=371 rows=1838)


table 5 : explain SELECT count(c) FROM sbtest5 WHERE id BETWEEN 2002551 AND 2003550
	-> Aggregate: count(sbtest5.c)  (cost=794 rows=1)
    -> Filter: (sbtest5.id between 2002551 and 2003550)  (cost=371 rows=1838)
        -> Index range scan on sbtest5 using PRIMARY over (2002551 <= id <= 2003550)  (cost=371 rows=1838)


table 6 : explain SELECT count(c) FROM sbtest6 WHERE id BETWEEN 3352030 AND 3353029
	-> Aggregate: count(sbtest6.c)  (cost=794 rows=1)
    -> Filter: (sbtest6.id between 3352030 and 3353029)  (cost=371 rows=1838)
        -> Index range scan on sbtest6 using PRIMARY over (3352030 <= id <= 3353029)  (cost=371 rows=1838)


table 7 : explain SELECT count(c) FROM sbtest7 WHERE id BETWEEN 2859319 AND 2860318
	-> Aggregate: count(sbtest7.c)  (cost=809 rows=1)
    -> Filter: (sbtest7.id between 2859319 and 2860318)  (cost=378 rows=1872)
        -> Index range scan on sbtest7 using PRIMARY over (2859319 <= id <= 2860318)  (cost=378 rows=1872)


table 8 : explain SELECT count(c) FROM sbtest8 WHERE id BETWEEN 5166867 AND 5167866
	-> Aggregate: count(sbtest8.c)  (cost=794 rows=1)
    -> Filter: (sbtest8.id between 5166867 and 5167866)  (cost=371 rows=1838)
        -> Index range scan on sbtest8 using PRIMARY over (5166867 <= id <= 5167866)  (cost=371 rows=1838)


for: count_ranges
table 1 : explain SELECT count(c) FROM sbtest1 WHERE id BETWEEN 7692859 AND 7693858
	-> Aggregate: count(sbtest1.c)  (cost=809 rows=1)
    -> Filter: (sbtest1.id between 7692859 and 7693858)  (cost=378 rows=1872)
        -> Index range scan on sbtest1 using PRIMARY over (7692859 <= id <= 7693858)  (cost=378 rows=1872)


table 2 : explain SELECT count(c) FROM sbtest2 WHERE id BETWEEN 3481472 AND 3482471
	-> Aggregate: count(sbtest2.c)  (cost=794 rows=1)
    -> Filter: (sbtest2.id between 3481472 and 3482471)  (cost=371 rows=1838)
        -> Index range scan on sbtest2 using PRIMARY over (3481472 <= id <= 3482471)  (cost=371 rows=1838)


table 3 : explain SELECT count(c) FROM sbtest3 WHERE id BETWEEN 5813250 AND 5814249
	-> Aggregate: count(sbtest3.c)  (cost=809 rows=1)
    -> Filter: (sbtest3.id between 5813250 and 5814249)  (cost=378 rows=1872)
        -> Index range scan on sbtest3 using PRIMARY over (5813250 <= id <= 5814249)  (cost=378 rows=1872)


table 4 : explain SELECT count(c) FROM sbtest4 WHERE id BETWEEN 1770136 AND 1771135
	-> Aggregate: count(sbtest4.c)  (cost=794 rows=1)
    -> Filter: (sbtest4.id between 1770136 and 1771135)  (cost=371 rows=1838)
        -> Index range scan on sbtest4 using PRIMARY over (1770136 <= id <= 1771135)  (cost=371 rows=1838)


table 5 : explain SELECT count(c) FROM sbtest5 WHERE id BETWEEN 9062048 AND 9063047
	-> Aggregate: count(sbtest5.c)  (cost=809 rows=1)
    -> Filter: (sbtest5.id between 9062048 and 9063047)  (cost=378 rows=1872)
        -> Index range scan on sbtest5 using PRIMARY over (9062048 <= id <= 9063047)  (cost=378 rows=1872)


table 6 : explain SELECT count(c) FROM sbtest6 WHERE id BETWEEN 5950098 AND 5951097
	-> Aggregate: count(sbtest6.c)  (cost=794 rows=1)
    -> Filter: (sbtest6.id between 5950098 and 5951097)  (cost=371 rows=1838)
        -> Index range scan on sbtest6 using PRIMARY over (5950098 <= id <= 5951097)  (cost=371 rows=1838)


table 7 : explain SELECT count(c) FROM sbtest7 WHERE id BETWEEN 2568317 AND 2569316
	-> Aggregate: count(sbtest7.c)  (cost=794 rows=1)
    -> Filter: (sbtest7.id between 2568317 and 2569316)  (cost=371 rows=1838)
        -> Index range scan on sbtest7 using PRIMARY over (2568317 <= id <= 2569316)  (cost=371 rows=1838)


table 8 : explain SELECT count(c) FROM sbtest8 WHERE id BETWEEN 4024509 AND 4025508
	-> Aggregate: count(sbtest8.c)  (cost=794 rows=1)
    -> Filter: (sbtest8.id between 4024509 and 4025508)  (cost=371 rows=1838)
        -> Index range scan on sbtest8 using PRIMARY over (4024509 <= id <= 4025508)  (cost=371 rows=1838)


for: count_ranges
table 1 : explain SELECT count(c) FROM sbtest1 WHERE id BETWEEN 4842936 AND 4843935
	-> Aggregate: count(sbtest1.c)  (cost=809 rows=1)
    -> Filter: (sbtest1.id between 4842936 and 4843935)  (cost=378 rows=1872)
        -> Index range scan on sbtest1 using PRIMARY over (4842936 <= id <= 4843935)  (cost=378 rows=1872)


table 2 : explain SELECT count(c) FROM sbtest2 WHERE id BETWEEN 7129593 AND 7130592
	-> Aggregate: count(sbtest2.c)  (cost=809 rows=1)
    -> Filter: (sbtest2.id between 7129593 and 7130592)  (cost=378 rows=1872)
        -> Index range scan on sbtest2 using PRIMARY over (7129593 <= id <= 7130592)  (cost=378 rows=1872)


table 3 : explain SELECT count(c) FROM sbtest3 WHERE id BETWEEN 6883817 AND 6884816
	-> Aggregate: count(sbtest3.c)  (cost=794 rows=1)
    -> Filter: (sbtest3.id between 6883817 and 6884816)  (cost=371 rows=1838)
        -> Index range scan on sbtest3 using PRIMARY over (6883817 <= id <= 6884816)  (cost=371 rows=1838)


table 4 : explain SELECT count(c) FROM sbtest4 WHERE id BETWEEN 3472262 AND 3473261
	-> Aggregate: count(sbtest4.c)  (cost=794 rows=1)
    -> Filter: (sbtest4.id between 3472262 and 3473261)  (cost=371 rows=1838)
        -> Index range scan on sbtest4 using PRIMARY over (3472262 <= id <= 3473261)  (cost=371 rows=1838)


table 5 : explain SELECT count(c) FROM sbtest5 WHERE id BETWEEN 3833948 AND 3834947
	-> Aggregate: count(sbtest5.c)  (cost=794 rows=1)
    -> Filter: (sbtest5.id between 3833948 and 3834947)  (cost=371 rows=1838)
        -> Index range scan on sbtest5 using PRIMARY over (3833948 <= id <= 3834947)  (cost=371 rows=1838)


table 6 : explain SELECT count(c) FROM sbtest6 WHERE id BETWEEN 449071 AND 450070
	-> Aggregate: count(sbtest6.c)  (cost=809 rows=1)
    -> Filter: (sbtest6.id between 449071 and 450070)  (cost=378 rows=1872)
        -> Index range scan on sbtest6 using PRIMARY over (449071 <= id <= 450070)  (cost=378 rows=1872)


table 7 : explain SELECT count(c) FROM sbtest7 WHERE id BETWEEN 6286376 AND 6287375
	-> Aggregate: count(sbtest7.c)  (cost=809 rows=1)
    -> Filter: (sbtest7.id between 6286376 and 6287375)  (cost=378 rows=1872)
        -> Index range scan on sbtest7 using PRIMARY over (6286376 <= id <= 6287375)  (cost=378 rows=1872)


table 8 : explain SELECT count(c) FROM sbtest8 WHERE id BETWEEN 21961 AND 22960
	-> Aggregate: count(sbtest8.c)  (cost=794 rows=1)
    -> Filter: (sbtest8.id between 21961 and 22960)  (cost=371 rows=1838)
        -> Index range scan on sbtest8 using PRIMARY over (21961 <= id <= 22960)  (cost=371 rows=1838)


for: count_ranges
table 1 : explain SELECT count(c) FROM sbtest1 WHERE id BETWEEN 2647003 AND 2648002
	-> Aggregate: count(sbtest1.c)  (cost=794 rows=1)
    -> Filter: (sbtest1.id between 2647003 and 2648002)  (cost=371 rows=1838)
        -> Index range scan on sbtest1 using PRIMARY over (2647003 <= id <= 2648002)  (cost=371 rows=1838)


table 2 : explain SELECT count(c) FROM sbtest2 WHERE id BETWEEN 495844 AND 496843
	-> Aggregate: count(sbtest2.c)  (cost=794 rows=1)
    -> Filter: (sbtest2.id between 495844 and 496843)  (cost=371 rows=1838)
        -> Index range scan on sbtest2 using PRIMARY over (495844 <= id <= 496843)  (cost=371 rows=1838)


table 3 : explain SELECT count(c) FROM sbtest3 WHERE id BETWEEN 8362775 AND 8363774
	-> Aggregate: count(sbtest3.c)  (cost=809 rows=1)
    -> Filter: (sbtest3.id between 8362775 and 8363774)  (cost=378 rows=1872)
        -> Index range scan on sbtest3 using PRIMARY over (8362775 <= id <= 8363774)  (cost=378 rows=1872)


table 4 : explain SELECT count(c) FROM sbtest4 WHERE id BETWEEN 664146 AND 665145
	-> Aggregate: count(sbtest4.c)  (cost=794 rows=1)
    -> Filter: (sbtest4.id between 664146 and 665145)  (cost=371 rows=1838)
        -> Index range scan on sbtest4 using PRIMARY over (664146 <= id <= 665145)  (cost=371 rows=1838)


table 5 : explain SELECT count(c) FROM sbtest5 WHERE id BETWEEN 9841195 AND 9842194
	-> Aggregate: count(sbtest5.c)  (cost=794 rows=1)
    -> Filter: (sbtest5.id between 9841195 and 9842194)  (cost=371 rows=1838)
        -> Index range scan on sbtest5 using PRIMARY over (9841195 <= id <= 9842194)  (cost=371 rows=1838)


table 6 : explain SELECT count(c) FROM sbtest6 WHERE id BETWEEN 215597 AND 216596
	-> Aggregate: count(sbtest6.c)  (cost=794 rows=1)
    -> Filter: (sbtest6.id between 215597 and 216596)  (cost=371 rows=1838)
        -> Index range scan on sbtest6 using PRIMARY over (215597 <= id <= 216596)  (cost=371 rows=1838)


table 7 : explain SELECT count(c) FROM sbtest7 WHERE id BETWEEN 1517331 AND 1518330
	-> Aggregate: count(sbtest7.c)  (cost=794 rows=1)
    -> Filter: (sbtest7.id between 1517331 and 1518330)  (cost=371 rows=1838)
        -> Index range scan on sbtest7 using PRIMARY over (1517331 <= id <= 1518330)  (cost=371 rows=1838)


table 8 : explain SELECT count(c) FROM sbtest8 WHERE id BETWEEN 8623166 AND 8624165
	-> Aggregate: count(sbtest8.c)  (cost=809 rows=1)
    -> Filter: (sbtest8.id between 8623166 and 8624165)  (cost=378 rows=1872)
        -> Index range scan on sbtest8 using PRIMARY over (8623166 <= id <= 8624165)  (cost=378 rows=1872)



for: count_ranges
table 1 : explain SELECT count(c) FROM sbtest1 WHERE id BETWEEN 1373157 AND 1374156
	-> Aggregate: count(sbtest1.c)  (cost=794 rows=1)
    -> Filter: (sbtest1.id between 1373157 and 1374156)  (cost=371 rows=1838)
        -> Index range scan on sbtest1 using PRIMARY over (1373157 <= id <= 1374156)  (cost=371 rows=1838)


table 2 : explain SELECT count(c) FROM sbtest2 WHERE id BETWEEN 343095 AND 344094
	-> Aggregate: count(sbtest2.c)  (cost=794 rows=1)
    -> Filter: (sbtest2.id between 343095 and 344094)  (cost=371 rows=1838)
        -> Index range scan on sbtest2 using PRIMARY over (343095 <= id <= 344094)  (cost=371 rows=1838)


table 3 : explain SELECT count(c) FROM sbtest3 WHERE id BETWEEN 3510790 AND 3511789
	-> Aggregate: count(sbtest3.c)  (cost=794 rows=1)
    -> Filter: (sbtest3.id between 3510790 and 3511789)  (cost=371 rows=1838)
        -> Index range scan on sbtest3 using PRIMARY over (3510790 <= id <= 3511789)  (cost=371 rows=1838)


table 4 : explain SELECT count(c) FROM sbtest4 WHERE id BETWEEN 6888307 AND 6889306
	-> Aggregate: count(sbtest4.c)  (cost=794 rows=1)
    -> Filter: (sbtest4.id between 6888307 and 6889306)  (cost=371 rows=1838)
        -> Index range scan on sbtest4 using PRIMARY over (6888307 <= id <= 6889306)  (cost=371 rows=1838)


table 5 : explain SELECT count(c) FROM sbtest5 WHERE id BETWEEN 8390933 AND 8391932
	-> Aggregate: count(sbtest5.c)  (cost=794 rows=1)
    -> Filter: (sbtest5.id between 8390933 and 8391932)  (cost=371 rows=1838)
        -> Index range scan on sbtest5 using PRIMARY over (8390933 <= id <= 8391932)  (cost=371 rows=1838)


table 6 : explain SELECT count(c) FROM sbtest6 WHERE id BETWEEN 8607194 AND 8608193
	-> Aggregate: count(sbtest6.c)  (cost=809 rows=1)
    -> Filter: (sbtest6.id between 8607194 and 8608193)  (cost=378 rows=1872)
        -> Index range scan on sbtest6 using PRIMARY over (8607194 <= id <= 8608193)  (cost=378 rows=1872)


table 7 : explain SELECT count(c) FROM sbtest7 WHERE id BETWEEN 2925662 AND 2926661
	-> Aggregate: count(sbtest7.c)  (cost=809 rows=1)
    -> Filter: (sbtest7.id between 2925662 and 2926661)  (cost=378 rows=1872)
        -> Index range scan on sbtest7 using PRIMARY over (2925662 <= id <= 2926661)  (cost=378 rows=1872)


table 8 : explain SELECT count(c) FROM sbtest8 WHERE id BETWEEN 9878169 AND 9879168
	-> Aggregate: count(sbtest8.c)  (cost=794 rows=1)
    -> Filter: (sbtest8.id between 9878169 and 9879168)  (cost=371 rows=1838)
        -> Index range scan on sbtest8 using PRIMARY over (9878169 <= id <= 9879168)  (cost=371 rows=1838)


for: count_ranges
table 1 : explain SELECT count(c) FROM sbtest1 WHERE id BETWEEN 4212290 AND 4213289
	-> Aggregate: count(sbtest1.c)  (cost=809 rows=1)
    -> Filter: (sbtest1.id between 4212290 and 4213289)  (cost=378 rows=1872)
        -> Index range scan on sbtest1 using PRIMARY over (4212290 <= id <= 4213289)  (cost=378 rows=1872)


table 2 : explain SELECT count(c) FROM sbtest2 WHERE id BETWEEN 4019714 AND 4020713
	-> Aggregate: count(sbtest2.c)  (cost=809 rows=1)
    -> Filter: (sbtest2.id between 4019714 and 4020713)  (cost=378 rows=1872)
        -> Index range scan on sbtest2 using PRIMARY over (4019714 <= id <= 4020713)  (cost=378 rows=1872)


table 3 : explain SELECT count(c) FROM sbtest3 WHERE id BETWEEN 2620310 AND 2621309
	-> Aggregate: count(sbtest3.c)  (cost=809 rows=1)
    -> Filter: (sbtest3.id between 2620310 and 2621309)  (cost=378 rows=1872)
        -> Index range scan on sbtest3 using PRIMARY over (2620310 <= id <= 2621309)  (cost=378 rows=1872)


table 4 : explain SELECT count(c) FROM sbtest4 WHERE id BETWEEN 1516313 AND 1517312
	-> Aggregate: count(sbtest4.c)  (cost=794 rows=1)
    -> Filter: (sbtest4.id between 1516313 and 1517312)  (cost=371 rows=1838)
        -> Index range scan on sbtest4 using PRIMARY over (1516313 <= id <= 1517312)  (cost=371 rows=1838)


table 5 : explain SELECT count(c) FROM sbtest5 WHERE id BETWEEN 5758035 AND 5759034
	-> Aggregate: count(sbtest5.c)  (cost=794 rows=1)
    -> Filter: (sbtest5.id between 5758035 and 5759034)  (cost=371 rows=1838)
        -> Index range scan on sbtest5 using PRIMARY over (5758035 <= id <= 5759034)  (cost=371 rows=1838)


table 6 : explain SELECT count(c) FROM sbtest6 WHERE id BETWEEN 1518782 AND 1519781
	-> Aggregate: count(sbtest6.c)  (cost=794 rows=1)
    -> Filter: (sbtest6.id between 1518782 and 1519781)  (cost=371 rows=1838)
        -> Index range scan on sbtest6 using PRIMARY over (1518782 <= id <= 1519781)  (cost=371 rows=1838)


table 7 : explain SELECT count(c) FROM sbtest7 WHERE id BETWEEN 8501640 AND 8502639
	-> Aggregate: count(sbtest7.c)  (cost=794 rows=1)
    -> Filter: (sbtest7.id between 8501640 and 8502639)  (cost=371 rows=1838)
        -> Index range scan on sbtest7 using PRIMARY over (8501640 <= id <= 8502639)  (cost=371 rows=1838)


table 8 : explain SELECT count(c) FROM sbtest8 WHERE id BETWEEN 4558830 AND 4559829
	-> Aggregate: count(sbtest8.c)  (cost=809 rows=1)
    -> Filter: (sbtest8.id between 4558830 and 4559829)  (cost=378 rows=1872)
        -> Index range scan on sbtest8 using PRIMARY over (4558830 <= id <= 4559829)  (cost=378 rows=1872)


for: count_ranges
table 1 : explain SELECT count(c) FROM sbtest1 WHERE id BETWEEN 6969907 AND 6970906
	-> Aggregate: count(sbtest1.c)  (cost=794 rows=1)
    -> Filter: (sbtest1.id between 6969907 and 6970906)  (cost=371 rows=1838)
        -> Index range scan on sbtest1 using PRIMARY over (6969907 <= id <= 6970906)  (cost=371 rows=1838)


table 2 : explain SELECT count(c) FROM sbtest2 WHERE id BETWEEN 766766 AND 767765
	-> Aggregate: count(sbtest2.c)  (cost=809 rows=1)
    -> Filter: (sbtest2.id between 766766 and 767765)  (cost=378 rows=1872)
        -> Index range scan on sbtest2 using PRIMARY over (766766 <= id <= 767765)  (cost=378 rows=1872)


table 3 : explain SELECT count(c) FROM sbtest3 WHERE id BETWEEN 3834234 AND 3835233
	-> Aggregate: count(sbtest3.c)  (cost=809 rows=1)
    -> Filter: (sbtest3.id between 3834234 and 3835233)  (cost=378 rows=1872)
        -> Index range scan on sbtest3 using PRIMARY over (3834234 <= id <= 3835233)  (cost=378 rows=1872)


table 4 : explain SELECT count(c) FROM sbtest4 WHERE id BETWEEN 492066 AND 493065
	-> Aggregate: count(sbtest4.c)  (cost=809 rows=1)
    -> Filter: (sbtest4.id between 492066 and 493065)  (cost=378 rows=1872)
        -> Index range scan on sbtest4 using PRIMARY over (492066 <= id <= 493065)  (cost=378 rows=1872)


table 5 : explain SELECT count(c) FROM sbtest5 WHERE id BETWEEN 5289332 AND 5290331
	-> Aggregate: count(sbtest5.c)  (cost=809 rows=1)
    -> Filter: (sbtest5.id between 5289332 and 5290331)  (cost=378 rows=1872)
        -> Index range scan on sbtest5 using PRIMARY over (5289332 <= id <= 5290331)  (cost=378 rows=1872)


table 6 : explain SELECT count(c) FROM sbtest6 WHERE id BETWEEN 8192358 AND 8193357
	-> Aggregate: count(sbtest6.c)  (cost=794 rows=1)
    -> Filter: (sbtest6.id between 8192358 and 8193357)  (cost=371 rows=1838)
        -> Index range scan on sbtest6 using PRIMARY over (8192358 <= id <= 8193357)  (cost=371 rows=1838)


table 7 : explain SELECT count(c) FROM sbtest7 WHERE id BETWEEN 7053765 AND 7054764
	-> Aggregate: count(sbtest7.c)  (cost=794 rows=1)
    -> Filter: (sbtest7.id between 7053765 and 7054764)  (cost=371 rows=1838)
        -> Index range scan on sbtest7 using PRIMARY over (7053765 <= id <= 7054764)  (cost=371 rows=1838)


table 8 : explain SELECT count(c) FROM sbtest8 WHERE id BETWEEN 8700785 AND 8701784
	-> Aggregate: count(sbtest8.c)  (cost=794 rows=1)
    -> Filter: (sbtest8.id between 8700785 and 8701784)  (cost=371 rows=1838)
        -> Index range scan on sbtest8 using PRIMARY over (8700785 <= id <= 8701784)  (cost=371 rows=1838)


for: count_ranges
table 1 : explain SELECT count(c) FROM sbtest1 WHERE id BETWEEN 4490058 AND 4491057
	-> Aggregate: count(sbtest1.c)  (cost=809 rows=1)
    -> Filter: (sbtest1.id between 4490058 and 4491057)  (cost=378 rows=1872)
        -> Index range scan on sbtest1 using PRIMARY over (4490058 <= id <= 4491057)  (cost=378 rows=1872)


table 2 : explain SELECT count(c) FROM sbtest2 WHERE id BETWEEN 3540771 AND 3541770
	-> Aggregate: count(sbtest2.c)  (cost=809 rows=1)
    -> Filter: (sbtest2.id between 3540771 and 3541770)  (cost=378 rows=1872)
        -> Index range scan on sbtest2 using PRIMARY over (3540771 <= id <= 3541770)  (cost=378 rows=1872)


table 3 : explain SELECT count(c) FROM sbtest3 WHERE id BETWEEN 5937347 AND 5938346
	-> Aggregate: count(sbtest3.c)  (cost=809 rows=1)
    -> Filter: (sbtest3.id between 5937347 and 5938346)  (cost=378 rows=1872)
        -> Index range scan on sbtest3 using PRIMARY over (5937347 <= id <= 5938346)  (cost=378 rows=1872)


table 4 : explain SELECT count(c) FROM sbtest4 WHERE id BETWEEN 5418718 AND 5419717
	-> Aggregate: count(sbtest4.c)  (cost=794 rows=1)
    -> Filter: (sbtest4.id between 5418718 and 5419717)  (cost=371 rows=1838)
        -> Index range scan on sbtest4 using PRIMARY over (5418718 <= id <= 5419717)  (cost=371 rows=1838)


table 5 : explain SELECT count(c) FROM sbtest5 WHERE id BETWEEN 5043847 AND 5044846
	-> Aggregate: count(sbtest5.c)  (cost=809 rows=1)
    -> Filter: (sbtest5.id between 5043847 and 5044846)  (cost=378 rows=1872)
        -> Index range scan on sbtest5 using PRIMARY over (5043847 <= id <= 5044846)  (cost=378 rows=1872)


table 6 : explain SELECT count(c) FROM sbtest6 WHERE id BETWEEN 1484133 AND 1485132
	-> Aggregate: count(sbtest6.c)  (cost=809 rows=1)
    -> Filter: (sbtest6.id between 1484133 and 1485132)  (cost=378 rows=1872)
        -> Index range scan on sbtest6 using PRIMARY over (1484133 <= id <= 1485132)  (cost=378 rows=1872)


table 7 : explain SELECT count(c) FROM sbtest7 WHERE id BETWEEN 9420112 AND 9421111
	-> Aggregate: count(sbtest7.c)  (cost=809 rows=1)
    -> Filter: (sbtest7.id between 9420112 and 9421111)  (cost=378 rows=1872)
        -> Index range scan on sbtest7 using PRIMARY over (9420112 <= id <= 9421111)  (cost=378 rows=1872)


table 8 : explain SELECT count(c) FROM sbtest8 WHERE id BETWEEN 6915983 AND 6916982
	-> Aggregate: count(sbtest8.c)  (cost=794 rows=1)
    -> Filter: (sbtest8.id between 6915983 and 6916982)  (cost=371 rows=1838)
        -> Index range scan on sbtest8 using PRIMARY over (6915983 <= id <= 6916982)  (cost=371 rows=1838)


for: count_ranges
table 1 : explain SELECT count(c) FROM sbtest1 WHERE id BETWEEN 9625123 AND 9626122
	-> Aggregate: count(sbtest1.c)  (cost=794 rows=1)
    -> Filter: (sbtest1.id between 9625123 and 9626122)  (cost=371 rows=1838)
        -> Index range scan on sbtest1 using PRIMARY over (9625123 <= id <= 9626122)  (cost=371 rows=1838)


table 2 : explain SELECT count(c) FROM sbtest2 WHERE id BETWEEN 5798393 AND 5799392
	-> Aggregate: count(sbtest2.c)  (cost=794 rows=1)
    -> Filter: (sbtest2.id between 5798393 and 5799392)  (cost=371 rows=1838)
        -> Index range scan on sbtest2 using PRIMARY over (5798393 <= id <= 5799392)  (cost=371 rows=1838)


table 3 : explain SELECT count(c) FROM sbtest3 WHERE id BETWEEN 8112306 AND 8113305
	-> Aggregate: count(sbtest3.c)  (cost=794 rows=1)
    -> Filter: (sbtest3.id between 8112306 and 8113305)  (cost=371 rows=1838)
        -> Index range scan on sbtest3 using PRIMARY over (8112306 <= id <= 8113305)  (cost=371 rows=1838)


table 4 : explain SELECT count(c) FROM sbtest4 WHERE id BETWEEN 5730186 AND 5731185
	-> Aggregate: count(sbtest4.c)  (cost=809 rows=1)
    -> Filter: (sbtest4.id between 5730186 and 5731185)  (cost=378 rows=1872)
        -> Index range scan on sbtest4 using PRIMARY over (5730186 <= id <= 5731185)  (cost=378 rows=1872)


table 5 : explain SELECT count(c) FROM sbtest5 WHERE id BETWEEN 1016765 AND 1017764
	-> Aggregate: count(sbtest5.c)  (cost=794 rows=1)
    -> Filter: (sbtest5.id between 1016765 and 1017764)  (cost=371 rows=1838)
        -> Index range scan on sbtest5 using PRIMARY over (1016765 <= id <= 1017764)  (cost=371 rows=1838)


table 6 : explain SELECT count(c) FROM sbtest6 WHERE id BETWEEN 7327578 AND 7328577
	-> Aggregate: count(sbtest6.c)  (cost=809 rows=1)
    -> Filter: (sbtest6.id between 7327578 and 7328577)  (cost=378 rows=1872)
        -> Index range scan on sbtest6 using PRIMARY over (7327578 <= id <= 7328577)  (cost=378 rows=1872)


table 7 : explain SELECT count(c) FROM sbtest7 WHERE id BETWEEN 2128977 AND 2129976
	-> Aggregate: count(sbtest7.c)  (cost=794 rows=1)
    -> Filter: (sbtest7.id between 2128977 and 2129976)  (cost=371 rows=1838)
        -> Index range scan on sbtest7 using PRIMARY over (2128977 <= id <= 2129976)  (cost=371 rows=1838)


table 8 : explain SELECT count(c) FROM sbtest8 WHERE id BETWEEN 1335767 AND 1336766
	-> Aggregate: count(sbtest8.c)  (cost=794 rows=1)
    -> Filter: (sbtest8.id between 1335767 and 1336766)  (cost=371 rows=1838)
        -> Index range scan on sbtest8 using PRIMARY over (1335767 <= id <= 1336766)  (cost=371 rows=1838)


for: count_ranges
table 1 : explain SELECT count(c) FROM sbtest1 WHERE id BETWEEN 7151321 AND 7152320
	-> Aggregate: count(sbtest1.c)  (cost=794 rows=1)
    -> Filter: (sbtest1.id between 7151321 and 7152320)  (cost=371 rows=1838)
        -> Index range scan on sbtest1 using PRIMARY over (7151321 <= id <= 7152320)  (cost=371 rows=1838)


table 2 : explain SELECT count(c) FROM sbtest2 WHERE id BETWEEN 6184050 AND 6185049
	-> Aggregate: count(sbtest2.c)  (cost=794 rows=1)
    -> Filter: (sbtest2.id between 6184050 and 6185049)  (cost=371 rows=1838)
        -> Index range scan on sbtest2 using PRIMARY over (6184050 <= id <= 6185049)  (cost=371 rows=1838)


table 3 : explain SELECT count(c) FROM sbtest3 WHERE id BETWEEN 2565330 AND 2566329
	-> Aggregate: count(sbtest3.c)  (cost=795 rows=1)
    -> Filter: (sbtest3.id between 2565330 and 2566329)  (cost=371 rows=1840)
        -> Index range scan on sbtest3 using PRIMARY over (2565330 <= id <= 2566329)  (cost=371 rows=1840)


table 4 : explain SELECT count(c) FROM sbtest4 WHERE id BETWEEN 714838 AND 715837
	-> Aggregate: count(sbtest4.c)  (cost=794 rows=1)
    -> Filter: (sbtest4.id between 714838 and 715837)  (cost=371 rows=1838)
        -> Index range scan on sbtest4 using PRIMARY over (714838 <= id <= 715837)  (cost=371 rows=1838)


table 5 : explain SELECT count(c) FROM sbtest5 WHERE id BETWEEN 6188110 AND 6189109
	-> Aggregate: count(sbtest5.c)  (cost=809 rows=1)
    -> Filter: (sbtest5.id between 6188110 and 6189109)  (cost=378 rows=1872)
        -> Index range scan on sbtest5 using PRIMARY over (6188110 <= id <= 6189109)  (cost=378 rows=1872)


table 6 : explain SELECT count(c) FROM sbtest6 WHERE id BETWEEN 734073 AND 735072
	-> Aggregate: count(sbtest6.c)  (cost=809 rows=1)
    -> Filter: (sbtest6.id between 734073 and 735072)  (cost=378 rows=1872)
        -> Index range scan on sbtest6 using PRIMARY over (734073 <= id <= 735072)  (cost=378 rows=1872)


table 7 : explain SELECT count(c) FROM sbtest7 WHERE id BETWEEN 5214799 AND 5215798
	-> Aggregate: count(sbtest7.c)  (cost=809 rows=1)
    -> Filter: (sbtest7.id between 5214799 and 5215798)  (cost=378 rows=1872)
        -> Index range scan on sbtest7 using PRIMARY over (5214799 <= id <= 5215798)  (cost=378 rows=1872)


table 8 : explain SELECT count(c) FROM sbtest8 WHERE id BETWEEN 8000497 AND 8001496
	-> Aggregate: count(sbtest8.c)  (cost=794 rows=1)
    -> Filter: (sbtest8.id between 8000497 and 8001496)  (cost=371 rows=1838)
        -> Index range scan on sbtest8 using PRIMARY over (8000497 <= id <= 8001496)  (cost=371 rows=1838)


for: count_ranges
table 1 : explain SELECT count(c) FROM sbtest1 WHERE id BETWEEN 753120 AND 754119
	-> Aggregate: count(sbtest1.c)  (cost=809 rows=1)
    -> Filter: (sbtest1.id between 753120 and 754119)  (cost=378 rows=1872)
        -> Index range scan on sbtest1 using PRIMARY over (753120 <= id <= 754119)  (cost=378 rows=1872)


table 2 : explain SELECT count(c) FROM sbtest2 WHERE id BETWEEN 9296397 AND 9297396
	-> Aggregate: count(sbtest2.c)  (cost=794 rows=1)
    -> Filter: (sbtest2.id between 9296397 and 9297396)  (cost=371 rows=1838)
        -> Index range scan on sbtest2 using PRIMARY over (9296397 <= id <= 9297396)  (cost=371 rows=1838)


table 3 : explain SELECT count(c) FROM sbtest3 WHERE id BETWEEN 5237231 AND 5238230
	-> Aggregate: count(sbtest3.c)  (cost=794 rows=1)
    -> Filter: (sbtest3.id between 5237231 and 5238230)  (cost=371 rows=1838)
        -> Index range scan on sbtest3 using PRIMARY over (5237231 <= id <= 5238230)  (cost=371 rows=1838)


table 4 : explain SELECT count(c) FROM sbtest4 WHERE id BETWEEN 3468219 AND 3469218
	-> Aggregate: count(sbtest4.c)  (cost=794 rows=1)
    -> Filter: (sbtest4.id between 3468219 and 3469218)  (cost=371 rows=1838)
        -> Index range scan on sbtest4 using PRIMARY over (3468219 <= id <= 3469218)  (cost=371 rows=1838)


table 5 : explain SELECT count(c) FROM sbtest5 WHERE id BETWEEN 671083 AND 672082
	-> Aggregate: count(sbtest5.c)  (cost=794 rows=1)
    -> Filter: (sbtest5.id between 671083 and 672082)  (cost=371 rows=1838)
        -> Index range scan on sbtest5 using PRIMARY over (671083 <= id <= 672082)  (cost=371 rows=1838)


table 6 : explain SELECT count(c) FROM sbtest6 WHERE id BETWEEN 7550140 AND 7551139
	-> Aggregate: count(sbtest6.c)  (cost=809 rows=1)
    -> Filter: (sbtest6.id between 7550140 and 7551139)  (cost=378 rows=1872)
        -> Index range scan on sbtest6 using PRIMARY over (7550140 <= id <= 7551139)  (cost=378 rows=1872)


table 7 : explain SELECT count(c) FROM sbtest7 WHERE id BETWEEN 1734998 AND 1735997
	-> Aggregate: count(sbtest7.c)  (cost=794 rows=1)
    -> Filter: (sbtest7.id between 1734998 and 1735997)  (cost=371 rows=1838)
        -> Index range scan on sbtest7 using PRIMARY over (1734998 <= id <= 1735997)  (cost=371 rows=1838)


table 8 : explain SELECT count(c) FROM sbtest8 WHERE id BETWEEN 441796 AND 442795
	-> Aggregate: count(sbtest8.c)  (cost=794 rows=1)
    -> Filter: (sbtest8.id between 441796 and 442795)  (cost=371 rows=1838)
        -> Index range scan on sbtest8 using PRIMARY over (441796 <= id <= 442795)  (cost=371 rows=1838)


for: count_ranges
table 1 : explain SELECT count(c) FROM sbtest1 WHERE id BETWEEN 6419681 AND 6420680
	-> Aggregate: count(sbtest1.c)  (cost=794 rows=1)
    -> Filter: (sbtest1.id between 6419681 and 6420680)  (cost=371 rows=1838)
        -> Index range scan on sbtest1 using PRIMARY over (6419681 <= id <= 6420680)  (cost=371 rows=1838)


table 2 : explain SELECT count(c) FROM sbtest2 WHERE id BETWEEN 5355259 AND 5356258
	-> Aggregate: count(sbtest2.c)  (cost=809 rows=1)
    -> Filter: (sbtest2.id between 5355259 and 5356258)  (cost=378 rows=1872)
        -> Index range scan on sbtest2 using PRIMARY over (5355259 <= id <= 5356258)  (cost=378 rows=1872)


table 3 : explain SELECT count(c) FROM sbtest3 WHERE id BETWEEN 5034654 AND 5035653
	-> Aggregate: count(sbtest3.c)  (cost=794 rows=1)
    -> Filter: (sbtest3.id between 5034654 and 5035653)  (cost=371 rows=1838)
        -> Index range scan on sbtest3 using PRIMARY over (5034654 <= id <= 5035653)  (cost=371 rows=1838)


table 4 : explain SELECT count(c) FROM sbtest4 WHERE id BETWEEN 9913567 AND 9914566
	-> Aggregate: count(sbtest4.c)  (cost=794 rows=1)
    -> Filter: (sbtest4.id between 9913567 and 9914566)  (cost=371 rows=1838)
        -> Index range scan on sbtest4 using PRIMARY over (9913567 <= id <= 9914566)  (cost=371 rows=1838)


table 5 : explain SELECT count(c) FROM sbtest5 WHERE id BETWEEN 3425105 AND 3426104
	-> Aggregate: count(sbtest5.c)  (cost=794 rows=1)
    -> Filter: (sbtest5.id between 3425105 and 3426104)  (cost=371 rows=1838)
        -> Index range scan on sbtest5 using PRIMARY over (3425105 <= id <= 3426104)  (cost=371 rows=1838)


table 6 : explain SELECT count(c) FROM sbtest6 WHERE id BETWEEN 2978295 AND 2979294
	-> Aggregate: count(sbtest6.c)  (cost=809 rows=1)
    -> Filter: (sbtest6.id between 2978295 and 2979294)  (cost=378 rows=1872)
        -> Index range scan on sbtest6 using PRIMARY over (2978295 <= id <= 2979294)  (cost=378 rows=1872)


table 7 : explain SELECT count(c) FROM sbtest7 WHERE id BETWEEN 2367756 AND 2368755
	-> Aggregate: count(sbtest7.c)  (cost=794 rows=1)
    -> Filter: (sbtest7.id between 2367756 and 2368755)  (cost=371 rows=1838)
        -> Index range scan on sbtest7 using PRIMARY over (2367756 <= id <= 2368755)  (cost=371 rows=1838)


table 8 : explain SELECT count(c) FROM sbtest8 WHERE id BETWEEN 952033 AND 953032
	-> Aggregate: count(sbtest8.c)  (cost=809 rows=1)
    -> Filter: (sbtest8.id between 952033 and 953032)  (cost=378 rows=1872)
        -> Index range scan on sbtest8 using PRIMARY over (952033 <= id <= 953032)  (cost=378 rows=1872)


for: count_ranges
table 1 : explain SELECT count(c) FROM sbtest1 WHERE id BETWEEN 5288091 AND 5289090
	-> Aggregate: count(sbtest1.c)  (cost=809 rows=1)
    -> Filter: (sbtest1.id between 5288091 and 5289090)  (cost=378 rows=1872)
        -> Index range scan on sbtest1 using PRIMARY over (5288091 <= id <= 5289090)  (cost=378 rows=1872)


table 2 : explain SELECT count(c) FROM sbtest2 WHERE id BETWEEN 6788884 AND 6789883
	-> Aggregate: count(sbtest2.c)  (cost=794 rows=1)
    -> Filter: (sbtest2.id between 6788884 and 6789883)  (cost=371 rows=1838)
        -> Index range scan on sbtest2 using PRIMARY over (6788884 <= id <= 6789883)  (cost=371 rows=1838)


table 3 : explain SELECT count(c) FROM sbtest3 WHERE id BETWEEN 2932072 AND 2933071
	-> Aggregate: count(sbtest3.c)  (cost=794 rows=1)
    -> Filter: (sbtest3.id between 2932072 and 2933071)  (cost=371 rows=1838)
        -> Index range scan on sbtest3 using PRIMARY over (2932072 <= id <= 2933071)  (cost=371 rows=1838)


table 4 : explain SELECT count(c) FROM sbtest4 WHERE id BETWEEN 9372918 AND 9373917
	-> Aggregate: count(sbtest4.c)  (cost=794 rows=1)
    -> Filter: (sbtest4.id between 9372918 and 9373917)  (cost=371 rows=1838)
        -> Index range scan on sbtest4 using PRIMARY over (9372918 <= id <= 9373917)  (cost=371 rows=1838)


table 5 : explain SELECT count(c) FROM sbtest5 WHERE id BETWEEN 9908679 AND 9909678
	-> Aggregate: count(sbtest5.c)  (cost=794 rows=1)
    -> Filter: (sbtest5.id between 9908679 and 9909678)  (cost=371 rows=1838)
        -> Index range scan on sbtest5 using PRIMARY over (9908679 <= id <= 9909678)  (cost=371 rows=1838)


table 6 : explain SELECT count(c) FROM sbtest6 WHERE id BETWEEN 6473879 AND 6474878
	-> Aggregate: count(sbtest6.c)  (cost=794 rows=1)
    -> Filter: (sbtest6.id between 6473879 and 6474878)  (cost=371 rows=1838)
        -> Index range scan on sbtest6 using PRIMARY over (6473879 <= id <= 6474878)  (cost=371 rows=1838)


table 7 : explain SELECT count(c) FROM sbtest7 WHERE id BETWEEN 5935228 AND 5936227
	-> Aggregate: count(sbtest7.c)  (cost=794 rows=1)
    -> Filter: (sbtest7.id between 5935228 and 5936227)  (cost=371 rows=1838)
        -> Index range scan on sbtest7 using PRIMARY over (5935228 <= id <= 5936227)  (cost=371 rows=1838)


table 8 : explain SELECT count(c) FROM sbtest8 WHERE id BETWEEN 3433007 AND 3434006
	-> Aggregate: count(sbtest8.c)  (cost=794 rows=1)
    -> Filter: (sbtest8.id between 3433007 and 3434006)  (cost=371 rows=1838)
        -> Index range scan on sbtest8 using PRIMARY over (3433007 <= id <= 3434006)  (cost=371 rows=1838)


for: count_ranges
table 1 : explain SELECT count(c) FROM sbtest1 WHERE id BETWEEN 3277308 AND 3278307
	-> Aggregate: count(sbtest1.c)  (cost=809 rows=1)
    -> Filter: (sbtest1.id between 3277308 and 3278307)  (cost=378 rows=1872)
        -> Index range scan on sbtest1 using PRIMARY over (3277308 <= id <= 3278307)  (cost=378 rows=1872)


table 2 : explain SELECT count(c) FROM sbtest2 WHERE id BETWEEN 7348891 AND 7349890
	-> Aggregate: count(sbtest2.c)  (cost=809 rows=1)
    -> Filter: (sbtest2.id between 7348891 and 7349890)  (cost=378 rows=1872)
        -> Index range scan on sbtest2 using PRIMARY over (7348891 <= id <= 7349890)  (cost=378 rows=1872)


table 3 : explain SELECT count(c) FROM sbtest3 WHERE id BETWEEN 5807228 AND 5808227
	-> Aggregate: count(sbtest3.c)  (cost=794 rows=1)
    -> Filter: (sbtest3.id between 5807228 and 5808227)  (cost=371 rows=1838)
        -> Index range scan on sbtest3 using PRIMARY over (5807228 <= id <= 5808227)  (cost=371 rows=1838)


table 4 : explain SELECT count(c) FROM sbtest4 WHERE id BETWEEN 1703532 AND 1704531
	-> Aggregate: count(sbtest4.c)  (cost=794 rows=1)
    -> Filter: (sbtest4.id between 1703532 and 1704531)  (cost=371 rows=1838)
        -> Index range scan on sbtest4 using PRIMARY over (1703532 <= id <= 1704531)  (cost=371 rows=1838)


table 5 : explain SELECT count(c) FROM sbtest5 WHERE id BETWEEN 3248111 AND 3249110
	-> Aggregate: count(sbtest5.c)  (cost=809 rows=1)
    -> Filter: (sbtest5.id between 3248111 and 3249110)  (cost=378 rows=1872)
        -> Index range scan on sbtest5 using PRIMARY over (3248111 <= id <= 3249110)  (cost=378 rows=1872)


table 6 : explain SELECT count(c) FROM sbtest6 WHERE id BETWEEN 8783331 AND 8784330
	-> Aggregate: count(sbtest6.c)  (cost=809 rows=1)
    -> Filter: (sbtest6.id between 8783331 and 8784330)  (cost=378 rows=1872)
        -> Index range scan on sbtest6 using PRIMARY over (8783331 <= id <= 8784330)  (cost=378 rows=1872)


table 7 : explain SELECT count(c) FROM sbtest7 WHERE id BETWEEN 7112485 AND 7113484
	-> Aggregate: count(sbtest7.c)  (cost=794 rows=1)
    -> Filter: (sbtest7.id between 7112485 and 7113484)  (cost=371 rows=1838)
        -> Index range scan on sbtest7 using PRIMARY over (7112485 <= id <= 7113484)  (cost=371 rows=1838)


table 8 : explain SELECT count(c) FROM sbtest8 WHERE id BETWEEN 3717837 AND 3718836
	-> Aggregate: count(sbtest8.c)  (cost=794 rows=1)
    -> Filter: (sbtest8.id between 3717837 and 3718836)  (cost=371 rows=1838)
        -> Index range scan on sbtest8 using PRIMARY over (3717837 <= id <= 3718836)  (cost=371 rows=1838)


for: count_ranges
table 1 : explain SELECT count(c) FROM sbtest1 WHERE id BETWEEN 2257642 AND 2258641
	-> Aggregate: count(sbtest1.c)  (cost=809 rows=1)
    -> Filter: (sbtest1.id between 2257642 and 2258641)  (cost=378 rows=1872)
        -> Index range scan on sbtest1 using PRIMARY over (2257642 <= id <= 2258641)  (cost=378 rows=1872)


table 2 : explain SELECT count(c) FROM sbtest2 WHERE id BETWEEN 9589734 AND 9590733
	-> Aggregate: count(sbtest2.c)  (cost=794 rows=1)
    -> Filter: (sbtest2.id between 9589734 and 9590733)  (cost=371 rows=1838)
        -> Index range scan on sbtest2 using PRIMARY over (9589734 <= id <= 9590733)  (cost=371 rows=1838)


table 3 : explain SELECT count(c) FROM sbtest3 WHERE id BETWEEN 8930686 AND 8931685
	-> Aggregate: count(sbtest3.c)  (cost=794 rows=1)
    -> Filter: (sbtest3.id between 8930686 and 8931685)  (cost=371 rows=1838)
        -> Index range scan on sbtest3 using PRIMARY over (8930686 <= id <= 8931685)  (cost=371 rows=1838)


table 4 : explain SELECT count(c) FROM sbtest4 WHERE id BETWEEN 636329 AND 637328
	-> Aggregate: count(sbtest4.c)  (cost=794 rows=1)
    -> Filter: (sbtest4.id between 636329 and 637328)  (cost=371 rows=1838)
        -> Index range scan on sbtest4 using PRIMARY over (636329 <= id <= 637328)  (cost=371 rows=1838)


table 5 : explain SELECT count(c) FROM sbtest5 WHERE id BETWEEN 3753703 AND 3754702
	-> Aggregate: count(sbtest5.c)  (cost=809 rows=1)
    -> Filter: (sbtest5.id between 3753703 and 3754702)  (cost=378 rows=1872)
        -> Index range scan on sbtest5 using PRIMARY over (3753703 <= id <= 3754702)  (cost=378 rows=1872)


table 6 : explain SELECT count(c) FROM sbtest6 WHERE id BETWEEN 6333671 AND 6334670
	-> Aggregate: count(sbtest6.c)  (cost=809 rows=1)
    -> Filter: (sbtest6.id between 6333671 and 6334670)  (cost=378 rows=1872)
        -> Index range scan on sbtest6 using PRIMARY over (6333671 <= id <= 6334670)  (cost=378 rows=1872)


table 7 : explain SELECT count(c) FROM sbtest7 WHERE id BETWEEN 4941167 AND 4942166
	-> Aggregate: count(sbtest7.c)  (cost=794 rows=1)
    -> Filter: (sbtest7.id between 4941167 and 4942166)  (cost=371 rows=1838)
        -> Index range scan on sbtest7 using PRIMARY over (4941167 <= id <= 4942166)  (cost=371 rows=1838)


table 8 : explain SELECT count(c) FROM sbtest8 WHERE id BETWEEN 8901529 AND 8902528
	-> Aggregate: count(sbtest8.c)  (cost=809 rows=1)
    -> Filter: (sbtest8.id between 8901529 and 8902528)  (cost=378 rows=1872)
        -> Index range scan on sbtest8 using PRIMARY over (8901529 <= id <= 8902528)  (cost=378 rows=1872)


for: count_ranges
table 1 : explain SELECT count(c) FROM sbtest1 WHERE id BETWEEN 4880720 AND 4881719
	-> Aggregate: count(sbtest1.c)  (cost=794 rows=1)
    -> Filter: (sbtest1.id between 4880720 and 4881719)  (cost=371 rows=1838)
        -> Index range scan on sbtest1 using PRIMARY over (4880720 <= id <= 4881719)  (cost=371 rows=1838)


table 2 : explain SELECT count(c) FROM sbtest2 WHERE id BETWEEN 9297227 AND 9298226
	-> Aggregate: count(sbtest2.c)  (cost=794 rows=1)
    -> Filter: (sbtest2.id between 9297227 and 9298226)  (cost=371 rows=1838)
        -> Index range scan on sbtest2 using PRIMARY over (9297227 <= id <= 9298226)  (cost=371 rows=1838)


table 3 : explain SELECT count(c) FROM sbtest3 WHERE id BETWEEN 8124694 AND 8125693
	-> Aggregate: count(sbtest3.c)  (cost=794 rows=1)
    -> Filter: (sbtest3.id between 8124694 and 8125693)  (cost=371 rows=1838)
        -> Index range scan on sbtest3 using PRIMARY over (8124694 <= id <= 8125693)  (cost=371 rows=1838)


table 4 : explain SELECT count(c) FROM sbtest4 WHERE id BETWEEN 2558748 AND 2559747
	-> Aggregate: count(sbtest4.c)  (cost=794 rows=1)
    -> Filter: (sbtest4.id between 2558748 and 2559747)  (cost=371 rows=1838)
        -> Index range scan on sbtest4 using PRIMARY over (2558748 <= id <= 2559747)  (cost=371 rows=1838)


table 5 : explain SELECT count(c) FROM sbtest5 WHERE id BETWEEN 8618581 AND 8619580
	-> Aggregate: count(sbtest5.c)  (cost=809 rows=1)
    -> Filter: (sbtest5.id between 8618581 and 8619580)  (cost=378 rows=1872)
        -> Index range scan on sbtest5 using PRIMARY over (8618581 <= id <= 8619580)  (cost=378 rows=1872)


table 6 : explain SELECT count(c) FROM sbtest6 WHERE id BETWEEN 3329443 AND 3330442
	-> Aggregate: count(sbtest6.c)  (cost=809 rows=1)
    -> Filter: (sbtest6.id between 3329443 and 3330442)  (cost=378 rows=1872)
        -> Index range scan on sbtest6 using PRIMARY over (3329443 <= id <= 3330442)  (cost=378 rows=1872)


table 7 : explain SELECT count(c) FROM sbtest7 WHERE id BETWEEN 1393327 AND 1394326
	-> Aggregate: count(sbtest7.c)  (cost=809 rows=1)
    -> Filter: (sbtest7.id between 1393327 and 1394326)  (cost=378 rows=1872)
        -> Index range scan on sbtest7 using PRIMARY over (1393327 <= id <= 1394326)  (cost=378 rows=1872)


table 8 : explain SELECT count(c) FROM sbtest8 WHERE id BETWEEN 2187140 AND 2188139
	-> Aggregate: count(sbtest8.c)  (cost=794 rows=1)
    -> Filter: (sbtest8.id between 2187140 and 2188139)  (cost=371 rows=1838)
        -> Index range scan on sbtest8 using PRIMARY over (2187140 <= id <= 2188139)  (cost=371 rows=1838)


for: count_ranges
table 1 : explain SELECT count(c) FROM sbtest1 WHERE id BETWEEN 6456870 AND 6457869
	-> Aggregate: count(sbtest1.c)  (cost=794 rows=1)
    -> Filter: (sbtest1.id between 6456870 and 6457869)  (cost=371 rows=1838)
        -> Index range scan on sbtest1 using PRIMARY over (6456870 <= id <= 6457869)  (cost=371 rows=1838)


table 2 : explain SELECT count(c) FROM sbtest2 WHERE id BETWEEN 549887 AND 550886
	-> Aggregate: count(sbtest2.c)  (cost=809 rows=1)
    -> Filter: (sbtest2.id between 549887 and 550886)  (cost=378 rows=1872)
        -> Index range scan on sbtest2 using PRIMARY over (549887 <= id <= 550886)  (cost=378 rows=1872)


table 3 : explain SELECT count(c) FROM sbtest3 WHERE id BETWEEN 3474769 AND 3475768
	-> Aggregate: count(sbtest3.c)  (cost=809 rows=1)
    -> Filter: (sbtest3.id between 3474769 and 3475768)  (cost=378 rows=1872)
        -> Index range scan on sbtest3 using PRIMARY over (3474769 <= id <= 3475768)  (cost=378 rows=1872)


table 4 : explain SELECT count(c) FROM sbtest4 WHERE id BETWEEN 3645014 AND 3646013
	-> Aggregate: count(sbtest4.c)  (cost=809 rows=1)
    -> Filter: (sbtest4.id between 3645014 and 3646013)  (cost=378 rows=1872)
        -> Index range scan on sbtest4 using PRIMARY over (3645014 <= id <= 3646013)  (cost=378 rows=1872)


table 5 : explain SELECT count(c) FROM sbtest5 WHERE id BETWEEN 2488682 AND 2489681
	-> Aggregate: count(sbtest5.c)  (cost=809 rows=1)
    -> Filter: (sbtest5.id between 2488682 and 2489681)  (cost=378 rows=1872)
        -> Index range scan on sbtest5 using PRIMARY over (2488682 <= id <= 2489681)  (cost=378 rows=1872)


table 6 : explain SELECT count(c) FROM sbtest6 WHERE id BETWEEN 9554069 AND 9555068
	-> Aggregate: count(sbtest6.c)  (cost=809 rows=1)
    -> Filter: (sbtest6.id between 9554069 and 9555068)  (cost=378 rows=1872)
        -> Index range scan on sbtest6 using PRIMARY over (9554069 <= id <= 9555068)  (cost=378 rows=1872)


table 7 : explain SELECT count(c) FROM sbtest7 WHERE id BETWEEN 9698669 AND 9699668
	-> Aggregate: count(sbtest7.c)  (cost=794 rows=1)
    -> Filter: (sbtest7.id between 9698669 and 9699668)  (cost=371 rows=1838)
        -> Index range scan on sbtest7 using PRIMARY over (9698669 <= id <= 9699668)  (cost=371 rows=1838)


table 8 : explain SELECT count(c) FROM sbtest8 WHERE id BETWEEN 7683401 AND 7684400
	-> Aggregate: count(sbtest8.c)  (cost=794 rows=1)
    -> Filter: (sbtest8.id between 7683401 and 7684400)  (cost=371 rows=1838)
        -> Index range scan on sbtest8 using PRIMARY over (7683401 <= id <= 7684400)  (cost=371 rows=1838)


for: count_ranges
table 1 : explain SELECT count(c) FROM sbtest1 WHERE id BETWEEN 3217727 AND 3218726
	-> Aggregate: count(sbtest1.c)  (cost=794 rows=1)
    -> Filter: (sbtest1.id between 3217727 and 3218726)  (cost=371 rows=1838)
        -> Index range scan on sbtest1 using PRIMARY over (3217727 <= id <= 3218726)  (cost=371 rows=1838)


table 2 : explain SELECT count(c) FROM sbtest2 WHERE id BETWEEN 9157932 AND 9158931
	-> Aggregate: count(sbtest2.c)  (cost=794 rows=1)
    -> Filter: (sbtest2.id between 9157932 and 9158931)  (cost=371 rows=1838)
        -> Index range scan on sbtest2 using PRIMARY over (9157932 <= id <= 9158931)  (cost=371 rows=1838)


table 3 : explain SELECT count(c) FROM sbtest3 WHERE id BETWEEN 1093500 AND 1094499
	-> Aggregate: count(sbtest3.c)  (cost=794 rows=1)
    -> Filter: (sbtest3.id between 1093500 and 1094499)  (cost=371 rows=1838)
        -> Index range scan on sbtest3 using PRIMARY over (1093500 <= id <= 1094499)  (cost=371 rows=1838)


table 4 : explain SELECT count(c) FROM sbtest4 WHERE id BETWEEN 2570848 AND 2571847
	-> Aggregate: count(sbtest4.c)  (cost=794 rows=1)
    -> Filter: (sbtest4.id between 2570848 and 2571847)  (cost=371 rows=1838)
        -> Index range scan on sbtest4 using PRIMARY over (2570848 <= id <= 2571847)  (cost=371 rows=1838)


table 5 : explain SELECT count(c) FROM sbtest5 WHERE id BETWEEN 3062992 AND 3063991
	-> Aggregate: count(sbtest5.c)  (cost=809 rows=1)
    -> Filter: (sbtest5.id between 3062992 and 3063991)  (cost=378 rows=1872)
        -> Index range scan on sbtest5 using PRIMARY over (3062992 <= id <= 3063991)  (cost=378 rows=1872)


table 6 : explain SELECT count(c) FROM sbtest6 WHERE id BETWEEN 2727124 AND 2728123
	-> Aggregate: count(sbtest6.c)  (cost=794 rows=1)
    -> Filter: (sbtest6.id between 2727124 and 2728123)  (cost=371 rows=1838)
        -> Index range scan on sbtest6 using PRIMARY over (2727124 <= id <= 2728123)  (cost=371 rows=1838)


table 7 : explain SELECT count(c) FROM sbtest7 WHERE id BETWEEN 8813191 AND 8814190
	-> Aggregate: count(sbtest7.c)  (cost=809 rows=1)
    -> Filter: (sbtest7.id between 8813191 and 8814190)  (cost=378 rows=1872)
        -> Index range scan on sbtest7 using PRIMARY over (8813191 <= id <= 8814190)  (cost=378 rows=1872)


table 8 : explain SELECT count(c) FROM sbtest8 WHERE id BETWEEN 2308901 AND 2309900
	-> Aggregate: count(sbtest8.c)  (cost=809 rows=1)
    -> Filter: (sbtest8.id between 2308901 and 2309900)  (cost=378 rows=1872)
        -> Index range scan on sbtest8 using PRIMARY over (2308901 <= id <= 2309900)  (cost=378 rows=1872)


for: count_ranges
table 1 : explain SELECT count(c) FROM sbtest1 WHERE id BETWEEN 8694583 AND 8695582
	-> Aggregate: count(sbtest1.c)  (cost=794 rows=1)
    -> Filter: (sbtest1.id between 8694583 and 8695582)  (cost=371 rows=1838)
        -> Index range scan on sbtest1 using PRIMARY over (8694583 <= id <= 8695582)  (cost=371 rows=1838)


table 2 : explain SELECT count(c) FROM sbtest2 WHERE id BETWEEN 9197482 AND 9198481
	-> Aggregate: count(sbtest2.c)  (cost=794 rows=1)
    -> Filter: (sbtest2.id between 9197482 and 9198481)  (cost=371 rows=1838)
        -> Index range scan on sbtest2 using PRIMARY over (9197482 <= id <= 9198481)  (cost=371 rows=1838)


table 3 : explain SELECT count(c) FROM sbtest3 WHERE id BETWEEN 3061090 AND 3062089
	-> Aggregate: count(sbtest3.c)  (cost=809 rows=1)
    -> Filter: (sbtest3.id between 3061090 and 3062089)  (cost=378 rows=1872)
        -> Index range scan on sbtest3 using PRIMARY over (3061090 <= id <= 3062089)  (cost=378 rows=1872)


table 4 : explain SELECT count(c) FROM sbtest4 WHERE id BETWEEN 5254896 AND 5255895
	-> Aggregate: count(sbtest4.c)  (cost=794 rows=1)
    -> Filter: (sbtest4.id between 5254896 and 5255895)  (cost=371 rows=1838)
        -> Index range scan on sbtest4 using PRIMARY over (5254896 <= id <= 5255895)  (cost=371 rows=1838)


table 5 : explain SELECT count(c) FROM sbtest5 WHERE id BETWEEN 1887210 AND 1888209
	-> Aggregate: count(sbtest5.c)  (cost=794 rows=1)
    -> Filter: (sbtest5.id between 1887210 and 1888209)  (cost=371 rows=1838)
        -> Index range scan on sbtest5 using PRIMARY over (1887210 <= id <= 1888209)  (cost=371 rows=1838)


table 6 : explain SELECT count(c) FROM sbtest6 WHERE id BETWEEN 4302855 AND 4303854
	-> Aggregate: count(sbtest6.c)  (cost=794 rows=1)
    -> Filter: (sbtest6.id between 4302855 and 4303854)  (cost=371 rows=1838)
        -> Index range scan on sbtest6 using PRIMARY over (4302855 <= id <= 4303854)  (cost=371 rows=1838)


table 7 : explain SELECT count(c) FROM sbtest7 WHERE id BETWEEN 8662594 AND 8663593
	-> Aggregate: count(sbtest7.c)  (cost=809 rows=1)
    -> Filter: (sbtest7.id between 8662594 and 8663593)  (cost=378 rows=1872)
        -> Index range scan on sbtest7 using PRIMARY over (8662594 <= id <= 8663593)  (cost=378 rows=1872)


table 8 : explain SELECT count(c) FROM sbtest8 WHERE id BETWEEN 6236300 AND 6237299
	-> Aggregate: count(sbtest8.c)  (cost=809 rows=1)
    -> Filter: (sbtest8.id between 6236300 and 6237299)  (cost=378 rows=1872)
        -> Index range scan on sbtest8 using PRIMARY over (6236300 <= id <= 6237299)  (cost=378 rows=1872)


for: count_ranges
table 1 : explain SELECT count(c) FROM sbtest1 WHERE id BETWEEN 6397264 AND 6398263
	-> Aggregate: count(sbtest1.c)  (cost=809 rows=1)
    -> Filter: (sbtest1.id between 6397264 and 6398263)  (cost=378 rows=1872)
        -> Index range scan on sbtest1 using PRIMARY over (6397264 <= id <= 6398263)  (cost=378 rows=1872)


table 2 : explain SELECT count(c) FROM sbtest2 WHERE id BETWEEN 7141353 AND 7142352
	-> Aggregate: count(sbtest2.c)  (cost=809 rows=1)
    -> Filter: (sbtest2.id between 7141353 and 7142352)  (cost=378 rows=1872)
        -> Index range scan on sbtest2 using PRIMARY over (7141353 <= id <= 7142352)  (cost=378 rows=1872)


table 3 : explain SELECT count(c) FROM sbtest3 WHERE id BETWEEN 3431469 AND 3432468
	-> Aggregate: count(sbtest3.c)  (cost=794 rows=1)
    -> Filter: (sbtest3.id between 3431469 and 3432468)  (cost=371 rows=1838)
        -> Index range scan on sbtest3 using PRIMARY over (3431469 <= id <= 3432468)  (cost=371 rows=1838)


table 4 : explain SELECT count(c) FROM sbtest4 WHERE id BETWEEN 444204 AND 445203
	-> Aggregate: count(sbtest4.c)  (cost=794 rows=1)
    -> Filter: (sbtest4.id between 444204 and 445203)  (cost=371 rows=1838)
        -> Index range scan on sbtest4 using PRIMARY over (444204 <= id <= 445203)  (cost=371 rows=1838)


table 5 : explain SELECT count(c) FROM sbtest5 WHERE id BETWEEN 4605434 AND 4606433
	-> Aggregate: count(sbtest5.c)  (cost=794 rows=1)
    -> Filter: (sbtest5.id between 4605434 and 4606433)  (cost=371 rows=1838)
        -> Index range scan on sbtest5 using PRIMARY over (4605434 <= id <= 4606433)  (cost=371 rows=1838)


table 6 : explain SELECT count(c) FROM sbtest6 WHERE id BETWEEN 8048065 AND 8049064
	-> Aggregate: count(sbtest6.c)  (cost=794 rows=1)
    -> Filter: (sbtest6.id between 8048065 and 8049064)  (cost=371 rows=1838)
        -> Index range scan on sbtest6 using PRIMARY over (8048065 <= id <= 8049064)  (cost=371 rows=1838)


table 7 : explain SELECT count(c) FROM sbtest7 WHERE id BETWEEN 1275342 AND 1276341
	-> Aggregate: count(sbtest7.c)  (cost=794 rows=1)
    -> Filter: (sbtest7.id between 1275342 and 1276341)  (cost=371 rows=1838)
        -> Index range scan on sbtest7 using PRIMARY over (1275342 <= id <= 1276341)  (cost=371 rows=1838)


table 8 : explain SELECT count(c) FROM sbtest8 WHERE id BETWEEN 5171866 AND 5172865
	-> Aggregate: count(sbtest8.c)  (cost=794 rows=1)
    -> Filter: (sbtest8.id between 5171866 and 5172865)  (cost=371 rows=1838)
        -> Index range scan on sbtest8 using PRIMARY over (5171866 <= id <= 5172865)  (cost=371 rows=1838)


Threads started!

Warming up for 5 seconds...

SQL statistics:
    queries performed:
        read:                            79606762
        write:                           0
        other:                           0
        total:                           79606762
    transactions:                        79606762 (126359.11 per sec.)
    queries:                             79606762 (126359.11 per sec.)
    ignored errors:                      0      (0.00 per sec.)
    reconnects:                          0      (0.00 per sec.)

Throughput:
    events/s (eps):                      126359.1053
    time elapsed:                        630.0043s
    total number of events:              79606762

Latency (ms):
         min:                                    0.08
         avg:                                    0.32
         max:                                   24.33
         95th percentile:                        0.33
         sum:                             25166214.51

Threads fairness:
    events (avg/stddev):           1990166.6500/7995.99
    execution time (avg/stddev):   629.1554/0.03

