LUA_PATH=/home/mdcallag/git/mytools/bench/sysbench.lua/lua/?.lua /home/mdcallag/git/mytools/bench/sysbench.lua/lua/sysbench --db-driver=mysql --range-size=100 --table-size=10000000 --tables=8 --threads=40 --events=0 --warmup-time=5 --time=630 /home/mdcallag/git/mytools/bench/sysbench.lua/lua/oltp_range_covered.lua run --mysql-user=root --mysql-password=pw --mysql-host=127.0.0.1 --mysql-db=test --rand-type=uniform --random-points=100 --skip-trx --on-id=false --covered=false
48 CPUs
sysbench 1.1.0-9072687 (using bundled LuaJIT 2.1.0-beta3)

Running the test with following options:
Number of threads: 40
Warmup time: 5s
Initializing random number generator from current time


Initializing worker threads...

explain: for range-notcovered :: explain SELECT k, c FROM sbtest%d WHERE k BETWEEN 5266661 AND 5266761
explain: for range-notcovered :: explain SELECT k, c FROM sbtest%d WHERE k BETWEEN 1708641 AND 1708741
explain: for range-notcovered :: explain SELECT k, c FROM sbtest%d WHERE k BETWEEN 3500666 AND 3500766
explain: for range-notcovered :: explain SELECT k, c FROM sbtest%d WHERE k BETWEEN 5941719 AND 5941819explain: for range-notcovered :: explain SELECT k, c FROM sbtest%d WHERE k BETWEEN 7430313 AND 7430413explain: for range-notcovered :: explain SELECT k, c FROM sbtest%d WHERE k BETWEEN 2291520 AND 2291620
explain: for range-notcovered :: explain SELECT k, c FROM sbtest%d WHERE k BETWEEN 6037781 AND 6037881
explain: for range-notcovered :: explain SELECT k, c FROM sbtest%d WHERE k BETWEEN 6302321 AND 6302421
explain: for range-notcovered :: explain SELECT k, c FROM sbtest%d WHERE k BETWEEN 7571624 AND 7571724explain: for range-notcovered :: explain SELECT k, c FROM sbtest%d WHERE k BETWEEN 7783650 AND 7783750
explain: for range-notcovered :: explain SELECT k, c FROM sbtest%d WHERE k BETWEEN 6458757 AND 6458857
explain: for range-notcovered :: explain SELECT k, c FROM sbtest%d WHERE k BETWEEN 7507441 AND 7507541
explain: for range-notcovered :: explain SELECT k, c FROM sbtest%d WHERE k BETWEEN 6955538 AND 6955638
explain: for range-notcovered :: explain SELECT k, c FROM sbtest%d WHERE k BETWEEN 3918349 AND 3918449
explain: for range-notcovered :: explain SELECT k, c FROM sbtest%d WHERE k BETWEEN 4593795 AND 4593895
explain: for range-notcovered :: explain SELECT k, c FROM sbtest%d WHERE k BETWEEN 8503989 AND 8504089
explain: for range-notcovered :: explain SELECT k, c FROM sbtest%d WHERE k BETWEEN 8996302 AND 8996402


explain: for range-notcovered :: explain SELECT k, c FROM sbtest%d WHERE k BETWEEN 6594167 AND 6594267

explain: for range-notcovered :: explain SELECT k, c FROM sbtest%d WHERE k BETWEEN 9009088 AND 9009188
explain: for range-notcovered :: explain SELECT k, c FROM sbtest%d WHERE k BETWEEN 5160046 AND 5160146
explain: for range-notcovered :: explain SELECT k, c FROM sbtest%d WHERE k BETWEEN 5017403 AND 5017503
explain: for range-notcovered :: explain SELECT k, c FROM sbtest%d WHERE k BETWEEN 5335326 AND 5335426
explain: for range-notcovered :: explain SELECT k, c FROM sbtest%d WHERE k BETWEEN 4784591 AND 4784691
explain: for range-notcovered :: explain SELECT k, c FROM sbtest%d WHERE k BETWEEN 4178071 AND 4178171
explain: for range-notcovered :: explain SELECT k, c FROM sbtest%d WHERE k BETWEEN 5561744 AND 5561844
explain: for range-notcovered :: explain SELECT k, c FROM sbtest%d WHERE k BETWEEN 5322439 AND 5322539
explain: for range-notcovered :: explain SELECT k, c FROM sbtest%d WHERE k BETWEEN 3016335 AND 3016435
explain: for range-notcovered :: explain SELECT k, c FROM sbtest%d WHERE k BETWEEN 2655227 AND 2655327
for range-notcovered
table 1 : explain SELECT k, c FROM sbtest1 WHERE k BETWEEN 1708641 AND 1708741
	-> Index range scan on sbtest1 using k_1 over (1708641 <= k <= 1708741), with index condition: (sbtest1.k between 1708641 and 1708741)  (cost=45.3 rows=100)


table 2 : explain SELECT k, c FROM sbtest2 WHERE k BETWEEN 1708641 AND 1708741
	-> Index range scan on sbtest2 using k_2 over (1708641 <= k <= 1708741), with index condition: (sbtest2.k between 1708641 and 1708741)  (cost=45.7 rows=101)


table 3 : explain SELECT k, c FROM sbtest3 WHERE k BETWEEN 1708641 AND 1708741
	-> Index range scan on sbtest3 using k_3 over (1708641 <= k <= 1708741), with index condition: (sbtest3.k between 1708641 and 1708741)  (cost=40.3 rows=89)


table 4 : explain SELECT k, c FROM sbtest4 WHERE k BETWEEN 1708641 AND 1708741
	-> Index range scan on sbtest4 using k_4 over (1708641 <= k <= 1708741), with index condition: (sbtest4.k between 1708641 and 1708741)  (cost=48.4 rows=107)


table 5 : explain SELECT k, c FROM sbtest5 WHERE k BETWEEN 1708641 AND 1708741
	-> Index range scan on sbtest5 using k_5 over (1708641 <= k <= 1708741), with index condition: (sbtest5.k between 1708641 and 1708741)  (cost=51.6 rows=114)


table 6 : explain SELECT k, c FROM sbtest6 WHERE k BETWEEN 1708641 AND 1708741
	-> Index range scan on sbtest6 using k_6 over (1708641 <= k <= 1708741), with index condition: (sbtest6.k between 1708641 and 1708741)  (cost=46.6 rows=103)


table 7 : explain SELECT k, c FROM sbtest7 WHERE k BETWEEN 1708641 AND 1708741
	-> Index range scan on sbtest7 using k_7 over (1708641 <= k <= 1708741), with index condition: (sbtest7.k between 1708641 and 1708741)  (cost=43.5 rows=96)


table 8 : explain SELECT k, c FROM sbtest8 WHERE k BETWEEN 1708641 AND 1708741
	-> Index range scan on sbtest8 using k_8 over (1708641 <= k <= 1708741), with index condition: (sbtest8.k between 1708641 and 1708741)  (cost=47.1 rows=104)


for range-notcovered
table 1 : explain SELECT k, c FROM sbtest1 WHERE k BETWEEN 5266661 AND 5266761
	-> Index range scan on sbtest1 using k_1 over (5266661 <= k <= 5266761), with index condition: (sbtest1.k between 5266661 and 5266761)  (cost=50.7 rows=112)


table 2 : explain SELECT k, c FROM sbtest2 WHERE k BETWEEN 5266661 AND 5266761
	-> Index range scan on sbtest2 using k_2 over (5266661 <= k <= 5266761), with index condition: (sbtest2.k between 5266661 and 5266761)  (cost=44.8 rows=99)


table 3 : explain SELECT k, c FROM sbtest3 WHERE k BETWEEN 5266661 AND 5266761
	-> Index range scan on sbtest3 using k_3 over (5266661 <= k <= 5266761), with index condition: (sbtest3.k between 5266661 and 5266761)  (cost=53.4 rows=118)


table 4 : explain SELECT k, c FROM sbtest4 WHERE k BETWEEN 5266661 AND 5266761
	-> Index range scan on sbtest4 using k_4 over (5266661 <= k <= 5266761), with index condition: (sbtest4.k between 5266661 and 5266761)  (cost=41.7 rows=92)


table 5 : explain SELECT k, c FROM sbtest5 WHERE k BETWEEN 5266661 AND 5266761
	-> Index range scan on sbtest5 using k_5 over (5266661 <= k <= 5266761), with index condition: (sbtest5.k between 5266661 and 5266761)  (cost=44.8 rows=99)


table 6 : explain SELECT k, c FROM sbtest6 WHERE k BETWEEN 5266661 AND 5266761
	-> Index range scan on sbtest6 using k_6 over (5266661 <= k <= 5266761), with index condition: (sbtest6.k between 5266661 and 5266761)  (cost=45.7 rows=101)


table 7 : explain SELECT k, c FROM sbtest7 WHERE k BETWEEN 5266661 AND 5266761
	-> Index range scan on sbtest7 using k_7 over (5266661 <= k <= 5266761), with index condition: (sbtest7.k between 5266661 and 5266761)  (cost=42.1 rows=93)


table 8 : explain SELECT k, c FROM sbtest8 WHERE k BETWEEN 5266661 AND 5266761
	-> Index range scan on sbtest8 using k_8 over (5266661 <= k <= 5266761), with index condition: (sbtest8.k between 5266661 and 5266761)  (cost=45.3 rows=100)


explain: for range-notcovered :: explain SELECT k, c FROM sbtest%d WHERE k BETWEEN 6047958 AND 6048058
explain: for range-notcovered :: explain SELECT k, c FROM sbtest%d WHERE k BETWEEN 2584412 AND 2584512
explain: for range-notcovered :: explain SELECT k, c FROM sbtest%d WHERE k BETWEEN 2219702 AND 2219802
for range-notcovered
table 1 : explain SELECT k, c FROM sbtest1 WHERE k BETWEEN 3500666 AND 3500766
	-> Index range scan on sbtest1 using k_1 over (3500666 <= k <= 3500766), with index condition: (sbtest1.k between 3500666 and 3500766)  (cost=48.4 rows=107)


table 2 : explain SELECT k, c FROM sbtest2 WHERE k BETWEEN 3500666 AND 3500766
	-> Index range scan on sbtest2 using k_2 over (3500666 <= k <= 3500766), with index condition: (sbtest2.k between 3500666 and 3500766)  (cost=50.2 rows=111)


table 3 : explain SELECT k, c FROM sbtest3 WHERE k BETWEEN 3500666 AND 3500766
	-> Index range scan on sbtest3 using k_3 over (3500666 <= k <= 3500766), with index condition: (sbtest3.k between 3500666 and 3500766)  (cost=42.6 rows=94)


table 4 : explain SELECT k, c FROM sbtest4 WHERE k BETWEEN 3500666 AND 3500766
	-> Index range scan on sbtest4 using k_4 over (3500666 <= k <= 3500766), with index condition: (sbtest4.k between 3500666 and 3500766)  (cost=43.5 rows=96)


table 5 : explain SELECT k, c FROM sbtest5 WHERE k BETWEEN 3500666 AND 3500766
	-> Index range scan on sbtest5 using k_5 over (3500666 <= k <= 3500766), with index condition: (sbtest5.k between 3500666 and 3500766)  (cost=44.8 rows=99)


table 6 : explain SELECT k, c FROM sbtest6 WHERE k BETWEEN 3500666 AND 3500766
	-> Index range scan on sbtest6 using k_6 over (3500666 <= k <= 3500766), with index condition: (sbtest6.k between 3500666 and 3500766)  (cost=56.5 rows=125)


table 7 : explain SELECT k, c FROM sbtest7 WHERE k BETWEEN 3500666 AND 3500766
	-> Index range scan on sbtest7 using k_7 over (3500666 <= k <= 3500766), with index condition: (sbtest7.k between 3500666 and 3500766)  (cost=42.1 rows=93)


table 8 : explain SELECT k, c FROM sbtest8 WHERE k BETWEEN 3500666 AND 3500766
	-> Index range scan on sbtest8 using k_8 over (3500666 <= k <= 3500766), with index condition: (sbtest8.k between 3500666 and 3500766)  (cost=38.5 rows=85)


explain: for range-notcovered :: explain SELECT k, c FROM sbtest%d WHERE k BETWEEN 909953 AND 910053
explain: for range-notcovered :: explain SELECT k, c FROM sbtest%d WHERE k BETWEEN 6920643 AND 6920743explain: for range-notcovered :: explain SELECT k, c FROM sbtest%d WHERE k BETWEEN 1708641 AND 1708741explain: for range-notcovered :: explain SELECT k, c FROM sbtest%d WHERE k BETWEEN 5266661 AND 5266761


for range-notcovered
table 1 : explain SELECT k, c FROM sbtest1 WHERE k BETWEEN 6037781 AND 6037881
	-> Index range scan on sbtest1 using k_1 over (6037781 <= k <= 6037881), with index condition: (sbtest1.k between 6037781 and 6037881)  (cost=40.3 rows=89)


table 2 : explain SELECT k, c FROM sbtest2 WHERE k BETWEEN 6037781 AND 6037881
	-> Index range scan on sbtest2 using k_2 over (6037781 <= k <= 6037881), with index condition: (sbtest2.k between 6037781 and 6037881)  (cost=43.5 rows=96)


table 3 : explain SELECT k, c FROM sbtest3 WHERE k BETWEEN 6037781 AND 6037881
	-> Index range scan on sbtest3 using k_3 over (6037781 <= k <= 6037881), with index condition: (sbtest3.k between 6037781 and 6037881)  (cost=40.8 rows=90)


table 4 : explain SELECT k, c FROM sbtest4 WHERE k BETWEEN 6037781 AND 6037881
	-> Index range scan on sbtest4 using k_4 over (6037781 <= k <= 6037881), with index condition: (sbtest4.k between 6037781 and 6037881)  (cost=45.3 rows=100)


table 5 : explain SELECT k, c FROM sbtest5 WHERE k BETWEEN 6037781 AND 6037881
	-> Index range scan on sbtest5 using k_5 over (6037781 <= k <= 6037881), with index condition: (sbtest5.k between 6037781 and 6037881)  (cost=47.1 rows=104)


table 6 : explain SELECT k, c FROM sbtest6 WHERE k BETWEEN 6037781 AND 6037881
	-> Index range scan on sbtest6 using k_6 over (6037781 <= k <= 6037881), with index condition: (sbtest6.k between 6037781 and 6037881)  (cost=39.4 rows=87)


table 7 : explain SELECT k, c FROM sbtest7 WHERE k BETWEEN 6037781 AND 6037881
	-> Index range scan on sbtest7 using k_7 over (6037781 <= k <= 6037881), with index condition: (sbtest7.k between 6037781 and 6037881)  (cost=47.5 rows=105)


table 8 : explain SELECT k, c FROM sbtest8 WHERE k BETWEEN 6037781 AND 6037881
	-> Index range scan on sbtest8 using k_8 over (6037781 <= k <= 6037881), with index condition: (sbtest8.k between 6037781 and 6037881)  (cost=42.6 rows=94)


explain: for range-notcovered :: explain SELECT k, c FROM sbtest%d WHERE k BETWEEN 3500666 AND 3500766
explain: for range-notcovered :: explain SELECT k, c FROM sbtest%d WHERE k BETWEEN 7014826 AND 7014926
explain: for range-notcovered :: explain SELECT k, c FROM sbtest%d WHERE k BETWEEN 6037781 AND 6037881
explain: for range-notcovered :: explain SELECT k, c FROM sbtest%d WHERE k BETWEEN 1233980 AND 1234080
for range-notcovered
table 1 : explain SELECT k, c FROM sbtest1 WHERE k BETWEEN 8996302 AND 8996402
	-> Index range scan on sbtest1 using k_1 over (8996302 <= k <= 8996402), with index condition: (sbtest1.k between 8996302 and 8996402)  (cost=40.3 rows=89)


table 2 : explain SELECT k, c FROM sbtest2 WHERE k BETWEEN 8996302 AND 8996402
	-> Index range scan on sbtest2 using k_2 over (8996302 <= k <= 8996402), with index condition: (sbtest2.k between 8996302 and 8996402)  (cost=50.7 rows=112)


table 3 : explain SELECT k, c FROM sbtest3 WHERE k BETWEEN 8996302 AND 8996402
	-> Index range scan on sbtest3 using k_3 over (8996302 <= k <= 8996402), with index condition: (sbtest3.k between 8996302 and 8996402)  (cost=48.9 rows=108)


table 4 : explain SELECT k, c FROM sbtest4 WHERE k BETWEEN 8996302 AND 8996402
	-> Index range scan on sbtest4 using k_4 over (8996302 <= k <= 8996402), with index condition: (sbtest4.k between 8996302 and 8996402)  (cost=42.6 rows=94)


table 5 : explain SELECT k, c FROM sbtest5 WHERE k BETWEEN 8996302 AND 8996402
	-> Index range scan on sbtest5 using k_5 over (8996302 <= k <= 8996402), with index condition: (sbtest5.k between 8996302 and 8996402)  (cost=46.6 rows=103)


table 6 : explain SELECT k, c FROM sbtest6 WHERE k BETWEEN 8996302 AND 8996402
	-> Index range scan on sbtest6 using k_6 over (8996302 <= k <= 8996402), with index condition: (sbtest6.k between 8996302 and 8996402)  (cost=48.4 rows=107)


table 7 : explain SELECT k, c FROM sbtest7 WHERE k BETWEEN 8996302 AND 8996402
	-> Index range scan on sbtest7 using k_7 over (8996302 <= k <= 8996402), with index condition: (sbtest7.k between 8996302 and 8996402)  (cost=48.9 rows=108)


table 8 : explain SELECT k, c FROM sbtest8 WHERE k BETWEEN 8996302 AND 8996402
	-> Index range scan on sbtest8 using k_8 over (8996302 <= k <= 8996402), with index condition: (sbtest8.k between 8996302 and 8996402)  (cost=41.2 rows=91)

for range-notcovered
table 1 : explain SELECT k, c FROM sbtest1 WHERE k BETWEEN 7783650 AND 7783750
	-> Index range scan on sbtest1 using k_1 over (7783650 <= k <= 7783750), with index condition: (sbtest1.k between 7783650 and 7783750)  (cost=52.5 rows=116)


table 2 : explain SELECT k, c FROM sbtest2 WHERE k BETWEEN 7783650 AND 7783750
	-> Index range scan on sbtest2 using k_2 over (7783650 <= k <= 7783750), with index condition: (sbtest2.k between 7783650 and 7783750)  (cost=43.9 rows=97)


table 3 : explain SELECT k, c FROM sbtest3 WHERE k BETWEEN 7783650 AND 7783750
	-> Index range scan on sbtest3 using k_3 over (7783650 <= k <= 7783750), with index condition: (sbtest3.k between 7783650 and 7783750)  (cost=38.5 rows=85)


table 4 : explain SELECT k, c FROM sbtest4 WHERE k BETWEEN 7783650 AND 7783750
	-> Index range scan on sbtest4 using k_4 over (7783650 <= k <= 7783750), with index condition: (sbtest4.k between 7783650 and 7783750)  (cost=44.8 rows=99)


table 5 : explain SELECT k, c FROM sbtest5 WHERE k BETWEEN 7783650 AND 7783750
	-> Index range scan on sbtest5 using k_5 over (7783650 <= k <= 7783750), with index condition: (sbtest5.k between 7783650 and 7783750)  (cost=44.4 rows=98)


table 6 : explain SELECT k, c FROM sbtest6 WHERE k BETWEEN 7783650 AND 7783750
	-> Index range scan on sbtest6 using k_6 over (7783650 <= k <= 7783750), with index condition: (sbtest6.k between 7783650 and 7783750)  (cost=47.5 rows=105)


table 7 : explain SELECT k, c FROM sbtest7 WHERE k BETWEEN 7783650 AND 7783750
	-> Index range scan on sbtest7 using k_7 over (7783650 <= k <= 7783750), with index condition: (sbtest7.k between 7783650 and 7783750)  (cost=46.6 rows=103)


table 8 : explain SELECT k, c FROM sbtest8 WHERE k BETWEEN 7783650 AND 7783750
	-> Index range scan on sbtest8 using k_8 over (7783650 <= k <= 7783750), with index condition: (sbtest8.k between 7783650 and 7783750)  (cost=47.5 rows=105)



for range-notcovered
table 1 : explain SELECT k, c FROM sbtest1 WHERE k BETWEEN 6302321 AND 6302421
	-> Index range scan on sbtest1 using k_1 over (6302321 <= k <= 6302421), with index condition: (sbtest1.k between 6302321 and 6302421)  (cost=45.7 rows=101)


table 2 : explain SELECT k, c FROM sbtest2 WHERE k BETWEEN 6302321 AND 6302421
	-> Index range scan on sbtest2 using k_2 over (6302321 <= k <= 6302421), with index condition: (sbtest2.k between 6302321 and 6302421)  (cost=42.1 rows=93)


table 3 : explain SELECT k, c FROM sbtest3 WHERE k BETWEEN 6302321 AND 6302421
	-> Index range scan on sbtest3 using k_3 over (6302321 <= k <= 6302421), with index condition: (sbtest3.k between 6302321 and 6302421)  (cost=48.9 rows=108)


table 4 : explain SELECT k, c FROM sbtest4 WHERE k BETWEEN 6302321 AND 6302421
	-> Index range scan on sbtest4 using k_4 over (6302321 <= k <= 6302421), with index condition: (sbtest4.k between 6302321 and 6302421)  (cost=41.2 rows=91)


table 5 : explain SELECT k, c FROM sbtest5 WHERE k BETWEEN 6302321 AND 6302421
	-> Index range scan on sbtest5 using k_5 over (6302321 <= k <= 6302421), with index condition: (sbtest5.k between 6302321 and 6302421)  (cost=39.4 rows=87)


table 6 : explain SELECT k, c FROM sbtest6 WHERE k BETWEEN 6302321 AND 6302421
	-> Index range scan on sbtest6 using k_6 over (6302321 <= k <= 6302421), with index condition: (sbtest6.k between 6302321 and 6302421)  (cost=49.3 rows=109)


table 7 : explain SELECT k, c FROM sbtest7 WHERE k BETWEEN 6302321 AND 6302421
	-> Index range scan on sbtest7 using k_7 over (6302321 <= k <= 6302421), with index condition: (sbtest7.k between 6302321 and 6302421)  (cost=47.1 rows=104)


table 8 : explain SELECT k, c FROM sbtest8 WHERE k BETWEEN 6302321 AND 6302421
	-> Index range scan on sbtest8 using k_8 over (6302321 <= k <= 6302421), with index condition: (sbtest8.k between 6302321 and 6302421)  (cost=39.4 rows=87)


for range-notcovered
table 1 : explain SELECT k, c FROM sbtest1 WHERE k BETWEEN 3918349 AND 3918449
	-> Index range scan on sbtest1 using k_1 over (3918349 <= k <= 3918449), with index condition: (sbtest1.k between 3918349 and 3918449)  (cost=44.8 rows=99)


table 2 : explain SELECT k, c FROM sbtest2 WHERE k BETWEEN 3918349 AND 3918449
	-> Index range scan on sbtest2 using k_2 over (3918349 <= k <= 3918449), with index condition: (sbtest2.k between 3918349 and 3918449)  (cost=47.5 rows=105)


table 3 : explain SELECT k, c FROM sbtest3 WHERE k BETWEEN 3918349 AND 3918449
	-> Index range scan on sbtest3 using k_3 over (3918349 <= k <= 3918449), with index condition: (sbtest3.k between 3918349 and 3918449)  (cost=44.4 rows=98)


table 4 : explain SELECT k, c FROM sbtest4 WHERE k BETWEEN 3918349 AND 3918449
	-> Index range scan on sbtest4 using k_4 over (3918349 <= k <= 3918449), with index condition: (sbtest4.k between 3918349 and 3918449)  (cost=47.1 rows=104)


table 5 : explain SELECT k, c FROM sbtest5 WHERE k BETWEEN 3918349 AND 3918449
	-> Index range scan on sbtest5 using k_5 over (3918349 <= k <= 3918449), with index condition: (sbtest5.k between 3918349 and 3918449)  (cost=48 rows=106)


table 6 : explain SELECT k, c FROM sbtest6 WHERE k BETWEEN 3918349 AND 3918449
	-> Index range scan on sbtest6 using k_6 over (3918349 <= k <= 3918449), with index condition: (sbtest6.k between 3918349 and 3918449)  (cost=38.1 rows=84)


table 7 : explain SELECT k, c FROM sbtest7 WHERE k BETWEEN 3918349 AND 3918449
	-> Index range scan on sbtest7 using k_7 over (3918349 <= k <= 3918449), with index condition: (sbtest7.k between 3918349 and 3918449)  (cost=43 rows=95)


table 8 : explain SELECT k, c FROM sbtest8 WHERE k BETWEEN 3918349 AND 3918449
	-> Index range scan on sbtest8 using k_8 over (3918349 <= k <= 3918449), with index condition: (sbtest8.k between 3918349 and 3918449)  (cost=48.4 rows=107)


for range-notcovered
table 1 : explain SELECT k, c FROM sbtest1 WHERE k BETWEEN 4593795 AND 4593895
	-> Index range scan on sbtest1 using k_1 over (4593795 <= k <= 4593895), with index condition: (sbtest1.k between 4593795 and 4593895)  (cost=45.3 rows=100)


table 2 : explain SELECT k, c FROM sbtest2 WHERE k BETWEEN 4593795 AND 4593895
	-> Index range scan on sbtest2 using k_2 over (4593795 <= k <= 4593895), with index condition: (sbtest2.k between 4593795 and 4593895)  (cost=42.6 rows=94)


table 3 : explain SELECT k, c FROM sbtest3 WHERE k BETWEEN 4593795 AND 4593895
	-> Index range scan on sbtest3 using k_3 over (4593795 <= k <= 4593895), with index condition: (sbtest3.k between 4593795 and 4593895)  (cost=47.5 rows=105)


table 4 : explain SELECT k, c FROM sbtest4 WHERE k BETWEEN 4593795 AND 4593895
	-> Index range scan on sbtest4 using k_4 over (4593795 <= k <= 4593895), with index condition: (sbtest4.k between 4593795 and 4593895)  (cost=49.3 rows=109)


table 5 : explain SELECT k, c FROM sbtest5 WHERE k BETWEEN 4593795 AND 4593895
	-> Index range scan on sbtest5 using k_5 over (4593795 <= k <= 4593895), with index condition: (sbtest5.k between 4593795 and 4593895)  (cost=44.4 rows=98)


table 6 : explain SELECT k, c FROM sbtest6 WHERE k BETWEEN 4593795 AND 4593895
	-> Index range scan on sbtest6 using k_6 over (4593795 <= k <= 4593895), with index condition: (sbtest6.k between 4593795 and 4593895)  (cost=43.9 rows=97)


table 7 : explain SELECT k, c FROM sbtest7 WHERE k BETWEEN 4593795 AND 4593895
	-> Index range scan on sbtest7 using k_7 over (4593795 <= k <= 4593895), with index condition: (sbtest7.k between 4593795 and 4593895)  (cost=47.1 rows=104)


table 8 : explain SELECT k, c FROM sbtest8 WHERE k BETWEEN 4593795 AND 4593895
	-> Index range scan on sbtest8 using k_8 over (4593795 <= k <= 4593895), with index condition: (sbtest8.k between 4593795 and 4593895)  (cost=45.7 rows=101)


for range-notcovered
table 1 : explain SELECT k, c FROM sbtest1 WHERE k BETWEEN 6458757 AND 6458857
	-> Index range scan on sbtest1 using k_1 over (6458757 <= k <= 6458857), with index condition: (sbtest1.k between 6458757 and 6458857)  (cost=43.9 rows=97)


table 2 : explain SELECT k, c FROM sbtest2 WHERE k BETWEEN 6458757 AND 6458857
	-> Index range scan on sbtest2 using k_2 over (6458757 <= k <= 6458857), with index condition: (sbtest2.k between 6458757 and 6458857)  (cost=51.1 rows=113)


table 3 : explain SELECT k, c FROM sbtest3 WHERE k BETWEEN 6458757 AND 6458857
	-> Index range scan on sbtest3 using k_3 over (6458757 <= k <= 6458857), with index condition: (sbtest3.k between 6458757 and 6458857)  (cost=46.2 rows=102)


table 4 : explain SELECT k, c FROM sbtest4 WHERE k BETWEEN 6458757 AND 6458857
	-> Index range scan on sbtest4 using k_4 over (6458757 <= k <= 6458857), with index condition: (sbtest4.k between 6458757 and 6458857)  (cost=43 rows=95)


table 5 : explain SELECT k, c FROM sbtest5 WHERE k BETWEEN 6458757 AND 6458857
	-> Index range scan on sbtest5 using k_5 over (6458757 <= k <= 6458857), with index condition: (sbtest5.k between 6458757 and 6458857)  (cost=40.8 rows=90)


table 6 : explain SELECT k, c FROM sbtest6 WHERE k BETWEEN 6458757 AND 6458857
	-> Index range scan on sbtest6 using k_6 over (6458757 <= k <= 6458857), with index condition: (sbtest6.k between 6458757 and 6458857)  (cost=39.9 rows=88)


table 7 : explain SELECT k, c FROM sbtest7 WHERE k BETWEEN 6458757 AND 6458857
	-> Index range scan on sbtest7 using k_7 over (6458757 <= k <= 6458857), with index condition: (sbtest7.k between 6458757 and 6458857)  (cost=54.7 rows=121)


table 8 : explain SELECT k, c FROM sbtest8 WHERE k BETWEEN 6458757 AND 6458857
	-> Index range scan on sbtest8 using k_8 over (6458757 <= k <= 6458857), with index condition: (sbtest8.k between 6458757 and 6458857)  (cost=42.1 rows=93)


for range-notcovered
table 1 : explain SELECT k, c FROM sbtest1 WHERE k BETWEEN 7430313 AND 7430413
	-> Index range scan on sbtest1 using k_1 over (7430313 <= k <= 7430413), with index condition: (sbtest1.k between 7430313 and 7430413)  (cost=42.1 rows=93)


table 2 : explain SELECT k, c FROM sbtest2 WHERE k BETWEEN 7430313 AND 7430413
	-> Index range scan on sbtest2 using k_2 over (7430313 <= k <= 7430413), with index condition: (sbtest2.k between 7430313 and 7430413)  (cost=49.8 rows=110)


table 3 : explain SELECT k, c FROM sbtest3 WHERE k BETWEEN 7430313 AND 7430413
	-> Index range scan on sbtest3 using k_3 over (7430313 <= k <= 7430413), with index condition: (sbtest3.k between 7430313 and 7430413)  (cost=44.8 rows=99)


table 4 : explain SELECT k, c FROM sbtest4 WHERE k BETWEEN 7430313 AND 7430413
	-> Index range scan on sbtest4 using k_4 over (7430313 <= k <= 7430413), with index condition: (sbtest4.k between 7430313 and 7430413)  (cost=45.7 rows=101)


table 5 : explain SELECT k, c FROM sbtest5 WHERE k BETWEEN 7430313 AND 7430413
	-> Index range scan on sbtest5 using k_5 over (7430313 <= k <= 7430413), with index condition: (sbtest5.k between 7430313 and 7430413)  (cost=44.8 rows=99)


table 6 : explain SELECT k, c FROM sbtest6 WHERE k BETWEEN 7430313 AND 7430413
	-> Index range scan on sbtest6 using k_6 over (7430313 <= k <= 7430413), with index condition: (sbtest6.k between 7430313 and 7430413)  (cost=46.2 rows=102)


table 7 : explain SELECT k, c FROM sbtest7 WHERE k BETWEEN 7430313 AND 7430413
	-> Index range scan on sbtest7 using k_7 over (7430313 <= k <= 7430413), with index condition: (sbtest7.k between 7430313 and 7430413)  (cost=48 rows=106)


table 8 : explain SELECT k, c FROM sbtest8 WHERE k BETWEEN 7430313 AND 7430413
	-> Index range scan on sbtest8 using k_8 over (7430313 <= k <= 7430413), with index condition: (sbtest8.k between 7430313 and 7430413)  (cost=39.4 rows=87)


for range-notcovered
table 1 : explain SELECT k, c FROM sbtest1 WHERE k BETWEEN 8503989 AND 8504089
	-> Index range scan on sbtest1 using k_1 over (8503989 <= k <= 8504089), with index condition: (sbtest1.k between 8503989 and 8504089)  (cost=48 rows=106)


table 2 : explain SELECT k, c FROM sbtest2 WHERE k BETWEEN 8503989 AND 8504089
	-> Index range scan on sbtest2 using k_2 over (8503989 <= k <= 8504089), with index condition: (sbtest2.k between 8503989 and 8504089)  (cost=48.4 rows=107)


table 3 : explain SELECT k, c FROM sbtest3 WHERE k BETWEEN 8503989 AND 8504089
	-> Index range scan on sbtest3 using k_3 over (8503989 <= k <= 8504089), with index condition: (sbtest3.k between 8503989 and 8504089)  (cost=47.1 rows=104)


table 4 : explain SELECT k, c FROM sbtest4 WHERE k BETWEEN 8503989 AND 8504089
	-> Index range scan on sbtest4 using k_4 over (8503989 <= k <= 8504089), with index condition: (sbtest4.k between 8503989 and 8504089)  (cost=54.7 rows=121)


table 5 : explain SELECT k, c FROM sbtest5 WHERE k BETWEEN 8503989 AND 8504089
	-> Index range scan on sbtest5 using k_5 over (8503989 <= k <= 8504089), with index condition: (sbtest5.k between 8503989 and 8504089)  (cost=44.8 rows=99)


table 6 : explain SELECT k, c FROM sbtest6 WHERE k BETWEEN 8503989 AND 8504089
	-> Index range scan on sbtest6 using k_6 over (8503989 <= k <= 8504089), with index condition: (sbtest6.k between 8503989 and 8504089)  (cost=43.5 rows=96)


table 7 : explain SELECT k, c FROM sbtest7 WHERE k BETWEEN 8503989 AND 8504089
	-> Index range scan on sbtest7 using k_7 over (8503989 <= k <= 8504089), with index condition: (sbtest7.k between 8503989 and 8504089)  (cost=47.1 rows=104)


table 8 : explain SELECT k, c FROM sbtest8 WHERE k BETWEEN 8503989 AND 8504089
	-> Index range scan on sbtest8 using k_8 over (8503989 <= k <= 8504089), with index condition: (sbtest8.k between 8503989 and 8504089)  (cost=48.9 rows=108)


explain: for range-notcovered :: explain SELECT k, c FROM sbtest%d WHERE k BETWEEN 8996302 AND 8996402for range-notcovered
table 1 : explain SELECT k, c FROM sbtest1 WHERE k BETWEEN 9009088 AND 9009188
	-> Index range scan on sbtest1 using k_1 over (9009088 <= k <= 9009188), with index condition: (sbtest1.k between 9009088 and 9009188)  (cost=51.6 rows=114)


table 2 : explain SELECT k, c FROM sbtest2 WHERE k BETWEEN 9009088 AND 9009188
	-> Index range scan on sbtest2 using k_2 over (9009088 <= k <= 9009188), with index condition: (sbtest2.k between 9009088 and 9009188)  (cost=54.3 rows=120)


table 3 : explain SELECT k, c FROM sbtest3 WHERE k BETWEEN 9009088 AND 9009188
	-> Index range scan on sbtest3 using k_3 over (9009088 <= k <= 9009188), with index condition: (sbtest3.k between 9009088 and 9009188)  (cost=54.3 rows=120)


table 4 : explain SELECT k, c FROM sbtest4 WHERE k BETWEEN 9009088 AND 9009188
	-> Index range scan on sbtest4 using k_4 over (9009088 <= k <= 9009188), with index condition: (sbtest4.k between 9009088 and 9009188)  (cost=44.8 rows=99)


table 5 : explain SELECT k, c FROM sbtest5 WHERE k BETWEEN 9009088 AND 9009188
	-> Index range scan on sbtest5 using k_5 over (9009088 <= k <= 9009188), with index condition: (sbtest5.k between 9009088 and 9009188)  (cost=42.6 rows=94)


table 6 : explain SELECT k, c FROM sbtest6 WHERE k BETWEEN 9009088 AND 9009188
	-> Index range scan on sbtest6 using k_6 over (9009088 <= k <= 9009188), with index condition: (sbtest6.k between 9009088 and 9009188)  (cost=35.8 rows=79)


table 7 : explain SELECT k, c FROM sbtest7 WHERE k BETWEEN 9009088 AND 9009188
	-> Index range scan on sbtest7 using k_7 over (9009088 <= k <= 9009188), with index condition: (sbtest7.k between 9009088 and 9009188)  (cost=38.5 rows=85)


table 8 : explain SELECT k, c FROM sbtest8 WHERE k BETWEEN 9009088 AND 9009188
	-> Index range scan on sbtest8 using k_8 over (9009088 <= k <= 9009188), with index condition: (sbtest8.k between 9009088 and 9009188)  (cost=44.8 rows=99)


explain: for range-notcovered :: explain SELECT k, c FROM sbtest%d WHERE k BETWEEN 6302321 AND 6302421for range-notcovered
table 1 : explain SELECT k, c FROM sbtest1 WHERE k BETWEEN 2291520 AND 2291620
	-> Index range scan on sbtest1 using k_1 over (2291520 <= k <= 2291620), with index condition: (sbtest1.k between 2291520 and 2291620)  (cost=47.1 rows=104)


table 2 : explain SELECT k, c FROM sbtest2 WHERE k BETWEEN 2291520 AND 2291620
	-> Index range scan on sbtest2 using k_2 over (2291520 <= k <= 2291620), with index condition: (sbtest2.k between 2291520 and 2291620)  (cost=45.3 rows=100)


table 3 : explain SELECT k, c FROM sbtest3 WHERE k BETWEEN 2291520 AND 2291620
	-> Index range scan on sbtest3 using k_3 over (2291520 <= k <= 2291620), with index condition: (sbtest3.k between 2291520 and 2291620)  (cost=47.5 rows=105)


table 4 : explain SELECT k, c FROM sbtest4 WHERE k BETWEEN 2291520 AND 2291620
	-> Index range scan on sbtest4 using k_4 over (2291520 <= k <= 2291620), with index condition: (sbtest4.k between 2291520 and 2291620)  (cost=45.7 rows=101)


table 5 : explain SELECT k, c FROM sbtest5 WHERE k BETWEEN 2291520 AND 2291620
	-> Index range scan on sbtest5 using k_5 over (2291520 <= k <= 2291620), with index condition: (sbtest5.k between 2291520 and 2291620)  (cost=47.5 rows=105)


table 6 : explain SELECT k, c FROM sbtest6 WHERE k BETWEEN 2291520 AND 2291620
	-> Index range scan on sbtest6 using k_6 over (2291520 <= k <= 2291620), with index condition: (sbtest6.k between 2291520 and 2291620)  (cost=47.5 rows=105)


table 7 : explain SELECT k, c FROM sbtest7 WHERE k BETWEEN 2291520 AND 2291620
	-> Index range scan on sbtest7 using k_7 over (2291520 <= k <= 2291620), with index condition: (sbtest7.k between 2291520 and 2291620)  (cost=46.6 rows=103)


table 8 : explain SELECT k, c FROM sbtest8 WHERE k BETWEEN 2291520 AND 2291620
	-> Index range scan on sbtest8 using k_8 over (2291520 <= k <= 2291620), with index condition: (sbtest8.k between 2291520 and 2291620)  (cost=43 rows=95)


explain: for range-notcovered :: explain SELECT k, c FROM sbtest%d WHERE k BETWEEN 6458757 AND 6458857
for range-notcovered
table 1 : explain SELECT k, c FROM sbtest1 WHERE k BETWEEN 7571624 AND 7571724
	-> Index range scan on sbtest1 using k_1 over (7571624 <= k <= 7571724), with index condition: (sbtest1.k between 7571624 and 7571724)  (cost=45.7 rows=101)


table 2 : explain SELECT k, c FROM sbtest2 WHERE k BETWEEN 7571624 AND 7571724
	-> Index range scan on sbtest2 using k_2 over (7571624 <= k <= 7571724), with index condition: (sbtest2.k between 7571624 and 7571724)  (cost=49.8 rows=110)


table 3 : explain SELECT k, c FROM sbtest3 WHERE k BETWEEN 7571624 AND 7571724
	-> Index range scan on sbtest3 using k_3 over (7571624 <= k <= 7571724), with index condition: (sbtest3.k between 7571624 and 7571724)  (cost=40.3 rows=89)


table 4 : explain SELECT k, c FROM sbtest4 WHERE k BETWEEN 7571624 AND 7571724
	-> Index range scan on sbtest4 using k_4 over (7571624 <= k <= 7571724), with index condition: (sbtest4.k between 7571624 and 7571724)  (cost=48 rows=106)


table 5 : explain SELECT k, c FROM sbtest5 WHERE k BETWEEN 7571624 AND 7571724
	-> Index range scan on sbtest5 using k_5 over (7571624 <= k <= 7571724), with index condition: (sbtest5.k between 7571624 and 7571724)  (cost=49.3 rows=109)


table 6 : explain SELECT k, c FROM sbtest6 WHERE k BETWEEN 7571624 AND 7571724
	-> Index range scan on sbtest6 using k_6 over (7571624 <= k <= 7571724), with index condition: (sbtest6.k between 7571624 and 7571724)  (cost=49.3 rows=109)


table 7 : explain SELECT k, c FROM sbtest7 WHERE k BETWEEN 7571624 AND 7571724
	-> Index range scan on sbtest7 using k_7 over (7571624 <= k <= 7571724), with index condition: (sbtest7.k between 7571624 and 7571724)  (cost=41.2 rows=91)


table 8 : explain SELECT k, c FROM sbtest8 WHERE k BETWEEN 7571624 AND 7571724
	-> Index range scan on sbtest8 using k_8 over (7571624 <= k <= 7571724), with index condition: (sbtest8.k between 7571624 and 7571724)  (cost=44.4 rows=98)


for range-notcovered
table 1 : explain SELECT k, c FROM sbtest1 WHERE k BETWEEN 4178071 AND 4178171
	-> Index range scan on sbtest1 using k_1 over (4178071 <= k <= 4178171), with index condition: (sbtest1.k between 4178071 and 4178171)  (cost=50.7 rows=112)


table 2 : explain SELECT k, c FROM sbtest2 WHERE k BETWEEN 4178071 AND 4178171
	-> Index range scan on sbtest2 using k_2 over (4178071 <= k <= 4178171), with index condition: (sbtest2.k between 4178071 and 4178171)  (cost=43.5 rows=96)


table 3 : explain SELECT k, c FROM sbtest3 WHERE k BETWEEN 4178071 AND 4178171
	-> Index range scan on sbtest3 using k_3 over (4178071 <= k <= 4178171), with index condition: (sbtest3.k between 4178071 and 4178171)  (cost=42.6 rows=94)


table 4 : explain SELECT k, c FROM sbtest4 WHERE k BETWEEN 4178071 AND 4178171
	-> Index range scan on sbtest4 using k_4 over (4178071 <= k <= 4178171), with index condition: (sbtest4.k between 4178071 and 4178171)  (cost=53.4 rows=118)


table 5 : explain SELECT k, c FROM sbtest5 WHERE k BETWEEN 4178071 AND 4178171
	-> Index range scan on sbtest5 using k_5 over (4178071 <= k <= 4178171), with index condition: (sbtest5.k between 4178071 and 4178171)  (cost=48.9 rows=108)


table 6 : explain SELECT k, c FROM sbtest6 WHERE k BETWEEN 4178071 AND 4178171
	-> Index range scan on sbtest6 using k_6 over (4178071 <= k <= 4178171), with index condition: (sbtest6.k between 4178071 and 4178171)  (cost=43.9 rows=97)


table 7 : explain SELECT k, c FROM sbtest7 WHERE k BETWEEN 4178071 AND 4178171
	-> Index range scan on sbtest7 using k_7 over (4178071 <= k <= 4178171), with index condition: (sbtest7.k between 4178071 and 4178171)  (cost=53.8 rows=119)


table 8 : explain SELECT k, c FROM sbtest8 WHERE k BETWEEN 4178071 AND 4178171
	-> Index range scan on sbtest8 using k_8 over (4178071 <= k <= 4178171), with index condition: (sbtest8.k between 4178071 and 4178171)  (cost=49.8 rows=110)

explain: for range-notcovered :: explain SELECT k, c FROM sbtest%d WHERE k BETWEEN 8503989 AND 8504089
explain: for range-notcovered :: explain SELECT k, c FROM sbtest%d WHERE k BETWEEN 7783650 AND 7783750
explain: for range-notcovered :: explain SELECT k, c FROM sbtest%d WHERE k BETWEEN 4143083 AND 4143183
for range-notcovered
table 1 : explain SELECT k, c FROM sbtest1 WHERE k BETWEEN 5160046 AND 5160146
	-> Index range scan on sbtest1 using k_1 over (5160046 <= k <= 5160146), with index condition: (sbtest1.k between 5160046 and 5160146)  (cost=45.7 rows=101)


table 2 : explain SELECT k, c FROM sbtest2 WHERE k BETWEEN 5160046 AND 5160146
	-> Index range scan on sbtest2 using k_2 over (5160046 <= k <= 5160146), with index condition: (sbtest2.k between 5160046 and 5160146)  (cost=51.1 rows=113)


table 3 : explain SELECT k, c FROM sbtest3 WHERE k BETWEEN 5160046 AND 5160146
	-> Index range scan on sbtest3 using k_3 over (5160046 <= k <= 5160146), with index condition: (sbtest3.k between 5160046 and 5160146)  (cost=49.8 rows=110)


table 4 : explain SELECT k, c FROM sbtest4 WHERE k BETWEEN 5160046 AND 5160146
	-> Index range scan on sbtest4 using k_4 over (5160046 <= k <= 5160146), with index condition: (sbtest4.k between 5160046 and 5160146)  (cost=53.4 rows=118)


table 5 : explain SELECT k, c FROM sbtest5 WHERE k BETWEEN 5160046 AND 5160146
	-> Index range scan on sbtest5 using k_5 over (5160046 <= k <= 5160146), with index condition: (sbtest5.k between 5160046 and 5160146)  (cost=47.1 rows=104)


table 6 : explain SELECT k, c FROM sbtest6 WHERE k BETWEEN 5160046 AND 5160146
	-> Index range scan on sbtest6 using k_6 over (5160046 <= k <= 5160146), with index condition: (sbtest6.k between 5160046 and 5160146)  (cost=43 rows=95)


table 7 : explain SELECT k, c FROM sbtest7 WHERE k BETWEEN 5160046 AND 5160146
	-> Index range scan on sbtest7 using k_7 over (5160046 <= k <= 5160146), with index condition: (sbtest7.k between 5160046 and 5160146)  (cost=44.4 rows=98)


table 8 : explain SELECT k, c FROM sbtest8 WHERE k BETWEEN 5160046 AND 5160146
	-> Index range scan on sbtest8 using k_8 over (5160046 <= k <= 5160146), with index condition: (sbtest8.k between 5160046 and 5160146)  (cost=45.7 rows=101)


for range-notcovered
table 1 : explain SELECT k, c FROM sbtest1 WHERE k BETWEEN 2655227 AND 2655327
	-> Index range scan on sbtest1 using k_1 over (2655227 <= k <= 2655327), with index condition: (sbtest1.k between 2655227 and 2655327)  (cost=42.1 rows=93)


table 2 : explain SELECT k, c FROM sbtest2 WHERE k BETWEEN 2655227 AND 2655327
	-> Index range scan on sbtest2 using k_2 over (2655227 <= k <= 2655327), with index condition: (sbtest2.k between 2655227 and 2655327)  (cost=43 rows=95)


table 3 : explain SELECT k, c FROM sbtest3 WHERE k BETWEEN 2655227 AND 2655327
	-> Index range scan on sbtest3 using k_3 over (2655227 <= k <= 2655327), with index condition: (sbtest3.k between 2655227 and 2655327)  (cost=48 rows=106)


table 4 : explain SELECT k, c FROM sbtest4 WHERE k BETWEEN 2655227 AND 2655327
	-> Index range scan on sbtest4 using k_4 over (2655227 <= k <= 2655327), with index condition: (sbtest4.k between 2655227 and 2655327)  (cost=47.1 rows=104)


table 5 : explain SELECT k, c FROM sbtest5 WHERE k BETWEEN 2655227 AND 2655327
	-> Index range scan on sbtest5 using k_5 over (2655227 <= k <= 2655327), with index condition: (sbtest5.k between 2655227 and 2655327)  (cost=41.7 rows=92)


table 6 : explain SELECT k, c FROM sbtest6 WHERE k BETWEEN 2655227 AND 2655327
	-> Index range scan on sbtest6 using k_6 over (2655227 <= k <= 2655327), with index condition: (sbtest6.k between 2655227 and 2655327)  (cost=41.7 rows=92)


table 7 : explain SELECT k, c FROM sbtest7 WHERE k BETWEEN 2655227 AND 2655327
	-> Index range scan on sbtest7 using k_7 over (2655227 <= k <= 2655327), with index condition: (sbtest7.k between 2655227 and 2655327)  (cost=44.8 rows=99)


table 8 : explain SELECT k, c FROM sbtest8 WHERE k BETWEEN 2655227 AND 2655327
	-> Index range scan on sbtest8 using k_8 over (2655227 <= k <= 2655327), with index condition: (sbtest8.k between 2655227 and 2655327)  (cost=47.5 rows=105)


explain: for range-notcovered :: explain SELECT k, c FROM sbtest%d WHERE k BETWEEN 7430313 AND 7430413
for range-notcovered
table 1 : explain SELECT k, c FROM sbtest1 WHERE k BETWEEN 3016335 AND 3016435
	-> Index range scan on sbtest1 using k_1 over (3016335 <= k <= 3016435), with index condition: (sbtest1.k between 3016335 and 3016435)  (cost=38.1 rows=84)


table 2 : explain SELECT k, c FROM sbtest2 WHERE k BETWEEN 3016335 AND 3016435
	-> Index range scan on sbtest2 using k_2 over (3016335 <= k <= 3016435), with index condition: (sbtest2.k between 3016335 and 3016435)  (cost=43 rows=95)


table 3 : explain SELECT k, c FROM sbtest3 WHERE k BETWEEN 3016335 AND 3016435
	-> Index range scan on sbtest3 using k_3 over (3016335 <= k <= 3016435), with index condition: (sbtest3.k between 3016335 and 3016435)  (cost=38.1 rows=84)


table 4 : explain SELECT k, c FROM sbtest4 WHERE k BETWEEN 3016335 AND 3016435
	-> Index range scan on sbtest4 using k_4 over (3016335 <= k <= 3016435), with index condition: (sbtest4.k between 3016335 and 3016435)  (cost=46.2 rows=102)


table 5 : explain SELECT k, c FROM sbtest5 WHERE k BETWEEN 3016335 AND 3016435
	-> Index range scan on sbtest5 using k_5 over (3016335 <= k <= 3016435), with index condition: (sbtest5.k between 3016335 and 3016435)  (cost=35.4 rows=78)


table 6 : explain SELECT k, c FROM sbtest6 WHERE k BETWEEN 3016335 AND 3016435
	-> Index range scan on sbtest6 using k_6 over (3016335 <= k <= 3016435), with index condition: (sbtest6.k between 3016335 and 3016435)  (cost=32.7 rows=72)


table 7 : explain SELECT k, c FROM sbtest7 WHERE k BETWEEN 3016335 AND 3016435
	-> Index range scan on sbtest7 using k_7 over (3016335 <= k <= 3016435), with index condition: (sbtest7.k between 3016335 and 3016435)  (cost=49.8 rows=110)


table 8 : explain SELECT k, c FROM sbtest8 WHERE k BETWEEN 3016335 AND 3016435
	-> Index range scan on sbtest8 using k_8 over (3016335 <= k <= 3016435), with index condition: (sbtest8.k between 3016335 and 3016435)  (cost=42.6 rows=94)


for range-notcovered
table 1 : explain SELECT k, c FROM sbtest1 WHERE k BETWEEN 7507441 AND 7507541
	-> Index range scan on sbtest1 using k_1 over (7507441 <= k <= 7507541), with index condition: (sbtest1.k between 7507441 and 7507541)  (cost=45.3 rows=100)


table 2 : explain SELECT k, c FROM sbtest2 WHERE k BETWEEN 7507441 AND 7507541
	-> Index range scan on sbtest2 using k_2 over (7507441 <= k <= 7507541), with index condition: (sbtest2.k between 7507441 and 7507541)  (cost=42.1 rows=93)


table 3 : explain SELECT k, c FROM sbtest3 WHERE k BETWEEN 7507441 AND 7507541
	-> Index range scan on sbtest3 using k_3 over (7507441 <= k <= 7507541), with index condition: (sbtest3.k between 7507441 and 7507541)  (cost=50.2 rows=111)


table 4 : explain SELECT k, c FROM sbtest4 WHERE k BETWEEN 7507441 AND 7507541
	-> Index range scan on sbtest4 using k_4 over (7507441 <= k <= 7507541), with index condition: (sbtest4.k between 7507441 and 7507541)  (cost=44.8 rows=99)


table 5 : explain SELECT k, c FROM sbtest5 WHERE k BETWEEN 7507441 AND 7507541
	-> Index range scan on sbtest5 using k_5 over (7507441 <= k <= 7507541), with index condition: (sbtest5.k between 7507441 and 7507541)  (cost=48.4 rows=107)


table 6 : explain SELECT k, c FROM sbtest6 WHERE k BETWEEN 7507441 AND 7507541
	-> Index range scan on sbtest6 using k_6 over (7507441 <= k <= 7507541), with index condition: (sbtest6.k between 7507441 and 7507541)  (cost=43 rows=95)


table 7 : explain SELECT k, c FROM sbtest7 WHERE k BETWEEN 7507441 AND 7507541
	-> Index range scan on sbtest7 using k_7 over (7507441 <= k <= 7507541), with index condition: (sbtest7.k between 7507441 and 7507541)  (cost=45.7 rows=101)


table 8 : explain SELECT k, c FROM sbtest8 WHERE k BETWEEN 7507441 AND 7507541
	-> Index range scan on sbtest8 using k_8 over (7507441 <= k <= 7507541), with index condition: (sbtest8.k between 7507441 and 7507541)  (cost=55.6 rows=123)


explain: for range-notcovered :: explain SELECT k, c FROM sbtest%d WHERE k BETWEEN 4593795 AND 4593895
explain: for range-notcovered :: explain SELECT k, c FROM sbtest%d WHERE k BETWEEN 5232353 AND 5232453

explain: for range-notcovered :: explain SELECT k, c FROM sbtest%d WHERE k BETWEEN 5160046 AND 5160146
explain: for range-notcovered :: explain SELECT k, c FROM sbtest%d WHERE k BETWEEN 3918349 AND 3918449
for range-notcovered
table 1 : explain SELECT k, c FROM sbtest1 WHERE k BETWEEN 5017403 AND 5017503
	-> Index range scan on sbtest1 using k_1 over (5017403 <= k <= 5017503), with index condition: (sbtest1.k between 5017403 and 5017503)  (cost=49.8 rows=110)


table 2 : explain SELECT k, c FROM sbtest2 WHERE k BETWEEN 5017403 AND 5017503
	-> Index range scan on sbtest2 using k_2 over (5017403 <= k <= 5017503), with index condition: (sbtest2.k between 5017403 and 5017503)  (cost=50.2 rows=111)


table 3 : explain SELECT k, c FROM sbtest3 WHERE k BETWEEN 5017403 AND 5017503
	-> Index range scan on sbtest3 using k_3 over (5017403 <= k <= 5017503), with index condition: (sbtest3.k between 5017403 and 5017503)  (cost=41.7 rows=92)


table 4 : explain SELECT k, c FROM sbtest4 WHERE k BETWEEN 5017403 AND 5017503
	-> Index range scan on sbtest4 using k_4 over (5017403 <= k <= 5017503), with index condition: (sbtest4.k between 5017403 and 5017503)  (cost=48.9 rows=108)


table 5 : explain SELECT k, c FROM sbtest5 WHERE k BETWEEN 5017403 AND 5017503
	-> Index range scan on sbtest5 using k_5 over (5017403 <= k <= 5017503), with index condition: (sbtest5.k between 5017403 and 5017503)  (cost=54.7 rows=121)


table 6 : explain SELECT k, c FROM sbtest6 WHERE k BETWEEN 5017403 AND 5017503
	-> Index range scan on sbtest6 using k_6 over (5017403 <= k <= 5017503), with index condition: (sbtest6.k between 5017403 and 5017503)  (cost=46.6 rows=103)


table 7 : explain SELECT k, c FROM sbtest7 WHERE k BETWEEN 5017403 AND 5017503
	-> Index range scan on sbtest7 using k_7 over (5017403 <= k <= 5017503), with index condition: (sbtest7.k between 5017403 and 5017503)  (cost=44.4 rows=98)


table 8 : explain SELECT k, c FROM sbtest8 WHERE k BETWEEN 5017403 AND 5017503
	-> Index range scan on sbtest8 using k_8 over (5017403 <= k <= 5017503), with index condition: (sbtest8.k between 5017403 and 5017503)  (cost=48.9 rows=108)



for range-notcovered
table 1 : explain SELECT k, c FROM sbtest1 WHERE k BETWEEN 5941719 AND 5941819
	-> Index range scan on sbtest1 using k_1 over (5941719 <= k <= 5941819), with index condition: (sbtest1.k between 5941719 and 5941819)  (cost=48.4 rows=107)


table 2 : explain SELECT k, c FROM sbtest2 WHERE k BETWEEN 5941719 AND 5941819
	-> Index range scan on sbtest2 using k_2 over (5941719 <= k <= 5941819), with index condition: (sbtest2.k between 5941719 and 5941819)  (cost=41.7 rows=92)


table 3 : explain SELECT k, c FROM sbtest3 WHERE k BETWEEN 5941719 AND 5941819
	-> Index range scan on sbtest3 using k_3 over (5941719 <= k <= 5941819), with index condition: (sbtest3.k between 5941719 and 5941819)  (cost=45.7 rows=101)


table 4 : explain SELECT k, c FROM sbtest4 WHERE k BETWEEN 5941719 AND 5941819
	-> Index range scan on sbtest4 using k_4 over (5941719 <= k <= 5941819), with index condition: (sbtest4.k between 5941719 and 5941819)  (cost=44.4 rows=98)


table 5 : explain SELECT k, c FROM sbtest5 WHERE k BETWEEN 5941719 AND 5941819
	-> Index range scan on sbtest5 using k_5 over (5941719 <= k <= 5941819), with index condition: (sbtest5.k between 5941719 and 5941819)  (cost=48.4 rows=107)


table 6 : explain SELECT k, c FROM sbtest6 WHERE k BETWEEN 5941719 AND 5941819
	-> Index range scan on sbtest6 using k_6 over (5941719 <= k <= 5941819), with index condition: (sbtest6.k between 5941719 and 5941819)  (cost=43.5 rows=96)


table 7 : explain SELECT k, c FROM sbtest7 WHERE k BETWEEN 5941719 AND 5941819
	-> Index range scan on sbtest7 using k_7 over (5941719 <= k <= 5941819), with index condition: (sbtest7.k between 5941719 and 5941819)  (cost=47.1 rows=104)


table 8 : explain SELECT k, c FROM sbtest8 WHERE k BETWEEN 5941719 AND 5941819
	-> Index range scan on sbtest8 using k_8 over (5941719 <= k <= 5941819), with index condition: (sbtest8.k between 5941719 and 5941819)  (cost=46.6 rows=103)

explain: for range-notcovered :: explain SELECT k, c FROM sbtest%d WHERE k BETWEEN 7507441 AND 7507541
for range-notcovered
table 1 : explain SELECT k, c FROM sbtest1 WHERE k BETWEEN 6594167 AND 6594267
	-> Index range scan on sbtest1 using k_1 over (6594167 <= k <= 6594267), with index condition: (sbtest1.k between 6594167 and 6594267)  (cost=46.6 rows=103)


table 2 : explain SELECT k, c FROM sbtest2 WHERE k BETWEEN 6594167 AND 6594267
	-> Index range scan on sbtest2 using k_2 over (6594167 <= k <= 6594267), with index condition: (sbtest2.k between 6594167 and 6594267)  (cost=44.4 rows=98)


table 3 : explain SELECT k, c FROM sbtest3 WHERE k BETWEEN 6594167 AND 6594267
	-> Index range scan on sbtest3 using k_3 over (6594167 <= k <= 6594267), with index condition: (sbtest3.k between 6594167 and 6594267)  (cost=45.7 rows=101)


table 4 : explain SELECT k, c FROM sbtest4 WHERE k BETWEEN 6594167 AND 6594267
	-> Index range scan on sbtest4 using k_4 over (6594167 <= k <= 6594267), with index condition: (sbtest4.k between 6594167 and 6594267)  (cost=40.3 rows=89)


table 5 : explain SELECT k, c FROM sbtest5 WHERE k BETWEEN 6594167 AND 6594267
	-> Index range scan on sbtest5 using k_5 over (6594167 <= k <= 6594267), with index condition: (sbtest5.k between 6594167 and 6594267)  (cost=41.2 rows=91)


table 6 : explain SELECT k, c FROM sbtest6 WHERE k BETWEEN 6594167 AND 6594267
	-> Index range scan on sbtest6 using k_6 over (6594167 <= k <= 6594267), with index condition: (sbtest6.k between 6594167 and 6594267)  (cost=45.7 rows=101)


table 7 : explain SELECT k, c FROM sbtest7 WHERE k BETWEEN 6594167 AND 6594267
	-> Index range scan on sbtest7 using k_7 over (6594167 <= k <= 6594267), with index condition: (sbtest7.k between 6594167 and 6594267)  (cost=43.9 rows=97)


table 8 : explain SELECT k, c FROM sbtest8 WHERE k BETWEEN 6594167 AND 6594267
	-> Index range scan on sbtest8 using k_8 over (6594167 <= k <= 6594267), with index condition: (sbtest8.k between 6594167 and 6594267)  (cost=50.7 rows=112)


explain: for range-notcovered :: explain SELECT k, c FROM sbtest%d WHERE k BETWEEN 7571624 AND 7571724
for range-notcovered
table 1 : explain SELECT k, c FROM sbtest1 WHERE k BETWEEN 5561744 AND 5561844
	-> Index range scan on sbtest1 using k_1 over (5561744 <= k <= 5561844), with index condition: (sbtest1.k between 5561744 and 5561844)  (cost=43.9 rows=97)


table 2 : explain SELECT k, c FROM sbtest2 WHERE k BETWEEN 5561744 AND 5561844
	-> Index range scan on sbtest2 using k_2 over (5561744 <= k <= 5561844), with index condition: (sbtest2.k between 5561744 and 5561844)  (cost=43.9 rows=97)


table 3 : explain SELECT k, c FROM sbtest3 WHERE k BETWEEN 5561744 AND 5561844
	-> Index range scan on sbtest3 using k_3 over (5561744 <= k <= 5561844), with index condition: (sbtest3.k between 5561744 and 5561844)  (cost=40.3 rows=89)


table 4 : explain SELECT k, c FROM sbtest4 WHERE k BETWEEN 5561744 AND 5561844
	-> Index range scan on sbtest4 using k_4 over (5561744 <= k <= 5561844), with index condition: (sbtest4.k between 5561744 and 5561844)  (cost=39.9 rows=88)


table 5 : explain SELECT k, c FROM sbtest5 WHERE k BETWEEN 5561744 AND 5561844
	-> Index range scan on sbtest5 using k_5 over (5561744 <= k <= 5561844), with index condition: (sbtest5.k between 5561744 and 5561844)  (cost=52.5 rows=116)


table 6 : explain SELECT k, c FROM sbtest6 WHERE k BETWEEN 5561744 AND 5561844
	-> Index range scan on sbtest6 using k_6 over (5561744 <= k <= 5561844), with index condition: (sbtest6.k between 5561744 and 5561844)  (cost=42.6 rows=94)


table 7 : explain SELECT k, c FROM sbtest7 WHERE k BETWEEN 5561744 AND 5561844
	-> Index range scan on sbtest7 using k_7 over (5561744 <= k <= 5561844), with index condition: (sbtest7.k between 5561744 and 5561844)  (cost=42.6 rows=94)


table 8 : explain SELECT k, c FROM sbtest8 WHERE k BETWEEN 5561744 AND 5561844
	-> Index range scan on sbtest8 using k_8 over (5561744 <= k <= 5561844), with index condition: (sbtest8.k between 5561744 and 5561844)  (cost=53.8 rows=119)



for range-notcovered
table 1 : explain SELECT k, c FROM sbtest1 WHERE k BETWEEN 5322439 AND 5322539
	-> Index range scan on sbtest1 using k_1 over (5322439 <= k <= 5322539), with index condition: (sbtest1.k between 5322439 and 5322539)  (cost=43.9 rows=97)


table 2 : explain SELECT k, c FROM sbtest2 WHERE k BETWEEN 5322439 AND 5322539
	-> Index range scan on sbtest2 using k_2 over (5322439 <= k <= 5322539), with index condition: (sbtest2.k between 5322439 and 5322539)  (cost=40.3 rows=89)


table 3 : explain SELECT k, c FROM sbtest3 WHERE k BETWEEN 5322439 AND 5322539
	-> Index range scan on sbtest3 using k_3 over (5322439 <= k <= 5322539), with index condition: (sbtest3.k between 5322439 and 5322539)  (cost=38.1 rows=84)


table 4 : explain SELECT k, c FROM sbtest4 WHERE k BETWEEN 5322439 AND 5322539
	-> Index range scan on sbtest4 using k_4 over (5322439 <= k <= 5322539), with index condition: (sbtest4.k between 5322439 and 5322539)  (cost=51.6 rows=114)


table 5 : explain SELECT k, c FROM sbtest5 WHERE k BETWEEN 5322439 AND 5322539
	-> Index range scan on sbtest5 using k_5 over (5322439 <= k <= 5322539), with index condition: (sbtest5.k between 5322439 and 5322539)  (cost=37.6 rows=83)


table 6 : explain SELECT k, c FROM sbtest6 WHERE k BETWEEN 5322439 AND 5322539
	-> Index range scan on sbtest6 using k_6 over (5322439 <= k <= 5322539), with index condition: (sbtest6.k between 5322439 and 5322539)  (cost=48.4 rows=107)


table 7 : explain SELECT k, c FROM sbtest7 WHERE k BETWEEN 5322439 AND 5322539
	-> Index range scan on sbtest7 using k_7 over (5322439 <= k <= 5322539), with index condition: (sbtest7.k between 5322439 and 5322539)  (cost=46.6 rows=103)


table 8 : explain SELECT k, c FROM sbtest8 WHERE k BETWEEN 5322439 AND 5322539
	-> Index range scan on sbtest8 using k_8 over (5322439 <= k <= 5322539), with index condition: (sbtest8.k between 5322439 and 5322539)  (cost=46.6 rows=103)


for range-notcovered
table 1 : explain SELECT k, c FROM sbtest1 WHERE k BETWEEN 6037781 AND 6037881
	-> Index range scan on sbtest1 using k_1 over (6037781 <= k <= 6037881), with index condition: (sbtest1.k between 6037781 and 6037881)  (cost=40.3 rows=89)


table 2 : explain SELECT k, c FROM sbtest2 WHERE k BETWEEN 6037781 AND 6037881
	-> Index range scan on sbtest2 using k_2 over (6037781 <= k <= 6037881), with index condition: (sbtest2.k between 6037781 and 6037881)  (cost=43.5 rows=96)


table 3 : explain SELECT k, c FROM sbtest3 WHERE k BETWEEN 6037781 AND 6037881
	-> Index range scan on sbtest3 using k_3 over (6037781 <= k <= 6037881), with index condition: (sbtest3.k between 6037781 and 6037881)  (cost=40.8 rows=90)


table 4 : explain SELECT k, c FROM sbtest4 WHERE k BETWEEN 6037781 AND 6037881
	-> Index range scan on sbtest4 using k_4 over (6037781 <= k <= 6037881), with index condition: (sbtest4.k between 6037781 and 6037881)  (cost=45.3 rows=100)


table 5 : explain SELECT k, c FROM sbtest5 WHERE k BETWEEN 6037781 AND 6037881
	-> Index range scan on sbtest5 using k_5 over (6037781 <= k <= 6037881), with index condition: (sbtest5.k between 6037781 and 6037881)  (cost=47.1 rows=104)


table 6 : explain SELECT k, c FROM sbtest6 WHERE k BETWEEN 6037781 AND 6037881
	-> Index range scan on sbtest6 using k_6 over (6037781 <= k <= 6037881), with index condition: (sbtest6.k between 6037781 and 6037881)  (cost=39.4 rows=87)


table 7 : explain SELECT k, c FROM sbtest7 WHERE k BETWEEN 6037781 AND 6037881
	-> Index range scan on sbtest7 using k_7 over (6037781 <= k <= 6037881), with index condition: (sbtest7.k between 6037781 and 6037881)  (cost=47.5 rows=105)


table 8 : explain SELECT k, c FROM sbtest8 WHERE k BETWEEN 6037781 AND 6037881
	-> Index range scan on sbtest8 using k_8 over (6037781 <= k <= 6037881), with index condition: (sbtest8.k between 6037781 and 6037881)  (cost=42.6 rows=94)


for range-notcovered
table 1 : explain SELECT k, c FROM sbtest1 WHERE k BETWEEN 4784591 AND 4784691
	-> Index range scan on sbtest1 using k_1 over (4784591 <= k <= 4784691), with index condition: (sbtest1.k between 4784591 and 4784691)  (cost=43.5 rows=96)


table 2 : explain SELECT k, c FROM sbtest2 WHERE k BETWEEN 4784591 AND 4784691
	-> Index range scan on sbtest2 using k_2 over (4784591 <= k <= 4784691), with index condition: (sbtest2.k between 4784591 and 4784691)  (cost=52.9 rows=117)


table 3 : explain SELECT k, c FROM sbtest3 WHERE k BETWEEN 4784591 AND 4784691
	-> Index range scan on sbtest3 using k_3 over (4784591 <= k <= 4784691), with index condition: (sbtest3.k between 4784591 and 4784691)  (cost=42.1 rows=93)


table 4 : explain SELECT k, c FROM sbtest4 WHERE k BETWEEN 4784591 AND 4784691
	-> Index range scan on sbtest4 using k_4 over (4784591 <= k <= 4784691), with index condition: (sbtest4.k between 4784591 and 4784691)  (cost=44.4 rows=98)


table 5 : explain SELECT k, c FROM sbtest5 WHERE k BETWEEN 4784591 AND 4784691
	-> Index range scan on sbtest5 using k_5 over (4784591 <= k <= 4784691), with index condition: (sbtest5.k between 4784591 and 4784691)  (cost=39.4 rows=87)


table 6 : explain SELECT k, c FROM sbtest6 WHERE k BETWEEN 4784591 AND 4784691
	-> Index range scan on sbtest6 using k_6 over (4784591 <= k <= 4784691), with index condition: (sbtest6.k between 4784591 and 4784691)  (cost=48.4 rows=107)


table 7 : explain SELECT k, c FROM sbtest7 WHERE k BETWEEN 4784591 AND 4784691
	-> Index range scan on sbtest7 using k_7 over (4784591 <= k <= 4784691), with index condition: (sbtest7.k between 4784591 and 4784691)  (cost=48 rows=106)


table 8 : explain SELECT k, c FROM sbtest8 WHERE k BETWEEN 4784591 AND 4784691
	-> Index range scan on sbtest8 using k_8 over (4784591 <= k <= 4784691), with index condition: (sbtest8.k between 4784591 and 4784691)  (cost=42.6 rows=94)


explain: for range-notcovered :: explain SELECT k, c FROM sbtest%d WHERE k BETWEEN 5561744 AND 5561844
for range-notcovered
table 1 : explain SELECT k, c FROM sbtest1 WHERE k BETWEEN 5335326 AND 5335426
	-> Index range scan on sbtest1 using k_1 over (5335326 <= k <= 5335426), with index condition: (sbtest1.k between 5335326 and 5335426)  (cost=47.1 rows=104)


table 2 : explain SELECT k, c FROM sbtest2 WHERE k BETWEEN 5335326 AND 5335426
	-> Index range scan on sbtest2 using k_2 over (5335326 <= k <= 5335426), with index condition: (sbtest2.k between 5335326 and 5335426)  (cost=47.1 rows=104)


table 3 : explain SELECT k, c FROM sbtest3 WHERE k BETWEEN 5335326 AND 5335426
	-> Index range scan on sbtest3 using k_3 over (5335326 <= k <= 5335426), with index condition: (sbtest3.k between 5335326 and 5335426)  (cost=41.7 rows=92)


table 4 : explain SELECT k, c FROM sbtest4 WHERE k BETWEEN 5335326 AND 5335426
	-> Index range scan on sbtest4 using k_4 over (5335326 <= k <= 5335426), with index condition: (sbtest4.k between 5335326 and 5335426)  (cost=50.7 rows=112)


table 5 : explain SELECT k, c FROM sbtest5 WHERE k BETWEEN 5335326 AND 5335426
	-> Index range scan on sbtest5 using k_5 over (5335326 <= k <= 5335426), with index condition: (sbtest5.k between 5335326 and 5335426)  (cost=43.5 rows=96)


table 6 : explain SELECT k, c FROM sbtest6 WHERE k BETWEEN 5335326 AND 5335426
	-> Index range scan on sbtest6 using k_6 over (5335326 <= k <= 5335426), with index condition: (sbtest6.k between 5335326 and 5335426)  (cost=48.4 rows=107)


table 7 : explain SELECT k, c FROM sbtest7 WHERE k BETWEEN 5335326 AND 5335426
	-> Index range scan on sbtest7 using k_7 over (5335326 <= k <= 5335426), with index condition: (sbtest7.k between 5335326 and 5335426)  (cost=42.1 rows=93)


table 8 : explain SELECT k, c FROM sbtest8 WHERE k BETWEEN 5335326 AND 5335426
	-> Index range scan on sbtest8 using k_8 over (5335326 <= k <= 5335426), with index condition: (sbtest8.k between 5335326 and 5335426)  (cost=48.4 rows=107)


explain: for range-notcovered :: explain SELECT k, c FROM sbtest%d WHERE k BETWEEN 3016335 AND 3016435

for range-notcovered
table 1 : explain SELECT k, c FROM sbtest1 WHERE k BETWEEN 7014826 AND 7014926
	-> Index range scan on sbtest1 using k_1 over (7014826 <= k <= 7014926), with index condition: (sbtest1.k between 7014826 and 7014926)  (cost=43 rows=95)


table 2 : explain SELECT k, c FROM sbtest2 WHERE k BETWEEN 7014826 AND 7014926
	-> Index range scan on sbtest2 using k_2 over (7014826 <= k <= 7014926), with index condition: (sbtest2.k between 7014826 and 7014926)  (cost=46.2 rows=102)


table 3 : explain SELECT k, c FROM sbtest3 WHERE k BETWEEN 7014826 AND 7014926
	-> Index range scan on sbtest3 using k_3 over (7014826 <= k <= 7014926), with index condition: (sbtest3.k between 7014826 and 7014926)  (cost=52 rows=115)


table 4 : explain SELECT k, c FROM sbtest4 WHERE k BETWEEN 7014826 AND 7014926
	-> Index range scan on sbtest4 using k_4 over (7014826 <= k <= 7014926), with index condition: (sbtest4.k between 7014826 and 7014926)  (cost=42.6 rows=94)


table 5 : explain SELECT k, c FROM sbtest5 WHERE k BETWEEN 7014826 AND 7014926
	-> Index range scan on sbtest5 using k_5 over (7014826 <= k <= 7014926), with index condition: (sbtest5.k between 7014826 and 7014926)  (cost=48 rows=106)


table 6 : explain SELECT k, c FROM sbtest6 WHERE k BETWEEN 7014826 AND 7014926
	-> Index range scan on sbtest6 using k_6 over (7014826 <= k <= 7014926), with index condition: (sbtest6.k between 7014826 and 7014926)  (cost=45.7 rows=101)


table 7 : explain SELECT k, c FROM sbtest7 WHERE k BETWEEN 7014826 AND 7014926
	-> Index range scan on sbtest7 using k_7 over (7014826 <= k <= 7014926), with index condition: (sbtest7.k between 7014826 and 7014926)  (cost=45.3 rows=100)


table 8 : explain SELECT k, c FROM sbtest8 WHERE k BETWEEN 7014826 AND 7014926
	-> Index range scan on sbtest8 using k_8 over (7014826 <= k <= 7014926), with index condition: (sbtest8.k between 7014826 and 7014926)  (cost=46.2 rows=102)


explain: for range-notcovered :: explain SELECT k, c FROM sbtest%d WHERE k BETWEEN 2291520 AND 2291620
for range-notcovered
table 1 : explain SELECT k, c FROM sbtest1 WHERE k BETWEEN 2584412 AND 2584512
	-> Index range scan on sbtest1 using k_1 over (2584412 <= k <= 2584512), with index condition: (sbtest1.k between 2584412 and 2584512)  (cost=57.9 rows=128)


table 2 : explain SELECT k, c FROM sbtest2 WHERE k BETWEEN 2584412 AND 2584512
	-> Index range scan on sbtest2 using k_2 over (2584412 <= k <= 2584512), with index condition: (sbtest2.k between 2584412 and 2584512)  (cost=40.3 rows=89)


table 3 : explain SELECT k, c FROM sbtest3 WHERE k BETWEEN 2584412 AND 2584512
	-> Index range scan on sbtest3 using k_3 over (2584412 <= k <= 2584512), with index condition: (sbtest3.k between 2584412 and 2584512)  (cost=38.5 rows=85)


table 4 : explain SELECT k, c FROM sbtest4 WHERE k BETWEEN 2584412 AND 2584512
	-> Index range scan on sbtest4 using k_4 over (2584412 <= k <= 2584512), with index condition: (sbtest4.k between 2584412 and 2584512)  (cost=48.4 rows=107)


table 5 : explain SELECT k, c FROM sbtest5 WHERE k BETWEEN 2584412 AND 2584512
	-> Index range scan on sbtest5 using k_5 over (2584412 <= k <= 2584512), with index condition: (sbtest5.k between 2584412 and 2584512)  (cost=52 rows=115)


table 6 : explain SELECT k, c FROM sbtest6 WHERE k BETWEEN 2584412 AND 2584512
	-> Index range scan on sbtest6 using k_6 over (2584412 <= k <= 2584512), with index condition: (sbtest6.k between 2584412 and 2584512)  (cost=51.1 rows=113)


table 7 : explain SELECT k, c FROM sbtest7 WHERE k BETWEEN 2584412 AND 2584512
	-> Index range scan on sbtest7 using k_7 over (2584412 <= k <= 2584512), with index condition: (sbtest7.k between 2584412 and 2584512)  (cost=40.8 rows=90)


table 8 : explain SELECT k, c FROM sbtest8 WHERE k BETWEEN 2584412 AND 2584512
	-> Index range scan on sbtest8 using k_8 over (2584412 <= k <= 2584512), with index condition: (sbtest8.k between 2584412 and 2584512)  (cost=52.9 rows=117)


explain: for range-notcovered :: explain SELECT k, c FROM sbtest%d WHERE k BETWEEN 4178071 AND 4178171
explain: for range-notcovered :: explain SELECT k, c FROM sbtest%d WHERE k BETWEEN 5017403 AND 5017503
for range-notcovered
table 1 : explain SELECT k, c FROM sbtest1 WHERE k BETWEEN 5266661 AND 5266761
	-> Index range scan on sbtest1 using k_1 over (5266661 <= k <= 5266761), with index condition: (sbtest1.k between 5266661 and 5266761)  (cost=50.7 rows=112)


table 2 : explain SELECT k, c FROM sbtest2 WHERE k BETWEEN 5266661 AND 5266761
	-> Index range scan on sbtest2 using k_2 over (5266661 <= k <= 5266761), with index condition: (sbtest2.k between 5266661 and 5266761)  (cost=44.8 rows=99)


table 3 : explain SELECT k, c FROM sbtest3 WHERE k BETWEEN 5266661 AND 5266761
	-> Index range scan on sbtest3 using k_3 over (5266661 <= k <= 5266761), with index condition: (sbtest3.k between 5266661 and 5266761)  (cost=53.4 rows=118)


table 4 : explain SELECT k, c FROM sbtest4 WHERE k BETWEEN 5266661 AND 5266761
	-> Index range scan on sbtest4 using k_4 over (5266661 <= k <= 5266761), with index condition: (sbtest4.k between 5266661 and 5266761)  (cost=41.7 rows=92)


table 5 : explain SELECT k, c FROM sbtest5 WHERE k BETWEEN 5266661 AND 5266761
	-> Index range scan on sbtest5 using k_5 over (5266661 <= k <= 5266761), with index condition: (sbtest5.k between 5266661 and 5266761)  (cost=44.8 rows=99)


table 6 : explain SELECT k, c FROM sbtest6 WHERE k BETWEEN 5266661 AND 5266761
	-> Index range scan on sbtest6 using k_6 over (5266661 <= k <= 5266761), with index condition: (sbtest6.k between 5266661 and 5266761)  (cost=45.7 rows=101)


table 7 : explain SELECT k, c FROM sbtest7 WHERE k BETWEEN 5266661 AND 5266761
	-> Index range scan on sbtest7 using k_7 over (5266661 <= k <= 5266761), with index condition: (sbtest7.k between 5266661 and 5266761)  (cost=42.1 rows=93)


table 8 : explain SELECT k, c FROM sbtest8 WHERE k BETWEEN 5266661 AND 5266761
	-> Index range scan on sbtest8 using k_8 over (5266661 <= k <= 5266761), with index condition: (sbtest8.k between 5266661 and 5266761)  (cost=45.3 rows=100)


explain: for range-notcovered :: explain SELECT k, c FROM sbtest%d WHERE k BETWEEN 5335326 AND 5335426
for range-notcovered
table 1 : explain SELECT k, c FROM sbtest1 WHERE k BETWEEN 6047958 AND 6048058
	-> Index range scan on sbtest1 using k_1 over (6047958 <= k <= 6048058), with index condition: (sbtest1.k between 6047958 and 6048058)  (cost=43.5 rows=96)


table 2 : explain SELECT k, c FROM sbtest2 WHERE k BETWEEN 6047958 AND 6048058
	-> Index range scan on sbtest2 using k_2 over (6047958 <= k <= 6048058), with index condition: (sbtest2.k between 6047958 and 6048058)  (cost=37.2 rows=82)


table 3 : explain SELECT k, c FROM sbtest3 WHERE k BETWEEN 6047958 AND 6048058
	-> Index range scan on sbtest3 using k_3 over (6047958 <= k <= 6048058), with index condition: (sbtest3.k between 6047958 and 6048058)  (cost=46.2 rows=102)


table 4 : explain SELECT k, c FROM sbtest4 WHERE k BETWEEN 6047958 AND 6048058
	-> Index range scan on sbtest4 using k_4 over (6047958 <= k <= 6048058), with index condition: (sbtest4.k between 6047958 and 6048058)  (cost=48.9 rows=108)


table 5 : explain SELECT k, c FROM sbtest5 WHERE k BETWEEN 6047958 AND 6048058
	-> Index range scan on sbtest5 using k_5 over (6047958 <= k <= 6048058), with index condition: (sbtest5.k between 6047958 and 6048058)  (cost=42.1 rows=93)


table 6 : explain SELECT k, c FROM sbtest6 WHERE k BETWEEN 6047958 AND 6048058
	-> Index range scan on sbtest6 using k_6 over (6047958 <= k <= 6048058), with index condition: (sbtest6.k between 6047958 and 6048058)  (cost=40.3 rows=89)


table 7 : explain SELECT k, c FROM sbtest7 WHERE k BETWEEN 6047958 AND 6048058
	-> Index range scan on sbtest7 using k_7 over (6047958 <= k <= 6048058), with index condition: (sbtest7.k between 6047958 and 6048058)  (cost=50.2 rows=111)


table 8 : explain SELECT k, c FROM sbtest8 WHERE k BETWEEN 6047958 AND 6048058
	-> Index range scan on sbtest8 using k_8 over (6047958 <= k <= 6048058), with index condition: (sbtest8.k between 6047958 and 6048058)  (cost=38.5 rows=85)


for range-notcovered
table 1 : explain SELECT k, c FROM sbtest1 WHERE k BETWEEN 3500666 AND 3500766
	-> Index range scan on sbtest1 using k_1 over (3500666 <= k <= 3500766), with index condition: (sbtest1.k between 3500666 and 3500766)  (cost=48.4 rows=107)


table 2 : explain SELECT k, c FROM sbtest2 WHERE k BETWEEN 3500666 AND 3500766
	-> Index range scan on sbtest2 using k_2 over (3500666 <= k <= 3500766), with index condition: (sbtest2.k between 3500666 and 3500766)  (cost=50.2 rows=111)


table 3 : explain SELECT k, c FROM sbtest3 WHERE k BETWEEN 3500666 AND 3500766
	-> Index range scan on sbtest3 using k_3 over (3500666 <= k <= 3500766), with index condition: (sbtest3.k between 3500666 and 3500766)  (cost=42.6 rows=94)


table 4 : explain SELECT k, c FROM sbtest4 WHERE k BETWEEN 3500666 AND 3500766
	-> Index range scan on sbtest4 using k_4 over (3500666 <= k <= 3500766), with index condition: (sbtest4.k between 3500666 and 3500766)  (cost=43.5 rows=96)


table 5 : explain SELECT k, c FROM sbtest5 WHERE k BETWEEN 3500666 AND 3500766
	-> Index range scan on sbtest5 using k_5 over (3500666 <= k <= 3500766), with index condition: (sbtest5.k between 3500666 and 3500766)  (cost=44.8 rows=99)


table 6 : explain SELECT k, c FROM sbtest6 WHERE k BETWEEN 3500666 AND 3500766
	-> Index range scan on sbtest6 using k_6 over (3500666 <= k <= 3500766), with index condition: (sbtest6.k between 3500666 and 3500766)  (cost=56.5 rows=125)


table 7 : explain SELECT k, c FROM sbtest7 WHERE k BETWEEN 3500666 AND 3500766
	-> Index range scan on sbtest7 using k_7 over (3500666 <= k <= 3500766), with index condition: (sbtest7.k between 3500666 and 3500766)  (cost=42.1 rows=93)


table 8 : explain SELECT k, c FROM sbtest8 WHERE k BETWEEN 3500666 AND 3500766
	-> Index range scan on sbtest8 using k_8 over (3500666 <= k <= 3500766), with index condition: (sbtest8.k between 3500666 and 3500766)  (cost=38.5 rows=85)


for range-notcovered
table 1 : explain SELECT k, c FROM sbtest1 WHERE k BETWEEN 2219702 AND 2219802
	-> Index range scan on sbtest1 using k_1 over (2219702 <= k <= 2219802), with index condition: (sbtest1.k between 2219702 and 2219802)  (cost=40.3 rows=89)


table 2 : explain SELECT k, c FROM sbtest2 WHERE k BETWEEN 2219702 AND 2219802
	-> Index range scan on sbtest2 using k_2 over (2219702 <= k <= 2219802), with index condition: (sbtest2.k between 2219702 and 2219802)  (cost=53.4 rows=118)


table 3 : explain SELECT k, c FROM sbtest3 WHERE k BETWEEN 2219702 AND 2219802
	-> Index range scan on sbtest3 using k_3 over (2219702 <= k <= 2219802), with index condition: (sbtest3.k between 2219702 and 2219802)  (cost=47.5 rows=105)


table 4 : explain SELECT k, c FROM sbtest4 WHERE k BETWEEN 2219702 AND 2219802
	-> Index range scan on sbtest4 using k_4 over (2219702 <= k <= 2219802), with index condition: (sbtest4.k between 2219702 and 2219802)  (cost=50.2 rows=111)


table 5 : explain SELECT k, c FROM sbtest5 WHERE k BETWEEN 2219702 AND 2219802
	-> Index range scan on sbtest5 using k_5 over (2219702 <= k <= 2219802), with index condition: (sbtest5.k between 2219702 and 2219802)  (cost=46.2 rows=102)


table 6 : explain SELECT k, c FROM sbtest6 WHERE k BETWEEN 2219702 AND 2219802
	-> Index range scan on sbtest6 using k_6 over (2219702 <= k <= 2219802), with index condition: (sbtest6.k between 2219702 and 2219802)  (cost=42.6 rows=94)


table 7 : explain SELECT k, c FROM sbtest7 WHERE k BETWEEN 2219702 AND 2219802
	-> Index range scan on sbtest7 using k_7 over (2219702 <= k <= 2219802), with index condition: (sbtest7.k between 2219702 and 2219802)  (cost=49.8 rows=110)


table 8 : explain SELECT k, c FROM sbtest8 WHERE k BETWEEN 2219702 AND 2219802
	-> Index range scan on sbtest8 using k_8 over (2219702 <= k <= 2219802), with index condition: (sbtest8.k between 2219702 and 2219802)  (cost=46.2 rows=102)


for range-notcovered
table 1 : explain SELECT k, c FROM sbtest1 WHERE k BETWEEN 1233980 AND 1234080
	-> Index range scan on sbtest1 using k_1 over (1233980 <= k <= 1234080), with index condition: (sbtest1.k between 1233980 and 1234080)  (cost=48 rows=106)


table 2 : explain SELECT k, c FROM sbtest2 WHERE k BETWEEN 1233980 AND 1234080
	-> Index range scan on sbtest2 using k_2 over (1233980 <= k <= 1234080), with index condition: (sbtest2.k between 1233980 and 1234080)  (cost=46.2 rows=102)


table 3 : explain SELECT k, c FROM sbtest3 WHERE k BETWEEN 1233980 AND 1234080
	-> Index range scan on sbtest3 using k_3 over (1233980 <= k <= 1234080), with index condition: (sbtest3.k between 1233980 and 1234080)  (cost=45.3 rows=100)


table 4 : explain SELECT k, c FROM sbtest4 WHERE k BETWEEN 1233980 AND 1234080
	-> Index range scan on sbtest4 using k_4 over (1233980 <= k <= 1234080), with index condition: (sbtest4.k between 1233980 and 1234080)  (cost=48.9 rows=108)


table 5 : explain SELECT k, c FROM sbtest5 WHERE k BETWEEN 1233980 AND 1234080
	-> Index range scan on sbtest5 using k_5 over (1233980 <= k <= 1234080), with index condition: (sbtest5.k between 1233980 and 1234080)  (cost=37.2 rows=82)


table 6 : explain SELECT k, c FROM sbtest6 WHERE k BETWEEN 1233980 AND 1234080
	-> Index range scan on sbtest6 using k_6 over (1233980 <= k <= 1234080), with index condition: (sbtest6.k between 1233980 and 1234080)  (cost=55.2 rows=122)


table 7 : explain SELECT k, c FROM sbtest7 WHERE k BETWEEN 1233980 AND 1234080
	-> Index range scan on sbtest7 using k_7 over (1233980 <= k <= 1234080), with index condition: (sbtest7.k between 1233980 and 1234080)  (cost=47.1 rows=104)


table 8 : explain SELECT k, c FROM sbtest8 WHERE k BETWEEN 1233980 AND 1234080
	-> Index range scan on sbtest8 using k_8 over (1233980 <= k <= 1234080), with index condition: (sbtest8.k between 1233980 and 1234080)  (cost=49.3 rows=109)


for range-notcovered
table 1 : explain SELECT k, c FROM sbtest1 WHERE k BETWEEN 6955538 AND 6955638
	-> Index range scan on sbtest1 using k_1 over (6955538 <= k <= 6955638), with index condition: (sbtest1.k between 6955538 and 6955638)  (cost=39.9 rows=88)


table 2 : explain SELECT k, c FROM sbtest2 WHERE k BETWEEN 6955538 AND 6955638
	-> Index range scan on sbtest2 using k_2 over (6955538 <= k <= 6955638), with index condition: (sbtest2.k between 6955538 and 6955638)  (cost=47.5 rows=105)


table 3 : explain SELECT k, c FROM sbtest3 WHERE k BETWEEN 6955538 AND 6955638
	-> Index range scan on sbtest3 using k_3 over (6955538 <= k <= 6955638), with index condition: (sbtest3.k between 6955538 and 6955638)  (cost=49.3 rows=109)


table 4 : explain SELECT k, c FROM sbtest4 WHERE k BETWEEN 6955538 AND 6955638
	-> Index range scan on sbtest4 using k_4 over (6955538 <= k <= 6955638), with index condition: (sbtest4.k between 6955538 and 6955638)  (cost=51.1 rows=113)


table 5 : explain SELECT k, c FROM sbtest5 WHERE k BETWEEN 6955538 AND 6955638
	-> Index range scan on sbtest5 using k_5 over (6955538 <= k <= 6955638), with index condition: (sbtest5.k between 6955538 and 6955638)  (cost=50.2 rows=111)


table 6 : explain SELECT k, c FROM sbtest6 WHERE k BETWEEN 6955538 AND 6955638
	-> Index range scan on sbtest6 using k_6 over (6955538 <= k <= 6955638), with index condition: (sbtest6.k between 6955538 and 6955638)  (cost=44.4 rows=98)


table 7 : explain SELECT k, c FROM sbtest7 WHERE k BETWEEN 6955538 AND 6955638
	-> Index range scan on sbtest7 using k_7 over (6955538 <= k <= 6955638), with index condition: (sbtest7.k between 6955538 and 6955638)  (cost=42.1 rows=93)


table 8 : explain SELECT k, c FROM sbtest8 WHERE k BETWEEN 6955538 AND 6955638
	-> Index range scan on sbtest8 using k_8 over (6955538 <= k <= 6955638), with index condition: (sbtest8.k between 6955538 and 6955638)  (cost=47.5 rows=105)


explain: for range-notcovered :: explain SELECT k, c FROM sbtest%d WHERE k BETWEEN 6047958 AND 6048058
explain: for range-notcovered :: explain SELECT k, c FROM sbtest%d WHERE k BETWEEN 3500666 AND 3500766
explain: for range-notcovered :: explain SELECT k, c FROM sbtest%d WHERE k BETWEEN 6955538 AND 6955638
explain: for range-notcovered :: explain SELECT k, c FROM sbtest%d WHERE k BETWEEN 2655227 AND 2655327explain: for range-notcovered :: explain SELECT k, c FROM sbtest%d WHERE k BETWEEN 1233980 AND 1234080explain: for range-notcovered :: explain SELECT k, c FROM sbtest%d WHERE k BETWEEN 5322439 AND 5322539
explain: for range-notcovered :: explain SELECT k, c FROM sbtest%d WHERE k BETWEEN 6037781 AND 6037881
explain: for range-notcovered :: explain SELECT k, c FROM sbtest%d WHERE k BETWEEN 9009088 AND 9009188
explain: for range-notcovered :: explain SELECT k, c FROM sbtest%d WHERE k BETWEEN 4784591 AND 4784691
explain: for range-notcovered :: explain SELECT k, c FROM sbtest%d WHERE k BETWEEN 7014826 AND 7014926
explain: for range-notcovered :: explain SELECT k, c FROM sbtest%d WHERE k BETWEEN 3209445 AND 3209545
explain: for range-notcovered :: explain SELECT k, c FROM sbtest%d WHERE k BETWEEN 2584412 AND 2584512
explain: for range-notcovered :: explain SELECT k, c FROM sbtest%d WHERE k BETWEEN 5941719 AND 5941819
explain: for range-notcovered :: explain SELECT k, c FROM sbtest%d WHERE k BETWEEN 6594167 AND 6594267
explain: for range-notcovered :: explain SELECT k, c FROM sbtest%d WHERE k BETWEEN 5266661 AND 5266761
for range-notcovered
table 1 : explain SELECT k, c FROM sbtest1 WHERE k BETWEEN 4143083 AND 4143183
	-> Index range scan on sbtest1 using k_1 over (4143083 <= k <= 4143183), with index condition: (sbtest1.k between 4143083 and 4143183)  (cost=46.6 rows=103)


table 2 : explain SELECT k, c FROM sbtest2 WHERE k BETWEEN 4143083 AND 4143183
	-> Index range scan on sbtest2 using k_2 over (4143083 <= k <= 4143183), with index condition: (sbtest2.k between 4143083 and 4143183)  (cost=37.6 rows=83)


table 3 : explain SELECT k, c FROM sbtest3 WHERE k BETWEEN 4143083 AND 4143183
	-> Index range scan on sbtest3 using k_3 over (4143083 <= k <= 4143183), with index condition: (sbtest3.k between 4143083 and 4143183)  (cost=46.6 rows=103)


table 4 : explain SELECT k, c FROM sbtest4 WHERE k BETWEEN 4143083 AND 4143183
	-> Index range scan on sbtest4 using k_4 over (4143083 <= k <= 4143183), with index condition: (sbtest4.k between 4143083 and 4143183)  (cost=49.3 rows=109)


table 5 : explain SELECT k, c FROM sbtest5 WHERE k BETWEEN 4143083 AND 4143183
	-> Index range scan on sbtest5 using k_5 over (4143083 <= k <= 4143183), with index condition: (sbtest5.k between 4143083 and 4143183)  (cost=56.1 rows=124)


table 6 : explain SELECT k, c FROM sbtest6 WHERE k BETWEEN 4143083 AND 4143183
	-> Index range scan on sbtest6 using k_6 over (4143083 <= k <= 4143183), with index condition: (sbtest6.k between 4143083 and 4143183)  (cost=48.9 rows=108)


table 7 : explain SELECT k, c FROM sbtest7 WHERE k BETWEEN 4143083 AND 4143183
	-> Index range scan on sbtest7 using k_7 over (4143083 <= k <= 4143183), with index condition: (sbtest7.k between 4143083 and 4143183)  (cost=43.5 rows=96)


table 8 : explain SELECT k, c FROM sbtest8 WHERE k BETWEEN 4143083 AND 4143183
	-> Index range scan on sbtest8 using k_8 over (4143083 <= k <= 4143183), with index condition: (sbtest8.k between 4143083 and 4143183)  (cost=43.5 rows=96)


explain: for range-notcovered :: explain SELECT k, c FROM sbtest%d WHERE k BETWEEN 2219702 AND 2219802


for range-notcovered
table 1 : explain SELECT k, c FROM sbtest1 WHERE k BETWEEN 909953 AND 910053
	-> Index range scan on sbtest1 using k_1 over (909953 <= k <= 910053), with index condition: (sbtest1.k between 909953 and 910053)  (cost=40.3 rows=89)


table 2 : explain SELECT k, c FROM sbtest2 WHERE k BETWEEN 909953 AND 910053
	-> Index range scan on sbtest2 using k_2 over (909953 <= k <= 910053), with index condition: (sbtest2.k between 909953 and 910053)  (cost=48.4 rows=107)


table 3 : explain SELECT k, c FROM sbtest3 WHERE k BETWEEN 909953 AND 910053
	-> Index range scan on sbtest3 using k_3 over (909953 <= k <= 910053), with index condition: (sbtest3.k between 909953 and 910053)  (cost=41.2 rows=91)


table 4 : explain SELECT k, c FROM sbtest4 WHERE k BETWEEN 909953 AND 910053
	-> Index range scan on sbtest4 using k_4 over (909953 <= k <= 910053), with index condition: (sbtest4.k between 909953 and 910053)  (cost=51.6 rows=114)


table 5 : explain SELECT k, c FROM sbtest5 WHERE k BETWEEN 909953 AND 910053
	-> Index range scan on sbtest5 using k_5 over (909953 <= k <= 910053), with index condition: (sbtest5.k between 909953 and 910053)  (cost=47.5 rows=105)


table 6 : explain SELECT k, c FROM sbtest6 WHERE k BETWEEN 909953 AND 910053
	-> Index range scan on sbtest6 using k_6 over (909953 <= k <= 910053), with index condition: (sbtest6.k between 909953 and 910053)  (cost=43 rows=95)


table 7 : explain SELECT k, c FROM sbtest7 WHERE k BETWEEN 909953 AND 910053
	-> Index range scan on sbtest7 using k_7 over (909953 <= k <= 910053), with index condition: (sbtest7.k between 909953 and 910053)  (cost=47.1 rows=104)


table 8 : explain SELECT k, c FROM sbtest8 WHERE k BETWEEN 909953 AND 910053
	-> Index range scan on sbtest8 using k_8 over (909953 <= k <= 910053), with index condition: (sbtest8.k between 909953 and 910053)  (cost=47.1 rows=104)


for range-notcovered
table 1 : explain SELECT k, c FROM sbtest1 WHERE k BETWEEN 6920643 AND 6920743
	-> Index range scan on sbtest1 using k_1 over (6920643 <= k <= 6920743), with index condition: (sbtest1.k between 6920643 and 6920743)  (cost=40.3 rows=89)


table 2 : explain SELECT k, c FROM sbtest2 WHERE k BETWEEN 6920643 AND 6920743
	-> Index range scan on sbtest2 using k_2 over (6920643 <= k <= 6920743), with index condition: (sbtest2.k between 6920643 and 6920743)  (cost=45.3 rows=100)


table 3 : explain SELECT k, c FROM sbtest3 WHERE k BETWEEN 6920643 AND 6920743
	-> Index range scan on sbtest3 using k_3 over (6920643 <= k <= 6920743), with index condition: (sbtest3.k between 6920643 and 6920743)  (cost=46.2 rows=102)


table 4 : explain SELECT k, c FROM sbtest4 WHERE k BETWEEN 6920643 AND 6920743
	-> Index range scan on sbtest4 using k_4 over (6920643 <= k <= 6920743), with index condition: (sbtest4.k between 6920643 and 6920743)  (cost=44.8 rows=99)


table 5 : explain SELECT k, c FROM sbtest5 WHERE k BETWEEN 6920643 AND 6920743
	-> Index range scan on sbtest5 using k_5 over (6920643 <= k <= 6920743), with index condition: (sbtest5.k between 6920643 and 6920743)  (cost=46.6 rows=103)


table 6 : explain SELECT k, c FROM sbtest6 WHERE k BETWEEN 6920643 AND 6920743
	-> Index range scan on sbtest6 using k_6 over (6920643 <= k <= 6920743), with index condition: (sbtest6.k between 6920643 and 6920743)  (cost=39.9 rows=88)


table 7 : explain SELECT k, c FROM sbtest7 WHERE k BETWEEN 6920643 AND 6920743
	-> Index range scan on sbtest7 using k_7 over (6920643 <= k <= 6920743), with index condition: (sbtest7.k between 6920643 and 6920743)  (cost=47.1 rows=104)


table 8 : explain SELECT k, c FROM sbtest8 WHERE k BETWEEN 6920643 AND 6920743
	-> Index range scan on sbtest8 using k_8 over (6920643 <= k <= 6920743), with index condition: (sbtest8.k between 6920643 and 6920743)  (cost=57 rows=126)


explain: for range-notcovered :: explain SELECT k, c FROM sbtest%d WHERE k BETWEEN 5091041 AND 5091141
for range-notcovered
table 1 : explain SELECT k, c FROM sbtest1 WHERE k BETWEEN 8503989 AND 8504089
	-> Index range scan on sbtest1 using k_1 over (8503989 <= k <= 8504089), with index condition: (sbtest1.k between 8503989 and 8504089)  (cost=48 rows=106)


table 2 : explain SELECT k, c FROM sbtest2 WHERE k BETWEEN 8503989 AND 8504089
	-> Index range scan on sbtest2 using k_2 over (8503989 <= k <= 8504089), with index condition: (sbtest2.k between 8503989 and 8504089)  (cost=48.4 rows=107)


table 3 : explain SELECT k, c FROM sbtest3 WHERE k BETWEEN 8503989 AND 8504089
	-> Index range scan on sbtest3 using k_3 over (8503989 <= k <= 8504089), with index condition: (sbtest3.k between 8503989 and 8504089)  (cost=47.1 rows=104)


table 4 : explain SELECT k, c FROM sbtest4 WHERE k BETWEEN 8503989 AND 8504089
	-> Index range scan on sbtest4 using k_4 over (8503989 <= k <= 8504089), with index condition: (sbtest4.k between 8503989 and 8504089)  (cost=54.7 rows=121)


table 5 : explain SELECT k, c FROM sbtest5 WHERE k BETWEEN 8503989 AND 8504089
	-> Index range scan on sbtest5 using k_5 over (8503989 <= k <= 8504089), with index condition: (sbtest5.k between 8503989 and 8504089)  (cost=44.8 rows=99)


table 6 : explain SELECT k, c FROM sbtest6 WHERE k BETWEEN 8503989 AND 8504089
	-> Index range scan on sbtest6 using k_6 over (8503989 <= k <= 8504089), with index condition: (sbtest6.k between 8503989 and 8504089)  (cost=43.5 rows=96)


table 7 : explain SELECT k, c FROM sbtest7 WHERE k BETWEEN 8503989 AND 8504089
	-> Index range scan on sbtest7 using k_7 over (8503989 <= k <= 8504089), with index condition: (sbtest7.k between 8503989 and 8504089)  (cost=47.1 rows=104)


table 8 : explain SELECT k, c FROM sbtest8 WHERE k BETWEEN 8503989 AND 8504089
	-> Index range scan on sbtest8 using k_8 over (8503989 <= k <= 8504089), with index condition: (sbtest8.k between 8503989 and 8504089)  (cost=48.9 rows=108)


explain: for range-notcovered :: explain SELECT k, c FROM sbtest%d WHERE k BETWEEN 4645412 AND 4645512
for range-notcovered
table 1 : explain SELECT k, c FROM sbtest1 WHERE k BETWEEN 6458757 AND 6458857
	-> Index range scan on sbtest1 using k_1 over (6458757 <= k <= 6458857), with index condition: (sbtest1.k between 6458757 and 6458857)  (cost=43.9 rows=97)


table 2 : explain SELECT k, c FROM sbtest2 WHERE k BETWEEN 6458757 AND 6458857
	-> Index range scan on sbtest2 using k_2 over (6458757 <= k <= 6458857), with index condition: (sbtest2.k between 6458757 and 6458857)  (cost=51.1 rows=113)


table 3 : explain SELECT k, c FROM sbtest3 WHERE k BETWEEN 6458757 AND 6458857
	-> Index range scan on sbtest3 using k_3 over (6458757 <= k <= 6458857), with index condition: (sbtest3.k between 6458757 and 6458857)  (cost=46.2 rows=102)


table 4 : explain SELECT k, c FROM sbtest4 WHERE k BETWEEN 6458757 AND 6458857
	-> Index range scan on sbtest4 using k_4 over (6458757 <= k <= 6458857), with index condition: (sbtest4.k between 6458757 and 6458857)  (cost=43 rows=95)


table 5 : explain SELECT k, c FROM sbtest5 WHERE k BETWEEN 6458757 AND 6458857
	-> Index range scan on sbtest5 using k_5 over (6458757 <= k <= 6458857), with index condition: (sbtest5.k between 6458757 and 6458857)  (cost=40.8 rows=90)


table 6 : explain SELECT k, c FROM sbtest6 WHERE k BETWEEN 6458757 AND 6458857
	-> Index range scan on sbtest6 using k_6 over (6458757 <= k <= 6458857), with index condition: (sbtest6.k between 6458757 and 6458857)  (cost=39.9 rows=88)


table 7 : explain SELECT k, c FROM sbtest7 WHERE k BETWEEN 6458757 AND 6458857
	-> Index range scan on sbtest7 using k_7 over (6458757 <= k <= 6458857), with index condition: (sbtest7.k between 6458757 and 6458857)  (cost=54.7 rows=121)


table 8 : explain SELECT k, c FROM sbtest8 WHERE k BETWEEN 6458757 AND 6458857
	-> Index range scan on sbtest8 using k_8 over (6458757 <= k <= 6458857), with index condition: (sbtest8.k between 6458757 and 6458857)  (cost=42.1 rows=93)


for range-notcovered
table 1 : explain SELECT k, c FROM sbtest1 WHERE k BETWEEN 7783650 AND 7783750
	-> Index range scan on sbtest1 using k_1 over (7783650 <= k <= 7783750), with index condition: (sbtest1.k between 7783650 and 7783750)  (cost=52.5 rows=116)


table 2 : explain SELECT k, c FROM sbtest2 WHERE k BETWEEN 7783650 AND 7783750
	-> Index range scan on sbtest2 using k_2 over (7783650 <= k <= 7783750), with index condition: (sbtest2.k between 7783650 and 7783750)  (cost=43.9 rows=97)


table 3 : explain SELECT k, c FROM sbtest3 WHERE k BETWEEN 7783650 AND 7783750
	-> Index range scan on sbtest3 using k_3 over (7783650 <= k <= 7783750), with index condition: (sbtest3.k between 7783650 and 7783750)  (cost=38.5 rows=85)


table 4 : explain SELECT k, c FROM sbtest4 WHERE k BETWEEN 7783650 AND 7783750
	-> Index range scan on sbtest4 using k_4 over (7783650 <= k <= 7783750), with index condition: (sbtest4.k between 7783650 and 7783750)  (cost=44.8 rows=99)


table 5 : explain SELECT k, c FROM sbtest5 WHERE k BETWEEN 7783650 AND 7783750
	-> Index range scan on sbtest5 using k_5 over (7783650 <= k <= 7783750), with index condition: (sbtest5.k between 7783650 and 7783750)  (cost=44.4 rows=98)


table 6 : explain SELECT k, c FROM sbtest6 WHERE k BETWEEN 7783650 AND 7783750
	-> Index range scan on sbtest6 using k_6 over (7783650 <= k <= 7783750), with index condition: (sbtest6.k between 7783650 and 7783750)  (cost=47.5 rows=105)


table 7 : explain SELECT k, c FROM sbtest7 WHERE k BETWEEN 7783650 AND 7783750
	-> Index range scan on sbtest7 using k_7 over (7783650 <= k <= 7783750), with index condition: (sbtest7.k between 7783650 and 7783750)  (cost=46.6 rows=103)


table 8 : explain SELECT k, c FROM sbtest8 WHERE k BETWEEN 7783650 AND 7783750
	-> Index range scan on sbtest8 using k_8 over (7783650 <= k <= 7783750), with index condition: (sbtest8.k between 7783650 and 7783750)  (cost=47.5 rows=105)


for range-notcovered
table 1 : explain SELECT k, c FROM sbtest1 WHERE k BETWEEN 7430313 AND 7430413
	-> Index range scan on sbtest1 using k_1 over (7430313 <= k <= 7430413), with index condition: (sbtest1.k between 7430313 and 7430413)  (cost=42.1 rows=93)


table 2 : explain SELECT k, c FROM sbtest2 WHERE k BETWEEN 7430313 AND 7430413
	-> Index range scan on sbtest2 using k_2 over (7430313 <= k <= 7430413), with index condition: (sbtest2.k between 7430313 and 7430413)  (cost=49.8 rows=110)


table 3 : explain SELECT k, c FROM sbtest3 WHERE k BETWEEN 7430313 AND 7430413
	-> Index range scan on sbtest3 using k_3 over (7430313 <= k <= 7430413), with index condition: (sbtest3.k between 7430313 and 7430413)  (cost=44.8 rows=99)


table 4 : explain SELECT k, c FROM sbtest4 WHERE k BETWEEN 7430313 AND 7430413
	-> Index range scan on sbtest4 using k_4 over (7430313 <= k <= 7430413), with index condition: (sbtest4.k between 7430313 and 7430413)  (cost=45.7 rows=101)


table 5 : explain SELECT k, c FROM sbtest5 WHERE k BETWEEN 7430313 AND 7430413
	-> Index range scan on sbtest5 using k_5 over (7430313 <= k <= 7430413), with index condition: (sbtest5.k between 7430313 and 7430413)  (cost=44.8 rows=99)


table 6 : explain SELECT k, c FROM sbtest6 WHERE k BETWEEN 7430313 AND 7430413
	-> Index range scan on sbtest6 using k_6 over (7430313 <= k <= 7430413), with index condition: (sbtest6.k between 7430313 and 7430413)  (cost=46.2 rows=102)


table 7 : explain SELECT k, c FROM sbtest7 WHERE k BETWEEN 7430313 AND 7430413
	-> Index range scan on sbtest7 using k_7 over (7430313 <= k <= 7430413), with index condition: (sbtest7.k between 7430313 and 7430413)  (cost=48 rows=106)


table 8 : explain SELECT k, c FROM sbtest8 WHERE k BETWEEN 7430313 AND 7430413
	-> Index range scan on sbtest8 using k_8 over (7430313 <= k <= 7430413), with index condition: (sbtest8.k between 7430313 and 7430413)  (cost=39.4 rows=87)


for range-notcovered
table 1 : explain SELECT k, c FROM sbtest1 WHERE k BETWEEN 5160046 AND 5160146
	-> Index range scan on sbtest1 using k_1 over (5160046 <= k <= 5160146), with index condition: (sbtest1.k between 5160046 and 5160146)  (cost=45.7 rows=101)


table 2 : explain SELECT k, c FROM sbtest2 WHERE k BETWEEN 5160046 AND 5160146
	-> Index range scan on sbtest2 using k_2 over (5160046 <= k <= 5160146), with index condition: (sbtest2.k between 5160046 and 5160146)  (cost=51.1 rows=113)


table 3 : explain SELECT k, c FROM sbtest3 WHERE k BETWEEN 5160046 AND 5160146
	-> Index range scan on sbtest3 using k_3 over (5160046 <= k <= 5160146), with index condition: (sbtest3.k between 5160046 and 5160146)  (cost=49.8 rows=110)


table 4 : explain SELECT k, c FROM sbtest4 WHERE k BETWEEN 5160046 AND 5160146
	-> Index range scan on sbtest4 using k_4 over (5160046 <= k <= 5160146), with index condition: (sbtest4.k between 5160046 and 5160146)  (cost=53.4 rows=118)


table 5 : explain SELECT k, c FROM sbtest5 WHERE k BETWEEN 5160046 AND 5160146
	-> Index range scan on sbtest5 using k_5 over (5160046 <= k <= 5160146), with index condition: (sbtest5.k between 5160046 and 5160146)  (cost=47.1 rows=104)


table 6 : explain SELECT k, c FROM sbtest6 WHERE k BETWEEN 5160046 AND 5160146
	-> Index range scan on sbtest6 using k_6 over (5160046 <= k <= 5160146), with index condition: (sbtest6.k between 5160046 and 5160146)  (cost=43 rows=95)


table 7 : explain SELECT k, c FROM sbtest7 WHERE k BETWEEN 5160046 AND 5160146
	-> Index range scan on sbtest7 using k_7 over (5160046 <= k <= 5160146), with index condition: (sbtest7.k between 5160046 and 5160146)  (cost=44.4 rows=98)


table 8 : explain SELECT k, c FROM sbtest8 WHERE k BETWEEN 5160046 AND 5160146
	-> Index range scan on sbtest8 using k_8 over (5160046 <= k <= 5160146), with index condition: (sbtest8.k between 5160046 and 5160146)  (cost=45.7 rows=101)

for range-notcovered
table 1 : explain SELECT k, c FROM sbtest1 WHERE k BETWEEN 6302321 AND 6302421
	-> Index range scan on sbtest1 using k_1 over (6302321 <= k <= 6302421), with index condition: (sbtest1.k between 6302321 and 6302421)  (cost=45.7 rows=101)


table 2 : explain SELECT k, c FROM sbtest2 WHERE k BETWEEN 6302321 AND 6302421
	-> Index range scan on sbtest2 using k_2 over (6302321 <= k <= 6302421), with index condition: (sbtest2.k between 6302321 and 6302421)  (cost=42.1 rows=93)


table 3 : explain SELECT k, c FROM sbtest3 WHERE k BETWEEN 6302321 AND 6302421
	-> Index range scan on sbtest3 using k_3 over (6302321 <= k <= 6302421), with index condition: (sbtest3.k between 6302321 and 6302421)  (cost=48.9 rows=108)


table 4 : explain SELECT k, c FROM sbtest4 WHERE k BETWEEN 6302321 AND 6302421
	-> Index range scan on sbtest4 using k_4 over (6302321 <= k <= 6302421), with index condition: (sbtest4.k between 6302321 and 6302421)  (cost=41.2 rows=91)


table 5 : explain SELECT k, c FROM sbtest5 WHERE k BETWEEN 6302321 AND 6302421
	-> Index range scan on sbtest5 using k_5 over (6302321 <= k <= 6302421), with index condition: (sbtest5.k between 6302321 and 6302421)  (cost=39.4 rows=87)


table 6 : explain SELECT k, c FROM sbtest6 WHERE k BETWEEN 6302321 AND 6302421
	-> Index range scan on sbtest6 using k_6 over (6302321 <= k <= 6302421), with index condition: (sbtest6.k between 6302321 and 6302421)  (cost=49.3 rows=109)


table 7 : explain SELECT k, c FROM sbtest7 WHERE k BETWEEN 6302321 AND 6302421
	-> Index range scan on sbtest7 using k_7 over (6302321 <= k <= 6302421), with index condition: (sbtest7.k between 6302321 and 6302421)  (cost=47.1 rows=104)


table 8 : explain SELECT k, c FROM sbtest8 WHERE k BETWEEN 6302321 AND 6302421
	-> Index range scan on sbtest8 using k_8 over (6302321 <= k <= 6302421), with index condition: (sbtest8.k between 6302321 and 6302421)  (cost=39.4 rows=87)


explain: for range-notcovered :: explain SELECT k, c FROM sbtest%d WHERE k BETWEEN 4143083 AND 4143183
for range-notcovered
table 1 : explain SELECT k, c FROM sbtest1 WHERE k BETWEEN 5232353 AND 5232453
	-> Index range scan on sbtest1 using k_1 over (5232353 <= k <= 5232453), with index condition: (sbtest1.k between 5232353 and 5232453)  (cost=31.3 rows=69)


table 2 : explain SELECT k, c FROM sbtest2 WHERE k BETWEEN 5232353 AND 5232453
	-> Index range scan on sbtest2 using k_2 over (5232353 <= k <= 5232453), with index condition: (sbtest2.k between 5232353 and 5232453)  (cost=49.8 rows=110)


table 3 : explain SELECT k, c FROM sbtest3 WHERE k BETWEEN 5232353 AND 5232453
	-> Index range scan on sbtest3 using k_3 over (5232353 <= k <= 5232453), with index condition: (sbtest3.k between 5232353 and 5232453)  (cost=47.5 rows=105)


table 4 : explain SELECT k, c FROM sbtest4 WHERE k BETWEEN 5232353 AND 5232453
	-> Index range scan on sbtest4 using k_4 over (5232353 <= k <= 5232453), with index condition: (sbtest4.k between 5232353 and 5232453)  (cost=43.5 rows=96)


table 5 : explain SELECT k, c FROM sbtest5 WHERE k BETWEEN 5232353 AND 5232453
	-> Index range scan on sbtest5 using k_5 over (5232353 <= k <= 5232453), with index condition: (sbtest5.k between 5232353 and 5232453)  (cost=56.1 rows=124)


table 6 : explain SELECT k, c FROM sbtest6 WHERE k BETWEEN 5232353 AND 5232453
	-> Index range scan on sbtest6 using k_6 over (5232353 <= k <= 5232453), with index condition: (sbtest6.k between 5232353 and 5232453)  (cost=45.7 rows=101)


table 7 : explain SELECT k, c FROM sbtest7 WHERE k BETWEEN 5232353 AND 5232453
	-> Index range scan on sbtest7 using k_7 over (5232353 <= k <= 5232453), with index condition: (sbtest7.k between 5232353 and 5232453)  (cost=50.2 rows=111)


table 8 : explain SELECT k, c FROM sbtest8 WHERE k BETWEEN 5232353 AND 5232453
	-> Index range scan on sbtest8 using k_8 over (5232353 <= k <= 5232453), with index condition: (sbtest8.k between 5232353 and 5232453)  (cost=40.3 rows=89)


for range-notcovered
table 1 : explain SELECT k, c FROM sbtest1 WHERE k BETWEEN 3918349 AND 3918449
	-> Index range scan on sbtest1 using k_1 over (3918349 <= k <= 3918449), with index condition: (sbtest1.k between 3918349 and 3918449)  (cost=44.8 rows=99)


table 2 : explain SELECT k, c FROM sbtest2 WHERE k BETWEEN 3918349 AND 3918449
	-> Index range scan on sbtest2 using k_2 over (3918349 <= k <= 3918449), with index condition: (sbtest2.k between 3918349 and 3918449)  (cost=47.5 rows=105)


table 3 : explain SELECT k, c FROM sbtest3 WHERE k BETWEEN 3918349 AND 3918449
	-> Index range scan on sbtest3 using k_3 over (3918349 <= k <= 3918449), with index condition: (sbtest3.k between 3918349 and 3918449)  (cost=44.4 rows=98)


table 4 : explain SELECT k, c FROM sbtest4 WHERE k BETWEEN 3918349 AND 3918449
	-> Index range scan on sbtest4 using k_4 over (3918349 <= k <= 3918449), with index condition: (sbtest4.k between 3918349 and 3918449)  (cost=47.1 rows=104)


table 5 : explain SELECT k, c FROM sbtest5 WHERE k BETWEEN 3918349 AND 3918449
	-> Index range scan on sbtest5 using k_5 over (3918349 <= k <= 3918449), with index condition: (sbtest5.k between 3918349 and 3918449)  (cost=48 rows=106)


table 6 : explain SELECT k, c FROM sbtest6 WHERE k BETWEEN 3918349 AND 3918449
	-> Index range scan on sbtest6 using k_6 over (3918349 <= k <= 3918449), with index condition: (sbtest6.k between 3918349 and 3918449)  (cost=38.1 rows=84)


table 7 : explain SELECT k, c FROM sbtest7 WHERE k BETWEEN 3918349 AND 3918449
	-> Index range scan on sbtest7 using k_7 over (3918349 <= k <= 3918449), with index condition: (sbtest7.k between 3918349 and 3918449)  (cost=43 rows=95)


table 8 : explain SELECT k, c FROM sbtest8 WHERE k BETWEEN 3918349 AND 3918449
	-> Index range scan on sbtest8 using k_8 over (3918349 <= k <= 3918449), with index condition: (sbtest8.k between 3918349 and 3918449)  (cost=48.4 rows=107)


explain: for range-notcovered :: explain SELECT k, c FROM sbtest%d WHERE k BETWEEN 6920643 AND 6920743
for range-notcovered
table 1 : explain SELECT k, c FROM sbtest1 WHERE k BETWEEN 7507441 AND 7507541
	-> Index range scan on sbtest1 using k_1 over (7507441 <= k <= 7507541), with index condition: (sbtest1.k between 7507441 and 7507541)  (cost=45.3 rows=100)


table 2 : explain SELECT k, c FROM sbtest2 WHERE k BETWEEN 7507441 AND 7507541
	-> Index range scan on sbtest2 using k_2 over (7507441 <= k <= 7507541), with index condition: (sbtest2.k between 7507441 and 7507541)  (cost=42.1 rows=93)


table 3 : explain SELECT k, c FROM sbtest3 WHERE k BETWEEN 7507441 AND 7507541
	-> Index range scan on sbtest3 using k_3 over (7507441 <= k <= 7507541), with index condition: (sbtest3.k between 7507441 and 7507541)  (cost=50.2 rows=111)


table 4 : explain SELECT k, c FROM sbtest4 WHERE k BETWEEN 7507441 AND 7507541
	-> Index range scan on sbtest4 using k_4 over (7507441 <= k <= 7507541), with index condition: (sbtest4.k between 7507441 and 7507541)  (cost=44.8 rows=99)


table 5 : explain SELECT k, c FROM sbtest5 WHERE k BETWEEN 7507441 AND 7507541
	-> Index range scan on sbtest5 using k_5 over (7507441 <= k <= 7507541), with index condition: (sbtest5.k between 7507441 and 7507541)  (cost=48.4 rows=107)


table 6 : explain SELECT k, c FROM sbtest6 WHERE k BETWEEN 7507441 AND 7507541
	-> Index range scan on sbtest6 using k_6 over (7507441 <= k <= 7507541), with index condition: (sbtest6.k between 7507441 and 7507541)  (cost=43 rows=95)


table 7 : explain SELECT k, c FROM sbtest7 WHERE k BETWEEN 7507441 AND 7507541
	-> Index range scan on sbtest7 using k_7 over (7507441 <= k <= 7507541), with index condition: (sbtest7.k between 7507441 and 7507541)  (cost=45.7 rows=101)


table 8 : explain SELECT k, c FROM sbtest8 WHERE k BETWEEN 7507441 AND 7507541
	-> Index range scan on sbtest8 using k_8 over (7507441 <= k <= 7507541), with index condition: (sbtest8.k between 7507441 and 7507541)  (cost=55.6 rows=123)



for range-notcovered
table 1 : explain SELECT k, c FROM sbtest1 WHERE k BETWEEN 7571624 AND 7571724
	-> Index range scan on sbtest1 using k_1 over (7571624 <= k <= 7571724), with index condition: (sbtest1.k between 7571624 and 7571724)  (cost=45.7 rows=101)


table 2 : explain SELECT k, c FROM sbtest2 WHERE k BETWEEN 7571624 AND 7571724
	-> Index range scan on sbtest2 using k_2 over (7571624 <= k <= 7571724), with index condition: (sbtest2.k between 7571624 and 7571724)  (cost=49.8 rows=110)


table 3 : explain SELECT k, c FROM sbtest3 WHERE k BETWEEN 7571624 AND 7571724
	-> Index range scan on sbtest3 using k_3 over (7571624 <= k <= 7571724), with index condition: (sbtest3.k between 7571624 and 7571724)  (cost=40.3 rows=89)


table 4 : explain SELECT k, c FROM sbtest4 WHERE k BETWEEN 7571624 AND 7571724
	-> Index range scan on sbtest4 using k_4 over (7571624 <= k <= 7571724), with index condition: (sbtest4.k between 7571624 and 7571724)  (cost=48 rows=106)


table 5 : explain SELECT k, c FROM sbtest5 WHERE k BETWEEN 7571624 AND 7571724
	-> Index range scan on sbtest5 using k_5 over (7571624 <= k <= 7571724), with index condition: (sbtest5.k between 7571624 and 7571724)  (cost=49.3 rows=109)


table 6 : explain SELECT k, c FROM sbtest6 WHERE k BETWEEN 7571624 AND 7571724
	-> Index range scan on sbtest6 using k_6 over (7571624 <= k <= 7571724), with index condition: (sbtest6.k between 7571624 and 7571724)  (cost=49.3 rows=109)


table 7 : explain SELECT k, c FROM sbtest7 WHERE k BETWEEN 7571624 AND 7571724
	-> Index range scan on sbtest7 using k_7 over (7571624 <= k <= 7571724), with index condition: (sbtest7.k between 7571624 and 7571724)  (cost=41.2 rows=91)


table 8 : explain SELECT k, c FROM sbtest8 WHERE k BETWEEN 7571624 AND 7571724
	-> Index range scan on sbtest8 using k_8 over (7571624 <= k <= 7571724), with index condition: (sbtest8.k between 7571624 and 7571724)  (cost=44.4 rows=98)


for range-notcovered
table 1 : explain SELECT k, c FROM sbtest1 WHERE k BETWEEN 8996302 AND 8996402
	-> Index range scan on sbtest1 using k_1 over (8996302 <= k <= 8996402), with index condition: (sbtest1.k between 8996302 and 8996402)  (cost=40.3 rows=89)


table 2 : explain SELECT k, c FROM sbtest2 WHERE k BETWEEN 8996302 AND 8996402
	-> Index range scan on sbtest2 using k_2 over (8996302 <= k <= 8996402), with index condition: (sbtest2.k between 8996302 and 8996402)  (cost=50.7 rows=112)


table 3 : explain SELECT k, c FROM sbtest3 WHERE k BETWEEN 8996302 AND 8996402
	-> Index range scan on sbtest3 using k_3 over (8996302 <= k <= 8996402), with index condition: (sbtest3.k between 8996302 and 8996402)  (cost=48.9 rows=108)


table 4 : explain SELECT k, c FROM sbtest4 WHERE k BETWEEN 8996302 AND 8996402
	-> Index range scan on sbtest4 using k_4 over (8996302 <= k <= 8996402), with index condition: (sbtest4.k between 8996302 and 8996402)  (cost=42.6 rows=94)


table 5 : explain SELECT k, c FROM sbtest5 WHERE k BETWEEN 8996302 AND 8996402
	-> Index range scan on sbtest5 using k_5 over (8996302 <= k <= 8996402), with index condition: (sbtest5.k between 8996302 and 8996402)  (cost=46.6 rows=103)


table 6 : explain SELECT k, c FROM sbtest6 WHERE k BETWEEN 8996302 AND 8996402
	-> Index range scan on sbtest6 using k_6 over (8996302 <= k <= 8996402), with index condition: (sbtest6.k between 8996302 and 8996402)  (cost=48.4 rows=107)


table 7 : explain SELECT k, c FROM sbtest7 WHERE k BETWEEN 8996302 AND 8996402
	-> Index range scan on sbtest7 using k_7 over (8996302 <= k <= 8996402), with index condition: (sbtest7.k between 8996302 and 8996402)  (cost=48.9 rows=108)


table 8 : explain SELECT k, c FROM sbtest8 WHERE k BETWEEN 8996302 AND 8996402
	-> Index range scan on sbtest8 using k_8 over (8996302 <= k <= 8996402), with index condition: (sbtest8.k between 8996302 and 8996402)  (cost=41.2 rows=91)


explain: for range-notcovered :: explain SELECT k, c FROM sbtest%d WHERE k BETWEEN 6458757 AND 6458857
explain: for range-notcovered :: explain SELECT k, c FROM sbtest%d WHERE k BETWEEN 7783650 AND 7783750explain: for range-notcovered :: explain SELECT k, c FROM sbtest%d WHERE k BETWEEN 6302321 AND 6302421for range-notcovered
table 1 : explain SELECT k, c FROM sbtest1 WHERE k BETWEEN 1708641 AND 1708741
	-> Index range scan on sbtest1 using k_1 over (1708641 <= k <= 1708741), with index condition: (sbtest1.k between 1708641 and 1708741)  (cost=45.3 rows=100)


table 2 : explain SELECT k, c FROM sbtest2 WHERE k BETWEEN 1708641 AND 1708741
	-> Index range scan on sbtest2 using k_2 over (1708641 <= k <= 1708741), with index condition: (sbtest2.k between 1708641 and 1708741)  (cost=45.7 rows=101)


table 3 : explain SELECT k, c FROM sbtest3 WHERE k BETWEEN 1708641 AND 1708741
	-> Index range scan on sbtest3 using k_3 over (1708641 <= k <= 1708741), with index condition: (sbtest3.k between 1708641 and 1708741)  (cost=40.3 rows=89)


table 4 : explain SELECT k, c FROM sbtest4 WHERE k BETWEEN 1708641 AND 1708741
	-> Index range scan on sbtest4 using k_4 over (1708641 <= k <= 1708741), with index condition: (sbtest4.k between 1708641 and 1708741)  (cost=48.4 rows=107)


table 5 : explain SELECT k, c FROM sbtest5 WHERE k BETWEEN 1708641 AND 1708741
	-> Index range scan on sbtest5 using k_5 over (1708641 <= k <= 1708741), with index condition: (sbtest5.k between 1708641 and 1708741)  (cost=51.6 rows=114)


table 6 : explain SELECT k, c FROM sbtest6 WHERE k BETWEEN 1708641 AND 1708741
	-> Index range scan on sbtest6 using k_6 over (1708641 <= k <= 1708741), with index condition: (sbtest6.k between 1708641 and 1708741)  (cost=46.6 rows=103)


table 7 : explain SELECT k, c FROM sbtest7 WHERE k BETWEEN 1708641 AND 1708741
	-> Index range scan on sbtest7 using k_7 over (1708641 <= k <= 1708741), with index condition: (sbtest7.k between 1708641 and 1708741)  (cost=43.5 rows=96)


table 8 : explain SELECT k, c FROM sbtest8 WHERE k BETWEEN 1708641 AND 1708741
	-> Index range scan on sbtest8 using k_8 over (1708641 <= k <= 1708741), with index condition: (sbtest8.k between 1708641 and 1708741)  (cost=47.1 rows=104)


explain: for range-notcovered :: explain SELECT k, c FROM sbtest%d WHERE k BETWEEN 5232353 AND 5232453explain: for range-notcovered :: explain SELECT k, c FROM sbtest%d WHERE k BETWEEN 8503989 AND 8504089
explain: for range-notcovered :: explain SELECT k, c FROM sbtest%d WHERE k BETWEEN 3918349 AND 3918449
explain: for range-notcovered :: explain SELECT k, c FROM sbtest%d WHERE k BETWEEN 7507441 AND 7507541explain: for range-notcovered :: explain SELECT k, c FROM sbtest%d WHERE k BETWEEN 5160046 AND 5160146
explain: for range-notcovered :: explain SELECT k, c FROM sbtest%d WHERE k BETWEEN 909953 AND 910053
explain: for range-notcovered :: explain SELECT k, c FROM sbtest%d WHERE k BETWEEN 7430313 AND 7430413
explain: for range-notcovered :: explain SELECT k, c FROM sbtest%d WHERE k BETWEEN 1708641 AND 1708741
for range-notcovered
table 1 : explain SELECT k, c FROM sbtest1 WHERE k BETWEEN 4178071 AND 4178171
	-> Index range scan on sbtest1 using k_1 over (4178071 <= k <= 4178171), with index condition: (sbtest1.k between 4178071 and 4178171)  (cost=50.7 rows=112)


table 2 : explain SELECT k, c FROM sbtest2 WHERE k BETWEEN 4178071 AND 4178171
	-> Index range scan on sbtest2 using k_2 over (4178071 <= k <= 4178171), with index condition: (sbtest2.k between 4178071 and 4178171)  (cost=43.5 rows=96)


table 3 : explain SELECT k, c FROM sbtest3 WHERE k BETWEEN 4178071 AND 4178171
	-> Index range scan on sbtest3 using k_3 over (4178071 <= k <= 4178171), with index condition: (sbtest3.k between 4178071 and 4178171)  (cost=42.6 rows=94)


table 4 : explain SELECT k, c FROM sbtest4 WHERE k BETWEEN 4178071 AND 4178171
	-> Index range scan on sbtest4 using k_4 over (4178071 <= k <= 4178171), with index condition: (sbtest4.k between 4178071 and 4178171)  (cost=53.4 rows=118)


table 5 : explain SELECT k, c FROM sbtest5 WHERE k BETWEEN 4178071 AND 4178171
	-> Index range scan on sbtest5 using k_5 over (4178071 <= k <= 4178171), with index condition: (sbtest5.k between 4178071 and 4178171)  (cost=48.9 rows=108)


table 6 : explain SELECT k, c FROM sbtest6 WHERE k BETWEEN 4178071 AND 4178171
	-> Index range scan on sbtest6 using k_6 over (4178071 <= k <= 4178171), with index condition: (sbtest6.k between 4178071 and 4178171)  (cost=43.9 rows=97)


table 7 : explain SELECT k, c FROM sbtest7 WHERE k BETWEEN 4178071 AND 4178171
	-> Index range scan on sbtest7 using k_7 over (4178071 <= k <= 4178171), with index condition: (sbtest7.k between 4178071 and 4178171)  (cost=53.8 rows=119)


table 8 : explain SELECT k, c FROM sbtest8 WHERE k BETWEEN 4178071 AND 4178171
	-> Index range scan on sbtest8 using k_8 over (4178071 <= k <= 4178171), with index condition: (sbtest8.k between 4178071 and 4178171)  (cost=49.8 rows=110)



for range-notcovered
table 1 : explain SELECT k, c FROM sbtest1 WHERE k BETWEEN 3016335 AND 3016435
	-> Index range scan on sbtest1 using k_1 over (3016335 <= k <= 3016435), with index condition: (sbtest1.k between 3016335 and 3016435)  (cost=38.1 rows=84)


table 2 : explain SELECT k, c FROM sbtest2 WHERE k BETWEEN 3016335 AND 3016435
	-> Index range scan on sbtest2 using k_2 over (3016335 <= k <= 3016435), with index condition: (sbtest2.k between 3016335 and 3016435)  (cost=43 rows=95)


table 3 : explain SELECT k, c FROM sbtest3 WHERE k BETWEEN 3016335 AND 3016435
	-> Index range scan on sbtest3 using k_3 over (3016335 <= k <= 3016435), with index condition: (sbtest3.k between 3016335 and 3016435)  (cost=38.1 rows=84)


table 4 : explain SELECT k, c FROM sbtest4 WHERE k BETWEEN 3016335 AND 3016435
	-> Index range scan on sbtest4 using k_4 over (3016335 <= k <= 3016435), with index condition: (sbtest4.k between 3016335 and 3016435)  (cost=46.2 rows=102)


table 5 : explain SELECT k, c FROM sbtest5 WHERE k BETWEEN 3016335 AND 3016435
	-> Index range scan on sbtest5 using k_5 over (3016335 <= k <= 3016435), with index condition: (sbtest5.k between 3016335 and 3016435)  (cost=35.4 rows=78)


table 6 : explain SELECT k, c FROM sbtest6 WHERE k BETWEEN 3016335 AND 3016435
	-> Index range scan on sbtest6 using k_6 over (3016335 <= k <= 3016435), with index condition: (sbtest6.k between 3016335 and 3016435)  (cost=32.7 rows=72)


table 7 : explain SELECT k, c FROM sbtest7 WHERE k BETWEEN 3016335 AND 3016435
	-> Index range scan on sbtest7 using k_7 over (3016335 <= k <= 3016435), with index condition: (sbtest7.k between 3016335 and 3016435)  (cost=49.8 rows=110)


table 8 : explain SELECT k, c FROM sbtest8 WHERE k BETWEEN 3016335 AND 3016435
	-> Index range scan on sbtest8 using k_8 over (3016335 <= k <= 3016435), with index condition: (sbtest8.k between 3016335 and 3016435)  (cost=42.6 rows=94)


for range-notcovered
table 1 : explain SELECT k, c FROM sbtest1 WHERE k BETWEEN 4593795 AND 4593895
	-> Index range scan on sbtest1 using k_1 over (4593795 <= k <= 4593895), with index condition: (sbtest1.k between 4593795 and 4593895)  (cost=45.3 rows=100)


table 2 : explain SELECT k, c FROM sbtest2 WHERE k BETWEEN 4593795 AND 4593895
	-> Index range scan on sbtest2 using k_2 over (4593795 <= k <= 4593895), with index condition: (sbtest2.k between 4593795 and 4593895)  (cost=42.6 rows=94)


table 3 : explain SELECT k, c FROM sbtest3 WHERE k BETWEEN 4593795 AND 4593895
	-> Index range scan on sbtest3 using k_3 over (4593795 <= k <= 4593895), with index condition: (sbtest3.k between 4593795 and 4593895)  (cost=47.5 rows=105)


table 4 : explain SELECT k, c FROM sbtest4 WHERE k BETWEEN 4593795 AND 4593895
	-> Index range scan on sbtest4 using k_4 over (4593795 <= k <= 4593895), with index condition: (sbtest4.k between 4593795 and 4593895)  (cost=49.3 rows=109)


table 5 : explain SELECT k, c FROM sbtest5 WHERE k BETWEEN 4593795 AND 4593895
	-> Index range scan on sbtest5 using k_5 over (4593795 <= k <= 4593895), with index condition: (sbtest5.k between 4593795 and 4593895)  (cost=44.4 rows=98)


table 6 : explain SELECT k, c FROM sbtest6 WHERE k BETWEEN 4593795 AND 4593895
	-> Index range scan on sbtest6 using k_6 over (4593795 <= k <= 4593895), with index condition: (sbtest6.k between 4593795 and 4593895)  (cost=43.9 rows=97)


table 7 : explain SELECT k, c FROM sbtest7 WHERE k BETWEEN 4593795 AND 4593895
	-> Index range scan on sbtest7 using k_7 over (4593795 <= k <= 4593895), with index condition: (sbtest7.k between 4593795 and 4593895)  (cost=47.1 rows=104)


table 8 : explain SELECT k, c FROM sbtest8 WHERE k BETWEEN 4593795 AND 4593895
	-> Index range scan on sbtest8 using k_8 over (4593795 <= k <= 4593895), with index condition: (sbtest8.k between 4593795 and 4593895)  (cost=45.7 rows=101)


for range-notcovered
table 1 : explain SELECT k, c FROM sbtest1 WHERE k BETWEEN 2291520 AND 2291620
	-> Index range scan on sbtest1 using k_1 over (2291520 <= k <= 2291620), with index condition: (sbtest1.k between 2291520 and 2291620)  (cost=47.1 rows=104)


table 2 : explain SELECT k, c FROM sbtest2 WHERE k BETWEEN 2291520 AND 2291620
	-> Index range scan on sbtest2 using k_2 over (2291520 <= k <= 2291620), with index condition: (sbtest2.k between 2291520 and 2291620)  (cost=45.3 rows=100)


table 3 : explain SELECT k, c FROM sbtest3 WHERE k BETWEEN 2291520 AND 2291620
	-> Index range scan on sbtest3 using k_3 over (2291520 <= k <= 2291620), with index condition: (sbtest3.k between 2291520 and 2291620)  (cost=47.5 rows=105)


table 4 : explain SELECT k, c FROM sbtest4 WHERE k BETWEEN 2291520 AND 2291620
	-> Index range scan on sbtest4 using k_4 over (2291520 <= k <= 2291620), with index condition: (sbtest4.k between 2291520 and 2291620)  (cost=45.7 rows=101)


table 5 : explain SELECT k, c FROM sbtest5 WHERE k BETWEEN 2291520 AND 2291620
	-> Index range scan on sbtest5 using k_5 over (2291520 <= k <= 2291620), with index condition: (sbtest5.k between 2291520 and 2291620)  (cost=47.5 rows=105)


table 6 : explain SELECT k, c FROM sbtest6 WHERE k BETWEEN 2291520 AND 2291620
	-> Index range scan on sbtest6 using k_6 over (2291520 <= k <= 2291620), with index condition: (sbtest6.k between 2291520 and 2291620)  (cost=47.5 rows=105)


table 7 : explain SELECT k, c FROM sbtest7 WHERE k BETWEEN 2291520 AND 2291620
	-> Index range scan on sbtest7 using k_7 over (2291520 <= k <= 2291620), with index condition: (sbtest7.k between 2291520 and 2291620)  (cost=46.6 rows=103)


table 8 : explain SELECT k, c FROM sbtest8 WHERE k BETWEEN 2291520 AND 2291620
	-> Index range scan on sbtest8 using k_8 over (2291520 <= k <= 2291620), with index condition: (sbtest8.k between 2291520 and 2291620)  (cost=43 rows=95)




for range-notcovered
table 1 : explain SELECT k, c FROM sbtest1 WHERE k BETWEEN 5017403 AND 5017503
	-> Index range scan on sbtest1 using k_1 over (5017403 <= k <= 5017503), with index condition: (sbtest1.k between 5017403 and 5017503)  (cost=49.8 rows=110)


table 2 : explain SELECT k, c FROM sbtest2 WHERE k BETWEEN 5017403 AND 5017503
	-> Index range scan on sbtest2 using k_2 over (5017403 <= k <= 5017503), with index condition: (sbtest2.k between 5017403 and 5017503)  (cost=50.2 rows=111)


table 3 : explain SELECT k, c FROM sbtest3 WHERE k BETWEEN 5017403 AND 5017503
	-> Index range scan on sbtest3 using k_3 over (5017403 <= k <= 5017503), with index condition: (sbtest3.k between 5017403 and 5017503)  (cost=41.7 rows=92)


table 4 : explain SELECT k, c FROM sbtest4 WHERE k BETWEEN 5017403 AND 5017503
	-> Index range scan on sbtest4 using k_4 over (5017403 <= k <= 5017503), with index condition: (sbtest4.k between 5017403 and 5017503)  (cost=48.9 rows=108)


table 5 : explain SELECT k, c FROM sbtest5 WHERE k BETWEEN 5017403 AND 5017503
	-> Index range scan on sbtest5 using k_5 over (5017403 <= k <= 5017503), with index condition: (sbtest5.k between 5017403 and 5017503)  (cost=54.7 rows=121)


table 6 : explain SELECT k, c FROM sbtest6 WHERE k BETWEEN 5017403 AND 5017503
	-> Index range scan on sbtest6 using k_6 over (5017403 <= k <= 5017503), with index condition: (sbtest6.k between 5017403 and 5017503)  (cost=46.6 rows=103)


table 7 : explain SELECT k, c FROM sbtest7 WHERE k BETWEEN 5017403 AND 5017503
	-> Index range scan on sbtest7 using k_7 over (5017403 <= k <= 5017503), with index condition: (sbtest7.k between 5017403 and 5017503)  (cost=44.4 rows=98)


table 8 : explain SELECT k, c FROM sbtest8 WHERE k BETWEEN 5017403 AND 5017503
	-> Index range scan on sbtest8 using k_8 over (5017403 <= k <= 5017503), with index condition: (sbtest8.k between 5017403 and 5017503)  (cost=48.9 rows=108)


for range-notcovered
table 1 : explain SELECT k, c FROM sbtest1 WHERE k BETWEEN 5561744 AND 5561844
	-> Index range scan on sbtest1 using k_1 over (5561744 <= k <= 5561844), with index condition: (sbtest1.k between 5561744 and 5561844)  (cost=43.9 rows=97)


table 2 : explain SELECT k, c FROM sbtest2 WHERE k BETWEEN 5561744 AND 5561844
	-> Index range scan on sbtest2 using k_2 over (5561744 <= k <= 5561844), with index condition: (sbtest2.k between 5561744 and 5561844)  (cost=43.9 rows=97)


table 3 : explain SELECT k, c FROM sbtest3 WHERE k BETWEEN 5561744 AND 5561844
	-> Index range scan on sbtest3 using k_3 over (5561744 <= k <= 5561844), with index condition: (sbtest3.k between 5561744 and 5561844)  (cost=40.3 rows=89)


table 4 : explain SELECT k, c FROM sbtest4 WHERE k BETWEEN 5561744 AND 5561844
	-> Index range scan on sbtest4 using k_4 over (5561744 <= k <= 5561844), with index condition: (sbtest4.k between 5561744 and 5561844)  (cost=39.9 rows=88)


table 5 : explain SELECT k, c FROM sbtest5 WHERE k BETWEEN 5561744 AND 5561844
	-> Index range scan on sbtest5 using k_5 over (5561744 <= k <= 5561844), with index condition: (sbtest5.k between 5561744 and 5561844)  (cost=52.5 rows=116)


table 6 : explain SELECT k, c FROM sbtest6 WHERE k BETWEEN 5561744 AND 5561844
	-> Index range scan on sbtest6 using k_6 over (5561744 <= k <= 5561844), with index condition: (sbtest6.k between 5561744 and 5561844)  (cost=42.6 rows=94)


table 7 : explain SELECT k, c FROM sbtest7 WHERE k BETWEEN 5561744 AND 5561844
	-> Index range scan on sbtest7 using k_7 over (5561744 <= k <= 5561844), with index condition: (sbtest7.k between 5561744 and 5561844)  (cost=42.6 rows=94)


table 8 : explain SELECT k, c FROM sbtest8 WHERE k BETWEEN 5561744 AND 5561844
	-> Index range scan on sbtest8 using k_8 over (5561744 <= k <= 5561844), with index condition: (sbtest8.k between 5561744 and 5561844)  (cost=53.8 rows=119)



explain: for range-notcovered :: explain SELECT k, c FROM sbtest%d WHERE k BETWEEN 8996302 AND 8996402explain: for range-notcovered :: explain SELECT k, c FROM sbtest%d WHERE k BETWEEN 3016335 AND 3016435
for range-notcovered
table 1 : explain SELECT k, c FROM sbtest1 WHERE k BETWEEN 3500666 AND 3500766
	-> Index range scan on sbtest1 using k_1 over (3500666 <= k <= 3500766), with index condition: (sbtest1.k between 3500666 and 3500766)  (cost=48.4 rows=107)


table 2 : explain SELECT k, c FROM sbtest2 WHERE k BETWEEN 3500666 AND 3500766
	-> Index range scan on sbtest2 using k_2 over (3500666 <= k <= 3500766), with index condition: (sbtest2.k between 3500666 and 3500766)  (cost=50.2 rows=111)


table 3 : explain SELECT k, c FROM sbtest3 WHERE k BETWEEN 3500666 AND 3500766
	-> Index range scan on sbtest3 using k_3 over (3500666 <= k <= 3500766), with index condition: (sbtest3.k between 3500666 and 3500766)  (cost=42.6 rows=94)


table 4 : explain SELECT k, c FROM sbtest4 WHERE k BETWEEN 3500666 AND 3500766
	-> Index range scan on sbtest4 using k_4 over (3500666 <= k <= 3500766), with index condition: (sbtest4.k between 3500666 and 3500766)  (cost=43.5 rows=96)


table 5 : explain SELECT k, c FROM sbtest5 WHERE k BETWEEN 3500666 AND 3500766
	-> Index range scan on sbtest5 using k_5 over (3500666 <= k <= 3500766), with index condition: (sbtest5.k between 3500666 and 3500766)  (cost=44.8 rows=99)


table 6 : explain SELECT k, c FROM sbtest6 WHERE k BETWEEN 3500666 AND 3500766
	-> Index range scan on sbtest6 using k_6 over (3500666 <= k <= 3500766), with index condition: (sbtest6.k between 3500666 and 3500766)  (cost=56.5 rows=125)


table 7 : explain SELECT k, c FROM sbtest7 WHERE k BETWEEN 3500666 AND 3500766
	-> Index range scan on sbtest7 using k_7 over (3500666 <= k <= 3500766), with index condition: (sbtest7.k between 3500666 and 3500766)  (cost=42.1 rows=93)


table 8 : explain SELECT k, c FROM sbtest8 WHERE k BETWEEN 3500666 AND 3500766
	-> Index range scan on sbtest8 using k_8 over (3500666 <= k <= 3500766), with index condition: (sbtest8.k between 3500666 and 3500766)  (cost=38.5 rows=85)


for range-notcovered
table 1 : explain SELECT k, c FROM sbtest1 WHERE k BETWEEN 5335326 AND 5335426
	-> Index range scan on sbtest1 using k_1 over (5335326 <= k <= 5335426), with index condition: (sbtest1.k between 5335326 and 5335426)  (cost=47.1 rows=104)


table 2 : explain SELECT k, c FROM sbtest2 WHERE k BETWEEN 5335326 AND 5335426
	-> Index range scan on sbtest2 using k_2 over (5335326 <= k <= 5335426), with index condition: (sbtest2.k between 5335326 and 5335426)  (cost=47.1 rows=104)


table 3 : explain SELECT k, c FROM sbtest3 WHERE k BETWEEN 5335326 AND 5335426
	-> Index range scan on sbtest3 using k_3 over (5335326 <= k <= 5335426), with index condition: (sbtest3.k between 5335326 and 5335426)  (cost=41.7 rows=92)


table 4 : explain SELECT k, c FROM sbtest4 WHERE k BETWEEN 5335326 AND 5335426
	-> Index range scan on sbtest4 using k_4 over (5335326 <= k <= 5335426), with index condition: (sbtest4.k between 5335326 and 5335426)  (cost=50.7 rows=112)


table 5 : explain SELECT k, c FROM sbtest5 WHERE k BETWEEN 5335326 AND 5335426
	-> Index range scan on sbtest5 using k_5 over (5335326 <= k <= 5335426), with index condition: (sbtest5.k between 5335326 and 5335426)  (cost=43.5 rows=96)


table 6 : explain SELECT k, c FROM sbtest6 WHERE k BETWEEN 5335326 AND 5335426
	-> Index range scan on sbtest6 using k_6 over (5335326 <= k <= 5335426), with index condition: (sbtest6.k between 5335326 and 5335426)  (cost=48.4 rows=107)


table 7 : explain SELECT k, c FROM sbtest7 WHERE k BETWEEN 5335326 AND 5335426
	-> Index range scan on sbtest7 using k_7 over (5335326 <= k <= 5335426), with index condition: (sbtest7.k between 5335326 and 5335426)  (cost=42.1 rows=93)


table 8 : explain SELECT k, c FROM sbtest8 WHERE k BETWEEN 5335326 AND 5335426
	-> Index range scan on sbtest8 using k_8 over (5335326 <= k <= 5335426), with index condition: (sbtest8.k between 5335326 and 5335426)  (cost=48.4 rows=107)


explain: for range-notcovered :: explain SELECT k, c FROM sbtest%d WHERE k BETWEEN 7571624 AND 7571724

for range-notcovered
table 1 : explain SELECT k, c FROM sbtest1 WHERE k BETWEEN 6037781 AND 6037881
	-> Index range scan on sbtest1 using k_1 over (6037781 <= k <= 6037881), with index condition: (sbtest1.k between 6037781 and 6037881)  (cost=40.3 rows=89)


table 2 : explain SELECT k, c FROM sbtest2 WHERE k BETWEEN 6037781 AND 6037881
	-> Index range scan on sbtest2 using k_2 over (6037781 <= k <= 6037881), with index condition: (sbtest2.k between 6037781 and 6037881)  (cost=43.5 rows=96)


table 3 : explain SELECT k, c FROM sbtest3 WHERE k BETWEEN 6037781 AND 6037881
	-> Index range scan on sbtest3 using k_3 over (6037781 <= k <= 6037881), with index condition: (sbtest3.k between 6037781 and 6037881)  (cost=40.8 rows=90)


table 4 : explain SELECT k, c FROM sbtest4 WHERE k BETWEEN 6037781 AND 6037881
	-> Index range scan on sbtest4 using k_4 over (6037781 <= k <= 6037881), with index condition: (sbtest4.k between 6037781 and 6037881)  (cost=45.3 rows=100)


table 5 : explain SELECT k, c FROM sbtest5 WHERE k BETWEEN 6037781 AND 6037881
	-> Index range scan on sbtest5 using k_5 over (6037781 <= k <= 6037881), with index condition: (sbtest5.k between 6037781 and 6037881)  (cost=47.1 rows=104)


table 6 : explain SELECT k, c FROM sbtest6 WHERE k BETWEEN 6037781 AND 6037881
	-> Index range scan on sbtest6 using k_6 over (6037781 <= k <= 6037881), with index condition: (sbtest6.k between 6037781 and 6037881)  (cost=39.4 rows=87)


table 7 : explain SELECT k, c FROM sbtest7 WHERE k BETWEEN 6037781 AND 6037881
	-> Index range scan on sbtest7 using k_7 over (6037781 <= k <= 6037881), with index condition: (sbtest7.k between 6037781 and 6037881)  (cost=47.5 rows=105)


table 8 : explain SELECT k, c FROM sbtest8 WHERE k BETWEEN 6037781 AND 6037881
	-> Index range scan on sbtest8 using k_8 over (6037781 <= k <= 6037881), with index condition: (sbtest8.k between 6037781 and 6037881)  (cost=42.6 rows=94)


explain: for range-notcovered :: explain SELECT k, c FROM sbtest%d WHERE k BETWEEN 4178071 AND 4178171
explain: for range-notcovered :: explain SELECT k, c FROM sbtest%d WHERE k BETWEEN 2291520 AND 2291620
explain: for range-notcovered :: explain SELECT k, c FROM sbtest%d WHERE k BETWEEN 5017403 AND 5017503
explain: for range-notcovered :: explain SELECT k, c FROM sbtest%d WHERE k BETWEEN 4593795 AND 4593895
explain: for range-notcovered :: explain SELECT k, c FROM sbtest%d WHERE k BETWEEN 5561744 AND 5561844
for range-notcovered
table 1 : explain SELECT k, c FROM sbtest1 WHERE k BETWEEN 6955538 AND 6955638
	-> Index range scan on sbtest1 using k_1 over (6955538 <= k <= 6955638), with index condition: (sbtest1.k between 6955538 and 6955638)  (cost=39.9 rows=88)


table 2 : explain SELECT k, c FROM sbtest2 WHERE k BETWEEN 6955538 AND 6955638
	-> Index range scan on sbtest2 using k_2 over (6955538 <= k <= 6955638), with index condition: (sbtest2.k between 6955538 and 6955638)  (cost=47.5 rows=105)


table 3 : explain SELECT k, c FROM sbtest3 WHERE k BETWEEN 6955538 AND 6955638
	-> Index range scan on sbtest3 using k_3 over (6955538 <= k <= 6955638), with index condition: (sbtest3.k between 6955538 and 6955638)  (cost=49.3 rows=109)


table 4 : explain SELECT k, c FROM sbtest4 WHERE k BETWEEN 6955538 AND 6955638
	-> Index range scan on sbtest4 using k_4 over (6955538 <= k <= 6955638), with index condition: (sbtest4.k between 6955538 and 6955638)  (cost=51.1 rows=113)


table 5 : explain SELECT k, c FROM sbtest5 WHERE k BETWEEN 6955538 AND 6955638
	-> Index range scan on sbtest5 using k_5 over (6955538 <= k <= 6955638), with index condition: (sbtest5.k between 6955538 and 6955638)  (cost=50.2 rows=111)


table 6 : explain SELECT k, c FROM sbtest6 WHERE k BETWEEN 6955538 AND 6955638
	-> Index range scan on sbtest6 using k_6 over (6955538 <= k <= 6955638), with index condition: (sbtest6.k between 6955538 and 6955638)  (cost=44.4 rows=98)


table 7 : explain SELECT k, c FROM sbtest7 WHERE k BETWEEN 6955538 AND 6955638
	-> Index range scan on sbtest7 using k_7 over (6955538 <= k <= 6955638), with index condition: (sbtest7.k between 6955538 and 6955638)  (cost=42.1 rows=93)


table 8 : explain SELECT k, c FROM sbtest8 WHERE k BETWEEN 6955538 AND 6955638
	-> Index range scan on sbtest8 using k_8 over (6955538 <= k <= 6955638), with index condition: (sbtest8.k between 6955538 and 6955638)  (cost=47.5 rows=105)


explain: for range-notcovered :: explain SELECT k, c FROM sbtest%d WHERE k BETWEEN 3500666 AND 3500766
explain: for range-notcovered :: explain SELECT k, c FROM sbtest%d WHERE k BETWEEN 6037781 AND 6037881
for range-notcovered
table 1 : explain SELECT k, c FROM sbtest1 WHERE k BETWEEN 6047958 AND 6048058
	-> Index range scan on sbtest1 using k_1 over (6047958 <= k <= 6048058), with index condition: (sbtest1.k between 6047958 and 6048058)  (cost=43.5 rows=96)


table 2 : explain SELECT k, c FROM sbtest2 WHERE k BETWEEN 6047958 AND 6048058
	-> Index range scan on sbtest2 using k_2 over (6047958 <= k <= 6048058), with index condition: (sbtest2.k between 6047958 and 6048058)  (cost=37.2 rows=82)


table 3 : explain SELECT k, c FROM sbtest3 WHERE k BETWEEN 6047958 AND 6048058
	-> Index range scan on sbtest3 using k_3 over (6047958 <= k <= 6048058), with index condition: (sbtest3.k between 6047958 and 6048058)  (cost=46.2 rows=102)


table 4 : explain SELECT k, c FROM sbtest4 WHERE k BETWEEN 6047958 AND 6048058
	-> Index range scan on sbtest4 using k_4 over (6047958 <= k <= 6048058), with index condition: (sbtest4.k between 6047958 and 6048058)  (cost=48.9 rows=108)


table 5 : explain SELECT k, c FROM sbtest5 WHERE k BETWEEN 6047958 AND 6048058
	-> Index range scan on sbtest5 using k_5 over (6047958 <= k <= 6048058), with index condition: (sbtest5.k between 6047958 and 6048058)  (cost=42.1 rows=93)


table 6 : explain SELECT k, c FROM sbtest6 WHERE k BETWEEN 6047958 AND 6048058
	-> Index range scan on sbtest6 using k_6 over (6047958 <= k <= 6048058), with index condition: (sbtest6.k between 6047958 and 6048058)  (cost=40.3 rows=89)


table 7 : explain SELECT k, c FROM sbtest7 WHERE k BETWEEN 6047958 AND 6048058
	-> Index range scan on sbtest7 using k_7 over (6047958 <= k <= 6048058), with index condition: (sbtest7.k between 6047958 and 6048058)  (cost=50.2 rows=111)


table 8 : explain SELECT k, c FROM sbtest8 WHERE k BETWEEN 6047958 AND 6048058
	-> Index range scan on sbtest8 using k_8 over (6047958 <= k <= 6048058), with index condition: (sbtest8.k between 6047958 and 6048058)  (cost=38.5 rows=85)


explain: for range-notcovered :: explain SELECT k, c FROM sbtest%d WHERE k BETWEEN 5335326 AND 5335426
for range-notcovered
table 1 : explain SELECT k, c FROM sbtest1 WHERE k BETWEEN 5322439 AND 5322539
	-> Index range scan on sbtest1 using k_1 over (5322439 <= k <= 5322539), with index condition: (sbtest1.k between 5322439 and 5322539)  (cost=43.9 rows=97)


table 2 : explain SELECT k, c FROM sbtest2 WHERE k BETWEEN 5322439 AND 5322539
	-> Index range scan on sbtest2 using k_2 over (5322439 <= k <= 5322539), with index condition: (sbtest2.k between 5322439 and 5322539)  (cost=40.3 rows=89)


table 3 : explain SELECT k, c FROM sbtest3 WHERE k BETWEEN 5322439 AND 5322539
	-> Index range scan on sbtest3 using k_3 over (5322439 <= k <= 5322539), with index condition: (sbtest3.k between 5322439 and 5322539)  (cost=38.1 rows=84)


table 4 : explain SELECT k, c FROM sbtest4 WHERE k BETWEEN 5322439 AND 5322539
	-> Index range scan on sbtest4 using k_4 over (5322439 <= k <= 5322539), with index condition: (sbtest4.k between 5322439 and 5322539)  (cost=51.6 rows=114)


table 5 : explain SELECT k, c FROM sbtest5 WHERE k BETWEEN 5322439 AND 5322539
	-> Index range scan on sbtest5 using k_5 over (5322439 <= k <= 5322539), with index condition: (sbtest5.k between 5322439 and 5322539)  (cost=37.6 rows=83)


table 6 : explain SELECT k, c FROM sbtest6 WHERE k BETWEEN 5322439 AND 5322539
	-> Index range scan on sbtest6 using k_6 over (5322439 <= k <= 5322539), with index condition: (sbtest6.k between 5322439 and 5322539)  (cost=48.4 rows=107)


table 7 : explain SELECT k, c FROM sbtest7 WHERE k BETWEEN 5322439 AND 5322539
	-> Index range scan on sbtest7 using k_7 over (5322439 <= k <= 5322539), with index condition: (sbtest7.k between 5322439 and 5322539)  (cost=46.6 rows=103)


table 8 : explain SELECT k, c FROM sbtest8 WHERE k BETWEEN 5322439 AND 5322539
	-> Index range scan on sbtest8 using k_8 over (5322439 <= k <= 5322539), with index condition: (sbtest8.k between 5322439 and 5322539)  (cost=46.6 rows=103)


explain: for range-notcovered :: explain SELECT k, c FROM sbtest%d WHERE k BETWEEN 6955538 AND 6955638
for range-notcovered
table 1 : explain SELECT k, c FROM sbtest1 WHERE k BETWEEN 2584412 AND 2584512
	-> Index range scan on sbtest1 using k_1 over (2584412 <= k <= 2584512), with index condition: (sbtest1.k between 2584412 and 2584512)  (cost=57.9 rows=128)


table 2 : explain SELECT k, c FROM sbtest2 WHERE k BETWEEN 2584412 AND 2584512
	-> Index range scan on sbtest2 using k_2 over (2584412 <= k <= 2584512), with index condition: (sbtest2.k between 2584412 and 2584512)  (cost=40.3 rows=89)


table 3 : explain SELECT k, c FROM sbtest3 WHERE k BETWEEN 2584412 AND 2584512
	-> Index range scan on sbtest3 using k_3 over (2584412 <= k <= 2584512), with index condition: (sbtest3.k between 2584412 and 2584512)  (cost=38.5 rows=85)


table 4 : explain SELECT k, c FROM sbtest4 WHERE k BETWEEN 2584412 AND 2584512
	-> Index range scan on sbtest4 using k_4 over (2584412 <= k <= 2584512), with index condition: (sbtest4.k between 2584412 and 2584512)  (cost=48.4 rows=107)


table 5 : explain SELECT k, c FROM sbtest5 WHERE k BETWEEN 2584412 AND 2584512
	-> Index range scan on sbtest5 using k_5 over (2584412 <= k <= 2584512), with index condition: (sbtest5.k between 2584412 and 2584512)  (cost=52 rows=115)


table 6 : explain SELECT k, c FROM sbtest6 WHERE k BETWEEN 2584412 AND 2584512
	-> Index range scan on sbtest6 using k_6 over (2584412 <= k <= 2584512), with index condition: (sbtest6.k between 2584412 and 2584512)  (cost=51.1 rows=113)


table 7 : explain SELECT k, c FROM sbtest7 WHERE k BETWEEN 2584412 AND 2584512
	-> Index range scan on sbtest7 using k_7 over (2584412 <= k <= 2584512), with index condition: (sbtest7.k between 2584412 and 2584512)  (cost=40.8 rows=90)


table 8 : explain SELECT k, c FROM sbtest8 WHERE k BETWEEN 2584412 AND 2584512
	-> Index range scan on sbtest8 using k_8 over (2584412 <= k <= 2584512), with index condition: (sbtest8.k between 2584412 and 2584512)  (cost=52.9 rows=117)


for range-notcovered
table 1 : explain SELECT k, c FROM sbtest1 WHERE k BETWEEN 7014826 AND 7014926
	-> Index range scan on sbtest1 using k_1 over (7014826 <= k <= 7014926), with index condition: (sbtest1.k between 7014826 and 7014926)  (cost=43 rows=95)


table 2 : explain SELECT k, c FROM sbtest2 WHERE k BETWEEN 7014826 AND 7014926
	-> Index range scan on sbtest2 using k_2 over (7014826 <= k <= 7014926), with index condition: (sbtest2.k between 7014826 and 7014926)  (cost=46.2 rows=102)


table 3 : explain SELECT k, c FROM sbtest3 WHERE k BETWEEN 7014826 AND 7014926
	-> Index range scan on sbtest3 using k_3 over (7014826 <= k <= 7014926), with index condition: (sbtest3.k between 7014826 and 7014926)  (cost=52 rows=115)


table 4 : explain SELECT k, c FROM sbtest4 WHERE k BETWEEN 7014826 AND 7014926
	-> Index range scan on sbtest4 using k_4 over (7014826 <= k <= 7014926), with index condition: (sbtest4.k between 7014826 and 7014926)  (cost=42.6 rows=94)


table 5 : explain SELECT k, c FROM sbtest5 WHERE k BETWEEN 7014826 AND 7014926
	-> Index range scan on sbtest5 using k_5 over (7014826 <= k <= 7014926), with index condition: (sbtest5.k between 7014826 and 7014926)  (cost=48 rows=106)


table 6 : explain SELECT k, c FROM sbtest6 WHERE k BETWEEN 7014826 AND 7014926
	-> Index range scan on sbtest6 using k_6 over (7014826 <= k <= 7014926), with index condition: (sbtest6.k between 7014826 and 7014926)  (cost=45.7 rows=101)


table 7 : explain SELECT k, c FROM sbtest7 WHERE k BETWEEN 7014826 AND 7014926
	-> Index range scan on sbtest7 using k_7 over (7014826 <= k <= 7014926), with index condition: (sbtest7.k between 7014826 and 7014926)  (cost=45.3 rows=100)


table 8 : explain SELECT k, c FROM sbtest8 WHERE k BETWEEN 7014826 AND 7014926
	-> Index range scan on sbtest8 using k_8 over (7014826 <= k <= 7014926), with index condition: (sbtest8.k between 7014826 and 7014926)  (cost=46.2 rows=102)


explain: for range-notcovered :: explain SELECT k, c FROM sbtest%d WHERE k BETWEEN 6047958 AND 6048058
for range-notcovered
table 1 : explain SELECT k, c FROM sbtest1 WHERE k BETWEEN 9009088 AND 9009188
	-> Index range scan on sbtest1 using k_1 over (9009088 <= k <= 9009188), with index condition: (sbtest1.k between 9009088 and 9009188)  (cost=51.6 rows=114)


table 2 : explain SELECT k, c FROM sbtest2 WHERE k BETWEEN 9009088 AND 9009188
	-> Index range scan on sbtest2 using k_2 over (9009088 <= k <= 9009188), with index condition: (sbtest2.k between 9009088 and 9009188)  (cost=54.3 rows=120)


table 3 : explain SELECT k, c FROM sbtest3 WHERE k BETWEEN 9009088 AND 9009188
	-> Index range scan on sbtest3 using k_3 over (9009088 <= k <= 9009188), with index condition: (sbtest3.k between 9009088 and 9009188)  (cost=54.3 rows=120)


table 4 : explain SELECT k, c FROM sbtest4 WHERE k BETWEEN 9009088 AND 9009188
	-> Index range scan on sbtest4 using k_4 over (9009088 <= k <= 9009188), with index condition: (sbtest4.k between 9009088 and 9009188)  (cost=44.8 rows=99)


table 5 : explain SELECT k, c FROM sbtest5 WHERE k BETWEEN 9009088 AND 9009188
	-> Index range scan on sbtest5 using k_5 over (9009088 <= k <= 9009188), with index condition: (sbtest5.k between 9009088 and 9009188)  (cost=42.6 rows=94)


table 6 : explain SELECT k, c FROM sbtest6 WHERE k BETWEEN 9009088 AND 9009188
	-> Index range scan on sbtest6 using k_6 over (9009088 <= k <= 9009188), with index condition: (sbtest6.k between 9009088 and 9009188)  (cost=35.8 rows=79)


table 7 : explain SELECT k, c FROM sbtest7 WHERE k BETWEEN 9009088 AND 9009188
	-> Index range scan on sbtest7 using k_7 over (9009088 <= k <= 9009188), with index condition: (sbtest7.k between 9009088 and 9009188)  (cost=38.5 rows=85)


table 8 : explain SELECT k, c FROM sbtest8 WHERE k BETWEEN 9009088 AND 9009188
	-> Index range scan on sbtest8 using k_8 over (9009088 <= k <= 9009188), with index condition: (sbtest8.k between 9009088 and 9009188)  (cost=44.8 rows=99)


for range-notcovered
table 1 : explain SELECT k, c FROM sbtest1 WHERE k BETWEEN 5941719 AND 5941819
	-> Index range scan on sbtest1 using k_1 over (5941719 <= k <= 5941819), with index condition: (sbtest1.k between 5941719 and 5941819)  (cost=48.4 rows=107)


table 2 : explain SELECT k, c FROM sbtest2 WHERE k BETWEEN 5941719 AND 5941819
	-> Index range scan on sbtest2 using k_2 over (5941719 <= k <= 5941819), with index condition: (sbtest2.k between 5941719 and 5941819)  (cost=41.7 rows=92)


table 3 : explain SELECT k, c FROM sbtest3 WHERE k BETWEEN 5941719 AND 5941819
	-> Index range scan on sbtest3 using k_3 over (5941719 <= k <= 5941819), with index condition: (sbtest3.k between 5941719 and 5941819)  (cost=45.7 rows=101)


table 4 : explain SELECT k, c FROM sbtest4 WHERE k BETWEEN 5941719 AND 5941819
	-> Index range scan on sbtest4 using k_4 over (5941719 <= k <= 5941819), with index condition: (sbtest4.k between 5941719 and 5941819)  (cost=44.4 rows=98)


table 5 : explain SELECT k, c FROM sbtest5 WHERE k BETWEEN 5941719 AND 5941819
	-> Index range scan on sbtest5 using k_5 over (5941719 <= k <= 5941819), with index condition: (sbtest5.k between 5941719 and 5941819)  (cost=48.4 rows=107)


table 6 : explain SELECT k, c FROM sbtest6 WHERE k BETWEEN 5941719 AND 5941819
	-> Index range scan on sbtest6 using k_6 over (5941719 <= k <= 5941819), with index condition: (sbtest6.k between 5941719 and 5941819)  (cost=43.5 rows=96)


table 7 : explain SELECT k, c FROM sbtest7 WHERE k BETWEEN 5941719 AND 5941819
	-> Index range scan on sbtest7 using k_7 over (5941719 <= k <= 5941819), with index condition: (sbtest7.k between 5941719 and 5941819)  (cost=47.1 rows=104)


table 8 : explain SELECT k, c FROM sbtest8 WHERE k BETWEEN 5941719 AND 5941819
	-> Index range scan on sbtest8 using k_8 over (5941719 <= k <= 5941819), with index condition: (sbtest8.k between 5941719 and 5941819)  (cost=46.6 rows=103)


for range-notcovered
table 1 : explain SELECT k, c FROM sbtest1 WHERE k BETWEEN 5266661 AND 5266761
	-> Index range scan on sbtest1 using k_1 over (5266661 <= k <= 5266761), with index condition: (sbtest1.k between 5266661 and 5266761)  (cost=50.7 rows=112)


table 2 : explain SELECT k, c FROM sbtest2 WHERE k BETWEEN 5266661 AND 5266761
	-> Index range scan on sbtest2 using k_2 over (5266661 <= k <= 5266761), with index condition: (sbtest2.k between 5266661 and 5266761)  (cost=44.8 rows=99)


table 3 : explain SELECT k, c FROM sbtest3 WHERE k BETWEEN 5266661 AND 5266761
	-> Index range scan on sbtest3 using k_3 over (5266661 <= k <= 5266761), with index condition: (sbtest3.k between 5266661 and 5266761)  (cost=53.4 rows=118)


table 4 : explain SELECT k, c FROM sbtest4 WHERE k BETWEEN 5266661 AND 5266761
	-> Index range scan on sbtest4 using k_4 over (5266661 <= k <= 5266761), with index condition: (sbtest4.k between 5266661 and 5266761)  (cost=41.7 rows=92)


table 5 : explain SELECT k, c FROM sbtest5 WHERE k BETWEEN 5266661 AND 5266761
	-> Index range scan on sbtest5 using k_5 over (5266661 <= k <= 5266761), with index condition: (sbtest5.k between 5266661 and 5266761)  (cost=44.8 rows=99)


table 6 : explain SELECT k, c FROM sbtest6 WHERE k BETWEEN 5266661 AND 5266761
	-> Index range scan on sbtest6 using k_6 over (5266661 <= k <= 5266761), with index condition: (sbtest6.k between 5266661 and 5266761)  (cost=45.7 rows=101)


table 7 : explain SELECT k, c FROM sbtest7 WHERE k BETWEEN 5266661 AND 5266761
	-> Index range scan on sbtest7 using k_7 over (5266661 <= k <= 5266761), with index condition: (sbtest7.k between 5266661 and 5266761)  (cost=42.1 rows=93)


table 8 : explain SELECT k, c FROM sbtest8 WHERE k BETWEEN 5266661 AND 5266761
	-> Index range scan on sbtest8 using k_8 over (5266661 <= k <= 5266761), with index condition: (sbtest8.k between 5266661 and 5266761)  (cost=45.3 rows=100)


explain: for range-notcovered :: explain SELECT k, c FROM sbtest%d WHERE k BETWEEN 7014826 AND 7014926
for range-notcovered
table 1 : explain SELECT k, c FROM sbtest1 WHERE k BETWEEN 1233980 AND 1234080
	-> Index range scan on sbtest1 using k_1 over (1233980 <= k <= 1234080), with index condition: (sbtest1.k between 1233980 and 1234080)  (cost=48 rows=106)


table 2 : explain SELECT k, c FROM sbtest2 WHERE k BETWEEN 1233980 AND 1234080
	-> Index range scan on sbtest2 using k_2 over (1233980 <= k <= 1234080), with index condition: (sbtest2.k between 1233980 and 1234080)  (cost=46.2 rows=102)


table 3 : explain SELECT k, c FROM sbtest3 WHERE k BETWEEN 1233980 AND 1234080
	-> Index range scan on sbtest3 using k_3 over (1233980 <= k <= 1234080), with index condition: (sbtest3.k between 1233980 and 1234080)  (cost=45.3 rows=100)


table 4 : explain SELECT k, c FROM sbtest4 WHERE k BETWEEN 1233980 AND 1234080
	-> Index range scan on sbtest4 using k_4 over (1233980 <= k <= 1234080), with index condition: (sbtest4.k between 1233980 and 1234080)  (cost=48.9 rows=108)


table 5 : explain SELECT k, c FROM sbtest5 WHERE k BETWEEN 1233980 AND 1234080
	-> Index range scan on sbtest5 using k_5 over (1233980 <= k <= 1234080), with index condition: (sbtest5.k between 1233980 and 1234080)  (cost=37.2 rows=82)


table 6 : explain SELECT k, c FROM sbtest6 WHERE k BETWEEN 1233980 AND 1234080
	-> Index range scan on sbtest6 using k_6 over (1233980 <= k <= 1234080), with index condition: (sbtest6.k between 1233980 and 1234080)  (cost=55.2 rows=122)


table 7 : explain SELECT k, c FROM sbtest7 WHERE k BETWEEN 1233980 AND 1234080
	-> Index range scan on sbtest7 using k_7 over (1233980 <= k <= 1234080), with index condition: (sbtest7.k between 1233980 and 1234080)  (cost=47.1 rows=104)


table 8 : explain SELECT k, c FROM sbtest8 WHERE k BETWEEN 1233980 AND 1234080
	-> Index range scan on sbtest8 using k_8 over (1233980 <= k <= 1234080), with index condition: (sbtest8.k between 1233980 and 1234080)  (cost=49.3 rows=109)

explain: for range-notcovered :: explain SELECT k, c FROM sbtest%d WHERE k BETWEEN 5322439 AND 5322539
explain: for range-notcovered :: explain SELECT k, c FROM sbtest%d WHERE k BETWEEN 9009088 AND 9009188

explain: for range-notcovered :: explain SELECT k, c FROM sbtest%d WHERE k BETWEEN 2584412 AND 2584512
explain: for range-notcovered :: explain SELECT k, c FROM sbtest%d WHERE k BETWEEN 5941719 AND 5941819
explain: for range-notcovered :: explain SELECT k, c FROM sbtest%d WHERE k BETWEEN 5266661 AND 5266761
for range-notcovered
table 1 : explain SELECT k, c FROM sbtest1 WHERE k BETWEEN 2219702 AND 2219802
	-> Index range scan on sbtest1 using k_1 over (2219702 <= k <= 2219802), with index condition: (sbtest1.k between 2219702 and 2219802)  (cost=40.3 rows=89)


table 2 : explain SELECT k, c FROM sbtest2 WHERE k BETWEEN 2219702 AND 2219802
	-> Index range scan on sbtest2 using k_2 over (2219702 <= k <= 2219802), with index condition: (sbtest2.k between 2219702 and 2219802)  (cost=53.4 rows=118)


table 3 : explain SELECT k, c FROM sbtest3 WHERE k BETWEEN 2219702 AND 2219802
	-> Index range scan on sbtest3 using k_3 over (2219702 <= k <= 2219802), with index condition: (sbtest3.k between 2219702 and 2219802)  (cost=47.5 rows=105)


table 4 : explain SELECT k, c FROM sbtest4 WHERE k BETWEEN 2219702 AND 2219802
	-> Index range scan on sbtest4 using k_4 over (2219702 <= k <= 2219802), with index condition: (sbtest4.k between 2219702 and 2219802)  (cost=50.2 rows=111)


table 5 : explain SELECT k, c FROM sbtest5 WHERE k BETWEEN 2219702 AND 2219802
	-> Index range scan on sbtest5 using k_5 over (2219702 <= k <= 2219802), with index condition: (sbtest5.k between 2219702 and 2219802)  (cost=46.2 rows=102)


table 6 : explain SELECT k, c FROM sbtest6 WHERE k BETWEEN 2219702 AND 2219802
	-> Index range scan on sbtest6 using k_6 over (2219702 <= k <= 2219802), with index condition: (sbtest6.k between 2219702 and 2219802)  (cost=42.6 rows=94)


table 7 : explain SELECT k, c FROM sbtest7 WHERE k BETWEEN 2219702 AND 2219802
	-> Index range scan on sbtest7 using k_7 over (2219702 <= k <= 2219802), with index condition: (sbtest7.k between 2219702 and 2219802)  (cost=49.8 rows=110)


table 8 : explain SELECT k, c FROM sbtest8 WHERE k BETWEEN 2219702 AND 2219802
	-> Index range scan on sbtest8 using k_8 over (2219702 <= k <= 2219802), with index condition: (sbtest8.k between 2219702 and 2219802)  (cost=46.2 rows=102)


for range-notcovered
table 1 : explain SELECT k, c FROM sbtest1 WHERE k BETWEEN 4784591 AND 4784691
	-> Index range scan on sbtest1 using k_1 over (4784591 <= k <= 4784691), with index condition: (sbtest1.k between 4784591 and 4784691)  (cost=43.5 rows=96)


table 2 : explain SELECT k, c FROM sbtest2 WHERE k BETWEEN 4784591 AND 4784691
	-> Index range scan on sbtest2 using k_2 over (4784591 <= k <= 4784691), with index condition: (sbtest2.k between 4784591 and 4784691)  (cost=52.9 rows=117)


table 3 : explain SELECT k, c FROM sbtest3 WHERE k BETWEEN 4784591 AND 4784691
	-> Index range scan on sbtest3 using k_3 over (4784591 <= k <= 4784691), with index condition: (sbtest3.k between 4784591 and 4784691)  (cost=42.1 rows=93)


table 4 : explain SELECT k, c FROM sbtest4 WHERE k BETWEEN 4784591 AND 4784691
	-> Index range scan on sbtest4 using k_4 over (4784591 <= k <= 4784691), with index condition: (sbtest4.k between 4784591 and 4784691)  (cost=44.4 rows=98)


table 5 : explain SELECT k, c FROM sbtest5 WHERE k BETWEEN 4784591 AND 4784691
	-> Index range scan on sbtest5 using k_5 over (4784591 <= k <= 4784691), with index condition: (sbtest5.k between 4784591 and 4784691)  (cost=39.4 rows=87)


table 6 : explain SELECT k, c FROM sbtest6 WHERE k BETWEEN 4784591 AND 4784691
	-> Index range scan on sbtest6 using k_6 over (4784591 <= k <= 4784691), with index condition: (sbtest6.k between 4784591 and 4784691)  (cost=48.4 rows=107)


table 7 : explain SELECT k, c FROM sbtest7 WHERE k BETWEEN 4784591 AND 4784691
	-> Index range scan on sbtest7 using k_7 over (4784591 <= k <= 4784691), with index condition: (sbtest7.k between 4784591 and 4784691)  (cost=48 rows=106)


table 8 : explain SELECT k, c FROM sbtest8 WHERE k BETWEEN 4784591 AND 4784691
	-> Index range scan on sbtest8 using k_8 over (4784591 <= k <= 4784691), with index condition: (sbtest8.k between 4784591 and 4784691)  (cost=42.6 rows=94)


explain: for range-notcovered :: explain SELECT k, c FROM sbtest%d WHERE k BETWEEN 1233980 AND 1234080
for range-notcovered
table 1 : explain SELECT k, c FROM sbtest1 WHERE k BETWEEN 6458757 AND 6458857
	-> Index range scan on sbtest1 using k_1 over (6458757 <= k <= 6458857), with index condition: (sbtest1.k between 6458757 and 6458857)  (cost=43.9 rows=97)


table 2 : explain SELECT k, c FROM sbtest2 WHERE k BETWEEN 6458757 AND 6458857
	-> Index range scan on sbtest2 using k_2 over (6458757 <= k <= 6458857), with index condition: (sbtest2.k between 6458757 and 6458857)  (cost=51.1 rows=113)


table 3 : explain SELECT k, c FROM sbtest3 WHERE k BETWEEN 6458757 AND 6458857
	-> Index range scan on sbtest3 using k_3 over (6458757 <= k <= 6458857), with index condition: (sbtest3.k between 6458757 and 6458857)  (cost=46.2 rows=102)


table 4 : explain SELECT k, c FROM sbtest4 WHERE k BETWEEN 6458757 AND 6458857
	-> Index range scan on sbtest4 using k_4 over (6458757 <= k <= 6458857), with index condition: (sbtest4.k between 6458757 and 6458857)  (cost=43 rows=95)


table 5 : explain SELECT k, c FROM sbtest5 WHERE k BETWEEN 6458757 AND 6458857
	-> Index range scan on sbtest5 using k_5 over (6458757 <= k <= 6458857), with index condition: (sbtest5.k between 6458757 and 6458857)  (cost=40.8 rows=90)


table 6 : explain SELECT k, c FROM sbtest6 WHERE k BETWEEN 6458757 AND 6458857
	-> Index range scan on sbtest6 using k_6 over (6458757 <= k <= 6458857), with index condition: (sbtest6.k between 6458757 and 6458857)  (cost=39.9 rows=88)


table 7 : explain SELECT k, c FROM sbtest7 WHERE k BETWEEN 6458757 AND 6458857
	-> Index range scan on sbtest7 using k_7 over (6458757 <= k <= 6458857), with index condition: (sbtest7.k between 6458757 and 6458857)  (cost=54.7 rows=121)


table 8 : explain SELECT k, c FROM sbtest8 WHERE k BETWEEN 6458757 AND 6458857
	-> Index range scan on sbtest8 using k_8 over (6458757 <= k <= 6458857), with index condition: (sbtest8.k between 6458757 and 6458857)  (cost=42.1 rows=93)


for range-notcovered
table 1 : explain SELECT k, c FROM sbtest1 WHERE k BETWEEN 6920643 AND 6920743
	-> Index range scan on sbtest1 using k_1 over (6920643 <= k <= 6920743), with index condition: (sbtest1.k between 6920643 and 6920743)  (cost=40.3 rows=89)


table 2 : explain SELECT k, c FROM sbtest2 WHERE k BETWEEN 6920643 AND 6920743
	-> Index range scan on sbtest2 using k_2 over (6920643 <= k <= 6920743), with index condition: (sbtest2.k between 6920643 and 6920743)  (cost=45.3 rows=100)


table 3 : explain SELECT k, c FROM sbtest3 WHERE k BETWEEN 6920643 AND 6920743
	-> Index range scan on sbtest3 using k_3 over (6920643 <= k <= 6920743), with index condition: (sbtest3.k between 6920643 and 6920743)  (cost=46.2 rows=102)


table 4 : explain SELECT k, c FROM sbtest4 WHERE k BETWEEN 6920643 AND 6920743
	-> Index range scan on sbtest4 using k_4 over (6920643 <= k <= 6920743), with index condition: (sbtest4.k between 6920643 and 6920743)  (cost=44.8 rows=99)


table 5 : explain SELECT k, c FROM sbtest5 WHERE k BETWEEN 6920643 AND 6920743
	-> Index range scan on sbtest5 using k_5 over (6920643 <= k <= 6920743), with index condition: (sbtest5.k between 6920643 and 6920743)  (cost=46.6 rows=103)


table 6 : explain SELECT k, c FROM sbtest6 WHERE k BETWEEN 6920643 AND 6920743
	-> Index range scan on sbtest6 using k_6 over (6920643 <= k <= 6920743), with index condition: (sbtest6.k between 6920643 and 6920743)  (cost=39.9 rows=88)


table 7 : explain SELECT k, c FROM sbtest7 WHERE k BETWEEN 6920643 AND 6920743
	-> Index range scan on sbtest7 using k_7 over (6920643 <= k <= 6920743), with index condition: (sbtest7.k between 6920643 and 6920743)  (cost=47.1 rows=104)


table 8 : explain SELECT k, c FROM sbtest8 WHERE k BETWEEN 6920643 AND 6920743
	-> Index range scan on sbtest8 using k_8 over (6920643 <= k <= 6920743), with index condition: (sbtest8.k between 6920643 and 6920743)  (cost=57 rows=126)


for range-notcovered
table 1 : explain SELECT k, c FROM sbtest1 WHERE k BETWEEN 6594167 AND 6594267
	-> Index range scan on sbtest1 using k_1 over (6594167 <= k <= 6594267), with index condition: (sbtest1.k between 6594167 and 6594267)  (cost=46.6 rows=103)


table 2 : explain SELECT k, c FROM sbtest2 WHERE k BETWEEN 6594167 AND 6594267
	-> Index range scan on sbtest2 using k_2 over (6594167 <= k <= 6594267), with index condition: (sbtest2.k between 6594167 and 6594267)  (cost=44.4 rows=98)


table 3 : explain SELECT k, c FROM sbtest3 WHERE k BETWEEN 6594167 AND 6594267
	-> Index range scan on sbtest3 using k_3 over (6594167 <= k <= 6594267), with index condition: (sbtest3.k between 6594167 and 6594267)  (cost=45.7 rows=101)


table 4 : explain SELECT k, c FROM sbtest4 WHERE k BETWEEN 6594167 AND 6594267
	-> Index range scan on sbtest4 using k_4 over (6594167 <= k <= 6594267), with index condition: (sbtest4.k between 6594167 and 6594267)  (cost=40.3 rows=89)


table 5 : explain SELECT k, c FROM sbtest5 WHERE k BETWEEN 6594167 AND 6594267
	-> Index range scan on sbtest5 using k_5 over (6594167 <= k <= 6594267), with index condition: (sbtest5.k between 6594167 and 6594267)  (cost=41.2 rows=91)


table 6 : explain SELECT k, c FROM sbtest6 WHERE k BETWEEN 6594167 AND 6594267
	-> Index range scan on sbtest6 using k_6 over (6594167 <= k <= 6594267), with index condition: (sbtest6.k between 6594167 and 6594267)  (cost=45.7 rows=101)


table 7 : explain SELECT k, c FROM sbtest7 WHERE k BETWEEN 6594167 AND 6594267
	-> Index range scan on sbtest7 using k_7 over (6594167 <= k <= 6594267), with index condition: (sbtest7.k between 6594167 and 6594267)  (cost=43.9 rows=97)


table 8 : explain SELECT k, c FROM sbtest8 WHERE k BETWEEN 6594167 AND 6594267
	-> Index range scan on sbtest8 using k_8 over (6594167 <= k <= 6594267), with index condition: (sbtest8.k between 6594167 and 6594267)  (cost=50.7 rows=112)


for range-notcovered
table 1 : explain SELECT k, c FROM sbtest1 WHERE k BETWEEN 2655227 AND 2655327
	-> Index range scan on sbtest1 using k_1 over (2655227 <= k <= 2655327), with index condition: (sbtest1.k between 2655227 and 2655327)  (cost=42.1 rows=93)


table 2 : explain SELECT k, c FROM sbtest2 WHERE k BETWEEN 2655227 AND 2655327
	-> Index range scan on sbtest2 using k_2 over (2655227 <= k <= 2655327), with index condition: (sbtest2.k between 2655227 and 2655327)  (cost=43 rows=95)


table 3 : explain SELECT k, c FROM sbtest3 WHERE k BETWEEN 2655227 AND 2655327
	-> Index range scan on sbtest3 using k_3 over (2655227 <= k <= 2655327), with index condition: (sbtest3.k between 2655227 and 2655327)  (cost=48 rows=106)


table 4 : explain SELECT k, c FROM sbtest4 WHERE k BETWEEN 2655227 AND 2655327
	-> Index range scan on sbtest4 using k_4 over (2655227 <= k <= 2655327), with index condition: (sbtest4.k between 2655227 and 2655327)  (cost=47.1 rows=104)


table 5 : explain SELECT k, c FROM sbtest5 WHERE k BETWEEN 2655227 AND 2655327
	-> Index range scan on sbtest5 using k_5 over (2655227 <= k <= 2655327), with index condition: (sbtest5.k between 2655227 and 2655327)  (cost=41.7 rows=92)


table 6 : explain SELECT k, c FROM sbtest6 WHERE k BETWEEN 2655227 AND 2655327
	-> Index range scan on sbtest6 using k_6 over (2655227 <= k <= 2655327), with index condition: (sbtest6.k between 2655227 and 2655327)  (cost=41.7 rows=92)


table 7 : explain SELECT k, c FROM sbtest7 WHERE k BETWEEN 2655227 AND 2655327
	-> Index range scan on sbtest7 using k_7 over (2655227 <= k <= 2655327), with index condition: (sbtest7.k between 2655227 and 2655327)  (cost=44.8 rows=99)


table 8 : explain SELECT k, c FROM sbtest8 WHERE k BETWEEN 2655227 AND 2655327
	-> Index range scan on sbtest8 using k_8 over (2655227 <= k <= 2655327), with index condition: (sbtest8.k between 2655227 and 2655327)  (cost=47.5 rows=105)


explain: for range-notcovered :: explain SELECT k, c FROM sbtest%d WHERE k BETWEEN 6920643 AND 6920743
explain: for range-notcovered :: explain SELECT k, c FROM sbtest%d WHERE k BETWEEN 2219702 AND 2219802
for range-notcovered
table 1 : explain SELECT k, c FROM sbtest1 WHERE k BETWEEN 4143083 AND 4143183
	-> Index range scan on sbtest1 using k_1 over (4143083 <= k <= 4143183), with index condition: (sbtest1.k between 4143083 and 4143183)  (cost=46.6 rows=103)


table 2 : explain SELECT k, c FROM sbtest2 WHERE k BETWEEN 4143083 AND 4143183
	-> Index range scan on sbtest2 using k_2 over (4143083 <= k <= 4143183), with index condition: (sbtest2.k between 4143083 and 4143183)  (cost=37.6 rows=83)


table 3 : explain SELECT k, c FROM sbtest3 WHERE k BETWEEN 4143083 AND 4143183
	-> Index range scan on sbtest3 using k_3 over (4143083 <= k <= 4143183), with index condition: (sbtest3.k between 4143083 and 4143183)  (cost=46.6 rows=103)


table 4 : explain SELECT k, c FROM sbtest4 WHERE k BETWEEN 4143083 AND 4143183
	-> Index range scan on sbtest4 using k_4 over (4143083 <= k <= 4143183), with index condition: (sbtest4.k between 4143083 and 4143183)  (cost=49.3 rows=109)


table 5 : explain SELECT k, c FROM sbtest5 WHERE k BETWEEN 4143083 AND 4143183
	-> Index range scan on sbtest5 using k_5 over (4143083 <= k <= 4143183), with index condition: (sbtest5.k between 4143083 and 4143183)  (cost=56.1 rows=124)


table 6 : explain SELECT k, c FROM sbtest6 WHERE k BETWEEN 4143083 AND 4143183
	-> Index range scan on sbtest6 using k_6 over (4143083 <= k <= 4143183), with index condition: (sbtest6.k between 4143083 and 4143183)  (cost=48.9 rows=108)


table 7 : explain SELECT k, c FROM sbtest7 WHERE k BETWEEN 4143083 AND 4143183
	-> Index range scan on sbtest7 using k_7 over (4143083 <= k <= 4143183), with index condition: (sbtest7.k between 4143083 and 4143183)  (cost=43.5 rows=96)


table 8 : explain SELECT k, c FROM sbtest8 WHERE k BETWEEN 4143083 AND 4143183
	-> Index range scan on sbtest8 using k_8 over (4143083 <= k <= 4143183), with index condition: (sbtest8.k between 4143083 and 4143183)  (cost=43.5 rows=96)


for range-notcovered
table 1 : explain SELECT k, c FROM sbtest1 WHERE k BETWEEN 4645412 AND 4645512
	-> Index range scan on sbtest1 using k_1 over (4645412 <= k <= 4645512), with index condition: (sbtest1.k between 4645412 and 4645512)  (cost=45.3 rows=100)


table 2 : explain SELECT k, c FROM sbtest2 WHERE k BETWEEN 4645412 AND 4645512
	-> Index range scan on sbtest2 using k_2 over (4645412 <= k <= 4645512), with index condition: (sbtest2.k between 4645412 and 4645512)  (cost=45.3 rows=100)


table 3 : explain SELECT k, c FROM sbtest3 WHERE k BETWEEN 4645412 AND 4645512
	-> Index range scan on sbtest3 using k_3 over (4645412 <= k <= 4645512), with index condition: (sbtest3.k between 4645412 and 4645512)  (cost=45.3 rows=100)


table 4 : explain SELECT k, c FROM sbtest4 WHERE k BETWEEN 4645412 AND 4645512
	-> Index range scan on sbtest4 using k_4 over (4645412 <= k <= 4645512), with index condition: (sbtest4.k between 4645412 and 4645512)  (cost=49.3 rows=109)


table 5 : explain SELECT k, c FROM sbtest5 WHERE k BETWEEN 4645412 AND 4645512
	-> Index range scan on sbtest5 using k_5 over (4645412 <= k <= 4645512), with index condition: (sbtest5.k between 4645412 and 4645512)  (cost=44.8 rows=99)


table 6 : explain SELECT k, c FROM sbtest6 WHERE k BETWEEN 4645412 AND 4645512
	-> Index range scan on sbtest6 using k_6 over (4645412 <= k <= 4645512), with index condition: (sbtest6.k between 4645412 and 4645512)  (cost=48.9 rows=108)


table 7 : explain SELECT k, c FROM sbtest7 WHERE k BETWEEN 4645412 AND 4645512
	-> Index range scan on sbtest7 using k_7 over (4645412 <= k <= 4645512), with index condition: (sbtest7.k between 4645412 and 4645512)  (cost=44.8 rows=99)


table 8 : explain SELECT k, c FROM sbtest8 WHERE k BETWEEN 4645412 AND 4645512
	-> Index range scan on sbtest8 using k_8 over (4645412 <= k <= 4645512), with index condition: (sbtest8.k between 4645412 and 4645512)  (cost=47.1 rows=104)


for range-notcovered
table 1 : explain SELECT k, c FROM sbtest1 WHERE k BETWEEN 7430313 AND 7430413
	-> Index range scan on sbtest1 using k_1 over (7430313 <= k <= 7430413), with index condition: (sbtest1.k between 7430313 and 7430413)  (cost=42.1 rows=93)


table 2 : explain SELECT k, c FROM sbtest2 WHERE k BETWEEN 7430313 AND 7430413
	-> Index range scan on sbtest2 using k_2 over (7430313 <= k <= 7430413), with index condition: (sbtest2.k between 7430313 and 7430413)  (cost=49.8 rows=110)


table 3 : explain SELECT k, c FROM sbtest3 WHERE k BETWEEN 7430313 AND 7430413
	-> Index range scan on sbtest3 using k_3 over (7430313 <= k <= 7430413), with index condition: (sbtest3.k between 7430313 and 7430413)  (cost=44.8 rows=99)


table 4 : explain SELECT k, c FROM sbtest4 WHERE k BETWEEN 7430313 AND 7430413
	-> Index range scan on sbtest4 using k_4 over (7430313 <= k <= 7430413), with index condition: (sbtest4.k between 7430313 and 7430413)  (cost=45.7 rows=101)


table 5 : explain SELECT k, c FROM sbtest5 WHERE k BETWEEN 7430313 AND 7430413
	-> Index range scan on sbtest5 using k_5 over (7430313 <= k <= 7430413), with index condition: (sbtest5.k between 7430313 and 7430413)  (cost=44.8 rows=99)


table 6 : explain SELECT k, c FROM sbtest6 WHERE k BETWEEN 7430313 AND 7430413
	-> Index range scan on sbtest6 using k_6 over (7430313 <= k <= 7430413), with index condition: (sbtest6.k between 7430313 and 7430413)  (cost=46.2 rows=102)


table 7 : explain SELECT k, c FROM sbtest7 WHERE k BETWEEN 7430313 AND 7430413
	-> Index range scan on sbtest7 using k_7 over (7430313 <= k <= 7430413), with index condition: (sbtest7.k between 7430313 and 7430413)  (cost=48 rows=106)


table 8 : explain SELECT k, c FROM sbtest8 WHERE k BETWEEN 7430313 AND 7430413
	-> Index range scan on sbtest8 using k_8 over (7430313 <= k <= 7430413), with index condition: (sbtest8.k between 7430313 and 7430413)  (cost=39.4 rows=87)

explain: for range-notcovered :: explain SELECT k, c FROM sbtest%d WHERE k BETWEEN 2655227 AND 2655327
explain: for range-notcovered :: explain SELECT k, c FROM sbtest%d WHERE k BETWEEN 6458757 AND 6458857
explain: for range-notcovered :: explain SELECT k, c FROM sbtest%d WHERE k BETWEEN 4784591 AND 4784691
explain: for range-notcovered :: explain SELECT k, c FROM sbtest%d WHERE k BETWEEN 6594167 AND 6594267
for range-notcovered
table 1 : explain SELECT k, c FROM sbtest1 WHERE k BETWEEN 3918349 AND 3918449
	-> Index range scan on sbtest1 using k_1 over (3918349 <= k <= 3918449), with index condition: (sbtest1.k between 3918349 and 3918449)  (cost=44.8 rows=99)


table 2 : explain SELECT k, c FROM sbtest2 WHERE k BETWEEN 3918349 AND 3918449
	-> Index range scan on sbtest2 using k_2 over (3918349 <= k <= 3918449), with index condition: (sbtest2.k between 3918349 and 3918449)  (cost=47.5 rows=105)


table 3 : explain SELECT k, c FROM sbtest3 WHERE k BETWEEN 3918349 AND 3918449
	-> Index range scan on sbtest3 using k_3 over (3918349 <= k <= 3918449), with index condition: (sbtest3.k between 3918349 and 3918449)  (cost=44.4 rows=98)


table 4 : explain SELECT k, c FROM sbtest4 WHERE k BETWEEN 3918349 AND 3918449
	-> Index range scan on sbtest4 using k_4 over (3918349 <= k <= 3918449), with index condition: (sbtest4.k between 3918349 and 3918449)  (cost=47.1 rows=104)


table 5 : explain SELECT k, c FROM sbtest5 WHERE k BETWEEN 3918349 AND 3918449
	-> Index range scan on sbtest5 using k_5 over (3918349 <= k <= 3918449), with index condition: (sbtest5.k between 3918349 and 3918449)  (cost=48 rows=106)


table 6 : explain SELECT k, c FROM sbtest6 WHERE k BETWEEN 3918349 AND 3918449
	-> Index range scan on sbtest6 using k_6 over (3918349 <= k <= 3918449), with index condition: (sbtest6.k between 3918349 and 3918449)  (cost=38.1 rows=84)


table 7 : explain SELECT k, c FROM sbtest7 WHERE k BETWEEN 3918349 AND 3918449
	-> Index range scan on sbtest7 using k_7 over (3918349 <= k <= 3918449), with index condition: (sbtest7.k between 3918349 and 3918449)  (cost=43 rows=95)


table 8 : explain SELECT k, c FROM sbtest8 WHERE k BETWEEN 3918349 AND 3918449
	-> Index range scan on sbtest8 using k_8 over (3918349 <= k <= 3918449), with index condition: (sbtest8.k between 3918349 and 3918449)  (cost=48.4 rows=107)


for range-notcovered
table 1 : explain SELECT k, c FROM sbtest1 WHERE k BETWEEN 5160046 AND 5160146
	-> Index range scan on sbtest1 using k_1 over (5160046 <= k <= 5160146), with index condition: (sbtest1.k between 5160046 and 5160146)  (cost=45.7 rows=101)


table 2 : explain SELECT k, c FROM sbtest2 WHERE k BETWEEN 5160046 AND 5160146
	-> Index range scan on sbtest2 using k_2 over (5160046 <= k <= 5160146), with index condition: (sbtest2.k between 5160046 and 5160146)  (cost=51.1 rows=113)


table 3 : explain SELECT k, c FROM sbtest3 WHERE k BETWEEN 5160046 AND 5160146
	-> Index range scan on sbtest3 using k_3 over (5160046 <= k <= 5160146), with index condition: (sbtest3.k between 5160046 and 5160146)  (cost=49.8 rows=110)


table 4 : explain SELECT k, c FROM sbtest4 WHERE k BETWEEN 5160046 AND 5160146
	-> Index range scan on sbtest4 using k_4 over (5160046 <= k <= 5160146), with index condition: (sbtest4.k between 5160046 and 5160146)  (cost=53.4 rows=118)


table 5 : explain SELECT k, c FROM sbtest5 WHERE k BETWEEN 5160046 AND 5160146
	-> Index range scan on sbtest5 using k_5 over (5160046 <= k <= 5160146), with index condition: (sbtest5.k between 5160046 and 5160146)  (cost=47.1 rows=104)


table 6 : explain SELECT k, c FROM sbtest6 WHERE k BETWEEN 5160046 AND 5160146
	-> Index range scan on sbtest6 using k_6 over (5160046 <= k <= 5160146), with index condition: (sbtest6.k between 5160046 and 5160146)  (cost=43 rows=95)


table 7 : explain SELECT k, c FROM sbtest7 WHERE k BETWEEN 5160046 AND 5160146
	-> Index range scan on sbtest7 using k_7 over (5160046 <= k <= 5160146), with index condition: (sbtest7.k between 5160046 and 5160146)  (cost=44.4 rows=98)


table 8 : explain SELECT k, c FROM sbtest8 WHERE k BETWEEN 5160046 AND 5160146
	-> Index range scan on sbtest8 using k_8 over (5160046 <= k <= 5160146), with index condition: (sbtest8.k between 5160046 and 5160146)  (cost=45.7 rows=101)


for range-notcovered
table 1 : explain SELECT k, c FROM sbtest1 WHERE k BETWEEN 7507441 AND 7507541
	-> Index range scan on sbtest1 using k_1 over (7507441 <= k <= 7507541), with index condition: (sbtest1.k between 7507441 and 7507541)  (cost=45.3 rows=100)


table 2 : explain SELECT k, c FROM sbtest2 WHERE k BETWEEN 7507441 AND 7507541
	-> Index range scan on sbtest2 using k_2 over (7507441 <= k <= 7507541), with index condition: (sbtest2.k between 7507441 and 7507541)  (cost=42.1 rows=93)


table 3 : explain SELECT k, c FROM sbtest3 WHERE k BETWEEN 7507441 AND 7507541
	-> Index range scan on sbtest3 using k_3 over (7507441 <= k <= 7507541), with index condition: (sbtest3.k between 7507441 and 7507541)  (cost=50.2 rows=111)


table 4 : explain SELECT k, c FROM sbtest4 WHERE k BETWEEN 7507441 AND 7507541
	-> Index range scan on sbtest4 using k_4 over (7507441 <= k <= 7507541), with index condition: (sbtest4.k between 7507441 and 7507541)  (cost=44.8 rows=99)


table 5 : explain SELECT k, c FROM sbtest5 WHERE k BETWEEN 7507441 AND 7507541
	-> Index range scan on sbtest5 using k_5 over (7507441 <= k <= 7507541), with index condition: (sbtest5.k between 7507441 and 7507541)  (cost=48.4 rows=107)


table 6 : explain SELECT k, c FROM sbtest6 WHERE k BETWEEN 7507441 AND 7507541
	-> Index range scan on sbtest6 using k_6 over (7507441 <= k <= 7507541), with index condition: (sbtest6.k between 7507441 and 7507541)  (cost=43 rows=95)


table 7 : explain SELECT k, c FROM sbtest7 WHERE k BETWEEN 7507441 AND 7507541
	-> Index range scan on sbtest7 using k_7 over (7507441 <= k <= 7507541), with index condition: (sbtest7.k between 7507441 and 7507541)  (cost=45.7 rows=101)


table 8 : explain SELECT k, c FROM sbtest8 WHERE k BETWEEN 7507441 AND 7507541
	-> Index range scan on sbtest8 using k_8 over (7507441 <= k <= 7507541), with index condition: (sbtest8.k between 7507441 and 7507541)  (cost=55.6 rows=123)


for range-notcovered
table 1 : explain SELECT k, c FROM sbtest1 WHERE k BETWEEN 5091041 AND 5091141
	-> Index range scan on sbtest1 using k_1 over (5091041 <= k <= 5091141), with index condition: (sbtest1.k between 5091041 and 5091141)  (cost=44.8 rows=99)


table 2 : explain SELECT k, c FROM sbtest2 WHERE k BETWEEN 5091041 AND 5091141
	-> Index range scan on sbtest2 using k_2 over (5091041 <= k <= 5091141), with index condition: (sbtest2.k between 5091041 and 5091141)  (cost=48 rows=106)


table 3 : explain SELECT k, c FROM sbtest3 WHERE k BETWEEN 5091041 AND 5091141
	-> Index range scan on sbtest3 using k_3 over (5091041 <= k <= 5091141), with index condition: (sbtest3.k between 5091041 and 5091141)  (cost=42.6 rows=94)


table 4 : explain SELECT k, c FROM sbtest4 WHERE k BETWEEN 5091041 AND 5091141
	-> Index range scan on sbtest4 using k_4 over (5091041 <= k <= 5091141), with index condition: (sbtest4.k between 5091041 and 5091141)  (cost=40.8 rows=90)


table 5 : explain SELECT k, c FROM sbtest5 WHERE k BETWEEN 5091041 AND 5091141
	-> Index range scan on sbtest5 using k_5 over (5091041 <= k <= 5091141), with index condition: (sbtest5.k between 5091041 and 5091141)  (cost=44.4 rows=98)


table 6 : explain SELECT k, c FROM sbtest6 WHERE k BETWEEN 5091041 AND 5091141
	-> Index range scan on sbtest6 using k_6 over (5091041 <= k <= 5091141), with index condition: (sbtest6.k between 5091041 and 5091141)  (cost=48.4 rows=107)


table 7 : explain SELECT k, c FROM sbtest7 WHERE k BETWEEN 5091041 AND 5091141
	-> Index range scan on sbtest7 using k_7 over (5091041 <= k <= 5091141), with index condition: (sbtest7.k between 5091041 and 5091141)  (cost=43.5 rows=96)


table 8 : explain SELECT k, c FROM sbtest8 WHERE k BETWEEN 5091041 AND 5091141
	-> Index range scan on sbtest8 using k_8 over (5091041 <= k <= 5091141), with index condition: (sbtest8.k between 5091041 and 5091141)  (cost=42.1 rows=93)

for range-notcovered
table 1 : explain SELECT k, c FROM sbtest1 WHERE k BETWEEN 5232353 AND 5232453
	-> Index range scan on sbtest1 using k_1 over (5232353 <= k <= 5232453), with index condition: (sbtest1.k between 5232353 and 5232453)  (cost=31.3 rows=69)


table 2 : explain SELECT k, c FROM sbtest2 WHERE k BETWEEN 5232353 AND 5232453
	-> Index range scan on sbtest2 using k_2 over (5232353 <= k <= 5232453), with index condition: (sbtest2.k between 5232353 and 5232453)  (cost=49.8 rows=110)


table 3 : explain SELECT k, c FROM sbtest3 WHERE k BETWEEN 5232353 AND 5232453
	-> Index range scan on sbtest3 using k_3 over (5232353 <= k <= 5232453), with index condition: (sbtest3.k between 5232353 and 5232453)  (cost=47.5 rows=105)


table 4 : explain SELECT k, c FROM sbtest4 WHERE k BETWEEN 5232353 AND 5232453
	-> Index range scan on sbtest4 using k_4 over (5232353 <= k <= 5232453), with index condition: (sbtest4.k between 5232353 and 5232453)  (cost=43.5 rows=96)


table 5 : explain SELECT k, c FROM sbtest5 WHERE k BETWEEN 5232353 AND 5232453
	-> Index range scan on sbtest5 using k_5 over (5232353 <= k <= 5232453), with index condition: (sbtest5.k between 5232353 and 5232453)  (cost=56.1 rows=124)


table 6 : explain SELECT k, c FROM sbtest6 WHERE k BETWEEN 5232353 AND 5232453
	-> Index range scan on sbtest6 using k_6 over (5232353 <= k <= 5232453), with index condition: (sbtest6.k between 5232353 and 5232453)  (cost=45.7 rows=101)


table 7 : explain SELECT k, c FROM sbtest7 WHERE k BETWEEN 5232353 AND 5232453
	-> Index range scan on sbtest7 using k_7 over (5232353 <= k <= 5232453), with index condition: (sbtest7.k between 5232353 and 5232453)  (cost=50.2 rows=111)


table 8 : explain SELECT k, c FROM sbtest8 WHERE k BETWEEN 5232353 AND 5232453
	-> Index range scan on sbtest8 using k_8 over (5232353 <= k <= 5232453), with index condition: (sbtest8.k between 5232353 and 5232453)  (cost=40.3 rows=89)


explain: for range-notcovered :: explain SELECT k, c FROM sbtest%d WHERE k BETWEEN 4143083 AND 4143183for range-notcovered
table 1 : explain SELECT k, c FROM sbtest1 WHERE k BETWEEN 7571624 AND 7571724
	-> Index range scan on sbtest1 using k_1 over (7571624 <= k <= 7571724), with index condition: (sbtest1.k between 7571624 and 7571724)  (cost=45.7 rows=101)


table 2 : explain SELECT k, c FROM sbtest2 WHERE k BETWEEN 7571624 AND 7571724
	-> Index range scan on sbtest2 using k_2 over (7571624 <= k <= 7571724), with index condition: (sbtest2.k between 7571624 and 7571724)  (cost=49.8 rows=110)


table 3 : explain SELECT k, c FROM sbtest3 WHERE k BETWEEN 7571624 AND 7571724
	-> Index range scan on sbtest3 using k_3 over (7571624 <= k <= 7571724), with index condition: (sbtest3.k between 7571624 and 7571724)  (cost=40.3 rows=89)


table 4 : explain SELECT k, c FROM sbtest4 WHERE k BETWEEN 7571624 AND 7571724
	-> Index range scan on sbtest4 using k_4 over (7571624 <= k <= 7571724), with index condition: (sbtest4.k between 7571624 and 7571724)  (cost=48 rows=106)


table 5 : explain SELECT k, c FROM sbtest5 WHERE k BETWEEN 7571624 AND 7571724
	-> Index range scan on sbtest5 using k_5 over (7571624 <= k <= 7571724), with index condition: (sbtest5.k between 7571624 and 7571724)  (cost=49.3 rows=109)


table 6 : explain SELECT k, c FROM sbtest6 WHERE k BETWEEN 7571624 AND 7571724
	-> Index range scan on sbtest6 using k_6 over (7571624 <= k <= 7571724), with index condition: (sbtest6.k between 7571624 and 7571724)  (cost=49.3 rows=109)


table 7 : explain SELECT k, c FROM sbtest7 WHERE k BETWEEN 7571624 AND 7571724
	-> Index range scan on sbtest7 using k_7 over (7571624 <= k <= 7571724), with index condition: (sbtest7.k between 7571624 and 7571724)  (cost=41.2 rows=91)


table 8 : explain SELECT k, c FROM sbtest8 WHERE k BETWEEN 7571624 AND 7571724
	-> Index range scan on sbtest8 using k_8 over (7571624 <= k <= 7571724), with index condition: (sbtest8.k between 7571624 and 7571724)  (cost=44.4 rows=98)

explain: for range-notcovered :: explain SELECT k, c FROM sbtest%d WHERE k BETWEEN 3918349 AND 3918449
for range-notcovered
table 1 : explain SELECT k, c FROM sbtest1 WHERE k BETWEEN 3016335 AND 3016435
	-> Index range scan on sbtest1 using k_1 over (3016335 <= k <= 3016435), with index condition: (sbtest1.k between 3016335 and 3016435)  (cost=38.1 rows=84)


table 2 : explain SELECT k, c FROM sbtest2 WHERE k BETWEEN 3016335 AND 3016435
	-> Index range scan on sbtest2 using k_2 over (3016335 <= k <= 3016435), with index condition: (sbtest2.k between 3016335 and 3016435)  (cost=43 rows=95)


table 3 : explain SELECT k, c FROM sbtest3 WHERE k BETWEEN 3016335 AND 3016435
	-> Index range scan on sbtest3 using k_3 over (3016335 <= k <= 3016435), with index condition: (sbtest3.k between 3016335 and 3016435)  (cost=38.1 rows=84)


table 4 : explain SELECT k, c FROM sbtest4 WHERE k BETWEEN 3016335 AND 3016435
	-> Index range scan on sbtest4 using k_4 over (3016335 <= k <= 3016435), with index condition: (sbtest4.k between 3016335 and 3016435)  (cost=46.2 rows=102)


table 5 : explain SELECT k, c FROM sbtest5 WHERE k BETWEEN 3016335 AND 3016435
	-> Index range scan on sbtest5 using k_5 over (3016335 <= k <= 3016435), with index condition: (sbtest5.k between 3016335 and 3016435)  (cost=35.4 rows=78)


table 6 : explain SELECT k, c FROM sbtest6 WHERE k BETWEEN 3016335 AND 3016435
	-> Index range scan on sbtest6 using k_6 over (3016335 <= k <= 3016435), with index condition: (sbtest6.k between 3016335 and 3016435)  (cost=32.7 rows=72)


table 7 : explain SELECT k, c FROM sbtest7 WHERE k BETWEEN 3016335 AND 3016435
	-> Index range scan on sbtest7 using k_7 over (3016335 <= k <= 3016435), with index condition: (sbtest7.k between 3016335 and 3016435)  (cost=49.8 rows=110)


table 8 : explain SELECT k, c FROM sbtest8 WHERE k BETWEEN 3016335 AND 3016435
	-> Index range scan on sbtest8 using k_8 over (3016335 <= k <= 3016435), with index condition: (sbtest8.k between 3016335 and 3016435)  (cost=42.6 rows=94)



for range-notcovered
table 1 : explain SELECT k, c FROM sbtest1 WHERE k BETWEEN 8503989 AND 8504089
	-> Index range scan on sbtest1 using k_1 over (8503989 <= k <= 8504089), with index condition: (sbtest1.k between 8503989 and 8504089)  (cost=48 rows=106)


table 2 : explain SELECT k, c FROM sbtest2 WHERE k BETWEEN 8503989 AND 8504089
	-> Index range scan on sbtest2 using k_2 over (8503989 <= k <= 8504089), with index condition: (sbtest2.k between 8503989 and 8504089)  (cost=48.4 rows=107)


table 3 : explain SELECT k, c FROM sbtest3 WHERE k BETWEEN 8503989 AND 8504089
	-> Index range scan on sbtest3 using k_3 over (8503989 <= k <= 8504089), with index condition: (sbtest3.k between 8503989 and 8504089)  (cost=47.1 rows=104)


table 4 : explain SELECT k, c FROM sbtest4 WHERE k BETWEEN 8503989 AND 8504089
	-> Index range scan on sbtest4 using k_4 over (8503989 <= k <= 8504089), with index condition: (sbtest4.k between 8503989 and 8504089)  (cost=54.7 rows=121)


table 5 : explain SELECT k, c FROM sbtest5 WHERE k BETWEEN 8503989 AND 8504089
	-> Index range scan on sbtest5 using k_5 over (8503989 <= k <= 8504089), with index condition: (sbtest5.k between 8503989 and 8504089)  (cost=44.8 rows=99)


table 6 : explain SELECT k, c FROM sbtest6 WHERE k BETWEEN 8503989 AND 8504089
	-> Index range scan on sbtest6 using k_6 over (8503989 <= k <= 8504089), with index condition: (sbtest6.k between 8503989 and 8504089)  (cost=43.5 rows=96)


table 7 : explain SELECT k, c FROM sbtest7 WHERE k BETWEEN 8503989 AND 8504089
	-> Index range scan on sbtest7 using k_7 over (8503989 <= k <= 8504089), with index condition: (sbtest7.k between 8503989 and 8504089)  (cost=47.1 rows=104)


table 8 : explain SELECT k, c FROM sbtest8 WHERE k BETWEEN 8503989 AND 8504089
	-> Index range scan on sbtest8 using k_8 over (8503989 <= k <= 8504089), with index condition: (sbtest8.k between 8503989 and 8504089)  (cost=48.9 rows=108)

for range-notcovered
table 1 : explain SELECT k, c FROM sbtest1 WHERE k BETWEEN 7783650 AND 7783750
	-> Index range scan on sbtest1 using k_1 over (7783650 <= k <= 7783750), with index condition: (sbtest1.k between 7783650 and 7783750)  (cost=52.5 rows=116)


table 2 : explain SELECT k, c FROM sbtest2 WHERE k BETWEEN 7783650 AND 7783750
	-> Index range scan on sbtest2 using k_2 over (7783650 <= k <= 7783750), with index condition: (sbtest2.k between 7783650 and 7783750)  (cost=43.9 rows=97)


table 3 : explain SELECT k, c FROM sbtest3 WHERE k BETWEEN 7783650 AND 7783750
	-> Index range scan on sbtest3 using k_3 over (7783650 <= k <= 7783750), with index condition: (sbtest3.k between 7783650 and 7783750)  (cost=38.5 rows=85)


table 4 : explain SELECT k, c FROM sbtest4 WHERE k BETWEEN 7783650 AND 7783750
	-> Index range scan on sbtest4 using k_4 over (7783650 <= k <= 7783750), with index condition: (sbtest4.k between 7783650 and 7783750)  (cost=44.8 rows=99)


table 5 : explain SELECT k, c FROM sbtest5 WHERE k BETWEEN 7783650 AND 7783750
	-> Index range scan on sbtest5 using k_5 over (7783650 <= k <= 7783750), with index condition: (sbtest5.k between 7783650 and 7783750)  (cost=44.4 rows=98)


table 6 : explain SELECT k, c FROM sbtest6 WHERE k BETWEEN 7783650 AND 7783750
	-> Index range scan on sbtest6 using k_6 over (7783650 <= k <= 7783750), with index condition: (sbtest6.k between 7783650 and 7783750)  (cost=47.5 rows=105)


table 7 : explain SELECT k, c FROM sbtest7 WHERE k BETWEEN 7783650 AND 7783750
	-> Index range scan on sbtest7 using k_7 over (7783650 <= k <= 7783750), with index condition: (sbtest7.k between 7783650 and 7783750)  (cost=46.6 rows=103)


table 8 : explain SELECT k, c FROM sbtest8 WHERE k BETWEEN 7783650 AND 7783750
	-> Index range scan on sbtest8 using k_8 over (7783650 <= k <= 7783750), with index condition: (sbtest8.k between 7783650 and 7783750)  (cost=47.5 rows=105)




explain: for range-notcovered :: explain SELECT k, c FROM sbtest%d WHERE k BETWEEN 4645412 AND 4645512
explain: for range-notcovered :: explain SELECT k, c FROM sbtest%d WHERE k BETWEEN 5160046 AND 5160146
for range-notcovered
table 1 : explain SELECT k, c FROM sbtest1 WHERE k BETWEEN 2291520 AND 2291620
	-> Index range scan on sbtest1 using k_1 over (2291520 <= k <= 2291620), with index condition: (sbtest1.k between 2291520 and 2291620)  (cost=47.1 rows=104)


table 2 : explain SELECT k, c FROM sbtest2 WHERE k BETWEEN 2291520 AND 2291620
	-> Index range scan on sbtest2 using k_2 over (2291520 <= k <= 2291620), with index condition: (sbtest2.k between 2291520 and 2291620)  (cost=45.3 rows=100)


table 3 : explain SELECT k, c FROM sbtest3 WHERE k BETWEEN 2291520 AND 2291620
	-> Index range scan on sbtest3 using k_3 over (2291520 <= k <= 2291620), with index condition: (sbtest3.k between 2291520 and 2291620)  (cost=47.5 rows=105)


table 4 : explain SELECT k, c FROM sbtest4 WHERE k BETWEEN 2291520 AND 2291620
	-> Index range scan on sbtest4 using k_4 over (2291520 <= k <= 2291620), with index condition: (sbtest4.k between 2291520 and 2291620)  (cost=45.7 rows=101)


table 5 : explain SELECT k, c FROM sbtest5 WHERE k BETWEEN 2291520 AND 2291620
	-> Index range scan on sbtest5 using k_5 over (2291520 <= k <= 2291620), with index condition: (sbtest5.k between 2291520 and 2291620)  (cost=47.5 rows=105)


table 6 : explain SELECT k, c FROM sbtest6 WHERE k BETWEEN 2291520 AND 2291620
	-> Index range scan on sbtest6 using k_6 over (2291520 <= k <= 2291620), with index condition: (sbtest6.k between 2291520 and 2291620)  (cost=47.5 rows=105)


table 7 : explain SELECT k, c FROM sbtest7 WHERE k BETWEEN 2291520 AND 2291620
	-> Index range scan on sbtest7 using k_7 over (2291520 <= k <= 2291620), with index condition: (sbtest7.k between 2291520 and 2291620)  (cost=46.6 rows=103)


table 8 : explain SELECT k, c FROM sbtest8 WHERE k BETWEEN 2291520 AND 2291620
	-> Index range scan on sbtest8 using k_8 over (2291520 <= k <= 2291620), with index condition: (sbtest8.k between 2291520 and 2291620)  (cost=43 rows=95)

explain: for range-notcovered :: explain SELECT k, c FROM sbtest%d WHERE k BETWEEN 5091041 AND 5091141
explain: for range-notcovered :: explain SELECT k, c FROM sbtest%d WHERE k BETWEEN 7507441 AND 7507541
for range-notcovered
table 1 : explain SELECT k, c FROM sbtest1 WHERE k BETWEEN 3209445 AND 3209545
	-> Index range scan on sbtest1 using k_1 over (3209445 <= k <= 3209545), with index condition: (sbtest1.k between 3209445 and 3209545)  (cost=39 rows=86)


table 2 : explain SELECT k, c FROM sbtest2 WHERE k BETWEEN 3209445 AND 3209545
	-> Index range scan on sbtest2 using k_2 over (3209445 <= k <= 3209545), with index condition: (sbtest2.k between 3209445 and 3209545)  (cost=52.5 rows=116)


table 3 : explain SELECT k, c FROM sbtest3 WHERE k BETWEEN 3209445 AND 3209545
	-> Index range scan on sbtest3 using k_3 over (3209445 <= k <= 3209545), with index condition: (sbtest3.k between 3209445 and 3209545)  (cost=47.5 rows=105)


table 4 : explain SELECT k, c FROM sbtest4 WHERE k BETWEEN 3209445 AND 3209545
	-> Index range scan on sbtest4 using k_4 over (3209445 <= k <= 3209545), with index condition: (sbtest4.k between 3209445 and 3209545)  (cost=43 rows=95)


table 5 : explain SELECT k, c FROM sbtest5 WHERE k BETWEEN 3209445 AND 3209545
	-> Index range scan on sbtest5 using k_5 over (3209445 <= k <= 3209545), with index condition: (sbtest5.k between 3209445 and 3209545)  (cost=45.7 rows=101)


table 6 : explain SELECT k, c FROM sbtest6 WHERE k BETWEEN 3209445 AND 3209545
	-> Index range scan on sbtest6 using k_6 over (3209445 <= k <= 3209545), with index condition: (sbtest6.k between 3209445 and 3209545)  (cost=38.1 rows=84)


table 7 : explain SELECT k, c FROM sbtest7 WHERE k BETWEEN 3209445 AND 3209545
	-> Index range scan on sbtest7 using k_7 over (3209445 <= k <= 3209545), with index condition: (sbtest7.k between 3209445 and 3209545)  (cost=52.9 rows=117)


table 8 : explain SELECT k, c FROM sbtest8 WHERE k BETWEEN 3209445 AND 3209545
	-> Index range scan on sbtest8 using k_8 over (3209445 <= k <= 3209545), with index condition: (sbtest8.k between 3209445 and 3209545)  (cost=49.3 rows=109)


explain: for range-notcovered :: explain SELECT k, c FROM sbtest%d WHERE k BETWEEN 5232353 AND 5232453

explain: for range-notcovered :: explain SELECT k, c FROM sbtest%d WHERE k BETWEEN 7571624 AND 7571724

explain: for range-notcovered :: explain SELECT k, c FROM sbtest%d WHERE k BETWEEN 3016335 AND 3016435

explain: for range-notcovered :: explain SELECT k, c FROM sbtest%d WHERE k BETWEEN 7783650 AND 7783750
for range-notcovered
table 1 : explain SELECT k, c FROM sbtest1 WHERE k BETWEEN 1708641 AND 1708741
	-> Index range scan on sbtest1 using k_1 over (1708641 <= k <= 1708741), with index condition: (sbtest1.k between 1708641 and 1708741)  (cost=45.3 rows=100)


table 2 : explain SELECT k, c FROM sbtest2 WHERE k BETWEEN 1708641 AND 1708741
	-> Index range scan on sbtest2 using k_2 over (1708641 <= k <= 1708741), with index condition: (sbtest2.k between 1708641 and 1708741)  (cost=45.7 rows=101)


table 3 : explain SELECT k, c FROM sbtest3 WHERE k BETWEEN 1708641 AND 1708741
	-> Index range scan on sbtest3 using k_3 over (1708641 <= k <= 1708741), with index condition: (sbtest3.k between 1708641 and 1708741)  (cost=40.3 rows=89)


table 4 : explain SELECT k, c FROM sbtest4 WHERE k BETWEEN 1708641 AND 1708741
	-> Index range scan on sbtest4 using k_4 over (1708641 <= k <= 1708741), with index condition: (sbtest4.k between 1708641 and 1708741)  (cost=48.4 rows=107)


table 5 : explain SELECT k, c FROM sbtest5 WHERE k BETWEEN 1708641 AND 1708741
	-> Index range scan on sbtest5 using k_5 over (1708641 <= k <= 1708741), with index condition: (sbtest5.k between 1708641 and 1708741)  (cost=51.6 rows=114)


table 6 : explain SELECT k, c FROM sbtest6 WHERE k BETWEEN 1708641 AND 1708741
	-> Index range scan on sbtest6 using k_6 over (1708641 <= k <= 1708741), with index condition: (sbtest6.k between 1708641 and 1708741)  (cost=46.6 rows=103)


table 7 : explain SELECT k, c FROM sbtest7 WHERE k BETWEEN 1708641 AND 1708741
	-> Index range scan on sbtest7 using k_7 over (1708641 <= k <= 1708741), with index condition: (sbtest7.k between 1708641 and 1708741)  (cost=43.5 rows=96)


table 8 : explain SELECT k, c FROM sbtest8 WHERE k BETWEEN 1708641 AND 1708741
	-> Index range scan on sbtest8 using k_8 over (1708641 <= k <= 1708741), with index condition: (sbtest8.k between 1708641 and 1708741)  (cost=47.1 rows=104)


for range-notcovered
table 1 : explain SELECT k, c FROM sbtest1 WHERE k BETWEEN 4593795 AND 4593895
	-> Index range scan on sbtest1 using k_1 over (4593795 <= k <= 4593895), with index condition: (sbtest1.k between 4593795 and 4593895)  (cost=45.3 rows=100)


table 2 : explain SELECT k, c FROM sbtest2 WHERE k BETWEEN 4593795 AND 4593895
	-> Index range scan on sbtest2 using k_2 over (4593795 <= k <= 4593895), with index condition: (sbtest2.k between 4593795 and 4593895)  (cost=42.6 rows=94)


table 3 : explain SELECT k, c FROM sbtest3 WHERE k BETWEEN 4593795 AND 4593895
	-> Index range scan on sbtest3 using k_3 over (4593795 <= k <= 4593895), with index condition: (sbtest3.k between 4593795 and 4593895)  (cost=47.5 rows=105)


table 4 : explain SELECT k, c FROM sbtest4 WHERE k BETWEEN 4593795 AND 4593895
	-> Index range scan on sbtest4 using k_4 over (4593795 <= k <= 4593895), with index condition: (sbtest4.k between 4593795 and 4593895)  (cost=49.3 rows=109)


table 5 : explain SELECT k, c FROM sbtest5 WHERE k BETWEEN 4593795 AND 4593895
	-> Index range scan on sbtest5 using k_5 over (4593795 <= k <= 4593895), with index condition: (sbtest5.k between 4593795 and 4593895)  (cost=44.4 rows=98)


table 6 : explain SELECT k, c FROM sbtest6 WHERE k BETWEEN 4593795 AND 4593895
	-> Index range scan on sbtest6 using k_6 over (4593795 <= k <= 4593895), with index condition: (sbtest6.k between 4593795 and 4593895)  (cost=43.9 rows=97)


table 7 : explain SELECT k, c FROM sbtest7 WHERE k BETWEEN 4593795 AND 4593895
	-> Index range scan on sbtest7 using k_7 over (4593795 <= k <= 4593895), with index condition: (sbtest7.k between 4593795 and 4593895)  (cost=47.1 rows=104)


table 8 : explain SELECT k, c FROM sbtest8 WHERE k BETWEEN 4593795 AND 4593895
	-> Index range scan on sbtest8 using k_8 over (4593795 <= k <= 4593895), with index condition: (sbtest8.k between 4593795 and 4593895)  (cost=45.7 rows=101)


explain: for range-notcovered :: explain SELECT k, c FROM sbtest%d WHERE k BETWEEN 3209445 AND 3209545
for range-notcovered
table 1 : explain SELECT k, c FROM sbtest1 WHERE k BETWEEN 5017403 AND 5017503
	-> Index range scan on sbtest1 using k_1 over (5017403 <= k <= 5017503), with index condition: (sbtest1.k between 5017403 and 5017503)  (cost=49.8 rows=110)


table 2 : explain SELECT k, c FROM sbtest2 WHERE k BETWEEN 5017403 AND 5017503
	-> Index range scan on sbtest2 using k_2 over (5017403 <= k <= 5017503), with index condition: (sbtest2.k between 5017403 and 5017503)  (cost=50.2 rows=111)


table 3 : explain SELECT k, c FROM sbtest3 WHERE k BETWEEN 5017403 AND 5017503
	-> Index range scan on sbtest3 using k_3 over (5017403 <= k <= 5017503), with index condition: (sbtest3.k between 5017403 and 5017503)  (cost=41.7 rows=92)


table 4 : explain SELECT k, c FROM sbtest4 WHERE k BETWEEN 5017403 AND 5017503
	-> Index range scan on sbtest4 using k_4 over (5017403 <= k <= 5017503), with index condition: (sbtest4.k between 5017403 and 5017503)  (cost=48.9 rows=108)


table 5 : explain SELECT k, c FROM sbtest5 WHERE k BETWEEN 5017403 AND 5017503
	-> Index range scan on sbtest5 using k_5 over (5017403 <= k <= 5017503), with index condition: (sbtest5.k between 5017403 and 5017503)  (cost=54.7 rows=121)


table 6 : explain SELECT k, c FROM sbtest6 WHERE k BETWEEN 5017403 AND 5017503
	-> Index range scan on sbtest6 using k_6 over (5017403 <= k <= 5017503), with index condition: (sbtest6.k between 5017403 and 5017503)  (cost=46.6 rows=103)


table 7 : explain SELECT k, c FROM sbtest7 WHERE k BETWEEN 5017403 AND 5017503
	-> Index range scan on sbtest7 using k_7 over (5017403 <= k <= 5017503), with index condition: (sbtest7.k between 5017403 and 5017503)  (cost=44.4 rows=98)


table 8 : explain SELECT k, c FROM sbtest8 WHERE k BETWEEN 5017403 AND 5017503
	-> Index range scan on sbtest8 using k_8 over (5017403 <= k <= 5017503), with index condition: (sbtest8.k between 5017403 and 5017503)  (cost=48.9 rows=108)

explain: for range-notcovered :: explain SELECT k, c FROM sbtest%d WHERE k BETWEEN 2291520 AND 2291620for range-notcovered
table 1 : explain SELECT k, c FROM sbtest1 WHERE k BETWEEN 5335326 AND 5335426
	-> Index range scan on sbtest1 using k_1 over (5335326 <= k <= 5335426), with index condition: (sbtest1.k between 5335326 and 5335426)  (cost=47.1 rows=104)


table 2 : explain SELECT k, c FROM sbtest2 WHERE k BETWEEN 5335326 AND 5335426
	-> Index range scan on sbtest2 using k_2 over (5335326 <= k <= 5335426), with index condition: (sbtest2.k between 5335326 and 5335426)  (cost=47.1 rows=104)


table 3 : explain SELECT k, c FROM sbtest3 WHERE k BETWEEN 5335326 AND 5335426
	-> Index range scan on sbtest3 using k_3 over (5335326 <= k <= 5335426), with index condition: (sbtest3.k between 5335326 and 5335426)  (cost=41.7 rows=92)


table 4 : explain SELECT k, c FROM sbtest4 WHERE k BETWEEN 5335326 AND 5335426
	-> Index range scan on sbtest4 using k_4 over (5335326 <= k <= 5335426), with index condition: (sbtest4.k between 5335326 and 5335426)  (cost=50.7 rows=112)


table 5 : explain SELECT k, c FROM sbtest5 WHERE k BETWEEN 5335326 AND 5335426
	-> Index range scan on sbtest5 using k_5 over (5335326 <= k <= 5335426), with index condition: (sbtest5.k between 5335326 and 5335426)  (cost=43.5 rows=96)


table 6 : explain SELECT k, c FROM sbtest6 WHERE k BETWEEN 5335326 AND 5335426
	-> Index range scan on sbtest6 using k_6 over (5335326 <= k <= 5335426), with index condition: (sbtest6.k between 5335326 and 5335426)  (cost=48.4 rows=107)


table 7 : explain SELECT k, c FROM sbtest7 WHERE k BETWEEN 5335326 AND 5335426
	-> Index range scan on sbtest7 using k_7 over (5335326 <= k <= 5335426), with index condition: (sbtest7.k between 5335326 and 5335426)  (cost=42.1 rows=93)


table 8 : explain SELECT k, c FROM sbtest8 WHERE k BETWEEN 5335326 AND 5335426
	-> Index range scan on sbtest8 using k_8 over (5335326 <= k <= 5335426), with index condition: (sbtest8.k between 5335326 and 5335426)  (cost=48.4 rows=107)


for range-notcovered
table 1 : explain SELECT k, c FROM sbtest1 WHERE k BETWEEN 6037781 AND 6037881
	-> Index range scan on sbtest1 using k_1 over (6037781 <= k <= 6037881), with index condition: (sbtest1.k between 6037781 and 6037881)  (cost=40.3 rows=89)


table 2 : explain SELECT k, c FROM sbtest2 WHERE k BETWEEN 6037781 AND 6037881
	-> Index range scan on sbtest2 using k_2 over (6037781 <= k <= 6037881), with index condition: (sbtest2.k between 6037781 and 6037881)  (cost=43.5 rows=96)


table 3 : explain SELECT k, c FROM sbtest3 WHERE k BETWEEN 6037781 AND 6037881
	-> Index range scan on sbtest3 using k_3 over (6037781 <= k <= 6037881), with index condition: (sbtest3.k between 6037781 and 6037881)  (cost=40.8 rows=90)


table 4 : explain SELECT k, c FROM sbtest4 WHERE k BETWEEN 6037781 AND 6037881
	-> Index range scan on sbtest4 using k_4 over (6037781 <= k <= 6037881), with index condition: (sbtest4.k between 6037781 and 6037881)  (cost=45.3 rows=100)


table 5 : explain SELECT k, c FROM sbtest5 WHERE k BETWEEN 6037781 AND 6037881
	-> Index range scan on sbtest5 using k_5 over (6037781 <= k <= 6037881), with index condition: (sbtest5.k between 6037781 and 6037881)  (cost=47.1 rows=104)


table 6 : explain SELECT k, c FROM sbtest6 WHERE k BETWEEN 6037781 AND 6037881
	-> Index range scan on sbtest6 using k_6 over (6037781 <= k <= 6037881), with index condition: (sbtest6.k between 6037781 and 6037881)  (cost=39.4 rows=87)


table 7 : explain SELECT k, c FROM sbtest7 WHERE k BETWEEN 6037781 AND 6037881
	-> Index range scan on sbtest7 using k_7 over (6037781 <= k <= 6037881), with index condition: (sbtest7.k between 6037781 and 6037881)  (cost=47.5 rows=105)


table 8 : explain SELECT k, c FROM sbtest8 WHERE k BETWEEN 6037781 AND 6037881
	-> Index range scan on sbtest8 using k_8 over (6037781 <= k <= 6037881), with index condition: (sbtest8.k between 6037781 and 6037881)  (cost=42.6 rows=94)


explain: for range-notcovered :: explain SELECT k, c FROM sbtest%d WHERE k BETWEEN 1708641 AND 1708741

explain: for range-notcovered :: explain SELECT k, c FROM sbtest%d WHERE k BETWEEN 4593795 AND 4593895for range-notcovered
table 1 : explain SELECT k, c FROM sbtest1 WHERE k BETWEEN 909953 AND 910053
	-> Index range scan on sbtest1 using k_1 over (909953 <= k <= 910053), with index condition: (sbtest1.k between 909953 and 910053)  (cost=40.3 rows=89)


table 2 : explain SELECT k, c FROM sbtest2 WHERE k BETWEEN 909953 AND 910053
	-> Index range scan on sbtest2 using k_2 over (909953 <= k <= 910053), with index condition: (sbtest2.k between 909953 and 910053)  (cost=48.4 rows=107)


table 3 : explain SELECT k, c FROM sbtest3 WHERE k BETWEEN 909953 AND 910053
	-> Index range scan on sbtest3 using k_3 over (909953 <= k <= 910053), with index condition: (sbtest3.k between 909953 and 910053)  (cost=41.2 rows=91)


table 4 : explain SELECT k, c FROM sbtest4 WHERE k BETWEEN 909953 AND 910053
	-> Index range scan on sbtest4 using k_4 over (909953 <= k <= 910053), with index condition: (sbtest4.k between 909953 and 910053)  (cost=51.6 rows=114)


table 5 : explain SELECT k, c FROM sbtest5 WHERE k BETWEEN 909953 AND 910053
	-> Index range scan on sbtest5 using k_5 over (909953 <= k <= 910053), with index condition: (sbtest5.k between 909953 and 910053)  (cost=47.5 rows=105)


table 6 : explain SELECT k, c FROM sbtest6 WHERE k BETWEEN 909953 AND 910053
	-> Index range scan on sbtest6 using k_6 over (909953 <= k <= 910053), with index condition: (sbtest6.k between 909953 and 910053)  (cost=43 rows=95)


table 7 : explain SELECT k, c FROM sbtest7 WHERE k BETWEEN 909953 AND 910053
	-> Index range scan on sbtest7 using k_7 over (909953 <= k <= 910053), with index condition: (sbtest7.k between 909953 and 910053)  (cost=47.1 rows=104)


table 8 : explain SELECT k, c FROM sbtest8 WHERE k BETWEEN 909953 AND 910053
	-> Index range scan on sbtest8 using k_8 over (909953 <= k <= 910053), with index condition: (sbtest8.k between 909953 and 910053)  (cost=47.1 rows=104)



for range-notcovered
table 1 : explain SELECT k, c FROM sbtest1 WHERE k BETWEEN 5561744 AND 5561844
	-> Index range scan on sbtest1 using k_1 over (5561744 <= k <= 5561844), with index condition: (sbtest1.k between 5561744 and 5561844)  (cost=43.9 rows=97)


table 2 : explain SELECT k, c FROM sbtest2 WHERE k BETWEEN 5561744 AND 5561844
	-> Index range scan on sbtest2 using k_2 over (5561744 <= k <= 5561844), with index condition: (sbtest2.k between 5561744 and 5561844)  (cost=43.9 rows=97)


table 3 : explain SELECT k, c FROM sbtest3 WHERE k BETWEEN 5561744 AND 5561844
	-> Index range scan on sbtest3 using k_3 over (5561744 <= k <= 5561844), with index condition: (sbtest3.k between 5561744 and 5561844)  (cost=40.3 rows=89)


table 4 : explain SELECT k, c FROM sbtest4 WHERE k BETWEEN 5561744 AND 5561844
	-> Index range scan on sbtest4 using k_4 over (5561744 <= k <= 5561844), with index condition: (sbtest4.k between 5561744 and 5561844)  (cost=39.9 rows=88)


table 5 : explain SELECT k, c FROM sbtest5 WHERE k BETWEEN 5561744 AND 5561844
	-> Index range scan on sbtest5 using k_5 over (5561744 <= k <= 5561844), with index condition: (sbtest5.k between 5561744 and 5561844)  (cost=52.5 rows=116)


table 6 : explain SELECT k, c FROM sbtest6 WHERE k BETWEEN 5561744 AND 5561844
	-> Index range scan on sbtest6 using k_6 over (5561744 <= k <= 5561844), with index condition: (sbtest6.k between 5561744 and 5561844)  (cost=42.6 rows=94)


table 7 : explain SELECT k, c FROM sbtest7 WHERE k BETWEEN 5561744 AND 5561844
	-> Index range scan on sbtest7 using k_7 over (5561744 <= k <= 5561844), with index condition: (sbtest7.k between 5561744 and 5561844)  (cost=42.6 rows=94)


table 8 : explain SELECT k, c FROM sbtest8 WHERE k BETWEEN 5561744 AND 5561844
	-> Index range scan on sbtest8 using k_8 over (5561744 <= k <= 5561844), with index condition: (sbtest8.k between 5561744 and 5561844)  (cost=53.8 rows=119)


explain: for range-notcovered :: explain SELECT k, c FROM sbtest%d WHERE k BETWEEN 8503989 AND 8504089
explain: for range-notcovered :: explain SELECT k, c FROM sbtest%d WHERE k BETWEEN 7430313 AND 7430413
for range-notcovered
table 1 : explain SELECT k, c FROM sbtest1 WHERE k BETWEEN 6302321 AND 6302421
	-> Index range scan on sbtest1 using k_1 over (6302321 <= k <= 6302421), with index condition: (sbtest1.k between 6302321 and 6302421)  (cost=45.7 rows=101)


table 2 : explain SELECT k, c FROM sbtest2 WHERE k BETWEEN 6302321 AND 6302421
	-> Index range scan on sbtest2 using k_2 over (6302321 <= k <= 6302421), with index condition: (sbtest2.k between 6302321 and 6302421)  (cost=42.1 rows=93)


table 3 : explain SELECT k, c FROM sbtest3 WHERE k BETWEEN 6302321 AND 6302421
	-> Index range scan on sbtest3 using k_3 over (6302321 <= k <= 6302421), with index condition: (sbtest3.k between 6302321 and 6302421)  (cost=48.9 rows=108)


table 4 : explain SELECT k, c FROM sbtest4 WHERE k BETWEEN 6302321 AND 6302421
	-> Index range scan on sbtest4 using k_4 over (6302321 <= k <= 6302421), with index condition: (sbtest4.k between 6302321 and 6302421)  (cost=41.2 rows=91)


table 5 : explain SELECT k, c FROM sbtest5 WHERE k BETWEEN 6302321 AND 6302421
	-> Index range scan on sbtest5 using k_5 over (6302321 <= k <= 6302421), with index condition: (sbtest5.k between 6302321 and 6302421)  (cost=39.4 rows=87)


table 6 : explain SELECT k, c FROM sbtest6 WHERE k BETWEEN 6302321 AND 6302421
	-> Index range scan on sbtest6 using k_6 over (6302321 <= k <= 6302421), with index condition: (sbtest6.k between 6302321 and 6302421)  (cost=49.3 rows=109)


table 7 : explain SELECT k, c FROM sbtest7 WHERE k BETWEEN 6302321 AND 6302421
	-> Index range scan on sbtest7 using k_7 over (6302321 <= k <= 6302421), with index condition: (sbtest7.k between 6302321 and 6302421)  (cost=47.1 rows=104)


table 8 : explain SELECT k, c FROM sbtest8 WHERE k BETWEEN 6302321 AND 6302421
	-> Index range scan on sbtest8 using k_8 over (6302321 <= k <= 6302421), with index condition: (sbtest8.k between 6302321 and 6302421)  (cost=39.4 rows=87)

explain: for range-notcovered :: explain SELECT k, c FROM sbtest%d WHERE k BETWEEN 5017403 AND 5017503

for range-notcovered
table 1 : explain SELECT k, c FROM sbtest1 WHERE k BETWEEN 4178071 AND 4178171
	-> Index range scan on sbtest1 using k_1 over (4178071 <= k <= 4178171), with index condition: (sbtest1.k between 4178071 and 4178171)  (cost=50.7 rows=112)


table 2 : explain SELECT k, c FROM sbtest2 WHERE k BETWEEN 4178071 AND 4178171
	-> Index range scan on sbtest2 using k_2 over (4178071 <= k <= 4178171), with index condition: (sbtest2.k between 4178071 and 4178171)  (cost=43.5 rows=96)


table 3 : explain SELECT k, c FROM sbtest3 WHERE k BETWEEN 4178071 AND 4178171
	-> Index range scan on sbtest3 using k_3 over (4178071 <= k <= 4178171), with index condition: (sbtest3.k between 4178071 and 4178171)  (cost=42.6 rows=94)


table 4 : explain SELECT k, c FROM sbtest4 WHERE k BETWEEN 4178071 AND 4178171
	-> Index range scan on sbtest4 using k_4 over (4178071 <= k <= 4178171), with index condition: (sbtest4.k between 4178071 and 4178171)  (cost=53.4 rows=118)


table 5 : explain SELECT k, c FROM sbtest5 WHERE k BETWEEN 4178071 AND 4178171
	-> Index range scan on sbtest5 using k_5 over (4178071 <= k <= 4178171), with index condition: (sbtest5.k between 4178071 and 4178171)  (cost=48.9 rows=108)


table 6 : explain SELECT k, c FROM sbtest6 WHERE k BETWEEN 4178071 AND 4178171
	-> Index range scan on sbtest6 using k_6 over (4178071 <= k <= 4178171), with index condition: (sbtest6.k between 4178071 and 4178171)  (cost=43.9 rows=97)


table 7 : explain SELECT k, c FROM sbtest7 WHERE k BETWEEN 4178071 AND 4178171
	-> Index range scan on sbtest7 using k_7 over (4178071 <= k <= 4178171), with index condition: (sbtest7.k between 4178071 and 4178171)  (cost=53.8 rows=119)


table 8 : explain SELECT k, c FROM sbtest8 WHERE k BETWEEN 4178071 AND 4178171
	-> Index range scan on sbtest8 using k_8 over (4178071 <= k <= 4178171), with index condition: (sbtest8.k between 4178071 and 4178171)  (cost=49.8 rows=110)


for range-notcovered
table 1 : explain SELECT k, c FROM sbtest1 WHERE k BETWEEN 9009088 AND 9009188
	-> Index range scan on sbtest1 using k_1 over (9009088 <= k <= 9009188), with index condition: (sbtest1.k between 9009088 and 9009188)  (cost=51.6 rows=114)


table 2 : explain SELECT k, c FROM sbtest2 WHERE k BETWEEN 9009088 AND 9009188
	-> Index range scan on sbtest2 using k_2 over (9009088 <= k <= 9009188), with index condition: (sbtest2.k between 9009088 and 9009188)  (cost=54.3 rows=120)


table 3 : explain SELECT k, c FROM sbtest3 WHERE k BETWEEN 9009088 AND 9009188
	-> Index range scan on sbtest3 using k_3 over (9009088 <= k <= 9009188), with index condition: (sbtest3.k between 9009088 and 9009188)  (cost=54.3 rows=120)


table 4 : explain SELECT k, c FROM sbtest4 WHERE k BETWEEN 9009088 AND 9009188
	-> Index range scan on sbtest4 using k_4 over (9009088 <= k <= 9009188), with index condition: (sbtest4.k between 9009088 and 9009188)  (cost=44.8 rows=99)


table 5 : explain SELECT k, c FROM sbtest5 WHERE k BETWEEN 9009088 AND 9009188
	-> Index range scan on sbtest5 using k_5 over (9009088 <= k <= 9009188), with index condition: (sbtest5.k between 9009088 and 9009188)  (cost=42.6 rows=94)


table 6 : explain SELECT k, c FROM sbtest6 WHERE k BETWEEN 9009088 AND 9009188
	-> Index range scan on sbtest6 using k_6 over (9009088 <= k <= 9009188), with index condition: (sbtest6.k between 9009088 and 9009188)  (cost=35.8 rows=79)


table 7 : explain SELECT k, c FROM sbtest7 WHERE k BETWEEN 9009088 AND 9009188
	-> Index range scan on sbtest7 using k_7 over (9009088 <= k <= 9009188), with index condition: (sbtest7.k between 9009088 and 9009188)  (cost=38.5 rows=85)


table 8 : explain SELECT k, c FROM sbtest8 WHERE k BETWEEN 9009088 AND 9009188
	-> Index range scan on sbtest8 using k_8 over (9009088 <= k <= 9009188), with index condition: (sbtest8.k between 9009088 and 9009188)  (cost=44.8 rows=99)


for range-notcovered
table 1 : explain SELECT k, c FROM sbtest1 WHERE k BETWEEN 7014826 AND 7014926
	-> Index range scan on sbtest1 using k_1 over (7014826 <= k <= 7014926), with index condition: (sbtest1.k between 7014826 and 7014926)  (cost=43 rows=95)


table 2 : explain SELECT k, c FROM sbtest2 WHERE k BETWEEN 7014826 AND 7014926
	-> Index range scan on sbtest2 using k_2 over (7014826 <= k <= 7014926), with index condition: (sbtest2.k between 7014826 and 7014926)  (cost=46.2 rows=102)


table 3 : explain SELECT k, c FROM sbtest3 WHERE k BETWEEN 7014826 AND 7014926
	-> Index range scan on sbtest3 using k_3 over (7014826 <= k <= 7014926), with index condition: (sbtest3.k between 7014826 and 7014926)  (cost=52 rows=115)


table 4 : explain SELECT k, c FROM sbtest4 WHERE k BETWEEN 7014826 AND 7014926
	-> Index range scan on sbtest4 using k_4 over (7014826 <= k <= 7014926), with index condition: (sbtest4.k between 7014826 and 7014926)  (cost=42.6 rows=94)


table 5 : explain SELECT k, c FROM sbtest5 WHERE k BETWEEN 7014826 AND 7014926
	-> Index range scan on sbtest5 using k_5 over (7014826 <= k <= 7014926), with index condition: (sbtest5.k between 7014826 and 7014926)  (cost=48 rows=106)


table 6 : explain SELECT k, c FROM sbtest6 WHERE k BETWEEN 7014826 AND 7014926
	-> Index range scan on sbtest6 using k_6 over (7014826 <= k <= 7014926), with index condition: (sbtest6.k between 7014826 and 7014926)  (cost=45.7 rows=101)


table 7 : explain SELECT k, c FROM sbtest7 WHERE k BETWEEN 7014826 AND 7014926
	-> Index range scan on sbtest7 using k_7 over (7014826 <= k <= 7014926), with index condition: (sbtest7.k between 7014826 and 7014926)  (cost=45.3 rows=100)


table 8 : explain SELECT k, c FROM sbtest8 WHERE k BETWEEN 7014826 AND 7014926
	-> Index range scan on sbtest8 using k_8 over (7014826 <= k <= 7014926), with index condition: (sbtest8.k between 7014826 and 7014926)  (cost=46.2 rows=102)

explain: for range-notcovered :: explain SELECT k, c FROM sbtest%d WHERE k BETWEEN 5561744 AND 5561844
explain: for range-notcovered :: explain SELECT k, c FROM sbtest%d WHERE k BETWEEN 5335326 AND 5335426
explain: for range-notcovered :: explain SELECT k, c FROM sbtest%d WHERE k BETWEEN 6037781 AND 6037881
for range-notcovered
table 1 : explain SELECT k, c FROM sbtest1 WHERE k BETWEEN 2584412 AND 2584512
	-> Index range scan on sbtest1 using k_1 over (2584412 <= k <= 2584512), with index condition: (sbtest1.k between 2584412 and 2584512)  (cost=57.9 rows=128)


table 2 : explain SELECT k, c FROM sbtest2 WHERE k BETWEEN 2584412 AND 2584512
	-> Index range scan on sbtest2 using k_2 over (2584412 <= k <= 2584512), with index condition: (sbtest2.k between 2584412 and 2584512)  (cost=40.3 rows=89)


table 3 : explain SELECT k, c FROM sbtest3 WHERE k BETWEEN 2584412 AND 2584512
	-> Index range scan on sbtest3 using k_3 over (2584412 <= k <= 2584512), with index condition: (sbtest3.k between 2584412 and 2584512)  (cost=38.5 rows=85)


table 4 : explain SELECT k, c FROM sbtest4 WHERE k BETWEEN 2584412 AND 2584512
	-> Index range scan on sbtest4 using k_4 over (2584412 <= k <= 2584512), with index condition: (sbtest4.k between 2584412 and 2584512)  (cost=48.4 rows=107)


table 5 : explain SELECT k, c FROM sbtest5 WHERE k BETWEEN 2584412 AND 2584512
	-> Index range scan on sbtest5 using k_5 over (2584412 <= k <= 2584512), with index condition: (sbtest5.k between 2584412 and 2584512)  (cost=52 rows=115)


table 6 : explain SELECT k, c FROM sbtest6 WHERE k BETWEEN 2584412 AND 2584512
	-> Index range scan on sbtest6 using k_6 over (2584412 <= k <= 2584512), with index condition: (sbtest6.k between 2584412 and 2584512)  (cost=51.1 rows=113)


table 7 : explain SELECT k, c FROM sbtest7 WHERE k BETWEEN 2584412 AND 2584512
	-> Index range scan on sbtest7 using k_7 over (2584412 <= k <= 2584512), with index condition: (sbtest7.k between 2584412 and 2584512)  (cost=40.8 rows=90)


table 8 : explain SELECT k, c FROM sbtest8 WHERE k BETWEEN 2584412 AND 2584512
	-> Index range scan on sbtest8 using k_8 over (2584412 <= k <= 2584512), with index condition: (sbtest8.k between 2584412 and 2584512)  (cost=52.9 rows=117)


for range-notcovered
table 1 : explain SELECT k, c FROM sbtest1 WHERE k BETWEEN 6955538 AND 6955638
	-> Index range scan on sbtest1 using k_1 over (6955538 <= k <= 6955638), with index condition: (sbtest1.k between 6955538 and 6955638)  (cost=39.9 rows=88)


table 2 : explain SELECT k, c FROM sbtest2 WHERE k BETWEEN 6955538 AND 6955638
	-> Index range scan on sbtest2 using k_2 over (6955538 <= k <= 6955638), with index condition: (sbtest2.k between 6955538 and 6955638)  (cost=47.5 rows=105)


table 3 : explain SELECT k, c FROM sbtest3 WHERE k BETWEEN 6955538 AND 6955638
	-> Index range scan on sbtest3 using k_3 over (6955538 <= k <= 6955638), with index condition: (sbtest3.k between 6955538 and 6955638)  (cost=49.3 rows=109)


table 4 : explain SELECT k, c FROM sbtest4 WHERE k BETWEEN 6955538 AND 6955638
	-> Index range scan on sbtest4 using k_4 over (6955538 <= k <= 6955638), with index condition: (sbtest4.k between 6955538 and 6955638)  (cost=51.1 rows=113)


table 5 : explain SELECT k, c FROM sbtest5 WHERE k BETWEEN 6955538 AND 6955638
	-> Index range scan on sbtest5 using k_5 over (6955538 <= k <= 6955638), with index condition: (sbtest5.k between 6955538 and 6955638)  (cost=50.2 rows=111)


table 6 : explain SELECT k, c FROM sbtest6 WHERE k BETWEEN 6955538 AND 6955638
	-> Index range scan on sbtest6 using k_6 over (6955538 <= k <= 6955638), with index condition: (sbtest6.k between 6955538 and 6955638)  (cost=44.4 rows=98)


table 7 : explain SELECT k, c FROM sbtest7 WHERE k BETWEEN 6955538 AND 6955638
	-> Index range scan on sbtest7 using k_7 over (6955538 <= k <= 6955638), with index condition: (sbtest7.k between 6955538 and 6955638)  (cost=42.1 rows=93)


table 8 : explain SELECT k, c FROM sbtest8 WHERE k BETWEEN 6955538 AND 6955638
	-> Index range scan on sbtest8 using k_8 over (6955538 <= k <= 6955638), with index condition: (sbtest8.k between 6955538 and 6955638)  (cost=47.5 rows=105)


for range-notcovered
table 1 : explain SELECT k, c FROM sbtest1 WHERE k BETWEEN 5266661 AND 5266761
	-> Index range scan on sbtest1 using k_1 over (5266661 <= k <= 5266761), with index condition: (sbtest1.k between 5266661 and 5266761)  (cost=50.7 rows=112)


table 2 : explain SELECT k, c FROM sbtest2 WHERE k BETWEEN 5266661 AND 5266761
	-> Index range scan on sbtest2 using k_2 over (5266661 <= k <= 5266761), with index condition: (sbtest2.k between 5266661 and 5266761)  (cost=44.8 rows=99)


table 3 : explain SELECT k, c FROM sbtest3 WHERE k BETWEEN 5266661 AND 5266761
	-> Index range scan on sbtest3 using k_3 over (5266661 <= k <= 5266761), with index condition: (sbtest3.k between 5266661 and 5266761)  (cost=53.4 rows=118)


table 4 : explain SELECT k, c FROM sbtest4 WHERE k BETWEEN 5266661 AND 5266761
	-> Index range scan on sbtest4 using k_4 over (5266661 <= k <= 5266761), with index condition: (sbtest4.k between 5266661 and 5266761)  (cost=41.7 rows=92)


table 5 : explain SELECT k, c FROM sbtest5 WHERE k BETWEEN 5266661 AND 5266761
	-> Index range scan on sbtest5 using k_5 over (5266661 <= k <= 5266761), with index condition: (sbtest5.k between 5266661 and 5266761)  (cost=44.8 rows=99)


table 6 : explain SELECT k, c FROM sbtest6 WHERE k BETWEEN 5266661 AND 5266761
	-> Index range scan on sbtest6 using k_6 over (5266661 <= k <= 5266761), with index condition: (sbtest6.k between 5266661 and 5266761)  (cost=45.7 rows=101)


table 7 : explain SELECT k, c FROM sbtest7 WHERE k BETWEEN 5266661 AND 5266761
	-> Index range scan on sbtest7 using k_7 over (5266661 <= k <= 5266761), with index condition: (sbtest7.k between 5266661 and 5266761)  (cost=42.1 rows=93)


table 8 : explain SELECT k, c FROM sbtest8 WHERE k BETWEEN 5266661 AND 5266761
	-> Index range scan on sbtest8 using k_8 over (5266661 <= k <= 5266761), with index condition: (sbtest8.k between 5266661 and 5266761)  (cost=45.3 rows=100)


for range-notcovered
table 1 : explain SELECT k, c FROM sbtest1 WHERE k BETWEEN 5941719 AND 5941819
	-> Index range scan on sbtest1 using k_1 over (5941719 <= k <= 5941819), with index condition: (sbtest1.k between 5941719 and 5941819)  (cost=48.4 rows=107)


table 2 : explain SELECT k, c FROM sbtest2 WHERE k BETWEEN 5941719 AND 5941819
	-> Index range scan on sbtest2 using k_2 over (5941719 <= k <= 5941819), with index condition: (sbtest2.k between 5941719 and 5941819)  (cost=41.7 rows=92)


table 3 : explain SELECT k, c FROM sbtest3 WHERE k BETWEEN 5941719 AND 5941819
	-> Index range scan on sbtest3 using k_3 over (5941719 <= k <= 5941819), with index condition: (sbtest3.k between 5941719 and 5941819)  (cost=45.7 rows=101)


table 4 : explain SELECT k, c FROM sbtest4 WHERE k BETWEEN 5941719 AND 5941819
	-> Index range scan on sbtest4 using k_4 over (5941719 <= k <= 5941819), with index condition: (sbtest4.k between 5941719 and 5941819)  (cost=44.4 rows=98)


table 5 : explain SELECT k, c FROM sbtest5 WHERE k BETWEEN 5941719 AND 5941819
	-> Index range scan on sbtest5 using k_5 over (5941719 <= k <= 5941819), with index condition: (sbtest5.k between 5941719 and 5941819)  (cost=48.4 rows=107)


table 6 : explain SELECT k, c FROM sbtest6 WHERE k BETWEEN 5941719 AND 5941819
	-> Index range scan on sbtest6 using k_6 over (5941719 <= k <= 5941819), with index condition: (sbtest6.k between 5941719 and 5941819)  (cost=43.5 rows=96)


table 7 : explain SELECT k, c FROM sbtest7 WHERE k BETWEEN 5941719 AND 5941819
	-> Index range scan on sbtest7 using k_7 over (5941719 <= k <= 5941819), with index condition: (sbtest7.k between 5941719 and 5941819)  (cost=47.1 rows=104)


table 8 : explain SELECT k, c FROM sbtest8 WHERE k BETWEEN 5941719 AND 5941819
	-> Index range scan on sbtest8 using k_8 over (5941719 <= k <= 5941819), with index condition: (sbtest8.k between 5941719 and 5941819)  (cost=46.6 rows=103)


explain: for range-notcovered :: explain SELECT k, c FROM sbtest%d WHERE k BETWEEN 909953 AND 910053

for range-notcovered
table 1 : explain SELECT k, c FROM sbtest1 WHERE k BETWEEN 5322439 AND 5322539
	-> Index range scan on sbtest1 using k_1 over (5322439 <= k <= 5322539), with index condition: (sbtest1.k between 5322439 and 5322539)  (cost=43.9 rows=97)


table 2 : explain SELECT k, c FROM sbtest2 WHERE k BETWEEN 5322439 AND 5322539
	-> Index range scan on sbtest2 using k_2 over (5322439 <= k <= 5322539), with index condition: (sbtest2.k between 5322439 and 5322539)  (cost=40.3 rows=89)


table 3 : explain SELECT k, c FROM sbtest3 WHERE k BETWEEN 5322439 AND 5322539
	-> Index range scan on sbtest3 using k_3 over (5322439 <= k <= 5322539), with index condition: (sbtest3.k between 5322439 and 5322539)  (cost=38.1 rows=84)


table 4 : explain SELECT k, c FROM sbtest4 WHERE k BETWEEN 5322439 AND 5322539
	-> Index range scan on sbtest4 using k_4 over (5322439 <= k <= 5322539), with index condition: (sbtest4.k between 5322439 and 5322539)  (cost=51.6 rows=114)


table 5 : explain SELECT k, c FROM sbtest5 WHERE k BETWEEN 5322439 AND 5322539
	-> Index range scan on sbtest5 using k_5 over (5322439 <= k <= 5322539), with index condition: (sbtest5.k between 5322439 and 5322539)  (cost=37.6 rows=83)


table 6 : explain SELECT k, c FROM sbtest6 WHERE k BETWEEN 5322439 AND 5322539
	-> Index range scan on sbtest6 using k_6 over (5322439 <= k <= 5322539), with index condition: (sbtest6.k between 5322439 and 5322539)  (cost=48.4 rows=107)


table 7 : explain SELECT k, c FROM sbtest7 WHERE k BETWEEN 5322439 AND 5322539
	-> Index range scan on sbtest7 using k_7 over (5322439 <= k <= 5322539), with index condition: (sbtest7.k between 5322439 and 5322539)  (cost=46.6 rows=103)


table 8 : explain SELECT k, c FROM sbtest8 WHERE k BETWEEN 5322439 AND 5322539
	-> Index range scan on sbtest8 using k_8 over (5322439 <= k <= 5322539), with index condition: (sbtest8.k between 5322439 and 5322539)  (cost=46.6 rows=103)



for range-notcovered
table 1 : explain SELECT k, c FROM sbtest1 WHERE k BETWEEN 6047958 AND 6048058
	-> Index range scan on sbtest1 using k_1 over (6047958 <= k <= 6048058), with index condition: (sbtest1.k between 6047958 and 6048058)  (cost=43.5 rows=96)


table 2 : explain SELECT k, c FROM sbtest2 WHERE k BETWEEN 6047958 AND 6048058
	-> Index range scan on sbtest2 using k_2 over (6047958 <= k <= 6048058), with index condition: (sbtest2.k between 6047958 and 6048058)  (cost=37.2 rows=82)


table 3 : explain SELECT k, c FROM sbtest3 WHERE k BETWEEN 6047958 AND 6048058
	-> Index range scan on sbtest3 using k_3 over (6047958 <= k <= 6048058), with index condition: (sbtest3.k between 6047958 and 6048058)  (cost=46.2 rows=102)


table 4 : explain SELECT k, c FROM sbtest4 WHERE k BETWEEN 6047958 AND 6048058
	-> Index range scan on sbtest4 using k_4 over (6047958 <= k <= 6048058), with index condition: (sbtest4.k between 6047958 and 6048058)  (cost=48.9 rows=108)


table 5 : explain SELECT k, c FROM sbtest5 WHERE k BETWEEN 6047958 AND 6048058
	-> Index range scan on sbtest5 using k_5 over (6047958 <= k <= 6048058), with index condition: (sbtest5.k between 6047958 and 6048058)  (cost=42.1 rows=93)


table 6 : explain SELECT k, c FROM sbtest6 WHERE k BETWEEN 6047958 AND 6048058
	-> Index range scan on sbtest6 using k_6 over (6047958 <= k <= 6048058), with index condition: (sbtest6.k between 6047958 and 6048058)  (cost=40.3 rows=89)


table 7 : explain SELECT k, c FROM sbtest7 WHERE k BETWEEN 6047958 AND 6048058
	-> Index range scan on sbtest7 using k_7 over (6047958 <= k <= 6048058), with index condition: (sbtest7.k between 6047958 and 6048058)  (cost=50.2 rows=111)


table 8 : explain SELECT k, c FROM sbtest8 WHERE k BETWEEN 6047958 AND 6048058
	-> Index range scan on sbtest8 using k_8 over (6047958 <= k <= 6048058), with index condition: (sbtest8.k between 6047958 and 6048058)  (cost=38.5 rows=85)


explain: for range-notcovered :: explain SELECT k, c FROM sbtest%d WHERE k BETWEEN 6955538 AND 6955638
explain: for range-notcovered :: explain SELECT k, c FROM sbtest%d WHERE k BETWEEN 9009088 AND 9009188
for range-notcovered
table 1 : explain SELECT k, c FROM sbtest1 WHERE k BETWEEN 8996302 AND 8996402
	-> Index range scan on sbtest1 using k_1 over (8996302 <= k <= 8996402), with index condition: (sbtest1.k between 8996302 and 8996402)  (cost=40.3 rows=89)


table 2 : explain SELECT k, c FROM sbtest2 WHERE k BETWEEN 8996302 AND 8996402
	-> Index range scan on sbtest2 using k_2 over (8996302 <= k <= 8996402), with index condition: (sbtest2.k between 8996302 and 8996402)  (cost=50.7 rows=112)


table 3 : explain SELECT k, c FROM sbtest3 WHERE k BETWEEN 8996302 AND 8996402
	-> Index range scan on sbtest3 using k_3 over (8996302 <= k <= 8996402), with index condition: (sbtest3.k between 8996302 and 8996402)  (cost=48.9 rows=108)


table 4 : explain SELECT k, c FROM sbtest4 WHERE k BETWEEN 8996302 AND 8996402
	-> Index range scan on sbtest4 using k_4 over (8996302 <= k <= 8996402), with index condition: (sbtest4.k between 8996302 and 8996402)  (cost=42.6 rows=94)


table 5 : explain SELECT k, c FROM sbtest5 WHERE k BETWEEN 8996302 AND 8996402
	-> Index range scan on sbtest5 using k_5 over (8996302 <= k <= 8996402), with index condition: (sbtest5.k between 8996302 and 8996402)  (cost=46.6 rows=103)


table 6 : explain SELECT k, c FROM sbtest6 WHERE k BETWEEN 8996302 AND 8996402
	-> Index range scan on sbtest6 using k_6 over (8996302 <= k <= 8996402), with index condition: (sbtest6.k between 8996302 and 8996402)  (cost=48.4 rows=107)


table 7 : explain SELECT k, c FROM sbtest7 WHERE k BETWEEN 8996302 AND 8996402
	-> Index range scan on sbtest7 using k_7 over (8996302 <= k <= 8996402), with index condition: (sbtest7.k between 8996302 and 8996402)  (cost=48.9 rows=108)


table 8 : explain SELECT k, c FROM sbtest8 WHERE k BETWEEN 8996302 AND 8996402
	-> Index range scan on sbtest8 using k_8 over (8996302 <= k <= 8996402), with index condition: (sbtest8.k between 8996302 and 8996402)  (cost=41.2 rows=91)


for range-notcovered
table 1 : explain SELECT k, c FROM sbtest1 WHERE k BETWEEN 3500666 AND 3500766
	-> Index range scan on sbtest1 using k_1 over (3500666 <= k <= 3500766), with index condition: (sbtest1.k between 3500666 and 3500766)  (cost=48.4 rows=107)


table 2 : explain SELECT k, c FROM sbtest2 WHERE k BETWEEN 3500666 AND 3500766
	-> Index range scan on sbtest2 using k_2 over (3500666 <= k <= 3500766), with index condition: (sbtest2.k between 3500666 and 3500766)  (cost=50.2 rows=111)


table 3 : explain SELECT k, c FROM sbtest3 WHERE k BETWEEN 3500666 AND 3500766
	-> Index range scan on sbtest3 using k_3 over (3500666 <= k <= 3500766), with index condition: (sbtest3.k between 3500666 and 3500766)  (cost=42.6 rows=94)


table 4 : explain SELECT k, c FROM sbtest4 WHERE k BETWEEN 3500666 AND 3500766
	-> Index range scan on sbtest4 using k_4 over (3500666 <= k <= 3500766), with index condition: (sbtest4.k between 3500666 and 3500766)  (cost=43.5 rows=96)


table 5 : explain SELECT k, c FROM sbtest5 WHERE k BETWEEN 3500666 AND 3500766
	-> Index range scan on sbtest5 using k_5 over (3500666 <= k <= 3500766), with index condition: (sbtest5.k between 3500666 and 3500766)  (cost=44.8 rows=99)


table 6 : explain SELECT k, c FROM sbtest6 WHERE k BETWEEN 3500666 AND 3500766
	-> Index range scan on sbtest6 using k_6 over (3500666 <= k <= 3500766), with index condition: (sbtest6.k between 3500666 and 3500766)  (cost=56.5 rows=125)


table 7 : explain SELECT k, c FROM sbtest7 WHERE k BETWEEN 3500666 AND 3500766
	-> Index range scan on sbtest7 using k_7 over (3500666 <= k <= 3500766), with index condition: (sbtest7.k between 3500666 and 3500766)  (cost=42.1 rows=93)


table 8 : explain SELECT k, c FROM sbtest8 WHERE k BETWEEN 3500666 AND 3500766
	-> Index range scan on sbtest8 using k_8 over (3500666 <= k <= 3500766), with index condition: (sbtest8.k between 3500666 and 3500766)  (cost=38.5 rows=85)

explain: for range-notcovered :: explain SELECT k, c FROM sbtest%d WHERE k BETWEEN 5322439 AND 5322539explain: for range-notcovered :: explain SELECT k, c FROM sbtest%d WHERE k BETWEEN 2584412 AND 2584512explain: for range-notcovered :: explain SELECT k, c FROM sbtest%d WHERE k BETWEEN 4178071 AND 4178171for range-notcovered
table 1 : explain SELECT k, c FROM sbtest1 WHERE k BETWEEN 1233980 AND 1234080
	-> Index range scan on sbtest1 using k_1 over (1233980 <= k <= 1234080), with index condition: (sbtest1.k between 1233980 and 1234080)  (cost=48 rows=106)


table 2 : explain SELECT k, c FROM sbtest2 WHERE k BETWEEN 1233980 AND 1234080
	-> Index range scan on sbtest2 using k_2 over (1233980 <= k <= 1234080), with index condition: (sbtest2.k between 1233980 and 1234080)  (cost=46.2 rows=102)


table 3 : explain SELECT k, c FROM sbtest3 WHERE k BETWEEN 1233980 AND 1234080
	-> Index range scan on sbtest3 using k_3 over (1233980 <= k <= 1234080), with index condition: (sbtest3.k between 1233980 and 1234080)  (cost=45.3 rows=100)


table 4 : explain SELECT k, c FROM sbtest4 WHERE k BETWEEN 1233980 AND 1234080
	-> Index range scan on sbtest4 using k_4 over (1233980 <= k <= 1234080), with index condition: (sbtest4.k between 1233980 and 1234080)  (cost=48.9 rows=108)


table 5 : explain SELECT k, c FROM sbtest5 WHERE k BETWEEN 1233980 AND 1234080
	-> Index range scan on sbtest5 using k_5 over (1233980 <= k <= 1234080), with index condition: (sbtest5.k between 1233980 and 1234080)  (cost=37.2 rows=82)


table 6 : explain SELECT k, c FROM sbtest6 WHERE k BETWEEN 1233980 AND 1234080
	-> Index range scan on sbtest6 using k_6 over (1233980 <= k <= 1234080), with index condition: (sbtest6.k between 1233980 and 1234080)  (cost=55.2 rows=122)


table 7 : explain SELECT k, c FROM sbtest7 WHERE k BETWEEN 1233980 AND 1234080
	-> Index range scan on sbtest7 using k_7 over (1233980 <= k <= 1234080), with index condition: (sbtest7.k between 1233980 and 1234080)  (cost=47.1 rows=104)


table 8 : explain SELECT k, c FROM sbtest8 WHERE k BETWEEN 1233980 AND 1234080
	-> Index range scan on sbtest8 using k_8 over (1233980 <= k <= 1234080), with index condition: (sbtest8.k between 1233980 and 1234080)  (cost=49.3 rows=109)


explain: for range-notcovered :: explain SELECT k, c FROM sbtest%d WHERE k BETWEEN 5941719 AND 5941819
explain: for range-notcovered :: explain SELECT k, c FROM sbtest%d WHERE k BETWEEN 7014826 AND 7014926


explain: for range-notcovered :: explain SELECT k, c FROM sbtest%d WHERE k BETWEEN 6047958 AND 6048058
for range-notcovered
table 1 : explain SELECT k, c FROM sbtest1 WHERE k BETWEEN 2655227 AND 2655327
	-> Index range scan on sbtest1 using k_1 over (2655227 <= k <= 2655327), with index condition: (sbtest1.k between 2655227 and 2655327)  (cost=42.1 rows=93)


table 2 : explain SELECT k, c FROM sbtest2 WHERE k BETWEEN 2655227 AND 2655327
	-> Index range scan on sbtest2 using k_2 over (2655227 <= k <= 2655327), with index condition: (sbtest2.k between 2655227 and 2655327)  (cost=43 rows=95)


table 3 : explain SELECT k, c FROM sbtest3 WHERE k BETWEEN 2655227 AND 2655327
	-> Index range scan on sbtest3 using k_3 over (2655227 <= k <= 2655327), with index condition: (sbtest3.k between 2655227 and 2655327)  (cost=48 rows=106)


table 4 : explain SELECT k, c FROM sbtest4 WHERE k BETWEEN 2655227 AND 2655327
	-> Index range scan on sbtest4 using k_4 over (2655227 <= k <= 2655327), with index condition: (sbtest4.k between 2655227 and 2655327)  (cost=47.1 rows=104)


table 5 : explain SELECT k, c FROM sbtest5 WHERE k BETWEEN 2655227 AND 2655327
	-> Index range scan on sbtest5 using k_5 over (2655227 <= k <= 2655327), with index condition: (sbtest5.k between 2655227 and 2655327)  (cost=41.7 rows=92)


table 6 : explain SELECT k, c FROM sbtest6 WHERE k BETWEEN 2655227 AND 2655327
	-> Index range scan on sbtest6 using k_6 over (2655227 <= k <= 2655327), with index condition: (sbtest6.k between 2655227 and 2655327)  (cost=41.7 rows=92)


table 7 : explain SELECT k, c FROM sbtest7 WHERE k BETWEEN 2655227 AND 2655327
	-> Index range scan on sbtest7 using k_7 over (2655227 <= k <= 2655327), with index condition: (sbtest7.k between 2655227 and 2655327)  (cost=44.8 rows=99)


table 8 : explain SELECT k, c FROM sbtest8 WHERE k BETWEEN 2655227 AND 2655327
	-> Index range scan on sbtest8 using k_8 over (2655227 <= k <= 2655327), with index condition: (sbtest8.k between 2655227 and 2655327)  (cost=47.5 rows=105)

explain: for range-notcovered :: explain SELECT k, c FROM sbtest%d WHERE k BETWEEN 6302321 AND 6302421
explain: for range-notcovered :: explain SELECT k, c FROM sbtest%d WHERE k BETWEEN 5266661 AND 5266761

explain: for range-notcovered :: explain SELECT k, c FROM sbtest%d WHERE k BETWEEN 1233980 AND 1234080
for range-notcovered
table 1 : explain SELECT k, c FROM sbtest1 WHERE k BETWEEN 6594167 AND 6594267
	-> Index range scan on sbtest1 using k_1 over (6594167 <= k <= 6594267), with index condition: (sbtest1.k between 6594167 and 6594267)  (cost=46.6 rows=103)


table 2 : explain SELECT k, c FROM sbtest2 WHERE k BETWEEN 6594167 AND 6594267
	-> Index range scan on sbtest2 using k_2 over (6594167 <= k <= 6594267), with index condition: (sbtest2.k between 6594167 and 6594267)  (cost=44.4 rows=98)


table 3 : explain SELECT k, c FROM sbtest3 WHERE k BETWEEN 6594167 AND 6594267
	-> Index range scan on sbtest3 using k_3 over (6594167 <= k <= 6594267), with index condition: (sbtest3.k between 6594167 and 6594267)  (cost=45.7 rows=101)


table 4 : explain SELECT k, c FROM sbtest4 WHERE k BETWEEN 6594167 AND 6594267
	-> Index range scan on sbtest4 using k_4 over (6594167 <= k <= 6594267), with index condition: (sbtest4.k between 6594167 and 6594267)  (cost=40.3 rows=89)


table 5 : explain SELECT k, c FROM sbtest5 WHERE k BETWEEN 6594167 AND 6594267
	-> Index range scan on sbtest5 using k_5 over (6594167 <= k <= 6594267), with index condition: (sbtest5.k between 6594167 and 6594267)  (cost=41.2 rows=91)


table 6 : explain SELECT k, c FROM sbtest6 WHERE k BETWEEN 6594167 AND 6594267
	-> Index range scan on sbtest6 using k_6 over (6594167 <= k <= 6594267), with index condition: (sbtest6.k between 6594167 and 6594267)  (cost=45.7 rows=101)


table 7 : explain SELECT k, c FROM sbtest7 WHERE k BETWEEN 6594167 AND 6594267
	-> Index range scan on sbtest7 using k_7 over (6594167 <= k <= 6594267), with index condition: (sbtest7.k between 6594167 and 6594267)  (cost=43.9 rows=97)


table 8 : explain SELECT k, c FROM sbtest8 WHERE k BETWEEN 6594167 AND 6594267
	-> Index range scan on sbtest8 using k_8 over (6594167 <= k <= 6594267), with index condition: (sbtest8.k between 6594167 and 6594267)  (cost=50.7 rows=112)



explain: for range-notcovered :: explain SELECT k, c FROM sbtest%d WHERE k BETWEEN 3500666 AND 3500766explain: for range-notcovered :: explain SELECT k, c FROM sbtest%d WHERE k BETWEEN 8996302 AND 8996402
for range-notcovered
table 1 : explain SELECT k, c FROM sbtest1 WHERE k BETWEEN 4784591 AND 4784691
	-> Index range scan on sbtest1 using k_1 over (4784591 <= k <= 4784691), with index condition: (sbtest1.k between 4784591 and 4784691)  (cost=43.5 rows=96)


table 2 : explain SELECT k, c FROM sbtest2 WHERE k BETWEEN 4784591 AND 4784691
	-> Index range scan on sbtest2 using k_2 over (4784591 <= k <= 4784691), with index condition: (sbtest2.k between 4784591 and 4784691)  (cost=52.9 rows=117)


table 3 : explain SELECT k, c FROM sbtest3 WHERE k BETWEEN 4784591 AND 4784691
	-> Index range scan on sbtest3 using k_3 over (4784591 <= k <= 4784691), with index condition: (sbtest3.k between 4784591 and 4784691)  (cost=42.1 rows=93)


table 4 : explain SELECT k, c FROM sbtest4 WHERE k BETWEEN 4784591 AND 4784691
	-> Index range scan on sbtest4 using k_4 over (4784591 <= k <= 4784691), with index condition: (sbtest4.k between 4784591 and 4784691)  (cost=44.4 rows=98)


table 5 : explain SELECT k, c FROM sbtest5 WHERE k BETWEEN 4784591 AND 4784691
	-> Index range scan on sbtest5 using k_5 over (4784591 <= k <= 4784691), with index condition: (sbtest5.k between 4784591 and 4784691)  (cost=39.4 rows=87)


table 6 : explain SELECT k, c FROM sbtest6 WHERE k BETWEEN 4784591 AND 4784691
	-> Index range scan on sbtest6 using k_6 over (4784591 <= k <= 4784691), with index condition: (sbtest6.k between 4784591 and 4784691)  (cost=48.4 rows=107)


table 7 : explain SELECT k, c FROM sbtest7 WHERE k BETWEEN 4784591 AND 4784691
	-> Index range scan on sbtest7 using k_7 over (4784591 <= k <= 4784691), with index condition: (sbtest7.k between 4784591 and 4784691)  (cost=48 rows=106)


table 8 : explain SELECT k, c FROM sbtest8 WHERE k BETWEEN 4784591 AND 4784691
	-> Index range scan on sbtest8 using k_8 over (4784591 <= k <= 4784691), with index condition: (sbtest8.k between 4784591 and 4784691)  (cost=42.6 rows=94)


for range-notcovered
table 1 : explain SELECT k, c FROM sbtest1 WHERE k BETWEEN 6920643 AND 6920743
	-> Index range scan on sbtest1 using k_1 over (6920643 <= k <= 6920743), with index condition: (sbtest1.k between 6920643 and 6920743)  (cost=40.3 rows=89)


table 2 : explain SELECT k, c FROM sbtest2 WHERE k BETWEEN 6920643 AND 6920743
	-> Index range scan on sbtest2 using k_2 over (6920643 <= k <= 6920743), with index condition: (sbtest2.k between 6920643 and 6920743)  (cost=45.3 rows=100)


table 3 : explain SELECT k, c FROM sbtest3 WHERE k BETWEEN 6920643 AND 6920743
	-> Index range scan on sbtest3 using k_3 over (6920643 <= k <= 6920743), with index condition: (sbtest3.k between 6920643 and 6920743)  (cost=46.2 rows=102)


table 4 : explain SELECT k, c FROM sbtest4 WHERE k BETWEEN 6920643 AND 6920743
	-> Index range scan on sbtest4 using k_4 over (6920643 <= k <= 6920743), with index condition: (sbtest4.k between 6920643 and 6920743)  (cost=44.8 rows=99)


table 5 : explain SELECT k, c FROM sbtest5 WHERE k BETWEEN 6920643 AND 6920743
	-> Index range scan on sbtest5 using k_5 over (6920643 <= k <= 6920743), with index condition: (sbtest5.k between 6920643 and 6920743)  (cost=46.6 rows=103)


table 6 : explain SELECT k, c FROM sbtest6 WHERE k BETWEEN 6920643 AND 6920743
	-> Index range scan on sbtest6 using k_6 over (6920643 <= k <= 6920743), with index condition: (sbtest6.k between 6920643 and 6920743)  (cost=39.9 rows=88)


table 7 : explain SELECT k, c FROM sbtest7 WHERE k BETWEEN 6920643 AND 6920743
	-> Index range scan on sbtest7 using k_7 over (6920643 <= k <= 6920743), with index condition: (sbtest7.k between 6920643 and 6920743)  (cost=47.1 rows=104)


table 8 : explain SELECT k, c FROM sbtest8 WHERE k BETWEEN 6920643 AND 6920743
	-> Index range scan on sbtest8 using k_8 over (6920643 <= k <= 6920743), with index condition: (sbtest8.k between 6920643 and 6920743)  (cost=57 rows=126)



explain: for range-notcovered :: explain SELECT k, c FROM sbtest%d WHERE k BETWEEN 6594167 AND 6594267
for range-notcovered
table 1 : explain SELECT k, c FROM sbtest1 WHERE k BETWEEN 3918349 AND 3918449
	-> Index range scan on sbtest1 using k_1 over (3918349 <= k <= 3918449), with index condition: (sbtest1.k between 3918349 and 3918449)  (cost=44.8 rows=99)


table 2 : explain SELECT k, c FROM sbtest2 WHERE k BETWEEN 3918349 AND 3918449
	-> Index range scan on sbtest2 using k_2 over (3918349 <= k <= 3918449), with index condition: (sbtest2.k between 3918349 and 3918449)  (cost=47.5 rows=105)


table 3 : explain SELECT k, c FROM sbtest3 WHERE k BETWEEN 3918349 AND 3918449
	-> Index range scan on sbtest3 using k_3 over (3918349 <= k <= 3918449), with index condition: (sbtest3.k between 3918349 and 3918449)  (cost=44.4 rows=98)


table 4 : explain SELECT k, c FROM sbtest4 WHERE k BETWEEN 3918349 AND 3918449
	-> Index range scan on sbtest4 using k_4 over (3918349 <= k <= 3918449), with index condition: (sbtest4.k between 3918349 and 3918449)  (cost=47.1 rows=104)


table 5 : explain SELECT k, c FROM sbtest5 WHERE k BETWEEN 3918349 AND 3918449
	-> Index range scan on sbtest5 using k_5 over (3918349 <= k <= 3918449), with index condition: (sbtest5.k between 3918349 and 3918449)  (cost=48 rows=106)


table 6 : explain SELECT k, c FROM sbtest6 WHERE k BETWEEN 3918349 AND 3918449
	-> Index range scan on sbtest6 using k_6 over (3918349 <= k <= 3918449), with index condition: (sbtest6.k between 3918349 and 3918449)  (cost=38.1 rows=84)


table 7 : explain SELECT k, c FROM sbtest7 WHERE k BETWEEN 3918349 AND 3918449
	-> Index range scan on sbtest7 using k_7 over (3918349 <= k <= 3918449), with index condition: (sbtest7.k between 3918349 and 3918449)  (cost=43 rows=95)


table 8 : explain SELECT k, c FROM sbtest8 WHERE k BETWEEN 3918349 AND 3918449
	-> Index range scan on sbtest8 using k_8 over (3918349 <= k <= 3918449), with index condition: (sbtest8.k between 3918349 and 3918449)  (cost=48.4 rows=107)

for range-notcovered
table 1 : explain SELECT k, c FROM sbtest1 WHERE k BETWEEN 2219702 AND 2219802
	-> Index range scan on sbtest1 using k_1 over (2219702 <= k <= 2219802), with index condition: (sbtest1.k between 2219702 and 2219802)  (cost=40.3 rows=89)


table 2 : explain SELECT k, c FROM sbtest2 WHERE k BETWEEN 2219702 AND 2219802
	-> Index range scan on sbtest2 using k_2 over (2219702 <= k <= 2219802), with index condition: (sbtest2.k between 2219702 and 2219802)  (cost=53.4 rows=118)


table 3 : explain SELECT k, c FROM sbtest3 WHERE k BETWEEN 2219702 AND 2219802
	-> Index range scan on sbtest3 using k_3 over (2219702 <= k <= 2219802), with index condition: (sbtest3.k between 2219702 and 2219802)  (cost=47.5 rows=105)


table 4 : explain SELECT k, c FROM sbtest4 WHERE k BETWEEN 2219702 AND 2219802
	-> Index range scan on sbtest4 using k_4 over (2219702 <= k <= 2219802), with index condition: (sbtest4.k between 2219702 and 2219802)  (cost=50.2 rows=111)


table 5 : explain SELECT k, c FROM sbtest5 WHERE k BETWEEN 2219702 AND 2219802
	-> Index range scan on sbtest5 using k_5 over (2219702 <= k <= 2219802), with index condition: (sbtest5.k between 2219702 and 2219802)  (cost=46.2 rows=102)


table 6 : explain SELECT k, c FROM sbtest6 WHERE k BETWEEN 2219702 AND 2219802
	-> Index range scan on sbtest6 using k_6 over (2219702 <= k <= 2219802), with index condition: (sbtest6.k between 2219702 and 2219802)  (cost=42.6 rows=94)


table 7 : explain SELECT k, c FROM sbtest7 WHERE k BETWEEN 2219702 AND 2219802
	-> Index range scan on sbtest7 using k_7 over (2219702 <= k <= 2219802), with index condition: (sbtest7.k between 2219702 and 2219802)  (cost=49.8 rows=110)


table 8 : explain SELECT k, c FROM sbtest8 WHERE k BETWEEN 2219702 AND 2219802
	-> Index range scan on sbtest8 using k_8 over (2219702 <= k <= 2219802), with index condition: (sbtest8.k between 2219702 and 2219802)  (cost=46.2 rows=102)




explain: for range-notcovered :: explain SELECT k, c FROM sbtest%d WHERE k BETWEEN 4784591 AND 4784691
for range-notcovered
table 1 : explain SELECT k, c FROM sbtest1 WHERE k BETWEEN 6458757 AND 6458857
	-> Index range scan on sbtest1 using k_1 over (6458757 <= k <= 6458857), with index condition: (sbtest1.k between 6458757 and 6458857)  (cost=43.9 rows=97)


table 2 : explain SELECT k, c FROM sbtest2 WHERE k BETWEEN 6458757 AND 6458857
	-> Index range scan on sbtest2 using k_2 over (6458757 <= k <= 6458857), with index condition: (sbtest2.k between 6458757 and 6458857)  (cost=51.1 rows=113)


table 3 : explain SELECT k, c FROM sbtest3 WHERE k BETWEEN 6458757 AND 6458857
	-> Index range scan on sbtest3 using k_3 over (6458757 <= k <= 6458857), with index condition: (sbtest3.k between 6458757 and 6458857)  (cost=46.2 rows=102)


table 4 : explain SELECT k, c FROM sbtest4 WHERE k BETWEEN 6458757 AND 6458857
	-> Index range scan on sbtest4 using k_4 over (6458757 <= k <= 6458857), with index condition: (sbtest4.k between 6458757 and 6458857)  (cost=43 rows=95)


table 5 : explain SELECT k, c FROM sbtest5 WHERE k BETWEEN 6458757 AND 6458857
	-> Index range scan on sbtest5 using k_5 over (6458757 <= k <= 6458857), with index condition: (sbtest5.k between 6458757 and 6458857)  (cost=40.8 rows=90)


table 6 : explain SELECT k, c FROM sbtest6 WHERE k BETWEEN 6458757 AND 6458857
	-> Index range scan on sbtest6 using k_6 over (6458757 <= k <= 6458857), with index condition: (sbtest6.k between 6458757 and 6458857)  (cost=39.9 rows=88)


table 7 : explain SELECT k, c FROM sbtest7 WHERE k BETWEEN 6458757 AND 6458857
	-> Index range scan on sbtest7 using k_7 over (6458757 <= k <= 6458857), with index condition: (sbtest7.k between 6458757 and 6458857)  (cost=54.7 rows=121)


table 8 : explain SELECT k, c FROM sbtest8 WHERE k BETWEEN 6458757 AND 6458857
	-> Index range scan on sbtest8 using k_8 over (6458757 <= k <= 6458857), with index condition: (sbtest8.k between 6458757 and 6458857)  (cost=42.1 rows=93)


explain: for range-notcovered :: explain SELECT k, c FROM sbtest%d WHERE k BETWEEN 6920643 AND 6920743explain: for range-notcovered :: explain SELECT k, c FROM sbtest%d WHERE k BETWEEN 2655227 AND 2655327for range-notcovered
table 1 : explain SELECT k, c FROM sbtest1 WHERE k BETWEEN 7571624 AND 7571724
	-> Index range scan on sbtest1 using k_1 over (7571624 <= k <= 7571724), with index condition: (sbtest1.k between 7571624 and 7571724)  (cost=45.7 rows=101)


table 2 : explain SELECT k, c FROM sbtest2 WHERE k BETWEEN 7571624 AND 7571724
	-> Index range scan on sbtest2 using k_2 over (7571624 <= k <= 7571724), with index condition: (sbtest2.k between 7571624 and 7571724)  (cost=49.8 rows=110)


table 3 : explain SELECT k, c FROM sbtest3 WHERE k BETWEEN 7571624 AND 7571724
	-> Index range scan on sbtest3 using k_3 over (7571624 <= k <= 7571724), with index condition: (sbtest3.k between 7571624 and 7571724)  (cost=40.3 rows=89)


table 4 : explain SELECT k, c FROM sbtest4 WHERE k BETWEEN 7571624 AND 7571724
	-> Index range scan on sbtest4 using k_4 over (7571624 <= k <= 7571724), with index condition: (sbtest4.k between 7571624 and 7571724)  (cost=48 rows=106)


table 5 : explain SELECT k, c FROM sbtest5 WHERE k BETWEEN 7571624 AND 7571724
	-> Index range scan on sbtest5 using k_5 over (7571624 <= k <= 7571724), with index condition: (sbtest5.k between 7571624 and 7571724)  (cost=49.3 rows=109)


table 6 : explain SELECT k, c FROM sbtest6 WHERE k BETWEEN 7571624 AND 7571724
	-> Index range scan on sbtest6 using k_6 over (7571624 <= k <= 7571724), with index condition: (sbtest6.k between 7571624 and 7571724)  (cost=49.3 rows=109)


table 7 : explain SELECT k, c FROM sbtest7 WHERE k BETWEEN 7571624 AND 7571724
	-> Index range scan on sbtest7 using k_7 over (7571624 <= k <= 7571724), with index condition: (sbtest7.k between 7571624 and 7571724)  (cost=41.2 rows=91)


table 8 : explain SELECT k, c FROM sbtest8 WHERE k BETWEEN 7571624 AND 7571724
	-> Index range scan on sbtest8 using k_8 over (7571624 <= k <= 7571724), with index condition: (sbtest8.k between 7571624 and 7571724)  (cost=44.4 rows=98)



explain: for range-notcovered :: explain SELECT k, c FROM sbtest%d WHERE k BETWEEN 2219702 AND 2219802

explain: for range-notcovered :: explain SELECT k, c FROM sbtest%d WHERE k BETWEEN 3918349 AND 3918449
explain: for range-notcovered :: explain SELECT k, c FROM sbtest%d WHERE k BETWEEN 6458757 AND 6458857
for range-notcovered
table 1 : explain SELECT k, c FROM sbtest1 WHERE k BETWEEN 5091041 AND 5091141
	-> Index range scan on sbtest1 using k_1 over (5091041 <= k <= 5091141), with index condition: (sbtest1.k between 5091041 and 5091141)  (cost=44.8 rows=99)


table 2 : explain SELECT k, c FROM sbtest2 WHERE k BETWEEN 5091041 AND 5091141
	-> Index range scan on sbtest2 using k_2 over (5091041 <= k <= 5091141), with index condition: (sbtest2.k between 5091041 and 5091141)  (cost=48 rows=106)


table 3 : explain SELECT k, c FROM sbtest3 WHERE k BETWEEN 5091041 AND 5091141
	-> Index range scan on sbtest3 using k_3 over (5091041 <= k <= 5091141), with index condition: (sbtest3.k between 5091041 and 5091141)  (cost=42.6 rows=94)


table 4 : explain SELECT k, c FROM sbtest4 WHERE k BETWEEN 5091041 AND 5091141
	-> Index range scan on sbtest4 using k_4 over (5091041 <= k <= 5091141), with index condition: (sbtest4.k between 5091041 and 5091141)  (cost=40.8 rows=90)


table 5 : explain SELECT k, c FROM sbtest5 WHERE k BETWEEN 5091041 AND 5091141
	-> Index range scan on sbtest5 using k_5 over (5091041 <= k <= 5091141), with index condition: (sbtest5.k between 5091041 and 5091141)  (cost=44.4 rows=98)


table 6 : explain SELECT k, c FROM sbtest6 WHERE k BETWEEN 5091041 AND 5091141
	-> Index range scan on sbtest6 using k_6 over (5091041 <= k <= 5091141), with index condition: (sbtest6.k between 5091041 and 5091141)  (cost=48.4 rows=107)


table 7 : explain SELECT k, c FROM sbtest7 WHERE k BETWEEN 5091041 AND 5091141
	-> Index range scan on sbtest7 using k_7 over (5091041 <= k <= 5091141), with index condition: (sbtest7.k between 5091041 and 5091141)  (cost=43.5 rows=96)


table 8 : explain SELECT k, c FROM sbtest8 WHERE k BETWEEN 5091041 AND 5091141
	-> Index range scan on sbtest8 using k_8 over (5091041 <= k <= 5091141), with index condition: (sbtest8.k between 5091041 and 5091141)  (cost=42.1 rows=93)


for range-notcovered
table 1 : explain SELECT k, c FROM sbtest1 WHERE k BETWEEN 3016335 AND 3016435
	-> Index range scan on sbtest1 using k_1 over (3016335 <= k <= 3016435), with index condition: (sbtest1.k between 3016335 and 3016435)  (cost=38.1 rows=84)


table 2 : explain SELECT k, c FROM sbtest2 WHERE k BETWEEN 3016335 AND 3016435
	-> Index range scan on sbtest2 using k_2 over (3016335 <= k <= 3016435), with index condition: (sbtest2.k between 3016335 and 3016435)  (cost=43 rows=95)


table 3 : explain SELECT k, c FROM sbtest3 WHERE k BETWEEN 3016335 AND 3016435
	-> Index range scan on sbtest3 using k_3 over (3016335 <= k <= 3016435), with index condition: (sbtest3.k between 3016335 and 3016435)  (cost=38.1 rows=84)


table 4 : explain SELECT k, c FROM sbtest4 WHERE k BETWEEN 3016335 AND 3016435
	-> Index range scan on sbtest4 using k_4 over (3016335 <= k <= 3016435), with index condition: (sbtest4.k between 3016335 and 3016435)  (cost=46.2 rows=102)


table 5 : explain SELECT k, c FROM sbtest5 WHERE k BETWEEN 3016335 AND 3016435
	-> Index range scan on sbtest5 using k_5 over (3016335 <= k <= 3016435), with index condition: (sbtest5.k between 3016335 and 3016435)  (cost=35.4 rows=78)


table 6 : explain SELECT k, c FROM sbtest6 WHERE k BETWEEN 3016335 AND 3016435
	-> Index range scan on sbtest6 using k_6 over (3016335 <= k <= 3016435), with index condition: (sbtest6.k between 3016335 and 3016435)  (cost=32.7 rows=72)


table 7 : explain SELECT k, c FROM sbtest7 WHERE k BETWEEN 3016335 AND 3016435
	-> Index range scan on sbtest7 using k_7 over (3016335 <= k <= 3016435), with index condition: (sbtest7.k between 3016335 and 3016435)  (cost=49.8 rows=110)


table 8 : explain SELECT k, c FROM sbtest8 WHERE k BETWEEN 3016335 AND 3016435
	-> Index range scan on sbtest8 using k_8 over (3016335 <= k <= 3016435), with index condition: (sbtest8.k between 3016335 and 3016435)  (cost=42.6 rows=94)


explain: for range-notcovered :: explain SELECT k, c FROM sbtest%d WHERE k BETWEEN 7571624 AND 7571724
for range-notcovered
table 1 : explain SELECT k, c FROM sbtest1 WHERE k BETWEEN 4143083 AND 4143183
	-> Index range scan on sbtest1 using k_1 over (4143083 <= k <= 4143183), with index condition: (sbtest1.k between 4143083 and 4143183)  (cost=46.6 rows=103)


table 2 : explain SELECT k, c FROM sbtest2 WHERE k BETWEEN 4143083 AND 4143183
	-> Index range scan on sbtest2 using k_2 over (4143083 <= k <= 4143183), with index condition: (sbtest2.k between 4143083 and 4143183)  (cost=37.6 rows=83)


table 3 : explain SELECT k, c FROM sbtest3 WHERE k BETWEEN 4143083 AND 4143183
	-> Index range scan on sbtest3 using k_3 over (4143083 <= k <= 4143183), with index condition: (sbtest3.k between 4143083 and 4143183)  (cost=46.6 rows=103)


table 4 : explain SELECT k, c FROM sbtest4 WHERE k BETWEEN 4143083 AND 4143183
	-> Index range scan on sbtest4 using k_4 over (4143083 <= k <= 4143183), with index condition: (sbtest4.k between 4143083 and 4143183)  (cost=49.3 rows=109)


table 5 : explain SELECT k, c FROM sbtest5 WHERE k BETWEEN 4143083 AND 4143183
	-> Index range scan on sbtest5 using k_5 over (4143083 <= k <= 4143183), with index condition: (sbtest5.k between 4143083 and 4143183)  (cost=56.1 rows=124)


table 6 : explain SELECT k, c FROM sbtest6 WHERE k BETWEEN 4143083 AND 4143183
	-> Index range scan on sbtest6 using k_6 over (4143083 <= k <= 4143183), with index condition: (sbtest6.k between 4143083 and 4143183)  (cost=48.9 rows=108)


table 7 : explain SELECT k, c FROM sbtest7 WHERE k BETWEEN 4143083 AND 4143183
	-> Index range scan on sbtest7 using k_7 over (4143083 <= k <= 4143183), with index condition: (sbtest7.k between 4143083 and 4143183)  (cost=43.5 rows=96)


table 8 : explain SELECT k, c FROM sbtest8 WHERE k BETWEEN 4143083 AND 4143183
	-> Index range scan on sbtest8 using k_8 over (4143083 <= k <= 4143183), with index condition: (sbtest8.k between 4143083 and 4143183)  (cost=43.5 rows=96)

for range-notcovered
table 1 : explain SELECT k, c FROM sbtest1 WHERE k BETWEEN 8503989 AND 8504089
	-> Index range scan on sbtest1 using k_1 over (8503989 <= k <= 8504089), with index condition: (sbtest1.k between 8503989 and 8504089)  (cost=48 rows=106)


table 2 : explain SELECT k, c FROM sbtest2 WHERE k BETWEEN 8503989 AND 8504089
	-> Index range scan on sbtest2 using k_2 over (8503989 <= k <= 8504089), with index condition: (sbtest2.k between 8503989 and 8504089)  (cost=48.4 rows=107)


table 3 : explain SELECT k, c FROM sbtest3 WHERE k BETWEEN 8503989 AND 8504089
	-> Index range scan on sbtest3 using k_3 over (8503989 <= k <= 8504089), with index condition: (sbtest3.k between 8503989 and 8504089)  (cost=47.1 rows=104)


table 4 : explain SELECT k, c FROM sbtest4 WHERE k BETWEEN 8503989 AND 8504089
	-> Index range scan on sbtest4 using k_4 over (8503989 <= k <= 8504089), with index condition: (sbtest4.k between 8503989 and 8504089)  (cost=54.7 rows=121)


table 5 : explain SELECT k, c FROM sbtest5 WHERE k BETWEEN 8503989 AND 8504089
	-> Index range scan on sbtest5 using k_5 over (8503989 <= k <= 8504089), with index condition: (sbtest5.k between 8503989 and 8504089)  (cost=44.8 rows=99)


table 6 : explain SELECT k, c FROM sbtest6 WHERE k BETWEEN 8503989 AND 8504089
	-> Index range scan on sbtest6 using k_6 over (8503989 <= k <= 8504089), with index condition: (sbtest6.k between 8503989 and 8504089)  (cost=43.5 rows=96)


table 7 : explain SELECT k, c FROM sbtest7 WHERE k BETWEEN 8503989 AND 8504089
	-> Index range scan on sbtest7 using k_7 over (8503989 <= k <= 8504089), with index condition: (sbtest7.k between 8503989 and 8504089)  (cost=47.1 rows=104)


table 8 : explain SELECT k, c FROM sbtest8 WHERE k BETWEEN 8503989 AND 8504089
	-> Index range scan on sbtest8 using k_8 over (8503989 <= k <= 8504089), with index condition: (sbtest8.k between 8503989 and 8504089)  (cost=48.9 rows=108)


for range-notcovered
table 1 : explain SELECT k, c FROM sbtest1 WHERE k BETWEEN 5232353 AND 5232453
	-> Index range scan on sbtest1 using k_1 over (5232353 <= k <= 5232453), with index condition: (sbtest1.k between 5232353 and 5232453)  (cost=31.3 rows=69)


table 2 : explain SELECT k, c FROM sbtest2 WHERE k BETWEEN 5232353 AND 5232453
	-> Index range scan on sbtest2 using k_2 over (5232353 <= k <= 5232453), with index condition: (sbtest2.k between 5232353 and 5232453)  (cost=49.8 rows=110)


table 3 : explain SELECT k, c FROM sbtest3 WHERE k BETWEEN 5232353 AND 5232453
	-> Index range scan on sbtest3 using k_3 over (5232353 <= k <= 5232453), with index condition: (sbtest3.k between 5232353 and 5232453)  (cost=47.5 rows=105)


table 4 : explain SELECT k, c FROM sbtest4 WHERE k BETWEEN 5232353 AND 5232453
	-> Index range scan on sbtest4 using k_4 over (5232353 <= k <= 5232453), with index condition: (sbtest4.k between 5232353 and 5232453)  (cost=43.5 rows=96)


table 5 : explain SELECT k, c FROM sbtest5 WHERE k BETWEEN 5232353 AND 5232453
	-> Index range scan on sbtest5 using k_5 over (5232353 <= k <= 5232453), with index condition: (sbtest5.k between 5232353 and 5232453)  (cost=56.1 rows=124)


table 6 : explain SELECT k, c FROM sbtest6 WHERE k BETWEEN 5232353 AND 5232453
	-> Index range scan on sbtest6 using k_6 over (5232353 <= k <= 5232453), with index condition: (sbtest6.k between 5232353 and 5232453)  (cost=45.7 rows=101)


table 7 : explain SELECT k, c FROM sbtest7 WHERE k BETWEEN 5232353 AND 5232453
	-> Index range scan on sbtest7 using k_7 over (5232353 <= k <= 5232453), with index condition: (sbtest7.k between 5232353 and 5232453)  (cost=50.2 rows=111)


table 8 : explain SELECT k, c FROM sbtest8 WHERE k BETWEEN 5232353 AND 5232453
	-> Index range scan on sbtest8 using k_8 over (5232353 <= k <= 5232453), with index condition: (sbtest8.k between 5232353 and 5232453)  (cost=40.3 rows=89)


explain: for range-notcovered :: explain SELECT k, c FROM sbtest%d WHERE k BETWEEN 5091041 AND 5091141
explain: for range-notcovered :: explain SELECT k, c FROM sbtest%d WHERE k BETWEEN 3016335 AND 3016435for range-notcovered
table 1 : explain SELECT k, c FROM sbtest1 WHERE k BETWEEN 7430313 AND 7430413
	-> Index range scan on sbtest1 using k_1 over (7430313 <= k <= 7430413), with index condition: (sbtest1.k between 7430313 and 7430413)  (cost=42.1 rows=93)


table 2 : explain SELECT k, c FROM sbtest2 WHERE k BETWEEN 7430313 AND 7430413
	-> Index range scan on sbtest2 using k_2 over (7430313 <= k <= 7430413), with index condition: (sbtest2.k between 7430313 and 7430413)  (cost=49.8 rows=110)


table 3 : explain SELECT k, c FROM sbtest3 WHERE k BETWEEN 7430313 AND 7430413
	-> Index range scan on sbtest3 using k_3 over (7430313 <= k <= 7430413), with index condition: (sbtest3.k between 7430313 and 7430413)  (cost=44.8 rows=99)


table 4 : explain SELECT k, c FROM sbtest4 WHERE k BETWEEN 7430313 AND 7430413
	-> Index range scan on sbtest4 using k_4 over (7430313 <= k <= 7430413), with index condition: (sbtest4.k between 7430313 and 7430413)  (cost=45.7 rows=101)


table 5 : explain SELECT k, c FROM sbtest5 WHERE k BETWEEN 7430313 AND 7430413
	-> Index range scan on sbtest5 using k_5 over (7430313 <= k <= 7430413), with index condition: (sbtest5.k between 7430313 and 7430413)  (cost=44.8 rows=99)


table 6 : explain SELECT k, c FROM sbtest6 WHERE k BETWEEN 7430313 AND 7430413
	-> Index range scan on sbtest6 using k_6 over (7430313 <= k <= 7430413), with index condition: (sbtest6.k between 7430313 and 7430413)  (cost=46.2 rows=102)


table 7 : explain SELECT k, c FROM sbtest7 WHERE k BETWEEN 7430313 AND 7430413
	-> Index range scan on sbtest7 using k_7 over (7430313 <= k <= 7430413), with index condition: (sbtest7.k between 7430313 and 7430413)  (cost=48 rows=106)


table 8 : explain SELECT k, c FROM sbtest8 WHERE k BETWEEN 7430313 AND 7430413
	-> Index range scan on sbtest8 using k_8 over (7430313 <= k <= 7430413), with index condition: (sbtest8.k between 7430313 and 7430413)  (cost=39.4 rows=87)


for range-notcovered
table 1 : explain SELECT k, c FROM sbtest1 WHERE k BETWEEN 7783650 AND 7783750
	-> Index range scan on sbtest1 using k_1 over (7783650 <= k <= 7783750), with index condition: (sbtest1.k between 7783650 and 7783750)  (cost=52.5 rows=116)


table 2 : explain SELECT k, c FROM sbtest2 WHERE k BETWEEN 7783650 AND 7783750
	-> Index range scan on sbtest2 using k_2 over (7783650 <= k <= 7783750), with index condition: (sbtest2.k between 7783650 and 7783750)  (cost=43.9 rows=97)


table 3 : explain SELECT k, c FROM sbtest3 WHERE k BETWEEN 7783650 AND 7783750
	-> Index range scan on sbtest3 using k_3 over (7783650 <= k <= 7783750), with index condition: (sbtest3.k between 7783650 and 7783750)  (cost=38.5 rows=85)


table 4 : explain SELECT k, c FROM sbtest4 WHERE k BETWEEN 7783650 AND 7783750
	-> Index range scan on sbtest4 using k_4 over (7783650 <= k <= 7783750), with index condition: (sbtest4.k between 7783650 and 7783750)  (cost=44.8 rows=99)


table 5 : explain SELECT k, c FROM sbtest5 WHERE k BETWEEN 7783650 AND 7783750
	-> Index range scan on sbtest5 using k_5 over (7783650 <= k <= 7783750), with index condition: (sbtest5.k between 7783650 and 7783750)  (cost=44.4 rows=98)


table 6 : explain SELECT k, c FROM sbtest6 WHERE k BETWEEN 7783650 AND 7783750
	-> Index range scan on sbtest6 using k_6 over (7783650 <= k <= 7783750), with index condition: (sbtest6.k between 7783650 and 7783750)  (cost=47.5 rows=105)


table 7 : explain SELECT k, c FROM sbtest7 WHERE k BETWEEN 7783650 AND 7783750
	-> Index range scan on sbtest7 using k_7 over (7783650 <= k <= 7783750), with index condition: (sbtest7.k between 7783650 and 7783750)  (cost=46.6 rows=103)


table 8 : explain SELECT k, c FROM sbtest8 WHERE k BETWEEN 7783650 AND 7783750
	-> Index range scan on sbtest8 using k_8 over (7783650 <= k <= 7783750), with index condition: (sbtest8.k between 7783650 and 7783750)  (cost=47.5 rows=105)



for range-notcovered
table 1 : explain SELECT k, c FROM sbtest1 WHERE k BETWEEN 4645412 AND 4645512
	-> Index range scan on sbtest1 using k_1 over (4645412 <= k <= 4645512), with index condition: (sbtest1.k between 4645412 and 4645512)  (cost=45.3 rows=100)


table 2 : explain SELECT k, c FROM sbtest2 WHERE k BETWEEN 4645412 AND 4645512
	-> Index range scan on sbtest2 using k_2 over (4645412 <= k <= 4645512), with index condition: (sbtest2.k between 4645412 and 4645512)  (cost=45.3 rows=100)


table 3 : explain SELECT k, c FROM sbtest3 WHERE k BETWEEN 4645412 AND 4645512
	-> Index range scan on sbtest3 using k_3 over (4645412 <= k <= 4645512), with index condition: (sbtest3.k between 4645412 and 4645512)  (cost=45.3 rows=100)


table 4 : explain SELECT k, c FROM sbtest4 WHERE k BETWEEN 4645412 AND 4645512
	-> Index range scan on sbtest4 using k_4 over (4645412 <= k <= 4645512), with index condition: (sbtest4.k between 4645412 and 4645512)  (cost=49.3 rows=109)


table 5 : explain SELECT k, c FROM sbtest5 WHERE k BETWEEN 4645412 AND 4645512
	-> Index range scan on sbtest5 using k_5 over (4645412 <= k <= 4645512), with index condition: (sbtest5.k between 4645412 and 4645512)  (cost=44.8 rows=99)


table 6 : explain SELECT k, c FROM sbtest6 WHERE k BETWEEN 4645412 AND 4645512
	-> Index range scan on sbtest6 using k_6 over (4645412 <= k <= 4645512), with index condition: (sbtest6.k between 4645412 and 4645512)  (cost=48.9 rows=108)


table 7 : explain SELECT k, c FROM sbtest7 WHERE k BETWEEN 4645412 AND 4645512
	-> Index range scan on sbtest7 using k_7 over (4645412 <= k <= 4645512), with index condition: (sbtest7.k between 4645412 and 4645512)  (cost=44.8 rows=99)


table 8 : explain SELECT k, c FROM sbtest8 WHERE k BETWEEN 4645412 AND 4645512
	-> Index range scan on sbtest8 using k_8 over (4645412 <= k <= 4645512), with index condition: (sbtest8.k between 4645412 and 4645512)  (cost=47.1 rows=104)


for range-notcovered
table 1 : explain SELECT k, c FROM sbtest1 WHERE k BETWEEN 3209445 AND 3209545
	-> Index range scan on sbtest1 using k_1 over (3209445 <= k <= 3209545), with index condition: (sbtest1.k between 3209445 and 3209545)  (cost=39 rows=86)


table 2 : explain SELECT k, c FROM sbtest2 WHERE k BETWEEN 3209445 AND 3209545
	-> Index range scan on sbtest2 using k_2 over (3209445 <= k <= 3209545), with index condition: (sbtest2.k between 3209445 and 3209545)  (cost=52.5 rows=116)


table 3 : explain SELECT k, c FROM sbtest3 WHERE k BETWEEN 3209445 AND 3209545
	-> Index range scan on sbtest3 using k_3 over (3209445 <= k <= 3209545), with index condition: (sbtest3.k between 3209445 and 3209545)  (cost=47.5 rows=105)


table 4 : explain SELECT k, c FROM sbtest4 WHERE k BETWEEN 3209445 AND 3209545
	-> Index range scan on sbtest4 using k_4 over (3209445 <= k <= 3209545), with index condition: (sbtest4.k between 3209445 and 3209545)  (cost=43 rows=95)


table 5 : explain SELECT k, c FROM sbtest5 WHERE k BETWEEN 3209445 AND 3209545
	-> Index range scan on sbtest5 using k_5 over (3209445 <= k <= 3209545), with index condition: (sbtest5.k between 3209445 and 3209545)  (cost=45.7 rows=101)


table 6 : explain SELECT k, c FROM sbtest6 WHERE k BETWEEN 3209445 AND 3209545
	-> Index range scan on sbtest6 using k_6 over (3209445 <= k <= 3209545), with index condition: (sbtest6.k between 3209445 and 3209545)  (cost=38.1 rows=84)


table 7 : explain SELECT k, c FROM sbtest7 WHERE k BETWEEN 3209445 AND 3209545
	-> Index range scan on sbtest7 using k_7 over (3209445 <= k <= 3209545), with index condition: (sbtest7.k between 3209445 and 3209545)  (cost=52.9 rows=117)


table 8 : explain SELECT k, c FROM sbtest8 WHERE k BETWEEN 3209445 AND 3209545
	-> Index range scan on sbtest8 using k_8 over (3209445 <= k <= 3209545), with index condition: (sbtest8.k between 3209445 and 3209545)  (cost=49.3 rows=109)


explain: for range-notcovered :: explain SELECT k, c FROM sbtest%d WHERE k BETWEEN 7430313 AND 7430413
explain: for range-notcovered :: explain SELECT k, c FROM sbtest%d WHERE k BETWEEN 8503989 AND 8504089
explain: for range-notcovered :: explain SELECT k, c FROM sbtest%d WHERE k BETWEEN 5232353 AND 5232453
for range-notcovered
table 1 : explain SELECT k, c FROM sbtest1 WHERE k BETWEEN 1708641 AND 1708741
	-> Index range scan on sbtest1 using k_1 over (1708641 <= k <= 1708741), with index condition: (sbtest1.k between 1708641 and 1708741)  (cost=45.3 rows=100)


table 2 : explain SELECT k, c FROM sbtest2 WHERE k BETWEEN 1708641 AND 1708741
	-> Index range scan on sbtest2 using k_2 over (1708641 <= k <= 1708741), with index condition: (sbtest2.k between 1708641 and 1708741)  (cost=45.7 rows=101)


table 3 : explain SELECT k, c FROM sbtest3 WHERE k BETWEEN 1708641 AND 1708741
	-> Index range scan on sbtest3 using k_3 over (1708641 <= k <= 1708741), with index condition: (sbtest3.k between 1708641 and 1708741)  (cost=40.3 rows=89)


table 4 : explain SELECT k, c FROM sbtest4 WHERE k BETWEEN 1708641 AND 1708741
	-> Index range scan on sbtest4 using k_4 over (1708641 <= k <= 1708741), with index condition: (sbtest4.k between 1708641 and 1708741)  (cost=48.4 rows=107)


table 5 : explain SELECT k, c FROM sbtest5 WHERE k BETWEEN 1708641 AND 1708741
	-> Index range scan on sbtest5 using k_5 over (1708641 <= k <= 1708741), with index condition: (sbtest5.k between 1708641 and 1708741)  (cost=51.6 rows=114)


table 6 : explain SELECT k, c FROM sbtest6 WHERE k BETWEEN 1708641 AND 1708741
	-> Index range scan on sbtest6 using k_6 over (1708641 <= k <= 1708741), with index condition: (sbtest6.k between 1708641 and 1708741)  (cost=46.6 rows=103)


table 7 : explain SELECT k, c FROM sbtest7 WHERE k BETWEEN 1708641 AND 1708741
	-> Index range scan on sbtest7 using k_7 over (1708641 <= k <= 1708741), with index condition: (sbtest7.k between 1708641 and 1708741)  (cost=43.5 rows=96)


table 8 : explain SELECT k, c FROM sbtest8 WHERE k BETWEEN 1708641 AND 1708741
	-> Index range scan on sbtest8 using k_8 over (1708641 <= k <= 1708741), with index condition: (sbtest8.k between 1708641 and 1708741)  (cost=47.1 rows=104)


for range-notcovered
table 1 : explain SELECT k, c FROM sbtest1 WHERE k BETWEEN 7507441 AND 7507541
	-> Index range scan on sbtest1 using k_1 over (7507441 <= k <= 7507541), with index condition: (sbtest1.k between 7507441 and 7507541)  (cost=45.3 rows=100)


table 2 : explain SELECT k, c FROM sbtest2 WHERE k BETWEEN 7507441 AND 7507541
	-> Index range scan on sbtest2 using k_2 over (7507441 <= k <= 7507541), with index condition: (sbtest2.k between 7507441 and 7507541)  (cost=42.1 rows=93)


table 3 : explain SELECT k, c FROM sbtest3 WHERE k BETWEEN 7507441 AND 7507541
	-> Index range scan on sbtest3 using k_3 over (7507441 <= k <= 7507541), with index condition: (sbtest3.k between 7507441 and 7507541)  (cost=50.2 rows=111)


table 4 : explain SELECT k, c FROM sbtest4 WHERE k BETWEEN 7507441 AND 7507541
	-> Index range scan on sbtest4 using k_4 over (7507441 <= k <= 7507541), with index condition: (sbtest4.k between 7507441 and 7507541)  (cost=44.8 rows=99)


table 5 : explain SELECT k, c FROM sbtest5 WHERE k BETWEEN 7507441 AND 7507541
	-> Index range scan on sbtest5 using k_5 over (7507441 <= k <= 7507541), with index condition: (sbtest5.k between 7507441 and 7507541)  (cost=48.4 rows=107)


table 6 : explain SELECT k, c FROM sbtest6 WHERE k BETWEEN 7507441 AND 7507541
	-> Index range scan on sbtest6 using k_6 over (7507441 <= k <= 7507541), with index condition: (sbtest6.k between 7507441 and 7507541)  (cost=43 rows=95)


table 7 : explain SELECT k, c FROM sbtest7 WHERE k BETWEEN 7507441 AND 7507541
	-> Index range scan on sbtest7 using k_7 over (7507441 <= k <= 7507541), with index condition: (sbtest7.k between 7507441 and 7507541)  (cost=45.7 rows=101)


table 8 : explain SELECT k, c FROM sbtest8 WHERE k BETWEEN 7507441 AND 7507541
	-> Index range scan on sbtest8 using k_8 over (7507441 <= k <= 7507541), with index condition: (sbtest8.k between 7507441 and 7507541)  (cost=55.6 rows=123)

explain: for range-notcovered :: explain SELECT k, c FROM sbtest%d WHERE k BETWEEN 4645412 AND 4645512
explain: for range-notcovered :: explain SELECT k, c FROM sbtest%d WHERE k BETWEEN 7783650 AND 7783750


for range-notcovered
table 1 : explain SELECT k, c FROM sbtest1 WHERE k BETWEEN 4593795 AND 4593895
	-> Index range scan on sbtest1 using k_1 over (4593795 <= k <= 4593895), with index condition: (sbtest1.k between 4593795 and 4593895)  (cost=45.3 rows=100)


table 2 : explain SELECT k, c FROM sbtest2 WHERE k BETWEEN 4593795 AND 4593895
	-> Index range scan on sbtest2 using k_2 over (4593795 <= k <= 4593895), with index condition: (sbtest2.k between 4593795 and 4593895)  (cost=42.6 rows=94)


table 3 : explain SELECT k, c FROM sbtest3 WHERE k BETWEEN 4593795 AND 4593895
	-> Index range scan on sbtest3 using k_3 over (4593795 <= k <= 4593895), with index condition: (sbtest3.k between 4593795 and 4593895)  (cost=47.5 rows=105)


table 4 : explain SELECT k, c FROM sbtest4 WHERE k BETWEEN 4593795 AND 4593895
	-> Index range scan on sbtest4 using k_4 over (4593795 <= k <= 4593895), with index condition: (sbtest4.k between 4593795 and 4593895)  (cost=49.3 rows=109)


table 5 : explain SELECT k, c FROM sbtest5 WHERE k BETWEEN 4593795 AND 4593895
	-> Index range scan on sbtest5 using k_5 over (4593795 <= k <= 4593895), with index condition: (sbtest5.k between 4593795 and 4593895)  (cost=44.4 rows=98)


table 6 : explain SELECT k, c FROM sbtest6 WHERE k BETWEEN 4593795 AND 4593895
	-> Index range scan on sbtest6 using k_6 over (4593795 <= k <= 4593895), with index condition: (sbtest6.k between 4593795 and 4593895)  (cost=43.9 rows=97)


table 7 : explain SELECT k, c FROM sbtest7 WHERE k BETWEEN 4593795 AND 4593895
	-> Index range scan on sbtest7 using k_7 over (4593795 <= k <= 4593895), with index condition: (sbtest7.k between 4593795 and 4593895)  (cost=47.1 rows=104)


table 8 : explain SELECT k, c FROM sbtest8 WHERE k BETWEEN 4593795 AND 4593895
	-> Index range scan on sbtest8 using k_8 over (4593795 <= k <= 4593895), with index condition: (sbtest8.k between 4593795 and 4593895)  (cost=45.7 rows=101)


for range-notcovered
table 1 : explain SELECT k, c FROM sbtest1 WHERE k BETWEEN 5160046 AND 5160146
	-> Index range scan on sbtest1 using k_1 over (5160046 <= k <= 5160146), with index condition: (sbtest1.k between 5160046 and 5160146)  (cost=45.7 rows=101)


table 2 : explain SELECT k, c FROM sbtest2 WHERE k BETWEEN 5160046 AND 5160146
	-> Index range scan on sbtest2 using k_2 over (5160046 <= k <= 5160146), with index condition: (sbtest2.k between 5160046 and 5160146)  (cost=51.1 rows=113)


table 3 : explain SELECT k, c FROM sbtest3 WHERE k BETWEEN 5160046 AND 5160146
	-> Index range scan on sbtest3 using k_3 over (5160046 <= k <= 5160146), with index condition: (sbtest3.k between 5160046 and 5160146)  (cost=49.8 rows=110)


table 4 : explain SELECT k, c FROM sbtest4 WHERE k BETWEEN 5160046 AND 5160146
	-> Index range scan on sbtest4 using k_4 over (5160046 <= k <= 5160146), with index condition: (sbtest4.k between 5160046 and 5160146)  (cost=53.4 rows=118)


table 5 : explain SELECT k, c FROM sbtest5 WHERE k BETWEEN 5160046 AND 5160146
	-> Index range scan on sbtest5 using k_5 over (5160046 <= k <= 5160146), with index condition: (sbtest5.k between 5160046 and 5160146)  (cost=47.1 rows=104)


table 6 : explain SELECT k, c FROM sbtest6 WHERE k BETWEEN 5160046 AND 5160146
	-> Index range scan on sbtest6 using k_6 over (5160046 <= k <= 5160146), with index condition: (sbtest6.k between 5160046 and 5160146)  (cost=43 rows=95)


table 7 : explain SELECT k, c FROM sbtest7 WHERE k BETWEEN 5160046 AND 5160146
	-> Index range scan on sbtest7 using k_7 over (5160046 <= k <= 5160146), with index condition: (sbtest7.k between 5160046 and 5160146)  (cost=44.4 rows=98)


table 8 : explain SELECT k, c FROM sbtest8 WHERE k BETWEEN 5160046 AND 5160146
	-> Index range scan on sbtest8 using k_8 over (5160046 <= k <= 5160146), with index condition: (sbtest8.k between 5160046 and 5160146)  (cost=45.7 rows=101)


explain: for range-notcovered :: explain SELECT k, c FROM sbtest%d WHERE k BETWEEN 3209445 AND 3209545
for range-notcovered
table 1 : explain SELECT k, c FROM sbtest1 WHERE k BETWEEN 6037781 AND 6037881
	-> Index range scan on sbtest1 using k_1 over (6037781 <= k <= 6037881), with index condition: (sbtest1.k between 6037781 and 6037881)  (cost=40.3 rows=89)


table 2 : explain SELECT k, c FROM sbtest2 WHERE k BETWEEN 6037781 AND 6037881
	-> Index range scan on sbtest2 using k_2 over (6037781 <= k <= 6037881), with index condition: (sbtest2.k between 6037781 and 6037881)  (cost=43.5 rows=96)


table 3 : explain SELECT k, c FROM sbtest3 WHERE k BETWEEN 6037781 AND 6037881
	-> Index range scan on sbtest3 using k_3 over (6037781 <= k <= 6037881), with index condition: (sbtest3.k between 6037781 and 6037881)  (cost=40.8 rows=90)


table 4 : explain SELECT k, c FROM sbtest4 WHERE k BETWEEN 6037781 AND 6037881
	-> Index range scan on sbtest4 using k_4 over (6037781 <= k <= 6037881), with index condition: (sbtest4.k between 6037781 and 6037881)  (cost=45.3 rows=100)


table 5 : explain SELECT k, c FROM sbtest5 WHERE k BETWEEN 6037781 AND 6037881
	-> Index range scan on sbtest5 using k_5 over (6037781 <= k <= 6037881), with index condition: (sbtest5.k between 6037781 and 6037881)  (cost=47.1 rows=104)


table 6 : explain SELECT k, c FROM sbtest6 WHERE k BETWEEN 6037781 AND 6037881
	-> Index range scan on sbtest6 using k_6 over (6037781 <= k <= 6037881), with index condition: (sbtest6.k between 6037781 and 6037881)  (cost=39.4 rows=87)


table 7 : explain SELECT k, c FROM sbtest7 WHERE k BETWEEN 6037781 AND 6037881
	-> Index range scan on sbtest7 using k_7 over (6037781 <= k <= 6037881), with index condition: (sbtest7.k between 6037781 and 6037881)  (cost=47.5 rows=105)


table 8 : explain SELECT k, c FROM sbtest8 WHERE k BETWEEN 6037781 AND 6037881
	-> Index range scan on sbtest8 using k_8 over (6037781 <= k <= 6037881), with index condition: (sbtest8.k between 6037781 and 6037881)  (cost=42.6 rows=94)


explain: for range-notcovered :: explain SELECT k, c FROM sbtest%d WHERE k BETWEEN 7507441 AND 7507541
for range-notcovered
table 1 : explain SELECT k, c FROM sbtest1 WHERE k BETWEEN 909953 AND 910053
	-> Index range scan on sbtest1 using k_1 over (909953 <= k <= 910053), with index condition: (sbtest1.k between 909953 and 910053)  (cost=40.3 rows=89)


table 2 : explain SELECT k, c FROM sbtest2 WHERE k BETWEEN 909953 AND 910053
	-> Index range scan on sbtest2 using k_2 over (909953 <= k <= 910053), with index condition: (sbtest2.k between 909953 and 910053)  (cost=48.4 rows=107)


table 3 : explain SELECT k, c FROM sbtest3 WHERE k BETWEEN 909953 AND 910053
	-> Index range scan on sbtest3 using k_3 over (909953 <= k <= 910053), with index condition: (sbtest3.k between 909953 and 910053)  (cost=41.2 rows=91)


table 4 : explain SELECT k, c FROM sbtest4 WHERE k BETWEEN 909953 AND 910053
	-> Index range scan on sbtest4 using k_4 over (909953 <= k <= 910053), with index condition: (sbtest4.k between 909953 and 910053)  (cost=51.6 rows=114)


table 5 : explain SELECT k, c FROM sbtest5 WHERE k BETWEEN 909953 AND 910053
	-> Index range scan on sbtest5 using k_5 over (909953 <= k <= 910053), with index condition: (sbtest5.k between 909953 and 910053)  (cost=47.5 rows=105)


table 6 : explain SELECT k, c FROM sbtest6 WHERE k BETWEEN 909953 AND 910053
	-> Index range scan on sbtest6 using k_6 over (909953 <= k <= 910053), with index condition: (sbtest6.k between 909953 and 910053)  (cost=43 rows=95)


table 7 : explain SELECT k, c FROM sbtest7 WHERE k BETWEEN 909953 AND 910053
	-> Index range scan on sbtest7 using k_7 over (909953 <= k <= 910053), with index condition: (sbtest7.k between 909953 and 910053)  (cost=47.1 rows=104)


table 8 : explain SELECT k, c FROM sbtest8 WHERE k BETWEEN 909953 AND 910053
	-> Index range scan on sbtest8 using k_8 over (909953 <= k <= 910053), with index condition: (sbtest8.k between 909953 and 910053)  (cost=47.1 rows=104)

explain: for range-notcovered :: explain SELECT k, c FROM sbtest%d WHERE k BETWEEN 4593795 AND 4593895

explain: for range-notcovered :: explain SELECT k, c FROM sbtest%d WHERE k BETWEEN 5160046 AND 5160146
for range-notcovered
table 1 : explain SELECT k, c FROM sbtest1 WHERE k BETWEEN 5017403 AND 5017503
	-> Index range scan on sbtest1 using k_1 over (5017403 <= k <= 5017503), with index condition: (sbtest1.k between 5017403 and 5017503)  (cost=49.8 rows=110)


table 2 : explain SELECT k, c FROM sbtest2 WHERE k BETWEEN 5017403 AND 5017503
	-> Index range scan on sbtest2 using k_2 over (5017403 <= k <= 5017503), with index condition: (sbtest2.k between 5017403 and 5017503)  (cost=50.2 rows=111)


table 3 : explain SELECT k, c FROM sbtest3 WHERE k BETWEEN 5017403 AND 5017503
	-> Index range scan on sbtest3 using k_3 over (5017403 <= k <= 5017503), with index condition: (sbtest3.k between 5017403 and 5017503)  (cost=41.7 rows=92)


table 4 : explain SELECT k, c FROM sbtest4 WHERE k BETWEEN 5017403 AND 5017503
	-> Index range scan on sbtest4 using k_4 over (5017403 <= k <= 5017503), with index condition: (sbtest4.k between 5017403 and 5017503)  (cost=48.9 rows=108)


table 5 : explain SELECT k, c FROM sbtest5 WHERE k BETWEEN 5017403 AND 5017503
	-> Index range scan on sbtest5 using k_5 over (5017403 <= k <= 5017503), with index condition: (sbtest5.k between 5017403 and 5017503)  (cost=54.7 rows=121)


table 6 : explain SELECT k, c FROM sbtest6 WHERE k BETWEEN 5017403 AND 5017503
	-> Index range scan on sbtest6 using k_6 over (5017403 <= k <= 5017503), with index condition: (sbtest6.k between 5017403 and 5017503)  (cost=46.6 rows=103)


table 7 : explain SELECT k, c FROM sbtest7 WHERE k BETWEEN 5017403 AND 5017503
	-> Index range scan on sbtest7 using k_7 over (5017403 <= k <= 5017503), with index condition: (sbtest7.k between 5017403 and 5017503)  (cost=44.4 rows=98)


table 8 : explain SELECT k, c FROM sbtest8 WHERE k BETWEEN 5017403 AND 5017503
	-> Index range scan on sbtest8 using k_8 over (5017403 <= k <= 5017503), with index condition: (sbtest8.k between 5017403 and 5017503)  (cost=48.9 rows=108)


for range-notcovered
table 1 : explain SELECT k, c FROM sbtest1 WHERE k BETWEEN 5941719 AND 5941819
	-> Index range scan on sbtest1 using k_1 over (5941719 <= k <= 5941819), with index condition: (sbtest1.k between 5941719 and 5941819)  (cost=48.4 rows=107)


table 2 : explain SELECT k, c FROM sbtest2 WHERE k BETWEEN 5941719 AND 5941819
	-> Index range scan on sbtest2 using k_2 over (5941719 <= k <= 5941819), with index condition: (sbtest2.k between 5941719 and 5941819)  (cost=41.7 rows=92)


table 3 : explain SELECT k, c FROM sbtest3 WHERE k BETWEEN 5941719 AND 5941819
	-> Index range scan on sbtest3 using k_3 over (5941719 <= k <= 5941819), with index condition: (sbtest3.k between 5941719 and 5941819)  (cost=45.7 rows=101)


table 4 : explain SELECT k, c FROM sbtest4 WHERE k BETWEEN 5941719 AND 5941819
	-> Index range scan on sbtest4 using k_4 over (5941719 <= k <= 5941819), with index condition: (sbtest4.k between 5941719 and 5941819)  (cost=44.4 rows=98)


table 5 : explain SELECT k, c FROM sbtest5 WHERE k BETWEEN 5941719 AND 5941819
	-> Index range scan on sbtest5 using k_5 over (5941719 <= k <= 5941819), with index condition: (sbtest5.k between 5941719 and 5941819)  (cost=48.4 rows=107)


table 6 : explain SELECT k, c FROM sbtest6 WHERE k BETWEEN 5941719 AND 5941819
	-> Index range scan on sbtest6 using k_6 over (5941719 <= k <= 5941819), with index condition: (sbtest6.k between 5941719 and 5941819)  (cost=43.5 rows=96)


table 7 : explain SELECT k, c FROM sbtest7 WHERE k BETWEEN 5941719 AND 5941819
	-> Index range scan on sbtest7 using k_7 over (5941719 <= k <= 5941819), with index condition: (sbtest7.k between 5941719 and 5941819)  (cost=47.1 rows=104)


table 8 : explain SELECT k, c FROM sbtest8 WHERE k BETWEEN 5941719 AND 5941819
	-> Index range scan on sbtest8 using k_8 over (5941719 <= k <= 5941819), with index condition: (sbtest8.k between 5941719 and 5941819)  (cost=46.6 rows=103)


for range-notcovered
table 1 : explain SELECT k, c FROM sbtest1 WHERE k BETWEEN 2291520 AND 2291620
	-> Index range scan on sbtest1 using k_1 over (2291520 <= k <= 2291620), with index condition: (sbtest1.k between 2291520 and 2291620)  (cost=47.1 rows=104)


table 2 : explain SELECT k, c FROM sbtest2 WHERE k BETWEEN 2291520 AND 2291620
	-> Index range scan on sbtest2 using k_2 over (2291520 <= k <= 2291620), with index condition: (sbtest2.k between 2291520 and 2291620)  (cost=45.3 rows=100)


table 3 : explain SELECT k, c FROM sbtest3 WHERE k BETWEEN 2291520 AND 2291620
	-> Index range scan on sbtest3 using k_3 over (2291520 <= k <= 2291620), with index condition: (sbtest3.k between 2291520 and 2291620)  (cost=47.5 rows=105)


table 4 : explain SELECT k, c FROM sbtest4 WHERE k BETWEEN 2291520 AND 2291620
	-> Index range scan on sbtest4 using k_4 over (2291520 <= k <= 2291620), with index condition: (sbtest4.k between 2291520 and 2291620)  (cost=45.7 rows=101)


table 5 : explain SELECT k, c FROM sbtest5 WHERE k BETWEEN 2291520 AND 2291620
	-> Index range scan on sbtest5 using k_5 over (2291520 <= k <= 2291620), with index condition: (sbtest5.k between 2291520 and 2291620)  (cost=47.5 rows=105)


table 6 : explain SELECT k, c FROM sbtest6 WHERE k BETWEEN 2291520 AND 2291620
	-> Index range scan on sbtest6 using k_6 over (2291520 <= k <= 2291620), with index condition: (sbtest6.k between 2291520 and 2291620)  (cost=47.5 rows=105)


table 7 : explain SELECT k, c FROM sbtest7 WHERE k BETWEEN 2291520 AND 2291620
	-> Index range scan on sbtest7 using k_7 over (2291520 <= k <= 2291620), with index condition: (sbtest7.k between 2291520 and 2291620)  (cost=46.6 rows=103)


table 8 : explain SELECT k, c FROM sbtest8 WHERE k BETWEEN 2291520 AND 2291620
	-> Index range scan on sbtest8 using k_8 over (2291520 <= k <= 2291620), with index condition: (sbtest8.k between 2291520 and 2291620)  (cost=43 rows=95)


explain: for range-notcovered :: explain SELECT k, c FROM sbtest%d WHERE k BETWEEN 6037781 AND 6037881for range-notcovered
table 1 : explain SELECT k, c FROM sbtest1 WHERE k BETWEEN 6955538 AND 6955638
	-> Index range scan on sbtest1 using k_1 over (6955538 <= k <= 6955638), with index condition: (sbtest1.k between 6955538 and 6955638)  (cost=39.9 rows=88)


table 2 : explain SELECT k, c FROM sbtest2 WHERE k BETWEEN 6955538 AND 6955638
	-> Index range scan on sbtest2 using k_2 over (6955538 <= k <= 6955638), with index condition: (sbtest2.k between 6955538 and 6955638)  (cost=47.5 rows=105)


table 3 : explain SELECT k, c FROM sbtest3 WHERE k BETWEEN 6955538 AND 6955638
	-> Index range scan on sbtest3 using k_3 over (6955538 <= k <= 6955638), with index condition: (sbtest3.k between 6955538 and 6955638)  (cost=49.3 rows=109)


table 4 : explain SELECT k, c FROM sbtest4 WHERE k BETWEEN 6955538 AND 6955638
	-> Index range scan on sbtest4 using k_4 over (6955538 <= k <= 6955638), with index condition: (sbtest4.k between 6955538 and 6955638)  (cost=51.1 rows=113)


table 5 : explain SELECT k, c FROM sbtest5 WHERE k BETWEEN 6955538 AND 6955638
	-> Index range scan on sbtest5 using k_5 over (6955538 <= k <= 6955638), with index condition: (sbtest5.k between 6955538 and 6955638)  (cost=50.2 rows=111)


table 6 : explain SELECT k, c FROM sbtest6 WHERE k BETWEEN 6955538 AND 6955638
	-> Index range scan on sbtest6 using k_6 over (6955538 <= k <= 6955638), with index condition: (sbtest6.k between 6955538 and 6955638)  (cost=44.4 rows=98)


table 7 : explain SELECT k, c FROM sbtest7 WHERE k BETWEEN 6955538 AND 6955638
	-> Index range scan on sbtest7 using k_7 over (6955538 <= k <= 6955638), with index condition: (sbtest7.k between 6955538 and 6955638)  (cost=42.1 rows=93)


table 8 : explain SELECT k, c FROM sbtest8 WHERE k BETWEEN 6955538 AND 6955638
	-> Index range scan on sbtest8 using k_8 over (6955538 <= k <= 6955638), with index condition: (sbtest8.k between 6955538 and 6955638)  (cost=47.5 rows=105)



explain: for range-notcovered :: explain SELECT k, c FROM sbtest%d WHERE k BETWEEN 4143083 AND 4143183
for range-notcovered
table 1 : explain SELECT k, c FROM sbtest1 WHERE k BETWEEN 7014826 AND 7014926
	-> Index range scan on sbtest1 using k_1 over (7014826 <= k <= 7014926), with index condition: (sbtest1.k between 7014826 and 7014926)  (cost=43 rows=95)


table 2 : explain SELECT k, c FROM sbtest2 WHERE k BETWEEN 7014826 AND 7014926
	-> Index range scan on sbtest2 using k_2 over (7014826 <= k <= 7014926), with index condition: (sbtest2.k between 7014826 and 7014926)  (cost=46.2 rows=102)


table 3 : explain SELECT k, c FROM sbtest3 WHERE k BETWEEN 7014826 AND 7014926
	-> Index range scan on sbtest3 using k_3 over (7014826 <= k <= 7014926), with index condition: (sbtest3.k between 7014826 and 7014926)  (cost=52 rows=115)


table 4 : explain SELECT k, c FROM sbtest4 WHERE k BETWEEN 7014826 AND 7014926
	-> Index range scan on sbtest4 using k_4 over (7014826 <= k <= 7014926), with index condition: (sbtest4.k between 7014826 and 7014926)  (cost=42.6 rows=94)


table 5 : explain SELECT k, c FROM sbtest5 WHERE k BETWEEN 7014826 AND 7014926
	-> Index range scan on sbtest5 using k_5 over (7014826 <= k <= 7014926), with index condition: (sbtest5.k between 7014826 and 7014926)  (cost=48 rows=106)


table 6 : explain SELECT k, c FROM sbtest6 WHERE k BETWEEN 7014826 AND 7014926
	-> Index range scan on sbtest6 using k_6 over (7014826 <= k <= 7014926), with index condition: (sbtest6.k between 7014826 and 7014926)  (cost=45.7 rows=101)


table 7 : explain SELECT k, c FROM sbtest7 WHERE k BETWEEN 7014826 AND 7014926
	-> Index range scan on sbtest7 using k_7 over (7014826 <= k <= 7014926), with index condition: (sbtest7.k between 7014826 and 7014926)  (cost=45.3 rows=100)


table 8 : explain SELECT k, c FROM sbtest8 WHERE k BETWEEN 7014826 AND 7014926
	-> Index range scan on sbtest8 using k_8 over (7014826 <= k <= 7014926), with index condition: (sbtest8.k between 7014826 and 7014926)  (cost=46.2 rows=102)


explain: for range-notcovered :: explain SELECT k, c FROM sbtest%d WHERE k BETWEEN 5941719 AND 5941819
explain: for range-notcovered :: explain SELECT k, c FROM sbtest%d WHERE k BETWEEN 1708641 AND 1708741explain: for range-notcovered :: explain SELECT k, c FROM sbtest%d WHERE k BETWEEN 909953 AND 910053
explain: for range-notcovered :: explain SELECT k, c FROM sbtest%d WHERE k BETWEEN 6955538 AND 6955638

explain: for range-notcovered :: explain SELECT k, c FROM sbtest%d WHERE k BETWEEN 2291520 AND 2291620
for range-notcovered
table 1 : explain SELECT k, c FROM sbtest1 WHERE k BETWEEN 9009088 AND 9009188
	-> Index range scan on sbtest1 using k_1 over (9009088 <= k <= 9009188), with index condition: (sbtest1.k between 9009088 and 9009188)  (cost=51.6 rows=114)


table 2 : explain SELECT k, c FROM sbtest2 WHERE k BETWEEN 9009088 AND 9009188
	-> Index range scan on sbtest2 using k_2 over (9009088 <= k <= 9009188), with index condition: (sbtest2.k between 9009088 and 9009188)  (cost=54.3 rows=120)


table 3 : explain SELECT k, c FROM sbtest3 WHERE k BETWEEN 9009088 AND 9009188
	-> Index range scan on sbtest3 using k_3 over (9009088 <= k <= 9009188), with index condition: (sbtest3.k between 9009088 and 9009188)  (cost=54.3 rows=120)


table 4 : explain SELECT k, c FROM sbtest4 WHERE k BETWEEN 9009088 AND 9009188
	-> Index range scan on sbtest4 using k_4 over (9009088 <= k <= 9009188), with index condition: (sbtest4.k between 9009088 and 9009188)  (cost=44.8 rows=99)


table 5 : explain SELECT k, c FROM sbtest5 WHERE k BETWEEN 9009088 AND 9009188
	-> Index range scan on sbtest5 using k_5 over (9009088 <= k <= 9009188), with index condition: (sbtest5.k between 9009088 and 9009188)  (cost=42.6 rows=94)


table 6 : explain SELECT k, c FROM sbtest6 WHERE k BETWEEN 9009088 AND 9009188
	-> Index range scan on sbtest6 using k_6 over (9009088 <= k <= 9009188), with index condition: (sbtest6.k between 9009088 and 9009188)  (cost=35.8 rows=79)


table 7 : explain SELECT k, c FROM sbtest7 WHERE k BETWEEN 9009088 AND 9009188
	-> Index range scan on sbtest7 using k_7 over (9009088 <= k <= 9009188), with index condition: (sbtest7.k between 9009088 and 9009188)  (cost=38.5 rows=85)


table 8 : explain SELECT k, c FROM sbtest8 WHERE k BETWEEN 9009088 AND 9009188
	-> Index range scan on sbtest8 using k_8 over (9009088 <= k <= 9009188), with index condition: (sbtest8.k between 9009088 and 9009188)  (cost=44.8 rows=99)


for range-notcovered
table 1 : explain SELECT k, c FROM sbtest1 WHERE k BETWEEN 5322439 AND 5322539
	-> Index range scan on sbtest1 using k_1 over (5322439 <= k <= 5322539), with index condition: (sbtest1.k between 5322439 and 5322539)  (cost=43.9 rows=97)


table 2 : explain SELECT k, c FROM sbtest2 WHERE k BETWEEN 5322439 AND 5322539
	-> Index range scan on sbtest2 using k_2 over (5322439 <= k <= 5322539), with index condition: (sbtest2.k between 5322439 and 5322539)  (cost=40.3 rows=89)


table 3 : explain SELECT k, c FROM sbtest3 WHERE k BETWEEN 5322439 AND 5322539
	-> Index range scan on sbtest3 using k_3 over (5322439 <= k <= 5322539), with index condition: (sbtest3.k between 5322439 and 5322539)  (cost=38.1 rows=84)


table 4 : explain SELECT k, c FROM sbtest4 WHERE k BETWEEN 5322439 AND 5322539
	-> Index range scan on sbtest4 using k_4 over (5322439 <= k <= 5322539), with index condition: (sbtest4.k between 5322439 and 5322539)  (cost=51.6 rows=114)


table 5 : explain SELECT k, c FROM sbtest5 WHERE k BETWEEN 5322439 AND 5322539
	-> Index range scan on sbtest5 using k_5 over (5322439 <= k <= 5322539), with index condition: (sbtest5.k between 5322439 and 5322539)  (cost=37.6 rows=83)


table 6 : explain SELECT k, c FROM sbtest6 WHERE k BETWEEN 5322439 AND 5322539
	-> Index range scan on sbtest6 using k_6 over (5322439 <= k <= 5322539), with index condition: (sbtest6.k between 5322439 and 5322539)  (cost=48.4 rows=107)


table 7 : explain SELECT k, c FROM sbtest7 WHERE k BETWEEN 5322439 AND 5322539
	-> Index range scan on sbtest7 using k_7 over (5322439 <= k <= 5322539), with index condition: (sbtest7.k between 5322439 and 5322539)  (cost=46.6 rows=103)


table 8 : explain SELECT k, c FROM sbtest8 WHERE k BETWEEN 5322439 AND 5322539
	-> Index range scan on sbtest8 using k_8 over (5322439 <= k <= 5322539), with index condition: (sbtest8.k between 5322439 and 5322539)  (cost=46.6 rows=103)


for range-notcovered
table 1 : explain SELECT k, c FROM sbtest1 WHERE k BETWEEN 6302321 AND 6302421
	-> Index range scan on sbtest1 using k_1 over (6302321 <= k <= 6302421), with index condition: (sbtest1.k between 6302321 and 6302421)  (cost=45.7 rows=101)


table 2 : explain SELECT k, c FROM sbtest2 WHERE k BETWEEN 6302321 AND 6302421
	-> Index range scan on sbtest2 using k_2 over (6302321 <= k <= 6302421), with index condition: (sbtest2.k between 6302321 and 6302421)  (cost=42.1 rows=93)


table 3 : explain SELECT k, c FROM sbtest3 WHERE k BETWEEN 6302321 AND 6302421
	-> Index range scan on sbtest3 using k_3 over (6302321 <= k <= 6302421), with index condition: (sbtest3.k between 6302321 and 6302421)  (cost=48.9 rows=108)


table 4 : explain SELECT k, c FROM sbtest4 WHERE k BETWEEN 6302321 AND 6302421
	-> Index range scan on sbtest4 using k_4 over (6302321 <= k <= 6302421), with index condition: (sbtest4.k between 6302321 and 6302421)  (cost=41.2 rows=91)


table 5 : explain SELECT k, c FROM sbtest5 WHERE k BETWEEN 6302321 AND 6302421
	-> Index range scan on sbtest5 using k_5 over (6302321 <= k <= 6302421), with index condition: (sbtest5.k between 6302321 and 6302421)  (cost=39.4 rows=87)


table 6 : explain SELECT k, c FROM sbtest6 WHERE k BETWEEN 6302321 AND 6302421
	-> Index range scan on sbtest6 using k_6 over (6302321 <= k <= 6302421), with index condition: (sbtest6.k between 6302321 and 6302421)  (cost=49.3 rows=109)


table 7 : explain SELECT k, c FROM sbtest7 WHERE k BETWEEN 6302321 AND 6302421
	-> Index range scan on sbtest7 using k_7 over (6302321 <= k <= 6302421), with index condition: (sbtest7.k between 6302321 and 6302421)  (cost=47.1 rows=104)


table 8 : explain SELECT k, c FROM sbtest8 WHERE k BETWEEN 6302321 AND 6302421
	-> Index range scan on sbtest8 using k_8 over (6302321 <= k <= 6302421), with index condition: (sbtest8.k between 6302321 and 6302421)  (cost=39.4 rows=87)


explain: for range-notcovered :: explain SELECT k, c FROM sbtest%d WHERE k BETWEEN 5017403 AND 5017503
for range-notcovered
table 1 : explain SELECT k, c FROM sbtest1 WHERE k BETWEEN 1233980 AND 1234080
	-> Index range scan on sbtest1 using k_1 over (1233980 <= k <= 1234080), with index condition: (sbtest1.k between 1233980 and 1234080)  (cost=48 rows=106)


table 2 : explain SELECT k, c FROM sbtest2 WHERE k BETWEEN 1233980 AND 1234080
	-> Index range scan on sbtest2 using k_2 over (1233980 <= k <= 1234080), with index condition: (sbtest2.k between 1233980 and 1234080)  (cost=46.2 rows=102)


table 3 : explain SELECT k, c FROM sbtest3 WHERE k BETWEEN 1233980 AND 1234080
	-> Index range scan on sbtest3 using k_3 over (1233980 <= k <= 1234080), with index condition: (sbtest3.k between 1233980 and 1234080)  (cost=45.3 rows=100)


table 4 : explain SELECT k, c FROM sbtest4 WHERE k BETWEEN 1233980 AND 1234080
	-> Index range scan on sbtest4 using k_4 over (1233980 <= k <= 1234080), with index condition: (sbtest4.k between 1233980 and 1234080)  (cost=48.9 rows=108)


table 5 : explain SELECT k, c FROM sbtest5 WHERE k BETWEEN 1233980 AND 1234080
	-> Index range scan on sbtest5 using k_5 over (1233980 <= k <= 1234080), with index condition: (sbtest5.k between 1233980 and 1234080)  (cost=37.2 rows=82)


table 6 : explain SELECT k, c FROM sbtest6 WHERE k BETWEEN 1233980 AND 1234080
	-> Index range scan on sbtest6 using k_6 over (1233980 <= k <= 1234080), with index condition: (sbtest6.k between 1233980 and 1234080)  (cost=55.2 rows=122)


table 7 : explain SELECT k, c FROM sbtest7 WHERE k BETWEEN 1233980 AND 1234080
	-> Index range scan on sbtest7 using k_7 over (1233980 <= k <= 1234080), with index condition: (sbtest7.k between 1233980 and 1234080)  (cost=47.1 rows=104)


table 8 : explain SELECT k, c FROM sbtest8 WHERE k BETWEEN 1233980 AND 1234080
	-> Index range scan on sbtest8 using k_8 over (1233980 <= k <= 1234080), with index condition: (sbtest8.k between 1233980 and 1234080)  (cost=49.3 rows=109)


for range-notcovered
table 1 : explain SELECT k, c FROM sbtest1 WHERE k BETWEEN 5266661 AND 5266761
	-> Index range scan on sbtest1 using k_1 over (5266661 <= k <= 5266761), with index condition: (sbtest1.k between 5266661 and 5266761)  (cost=50.7 rows=112)


table 2 : explain SELECT k, c FROM sbtest2 WHERE k BETWEEN 5266661 AND 5266761
	-> Index range scan on sbtest2 using k_2 over (5266661 <= k <= 5266761), with index condition: (sbtest2.k between 5266661 and 5266761)  (cost=44.8 rows=99)


table 3 : explain SELECT k, c FROM sbtest3 WHERE k BETWEEN 5266661 AND 5266761
	-> Index range scan on sbtest3 using k_3 over (5266661 <= k <= 5266761), with index condition: (sbtest3.k between 5266661 and 5266761)  (cost=53.4 rows=118)


table 4 : explain SELECT k, c FROM sbtest4 WHERE k BETWEEN 5266661 AND 5266761
	-> Index range scan on sbtest4 using k_4 over (5266661 <= k <= 5266761), with index condition: (sbtest4.k between 5266661 and 5266761)  (cost=41.7 rows=92)


table 5 : explain SELECT k, c FROM sbtest5 WHERE k BETWEEN 5266661 AND 5266761
	-> Index range scan on sbtest5 using k_5 over (5266661 <= k <= 5266761), with index condition: (sbtest5.k between 5266661 and 5266761)  (cost=44.8 rows=99)


table 6 : explain SELECT k, c FROM sbtest6 WHERE k BETWEEN 5266661 AND 5266761
	-> Index range scan on sbtest6 using k_6 over (5266661 <= k <= 5266761), with index condition: (sbtest6.k between 5266661 and 5266761)  (cost=45.7 rows=101)


table 7 : explain SELECT k, c FROM sbtest7 WHERE k BETWEEN 5266661 AND 5266761
	-> Index range scan on sbtest7 using k_7 over (5266661 <= k <= 5266761), with index condition: (sbtest7.k between 5266661 and 5266761)  (cost=42.1 rows=93)


table 8 : explain SELECT k, c FROM sbtest8 WHERE k BETWEEN 5266661 AND 5266761
	-> Index range scan on sbtest8 using k_8 over (5266661 <= k <= 5266761), with index condition: (sbtest8.k between 5266661 and 5266761)  (cost=45.3 rows=100)

for range-notcovered
table 1 : explain SELECT k, c FROM sbtest1 WHERE k BETWEEN 5335326 AND 5335426
	-> Index range scan on sbtest1 using k_1 over (5335326 <= k <= 5335426), with index condition: (sbtest1.k between 5335326 and 5335426)  (cost=47.1 rows=104)


table 2 : explain SELECT k, c FROM sbtest2 WHERE k BETWEEN 5335326 AND 5335426
	-> Index range scan on sbtest2 using k_2 over (5335326 <= k <= 5335426), with index condition: (sbtest2.k between 5335326 and 5335426)  (cost=47.1 rows=104)


table 3 : explain SELECT k, c FROM sbtest3 WHERE k BETWEEN 5335326 AND 5335426
	-> Index range scan on sbtest3 using k_3 over (5335326 <= k <= 5335426), with index condition: (sbtest3.k between 5335326 and 5335426)  (cost=41.7 rows=92)


table 4 : explain SELECT k, c FROM sbtest4 WHERE k BETWEEN 5335326 AND 5335426
	-> Index range scan on sbtest4 using k_4 over (5335326 <= k <= 5335426), with index condition: (sbtest4.k between 5335326 and 5335426)  (cost=50.7 rows=112)


table 5 : explain SELECT k, c FROM sbtest5 WHERE k BETWEEN 5335326 AND 5335426
	-> Index range scan on sbtest5 using k_5 over (5335326 <= k <= 5335426), with index condition: (sbtest5.k between 5335326 and 5335426)  (cost=43.5 rows=96)


table 6 : explain SELECT k, c FROM sbtest6 WHERE k BETWEEN 5335326 AND 5335426
	-> Index range scan on sbtest6 using k_6 over (5335326 <= k <= 5335426), with index condition: (sbtest6.k between 5335326 and 5335426)  (cost=48.4 rows=107)


table 7 : explain SELECT k, c FROM sbtest7 WHERE k BETWEEN 5335326 AND 5335426
	-> Index range scan on sbtest7 using k_7 over (5335326 <= k <= 5335426), with index condition: (sbtest7.k between 5335326 and 5335426)  (cost=42.1 rows=93)


table 8 : explain SELECT k, c FROM sbtest8 WHERE k BETWEEN 5335326 AND 5335426
	-> Index range scan on sbtest8 using k_8 over (5335326 <= k <= 5335426), with index condition: (sbtest8.k between 5335326 and 5335426)  (cost=48.4 rows=107)

for range-notcovered
table 1 : explain SELECT k, c FROM sbtest1 WHERE k BETWEEN 5561744 AND 5561844
	-> Index range scan on sbtest1 using k_1 over (5561744 <= k <= 5561844), with index condition: (sbtest1.k between 5561744 and 5561844)  (cost=43.9 rows=97)


table 2 : explain SELECT k, c FROM sbtest2 WHERE k BETWEEN 5561744 AND 5561844
	-> Index range scan on sbtest2 using k_2 over (5561744 <= k <= 5561844), with index condition: (sbtest2.k between 5561744 and 5561844)  (cost=43.9 rows=97)


table 3 : explain SELECT k, c FROM sbtest3 WHERE k BETWEEN 5561744 AND 5561844
	-> Index range scan on sbtest3 using k_3 over (5561744 <= k <= 5561844), with index condition: (sbtest3.k between 5561744 and 5561844)  (cost=40.3 rows=89)


table 4 : explain SELECT k, c FROM sbtest4 WHERE k BETWEEN 5561744 AND 5561844
	-> Index range scan on sbtest4 using k_4 over (5561744 <= k <= 5561844), with index condition: (sbtest4.k between 5561744 and 5561844)  (cost=39.9 rows=88)


table 5 : explain SELECT k, c FROM sbtest5 WHERE k BETWEEN 5561744 AND 5561844
	-> Index range scan on sbtest5 using k_5 over (5561744 <= k <= 5561844), with index condition: (sbtest5.k between 5561744 and 5561844)  (cost=52.5 rows=116)


table 6 : explain SELECT k, c FROM sbtest6 WHERE k BETWEEN 5561744 AND 5561844
	-> Index range scan on sbtest6 using k_6 over (5561744 <= k <= 5561844), with index condition: (sbtest6.k between 5561744 and 5561844)  (cost=42.6 rows=94)


table 7 : explain SELECT k, c FROM sbtest7 WHERE k BETWEEN 5561744 AND 5561844
	-> Index range scan on sbtest7 using k_7 over (5561744 <= k <= 5561844), with index condition: (sbtest7.k between 5561744 and 5561844)  (cost=42.6 rows=94)


table 8 : explain SELECT k, c FROM sbtest8 WHERE k BETWEEN 5561744 AND 5561844
	-> Index range scan on sbtest8 using k_8 over (5561744 <= k <= 5561844), with index condition: (sbtest8.k between 5561744 and 5561844)  (cost=53.8 rows=119)

for range-notcovered
table 1 : explain SELECT k, c FROM sbtest1 WHERE k BETWEEN 2584412 AND 2584512
	-> Index range scan on sbtest1 using k_1 over (2584412 <= k <= 2584512), with index condition: (sbtest1.k between 2584412 and 2584512)  (cost=57.9 rows=128)


table 2 : explain SELECT k, c FROM sbtest2 WHERE k BETWEEN 2584412 AND 2584512
	-> Index range scan on sbtest2 using k_2 over (2584412 <= k <= 2584512), with index condition: (sbtest2.k between 2584412 and 2584512)  (cost=40.3 rows=89)


table 3 : explain SELECT k, c FROM sbtest3 WHERE k BETWEEN 2584412 AND 2584512
	-> Index range scan on sbtest3 using k_3 over (2584412 <= k <= 2584512), with index condition: (sbtest3.k between 2584412 and 2584512)  (cost=38.5 rows=85)


table 4 : explain SELECT k, c FROM sbtest4 WHERE k BETWEEN 2584412 AND 2584512
	-> Index range scan on sbtest4 using k_4 over (2584412 <= k <= 2584512), with index condition: (sbtest4.k between 2584412 and 2584512)  (cost=48.4 rows=107)


table 5 : explain SELECT k, c FROM sbtest5 WHERE k BETWEEN 2584412 AND 2584512
	-> Index range scan on sbtest5 using k_5 over (2584412 <= k <= 2584512), with index condition: (sbtest5.k between 2584412 and 2584512)  (cost=52 rows=115)


table 6 : explain SELECT k, c FROM sbtest6 WHERE k BETWEEN 2584412 AND 2584512
	-> Index range scan on sbtest6 using k_6 over (2584412 <= k <= 2584512), with index condition: (sbtest6.k between 2584412 and 2584512)  (cost=51.1 rows=113)


table 7 : explain SELECT k, c FROM sbtest7 WHERE k BETWEEN 2584412 AND 2584512
	-> Index range scan on sbtest7 using k_7 over (2584412 <= k <= 2584512), with index condition: (sbtest7.k between 2584412 and 2584512)  (cost=40.8 rows=90)


table 8 : explain SELECT k, c FROM sbtest8 WHERE k BETWEEN 2584412 AND 2584512
	-> Index range scan on sbtest8 using k_8 over (2584412 <= k <= 2584512), with index condition: (sbtest8.k between 2584412 and 2584512)  (cost=52.9 rows=117)


explain: for range-notcovered :: explain SELECT k, c FROM sbtest%d WHERE k BETWEEN 9009088 AND 9009188
explain: for range-notcovered :: explain SELECT k, c FROM sbtest%d WHERE k BETWEEN 7014826 AND 7014926
explain: for range-notcovered :: explain SELECT k, c FROM sbtest%d WHERE k BETWEEN 5322439 AND 5322539


explain: for range-notcovered :: explain SELECT k, c FROM sbtest%d WHERE k BETWEEN 6302321 AND 6302421

for range-notcovered
table 1 : explain SELECT k, c FROM sbtest1 WHERE k BETWEEN 4178071 AND 4178171
	-> Index range scan on sbtest1 using k_1 over (4178071 <= k <= 4178171), with index condition: (sbtest1.k between 4178071 and 4178171)  (cost=50.7 rows=112)


table 2 : explain SELECT k, c FROM sbtest2 WHERE k BETWEEN 4178071 AND 4178171
	-> Index range scan on sbtest2 using k_2 over (4178071 <= k <= 4178171), with index condition: (sbtest2.k between 4178071 and 4178171)  (cost=43.5 rows=96)


table 3 : explain SELECT k, c FROM sbtest3 WHERE k BETWEEN 4178071 AND 4178171
	-> Index range scan on sbtest3 using k_3 over (4178071 <= k <= 4178171), with index condition: (sbtest3.k between 4178071 and 4178171)  (cost=42.6 rows=94)


table 4 : explain SELECT k, c FROM sbtest4 WHERE k BETWEEN 4178071 AND 4178171
	-> Index range scan on sbtest4 using k_4 over (4178071 <= k <= 4178171), with index condition: (sbtest4.k between 4178071 and 4178171)  (cost=53.4 rows=118)


table 5 : explain SELECT k, c FROM sbtest5 WHERE k BETWEEN 4178071 AND 4178171
	-> Index range scan on sbtest5 using k_5 over (4178071 <= k <= 4178171), with index condition: (sbtest5.k between 4178071 and 4178171)  (cost=48.9 rows=108)


table 6 : explain SELECT k, c FROM sbtest6 WHERE k BETWEEN 4178071 AND 4178171
	-> Index range scan on sbtest6 using k_6 over (4178071 <= k <= 4178171), with index condition: (sbtest6.k between 4178071 and 4178171)  (cost=43.9 rows=97)


table 7 : explain SELECT k, c FROM sbtest7 WHERE k BETWEEN 4178071 AND 4178171
	-> Index range scan on sbtest7 using k_7 over (4178071 <= k <= 4178171), with index condition: (sbtest7.k between 4178071 and 4178171)  (cost=53.8 rows=119)


table 8 : explain SELECT k, c FROM sbtest8 WHERE k BETWEEN 4178071 AND 4178171
	-> Index range scan on sbtest8 using k_8 over (4178071 <= k <= 4178171), with index condition: (sbtest8.k between 4178071 and 4178171)  (cost=49.8 rows=110)


explain: for range-notcovered :: explain SELECT k, c FROM sbtest%d WHERE k BETWEEN 5266661 AND 5266761
explain: for range-notcovered :: explain SELECT k, c FROM sbtest%d WHERE k BETWEEN 1233980 AND 1234080
explain: for range-notcovered :: explain SELECT k, c FROM sbtest%d WHERE k BETWEEN 5561744 AND 5561844
for range-notcovered
table 1 : explain SELECT k, c FROM sbtest1 WHERE k BETWEEN 8996302 AND 8996402
	-> Index range scan on sbtest1 using k_1 over (8996302 <= k <= 8996402), with index condition: (sbtest1.k between 8996302 and 8996402)  (cost=40.3 rows=89)


table 2 : explain SELECT k, c FROM sbtest2 WHERE k BETWEEN 8996302 AND 8996402
	-> Index range scan on sbtest2 using k_2 over (8996302 <= k <= 8996402), with index condition: (sbtest2.k between 8996302 and 8996402)  (cost=50.7 rows=112)


table 3 : explain SELECT k, c FROM sbtest3 WHERE k BETWEEN 8996302 AND 8996402
	-> Index range scan on sbtest3 using k_3 over (8996302 <= k <= 8996402), with index condition: (sbtest3.k between 8996302 and 8996402)  (cost=48.9 rows=108)


table 4 : explain SELECT k, c FROM sbtest4 WHERE k BETWEEN 8996302 AND 8996402
	-> Index range scan on sbtest4 using k_4 over (8996302 <= k <= 8996402), with index condition: (sbtest4.k between 8996302 and 8996402)  (cost=42.6 rows=94)


table 5 : explain SELECT k, c FROM sbtest5 WHERE k BETWEEN 8996302 AND 8996402
	-> Index range scan on sbtest5 using k_5 over (8996302 <= k <= 8996402), with index condition: (sbtest5.k between 8996302 and 8996402)  (cost=46.6 rows=103)


table 6 : explain SELECT k, c FROM sbtest6 WHERE k BETWEEN 8996302 AND 8996402
	-> Index range scan on sbtest6 using k_6 over (8996302 <= k <= 8996402), with index condition: (sbtest6.k between 8996302 and 8996402)  (cost=48.4 rows=107)


table 7 : explain SELECT k, c FROM sbtest7 WHERE k BETWEEN 8996302 AND 8996402
	-> Index range scan on sbtest7 using k_7 over (8996302 <= k <= 8996402), with index condition: (sbtest7.k between 8996302 and 8996402)  (cost=48.9 rows=108)


table 8 : explain SELECT k, c FROM sbtest8 WHERE k BETWEEN 8996302 AND 8996402
	-> Index range scan on sbtest8 using k_8 over (8996302 <= k <= 8996402), with index condition: (sbtest8.k between 8996302 and 8996402)  (cost=41.2 rows=91)


explain: for range-notcovered :: explain SELECT k, c FROM sbtest%d WHERE k BETWEEN 5335326 AND 5335426
explain: for range-notcovered :: explain SELECT k, c FROM sbtest%d WHERE k BETWEEN 4178071 AND 4178171for range-notcovered
table 1 : explain SELECT k, c FROM sbtest1 WHERE k BETWEEN 3500666 AND 3500766
	-> Index range scan on sbtest1 using k_1 over (3500666 <= k <= 3500766), with index condition: (sbtest1.k between 3500666 and 3500766)  (cost=48.4 rows=107)


table 2 : explain SELECT k, c FROM sbtest2 WHERE k BETWEEN 3500666 AND 3500766
	-> Index range scan on sbtest2 using k_2 over (3500666 <= k <= 3500766), with index condition: (sbtest2.k between 3500666 and 3500766)  (cost=50.2 rows=111)


table 3 : explain SELECT k, c FROM sbtest3 WHERE k BETWEEN 3500666 AND 3500766
	-> Index range scan on sbtest3 using k_3 over (3500666 <= k <= 3500766), with index condition: (sbtest3.k between 3500666 and 3500766)  (cost=42.6 rows=94)


table 4 : explain SELECT k, c FROM sbtest4 WHERE k BETWEEN 3500666 AND 3500766
	-> Index range scan on sbtest4 using k_4 over (3500666 <= k <= 3500766), with index condition: (sbtest4.k between 3500666 and 3500766)  (cost=43.5 rows=96)


table 5 : explain SELECT k, c FROM sbtest5 WHERE k BETWEEN 3500666 AND 3500766
	-> Index range scan on sbtest5 using k_5 over (3500666 <= k <= 3500766), with index condition: (sbtest5.k between 3500666 and 3500766)  (cost=44.8 rows=99)


table 6 : explain SELECT k, c FROM sbtest6 WHERE k BETWEEN 3500666 AND 3500766
	-> Index range scan on sbtest6 using k_6 over (3500666 <= k <= 3500766), with index condition: (sbtest6.k between 3500666 and 3500766)  (cost=56.5 rows=125)


table 7 : explain SELECT k, c FROM sbtest7 WHERE k BETWEEN 3500666 AND 3500766
	-> Index range scan on sbtest7 using k_7 over (3500666 <= k <= 3500766), with index condition: (sbtest7.k between 3500666 and 3500766)  (cost=42.1 rows=93)


table 8 : explain SELECT k, c FROM sbtest8 WHERE k BETWEEN 3500666 AND 3500766
	-> Index range scan on sbtest8 using k_8 over (3500666 <= k <= 3500766), with index condition: (sbtest8.k between 3500666 and 3500766)  (cost=38.5 rows=85)



for range-notcovered
table 1 : explain SELECT k, c FROM sbtest1 WHERE k BETWEEN 3918349 AND 3918449
	-> Index range scan on sbtest1 using k_1 over (3918349 <= k <= 3918449), with index condition: (sbtest1.k between 3918349 and 3918449)  (cost=44.8 rows=99)


table 2 : explain SELECT k, c FROM sbtest2 WHERE k BETWEEN 3918349 AND 3918449
	-> Index range scan on sbtest2 using k_2 over (3918349 <= k <= 3918449), with index condition: (sbtest2.k between 3918349 and 3918449)  (cost=47.5 rows=105)


table 3 : explain SELECT k, c FROM sbtest3 WHERE k BETWEEN 3918349 AND 3918449
	-> Index range scan on sbtest3 using k_3 over (3918349 <= k <= 3918449), with index condition: (sbtest3.k between 3918349 and 3918449)  (cost=44.4 rows=98)


table 4 : explain SELECT k, c FROM sbtest4 WHERE k BETWEEN 3918349 AND 3918449
	-> Index range scan on sbtest4 using k_4 over (3918349 <= k <= 3918449), with index condition: (sbtest4.k between 3918349 and 3918449)  (cost=47.1 rows=104)


table 5 : explain SELECT k, c FROM sbtest5 WHERE k BETWEEN 3918349 AND 3918449
	-> Index range scan on sbtest5 using k_5 over (3918349 <= k <= 3918449), with index condition: (sbtest5.k between 3918349 and 3918449)  (cost=48 rows=106)


table 6 : explain SELECT k, c FROM sbtest6 WHERE k BETWEEN 3918349 AND 3918449
	-> Index range scan on sbtest6 using k_6 over (3918349 <= k <= 3918449), with index condition: (sbtest6.k between 3918349 and 3918449)  (cost=38.1 rows=84)


table 7 : explain SELECT k, c FROM sbtest7 WHERE k BETWEEN 3918349 AND 3918449
	-> Index range scan on sbtest7 using k_7 over (3918349 <= k <= 3918449), with index condition: (sbtest7.k between 3918349 and 3918449)  (cost=43 rows=95)


table 8 : explain SELECT k, c FROM sbtest8 WHERE k BETWEEN 3918349 AND 3918449
	-> Index range scan on sbtest8 using k_8 over (3918349 <= k <= 3918449), with index condition: (sbtest8.k between 3918349 and 3918449)  (cost=48.4 rows=107)

for range-notcovered
table 1 : explain SELECT k, c FROM sbtest1 WHERE k BETWEEN 7571624 AND 7571724
	-> Index range scan on sbtest1 using k_1 over (7571624 <= k <= 7571724), with index condition: (sbtest1.k between 7571624 and 7571724)  (cost=45.7 rows=101)


table 2 : explain SELECT k, c FROM sbtest2 WHERE k BETWEEN 7571624 AND 7571724
	-> Index range scan on sbtest2 using k_2 over (7571624 <= k <= 7571724), with index condition: (sbtest2.k between 7571624 and 7571724)  (cost=49.8 rows=110)


table 3 : explain SELECT k, c FROM sbtest3 WHERE k BETWEEN 7571624 AND 7571724
	-> Index range scan on sbtest3 using k_3 over (7571624 <= k <= 7571724), with index condition: (sbtest3.k between 7571624 and 7571724)  (cost=40.3 rows=89)


table 4 : explain SELECT k, c FROM sbtest4 WHERE k BETWEEN 7571624 AND 7571724
	-> Index range scan on sbtest4 using k_4 over (7571624 <= k <= 7571724), with index condition: (sbtest4.k between 7571624 and 7571724)  (cost=48 rows=106)


table 5 : explain SELECT k, c FROM sbtest5 WHERE k BETWEEN 7571624 AND 7571724
	-> Index range scan on sbtest5 using k_5 over (7571624 <= k <= 7571724), with index condition: (sbtest5.k between 7571624 and 7571724)  (cost=49.3 rows=109)


table 6 : explain SELECT k, c FROM sbtest6 WHERE k BETWEEN 7571624 AND 7571724
	-> Index range scan on sbtest6 using k_6 over (7571624 <= k <= 7571724), with index condition: (sbtest6.k between 7571624 and 7571724)  (cost=49.3 rows=109)


table 7 : explain SELECT k, c FROM sbtest7 WHERE k BETWEEN 7571624 AND 7571724
	-> Index range scan on sbtest7 using k_7 over (7571624 <= k <= 7571724), with index condition: (sbtest7.k between 7571624 and 7571724)  (cost=41.2 rows=91)


table 8 : explain SELECT k, c FROM sbtest8 WHERE k BETWEEN 7571624 AND 7571724
	-> Index range scan on sbtest8 using k_8 over (7571624 <= k <= 7571724), with index condition: (sbtest8.k between 7571624 and 7571724)  (cost=44.4 rows=98)

explain: for range-notcovered :: explain SELECT k, c FROM sbtest%d WHERE k BETWEEN 2584412 AND 2584512for range-notcovered
table 1 : explain SELECT k, c FROM sbtest1 WHERE k BETWEEN 6920643 AND 6920743
	-> Index range scan on sbtest1 using k_1 over (6920643 <= k <= 6920743), with index condition: (sbtest1.k between 6920643 and 6920743)  (cost=40.3 rows=89)


table 2 : explain SELECT k, c FROM sbtest2 WHERE k BETWEEN 6920643 AND 6920743
	-> Index range scan on sbtest2 using k_2 over (6920643 <= k <= 6920743), with index condition: (sbtest2.k between 6920643 and 6920743)  (cost=45.3 rows=100)


table 3 : explain SELECT k, c FROM sbtest3 WHERE k BETWEEN 6920643 AND 6920743
	-> Index range scan on sbtest3 using k_3 over (6920643 <= k <= 6920743), with index condition: (sbtest3.k between 6920643 and 6920743)  (cost=46.2 rows=102)


table 4 : explain SELECT k, c FROM sbtest4 WHERE k BETWEEN 6920643 AND 6920743
	-> Index range scan on sbtest4 using k_4 over (6920643 <= k <= 6920743), with index condition: (sbtest4.k between 6920643 and 6920743)  (cost=44.8 rows=99)


table 5 : explain SELECT k, c FROM sbtest5 WHERE k BETWEEN 6920643 AND 6920743
	-> Index range scan on sbtest5 using k_5 over (6920643 <= k <= 6920743), with index condition: (sbtest5.k between 6920643 and 6920743)  (cost=46.6 rows=103)


table 6 : explain SELECT k, c FROM sbtest6 WHERE k BETWEEN 6920643 AND 6920743
	-> Index range scan on sbtest6 using k_6 over (6920643 <= k <= 6920743), with index condition: (sbtest6.k between 6920643 and 6920743)  (cost=39.9 rows=88)


table 7 : explain SELECT k, c FROM sbtest7 WHERE k BETWEEN 6920643 AND 6920743
	-> Index range scan on sbtest7 using k_7 over (6920643 <= k <= 6920743), with index condition: (sbtest7.k between 6920643 and 6920743)  (cost=47.1 rows=104)


table 8 : explain SELECT k, c FROM sbtest8 WHERE k BETWEEN 6920643 AND 6920743
	-> Index range scan on sbtest8 using k_8 over (6920643 <= k <= 6920743), with index condition: (sbtest8.k between 6920643 and 6920743)  (cost=57 rows=126)




for range-notcovered
table 1 : explain SELECT k, c FROM sbtest1 WHERE k BETWEEN 7430313 AND 7430413
	-> Index range scan on sbtest1 using k_1 over (7430313 <= k <= 7430413), with index condition: (sbtest1.k between 7430313 and 7430413)  (cost=42.1 rows=93)


table 2 : explain SELECT k, c FROM sbtest2 WHERE k BETWEEN 7430313 AND 7430413
	-> Index range scan on sbtest2 using k_2 over (7430313 <= k <= 7430413), with index condition: (sbtest2.k between 7430313 and 7430413)  (cost=49.8 rows=110)


table 3 : explain SELECT k, c FROM sbtest3 WHERE k BETWEEN 7430313 AND 7430413
	-> Index range scan on sbtest3 using k_3 over (7430313 <= k <= 7430413), with index condition: (sbtest3.k between 7430313 and 7430413)  (cost=44.8 rows=99)


table 4 : explain SELECT k, c FROM sbtest4 WHERE k BETWEEN 7430313 AND 7430413
	-> Index range scan on sbtest4 using k_4 over (7430313 <= k <= 7430413), with index condition: (sbtest4.k between 7430313 and 7430413)  (cost=45.7 rows=101)


table 5 : explain SELECT k, c FROM sbtest5 WHERE k BETWEEN 7430313 AND 7430413
	-> Index range scan on sbtest5 using k_5 over (7430313 <= k <= 7430413), with index condition: (sbtest5.k between 7430313 and 7430413)  (cost=44.8 rows=99)


table 6 : explain SELECT k, c FROM sbtest6 WHERE k BETWEEN 7430313 AND 7430413
	-> Index range scan on sbtest6 using k_6 over (7430313 <= k <= 7430413), with index condition: (sbtest6.k between 7430313 and 7430413)  (cost=46.2 rows=102)


table 7 : explain SELECT k, c FROM sbtest7 WHERE k BETWEEN 7430313 AND 7430413
	-> Index range scan on sbtest7 using k_7 over (7430313 <= k <= 7430413), with index condition: (sbtest7.k between 7430313 and 7430413)  (cost=48 rows=106)


table 8 : explain SELECT k, c FROM sbtest8 WHERE k BETWEEN 7430313 AND 7430413
	-> Index range scan on sbtest8 using k_8 over (7430313 <= k <= 7430413), with index condition: (sbtest8.k between 7430313 and 7430413)  (cost=39.4 rows=87)


explain: for range-notcovered :: explain SELECT k, c FROM sbtest%d WHERE k BETWEEN 3500666 AND 3500766
for range-notcovered
table 1 : explain SELECT k, c FROM sbtest1 WHERE k BETWEEN 6047958 AND 6048058
	-> Index range scan on sbtest1 using k_1 over (6047958 <= k <= 6048058), with index condition: (sbtest1.k between 6047958 and 6048058)  (cost=43.5 rows=96)


table 2 : explain SELECT k, c FROM sbtest2 WHERE k BETWEEN 6047958 AND 6048058
	-> Index range scan on sbtest2 using k_2 over (6047958 <= k <= 6048058), with index condition: (sbtest2.k between 6047958 and 6048058)  (cost=37.2 rows=82)


table 3 : explain SELECT k, c FROM sbtest3 WHERE k BETWEEN 6047958 AND 6048058
	-> Index range scan on sbtest3 using k_3 over (6047958 <= k <= 6048058), with index condition: (sbtest3.k between 6047958 and 6048058)  (cost=46.2 rows=102)


table 4 : explain SELECT k, c FROM sbtest4 WHERE k BETWEEN 6047958 AND 6048058
	-> Index range scan on sbtest4 using k_4 over (6047958 <= k <= 6048058), with index condition: (sbtest4.k between 6047958 and 6048058)  (cost=48.9 rows=108)


table 5 : explain SELECT k, c FROM sbtest5 WHERE k BETWEEN 6047958 AND 6048058
	-> Index range scan on sbtest5 using k_5 over (6047958 <= k <= 6048058), with index condition: (sbtest5.k between 6047958 and 6048058)  (cost=42.1 rows=93)


table 6 : explain SELECT k, c FROM sbtest6 WHERE k BETWEEN 6047958 AND 6048058
	-> Index range scan on sbtest6 using k_6 over (6047958 <= k <= 6048058), with index condition: (sbtest6.k between 6047958 and 6048058)  (cost=40.3 rows=89)


table 7 : explain SELECT k, c FROM sbtest7 WHERE k BETWEEN 6047958 AND 6048058
	-> Index range scan on sbtest7 using k_7 over (6047958 <= k <= 6048058), with index condition: (sbtest7.k between 6047958 and 6048058)  (cost=50.2 rows=111)


table 8 : explain SELECT k, c FROM sbtest8 WHERE k BETWEEN 6047958 AND 6048058
	-> Index range scan on sbtest8 using k_8 over (6047958 <= k <= 6048058), with index condition: (sbtest8.k between 6047958 and 6048058)  (cost=38.5 rows=85)

for range-notcovered
table 1 : explain SELECT k, c FROM sbtest1 WHERE k BETWEEN 8503989 AND 8504089
	-> Index range scan on sbtest1 using k_1 over (8503989 <= k <= 8504089), with index condition: (sbtest1.k between 8503989 and 8504089)  (cost=48 rows=106)


table 2 : explain SELECT k, c FROM sbtest2 WHERE k BETWEEN 8503989 AND 8504089
	-> Index range scan on sbtest2 using k_2 over (8503989 <= k <= 8504089), with index condition: (sbtest2.k between 8503989 and 8504089)  (cost=48.4 rows=107)


table 3 : explain SELECT k, c FROM sbtest3 WHERE k BETWEEN 8503989 AND 8504089
	-> Index range scan on sbtest3 using k_3 over (8503989 <= k <= 8504089), with index condition: (sbtest3.k between 8503989 and 8504089)  (cost=47.1 rows=104)


table 4 : explain SELECT k, c FROM sbtest4 WHERE k BETWEEN 8503989 AND 8504089
	-> Index range scan on sbtest4 using k_4 over (8503989 <= k <= 8504089), with index condition: (sbtest4.k between 8503989 and 8504089)  (cost=54.7 rows=121)


table 5 : explain SELECT k, c FROM sbtest5 WHERE k BETWEEN 8503989 AND 8504089
	-> Index range scan on sbtest5 using k_5 over (8503989 <= k <= 8504089), with index condition: (sbtest5.k between 8503989 and 8504089)  (cost=44.8 rows=99)


table 6 : explain SELECT k, c FROM sbtest6 WHERE k BETWEEN 8503989 AND 8504089
	-> Index range scan on sbtest6 using k_6 over (8503989 <= k <= 8504089), with index condition: (sbtest6.k between 8503989 and 8504089)  (cost=43.5 rows=96)


table 7 : explain SELECT k, c FROM sbtest7 WHERE k BETWEEN 8503989 AND 8504089
	-> Index range scan on sbtest7 using k_7 over (8503989 <= k <= 8504089), with index condition: (sbtest7.k between 8503989 and 8504089)  (cost=47.1 rows=104)


table 8 : explain SELECT k, c FROM sbtest8 WHERE k BETWEEN 8503989 AND 8504089
	-> Index range scan on sbtest8 using k_8 over (8503989 <= k <= 8504089), with index condition: (sbtest8.k between 8503989 and 8504089)  (cost=48.9 rows=108)


explain: for range-notcovered :: explain SELECT k, c FROM sbtest%d WHERE k BETWEEN 6920643 AND 6920743for range-notcovered
table 1 : explain SELECT k, c FROM sbtest1 WHERE k BETWEEN 2655227 AND 2655327
	-> Index range scan on sbtest1 using k_1 over (2655227 <= k <= 2655327), with index condition: (sbtest1.k between 2655227 and 2655327)  (cost=42.1 rows=93)


table 2 : explain SELECT k, c FROM sbtest2 WHERE k BETWEEN 2655227 AND 2655327
	-> Index range scan on sbtest2 using k_2 over (2655227 <= k <= 2655327), with index condition: (sbtest2.k between 2655227 and 2655327)  (cost=43 rows=95)


table 3 : explain SELECT k, c FROM sbtest3 WHERE k BETWEEN 2655227 AND 2655327
	-> Index range scan on sbtest3 using k_3 over (2655227 <= k <= 2655327), with index condition: (sbtest3.k between 2655227 and 2655327)  (cost=48 rows=106)


table 4 : explain SELECT k, c FROM sbtest4 WHERE k BETWEEN 2655227 AND 2655327
	-> Index range scan on sbtest4 using k_4 over (2655227 <= k <= 2655327), with index condition: (sbtest4.k between 2655227 and 2655327)  (cost=47.1 rows=104)


table 5 : explain SELECT k, c FROM sbtest5 WHERE k BETWEEN 2655227 AND 2655327
	-> Index range scan on sbtest5 using k_5 over (2655227 <= k <= 2655327), with index condition: (sbtest5.k between 2655227 and 2655327)  (cost=41.7 rows=92)


table 6 : explain SELECT k, c FROM sbtest6 WHERE k BETWEEN 2655227 AND 2655327
	-> Index range scan on sbtest6 using k_6 over (2655227 <= k <= 2655327), with index condition: (sbtest6.k between 2655227 and 2655327)  (cost=41.7 rows=92)


table 7 : explain SELECT k, c FROM sbtest7 WHERE k BETWEEN 2655227 AND 2655327
	-> Index range scan on sbtest7 using k_7 over (2655227 <= k <= 2655327), with index condition: (sbtest7.k between 2655227 and 2655327)  (cost=44.8 rows=99)


table 8 : explain SELECT k, c FROM sbtest8 WHERE k BETWEEN 2655227 AND 2655327
	-> Index range scan on sbtest8 using k_8 over (2655227 <= k <= 2655327), with index condition: (sbtest8.k between 2655227 and 2655327)  (cost=47.5 rows=105)

for range-notcovered
table 1 : explain SELECT k, c FROM sbtest1 WHERE k BETWEEN 6458757 AND 6458857
	-> Index range scan on sbtest1 using k_1 over (6458757 <= k <= 6458857), with index condition: (sbtest1.k between 6458757 and 6458857)  (cost=43.9 rows=97)


table 2 : explain SELECT k, c FROM sbtest2 WHERE k BETWEEN 6458757 AND 6458857
	-> Index range scan on sbtest2 using k_2 over (6458757 <= k <= 6458857), with index condition: (sbtest2.k between 6458757 and 6458857)  (cost=51.1 rows=113)


table 3 : explain SELECT k, c FROM sbtest3 WHERE k BETWEEN 6458757 AND 6458857
	-> Index range scan on sbtest3 using k_3 over (6458757 <= k <= 6458857), with index condition: (sbtest3.k between 6458757 and 6458857)  (cost=46.2 rows=102)


table 4 : explain SELECT k, c FROM sbtest4 WHERE k BETWEEN 6458757 AND 6458857
	-> Index range scan on sbtest4 using k_4 over (6458757 <= k <= 6458857), with index condition: (sbtest4.k between 6458757 and 6458857)  (cost=43 rows=95)


table 5 : explain SELECT k, c FROM sbtest5 WHERE k BETWEEN 6458757 AND 6458857
	-> Index range scan on sbtest5 using k_5 over (6458757 <= k <= 6458857), with index condition: (sbtest5.k between 6458757 and 6458857)  (cost=40.8 rows=90)


table 6 : explain SELECT k, c FROM sbtest6 WHERE k BETWEEN 6458757 AND 6458857
	-> Index range scan on sbtest6 using k_6 over (6458757 <= k <= 6458857), with index condition: (sbtest6.k between 6458757 and 6458857)  (cost=39.9 rows=88)


table 7 : explain SELECT k, c FROM sbtest7 WHERE k BETWEEN 6458757 AND 6458857
	-> Index range scan on sbtest7 using k_7 over (6458757 <= k <= 6458857), with index condition: (sbtest7.k between 6458757 and 6458857)  (cost=54.7 rows=121)


table 8 : explain SELECT k, c FROM sbtest8 WHERE k BETWEEN 6458757 AND 6458857
	-> Index range scan on sbtest8 using k_8 over (6458757 <= k <= 6458857), with index condition: (sbtest8.k between 6458757 and 6458857)  (cost=42.1 rows=93)


explain: for range-notcovered :: explain SELECT k, c FROM sbtest%d WHERE k BETWEEN 8996302 AND 8996402
explain: for range-notcovered :: explain SELECT k, c FROM sbtest%d WHERE k BETWEEN 7571624 AND 7571724
explain: for range-notcovered :: explain SELECT k, c FROM sbtest%d WHERE k BETWEEN 7430313 AND 7430413

for range-notcovered
table 1 : explain SELECT k, c FROM sbtest1 WHERE k BETWEEN 5091041 AND 5091141
	-> Index range scan on sbtest1 using k_1 over (5091041 <= k <= 5091141), with index condition: (sbtest1.k between 5091041 and 5091141)  (cost=44.8 rows=99)


table 2 : explain SELECT k, c FROM sbtest2 WHERE k BETWEEN 5091041 AND 5091141
	-> Index range scan on sbtest2 using k_2 over (5091041 <= k <= 5091141), with index condition: (sbtest2.k between 5091041 and 5091141)  (cost=48 rows=106)


table 3 : explain SELECT k, c FROM sbtest3 WHERE k BETWEEN 5091041 AND 5091141
	-> Index range scan on sbtest3 using k_3 over (5091041 <= k <= 5091141), with index condition: (sbtest3.k between 5091041 and 5091141)  (cost=42.6 rows=94)


table 4 : explain SELECT k, c FROM sbtest4 WHERE k BETWEEN 5091041 AND 5091141
	-> Index range scan on sbtest4 using k_4 over (5091041 <= k <= 5091141), with index condition: (sbtest4.k between 5091041 and 5091141)  (cost=40.8 rows=90)


table 5 : explain SELECT k, c FROM sbtest5 WHERE k BETWEEN 5091041 AND 5091141
	-> Index range scan on sbtest5 using k_5 over (5091041 <= k <= 5091141), with index condition: (sbtest5.k between 5091041 and 5091141)  (cost=44.4 rows=98)


table 6 : explain SELECT k, c FROM sbtest6 WHERE k BETWEEN 5091041 AND 5091141
	-> Index range scan on sbtest6 using k_6 over (5091041 <= k <= 5091141), with index condition: (sbtest6.k between 5091041 and 5091141)  (cost=48.4 rows=107)


table 7 : explain SELECT k, c FROM sbtest7 WHERE k BETWEEN 5091041 AND 5091141
	-> Index range scan on sbtest7 using k_7 over (5091041 <= k <= 5091141), with index condition: (sbtest7.k between 5091041 and 5091141)  (cost=43.5 rows=96)


table 8 : explain SELECT k, c FROM sbtest8 WHERE k BETWEEN 5091041 AND 5091141
	-> Index range scan on sbtest8 using k_8 over (5091041 <= k <= 5091141), with index condition: (sbtest8.k between 5091041 and 5091141)  (cost=42.1 rows=93)

for range-notcovered
table 1 : explain SELECT k, c FROM sbtest1 WHERE k BETWEEN 6594167 AND 6594267
	-> Index range scan on sbtest1 using k_1 over (6594167 <= k <= 6594267), with index condition: (sbtest1.k between 6594167 and 6594267)  (cost=46.6 rows=103)


table 2 : explain SELECT k, c FROM sbtest2 WHERE k BETWEEN 6594167 AND 6594267
	-> Index range scan on sbtest2 using k_2 over (6594167 <= k <= 6594267), with index condition: (sbtest2.k between 6594167 and 6594267)  (cost=44.4 rows=98)


table 3 : explain SELECT k, c FROM sbtest3 WHERE k BETWEEN 6594167 AND 6594267
	-> Index range scan on sbtest3 using k_3 over (6594167 <= k <= 6594267), with index condition: (sbtest3.k between 6594167 and 6594267)  (cost=45.7 rows=101)


table 4 : explain SELECT k, c FROM sbtest4 WHERE k BETWEEN 6594167 AND 6594267
	-> Index range scan on sbtest4 using k_4 over (6594167 <= k <= 6594267), with index condition: (sbtest4.k between 6594167 and 6594267)  (cost=40.3 rows=89)


table 5 : explain SELECT k, c FROM sbtest5 WHERE k BETWEEN 6594167 AND 6594267
	-> Index range scan on sbtest5 using k_5 over (6594167 <= k <= 6594267), with index condition: (sbtest5.k between 6594167 and 6594267)  (cost=41.2 rows=91)


table 6 : explain SELECT k, c FROM sbtest6 WHERE k BETWEEN 6594167 AND 6594267
	-> Index range scan on sbtest6 using k_6 over (6594167 <= k <= 6594267), with index condition: (sbtest6.k between 6594167 and 6594267)  (cost=45.7 rows=101)


table 7 : explain SELECT k, c FROM sbtest7 WHERE k BETWEEN 6594167 AND 6594267
	-> Index range scan on sbtest7 using k_7 over (6594167 <= k <= 6594267), with index condition: (sbtest7.k between 6594167 and 6594267)  (cost=43.9 rows=97)


table 8 : explain SELECT k, c FROM sbtest8 WHERE k BETWEEN 6594167 AND 6594267
	-> Index range scan on sbtest8 using k_8 over (6594167 <= k <= 6594267), with index condition: (sbtest8.k between 6594167 and 6594267)  (cost=50.7 rows=112)




explain: for range-notcovered :: explain SELECT k, c FROM sbtest%d WHERE k BETWEEN 8503989 AND 8504089

explain: for range-notcovered :: explain SELECT k, c FROM sbtest%d WHERE k BETWEEN 3918349 AND 3918449
for range-notcovered
table 1 : explain SELECT k, c FROM sbtest1 WHERE k BETWEEN 3016335 AND 3016435
	-> Index range scan on sbtest1 using k_1 over (3016335 <= k <= 3016435), with index condition: (sbtest1.k between 3016335 and 3016435)  (cost=38.1 rows=84)


table 2 : explain SELECT k, c FROM sbtest2 WHERE k BETWEEN 3016335 AND 3016435
	-> Index range scan on sbtest2 using k_2 over (3016335 <= k <= 3016435), with index condition: (sbtest2.k between 3016335 and 3016435)  (cost=43 rows=95)


table 3 : explain SELECT k, c FROM sbtest3 WHERE k BETWEEN 3016335 AND 3016435
	-> Index range scan on sbtest3 using k_3 over (3016335 <= k <= 3016435), with index condition: (sbtest3.k between 3016335 and 3016435)  (cost=38.1 rows=84)


table 4 : explain SELECT k, c FROM sbtest4 WHERE k BETWEEN 3016335 AND 3016435
	-> Index range scan on sbtest4 using k_4 over (3016335 <= k <= 3016435), with index condition: (sbtest4.k between 3016335 and 3016435)  (cost=46.2 rows=102)


table 5 : explain SELECT k, c FROM sbtest5 WHERE k BETWEEN 3016335 AND 3016435
	-> Index range scan on sbtest5 using k_5 over (3016335 <= k <= 3016435), with index condition: (sbtest5.k between 3016335 and 3016435)  (cost=35.4 rows=78)


table 6 : explain SELECT k, c FROM sbtest6 WHERE k BETWEEN 3016335 AND 3016435
	-> Index range scan on sbtest6 using k_6 over (3016335 <= k <= 3016435), with index condition: (sbtest6.k between 3016335 and 3016435)  (cost=32.7 rows=72)


table 7 : explain SELECT k, c FROM sbtest7 WHERE k BETWEEN 3016335 AND 3016435
	-> Index range scan on sbtest7 using k_7 over (3016335 <= k <= 3016435), with index condition: (sbtest7.k between 3016335 and 3016435)  (cost=49.8 rows=110)


table 8 : explain SELECT k, c FROM sbtest8 WHERE k BETWEEN 3016335 AND 3016435
	-> Index range scan on sbtest8 using k_8 over (3016335 <= k <= 3016435), with index condition: (sbtest8.k between 3016335 and 3016435)  (cost=42.6 rows=94)



explain: for range-notcovered :: explain SELECT k, c FROM sbtest%d WHERE k BETWEEN 6047958 AND 6048058
for range-notcovered
table 1 : explain SELECT k, c FROM sbtest1 WHERE k BETWEEN 4784591 AND 4784691
	-> Index range scan on sbtest1 using k_1 over (4784591 <= k <= 4784691), with index condition: (sbtest1.k between 4784591 and 4784691)  (cost=43.5 rows=96)


table 2 : explain SELECT k, c FROM sbtest2 WHERE k BETWEEN 4784591 AND 4784691
	-> Index range scan on sbtest2 using k_2 over (4784591 <= k <= 4784691), with index condition: (sbtest2.k between 4784591 and 4784691)  (cost=52.9 rows=117)


table 3 : explain SELECT k, c FROM sbtest3 WHERE k BETWEEN 4784591 AND 4784691
	-> Index range scan on sbtest3 using k_3 over (4784591 <= k <= 4784691), with index condition: (sbtest3.k between 4784591 and 4784691)  (cost=42.1 rows=93)


table 4 : explain SELECT k, c FROM sbtest4 WHERE k BETWEEN 4784591 AND 4784691
	-> Index range scan on sbtest4 using k_4 over (4784591 <= k <= 4784691), with index condition: (sbtest4.k between 4784591 and 4784691)  (cost=44.4 rows=98)


table 5 : explain SELECT k, c FROM sbtest5 WHERE k BETWEEN 4784591 AND 4784691
	-> Index range scan on sbtest5 using k_5 over (4784591 <= k <= 4784691), with index condition: (sbtest5.k between 4784591 and 4784691)  (cost=39.4 rows=87)


table 6 : explain SELECT k, c FROM sbtest6 WHERE k BETWEEN 4784591 AND 4784691
	-> Index range scan on sbtest6 using k_6 over (4784591 <= k <= 4784691), with index condition: (sbtest6.k between 4784591 and 4784691)  (cost=48.4 rows=107)


table 7 : explain SELECT k, c FROM sbtest7 WHERE k BETWEEN 4784591 AND 4784691
	-> Index range scan on sbtest7 using k_7 over (4784591 <= k <= 4784691), with index condition: (sbtest7.k between 4784591 and 4784691)  (cost=48 rows=106)


table 8 : explain SELECT k, c FROM sbtest8 WHERE k BETWEEN 4784591 AND 4784691
	-> Index range scan on sbtest8 using k_8 over (4784591 <= k <= 4784691), with index condition: (sbtest8.k between 4784591 and 4784691)  (cost=42.6 rows=94)


for range-notcovered
table 1 : explain SELECT k, c FROM sbtest1 WHERE k BETWEEN 7783650 AND 7783750
	-> Index range scan on sbtest1 using k_1 over (7783650 <= k <= 7783750), with index condition: (sbtest1.k between 7783650 and 7783750)  (cost=52.5 rows=116)


table 2 : explain SELECT k, c FROM sbtest2 WHERE k BETWEEN 7783650 AND 7783750
	-> Index range scan on sbtest2 using k_2 over (7783650 <= k <= 7783750), with index condition: (sbtest2.k between 7783650 and 7783750)  (cost=43.9 rows=97)


table 3 : explain SELECT k, c FROM sbtest3 WHERE k BETWEEN 7783650 AND 7783750
	-> Index range scan on sbtest3 using k_3 over (7783650 <= k <= 7783750), with index condition: (sbtest3.k between 7783650 and 7783750)  (cost=38.5 rows=85)


table 4 : explain SELECT k, c FROM sbtest4 WHERE k BETWEEN 7783650 AND 7783750
	-> Index range scan on sbtest4 using k_4 over (7783650 <= k <= 7783750), with index condition: (sbtest4.k between 7783650 and 7783750)  (cost=44.8 rows=99)


table 5 : explain SELECT k, c FROM sbtest5 WHERE k BETWEEN 7783650 AND 7783750
	-> Index range scan on sbtest5 using k_5 over (7783650 <= k <= 7783750), with index condition: (sbtest5.k between 7783650 and 7783750)  (cost=44.4 rows=98)


table 6 : explain SELECT k, c FROM sbtest6 WHERE k BETWEEN 7783650 AND 7783750
	-> Index range scan on sbtest6 using k_6 over (7783650 <= k <= 7783750), with index condition: (sbtest6.k between 7783650 and 7783750)  (cost=47.5 rows=105)


table 7 : explain SELECT k, c FROM sbtest7 WHERE k BETWEEN 7783650 AND 7783750
	-> Index range scan on sbtest7 using k_7 over (7783650 <= k <= 7783750), with index condition: (sbtest7.k between 7783650 and 7783750)  (cost=46.6 rows=103)


table 8 : explain SELECT k, c FROM sbtest8 WHERE k BETWEEN 7783650 AND 7783750
	-> Index range scan on sbtest8 using k_8 over (7783650 <= k <= 7783750), with index condition: (sbtest8.k between 7783650 and 7783750)  (cost=47.5 rows=105)

explain: for range-notcovered :: explain SELECT k, c FROM sbtest%d WHERE k BETWEEN 6458757 AND 6458857explain: for range-notcovered :: explain SELECT k, c FROM sbtest%d WHERE k BETWEEN 2655227 AND 2655327

explain: for range-notcovered :: explain SELECT k, c FROM sbtest%d WHERE k BETWEEN 6594167 AND 6594267
explain: for range-notcovered :: explain SELECT k, c FROM sbtest%d WHERE k BETWEEN 3016335 AND 3016435
for range-notcovered
table 1 : explain SELECT k, c FROM sbtest1 WHERE k BETWEEN 4645412 AND 4645512
	-> Index range scan on sbtest1 using k_1 over (4645412 <= k <= 4645512), with index condition: (sbtest1.k between 4645412 and 4645512)  (cost=45.3 rows=100)


table 2 : explain SELECT k, c FROM sbtest2 WHERE k BETWEEN 4645412 AND 4645512
	-> Index range scan on sbtest2 using k_2 over (4645412 <= k <= 4645512), with index condition: (sbtest2.k between 4645412 and 4645512)  (cost=45.3 rows=100)


table 3 : explain SELECT k, c FROM sbtest3 WHERE k BETWEEN 4645412 AND 4645512
	-> Index range scan on sbtest3 using k_3 over (4645412 <= k <= 4645512), with index condition: (sbtest3.k between 4645412 and 4645512)  (cost=45.3 rows=100)


table 4 : explain SELECT k, c FROM sbtest4 WHERE k BETWEEN 4645412 AND 4645512
	-> Index range scan on sbtest4 using k_4 over (4645412 <= k <= 4645512), with index condition: (sbtest4.k between 4645412 and 4645512)  (cost=49.3 rows=109)


table 5 : explain SELECT k, c FROM sbtest5 WHERE k BETWEEN 4645412 AND 4645512
	-> Index range scan on sbtest5 using k_5 over (4645412 <= k <= 4645512), with index condition: (sbtest5.k between 4645412 and 4645512)  (cost=44.8 rows=99)


table 6 : explain SELECT k, c FROM sbtest6 WHERE k BETWEEN 4645412 AND 4645512
	-> Index range scan on sbtest6 using k_6 over (4645412 <= k <= 4645512), with index condition: (sbtest6.k between 4645412 and 4645512)  (cost=48.9 rows=108)


table 7 : explain SELECT k, c FROM sbtest7 WHERE k BETWEEN 4645412 AND 4645512
	-> Index range scan on sbtest7 using k_7 over (4645412 <= k <= 4645512), with index condition: (sbtest7.k between 4645412 and 4645512)  (cost=44.8 rows=99)


table 8 : explain SELECT k, c FROM sbtest8 WHERE k BETWEEN 4645412 AND 4645512
	-> Index range scan on sbtest8 using k_8 over (4645412 <= k <= 4645512), with index condition: (sbtest8.k between 4645412 and 4645512)  (cost=47.1 rows=104)


explain: for range-notcovered :: explain SELECT k, c FROM sbtest%d WHERE k BETWEEN 5091041 AND 5091141
explain: for range-notcovered :: explain SELECT k, c FROM sbtest%d WHERE k BETWEEN 4784591 AND 4784691

for range-notcovered
table 1 : explain SELECT k, c FROM sbtest1 WHERE k BETWEEN 6037781 AND 6037881
	-> Index range scan on sbtest1 using k_1 over (6037781 <= k <= 6037881), with index condition: (sbtest1.k between 6037781 and 6037881)  (cost=40.3 rows=89)


table 2 : explain SELECT k, c FROM sbtest2 WHERE k BETWEEN 6037781 AND 6037881
	-> Index range scan on sbtest2 using k_2 over (6037781 <= k <= 6037881), with index condition: (sbtest2.k between 6037781 and 6037881)  (cost=43.5 rows=96)


table 3 : explain SELECT k, c FROM sbtest3 WHERE k BETWEEN 6037781 AND 6037881
	-> Index range scan on sbtest3 using k_3 over (6037781 <= k <= 6037881), with index condition: (sbtest3.k between 6037781 and 6037881)  (cost=40.8 rows=90)


table 4 : explain SELECT k, c FROM sbtest4 WHERE k BETWEEN 6037781 AND 6037881
	-> Index range scan on sbtest4 using k_4 over (6037781 <= k <= 6037881), with index condition: (sbtest4.k between 6037781 and 6037881)  (cost=45.3 rows=100)


table 5 : explain SELECT k, c FROM sbtest5 WHERE k BETWEEN 6037781 AND 6037881
	-> Index range scan on sbtest5 using k_5 over (6037781 <= k <= 6037881), with index condition: (sbtest5.k between 6037781 and 6037881)  (cost=47.1 rows=104)


table 6 : explain SELECT k, c FROM sbtest6 WHERE k BETWEEN 6037781 AND 6037881
	-> Index range scan on sbtest6 using k_6 over (6037781 <= k <= 6037881), with index condition: (sbtest6.k between 6037781 and 6037881)  (cost=39.4 rows=87)


table 7 : explain SELECT k, c FROM sbtest7 WHERE k BETWEEN 6037781 AND 6037881
	-> Index range scan on sbtest7 using k_7 over (6037781 <= k <= 6037881), with index condition: (sbtest7.k between 6037781 and 6037881)  (cost=47.5 rows=105)


table 8 : explain SELECT k, c FROM sbtest8 WHERE k BETWEEN 6037781 AND 6037881
	-> Index range scan on sbtest8 using k_8 over (6037781 <= k <= 6037881), with index condition: (sbtest8.k between 6037781 and 6037881)  (cost=42.6 rows=94)


for range-notcovered
table 1 : explain SELECT k, c FROM sbtest1 WHERE k BETWEEN 7507441 AND 7507541
	-> Index range scan on sbtest1 using k_1 over (7507441 <= k <= 7507541), with index condition: (sbtest1.k between 7507441 and 7507541)  (cost=45.3 rows=100)


table 2 : explain SELECT k, c FROM sbtest2 WHERE k BETWEEN 7507441 AND 7507541
	-> Index range scan on sbtest2 using k_2 over (7507441 <= k <= 7507541), with index condition: (sbtest2.k between 7507441 and 7507541)  (cost=42.1 rows=93)


table 3 : explain SELECT k, c FROM sbtest3 WHERE k BETWEEN 7507441 AND 7507541
	-> Index range scan on sbtest3 using k_3 over (7507441 <= k <= 7507541), with index condition: (sbtest3.k between 7507441 and 7507541)  (cost=50.2 rows=111)


table 4 : explain SELECT k, c FROM sbtest4 WHERE k BETWEEN 7507441 AND 7507541
	-> Index range scan on sbtest4 using k_4 over (7507441 <= k <= 7507541), with index condition: (sbtest4.k between 7507441 and 7507541)  (cost=44.8 rows=99)


table 5 : explain SELECT k, c FROM sbtest5 WHERE k BETWEEN 7507441 AND 7507541
	-> Index range scan on sbtest5 using k_5 over (7507441 <= k <= 7507541), with index condition: (sbtest5.k between 7507441 and 7507541)  (cost=48.4 rows=107)


table 6 : explain SELECT k, c FROM sbtest6 WHERE k BETWEEN 7507441 AND 7507541
	-> Index range scan on sbtest6 using k_6 over (7507441 <= k <= 7507541), with index condition: (sbtest6.k between 7507441 and 7507541)  (cost=43 rows=95)


table 7 : explain SELECT k, c FROM sbtest7 WHERE k BETWEEN 7507441 AND 7507541
	-> Index range scan on sbtest7 using k_7 over (7507441 <= k <= 7507541), with index condition: (sbtest7.k between 7507441 and 7507541)  (cost=45.7 rows=101)


table 8 : explain SELECT k, c FROM sbtest8 WHERE k BETWEEN 7507441 AND 7507541
	-> Index range scan on sbtest8 using k_8 over (7507441 <= k <= 7507541), with index condition: (sbtest8.k between 7507441 and 7507541)  (cost=55.6 rows=123)


explain: for range-notcovered :: explain SELECT k, c FROM sbtest%d WHERE k BETWEEN 4645412 AND 4645512
for range-notcovered
table 1 : explain SELECT k, c FROM sbtest1 WHERE k BETWEEN 3209445 AND 3209545
	-> Index range scan on sbtest1 using k_1 over (3209445 <= k <= 3209545), with index condition: (sbtest1.k between 3209445 and 3209545)  (cost=39 rows=86)


table 2 : explain SELECT k, c FROM sbtest2 WHERE k BETWEEN 3209445 AND 3209545
	-> Index range scan on sbtest2 using k_2 over (3209445 <= k <= 3209545), with index condition: (sbtest2.k between 3209445 and 3209545)  (cost=52.5 rows=116)


table 3 : explain SELECT k, c FROM sbtest3 WHERE k BETWEEN 3209445 AND 3209545
	-> Index range scan on sbtest3 using k_3 over (3209445 <= k <= 3209545), with index condition: (sbtest3.k between 3209445 and 3209545)  (cost=47.5 rows=105)


table 4 : explain SELECT k, c FROM sbtest4 WHERE k BETWEEN 3209445 AND 3209545
	-> Index range scan on sbtest4 using k_4 over (3209445 <= k <= 3209545), with index condition: (sbtest4.k between 3209445 and 3209545)  (cost=43 rows=95)


table 5 : explain SELECT k, c FROM sbtest5 WHERE k BETWEEN 3209445 AND 3209545
	-> Index range scan on sbtest5 using k_5 over (3209445 <= k <= 3209545), with index condition: (sbtest5.k between 3209445 and 3209545)  (cost=45.7 rows=101)


table 6 : explain SELECT k, c FROM sbtest6 WHERE k BETWEEN 3209445 AND 3209545
	-> Index range scan on sbtest6 using k_6 over (3209445 <= k <= 3209545), with index condition: (sbtest6.k between 3209445 and 3209545)  (cost=38.1 rows=84)


table 7 : explain SELECT k, c FROM sbtest7 WHERE k BETWEEN 3209445 AND 3209545
	-> Index range scan on sbtest7 using k_7 over (3209445 <= k <= 3209545), with index condition: (sbtest7.k between 3209445 and 3209545)  (cost=52.9 rows=117)


table 8 : explain SELECT k, c FROM sbtest8 WHERE k BETWEEN 3209445 AND 3209545
	-> Index range scan on sbtest8 using k_8 over (3209445 <= k <= 3209545), with index condition: (sbtest8.k between 3209445 and 3209545)  (cost=49.3 rows=109)

explain: for range-notcovered :: explain SELECT k, c FROM sbtest%d WHERE k BETWEEN 7507441 AND 7507541explain: for range-notcovered :: explain SELECT k, c FROM sbtest%d WHERE k BETWEEN 6037781 AND 6037881
for range-notcovered
table 1 : explain SELECT k, c FROM sbtest1 WHERE k BETWEEN 4593795 AND 4593895
	-> Index range scan on sbtest1 using k_1 over (4593795 <= k <= 4593895), with index condition: (sbtest1.k between 4593795 and 4593895)  (cost=45.3 rows=100)


table 2 : explain SELECT k, c FROM sbtest2 WHERE k BETWEEN 4593795 AND 4593895
	-> Index range scan on sbtest2 using k_2 over (4593795 <= k <= 4593895), with index condition: (sbtest2.k between 4593795 and 4593895)  (cost=42.6 rows=94)


table 3 : explain SELECT k, c FROM sbtest3 WHERE k BETWEEN 4593795 AND 4593895
	-> Index range scan on sbtest3 using k_3 over (4593795 <= k <= 4593895), with index condition: (sbtest3.k between 4593795 and 4593895)  (cost=47.5 rows=105)


table 4 : explain SELECT k, c FROM sbtest4 WHERE k BETWEEN 4593795 AND 4593895
	-> Index range scan on sbtest4 using k_4 over (4593795 <= k <= 4593895), with index condition: (sbtest4.k between 4593795 and 4593895)  (cost=49.3 rows=109)


table 5 : explain SELECT k, c FROM sbtest5 WHERE k BETWEEN 4593795 AND 4593895
	-> Index range scan on sbtest5 using k_5 over (4593795 <= k <= 4593895), with index condition: (sbtest5.k between 4593795 and 4593895)  (cost=44.4 rows=98)


table 6 : explain SELECT k, c FROM sbtest6 WHERE k BETWEEN 4593795 AND 4593895
	-> Index range scan on sbtest6 using k_6 over (4593795 <= k <= 4593895), with index condition: (sbtest6.k between 4593795 and 4593895)  (cost=43.9 rows=97)


table 7 : explain SELECT k, c FROM sbtest7 WHERE k BETWEEN 4593795 AND 4593895
	-> Index range scan on sbtest7 using k_7 over (4593795 <= k <= 4593895), with index condition: (sbtest7.k between 4593795 and 4593895)  (cost=47.1 rows=104)


table 8 : explain SELECT k, c FROM sbtest8 WHERE k BETWEEN 4593795 AND 4593895
	-> Index range scan on sbtest8 using k_8 over (4593795 <= k <= 4593895), with index condition: (sbtest8.k between 4593795 and 4593895)  (cost=45.7 rows=101)



for range-notcovered
table 1 : explain SELECT k, c FROM sbtest1 WHERE k BETWEEN 2219702 AND 2219802
	-> Index range scan on sbtest1 using k_1 over (2219702 <= k <= 2219802), with index condition: (sbtest1.k between 2219702 and 2219802)  (cost=40.3 rows=89)


table 2 : explain SELECT k, c FROM sbtest2 WHERE k BETWEEN 2219702 AND 2219802
	-> Index range scan on sbtest2 using k_2 over (2219702 <= k <= 2219802), with index condition: (sbtest2.k between 2219702 and 2219802)  (cost=53.4 rows=118)


table 3 : explain SELECT k, c FROM sbtest3 WHERE k BETWEEN 2219702 AND 2219802
	-> Index range scan on sbtest3 using k_3 over (2219702 <= k <= 2219802), with index condition: (sbtest3.k between 2219702 and 2219802)  (cost=47.5 rows=105)


table 4 : explain SELECT k, c FROM sbtest4 WHERE k BETWEEN 2219702 AND 2219802
	-> Index range scan on sbtest4 using k_4 over (2219702 <= k <= 2219802), with index condition: (sbtest4.k between 2219702 and 2219802)  (cost=50.2 rows=111)


table 5 : explain SELECT k, c FROM sbtest5 WHERE k BETWEEN 2219702 AND 2219802
	-> Index range scan on sbtest5 using k_5 over (2219702 <= k <= 2219802), with index condition: (sbtest5.k between 2219702 and 2219802)  (cost=46.2 rows=102)


table 6 : explain SELECT k, c FROM sbtest6 WHERE k BETWEEN 2219702 AND 2219802
	-> Index range scan on sbtest6 using k_6 over (2219702 <= k <= 2219802), with index condition: (sbtest6.k between 2219702 and 2219802)  (cost=42.6 rows=94)


table 7 : explain SELECT k, c FROM sbtest7 WHERE k BETWEEN 2219702 AND 2219802
	-> Index range scan on sbtest7 using k_7 over (2219702 <= k <= 2219802), with index condition: (sbtest7.k between 2219702 and 2219802)  (cost=49.8 rows=110)


table 8 : explain SELECT k, c FROM sbtest8 WHERE k BETWEEN 2219702 AND 2219802
	-> Index range scan on sbtest8 using k_8 over (2219702 <= k <= 2219802), with index condition: (sbtest8.k between 2219702 and 2219802)  (cost=46.2 rows=102)


for range-notcovered
table 1 : explain SELECT k, c FROM sbtest1 WHERE k BETWEEN 5232353 AND 5232453
	-> Index range scan on sbtest1 using k_1 over (5232353 <= k <= 5232453), with index condition: (sbtest1.k between 5232353 and 5232453)  (cost=31.3 rows=69)


table 2 : explain SELECT k, c FROM sbtest2 WHERE k BETWEEN 5232353 AND 5232453
	-> Index range scan on sbtest2 using k_2 over (5232353 <= k <= 5232453), with index condition: (sbtest2.k between 5232353 and 5232453)  (cost=49.8 rows=110)


table 3 : explain SELECT k, c FROM sbtest3 WHERE k BETWEEN 5232353 AND 5232453
	-> Index range scan on sbtest3 using k_3 over (5232353 <= k <= 5232453), with index condition: (sbtest3.k between 5232353 and 5232453)  (cost=47.5 rows=105)


table 4 : explain SELECT k, c FROM sbtest4 WHERE k BETWEEN 5232353 AND 5232453
	-> Index range scan on sbtest4 using k_4 over (5232353 <= k <= 5232453), with index condition: (sbtest4.k between 5232353 and 5232453)  (cost=43.5 rows=96)


table 5 : explain SELECT k, c FROM sbtest5 WHERE k BETWEEN 5232353 AND 5232453
	-> Index range scan on sbtest5 using k_5 over (5232353 <= k <= 5232453), with index condition: (sbtest5.k between 5232353 and 5232453)  (cost=56.1 rows=124)


table 6 : explain SELECT k, c FROM sbtest6 WHERE k BETWEEN 5232353 AND 5232453
	-> Index range scan on sbtest6 using k_6 over (5232353 <= k <= 5232453), with index condition: (sbtest6.k between 5232353 and 5232453)  (cost=45.7 rows=101)


table 7 : explain SELECT k, c FROM sbtest7 WHERE k BETWEEN 5232353 AND 5232453
	-> Index range scan on sbtest7 using k_7 over (5232353 <= k <= 5232453), with index condition: (sbtest7.k between 5232353 and 5232453)  (cost=50.2 rows=111)


table 8 : explain SELECT k, c FROM sbtest8 WHERE k BETWEEN 5232353 AND 5232453
	-> Index range scan on sbtest8 using k_8 over (5232353 <= k <= 5232453), with index condition: (sbtest8.k between 5232353 and 5232453)  (cost=40.3 rows=89)


explain: for range-notcovered :: explain SELECT k, c FROM sbtest%d WHERE k BETWEEN 7783650 AND 7783750for range-notcovered
table 1 : explain SELECT k, c FROM sbtest1 WHERE k BETWEEN 5160046 AND 5160146
	-> Index range scan on sbtest1 using k_1 over (5160046 <= k <= 5160146), with index condition: (sbtest1.k between 5160046 and 5160146)  (cost=45.7 rows=101)


table 2 : explain SELECT k, c FROM sbtest2 WHERE k BETWEEN 5160046 AND 5160146
	-> Index range scan on sbtest2 using k_2 over (5160046 <= k <= 5160146), with index condition: (sbtest2.k between 5160046 and 5160146)  (cost=51.1 rows=113)


table 3 : explain SELECT k, c FROM sbtest3 WHERE k BETWEEN 5160046 AND 5160146
	-> Index range scan on sbtest3 using k_3 over (5160046 <= k <= 5160146), with index condition: (sbtest3.k between 5160046 and 5160146)  (cost=49.8 rows=110)


table 4 : explain SELECT k, c FROM sbtest4 WHERE k BETWEEN 5160046 AND 5160146
	-> Index range scan on sbtest4 using k_4 over (5160046 <= k <= 5160146), with index condition: (sbtest4.k between 5160046 and 5160146)  (cost=53.4 rows=118)


table 5 : explain SELECT k, c FROM sbtest5 WHERE k BETWEEN 5160046 AND 5160146
	-> Index range scan on sbtest5 using k_5 over (5160046 <= k <= 5160146), with index condition: (sbtest5.k between 5160046 and 5160146)  (cost=47.1 rows=104)


table 6 : explain SELECT k, c FROM sbtest6 WHERE k BETWEEN 5160046 AND 5160146
	-> Index range scan on sbtest6 using k_6 over (5160046 <= k <= 5160146), with index condition: (sbtest6.k between 5160046 and 5160146)  (cost=43 rows=95)


table 7 : explain SELECT k, c FROM sbtest7 WHERE k BETWEEN 5160046 AND 5160146
	-> Index range scan on sbtest7 using k_7 over (5160046 <= k <= 5160146), with index condition: (sbtest7.k between 5160046 and 5160146)  (cost=44.4 rows=98)


table 8 : explain SELECT k, c FROM sbtest8 WHERE k BETWEEN 5160046 AND 5160146
	-> Index range scan on sbtest8 using k_8 over (5160046 <= k <= 5160146), with index condition: (sbtest8.k between 5160046 and 5160146)  (cost=45.7 rows=101)



for range-notcovered
table 1 : explain SELECT k, c FROM sbtest1 WHERE k BETWEEN 909953 AND 910053
	-> Index range scan on sbtest1 using k_1 over (909953 <= k <= 910053), with index condition: (sbtest1.k between 909953 and 910053)  (cost=40.3 rows=89)


table 2 : explain SELECT k, c FROM sbtest2 WHERE k BETWEEN 909953 AND 910053
	-> Index range scan on sbtest2 using k_2 over (909953 <= k <= 910053), with index condition: (sbtest2.k between 909953 and 910053)  (cost=48.4 rows=107)


table 3 : explain SELECT k, c FROM sbtest3 WHERE k BETWEEN 909953 AND 910053
	-> Index range scan on sbtest3 using k_3 over (909953 <= k <= 910053), with index condition: (sbtest3.k between 909953 and 910053)  (cost=41.2 rows=91)


table 4 : explain SELECT k, c FROM sbtest4 WHERE k BETWEEN 909953 AND 910053
	-> Index range scan on sbtest4 using k_4 over (909953 <= k <= 910053), with index condition: (sbtest4.k between 909953 and 910053)  (cost=51.6 rows=114)


table 5 : explain SELECT k, c FROM sbtest5 WHERE k BETWEEN 909953 AND 910053
	-> Index range scan on sbtest5 using k_5 over (909953 <= k <= 910053), with index condition: (sbtest5.k between 909953 and 910053)  (cost=47.5 rows=105)


table 6 : explain SELECT k, c FROM sbtest6 WHERE k BETWEEN 909953 AND 910053
	-> Index range scan on sbtest6 using k_6 over (909953 <= k <= 910053), with index condition: (sbtest6.k between 909953 and 910053)  (cost=43 rows=95)


table 7 : explain SELECT k, c FROM sbtest7 WHERE k BETWEEN 909953 AND 910053
	-> Index range scan on sbtest7 using k_7 over (909953 <= k <= 910053), with index condition: (sbtest7.k between 909953 and 910053)  (cost=47.1 rows=104)


table 8 : explain SELECT k, c FROM sbtest8 WHERE k BETWEEN 909953 AND 910053
	-> Index range scan on sbtest8 using k_8 over (909953 <= k <= 910053), with index condition: (sbtest8.k between 909953 and 910053)  (cost=47.1 rows=104)


for range-notcovered
table 1 : explain SELECT k, c FROM sbtest1 WHERE k BETWEEN 6955538 AND 6955638
	-> Index range scan on sbtest1 using k_1 over (6955538 <= k <= 6955638), with index condition: (sbtest1.k between 6955538 and 6955638)  (cost=39.9 rows=88)


table 2 : explain SELECT k, c FROM sbtest2 WHERE k BETWEEN 6955538 AND 6955638
	-> Index range scan on sbtest2 using k_2 over (6955538 <= k <= 6955638), with index condition: (sbtest2.k between 6955538 and 6955638)  (cost=47.5 rows=105)


table 3 : explain SELECT k, c FROM sbtest3 WHERE k BETWEEN 6955538 AND 6955638
	-> Index range scan on sbtest3 using k_3 over (6955538 <= k <= 6955638), with index condition: (sbtest3.k between 6955538 and 6955638)  (cost=49.3 rows=109)


table 4 : explain SELECT k, c FROM sbtest4 WHERE k BETWEEN 6955538 AND 6955638
	-> Index range scan on sbtest4 using k_4 over (6955538 <= k <= 6955638), with index condition: (sbtest4.k between 6955538 and 6955638)  (cost=51.1 rows=113)


table 5 : explain SELECT k, c FROM sbtest5 WHERE k BETWEEN 6955538 AND 6955638
	-> Index range scan on sbtest5 using k_5 over (6955538 <= k <= 6955638), with index condition: (sbtest5.k between 6955538 and 6955638)  (cost=50.2 rows=111)


table 6 : explain SELECT k, c FROM sbtest6 WHERE k BETWEEN 6955538 AND 6955638
	-> Index range scan on sbtest6 using k_6 over (6955538 <= k <= 6955638), with index condition: (sbtest6.k between 6955538 and 6955638)  (cost=44.4 rows=98)


table 7 : explain SELECT k, c FROM sbtest7 WHERE k BETWEEN 6955538 AND 6955638
	-> Index range scan on sbtest7 using k_7 over (6955538 <= k <= 6955638), with index condition: (sbtest7.k between 6955538 and 6955638)  (cost=42.1 rows=93)


table 8 : explain SELECT k, c FROM sbtest8 WHERE k BETWEEN 6955538 AND 6955638
	-> Index range scan on sbtest8 using k_8 over (6955538 <= k <= 6955638), with index condition: (sbtest8.k between 6955538 and 6955638)  (cost=47.5 rows=105)

explain: for range-notcovered :: explain SELECT k, c FROM sbtest%d WHERE k BETWEEN 2219702 AND 2219802
for range-notcovered
table 1 : explain SELECT k, c FROM sbtest1 WHERE k BETWEEN 4143083 AND 4143183
	-> Index range scan on sbtest1 using k_1 over (4143083 <= k <= 4143183), with index condition: (sbtest1.k between 4143083 and 4143183)  (cost=46.6 rows=103)


table 2 : explain SELECT k, c FROM sbtest2 WHERE k BETWEEN 4143083 AND 4143183
	-> Index range scan on sbtest2 using k_2 over (4143083 <= k <= 4143183), with index condition: (sbtest2.k between 4143083 and 4143183)  (cost=37.6 rows=83)


table 3 : explain SELECT k, c FROM sbtest3 WHERE k BETWEEN 4143083 AND 4143183
	-> Index range scan on sbtest3 using k_3 over (4143083 <= k <= 4143183), with index condition: (sbtest3.k between 4143083 and 4143183)  (cost=46.6 rows=103)


table 4 : explain SELECT k, c FROM sbtest4 WHERE k BETWEEN 4143083 AND 4143183
	-> Index range scan on sbtest4 using k_4 over (4143083 <= k <= 4143183), with index condition: (sbtest4.k between 4143083 and 4143183)  (cost=49.3 rows=109)


table 5 : explain SELECT k, c FROM sbtest5 WHERE k BETWEEN 4143083 AND 4143183
	-> Index range scan on sbtest5 using k_5 over (4143083 <= k <= 4143183), with index condition: (sbtest5.k between 4143083 and 4143183)  (cost=56.1 rows=124)


table 6 : explain SELECT k, c FROM sbtest6 WHERE k BETWEEN 4143083 AND 4143183
	-> Index range scan on sbtest6 using k_6 over (4143083 <= k <= 4143183), with index condition: (sbtest6.k between 4143083 and 4143183)  (cost=48.9 rows=108)


table 7 : explain SELECT k, c FROM sbtest7 WHERE k BETWEEN 4143083 AND 4143183
	-> Index range scan on sbtest7 using k_7 over (4143083 <= k <= 4143183), with index condition: (sbtest7.k between 4143083 and 4143183)  (cost=43.5 rows=96)


table 8 : explain SELECT k, c FROM sbtest8 WHERE k BETWEEN 4143083 AND 4143183
	-> Index range scan on sbtest8 using k_8 over (4143083 <= k <= 4143183), with index condition: (sbtest8.k between 4143083 and 4143183)  (cost=43.5 rows=96)




explain: for range-notcovered :: explain SELECT k, c FROM sbtest%d WHERE k BETWEEN 5160046 AND 5160146
explain: for range-notcovered :: explain SELECT k, c FROM sbtest%d WHERE k BETWEEN 4593795 AND 4593895for range-notcovered
table 1 : explain SELECT k, c FROM sbtest1 WHERE k BETWEEN 9009088 AND 9009188
	-> Index range scan on sbtest1 using k_1 over (9009088 <= k <= 9009188), with index condition: (sbtest1.k between 9009088 and 9009188)  (cost=51.6 rows=114)


table 2 : explain SELECT k, c FROM sbtest2 WHERE k BETWEEN 9009088 AND 9009188
	-> Index range scan on sbtest2 using k_2 over (9009088 <= k <= 9009188), with index condition: (sbtest2.k between 9009088 and 9009188)  (cost=54.3 rows=120)


table 3 : explain SELECT k, c FROM sbtest3 WHERE k BETWEEN 9009088 AND 9009188
	-> Index range scan on sbtest3 using k_3 over (9009088 <= k <= 9009188), with index condition: (sbtest3.k between 9009088 and 9009188)  (cost=54.3 rows=120)


table 4 : explain SELECT k, c FROM sbtest4 WHERE k BETWEEN 9009088 AND 9009188
	-> Index range scan on sbtest4 using k_4 over (9009088 <= k <= 9009188), with index condition: (sbtest4.k between 9009088 and 9009188)  (cost=44.8 rows=99)


table 5 : explain SELECT k, c FROM sbtest5 WHERE k BETWEEN 9009088 AND 9009188
	-> Index range scan on sbtest5 using k_5 over (9009088 <= k <= 9009188), with index condition: (sbtest5.k between 9009088 and 9009188)  (cost=42.6 rows=94)


table 6 : explain SELECT k, c FROM sbtest6 WHERE k BETWEEN 9009088 AND 9009188
	-> Index range scan on sbtest6 using k_6 over (9009088 <= k <= 9009188), with index condition: (sbtest6.k between 9009088 and 9009188)  (cost=35.8 rows=79)


table 7 : explain SELECT k, c FROM sbtest7 WHERE k BETWEEN 9009088 AND 9009188
	-> Index range scan on sbtest7 using k_7 over (9009088 <= k <= 9009188), with index condition: (sbtest7.k between 9009088 and 9009188)  (cost=38.5 rows=85)


table 8 : explain SELECT k, c FROM sbtest8 WHERE k BETWEEN 9009088 AND 9009188
	-> Index range scan on sbtest8 using k_8 over (9009088 <= k <= 9009188), with index condition: (sbtest8.k between 9009088 and 9009188)  (cost=44.8 rows=99)

explain: for range-notcovered :: explain SELECT k, c FROM sbtest%d WHERE k BETWEEN 5232353 AND 5232453
explain: for range-notcovered :: explain SELECT k, c FROM sbtest%d WHERE k BETWEEN 909953 AND 910053


explain: for range-notcovered :: explain SELECT k, c FROM sbtest%d WHERE k BETWEEN 6955538 AND 6955638
for range-notcovered
table 1 : explain SELECT k, c FROM sbtest1 WHERE k BETWEEN 2291520 AND 2291620
	-> Index range scan on sbtest1 using k_1 over (2291520 <= k <= 2291620), with index condition: (sbtest1.k between 2291520 and 2291620)  (cost=47.1 rows=104)


table 2 : explain SELECT k, c FROM sbtest2 WHERE k BETWEEN 2291520 AND 2291620
	-> Index range scan on sbtest2 using k_2 over (2291520 <= k <= 2291620), with index condition: (sbtest2.k between 2291520 and 2291620)  (cost=45.3 rows=100)


table 3 : explain SELECT k, c FROM sbtest3 WHERE k BETWEEN 2291520 AND 2291620
	-> Index range scan on sbtest3 using k_3 over (2291520 <= k <= 2291620), with index condition: (sbtest3.k between 2291520 and 2291620)  (cost=47.5 rows=105)


table 4 : explain SELECT k, c FROM sbtest4 WHERE k BETWEEN 2291520 AND 2291620
	-> Index range scan on sbtest4 using k_4 over (2291520 <= k <= 2291620), with index condition: (sbtest4.k between 2291520 and 2291620)  (cost=45.7 rows=101)


table 5 : explain SELECT k, c FROM sbtest5 WHERE k BETWEEN 2291520 AND 2291620
	-> Index range scan on sbtest5 using k_5 over (2291520 <= k <= 2291620), with index condition: (sbtest5.k between 2291520 and 2291620)  (cost=47.5 rows=105)


table 6 : explain SELECT k, c FROM sbtest6 WHERE k BETWEEN 2291520 AND 2291620
	-> Index range scan on sbtest6 using k_6 over (2291520 <= k <= 2291620), with index condition: (sbtest6.k between 2291520 and 2291620)  (cost=47.5 rows=105)


table 7 : explain SELECT k, c FROM sbtest7 WHERE k BETWEEN 2291520 AND 2291620
	-> Index range scan on sbtest7 using k_7 over (2291520 <= k <= 2291620), with index condition: (sbtest7.k between 2291520 and 2291620)  (cost=46.6 rows=103)


table 8 : explain SELECT k, c FROM sbtest8 WHERE k BETWEEN 2291520 AND 2291620
	-> Index range scan on sbtest8 using k_8 over (2291520 <= k <= 2291620), with index condition: (sbtest8.k between 2291520 and 2291620)  (cost=43 rows=95)


explain: for range-notcovered :: explain SELECT k, c FROM sbtest%d WHERE k BETWEEN 4143083 AND 4143183
for range-notcovered
table 1 : explain SELECT k, c FROM sbtest1 WHERE k BETWEEN 5941719 AND 5941819
	-> Index range scan on sbtest1 using k_1 over (5941719 <= k <= 5941819), with index condition: (sbtest1.k between 5941719 and 5941819)  (cost=48.4 rows=107)


table 2 : explain SELECT k, c FROM sbtest2 WHERE k BETWEEN 5941719 AND 5941819
	-> Index range scan on sbtest2 using k_2 over (5941719 <= k <= 5941819), with index condition: (sbtest2.k between 5941719 and 5941819)  (cost=41.7 rows=92)


table 3 : explain SELECT k, c FROM sbtest3 WHERE k BETWEEN 5941719 AND 5941819
	-> Index range scan on sbtest3 using k_3 over (5941719 <= k <= 5941819), with index condition: (sbtest3.k between 5941719 and 5941819)  (cost=45.7 rows=101)


table 4 : explain SELECT k, c FROM sbtest4 WHERE k BETWEEN 5941719 AND 5941819
	-> Index range scan on sbtest4 using k_4 over (5941719 <= k <= 5941819), with index condition: (sbtest4.k between 5941719 and 5941819)  (cost=44.4 rows=98)


table 5 : explain SELECT k, c FROM sbtest5 WHERE k BETWEEN 5941719 AND 5941819
	-> Index range scan on sbtest5 using k_5 over (5941719 <= k <= 5941819), with index condition: (sbtest5.k between 5941719 and 5941819)  (cost=48.4 rows=107)


table 6 : explain SELECT k, c FROM sbtest6 WHERE k BETWEEN 5941719 AND 5941819
	-> Index range scan on sbtest6 using k_6 over (5941719 <= k <= 5941819), with index condition: (sbtest6.k between 5941719 and 5941819)  (cost=43.5 rows=96)


table 7 : explain SELECT k, c FROM sbtest7 WHERE k BETWEEN 5941719 AND 5941819
	-> Index range scan on sbtest7 using k_7 over (5941719 <= k <= 5941819), with index condition: (sbtest7.k between 5941719 and 5941819)  (cost=47.1 rows=104)


table 8 : explain SELECT k, c FROM sbtest8 WHERE k BETWEEN 5941719 AND 5941819
	-> Index range scan on sbtest8 using k_8 over (5941719 <= k <= 5941819), with index condition: (sbtest8.k between 5941719 and 5941819)  (cost=46.6 rows=103)

explain: for range-notcovered :: explain SELECT k, c FROM sbtest%d WHERE k BETWEEN 9009088 AND 9009188
explain: for range-notcovered :: explain SELECT k, c FROM sbtest%d WHERE k BETWEEN 3209445 AND 3209545

explain: for range-notcovered :: explain SELECT k, c FROM sbtest%d WHERE k BETWEEN 2291520 AND 2291620
for range-notcovered
table 1 : explain SELECT k, c FROM sbtest1 WHERE k BETWEEN 5266661 AND 5266761
	-> Index range scan on sbtest1 using k_1 over (5266661 <= k <= 5266761), with index condition: (sbtest1.k between 5266661 and 5266761)  (cost=50.7 rows=112)


table 2 : explain SELECT k, c FROM sbtest2 WHERE k BETWEEN 5266661 AND 5266761
	-> Index range scan on sbtest2 using k_2 over (5266661 <= k <= 5266761), with index condition: (sbtest2.k between 5266661 and 5266761)  (cost=44.8 rows=99)


table 3 : explain SELECT k, c FROM sbtest3 WHERE k BETWEEN 5266661 AND 5266761
	-> Index range scan on sbtest3 using k_3 over (5266661 <= k <= 5266761), with index condition: (sbtest3.k between 5266661 and 5266761)  (cost=53.4 rows=118)


table 4 : explain SELECT k, c FROM sbtest4 WHERE k BETWEEN 5266661 AND 5266761
	-> Index range scan on sbtest4 using k_4 over (5266661 <= k <= 5266761), with index condition: (sbtest4.k between 5266661 and 5266761)  (cost=41.7 rows=92)


table 5 : explain SELECT k, c FROM sbtest5 WHERE k BETWEEN 5266661 AND 5266761
	-> Index range scan on sbtest5 using k_5 over (5266661 <= k <= 5266761), with index condition: (sbtest5.k between 5266661 and 5266761)  (cost=44.8 rows=99)


table 6 : explain SELECT k, c FROM sbtest6 WHERE k BETWEEN 5266661 AND 5266761
	-> Index range scan on sbtest6 using k_6 over (5266661 <= k <= 5266761), with index condition: (sbtest6.k between 5266661 and 5266761)  (cost=45.7 rows=101)


table 7 : explain SELECT k, c FROM sbtest7 WHERE k BETWEEN 5266661 AND 5266761
	-> Index range scan on sbtest7 using k_7 over (5266661 <= k <= 5266761), with index condition: (sbtest7.k between 5266661 and 5266761)  (cost=42.1 rows=93)


table 8 : explain SELECT k, c FROM sbtest8 WHERE k BETWEEN 5266661 AND 5266761
	-> Index range scan on sbtest8 using k_8 over (5266661 <= k <= 5266761), with index condition: (sbtest8.k between 5266661 and 5266761)  (cost=45.3 rows=100)


for range-notcovered
table 1 : explain SELECT k, c FROM sbtest1 WHERE k BETWEEN 1233980 AND 1234080
	-> Index range scan on sbtest1 using k_1 over (1233980 <= k <= 1234080), with index condition: (sbtest1.k between 1233980 and 1234080)  (cost=48 rows=106)


table 2 : explain SELECT k, c FROM sbtest2 WHERE k BETWEEN 1233980 AND 1234080
	-> Index range scan on sbtest2 using k_2 over (1233980 <= k <= 1234080), with index condition: (sbtest2.k between 1233980 and 1234080)  (cost=46.2 rows=102)


table 3 : explain SELECT k, c FROM sbtest3 WHERE k BETWEEN 1233980 AND 1234080
	-> Index range scan on sbtest3 using k_3 over (1233980 <= k <= 1234080), with index condition: (sbtest3.k between 1233980 and 1234080)  (cost=45.3 rows=100)


table 4 : explain SELECT k, c FROM sbtest4 WHERE k BETWEEN 1233980 AND 1234080
	-> Index range scan on sbtest4 using k_4 over (1233980 <= k <= 1234080), with index condition: (sbtest4.k between 1233980 and 1234080)  (cost=48.9 rows=108)


table 5 : explain SELECT k, c FROM sbtest5 WHERE k BETWEEN 1233980 AND 1234080
	-> Index range scan on sbtest5 using k_5 over (1233980 <= k <= 1234080), with index condition: (sbtest5.k between 1233980 and 1234080)  (cost=37.2 rows=82)


table 6 : explain SELECT k, c FROM sbtest6 WHERE k BETWEEN 1233980 AND 1234080
	-> Index range scan on sbtest6 using k_6 over (1233980 <= k <= 1234080), with index condition: (sbtest6.k between 1233980 and 1234080)  (cost=55.2 rows=122)


table 7 : explain SELECT k, c FROM sbtest7 WHERE k BETWEEN 1233980 AND 1234080
	-> Index range scan on sbtest7 using k_7 over (1233980 <= k <= 1234080), with index condition: (sbtest7.k between 1233980 and 1234080)  (cost=47.1 rows=104)


table 8 : explain SELECT k, c FROM sbtest8 WHERE k BETWEEN 1233980 AND 1234080
	-> Index range scan on sbtest8 using k_8 over (1233980 <= k <= 1234080), with index condition: (sbtest8.k between 1233980 and 1234080)  (cost=49.3 rows=109)


explain: for range-notcovered :: explain SELECT k, c FROM sbtest%d WHERE k BETWEEN 5941719 AND 5941819
for range-notcovered
table 1 : explain SELECT k, c FROM sbtest1 WHERE k BETWEEN 6302321 AND 6302421
	-> Index range scan on sbtest1 using k_1 over (6302321 <= k <= 6302421), with index condition: (sbtest1.k between 6302321 and 6302421)  (cost=45.7 rows=101)


table 2 : explain SELECT k, c FROM sbtest2 WHERE k BETWEEN 6302321 AND 6302421
	-> Index range scan on sbtest2 using k_2 over (6302321 <= k <= 6302421), with index condition: (sbtest2.k between 6302321 and 6302421)  (cost=42.1 rows=93)


table 3 : explain SELECT k, c FROM sbtest3 WHERE k BETWEEN 6302321 AND 6302421
	-> Index range scan on sbtest3 using k_3 over (6302321 <= k <= 6302421), with index condition: (sbtest3.k between 6302321 and 6302421)  (cost=48.9 rows=108)


table 4 : explain SELECT k, c FROM sbtest4 WHERE k BETWEEN 6302321 AND 6302421
	-> Index range scan on sbtest4 using k_4 over (6302321 <= k <= 6302421), with index condition: (sbtest4.k between 6302321 and 6302421)  (cost=41.2 rows=91)


table 5 : explain SELECT k, c FROM sbtest5 WHERE k BETWEEN 6302321 AND 6302421
	-> Index range scan on sbtest5 using k_5 over (6302321 <= k <= 6302421), with index condition: (sbtest5.k between 6302321 and 6302421)  (cost=39.4 rows=87)


table 6 : explain SELECT k, c FROM sbtest6 WHERE k BETWEEN 6302321 AND 6302421
	-> Index range scan on sbtest6 using k_6 over (6302321 <= k <= 6302421), with index condition: (sbtest6.k between 6302321 and 6302421)  (cost=49.3 rows=109)


table 7 : explain SELECT k, c FROM sbtest7 WHERE k BETWEEN 6302321 AND 6302421
	-> Index range scan on sbtest7 using k_7 over (6302321 <= k <= 6302421), with index condition: (sbtest7.k between 6302321 and 6302421)  (cost=47.1 rows=104)


table 8 : explain SELECT k, c FROM sbtest8 WHERE k BETWEEN 6302321 AND 6302421
	-> Index range scan on sbtest8 using k_8 over (6302321 <= k <= 6302421), with index condition: (sbtest8.k between 6302321 and 6302421)  (cost=39.4 rows=87)


explain: for range-notcovered :: explain SELECT k, c FROM sbtest%d WHERE k BETWEEN 5266661 AND 5266761
explain: for range-notcovered :: explain SELECT k, c FROM sbtest%d WHERE k BETWEEN 1233980 AND 1234080
for range-notcovered
table 1 : explain SELECT k, c FROM sbtest1 WHERE k BETWEEN 7014826 AND 7014926
	-> Index range scan on sbtest1 using k_1 over (7014826 <= k <= 7014926), with index condition: (sbtest1.k between 7014826 and 7014926)  (cost=43 rows=95)


table 2 : explain SELECT k, c FROM sbtest2 WHERE k BETWEEN 7014826 AND 7014926
	-> Index range scan on sbtest2 using k_2 over (7014826 <= k <= 7014926), with index condition: (sbtest2.k between 7014826 and 7014926)  (cost=46.2 rows=102)


table 3 : explain SELECT k, c FROM sbtest3 WHERE k BETWEEN 7014826 AND 7014926
	-> Index range scan on sbtest3 using k_3 over (7014826 <= k <= 7014926), with index condition: (sbtest3.k between 7014826 and 7014926)  (cost=52 rows=115)


table 4 : explain SELECT k, c FROM sbtest4 WHERE k BETWEEN 7014826 AND 7014926
	-> Index range scan on sbtest4 using k_4 over (7014826 <= k <= 7014926), with index condition: (sbtest4.k between 7014826 and 7014926)  (cost=42.6 rows=94)


table 5 : explain SELECT k, c FROM sbtest5 WHERE k BETWEEN 7014826 AND 7014926
	-> Index range scan on sbtest5 using k_5 over (7014826 <= k <= 7014926), with index condition: (sbtest5.k between 7014826 and 7014926)  (cost=48 rows=106)


table 6 : explain SELECT k, c FROM sbtest6 WHERE k BETWEEN 7014826 AND 7014926
	-> Index range scan on sbtest6 using k_6 over (7014826 <= k <= 7014926), with index condition: (sbtest6.k between 7014826 and 7014926)  (cost=45.7 rows=101)


table 7 : explain SELECT k, c FROM sbtest7 WHERE k BETWEEN 7014826 AND 7014926
	-> Index range scan on sbtest7 using k_7 over (7014826 <= k <= 7014926), with index condition: (sbtest7.k between 7014826 and 7014926)  (cost=45.3 rows=100)


table 8 : explain SELECT k, c FROM sbtest8 WHERE k BETWEEN 7014826 AND 7014926
	-> Index range scan on sbtest8 using k_8 over (7014826 <= k <= 7014926), with index condition: (sbtest8.k between 7014826 and 7014926)  (cost=46.2 rows=102)


for range-notcovered
table 1 : explain SELECT k, c FROM sbtest1 WHERE k BETWEEN 5335326 AND 5335426
	-> Index range scan on sbtest1 using k_1 over (5335326 <= k <= 5335426), with index condition: (sbtest1.k between 5335326 and 5335426)  (cost=47.1 rows=104)


table 2 : explain SELECT k, c FROM sbtest2 WHERE k BETWEEN 5335326 AND 5335426
	-> Index range scan on sbtest2 using k_2 over (5335326 <= k <= 5335426), with index condition: (sbtest2.k between 5335326 and 5335426)  (cost=47.1 rows=104)


table 3 : explain SELECT k, c FROM sbtest3 WHERE k BETWEEN 5335326 AND 5335426
	-> Index range scan on sbtest3 using k_3 over (5335326 <= k <= 5335426), with index condition: (sbtest3.k between 5335326 and 5335426)  (cost=41.7 rows=92)


table 4 : explain SELECT k, c FROM sbtest4 WHERE k BETWEEN 5335326 AND 5335426
	-> Index range scan on sbtest4 using k_4 over (5335326 <= k <= 5335426), with index condition: (sbtest4.k between 5335326 and 5335426)  (cost=50.7 rows=112)


table 5 : explain SELECT k, c FROM sbtest5 WHERE k BETWEEN 5335326 AND 5335426
	-> Index range scan on sbtest5 using k_5 over (5335326 <= k <= 5335426), with index condition: (sbtest5.k between 5335326 and 5335426)  (cost=43.5 rows=96)


table 6 : explain SELECT k, c FROM sbtest6 WHERE k BETWEEN 5335326 AND 5335426
	-> Index range scan on sbtest6 using k_6 over (5335326 <= k <= 5335426), with index condition: (sbtest6.k between 5335326 and 5335426)  (cost=48.4 rows=107)


table 7 : explain SELECT k, c FROM sbtest7 WHERE k BETWEEN 5335326 AND 5335426
	-> Index range scan on sbtest7 using k_7 over (5335326 <= k <= 5335426), with index condition: (sbtest7.k between 5335326 and 5335426)  (cost=42.1 rows=93)


table 8 : explain SELECT k, c FROM sbtest8 WHERE k BETWEEN 5335326 AND 5335426
	-> Index range scan on sbtest8 using k_8 over (5335326 <= k <= 5335426), with index condition: (sbtest8.k between 5335326 and 5335426)  (cost=48.4 rows=107)


for range-notcovered
table 1 : explain SELECT k, c FROM sbtest1 WHERE k BETWEEN 4178071 AND 4178171
	-> Index range scan on sbtest1 using k_1 over (4178071 <= k <= 4178171), with index condition: (sbtest1.k between 4178071 and 4178171)  (cost=50.7 rows=112)


table 2 : explain SELECT k, c FROM sbtest2 WHERE k BETWEEN 4178071 AND 4178171
	-> Index range scan on sbtest2 using k_2 over (4178071 <= k <= 4178171), with index condition: (sbtest2.k between 4178071 and 4178171)  (cost=43.5 rows=96)


table 3 : explain SELECT k, c FROM sbtest3 WHERE k BETWEEN 4178071 AND 4178171
	-> Index range scan on sbtest3 using k_3 over (4178071 <= k <= 4178171), with index condition: (sbtest3.k between 4178071 and 4178171)  (cost=42.6 rows=94)


table 4 : explain SELECT k, c FROM sbtest4 WHERE k BETWEEN 4178071 AND 4178171
	-> Index range scan on sbtest4 using k_4 over (4178071 <= k <= 4178171), with index condition: (sbtest4.k between 4178071 and 4178171)  (cost=53.4 rows=118)


table 5 : explain SELECT k, c FROM sbtest5 WHERE k BETWEEN 4178071 AND 4178171
	-> Index range scan on sbtest5 using k_5 over (4178071 <= k <= 4178171), with index condition: (sbtest5.k between 4178071 and 4178171)  (cost=48.9 rows=108)


table 6 : explain SELECT k, c FROM sbtest6 WHERE k BETWEEN 4178071 AND 4178171
	-> Index range scan on sbtest6 using k_6 over (4178071 <= k <= 4178171), with index condition: (sbtest6.k between 4178071 and 4178171)  (cost=43.9 rows=97)


table 7 : explain SELECT k, c FROM sbtest7 WHERE k BETWEEN 4178071 AND 4178171
	-> Index range scan on sbtest7 using k_7 over (4178071 <= k <= 4178171), with index condition: (sbtest7.k between 4178071 and 4178171)  (cost=53.8 rows=119)


table 8 : explain SELECT k, c FROM sbtest8 WHERE k BETWEEN 4178071 AND 4178171
	-> Index range scan on sbtest8 using k_8 over (4178071 <= k <= 4178171), with index condition: (sbtest8.k between 4178071 and 4178171)  (cost=49.8 rows=110)


for range-notcovered
table 1 : explain SELECT k, c FROM sbtest1 WHERE k BETWEEN 5322439 AND 5322539
	-> Index range scan on sbtest1 using k_1 over (5322439 <= k <= 5322539), with index condition: (sbtest1.k between 5322439 and 5322539)  (cost=43.9 rows=97)


table 2 : explain SELECT k, c FROM sbtest2 WHERE k BETWEEN 5322439 AND 5322539
	-> Index range scan on sbtest2 using k_2 over (5322439 <= k <= 5322539), with index condition: (sbtest2.k between 5322439 and 5322539)  (cost=40.3 rows=89)


table 3 : explain SELECT k, c FROM sbtest3 WHERE k BETWEEN 5322439 AND 5322539
	-> Index range scan on sbtest3 using k_3 over (5322439 <= k <= 5322539), with index condition: (sbtest3.k between 5322439 and 5322539)  (cost=38.1 rows=84)


table 4 : explain SELECT k, c FROM sbtest4 WHERE k BETWEEN 5322439 AND 5322539
	-> Index range scan on sbtest4 using k_4 over (5322439 <= k <= 5322539), with index condition: (sbtest4.k between 5322439 and 5322539)  (cost=51.6 rows=114)


table 5 : explain SELECT k, c FROM sbtest5 WHERE k BETWEEN 5322439 AND 5322539
	-> Index range scan on sbtest5 using k_5 over (5322439 <= k <= 5322539), with index condition: (sbtest5.k between 5322439 and 5322539)  (cost=37.6 rows=83)


table 6 : explain SELECT k, c FROM sbtest6 WHERE k BETWEEN 5322439 AND 5322539
	-> Index range scan on sbtest6 using k_6 over (5322439 <= k <= 5322539), with index condition: (sbtest6.k between 5322439 and 5322539)  (cost=48.4 rows=107)


table 7 : explain SELECT k, c FROM sbtest7 WHERE k BETWEEN 5322439 AND 5322539
	-> Index range scan on sbtest7 using k_7 over (5322439 <= k <= 5322539), with index condition: (sbtest7.k between 5322439 and 5322539)  (cost=46.6 rows=103)


table 8 : explain SELECT k, c FROM sbtest8 WHERE k BETWEEN 5322439 AND 5322539
	-> Index range scan on sbtest8 using k_8 over (5322439 <= k <= 5322539), with index condition: (sbtest8.k between 5322439 and 5322539)  (cost=46.6 rows=103)


explain: for range-notcovered :: explain SELECT k, c FROM sbtest%d WHERE k BETWEEN 6302321 AND 6302421
for range-notcovered
table 1 : explain SELECT k, c FROM sbtest1 WHERE k BETWEEN 1708641 AND 1708741
	-> Index range scan on sbtest1 using k_1 over (1708641 <= k <= 1708741), with index condition: (sbtest1.k between 1708641 and 1708741)  (cost=45.3 rows=100)


table 2 : explain SELECT k, c FROM sbtest2 WHERE k BETWEEN 1708641 AND 1708741
	-> Index range scan on sbtest2 using k_2 over (1708641 <= k <= 1708741), with index condition: (sbtest2.k between 1708641 and 1708741)  (cost=45.7 rows=101)


table 3 : explain SELECT k, c FROM sbtest3 WHERE k BETWEEN 1708641 AND 1708741
	-> Index range scan on sbtest3 using k_3 over (1708641 <= k <= 1708741), with index condition: (sbtest3.k between 1708641 and 1708741)  (cost=40.3 rows=89)


table 4 : explain SELECT k, c FROM sbtest4 WHERE k BETWEEN 1708641 AND 1708741
	-> Index range scan on sbtest4 using k_4 over (1708641 <= k <= 1708741), with index condition: (sbtest4.k between 1708641 and 1708741)  (cost=48.4 rows=107)


table 5 : explain SELECT k, c FROM sbtest5 WHERE k BETWEEN 1708641 AND 1708741
	-> Index range scan on sbtest5 using k_5 over (1708641 <= k <= 1708741), with index condition: (sbtest5.k between 1708641 and 1708741)  (cost=51.6 rows=114)


table 6 : explain SELECT k, c FROM sbtest6 WHERE k BETWEEN 1708641 AND 1708741
	-> Index range scan on sbtest6 using k_6 over (1708641 <= k <= 1708741), with index condition: (sbtest6.k between 1708641 and 1708741)  (cost=46.6 rows=103)


table 7 : explain SELECT k, c FROM sbtest7 WHERE k BETWEEN 1708641 AND 1708741
	-> Index range scan on sbtest7 using k_7 over (1708641 <= k <= 1708741), with index condition: (sbtest7.k between 1708641 and 1708741)  (cost=43.5 rows=96)


table 8 : explain SELECT k, c FROM sbtest8 WHERE k BETWEEN 1708641 AND 1708741
	-> Index range scan on sbtest8 using k_8 over (1708641 <= k <= 1708741), with index condition: (sbtest8.k between 1708641 and 1708741)  (cost=47.1 rows=104)


explain: for range-notcovered :: explain SELECT k, c FROM sbtest%d WHERE k BETWEEN 7014826 AND 7014926
for range-notcovered
table 1 : explain SELECT k, c FROM sbtest1 WHERE k BETWEEN 7430313 AND 7430413
	-> Index range scan on sbtest1 using k_1 over (7430313 <= k <= 7430413), with index condition: (sbtest1.k between 7430313 and 7430413)  (cost=42.1 rows=93)


table 2 : explain SELECT k, c FROM sbtest2 WHERE k BETWEEN 7430313 AND 7430413
	-> Index range scan on sbtest2 using k_2 over (7430313 <= k <= 7430413), with index condition: (sbtest2.k between 7430313 and 7430413)  (cost=49.8 rows=110)


table 3 : explain SELECT k, c FROM sbtest3 WHERE k BETWEEN 7430313 AND 7430413
	-> Index range scan on sbtest3 using k_3 over (7430313 <= k <= 7430413), with index condition: (sbtest3.k between 7430313 and 7430413)  (cost=44.8 rows=99)


table 4 : explain SELECT k, c FROM sbtest4 WHERE k BETWEEN 7430313 AND 7430413
	-> Index range scan on sbtest4 using k_4 over (7430313 <= k <= 7430413), with index condition: (sbtest4.k between 7430313 and 7430413)  (cost=45.7 rows=101)


table 5 : explain SELECT k, c FROM sbtest5 WHERE k BETWEEN 7430313 AND 7430413
	-> Index range scan on sbtest5 using k_5 over (7430313 <= k <= 7430413), with index condition: (sbtest5.k between 7430313 and 7430413)  (cost=44.8 rows=99)


table 6 : explain SELECT k, c FROM sbtest6 WHERE k BETWEEN 7430313 AND 7430413
	-> Index range scan on sbtest6 using k_6 over (7430313 <= k <= 7430413), with index condition: (sbtest6.k between 7430313 and 7430413)  (cost=46.2 rows=102)


table 7 : explain SELECT k, c FROM sbtest7 WHERE k BETWEEN 7430313 AND 7430413
	-> Index range scan on sbtest7 using k_7 over (7430313 <= k <= 7430413), with index condition: (sbtest7.k between 7430313 and 7430413)  (cost=48 rows=106)


table 8 : explain SELECT k, c FROM sbtest8 WHERE k BETWEEN 7430313 AND 7430413
	-> Index range scan on sbtest8 using k_8 over (7430313 <= k <= 7430413), with index condition: (sbtest8.k between 7430313 and 7430413)  (cost=39.4 rows=87)

explain: for range-notcovered :: explain SELECT k, c FROM sbtest%d WHERE k BETWEEN 5335326 AND 5335426for range-notcovered
table 1 : explain SELECT k, c FROM sbtest1 WHERE k BETWEEN 3500666 AND 3500766
	-> Index range scan on sbtest1 using k_1 over (3500666 <= k <= 3500766), with index condition: (sbtest1.k between 3500666 and 3500766)  (cost=48.4 rows=107)


table 2 : explain SELECT k, c FROM sbtest2 WHERE k BETWEEN 3500666 AND 3500766
	-> Index range scan on sbtest2 using k_2 over (3500666 <= k <= 3500766), with index condition: (sbtest2.k between 3500666 and 3500766)  (cost=50.2 rows=111)


table 3 : explain SELECT k, c FROM sbtest3 WHERE k BETWEEN 3500666 AND 3500766
	-> Index range scan on sbtest3 using k_3 over (3500666 <= k <= 3500766), with index condition: (sbtest3.k between 3500666 and 3500766)  (cost=42.6 rows=94)


table 4 : explain SELECT k, c FROM sbtest4 WHERE k BETWEEN 3500666 AND 3500766
	-> Index range scan on sbtest4 using k_4 over (3500666 <= k <= 3500766), with index condition: (sbtest4.k between 3500666 and 3500766)  (cost=43.5 rows=96)


table 5 : explain SELECT k, c FROM sbtest5 WHERE k BETWEEN 3500666 AND 3500766
	-> Index range scan on sbtest5 using k_5 over (3500666 <= k <= 3500766), with index condition: (sbtest5.k between 3500666 and 3500766)  (cost=44.8 rows=99)


table 6 : explain SELECT k, c FROM sbtest6 WHERE k BETWEEN 3500666 AND 3500766
	-> Index range scan on sbtest6 using k_6 over (3500666 <= k <= 3500766), with index condition: (sbtest6.k between 3500666 and 3500766)  (cost=56.5 rows=125)


table 7 : explain SELECT k, c FROM sbtest7 WHERE k BETWEEN 3500666 AND 3500766
	-> Index range scan on sbtest7 using k_7 over (3500666 <= k <= 3500766), with index condition: (sbtest7.k between 3500666 and 3500766)  (cost=42.1 rows=93)


table 8 : explain SELECT k, c FROM sbtest8 WHERE k BETWEEN 3500666 AND 3500766
	-> Index range scan on sbtest8 using k_8 over (3500666 <= k <= 3500766), with index condition: (sbtest8.k between 3500666 and 3500766)  (cost=38.5 rows=85)




for range-notcovered
table 1 : explain SELECT k, c FROM sbtest1 WHERE k BETWEEN 2584412 AND 2584512
	-> Index range scan on sbtest1 using k_1 over (2584412 <= k <= 2584512), with index condition: (sbtest1.k between 2584412 and 2584512)  (cost=57.9 rows=128)


table 2 : explain SELECT k, c FROM sbtest2 WHERE k BETWEEN 2584412 AND 2584512
	-> Index range scan on sbtest2 using k_2 over (2584412 <= k <= 2584512), with index condition: (sbtest2.k between 2584412 and 2584512)  (cost=40.3 rows=89)


table 3 : explain SELECT k, c FROM sbtest3 WHERE k BETWEEN 2584412 AND 2584512
	-> Index range scan on sbtest3 using k_3 over (2584412 <= k <= 2584512), with index condition: (sbtest3.k between 2584412 and 2584512)  (cost=38.5 rows=85)


table 4 : explain SELECT k, c FROM sbtest4 WHERE k BETWEEN 2584412 AND 2584512
	-> Index range scan on sbtest4 using k_4 over (2584412 <= k <= 2584512), with index condition: (sbtest4.k between 2584412 and 2584512)  (cost=48.4 rows=107)


table 5 : explain SELECT k, c FROM sbtest5 WHERE k BETWEEN 2584412 AND 2584512
	-> Index range scan on sbtest5 using k_5 over (2584412 <= k <= 2584512), with index condition: (sbtest5.k between 2584412 and 2584512)  (cost=52 rows=115)


table 6 : explain SELECT k, c FROM sbtest6 WHERE k BETWEEN 2584412 AND 2584512
	-> Index range scan on sbtest6 using k_6 over (2584412 <= k <= 2584512), with index condition: (sbtest6.k between 2584412 and 2584512)  (cost=51.1 rows=113)


table 7 : explain SELECT k, c FROM sbtest7 WHERE k BETWEEN 2584412 AND 2584512
	-> Index range scan on sbtest7 using k_7 over (2584412 <= k <= 2584512), with index condition: (sbtest7.k between 2584412 and 2584512)  (cost=40.8 rows=90)


table 8 : explain SELECT k, c FROM sbtest8 WHERE k BETWEEN 2584412 AND 2584512
	-> Index range scan on sbtest8 using k_8 over (2584412 <= k <= 2584512), with index condition: (sbtest8.k between 2584412 and 2584512)  (cost=52.9 rows=117)


for range-notcovered
table 1 : explain SELECT k, c FROM sbtest1 WHERE k BETWEEN 3918349 AND 3918449
	-> Index range scan on sbtest1 using k_1 over (3918349 <= k <= 3918449), with index condition: (sbtest1.k between 3918349 and 3918449)  (cost=44.8 rows=99)


table 2 : explain SELECT k, c FROM sbtest2 WHERE k BETWEEN 3918349 AND 3918449
	-> Index range scan on sbtest2 using k_2 over (3918349 <= k <= 3918449), with index condition: (sbtest2.k between 3918349 and 3918449)  (cost=47.5 rows=105)


table 3 : explain SELECT k, c FROM sbtest3 WHERE k BETWEEN 3918349 AND 3918449
	-> Index range scan on sbtest3 using k_3 over (3918349 <= k <= 3918449), with index condition: (sbtest3.k between 3918349 and 3918449)  (cost=44.4 rows=98)


table 4 : explain SELECT k, c FROM sbtest4 WHERE k BETWEEN 3918349 AND 3918449
	-> Index range scan on sbtest4 using k_4 over (3918349 <= k <= 3918449), with index condition: (sbtest4.k between 3918349 and 3918449)  (cost=47.1 rows=104)


table 5 : explain SELECT k, c FROM sbtest5 WHERE k BETWEEN 3918349 AND 3918449
	-> Index range scan on sbtest5 using k_5 over (3918349 <= k <= 3918449), with index condition: (sbtest5.k between 3918349 and 3918449)  (cost=48 rows=106)


table 6 : explain SELECT k, c FROM sbtest6 WHERE k BETWEEN 3918349 AND 3918449
	-> Index range scan on sbtest6 using k_6 over (3918349 <= k <= 3918449), with index condition: (sbtest6.k between 3918349 and 3918449)  (cost=38.1 rows=84)


table 7 : explain SELECT k, c FROM sbtest7 WHERE k BETWEEN 3918349 AND 3918449
	-> Index range scan on sbtest7 using k_7 over (3918349 <= k <= 3918449), with index condition: (sbtest7.k between 3918349 and 3918449)  (cost=43 rows=95)


table 8 : explain SELECT k, c FROM sbtest8 WHERE k BETWEEN 3918349 AND 3918449
	-> Index range scan on sbtest8 using k_8 over (3918349 <= k <= 3918449), with index condition: (sbtest8.k between 3918349 and 3918449)  (cost=48.4 rows=107)

explain: for range-notcovered :: explain SELECT k, c FROM sbtest%d WHERE k BETWEEN 4178071 AND 4178171for range-notcovered
table 1 : explain SELECT k, c FROM sbtest1 WHERE k BETWEEN 7571624 AND 7571724
	-> Index range scan on sbtest1 using k_1 over (7571624 <= k <= 7571724), with index condition: (sbtest1.k between 7571624 and 7571724)  (cost=45.7 rows=101)


table 2 : explain SELECT k, c FROM sbtest2 WHERE k BETWEEN 7571624 AND 7571724
	-> Index range scan on sbtest2 using k_2 over (7571624 <= k <= 7571724), with index condition: (sbtest2.k between 7571624 and 7571724)  (cost=49.8 rows=110)


table 3 : explain SELECT k, c FROM sbtest3 WHERE k BETWEEN 7571624 AND 7571724
	-> Index range scan on sbtest3 using k_3 over (7571624 <= k <= 7571724), with index condition: (sbtest3.k between 7571624 and 7571724)  (cost=40.3 rows=89)


table 4 : explain SELECT k, c FROM sbtest4 WHERE k BETWEEN 7571624 AND 7571724
	-> Index range scan on sbtest4 using k_4 over (7571624 <= k <= 7571724), with index condition: (sbtest4.k between 7571624 and 7571724)  (cost=48 rows=106)


table 5 : explain SELECT k, c FROM sbtest5 WHERE k BETWEEN 7571624 AND 7571724
	-> Index range scan on sbtest5 using k_5 over (7571624 <= k <= 7571724), with index condition: (sbtest5.k between 7571624 and 7571724)  (cost=49.3 rows=109)


table 6 : explain SELECT k, c FROM sbtest6 WHERE k BETWEEN 7571624 AND 7571724
	-> Index range scan on sbtest6 using k_6 over (7571624 <= k <= 7571724), with index condition: (sbtest6.k between 7571624 and 7571724)  (cost=49.3 rows=109)


table 7 : explain SELECT k, c FROM sbtest7 WHERE k BETWEEN 7571624 AND 7571724
	-> Index range scan on sbtest7 using k_7 over (7571624 <= k <= 7571724), with index condition: (sbtest7.k between 7571624 and 7571724)  (cost=41.2 rows=91)


table 8 : explain SELECT k, c FROM sbtest8 WHERE k BETWEEN 7571624 AND 7571724
	-> Index range scan on sbtest8 using k_8 over (7571624 <= k <= 7571724), with index condition: (sbtest8.k between 7571624 and 7571724)  (cost=44.4 rows=98)


for range-notcovered
table 1 : explain SELECT k, c FROM sbtest1 WHERE k BETWEEN 8503989 AND 8504089
	-> Index range scan on sbtest1 using k_1 over (8503989 <= k <= 8504089), with index condition: (sbtest1.k between 8503989 and 8504089)  (cost=48 rows=106)


table 2 : explain SELECT k, c FROM sbtest2 WHERE k BETWEEN 8503989 AND 8504089
	-> Index range scan on sbtest2 using k_2 over (8503989 <= k <= 8504089), with index condition: (sbtest2.k between 8503989 and 8504089)  (cost=48.4 rows=107)


table 3 : explain SELECT k, c FROM sbtest3 WHERE k BETWEEN 8503989 AND 8504089
	-> Index range scan on sbtest3 using k_3 over (8503989 <= k <= 8504089), with index condition: (sbtest3.k between 8503989 and 8504089)  (cost=47.1 rows=104)


table 4 : explain SELECT k, c FROM sbtest4 WHERE k BETWEEN 8503989 AND 8504089
	-> Index range scan on sbtest4 using k_4 over (8503989 <= k <= 8504089), with index condition: (sbtest4.k between 8503989 and 8504089)  (cost=54.7 rows=121)


table 5 : explain SELECT k, c FROM sbtest5 WHERE k BETWEEN 8503989 AND 8504089
	-> Index range scan on sbtest5 using k_5 over (8503989 <= k <= 8504089), with index condition: (sbtest5.k between 8503989 and 8504089)  (cost=44.8 rows=99)


table 6 : explain SELECT k, c FROM sbtest6 WHERE k BETWEEN 8503989 AND 8504089
	-> Index range scan on sbtest6 using k_6 over (8503989 <= k <= 8504089), with index condition: (sbtest6.k between 8503989 and 8504089)  (cost=43.5 rows=96)


table 7 : explain SELECT k, c FROM sbtest7 WHERE k BETWEEN 8503989 AND 8504089
	-> Index range scan on sbtest7 using k_7 over (8503989 <= k <= 8504089), with index condition: (sbtest7.k between 8503989 and 8504089)  (cost=47.1 rows=104)


table 8 : explain SELECT k, c FROM sbtest8 WHERE k BETWEEN 8503989 AND 8504089
	-> Index range scan on sbtest8 using k_8 over (8503989 <= k <= 8504089), with index condition: (sbtest8.k between 8503989 and 8504089)  (cost=48.9 rows=108)

for range-notcovered
table 1 : explain SELECT k, c FROM sbtest1 WHERE k BETWEEN 6920643 AND 6920743
	-> Index range scan on sbtest1 using k_1 over (6920643 <= k <= 6920743), with index condition: (sbtest1.k between 6920643 and 6920743)  (cost=40.3 rows=89)


table 2 : explain SELECT k, c FROM sbtest2 WHERE k BETWEEN 6920643 AND 6920743
	-> Index range scan on sbtest2 using k_2 over (6920643 <= k <= 6920743), with index condition: (sbtest2.k between 6920643 and 6920743)  (cost=45.3 rows=100)


table 3 : explain SELECT k, c FROM sbtest3 WHERE k BETWEEN 6920643 AND 6920743
	-> Index range scan on sbtest3 using k_3 over (6920643 <= k <= 6920743), with index condition: (sbtest3.k between 6920643 and 6920743)  (cost=46.2 rows=102)


table 4 : explain SELECT k, c FROM sbtest4 WHERE k BETWEEN 6920643 AND 6920743
	-> Index range scan on sbtest4 using k_4 over (6920643 <= k <= 6920743), with index condition: (sbtest4.k between 6920643 and 6920743)  (cost=44.8 rows=99)


table 5 : explain SELECT k, c FROM sbtest5 WHERE k BETWEEN 6920643 AND 6920743
	-> Index range scan on sbtest5 using k_5 over (6920643 <= k <= 6920743), with index condition: (sbtest5.k between 6920643 and 6920743)  (cost=46.6 rows=103)


table 6 : explain SELECT k, c FROM sbtest6 WHERE k BETWEEN 6920643 AND 6920743
	-> Index range scan on sbtest6 using k_6 over (6920643 <= k <= 6920743), with index condition: (sbtest6.k between 6920643 and 6920743)  (cost=39.9 rows=88)


table 7 : explain SELECT k, c FROM sbtest7 WHERE k BETWEEN 6920643 AND 6920743
	-> Index range scan on sbtest7 using k_7 over (6920643 <= k <= 6920743), with index condition: (sbtest7.k between 6920643 and 6920743)  (cost=47.1 rows=104)


table 8 : explain SELECT k, c FROM sbtest8 WHERE k BETWEEN 6920643 AND 6920743
	-> Index range scan on sbtest8 using k_8 over (6920643 <= k <= 6920743), with index condition: (sbtest8.k between 6920643 and 6920743)  (cost=57 rows=126)


explain: for range-notcovered :: explain SELECT k, c FROM sbtest%d WHERE k BETWEEN 1708641 AND 1708741explain: for range-notcovered :: explain SELECT k, c FROM sbtest%d WHERE k BETWEEN 2584412 AND 2584512explain: for range-notcovered :: explain SELECT k, c FROM sbtest%d WHERE k BETWEEN 3500666 AND 3500766


explain: for range-notcovered :: explain SELECT k, c FROM sbtest%d WHERE k BETWEEN 5322439 AND 5322539


explain: for range-notcovered :: explain SELECT k, c FROM sbtest%d WHERE k BETWEEN 7571624 AND 7571724

for range-notcovered
table 1 : explain SELECT k, c FROM sbtest1 WHERE k BETWEEN 5561744 AND 5561844
	-> Index range scan on sbtest1 using k_1 over (5561744 <= k <= 5561844), with index condition: (sbtest1.k between 5561744 and 5561844)  (cost=43.9 rows=97)


table 2 : explain SELECT k, c FROM sbtest2 WHERE k BETWEEN 5561744 AND 5561844
	-> Index range scan on sbtest2 using k_2 over (5561744 <= k <= 5561844), with index condition: (sbtest2.k between 5561744 and 5561844)  (cost=43.9 rows=97)


table 3 : explain SELECT k, c FROM sbtest3 WHERE k BETWEEN 5561744 AND 5561844
	-> Index range scan on sbtest3 using k_3 over (5561744 <= k <= 5561844), with index condition: (sbtest3.k between 5561744 and 5561844)  (cost=40.3 rows=89)


table 4 : explain SELECT k, c FROM sbtest4 WHERE k BETWEEN 5561744 AND 5561844
	-> Index range scan on sbtest4 using k_4 over (5561744 <= k <= 5561844), with index condition: (sbtest4.k between 5561744 and 5561844)  (cost=39.9 rows=88)


table 5 : explain SELECT k, c FROM sbtest5 WHERE k BETWEEN 5561744 AND 5561844
	-> Index range scan on sbtest5 using k_5 over (5561744 <= k <= 5561844), with index condition: (sbtest5.k between 5561744 and 5561844)  (cost=52.5 rows=116)


table 6 : explain SELECT k, c FROM sbtest6 WHERE k BETWEEN 5561744 AND 5561844
	-> Index range scan on sbtest6 using k_6 over (5561744 <= k <= 5561844), with index condition: (sbtest6.k between 5561744 and 5561844)  (cost=42.6 rows=94)


table 7 : explain SELECT k, c FROM sbtest7 WHERE k BETWEEN 5561744 AND 5561844
	-> Index range scan on sbtest7 using k_7 over (5561744 <= k <= 5561844), with index condition: (sbtest7.k between 5561744 and 5561844)  (cost=42.6 rows=94)


table 8 : explain SELECT k, c FROM sbtest8 WHERE k BETWEEN 5561744 AND 5561844
	-> Index range scan on sbtest8 using k_8 over (5561744 <= k <= 5561844), with index condition: (sbtest8.k between 5561744 and 5561844)  (cost=53.8 rows=119)


for range-notcovered
table 1 : explain SELECT k, c FROM sbtest1 WHERE k BETWEEN 5091041 AND 5091141
	-> Index range scan on sbtest1 using k_1 over (5091041 <= k <= 5091141), with index condition: (sbtest1.k between 5091041 and 5091141)  (cost=44.8 rows=99)


table 2 : explain SELECT k, c FROM sbtest2 WHERE k BETWEEN 5091041 AND 5091141
	-> Index range scan on sbtest2 using k_2 over (5091041 <= k <= 5091141), with index condition: (sbtest2.k between 5091041 and 5091141)  (cost=48 rows=106)


table 3 : explain SELECT k, c FROM sbtest3 WHERE k BETWEEN 5091041 AND 5091141
	-> Index range scan on sbtest3 using k_3 over (5091041 <= k <= 5091141), with index condition: (sbtest3.k between 5091041 and 5091141)  (cost=42.6 rows=94)


table 4 : explain SELECT k, c FROM sbtest4 WHERE k BETWEEN 5091041 AND 5091141
	-> Index range scan on sbtest4 using k_4 over (5091041 <= k <= 5091141), with index condition: (sbtest4.k between 5091041 and 5091141)  (cost=40.8 rows=90)


table 5 : explain SELECT k, c FROM sbtest5 WHERE k BETWEEN 5091041 AND 5091141
	-> Index range scan on sbtest5 using k_5 over (5091041 <= k <= 5091141), with index condition: (sbtest5.k between 5091041 and 5091141)  (cost=44.4 rows=98)


table 6 : explain SELECT k, c FROM sbtest6 WHERE k BETWEEN 5091041 AND 5091141
	-> Index range scan on sbtest6 using k_6 over (5091041 <= k <= 5091141), with index condition: (sbtest6.k between 5091041 and 5091141)  (cost=48.4 rows=107)


table 7 : explain SELECT k, c FROM sbtest7 WHERE k BETWEEN 5091041 AND 5091141
	-> Index range scan on sbtest7 using k_7 over (5091041 <= k <= 5091141), with index condition: (sbtest7.k between 5091041 and 5091141)  (cost=43.5 rows=96)


table 8 : explain SELECT k, c FROM sbtest8 WHERE k BETWEEN 5091041 AND 5091141
	-> Index range scan on sbtest8 using k_8 over (5091041 <= k <= 5091141), with index condition: (sbtest8.k between 5091041 and 5091141)  (cost=42.1 rows=93)


explain: for range-notcovered :: explain SELECT k, c FROM sbtest%d WHERE k BETWEEN 7430313 AND 7430413for range-notcovered
table 1 : explain SELECT k, c FROM sbtest1 WHERE k BETWEEN 5017403 AND 5017503
	-> Index range scan on sbtest1 using k_1 over (5017403 <= k <= 5017503), with index condition: (sbtest1.k between 5017403 and 5017503)  (cost=49.8 rows=110)


table 2 : explain SELECT k, c FROM sbtest2 WHERE k BETWEEN 5017403 AND 5017503
	-> Index range scan on sbtest2 using k_2 over (5017403 <= k <= 5017503), with index condition: (sbtest2.k between 5017403 and 5017503)  (cost=50.2 rows=111)


table 3 : explain SELECT k, c FROM sbtest3 WHERE k BETWEEN 5017403 AND 5017503
	-> Index range scan on sbtest3 using k_3 over (5017403 <= k <= 5017503), with index condition: (sbtest3.k between 5017403 and 5017503)  (cost=41.7 rows=92)


table 4 : explain SELECT k, c FROM sbtest4 WHERE k BETWEEN 5017403 AND 5017503
	-> Index range scan on sbtest4 using k_4 over (5017403 <= k <= 5017503), with index condition: (sbtest4.k between 5017403 and 5017503)  (cost=48.9 rows=108)


table 5 : explain SELECT k, c FROM sbtest5 WHERE k BETWEEN 5017403 AND 5017503
	-> Index range scan on sbtest5 using k_5 over (5017403 <= k <= 5017503), with index condition: (sbtest5.k between 5017403 and 5017503)  (cost=54.7 rows=121)


table 6 : explain SELECT k, c FROM sbtest6 WHERE k BETWEEN 5017403 AND 5017503
	-> Index range scan on sbtest6 using k_6 over (5017403 <= k <= 5017503), with index condition: (sbtest6.k between 5017403 and 5017503)  (cost=46.6 rows=103)


table 7 : explain SELECT k, c FROM sbtest7 WHERE k BETWEEN 5017403 AND 5017503
	-> Index range scan on sbtest7 using k_7 over (5017403 <= k <= 5017503), with index condition: (sbtest7.k between 5017403 and 5017503)  (cost=44.4 rows=98)


table 8 : explain SELECT k, c FROM sbtest8 WHERE k BETWEEN 5017403 AND 5017503
	-> Index range scan on sbtest8 using k_8 over (5017403 <= k <= 5017503), with index condition: (sbtest8.k between 5017403 and 5017503)  (cost=48.9 rows=108)


explain: for range-notcovered :: explain SELECT k, c FROM sbtest%d WHERE k BETWEEN 8503989 AND 8504089
for range-notcovered
table 1 : explain SELECT k, c FROM sbtest1 WHERE k BETWEEN 6458757 AND 6458857
	-> Index range scan on sbtest1 using k_1 over (6458757 <= k <= 6458857), with index condition: (sbtest1.k between 6458757 and 6458857)  (cost=43.9 rows=97)


table 2 : explain SELECT k, c FROM sbtest2 WHERE k BETWEEN 6458757 AND 6458857
	-> Index range scan on sbtest2 using k_2 over (6458757 <= k <= 6458857), with index condition: (sbtest2.k between 6458757 and 6458857)  (cost=51.1 rows=113)


table 3 : explain SELECT k, c FROM sbtest3 WHERE k BETWEEN 6458757 AND 6458857
	-> Index range scan on sbtest3 using k_3 over (6458757 <= k <= 6458857), with index condition: (sbtest3.k between 6458757 and 6458857)  (cost=46.2 rows=102)


table 4 : explain SELECT k, c FROM sbtest4 WHERE k BETWEEN 6458757 AND 6458857
	-> Index range scan on sbtest4 using k_4 over (6458757 <= k <= 6458857), with index condition: (sbtest4.k between 6458757 and 6458857)  (cost=43 rows=95)


table 5 : explain SELECT k, c FROM sbtest5 WHERE k BETWEEN 6458757 AND 6458857
	-> Index range scan on sbtest5 using k_5 over (6458757 <= k <= 6458857), with index condition: (sbtest5.k between 6458757 and 6458857)  (cost=40.8 rows=90)


table 6 : explain SELECT k, c FROM sbtest6 WHERE k BETWEEN 6458757 AND 6458857
	-> Index range scan on sbtest6 using k_6 over (6458757 <= k <= 6458857), with index condition: (sbtest6.k between 6458757 and 6458857)  (cost=39.9 rows=88)


table 7 : explain SELECT k, c FROM sbtest7 WHERE k BETWEEN 6458757 AND 6458857
	-> Index range scan on sbtest7 using k_7 over (6458757 <= k <= 6458857), with index condition: (sbtest7.k between 6458757 and 6458857)  (cost=54.7 rows=121)


table 8 : explain SELECT k, c FROM sbtest8 WHERE k BETWEEN 6458757 AND 6458857
	-> Index range scan on sbtest8 using k_8 over (6458757 <= k <= 6458857), with index condition: (sbtest8.k between 6458757 and 6458857)  (cost=42.1 rows=93)


for range-notcovered
table 1 : explain SELECT k, c FROM sbtest1 WHERE k BETWEEN 6047958 AND 6048058
	-> Index range scan on sbtest1 using k_1 over (6047958 <= k <= 6048058), with index condition: (sbtest1.k between 6047958 and 6048058)  (cost=43.5 rows=96)


table 2 : explain SELECT k, c FROM sbtest2 WHERE k BETWEEN 6047958 AND 6048058
	-> Index range scan on sbtest2 using k_2 over (6047958 <= k <= 6048058), with index condition: (sbtest2.k between 6047958 and 6048058)  (cost=37.2 rows=82)


table 3 : explain SELECT k, c FROM sbtest3 WHERE k BETWEEN 6047958 AND 6048058
	-> Index range scan on sbtest3 using k_3 over (6047958 <= k <= 6048058), with index condition: (sbtest3.k between 6047958 and 6048058)  (cost=46.2 rows=102)


table 4 : explain SELECT k, c FROM sbtest4 WHERE k BETWEEN 6047958 AND 6048058
	-> Index range scan on sbtest4 using k_4 over (6047958 <= k <= 6048058), with index condition: (sbtest4.k between 6047958 and 6048058)  (cost=48.9 rows=108)


table 5 : explain SELECT k, c FROM sbtest5 WHERE k BETWEEN 6047958 AND 6048058
	-> Index range scan on sbtest5 using k_5 over (6047958 <= k <= 6048058), with index condition: (sbtest5.k between 6047958 and 6048058)  (cost=42.1 rows=93)


table 6 : explain SELECT k, c FROM sbtest6 WHERE k BETWEEN 6047958 AND 6048058
	-> Index range scan on sbtest6 using k_6 over (6047958 <= k <= 6048058), with index condition: (sbtest6.k between 6047958 and 6048058)  (cost=40.3 rows=89)


table 7 : explain SELECT k, c FROM sbtest7 WHERE k BETWEEN 6047958 AND 6048058
	-> Index range scan on sbtest7 using k_7 over (6047958 <= k <= 6048058), with index condition: (sbtest7.k between 6047958 and 6048058)  (cost=50.2 rows=111)


table 8 : explain SELECT k, c FROM sbtest8 WHERE k BETWEEN 6047958 AND 6048058
	-> Index range scan on sbtest8 using k_8 over (6047958 <= k <= 6048058), with index condition: (sbtest8.k between 6047958 and 6048058)  (cost=38.5 rows=85)

for range-notcovered
table 1 : explain SELECT k, c FROM sbtest1 WHERE k BETWEEN 7507441 AND 7507541
	-> Index range scan on sbtest1 using k_1 over (7507441 <= k <= 7507541), with index condition: (sbtest1.k between 7507441 and 7507541)  (cost=45.3 rows=100)


table 2 : explain SELECT k, c FROM sbtest2 WHERE k BETWEEN 7507441 AND 7507541
	-> Index range scan on sbtest2 using k_2 over (7507441 <= k <= 7507541), with index condition: (sbtest2.k between 7507441 and 7507541)  (cost=42.1 rows=93)


table 3 : explain SELECT k, c FROM sbtest3 WHERE k BETWEEN 7507441 AND 7507541
	-> Index range scan on sbtest3 using k_3 over (7507441 <= k <= 7507541), with index condition: (sbtest3.k between 7507441 and 7507541)  (cost=50.2 rows=111)


table 4 : explain SELECT k, c FROM sbtest4 WHERE k BETWEEN 7507441 AND 7507541
	-> Index range scan on sbtest4 using k_4 over (7507441 <= k <= 7507541), with index condition: (sbtest4.k between 7507441 and 7507541)  (cost=44.8 rows=99)


table 5 : explain SELECT k, c FROM sbtest5 WHERE k BETWEEN 7507441 AND 7507541
	-> Index range scan on sbtest5 using k_5 over (7507441 <= k <= 7507541), with index condition: (sbtest5.k between 7507441 and 7507541)  (cost=48.4 rows=107)


table 6 : explain SELECT k, c FROM sbtest6 WHERE k BETWEEN 7507441 AND 7507541
	-> Index range scan on sbtest6 using k_6 over (7507441 <= k <= 7507541), with index condition: (sbtest6.k between 7507441 and 7507541)  (cost=43 rows=95)


table 7 : explain SELECT k, c FROM sbtest7 WHERE k BETWEEN 7507441 AND 7507541
	-> Index range scan on sbtest7 using k_7 over (7507441 <= k <= 7507541), with index condition: (sbtest7.k between 7507441 and 7507541)  (cost=45.7 rows=101)


table 8 : explain SELECT k, c FROM sbtest8 WHERE k BETWEEN 7507441 AND 7507541
	-> Index range scan on sbtest8 using k_8 over (7507441 <= k <= 7507541), with index condition: (sbtest8.k between 7507441 and 7507541)  (cost=55.6 rows=123)



explain: for range-notcovered :: explain SELECT k, c FROM sbtest%d WHERE k BETWEEN 6920643 AND 6920743
for range-notcovered
table 1 : explain SELECT k, c FROM sbtest1 WHERE k BETWEEN 2655227 AND 2655327
	-> Index range scan on sbtest1 using k_1 over (2655227 <= k <= 2655327), with index condition: (sbtest1.k between 2655227 and 2655327)  (cost=42.1 rows=93)


table 2 : explain SELECT k, c FROM sbtest2 WHERE k BETWEEN 2655227 AND 2655327
	-> Index range scan on sbtest2 using k_2 over (2655227 <= k <= 2655327), with index condition: (sbtest2.k between 2655227 and 2655327)  (cost=43 rows=95)


table 3 : explain SELECT k, c FROM sbtest3 WHERE k BETWEEN 2655227 AND 2655327
	-> Index range scan on sbtest3 using k_3 over (2655227 <= k <= 2655327), with index condition: (sbtest3.k between 2655227 and 2655327)  (cost=48 rows=106)


table 4 : explain SELECT k, c FROM sbtest4 WHERE k BETWEEN 2655227 AND 2655327
	-> Index range scan on sbtest4 using k_4 over (2655227 <= k <= 2655327), with index condition: (sbtest4.k between 2655227 and 2655327)  (cost=47.1 rows=104)


table 5 : explain SELECT k, c FROM sbtest5 WHERE k BETWEEN 2655227 AND 2655327
	-> Index range scan on sbtest5 using k_5 over (2655227 <= k <= 2655327), with index condition: (sbtest5.k between 2655227 and 2655327)  (cost=41.7 rows=92)


table 6 : explain SELECT k, c FROM sbtest6 WHERE k BETWEEN 2655227 AND 2655327
	-> Index range scan on sbtest6 using k_6 over (2655227 <= k <= 2655327), with index condition: (sbtest6.k between 2655227 and 2655327)  (cost=41.7 rows=92)


table 7 : explain SELECT k, c FROM sbtest7 WHERE k BETWEEN 2655227 AND 2655327
	-> Index range scan on sbtest7 using k_7 over (2655227 <= k <= 2655327), with index condition: (sbtest7.k between 2655227 and 2655327)  (cost=44.8 rows=99)


table 8 : explain SELECT k, c FROM sbtest8 WHERE k BETWEEN 2655227 AND 2655327
	-> Index range scan on sbtest8 using k_8 over (2655227 <= k <= 2655327), with index condition: (sbtest8.k between 2655227 and 2655327)  (cost=47.5 rows=105)


for range-notcovered
table 1 : explain SELECT k, c FROM sbtest1 WHERE k BETWEEN 7783650 AND 7783750
	-> Index range scan on sbtest1 using k_1 over (7783650 <= k <= 7783750), with index condition: (sbtest1.k between 7783650 and 7783750)  (cost=52.5 rows=116)


table 2 : explain SELECT k, c FROM sbtest2 WHERE k BETWEEN 7783650 AND 7783750
	-> Index range scan on sbtest2 using k_2 over (7783650 <= k <= 7783750), with index condition: (sbtest2.k between 7783650 and 7783750)  (cost=43.9 rows=97)


table 3 : explain SELECT k, c FROM sbtest3 WHERE k BETWEEN 7783650 AND 7783750
	-> Index range scan on sbtest3 using k_3 over (7783650 <= k <= 7783750), with index condition: (sbtest3.k between 7783650 and 7783750)  (cost=38.5 rows=85)


table 4 : explain SELECT k, c FROM sbtest4 WHERE k BETWEEN 7783650 AND 7783750
	-> Index range scan on sbtest4 using k_4 over (7783650 <= k <= 7783750), with index condition: (sbtest4.k between 7783650 and 7783750)  (cost=44.8 rows=99)


table 5 : explain SELECT k, c FROM sbtest5 WHERE k BETWEEN 7783650 AND 7783750
	-> Index range scan on sbtest5 using k_5 over (7783650 <= k <= 7783750), with index condition: (sbtest5.k between 7783650 and 7783750)  (cost=44.4 rows=98)


table 6 : explain SELECT k, c FROM sbtest6 WHERE k BETWEEN 7783650 AND 7783750
	-> Index range scan on sbtest6 using k_6 over (7783650 <= k <= 7783750), with index condition: (sbtest6.k between 7783650 and 7783750)  (cost=47.5 rows=105)


table 7 : explain SELECT k, c FROM sbtest7 WHERE k BETWEEN 7783650 AND 7783750
	-> Index range scan on sbtest7 using k_7 over (7783650 <= k <= 7783750), with index condition: (sbtest7.k between 7783650 and 7783750)  (cost=46.6 rows=103)


table 8 : explain SELECT k, c FROM sbtest8 WHERE k BETWEEN 7783650 AND 7783750
	-> Index range scan on sbtest8 using k_8 over (7783650 <= k <= 7783750), with index condition: (sbtest8.k between 7783650 and 7783750)  (cost=47.5 rows=105)


explain: for range-notcovered :: explain SELECT k, c FROM sbtest%d WHERE k BETWEEN 3918349 AND 3918449explain: for range-notcovered :: explain SELECT k, c FROM sbtest%d WHERE k BETWEEN 5017403 AND 5017503

explain: for range-notcovered :: explain SELECT k, c FROM sbtest%d WHERE k BETWEEN 6458757 AND 6458857
explain: for range-notcovered :: explain SELECT k, c FROM sbtest%d WHERE k BETWEEN 5091041 AND 5091141for range-notcovered
table 1 : explain SELECT k, c FROM sbtest1 WHERE k BETWEEN 8996302 AND 8996402
	-> Index range scan on sbtest1 using k_1 over (8996302 <= k <= 8996402), with index condition: (sbtest1.k between 8996302 and 8996402)  (cost=40.3 rows=89)


table 2 : explain SELECT k, c FROM sbtest2 WHERE k BETWEEN 8996302 AND 8996402
	-> Index range scan on sbtest2 using k_2 over (8996302 <= k <= 8996402), with index condition: (sbtest2.k between 8996302 and 8996402)  (cost=50.7 rows=112)


table 3 : explain SELECT k, c FROM sbtest3 WHERE k BETWEEN 8996302 AND 8996402
	-> Index range scan on sbtest3 using k_3 over (8996302 <= k <= 8996402), with index condition: (sbtest3.k between 8996302 and 8996402)  (cost=48.9 rows=108)


table 4 : explain SELECT k, c FROM sbtest4 WHERE k BETWEEN 8996302 AND 8996402
	-> Index range scan on sbtest4 using k_4 over (8996302 <= k <= 8996402), with index condition: (sbtest4.k between 8996302 and 8996402)  (cost=42.6 rows=94)


table 5 : explain SELECT k, c FROM sbtest5 WHERE k BETWEEN 8996302 AND 8996402
	-> Index range scan on sbtest5 using k_5 over (8996302 <= k <= 8996402), with index condition: (sbtest5.k between 8996302 and 8996402)  (cost=46.6 rows=103)


table 6 : explain SELECT k, c FROM sbtest6 WHERE k BETWEEN 8996302 AND 8996402
	-> Index range scan on sbtest6 using k_6 over (8996302 <= k <= 8996402), with index condition: (sbtest6.k between 8996302 and 8996402)  (cost=48.4 rows=107)


table 7 : explain SELECT k, c FROM sbtest7 WHERE k BETWEEN 8996302 AND 8996402
	-> Index range scan on sbtest7 using k_7 over (8996302 <= k <= 8996402), with index condition: (sbtest7.k between 8996302 and 8996402)  (cost=48.9 rows=108)


table 8 : explain SELECT k, c FROM sbtest8 WHERE k BETWEEN 8996302 AND 8996402
	-> Index range scan on sbtest8 using k_8 over (8996302 <= k <= 8996402), with index condition: (sbtest8.k between 8996302 and 8996402)  (cost=41.2 rows=91)


explain: for range-notcovered :: explain SELECT k, c FROM sbtest%d WHERE k BETWEEN 2655227 AND 2655327
explain: for range-notcovered :: explain SELECT k, c FROM sbtest%d WHERE k BETWEEN 7507441 AND 7507541explain: for range-notcovered :: explain SELECT k, c FROM sbtest%d WHERE k BETWEEN 7783650 AND 7783750for range-notcovered
table 1 : explain SELECT k, c FROM sbtest1 WHERE k BETWEEN 6594167 AND 6594267
	-> Index range scan on sbtest1 using k_1 over (6594167 <= k <= 6594267), with index condition: (sbtest1.k between 6594167 and 6594267)  (cost=46.6 rows=103)


table 2 : explain SELECT k, c FROM sbtest2 WHERE k BETWEEN 6594167 AND 6594267
	-> Index range scan on sbtest2 using k_2 over (6594167 <= k <= 6594267), with index condition: (sbtest2.k between 6594167 and 6594267)  (cost=44.4 rows=98)


table 3 : explain SELECT k, c FROM sbtest3 WHERE k BETWEEN 6594167 AND 6594267
	-> Index range scan on sbtest3 using k_3 over (6594167 <= k <= 6594267), with index condition: (sbtest3.k between 6594167 and 6594267)  (cost=45.7 rows=101)


table 4 : explain SELECT k, c FROM sbtest4 WHERE k BETWEEN 6594167 AND 6594267
	-> Index range scan on sbtest4 using k_4 over (6594167 <= k <= 6594267), with index condition: (sbtest4.k between 6594167 and 6594267)  (cost=40.3 rows=89)


table 5 : explain SELECT k, c FROM sbtest5 WHERE k BETWEEN 6594167 AND 6594267
	-> Index range scan on sbtest5 using k_5 over (6594167 <= k <= 6594267), with index condition: (sbtest5.k between 6594167 and 6594267)  (cost=41.2 rows=91)


table 6 : explain SELECT k, c FROM sbtest6 WHERE k BETWEEN 6594167 AND 6594267
	-> Index range scan on sbtest6 using k_6 over (6594167 <= k <= 6594267), with index condition: (sbtest6.k between 6594167 and 6594267)  (cost=45.7 rows=101)


table 7 : explain SELECT k, c FROM sbtest7 WHERE k BETWEEN 6594167 AND 6594267
	-> Index range scan on sbtest7 using k_7 over (6594167 <= k <= 6594267), with index condition: (sbtest7.k between 6594167 and 6594267)  (cost=43.9 rows=97)


table 8 : explain SELECT k, c FROM sbtest8 WHERE k BETWEEN 6594167 AND 6594267
	-> Index range scan on sbtest8 using k_8 over (6594167 <= k <= 6594267), with index condition: (sbtest8.k between 6594167 and 6594267)  (cost=50.7 rows=112)


for range-notcovered
table 1 : explain SELECT k, c FROM sbtest1 WHERE k BETWEEN 4784591 AND 4784691
	-> Index range scan on sbtest1 using k_1 over (4784591 <= k <= 4784691), with index condition: (sbtest1.k between 4784591 and 4784691)  (cost=43.5 rows=96)


table 2 : explain SELECT k, c FROM sbtest2 WHERE k BETWEEN 4784591 AND 4784691
	-> Index range scan on sbtest2 using k_2 over (4784591 <= k <= 4784691), with index condition: (sbtest2.k between 4784591 and 4784691)  (cost=52.9 rows=117)


table 3 : explain SELECT k, c FROM sbtest3 WHERE k BETWEEN 4784591 AND 4784691
	-> Index range scan on sbtest3 using k_3 over (4784591 <= k <= 4784691), with index condition: (sbtest3.k between 4784591 and 4784691)  (cost=42.1 rows=93)


table 4 : explain SELECT k, c FROM sbtest4 WHERE k BETWEEN 4784591 AND 4784691
	-> Index range scan on sbtest4 using k_4 over (4784591 <= k <= 4784691), with index condition: (sbtest4.k between 4784591 and 4784691)  (cost=44.4 rows=98)


table 5 : explain SELECT k, c FROM sbtest5 WHERE k BETWEEN 4784591 AND 4784691
	-> Index range scan on sbtest5 using k_5 over (4784591 <= k <= 4784691), with index condition: (sbtest5.k between 4784591 and 4784691)  (cost=39.4 rows=87)


table 6 : explain SELECT k, c FROM sbtest6 WHERE k BETWEEN 4784591 AND 4784691
	-> Index range scan on sbtest6 using k_6 over (4784591 <= k <= 4784691), with index condition: (sbtest6.k between 4784591 and 4784691)  (cost=48.4 rows=107)


table 7 : explain SELECT k, c FROM sbtest7 WHERE k BETWEEN 4784591 AND 4784691
	-> Index range scan on sbtest7 using k_7 over (4784591 <= k <= 4784691), with index condition: (sbtest7.k between 4784591 and 4784691)  (cost=48 rows=106)


table 8 : explain SELECT k, c FROM sbtest8 WHERE k BETWEEN 4784591 AND 4784691
	-> Index range scan on sbtest8 using k_8 over (4784591 <= k <= 4784691), with index condition: (sbtest8.k between 4784591 and 4784691)  (cost=42.6 rows=94)


for range-notcovered
table 1 : explain SELECT k, c FROM sbtest1 WHERE k BETWEEN 4645412 AND 4645512
	-> Index range scan on sbtest1 using k_1 over (4645412 <= k <= 4645512), with index condition: (sbtest1.k between 4645412 and 4645512)  (cost=45.3 rows=100)


table 2 : explain SELECT k, c FROM sbtest2 WHERE k BETWEEN 4645412 AND 4645512
	-> Index range scan on sbtest2 using k_2 over (4645412 <= k <= 4645512), with index condition: (sbtest2.k between 4645412 and 4645512)  (cost=45.3 rows=100)


table 3 : explain SELECT k, c FROM sbtest3 WHERE k BETWEEN 4645412 AND 4645512
	-> Index range scan on sbtest3 using k_3 over (4645412 <= k <= 4645512), with index condition: (sbtest3.k between 4645412 and 4645512)  (cost=45.3 rows=100)


table 4 : explain SELECT k, c FROM sbtest4 WHERE k BETWEEN 4645412 AND 4645512
	-> Index range scan on sbtest4 using k_4 over (4645412 <= k <= 4645512), with index condition: (sbtest4.k between 4645412 and 4645512)  (cost=49.3 rows=109)


table 5 : explain SELECT k, c FROM sbtest5 WHERE k BETWEEN 4645412 AND 4645512
	-> Index range scan on sbtest5 using k_5 over (4645412 <= k <= 4645512), with index condition: (sbtest5.k between 4645412 and 4645512)  (cost=44.8 rows=99)


table 6 : explain SELECT k, c FROM sbtest6 WHERE k BETWEEN 4645412 AND 4645512
	-> Index range scan on sbtest6 using k_6 over (4645412 <= k <= 4645512), with index condition: (sbtest6.k between 4645412 and 4645512)  (cost=48.9 rows=108)


table 7 : explain SELECT k, c FROM sbtest7 WHERE k BETWEEN 4645412 AND 4645512
	-> Index range scan on sbtest7 using k_7 over (4645412 <= k <= 4645512), with index condition: (sbtest7.k between 4645412 and 4645512)  (cost=44.8 rows=99)


table 8 : explain SELECT k, c FROM sbtest8 WHERE k BETWEEN 4645412 AND 4645512
	-> Index range scan on sbtest8 using k_8 over (4645412 <= k <= 4645512), with index condition: (sbtest8.k between 4645412 and 4645512)  (cost=47.1 rows=104)

for range-notcovered
table 1 : explain SELECT k, c FROM sbtest1 WHERE k BETWEEN 2219702 AND 2219802
	-> Index range scan on sbtest1 using k_1 over (2219702 <= k <= 2219802), with index condition: (sbtest1.k between 2219702 and 2219802)  (cost=40.3 rows=89)


table 2 : explain SELECT k, c FROM sbtest2 WHERE k BETWEEN 2219702 AND 2219802
	-> Index range scan on sbtest2 using k_2 over (2219702 <= k <= 2219802), with index condition: (sbtest2.k between 2219702 and 2219802)  (cost=53.4 rows=118)


table 3 : explain SELECT k, c FROM sbtest3 WHERE k BETWEEN 2219702 AND 2219802
	-> Index range scan on sbtest3 using k_3 over (2219702 <= k <= 2219802), with index condition: (sbtest3.k between 2219702 and 2219802)  (cost=47.5 rows=105)


table 4 : explain SELECT k, c FROM sbtest4 WHERE k BETWEEN 2219702 AND 2219802
	-> Index range scan on sbtest4 using k_4 over (2219702 <= k <= 2219802), with index condition: (sbtest4.k between 2219702 and 2219802)  (cost=50.2 rows=111)


table 5 : explain SELECT k, c FROM sbtest5 WHERE k BETWEEN 2219702 AND 2219802
	-> Index range scan on sbtest5 using k_5 over (2219702 <= k <= 2219802), with index condition: (sbtest5.k between 2219702 and 2219802)  (cost=46.2 rows=102)


table 6 : explain SELECT k, c FROM sbtest6 WHERE k BETWEEN 2219702 AND 2219802
	-> Index range scan on sbtest6 using k_6 over (2219702 <= k <= 2219802), with index condition: (sbtest6.k between 2219702 and 2219802)  (cost=42.6 rows=94)


table 7 : explain SELECT k, c FROM sbtest7 WHERE k BETWEEN 2219702 AND 2219802
	-> Index range scan on sbtest7 using k_7 over (2219702 <= k <= 2219802), with index condition: (sbtest7.k between 2219702 and 2219802)  (cost=49.8 rows=110)


table 8 : explain SELECT k, c FROM sbtest8 WHERE k BETWEEN 2219702 AND 2219802
	-> Index range scan on sbtest8 using k_8 over (2219702 <= k <= 2219802), with index condition: (sbtest8.k between 2219702 and 2219802)  (cost=46.2 rows=102)


for range-notcovered
table 1 : explain SELECT k, c FROM sbtest1 WHERE k BETWEEN 3016335 AND 3016435
	-> Index range scan on sbtest1 using k_1 over (3016335 <= k <= 3016435), with index condition: (sbtest1.k between 3016335 and 3016435)  (cost=38.1 rows=84)


table 2 : explain SELECT k, c FROM sbtest2 WHERE k BETWEEN 3016335 AND 3016435
	-> Index range scan on sbtest2 using k_2 over (3016335 <= k <= 3016435), with index condition: (sbtest2.k between 3016335 and 3016435)  (cost=43 rows=95)


table 3 : explain SELECT k, c FROM sbtest3 WHERE k BETWEEN 3016335 AND 3016435
	-> Index range scan on sbtest3 using k_3 over (3016335 <= k <= 3016435), with index condition: (sbtest3.k between 3016335 and 3016435)  (cost=38.1 rows=84)


table 4 : explain SELECT k, c FROM sbtest4 WHERE k BETWEEN 3016335 AND 3016435
	-> Index range scan on sbtest4 using k_4 over (3016335 <= k <= 3016435), with index condition: (sbtest4.k between 3016335 and 3016435)  (cost=46.2 rows=102)


table 5 : explain SELECT k, c FROM sbtest5 WHERE k BETWEEN 3016335 AND 3016435
	-> Index range scan on sbtest5 using k_5 over (3016335 <= k <= 3016435), with index condition: (sbtest5.k between 3016335 and 3016435)  (cost=35.4 rows=78)


table 6 : explain SELECT k, c FROM sbtest6 WHERE k BETWEEN 3016335 AND 3016435
	-> Index range scan on sbtest6 using k_6 over (3016335 <= k <= 3016435), with index condition: (sbtest6.k between 3016335 and 3016435)  (cost=32.7 rows=72)


table 7 : explain SELECT k, c FROM sbtest7 WHERE k BETWEEN 3016335 AND 3016435
	-> Index range scan on sbtest7 using k_7 over (3016335 <= k <= 3016435), with index condition: (sbtest7.k between 3016335 and 3016435)  (cost=49.8 rows=110)


table 8 : explain SELECT k, c FROM sbtest8 WHERE k BETWEEN 3016335 AND 3016435
	-> Index range scan on sbtest8 using k_8 over (3016335 <= k <= 3016435), with index condition: (sbtest8.k between 3016335 and 3016435)  (cost=42.6 rows=94)




explain: for range-notcovered :: explain SELECT k, c FROM sbtest%d WHERE k BETWEEN 6594167 AND 6594267


for range-notcovered
table 1 : explain SELECT k, c FROM sbtest1 WHERE k BETWEEN 9009088 AND 9009188
	-> Index range scan on sbtest1 using k_1 over (9009088 <= k <= 9009188), with index condition: (sbtest1.k between 9009088 and 9009188)  (cost=51.6 rows=114)


table 2 : explain SELECT k, c FROM sbtest2 WHERE k BETWEEN 9009088 AND 9009188
	-> Index range scan on sbtest2 using k_2 over (9009088 <= k <= 9009188), with index condition: (sbtest2.k between 9009088 and 9009188)  (cost=54.3 rows=120)


table 3 : explain SELECT k, c FROM sbtest3 WHERE k BETWEEN 9009088 AND 9009188
	-> Index range scan on sbtest3 using k_3 over (9009088 <= k <= 9009188), with index condition: (sbtest3.k between 9009088 and 9009188)  (cost=54.3 rows=120)


table 4 : explain SELECT k, c FROM sbtest4 WHERE k BETWEEN 9009088 AND 9009188
	-> Index range scan on sbtest4 using k_4 over (9009088 <= k <= 9009188), with index condition: (sbtest4.k between 9009088 and 9009188)  (cost=44.8 rows=99)


table 5 : explain SELECT k, c FROM sbtest5 WHERE k BETWEEN 9009088 AND 9009188
	-> Index range scan on sbtest5 using k_5 over (9009088 <= k <= 9009188), with index condition: (sbtest5.k between 9009088 and 9009188)  (cost=42.6 rows=94)


table 6 : explain SELECT k, c FROM sbtest6 WHERE k BETWEEN 9009088 AND 9009188
	-> Index range scan on sbtest6 using k_6 over (9009088 <= k <= 9009188), with index condition: (sbtest6.k between 9009088 and 9009188)  (cost=35.8 rows=79)


table 7 : explain SELECT k, c FROM sbtest7 WHERE k BETWEEN 9009088 AND 9009188
	-> Index range scan on sbtest7 using k_7 over (9009088 <= k <= 9009188), with index condition: (sbtest7.k between 9009088 and 9009188)  (cost=38.5 rows=85)


table 8 : explain SELECT k, c FROM sbtest8 WHERE k BETWEEN 9009088 AND 9009188
	-> Index range scan on sbtest8 using k_8 over (9009088 <= k <= 9009188), with index condition: (sbtest8.k between 9009088 and 9009188)  (cost=44.8 rows=99)


for range-notcovered
table 1 : explain SELECT k, c FROM sbtest1 WHERE k BETWEEN 4593795 AND 4593895
	-> Index range scan on sbtest1 using k_1 over (4593795 <= k <= 4593895), with index condition: (sbtest1.k between 4593795 and 4593895)  (cost=45.3 rows=100)


table 2 : explain SELECT k, c FROM sbtest2 WHERE k BETWEEN 4593795 AND 4593895
	-> Index range scan on sbtest2 using k_2 over (4593795 <= k <= 4593895), with index condition: (sbtest2.k between 4593795 and 4593895)  (cost=42.6 rows=94)


table 3 : explain SELECT k, c FROM sbtest3 WHERE k BETWEEN 4593795 AND 4593895
	-> Index range scan on sbtest3 using k_3 over (4593795 <= k <= 4593895), with index condition: (sbtest3.k between 4593795 and 4593895)  (cost=47.5 rows=105)


table 4 : explain SELECT k, c FROM sbtest4 WHERE k BETWEEN 4593795 AND 4593895
	-> Index range scan on sbtest4 using k_4 over (4593795 <= k <= 4593895), with index condition: (sbtest4.k between 4593795 and 4593895)  (cost=49.3 rows=109)


table 5 : explain SELECT k, c FROM sbtest5 WHERE k BETWEEN 4593795 AND 4593895
	-> Index range scan on sbtest5 using k_5 over (4593795 <= k <= 4593895), with index condition: (sbtest5.k between 4593795 and 4593895)  (cost=44.4 rows=98)


table 6 : explain SELECT k, c FROM sbtest6 WHERE k BETWEEN 4593795 AND 4593895
	-> Index range scan on sbtest6 using k_6 over (4593795 <= k <= 4593895), with index condition: (sbtest6.k between 4593795 and 4593895)  (cost=43.9 rows=97)


table 7 : explain SELECT k, c FROM sbtest7 WHERE k BETWEEN 4593795 AND 4593895
	-> Index range scan on sbtest7 using k_7 over (4593795 <= k <= 4593895), with index condition: (sbtest7.k between 4593795 and 4593895)  (cost=47.1 rows=104)


table 8 : explain SELECT k, c FROM sbtest8 WHERE k BETWEEN 4593795 AND 4593895
	-> Index range scan on sbtest8 using k_8 over (4593795 <= k <= 4593895), with index condition: (sbtest8.k between 4593795 and 4593895)  (cost=45.7 rows=101)

explain: for range-notcovered :: explain SELECT k, c FROM sbtest%d WHERE k BETWEEN 8996302 AND 8996402explain: for range-notcovered :: explain SELECT k, c FROM sbtest%d WHERE k BETWEEN 4784591 AND 4784691explain: for range-notcovered :: explain SELECT k, c FROM sbtest%d WHERE k BETWEEN 3016335 AND 3016435
for range-notcovered
table 1 : explain SELECT k, c FROM sbtest1 WHERE k BETWEEN 6955538 AND 6955638
	-> Index range scan on sbtest1 using k_1 over (6955538 <= k <= 6955638), with index condition: (sbtest1.k between 6955538 and 6955638)  (cost=39.9 rows=88)


table 2 : explain SELECT k, c FROM sbtest2 WHERE k BETWEEN 6955538 AND 6955638
	-> Index range scan on sbtest2 using k_2 over (6955538 <= k <= 6955638), with index condition: (sbtest2.k between 6955538 and 6955638)  (cost=47.5 rows=105)


table 3 : explain SELECT k, c FROM sbtest3 WHERE k BETWEEN 6955538 AND 6955638
	-> Index range scan on sbtest3 using k_3 over (6955538 <= k <= 6955638), with index condition: (sbtest3.k between 6955538 and 6955638)  (cost=49.3 rows=109)


table 4 : explain SELECT k, c FROM sbtest4 WHERE k BETWEEN 6955538 AND 6955638
	-> Index range scan on sbtest4 using k_4 over (6955538 <= k <= 6955638), with index condition: (sbtest4.k between 6955538 and 6955638)  (cost=51.1 rows=113)


table 5 : explain SELECT k, c FROM sbtest5 WHERE k BETWEEN 6955538 AND 6955638
	-> Index range scan on sbtest5 using k_5 over (6955538 <= k <= 6955638), with index condition: (sbtest5.k between 6955538 and 6955638)  (cost=50.2 rows=111)


table 6 : explain SELECT k, c FROM sbtest6 WHERE k BETWEEN 6955538 AND 6955638
	-> Index range scan on sbtest6 using k_6 over (6955538 <= k <= 6955638), with index condition: (sbtest6.k between 6955538 and 6955638)  (cost=44.4 rows=98)


table 7 : explain SELECT k, c FROM sbtest7 WHERE k BETWEEN 6955538 AND 6955638
	-> Index range scan on sbtest7 using k_7 over (6955538 <= k <= 6955638), with index condition: (sbtest7.k between 6955538 and 6955638)  (cost=42.1 rows=93)


table 8 : explain SELECT k, c FROM sbtest8 WHERE k BETWEEN 6955538 AND 6955638
	-> Index range scan on sbtest8 using k_8 over (6955538 <= k <= 6955638), with index condition: (sbtest8.k between 6955538 and 6955638)  (cost=47.5 rows=105)


explain: for range-notcovered :: explain SELECT k, c FROM sbtest%d WHERE k BETWEEN 6047958 AND 6048058



for range-notcovered
table 1 : explain SELECT k, c FROM sbtest1 WHERE k BETWEEN 909953 AND 910053
	-> Index range scan on sbtest1 using k_1 over (909953 <= k <= 910053), with index condition: (sbtest1.k between 909953 and 910053)  (cost=40.3 rows=89)


table 2 : explain SELECT k, c FROM sbtest2 WHERE k BETWEEN 909953 AND 910053
	-> Index range scan on sbtest2 using k_2 over (909953 <= k <= 910053), with index condition: (sbtest2.k between 909953 and 910053)  (cost=48.4 rows=107)


table 3 : explain SELECT k, c FROM sbtest3 WHERE k BETWEEN 909953 AND 910053
	-> Index range scan on sbtest3 using k_3 over (909953 <= k <= 910053), with index condition: (sbtest3.k between 909953 and 910053)  (cost=41.2 rows=91)


table 4 : explain SELECT k, c FROM sbtest4 WHERE k BETWEEN 909953 AND 910053
	-> Index range scan on sbtest4 using k_4 over (909953 <= k <= 910053), with index condition: (sbtest4.k between 909953 and 910053)  (cost=51.6 rows=114)


table 5 : explain SELECT k, c FROM sbtest5 WHERE k BETWEEN 909953 AND 910053
	-> Index range scan on sbtest5 using k_5 over (909953 <= k <= 910053), with index condition: (sbtest5.k between 909953 and 910053)  (cost=47.5 rows=105)


table 6 : explain SELECT k, c FROM sbtest6 WHERE k BETWEEN 909953 AND 910053
	-> Index range scan on sbtest6 using k_6 over (909953 <= k <= 910053), with index condition: (sbtest6.k between 909953 and 910053)  (cost=43 rows=95)


table 7 : explain SELECT k, c FROM sbtest7 WHERE k BETWEEN 909953 AND 910053
	-> Index range scan on sbtest7 using k_7 over (909953 <= k <= 910053), with index condition: (sbtest7.k between 909953 and 910053)  (cost=47.1 rows=104)


table 8 : explain SELECT k, c FROM sbtest8 WHERE k BETWEEN 909953 AND 910053
	-> Index range scan on sbtest8 using k_8 over (909953 <= k <= 910053), with index condition: (sbtest8.k between 909953 and 910053)  (cost=47.1 rows=104)


explain: for range-notcovered :: explain SELECT k, c FROM sbtest%d WHERE k BETWEEN 5561744 AND 5561844for range-notcovered
table 1 : explain SELECT k, c FROM sbtest1 WHERE k BETWEEN 5232353 AND 5232453
	-> Index range scan on sbtest1 using k_1 over (5232353 <= k <= 5232453), with index condition: (sbtest1.k between 5232353 and 5232453)  (cost=31.3 rows=69)


table 2 : explain SELECT k, c FROM sbtest2 WHERE k BETWEEN 5232353 AND 5232453
	-> Index range scan on sbtest2 using k_2 over (5232353 <= k <= 5232453), with index condition: (sbtest2.k between 5232353 and 5232453)  (cost=49.8 rows=110)


table 3 : explain SELECT k, c FROM sbtest3 WHERE k BETWEEN 5232353 AND 5232453
	-> Index range scan on sbtest3 using k_3 over (5232353 <= k <= 5232453), with index condition: (sbtest3.k between 5232353 and 5232453)  (cost=47.5 rows=105)


table 4 : explain SELECT k, c FROM sbtest4 WHERE k BETWEEN 5232353 AND 5232453
	-> Index range scan on sbtest4 using k_4 over (5232353 <= k <= 5232453), with index condition: (sbtest4.k between 5232353 and 5232453)  (cost=43.5 rows=96)


table 5 : explain SELECT k, c FROM sbtest5 WHERE k BETWEEN 5232353 AND 5232453
	-> Index range scan on sbtest5 using k_5 over (5232353 <= k <= 5232453), with index condition: (sbtest5.k between 5232353 and 5232453)  (cost=56.1 rows=124)


table 6 : explain SELECT k, c FROM sbtest6 WHERE k BETWEEN 5232353 AND 5232453
	-> Index range scan on sbtest6 using k_6 over (5232353 <= k <= 5232453), with index condition: (sbtest6.k between 5232353 and 5232453)  (cost=45.7 rows=101)


table 7 : explain SELECT k, c FROM sbtest7 WHERE k BETWEEN 5232353 AND 5232453
	-> Index range scan on sbtest7 using k_7 over (5232353 <= k <= 5232453), with index condition: (sbtest7.k between 5232353 and 5232453)  (cost=50.2 rows=111)


table 8 : explain SELECT k, c FROM sbtest8 WHERE k BETWEEN 5232353 AND 5232453
	-> Index range scan on sbtest8 using k_8 over (5232353 <= k <= 5232453), with index condition: (sbtest8.k between 5232353 and 5232453)  (cost=40.3 rows=89)


for range-notcovered
table 1 : explain SELECT k, c FROM sbtest1 WHERE k BETWEEN 6037781 AND 6037881
	-> Index range scan on sbtest1 using k_1 over (6037781 <= k <= 6037881), with index condition: (sbtest1.k between 6037781 and 6037881)  (cost=40.3 rows=89)


table 2 : explain SELECT k, c FROM sbtest2 WHERE k BETWEEN 6037781 AND 6037881
	-> Index range scan on sbtest2 using k_2 over (6037781 <= k <= 6037881), with index condition: (sbtest2.k between 6037781 and 6037881)  (cost=43.5 rows=96)


table 3 : explain SELECT k, c FROM sbtest3 WHERE k BETWEEN 6037781 AND 6037881
	-> Index range scan on sbtest3 using k_3 over (6037781 <= k <= 6037881), with index condition: (sbtest3.k between 6037781 and 6037881)  (cost=40.8 rows=90)


table 4 : explain SELECT k, c FROM sbtest4 WHERE k BETWEEN 6037781 AND 6037881
	-> Index range scan on sbtest4 using k_4 over (6037781 <= k <= 6037881), with index condition: (sbtest4.k between 6037781 and 6037881)  (cost=45.3 rows=100)


table 5 : explain SELECT k, c FROM sbtest5 WHERE k BETWEEN 6037781 AND 6037881
	-> Index range scan on sbtest5 using k_5 over (6037781 <= k <= 6037881), with index condition: (sbtest5.k between 6037781 and 6037881)  (cost=47.1 rows=104)


table 6 : explain SELECT k, c FROM sbtest6 WHERE k BETWEEN 6037781 AND 6037881
	-> Index range scan on sbtest6 using k_6 over (6037781 <= k <= 6037881), with index condition: (sbtest6.k between 6037781 and 6037881)  (cost=39.4 rows=87)


table 7 : explain SELECT k, c FROM sbtest7 WHERE k BETWEEN 6037781 AND 6037881
	-> Index range scan on sbtest7 using k_7 over (6037781 <= k <= 6037881), with index condition: (sbtest7.k between 6037781 and 6037881)  (cost=47.5 rows=105)


table 8 : explain SELECT k, c FROM sbtest8 WHERE k BETWEEN 6037781 AND 6037881
	-> Index range scan on sbtest8 using k_8 over (6037781 <= k <= 6037881), with index condition: (sbtest8.k between 6037781 and 6037881)  (cost=42.6 rows=94)

for range-notcovered
table 1 : explain SELECT k, c FROM sbtest1 WHERE k BETWEEN 5941719 AND 5941819
	-> Index range scan on sbtest1 using k_1 over (5941719 <= k <= 5941819), with index condition: (sbtest1.k between 5941719 and 5941819)  (cost=48.4 rows=107)


table 2 : explain SELECT k, c FROM sbtest2 WHERE k BETWEEN 5941719 AND 5941819
	-> Index range scan on sbtest2 using k_2 over (5941719 <= k <= 5941819), with index condition: (sbtest2.k between 5941719 and 5941819)  (cost=41.7 rows=92)


table 3 : explain SELECT k, c FROM sbtest3 WHERE k BETWEEN 5941719 AND 5941819
	-> Index range scan on sbtest3 using k_3 over (5941719 <= k <= 5941819), with index condition: (sbtest3.k between 5941719 and 5941819)  (cost=45.7 rows=101)


table 4 : explain SELECT k, c FROM sbtest4 WHERE k BETWEEN 5941719 AND 5941819
	-> Index range scan on sbtest4 using k_4 over (5941719 <= k <= 5941819), with index condition: (sbtest4.k between 5941719 and 5941819)  (cost=44.4 rows=98)


table 5 : explain SELECT k, c FROM sbtest5 WHERE k BETWEEN 5941719 AND 5941819
	-> Index range scan on sbtest5 using k_5 over (5941719 <= k <= 5941819), with index condition: (sbtest5.k between 5941719 and 5941819)  (cost=48.4 rows=107)


table 6 : explain SELECT k, c FROM sbtest6 WHERE k BETWEEN 5941719 AND 5941819
	-> Index range scan on sbtest6 using k_6 over (5941719 <= k <= 5941819), with index condition: (sbtest6.k between 5941719 and 5941819)  (cost=43.5 rows=96)


table 7 : explain SELECT k, c FROM sbtest7 WHERE k BETWEEN 5941719 AND 5941819
	-> Index range scan on sbtest7 using k_7 over (5941719 <= k <= 5941819), with index condition: (sbtest7.k between 5941719 and 5941819)  (cost=47.1 rows=104)


table 8 : explain SELECT k, c FROM sbtest8 WHERE k BETWEEN 5941719 AND 5941819
	-> Index range scan on sbtest8 using k_8 over (5941719 <= k <= 5941819), with index condition: (sbtest8.k between 5941719 and 5941819)  (cost=46.6 rows=103)


for range-notcovered
table 1 : explain SELECT k, c FROM sbtest1 WHERE k BETWEEN 5160046 AND 5160146
	-> Index range scan on sbtest1 using k_1 over (5160046 <= k <= 5160146), with index condition: (sbtest1.k between 5160046 and 5160146)  (cost=45.7 rows=101)


table 2 : explain SELECT k, c FROM sbtest2 WHERE k BETWEEN 5160046 AND 5160146
	-> Index range scan on sbtest2 using k_2 over (5160046 <= k <= 5160146), with index condition: (sbtest2.k between 5160046 and 5160146)  (cost=51.1 rows=113)


table 3 : explain SELECT k, c FROM sbtest3 WHERE k BETWEEN 5160046 AND 5160146
	-> Index range scan on sbtest3 using k_3 over (5160046 <= k <= 5160146), with index condition: (sbtest3.k between 5160046 and 5160146)  (cost=49.8 rows=110)


table 4 : explain SELECT k, c FROM sbtest4 WHERE k BETWEEN 5160046 AND 5160146
	-> Index range scan on sbtest4 using k_4 over (5160046 <= k <= 5160146), with index condition: (sbtest4.k between 5160046 and 5160146)  (cost=53.4 rows=118)


table 5 : explain SELECT k, c FROM sbtest5 WHERE k BETWEEN 5160046 AND 5160146
	-> Index range scan on sbtest5 using k_5 over (5160046 <= k <= 5160146), with index condition: (sbtest5.k between 5160046 and 5160146)  (cost=47.1 rows=104)


table 6 : explain SELECT k, c FROM sbtest6 WHERE k BETWEEN 5160046 AND 5160146
	-> Index range scan on sbtest6 using k_6 over (5160046 <= k <= 5160146), with index condition: (sbtest6.k between 5160046 and 5160146)  (cost=43 rows=95)


table 7 : explain SELECT k, c FROM sbtest7 WHERE k BETWEEN 5160046 AND 5160146
	-> Index range scan on sbtest7 using k_7 over (5160046 <= k <= 5160146), with index condition: (sbtest7.k between 5160046 and 5160146)  (cost=44.4 rows=98)


table 8 : explain SELECT k, c FROM sbtest8 WHERE k BETWEEN 5160046 AND 5160146
	-> Index range scan on sbtest8 using k_8 over (5160046 <= k <= 5160146), with index condition: (sbtest8.k between 5160046 and 5160146)  (cost=45.7 rows=101)



explain: for range-notcovered :: explain SELECT k, c FROM sbtest%d WHERE k BETWEEN 5232353 AND 5232453
explain: for range-notcovered :: explain SELECT k, c FROM sbtest%d WHERE k BETWEEN 6955538 AND 6955638
explain: for range-notcovered :: explain SELECT k, c FROM sbtest%d WHERE k BETWEEN 5941719 AND 5941819
explain: for range-notcovered :: explain SELECT k, c FROM sbtest%d WHERE k BETWEEN 5160046 AND 5160146
for range-notcovered
table 1 : explain SELECT k, c FROM sbtest1 WHERE k BETWEEN 1233980 AND 1234080
	-> Index range scan on sbtest1 using k_1 over (1233980 <= k <= 1234080), with index condition: (sbtest1.k between 1233980 and 1234080)  (cost=48 rows=106)


table 2 : explain SELECT k, c FROM sbtest2 WHERE k BETWEEN 1233980 AND 1234080
	-> Index range scan on sbtest2 using k_2 over (1233980 <= k <= 1234080), with index condition: (sbtest2.k between 1233980 and 1234080)  (cost=46.2 rows=102)


table 3 : explain SELECT k, c FROM sbtest3 WHERE k BETWEEN 1233980 AND 1234080
	-> Index range scan on sbtest3 using k_3 over (1233980 <= k <= 1234080), with index condition: (sbtest3.k between 1233980 and 1234080)  (cost=45.3 rows=100)


table 4 : explain SELECT k, c FROM sbtest4 WHERE k BETWEEN 1233980 AND 1234080
	-> Index range scan on sbtest4 using k_4 over (1233980 <= k <= 1234080), with index condition: (sbtest4.k between 1233980 and 1234080)  (cost=48.9 rows=108)


table 5 : explain SELECT k, c FROM sbtest5 WHERE k BETWEEN 1233980 AND 1234080
	-> Index range scan on sbtest5 using k_5 over (1233980 <= k <= 1234080), with index condition: (sbtest5.k between 1233980 and 1234080)  (cost=37.2 rows=82)


table 6 : explain SELECT k, c FROM sbtest6 WHERE k BETWEEN 1233980 AND 1234080
	-> Index range scan on sbtest6 using k_6 over (1233980 <= k <= 1234080), with index condition: (sbtest6.k between 1233980 and 1234080)  (cost=55.2 rows=122)


table 7 : explain SELECT k, c FROM sbtest7 WHERE k BETWEEN 1233980 AND 1234080
	-> Index range scan on sbtest7 using k_7 over (1233980 <= k <= 1234080), with index condition: (sbtest7.k between 1233980 and 1234080)  (cost=47.1 rows=104)


table 8 : explain SELECT k, c FROM sbtest8 WHERE k BETWEEN 1233980 AND 1234080
	-> Index range scan on sbtest8 using k_8 over (1233980 <= k <= 1234080), with index condition: (sbtest8.k between 1233980 and 1234080)  (cost=49.3 rows=109)

explain: for range-notcovered :: explain SELECT k, c FROM sbtest%d WHERE k BETWEEN 2219702 AND 2219802
explain: for range-notcovered :: explain SELECT k, c FROM sbtest%d WHERE k BETWEEN 4593795 AND 4593895
for range-notcovered
table 1 : explain SELECT k, c FROM sbtest1 WHERE k BETWEEN 5266661 AND 5266761
	-> Index range scan on sbtest1 using k_1 over (5266661 <= k <= 5266761), with index condition: (sbtest1.k between 5266661 and 5266761)  (cost=50.7 rows=112)


table 2 : explain SELECT k, c FROM sbtest2 WHERE k BETWEEN 5266661 AND 5266761
	-> Index range scan on sbtest2 using k_2 over (5266661 <= k <= 5266761), with index condition: (sbtest2.k between 5266661 and 5266761)  (cost=44.8 rows=99)


table 3 : explain SELECT k, c FROM sbtest3 WHERE k BETWEEN 5266661 AND 5266761
	-> Index range scan on sbtest3 using k_3 over (5266661 <= k <= 5266761), with index condition: (sbtest3.k between 5266661 and 5266761)  (cost=53.4 rows=118)


table 4 : explain SELECT k, c FROM sbtest4 WHERE k BETWEEN 5266661 AND 5266761
	-> Index range scan on sbtest4 using k_4 over (5266661 <= k <= 5266761), with index condition: (sbtest4.k between 5266661 and 5266761)  (cost=41.7 rows=92)


table 5 : explain SELECT k, c FROM sbtest5 WHERE k BETWEEN 5266661 AND 5266761
	-> Index range scan on sbtest5 using k_5 over (5266661 <= k <= 5266761), with index condition: (sbtest5.k between 5266661 and 5266761)  (cost=44.8 rows=99)


table 6 : explain SELECT k, c FROM sbtest6 WHERE k BETWEEN 5266661 AND 5266761
	-> Index range scan on sbtest6 using k_6 over (5266661 <= k <= 5266761), with index condition: (sbtest6.k between 5266661 and 5266761)  (cost=45.7 rows=101)


table 7 : explain SELECT k, c FROM sbtest7 WHERE k BETWEEN 5266661 AND 5266761
	-> Index range scan on sbtest7 using k_7 over (5266661 <= k <= 5266761), with index condition: (sbtest7.k between 5266661 and 5266761)  (cost=42.1 rows=93)


table 8 : explain SELECT k, c FROM sbtest8 WHERE k BETWEEN 5266661 AND 5266761
	-> Index range scan on sbtest8 using k_8 over (5266661 <= k <= 5266761), with index condition: (sbtest8.k between 5266661 and 5266761)  (cost=45.3 rows=100)


explain: for range-notcovered :: explain SELECT k, c FROM sbtest%d WHERE k BETWEEN 4645412 AND 4645512
explain: for range-notcovered :: explain SELECT k, c FROM sbtest%d WHERE k BETWEEN 909953 AND 910053
explain: for range-notcovered :: explain SELECT k, c FROM sbtest%d WHERE k BETWEEN 6037781 AND 6037881
for range-notcovered
table 1 : explain SELECT k, c FROM sbtest1 WHERE k BETWEEN 7014826 AND 7014926
	-> Index range scan on sbtest1 using k_1 over (7014826 <= k <= 7014926), with index condition: (sbtest1.k between 7014826 and 7014926)  (cost=43 rows=95)


table 2 : explain SELECT k, c FROM sbtest2 WHERE k BETWEEN 7014826 AND 7014926
	-> Index range scan on sbtest2 using k_2 over (7014826 <= k <= 7014926), with index condition: (sbtest2.k between 7014826 and 7014926)  (cost=46.2 rows=102)


table 3 : explain SELECT k, c FROM sbtest3 WHERE k BETWEEN 7014826 AND 7014926
	-> Index range scan on sbtest3 using k_3 over (7014826 <= k <= 7014926), with index condition: (sbtest3.k between 7014826 and 7014926)  (cost=52 rows=115)


table 4 : explain SELECT k, c FROM sbtest4 WHERE k BETWEEN 7014826 AND 7014926
	-> Index range scan on sbtest4 using k_4 over (7014826 <= k <= 7014926), with index condition: (sbtest4.k between 7014826 and 7014926)  (cost=42.6 rows=94)


table 5 : explain SELECT k, c FROM sbtest5 WHERE k BETWEEN 7014826 AND 7014926
	-> Index range scan on sbtest5 using k_5 over (7014826 <= k <= 7014926), with index condition: (sbtest5.k between 7014826 and 7014926)  (cost=48 rows=106)


table 6 : explain SELECT k, c FROM sbtest6 WHERE k BETWEEN 7014826 AND 7014926
	-> Index range scan on sbtest6 using k_6 over (7014826 <= k <= 7014926), with index condition: (sbtest6.k between 7014826 and 7014926)  (cost=45.7 rows=101)


table 7 : explain SELECT k, c FROM sbtest7 WHERE k BETWEEN 7014826 AND 7014926
	-> Index range scan on sbtest7 using k_7 over (7014826 <= k <= 7014926), with index condition: (sbtest7.k between 7014826 and 7014926)  (cost=45.3 rows=100)


table 8 : explain SELECT k, c FROM sbtest8 WHERE k BETWEEN 7014826 AND 7014926
	-> Index range scan on sbtest8 using k_8 over (7014826 <= k <= 7014926), with index condition: (sbtest8.k between 7014826 and 7014926)  (cost=46.2 rows=102)




for range-notcovered
table 1 : explain SELECT k, c FROM sbtest1 WHERE k BETWEEN 3209445 AND 3209545
	-> Index range scan on sbtest1 using k_1 over (3209445 <= k <= 3209545), with index condition: (sbtest1.k between 3209445 and 3209545)  (cost=39 rows=86)


table 2 : explain SELECT k, c FROM sbtest2 WHERE k BETWEEN 3209445 AND 3209545
	-> Index range scan on sbtest2 using k_2 over (3209445 <= k <= 3209545), with index condition: (sbtest2.k between 3209445 and 3209545)  (cost=52.5 rows=116)


table 3 : explain SELECT k, c FROM sbtest3 WHERE k BETWEEN 3209445 AND 3209545
	-> Index range scan on sbtest3 using k_3 over (3209445 <= k <= 3209545), with index condition: (sbtest3.k between 3209445 and 3209545)  (cost=47.5 rows=105)


table 4 : explain SELECT k, c FROM sbtest4 WHERE k BETWEEN 3209445 AND 3209545
	-> Index range scan on sbtest4 using k_4 over (3209445 <= k <= 3209545), with index condition: (sbtest4.k between 3209445 and 3209545)  (cost=43 rows=95)


table 5 : explain SELECT k, c FROM sbtest5 WHERE k BETWEEN 3209445 AND 3209545
	-> Index range scan on sbtest5 using k_5 over (3209445 <= k <= 3209545), with index condition: (sbtest5.k between 3209445 and 3209545)  (cost=45.7 rows=101)


table 6 : explain SELECT k, c FROM sbtest6 WHERE k BETWEEN 3209445 AND 3209545
	-> Index range scan on sbtest6 using k_6 over (3209445 <= k <= 3209545), with index condition: (sbtest6.k between 3209445 and 3209545)  (cost=38.1 rows=84)


table 7 : explain SELECT k, c FROM sbtest7 WHERE k BETWEEN 3209445 AND 3209545
	-> Index range scan on sbtest7 using k_7 over (3209445 <= k <= 3209545), with index condition: (sbtest7.k between 3209445 and 3209545)  (cost=52.9 rows=117)


table 8 : explain SELECT k, c FROM sbtest8 WHERE k BETWEEN 3209445 AND 3209545
	-> Index range scan on sbtest8 using k_8 over (3209445 <= k <= 3209545), with index condition: (sbtest8.k between 3209445 and 3209545)  (cost=49.3 rows=109)


for range-notcovered
table 1 : explain SELECT k, c FROM sbtest1 WHERE k BETWEEN 2291520 AND 2291620
	-> Index range scan on sbtest1 using k_1 over (2291520 <= k <= 2291620), with index condition: (sbtest1.k between 2291520 and 2291620)  (cost=47.1 rows=104)


table 2 : explain SELECT k, c FROM sbtest2 WHERE k BETWEEN 2291520 AND 2291620
	-> Index range scan on sbtest2 using k_2 over (2291520 <= k <= 2291620), with index condition: (sbtest2.k between 2291520 and 2291620)  (cost=45.3 rows=100)


table 3 : explain SELECT k, c FROM sbtest3 WHERE k BETWEEN 2291520 AND 2291620
	-> Index range scan on sbtest3 using k_3 over (2291520 <= k <= 2291620), with index condition: (sbtest3.k between 2291520 and 2291620)  (cost=47.5 rows=105)


table 4 : explain SELECT k, c FROM sbtest4 WHERE k BETWEEN 2291520 AND 2291620
	-> Index range scan on sbtest4 using k_4 over (2291520 <= k <= 2291620), with index condition: (sbtest4.k between 2291520 and 2291620)  (cost=45.7 rows=101)


table 5 : explain SELECT k, c FROM sbtest5 WHERE k BETWEEN 2291520 AND 2291620
	-> Index range scan on sbtest5 using k_5 over (2291520 <= k <= 2291620), with index condition: (sbtest5.k between 2291520 and 2291620)  (cost=47.5 rows=105)


table 6 : explain SELECT k, c FROM sbtest6 WHERE k BETWEEN 2291520 AND 2291620
	-> Index range scan on sbtest6 using k_6 over (2291520 <= k <= 2291620), with index condition: (sbtest6.k between 2291520 and 2291620)  (cost=47.5 rows=105)


table 7 : explain SELECT k, c FROM sbtest7 WHERE k BETWEEN 2291520 AND 2291620
	-> Index range scan on sbtest7 using k_7 over (2291520 <= k <= 2291620), with index condition: (sbtest7.k between 2291520 and 2291620)  (cost=46.6 rows=103)


table 8 : explain SELECT k, c FROM sbtest8 WHERE k BETWEEN 2291520 AND 2291620
	-> Index range scan on sbtest8 using k_8 over (2291520 <= k <= 2291620), with index condition: (sbtest8.k between 2291520 and 2291620)  (cost=43 rows=95)


explain: for range-notcovered :: explain SELECT k, c FROM sbtest%d WHERE k BETWEEN 9009088 AND 9009188

for range-notcovered
table 1 : explain SELECT k, c FROM sbtest1 WHERE k BETWEEN 2584412 AND 2584512
	-> Index range scan on sbtest1 using k_1 over (2584412 <= k <= 2584512), with index condition: (sbtest1.k between 2584412 and 2584512)  (cost=57.9 rows=128)


table 2 : explain SELECT k, c FROM sbtest2 WHERE k BETWEEN 2584412 AND 2584512
	-> Index range scan on sbtest2 using k_2 over (2584412 <= k <= 2584512), with index condition: (sbtest2.k between 2584412 and 2584512)  (cost=40.3 rows=89)


table 3 : explain SELECT k, c FROM sbtest3 WHERE k BETWEEN 2584412 AND 2584512
	-> Index range scan on sbtest3 using k_3 over (2584412 <= k <= 2584512), with index condition: (sbtest3.k between 2584412 and 2584512)  (cost=38.5 rows=85)


table 4 : explain SELECT k, c FROM sbtest4 WHERE k BETWEEN 2584412 AND 2584512
	-> Index range scan on sbtest4 using k_4 over (2584412 <= k <= 2584512), with index condition: (sbtest4.k between 2584412 and 2584512)  (cost=48.4 rows=107)


table 5 : explain SELECT k, c FROM sbtest5 WHERE k BETWEEN 2584412 AND 2584512
	-> Index range scan on sbtest5 using k_5 over (2584412 <= k <= 2584512), with index condition: (sbtest5.k between 2584412 and 2584512)  (cost=52 rows=115)


table 6 : explain SELECT k, c FROM sbtest6 WHERE k BETWEEN 2584412 AND 2584512
	-> Index range scan on sbtest6 using k_6 over (2584412 <= k <= 2584512), with index condition: (sbtest6.k between 2584412 and 2584512)  (cost=51.1 rows=113)


table 7 : explain SELECT k, c FROM sbtest7 WHERE k BETWEEN 2584412 AND 2584512
	-> Index range scan on sbtest7 using k_7 over (2584412 <= k <= 2584512), with index condition: (sbtest7.k between 2584412 and 2584512)  (cost=40.8 rows=90)


table 8 : explain SELECT k, c FROM sbtest8 WHERE k BETWEEN 2584412 AND 2584512
	-> Index range scan on sbtest8 using k_8 over (2584412 <= k <= 2584512), with index condition: (sbtest8.k between 2584412 and 2584512)  (cost=52.9 rows=117)

for range-notcovered
table 1 : explain SELECT k, c FROM sbtest1 WHERE k BETWEEN 4143083 AND 4143183
	-> Index range scan on sbtest1 using k_1 over (4143083 <= k <= 4143183), with index condition: (sbtest1.k between 4143083 and 4143183)  (cost=46.6 rows=103)


table 2 : explain SELECT k, c FROM sbtest2 WHERE k BETWEEN 4143083 AND 4143183
	-> Index range scan on sbtest2 using k_2 over (4143083 <= k <= 4143183), with index condition: (sbtest2.k between 4143083 and 4143183)  (cost=37.6 rows=83)


table 3 : explain SELECT k, c FROM sbtest3 WHERE k BETWEEN 4143083 AND 4143183
	-> Index range scan on sbtest3 using k_3 over (4143083 <= k <= 4143183), with index condition: (sbtest3.k between 4143083 and 4143183)  (cost=46.6 rows=103)


table 4 : explain SELECT k, c FROM sbtest4 WHERE k BETWEEN 4143083 AND 4143183
	-> Index range scan on sbtest4 using k_4 over (4143083 <= k <= 4143183), with index condition: (sbtest4.k between 4143083 and 4143183)  (cost=49.3 rows=109)


table 5 : explain SELECT k, c FROM sbtest5 WHERE k BETWEEN 4143083 AND 4143183
	-> Index range scan on sbtest5 using k_5 over (4143083 <= k <= 4143183), with index condition: (sbtest5.k between 4143083 and 4143183)  (cost=56.1 rows=124)


table 6 : explain SELECT k, c FROM sbtest6 WHERE k BETWEEN 4143083 AND 4143183
	-> Index range scan on sbtest6 using k_6 over (4143083 <= k <= 4143183), with index condition: (sbtest6.k between 4143083 and 4143183)  (cost=48.9 rows=108)


table 7 : explain SELECT k, c FROM sbtest7 WHERE k BETWEEN 4143083 AND 4143183
	-> Index range scan on sbtest7 using k_7 over (4143083 <= k <= 4143183), with index condition: (sbtest7.k between 4143083 and 4143183)  (cost=43.5 rows=96)


table 8 : explain SELECT k, c FROM sbtest8 WHERE k BETWEEN 4143083 AND 4143183
	-> Index range scan on sbtest8 using k_8 over (4143083 <= k <= 4143183), with index condition: (sbtest8.k between 4143083 and 4143183)  (cost=43.5 rows=96)


explain: for range-notcovered :: explain SELECT k, c FROM sbtest%d WHERE k BETWEEN 7014826 AND 7014926

explain: for range-notcovered :: explain SELECT k, c FROM sbtest%d WHERE k BETWEEN 5266661 AND 5266761
for range-notcovered
table 1 : explain SELECT k, c FROM sbtest1 WHERE k BETWEEN 1708641 AND 1708741
	-> Index range scan on sbtest1 using k_1 over (1708641 <= k <= 1708741), with index condition: (sbtest1.k between 1708641 and 1708741)  (cost=45.3 rows=100)


table 2 : explain SELECT k, c FROM sbtest2 WHERE k BETWEEN 1708641 AND 1708741
	-> Index range scan on sbtest2 using k_2 over (1708641 <= k <= 1708741), with index condition: (sbtest2.k between 1708641 and 1708741)  (cost=45.7 rows=101)


table 3 : explain SELECT k, c FROM sbtest3 WHERE k BETWEEN 1708641 AND 1708741
	-> Index range scan on sbtest3 using k_3 over (1708641 <= k <= 1708741), with index condition: (sbtest3.k between 1708641 and 1708741)  (cost=40.3 rows=89)


table 4 : explain SELECT k, c FROM sbtest4 WHERE k BETWEEN 1708641 AND 1708741
	-> Index range scan on sbtest4 using k_4 over (1708641 <= k <= 1708741), with index condition: (sbtest4.k between 1708641 and 1708741)  (cost=48.4 rows=107)


table 5 : explain SELECT k, c FROM sbtest5 WHERE k BETWEEN 1708641 AND 1708741
	-> Index range scan on sbtest5 using k_5 over (1708641 <= k <= 1708741), with index condition: (sbtest5.k between 1708641 and 1708741)  (cost=51.6 rows=114)


table 6 : explain SELECT k, c FROM sbtest6 WHERE k BETWEEN 1708641 AND 1708741
	-> Index range scan on sbtest6 using k_6 over (1708641 <= k <= 1708741), with index condition: (sbtest6.k between 1708641 and 1708741)  (cost=46.6 rows=103)


table 7 : explain SELECT k, c FROM sbtest7 WHERE k BETWEEN 1708641 AND 1708741
	-> Index range scan on sbtest7 using k_7 over (1708641 <= k <= 1708741), with index condition: (sbtest7.k between 1708641 and 1708741)  (cost=43.5 rows=96)


table 8 : explain SELECT k, c FROM sbtest8 WHERE k BETWEEN 1708641 AND 1708741
	-> Index range scan on sbtest8 using k_8 over (1708641 <= k <= 1708741), with index condition: (sbtest8.k between 1708641 and 1708741)  (cost=47.1 rows=104)


for range-notcovered
table 1 : explain SELECT k, c FROM sbtest1 WHERE k BETWEEN 6302321 AND 6302421
	-> Index range scan on sbtest1 using k_1 over (6302321 <= k <= 6302421), with index condition: (sbtest1.k between 6302321 and 6302421)  (cost=45.7 rows=101)


table 2 : explain SELECT k, c FROM sbtest2 WHERE k BETWEEN 6302321 AND 6302421
	-> Index range scan on sbtest2 using k_2 over (6302321 <= k <= 6302421), with index condition: (sbtest2.k between 6302321 and 6302421)  (cost=42.1 rows=93)


table 3 : explain SELECT k, c FROM sbtest3 WHERE k BETWEEN 6302321 AND 6302421
	-> Index range scan on sbtest3 using k_3 over (6302321 <= k <= 6302421), with index condition: (sbtest3.k between 6302321 and 6302421)  (cost=48.9 rows=108)


table 4 : explain SELECT k, c FROM sbtest4 WHERE k BETWEEN 6302321 AND 6302421
	-> Index range scan on sbtest4 using k_4 over (6302321 <= k <= 6302421), with index condition: (sbtest4.k between 6302321 and 6302421)  (cost=41.2 rows=91)


table 5 : explain SELECT k, c FROM sbtest5 WHERE k BETWEEN 6302321 AND 6302421
	-> Index range scan on sbtest5 using k_5 over (6302321 <= k <= 6302421), with index condition: (sbtest5.k between 6302321 and 6302421)  (cost=39.4 rows=87)


table 6 : explain SELECT k, c FROM sbtest6 WHERE k BETWEEN 6302321 AND 6302421
	-> Index range scan on sbtest6 using k_6 over (6302321 <= k <= 6302421), with index condition: (sbtest6.k between 6302321 and 6302421)  (cost=49.3 rows=109)


table 7 : explain SELECT k, c FROM sbtest7 WHERE k BETWEEN 6302321 AND 6302421
	-> Index range scan on sbtest7 using k_7 over (6302321 <= k <= 6302421), with index condition: (sbtest7.k between 6302321 and 6302421)  (cost=47.1 rows=104)


table 8 : explain SELECT k, c FROM sbtest8 WHERE k BETWEEN 6302321 AND 6302421
	-> Index range scan on sbtest8 using k_8 over (6302321 <= k <= 6302421), with index condition: (sbtest8.k between 6302321 and 6302421)  (cost=39.4 rows=87)


for range-notcovered
table 1 : explain SELECT k, c FROM sbtest1 WHERE k BETWEEN 8503989 AND 8504089
	-> Index range scan on sbtest1 using k_1 over (8503989 <= k <= 8504089), with index condition: (sbtest1.k between 8503989 and 8504089)  (cost=48 rows=106)


table 2 : explain SELECT k, c FROM sbtest2 WHERE k BETWEEN 8503989 AND 8504089
	-> Index range scan on sbtest2 using k_2 over (8503989 <= k <= 8504089), with index condition: (sbtest2.k between 8503989 and 8504089)  (cost=48.4 rows=107)


table 3 : explain SELECT k, c FROM sbtest3 WHERE k BETWEEN 8503989 AND 8504089
	-> Index range scan on sbtest3 using k_3 over (8503989 <= k <= 8504089), with index condition: (sbtest3.k between 8503989 and 8504089)  (cost=47.1 rows=104)


table 4 : explain SELECT k, c FROM sbtest4 WHERE k BETWEEN 8503989 AND 8504089
	-> Index range scan on sbtest4 using k_4 over (8503989 <= k <= 8504089), with index condition: (sbtest4.k between 8503989 and 8504089)  (cost=54.7 rows=121)


table 5 : explain SELECT k, c FROM sbtest5 WHERE k BETWEEN 8503989 AND 8504089
	-> Index range scan on sbtest5 using k_5 over (8503989 <= k <= 8504089), with index condition: (sbtest5.k between 8503989 and 8504089)  (cost=44.8 rows=99)


table 6 : explain SELECT k, c FROM sbtest6 WHERE k BETWEEN 8503989 AND 8504089
	-> Index range scan on sbtest6 using k_6 over (8503989 <= k <= 8504089), with index condition: (sbtest6.k between 8503989 and 8504089)  (cost=43.5 rows=96)


table 7 : explain SELECT k, c FROM sbtest7 WHERE k BETWEEN 8503989 AND 8504089
	-> Index range scan on sbtest7 using k_7 over (8503989 <= k <= 8504089), with index condition: (sbtest7.k between 8503989 and 8504089)  (cost=47.1 rows=104)


table 8 : explain SELECT k, c FROM sbtest8 WHERE k BETWEEN 8503989 AND 8504089
	-> Index range scan on sbtest8 using k_8 over (8503989 <= k <= 8504089), with index condition: (sbtest8.k between 8503989 and 8504089)  (cost=48.9 rows=108)

for range-notcovered
table 1 : explain SELECT k, c FROM sbtest1 WHERE k BETWEEN 5335326 AND 5335426
	-> Index range scan on sbtest1 using k_1 over (5335326 <= k <= 5335426), with index condition: (sbtest1.k between 5335326 and 5335426)  (cost=47.1 rows=104)


table 2 : explain SELECT k, c FROM sbtest2 WHERE k BETWEEN 5335326 AND 5335426
	-> Index range scan on sbtest2 using k_2 over (5335326 <= k <= 5335426), with index condition: (sbtest2.k between 5335326 and 5335426)  (cost=47.1 rows=104)


table 3 : explain SELECT k, c FROM sbtest3 WHERE k BETWEEN 5335326 AND 5335426
	-> Index range scan on sbtest3 using k_3 over (5335326 <= k <= 5335426), with index condition: (sbtest3.k between 5335326 and 5335426)  (cost=41.7 rows=92)


table 4 : explain SELECT k, c FROM sbtest4 WHERE k BETWEEN 5335326 AND 5335426
	-> Index range scan on sbtest4 using k_4 over (5335326 <= k <= 5335426), with index condition: (sbtest4.k between 5335326 and 5335426)  (cost=50.7 rows=112)


table 5 : explain SELECT k, c FROM sbtest5 WHERE k BETWEEN 5335326 AND 5335426
	-> Index range scan on sbtest5 using k_5 over (5335326 <= k <= 5335426), with index condition: (sbtest5.k between 5335326 and 5335426)  (cost=43.5 rows=96)


table 6 : explain SELECT k, c FROM sbtest6 WHERE k BETWEEN 5335326 AND 5335426
	-> Index range scan on sbtest6 using k_6 over (5335326 <= k <= 5335426), with index condition: (sbtest6.k between 5335326 and 5335426)  (cost=48.4 rows=107)


table 7 : explain SELECT k, c FROM sbtest7 WHERE k BETWEEN 5335326 AND 5335426
	-> Index range scan on sbtest7 using k_7 over (5335326 <= k <= 5335426), with index condition: (sbtest7.k between 5335326 and 5335426)  (cost=42.1 rows=93)


table 8 : explain SELECT k, c FROM sbtest8 WHERE k BETWEEN 5335326 AND 5335426
	-> Index range scan on sbtest8 using k_8 over (5335326 <= k <= 5335426), with index condition: (sbtest8.k between 5335326 and 5335426)  (cost=48.4 rows=107)


for range-notcovered
table 1 : explain SELECT k, c FROM sbtest1 WHERE k BETWEEN 6920643 AND 6920743
	-> Index range scan on sbtest1 using k_1 over (6920643 <= k <= 6920743), with index condition: (sbtest1.k between 6920643 and 6920743)  (cost=40.3 rows=89)


table 2 : explain SELECT k, c FROM sbtest2 WHERE k BETWEEN 6920643 AND 6920743
	-> Index range scan on sbtest2 using k_2 over (6920643 <= k <= 6920743), with index condition: (sbtest2.k between 6920643 and 6920743)  (cost=45.3 rows=100)


table 3 : explain SELECT k, c FROM sbtest3 WHERE k BETWEEN 6920643 AND 6920743
	-> Index range scan on sbtest3 using k_3 over (6920643 <= k <= 6920743), with index condition: (sbtest3.k between 6920643 and 6920743)  (cost=46.2 rows=102)


table 4 : explain SELECT k, c FROM sbtest4 WHERE k BETWEEN 6920643 AND 6920743
	-> Index range scan on sbtest4 using k_4 over (6920643 <= k <= 6920743), with index condition: (sbtest4.k between 6920643 and 6920743)  (cost=44.8 rows=99)


table 5 : explain SELECT k, c FROM sbtest5 WHERE k BETWEEN 6920643 AND 6920743
	-> Index range scan on sbtest5 using k_5 over (6920643 <= k <= 6920743), with index condition: (sbtest5.k between 6920643 and 6920743)  (cost=46.6 rows=103)


table 6 : explain SELECT k, c FROM sbtest6 WHERE k BETWEEN 6920643 AND 6920743
	-> Index range scan on sbtest6 using k_6 over (6920643 <= k <= 6920743), with index condition: (sbtest6.k between 6920643 and 6920743)  (cost=39.9 rows=88)


table 7 : explain SELECT k, c FROM sbtest7 WHERE k BETWEEN 6920643 AND 6920743
	-> Index range scan on sbtest7 using k_7 over (6920643 <= k <= 6920743), with index condition: (sbtest7.k between 6920643 and 6920743)  (cost=47.1 rows=104)


table 8 : explain SELECT k, c FROM sbtest8 WHERE k BETWEEN 6920643 AND 6920743
	-> Index range scan on sbtest8 using k_8 over (6920643 <= k <= 6920743), with index condition: (sbtest8.k between 6920643 and 6920743)  (cost=57 rows=126)

for range-notcovered
table 1 : explain SELECT k, c FROM sbtest1 WHERE k BETWEEN 4178071 AND 4178171
	-> Index range scan on sbtest1 using k_1 over (4178071 <= k <= 4178171), with index condition: (sbtest1.k between 4178071 and 4178171)  (cost=50.7 rows=112)


table 2 : explain SELECT k, c FROM sbtest2 WHERE k BETWEEN 4178071 AND 4178171
	-> Index range scan on sbtest2 using k_2 over (4178071 <= k <= 4178171), with index condition: (sbtest2.k between 4178071 and 4178171)  (cost=43.5 rows=96)


table 3 : explain SELECT k, c FROM sbtest3 WHERE k BETWEEN 4178071 AND 4178171
	-> Index range scan on sbtest3 using k_3 over (4178071 <= k <= 4178171), with index condition: (sbtest3.k between 4178071 and 4178171)  (cost=42.6 rows=94)


table 4 : explain SELECT k, c FROM sbtest4 WHERE k BETWEEN 4178071 AND 4178171
	-> Index range scan on sbtest4 using k_4 over (4178071 <= k <= 4178171), with index condition: (sbtest4.k between 4178071 and 4178171)  (cost=53.4 rows=118)


table 5 : explain SELECT k, c FROM sbtest5 WHERE k BETWEEN 4178071 AND 4178171
	-> Index range scan on sbtest5 using k_5 over (4178071 <= k <= 4178171), with index condition: (sbtest5.k between 4178071 and 4178171)  (cost=48.9 rows=108)


table 6 : explain SELECT k, c FROM sbtest6 WHERE k BETWEEN 4178071 AND 4178171
	-> Index range scan on sbtest6 using k_6 over (4178071 <= k <= 4178171), with index condition: (sbtest6.k between 4178071 and 4178171)  (cost=43.9 rows=97)


table 7 : explain SELECT k, c FROM sbtest7 WHERE k BETWEEN 4178071 AND 4178171
	-> Index range scan on sbtest7 using k_7 over (4178071 <= k <= 4178171), with index condition: (sbtest7.k between 4178071 and 4178171)  (cost=53.8 rows=119)


table 8 : explain SELECT k, c FROM sbtest8 WHERE k BETWEEN 4178071 AND 4178171
	-> Index range scan on sbtest8 using k_8 over (4178071 <= k <= 4178171), with index condition: (sbtest8.k between 4178071 and 4178171)  (cost=49.8 rows=110)


explain: for range-notcovered :: explain SELECT k, c FROM sbtest%d WHERE k BETWEEN 2291520 AND 2291620for range-notcovered
table 1 : explain SELECT k, c FROM sbtest1 WHERE k BETWEEN 3500666 AND 3500766
	-> Index range scan on sbtest1 using k_1 over (3500666 <= k <= 3500766), with index condition: (sbtest1.k between 3500666 and 3500766)  (cost=48.4 rows=107)


table 2 : explain SELECT k, c FROM sbtest2 WHERE k BETWEEN 3500666 AND 3500766
	-> Index range scan on sbtest2 using k_2 over (3500666 <= k <= 3500766), with index condition: (sbtest2.k between 3500666 and 3500766)  (cost=50.2 rows=111)


table 3 : explain SELECT k, c FROM sbtest3 WHERE k BETWEEN 3500666 AND 3500766
	-> Index range scan on sbtest3 using k_3 over (3500666 <= k <= 3500766), with index condition: (sbtest3.k between 3500666 and 3500766)  (cost=42.6 rows=94)


table 4 : explain SELECT k, c FROM sbtest4 WHERE k BETWEEN 3500666 AND 3500766
	-> Index range scan on sbtest4 using k_4 over (3500666 <= k <= 3500766), with index condition: (sbtest4.k between 3500666 and 3500766)  (cost=43.5 rows=96)


table 5 : explain SELECT k, c FROM sbtest5 WHERE k BETWEEN 3500666 AND 3500766
	-> Index range scan on sbtest5 using k_5 over (3500666 <= k <= 3500766), with index condition: (sbtest5.k between 3500666 and 3500766)  (cost=44.8 rows=99)


table 6 : explain SELECT k, c FROM sbtest6 WHERE k BETWEEN 3500666 AND 3500766
	-> Index range scan on sbtest6 using k_6 over (3500666 <= k <= 3500766), with index condition: (sbtest6.k between 3500666 and 3500766)  (cost=56.5 rows=125)


table 7 : explain SELECT k, c FROM sbtest7 WHERE k BETWEEN 3500666 AND 3500766
	-> Index range scan on sbtest7 using k_7 over (3500666 <= k <= 3500766), with index condition: (sbtest7.k between 3500666 and 3500766)  (cost=42.1 rows=93)


table 8 : explain SELECT k, c FROM sbtest8 WHERE k BETWEEN 3500666 AND 3500766
	-> Index range scan on sbtest8 using k_8 over (3500666 <= k <= 3500766), with index condition: (sbtest8.k between 3500666 and 3500766)  (cost=38.5 rows=85)


explain: for range-notcovered :: explain SELECT k, c FROM sbtest%d WHERE k BETWEEN 4143083 AND 4143183

for range-notcovered
table 1 : explain SELECT k, c FROM sbtest1 WHERE k BETWEEN 5322439 AND 5322539
	-> Index range scan on sbtest1 using k_1 over (5322439 <= k <= 5322539), with index condition: (sbtest1.k between 5322439 and 5322539)  (cost=43.9 rows=97)


table 2 : explain SELECT k, c FROM sbtest2 WHERE k BETWEEN 5322439 AND 5322539
	-> Index range scan on sbtest2 using k_2 over (5322439 <= k <= 5322539), with index condition: (sbtest2.k between 5322439 and 5322539)  (cost=40.3 rows=89)


table 3 : explain SELECT k, c FROM sbtest3 WHERE k BETWEEN 5322439 AND 5322539
	-> Index range scan on sbtest3 using k_3 over (5322439 <= k <= 5322539), with index condition: (sbtest3.k between 5322439 and 5322539)  (cost=38.1 rows=84)


table 4 : explain SELECT k, c FROM sbtest4 WHERE k BETWEEN 5322439 AND 5322539
	-> Index range scan on sbtest4 using k_4 over (5322439 <= k <= 5322539), with index condition: (sbtest4.k between 5322439 and 5322539)  (cost=51.6 rows=114)


table 5 : explain SELECT k, c FROM sbtest5 WHERE k BETWEEN 5322439 AND 5322539
	-> Index range scan on sbtest5 using k_5 over (5322439 <= k <= 5322539), with index condition: (sbtest5.k between 5322439 and 5322539)  (cost=37.6 rows=83)


table 6 : explain SELECT k, c FROM sbtest6 WHERE k BETWEEN 5322439 AND 5322539
	-> Index range scan on sbtest6 using k_6 over (5322439 <= k <= 5322539), with index condition: (sbtest6.k between 5322439 and 5322539)  (cost=48.4 rows=107)


table 7 : explain SELECT k, c FROM sbtest7 WHERE k BETWEEN 5322439 AND 5322539
	-> Index range scan on sbtest7 using k_7 over (5322439 <= k <= 5322539), with index condition: (sbtest7.k between 5322439 and 5322539)  (cost=46.6 rows=103)


table 8 : explain SELECT k, c FROM sbtest8 WHERE k BETWEEN 5322439 AND 5322539
	-> Index range scan on sbtest8 using k_8 over (5322439 <= k <= 5322539), with index condition: (sbtest8.k between 5322439 and 5322539)  (cost=46.6 rows=103)


explain: for range-notcovered :: explain SELECT k, c FROM sbtest%d WHERE k BETWEEN 5335326 AND 5335426for range-notcovered
table 1 : explain SELECT k, c FROM sbtest1 WHERE k BETWEEN 7430313 AND 7430413
	-> Index range scan on sbtest1 using k_1 over (7430313 <= k <= 7430413), with index condition: (sbtest1.k between 7430313 and 7430413)  (cost=42.1 rows=93)


table 2 : explain SELECT k, c FROM sbtest2 WHERE k BETWEEN 7430313 AND 7430413
	-> Index range scan on sbtest2 using k_2 over (7430313 <= k <= 7430413), with index condition: (sbtest2.k between 7430313 and 7430413)  (cost=49.8 rows=110)


table 3 : explain SELECT k, c FROM sbtest3 WHERE k BETWEEN 7430313 AND 7430413
	-> Index range scan on sbtest3 using k_3 over (7430313 <= k <= 7430413), with index condition: (sbtest3.k between 7430313 and 7430413)  (cost=44.8 rows=99)


table 4 : explain SELECT k, c FROM sbtest4 WHERE k BETWEEN 7430313 AND 7430413
	-> Index range scan on sbtest4 using k_4 over (7430313 <= k <= 7430413), with index condition: (sbtest4.k between 7430313 and 7430413)  (cost=45.7 rows=101)


table 5 : explain SELECT k, c FROM sbtest5 WHERE k BETWEEN 7430313 AND 7430413
	-> Index range scan on sbtest5 using k_5 over (7430313 <= k <= 7430413), with index condition: (sbtest5.k between 7430313 and 7430413)  (cost=44.8 rows=99)


table 6 : explain SELECT k, c FROM sbtest6 WHERE k BETWEEN 7430313 AND 7430413
	-> Index range scan on sbtest6 using k_6 over (7430313 <= k <= 7430413), with index condition: (sbtest6.k between 7430313 and 7430413)  (cost=46.2 rows=102)


table 7 : explain SELECT k, c FROM sbtest7 WHERE k BETWEEN 7430313 AND 7430413
	-> Index range scan on sbtest7 using k_7 over (7430313 <= k <= 7430413), with index condition: (sbtest7.k between 7430313 and 7430413)  (cost=48 rows=106)


table 8 : explain SELECT k, c FROM sbtest8 WHERE k BETWEEN 7430313 AND 7430413
	-> Index range scan on sbtest8 using k_8 over (7430313 <= k <= 7430413), with index condition: (sbtest8.k between 7430313 and 7430413)  (cost=39.4 rows=87)


explain: for range-notcovered :: explain SELECT k, c FROM sbtest%d WHERE k BETWEEN 3209445 AND 3209545

explain: for range-notcovered :: explain SELECT k, c FROM sbtest%d WHERE k BETWEEN 1233980 AND 1234080
explain: for range-notcovered :: explain SELECT k, c FROM sbtest%d WHERE k BETWEEN 4178071 AND 4178171
explain: for range-notcovered :: explain SELECT k, c FROM sbtest%d WHERE k BETWEEN 6302321 AND 6302421explain: for range-notcovered :: explain SELECT k, c FROM sbtest%d WHERE k BETWEEN 2584412 AND 2584512

for range-notcovered
table 1 : explain SELECT k, c FROM sbtest1 WHERE k BETWEEN 7571624 AND 7571724
	-> Index range scan on sbtest1 using k_1 over (7571624 <= k <= 7571724), with index condition: (sbtest1.k between 7571624 and 7571724)  (cost=45.7 rows=101)


table 2 : explain SELECT k, c FROM sbtest2 WHERE k BETWEEN 7571624 AND 7571724
	-> Index range scan on sbtest2 using k_2 over (7571624 <= k <= 7571724), with index condition: (sbtest2.k between 7571624 and 7571724)  (cost=49.8 rows=110)


table 3 : explain SELECT k, c FROM sbtest3 WHERE k BETWEEN 7571624 AND 7571724
	-> Index range scan on sbtest3 using k_3 over (7571624 <= k <= 7571724), with index condition: (sbtest3.k between 7571624 and 7571724)  (cost=40.3 rows=89)


table 4 : explain SELECT k, c FROM sbtest4 WHERE k BETWEEN 7571624 AND 7571724
	-> Index range scan on sbtest4 using k_4 over (7571624 <= k <= 7571724), with index condition: (sbtest4.k between 7571624 and 7571724)  (cost=48 rows=106)


table 5 : explain SELECT k, c FROM sbtest5 WHERE k BETWEEN 7571624 AND 7571724
	-> Index range scan on sbtest5 using k_5 over (7571624 <= k <= 7571724), with index condition: (sbtest5.k between 7571624 and 7571724)  (cost=49.3 rows=109)


table 6 : explain SELECT k, c FROM sbtest6 WHERE k BETWEEN 7571624 AND 7571724
	-> Index range scan on sbtest6 using k_6 over (7571624 <= k <= 7571724), with index condition: (sbtest6.k between 7571624 and 7571724)  (cost=49.3 rows=109)


table 7 : explain SELECT k, c FROM sbtest7 WHERE k BETWEEN 7571624 AND 7571724
	-> Index range scan on sbtest7 using k_7 over (7571624 <= k <= 7571724), with index condition: (sbtest7.k between 7571624 and 7571724)  (cost=41.2 rows=91)


table 8 : explain SELECT k, c FROM sbtest8 WHERE k BETWEEN 7571624 AND 7571724
	-> Index range scan on sbtest8 using k_8 over (7571624 <= k <= 7571724), with index condition: (sbtest8.k between 7571624 and 7571724)  (cost=44.4 rows=98)

explain: for range-notcovered :: explain SELECT k, c FROM sbtest%d WHERE k BETWEEN 1708641 AND 1708741
explain: for range-notcovered :: explain SELECT k, c FROM sbtest%d WHERE k BETWEEN 5322439 AND 5322539
explain: for range-notcovered :: explain SELECT k, c FROM sbtest%d WHERE k BETWEEN 7430313 AND 7430413
for range-notcovered
table 1 : explain SELECT k, c FROM sbtest1 WHERE k BETWEEN 5017403 AND 5017503
	-> Index range scan on sbtest1 using k_1 over (5017403 <= k <= 5017503), with index condition: (sbtest1.k between 5017403 and 5017503)  (cost=49.8 rows=110)


table 2 : explain SELECT k, c FROM sbtest2 WHERE k BETWEEN 5017403 AND 5017503
	-> Index range scan on sbtest2 using k_2 over (5017403 <= k <= 5017503), with index condition: (sbtest2.k between 5017403 and 5017503)  (cost=50.2 rows=111)


table 3 : explain SELECT k, c FROM sbtest3 WHERE k BETWEEN 5017403 AND 5017503
	-> Index range scan on sbtest3 using k_3 over (5017403 <= k <= 5017503), with index condition: (sbtest3.k between 5017403 and 5017503)  (cost=41.7 rows=92)


table 4 : explain SELECT k, c FROM sbtest4 WHERE k BETWEEN 5017403 AND 5017503
	-> Index range scan on sbtest4 using k_4 over (5017403 <= k <= 5017503), with index condition: (sbtest4.k between 5017403 and 5017503)  (cost=48.9 rows=108)


table 5 : explain SELECT k, c FROM sbtest5 WHERE k BETWEEN 5017403 AND 5017503
	-> Index range scan on sbtest5 using k_5 over (5017403 <= k <= 5017503), with index condition: (sbtest5.k between 5017403 and 5017503)  (cost=54.7 rows=121)


table 6 : explain SELECT k, c FROM sbtest6 WHERE k BETWEEN 5017403 AND 5017503
	-> Index range scan on sbtest6 using k_6 over (5017403 <= k <= 5017503), with index condition: (sbtest6.k between 5017403 and 5017503)  (cost=46.6 rows=103)


table 7 : explain SELECT k, c FROM sbtest7 WHERE k BETWEEN 5017403 AND 5017503
	-> Index range scan on sbtest7 using k_7 over (5017403 <= k <= 5017503), with index condition: (sbtest7.k between 5017403 and 5017503)  (cost=44.4 rows=98)


table 8 : explain SELECT k, c FROM sbtest8 WHERE k BETWEEN 5017403 AND 5017503
	-> Index range scan on sbtest8 using k_8 over (5017403 <= k <= 5017503), with index condition: (sbtest8.k between 5017403 and 5017503)  (cost=48.9 rows=108)



explain: for range-notcovered :: explain SELECT k, c FROM sbtest%d WHERE k BETWEEN 6920643 AND 6920743


for range-notcovered
table 1 : explain SELECT k, c FROM sbtest1 WHERE k BETWEEN 2655227 AND 2655327
	-> Index range scan on sbtest1 using k_1 over (2655227 <= k <= 2655327), with index condition: (sbtest1.k between 2655227 and 2655327)  (cost=42.1 rows=93)


table 2 : explain SELECT k, c FROM sbtest2 WHERE k BETWEEN 2655227 AND 2655327
	-> Index range scan on sbtest2 using k_2 over (2655227 <= k <= 2655327), with index condition: (sbtest2.k between 2655227 and 2655327)  (cost=43 rows=95)


table 3 : explain SELECT k, c FROM sbtest3 WHERE k BETWEEN 2655227 AND 2655327
	-> Index range scan on sbtest3 using k_3 over (2655227 <= k <= 2655327), with index condition: (sbtest3.k between 2655227 and 2655327)  (cost=48 rows=106)


table 4 : explain SELECT k, c FROM sbtest4 WHERE k BETWEEN 2655227 AND 2655327
	-> Index range scan on sbtest4 using k_4 over (2655227 <= k <= 2655327), with index condition: (sbtest4.k between 2655227 and 2655327)  (cost=47.1 rows=104)


table 5 : explain SELECT k, c FROM sbtest5 WHERE k BETWEEN 2655227 AND 2655327
	-> Index range scan on sbtest5 using k_5 over (2655227 <= k <= 2655327), with index condition: (sbtest5.k between 2655227 and 2655327)  (cost=41.7 rows=92)


table 6 : explain SELECT k, c FROM sbtest6 WHERE k BETWEEN 2655227 AND 2655327
	-> Index range scan on sbtest6 using k_6 over (2655227 <= k <= 2655327), with index condition: (sbtest6.k between 2655227 and 2655327)  (cost=41.7 rows=92)


table 7 : explain SELECT k, c FROM sbtest7 WHERE k BETWEEN 2655227 AND 2655327
	-> Index range scan on sbtest7 using k_7 over (2655227 <= k <= 2655327), with index condition: (sbtest7.k between 2655227 and 2655327)  (cost=44.8 rows=99)


table 8 : explain SELECT k, c FROM sbtest8 WHERE k BETWEEN 2655227 AND 2655327
	-> Index range scan on sbtest8 using k_8 over (2655227 <= k <= 2655327), with index condition: (sbtest8.k between 2655227 and 2655327)  (cost=47.5 rows=105)


for range-notcovered
table 1 : explain SELECT k, c FROM sbtest1 WHERE k BETWEEN 7507441 AND 7507541
	-> Index range scan on sbtest1 using k_1 over (7507441 <= k <= 7507541), with index condition: (sbtest1.k between 7507441 and 7507541)  (cost=45.3 rows=100)


table 2 : explain SELECT k, c FROM sbtest2 WHERE k BETWEEN 7507441 AND 7507541
	-> Index range scan on sbtest2 using k_2 over (7507441 <= k <= 7507541), with index condition: (sbtest2.k between 7507441 and 7507541)  (cost=42.1 rows=93)


table 3 : explain SELECT k, c FROM sbtest3 WHERE k BETWEEN 7507441 AND 7507541
	-> Index range scan on sbtest3 using k_3 over (7507441 <= k <= 7507541), with index condition: (sbtest3.k between 7507441 and 7507541)  (cost=50.2 rows=111)


table 4 : explain SELECT k, c FROM sbtest4 WHERE k BETWEEN 7507441 AND 7507541
	-> Index range scan on sbtest4 using k_4 over (7507441 <= k <= 7507541), with index condition: (sbtest4.k between 7507441 and 7507541)  (cost=44.8 rows=99)


table 5 : explain SELECT k, c FROM sbtest5 WHERE k BETWEEN 7507441 AND 7507541
	-> Index range scan on sbtest5 using k_5 over (7507441 <= k <= 7507541), with index condition: (sbtest5.k between 7507441 and 7507541)  (cost=48.4 rows=107)


table 6 : explain SELECT k, c FROM sbtest6 WHERE k BETWEEN 7507441 AND 7507541
	-> Index range scan on sbtest6 using k_6 over (7507441 <= k <= 7507541), with index condition: (sbtest6.k between 7507441 and 7507541)  (cost=43 rows=95)


table 7 : explain SELECT k, c FROM sbtest7 WHERE k BETWEEN 7507441 AND 7507541
	-> Index range scan on sbtest7 using k_7 over (7507441 <= k <= 7507541), with index condition: (sbtest7.k between 7507441 and 7507541)  (cost=45.7 rows=101)


table 8 : explain SELECT k, c FROM sbtest8 WHERE k BETWEEN 7507441 AND 7507541
	-> Index range scan on sbtest8 using k_8 over (7507441 <= k <= 7507541), with index condition: (sbtest8.k between 7507441 and 7507541)  (cost=55.6 rows=123)


for range-notcovered
table 1 : explain SELECT k, c FROM sbtest1 WHERE k BETWEEN 6594167 AND 6594267
	-> Index range scan on sbtest1 using k_1 over (6594167 <= k <= 6594267), with index condition: (sbtest1.k between 6594167 and 6594267)  (cost=46.6 rows=103)


table 2 : explain SELECT k, c FROM sbtest2 WHERE k BETWEEN 6594167 AND 6594267
	-> Index range scan on sbtest2 using k_2 over (6594167 <= k <= 6594267), with index condition: (sbtest2.k between 6594167 and 6594267)  (cost=44.4 rows=98)


table 3 : explain SELECT k, c FROM sbtest3 WHERE k BETWEEN 6594167 AND 6594267
	-> Index range scan on sbtest3 using k_3 over (6594167 <= k <= 6594267), with index condition: (sbtest3.k between 6594167 and 6594267)  (cost=45.7 rows=101)


table 4 : explain SELECT k, c FROM sbtest4 WHERE k BETWEEN 6594167 AND 6594267
	-> Index range scan on sbtest4 using k_4 over (6594167 <= k <= 6594267), with index condition: (sbtest4.k between 6594167 and 6594267)  (cost=40.3 rows=89)


table 5 : explain SELECT k, c FROM sbtest5 WHERE k BETWEEN 6594167 AND 6594267
	-> Index range scan on sbtest5 using k_5 over (6594167 <= k <= 6594267), with index condition: (sbtest5.k between 6594167 and 6594267)  (cost=41.2 rows=91)


table 6 : explain SELECT k, c FROM sbtest6 WHERE k BETWEEN 6594167 AND 6594267
	-> Index range scan on sbtest6 using k_6 over (6594167 <= k <= 6594267), with index condition: (sbtest6.k between 6594167 and 6594267)  (cost=45.7 rows=101)


table 7 : explain SELECT k, c FROM sbtest7 WHERE k BETWEEN 6594167 AND 6594267
	-> Index range scan on sbtest7 using k_7 over (6594167 <= k <= 6594267), with index condition: (sbtest7.k between 6594167 and 6594267)  (cost=43.9 rows=97)


table 8 : explain SELECT k, c FROM sbtest8 WHERE k BETWEEN 6594167 AND 6594267
	-> Index range scan on sbtest8 using k_8 over (6594167 <= k <= 6594267), with index condition: (sbtest8.k between 6594167 and 6594267)  (cost=50.7 rows=112)

for range-notcovered
table 1 : explain SELECT k, c FROM sbtest1 WHERE k BETWEEN 7783650 AND 7783750
	-> Index range scan on sbtest1 using k_1 over (7783650 <= k <= 7783750), with index condition: (sbtest1.k between 7783650 and 7783750)  (cost=52.5 rows=116)


table 2 : explain SELECT k, c FROM sbtest2 WHERE k BETWEEN 7783650 AND 7783750
	-> Index range scan on sbtest2 using k_2 over (7783650 <= k <= 7783750), with index condition: (sbtest2.k between 7783650 and 7783750)  (cost=43.9 rows=97)


table 3 : explain SELECT k, c FROM sbtest3 WHERE k BETWEEN 7783650 AND 7783750
	-> Index range scan on sbtest3 using k_3 over (7783650 <= k <= 7783750), with index condition: (sbtest3.k between 7783650 and 7783750)  (cost=38.5 rows=85)


table 4 : explain SELECT k, c FROM sbtest4 WHERE k BETWEEN 7783650 AND 7783750
	-> Index range scan on sbtest4 using k_4 over (7783650 <= k <= 7783750), with index condition: (sbtest4.k between 7783650 and 7783750)  (cost=44.8 rows=99)


table 5 : explain SELECT k, c FROM sbtest5 WHERE k BETWEEN 7783650 AND 7783750
	-> Index range scan on sbtest5 using k_5 over (7783650 <= k <= 7783750), with index condition: (sbtest5.k between 7783650 and 7783750)  (cost=44.4 rows=98)


table 6 : explain SELECT k, c FROM sbtest6 WHERE k BETWEEN 7783650 AND 7783750
	-> Index range scan on sbtest6 using k_6 over (7783650 <= k <= 7783750), with index condition: (sbtest6.k between 7783650 and 7783750)  (cost=47.5 rows=105)


table 7 : explain SELECT k, c FROM sbtest7 WHERE k BETWEEN 7783650 AND 7783750
	-> Index range scan on sbtest7 using k_7 over (7783650 <= k <= 7783750), with index condition: (sbtest7.k between 7783650 and 7783750)  (cost=46.6 rows=103)


table 8 : explain SELECT k, c FROM sbtest8 WHERE k BETWEEN 7783650 AND 7783750
	-> Index range scan on sbtest8 using k_8 over (7783650 <= k <= 7783750), with index condition: (sbtest8.k between 7783650 and 7783750)  (cost=47.5 rows=105)


explain: for range-notcovered :: explain SELECT k, c FROM sbtest%d WHERE k BETWEEN 3500666 AND 3500766
explain: for range-notcovered :: explain SELECT k, c FROM sbtest%d WHERE k BETWEEN 5017403 AND 5017503

explain: for range-notcovered :: explain SELECT k, c FROM sbtest%d WHERE k BETWEEN 2655227 AND 2655327
explain: for range-notcovered :: explain SELECT k, c FROM sbtest%d WHERE k BETWEEN 8503989 AND 8504089explain: for range-notcovered :: explain SELECT k, c FROM sbtest%d WHERE k BETWEEN 7507441 AND 7507541explain: for range-notcovered :: explain SELECT k, c FROM sbtest%d WHERE k BETWEEN 7571624 AND 7571724


for range-notcovered
table 1 : explain SELECT k, c FROM sbtest1 WHERE k BETWEEN 4784591 AND 4784691
	-> Index range scan on sbtest1 using k_1 over (4784591 <= k <= 4784691), with index condition: (sbtest1.k between 4784591 and 4784691)  (cost=43.5 rows=96)


table 2 : explain SELECT k, c FROM sbtest2 WHERE k BETWEEN 4784591 AND 4784691
	-> Index range scan on sbtest2 using k_2 over (4784591 <= k <= 4784691), with index condition: (sbtest2.k between 4784591 and 4784691)  (cost=52.9 rows=117)


table 3 : explain SELECT k, c FROM sbtest3 WHERE k BETWEEN 4784591 AND 4784691
	-> Index range scan on sbtest3 using k_3 over (4784591 <= k <= 4784691), with index condition: (sbtest3.k between 4784591 and 4784691)  (cost=42.1 rows=93)


table 4 : explain SELECT k, c FROM sbtest4 WHERE k BETWEEN 4784591 AND 4784691
	-> Index range scan on sbtest4 using k_4 over (4784591 <= k <= 4784691), with index condition: (sbtest4.k between 4784591 and 4784691)  (cost=44.4 rows=98)


table 5 : explain SELECT k, c FROM sbtest5 WHERE k BETWEEN 4784591 AND 4784691
	-> Index range scan on sbtest5 using k_5 over (4784591 <= k <= 4784691), with index condition: (sbtest5.k between 4784591 and 4784691)  (cost=39.4 rows=87)


table 6 : explain SELECT k, c FROM sbtest6 WHERE k BETWEEN 4784591 AND 4784691
	-> Index range scan on sbtest6 using k_6 over (4784591 <= k <= 4784691), with index condition: (sbtest6.k between 4784591 and 4784691)  (cost=48.4 rows=107)


table 7 : explain SELECT k, c FROM sbtest7 WHERE k BETWEEN 4784591 AND 4784691
	-> Index range scan on sbtest7 using k_7 over (4784591 <= k <= 4784691), with index condition: (sbtest7.k between 4784591 and 4784691)  (cost=48 rows=106)


table 8 : explain SELECT k, c FROM sbtest8 WHERE k BETWEEN 4784591 AND 4784691
	-> Index range scan on sbtest8 using k_8 over (4784591 <= k <= 4784691), with index condition: (sbtest8.k between 4784591 and 4784691)  (cost=42.6 rows=94)

for range-notcovered
table 1 : explain SELECT k, c FROM sbtest1 WHERE k BETWEEN 6047958 AND 6048058
	-> Index range scan on sbtest1 using k_1 over (6047958 <= k <= 6048058), with index condition: (sbtest1.k between 6047958 and 6048058)  (cost=43.5 rows=96)


table 2 : explain SELECT k, c FROM sbtest2 WHERE k BETWEEN 6047958 AND 6048058
	-> Index range scan on sbtest2 using k_2 over (6047958 <= k <= 6048058), with index condition: (sbtest2.k between 6047958 and 6048058)  (cost=37.2 rows=82)


table 3 : explain SELECT k, c FROM sbtest3 WHERE k BETWEEN 6047958 AND 6048058
	-> Index range scan on sbtest3 using k_3 over (6047958 <= k <= 6048058), with index condition: (sbtest3.k between 6047958 and 6048058)  (cost=46.2 rows=102)


table 4 : explain SELECT k, c FROM sbtest4 WHERE k BETWEEN 6047958 AND 6048058
	-> Index range scan on sbtest4 using k_4 over (6047958 <= k <= 6048058), with index condition: (sbtest4.k between 6047958 and 6048058)  (cost=48.9 rows=108)


table 5 : explain SELECT k, c FROM sbtest5 WHERE k BETWEEN 6047958 AND 6048058
	-> Index range scan on sbtest5 using k_5 over (6047958 <= k <= 6048058), with index condition: (sbtest5.k between 6047958 and 6048058)  (cost=42.1 rows=93)


table 6 : explain SELECT k, c FROM sbtest6 WHERE k BETWEEN 6047958 AND 6048058
	-> Index range scan on sbtest6 using k_6 over (6047958 <= k <= 6048058), with index condition: (sbtest6.k between 6047958 and 6048058)  (cost=40.3 rows=89)


table 7 : explain SELECT k, c FROM sbtest7 WHERE k BETWEEN 6047958 AND 6048058
	-> Index range scan on sbtest7 using k_7 over (6047958 <= k <= 6048058), with index condition: (sbtest7.k between 6047958 and 6048058)  (cost=50.2 rows=111)


table 8 : explain SELECT k, c FROM sbtest8 WHERE k BETWEEN 6047958 AND 6048058
	-> Index range scan on sbtest8 using k_8 over (6047958 <= k <= 6048058), with index condition: (sbtest8.k between 6047958 and 6048058)  (cost=38.5 rows=85)


explain: for range-notcovered :: explain SELECT k, c FROM sbtest%d WHERE k BETWEEN 7783650 AND 7783750

for range-notcovered
table 1 : explain SELECT k, c FROM sbtest1 WHERE k BETWEEN 6458757 AND 6458857
	-> Index range scan on sbtest1 using k_1 over (6458757 <= k <= 6458857), with index condition: (sbtest1.k between 6458757 and 6458857)  (cost=43.9 rows=97)


table 2 : explain SELECT k, c FROM sbtest2 WHERE k BETWEEN 6458757 AND 6458857
	-> Index range scan on sbtest2 using k_2 over (6458757 <= k <= 6458857), with index condition: (sbtest2.k between 6458757 and 6458857)  (cost=51.1 rows=113)


table 3 : explain SELECT k, c FROM sbtest3 WHERE k BETWEEN 6458757 AND 6458857
	-> Index range scan on sbtest3 using k_3 over (6458757 <= k <= 6458857), with index condition: (sbtest3.k between 6458757 and 6458857)  (cost=46.2 rows=102)


table 4 : explain SELECT k, c FROM sbtest4 WHERE k BETWEEN 6458757 AND 6458857
	-> Index range scan on sbtest4 using k_4 over (6458757 <= k <= 6458857), with index condition: (sbtest4.k between 6458757 and 6458857)  (cost=43 rows=95)


table 5 : explain SELECT k, c FROM sbtest5 WHERE k BETWEEN 6458757 AND 6458857
	-> Index range scan on sbtest5 using k_5 over (6458757 <= k <= 6458857), with index condition: (sbtest5.k between 6458757 and 6458857)  (cost=40.8 rows=90)


table 6 : explain SELECT k, c FROM sbtest6 WHERE k BETWEEN 6458757 AND 6458857
	-> Index range scan on sbtest6 using k_6 over (6458757 <= k <= 6458857), with index condition: (sbtest6.k between 6458757 and 6458857)  (cost=39.9 rows=88)


table 7 : explain SELECT k, c FROM sbtest7 WHERE k BETWEEN 6458757 AND 6458857
	-> Index range scan on sbtest7 using k_7 over (6458757 <= k <= 6458857), with index condition: (sbtest7.k between 6458757 and 6458857)  (cost=54.7 rows=121)


table 8 : explain SELECT k, c FROM sbtest8 WHERE k BETWEEN 6458757 AND 6458857
	-> Index range scan on sbtest8 using k_8 over (6458757 <= k <= 6458857), with index condition: (sbtest8.k between 6458757 and 6458857)  (cost=42.1 rows=93)

for range-notcovered
table 1 : explain SELECT k, c FROM sbtest1 WHERE k BETWEEN 3016335 AND 3016435
	-> Index range scan on sbtest1 using k_1 over (3016335 <= k <= 3016435), with index condition: (sbtest1.k between 3016335 and 3016435)  (cost=38.1 rows=84)


table 2 : explain SELECT k, c FROM sbtest2 WHERE k BETWEEN 3016335 AND 3016435
	-> Index range scan on sbtest2 using k_2 over (3016335 <= k <= 3016435), with index condition: (sbtest2.k between 3016335 and 3016435)  (cost=43 rows=95)


table 3 : explain SELECT k, c FROM sbtest3 WHERE k BETWEEN 3016335 AND 3016435
	-> Index range scan on sbtest3 using k_3 over (3016335 <= k <= 3016435), with index condition: (sbtest3.k between 3016335 and 3016435)  (cost=38.1 rows=84)


table 4 : explain SELECT k, c FROM sbtest4 WHERE k BETWEEN 3016335 AND 3016435
	-> Index range scan on sbtest4 using k_4 over (3016335 <= k <= 3016435), with index condition: (sbtest4.k between 3016335 and 3016435)  (cost=46.2 rows=102)


table 5 : explain SELECT k, c FROM sbtest5 WHERE k BETWEEN 3016335 AND 3016435
	-> Index range scan on sbtest5 using k_5 over (3016335 <= k <= 3016435), with index condition: (sbtest5.k between 3016335 and 3016435)  (cost=35.4 rows=78)


table 6 : explain SELECT k, c FROM sbtest6 WHERE k BETWEEN 3016335 AND 3016435
	-> Index range scan on sbtest6 using k_6 over (3016335 <= k <= 3016435), with index condition: (sbtest6.k between 3016335 and 3016435)  (cost=32.7 rows=72)


table 7 : explain SELECT k, c FROM sbtest7 WHERE k BETWEEN 3016335 AND 3016435
	-> Index range scan on sbtest7 using k_7 over (3016335 <= k <= 3016435), with index condition: (sbtest7.k between 3016335 and 3016435)  (cost=49.8 rows=110)


table 8 : explain SELECT k, c FROM sbtest8 WHERE k BETWEEN 3016335 AND 3016435
	-> Index range scan on sbtest8 using k_8 over (3016335 <= k <= 3016435), with index condition: (sbtest8.k between 3016335 and 3016435)  (cost=42.6 rows=94)



for range-notcovered
table 1 : explain SELECT k, c FROM sbtest1 WHERE k BETWEEN 5160046 AND 5160146
	-> Index range scan on sbtest1 using k_1 over (5160046 <= k <= 5160146), with index condition: (sbtest1.k between 5160046 and 5160146)  (cost=45.7 rows=101)


table 2 : explain SELECT k, c FROM sbtest2 WHERE k BETWEEN 5160046 AND 5160146
	-> Index range scan on sbtest2 using k_2 over (5160046 <= k <= 5160146), with index condition: (sbtest2.k between 5160046 and 5160146)  (cost=51.1 rows=113)


table 3 : explain SELECT k, c FROM sbtest3 WHERE k BETWEEN 5160046 AND 5160146
	-> Index range scan on sbtest3 using k_3 over (5160046 <= k <= 5160146), with index condition: (sbtest3.k between 5160046 and 5160146)  (cost=49.8 rows=110)


table 4 : explain SELECT k, c FROM sbtest4 WHERE k BETWEEN 5160046 AND 5160146
	-> Index range scan on sbtest4 using k_4 over (5160046 <= k <= 5160146), with index condition: (sbtest4.k between 5160046 and 5160146)  (cost=53.4 rows=118)


table 5 : explain SELECT k, c FROM sbtest5 WHERE k BETWEEN 5160046 AND 5160146
	-> Index range scan on sbtest5 using k_5 over (5160046 <= k <= 5160146), with index condition: (sbtest5.k between 5160046 and 5160146)  (cost=47.1 rows=104)


table 6 : explain SELECT k, c FROM sbtest6 WHERE k BETWEEN 5160046 AND 5160146
	-> Index range scan on sbtest6 using k_6 over (5160046 <= k <= 5160146), with index condition: (sbtest6.k between 5160046 and 5160146)  (cost=43 rows=95)


table 7 : explain SELECT k, c FROM sbtest7 WHERE k BETWEEN 5160046 AND 5160146
	-> Index range scan on sbtest7 using k_7 over (5160046 <= k <= 5160146), with index condition: (sbtest7.k between 5160046 and 5160146)  (cost=44.4 rows=98)


table 8 : explain SELECT k, c FROM sbtest8 WHERE k BETWEEN 5160046 AND 5160146
	-> Index range scan on sbtest8 using k_8 over (5160046 <= k <= 5160146), with index condition: (sbtest8.k between 5160046 and 5160146)  (cost=45.7 rows=101)


explain: for range-notcovered :: explain SELECT k, c FROM sbtest%d WHERE k BETWEEN 6047958 AND 6048058for range-notcovered
table 1 : explain SELECT k, c FROM sbtest1 WHERE k BETWEEN 5941719 AND 5941819
	-> Index range scan on sbtest1 using k_1 over (5941719 <= k <= 5941819), with index condition: (sbtest1.k between 5941719 and 5941819)  (cost=48.4 rows=107)


table 2 : explain SELECT k, c FROM sbtest2 WHERE k BETWEEN 5941719 AND 5941819
	-> Index range scan on sbtest2 using k_2 over (5941719 <= k <= 5941819), with index condition: (sbtest2.k between 5941719 and 5941819)  (cost=41.7 rows=92)


table 3 : explain SELECT k, c FROM sbtest3 WHERE k BETWEEN 5941719 AND 5941819
	-> Index range scan on sbtest3 using k_3 over (5941719 <= k <= 5941819), with index condition: (sbtest3.k between 5941719 and 5941819)  (cost=45.7 rows=101)


table 4 : explain SELECT k, c FROM sbtest4 WHERE k BETWEEN 5941719 AND 5941819
	-> Index range scan on sbtest4 using k_4 over (5941719 <= k <= 5941819), with index condition: (sbtest4.k between 5941719 and 5941819)  (cost=44.4 rows=98)


table 5 : explain SELECT k, c FROM sbtest5 WHERE k BETWEEN 5941719 AND 5941819
	-> Index range scan on sbtest5 using k_5 over (5941719 <= k <= 5941819), with index condition: (sbtest5.k between 5941719 and 5941819)  (cost=48.4 rows=107)


table 6 : explain SELECT k, c FROM sbtest6 WHERE k BETWEEN 5941719 AND 5941819
	-> Index range scan on sbtest6 using k_6 over (5941719 <= k <= 5941819), with index condition: (sbtest6.k between 5941719 and 5941819)  (cost=43.5 rows=96)


table 7 : explain SELECT k, c FROM sbtest7 WHERE k BETWEEN 5941719 AND 5941819
	-> Index range scan on sbtest7 using k_7 over (5941719 <= k <= 5941819), with index condition: (sbtest7.k between 5941719 and 5941819)  (cost=47.1 rows=104)


table 8 : explain SELECT k, c FROM sbtest8 WHERE k BETWEEN 5941719 AND 5941819
	-> Index range scan on sbtest8 using k_8 over (5941719 <= k <= 5941819), with index condition: (sbtest8.k between 5941719 and 5941819)  (cost=46.6 rows=103)


for range-notcovered
table 1 : explain SELECT k, c FROM sbtest1 WHERE k BETWEEN 3918349 AND 3918449
	-> Index range scan on sbtest1 using k_1 over (3918349 <= k <= 3918449), with index condition: (sbtest1.k between 3918349 and 3918449)  (cost=44.8 rows=99)


table 2 : explain SELECT k, c FROM sbtest2 WHERE k BETWEEN 3918349 AND 3918449
	-> Index range scan on sbtest2 using k_2 over (3918349 <= k <= 3918449), with index condition: (sbtest2.k between 3918349 and 3918449)  (cost=47.5 rows=105)


table 3 : explain SELECT k, c FROM sbtest3 WHERE k BETWEEN 3918349 AND 3918449
	-> Index range scan on sbtest3 using k_3 over (3918349 <= k <= 3918449), with index condition: (sbtest3.k between 3918349 and 3918449)  (cost=44.4 rows=98)


table 4 : explain SELECT k, c FROM sbtest4 WHERE k BETWEEN 3918349 AND 3918449
	-> Index range scan on sbtest4 using k_4 over (3918349 <= k <= 3918449), with index condition: (sbtest4.k between 3918349 and 3918449)  (cost=47.1 rows=104)


table 5 : explain SELECT k, c FROM sbtest5 WHERE k BETWEEN 3918349 AND 3918449
	-> Index range scan on sbtest5 using k_5 over (3918349 <= k <= 3918449), with index condition: (sbtest5.k between 3918349 and 3918449)  (cost=48 rows=106)


table 6 : explain SELECT k, c FROM sbtest6 WHERE k BETWEEN 3918349 AND 3918449
	-> Index range scan on sbtest6 using k_6 over (3918349 <= k <= 3918449), with index condition: (sbtest6.k between 3918349 and 3918449)  (cost=38.1 rows=84)


table 7 : explain SELECT k, c FROM sbtest7 WHERE k BETWEEN 3918349 AND 3918449
	-> Index range scan on sbtest7 using k_7 over (3918349 <= k <= 3918449), with index condition: (sbtest7.k between 3918349 and 3918449)  (cost=43 rows=95)


table 8 : explain SELECT k, c FROM sbtest8 WHERE k BETWEEN 3918349 AND 3918449
	-> Index range scan on sbtest8 using k_8 over (3918349 <= k <= 3918449), with index condition: (sbtest8.k between 3918349 and 3918449)  (cost=48.4 rows=107)


for range-notcovered
table 1 : explain SELECT k, c FROM sbtest1 WHERE k BETWEEN 5232353 AND 5232453
	-> Index range scan on sbtest1 using k_1 over (5232353 <= k <= 5232453), with index condition: (sbtest1.k between 5232353 and 5232453)  (cost=31.3 rows=69)


table 2 : explain SELECT k, c FROM sbtest2 WHERE k BETWEEN 5232353 AND 5232453
	-> Index range scan on sbtest2 using k_2 over (5232353 <= k <= 5232453), with index condition: (sbtest2.k between 5232353 and 5232453)  (cost=49.8 rows=110)


table 3 : explain SELECT k, c FROM sbtest3 WHERE k BETWEEN 5232353 AND 5232453
	-> Index range scan on sbtest3 using k_3 over (5232353 <= k <= 5232453), with index condition: (sbtest3.k between 5232353 and 5232453)  (cost=47.5 rows=105)


table 4 : explain SELECT k, c FROM sbtest4 WHERE k BETWEEN 5232353 AND 5232453
	-> Index range scan on sbtest4 using k_4 over (5232353 <= k <= 5232453), with index condition: (sbtest4.k between 5232353 and 5232453)  (cost=43.5 rows=96)


table 5 : explain SELECT k, c FROM sbtest5 WHERE k BETWEEN 5232353 AND 5232453
	-> Index range scan on sbtest5 using k_5 over (5232353 <= k <= 5232453), with index condition: (sbtest5.k between 5232353 and 5232453)  (cost=56.1 rows=124)


table 6 : explain SELECT k, c FROM sbtest6 WHERE k BETWEEN 5232353 AND 5232453
	-> Index range scan on sbtest6 using k_6 over (5232353 <= k <= 5232453), with index condition: (sbtest6.k between 5232353 and 5232453)  (cost=45.7 rows=101)


table 7 : explain SELECT k, c FROM sbtest7 WHERE k BETWEEN 5232353 AND 5232453
	-> Index range scan on sbtest7 using k_7 over (5232353 <= k <= 5232453), with index condition: (sbtest7.k between 5232353 and 5232453)  (cost=50.2 rows=111)


table 8 : explain SELECT k, c FROM sbtest8 WHERE k BETWEEN 5232353 AND 5232453
	-> Index range scan on sbtest8 using k_8 over (5232353 <= k <= 5232453), with index condition: (sbtest8.k between 5232353 and 5232453)  (cost=40.3 rows=89)


for range-notcovered
table 1 : explain SELECT k, c FROM sbtest1 WHERE k BETWEEN 6955538 AND 6955638
	-> Index range scan on sbtest1 using k_1 over (6955538 <= k <= 6955638), with index condition: (sbtest1.k between 6955538 and 6955638)  (cost=39.9 rows=88)


table 2 : explain SELECT k, c FROM sbtest2 WHERE k BETWEEN 6955538 AND 6955638
	-> Index range scan on sbtest2 using k_2 over (6955538 <= k <= 6955638), with index condition: (sbtest2.k between 6955538 and 6955638)  (cost=47.5 rows=105)


table 3 : explain SELECT k, c FROM sbtest3 WHERE k BETWEEN 6955538 AND 6955638
	-> Index range scan on sbtest3 using k_3 over (6955538 <= k <= 6955638), with index condition: (sbtest3.k between 6955538 and 6955638)  (cost=49.3 rows=109)


table 4 : explain SELECT k, c FROM sbtest4 WHERE k BETWEEN 6955538 AND 6955638
	-> Index range scan on sbtest4 using k_4 over (6955538 <= k <= 6955638), with index condition: (sbtest4.k between 6955538 and 6955638)  (cost=51.1 rows=113)


table 5 : explain SELECT k, c FROM sbtest5 WHERE k BETWEEN 6955538 AND 6955638
	-> Index range scan on sbtest5 using k_5 over (6955538 <= k <= 6955638), with index condition: (sbtest5.k between 6955538 and 6955638)  (cost=50.2 rows=111)


table 6 : explain SELECT k, c FROM sbtest6 WHERE k BETWEEN 6955538 AND 6955638
	-> Index range scan on sbtest6 using k_6 over (6955538 <= k <= 6955638), with index condition: (sbtest6.k between 6955538 and 6955638)  (cost=44.4 rows=98)


table 7 : explain SELECT k, c FROM sbtest7 WHERE k BETWEEN 6955538 AND 6955638
	-> Index range scan on sbtest7 using k_7 over (6955538 <= k <= 6955638), with index condition: (sbtest7.k between 6955538 and 6955638)  (cost=42.1 rows=93)


table 8 : explain SELECT k, c FROM sbtest8 WHERE k BETWEEN 6955538 AND 6955638
	-> Index range scan on sbtest8 using k_8 over (6955538 <= k <= 6955638), with index condition: (sbtest8.k between 6955538 and 6955638)  (cost=47.5 rows=105)



explain: for range-notcovered :: explain SELECT k, c FROM sbtest%d WHERE k BETWEEN 6594167 AND 6594267
explain: for range-notcovered :: explain SELECT k, c FROM sbtest%d WHERE k BETWEEN 3016335 AND 3016435
for range-notcovered
table 1 : explain SELECT k, c FROM sbtest1 WHERE k BETWEEN 4645412 AND 4645512
	-> Index range scan on sbtest1 using k_1 over (4645412 <= k <= 4645512), with index condition: (sbtest1.k between 4645412 and 4645512)  (cost=45.3 rows=100)


table 2 : explain SELECT k, c FROM sbtest2 WHERE k BETWEEN 4645412 AND 4645512
	-> Index range scan on sbtest2 using k_2 over (4645412 <= k <= 4645512), with index condition: (sbtest2.k between 4645412 and 4645512)  (cost=45.3 rows=100)


table 3 : explain SELECT k, c FROM sbtest3 WHERE k BETWEEN 4645412 AND 4645512
	-> Index range scan on sbtest3 using k_3 over (4645412 <= k <= 4645512), with index condition: (sbtest3.k between 4645412 and 4645512)  (cost=45.3 rows=100)


table 4 : explain SELECT k, c FROM sbtest4 WHERE k BETWEEN 4645412 AND 4645512
	-> Index range scan on sbtest4 using k_4 over (4645412 <= k <= 4645512), with index condition: (sbtest4.k between 4645412 and 4645512)  (cost=49.3 rows=109)


table 5 : explain SELECT k, c FROM sbtest5 WHERE k BETWEEN 4645412 AND 4645512
	-> Index range scan on sbtest5 using k_5 over (4645412 <= k <= 4645512), with index condition: (sbtest5.k between 4645412 and 4645512)  (cost=44.8 rows=99)


table 6 : explain SELECT k, c FROM sbtest6 WHERE k BETWEEN 4645412 AND 4645512
	-> Index range scan on sbtest6 using k_6 over (4645412 <= k <= 4645512), with index condition: (sbtest6.k between 4645412 and 4645512)  (cost=48.9 rows=108)


table 7 : explain SELECT k, c FROM sbtest7 WHERE k BETWEEN 4645412 AND 4645512
	-> Index range scan on sbtest7 using k_7 over (4645412 <= k <= 4645512), with index condition: (sbtest7.k between 4645412 and 4645512)  (cost=44.8 rows=99)


table 8 : explain SELECT k, c FROM sbtest8 WHERE k BETWEEN 4645412 AND 4645512
	-> Index range scan on sbtest8 using k_8 over (4645412 <= k <= 4645512), with index condition: (sbtest8.k between 4645412 and 4645512)  (cost=47.1 rows=104)

explain: for range-notcovered :: explain SELECT k, c FROM sbtest%d WHERE k BETWEEN 5941719 AND 5941819explain: for range-notcovered :: explain SELECT k, c FROM sbtest%d WHERE k BETWEEN 6458757 AND 6458857
for range-notcovered
table 1 : explain SELECT k, c FROM sbtest1 WHERE k BETWEEN 4593795 AND 4593895
	-> Index range scan on sbtest1 using k_1 over (4593795 <= k <= 4593895), with index condition: (sbtest1.k between 4593795 and 4593895)  (cost=45.3 rows=100)


table 2 : explain SELECT k, c FROM sbtest2 WHERE k BETWEEN 4593795 AND 4593895
	-> Index range scan on sbtest2 using k_2 over (4593795 <= k <= 4593895), with index condition: (sbtest2.k between 4593795 and 4593895)  (cost=42.6 rows=94)


table 3 : explain SELECT k, c FROM sbtest3 WHERE k BETWEEN 4593795 AND 4593895
	-> Index range scan on sbtest3 using k_3 over (4593795 <= k <= 4593895), with index condition: (sbtest3.k between 4593795 and 4593895)  (cost=47.5 rows=105)


table 4 : explain SELECT k, c FROM sbtest4 WHERE k BETWEEN 4593795 AND 4593895
	-> Index range scan on sbtest4 using k_4 over (4593795 <= k <= 4593895), with index condition: (sbtest4.k between 4593795 and 4593895)  (cost=49.3 rows=109)


table 5 : explain SELECT k, c FROM sbtest5 WHERE k BETWEEN 4593795 AND 4593895
	-> Index range scan on sbtest5 using k_5 over (4593795 <= k <= 4593895), with index condition: (sbtest5.k between 4593795 and 4593895)  (cost=44.4 rows=98)


table 6 : explain SELECT k, c FROM sbtest6 WHERE k BETWEEN 4593795 AND 4593895
	-> Index range scan on sbtest6 using k_6 over (4593795 <= k <= 4593895), with index condition: (sbtest6.k between 4593795 and 4593895)  (cost=43.9 rows=97)


table 7 : explain SELECT k, c FROM sbtest7 WHERE k BETWEEN 4593795 AND 4593895
	-> Index range scan on sbtest7 using k_7 over (4593795 <= k <= 4593895), with index condition: (sbtest7.k between 4593795 and 4593895)  (cost=47.1 rows=104)


table 8 : explain SELECT k, c FROM sbtest8 WHERE k BETWEEN 4593795 AND 4593895
	-> Index range scan on sbtest8 using k_8 over (4593795 <= k <= 4593895), with index condition: (sbtest8.k between 4593795 and 4593895)  (cost=45.7 rows=101)


explain: for range-notcovered :: explain SELECT k, c FROM sbtest%d WHERE k BETWEEN 5160046 AND 5160146

explain: for range-notcovered :: explain SELECT k, c FROM sbtest%d WHERE k BETWEEN 5232353 AND 5232453
for range-notcovered
table 1 : explain SELECT k, c FROM sbtest1 WHERE k BETWEEN 6037781 AND 6037881
	-> Index range scan on sbtest1 using k_1 over (6037781 <= k <= 6037881), with index condition: (sbtest1.k between 6037781 and 6037881)  (cost=40.3 rows=89)


table 2 : explain SELECT k, c FROM sbtest2 WHERE k BETWEEN 6037781 AND 6037881
	-> Index range scan on sbtest2 using k_2 over (6037781 <= k <= 6037881), with index condition: (sbtest2.k between 6037781 and 6037881)  (cost=43.5 rows=96)


table 3 : explain SELECT k, c FROM sbtest3 WHERE k BETWEEN 6037781 AND 6037881
	-> Index range scan on sbtest3 using k_3 over (6037781 <= k <= 6037881), with index condition: (sbtest3.k between 6037781 and 6037881)  (cost=40.8 rows=90)


table 4 : explain SELECT k, c FROM sbtest4 WHERE k BETWEEN 6037781 AND 6037881
	-> Index range scan on sbtest4 using k_4 over (6037781 <= k <= 6037881), with index condition: (sbtest4.k between 6037781 and 6037881)  (cost=45.3 rows=100)


table 5 : explain SELECT k, c FROM sbtest5 WHERE k BETWEEN 6037781 AND 6037881
	-> Index range scan on sbtest5 using k_5 over (6037781 <= k <= 6037881), with index condition: (sbtest5.k between 6037781 and 6037881)  (cost=47.1 rows=104)


table 6 : explain SELECT k, c FROM sbtest6 WHERE k BETWEEN 6037781 AND 6037881
	-> Index range scan on sbtest6 using k_6 over (6037781 <= k <= 6037881), with index condition: (sbtest6.k between 6037781 and 6037881)  (cost=39.4 rows=87)


table 7 : explain SELECT k, c FROM sbtest7 WHERE k BETWEEN 6037781 AND 6037881
	-> Index range scan on sbtest7 using k_7 over (6037781 <= k <= 6037881), with index condition: (sbtest7.k between 6037781 and 6037881)  (cost=47.5 rows=105)


table 8 : explain SELECT k, c FROM sbtest8 WHERE k BETWEEN 6037781 AND 6037881
	-> Index range scan on sbtest8 using k_8 over (6037781 <= k <= 6037881), with index condition: (sbtest8.k between 6037781 and 6037881)  (cost=42.6 rows=94)



explain: for range-notcovered :: explain SELECT k, c FROM sbtest%d WHERE k BETWEEN 4784591 AND 4784691
explain: for range-notcovered :: explain SELECT k, c FROM sbtest%d WHERE k BETWEEN 3918349 AND 3918449
explain: for range-notcovered :: explain SELECT k, c FROM sbtest%d WHERE k BETWEEN 6955538 AND 6955638
for range-notcovered
table 1 : explain SELECT k, c FROM sbtest1 WHERE k BETWEEN 5561744 AND 5561844
	-> Index range scan on sbtest1 using k_1 over (5561744 <= k <= 5561844), with index condition: (sbtest1.k between 5561744 and 5561844)  (cost=43.9 rows=97)


table 2 : explain SELECT k, c FROM sbtest2 WHERE k BETWEEN 5561744 AND 5561844
	-> Index range scan on sbtest2 using k_2 over (5561744 <= k <= 5561844), with index condition: (sbtest2.k between 5561744 and 5561844)  (cost=43.9 rows=97)


table 3 : explain SELECT k, c FROM sbtest3 WHERE k BETWEEN 5561744 AND 5561844
	-> Index range scan on sbtest3 using k_3 over (5561744 <= k <= 5561844), with index condition: (sbtest3.k between 5561744 and 5561844)  (cost=40.3 rows=89)


table 4 : explain SELECT k, c FROM sbtest4 WHERE k BETWEEN 5561744 AND 5561844
	-> Index range scan on sbtest4 using k_4 over (5561744 <= k <= 5561844), with index condition: (sbtest4.k between 5561744 and 5561844)  (cost=39.9 rows=88)


table 5 : explain SELECT k, c FROM sbtest5 WHERE k BETWEEN 5561744 AND 5561844
	-> Index range scan on sbtest5 using k_5 over (5561744 <= k <= 5561844), with index condition: (sbtest5.k between 5561744 and 5561844)  (cost=52.5 rows=116)


table 6 : explain SELECT k, c FROM sbtest6 WHERE k BETWEEN 5561744 AND 5561844
	-> Index range scan on sbtest6 using k_6 over (5561744 <= k <= 5561844), with index condition: (sbtest6.k between 5561744 and 5561844)  (cost=42.6 rows=94)


table 7 : explain SELECT k, c FROM sbtest7 WHERE k BETWEEN 5561744 AND 5561844
	-> Index range scan on sbtest7 using k_7 over (5561744 <= k <= 5561844), with index condition: (sbtest7.k between 5561744 and 5561844)  (cost=42.6 rows=94)


table 8 : explain SELECT k, c FROM sbtest8 WHERE k BETWEEN 5561744 AND 5561844
	-> Index range scan on sbtest8 using k_8 over (5561744 <= k <= 5561844), with index condition: (sbtest8.k between 5561744 and 5561844)  (cost=53.8 rows=119)

for range-notcovered
table 1 : explain SELECT k, c FROM sbtest1 WHERE k BETWEEN 5266661 AND 5266761
	-> Index range scan on sbtest1 using k_1 over (5266661 <= k <= 5266761), with index condition: (sbtest1.k between 5266661 and 5266761)  (cost=50.7 rows=112)


table 2 : explain SELECT k, c FROM sbtest2 WHERE k BETWEEN 5266661 AND 5266761
	-> Index range scan on sbtest2 using k_2 over (5266661 <= k <= 5266761), with index condition: (sbtest2.k between 5266661 and 5266761)  (cost=44.8 rows=99)


table 3 : explain SELECT k, c FROM sbtest3 WHERE k BETWEEN 5266661 AND 5266761
	-> Index range scan on sbtest3 using k_3 over (5266661 <= k <= 5266761), with index condition: (sbtest3.k between 5266661 and 5266761)  (cost=53.4 rows=118)


table 4 : explain SELECT k, c FROM sbtest4 WHERE k BETWEEN 5266661 AND 5266761
	-> Index range scan on sbtest4 using k_4 over (5266661 <= k <= 5266761), with index condition: (sbtest4.k between 5266661 and 5266761)  (cost=41.7 rows=92)


table 5 : explain SELECT k, c FROM sbtest5 WHERE k BETWEEN 5266661 AND 5266761
	-> Index range scan on sbtest5 using k_5 over (5266661 <= k <= 5266761), with index condition: (sbtest5.k between 5266661 and 5266761)  (cost=44.8 rows=99)


table 6 : explain SELECT k, c FROM sbtest6 WHERE k BETWEEN 5266661 AND 5266761
	-> Index range scan on sbtest6 using k_6 over (5266661 <= k <= 5266761), with index condition: (sbtest6.k between 5266661 and 5266761)  (cost=45.7 rows=101)


table 7 : explain SELECT k, c FROM sbtest7 WHERE k BETWEEN 5266661 AND 5266761
	-> Index range scan on sbtest7 using k_7 over (5266661 <= k <= 5266761), with index condition: (sbtest7.k between 5266661 and 5266761)  (cost=42.1 rows=93)


table 8 : explain SELECT k, c FROM sbtest8 WHERE k BETWEEN 5266661 AND 5266761
	-> Index range scan on sbtest8 using k_8 over (5266661 <= k <= 5266761), with index condition: (sbtest8.k between 5266661 and 5266761)  (cost=45.3 rows=100)


for range-notcovered
table 1 : explain SELECT k, c FROM sbtest1 WHERE k BETWEEN 2219702 AND 2219802
	-> Index range scan on sbtest1 using k_1 over (2219702 <= k <= 2219802), with index condition: (sbtest1.k between 2219702 and 2219802)  (cost=40.3 rows=89)


table 2 : explain SELECT k, c FROM sbtest2 WHERE k BETWEEN 2219702 AND 2219802
	-> Index range scan on sbtest2 using k_2 over (2219702 <= k <= 2219802), with index condition: (sbtest2.k between 2219702 and 2219802)  (cost=53.4 rows=118)


table 3 : explain SELECT k, c FROM sbtest3 WHERE k BETWEEN 2219702 AND 2219802
	-> Index range scan on sbtest3 using k_3 over (2219702 <= k <= 2219802), with index condition: (sbtest3.k between 2219702 and 2219802)  (cost=47.5 rows=105)


table 4 : explain SELECT k, c FROM sbtest4 WHERE k BETWEEN 2219702 AND 2219802
	-> Index range scan on sbtest4 using k_4 over (2219702 <= k <= 2219802), with index condition: (sbtest4.k between 2219702 and 2219802)  (cost=50.2 rows=111)


table 5 : explain SELECT k, c FROM sbtest5 WHERE k BETWEEN 2219702 AND 2219802
	-> Index range scan on sbtest5 using k_5 over (2219702 <= k <= 2219802), with index condition: (sbtest5.k between 2219702 and 2219802)  (cost=46.2 rows=102)


table 6 : explain SELECT k, c FROM sbtest6 WHERE k BETWEEN 2219702 AND 2219802
	-> Index range scan on sbtest6 using k_6 over (2219702 <= k <= 2219802), with index condition: (sbtest6.k between 2219702 and 2219802)  (cost=42.6 rows=94)


table 7 : explain SELECT k, c FROM sbtest7 WHERE k BETWEEN 2219702 AND 2219802
	-> Index range scan on sbtest7 using k_7 over (2219702 <= k <= 2219802), with index condition: (sbtest7.k between 2219702 and 2219802)  (cost=49.8 rows=110)


table 8 : explain SELECT k, c FROM sbtest8 WHERE k BETWEEN 2219702 AND 2219802
	-> Index range scan on sbtest8 using k_8 over (2219702 <= k <= 2219802), with index condition: (sbtest8.k between 2219702 and 2219802)  (cost=46.2 rows=102)


for range-notcovered
table 1 : explain SELECT k, c FROM sbtest1 WHERE k BETWEEN 8996302 AND 8996402
	-> Index range scan on sbtest1 using k_1 over (8996302 <= k <= 8996402), with index condition: (sbtest1.k between 8996302 and 8996402)  (cost=40.3 rows=89)


table 2 : explain SELECT k, c FROM sbtest2 WHERE k BETWEEN 8996302 AND 8996402
	-> Index range scan on sbtest2 using k_2 over (8996302 <= k <= 8996402), with index condition: (sbtest2.k between 8996302 and 8996402)  (cost=50.7 rows=112)


table 3 : explain SELECT k, c FROM sbtest3 WHERE k BETWEEN 8996302 AND 8996402
	-> Index range scan on sbtest3 using k_3 over (8996302 <= k <= 8996402), with index condition: (sbtest3.k between 8996302 and 8996402)  (cost=48.9 rows=108)


table 4 : explain SELECT k, c FROM sbtest4 WHERE k BETWEEN 8996302 AND 8996402
	-> Index range scan on sbtest4 using k_4 over (8996302 <= k <= 8996402), with index condition: (sbtest4.k between 8996302 and 8996402)  (cost=42.6 rows=94)


table 5 : explain SELECT k, c FROM sbtest5 WHERE k BETWEEN 8996302 AND 8996402
	-> Index range scan on sbtest5 using k_5 over (8996302 <= k <= 8996402), with index condition: (sbtest5.k between 8996302 and 8996402)  (cost=46.6 rows=103)


table 6 : explain SELECT k, c FROM sbtest6 WHERE k BETWEEN 8996302 AND 8996402
	-> Index range scan on sbtest6 using k_6 over (8996302 <= k <= 8996402), with index condition: (sbtest6.k between 8996302 and 8996402)  (cost=48.4 rows=107)


table 7 : explain SELECT k, c FROM sbtest7 WHERE k BETWEEN 8996302 AND 8996402
	-> Index range scan on sbtest7 using k_7 over (8996302 <= k <= 8996402), with index condition: (sbtest7.k between 8996302 and 8996402)  (cost=48.9 rows=108)


table 8 : explain SELECT k, c FROM sbtest8 WHERE k BETWEEN 8996302 AND 8996402
	-> Index range scan on sbtest8 using k_8 over (8996302 <= k <= 8996402), with index condition: (sbtest8.k between 8996302 and 8996402)  (cost=41.2 rows=91)


explain: for range-notcovered :: explain SELECT k, c FROM sbtest%d WHERE k BETWEEN 4645412 AND 4645512for range-notcovered
table 1 : explain SELECT k, c FROM sbtest1 WHERE k BETWEEN 9009088 AND 9009188
	-> Index range scan on sbtest1 using k_1 over (9009088 <= k <= 9009188), with index condition: (sbtest1.k between 9009088 and 9009188)  (cost=51.6 rows=114)


table 2 : explain SELECT k, c FROM sbtest2 WHERE k BETWEEN 9009088 AND 9009188
	-> Index range scan on sbtest2 using k_2 over (9009088 <= k <= 9009188), with index condition: (sbtest2.k between 9009088 and 9009188)  (cost=54.3 rows=120)


table 3 : explain SELECT k, c FROM sbtest3 WHERE k BETWEEN 9009088 AND 9009188
	-> Index range scan on sbtest3 using k_3 over (9009088 <= k <= 9009188), with index condition: (sbtest3.k between 9009088 and 9009188)  (cost=54.3 rows=120)


table 4 : explain SELECT k, c FROM sbtest4 WHERE k BETWEEN 9009088 AND 9009188
	-> Index range scan on sbtest4 using k_4 over (9009088 <= k <= 9009188), with index condition: (sbtest4.k between 9009088 and 9009188)  (cost=44.8 rows=99)


table 5 : explain SELECT k, c FROM sbtest5 WHERE k BETWEEN 9009088 AND 9009188
	-> Index range scan on sbtest5 using k_5 over (9009088 <= k <= 9009188), with index condition: (sbtest5.k between 9009088 and 9009188)  (cost=42.6 rows=94)


table 6 : explain SELECT k, c FROM sbtest6 WHERE k BETWEEN 9009088 AND 9009188
	-> Index range scan on sbtest6 using k_6 over (9009088 <= k <= 9009188), with index condition: (sbtest6.k between 9009088 and 9009188)  (cost=35.8 rows=79)


table 7 : explain SELECT k, c FROM sbtest7 WHERE k BETWEEN 9009088 AND 9009188
	-> Index range scan on sbtest7 using k_7 over (9009088 <= k <= 9009188), with index condition: (sbtest7.k between 9009088 and 9009188)  (cost=38.5 rows=85)


table 8 : explain SELECT k, c FROM sbtest8 WHERE k BETWEEN 9009088 AND 9009188
	-> Index range scan on sbtest8 using k_8 over (9009088 <= k <= 9009188), with index condition: (sbtest8.k between 9009088 and 9009188)  (cost=44.8 rows=99)


explain: for range-notcovered :: explain SELECT k, c FROM sbtest%d WHERE k BETWEEN 4593795 AND 4593895
for range-notcovered
table 1 : explain SELECT k, c FROM sbtest1 WHERE k BETWEEN 7014826 AND 7014926
	-> Index range scan on sbtest1 using k_1 over (7014826 <= k <= 7014926), with index condition: (sbtest1.k between 7014826 and 7014926)  (cost=43 rows=95)


table 2 : explain SELECT k, c FROM sbtest2 WHERE k BETWEEN 7014826 AND 7014926
	-> Index range scan on sbtest2 using k_2 over (7014826 <= k <= 7014926), with index condition: (sbtest2.k between 7014826 and 7014926)  (cost=46.2 rows=102)


table 3 : explain SELECT k, c FROM sbtest3 WHERE k BETWEEN 7014826 AND 7014926
	-> Index range scan on sbtest3 using k_3 over (7014826 <= k <= 7014926), with index condition: (sbtest3.k between 7014826 and 7014926)  (cost=52 rows=115)


table 4 : explain SELECT k, c FROM sbtest4 WHERE k BETWEEN 7014826 AND 7014926
	-> Index range scan on sbtest4 using k_4 over (7014826 <= k <= 7014926), with index condition: (sbtest4.k between 7014826 and 7014926)  (cost=42.6 rows=94)


table 5 : explain SELECT k, c FROM sbtest5 WHERE k BETWEEN 7014826 AND 7014926
	-> Index range scan on sbtest5 using k_5 over (7014826 <= k <= 7014926), with index condition: (sbtest5.k between 7014826 and 7014926)  (cost=48 rows=106)


table 6 : explain SELECT k, c FROM sbtest6 WHERE k BETWEEN 7014826 AND 7014926
	-> Index range scan on sbtest6 using k_6 over (7014826 <= k <= 7014926), with index condition: (sbtest6.k between 7014826 and 7014926)  (cost=45.7 rows=101)


table 7 : explain SELECT k, c FROM sbtest7 WHERE k BETWEEN 7014826 AND 7014926
	-> Index range scan on sbtest7 using k_7 over (7014826 <= k <= 7014926), with index condition: (sbtest7.k between 7014826 and 7014926)  (cost=45.3 rows=100)


table 8 : explain SELECT k, c FROM sbtest8 WHERE k BETWEEN 7014826 AND 7014926
	-> Index range scan on sbtest8 using k_8 over (7014826 <= k <= 7014926), with index condition: (sbtest8.k between 7014826 and 7014926)  (cost=46.2 rows=102)

for range-notcovered
table 1 : explain SELECT k, c FROM sbtest1 WHERE k BETWEEN 909953 AND 910053
	-> Index range scan on sbtest1 using k_1 over (909953 <= k <= 910053), with index condition: (sbtest1.k between 909953 and 910053)  (cost=40.3 rows=89)


table 2 : explain SELECT k, c FROM sbtest2 WHERE k BETWEEN 909953 AND 910053
	-> Index range scan on sbtest2 using k_2 over (909953 <= k <= 910053), with index condition: (sbtest2.k between 909953 and 910053)  (cost=48.4 rows=107)


table 3 : explain SELECT k, c FROM sbtest3 WHERE k BETWEEN 909953 AND 910053
	-> Index range scan on sbtest3 using k_3 over (909953 <= k <= 910053), with index condition: (sbtest3.k between 909953 and 910053)  (cost=41.2 rows=91)


table 4 : explain SELECT k, c FROM sbtest4 WHERE k BETWEEN 909953 AND 910053
	-> Index range scan on sbtest4 using k_4 over (909953 <= k <= 910053), with index condition: (sbtest4.k between 909953 and 910053)  (cost=51.6 rows=114)


table 5 : explain SELECT k, c FROM sbtest5 WHERE k BETWEEN 909953 AND 910053
	-> Index range scan on sbtest5 using k_5 over (909953 <= k <= 910053), with index condition: (sbtest5.k between 909953 and 910053)  (cost=47.5 rows=105)


table 6 : explain SELECT k, c FROM sbtest6 WHERE k BETWEEN 909953 AND 910053
	-> Index range scan on sbtest6 using k_6 over (909953 <= k <= 910053), with index condition: (sbtest6.k between 909953 and 910053)  (cost=43 rows=95)


table 7 : explain SELECT k, c FROM sbtest7 WHERE k BETWEEN 909953 AND 910053
	-> Index range scan on sbtest7 using k_7 over (909953 <= k <= 910053), with index condition: (sbtest7.k between 909953 and 910053)  (cost=47.1 rows=104)


table 8 : explain SELECT k, c FROM sbtest8 WHERE k BETWEEN 909953 AND 910053
	-> Index range scan on sbtest8 using k_8 over (909953 <= k <= 910053), with index condition: (sbtest8.k between 909953 and 910053)  (cost=47.1 rows=104)

explain: for range-notcovered :: explain SELECT k, c FROM sbtest%d WHERE k BETWEEN 2219702 AND 2219802


for range-notcovered
table 1 : explain SELECT k, c FROM sbtest1 WHERE k BETWEEN 2291520 AND 2291620
	-> Index range scan on sbtest1 using k_1 over (2291520 <= k <= 2291620), with index condition: (sbtest1.k between 2291520 and 2291620)  (cost=47.1 rows=104)


table 2 : explain SELECT k, c FROM sbtest2 WHERE k BETWEEN 2291520 AND 2291620
	-> Index range scan on sbtest2 using k_2 over (2291520 <= k <= 2291620), with index condition: (sbtest2.k between 2291520 and 2291620)  (cost=45.3 rows=100)


table 3 : explain SELECT k, c FROM sbtest3 WHERE k BETWEEN 2291520 AND 2291620
	-> Index range scan on sbtest3 using k_3 over (2291520 <= k <= 2291620), with index condition: (sbtest3.k between 2291520 and 2291620)  (cost=47.5 rows=105)


table 4 : explain SELECT k, c FROM sbtest4 WHERE k BETWEEN 2291520 AND 2291620
	-> Index range scan on sbtest4 using k_4 over (2291520 <= k <= 2291620), with index condition: (sbtest4.k between 2291520 and 2291620)  (cost=45.7 rows=101)


table 5 : explain SELECT k, c FROM sbtest5 WHERE k BETWEEN 2291520 AND 2291620
	-> Index range scan on sbtest5 using k_5 over (2291520 <= k <= 2291620), with index condition: (sbtest5.k between 2291520 and 2291620)  (cost=47.5 rows=105)


table 6 : explain SELECT k, c FROM sbtest6 WHERE k BETWEEN 2291520 AND 2291620
	-> Index range scan on sbtest6 using k_6 over (2291520 <= k <= 2291620), with index condition: (sbtest6.k between 2291520 and 2291620)  (cost=47.5 rows=105)


table 7 : explain SELECT k, c FROM sbtest7 WHERE k BETWEEN 2291520 AND 2291620
	-> Index range scan on sbtest7 using k_7 over (2291520 <= k <= 2291620), with index condition: (sbtest7.k between 2291520 and 2291620)  (cost=46.6 rows=103)


table 8 : explain SELECT k, c FROM sbtest8 WHERE k BETWEEN 2291520 AND 2291620
	-> Index range scan on sbtest8 using k_8 over (2291520 <= k <= 2291620), with index condition: (sbtest8.k between 2291520 and 2291620)  (cost=43 rows=95)


for range-notcovered
table 1 : explain SELECT k, c FROM sbtest1 WHERE k BETWEEN 5091041 AND 5091141
	-> Index range scan on sbtest1 using k_1 over (5091041 <= k <= 5091141), with index condition: (sbtest1.k between 5091041 and 5091141)  (cost=44.8 rows=99)


table 2 : explain SELECT k, c FROM sbtest2 WHERE k BETWEEN 5091041 AND 5091141
	-> Index range scan on sbtest2 using k_2 over (5091041 <= k <= 5091141), with index condition: (sbtest2.k between 5091041 and 5091141)  (cost=48 rows=106)


table 3 : explain SELECT k, c FROM sbtest3 WHERE k BETWEEN 5091041 AND 5091141
	-> Index range scan on sbtest3 using k_3 over (5091041 <= k <= 5091141), with index condition: (sbtest3.k between 5091041 and 5091141)  (cost=42.6 rows=94)


table 4 : explain SELECT k, c FROM sbtest4 WHERE k BETWEEN 5091041 AND 5091141
	-> Index range scan on sbtest4 using k_4 over (5091041 <= k <= 5091141), with index condition: (sbtest4.k between 5091041 and 5091141)  (cost=40.8 rows=90)


table 5 : explain SELECT k, c FROM sbtest5 WHERE k BETWEEN 5091041 AND 5091141
	-> Index range scan on sbtest5 using k_5 over (5091041 <= k <= 5091141), with index condition: (sbtest5.k between 5091041 and 5091141)  (cost=44.4 rows=98)


table 6 : explain SELECT k, c FROM sbtest6 WHERE k BETWEEN 5091041 AND 5091141
	-> Index range scan on sbtest6 using k_6 over (5091041 <= k <= 5091141), with index condition: (sbtest6.k between 5091041 and 5091141)  (cost=48.4 rows=107)


table 7 : explain SELECT k, c FROM sbtest7 WHERE k BETWEEN 5091041 AND 5091141
	-> Index range scan on sbtest7 using k_7 over (5091041 <= k <= 5091141), with index condition: (sbtest7.k between 5091041 and 5091141)  (cost=43.5 rows=96)


table 8 : explain SELECT k, c FROM sbtest8 WHERE k BETWEEN 5091041 AND 5091141
	-> Index range scan on sbtest8 using k_8 over (5091041 <= k <= 5091141), with index condition: (sbtest8.k between 5091041 and 5091141)  (cost=42.1 rows=93)



explain: for range-notcovered :: explain SELECT k, c FROM sbtest%d WHERE k BETWEEN 5561744 AND 5561844
for range-notcovered
table 1 : explain SELECT k, c FROM sbtest1 WHERE k BETWEEN 2584412 AND 2584512
	-> Index range scan on sbtest1 using k_1 over (2584412 <= k <= 2584512), with index condition: (sbtest1.k between 2584412 and 2584512)  (cost=57.9 rows=128)


table 2 : explain SELECT k, c FROM sbtest2 WHERE k BETWEEN 2584412 AND 2584512
	-> Index range scan on sbtest2 using k_2 over (2584412 <= k <= 2584512), with index condition: (sbtest2.k between 2584412 and 2584512)  (cost=40.3 rows=89)


table 3 : explain SELECT k, c FROM sbtest3 WHERE k BETWEEN 2584412 AND 2584512
	-> Index range scan on sbtest3 using k_3 over (2584412 <= k <= 2584512), with index condition: (sbtest3.k between 2584412 and 2584512)  (cost=38.5 rows=85)


table 4 : explain SELECT k, c FROM sbtest4 WHERE k BETWEEN 2584412 AND 2584512
	-> Index range scan on sbtest4 using k_4 over (2584412 <= k <= 2584512), with index condition: (sbtest4.k between 2584412 and 2584512)  (cost=48.4 rows=107)


table 5 : explain SELECT k, c FROM sbtest5 WHERE k BETWEEN 2584412 AND 2584512
	-> Index range scan on sbtest5 using k_5 over (2584412 <= k <= 2584512), with index condition: (sbtest5.k between 2584412 and 2584512)  (cost=52 rows=115)


table 6 : explain SELECT k, c FROM sbtest6 WHERE k BETWEEN 2584412 AND 2584512
	-> Index range scan on sbtest6 using k_6 over (2584412 <= k <= 2584512), with index condition: (sbtest6.k between 2584412 and 2584512)  (cost=51.1 rows=113)


table 7 : explain SELECT k, c FROM sbtest7 WHERE k BETWEEN 2584412 AND 2584512
	-> Index range scan on sbtest7 using k_7 over (2584412 <= k <= 2584512), with index condition: (sbtest7.k between 2584412 and 2584512)  (cost=40.8 rows=90)


table 8 : explain SELECT k, c FROM sbtest8 WHERE k BETWEEN 2584412 AND 2584512
	-> Index range scan on sbtest8 using k_8 over (2584412 <= k <= 2584512), with index condition: (sbtest8.k between 2584412 and 2584512)  (cost=52.9 rows=117)


explain: for range-notcovered :: explain SELECT k, c FROM sbtest%d WHERE k BETWEEN 8996302 AND 8996402
explain: for range-notcovered :: explain SELECT k, c FROM sbtest%d WHERE k BETWEEN 9009088 AND 9009188

for range-notcovered
table 1 : explain SELECT k, c FROM sbtest1 WHERE k BETWEEN 1233980 AND 1234080
	-> Index range scan on sbtest1 using k_1 over (1233980 <= k <= 1234080), with index condition: (sbtest1.k between 1233980 and 1234080)  (cost=48 rows=106)


table 2 : explain SELECT k, c FROM sbtest2 WHERE k BETWEEN 1233980 AND 1234080
	-> Index range scan on sbtest2 using k_2 over (1233980 <= k <= 1234080), with index condition: (sbtest2.k between 1233980 and 1234080)  (cost=46.2 rows=102)


table 3 : explain SELECT k, c FROM sbtest3 WHERE k BETWEEN 1233980 AND 1234080
	-> Index range scan on sbtest3 using k_3 over (1233980 <= k <= 1234080), with index condition: (sbtest3.k between 1233980 and 1234080)  (cost=45.3 rows=100)


table 4 : explain SELECT k, c FROM sbtest4 WHERE k BETWEEN 1233980 AND 1234080
	-> Index range scan on sbtest4 using k_4 over (1233980 <= k <= 1234080), with index condition: (sbtest4.k between 1233980 and 1234080)  (cost=48.9 rows=108)


table 5 : explain SELECT k, c FROM sbtest5 WHERE k BETWEEN 1233980 AND 1234080
	-> Index range scan on sbtest5 using k_5 over (1233980 <= k <= 1234080), with index condition: (sbtest5.k between 1233980 and 1234080)  (cost=37.2 rows=82)


table 6 : explain SELECT k, c FROM sbtest6 WHERE k BETWEEN 1233980 AND 1234080
	-> Index range scan on sbtest6 using k_6 over (1233980 <= k <= 1234080), with index condition: (sbtest6.k between 1233980 and 1234080)  (cost=55.2 rows=122)


table 7 : explain SELECT k, c FROM sbtest7 WHERE k BETWEEN 1233980 AND 1234080
	-> Index range scan on sbtest7 using k_7 over (1233980 <= k <= 1234080), with index condition: (sbtest7.k between 1233980 and 1234080)  (cost=47.1 rows=104)


table 8 : explain SELECT k, c FROM sbtest8 WHERE k BETWEEN 1233980 AND 1234080
	-> Index range scan on sbtest8 using k_8 over (1233980 <= k <= 1234080), with index condition: (sbtest8.k between 1233980 and 1234080)  (cost=49.3 rows=109)


explain: for range-notcovered :: explain SELECT k, c FROM sbtest%d WHERE k BETWEEN 2291520 AND 2291620
explain: for range-notcovered :: explain SELECT k, c FROM sbtest%d WHERE k BETWEEN 7014826 AND 7014926
explain: for range-notcovered :: explain SELECT k, c FROM sbtest%d WHERE k BETWEEN 2584412 AND 2584512
explain: for range-notcovered :: explain SELECT k, c FROM sbtest%d WHERE k BETWEEN 5091041 AND 5091141
explain: for range-notcovered :: explain SELECT k, c FROM sbtest%d WHERE k BETWEEN 909953 AND 910053
for range-notcovered
table 1 : explain SELECT k, c FROM sbtest1 WHERE k BETWEEN 3209445 AND 3209545
	-> Index range scan on sbtest1 using k_1 over (3209445 <= k <= 3209545), with index condition: (sbtest1.k between 3209445 and 3209545)  (cost=39 rows=86)


table 2 : explain SELECT k, c FROM sbtest2 WHERE k BETWEEN 3209445 AND 3209545
	-> Index range scan on sbtest2 using k_2 over (3209445 <= k <= 3209545), with index condition: (sbtest2.k between 3209445 and 3209545)  (cost=52.5 rows=116)


table 3 : explain SELECT k, c FROM sbtest3 WHERE k BETWEEN 3209445 AND 3209545
	-> Index range scan on sbtest3 using k_3 over (3209445 <= k <= 3209545), with index condition: (sbtest3.k between 3209445 and 3209545)  (cost=47.5 rows=105)


table 4 : explain SELECT k, c FROM sbtest4 WHERE k BETWEEN 3209445 AND 3209545
	-> Index range scan on sbtest4 using k_4 over (3209445 <= k <= 3209545), with index condition: (sbtest4.k between 3209445 and 3209545)  (cost=43 rows=95)


table 5 : explain SELECT k, c FROM sbtest5 WHERE k BETWEEN 3209445 AND 3209545
	-> Index range scan on sbtest5 using k_5 over (3209445 <= k <= 3209545), with index condition: (sbtest5.k between 3209445 and 3209545)  (cost=45.7 rows=101)


table 6 : explain SELECT k, c FROM sbtest6 WHERE k BETWEEN 3209445 AND 3209545
	-> Index range scan on sbtest6 using k_6 over (3209445 <= k <= 3209545), with index condition: (sbtest6.k between 3209445 and 3209545)  (cost=38.1 rows=84)


table 7 : explain SELECT k, c FROM sbtest7 WHERE k BETWEEN 3209445 AND 3209545
	-> Index range scan on sbtest7 using k_7 over (3209445 <= k <= 3209545), with index condition: (sbtest7.k between 3209445 and 3209545)  (cost=52.9 rows=117)


table 8 : explain SELECT k, c FROM sbtest8 WHERE k BETWEEN 3209445 AND 3209545
	-> Index range scan on sbtest8 using k_8 over (3209445 <= k <= 3209545), with index condition: (sbtest8.k between 3209445 and 3209545)  (cost=49.3 rows=109)


for range-notcovered
table 1 : explain SELECT k, c FROM sbtest1 WHERE k BETWEEN 4143083 AND 4143183
	-> Index range scan on sbtest1 using k_1 over (4143083 <= k <= 4143183), with index condition: (sbtest1.k between 4143083 and 4143183)  (cost=46.6 rows=103)


table 2 : explain SELECT k, c FROM sbtest2 WHERE k BETWEEN 4143083 AND 4143183
	-> Index range scan on sbtest2 using k_2 over (4143083 <= k <= 4143183), with index condition: (sbtest2.k between 4143083 and 4143183)  (cost=37.6 rows=83)


table 3 : explain SELECT k, c FROM sbtest3 WHERE k BETWEEN 4143083 AND 4143183
	-> Index range scan on sbtest3 using k_3 over (4143083 <= k <= 4143183), with index condition: (sbtest3.k between 4143083 and 4143183)  (cost=46.6 rows=103)


table 4 : explain SELECT k, c FROM sbtest4 WHERE k BETWEEN 4143083 AND 4143183
	-> Index range scan on sbtest4 using k_4 over (4143083 <= k <= 4143183), with index condition: (sbtest4.k between 4143083 and 4143183)  (cost=49.3 rows=109)


table 5 : explain SELECT k, c FROM sbtest5 WHERE k BETWEEN 4143083 AND 4143183
	-> Index range scan on sbtest5 using k_5 over (4143083 <= k <= 4143183), with index condition: (sbtest5.k between 4143083 and 4143183)  (cost=56.1 rows=124)


table 6 : explain SELECT k, c FROM sbtest6 WHERE k BETWEEN 4143083 AND 4143183
	-> Index range scan on sbtest6 using k_6 over (4143083 <= k <= 4143183), with index condition: (sbtest6.k between 4143083 and 4143183)  (cost=48.9 rows=108)


table 7 : explain SELECT k, c FROM sbtest7 WHERE k BETWEEN 4143083 AND 4143183
	-> Index range scan on sbtest7 using k_7 over (4143083 <= k <= 4143183), with index condition: (sbtest7.k between 4143083 and 4143183)  (cost=43.5 rows=96)


table 8 : explain SELECT k, c FROM sbtest8 WHERE k BETWEEN 4143083 AND 4143183
	-> Index range scan on sbtest8 using k_8 over (4143083 <= k <= 4143183), with index condition: (sbtest8.k between 4143083 and 4143183)  (cost=43.5 rows=96)


for range-notcovered
table 1 : explain SELECT k, c FROM sbtest1 WHERE k BETWEEN 6920643 AND 6920743
	-> Index range scan on sbtest1 using k_1 over (6920643 <= k <= 6920743), with index condition: (sbtest1.k between 6920643 and 6920743)  (cost=40.3 rows=89)


table 2 : explain SELECT k, c FROM sbtest2 WHERE k BETWEEN 6920643 AND 6920743
	-> Index range scan on sbtest2 using k_2 over (6920643 <= k <= 6920743), with index condition: (sbtest2.k between 6920643 and 6920743)  (cost=45.3 rows=100)


table 3 : explain SELECT k, c FROM sbtest3 WHERE k BETWEEN 6920643 AND 6920743
	-> Index range scan on sbtest3 using k_3 over (6920643 <= k <= 6920743), with index condition: (sbtest3.k between 6920643 and 6920743)  (cost=46.2 rows=102)


table 4 : explain SELECT k, c FROM sbtest4 WHERE k BETWEEN 6920643 AND 6920743
	-> Index range scan on sbtest4 using k_4 over (6920643 <= k <= 6920743), with index condition: (sbtest4.k between 6920643 and 6920743)  (cost=44.8 rows=99)


table 5 : explain SELECT k, c FROM sbtest5 WHERE k BETWEEN 6920643 AND 6920743
	-> Index range scan on sbtest5 using k_5 over (6920643 <= k <= 6920743), with index condition: (sbtest5.k between 6920643 and 6920743)  (cost=46.6 rows=103)


table 6 : explain SELECT k, c FROM sbtest6 WHERE k BETWEEN 6920643 AND 6920743
	-> Index range scan on sbtest6 using k_6 over (6920643 <= k <= 6920743), with index condition: (sbtest6.k between 6920643 and 6920743)  (cost=39.9 rows=88)


table 7 : explain SELECT k, c FROM sbtest7 WHERE k BETWEEN 6920643 AND 6920743
	-> Index range scan on sbtest7 using k_7 over (6920643 <= k <= 6920743), with index condition: (sbtest7.k between 6920643 and 6920743)  (cost=47.1 rows=104)


table 8 : explain SELECT k, c FROM sbtest8 WHERE k BETWEEN 6920643 AND 6920743
	-> Index range scan on sbtest8 using k_8 over (6920643 <= k <= 6920743), with index condition: (sbtest8.k between 6920643 and 6920743)  (cost=57 rows=126)

for range-notcovered
table 1 : explain SELECT k, c FROM sbtest1 WHERE k BETWEEN 5322439 AND 5322539
	-> Index range scan on sbtest1 using k_1 over (5322439 <= k <= 5322539), with index condition: (sbtest1.k between 5322439 and 5322539)  (cost=43.9 rows=97)


table 2 : explain SELECT k, c FROM sbtest2 WHERE k BETWEEN 5322439 AND 5322539
	-> Index range scan on sbtest2 using k_2 over (5322439 <= k <= 5322539), with index condition: (sbtest2.k between 5322439 and 5322539)  (cost=40.3 rows=89)


table 3 : explain SELECT k, c FROM sbtest3 WHERE k BETWEEN 5322439 AND 5322539
	-> Index range scan on sbtest3 using k_3 over (5322439 <= k <= 5322539), with index condition: (sbtest3.k between 5322439 and 5322539)  (cost=38.1 rows=84)


table 4 : explain SELECT k, c FROM sbtest4 WHERE k BETWEEN 5322439 AND 5322539
	-> Index range scan on sbtest4 using k_4 over (5322439 <= k <= 5322539), with index condition: (sbtest4.k between 5322439 and 5322539)  (cost=51.6 rows=114)


table 5 : explain SELECT k, c FROM sbtest5 WHERE k BETWEEN 5322439 AND 5322539
	-> Index range scan on sbtest5 using k_5 over (5322439 <= k <= 5322539), with index condition: (sbtest5.k between 5322439 and 5322539)  (cost=37.6 rows=83)


table 6 : explain SELECT k, c FROM sbtest6 WHERE k BETWEEN 5322439 AND 5322539
	-> Index range scan on sbtest6 using k_6 over (5322439 <= k <= 5322539), with index condition: (sbtest6.k between 5322439 and 5322539)  (cost=48.4 rows=107)


table 7 : explain SELECT k, c FROM sbtest7 WHERE k BETWEEN 5322439 AND 5322539
	-> Index range scan on sbtest7 using k_7 over (5322439 <= k <= 5322539), with index condition: (sbtest7.k between 5322439 and 5322539)  (cost=46.6 rows=103)


table 8 : explain SELECT k, c FROM sbtest8 WHERE k BETWEEN 5322439 AND 5322539
	-> Index range scan on sbtest8 using k_8 over (5322439 <= k <= 5322539), with index condition: (sbtest8.k between 5322439 and 5322539)  (cost=46.6 rows=103)


for range-notcovered
table 1 : explain SELECT k, c FROM sbtest1 WHERE k BETWEEN 1708641 AND 1708741
	-> Index range scan on sbtest1 using k_1 over (1708641 <= k <= 1708741), with index condition: (sbtest1.k between 1708641 and 1708741)  (cost=45.3 rows=100)


table 2 : explain SELECT k, c FROM sbtest2 WHERE k BETWEEN 1708641 AND 1708741
	-> Index range scan on sbtest2 using k_2 over (1708641 <= k <= 1708741), with index condition: (sbtest2.k between 1708641 and 1708741)  (cost=45.7 rows=101)


table 3 : explain SELECT k, c FROM sbtest3 WHERE k BETWEEN 1708641 AND 1708741
	-> Index range scan on sbtest3 using k_3 over (1708641 <= k <= 1708741), with index condition: (sbtest3.k between 1708641 and 1708741)  (cost=40.3 rows=89)


table 4 : explain SELECT k, c FROM sbtest4 WHERE k BETWEEN 1708641 AND 1708741
	-> Index range scan on sbtest4 using k_4 over (1708641 <= k <= 1708741), with index condition: (sbtest4.k between 1708641 and 1708741)  (cost=48.4 rows=107)


table 5 : explain SELECT k, c FROM sbtest5 WHERE k BETWEEN 1708641 AND 1708741
	-> Index range scan on sbtest5 using k_5 over (1708641 <= k <= 1708741), with index condition: (sbtest5.k between 1708641 and 1708741)  (cost=51.6 rows=114)


table 6 : explain SELECT k, c FROM sbtest6 WHERE k BETWEEN 1708641 AND 1708741
	-> Index range scan on sbtest6 using k_6 over (1708641 <= k <= 1708741), with index condition: (sbtest6.k between 1708641 and 1708741)  (cost=46.6 rows=103)


table 7 : explain SELECT k, c FROM sbtest7 WHERE k BETWEEN 1708641 AND 1708741
	-> Index range scan on sbtest7 using k_7 over (1708641 <= k <= 1708741), with index condition: (sbtest7.k between 1708641 and 1708741)  (cost=43.5 rows=96)


table 8 : explain SELECT k, c FROM sbtest8 WHERE k BETWEEN 1708641 AND 1708741
	-> Index range scan on sbtest8 using k_8 over (1708641 <= k <= 1708741), with index condition: (sbtest8.k between 1708641 and 1708741)  (cost=47.1 rows=104)


for range-notcovered
table 1 : explain SELECT k, c FROM sbtest1 WHERE k BETWEEN 6302321 AND 6302421
	-> Index range scan on sbtest1 using k_1 over (6302321 <= k <= 6302421), with index condition: (sbtest1.k between 6302321 and 6302421)  (cost=45.7 rows=101)


table 2 : explain SELECT k, c FROM sbtest2 WHERE k BETWEEN 6302321 AND 6302421
	-> Index range scan on sbtest2 using k_2 over (6302321 <= k <= 6302421), with index condition: (sbtest2.k between 6302321 and 6302421)  (cost=42.1 rows=93)


table 3 : explain SELECT k, c FROM sbtest3 WHERE k BETWEEN 6302321 AND 6302421
	-> Index range scan on sbtest3 using k_3 over (6302321 <= k <= 6302421), with index condition: (sbtest3.k between 6302321 and 6302421)  (cost=48.9 rows=108)


table 4 : explain SELECT k, c FROM sbtest4 WHERE k BETWEEN 6302321 AND 6302421
	-> Index range scan on sbtest4 using k_4 over (6302321 <= k <= 6302421), with index condition: (sbtest4.k between 6302321 and 6302421)  (cost=41.2 rows=91)


table 5 : explain SELECT k, c FROM sbtest5 WHERE k BETWEEN 6302321 AND 6302421
	-> Index range scan on sbtest5 using k_5 over (6302321 <= k <= 6302421), with index condition: (sbtest5.k between 6302321 and 6302421)  (cost=39.4 rows=87)


table 6 : explain SELECT k, c FROM sbtest6 WHERE k BETWEEN 6302321 AND 6302421
	-> Index range scan on sbtest6 using k_6 over (6302321 <= k <= 6302421), with index condition: (sbtest6.k between 6302321 and 6302421)  (cost=49.3 rows=109)


table 7 : explain SELECT k, c FROM sbtest7 WHERE k BETWEEN 6302321 AND 6302421
	-> Index range scan on sbtest7 using k_7 over (6302321 <= k <= 6302421), with index condition: (sbtest7.k between 6302321 and 6302421)  (cost=47.1 rows=104)


table 8 : explain SELECT k, c FROM sbtest8 WHERE k BETWEEN 6302321 AND 6302421
	-> Index range scan on sbtest8 using k_8 over (6302321 <= k <= 6302421), with index condition: (sbtest8.k between 6302321 and 6302421)  (cost=39.4 rows=87)


for range-notcovered
table 1 : explain SELECT k, c FROM sbtest1 WHERE k BETWEEN 7430313 AND 7430413
	-> Index range scan on sbtest1 using k_1 over (7430313 <= k <= 7430413), with index condition: (sbtest1.k between 7430313 and 7430413)  (cost=42.1 rows=93)


table 2 : explain SELECT k, c FROM sbtest2 WHERE k BETWEEN 7430313 AND 7430413
	-> Index range scan on sbtest2 using k_2 over (7430313 <= k <= 7430413), with index condition: (sbtest2.k between 7430313 and 7430413)  (cost=49.8 rows=110)


table 3 : explain SELECT k, c FROM sbtest3 WHERE k BETWEEN 7430313 AND 7430413
	-> Index range scan on sbtest3 using k_3 over (7430313 <= k <= 7430413), with index condition: (sbtest3.k between 7430313 and 7430413)  (cost=44.8 rows=99)


table 4 : explain SELECT k, c FROM sbtest4 WHERE k BETWEEN 7430313 AND 7430413
	-> Index range scan on sbtest4 using k_4 over (7430313 <= k <= 7430413), with index condition: (sbtest4.k between 7430313 and 7430413)  (cost=45.7 rows=101)


table 5 : explain SELECT k, c FROM sbtest5 WHERE k BETWEEN 7430313 AND 7430413
	-> Index range scan on sbtest5 using k_5 over (7430313 <= k <= 7430413), with index condition: (sbtest5.k between 7430313 and 7430413)  (cost=44.8 rows=99)


table 6 : explain SELECT k, c FROM sbtest6 WHERE k BETWEEN 7430313 AND 7430413
	-> Index range scan on sbtest6 using k_6 over (7430313 <= k <= 7430413), with index condition: (sbtest6.k between 7430313 and 7430413)  (cost=46.2 rows=102)


table 7 : explain SELECT k, c FROM sbtest7 WHERE k BETWEEN 7430313 AND 7430413
	-> Index range scan on sbtest7 using k_7 over (7430313 <= k <= 7430413), with index condition: (sbtest7.k between 7430313 and 7430413)  (cost=48 rows=106)


table 8 : explain SELECT k, c FROM sbtest8 WHERE k BETWEEN 7430313 AND 7430413
	-> Index range scan on sbtest8 using k_8 over (7430313 <= k <= 7430413), with index condition: (sbtest8.k between 7430313 and 7430413)  (cost=39.4 rows=87)


explain: for range-notcovered :: explain SELECT k, c FROM sbtest%d WHERE k BETWEEN 1233980 AND 1234080
explain: for range-notcovered :: explain SELECT k, c FROM sbtest%d WHERE k BETWEEN 5322439 AND 5322539
for range-notcovered
table 1 : explain SELECT k, c FROM sbtest1 WHERE k BETWEEN 4178071 AND 4178171
	-> Index range scan on sbtest1 using k_1 over (4178071 <= k <= 4178171), with index condition: (sbtest1.k between 4178071 and 4178171)  (cost=50.7 rows=112)


table 2 : explain SELECT k, c FROM sbtest2 WHERE k BETWEEN 4178071 AND 4178171
	-> Index range scan on sbtest2 using k_2 over (4178071 <= k <= 4178171), with index condition: (sbtest2.k between 4178071 and 4178171)  (cost=43.5 rows=96)


table 3 : explain SELECT k, c FROM sbtest3 WHERE k BETWEEN 4178071 AND 4178171
	-> Index range scan on sbtest3 using k_3 over (4178071 <= k <= 4178171), with index condition: (sbtest3.k between 4178071 and 4178171)  (cost=42.6 rows=94)


table 4 : explain SELECT k, c FROM sbtest4 WHERE k BETWEEN 4178071 AND 4178171
	-> Index range scan on sbtest4 using k_4 over (4178071 <= k <= 4178171), with index condition: (sbtest4.k between 4178071 and 4178171)  (cost=53.4 rows=118)


table 5 : explain SELECT k, c FROM sbtest5 WHERE k BETWEEN 4178071 AND 4178171
	-> Index range scan on sbtest5 using k_5 over (4178071 <= k <= 4178171), with index condition: (sbtest5.k between 4178071 and 4178171)  (cost=48.9 rows=108)


table 6 : explain SELECT k, c FROM sbtest6 WHERE k BETWEEN 4178071 AND 4178171
	-> Index range scan on sbtest6 using k_6 over (4178071 <= k <= 4178171), with index condition: (sbtest6.k between 4178071 and 4178171)  (cost=43.9 rows=97)


table 7 : explain SELECT k, c FROM sbtest7 WHERE k BETWEEN 4178071 AND 4178171
	-> Index range scan on sbtest7 using k_7 over (4178071 <= k <= 4178171), with index condition: (sbtest7.k between 4178071 and 4178171)  (cost=53.8 rows=119)


table 8 : explain SELECT k, c FROM sbtest8 WHERE k BETWEEN 4178071 AND 4178171
	-> Index range scan on sbtest8 using k_8 over (4178071 <= k <= 4178171), with index condition: (sbtest8.k between 4178071 and 4178171)  (cost=49.8 rows=110)

explain: for range-notcovered :: explain SELECT k, c FROM sbtest%d WHERE k BETWEEN 1708641 AND 1708741for range-notcovered
table 1 : explain SELECT k, c FROM sbtest1 WHERE k BETWEEN 5017403 AND 5017503
	-> Index range scan on sbtest1 using k_1 over (5017403 <= k <= 5017503), with index condition: (sbtest1.k between 5017403 and 5017503)  (cost=49.8 rows=110)


table 2 : explain SELECT k, c FROM sbtest2 WHERE k BETWEEN 5017403 AND 5017503
	-> Index range scan on sbtest2 using k_2 over (5017403 <= k <= 5017503), with index condition: (sbtest2.k between 5017403 and 5017503)  (cost=50.2 rows=111)


table 3 : explain SELECT k, c FROM sbtest3 WHERE k BETWEEN 5017403 AND 5017503
	-> Index range scan on sbtest3 using k_3 over (5017403 <= k <= 5017503), with index condition: (sbtest3.k between 5017403 and 5017503)  (cost=41.7 rows=92)


table 4 : explain SELECT k, c FROM sbtest4 WHERE k BETWEEN 5017403 AND 5017503
	-> Index range scan on sbtest4 using k_4 over (5017403 <= k <= 5017503), with index condition: (sbtest4.k between 5017403 and 5017503)  (cost=48.9 rows=108)


table 5 : explain SELECT k, c FROM sbtest5 WHERE k BETWEEN 5017403 AND 5017503
	-> Index range scan on sbtest5 using k_5 over (5017403 <= k <= 5017503), with index condition: (sbtest5.k between 5017403 and 5017503)  (cost=54.7 rows=121)


table 6 : explain SELECT k, c FROM sbtest6 WHERE k BETWEEN 5017403 AND 5017503
	-> Index range scan on sbtest6 using k_6 over (5017403 <= k <= 5017503), with index condition: (sbtest6.k between 5017403 and 5017503)  (cost=46.6 rows=103)


table 7 : explain SELECT k, c FROM sbtest7 WHERE k BETWEEN 5017403 AND 5017503
	-> Index range scan on sbtest7 using k_7 over (5017403 <= k <= 5017503), with index condition: (sbtest7.k between 5017403 and 5017503)  (cost=44.4 rows=98)


table 8 : explain SELECT k, c FROM sbtest8 WHERE k BETWEEN 5017403 AND 5017503
	-> Index range scan on sbtest8 using k_8 over (5017403 <= k <= 5017503), with index condition: (sbtest8.k between 5017403 and 5017503)  (cost=48.9 rows=108)

for range-notcovered
table 1 : explain SELECT k, c FROM sbtest1 WHERE k BETWEEN 8503989 AND 8504089
	-> Index range scan on sbtest1 using k_1 over (8503989 <= k <= 8504089), with index condition: (sbtest1.k between 8503989 and 8504089)  (cost=48 rows=106)


table 2 : explain SELECT k, c FROM sbtest2 WHERE k BETWEEN 8503989 AND 8504089
	-> Index range scan on sbtest2 using k_2 over (8503989 <= k <= 8504089), with index condition: (sbtest2.k between 8503989 and 8504089)  (cost=48.4 rows=107)


table 3 : explain SELECT k, c FROM sbtest3 WHERE k BETWEEN 8503989 AND 8504089
	-> Index range scan on sbtest3 using k_3 over (8503989 <= k <= 8504089), with index condition: (sbtest3.k between 8503989 and 8504089)  (cost=47.1 rows=104)


table 4 : explain SELECT k, c FROM sbtest4 WHERE k BETWEEN 8503989 AND 8504089
	-> Index range scan on sbtest4 using k_4 over (8503989 <= k <= 8504089), with index condition: (sbtest4.k between 8503989 and 8504089)  (cost=54.7 rows=121)


table 5 : explain SELECT k, c FROM sbtest5 WHERE k BETWEEN 8503989 AND 8504089
	-> Index range scan on sbtest5 using k_5 over (8503989 <= k <= 8504089), with index condition: (sbtest5.k between 8503989 and 8504089)  (cost=44.8 rows=99)


table 6 : explain SELECT k, c FROM sbtest6 WHERE k BETWEEN 8503989 AND 8504089
	-> Index range scan on sbtest6 using k_6 over (8503989 <= k <= 8504089), with index condition: (sbtest6.k between 8503989 and 8504089)  (cost=43.5 rows=96)


table 7 : explain SELECT k, c FROM sbtest7 WHERE k BETWEEN 8503989 AND 8504089
	-> Index range scan on sbtest7 using k_7 over (8503989 <= k <= 8504089), with index condition: (sbtest7.k between 8503989 and 8504089)  (cost=47.1 rows=104)


table 8 : explain SELECT k, c FROM sbtest8 WHERE k BETWEEN 8503989 AND 8504089
	-> Index range scan on sbtest8 using k_8 over (8503989 <= k <= 8504089), with index condition: (sbtest8.k between 8503989 and 8504089)  (cost=48.9 rows=108)


explain: for range-notcovered :: explain SELECT k, c FROM sbtest%d WHERE k BETWEEN 3209445 AND 3209545


for range-notcovered
table 1 : explain SELECT k, c FROM sbtest1 WHERE k BETWEEN 2655227 AND 2655327
	-> Index range scan on sbtest1 using k_1 over (2655227 <= k <= 2655327), with index condition: (sbtest1.k between 2655227 and 2655327)  (cost=42.1 rows=93)


table 2 : explain SELECT k, c FROM sbtest2 WHERE k BETWEEN 2655227 AND 2655327
	-> Index range scan on sbtest2 using k_2 over (2655227 <= k <= 2655327), with index condition: (sbtest2.k between 2655227 and 2655327)  (cost=43 rows=95)


table 3 : explain SELECT k, c FROM sbtest3 WHERE k BETWEEN 2655227 AND 2655327
	-> Index range scan on sbtest3 using k_3 over (2655227 <= k <= 2655327), with index condition: (sbtest3.k between 2655227 and 2655327)  (cost=48 rows=106)


table 4 : explain SELECT k, c FROM sbtest4 WHERE k BETWEEN 2655227 AND 2655327
	-> Index range scan on sbtest4 using k_4 over (2655227 <= k <= 2655327), with index condition: (sbtest4.k between 2655227 and 2655327)  (cost=47.1 rows=104)


table 5 : explain SELECT k, c FROM sbtest5 WHERE k BETWEEN 2655227 AND 2655327
	-> Index range scan on sbtest5 using k_5 over (2655227 <= k <= 2655327), with index condition: (sbtest5.k between 2655227 and 2655327)  (cost=41.7 rows=92)


table 6 : explain SELECT k, c FROM sbtest6 WHERE k BETWEEN 2655227 AND 2655327
	-> Index range scan on sbtest6 using k_6 over (2655227 <= k <= 2655327), with index condition: (sbtest6.k between 2655227 and 2655327)  (cost=41.7 rows=92)


table 7 : explain SELECT k, c FROM sbtest7 WHERE k BETWEEN 2655227 AND 2655327
	-> Index range scan on sbtest7 using k_7 over (2655227 <= k <= 2655327), with index condition: (sbtest7.k between 2655227 and 2655327)  (cost=44.8 rows=99)


table 8 : explain SELECT k, c FROM sbtest8 WHERE k BETWEEN 2655227 AND 2655327
	-> Index range scan on sbtest8 using k_8 over (2655227 <= k <= 2655327), with index condition: (sbtest8.k between 2655227 and 2655327)  (cost=47.5 rows=105)



explain: for range-notcovered :: explain SELECT k, c FROM sbtest%d WHERE k BETWEEN 6302321 AND 6302421
for range-notcovered
table 1 : explain SELECT k, c FROM sbtest1 WHERE k BETWEEN 3500666 AND 3500766
	-> Index range scan on sbtest1 using k_1 over (3500666 <= k <= 3500766), with index condition: (sbtest1.k between 3500666 and 3500766)  (cost=48.4 rows=107)


table 2 : explain SELECT k, c FROM sbtest2 WHERE k BETWEEN 3500666 AND 3500766
	-> Index range scan on sbtest2 using k_2 over (3500666 <= k <= 3500766), with index condition: (sbtest2.k between 3500666 and 3500766)  (cost=50.2 rows=111)


table 3 : explain SELECT k, c FROM sbtest3 WHERE k BETWEEN 3500666 AND 3500766
	-> Index range scan on sbtest3 using k_3 over (3500666 <= k <= 3500766), with index condition: (sbtest3.k between 3500666 and 3500766)  (cost=42.6 rows=94)


table 4 : explain SELECT k, c FROM sbtest4 WHERE k BETWEEN 3500666 AND 3500766
	-> Index range scan on sbtest4 using k_4 over (3500666 <= k <= 3500766), with index condition: (sbtest4.k between 3500666 and 3500766)  (cost=43.5 rows=96)


table 5 : explain SELECT k, c FROM sbtest5 WHERE k BETWEEN 3500666 AND 3500766
	-> Index range scan on sbtest5 using k_5 over (3500666 <= k <= 3500766), with index condition: (sbtest5.k between 3500666 and 3500766)  (cost=44.8 rows=99)


table 6 : explain SELECT k, c FROM sbtest6 WHERE k BETWEEN 3500666 AND 3500766
	-> Index range scan on sbtest6 using k_6 over (3500666 <= k <= 3500766), with index condition: (sbtest6.k between 3500666 and 3500766)  (cost=56.5 rows=125)


table 7 : explain SELECT k, c FROM sbtest7 WHERE k BETWEEN 3500666 AND 3500766
	-> Index range scan on sbtest7 using k_7 over (3500666 <= k <= 3500766), with index condition: (sbtest7.k between 3500666 and 3500766)  (cost=42.1 rows=93)


table 8 : explain SELECT k, c FROM sbtest8 WHERE k BETWEEN 3500666 AND 3500766
	-> Index range scan on sbtest8 using k_8 over (3500666 <= k <= 3500766), with index condition: (sbtest8.k between 3500666 and 3500766)  (cost=38.5 rows=85)


explain: for range-notcovered :: explain SELECT k, c FROM sbtest%d WHERE k BETWEEN 4143083 AND 4143183for range-notcovered
table 1 : explain SELECT k, c FROM sbtest1 WHERE k BETWEEN 7507441 AND 7507541
	-> Index range scan on sbtest1 using k_1 over (7507441 <= k <= 7507541), with index condition: (sbtest1.k between 7507441 and 7507541)  (cost=45.3 rows=100)


table 2 : explain SELECT k, c FROM sbtest2 WHERE k BETWEEN 7507441 AND 7507541
	-> Index range scan on sbtest2 using k_2 over (7507441 <= k <= 7507541), with index condition: (sbtest2.k between 7507441 and 7507541)  (cost=42.1 rows=93)


table 3 : explain SELECT k, c FROM sbtest3 WHERE k BETWEEN 7507441 AND 7507541
	-> Index range scan on sbtest3 using k_3 over (7507441 <= k <= 7507541), with index condition: (sbtest3.k between 7507441 and 7507541)  (cost=50.2 rows=111)


table 4 : explain SELECT k, c FROM sbtest4 WHERE k BETWEEN 7507441 AND 7507541
	-> Index range scan on sbtest4 using k_4 over (7507441 <= k <= 7507541), with index condition: (sbtest4.k between 7507441 and 7507541)  (cost=44.8 rows=99)


table 5 : explain SELECT k, c FROM sbtest5 WHERE k BETWEEN 7507441 AND 7507541
	-> Index range scan on sbtest5 using k_5 over (7507441 <= k <= 7507541), with index condition: (sbtest5.k between 7507441 and 7507541)  (cost=48.4 rows=107)


table 6 : explain SELECT k, c FROM sbtest6 WHERE k BETWEEN 7507441 AND 7507541
	-> Index range scan on sbtest6 using k_6 over (7507441 <= k <= 7507541), with index condition: (sbtest6.k between 7507441 and 7507541)  (cost=43 rows=95)


table 7 : explain SELECT k, c FROM sbtest7 WHERE k BETWEEN 7507441 AND 7507541
	-> Index range scan on sbtest7 using k_7 over (7507441 <= k <= 7507541), with index condition: (sbtest7.k between 7507441 and 7507541)  (cost=45.7 rows=101)


table 8 : explain SELECT k, c FROM sbtest8 WHERE k BETWEEN 7507441 AND 7507541
	-> Index range scan on sbtest8 using k_8 over (7507441 <= k <= 7507541), with index condition: (sbtest8.k between 7507441 and 7507541)  (cost=55.6 rows=123)




explain: for range-notcovered :: explain SELECT k, c FROM sbtest%d WHERE k BETWEEN 4178071 AND 4178171for range-notcovered
table 1 : explain SELECT k, c FROM sbtest1 WHERE k BETWEEN 6047958 AND 6048058
	-> Index range scan on sbtest1 using k_1 over (6047958 <= k <= 6048058), with index condition: (sbtest1.k between 6047958 and 6048058)  (cost=43.5 rows=96)


table 2 : explain SELECT k, c FROM sbtest2 WHERE k BETWEEN 6047958 AND 6048058
	-> Index range scan on sbtest2 using k_2 over (6047958 <= k <= 6048058), with index condition: (sbtest2.k between 6047958 and 6048058)  (cost=37.2 rows=82)


table 3 : explain SELECT k, c FROM sbtest3 WHERE k BETWEEN 6047958 AND 6048058
	-> Index range scan on sbtest3 using k_3 over (6047958 <= k <= 6048058), with index condition: (sbtest3.k between 6047958 and 6048058)  (cost=46.2 rows=102)


table 4 : explain SELECT k, c FROM sbtest4 WHERE k BETWEEN 6047958 AND 6048058
	-> Index range scan on sbtest4 using k_4 over (6047958 <= k <= 6048058), with index condition: (sbtest4.k between 6047958 and 6048058)  (cost=48.9 rows=108)


table 5 : explain SELECT k, c FROM sbtest5 WHERE k BETWEEN 6047958 AND 6048058
	-> Index range scan on sbtest5 using k_5 over (6047958 <= k <= 6048058), with index condition: (sbtest5.k between 6047958 and 6048058)  (cost=42.1 rows=93)


table 6 : explain SELECT k, c FROM sbtest6 WHERE k BETWEEN 6047958 AND 6048058
	-> Index range scan on sbtest6 using k_6 over (6047958 <= k <= 6048058), with index condition: (sbtest6.k between 6047958 and 6048058)  (cost=40.3 rows=89)


table 7 : explain SELECT k, c FROM sbtest7 WHERE k BETWEEN 6047958 AND 6048058
	-> Index range scan on sbtest7 using k_7 over (6047958 <= k <= 6048058), with index condition: (sbtest7.k between 6047958 and 6048058)  (cost=50.2 rows=111)


table 8 : explain SELECT k, c FROM sbtest8 WHERE k BETWEEN 6047958 AND 6048058
	-> Index range scan on sbtest8 using k_8 over (6047958 <= k <= 6048058), with index condition: (sbtest8.k between 6047958 and 6048058)  (cost=38.5 rows=85)



explain: for range-notcovered :: explain SELECT k, c FROM sbtest%d WHERE k BETWEEN 2655227 AND 2655327
explain: for range-notcovered :: explain SELECT k, c FROM sbtest%d WHERE k BETWEEN 6920643 AND 6920743
for range-notcovered
table 1 : explain SELECT k, c FROM sbtest1 WHERE k BETWEEN 7783650 AND 7783750
	-> Index range scan on sbtest1 using k_1 over (7783650 <= k <= 7783750), with index condition: (sbtest1.k between 7783650 and 7783750)  (cost=52.5 rows=116)


table 2 : explain SELECT k, c FROM sbtest2 WHERE k BETWEEN 7783650 AND 7783750
	-> Index range scan on sbtest2 using k_2 over (7783650 <= k <= 7783750), with index condition: (sbtest2.k between 7783650 and 7783750)  (cost=43.9 rows=97)


table 3 : explain SELECT k, c FROM sbtest3 WHERE k BETWEEN 7783650 AND 7783750
	-> Index range scan on sbtest3 using k_3 over (7783650 <= k <= 7783750), with index condition: (sbtest3.k between 7783650 and 7783750)  (cost=38.5 rows=85)


table 4 : explain SELECT k, c FROM sbtest4 WHERE k BETWEEN 7783650 AND 7783750
	-> Index range scan on sbtest4 using k_4 over (7783650 <= k <= 7783750), with index condition: (sbtest4.k between 7783650 and 7783750)  (cost=44.8 rows=99)


table 5 : explain SELECT k, c FROM sbtest5 WHERE k BETWEEN 7783650 AND 7783750
	-> Index range scan on sbtest5 using k_5 over (7783650 <= k <= 7783750), with index condition: (sbtest5.k between 7783650 and 7783750)  (cost=44.4 rows=98)


table 6 : explain SELECT k, c FROM sbtest6 WHERE k BETWEEN 7783650 AND 7783750
	-> Index range scan on sbtest6 using k_6 over (7783650 <= k <= 7783750), with index condition: (sbtest6.k between 7783650 and 7783750)  (cost=47.5 rows=105)


table 7 : explain SELECT k, c FROM sbtest7 WHERE k BETWEEN 7783650 AND 7783750
	-> Index range scan on sbtest7 using k_7 over (7783650 <= k <= 7783750), with index condition: (sbtest7.k between 7783650 and 7783750)  (cost=46.6 rows=103)


table 8 : explain SELECT k, c FROM sbtest8 WHERE k BETWEEN 7783650 AND 7783750
	-> Index range scan on sbtest8 using k_8 over (7783650 <= k <= 7783750), with index condition: (sbtest8.k between 7783650 and 7783750)  (cost=47.5 rows=105)


explain: for range-notcovered :: explain SELECT k, c FROM sbtest%d WHERE k BETWEEN 5017403 AND 5017503
explain: for range-notcovered :: explain SELECT k, c FROM sbtest%d WHERE k BETWEEN 6047958 AND 6048058
for range-notcovered
table 1 : explain SELECT k, c FROM sbtest1 WHERE k BETWEEN 6594167 AND 6594267
	-> Index range scan on sbtest1 using k_1 over (6594167 <= k <= 6594267), with index condition: (sbtest1.k between 6594167 and 6594267)  (cost=46.6 rows=103)


table 2 : explain SELECT k, c FROM sbtest2 WHERE k BETWEEN 6594167 AND 6594267
	-> Index range scan on sbtest2 using k_2 over (6594167 <= k <= 6594267), with index condition: (sbtest2.k between 6594167 and 6594267)  (cost=44.4 rows=98)


table 3 : explain SELECT k, c FROM sbtest3 WHERE k BETWEEN 6594167 AND 6594267
	-> Index range scan on sbtest3 using k_3 over (6594167 <= k <= 6594267), with index condition: (sbtest3.k between 6594167 and 6594267)  (cost=45.7 rows=101)


table 4 : explain SELECT k, c FROM sbtest4 WHERE k BETWEEN 6594167 AND 6594267
	-> Index range scan on sbtest4 using k_4 over (6594167 <= k <= 6594267), with index condition: (sbtest4.k between 6594167 and 6594267)  (cost=40.3 rows=89)


table 5 : explain SELECT k, c FROM sbtest5 WHERE k BETWEEN 6594167 AND 6594267
	-> Index range scan on sbtest5 using k_5 over (6594167 <= k <= 6594267), with index condition: (sbtest5.k between 6594167 and 6594267)  (cost=41.2 rows=91)


table 6 : explain SELECT k, c FROM sbtest6 WHERE k BETWEEN 6594167 AND 6594267
	-> Index range scan on sbtest6 using k_6 over (6594167 <= k <= 6594267), with index condition: (sbtest6.k between 6594167 and 6594267)  (cost=45.7 rows=101)


table 7 : explain SELECT k, c FROM sbtest7 WHERE k BETWEEN 6594167 AND 6594267
	-> Index range scan on sbtest7 using k_7 over (6594167 <= k <= 6594267), with index condition: (sbtest7.k between 6594167 and 6594267)  (cost=43.9 rows=97)


table 8 : explain SELECT k, c FROM sbtest8 WHERE k BETWEEN 6594167 AND 6594267
	-> Index range scan on sbtest8 using k_8 over (6594167 <= k <= 6594267), with index condition: (sbtest8.k between 6594167 and 6594267)  (cost=50.7 rows=112)


for range-notcovered
table 1 : explain SELECT k, c FROM sbtest1 WHERE k BETWEEN 7571624 AND 7571724
	-> Index range scan on sbtest1 using k_1 over (7571624 <= k <= 7571724), with index condition: (sbtest1.k between 7571624 and 7571724)  (cost=45.7 rows=101)


table 2 : explain SELECT k, c FROM sbtest2 WHERE k BETWEEN 7571624 AND 7571724
	-> Index range scan on sbtest2 using k_2 over (7571624 <= k <= 7571724), with index condition: (sbtest2.k between 7571624 and 7571724)  (cost=49.8 rows=110)


table 3 : explain SELECT k, c FROM sbtest3 WHERE k BETWEEN 7571624 AND 7571724
	-> Index range scan on sbtest3 using k_3 over (7571624 <= k <= 7571724), with index condition: (sbtest3.k between 7571624 and 7571724)  (cost=40.3 rows=89)


table 4 : explain SELECT k, c FROM sbtest4 WHERE k BETWEEN 7571624 AND 7571724
	-> Index range scan on sbtest4 using k_4 over (7571624 <= k <= 7571724), with index condition: (sbtest4.k between 7571624 and 7571724)  (cost=48 rows=106)


table 5 : explain SELECT k, c FROM sbtest5 WHERE k BETWEEN 7571624 AND 7571724
	-> Index range scan on sbtest5 using k_5 over (7571624 <= k <= 7571724), with index condition: (sbtest5.k between 7571624 and 7571724)  (cost=49.3 rows=109)


table 6 : explain SELECT k, c FROM sbtest6 WHERE k BETWEEN 7571624 AND 7571724
	-> Index range scan on sbtest6 using k_6 over (7571624 <= k <= 7571724), with index condition: (sbtest6.k between 7571624 and 7571724)  (cost=49.3 rows=109)


table 7 : explain SELECT k, c FROM sbtest7 WHERE k BETWEEN 7571624 AND 7571724
	-> Index range scan on sbtest7 using k_7 over (7571624 <= k <= 7571724), with index condition: (sbtest7.k between 7571624 and 7571724)  (cost=41.2 rows=91)


table 8 : explain SELECT k, c FROM sbtest8 WHERE k BETWEEN 7571624 AND 7571724
	-> Index range scan on sbtest8 using k_8 over (7571624 <= k <= 7571724), with index condition: (sbtest8.k between 7571624 and 7571724)  (cost=44.4 rows=98)


for range-notcovered
table 1 : explain SELECT k, c FROM sbtest1 WHERE k BETWEEN 5160046 AND 5160146
	-> Index range scan on sbtest1 using k_1 over (5160046 <= k <= 5160146), with index condition: (sbtest1.k between 5160046 and 5160146)  (cost=45.7 rows=101)


table 2 : explain SELECT k, c FROM sbtest2 WHERE k BETWEEN 5160046 AND 5160146
	-> Index range scan on sbtest2 using k_2 over (5160046 <= k <= 5160146), with index condition: (sbtest2.k between 5160046 and 5160146)  (cost=51.1 rows=113)


table 3 : explain SELECT k, c FROM sbtest3 WHERE k BETWEEN 5160046 AND 5160146
	-> Index range scan on sbtest3 using k_3 over (5160046 <= k <= 5160146), with index condition: (sbtest3.k between 5160046 and 5160146)  (cost=49.8 rows=110)


table 4 : explain SELECT k, c FROM sbtest4 WHERE k BETWEEN 5160046 AND 5160146
	-> Index range scan on sbtest4 using k_4 over (5160046 <= k <= 5160146), with index condition: (sbtest4.k between 5160046 and 5160146)  (cost=53.4 rows=118)


table 5 : explain SELECT k, c FROM sbtest5 WHERE k BETWEEN 5160046 AND 5160146
	-> Index range scan on sbtest5 using k_5 over (5160046 <= k <= 5160146), with index condition: (sbtest5.k between 5160046 and 5160146)  (cost=47.1 rows=104)


table 6 : explain SELECT k, c FROM sbtest6 WHERE k BETWEEN 5160046 AND 5160146
	-> Index range scan on sbtest6 using k_6 over (5160046 <= k <= 5160146), with index condition: (sbtest6.k between 5160046 and 5160146)  (cost=43 rows=95)


table 7 : explain SELECT k, c FROM sbtest7 WHERE k BETWEEN 5160046 AND 5160146
	-> Index range scan on sbtest7 using k_7 over (5160046 <= k <= 5160146), with index condition: (sbtest7.k between 5160046 and 5160146)  (cost=44.4 rows=98)


table 8 : explain SELECT k, c FROM sbtest8 WHERE k BETWEEN 5160046 AND 5160146
	-> Index range scan on sbtest8 using k_8 over (5160046 <= k <= 5160146), with index condition: (sbtest8.k between 5160046 and 5160146)  (cost=45.7 rows=101)


explain: for range-notcovered :: explain SELECT k, c FROM sbtest%d WHERE k BETWEEN 6594167 AND 6594267for range-notcovered
table 1 : explain SELECT k, c FROM sbtest1 WHERE k BETWEEN 5232353 AND 5232453
	-> Index range scan on sbtest1 using k_1 over (5232353 <= k <= 5232453), with index condition: (sbtest1.k between 5232353 and 5232453)  (cost=31.3 rows=69)


table 2 : explain SELECT k, c FROM sbtest2 WHERE k BETWEEN 5232353 AND 5232453
	-> Index range scan on sbtest2 using k_2 over (5232353 <= k <= 5232453), with index condition: (sbtest2.k between 5232353 and 5232453)  (cost=49.8 rows=110)


table 3 : explain SELECT k, c FROM sbtest3 WHERE k BETWEEN 5232353 AND 5232453
	-> Index range scan on sbtest3 using k_3 over (5232353 <= k <= 5232453), with index condition: (sbtest3.k between 5232353 and 5232453)  (cost=47.5 rows=105)


table 4 : explain SELECT k, c FROM sbtest4 WHERE k BETWEEN 5232353 AND 5232453
	-> Index range scan on sbtest4 using k_4 over (5232353 <= k <= 5232453), with index condition: (sbtest4.k between 5232353 and 5232453)  (cost=43.5 rows=96)


table 5 : explain SELECT k, c FROM sbtest5 WHERE k BETWEEN 5232353 AND 5232453
	-> Index range scan on sbtest5 using k_5 over (5232353 <= k <= 5232453), with index condition: (sbtest5.k between 5232353 and 5232453)  (cost=56.1 rows=124)


table 6 : explain SELECT k, c FROM sbtest6 WHERE k BETWEEN 5232353 AND 5232453
	-> Index range scan on sbtest6 using k_6 over (5232353 <= k <= 5232453), with index condition: (sbtest6.k between 5232353 and 5232453)  (cost=45.7 rows=101)


table 7 : explain SELECT k, c FROM sbtest7 WHERE k BETWEEN 5232353 AND 5232453
	-> Index range scan on sbtest7 using k_7 over (5232353 <= k <= 5232453), with index condition: (sbtest7.k between 5232353 and 5232453)  (cost=50.2 rows=111)


table 8 : explain SELECT k, c FROM sbtest8 WHERE k BETWEEN 5232353 AND 5232453
	-> Index range scan on sbtest8 using k_8 over (5232353 <= k <= 5232453), with index condition: (sbtest8.k between 5232353 and 5232453)  (cost=40.3 rows=89)



for range-notcovered
table 1 : explain SELECT k, c FROM sbtest1 WHERE k BETWEEN 6955538 AND 6955638
	-> Index range scan on sbtest1 using k_1 over (6955538 <= k <= 6955638), with index condition: (sbtest1.k between 6955538 and 6955638)  (cost=39.9 rows=88)


table 2 : explain SELECT k, c FROM sbtest2 WHERE k BETWEEN 6955538 AND 6955638
	-> Index range scan on sbtest2 using k_2 over (6955538 <= k <= 6955638), with index condition: (sbtest2.k between 6955538 and 6955638)  (cost=47.5 rows=105)


table 3 : explain SELECT k, c FROM sbtest3 WHERE k BETWEEN 6955538 AND 6955638
	-> Index range scan on sbtest3 using k_3 over (6955538 <= k <= 6955638), with index condition: (sbtest3.k between 6955538 and 6955638)  (cost=49.3 rows=109)


table 4 : explain SELECT k, c FROM sbtest4 WHERE k BETWEEN 6955538 AND 6955638
	-> Index range scan on sbtest4 using k_4 over (6955538 <= k <= 6955638), with index condition: (sbtest4.k between 6955538 and 6955638)  (cost=51.1 rows=113)


table 5 : explain SELECT k, c FROM sbtest5 WHERE k BETWEEN 6955538 AND 6955638
	-> Index range scan on sbtest5 using k_5 over (6955538 <= k <= 6955638), with index condition: (sbtest5.k between 6955538 and 6955638)  (cost=50.2 rows=111)


table 6 : explain SELECT k, c FROM sbtest6 WHERE k BETWEEN 6955538 AND 6955638
	-> Index range scan on sbtest6 using k_6 over (6955538 <= k <= 6955638), with index condition: (sbtest6.k between 6955538 and 6955638)  (cost=44.4 rows=98)


table 7 : explain SELECT k, c FROM sbtest7 WHERE k BETWEEN 6955538 AND 6955638
	-> Index range scan on sbtest7 using k_7 over (6955538 <= k <= 6955638), with index condition: (sbtest7.k between 6955538 and 6955638)  (cost=42.1 rows=93)


table 8 : explain SELECT k, c FROM sbtest8 WHERE k BETWEEN 6955538 AND 6955638
	-> Index range scan on sbtest8 using k_8 over (6955538 <= k <= 6955638), with index condition: (sbtest8.k between 6955538 and 6955638)  (cost=47.5 rows=105)


for range-notcovered
table 1 : explain SELECT k, c FROM sbtest1 WHERE k BETWEEN 6458757 AND 6458857
	-> Index range scan on sbtest1 using k_1 over (6458757 <= k <= 6458857), with index condition: (sbtest1.k between 6458757 and 6458857)  (cost=43.9 rows=97)


table 2 : explain SELECT k, c FROM sbtest2 WHERE k BETWEEN 6458757 AND 6458857
	-> Index range scan on sbtest2 using k_2 over (6458757 <= k <= 6458857), with index condition: (sbtest2.k between 6458757 and 6458857)  (cost=51.1 rows=113)


table 3 : explain SELECT k, c FROM sbtest3 WHERE k BETWEEN 6458757 AND 6458857
	-> Index range scan on sbtest3 using k_3 over (6458757 <= k <= 6458857), with index condition: (sbtest3.k between 6458757 and 6458857)  (cost=46.2 rows=102)


table 4 : explain SELECT k, c FROM sbtest4 WHERE k BETWEEN 6458757 AND 6458857
	-> Index range scan on sbtest4 using k_4 over (6458757 <= k <= 6458857), with index condition: (sbtest4.k between 6458757 and 6458857)  (cost=43 rows=95)


table 5 : explain SELECT k, c FROM sbtest5 WHERE k BETWEEN 6458757 AND 6458857
	-> Index range scan on sbtest5 using k_5 over (6458757 <= k <= 6458857), with index condition: (sbtest5.k between 6458757 and 6458857)  (cost=40.8 rows=90)


table 6 : explain SELECT k, c FROM sbtest6 WHERE k BETWEEN 6458757 AND 6458857
	-> Index range scan on sbtest6 using k_6 over (6458757 <= k <= 6458857), with index condition: (sbtest6.k between 6458757 and 6458857)  (cost=39.9 rows=88)


table 7 : explain SELECT k, c FROM sbtest7 WHERE k BETWEEN 6458757 AND 6458857
	-> Index range scan on sbtest7 using k_7 over (6458757 <= k <= 6458857), with index condition: (sbtest7.k between 6458757 and 6458857)  (cost=54.7 rows=121)


table 8 : explain SELECT k, c FROM sbtest8 WHERE k BETWEEN 6458757 AND 6458857
	-> Index range scan on sbtest8 using k_8 over (6458757 <= k <= 6458857), with index condition: (sbtest8.k between 6458757 and 6458857)  (cost=42.1 rows=93)


for range-notcovered
table 1 : explain SELECT k, c FROM sbtest1 WHERE k BETWEEN 5335326 AND 5335426
	-> Index range scan on sbtest1 using k_1 over (5335326 <= k <= 5335426), with index condition: (sbtest1.k between 5335326 and 5335426)  (cost=47.1 rows=104)


table 2 : explain SELECT k, c FROM sbtest2 WHERE k BETWEEN 5335326 AND 5335426
	-> Index range scan on sbtest2 using k_2 over (5335326 <= k <= 5335426), with index condition: (sbtest2.k between 5335326 and 5335426)  (cost=47.1 rows=104)


table 3 : explain SELECT k, c FROM sbtest3 WHERE k BETWEEN 5335326 AND 5335426
	-> Index range scan on sbtest3 using k_3 over (5335326 <= k <= 5335426), with index condition: (sbtest3.k between 5335326 and 5335426)  (cost=41.7 rows=92)


table 4 : explain SELECT k, c FROM sbtest4 WHERE k BETWEEN 5335326 AND 5335426
	-> Index range scan on sbtest4 using k_4 over (5335326 <= k <= 5335426), with index condition: (sbtest4.k between 5335326 and 5335426)  (cost=50.7 rows=112)


table 5 : explain SELECT k, c FROM sbtest5 WHERE k BETWEEN 5335326 AND 5335426
	-> Index range scan on sbtest5 using k_5 over (5335326 <= k <= 5335426), with index condition: (sbtest5.k between 5335326 and 5335426)  (cost=43.5 rows=96)


table 6 : explain SELECT k, c FROM sbtest6 WHERE k BETWEEN 5335326 AND 5335426
	-> Index range scan on sbtest6 using k_6 over (5335326 <= k <= 5335426), with index condition: (sbtest6.k between 5335326 and 5335426)  (cost=48.4 rows=107)


table 7 : explain SELECT k, c FROM sbtest7 WHERE k BETWEEN 5335326 AND 5335426
	-> Index range scan on sbtest7 using k_7 over (5335326 <= k <= 5335426), with index condition: (sbtest7.k between 5335326 and 5335426)  (cost=42.1 rows=93)


table 8 : explain SELECT k, c FROM sbtest8 WHERE k BETWEEN 5335326 AND 5335426
	-> Index range scan on sbtest8 using k_8 over (5335326 <= k <= 5335426), with index condition: (sbtest8.k between 5335326 and 5335426)  (cost=48.4 rows=107)


for range-notcovered
table 1 : explain SELECT k, c FROM sbtest1 WHERE k BETWEEN 3016335 AND 3016435
	-> Index range scan on sbtest1 using k_1 over (3016335 <= k <= 3016435), with index condition: (sbtest1.k between 3016335 and 3016435)  (cost=38.1 rows=84)


table 2 : explain SELECT k, c FROM sbtest2 WHERE k BETWEEN 3016335 AND 3016435
	-> Index range scan on sbtest2 using k_2 over (3016335 <= k <= 3016435), with index condition: (sbtest2.k between 3016335 and 3016435)  (cost=43 rows=95)


table 3 : explain SELECT k, c FROM sbtest3 WHERE k BETWEEN 3016335 AND 3016435
	-> Index range scan on sbtest3 using k_3 over (3016335 <= k <= 3016435), with index condition: (sbtest3.k between 3016335 and 3016435)  (cost=38.1 rows=84)


table 4 : explain SELECT k, c FROM sbtest4 WHERE k BETWEEN 3016335 AND 3016435
	-> Index range scan on sbtest4 using k_4 over (3016335 <= k <= 3016435), with index condition: (sbtest4.k between 3016335 and 3016435)  (cost=46.2 rows=102)


table 5 : explain SELECT k, c FROM sbtest5 WHERE k BETWEEN 3016335 AND 3016435
	-> Index range scan on sbtest5 using k_5 over (3016335 <= k <= 3016435), with index condition: (sbtest5.k between 3016335 and 3016435)  (cost=35.4 rows=78)


table 6 : explain SELECT k, c FROM sbtest6 WHERE k BETWEEN 3016335 AND 3016435
	-> Index range scan on sbtest6 using k_6 over (3016335 <= k <= 3016435), with index condition: (sbtest6.k between 3016335 and 3016435)  (cost=32.7 rows=72)


table 7 : explain SELECT k, c FROM sbtest7 WHERE k BETWEEN 3016335 AND 3016435
	-> Index range scan on sbtest7 using k_7 over (3016335 <= k <= 3016435), with index condition: (sbtest7.k between 3016335 and 3016435)  (cost=49.8 rows=110)


table 8 : explain SELECT k, c FROM sbtest8 WHERE k BETWEEN 3016335 AND 3016435
	-> Index range scan on sbtest8 using k_8 over (3016335 <= k <= 3016435), with index condition: (sbtest8.k between 3016335 and 3016435)  (cost=42.6 rows=94)


for range-notcovered
table 1 : explain SELECT k, c FROM sbtest1 WHERE k BETWEEN 5941719 AND 5941819
	-> Index range scan on sbtest1 using k_1 over (5941719 <= k <= 5941819), with index condition: (sbtest1.k between 5941719 and 5941819)  (cost=48.4 rows=107)


table 2 : explain SELECT k, c FROM sbtest2 WHERE k BETWEEN 5941719 AND 5941819
	-> Index range scan on sbtest2 using k_2 over (5941719 <= k <= 5941819), with index condition: (sbtest2.k between 5941719 and 5941819)  (cost=41.7 rows=92)


table 3 : explain SELECT k, c FROM sbtest3 WHERE k BETWEEN 5941719 AND 5941819
	-> Index range scan on sbtest3 using k_3 over (5941719 <= k <= 5941819), with index condition: (sbtest3.k between 5941719 and 5941819)  (cost=45.7 rows=101)


table 4 : explain SELECT k, c FROM sbtest4 WHERE k BETWEEN 5941719 AND 5941819
	-> Index range scan on sbtest4 using k_4 over (5941719 <= k <= 5941819), with index condition: (sbtest4.k between 5941719 and 5941819)  (cost=44.4 rows=98)


table 5 : explain SELECT k, c FROM sbtest5 WHERE k BETWEEN 5941719 AND 5941819
	-> Index range scan on sbtest5 using k_5 over (5941719 <= k <= 5941819), with index condition: (sbtest5.k between 5941719 and 5941819)  (cost=48.4 rows=107)


table 6 : explain SELECT k, c FROM sbtest6 WHERE k BETWEEN 5941719 AND 5941819
	-> Index range scan on sbtest6 using k_6 over (5941719 <= k <= 5941819), with index condition: (sbtest6.k between 5941719 and 5941819)  (cost=43.5 rows=96)


table 7 : explain SELECT k, c FROM sbtest7 WHERE k BETWEEN 5941719 AND 5941819
	-> Index range scan on sbtest7 using k_7 over (5941719 <= k <= 5941819), with index condition: (sbtest7.k between 5941719 and 5941819)  (cost=47.1 rows=104)


table 8 : explain SELECT k, c FROM sbtest8 WHERE k BETWEEN 5941719 AND 5941819
	-> Index range scan on sbtest8 using k_8 over (5941719 <= k <= 5941819), with index condition: (sbtest8.k between 5941719 and 5941819)  (cost=46.6 rows=103)


for range-notcovered
table 1 : explain SELECT k, c FROM sbtest1 WHERE k BETWEEN 2219702 AND 2219802
	-> Index range scan on sbtest1 using k_1 over (2219702 <= k <= 2219802), with index condition: (sbtest1.k between 2219702 and 2219802)  (cost=40.3 rows=89)


table 2 : explain SELECT k, c FROM sbtest2 WHERE k BETWEEN 2219702 AND 2219802
	-> Index range scan on sbtest2 using k_2 over (2219702 <= k <= 2219802), with index condition: (sbtest2.k between 2219702 and 2219802)  (cost=53.4 rows=118)


table 3 : explain SELECT k, c FROM sbtest3 WHERE k BETWEEN 2219702 AND 2219802
	-> Index range scan on sbtest3 using k_3 over (2219702 <= k <= 2219802), with index condition: (sbtest3.k between 2219702 and 2219802)  (cost=47.5 rows=105)


table 4 : explain SELECT k, c FROM sbtest4 WHERE k BETWEEN 2219702 AND 2219802
	-> Index range scan on sbtest4 using k_4 over (2219702 <= k <= 2219802), with index condition: (sbtest4.k between 2219702 and 2219802)  (cost=50.2 rows=111)


table 5 : explain SELECT k, c FROM sbtest5 WHERE k BETWEEN 2219702 AND 2219802
	-> Index range scan on sbtest5 using k_5 over (2219702 <= k <= 2219802), with index condition: (sbtest5.k between 2219702 and 2219802)  (cost=46.2 rows=102)


table 6 : explain SELECT k, c FROM sbtest6 WHERE k BETWEEN 2219702 AND 2219802
	-> Index range scan on sbtest6 using k_6 over (2219702 <= k <= 2219802), with index condition: (sbtest6.k between 2219702 and 2219802)  (cost=42.6 rows=94)


table 7 : explain SELECT k, c FROM sbtest7 WHERE k BETWEEN 2219702 AND 2219802
	-> Index range scan on sbtest7 using k_7 over (2219702 <= k <= 2219802), with index condition: (sbtest7.k between 2219702 and 2219802)  (cost=49.8 rows=110)


table 8 : explain SELECT k, c FROM sbtest8 WHERE k BETWEEN 2219702 AND 2219802
	-> Index range scan on sbtest8 using k_8 over (2219702 <= k <= 2219802), with index condition: (sbtest8.k between 2219702 and 2219802)  (cost=46.2 rows=102)


explain: for range-notcovered :: explain SELECT k, c FROM sbtest%d WHERE k BETWEEN 5232353 AND 5232453
explain: for range-notcovered :: explain SELECT k, c FROM sbtest%d WHERE k BETWEEN 5335326 AND 5335426
explain: for range-notcovered :: explain SELECT k, c FROM sbtest%d WHERE k BETWEEN 2219702 AND 2219802
for range-notcovered
table 1 : explain SELECT k, c FROM sbtest1 WHERE k BETWEEN 4645412 AND 4645512
	-> Index range scan on sbtest1 using k_1 over (4645412 <= k <= 4645512), with index condition: (sbtest1.k between 4645412 and 4645512)  (cost=45.3 rows=100)


table 2 : explain SELECT k, c FROM sbtest2 WHERE k BETWEEN 4645412 AND 4645512
	-> Index range scan on sbtest2 using k_2 over (4645412 <= k <= 4645512), with index condition: (sbtest2.k between 4645412 and 4645512)  (cost=45.3 rows=100)


table 3 : explain SELECT k, c FROM sbtest3 WHERE k BETWEEN 4645412 AND 4645512
	-> Index range scan on sbtest3 using k_3 over (4645412 <= k <= 4645512), with index condition: (sbtest3.k between 4645412 and 4645512)  (cost=45.3 rows=100)


table 4 : explain SELECT k, c FROM sbtest4 WHERE k BETWEEN 4645412 AND 4645512
	-> Index range scan on sbtest4 using k_4 over (4645412 <= k <= 4645512), with index condition: (sbtest4.k between 4645412 and 4645512)  (cost=49.3 rows=109)


table 5 : explain SELECT k, c FROM sbtest5 WHERE k BETWEEN 4645412 AND 4645512
	-> Index range scan on sbtest5 using k_5 over (4645412 <= k <= 4645512), with index condition: (sbtest5.k between 4645412 and 4645512)  (cost=44.8 rows=99)


table 6 : explain SELECT k, c FROM sbtest6 WHERE k BETWEEN 4645412 AND 4645512
	-> Index range scan on sbtest6 using k_6 over (4645412 <= k <= 4645512), with index condition: (sbtest6.k between 4645412 and 4645512)  (cost=48.9 rows=108)


table 7 : explain SELECT k, c FROM sbtest7 WHERE k BETWEEN 4645412 AND 4645512
	-> Index range scan on sbtest7 using k_7 over (4645412 <= k <= 4645512), with index condition: (sbtest7.k between 4645412 and 4645512)  (cost=44.8 rows=99)


table 8 : explain SELECT k, c FROM sbtest8 WHERE k BETWEEN 4645412 AND 4645512
	-> Index range scan on sbtest8 using k_8 over (4645412 <= k <= 4645512), with index condition: (sbtest8.k between 4645412 and 4645512)  (cost=47.1 rows=104)


for range-notcovered
table 1 : explain SELECT k, c FROM sbtest1 WHERE k BETWEEN 909953 AND 910053
	-> Index range scan on sbtest1 using k_1 over (909953 <= k <= 910053), with index condition: (sbtest1.k between 909953 and 910053)  (cost=40.3 rows=89)


table 2 : explain SELECT k, c FROM sbtest2 WHERE k BETWEEN 909953 AND 910053
	-> Index range scan on sbtest2 using k_2 over (909953 <= k <= 910053), with index condition: (sbtest2.k between 909953 and 910053)  (cost=48.4 rows=107)


table 3 : explain SELECT k, c FROM sbtest3 WHERE k BETWEEN 909953 AND 910053
	-> Index range scan on sbtest3 using k_3 over (909953 <= k <= 910053), with index condition: (sbtest3.k between 909953 and 910053)  (cost=41.2 rows=91)


table 4 : explain SELECT k, c FROM sbtest4 WHERE k BETWEEN 909953 AND 910053
	-> Index range scan on sbtest4 using k_4 over (909953 <= k <= 910053), with index condition: (sbtest4.k between 909953 and 910053)  (cost=51.6 rows=114)


table 5 : explain SELECT k, c FROM sbtest5 WHERE k BETWEEN 909953 AND 910053
	-> Index range scan on sbtest5 using k_5 over (909953 <= k <= 910053), with index condition: (sbtest5.k between 909953 and 910053)  (cost=47.5 rows=105)


table 6 : explain SELECT k, c FROM sbtest6 WHERE k BETWEEN 909953 AND 910053
	-> Index range scan on sbtest6 using k_6 over (909953 <= k <= 910053), with index condition: (sbtest6.k between 909953 and 910053)  (cost=43 rows=95)


table 7 : explain SELECT k, c FROM sbtest7 WHERE k BETWEEN 909953 AND 910053
	-> Index range scan on sbtest7 using k_7 over (909953 <= k <= 910053), with index condition: (sbtest7.k between 909953 and 910053)  (cost=47.1 rows=104)


table 8 : explain SELECT k, c FROM sbtest8 WHERE k BETWEEN 909953 AND 910053
	-> Index range scan on sbtest8 using k_8 over (909953 <= k <= 910053), with index condition: (sbtest8.k between 909953 and 910053)  (cost=47.1 rows=104)


explain: for range-notcovered :: explain SELECT k, c FROM sbtest%d WHERE k BETWEEN 4645412 AND 4645512
for range-notcovered
table 1 : explain SELECT k, c FROM sbtest1 WHERE k BETWEEN 3918349 AND 3918449
	-> Index range scan on sbtest1 using k_1 over (3918349 <= k <= 3918449), with index condition: (sbtest1.k between 3918349 and 3918449)  (cost=44.8 rows=99)


table 2 : explain SELECT k, c FROM sbtest2 WHERE k BETWEEN 3918349 AND 3918449
	-> Index range scan on sbtest2 using k_2 over (3918349 <= k <= 3918449), with index condition: (sbtest2.k between 3918349 and 3918449)  (cost=47.5 rows=105)


table 3 : explain SELECT k, c FROM sbtest3 WHERE k BETWEEN 3918349 AND 3918449
	-> Index range scan on sbtest3 using k_3 over (3918349 <= k <= 3918449), with index condition: (sbtest3.k between 3918349 and 3918449)  (cost=44.4 rows=98)


table 4 : explain SELECT k, c FROM sbtest4 WHERE k BETWEEN 3918349 AND 3918449
	-> Index range scan on sbtest4 using k_4 over (3918349 <= k <= 3918449), with index condition: (sbtest4.k between 3918349 and 3918449)  (cost=47.1 rows=104)


table 5 : explain SELECT k, c FROM sbtest5 WHERE k BETWEEN 3918349 AND 3918449
	-> Index range scan on sbtest5 using k_5 over (3918349 <= k <= 3918449), with index condition: (sbtest5.k between 3918349 and 3918449)  (cost=48 rows=106)


table 6 : explain SELECT k, c FROM sbtest6 WHERE k BETWEEN 3918349 AND 3918449
	-> Index range scan on sbtest6 using k_6 over (3918349 <= k <= 3918449), with index condition: (sbtest6.k between 3918349 and 3918449)  (cost=38.1 rows=84)


table 7 : explain SELECT k, c FROM sbtest7 WHERE k BETWEEN 3918349 AND 3918449
	-> Index range scan on sbtest7 using k_7 over (3918349 <= k <= 3918449), with index condition: (sbtest7.k between 3918349 and 3918449)  (cost=43 rows=95)


table 8 : explain SELECT k, c FROM sbtest8 WHERE k BETWEEN 3918349 AND 3918449
	-> Index range scan on sbtest8 using k_8 over (3918349 <= k <= 3918449), with index condition: (sbtest8.k between 3918349 and 3918449)  (cost=48.4 rows=107)


for range-notcovered
table 1 : explain SELECT k, c FROM sbtest1 WHERE k BETWEEN 2584412 AND 2584512
	-> Index range scan on sbtest1 using k_1 over (2584412 <= k <= 2584512), with index condition: (sbtest1.k between 2584412 and 2584512)  (cost=57.9 rows=128)


table 2 : explain SELECT k, c FROM sbtest2 WHERE k BETWEEN 2584412 AND 2584512
	-> Index range scan on sbtest2 using k_2 over (2584412 <= k <= 2584512), with index condition: (sbtest2.k between 2584412 and 2584512)  (cost=40.3 rows=89)


table 3 : explain SELECT k, c FROM sbtest3 WHERE k BETWEEN 2584412 AND 2584512
	-> Index range scan on sbtest3 using k_3 over (2584412 <= k <= 2584512), with index condition: (sbtest3.k between 2584412 and 2584512)  (cost=38.5 rows=85)


table 4 : explain SELECT k, c FROM sbtest4 WHERE k BETWEEN 2584412 AND 2584512
	-> Index range scan on sbtest4 using k_4 over (2584412 <= k <= 2584512), with index condition: (sbtest4.k between 2584412 and 2584512)  (cost=48.4 rows=107)


table 5 : explain SELECT k, c FROM sbtest5 WHERE k BETWEEN 2584412 AND 2584512
	-> Index range scan on sbtest5 using k_5 over (2584412 <= k <= 2584512), with index condition: (sbtest5.k between 2584412 and 2584512)  (cost=52 rows=115)


table 6 : explain SELECT k, c FROM sbtest6 WHERE k BETWEEN 2584412 AND 2584512
	-> Index range scan on sbtest6 using k_6 over (2584412 <= k <= 2584512), with index condition: (sbtest6.k between 2584412 and 2584512)  (cost=51.1 rows=113)


table 7 : explain SELECT k, c FROM sbtest7 WHERE k BETWEEN 2584412 AND 2584512
	-> Index range scan on sbtest7 using k_7 over (2584412 <= k <= 2584512), with index condition: (sbtest7.k between 2584412 and 2584512)  (cost=40.8 rows=90)


table 8 : explain SELECT k, c FROM sbtest8 WHERE k BETWEEN 2584412 AND 2584512
	-> Index range scan on sbtest8 using k_8 over (2584412 <= k <= 2584512), with index condition: (sbtest8.k between 2584412 and 2584512)  (cost=52.9 rows=117)


for range-notcovered
table 1 : explain SELECT k, c FROM sbtest1 WHERE k BETWEEN 8996302 AND 8996402
	-> Index range scan on sbtest1 using k_1 over (8996302 <= k <= 8996402), with index condition: (sbtest1.k between 8996302 and 8996402)  (cost=40.3 rows=89)


table 2 : explain SELECT k, c FROM sbtest2 WHERE k BETWEEN 8996302 AND 8996402
	-> Index range scan on sbtest2 using k_2 over (8996302 <= k <= 8996402), with index condition: (sbtest2.k between 8996302 and 8996402)  (cost=50.7 rows=112)


table 3 : explain SELECT k, c FROM sbtest3 WHERE k BETWEEN 8996302 AND 8996402
	-> Index range scan on sbtest3 using k_3 over (8996302 <= k <= 8996402), with index condition: (sbtest3.k between 8996302 and 8996402)  (cost=48.9 rows=108)


table 4 : explain SELECT k, c FROM sbtest4 WHERE k BETWEEN 8996302 AND 8996402
	-> Index range scan on sbtest4 using k_4 over (8996302 <= k <= 8996402), with index condition: (sbtest4.k between 8996302 and 8996402)  (cost=42.6 rows=94)


table 5 : explain SELECT k, c FROM sbtest5 WHERE k BETWEEN 8996302 AND 8996402
	-> Index range scan on sbtest5 using k_5 over (8996302 <= k <= 8996402), with index condition: (sbtest5.k between 8996302 and 8996402)  (cost=46.6 rows=103)


table 6 : explain SELECT k, c FROM sbtest6 WHERE k BETWEEN 8996302 AND 8996402
	-> Index range scan on sbtest6 using k_6 over (8996302 <= k <= 8996402), with index condition: (sbtest6.k between 8996302 and 8996402)  (cost=48.4 rows=107)


table 7 : explain SELECT k, c FROM sbtest7 WHERE k BETWEEN 8996302 AND 8996402
	-> Index range scan on sbtest7 using k_7 over (8996302 <= k <= 8996402), with index condition: (sbtest7.k between 8996302 and 8996402)  (cost=48.9 rows=108)


table 8 : explain SELECT k, c FROM sbtest8 WHERE k BETWEEN 8996302 AND 8996402
	-> Index range scan on sbtest8 using k_8 over (8996302 <= k <= 8996402), with index condition: (sbtest8.k between 8996302 and 8996402)  (cost=41.2 rows=91)


for range-notcovered
table 1 : explain SELECT k, c FROM sbtest1 WHERE k BETWEEN 4784591 AND 4784691
	-> Index range scan on sbtest1 using k_1 over (4784591 <= k <= 4784691), with index condition: (sbtest1.k between 4784591 and 4784691)  (cost=43.5 rows=96)


table 2 : explain SELECT k, c FROM sbtest2 WHERE k BETWEEN 4784591 AND 4784691
	-> Index range scan on sbtest2 using k_2 over (4784591 <= k <= 4784691), with index condition: (sbtest2.k between 4784591 and 4784691)  (cost=52.9 rows=117)


table 3 : explain SELECT k, c FROM sbtest3 WHERE k BETWEEN 4784591 AND 4784691
	-> Index range scan on sbtest3 using k_3 over (4784591 <= k <= 4784691), with index condition: (sbtest3.k between 4784591 and 4784691)  (cost=42.1 rows=93)


table 4 : explain SELECT k, c FROM sbtest4 WHERE k BETWEEN 4784591 AND 4784691
	-> Index range scan on sbtest4 using k_4 over (4784591 <= k <= 4784691), with index condition: (sbtest4.k between 4784591 and 4784691)  (cost=44.4 rows=98)


table 5 : explain SELECT k, c FROM sbtest5 WHERE k BETWEEN 4784591 AND 4784691
	-> Index range scan on sbtest5 using k_5 over (4784591 <= k <= 4784691), with index condition: (sbtest5.k between 4784591 and 4784691)  (cost=39.4 rows=87)


table 6 : explain SELECT k, c FROM sbtest6 WHERE k BETWEEN 4784591 AND 4784691
	-> Index range scan on sbtest6 using k_6 over (4784591 <= k <= 4784691), with index condition: (sbtest6.k between 4784591 and 4784691)  (cost=48.4 rows=107)


table 7 : explain SELECT k, c FROM sbtest7 WHERE k BETWEEN 4784591 AND 4784691
	-> Index range scan on sbtest7 using k_7 over (4784591 <= k <= 4784691), with index condition: (sbtest7.k between 4784591 and 4784691)  (cost=48 rows=106)


table 8 : explain SELECT k, c FROM sbtest8 WHERE k BETWEEN 4784591 AND 4784691
	-> Index range scan on sbtest8 using k_8 over (4784591 <= k <= 4784691), with index condition: (sbtest8.k between 4784591 and 4784691)  (cost=42.6 rows=94)


for range-notcovered
table 1 : explain SELECT k, c FROM sbtest1 WHERE k BETWEEN 7014826 AND 7014926
	-> Index range scan on sbtest1 using k_1 over (7014826 <= k <= 7014926), with index condition: (sbtest1.k between 7014826 and 7014926)  (cost=43 rows=95)


table 2 : explain SELECT k, c FROM sbtest2 WHERE k BETWEEN 7014826 AND 7014926
	-> Index range scan on sbtest2 using k_2 over (7014826 <= k <= 7014926), with index condition: (sbtest2.k between 7014826 and 7014926)  (cost=46.2 rows=102)


table 3 : explain SELECT k, c FROM sbtest3 WHERE k BETWEEN 7014826 AND 7014926
	-> Index range scan on sbtest3 using k_3 over (7014826 <= k <= 7014926), with index condition: (sbtest3.k between 7014826 and 7014926)  (cost=52 rows=115)


table 4 : explain SELECT k, c FROM sbtest4 WHERE k BETWEEN 7014826 AND 7014926
	-> Index range scan on sbtest4 using k_4 over (7014826 <= k <= 7014926), with index condition: (sbtest4.k between 7014826 and 7014926)  (cost=42.6 rows=94)


table 5 : explain SELECT k, c FROM sbtest5 WHERE k BETWEEN 7014826 AND 7014926
	-> Index range scan on sbtest5 using k_5 over (7014826 <= k <= 7014926), with index condition: (sbtest5.k between 7014826 and 7014926)  (cost=48 rows=106)


table 6 : explain SELECT k, c FROM sbtest6 WHERE k BETWEEN 7014826 AND 7014926
	-> Index range scan on sbtest6 using k_6 over (7014826 <= k <= 7014926), with index condition: (sbtest6.k between 7014826 and 7014926)  (cost=45.7 rows=101)


table 7 : explain SELECT k, c FROM sbtest7 WHERE k BETWEEN 7014826 AND 7014926
	-> Index range scan on sbtest7 using k_7 over (7014826 <= k <= 7014926), with index condition: (sbtest7.k between 7014826 and 7014926)  (cost=45.3 rows=100)


table 8 : explain SELECT k, c FROM sbtest8 WHERE k BETWEEN 7014826 AND 7014926
	-> Index range scan on sbtest8 using k_8 over (7014826 <= k <= 7014926), with index condition: (sbtest8.k between 7014826 and 7014926)  (cost=46.2 rows=102)


for range-notcovered
table 1 : explain SELECT k, c FROM sbtest1 WHERE k BETWEEN 5091041 AND 5091141
	-> Index range scan on sbtest1 using k_1 over (5091041 <= k <= 5091141), with index condition: (sbtest1.k between 5091041 and 5091141)  (cost=44.8 rows=99)


table 2 : explain SELECT k, c FROM sbtest2 WHERE k BETWEEN 5091041 AND 5091141
	-> Index range scan on sbtest2 using k_2 over (5091041 <= k <= 5091141), with index condition: (sbtest2.k between 5091041 and 5091141)  (cost=48 rows=106)


table 3 : explain SELECT k, c FROM sbtest3 WHERE k BETWEEN 5091041 AND 5091141
	-> Index range scan on sbtest3 using k_3 over (5091041 <= k <= 5091141), with index condition: (sbtest3.k between 5091041 and 5091141)  (cost=42.6 rows=94)


table 4 : explain SELECT k, c FROM sbtest4 WHERE k BETWEEN 5091041 AND 5091141
	-> Index range scan on sbtest4 using k_4 over (5091041 <= k <= 5091141), with index condition: (sbtest4.k between 5091041 and 5091141)  (cost=40.8 rows=90)


table 5 : explain SELECT k, c FROM sbtest5 WHERE k BETWEEN 5091041 AND 5091141
	-> Index range scan on sbtest5 using k_5 over (5091041 <= k <= 5091141), with index condition: (sbtest5.k between 5091041 and 5091141)  (cost=44.4 rows=98)


table 6 : explain SELECT k, c FROM sbtest6 WHERE k BETWEEN 5091041 AND 5091141
	-> Index range scan on sbtest6 using k_6 over (5091041 <= k <= 5091141), with index condition: (sbtest6.k between 5091041 and 5091141)  (cost=48.4 rows=107)


table 7 : explain SELECT k, c FROM sbtest7 WHERE k BETWEEN 5091041 AND 5091141
	-> Index range scan on sbtest7 using k_7 over (5091041 <= k <= 5091141), with index condition: (sbtest7.k between 5091041 and 5091141)  (cost=43.5 rows=96)


table 8 : explain SELECT k, c FROM sbtest8 WHERE k BETWEEN 5091041 AND 5091141
	-> Index range scan on sbtest8 using k_8 over (5091041 <= k <= 5091141), with index condition: (sbtest8.k between 5091041 and 5091141)  (cost=42.1 rows=93)


for range-notcovered
table 1 : explain SELECT k, c FROM sbtest1 WHERE k BETWEEN 4593795 AND 4593895
	-> Index range scan on sbtest1 using k_1 over (4593795 <= k <= 4593895), with index condition: (sbtest1.k between 4593795 and 4593895)  (cost=45.3 rows=100)


table 2 : explain SELECT k, c FROM sbtest2 WHERE k BETWEEN 4593795 AND 4593895
	-> Index range scan on sbtest2 using k_2 over (4593795 <= k <= 4593895), with index condition: (sbtest2.k between 4593795 and 4593895)  (cost=42.6 rows=94)


table 3 : explain SELECT k, c FROM sbtest3 WHERE k BETWEEN 4593795 AND 4593895
	-> Index range scan on sbtest3 using k_3 over (4593795 <= k <= 4593895), with index condition: (sbtest3.k between 4593795 and 4593895)  (cost=47.5 rows=105)


table 4 : explain SELECT k, c FROM sbtest4 WHERE k BETWEEN 4593795 AND 4593895
	-> Index range scan on sbtest4 using k_4 over (4593795 <= k <= 4593895), with index condition: (sbtest4.k between 4593795 and 4593895)  (cost=49.3 rows=109)


table 5 : explain SELECT k, c FROM sbtest5 WHERE k BETWEEN 4593795 AND 4593895
	-> Index range scan on sbtest5 using k_5 over (4593795 <= k <= 4593895), with index condition: (sbtest5.k between 4593795 and 4593895)  (cost=44.4 rows=98)


table 6 : explain SELECT k, c FROM sbtest6 WHERE k BETWEEN 4593795 AND 4593895
	-> Index range scan on sbtest6 using k_6 over (4593795 <= k <= 4593895), with index condition: (sbtest6.k between 4593795 and 4593895)  (cost=43.9 rows=97)


table 7 : explain SELECT k, c FROM sbtest7 WHERE k BETWEEN 4593795 AND 4593895
	-> Index range scan on sbtest7 using k_7 over (4593795 <= k <= 4593895), with index condition: (sbtest7.k between 4593795 and 4593895)  (cost=47.1 rows=104)


table 8 : explain SELECT k, c FROM sbtest8 WHERE k BETWEEN 4593795 AND 4593895
	-> Index range scan on sbtest8 using k_8 over (4593795 <= k <= 4593895), with index condition: (sbtest8.k between 4593795 and 4593895)  (cost=45.7 rows=101)


for range-notcovered
table 1 : explain SELECT k, c FROM sbtest1 WHERE k BETWEEN 2291520 AND 2291620
	-> Index range scan on sbtest1 using k_1 over (2291520 <= k <= 2291620), with index condition: (sbtest1.k between 2291520 and 2291620)  (cost=47.1 rows=104)


table 2 : explain SELECT k, c FROM sbtest2 WHERE k BETWEEN 2291520 AND 2291620
	-> Index range scan on sbtest2 using k_2 over (2291520 <= k <= 2291620), with index condition: (sbtest2.k between 2291520 and 2291620)  (cost=45.3 rows=100)


table 3 : explain SELECT k, c FROM sbtest3 WHERE k BETWEEN 2291520 AND 2291620
	-> Index range scan on sbtest3 using k_3 over (2291520 <= k <= 2291620), with index condition: (sbtest3.k between 2291520 and 2291620)  (cost=47.5 rows=105)


table 4 : explain SELECT k, c FROM sbtest4 WHERE k BETWEEN 2291520 AND 2291620
	-> Index range scan on sbtest4 using k_4 over (2291520 <= k <= 2291620), with index condition: (sbtest4.k between 2291520 and 2291620)  (cost=45.7 rows=101)


table 5 : explain SELECT k, c FROM sbtest5 WHERE k BETWEEN 2291520 AND 2291620
	-> Index range scan on sbtest5 using k_5 over (2291520 <= k <= 2291620), with index condition: (sbtest5.k between 2291520 and 2291620)  (cost=47.5 rows=105)


table 6 : explain SELECT k, c FROM sbtest6 WHERE k BETWEEN 2291520 AND 2291620
	-> Index range scan on sbtest6 using k_6 over (2291520 <= k <= 2291620), with index condition: (sbtest6.k between 2291520 and 2291620)  (cost=47.5 rows=105)


table 7 : explain SELECT k, c FROM sbtest7 WHERE k BETWEEN 2291520 AND 2291620
	-> Index range scan on sbtest7 using k_7 over (2291520 <= k <= 2291620), with index condition: (sbtest7.k between 2291520 and 2291620)  (cost=46.6 rows=103)


table 8 : explain SELECT k, c FROM sbtest8 WHERE k BETWEEN 2291520 AND 2291620
	-> Index range scan on sbtest8 using k_8 over (2291520 <= k <= 2291620), with index condition: (sbtest8.k between 2291520 and 2291620)  (cost=43 rows=95)


explain: for range-notcovered :: explain SELECT k, c FROM sbtest%d WHERE k BETWEEN 8996302 AND 8996402
explain: for range-notcovered :: explain SELECT k, c FROM sbtest%d WHERE k BETWEEN 4784591 AND 4784691
for range-notcovered
table 1 : explain SELECT k, c FROM sbtest1 WHERE k BETWEEN 1233980 AND 1234080
	-> Index range scan on sbtest1 using k_1 over (1233980 <= k <= 1234080), with index condition: (sbtest1.k between 1233980 and 1234080)  (cost=48 rows=106)


table 2 : explain SELECT k, c FROM sbtest2 WHERE k BETWEEN 1233980 AND 1234080
	-> Index range scan on sbtest2 using k_2 over (1233980 <= k <= 1234080), with index condition: (sbtest2.k between 1233980 and 1234080)  (cost=46.2 rows=102)


table 3 : explain SELECT k, c FROM sbtest3 WHERE k BETWEEN 1233980 AND 1234080
	-> Index range scan on sbtest3 using k_3 over (1233980 <= k <= 1234080), with index condition: (sbtest3.k between 1233980 and 1234080)  (cost=45.3 rows=100)


table 4 : explain SELECT k, c FROM sbtest4 WHERE k BETWEEN 1233980 AND 1234080
	-> Index range scan on sbtest4 using k_4 over (1233980 <= k <= 1234080), with index condition: (sbtest4.k between 1233980 and 1234080)  (cost=48.9 rows=108)


table 5 : explain SELECT k, c FROM sbtest5 WHERE k BETWEEN 1233980 AND 1234080
	-> Index range scan on sbtest5 using k_5 over (1233980 <= k <= 1234080), with index condition: (sbtest5.k between 1233980 and 1234080)  (cost=37.2 rows=82)


table 6 : explain SELECT k, c FROM sbtest6 WHERE k BETWEEN 1233980 AND 1234080
	-> Index range scan on sbtest6 using k_6 over (1233980 <= k <= 1234080), with index condition: (sbtest6.k between 1233980 and 1234080)  (cost=55.2 rows=122)


table 7 : explain SELECT k, c FROM sbtest7 WHERE k BETWEEN 1233980 AND 1234080
	-> Index range scan on sbtest7 using k_7 over (1233980 <= k <= 1234080), with index condition: (sbtest7.k between 1233980 and 1234080)  (cost=47.1 rows=104)


table 8 : explain SELECT k, c FROM sbtest8 WHERE k BETWEEN 1233980 AND 1234080
	-> Index range scan on sbtest8 using k_8 over (1233980 <= k <= 1234080), with index condition: (sbtest8.k between 1233980 and 1234080)  (cost=49.3 rows=109)


explain: for range-notcovered :: explain SELECT k, c FROM sbtest%d WHERE k BETWEEN 5091041 AND 5091141
for range-notcovered
table 1 : explain SELECT k, c FROM sbtest1 WHERE k BETWEEN 4143083 AND 4143183
	-> Index range scan on sbtest1 using k_1 over (4143083 <= k <= 4143183), with index condition: (sbtest1.k between 4143083 and 4143183)  (cost=46.6 rows=103)


table 2 : explain SELECT k, c FROM sbtest2 WHERE k BETWEEN 4143083 AND 4143183
	-> Index range scan on sbtest2 using k_2 over (4143083 <= k <= 4143183), with index condition: (sbtest2.k between 4143083 and 4143183)  (cost=37.6 rows=83)


table 3 : explain SELECT k, c FROM sbtest3 WHERE k BETWEEN 4143083 AND 4143183
	-> Index range scan on sbtest3 using k_3 over (4143083 <= k <= 4143183), with index condition: (sbtest3.k between 4143083 and 4143183)  (cost=46.6 rows=103)


table 4 : explain SELECT k, c FROM sbtest4 WHERE k BETWEEN 4143083 AND 4143183
	-> Index range scan on sbtest4 using k_4 over (4143083 <= k <= 4143183), with index condition: (sbtest4.k between 4143083 and 4143183)  (cost=49.3 rows=109)


table 5 : explain SELECT k, c FROM sbtest5 WHERE k BETWEEN 4143083 AND 4143183
	-> Index range scan on sbtest5 using k_5 over (4143083 <= k <= 4143183), with index condition: (sbtest5.k between 4143083 and 4143183)  (cost=56.1 rows=124)


table 6 : explain SELECT k, c FROM sbtest6 WHERE k BETWEEN 4143083 AND 4143183
	-> Index range scan on sbtest6 using k_6 over (4143083 <= k <= 4143183), with index condition: (sbtest6.k between 4143083 and 4143183)  (cost=48.9 rows=108)


table 7 : explain SELECT k, c FROM sbtest7 WHERE k BETWEEN 4143083 AND 4143183
	-> Index range scan on sbtest7 using k_7 over (4143083 <= k <= 4143183), with index condition: (sbtest7.k between 4143083 and 4143183)  (cost=43.5 rows=96)


table 8 : explain SELECT k, c FROM sbtest8 WHERE k BETWEEN 4143083 AND 4143183
	-> Index range scan on sbtest8 using k_8 over (4143083 <= k <= 4143183), with index condition: (sbtest8.k between 4143083 and 4143183)  (cost=43.5 rows=96)

for range-notcovered
table 1 : explain SELECT k, c FROM sbtest1 WHERE k BETWEEN 5322439 AND 5322539
	-> Index range scan on sbtest1 using k_1 over (5322439 <= k <= 5322539), with index condition: (sbtest1.k between 5322439 and 5322539)  (cost=43.9 rows=97)


table 2 : explain SELECT k, c FROM sbtest2 WHERE k BETWEEN 5322439 AND 5322539
	-> Index range scan on sbtest2 using k_2 over (5322439 <= k <= 5322539), with index condition: (sbtest2.k between 5322439 and 5322539)  (cost=40.3 rows=89)


table 3 : explain SELECT k, c FROM sbtest3 WHERE k BETWEEN 5322439 AND 5322539
	-> Index range scan on sbtest3 using k_3 over (5322439 <= k <= 5322539), with index condition: (sbtest3.k between 5322439 and 5322539)  (cost=38.1 rows=84)


table 4 : explain SELECT k, c FROM sbtest4 WHERE k BETWEEN 5322439 AND 5322539
	-> Index range scan on sbtest4 using k_4 over (5322439 <= k <= 5322539), with index condition: (sbtest4.k between 5322439 and 5322539)  (cost=51.6 rows=114)


table 5 : explain SELECT k, c FROM sbtest5 WHERE k BETWEEN 5322439 AND 5322539
	-> Index range scan on sbtest5 using k_5 over (5322439 <= k <= 5322539), with index condition: (sbtest5.k between 5322439 and 5322539)  (cost=37.6 rows=83)


table 6 : explain SELECT k, c FROM sbtest6 WHERE k BETWEEN 5322439 AND 5322539
	-> Index range scan on sbtest6 using k_6 over (5322439 <= k <= 5322539), with index condition: (sbtest6.k between 5322439 and 5322539)  (cost=48.4 rows=107)


table 7 : explain SELECT k, c FROM sbtest7 WHERE k BETWEEN 5322439 AND 5322539
	-> Index range scan on sbtest7 using k_7 over (5322439 <= k <= 5322539), with index condition: (sbtest7.k between 5322439 and 5322539)  (cost=46.6 rows=103)


table 8 : explain SELECT k, c FROM sbtest8 WHERE k BETWEEN 5322439 AND 5322539
	-> Index range scan on sbtest8 using k_8 over (5322439 <= k <= 5322539), with index condition: (sbtest8.k between 5322439 and 5322539)  (cost=46.6 rows=103)

for range-notcovered
table 1 : explain SELECT k, c FROM sbtest1 WHERE k BETWEEN 3209445 AND 3209545
	-> Index range scan on sbtest1 using k_1 over (3209445 <= k <= 3209545), with index condition: (sbtest1.k between 3209445 and 3209545)  (cost=39 rows=86)


table 2 : explain SELECT k, c FROM sbtest2 WHERE k BETWEEN 3209445 AND 3209545
	-> Index range scan on sbtest2 using k_2 over (3209445 <= k <= 3209545), with index condition: (sbtest2.k between 3209445 and 3209545)  (cost=52.5 rows=116)


table 3 : explain SELECT k, c FROM sbtest3 WHERE k BETWEEN 3209445 AND 3209545
	-> Index range scan on sbtest3 using k_3 over (3209445 <= k <= 3209545), with index condition: (sbtest3.k between 3209445 and 3209545)  (cost=47.5 rows=105)


table 4 : explain SELECT k, c FROM sbtest4 WHERE k BETWEEN 3209445 AND 3209545
	-> Index range scan on sbtest4 using k_4 over (3209445 <= k <= 3209545), with index condition: (sbtest4.k between 3209445 and 3209545)  (cost=43 rows=95)


table 5 : explain SELECT k, c FROM sbtest5 WHERE k BETWEEN 3209445 AND 3209545
	-> Index range scan on sbtest5 using k_5 over (3209445 <= k <= 3209545), with index condition: (sbtest5.k between 3209445 and 3209545)  (cost=45.7 rows=101)


table 6 : explain SELECT k, c FROM sbtest6 WHERE k BETWEEN 3209445 AND 3209545
	-> Index range scan on sbtest6 using k_6 over (3209445 <= k <= 3209545), with index condition: (sbtest6.k between 3209445 and 3209545)  (cost=38.1 rows=84)


table 7 : explain SELECT k, c FROM sbtest7 WHERE k BETWEEN 3209445 AND 3209545
	-> Index range scan on sbtest7 using k_7 over (3209445 <= k <= 3209545), with index condition: (sbtest7.k between 3209445 and 3209545)  (cost=52.9 rows=117)


table 8 : explain SELECT k, c FROM sbtest8 WHERE k BETWEEN 3209445 AND 3209545
	-> Index range scan on sbtest8 using k_8 over (3209445 <= k <= 3209545), with index condition: (sbtest8.k between 3209445 and 3209545)  (cost=49.3 rows=109)


for range-notcovered
table 1 : explain SELECT k, c FROM sbtest1 WHERE k BETWEEN 9009088 AND 9009188
	-> Index range scan on sbtest1 using k_1 over (9009088 <= k <= 9009188), with index condition: (sbtest1.k between 9009088 and 9009188)  (cost=51.6 rows=114)


table 2 : explain SELECT k, c FROM sbtest2 WHERE k BETWEEN 9009088 AND 9009188
	-> Index range scan on sbtest2 using k_2 over (9009088 <= k <= 9009188), with index condition: (sbtest2.k between 9009088 and 9009188)  (cost=54.3 rows=120)


table 3 : explain SELECT k, c FROM sbtest3 WHERE k BETWEEN 9009088 AND 9009188
	-> Index range scan on sbtest3 using k_3 over (9009088 <= k <= 9009188), with index condition: (sbtest3.k between 9009088 and 9009188)  (cost=54.3 rows=120)


table 4 : explain SELECT k, c FROM sbtest4 WHERE k BETWEEN 9009088 AND 9009188
	-> Index range scan on sbtest4 using k_4 over (9009088 <= k <= 9009188), with index condition: (sbtest4.k between 9009088 and 9009188)  (cost=44.8 rows=99)


table 5 : explain SELECT k, c FROM sbtest5 WHERE k BETWEEN 9009088 AND 9009188
	-> Index range scan on sbtest5 using k_5 over (9009088 <= k <= 9009188), with index condition: (sbtest5.k between 9009088 and 9009188)  (cost=42.6 rows=94)


table 6 : explain SELECT k, c FROM sbtest6 WHERE k BETWEEN 9009088 AND 9009188
	-> Index range scan on sbtest6 using k_6 over (9009088 <= k <= 9009188), with index condition: (sbtest6.k between 9009088 and 9009188)  (cost=35.8 rows=79)


table 7 : explain SELECT k, c FROM sbtest7 WHERE k BETWEEN 9009088 AND 9009188
	-> Index range scan on sbtest7 using k_7 over (9009088 <= k <= 9009188), with index condition: (sbtest7.k between 9009088 and 9009188)  (cost=38.5 rows=85)


table 8 : explain SELECT k, c FROM sbtest8 WHERE k BETWEEN 9009088 AND 9009188
	-> Index range scan on sbtest8 using k_8 over (9009088 <= k <= 9009188), with index condition: (sbtest8.k between 9009088 and 9009188)  (cost=44.8 rows=99)



for range-notcovered
table 1 : explain SELECT k, c FROM sbtest1 WHERE k BETWEEN 1708641 AND 1708741
	-> Index range scan on sbtest1 using k_1 over (1708641 <= k <= 1708741), with index condition: (sbtest1.k between 1708641 and 1708741)  (cost=45.3 rows=100)


table 2 : explain SELECT k, c FROM sbtest2 WHERE k BETWEEN 1708641 AND 1708741
	-> Index range scan on sbtest2 using k_2 over (1708641 <= k <= 1708741), with index condition: (sbtest2.k between 1708641 and 1708741)  (cost=45.7 rows=101)


table 3 : explain SELECT k, c FROM sbtest3 WHERE k BETWEEN 1708641 AND 1708741
	-> Index range scan on sbtest3 using k_3 over (1708641 <= k <= 1708741), with index condition: (sbtest3.k between 1708641 and 1708741)  (cost=40.3 rows=89)


table 4 : explain SELECT k, c FROM sbtest4 WHERE k BETWEEN 1708641 AND 1708741
	-> Index range scan on sbtest4 using k_4 over (1708641 <= k <= 1708741), with index condition: (sbtest4.k between 1708641 and 1708741)  (cost=48.4 rows=107)


table 5 : explain SELECT k, c FROM sbtest5 WHERE k BETWEEN 1708641 AND 1708741
	-> Index range scan on sbtest5 using k_5 over (1708641 <= k <= 1708741), with index condition: (sbtest5.k between 1708641 and 1708741)  (cost=51.6 rows=114)


table 6 : explain SELECT k, c FROM sbtest6 WHERE k BETWEEN 1708641 AND 1708741
	-> Index range scan on sbtest6 using k_6 over (1708641 <= k <= 1708741), with index condition: (sbtest6.k between 1708641 and 1708741)  (cost=46.6 rows=103)


table 7 : explain SELECT k, c FROM sbtest7 WHERE k BETWEEN 1708641 AND 1708741
	-> Index range scan on sbtest7 using k_7 over (1708641 <= k <= 1708741), with index condition: (sbtest7.k between 1708641 and 1708741)  (cost=43.5 rows=96)


table 8 : explain SELECT k, c FROM sbtest8 WHERE k BETWEEN 1708641 AND 1708741
	-> Index range scan on sbtest8 using k_8 over (1708641 <= k <= 1708741), with index condition: (sbtest8.k between 1708641 and 1708741)  (cost=47.1 rows=104)



for range-notcovered
table 1 : explain SELECT k, c FROM sbtest1 WHERE k BETWEEN 6302321 AND 6302421
	-> Index range scan on sbtest1 using k_1 over (6302321 <= k <= 6302421), with index condition: (sbtest1.k between 6302321 and 6302421)  (cost=45.7 rows=101)


table 2 : explain SELECT k, c FROM sbtest2 WHERE k BETWEEN 6302321 AND 6302421
	-> Index range scan on sbtest2 using k_2 over (6302321 <= k <= 6302421), with index condition: (sbtest2.k between 6302321 and 6302421)  (cost=42.1 rows=93)


table 3 : explain SELECT k, c FROM sbtest3 WHERE k BETWEEN 6302321 AND 6302421
	-> Index range scan on sbtest3 using k_3 over (6302321 <= k <= 6302421), with index condition: (sbtest3.k between 6302321 and 6302421)  (cost=48.9 rows=108)


table 4 : explain SELECT k, c FROM sbtest4 WHERE k BETWEEN 6302321 AND 6302421
	-> Index range scan on sbtest4 using k_4 over (6302321 <= k <= 6302421), with index condition: (sbtest4.k between 6302321 and 6302421)  (cost=41.2 rows=91)


table 5 : explain SELECT k, c FROM sbtest5 WHERE k BETWEEN 6302321 AND 6302421
	-> Index range scan on sbtest5 using k_5 over (6302321 <= k <= 6302421), with index condition: (sbtest5.k between 6302321 and 6302421)  (cost=39.4 rows=87)


table 6 : explain SELECT k, c FROM sbtest6 WHERE k BETWEEN 6302321 AND 6302421
	-> Index range scan on sbtest6 using k_6 over (6302321 <= k <= 6302421), with index condition: (sbtest6.k between 6302321 and 6302421)  (cost=49.3 rows=109)


table 7 : explain SELECT k, c FROM sbtest7 WHERE k BETWEEN 6302321 AND 6302421
	-> Index range scan on sbtest7 using k_7 over (6302321 <= k <= 6302421), with index condition: (sbtest7.k between 6302321 and 6302421)  (cost=47.1 rows=104)


table 8 : explain SELECT k, c FROM sbtest8 WHERE k BETWEEN 6302321 AND 6302421
	-> Index range scan on sbtest8 using k_8 over (6302321 <= k <= 6302421), with index condition: (sbtest8.k between 6302321 and 6302421)  (cost=39.4 rows=87)


for range-notcovered
table 1 : explain SELECT k, c FROM sbtest1 WHERE k BETWEEN 5561744 AND 5561844
	-> Index range scan on sbtest1 using k_1 over (5561744 <= k <= 5561844), with index condition: (sbtest1.k between 5561744 and 5561844)  (cost=43.9 rows=97)


table 2 : explain SELECT k, c FROM sbtest2 WHERE k BETWEEN 5561744 AND 5561844
	-> Index range scan on sbtest2 using k_2 over (5561744 <= k <= 5561844), with index condition: (sbtest2.k between 5561744 and 5561844)  (cost=43.9 rows=97)


table 3 : explain SELECT k, c FROM sbtest3 WHERE k BETWEEN 5561744 AND 5561844
	-> Index range scan on sbtest3 using k_3 over (5561744 <= k <= 5561844), with index condition: (sbtest3.k between 5561744 and 5561844)  (cost=40.3 rows=89)


table 4 : explain SELECT k, c FROM sbtest4 WHERE k BETWEEN 5561744 AND 5561844
	-> Index range scan on sbtest4 using k_4 over (5561744 <= k <= 5561844), with index condition: (sbtest4.k between 5561744 and 5561844)  (cost=39.9 rows=88)


table 5 : explain SELECT k, c FROM sbtest5 WHERE k BETWEEN 5561744 AND 5561844
	-> Index range scan on sbtest5 using k_5 over (5561744 <= k <= 5561844), with index condition: (sbtest5.k between 5561744 and 5561844)  (cost=52.5 rows=116)


table 6 : explain SELECT k, c FROM sbtest6 WHERE k BETWEEN 5561744 AND 5561844
	-> Index range scan on sbtest6 using k_6 over (5561744 <= k <= 5561844), with index condition: (sbtest6.k between 5561744 and 5561844)  (cost=42.6 rows=94)


table 7 : explain SELECT k, c FROM sbtest7 WHERE k BETWEEN 5561744 AND 5561844
	-> Index range scan on sbtest7 using k_7 over (5561744 <= k <= 5561844), with index condition: (sbtest7.k between 5561744 and 5561844)  (cost=42.6 rows=94)


table 8 : explain SELECT k, c FROM sbtest8 WHERE k BETWEEN 5561744 AND 5561844
	-> Index range scan on sbtest8 using k_8 over (5561744 <= k <= 5561844), with index condition: (sbtest8.k between 5561744 and 5561844)  (cost=53.8 rows=119)


explain: for range-notcovered :: explain SELECT k, c FROM sbtest%d WHERE k BETWEEN 3209445 AND 3209545for range-notcovered
table 1 : explain SELECT k, c FROM sbtest1 WHERE k BETWEEN 6047958 AND 6048058
	-> Index range scan on sbtest1 using k_1 over (6047958 <= k <= 6048058), with index condition: (sbtest1.k between 6047958 and 6048058)  (cost=43.5 rows=96)


table 2 : explain SELECT k, c FROM sbtest2 WHERE k BETWEEN 6047958 AND 6048058
	-> Index range scan on sbtest2 using k_2 over (6047958 <= k <= 6048058), with index condition: (sbtest2.k between 6047958 and 6048058)  (cost=37.2 rows=82)


table 3 : explain SELECT k, c FROM sbtest3 WHERE k BETWEEN 6047958 AND 6048058
	-> Index range scan on sbtest3 using k_3 over (6047958 <= k <= 6048058), with index condition: (sbtest3.k between 6047958 and 6048058)  (cost=46.2 rows=102)


table 4 : explain SELECT k, c FROM sbtest4 WHERE k BETWEEN 6047958 AND 6048058
	-> Index range scan on sbtest4 using k_4 over (6047958 <= k <= 6048058), with index condition: (sbtest4.k between 6047958 and 6048058)  (cost=48.9 rows=108)


table 5 : explain SELECT k, c FROM sbtest5 WHERE k BETWEEN 6047958 AND 6048058
	-> Index range scan on sbtest5 using k_5 over (6047958 <= k <= 6048058), with index condition: (sbtest5.k between 6047958 and 6048058)  (cost=42.1 rows=93)


table 6 : explain SELECT k, c FROM sbtest6 WHERE k BETWEEN 6047958 AND 6048058
	-> Index range scan on sbtest6 using k_6 over (6047958 <= k <= 6048058), with index condition: (sbtest6.k between 6047958 and 6048058)  (cost=40.3 rows=89)


table 7 : explain SELECT k, c FROM sbtest7 WHERE k BETWEEN 6047958 AND 6048058
	-> Index range scan on sbtest7 using k_7 over (6047958 <= k <= 6048058), with index condition: (sbtest7.k between 6047958 and 6048058)  (cost=50.2 rows=111)


table 8 : explain SELECT k, c FROM sbtest8 WHERE k BETWEEN 6047958 AND 6048058
	-> Index range scan on sbtest8 using k_8 over (6047958 <= k <= 6048058), with index condition: (sbtest8.k between 6047958 and 6048058)  (cost=38.5 rows=85)



explain: for range-notcovered :: explain SELECT k, c FROM sbtest%d WHERE k BETWEEN 4143083 AND 4143183
for range-notcovered
table 1 : explain SELECT k, c FROM sbtest1 WHERE k BETWEEN 2655227 AND 2655327
	-> Index range scan on sbtest1 using k_1 over (2655227 <= k <= 2655327), with index condition: (sbtest1.k between 2655227 and 2655327)  (cost=42.1 rows=93)


table 2 : explain SELECT k, c FROM sbtest2 WHERE k BETWEEN 2655227 AND 2655327
	-> Index range scan on sbtest2 using k_2 over (2655227 <= k <= 2655327), with index condition: (sbtest2.k between 2655227 and 2655327)  (cost=43 rows=95)


table 3 : explain SELECT k, c FROM sbtest3 WHERE k BETWEEN 2655227 AND 2655327
	-> Index range scan on sbtest3 using k_3 over (2655227 <= k <= 2655327), with index condition: (sbtest3.k between 2655227 and 2655327)  (cost=48 rows=106)


table 4 : explain SELECT k, c FROM sbtest4 WHERE k BETWEEN 2655227 AND 2655327
	-> Index range scan on sbtest4 using k_4 over (2655227 <= k <= 2655327), with index condition: (sbtest4.k between 2655227 and 2655327)  (cost=47.1 rows=104)


table 5 : explain SELECT k, c FROM sbtest5 WHERE k BETWEEN 2655227 AND 2655327
	-> Index range scan on sbtest5 using k_5 over (2655227 <= k <= 2655327), with index condition: (sbtest5.k between 2655227 and 2655327)  (cost=41.7 rows=92)


table 6 : explain SELECT k, c FROM sbtest6 WHERE k BETWEEN 2655227 AND 2655327
	-> Index range scan on sbtest6 using k_6 over (2655227 <= k <= 2655327), with index condition: (sbtest6.k between 2655227 and 2655327)  (cost=41.7 rows=92)


table 7 : explain SELECT k, c FROM sbtest7 WHERE k BETWEEN 2655227 AND 2655327
	-> Index range scan on sbtest7 using k_7 over (2655227 <= k <= 2655327), with index condition: (sbtest7.k between 2655227 and 2655327)  (cost=44.8 rows=99)


table 8 : explain SELECT k, c FROM sbtest8 WHERE k BETWEEN 2655227 AND 2655327
	-> Index range scan on sbtest8 using k_8 over (2655227 <= k <= 2655327), with index condition: (sbtest8.k between 2655227 and 2655327)  (cost=47.5 rows=105)


explain: for range-notcovered :: explain SELECT k, c FROM sbtest%d WHERE k BETWEEN 5561744 AND 5561844for range-notcovered
table 1 : explain SELECT k, c FROM sbtest1 WHERE k BETWEEN 5017403 AND 5017503
	-> Index range scan on sbtest1 using k_1 over (5017403 <= k <= 5017503), with index condition: (sbtest1.k between 5017403 and 5017503)  (cost=49.8 rows=110)


table 2 : explain SELECT k, c FROM sbtest2 WHERE k BETWEEN 5017403 AND 5017503
	-> Index range scan on sbtest2 using k_2 over (5017403 <= k <= 5017503), with index condition: (sbtest2.k between 5017403 and 5017503)  (cost=50.2 rows=111)


table 3 : explain SELECT k, c FROM sbtest3 WHERE k BETWEEN 5017403 AND 5017503
	-> Index range scan on sbtest3 using k_3 over (5017403 <= k <= 5017503), with index condition: (sbtest3.k between 5017403 and 5017503)  (cost=41.7 rows=92)


table 4 : explain SELECT k, c FROM sbtest4 WHERE k BETWEEN 5017403 AND 5017503
	-> Index range scan on sbtest4 using k_4 over (5017403 <= k <= 5017503), with index condition: (sbtest4.k between 5017403 and 5017503)  (cost=48.9 rows=108)


table 5 : explain SELECT k, c FROM sbtest5 WHERE k BETWEEN 5017403 AND 5017503
	-> Index range scan on sbtest5 using k_5 over (5017403 <= k <= 5017503), with index condition: (sbtest5.k between 5017403 and 5017503)  (cost=54.7 rows=121)


table 6 : explain SELECT k, c FROM sbtest6 WHERE k BETWEEN 5017403 AND 5017503
	-> Index range scan on sbtest6 using k_6 over (5017403 <= k <= 5017503), with index condition: (sbtest6.k between 5017403 and 5017503)  (cost=46.6 rows=103)


table 7 : explain SELECT k, c FROM sbtest7 WHERE k BETWEEN 5017403 AND 5017503
	-> Index range scan on sbtest7 using k_7 over (5017403 <= k <= 5017503), with index condition: (sbtest7.k between 5017403 and 5017503)  (cost=44.4 rows=98)


table 8 : explain SELECT k, c FROM sbtest8 WHERE k BETWEEN 5017403 AND 5017503
	-> Index range scan on sbtest8 using k_8 over (5017403 <= k <= 5017503), with index condition: (sbtest8.k between 5017403 and 5017503)  (cost=48.9 rows=108)

for range-notcovered
table 1 : explain SELECT k, c FROM sbtest1 WHERE k BETWEEN 6920643 AND 6920743
	-> Index range scan on sbtest1 using k_1 over (6920643 <= k <= 6920743), with index condition: (sbtest1.k between 6920643 and 6920743)  (cost=40.3 rows=89)


table 2 : explain SELECT k, c FROM sbtest2 WHERE k BETWEEN 6920643 AND 6920743
	-> Index range scan on sbtest2 using k_2 over (6920643 <= k <= 6920743), with index condition: (sbtest2.k between 6920643 and 6920743)  (cost=45.3 rows=100)


table 3 : explain SELECT k, c FROM sbtest3 WHERE k BETWEEN 6920643 AND 6920743
	-> Index range scan on sbtest3 using k_3 over (6920643 <= k <= 6920743), with index condition: (sbtest3.k between 6920643 and 6920743)  (cost=46.2 rows=102)


table 4 : explain SELECT k, c FROM sbtest4 WHERE k BETWEEN 6920643 AND 6920743
	-> Index range scan on sbtest4 using k_4 over (6920643 <= k <= 6920743), with index condition: (sbtest4.k between 6920643 and 6920743)  (cost=44.8 rows=99)


table 5 : explain SELECT k, c FROM sbtest5 WHERE k BETWEEN 6920643 AND 6920743
	-> Index range scan on sbtest5 using k_5 over (6920643 <= k <= 6920743), with index condition: (sbtest5.k between 6920643 and 6920743)  (cost=46.6 rows=103)


table 6 : explain SELECT k, c FROM sbtest6 WHERE k BETWEEN 6920643 AND 6920743
	-> Index range scan on sbtest6 using k_6 over (6920643 <= k <= 6920743), with index condition: (sbtest6.k between 6920643 and 6920743)  (cost=39.9 rows=88)


table 7 : explain SELECT k, c FROM sbtest7 WHERE k BETWEEN 6920643 AND 6920743
	-> Index range scan on sbtest7 using k_7 over (6920643 <= k <= 6920743), with index condition: (sbtest7.k between 6920643 and 6920743)  (cost=47.1 rows=104)


table 8 : explain SELECT k, c FROM sbtest8 WHERE k BETWEEN 6920643 AND 6920743
	-> Index range scan on sbtest8 using k_8 over (6920643 <= k <= 6920743), with index condition: (sbtest8.k between 6920643 and 6920743)  (cost=57 rows=126)




for range-notcovered
table 1 : explain SELECT k, c FROM sbtest1 WHERE k BETWEEN 4178071 AND 4178171
	-> Index range scan on sbtest1 using k_1 over (4178071 <= k <= 4178171), with index condition: (sbtest1.k between 4178071 and 4178171)  (cost=50.7 rows=112)


table 2 : explain SELECT k, c FROM sbtest2 WHERE k BETWEEN 4178071 AND 4178171
	-> Index range scan on sbtest2 using k_2 over (4178071 <= k <= 4178171), with index condition: (sbtest2.k between 4178071 and 4178171)  (cost=43.5 rows=96)


table 3 : explain SELECT k, c FROM sbtest3 WHERE k BETWEEN 4178071 AND 4178171
	-> Index range scan on sbtest3 using k_3 over (4178071 <= k <= 4178171), with index condition: (sbtest3.k between 4178071 and 4178171)  (cost=42.6 rows=94)


table 4 : explain SELECT k, c FROM sbtest4 WHERE k BETWEEN 4178071 AND 4178171
	-> Index range scan on sbtest4 using k_4 over (4178071 <= k <= 4178171), with index condition: (sbtest4.k between 4178071 and 4178171)  (cost=53.4 rows=118)


table 5 : explain SELECT k, c FROM sbtest5 WHERE k BETWEEN 4178071 AND 4178171
	-> Index range scan on sbtest5 using k_5 over (4178071 <= k <= 4178171), with index condition: (sbtest5.k between 4178071 and 4178171)  (cost=48.9 rows=108)


table 6 : explain SELECT k, c FROM sbtest6 WHERE k BETWEEN 4178071 AND 4178171
	-> Index range scan on sbtest6 using k_6 over (4178071 <= k <= 4178171), with index condition: (sbtest6.k between 4178071 and 4178171)  (cost=43.9 rows=97)


table 7 : explain SELECT k, c FROM sbtest7 WHERE k BETWEEN 4178071 AND 4178171
	-> Index range scan on sbtest7 using k_7 over (4178071 <= k <= 4178171), with index condition: (sbtest7.k between 4178071 and 4178171)  (cost=53.8 rows=119)


table 8 : explain SELECT k, c FROM sbtest8 WHERE k BETWEEN 4178071 AND 4178171
	-> Index range scan on sbtest8 using k_8 over (4178071 <= k <= 4178171), with index condition: (sbtest8.k between 4178071 and 4178171)  (cost=49.8 rows=110)


explain: for range-notcovered :: explain SELECT k, c FROM sbtest%d WHERE k BETWEEN 909953 AND 910053
for range-notcovered
table 1 : explain SELECT k, c FROM sbtest1 WHERE k BETWEEN 6594167 AND 6594267
	-> Index range scan on sbtest1 using k_1 over (6594167 <= k <= 6594267), with index condition: (sbtest1.k between 6594167 and 6594267)  (cost=46.6 rows=103)


table 2 : explain SELECT k, c FROM sbtest2 WHERE k BETWEEN 6594167 AND 6594267
	-> Index range scan on sbtest2 using k_2 over (6594167 <= k <= 6594267), with index condition: (sbtest2.k between 6594167 and 6594267)  (cost=44.4 rows=98)


table 3 : explain SELECT k, c FROM sbtest3 WHERE k BETWEEN 6594167 AND 6594267
	-> Index range scan on sbtest3 using k_3 over (6594167 <= k <= 6594267), with index condition: (sbtest3.k between 6594167 and 6594267)  (cost=45.7 rows=101)


table 4 : explain SELECT k, c FROM sbtest4 WHERE k BETWEEN 6594167 AND 6594267
	-> Index range scan on sbtest4 using k_4 over (6594167 <= k <= 6594267), with index condition: (sbtest4.k between 6594167 and 6594267)  (cost=40.3 rows=89)


table 5 : explain SELECT k, c FROM sbtest5 WHERE k BETWEEN 6594167 AND 6594267
	-> Index range scan on sbtest5 using k_5 over (6594167 <= k <= 6594267), with index condition: (sbtest5.k between 6594167 and 6594267)  (cost=41.2 rows=91)


table 6 : explain SELECT k, c FROM sbtest6 WHERE k BETWEEN 6594167 AND 6594267
	-> Index range scan on sbtest6 using k_6 over (6594167 <= k <= 6594267), with index condition: (sbtest6.k between 6594167 and 6594267)  (cost=45.7 rows=101)


table 7 : explain SELECT k, c FROM sbtest7 WHERE k BETWEEN 6594167 AND 6594267
	-> Index range scan on sbtest7 using k_7 over (6594167 <= k <= 6594267), with index condition: (sbtest7.k between 6594167 and 6594267)  (cost=43.9 rows=97)


table 8 : explain SELECT k, c FROM sbtest8 WHERE k BETWEEN 6594167 AND 6594267
	-> Index range scan on sbtest8 using k_8 over (6594167 <= k <= 6594267), with index condition: (sbtest8.k between 6594167 and 6594267)  (cost=50.7 rows=112)


for range-notcovered
table 1 : explain SELECT k, c FROM sbtest1 WHERE k BETWEEN 5232353 AND 5232453
	-> Index range scan on sbtest1 using k_1 over (5232353 <= k <= 5232453), with index condition: (sbtest1.k between 5232353 and 5232453)  (cost=31.3 rows=69)


table 2 : explain SELECT k, c FROM sbtest2 WHERE k BETWEEN 5232353 AND 5232453
	-> Index range scan on sbtest2 using k_2 over (5232353 <= k <= 5232453), with index condition: (sbtest2.k between 5232353 and 5232453)  (cost=49.8 rows=110)


table 3 : explain SELECT k, c FROM sbtest3 WHERE k BETWEEN 5232353 AND 5232453
	-> Index range scan on sbtest3 using k_3 over (5232353 <= k <= 5232453), with index condition: (sbtest3.k between 5232353 and 5232453)  (cost=47.5 rows=105)


table 4 : explain SELECT k, c FROM sbtest4 WHERE k BETWEEN 5232353 AND 5232453
	-> Index range scan on sbtest4 using k_4 over (5232353 <= k <= 5232453), with index condition: (sbtest4.k between 5232353 and 5232453)  (cost=43.5 rows=96)


table 5 : explain SELECT k, c FROM sbtest5 WHERE k BETWEEN 5232353 AND 5232453
	-> Index range scan on sbtest5 using k_5 over (5232353 <= k <= 5232453), with index condition: (sbtest5.k between 5232353 and 5232453)  (cost=56.1 rows=124)


table 6 : explain SELECT k, c FROM sbtest6 WHERE k BETWEEN 5232353 AND 5232453
	-> Index range scan on sbtest6 using k_6 over (5232353 <= k <= 5232453), with index condition: (sbtest6.k between 5232353 and 5232453)  (cost=45.7 rows=101)


table 7 : explain SELECT k, c FROM sbtest7 WHERE k BETWEEN 5232353 AND 5232453
	-> Index range scan on sbtest7 using k_7 over (5232353 <= k <= 5232453), with index condition: (sbtest7.k between 5232353 and 5232453)  (cost=50.2 rows=111)


table 8 : explain SELECT k, c FROM sbtest8 WHERE k BETWEEN 5232353 AND 5232453
	-> Index range scan on sbtest8 using k_8 over (5232353 <= k <= 5232453), with index condition: (sbtest8.k between 5232353 and 5232453)  (cost=40.3 rows=89)


for range-notcovered
table 1 : explain SELECT k, c FROM sbtest1 WHERE k BETWEEN 2219702 AND 2219802
	-> Index range scan on sbtest1 using k_1 over (2219702 <= k <= 2219802), with index condition: (sbtest1.k between 2219702 and 2219802)  (cost=40.3 rows=89)


table 2 : explain SELECT k, c FROM sbtest2 WHERE k BETWEEN 2219702 AND 2219802
	-> Index range scan on sbtest2 using k_2 over (2219702 <= k <= 2219802), with index condition: (sbtest2.k between 2219702 and 2219802)  (cost=53.4 rows=118)


table 3 : explain SELECT k, c FROM sbtest3 WHERE k BETWEEN 2219702 AND 2219802
	-> Index range scan on sbtest3 using k_3 over (2219702 <= k <= 2219802), with index condition: (sbtest3.k between 2219702 and 2219802)  (cost=47.5 rows=105)


table 4 : explain SELECT k, c FROM sbtest4 WHERE k BETWEEN 2219702 AND 2219802
	-> Index range scan on sbtest4 using k_4 over (2219702 <= k <= 2219802), with index condition: (sbtest4.k between 2219702 and 2219802)  (cost=50.2 rows=111)


table 5 : explain SELECT k, c FROM sbtest5 WHERE k BETWEEN 2219702 AND 2219802
	-> Index range scan on sbtest5 using k_5 over (2219702 <= k <= 2219802), with index condition: (sbtest5.k between 2219702 and 2219802)  (cost=46.2 rows=102)


table 6 : explain SELECT k, c FROM sbtest6 WHERE k BETWEEN 2219702 AND 2219802
	-> Index range scan on sbtest6 using k_6 over (2219702 <= k <= 2219802), with index condition: (sbtest6.k between 2219702 and 2219802)  (cost=42.6 rows=94)


table 7 : explain SELECT k, c FROM sbtest7 WHERE k BETWEEN 2219702 AND 2219802
	-> Index range scan on sbtest7 using k_7 over (2219702 <= k <= 2219802), with index condition: (sbtest7.k between 2219702 and 2219802)  (cost=49.8 rows=110)


table 8 : explain SELECT k, c FROM sbtest8 WHERE k BETWEEN 2219702 AND 2219802
	-> Index range scan on sbtest8 using k_8 over (2219702 <= k <= 2219802), with index condition: (sbtest8.k between 2219702 and 2219802)  (cost=46.2 rows=102)


for range-notcovered
table 1 : explain SELECT k, c FROM sbtest1 WHERE k BETWEEN 5335326 AND 5335426
	-> Index range scan on sbtest1 using k_1 over (5335326 <= k <= 5335426), with index condition: (sbtest1.k between 5335326 and 5335426)  (cost=47.1 rows=104)


table 2 : explain SELECT k, c FROM sbtest2 WHERE k BETWEEN 5335326 AND 5335426
	-> Index range scan on sbtest2 using k_2 over (5335326 <= k <= 5335426), with index condition: (sbtest2.k between 5335326 and 5335426)  (cost=47.1 rows=104)


table 3 : explain SELECT k, c FROM sbtest3 WHERE k BETWEEN 5335326 AND 5335426
	-> Index range scan on sbtest3 using k_3 over (5335326 <= k <= 5335426), with index condition: (sbtest3.k between 5335326 and 5335426)  (cost=41.7 rows=92)


table 4 : explain SELECT k, c FROM sbtest4 WHERE k BETWEEN 5335326 AND 5335426
	-> Index range scan on sbtest4 using k_4 over (5335326 <= k <= 5335426), with index condition: (sbtest4.k between 5335326 and 5335426)  (cost=50.7 rows=112)


table 5 : explain SELECT k, c FROM sbtest5 WHERE k BETWEEN 5335326 AND 5335426
	-> Index range scan on sbtest5 using k_5 over (5335326 <= k <= 5335426), with index condition: (sbtest5.k between 5335326 and 5335426)  (cost=43.5 rows=96)


table 6 : explain SELECT k, c FROM sbtest6 WHERE k BETWEEN 5335326 AND 5335426
	-> Index range scan on sbtest6 using k_6 over (5335326 <= k <= 5335426), with index condition: (sbtest6.k between 5335326 and 5335426)  (cost=48.4 rows=107)


table 7 : explain SELECT k, c FROM sbtest7 WHERE k BETWEEN 5335326 AND 5335426
	-> Index range scan on sbtest7 using k_7 over (5335326 <= k <= 5335426), with index condition: (sbtest7.k between 5335326 and 5335426)  (cost=42.1 rows=93)


table 8 : explain SELECT k, c FROM sbtest8 WHERE k BETWEEN 5335326 AND 5335426
	-> Index range scan on sbtest8 using k_8 over (5335326 <= k <= 5335426), with index condition: (sbtest8.k between 5335326 and 5335426)  (cost=48.4 rows=107)


for range-notcovered
table 1 : explain SELECT k, c FROM sbtest1 WHERE k BETWEEN 4645412 AND 4645512
	-> Index range scan on sbtest1 using k_1 over (4645412 <= k <= 4645512), with index condition: (sbtest1.k between 4645412 and 4645512)  (cost=45.3 rows=100)


table 2 : explain SELECT k, c FROM sbtest2 WHERE k BETWEEN 4645412 AND 4645512
	-> Index range scan on sbtest2 using k_2 over (4645412 <= k <= 4645512), with index condition: (sbtest2.k between 4645412 and 4645512)  (cost=45.3 rows=100)


table 3 : explain SELECT k, c FROM sbtest3 WHERE k BETWEEN 4645412 AND 4645512
	-> Index range scan on sbtest3 using k_3 over (4645412 <= k <= 4645512), with index condition: (sbtest3.k between 4645412 and 4645512)  (cost=45.3 rows=100)


table 4 : explain SELECT k, c FROM sbtest4 WHERE k BETWEEN 4645412 AND 4645512
	-> Index range scan on sbtest4 using k_4 over (4645412 <= k <= 4645512), with index condition: (sbtest4.k between 4645412 and 4645512)  (cost=49.3 rows=109)


table 5 : explain SELECT k, c FROM sbtest5 WHERE k BETWEEN 4645412 AND 4645512
	-> Index range scan on sbtest5 using k_5 over (4645412 <= k <= 4645512), with index condition: (sbtest5.k between 4645412 and 4645512)  (cost=44.8 rows=99)


table 6 : explain SELECT k, c FROM sbtest6 WHERE k BETWEEN 4645412 AND 4645512
	-> Index range scan on sbtest6 using k_6 over (4645412 <= k <= 4645512), with index condition: (sbtest6.k between 4645412 and 4645512)  (cost=48.9 rows=108)


table 7 : explain SELECT k, c FROM sbtest7 WHERE k BETWEEN 4645412 AND 4645512
	-> Index range scan on sbtest7 using k_7 over (4645412 <= k <= 4645512), with index condition: (sbtest7.k between 4645412 and 4645512)  (cost=44.8 rows=99)


table 8 : explain SELECT k, c FROM sbtest8 WHERE k BETWEEN 4645412 AND 4645512
	-> Index range scan on sbtest8 using k_8 over (4645412 <= k <= 4645512), with index condition: (sbtest8.k between 4645412 and 4645512)  (cost=47.1 rows=104)


explain: for range-notcovered :: explain SELECT k, c FROM sbtest%d WHERE k BETWEEN 4645412 AND 4645512
for range-notcovered
table 1 : explain SELECT k, c FROM sbtest1 WHERE k BETWEEN 4784591 AND 4784691
	-> Index range scan on sbtest1 using k_1 over (4784591 <= k <= 4784691), with index condition: (sbtest1.k between 4784591 and 4784691)  (cost=43.5 rows=96)


table 2 : explain SELECT k, c FROM sbtest2 WHERE k BETWEEN 4784591 AND 4784691
	-> Index range scan on sbtest2 using k_2 over (4784591 <= k <= 4784691), with index condition: (sbtest2.k between 4784591 and 4784691)  (cost=52.9 rows=117)


table 3 : explain SELECT k, c FROM sbtest3 WHERE k BETWEEN 4784591 AND 4784691
	-> Index range scan on sbtest3 using k_3 over (4784591 <= k <= 4784691), with index condition: (sbtest3.k between 4784591 and 4784691)  (cost=42.1 rows=93)


table 4 : explain SELECT k, c FROM sbtest4 WHERE k BETWEEN 4784591 AND 4784691
	-> Index range scan on sbtest4 using k_4 over (4784591 <= k <= 4784691), with index condition: (sbtest4.k between 4784591 and 4784691)  (cost=44.4 rows=98)


table 5 : explain SELECT k, c FROM sbtest5 WHERE k BETWEEN 4784591 AND 4784691
	-> Index range scan on sbtest5 using k_5 over (4784591 <= k <= 4784691), with index condition: (sbtest5.k between 4784591 and 4784691)  (cost=39.4 rows=87)


table 6 : explain SELECT k, c FROM sbtest6 WHERE k BETWEEN 4784591 AND 4784691
	-> Index range scan on sbtest6 using k_6 over (4784591 <= k <= 4784691), with index condition: (sbtest6.k between 4784591 and 4784691)  (cost=48.4 rows=107)


table 7 : explain SELECT k, c FROM sbtest7 WHERE k BETWEEN 4784591 AND 4784691
	-> Index range scan on sbtest7 using k_7 over (4784591 <= k <= 4784691), with index condition: (sbtest7.k between 4784591 and 4784691)  (cost=48 rows=106)


table 8 : explain SELECT k, c FROM sbtest8 WHERE k BETWEEN 4784591 AND 4784691
	-> Index range scan on sbtest8 using k_8 over (4784591 <= k <= 4784691), with index condition: (sbtest8.k between 4784591 and 4784691)  (cost=42.6 rows=94)


for range-notcovered
table 1 : explain SELECT k, c FROM sbtest1 WHERE k BETWEEN 8996302 AND 8996402
	-> Index range scan on sbtest1 using k_1 over (8996302 <= k <= 8996402), with index condition: (sbtest1.k between 8996302 and 8996402)  (cost=40.3 rows=89)


table 2 : explain SELECT k, c FROM sbtest2 WHERE k BETWEEN 8996302 AND 8996402
	-> Index range scan on sbtest2 using k_2 over (8996302 <= k <= 8996402), with index condition: (sbtest2.k between 8996302 and 8996402)  (cost=50.7 rows=112)


table 3 : explain SELECT k, c FROM sbtest3 WHERE k BETWEEN 8996302 AND 8996402
	-> Index range scan on sbtest3 using k_3 over (8996302 <= k <= 8996402), with index condition: (sbtest3.k between 8996302 and 8996402)  (cost=48.9 rows=108)


table 4 : explain SELECT k, c FROM sbtest4 WHERE k BETWEEN 8996302 AND 8996402
	-> Index range scan on sbtest4 using k_4 over (8996302 <= k <= 8996402), with index condition: (sbtest4.k between 8996302 and 8996402)  (cost=42.6 rows=94)


table 5 : explain SELECT k, c FROM sbtest5 WHERE k BETWEEN 8996302 AND 8996402
	-> Index range scan on sbtest5 using k_5 over (8996302 <= k <= 8996402), with index condition: (sbtest5.k between 8996302 and 8996402)  (cost=46.6 rows=103)


table 6 : explain SELECT k, c FROM sbtest6 WHERE k BETWEEN 8996302 AND 8996402
	-> Index range scan on sbtest6 using k_6 over (8996302 <= k <= 8996402), with index condition: (sbtest6.k between 8996302 and 8996402)  (cost=48.4 rows=107)


table 7 : explain SELECT k, c FROM sbtest7 WHERE k BETWEEN 8996302 AND 8996402
	-> Index range scan on sbtest7 using k_7 over (8996302 <= k <= 8996402), with index condition: (sbtest7.k between 8996302 and 8996402)  (cost=48.9 rows=108)


table 8 : explain SELECT k, c FROM sbtest8 WHERE k BETWEEN 8996302 AND 8996402
	-> Index range scan on sbtest8 using k_8 over (8996302 <= k <= 8996402), with index condition: (sbtest8.k between 8996302 and 8996402)  (cost=41.2 rows=91)


for range-notcovered
table 1 : explain SELECT k, c FROM sbtest1 WHERE k BETWEEN 3209445 AND 3209545
	-> Index range scan on sbtest1 using k_1 over (3209445 <= k <= 3209545), with index condition: (sbtest1.k between 3209445 and 3209545)  (cost=39 rows=86)


table 2 : explain SELECT k, c FROM sbtest2 WHERE k BETWEEN 3209445 AND 3209545
	-> Index range scan on sbtest2 using k_2 over (3209445 <= k <= 3209545), with index condition: (sbtest2.k between 3209445 and 3209545)  (cost=52.5 rows=116)


table 3 : explain SELECT k, c FROM sbtest3 WHERE k BETWEEN 3209445 AND 3209545
	-> Index range scan on sbtest3 using k_3 over (3209445 <= k <= 3209545), with index condition: (sbtest3.k between 3209445 and 3209545)  (cost=47.5 rows=105)


table 4 : explain SELECT k, c FROM sbtest4 WHERE k BETWEEN 3209445 AND 3209545
	-> Index range scan on sbtest4 using k_4 over (3209445 <= k <= 3209545), with index condition: (sbtest4.k between 3209445 and 3209545)  (cost=43 rows=95)


table 5 : explain SELECT k, c FROM sbtest5 WHERE k BETWEEN 3209445 AND 3209545
	-> Index range scan on sbtest5 using k_5 over (3209445 <= k <= 3209545), with index condition: (sbtest5.k between 3209445 and 3209545)  (cost=45.7 rows=101)


table 6 : explain SELECT k, c FROM sbtest6 WHERE k BETWEEN 3209445 AND 3209545
	-> Index range scan on sbtest6 using k_6 over (3209445 <= k <= 3209545), with index condition: (sbtest6.k between 3209445 and 3209545)  (cost=38.1 rows=84)


table 7 : explain SELECT k, c FROM sbtest7 WHERE k BETWEEN 3209445 AND 3209545
	-> Index range scan on sbtest7 using k_7 over (3209445 <= k <= 3209545), with index condition: (sbtest7.k between 3209445 and 3209545)  (cost=52.9 rows=117)


table 8 : explain SELECT k, c FROM sbtest8 WHERE k BETWEEN 3209445 AND 3209545
	-> Index range scan on sbtest8 using k_8 over (3209445 <= k <= 3209545), with index condition: (sbtest8.k between 3209445 and 3209545)  (cost=49.3 rows=109)


for range-notcovered
table 1 : explain SELECT k, c FROM sbtest1 WHERE k BETWEEN 4143083 AND 4143183
	-> Index range scan on sbtest1 using k_1 over (4143083 <= k <= 4143183), with index condition: (sbtest1.k between 4143083 and 4143183)  (cost=46.6 rows=103)


table 2 : explain SELECT k, c FROM sbtest2 WHERE k BETWEEN 4143083 AND 4143183
	-> Index range scan on sbtest2 using k_2 over (4143083 <= k <= 4143183), with index condition: (sbtest2.k between 4143083 and 4143183)  (cost=37.6 rows=83)


table 3 : explain SELECT k, c FROM sbtest3 WHERE k BETWEEN 4143083 AND 4143183
	-> Index range scan on sbtest3 using k_3 over (4143083 <= k <= 4143183), with index condition: (sbtest3.k between 4143083 and 4143183)  (cost=46.6 rows=103)


table 4 : explain SELECT k, c FROM sbtest4 WHERE k BETWEEN 4143083 AND 4143183
	-> Index range scan on sbtest4 using k_4 over (4143083 <= k <= 4143183), with index condition: (sbtest4.k between 4143083 and 4143183)  (cost=49.3 rows=109)


table 5 : explain SELECT k, c FROM sbtest5 WHERE k BETWEEN 4143083 AND 4143183
	-> Index range scan on sbtest5 using k_5 over (4143083 <= k <= 4143183), with index condition: (sbtest5.k between 4143083 and 4143183)  (cost=56.1 rows=124)


table 6 : explain SELECT k, c FROM sbtest6 WHERE k BETWEEN 4143083 AND 4143183
	-> Index range scan on sbtest6 using k_6 over (4143083 <= k <= 4143183), with index condition: (sbtest6.k between 4143083 and 4143183)  (cost=48.9 rows=108)


table 7 : explain SELECT k, c FROM sbtest7 WHERE k BETWEEN 4143083 AND 4143183
	-> Index range scan on sbtest7 using k_7 over (4143083 <= k <= 4143183), with index condition: (sbtest7.k between 4143083 and 4143183)  (cost=43.5 rows=96)


table 8 : explain SELECT k, c FROM sbtest8 WHERE k BETWEEN 4143083 AND 4143183
	-> Index range scan on sbtest8 using k_8 over (4143083 <= k <= 4143183), with index condition: (sbtest8.k between 4143083 and 4143183)  (cost=43.5 rows=96)


for range-notcovered
table 1 : explain SELECT k, c FROM sbtest1 WHERE k BETWEEN 5091041 AND 5091141
	-> Index range scan on sbtest1 using k_1 over (5091041 <= k <= 5091141), with index condition: (sbtest1.k between 5091041 and 5091141)  (cost=44.8 rows=99)


table 2 : explain SELECT k, c FROM sbtest2 WHERE k BETWEEN 5091041 AND 5091141
	-> Index range scan on sbtest2 using k_2 over (5091041 <= k <= 5091141), with index condition: (sbtest2.k between 5091041 and 5091141)  (cost=48 rows=106)


table 3 : explain SELECT k, c FROM sbtest3 WHERE k BETWEEN 5091041 AND 5091141
	-> Index range scan on sbtest3 using k_3 over (5091041 <= k <= 5091141), with index condition: (sbtest3.k between 5091041 and 5091141)  (cost=42.6 rows=94)


table 4 : explain SELECT k, c FROM sbtest4 WHERE k BETWEEN 5091041 AND 5091141
	-> Index range scan on sbtest4 using k_4 over (5091041 <= k <= 5091141), with index condition: (sbtest4.k between 5091041 and 5091141)  (cost=40.8 rows=90)


table 5 : explain SELECT k, c FROM sbtest5 WHERE k BETWEEN 5091041 AND 5091141
	-> Index range scan on sbtest5 using k_5 over (5091041 <= k <= 5091141), with index condition: (sbtest5.k between 5091041 and 5091141)  (cost=44.4 rows=98)


table 6 : explain SELECT k, c FROM sbtest6 WHERE k BETWEEN 5091041 AND 5091141
	-> Index range scan on sbtest6 using k_6 over (5091041 <= k <= 5091141), with index condition: (sbtest6.k between 5091041 and 5091141)  (cost=48.4 rows=107)


table 7 : explain SELECT k, c FROM sbtest7 WHERE k BETWEEN 5091041 AND 5091141
	-> Index range scan on sbtest7 using k_7 over (5091041 <= k <= 5091141), with index condition: (sbtest7.k between 5091041 and 5091141)  (cost=43.5 rows=96)


table 8 : explain SELECT k, c FROM sbtest8 WHERE k BETWEEN 5091041 AND 5091141
	-> Index range scan on sbtest8 using k_8 over (5091041 <= k <= 5091141), with index condition: (sbtest8.k between 5091041 and 5091141)  (cost=42.1 rows=93)


explain: for range-notcovered :: explain SELECT k, c FROM sbtest%d WHERE k BETWEEN 3209445 AND 3209545
explain: for range-notcovered :: explain SELECT k, c FROM sbtest%d WHERE k BETWEEN 5091041 AND 5091141
for range-notcovered
table 1 : explain SELECT k, c FROM sbtest1 WHERE k BETWEEN 5561744 AND 5561844
	-> Index range scan on sbtest1 using k_1 over (5561744 <= k <= 5561844), with index condition: (sbtest1.k between 5561744 and 5561844)  (cost=43.9 rows=97)


table 2 : explain SELECT k, c FROM sbtest2 WHERE k BETWEEN 5561744 AND 5561844
	-> Index range scan on sbtest2 using k_2 over (5561744 <= k <= 5561844), with index condition: (sbtest2.k between 5561744 and 5561844)  (cost=43.9 rows=97)


table 3 : explain SELECT k, c FROM sbtest3 WHERE k BETWEEN 5561744 AND 5561844
	-> Index range scan on sbtest3 using k_3 over (5561744 <= k <= 5561844), with index condition: (sbtest3.k between 5561744 and 5561844)  (cost=40.3 rows=89)


table 4 : explain SELECT k, c FROM sbtest4 WHERE k BETWEEN 5561744 AND 5561844
	-> Index range scan on sbtest4 using k_4 over (5561744 <= k <= 5561844), with index condition: (sbtest4.k between 5561744 and 5561844)  (cost=39.9 rows=88)


table 5 : explain SELECT k, c FROM sbtest5 WHERE k BETWEEN 5561744 AND 5561844
	-> Index range scan on sbtest5 using k_5 over (5561744 <= k <= 5561844), with index condition: (sbtest5.k between 5561744 and 5561844)  (cost=52.5 rows=116)


table 6 : explain SELECT k, c FROM sbtest6 WHERE k BETWEEN 5561744 AND 5561844
	-> Index range scan on sbtest6 using k_6 over (5561744 <= k <= 5561844), with index condition: (sbtest6.k between 5561744 and 5561844)  (cost=42.6 rows=94)


table 7 : explain SELECT k, c FROM sbtest7 WHERE k BETWEEN 5561744 AND 5561844
	-> Index range scan on sbtest7 using k_7 over (5561744 <= k <= 5561844), with index condition: (sbtest7.k between 5561744 and 5561844)  (cost=42.6 rows=94)


table 8 : explain SELECT k, c FROM sbtest8 WHERE k BETWEEN 5561744 AND 5561844
	-> Index range scan on sbtest8 using k_8 over (5561744 <= k <= 5561844), with index condition: (sbtest8.k between 5561744 and 5561844)  (cost=53.8 rows=119)


for range-notcovered
table 1 : explain SELECT k, c FROM sbtest1 WHERE k BETWEEN 909953 AND 910053
	-> Index range scan on sbtest1 using k_1 over (909953 <= k <= 910053), with index condition: (sbtest1.k between 909953 and 910053)  (cost=40.3 rows=89)


table 2 : explain SELECT k, c FROM sbtest2 WHERE k BETWEEN 909953 AND 910053
	-> Index range scan on sbtest2 using k_2 over (909953 <= k <= 910053), with index condition: (sbtest2.k between 909953 and 910053)  (cost=48.4 rows=107)


table 3 : explain SELECT k, c FROM sbtest3 WHERE k BETWEEN 909953 AND 910053
	-> Index range scan on sbtest3 using k_3 over (909953 <= k <= 910053), with index condition: (sbtest3.k between 909953 and 910053)  (cost=41.2 rows=91)


table 4 : explain SELECT k, c FROM sbtest4 WHERE k BETWEEN 909953 AND 910053
	-> Index range scan on sbtest4 using k_4 over (909953 <= k <= 910053), with index condition: (sbtest4.k between 909953 and 910053)  (cost=51.6 rows=114)


table 5 : explain SELECT k, c FROM sbtest5 WHERE k BETWEEN 909953 AND 910053
	-> Index range scan on sbtest5 using k_5 over (909953 <= k <= 910053), with index condition: (sbtest5.k between 909953 and 910053)  (cost=47.5 rows=105)


table 6 : explain SELECT k, c FROM sbtest6 WHERE k BETWEEN 909953 AND 910053
	-> Index range scan on sbtest6 using k_6 over (909953 <= k <= 910053), with index condition: (sbtest6.k between 909953 and 910053)  (cost=43 rows=95)


table 7 : explain SELECT k, c FROM sbtest7 WHERE k BETWEEN 909953 AND 910053
	-> Index range scan on sbtest7 using k_7 over (909953 <= k <= 910053), with index condition: (sbtest7.k between 909953 and 910053)  (cost=47.1 rows=104)


table 8 : explain SELECT k, c FROM sbtest8 WHERE k BETWEEN 909953 AND 910053
	-> Index range scan on sbtest8 using k_8 over (909953 <= k <= 910053), with index condition: (sbtest8.k between 909953 and 910053)  (cost=47.1 rows=104)


for range-notcovered
table 1 : explain SELECT k, c FROM sbtest1 WHERE k BETWEEN 4645412 AND 4645512
	-> Index range scan on sbtest1 using k_1 over (4645412 <= k <= 4645512), with index condition: (sbtest1.k between 4645412 and 4645512)  (cost=45.3 rows=100)


table 2 : explain SELECT k, c FROM sbtest2 WHERE k BETWEEN 4645412 AND 4645512
	-> Index range scan on sbtest2 using k_2 over (4645412 <= k <= 4645512), with index condition: (sbtest2.k between 4645412 and 4645512)  (cost=45.3 rows=100)


table 3 : explain SELECT k, c FROM sbtest3 WHERE k BETWEEN 4645412 AND 4645512
	-> Index range scan on sbtest3 using k_3 over (4645412 <= k <= 4645512), with index condition: (sbtest3.k between 4645412 and 4645512)  (cost=45.3 rows=100)


table 4 : explain SELECT k, c FROM sbtest4 WHERE k BETWEEN 4645412 AND 4645512
	-> Index range scan on sbtest4 using k_4 over (4645412 <= k <= 4645512), with index condition: (sbtest4.k between 4645412 and 4645512)  (cost=49.3 rows=109)


table 5 : explain SELECT k, c FROM sbtest5 WHERE k BETWEEN 4645412 AND 4645512
	-> Index range scan on sbtest5 using k_5 over (4645412 <= k <= 4645512), with index condition: (sbtest5.k between 4645412 and 4645512)  (cost=44.8 rows=99)


table 6 : explain SELECT k, c FROM sbtest6 WHERE k BETWEEN 4645412 AND 4645512
	-> Index range scan on sbtest6 using k_6 over (4645412 <= k <= 4645512), with index condition: (sbtest6.k between 4645412 and 4645512)  (cost=48.9 rows=108)


table 7 : explain SELECT k, c FROM sbtest7 WHERE k BETWEEN 4645412 AND 4645512
	-> Index range scan on sbtest7 using k_7 over (4645412 <= k <= 4645512), with index condition: (sbtest7.k between 4645412 and 4645512)  (cost=44.8 rows=99)


table 8 : explain SELECT k, c FROM sbtest8 WHERE k BETWEEN 4645412 AND 4645512
	-> Index range scan on sbtest8 using k_8 over (4645412 <= k <= 4645512), with index condition: (sbtest8.k between 4645412 and 4645512)  (cost=47.1 rows=104)


for range-notcovered
table 1 : explain SELECT k, c FROM sbtest1 WHERE k BETWEEN 3209445 AND 3209545
	-> Index range scan on sbtest1 using k_1 over (3209445 <= k <= 3209545), with index condition: (sbtest1.k between 3209445 and 3209545)  (cost=39 rows=86)


table 2 : explain SELECT k, c FROM sbtest2 WHERE k BETWEEN 3209445 AND 3209545
	-> Index range scan on sbtest2 using k_2 over (3209445 <= k <= 3209545), with index condition: (sbtest2.k between 3209445 and 3209545)  (cost=52.5 rows=116)


table 3 : explain SELECT k, c FROM sbtest3 WHERE k BETWEEN 3209445 AND 3209545
	-> Index range scan on sbtest3 using k_3 over (3209445 <= k <= 3209545), with index condition: (sbtest3.k between 3209445 and 3209545)  (cost=47.5 rows=105)


table 4 : explain SELECT k, c FROM sbtest4 WHERE k BETWEEN 3209445 AND 3209545
	-> Index range scan on sbtest4 using k_4 over (3209445 <= k <= 3209545), with index condition: (sbtest4.k between 3209445 and 3209545)  (cost=43 rows=95)


table 5 : explain SELECT k, c FROM sbtest5 WHERE k BETWEEN 3209445 AND 3209545
	-> Index range scan on sbtest5 using k_5 over (3209445 <= k <= 3209545), with index condition: (sbtest5.k between 3209445 and 3209545)  (cost=45.7 rows=101)


table 6 : explain SELECT k, c FROM sbtest6 WHERE k BETWEEN 3209445 AND 3209545
	-> Index range scan on sbtest6 using k_6 over (3209445 <= k <= 3209545), with index condition: (sbtest6.k between 3209445 and 3209545)  (cost=38.1 rows=84)


table 7 : explain SELECT k, c FROM sbtest7 WHERE k BETWEEN 3209445 AND 3209545
	-> Index range scan on sbtest7 using k_7 over (3209445 <= k <= 3209545), with index condition: (sbtest7.k between 3209445 and 3209545)  (cost=52.9 rows=117)


table 8 : explain SELECT k, c FROM sbtest8 WHERE k BETWEEN 3209445 AND 3209545
	-> Index range scan on sbtest8 using k_8 over (3209445 <= k <= 3209545), with index condition: (sbtest8.k between 3209445 and 3209545)  (cost=49.3 rows=109)


for range-notcovered
table 1 : explain SELECT k, c FROM sbtest1 WHERE k BETWEEN 5091041 AND 5091141
	-> Index range scan on sbtest1 using k_1 over (5091041 <= k <= 5091141), with index condition: (sbtest1.k between 5091041 and 5091141)  (cost=44.8 rows=99)


table 2 : explain SELECT k, c FROM sbtest2 WHERE k BETWEEN 5091041 AND 5091141
	-> Index range scan on sbtest2 using k_2 over (5091041 <= k <= 5091141), with index condition: (sbtest2.k between 5091041 and 5091141)  (cost=48 rows=106)


table 3 : explain SELECT k, c FROM sbtest3 WHERE k BETWEEN 5091041 AND 5091141
	-> Index range scan on sbtest3 using k_3 over (5091041 <= k <= 5091141), with index condition: (sbtest3.k between 5091041 and 5091141)  (cost=42.6 rows=94)


table 4 : explain SELECT k, c FROM sbtest4 WHERE k BETWEEN 5091041 AND 5091141
	-> Index range scan on sbtest4 using k_4 over (5091041 <= k <= 5091141), with index condition: (sbtest4.k between 5091041 and 5091141)  (cost=40.8 rows=90)


table 5 : explain SELECT k, c FROM sbtest5 WHERE k BETWEEN 5091041 AND 5091141
	-> Index range scan on sbtest5 using k_5 over (5091041 <= k <= 5091141), with index condition: (sbtest5.k between 5091041 and 5091141)  (cost=44.4 rows=98)


table 6 : explain SELECT k, c FROM sbtest6 WHERE k BETWEEN 5091041 AND 5091141
	-> Index range scan on sbtest6 using k_6 over (5091041 <= k <= 5091141), with index condition: (sbtest6.k between 5091041 and 5091141)  (cost=48.4 rows=107)


table 7 : explain SELECT k, c FROM sbtest7 WHERE k BETWEEN 5091041 AND 5091141
	-> Index range scan on sbtest7 using k_7 over (5091041 <= k <= 5091141), with index condition: (sbtest7.k between 5091041 and 5091141)  (cost=43.5 rows=96)


table 8 : explain SELECT k, c FROM sbtest8 WHERE k BETWEEN 5091041 AND 5091141
	-> Index range scan on sbtest8 using k_8 over (5091041 <= k <= 5091141), with index condition: (sbtest8.k between 5091041 and 5091141)  (cost=42.1 rows=93)


Threads started!

Warming up for 5 seconds...

SQL statistics:
    queries performed:
        read:                            38410943
        write:                           0
        other:                           0
        total:                           38410943
    transactions:                        38410943 (60969.31 per sec.)
    queries:                             38410943 (60969.31 per sec.)
    ignored errors:                      0      (0.00 per sec.)
    reconnects:                          0      (0.00 per sec.)

Throughput:
    events/s (eps):                      60969.3101
    time elapsed:                        630.0047s
    total number of events:              38410943

Latency (ms):
         min:                                    0.09
         avg:                                    0.66
         max:                                   16.66
         95th percentile:                        0.80
         sum:                             25182399.74

Threads fairness:
    events (avg/stddev):           960272.2500/882.52
    execution time (avg/stddev):   629.5600/0.00

