LUA_PATH=/home/mdcallag/git/mytools/bench/sysbench.lua/lua/?.lua /home/mdcallag/git/mytools/bench/sysbench.lua/lua/sysbench --db-driver=mysql --range-size=100 --table-size=10000000 --tables=8 --threads=40 --events=0 --warmup-time=5 --time=930 /home/mdcallag/git/mytools/bench/sysbench.lua/lua/oltp_read_write.lua run --mysql-user=root --mysql-password=pw --mysql-host=127.0.0.1 --mysql-db=test --rand-type=uniform
48 CPUs
sysbench 1.1.0-9072687 (using bundled LuaJIT 2.1.0-beta3)

Running the test with following options:
Number of threads: 40
Warmup time: 5s
Initializing random number generator from current time


Initializing worker threads...

explain: for point_selects :: explain SELECT c FROM sbtest%u WHERE id=%u
explain: for point_selects :: explain SELECT c FROM sbtest%u WHERE id=%u
explain: for point_selects :: explain SELECT c FROM sbtest%u WHERE id=%u
explain: for point_selects :: explain SELECT c FROM sbtest%u WHERE id=%u
explain: for point_selects :: explain SELECT c FROM sbtest%u WHERE id=%u
explain: for point_selects :: explain SELECT c FROM sbtest%u WHERE id=%u
explain: for point_selects :: explain SELECT c FROM sbtest%u WHERE id=%u
explain: for point_selects :: explain SELECT c FROM sbtest%u WHERE id=%u
explain: for point_selects :: explain SELECT c FROM sbtest%u WHERE id=%u
explain: for point_selects :: explain SELECT c FROM sbtest%u WHERE id=%u
explain: for point_selects :: explain SELECT c FROM sbtest%u WHERE id=%uexplain: for point_selects :: explain SELECT c FROM sbtest%u WHERE id=%u
explain: for point_selects :: explain SELECT c FROM sbtest%u WHERE id=%u
explain: for point_selects :: explain SELECT c FROM sbtest%u WHERE id=%u
explain: for point_selects :: explain SELECT c FROM sbtest%u WHERE id=%u
explain: for point_selects :: explain SELECT c FROM sbtest%u WHERE id=%u
explain: for point_selects :: explain SELECT c FROM sbtest%u WHERE id=%u
explain: for point_selects :: explain SELECT c FROM sbtest%u WHERE id=%u
explain: for point_selects :: explain SELECT c FROM sbtest%u WHERE id=%u
explain: for point_selects :: explain SELECT c FROM sbtest%u WHERE id=%u
explain: for point_selects :: explain SELECT c FROM sbtest%u WHERE id=%ufor point_selects
table 1 : explain SELECT c FROM sbtest1 WHERE id=4327052
	-> Rows fetched before execution  (cost=0..0 rows=1)


table 2 : explain SELECT c FROM sbtest2 WHERE id=2639629
	-> Rows fetched before execution  (cost=0..0 rows=1)


table 3 : explain SELECT c FROM sbtest3 WHERE id=5494642
	-> Rows fetched before execution  (cost=0..0 rows=1)


table 4 : explain SELECT c FROM sbtest4 WHERE id=5641106
	-> Rows fetched before execution  (cost=0..0 rows=1)


table 5 : explain SELECT c FROM sbtest5 WHERE id=2297920
	-> Rows fetched before execution  (cost=0..0 rows=1)


table 6 : explain SELECT c FROM sbtest6 WHERE id=9463338
	-> Rows fetched before execution  (cost=0..0 rows=1)


table 7 : explain SELECT c FROM sbtest7 WHERE id=3448889
	-> Rows fetched before execution  (cost=0..0 rows=1)


table 8 : explain SELECT c FROM sbtest8 WHERE id=7933245
	-> Rows fetched before execution  (cost=0..0 rows=1)


explain: for point_selects :: explain SELECT c FROM sbtest%u WHERE id=%u
explain: for point_selects :: explain SELECT c FROM sbtest%u WHERE id=%u
explain: for point_selects :: explain SELECT c FROM sbtest%u WHERE id=%u
explain: for point_selects :: explain SELECT c FROM sbtest%u WHERE id=%u
for point_selects
table 1 : explain SELECT c FROM sbtest1 WHERE id=5291368
	-> Rows fetched before execution  (cost=0..0 rows=1)


table 2 : explain SELECT c FROM sbtest2 WHERE id=4492129
	-> Rows fetched before execution  (cost=0..0 rows=1)


table 3 : explain SELECT c FROM sbtest3 WHERE id=3870163
	-> Rows fetched before execution  (cost=0..0 rows=1)


table 4 : explain SELECT c FROM sbtest4 WHERE id=7450494
	-> Rows fetched before execution  (cost=0..0 rows=1)


table 5 : explain SELECT c FROM sbtest5 WHERE id=3158645
	-> Rows fetched before execution  (cost=0..0 rows=1)


table 6 : explain SELECT c FROM sbtest6 WHERE id=6021153
	-> Rows fetched before execution  (cost=0..0 rows=1)


table 7 : explain SELECT c FROM sbtest7 WHERE id=9327674
	-> Rows fetched before execution  (cost=0..0 rows=1)


table 8 : explain SELECT c FROM sbtest8 WHERE id=7886233
	-> Rows fetched before execution  (cost=0..0 rows=1)


explain: for point_selects :: explain SELECT c FROM sbtest%u WHERE id=%u

explain: for point_selects :: explain SELECT c FROM sbtest%u WHERE id=%u
explain: for point_selects :: explain SELECT c FROM sbtest%u WHERE id=%u
explain: for point_selects :: explain SELECT c FROM sbtest%u WHERE id=%u
for point_selects
table 1 : explain SELECT c FROM sbtest1 WHERE id=8639253
	-> Rows fetched before execution  (cost=0..0 rows=1)


table 2 : explain SELECT c FROM sbtest2 WHERE id=4600866
	-> Rows fetched before execution  (cost=0..0 rows=1)


table 3 : explain SELECT c FROM sbtest3 WHERE id=1466719
	-> Rows fetched before execution  (cost=0..0 rows=1)


table 4 : explain SELECT c FROM sbtest4 WHERE id=4593945
	-> Rows fetched before execution  (cost=0..0 rows=1)


table 5 : explain SELECT c FROM sbtest5 WHERE id=967340
	-> Rows fetched before execution  (cost=0..0 rows=1)


table 6 : explain SELECT c FROM sbtest6 WHERE id=9389271
	-> Rows fetched before execution  (cost=0..0 rows=1)


table 7 : explain SELECT c FROM sbtest7 WHERE id=9855487
	-> Rows fetched before execution  (cost=0..0 rows=1)


table 8 : explain SELECT c FROM sbtest8 WHERE id=9897868
	-> Rows fetched before execution  (cost=0..0 rows=1)


explain: for point_selects :: explain SELECT c FROM sbtest%u WHERE id=%u
explain: for point_selects :: explain SELECT c FROM sbtest%u WHERE id=%u
explain: for point_selects :: explain SELECT c FROM sbtest%u WHERE id=%u
explain: for point_selects :: explain SELECT c FROM sbtest%u WHERE id=%u
for point_selects
table 1 : explain SELECT c FROM sbtest1 WHERE id=1877797
	-> Rows fetched before execution  (cost=0..0 rows=1)


table 2 : explain SELECT c FROM sbtest2 WHERE id=4539127
	-> Rows fetched before execution  (cost=0..0 rows=1)


table 3 : explain SELECT c FROM sbtest3 WHERE id=8679089
	-> Rows fetched before execution  (cost=0..0 rows=1)


table 4 : explain SELECT c FROM sbtest4 WHERE id=4030788
	-> Rows fetched before execution  (cost=0..0 rows=1)


table 5 : explain SELECT c FROM sbtest5 WHERE id=1151288
	-> Rows fetched before execution  (cost=0..0 rows=1)


table 6 : explain SELECT c FROM sbtest6 WHERE id=9718734
	-> Rows fetched before execution  (cost=0..0 rows=1)


table 7 : explain SELECT c FROM sbtest7 WHERE id=2931406
	-> Rows fetched before execution  (cost=0..0 rows=1)


table 8 : explain SELECT c FROM sbtest8 WHERE id=3410382
	-> Rows fetched before execution  (cost=0..0 rows=1)


explain: for point_selects :: explain SELECT c FROM sbtest%u WHERE id=%u
for point_selects
table 1 : explain SELECT c FROM sbtest1 WHERE id=5200777
	-> Rows fetched before execution  (cost=0..0 rows=1)


table 2 : explain SELECT c FROM sbtest2 WHERE id=5559934
	-> Rows fetched before execution  (cost=0..0 rows=1)


table 3 : explain SELECT c FROM sbtest3 WHERE id=2993798
	-> Rows fetched before execution  (cost=0..0 rows=1)


table 4 : explain SELECT c FROM sbtest4 WHERE id=3249626
	-> Rows fetched before execution  (cost=0..0 rows=1)


table 5 : explain SELECT c FROM sbtest5 WHERE id=9671417
	-> Rows fetched before execution  (cost=0..0 rows=1)


table 6 : explain SELECT c FROM sbtest6 WHERE id=4603250
	-> Rows fetched before execution  (cost=0..0 rows=1)


table 7 : explain SELECT c FROM sbtest7 WHERE id=9763497
	-> Rows fetched before execution  (cost=0..0 rows=1)


table 8 : explain SELECT c FROM sbtest8 WHERE id=5781733
	-> Rows fetched before execution  (cost=0..0 rows=1)


for point_selects
table 1 : explain SELECT c FROM sbtest1 WHERE id=4277307
	-> Rows fetched before execution  (cost=0..0 rows=1)


table 2 : explain SELECT c FROM sbtest2 WHERE id=9684136
	-> Rows fetched before execution  (cost=0..0 rows=1)


table 3 : explain SELECT c FROM sbtest3 WHERE id=9232172
	-> Rows fetched before execution  (cost=0..0 rows=1)


table 4 : explain SELECT c FROM sbtest4 WHERE id=3714036
	-> Rows fetched before execution  (cost=0..0 rows=1)


table 5 : explain SELECT c FROM sbtest5 WHERE id=9925739
	-> Rows fetched before execution  (cost=0..0 rows=1)


table 6 : explain SELECT c FROM sbtest6 WHERE id=1568473
	-> Rows fetched before execution  (cost=0..0 rows=1)


table 7 : explain SELECT c FROM sbtest7 WHERE id=7644396
	-> Rows fetched before execution  (cost=0..0 rows=1)


table 8 : explain SELECT c FROM sbtest8 WHERE id=514651
	-> Rows fetched before execution  (cost=0..0 rows=1)


explain: for point_selects :: explain SELECT c FROM sbtest%u WHERE id=%u
explain: for point_selects :: explain SELECT c FROM sbtest%u WHERE id=%u
for point_selects
table 1 : explain SELECT c FROM sbtest1 WHERE id=5105808
	-> Rows fetched before execution  (cost=0..0 rows=1)


table 2 : explain SELECT c FROM sbtest2 WHERE id=3706344
	-> Rows fetched before execution  (cost=0..0 rows=1)


table 3 : explain SELECT c FROM sbtest3 WHERE id=2131487
	-> Rows fetched before execution  (cost=0..0 rows=1)


table 4 : explain SELECT c FROM sbtest4 WHERE id=9713779
	-> Rows fetched before execution  (cost=0..0 rows=1)


table 5 : explain SELECT c FROM sbtest5 WHERE id=3801690
	-> Rows fetched before execution  (cost=0..0 rows=1)


table 6 : explain SELECT c FROM sbtest6 WHERE id=9532759
	-> Rows fetched before execution  (cost=0..0 rows=1)


table 7 : explain SELECT c FROM sbtest7 WHERE id=4553480
	-> Rows fetched before execution  (cost=0..0 rows=1)


table 8 : explain SELECT c FROM sbtest8 WHERE id=5239776
	-> Rows fetched before execution  (cost=0..0 rows=1)

explain: for point_selects :: explain SELECT c FROM sbtest%u WHERE id=%u
for point_selects
table 1 : explain SELECT c FROM sbtest1 WHERE id=9004869
	-> Rows fetched before execution  (cost=0..0 rows=1)


table 2 : explain SELECT c FROM sbtest2 WHERE id=8895788
	-> Rows fetched before execution  (cost=0..0 rows=1)


table 3 : explain SELECT c FROM sbtest3 WHERE id=5475118
	-> Rows fetched before execution  (cost=0..0 rows=1)


table 4 : explain SELECT c FROM sbtest4 WHERE id=9484892
	-> Rows fetched before execution  (cost=0..0 rows=1)


table 5 : explain SELECT c FROM sbtest5 WHERE id=9789731
	-> Rows fetched before execution  (cost=0..0 rows=1)


table 6 : explain SELECT c FROM sbtest6 WHERE id=378771
	-> Rows fetched before execution  (cost=0..0 rows=1)


table 7 : explain SELECT c FROM sbtest7 WHERE id=910464
	-> Rows fetched before execution  (cost=0..0 rows=1)


table 8 : explain SELECT c FROM sbtest8 WHERE id=4467990
	-> Rows fetched before execution  (cost=0..0 rows=1)


for point_selects
table 1 : explain SELECT c FROM sbtest1 WHERE id=3871273
	-> Rows fetched before execution  (cost=0..0 rows=1)


table 2 : explain SELECT c FROM sbtest2 WHERE id=3007063
	-> Rows fetched before execution  (cost=0..0 rows=1)


table 3 : explain SELECT c FROM sbtest3 WHERE id=1433551
	-> Rows fetched before execution  (cost=0..0 rows=1)


table 4 : explain SELECT c FROM sbtest4 WHERE id=702565
	-> Rows fetched before execution  (cost=0..0 rows=1)


table 5 : explain SELECT c FROM sbtest5 WHERE id=1945263
	-> Rows fetched before execution  (cost=0..0 rows=1)


table 6 : explain SELECT c FROM sbtest6 WHERE id=6213230
	-> Rows fetched before execution  (cost=0..0 rows=1)


table 7 : explain SELECT c FROM sbtest7 WHERE id=5731096
	-> Rows fetched before execution  (cost=0..0 rows=1)


table 8 : explain SELECT c FROM sbtest8 WHERE id=8789206
	-> Rows fetched before execution  (cost=0..0 rows=1)



explain: for point_selects :: explain SELECT c FROM sbtest%u WHERE id=%u
for point_selects
table 1 : explain SELECT c FROM sbtest1 WHERE id=3146729
	-> Rows fetched before execution  (cost=0..0 rows=1)


table 2 : explain SELECT c FROM sbtest2 WHERE id=8186579
	-> Rows fetched before execution  (cost=0..0 rows=1)


table 3 : explain SELECT c FROM sbtest3 WHERE id=4003437
	-> Rows fetched before execution  (cost=0..0 rows=1)


table 4 : explain SELECT c FROM sbtest4 WHERE id=819322
	-> Rows fetched before execution  (cost=0..0 rows=1)


table 5 : explain SELECT c FROM sbtest5 WHERE id=720571
	-> Rows fetched before execution  (cost=0..0 rows=1)


table 6 : explain SELECT c FROM sbtest6 WHERE id=8461378
	-> Rows fetched before execution  (cost=0..0 rows=1)


table 7 : explain SELECT c FROM sbtest7 WHERE id=3913960
	-> Rows fetched before execution  (cost=0..0 rows=1)


table 8 : explain SELECT c FROM sbtest8 WHERE id=1404719
	-> Rows fetched before execution  (cost=0..0 rows=1)


explain: for point_selects :: explain SELECT c FROM sbtest%u WHERE id=%u
for point_selects
table 1 : explain SELECT c FROM sbtest1 WHERE id=4051250
	-> Rows fetched before execution  (cost=0..0 rows=1)


table 2 : explain SELECT c FROM sbtest2 WHERE id=7259568
	-> Rows fetched before execution  (cost=0..0 rows=1)


table 3 : explain SELECT c FROM sbtest3 WHERE id=5065062
	-> Rows fetched before execution  (cost=0..0 rows=1)


table 4 : explain SELECT c FROM sbtest4 WHERE id=516240
	-> Rows fetched before execution  (cost=0..0 rows=1)


table 5 : explain SELECT c FROM sbtest5 WHERE id=3404608
	-> Rows fetched before execution  (cost=0..0 rows=1)


table 6 : explain SELECT c FROM sbtest6 WHERE id=6273098
	-> Rows fetched before execution  (cost=0..0 rows=1)


table 7 : explain SELECT c FROM sbtest7 WHERE id=1262024
	-> Rows fetched before execution  (cost=0..0 rows=1)


table 8 : explain SELECT c FROM sbtest8 WHERE id=4804221
	-> Rows fetched before execution  (cost=0..0 rows=1)


for point_selects
table 1 : explain SELECT c FROM sbtest1 WHERE id=8376045
	-> Rows fetched before execution  (cost=0..0 rows=1)


table 2 : explain SELECT c FROM sbtest2 WHERE id=5213674
	-> Rows fetched before execution  (cost=0..0 rows=1)


table 3 : explain SELECT c FROM sbtest3 WHERE id=5016991
	-> Rows fetched before execution  (cost=0..0 rows=1)


table 4 : explain SELECT c FROM sbtest4 WHERE id=7971358
	-> Rows fetched before execution  (cost=0..0 rows=1)


table 5 : explain SELECT c FROM sbtest5 WHERE id=6277884
	-> Rows fetched before execution  (cost=0..0 rows=1)


table 6 : explain SELECT c FROM sbtest6 WHERE id=1962997
	-> Rows fetched before execution  (cost=0..0 rows=1)


table 7 : explain SELECT c FROM sbtest7 WHERE id=103789
	-> Rows fetched before execution  (cost=0..0 rows=1)


table 8 : explain SELECT c FROM sbtest8 WHERE id=5265122
	-> Rows fetched before execution  (cost=0..0 rows=1)

for point_selects
table 1 : explain SELECT c FROM sbtest1 WHERE id=2944843
	-> Rows fetched before execution  (cost=0..0 rows=1)


table 2 : explain SELECT c FROM sbtest2 WHERE id=343515
	-> Rows fetched before execution  (cost=0..0 rows=1)


table 3 : explain SELECT c FROM sbtest3 WHERE id=7162533
	-> Rows fetched before execution  (cost=0..0 rows=1)


table 4 : explain SELECT c FROM sbtest4 WHERE id=6681625
	-> Rows fetched before execution  (cost=0..0 rows=1)


table 5 : explain SELECT c FROM sbtest5 WHERE id=3785895
	-> Rows fetched before execution  (cost=0..0 rows=1)


table 6 : explain SELECT c FROM sbtest6 WHERE id=4397822
	-> Rows fetched before execution  (cost=0..0 rows=1)


table 7 : explain SELECT c FROM sbtest7 WHERE id=9359339
	-> Rows fetched before execution  (cost=0..0 rows=1)


table 8 : explain SELECT c FROM sbtest8 WHERE id=5252974
	-> Rows fetched before execution  (cost=0..0 rows=1)

for point_selects
table 1 : explain SELECT c FROM sbtest1 WHERE id=6960703
	-> Rows fetched before execution  (cost=0..0 rows=1)


table 2 : explain SELECT c FROM sbtest2 WHERE id=4102811
	-> Rows fetched before execution  (cost=0..0 rows=1)


table 3 : explain SELECT c FROM sbtest3 WHERE id=7436785
	-> Rows fetched before execution  (cost=0..0 rows=1)


table 4 : explain SELECT c FROM sbtest4 WHERE id=9655771
	-> Rows fetched before execution  (cost=0..0 rows=1)


table 5 : explain SELECT c FROM sbtest5 WHERE id=7419719
	-> Rows fetched before execution  (cost=0..0 rows=1)


table 6 : explain SELECT c FROM sbtest6 WHERE id=1474966
	-> Rows fetched before execution  (cost=0..0 rows=1)


table 7 : explain SELECT c FROM sbtest7 WHERE id=9176600
	-> Rows fetched before execution  (cost=0..0 rows=1)


table 8 : explain SELECT c FROM sbtest8 WHERE id=703762
	-> Rows fetched before execution  (cost=0..0 rows=1)


for point_selects
table 1 : explain SELECT c FROM sbtest1 WHERE id=3213215
	-> Rows fetched before execution  (cost=0..0 rows=1)


table 2 : explain SELECT c FROM sbtest2 WHERE id=8917751
	-> Rows fetched before execution  (cost=0..0 rows=1)


table 3 : explain SELECT c FROM sbtest3 WHERE id=931287
	-> Rows fetched before execution  (cost=0..0 rows=1)


table 4 : explain SELECT c FROM sbtest4 WHERE id=863983
	-> Rows fetched before execution  (cost=0..0 rows=1)


table 5 : explain SELECT c FROM sbtest5 WHERE id=6509641
	-> Rows fetched before execution  (cost=0..0 rows=1)


table 6 : explain SELECT c FROM sbtest6 WHERE id=288574
	-> Rows fetched before execution  (cost=0..0 rows=1)


table 7 : explain SELECT c FROM sbtest7 WHERE id=1785570
	-> Rows fetched before execution  (cost=0..0 rows=1)


table 8 : explain SELECT c FROM sbtest8 WHERE id=7475328
	-> Rows fetched before execution  (cost=0..0 rows=1)


for point_selects
table 1 : explain SELECT c FROM sbtest1 WHERE id=4013128
	-> Rows fetched before execution  (cost=0..0 rows=1)


table 2 : explain SELECT c FROM sbtest2 WHERE id=7331785
	-> Rows fetched before execution  (cost=0..0 rows=1)


table 3 : explain SELECT c FROM sbtest3 WHERE id=1684459
	-> Rows fetched before execution  (cost=0..0 rows=1)


table 4 : explain SELECT c FROM sbtest4 WHERE id=4370344
	-> Rows fetched before execution  (cost=0..0 rows=1)


table 5 : explain SELECT c FROM sbtest5 WHERE id=5268230
	-> Rows fetched before execution  (cost=0..0 rows=1)


table 6 : explain SELECT c FROM sbtest6 WHERE id=9085524
	-> Rows fetched before execution  (cost=0..0 rows=1)


table 7 : explain SELECT c FROM sbtest7 WHERE id=3835622
	-> Rows fetched before execution  (cost=0..0 rows=1)


table 8 : explain SELECT c FROM sbtest8 WHERE id=5774262
	-> Rows fetched before execution  (cost=0..0 rows=1)


for point_selects
table 1 : explain SELECT c FROM sbtest1 WHERE id=7257408
	-> Rows fetched before execution  (cost=0..0 rows=1)


table 2 : explain SELECT c FROM sbtest2 WHERE id=5235420
	-> Rows fetched before execution  (cost=0..0 rows=1)


table 3 : explain SELECT c FROM sbtest3 WHERE id=5286307
	-> Rows fetched before execution  (cost=0..0 rows=1)


table 4 : explain SELECT c FROM sbtest4 WHERE id=7939533
	-> Rows fetched before execution  (cost=0..0 rows=1)


table 5 : explain SELECT c FROM sbtest5 WHERE id=4550329
	-> Rows fetched before execution  (cost=0..0 rows=1)


table 6 : explain SELECT c FROM sbtest6 WHERE id=6697137
	-> Rows fetched before execution  (cost=0..0 rows=1)


table 7 : explain SELECT c FROM sbtest7 WHERE id=9855489
	-> Rows fetched before execution  (cost=0..0 rows=1)


table 8 : explain SELECT c FROM sbtest8 WHERE id=2425145
	-> Rows fetched before execution  (cost=0..0 rows=1)

for point_selects
table 1 : explain SELECT c FROM sbtest1 WHERE id=6779797
	-> Rows fetched before execution  (cost=0..0 rows=1)


table 2 : explain SELECT c FROM sbtest2 WHERE id=8693961
	-> Rows fetched before execution  (cost=0..0 rows=1)


table 3 : explain SELECT c FROM sbtest3 WHERE id=3486973
	-> Rows fetched before execution  (cost=0..0 rows=1)


table 4 : explain SELECT c FROM sbtest4 WHERE id=1295324
	-> Rows fetched before execution  (cost=0..0 rows=1)


table 5 : explain SELECT c FROM sbtest5 WHERE id=778207
	-> Rows fetched before execution  (cost=0..0 rows=1)


table 6 : explain SELECT c FROM sbtest6 WHERE id=7564132
	-> Rows fetched before execution  (cost=0..0 rows=1)


table 7 : explain SELECT c FROM sbtest7 WHERE id=3210891
	-> Rows fetched before execution  (cost=0..0 rows=1)


table 8 : explain SELECT c FROM sbtest8 WHERE id=7685171
	-> Rows fetched before execution  (cost=0..0 rows=1)

for point_selects
table 1 : explain SELECT c FROM sbtest1 WHERE id=3234575
	-> Rows fetched before execution  (cost=0..0 rows=1)


table 2 : explain SELECT c FROM sbtest2 WHERE id=426455
	-> Rows fetched before execution  (cost=0..0 rows=1)


table 3 : explain SELECT c FROM sbtest3 WHERE id=9007872
	-> Rows fetched before execution  (cost=0..0 rows=1)


table 4 : explain SELECT c FROM sbtest4 WHERE id=6700451
	-> Rows fetched before execution  (cost=0..0 rows=1)


table 5 : explain SELECT c FROM sbtest5 WHERE id=7666142
	-> Rows fetched before execution  (cost=0..0 rows=1)


table 6 : explain SELECT c FROM sbtest6 WHERE id=6741907
	-> Rows fetched before execution  (cost=0..0 rows=1)


table 7 : explain SELECT c FROM sbtest7 WHERE id=4996867
	-> Rows fetched before execution  (cost=0..0 rows=1)


table 8 : explain SELECT c FROM sbtest8 WHERE id=7824162
	-> Rows fetched before execution  (cost=0..0 rows=1)

for point_selects
table 1 : explain SELECT c FROM sbtest1 WHERE id=5303309
	-> Rows fetched before execution  (cost=0..0 rows=1)


table 2 : explain SELECT c FROM sbtest2 WHERE id=909238
	-> Rows fetched before execution  (cost=0..0 rows=1)


table 3 : explain SELECT c FROM sbtest3 WHERE id=9716045
	-> Rows fetched before execution  (cost=0..0 rows=1)


table 4 : explain SELECT c FROM sbtest4 WHERE id=7448232
	-> Rows fetched before execution  (cost=0..0 rows=1)


table 5 : explain SELECT c FROM sbtest5 WHERE id=3794268
	-> Rows fetched before execution  (cost=0..0 rows=1)


table 6 : explain SELECT c FROM sbtest6 WHERE id=183085
	-> Rows fetched before execution  (cost=0..0 rows=1)


table 7 : explain SELECT c FROM sbtest7 WHERE id=2991912
	-> Rows fetched before execution  (cost=0..0 rows=1)


table 8 : explain SELECT c FROM sbtest8 WHERE id=1833936
	-> Rows fetched before execution  (cost=0..0 rows=1)


for point_selects
table 1 : explain SELECT c FROM sbtest1 WHERE id=6861675
	-> Rows fetched before execution  (cost=0..0 rows=1)


table 2 : explain SELECT c FROM sbtest2 WHERE id=2864620
	-> Rows fetched before execution  (cost=0..0 rows=1)


table 3 : explain SELECT c FROM sbtest3 WHERE id=8723879
	-> Rows fetched before execution  (cost=0..0 rows=1)


table 4 : explain SELECT c FROM sbtest4 WHERE id=4373431
	-> Rows fetched before execution  (cost=0..0 rows=1)


table 5 : explain SELECT c FROM sbtest5 WHERE id=3707436
	-> Rows fetched before execution  (cost=0..0 rows=1)


table 6 : explain SELECT c FROM sbtest6 WHERE id=7294944
	-> Rows fetched before execution  (cost=0..0 rows=1)


table 7 : explain SELECT c FROM sbtest7 WHERE id=5361203
	-> Rows fetched before execution  (cost=0..0 rows=1)


table 8 : explain SELECT c FROM sbtest8 WHERE id=3519194
	-> Rows fetched before execution  (cost=0..0 rows=1)



for point_selects
table 1 : explain SELECT c FROM sbtest1 WHERE id=4268717
	-> Rows fetched before execution  (cost=0..0 rows=1)


table 2 : explain SELECT c FROM sbtest2 WHERE id=3716358
	-> Rows fetched before execution  (cost=0..0 rows=1)


table 3 : explain SELECT c FROM sbtest3 WHERE id=4458356
	-> Rows fetched before execution  (cost=0..0 rows=1)


table 4 : explain SELECT c FROM sbtest4 WHERE id=5161371
	-> Rows fetched before execution  (cost=0..0 rows=1)


table 5 : explain SELECT c FROM sbtest5 WHERE id=2598108
	-> Rows fetched before execution  (cost=0..0 rows=1)


table 6 : explain SELECT c FROM sbtest6 WHERE id=2274160
	-> Rows fetched before execution  (cost=0..0 rows=1)


table 7 : explain SELECT c FROM sbtest7 WHERE id=3183260
	-> Rows fetched before execution  (cost=0..0 rows=1)


table 8 : explain SELECT c FROM sbtest8 WHERE id=7985093
	-> Rows fetched before execution  (cost=0..0 rows=1)




explain: for point_selects :: explain SELECT c FROM sbtest%u WHERE id=%u

for point_selects
table 1 : explain SELECT c FROM sbtest1 WHERE id=831464
	-> Rows fetched before execution  (cost=0..0 rows=1)


table 2 : explain SELECT c FROM sbtest2 WHERE id=9385013
	-> Rows fetched before execution  (cost=0..0 rows=1)


table 3 : explain SELECT c FROM sbtest3 WHERE id=4346904
	-> Rows fetched before execution  (cost=0..0 rows=1)


table 4 : explain SELECT c FROM sbtest4 WHERE id=3086485
	-> Rows fetched before execution  (cost=0..0 rows=1)


table 5 : explain SELECT c FROM sbtest5 WHERE id=998985
	-> Rows fetched before execution  (cost=0..0 rows=1)


table 6 : explain SELECT c FROM sbtest6 WHERE id=9090337
	-> Rows fetched before execution  (cost=0..0 rows=1)


table 7 : explain SELECT c FROM sbtest7 WHERE id=5531258
	-> Rows fetched before execution  (cost=0..0 rows=1)


table 8 : explain SELECT c FROM sbtest8 WHERE id=3905833
	-> Rows fetched before execution  (cost=0..0 rows=1)


for point_selects
table 1 : explain SELECT c FROM sbtest1 WHERE id=5260788
	-> Rows fetched before execution  (cost=0..0 rows=1)


table 2 : explain SELECT c FROM sbtest2 WHERE id=6954860
	-> Rows fetched before execution  (cost=0..0 rows=1)


table 3 : explain SELECT c FROM sbtest3 WHERE id=1824153
	-> Rows fetched before execution  (cost=0..0 rows=1)


table 4 : explain SELECT c FROM sbtest4 WHERE id=849805
	-> Rows fetched before execution  (cost=0..0 rows=1)


table 5 : explain SELECT c FROM sbtest5 WHERE id=862394
	-> Rows fetched before execution  (cost=0..0 rows=1)


table 6 : explain SELECT c FROM sbtest6 WHERE id=9989873
	-> Rows fetched before execution  (cost=0..0 rows=1)


table 7 : explain SELECT c FROM sbtest7 WHERE id=67130
	-> Rows fetched before execution  (cost=0..0 rows=1)


table 8 : explain SELECT c FROM sbtest8 WHERE id=9103770
	-> Rows fetched before execution  (cost=0..0 rows=1)


for point_selects
table 1 : explain SELECT c FROM sbtest1 WHERE id=5500408
	-> Rows fetched before execution  (cost=0..0 rows=1)


table 2 : explain SELECT c FROM sbtest2 WHERE id=1219776
	-> Rows fetched before execution  (cost=0..0 rows=1)


table 3 : explain SELECT c FROM sbtest3 WHERE id=9336035
	-> Rows fetched before execution  (cost=0..0 rows=1)


table 4 : explain SELECT c FROM sbtest4 WHERE id=1965636
	-> Rows fetched before execution  (cost=0..0 rows=1)


table 5 : explain SELECT c FROM sbtest5 WHERE id=596336
	-> Rows fetched before execution  (cost=0..0 rows=1)


table 6 : explain SELECT c FROM sbtest6 WHERE id=6658131
	-> Rows fetched before execution  (cost=0..0 rows=1)


table 7 : explain SELECT c FROM sbtest7 WHERE id=8040487
	-> Rows fetched before execution  (cost=0..0 rows=1)


table 8 : explain SELECT c FROM sbtest8 WHERE id=7612383
	-> Rows fetched before execution  (cost=0..0 rows=1)



for point_selects
table 1 : explain SELECT c FROM sbtest1 WHERE id=4626127
	-> Rows fetched before execution  (cost=0..0 rows=1)


table 2 : explain SELECT c FROM sbtest2 WHERE id=7587678
	-> Rows fetched before execution  (cost=0..0 rows=1)


table 3 : explain SELECT c FROM sbtest3 WHERE id=6924367
	-> Rows fetched before execution  (cost=0..0 rows=1)


table 4 : explain SELECT c FROM sbtest4 WHERE id=5258728
	-> Rows fetched before execution  (cost=0..0 rows=1)


table 5 : explain SELECT c FROM sbtest5 WHERE id=5986315
	-> Rows fetched before execution  (cost=0..0 rows=1)


table 6 : explain SELECT c FROM sbtest6 WHERE id=443718
	-> Rows fetched before execution  (cost=0..0 rows=1)


table 7 : explain SELECT c FROM sbtest7 WHERE id=9274995
	-> Rows fetched before execution  (cost=0..0 rows=1)


table 8 : explain SELECT c FROM sbtest8 WHERE id=3794439
	-> Rows fetched before execution  (cost=0..0 rows=1)



for point_selects
table 1 : explain SELECT c FROM sbtest1 WHERE id=3774497
	-> Rows fetched before execution  (cost=0..0 rows=1)


table 2 : explain SELECT c FROM sbtest2 WHERE id=8584100
	-> Rows fetched before execution  (cost=0..0 rows=1)


table 3 : explain SELECT c FROM sbtest3 WHERE id=649361
	-> Rows fetched before execution  (cost=0..0 rows=1)


table 4 : explain SELECT c FROM sbtest4 WHERE id=3054802
	-> Rows fetched before execution  (cost=0..0 rows=1)


table 5 : explain SELECT c FROM sbtest5 WHERE id=2469108
	-> Rows fetched before execution  (cost=0..0 rows=1)


table 6 : explain SELECT c FROM sbtest6 WHERE id=3360968
	-> Rows fetched before execution  (cost=0..0 rows=1)


table 7 : explain SELECT c FROM sbtest7 WHERE id=6155017
	-> Rows fetched before execution  (cost=0..0 rows=1)


table 8 : explain SELECT c FROM sbtest8 WHERE id=231390
	-> Rows fetched before execution  (cost=0..0 rows=1)


for point_selects
table 1 : explain SELECT c FROM sbtest1 WHERE id=1859613
	-> Rows fetched before execution  (cost=0..0 rows=1)


table 2 : explain SELECT c FROM sbtest2 WHERE id=4276405
	-> Rows fetched before execution  (cost=0..0 rows=1)


table 3 : explain SELECT c FROM sbtest3 WHERE id=4209960
	-> Rows fetched before execution  (cost=0..0 rows=1)


table 4 : explain SELECT c FROM sbtest4 WHERE id=7256173
	-> Rows fetched before execution  (cost=0..0 rows=1)


table 5 : explain SELECT c FROM sbtest5 WHERE id=1620706
	-> Rows fetched before execution  (cost=0..0 rows=1)


table 6 : explain SELECT c FROM sbtest6 WHERE id=5681128
	-> Rows fetched before execution  (cost=0..0 rows=1)


table 7 : explain SELECT c FROM sbtest7 WHERE id=9360307
	-> Rows fetched before execution  (cost=0..0 rows=1)


table 8 : explain SELECT c FROM sbtest8 WHERE id=1618177
	-> Rows fetched before execution  (cost=0..0 rows=1)

for point_selects
table 1 : explain SELECT c FROM sbtest1 WHERE id=2286114
	-> Rows fetched before execution  (cost=0..0 rows=1)


table 2 : explain SELECT c FROM sbtest2 WHERE id=6711779
	-> Rows fetched before execution  (cost=0..0 rows=1)


table 3 : explain SELECT c FROM sbtest3 WHERE id=5911529
	-> Rows fetched before execution  (cost=0..0 rows=1)


table 4 : explain SELECT c FROM sbtest4 WHERE id=1828203
	-> Rows fetched before execution  (cost=0..0 rows=1)


table 5 : explain SELECT c FROM sbtest5 WHERE id=2202591
	-> Rows fetched before execution  (cost=0..0 rows=1)


table 6 : explain SELECT c FROM sbtest6 WHERE id=6585208
	-> Rows fetched before execution  (cost=0..0 rows=1)


table 7 : explain SELECT c FROM sbtest7 WHERE id=52240
	-> Rows fetched before execution  (cost=0..0 rows=1)


table 8 : explain SELECT c FROM sbtest8 WHERE id=146138
	-> Rows fetched before execution  (cost=0..0 rows=1)



for point_selects
table 1 : explain SELECT c FROM sbtest1 WHERE id=4037662
	-> Rows fetched before execution  (cost=0..0 rows=1)


table 2 : explain SELECT c FROM sbtest2 WHERE id=304209
	-> Rows fetched before execution  (cost=0..0 rows=1)


table 3 : explain SELECT c FROM sbtest3 WHERE id=9915690
	-> Rows fetched before execution  (cost=0..0 rows=1)


table 4 : explain SELECT c FROM sbtest4 WHERE id=2013667
	-> Rows fetched before execution  (cost=0..0 rows=1)


table 5 : explain SELECT c FROM sbtest5 WHERE id=6070630
	-> Rows fetched before execution  (cost=0..0 rows=1)


table 6 : explain SELECT c FROM sbtest6 WHERE id=465723
	-> Rows fetched before execution  (cost=0..0 rows=1)


table 7 : explain SELECT c FROM sbtest7 WHERE id=1867145
	-> Rows fetched before execution  (cost=0..0 rows=1)


table 8 : explain SELECT c FROM sbtest8 WHERE id=6150365
	-> Rows fetched before execution  (cost=0..0 rows=1)


for: simple_ranges
table 1 : explain SELECT c FROM sbtest1 WHERE id BETWEEN 7303767 AND 7303866
	-> Filter: (sbtest1.id between 7303767 and 7303866)  (cost=20.4 rows=100)
    -> Index range scan on sbtest1 using PRIMARY over (7303767 <= id <= 7303866)  (cost=20.4 rows=100)


table 2 : explain SELECT c FROM sbtest2 WHERE id BETWEEN 4509995 AND 4510094
	-> Filter: (sbtest2.id between 4509995 and 4510094)  (cost=20.4 rows=100)
    -> Index range scan on sbtest2 using PRIMARY over (4509995 <= id <= 4510094)  (cost=20.4 rows=100)


table 3 : explain SELECT c FROM sbtest3 WHERE id BETWEEN 2022009 AND 2022108
	-> Filter: (sbtest3.id between 2022009 and 2022108)  (cost=20.4 rows=100)
    -> Index range scan on sbtest3 using PRIMARY over (2022009 <= id <= 2022108)  (cost=20.4 rows=100)


table 4 : explain SELECT c FROM sbtest4 WHERE id BETWEEN 8664403 AND 8664502
	-> Filter: (sbtest4.id between 8664403 and 8664502)  (cost=20.4 rows=100)
    -> Index range scan on sbtest4 using PRIMARY over (8664403 <= id <= 8664502)  (cost=20.4 rows=100)


table 5 : explain SELECT c FROM sbtest5 WHERE id BETWEEN 3819787 AND 3819886
	-> Filter: (sbtest5.id between 3819787 and 3819886)  (cost=20.4 rows=100)
    -> Index range scan on sbtest5 using PRIMARY over (3819787 <= id <= 3819886)  (cost=20.4 rows=100)


table 6 : explain SELECT c FROM sbtest6 WHERE id BETWEEN 4579771 AND 4579870
	-> Filter: (sbtest6.id between 4579771 and 4579870)  (cost=20.4 rows=100)
    -> Index range scan on sbtest6 using PRIMARY over (4579771 <= id <= 4579870)  (cost=20.4 rows=100)


table 7 : explain SELECT c FROM sbtest7 WHERE id BETWEEN 6894426 AND 6894525
	-> Filter: (sbtest7.id between 6894426 and 6894525)  (cost=20.4 rows=100)
    -> Index range scan on sbtest7 using PRIMARY over (6894426 <= id <= 6894525)  (cost=20.4 rows=100)


table 8 : explain SELECT c FROM sbtest8 WHERE id BETWEEN 866800 AND 866899
	-> Filter: (sbtest8.id between 866800 and 866899)  (cost=20.4 rows=100)
    -> Index range scan on sbtest8 using PRIMARY over (866800 <= id <= 866899)  (cost=20.4 rows=100)


for point_selects
table 1 : explain SELECT c FROM sbtest1 WHERE id=7424251
	-> Rows fetched before execution  (cost=0..0 rows=1)


table 2 : explain SELECT c FROM sbtest2 WHERE id=496316
	-> Rows fetched before execution  (cost=0..0 rows=1)


table 3 : explain SELECT c FROM sbtest3 WHERE id=7940612
	-> Rows fetched before execution  (cost=0..0 rows=1)


table 4 : explain SELECT c FROM sbtest4 WHERE id=9258869
	-> Rows fetched before execution  (cost=0..0 rows=1)


table 5 : explain SELECT c FROM sbtest5 WHERE id=9304220
	-> Rows fetched before execution  (cost=0..0 rows=1)


table 6 : explain SELECT c FROM sbtest6 WHERE id=9807541
	-> Rows fetched before execution  (cost=0..0 rows=1)


table 7 : explain SELECT c FROM sbtest7 WHERE id=8958732
	-> Rows fetched before execution  (cost=0..0 rows=1)


table 8 : explain SELECT c FROM sbtest8 WHERE id=5866852
	-> Rows fetched before execution  (cost=0..0 rows=1)

for point_selects
table 1 : explain SELECT c FROM sbtest1 WHERE id=1719277
	-> Rows fetched before execution  (cost=0..0 rows=1)


table 2 : explain SELECT c FROM sbtest2 WHERE id=5696459
	-> Rows fetched before execution  (cost=0..0 rows=1)


table 3 : explain SELECT c FROM sbtest3 WHERE id=2051179
	-> Rows fetched before execution  (cost=0..0 rows=1)


table 4 : explain SELECT c FROM sbtest4 WHERE id=2822077
	-> Rows fetched before execution  (cost=0..0 rows=1)


table 5 : explain SELECT c FROM sbtest5 WHERE id=7757245
	-> Rows fetched before execution  (cost=0..0 rows=1)


table 6 : explain SELECT c FROM sbtest6 WHERE id=6731128
	-> Rows fetched before execution  (cost=0..0 rows=1)


table 7 : explain SELECT c FROM sbtest7 WHERE id=4886138
	-> Rows fetched before execution  (cost=0..0 rows=1)


table 8 : explain SELECT c FROM sbtest8 WHERE id=3664158
	-> Rows fetched before execution  (cost=0..0 rows=1)


for point_selects
table 1 : explain SELECT c FROM sbtest1 WHERE id=3828661
	-> Rows fetched before execution  (cost=0..0 rows=1)


table 2 : explain SELECT c FROM sbtest2 WHERE id=5649671
	-> Rows fetched before execution  (cost=0..0 rows=1)


table 3 : explain SELECT c FROM sbtest3 WHERE id=9908729
	-> Rows fetched before execution  (cost=0..0 rows=1)


table 4 : explain SELECT c FROM sbtest4 WHERE id=5971302
	-> Rows fetched before execution  (cost=0..0 rows=1)


table 5 : explain SELECT c FROM sbtest5 WHERE id=8861000
	-> Rows fetched before execution  (cost=0..0 rows=1)


table 6 : explain SELECT c FROM sbtest6 WHERE id=9735914
	-> Rows fetched before execution  (cost=0..0 rows=1)


table 7 : explain SELECT c FROM sbtest7 WHERE id=6553391
	-> Rows fetched before execution  (cost=0..0 rows=1)


table 8 : explain SELECT c FROM sbtest8 WHERE id=2246091
	-> Rows fetched before execution  (cost=0..0 rows=1)


for point_selects
table 1 : explain SELECT c FROM sbtest1 WHERE id=1319867
	-> Rows fetched before execution  (cost=0..0 rows=1)


table 2 : explain SELECT c FROM sbtest2 WHERE id=8629653
	-> Rows fetched before execution  (cost=0..0 rows=1)


table 3 : explain SELECT c FROM sbtest3 WHERE id=7708387
	-> Rows fetched before execution  (cost=0..0 rows=1)


table 4 : explain SELECT c FROM sbtest4 WHERE id=3509459
	-> Rows fetched before execution  (cost=0..0 rows=1)


table 5 : explain SELECT c FROM sbtest5 WHERE id=1505049
	-> Rows fetched before execution  (cost=0..0 rows=1)


table 6 : explain SELECT c FROM sbtest6 WHERE id=8573622
	-> Rows fetched before execution  (cost=0..0 rows=1)


table 7 : explain SELECT c FROM sbtest7 WHERE id=8957888
	-> Rows fetched before execution  (cost=0..0 rows=1)


table 8 : explain SELECT c FROM sbtest8 WHERE id=9985316
	-> Rows fetched before execution  (cost=0..0 rows=1)


for point_selects
table 1 : explain SELECT c FROM sbtest1 WHERE id=2544090
	-> Rows fetched before execution  (cost=0..0 rows=1)


table 2 : explain SELECT c FROM sbtest2 WHERE id=5486121
	-> Rows fetched before execution  (cost=0..0 rows=1)


table 3 : explain SELECT c FROM sbtest3 WHERE id=2003149
	-> Rows fetched before execution  (cost=0..0 rows=1)


table 4 : explain SELECT c FROM sbtest4 WHERE id=2190663
	-> Rows fetched before execution  (cost=0..0 rows=1)


table 5 : explain SELECT c FROM sbtest5 WHERE id=250386
	-> Rows fetched before execution  (cost=0..0 rows=1)


table 6 : explain SELECT c FROM sbtest6 WHERE id=7798606
	-> Rows fetched before execution  (cost=0..0 rows=1)


table 7 : explain SELECT c FROM sbtest7 WHERE id=9311446
	-> Rows fetched before execution  (cost=0..0 rows=1)


table 8 : explain SELECT c FROM sbtest8 WHERE id=5488498
	-> Rows fetched before execution  (cost=0..0 rows=1)


for: simple_ranges
table 1 : explain SELECT c FROM sbtest1 WHERE id BETWEEN 3592057 AND 3592156
	-> Filter: (sbtest1.id between 3592057 and 3592156)  (cost=20.4 rows=100)
    -> Index range scan on sbtest1 using PRIMARY over (3592057 <= id <= 3592156)  (cost=20.4 rows=100)


table 2 : explain SELECT c FROM sbtest2 WHERE id BETWEEN 8332673 AND 8332772
	-> Filter: (sbtest2.id between 8332673 and 8332772)  (cost=20.4 rows=100)
    -> Index range scan on sbtest2 using PRIMARY over (8332673 <= id <= 8332772)  (cost=20.4 rows=100)


table 3 : explain SELECT c FROM sbtest3 WHERE id BETWEEN 466185 AND 466284
	-> Filter: (sbtest3.id between 466185 and 466284)  (cost=20.4 rows=100)
    -> Index range scan on sbtest3 using PRIMARY over (466185 <= id <= 466284)  (cost=20.4 rows=100)


table 4 : explain SELECT c FROM sbtest4 WHERE id BETWEEN 3889760 AND 3889859
	-> Filter: (sbtest4.id between 3889760 and 3889859)  (cost=20.4 rows=100)
    -> Index range scan on sbtest4 using PRIMARY over (3889760 <= id <= 3889859)  (cost=20.4 rows=100)


table 5 : explain SELECT c FROM sbtest5 WHERE id BETWEEN 3192836 AND 3192935
	-> Filter: (sbtest5.id between 3192836 and 3192935)  (cost=20.4 rows=100)
    -> Index range scan on sbtest5 using PRIMARY over (3192836 <= id <= 3192935)  (cost=20.4 rows=100)


table 6 : explain SELECT c FROM sbtest6 WHERE id BETWEEN 9132762 AND 9132861
	-> Filter: (sbtest6.id between 9132762 and 9132861)  (cost=20.4 rows=100)
    -> Index range scan on sbtest6 using PRIMARY over (9132762 <= id <= 9132861)  (cost=20.4 rows=100)


table 7 : explain SELECT c FROM sbtest7 WHERE id BETWEEN 6103708 AND 6103807
	-> Filter: (sbtest7.id between 6103708 and 6103807)  (cost=20.4 rows=100)
    -> Index range scan on sbtest7 using PRIMARY over (6103708 <= id <= 6103807)  (cost=20.4 rows=100)


table 8 : explain SELECT c FROM sbtest8 WHERE id BETWEEN 9354 AND 9453
	-> Filter: (sbtest8.id between 9354 and 9453)  (cost=20.4 rows=100)
    -> Index range scan on sbtest8 using PRIMARY over (9354 <= id <= 9453)  (cost=20.4 rows=100)


for point_selects
table 1 : explain SELECT c FROM sbtest1 WHERE id=1912643
	-> Rows fetched before execution  (cost=0..0 rows=1)


table 2 : explain SELECT c FROM sbtest2 WHERE id=970069
	-> Rows fetched before execution  (cost=0..0 rows=1)


table 3 : explain SELECT c FROM sbtest3 WHERE id=4512686
	-> Rows fetched before execution  (cost=0..0 rows=1)


table 4 : explain SELECT c FROM sbtest4 WHERE id=6607029
	-> Rows fetched before execution  (cost=0..0 rows=1)


table 5 : explain SELECT c FROM sbtest5 WHERE id=2670972
	-> Rows fetched before execution  (cost=0..0 rows=1)


table 6 : explain SELECT c FROM sbtest6 WHERE id=2208781
	-> Rows fetched before execution  (cost=0..0 rows=1)


table 7 : explain SELECT c FROM sbtest7 WHERE id=3136452
	-> Rows fetched before execution  (cost=0..0 rows=1)


table 8 : explain SELECT c FROM sbtest8 WHERE id=2748863
	-> Rows fetched before execution  (cost=0..0 rows=1)



for point_selects
table 1 : explain SELECT c FROM sbtest1 WHERE id=7860115
	-> Rows fetched before execution  (cost=0..0 rows=1)


table 2 : explain SELECT c FROM sbtest2 WHERE id=1568450
	-> Rows fetched before execution  (cost=0..0 rows=1)


table 3 : explain SELECT c FROM sbtest3 WHERE id=8539625
	-> Rows fetched before execution  (cost=0..0 rows=1)


table 4 : explain SELECT c FROM sbtest4 WHERE id=4618581
	-> Rows fetched before execution  (cost=0..0 rows=1)


table 5 : explain SELECT c FROM sbtest5 WHERE id=3321390
	-> Rows fetched before execution  (cost=0..0 rows=1)


table 6 : explain SELECT c FROM sbtest6 WHERE id=4498095
	-> Rows fetched before execution  (cost=0..0 rows=1)


table 7 : explain SELECT c FROM sbtest7 WHERE id=1310398
	-> Rows fetched before execution  (cost=0..0 rows=1)


table 8 : explain SELECT c FROM sbtest8 WHERE id=9861979
	-> Rows fetched before execution  (cost=0..0 rows=1)


for point_selects
table 1 : explain SELECT c FROM sbtest1 WHERE id=7405297
	-> Rows fetched before execution  (cost=0..0 rows=1)


table 2 : explain SELECT c FROM sbtest2 WHERE id=7788439
	-> Rows fetched before execution  (cost=0..0 rows=1)


table 3 : explain SELECT c FROM sbtest3 WHERE id=1165634
	-> Rows fetched before execution  (cost=0..0 rows=1)


table 4 : explain SELECT c FROM sbtest4 WHERE id=2616746
	-> Rows fetched before execution  (cost=0..0 rows=1)


table 5 : explain SELECT c FROM sbtest5 WHERE id=3992925
	-> Rows fetched before execution  (cost=0..0 rows=1)


table 6 : explain SELECT c FROM sbtest6 WHERE id=7597051
	-> Rows fetched before execution  (cost=0..0 rows=1)


table 7 : explain SELECT c FROM sbtest7 WHERE id=3093550
	-> Rows fetched before execution  (cost=0..0 rows=1)


table 8 : explain SELECT c FROM sbtest8 WHERE id=9544806
	-> Rows fetched before execution  (cost=0..0 rows=1)


for: simple_ranges
table 1 : explain SELECT c FROM sbtest1 WHERE id BETWEEN 2669200 AND 2669299
	-> Filter: (sbtest1.id between 2669200 and 2669299)  (cost=20.4 rows=100)
    -> Index range scan on sbtest1 using PRIMARY over (2669200 <= id <= 2669299)  (cost=20.4 rows=100)


table 2 : explain SELECT c FROM sbtest2 WHERE id BETWEEN 3068613 AND 3068712
	-> Filter: (sbtest2.id between 3068613 and 3068712)  (cost=20.4 rows=100)
    -> Index range scan on sbtest2 using PRIMARY over (3068613 <= id <= 3068712)  (cost=20.4 rows=100)


table 3 : explain SELECT c FROM sbtest3 WHERE id BETWEEN 2526409 AND 2526508
	-> Filter: (sbtest3.id between 2526409 and 2526508)  (cost=20.4 rows=100)
    -> Index range scan on sbtest3 using PRIMARY over (2526409 <= id <= 2526508)  (cost=20.4 rows=100)


table 4 : explain SELECT c FROM sbtest4 WHERE id BETWEEN 9684191 AND 9684290
	-> Filter: (sbtest4.id between 9684191 and 9684290)  (cost=20.4 rows=100)
    -> Index range scan on sbtest4 using PRIMARY over (9684191 <= id <= 9684290)  (cost=20.4 rows=100)


table 5 : explain SELECT c FROM sbtest5 WHERE id BETWEEN 1475041 AND 1475140
	-> Filter: (sbtest5.id between 1475041 and 1475140)  (cost=20.4 rows=100)
    -> Index range scan on sbtest5 using PRIMARY over (1475041 <= id <= 1475140)  (cost=20.4 rows=100)


table 6 : explain SELECT c FROM sbtest6 WHERE id BETWEEN 4801731 AND 4801830
	-> Filter: (sbtest6.id between 4801731 and 4801830)  (cost=20.4 rows=100)
    -> Index range scan on sbtest6 using PRIMARY over (4801731 <= id <= 4801830)  (cost=20.4 rows=100)


table 7 : explain SELECT c FROM sbtest7 WHERE id BETWEEN 3960220 AND 3960319
	-> Filter: (sbtest7.id between 3960220 and 3960319)  (cost=20.4 rows=100)
    -> Index range scan on sbtest7 using PRIMARY over (3960220 <= id <= 3960319)  (cost=20.4 rows=100)


table 8 : explain SELECT c FROM sbtest8 WHERE id BETWEEN 2228029 AND 2228128
	-> Filter: (sbtest8.id between 2228029 and 2228128)  (cost=20.4 rows=100)
    -> Index range scan on sbtest8 using PRIMARY over (2228029 <= id <= 2228128)  (cost=20.4 rows=100)


for point_selects
table 1 : explain SELECT c FROM sbtest1 WHERE id=3886030
	-> Rows fetched before execution  (cost=0..0 rows=1)


table 2 : explain SELECT c FROM sbtest2 WHERE id=765706
	-> Rows fetched before execution  (cost=0..0 rows=1)


table 3 : explain SELECT c FROM sbtest3 WHERE id=5483067
	-> Rows fetched before execution  (cost=0..0 rows=1)


table 4 : explain SELECT c FROM sbtest4 WHERE id=7327342
	-> Rows fetched before execution  (cost=0..0 rows=1)


table 5 : explain SELECT c FROM sbtest5 WHERE id=505211
	-> Rows fetched before execution  (cost=0..0 rows=1)


table 6 : explain SELECT c FROM sbtest6 WHERE id=1638603
	-> Rows fetched before execution  (cost=0..0 rows=1)


table 7 : explain SELECT c FROM sbtest7 WHERE id=3073203
	-> Rows fetched before execution  (cost=0..0 rows=1)


table 8 : explain SELECT c FROM sbtest8 WHERE id=869831
	-> Rows fetched before execution  (cost=0..0 rows=1)


for: simple_ranges
table 1 : explain SELECT c FROM sbtest1 WHERE id BETWEEN 2855579 AND 2855678
	-> Filter: (sbtest1.id between 2855579 and 2855678)  (cost=20.4 rows=100)
    -> Index range scan on sbtest1 using PRIMARY over (2855579 <= id <= 2855678)  (cost=20.4 rows=100)


table 2 : explain SELECT c FROM sbtest2 WHERE id BETWEEN 3271940 AND 3272039
	-> Filter: (sbtest2.id between 3271940 and 3272039)  (cost=20.4 rows=100)
    -> Index range scan on sbtest2 using PRIMARY over (3271940 <= id <= 3272039)  (cost=20.4 rows=100)


table 3 : explain SELECT c FROM sbtest3 WHERE id BETWEEN 596539 AND 596638
	-> Filter: (sbtest3.id between 596539 and 596638)  (cost=20.4 rows=100)
    -> Index range scan on sbtest3 using PRIMARY over (596539 <= id <= 596638)  (cost=20.4 rows=100)


table 4 : explain SELECT c FROM sbtest4 WHERE id BETWEEN 9363909 AND 9364008
	-> Filter: (sbtest4.id between 9363909 and 9364008)  (cost=20.4 rows=100)
    -> Index range scan on sbtest4 using PRIMARY over (9363909 <= id <= 9364008)  (cost=20.4 rows=100)


table 5 : explain SELECT c FROM sbtest5 WHERE id BETWEEN 6635666 AND 6635765
	-> Filter: (sbtest5.id between 6635666 and 6635765)  (cost=20.4 rows=100)
    -> Index range scan on sbtest5 using PRIMARY over (6635666 <= id <= 6635765)  (cost=20.4 rows=100)


table 6 : explain SELECT c FROM sbtest6 WHERE id BETWEEN 6188112 AND 6188211
	-> Filter: (sbtest6.id between 6188112 and 6188211)  (cost=20.4 rows=100)
    -> Index range scan on sbtest6 using PRIMARY over (6188112 <= id <= 6188211)  (cost=20.4 rows=100)


table 7 : explain SELECT c FROM sbtest7 WHERE id BETWEEN 3363877 AND 3363976
	-> Filter: (sbtest7.id between 3363877 and 3363976)  (cost=20.4 rows=100)
    -> Index range scan on sbtest7 using PRIMARY over (3363877 <= id <= 3363976)  (cost=20.4 rows=100)


table 8 : explain SELECT c FROM sbtest8 WHERE id BETWEEN 8946277 AND 8946376
	-> Filter: (sbtest8.id between 8946277 and 8946376)  (cost=20.4 rows=100)
    -> Index range scan on sbtest8 using PRIMARY over (8946277 <= id <= 8946376)  (cost=20.4 rows=100)


for: simple_ranges
table 1 : explain SELECT c FROM sbtest1 WHERE id BETWEEN 2883753 AND 2883852
	-> Filter: (sbtest1.id between 2883753 and 2883852)  (cost=20.4 rows=100)
    -> Index range scan on sbtest1 using PRIMARY over (2883753 <= id <= 2883852)  (cost=20.4 rows=100)


table 2 : explain SELECT c FROM sbtest2 WHERE id BETWEEN 8885990 AND 8886089
	-> Filter: (sbtest2.id between 8885990 and 8886089)  (cost=20.4 rows=100)
    -> Index range scan on sbtest2 using PRIMARY over (8885990 <= id <= 8886089)  (cost=20.4 rows=100)


table 3 : explain SELECT c FROM sbtest3 WHERE id BETWEEN 3064464 AND 3064563
	-> Filter: (sbtest3.id between 3064464 and 3064563)  (cost=20.4 rows=100)
    -> Index range scan on sbtest3 using PRIMARY over (3064464 <= id <= 3064563)  (cost=20.4 rows=100)


table 4 : explain SELECT c FROM sbtest4 WHERE id BETWEEN 9810295 AND 9810394
	-> Filter: (sbtest4.id between 9810295 and 9810394)  (cost=20.4 rows=100)
    -> Index range scan on sbtest4 using PRIMARY over (9810295 <= id <= 9810394)  (cost=20.4 rows=100)


table 5 : explain SELECT c FROM sbtest5 WHERE id BETWEEN 2549447 AND 2549546
	-> Filter: (sbtest5.id between 2549447 and 2549546)  (cost=20.4 rows=100)
    -> Index range scan on sbtest5 using PRIMARY over (2549447 <= id <= 2549546)  (cost=20.4 rows=100)


table 6 : explain SELECT c FROM sbtest6 WHERE id BETWEEN 7262760 AND 7262859
	-> Filter: (sbtest6.id between 7262760 and 7262859)  (cost=20.4 rows=100)
    -> Index range scan on sbtest6 using PRIMARY over (7262760 <= id <= 7262859)  (cost=20.4 rows=100)


table 7 : explain SELECT c FROM sbtest7 WHERE id BETWEEN 6887358 AND 6887457
	-> Filter: (sbtest7.id between 6887358 and 6887457)  (cost=20.4 rows=100)
    -> Index range scan on sbtest7 using PRIMARY over (6887358 <= id <= 6887457)  (cost=20.4 rows=100)


table 8 : explain SELECT c FROM sbtest8 WHERE id BETWEEN 3698244 AND 3698343
	-> Filter: (sbtest8.id between 3698244 and 3698343)  (cost=20.4 rows=100)
    -> Index range scan on sbtest8 using PRIMARY over (3698244 <= id <= 3698343)  (cost=20.4 rows=100)


for: simple_ranges
table 1 : explain SELECT c FROM sbtest1 WHERE id BETWEEN 5830055 AND 5830154
	-> Filter: (sbtest1.id between 5830055 and 5830154)  (cost=20.4 rows=100)
    -> Index range scan on sbtest1 using PRIMARY over (5830055 <= id <= 5830154)  (cost=20.4 rows=100)


table 2 : explain SELECT c FROM sbtest2 WHERE id BETWEEN 9984855 AND 9984954
	-> Filter: (sbtest2.id between 9984855 and 9984954)  (cost=20.4 rows=100)
    -> Index range scan on sbtest2 using PRIMARY over (9984855 <= id <= 9984954)  (cost=20.4 rows=100)


table 3 : explain SELECT c FROM sbtest3 WHERE id BETWEEN 4000017 AND 4000116
	-> Filter: (sbtest3.id between 4000017 and 4000116)  (cost=20.4 rows=100)
    -> Index range scan on sbtest3 using PRIMARY over (4000017 <= id <= 4000116)  (cost=20.4 rows=100)


table 4 : explain SELECT c FROM sbtest4 WHERE id BETWEEN 3011957 AND 3012056
	-> Filter: (sbtest4.id between 3011957 and 3012056)  (cost=20.4 rows=100)
    -> Index range scan on sbtest4 using PRIMARY over (3011957 <= id <= 3012056)  (cost=20.4 rows=100)


table 5 : explain SELECT c FROM sbtest5 WHERE id BETWEEN 4474910 AND 4475009
	-> Filter: (sbtest5.id between 4474910 and 4475009)  (cost=20.4 rows=100)
    -> Index range scan on sbtest5 using PRIMARY over (4474910 <= id <= 4475009)  (cost=20.4 rows=100)


table 6 : explain SELECT c FROM sbtest6 WHERE id BETWEEN 7394923 AND 7395022
	-> Filter: (sbtest6.id between 7394923 and 7395022)  (cost=20.4 rows=100)
    -> Index range scan on sbtest6 using PRIMARY over (7394923 <= id <= 7395022)  (cost=20.4 rows=100)


table 7 : explain SELECT c FROM sbtest7 WHERE id BETWEEN 5591362 AND 5591461
	-> Filter: (sbtest7.id between 5591362 and 5591461)  (cost=20.4 rows=100)
    -> Index range scan on sbtest7 using PRIMARY over (5591362 <= id <= 5591461)  (cost=20.4 rows=100)


table 8 : explain SELECT c FROM sbtest8 WHERE id BETWEEN 7777064 AND 7777163
	-> Filter: (sbtest8.id between 7777064 and 7777163)  (cost=20.4 rows=100)
    -> Index range scan on sbtest8 using PRIMARY over (7777064 <= id <= 7777163)  (cost=20.4 rows=100)


for: simple_ranges
table 1 : explain SELECT c FROM sbtest1 WHERE id BETWEEN 976026 AND 976125
	-> Filter: (sbtest1.id between 976026 and 976125)  (cost=20.4 rows=100)
    -> Index range scan on sbtest1 using PRIMARY over (976026 <= id <= 976125)  (cost=20.4 rows=100)


table 2 : explain SELECT c FROM sbtest2 WHERE id BETWEEN 4443756 AND 4443855
	-> Filter: (sbtest2.id between 4443756 and 4443855)  (cost=20.4 rows=100)
    -> Index range scan on sbtest2 using PRIMARY over (4443756 <= id <= 4443855)  (cost=20.4 rows=100)


table 3 : explain SELECT c FROM sbtest3 WHERE id BETWEEN 9712750 AND 9712849
	-> Filter: (sbtest3.id between 9712750 and 9712849)  (cost=20.4 rows=100)
    -> Index range scan on sbtest3 using PRIMARY over (9712750 <= id <= 9712849)  (cost=20.4 rows=100)


table 4 : explain SELECT c FROM sbtest4 WHERE id BETWEEN 6253572 AND 6253671
	-> Filter: (sbtest4.id between 6253572 and 6253671)  (cost=20.4 rows=100)
    -> Index range scan on sbtest4 using PRIMARY over (6253572 <= id <= 6253671)  (cost=20.4 rows=100)


table 5 : explain SELECT c FROM sbtest5 WHERE id BETWEEN 7676572 AND 7676671
	-> Filter: (sbtest5.id between 7676572 and 7676671)  (cost=20.4 rows=100)
    -> Index range scan on sbtest5 using PRIMARY over (7676572 <= id <= 7676671)  (cost=20.4 rows=100)


table 6 : explain SELECT c FROM sbtest6 WHERE id BETWEEN 1823725 AND 1823824
	-> Filter: (sbtest6.id between 1823725 and 1823824)  (cost=20.4 rows=100)
    -> Index range scan on sbtest6 using PRIMARY over (1823725 <= id <= 1823824)  (cost=20.4 rows=100)


table 7 : explain SELECT c FROM sbtest7 WHERE id BETWEEN 8574634 AND 8574733
	-> Filter: (sbtest7.id between 8574634 and 8574733)  (cost=20.4 rows=100)
    -> Index range scan on sbtest7 using PRIMARY over (8574634 <= id <= 8574733)  (cost=20.4 rows=100)


table 8 : explain SELECT c FROM sbtest8 WHERE id BETWEEN 257054 AND 257153
	-> Filter: (sbtest8.id between 257054 and 257153)  (cost=20.4 rows=100)
    -> Index range scan on sbtest8 using PRIMARY over (257054 <= id <= 257153)  (cost=20.4 rows=100)


for: simple_ranges
table 1 : explain SELECT c FROM sbtest1 WHERE id BETWEEN 1845492 AND 1845591
	-> Filter: (sbtest1.id between 1845492 and 1845591)  (cost=20.4 rows=100)
    -> Index range scan on sbtest1 using PRIMARY over (1845492 <= id <= 1845591)  (cost=20.4 rows=100)


table 2 : explain SELECT c FROM sbtest2 WHERE id BETWEEN 8761792 AND 8761891
	-> Filter: (sbtest2.id between 8761792 and 8761891)  (cost=20.4 rows=100)
    -> Index range scan on sbtest2 using PRIMARY over (8761792 <= id <= 8761891)  (cost=20.4 rows=100)


table 3 : explain SELECT c FROM sbtest3 WHERE id BETWEEN 474020 AND 474119
	-> Filter: (sbtest3.id between 474020 and 474119)  (cost=20.4 rows=100)
    -> Index range scan on sbtest3 using PRIMARY over (474020 <= id <= 474119)  (cost=20.4 rows=100)


table 4 : explain SELECT c FROM sbtest4 WHERE id BETWEEN 8221353 AND 8221452
	-> Filter: (sbtest4.id between 8221353 and 8221452)  (cost=20.4 rows=100)
    -> Index range scan on sbtest4 using PRIMARY over (8221353 <= id <= 8221452)  (cost=20.4 rows=100)


table 5 : explain SELECT c FROM sbtest5 WHERE id BETWEEN 2744984 AND 2745083
	-> Filter: (sbtest5.id between 2744984 and 2745083)  (cost=20.4 rows=100)
    -> Index range scan on sbtest5 using PRIMARY over (2744984 <= id <= 2745083)  (cost=20.4 rows=100)


table 6 : explain SELECT c FROM sbtest6 WHERE id BETWEEN 3686174 AND 3686273
	-> Filter: (sbtest6.id between 3686174 and 3686273)  (cost=20.4 rows=100)
    -> Index range scan on sbtest6 using PRIMARY over (3686174 <= id <= 3686273)  (cost=20.4 rows=100)


table 7 : explain SELECT c FROM sbtest7 WHERE id BETWEEN 9852970 AND 9853069
	-> Filter: (sbtest7.id between 9852970 and 9853069)  (cost=20.4 rows=100)
    -> Index range scan on sbtest7 using PRIMARY over (9852970 <= id <= 9853069)  (cost=20.4 rows=100)


table 8 : explain SELECT c FROM sbtest8 WHERE id BETWEEN 6610408 AND 6610507
	-> Filter: (sbtest8.id between 6610408 and 6610507)  (cost=20.4 rows=100)
    -> Index range scan on sbtest8 using PRIMARY over (6610408 <= id <= 6610507)  (cost=20.4 rows=100)


for: simple_ranges
table 1 : explain SELECT c FROM sbtest1 WHERE id BETWEEN 5314599 AND 5314698
	-> Filter: (sbtest1.id between 5314599 and 5314698)  (cost=20.4 rows=100)
    -> Index range scan on sbtest1 using PRIMARY over (5314599 <= id <= 5314698)  (cost=20.4 rows=100)


table 2 : explain SELECT c FROM sbtest2 WHERE id BETWEEN 8594677 AND 8594776
	-> Filter: (sbtest2.id between 8594677 and 8594776)  (cost=20.4 rows=100)
    -> Index range scan on sbtest2 using PRIMARY over (8594677 <= id <= 8594776)  (cost=20.4 rows=100)


table 3 : explain SELECT c FROM sbtest3 WHERE id BETWEEN 8495866 AND 8495965
	-> Filter: (sbtest3.id between 8495866 and 8495965)  (cost=20.4 rows=100)
    -> Index range scan on sbtest3 using PRIMARY over (8495866 <= id <= 8495965)  (cost=20.4 rows=100)


table 4 : explain SELECT c FROM sbtest4 WHERE id BETWEEN 703432 AND 703531
	-> Filter: (sbtest4.id between 703432 and 703531)  (cost=20.4 rows=100)
    -> Index range scan on sbtest4 using PRIMARY over (703432 <= id <= 703531)  (cost=20.4 rows=100)


table 5 : explain SELECT c FROM sbtest5 WHERE id BETWEEN 7530015 AND 7530114
	-> Filter: (sbtest5.id between 7530015 and 7530114)  (cost=20.4 rows=100)
    -> Index range scan on sbtest5 using PRIMARY over (7530015 <= id <= 7530114)  (cost=20.4 rows=100)


table 6 : explain SELECT c FROM sbtest6 WHERE id BETWEEN 7098687 AND 7098786
	-> Filter: (sbtest6.id between 7098687 and 7098786)  (cost=20.4 rows=100)
    -> Index range scan on sbtest6 using PRIMARY over (7098687 <= id <= 7098786)  (cost=20.4 rows=100)


table 7 : explain SELECT c FROM sbtest7 WHERE id BETWEEN 8399715 AND 8399814
	-> Filter: (sbtest7.id between 8399715 and 8399814)  (cost=20.4 rows=100)
    -> Index range scan on sbtest7 using PRIMARY over (8399715 <= id <= 8399814)  (cost=20.4 rows=100)


table 8 : explain SELECT c FROM sbtest8 WHERE id BETWEEN 1808602 AND 1808701
	-> Filter: (sbtest8.id between 1808602 and 1808701)  (cost=20.4 rows=100)
    -> Index range scan on sbtest8 using PRIMARY over (1808602 <= id <= 1808701)  (cost=20.4 rows=100)


for: simple_ranges
table 1 : explain SELECT c FROM sbtest1 WHERE id BETWEEN 3617310 AND 3617409
	-> Filter: (sbtest1.id between 3617310 and 3617409)  (cost=20.4 rows=100)
    -> Index range scan on sbtest1 using PRIMARY over (3617310 <= id <= 3617409)  (cost=20.4 rows=100)


table 2 : explain SELECT c FROM sbtest2 WHERE id BETWEEN 7282532 AND 7282631
	-> Filter: (sbtest2.id between 7282532 and 7282631)  (cost=20.4 rows=100)
    -> Index range scan on sbtest2 using PRIMARY over (7282532 <= id <= 7282631)  (cost=20.4 rows=100)


table 3 : explain SELECT c FROM sbtest3 WHERE id BETWEEN 583658 AND 583757
	-> Filter: (sbtest3.id between 583658 and 583757)  (cost=20.4 rows=100)
    -> Index range scan on sbtest3 using PRIMARY over (583658 <= id <= 583757)  (cost=20.4 rows=100)


table 4 : explain SELECT c FROM sbtest4 WHERE id BETWEEN 3981810 AND 3981909
	-> Filter: (sbtest4.id between 3981810 and 3981909)  (cost=20.4 rows=100)
    -> Index range scan on sbtest4 using PRIMARY over (3981810 <= id <= 3981909)  (cost=20.4 rows=100)


table 5 : explain SELECT c FROM sbtest5 WHERE id BETWEEN 1447033 AND 1447132
	-> Filter: (sbtest5.id between 1447033 and 1447132)  (cost=20.4 rows=100)
    -> Index range scan on sbtest5 using PRIMARY over (1447033 <= id <= 1447132)  (cost=20.4 rows=100)


table 6 : explain SELECT c FROM sbtest6 WHERE id BETWEEN 6726296 AND 6726395
	-> Filter: (sbtest6.id between 6726296 and 6726395)  (cost=20.4 rows=100)
    -> Index range scan on sbtest6 using PRIMARY over (6726296 <= id <= 6726395)  (cost=20.4 rows=100)


table 7 : explain SELECT c FROM sbtest7 WHERE id BETWEEN 8041471 AND 8041570
	-> Filter: (sbtest7.id between 8041471 and 8041570)  (cost=20.4 rows=100)
    -> Index range scan on sbtest7 using PRIMARY over (8041471 <= id <= 8041570)  (cost=20.4 rows=100)


table 8 : explain SELECT c FROM sbtest8 WHERE id BETWEEN 3179704 AND 3179803
	-> Filter: (sbtest8.id between 3179704 and 3179803)  (cost=20.4 rows=100)
    -> Index range scan on sbtest8 using PRIMARY over (3179704 <= id <= 3179803)  (cost=20.4 rows=100)


for: simple_ranges
table 1 : explain SELECT c FROM sbtest1 WHERE id BETWEEN 8528783 AND 8528882
	-> Filter: (sbtest1.id between 8528783 and 8528882)  (cost=20.4 rows=100)
    -> Index range scan on sbtest1 using PRIMARY over (8528783 <= id <= 8528882)  (cost=20.4 rows=100)


table 2 : explain SELECT c FROM sbtest2 WHERE id BETWEEN 6584190 AND 6584289
	-> Filter: (sbtest2.id between 6584190 and 6584289)  (cost=20.4 rows=100)
    -> Index range scan on sbtest2 using PRIMARY over (6584190 <= id <= 6584289)  (cost=20.4 rows=100)


table 3 : explain SELECT c FROM sbtest3 WHERE id BETWEEN 4078184 AND 4078283
	-> Filter: (sbtest3.id between 4078184 and 4078283)  (cost=20.4 rows=100)
    -> Index range scan on sbtest3 using PRIMARY over (4078184 <= id <= 4078283)  (cost=20.4 rows=100)


table 4 : explain SELECT c FROM sbtest4 WHERE id BETWEEN 7954240 AND 7954339
	-> Filter: (sbtest4.id between 7954240 and 7954339)  (cost=20.4 rows=100)
    -> Index range scan on sbtest4 using PRIMARY over (7954240 <= id <= 7954339)  (cost=20.4 rows=100)


table 5 : explain SELECT c FROM sbtest5 WHERE id BETWEEN 7241480 AND 7241579
	-> Filter: (sbtest5.id between 7241480 and 7241579)  (cost=20.4 rows=100)
    -> Index range scan on sbtest5 using PRIMARY over (7241480 <= id <= 7241579)  (cost=20.4 rows=100)


table 6 : explain SELECT c FROM sbtest6 WHERE id BETWEEN 31332 AND 31431
	-> Filter: (sbtest6.id between 31332 and 31431)  (cost=20.4 rows=100)
    -> Index range scan on sbtest6 using PRIMARY over (31332 <= id <= 31431)  (cost=20.4 rows=100)


table 7 : explain SELECT c FROM sbtest7 WHERE id BETWEEN 7602925 AND 7603024
	-> Filter: (sbtest7.id between 7602925 and 7603024)  (cost=20.4 rows=100)
    -> Index range scan on sbtest7 using PRIMARY over (7602925 <= id <= 7603024)  (cost=20.4 rows=100)


table 8 : explain SELECT c FROM sbtest8 WHERE id BETWEEN 6506890 AND 6506989
	-> Filter: (sbtest8.id between 6506890 and 6506989)  (cost=20.4 rows=100)
    -> Index range scan on sbtest8 using PRIMARY over (6506890 <= id <= 6506989)  (cost=20.4 rows=100)


for: simple_ranges
table 1 : explain SELECT c FROM sbtest1 WHERE id BETWEEN 5706581 AND 5706680
	-> Filter: (sbtest1.id between 5706581 and 5706680)  (cost=20.4 rows=100)
    -> Index range scan on sbtest1 using PRIMARY over (5706581 <= id <= 5706680)  (cost=20.4 rows=100)


table 2 : explain SELECT c FROM sbtest2 WHERE id BETWEEN 2806577 AND 2806676
	-> Filter: (sbtest2.id between 2806577 and 2806676)  (cost=20.4 rows=100)
    -> Index range scan on sbtest2 using PRIMARY over (2806577 <= id <= 2806676)  (cost=20.4 rows=100)


table 3 : explain SELECT c FROM sbtest3 WHERE id BETWEEN 3852228 AND 3852327
	-> Filter: (sbtest3.id between 3852228 and 3852327)  (cost=20.4 rows=100)
    -> Index range scan on sbtest3 using PRIMARY over (3852228 <= id <= 3852327)  (cost=20.4 rows=100)


table 4 : explain SELECT c FROM sbtest4 WHERE id BETWEEN 5399829 AND 5399928
	-> Filter: (sbtest4.id between 5399829 and 5399928)  (cost=20.4 rows=100)
    -> Index range scan on sbtest4 using PRIMARY over (5399829 <= id <= 5399928)  (cost=20.4 rows=100)


table 5 : explain SELECT c FROM sbtest5 WHERE id BETWEEN 7648124 AND 7648223
	-> Filter: (sbtest5.id between 7648124 and 7648223)  (cost=20.4 rows=100)
    -> Index range scan on sbtest5 using PRIMARY over (7648124 <= id <= 7648223)  (cost=20.4 rows=100)


table 6 : explain SELECT c FROM sbtest6 WHERE id BETWEEN 7495779 AND 7495878
	-> Filter: (sbtest6.id between 7495779 and 7495878)  (cost=20.4 rows=100)
    -> Index range scan on sbtest6 using PRIMARY over (7495779 <= id <= 7495878)  (cost=20.4 rows=100)


table 7 : explain SELECT c FROM sbtest7 WHERE id BETWEEN 8162510 AND 8162609
	-> Filter: (sbtest7.id between 8162510 and 8162609)  (cost=20.4 rows=100)
    -> Index range scan on sbtest7 using PRIMARY over (8162510 <= id <= 8162609)  (cost=20.4 rows=100)


table 8 : explain SELECT c FROM sbtest8 WHERE id BETWEEN 2823764 AND 2823863
	-> Filter: (sbtest8.id between 2823764 and 2823863)  (cost=20.4 rows=100)
    -> Index range scan on sbtest8 using PRIMARY over (2823764 <= id <= 2823863)  (cost=20.4 rows=100)


for: simple_ranges
table 1 : explain SELECT c FROM sbtest1 WHERE id BETWEEN 2810879 AND 2810978
	-> Filter: (sbtest1.id between 2810879 and 2810978)  (cost=20.4 rows=100)
    -> Index range scan on sbtest1 using PRIMARY over (2810879 <= id <= 2810978)  (cost=20.4 rows=100)


table 2 : explain SELECT c FROM sbtest2 WHERE id BETWEEN 2387966 AND 2388065
	-> Filter: (sbtest2.id between 2387966 and 2388065)  (cost=20.4 rows=100)
    -> Index range scan on sbtest2 using PRIMARY over (2387966 <= id <= 2388065)  (cost=20.4 rows=100)


table 3 : explain SELECT c FROM sbtest3 WHERE id BETWEEN 4451712 AND 4451811
	-> Filter: (sbtest3.id between 4451712 and 4451811)  (cost=20.4 rows=100)
    -> Index range scan on sbtest3 using PRIMARY over (4451712 <= id <= 4451811)  (cost=20.4 rows=100)


table 4 : explain SELECT c FROM sbtest4 WHERE id BETWEEN 261501 AND 261600
	-> Filter: (sbtest4.id between 261501 and 261600)  (cost=20.4 rows=100)
    -> Index range scan on sbtest4 using PRIMARY over (261501 <= id <= 261600)  (cost=20.4 rows=100)


table 5 : explain SELECT c FROM sbtest5 WHERE id BETWEEN 29289 AND 29388
	-> Filter: (sbtest5.id between 29289 and 29388)  (cost=20.4 rows=100)
    -> Index range scan on sbtest5 using PRIMARY over (29289 <= id <= 29388)  (cost=20.4 rows=100)


table 6 : explain SELECT c FROM sbtest6 WHERE id BETWEEN 8391983 AND 8392082
	-> Filter: (sbtest6.id between 8391983 and 8392082)  (cost=20.4 rows=100)
    -> Index range scan on sbtest6 using PRIMARY over (8391983 <= id <= 8392082)  (cost=20.4 rows=100)


table 7 : explain SELECT c FROM sbtest7 WHERE id BETWEEN 1059190 AND 1059289
	-> Filter: (sbtest7.id between 1059190 and 1059289)  (cost=20.4 rows=100)
    -> Index range scan on sbtest7 using PRIMARY over (1059190 <= id <= 1059289)  (cost=20.4 rows=100)


table 8 : explain SELECT c FROM sbtest8 WHERE id BETWEEN 4678192 AND 4678291
	-> Filter: (sbtest8.id between 4678192 and 4678291)  (cost=20.4 rows=100)
    -> Index range scan on sbtest8 using PRIMARY over (4678192 <= id <= 4678291)  (cost=20.4 rows=100)


for: simple_ranges
table 1 : explain SELECT c FROM sbtest1 WHERE id BETWEEN 2536092 AND 2536191
	-> Filter: (sbtest1.id between 2536092 and 2536191)  (cost=20.4 rows=100)
    -> Index range scan on sbtest1 using PRIMARY over (2536092 <= id <= 2536191)  (cost=20.4 rows=100)


table 2 : explain SELECT c FROM sbtest2 WHERE id BETWEEN 3781259 AND 3781358
	-> Filter: (sbtest2.id between 3781259 and 3781358)  (cost=20.4 rows=100)
    -> Index range scan on sbtest2 using PRIMARY over (3781259 <= id <= 3781358)  (cost=20.4 rows=100)


table 3 : explain SELECT c FROM sbtest3 WHERE id BETWEEN 5038968 AND 5039067
	-> Filter: (sbtest3.id between 5038968 and 5039067)  (cost=20.4 rows=100)
    -> Index range scan on sbtest3 using PRIMARY over (5038968 <= id <= 5039067)  (cost=20.4 rows=100)


table 4 : explain SELECT c FROM sbtest4 WHERE id BETWEEN 7754142 AND 7754241
	-> Filter: (sbtest4.id between 7754142 and 7754241)  (cost=20.4 rows=100)
    -> Index range scan on sbtest4 using PRIMARY over (7754142 <= id <= 7754241)  (cost=20.4 rows=100)


table 5 : explain SELECT c FROM sbtest5 WHERE id BETWEEN 1219726 AND 1219825
	-> Filter: (sbtest5.id between 1219726 and 1219825)  (cost=20.4 rows=100)
    -> Index range scan on sbtest5 using PRIMARY over (1219726 <= id <= 1219825)  (cost=20.4 rows=100)


table 6 : explain SELECT c FROM sbtest6 WHERE id BETWEEN 4582737 AND 4582836
	-> Filter: (sbtest6.id between 4582737 and 4582836)  (cost=20.4 rows=100)
    -> Index range scan on sbtest6 using PRIMARY over (4582737 <= id <= 4582836)  (cost=20.4 rows=100)


table 7 : explain SELECT c FROM sbtest7 WHERE id BETWEEN 4794913 AND 4795012
	-> Filter: (sbtest7.id between 4794913 and 4795012)  (cost=20.4 rows=100)
    -> Index range scan on sbtest7 using PRIMARY over (4794913 <= id <= 4795012)  (cost=20.4 rows=100)


table 8 : explain SELECT c FROM sbtest8 WHERE id BETWEEN 7300543 AND 7300642
	-> Filter: (sbtest8.id between 7300543 and 7300642)  (cost=20.4 rows=100)
    -> Index range scan on sbtest8 using PRIMARY over (7300543 <= id <= 7300642)  (cost=20.4 rows=100)


for: simple_ranges
table 1 : explain SELECT c FROM sbtest1 WHERE id BETWEEN 759427 AND 759526
	-> Filter: (sbtest1.id between 759427 and 759526)  (cost=20.4 rows=100)
    -> Index range scan on sbtest1 using PRIMARY over (759427 <= id <= 759526)  (cost=20.4 rows=100)


table 2 : explain SELECT c FROM sbtest2 WHERE id BETWEEN 8486382 AND 8486481
	-> Filter: (sbtest2.id between 8486382 and 8486481)  (cost=20.4 rows=100)
    -> Index range scan on sbtest2 using PRIMARY over (8486382 <= id <= 8486481)  (cost=20.4 rows=100)


table 3 : explain SELECT c FROM sbtest3 WHERE id BETWEEN 668918 AND 669017
	-> Filter: (sbtest3.id between 668918 and 669017)  (cost=20.4 rows=100)
    -> Index range scan on sbtest3 using PRIMARY over (668918 <= id <= 669017)  (cost=20.4 rows=100)


table 4 : explain SELECT c FROM sbtest4 WHERE id BETWEEN 4404371 AND 4404470
	-> Filter: (sbtest4.id between 4404371 and 4404470)  (cost=20.4 rows=100)
    -> Index range scan on sbtest4 using PRIMARY over (4404371 <= id <= 4404470)  (cost=20.4 rows=100)


table 5 : explain SELECT c FROM sbtest5 WHERE id BETWEEN 9914232 AND 9914331
	-> Filter: (sbtest5.id between 9914232 and 9914331)  (cost=20.4 rows=100)
    -> Index range scan on sbtest5 using PRIMARY over (9914232 <= id <= 9914331)  (cost=20.4 rows=100)


table 6 : explain SELECT c FROM sbtest6 WHERE id BETWEEN 2750339 AND 2750438
	-> Filter: (sbtest6.id between 2750339 and 2750438)  (cost=20.4 rows=100)
    -> Index range scan on sbtest6 using PRIMARY over (2750339 <= id <= 2750438)  (cost=20.4 rows=100)


table 7 : explain SELECT c FROM sbtest7 WHERE id BETWEEN 5845034 AND 5845133
	-> Filter: (sbtest7.id between 5845034 and 5845133)  (cost=20.4 rows=100)
    -> Index range scan on sbtest7 using PRIMARY over (5845034 <= id <= 5845133)  (cost=20.4 rows=100)


table 8 : explain SELECT c FROM sbtest8 WHERE id BETWEEN 8582211 AND 8582310
	-> Filter: (sbtest8.id between 8582211 and 8582310)  (cost=20.4 rows=100)
    -> Index range scan on sbtest8 using PRIMARY over (8582211 <= id <= 8582310)  (cost=20.4 rows=100)


for point_selects
table 1 : explain SELECT c FROM sbtest1 WHERE id=1653237
	-> Rows fetched before execution  (cost=0..0 rows=1)


table 2 : explain SELECT c FROM sbtest2 WHERE id=9060795
	-> Rows fetched before execution  (cost=0..0 rows=1)


table 3 : explain SELECT c FROM sbtest3 WHERE id=2920513
	-> Rows fetched before execution  (cost=0..0 rows=1)


table 4 : explain SELECT c FROM sbtest4 WHERE id=6716571
	-> Rows fetched before execution  (cost=0..0 rows=1)


table 5 : explain SELECT c FROM sbtest5 WHERE id=6395850
	-> Rows fetched before execution  (cost=0..0 rows=1)


table 6 : explain SELECT c FROM sbtest6 WHERE id=2818182
	-> Rows fetched before execution  (cost=0..0 rows=1)


table 7 : explain SELECT c FROM sbtest7 WHERE id=2446319
	-> Rows fetched before execution  (cost=0..0 rows=1)


table 8 : explain SELECT c FROM sbtest8 WHERE id=9421276
	-> Rows fetched before execution  (cost=0..0 rows=1)


for: simple_ranges
table 1 : explain SELECT c FROM sbtest1 WHERE id BETWEEN 8643137 AND 8643236
	-> Filter: (sbtest1.id between 8643137 and 8643236)  (cost=20.4 rows=100)
    -> Index range scan on sbtest1 using PRIMARY over (8643137 <= id <= 8643236)  (cost=20.4 rows=100)


table 2 : explain SELECT c FROM sbtest2 WHERE id BETWEEN 6375009 AND 6375108
	-> Filter: (sbtest2.id between 6375009 and 6375108)  (cost=20.4 rows=100)
    -> Index range scan on sbtest2 using PRIMARY over (6375009 <= id <= 6375108)  (cost=20.4 rows=100)


table 3 : explain SELECT c FROM sbtest3 WHERE id BETWEEN 7361078 AND 7361177
	-> Filter: (sbtest3.id between 7361078 and 7361177)  (cost=20.4 rows=100)
    -> Index range scan on sbtest3 using PRIMARY over (7361078 <= id <= 7361177)  (cost=20.4 rows=100)


table 4 : explain SELECT c FROM sbtest4 WHERE id BETWEEN 3046935 AND 3047034
	-> Filter: (sbtest4.id between 3046935 and 3047034)  (cost=20.4 rows=100)
    -> Index range scan on sbtest4 using PRIMARY over (3046935 <= id <= 3047034)  (cost=20.4 rows=100)


table 5 : explain SELECT c FROM sbtest5 WHERE id BETWEEN 9036422 AND 9036521
	-> Filter: (sbtest5.id between 9036422 and 9036521)  (cost=20.4 rows=100)
    -> Index range scan on sbtest5 using PRIMARY over (9036422 <= id <= 9036521)  (cost=20.4 rows=100)


table 6 : explain SELECT c FROM sbtest6 WHERE id BETWEEN 1689649 AND 1689748
	-> Filter: (sbtest6.id between 1689649 and 1689748)  (cost=20.4 rows=100)
    -> Index range scan on sbtest6 using PRIMARY over (1689649 <= id <= 1689748)  (cost=20.4 rows=100)


table 7 : explain SELECT c FROM sbtest7 WHERE id BETWEEN 1770058 AND 1770157
	-> Filter: (sbtest7.id between 1770058 and 1770157)  (cost=20.4 rows=100)
    -> Index range scan on sbtest7 using PRIMARY over (1770058 <= id <= 1770157)  (cost=20.4 rows=100)


table 8 : explain SELECT c FROM sbtest8 WHERE id BETWEEN 4568348 AND 4568447
	-> Filter: (sbtest8.id between 4568348 and 4568447)  (cost=20.4 rows=100)
    -> Index range scan on sbtest8 using PRIMARY over (4568348 <= id <= 4568447)  (cost=20.4 rows=100)


for: simple_ranges
table 1 : explain SELECT c FROM sbtest1 WHERE id BETWEEN 6307365 AND 6307464
	-> Filter: (sbtest1.id between 6307365 and 6307464)  (cost=20.4 rows=100)
    -> Index range scan on sbtest1 using PRIMARY over (6307365 <= id <= 6307464)  (cost=20.4 rows=100)


table 2 : explain SELECT c FROM sbtest2 WHERE id BETWEEN 5141123 AND 5141222
	-> Filter: (sbtest2.id between 5141123 and 5141222)  (cost=20.4 rows=100)
    -> Index range scan on sbtest2 using PRIMARY over (5141123 <= id <= 5141222)  (cost=20.4 rows=100)


table 3 : explain SELECT c FROM sbtest3 WHERE id BETWEEN 5259718 AND 5259817
	-> Filter: (sbtest3.id between 5259718 and 5259817)  (cost=20.4 rows=100)
    -> Index range scan on sbtest3 using PRIMARY over (5259718 <= id <= 5259817)  (cost=20.4 rows=100)


table 4 : explain SELECT c FROM sbtest4 WHERE id BETWEEN 4011873 AND 4011972
	-> Filter: (sbtest4.id between 4011873 and 4011972)  (cost=20.4 rows=100)
    -> Index range scan on sbtest4 using PRIMARY over (4011873 <= id <= 4011972)  (cost=20.4 rows=100)


table 5 : explain SELECT c FROM sbtest5 WHERE id BETWEEN 9892144 AND 9892243
	-> Filter: (sbtest5.id between 9892144 and 9892243)  (cost=20.4 rows=100)
    -> Index range scan on sbtest5 using PRIMARY over (9892144 <= id <= 9892243)  (cost=20.4 rows=100)


table 6 : explain SELECT c FROM sbtest6 WHERE id BETWEEN 3320861 AND 3320960
	-> Filter: (sbtest6.id between 3320861 and 3320960)  (cost=20.4 rows=100)
    -> Index range scan on sbtest6 using PRIMARY over (3320861 <= id <= 3320960)  (cost=20.4 rows=100)


table 7 : explain SELECT c FROM sbtest7 WHERE id BETWEEN 3133654 AND 3133753
	-> Filter: (sbtest7.id between 3133654 and 3133753)  (cost=20.4 rows=100)
    -> Index range scan on sbtest7 using PRIMARY over (3133654 <= id <= 3133753)  (cost=20.4 rows=100)


table 8 : explain SELECT c FROM sbtest8 WHERE id BETWEEN 3668105 AND 3668204
	-> Filter: (sbtest8.id between 3668105 and 3668204)  (cost=20.4 rows=100)
    -> Index range scan on sbtest8 using PRIMARY over (3668105 <= id <= 3668204)  (cost=20.4 rows=100)


for: simple_ranges
table 1 : explain SELECT c FROM sbtest1 WHERE id BETWEEN 2198506 AND 2198605
	-> Filter: (sbtest1.id between 2198506 and 2198605)  (cost=20.4 rows=100)
    -> Index range scan on sbtest1 using PRIMARY over (2198506 <= id <= 2198605)  (cost=20.4 rows=100)


table 2 : explain SELECT c FROM sbtest2 WHERE id BETWEEN 6967969 AND 6968068
	-> Filter: (sbtest2.id between 6967969 and 6968068)  (cost=20.4 rows=100)
    -> Index range scan on sbtest2 using PRIMARY over (6967969 <= id <= 6968068)  (cost=20.4 rows=100)


table 3 : explain SELECT c FROM sbtest3 WHERE id BETWEEN 7095180 AND 7095279
	-> Filter: (sbtest3.id between 7095180 and 7095279)  (cost=20.4 rows=100)
    -> Index range scan on sbtest3 using PRIMARY over (7095180 <= id <= 7095279)  (cost=20.4 rows=100)


table 4 : explain SELECT c FROM sbtest4 WHERE id BETWEEN 2667729 AND 2667828
	-> Filter: (sbtest4.id between 2667729 and 2667828)  (cost=20.4 rows=100)
    -> Index range scan on sbtest4 using PRIMARY over (2667729 <= id <= 2667828)  (cost=20.4 rows=100)


table 5 : explain SELECT c FROM sbtest5 WHERE id BETWEEN 5196489 AND 5196588
	-> Filter: (sbtest5.id between 5196489 and 5196588)  (cost=20.4 rows=100)
    -> Index range scan on sbtest5 using PRIMARY over (5196489 <= id <= 5196588)  (cost=20.4 rows=100)


table 6 : explain SELECT c FROM sbtest6 WHERE id BETWEEN 9412858 AND 9412957
	-> Filter: (sbtest6.id between 9412858 and 9412957)  (cost=20.4 rows=100)
    -> Index range scan on sbtest6 using PRIMARY over (9412858 <= id <= 9412957)  (cost=20.4 rows=100)


table 7 : explain SELECT c FROM sbtest7 WHERE id BETWEEN 2582229 AND 2582328
	-> Filter: (sbtest7.id between 2582229 and 2582328)  (cost=20.4 rows=100)
    -> Index range scan on sbtest7 using PRIMARY over (2582229 <= id <= 2582328)  (cost=20.4 rows=100)


table 8 : explain SELECT c FROM sbtest8 WHERE id BETWEEN 9761957 AND 9762056
	-> Filter: (sbtest8.id between 9761957 and 9762056)  (cost=20.4 rows=100)
    -> Index range scan on sbtest8 using PRIMARY over (9761957 <= id <= 9762056)  (cost=20.4 rows=100)


for: simple_ranges
table 1 : explain SELECT c FROM sbtest1 WHERE id BETWEEN 4764131 AND 4764230
	-> Filter: (sbtest1.id between 4764131 and 4764230)  (cost=20.4 rows=100)
    -> Index range scan on sbtest1 using PRIMARY over (4764131 <= id <= 4764230)  (cost=20.4 rows=100)


table 2 : explain SELECT c FROM sbtest2 WHERE id BETWEEN 5906723 AND 5906822
	-> Filter: (sbtest2.id between 5906723 and 5906822)  (cost=20.4 rows=100)
    -> Index range scan on sbtest2 using PRIMARY over (5906723 <= id <= 5906822)  (cost=20.4 rows=100)


table 3 : explain SELECT c FROM sbtest3 WHERE id BETWEEN 7227667 AND 7227766
	-> Filter: (sbtest3.id between 7227667 and 7227766)  (cost=20.4 rows=100)
    -> Index range scan on sbtest3 using PRIMARY over (7227667 <= id <= 7227766)  (cost=20.4 rows=100)


table 4 : explain SELECT c FROM sbtest4 WHERE id BETWEEN 5559240 AND 5559339
	-> Filter: (sbtest4.id between 5559240 and 5559339)  (cost=20.4 rows=100)
    -> Index range scan on sbtest4 using PRIMARY over (5559240 <= id <= 5559339)  (cost=20.4 rows=100)


table 5 : explain SELECT c FROM sbtest5 WHERE id BETWEEN 4320661 AND 4320760
	-> Filter: (sbtest5.id between 4320661 and 4320760)  (cost=20.4 rows=100)
    -> Index range scan on sbtest5 using PRIMARY over (4320661 <= id <= 4320760)  (cost=20.4 rows=100)


table 6 : explain SELECT c FROM sbtest6 WHERE id BETWEEN 7042637 AND 7042736
	-> Filter: (sbtest6.id between 7042637 and 7042736)  (cost=20.4 rows=100)
    -> Index range scan on sbtest6 using PRIMARY over (7042637 <= id <= 7042736)  (cost=20.4 rows=100)


table 7 : explain SELECT c FROM sbtest7 WHERE id BETWEEN 3856363 AND 3856462
	-> Filter: (sbtest7.id between 3856363 and 3856462)  (cost=20.4 rows=100)
    -> Index range scan on sbtest7 using PRIMARY over (3856363 <= id <= 3856462)  (cost=20.4 rows=100)


table 8 : explain SELECT c FROM sbtest8 WHERE id BETWEEN 6827261 AND 6827360
	-> Filter: (sbtest8.id between 6827261 and 6827360)  (cost=20.4 rows=100)
    -> Index range scan on sbtest8 using PRIMARY over (6827261 <= id <= 6827360)  (cost=20.4 rows=100)


for: simple_ranges
table 1 : explain SELECT c FROM sbtest1 WHERE id BETWEEN 2785549 AND 2785648
	-> Filter: (sbtest1.id between 2785549 and 2785648)  (cost=20.4 rows=100)
    -> Index range scan on sbtest1 using PRIMARY over (2785549 <= id <= 2785648)  (cost=20.4 rows=100)


table 2 : explain SELECT c FROM sbtest2 WHERE id BETWEEN 639291 AND 639390
	-> Filter: (sbtest2.id between 639291 and 639390)  (cost=20.4 rows=100)
    -> Index range scan on sbtest2 using PRIMARY over (639291 <= id <= 639390)  (cost=20.4 rows=100)


table 3 : explain SELECT c FROM sbtest3 WHERE id BETWEEN 4460557 AND 4460656
	-> Filter: (sbtest3.id between 4460557 and 4460656)  (cost=20.4 rows=100)
    -> Index range scan on sbtest3 using PRIMARY over (4460557 <= id <= 4460656)  (cost=20.4 rows=100)


table 4 : explain SELECT c FROM sbtest4 WHERE id BETWEEN 5059537 AND 5059636
	-> Filter: (sbtest4.id between 5059537 and 5059636)  (cost=20.4 rows=100)
    -> Index range scan on sbtest4 using PRIMARY over (5059537 <= id <= 5059636)  (cost=20.4 rows=100)


table 5 : explain SELECT c FROM sbtest5 WHERE id BETWEEN 2971239 AND 2971338
	-> Filter: (sbtest5.id between 2971239 and 2971338)  (cost=20.4 rows=100)
    -> Index range scan on sbtest5 using PRIMARY over (2971239 <= id <= 2971338)  (cost=20.4 rows=100)


table 6 : explain SELECT c FROM sbtest6 WHERE id BETWEEN 9975827 AND 9975926
	-> Filter: (sbtest6.id between 9975827 and 9975926)  (cost=20.4 rows=100)
    -> Index range scan on sbtest6 using PRIMARY over (9975827 <= id <= 9975926)  (cost=20.4 rows=100)


table 7 : explain SELECT c FROM sbtest7 WHERE id BETWEEN 2702597 AND 2702696
	-> Filter: (sbtest7.id between 2702597 and 2702696)  (cost=20.4 rows=100)
    -> Index range scan on sbtest7 using PRIMARY over (2702597 <= id <= 2702696)  (cost=20.4 rows=100)


table 8 : explain SELECT c FROM sbtest8 WHERE id BETWEEN 6493682 AND 6493781
	-> Filter: (sbtest8.id between 6493682 and 6493781)  (cost=20.4 rows=100)
    -> Index range scan on sbtest8 using PRIMARY over (6493682 <= id <= 6493781)  (cost=20.4 rows=100)


for: simple_ranges
table 1 : explain SELECT c FROM sbtest1 WHERE id BETWEEN 7968392 AND 7968491
	-> Filter: (sbtest1.id between 7968392 and 7968491)  (cost=20.4 rows=100)
    -> Index range scan on sbtest1 using PRIMARY over (7968392 <= id <= 7968491)  (cost=20.4 rows=100)


table 2 : explain SELECT c FROM sbtest2 WHERE id BETWEEN 8444528 AND 8444627
	-> Filter: (sbtest2.id between 8444528 and 8444627)  (cost=20.4 rows=100)
    -> Index range scan on sbtest2 using PRIMARY over (8444528 <= id <= 8444627)  (cost=20.4 rows=100)


table 3 : explain SELECT c FROM sbtest3 WHERE id BETWEEN 8250075 AND 8250174
	-> Filter: (sbtest3.id between 8250075 and 8250174)  (cost=20.4 rows=100)
    -> Index range scan on sbtest3 using PRIMARY over (8250075 <= id <= 8250174)  (cost=20.4 rows=100)


table 4 : explain SELECT c FROM sbtest4 WHERE id BETWEEN 9412318 AND 9412417
	-> Filter: (sbtest4.id between 9412318 and 9412417)  (cost=20.4 rows=100)
    -> Index range scan on sbtest4 using PRIMARY over (9412318 <= id <= 9412417)  (cost=20.4 rows=100)


table 5 : explain SELECT c FROM sbtest5 WHERE id BETWEEN 6680794 AND 6680893
	-> Filter: (sbtest5.id between 6680794 and 6680893)  (cost=20.4 rows=100)
    -> Index range scan on sbtest5 using PRIMARY over (6680794 <= id <= 6680893)  (cost=20.4 rows=100)


table 6 : explain SELECT c FROM sbtest6 WHERE id BETWEEN 2287974 AND 2288073
	-> Filter: (sbtest6.id between 2287974 and 2288073)  (cost=20.4 rows=100)
    -> Index range scan on sbtest6 using PRIMARY over (2287974 <= id <= 2288073)  (cost=20.4 rows=100)


table 7 : explain SELECT c FROM sbtest7 WHERE id BETWEEN 4771476 AND 4771575
	-> Filter: (sbtest7.id between 4771476 and 4771575)  (cost=20.4 rows=100)
    -> Index range scan on sbtest7 using PRIMARY over (4771476 <= id <= 4771575)  (cost=20.4 rows=100)


table 8 : explain SELECT c FROM sbtest8 WHERE id BETWEEN 9777636 AND 9777735
	-> Filter: (sbtest8.id between 9777636 and 9777735)  (cost=20.4 rows=100)
    -> Index range scan on sbtest8 using PRIMARY over (9777636 <= id <= 9777735)  (cost=20.4 rows=100)

for: simple_ranges
table 1 : explain SELECT c FROM sbtest1 WHERE id BETWEEN 647367 AND 647466
	-> Filter: (sbtest1.id between 647367 and 647466)  (cost=20.4 rows=100)
    -> Index range scan on sbtest1 using PRIMARY over (647367 <= id <= 647466)  (cost=20.4 rows=100)


table 2 : explain SELECT c FROM sbtest2 WHERE id BETWEEN 6428364 AND 6428463
	-> Filter: (sbtest2.id between 6428364 and 6428463)  (cost=20.4 rows=100)
    -> Index range scan on sbtest2 using PRIMARY over (6428364 <= id <= 6428463)  (cost=20.4 rows=100)


table 3 : explain SELECT c FROM sbtest3 WHERE id BETWEEN 1124340 AND 1124439
	-> Filter: (sbtest3.id between 1124340 and 1124439)  (cost=20.4 rows=100)
    -> Index range scan on sbtest3 using PRIMARY over (1124340 <= id <= 1124439)  (cost=20.4 rows=100)


table 4 : explain SELECT c FROM sbtest4 WHERE id BETWEEN 8221382 AND 8221481
	-> Filter: (sbtest4.id between 8221382 and 8221481)  (cost=20.4 rows=100)
    -> Index range scan on sbtest4 using PRIMARY over (8221382 <= id <= 8221481)  (cost=20.4 rows=100)


table 5 : explain SELECT c FROM sbtest5 WHERE id BETWEEN 2389865 AND 2389964
	-> Filter: (sbtest5.id between 2389865 and 2389964)  (cost=20.4 rows=100)
    -> Index range scan on sbtest5 using PRIMARY over (2389865 <= id <= 2389964)  (cost=20.4 rows=100)


table 6 : explain SELECT c FROM sbtest6 WHERE id BETWEEN 206650 AND 206749
	-> Filter: (sbtest6.id between 206650 and 206749)  (cost=20.4 rows=100)
    -> Index range scan on sbtest6 using PRIMARY over (206650 <= id <= 206749)  (cost=20.4 rows=100)


table 7 : explain SELECT c FROM sbtest7 WHERE id BETWEEN 5730172 AND 5730271
	-> Filter: (sbtest7.id between 5730172 and 5730271)  (cost=20.4 rows=100)
    -> Index range scan on sbtest7 using PRIMARY over (5730172 <= id <= 5730271)  (cost=20.4 rows=100)


table 8 : explain SELECT c FROM sbtest8 WHERE id BETWEEN 5155893 AND 5155992
	-> Filter: (sbtest8.id between 5155893 and 5155992)  (cost=20.4 rows=100)
    -> Index range scan on sbtest8 using PRIMARY over (5155893 <= id <= 5155992)  (cost=20.4 rows=100)


for: sum_ranges
table 1 : explain SELECT SUM(k) FROM sbtest1 WHERE id BETWEEN 4329192 AND 4329291
	-> Aggregate: sum(sbtest1.k)  (cost=43.5 rows=1)
    -> Filter: (sbtest1.id between 4329192 and 4329291)  (cost=20.4 rows=100)
        -> Index range scan on sbtest1 using PRIMARY over (4329192 <= id <= 4329291)  (cost=20.4 rows=100)


table 2 : explain SELECT SUM(k) FROM sbtest2 WHERE id BETWEEN 2670783 AND 2670882
	-> Aggregate: sum(sbtest2.k)  (cost=43.5 rows=1)
    -> Filter: (sbtest2.id between 2670783 and 2670882)  (cost=20.4 rows=100)
        -> Index range scan on sbtest2 using PRIMARY over (2670783 <= id <= 2670882)  (cost=20.4 rows=100)


table 3 : explain SELECT SUM(k) FROM sbtest3 WHERE id BETWEEN 9712156 AND 9712255
	-> Aggregate: sum(sbtest3.k)  (cost=43.5 rows=1)
    -> Filter: (sbtest3.id between 9712156 and 9712255)  (cost=20.4 rows=100)
        -> Index range scan on sbtest3 using PRIMARY over (9712156 <= id <= 9712255)  (cost=20.4 rows=100)


table 4 : explain SELECT SUM(k) FROM sbtest4 WHERE id BETWEEN 1747356 AND 1747455
	-> Aggregate: sum(sbtest4.k)  (cost=43.5 rows=1)
    -> Filter: (sbtest4.id between 1747356 and 1747455)  (cost=20.4 rows=100)
        -> Index range scan on sbtest4 using PRIMARY over (1747356 <= id <= 1747455)  (cost=20.4 rows=100)


table 5 : explain SELECT SUM(k) FROM sbtest5 WHERE id BETWEEN 4630089 AND 4630188
	-> Aggregate: sum(sbtest5.k)  (cost=43.5 rows=1)
    -> Filter: (sbtest5.id between 4630089 and 4630188)  (cost=20.4 rows=100)
        -> Index range scan on sbtest5 using PRIMARY over (4630089 <= id <= 4630188)  (cost=20.4 rows=100)


table 6 : explain SELECT SUM(k) FROM sbtest6 WHERE id BETWEEN 626518 AND 626617
	-> Aggregate: sum(sbtest6.k)  (cost=43.5 rows=1)
    -> Filter: (sbtest6.id between 626518 and 626617)  (cost=20.4 rows=100)
        -> Index range scan on sbtest6 using PRIMARY over (626518 <= id <= 626617)  (cost=20.4 rows=100)


table 7 : explain SELECT SUM(k) FROM sbtest7 WHERE id BETWEEN 9086470 AND 9086569
	-> Aggregate: sum(sbtest7.k)  (cost=43.5 rows=1)
    -> Filter: (sbtest7.id between 9086470 and 9086569)  (cost=20.4 rows=100)
        -> Index range scan on sbtest7 using PRIMARY over (9086470 <= id <= 9086569)  (cost=20.4 rows=100)


table 8 : explain SELECT SUM(k) FROM sbtest8 WHERE id BETWEEN 5022598 AND 5022697
	-> Aggregate: sum(sbtest8.k)  (cost=43.5 rows=1)
    -> Filter: (sbtest8.id between 5022598 and 5022697)  (cost=20.4 rows=100)
        -> Index range scan on sbtest8 using PRIMARY over (5022598 <= id <= 5022697)  (cost=20.4 rows=100)


for: simple_ranges
table 1 : explain SELECT c FROM sbtest1 WHERE id BETWEEN 7917286 AND 7917385
	-> Filter: (sbtest1.id between 7917286 and 7917385)  (cost=20.4 rows=100)
    -> Index range scan on sbtest1 using PRIMARY over (7917286 <= id <= 7917385)  (cost=20.4 rows=100)


table 2 : explain SELECT c FROM sbtest2 WHERE id BETWEEN 8472395 AND 8472494
	-> Filter: (sbtest2.id between 8472395 and 8472494)  (cost=20.4 rows=100)
    -> Index range scan on sbtest2 using PRIMARY over (8472395 <= id <= 8472494)  (cost=20.4 rows=100)


table 3 : explain SELECT c FROM sbtest3 WHERE id BETWEEN 7706222 AND 7706321
	-> Filter: (sbtest3.id between 7706222 and 7706321)  (cost=20.4 rows=100)
    -> Index range scan on sbtest3 using PRIMARY over (7706222 <= id <= 7706321)  (cost=20.4 rows=100)


table 4 : explain SELECT c FROM sbtest4 WHERE id BETWEEN 3688484 AND 3688583
	-> Filter: (sbtest4.id between 3688484 and 3688583)  (cost=20.4 rows=100)
    -> Index range scan on sbtest4 using PRIMARY over (3688484 <= id <= 3688583)  (cost=20.4 rows=100)


table 5 : explain SELECT c FROM sbtest5 WHERE id BETWEEN 9023929 AND 9024028
	-> Filter: (sbtest5.id between 9023929 and 9024028)  (cost=20.4 rows=100)
    -> Index range scan on sbtest5 using PRIMARY over (9023929 <= id <= 9024028)  (cost=20.4 rows=100)


table 6 : explain SELECT c FROM sbtest6 WHERE id BETWEEN 4893018 AND 4893117
	-> Filter: (sbtest6.id between 4893018 and 4893117)  (cost=20.4 rows=100)
    -> Index range scan on sbtest6 using PRIMARY over (4893018 <= id <= 4893117)  (cost=20.4 rows=100)


table 7 : explain SELECT c FROM sbtest7 WHERE id BETWEEN 381243 AND 381342
	-> Filter: (sbtest7.id between 381243 and 381342)  (cost=20.4 rows=100)
    -> Index range scan on sbtest7 using PRIMARY over (381243 <= id <= 381342)  (cost=20.4 rows=100)


table 8 : explain SELECT c FROM sbtest8 WHERE id BETWEEN 5121402 AND 5121501
	-> Filter: (sbtest8.id between 5121402 and 5121501)  (cost=20.4 rows=100)
    -> Index range scan on sbtest8 using PRIMARY over (5121402 <= id <= 5121501)  (cost=20.4 rows=100)


for: simple_ranges
table 1 : explain SELECT c FROM sbtest1 WHERE id BETWEEN 5376698 AND 5376797
	-> Filter: (sbtest1.id between 5376698 and 5376797)  (cost=20.4 rows=100)
    -> Index range scan on sbtest1 using PRIMARY over (5376698 <= id <= 5376797)  (cost=20.4 rows=100)


table 2 : explain SELECT c FROM sbtest2 WHERE id BETWEEN 8170157 AND 8170256
	-> Filter: (sbtest2.id between 8170157 and 8170256)  (cost=20.4 rows=100)
    -> Index range scan on sbtest2 using PRIMARY over (8170157 <= id <= 8170256)  (cost=20.4 rows=100)


table 3 : explain SELECT c FROM sbtest3 WHERE id BETWEEN 7238385 AND 7238484
	-> Filter: (sbtest3.id between 7238385 and 7238484)  (cost=20.4 rows=100)
    -> Index range scan on sbtest3 using PRIMARY over (7238385 <= id <= 7238484)  (cost=20.4 rows=100)


table 4 : explain SELECT c FROM sbtest4 WHERE id BETWEEN 4172860 AND 4172959
	-> Filter: (sbtest4.id between 4172860 and 4172959)  (cost=20.4 rows=100)
    -> Index range scan on sbtest4 using PRIMARY over (4172860 <= id <= 4172959)  (cost=20.4 rows=100)


table 5 : explain SELECT c FROM sbtest5 WHERE id BETWEEN 1539541 AND 1539640
	-> Filter: (sbtest5.id between 1539541 and 1539640)  (cost=20.4 rows=100)
    -> Index range scan on sbtest5 using PRIMARY over (1539541 <= id <= 1539640)  (cost=20.4 rows=100)


table 6 : explain SELECT c FROM sbtest6 WHERE id BETWEEN 7125246 AND 7125345
	-> Filter: (sbtest6.id between 7125246 and 7125345)  (cost=20.4 rows=100)
    -> Index range scan on sbtest6 using PRIMARY over (7125246 <= id <= 7125345)  (cost=20.4 rows=100)


table 7 : explain SELECT c FROM sbtest7 WHERE id BETWEEN 8915869 AND 8915968
	-> Filter: (sbtest7.id between 8915869 and 8915968)  (cost=20.4 rows=100)
    -> Index range scan on sbtest7 using PRIMARY over (8915869 <= id <= 8915968)  (cost=20.4 rows=100)


table 8 : explain SELECT c FROM sbtest8 WHERE id BETWEEN 2975377 AND 2975476
	-> Filter: (sbtest8.id between 2975377 and 2975476)  (cost=20.4 rows=100)
    -> Index range scan on sbtest8 using PRIMARY over (2975377 <= id <= 2975476)  (cost=20.4 rows=100)


for: simple_ranges
table 1 : explain SELECT c FROM sbtest1 WHERE id BETWEEN 9406711 AND 9406810
	-> Filter: (sbtest1.id between 9406711 and 9406810)  (cost=20.4 rows=100)
    -> Index range scan on sbtest1 using PRIMARY over (9406711 <= id <= 9406810)  (cost=20.4 rows=100)


table 2 : explain SELECT c FROM sbtest2 WHERE id BETWEEN 5894598 AND 5894697
	-> Filter: (sbtest2.id between 5894598 and 5894697)  (cost=20.4 rows=100)
    -> Index range scan on sbtest2 using PRIMARY over (5894598 <= id <= 5894697)  (cost=20.4 rows=100)


table 3 : explain SELECT c FROM sbtest3 WHERE id BETWEEN 6951868 AND 6951967
	-> Filter: (sbtest3.id between 6951868 and 6951967)  (cost=20.4 rows=100)
    -> Index range scan on sbtest3 using PRIMARY over (6951868 <= id <= 6951967)  (cost=20.4 rows=100)


table 4 : explain SELECT c FROM sbtest4 WHERE id BETWEEN 2463840 AND 2463939
	-> Filter: (sbtest4.id between 2463840 and 2463939)  (cost=20.4 rows=100)
    -> Index range scan on sbtest4 using PRIMARY over (2463840 <= id <= 2463939)  (cost=20.4 rows=100)


table 5 : explain SELECT c FROM sbtest5 WHERE id BETWEEN 2922945 AND 2923044
	-> Filter: (sbtest5.id between 2922945 and 2923044)  (cost=20.4 rows=100)
    -> Index range scan on sbtest5 using PRIMARY over (2922945 <= id <= 2923044)  (cost=20.4 rows=100)


table 6 : explain SELECT c FROM sbtest6 WHERE id BETWEEN 9672580 AND 9672679
	-> Filter: (sbtest6.id between 9672580 and 9672679)  (cost=20.4 rows=100)
    -> Index range scan on sbtest6 using PRIMARY over (9672580 <= id <= 9672679)  (cost=20.4 rows=100)


table 7 : explain SELECT c FROM sbtest7 WHERE id BETWEEN 6548086 AND 6548185
	-> Filter: (sbtest7.id between 6548086 and 6548185)  (cost=20.4 rows=100)
    -> Index range scan on sbtest7 using PRIMARY over (6548086 <= id <= 6548185)  (cost=20.4 rows=100)


table 8 : explain SELECT c FROM sbtest8 WHERE id BETWEEN 3433689 AND 3433788
	-> Filter: (sbtest8.id between 3433689 and 3433788)  (cost=20.4 rows=100)
    -> Index range scan on sbtest8 using PRIMARY over (3433689 <= id <= 3433788)  (cost=20.4 rows=100)



for: simple_ranges
table 1 : explain SELECT c FROM sbtest1 WHERE id BETWEEN 7795179 AND 7795278
	-> Filter: (sbtest1.id between 7795179 and 7795278)  (cost=20.4 rows=100)
    -> Index range scan on sbtest1 using PRIMARY over (7795179 <= id <= 7795278)  (cost=20.4 rows=100)


table 2 : explain SELECT c FROM sbtest2 WHERE id BETWEEN 1715485 AND 1715584
	-> Filter: (sbtest2.id between 1715485 and 1715584)  (cost=20.4 rows=100)
    -> Index range scan on sbtest2 using PRIMARY over (1715485 <= id <= 1715584)  (cost=20.4 rows=100)


table 3 : explain SELECT c FROM sbtest3 WHERE id BETWEEN 2598900 AND 2598999
	-> Filter: (sbtest3.id between 2598900 and 2598999)  (cost=20.4 rows=100)
    -> Index range scan on sbtest3 using PRIMARY over (2598900 <= id <= 2598999)  (cost=20.4 rows=100)


table 4 : explain SELECT c FROM sbtest4 WHERE id BETWEEN 737807 AND 737906
	-> Filter: (sbtest4.id between 737807 and 737906)  (cost=20.4 rows=100)
    -> Index range scan on sbtest4 using PRIMARY over (737807 <= id <= 737906)  (cost=20.4 rows=100)


table 5 : explain SELECT c FROM sbtest5 WHERE id BETWEEN 9516441 AND 9516540
	-> Filter: (sbtest5.id between 9516441 and 9516540)  (cost=20.4 rows=100)
    -> Index range scan on sbtest5 using PRIMARY over (9516441 <= id <= 9516540)  (cost=20.4 rows=100)


table 6 : explain SELECT c FROM sbtest6 WHERE id BETWEEN 8880054 AND 8880153
	-> Filter: (sbtest6.id between 8880054 and 8880153)  (cost=20.4 rows=100)
    -> Index range scan on sbtest6 using PRIMARY over (8880054 <= id <= 8880153)  (cost=20.4 rows=100)


table 7 : explain SELECT c FROM sbtest7 WHERE id BETWEEN 7465475 AND 7465574
	-> Filter: (sbtest7.id between 7465475 and 7465574)  (cost=20.4 rows=100)
    -> Index range scan on sbtest7 using PRIMARY over (7465475 <= id <= 7465574)  (cost=20.4 rows=100)


table 8 : explain SELECT c FROM sbtest8 WHERE id BETWEEN 2851775 AND 2851874
	-> Filter: (sbtest8.id between 2851775 and 2851874)  (cost=20.4 rows=100)
    -> Index range scan on sbtest8 using PRIMARY over (2851775 <= id <= 2851874)  (cost=20.4 rows=100)


for: simple_ranges
table 1 : explain SELECT c FROM sbtest1 WHERE id BETWEEN 7480600 AND 7480699
	-> Filter: (sbtest1.id between 7480600 and 7480699)  (cost=20.4 rows=100)
    -> Index range scan on sbtest1 using PRIMARY over (7480600 <= id <= 7480699)  (cost=20.4 rows=100)


table 2 : explain SELECT c FROM sbtest2 WHERE id BETWEEN 9736289 AND 9736388
	-> Filter: (sbtest2.id between 9736289 and 9736388)  (cost=20.4 rows=100)
    -> Index range scan on sbtest2 using PRIMARY over (9736289 <= id <= 9736388)  (cost=20.4 rows=100)


table 3 : explain SELECT c FROM sbtest3 WHERE id BETWEEN 8525819 AND 8525918
	-> Filter: (sbtest3.id between 8525819 and 8525918)  (cost=20.4 rows=100)
    -> Index range scan on sbtest3 using PRIMARY over (8525819 <= id <= 8525918)  (cost=20.4 rows=100)


table 4 : explain SELECT c FROM sbtest4 WHERE id BETWEEN 2410209 AND 2410308
	-> Filter: (sbtest4.id between 2410209 and 2410308)  (cost=20.4 rows=100)
    -> Index range scan on sbtest4 using PRIMARY over (2410209 <= id <= 2410308)  (cost=20.4 rows=100)


table 5 : explain SELECT c FROM sbtest5 WHERE id BETWEEN 6076750 AND 6076849
	-> Filter: (sbtest5.id between 6076750 and 6076849)  (cost=20.4 rows=100)
    -> Index range scan on sbtest5 using PRIMARY over (6076750 <= id <= 6076849)  (cost=20.4 rows=100)


table 6 : explain SELECT c FROM sbtest6 WHERE id BETWEEN 8261310 AND 8261409
	-> Filter: (sbtest6.id between 8261310 and 8261409)  (cost=20.4 rows=100)
    -> Index range scan on sbtest6 using PRIMARY over (8261310 <= id <= 8261409)  (cost=20.4 rows=100)


table 7 : explain SELECT c FROM sbtest7 WHERE id BETWEEN 9230003 AND 9230102
	-> Filter: (sbtest7.id between 9230003 and 9230102)  (cost=20.4 rows=100)
    -> Index range scan on sbtest7 using PRIMARY over (9230003 <= id <= 9230102)  (cost=20.4 rows=100)


table 8 : explain SELECT c FROM sbtest8 WHERE id BETWEEN 1669042 AND 1669141
	-> Filter: (sbtest8.id between 1669042 and 1669141)  (cost=20.4 rows=100)
    -> Index range scan on sbtest8 using PRIMARY over (1669042 <= id <= 1669141)  (cost=20.4 rows=100)


for: simple_ranges
table 1 : explain SELECT c FROM sbtest1 WHERE id BETWEEN 5185785 AND 5185884
	-> Filter: (sbtest1.id between 5185785 and 5185884)  (cost=20.4 rows=100)
    -> Index range scan on sbtest1 using PRIMARY over (5185785 <= id <= 5185884)  (cost=20.4 rows=100)


table 2 : explain SELECT c FROM sbtest2 WHERE id BETWEEN 8844808 AND 8844907
	-> Filter: (sbtest2.id between 8844808 and 8844907)  (cost=20.4 rows=100)
    -> Index range scan on sbtest2 using PRIMARY over (8844808 <= id <= 8844907)  (cost=20.4 rows=100)


table 3 : explain SELECT c FROM sbtest3 WHERE id BETWEEN 5852942 AND 5853041
	-> Filter: (sbtest3.id between 5852942 and 5853041)  (cost=20.4 rows=100)
    -> Index range scan on sbtest3 using PRIMARY over (5852942 <= id <= 5853041)  (cost=20.4 rows=100)


table 4 : explain SELECT c FROM sbtest4 WHERE id BETWEEN 1359727 AND 1359826
	-> Filter: (sbtest4.id between 1359727 and 1359826)  (cost=20.4 rows=100)
    -> Index range scan on sbtest4 using PRIMARY over (1359727 <= id <= 1359826)  (cost=20.4 rows=100)


table 5 : explain SELECT c FROM sbtest5 WHERE id BETWEEN 666281 AND 666380
	-> Filter: (sbtest5.id between 666281 and 666380)  (cost=20.4 rows=100)
    -> Index range scan on sbtest5 using PRIMARY over (666281 <= id <= 666380)  (cost=20.4 rows=100)


table 6 : explain SELECT c FROM sbtest6 WHERE id BETWEEN 1680781 AND 1680880
	-> Filter: (sbtest6.id between 1680781 and 1680880)  (cost=20.4 rows=100)
    -> Index range scan on sbtest6 using PRIMARY over (1680781 <= id <= 1680880)  (cost=20.4 rows=100)


table 7 : explain SELECT c FROM sbtest7 WHERE id BETWEEN 4066090 AND 4066189
	-> Filter: (sbtest7.id between 4066090 and 4066189)  (cost=20.4 rows=100)
    -> Index range scan on sbtest7 using PRIMARY over (4066090 <= id <= 4066189)  (cost=20.4 rows=100)


table 8 : explain SELECT c FROM sbtest8 WHERE id BETWEEN 2497494 AND 2497593
	-> Filter: (sbtest8.id between 2497494 and 2497593)  (cost=20.4 rows=100)
    -> Index range scan on sbtest8 using PRIMARY over (2497494 <= id <= 2497593)  (cost=20.4 rows=100)


for: simple_ranges
table 1 : explain SELECT c FROM sbtest1 WHERE id BETWEEN 3548045 AND 3548144
	-> Filter: (sbtest1.id between 3548045 and 3548144)  (cost=20.4 rows=100)
    -> Index range scan on sbtest1 using PRIMARY over (3548045 <= id <= 3548144)  (cost=20.4 rows=100)


table 2 : explain SELECT c FROM sbtest2 WHERE id BETWEEN 7781423 AND 7781522
	-> Filter: (sbtest2.id between 7781423 and 7781522)  (cost=20.4 rows=100)
    -> Index range scan on sbtest2 using PRIMARY over (7781423 <= id <= 7781522)  (cost=20.4 rows=100)


table 3 : explain SELECT c FROM sbtest3 WHERE id BETWEEN 9648603 AND 9648702
	-> Filter: (sbtest3.id between 9648603 and 9648702)  (cost=20.4 rows=100)
    -> Index range scan on sbtest3 using PRIMARY over (9648603 <= id <= 9648702)  (cost=20.4 rows=100)


table 4 : explain SELECT c FROM sbtest4 WHERE id BETWEEN 4037669 AND 4037768
	-> Filter: (sbtest4.id between 4037669 and 4037768)  (cost=20.4 rows=100)
    -> Index range scan on sbtest4 using PRIMARY over (4037669 <= id <= 4037768)  (cost=20.4 rows=100)


table 5 : explain SELECT c FROM sbtest5 WHERE id BETWEEN 7030735 AND 7030834
	-> Filter: (sbtest5.id between 7030735 and 7030834)  (cost=20.4 rows=100)
    -> Index range scan on sbtest5 using PRIMARY over (7030735 <= id <= 7030834)  (cost=20.4 rows=100)


table 6 : explain SELECT c FROM sbtest6 WHERE id BETWEEN 6660992 AND 6661091
	-> Filter: (sbtest6.id between 6660992 and 6661091)  (cost=20.4 rows=100)
    -> Index range scan on sbtest6 using PRIMARY over (6660992 <= id <= 6661091)  (cost=20.4 rows=100)


table 7 : explain SELECT c FROM sbtest7 WHERE id BETWEEN 5574763 AND 5574862
	-> Filter: (sbtest7.id between 5574763 and 5574862)  (cost=20.4 rows=100)
    -> Index range scan on sbtest7 using PRIMARY over (5574763 <= id <= 5574862)  (cost=20.4 rows=100)


table 8 : explain SELECT c FROM sbtest8 WHERE id BETWEEN 5882989 AND 5883088
	-> Filter: (sbtest8.id between 5882989 and 5883088)  (cost=20.4 rows=100)
    -> Index range scan on sbtest8 using PRIMARY over (5882989 <= id <= 5883088)  (cost=20.4 rows=100)


for: simple_ranges
table 1 : explain SELECT c FROM sbtest1 WHERE id BETWEEN 5003289 AND 5003388
	-> Filter: (sbtest1.id between 5003289 and 5003388)  (cost=20.4 rows=100)
    -> Index range scan on sbtest1 using PRIMARY over (5003289 <= id <= 5003388)  (cost=20.4 rows=100)


table 2 : explain SELECT c FROM sbtest2 WHERE id BETWEEN 8561780 AND 8561879
	-> Filter: (sbtest2.id between 8561780 and 8561879)  (cost=20.4 rows=100)
    -> Index range scan on sbtest2 using PRIMARY over (8561780 <= id <= 8561879)  (cost=20.4 rows=100)


table 3 : explain SELECT c FROM sbtest3 WHERE id BETWEEN 4500994 AND 4501093
	-> Filter: (sbtest3.id between 4500994 and 4501093)  (cost=20.4 rows=100)
    -> Index range scan on sbtest3 using PRIMARY over (4500994 <= id <= 4501093)  (cost=20.4 rows=100)


table 4 : explain SELECT c FROM sbtest4 WHERE id BETWEEN 4923946 AND 4924045
	-> Filter: (sbtest4.id between 4923946 and 4924045)  (cost=20.4 rows=100)
    -> Index range scan on sbtest4 using PRIMARY over (4923946 <= id <= 4924045)  (cost=20.4 rows=100)


table 5 : explain SELECT c FROM sbtest5 WHERE id BETWEEN 1125224 AND 1125323
	-> Filter: (sbtest5.id between 1125224 and 1125323)  (cost=20.4 rows=100)
    -> Index range scan on sbtest5 using PRIMARY over (1125224 <= id <= 1125323)  (cost=20.4 rows=100)


table 6 : explain SELECT c FROM sbtest6 WHERE id BETWEEN 8834663 AND 8834762
	-> Filter: (sbtest6.id between 8834663 and 8834762)  (cost=20.4 rows=100)
    -> Index range scan on sbtest6 using PRIMARY over (8834663 <= id <= 8834762)  (cost=20.4 rows=100)


table 7 : explain SELECT c FROM sbtest7 WHERE id BETWEEN 4652670 AND 4652769
	-> Filter: (sbtest7.id between 4652670 and 4652769)  (cost=20.4 rows=100)
    -> Index range scan on sbtest7 using PRIMARY over (4652670 <= id <= 4652769)  (cost=20.4 rows=100)


table 8 : explain SELECT c FROM sbtest8 WHERE id BETWEEN 3642974 AND 3643073
	-> Filter: (sbtest8.id between 3642974 and 3643073)  (cost=20.4 rows=100)
    -> Index range scan on sbtest8 using PRIMARY over (3642974 <= id <= 3643073)  (cost=20.4 rows=100)


for: simple_ranges
table 1 : explain SELECT c FROM sbtest1 WHERE id BETWEEN 2601773 AND 2601872
	-> Filter: (sbtest1.id between 2601773 and 2601872)  (cost=20.4 rows=100)
    -> Index range scan on sbtest1 using PRIMARY over (2601773 <= id <= 2601872)  (cost=20.4 rows=100)


table 2 : explain SELECT c FROM sbtest2 WHERE id BETWEEN 4646122 AND 4646221
	-> Filter: (sbtest2.id between 4646122 and 4646221)  (cost=20.4 rows=100)
    -> Index range scan on sbtest2 using PRIMARY over (4646122 <= id <= 4646221)  (cost=20.4 rows=100)


table 3 : explain SELECT c FROM sbtest3 WHERE id BETWEEN 8481064 AND 8481163
	-> Filter: (sbtest3.id between 8481064 and 8481163)  (cost=20.4 rows=100)
    -> Index range scan on sbtest3 using PRIMARY over (8481064 <= id <= 8481163)  (cost=20.4 rows=100)


table 4 : explain SELECT c FROM sbtest4 WHERE id BETWEEN 3695555 AND 3695654
	-> Filter: (sbtest4.id between 3695555 and 3695654)  (cost=20.4 rows=100)
    -> Index range scan on sbtest4 using PRIMARY over (3695555 <= id <= 3695654)  (cost=20.4 rows=100)


table 5 : explain SELECT c FROM sbtest5 WHERE id BETWEEN 6480815 AND 6480914
	-> Filter: (sbtest5.id between 6480815 and 6480914)  (cost=20.4 rows=100)
    -> Index range scan on sbtest5 using PRIMARY over (6480815 <= id <= 6480914)  (cost=20.4 rows=100)


table 6 : explain SELECT c FROM sbtest6 WHERE id BETWEEN 6175783 AND 6175882
	-> Filter: (sbtest6.id between 6175783 and 6175882)  (cost=20.4 rows=100)
    -> Index range scan on sbtest6 using PRIMARY over (6175783 <= id <= 6175882)  (cost=20.4 rows=100)


table 7 : explain SELECT c FROM sbtest7 WHERE id BETWEEN 9816504 AND 9816603
	-> Filter: (sbtest7.id between 9816504 and 9816603)  (cost=20.4 rows=100)
    -> Index range scan on sbtest7 using PRIMARY over (9816504 <= id <= 9816603)  (cost=20.4 rows=100)


table 8 : explain SELECT c FROM sbtest8 WHERE id BETWEEN 7295996 AND 7296095
	-> Filter: (sbtest8.id between 7295996 and 7296095)  (cost=20.4 rows=100)
    -> Index range scan on sbtest8 using PRIMARY over (7295996 <= id <= 7296095)  (cost=20.4 rows=100)


for: simple_ranges
table 1 : explain SELECT c FROM sbtest1 WHERE id BETWEEN 962353 AND 962452
	-> Filter: (sbtest1.id between 962353 and 962452)  (cost=20.4 rows=100)
    -> Index range scan on sbtest1 using PRIMARY over (962353 <= id <= 962452)  (cost=20.4 rows=100)


table 2 : explain SELECT c FROM sbtest2 WHERE id BETWEEN 2985263 AND 2985362
	-> Filter: (sbtest2.id between 2985263 and 2985362)  (cost=20.4 rows=100)
    -> Index range scan on sbtest2 using PRIMARY over (2985263 <= id <= 2985362)  (cost=20.4 rows=100)


table 3 : explain SELECT c FROM sbtest3 WHERE id BETWEEN 3461197 AND 3461296
	-> Filter: (sbtest3.id between 3461197 and 3461296)  (cost=20.4 rows=100)
    -> Index range scan on sbtest3 using PRIMARY over (3461197 <= id <= 3461296)  (cost=20.4 rows=100)


table 4 : explain SELECT c FROM sbtest4 WHERE id BETWEEN 1408969 AND 1409068
	-> Filter: (sbtest4.id between 1408969 and 1409068)  (cost=20.4 rows=100)
    -> Index range scan on sbtest4 using PRIMARY over (1408969 <= id <= 1409068)  (cost=20.4 rows=100)


table 5 : explain SELECT c FROM sbtest5 WHERE id BETWEEN 8704600 AND 8704699
	-> Filter: (sbtest5.id between 8704600 and 8704699)  (cost=20.4 rows=100)
    -> Index range scan on sbtest5 using PRIMARY over (8704600 <= id <= 8704699)  (cost=20.4 rows=100)


table 6 : explain SELECT c FROM sbtest6 WHERE id BETWEEN 5900811 AND 5900910
	-> Filter: (sbtest6.id between 5900811 and 5900910)  (cost=20.4 rows=100)
    -> Index range scan on sbtest6 using PRIMARY over (5900811 <= id <= 5900910)  (cost=20.4 rows=100)


table 7 : explain SELECT c FROM sbtest7 WHERE id BETWEEN 6738437 AND 6738536
	-> Filter: (sbtest7.id between 6738437 and 6738536)  (cost=20.4 rows=100)
    -> Index range scan on sbtest7 using PRIMARY over (6738437 <= id <= 6738536)  (cost=20.4 rows=100)


table 8 : explain SELECT c FROM sbtest8 WHERE id BETWEEN 2895589 AND 2895688
	-> Filter: (sbtest8.id between 2895589 and 2895688)  (cost=20.4 rows=100)
    -> Index range scan on sbtest8 using PRIMARY over (2895589 <= id <= 2895688)  (cost=20.4 rows=100)


for: simple_ranges
table 1 : explain SELECT c FROM sbtest1 WHERE id BETWEEN 7392618 AND 7392717
	-> Filter: (sbtest1.id between 7392618 and 7392717)  (cost=20.4 rows=100)
    -> Index range scan on sbtest1 using PRIMARY over (7392618 <= id <= 7392717)  (cost=20.4 rows=100)


table 2 : explain SELECT c FROM sbtest2 WHERE id BETWEEN 892109 AND 892208
	-> Filter: (sbtest2.id between 892109 and 892208)  (cost=20.4 rows=100)
    -> Index range scan on sbtest2 using PRIMARY over (892109 <= id <= 892208)  (cost=20.4 rows=100)


table 3 : explain SELECT c FROM sbtest3 WHERE id BETWEEN 3102813 AND 3102912
	-> Filter: (sbtest3.id between 3102813 and 3102912)  (cost=20.4 rows=100)
    -> Index range scan on sbtest3 using PRIMARY over (3102813 <= id <= 3102912)  (cost=20.4 rows=100)


table 4 : explain SELECT c FROM sbtest4 WHERE id BETWEEN 3946136 AND 3946235
	-> Filter: (sbtest4.id between 3946136 and 3946235)  (cost=20.4 rows=100)
    -> Index range scan on sbtest4 using PRIMARY over (3946136 <= id <= 3946235)  (cost=20.4 rows=100)


table 5 : explain SELECT c FROM sbtest5 WHERE id BETWEEN 7501210 AND 7501309
	-> Filter: (sbtest5.id between 7501210 and 7501309)  (cost=20.4 rows=100)
    -> Index range scan on sbtest5 using PRIMARY over (7501210 <= id <= 7501309)  (cost=20.4 rows=100)


table 6 : explain SELECT c FROM sbtest6 WHERE id BETWEEN 4026416 AND 4026515
	-> Filter: (sbtest6.id between 4026416 and 4026515)  (cost=20.4 rows=100)
    -> Index range scan on sbtest6 using PRIMARY over (4026416 <= id <= 4026515)  (cost=20.4 rows=100)


table 7 : explain SELECT c FROM sbtest7 WHERE id BETWEEN 1261603 AND 1261702
	-> Filter: (sbtest7.id between 1261603 and 1261702)  (cost=20.4 rows=100)
    -> Index range scan on sbtest7 using PRIMARY over (1261603 <= id <= 1261702)  (cost=20.4 rows=100)


table 8 : explain SELECT c FROM sbtest8 WHERE id BETWEEN 887055 AND 887154
	-> Filter: (sbtest8.id between 887055 and 887154)  (cost=20.4 rows=100)
    -> Index range scan on sbtest8 using PRIMARY over (887055 <= id <= 887154)  (cost=20.4 rows=100)


for: simple_ranges
table 1 : explain SELECT c FROM sbtest1 WHERE id BETWEEN 4168281 AND 4168380
	-> Filter: (sbtest1.id between 4168281 and 4168380)  (cost=20.4 rows=100)
    -> Index range scan on sbtest1 using PRIMARY over (4168281 <= id <= 4168380)  (cost=20.4 rows=100)


table 2 : explain SELECT c FROM sbtest2 WHERE id BETWEEN 7734212 AND 7734311
	-> Filter: (sbtest2.id between 7734212 and 7734311)  (cost=20.4 rows=100)
    -> Index range scan on sbtest2 using PRIMARY over (7734212 <= id <= 7734311)  (cost=20.4 rows=100)


table 3 : explain SELECT c FROM sbtest3 WHERE id BETWEEN 7144796 AND 7144895
	-> Filter: (sbtest3.id between 7144796 and 7144895)  (cost=20.4 rows=100)
    -> Index range scan on sbtest3 using PRIMARY over (7144796 <= id <= 7144895)  (cost=20.4 rows=100)


table 4 : explain SELECT c FROM sbtest4 WHERE id BETWEEN 8220317 AND 8220416
	-> Filter: (sbtest4.id between 8220317 and 8220416)  (cost=20.4 rows=100)
    -> Index range scan on sbtest4 using PRIMARY over (8220317 <= id <= 8220416)  (cost=20.4 rows=100)


table 5 : explain SELECT c FROM sbtest5 WHERE id BETWEEN 9410806 AND 9410905
	-> Filter: (sbtest5.id between 9410806 and 9410905)  (cost=20.4 rows=100)
    -> Index range scan on sbtest5 using PRIMARY over (9410806 <= id <= 9410905)  (cost=20.4 rows=100)


table 6 : explain SELECT c FROM sbtest6 WHERE id BETWEEN 2024373 AND 2024472
	-> Filter: (sbtest6.id between 2024373 and 2024472)  (cost=20.4 rows=100)
    -> Index range scan on sbtest6 using PRIMARY over (2024373 <= id <= 2024472)  (cost=20.4 rows=100)


table 7 : explain SELECT c FROM sbtest7 WHERE id BETWEEN 9376274 AND 9376373
	-> Filter: (sbtest7.id between 9376274 and 9376373)  (cost=20.4 rows=100)
    -> Index range scan on sbtest7 using PRIMARY over (9376274 <= id <= 9376373)  (cost=20.4 rows=100)


table 8 : explain SELECT c FROM sbtest8 WHERE id BETWEEN 3103308 AND 3103407
	-> Filter: (sbtest8.id between 3103308 and 3103407)  (cost=20.4 rows=100)
    -> Index range scan on sbtest8 using PRIMARY over (3103308 <= id <= 3103407)  (cost=20.4 rows=100)

for: simple_ranges
table 1 : explain SELECT c FROM sbtest1 WHERE id BETWEEN 4018406 AND 4018505
	-> Filter: (sbtest1.id between 4018406 and 4018505)  (cost=20.4 rows=100)
    -> Index range scan on sbtest1 using PRIMARY over (4018406 <= id <= 4018505)  (cost=20.4 rows=100)


table 2 : explain SELECT c FROM sbtest2 WHERE id BETWEEN 9530684 AND 9530783
	-> Filter: (sbtest2.id between 9530684 and 9530783)  (cost=20.4 rows=100)
    -> Index range scan on sbtest2 using PRIMARY over (9530684 <= id <= 9530783)  (cost=20.4 rows=100)


table 3 : explain SELECT c FROM sbtest3 WHERE id BETWEEN 8039055 AND 8039154
	-> Filter: (sbtest3.id between 8039055 and 8039154)  (cost=20.4 rows=100)
    -> Index range scan on sbtest3 using PRIMARY over (8039055 <= id <= 8039154)  (cost=20.4 rows=100)


table 4 : explain SELECT c FROM sbtest4 WHERE id BETWEEN 6474406 AND 6474505
	-> Filter: (sbtest4.id between 6474406 and 6474505)  (cost=20.4 rows=100)
    -> Index range scan on sbtest4 using PRIMARY over (6474406 <= id <= 6474505)  (cost=20.4 rows=100)


table 5 : explain SELECT c FROM sbtest5 WHERE id BETWEEN 970812 AND 970911
	-> Filter: (sbtest5.id between 970812 and 970911)  (cost=20.4 rows=100)
    -> Index range scan on sbtest5 using PRIMARY over (970812 <= id <= 970911)  (cost=20.4 rows=100)


table 6 : explain SELECT c FROM sbtest6 WHERE id BETWEEN 500421 AND 500520
	-> Filter: (sbtest6.id between 500421 and 500520)  (cost=20.4 rows=100)
    -> Index range scan on sbtest6 using PRIMARY over (500421 <= id <= 500520)  (cost=20.4 rows=100)


table 7 : explain SELECT c FROM sbtest7 WHERE id BETWEEN 8299665 AND 8299764
	-> Filter: (sbtest7.id between 8299665 and 8299764)  (cost=20.4 rows=100)
    -> Index range scan on sbtest7 using PRIMARY over (8299665 <= id <= 8299764)  (cost=20.4 rows=100)


table 8 : explain SELECT c FROM sbtest8 WHERE id BETWEEN 6491693 AND 6491792
	-> Filter: (sbtest8.id between 6491693 and 6491792)  (cost=20.4 rows=100)
    -> Index range scan on sbtest8 using PRIMARY over (6491693 <= id <= 6491792)  (cost=20.4 rows=100)



for: simple_ranges
table 1 : explain SELECT c FROM sbtest1 WHERE id BETWEEN 3395636 AND 3395735
	-> Filter: (sbtest1.id between 3395636 and 3395735)  (cost=20.4 rows=100)
    -> Index range scan on sbtest1 using PRIMARY over (3395636 <= id <= 3395735)  (cost=20.4 rows=100)


table 2 : explain SELECT c FROM sbtest2 WHERE id BETWEEN 300939 AND 301038
	-> Filter: (sbtest2.id between 300939 and 301038)  (cost=20.4 rows=100)
    -> Index range scan on sbtest2 using PRIMARY over (300939 <= id <= 301038)  (cost=20.4 rows=100)


table 3 : explain SELECT c FROM sbtest3 WHERE id BETWEEN 7156143 AND 7156242
	-> Filter: (sbtest3.id between 7156143 and 7156242)  (cost=20.4 rows=100)
    -> Index range scan on sbtest3 using PRIMARY over (7156143 <= id <= 7156242)  (cost=20.4 rows=100)


table 4 : explain SELECT c FROM sbtest4 WHERE id BETWEEN 3762463 AND 3762562
	-> Filter: (sbtest4.id between 3762463 and 3762562)  (cost=20.4 rows=100)
    -> Index range scan on sbtest4 using PRIMARY over (3762463 <= id <= 3762562)  (cost=20.4 rows=100)


table 5 : explain SELECT c FROM sbtest5 WHERE id BETWEEN 5824844 AND 5824943
	-> Filter: (sbtest5.id between 5824844 and 5824943)  (cost=20.4 rows=100)
    -> Index range scan on sbtest5 using PRIMARY over (5824844 <= id <= 5824943)  (cost=20.4 rows=100)


table 6 : explain SELECT c FROM sbtest6 WHERE id BETWEEN 2048 AND 2147
	-> Filter: (sbtest6.id between 2048 and 2147)  (cost=20.4 rows=100)
    -> Index range scan on sbtest6 using PRIMARY over (2048 <= id <= 2147)  (cost=20.4 rows=100)


table 7 : explain SELECT c FROM sbtest7 WHERE id BETWEEN 7876363 AND 7876462
	-> Filter: (sbtest7.id between 7876363 and 7876462)  (cost=20.4 rows=100)
    -> Index range scan on sbtest7 using PRIMARY over (7876363 <= id <= 7876462)  (cost=20.4 rows=100)


table 8 : explain SELECT c FROM sbtest8 WHERE id BETWEEN 9178580 AND 9178679
	-> Filter: (sbtest8.id between 9178580 and 9178679)  (cost=20.4 rows=100)
    -> Index range scan on sbtest8 using PRIMARY over (9178580 <= id <= 9178679)  (cost=20.4 rows=100)


for: sum_ranges
table 1 : explain SELECT SUM(k) FROM sbtest1 WHERE id BETWEEN 6749482 AND 6749581
	-> Aggregate: sum(sbtest1.k)  (cost=43.5 rows=1)
    -> Filter: (sbtest1.id between 6749482 and 6749581)  (cost=20.4 rows=100)
        -> Index range scan on sbtest1 using PRIMARY over (6749482 <= id <= 6749581)  (cost=20.4 rows=100)


table 2 : explain SELECT SUM(k) FROM sbtest2 WHERE id BETWEEN 1789667 AND 1789766
	-> Aggregate: sum(sbtest2.k)  (cost=43.5 rows=1)
    -> Filter: (sbtest2.id between 1789667 and 1789766)  (cost=20.4 rows=100)
        -> Index range scan on sbtest2 using PRIMARY over (1789667 <= id <= 1789766)  (cost=20.4 rows=100)


table 3 : explain SELECT SUM(k) FROM sbtest3 WHERE id BETWEEN 8716274 AND 8716373
	-> Aggregate: sum(sbtest3.k)  (cost=43.5 rows=1)
    -> Filter: (sbtest3.id between 8716274 and 8716373)  (cost=20.4 rows=100)
        -> Index range scan on sbtest3 using PRIMARY over (8716274 <= id <= 8716373)  (cost=20.4 rows=100)


table 4 : explain SELECT SUM(k) FROM sbtest4 WHERE id BETWEEN 2104169 AND 2104268
	-> Aggregate: sum(sbtest4.k)  (cost=43.5 rows=1)
    -> Filter: (sbtest4.id between 2104169 and 2104268)  (cost=20.4 rows=100)
        -> Index range scan on sbtest4 using PRIMARY over (2104169 <= id <= 2104268)  (cost=20.4 rows=100)


table 5 : explain SELECT SUM(k) FROM sbtest5 WHERE id BETWEEN 9031270 AND 9031369
	-> Aggregate: sum(sbtest5.k)  (cost=43.5 rows=1)
    -> Filter: (sbtest5.id between 9031270 and 9031369)  (cost=20.4 rows=100)
        -> Index range scan on sbtest5 using PRIMARY over (9031270 <= id <= 9031369)  (cost=20.4 rows=100)


table 6 : explain SELECT SUM(k) FROM sbtest6 WHERE id BETWEEN 7297529 AND 7297628
	-> Aggregate: sum(sbtest6.k)  (cost=43.5 rows=1)
    -> Filter: (sbtest6.id between 7297529 and 7297628)  (cost=20.4 rows=100)
        -> Index range scan on sbtest6 using PRIMARY over (7297529 <= id <= 7297628)  (cost=20.4 rows=100)


table 7 : explain SELECT SUM(k) FROM sbtest7 WHERE id BETWEEN 3941144 AND 3941243
	-> Aggregate: sum(sbtest7.k)  (cost=43.5 rows=1)
    -> Filter: (sbtest7.id between 3941144 and 3941243)  (cost=20.4 rows=100)
        -> Index range scan on sbtest7 using PRIMARY over (3941144 <= id <= 3941243)  (cost=20.4 rows=100)


table 8 : explain SELECT SUM(k) FROM sbtest8 WHERE id BETWEEN 6535151 AND 6535250
	-> Aggregate: sum(sbtest8.k)  (cost=43.5 rows=1)
    -> Filter: (sbtest8.id between 6535151 and 6535250)  (cost=20.4 rows=100)
        -> Index range scan on sbtest8 using PRIMARY over (6535151 <= id <= 6535250)  (cost=20.4 rows=100)


for: simple_ranges
table 1 : explain SELECT c FROM sbtest1 WHERE id BETWEEN 327720 AND 327819
	-> Filter: (sbtest1.id between 327720 and 327819)  (cost=20.4 rows=100)
    -> Index range scan on sbtest1 using PRIMARY over (327720 <= id <= 327819)  (cost=20.4 rows=100)


table 2 : explain SELECT c FROM sbtest2 WHERE id BETWEEN 5307506 AND 5307605
	-> Filter: (sbtest2.id between 5307506 and 5307605)  (cost=20.4 rows=100)
    -> Index range scan on sbtest2 using PRIMARY over (5307506 <= id <= 5307605)  (cost=20.4 rows=100)


table 3 : explain SELECT c FROM sbtest3 WHERE id BETWEEN 1117094 AND 1117193
	-> Filter: (sbtest3.id between 1117094 and 1117193)  (cost=20.4 rows=100)
    -> Index range scan on sbtest3 using PRIMARY over (1117094 <= id <= 1117193)  (cost=20.4 rows=100)


table 4 : explain SELECT c FROM sbtest4 WHERE id BETWEEN 1922494 AND 1922593
	-> Filter: (sbtest4.id between 1922494 and 1922593)  (cost=20.4 rows=100)
    -> Index range scan on sbtest4 using PRIMARY over (1922494 <= id <= 1922593)  (cost=20.4 rows=100)


table 5 : explain SELECT c FROM sbtest5 WHERE id BETWEEN 6185717 AND 6185816
	-> Filter: (sbtest5.id between 6185717 and 6185816)  (cost=20.4 rows=100)
    -> Index range scan on sbtest5 using PRIMARY over (6185717 <= id <= 6185816)  (cost=20.4 rows=100)


table 6 : explain SELECT c FROM sbtest6 WHERE id BETWEEN 5023710 AND 5023809
	-> Filter: (sbtest6.id between 5023710 and 5023809)  (cost=20.4 rows=100)
    -> Index range scan on sbtest6 using PRIMARY over (5023710 <= id <= 5023809)  (cost=20.4 rows=100)


table 7 : explain SELECT c FROM sbtest7 WHERE id BETWEEN 4772962 AND 4773061
	-> Filter: (sbtest7.id between 4772962 and 4773061)  (cost=20.4 rows=100)
    -> Index range scan on sbtest7 using PRIMARY over (4772962 <= id <= 4773061)  (cost=20.4 rows=100)


table 8 : explain SELECT c FROM sbtest8 WHERE id BETWEEN 4142999 AND 4143098
	-> Filter: (sbtest8.id between 4142999 and 4143098)  (cost=20.4 rows=100)
    -> Index range scan on sbtest8 using PRIMARY over (4142999 <= id <= 4143098)  (cost=20.4 rows=100)


for: sum_ranges
table 1 : explain SELECT SUM(k) FROM sbtest1 WHERE id BETWEEN 390016 AND 390115
	-> Aggregate: sum(sbtest1.k)  (cost=43.5 rows=1)
    -> Filter: (sbtest1.id between 390016 and 390115)  (cost=20.4 rows=100)
        -> Index range scan on sbtest1 using PRIMARY over (390016 <= id <= 390115)  (cost=20.4 rows=100)


table 2 : explain SELECT SUM(k) FROM sbtest2 WHERE id BETWEEN 7443304 AND 7443403
	-> Aggregate: sum(sbtest2.k)  (cost=43.5 rows=1)
    -> Filter: (sbtest2.id between 7443304 and 7443403)  (cost=20.4 rows=100)
        -> Index range scan on sbtest2 using PRIMARY over (7443304 <= id <= 7443403)  (cost=20.4 rows=100)


table 3 : explain SELECT SUM(k) FROM sbtest3 WHERE id BETWEEN 4733551 AND 4733650
	-> Aggregate: sum(sbtest3.k)  (cost=43.5 rows=1)
    -> Filter: (sbtest3.id between 4733551 and 4733650)  (cost=20.4 rows=100)
        -> Index range scan on sbtest3 using PRIMARY over (4733551 <= id <= 4733650)  (cost=20.4 rows=100)


table 4 : explain SELECT SUM(k) FROM sbtest4 WHERE id BETWEEN 2474969 AND 2475068
	-> Aggregate: sum(sbtest4.k)  (cost=43.5 rows=1)
    -> Filter: (sbtest4.id between 2474969 and 2475068)  (cost=20.4 rows=100)
        -> Index range scan on sbtest4 using PRIMARY over (2474969 <= id <= 2475068)  (cost=20.4 rows=100)


table 5 : explain SELECT SUM(k) FROM sbtest5 WHERE id BETWEEN 4050253 AND 4050352
	-> Aggregate: sum(sbtest5.k)  (cost=43.5 rows=1)
    -> Filter: (sbtest5.id between 4050253 and 4050352)  (cost=20.4 rows=100)
        -> Index range scan on sbtest5 using PRIMARY over (4050253 <= id <= 4050352)  (cost=20.4 rows=100)


table 6 : explain SELECT SUM(k) FROM sbtest6 WHERE id BETWEEN 7467081 AND 7467180
	-> Aggregate: sum(sbtest6.k)  (cost=43.5 rows=1)
    -> Filter: (sbtest6.id between 7467081 and 7467180)  (cost=20.4 rows=100)
        -> Index range scan on sbtest6 using PRIMARY over (7467081 <= id <= 7467180)  (cost=20.4 rows=100)


table 7 : explain SELECT SUM(k) FROM sbtest7 WHERE id BETWEEN 204461 AND 204560
	-> Aggregate: sum(sbtest7.k)  (cost=43.5 rows=1)
    -> Filter: (sbtest7.id between 204461 and 204560)  (cost=20.4 rows=100)
        -> Index range scan on sbtest7 using PRIMARY over (204461 <= id <= 204560)  (cost=20.4 rows=100)


table 8 : explain SELECT SUM(k) FROM sbtest8 WHERE id BETWEEN 6227286 AND 6227385
	-> Aggregate: sum(sbtest8.k)  (cost=43.5 rows=1)
    -> Filter: (sbtest8.id between 6227286 and 6227385)  (cost=20.4 rows=100)
        -> Index range scan on sbtest8 using PRIMARY over (6227286 <= id <= 6227385)  (cost=20.4 rows=100)


for: simple_ranges
table 1 : explain SELECT c FROM sbtest1 WHERE id BETWEEN 2870453 AND 2870552
	-> Filter: (sbtest1.id between 2870453 and 2870552)  (cost=20.4 rows=100)
    -> Index range scan on sbtest1 using PRIMARY over (2870453 <= id <= 2870552)  (cost=20.4 rows=100)


table 2 : explain SELECT c FROM sbtest2 WHERE id BETWEEN 3799247 AND 3799346
	-> Filter: (sbtest2.id between 3799247 and 3799346)  (cost=20.4 rows=100)
    -> Index range scan on sbtest2 using PRIMARY over (3799247 <= id <= 3799346)  (cost=20.4 rows=100)


table 3 : explain SELECT c FROM sbtest3 WHERE id BETWEEN 4701462 AND 4701561
	-> Filter: (sbtest3.id between 4701462 and 4701561)  (cost=20.4 rows=100)
    -> Index range scan on sbtest3 using PRIMARY over (4701462 <= id <= 4701561)  (cost=20.4 rows=100)


table 4 : explain SELECT c FROM sbtest4 WHERE id BETWEEN 2748170 AND 2748269
	-> Filter: (sbtest4.id between 2748170 and 2748269)  (cost=20.4 rows=100)
    -> Index range scan on sbtest4 using PRIMARY over (2748170 <= id <= 2748269)  (cost=20.4 rows=100)


table 5 : explain SELECT c FROM sbtest5 WHERE id BETWEEN 3033891 AND 3033990
	-> Filter: (sbtest5.id between 3033891 and 3033990)  (cost=20.4 rows=100)
    -> Index range scan on sbtest5 using PRIMARY over (3033891 <= id <= 3033990)  (cost=20.4 rows=100)


table 6 : explain SELECT c FROM sbtest6 WHERE id BETWEEN 5277694 AND 5277793
	-> Filter: (sbtest6.id between 5277694 and 5277793)  (cost=20.4 rows=100)
    -> Index range scan on sbtest6 using PRIMARY over (5277694 <= id <= 5277793)  (cost=20.4 rows=100)


table 7 : explain SELECT c FROM sbtest7 WHERE id BETWEEN 9186679 AND 9186778
	-> Filter: (sbtest7.id between 9186679 and 9186778)  (cost=20.4 rows=100)
    -> Index range scan on sbtest7 using PRIMARY over (9186679 <= id <= 9186778)  (cost=20.4 rows=100)


table 8 : explain SELECT c FROM sbtest8 WHERE id BETWEEN 5252617 AND 5252716
	-> Filter: (sbtest8.id between 5252617 and 5252716)  (cost=20.4 rows=100)
    -> Index range scan on sbtest8 using PRIMARY over (5252617 <= id <= 5252716)  (cost=20.4 rows=100)


for: simple_ranges
table 1 : explain SELECT c FROM sbtest1 WHERE id BETWEEN 5984704 AND 5984803
	-> Filter: (sbtest1.id between 5984704 and 5984803)  (cost=20.4 rows=100)
    -> Index range scan on sbtest1 using PRIMARY over (5984704 <= id <= 5984803)  (cost=20.4 rows=100)


table 2 : explain SELECT c FROM sbtest2 WHERE id BETWEEN 3510759 AND 3510858
	-> Filter: (sbtest2.id between 3510759 and 3510858)  (cost=20.4 rows=100)
    -> Index range scan on sbtest2 using PRIMARY over (3510759 <= id <= 3510858)  (cost=20.4 rows=100)


table 3 : explain SELECT c FROM sbtest3 WHERE id BETWEEN 708728 AND 708827
	-> Filter: (sbtest3.id between 708728 and 708827)  (cost=20.4 rows=100)
    -> Index range scan on sbtest3 using PRIMARY over (708728 <= id <= 708827)  (cost=20.4 rows=100)


table 4 : explain SELECT c FROM sbtest4 WHERE id BETWEEN 8003768 AND 8003867
	-> Filter: (sbtest4.id between 8003768 and 8003867)  (cost=20.4 rows=100)
    -> Index range scan on sbtest4 using PRIMARY over (8003768 <= id <= 8003867)  (cost=20.4 rows=100)


table 5 : explain SELECT c FROM sbtest5 WHERE id BETWEEN 3333218 AND 3333317
	-> Filter: (sbtest5.id between 3333218 and 3333317)  (cost=20.4 rows=100)
    -> Index range scan on sbtest5 using PRIMARY over (3333218 <= id <= 3333317)  (cost=20.4 rows=100)


table 6 : explain SELECT c FROM sbtest6 WHERE id BETWEEN 8152499 AND 8152598
	-> Filter: (sbtest6.id between 8152499 and 8152598)  (cost=20.4 rows=100)
    -> Index range scan on sbtest6 using PRIMARY over (8152499 <= id <= 8152598)  (cost=20.4 rows=100)


table 7 : explain SELECT c FROM sbtest7 WHERE id BETWEEN 8914760 AND 8914859
	-> Filter: (sbtest7.id between 8914760 and 8914859)  (cost=20.4 rows=100)
    -> Index range scan on sbtest7 using PRIMARY over (8914760 <= id <= 8914859)  (cost=20.4 rows=100)


table 8 : explain SELECT c FROM sbtest8 WHERE id BETWEEN 6344842 AND 6344941
	-> Filter: (sbtest8.id between 6344842 and 6344941)  (cost=20.4 rows=100)
    -> Index range scan on sbtest8 using PRIMARY over (6344842 <= id <= 6344941)  (cost=20.4 rows=100)


for: sum_ranges
table 1 : explain SELECT SUM(k) FROM sbtest1 WHERE id BETWEEN 9426477 AND 9426576
	-> Aggregate: sum(sbtest1.k)  (cost=43.5 rows=1)
    -> Filter: (sbtest1.id between 9426477 and 9426576)  (cost=20.4 rows=100)
        -> Index range scan on sbtest1 using PRIMARY over (9426477 <= id <= 9426576)  (cost=20.4 rows=100)


table 2 : explain SELECT SUM(k) FROM sbtest2 WHERE id BETWEEN 8618796 AND 8618895
	-> Aggregate: sum(sbtest2.k)  (cost=43.5 rows=1)
    -> Filter: (sbtest2.id between 8618796 and 8618895)  (cost=20.4 rows=100)
        -> Index range scan on sbtest2 using PRIMARY over (8618796 <= id <= 8618895)  (cost=20.4 rows=100)


table 3 : explain SELECT SUM(k) FROM sbtest3 WHERE id BETWEEN 1388184 AND 1388283
	-> Aggregate: sum(sbtest3.k)  (cost=43.5 rows=1)
    -> Filter: (sbtest3.id between 1388184 and 1388283)  (cost=20.4 rows=100)
        -> Index range scan on sbtest3 using PRIMARY over (1388184 <= id <= 1388283)  (cost=20.4 rows=100)


table 4 : explain SELECT SUM(k) FROM sbtest4 WHERE id BETWEEN 5614796 AND 5614895
	-> Aggregate: sum(sbtest4.k)  (cost=43.5 rows=1)
    -> Filter: (sbtest4.id between 5614796 and 5614895)  (cost=20.4 rows=100)
        -> Index range scan on sbtest4 using PRIMARY over (5614796 <= id <= 5614895)  (cost=20.4 rows=100)


table 5 : explain SELECT SUM(k) FROM sbtest5 WHERE id BETWEEN 3043651 AND 3043750
	-> Aggregate: sum(sbtest5.k)  (cost=43.5 rows=1)
    -> Filter: (sbtest5.id between 3043651 and 3043750)  (cost=20.4 rows=100)
        -> Index range scan on sbtest5 using PRIMARY over (3043651 <= id <= 3043750)  (cost=20.4 rows=100)


table 6 : explain SELECT SUM(k) FROM sbtest6 WHERE id BETWEEN 3602777 AND 3602876
	-> Aggregate: sum(sbtest6.k)  (cost=43.5 rows=1)
    -> Filter: (sbtest6.id between 3602777 and 3602876)  (cost=20.4 rows=100)
        -> Index range scan on sbtest6 using PRIMARY over (3602777 <= id <= 3602876)  (cost=20.4 rows=100)


table 7 : explain SELECT SUM(k) FROM sbtest7 WHERE id BETWEEN 2055793 AND 2055892
	-> Aggregate: sum(sbtest7.k)  (cost=43.5 rows=1)
    -> Filter: (sbtest7.id between 2055793 and 2055892)  (cost=20.4 rows=100)
        -> Index range scan on sbtest7 using PRIMARY over (2055793 <= id <= 2055892)  (cost=20.4 rows=100)


table 8 : explain SELECT SUM(k) FROM sbtest8 WHERE id BETWEEN 5829495 AND 5829594
	-> Aggregate: sum(sbtest8.k)  (cost=43.5 rows=1)
    -> Filter: (sbtest8.id between 5829495 and 5829594)  (cost=20.4 rows=100)
        -> Index range scan on sbtest8 using PRIMARY over (5829495 <= id <= 5829594)  (cost=20.4 rows=100)


for: sum_ranges
table 1 : explain SELECT SUM(k) FROM sbtest1 WHERE id BETWEEN 5663223 AND 5663322
	-> Aggregate: sum(sbtest1.k)  (cost=43.5 rows=1)
    -> Filter: (sbtest1.id between 5663223 and 5663322)  (cost=20.4 rows=100)
        -> Index range scan on sbtest1 using PRIMARY over (5663223 <= id <= 5663322)  (cost=20.4 rows=100)


table 2 : explain SELECT SUM(k) FROM sbtest2 WHERE id BETWEEN 714325 AND 714424
	-> Aggregate: sum(sbtest2.k)  (cost=43.5 rows=1)
    -> Filter: (sbtest2.id between 714325 and 714424)  (cost=20.4 rows=100)
        -> Index range scan on sbtest2 using PRIMARY over (714325 <= id <= 714424)  (cost=20.4 rows=100)


table 3 : explain SELECT SUM(k) FROM sbtest3 WHERE id BETWEEN 1746914 AND 1747013
	-> Aggregate: sum(sbtest3.k)  (cost=43.5 rows=1)
    -> Filter: (sbtest3.id between 1746914 and 1747013)  (cost=20.4 rows=100)
        -> Index range scan on sbtest3 using PRIMARY over (1746914 <= id <= 1747013)  (cost=20.4 rows=100)


table 4 : explain SELECT SUM(k) FROM sbtest4 WHERE id BETWEEN 8318846 AND 8318945
	-> Aggregate: sum(sbtest4.k)  (cost=43.5 rows=1)
    -> Filter: (sbtest4.id between 8318846 and 8318945)  (cost=20.4 rows=100)
        -> Index range scan on sbtest4 using PRIMARY over (8318846 <= id <= 8318945)  (cost=20.4 rows=100)


table 5 : explain SELECT SUM(k) FROM sbtest5 WHERE id BETWEEN 9275373 AND 9275472
	-> Aggregate: sum(sbtest5.k)  (cost=43.5 rows=1)
    -> Filter: (sbtest5.id between 9275373 and 9275472)  (cost=20.4 rows=100)
        -> Index range scan on sbtest5 using PRIMARY over (9275373 <= id <= 9275472)  (cost=20.4 rows=100)


table 6 : explain SELECT SUM(k) FROM sbtest6 WHERE id BETWEEN 9528421 AND 9528520
	-> Aggregate: sum(sbtest6.k)  (cost=43.5 rows=1)
    -> Filter: (sbtest6.id between 9528421 and 9528520)  (cost=20.4 rows=100)
        -> Index range scan on sbtest6 using PRIMARY over (9528421 <= id <= 9528520)  (cost=20.4 rows=100)


table 7 : explain SELECT SUM(k) FROM sbtest7 WHERE id BETWEEN 5678428 AND 5678527
	-> Aggregate: sum(sbtest7.k)  (cost=43.5 rows=1)
    -> Filter: (sbtest7.id between 5678428 and 5678527)  (cost=20.4 rows=100)
        -> Index range scan on sbtest7 using PRIMARY over (5678428 <= id <= 5678527)  (cost=20.4 rows=100)


table 8 : explain SELECT SUM(k) FROM sbtest8 WHERE id BETWEEN 8441626 AND 8441725
	-> Aggregate: sum(sbtest8.k)  (cost=43.5 rows=1)
    -> Filter: (sbtest8.id between 8441626 and 8441725)  (cost=20.4 rows=100)
        -> Index range scan on sbtest8 using PRIMARY over (8441626 <= id <= 8441725)  (cost=20.4 rows=100)


for: sum_ranges
table 1 : explain SELECT SUM(k) FROM sbtest1 WHERE id BETWEEN 9632948 AND 9633047
	-> Aggregate: sum(sbtest1.k)  (cost=43.5 rows=1)
    -> Filter: (sbtest1.id between 9632948 and 9633047)  (cost=20.4 rows=100)
        -> Index range scan on sbtest1 using PRIMARY over (9632948 <= id <= 9633047)  (cost=20.4 rows=100)


table 2 : explain SELECT SUM(k) FROM sbtest2 WHERE id BETWEEN 7061129 AND 7061228
	-> Aggregate: sum(sbtest2.k)  (cost=43.5 rows=1)
    -> Filter: (sbtest2.id between 7061129 and 7061228)  (cost=20.4 rows=100)
        -> Index range scan on sbtest2 using PRIMARY over (7061129 <= id <= 7061228)  (cost=20.4 rows=100)


table 3 : explain SELECT SUM(k) FROM sbtest3 WHERE id BETWEEN 3608454 AND 3608553
	-> Aggregate: sum(sbtest3.k)  (cost=43.5 rows=1)
    -> Filter: (sbtest3.id between 3608454 and 3608553)  (cost=20.4 rows=100)
        -> Index range scan on sbtest3 using PRIMARY over (3608454 <= id <= 3608553)  (cost=20.4 rows=100)


table 4 : explain SELECT SUM(k) FROM sbtest4 WHERE id BETWEEN 3110680 AND 3110779
	-> Aggregate: sum(sbtest4.k)  (cost=43.5 rows=1)
    -> Filter: (sbtest4.id between 3110680 and 3110779)  (cost=20.4 rows=100)
        -> Index range scan on sbtest4 using PRIMARY over (3110680 <= id <= 3110779)  (cost=20.4 rows=100)


table 5 : explain SELECT SUM(k) FROM sbtest5 WHERE id BETWEEN 590857 AND 590956
	-> Aggregate: sum(sbtest5.k)  (cost=43.5 rows=1)
    -> Filter: (sbtest5.id between 590857 and 590956)  (cost=20.4 rows=100)
        -> Index range scan on sbtest5 using PRIMARY over (590857 <= id <= 590956)  (cost=20.4 rows=100)


table 6 : explain SELECT SUM(k) FROM sbtest6 WHERE id BETWEEN 3690165 AND 3690264
	-> Aggregate: sum(sbtest6.k)  (cost=43.5 rows=1)
    -> Filter: (sbtest6.id between 3690165 and 3690264)  (cost=20.4 rows=100)
        -> Index range scan on sbtest6 using PRIMARY over (3690165 <= id <= 3690264)  (cost=20.4 rows=100)


table 7 : explain SELECT SUM(k) FROM sbtest7 WHERE id BETWEEN 481232 AND 481331
	-> Aggregate: sum(sbtest7.k)  (cost=43.5 rows=1)
    -> Filter: (sbtest7.id between 481232 and 481331)  (cost=20.4 rows=100)
        -> Index range scan on sbtest7 using PRIMARY over (481232 <= id <= 481331)  (cost=20.4 rows=100)


table 8 : explain SELECT SUM(k) FROM sbtest8 WHERE id BETWEEN 263603 AND 263702
	-> Aggregate: sum(sbtest8.k)  (cost=43.5 rows=1)
    -> Filter: (sbtest8.id between 263603 and 263702)  (cost=20.4 rows=100)
        -> Index range scan on sbtest8 using PRIMARY over (263603 <= id <= 263702)  (cost=20.4 rows=100)


for: sum_ranges
table 1 : explain SELECT SUM(k) FROM sbtest1 WHERE id BETWEEN 5999713 AND 5999812
	-> Aggregate: sum(sbtest1.k)  (cost=43.5 rows=1)
    -> Filter: (sbtest1.id between 5999713 and 5999812)  (cost=20.4 rows=100)
        -> Index range scan on sbtest1 using PRIMARY over (5999713 <= id <= 5999812)  (cost=20.4 rows=100)


table 2 : explain SELECT SUM(k) FROM sbtest2 WHERE id BETWEEN 8747795 AND 8747894
	-> Aggregate: sum(sbtest2.k)  (cost=43.5 rows=1)
    -> Filter: (sbtest2.id between 8747795 and 8747894)  (cost=20.4 rows=100)
        -> Index range scan on sbtest2 using PRIMARY over (8747795 <= id <= 8747894)  (cost=20.4 rows=100)


table 3 : explain SELECT SUM(k) FROM sbtest3 WHERE id BETWEEN 5188908 AND 5189007
	-> Aggregate: sum(sbtest3.k)  (cost=43.5 rows=1)
    -> Filter: (sbtest3.id between 5188908 and 5189007)  (cost=20.4 rows=100)
        -> Index range scan on sbtest3 using PRIMARY over (5188908 <= id <= 5189007)  (cost=20.4 rows=100)


table 4 : explain SELECT SUM(k) FROM sbtest4 WHERE id BETWEEN 370620 AND 370719
	-> Aggregate: sum(sbtest4.k)  (cost=43.5 rows=1)
    -> Filter: (sbtest4.id between 370620 and 370719)  (cost=20.4 rows=100)
        -> Index range scan on sbtest4 using PRIMARY over (370620 <= id <= 370719)  (cost=20.4 rows=100)


table 5 : explain SELECT SUM(k) FROM sbtest5 WHERE id BETWEEN 3774080 AND 3774179
	-> Aggregate: sum(sbtest5.k)  (cost=43.5 rows=1)
    -> Filter: (sbtest5.id between 3774080 and 3774179)  (cost=20.4 rows=100)
        -> Index range scan on sbtest5 using PRIMARY over (3774080 <= id <= 3774179)  (cost=20.4 rows=100)


table 6 : explain SELECT SUM(k) FROM sbtest6 WHERE id BETWEEN 9049481 AND 9049580
	-> Aggregate: sum(sbtest6.k)  (cost=43.5 rows=1)
    -> Filter: (sbtest6.id between 9049481 and 9049580)  (cost=20.4 rows=100)
        -> Index range scan on sbtest6 using PRIMARY over (9049481 <= id <= 9049580)  (cost=20.4 rows=100)


table 7 : explain SELECT SUM(k) FROM sbtest7 WHERE id BETWEEN 9136240 AND 9136339
	-> Aggregate: sum(sbtest7.k)  (cost=43.5 rows=1)
    -> Filter: (sbtest7.id between 9136240 and 9136339)  (cost=20.4 rows=100)
        -> Index range scan on sbtest7 using PRIMARY over (9136240 <= id <= 9136339)  (cost=20.4 rows=100)


table 8 : explain SELECT SUM(k) FROM sbtest8 WHERE id BETWEEN 5483168 AND 5483267
	-> Aggregate: sum(sbtest8.k)  (cost=43.5 rows=1)
    -> Filter: (sbtest8.id between 5483168 and 5483267)  (cost=20.4 rows=100)
        -> Index range scan on sbtest8 using PRIMARY over (5483168 <= id <= 5483267)  (cost=20.4 rows=100)

for: sum_ranges
table 1 : explain SELECT SUM(k) FROM sbtest1 WHERE id BETWEEN 7350712 AND 7350811
	-> Aggregate: sum(sbtest1.k)  (cost=43.5 rows=1)
    -> Filter: (sbtest1.id between 7350712 and 7350811)  (cost=20.4 rows=100)
        -> Index range scan on sbtest1 using PRIMARY over (7350712 <= id <= 7350811)  (cost=20.4 rows=100)


table 2 : explain SELECT SUM(k) FROM sbtest2 WHERE id BETWEEN 1809290 AND 1809389
	-> Aggregate: sum(sbtest2.k)  (cost=43.5 rows=1)
    -> Filter: (sbtest2.id between 1809290 and 1809389)  (cost=20.4 rows=100)
        -> Index range scan on sbtest2 using PRIMARY over (1809290 <= id <= 1809389)  (cost=20.4 rows=100)


table 3 : explain SELECT SUM(k) FROM sbtest3 WHERE id BETWEEN 5074190 AND 5074289
	-> Aggregate: sum(sbtest3.k)  (cost=43.5 rows=1)
    -> Filter: (sbtest3.id between 5074190 and 5074289)  (cost=20.4 rows=100)
        -> Index range scan on sbtest3 using PRIMARY over (5074190 <= id <= 5074289)  (cost=20.4 rows=100)


table 4 : explain SELECT SUM(k) FROM sbtest4 WHERE id BETWEEN 8348923 AND 8349022
	-> Aggregate: sum(sbtest4.k)  (cost=43.5 rows=1)
    -> Filter: (sbtest4.id between 8348923 and 8349022)  (cost=20.4 rows=100)
        -> Index range scan on sbtest4 using PRIMARY over (8348923 <= id <= 8349022)  (cost=20.4 rows=100)


table 5 : explain SELECT SUM(k) FROM sbtest5 WHERE id BETWEEN 9117728 AND 9117827
	-> Aggregate: sum(sbtest5.k)  (cost=43.5 rows=1)
    -> Filter: (sbtest5.id between 9117728 and 9117827)  (cost=20.4 rows=100)
        -> Index range scan on sbtest5 using PRIMARY over (9117728 <= id <= 9117827)  (cost=20.4 rows=100)


table 6 : explain SELECT SUM(k) FROM sbtest6 WHERE id BETWEEN 1518166 AND 1518265
	-> Aggregate: sum(sbtest6.k)  (cost=43.5 rows=1)
    -> Filter: (sbtest6.id between 1518166 and 1518265)  (cost=20.4 rows=100)
        -> Index range scan on sbtest6 using PRIMARY over (1518166 <= id <= 1518265)  (cost=20.4 rows=100)


table 7 : explain SELECT SUM(k) FROM sbtest7 WHERE id BETWEEN 5948613 AND 5948712
	-> Aggregate: sum(sbtest7.k)  (cost=43.5 rows=1)
    -> Filter: (sbtest7.id between 5948613 and 5948712)  (cost=20.4 rows=100)
        -> Index range scan on sbtest7 using PRIMARY over (5948613 <= id <= 5948712)  (cost=20.4 rows=100)


table 8 : explain SELECT SUM(k) FROM sbtest8 WHERE id BETWEEN 2305302 AND 2305401
	-> Aggregate: sum(sbtest8.k)  (cost=43.5 rows=1)
    -> Filter: (sbtest8.id between 2305302 and 2305401)  (cost=20.4 rows=100)
        -> Index range scan on sbtest8 using PRIMARY over (2305302 <= id <= 2305401)  (cost=20.4 rows=100)


for: sum_ranges
table 1 : explain SELECT SUM(k) FROM sbtest1 WHERE id BETWEEN 5891633 AND 5891732
	-> Aggregate: sum(sbtest1.k)  (cost=43.5 rows=1)
    -> Filter: (sbtest1.id between 5891633 and 5891732)  (cost=20.4 rows=100)
        -> Index range scan on sbtest1 using PRIMARY over (5891633 <= id <= 5891732)  (cost=20.4 rows=100)


table 2 : explain SELECT SUM(k) FROM sbtest2 WHERE id BETWEEN 1388794 AND 1388893
	-> Aggregate: sum(sbtest2.k)  (cost=43.5 rows=1)
    -> Filter: (sbtest2.id between 1388794 and 1388893)  (cost=20.4 rows=100)
        -> Index range scan on sbtest2 using PRIMARY over (1388794 <= id <= 1388893)  (cost=20.4 rows=100)


table 3 : explain SELECT SUM(k) FROM sbtest3 WHERE id BETWEEN 34429 AND 34528
	-> Aggregate: sum(sbtest3.k)  (cost=43.5 rows=1)
    -> Filter: (sbtest3.id between 34429 and 34528)  (cost=20.4 rows=100)
        -> Index range scan on sbtest3 using PRIMARY over (34429 <= id <= 34528)  (cost=20.4 rows=100)


table 4 : explain SELECT SUM(k) FROM sbtest4 WHERE id BETWEEN 6780092 AND 6780191
	-> Aggregate: sum(sbtest4.k)  (cost=43.5 rows=1)
    -> Filter: (sbtest4.id between 6780092 and 6780191)  (cost=20.4 rows=100)
        -> Index range scan on sbtest4 using PRIMARY over (6780092 <= id <= 6780191)  (cost=20.4 rows=100)


table 5 : explain SELECT SUM(k) FROM sbtest5 WHERE id BETWEEN 8217003 AND 8217102
	-> Aggregate: sum(sbtest5.k)  (cost=43.5 rows=1)
    -> Filter: (sbtest5.id between 8217003 and 8217102)  (cost=20.4 rows=100)
        -> Index range scan on sbtest5 using PRIMARY over (8217003 <= id <= 8217102)  (cost=20.4 rows=100)


table 6 : explain SELECT SUM(k) FROM sbtest6 WHERE id BETWEEN 1225108 AND 1225207
	-> Aggregate: sum(sbtest6.k)  (cost=43.5 rows=1)
    -> Filter: (sbtest6.id between 1225108 and 1225207)  (cost=20.4 rows=100)
        -> Index range scan on sbtest6 using PRIMARY over (1225108 <= id <= 1225207)  (cost=20.4 rows=100)


table 7 : explain SELECT SUM(k) FROM sbtest7 WHERE id BETWEEN 9592834 AND 9592933
	-> Aggregate: sum(sbtest7.k)  (cost=43.5 rows=1)
    -> Filter: (sbtest7.id between 9592834 and 9592933)  (cost=20.4 rows=100)
        -> Index range scan on sbtest7 using PRIMARY over (9592834 <= id <= 9592933)  (cost=20.4 rows=100)


table 8 : explain SELECT SUM(k) FROM sbtest8 WHERE id BETWEEN 1209823 AND 1209922
	-> Aggregate: sum(sbtest8.k)  (cost=43.5 rows=1)
    -> Filter: (sbtest8.id between 1209823 and 1209922)  (cost=20.4 rows=100)
        -> Index range scan on sbtest8 using PRIMARY over (1209823 <= id <= 1209922)  (cost=20.4 rows=100)



for: sum_ranges
table 1 : explain SELECT SUM(k) FROM sbtest1 WHERE id BETWEEN 7635044 AND 7635143
	-> Aggregate: sum(sbtest1.k)  (cost=43.5 rows=1)
    -> Filter: (sbtest1.id between 7635044 and 7635143)  (cost=20.4 rows=100)
        -> Index range scan on sbtest1 using PRIMARY over (7635044 <= id <= 7635143)  (cost=20.4 rows=100)


table 2 : explain SELECT SUM(k) FROM sbtest2 WHERE id BETWEEN 8907533 AND 8907632
	-> Aggregate: sum(sbtest2.k)  (cost=43.5 rows=1)
    -> Filter: (sbtest2.id between 8907533 and 8907632)  (cost=20.4 rows=100)
        -> Index range scan on sbtest2 using PRIMARY over (8907533 <= id <= 8907632)  (cost=20.4 rows=100)


table 3 : explain SELECT SUM(k) FROM sbtest3 WHERE id BETWEEN 2485553 AND 2485652
	-> Aggregate: sum(sbtest3.k)  (cost=43.5 rows=1)
    -> Filter: (sbtest3.id between 2485553 and 2485652)  (cost=20.4 rows=100)
        -> Index range scan on sbtest3 using PRIMARY over (2485553 <= id <= 2485652)  (cost=20.4 rows=100)


table 4 : explain SELECT SUM(k) FROM sbtest4 WHERE id BETWEEN 242310 AND 242409
	-> Aggregate: sum(sbtest4.k)  (cost=43.5 rows=1)
    -> Filter: (sbtest4.id between 242310 and 242409)  (cost=20.4 rows=100)
        -> Index range scan on sbtest4 using PRIMARY over (242310 <= id <= 242409)  (cost=20.4 rows=100)


table 5 : explain SELECT SUM(k) FROM sbtest5 WHERE id BETWEEN 8867325 AND 8867424
	-> Aggregate: sum(sbtest5.k)  (cost=43.5 rows=1)
    -> Filter: (sbtest5.id between 8867325 and 8867424)  (cost=20.4 rows=100)
        -> Index range scan on sbtest5 using PRIMARY over (8867325 <= id <= 8867424)  (cost=20.4 rows=100)


table 6 : explain SELECT SUM(k) FROM sbtest6 WHERE id BETWEEN 5633886 AND 5633985
	-> Aggregate: sum(sbtest6.k)  (cost=43.5 rows=1)
    -> Filter: (sbtest6.id between 5633886 and 5633985)  (cost=20.4 rows=100)
        -> Index range scan on sbtest6 using PRIMARY over (5633886 <= id <= 5633985)  (cost=20.4 rows=100)


table 7 : explain SELECT SUM(k) FROM sbtest7 WHERE id BETWEEN 1082509 AND 1082608
	-> Aggregate: sum(sbtest7.k)  (cost=43.5 rows=1)
    -> Filter: (sbtest7.id between 1082509 and 1082608)  (cost=20.4 rows=100)
        -> Index range scan on sbtest7 using PRIMARY over (1082509 <= id <= 1082608)  (cost=20.4 rows=100)


table 8 : explain SELECT SUM(k) FROM sbtest8 WHERE id BETWEEN 2584279 AND 2584378
	-> Aggregate: sum(sbtest8.k)  (cost=43.5 rows=1)
    -> Filter: (sbtest8.id between 2584279 and 2584378)  (cost=20.4 rows=100)
        -> Index range scan on sbtest8 using PRIMARY over (2584279 <= id <= 2584378)  (cost=20.4 rows=100)


for: sum_ranges
table 1 : explain SELECT SUM(k) FROM sbtest1 WHERE id BETWEEN 3280021 AND 3280120
	-> Aggregate: sum(sbtest1.k)  (cost=43.5 rows=1)
    -> Filter: (sbtest1.id between 3280021 and 3280120)  (cost=20.4 rows=100)
        -> Index range scan on sbtest1 using PRIMARY over (3280021 <= id <= 3280120)  (cost=20.4 rows=100)


table 2 : explain SELECT SUM(k) FROM sbtest2 WHERE id BETWEEN 6948683 AND 6948782
	-> Aggregate: sum(sbtest2.k)  (cost=43.5 rows=1)
    -> Filter: (sbtest2.id between 6948683 and 6948782)  (cost=20.4 rows=100)
        -> Index range scan on sbtest2 using PRIMARY over (6948683 <= id <= 6948782)  (cost=20.4 rows=100)


table 3 : explain SELECT SUM(k) FROM sbtest3 WHERE id BETWEEN 7582414 AND 7582513
	-> Aggregate: sum(sbtest3.k)  (cost=43.5 rows=1)
    -> Filter: (sbtest3.id between 7582414 and 7582513)  (cost=20.4 rows=100)
        -> Index range scan on sbtest3 using PRIMARY over (7582414 <= id <= 7582513)  (cost=20.4 rows=100)


table 4 : explain SELECT SUM(k) FROM sbtest4 WHERE id BETWEEN 3882351 AND 3882450
	-> Aggregate: sum(sbtest4.k)  (cost=43.5 rows=1)
    -> Filter: (sbtest4.id between 3882351 and 3882450)  (cost=20.4 rows=100)
        -> Index range scan on sbtest4 using PRIMARY over (3882351 <= id <= 3882450)  (cost=20.4 rows=100)


table 5 : explain SELECT SUM(k) FROM sbtest5 WHERE id BETWEEN 4987057 AND 4987156
	-> Aggregate: sum(sbtest5.k)  (cost=43.5 rows=1)
    -> Filter: (sbtest5.id between 4987057 and 4987156)  (cost=20.4 rows=100)
        -> Index range scan on sbtest5 using PRIMARY over (4987057 <= id <= 4987156)  (cost=20.4 rows=100)


table 6 : explain SELECT SUM(k) FROM sbtest6 WHERE id BETWEEN 9446411 AND 9446510
	-> Aggregate: sum(sbtest6.k)  (cost=43.5 rows=1)
    -> Filter: (sbtest6.id between 9446411 and 9446510)  (cost=20.4 rows=100)
        -> Index range scan on sbtest6 using PRIMARY over (9446411 <= id <= 9446510)  (cost=20.4 rows=100)


table 7 : explain SELECT SUM(k) FROM sbtest7 WHERE id BETWEEN 5892195 AND 5892294
	-> Aggregate: sum(sbtest7.k)  (cost=43.5 rows=1)
    -> Filter: (sbtest7.id between 5892195 and 5892294)  (cost=20.4 rows=100)
        -> Index range scan on sbtest7 using PRIMARY over (5892195 <= id <= 5892294)  (cost=20.4 rows=100)


table 8 : explain SELECT SUM(k) FROM sbtest8 WHERE id BETWEEN 8400427 AND 8400526
	-> Aggregate: sum(sbtest8.k)  (cost=43.5 rows=1)
    -> Filter: (sbtest8.id between 8400427 and 8400526)  (cost=20.4 rows=100)
        -> Index range scan on sbtest8 using PRIMARY over (8400427 <= id <= 8400526)  (cost=20.4 rows=100)


for: simple_ranges
table 1 : explain SELECT c FROM sbtest1 WHERE id BETWEEN 2225114 AND 2225213
	-> Filter: (sbtest1.id between 2225114 and 2225213)  (cost=20.4 rows=100)
    -> Index range scan on sbtest1 using PRIMARY over (2225114 <= id <= 2225213)  (cost=20.4 rows=100)


table 2 : explain SELECT c FROM sbtest2 WHERE id BETWEEN 5506312 AND 5506411
	-> Filter: (sbtest2.id between 5506312 and 5506411)  (cost=20.4 rows=100)
    -> Index range scan on sbtest2 using PRIMARY over (5506312 <= id <= 5506411)  (cost=20.4 rows=100)


table 3 : explain SELECT c FROM sbtest3 WHERE id BETWEEN 5225865 AND 5225964
	-> Filter: (sbtest3.id between 5225865 and 5225964)  (cost=20.4 rows=100)
    -> Index range scan on sbtest3 using PRIMARY over (5225865 <= id <= 5225964)  (cost=20.4 rows=100)


table 4 : explain SELECT c FROM sbtest4 WHERE id BETWEEN 1367855 AND 1367954
	-> Filter: (sbtest4.id between 1367855 and 1367954)  (cost=20.4 rows=100)
    -> Index range scan on sbtest4 using PRIMARY over (1367855 <= id <= 1367954)  (cost=20.4 rows=100)


table 5 : explain SELECT c FROM sbtest5 WHERE id BETWEEN 7043466 AND 7043565
	-> Filter: (sbtest5.id between 7043466 and 7043565)  (cost=20.4 rows=100)
    -> Index range scan on sbtest5 using PRIMARY over (7043466 <= id <= 7043565)  (cost=20.4 rows=100)


table 6 : explain SELECT c FROM sbtest6 WHERE id BETWEEN 5168898 AND 5168997
	-> Filter: (sbtest6.id between 5168898 and 5168997)  (cost=20.4 rows=100)
    -> Index range scan on sbtest6 using PRIMARY over (5168898 <= id <= 5168997)  (cost=20.4 rows=100)


table 7 : explain SELECT c FROM sbtest7 WHERE id BETWEEN 2580239 AND 2580338
	-> Filter: (sbtest7.id between 2580239 and 2580338)  (cost=20.4 rows=100)
    -> Index range scan on sbtest7 using PRIMARY over (2580239 <= id <= 2580338)  (cost=20.4 rows=100)


table 8 : explain SELECT c FROM sbtest8 WHERE id BETWEEN 8518108 AND 8518207
	-> Filter: (sbtest8.id between 8518108 and 8518207)  (cost=20.4 rows=100)
    -> Index range scan on sbtest8 using PRIMARY over (8518108 <= id <= 8518207)  (cost=20.4 rows=100)


for: sum_ranges
table 1 : explain SELECT SUM(k) FROM sbtest1 WHERE id BETWEEN 1831808 AND 1831907
	-> Aggregate: sum(sbtest1.k)  (cost=43.5 rows=1)
    -> Filter: (sbtest1.id between 1831808 and 1831907)  (cost=20.4 rows=100)
        -> Index range scan on sbtest1 using PRIMARY over (1831808 <= id <= 1831907)  (cost=20.4 rows=100)


table 2 : explain SELECT SUM(k) FROM sbtest2 WHERE id BETWEEN 9708934 AND 9709033
	-> Aggregate: sum(sbtest2.k)  (cost=43.5 rows=1)
    -> Filter: (sbtest2.id between 9708934 and 9709033)  (cost=20.4 rows=100)
        -> Index range scan on sbtest2 using PRIMARY over (9708934 <= id <= 9709033)  (cost=20.4 rows=100)


table 3 : explain SELECT SUM(k) FROM sbtest3 WHERE id BETWEEN 3929758 AND 3929857
	-> Aggregate: sum(sbtest3.k)  (cost=43.5 rows=1)
    -> Filter: (sbtest3.id between 3929758 and 3929857)  (cost=20.4 rows=100)
        -> Index range scan on sbtest3 using PRIMARY over (3929758 <= id <= 3929857)  (cost=20.4 rows=100)


table 4 : explain SELECT SUM(k) FROM sbtest4 WHERE id BETWEEN 1680838 AND 1680937
	-> Aggregate: sum(sbtest4.k)  (cost=43.5 rows=1)
    -> Filter: (sbtest4.id between 1680838 and 1680937)  (cost=20.4 rows=100)
        -> Index range scan on sbtest4 using PRIMARY over (1680838 <= id <= 1680937)  (cost=20.4 rows=100)


table 5 : explain SELECT SUM(k) FROM sbtest5 WHERE id BETWEEN 3048613 AND 3048712
	-> Aggregate: sum(sbtest5.k)  (cost=43.5 rows=1)
    -> Filter: (sbtest5.id between 3048613 and 3048712)  (cost=20.4 rows=100)
        -> Index range scan on sbtest5 using PRIMARY over (3048613 <= id <= 3048712)  (cost=20.4 rows=100)


table 6 : explain SELECT SUM(k) FROM sbtest6 WHERE id BETWEEN 1141685 AND 1141784
	-> Aggregate: sum(sbtest6.k)  (cost=43.5 rows=1)
    -> Filter: (sbtest6.id between 1141685 and 1141784)  (cost=20.4 rows=100)
        -> Index range scan on sbtest6 using PRIMARY over (1141685 <= id <= 1141784)  (cost=20.4 rows=100)


table 7 : explain SELECT SUM(k) FROM sbtest7 WHERE id BETWEEN 8885351 AND 8885450
	-> Aggregate: sum(sbtest7.k)  (cost=43.5 rows=1)
    -> Filter: (sbtest7.id between 8885351 and 8885450)  (cost=20.4 rows=100)
        -> Index range scan on sbtest7 using PRIMARY over (8885351 <= id <= 8885450)  (cost=20.4 rows=100)


table 8 : explain SELECT SUM(k) FROM sbtest8 WHERE id BETWEEN 3811030 AND 3811129
	-> Aggregate: sum(sbtest8.k)  (cost=43.5 rows=1)
    -> Filter: (sbtest8.id between 3811030 and 3811129)  (cost=20.4 rows=100)
        -> Index range scan on sbtest8 using PRIMARY over (3811030 <= id <= 3811129)  (cost=20.4 rows=100)


for: sum_ranges
table 1 : explain SELECT SUM(k) FROM sbtest1 WHERE id BETWEEN 4590621 AND 4590720
	-> Aggregate: sum(sbtest1.k)  (cost=43.5 rows=1)
    -> Filter: (sbtest1.id between 4590621 and 4590720)  (cost=20.4 rows=100)
        -> Index range scan on sbtest1 using PRIMARY over (4590621 <= id <= 4590720)  (cost=20.4 rows=100)


table 2 : explain SELECT SUM(k) FROM sbtest2 WHERE id BETWEEN 3386690 AND 3386789
	-> Aggregate: sum(sbtest2.k)  (cost=43.5 rows=1)
    -> Filter: (sbtest2.id between 3386690 and 3386789)  (cost=20.4 rows=100)
        -> Index range scan on sbtest2 using PRIMARY over (3386690 <= id <= 3386789)  (cost=20.4 rows=100)


table 3 : explain SELECT SUM(k) FROM sbtest3 WHERE id BETWEEN 9284613 AND 9284712
	-> Aggregate: sum(sbtest3.k)  (cost=43.5 rows=1)
    -> Filter: (sbtest3.id between 9284613 and 9284712)  (cost=20.4 rows=100)
        -> Index range scan on sbtest3 using PRIMARY over (9284613 <= id <= 9284712)  (cost=20.4 rows=100)


table 4 : explain SELECT SUM(k) FROM sbtest4 WHERE id BETWEEN 6548262 AND 6548361
	-> Aggregate: sum(sbtest4.k)  (cost=43.5 rows=1)
    -> Filter: (sbtest4.id between 6548262 and 6548361)  (cost=20.4 rows=100)
        -> Index range scan on sbtest4 using PRIMARY over (6548262 <= id <= 6548361)  (cost=20.4 rows=100)


table 5 : explain SELECT SUM(k) FROM sbtest5 WHERE id BETWEEN 3763864 AND 3763963
	-> Aggregate: sum(sbtest5.k)  (cost=43.5 rows=1)
    -> Filter: (sbtest5.id between 3763864 and 3763963)  (cost=20.4 rows=100)
        -> Index range scan on sbtest5 using PRIMARY over (3763864 <= id <= 3763963)  (cost=20.4 rows=100)


table 6 : explain SELECT SUM(k) FROM sbtest6 WHERE id BETWEEN 912455 AND 912554
	-> Aggregate: sum(sbtest6.k)  (cost=43.5 rows=1)
    -> Filter: (sbtest6.id between 912455 and 912554)  (cost=20.4 rows=100)
        -> Index range scan on sbtest6 using PRIMARY over (912455 <= id <= 912554)  (cost=20.4 rows=100)


table 7 : explain SELECT SUM(k) FROM sbtest7 WHERE id BETWEEN 5279522 AND 5279621
	-> Aggregate: sum(sbtest7.k)  (cost=43.5 rows=1)
    -> Filter: (sbtest7.id between 5279522 and 5279621)  (cost=20.4 rows=100)
        -> Index range scan on sbtest7 using PRIMARY over (5279522 <= id <= 5279621)  (cost=20.4 rows=100)


table 8 : explain SELECT SUM(k) FROM sbtest8 WHERE id BETWEEN 6457773 AND 6457872
	-> Aggregate: sum(sbtest8.k)  (cost=43.5 rows=1)
    -> Filter: (sbtest8.id between 6457773 and 6457872)  (cost=20.4 rows=100)
        -> Index range scan on sbtest8 using PRIMARY over (6457773 <= id <= 6457872)  (cost=20.4 rows=100)


for: sum_ranges
table 1 : explain SELECT SUM(k) FROM sbtest1 WHERE id BETWEEN 6065613 AND 6065712
	-> Aggregate: sum(sbtest1.k)  (cost=43.5 rows=1)
    -> Filter: (sbtest1.id between 6065613 and 6065712)  (cost=20.4 rows=100)
        -> Index range scan on sbtest1 using PRIMARY over (6065613 <= id <= 6065712)  (cost=20.4 rows=100)


table 2 : explain SELECT SUM(k) FROM sbtest2 WHERE id BETWEEN 9011531 AND 9011630
	-> Aggregate: sum(sbtest2.k)  (cost=43.5 rows=1)
    -> Filter: (sbtest2.id between 9011531 and 9011630)  (cost=20.4 rows=100)
        -> Index range scan on sbtest2 using PRIMARY over (9011531 <= id <= 9011630)  (cost=20.4 rows=100)


table 3 : explain SELECT SUM(k) FROM sbtest3 WHERE id BETWEEN 4558711 AND 4558810
	-> Aggregate: sum(sbtest3.k)  (cost=43.5 rows=1)
    -> Filter: (sbtest3.id between 4558711 and 4558810)  (cost=20.4 rows=100)
        -> Index range scan on sbtest3 using PRIMARY over (4558711 <= id <= 4558810)  (cost=20.4 rows=100)


table 4 : explain SELECT SUM(k) FROM sbtest4 WHERE id BETWEEN 678784 AND 678883
	-> Aggregate: sum(sbtest4.k)  (cost=43.5 rows=1)
    -> Filter: (sbtest4.id between 678784 and 678883)  (cost=20.4 rows=100)
        -> Index range scan on sbtest4 using PRIMARY over (678784 <= id <= 678883)  (cost=20.4 rows=100)


table 5 : explain SELECT SUM(k) FROM sbtest5 WHERE id BETWEEN 9685999 AND 9686098
	-> Aggregate: sum(sbtest5.k)  (cost=43.5 rows=1)
    -> Filter: (sbtest5.id between 9685999 and 9686098)  (cost=20.4 rows=100)
        -> Index range scan on sbtest5 using PRIMARY over (9685999 <= id <= 9686098)  (cost=20.4 rows=100)


table 6 : explain SELECT SUM(k) FROM sbtest6 WHERE id BETWEEN 6455005 AND 6455104
	-> Aggregate: sum(sbtest6.k)  (cost=43.5 rows=1)
    -> Filter: (sbtest6.id between 6455005 and 6455104)  (cost=20.4 rows=100)
        -> Index range scan on sbtest6 using PRIMARY over (6455005 <= id <= 6455104)  (cost=20.4 rows=100)


table 7 : explain SELECT SUM(k) FROM sbtest7 WHERE id BETWEEN 3887031 AND 3887130
	-> Aggregate: sum(sbtest7.k)  (cost=43.5 rows=1)
    -> Filter: (sbtest7.id between 3887031 and 3887130)  (cost=20.4 rows=100)
        -> Index range scan on sbtest7 using PRIMARY over (3887031 <= id <= 3887130)  (cost=20.4 rows=100)


table 8 : explain SELECT SUM(k) FROM sbtest8 WHERE id BETWEEN 1837178 AND 1837277
	-> Aggregate: sum(sbtest8.k)  (cost=43.5 rows=1)
    -> Filter: (sbtest8.id between 1837178 and 1837277)  (cost=20.4 rows=100)
        -> Index range scan on sbtest8 using PRIMARY over (1837178 <= id <= 1837277)  (cost=20.4 rows=100)


for: sum_ranges
table 1 : explain SELECT SUM(k) FROM sbtest1 WHERE id BETWEEN 7387322 AND 7387421
	-> Aggregate: sum(sbtest1.k)  (cost=43.5 rows=1)
    -> Filter: (sbtest1.id between 7387322 and 7387421)  (cost=20.4 rows=100)
        -> Index range scan on sbtest1 using PRIMARY over (7387322 <= id <= 7387421)  (cost=20.4 rows=100)


table 2 : explain SELECT SUM(k) FROM sbtest2 WHERE id BETWEEN 72306 AND 72405
	-> Aggregate: sum(sbtest2.k)  (cost=43.5 rows=1)
    -> Filter: (sbtest2.id between 72306 and 72405)  (cost=20.4 rows=100)
        -> Index range scan on sbtest2 using PRIMARY over (72306 <= id <= 72405)  (cost=20.4 rows=100)


table 3 : explain SELECT SUM(k) FROM sbtest3 WHERE id BETWEEN 3343800 AND 3343899
	-> Aggregate: sum(sbtest3.k)  (cost=43.5 rows=1)
    -> Filter: (sbtest3.id between 3343800 and 3343899)  (cost=20.4 rows=100)
        -> Index range scan on sbtest3 using PRIMARY over (3343800 <= id <= 3343899)  (cost=20.4 rows=100)


table 4 : explain SELECT SUM(k) FROM sbtest4 WHERE id BETWEEN 6381947 AND 6382046
	-> Aggregate: sum(sbtest4.k)  (cost=43.5 rows=1)
    -> Filter: (sbtest4.id between 6381947 and 6382046)  (cost=20.4 rows=100)
        -> Index range scan on sbtest4 using PRIMARY over (6381947 <= id <= 6382046)  (cost=20.4 rows=100)


table 5 : explain SELECT SUM(k) FROM sbtest5 WHERE id BETWEEN 4842432 AND 4842531
	-> Aggregate: sum(sbtest5.k)  (cost=43.5 rows=1)
    -> Filter: (sbtest5.id between 4842432 and 4842531)  (cost=20.4 rows=100)
        -> Index range scan on sbtest5 using PRIMARY over (4842432 <= id <= 4842531)  (cost=20.4 rows=100)


table 6 : explain SELECT SUM(k) FROM sbtest6 WHERE id BETWEEN 6381875 AND 6381974
	-> Aggregate: sum(sbtest6.k)  (cost=43.5 rows=1)
    -> Filter: (sbtest6.id between 6381875 and 6381974)  (cost=20.4 rows=100)
        -> Index range scan on sbtest6 using PRIMARY over (6381875 <= id <= 6381974)  (cost=20.4 rows=100)


table 7 : explain SELECT SUM(k) FROM sbtest7 WHERE id BETWEEN 3243470 AND 3243569
	-> Aggregate: sum(sbtest7.k)  (cost=43.5 rows=1)
    -> Filter: (sbtest7.id between 3243470 and 3243569)  (cost=20.4 rows=100)
        -> Index range scan on sbtest7 using PRIMARY over (3243470 <= id <= 3243569)  (cost=20.4 rows=100)


table 8 : explain SELECT SUM(k) FROM sbtest8 WHERE id BETWEEN 9247519 AND 9247618
	-> Aggregate: sum(sbtest8.k)  (cost=43.5 rows=1)
    -> Filter: (sbtest8.id between 9247519 and 9247618)  (cost=20.4 rows=100)
        -> Index range scan on sbtest8 using PRIMARY over (9247519 <= id <= 9247618)  (cost=20.4 rows=100)


for: sum_ranges
table 1 : explain SELECT SUM(k) FROM sbtest1 WHERE id BETWEEN 931610 AND 931709
	-> Aggregate: sum(sbtest1.k)  (cost=43.5 rows=1)
    -> Filter: (sbtest1.id between 931610 and 931709)  (cost=20.4 rows=100)
        -> Index range scan on sbtest1 using PRIMARY over (931610 <= id <= 931709)  (cost=20.4 rows=100)


table 2 : explain SELECT SUM(k) FROM sbtest2 WHERE id BETWEEN 5802475 AND 5802574
	-> Aggregate: sum(sbtest2.k)  (cost=43.5 rows=1)
    -> Filter: (sbtest2.id between 5802475 and 5802574)  (cost=20.4 rows=100)
        -> Index range scan on sbtest2 using PRIMARY over (5802475 <= id <= 5802574)  (cost=20.4 rows=100)


table 3 : explain SELECT SUM(k) FROM sbtest3 WHERE id BETWEEN 4071554 AND 4071653
	-> Aggregate: sum(sbtest3.k)  (cost=43.5 rows=1)
    -> Filter: (sbtest3.id between 4071554 and 4071653)  (cost=20.4 rows=100)
        -> Index range scan on sbtest3 using PRIMARY over (4071554 <= id <= 4071653)  (cost=20.4 rows=100)


table 4 : explain SELECT SUM(k) FROM sbtest4 WHERE id BETWEEN 7109639 AND 7109738
	-> Aggregate: sum(sbtest4.k)  (cost=43.5 rows=1)
    -> Filter: (sbtest4.id between 7109639 and 7109738)  (cost=20.4 rows=100)
        -> Index range scan on sbtest4 using PRIMARY over (7109639 <= id <= 7109738)  (cost=20.4 rows=100)


table 5 : explain SELECT SUM(k) FROM sbtest5 WHERE id BETWEEN 7347325 AND 7347424
	-> Aggregate: sum(sbtest5.k)  (cost=43.5 rows=1)
    -> Filter: (sbtest5.id between 7347325 and 7347424)  (cost=20.4 rows=100)
        -> Index range scan on sbtest5 using PRIMARY over (7347325 <= id <= 7347424)  (cost=20.4 rows=100)


table 6 : explain SELECT SUM(k) FROM sbtest6 WHERE id BETWEEN 4100203 AND 4100302
	-> Aggregate: sum(sbtest6.k)  (cost=43.5 rows=1)
    -> Filter: (sbtest6.id between 4100203 and 4100302)  (cost=20.4 rows=100)
        -> Index range scan on sbtest6 using PRIMARY over (4100203 <= id <= 4100302)  (cost=20.4 rows=100)


table 7 : explain SELECT SUM(k) FROM sbtest7 WHERE id BETWEEN 6916362 AND 6916461
	-> Aggregate: sum(sbtest7.k)  (cost=43.5 rows=1)
    -> Filter: (sbtest7.id between 6916362 and 6916461)  (cost=20.4 rows=100)
        -> Index range scan on sbtest7 using PRIMARY over (6916362 <= id <= 6916461)  (cost=20.4 rows=100)


table 8 : explain SELECT SUM(k) FROM sbtest8 WHERE id BETWEEN 4446233 AND 4446332
	-> Aggregate: sum(sbtest8.k)  (cost=43.5 rows=1)
    -> Filter: (sbtest8.id between 4446233 and 4446332)  (cost=20.4 rows=100)
        -> Index range scan on sbtest8 using PRIMARY over (4446233 <= id <= 4446332)  (cost=20.4 rows=100)


for: sum_ranges
table 1 : explain SELECT SUM(k) FROM sbtest1 WHERE id BETWEEN 1604670 AND 1604769
	-> Aggregate: sum(sbtest1.k)  (cost=43.5 rows=1)
    -> Filter: (sbtest1.id between 1604670 and 1604769)  (cost=20.4 rows=100)
        -> Index range scan on sbtest1 using PRIMARY over (1604670 <= id <= 1604769)  (cost=20.4 rows=100)


table 2 : explain SELECT SUM(k) FROM sbtest2 WHERE id BETWEEN 5216966 AND 5217065
	-> Aggregate: sum(sbtest2.k)  (cost=43.5 rows=1)
    -> Filter: (sbtest2.id between 5216966 and 5217065)  (cost=20.4 rows=100)
        -> Index range scan on sbtest2 using PRIMARY over (5216966 <= id <= 5217065)  (cost=20.4 rows=100)


table 3 : explain SELECT SUM(k) FROM sbtest3 WHERE id BETWEEN 1304062 AND 1304161
	-> Aggregate: sum(sbtest3.k)  (cost=43.5 rows=1)
    -> Filter: (sbtest3.id between 1304062 and 1304161)  (cost=20.4 rows=100)
        -> Index range scan on sbtest3 using PRIMARY over (1304062 <= id <= 1304161)  (cost=20.4 rows=100)


table 4 : explain SELECT SUM(k) FROM sbtest4 WHERE id BETWEEN 68927 AND 69026
	-> Aggregate: sum(sbtest4.k)  (cost=43.5 rows=1)
    -> Filter: (sbtest4.id between 68927 and 69026)  (cost=20.4 rows=100)
        -> Index range scan on sbtest4 using PRIMARY over (68927 <= id <= 69026)  (cost=20.4 rows=100)


table 5 : explain SELECT SUM(k) FROM sbtest5 WHERE id BETWEEN 9688524 AND 9688623
	-> Aggregate: sum(sbtest5.k)  (cost=43.5 rows=1)
    -> Filter: (sbtest5.id between 9688524 and 9688623)  (cost=20.4 rows=100)
        -> Index range scan on sbtest5 using PRIMARY over (9688524 <= id <= 9688623)  (cost=20.4 rows=100)


table 6 : explain SELECT SUM(k) FROM sbtest6 WHERE id BETWEEN 5231237 AND 5231336
	-> Aggregate: sum(sbtest6.k)  (cost=43.5 rows=1)
    -> Filter: (sbtest6.id between 5231237 and 5231336)  (cost=20.4 rows=100)
        -> Index range scan on sbtest6 using PRIMARY over (5231237 <= id <= 5231336)  (cost=20.4 rows=100)


table 7 : explain SELECT SUM(k) FROM sbtest7 WHERE id BETWEEN 4122942 AND 4123041
	-> Aggregate: sum(sbtest7.k)  (cost=43.5 rows=1)
    -> Filter: (sbtest7.id between 4122942 and 4123041)  (cost=20.4 rows=100)
        -> Index range scan on sbtest7 using PRIMARY over (4122942 <= id <= 4123041)  (cost=20.4 rows=100)


table 8 : explain SELECT SUM(k) FROM sbtest8 WHERE id BETWEEN 5196356 AND 5196455
	-> Aggregate: sum(sbtest8.k)  (cost=43.5 rows=1)
    -> Filter: (sbtest8.id between 5196356 and 5196455)  (cost=20.4 rows=100)
        -> Index range scan on sbtest8 using PRIMARY over (5196356 <= id <= 5196455)  (cost=20.4 rows=100)


for: sum_ranges
table 1 : explain SELECT SUM(k) FROM sbtest1 WHERE id BETWEEN 7042401 AND 7042500
	-> Aggregate: sum(sbtest1.k)  (cost=43.5 rows=1)
    -> Filter: (sbtest1.id between 7042401 and 7042500)  (cost=20.4 rows=100)
        -> Index range scan on sbtest1 using PRIMARY over (7042401 <= id <= 7042500)  (cost=20.4 rows=100)


table 2 : explain SELECT SUM(k) FROM sbtest2 WHERE id BETWEEN 8131198 AND 8131297
	-> Aggregate: sum(sbtest2.k)  (cost=43.5 rows=1)
    -> Filter: (sbtest2.id between 8131198 and 8131297)  (cost=20.4 rows=100)
        -> Index range scan on sbtest2 using PRIMARY over (8131198 <= id <= 8131297)  (cost=20.4 rows=100)


table 3 : explain SELECT SUM(k) FROM sbtest3 WHERE id BETWEEN 6398193 AND 6398292
	-> Aggregate: sum(sbtest3.k)  (cost=43.5 rows=1)
    -> Filter: (sbtest3.id between 6398193 and 6398292)  (cost=20.4 rows=100)
        -> Index range scan on sbtest3 using PRIMARY over (6398193 <= id <= 6398292)  (cost=20.4 rows=100)


table 4 : explain SELECT SUM(k) FROM sbtest4 WHERE id BETWEEN 372098 AND 372197
	-> Aggregate: sum(sbtest4.k)  (cost=43.5 rows=1)
    -> Filter: (sbtest4.id between 372098 and 372197)  (cost=20.4 rows=100)
        -> Index range scan on sbtest4 using PRIMARY over (372098 <= id <= 372197)  (cost=20.4 rows=100)


table 5 : explain SELECT SUM(k) FROM sbtest5 WHERE id BETWEEN 5240969 AND 5241068
	-> Aggregate: sum(sbtest5.k)  (cost=43.5 rows=1)
    -> Filter: (sbtest5.id between 5240969 and 5241068)  (cost=20.4 rows=100)
        -> Index range scan on sbtest5 using PRIMARY over (5240969 <= id <= 5241068)  (cost=20.4 rows=100)


table 6 : explain SELECT SUM(k) FROM sbtest6 WHERE id BETWEEN 8842079 AND 8842178
	-> Aggregate: sum(sbtest6.k)  (cost=43.5 rows=1)
    -> Filter: (sbtest6.id between 8842079 and 8842178)  (cost=20.4 rows=100)
        -> Index range scan on sbtest6 using PRIMARY over (8842079 <= id <= 8842178)  (cost=20.4 rows=100)


table 7 : explain SELECT SUM(k) FROM sbtest7 WHERE id BETWEEN 9303112 AND 9303211
	-> Aggregate: sum(sbtest7.k)  (cost=43.5 rows=1)
    -> Filter: (sbtest7.id between 9303112 and 9303211)  (cost=20.4 rows=100)
        -> Index range scan on sbtest7 using PRIMARY over (9303112 <= id <= 9303211)  (cost=20.4 rows=100)


table 8 : explain SELECT SUM(k) FROM sbtest8 WHERE id BETWEEN 9107886 AND 9107985
	-> Aggregate: sum(sbtest8.k)  (cost=43.5 rows=1)
    -> Filter: (sbtest8.id between 9107886 and 9107985)  (cost=20.4 rows=100)
        -> Index range scan on sbtest8 using PRIMARY over (9107886 <= id <= 9107985)  (cost=20.4 rows=100)


for: sum_ranges
table 1 : explain SELECT SUM(k) FROM sbtest1 WHERE id BETWEEN 678847 AND 678946
	-> Aggregate: sum(sbtest1.k)  (cost=43.5 rows=1)
    -> Filter: (sbtest1.id between 678847 and 678946)  (cost=20.4 rows=100)
        -> Index range scan on sbtest1 using PRIMARY over (678847 <= id <= 678946)  (cost=20.4 rows=100)


table 2 : explain SELECT SUM(k) FROM sbtest2 WHERE id BETWEEN 2689533 AND 2689632
	-> Aggregate: sum(sbtest2.k)  (cost=43.5 rows=1)
    -> Filter: (sbtest2.id between 2689533 and 2689632)  (cost=20.4 rows=100)
        -> Index range scan on sbtest2 using PRIMARY over (2689533 <= id <= 2689632)  (cost=20.4 rows=100)


table 3 : explain SELECT SUM(k) FROM sbtest3 WHERE id BETWEEN 8571800 AND 8571899
	-> Aggregate: sum(sbtest3.k)  (cost=43.5 rows=1)
    -> Filter: (sbtest3.id between 8571800 and 8571899)  (cost=20.4 rows=100)
        -> Index range scan on sbtest3 using PRIMARY over (8571800 <= id <= 8571899)  (cost=20.4 rows=100)


table 4 : explain SELECT SUM(k) FROM sbtest4 WHERE id BETWEEN 896097 AND 896196
	-> Aggregate: sum(sbtest4.k)  (cost=43.5 rows=1)
    -> Filter: (sbtest4.id between 896097 and 896196)  (cost=20.4 rows=100)
        -> Index range scan on sbtest4 using PRIMARY over (896097 <= id <= 896196)  (cost=20.4 rows=100)


table 5 : explain SELECT SUM(k) FROM sbtest5 WHERE id BETWEEN 9645664 AND 9645763
	-> Aggregate: sum(sbtest5.k)  (cost=43.5 rows=1)
    -> Filter: (sbtest5.id between 9645664 and 9645763)  (cost=20.4 rows=100)
        -> Index range scan on sbtest5 using PRIMARY over (9645664 <= id <= 9645763)  (cost=20.4 rows=100)


table 6 : explain SELECT SUM(k) FROM sbtest6 WHERE id BETWEEN 853902 AND 854001
	-> Aggregate: sum(sbtest6.k)  (cost=43.5 rows=1)
    -> Filter: (sbtest6.id between 853902 and 854001)  (cost=20.4 rows=100)
        -> Index range scan on sbtest6 using PRIMARY over (853902 <= id <= 854001)  (cost=20.4 rows=100)


table 7 : explain SELECT SUM(k) FROM sbtest7 WHERE id BETWEEN 2944259 AND 2944358
	-> Aggregate: sum(sbtest7.k)  (cost=43.5 rows=1)
    -> Filter: (sbtest7.id between 2944259 and 2944358)  (cost=20.4 rows=100)
        -> Index range scan on sbtest7 using PRIMARY over (2944259 <= id <= 2944358)  (cost=20.4 rows=100)


table 8 : explain SELECT SUM(k) FROM sbtest8 WHERE id BETWEEN 2137052 AND 2137151
	-> Aggregate: sum(sbtest8.k)  (cost=43.5 rows=1)
    -> Filter: (sbtest8.id between 2137052 and 2137151)  (cost=20.4 rows=100)
        -> Index range scan on sbtest8 using PRIMARY over (2137052 <= id <= 2137151)  (cost=20.4 rows=100)


for: sum_ranges
table 1 : explain SELECT SUM(k) FROM sbtest1 WHERE id BETWEEN 3232202 AND 3232301
	-> Aggregate: sum(sbtest1.k)  (cost=43.5 rows=1)
    -> Filter: (sbtest1.id between 3232202 and 3232301)  (cost=20.4 rows=100)
        -> Index range scan on sbtest1 using PRIMARY over (3232202 <= id <= 3232301)  (cost=20.4 rows=100)


table 2 : explain SELECT SUM(k) FROM sbtest2 WHERE id BETWEEN 3553800 AND 3553899
	-> Aggregate: sum(sbtest2.k)  (cost=43.5 rows=1)
    -> Filter: (sbtest2.id between 3553800 and 3553899)  (cost=20.4 rows=100)
        -> Index range scan on sbtest2 using PRIMARY over (3553800 <= id <= 3553899)  (cost=20.4 rows=100)


table 3 : explain SELECT SUM(k) FROM sbtest3 WHERE id BETWEEN 1107153 AND 1107252
	-> Aggregate: sum(sbtest3.k)  (cost=43.5 rows=1)
    -> Filter: (sbtest3.id between 1107153 and 1107252)  (cost=20.4 rows=100)
        -> Index range scan on sbtest3 using PRIMARY over (1107153 <= id <= 1107252)  (cost=20.4 rows=100)


table 4 : explain SELECT SUM(k) FROM sbtest4 WHERE id BETWEEN 7085277 AND 7085376
	-> Aggregate: sum(sbtest4.k)  (cost=43.5 rows=1)
    -> Filter: (sbtest4.id between 7085277 and 7085376)  (cost=20.4 rows=100)
        -> Index range scan on sbtest4 using PRIMARY over (7085277 <= id <= 7085376)  (cost=20.4 rows=100)


table 5 : explain SELECT SUM(k) FROM sbtest5 WHERE id BETWEEN 9311078 AND 9311177
	-> Aggregate: sum(sbtest5.k)  (cost=43.5 rows=1)
    -> Filter: (sbtest5.id between 9311078 and 9311177)  (cost=20.4 rows=100)
        -> Index range scan on sbtest5 using PRIMARY over (9311078 <= id <= 9311177)  (cost=20.4 rows=100)


table 6 : explain SELECT SUM(k) FROM sbtest6 WHERE id BETWEEN 9418804 AND 9418903
	-> Aggregate: sum(sbtest6.k)  (cost=43.5 rows=1)
    -> Filter: (sbtest6.id between 9418804 and 9418903)  (cost=20.4 rows=100)
        -> Index range scan on sbtest6 using PRIMARY over (9418804 <= id <= 9418903)  (cost=20.4 rows=100)


table 7 : explain SELECT SUM(k) FROM sbtest7 WHERE id BETWEEN 5672929 AND 5673028
	-> Aggregate: sum(sbtest7.k)  (cost=43.5 rows=1)
    -> Filter: (sbtest7.id between 5672929 and 5673028)  (cost=20.4 rows=100)
        -> Index range scan on sbtest7 using PRIMARY over (5672929 <= id <= 5673028)  (cost=20.4 rows=100)


table 8 : explain SELECT SUM(k) FROM sbtest8 WHERE id BETWEEN 2665261 AND 2665360
	-> Aggregate: sum(sbtest8.k)  (cost=43.5 rows=1)
    -> Filter: (sbtest8.id between 2665261 and 2665360)  (cost=20.4 rows=100)
        -> Index range scan on sbtest8 using PRIMARY over (2665261 <= id <= 2665360)  (cost=20.4 rows=100)


for: sum_ranges
table 1 : explain SELECT SUM(k) FROM sbtest1 WHERE id BETWEEN 6110620 AND 6110719
	-> Aggregate: sum(sbtest1.k)  (cost=43.5 rows=1)
    -> Filter: (sbtest1.id between 6110620 and 6110719)  (cost=20.4 rows=100)
        -> Index range scan on sbtest1 using PRIMARY over (6110620 <= id <= 6110719)  (cost=20.4 rows=100)


table 2 : explain SELECT SUM(k) FROM sbtest2 WHERE id BETWEEN 7421206 AND 7421305
	-> Aggregate: sum(sbtest2.k)  (cost=43.5 rows=1)
    -> Filter: (sbtest2.id between 7421206 and 7421305)  (cost=20.4 rows=100)
        -> Index range scan on sbtest2 using PRIMARY over (7421206 <= id <= 7421305)  (cost=20.4 rows=100)


table 3 : explain SELECT SUM(k) FROM sbtest3 WHERE id BETWEEN 8146286 AND 8146385
	-> Aggregate: sum(sbtest3.k)  (cost=43.5 rows=1)
    -> Filter: (sbtest3.id between 8146286 and 8146385)  (cost=20.4 rows=100)
        -> Index range scan on sbtest3 using PRIMARY over (8146286 <= id <= 8146385)  (cost=20.4 rows=100)


table 4 : explain SELECT SUM(k) FROM sbtest4 WHERE id BETWEEN 5525348 AND 5525447
	-> Aggregate: sum(sbtest4.k)  (cost=43.5 rows=1)
    -> Filter: (sbtest4.id between 5525348 and 5525447)  (cost=20.4 rows=100)
        -> Index range scan on sbtest4 using PRIMARY over (5525348 <= id <= 5525447)  (cost=20.4 rows=100)


table 5 : explain SELECT SUM(k) FROM sbtest5 WHERE id BETWEEN 4411120 AND 4411219
	-> Aggregate: sum(sbtest5.k)  (cost=43.5 rows=1)
    -> Filter: (sbtest5.id between 4411120 and 4411219)  (cost=20.4 rows=100)
        -> Index range scan on sbtest5 using PRIMARY over (4411120 <= id <= 4411219)  (cost=20.4 rows=100)


table 6 : explain SELECT SUM(k) FROM sbtest6 WHERE id BETWEEN 4618651 AND 4618750
	-> Aggregate: sum(sbtest6.k)  (cost=43.5 rows=1)
    -> Filter: (sbtest6.id between 4618651 and 4618750)  (cost=20.4 rows=100)
        -> Index range scan on sbtest6 using PRIMARY over (4618651 <= id <= 4618750)  (cost=20.4 rows=100)


table 7 : explain SELECT SUM(k) FROM sbtest7 WHERE id BETWEEN 2179643 AND 2179742
	-> Aggregate: sum(sbtest7.k)  (cost=43.5 rows=1)
    -> Filter: (sbtest7.id between 2179643 and 2179742)  (cost=20.4 rows=100)
        -> Index range scan on sbtest7 using PRIMARY over (2179643 <= id <= 2179742)  (cost=20.4 rows=100)


table 8 : explain SELECT SUM(k) FROM sbtest8 WHERE id BETWEEN 7682927 AND 7683026
	-> Aggregate: sum(sbtest8.k)  (cost=43.5 rows=1)
    -> Filter: (sbtest8.id between 7682927 and 7683026)  (cost=20.4 rows=100)
        -> Index range scan on sbtest8 using PRIMARY over (7682927 <= id <= 7683026)  (cost=20.4 rows=100)


for: sum_ranges
table 1 : explain SELECT SUM(k) FROM sbtest1 WHERE id BETWEEN 6471852 AND 6471951
	-> Aggregate: sum(sbtest1.k)  (cost=43.5 rows=1)
    -> Filter: (sbtest1.id between 6471852 and 6471951)  (cost=20.4 rows=100)
        -> Index range scan on sbtest1 using PRIMARY over (6471852 <= id <= 6471951)  (cost=20.4 rows=100)


table 2 : explain SELECT SUM(k) FROM sbtest2 WHERE id BETWEEN 5092235 AND 5092334
	-> Aggregate: sum(sbtest2.k)  (cost=43.5 rows=1)
    -> Filter: (sbtest2.id between 5092235 and 5092334)  (cost=20.4 rows=100)
        -> Index range scan on sbtest2 using PRIMARY over (5092235 <= id <= 5092334)  (cost=20.4 rows=100)


table 3 : explain SELECT SUM(k) FROM sbtest3 WHERE id BETWEEN 9666862 AND 9666961
	-> Aggregate: sum(sbtest3.k)  (cost=43.5 rows=1)
    -> Filter: (sbtest3.id between 9666862 and 9666961)  (cost=20.4 rows=100)
        -> Index range scan on sbtest3 using PRIMARY over (9666862 <= id <= 9666961)  (cost=20.4 rows=100)


table 4 : explain SELECT SUM(k) FROM sbtest4 WHERE id BETWEEN 6284625 AND 6284724
	-> Aggregate: sum(sbtest4.k)  (cost=43.5 rows=1)
    -> Filter: (sbtest4.id between 6284625 and 6284724)  (cost=20.4 rows=100)
        -> Index range scan on sbtest4 using PRIMARY over (6284625 <= id <= 6284724)  (cost=20.4 rows=100)


table 5 : explain SELECT SUM(k) FROM sbtest5 WHERE id BETWEEN 653501 AND 653600
	-> Aggregate: sum(sbtest5.k)  (cost=43.5 rows=1)
    -> Filter: (sbtest5.id between 653501 and 653600)  (cost=20.4 rows=100)
        -> Index range scan on sbtest5 using PRIMARY over (653501 <= id <= 653600)  (cost=20.4 rows=100)


table 6 : explain SELECT SUM(k) FROM sbtest6 WHERE id BETWEEN 9559662 AND 9559761
	-> Aggregate: sum(sbtest6.k)  (cost=43.5 rows=1)
    -> Filter: (sbtest6.id between 9559662 and 9559761)  (cost=20.4 rows=100)
        -> Index range scan on sbtest6 using PRIMARY over (9559662 <= id <= 9559761)  (cost=20.4 rows=100)


table 7 : explain SELECT SUM(k) FROM sbtest7 WHERE id BETWEEN 5307357 AND 5307456
	-> Aggregate: sum(sbtest7.k)  (cost=43.5 rows=1)
    -> Filter: (sbtest7.id between 5307357 and 5307456)  (cost=20.4 rows=100)
        -> Index range scan on sbtest7 using PRIMARY over (5307357 <= id <= 5307456)  (cost=20.4 rows=100)


table 8 : explain SELECT SUM(k) FROM sbtest8 WHERE id BETWEEN 7843974 AND 7844073
	-> Aggregate: sum(sbtest8.k)  (cost=43.5 rows=1)
    -> Filter: (sbtest8.id between 7843974 and 7844073)  (cost=20.4 rows=100)
        -> Index range scan on sbtest8 using PRIMARY over (7843974 <= id <= 7844073)  (cost=20.4 rows=100)


for: sum_ranges
table 1 : explain SELECT SUM(k) FROM sbtest1 WHERE id BETWEEN 4545448 AND 4545547
	-> Aggregate: sum(sbtest1.k)  (cost=43.5 rows=1)
    -> Filter: (sbtest1.id between 4545448 and 4545547)  (cost=20.4 rows=100)
        -> Index range scan on sbtest1 using PRIMARY over (4545448 <= id <= 4545547)  (cost=20.4 rows=100)


table 2 : explain SELECT SUM(k) FROM sbtest2 WHERE id BETWEEN 984919 AND 985018
	-> Aggregate: sum(sbtest2.k)  (cost=43.5 rows=1)
    -> Filter: (sbtest2.id between 984919 and 985018)  (cost=20.4 rows=100)
        -> Index range scan on sbtest2 using PRIMARY over (984919 <= id <= 985018)  (cost=20.4 rows=100)


table 3 : explain SELECT SUM(k) FROM sbtest3 WHERE id BETWEEN 4783515 AND 4783614
	-> Aggregate: sum(sbtest3.k)  (cost=43.5 rows=1)
    -> Filter: (sbtest3.id between 4783515 and 4783614)  (cost=20.4 rows=100)
        -> Index range scan on sbtest3 using PRIMARY over (4783515 <= id <= 4783614)  (cost=20.4 rows=100)


table 4 : explain SELECT SUM(k) FROM sbtest4 WHERE id BETWEEN 4204103 AND 4204202
	-> Aggregate: sum(sbtest4.k)  (cost=43.5 rows=1)
    -> Filter: (sbtest4.id between 4204103 and 4204202)  (cost=20.4 rows=100)
        -> Index range scan on sbtest4 using PRIMARY over (4204103 <= id <= 4204202)  (cost=20.4 rows=100)


table 5 : explain SELECT SUM(k) FROM sbtest5 WHERE id BETWEEN 8920780 AND 8920879
	-> Aggregate: sum(sbtest5.k)  (cost=43.5 rows=1)
    -> Filter: (sbtest5.id between 8920780 and 8920879)  (cost=20.4 rows=100)
        -> Index range scan on sbtest5 using PRIMARY over (8920780 <= id <= 8920879)  (cost=20.4 rows=100)


table 6 : explain SELECT SUM(k) FROM sbtest6 WHERE id BETWEEN 5989625 AND 5989724
	-> Aggregate: sum(sbtest6.k)  (cost=43.5 rows=1)
    -> Filter: (sbtest6.id between 5989625 and 5989724)  (cost=20.4 rows=100)
        -> Index range scan on sbtest6 using PRIMARY over (5989625 <= id <= 5989724)  (cost=20.4 rows=100)


table 7 : explain SELECT SUM(k) FROM sbtest7 WHERE id BETWEEN 890520 AND 890619
	-> Aggregate: sum(sbtest7.k)  (cost=43.5 rows=1)
    -> Filter: (sbtest7.id between 890520 and 890619)  (cost=20.4 rows=100)
        -> Index range scan on sbtest7 using PRIMARY over (890520 <= id <= 890619)  (cost=20.4 rows=100)


table 8 : explain SELECT SUM(k) FROM sbtest8 WHERE id BETWEEN 41179 AND 41278
	-> Aggregate: sum(sbtest8.k)  (cost=43.5 rows=1)
    -> Filter: (sbtest8.id between 41179 and 41278)  (cost=20.4 rows=100)
        -> Index range scan on sbtest8 using PRIMARY over (41179 <= id <= 41278)  (cost=20.4 rows=100)


for: sum_ranges
table 1 : explain SELECT SUM(k) FROM sbtest1 WHERE id BETWEEN 1233804 AND 1233903
	-> Aggregate: sum(sbtest1.k)  (cost=43.5 rows=1)
    -> Filter: (sbtest1.id between 1233804 and 1233903)  (cost=20.4 rows=100)
        -> Index range scan on sbtest1 using PRIMARY over (1233804 <= id <= 1233903)  (cost=20.4 rows=100)


table 2 : explain SELECT SUM(k) FROM sbtest2 WHERE id BETWEEN 7026822 AND 7026921
	-> Aggregate: sum(sbtest2.k)  (cost=43.5 rows=1)
    -> Filter: (sbtest2.id between 7026822 and 7026921)  (cost=20.4 rows=100)
        -> Index range scan on sbtest2 using PRIMARY over (7026822 <= id <= 7026921)  (cost=20.4 rows=100)


table 3 : explain SELECT SUM(k) FROM sbtest3 WHERE id BETWEEN 1506724 AND 1506823
	-> Aggregate: sum(sbtest3.k)  (cost=43.5 rows=1)
    -> Filter: (sbtest3.id between 1506724 and 1506823)  (cost=20.4 rows=100)
        -> Index range scan on sbtest3 using PRIMARY over (1506724 <= id <= 1506823)  (cost=20.4 rows=100)


table 4 : explain SELECT SUM(k) FROM sbtest4 WHERE id BETWEEN 3175635 AND 3175734
	-> Aggregate: sum(sbtest4.k)  (cost=43.5 rows=1)
    -> Filter: (sbtest4.id between 3175635 and 3175734)  (cost=20.4 rows=100)
        -> Index range scan on sbtest4 using PRIMARY over (3175635 <= id <= 3175734)  (cost=20.4 rows=100)


table 5 : explain SELECT SUM(k) FROM sbtest5 WHERE id BETWEEN 5498557 AND 5498656
	-> Aggregate: sum(sbtest5.k)  (cost=43.5 rows=1)
    -> Filter: (sbtest5.id between 5498557 and 5498656)  (cost=20.4 rows=100)
        -> Index range scan on sbtest5 using PRIMARY over (5498557 <= id <= 5498656)  (cost=20.4 rows=100)


table 6 : explain SELECT SUM(k) FROM sbtest6 WHERE id BETWEEN 4863480 AND 4863579
	-> Aggregate: sum(sbtest6.k)  (cost=43.5 rows=1)
    -> Filter: (sbtest6.id between 4863480 and 4863579)  (cost=20.4 rows=100)
        -> Index range scan on sbtest6 using PRIMARY over (4863480 <= id <= 4863579)  (cost=20.4 rows=100)


table 7 : explain SELECT SUM(k) FROM sbtest7 WHERE id BETWEEN 7215693 AND 7215792
	-> Aggregate: sum(sbtest7.k)  (cost=43.5 rows=1)
    -> Filter: (sbtest7.id between 7215693 and 7215792)  (cost=20.4 rows=100)
        -> Index range scan on sbtest7 using PRIMARY over (7215693 <= id <= 7215792)  (cost=20.4 rows=100)


table 8 : explain SELECT SUM(k) FROM sbtest8 WHERE id BETWEEN 1520575 AND 1520674
	-> Aggregate: sum(sbtest8.k)  (cost=43.5 rows=1)
    -> Filter: (sbtest8.id between 1520575 and 1520674)  (cost=20.4 rows=100)
        -> Index range scan on sbtest8 using PRIMARY over (1520575 <= id <= 1520674)  (cost=20.4 rows=100)


for: sum_ranges
table 1 : explain SELECT SUM(k) FROM sbtest1 WHERE id BETWEEN 286447 AND 286546
	-> Aggregate: sum(sbtest1.k)  (cost=43.5 rows=1)
    -> Filter: (sbtest1.id between 286447 and 286546)  (cost=20.4 rows=100)
        -> Index range scan on sbtest1 using PRIMARY over (286447 <= id <= 286546)  (cost=20.4 rows=100)


table 2 : explain SELECT SUM(k) FROM sbtest2 WHERE id BETWEEN 9332017 AND 9332116
	-> Aggregate: sum(sbtest2.k)  (cost=43.5 rows=1)
    -> Filter: (sbtest2.id between 9332017 and 9332116)  (cost=20.4 rows=100)
        -> Index range scan on sbtest2 using PRIMARY over (9332017 <= id <= 9332116)  (cost=20.4 rows=100)


table 3 : explain SELECT SUM(k) FROM sbtest3 WHERE id BETWEEN 6776257 AND 6776356
	-> Aggregate: sum(sbtest3.k)  (cost=43.5 rows=1)
    -> Filter: (sbtest3.id between 6776257 and 6776356)  (cost=20.4 rows=100)
        -> Index range scan on sbtest3 using PRIMARY over (6776257 <= id <= 6776356)  (cost=20.4 rows=100)


table 4 : explain SELECT SUM(k) FROM sbtest4 WHERE id BETWEEN 6175789 AND 6175888
	-> Aggregate: sum(sbtest4.k)  (cost=43.5 rows=1)
    -> Filter: (sbtest4.id between 6175789 and 6175888)  (cost=20.4 rows=100)
        -> Index range scan on sbtest4 using PRIMARY over (6175789 <= id <= 6175888)  (cost=20.4 rows=100)


table 5 : explain SELECT SUM(k) FROM sbtest5 WHERE id BETWEEN 7028992 AND 7029091
	-> Aggregate: sum(sbtest5.k)  (cost=43.5 rows=1)
    -> Filter: (sbtest5.id between 7028992 and 7029091)  (cost=20.4 rows=100)
        -> Index range scan on sbtest5 using PRIMARY over (7028992 <= id <= 7029091)  (cost=20.4 rows=100)


table 6 : explain SELECT SUM(k) FROM sbtest6 WHERE id BETWEEN 8851639 AND 8851738
	-> Aggregate: sum(sbtest6.k)  (cost=43.5 rows=1)
    -> Filter: (sbtest6.id between 8851639 and 8851738)  (cost=20.4 rows=100)
        -> Index range scan on sbtest6 using PRIMARY over (8851639 <= id <= 8851738)  (cost=20.4 rows=100)


table 7 : explain SELECT SUM(k) FROM sbtest7 WHERE id BETWEEN 3270506 AND 3270605
	-> Aggregate: sum(sbtest7.k)  (cost=43.5 rows=1)
    -> Filter: (sbtest7.id between 3270506 and 3270605)  (cost=20.4 rows=100)
        -> Index range scan on sbtest7 using PRIMARY over (3270506 <= id <= 3270605)  (cost=20.4 rows=100)


table 8 : explain SELECT SUM(k) FROM sbtest8 WHERE id BETWEEN 9376632 AND 9376731
	-> Aggregate: sum(sbtest8.k)  (cost=43.5 rows=1)
    -> Filter: (sbtest8.id between 9376632 and 9376731)  (cost=20.4 rows=100)
        -> Index range scan on sbtest8 using PRIMARY over (9376632 <= id <= 9376731)  (cost=20.4 rows=100)


for: sum_ranges
table 1 : explain SELECT SUM(k) FROM sbtest1 WHERE id BETWEEN 946561 AND 946660
	-> Aggregate: sum(sbtest1.k)  (cost=43.5 rows=1)
    -> Filter: (sbtest1.id between 946561 and 946660)  (cost=20.4 rows=100)
        -> Index range scan on sbtest1 using PRIMARY over (946561 <= id <= 946660)  (cost=20.4 rows=100)


table 2 : explain SELECT SUM(k) FROM sbtest2 WHERE id BETWEEN 9003423 AND 9003522
	-> Aggregate: sum(sbtest2.k)  (cost=43.5 rows=1)
    -> Filter: (sbtest2.id between 9003423 and 9003522)  (cost=20.4 rows=100)
        -> Index range scan on sbtest2 using PRIMARY over (9003423 <= id <= 9003522)  (cost=20.4 rows=100)


table 3 : explain SELECT SUM(k) FROM sbtest3 WHERE id BETWEEN 1104447 AND 1104546
	-> Aggregate: sum(sbtest3.k)  (cost=43.5 rows=1)
    -> Filter: (sbtest3.id between 1104447 and 1104546)  (cost=20.4 rows=100)
        -> Index range scan on sbtest3 using PRIMARY over (1104447 <= id <= 1104546)  (cost=20.4 rows=100)


table 4 : explain SELECT SUM(k) FROM sbtest4 WHERE id BETWEEN 2233349 AND 2233448
	-> Aggregate: sum(sbtest4.k)  (cost=43.5 rows=1)
    -> Filter: (sbtest4.id between 2233349 and 2233448)  (cost=20.4 rows=100)
        -> Index range scan on sbtest4 using PRIMARY over (2233349 <= id <= 2233448)  (cost=20.4 rows=100)


table 5 : explain SELECT SUM(k) FROM sbtest5 WHERE id BETWEEN 951186 AND 951285
	-> Aggregate: sum(sbtest5.k)  (cost=43.5 rows=1)
    -> Filter: (sbtest5.id between 951186 and 951285)  (cost=20.4 rows=100)
        -> Index range scan on sbtest5 using PRIMARY over (951186 <= id <= 951285)  (cost=20.4 rows=100)


table 6 : explain SELECT SUM(k) FROM sbtest6 WHERE id BETWEEN 6123862 AND 6123961
	-> Aggregate: sum(sbtest6.k)  (cost=43.5 rows=1)
    -> Filter: (sbtest6.id between 6123862 and 6123961)  (cost=20.4 rows=100)
        -> Index range scan on sbtest6 using PRIMARY over (6123862 <= id <= 6123961)  (cost=20.4 rows=100)


table 7 : explain SELECT SUM(k) FROM sbtest7 WHERE id BETWEEN 9187338 AND 9187437
	-> Aggregate: sum(sbtest7.k)  (cost=43.5 rows=1)
    -> Filter: (sbtest7.id between 9187338 and 9187437)  (cost=20.4 rows=100)
        -> Index range scan on sbtest7 using PRIMARY over (9187338 <= id <= 9187437)  (cost=20.4 rows=100)


table 8 : explain SELECT SUM(k) FROM sbtest8 WHERE id BETWEEN 6898472 AND 6898571
	-> Aggregate: sum(sbtest8.k)  (cost=43.5 rows=1)
    -> Filter: (sbtest8.id between 6898472 and 6898571)  (cost=20.4 rows=100)
        -> Index range scan on sbtest8 using PRIMARY over (6898472 <= id <= 6898571)  (cost=20.4 rows=100)


for: sum_ranges
table 1 : explain SELECT SUM(k) FROM sbtest1 WHERE id BETWEEN 3396247 AND 3396346
	-> Aggregate: sum(sbtest1.k)  (cost=43.5 rows=1)
    -> Filter: (sbtest1.id between 3396247 and 3396346)  (cost=20.4 rows=100)
        -> Index range scan on sbtest1 using PRIMARY over (3396247 <= id <= 3396346)  (cost=20.4 rows=100)


table 2 : explain SELECT SUM(k) FROM sbtest2 WHERE id BETWEEN 1445696 AND 1445795
	-> Aggregate: sum(sbtest2.k)  (cost=43.5 rows=1)
    -> Filter: (sbtest2.id between 1445696 and 1445795)  (cost=20.4 rows=100)
        -> Index range scan on sbtest2 using PRIMARY over (1445696 <= id <= 1445795)  (cost=20.4 rows=100)


table 3 : explain SELECT SUM(k) FROM sbtest3 WHERE id BETWEEN 5595783 AND 5595882
	-> Aggregate: sum(sbtest3.k)  (cost=43.5 rows=1)
    -> Filter: (sbtest3.id between 5595783 and 5595882)  (cost=20.4 rows=100)
        -> Index range scan on sbtest3 using PRIMARY over (5595783 <= id <= 5595882)  (cost=20.4 rows=100)


table 4 : explain SELECT SUM(k) FROM sbtest4 WHERE id BETWEEN 1850726 AND 1850825
	-> Aggregate: sum(sbtest4.k)  (cost=43.5 rows=1)
    -> Filter: (sbtest4.id between 1850726 and 1850825)  (cost=20.4 rows=100)
        -> Index range scan on sbtest4 using PRIMARY over (1850726 <= id <= 1850825)  (cost=20.4 rows=100)


table 5 : explain SELECT SUM(k) FROM sbtest5 WHERE id BETWEEN 5117547 AND 5117646
	-> Aggregate: sum(sbtest5.k)  (cost=43.5 rows=1)
    -> Filter: (sbtest5.id between 5117547 and 5117646)  (cost=20.4 rows=100)
        -> Index range scan on sbtest5 using PRIMARY over (5117547 <= id <= 5117646)  (cost=20.4 rows=100)


table 6 : explain SELECT SUM(k) FROM sbtest6 WHERE id BETWEEN 5732715 AND 5732814
	-> Aggregate: sum(sbtest6.k)  (cost=43.5 rows=1)
    -> Filter: (sbtest6.id between 5732715 and 5732814)  (cost=20.4 rows=100)
        -> Index range scan on sbtest6 using PRIMARY over (5732715 <= id <= 5732814)  (cost=20.4 rows=100)


table 7 : explain SELECT SUM(k) FROM sbtest7 WHERE id BETWEEN 9491399 AND 9491498
	-> Aggregate: sum(sbtest7.k)  (cost=43.5 rows=1)
    -> Filter: (sbtest7.id between 9491399 and 9491498)  (cost=20.4 rows=100)
        -> Index range scan on sbtest7 using PRIMARY over (9491399 <= id <= 9491498)  (cost=20.4 rows=100)


table 8 : explain SELECT SUM(k) FROM sbtest8 WHERE id BETWEEN 1329096 AND 1329195
	-> Aggregate: sum(sbtest8.k)  (cost=43.5 rows=1)
    -> Filter: (sbtest8.id between 1329096 and 1329195)  (cost=20.4 rows=100)
        -> Index range scan on sbtest8 using PRIMARY over (1329096 <= id <= 1329195)  (cost=20.4 rows=100)


for: order_ranges
table 1 : explain SELECT c FROM sbtest1 WHERE id BETWEEN 9505516 AND 9505615 ORDER BY c
	-> Sort: sbtest1.c  (cost=20.4 rows=100)
    -> Filter: (sbtest1.id between 9505516 and 9505615)  (cost=20.4 rows=100)
        -> Index range scan on sbtest1 using PRIMARY over (9505516 <= id <= 9505615)  (cost=20.4 rows=100)


table 2 : explain SELECT c FROM sbtest2 WHERE id BETWEEN 7145290 AND 7145389 ORDER BY c
	-> Sort: sbtest2.c  (cost=20.4 rows=100)
    -> Filter: (sbtest2.id between 7145290 and 7145389)  (cost=20.4 rows=100)
        -> Index range scan on sbtest2 using PRIMARY over (7145290 <= id <= 7145389)  (cost=20.4 rows=100)


table 3 : explain SELECT c FROM sbtest3 WHERE id BETWEEN 6743672 AND 6743771 ORDER BY c
	-> Sort: sbtest3.c  (cost=20.4 rows=100)
    -> Filter: (sbtest3.id between 6743672 and 6743771)  (cost=20.4 rows=100)
        -> Index range scan on sbtest3 using PRIMARY over (6743672 <= id <= 6743771)  (cost=20.4 rows=100)


table 4 : explain SELECT c FROM sbtest4 WHERE id BETWEEN 5949110 AND 5949209 ORDER BY c
	-> Sort: sbtest4.c  (cost=20.4 rows=100)
    -> Filter: (sbtest4.id between 5949110 and 5949209)  (cost=20.4 rows=100)
        -> Index range scan on sbtest4 using PRIMARY over (5949110 <= id <= 5949209)  (cost=20.4 rows=100)


table 5 : explain SELECT c FROM sbtest5 WHERE id BETWEEN 6637247 AND 6637346 ORDER BY c
	-> Sort: sbtest5.c  (cost=20.4 rows=100)
    -> Filter: (sbtest5.id between 6637247 and 6637346)  (cost=20.4 rows=100)
        -> Index range scan on sbtest5 using PRIMARY over (6637247 <= id <= 6637346)  (cost=20.4 rows=100)


table 6 : explain SELECT c FROM sbtest6 WHERE id BETWEEN 1469592 AND 1469691 ORDER BY c
	-> Sort: sbtest6.c  (cost=20.4 rows=100)
    -> Filter: (sbtest6.id between 1469592 and 1469691)  (cost=20.4 rows=100)
        -> Index range scan on sbtest6 using PRIMARY over (1469592 <= id <= 1469691)  (cost=20.4 rows=100)


table 7 : explain SELECT c FROM sbtest7 WHERE id BETWEEN 7528807 AND 7528906 ORDER BY c
	-> Sort: sbtest7.c  (cost=20.4 rows=100)
    -> Filter: (sbtest7.id between 7528807 and 7528906)  (cost=20.4 rows=100)
        -> Index range scan on sbtest7 using PRIMARY over (7528807 <= id <= 7528906)  (cost=20.4 rows=100)


table 8 : explain SELECT c FROM sbtest8 WHERE id BETWEEN 1426531 AND 1426630 ORDER BY c
	-> Sort: sbtest8.c  (cost=20.4 rows=100)
    -> Filter: (sbtest8.id between 1426531 and 1426630)  (cost=20.4 rows=100)
        -> Index range scan on sbtest8 using PRIMARY over (1426531 <= id <= 1426630)  (cost=20.4 rows=100)


for: sum_ranges
table 1 : explain SELECT SUM(k) FROM sbtest1 WHERE id BETWEEN 8914825 AND 8914924
	-> Aggregate: sum(sbtest1.k)  (cost=43.5 rows=1)
    -> Filter: (sbtest1.id between 8914825 and 8914924)  (cost=20.4 rows=100)
        -> Index range scan on sbtest1 using PRIMARY over (8914825 <= id <= 8914924)  (cost=20.4 rows=100)


table 2 : explain SELECT SUM(k) FROM sbtest2 WHERE id BETWEEN 1758477 AND 1758576
	-> Aggregate: sum(sbtest2.k)  (cost=43.5 rows=1)
    -> Filter: (sbtest2.id between 1758477 and 1758576)  (cost=20.4 rows=100)
        -> Index range scan on sbtest2 using PRIMARY over (1758477 <= id <= 1758576)  (cost=20.4 rows=100)


table 3 : explain SELECT SUM(k) FROM sbtest3 WHERE id BETWEEN 3939847 AND 3939946
	-> Aggregate: sum(sbtest3.k)  (cost=43.5 rows=1)
    -> Filter: (sbtest3.id between 3939847 and 3939946)  (cost=20.4 rows=100)
        -> Index range scan on sbtest3 using PRIMARY over (3939847 <= id <= 3939946)  (cost=20.4 rows=100)


table 4 : explain SELECT SUM(k) FROM sbtest4 WHERE id BETWEEN 5665597 AND 5665696
	-> Aggregate: sum(sbtest4.k)  (cost=43.5 rows=1)
    -> Filter: (sbtest4.id between 5665597 and 5665696)  (cost=20.4 rows=100)
        -> Index range scan on sbtest4 using PRIMARY over (5665597 <= id <= 5665696)  (cost=20.4 rows=100)


table 5 : explain SELECT SUM(k) FROM sbtest5 WHERE id BETWEEN 323583 AND 323682
	-> Aggregate: sum(sbtest5.k)  (cost=43.5 rows=1)
    -> Filter: (sbtest5.id between 323583 and 323682)  (cost=20.4 rows=100)
        -> Index range scan on sbtest5 using PRIMARY over (323583 <= id <= 323682)  (cost=20.4 rows=100)


table 6 : explain SELECT SUM(k) FROM sbtest6 WHERE id BETWEEN 7967912 AND 7968011
	-> Aggregate: sum(sbtest6.k)  (cost=43.5 rows=1)
    -> Filter: (sbtest6.id between 7967912 and 7968011)  (cost=20.4 rows=100)
        -> Index range scan on sbtest6 using PRIMARY over (7967912 <= id <= 7968011)  (cost=20.4 rows=100)


table 7 : explain SELECT SUM(k) FROM sbtest7 WHERE id BETWEEN 9483823 AND 9483922
	-> Aggregate: sum(sbtest7.k)  (cost=43.5 rows=1)
    -> Filter: (sbtest7.id between 9483823 and 9483922)  (cost=20.4 rows=100)
        -> Index range scan on sbtest7 using PRIMARY over (9483823 <= id <= 9483922)  (cost=20.4 rows=100)


table 8 : explain SELECT SUM(k) FROM sbtest8 WHERE id BETWEEN 3217922 AND 3218021
	-> Aggregate: sum(sbtest8.k)  (cost=43.5 rows=1)
    -> Filter: (sbtest8.id between 3217922 and 3218021)  (cost=20.4 rows=100)
        -> Index range scan on sbtest8 using PRIMARY over (3217922 <= id <= 3218021)  (cost=20.4 rows=100)


for: sum_ranges
table 1 : explain SELECT SUM(k) FROM sbtest1 WHERE id BETWEEN 8808222 AND 8808321
	-> Aggregate: sum(sbtest1.k)  (cost=43.5 rows=1)
    -> Filter: (sbtest1.id between 8808222 and 8808321)  (cost=20.4 rows=100)
        -> Index range scan on sbtest1 using PRIMARY over (8808222 <= id <= 8808321)  (cost=20.4 rows=100)


table 2 : explain SELECT SUM(k) FROM sbtest2 WHERE id BETWEEN 1878660 AND 1878759
	-> Aggregate: sum(sbtest2.k)  (cost=43.5 rows=1)
    -> Filter: (sbtest2.id between 1878660 and 1878759)  (cost=20.4 rows=100)
        -> Index range scan on sbtest2 using PRIMARY over (1878660 <= id <= 1878759)  (cost=20.4 rows=100)


table 3 : explain SELECT SUM(k) FROM sbtest3 WHERE id BETWEEN 486001 AND 486100
	-> Aggregate: sum(sbtest3.k)  (cost=43.5 rows=1)
    -> Filter: (sbtest3.id between 486001 and 486100)  (cost=20.4 rows=100)
        -> Index range scan on sbtest3 using PRIMARY over (486001 <= id <= 486100)  (cost=20.4 rows=100)


table 4 : explain SELECT SUM(k) FROM sbtest4 WHERE id BETWEEN 6947722 AND 6947821
	-> Aggregate: sum(sbtest4.k)  (cost=43.5 rows=1)
    -> Filter: (sbtest4.id between 6947722 and 6947821)  (cost=20.4 rows=100)
        -> Index range scan on sbtest4 using PRIMARY over (6947722 <= id <= 6947821)  (cost=20.4 rows=100)


table 5 : explain SELECT SUM(k) FROM sbtest5 WHERE id BETWEEN 4105834 AND 4105933
	-> Aggregate: sum(sbtest5.k)  (cost=43.5 rows=1)
    -> Filter: (sbtest5.id between 4105834 and 4105933)  (cost=20.4 rows=100)
        -> Index range scan on sbtest5 using PRIMARY over (4105834 <= id <= 4105933)  (cost=20.4 rows=100)


table 6 : explain SELECT SUM(k) FROM sbtest6 WHERE id BETWEEN 3442816 AND 3442915
	-> Aggregate: sum(sbtest6.k)  (cost=43.5 rows=1)
    -> Filter: (sbtest6.id between 3442816 and 3442915)  (cost=20.4 rows=100)
        -> Index range scan on sbtest6 using PRIMARY over (3442816 <= id <= 3442915)  (cost=20.4 rows=100)


table 7 : explain SELECT SUM(k) FROM sbtest7 WHERE id BETWEEN 4534634 AND 4534733
	-> Aggregate: sum(sbtest7.k)  (cost=43.5 rows=1)
    -> Filter: (sbtest7.id between 4534634 and 4534733)  (cost=20.4 rows=100)
        -> Index range scan on sbtest7 using PRIMARY over (4534634 <= id <= 4534733)  (cost=20.4 rows=100)


table 8 : explain SELECT SUM(k) FROM sbtest8 WHERE id BETWEEN 3904068 AND 3904167
	-> Aggregate: sum(sbtest8.k)  (cost=43.5 rows=1)
    -> Filter: (sbtest8.id between 3904068 and 3904167)  (cost=20.4 rows=100)
        -> Index range scan on sbtest8 using PRIMARY over (3904068 <= id <= 3904167)  (cost=20.4 rows=100)


for: sum_ranges
table 1 : explain SELECT SUM(k) FROM sbtest1 WHERE id BETWEEN 981687 AND 981786
	-> Aggregate: sum(sbtest1.k)  (cost=43.5 rows=1)
    -> Filter: (sbtest1.id between 981687 and 981786)  (cost=20.4 rows=100)
        -> Index range scan on sbtest1 using PRIMARY over (981687 <= id <= 981786)  (cost=20.4 rows=100)


table 2 : explain SELECT SUM(k) FROM sbtest2 WHERE id BETWEEN 2022550 AND 2022649
	-> Aggregate: sum(sbtest2.k)  (cost=43.5 rows=1)
    -> Filter: (sbtest2.id between 2022550 and 2022649)  (cost=20.4 rows=100)
        -> Index range scan on sbtest2 using PRIMARY over (2022550 <= id <= 2022649)  (cost=20.4 rows=100)


table 3 : explain SELECT SUM(k) FROM sbtest3 WHERE id BETWEEN 9565247 AND 9565346
	-> Aggregate: sum(sbtest3.k)  (cost=43.5 rows=1)
    -> Filter: (sbtest3.id between 9565247 and 9565346)  (cost=20.4 rows=100)
        -> Index range scan on sbtest3 using PRIMARY over (9565247 <= id <= 9565346)  (cost=20.4 rows=100)


table 4 : explain SELECT SUM(k) FROM sbtest4 WHERE id BETWEEN 3308894 AND 3308993
	-> Aggregate: sum(sbtest4.k)  (cost=43.5 rows=1)
    -> Filter: (sbtest4.id between 3308894 and 3308993)  (cost=20.4 rows=100)
        -> Index range scan on sbtest4 using PRIMARY over (3308894 <= id <= 3308993)  (cost=20.4 rows=100)


table 5 : explain SELECT SUM(k) FROM sbtest5 WHERE id BETWEEN 6194045 AND 6194144
	-> Aggregate: sum(sbtest5.k)  (cost=43.5 rows=1)
    -> Filter: (sbtest5.id between 6194045 and 6194144)  (cost=20.4 rows=100)
        -> Index range scan on sbtest5 using PRIMARY over (6194045 <= id <= 6194144)  (cost=20.4 rows=100)


table 6 : explain SELECT SUM(k) FROM sbtest6 WHERE id BETWEEN 2636305 AND 2636404
	-> Aggregate: sum(sbtest6.k)  (cost=43.5 rows=1)
    -> Filter: (sbtest6.id between 2636305 and 2636404)  (cost=20.4 rows=100)
        -> Index range scan on sbtest6 using PRIMARY over (2636305 <= id <= 2636404)  (cost=20.4 rows=100)


table 7 : explain SELECT SUM(k) FROM sbtest7 WHERE id BETWEEN 2421321 AND 2421420
	-> Aggregate: sum(sbtest7.k)  (cost=43.5 rows=1)
    -> Filter: (sbtest7.id between 2421321 and 2421420)  (cost=20.4 rows=100)
        -> Index range scan on sbtest7 using PRIMARY over (2421321 <= id <= 2421420)  (cost=20.4 rows=100)


table 8 : explain SELECT SUM(k) FROM sbtest8 WHERE id BETWEEN 5597937 AND 5598036
	-> Aggregate: sum(sbtest8.k)  (cost=43.5 rows=1)
    -> Filter: (sbtest8.id between 5597937 and 5598036)  (cost=20.4 rows=100)
        -> Index range scan on sbtest8 using PRIMARY over (5597937 <= id <= 5598036)  (cost=20.4 rows=100)


for: sum_ranges
table 1 : explain SELECT SUM(k) FROM sbtest1 WHERE id BETWEEN 84457 AND 84556
	-> Aggregate: sum(sbtest1.k)  (cost=43.5 rows=1)
    -> Filter: (sbtest1.id between 84457 and 84556)  (cost=20.4 rows=100)
        -> Index range scan on sbtest1 using PRIMARY over (84457 <= id <= 84556)  (cost=20.4 rows=100)


table 2 : explain SELECT SUM(k) FROM sbtest2 WHERE id BETWEEN 4697054 AND 4697153
	-> Aggregate: sum(sbtest2.k)  (cost=43.5 rows=1)
    -> Filter: (sbtest2.id between 4697054 and 4697153)  (cost=20.4 rows=100)
        -> Index range scan on sbtest2 using PRIMARY over (4697054 <= id <= 4697153)  (cost=20.4 rows=100)


table 3 : explain SELECT SUM(k) FROM sbtest3 WHERE id BETWEEN 3821259 AND 3821358
	-> Aggregate: sum(sbtest3.k)  (cost=43.5 rows=1)
    -> Filter: (sbtest3.id between 3821259 and 3821358)  (cost=20.4 rows=100)
        -> Index range scan on sbtest3 using PRIMARY over (3821259 <= id <= 3821358)  (cost=20.4 rows=100)


table 4 : explain SELECT SUM(k) FROM sbtest4 WHERE id BETWEEN 6818899 AND 6818998
	-> Aggregate: sum(sbtest4.k)  (cost=43.5 rows=1)
    -> Filter: (sbtest4.id between 6818899 and 6818998)  (cost=20.4 rows=100)
        -> Index range scan on sbtest4 using PRIMARY over (6818899 <= id <= 6818998)  (cost=20.4 rows=100)


table 5 : explain SELECT SUM(k) FROM sbtest5 WHERE id BETWEEN 4215179 AND 4215278
	-> Aggregate: sum(sbtest5.k)  (cost=43.5 rows=1)
    -> Filter: (sbtest5.id between 4215179 and 4215278)  (cost=20.4 rows=100)
        -> Index range scan on sbtest5 using PRIMARY over (4215179 <= id <= 4215278)  (cost=20.4 rows=100)


table 6 : explain SELECT SUM(k) FROM sbtest6 WHERE id BETWEEN 425586 AND 425685
	-> Aggregate: sum(sbtest6.k)  (cost=43.5 rows=1)
    -> Filter: (sbtest6.id between 425586 and 425685)  (cost=20.4 rows=100)
        -> Index range scan on sbtest6 using PRIMARY over (425586 <= id <= 425685)  (cost=20.4 rows=100)


table 7 : explain SELECT SUM(k) FROM sbtest7 WHERE id BETWEEN 8189590 AND 8189689
	-> Aggregate: sum(sbtest7.k)  (cost=43.5 rows=1)
    -> Filter: (sbtest7.id between 8189590 and 8189689)  (cost=20.4 rows=100)
        -> Index range scan on sbtest7 using PRIMARY over (8189590 <= id <= 8189689)  (cost=20.4 rows=100)


table 8 : explain SELECT SUM(k) FROM sbtest8 WHERE id BETWEEN 4117945 AND 4118044
	-> Aggregate: sum(sbtest8.k)  (cost=43.5 rows=1)
    -> Filter: (sbtest8.id between 4117945 and 4118044)  (cost=20.4 rows=100)
        -> Index range scan on sbtest8 using PRIMARY over (4117945 <= id <= 4118044)  (cost=20.4 rows=100)


for: sum_ranges
table 1 : explain SELECT SUM(k) FROM sbtest1 WHERE id BETWEEN 7137641 AND 7137740
	-> Aggregate: sum(sbtest1.k)  (cost=43.5 rows=1)
    -> Filter: (sbtest1.id between 7137641 and 7137740)  (cost=20.4 rows=100)
        -> Index range scan on sbtest1 using PRIMARY over (7137641 <= id <= 7137740)  (cost=20.4 rows=100)


table 2 : explain SELECT SUM(k) FROM sbtest2 WHERE id BETWEEN 3596955 AND 3597054
	-> Aggregate: sum(sbtest2.k)  (cost=43.5 rows=1)
    -> Filter: (sbtest2.id between 3596955 and 3597054)  (cost=20.4 rows=100)
        -> Index range scan on sbtest2 using PRIMARY over (3596955 <= id <= 3597054)  (cost=20.4 rows=100)


table 3 : explain SELECT SUM(k) FROM sbtest3 WHERE id BETWEEN 2498473 AND 2498572
	-> Aggregate: sum(sbtest3.k)  (cost=43.5 rows=1)
    -> Filter: (sbtest3.id between 2498473 and 2498572)  (cost=20.4 rows=100)
        -> Index range scan on sbtest3 using PRIMARY over (2498473 <= id <= 2498572)  (cost=20.4 rows=100)


table 4 : explain SELECT SUM(k) FROM sbtest4 WHERE id BETWEEN 1639026 AND 1639125
	-> Aggregate: sum(sbtest4.k)  (cost=43.5 rows=1)
    -> Filter: (sbtest4.id between 1639026 and 1639125)  (cost=20.4 rows=100)
        -> Index range scan on sbtest4 using PRIMARY over (1639026 <= id <= 1639125)  (cost=20.4 rows=100)


table 5 : explain SELECT SUM(k) FROM sbtest5 WHERE id BETWEEN 8301164 AND 8301263
	-> Aggregate: sum(sbtest5.k)  (cost=43.5 rows=1)
    -> Filter: (sbtest5.id between 8301164 and 8301263)  (cost=20.4 rows=100)
        -> Index range scan on sbtest5 using PRIMARY over (8301164 <= id <= 8301263)  (cost=20.4 rows=100)


table 6 : explain SELECT SUM(k) FROM sbtest6 WHERE id BETWEEN 233855 AND 233954
	-> Aggregate: sum(sbtest6.k)  (cost=43.5 rows=1)
    -> Filter: (sbtest6.id between 233855 and 233954)  (cost=20.4 rows=100)
        -> Index range scan on sbtest6 using PRIMARY over (233855 <= id <= 233954)  (cost=20.4 rows=100)


table 7 : explain SELECT SUM(k) FROM sbtest7 WHERE id BETWEEN 6487840 AND 6487939
	-> Aggregate: sum(sbtest7.k)  (cost=43.5 rows=1)
    -> Filter: (sbtest7.id between 6487840 and 6487939)  (cost=20.4 rows=100)
        -> Index range scan on sbtest7 using PRIMARY over (6487840 <= id <= 6487939)  (cost=20.4 rows=100)


table 8 : explain SELECT SUM(k) FROM sbtest8 WHERE id BETWEEN 4083719 AND 4083818
	-> Aggregate: sum(sbtest8.k)  (cost=43.5 rows=1)
    -> Filter: (sbtest8.id between 4083719 and 4083818)  (cost=20.4 rows=100)
        -> Index range scan on sbtest8 using PRIMARY over (4083719 <= id <= 4083818)  (cost=20.4 rows=100)


for: sum_ranges
table 1 : explain SELECT SUM(k) FROM sbtest1 WHERE id BETWEEN 6333387 AND 6333486
	-> Aggregate: sum(sbtest1.k)  (cost=43.5 rows=1)
    -> Filter: (sbtest1.id between 6333387 and 6333486)  (cost=20.4 rows=100)
        -> Index range scan on sbtest1 using PRIMARY over (6333387 <= id <= 6333486)  (cost=20.4 rows=100)


table 2 : explain SELECT SUM(k) FROM sbtest2 WHERE id BETWEEN 6661412 AND 6661511
	-> Aggregate: sum(sbtest2.k)  (cost=43.5 rows=1)
    -> Filter: (sbtest2.id between 6661412 and 6661511)  (cost=20.4 rows=100)
        -> Index range scan on sbtest2 using PRIMARY over (6661412 <= id <= 6661511)  (cost=20.4 rows=100)


table 3 : explain SELECT SUM(k) FROM sbtest3 WHERE id BETWEEN 8920395 AND 8920494
	-> Aggregate: sum(sbtest3.k)  (cost=43.5 rows=1)
    -> Filter: (sbtest3.id between 8920395 and 8920494)  (cost=20.4 rows=100)
        -> Index range scan on sbtest3 using PRIMARY over (8920395 <= id <= 8920494)  (cost=20.4 rows=100)


table 4 : explain SELECT SUM(k) FROM sbtest4 WHERE id BETWEEN 9083380 AND 9083479
	-> Aggregate: sum(sbtest4.k)  (cost=43.5 rows=1)
    -> Filter: (sbtest4.id between 9083380 and 9083479)  (cost=20.4 rows=100)
        -> Index range scan on sbtest4 using PRIMARY over (9083380 <= id <= 9083479)  (cost=20.4 rows=100)


table 5 : explain SELECT SUM(k) FROM sbtest5 WHERE id BETWEEN 4406708 AND 4406807
	-> Aggregate: sum(sbtest5.k)  (cost=43.5 rows=1)
    -> Filter: (sbtest5.id between 4406708 and 4406807)  (cost=20.4 rows=100)
        -> Index range scan on sbtest5 using PRIMARY over (4406708 <= id <= 4406807)  (cost=20.4 rows=100)


table 6 : explain SELECT SUM(k) FROM sbtest6 WHERE id BETWEEN 2216356 AND 2216455
	-> Aggregate: sum(sbtest6.k)  (cost=43.5 rows=1)
    -> Filter: (sbtest6.id between 2216356 and 2216455)  (cost=20.4 rows=100)
        -> Index range scan on sbtest6 using PRIMARY over (2216356 <= id <= 2216455)  (cost=20.4 rows=100)


table 7 : explain SELECT SUM(k) FROM sbtest7 WHERE id BETWEEN 6383765 AND 6383864
	-> Aggregate: sum(sbtest7.k)  (cost=43.5 rows=1)
    -> Filter: (sbtest7.id between 6383765 and 6383864)  (cost=20.4 rows=100)
        -> Index range scan on sbtest7 using PRIMARY over (6383765 <= id <= 6383864)  (cost=20.4 rows=100)


table 8 : explain SELECT SUM(k) FROM sbtest8 WHERE id BETWEEN 5588383 AND 5588482
	-> Aggregate: sum(sbtest8.k)  (cost=43.5 rows=1)
    -> Filter: (sbtest8.id between 5588383 and 5588482)  (cost=20.4 rows=100)
        -> Index range scan on sbtest8 using PRIMARY over (5588383 <= id <= 5588482)  (cost=20.4 rows=100)


for: sum_ranges
table 1 : explain SELECT SUM(k) FROM sbtest1 WHERE id BETWEEN 7386343 AND 7386442
	-> Aggregate: sum(sbtest1.k)  (cost=43.5 rows=1)
    -> Filter: (sbtest1.id between 7386343 and 7386442)  (cost=20.4 rows=100)
        -> Index range scan on sbtest1 using PRIMARY over (7386343 <= id <= 7386442)  (cost=20.4 rows=100)


table 2 : explain SELECT SUM(k) FROM sbtest2 WHERE id BETWEEN 8051226 AND 8051325
	-> Aggregate: sum(sbtest2.k)  (cost=43.5 rows=1)
    -> Filter: (sbtest2.id between 8051226 and 8051325)  (cost=20.4 rows=100)
        -> Index range scan on sbtest2 using PRIMARY over (8051226 <= id <= 8051325)  (cost=20.4 rows=100)


table 3 : explain SELECT SUM(k) FROM sbtest3 WHERE id BETWEEN 4547089 AND 4547188
	-> Aggregate: sum(sbtest3.k)  (cost=43.5 rows=1)
    -> Filter: (sbtest3.id between 4547089 and 4547188)  (cost=20.4 rows=100)
        -> Index range scan on sbtest3 using PRIMARY over (4547089 <= id <= 4547188)  (cost=20.4 rows=100)


table 4 : explain SELECT SUM(k) FROM sbtest4 WHERE id BETWEEN 5205638 AND 5205737
	-> Aggregate: sum(sbtest4.k)  (cost=43.5 rows=1)
    -> Filter: (sbtest4.id between 5205638 and 5205737)  (cost=20.4 rows=100)
        -> Index range scan on sbtest4 using PRIMARY over (5205638 <= id <= 5205737)  (cost=20.4 rows=100)


table 5 : explain SELECT SUM(k) FROM sbtest5 WHERE id BETWEEN 5079466 AND 5079565
	-> Aggregate: sum(sbtest5.k)  (cost=43.5 rows=1)
    -> Filter: (sbtest5.id between 5079466 and 5079565)  (cost=20.4 rows=100)
        -> Index range scan on sbtest5 using PRIMARY over (5079466 <= id <= 5079565)  (cost=20.4 rows=100)


table 6 : explain SELECT SUM(k) FROM sbtest6 WHERE id BETWEEN 149141 AND 149240
	-> Aggregate: sum(sbtest6.k)  (cost=43.5 rows=1)
    -> Filter: (sbtest6.id between 149141 and 149240)  (cost=20.4 rows=100)
        -> Index range scan on sbtest6 using PRIMARY over (149141 <= id <= 149240)  (cost=20.4 rows=100)


table 7 : explain SELECT SUM(k) FROM sbtest7 WHERE id BETWEEN 5176126 AND 5176225
	-> Aggregate: sum(sbtest7.k)  (cost=43.5 rows=1)
    -> Filter: (sbtest7.id between 5176126 and 5176225)  (cost=20.4 rows=100)
        -> Index range scan on sbtest7 using PRIMARY over (5176126 <= id <= 5176225)  (cost=20.4 rows=100)


table 8 : explain SELECT SUM(k) FROM sbtest8 WHERE id BETWEEN 5874768 AND 5874867
	-> Aggregate: sum(sbtest8.k)  (cost=43.5 rows=1)
    -> Filter: (sbtest8.id between 5874768 and 5874867)  (cost=20.4 rows=100)
        -> Index range scan on sbtest8 using PRIMARY over (5874768 <= id <= 5874867)  (cost=20.4 rows=100)


for: sum_ranges
table 1 : explain SELECT SUM(k) FROM sbtest1 WHERE id BETWEEN 9543379 AND 9543478
	-> Aggregate: sum(sbtest1.k)  (cost=43.5 rows=1)
    -> Filter: (sbtest1.id between 9543379 and 9543478)  (cost=20.4 rows=100)
        -> Index range scan on sbtest1 using PRIMARY over (9543379 <= id <= 9543478)  (cost=20.4 rows=100)


table 2 : explain SELECT SUM(k) FROM sbtest2 WHERE id BETWEEN 4522472 AND 4522571
	-> Aggregate: sum(sbtest2.k)  (cost=43.5 rows=1)
    -> Filter: (sbtest2.id between 4522472 and 4522571)  (cost=20.4 rows=100)
        -> Index range scan on sbtest2 using PRIMARY over (4522472 <= id <= 4522571)  (cost=20.4 rows=100)


table 3 : explain SELECT SUM(k) FROM sbtest3 WHERE id BETWEEN 7116620 AND 7116719
	-> Aggregate: sum(sbtest3.k)  (cost=43.5 rows=1)
    -> Filter: (sbtest3.id between 7116620 and 7116719)  (cost=20.4 rows=100)
        -> Index range scan on sbtest3 using PRIMARY over (7116620 <= id <= 7116719)  (cost=20.4 rows=100)


table 4 : explain SELECT SUM(k) FROM sbtest4 WHERE id BETWEEN 4177452 AND 4177551
	-> Aggregate: sum(sbtest4.k)  (cost=43.5 rows=1)
    -> Filter: (sbtest4.id between 4177452 and 4177551)  (cost=20.4 rows=100)
        -> Index range scan on sbtest4 using PRIMARY over (4177452 <= id <= 4177551)  (cost=20.4 rows=100)


table 5 : explain SELECT SUM(k) FROM sbtest5 WHERE id BETWEEN 4439168 AND 4439267
	-> Aggregate: sum(sbtest5.k)  (cost=43.5 rows=1)
    -> Filter: (sbtest5.id between 4439168 and 4439267)  (cost=20.4 rows=100)
        -> Index range scan on sbtest5 using PRIMARY over (4439168 <= id <= 4439267)  (cost=20.4 rows=100)


table 6 : explain SELECT SUM(k) FROM sbtest6 WHERE id BETWEEN 2219006 AND 2219105
	-> Aggregate: sum(sbtest6.k)  (cost=43.5 rows=1)
    -> Filter: (sbtest6.id between 2219006 and 2219105)  (cost=20.4 rows=100)
        -> Index range scan on sbtest6 using PRIMARY over (2219006 <= id <= 2219105)  (cost=20.4 rows=100)


table 7 : explain SELECT SUM(k) FROM sbtest7 WHERE id BETWEEN 8129248 AND 8129347
	-> Aggregate: sum(sbtest7.k)  (cost=43.5 rows=1)
    -> Filter: (sbtest7.id between 8129248 and 8129347)  (cost=20.4 rows=100)
        -> Index range scan on sbtest7 using PRIMARY over (8129248 <= id <= 8129347)  (cost=20.4 rows=100)


table 8 : explain SELECT SUM(k) FROM sbtest8 WHERE id BETWEEN 684048 AND 684147
	-> Aggregate: sum(sbtest8.k)  (cost=43.5 rows=1)
    -> Filter: (sbtest8.id between 684048 and 684147)  (cost=20.4 rows=100)
        -> Index range scan on sbtest8 using PRIMARY over (684048 <= id <= 684147)  (cost=20.4 rows=100)


for: sum_ranges
table 1 : explain SELECT SUM(k) FROM sbtest1 WHERE id BETWEEN 5475690 AND 5475789
	-> Aggregate: sum(sbtest1.k)  (cost=43.5 rows=1)
    -> Filter: (sbtest1.id between 5475690 and 5475789)  (cost=20.4 rows=100)
        -> Index range scan on sbtest1 using PRIMARY over (5475690 <= id <= 5475789)  (cost=20.4 rows=100)


table 2 : explain SELECT SUM(k) FROM sbtest2 WHERE id BETWEEN 9016351 AND 9016450
	-> Aggregate: sum(sbtest2.k)  (cost=43.5 rows=1)
    -> Filter: (sbtest2.id between 9016351 and 9016450)  (cost=20.4 rows=100)
        -> Index range scan on sbtest2 using PRIMARY over (9016351 <= id <= 9016450)  (cost=20.4 rows=100)


table 3 : explain SELECT SUM(k) FROM sbtest3 WHERE id BETWEEN 2485424 AND 2485523
	-> Aggregate: sum(sbtest3.k)  (cost=43.5 rows=1)
    -> Filter: (sbtest3.id between 2485424 and 2485523)  (cost=20.4 rows=100)
        -> Index range scan on sbtest3 using PRIMARY over (2485424 <= id <= 2485523)  (cost=20.4 rows=100)


table 4 : explain SELECT SUM(k) FROM sbtest4 WHERE id BETWEEN 641637 AND 641736
	-> Aggregate: sum(sbtest4.k)  (cost=43.5 rows=1)
    -> Filter: (sbtest4.id between 641637 and 641736)  (cost=20.4 rows=100)
        -> Index range scan on sbtest4 using PRIMARY over (641637 <= id <= 641736)  (cost=20.4 rows=100)


table 5 : explain SELECT SUM(k) FROM sbtest5 WHERE id BETWEEN 1278878 AND 1278977
	-> Aggregate: sum(sbtest5.k)  (cost=43.5 rows=1)
    -> Filter: (sbtest5.id between 1278878 and 1278977)  (cost=20.4 rows=100)
        -> Index range scan on sbtest5 using PRIMARY over (1278878 <= id <= 1278977)  (cost=20.4 rows=100)


table 6 : explain SELECT SUM(k) FROM sbtest6 WHERE id BETWEEN 3826649 AND 3826748
	-> Aggregate: sum(sbtest6.k)  (cost=43.5 rows=1)
    -> Filter: (sbtest6.id between 3826649 and 3826748)  (cost=20.4 rows=100)
        -> Index range scan on sbtest6 using PRIMARY over (3826649 <= id <= 3826748)  (cost=20.4 rows=100)


table 7 : explain SELECT SUM(k) FROM sbtest7 WHERE id BETWEEN 6590362 AND 6590461
	-> Aggregate: sum(sbtest7.k)  (cost=43.5 rows=1)
    -> Filter: (sbtest7.id between 6590362 and 6590461)  (cost=20.4 rows=100)
        -> Index range scan on sbtest7 using PRIMARY over (6590362 <= id <= 6590461)  (cost=20.4 rows=100)


table 8 : explain SELECT SUM(k) FROM sbtest8 WHERE id BETWEEN 1193818 AND 1193917
	-> Aggregate: sum(sbtest8.k)  (cost=43.5 rows=1)
    -> Filter: (sbtest8.id between 1193818 and 1193917)  (cost=20.4 rows=100)
        -> Index range scan on sbtest8 using PRIMARY over (1193818 <= id <= 1193917)  (cost=20.4 rows=100)


for: sum_ranges
table 1 : explain SELECT SUM(k) FROM sbtest1 WHERE id BETWEEN 2246425 AND 2246524
	-> Aggregate: sum(sbtest1.k)  (cost=43.5 rows=1)
    -> Filter: (sbtest1.id between 2246425 and 2246524)  (cost=20.4 rows=100)
        -> Index range scan on sbtest1 using PRIMARY over (2246425 <= id <= 2246524)  (cost=20.4 rows=100)


table 2 : explain SELECT SUM(k) FROM sbtest2 WHERE id BETWEEN 6914506 AND 6914605
	-> Aggregate: sum(sbtest2.k)  (cost=43.5 rows=1)
    -> Filter: (sbtest2.id between 6914506 and 6914605)  (cost=20.4 rows=100)
        -> Index range scan on sbtest2 using PRIMARY over (6914506 <= id <= 6914605)  (cost=20.4 rows=100)


table 3 : explain SELECT SUM(k) FROM sbtest3 WHERE id BETWEEN 1683510 AND 1683609
	-> Aggregate: sum(sbtest3.k)  (cost=43.5 rows=1)
    -> Filter: (sbtest3.id between 1683510 and 1683609)  (cost=20.4 rows=100)
        -> Index range scan on sbtest3 using PRIMARY over (1683510 <= id <= 1683609)  (cost=20.4 rows=100)


table 4 : explain SELECT SUM(k) FROM sbtest4 WHERE id BETWEEN 5325382 AND 5325481
	-> Aggregate: sum(sbtest4.k)  (cost=43.5 rows=1)
    -> Filter: (sbtest4.id between 5325382 and 5325481)  (cost=20.4 rows=100)
        -> Index range scan on sbtest4 using PRIMARY over (5325382 <= id <= 5325481)  (cost=20.4 rows=100)


table 5 : explain SELECT SUM(k) FROM sbtest5 WHERE id BETWEEN 1590513 AND 1590612
	-> Aggregate: sum(sbtest5.k)  (cost=43.5 rows=1)
    -> Filter: (sbtest5.id between 1590513 and 1590612)  (cost=20.4 rows=100)
        -> Index range scan on sbtest5 using PRIMARY over (1590513 <= id <= 1590612)  (cost=20.4 rows=100)


table 6 : explain SELECT SUM(k) FROM sbtest6 WHERE id BETWEEN 9294297 AND 9294396
	-> Aggregate: sum(sbtest6.k)  (cost=43.5 rows=1)
    -> Filter: (sbtest6.id between 9294297 and 9294396)  (cost=20.4 rows=100)
        -> Index range scan on sbtest6 using PRIMARY over (9294297 <= id <= 9294396)  (cost=20.4 rows=100)


table 7 : explain SELECT SUM(k) FROM sbtest7 WHERE id BETWEEN 8100616 AND 8100715
	-> Aggregate: sum(sbtest7.k)  (cost=43.5 rows=1)
    -> Filter: (sbtest7.id between 8100616 and 8100715)  (cost=20.4 rows=100)
        -> Index range scan on sbtest7 using PRIMARY over (8100616 <= id <= 8100715)  (cost=20.4 rows=100)


table 8 : explain SELECT SUM(k) FROM sbtest8 WHERE id BETWEEN 4463714 AND 4463813
	-> Aggregate: sum(sbtest8.k)  (cost=43.5 rows=1)
    -> Filter: (sbtest8.id between 4463714 and 4463813)  (cost=20.4 rows=100)
        -> Index range scan on sbtest8 using PRIMARY over (4463714 <= id <= 4463813)  (cost=20.4 rows=100)


for: sum_ranges
table 1 : explain SELECT SUM(k) FROM sbtest1 WHERE id BETWEEN 897687 AND 897786
	-> Aggregate: sum(sbtest1.k)  (cost=43.5 rows=1)
    -> Filter: (sbtest1.id between 897687 and 897786)  (cost=20.4 rows=100)
        -> Index range scan on sbtest1 using PRIMARY over (897687 <= id <= 897786)  (cost=20.4 rows=100)


table 2 : explain SELECT SUM(k) FROM sbtest2 WHERE id BETWEEN 880440 AND 880539
	-> Aggregate: sum(sbtest2.k)  (cost=43.5 rows=1)
    -> Filter: (sbtest2.id between 880440 and 880539)  (cost=20.4 rows=100)
        -> Index range scan on sbtest2 using PRIMARY over (880440 <= id <= 880539)  (cost=20.4 rows=100)


table 3 : explain SELECT SUM(k) FROM sbtest3 WHERE id BETWEEN 531503 AND 531602
	-> Aggregate: sum(sbtest3.k)  (cost=43.5 rows=1)
    -> Filter: (sbtest3.id between 531503 and 531602)  (cost=20.4 rows=100)
        -> Index range scan on sbtest3 using PRIMARY over (531503 <= id <= 531602)  (cost=20.4 rows=100)


table 4 : explain SELECT SUM(k) FROM sbtest4 WHERE id BETWEEN 266987 AND 267086
	-> Aggregate: sum(sbtest4.k)  (cost=43.5 rows=1)
    -> Filter: (sbtest4.id between 266987 and 267086)  (cost=20.4 rows=100)
        -> Index range scan on sbtest4 using PRIMARY over (266987 <= id <= 267086)  (cost=20.4 rows=100)


table 5 : explain SELECT SUM(k) FROM sbtest5 WHERE id BETWEEN 8162531 AND 8162630
	-> Aggregate: sum(sbtest5.k)  (cost=43.5 rows=1)
    -> Filter: (sbtest5.id between 8162531 and 8162630)  (cost=20.4 rows=100)
        -> Index range scan on sbtest5 using PRIMARY over (8162531 <= id <= 8162630)  (cost=20.4 rows=100)


table 6 : explain SELECT SUM(k) FROM sbtest6 WHERE id BETWEEN 6203891 AND 6203990
	-> Aggregate: sum(sbtest6.k)  (cost=43.5 rows=1)
    -> Filter: (sbtest6.id between 6203891 and 6203990)  (cost=20.4 rows=100)
        -> Index range scan on sbtest6 using PRIMARY over (6203891 <= id <= 6203990)  (cost=20.4 rows=100)


table 7 : explain SELECT SUM(k) FROM sbtest7 WHERE id BETWEEN 3725304 AND 3725403
	-> Aggregate: sum(sbtest7.k)  (cost=43.5 rows=1)
    -> Filter: (sbtest7.id between 3725304 and 3725403)  (cost=20.4 rows=100)
        -> Index range scan on sbtest7 using PRIMARY over (3725304 <= id <= 3725403)  (cost=20.4 rows=100)


table 8 : explain SELECT SUM(k) FROM sbtest8 WHERE id BETWEEN 2723295 AND 2723394
	-> Aggregate: sum(sbtest8.k)  (cost=43.5 rows=1)
    -> Filter: (sbtest8.id between 2723295 and 2723394)  (cost=20.4 rows=100)
        -> Index range scan on sbtest8 using PRIMARY over (2723295 <= id <= 2723394)  (cost=20.4 rows=100)


for: order_ranges
table 1 : explain SELECT c FROM sbtest1 WHERE id BETWEEN 7367287 AND 7367386 ORDER BY c
	-> Sort: sbtest1.c  (cost=20.4 rows=100)
    -> Filter: (sbtest1.id between 7367287 and 7367386)  (cost=20.4 rows=100)
        -> Index range scan on sbtest1 using PRIMARY over (7367287 <= id <= 7367386)  (cost=20.4 rows=100)


table 2 : explain SELECT c FROM sbtest2 WHERE id BETWEEN 1268116 AND 1268215 ORDER BY c
	-> Sort: sbtest2.c  (cost=20.4 rows=100)
    -> Filter: (sbtest2.id between 1268116 and 1268215)  (cost=20.4 rows=100)
        -> Index range scan on sbtest2 using PRIMARY over (1268116 <= id <= 1268215)  (cost=20.4 rows=100)


table 3 : explain SELECT c FROM sbtest3 WHERE id BETWEEN 3421529 AND 3421628 ORDER BY c
	-> Sort: sbtest3.c  (cost=20.4 rows=100)
    -> Filter: (sbtest3.id between 3421529 and 3421628)  (cost=20.4 rows=100)
        -> Index range scan on sbtest3 using PRIMARY over (3421529 <= id <= 3421628)  (cost=20.4 rows=100)


table 4 : explain SELECT c FROM sbtest4 WHERE id BETWEEN 4538982 AND 4539081 ORDER BY c
	-> Sort: sbtest4.c  (cost=20.4 rows=100)
    -> Filter: (sbtest4.id between 4538982 and 4539081)  (cost=20.4 rows=100)
        -> Index range scan on sbtest4 using PRIMARY over (4538982 <= id <= 4539081)  (cost=20.4 rows=100)


table 5 : explain SELECT c FROM sbtest5 WHERE id BETWEEN 5193119 AND 5193218 ORDER BY c
	-> Sort: sbtest5.c  (cost=20.4 rows=100)
    -> Filter: (sbtest5.id between 5193119 and 5193218)  (cost=20.4 rows=100)
        -> Index range scan on sbtest5 using PRIMARY over (5193119 <= id <= 5193218)  (cost=20.4 rows=100)


table 6 : explain SELECT c FROM sbtest6 WHERE id BETWEEN 1556482 AND 1556581 ORDER BY c
	-> Sort: sbtest6.c  (cost=20.4 rows=100)
    -> Filter: (sbtest6.id between 1556482 and 1556581)  (cost=20.4 rows=100)
        -> Index range scan on sbtest6 using PRIMARY over (1556482 <= id <= 1556581)  (cost=20.4 rows=100)


table 7 : explain SELECT c FROM sbtest7 WHERE id BETWEEN 8122438 AND 8122537 ORDER BY c
	-> Sort: sbtest7.c  (cost=20.4 rows=100)
    -> Filter: (sbtest7.id between 8122438 and 8122537)  (cost=20.4 rows=100)
        -> Index range scan on sbtest7 using PRIMARY over (8122438 <= id <= 8122537)  (cost=20.4 rows=100)


table 8 : explain SELECT c FROM sbtest8 WHERE id BETWEEN 1528877 AND 1528976 ORDER BY c
	-> Sort: sbtest8.c  (cost=20.4 rows=100)
    -> Filter: (sbtest8.id between 1528877 and 1528976)  (cost=20.4 rows=100)
        -> Index range scan on sbtest8 using PRIMARY over (1528877 <= id <= 1528976)  (cost=20.4 rows=100)


for: sum_ranges
table 1 : explain SELECT SUM(k) FROM sbtest1 WHERE id BETWEEN 6123781 AND 6123880
	-> Aggregate: sum(sbtest1.k)  (cost=43.5 rows=1)
    -> Filter: (sbtest1.id between 6123781 and 6123880)  (cost=20.4 rows=100)
        -> Index range scan on sbtest1 using PRIMARY over (6123781 <= id <= 6123880)  (cost=20.4 rows=100)


table 2 : explain SELECT SUM(k) FROM sbtest2 WHERE id BETWEEN 5497651 AND 5497750
	-> Aggregate: sum(sbtest2.k)  (cost=43.5 rows=1)
    -> Filter: (sbtest2.id between 5497651 and 5497750)  (cost=20.4 rows=100)
        -> Index range scan on sbtest2 using PRIMARY over (5497651 <= id <= 5497750)  (cost=20.4 rows=100)


table 3 : explain SELECT SUM(k) FROM sbtest3 WHERE id BETWEEN 1282486 AND 1282585
	-> Aggregate: sum(sbtest3.k)  (cost=43.5 rows=1)
    -> Filter: (sbtest3.id between 1282486 and 1282585)  (cost=20.4 rows=100)
        -> Index range scan on sbtest3 using PRIMARY over (1282486 <= id <= 1282585)  (cost=20.4 rows=100)


table 4 : explain SELECT SUM(k) FROM sbtest4 WHERE id BETWEEN 526886 AND 526985
	-> Aggregate: sum(sbtest4.k)  (cost=43.5 rows=1)
    -> Filter: (sbtest4.id between 526886 and 526985)  (cost=20.4 rows=100)
        -> Index range scan on sbtest4 using PRIMARY over (526886 <= id <= 526985)  (cost=20.4 rows=100)


table 5 : explain SELECT SUM(k) FROM sbtest5 WHERE id BETWEEN 4835971 AND 4836070
	-> Aggregate: sum(sbtest5.k)  (cost=43.5 rows=1)
    -> Filter: (sbtest5.id between 4835971 and 4836070)  (cost=20.4 rows=100)
        -> Index range scan on sbtest5 using PRIMARY over (4835971 <= id <= 4836070)  (cost=20.4 rows=100)


table 6 : explain SELECT SUM(k) FROM sbtest6 WHERE id BETWEEN 7133042 AND 7133141
	-> Aggregate: sum(sbtest6.k)  (cost=43.5 rows=1)
    -> Filter: (sbtest6.id between 7133042 and 7133141)  (cost=20.4 rows=100)
        -> Index range scan on sbtest6 using PRIMARY over (7133042 <= id <= 7133141)  (cost=20.4 rows=100)


table 7 : explain SELECT SUM(k) FROM sbtest7 WHERE id BETWEEN 4802147 AND 4802246
	-> Aggregate: sum(sbtest7.k)  (cost=43.5 rows=1)
    -> Filter: (sbtest7.id between 4802147 and 4802246)  (cost=20.4 rows=100)
        -> Index range scan on sbtest7 using PRIMARY over (4802147 <= id <= 4802246)  (cost=20.4 rows=100)


table 8 : explain SELECT SUM(k) FROM sbtest8 WHERE id BETWEEN 9832677 AND 9832776
	-> Aggregate: sum(sbtest8.k)  (cost=43.5 rows=1)
    -> Filter: (sbtest8.id between 9832677 and 9832776)  (cost=20.4 rows=100)
        -> Index range scan on sbtest8 using PRIMARY over (9832677 <= id <= 9832776)  (cost=20.4 rows=100)


for: order_ranges
table 1 : explain SELECT c FROM sbtest1 WHERE id BETWEEN 4521409 AND 4521508 ORDER BY c
	-> Sort: sbtest1.c  (cost=20.4 rows=100)
    -> Filter: (sbtest1.id between 4521409 and 4521508)  (cost=20.4 rows=100)
        -> Index range scan on sbtest1 using PRIMARY over (4521409 <= id <= 4521508)  (cost=20.4 rows=100)


table 2 : explain SELECT c FROM sbtest2 WHERE id BETWEEN 5876645 AND 5876744 ORDER BY c
	-> Sort: sbtest2.c  (cost=20.4 rows=100)
    -> Filter: (sbtest2.id between 5876645 and 5876744)  (cost=20.4 rows=100)
        -> Index range scan on sbtest2 using PRIMARY over (5876645 <= id <= 5876744)  (cost=20.4 rows=100)


table 3 : explain SELECT c FROM sbtest3 WHERE id BETWEEN 5397150 AND 5397249 ORDER BY c
	-> Sort: sbtest3.c  (cost=20.4 rows=100)
    -> Filter: (sbtest3.id between 5397150 and 5397249)  (cost=20.4 rows=100)
        -> Index range scan on sbtest3 using PRIMARY over (5397150 <= id <= 5397249)  (cost=20.4 rows=100)


table 4 : explain SELECT c FROM sbtest4 WHERE id BETWEEN 1718145 AND 1718244 ORDER BY c
	-> Sort: sbtest4.c  (cost=20.4 rows=100)
    -> Filter: (sbtest4.id between 1718145 and 1718244)  (cost=20.4 rows=100)
        -> Index range scan on sbtest4 using PRIMARY over (1718145 <= id <= 1718244)  (cost=20.4 rows=100)


table 5 : explain SELECT c FROM sbtest5 WHERE id BETWEEN 9600685 AND 9600784 ORDER BY c
	-> Sort: sbtest5.c  (cost=20.4 rows=100)
    -> Filter: (sbtest5.id between 9600685 and 9600784)  (cost=20.4 rows=100)
        -> Index range scan on sbtest5 using PRIMARY over (9600685 <= id <= 9600784)  (cost=20.4 rows=100)


table 6 : explain SELECT c FROM sbtest6 WHERE id BETWEEN 2500369 AND 2500468 ORDER BY c
	-> Sort: sbtest6.c  (cost=20.4 rows=100)
    -> Filter: (sbtest6.id between 2500369 and 2500468)  (cost=20.4 rows=100)
        -> Index range scan on sbtest6 using PRIMARY over (2500369 <= id <= 2500468)  (cost=20.4 rows=100)


table 7 : explain SELECT c FROM sbtest7 WHERE id BETWEEN 1816564 AND 1816663 ORDER BY c
	-> Sort: sbtest7.c  (cost=20.4 rows=100)
    -> Filter: (sbtest7.id between 1816564 and 1816663)  (cost=20.4 rows=100)
        -> Index range scan on sbtest7 using PRIMARY over (1816564 <= id <= 1816663)  (cost=20.4 rows=100)


table 8 : explain SELECT c FROM sbtest8 WHERE id BETWEEN 1555301 AND 1555400 ORDER BY c
	-> Sort: sbtest8.c  (cost=20.4 rows=100)
    -> Filter: (sbtest8.id between 1555301 and 1555400)  (cost=20.4 rows=100)
        -> Index range scan on sbtest8 using PRIMARY over (1555301 <= id <= 1555400)  (cost=20.4 rows=100)


for: order_ranges
table 1 : explain SELECT c FROM sbtest1 WHERE id BETWEEN 1143043 AND 1143142 ORDER BY c
	-> Sort: sbtest1.c  (cost=20.4 rows=100)
    -> Filter: (sbtest1.id between 1143043 and 1143142)  (cost=20.4 rows=100)
        -> Index range scan on sbtest1 using PRIMARY over (1143043 <= id <= 1143142)  (cost=20.4 rows=100)


table 2 : explain SELECT c FROM sbtest2 WHERE id BETWEEN 7823448 AND 7823547 ORDER BY c
	-> Sort: sbtest2.c  (cost=20.4 rows=100)
    -> Filter: (sbtest2.id between 7823448 and 7823547)  (cost=20.4 rows=100)
        -> Index range scan on sbtest2 using PRIMARY over (7823448 <= id <= 7823547)  (cost=20.4 rows=100)


table 3 : explain SELECT c FROM sbtest3 WHERE id BETWEEN 9893654 AND 9893753 ORDER BY c
	-> Sort: sbtest3.c  (cost=20.4 rows=100)
    -> Filter: (sbtest3.id between 9893654 and 9893753)  (cost=20.4 rows=100)
        -> Index range scan on sbtest3 using PRIMARY over (9893654 <= id <= 9893753)  (cost=20.4 rows=100)


table 4 : explain SELECT c FROM sbtest4 WHERE id BETWEEN 6532303 AND 6532402 ORDER BY c
	-> Sort: sbtest4.c  (cost=20.4 rows=100)
    -> Filter: (sbtest4.id between 6532303 and 6532402)  (cost=20.4 rows=100)
        -> Index range scan on sbtest4 using PRIMARY over (6532303 <= id <= 6532402)  (cost=20.4 rows=100)


table 5 : explain SELECT c FROM sbtest5 WHERE id BETWEEN 6663122 AND 6663221 ORDER BY c
	-> Sort: sbtest5.c  (cost=20.4 rows=100)
    -> Filter: (sbtest5.id between 6663122 and 6663221)  (cost=20.4 rows=100)
        -> Index range scan on sbtest5 using PRIMARY over (6663122 <= id <= 6663221)  (cost=20.4 rows=100)


table 6 : explain SELECT c FROM sbtest6 WHERE id BETWEEN 9855509 AND 9855608 ORDER BY c
	-> Sort: sbtest6.c  (cost=20.4 rows=100)
    -> Filter: (sbtest6.id between 9855509 and 9855608)  (cost=20.4 rows=100)
        -> Index range scan on sbtest6 using PRIMARY over (9855509 <= id <= 9855608)  (cost=20.4 rows=100)


table 7 : explain SELECT c FROM sbtest7 WHERE id BETWEEN 4027613 AND 4027712 ORDER BY c
	-> Sort: sbtest7.c  (cost=20.4 rows=100)
    -> Filter: (sbtest7.id between 4027613 and 4027712)  (cost=20.4 rows=100)
        -> Index range scan on sbtest7 using PRIMARY over (4027613 <= id <= 4027712)  (cost=20.4 rows=100)


table 8 : explain SELECT c FROM sbtest8 WHERE id BETWEEN 4318315 AND 4318414 ORDER BY c
	-> Sort: sbtest8.c  (cost=20.4 rows=100)
    -> Filter: (sbtest8.id between 4318315 and 4318414)  (cost=20.4 rows=100)
        -> Index range scan on sbtest8 using PRIMARY over (4318315 <= id <= 4318414)  (cost=20.4 rows=100)


for: order_ranges
table 1 : explain SELECT c FROM sbtest1 WHERE id BETWEEN 8426995 AND 8427094 ORDER BY c
	-> Sort: sbtest1.c  (cost=20.4 rows=100)
    -> Filter: (sbtest1.id between 8426995 and 8427094)  (cost=20.4 rows=100)
        -> Index range scan on sbtest1 using PRIMARY over (8426995 <= id <= 8427094)  (cost=20.4 rows=100)


table 2 : explain SELECT c FROM sbtest2 WHERE id BETWEEN 7346489 AND 7346588 ORDER BY c
	-> Sort: sbtest2.c  (cost=20.4 rows=100)
    -> Filter: (sbtest2.id between 7346489 and 7346588)  (cost=20.4 rows=100)
        -> Index range scan on sbtest2 using PRIMARY over (7346489 <= id <= 7346588)  (cost=20.4 rows=100)


table 3 : explain SELECT c FROM sbtest3 WHERE id BETWEEN 2471863 AND 2471962 ORDER BY c
	-> Sort: sbtest3.c  (cost=20.4 rows=100)
    -> Filter: (sbtest3.id between 2471863 and 2471962)  (cost=20.4 rows=100)
        -> Index range scan on sbtest3 using PRIMARY over (2471863 <= id <= 2471962)  (cost=20.4 rows=100)


table 4 : explain SELECT c FROM sbtest4 WHERE id BETWEEN 1239612 AND 1239711 ORDER BY c
	-> Sort: sbtest4.c  (cost=20.4 rows=100)
    -> Filter: (sbtest4.id between 1239612 and 1239711)  (cost=20.4 rows=100)
        -> Index range scan on sbtest4 using PRIMARY over (1239612 <= id <= 1239711)  (cost=20.4 rows=100)


table 5 : explain SELECT c FROM sbtest5 WHERE id BETWEEN 9334414 AND 9334513 ORDER BY c
	-> Sort: sbtest5.c  (cost=20.4 rows=100)
    -> Filter: (sbtest5.id between 9334414 and 9334513)  (cost=20.4 rows=100)
        -> Index range scan on sbtest5 using PRIMARY over (9334414 <= id <= 9334513)  (cost=20.4 rows=100)


table 6 : explain SELECT c FROM sbtest6 WHERE id BETWEEN 6126641 AND 6126740 ORDER BY c
	-> Sort: sbtest6.c  (cost=20.4 rows=100)
    -> Filter: (sbtest6.id between 6126641 and 6126740)  (cost=20.4 rows=100)
        -> Index range scan on sbtest6 using PRIMARY over (6126641 <= id <= 6126740)  (cost=20.4 rows=100)


table 7 : explain SELECT c FROM sbtest7 WHERE id BETWEEN 6459492 AND 6459591 ORDER BY c
	-> Sort: sbtest7.c  (cost=20.4 rows=100)
    -> Filter: (sbtest7.id between 6459492 and 6459591)  (cost=20.4 rows=100)
        -> Index range scan on sbtest7 using PRIMARY over (6459492 <= id <= 6459591)  (cost=20.4 rows=100)


table 8 : explain SELECT c FROM sbtest8 WHERE id BETWEEN 6077898 AND 6077997 ORDER BY c
	-> Sort: sbtest8.c  (cost=20.4 rows=100)
    -> Filter: (sbtest8.id between 6077898 and 6077997)  (cost=20.4 rows=100)
        -> Index range scan on sbtest8 using PRIMARY over (6077898 <= id <= 6077997)  (cost=20.4 rows=100)


for: order_ranges
table 1 : explain SELECT c FROM sbtest1 WHERE id BETWEEN 3087782 AND 3087881 ORDER BY c
	-> Sort: sbtest1.c  (cost=20.4 rows=100)
    -> Filter: (sbtest1.id between 3087782 and 3087881)  (cost=20.4 rows=100)
        -> Index range scan on sbtest1 using PRIMARY over (3087782 <= id <= 3087881)  (cost=20.4 rows=100)


table 2 : explain SELECT c FROM sbtest2 WHERE id BETWEEN 6936911 AND 6937010 ORDER BY c
	-> Sort: sbtest2.c  (cost=20.4 rows=100)
    -> Filter: (sbtest2.id between 6936911 and 6937010)  (cost=20.4 rows=100)
        -> Index range scan on sbtest2 using PRIMARY over (6936911 <= id <= 6937010)  (cost=20.4 rows=100)


table 3 : explain SELECT c FROM sbtest3 WHERE id BETWEEN 8720065 AND 8720164 ORDER BY c
	-> Sort: sbtest3.c  (cost=20.4 rows=100)
    -> Filter: (sbtest3.id between 8720065 and 8720164)  (cost=20.4 rows=100)
        -> Index range scan on sbtest3 using PRIMARY over (8720065 <= id <= 8720164)  (cost=20.4 rows=100)


table 4 : explain SELECT c FROM sbtest4 WHERE id BETWEEN 9364048 AND 9364147 ORDER BY c
	-> Sort: sbtest4.c  (cost=20.4 rows=100)
    -> Filter: (sbtest4.id between 9364048 and 9364147)  (cost=20.4 rows=100)
        -> Index range scan on sbtest4 using PRIMARY over (9364048 <= id <= 9364147)  (cost=20.4 rows=100)


table 5 : explain SELECT c FROM sbtest5 WHERE id BETWEEN 9561281 AND 9561380 ORDER BY c
	-> Sort: sbtest5.c  (cost=20.4 rows=100)
    -> Filter: (sbtest5.id between 9561281 and 9561380)  (cost=20.4 rows=100)
        -> Index range scan on sbtest5 using PRIMARY over (9561281 <= id <= 9561380)  (cost=20.4 rows=100)


table 6 : explain SELECT c FROM sbtest6 WHERE id BETWEEN 1843401 AND 1843500 ORDER BY c
	-> Sort: sbtest6.c  (cost=20.4 rows=100)
    -> Filter: (sbtest6.id between 1843401 and 1843500)  (cost=20.4 rows=100)
        -> Index range scan on sbtest6 using PRIMARY over (1843401 <= id <= 1843500)  (cost=20.4 rows=100)


table 7 : explain SELECT c FROM sbtest7 WHERE id BETWEEN 6513558 AND 6513657 ORDER BY c
	-> Sort: sbtest7.c  (cost=20.4 rows=100)
    -> Filter: (sbtest7.id between 6513558 and 6513657)  (cost=20.4 rows=100)
        -> Index range scan on sbtest7 using PRIMARY over (6513558 <= id <= 6513657)  (cost=20.4 rows=100)


table 8 : explain SELECT c FROM sbtest8 WHERE id BETWEEN 1380395 AND 1380494 ORDER BY c
	-> Sort: sbtest8.c  (cost=20.4 rows=100)
    -> Filter: (sbtest8.id between 1380395 and 1380494)  (cost=20.4 rows=100)
        -> Index range scan on sbtest8 using PRIMARY over (1380395 <= id <= 1380494)  (cost=20.4 rows=100)


for: order_ranges
table 1 : explain SELECT c FROM sbtest1 WHERE id BETWEEN 8016067 AND 8016166 ORDER BY c
	-> Sort: sbtest1.c  (cost=20.4 rows=100)
    -> Filter: (sbtest1.id between 8016067 and 8016166)  (cost=20.4 rows=100)
        -> Index range scan on sbtest1 using PRIMARY over (8016067 <= id <= 8016166)  (cost=20.4 rows=100)


table 2 : explain SELECT c FROM sbtest2 WHERE id BETWEEN 2754538 AND 2754637 ORDER BY c
	-> Sort: sbtest2.c  (cost=20.4 rows=100)
    -> Filter: (sbtest2.id between 2754538 and 2754637)  (cost=20.4 rows=100)
        -> Index range scan on sbtest2 using PRIMARY over (2754538 <= id <= 2754637)  (cost=20.4 rows=100)


table 3 : explain SELECT c FROM sbtest3 WHERE id BETWEEN 4617434 AND 4617533 ORDER BY c
	-> Sort: sbtest3.c  (cost=20.4 rows=100)
    -> Filter: (sbtest3.id between 4617434 and 4617533)  (cost=20.4 rows=100)
        -> Index range scan on sbtest3 using PRIMARY over (4617434 <= id <= 4617533)  (cost=20.4 rows=100)


table 4 : explain SELECT c FROM sbtest4 WHERE id BETWEEN 9133820 AND 9133919 ORDER BY c
	-> Sort: sbtest4.c  (cost=20.4 rows=100)
    -> Filter: (sbtest4.id between 9133820 and 9133919)  (cost=20.4 rows=100)
        -> Index range scan on sbtest4 using PRIMARY over (9133820 <= id <= 9133919)  (cost=20.4 rows=100)


table 5 : explain SELECT c FROM sbtest5 WHERE id BETWEEN 7283270 AND 7283369 ORDER BY c
	-> Sort: sbtest5.c  (cost=20.4 rows=100)
    -> Filter: (sbtest5.id between 7283270 and 7283369)  (cost=20.4 rows=100)
        -> Index range scan on sbtest5 using PRIMARY over (7283270 <= id <= 7283369)  (cost=20.4 rows=100)


table 6 : explain SELECT c FROM sbtest6 WHERE id BETWEEN 3317379 AND 3317478 ORDER BY c
	-> Sort: sbtest6.c  (cost=20.4 rows=100)
    -> Filter: (sbtest6.id between 3317379 and 3317478)  (cost=20.4 rows=100)
        -> Index range scan on sbtest6 using PRIMARY over (3317379 <= id <= 3317478)  (cost=20.4 rows=100)


table 7 : explain SELECT c FROM sbtest7 WHERE id BETWEEN 6138505 AND 6138604 ORDER BY c
	-> Sort: sbtest7.c  (cost=20.4 rows=100)
    -> Filter: (sbtest7.id between 6138505 and 6138604)  (cost=20.4 rows=100)
        -> Index range scan on sbtest7 using PRIMARY over (6138505 <= id <= 6138604)  (cost=20.4 rows=100)


table 8 : explain SELECT c FROM sbtest8 WHERE id BETWEEN 4728761 AND 4728860 ORDER BY c
	-> Sort: sbtest8.c  (cost=20.4 rows=100)
    -> Filter: (sbtest8.id between 4728761 and 4728860)  (cost=20.4 rows=100)
        -> Index range scan on sbtest8 using PRIMARY over (4728761 <= id <= 4728860)  (cost=20.4 rows=100)


for: sum_ranges
table 1 : explain SELECT SUM(k) FROM sbtest1 WHERE id BETWEEN 5350113 AND 5350212
	-> Aggregate: sum(sbtest1.k)  (cost=43.5 rows=1)
    -> Filter: (sbtest1.id between 5350113 and 5350212)  (cost=20.4 rows=100)
        -> Index range scan on sbtest1 using PRIMARY over (5350113 <= id <= 5350212)  (cost=20.4 rows=100)


table 2 : explain SELECT SUM(k) FROM sbtest2 WHERE id BETWEEN 8964575 AND 8964674
	-> Aggregate: sum(sbtest2.k)  (cost=43.5 rows=1)
    -> Filter: (sbtest2.id between 8964575 and 8964674)  (cost=20.4 rows=100)
        -> Index range scan on sbtest2 using PRIMARY over (8964575 <= id <= 8964674)  (cost=20.4 rows=100)


table 3 : explain SELECT SUM(k) FROM sbtest3 WHERE id BETWEEN 2983037 AND 2983136
	-> Aggregate: sum(sbtest3.k)  (cost=43.5 rows=1)
    -> Filter: (sbtest3.id between 2983037 and 2983136)  (cost=20.4 rows=100)
        -> Index range scan on sbtest3 using PRIMARY over (2983037 <= id <= 2983136)  (cost=20.4 rows=100)


table 4 : explain SELECT SUM(k) FROM sbtest4 WHERE id BETWEEN 5540711 AND 5540810
	-> Aggregate: sum(sbtest4.k)  (cost=43.5 rows=1)
    -> Filter: (sbtest4.id between 5540711 and 5540810)  (cost=20.4 rows=100)
        -> Index range scan on sbtest4 using PRIMARY over (5540711 <= id <= 5540810)  (cost=20.4 rows=100)


table 5 : explain SELECT SUM(k) FROM sbtest5 WHERE id BETWEEN 1569965 AND 1570064
	-> Aggregate: sum(sbtest5.k)  (cost=43.5 rows=1)
    -> Filter: (sbtest5.id between 1569965 and 1570064)  (cost=20.4 rows=100)
        -> Index range scan on sbtest5 using PRIMARY over (1569965 <= id <= 1570064)  (cost=20.4 rows=100)


table 6 : explain SELECT SUM(k) FROM sbtest6 WHERE id BETWEEN 2029909 AND 2030008
	-> Aggregate: sum(sbtest6.k)  (cost=43.5 rows=1)
    -> Filter: (sbtest6.id between 2029909 and 2030008)  (cost=20.4 rows=100)
        -> Index range scan on sbtest6 using PRIMARY over (2029909 <= id <= 2030008)  (cost=20.4 rows=100)


table 7 : explain SELECT SUM(k) FROM sbtest7 WHERE id BETWEEN 5600749 AND 5600848
	-> Aggregate: sum(sbtest7.k)  (cost=43.5 rows=1)
    -> Filter: (sbtest7.id between 5600749 and 5600848)  (cost=20.4 rows=100)
        -> Index range scan on sbtest7 using PRIMARY over (5600749 <= id <= 5600848)  (cost=20.4 rows=100)


table 8 : explain SELECT SUM(k) FROM sbtest8 WHERE id BETWEEN 7027690 AND 7027789
	-> Aggregate: sum(sbtest8.k)  (cost=43.5 rows=1)
    -> Filter: (sbtest8.id between 7027690 and 7027789)  (cost=20.4 rows=100)
        -> Index range scan on sbtest8 using PRIMARY over (7027690 <= id <= 7027789)  (cost=20.4 rows=100)


for: order_ranges
table 1 : explain SELECT c FROM sbtest1 WHERE id BETWEEN 224465 AND 224564 ORDER BY c
	-> Sort: sbtest1.c  (cost=20.4 rows=100)
    -> Filter: (sbtest1.id between 224465 and 224564)  (cost=20.4 rows=100)
        -> Index range scan on sbtest1 using PRIMARY over (224465 <= id <= 224564)  (cost=20.4 rows=100)


table 2 : explain SELECT c FROM sbtest2 WHERE id BETWEEN 2697557 AND 2697656 ORDER BY c
	-> Sort: sbtest2.c  (cost=20.4 rows=100)
    -> Filter: (sbtest2.id between 2697557 and 2697656)  (cost=20.4 rows=100)
        -> Index range scan on sbtest2 using PRIMARY over (2697557 <= id <= 2697656)  (cost=20.4 rows=100)


table 3 : explain SELECT c FROM sbtest3 WHERE id BETWEEN 7047684 AND 7047783 ORDER BY c
	-> Sort: sbtest3.c  (cost=20.4 rows=100)
    -> Filter: (sbtest3.id between 7047684 and 7047783)  (cost=20.4 rows=100)
        -> Index range scan on sbtest3 using PRIMARY over (7047684 <= id <= 7047783)  (cost=20.4 rows=100)


table 4 : explain SELECT c FROM sbtest4 WHERE id BETWEEN 8014719 AND 8014818 ORDER BY c
	-> Sort: sbtest4.c  (cost=20.4 rows=100)
    -> Filter: (sbtest4.id between 8014719 and 8014818)  (cost=20.4 rows=100)
        -> Index range scan on sbtest4 using PRIMARY over (8014719 <= id <= 8014818)  (cost=20.4 rows=100)


table 5 : explain SELECT c FROM sbtest5 WHERE id BETWEEN 9407627 AND 9407726 ORDER BY c
	-> Sort: sbtest5.c  (cost=20.4 rows=100)
    -> Filter: (sbtest5.id between 9407627 and 9407726)  (cost=20.4 rows=100)
        -> Index range scan on sbtest5 using PRIMARY over (9407627 <= id <= 9407726)  (cost=20.4 rows=100)


table 6 : explain SELECT c FROM sbtest6 WHERE id BETWEEN 6253479 AND 6253578 ORDER BY c
	-> Sort: sbtest6.c  (cost=20.4 rows=100)
    -> Filter: (sbtest6.id between 6253479 and 6253578)  (cost=20.4 rows=100)
        -> Index range scan on sbtest6 using PRIMARY over (6253479 <= id <= 6253578)  (cost=20.4 rows=100)


table 7 : explain SELECT c FROM sbtest7 WHERE id BETWEEN 8985223 AND 8985322 ORDER BY c
	-> Sort: sbtest7.c  (cost=20.4 rows=100)
    -> Filter: (sbtest7.id between 8985223 and 8985322)  (cost=20.4 rows=100)
        -> Index range scan on sbtest7 using PRIMARY over (8985223 <= id <= 8985322)  (cost=20.4 rows=100)


table 8 : explain SELECT c FROM sbtest8 WHERE id BETWEEN 3772065 AND 3772164 ORDER BY c
	-> Sort: sbtest8.c  (cost=20.4 rows=100)
    -> Filter: (sbtest8.id between 3772065 and 3772164)  (cost=20.4 rows=100)
        -> Index range scan on sbtest8 using PRIMARY over (3772065 <= id <= 3772164)  (cost=20.4 rows=100)


for: order_ranges
table 1 : explain SELECT c FROM sbtest1 WHERE id BETWEEN 5195677 AND 5195776 ORDER BY c
	-> Sort: sbtest1.c  (cost=20.4 rows=100)
    -> Filter: (sbtest1.id between 5195677 and 5195776)  (cost=20.4 rows=100)
        -> Index range scan on sbtest1 using PRIMARY over (5195677 <= id <= 5195776)  (cost=20.4 rows=100)


table 2 : explain SELECT c FROM sbtest2 WHERE id BETWEEN 1491784 AND 1491883 ORDER BY c
	-> Sort: sbtest2.c  (cost=20.4 rows=100)
    -> Filter: (sbtest2.id between 1491784 and 1491883)  (cost=20.4 rows=100)
        -> Index range scan on sbtest2 using PRIMARY over (1491784 <= id <= 1491883)  (cost=20.4 rows=100)


table 3 : explain SELECT c FROM sbtest3 WHERE id BETWEEN 8928865 AND 8928964 ORDER BY c
	-> Sort: sbtest3.c  (cost=20.4 rows=100)
    -> Filter: (sbtest3.id between 8928865 and 8928964)  (cost=20.4 rows=100)
        -> Index range scan on sbtest3 using PRIMARY over (8928865 <= id <= 8928964)  (cost=20.4 rows=100)


table 4 : explain SELECT c FROM sbtest4 WHERE id BETWEEN 3803950 AND 3804049 ORDER BY c
	-> Sort: sbtest4.c  (cost=20.4 rows=100)
    -> Filter: (sbtest4.id between 3803950 and 3804049)  (cost=20.4 rows=100)
        -> Index range scan on sbtest4 using PRIMARY over (3803950 <= id <= 3804049)  (cost=20.4 rows=100)


table 5 : explain SELECT c FROM sbtest5 WHERE id BETWEEN 6435195 AND 6435294 ORDER BY c
	-> Sort: sbtest5.c  (cost=20.4 rows=100)
    -> Filter: (sbtest5.id between 6435195 and 6435294)  (cost=20.4 rows=100)
        -> Index range scan on sbtest5 using PRIMARY over (6435195 <= id <= 6435294)  (cost=20.4 rows=100)


table 6 : explain SELECT c FROM sbtest6 WHERE id BETWEEN 1873972 AND 1874071 ORDER BY c
	-> Sort: sbtest6.c  (cost=20.4 rows=100)
    -> Filter: (sbtest6.id between 1873972 and 1874071)  (cost=20.4 rows=100)
        -> Index range scan on sbtest6 using PRIMARY over (1873972 <= id <= 1874071)  (cost=20.4 rows=100)


table 7 : explain SELECT c FROM sbtest7 WHERE id BETWEEN 1243354 AND 1243453 ORDER BY c
	-> Sort: sbtest7.c  (cost=20.4 rows=100)
    -> Filter: (sbtest7.id between 1243354 and 1243453)  (cost=20.4 rows=100)
        -> Index range scan on sbtest7 using PRIMARY over (1243354 <= id <= 1243453)  (cost=20.4 rows=100)


table 8 : explain SELECT c FROM sbtest8 WHERE id BETWEEN 876861 AND 876960 ORDER BY c
	-> Sort: sbtest8.c  (cost=20.4 rows=100)
    -> Filter: (sbtest8.id between 876861 and 876960)  (cost=20.4 rows=100)
        -> Index range scan on sbtest8 using PRIMARY over (876861 <= id <= 876960)  (cost=20.4 rows=100)


for: order_ranges
table 1 : explain SELECT c FROM sbtest1 WHERE id BETWEEN 2819039 AND 2819138 ORDER BY c
	-> Sort: sbtest1.c  (cost=20.4 rows=100)
    -> Filter: (sbtest1.id between 2819039 and 2819138)  (cost=20.4 rows=100)
        -> Index range scan on sbtest1 using PRIMARY over (2819039 <= id <= 2819138)  (cost=20.4 rows=100)


table 2 : explain SELECT c FROM sbtest2 WHERE id BETWEEN 7452180 AND 7452279 ORDER BY c
	-> Sort: sbtest2.c  (cost=20.4 rows=100)
    -> Filter: (sbtest2.id between 7452180 and 7452279)  (cost=20.4 rows=100)
        -> Index range scan on sbtest2 using PRIMARY over (7452180 <= id <= 7452279)  (cost=20.4 rows=100)


table 3 : explain SELECT c FROM sbtest3 WHERE id BETWEEN 6351229 AND 6351328 ORDER BY c
	-> Sort: sbtest3.c  (cost=20.4 rows=100)
    -> Filter: (sbtest3.id between 6351229 and 6351328)  (cost=20.4 rows=100)
        -> Index range scan on sbtest3 using PRIMARY over (6351229 <= id <= 6351328)  (cost=20.4 rows=100)


table 4 : explain SELECT c FROM sbtest4 WHERE id BETWEEN 321264 AND 321363 ORDER BY c
	-> Sort: sbtest4.c  (cost=20.4 rows=100)
    -> Filter: (sbtest4.id between 321264 and 321363)  (cost=20.4 rows=100)
        -> Index range scan on sbtest4 using PRIMARY over (321264 <= id <= 321363)  (cost=20.4 rows=100)


table 5 : explain SELECT c FROM sbtest5 WHERE id BETWEEN 676232 AND 676331 ORDER BY c
	-> Sort: sbtest5.c  (cost=20.4 rows=100)
    -> Filter: (sbtest5.id between 676232 and 676331)  (cost=20.4 rows=100)
        -> Index range scan on sbtest5 using PRIMARY over (676232 <= id <= 676331)  (cost=20.4 rows=100)


table 6 : explain SELECT c FROM sbtest6 WHERE id BETWEEN 9719254 AND 9719353 ORDER BY c
	-> Sort: sbtest6.c  (cost=20.4 rows=100)
    -> Filter: (sbtest6.id between 9719254 and 9719353)  (cost=20.4 rows=100)
        -> Index range scan on sbtest6 using PRIMARY over (9719254 <= id <= 9719353)  (cost=20.4 rows=100)


table 7 : explain SELECT c FROM sbtest7 WHERE id BETWEEN 5631520 AND 5631619 ORDER BY c
	-> Sort: sbtest7.c  (cost=20.4 rows=100)
    -> Filter: (sbtest7.id between 5631520 and 5631619)  (cost=20.4 rows=100)
        -> Index range scan on sbtest7 using PRIMARY over (5631520 <= id <= 5631619)  (cost=20.4 rows=100)


table 8 : explain SELECT c FROM sbtest8 WHERE id BETWEEN 1021375 AND 1021474 ORDER BY c
	-> Sort: sbtest8.c  (cost=20.4 rows=100)
    -> Filter: (sbtest8.id between 1021375 and 1021474)  (cost=20.4 rows=100)
        -> Index range scan on sbtest8 using PRIMARY over (1021375 <= id <= 1021474)  (cost=20.4 rows=100)


for: order_ranges
table 1 : explain SELECT c FROM sbtest1 WHERE id BETWEEN 5036825 AND 5036924 ORDER BY c
	-> Sort: sbtest1.c  (cost=20.4 rows=100)
    -> Filter: (sbtest1.id between 5036825 and 5036924)  (cost=20.4 rows=100)
        -> Index range scan on sbtest1 using PRIMARY over (5036825 <= id <= 5036924)  (cost=20.4 rows=100)


table 2 : explain SELECT c FROM sbtest2 WHERE id BETWEEN 9545543 AND 9545642 ORDER BY c
	-> Sort: sbtest2.c  (cost=20.4 rows=100)
    -> Filter: (sbtest2.id between 9545543 and 9545642)  (cost=20.4 rows=100)
        -> Index range scan on sbtest2 using PRIMARY over (9545543 <= id <= 9545642)  (cost=20.4 rows=100)


table 3 : explain SELECT c FROM sbtest3 WHERE id BETWEEN 5087581 AND 5087680 ORDER BY c
	-> Sort: sbtest3.c  (cost=20.4 rows=100)
    -> Filter: (sbtest3.id between 5087581 and 5087680)  (cost=20.4 rows=100)
        -> Index range scan on sbtest3 using PRIMARY over (5087581 <= id <= 5087680)  (cost=20.4 rows=100)


table 4 : explain SELECT c FROM sbtest4 WHERE id BETWEEN 4581939 AND 4582038 ORDER BY c
	-> Sort: sbtest4.c  (cost=20.4 rows=100)
    -> Filter: (sbtest4.id between 4581939 and 4582038)  (cost=20.4 rows=100)
        -> Index range scan on sbtest4 using PRIMARY over (4581939 <= id <= 4582038)  (cost=20.4 rows=100)


table 5 : explain SELECT c FROM sbtest5 WHERE id BETWEEN 9275559 AND 9275658 ORDER BY c
	-> Sort: sbtest5.c  (cost=20.4 rows=100)
    -> Filter: (sbtest5.id between 9275559 and 9275658)  (cost=20.4 rows=100)
        -> Index range scan on sbtest5 using PRIMARY over (9275559 <= id <= 9275658)  (cost=20.4 rows=100)


table 6 : explain SELECT c FROM sbtest6 WHERE id BETWEEN 5010333 AND 5010432 ORDER BY c
	-> Sort: sbtest6.c  (cost=20.4 rows=100)
    -> Filter: (sbtest6.id between 5010333 and 5010432)  (cost=20.4 rows=100)
        -> Index range scan on sbtest6 using PRIMARY over (5010333 <= id <= 5010432)  (cost=20.4 rows=100)


table 7 : explain SELECT c FROM sbtest7 WHERE id BETWEEN 2669870 AND 2669969 ORDER BY c
	-> Sort: sbtest7.c  (cost=20.4 rows=100)
    -> Filter: (sbtest7.id between 2669870 and 2669969)  (cost=20.4 rows=100)
        -> Index range scan on sbtest7 using PRIMARY over (2669870 <= id <= 2669969)  (cost=20.4 rows=100)


table 8 : explain SELECT c FROM sbtest8 WHERE id BETWEEN 9967076 AND 9967175 ORDER BY c
	-> Sort: sbtest8.c  (cost=20.4 rows=100)
    -> Filter: (sbtest8.id between 9967076 and 9967175)  (cost=20.4 rows=100)
        -> Index range scan on sbtest8 using PRIMARY over (9967076 <= id <= 9967175)  (cost=20.4 rows=100)


for: order_ranges
table 1 : explain SELECT c FROM sbtest1 WHERE id BETWEEN 5942703 AND 5942802 ORDER BY c
	-> Sort: sbtest1.c  (cost=20.4 rows=100)
    -> Filter: (sbtest1.id between 5942703 and 5942802)  (cost=20.4 rows=100)
        -> Index range scan on sbtest1 using PRIMARY over (5942703 <= id <= 5942802)  (cost=20.4 rows=100)


table 2 : explain SELECT c FROM sbtest2 WHERE id BETWEEN 8635512 AND 8635611 ORDER BY c
	-> Sort: sbtest2.c  (cost=20.4 rows=100)
    -> Filter: (sbtest2.id between 8635512 and 8635611)  (cost=20.4 rows=100)
        -> Index range scan on sbtest2 using PRIMARY over (8635512 <= id <= 8635611)  (cost=20.4 rows=100)


table 3 : explain SELECT c FROM sbtest3 WHERE id BETWEEN 7056788 AND 7056887 ORDER BY c
	-> Sort: sbtest3.c  (cost=20.4 rows=100)
    -> Filter: (sbtest3.id between 7056788 and 7056887)  (cost=20.4 rows=100)
        -> Index range scan on sbtest3 using PRIMARY over (7056788 <= id <= 7056887)  (cost=20.4 rows=100)


table 4 : explain SELECT c FROM sbtest4 WHERE id BETWEEN 3759673 AND 3759772 ORDER BY c
	-> Sort: sbtest4.c  (cost=20.4 rows=100)
    -> Filter: (sbtest4.id between 3759673 and 3759772)  (cost=20.4 rows=100)
        -> Index range scan on sbtest4 using PRIMARY over (3759673 <= id <= 3759772)  (cost=20.4 rows=100)


table 5 : explain SELECT c FROM sbtest5 WHERE id BETWEEN 8930136 AND 8930235 ORDER BY c
	-> Sort: sbtest5.c  (cost=20.4 rows=100)
    -> Filter: (sbtest5.id between 8930136 and 8930235)  (cost=20.4 rows=100)
        -> Index range scan on sbtest5 using PRIMARY over (8930136 <= id <= 8930235)  (cost=20.4 rows=100)


table 6 : explain SELECT c FROM sbtest6 WHERE id BETWEEN 4644024 AND 4644123 ORDER BY c
	-> Sort: sbtest6.c  (cost=20.4 rows=100)
    -> Filter: (sbtest6.id between 4644024 and 4644123)  (cost=20.4 rows=100)
        -> Index range scan on sbtest6 using PRIMARY over (4644024 <= id <= 4644123)  (cost=20.4 rows=100)


table 7 : explain SELECT c FROM sbtest7 WHERE id BETWEEN 3923789 AND 3923888 ORDER BY c
	-> Sort: sbtest7.c  (cost=20.4 rows=100)
    -> Filter: (sbtest7.id between 3923789 and 3923888)  (cost=20.4 rows=100)
        -> Index range scan on sbtest7 using PRIMARY over (3923789 <= id <= 3923888)  (cost=20.4 rows=100)


table 8 : explain SELECT c FROM sbtest8 WHERE id BETWEEN 6532223 AND 6532322 ORDER BY c
	-> Sort: sbtest8.c  (cost=20.4 rows=100)
    -> Filter: (sbtest8.id between 6532223 and 6532322)  (cost=20.4 rows=100)
        -> Index range scan on sbtest8 using PRIMARY over (6532223 <= id <= 6532322)  (cost=20.4 rows=100)


for: order_ranges
table 1 : explain SELECT c FROM sbtest1 WHERE id BETWEEN 948241 AND 948340 ORDER BY c
	-> Sort: sbtest1.c  (cost=20.4 rows=100)
    -> Filter: (sbtest1.id between 948241 and 948340)  (cost=20.4 rows=100)
        -> Index range scan on sbtest1 using PRIMARY over (948241 <= id <= 948340)  (cost=20.4 rows=100)


table 2 : explain SELECT c FROM sbtest2 WHERE id BETWEEN 2991557 AND 2991656 ORDER BY c
	-> Sort: sbtest2.c  (cost=20.4 rows=100)
    -> Filter: (sbtest2.id between 2991557 and 2991656)  (cost=20.4 rows=100)
        -> Index range scan on sbtest2 using PRIMARY over (2991557 <= id <= 2991656)  (cost=20.4 rows=100)


table 3 : explain SELECT c FROM sbtest3 WHERE id BETWEEN 581437 AND 581536 ORDER BY c
	-> Sort: sbtest3.c  (cost=20.4 rows=100)
    -> Filter: (sbtest3.id between 581437 and 581536)  (cost=20.4 rows=100)
        -> Index range scan on sbtest3 using PRIMARY over (581437 <= id <= 581536)  (cost=20.4 rows=100)


table 4 : explain SELECT c FROM sbtest4 WHERE id BETWEEN 9699471 AND 9699570 ORDER BY c
	-> Sort: sbtest4.c  (cost=20.4 rows=100)
    -> Filter: (sbtest4.id between 9699471 and 9699570)  (cost=20.4 rows=100)
        -> Index range scan on sbtest4 using PRIMARY over (9699471 <= id <= 9699570)  (cost=20.4 rows=100)


table 5 : explain SELECT c FROM sbtest5 WHERE id BETWEEN 3096313 AND 3096412 ORDER BY c
	-> Sort: sbtest5.c  (cost=20.4 rows=100)
    -> Filter: (sbtest5.id between 3096313 and 3096412)  (cost=20.4 rows=100)
        -> Index range scan on sbtest5 using PRIMARY over (3096313 <= id <= 3096412)  (cost=20.4 rows=100)


table 6 : explain SELECT c FROM sbtest6 WHERE id BETWEEN 2326314 AND 2326413 ORDER BY c
	-> Sort: sbtest6.c  (cost=20.4 rows=100)
    -> Filter: (sbtest6.id between 2326314 and 2326413)  (cost=20.4 rows=100)
        -> Index range scan on sbtest6 using PRIMARY over (2326314 <= id <= 2326413)  (cost=20.4 rows=100)


table 7 : explain SELECT c FROM sbtest7 WHERE id BETWEEN 4016219 AND 4016318 ORDER BY c
	-> Sort: sbtest7.c  (cost=20.4 rows=100)
    -> Filter: (sbtest7.id between 4016219 and 4016318)  (cost=20.4 rows=100)
        -> Index range scan on sbtest7 using PRIMARY over (4016219 <= id <= 4016318)  (cost=20.4 rows=100)


table 8 : explain SELECT c FROM sbtest8 WHERE id BETWEEN 5439292 AND 5439391 ORDER BY c
	-> Sort: sbtest8.c  (cost=20.4 rows=100)
    -> Filter: (sbtest8.id between 5439292 and 5439391)  (cost=20.4 rows=100)
        -> Index range scan on sbtest8 using PRIMARY over (5439292 <= id <= 5439391)  (cost=20.4 rows=100)


for: order_ranges
table 1 : explain SELECT c FROM sbtest1 WHERE id BETWEEN 8580124 AND 8580223 ORDER BY c
	-> Sort: sbtest1.c  (cost=20.4 rows=100)
    -> Filter: (sbtest1.id between 8580124 and 8580223)  (cost=20.4 rows=100)
        -> Index range scan on sbtest1 using PRIMARY over (8580124 <= id <= 8580223)  (cost=20.4 rows=100)


table 2 : explain SELECT c FROM sbtest2 WHERE id BETWEEN 5951144 AND 5951243 ORDER BY c
	-> Sort: sbtest2.c  (cost=20.4 rows=100)
    -> Filter: (sbtest2.id between 5951144 and 5951243)  (cost=20.4 rows=100)
        -> Index range scan on sbtest2 using PRIMARY over (5951144 <= id <= 5951243)  (cost=20.4 rows=100)


table 3 : explain SELECT c FROM sbtest3 WHERE id BETWEEN 218922 AND 219021 ORDER BY c
	-> Sort: sbtest3.c  (cost=20.4 rows=100)
    -> Filter: (sbtest3.id between 218922 and 219021)  (cost=20.4 rows=100)
        -> Index range scan on sbtest3 using PRIMARY over (218922 <= id <= 219021)  (cost=20.4 rows=100)


table 4 : explain SELECT c FROM sbtest4 WHERE id BETWEEN 6365091 AND 6365190 ORDER BY c
	-> Sort: sbtest4.c  (cost=20.4 rows=100)
    -> Filter: (sbtest4.id between 6365091 and 6365190)  (cost=20.4 rows=100)
        -> Index range scan on sbtest4 using PRIMARY over (6365091 <= id <= 6365190)  (cost=20.4 rows=100)


table 5 : explain SELECT c FROM sbtest5 WHERE id BETWEEN 3365019 AND 3365118 ORDER BY c
	-> Sort: sbtest5.c  (cost=20.4 rows=100)
    -> Filter: (sbtest5.id between 3365019 and 3365118)  (cost=20.4 rows=100)
        -> Index range scan on sbtest5 using PRIMARY over (3365019 <= id <= 3365118)  (cost=20.4 rows=100)


table 6 : explain SELECT c FROM sbtest6 WHERE id BETWEEN 5415772 AND 5415871 ORDER BY c
	-> Sort: sbtest6.c  (cost=20.4 rows=100)
    -> Filter: (sbtest6.id between 5415772 and 5415871)  (cost=20.4 rows=100)
        -> Index range scan on sbtest6 using PRIMARY over (5415772 <= id <= 5415871)  (cost=20.4 rows=100)


table 7 : explain SELECT c FROM sbtest7 WHERE id BETWEEN 2498253 AND 2498352 ORDER BY c
	-> Sort: sbtest7.c  (cost=20.4 rows=100)
    -> Filter: (sbtest7.id between 2498253 and 2498352)  (cost=20.4 rows=100)
        -> Index range scan on sbtest7 using PRIMARY over (2498253 <= id <= 2498352)  (cost=20.4 rows=100)


table 8 : explain SELECT c FROM sbtest8 WHERE id BETWEEN 9733680 AND 9733779 ORDER BY c
	-> Sort: sbtest8.c  (cost=20.4 rows=100)
    -> Filter: (sbtest8.id between 9733680 and 9733779)  (cost=20.4 rows=100)
        -> Index range scan on sbtest8 using PRIMARY over (9733680 <= id <= 9733779)  (cost=20.4 rows=100)


for: order_ranges
table 1 : explain SELECT c FROM sbtest1 WHERE id BETWEEN 4599293 AND 4599392 ORDER BY c
	-> Sort: sbtest1.c  (cost=20.4 rows=100)
    -> Filter: (sbtest1.id between 4599293 and 4599392)  (cost=20.4 rows=100)
        -> Index range scan on sbtest1 using PRIMARY over (4599293 <= id <= 4599392)  (cost=20.4 rows=100)


table 2 : explain SELECT c FROM sbtest2 WHERE id BETWEEN 915748 AND 915847 ORDER BY c
	-> Sort: sbtest2.c  (cost=20.4 rows=100)
    -> Filter: (sbtest2.id between 915748 and 915847)  (cost=20.4 rows=100)
        -> Index range scan on sbtest2 using PRIMARY over (915748 <= id <= 915847)  (cost=20.4 rows=100)


table 3 : explain SELECT c FROM sbtest3 WHERE id BETWEEN 9257502 AND 9257601 ORDER BY c
	-> Sort: sbtest3.c  (cost=20.4 rows=100)
    -> Filter: (sbtest3.id between 9257502 and 9257601)  (cost=20.4 rows=100)
        -> Index range scan on sbtest3 using PRIMARY over (9257502 <= id <= 9257601)  (cost=20.4 rows=100)


table 4 : explain SELECT c FROM sbtest4 WHERE id BETWEEN 6722985 AND 6723084 ORDER BY c
	-> Sort: sbtest4.c  (cost=20.4 rows=100)
    -> Filter: (sbtest4.id between 6722985 and 6723084)  (cost=20.4 rows=100)
        -> Index range scan on sbtest4 using PRIMARY over (6722985 <= id <= 6723084)  (cost=20.4 rows=100)


table 5 : explain SELECT c FROM sbtest5 WHERE id BETWEEN 1497658 AND 1497757 ORDER BY c
	-> Sort: sbtest5.c  (cost=20.4 rows=100)
    -> Filter: (sbtest5.id between 1497658 and 1497757)  (cost=20.4 rows=100)
        -> Index range scan on sbtest5 using PRIMARY over (1497658 <= id <= 1497757)  (cost=20.4 rows=100)


table 6 : explain SELECT c FROM sbtest6 WHERE id BETWEEN 573344 AND 573443 ORDER BY c
	-> Sort: sbtest6.c  (cost=20.4 rows=100)
    -> Filter: (sbtest6.id between 573344 and 573443)  (cost=20.4 rows=100)
        -> Index range scan on sbtest6 using PRIMARY over (573344 <= id <= 573443)  (cost=20.4 rows=100)


table 7 : explain SELECT c FROM sbtest7 WHERE id BETWEEN 431752 AND 431851 ORDER BY c
	-> Sort: sbtest7.c  (cost=20.4 rows=100)
    -> Filter: (sbtest7.id between 431752 and 431851)  (cost=20.4 rows=100)
        -> Index range scan on sbtest7 using PRIMARY over (431752 <= id <= 431851)  (cost=20.4 rows=100)


table 8 : explain SELECT c FROM sbtest8 WHERE id BETWEEN 8949111 AND 8949210 ORDER BY c
	-> Sort: sbtest8.c  (cost=20.4 rows=100)
    -> Filter: (sbtest8.id between 8949111 and 8949210)  (cost=20.4 rows=100)
        -> Index range scan on sbtest8 using PRIMARY over (8949111 <= id <= 8949210)  (cost=20.4 rows=100)


for: order_ranges
table 1 : explain SELECT c FROM sbtest1 WHERE id BETWEEN 1509425 AND 1509524 ORDER BY c
	-> Sort: sbtest1.c  (cost=20.4 rows=100)
    -> Filter: (sbtest1.id between 1509425 and 1509524)  (cost=20.4 rows=100)
        -> Index range scan on sbtest1 using PRIMARY over (1509425 <= id <= 1509524)  (cost=20.4 rows=100)


table 2 : explain SELECT c FROM sbtest2 WHERE id BETWEEN 9064838 AND 9064937 ORDER BY c
	-> Sort: sbtest2.c  (cost=20.4 rows=100)
    -> Filter: (sbtest2.id between 9064838 and 9064937)  (cost=20.4 rows=100)
        -> Index range scan on sbtest2 using PRIMARY over (9064838 <= id <= 9064937)  (cost=20.4 rows=100)


table 3 : explain SELECT c FROM sbtest3 WHERE id BETWEEN 1727357 AND 1727456 ORDER BY c
	-> Sort: sbtest3.c  (cost=20.4 rows=100)
    -> Filter: (sbtest3.id between 1727357 and 1727456)  (cost=20.4 rows=100)
        -> Index range scan on sbtest3 using PRIMARY over (1727357 <= id <= 1727456)  (cost=20.4 rows=100)


table 4 : explain SELECT c FROM sbtest4 WHERE id BETWEEN 1810734 AND 1810833 ORDER BY c
	-> Sort: sbtest4.c  (cost=20.4 rows=100)
    -> Filter: (sbtest4.id between 1810734 and 1810833)  (cost=20.4 rows=100)
        -> Index range scan on sbtest4 using PRIMARY over (1810734 <= id <= 1810833)  (cost=20.4 rows=100)


table 5 : explain SELECT c FROM sbtest5 WHERE id BETWEEN 7054769 AND 7054868 ORDER BY c
	-> Sort: sbtest5.c  (cost=20.4 rows=100)
    -> Filter: (sbtest5.id between 7054769 and 7054868)  (cost=20.4 rows=100)
        -> Index range scan on sbtest5 using PRIMARY over (7054769 <= id <= 7054868)  (cost=20.4 rows=100)


table 6 : explain SELECT c FROM sbtest6 WHERE id BETWEEN 1461857 AND 1461956 ORDER BY c
	-> Sort: sbtest6.c  (cost=20.4 rows=100)
    -> Filter: (sbtest6.id between 1461857 and 1461956)  (cost=20.4 rows=100)
        -> Index range scan on sbtest6 using PRIMARY over (1461857 <= id <= 1461956)  (cost=20.4 rows=100)


table 7 : explain SELECT c FROM sbtest7 WHERE id BETWEEN 4789666 AND 4789765 ORDER BY c
	-> Sort: sbtest7.c  (cost=20.4 rows=100)
    -> Filter: (sbtest7.id between 4789666 and 4789765)  (cost=20.4 rows=100)
        -> Index range scan on sbtest7 using PRIMARY over (4789666 <= id <= 4789765)  (cost=20.4 rows=100)


table 8 : explain SELECT c FROM sbtest8 WHERE id BETWEEN 5241644 AND 5241743 ORDER BY c
	-> Sort: sbtest8.c  (cost=20.4 rows=100)
    -> Filter: (sbtest8.id between 5241644 and 5241743)  (cost=20.4 rows=100)
        -> Index range scan on sbtest8 using PRIMARY over (5241644 <= id <= 5241743)  (cost=20.4 rows=100)


for: order_ranges
table 1 : explain SELECT c FROM sbtest1 WHERE id BETWEEN 4753102 AND 4753201 ORDER BY c
	-> Sort: sbtest1.c  (cost=20.4 rows=100)
    -> Filter: (sbtest1.id between 4753102 and 4753201)  (cost=20.4 rows=100)
        -> Index range scan on sbtest1 using PRIMARY over (4753102 <= id <= 4753201)  (cost=20.4 rows=100)


table 2 : explain SELECT c FROM sbtest2 WHERE id BETWEEN 5792491 AND 5792590 ORDER BY c
	-> Sort: sbtest2.c  (cost=20.4 rows=100)
    -> Filter: (sbtest2.id between 5792491 and 5792590)  (cost=20.4 rows=100)
        -> Index range scan on sbtest2 using PRIMARY over (5792491 <= id <= 5792590)  (cost=20.4 rows=100)


table 3 : explain SELECT c FROM sbtest3 WHERE id BETWEEN 4767386 AND 4767485 ORDER BY c
	-> Sort: sbtest3.c  (cost=20.4 rows=100)
    -> Filter: (sbtest3.id between 4767386 and 4767485)  (cost=20.4 rows=100)
        -> Index range scan on sbtest3 using PRIMARY over (4767386 <= id <= 4767485)  (cost=20.4 rows=100)


table 4 : explain SELECT c FROM sbtest4 WHERE id BETWEEN 2104380 AND 2104479 ORDER BY c
	-> Sort: sbtest4.c  (cost=20.4 rows=100)
    -> Filter: (sbtest4.id between 2104380 and 2104479)  (cost=20.4 rows=100)
        -> Index range scan on sbtest4 using PRIMARY over (2104380 <= id <= 2104479)  (cost=20.4 rows=100)


table 5 : explain SELECT c FROM sbtest5 WHERE id BETWEEN 3932875 AND 3932974 ORDER BY c
	-> Sort: sbtest5.c  (cost=20.4 rows=100)
    -> Filter: (sbtest5.id between 3932875 and 3932974)  (cost=20.4 rows=100)
        -> Index range scan on sbtest5 using PRIMARY over (3932875 <= id <= 3932974)  (cost=20.4 rows=100)


table 6 : explain SELECT c FROM sbtest6 WHERE id BETWEEN 7599904 AND 7600003 ORDER BY c
	-> Sort: sbtest6.c  (cost=20.4 rows=100)
    -> Filter: (sbtest6.id between 7599904 and 7600003)  (cost=20.4 rows=100)
        -> Index range scan on sbtest6 using PRIMARY over (7599904 <= id <= 7600003)  (cost=20.4 rows=100)


table 7 : explain SELECT c FROM sbtest7 WHERE id BETWEEN 6274552 AND 6274651 ORDER BY c
	-> Sort: sbtest7.c  (cost=20.4 rows=100)
    -> Filter: (sbtest7.id between 6274552 and 6274651)  (cost=20.4 rows=100)
        -> Index range scan on sbtest7 using PRIMARY over (6274552 <= id <= 6274651)  (cost=20.4 rows=100)


table 8 : explain SELECT c FROM sbtest8 WHERE id BETWEEN 8344626 AND 8344725 ORDER BY c
	-> Sort: sbtest8.c  (cost=20.4 rows=100)
    -> Filter: (sbtest8.id between 8344626 and 8344725)  (cost=20.4 rows=100)
        -> Index range scan on sbtest8 using PRIMARY over (8344626 <= id <= 8344725)  (cost=20.4 rows=100)


for: order_ranges
table 1 : explain SELECT c FROM sbtest1 WHERE id BETWEEN 4848942 AND 4849041 ORDER BY c
	-> Sort: sbtest1.c  (cost=20.4 rows=100)
    -> Filter: (sbtest1.id between 4848942 and 4849041)  (cost=20.4 rows=100)
        -> Index range scan on sbtest1 using PRIMARY over (4848942 <= id <= 4849041)  (cost=20.4 rows=100)


table 2 : explain SELECT c FROM sbtest2 WHERE id BETWEEN 2122605 AND 2122704 ORDER BY c
	-> Sort: sbtest2.c  (cost=20.4 rows=100)
    -> Filter: (sbtest2.id between 2122605 and 2122704)  (cost=20.4 rows=100)
        -> Index range scan on sbtest2 using PRIMARY over (2122605 <= id <= 2122704)  (cost=20.4 rows=100)


table 3 : explain SELECT c FROM sbtest3 WHERE id BETWEEN 6061401 AND 6061500 ORDER BY c
	-> Sort: sbtest3.c  (cost=20.4 rows=100)
    -> Filter: (sbtest3.id between 6061401 and 6061500)  (cost=20.4 rows=100)
        -> Index range scan on sbtest3 using PRIMARY over (6061401 <= id <= 6061500)  (cost=20.4 rows=100)


table 4 : explain SELECT c FROM sbtest4 WHERE id BETWEEN 204765 AND 204864 ORDER BY c
	-> Sort: sbtest4.c  (cost=20.4 rows=100)
    -> Filter: (sbtest4.id between 204765 and 204864)  (cost=20.4 rows=100)
        -> Index range scan on sbtest4 using PRIMARY over (204765 <= id <= 204864)  (cost=20.4 rows=100)


table 5 : explain SELECT c FROM sbtest5 WHERE id BETWEEN 166460 AND 166559 ORDER BY c
	-> Sort: sbtest5.c  (cost=20.4 rows=100)
    -> Filter: (sbtest5.id between 166460 and 166559)  (cost=20.4 rows=100)
        -> Index range scan on sbtest5 using PRIMARY over (166460 <= id <= 166559)  (cost=20.4 rows=100)


table 6 : explain SELECT c FROM sbtest6 WHERE id BETWEEN 1210961 AND 1211060 ORDER BY c
	-> Sort: sbtest6.c  (cost=20.4 rows=100)
    -> Filter: (sbtest6.id between 1210961 and 1211060)  (cost=20.4 rows=100)
        -> Index range scan on sbtest6 using PRIMARY over (1210961 <= id <= 1211060)  (cost=20.4 rows=100)


table 7 : explain SELECT c FROM sbtest7 WHERE id BETWEEN 9726443 AND 9726542 ORDER BY c
	-> Sort: sbtest7.c  (cost=20.4 rows=100)
    -> Filter: (sbtest7.id between 9726443 and 9726542)  (cost=20.4 rows=100)
        -> Index range scan on sbtest7 using PRIMARY over (9726443 <= id <= 9726542)  (cost=20.4 rows=100)


table 8 : explain SELECT c FROM sbtest8 WHERE id BETWEEN 3288752 AND 3288851 ORDER BY c
	-> Sort: sbtest8.c  (cost=20.4 rows=100)
    -> Filter: (sbtest8.id between 3288752 and 3288851)  (cost=20.4 rows=100)
        -> Index range scan on sbtest8 using PRIMARY over (3288752 <= id <= 3288851)  (cost=20.4 rows=100)


for: order_ranges
table 1 : explain SELECT c FROM sbtest1 WHERE id BETWEEN 597032 AND 597131 ORDER BY c
	-> Sort: sbtest1.c  (cost=20.4 rows=100)
    -> Filter: (sbtest1.id between 597032 and 597131)  (cost=20.4 rows=100)
        -> Index range scan on sbtest1 using PRIMARY over (597032 <= id <= 597131)  (cost=20.4 rows=100)


table 2 : explain SELECT c FROM sbtest2 WHERE id BETWEEN 9797064 AND 9797163 ORDER BY c
	-> Sort: sbtest2.c  (cost=20.4 rows=100)
    -> Filter: (sbtest2.id between 9797064 and 9797163)  (cost=20.4 rows=100)
        -> Index range scan on sbtest2 using PRIMARY over (9797064 <= id <= 9797163)  (cost=20.4 rows=100)


table 3 : explain SELECT c FROM sbtest3 WHERE id BETWEEN 4081564 AND 4081663 ORDER BY c
	-> Sort: sbtest3.c  (cost=20.4 rows=100)
    -> Filter: (sbtest3.id between 4081564 and 4081663)  (cost=20.4 rows=100)
        -> Index range scan on sbtest3 using PRIMARY over (4081564 <= id <= 4081663)  (cost=20.4 rows=100)


table 4 : explain SELECT c FROM sbtest4 WHERE id BETWEEN 5712254 AND 5712353 ORDER BY c
	-> Sort: sbtest4.c  (cost=20.4 rows=100)
    -> Filter: (sbtest4.id between 5712254 and 5712353)  (cost=20.4 rows=100)
        -> Index range scan on sbtest4 using PRIMARY over (5712254 <= id <= 5712353)  (cost=20.4 rows=100)


table 5 : explain SELECT c FROM sbtest5 WHERE id BETWEEN 7300860 AND 7300959 ORDER BY c
	-> Sort: sbtest5.c  (cost=20.4 rows=100)
    -> Filter: (sbtest5.id between 7300860 and 7300959)  (cost=20.4 rows=100)
        -> Index range scan on sbtest5 using PRIMARY over (7300860 <= id <= 7300959)  (cost=20.4 rows=100)


table 6 : explain SELECT c FROM sbtest6 WHERE id BETWEEN 3957105 AND 3957204 ORDER BY c
	-> Sort: sbtest6.c  (cost=20.4 rows=100)
    -> Filter: (sbtest6.id between 3957105 and 3957204)  (cost=20.4 rows=100)
        -> Index range scan on sbtest6 using PRIMARY over (3957105 <= id <= 3957204)  (cost=20.4 rows=100)


table 7 : explain SELECT c FROM sbtest7 WHERE id BETWEEN 6563467 AND 6563566 ORDER BY c
	-> Sort: sbtest7.c  (cost=20.4 rows=100)
    -> Filter: (sbtest7.id between 6563467 and 6563566)  (cost=20.4 rows=100)
        -> Index range scan on sbtest7 using PRIMARY over (6563467 <= id <= 6563566)  (cost=20.4 rows=100)


table 8 : explain SELECT c FROM sbtest8 WHERE id BETWEEN 6361172 AND 6361271 ORDER BY c
	-> Sort: sbtest8.c  (cost=20.4 rows=100)
    -> Filter: (sbtest8.id between 6361172 and 6361271)  (cost=20.4 rows=100)
        -> Index range scan on sbtest8 using PRIMARY over (6361172 <= id <= 6361271)  (cost=20.4 rows=100)


for: order_ranges
table 1 : explain SELECT c FROM sbtest1 WHERE id BETWEEN 3928419 AND 3928518 ORDER BY c
	-> Sort: sbtest1.c  (cost=20.4 rows=100)
    -> Filter: (sbtest1.id between 3928419 and 3928518)  (cost=20.4 rows=100)
        -> Index range scan on sbtest1 using PRIMARY over (3928419 <= id <= 3928518)  (cost=20.4 rows=100)


table 2 : explain SELECT c FROM sbtest2 WHERE id BETWEEN 9167286 AND 9167385 ORDER BY c
	-> Sort: sbtest2.c  (cost=20.4 rows=100)
    -> Filter: (sbtest2.id between 9167286 and 9167385)  (cost=20.4 rows=100)
        -> Index range scan on sbtest2 using PRIMARY over (9167286 <= id <= 9167385)  (cost=20.4 rows=100)


table 3 : explain SELECT c FROM sbtest3 WHERE id BETWEEN 2215996 AND 2216095 ORDER BY c
	-> Sort: sbtest3.c  (cost=20.4 rows=100)
    -> Filter: (sbtest3.id between 2215996 and 2216095)  (cost=20.4 rows=100)
        -> Index range scan on sbtest3 using PRIMARY over (2215996 <= id <= 2216095)  (cost=20.4 rows=100)


table 4 : explain SELECT c FROM sbtest4 WHERE id BETWEEN 2700519 AND 2700618 ORDER BY c
	-> Sort: sbtest4.c  (cost=20.4 rows=100)
    -> Filter: (sbtest4.id between 2700519 and 2700618)  (cost=20.4 rows=100)
        -> Index range scan on sbtest4 using PRIMARY over (2700519 <= id <= 2700618)  (cost=20.4 rows=100)


table 5 : explain SELECT c FROM sbtest5 WHERE id BETWEEN 9403151 AND 9403250 ORDER BY c
	-> Sort: sbtest5.c  (cost=20.4 rows=100)
    -> Filter: (sbtest5.id between 9403151 and 9403250)  (cost=20.4 rows=100)
        -> Index range scan on sbtest5 using PRIMARY over (9403151 <= id <= 9403250)  (cost=20.4 rows=100)


table 6 : explain SELECT c FROM sbtest6 WHERE id BETWEEN 2949950 AND 2950049 ORDER BY c
	-> Sort: sbtest6.c  (cost=20.4 rows=100)
    -> Filter: (sbtest6.id between 2949950 and 2950049)  (cost=20.4 rows=100)
        -> Index range scan on sbtest6 using PRIMARY over (2949950 <= id <= 2950049)  (cost=20.4 rows=100)


table 7 : explain SELECT c FROM sbtest7 WHERE id BETWEEN 1440953 AND 1441052 ORDER BY c
	-> Sort: sbtest7.c  (cost=20.4 rows=100)
    -> Filter: (sbtest7.id between 1440953 and 1441052)  (cost=20.4 rows=100)
        -> Index range scan on sbtest7 using PRIMARY over (1440953 <= id <= 1441052)  (cost=20.4 rows=100)


table 8 : explain SELECT c FROM sbtest8 WHERE id BETWEEN 7625842 AND 7625941 ORDER BY c
	-> Sort: sbtest8.c  (cost=20.4 rows=100)
    -> Filter: (sbtest8.id between 7625842 and 7625941)  (cost=20.4 rows=100)
        -> Index range scan on sbtest8 using PRIMARY over (7625842 <= id <= 7625941)  (cost=20.4 rows=100)


for: order_ranges
table 1 : explain SELECT c FROM sbtest1 WHERE id BETWEEN 4807742 AND 4807841 ORDER BY c
	-> Sort: sbtest1.c  (cost=20.4 rows=100)
    -> Filter: (sbtest1.id between 4807742 and 4807841)  (cost=20.4 rows=100)
        -> Index range scan on sbtest1 using PRIMARY over (4807742 <= id <= 4807841)  (cost=20.4 rows=100)


table 2 : explain SELECT c FROM sbtest2 WHERE id BETWEEN 7829171 AND 7829270 ORDER BY c
	-> Sort: sbtest2.c  (cost=20.4 rows=100)
    -> Filter: (sbtest2.id between 7829171 and 7829270)  (cost=20.4 rows=100)
        -> Index range scan on sbtest2 using PRIMARY over (7829171 <= id <= 7829270)  (cost=20.4 rows=100)


table 3 : explain SELECT c FROM sbtest3 WHERE id BETWEEN 2259187 AND 2259286 ORDER BY c
	-> Sort: sbtest3.c  (cost=20.4 rows=100)
    -> Filter: (sbtest3.id between 2259187 and 2259286)  (cost=20.4 rows=100)
        -> Index range scan on sbtest3 using PRIMARY over (2259187 <= id <= 2259286)  (cost=20.4 rows=100)


table 4 : explain SELECT c FROM sbtest4 WHERE id BETWEEN 8911989 AND 8912088 ORDER BY c
	-> Sort: sbtest4.c  (cost=20.4 rows=100)
    -> Filter: (sbtest4.id between 8911989 and 8912088)  (cost=20.4 rows=100)
        -> Index range scan on sbtest4 using PRIMARY over (8911989 <= id <= 8912088)  (cost=20.4 rows=100)


table 5 : explain SELECT c FROM sbtest5 WHERE id BETWEEN 2966831 AND 2966930 ORDER BY c
	-> Sort: sbtest5.c  (cost=20.4 rows=100)
    -> Filter: (sbtest5.id between 2966831 and 2966930)  (cost=20.4 rows=100)
        -> Index range scan on sbtest5 using PRIMARY over (2966831 <= id <= 2966930)  (cost=20.4 rows=100)


table 6 : explain SELECT c FROM sbtest6 WHERE id BETWEEN 5330036 AND 5330135 ORDER BY c
	-> Sort: sbtest6.c  (cost=20.4 rows=100)
    -> Filter: (sbtest6.id between 5330036 and 5330135)  (cost=20.4 rows=100)
        -> Index range scan on sbtest6 using PRIMARY over (5330036 <= id <= 5330135)  (cost=20.4 rows=100)


table 7 : explain SELECT c FROM sbtest7 WHERE id BETWEEN 7497392 AND 7497491 ORDER BY c
	-> Sort: sbtest7.c  (cost=20.4 rows=100)
    -> Filter: (sbtest7.id between 7497392 and 7497491)  (cost=20.4 rows=100)
        -> Index range scan on sbtest7 using PRIMARY over (7497392 <= id <= 7497491)  (cost=20.4 rows=100)


table 8 : explain SELECT c FROM sbtest8 WHERE id BETWEEN 7514580 AND 7514679 ORDER BY c
	-> Sort: sbtest8.c  (cost=20.4 rows=100)
    -> Filter: (sbtest8.id between 7514580 and 7514679)  (cost=20.4 rows=100)
        -> Index range scan on sbtest8 using PRIMARY over (7514580 <= id <= 7514679)  (cost=20.4 rows=100)


for: order_ranges
table 1 : explain SELECT c FROM sbtest1 WHERE id BETWEEN 9028411 AND 9028510 ORDER BY c
	-> Sort: sbtest1.c  (cost=20.4 rows=100)
    -> Filter: (sbtest1.id between 9028411 and 9028510)  (cost=20.4 rows=100)
        -> Index range scan on sbtest1 using PRIMARY over (9028411 <= id <= 9028510)  (cost=20.4 rows=100)


table 2 : explain SELECT c FROM sbtest2 WHERE id BETWEEN 5262950 AND 5263049 ORDER BY c
	-> Sort: sbtest2.c  (cost=20.4 rows=100)
    -> Filter: (sbtest2.id between 5262950 and 5263049)  (cost=20.4 rows=100)
        -> Index range scan on sbtest2 using PRIMARY over (5262950 <= id <= 5263049)  (cost=20.4 rows=100)


table 3 : explain SELECT c FROM sbtest3 WHERE id BETWEEN 8420666 AND 8420765 ORDER BY c
	-> Sort: sbtest3.c  (cost=20.4 rows=100)
    -> Filter: (sbtest3.id between 8420666 and 8420765)  (cost=20.4 rows=100)
        -> Index range scan on sbtest3 using PRIMARY over (8420666 <= id <= 8420765)  (cost=20.4 rows=100)


table 4 : explain SELECT c FROM sbtest4 WHERE id BETWEEN 2601130 AND 2601229 ORDER BY c
	-> Sort: sbtest4.c  (cost=20.4 rows=100)
    -> Filter: (sbtest4.id between 2601130 and 2601229)  (cost=20.4 rows=100)
        -> Index range scan on sbtest4 using PRIMARY over (2601130 <= id <= 2601229)  (cost=20.4 rows=100)


table 5 : explain SELECT c FROM sbtest5 WHERE id BETWEEN 8516935 AND 8517034 ORDER BY c
	-> Sort: sbtest5.c  (cost=20.4 rows=100)
    -> Filter: (sbtest5.id between 8516935 and 8517034)  (cost=20.4 rows=100)
        -> Index range scan on sbtest5 using PRIMARY over (8516935 <= id <= 8517034)  (cost=20.4 rows=100)


table 6 : explain SELECT c FROM sbtest6 WHERE id BETWEEN 3861395 AND 3861494 ORDER BY c
	-> Sort: sbtest6.c  (cost=20.4 rows=100)
    -> Filter: (sbtest6.id between 3861395 and 3861494)  (cost=20.4 rows=100)
        -> Index range scan on sbtest6 using PRIMARY over (3861395 <= id <= 3861494)  (cost=20.4 rows=100)


table 7 : explain SELECT c FROM sbtest7 WHERE id BETWEEN 9302257 AND 9302356 ORDER BY c
	-> Sort: sbtest7.c  (cost=20.4 rows=100)
    -> Filter: (sbtest7.id between 9302257 and 9302356)  (cost=20.4 rows=100)
        -> Index range scan on sbtest7 using PRIMARY over (9302257 <= id <= 9302356)  (cost=20.4 rows=100)


table 8 : explain SELECT c FROM sbtest8 WHERE id BETWEEN 1818948 AND 1819047 ORDER BY c
	-> Sort: sbtest8.c  (cost=20.4 rows=100)
    -> Filter: (sbtest8.id between 1818948 and 1819047)  (cost=20.4 rows=100)
        -> Index range scan on sbtest8 using PRIMARY over (1818948 <= id <= 1819047)  (cost=20.4 rows=100)


for: order_ranges
table 1 : explain SELECT c FROM sbtest1 WHERE id BETWEEN 693414 AND 693513 ORDER BY c
	-> Sort: sbtest1.c  (cost=20.4 rows=100)
    -> Filter: (sbtest1.id between 693414 and 693513)  (cost=20.4 rows=100)
        -> Index range scan on sbtest1 using PRIMARY over (693414 <= id <= 693513)  (cost=20.4 rows=100)


table 2 : explain SELECT c FROM sbtest2 WHERE id BETWEEN 4434901 AND 4435000 ORDER BY c
	-> Sort: sbtest2.c  (cost=20.4 rows=100)
    -> Filter: (sbtest2.id between 4434901 and 4435000)  (cost=20.4 rows=100)
        -> Index range scan on sbtest2 using PRIMARY over (4434901 <= id <= 4435000)  (cost=20.4 rows=100)


table 3 : explain SELECT c FROM sbtest3 WHERE id BETWEEN 2137539 AND 2137638 ORDER BY c
	-> Sort: sbtest3.c  (cost=20.4 rows=100)
    -> Filter: (sbtest3.id between 2137539 and 2137638)  (cost=20.4 rows=100)
        -> Index range scan on sbtest3 using PRIMARY over (2137539 <= id <= 2137638)  (cost=20.4 rows=100)


table 4 : explain SELECT c FROM sbtest4 WHERE id BETWEEN 2006285 AND 2006384 ORDER BY c
	-> Sort: sbtest4.c  (cost=20.4 rows=100)
    -> Filter: (sbtest4.id between 2006285 and 2006384)  (cost=20.4 rows=100)
        -> Index range scan on sbtest4 using PRIMARY over (2006285 <= id <= 2006384)  (cost=20.4 rows=100)


table 5 : explain SELECT c FROM sbtest5 WHERE id BETWEEN 3125413 AND 3125512 ORDER BY c
	-> Sort: sbtest5.c  (cost=20.4 rows=100)
    -> Filter: (sbtest5.id between 3125413 and 3125512)  (cost=20.4 rows=100)
        -> Index range scan on sbtest5 using PRIMARY over (3125413 <= id <= 3125512)  (cost=20.4 rows=100)


table 6 : explain SELECT c FROM sbtest6 WHERE id BETWEEN 4550551 AND 4550650 ORDER BY c
	-> Sort: sbtest6.c  (cost=20.4 rows=100)
    -> Filter: (sbtest6.id between 4550551 and 4550650)  (cost=20.4 rows=100)
        -> Index range scan on sbtest6 using PRIMARY over (4550551 <= id <= 4550650)  (cost=20.4 rows=100)


table 7 : explain SELECT c FROM sbtest7 WHERE id BETWEEN 606436 AND 606535 ORDER BY c
	-> Sort: sbtest7.c  (cost=20.4 rows=100)
    -> Filter: (sbtest7.id between 606436 and 606535)  (cost=20.4 rows=100)
        -> Index range scan on sbtest7 using PRIMARY over (606436 <= id <= 606535)  (cost=20.4 rows=100)


table 8 : explain SELECT c FROM sbtest8 WHERE id BETWEEN 8639216 AND 8639315 ORDER BY c
	-> Sort: sbtest8.c  (cost=20.4 rows=100)
    -> Filter: (sbtest8.id between 8639216 and 8639315)  (cost=20.4 rows=100)
        -> Index range scan on sbtest8 using PRIMARY over (8639216 <= id <= 8639315)  (cost=20.4 rows=100)


for: order_ranges
table 1 : explain SELECT c FROM sbtest1 WHERE id BETWEEN 6049982 AND 6050081 ORDER BY c
	-> Sort: sbtest1.c  (cost=20.4 rows=100)
    -> Filter: (sbtest1.id between 6049982 and 6050081)  (cost=20.4 rows=100)
        -> Index range scan on sbtest1 using PRIMARY over (6049982 <= id <= 6050081)  (cost=20.4 rows=100)


table 2 : explain SELECT c FROM sbtest2 WHERE id BETWEEN 4716764 AND 4716863 ORDER BY c
	-> Sort: sbtest2.c  (cost=20.4 rows=100)
    -> Filter: (sbtest2.id between 4716764 and 4716863)  (cost=20.4 rows=100)
        -> Index range scan on sbtest2 using PRIMARY over (4716764 <= id <= 4716863)  (cost=20.4 rows=100)


table 3 : explain SELECT c FROM sbtest3 WHERE id BETWEEN 3356813 AND 3356912 ORDER BY c
	-> Sort: sbtest3.c  (cost=20.4 rows=100)
    -> Filter: (sbtest3.id between 3356813 and 3356912)  (cost=20.4 rows=100)
        -> Index range scan on sbtest3 using PRIMARY over (3356813 <= id <= 3356912)  (cost=20.4 rows=100)


table 4 : explain SELECT c FROM sbtest4 WHERE id BETWEEN 3738739 AND 3738838 ORDER BY c
	-> Sort: sbtest4.c  (cost=20.4 rows=100)
    -> Filter: (sbtest4.id between 3738739 and 3738838)  (cost=20.4 rows=100)
        -> Index range scan on sbtest4 using PRIMARY over (3738739 <= id <= 3738838)  (cost=20.4 rows=100)


table 5 : explain SELECT c FROM sbtest5 WHERE id BETWEEN 6977584 AND 6977683 ORDER BY c
	-> Sort: sbtest5.c  (cost=20.4 rows=100)
    -> Filter: (sbtest5.id between 6977584 and 6977683)  (cost=20.4 rows=100)
        -> Index range scan on sbtest5 using PRIMARY over (6977584 <= id <= 6977683)  (cost=20.4 rows=100)


table 6 : explain SELECT c FROM sbtest6 WHERE id BETWEEN 7298436 AND 7298535 ORDER BY c
	-> Sort: sbtest6.c  (cost=20.4 rows=100)
    -> Filter: (sbtest6.id between 7298436 and 7298535)  (cost=20.4 rows=100)
        -> Index range scan on sbtest6 using PRIMARY over (7298436 <= id <= 7298535)  (cost=20.4 rows=100)


table 7 : explain SELECT c FROM sbtest7 WHERE id BETWEEN 9156439 AND 9156538 ORDER BY c
	-> Sort: sbtest7.c  (cost=20.4 rows=100)
    -> Filter: (sbtest7.id between 9156439 and 9156538)  (cost=20.4 rows=100)
        -> Index range scan on sbtest7 using PRIMARY over (9156439 <= id <= 9156538)  (cost=20.4 rows=100)


table 8 : explain SELECT c FROM sbtest8 WHERE id BETWEEN 260700 AND 260799 ORDER BY c
	-> Sort: sbtest8.c  (cost=20.4 rows=100)
    -> Filter: (sbtest8.id between 260700 and 260799)  (cost=20.4 rows=100)
        -> Index range scan on sbtest8 using PRIMARY over (260700 <= id <= 260799)  (cost=20.4 rows=100)


for: order_ranges
table 1 : explain SELECT c FROM sbtest1 WHERE id BETWEEN 1278077 AND 1278176 ORDER BY c
	-> Sort: sbtest1.c  (cost=20.4 rows=100)
    -> Filter: (sbtest1.id between 1278077 and 1278176)  (cost=20.4 rows=100)
        -> Index range scan on sbtest1 using PRIMARY over (1278077 <= id <= 1278176)  (cost=20.4 rows=100)


table 2 : explain SELECT c FROM sbtest2 WHERE id BETWEEN 2294741 AND 2294840 ORDER BY c
	-> Sort: sbtest2.c  (cost=20.4 rows=100)
    -> Filter: (sbtest2.id between 2294741 and 2294840)  (cost=20.4 rows=100)
        -> Index range scan on sbtest2 using PRIMARY over (2294741 <= id <= 2294840)  (cost=20.4 rows=100)


table 3 : explain SELECT c FROM sbtest3 WHERE id BETWEEN 3750825 AND 3750924 ORDER BY c
	-> Sort: sbtest3.c  (cost=20.4 rows=100)
    -> Filter: (sbtest3.id between 3750825 and 3750924)  (cost=20.4 rows=100)
        -> Index range scan on sbtest3 using PRIMARY over (3750825 <= id <= 3750924)  (cost=20.4 rows=100)


table 4 : explain SELECT c FROM sbtest4 WHERE id BETWEEN 1274603 AND 1274702 ORDER BY c
	-> Sort: sbtest4.c  (cost=20.4 rows=100)
    -> Filter: (sbtest4.id between 1274603 and 1274702)  (cost=20.4 rows=100)
        -> Index range scan on sbtest4 using PRIMARY over (1274603 <= id <= 1274702)  (cost=20.4 rows=100)


table 5 : explain SELECT c FROM sbtest5 WHERE id BETWEEN 232547 AND 232646 ORDER BY c
	-> Sort: sbtest5.c  (cost=20.4 rows=100)
    -> Filter: (sbtest5.id between 232547 and 232646)  (cost=20.4 rows=100)
        -> Index range scan on sbtest5 using PRIMARY over (232547 <= id <= 232646)  (cost=20.4 rows=100)


table 6 : explain SELECT c FROM sbtest6 WHERE id BETWEEN 2704277 AND 2704376 ORDER BY c
	-> Sort: sbtest6.c  (cost=20.4 rows=100)
    -> Filter: (sbtest6.id between 2704277 and 2704376)  (cost=20.4 rows=100)
        -> Index range scan on sbtest6 using PRIMARY over (2704277 <= id <= 2704376)  (cost=20.4 rows=100)


table 7 : explain SELECT c FROM sbtest7 WHERE id BETWEEN 2258159 AND 2258258 ORDER BY c
	-> Sort: sbtest7.c  (cost=20.4 rows=100)
    -> Filter: (sbtest7.id between 2258159 and 2258258)  (cost=20.4 rows=100)
        -> Index range scan on sbtest7 using PRIMARY over (2258159 <= id <= 2258258)  (cost=20.4 rows=100)


table 8 : explain SELECT c FROM sbtest8 WHERE id BETWEEN 5366087 AND 5366186 ORDER BY c
	-> Sort: sbtest8.c  (cost=20.4 rows=100)
    -> Filter: (sbtest8.id between 5366087 and 5366186)  (cost=20.4 rows=100)
        -> Index range scan on sbtest8 using PRIMARY over (5366087 <= id <= 5366186)  (cost=20.4 rows=100)


for: order_ranges
table 1 : explain SELECT c FROM sbtest1 WHERE id BETWEEN 287280 AND 287379 ORDER BY c
	-> Sort: sbtest1.c  (cost=20.4 rows=100)
    -> Filter: (sbtest1.id between 287280 and 287379)  (cost=20.4 rows=100)
        -> Index range scan on sbtest1 using PRIMARY over (287280 <= id <= 287379)  (cost=20.4 rows=100)


table 2 : explain SELECT c FROM sbtest2 WHERE id BETWEEN 5433978 AND 5434077 ORDER BY c
	-> Sort: sbtest2.c  (cost=20.4 rows=100)
    -> Filter: (sbtest2.id between 5433978 and 5434077)  (cost=20.4 rows=100)
        -> Index range scan on sbtest2 using PRIMARY over (5433978 <= id <= 5434077)  (cost=20.4 rows=100)


table 3 : explain SELECT c FROM sbtest3 WHERE id BETWEEN 4350731 AND 4350830 ORDER BY c
	-> Sort: sbtest3.c  (cost=20.4 rows=100)
    -> Filter: (sbtest3.id between 4350731 and 4350830)  (cost=20.4 rows=100)
        -> Index range scan on sbtest3 using PRIMARY over (4350731 <= id <= 4350830)  (cost=20.4 rows=100)


table 4 : explain SELECT c FROM sbtest4 WHERE id BETWEEN 9983802 AND 9983901 ORDER BY c
	-> Sort: sbtest4.c  (cost=20.4 rows=100)
    -> Filter: (sbtest4.id between 9983802 and 9983901)  (cost=20.4 rows=100)
        -> Index range scan on sbtest4 using PRIMARY over (9983802 <= id <= 9983901)  (cost=20.4 rows=100)


table 5 : explain SELECT c FROM sbtest5 WHERE id BETWEEN 949382 AND 949481 ORDER BY c
	-> Sort: sbtest5.c  (cost=20.4 rows=100)
    -> Filter: (sbtest5.id between 949382 and 949481)  (cost=20.4 rows=100)
        -> Index range scan on sbtest5 using PRIMARY over (949382 <= id <= 949481)  (cost=20.4 rows=100)


table 6 : explain SELECT c FROM sbtest6 WHERE id BETWEEN 5193947 AND 5194046 ORDER BY c
	-> Sort: sbtest6.c  (cost=20.4 rows=100)
    -> Filter: (sbtest6.id between 5193947 and 5194046)  (cost=20.4 rows=100)
        -> Index range scan on sbtest6 using PRIMARY over (5193947 <= id <= 5194046)  (cost=20.4 rows=100)


table 7 : explain SELECT c FROM sbtest7 WHERE id BETWEEN 841736 AND 841835 ORDER BY c
	-> Sort: sbtest7.c  (cost=20.4 rows=100)
    -> Filter: (sbtest7.id between 841736 and 841835)  (cost=20.4 rows=100)
        -> Index range scan on sbtest7 using PRIMARY over (841736 <= id <= 841835)  (cost=20.4 rows=100)


table 8 : explain SELECT c FROM sbtest8 WHERE id BETWEEN 8381553 AND 8381652 ORDER BY c
	-> Sort: sbtest8.c  (cost=20.4 rows=100)
    -> Filter: (sbtest8.id between 8381553 and 8381652)  (cost=20.4 rows=100)
        -> Index range scan on sbtest8 using PRIMARY over (8381553 <= id <= 8381652)  (cost=20.4 rows=100)


for: order_ranges
table 1 : explain SELECT c FROM sbtest1 WHERE id BETWEEN 4615407 AND 4615506 ORDER BY c
	-> Sort: sbtest1.c  (cost=20.4 rows=100)
    -> Filter: (sbtest1.id between 4615407 and 4615506)  (cost=20.4 rows=100)
        -> Index range scan on sbtest1 using PRIMARY over (4615407 <= id <= 4615506)  (cost=20.4 rows=100)


table 2 : explain SELECT c FROM sbtest2 WHERE id BETWEEN 7904108 AND 7904207 ORDER BY c
	-> Sort: sbtest2.c  (cost=20.4 rows=100)
    -> Filter: (sbtest2.id between 7904108 and 7904207)  (cost=20.4 rows=100)
        -> Index range scan on sbtest2 using PRIMARY over (7904108 <= id <= 7904207)  (cost=20.4 rows=100)


table 3 : explain SELECT c FROM sbtest3 WHERE id BETWEEN 6047012 AND 6047111 ORDER BY c
	-> Sort: sbtest3.c  (cost=20.4 rows=100)
    -> Filter: (sbtest3.id between 6047012 and 6047111)  (cost=20.4 rows=100)
        -> Index range scan on sbtest3 using PRIMARY over (6047012 <= id <= 6047111)  (cost=20.4 rows=100)


table 4 : explain SELECT c FROM sbtest4 WHERE id BETWEEN 9481929 AND 9482028 ORDER BY c
	-> Sort: sbtest4.c  (cost=20.4 rows=100)
    -> Filter: (sbtest4.id between 9481929 and 9482028)  (cost=20.4 rows=100)
        -> Index range scan on sbtest4 using PRIMARY over (9481929 <= id <= 9482028)  (cost=20.4 rows=100)


table 5 : explain SELECT c FROM sbtest5 WHERE id BETWEEN 7047747 AND 7047846 ORDER BY c
	-> Sort: sbtest5.c  (cost=20.4 rows=100)
    -> Filter: (sbtest5.id between 7047747 and 7047846)  (cost=20.4 rows=100)
        -> Index range scan on sbtest5 using PRIMARY over (7047747 <= id <= 7047846)  (cost=20.4 rows=100)


table 6 : explain SELECT c FROM sbtest6 WHERE id BETWEEN 5310130 AND 5310229 ORDER BY c
	-> Sort: sbtest6.c  (cost=20.4 rows=100)
    -> Filter: (sbtest6.id between 5310130 and 5310229)  (cost=20.4 rows=100)
        -> Index range scan on sbtest6 using PRIMARY over (5310130 <= id <= 5310229)  (cost=20.4 rows=100)


table 7 : explain SELECT c FROM sbtest7 WHERE id BETWEEN 7657461 AND 7657560 ORDER BY c
	-> Sort: sbtest7.c  (cost=20.4 rows=100)
    -> Filter: (sbtest7.id between 7657461 and 7657560)  (cost=20.4 rows=100)
        -> Index range scan on sbtest7 using PRIMARY over (7657461 <= id <= 7657560)  (cost=20.4 rows=100)


table 8 : explain SELECT c FROM sbtest8 WHERE id BETWEEN 5924588 AND 5924687 ORDER BY c
	-> Sort: sbtest8.c  (cost=20.4 rows=100)
    -> Filter: (sbtest8.id between 5924588 and 5924687)  (cost=20.4 rows=100)
        -> Index range scan on sbtest8 using PRIMARY over (5924588 <= id <= 5924687)  (cost=20.4 rows=100)


for: order_ranges
table 1 : explain SELECT c FROM sbtest1 WHERE id BETWEEN 3756524 AND 3756623 ORDER BY c
	-> Sort: sbtest1.c  (cost=20.4 rows=100)
    -> Filter: (sbtest1.id between 3756524 and 3756623)  (cost=20.4 rows=100)
        -> Index range scan on sbtest1 using PRIMARY over (3756524 <= id <= 3756623)  (cost=20.4 rows=100)


table 2 : explain SELECT c FROM sbtest2 WHERE id BETWEEN 9072279 AND 9072378 ORDER BY c
	-> Sort: sbtest2.c  (cost=20.4 rows=100)
    -> Filter: (sbtest2.id between 9072279 and 9072378)  (cost=20.4 rows=100)
        -> Index range scan on sbtest2 using PRIMARY over (9072279 <= id <= 9072378)  (cost=20.4 rows=100)


table 3 : explain SELECT c FROM sbtest3 WHERE id BETWEEN 6312224 AND 6312323 ORDER BY c
	-> Sort: sbtest3.c  (cost=20.4 rows=100)
    -> Filter: (sbtest3.id between 6312224 and 6312323)  (cost=20.4 rows=100)
        -> Index range scan on sbtest3 using PRIMARY over (6312224 <= id <= 6312323)  (cost=20.4 rows=100)


table 4 : explain SELECT c FROM sbtest4 WHERE id BETWEEN 6122904 AND 6123003 ORDER BY c
	-> Sort: sbtest4.c  (cost=20.4 rows=100)
    -> Filter: (sbtest4.id between 6122904 and 6123003)  (cost=20.4 rows=100)
        -> Index range scan on sbtest4 using PRIMARY over (6122904 <= id <= 6123003)  (cost=20.4 rows=100)


table 5 : explain SELECT c FROM sbtest5 WHERE id BETWEEN 5838431 AND 5838530 ORDER BY c
	-> Sort: sbtest5.c  (cost=20.4 rows=100)
    -> Filter: (sbtest5.id between 5838431 and 5838530)  (cost=20.4 rows=100)
        -> Index range scan on sbtest5 using PRIMARY over (5838431 <= id <= 5838530)  (cost=20.4 rows=100)


table 6 : explain SELECT c FROM sbtest6 WHERE id BETWEEN 8854571 AND 8854670 ORDER BY c
	-> Sort: sbtest6.c  (cost=20.4 rows=100)
    -> Filter: (sbtest6.id between 8854571 and 8854670)  (cost=20.4 rows=100)
        -> Index range scan on sbtest6 using PRIMARY over (8854571 <= id <= 8854670)  (cost=20.4 rows=100)


table 7 : explain SELECT c FROM sbtest7 WHERE id BETWEEN 2035756 AND 2035855 ORDER BY c
	-> Sort: sbtest7.c  (cost=20.4 rows=100)
    -> Filter: (sbtest7.id between 2035756 and 2035855)  (cost=20.4 rows=100)
        -> Index range scan on sbtest7 using PRIMARY over (2035756 <= id <= 2035855)  (cost=20.4 rows=100)


table 8 : explain SELECT c FROM sbtest8 WHERE id BETWEEN 5331124 AND 5331223 ORDER BY c
	-> Sort: sbtest8.c  (cost=20.4 rows=100)
    -> Filter: (sbtest8.id between 5331124 and 5331223)  (cost=20.4 rows=100)
        -> Index range scan on sbtest8 using PRIMARY over (5331124 <= id <= 5331223)  (cost=20.4 rows=100)


for: order_ranges
table 1 : explain SELECT c FROM sbtest1 WHERE id BETWEEN 1276111 AND 1276210 ORDER BY c
	-> Sort: sbtest1.c  (cost=20.4 rows=100)
    -> Filter: (sbtest1.id between 1276111 and 1276210)  (cost=20.4 rows=100)
        -> Index range scan on sbtest1 using PRIMARY over (1276111 <= id <= 1276210)  (cost=20.4 rows=100)


table 2 : explain SELECT c FROM sbtest2 WHERE id BETWEEN 7350013 AND 7350112 ORDER BY c
	-> Sort: sbtest2.c  (cost=20.4 rows=100)
    -> Filter: (sbtest2.id between 7350013 and 7350112)  (cost=20.4 rows=100)
        -> Index range scan on sbtest2 using PRIMARY over (7350013 <= id <= 7350112)  (cost=20.4 rows=100)


table 3 : explain SELECT c FROM sbtest3 WHERE id BETWEEN 6741286 AND 6741385 ORDER BY c
	-> Sort: sbtest3.c  (cost=20.4 rows=100)
    -> Filter: (sbtest3.id between 6741286 and 6741385)  (cost=20.4 rows=100)
        -> Index range scan on sbtest3 using PRIMARY over (6741286 <= id <= 6741385)  (cost=20.4 rows=100)


table 4 : explain SELECT c FROM sbtest4 WHERE id BETWEEN 6058462 AND 6058561 ORDER BY c
	-> Sort: sbtest4.c  (cost=20.4 rows=100)
    -> Filter: (sbtest4.id between 6058462 and 6058561)  (cost=20.4 rows=100)
        -> Index range scan on sbtest4 using PRIMARY over (6058462 <= id <= 6058561)  (cost=20.4 rows=100)


table 5 : explain SELECT c FROM sbtest5 WHERE id BETWEEN 3762002 AND 3762101 ORDER BY c
	-> Sort: sbtest5.c  (cost=20.4 rows=100)
    -> Filter: (sbtest5.id between 3762002 and 3762101)  (cost=20.4 rows=100)
        -> Index range scan on sbtest5 using PRIMARY over (3762002 <= id <= 3762101)  (cost=20.4 rows=100)


table 6 : explain SELECT c FROM sbtest6 WHERE id BETWEEN 6037706 AND 6037805 ORDER BY c
	-> Sort: sbtest6.c  (cost=20.4 rows=100)
    -> Filter: (sbtest6.id between 6037706 and 6037805)  (cost=20.4 rows=100)
        -> Index range scan on sbtest6 using PRIMARY over (6037706 <= id <= 6037805)  (cost=20.4 rows=100)


table 7 : explain SELECT c FROM sbtest7 WHERE id BETWEEN 8243341 AND 8243440 ORDER BY c
	-> Sort: sbtest7.c  (cost=20.4 rows=100)
    -> Filter: (sbtest7.id between 8243341 and 8243440)  (cost=20.4 rows=100)
        -> Index range scan on sbtest7 using PRIMARY over (8243341 <= id <= 8243440)  (cost=20.4 rows=100)


table 8 : explain SELECT c FROM sbtest8 WHERE id BETWEEN 8564597 AND 8564696 ORDER BY c
	-> Sort: sbtest8.c  (cost=20.4 rows=100)
    -> Filter: (sbtest8.id between 8564597 and 8564696)  (cost=20.4 rows=100)
        -> Index range scan on sbtest8 using PRIMARY over (8564597 <= id <= 8564696)  (cost=20.4 rows=100)


for: order_ranges
table 1 : explain SELECT c FROM sbtest1 WHERE id BETWEEN 4316410 AND 4316509 ORDER BY c
	-> Sort: sbtest1.c  (cost=20.4 rows=100)
    -> Filter: (sbtest1.id between 4316410 and 4316509)  (cost=20.4 rows=100)
        -> Index range scan on sbtest1 using PRIMARY over (4316410 <= id <= 4316509)  (cost=20.4 rows=100)


table 2 : explain SELECT c FROM sbtest2 WHERE id BETWEEN 892226 AND 892325 ORDER BY c
	-> Sort: sbtest2.c  (cost=20.4 rows=100)
    -> Filter: (sbtest2.id between 892226 and 892325)  (cost=20.4 rows=100)
        -> Index range scan on sbtest2 using PRIMARY over (892226 <= id <= 892325)  (cost=20.4 rows=100)


table 3 : explain SELECT c FROM sbtest3 WHERE id BETWEEN 3306640 AND 3306739 ORDER BY c
	-> Sort: sbtest3.c  (cost=20.4 rows=100)
    -> Filter: (sbtest3.id between 3306640 and 3306739)  (cost=20.4 rows=100)
        -> Index range scan on sbtest3 using PRIMARY over (3306640 <= id <= 3306739)  (cost=20.4 rows=100)


table 4 : explain SELECT c FROM sbtest4 WHERE id BETWEEN 8536543 AND 8536642 ORDER BY c
	-> Sort: sbtest4.c  (cost=20.4 rows=100)
    -> Filter: (sbtest4.id between 8536543 and 8536642)  (cost=20.4 rows=100)
        -> Index range scan on sbtest4 using PRIMARY over (8536543 <= id <= 8536642)  (cost=20.4 rows=100)


table 5 : explain SELECT c FROM sbtest5 WHERE id BETWEEN 3357604 AND 3357703 ORDER BY c
	-> Sort: sbtest5.c  (cost=20.4 rows=100)
    -> Filter: (sbtest5.id between 3357604 and 3357703)  (cost=20.4 rows=100)
        -> Index range scan on sbtest5 using PRIMARY over (3357604 <= id <= 3357703)  (cost=20.4 rows=100)


table 6 : explain SELECT c FROM sbtest6 WHERE id BETWEEN 3140053 AND 3140152 ORDER BY c
	-> Sort: sbtest6.c  (cost=20.4 rows=100)
    -> Filter: (sbtest6.id between 3140053 and 3140152)  (cost=20.4 rows=100)
        -> Index range scan on sbtest6 using PRIMARY over (3140053 <= id <= 3140152)  (cost=20.4 rows=100)


table 7 : explain SELECT c FROM sbtest7 WHERE id BETWEEN 3302279 AND 3302378 ORDER BY c
	-> Sort: sbtest7.c  (cost=20.4 rows=100)
    -> Filter: (sbtest7.id between 3302279 and 3302378)  (cost=20.4 rows=100)
        -> Index range scan on sbtest7 using PRIMARY over (3302279 <= id <= 3302378)  (cost=20.4 rows=100)


table 8 : explain SELECT c FROM sbtest8 WHERE id BETWEEN 7075421 AND 7075520 ORDER BY c
	-> Sort: sbtest8.c  (cost=20.4 rows=100)
    -> Filter: (sbtest8.id between 7075421 and 7075520)  (cost=20.4 rows=100)
        -> Index range scan on sbtest8 using PRIMARY over (7075421 <= id <= 7075520)  (cost=20.4 rows=100)


for: order_ranges
table 1 : explain SELECT c FROM sbtest1 WHERE id BETWEEN 7615980 AND 7616079 ORDER BY c
	-> Sort: sbtest1.c  (cost=20.4 rows=100)
    -> Filter: (sbtest1.id between 7615980 and 7616079)  (cost=20.4 rows=100)
        -> Index range scan on sbtest1 using PRIMARY over (7615980 <= id <= 7616079)  (cost=20.4 rows=100)


table 2 : explain SELECT c FROM sbtest2 WHERE id BETWEEN 4160050 AND 4160149 ORDER BY c
	-> Sort: sbtest2.c  (cost=20.4 rows=100)
    -> Filter: (sbtest2.id between 4160050 and 4160149)  (cost=20.4 rows=100)
        -> Index range scan on sbtest2 using PRIMARY over (4160050 <= id <= 4160149)  (cost=20.4 rows=100)


table 3 : explain SELECT c FROM sbtest3 WHERE id BETWEEN 9734105 AND 9734204 ORDER BY c
	-> Sort: sbtest3.c  (cost=20.4 rows=100)
    -> Filter: (sbtest3.id between 9734105 and 9734204)  (cost=20.4 rows=100)
        -> Index range scan on sbtest3 using PRIMARY over (9734105 <= id <= 9734204)  (cost=20.4 rows=100)


table 4 : explain SELECT c FROM sbtest4 WHERE id BETWEEN 9222917 AND 9223016 ORDER BY c
	-> Sort: sbtest4.c  (cost=20.4 rows=100)
    -> Filter: (sbtest4.id between 9222917 and 9223016)  (cost=20.4 rows=100)
        -> Index range scan on sbtest4 using PRIMARY over (9222917 <= id <= 9223016)  (cost=20.4 rows=100)


table 5 : explain SELECT c FROM sbtest5 WHERE id BETWEEN 7198697 AND 7198796 ORDER BY c
	-> Sort: sbtest5.c  (cost=20.4 rows=100)
    -> Filter: (sbtest5.id between 7198697 and 7198796)  (cost=20.4 rows=100)
        -> Index range scan on sbtest5 using PRIMARY over (7198697 <= id <= 7198796)  (cost=20.4 rows=100)


table 6 : explain SELECT c FROM sbtest6 WHERE id BETWEEN 4225212 AND 4225311 ORDER BY c
	-> Sort: sbtest6.c  (cost=20.4 rows=100)
    -> Filter: (sbtest6.id between 4225212 and 4225311)  (cost=20.4 rows=100)
        -> Index range scan on sbtest6 using PRIMARY over (4225212 <= id <= 4225311)  (cost=20.4 rows=100)


table 7 : explain SELECT c FROM sbtest7 WHERE id BETWEEN 1573004 AND 1573103 ORDER BY c
	-> Sort: sbtest7.c  (cost=20.4 rows=100)
    -> Filter: (sbtest7.id between 1573004 and 1573103)  (cost=20.4 rows=100)
        -> Index range scan on sbtest7 using PRIMARY over (1573004 <= id <= 1573103)  (cost=20.4 rows=100)


table 8 : explain SELECT c FROM sbtest8 WHERE id BETWEEN 3017686 AND 3017785 ORDER BY c
	-> Sort: sbtest8.c  (cost=20.4 rows=100)
    -> Filter: (sbtest8.id between 3017686 and 3017785)  (cost=20.4 rows=100)
        -> Index range scan on sbtest8 using PRIMARY over (3017686 <= id <= 3017785)  (cost=20.4 rows=100)


for: order_ranges
table 1 : explain SELECT c FROM sbtest1 WHERE id BETWEEN 6690826 AND 6690925 ORDER BY c
	-> Sort: sbtest1.c  (cost=20.4 rows=100)
    -> Filter: (sbtest1.id between 6690826 and 6690925)  (cost=20.4 rows=100)
        -> Index range scan on sbtest1 using PRIMARY over (6690826 <= id <= 6690925)  (cost=20.4 rows=100)


table 2 : explain SELECT c FROM sbtest2 WHERE id BETWEEN 7328613 AND 7328712 ORDER BY c
	-> Sort: sbtest2.c  (cost=20.4 rows=100)
    -> Filter: (sbtest2.id between 7328613 and 7328712)  (cost=20.4 rows=100)
        -> Index range scan on sbtest2 using PRIMARY over (7328613 <= id <= 7328712)  (cost=20.4 rows=100)


table 3 : explain SELECT c FROM sbtest3 WHERE id BETWEEN 2739645 AND 2739744 ORDER BY c
	-> Sort: sbtest3.c  (cost=20.4 rows=100)
    -> Filter: (sbtest3.id between 2739645 and 2739744)  (cost=20.4 rows=100)
        -> Index range scan on sbtest3 using PRIMARY over (2739645 <= id <= 2739744)  (cost=20.4 rows=100)


table 4 : explain SELECT c FROM sbtest4 WHERE id BETWEEN 5627954 AND 5628053 ORDER BY c
	-> Sort: sbtest4.c  (cost=20.4 rows=100)
    -> Filter: (sbtest4.id between 5627954 and 5628053)  (cost=20.4 rows=100)
        -> Index range scan on sbtest4 using PRIMARY over (5627954 <= id <= 5628053)  (cost=20.4 rows=100)


table 5 : explain SELECT c FROM sbtest5 WHERE id BETWEEN 6459269 AND 6459368 ORDER BY c
	-> Sort: sbtest5.c  (cost=20.4 rows=100)
    -> Filter: (sbtest5.id between 6459269 and 6459368)  (cost=20.4 rows=100)
        -> Index range scan on sbtest5 using PRIMARY over (6459269 <= id <= 6459368)  (cost=20.4 rows=100)


table 6 : explain SELECT c FROM sbtest6 WHERE id BETWEEN 2401525 AND 2401624 ORDER BY c
	-> Sort: sbtest6.c  (cost=20.4 rows=100)
    -> Filter: (sbtest6.id between 2401525 and 2401624)  (cost=20.4 rows=100)
        -> Index range scan on sbtest6 using PRIMARY over (2401525 <= id <= 2401624)  (cost=20.4 rows=100)


table 7 : explain SELECT c FROM sbtest7 WHERE id BETWEEN 3767823 AND 3767922 ORDER BY c
	-> Sort: sbtest7.c  (cost=20.4 rows=100)
    -> Filter: (sbtest7.id between 3767823 and 3767922)  (cost=20.4 rows=100)
        -> Index range scan on sbtest7 using PRIMARY over (3767823 <= id <= 3767922)  (cost=20.4 rows=100)


table 8 : explain SELECT c FROM sbtest8 WHERE id BETWEEN 2361507 AND 2361606 ORDER BY c
	-> Sort: sbtest8.c  (cost=20.4 rows=100)
    -> Filter: (sbtest8.id between 2361507 and 2361606)  (cost=20.4 rows=100)
        -> Index range scan on sbtest8 using PRIMARY over (2361507 <= id <= 2361606)  (cost=20.4 rows=100)


for: order_ranges
table 1 : explain SELECT c FROM sbtest1 WHERE id BETWEEN 2052482 AND 2052581 ORDER BY c
	-> Sort: sbtest1.c  (cost=20.4 rows=100)
    -> Filter: (sbtest1.id between 2052482 and 2052581)  (cost=20.4 rows=100)
        -> Index range scan on sbtest1 using PRIMARY over (2052482 <= id <= 2052581)  (cost=20.4 rows=100)


table 2 : explain SELECT c FROM sbtest2 WHERE id BETWEEN 7717566 AND 7717665 ORDER BY c
	-> Sort: sbtest2.c  (cost=20.4 rows=100)
    -> Filter: (sbtest2.id between 7717566 and 7717665)  (cost=20.4 rows=100)
        -> Index range scan on sbtest2 using PRIMARY over (7717566 <= id <= 7717665)  (cost=20.4 rows=100)


table 3 : explain SELECT c FROM sbtest3 WHERE id BETWEEN 5944344 AND 5944443 ORDER BY c
	-> Sort: sbtest3.c  (cost=20.4 rows=100)
    -> Filter: (sbtest3.id between 5944344 and 5944443)  (cost=20.4 rows=100)
        -> Index range scan on sbtest3 using PRIMARY over (5944344 <= id <= 5944443)  (cost=20.4 rows=100)


table 4 : explain SELECT c FROM sbtest4 WHERE id BETWEEN 5571403 AND 5571502 ORDER BY c
	-> Sort: sbtest4.c  (cost=20.4 rows=100)
    -> Filter: (sbtest4.id between 5571403 and 5571502)  (cost=20.4 rows=100)
        -> Index range scan on sbtest4 using PRIMARY over (5571403 <= id <= 5571502)  (cost=20.4 rows=100)


table 5 : explain SELECT c FROM sbtest5 WHERE id BETWEEN 6328145 AND 6328244 ORDER BY c
	-> Sort: sbtest5.c  (cost=20.4 rows=100)
    -> Filter: (sbtest5.id between 6328145 and 6328244)  (cost=20.4 rows=100)
        -> Index range scan on sbtest5 using PRIMARY over (6328145 <= id <= 6328244)  (cost=20.4 rows=100)


table 6 : explain SELECT c FROM sbtest6 WHERE id BETWEEN 1809611 AND 1809710 ORDER BY c
	-> Sort: sbtest6.c  (cost=20.4 rows=100)
    -> Filter: (sbtest6.id between 1809611 and 1809710)  (cost=20.4 rows=100)
        -> Index range scan on sbtest6 using PRIMARY over (1809611 <= id <= 1809710)  (cost=20.4 rows=100)


table 7 : explain SELECT c FROM sbtest7 WHERE id BETWEEN 1945441 AND 1945540 ORDER BY c
	-> Sort: sbtest7.c  (cost=20.4 rows=100)
    -> Filter: (sbtest7.id between 1945441 and 1945540)  (cost=20.4 rows=100)
        -> Index range scan on sbtest7 using PRIMARY over (1945441 <= id <= 1945540)  (cost=20.4 rows=100)


table 8 : explain SELECT c FROM sbtest8 WHERE id BETWEEN 9958746 AND 9958845 ORDER BY c
	-> Sort: sbtest8.c  (cost=20.4 rows=100)
    -> Filter: (sbtest8.id between 9958746 and 9958845)  (cost=20.4 rows=100)
        -> Index range scan on sbtest8 using PRIMARY over (9958746 <= id <= 9958845)  (cost=20.4 rows=100)


for: order_ranges
table 1 : explain SELECT c FROM sbtest1 WHERE id BETWEEN 3937771 AND 3937870 ORDER BY c
	-> Sort: sbtest1.c  (cost=20.4 rows=100)
    -> Filter: (sbtest1.id between 3937771 and 3937870)  (cost=20.4 rows=100)
        -> Index range scan on sbtest1 using PRIMARY over (3937771 <= id <= 3937870)  (cost=20.4 rows=100)


table 2 : explain SELECT c FROM sbtest2 WHERE id BETWEEN 7517331 AND 7517430 ORDER BY c
	-> Sort: sbtest2.c  (cost=20.4 rows=100)
    -> Filter: (sbtest2.id between 7517331 and 7517430)  (cost=20.4 rows=100)
        -> Index range scan on sbtest2 using PRIMARY over (7517331 <= id <= 7517430)  (cost=20.4 rows=100)


table 3 : explain SELECT c FROM sbtest3 WHERE id BETWEEN 4198314 AND 4198413 ORDER BY c
	-> Sort: sbtest3.c  (cost=20.4 rows=100)
    -> Filter: (sbtest3.id between 4198314 and 4198413)  (cost=20.4 rows=100)
        -> Index range scan on sbtest3 using PRIMARY over (4198314 <= id <= 4198413)  (cost=20.4 rows=100)


table 4 : explain SELECT c FROM sbtest4 WHERE id BETWEEN 785968 AND 786067 ORDER BY c
	-> Sort: sbtest4.c  (cost=20.4 rows=100)
    -> Filter: (sbtest4.id between 785968 and 786067)  (cost=20.4 rows=100)
        -> Index range scan on sbtest4 using PRIMARY over (785968 <= id <= 786067)  (cost=20.4 rows=100)


table 5 : explain SELECT c FROM sbtest5 WHERE id BETWEEN 3738616 AND 3738715 ORDER BY c
	-> Sort: sbtest5.c  (cost=20.4 rows=100)
    -> Filter: (sbtest5.id between 3738616 and 3738715)  (cost=20.4 rows=100)
        -> Index range scan on sbtest5 using PRIMARY over (3738616 <= id <= 3738715)  (cost=20.4 rows=100)


table 6 : explain SELECT c FROM sbtest6 WHERE id BETWEEN 3930397 AND 3930496 ORDER BY c
	-> Sort: sbtest6.c  (cost=20.4 rows=100)
    -> Filter: (sbtest6.id between 3930397 and 3930496)  (cost=20.4 rows=100)
        -> Index range scan on sbtest6 using PRIMARY over (3930397 <= id <= 3930496)  (cost=20.4 rows=100)


table 7 : explain SELECT c FROM sbtest7 WHERE id BETWEEN 5670540 AND 5670639 ORDER BY c
	-> Sort: sbtest7.c  (cost=20.4 rows=100)
    -> Filter: (sbtest7.id between 5670540 and 5670639)  (cost=20.4 rows=100)
        -> Index range scan on sbtest7 using PRIMARY over (5670540 <= id <= 5670639)  (cost=20.4 rows=100)


table 8 : explain SELECT c FROM sbtest8 WHERE id BETWEEN 2608826 AND 2608925 ORDER BY c
	-> Sort: sbtest8.c  (cost=20.4 rows=100)
    -> Filter: (sbtest8.id between 2608826 and 2608925)  (cost=20.4 rows=100)
        -> Index range scan on sbtest8 using PRIMARY over (2608826 <= id <= 2608925)  (cost=20.4 rows=100)


for: order_ranges
table 1 : explain SELECT c FROM sbtest1 WHERE id BETWEEN 2722257 AND 2722356 ORDER BY c
	-> Sort: sbtest1.c  (cost=20.4 rows=100)
    -> Filter: (sbtest1.id between 2722257 and 2722356)  (cost=20.4 rows=100)
        -> Index range scan on sbtest1 using PRIMARY over (2722257 <= id <= 2722356)  (cost=20.4 rows=100)


table 2 : explain SELECT c FROM sbtest2 WHERE id BETWEEN 7956005 AND 7956104 ORDER BY c
	-> Sort: sbtest2.c  (cost=20.4 rows=100)
    -> Filter: (sbtest2.id between 7956005 and 7956104)  (cost=20.4 rows=100)
        -> Index range scan on sbtest2 using PRIMARY over (7956005 <= id <= 7956104)  (cost=20.4 rows=100)


table 3 : explain SELECT c FROM sbtest3 WHERE id BETWEEN 22645 AND 22744 ORDER BY c
	-> Sort: sbtest3.c  (cost=20.4 rows=100)
    -> Filter: (sbtest3.id between 22645 and 22744)  (cost=20.4 rows=100)
        -> Index range scan on sbtest3 using PRIMARY over (22645 <= id <= 22744)  (cost=20.4 rows=100)


table 4 : explain SELECT c FROM sbtest4 WHERE id BETWEEN 9741574 AND 9741673 ORDER BY c
	-> Sort: sbtest4.c  (cost=20.4 rows=100)
    -> Filter: (sbtest4.id between 9741574 and 9741673)  (cost=20.4 rows=100)
        -> Index range scan on sbtest4 using PRIMARY over (9741574 <= id <= 9741673)  (cost=20.4 rows=100)


table 5 : explain SELECT c FROM sbtest5 WHERE id BETWEEN 8261775 AND 8261874 ORDER BY c
	-> Sort: sbtest5.c  (cost=20.4 rows=100)
    -> Filter: (sbtest5.id between 8261775 and 8261874)  (cost=20.4 rows=100)
        -> Index range scan on sbtest5 using PRIMARY over (8261775 <= id <= 8261874)  (cost=20.4 rows=100)


table 6 : explain SELECT c FROM sbtest6 WHERE id BETWEEN 9807327 AND 9807426 ORDER BY c
	-> Sort: sbtest6.c  (cost=20.4 rows=100)
    -> Filter: (sbtest6.id between 9807327 and 9807426)  (cost=20.4 rows=100)
        -> Index range scan on sbtest6 using PRIMARY over (9807327 <= id <= 9807426)  (cost=20.4 rows=100)


table 7 : explain SELECT c FROM sbtest7 WHERE id BETWEEN 1441235 AND 1441334 ORDER BY c
	-> Sort: sbtest7.c  (cost=20.4 rows=100)
    -> Filter: (sbtest7.id between 1441235 and 1441334)  (cost=20.4 rows=100)
        -> Index range scan on sbtest7 using PRIMARY over (1441235 <= id <= 1441334)  (cost=20.4 rows=100)


table 8 : explain SELECT c FROM sbtest8 WHERE id BETWEEN 2175539 AND 2175638 ORDER BY c
	-> Sort: sbtest8.c  (cost=20.4 rows=100)
    -> Filter: (sbtest8.id between 2175539 and 2175638)  (cost=20.4 rows=100)
        -> Index range scan on sbtest8 using PRIMARY over (2175539 <= id <= 2175638)  (cost=20.4 rows=100)


for: order_ranges
table 1 : explain SELECT c FROM sbtest1 WHERE id BETWEEN 1426646 AND 1426745 ORDER BY c
	-> Sort: sbtest1.c  (cost=20.4 rows=100)
    -> Filter: (sbtest1.id between 1426646 and 1426745)  (cost=20.4 rows=100)
        -> Index range scan on sbtest1 using PRIMARY over (1426646 <= id <= 1426745)  (cost=20.4 rows=100)


table 2 : explain SELECT c FROM sbtest2 WHERE id BETWEEN 2454165 AND 2454264 ORDER BY c
	-> Sort: sbtest2.c  (cost=20.4 rows=100)
    -> Filter: (sbtest2.id between 2454165 and 2454264)  (cost=20.4 rows=100)
        -> Index range scan on sbtest2 using PRIMARY over (2454165 <= id <= 2454264)  (cost=20.4 rows=100)


table 3 : explain SELECT c FROM sbtest3 WHERE id BETWEEN 4200478 AND 4200577 ORDER BY c
	-> Sort: sbtest3.c  (cost=20.4 rows=100)
    -> Filter: (sbtest3.id between 4200478 and 4200577)  (cost=20.4 rows=100)
        -> Index range scan on sbtest3 using PRIMARY over (4200478 <= id <= 4200577)  (cost=20.4 rows=100)


table 4 : explain SELECT c FROM sbtest4 WHERE id BETWEEN 4702211 AND 4702310 ORDER BY c
	-> Sort: sbtest4.c  (cost=20.4 rows=100)
    -> Filter: (sbtest4.id between 4702211 and 4702310)  (cost=20.4 rows=100)
        -> Index range scan on sbtest4 using PRIMARY over (4702211 <= id <= 4702310)  (cost=20.4 rows=100)


table 5 : explain SELECT c FROM sbtest5 WHERE id BETWEEN 6623257 AND 6623356 ORDER BY c
	-> Sort: sbtest5.c  (cost=20.4 rows=100)
    -> Filter: (sbtest5.id between 6623257 and 6623356)  (cost=20.4 rows=100)
        -> Index range scan on sbtest5 using PRIMARY over (6623257 <= id <= 6623356)  (cost=20.4 rows=100)


table 6 : explain SELECT c FROM sbtest6 WHERE id BETWEEN 8302826 AND 8302925 ORDER BY c
	-> Sort: sbtest6.c  (cost=20.4 rows=100)
    -> Filter: (sbtest6.id between 8302826 and 8302925)  (cost=20.4 rows=100)
        -> Index range scan on sbtest6 using PRIMARY over (8302826 <= id <= 8302925)  (cost=20.4 rows=100)


table 7 : explain SELECT c FROM sbtest7 WHERE id BETWEEN 6345177 AND 6345276 ORDER BY c
	-> Sort: sbtest7.c  (cost=20.4 rows=100)
    -> Filter: (sbtest7.id between 6345177 and 6345276)  (cost=20.4 rows=100)
        -> Index range scan on sbtest7 using PRIMARY over (6345177 <= id <= 6345276)  (cost=20.4 rows=100)


table 8 : explain SELECT c FROM sbtest8 WHERE id BETWEEN 4808708 AND 4808807 ORDER BY c
	-> Sort: sbtest8.c  (cost=20.4 rows=100)
    -> Filter: (sbtest8.id between 4808708 and 4808807)  (cost=20.4 rows=100)
        -> Index range scan on sbtest8 using PRIMARY over (4808708 <= id <= 4808807)  (cost=20.4 rows=100)


for: order_ranges
table 1 : explain SELECT c FROM sbtest1 WHERE id BETWEEN 583025 AND 583124 ORDER BY c
	-> Sort: sbtest1.c  (cost=20.4 rows=100)
    -> Filter: (sbtest1.id between 583025 and 583124)  (cost=20.4 rows=100)
        -> Index range scan on sbtest1 using PRIMARY over (583025 <= id <= 583124)  (cost=20.4 rows=100)


table 2 : explain SELECT c FROM sbtest2 WHERE id BETWEEN 7513485 AND 7513584 ORDER BY c
	-> Sort: sbtest2.c  (cost=20.4 rows=100)
    -> Filter: (sbtest2.id between 7513485 and 7513584)  (cost=20.4 rows=100)
        -> Index range scan on sbtest2 using PRIMARY over (7513485 <= id <= 7513584)  (cost=20.4 rows=100)


table 3 : explain SELECT c FROM sbtest3 WHERE id BETWEEN 5769222 AND 5769321 ORDER BY c
	-> Sort: sbtest3.c  (cost=20.4 rows=100)
    -> Filter: (sbtest3.id between 5769222 and 5769321)  (cost=20.4 rows=100)
        -> Index range scan on sbtest3 using PRIMARY over (5769222 <= id <= 5769321)  (cost=20.4 rows=100)


table 4 : explain SELECT c FROM sbtest4 WHERE id BETWEEN 4341364 AND 4341463 ORDER BY c
	-> Sort: sbtest4.c  (cost=20.4 rows=100)
    -> Filter: (sbtest4.id between 4341364 and 4341463)  (cost=20.4 rows=100)
        -> Index range scan on sbtest4 using PRIMARY over (4341364 <= id <= 4341463)  (cost=20.4 rows=100)


table 5 : explain SELECT c FROM sbtest5 WHERE id BETWEEN 5471516 AND 5471615 ORDER BY c
	-> Sort: sbtest5.c  (cost=20.4 rows=100)
    -> Filter: (sbtest5.id between 5471516 and 5471615)  (cost=20.4 rows=100)
        -> Index range scan on sbtest5 using PRIMARY over (5471516 <= id <= 5471615)  (cost=20.4 rows=100)


table 6 : explain SELECT c FROM sbtest6 WHERE id BETWEEN 263175 AND 263274 ORDER BY c
	-> Sort: sbtest6.c  (cost=20.4 rows=100)
    -> Filter: (sbtest6.id between 263175 and 263274)  (cost=20.4 rows=100)
        -> Index range scan on sbtest6 using PRIMARY over (263175 <= id <= 263274)  (cost=20.4 rows=100)


table 7 : explain SELECT c FROM sbtest7 WHERE id BETWEEN 9260693 AND 9260792 ORDER BY c
	-> Sort: sbtest7.c  (cost=20.4 rows=100)
    -> Filter: (sbtest7.id between 9260693 and 9260792)  (cost=20.4 rows=100)
        -> Index range scan on sbtest7 using PRIMARY over (9260693 <= id <= 9260792)  (cost=20.4 rows=100)


table 8 : explain SELECT c FROM sbtest8 WHERE id BETWEEN 4056553 AND 4056652 ORDER BY c
	-> Sort: sbtest8.c  (cost=20.4 rows=100)
    -> Filter: (sbtest8.id between 4056553 and 4056652)  (cost=20.4 rows=100)
        -> Index range scan on sbtest8 using PRIMARY over (4056553 <= id <= 4056652)  (cost=20.4 rows=100)


for: distinct_ranges
table 1 : explain SELECT DISTINCT c FROM sbtest1 WHERE id BETWEEN 5899312 AND 5899411 ORDER BY c
	-> Sort: sbtest1.c
    -> Table scan on <temporary>  (cost=43.5..47.2 rows=100)
        -> Temporary table with deduplication  (cost=43.5..43.5 rows=100)
            -> Filter: (sbtest1.id between 5899312 and 5899411)  (cost=20.4 rows=100)
                -> Index range scan on sbtest1 using PRIMARY over (5899312 <= id <= 5899411)  (cost=20.4 rows=100)


table 2 : explain SELECT DISTINCT c FROM sbtest2 WHERE id BETWEEN 934085 AND 934184 ORDER BY c
	-> Sort: sbtest2.c
    -> Table scan on <temporary>  (cost=43.5..47.2 rows=100)
        -> Temporary table with deduplication  (cost=43.5..43.5 rows=100)
            -> Filter: (sbtest2.id between 934085 and 934184)  (cost=20.4 rows=100)
                -> Index range scan on sbtest2 using PRIMARY over (934085 <= id <= 934184)  (cost=20.4 rows=100)


table 3 : explain SELECT DISTINCT c FROM sbtest3 WHERE id BETWEEN 5890775 AND 5890874 ORDER BY c
	-> Sort: sbtest3.c
    -> Table scan on <temporary>  (cost=43.5..47.2 rows=100)
        -> Temporary table with deduplication  (cost=43.5..43.5 rows=100)
            -> Filter: (sbtest3.id between 5890775 and 5890874)  (cost=20.4 rows=100)
                -> Index range scan on sbtest3 using PRIMARY over (5890775 <= id <= 5890874)  (cost=20.4 rows=100)


table 4 : explain SELECT DISTINCT c FROM sbtest4 WHERE id BETWEEN 4150017 AND 4150116 ORDER BY c
	-> Sort: sbtest4.c
    -> Table scan on <temporary>  (cost=43.5..47.2 rows=100)
        -> Temporary table with deduplication  (cost=43.5..43.5 rows=100)
            -> Filter: (sbtest4.id between 4150017 and 4150116)  (cost=20.4 rows=100)
                -> Index range scan on sbtest4 using PRIMARY over (4150017 <= id <= 4150116)  (cost=20.4 rows=100)


table 5 : explain SELECT DISTINCT c FROM sbtest5 WHERE id BETWEEN 5201702 AND 5201801 ORDER BY c
	-> Sort: sbtest5.c
    -> Table scan on <temporary>  (cost=43.5..47.2 rows=100)
        -> Temporary table with deduplication  (cost=43.5..43.5 rows=100)
            -> Filter: (sbtest5.id between 5201702 and 5201801)  (cost=20.4 rows=100)
                -> Index range scan on sbtest5 using PRIMARY over (5201702 <= id <= 5201801)  (cost=20.4 rows=100)


table 6 : explain SELECT DISTINCT c FROM sbtest6 WHERE id BETWEEN 3612084 AND 3612183 ORDER BY c
	-> Sort: sbtest6.c
    -> Table scan on <temporary>  (cost=43.5..47.2 rows=100)
        -> Temporary table with deduplication  (cost=43.5..43.5 rows=100)
            -> Filter: (sbtest6.id between 3612084 and 3612183)  (cost=20.4 rows=100)
                -> Index range scan on sbtest6 using PRIMARY over (3612084 <= id <= 3612183)  (cost=20.4 rows=100)


table 7 : explain SELECT DISTINCT c FROM sbtest7 WHERE id BETWEEN 9393579 AND 9393678 ORDER BY c
	-> Sort: sbtest7.c
    -> Table scan on <temporary>  (cost=43.5..47.2 rows=100)
        -> Temporary table with deduplication  (cost=43.5..43.5 rows=100)
            -> Filter: (sbtest7.id between 9393579 and 9393678)  (cost=20.4 rows=100)
                -> Index range scan on sbtest7 using PRIMARY over (9393579 <= id <= 9393678)  (cost=20.4 rows=100)


table 8 : explain SELECT DISTINCT c FROM sbtest8 WHERE id BETWEEN 792921 AND 793020 ORDER BY c
	-> Sort: sbtest8.c
    -> Table scan on <temporary>  (cost=43.5..47.2 rows=100)
        -> Temporary table with deduplication  (cost=43.5..43.5 rows=100)
            -> Filter: (sbtest8.id between 792921 and 793020)  (cost=20.4 rows=100)
                -> Index range scan on sbtest8 using PRIMARY over (792921 <= id <= 793020)  (cost=20.4 rows=100)


for: order_ranges
table 1 : explain SELECT c FROM sbtest1 WHERE id BETWEEN 1124435 AND 1124534 ORDER BY c
	-> Sort: sbtest1.c  (cost=20.4 rows=100)
    -> Filter: (sbtest1.id between 1124435 and 1124534)  (cost=20.4 rows=100)
        -> Index range scan on sbtest1 using PRIMARY over (1124435 <= id <= 1124534)  (cost=20.4 rows=100)


table 2 : explain SELECT c FROM sbtest2 WHERE id BETWEEN 3868528 AND 3868627 ORDER BY c
	-> Sort: sbtest2.c  (cost=20.4 rows=100)
    -> Filter: (sbtest2.id between 3868528 and 3868627)  (cost=20.4 rows=100)
        -> Index range scan on sbtest2 using PRIMARY over (3868528 <= id <= 3868627)  (cost=20.4 rows=100)


table 3 : explain SELECT c FROM sbtest3 WHERE id BETWEEN 7664183 AND 7664282 ORDER BY c
	-> Sort: sbtest3.c  (cost=20.4 rows=100)
    -> Filter: (sbtest3.id between 7664183 and 7664282)  (cost=20.4 rows=100)
        -> Index range scan on sbtest3 using PRIMARY over (7664183 <= id <= 7664282)  (cost=20.4 rows=100)


table 4 : explain SELECT c FROM sbtest4 WHERE id BETWEEN 7988216 AND 7988315 ORDER BY c
	-> Sort: sbtest4.c  (cost=20.4 rows=100)
    -> Filter: (sbtest4.id between 7988216 and 7988315)  (cost=20.4 rows=100)
        -> Index range scan on sbtest4 using PRIMARY over (7988216 <= id <= 7988315)  (cost=20.4 rows=100)


table 5 : explain SELECT c FROM sbtest5 WHERE id BETWEEN 2727192 AND 2727291 ORDER BY c
	-> Sort: sbtest5.c  (cost=20.4 rows=100)
    -> Filter: (sbtest5.id between 2727192 and 2727291)  (cost=20.4 rows=100)
        -> Index range scan on sbtest5 using PRIMARY over (2727192 <= id <= 2727291)  (cost=20.4 rows=100)


table 6 : explain SELECT c FROM sbtest6 WHERE id BETWEEN 9929614 AND 9929713 ORDER BY c
	-> Sort: sbtest6.c  (cost=20.4 rows=100)
    -> Filter: (sbtest6.id between 9929614 and 9929713)  (cost=20.4 rows=100)
        -> Index range scan on sbtest6 using PRIMARY over (9929614 <= id <= 9929713)  (cost=20.4 rows=100)


table 7 : explain SELECT c FROM sbtest7 WHERE id BETWEEN 4111943 AND 4112042 ORDER BY c
	-> Sort: sbtest7.c  (cost=20.4 rows=100)
    -> Filter: (sbtest7.id between 4111943 and 4112042)  (cost=20.4 rows=100)
        -> Index range scan on sbtest7 using PRIMARY over (4111943 <= id <= 4112042)  (cost=20.4 rows=100)


table 8 : explain SELECT c FROM sbtest8 WHERE id BETWEEN 5743911 AND 5744010 ORDER BY c
	-> Sort: sbtest8.c  (cost=20.4 rows=100)
    -> Filter: (sbtest8.id between 5743911 and 5744010)  (cost=20.4 rows=100)
        -> Index range scan on sbtest8 using PRIMARY over (5743911 <= id <= 5744010)  (cost=20.4 rows=100)


for: order_ranges
table 1 : explain SELECT c FROM sbtest1 WHERE id BETWEEN 9335728 AND 9335827 ORDER BY c
	-> Sort: sbtest1.c  (cost=20.4 rows=100)
    -> Filter: (sbtest1.id between 9335728 and 9335827)  (cost=20.4 rows=100)
        -> Index range scan on sbtest1 using PRIMARY over (9335728 <= id <= 9335827)  (cost=20.4 rows=100)


table 2 : explain SELECT c FROM sbtest2 WHERE id BETWEEN 454878 AND 454977 ORDER BY c
	-> Sort: sbtest2.c  (cost=20.4 rows=100)
    -> Filter: (sbtest2.id between 454878 and 454977)  (cost=20.4 rows=100)
        -> Index range scan on sbtest2 using PRIMARY over (454878 <= id <= 454977)  (cost=20.4 rows=100)


table 3 : explain SELECT c FROM sbtest3 WHERE id BETWEEN 9143423 AND 9143522 ORDER BY c
	-> Sort: sbtest3.c  (cost=20.4 rows=100)
    -> Filter: (sbtest3.id between 9143423 and 9143522)  (cost=20.4 rows=100)
        -> Index range scan on sbtest3 using PRIMARY over (9143423 <= id <= 9143522)  (cost=20.4 rows=100)


table 4 : explain SELECT c FROM sbtest4 WHERE id BETWEEN 1456983 AND 1457082 ORDER BY c
	-> Sort: sbtest4.c  (cost=20.4 rows=100)
    -> Filter: (sbtest4.id between 1456983 and 1457082)  (cost=20.4 rows=100)
        -> Index range scan on sbtest4 using PRIMARY over (1456983 <= id <= 1457082)  (cost=20.4 rows=100)


table 5 : explain SELECT c FROM sbtest5 WHERE id BETWEEN 2250961 AND 2251060 ORDER BY c
	-> Sort: sbtest5.c  (cost=20.4 rows=100)
    -> Filter: (sbtest5.id between 2250961 and 2251060)  (cost=20.4 rows=100)
        -> Index range scan on sbtest5 using PRIMARY over (2250961 <= id <= 2251060)  (cost=20.4 rows=100)


table 6 : explain SELECT c FROM sbtest6 WHERE id BETWEEN 1425172 AND 1425271 ORDER BY c
	-> Sort: sbtest6.c  (cost=20.4 rows=100)
    -> Filter: (sbtest6.id between 1425172 and 1425271)  (cost=20.4 rows=100)
        -> Index range scan on sbtest6 using PRIMARY over (1425172 <= id <= 1425271)  (cost=20.4 rows=100)


table 7 : explain SELECT c FROM sbtest7 WHERE id BETWEEN 6379494 AND 6379593 ORDER BY c
	-> Sort: sbtest7.c  (cost=20.4 rows=100)
    -> Filter: (sbtest7.id between 6379494 and 6379593)  (cost=20.4 rows=100)
        -> Index range scan on sbtest7 using PRIMARY over (6379494 <= id <= 6379593)  (cost=20.4 rows=100)


table 8 : explain SELECT c FROM sbtest8 WHERE id BETWEEN 659364 AND 659463 ORDER BY c
	-> Sort: sbtest8.c  (cost=20.4 rows=100)
    -> Filter: (sbtest8.id between 659364 and 659463)  (cost=20.4 rows=100)
        -> Index range scan on sbtest8 using PRIMARY over (659364 <= id <= 659463)  (cost=20.4 rows=100)


for: order_ranges
table 1 : explain SELECT c FROM sbtest1 WHERE id BETWEEN 4977578 AND 4977677 ORDER BY c
	-> Sort: sbtest1.c  (cost=20.4 rows=100)
    -> Filter: (sbtest1.id between 4977578 and 4977677)  (cost=20.4 rows=100)
        -> Index range scan on sbtest1 using PRIMARY over (4977578 <= id <= 4977677)  (cost=20.4 rows=100)


table 2 : explain SELECT c FROM sbtest2 WHERE id BETWEEN 9179116 AND 9179215 ORDER BY c
	-> Sort: sbtest2.c  (cost=20.4 rows=100)
    -> Filter: (sbtest2.id between 9179116 and 9179215)  (cost=20.4 rows=100)
        -> Index range scan on sbtest2 using PRIMARY over (9179116 <= id <= 9179215)  (cost=20.4 rows=100)


table 3 : explain SELECT c FROM sbtest3 WHERE id BETWEEN 8328416 AND 8328515 ORDER BY c
	-> Sort: sbtest3.c  (cost=20.4 rows=100)
    -> Filter: (sbtest3.id between 8328416 and 8328515)  (cost=20.4 rows=100)
        -> Index range scan on sbtest3 using PRIMARY over (8328416 <= id <= 8328515)  (cost=20.4 rows=100)


table 4 : explain SELECT c FROM sbtest4 WHERE id BETWEEN 6165536 AND 6165635 ORDER BY c
	-> Sort: sbtest4.c  (cost=20.4 rows=100)
    -> Filter: (sbtest4.id between 6165536 and 6165635)  (cost=20.4 rows=100)
        -> Index range scan on sbtest4 using PRIMARY over (6165536 <= id <= 6165635)  (cost=20.4 rows=100)


table 5 : explain SELECT c FROM sbtest5 WHERE id BETWEEN 2226135 AND 2226234 ORDER BY c
	-> Sort: sbtest5.c  (cost=20.4 rows=100)
    -> Filter: (sbtest5.id between 2226135 and 2226234)  (cost=20.4 rows=100)
        -> Index range scan on sbtest5 using PRIMARY over (2226135 <= id <= 2226234)  (cost=20.4 rows=100)


table 6 : explain SELECT c FROM sbtest6 WHERE id BETWEEN 9719250 AND 9719349 ORDER BY c
	-> Sort: sbtest6.c  (cost=20.4 rows=100)
    -> Filter: (sbtest6.id between 9719250 and 9719349)  (cost=20.4 rows=100)
        -> Index range scan on sbtest6 using PRIMARY over (9719250 <= id <= 9719349)  (cost=20.4 rows=100)


table 7 : explain SELECT c FROM sbtest7 WHERE id BETWEEN 1267354 AND 1267453 ORDER BY c
	-> Sort: sbtest7.c  (cost=20.4 rows=100)
    -> Filter: (sbtest7.id between 1267354 and 1267453)  (cost=20.4 rows=100)
        -> Index range scan on sbtest7 using PRIMARY over (1267354 <= id <= 1267453)  (cost=20.4 rows=100)


table 8 : explain SELECT c FROM sbtest8 WHERE id BETWEEN 3181802 AND 3181901 ORDER BY c
	-> Sort: sbtest8.c  (cost=20.4 rows=100)
    -> Filter: (sbtest8.id between 3181802 and 3181901)  (cost=20.4 rows=100)
        -> Index range scan on sbtest8 using PRIMARY over (3181802 <= id <= 3181901)  (cost=20.4 rows=100)


for: distinct_ranges
table 1 : explain SELECT DISTINCT c FROM sbtest1 WHERE id BETWEEN 3195161 AND 3195260 ORDER BY c
	-> Sort: sbtest1.c
    -> Table scan on <temporary>  (cost=43.5..47.2 rows=100)
        -> Temporary table with deduplication  (cost=43.5..43.5 rows=100)
            -> Filter: (sbtest1.id between 3195161 and 3195260)  (cost=20.4 rows=100)
                -> Index range scan on sbtest1 using PRIMARY over (3195161 <= id <= 3195260)  (cost=20.4 rows=100)


table 2 : explain SELECT DISTINCT c FROM sbtest2 WHERE id BETWEEN 706567 AND 706666 ORDER BY c
	-> Sort: sbtest2.c
    -> Table scan on <temporary>  (cost=43.5..47.2 rows=100)
        -> Temporary table with deduplication  (cost=43.5..43.5 rows=100)
            -> Filter: (sbtest2.id between 706567 and 706666)  (cost=20.4 rows=100)
                -> Index range scan on sbtest2 using PRIMARY over (706567 <= id <= 706666)  (cost=20.4 rows=100)


table 3 : explain SELECT DISTINCT c FROM sbtest3 WHERE id BETWEEN 1084474 AND 1084573 ORDER BY c
	-> Sort: sbtest3.c
    -> Table scan on <temporary>  (cost=43.5..47.2 rows=100)
        -> Temporary table with deduplication  (cost=43.5..43.5 rows=100)
            -> Filter: (sbtest3.id between 1084474 and 1084573)  (cost=20.4 rows=100)
                -> Index range scan on sbtest3 using PRIMARY over (1084474 <= id <= 1084573)  (cost=20.4 rows=100)


table 4 : explain SELECT DISTINCT c FROM sbtest4 WHERE id BETWEEN 760325 AND 760424 ORDER BY c
	-> Sort: sbtest4.c
    -> Table scan on <temporary>  (cost=43.5..47.2 rows=100)
        -> Temporary table with deduplication  (cost=43.5..43.5 rows=100)
            -> Filter: (sbtest4.id between 760325 and 760424)  (cost=20.4 rows=100)
                -> Index range scan on sbtest4 using PRIMARY over (760325 <= id <= 760424)  (cost=20.4 rows=100)


table 5 : explain SELECT DISTINCT c FROM sbtest5 WHERE id BETWEEN 5347206 AND 5347305 ORDER BY c
	-> Sort: sbtest5.c
    -> Table scan on <temporary>  (cost=43.5..47.2 rows=100)
        -> Temporary table with deduplication  (cost=43.5..43.5 rows=100)
            -> Filter: (sbtest5.id between 5347206 and 5347305)  (cost=20.4 rows=100)
                -> Index range scan on sbtest5 using PRIMARY over (5347206 <= id <= 5347305)  (cost=20.4 rows=100)


table 6 : explain SELECT DISTINCT c FROM sbtest6 WHERE id BETWEEN 6573688 AND 6573787 ORDER BY c
	-> Sort: sbtest6.c
    -> Table scan on <temporary>  (cost=43.5..47.2 rows=100)
        -> Temporary table with deduplication  (cost=43.5..43.5 rows=100)
            -> Filter: (sbtest6.id between 6573688 and 6573787)  (cost=20.4 rows=100)
                -> Index range scan on sbtest6 using PRIMARY over (6573688 <= id <= 6573787)  (cost=20.4 rows=100)


table 7 : explain SELECT DISTINCT c FROM sbtest7 WHERE id BETWEEN 7025609 AND 7025708 ORDER BY c
	-> Sort: sbtest7.c
    -> Table scan on <temporary>  (cost=43.5..47.2 rows=100)
        -> Temporary table with deduplication  (cost=43.5..43.5 rows=100)
            -> Filter: (sbtest7.id between 7025609 and 7025708)  (cost=20.4 rows=100)
                -> Index range scan on sbtest7 using PRIMARY over (7025609 <= id <= 7025708)  (cost=20.4 rows=100)


table 8 : explain SELECT DISTINCT c FROM sbtest8 WHERE id BETWEEN 1450944 AND 1451043 ORDER BY c
	-> Sort: sbtest8.c
    -> Table scan on <temporary>  (cost=43.5..47.2 rows=100)
        -> Temporary table with deduplication  (cost=43.5..43.5 rows=100)
            -> Filter: (sbtest8.id between 1450944 and 1451043)  (cost=20.4 rows=100)
                -> Index range scan on sbtest8 using PRIMARY over (1450944 <= id <= 1451043)  (cost=20.4 rows=100)


for: distinct_ranges
table 1 : explain SELECT DISTINCT c FROM sbtest1 WHERE id BETWEEN 1040040 AND 1040139 ORDER BY c
	-> Sort: sbtest1.c
    -> Table scan on <temporary>  (cost=43.5..47.2 rows=100)
        -> Temporary table with deduplication  (cost=43.5..43.5 rows=100)
            -> Filter: (sbtest1.id between 1040040 and 1040139)  (cost=20.4 rows=100)
                -> Index range scan on sbtest1 using PRIMARY over (1040040 <= id <= 1040139)  (cost=20.4 rows=100)


table 2 : explain SELECT DISTINCT c FROM sbtest2 WHERE id BETWEEN 4256925 AND 4257024 ORDER BY c
	-> Sort: sbtest2.c
    -> Table scan on <temporary>  (cost=43.5..47.2 rows=100)
        -> Temporary table with deduplication  (cost=43.5..43.5 rows=100)
            -> Filter: (sbtest2.id between 4256925 and 4257024)  (cost=20.4 rows=100)
                -> Index range scan on sbtest2 using PRIMARY over (4256925 <= id <= 4257024)  (cost=20.4 rows=100)


table 3 : explain SELECT DISTINCT c FROM sbtest3 WHERE id BETWEEN 9845720 AND 9845819 ORDER BY c
	-> Sort: sbtest3.c
    -> Table scan on <temporary>  (cost=43.5..47.2 rows=100)
        -> Temporary table with deduplication  (cost=43.5..43.5 rows=100)
            -> Filter: (sbtest3.id between 9845720 and 9845819)  (cost=20.4 rows=100)
                -> Index range scan on sbtest3 using PRIMARY over (9845720 <= id <= 9845819)  (cost=20.4 rows=100)


table 4 : explain SELECT DISTINCT c FROM sbtest4 WHERE id BETWEEN 1812173 AND 1812272 ORDER BY c
	-> Sort: sbtest4.c
    -> Table scan on <temporary>  (cost=43.5..47.2 rows=100)
        -> Temporary table with deduplication  (cost=43.5..43.5 rows=100)
            -> Filter: (sbtest4.id between 1812173 and 1812272)  (cost=20.4 rows=100)
                -> Index range scan on sbtest4 using PRIMARY over (1812173 <= id <= 1812272)  (cost=20.4 rows=100)


table 5 : explain SELECT DISTINCT c FROM sbtest5 WHERE id BETWEEN 1983979 AND 1984078 ORDER BY c
	-> Sort: sbtest5.c
    -> Table scan on <temporary>  (cost=43.5..47.2 rows=100)
        -> Temporary table with deduplication  (cost=43.5..43.5 rows=100)
            -> Filter: (sbtest5.id between 1983979 and 1984078)  (cost=20.4 rows=100)
                -> Index range scan on sbtest5 using PRIMARY over (1983979 <= id <= 1984078)  (cost=20.4 rows=100)


table 6 : explain SELECT DISTINCT c FROM sbtest6 WHERE id BETWEEN 6700336 AND 6700435 ORDER BY c
	-> Sort: sbtest6.c
    -> Table scan on <temporary>  (cost=43.5..47.2 rows=100)
        -> Temporary table with deduplication  (cost=43.5..43.5 rows=100)
            -> Filter: (sbtest6.id between 6700336 and 6700435)  (cost=20.4 rows=100)
                -> Index range scan on sbtest6 using PRIMARY over (6700336 <= id <= 6700435)  (cost=20.4 rows=100)


table 7 : explain SELECT DISTINCT c FROM sbtest7 WHERE id BETWEEN 8095326 AND 8095425 ORDER BY c
	-> Sort: sbtest7.c
    -> Table scan on <temporary>  (cost=43.5..47.2 rows=100)
        -> Temporary table with deduplication  (cost=43.5..43.5 rows=100)
            -> Filter: (sbtest7.id between 8095326 and 8095425)  (cost=20.4 rows=100)
                -> Index range scan on sbtest7 using PRIMARY over (8095326 <= id <= 8095425)  (cost=20.4 rows=100)


table 8 : explain SELECT DISTINCT c FROM sbtest8 WHERE id BETWEEN 3406304 AND 3406403 ORDER BY c
	-> Sort: sbtest8.c
    -> Table scan on <temporary>  (cost=43.5..47.2 rows=100)
        -> Temporary table with deduplication  (cost=43.5..43.5 rows=100)
            -> Filter: (sbtest8.id between 3406304 and 3406403)  (cost=20.4 rows=100)
                -> Index range scan on sbtest8 using PRIMARY over (3406304 <= id <= 3406403)  (cost=20.4 rows=100)

for: distinct_ranges
table 1 : explain SELECT DISTINCT c FROM sbtest1 WHERE id BETWEEN 605089 AND 605188 ORDER BY c
	-> Sort: sbtest1.c
    -> Table scan on <temporary>  (cost=43.5..47.2 rows=100)
        -> Temporary table with deduplication  (cost=43.5..43.5 rows=100)
            -> Filter: (sbtest1.id between 605089 and 605188)  (cost=20.4 rows=100)
                -> Index range scan on sbtest1 using PRIMARY over (605089 <= id <= 605188)  (cost=20.4 rows=100)


table 2 : explain SELECT DISTINCT c FROM sbtest2 WHERE id BETWEEN 2760374 AND 2760473 ORDER BY c
	-> Sort: sbtest2.c
    -> Table scan on <temporary>  (cost=43.5..47.2 rows=100)
        -> Temporary table with deduplication  (cost=43.5..43.5 rows=100)
            -> Filter: (sbtest2.id between 2760374 and 2760473)  (cost=20.4 rows=100)
                -> Index range scan on sbtest2 using PRIMARY over (2760374 <= id <= 2760473)  (cost=20.4 rows=100)


table 3 : explain SELECT DISTINCT c FROM sbtest3 WHERE id BETWEEN 1484390 AND 1484489 ORDER BY c
	-> Sort: sbtest3.c
    -> Table scan on <temporary>  (cost=43.5..47.2 rows=100)
        -> Temporary table with deduplication  (cost=43.5..43.5 rows=100)
            -> Filter: (sbtest3.id between 1484390 and 1484489)  (cost=20.4 rows=100)
                -> Index range scan on sbtest3 using PRIMARY over (1484390 <= id <= 1484489)  (cost=20.4 rows=100)


table 4 : explain SELECT DISTINCT c FROM sbtest4 WHERE id BETWEEN 4436171 AND 4436270 ORDER BY c
	-> Sort: sbtest4.c
    -> Table scan on <temporary>  (cost=43.5..47.2 rows=100)
        -> Temporary table with deduplication  (cost=43.5..43.5 rows=100)
            -> Filter: (sbtest4.id between 4436171 and 4436270)  (cost=20.4 rows=100)
                -> Index range scan on sbtest4 using PRIMARY over (4436171 <= id <= 4436270)  (cost=20.4 rows=100)


table 5 : explain SELECT DISTINCT c FROM sbtest5 WHERE id BETWEEN 1434330 AND 1434429 ORDER BY c
	-> Sort: sbtest5.c
    -> Table scan on <temporary>  (cost=43.5..47.2 rows=100)
        -> Temporary table with deduplication  (cost=43.5..43.5 rows=100)
            -> Filter: (sbtest5.id between 1434330 and 1434429)  (cost=20.4 rows=100)
                -> Index range scan on sbtest5 using PRIMARY over (1434330 <= id <= 1434429)  (cost=20.4 rows=100)


table 6 : explain SELECT DISTINCT c FROM sbtest6 WHERE id BETWEEN 7568855 AND 7568954 ORDER BY c
	-> Sort: sbtest6.c
    -> Table scan on <temporary>  (cost=43.5..47.2 rows=100)
        -> Temporary table with deduplication  (cost=43.5..43.5 rows=100)
            -> Filter: (sbtest6.id between 7568855 and 7568954)  (cost=20.4 rows=100)
                -> Index range scan on sbtest6 using PRIMARY over (7568855 <= id <= 7568954)  (cost=20.4 rows=100)


table 7 : explain SELECT DISTINCT c FROM sbtest7 WHERE id BETWEEN 3160477 AND 3160576 ORDER BY c
	-> Sort: sbtest7.c
    -> Table scan on <temporary>  (cost=43.5..47.2 rows=100)
        -> Temporary table with deduplication  (cost=43.5..43.5 rows=100)
            -> Filter: (sbtest7.id between 3160477 and 3160576)  (cost=20.4 rows=100)
                -> Index range scan on sbtest7 using PRIMARY over (3160477 <= id <= 3160576)  (cost=20.4 rows=100)


table 8 : explain SELECT DISTINCT c FROM sbtest8 WHERE id BETWEEN 3062539 AND 3062638 ORDER BY c
	-> Sort: sbtest8.c
    -> Table scan on <temporary>  (cost=43.5..47.2 rows=100)
        -> Temporary table with deduplication  (cost=43.5..43.5 rows=100)
            -> Filter: (sbtest8.id between 3062539 and 3062638)  (cost=20.4 rows=100)
                -> Index range scan on sbtest8 using PRIMARY over (3062539 <= id <= 3062638)  (cost=20.4 rows=100)



for: distinct_ranges
table 1 : explain SELECT DISTINCT c FROM sbtest1 WHERE id BETWEEN 4375749 AND 4375848 ORDER BY c
	-> Sort: sbtest1.c
    -> Table scan on <temporary>  (cost=43.5..47.2 rows=100)
        -> Temporary table with deduplication  (cost=43.5..43.5 rows=100)
            -> Filter: (sbtest1.id between 4375749 and 4375848)  (cost=20.4 rows=100)
                -> Index range scan on sbtest1 using PRIMARY over (4375749 <= id <= 4375848)  (cost=20.4 rows=100)


table 2 : explain SELECT DISTINCT c FROM sbtest2 WHERE id BETWEEN 4582644 AND 4582743 ORDER BY c
	-> Sort: sbtest2.c
    -> Table scan on <temporary>  (cost=43.5..47.2 rows=100)
        -> Temporary table with deduplication  (cost=43.5..43.5 rows=100)
            -> Filter: (sbtest2.id between 4582644 and 4582743)  (cost=20.4 rows=100)
                -> Index range scan on sbtest2 using PRIMARY over (4582644 <= id <= 4582743)  (cost=20.4 rows=100)


table 3 : explain SELECT DISTINCT c FROM sbtest3 WHERE id BETWEEN 864267 AND 864366 ORDER BY c
	-> Sort: sbtest3.c
    -> Table scan on <temporary>  (cost=43.5..47.2 rows=100)
        -> Temporary table with deduplication  (cost=43.5..43.5 rows=100)
            -> Filter: (sbtest3.id between 864267 and 864366)  (cost=20.4 rows=100)
                -> Index range scan on sbtest3 using PRIMARY over (864267 <= id <= 864366)  (cost=20.4 rows=100)


table 4 : explain SELECT DISTINCT c FROM sbtest4 WHERE id BETWEEN 3150723 AND 3150822 ORDER BY c
	-> Sort: sbtest4.c
    -> Table scan on <temporary>  (cost=43.5..47.2 rows=100)
        -> Temporary table with deduplication  (cost=43.5..43.5 rows=100)
            -> Filter: (sbtest4.id between 3150723 and 3150822)  (cost=20.4 rows=100)
                -> Index range scan on sbtest4 using PRIMARY over (3150723 <= id <= 3150822)  (cost=20.4 rows=100)


table 5 : explain SELECT DISTINCT c FROM sbtest5 WHERE id BETWEEN 3265781 AND 3265880 ORDER BY c
	-> Sort: sbtest5.c
    -> Table scan on <temporary>  (cost=43.5..47.2 rows=100)
        -> Temporary table with deduplication  (cost=43.5..43.5 rows=100)
            -> Filter: (sbtest5.id between 3265781 and 3265880)  (cost=20.4 rows=100)
                -> Index range scan on sbtest5 using PRIMARY over (3265781 <= id <= 3265880)  (cost=20.4 rows=100)


table 6 : explain SELECT DISTINCT c FROM sbtest6 WHERE id BETWEEN 6803226 AND 6803325 ORDER BY c
	-> Sort: sbtest6.c
    -> Table scan on <temporary>  (cost=43.5..47.2 rows=100)
        -> Temporary table with deduplication  (cost=43.5..43.5 rows=100)
            -> Filter: (sbtest6.id between 6803226 and 6803325)  (cost=20.4 rows=100)
                -> Index range scan on sbtest6 using PRIMARY over (6803226 <= id <= 6803325)  (cost=20.4 rows=100)


table 7 : explain SELECT DISTINCT c FROM sbtest7 WHERE id BETWEEN 2723543 AND 2723642 ORDER BY c
	-> Sort: sbtest7.c
    -> Table scan on <temporary>  (cost=43.5..47.2 rows=100)
        -> Temporary table with deduplication  (cost=43.5..43.5 rows=100)
            -> Filter: (sbtest7.id between 2723543 and 2723642)  (cost=20.4 rows=100)
                -> Index range scan on sbtest7 using PRIMARY over (2723543 <= id <= 2723642)  (cost=20.4 rows=100)


table 8 : explain SELECT DISTINCT c FROM sbtest8 WHERE id BETWEEN 5972158 AND 5972257 ORDER BY c
	-> Sort: sbtest8.c
    -> Table scan on <temporary>  (cost=43.5..47.2 rows=100)
        -> Temporary table with deduplication  (cost=43.5..43.5 rows=100)
            -> Filter: (sbtest8.id between 5972158 and 5972257)  (cost=20.4 rows=100)
                -> Index range scan on sbtest8 using PRIMARY over (5972158 <= id <= 5972257)  (cost=20.4 rows=100)


for: distinct_ranges
table 1 : explain SELECT DISTINCT c FROM sbtest1 WHERE id BETWEEN 6760696 AND 6760795 ORDER BY c
	-> Sort: sbtest1.c
    -> Table scan on <temporary>  (cost=43.5..47.2 rows=100)
        -> Temporary table with deduplication  (cost=43.5..43.5 rows=100)
            -> Filter: (sbtest1.id between 6760696 and 6760795)  (cost=20.4 rows=100)
                -> Index range scan on sbtest1 using PRIMARY over (6760696 <= id <= 6760795)  (cost=20.4 rows=100)


table 2 : explain SELECT DISTINCT c FROM sbtest2 WHERE id BETWEEN 5656540 AND 5656639 ORDER BY c
	-> Sort: sbtest2.c
    -> Table scan on <temporary>  (cost=43.5..47.2 rows=100)
        -> Temporary table with deduplication  (cost=43.5..43.5 rows=100)
            -> Filter: (sbtest2.id between 5656540 and 5656639)  (cost=20.4 rows=100)
                -> Index range scan on sbtest2 using PRIMARY over (5656540 <= id <= 5656639)  (cost=20.4 rows=100)


table 3 : explain SELECT DISTINCT c FROM sbtest3 WHERE id BETWEEN 2378089 AND 2378188 ORDER BY c
	-> Sort: sbtest3.c
    -> Table scan on <temporary>  (cost=43.5..47.2 rows=100)
        -> Temporary table with deduplication  (cost=43.5..43.5 rows=100)
            -> Filter: (sbtest3.id between 2378089 and 2378188)  (cost=20.4 rows=100)
                -> Index range scan on sbtest3 using PRIMARY over (2378089 <= id <= 2378188)  (cost=20.4 rows=100)


table 4 : explain SELECT DISTINCT c FROM sbtest4 WHERE id BETWEEN 9194699 AND 9194798 ORDER BY c
	-> Sort: sbtest4.c
    -> Table scan on <temporary>  (cost=43.5..47.2 rows=100)
        -> Temporary table with deduplication  (cost=43.5..43.5 rows=100)
            -> Filter: (sbtest4.id between 9194699 and 9194798)  (cost=20.4 rows=100)
                -> Index range scan on sbtest4 using PRIMARY over (9194699 <= id <= 9194798)  (cost=20.4 rows=100)


table 5 : explain SELECT DISTINCT c FROM sbtest5 WHERE id BETWEEN 307578 AND 307677 ORDER BY c
	-> Sort: sbtest5.c
    -> Table scan on <temporary>  (cost=43.5..47.2 rows=100)
        -> Temporary table with deduplication  (cost=43.5..43.5 rows=100)
            -> Filter: (sbtest5.id between 307578 and 307677)  (cost=20.4 rows=100)
                -> Index range scan on sbtest5 using PRIMARY over (307578 <= id <= 307677)  (cost=20.4 rows=100)


table 6 : explain SELECT DISTINCT c FROM sbtest6 WHERE id BETWEEN 3074137 AND 3074236 ORDER BY c
	-> Sort: sbtest6.c
    -> Table scan on <temporary>  (cost=43.5..47.2 rows=100)
        -> Temporary table with deduplication  (cost=43.5..43.5 rows=100)
            -> Filter: (sbtest6.id between 3074137 and 3074236)  (cost=20.4 rows=100)
                -> Index range scan on sbtest6 using PRIMARY over (3074137 <= id <= 3074236)  (cost=20.4 rows=100)


table 7 : explain SELECT DISTINCT c FROM sbtest7 WHERE id BETWEEN 4509742 AND 4509841 ORDER BY c
	-> Sort: sbtest7.c
    -> Table scan on <temporary>  (cost=43.5..47.2 rows=100)
        -> Temporary table with deduplication  (cost=43.5..43.5 rows=100)
            -> Filter: (sbtest7.id between 4509742 and 4509841)  (cost=20.4 rows=100)
                -> Index range scan on sbtest7 using PRIMARY over (4509742 <= id <= 4509841)  (cost=20.4 rows=100)


table 8 : explain SELECT DISTINCT c FROM sbtest8 WHERE id BETWEEN 774163 AND 774262 ORDER BY c
	-> Sort: sbtest8.c
    -> Table scan on <temporary>  (cost=43.5..47.2 rows=100)
        -> Temporary table with deduplication  (cost=43.5..43.5 rows=100)
            -> Filter: (sbtest8.id between 774163 and 774262)  (cost=20.4 rows=100)
                -> Index range scan on sbtest8 using PRIMARY over (774163 <= id <= 774262)  (cost=20.4 rows=100)


for: distinct_ranges
table 1 : explain SELECT DISTINCT c FROM sbtest1 WHERE id BETWEEN 6957334 AND 6957433 ORDER BY c
	-> Sort: sbtest1.c
    -> Table scan on <temporary>  (cost=43.5..47.2 rows=100)
        -> Temporary table with deduplication  (cost=43.5..43.5 rows=100)
            -> Filter: (sbtest1.id between 6957334 and 6957433)  (cost=20.4 rows=100)
                -> Index range scan on sbtest1 using PRIMARY over (6957334 <= id <= 6957433)  (cost=20.4 rows=100)


table 2 : explain SELECT DISTINCT c FROM sbtest2 WHERE id BETWEEN 9476973 AND 9477072 ORDER BY c
	-> Sort: sbtest2.c
    -> Table scan on <temporary>  (cost=43.5..47.2 rows=100)
        -> Temporary table with deduplication  (cost=43.5..43.5 rows=100)
            -> Filter: (sbtest2.id between 9476973 and 9477072)  (cost=20.4 rows=100)
                -> Index range scan on sbtest2 using PRIMARY over (9476973 <= id <= 9477072)  (cost=20.4 rows=100)


table 3 : explain SELECT DISTINCT c FROM sbtest3 WHERE id BETWEEN 7282023 AND 7282122 ORDER BY c
	-> Sort: sbtest3.c
    -> Table scan on <temporary>  (cost=43.5..47.2 rows=100)
        -> Temporary table with deduplication  (cost=43.5..43.5 rows=100)
            -> Filter: (sbtest3.id between 7282023 and 7282122)  (cost=20.4 rows=100)
                -> Index range scan on sbtest3 using PRIMARY over (7282023 <= id <= 7282122)  (cost=20.4 rows=100)


table 4 : explain SELECT DISTINCT c FROM sbtest4 WHERE id BETWEEN 72210 AND 72309 ORDER BY c
	-> Sort: sbtest4.c
    -> Table scan on <temporary>  (cost=43.5..47.2 rows=100)
        -> Temporary table with deduplication  (cost=43.5..43.5 rows=100)
            -> Filter: (sbtest4.id between 72210 and 72309)  (cost=20.4 rows=100)
                -> Index range scan on sbtest4 using PRIMARY over (72210 <= id <= 72309)  (cost=20.4 rows=100)


table 5 : explain SELECT DISTINCT c FROM sbtest5 WHERE id BETWEEN 245663 AND 245762 ORDER BY c
	-> Sort: sbtest5.c
    -> Table scan on <temporary>  (cost=43.5..47.2 rows=100)
        -> Temporary table with deduplication  (cost=43.5..43.5 rows=100)
            -> Filter: (sbtest5.id between 245663 and 245762)  (cost=20.4 rows=100)
                -> Index range scan on sbtest5 using PRIMARY over (245663 <= id <= 245762)  (cost=20.4 rows=100)


table 6 : explain SELECT DISTINCT c FROM sbtest6 WHERE id BETWEEN 2243561 AND 2243660 ORDER BY c
	-> Sort: sbtest6.c
    -> Table scan on <temporary>  (cost=43.5..47.2 rows=100)
        -> Temporary table with deduplication  (cost=43.5..43.5 rows=100)
            -> Filter: (sbtest6.id between 2243561 and 2243660)  (cost=20.4 rows=100)
                -> Index range scan on sbtest6 using PRIMARY over (2243561 <= id <= 2243660)  (cost=20.4 rows=100)


table 7 : explain SELECT DISTINCT c FROM sbtest7 WHERE id BETWEEN 7115083 AND 7115182 ORDER BY c
	-> Sort: sbtest7.c
    -> Table scan on <temporary>  (cost=43.5..47.2 rows=100)
        -> Temporary table with deduplication  (cost=43.5..43.5 rows=100)
            -> Filter: (sbtest7.id between 7115083 and 7115182)  (cost=20.4 rows=100)
                -> Index range scan on sbtest7 using PRIMARY over (7115083 <= id <= 7115182)  (cost=20.4 rows=100)


table 8 : explain SELECT DISTINCT c FROM sbtest8 WHERE id BETWEEN 3937628 AND 3937727 ORDER BY c
	-> Sort: sbtest8.c
    -> Table scan on <temporary>  (cost=43.5..47.2 rows=100)
        -> Temporary table with deduplication  (cost=43.5..43.5 rows=100)
            -> Filter: (sbtest8.id between 3937628 and 3937727)  (cost=20.4 rows=100)
                -> Index range scan on sbtest8 using PRIMARY over (3937628 <= id <= 3937727)  (cost=20.4 rows=100)


for: distinct_ranges
table 1 : explain SELECT DISTINCT c FROM sbtest1 WHERE id BETWEEN 7491833 AND 7491932 ORDER BY c
	-> Sort: sbtest1.c
    -> Table scan on <temporary>  (cost=43.5..47.2 rows=100)
        -> Temporary table with deduplication  (cost=43.5..43.5 rows=100)
            -> Filter: (sbtest1.id between 7491833 and 7491932)  (cost=20.4 rows=100)
                -> Index range scan on sbtest1 using PRIMARY over (7491833 <= id <= 7491932)  (cost=20.4 rows=100)


table 2 : explain SELECT DISTINCT c FROM sbtest2 WHERE id BETWEEN 4784496 AND 4784595 ORDER BY c
	-> Sort: sbtest2.c
    -> Table scan on <temporary>  (cost=43.5..47.2 rows=100)
        -> Temporary table with deduplication  (cost=43.5..43.5 rows=100)
            -> Filter: (sbtest2.id between 4784496 and 4784595)  (cost=20.4 rows=100)
                -> Index range scan on sbtest2 using PRIMARY over (4784496 <= id <= 4784595)  (cost=20.4 rows=100)


table 3 : explain SELECT DISTINCT c FROM sbtest3 WHERE id BETWEEN 6997116 AND 6997215 ORDER BY c
	-> Sort: sbtest3.c
    -> Table scan on <temporary>  (cost=43.5..47.2 rows=100)
        -> Temporary table with deduplication  (cost=43.5..43.5 rows=100)
            -> Filter: (sbtest3.id between 6997116 and 6997215)  (cost=20.4 rows=100)
                -> Index range scan on sbtest3 using PRIMARY over (6997116 <= id <= 6997215)  (cost=20.4 rows=100)


table 4 : explain SELECT DISTINCT c FROM sbtest4 WHERE id BETWEEN 9948955 AND 9949054 ORDER BY c
	-> Sort: sbtest4.c
    -> Table scan on <temporary>  (cost=43.5..47.2 rows=100)
        -> Temporary table with deduplication  (cost=43.5..43.5 rows=100)
            -> Filter: (sbtest4.id between 9948955 and 9949054)  (cost=20.4 rows=100)
                -> Index range scan on sbtest4 using PRIMARY over (9948955 <= id <= 9949054)  (cost=20.4 rows=100)


table 5 : explain SELECT DISTINCT c FROM sbtest5 WHERE id BETWEEN 9846071 AND 9846170 ORDER BY c
	-> Sort: sbtest5.c
    -> Table scan on <temporary>  (cost=43.5..47.2 rows=100)
        -> Temporary table with deduplication  (cost=43.5..43.5 rows=100)
            -> Filter: (sbtest5.id between 9846071 and 9846170)  (cost=20.4 rows=100)
                -> Index range scan on sbtest5 using PRIMARY over (9846071 <= id <= 9846170)  (cost=20.4 rows=100)


table 6 : explain SELECT DISTINCT c FROM sbtest6 WHERE id BETWEEN 2319748 AND 2319847 ORDER BY c
	-> Sort: sbtest6.c
    -> Table scan on <temporary>  (cost=43.5..47.2 rows=100)
        -> Temporary table with deduplication  (cost=43.5..43.5 rows=100)
            -> Filter: (sbtest6.id between 2319748 and 2319847)  (cost=20.4 rows=100)
                -> Index range scan on sbtest6 using PRIMARY over (2319748 <= id <= 2319847)  (cost=20.4 rows=100)


table 7 : explain SELECT DISTINCT c FROM sbtest7 WHERE id BETWEEN 3256345 AND 3256444 ORDER BY c
	-> Sort: sbtest7.c
    -> Table scan on <temporary>  (cost=43.5..47.2 rows=100)
        -> Temporary table with deduplication  (cost=43.5..43.5 rows=100)
            -> Filter: (sbtest7.id between 3256345 and 3256444)  (cost=20.4 rows=100)
                -> Index range scan on sbtest7 using PRIMARY over (3256345 <= id <= 3256444)  (cost=20.4 rows=100)


table 8 : explain SELECT DISTINCT c FROM sbtest8 WHERE id BETWEEN 5874053 AND 5874152 ORDER BY c
	-> Sort: sbtest8.c
    -> Table scan on <temporary>  (cost=43.5..47.2 rows=100)
        -> Temporary table with deduplication  (cost=43.5..43.5 rows=100)
            -> Filter: (sbtest8.id between 5874053 and 5874152)  (cost=20.4 rows=100)
                -> Index range scan on sbtest8 using PRIMARY over (5874053 <= id <= 5874152)  (cost=20.4 rows=100)

for: distinct_ranges
table 1 : explain SELECT DISTINCT c FROM sbtest1 WHERE id BETWEEN 996589 AND 996688 ORDER BY c
	-> Sort: sbtest1.c
    -> Table scan on <temporary>  (cost=43.5..47.2 rows=100)
        -> Temporary table with deduplication  (cost=43.5..43.5 rows=100)
            -> Filter: (sbtest1.id between 996589 and 996688)  (cost=20.4 rows=100)
                -> Index range scan on sbtest1 using PRIMARY over (996589 <= id <= 996688)  (cost=20.4 rows=100)


table 2 : explain SELECT DISTINCT c FROM sbtest2 WHERE id BETWEEN 175656 AND 175755 ORDER BY c
	-> Sort: sbtest2.c
    -> Table scan on <temporary>  (cost=43.5..47.2 rows=100)
        -> Temporary table with deduplication  (cost=43.5..43.5 rows=100)
            -> Filter: (sbtest2.id between 175656 and 175755)  (cost=20.4 rows=100)
                -> Index range scan on sbtest2 using PRIMARY over (175656 <= id <= 175755)  (cost=20.4 rows=100)


table 3 : explain SELECT DISTINCT c FROM sbtest3 WHERE id BETWEEN 6766389 AND 6766488 ORDER BY c
	-> Sort: sbtest3.c
    -> Table scan on <temporary>  (cost=43.5..47.2 rows=100)
        -> Temporary table with deduplication  (cost=43.5..43.5 rows=100)
            -> Filter: (sbtest3.id between 6766389 and 6766488)  (cost=20.4 rows=100)
                -> Index range scan on sbtest3 using PRIMARY over (6766389 <= id <= 6766488)  (cost=20.4 rows=100)


table 4 : explain SELECT DISTINCT c FROM sbtest4 WHERE id BETWEEN 2119587 AND 2119686 ORDER BY c
	-> Sort: sbtest4.c
    -> Table scan on <temporary>  (cost=43.5..47.2 rows=100)
        -> Temporary table with deduplication  (cost=43.5..43.5 rows=100)
            -> Filter: (sbtest4.id between 2119587 and 2119686)  (cost=20.4 rows=100)
                -> Index range scan on sbtest4 using PRIMARY over (2119587 <= id <= 2119686)  (cost=20.4 rows=100)


table 5 : explain SELECT DISTINCT c FROM sbtest5 WHERE id BETWEEN 6537694 AND 6537793 ORDER BY c
	-> Sort: sbtest5.c
    -> Table scan on <temporary>  (cost=43.5..47.2 rows=100)
        -> Temporary table with deduplication  (cost=43.5..43.5 rows=100)
            -> Filter: (sbtest5.id between 6537694 and 6537793)  (cost=20.4 rows=100)
                -> Index range scan on sbtest5 using PRIMARY over (6537694 <= id <= 6537793)  (cost=20.4 rows=100)


table 6 : explain SELECT DISTINCT c FROM sbtest6 WHERE id BETWEEN 6329335 AND 6329434 ORDER BY c
	-> Sort: sbtest6.c
    -> Table scan on <temporary>  (cost=43.5..47.2 rows=100)
        -> Temporary table with deduplication  (cost=43.5..43.5 rows=100)
            -> Filter: (sbtest6.id between 6329335 and 6329434)  (cost=20.4 rows=100)
                -> Index range scan on sbtest6 using PRIMARY over (6329335 <= id <= 6329434)  (cost=20.4 rows=100)


table 7 : explain SELECT DISTINCT c FROM sbtest7 WHERE id BETWEEN 4308926 AND 4309025 ORDER BY c
	-> Sort: sbtest7.c
    -> Table scan on <temporary>  (cost=43.5..47.2 rows=100)
        -> Temporary table with deduplication  (cost=43.5..43.5 rows=100)
            -> Filter: (sbtest7.id between 4308926 and 4309025)  (cost=20.4 rows=100)
                -> Index range scan on sbtest7 using PRIMARY over (4308926 <= id <= 4309025)  (cost=20.4 rows=100)


table 8 : explain SELECT DISTINCT c FROM sbtest8 WHERE id BETWEEN 8381173 AND 8381272 ORDER BY c
	-> Sort: sbtest8.c
    -> Table scan on <temporary>  (cost=43.5..47.2 rows=100)
        -> Temporary table with deduplication  (cost=43.5..43.5 rows=100)
            -> Filter: (sbtest8.id between 8381173 and 8381272)  (cost=20.4 rows=100)
                -> Index range scan on sbtest8 using PRIMARY over (8381173 <= id <= 8381272)  (cost=20.4 rows=100)


for: distinct_ranges
table 1 : explain SELECT DISTINCT c FROM sbtest1 WHERE id BETWEEN 2756888 AND 2756987 ORDER BY c
	-> Sort: sbtest1.c
    -> Table scan on <temporary>  (cost=43.5..47.2 rows=100)
        -> Temporary table with deduplication  (cost=43.5..43.5 rows=100)
            -> Filter: (sbtest1.id between 2756888 and 2756987)  (cost=20.4 rows=100)
                -> Index range scan on sbtest1 using PRIMARY over (2756888 <= id <= 2756987)  (cost=20.4 rows=100)


table 2 : explain SELECT DISTINCT c FROM sbtest2 WHERE id BETWEEN 5353591 AND 5353690 ORDER BY c
	-> Sort: sbtest2.c
    -> Table scan on <temporary>  (cost=43.5..47.2 rows=100)
        -> Temporary table with deduplication  (cost=43.5..43.5 rows=100)
            -> Filter: (sbtest2.id between 5353591 and 5353690)  (cost=20.4 rows=100)
                -> Index range scan on sbtest2 using PRIMARY over (5353591 <= id <= 5353690)  (cost=20.4 rows=100)


table 3 : explain SELECT DISTINCT c FROM sbtest3 WHERE id BETWEEN 4134408 AND 4134507 ORDER BY c
	-> Sort: sbtest3.c
    -> Table scan on <temporary>  (cost=43.5..47.2 rows=100)
        -> Temporary table with deduplication  (cost=43.5..43.5 rows=100)
            -> Filter: (sbtest3.id between 4134408 and 4134507)  (cost=20.4 rows=100)
                -> Index range scan on sbtest3 using PRIMARY over (4134408 <= id <= 4134507)  (cost=20.4 rows=100)


table 4 : explain SELECT DISTINCT c FROM sbtest4 WHERE id BETWEEN 7289464 AND 7289563 ORDER BY c
	-> Sort: sbtest4.c
    -> Table scan on <temporary>  (cost=43.5..47.2 rows=100)
        -> Temporary table with deduplication  (cost=43.5..43.5 rows=100)
            -> Filter: (sbtest4.id between 7289464 and 7289563)  (cost=20.4 rows=100)
                -> Index range scan on sbtest4 using PRIMARY over (7289464 <= id <= 7289563)  (cost=20.4 rows=100)


table 5 : explain SELECT DISTINCT c FROM sbtest5 WHERE id BETWEEN 8926289 AND 8926388 ORDER BY c
	-> Sort: sbtest5.c
    -> Table scan on <temporary>  (cost=43.5..47.2 rows=100)
        -> Temporary table with deduplication  (cost=43.5..43.5 rows=100)
            -> Filter: (sbtest5.id between 8926289 and 8926388)  (cost=20.4 rows=100)
                -> Index range scan on sbtest5 using PRIMARY over (8926289 <= id <= 8926388)  (cost=20.4 rows=100)


table 6 : explain SELECT DISTINCT c FROM sbtest6 WHERE id BETWEEN 9958093 AND 9958192 ORDER BY c
	-> Sort: sbtest6.c
    -> Table scan on <temporary>  (cost=43.5..47.2 rows=100)
        -> Temporary table with deduplication  (cost=43.5..43.5 rows=100)
            -> Filter: (sbtest6.id between 9958093 and 9958192)  (cost=20.4 rows=100)
                -> Index range scan on sbtest6 using PRIMARY over (9958093 <= id <= 9958192)  (cost=20.4 rows=100)


table 7 : explain SELECT DISTINCT c FROM sbtest7 WHERE id BETWEEN 8130158 AND 8130257 ORDER BY c
	-> Sort: sbtest7.c
    -> Table scan on <temporary>  (cost=43.5..47.2 rows=100)
        -> Temporary table with deduplication  (cost=43.5..43.5 rows=100)
            -> Filter: (sbtest7.id between 8130158 and 8130257)  (cost=20.4 rows=100)
                -> Index range scan on sbtest7 using PRIMARY over (8130158 <= id <= 8130257)  (cost=20.4 rows=100)


table 8 : explain SELECT DISTINCT c FROM sbtest8 WHERE id BETWEEN 4623653 AND 4623752 ORDER BY c
	-> Sort: sbtest8.c
    -> Table scan on <temporary>  (cost=43.5..47.2 rows=100)
        -> Temporary table with deduplication  (cost=43.5..43.5 rows=100)
            -> Filter: (sbtest8.id between 4623653 and 4623752)  (cost=20.4 rows=100)
                -> Index range scan on sbtest8 using PRIMARY over (4623653 <= id <= 4623752)  (cost=20.4 rows=100)



explain: for index_updates :: explain UPDATE sbtest%u SET k=k+1 WHERE id=%u
for: distinct_ranges
table 1 : explain SELECT DISTINCT c FROM sbtest1 WHERE id BETWEEN 9501756 AND 9501855 ORDER BY c
	-> Sort: sbtest1.c
    -> Table scan on <temporary>  (cost=43.5..47.2 rows=100)
        -> Temporary table with deduplication  (cost=43.5..43.5 rows=100)
            -> Filter: (sbtest1.id between 9501756 and 9501855)  (cost=20.4 rows=100)
                -> Index range scan on sbtest1 using PRIMARY over (9501756 <= id <= 9501855)  (cost=20.4 rows=100)


table 2 : explain SELECT DISTINCT c FROM sbtest2 WHERE id BETWEEN 4245079 AND 4245178 ORDER BY c
	-> Sort: sbtest2.c
    -> Table scan on <temporary>  (cost=43.5..47.2 rows=100)
        -> Temporary table with deduplication  (cost=43.5..43.5 rows=100)
            -> Filter: (sbtest2.id between 4245079 and 4245178)  (cost=20.4 rows=100)
                -> Index range scan on sbtest2 using PRIMARY over (4245079 <= id <= 4245178)  (cost=20.4 rows=100)


table 3 : explain SELECT DISTINCT c FROM sbtest3 WHERE id BETWEEN 962758 AND 962857 ORDER BY c
	-> Sort: sbtest3.c
    -> Table scan on <temporary>  (cost=43.5..47.2 rows=100)
        -> Temporary table with deduplication  (cost=43.5..43.5 rows=100)
            -> Filter: (sbtest3.id between 962758 and 962857)  (cost=20.4 rows=100)
                -> Index range scan on sbtest3 using PRIMARY over (962758 <= id <= 962857)  (cost=20.4 rows=100)


table 4 : explain SELECT DISTINCT c FROM sbtest4 WHERE id BETWEEN 1430257 AND 1430356 ORDER BY c
	-> Sort: sbtest4.c
    -> Table scan on <temporary>  (cost=43.5..47.2 rows=100)
        -> Temporary table with deduplication  (cost=43.5..43.5 rows=100)
            -> Filter: (sbtest4.id between 1430257 and 1430356)  (cost=20.4 rows=100)
                -> Index range scan on sbtest4 using PRIMARY over (1430257 <= id <= 1430356)  (cost=20.4 rows=100)


table 5 : explain SELECT DISTINCT c FROM sbtest5 WHERE id BETWEEN 4516743 AND 4516842 ORDER BY c
	-> Sort: sbtest5.c
    -> Table scan on <temporary>  (cost=43.5..47.2 rows=100)
        -> Temporary table with deduplication  (cost=43.5..43.5 rows=100)
            -> Filter: (sbtest5.id between 4516743 and 4516842)  (cost=20.4 rows=100)
                -> Index range scan on sbtest5 using PRIMARY over (4516743 <= id <= 4516842)  (cost=20.4 rows=100)


table 6 : explain SELECT DISTINCT c FROM sbtest6 WHERE id BETWEEN 5751613 AND 5751712 ORDER BY c
	-> Sort: sbtest6.c
    -> Table scan on <temporary>  (cost=43.5..47.2 rows=100)
        -> Temporary table with deduplication  (cost=43.5..43.5 rows=100)
            -> Filter: (sbtest6.id between 5751613 and 5751712)  (cost=20.4 rows=100)
                -> Index range scan on sbtest6 using PRIMARY over (5751613 <= id <= 5751712)  (cost=20.4 rows=100)


table 7 : explain SELECT DISTINCT c FROM sbtest7 WHERE id BETWEEN 5268831 AND 5268930 ORDER BY c
	-> Sort: sbtest7.c
    -> Table scan on <temporary>  (cost=43.5..47.2 rows=100)
        -> Temporary table with deduplication  (cost=43.5..43.5 rows=100)
            -> Filter: (sbtest7.id between 5268831 and 5268930)  (cost=20.4 rows=100)
                -> Index range scan on sbtest7 using PRIMARY over (5268831 <= id <= 5268930)  (cost=20.4 rows=100)


table 8 : explain SELECT DISTINCT c FROM sbtest8 WHERE id BETWEEN 4713946 AND 4714045 ORDER BY c
	-> Sort: sbtest8.c
    -> Table scan on <temporary>  (cost=43.5..47.2 rows=100)
        -> Temporary table with deduplication  (cost=43.5..43.5 rows=100)
            -> Filter: (sbtest8.id between 4713946 and 4714045)  (cost=20.4 rows=100)
                -> Index range scan on sbtest8 using PRIMARY over (4713946 <= id <= 4714045)  (cost=20.4 rows=100)


for: distinct_ranges
table 1 : explain SELECT DISTINCT c FROM sbtest1 WHERE id BETWEEN 8916364 AND 8916463 ORDER BY c
	-> Sort: sbtest1.c
    -> Table scan on <temporary>  (cost=43.5..47.2 rows=100)
        -> Temporary table with deduplication  (cost=43.5..43.5 rows=100)
            -> Filter: (sbtest1.id between 8916364 and 8916463)  (cost=20.4 rows=100)
                -> Index range scan on sbtest1 using PRIMARY over (8916364 <= id <= 8916463)  (cost=20.4 rows=100)


table 2 : explain SELECT DISTINCT c FROM sbtest2 WHERE id BETWEEN 7916389 AND 7916488 ORDER BY c
	-> Sort: sbtest2.c
    -> Table scan on <temporary>  (cost=43.5..47.2 rows=100)
        -> Temporary table with deduplication  (cost=43.5..43.5 rows=100)
            -> Filter: (sbtest2.id between 7916389 and 7916488)  (cost=20.4 rows=100)
                -> Index range scan on sbtest2 using PRIMARY over (7916389 <= id <= 7916488)  (cost=20.4 rows=100)


table 3 : explain SELECT DISTINCT c FROM sbtest3 WHERE id BETWEEN 8779130 AND 8779229 ORDER BY c
	-> Sort: sbtest3.c
    -> Table scan on <temporary>  (cost=43.5..47.2 rows=100)
        -> Temporary table with deduplication  (cost=43.5..43.5 rows=100)
            -> Filter: (sbtest3.id between 8779130 and 8779229)  (cost=20.4 rows=100)
                -> Index range scan on sbtest3 using PRIMARY over (8779130 <= id <= 8779229)  (cost=20.4 rows=100)


table 4 : explain SELECT DISTINCT c FROM sbtest4 WHERE id BETWEEN 2103243 AND 2103342 ORDER BY c
	-> Sort: sbtest4.c
    -> Table scan on <temporary>  (cost=43.5..47.2 rows=100)
        -> Temporary table with deduplication  (cost=43.5..43.5 rows=100)
            -> Filter: (sbtest4.id between 2103243 and 2103342)  (cost=20.4 rows=100)
                -> Index range scan on sbtest4 using PRIMARY over (2103243 <= id <= 2103342)  (cost=20.4 rows=100)


table 5 : explain SELECT DISTINCT c FROM sbtest5 WHERE id BETWEEN 7979759 AND 7979858 ORDER BY c
	-> Sort: sbtest5.c
    -> Table scan on <temporary>  (cost=43.5..47.2 rows=100)
        -> Temporary table with deduplication  (cost=43.5..43.5 rows=100)
            -> Filter: (sbtest5.id between 7979759 and 7979858)  (cost=20.4 rows=100)
                -> Index range scan on sbtest5 using PRIMARY over (7979759 <= id <= 7979858)  (cost=20.4 rows=100)


table 6 : explain SELECT DISTINCT c FROM sbtest6 WHERE id BETWEEN 1630102 AND 1630201 ORDER BY c
	-> Sort: sbtest6.c
    -> Table scan on <temporary>  (cost=43.5..47.2 rows=100)
        -> Temporary table with deduplication  (cost=43.5..43.5 rows=100)
            -> Filter: (sbtest6.id between 1630102 and 1630201)  (cost=20.4 rows=100)
                -> Index range scan on sbtest6 using PRIMARY over (1630102 <= id <= 1630201)  (cost=20.4 rows=100)


table 7 : explain SELECT DISTINCT c FROM sbtest7 WHERE id BETWEEN 2192085 AND 2192184 ORDER BY c
	-> Sort: sbtest7.c
    -> Table scan on <temporary>  (cost=43.5..47.2 rows=100)
        -> Temporary table with deduplication  (cost=43.5..43.5 rows=100)
            -> Filter: (sbtest7.id between 2192085 and 2192184)  (cost=20.4 rows=100)
                -> Index range scan on sbtest7 using PRIMARY over (2192085 <= id <= 2192184)  (cost=20.4 rows=100)


table 8 : explain SELECT DISTINCT c FROM sbtest8 WHERE id BETWEEN 8084275 AND 8084374 ORDER BY c
	-> Sort: sbtest8.c
    -> Table scan on <temporary>  (cost=43.5..47.2 rows=100)
        -> Temporary table with deduplication  (cost=43.5..43.5 rows=100)
            -> Filter: (sbtest8.id between 8084275 and 8084374)  (cost=20.4 rows=100)
                -> Index range scan on sbtest8 using PRIMARY over (8084275 <= id <= 8084374)  (cost=20.4 rows=100)

for: distinct_ranges
table 1 : explain SELECT DISTINCT c FROM sbtest1 WHERE id BETWEEN 4214644 AND 4214743 ORDER BY c
	-> Sort: sbtest1.c
    -> Table scan on <temporary>  (cost=43.5..47.2 rows=100)
        -> Temporary table with deduplication  (cost=43.5..43.5 rows=100)
            -> Filter: (sbtest1.id between 4214644 and 4214743)  (cost=20.4 rows=100)
                -> Index range scan on sbtest1 using PRIMARY over (4214644 <= id <= 4214743)  (cost=20.4 rows=100)


table 2 : explain SELECT DISTINCT c FROM sbtest2 WHERE id BETWEEN 8390230 AND 8390329 ORDER BY c
	-> Sort: sbtest2.c
    -> Table scan on <temporary>  (cost=43.5..47.2 rows=100)
        -> Temporary table with deduplication  (cost=43.5..43.5 rows=100)
            -> Filter: (sbtest2.id between 8390230 and 8390329)  (cost=20.4 rows=100)
                -> Index range scan on sbtest2 using PRIMARY over (8390230 <= id <= 8390329)  (cost=20.4 rows=100)


table 3 : explain SELECT DISTINCT c FROM sbtest3 WHERE id BETWEEN 9937605 AND 9937704 ORDER BY c
	-> Sort: sbtest3.c
    -> Table scan on <temporary>  (cost=43.5..47.2 rows=100)
        -> Temporary table with deduplication  (cost=43.5..43.5 rows=100)
            -> Filter: (sbtest3.id between 9937605 and 9937704)  (cost=20.4 rows=100)
                -> Index range scan on sbtest3 using PRIMARY over (9937605 <= id <= 9937704)  (cost=20.4 rows=100)


table 4 : explain SELECT DISTINCT c FROM sbtest4 WHERE id BETWEEN 1624372 AND 1624471 ORDER BY c
	-> Sort: sbtest4.c
    -> Table scan on <temporary>  (cost=43.5..47.2 rows=100)
        -> Temporary table with deduplication  (cost=43.5..43.5 rows=100)
            -> Filter: (sbtest4.id between 1624372 and 1624471)  (cost=20.4 rows=100)
                -> Index range scan on sbtest4 using PRIMARY over (1624372 <= id <= 1624471)  (cost=20.4 rows=100)


table 5 : explain SELECT DISTINCT c FROM sbtest5 WHERE id BETWEEN 4188718 AND 4188817 ORDER BY c
	-> Sort: sbtest5.c
    -> Table scan on <temporary>  (cost=43.5..47.2 rows=100)
        -> Temporary table with deduplication  (cost=43.5..43.5 rows=100)
            -> Filter: (sbtest5.id between 4188718 and 4188817)  (cost=20.4 rows=100)
                -> Index range scan on sbtest5 using PRIMARY over (4188718 <= id <= 4188817)  (cost=20.4 rows=100)


table 6 : explain SELECT DISTINCT c FROM sbtest6 WHERE id BETWEEN 3302531 AND 3302630 ORDER BY c
	-> Sort: sbtest6.c
    -> Table scan on <temporary>  (cost=43.5..47.2 rows=100)
        -> Temporary table with deduplication  (cost=43.5..43.5 rows=100)
            -> Filter: (sbtest6.id between 3302531 and 3302630)  (cost=20.4 rows=100)
                -> Index range scan on sbtest6 using PRIMARY over (3302531 <= id <= 3302630)  (cost=20.4 rows=100)


table 7 : explain SELECT DISTINCT c FROM sbtest7 WHERE id BETWEEN 897590 AND 897689 ORDER BY c
	-> Sort: sbtest7.c
    -> Table scan on <temporary>  (cost=43.5..47.2 rows=100)
        -> Temporary table with deduplication  (cost=43.5..43.5 rows=100)
            -> Filter: (sbtest7.id between 897590 and 897689)  (cost=20.4 rows=100)
                -> Index range scan on sbtest7 using PRIMARY over (897590 <= id <= 897689)  (cost=20.4 rows=100)


table 8 : explain SELECT DISTINCT c FROM sbtest8 WHERE id BETWEEN 5859230 AND 5859329 ORDER BY c
	-> Sort: sbtest8.c
    -> Table scan on <temporary>  (cost=43.5..47.2 rows=100)
        -> Temporary table with deduplication  (cost=43.5..43.5 rows=100)
            -> Filter: (sbtest8.id between 5859230 and 5859329)  (cost=20.4 rows=100)
                -> Index range scan on sbtest8 using PRIMARY over (5859230 <= id <= 5859329)  (cost=20.4 rows=100)

for: distinct_ranges
table 1 : explain SELECT DISTINCT c FROM sbtest1 WHERE id BETWEEN 878691 AND 878790 ORDER BY c
	-> Sort: sbtest1.c
    -> Table scan on <temporary>  (cost=43.5..47.2 rows=100)
        -> Temporary table with deduplication  (cost=43.5..43.5 rows=100)
            -> Filter: (sbtest1.id between 878691 and 878790)  (cost=20.4 rows=100)
                -> Index range scan on sbtest1 using PRIMARY over (878691 <= id <= 878790)  (cost=20.4 rows=100)


table 2 : explain SELECT DISTINCT c FROM sbtest2 WHERE id BETWEEN 3032353 AND 3032452 ORDER BY c
	-> Sort: sbtest2.c
    -> Table scan on <temporary>  (cost=43.5..47.2 rows=100)
        -> Temporary table with deduplication  (cost=43.5..43.5 rows=100)
            -> Filter: (sbtest2.id between 3032353 and 3032452)  (cost=20.4 rows=100)
                -> Index range scan on sbtest2 using PRIMARY over (3032353 <= id <= 3032452)  (cost=20.4 rows=100)


table 3 : explain SELECT DISTINCT c FROM sbtest3 WHERE id BETWEEN 8394435 AND 8394534 ORDER BY c
	-> Sort: sbtest3.c
    -> Table scan on <temporary>  (cost=43.5..47.2 rows=100)
        -> Temporary table with deduplication  (cost=43.5..43.5 rows=100)
            -> Filter: (sbtest3.id between 8394435 and 8394534)  (cost=20.4 rows=100)
                -> Index range scan on sbtest3 using PRIMARY over (8394435 <= id <= 8394534)  (cost=20.4 rows=100)


table 4 : explain SELECT DISTINCT c FROM sbtest4 WHERE id BETWEEN 2199266 AND 2199365 ORDER BY c
	-> Sort: sbtest4.c
    -> Table scan on <temporary>  (cost=43.5..47.2 rows=100)
        -> Temporary table with deduplication  (cost=43.5..43.5 rows=100)
            -> Filter: (sbtest4.id between 2199266 and 2199365)  (cost=20.4 rows=100)
                -> Index range scan on sbtest4 using PRIMARY over (2199266 <= id <= 2199365)  (cost=20.4 rows=100)


table 5 : explain SELECT DISTINCT c FROM sbtest5 WHERE id BETWEEN 2999487 AND 2999586 ORDER BY c
	-> Sort: sbtest5.c
    -> Table scan on <temporary>  (cost=43.5..47.2 rows=100)
        -> Temporary table with deduplication  (cost=43.5..43.5 rows=100)
            -> Filter: (sbtest5.id between 2999487 and 2999586)  (cost=20.4 rows=100)
                -> Index range scan on sbtest5 using PRIMARY over (2999487 <= id <= 2999586)  (cost=20.4 rows=100)


table 6 : explain SELECT DISTINCT c FROM sbtest6 WHERE id BETWEEN 7594553 AND 7594652 ORDER BY c
	-> Sort: sbtest6.c
    -> Table scan on <temporary>  (cost=43.5..47.2 rows=100)
        -> Temporary table with deduplication  (cost=43.5..43.5 rows=100)
            -> Filter: (sbtest6.id between 7594553 and 7594652)  (cost=20.4 rows=100)
                -> Index range scan on sbtest6 using PRIMARY over (7594553 <= id <= 7594652)  (cost=20.4 rows=100)


table 7 : explain SELECT DISTINCT c FROM sbtest7 WHERE id BETWEEN 2642975 AND 2643074 ORDER BY c
	-> Sort: sbtest7.c
    -> Table scan on <temporary>  (cost=43.5..47.2 rows=100)
        -> Temporary table with deduplication  (cost=43.5..43.5 rows=100)
            -> Filter: (sbtest7.id between 2642975 and 2643074)  (cost=20.4 rows=100)
                -> Index range scan on sbtest7 using PRIMARY over (2642975 <= id <= 2643074)  (cost=20.4 rows=100)


table 8 : explain SELECT DISTINCT c FROM sbtest8 WHERE id BETWEEN 2362653 AND 2362752 ORDER BY c
	-> Sort: sbtest8.c
    -> Table scan on <temporary>  (cost=43.5..47.2 rows=100)
        -> Temporary table with deduplication  (cost=43.5..43.5 rows=100)
            -> Filter: (sbtest8.id between 2362653 and 2362752)  (cost=20.4 rows=100)
                -> Index range scan on sbtest8 using PRIMARY over (2362653 <= id <= 2362752)  (cost=20.4 rows=100)



for: distinct_ranges
table 1 : explain SELECT DISTINCT c FROM sbtest1 WHERE id BETWEEN 7464826 AND 7464925 ORDER BY c
	-> Sort: sbtest1.c
    -> Table scan on <temporary>  (cost=43.5..47.2 rows=100)
        -> Temporary table with deduplication  (cost=43.5..43.5 rows=100)
            -> Filter: (sbtest1.id between 7464826 and 7464925)  (cost=20.4 rows=100)
                -> Index range scan on sbtest1 using PRIMARY over (7464826 <= id <= 7464925)  (cost=20.4 rows=100)


table 2 : explain SELECT DISTINCT c FROM sbtest2 WHERE id BETWEEN 6459065 AND 6459164 ORDER BY c
	-> Sort: sbtest2.c
    -> Table scan on <temporary>  (cost=43.5..47.2 rows=100)
        -> Temporary table with deduplication  (cost=43.5..43.5 rows=100)
            -> Filter: (sbtest2.id between 6459065 and 6459164)  (cost=20.4 rows=100)
                -> Index range scan on sbtest2 using PRIMARY over (6459065 <= id <= 6459164)  (cost=20.4 rows=100)


table 3 : explain SELECT DISTINCT c FROM sbtest3 WHERE id BETWEEN 48627 AND 48726 ORDER BY c
	-> Sort: sbtest3.c
    -> Table scan on <temporary>  (cost=43.5..47.2 rows=100)
        -> Temporary table with deduplication  (cost=43.5..43.5 rows=100)
            -> Filter: (sbtest3.id between 48627 and 48726)  (cost=20.4 rows=100)
                -> Index range scan on sbtest3 using PRIMARY over (48627 <= id <= 48726)  (cost=20.4 rows=100)


table 4 : explain SELECT DISTINCT c FROM sbtest4 WHERE id BETWEEN 4654507 AND 4654606 ORDER BY c
	-> Sort: sbtest4.c
    -> Table scan on <temporary>  (cost=43.5..47.2 rows=100)
        -> Temporary table with deduplication  (cost=43.5..43.5 rows=100)
            -> Filter: (sbtest4.id between 4654507 and 4654606)  (cost=20.4 rows=100)
                -> Index range scan on sbtest4 using PRIMARY over (4654507 <= id <= 4654606)  (cost=20.4 rows=100)


table 5 : explain SELECT DISTINCT c FROM sbtest5 WHERE id BETWEEN 6921873 AND 6921972 ORDER BY c
	-> Sort: sbtest5.c
    -> Table scan on <temporary>  (cost=43.5..47.2 rows=100)
        -> Temporary table with deduplication  (cost=43.5..43.5 rows=100)
            -> Filter: (sbtest5.id between 6921873 and 6921972)  (cost=20.4 rows=100)
                -> Index range scan on sbtest5 using PRIMARY over (6921873 <= id <= 6921972)  (cost=20.4 rows=100)


table 6 : explain SELECT DISTINCT c FROM sbtest6 WHERE id BETWEEN 6430747 AND 6430846 ORDER BY c
	-> Sort: sbtest6.c
    -> Table scan on <temporary>  (cost=43.5..47.2 rows=100)
        -> Temporary table with deduplication  (cost=43.5..43.5 rows=100)
            -> Filter: (sbtest6.id between 6430747 and 6430846)  (cost=20.4 rows=100)
                -> Index range scan on sbtest6 using PRIMARY over (6430747 <= id <= 6430846)  (cost=20.4 rows=100)


table 7 : explain SELECT DISTINCT c FROM sbtest7 WHERE id BETWEEN 1237024 AND 1237123 ORDER BY c
	-> Sort: sbtest7.c
    -> Table scan on <temporary>  (cost=43.5..47.2 rows=100)
        -> Temporary table with deduplication  (cost=43.5..43.5 rows=100)
            -> Filter: (sbtest7.id between 1237024 and 1237123)  (cost=20.4 rows=100)
                -> Index range scan on sbtest7 using PRIMARY over (1237024 <= id <= 1237123)  (cost=20.4 rows=100)


table 8 : explain SELECT DISTINCT c FROM sbtest8 WHERE id BETWEEN 6089354 AND 6089453 ORDER BY c
	-> Sort: sbtest8.c
    -> Table scan on <temporary>  (cost=43.5..47.2 rows=100)
        -> Temporary table with deduplication  (cost=43.5..43.5 rows=100)
            -> Filter: (sbtest8.id between 6089354 and 6089453)  (cost=20.4 rows=100)
                -> Index range scan on sbtest8 using PRIMARY over (6089354 <= id <= 6089453)  (cost=20.4 rows=100)


for: distinct_ranges
table 1 : explain SELECT DISTINCT c FROM sbtest1 WHERE id BETWEEN 1473789 AND 1473888 ORDER BY c
	-> Sort: sbtest1.c
    -> Table scan on <temporary>  (cost=43.5..47.2 rows=100)
        -> Temporary table with deduplication  (cost=43.5..43.5 rows=100)
            -> Filter: (sbtest1.id between 1473789 and 1473888)  (cost=20.4 rows=100)
                -> Index range scan on sbtest1 using PRIMARY over (1473789 <= id <= 1473888)  (cost=20.4 rows=100)


table 2 : explain SELECT DISTINCT c FROM sbtest2 WHERE id BETWEEN 6450849 AND 6450948 ORDER BY c
	-> Sort: sbtest2.c
    -> Table scan on <temporary>  (cost=43.5..47.2 rows=100)
        -> Temporary table with deduplication  (cost=43.5..43.5 rows=100)
            -> Filter: (sbtest2.id between 6450849 and 6450948)  (cost=20.4 rows=100)
                -> Index range scan on sbtest2 using PRIMARY over (6450849 <= id <= 6450948)  (cost=20.4 rows=100)


table 3 : explain SELECT DISTINCT c FROM sbtest3 WHERE id BETWEEN 7984783 AND 7984882 ORDER BY c
	-> Sort: sbtest3.c
    -> Table scan on <temporary>  (cost=43.5..47.2 rows=100)
        -> Temporary table with deduplication  (cost=43.5..43.5 rows=100)
            -> Filter: (sbtest3.id between 7984783 and 7984882)  (cost=20.4 rows=100)
                -> Index range scan on sbtest3 using PRIMARY over (7984783 <= id <= 7984882)  (cost=20.4 rows=100)


table 4 : explain SELECT DISTINCT c FROM sbtest4 WHERE id BETWEEN 3079511 AND 3079610 ORDER BY c
	-> Sort: sbtest4.c
    -> Table scan on <temporary>  (cost=43.5..47.2 rows=100)
        -> Temporary table with deduplication  (cost=43.5..43.5 rows=100)
            -> Filter: (sbtest4.id between 3079511 and 3079610)  (cost=20.4 rows=100)
                -> Index range scan on sbtest4 using PRIMARY over (3079511 <= id <= 3079610)  (cost=20.4 rows=100)


table 5 : explain SELECT DISTINCT c FROM sbtest5 WHERE id BETWEEN 4316797 AND 4316896 ORDER BY c
	-> Sort: sbtest5.c
    -> Table scan on <temporary>  (cost=43.5..47.2 rows=100)
        -> Temporary table with deduplication  (cost=43.5..43.5 rows=100)
            -> Filter: (sbtest5.id between 4316797 and 4316896)  (cost=20.4 rows=100)
                -> Index range scan on sbtest5 using PRIMARY over (4316797 <= id <= 4316896)  (cost=20.4 rows=100)


table 6 : explain SELECT DISTINCT c FROM sbtest6 WHERE id BETWEEN 1568174 AND 1568273 ORDER BY c
	-> Sort: sbtest6.c
    -> Table scan on <temporary>  (cost=43.5..47.2 rows=100)
        -> Temporary table with deduplication  (cost=43.5..43.5 rows=100)
            -> Filter: (sbtest6.id between 1568174 and 1568273)  (cost=20.4 rows=100)
                -> Index range scan on sbtest6 using PRIMARY over (1568174 <= id <= 1568273)  (cost=20.4 rows=100)


table 7 : explain SELECT DISTINCT c FROM sbtest7 WHERE id BETWEEN 5551111 AND 5551210 ORDER BY c
	-> Sort: sbtest7.c
    -> Table scan on <temporary>  (cost=43.5..47.2 rows=100)
        -> Temporary table with deduplication  (cost=43.5..43.5 rows=100)
            -> Filter: (sbtest7.id between 5551111 and 5551210)  (cost=20.4 rows=100)
                -> Index range scan on sbtest7 using PRIMARY over (5551111 <= id <= 5551210)  (cost=20.4 rows=100)


table 8 : explain SELECT DISTINCT c FROM sbtest8 WHERE id BETWEEN 278304 AND 278403 ORDER BY c
	-> Sort: sbtest8.c
    -> Table scan on <temporary>  (cost=43.5..47.2 rows=100)
        -> Temporary table with deduplication  (cost=43.5..43.5 rows=100)
            -> Filter: (sbtest8.id between 278304 and 278403)  (cost=20.4 rows=100)
                -> Index range scan on sbtest8 using PRIMARY over (278304 <= id <= 278403)  (cost=20.4 rows=100)



for: distinct_ranges
table 1 : explain SELECT DISTINCT c FROM sbtest1 WHERE id BETWEEN 1794954 AND 1795053 ORDER BY c
	-> Sort: sbtest1.c
    -> Table scan on <temporary>  (cost=43.5..47.2 rows=100)
        -> Temporary table with deduplication  (cost=43.5..43.5 rows=100)
            -> Filter: (sbtest1.id between 1794954 and 1795053)  (cost=20.4 rows=100)
                -> Index range scan on sbtest1 using PRIMARY over (1794954 <= id <= 1795053)  (cost=20.4 rows=100)


table 2 : explain SELECT DISTINCT c FROM sbtest2 WHERE id BETWEEN 4902597 AND 4902696 ORDER BY c
	-> Sort: sbtest2.c
    -> Table scan on <temporary>  (cost=43.5..47.2 rows=100)
        -> Temporary table with deduplication  (cost=43.5..43.5 rows=100)
            -> Filter: (sbtest2.id between 4902597 and 4902696)  (cost=20.4 rows=100)
                -> Index range scan on sbtest2 using PRIMARY over (4902597 <= id <= 4902696)  (cost=20.4 rows=100)


table 3 : explain SELECT DISTINCT c FROM sbtest3 WHERE id BETWEEN 1226090 AND 1226189 ORDER BY c
	-> Sort: sbtest3.c
    -> Table scan on <temporary>  (cost=43.5..47.2 rows=100)
        -> Temporary table with deduplication  (cost=43.5..43.5 rows=100)
            -> Filter: (sbtest3.id between 1226090 and 1226189)  (cost=20.4 rows=100)
                -> Index range scan on sbtest3 using PRIMARY over (1226090 <= id <= 1226189)  (cost=20.4 rows=100)


table 4 : explain SELECT DISTINCT c FROM sbtest4 WHERE id BETWEEN 4438410 AND 4438509 ORDER BY c
	-> Sort: sbtest4.c
    -> Table scan on <temporary>  (cost=43.5..47.2 rows=100)
        -> Temporary table with deduplication  (cost=43.5..43.5 rows=100)
            -> Filter: (sbtest4.id between 4438410 and 4438509)  (cost=20.4 rows=100)
                -> Index range scan on sbtest4 using PRIMARY over (4438410 <= id <= 4438509)  (cost=20.4 rows=100)


table 5 : explain SELECT DISTINCT c FROM sbtest5 WHERE id BETWEEN 6375089 AND 6375188 ORDER BY c
	-> Sort: sbtest5.c
    -> Table scan on <temporary>  (cost=43.5..47.2 rows=100)
        -> Temporary table with deduplication  (cost=43.5..43.5 rows=100)
            -> Filter: (sbtest5.id between 6375089 and 6375188)  (cost=20.4 rows=100)
                -> Index range scan on sbtest5 using PRIMARY over (6375089 <= id <= 6375188)  (cost=20.4 rows=100)


table 6 : explain SELECT DISTINCT c FROM sbtest6 WHERE id BETWEEN 6555760 AND 6555859 ORDER BY c
	-> Sort: sbtest6.c
    -> Table scan on <temporary>  (cost=43.5..47.2 rows=100)
        -> Temporary table with deduplication  (cost=43.5..43.5 rows=100)
            -> Filter: (sbtest6.id between 6555760 and 6555859)  (cost=20.4 rows=100)
                -> Index range scan on sbtest6 using PRIMARY over (6555760 <= id <= 6555859)  (cost=20.4 rows=100)


table 7 : explain SELECT DISTINCT c FROM sbtest7 WHERE id BETWEEN 2313127 AND 2313226 ORDER BY c
	-> Sort: sbtest7.c
    -> Table scan on <temporary>  (cost=43.5..47.2 rows=100)
        -> Temporary table with deduplication  (cost=43.5..43.5 rows=100)
            -> Filter: (sbtest7.id between 2313127 and 2313226)  (cost=20.4 rows=100)
                -> Index range scan on sbtest7 using PRIMARY over (2313127 <= id <= 2313226)  (cost=20.4 rows=100)


table 8 : explain SELECT DISTINCT c FROM sbtest8 WHERE id BETWEEN 184164 AND 184263 ORDER BY c
	-> Sort: sbtest8.c
    -> Table scan on <temporary>  (cost=43.5..47.2 rows=100)
        -> Temporary table with deduplication  (cost=43.5..43.5 rows=100)
            -> Filter: (sbtest8.id between 184164 and 184263)  (cost=20.4 rows=100)
                -> Index range scan on sbtest8 using PRIMARY over (184164 <= id <= 184263)  (cost=20.4 rows=100)


for: distinct_ranges
table 1 : explain SELECT DISTINCT c FROM sbtest1 WHERE id BETWEEN 3321668 AND 3321767 ORDER BY c
	-> Sort: sbtest1.c
    -> Table scan on <temporary>  (cost=43.5..47.2 rows=100)
        -> Temporary table with deduplication  (cost=43.5..43.5 rows=100)
            -> Filter: (sbtest1.id between 3321668 and 3321767)  (cost=20.4 rows=100)
                -> Index range scan on sbtest1 using PRIMARY over (3321668 <= id <= 3321767)  (cost=20.4 rows=100)


table 2 : explain SELECT DISTINCT c FROM sbtest2 WHERE id BETWEEN 6376165 AND 6376264 ORDER BY c
	-> Sort: sbtest2.c
    -> Table scan on <temporary>  (cost=43.5..47.2 rows=100)
        -> Temporary table with deduplication  (cost=43.5..43.5 rows=100)
            -> Filter: (sbtest2.id between 6376165 and 6376264)  (cost=20.4 rows=100)
                -> Index range scan on sbtest2 using PRIMARY over (6376165 <= id <= 6376264)  (cost=20.4 rows=100)


table 3 : explain SELECT DISTINCT c FROM sbtest3 WHERE id BETWEEN 3484179 AND 3484278 ORDER BY c
	-> Sort: sbtest3.c
    -> Table scan on <temporary>  (cost=43.5..47.2 rows=100)
        -> Temporary table with deduplication  (cost=43.5..43.5 rows=100)
            -> Filter: (sbtest3.id between 3484179 and 3484278)  (cost=20.4 rows=100)
                -> Index range scan on sbtest3 using PRIMARY over (3484179 <= id <= 3484278)  (cost=20.4 rows=100)


table 4 : explain SELECT DISTINCT c FROM sbtest4 WHERE id BETWEEN 6281813 AND 6281912 ORDER BY c
	-> Sort: sbtest4.c
    -> Table scan on <temporary>  (cost=43.5..47.2 rows=100)
        -> Temporary table with deduplication  (cost=43.5..43.5 rows=100)
            -> Filter: (sbtest4.id between 6281813 and 6281912)  (cost=20.4 rows=100)
                -> Index range scan on sbtest4 using PRIMARY over (6281813 <= id <= 6281912)  (cost=20.4 rows=100)


table 5 : explain SELECT DISTINCT c FROM sbtest5 WHERE id BETWEEN 5150997 AND 5151096 ORDER BY c
	-> Sort: sbtest5.c
    -> Table scan on <temporary>  (cost=43.5..47.2 rows=100)
        -> Temporary table with deduplication  (cost=43.5..43.5 rows=100)
            -> Filter: (sbtest5.id between 5150997 and 5151096)  (cost=20.4 rows=100)
                -> Index range scan on sbtest5 using PRIMARY over (5150997 <= id <= 5151096)  (cost=20.4 rows=100)


table 6 : explain SELECT DISTINCT c FROM sbtest6 WHERE id BETWEEN 8833299 AND 8833398 ORDER BY c
	-> Sort: sbtest6.c
    -> Table scan on <temporary>  (cost=43.5..47.2 rows=100)
        -> Temporary table with deduplication  (cost=43.5..43.5 rows=100)
            -> Filter: (sbtest6.id between 8833299 and 8833398)  (cost=20.4 rows=100)
                -> Index range scan on sbtest6 using PRIMARY over (8833299 <= id <= 8833398)  (cost=20.4 rows=100)


table 7 : explain SELECT DISTINCT c FROM sbtest7 WHERE id BETWEEN 8776760 AND 8776859 ORDER BY c
	-> Sort: sbtest7.c
    -> Table scan on <temporary>  (cost=43.5..47.2 rows=100)
        -> Temporary table with deduplication  (cost=43.5..43.5 rows=100)
            -> Filter: (sbtest7.id between 8776760 and 8776859)  (cost=20.4 rows=100)
                -> Index range scan on sbtest7 using PRIMARY over (8776760 <= id <= 8776859)  (cost=20.4 rows=100)


table 8 : explain SELECT DISTINCT c FROM sbtest8 WHERE id BETWEEN 1099384 AND 1099483 ORDER BY c
	-> Sort: sbtest8.c
    -> Table scan on <temporary>  (cost=43.5..47.2 rows=100)
        -> Temporary table with deduplication  (cost=43.5..43.5 rows=100)
            -> Filter: (sbtest8.id between 1099384 and 1099483)  (cost=20.4 rows=100)
                -> Index range scan on sbtest8 using PRIMARY over (1099384 <= id <= 1099483)  (cost=20.4 rows=100)


for: distinct_ranges
table 1 : explain SELECT DISTINCT c FROM sbtest1 WHERE id BETWEEN 4806550 AND 4806649 ORDER BY c
	-> Sort: sbtest1.c
    -> Table scan on <temporary>  (cost=43.5..47.2 rows=100)
        -> Temporary table with deduplication  (cost=43.5..43.5 rows=100)
            -> Filter: (sbtest1.id between 4806550 and 4806649)  (cost=20.4 rows=100)
                -> Index range scan on sbtest1 using PRIMARY over (4806550 <= id <= 4806649)  (cost=20.4 rows=100)


table 2 : explain SELECT DISTINCT c FROM sbtest2 WHERE id BETWEEN 2934655 AND 2934754 ORDER BY c
	-> Sort: sbtest2.c
    -> Table scan on <temporary>  (cost=43.5..47.2 rows=100)
        -> Temporary table with deduplication  (cost=43.5..43.5 rows=100)
            -> Filter: (sbtest2.id between 2934655 and 2934754)  (cost=20.4 rows=100)
                -> Index range scan on sbtest2 using PRIMARY over (2934655 <= id <= 2934754)  (cost=20.4 rows=100)


table 3 : explain SELECT DISTINCT c FROM sbtest3 WHERE id BETWEEN 8212047 AND 8212146 ORDER BY c
	-> Sort: sbtest3.c
    -> Table scan on <temporary>  (cost=43.5..47.2 rows=100)
        -> Temporary table with deduplication  (cost=43.5..43.5 rows=100)
            -> Filter: (sbtest3.id between 8212047 and 8212146)  (cost=20.4 rows=100)
                -> Index range scan on sbtest3 using PRIMARY over (8212047 <= id <= 8212146)  (cost=20.4 rows=100)


table 4 : explain SELECT DISTINCT c FROM sbtest4 WHERE id BETWEEN 4200827 AND 4200926 ORDER BY c
	-> Sort: sbtest4.c
    -> Table scan on <temporary>  (cost=43.5..47.2 rows=100)
        -> Temporary table with deduplication  (cost=43.5..43.5 rows=100)
            -> Filter: (sbtest4.id between 4200827 and 4200926)  (cost=20.4 rows=100)
                -> Index range scan on sbtest4 using PRIMARY over (4200827 <= id <= 4200926)  (cost=20.4 rows=100)


table 5 : explain SELECT DISTINCT c FROM sbtest5 WHERE id BETWEEN 8074261 AND 8074360 ORDER BY c
	-> Sort: sbtest5.c
    -> Table scan on <temporary>  (cost=43.5..47.2 rows=100)
        -> Temporary table with deduplication  (cost=43.5..43.5 rows=100)
            -> Filter: (sbtest5.id between 8074261 and 8074360)  (cost=20.4 rows=100)
                -> Index range scan on sbtest5 using PRIMARY over (8074261 <= id <= 8074360)  (cost=20.4 rows=100)


table 6 : explain SELECT DISTINCT c FROM sbtest6 WHERE id BETWEEN 837066 AND 837165 ORDER BY c
	-> Sort: sbtest6.c
    -> Table scan on <temporary>  (cost=43.5..47.2 rows=100)
        -> Temporary table with deduplication  (cost=43.5..43.5 rows=100)
            -> Filter: (sbtest6.id between 837066 and 837165)  (cost=20.4 rows=100)
                -> Index range scan on sbtest6 using PRIMARY over (837066 <= id <= 837165)  (cost=20.4 rows=100)


table 7 : explain SELECT DISTINCT c FROM sbtest7 WHERE id BETWEEN 4750653 AND 4750752 ORDER BY c
	-> Sort: sbtest7.c
    -> Table scan on <temporary>  (cost=43.5..47.2 rows=100)
        -> Temporary table with deduplication  (cost=43.5..43.5 rows=100)
            -> Filter: (sbtest7.id between 4750653 and 4750752)  (cost=20.4 rows=100)
                -> Index range scan on sbtest7 using PRIMARY over (4750653 <= id <= 4750752)  (cost=20.4 rows=100)


table 8 : explain SELECT DISTINCT c FROM sbtest8 WHERE id BETWEEN 4355510 AND 4355609 ORDER BY c
	-> Sort: sbtest8.c
    -> Table scan on <temporary>  (cost=43.5..47.2 rows=100)
        -> Temporary table with deduplication  (cost=43.5..43.5 rows=100)
            -> Filter: (sbtest8.id between 4355510 and 4355609)  (cost=20.4 rows=100)
                -> Index range scan on sbtest8 using PRIMARY over (4355510 <= id <= 4355609)  (cost=20.4 rows=100)


for: distinct_ranges
table 1 : explain SELECT DISTINCT c FROM sbtest1 WHERE id BETWEEN 991155 AND 991254 ORDER BY c
	-> Sort: sbtest1.c
    -> Table scan on <temporary>  (cost=43.5..47.2 rows=100)
        -> Temporary table with deduplication  (cost=43.5..43.5 rows=100)
            -> Filter: (sbtest1.id between 991155 and 991254)  (cost=20.4 rows=100)
                -> Index range scan on sbtest1 using PRIMARY over (991155 <= id <= 991254)  (cost=20.4 rows=100)


table 2 : explain SELECT DISTINCT c FROM sbtest2 WHERE id BETWEEN 6224674 AND 6224773 ORDER BY c
	-> Sort: sbtest2.c
    -> Table scan on <temporary>  (cost=43.5..47.2 rows=100)
        -> Temporary table with deduplication  (cost=43.5..43.5 rows=100)
            -> Filter: (sbtest2.id between 6224674 and 6224773)  (cost=20.4 rows=100)
                -> Index range scan on sbtest2 using PRIMARY over (6224674 <= id <= 6224773)  (cost=20.4 rows=100)


table 3 : explain SELECT DISTINCT c FROM sbtest3 WHERE id BETWEEN 5848170 AND 5848269 ORDER BY c
	-> Sort: sbtest3.c
    -> Table scan on <temporary>  (cost=43.5..47.2 rows=100)
        -> Temporary table with deduplication  (cost=43.5..43.5 rows=100)
            -> Filter: (sbtest3.id between 5848170 and 5848269)  (cost=20.4 rows=100)
                -> Index range scan on sbtest3 using PRIMARY over (5848170 <= id <= 5848269)  (cost=20.4 rows=100)


table 4 : explain SELECT DISTINCT c FROM sbtest4 WHERE id BETWEEN 2286455 AND 2286554 ORDER BY c
	-> Sort: sbtest4.c
    -> Table scan on <temporary>  (cost=43.5..47.2 rows=100)
        -> Temporary table with deduplication  (cost=43.5..43.5 rows=100)
            -> Filter: (sbtest4.id between 2286455 and 2286554)  (cost=20.4 rows=100)
                -> Index range scan on sbtest4 using PRIMARY over (2286455 <= id <= 2286554)  (cost=20.4 rows=100)


table 5 : explain SELECT DISTINCT c FROM sbtest5 WHERE id BETWEEN 1620419 AND 1620518 ORDER BY c
	-> Sort: sbtest5.c
    -> Table scan on <temporary>  (cost=43.5..47.2 rows=100)
        -> Temporary table with deduplication  (cost=43.5..43.5 rows=100)
            -> Filter: (sbtest5.id between 1620419 and 1620518)  (cost=20.4 rows=100)
                -> Index range scan on sbtest5 using PRIMARY over (1620419 <= id <= 1620518)  (cost=20.4 rows=100)


table 6 : explain SELECT DISTINCT c FROM sbtest6 WHERE id BETWEEN 9555504 AND 9555603 ORDER BY c
	-> Sort: sbtest6.c
    -> Table scan on <temporary>  (cost=43.5..47.2 rows=100)
        -> Temporary table with deduplication  (cost=43.5..43.5 rows=100)
            -> Filter: (sbtest6.id between 9555504 and 9555603)  (cost=20.4 rows=100)
                -> Index range scan on sbtest6 using PRIMARY over (9555504 <= id <= 9555603)  (cost=20.4 rows=100)


table 7 : explain SELECT DISTINCT c FROM sbtest7 WHERE id BETWEEN 9249885 AND 9249984 ORDER BY c
	-> Sort: sbtest7.c
    -> Table scan on <temporary>  (cost=43.5..47.2 rows=100)
        -> Temporary table with deduplication  (cost=43.5..43.5 rows=100)
            -> Filter: (sbtest7.id between 9249885 and 9249984)  (cost=20.4 rows=100)
                -> Index range scan on sbtest7 using PRIMARY over (9249885 <= id <= 9249984)  (cost=20.4 rows=100)


table 8 : explain SELECT DISTINCT c FROM sbtest8 WHERE id BETWEEN 3324691 AND 3324790 ORDER BY c
	-> Sort: sbtest8.c
    -> Table scan on <temporary>  (cost=43.5..47.2 rows=100)
        -> Temporary table with deduplication  (cost=43.5..43.5 rows=100)
            -> Filter: (sbtest8.id between 3324691 and 3324790)  (cost=20.4 rows=100)
                -> Index range scan on sbtest8 using PRIMARY over (3324691 <= id <= 3324790)  (cost=20.4 rows=100)


for: distinct_ranges
table 1 : explain SELECT DISTINCT c FROM sbtest1 WHERE id BETWEEN 8353445 AND 8353544 ORDER BY c
	-> Sort: sbtest1.c
    -> Table scan on <temporary>  (cost=43.5..47.2 rows=100)
        -> Temporary table with deduplication  (cost=43.5..43.5 rows=100)
            -> Filter: (sbtest1.id between 8353445 and 8353544)  (cost=20.4 rows=100)
                -> Index range scan on sbtest1 using PRIMARY over (8353445 <= id <= 8353544)  (cost=20.4 rows=100)


table 2 : explain SELECT DISTINCT c FROM sbtest2 WHERE id BETWEEN 7473641 AND 7473740 ORDER BY c
	-> Sort: sbtest2.c
    -> Table scan on <temporary>  (cost=43.5..47.2 rows=100)
        -> Temporary table with deduplication  (cost=43.5..43.5 rows=100)
            -> Filter: (sbtest2.id between 7473641 and 7473740)  (cost=20.4 rows=100)
                -> Index range scan on sbtest2 using PRIMARY over (7473641 <= id <= 7473740)  (cost=20.4 rows=100)


table 3 : explain SELECT DISTINCT c FROM sbtest3 WHERE id BETWEEN 8708526 AND 8708625 ORDER BY c
	-> Sort: sbtest3.c
    -> Table scan on <temporary>  (cost=43.5..47.2 rows=100)
        -> Temporary table with deduplication  (cost=43.5..43.5 rows=100)
            -> Filter: (sbtest3.id between 8708526 and 8708625)  (cost=20.4 rows=100)
                -> Index range scan on sbtest3 using PRIMARY over (8708526 <= id <= 8708625)  (cost=20.4 rows=100)


table 4 : explain SELECT DISTINCT c FROM sbtest4 WHERE id BETWEEN 7134139 AND 7134238 ORDER BY c
	-> Sort: sbtest4.c
    -> Table scan on <temporary>  (cost=43.5..47.2 rows=100)
        -> Temporary table with deduplication  (cost=43.5..43.5 rows=100)
            -> Filter: (sbtest4.id between 7134139 and 7134238)  (cost=20.4 rows=100)
                -> Index range scan on sbtest4 using PRIMARY over (7134139 <= id <= 7134238)  (cost=20.4 rows=100)


table 5 : explain SELECT DISTINCT c FROM sbtest5 WHERE id BETWEEN 2573474 AND 2573573 ORDER BY c
	-> Sort: sbtest5.c
    -> Table scan on <temporary>  (cost=43.5..47.2 rows=100)
        -> Temporary table with deduplication  (cost=43.5..43.5 rows=100)
            -> Filter: (sbtest5.id between 2573474 and 2573573)  (cost=20.4 rows=100)
                -> Index range scan on sbtest5 using PRIMARY over (2573474 <= id <= 2573573)  (cost=20.4 rows=100)


table 6 : explain SELECT DISTINCT c FROM sbtest6 WHERE id BETWEEN 6858014 AND 6858113 ORDER BY c
	-> Sort: sbtest6.c
    -> Table scan on <temporary>  (cost=43.5..47.2 rows=100)
        -> Temporary table with deduplication  (cost=43.5..43.5 rows=100)
            -> Filter: (sbtest6.id between 6858014 and 6858113)  (cost=20.4 rows=100)
                -> Index range scan on sbtest6 using PRIMARY over (6858014 <= id <= 6858113)  (cost=20.4 rows=100)


table 7 : explain SELECT DISTINCT c FROM sbtest7 WHERE id BETWEEN 3410982 AND 3411081 ORDER BY c
	-> Sort: sbtest7.c
    -> Table scan on <temporary>  (cost=43.5..47.2 rows=100)
        -> Temporary table with deduplication  (cost=43.5..43.5 rows=100)
            -> Filter: (sbtest7.id between 3410982 and 3411081)  (cost=20.4 rows=100)
                -> Index range scan on sbtest7 using PRIMARY over (3410982 <= id <= 3411081)  (cost=20.4 rows=100)


table 8 : explain SELECT DISTINCT c FROM sbtest8 WHERE id BETWEEN 1179287 AND 1179386 ORDER BY c
	-> Sort: sbtest8.c
    -> Table scan on <temporary>  (cost=43.5..47.2 rows=100)
        -> Temporary table with deduplication  (cost=43.5..43.5 rows=100)
            -> Filter: (sbtest8.id between 1179287 and 1179386)  (cost=20.4 rows=100)
                -> Index range scan on sbtest8 using PRIMARY over (1179287 <= id <= 1179386)  (cost=20.4 rows=100)

for: distinct_ranges
table 1 : explain SELECT DISTINCT c FROM sbtest1 WHERE id BETWEEN 5363690 AND 5363789 ORDER BY c
	-> Sort: sbtest1.c
    -> Table scan on <temporary>  (cost=43.5..47.2 rows=100)
        -> Temporary table with deduplication  (cost=43.5..43.5 rows=100)
            -> Filter: (sbtest1.id between 5363690 and 5363789)  (cost=20.4 rows=100)
                -> Index range scan on sbtest1 using PRIMARY over (5363690 <= id <= 5363789)  (cost=20.4 rows=100)


table 2 : explain SELECT DISTINCT c FROM sbtest2 WHERE id BETWEEN 6277471 AND 6277570 ORDER BY c
	-> Sort: sbtest2.c
    -> Table scan on <temporary>  (cost=43.5..47.2 rows=100)
        -> Temporary table with deduplication  (cost=43.5..43.5 rows=100)
            -> Filter: (sbtest2.id between 6277471 and 6277570)  (cost=20.4 rows=100)
                -> Index range scan on sbtest2 using PRIMARY over (6277471 <= id <= 6277570)  (cost=20.4 rows=100)


table 3 : explain SELECT DISTINCT c FROM sbtest3 WHERE id BETWEEN 7639833 AND 7639932 ORDER BY c
	-> Sort: sbtest3.c
    -> Table scan on <temporary>  (cost=43.5..47.2 rows=100)
        -> Temporary table with deduplication  (cost=43.5..43.5 rows=100)
            -> Filter: (sbtest3.id between 7639833 and 7639932)  (cost=20.4 rows=100)
                -> Index range scan on sbtest3 using PRIMARY over (7639833 <= id <= 7639932)  (cost=20.4 rows=100)


table 4 : explain SELECT DISTINCT c FROM sbtest4 WHERE id BETWEEN 1842210 AND 1842309 ORDER BY c
	-> Sort: sbtest4.c
    -> Table scan on <temporary>  (cost=43.5..47.2 rows=100)
        -> Temporary table with deduplication  (cost=43.5..43.5 rows=100)
            -> Filter: (sbtest4.id between 1842210 and 1842309)  (cost=20.4 rows=100)
                -> Index range scan on sbtest4 using PRIMARY over (1842210 <= id <= 1842309)  (cost=20.4 rows=100)


table 5 : explain SELECT DISTINCT c FROM sbtest5 WHERE id BETWEEN 2734330 AND 2734429 ORDER BY c
	-> Sort: sbtest5.c
    -> Table scan on <temporary>  (cost=43.5..47.2 rows=100)
        -> Temporary table with deduplication  (cost=43.5..43.5 rows=100)
            -> Filter: (sbtest5.id between 2734330 and 2734429)  (cost=20.4 rows=100)
                -> Index range scan on sbtest5 using PRIMARY over (2734330 <= id <= 2734429)  (cost=20.4 rows=100)


table 6 : explain SELECT DISTINCT c FROM sbtest6 WHERE id BETWEEN 7100966 AND 7101065 ORDER BY c
	-> Sort: sbtest6.c
    -> Table scan on <temporary>  (cost=43.5..47.2 rows=100)
        -> Temporary table with deduplication  (cost=43.5..43.5 rows=100)
            -> Filter: (sbtest6.id between 7100966 and 7101065)  (cost=20.4 rows=100)
                -> Index range scan on sbtest6 using PRIMARY over (7100966 <= id <= 7101065)  (cost=20.4 rows=100)


table 7 : explain SELECT DISTINCT c FROM sbtest7 WHERE id BETWEEN 3151114 AND 3151213 ORDER BY c
	-> Sort: sbtest7.c
    -> Table scan on <temporary>  (cost=43.5..47.2 rows=100)
        -> Temporary table with deduplication  (cost=43.5..43.5 rows=100)
            -> Filter: (sbtest7.id between 3151114 and 3151213)  (cost=20.4 rows=100)
                -> Index range scan on sbtest7 using PRIMARY over (3151114 <= id <= 3151213)  (cost=20.4 rows=100)


table 8 : explain SELECT DISTINCT c FROM sbtest8 WHERE id BETWEEN 1775462 AND 1775561 ORDER BY c
	-> Sort: sbtest8.c
    -> Table scan on <temporary>  (cost=43.5..47.2 rows=100)
        -> Temporary table with deduplication  (cost=43.5..43.5 rows=100)
            -> Filter: (sbtest8.id between 1775462 and 1775561)  (cost=20.4 rows=100)
                -> Index range scan on sbtest8 using PRIMARY over (1775462 <= id <= 1775561)  (cost=20.4 rows=100)


for: distinct_ranges
table 1 : explain SELECT DISTINCT c FROM sbtest1 WHERE id BETWEEN 6458458 AND 6458557 ORDER BY c
	-> Sort: sbtest1.c
    -> Table scan on <temporary>  (cost=43.5..47.2 rows=100)
        -> Temporary table with deduplication  (cost=43.5..43.5 rows=100)
            -> Filter: (sbtest1.id between 6458458 and 6458557)  (cost=20.4 rows=100)
                -> Index range scan on sbtest1 using PRIMARY over (6458458 <= id <= 6458557)  (cost=20.4 rows=100)


table 2 : explain SELECT DISTINCT c FROM sbtest2 WHERE id BETWEEN 3387159 AND 3387258 ORDER BY c
	-> Sort: sbtest2.c
    -> Table scan on <temporary>  (cost=43.5..47.2 rows=100)
        -> Temporary table with deduplication  (cost=43.5..43.5 rows=100)
            -> Filter: (sbtest2.id between 3387159 and 3387258)  (cost=20.4 rows=100)
                -> Index range scan on sbtest2 using PRIMARY over (3387159 <= id <= 3387258)  (cost=20.4 rows=100)


table 3 : explain SELECT DISTINCT c FROM sbtest3 WHERE id BETWEEN 4707558 AND 4707657 ORDER BY c
	-> Sort: sbtest3.c
    -> Table scan on <temporary>  (cost=43.5..47.2 rows=100)
        -> Temporary table with deduplication  (cost=43.5..43.5 rows=100)
            -> Filter: (sbtest3.id between 4707558 and 4707657)  (cost=20.4 rows=100)
                -> Index range scan on sbtest3 using PRIMARY over (4707558 <= id <= 4707657)  (cost=20.4 rows=100)


table 4 : explain SELECT DISTINCT c FROM sbtest4 WHERE id BETWEEN 8181162 AND 8181261 ORDER BY c
	-> Sort: sbtest4.c
    -> Table scan on <temporary>  (cost=43.5..47.2 rows=100)
        -> Temporary table with deduplication  (cost=43.5..43.5 rows=100)
            -> Filter: (sbtest4.id between 8181162 and 8181261)  (cost=20.4 rows=100)
                -> Index range scan on sbtest4 using PRIMARY over (8181162 <= id <= 8181261)  (cost=20.4 rows=100)


table 5 : explain SELECT DISTINCT c FROM sbtest5 WHERE id BETWEEN 1469934 AND 1470033 ORDER BY c
	-> Sort: sbtest5.c
    -> Table scan on <temporary>  (cost=43.5..47.2 rows=100)
        -> Temporary table with deduplication  (cost=43.5..43.5 rows=100)
            -> Filter: (sbtest5.id between 1469934 and 1470033)  (cost=20.4 rows=100)
                -> Index range scan on sbtest5 using PRIMARY over (1469934 <= id <= 1470033)  (cost=20.4 rows=100)


table 6 : explain SELECT DISTINCT c FROM sbtest6 WHERE id BETWEEN 8800090 AND 8800189 ORDER BY c
	-> Sort: sbtest6.c
    -> Table scan on <temporary>  (cost=43.5..47.2 rows=100)
        -> Temporary table with deduplication  (cost=43.5..43.5 rows=100)
            -> Filter: (sbtest6.id between 8800090 and 8800189)  (cost=20.4 rows=100)
                -> Index range scan on sbtest6 using PRIMARY over (8800090 <= id <= 8800189)  (cost=20.4 rows=100)


table 7 : explain SELECT DISTINCT c FROM sbtest7 WHERE id BETWEEN 8208727 AND 8208826 ORDER BY c
	-> Sort: sbtest7.c
    -> Table scan on <temporary>  (cost=43.5..47.2 rows=100)
        -> Temporary table with deduplication  (cost=43.5..43.5 rows=100)
            -> Filter: (sbtest7.id between 8208727 and 8208826)  (cost=20.4 rows=100)
                -> Index range scan on sbtest7 using PRIMARY over (8208727 <= id <= 8208826)  (cost=20.4 rows=100)


table 8 : explain SELECT DISTINCT c FROM sbtest8 WHERE id BETWEEN 9396782 AND 9396881 ORDER BY c
	-> Sort: sbtest8.c
    -> Table scan on <temporary>  (cost=43.5..47.2 rows=100)
        -> Temporary table with deduplication  (cost=43.5..43.5 rows=100)
            -> Filter: (sbtest8.id between 9396782 and 9396881)  (cost=20.4 rows=100)
                -> Index range scan on sbtest8 using PRIMARY over (9396782 <= id <= 9396881)  (cost=20.4 rows=100)



for: distinct_ranges
table 1 : explain SELECT DISTINCT c FROM sbtest1 WHERE id BETWEEN 2288141 AND 2288240 ORDER BY c
	-> Sort: sbtest1.c
    -> Table scan on <temporary>  (cost=43.5..47.2 rows=100)
        -> Temporary table with deduplication  (cost=43.5..43.5 rows=100)
            -> Filter: (sbtest1.id between 2288141 and 2288240)  (cost=20.4 rows=100)
                -> Index range scan on sbtest1 using PRIMARY over (2288141 <= id <= 2288240)  (cost=20.4 rows=100)


table 2 : explain SELECT DISTINCT c FROM sbtest2 WHERE id BETWEEN 1176025 AND 1176124 ORDER BY c
	-> Sort: sbtest2.c
    -> Table scan on <temporary>  (cost=43.5..47.2 rows=100)
        -> Temporary table with deduplication  (cost=43.5..43.5 rows=100)
            -> Filter: (sbtest2.id between 1176025 and 1176124)  (cost=20.4 rows=100)
                -> Index range scan on sbtest2 using PRIMARY over (1176025 <= id <= 1176124)  (cost=20.4 rows=100)


table 3 : explain SELECT DISTINCT c FROM sbtest3 WHERE id BETWEEN 4228074 AND 4228173 ORDER BY c
	-> Sort: sbtest3.c
    -> Table scan on <temporary>  (cost=43.5..47.2 rows=100)
        -> Temporary table with deduplication  (cost=43.5..43.5 rows=100)
            -> Filter: (sbtest3.id between 4228074 and 4228173)  (cost=20.4 rows=100)
                -> Index range scan on sbtest3 using PRIMARY over (4228074 <= id <= 4228173)  (cost=20.4 rows=100)


table 4 : explain SELECT DISTINCT c FROM sbtest4 WHERE id BETWEEN 2368746 AND 2368845 ORDER BY c
	-> Sort: sbtest4.c
    -> Table scan on <temporary>  (cost=43.5..47.2 rows=100)
        -> Temporary table with deduplication  (cost=43.5..43.5 rows=100)
            -> Filter: (sbtest4.id between 2368746 and 2368845)  (cost=20.4 rows=100)
                -> Index range scan on sbtest4 using PRIMARY over (2368746 <= id <= 2368845)  (cost=20.4 rows=100)


table 5 : explain SELECT DISTINCT c FROM sbtest5 WHERE id BETWEEN 9861512 AND 9861611 ORDER BY c
	-> Sort: sbtest5.c
    -> Table scan on <temporary>  (cost=43.5..47.2 rows=100)
        -> Temporary table with deduplication  (cost=43.5..43.5 rows=100)
            -> Filter: (sbtest5.id between 9861512 and 9861611)  (cost=20.4 rows=100)
                -> Index range scan on sbtest5 using PRIMARY over (9861512 <= id <= 9861611)  (cost=20.4 rows=100)


table 6 : explain SELECT DISTINCT c FROM sbtest6 WHERE id BETWEEN 9201217 AND 9201316 ORDER BY c
	-> Sort: sbtest6.c
    -> Table scan on <temporary>  (cost=43.5..47.2 rows=100)
        -> Temporary table with deduplication  (cost=43.5..43.5 rows=100)
            -> Filter: (sbtest6.id between 9201217 and 9201316)  (cost=20.4 rows=100)
                -> Index range scan on sbtest6 using PRIMARY over (9201217 <= id <= 9201316)  (cost=20.4 rows=100)


table 7 : explain SELECT DISTINCT c FROM sbtest7 WHERE id BETWEEN 1816614 AND 1816713 ORDER BY c
	-> Sort: sbtest7.c
    -> Table scan on <temporary>  (cost=43.5..47.2 rows=100)
        -> Temporary table with deduplication  (cost=43.5..43.5 rows=100)
            -> Filter: (sbtest7.id between 1816614 and 1816713)  (cost=20.4 rows=100)
                -> Index range scan on sbtest7 using PRIMARY over (1816614 <= id <= 1816713)  (cost=20.4 rows=100)


table 8 : explain SELECT DISTINCT c FROM sbtest8 WHERE id BETWEEN 2672872 AND 2672971 ORDER BY c
	-> Sort: sbtest8.c
    -> Table scan on <temporary>  (cost=43.5..47.2 rows=100)
        -> Temporary table with deduplication  (cost=43.5..43.5 rows=100)
            -> Filter: (sbtest8.id between 2672872 and 2672971)  (cost=20.4 rows=100)
                -> Index range scan on sbtest8 using PRIMARY over (2672872 <= id <= 2672971)  (cost=20.4 rows=100)


explain: for index_updates :: explain UPDATE sbtest%u SET k=k+1 WHERE id=%u
for: distinct_ranges
table 1 : explain SELECT DISTINCT c FROM sbtest1 WHERE id BETWEEN 2724433 AND 2724532 ORDER BY c
	-> Sort: sbtest1.c
    -> Table scan on <temporary>  (cost=43.5..47.2 rows=100)
        -> Temporary table with deduplication  (cost=43.5..43.5 rows=100)
            -> Filter: (sbtest1.id between 2724433 and 2724532)  (cost=20.4 rows=100)
                -> Index range scan on sbtest1 using PRIMARY over (2724433 <= id <= 2724532)  (cost=20.4 rows=100)


table 2 : explain SELECT DISTINCT c FROM sbtest2 WHERE id BETWEEN 5264963 AND 5265062 ORDER BY c
	-> Sort: sbtest2.c
    -> Table scan on <temporary>  (cost=43.5..47.2 rows=100)
        -> Temporary table with deduplication  (cost=43.5..43.5 rows=100)
            -> Filter: (sbtest2.id between 5264963 and 5265062)  (cost=20.4 rows=100)
                -> Index range scan on sbtest2 using PRIMARY over (5264963 <= id <= 5265062)  (cost=20.4 rows=100)


table 3 : explain SELECT DISTINCT c FROM sbtest3 WHERE id BETWEEN 5609314 AND 5609413 ORDER BY c
	-> Sort: sbtest3.c
    -> Table scan on <temporary>  (cost=43.5..47.2 rows=100)
        -> Temporary table with deduplication  (cost=43.5..43.5 rows=100)
            -> Filter: (sbtest3.id between 5609314 and 5609413)  (cost=20.4 rows=100)
                -> Index range scan on sbtest3 using PRIMARY over (5609314 <= id <= 5609413)  (cost=20.4 rows=100)


table 4 : explain SELECT DISTINCT c FROM sbtest4 WHERE id BETWEEN 5994207 AND 5994306 ORDER BY c
	-> Sort: sbtest4.c
    -> Table scan on <temporary>  (cost=43.5..47.2 rows=100)
        -> Temporary table with deduplication  (cost=43.5..43.5 rows=100)
            -> Filter: (sbtest4.id between 5994207 and 5994306)  (cost=20.4 rows=100)
                -> Index range scan on sbtest4 using PRIMARY over (5994207 <= id <= 5994306)  (cost=20.4 rows=100)


table 5 : explain SELECT DISTINCT c FROM sbtest5 WHERE id BETWEEN 8129500 AND 8129599 ORDER BY c
	-> Sort: sbtest5.c
    -> Table scan on <temporary>  (cost=43.5..47.2 rows=100)
        -> Temporary table with deduplication  (cost=43.5..43.5 rows=100)
            -> Filter: (sbtest5.id between 8129500 and 8129599)  (cost=20.4 rows=100)
                -> Index range scan on sbtest5 using PRIMARY over (8129500 <= id <= 8129599)  (cost=20.4 rows=100)


table 6 : explain SELECT DISTINCT c FROM sbtest6 WHERE id BETWEEN 3976060 AND 3976159 ORDER BY c
	-> Sort: sbtest6.c
    -> Table scan on <temporary>  (cost=43.5..47.2 rows=100)
        -> Temporary table with deduplication  (cost=43.5..43.5 rows=100)
            -> Filter: (sbtest6.id between 3976060 and 3976159)  (cost=20.4 rows=100)
                -> Index range scan on sbtest6 using PRIMARY over (3976060 <= id <= 3976159)  (cost=20.4 rows=100)


table 7 : explain SELECT DISTINCT c FROM sbtest7 WHERE id BETWEEN 8731629 AND 8731728 ORDER BY c
	-> Sort: sbtest7.c
    -> Table scan on <temporary>  (cost=43.5..47.2 rows=100)
        -> Temporary table with deduplication  (cost=43.5..43.5 rows=100)
            -> Filter: (sbtest7.id between 8731629 and 8731728)  (cost=20.4 rows=100)
                -> Index range scan on sbtest7 using PRIMARY over (8731629 <= id <= 8731728)  (cost=20.4 rows=100)


table 8 : explain SELECT DISTINCT c FROM sbtest8 WHERE id BETWEEN 4189480 AND 4189579 ORDER BY c
	-> Sort: sbtest8.c
    -> Table scan on <temporary>  (cost=43.5..47.2 rows=100)
        -> Temporary table with deduplication  (cost=43.5..43.5 rows=100)
            -> Filter: (sbtest8.id between 4189480 and 4189579)  (cost=20.4 rows=100)
                -> Index range scan on sbtest8 using PRIMARY over (4189480 <= id <= 4189579)  (cost=20.4 rows=100)


for: distinct_ranges
table 1 : explain SELECT DISTINCT c FROM sbtest1 WHERE id BETWEEN 2383702 AND 2383801 ORDER BY c
	-> Sort: sbtest1.c
    -> Table scan on <temporary>  (cost=43.5..47.2 rows=100)
        -> Temporary table with deduplication  (cost=43.5..43.5 rows=100)
            -> Filter: (sbtest1.id between 2383702 and 2383801)  (cost=20.4 rows=100)
                -> Index range scan on sbtest1 using PRIMARY over (2383702 <= id <= 2383801)  (cost=20.4 rows=100)


table 2 : explain SELECT DISTINCT c FROM sbtest2 WHERE id BETWEEN 6316990 AND 6317089 ORDER BY c
	-> Sort: sbtest2.c
    -> Table scan on <temporary>  (cost=43.5..47.2 rows=100)
        -> Temporary table with deduplication  (cost=43.5..43.5 rows=100)
            -> Filter: (sbtest2.id between 6316990 and 6317089)  (cost=20.4 rows=100)
                -> Index range scan on sbtest2 using PRIMARY over (6316990 <= id <= 6317089)  (cost=20.4 rows=100)


table 3 : explain SELECT DISTINCT c FROM sbtest3 WHERE id BETWEEN 3495648 AND 3495747 ORDER BY c
	-> Sort: sbtest3.c
    -> Table scan on <temporary>  (cost=43.5..47.2 rows=100)
        -> Temporary table with deduplication  (cost=43.5..43.5 rows=100)
            -> Filter: (sbtest3.id between 3495648 and 3495747)  (cost=20.4 rows=100)
                -> Index range scan on sbtest3 using PRIMARY over (3495648 <= id <= 3495747)  (cost=20.4 rows=100)


table 4 : explain SELECT DISTINCT c FROM sbtest4 WHERE id BETWEEN 2236133 AND 2236232 ORDER BY c
	-> Sort: sbtest4.c
    -> Table scan on <temporary>  (cost=43.5..47.2 rows=100)
        -> Temporary table with deduplication  (cost=43.5..43.5 rows=100)
            -> Filter: (sbtest4.id between 2236133 and 2236232)  (cost=20.4 rows=100)
                -> Index range scan on sbtest4 using PRIMARY over (2236133 <= id <= 2236232)  (cost=20.4 rows=100)


table 5 : explain SELECT DISTINCT c FROM sbtest5 WHERE id BETWEEN 7866640 AND 7866739 ORDER BY c
	-> Sort: sbtest5.c
    -> Table scan on <temporary>  (cost=43.5..47.2 rows=100)
        -> Temporary table with deduplication  (cost=43.5..43.5 rows=100)
            -> Filter: (sbtest5.id between 7866640 and 7866739)  (cost=20.4 rows=100)
                -> Index range scan on sbtest5 using PRIMARY over (7866640 <= id <= 7866739)  (cost=20.4 rows=100)


table 6 : explain SELECT DISTINCT c FROM sbtest6 WHERE id BETWEEN 6822027 AND 6822126 ORDER BY c
	-> Sort: sbtest6.c
    -> Table scan on <temporary>  (cost=43.5..47.2 rows=100)
        -> Temporary table with deduplication  (cost=43.5..43.5 rows=100)
            -> Filter: (sbtest6.id between 6822027 and 6822126)  (cost=20.4 rows=100)
                -> Index range scan on sbtest6 using PRIMARY over (6822027 <= id <= 6822126)  (cost=20.4 rows=100)


table 7 : explain SELECT DISTINCT c FROM sbtest7 WHERE id BETWEEN 7264472 AND 7264571 ORDER BY c
	-> Sort: sbtest7.c
    -> Table scan on <temporary>  (cost=43.5..47.2 rows=100)
        -> Temporary table with deduplication  (cost=43.5..43.5 rows=100)
            -> Filter: (sbtest7.id between 7264472 and 7264571)  (cost=20.4 rows=100)
                -> Index range scan on sbtest7 using PRIMARY over (7264472 <= id <= 7264571)  (cost=20.4 rows=100)


table 8 : explain SELECT DISTINCT c FROM sbtest8 WHERE id BETWEEN 1698639 AND 1698738 ORDER BY c
	-> Sort: sbtest8.c
    -> Table scan on <temporary>  (cost=43.5..47.2 rows=100)
        -> Temporary table with deduplication  (cost=43.5..43.5 rows=100)
            -> Filter: (sbtest8.id between 1698639 and 1698738)  (cost=20.4 rows=100)
                -> Index range scan on sbtest8 using PRIMARY over (1698639 <= id <= 1698738)  (cost=20.4 rows=100)


for: distinct_ranges
table 1 : explain SELECT DISTINCT c FROM sbtest1 WHERE id BETWEEN 6782239 AND 6782338 ORDER BY c
	-> Sort: sbtest1.c
    -> Table scan on <temporary>  (cost=43.5..47.2 rows=100)
        -> Temporary table with deduplication  (cost=43.5..43.5 rows=100)
            -> Filter: (sbtest1.id between 6782239 and 6782338)  (cost=20.4 rows=100)
                -> Index range scan on sbtest1 using PRIMARY over (6782239 <= id <= 6782338)  (cost=20.4 rows=100)


table 2 : explain SELECT DISTINCT c FROM sbtest2 WHERE id BETWEEN 3679626 AND 3679725 ORDER BY c
	-> Sort: sbtest2.c
    -> Table scan on <temporary>  (cost=43.5..47.2 rows=100)
        -> Temporary table with deduplication  (cost=43.5..43.5 rows=100)
            -> Filter: (sbtest2.id between 3679626 and 3679725)  (cost=20.4 rows=100)
                -> Index range scan on sbtest2 using PRIMARY over (3679626 <= id <= 3679725)  (cost=20.4 rows=100)


table 3 : explain SELECT DISTINCT c FROM sbtest3 WHERE id BETWEEN 9149135 AND 9149234 ORDER BY c
	-> Sort: sbtest3.c
    -> Table scan on <temporary>  (cost=43.5..47.2 rows=100)
        -> Temporary table with deduplication  (cost=43.5..43.5 rows=100)
            -> Filter: (sbtest3.id between 9149135 and 9149234)  (cost=20.4 rows=100)
                -> Index range scan on sbtest3 using PRIMARY over (9149135 <= id <= 9149234)  (cost=20.4 rows=100)


table 4 : explain SELECT DISTINCT c FROM sbtest4 WHERE id BETWEEN 5697246 AND 5697345 ORDER BY c
	-> Sort: sbtest4.c
    -> Table scan on <temporary>  (cost=43.5..47.2 rows=100)
        -> Temporary table with deduplication  (cost=43.5..43.5 rows=100)
            -> Filter: (sbtest4.id between 5697246 and 5697345)  (cost=20.4 rows=100)
                -> Index range scan on sbtest4 using PRIMARY over (5697246 <= id <= 5697345)  (cost=20.4 rows=100)


table 5 : explain SELECT DISTINCT c FROM sbtest5 WHERE id BETWEEN 2423143 AND 2423242 ORDER BY c
	-> Sort: sbtest5.c
    -> Table scan on <temporary>  (cost=43.5..47.2 rows=100)
        -> Temporary table with deduplication  (cost=43.5..43.5 rows=100)
            -> Filter: (sbtest5.id between 2423143 and 2423242)  (cost=20.4 rows=100)
                -> Index range scan on sbtest5 using PRIMARY over (2423143 <= id <= 2423242)  (cost=20.4 rows=100)


table 6 : explain SELECT DISTINCT c FROM sbtest6 WHERE id BETWEEN 7011600 AND 7011699 ORDER BY c
	-> Sort: sbtest6.c
    -> Table scan on <temporary>  (cost=43.5..47.2 rows=100)
        -> Temporary table with deduplication  (cost=43.5..43.5 rows=100)
            -> Filter: (sbtest6.id between 7011600 and 7011699)  (cost=20.4 rows=100)
                -> Index range scan on sbtest6 using PRIMARY over (7011600 <= id <= 7011699)  (cost=20.4 rows=100)


table 7 : explain SELECT DISTINCT c FROM sbtest7 WHERE id BETWEEN 3022242 AND 3022341 ORDER BY c
	-> Sort: sbtest7.c
    -> Table scan on <temporary>  (cost=43.5..47.2 rows=100)
        -> Temporary table with deduplication  (cost=43.5..43.5 rows=100)
            -> Filter: (sbtest7.id between 3022242 and 3022341)  (cost=20.4 rows=100)
                -> Index range scan on sbtest7 using PRIMARY over (3022242 <= id <= 3022341)  (cost=20.4 rows=100)


table 8 : explain SELECT DISTINCT c FROM sbtest8 WHERE id BETWEEN 6030680 AND 6030779 ORDER BY c
	-> Sort: sbtest8.c
    -> Table scan on <temporary>  (cost=43.5..47.2 rows=100)
        -> Temporary table with deduplication  (cost=43.5..43.5 rows=100)
            -> Filter: (sbtest8.id between 6030680 and 6030779)  (cost=20.4 rows=100)
                -> Index range scan on sbtest8 using PRIMARY over (6030680 <= id <= 6030779)  (cost=20.4 rows=100)


explain: for index_updates :: explain UPDATE sbtest%u SET k=k+1 WHERE id=%u
for: distinct_ranges
table 1 : explain SELECT DISTINCT c FROM sbtest1 WHERE id BETWEEN 852567 AND 852666 ORDER BY c
	-> Sort: sbtest1.c
    -> Table scan on <temporary>  (cost=43.5..47.2 rows=100)
        -> Temporary table with deduplication  (cost=43.5..43.5 rows=100)
            -> Filter: (sbtest1.id between 852567 and 852666)  (cost=20.4 rows=100)
                -> Index range scan on sbtest1 using PRIMARY over (852567 <= id <= 852666)  (cost=20.4 rows=100)


table 2 : explain SELECT DISTINCT c FROM sbtest2 WHERE id BETWEEN 1604101 AND 1604200 ORDER BY c
	-> Sort: sbtest2.c
    -> Table scan on <temporary>  (cost=43.5..47.2 rows=100)
        -> Temporary table with deduplication  (cost=43.5..43.5 rows=100)
            -> Filter: (sbtest2.id between 1604101 and 1604200)  (cost=20.4 rows=100)
                -> Index range scan on sbtest2 using PRIMARY over (1604101 <= id <= 1604200)  (cost=20.4 rows=100)


table 3 : explain SELECT DISTINCT c FROM sbtest3 WHERE id BETWEEN 159359 AND 159458 ORDER BY c
	-> Sort: sbtest3.c
    -> Table scan on <temporary>  (cost=43.5..47.2 rows=100)
        -> Temporary table with deduplication  (cost=43.5..43.5 rows=100)
            -> Filter: (sbtest3.id between 159359 and 159458)  (cost=20.4 rows=100)
                -> Index range scan on sbtest3 using PRIMARY over (159359 <= id <= 159458)  (cost=20.4 rows=100)


table 4 : explain SELECT DISTINCT c FROM sbtest4 WHERE id BETWEEN 8978891 AND 8978990 ORDER BY c
	-> Sort: sbtest4.c
    -> Table scan on <temporary>  (cost=43.5..47.2 rows=100)
        -> Temporary table with deduplication  (cost=43.5..43.5 rows=100)
            -> Filter: (sbtest4.id between 8978891 and 8978990)  (cost=20.4 rows=100)
                -> Index range scan on sbtest4 using PRIMARY over (8978891 <= id <= 8978990)  (cost=20.4 rows=100)


table 5 : explain SELECT DISTINCT c FROM sbtest5 WHERE id BETWEEN 5556299 AND 5556398 ORDER BY c
	-> Sort: sbtest5.c
    -> Table scan on <temporary>  (cost=43.5..47.2 rows=100)
        -> Temporary table with deduplication  (cost=43.5..43.5 rows=100)
            -> Filter: (sbtest5.id between 5556299 and 5556398)  (cost=20.4 rows=100)
                -> Index range scan on sbtest5 using PRIMARY over (5556299 <= id <= 5556398)  (cost=20.4 rows=100)


table 6 : explain SELECT DISTINCT c FROM sbtest6 WHERE id BETWEEN 7208812 AND 7208911 ORDER BY c
	-> Sort: sbtest6.c
    -> Table scan on <temporary>  (cost=43.5..47.2 rows=100)
        -> Temporary table with deduplication  (cost=43.5..43.5 rows=100)
            -> Filter: (sbtest6.id between 7208812 and 7208911)  (cost=20.4 rows=100)
                -> Index range scan on sbtest6 using PRIMARY over (7208812 <= id <= 7208911)  (cost=20.4 rows=100)


table 7 : explain SELECT DISTINCT c FROM sbtest7 WHERE id BETWEEN 2146706 AND 2146805 ORDER BY c
	-> Sort: sbtest7.c
    -> Table scan on <temporary>  (cost=43.5..47.2 rows=100)
        -> Temporary table with deduplication  (cost=43.5..43.5 rows=100)
            -> Filter: (sbtest7.id between 2146706 and 2146805)  (cost=20.4 rows=100)
                -> Index range scan on sbtest7 using PRIMARY over (2146706 <= id <= 2146805)  (cost=20.4 rows=100)


table 8 : explain SELECT DISTINCT c FROM sbtest8 WHERE id BETWEEN 6705892 AND 6705991 ORDER BY c
	-> Sort: sbtest8.c
    -> Table scan on <temporary>  (cost=43.5..47.2 rows=100)
        -> Temporary table with deduplication  (cost=43.5..43.5 rows=100)
            -> Filter: (sbtest8.id between 6705892 and 6705991)  (cost=20.4 rows=100)
                -> Index range scan on sbtest8 using PRIMARY over (6705892 <= id <= 6705991)  (cost=20.4 rows=100)


explain: for index_updates :: explain UPDATE sbtest%u SET k=k+1 WHERE id=%u
for index_updates
table 1 : explain UPDATE sbtest1 SET k=k+1 WHERE id=6062592
	-> <not executable by iterator executor>


table 2 : explain UPDATE sbtest2 SET k=k+1 WHERE id=1021557
	-> <not executable by iterator executor>


table 3 : explain UPDATE sbtest3 SET k=k+1 WHERE id=6991809
	-> <not executable by iterator executor>


table 4 : explain UPDATE sbtest4 SET k=k+1 WHERE id=3534390
	-> <not executable by iterator executor>


table 5 : explain UPDATE sbtest5 SET k=k+1 WHERE id=4106100
	-> <not executable by iterator executor>


table 6 : explain UPDATE sbtest6 SET k=k+1 WHERE id=9682668
	-> <not executable by iterator executor>


table 7 : explain UPDATE sbtest7 SET k=k+1 WHERE id=3043642
	-> <not executable by iterator executor>


table 8 : explain UPDATE sbtest8 SET k=k+1 WHERE id=7588544
	-> <not executable by iterator executor>


explain: for index_updates :: explain UPDATE sbtest%u SET k=k+1 WHERE id=%u
for: distinct_ranges
table 1 : explain SELECT DISTINCT c FROM sbtest1 WHERE id BETWEEN 8098652 AND 8098751 ORDER BY c
	-> Sort: sbtest1.c
    -> Table scan on <temporary>  (cost=43.5..47.2 rows=100)
        -> Temporary table with deduplication  (cost=43.5..43.5 rows=100)
            -> Filter: (sbtest1.id between 8098652 and 8098751)  (cost=20.4 rows=100)
                -> Index range scan on sbtest1 using PRIMARY over (8098652 <= id <= 8098751)  (cost=20.4 rows=100)


table 2 : explain SELECT DISTINCT c FROM sbtest2 WHERE id BETWEEN 6542971 AND 6543070 ORDER BY c
	-> Sort: sbtest2.c
    -> Table scan on <temporary>  (cost=43.5..47.2 rows=100)
        -> Temporary table with deduplication  (cost=43.5..43.5 rows=100)
            -> Filter: (sbtest2.id between 6542971 and 6543070)  (cost=20.4 rows=100)
                -> Index range scan on sbtest2 using PRIMARY over (6542971 <= id <= 6543070)  (cost=20.4 rows=100)


table 3 : explain SELECT DISTINCT c FROM sbtest3 WHERE id BETWEEN 4213111 AND 4213210 ORDER BY c
	-> Sort: sbtest3.c
    -> Table scan on <temporary>  (cost=43.5..47.2 rows=100)
        -> Temporary table with deduplication  (cost=43.5..43.5 rows=100)
            -> Filter: (sbtest3.id between 4213111 and 4213210)  (cost=20.4 rows=100)
                -> Index range scan on sbtest3 using PRIMARY over (4213111 <= id <= 4213210)  (cost=20.4 rows=100)


table 4 : explain SELECT DISTINCT c FROM sbtest4 WHERE id BETWEEN 5459261 AND 5459360 ORDER BY c
	-> Sort: sbtest4.c
    -> Table scan on <temporary>  (cost=43.5..47.2 rows=100)
        -> Temporary table with deduplication  (cost=43.5..43.5 rows=100)
            -> Filter: (sbtest4.id between 5459261 and 5459360)  (cost=20.4 rows=100)
                -> Index range scan on sbtest4 using PRIMARY over (5459261 <= id <= 5459360)  (cost=20.4 rows=100)


table 5 : explain SELECT DISTINCT c FROM sbtest5 WHERE id BETWEEN 993713 AND 993812 ORDER BY c
	-> Sort: sbtest5.c
    -> Table scan on <temporary>  (cost=43.5..47.2 rows=100)
        -> Temporary table with deduplication  (cost=43.5..43.5 rows=100)
            -> Filter: (sbtest5.id between 993713 and 993812)  (cost=20.4 rows=100)
                -> Index range scan on sbtest5 using PRIMARY over (993713 <= id <= 993812)  (cost=20.4 rows=100)


table 6 : explain SELECT DISTINCT c FROM sbtest6 WHERE id BETWEEN 9307442 AND 9307541 ORDER BY c
	-> Sort: sbtest6.c
    -> Table scan on <temporary>  (cost=43.5..47.2 rows=100)
        -> Temporary table with deduplication  (cost=43.5..43.5 rows=100)
            -> Filter: (sbtest6.id between 9307442 and 9307541)  (cost=20.4 rows=100)
                -> Index range scan on sbtest6 using PRIMARY over (9307442 <= id <= 9307541)  (cost=20.4 rows=100)


table 7 : explain SELECT DISTINCT c FROM sbtest7 WHERE id BETWEEN 5118943 AND 5119042 ORDER BY c
	-> Sort: sbtest7.c
    -> Table scan on <temporary>  (cost=43.5..47.2 rows=100)
        -> Temporary table with deduplication  (cost=43.5..43.5 rows=100)
            -> Filter: (sbtest7.id between 5118943 and 5119042)  (cost=20.4 rows=100)
                -> Index range scan on sbtest7 using PRIMARY over (5118943 <= id <= 5119042)  (cost=20.4 rows=100)


table 8 : explain SELECT DISTINCT c FROM sbtest8 WHERE id BETWEEN 6338867 AND 6338966 ORDER BY c
	-> Sort: sbtest8.c
    -> Table scan on <temporary>  (cost=43.5..47.2 rows=100)
        -> Temporary table with deduplication  (cost=43.5..43.5 rows=100)
            -> Filter: (sbtest8.id between 6338867 and 6338966)  (cost=20.4 rows=100)
                -> Index range scan on sbtest8 using PRIMARY over (6338867 <= id <= 6338966)  (cost=20.4 rows=100)


for: distinct_ranges
table 1 : explain SELECT DISTINCT c FROM sbtest1 WHERE id BETWEEN 2925740 AND 2925839 ORDER BY c
	-> Sort: sbtest1.c
    -> Table scan on <temporary>  (cost=43.5..47.2 rows=100)
        -> Temporary table with deduplication  (cost=43.5..43.5 rows=100)
            -> Filter: (sbtest1.id between 2925740 and 2925839)  (cost=20.4 rows=100)
                -> Index range scan on sbtest1 using PRIMARY over (2925740 <= id <= 2925839)  (cost=20.4 rows=100)


table 2 : explain SELECT DISTINCT c FROM sbtest2 WHERE id BETWEEN 6575857 AND 6575956 ORDER BY c
	-> Sort: sbtest2.c
    -> Table scan on <temporary>  (cost=43.5..47.2 rows=100)
        -> Temporary table with deduplication  (cost=43.5..43.5 rows=100)
            -> Filter: (sbtest2.id between 6575857 and 6575956)  (cost=20.4 rows=100)
                -> Index range scan on sbtest2 using PRIMARY over (6575857 <= id <= 6575956)  (cost=20.4 rows=100)


table 3 : explain SELECT DISTINCT c FROM sbtest3 WHERE id BETWEEN 6446312 AND 6446411 ORDER BY c
	-> Sort: sbtest3.c
    -> Table scan on <temporary>  (cost=43.5..47.2 rows=100)
        -> Temporary table with deduplication  (cost=43.5..43.5 rows=100)
            -> Filter: (sbtest3.id between 6446312 and 6446411)  (cost=20.4 rows=100)
                -> Index range scan on sbtest3 using PRIMARY over (6446312 <= id <= 6446411)  (cost=20.4 rows=100)


table 4 : explain SELECT DISTINCT c FROM sbtest4 WHERE id BETWEEN 6117153 AND 6117252 ORDER BY c
	-> Sort: sbtest4.c
    -> Table scan on <temporary>  (cost=43.5..47.2 rows=100)
        -> Temporary table with deduplication  (cost=43.5..43.5 rows=100)
            -> Filter: (sbtest4.id between 6117153 and 6117252)  (cost=20.4 rows=100)
                -> Index range scan on sbtest4 using PRIMARY over (6117153 <= id <= 6117252)  (cost=20.4 rows=100)


table 5 : explain SELECT DISTINCT c FROM sbtest5 WHERE id BETWEEN 6735033 AND 6735132 ORDER BY c
	-> Sort: sbtest5.c
    -> Table scan on <temporary>  (cost=43.5..47.2 rows=100)
        -> Temporary table with deduplication  (cost=43.5..43.5 rows=100)
            -> Filter: (sbtest5.id between 6735033 and 6735132)  (cost=20.4 rows=100)
                -> Index range scan on sbtest5 using PRIMARY over (6735033 <= id <= 6735132)  (cost=20.4 rows=100)


table 6 : explain SELECT DISTINCT c FROM sbtest6 WHERE id BETWEEN 4750311 AND 4750410 ORDER BY c
	-> Sort: sbtest6.c
    -> Table scan on <temporary>  (cost=43.5..47.2 rows=100)
        -> Temporary table with deduplication  (cost=43.5..43.5 rows=100)
            -> Filter: (sbtest6.id between 4750311 and 4750410)  (cost=20.4 rows=100)
                -> Index range scan on sbtest6 using PRIMARY over (4750311 <= id <= 4750410)  (cost=20.4 rows=100)


table 7 : explain SELECT DISTINCT c FROM sbtest7 WHERE id BETWEEN 4729021 AND 4729120 ORDER BY c
	-> Sort: sbtest7.c
    -> Table scan on <temporary>  (cost=43.5..47.2 rows=100)
        -> Temporary table with deduplication  (cost=43.5..43.5 rows=100)
            -> Filter: (sbtest7.id between 4729021 and 4729120)  (cost=20.4 rows=100)
                -> Index range scan on sbtest7 using PRIMARY over (4729021 <= id <= 4729120)  (cost=20.4 rows=100)


table 8 : explain SELECT DISTINCT c FROM sbtest8 WHERE id BETWEEN 4312038 AND 4312137 ORDER BY c
	-> Sort: sbtest8.c
    -> Table scan on <temporary>  (cost=43.5..47.2 rows=100)
        -> Temporary table with deduplication  (cost=43.5..43.5 rows=100)
            -> Filter: (sbtest8.id between 4312038 and 4312137)  (cost=20.4 rows=100)
                -> Index range scan on sbtest8 using PRIMARY over (4312038 <= id <= 4312137)  (cost=20.4 rows=100)


explain: for index_updates :: explain UPDATE sbtest%u SET k=k+1 WHERE id=%u
for: distinct_ranges
table 1 : explain SELECT DISTINCT c FROM sbtest1 WHERE id BETWEEN 6051280 AND 6051379 ORDER BY c
	-> Sort: sbtest1.c
    -> Table scan on <temporary>  (cost=43.5..47.2 rows=100)
        -> Temporary table with deduplication  (cost=43.5..43.5 rows=100)
            -> Filter: (sbtest1.id between 6051280 and 6051379)  (cost=20.4 rows=100)
                -> Index range scan on sbtest1 using PRIMARY over (6051280 <= id <= 6051379)  (cost=20.4 rows=100)


table 2 : explain SELECT DISTINCT c FROM sbtest2 WHERE id BETWEEN 9919079 AND 9919178 ORDER BY c
	-> Sort: sbtest2.c
    -> Table scan on <temporary>  (cost=43.5..47.2 rows=100)
        -> Temporary table with deduplication  (cost=43.5..43.5 rows=100)
            -> Filter: (sbtest2.id between 9919079 and 9919178)  (cost=20.4 rows=100)
                -> Index range scan on sbtest2 using PRIMARY over (9919079 <= id <= 9919178)  (cost=20.4 rows=100)


table 3 : explain SELECT DISTINCT c FROM sbtest3 WHERE id BETWEEN 369209 AND 369308 ORDER BY c
	-> Sort: sbtest3.c
    -> Table scan on <temporary>  (cost=43.5..47.2 rows=100)
        -> Temporary table with deduplication  (cost=43.5..43.5 rows=100)
            -> Filter: (sbtest3.id between 369209 and 369308)  (cost=20.4 rows=100)
                -> Index range scan on sbtest3 using PRIMARY over (369209 <= id <= 369308)  (cost=20.4 rows=100)


table 4 : explain SELECT DISTINCT c FROM sbtest4 WHERE id BETWEEN 3506678 AND 3506777 ORDER BY c
	-> Sort: sbtest4.c
    -> Table scan on <temporary>  (cost=43.5..47.2 rows=100)
        -> Temporary table with deduplication  (cost=43.5..43.5 rows=100)
            -> Filter: (sbtest4.id between 3506678 and 3506777)  (cost=20.4 rows=100)
                -> Index range scan on sbtest4 using PRIMARY over (3506678 <= id <= 3506777)  (cost=20.4 rows=100)


table 5 : explain SELECT DISTINCT c FROM sbtest5 WHERE id BETWEEN 9610198 AND 9610297 ORDER BY c
	-> Sort: sbtest5.c
    -> Table scan on <temporary>  (cost=43.5..47.2 rows=100)
        -> Temporary table with deduplication  (cost=43.5..43.5 rows=100)
            -> Filter: (sbtest5.id between 9610198 and 9610297)  (cost=20.4 rows=100)
                -> Index range scan on sbtest5 using PRIMARY over (9610198 <= id <= 9610297)  (cost=20.4 rows=100)


table 6 : explain SELECT DISTINCT c FROM sbtest6 WHERE id BETWEEN 3033667 AND 3033766 ORDER BY c
	-> Sort: sbtest6.c
    -> Table scan on <temporary>  (cost=43.5..47.2 rows=100)
        -> Temporary table with deduplication  (cost=43.5..43.5 rows=100)
            -> Filter: (sbtest6.id between 3033667 and 3033766)  (cost=20.4 rows=100)
                -> Index range scan on sbtest6 using PRIMARY over (3033667 <= id <= 3033766)  (cost=20.4 rows=100)


table 7 : explain SELECT DISTINCT c FROM sbtest7 WHERE id BETWEEN 4570709 AND 4570808 ORDER BY c
	-> Sort: sbtest7.c
    -> Table scan on <temporary>  (cost=43.5..47.2 rows=100)
        -> Temporary table with deduplication  (cost=43.5..43.5 rows=100)
            -> Filter: (sbtest7.id between 4570709 and 4570808)  (cost=20.4 rows=100)
                -> Index range scan on sbtest7 using PRIMARY over (4570709 <= id <= 4570808)  (cost=20.4 rows=100)


table 8 : explain SELECT DISTINCT c FROM sbtest8 WHERE id BETWEEN 6770108 AND 6770207 ORDER BY c
	-> Sort: sbtest8.c
    -> Table scan on <temporary>  (cost=43.5..47.2 rows=100)
        -> Temporary table with deduplication  (cost=43.5..43.5 rows=100)
            -> Filter: (sbtest8.id between 6770108 and 6770207)  (cost=20.4 rows=100)
                -> Index range scan on sbtest8 using PRIMARY over (6770108 <= id <= 6770207)  (cost=20.4 rows=100)


explain: for index_updates :: explain UPDATE sbtest%u SET k=k+1 WHERE id=%u
explain: for index_updates :: explain UPDATE sbtest%u SET k=k+1 WHERE id=%u
explain: for index_updates :: explain UPDATE sbtest%u SET k=k+1 WHERE id=%u
explain: for index_updates :: explain UPDATE sbtest%u SET k=k+1 WHERE id=%u
explain: for index_updates :: explain UPDATE sbtest%u SET k=k+1 WHERE id=%u
explain: for index_updates :: explain UPDATE sbtest%u SET k=k+1 WHERE id=%u
explain: for index_updates :: explain UPDATE sbtest%u SET k=k+1 WHERE id=%u
for: distinct_ranges
table 1 : explain SELECT DISTINCT c FROM sbtest1 WHERE id BETWEEN 7881807 AND 7881906 ORDER BY c
	-> Sort: sbtest1.c
    -> Table scan on <temporary>  (cost=43.5..47.2 rows=100)
        -> Temporary table with deduplication  (cost=43.5..43.5 rows=100)
            -> Filter: (sbtest1.id between 7881807 and 7881906)  (cost=20.4 rows=100)
                -> Index range scan on sbtest1 using PRIMARY over (7881807 <= id <= 7881906)  (cost=20.4 rows=100)


table 2 : explain SELECT DISTINCT c FROM sbtest2 WHERE id BETWEEN 5409920 AND 5410019 ORDER BY c
	-> Sort: sbtest2.c
    -> Table scan on <temporary>  (cost=43.5..47.2 rows=100)
        -> Temporary table with deduplication  (cost=43.5..43.5 rows=100)
            -> Filter: (sbtest2.id between 5409920 and 5410019)  (cost=20.4 rows=100)
                -> Index range scan on sbtest2 using PRIMARY over (5409920 <= id <= 5410019)  (cost=20.4 rows=100)


table 3 : explain SELECT DISTINCT c FROM sbtest3 WHERE id BETWEEN 7833986 AND 7834085 ORDER BY c
	-> Sort: sbtest3.c
    -> Table scan on <temporary>  (cost=43.5..47.2 rows=100)
        -> Temporary table with deduplication  (cost=43.5..43.5 rows=100)
            -> Filter: (sbtest3.id between 7833986 and 7834085)  (cost=20.4 rows=100)
                -> Index range scan on sbtest3 using PRIMARY over (7833986 <= id <= 7834085)  (cost=20.4 rows=100)


table 4 : explain SELECT DISTINCT c FROM sbtest4 WHERE id BETWEEN 1172589 AND 1172688 ORDER BY c
	-> Sort: sbtest4.c
    -> Table scan on <temporary>  (cost=43.5..47.2 rows=100)
        -> Temporary table with deduplication  (cost=43.5..43.5 rows=100)
            -> Filter: (sbtest4.id between 1172589 and 1172688)  (cost=20.4 rows=100)
                -> Index range scan on sbtest4 using PRIMARY over (1172589 <= id <= 1172688)  (cost=20.4 rows=100)


table 5 : explain SELECT DISTINCT c FROM sbtest5 WHERE id BETWEEN 8168778 AND 8168877 ORDER BY c
	-> Sort: sbtest5.c
    -> Table scan on <temporary>  (cost=43.5..47.2 rows=100)
        -> Temporary table with deduplication  (cost=43.5..43.5 rows=100)
            -> Filter: (sbtest5.id between 8168778 and 8168877)  (cost=20.4 rows=100)
                -> Index range scan on sbtest5 using PRIMARY over (8168778 <= id <= 8168877)  (cost=20.4 rows=100)


table 6 : explain SELECT DISTINCT c FROM sbtest6 WHERE id BETWEEN 1780273 AND 1780372 ORDER BY c
	-> Sort: sbtest6.c
    -> Table scan on <temporary>  (cost=43.5..47.2 rows=100)
        -> Temporary table with deduplication  (cost=43.5..43.5 rows=100)
            -> Filter: (sbtest6.id between 1780273 and 1780372)  (cost=20.4 rows=100)
                -> Index range scan on sbtest6 using PRIMARY over (1780273 <= id <= 1780372)  (cost=20.4 rows=100)


table 7 : explain SELECT DISTINCT c FROM sbtest7 WHERE id BETWEEN 9640326 AND 9640425 ORDER BY c
	-> Sort: sbtest7.c
    -> Table scan on <temporary>  (cost=43.5..47.2 rows=100)
        -> Temporary table with deduplication  (cost=43.5..43.5 rows=100)
            -> Filter: (sbtest7.id between 9640326 and 9640425)  (cost=20.4 rows=100)
                -> Index range scan on sbtest7 using PRIMARY over (9640326 <= id <= 9640425)  (cost=20.4 rows=100)


table 8 : explain SELECT DISTINCT c FROM sbtest8 WHERE id BETWEEN 3370267 AND 3370366 ORDER BY c
	-> Sort: sbtest8.c
    -> Table scan on <temporary>  (cost=43.5..47.2 rows=100)
        -> Temporary table with deduplication  (cost=43.5..43.5 rows=100)
            -> Filter: (sbtest8.id between 3370267 and 3370366)  (cost=20.4 rows=100)
                -> Index range scan on sbtest8 using PRIMARY over (3370267 <= id <= 3370366)  (cost=20.4 rows=100)


for: distinct_ranges
table 1 : explain SELECT DISTINCT c FROM sbtest1 WHERE id BETWEEN 6433898 AND 6433997 ORDER BY c
	-> Sort: sbtest1.c
    -> Table scan on <temporary>  (cost=43.5..47.2 rows=100)
        -> Temporary table with deduplication  (cost=43.5..43.5 rows=100)
            -> Filter: (sbtest1.id between 6433898 and 6433997)  (cost=20.4 rows=100)
                -> Index range scan on sbtest1 using PRIMARY over (6433898 <= id <= 6433997)  (cost=20.4 rows=100)


table 2 : explain SELECT DISTINCT c FROM sbtest2 WHERE id BETWEEN 7325354 AND 7325453 ORDER BY c
	-> Sort: sbtest2.c
    -> Table scan on <temporary>  (cost=43.5..47.2 rows=100)
        -> Temporary table with deduplication  (cost=43.5..43.5 rows=100)
            -> Filter: (sbtest2.id between 7325354 and 7325453)  (cost=20.4 rows=100)
                -> Index range scan on sbtest2 using PRIMARY over (7325354 <= id <= 7325453)  (cost=20.4 rows=100)


table 3 : explain SELECT DISTINCT c FROM sbtest3 WHERE id BETWEEN 9916465 AND 9916564 ORDER BY c
	-> Sort: sbtest3.c
    -> Table scan on <temporary>  (cost=43.5..47.2 rows=100)
        -> Temporary table with deduplication  (cost=43.5..43.5 rows=100)
            -> Filter: (sbtest3.id between 9916465 and 9916564)  (cost=20.4 rows=100)
                -> Index range scan on sbtest3 using PRIMARY over (9916465 <= id <= 9916564)  (cost=20.4 rows=100)


table 4 : explain SELECT DISTINCT c FROM sbtest4 WHERE id BETWEEN 623280 AND 623379 ORDER BY c
	-> Sort: sbtest4.c
    -> Table scan on <temporary>  (cost=43.5..47.2 rows=100)
        -> Temporary table with deduplication  (cost=43.5..43.5 rows=100)
            -> Filter: (sbtest4.id between 623280 and 623379)  (cost=20.4 rows=100)
                -> Index range scan on sbtest4 using PRIMARY over (623280 <= id <= 623379)  (cost=20.4 rows=100)


table 5 : explain SELECT DISTINCT c FROM sbtest5 WHERE id BETWEEN 7438894 AND 7438993 ORDER BY c
	-> Sort: sbtest5.c
    -> Table scan on <temporary>  (cost=43.5..47.2 rows=100)
        -> Temporary table with deduplication  (cost=43.5..43.5 rows=100)
            -> Filter: (sbtest5.id between 7438894 and 7438993)  (cost=20.4 rows=100)
                -> Index range scan on sbtest5 using PRIMARY over (7438894 <= id <= 7438993)  (cost=20.4 rows=100)


table 6 : explain SELECT DISTINCT c FROM sbtest6 WHERE id BETWEEN 3491810 AND 3491909 ORDER BY c
	-> Sort: sbtest6.c
    -> Table scan on <temporary>  (cost=43.5..47.2 rows=100)
        -> Temporary table with deduplication  (cost=43.5..43.5 rows=100)
            -> Filter: (sbtest6.id between 3491810 and 3491909)  (cost=20.4 rows=100)
                -> Index range scan on sbtest6 using PRIMARY over (3491810 <= id <= 3491909)  (cost=20.4 rows=100)


table 7 : explain SELECT DISTINCT c FROM sbtest7 WHERE id BETWEEN 1687795 AND 1687894 ORDER BY c
	-> Sort: sbtest7.c
    -> Table scan on <temporary>  (cost=43.5..47.2 rows=100)
        -> Temporary table with deduplication  (cost=43.5..43.5 rows=100)
            -> Filter: (sbtest7.id between 1687795 and 1687894)  (cost=20.4 rows=100)
                -> Index range scan on sbtest7 using PRIMARY over (1687795 <= id <= 1687894)  (cost=20.4 rows=100)


table 8 : explain SELECT DISTINCT c FROM sbtest8 WHERE id BETWEEN 8664515 AND 8664614 ORDER BY c
	-> Sort: sbtest8.c
    -> Table scan on <temporary>  (cost=43.5..47.2 rows=100)
        -> Temporary table with deduplication  (cost=43.5..43.5 rows=100)
            -> Filter: (sbtest8.id between 8664515 and 8664614)  (cost=20.4 rows=100)
                -> Index range scan on sbtest8 using PRIMARY over (8664515 <= id <= 8664614)  (cost=20.4 rows=100)


explain: for index_updates :: explain UPDATE sbtest%u SET k=k+1 WHERE id=%u
explain: for index_updates :: explain UPDATE sbtest%u SET k=k+1 WHERE id=%u
explain: for index_updates :: explain UPDATE sbtest%u SET k=k+1 WHERE id=%u
explain: for index_updates :: explain UPDATE sbtest%u SET k=k+1 WHERE id=%u
for index_updates
table 1 : explain UPDATE sbtest1 SET k=k+1 WHERE id=5051163
	-> <not executable by iterator executor>


table 2 : explain UPDATE sbtest2 SET k=k+1 WHERE id=9198972
	-> <not executable by iterator executor>


table 3 : explain UPDATE sbtest3 SET k=k+1 WHERE id=5829783
	-> <not executable by iterator executor>


table 4 : explain UPDATE sbtest4 SET k=k+1 WHERE id=9988697
	-> <not executable by iterator executor>


table 5 : explain UPDATE sbtest5 SET k=k+1 WHERE id=2761623
	-> <not executable by iterator executor>


table 6 : explain UPDATE sbtest6 SET k=k+1 WHERE id=658707
	-> <not executable by iterator executor>


table 7 : explain UPDATE sbtest7 SET k=k+1 WHERE id=1533313
	-> <not executable by iterator executor>


table 8 : explain UPDATE sbtest8 SET k=k+1 WHERE id=4477071
	-> <not executable by iterator executor>

explain: for index_updates :: explain UPDATE sbtest%u SET k=k+1 WHERE id=%u
explain: for index_updates :: explain UPDATE sbtest%u SET k=k+1 WHERE id=%u
for: distinct_ranges
table 1 : explain SELECT DISTINCT c FROM sbtest1 WHERE id BETWEEN 662401 AND 662500 ORDER BY c
	-> Sort: sbtest1.c
    -> Table scan on <temporary>  (cost=43.5..47.2 rows=100)
        -> Temporary table with deduplication  (cost=43.5..43.5 rows=100)
            -> Filter: (sbtest1.id between 662401 and 662500)  (cost=20.4 rows=100)
                -> Index range scan on sbtest1 using PRIMARY over (662401 <= id <= 662500)  (cost=20.4 rows=100)


table 2 : explain SELECT DISTINCT c FROM sbtest2 WHERE id BETWEEN 5926633 AND 5926732 ORDER BY c
	-> Sort: sbtest2.c
    -> Table scan on <temporary>  (cost=43.5..47.2 rows=100)
        -> Temporary table with deduplication  (cost=43.5..43.5 rows=100)
            -> Filter: (sbtest2.id between 5926633 and 5926732)  (cost=20.4 rows=100)
                -> Index range scan on sbtest2 using PRIMARY over (5926633 <= id <= 5926732)  (cost=20.4 rows=100)


table 3 : explain SELECT DISTINCT c FROM sbtest3 WHERE id BETWEEN 7768933 AND 7769032 ORDER BY c
	-> Sort: sbtest3.c
    -> Table scan on <temporary>  (cost=43.5..47.2 rows=100)
        -> Temporary table with deduplication  (cost=43.5..43.5 rows=100)
            -> Filter: (sbtest3.id between 7768933 and 7769032)  (cost=20.4 rows=100)
                -> Index range scan on sbtest3 using PRIMARY over (7768933 <= id <= 7769032)  (cost=20.4 rows=100)


table 4 : explain SELECT DISTINCT c FROM sbtest4 WHERE id BETWEEN 1864828 AND 1864927 ORDER BY c
	-> Sort: sbtest4.c
    -> Table scan on <temporary>  (cost=43.5..47.2 rows=100)
        -> Temporary table with deduplication  (cost=43.5..43.5 rows=100)
            -> Filter: (sbtest4.id between 1864828 and 1864927)  (cost=20.4 rows=100)
                -> Index range scan on sbtest4 using PRIMARY over (1864828 <= id <= 1864927)  (cost=20.4 rows=100)


table 5 : explain SELECT DISTINCT c FROM sbtest5 WHERE id BETWEEN 1609815 AND 1609914 ORDER BY c
	-> Sort: sbtest5.c
    -> Table scan on <temporary>  (cost=43.5..47.2 rows=100)
        -> Temporary table with deduplication  (cost=43.5..43.5 rows=100)
            -> Filter: (sbtest5.id between 1609815 and 1609914)  (cost=20.4 rows=100)
                -> Index range scan on sbtest5 using PRIMARY over (1609815 <= id <= 1609914)  (cost=20.4 rows=100)


table 6 : explain SELECT DISTINCT c FROM sbtest6 WHERE id BETWEEN 5129232 AND 5129331 ORDER BY c
	-> Sort: sbtest6.c
    -> Table scan on <temporary>  (cost=43.5..47.2 rows=100)
        -> Temporary table with deduplication  (cost=43.5..43.5 rows=100)
            -> Filter: (sbtest6.id between 5129232 and 5129331)  (cost=20.4 rows=100)
                -> Index range scan on sbtest6 using PRIMARY over (5129232 <= id <= 5129331)  (cost=20.4 rows=100)


table 7 : explain SELECT DISTINCT c FROM sbtest7 WHERE id BETWEEN 4520462 AND 4520561 ORDER BY c
	-> Sort: sbtest7.c
    -> Table scan on <temporary>  (cost=43.5..47.2 rows=100)
        -> Temporary table with deduplication  (cost=43.5..43.5 rows=100)
            -> Filter: (sbtest7.id between 4520462 and 4520561)  (cost=20.4 rows=100)
                -> Index range scan on sbtest7 using PRIMARY over (4520462 <= id <= 4520561)  (cost=20.4 rows=100)


table 8 : explain SELECT DISTINCT c FROM sbtest8 WHERE id BETWEEN 4923071 AND 4923170 ORDER BY c
	-> Sort: sbtest8.c
    -> Table scan on <temporary>  (cost=43.5..47.2 rows=100)
        -> Temporary table with deduplication  (cost=43.5..43.5 rows=100)
            -> Filter: (sbtest8.id between 4923071 and 4923170)  (cost=20.4 rows=100)
                -> Index range scan on sbtest8 using PRIMARY over (4923071 <= id <= 4923170)  (cost=20.4 rows=100)


explain: for index_updates :: explain UPDATE sbtest%u SET k=k+1 WHERE id=%u

explain: for index_updates :: explain UPDATE sbtest%u SET k=k+1 WHERE id=%u
for index_updates
table 1 : explain UPDATE sbtest1 SET k=k+1 WHERE id=4750257
	-> <not executable by iterator executor>


table 2 : explain UPDATE sbtest2 SET k=k+1 WHERE id=5414286
	-> <not executable by iterator executor>


table 3 : explain UPDATE sbtest3 SET k=k+1 WHERE id=416218
	-> <not executable by iterator executor>


table 4 : explain UPDATE sbtest4 SET k=k+1 WHERE id=4382682
	-> <not executable by iterator executor>


table 5 : explain UPDATE sbtest5 SET k=k+1 WHERE id=7115526
	-> <not executable by iterator executor>


table 6 : explain UPDATE sbtest6 SET k=k+1 WHERE id=1869235
	-> <not executable by iterator executor>


table 7 : explain UPDATE sbtest7 SET k=k+1 WHERE id=3730986
	-> <not executable by iterator executor>


table 8 : explain UPDATE sbtest8 SET k=k+1 WHERE id=1969667
	-> <not executable by iterator executor>


explain: for index_updates :: explain UPDATE sbtest%u SET k=k+1 WHERE id=%u
for index_updates
table 1 : explain UPDATE sbtest1 SET k=k+1 WHERE id=3103553
	-> <not executable by iterator executor>


table 2 : explain UPDATE sbtest2 SET k=k+1 WHERE id=7325815
	-> <not executable by iterator executor>


table 3 : explain UPDATE sbtest3 SET k=k+1 WHERE id=8945010
	-> <not executable by iterator executor>


table 4 : explain UPDATE sbtest4 SET k=k+1 WHERE id=8892327
	-> <not executable by iterator executor>


table 5 : explain UPDATE sbtest5 SET k=k+1 WHERE id=3764886
	-> <not executable by iterator executor>


table 6 : explain UPDATE sbtest6 SET k=k+1 WHERE id=2291910
	-> <not executable by iterator executor>


table 7 : explain UPDATE sbtest7 SET k=k+1 WHERE id=1933390
	-> <not executable by iterator executor>


table 8 : explain UPDATE sbtest8 SET k=k+1 WHERE id=187037
	-> <not executable by iterator executor>


for index_updates
table 1 : explain UPDATE sbtest1 SET k=k+1 WHERE id=6073025
	-> <not executable by iterator executor>


table 2 : explain UPDATE sbtest2 SET k=k+1 WHERE id=626873
	-> <not executable by iterator executor>


table 3 : explain UPDATE sbtest3 SET k=k+1 WHERE id=2365190
	-> <not executable by iterator executor>


table 4 : explain UPDATE sbtest4 SET k=k+1 WHERE id=6449253
	-> <not executable by iterator executor>


table 5 : explain UPDATE sbtest5 SET k=k+1 WHERE id=8799658
	-> <not executable by iterator executor>


table 6 : explain UPDATE sbtest6 SET k=k+1 WHERE id=4574276
	-> <not executable by iterator executor>


table 7 : explain UPDATE sbtest7 SET k=k+1 WHERE id=6146985
	-> <not executable by iterator executor>


table 8 : explain UPDATE sbtest8 SET k=k+1 WHERE id=1800787
	-> <not executable by iterator executor>

explain: for index_updates :: explain UPDATE sbtest%u SET k=k+1 WHERE id=%u

for: distinct_ranges
table 1 : explain SELECT DISTINCT c FROM sbtest1 WHERE id BETWEEN 5279286 AND 5279385 ORDER BY c
	-> Sort: sbtest1.c
    -> Table scan on <temporary>  (cost=43.5..47.2 rows=100)
        -> Temporary table with deduplication  (cost=43.5..43.5 rows=100)
            -> Filter: (sbtest1.id between 5279286 and 5279385)  (cost=20.4 rows=100)
                -> Index range scan on sbtest1 using PRIMARY over (5279286 <= id <= 5279385)  (cost=20.4 rows=100)


table 2 : explain SELECT DISTINCT c FROM sbtest2 WHERE id BETWEEN 4703308 AND 4703407 ORDER BY c
	-> Sort: sbtest2.c
    -> Table scan on <temporary>  (cost=43.5..47.2 rows=100)
        -> Temporary table with deduplication  (cost=43.5..43.5 rows=100)
            -> Filter: (sbtest2.id between 4703308 and 4703407)  (cost=20.4 rows=100)
                -> Index range scan on sbtest2 using PRIMARY over (4703308 <= id <= 4703407)  (cost=20.4 rows=100)


table 3 : explain SELECT DISTINCT c FROM sbtest3 WHERE id BETWEEN 9511185 AND 9511284 ORDER BY c
	-> Sort: sbtest3.c
    -> Table scan on <temporary>  (cost=43.5..47.2 rows=100)
        -> Temporary table with deduplication  (cost=43.5..43.5 rows=100)
            -> Filter: (sbtest3.id between 9511185 and 9511284)  (cost=20.4 rows=100)
                -> Index range scan on sbtest3 using PRIMARY over (9511185 <= id <= 9511284)  (cost=20.4 rows=100)


table 4 : explain SELECT DISTINCT c FROM sbtest4 WHERE id BETWEEN 517316 AND 517415 ORDER BY c
	-> Sort: sbtest4.c
    -> Table scan on <temporary>  (cost=43.5..47.2 rows=100)
        -> Temporary table with deduplication  (cost=43.5..43.5 rows=100)
            -> Filter: (sbtest4.id between 517316 and 517415)  (cost=20.4 rows=100)
                -> Index range scan on sbtest4 using PRIMARY over (517316 <= id <= 517415)  (cost=20.4 rows=100)


table 5 : explain SELECT DISTINCT c FROM sbtest5 WHERE id BETWEEN 7987057 AND 7987156 ORDER BY c
	-> Sort: sbtest5.c
    -> Table scan on <temporary>  (cost=43.5..47.2 rows=100)
        -> Temporary table with deduplication  (cost=43.5..43.5 rows=100)
            -> Filter: (sbtest5.id between 7987057 and 7987156)  (cost=20.4 rows=100)
                -> Index range scan on sbtest5 using PRIMARY over (7987057 <= id <= 7987156)  (cost=20.4 rows=100)


table 6 : explain SELECT DISTINCT c FROM sbtest6 WHERE id BETWEEN 6182300 AND 6182399 ORDER BY c
	-> Sort: sbtest6.c
    -> Table scan on <temporary>  (cost=43.5..47.2 rows=100)
        -> Temporary table with deduplication  (cost=43.5..43.5 rows=100)
            -> Filter: (sbtest6.id between 6182300 and 6182399)  (cost=20.4 rows=100)
                -> Index range scan on sbtest6 using PRIMARY over (6182300 <= id <= 6182399)  (cost=20.4 rows=100)


table 7 : explain SELECT DISTINCT c FROM sbtest7 WHERE id BETWEEN 4229746 AND 4229845 ORDER BY c
	-> Sort: sbtest7.c
    -> Table scan on <temporary>  (cost=43.5..47.2 rows=100)
        -> Temporary table with deduplication  (cost=43.5..43.5 rows=100)
            -> Filter: (sbtest7.id between 4229746 and 4229845)  (cost=20.4 rows=100)
                -> Index range scan on sbtest7 using PRIMARY over (4229746 <= id <= 4229845)  (cost=20.4 rows=100)


table 8 : explain SELECT DISTINCT c FROM sbtest8 WHERE id BETWEEN 8028208 AND 8028307 ORDER BY c
	-> Sort: sbtest8.c
    -> Table scan on <temporary>  (cost=43.5..47.2 rows=100)
        -> Temporary table with deduplication  (cost=43.5..43.5 rows=100)
            -> Filter: (sbtest8.id between 8028208 and 8028307)  (cost=20.4 rows=100)
                -> Index range scan on sbtest8 using PRIMARY over (8028208 <= id <= 8028307)  (cost=20.4 rows=100)


explain: for index_updates :: explain UPDATE sbtest%u SET k=k+1 WHERE id=%u
for index_updates
table 1 : explain UPDATE sbtest1 SET k=k+1 WHERE id=7921228
	-> <not executable by iterator executor>


table 2 : explain UPDATE sbtest2 SET k=k+1 WHERE id=3669281
	-> <not executable by iterator executor>


table 3 : explain UPDATE sbtest3 SET k=k+1 WHERE id=4188311
	-> <not executable by iterator executor>


table 4 : explain UPDATE sbtest4 SET k=k+1 WHERE id=362122
	-> <not executable by iterator executor>


table 5 : explain UPDATE sbtest5 SET k=k+1 WHERE id=9451067
	-> <not executable by iterator executor>


table 6 : explain UPDATE sbtest6 SET k=k+1 WHERE id=341889
	-> <not executable by iterator executor>


table 7 : explain UPDATE sbtest7 SET k=k+1 WHERE id=1128521
	-> <not executable by iterator executor>


table 8 : explain UPDATE sbtest8 SET k=k+1 WHERE id=8198139
	-> <not executable by iterator executor>


explain: for index_updates :: explain UPDATE sbtest%u SET k=k+1 WHERE id=%u
for: distinct_ranges
table 1 : explain SELECT DISTINCT c FROM sbtest1 WHERE id BETWEEN 6199176 AND 6199275 ORDER BY c
	-> Sort: sbtest1.c
    -> Table scan on <temporary>  (cost=43.5..47.2 rows=100)
        -> Temporary table with deduplication  (cost=43.5..43.5 rows=100)
            -> Filter: (sbtest1.id between 6199176 and 6199275)  (cost=20.4 rows=100)
                -> Index range scan on sbtest1 using PRIMARY over (6199176 <= id <= 6199275)  (cost=20.4 rows=100)


table 2 : explain SELECT DISTINCT c FROM sbtest2 WHERE id BETWEEN 1738667 AND 1738766 ORDER BY c
	-> Sort: sbtest2.c
    -> Table scan on <temporary>  (cost=43.5..47.2 rows=100)
        -> Temporary table with deduplication  (cost=43.5..43.5 rows=100)
            -> Filter: (sbtest2.id between 1738667 and 1738766)  (cost=20.4 rows=100)
                -> Index range scan on sbtest2 using PRIMARY over (1738667 <= id <= 1738766)  (cost=20.4 rows=100)


table 3 : explain SELECT DISTINCT c FROM sbtest3 WHERE id BETWEEN 451151 AND 451250 ORDER BY c
	-> Sort: sbtest3.c
    -> Table scan on <temporary>  (cost=43.5..47.2 rows=100)
        -> Temporary table with deduplication  (cost=43.5..43.5 rows=100)
            -> Filter: (sbtest3.id between 451151 and 451250)  (cost=20.4 rows=100)
                -> Index range scan on sbtest3 using PRIMARY over (451151 <= id <= 451250)  (cost=20.4 rows=100)


table 4 : explain SELECT DISTINCT c FROM sbtest4 WHERE id BETWEEN 6232005 AND 6232104 ORDER BY c
	-> Sort: sbtest4.c
    -> Table scan on <temporary>  (cost=43.5..47.2 rows=100)
        -> Temporary table with deduplication  (cost=43.5..43.5 rows=100)
            -> Filter: (sbtest4.id between 6232005 and 6232104)  (cost=20.4 rows=100)
                -> Index range scan on sbtest4 using PRIMARY over (6232005 <= id <= 6232104)  (cost=20.4 rows=100)


table 5 : explain SELECT DISTINCT c FROM sbtest5 WHERE id BETWEEN 3205507 AND 3205606 ORDER BY c
	-> Sort: sbtest5.c
    -> Table scan on <temporary>  (cost=43.5..47.2 rows=100)
        -> Temporary table with deduplication  (cost=43.5..43.5 rows=100)
            -> Filter: (sbtest5.id between 3205507 and 3205606)  (cost=20.4 rows=100)
                -> Index range scan on sbtest5 using PRIMARY over (3205507 <= id <= 3205606)  (cost=20.4 rows=100)


table 6 : explain SELECT DISTINCT c FROM sbtest6 WHERE id BETWEEN 9831739 AND 9831838 ORDER BY c
	-> Sort: sbtest6.c
    -> Table scan on <temporary>  (cost=43.5..47.2 rows=100)
        -> Temporary table with deduplication  (cost=43.5..43.5 rows=100)
            -> Filter: (sbtest6.id between 9831739 and 9831838)  (cost=20.4 rows=100)
                -> Index range scan on sbtest6 using PRIMARY over (9831739 <= id <= 9831838)  (cost=20.4 rows=100)


table 7 : explain SELECT DISTINCT c FROM sbtest7 WHERE id BETWEEN 2198456 AND 2198555 ORDER BY c
	-> Sort: sbtest7.c
    -> Table scan on <temporary>  (cost=43.5..47.2 rows=100)
        -> Temporary table with deduplication  (cost=43.5..43.5 rows=100)
            -> Filter: (sbtest7.id between 2198456 and 2198555)  (cost=20.4 rows=100)
                -> Index range scan on sbtest7 using PRIMARY over (2198456 <= id <= 2198555)  (cost=20.4 rows=100)


table 8 : explain SELECT DISTINCT c FROM sbtest8 WHERE id BETWEEN 8139670 AND 8139769 ORDER BY c
	-> Sort: sbtest8.c
    -> Table scan on <temporary>  (cost=43.5..47.2 rows=100)
        -> Temporary table with deduplication  (cost=43.5..43.5 rows=100)
            -> Filter: (sbtest8.id between 8139670 and 8139769)  (cost=20.4 rows=100)
                -> Index range scan on sbtest8 using PRIMARY over (8139670 <= id <= 8139769)  (cost=20.4 rows=100)


for: distinct_ranges
table 1 : explain SELECT DISTINCT c FROM sbtest1 WHERE id BETWEEN 1864677 AND 1864776 ORDER BY c
	-> Sort: sbtest1.c
    -> Table scan on <temporary>  (cost=43.5..47.2 rows=100)
        -> Temporary table with deduplication  (cost=43.5..43.5 rows=100)
            -> Filter: (sbtest1.id between 1864677 and 1864776)  (cost=20.4 rows=100)
                -> Index range scan on sbtest1 using PRIMARY over (1864677 <= id <= 1864776)  (cost=20.4 rows=100)


table 2 : explain SELECT DISTINCT c FROM sbtest2 WHERE id BETWEEN 6716761 AND 6716860 ORDER BY c
	-> Sort: sbtest2.c
    -> Table scan on <temporary>  (cost=43.5..47.2 rows=100)
        -> Temporary table with deduplication  (cost=43.5..43.5 rows=100)
            -> Filter: (sbtest2.id between 6716761 and 6716860)  (cost=20.4 rows=100)
                -> Index range scan on sbtest2 using PRIMARY over (6716761 <= id <= 6716860)  (cost=20.4 rows=100)


table 3 : explain SELECT DISTINCT c FROM sbtest3 WHERE id BETWEEN 6896519 AND 6896618 ORDER BY c
	-> Sort: sbtest3.c
    -> Table scan on <temporary>  (cost=43.5..47.2 rows=100)
        -> Temporary table with deduplication  (cost=43.5..43.5 rows=100)
            -> Filter: (sbtest3.id between 6896519 and 6896618)  (cost=20.4 rows=100)
                -> Index range scan on sbtest3 using PRIMARY over (6896519 <= id <= 6896618)  (cost=20.4 rows=100)


table 4 : explain SELECT DISTINCT c FROM sbtest4 WHERE id BETWEEN 3421452 AND 3421551 ORDER BY c
	-> Sort: sbtest4.c
    -> Table scan on <temporary>  (cost=43.5..47.2 rows=100)
        -> Temporary table with deduplication  (cost=43.5..43.5 rows=100)
            -> Filter: (sbtest4.id between 3421452 and 3421551)  (cost=20.4 rows=100)
                -> Index range scan on sbtest4 using PRIMARY over (3421452 <= id <= 3421551)  (cost=20.4 rows=100)


table 5 : explain SELECT DISTINCT c FROM sbtest5 WHERE id BETWEEN 1598159 AND 1598258 ORDER BY c
	-> Sort: sbtest5.c
    -> Table scan on <temporary>  (cost=43.5..47.2 rows=100)
        -> Temporary table with deduplication  (cost=43.5..43.5 rows=100)
            -> Filter: (sbtest5.id between 1598159 and 1598258)  (cost=20.4 rows=100)
                -> Index range scan on sbtest5 using PRIMARY over (1598159 <= id <= 1598258)  (cost=20.4 rows=100)


table 6 : explain SELECT DISTINCT c FROM sbtest6 WHERE id BETWEEN 2785095 AND 2785194 ORDER BY c
	-> Sort: sbtest6.c
    -> Table scan on <temporary>  (cost=43.5..47.2 rows=100)
        -> Temporary table with deduplication  (cost=43.5..43.5 rows=100)
            -> Filter: (sbtest6.id between 2785095 and 2785194)  (cost=20.4 rows=100)
                -> Index range scan on sbtest6 using PRIMARY over (2785095 <= id <= 2785194)  (cost=20.4 rows=100)


table 7 : explain SELECT DISTINCT c FROM sbtest7 WHERE id BETWEEN 3447530 AND 3447629 ORDER BY c
	-> Sort: sbtest7.c
    -> Table scan on <temporary>  (cost=43.5..47.2 rows=100)
        -> Temporary table with deduplication  (cost=43.5..43.5 rows=100)
            -> Filter: (sbtest7.id between 3447530 and 3447629)  (cost=20.4 rows=100)
                -> Index range scan on sbtest7 using PRIMARY over (3447530 <= id <= 3447629)  (cost=20.4 rows=100)


table 8 : explain SELECT DISTINCT c FROM sbtest8 WHERE id BETWEEN 5975419 AND 5975518 ORDER BY c
	-> Sort: sbtest8.c
    -> Table scan on <temporary>  (cost=43.5..47.2 rows=100)
        -> Temporary table with deduplication  (cost=43.5..43.5 rows=100)
            -> Filter: (sbtest8.id between 5975419 and 5975518)  (cost=20.4 rows=100)
                -> Index range scan on sbtest8 using PRIMARY over (5975419 <= id <= 5975518)  (cost=20.4 rows=100)


explain: for index_updates :: explain UPDATE sbtest%u SET k=k+1 WHERE id=%u
explain: for index_updates :: explain UPDATE sbtest%u SET k=k+1 WHERE id=%u
for index_updates
table 1 : explain UPDATE sbtest1 SET k=k+1 WHERE id=1159435
	-> <not executable by iterator executor>


table 2 : explain UPDATE sbtest2 SET k=k+1 WHERE id=11010
	-> <not executable by iterator executor>


table 3 : explain UPDATE sbtest3 SET k=k+1 WHERE id=3211956
	-> <not executable by iterator executor>


table 4 : explain UPDATE sbtest4 SET k=k+1 WHERE id=3916014
	-> <not executable by iterator executor>


table 5 : explain UPDATE sbtest5 SET k=k+1 WHERE id=1514745
	-> <not executable by iterator executor>


table 6 : explain UPDATE sbtest6 SET k=k+1 WHERE id=7066213
	-> <not executable by iterator executor>


table 7 : explain UPDATE sbtest7 SET k=k+1 WHERE id=9715170
	-> <not executable by iterator executor>


table 8 : explain UPDATE sbtest8 SET k=k+1 WHERE id=9897605
	-> <not executable by iterator executor>


for index_updates
table 1 : explain UPDATE sbtest1 SET k=k+1 WHERE id=5728280
	-> <not executable by iterator executor>


table 2 : explain UPDATE sbtest2 SET k=k+1 WHERE id=865690
	-> <not executable by iterator executor>


table 3 : explain UPDATE sbtest3 SET k=k+1 WHERE id=3964765
	-> <not executable by iterator executor>


table 4 : explain UPDATE sbtest4 SET k=k+1 WHERE id=3629004
	-> <not executable by iterator executor>


table 5 : explain UPDATE sbtest5 SET k=k+1 WHERE id=6803516
	-> <not executable by iterator executor>


table 6 : explain UPDATE sbtest6 SET k=k+1 WHERE id=9363382
	-> <not executable by iterator executor>


table 7 : explain UPDATE sbtest7 SET k=k+1 WHERE id=4247936
	-> <not executable by iterator executor>


table 8 : explain UPDATE sbtest8 SET k=k+1 WHERE id=7349072
	-> <not executable by iterator executor>


for index_updates
table 1 : explain UPDATE sbtest1 SET k=k+1 WHERE id=1225646
	-> <not executable by iterator executor>


table 2 : explain UPDATE sbtest2 SET k=k+1 WHERE id=6260398
	-> <not executable by iterator executor>


table 3 : explain UPDATE sbtest3 SET k=k+1 WHERE id=4101882
	-> <not executable by iterator executor>


table 4 : explain UPDATE sbtest4 SET k=k+1 WHERE id=5762602
	-> <not executable by iterator executor>


table 5 : explain UPDATE sbtest5 SET k=k+1 WHERE id=3412448
	-> <not executable by iterator executor>


table 6 : explain UPDATE sbtest6 SET k=k+1 WHERE id=8001263
	-> <not executable by iterator executor>


table 7 : explain UPDATE sbtest7 SET k=k+1 WHERE id=3255150
	-> <not executable by iterator executor>


table 8 : explain UPDATE sbtest8 SET k=k+1 WHERE id=134428
	-> <not executable by iterator executor>


explain: for index_updates :: explain UPDATE sbtest%u SET k=k+1 WHERE id=%u
for index_updates
table 1 : explain UPDATE sbtest1 SET k=k+1 WHERE id=5973396
	-> <not executable by iterator executor>


table 2 : explain UPDATE sbtest2 SET k=k+1 WHERE id=9890494
	-> <not executable by iterator executor>


table 3 : explain UPDATE sbtest3 SET k=k+1 WHERE id=5931142
	-> <not executable by iterator executor>


table 4 : explain UPDATE sbtest4 SET k=k+1 WHERE id=6594474
	-> <not executable by iterator executor>


table 5 : explain UPDATE sbtest5 SET k=k+1 WHERE id=6363642
	-> <not executable by iterator executor>


table 6 : explain UPDATE sbtest6 SET k=k+1 WHERE id=264091
	-> <not executable by iterator executor>


table 7 : explain UPDATE sbtest7 SET k=k+1 WHERE id=2717145
	-> <not executable by iterator executor>


table 8 : explain UPDATE sbtest8 SET k=k+1 WHERE id=4289953
	-> <not executable by iterator executor>


for index_updates
table 1 : explain UPDATE sbtest1 SET k=k+1 WHERE id=2585566
	-> <not executable by iterator executor>


table 2 : explain UPDATE sbtest2 SET k=k+1 WHERE id=5520781
	-> <not executable by iterator executor>


table 3 : explain UPDATE sbtest3 SET k=k+1 WHERE id=9864469
	-> <not executable by iterator executor>


table 4 : explain UPDATE sbtest4 SET k=k+1 WHERE id=1772356
	-> <not executable by iterator executor>


table 5 : explain UPDATE sbtest5 SET k=k+1 WHERE id=5331098
	-> <not executable by iterator executor>


table 6 : explain UPDATE sbtest6 SET k=k+1 WHERE id=7458371
	-> <not executable by iterator executor>


table 7 : explain UPDATE sbtest7 SET k=k+1 WHERE id=3194773
	-> <not executable by iterator executor>


table 8 : explain UPDATE sbtest8 SET k=k+1 WHERE id=2090819
	-> <not executable by iterator executor>


explain: for index_updates :: explain UPDATE sbtest%u SET k=k+1 WHERE id=%u
for index_updates
table 1 : explain UPDATE sbtest1 SET k=k+1 WHERE id=7044957
	-> <not executable by iterator executor>


table 2 : explain UPDATE sbtest2 SET k=k+1 WHERE id=6785319
	-> <not executable by iterator executor>


table 3 : explain UPDATE sbtest3 SET k=k+1 WHERE id=3497609
	-> <not executable by iterator executor>


table 4 : explain UPDATE sbtest4 SET k=k+1 WHERE id=7715020
	-> <not executable by iterator executor>


table 5 : explain UPDATE sbtest5 SET k=k+1 WHERE id=7455318
	-> <not executable by iterator executor>


table 6 : explain UPDATE sbtest6 SET k=k+1 WHERE id=7638687
	-> <not executable by iterator executor>


table 7 : explain UPDATE sbtest7 SET k=k+1 WHERE id=9750101
	-> <not executable by iterator executor>


table 8 : explain UPDATE sbtest8 SET k=k+1 WHERE id=4280357
	-> <not executable by iterator executor>


for index_updates
table 1 : explain UPDATE sbtest1 SET k=k+1 WHERE id=7219665
	-> <not executable by iterator executor>


table 2 : explain UPDATE sbtest2 SET k=k+1 WHERE id=3648757
	-> <not executable by iterator executor>


table 3 : explain UPDATE sbtest3 SET k=k+1 WHERE id=6615442
	-> <not executable by iterator executor>


table 4 : explain UPDATE sbtest4 SET k=k+1 WHERE id=5518677
	-> <not executable by iterator executor>


table 5 : explain UPDATE sbtest5 SET k=k+1 WHERE id=2689210
	-> <not executable by iterator executor>


table 6 : explain UPDATE sbtest6 SET k=k+1 WHERE id=1453554
	-> <not executable by iterator executor>


table 7 : explain UPDATE sbtest7 SET k=k+1 WHERE id=6913685
	-> <not executable by iterator executor>


table 8 : explain UPDATE sbtest8 SET k=k+1 WHERE id=5457441
	-> <not executable by iterator executor>


for index_updates
table 1 : explain UPDATE sbtest1 SET k=k+1 WHERE id=2872091
	-> <not executable by iterator executor>


table 2 : explain UPDATE sbtest2 SET k=k+1 WHERE id=7726345
	-> <not executable by iterator executor>


table 3 : explain UPDATE sbtest3 SET k=k+1 WHERE id=3185511
	-> <not executable by iterator executor>


table 4 : explain UPDATE sbtest4 SET k=k+1 WHERE id=7058334
	-> <not executable by iterator executor>


table 5 : explain UPDATE sbtest5 SET k=k+1 WHERE id=4340943
	-> <not executable by iterator executor>


table 6 : explain UPDATE sbtest6 SET k=k+1 WHERE id=1812535
	-> <not executable by iterator executor>


table 7 : explain UPDATE sbtest7 SET k=k+1 WHERE id=3604014
	-> <not executable by iterator executor>


table 8 : explain UPDATE sbtest8 SET k=k+1 WHERE id=1975303
	-> <not executable by iterator executor>


explain: for index_updates :: explain UPDATE sbtest%u SET k=k+1 WHERE id=%u
for index_updates
table 1 : explain UPDATE sbtest1 SET k=k+1 WHERE id=4275309
	-> <not executable by iterator executor>


table 2 : explain UPDATE sbtest2 SET k=k+1 WHERE id=3862817
	-> <not executable by iterator executor>


table 3 : explain UPDATE sbtest3 SET k=k+1 WHERE id=9115740
	-> <not executable by iterator executor>


table 4 : explain UPDATE sbtest4 SET k=k+1 WHERE id=7417538
	-> <not executable by iterator executor>


table 5 : explain UPDATE sbtest5 SET k=k+1 WHERE id=8853919
	-> <not executable by iterator executor>


table 6 : explain UPDATE sbtest6 SET k=k+1 WHERE id=7511275
	-> <not executable by iterator executor>


table 7 : explain UPDATE sbtest7 SET k=k+1 WHERE id=8707952
	-> <not executable by iterator executor>


table 8 : explain UPDATE sbtest8 SET k=k+1 WHERE id=8816683
	-> <not executable by iterator executor>


for index_updates
table 1 : explain UPDATE sbtest1 SET k=k+1 WHERE id=6484562
	-> <not executable by iterator executor>


table 2 : explain UPDATE sbtest2 SET k=k+1 WHERE id=8541861
	-> <not executable by iterator executor>


table 3 : explain UPDATE sbtest3 SET k=k+1 WHERE id=35619
	-> <not executable by iterator executor>


table 4 : explain UPDATE sbtest4 SET k=k+1 WHERE id=1212035
	-> <not executable by iterator executor>


table 5 : explain UPDATE sbtest5 SET k=k+1 WHERE id=1651926
	-> <not executable by iterator executor>


table 6 : explain UPDATE sbtest6 SET k=k+1 WHERE id=4487608
	-> <not executable by iterator executor>


table 7 : explain UPDATE sbtest7 SET k=k+1 WHERE id=8668151
	-> <not executable by iterator executor>


table 8 : explain UPDATE sbtest8 SET k=k+1 WHERE id=2458559
	-> <not executable by iterator executor>


for: distinct_ranges
table 1 : explain SELECT DISTINCT c FROM sbtest1 WHERE id BETWEEN 290743 AND 290842 ORDER BY c
	-> Sort: sbtest1.c
    -> Table scan on <temporary>  (cost=43.5..47.2 rows=100)
        -> Temporary table with deduplication  (cost=43.5..43.5 rows=100)
            -> Filter: (sbtest1.id between 290743 and 290842)  (cost=20.4 rows=100)
                -> Index range scan on sbtest1 using PRIMARY over (290743 <= id <= 290842)  (cost=20.4 rows=100)


table 2 : explain SELECT DISTINCT c FROM sbtest2 WHERE id BETWEEN 4926504 AND 4926603 ORDER BY c
	-> Sort: sbtest2.c
    -> Table scan on <temporary>  (cost=43.5..47.2 rows=100)
        -> Temporary table with deduplication  (cost=43.5..43.5 rows=100)
            -> Filter: (sbtest2.id between 4926504 and 4926603)  (cost=20.4 rows=100)
                -> Index range scan on sbtest2 using PRIMARY over (4926504 <= id <= 4926603)  (cost=20.4 rows=100)


table 3 : explain SELECT DISTINCT c FROM sbtest3 WHERE id BETWEEN 8759883 AND 8759982 ORDER BY c
	-> Sort: sbtest3.c
    -> Table scan on <temporary>  (cost=43.5..47.2 rows=100)
        -> Temporary table with deduplication  (cost=43.5..43.5 rows=100)
            -> Filter: (sbtest3.id between 8759883 and 8759982)  (cost=20.4 rows=100)
                -> Index range scan on sbtest3 using PRIMARY over (8759883 <= id <= 8759982)  (cost=20.4 rows=100)


table 4 : explain SELECT DISTINCT c FROM sbtest4 WHERE id BETWEEN 4059089 AND 4059188 ORDER BY c
	-> Sort: sbtest4.c
    -> Table scan on <temporary>  (cost=43.5..47.2 rows=100)
        -> Temporary table with deduplication  (cost=43.5..43.5 rows=100)
            -> Filter: (sbtest4.id between 4059089 and 4059188)  (cost=20.4 rows=100)
                -> Index range scan on sbtest4 using PRIMARY over (4059089 <= id <= 4059188)  (cost=20.4 rows=100)


table 5 : explain SELECT DISTINCT c FROM sbtest5 WHERE id BETWEEN 6541124 AND 6541223 ORDER BY c
	-> Sort: sbtest5.c
    -> Table scan on <temporary>  (cost=43.5..47.2 rows=100)
        -> Temporary table with deduplication  (cost=43.5..43.5 rows=100)
            -> Filter: (sbtest5.id between 6541124 and 6541223)  (cost=20.4 rows=100)
                -> Index range scan on sbtest5 using PRIMARY over (6541124 <= id <= 6541223)  (cost=20.4 rows=100)


table 6 : explain SELECT DISTINCT c FROM sbtest6 WHERE id BETWEEN 9129686 AND 9129785 ORDER BY c
	-> Sort: sbtest6.c
    -> Table scan on <temporary>  (cost=43.5..47.2 rows=100)
        -> Temporary table with deduplication  (cost=43.5..43.5 rows=100)
            -> Filter: (sbtest6.id between 9129686 and 9129785)  (cost=20.4 rows=100)
                -> Index range scan on sbtest6 using PRIMARY over (9129686 <= id <= 9129785)  (cost=20.4 rows=100)


table 7 : explain SELECT DISTINCT c FROM sbtest7 WHERE id BETWEEN 2465661 AND 2465760 ORDER BY c
	-> Sort: sbtest7.c
    -> Table scan on <temporary>  (cost=43.5..47.2 rows=100)
        -> Temporary table with deduplication  (cost=43.5..43.5 rows=100)
            -> Filter: (sbtest7.id between 2465661 and 2465760)  (cost=20.4 rows=100)
                -> Index range scan on sbtest7 using PRIMARY over (2465661 <= id <= 2465760)  (cost=20.4 rows=100)


table 8 : explain SELECT DISTINCT c FROM sbtest8 WHERE id BETWEEN 5236177 AND 5236276 ORDER BY c
	-> Sort: sbtest8.c
    -> Table scan on <temporary>  (cost=43.5..47.2 rows=100)
        -> Temporary table with deduplication  (cost=43.5..43.5 rows=100)
            -> Filter: (sbtest8.id between 5236177 and 5236276)  (cost=20.4 rows=100)
                -> Index range scan on sbtest8 using PRIMARY over (5236177 <= id <= 5236276)  (cost=20.4 rows=100)


explain: for index_updates :: explain UPDATE sbtest%u SET k=k+1 WHERE id=%u
for index_updates
table 1 : explain UPDATE sbtest1 SET k=k+1 WHERE id=585063
	-> <not executable by iterator executor>


table 2 : explain UPDATE sbtest2 SET k=k+1 WHERE id=4017228
	-> <not executable by iterator executor>


table 3 : explain UPDATE sbtest3 SET k=k+1 WHERE id=3838490
	-> <not executable by iterator executor>


table 4 : explain UPDATE sbtest4 SET k=k+1 WHERE id=9502139
	-> <not executable by iterator executor>


table 5 : explain UPDATE sbtest5 SET k=k+1 WHERE id=4368282
	-> <not executable by iterator executor>


table 6 : explain UPDATE sbtest6 SET k=k+1 WHERE id=6674903
	-> <not executable by iterator executor>


table 7 : explain UPDATE sbtest7 SET k=k+1 WHERE id=8945208
	-> <not executable by iterator executor>


table 8 : explain UPDATE sbtest8 SET k=k+1 WHERE id=336048
	-> <not executable by iterator executor>


for index_updates
table 1 : explain UPDATE sbtest1 SET k=k+1 WHERE id=386611
	-> <not executable by iterator executor>


table 2 : explain UPDATE sbtest2 SET k=k+1 WHERE id=2079204
	-> <not executable by iterator executor>


table 3 : explain UPDATE sbtest3 SET k=k+1 WHERE id=9729681
	-> <not executable by iterator executor>


table 4 : explain UPDATE sbtest4 SET k=k+1 WHERE id=1536907
	-> <not executable by iterator executor>


table 5 : explain UPDATE sbtest5 SET k=k+1 WHERE id=4965969
	-> <not executable by iterator executor>


table 6 : explain UPDATE sbtest6 SET k=k+1 WHERE id=1341129
	-> <not executable by iterator executor>


table 7 : explain UPDATE sbtest7 SET k=k+1 WHERE id=8017546
	-> <not executable by iterator executor>


table 8 : explain UPDATE sbtest8 SET k=k+1 WHERE id=5307762
	-> <not executable by iterator executor>


explain: for non_index_updates :: explain UPDATE sbtest%u SET c='foobar' WHERE id=%u
for index_updates
table 1 : explain UPDATE sbtest1 SET k=k+1 WHERE id=8526309
	-> <not executable by iterator executor>


table 2 : explain UPDATE sbtest2 SET k=k+1 WHERE id=3592368
	-> <not executable by iterator executor>


table 3 : explain UPDATE sbtest3 SET k=k+1 WHERE id=9734893
	-> <not executable by iterator executor>


table 4 : explain UPDATE sbtest4 SET k=k+1 WHERE id=2634943
	-> <not executable by iterator executor>


table 5 : explain UPDATE sbtest5 SET k=k+1 WHERE id=5859812
	-> <not executable by iterator executor>


table 6 : explain UPDATE sbtest6 SET k=k+1 WHERE id=2752714
	-> <not executable by iterator executor>


table 7 : explain UPDATE sbtest7 SET k=k+1 WHERE id=8135891
	-> <not executable by iterator executor>


table 8 : explain UPDATE sbtest8 SET k=k+1 WHERE id=428272
	-> <not executable by iterator executor>


for: distinct_ranges
table 1 : explain SELECT DISTINCT c FROM sbtest1 WHERE id BETWEEN 6415621 AND 6415720 ORDER BY c
	-> Sort: sbtest1.c
    -> Table scan on <temporary>  (cost=43.5..47.2 rows=100)
        -> Temporary table with deduplication  (cost=43.5..43.5 rows=100)
            -> Filter: (sbtest1.id between 6415621 and 6415720)  (cost=20.4 rows=100)
                -> Index range scan on sbtest1 using PRIMARY over (6415621 <= id <= 6415720)  (cost=20.4 rows=100)


table 2 : explain SELECT DISTINCT c FROM sbtest2 WHERE id BETWEEN 8979399 AND 8979498 ORDER BY c
	-> Sort: sbtest2.c
    -> Table scan on <temporary>  (cost=43.5..47.2 rows=100)
        -> Temporary table with deduplication  (cost=43.5..43.5 rows=100)
            -> Filter: (sbtest2.id between 8979399 and 8979498)  (cost=20.4 rows=100)
                -> Index range scan on sbtest2 using PRIMARY over (8979399 <= id <= 8979498)  (cost=20.4 rows=100)


table 3 : explain SELECT DISTINCT c FROM sbtest3 WHERE id BETWEEN 6727998 AND 6728097 ORDER BY c
	-> Sort: sbtest3.c
    -> Table scan on <temporary>  (cost=43.5..47.2 rows=100)
        -> Temporary table with deduplication  (cost=43.5..43.5 rows=100)
            -> Filter: (sbtest3.id between 6727998 and 6728097)  (cost=20.4 rows=100)
                -> Index range scan on sbtest3 using PRIMARY over (6727998 <= id <= 6728097)  (cost=20.4 rows=100)


table 4 : explain SELECT DISTINCT c FROM sbtest4 WHERE id BETWEEN 6355628 AND 6355727 ORDER BY c
	-> Sort: sbtest4.c
    -> Table scan on <temporary>  (cost=43.5..47.2 rows=100)
        -> Temporary table with deduplication  (cost=43.5..43.5 rows=100)
            -> Filter: (sbtest4.id between 6355628 and 6355727)  (cost=20.4 rows=100)
                -> Index range scan on sbtest4 using PRIMARY over (6355628 <= id <= 6355727)  (cost=20.4 rows=100)


table 5 : explain SELECT DISTINCT c FROM sbtest5 WHERE id BETWEEN 9610989 AND 9611088 ORDER BY c
	-> Sort: sbtest5.c
    -> Table scan on <temporary>  (cost=43.5..47.2 rows=100)
        -> Temporary table with deduplication  (cost=43.5..43.5 rows=100)
            -> Filter: (sbtest5.id between 9610989 and 9611088)  (cost=20.4 rows=100)
                -> Index range scan on sbtest5 using PRIMARY over (9610989 <= id <= 9611088)  (cost=20.4 rows=100)


table 6 : explain SELECT DISTINCT c FROM sbtest6 WHERE id BETWEEN 2490063 AND 2490162 ORDER BY c
	-> Sort: sbtest6.c
    -> Table scan on <temporary>  (cost=43.5..47.2 rows=100)
        -> Temporary table with deduplication  (cost=43.5..43.5 rows=100)
            -> Filter: (sbtest6.id between 2490063 and 2490162)  (cost=20.4 rows=100)
                -> Index range scan on sbtest6 using PRIMARY over (2490063 <= id <= 2490162)  (cost=20.4 rows=100)


table 7 : explain SELECT DISTINCT c FROM sbtest7 WHERE id BETWEEN 5049337 AND 5049436 ORDER BY c
	-> Sort: sbtest7.c
    -> Table scan on <temporary>  (cost=43.5..47.2 rows=100)
        -> Temporary table with deduplication  (cost=43.5..43.5 rows=100)
            -> Filter: (sbtest7.id between 5049337 and 5049436)  (cost=20.4 rows=100)
                -> Index range scan on sbtest7 using PRIMARY over (5049337 <= id <= 5049436)  (cost=20.4 rows=100)


table 8 : explain SELECT DISTINCT c FROM sbtest8 WHERE id BETWEEN 8861869 AND 8861968 ORDER BY c
	-> Sort: sbtest8.c
    -> Table scan on <temporary>  (cost=43.5..47.2 rows=100)
        -> Temporary table with deduplication  (cost=43.5..43.5 rows=100)
            -> Filter: (sbtest8.id between 8861869 and 8861968)  (cost=20.4 rows=100)
                -> Index range scan on sbtest8 using PRIMARY over (8861869 <= id <= 8861968)  (cost=20.4 rows=100)

for: distinct_ranges
table 1 : explain SELECT DISTINCT c FROM sbtest1 WHERE id BETWEEN 764330 AND 764429 ORDER BY c
	-> Sort: sbtest1.c
    -> Table scan on <temporary>  (cost=43.5..47.2 rows=100)
        -> Temporary table with deduplication  (cost=43.5..43.5 rows=100)
            -> Filter: (sbtest1.id between 764330 and 764429)  (cost=20.4 rows=100)
                -> Index range scan on sbtest1 using PRIMARY over (764330 <= id <= 764429)  (cost=20.4 rows=100)


table 2 : explain SELECT DISTINCT c FROM sbtest2 WHERE id BETWEEN 7182038 AND 7182137 ORDER BY c
	-> Sort: sbtest2.c
    -> Table scan on <temporary>  (cost=43.5..47.2 rows=100)
        -> Temporary table with deduplication  (cost=43.5..43.5 rows=100)
            -> Filter: (sbtest2.id between 7182038 and 7182137)  (cost=20.4 rows=100)
                -> Index range scan on sbtest2 using PRIMARY over (7182038 <= id <= 7182137)  (cost=20.4 rows=100)


table 3 : explain SELECT DISTINCT c FROM sbtest3 WHERE id BETWEEN 8777574 AND 8777673 ORDER BY c
	-> Sort: sbtest3.c
    -> Table scan on <temporary>  (cost=43.5..47.2 rows=100)
        -> Temporary table with deduplication  (cost=43.5..43.5 rows=100)
            -> Filter: (sbtest3.id between 8777574 and 8777673)  (cost=20.4 rows=100)
                -> Index range scan on sbtest3 using PRIMARY over (8777574 <= id <= 8777673)  (cost=20.4 rows=100)


table 4 : explain SELECT DISTINCT c FROM sbtest4 WHERE id BETWEEN 5553966 AND 5554065 ORDER BY c
	-> Sort: sbtest4.c
    -> Table scan on <temporary>  (cost=43.5..47.2 rows=100)
        -> Temporary table with deduplication  (cost=43.5..43.5 rows=100)
            -> Filter: (sbtest4.id between 5553966 and 5554065)  (cost=20.4 rows=100)
                -> Index range scan on sbtest4 using PRIMARY over (5553966 <= id <= 5554065)  (cost=20.4 rows=100)


table 5 : explain SELECT DISTINCT c FROM sbtest5 WHERE id BETWEEN 5368462 AND 5368561 ORDER BY c
	-> Sort: sbtest5.c
    -> Table scan on <temporary>  (cost=43.5..47.2 rows=100)
        -> Temporary table with deduplication  (cost=43.5..43.5 rows=100)
            -> Filter: (sbtest5.id between 5368462 and 5368561)  (cost=20.4 rows=100)
                -> Index range scan on sbtest5 using PRIMARY over (5368462 <= id <= 5368561)  (cost=20.4 rows=100)


table 6 : explain SELECT DISTINCT c FROM sbtest6 WHERE id BETWEEN 3855957 AND 3856056 ORDER BY c
	-> Sort: sbtest6.c
    -> Table scan on <temporary>  (cost=43.5..47.2 rows=100)
        -> Temporary table with deduplication  (cost=43.5..43.5 rows=100)
            -> Filter: (sbtest6.id between 3855957 and 3856056)  (cost=20.4 rows=100)
                -> Index range scan on sbtest6 using PRIMARY over (3855957 <= id <= 3856056)  (cost=20.4 rows=100)


table 7 : explain SELECT DISTINCT c FROM sbtest7 WHERE id BETWEEN 7073823 AND 7073922 ORDER BY c
	-> Sort: sbtest7.c
    -> Table scan on <temporary>  (cost=43.5..47.2 rows=100)
        -> Temporary table with deduplication  (cost=43.5..43.5 rows=100)
            -> Filter: (sbtest7.id between 7073823 and 7073922)  (cost=20.4 rows=100)
                -> Index range scan on sbtest7 using PRIMARY over (7073823 <= id <= 7073922)  (cost=20.4 rows=100)


table 8 : explain SELECT DISTINCT c FROM sbtest8 WHERE id BETWEEN 7757395 AND 7757494 ORDER BY c
	-> Sort: sbtest8.c
    -> Table scan on <temporary>  (cost=43.5..47.2 rows=100)
        -> Temporary table with deduplication  (cost=43.5..43.5 rows=100)
            -> Filter: (sbtest8.id between 7757395 and 7757494)  (cost=20.4 rows=100)
                -> Index range scan on sbtest8 using PRIMARY over (7757395 <= id <= 7757494)  (cost=20.4 rows=100)



explain: for index_updates :: explain UPDATE sbtest%u SET k=k+1 WHERE id=%u
for index_updates
table 1 : explain UPDATE sbtest1 SET k=k+1 WHERE id=207637
	-> <not executable by iterator executor>


table 2 : explain UPDATE sbtest2 SET k=k+1 WHERE id=605847
	-> <not executable by iterator executor>


table 3 : explain UPDATE sbtest3 SET k=k+1 WHERE id=7673625
	-> <not executable by iterator executor>


table 4 : explain UPDATE sbtest4 SET k=k+1 WHERE id=7817609
	-> <not executable by iterator executor>


table 5 : explain UPDATE sbtest5 SET k=k+1 WHERE id=911065
	-> <not executable by iterator executor>


table 6 : explain UPDATE sbtest6 SET k=k+1 WHERE id=4454887
	-> <not executable by iterator executor>


table 7 : explain UPDATE sbtest7 SET k=k+1 WHERE id=4669223
	-> <not executable by iterator executor>


table 8 : explain UPDATE sbtest8 SET k=k+1 WHERE id=3946165
	-> <not executable by iterator executor>


explain: for index_updates :: explain UPDATE sbtest%u SET k=k+1 WHERE id=%u
for index_updates
table 1 : explain UPDATE sbtest1 SET k=k+1 WHERE id=2402530
	-> <not executable by iterator executor>


table 2 : explain UPDATE sbtest2 SET k=k+1 WHERE id=600770
	-> <not executable by iterator executor>


table 3 : explain UPDATE sbtest3 SET k=k+1 WHERE id=4736088
	-> <not executable by iterator executor>


table 4 : explain UPDATE sbtest4 SET k=k+1 WHERE id=8841877
	-> <not executable by iterator executor>


table 5 : explain UPDATE sbtest5 SET k=k+1 WHERE id=915479
	-> <not executable by iterator executor>


table 6 : explain UPDATE sbtest6 SET k=k+1 WHERE id=336524
	-> <not executable by iterator executor>


table 7 : explain UPDATE sbtest7 SET k=k+1 WHERE id=7453025
	-> <not executable by iterator executor>


table 8 : explain UPDATE sbtest8 SET k=k+1 WHERE id=9569802
	-> <not executable by iterator executor>


for index_updates
table 1 : explain UPDATE sbtest1 SET k=k+1 WHERE id=5271279
	-> <not executable by iterator executor>


table 2 : explain UPDATE sbtest2 SET k=k+1 WHERE id=990081
	-> <not executable by iterator executor>


table 3 : explain UPDATE sbtest3 SET k=k+1 WHERE id=5623550
	-> <not executable by iterator executor>


table 4 : explain UPDATE sbtest4 SET k=k+1 WHERE id=394303
	-> <not executable by iterator executor>


table 5 : explain UPDATE sbtest5 SET k=k+1 WHERE id=9338084
	-> <not executable by iterator executor>


table 6 : explain UPDATE sbtest6 SET k=k+1 WHERE id=2812274
	-> <not executable by iterator executor>


table 7 : explain UPDATE sbtest7 SET k=k+1 WHERE id=9414031
	-> <not executable by iterator executor>


table 8 : explain UPDATE sbtest8 SET k=k+1 WHERE id=4835814
	-> <not executable by iterator executor>


for index_updates
table 1 : explain UPDATE sbtest1 SET k=k+1 WHERE id=8369233
	-> <not executable by iterator executor>


table 2 : explain UPDATE sbtest2 SET k=k+1 WHERE id=1994609
	-> <not executable by iterator executor>


table 3 : explain UPDATE sbtest3 SET k=k+1 WHERE id=1017015
	-> <not executable by iterator executor>


table 4 : explain UPDATE sbtest4 SET k=k+1 WHERE id=6671532
	-> <not executable by iterator executor>


table 5 : explain UPDATE sbtest5 SET k=k+1 WHERE id=4642090
	-> <not executable by iterator executor>


table 6 : explain UPDATE sbtest6 SET k=k+1 WHERE id=4755156
	-> <not executable by iterator executor>


table 7 : explain UPDATE sbtest7 SET k=k+1 WHERE id=2126791
	-> <not executable by iterator executor>


table 8 : explain UPDATE sbtest8 SET k=k+1 WHERE id=1108692
	-> <not executable by iterator executor>


explain: for index_updates :: explain UPDATE sbtest%u SET k=k+1 WHERE id=%u
explain: for index_updates :: explain UPDATE sbtest%u SET k=k+1 WHERE id=%u
for index_updates
table 1 : explain UPDATE sbtest1 SET k=k+1 WHERE id=4128830
	-> <not executable by iterator executor>


table 2 : explain UPDATE sbtest2 SET k=k+1 WHERE id=407118
	-> <not executable by iterator executor>


table 3 : explain UPDATE sbtest3 SET k=k+1 WHERE id=3560640
	-> <not executable by iterator executor>


table 4 : explain UPDATE sbtest4 SET k=k+1 WHERE id=2564708
	-> <not executable by iterator executor>


table 5 : explain UPDATE sbtest5 SET k=k+1 WHERE id=4479904
	-> <not executable by iterator executor>


table 6 : explain UPDATE sbtest6 SET k=k+1 WHERE id=2486986
	-> <not executable by iterator executor>


table 7 : explain UPDATE sbtest7 SET k=k+1 WHERE id=9553521
	-> <not executable by iterator executor>


table 8 : explain UPDATE sbtest8 SET k=k+1 WHERE id=3965594
	-> <not executable by iterator executor>


for index_updates
table 1 : explain UPDATE sbtest1 SET k=k+1 WHERE id=2965643
	-> <not executable by iterator executor>


table 2 : explain UPDATE sbtest2 SET k=k+1 WHERE id=2918173
	-> <not executable by iterator executor>


table 3 : explain UPDATE sbtest3 SET k=k+1 WHERE id=4168841
	-> <not executable by iterator executor>


table 4 : explain UPDATE sbtest4 SET k=k+1 WHERE id=6744079
	-> <not executable by iterator executor>


table 5 : explain UPDATE sbtest5 SET k=k+1 WHERE id=5356664
	-> <not executable by iterator executor>


table 6 : explain UPDATE sbtest6 SET k=k+1 WHERE id=2680897
	-> <not executable by iterator executor>


table 7 : explain UPDATE sbtest7 SET k=k+1 WHERE id=7336229
	-> <not executable by iterator executor>


table 8 : explain UPDATE sbtest8 SET k=k+1 WHERE id=2678748
	-> <not executable by iterator executor>


for index_updates
table 1 : explain UPDATE sbtest1 SET k=k+1 WHERE id=5779207
	-> <not executable by iterator executor>


table 2 : explain UPDATE sbtest2 SET k=k+1 WHERE id=6177602
	-> <not executable by iterator executor>


table 3 : explain UPDATE sbtest3 SET k=k+1 WHERE id=9120107
	-> <not executable by iterator executor>


table 4 : explain UPDATE sbtest4 SET k=k+1 WHERE id=4105493
	-> <not executable by iterator executor>


table 5 : explain UPDATE sbtest5 SET k=k+1 WHERE id=9888595
	-> <not executable by iterator executor>


table 6 : explain UPDATE sbtest6 SET k=k+1 WHERE id=3922618
	-> <not executable by iterator executor>


table 7 : explain UPDATE sbtest7 SET k=k+1 WHERE id=939926
	-> <not executable by iterator executor>


table 8 : explain UPDATE sbtest8 SET k=k+1 WHERE id=354538
	-> <not executable by iterator executor>


for index_updates
table 1 : explain UPDATE sbtest1 SET k=k+1 WHERE id=7595619
	-> <not executable by iterator executor>


table 2 : explain UPDATE sbtest2 SET k=k+1 WHERE id=2977494
	-> <not executable by iterator executor>


table 3 : explain UPDATE sbtest3 SET k=k+1 WHERE id=314459
	-> <not executable by iterator executor>


table 4 : explain UPDATE sbtest4 SET k=k+1 WHERE id=1781270
	-> <not executable by iterator executor>


table 5 : explain UPDATE sbtest5 SET k=k+1 WHERE id=7899269
	-> <not executable by iterator executor>


table 6 : explain UPDATE sbtest6 SET k=k+1 WHERE id=5573227
	-> <not executable by iterator executor>


table 7 : explain UPDATE sbtest7 SET k=k+1 WHERE id=5672622
	-> <not executable by iterator executor>


table 8 : explain UPDATE sbtest8 SET k=k+1 WHERE id=309331
	-> <not executable by iterator executor>


for index_updates
table 1 : explain UPDATE sbtest1 SET k=k+1 WHERE id=2974472
	-> <not executable by iterator executor>


table 2 : explain UPDATE sbtest2 SET k=k+1 WHERE id=84305
	-> <not executable by iterator executor>


table 3 : explain UPDATE sbtest3 SET k=k+1 WHERE id=8869541
	-> <not executable by iterator executor>


table 4 : explain UPDATE sbtest4 SET k=k+1 WHERE id=8370910
	-> <not executable by iterator executor>


table 5 : explain UPDATE sbtest5 SET k=k+1 WHERE id=5112557
	-> <not executable by iterator executor>


table 6 : explain UPDATE sbtest6 SET k=k+1 WHERE id=8472657
	-> <not executable by iterator executor>


table 7 : explain UPDATE sbtest7 SET k=k+1 WHERE id=6779086
	-> <not executable by iterator executor>


table 8 : explain UPDATE sbtest8 SET k=k+1 WHERE id=6914600
	-> <not executable by iterator executor>


for index_updates
table 1 : explain UPDATE sbtest1 SET k=k+1 WHERE id=9293715
	-> <not executable by iterator executor>


table 2 : explain UPDATE sbtest2 SET k=k+1 WHERE id=8386686
	-> <not executable by iterator executor>


table 3 : explain UPDATE sbtest3 SET k=k+1 WHERE id=1785044
	-> <not executable by iterator executor>


table 4 : explain UPDATE sbtest4 SET k=k+1 WHERE id=3045078
	-> <not executable by iterator executor>


table 5 : explain UPDATE sbtest5 SET k=k+1 WHERE id=3151292
	-> <not executable by iterator executor>


table 6 : explain UPDATE sbtest6 SET k=k+1 WHERE id=2722657
	-> <not executable by iterator executor>


table 7 : explain UPDATE sbtest7 SET k=k+1 WHERE id=7724237
	-> <not executable by iterator executor>


table 8 : explain UPDATE sbtest8 SET k=k+1 WHERE id=8534271
	-> <not executable by iterator executor>


explain: for index_updates :: explain UPDATE sbtest%u SET k=k+1 WHERE id=%u
explain: for index_updates :: explain UPDATE sbtest%u SET k=k+1 WHERE id=%u
explain: for non_index_updates :: explain UPDATE sbtest%u SET c='foobar' WHERE id=%u
for index_updates
table 1 : explain UPDATE sbtest1 SET k=k+1 WHERE id=1320533
	-> <not executable by iterator executor>


table 2 : explain UPDATE sbtest2 SET k=k+1 WHERE id=304339
	-> <not executable by iterator executor>


table 3 : explain UPDATE sbtest3 SET k=k+1 WHERE id=1462792
	-> <not executable by iterator executor>


table 4 : explain UPDATE sbtest4 SET k=k+1 WHERE id=9260561
	-> <not executable by iterator executor>


table 5 : explain UPDATE sbtest5 SET k=k+1 WHERE id=5372644
	-> <not executable by iterator executor>


table 6 : explain UPDATE sbtest6 SET k=k+1 WHERE id=7643396
	-> <not executable by iterator executor>


table 7 : explain UPDATE sbtest7 SET k=k+1 WHERE id=3471835
	-> <not executable by iterator executor>


table 8 : explain UPDATE sbtest8 SET k=k+1 WHERE id=4178002
	-> <not executable by iterator executor>


for index_updates
table 1 : explain UPDATE sbtest1 SET k=k+1 WHERE id=4159875
	-> <not executable by iterator executor>


table 2 : explain UPDATE sbtest2 SET k=k+1 WHERE id=5643596
	-> <not executable by iterator executor>


table 3 : explain UPDATE sbtest3 SET k=k+1 WHERE id=1701201
	-> <not executable by iterator executor>


table 4 : explain UPDATE sbtest4 SET k=k+1 WHERE id=7524751
	-> <not executable by iterator executor>


table 5 : explain UPDATE sbtest5 SET k=k+1 WHERE id=23508
	-> <not executable by iterator executor>


table 6 : explain UPDATE sbtest6 SET k=k+1 WHERE id=5918267
	-> <not executable by iterator executor>


table 7 : explain UPDATE sbtest7 SET k=k+1 WHERE id=1272953
	-> <not executable by iterator executor>


table 8 : explain UPDATE sbtest8 SET k=k+1 WHERE id=8316928
	-> <not executable by iterator executor>


explain: for non_index_updates :: explain UPDATE sbtest%u SET c='foobar' WHERE id=%u
for non_index_updates
table 1 : explain UPDATE sbtest1 SET c='foobar' WHERE id=194172
	-> <not executable by iterator executor>


table 2 : explain UPDATE sbtest2 SET c='foobar' WHERE id=5758286
	-> <not executable by iterator executor>


table 3 : explain UPDATE sbtest3 SET c='foobar' WHERE id=3370131
	-> <not executable by iterator executor>


table 4 : explain UPDATE sbtest4 SET c='foobar' WHERE id=4208486
	-> <not executable by iterator executor>


table 5 : explain UPDATE sbtest5 SET c='foobar' WHERE id=7468983
	-> <not executable by iterator executor>


table 6 : explain UPDATE sbtest6 SET c='foobar' WHERE id=5012104
	-> <not executable by iterator executor>


table 7 : explain UPDATE sbtest7 SET c='foobar' WHERE id=9061090
	-> <not executable by iterator executor>


table 8 : explain UPDATE sbtest8 SET c='foobar' WHERE id=333429
	-> <not executable by iterator executor>


explain: for non_index_updates :: explain UPDATE sbtest%u SET c='foobar' WHERE id=%u
explain: for non_index_updates :: explain UPDATE sbtest%u SET c='foobar' WHERE id=%u
for index_updates
table 1 : explain UPDATE sbtest1 SET k=k+1 WHERE id=9974911
	-> <not executable by iterator executor>


table 2 : explain UPDATE sbtest2 SET k=k+1 WHERE id=7981350
	-> <not executable by iterator executor>


table 3 : explain UPDATE sbtest3 SET k=k+1 WHERE id=9677833
	-> <not executable by iterator executor>


table 4 : explain UPDATE sbtest4 SET k=k+1 WHERE id=6366988
	-> <not executable by iterator executor>


table 5 : explain UPDATE sbtest5 SET k=k+1 WHERE id=8285690
	-> <not executable by iterator executor>


table 6 : explain UPDATE sbtest6 SET k=k+1 WHERE id=4056903
	-> <not executable by iterator executor>


table 7 : explain UPDATE sbtest7 SET k=k+1 WHERE id=736067
	-> <not executable by iterator executor>


table 8 : explain UPDATE sbtest8 SET k=k+1 WHERE id=6156810
	-> <not executable by iterator executor>


for index_updates
table 1 : explain UPDATE sbtest1 SET k=k+1 WHERE id=3121039
	-> <not executable by iterator executor>


table 2 : explain UPDATE sbtest2 SET k=k+1 WHERE id=3982830
	-> <not executable by iterator executor>


table 3 : explain UPDATE sbtest3 SET k=k+1 WHERE id=2693087
	-> <not executable by iterator executor>


table 4 : explain UPDATE sbtest4 SET k=k+1 WHERE id=9831180
	-> <not executable by iterator executor>


table 5 : explain UPDATE sbtest5 SET k=k+1 WHERE id=4948010
	-> <not executable by iterator executor>


table 6 : explain UPDATE sbtest6 SET k=k+1 WHERE id=8525360
	-> <not executable by iterator executor>


table 7 : explain UPDATE sbtest7 SET k=k+1 WHERE id=9414673
	-> <not executable by iterator executor>


table 8 : explain UPDATE sbtest8 SET k=k+1 WHERE id=2169380
	-> <not executable by iterator executor>


explain: for non_index_updates :: explain UPDATE sbtest%u SET c='foobar' WHERE id=%u
for non_index_updates
table 1 : explain UPDATE sbtest1 SET c='foobar' WHERE id=787715
	-> <not executable by iterator executor>


table 2 : explain UPDATE sbtest2 SET c='foobar' WHERE id=6238144
	-> <not executable by iterator executor>


table 3 : explain UPDATE sbtest3 SET c='foobar' WHERE id=5043876
	-> <not executable by iterator executor>


table 4 : explain UPDATE sbtest4 SET c='foobar' WHERE id=2736357
	-> <not executable by iterator executor>


table 5 : explain UPDATE sbtest5 SET c='foobar' WHERE id=8232065
	-> <not executable by iterator executor>


table 6 : explain UPDATE sbtest6 SET c='foobar' WHERE id=7457003
	-> <not executable by iterator executor>


table 7 : explain UPDATE sbtest7 SET c='foobar' WHERE id=534327
	-> <not executable by iterator executor>


table 8 : explain UPDATE sbtest8 SET c='foobar' WHERE id=7086193
	-> <not executable by iterator executor>


explain: for non_index_updates :: explain UPDATE sbtest%u SET c='foobar' WHERE id=%u
explain: for index_updates :: explain UPDATE sbtest%u SET k=k+1 WHERE id=%u
explain: for non_index_updates :: explain UPDATE sbtest%u SET c='foobar' WHERE id=%u
explain: for non_index_updates :: explain UPDATE sbtest%u SET c='foobar' WHERE id=%u
explain: for non_index_updates :: explain UPDATE sbtest%u SET c='foobar' WHERE id=%u
explain: for non_index_updates :: explain UPDATE sbtest%u SET c='foobar' WHERE id=%u
explain: for non_index_updates :: explain UPDATE sbtest%u SET c='foobar' WHERE id=%u
for index_updates
table 1 : explain UPDATE sbtest1 SET k=k+1 WHERE id=9123836
	-> <not executable by iterator executor>


table 2 : explain UPDATE sbtest2 SET k=k+1 WHERE id=7409561
	-> <not executable by iterator executor>


table 3 : explain UPDATE sbtest3 SET k=k+1 WHERE id=1148754
	-> <not executable by iterator executor>


table 4 : explain UPDATE sbtest4 SET k=k+1 WHERE id=9951032
	-> <not executable by iterator executor>


table 5 : explain UPDATE sbtest5 SET k=k+1 WHERE id=7451628
	-> <not executable by iterator executor>


table 6 : explain UPDATE sbtest6 SET k=k+1 WHERE id=5128233
	-> <not executable by iterator executor>


table 7 : explain UPDATE sbtest7 SET k=k+1 WHERE id=7215522
	-> <not executable by iterator executor>


table 8 : explain UPDATE sbtest8 SET k=k+1 WHERE id=99793
	-> <not executable by iterator executor>


explain: for non_index_updates :: explain UPDATE sbtest%u SET c='foobar' WHERE id=%u
explain: for non_index_updates :: explain UPDATE sbtest%u SET c='foobar' WHERE id=%uexplain: for non_index_updates :: explain UPDATE sbtest%u SET c='foobar' WHERE id=%u

for non_index_updates
table 1 : explain UPDATE sbtest1 SET c='foobar' WHERE id=6237160
	-> <not executable by iterator executor>


table 2 : explain UPDATE sbtest2 SET c='foobar' WHERE id=625661
	-> <not executable by iterator executor>


table 3 : explain UPDATE sbtest3 SET c='foobar' WHERE id=2166200
	-> <not executable by iterator executor>


table 4 : explain UPDATE sbtest4 SET c='foobar' WHERE id=7727914
	-> <not executable by iterator executor>


table 5 : explain UPDATE sbtest5 SET c='foobar' WHERE id=287669
	-> <not executable by iterator executor>


table 6 : explain UPDATE sbtest6 SET c='foobar' WHERE id=2017307
	-> <not executable by iterator executor>


table 7 : explain UPDATE sbtest7 SET c='foobar' WHERE id=8801500
	-> <not executable by iterator executor>


table 8 : explain UPDATE sbtest8 SET c='foobar' WHERE id=7941743
	-> <not executable by iterator executor>


explain: for non_index_updates :: explain UPDATE sbtest%u SET c='foobar' WHERE id=%u
for non_index_updates
table 1 : explain UPDATE sbtest1 SET c='foobar' WHERE id=1127375
	-> <not executable by iterator executor>


table 2 : explain UPDATE sbtest2 SET c='foobar' WHERE id=3960201
	-> <not executable by iterator executor>


table 3 : explain UPDATE sbtest3 SET c='foobar' WHERE id=3786493
	-> <not executable by iterator executor>


table 4 : explain UPDATE sbtest4 SET c='foobar' WHERE id=3428022
	-> <not executable by iterator executor>


table 5 : explain UPDATE sbtest5 SET c='foobar' WHERE id=1711439
	-> <not executable by iterator executor>


table 6 : explain UPDATE sbtest6 SET c='foobar' WHERE id=3946277
	-> <not executable by iterator executor>


table 7 : explain UPDATE sbtest7 SET c='foobar' WHERE id=5683962
	-> <not executable by iterator executor>


table 8 : explain UPDATE sbtest8 SET c='foobar' WHERE id=1727505
	-> <not executable by iterator executor>


for non_index_updates
table 1 : explain UPDATE sbtest1 SET c='foobar' WHERE id=7108783
	-> <not executable by iterator executor>


table 2 : explain UPDATE sbtest2 SET c='foobar' WHERE id=2763003
	-> <not executable by iterator executor>


table 3 : explain UPDATE sbtest3 SET c='foobar' WHERE id=1826733
	-> <not executable by iterator executor>


table 4 : explain UPDATE sbtest4 SET c='foobar' WHERE id=6352934
	-> <not executable by iterator executor>


table 5 : explain UPDATE sbtest5 SET c='foobar' WHERE id=2867936
	-> <not executable by iterator executor>


table 6 : explain UPDATE sbtest6 SET c='foobar' WHERE id=1631870
	-> <not executable by iterator executor>


table 7 : explain UPDATE sbtest7 SET c='foobar' WHERE id=3272193
	-> <not executable by iterator executor>


table 8 : explain UPDATE sbtest8 SET c='foobar' WHERE id=7435140
	-> <not executable by iterator executor>


explain: for non_index_updates :: explain UPDATE sbtest%u SET c='foobar' WHERE id=%u
explain: for index_updates :: explain UPDATE sbtest%u SET k=k+1 WHERE id=%u
for index_updates
table 1 : explain UPDATE sbtest1 SET k=k+1 WHERE id=7251378
	-> <not executable by iterator executor>


table 2 : explain UPDATE sbtest2 SET k=k+1 WHERE id=8359908
	-> <not executable by iterator executor>


table 3 : explain UPDATE sbtest3 SET k=k+1 WHERE id=9113331
	-> <not executable by iterator executor>


table 4 : explain UPDATE sbtest4 SET k=k+1 WHERE id=9181019
	-> <not executable by iterator executor>


table 5 : explain UPDATE sbtest5 SET k=k+1 WHERE id=1724159
	-> <not executable by iterator executor>


table 6 : explain UPDATE sbtest6 SET k=k+1 WHERE id=5367957
	-> <not executable by iterator executor>


table 7 : explain UPDATE sbtest7 SET k=k+1 WHERE id=8776860
	-> <not executable by iterator executor>


table 8 : explain UPDATE sbtest8 SET k=k+1 WHERE id=3260222
	-> <not executable by iterator executor>


explain: for index_updates :: explain UPDATE sbtest%u SET k=k+1 WHERE id=%u
for non_index_updates
table 1 : explain UPDATE sbtest1 SET c='foobar' WHERE id=29624
	-> <not executable by iterator executor>


table 2 : explain UPDATE sbtest2 SET c='foobar' WHERE id=8334068
	-> <not executable by iterator executor>


table 3 : explain UPDATE sbtest3 SET c='foobar' WHERE id=7079385
	-> <not executable by iterator executor>


table 4 : explain UPDATE sbtest4 SET c='foobar' WHERE id=988138
	-> <not executable by iterator executor>


table 5 : explain UPDATE sbtest5 SET c='foobar' WHERE id=7815061
	-> <not executable by iterator executor>


table 6 : explain UPDATE sbtest6 SET c='foobar' WHERE id=2587344
	-> <not executable by iterator executor>


table 7 : explain UPDATE sbtest7 SET c='foobar' WHERE id=1072494
	-> <not executable by iterator executor>


table 8 : explain UPDATE sbtest8 SET c='foobar' WHERE id=765893
	-> <not executable by iterator executor>


for index_updates
table 1 : explain UPDATE sbtest1 SET k=k+1 WHERE id=3183311
	-> <not executable by iterator executor>


table 2 : explain UPDATE sbtest2 SET k=k+1 WHERE id=6177160
	-> <not executable by iterator executor>


table 3 : explain UPDATE sbtest3 SET k=k+1 WHERE id=8576491
	-> <not executable by iterator executor>


table 4 : explain UPDATE sbtest4 SET k=k+1 WHERE id=4927522
	-> <not executable by iterator executor>


table 5 : explain UPDATE sbtest5 SET k=k+1 WHERE id=912199
	-> <not executable by iterator executor>


table 6 : explain UPDATE sbtest6 SET k=k+1 WHERE id=2639286
	-> <not executable by iterator executor>


table 7 : explain UPDATE sbtest7 SET k=k+1 WHERE id=3096886
	-> <not executable by iterator executor>


table 8 : explain UPDATE sbtest8 SET k=k+1 WHERE id=159606
	-> <not executable by iterator executor>


explain: for non_index_updates :: explain UPDATE sbtest%u SET c='foobar' WHERE id=%u
explain: for non_index_updates :: explain UPDATE sbtest%u SET c='foobar' WHERE id=%u
for index_updates
table 1 : explain UPDATE sbtest1 SET k=k+1 WHERE id=5311224
	-> <not executable by iterator executor>


table 2 : explain UPDATE sbtest2 SET k=k+1 WHERE id=1493469
	-> <not executable by iterator executor>


table 3 : explain UPDATE sbtest3 SET k=k+1 WHERE id=3162289
	-> <not executable by iterator executor>


table 4 : explain UPDATE sbtest4 SET k=k+1 WHERE id=5331612
	-> <not executable by iterator executor>


table 5 : explain UPDATE sbtest5 SET k=k+1 WHERE id=2813951
	-> <not executable by iterator executor>


table 6 : explain UPDATE sbtest6 SET k=k+1 WHERE id=2211669
	-> <not executable by iterator executor>


table 7 : explain UPDATE sbtest7 SET k=k+1 WHERE id=1264381
	-> <not executable by iterator executor>


table 8 : explain UPDATE sbtest8 SET k=k+1 WHERE id=9391763
	-> <not executable by iterator executor>


for non_index_updates
table 1 : explain UPDATE sbtest1 SET c='foobar' WHERE id=4710353
	-> <not executable by iterator executor>


table 2 : explain UPDATE sbtest2 SET c='foobar' WHERE id=6786177
	-> <not executable by iterator executor>


table 3 : explain UPDATE sbtest3 SET c='foobar' WHERE id=9860890
	-> <not executable by iterator executor>


table 4 : explain UPDATE sbtest4 SET c='foobar' WHERE id=8249449
	-> <not executable by iterator executor>


table 5 : explain UPDATE sbtest5 SET c='foobar' WHERE id=4335623
	-> <not executable by iterator executor>


table 6 : explain UPDATE sbtest6 SET c='foobar' WHERE id=9361395
	-> <not executable by iterator executor>


table 7 : explain UPDATE sbtest7 SET c='foobar' WHERE id=8407020
	-> <not executable by iterator executor>


table 8 : explain UPDATE sbtest8 SET c='foobar' WHERE id=3735487
	-> <not executable by iterator executor>


explain: for non_index_updates :: explain UPDATE sbtest%u SET c='foobar' WHERE id=%u
explain: for non_index_updates :: explain UPDATE sbtest%u SET c='foobar' WHERE id=%u
for non_index_updates
table 1 : explain UPDATE sbtest1 SET c='foobar' WHERE id=2144859
	-> <not executable by iterator executor>


table 2 : explain UPDATE sbtest2 SET c='foobar' WHERE id=2294048
	-> <not executable by iterator executor>


table 3 : explain UPDATE sbtest3 SET c='foobar' WHERE id=5243199
	-> <not executable by iterator executor>


table 4 : explain UPDATE sbtest4 SET c='foobar' WHERE id=116686
	-> <not executable by iterator executor>


table 5 : explain UPDATE sbtest5 SET c='foobar' WHERE id=9194817
	-> <not executable by iterator executor>


table 6 : explain UPDATE sbtest6 SET c='foobar' WHERE id=8910512
	-> <not executable by iterator executor>


table 7 : explain UPDATE sbtest7 SET c='foobar' WHERE id=7429720
	-> <not executable by iterator executor>


table 8 : explain UPDATE sbtest8 SET c='foobar' WHERE id=6862338
	-> <not executable by iterator executor>


for non_index_updates
table 1 : explain UPDATE sbtest1 SET c='foobar' WHERE id=3098282
	-> <not executable by iterator executor>


table 2 : explain UPDATE sbtest2 SET c='foobar' WHERE id=4421512
	-> <not executable by iterator executor>


table 3 : explain UPDATE sbtest3 SET c='foobar' WHERE id=3847626
	-> <not executable by iterator executor>


table 4 : explain UPDATE sbtest4 SET c='foobar' WHERE id=7974641
	-> <not executable by iterator executor>


table 5 : explain UPDATE sbtest5 SET c='foobar' WHERE id=2303790
	-> <not executable by iterator executor>


table 6 : explain UPDATE sbtest6 SET c='foobar' WHERE id=2923144
	-> <not executable by iterator executor>


table 7 : explain UPDATE sbtest7 SET c='foobar' WHERE id=5707174
	-> <not executable by iterator executor>


table 8 : explain UPDATE sbtest8 SET c='foobar' WHERE id=5428904
	-> <not executable by iterator executor>


for non_index_updates
table 1 : explain UPDATE sbtest1 SET c='foobar' WHERE id=9680030
	-> <not executable by iterator executor>


table 2 : explain UPDATE sbtest2 SET c='foobar' WHERE id=8318576
	-> <not executable by iterator executor>


table 3 : explain UPDATE sbtest3 SET c='foobar' WHERE id=5863398
	-> <not executable by iterator executor>


table 4 : explain UPDATE sbtest4 SET c='foobar' WHERE id=1724889
	-> <not executable by iterator executor>


table 5 : explain UPDATE sbtest5 SET c='foobar' WHERE id=5634905
	-> <not executable by iterator executor>


table 6 : explain UPDATE sbtest6 SET c='foobar' WHERE id=1113016
	-> <not executable by iterator executor>


table 7 : explain UPDATE sbtest7 SET c='foobar' WHERE id=8090356
	-> <not executable by iterator executor>


table 8 : explain UPDATE sbtest8 SET c='foobar' WHERE id=1332174
	-> <not executable by iterator executor>


explain: for non_index_updates :: explain UPDATE sbtest%u SET c='foobar' WHERE id=%u
explain: for deletes :: explain DELETE FROM sbtest%u WHERE id=%u
for non_index_updates
table 1 : explain UPDATE sbtest1 SET c='foobar' WHERE id=2379158
	-> <not executable by iterator executor>


table 2 : explain UPDATE sbtest2 SET c='foobar' WHERE id=7129169
	-> <not executable by iterator executor>


table 3 : explain UPDATE sbtest3 SET c='foobar' WHERE id=3026397
	-> <not executable by iterator executor>


table 4 : explain UPDATE sbtest4 SET c='foobar' WHERE id=2520031
	-> <not executable by iterator executor>


table 5 : explain UPDATE sbtest5 SET c='foobar' WHERE id=1696597
	-> <not executable by iterator executor>


table 6 : explain UPDATE sbtest6 SET c='foobar' WHERE id=7813135
	-> <not executable by iterator executor>


table 7 : explain UPDATE sbtest7 SET c='foobar' WHERE id=9156729
	-> <not executable by iterator executor>


table 8 : explain UPDATE sbtest8 SET c='foobar' WHERE id=5526257
	-> <not executable by iterator executor>


for non_index_updates
table 1 : explain UPDATE sbtest1 SET c='foobar' WHERE id=1004865
	-> <not executable by iterator executor>


table 2 : explain UPDATE sbtest2 SET c='foobar' WHERE id=1433467
	-> <not executable by iterator executor>


table 3 : explain UPDATE sbtest3 SET c='foobar' WHERE id=1642681
	-> <not executable by iterator executor>


table 4 : explain UPDATE sbtest4 SET c='foobar' WHERE id=2588811
	-> <not executable by iterator executor>


table 5 : explain UPDATE sbtest5 SET c='foobar' WHERE id=7730036
	-> <not executable by iterator executor>


table 6 : explain UPDATE sbtest6 SET c='foobar' WHERE id=4189284
	-> <not executable by iterator executor>


table 7 : explain UPDATE sbtest7 SET c='foobar' WHERE id=2213916
	-> <not executable by iterator executor>


table 8 : explain UPDATE sbtest8 SET c='foobar' WHERE id=1258669
	-> <not executable by iterator executor>


for index_updates
table 1 : explain UPDATE sbtest1 SET k=k+1 WHERE id=931307
	-> <not executable by iterator executor>


table 2 : explain UPDATE sbtest2 SET k=k+1 WHERE id=9247570
	-> <not executable by iterator executor>


table 3 : explain UPDATE sbtest3 SET k=k+1 WHERE id=3048652
	-> <not executable by iterator executor>


table 4 : explain UPDATE sbtest4 SET k=k+1 WHERE id=2124075
	-> <not executable by iterator executor>


table 5 : explain UPDATE sbtest5 SET k=k+1 WHERE id=5419418
	-> <not executable by iterator executor>


table 6 : explain UPDATE sbtest6 SET k=k+1 WHERE id=4157681
	-> <not executable by iterator executor>


table 7 : explain UPDATE sbtest7 SET k=k+1 WHERE id=9322824
	-> <not executable by iterator executor>


table 8 : explain UPDATE sbtest8 SET k=k+1 WHERE id=9281283
	-> <not executable by iterator executor>


explain: for non_index_updates :: explain UPDATE sbtest%u SET c='foobar' WHERE id=%ufor non_index_updates
table 1 : explain UPDATE sbtest1 SET c='foobar' WHERE id=1682265
	-> <not executable by iterator executor>


table 2 : explain UPDATE sbtest2 SET c='foobar' WHERE id=6391774
	-> <not executable by iterator executor>


table 3 : explain UPDATE sbtest3 SET c='foobar' WHERE id=5189521
	-> <not executable by iterator executor>


table 4 : explain UPDATE sbtest4 SET c='foobar' WHERE id=7524049
	-> <not executable by iterator executor>


table 5 : explain UPDATE sbtest5 SET c='foobar' WHERE id=5256304
	-> <not executable by iterator executor>


table 6 : explain UPDATE sbtest6 SET c='foobar' WHERE id=2048371
	-> <not executable by iterator executor>


table 7 : explain UPDATE sbtest7 SET c='foobar' WHERE id=171723
	-> <not executable by iterator executor>


table 8 : explain UPDATE sbtest8 SET c='foobar' WHERE id=3719733
	-> <not executable by iterator executor>

explain: for non_index_updates :: explain UPDATE sbtest%u SET c='foobar' WHERE id=%u

explain: for non_index_updates :: explain UPDATE sbtest%u SET c='foobar' WHERE id=%u
explain: for non_index_updates :: explain UPDATE sbtest%u SET c='foobar' WHERE id=%u
explain: for non_index_updates :: explain UPDATE sbtest%u SET c='foobar' WHERE id=%u

for non_index_updates
table 1 : explain UPDATE sbtest1 SET c='foobar' WHERE id=5645457
	-> <not executable by iterator executor>


table 2 : explain UPDATE sbtest2 SET c='foobar' WHERE id=4593786
	-> <not executable by iterator executor>


table 3 : explain UPDATE sbtest3 SET c='foobar' WHERE id=4602630
	-> <not executable by iterator executor>


table 4 : explain UPDATE sbtest4 SET c='foobar' WHERE id=8041236
	-> <not executable by iterator executor>


table 5 : explain UPDATE sbtest5 SET c='foobar' WHERE id=9270514
	-> <not executable by iterator executor>


table 6 : explain UPDATE sbtest6 SET c='foobar' WHERE id=3283747
	-> <not executable by iterator executor>


table 7 : explain UPDATE sbtest7 SET c='foobar' WHERE id=5117277
	-> <not executable by iterator executor>


table 8 : explain UPDATE sbtest8 SET c='foobar' WHERE id=2061549
	-> <not executable by iterator executor>


explain: for non_index_updates :: explain UPDATE sbtest%u SET c='foobar' WHERE id=%u
for non_index_updates
table 1 : explain UPDATE sbtest1 SET c='foobar' WHERE id=2995927
	-> <not executable by iterator executor>


table 2 : explain UPDATE sbtest2 SET c='foobar' WHERE id=4784703
	-> <not executable by iterator executor>


table 3 : explain UPDATE sbtest3 SET c='foobar' WHERE id=4791066
	-> <not executable by iterator executor>


table 4 : explain UPDATE sbtest4 SET c='foobar' WHERE id=4133945
	-> <not executable by iterator executor>


table 5 : explain UPDATE sbtest5 SET c='foobar' WHERE id=9449820
	-> <not executable by iterator executor>


table 6 : explain UPDATE sbtest6 SET c='foobar' WHERE id=9050887
	-> <not executable by iterator executor>


table 7 : explain UPDATE sbtest7 SET c='foobar' WHERE id=5497774
	-> <not executable by iterator executor>


table 8 : explain UPDATE sbtest8 SET c='foobar' WHERE id=9281881
	-> <not executable by iterator executor>


explain: for non_index_updates :: explain UPDATE sbtest%u SET c='foobar' WHERE id=%u
explain: for non_index_updates :: explain UPDATE sbtest%u SET c='foobar' WHERE id=%u
explain: for deletes :: explain DELETE FROM sbtest%u WHERE id=%u
for non_index_updates
table 1 : explain UPDATE sbtest1 SET c='foobar' WHERE id=8351161
	-> <not executable by iterator executor>


table 2 : explain UPDATE sbtest2 SET c='foobar' WHERE id=70833
	-> <not executable by iterator executor>


table 3 : explain UPDATE sbtest3 SET c='foobar' WHERE id=1441592
	-> <not executable by iterator executor>


table 4 : explain UPDATE sbtest4 SET c='foobar' WHERE id=2158957
	-> <not executable by iterator executor>


table 5 : explain UPDATE sbtest5 SET c='foobar' WHERE id=6234182
	-> <not executable by iterator executor>


table 6 : explain UPDATE sbtest6 SET c='foobar' WHERE id=3788822
	-> <not executable by iterator executor>


table 7 : explain UPDATE sbtest7 SET c='foobar' WHERE id=1099225
	-> <not executable by iterator executor>


table 8 : explain UPDATE sbtest8 SET c='foobar' WHERE id=8604517
	-> <not executable by iterator executor>


for deletes
table 1 : explain DELETE FROM sbtest1 WHERE id=1255512
	-> <not executable by iterator executor>


table 2 : explain DELETE FROM sbtest2 WHERE id=5529398
	-> <not executable by iterator executor>


table 3 : explain DELETE FROM sbtest3 WHERE id=9891187
	-> <not executable by iterator executor>


table 4 : explain DELETE FROM sbtest4 WHERE id=9414840
	-> <not executable by iterator executor>


table 5 : explain DELETE FROM sbtest5 WHERE id=4965324
	-> <not executable by iterator executor>


table 6 : explain DELETE FROM sbtest6 WHERE id=2983408
	-> <not executable by iterator executor>


table 7 : explain DELETE FROM sbtest7 WHERE id=3798471
	-> <not executable by iterator executor>


table 8 : explain DELETE FROM sbtest8 WHERE id=6076773
	-> <not executable by iterator executor>


for non_index_updates
table 1 : explain UPDATE sbtest1 SET c='foobar' WHERE id=4084688
	-> <not executable by iterator executor>


table 2 : explain UPDATE sbtest2 SET c='foobar' WHERE id=9303120
	-> <not executable by iterator executor>


table 3 : explain UPDATE sbtest3 SET c='foobar' WHERE id=1079829
	-> <not executable by iterator executor>


table 4 : explain UPDATE sbtest4 SET c='foobar' WHERE id=5734815
	-> <not executable by iterator executor>


table 5 : explain UPDATE sbtest5 SET c='foobar' WHERE id=7886558
	-> <not executable by iterator executor>


table 6 : explain UPDATE sbtest6 SET c='foobar' WHERE id=7167180
	-> <not executable by iterator executor>


table 7 : explain UPDATE sbtest7 SET c='foobar' WHERE id=7782492
	-> <not executable by iterator executor>


table 8 : explain UPDATE sbtest8 SET c='foobar' WHERE id=6574703
	-> <not executable by iterator executor>


explain: for deletes :: explain DELETE FROM sbtest%u WHERE id=%u
for non_index_updates
table 1 : explain UPDATE sbtest1 SET c='foobar' WHERE id=4059738
	-> <not executable by iterator executor>


table 2 : explain UPDATE sbtest2 SET c='foobar' WHERE id=2716620
	-> <not executable by iterator executor>


table 3 : explain UPDATE sbtest3 SET c='foobar' WHERE id=5392755
	-> <not executable by iterator executor>


table 4 : explain UPDATE sbtest4 SET c='foobar' WHERE id=4664176
	-> <not executable by iterator executor>


table 5 : explain UPDATE sbtest5 SET c='foobar' WHERE id=8599173
	-> <not executable by iterator executor>


table 6 : explain UPDATE sbtest6 SET c='foobar' WHERE id=209918
	-> <not executable by iterator executor>


table 7 : explain UPDATE sbtest7 SET c='foobar' WHERE id=2173194
	-> <not executable by iterator executor>


table 8 : explain UPDATE sbtest8 SET c='foobar' WHERE id=6227660
	-> <not executable by iterator executor>


explain: for non_index_updates :: explain UPDATE sbtest%u SET c='foobar' WHERE id=%u
for non_index_updates
table 1 : explain UPDATE sbtest1 SET c='foobar' WHERE id=3409620
	-> <not executable by iterator executor>


table 2 : explain UPDATE sbtest2 SET c='foobar' WHERE id=4066100
	-> <not executable by iterator executor>


table 3 : explain UPDATE sbtest3 SET c='foobar' WHERE id=9878049
	-> <not executable by iterator executor>


table 4 : explain UPDATE sbtest4 SET c='foobar' WHERE id=2706767
	-> <not executable by iterator executor>


table 5 : explain UPDATE sbtest5 SET c='foobar' WHERE id=3683794
	-> <not executable by iterator executor>


table 6 : explain UPDATE sbtest6 SET c='foobar' WHERE id=5228150
	-> <not executable by iterator executor>


table 7 : explain UPDATE sbtest7 SET c='foobar' WHERE id=4276429
	-> <not executable by iterator executor>


table 8 : explain UPDATE sbtest8 SET c='foobar' WHERE id=9842085
	-> <not executable by iterator executor>


explain: for deletes :: explain DELETE FROM sbtest%u WHERE id=%u
for non_index_updates
table 1 : explain UPDATE sbtest1 SET c='foobar' WHERE id=5171159
	-> <not executable by iterator executor>


table 2 : explain UPDATE sbtest2 SET c='foobar' WHERE id=7875067
	-> <not executable by iterator executor>


table 3 : explain UPDATE sbtest3 SET c='foobar' WHERE id=9623650
	-> <not executable by iterator executor>


table 4 : explain UPDATE sbtest4 SET c='foobar' WHERE id=4059160
	-> <not executable by iterator executor>


table 5 : explain UPDATE sbtest5 SET c='foobar' WHERE id=1056911
	-> <not executable by iterator executor>


table 6 : explain UPDATE sbtest6 SET c='foobar' WHERE id=8764954
	-> <not executable by iterator executor>


table 7 : explain UPDATE sbtest7 SET c='foobar' WHERE id=530420
	-> <not executable by iterator executor>


table 8 : explain UPDATE sbtest8 SET c='foobar' WHERE id=1443969
	-> <not executable by iterator executor>


for non_index_updates
table 1 : explain UPDATE sbtest1 SET c='foobar' WHERE id=5444771
	-> <not executable by iterator executor>


table 2 : explain UPDATE sbtest2 SET c='foobar' WHERE id=9153709
	-> <not executable by iterator executor>


table 3 : explain UPDATE sbtest3 SET c='foobar' WHERE id=1935108
	-> <not executable by iterator executor>


table 4 : explain UPDATE sbtest4 SET c='foobar' WHERE id=5047050
	-> <not executable by iterator executor>


table 5 : explain UPDATE sbtest5 SET c='foobar' WHERE id=7334938
	-> <not executable by iterator executor>


table 6 : explain UPDATE sbtest6 SET c='foobar' WHERE id=8407137
	-> <not executable by iterator executor>


table 7 : explain UPDATE sbtest7 SET c='foobar' WHERE id=1491762
	-> <not executable by iterator executor>


table 8 : explain UPDATE sbtest8 SET c='foobar' WHERE id=4594184
	-> <not executable by iterator executor>


explain: for non_index_updates :: explain UPDATE sbtest%u SET c='foobar' WHERE id=%u
explain: for deletes :: explain DELETE FROM sbtest%u WHERE id=%u
explain: for non_index_updates :: explain UPDATE sbtest%u SET c='foobar' WHERE id=%ufor non_index_updates
table 1 : explain UPDATE sbtest1 SET c='foobar' WHERE id=4809673
	-> <not executable by iterator executor>


table 2 : explain UPDATE sbtest2 SET c='foobar' WHERE id=3118002
	-> <not executable by iterator executor>


table 3 : explain UPDATE sbtest3 SET c='foobar' WHERE id=806819
	-> <not executable by iterator executor>


table 4 : explain UPDATE sbtest4 SET c='foobar' WHERE id=7219143
	-> <not executable by iterator executor>


table 5 : explain UPDATE sbtest5 SET c='foobar' WHERE id=2865496
	-> <not executable by iterator executor>


table 6 : explain UPDATE sbtest6 SET c='foobar' WHERE id=9275818
	-> <not executable by iterator executor>


table 7 : explain UPDATE sbtest7 SET c='foobar' WHERE id=4123553
	-> <not executable by iterator executor>


table 8 : explain UPDATE sbtest8 SET c='foobar' WHERE id=7592725
	-> <not executable by iterator executor>



for non_index_updates
table 1 : explain UPDATE sbtest1 SET c='foobar' WHERE id=3154933
	-> <not executable by iterator executor>


table 2 : explain UPDATE sbtest2 SET c='foobar' WHERE id=2496776
	-> <not executable by iterator executor>


table 3 : explain UPDATE sbtest3 SET c='foobar' WHERE id=821332
	-> <not executable by iterator executor>


table 4 : explain UPDATE sbtest4 SET c='foobar' WHERE id=486182
	-> <not executable by iterator executor>


table 5 : explain UPDATE sbtest5 SET c='foobar' WHERE id=6587720
	-> <not executable by iterator executor>


table 6 : explain UPDATE sbtest6 SET c='foobar' WHERE id=5043126
	-> <not executable by iterator executor>


table 7 : explain UPDATE sbtest7 SET c='foobar' WHERE id=6205296
	-> <not executable by iterator executor>


table 8 : explain UPDATE sbtest8 SET c='foobar' WHERE id=8880287
	-> <not executable by iterator executor>


for non_index_updates
table 1 : explain UPDATE sbtest1 SET c='foobar' WHERE id=4999468
	-> <not executable by iterator executor>


table 2 : explain UPDATE sbtest2 SET c='foobar' WHERE id=1479535
	-> <not executable by iterator executor>


table 3 : explain UPDATE sbtest3 SET c='foobar' WHERE id=4358032
	-> <not executable by iterator executor>


table 4 : explain UPDATE sbtest4 SET c='foobar' WHERE id=7292352
	-> <not executable by iterator executor>


table 5 : explain UPDATE sbtest5 SET c='foobar' WHERE id=4393415
	-> <not executable by iterator executor>


table 6 : explain UPDATE sbtest6 SET c='foobar' WHERE id=6752627
	-> <not executable by iterator executor>


table 7 : explain UPDATE sbtest7 SET c='foobar' WHERE id=9888941
	-> <not executable by iterator executor>


table 8 : explain UPDATE sbtest8 SET c='foobar' WHERE id=897593
	-> <not executable by iterator executor>


for index_updates
table 1 : explain UPDATE sbtest1 SET k=k+1 WHERE id=1048465
	-> <not executable by iterator executor>


table 2 : explain UPDATE sbtest2 SET k=k+1 WHERE id=9348697
	-> <not executable by iterator executor>


table 3 : explain UPDATE sbtest3 SET k=k+1 WHERE id=3029073
	-> <not executable by iterator executor>


table 4 : explain UPDATE sbtest4 SET k=k+1 WHERE id=724524
	-> <not executable by iterator executor>


table 5 : explain UPDATE sbtest5 SET k=k+1 WHERE id=277734
	-> <not executable by iterator executor>


table 6 : explain UPDATE sbtest6 SET k=k+1 WHERE id=5224864
	-> <not executable by iterator executor>


table 7 : explain UPDATE sbtest7 SET k=k+1 WHERE id=6412268
	-> <not executable by iterator executor>


table 8 : explain UPDATE sbtest8 SET k=k+1 WHERE id=8392848
	-> <not executable by iterator executor>


for non_index_updates
table 1 : explain UPDATE sbtest1 SET c='foobar' WHERE id=2815215
	-> <not executable by iterator executor>


table 2 : explain UPDATE sbtest2 SET c='foobar' WHERE id=2815429
	-> <not executable by iterator executor>


table 3 : explain UPDATE sbtest3 SET c='foobar' WHERE id=3335592
	-> <not executable by iterator executor>


table 4 : explain UPDATE sbtest4 SET c='foobar' WHERE id=6344905
	-> <not executable by iterator executor>


table 5 : explain UPDATE sbtest5 SET c='foobar' WHERE id=8418305
	-> <not executable by iterator executor>


table 6 : explain UPDATE sbtest6 SET c='foobar' WHERE id=1625618
	-> <not executable by iterator executor>


table 7 : explain UPDATE sbtest7 SET c='foobar' WHERE id=2965901
	-> <not executable by iterator executor>


table 8 : explain UPDATE sbtest8 SET c='foobar' WHERE id=5468367
	-> <not executable by iterator executor>


for non_index_updates
table 1 : explain UPDATE sbtest1 SET c='foobar' WHERE id=9770921
	-> <not executable by iterator executor>


table 2 : explain UPDATE sbtest2 SET c='foobar' WHERE id=928325
	-> <not executable by iterator executor>


table 3 : explain UPDATE sbtest3 SET c='foobar' WHERE id=7310540
	-> <not executable by iterator executor>


table 4 : explain UPDATE sbtest4 SET c='foobar' WHERE id=4870527
	-> <not executable by iterator executor>


table 5 : explain UPDATE sbtest5 SET c='foobar' WHERE id=6871069
	-> <not executable by iterator executor>


table 6 : explain UPDATE sbtest6 SET c='foobar' WHERE id=1617700
	-> <not executable by iterator executor>


table 7 : explain UPDATE sbtest7 SET c='foobar' WHERE id=9968860
	-> <not executable by iterator executor>


table 8 : explain UPDATE sbtest8 SET c='foobar' WHERE id=5628024
	-> <not executable by iterator executor>


for non_index_updates
table 1 : explain UPDATE sbtest1 SET c='foobar' WHERE id=7660326
	-> <not executable by iterator executor>


table 2 : explain UPDATE sbtest2 SET c='foobar' WHERE id=496066
	-> <not executable by iterator executor>


table 3 : explain UPDATE sbtest3 SET c='foobar' WHERE id=4309577
	-> <not executable by iterator executor>


table 4 : explain UPDATE sbtest4 SET c='foobar' WHERE id=7980629
	-> <not executable by iterator executor>


table 5 : explain UPDATE sbtest5 SET c='foobar' WHERE id=2248566
	-> <not executable by iterator executor>


table 6 : explain UPDATE sbtest6 SET c='foobar' WHERE id=6616985
	-> <not executable by iterator executor>


table 7 : explain UPDATE sbtest7 SET c='foobar' WHERE id=8695950
	-> <not executable by iterator executor>


table 8 : explain UPDATE sbtest8 SET c='foobar' WHERE id=731333
	-> <not executable by iterator executor>


explain: for deletes :: explain DELETE FROM sbtest%u WHERE id=%u
explain: for deletes :: explain DELETE FROM sbtest%u WHERE id=%u
explain: for non_index_updates :: explain UPDATE sbtest%u SET c='foobar' WHERE id=%u
explain: for deletes :: explain DELETE FROM sbtest%u WHERE id=%ufor non_index_updates
table 1 : explain UPDATE sbtest1 SET c='foobar' WHERE id=7889085
	-> <not executable by iterator executor>


table 2 : explain UPDATE sbtest2 SET c='foobar' WHERE id=7903170
	-> <not executable by iterator executor>


table 3 : explain UPDATE sbtest3 SET c='foobar' WHERE id=1310927
	-> <not executable by iterator executor>


table 4 : explain UPDATE sbtest4 SET c='foobar' WHERE id=7374058
	-> <not executable by iterator executor>


table 5 : explain UPDATE sbtest5 SET c='foobar' WHERE id=9224858
	-> <not executable by iterator executor>


table 6 : explain UPDATE sbtest6 SET c='foobar' WHERE id=5676102
	-> <not executable by iterator executor>


table 7 : explain UPDATE sbtest7 SET c='foobar' WHERE id=3089277
	-> <not executable by iterator executor>


table 8 : explain UPDATE sbtest8 SET c='foobar' WHERE id=5203161
	-> <not executable by iterator executor>



explain: for deletes :: explain DELETE FROM sbtest%u WHERE id=%u
for non_index_updates
table 1 : explain UPDATE sbtest1 SET c='foobar' WHERE id=9340394
	-> <not executable by iterator executor>


table 2 : explain UPDATE sbtest2 SET c='foobar' WHERE id=2521995
	-> <not executable by iterator executor>


table 3 : explain UPDATE sbtest3 SET c='foobar' WHERE id=6724186
	-> <not executable by iterator executor>


table 4 : explain UPDATE sbtest4 SET c='foobar' WHERE id=2398284
	-> <not executable by iterator executor>


table 5 : explain UPDATE sbtest5 SET c='foobar' WHERE id=3917000
	-> <not executable by iterator executor>


table 6 : explain UPDATE sbtest6 SET c='foobar' WHERE id=664764
	-> <not executable by iterator executor>


table 7 : explain UPDATE sbtest7 SET c='foobar' WHERE id=4441468
	-> <not executable by iterator executor>


table 8 : explain UPDATE sbtest8 SET c='foobar' WHERE id=9566691
	-> <not executable by iterator executor>


explain: for deletes :: explain DELETE FROM sbtest%u WHERE id=%u
explain: for deletes :: explain DELETE FROM sbtest%u WHERE id=%uexplain: for deletes :: explain DELETE FROM sbtest%u WHERE id=%u

for non_index_updates
table 1 : explain UPDATE sbtest1 SET c='foobar' WHERE id=6507493
	-> <not executable by iterator executor>


table 2 : explain UPDATE sbtest2 SET c='foobar' WHERE id=9670509
	-> <not executable by iterator executor>


table 3 : explain UPDATE sbtest3 SET c='foobar' WHERE id=7402799
	-> <not executable by iterator executor>


table 4 : explain UPDATE sbtest4 SET c='foobar' WHERE id=7014467
	-> <not executable by iterator executor>


table 5 : explain UPDATE sbtest5 SET c='foobar' WHERE id=5063408
	-> <not executable by iterator executor>


table 6 : explain UPDATE sbtest6 SET c='foobar' WHERE id=2529429
	-> <not executable by iterator executor>


table 7 : explain UPDATE sbtest7 SET c='foobar' WHERE id=9594194
	-> <not executable by iterator executor>


table 8 : explain UPDATE sbtest8 SET c='foobar' WHERE id=6679530
	-> <not executable by iterator executor>


for non_index_updates
table 1 : explain UPDATE sbtest1 SET c='foobar' WHERE id=6293226
	-> <not executable by iterator executor>


table 2 : explain UPDATE sbtest2 SET c='foobar' WHERE id=577124
	-> <not executable by iterator executor>


table 3 : explain UPDATE sbtest3 SET c='foobar' WHERE id=6203672
	-> <not executable by iterator executor>


table 4 : explain UPDATE sbtest4 SET c='foobar' WHERE id=427888
	-> <not executable by iterator executor>


table 5 : explain UPDATE sbtest5 SET c='foobar' WHERE id=9792391
	-> <not executable by iterator executor>


table 6 : explain UPDATE sbtest6 SET c='foobar' WHERE id=1780346
	-> <not executable by iterator executor>


table 7 : explain UPDATE sbtest7 SET c='foobar' WHERE id=8661478
	-> <not executable by iterator executor>


table 8 : explain UPDATE sbtest8 SET c='foobar' WHERE id=1521570
	-> <not executable by iterator executor>


for deletes
table 1 : explain DELETE FROM sbtest1 WHERE id=5929281
	-> <not executable by iterator executor>


table 2 : explain DELETE FROM sbtest2 WHERE id=1283219
	-> <not executable by iterator executor>


table 3 : explain DELETE FROM sbtest3 WHERE id=680514
	-> <not executable by iterator executor>


table 4 : explain DELETE FROM sbtest4 WHERE id=4614575
	-> <not executable by iterator executor>


table 5 : explain DELETE FROM sbtest5 WHERE id=1702265
	-> <not executable by iterator executor>


table 6 : explain DELETE FROM sbtest6 WHERE id=9049586
	-> <not executable by iterator executor>


table 7 : explain DELETE FROM sbtest7 WHERE id=7433991
	-> <not executable by iterator executor>


table 8 : explain DELETE FROM sbtest8 WHERE id=3803079
	-> <not executable by iterator executor>


for deletes
table 1 : explain DELETE FROM sbtest1 WHERE id=3857846
	-> <not executable by iterator executor>


table 2 : explain DELETE FROM sbtest2 WHERE id=6191731
	-> <not executable by iterator executor>


table 3 : explain DELETE FROM sbtest3 WHERE id=1967032
	-> <not executable by iterator executor>


table 4 : explain DELETE FROM sbtest4 WHERE id=9928664
	-> <not executable by iterator executor>


table 5 : explain DELETE FROM sbtest5 WHERE id=4192225
	-> <not executable by iterator executor>


table 6 : explain DELETE FROM sbtest6 WHERE id=5566139
	-> <not executable by iterator executor>


table 7 : explain DELETE FROM sbtest7 WHERE id=7405307
	-> <not executable by iterator executor>


table 8 : explain DELETE FROM sbtest8 WHERE id=7292104
	-> <not executable by iterator executor>


for non_index_updates
table 1 : explain UPDATE sbtest1 SET c='foobar' WHERE id=4000909
	-> <not executable by iterator executor>


table 2 : explain UPDATE sbtest2 SET c='foobar' WHERE id=6664573
	-> <not executable by iterator executor>


table 3 : explain UPDATE sbtest3 SET c='foobar' WHERE id=9714185
	-> <not executable by iterator executor>


table 4 : explain UPDATE sbtest4 SET c='foobar' WHERE id=4084872
	-> <not executable by iterator executor>


table 5 : explain UPDATE sbtest5 SET c='foobar' WHERE id=713611
	-> <not executable by iterator executor>


table 6 : explain UPDATE sbtest6 SET c='foobar' WHERE id=6337692
	-> <not executable by iterator executor>


table 7 : explain UPDATE sbtest7 SET c='foobar' WHERE id=5252623
	-> <not executable by iterator executor>


table 8 : explain UPDATE sbtest8 SET c='foobar' WHERE id=7458049
	-> <not executable by iterator executor>


explain: for deletes :: explain DELETE FROM sbtest%u WHERE id=%u
for index_updates
table 1 : explain UPDATE sbtest1 SET k=k+1 WHERE id=2256987
	-> <not executable by iterator executor>


table 2 : explain UPDATE sbtest2 SET k=k+1 WHERE id=1971357
	-> <not executable by iterator executor>


table 3 : explain UPDATE sbtest3 SET k=k+1 WHERE id=5314529
	-> <not executable by iterator executor>


table 4 : explain UPDATE sbtest4 SET k=k+1 WHERE id=1503690
	-> <not executable by iterator executor>


table 5 : explain UPDATE sbtest5 SET k=k+1 WHERE id=7307469
	-> <not executable by iterator executor>


table 6 : explain UPDATE sbtest6 SET k=k+1 WHERE id=2141691
	-> <not executable by iterator executor>


table 7 : explain UPDATE sbtest7 SET k=k+1 WHERE id=3989262
	-> <not executable by iterator executor>


table 8 : explain UPDATE sbtest8 SET k=k+1 WHERE id=8417494
	-> <not executable by iterator executor>


for non_index_updates
table 1 : explain UPDATE sbtest1 SET c='foobar' WHERE id=5623418
	-> <not executable by iterator executor>


table 2 : explain UPDATE sbtest2 SET c='foobar' WHERE id=4620423
	-> <not executable by iterator executor>


table 3 : explain UPDATE sbtest3 SET c='foobar' WHERE id=3226400
	-> <not executable by iterator executor>


table 4 : explain UPDATE sbtest4 SET c='foobar' WHERE id=9838389
	-> <not executable by iterator executor>


table 5 : explain UPDATE sbtest5 SET c='foobar' WHERE id=2710732
	-> <not executable by iterator executor>


table 6 : explain UPDATE sbtest6 SET c='foobar' WHERE id=3817284
	-> <not executable by iterator executor>


table 7 : explain UPDATE sbtest7 SET c='foobar' WHERE id=8561123
	-> <not executable by iterator executor>


table 8 : explain UPDATE sbtest8 SET c='foobar' WHERE id=4067378
	-> <not executable by iterator executor>


explain: for deletes :: explain DELETE FROM sbtest%u WHERE id=%u
explain: for non_index_updates :: explain UPDATE sbtest%u SET c='foobar' WHERE id=%u
explain: for deletes :: explain DELETE FROM sbtest%u WHERE id=%u
explain: for deletes :: explain DELETE FROM sbtest%u WHERE id=%u
explain: for deletes :: explain DELETE FROM sbtest%u WHERE id=%u
explain: for deletes :: explain DELETE FROM sbtest%u WHERE id=%u
for deletes
table 1 : explain DELETE FROM sbtest1 WHERE id=5228450
	-> <not executable by iterator executor>


table 2 : explain DELETE FROM sbtest2 WHERE id=3994387
	-> <not executable by iterator executor>


table 3 : explain DELETE FROM sbtest3 WHERE id=9330575
	-> <not executable by iterator executor>


table 4 : explain DELETE FROM sbtest4 WHERE id=9128503
	-> <not executable by iterator executor>


table 5 : explain DELETE FROM sbtest5 WHERE id=5671346
	-> <not executable by iterator executor>


table 6 : explain DELETE FROM sbtest6 WHERE id=9140811
	-> <not executable by iterator executor>


table 7 : explain DELETE FROM sbtest7 WHERE id=5906369
	-> <not executable by iterator executor>


table 8 : explain DELETE FROM sbtest8 WHERE id=9893469
	-> <not executable by iterator executor>


explain: for deletes :: explain DELETE FROM sbtest%u WHERE id=%u
explain: for deletes :: explain DELETE FROM sbtest%u WHERE id=%u
for deletes
table 1 : explain DELETE FROM sbtest1 WHERE id=2958378
	-> <not executable by iterator executor>


table 2 : explain DELETE FROM sbtest2 WHERE id=6962098
	-> <not executable by iterator executor>


table 3 : explain DELETE FROM sbtest3 WHERE id=7061070
	-> <not executable by iterator executor>


table 4 : explain DELETE FROM sbtest4 WHERE id=1398884
	-> <not executable by iterator executor>


table 5 : explain DELETE FROM sbtest5 WHERE id=4182077
	-> <not executable by iterator executor>


table 6 : explain DELETE FROM sbtest6 WHERE id=9946293
	-> <not executable by iterator executor>


table 7 : explain DELETE FROM sbtest7 WHERE id=9199491
	-> <not executable by iterator executor>


table 8 : explain DELETE FROM sbtest8 WHERE id=398388
	-> <not executable by iterator executor>


for non_index_updates
table 1 : explain UPDATE sbtest1 SET c='foobar' WHERE id=181624
	-> <not executable by iterator executor>


table 2 : explain UPDATE sbtest2 SET c='foobar' WHERE id=3151670
	-> <not executable by iterator executor>


table 3 : explain UPDATE sbtest3 SET c='foobar' WHERE id=8258586
	-> <not executable by iterator executor>


table 4 : explain UPDATE sbtest4 SET c='foobar' WHERE id=2468411
	-> <not executable by iterator executor>


table 5 : explain UPDATE sbtest5 SET c='foobar' WHERE id=3658168
	-> <not executable by iterator executor>


table 6 : explain UPDATE sbtest6 SET c='foobar' WHERE id=384777
	-> <not executable by iterator executor>


table 7 : explain UPDATE sbtest7 SET c='foobar' WHERE id=217115
	-> <not executable by iterator executor>


table 8 : explain UPDATE sbtest8 SET c='foobar' WHERE id=3660185
	-> <not executable by iterator executor>


explain: for deletes :: explain DELETE FROM sbtest%u WHERE id=%u
explain: for deletes :: explain DELETE FROM sbtest%u WHERE id=%u
explain: for non_index_updates :: explain UPDATE sbtest%u SET c='foobar' WHERE id=%u
explain: for deletes :: explain DELETE FROM sbtest%u WHERE id=%u
for deletes
table 1 : explain DELETE FROM sbtest1 WHERE id=8893299
	-> <not executable by iterator executor>


table 2 : explain DELETE FROM sbtest2 WHERE id=6659994
	-> <not executable by iterator executor>


table 3 : explain DELETE FROM sbtest3 WHERE id=6749877
	-> <not executable by iterator executor>


table 4 : explain DELETE FROM sbtest4 WHERE id=911053
	-> <not executable by iterator executor>


table 5 : explain DELETE FROM sbtest5 WHERE id=1537542
	-> <not executable by iterator executor>


table 6 : explain DELETE FROM sbtest6 WHERE id=9900807
	-> <not executable by iterator executor>


table 7 : explain DELETE FROM sbtest7 WHERE id=5109261
	-> <not executable by iterator executor>


table 8 : explain DELETE FROM sbtest8 WHERE id=6313085
	-> <not executable by iterator executor>


for deletes
table 1 : explain DELETE FROM sbtest1 WHERE id=6057178
	-> <not executable by iterator executor>


table 2 : explain DELETE FROM sbtest2 WHERE id=1615786
	-> <not executable by iterator executor>


table 3 : explain DELETE FROM sbtest3 WHERE id=2257016
	-> <not executable by iterator executor>


table 4 : explain DELETE FROM sbtest4 WHERE id=1012384
	-> <not executable by iterator executor>


table 5 : explain DELETE FROM sbtest5 WHERE id=5806590
	-> <not executable by iterator executor>


table 6 : explain DELETE FROM sbtest6 WHERE id=5214639
	-> <not executable by iterator executor>


table 7 : explain DELETE FROM sbtest7 WHERE id=2756639
	-> <not executable by iterator executor>


table 8 : explain DELETE FROM sbtest8 WHERE id=1901494
	-> <not executable by iterator executor>


for deletes
table 1 : explain DELETE FROM sbtest1 WHERE id=5755953
	-> <not executable by iterator executor>


table 2 : explain DELETE FROM sbtest2 WHERE id=4373118
	-> <not executable by iterator executor>


table 3 : explain DELETE FROM sbtest3 WHERE id=7025995
	-> <not executable by iterator executor>


table 4 : explain DELETE FROM sbtest4 WHERE id=8942378
	-> <not executable by iterator executor>


table 5 : explain DELETE FROM sbtest5 WHERE id=5614722
	-> <not executable by iterator executor>


table 6 : explain DELETE FROM sbtest6 WHERE id=2630626
	-> <not executable by iterator executor>


table 7 : explain DELETE FROM sbtest7 WHERE id=8498566
	-> <not executable by iterator executor>


table 8 : explain DELETE FROM sbtest8 WHERE id=7341977
	-> <not executable by iterator executor>


for deletes
table 1 : explain DELETE FROM sbtest1 WHERE id=3158711
	-> <not executable by iterator executor>


table 2 : explain DELETE FROM sbtest2 WHERE id=5894975
	-> <not executable by iterator executor>


table 3 : explain DELETE FROM sbtest3 WHERE id=260460
	-> <not executable by iterator executor>


table 4 : explain DELETE FROM sbtest4 WHERE id=1006719
	-> <not executable by iterator executor>


table 5 : explain DELETE FROM sbtest5 WHERE id=4963567
	-> <not executable by iterator executor>


table 6 : explain DELETE FROM sbtest6 WHERE id=971234
	-> <not executable by iterator executor>


table 7 : explain DELETE FROM sbtest7 WHERE id=1443886
	-> <not executable by iterator executor>


table 8 : explain DELETE FROM sbtest8 WHERE id=8038043
	-> <not executable by iterator executor>

for deletes
table 1 : explain DELETE FROM sbtest1 WHERE id=1254214
	-> <not executable by iterator executor>


table 2 : explain DELETE FROM sbtest2 WHERE id=6659891
	-> <not executable by iterator executor>


table 3 : explain DELETE FROM sbtest3 WHERE id=2529601
	-> <not executable by iterator executor>


table 4 : explain DELETE FROM sbtest4 WHERE id=7905224
	-> <not executable by iterator executor>


table 5 : explain DELETE FROM sbtest5 WHERE id=8492797
	-> <not executable by iterator executor>


table 6 : explain DELETE FROM sbtest6 WHERE id=2154782
	-> <not executable by iterator executor>


table 7 : explain DELETE FROM sbtest7 WHERE id=9153080
	-> <not executable by iterator executor>


table 8 : explain DELETE FROM sbtest8 WHERE id=8361498
	-> <not executable by iterator executor>



for deletes
table 1 : explain DELETE FROM sbtest1 WHERE id=2416307
	-> <not executable by iterator executor>


table 2 : explain DELETE FROM sbtest2 WHERE id=5073220
	-> <not executable by iterator executor>


table 3 : explain DELETE FROM sbtest3 WHERE id=1319030
	-> <not executable by iterator executor>


table 4 : explain DELETE FROM sbtest4 WHERE id=6166057
	-> <not executable by iterator executor>


table 5 : explain DELETE FROM sbtest5 WHERE id=8354991
	-> <not executable by iterator executor>


table 6 : explain DELETE FROM sbtest6 WHERE id=7510364
	-> <not executable by iterator executor>


table 7 : explain DELETE FROM sbtest7 WHERE id=3488866
	-> <not executable by iterator executor>


table 8 : explain DELETE FROM sbtest8 WHERE id=6494447
	-> <not executable by iterator executor>


explain: for deletes :: explain DELETE FROM sbtest%u WHERE id=%u
explain: for deletes :: explain DELETE FROM sbtest%u WHERE id=%u
explain: for non_index_updates :: explain UPDATE sbtest%u SET c='foobar' WHERE id=%u
for deletes
table 1 : explain DELETE FROM sbtest1 WHERE id=2190488
	-> <not executable by iterator executor>


table 2 : explain DELETE FROM sbtest2 WHERE id=1971197
	-> <not executable by iterator executor>


table 3 : explain DELETE FROM sbtest3 WHERE id=662778
	-> <not executable by iterator executor>


table 4 : explain DELETE FROM sbtest4 WHERE id=6246459
	-> <not executable by iterator executor>


table 5 : explain DELETE FROM sbtest5 WHERE id=3874500
	-> <not executable by iterator executor>


table 6 : explain DELETE FROM sbtest6 WHERE id=5208302
	-> <not executable by iterator executor>


table 7 : explain DELETE FROM sbtest7 WHERE id=2444367
	-> <not executable by iterator executor>


table 8 : explain DELETE FROM sbtest8 WHERE id=1395246
	-> <not executable by iterator executor>


explain: for deletes :: explain DELETE FROM sbtest%u WHERE id=%u
for deletes
table 1 : explain DELETE FROM sbtest1 WHERE id=3935737
	-> <not executable by iterator executor>


table 2 : explain DELETE FROM sbtest2 WHERE id=1828504
	-> <not executable by iterator executor>


table 3 : explain DELETE FROM sbtest3 WHERE id=6353721
	-> <not executable by iterator executor>


table 4 : explain DELETE FROM sbtest4 WHERE id=2172511
	-> <not executable by iterator executor>


table 5 : explain DELETE FROM sbtest5 WHERE id=6663752
	-> <not executable by iterator executor>


table 6 : explain DELETE FROM sbtest6 WHERE id=8865157
	-> <not executable by iterator executor>


table 7 : explain DELETE FROM sbtest7 WHERE id=4097223
	-> <not executable by iterator executor>


table 8 : explain DELETE FROM sbtest8 WHERE id=9518391
	-> <not executable by iterator executor>


for deletes
table 1 : explain DELETE FROM sbtest1 WHERE id=6846442
	-> <not executable by iterator executor>


table 2 : explain DELETE FROM sbtest2 WHERE id=3723605
	-> <not executable by iterator executor>


table 3 : explain DELETE FROM sbtest3 WHERE id=4839401
	-> <not executable by iterator executor>


table 4 : explain DELETE FROM sbtest4 WHERE id=7138808
	-> <not executable by iterator executor>


table 5 : explain DELETE FROM sbtest5 WHERE id=2797956
	-> <not executable by iterator executor>


table 6 : explain DELETE FROM sbtest6 WHERE id=6982513
	-> <not executable by iterator executor>


table 7 : explain DELETE FROM sbtest7 WHERE id=3054251
	-> <not executable by iterator executor>


table 8 : explain DELETE FROM sbtest8 WHERE id=5707223
	-> <not executable by iterator executor>


for deletes
table 1 : explain DELETE FROM sbtest1 WHERE id=3467938
	-> <not executable by iterator executor>


table 2 : explain DELETE FROM sbtest2 WHERE id=8994145
	-> <not executable by iterator executor>


table 3 : explain DELETE FROM sbtest3 WHERE id=6245022
	-> <not executable by iterator executor>


table 4 : explain DELETE FROM sbtest4 WHERE id=1583275
	-> <not executable by iterator executor>


table 5 : explain DELETE FROM sbtest5 WHERE id=9311048
	-> <not executable by iterator executor>


table 6 : explain DELETE FROM sbtest6 WHERE id=1338524
	-> <not executable by iterator executor>


table 7 : explain DELETE FROM sbtest7 WHERE id=5678717
	-> <not executable by iterator executor>


table 8 : explain DELETE FROM sbtest8 WHERE id=5030896
	-> <not executable by iterator executor>


explain: for deletes :: explain DELETE FROM sbtest%u WHERE id=%u
for deletes
table 1 : explain DELETE FROM sbtest1 WHERE id=4259015
	-> <not executable by iterator executor>


table 2 : explain DELETE FROM sbtest2 WHERE id=8460393
	-> <not executable by iterator executor>


table 3 : explain DELETE FROM sbtest3 WHERE id=7738209
	-> <not executable by iterator executor>


table 4 : explain DELETE FROM sbtest4 WHERE id=8792820
	-> <not executable by iterator executor>


table 5 : explain DELETE FROM sbtest5 WHERE id=1306096
	-> <not executable by iterator executor>


table 6 : explain DELETE FROM sbtest6 WHERE id=4151001
	-> <not executable by iterator executor>


table 7 : explain DELETE FROM sbtest7 WHERE id=831868
	-> <not executable by iterator executor>


table 8 : explain DELETE FROM sbtest8 WHERE id=7366017
	-> <not executable by iterator executor>


for non_index_updates
table 1 : explain UPDATE sbtest1 SET c='foobar' WHERE id=3507017
	-> <not executable by iterator executor>


table 2 : explain UPDATE sbtest2 SET c='foobar' WHERE id=8585667
	-> <not executable by iterator executor>


table 3 : explain UPDATE sbtest3 SET c='foobar' WHERE id=1175700
	-> <not executable by iterator executor>


table 4 : explain UPDATE sbtest4 SET c='foobar' WHERE id=6976980
	-> <not executable by iterator executor>


table 5 : explain UPDATE sbtest5 SET c='foobar' WHERE id=1706034
	-> <not executable by iterator executor>


table 6 : explain UPDATE sbtest6 SET c='foobar' WHERE id=3868766
	-> <not executable by iterator executor>


table 7 : explain UPDATE sbtest7 SET c='foobar' WHERE id=6931483
	-> <not executable by iterator executor>


table 8 : explain UPDATE sbtest8 SET c='foobar' WHERE id=956673
	-> <not executable by iterator executor>


explain: for deletes :: explain DELETE FROM sbtest%u WHERE id=%u
for deletes
table 1 : explain DELETE FROM sbtest1 WHERE id=7139342
	-> <not executable by iterator executor>


table 2 : explain DELETE FROM sbtest2 WHERE id=1592082
	-> <not executable by iterator executor>


table 3 : explain DELETE FROM sbtest3 WHERE id=3851003
	-> <not executable by iterator executor>


table 4 : explain DELETE FROM sbtest4 WHERE id=8689888
	-> <not executable by iterator executor>


table 5 : explain DELETE FROM sbtest5 WHERE id=3071972
	-> <not executable by iterator executor>


table 6 : explain DELETE FROM sbtest6 WHERE id=328793
	-> <not executable by iterator executor>


table 7 : explain DELETE FROM sbtest7 WHERE id=7526447
	-> <not executable by iterator executor>


table 8 : explain DELETE FROM sbtest8 WHERE id=583916
	-> <not executable by iterator executor>


for deletes
table 1 : explain DELETE FROM sbtest1 WHERE id=8133755
	-> <not executable by iterator executor>


table 2 : explain DELETE FROM sbtest2 WHERE id=5507163
	-> <not executable by iterator executor>


table 3 : explain DELETE FROM sbtest3 WHERE id=4094095
	-> <not executable by iterator executor>


table 4 : explain DELETE FROM sbtest4 WHERE id=730717
	-> <not executable by iterator executor>


table 5 : explain DELETE FROM sbtest5 WHERE id=3220245
	-> <not executable by iterator executor>


table 6 : explain DELETE FROM sbtest6 WHERE id=9611518
	-> <not executable by iterator executor>


table 7 : explain DELETE FROM sbtest7 WHERE id=4394083
	-> <not executable by iterator executor>


table 8 : explain DELETE FROM sbtest8 WHERE id=8282455
	-> <not executable by iterator executor>


explain: for non_index_updates :: explain UPDATE sbtest%u SET c='foobar' WHERE id=%u
explain: for deletes :: explain DELETE FROM sbtest%u WHERE id=%u
for deletes
table 1 : explain DELETE FROM sbtest1 WHERE id=579836
	-> <not executable by iterator executor>


table 2 : explain DELETE FROM sbtest2 WHERE id=7252539
	-> <not executable by iterator executor>


table 3 : explain DELETE FROM sbtest3 WHERE id=602419
	-> <not executable by iterator executor>


table 4 : explain DELETE FROM sbtest4 WHERE id=9538166
	-> <not executable by iterator executor>


table 5 : explain DELETE FROM sbtest5 WHERE id=3007246
	-> <not executable by iterator executor>


table 6 : explain DELETE FROM sbtest6 WHERE id=7958569
	-> <not executable by iterator executor>


table 7 : explain DELETE FROM sbtest7 WHERE id=2542846
	-> <not executable by iterator executor>


table 8 : explain DELETE FROM sbtest8 WHERE id=7467645
	-> <not executable by iterator executor>


for deletes
table 1 : explain DELETE FROM sbtest1 WHERE id=2834358
	-> <not executable by iterator executor>


table 2 : explain DELETE FROM sbtest2 WHERE id=2026933
	-> <not executable by iterator executor>


table 3 : explain DELETE FROM sbtest3 WHERE id=8664499
	-> <not executable by iterator executor>


table 4 : explain DELETE FROM sbtest4 WHERE id=2498854
	-> <not executable by iterator executor>


table 5 : explain DELETE FROM sbtest5 WHERE id=5789244
	-> <not executable by iterator executor>


table 6 : explain DELETE FROM sbtest6 WHERE id=1525134
	-> <not executable by iterator executor>


table 7 : explain DELETE FROM sbtest7 WHERE id=4456043
	-> <not executable by iterator executor>


table 8 : explain DELETE FROM sbtest8 WHERE id=1002114
	-> <not executable by iterator executor>


explain: for deletes :: explain DELETE FROM sbtest%u WHERE id=%u
for non_index_updates
table 1 : explain UPDATE sbtest1 SET c='foobar' WHERE id=2781293
	-> <not executable by iterator executor>


table 2 : explain UPDATE sbtest2 SET c='foobar' WHERE id=5480841
	-> <not executable by iterator executor>


table 3 : explain UPDATE sbtest3 SET c='foobar' WHERE id=2962207
	-> <not executable by iterator executor>


table 4 : explain UPDATE sbtest4 SET c='foobar' WHERE id=919232
	-> <not executable by iterator executor>


table 5 : explain UPDATE sbtest5 SET c='foobar' WHERE id=6529565
	-> <not executable by iterator executor>


table 6 : explain UPDATE sbtest6 SET c='foobar' WHERE id=8742506
	-> <not executable by iterator executor>


table 7 : explain UPDATE sbtest7 SET c='foobar' WHERE id=8769859
	-> <not executable by iterator executor>


table 8 : explain UPDATE sbtest8 SET c='foobar' WHERE id=8952675
	-> <not executable by iterator executor>


explain: for deletes :: explain DELETE FROM sbtest%u WHERE id=%u
for deletes
table 1 : explain DELETE FROM sbtest1 WHERE id=6161796
	-> <not executable by iterator executor>


table 2 : explain DELETE FROM sbtest2 WHERE id=3266124
	-> <not executable by iterator executor>


table 3 : explain DELETE FROM sbtest3 WHERE id=6264392
	-> <not executable by iterator executor>


table 4 : explain DELETE FROM sbtest4 WHERE id=6486665
	-> <not executable by iterator executor>


table 5 : explain DELETE FROM sbtest5 WHERE id=2570456
	-> <not executable by iterator executor>


table 6 : explain DELETE FROM sbtest6 WHERE id=7140765
	-> <not executable by iterator executor>


table 7 : explain DELETE FROM sbtest7 WHERE id=9856859
	-> <not executable by iterator executor>


table 8 : explain DELETE FROM sbtest8 WHERE id=8331551
	-> <not executable by iterator executor>


explain: for deletes :: explain DELETE FROM sbtest%u WHERE id=%u
for deletes
table 1 : explain DELETE FROM sbtest1 WHERE id=2616505
	-> <not executable by iterator executor>


table 2 : explain DELETE FROM sbtest2 WHERE id=4757214
	-> <not executable by iterator executor>


table 3 : explain DELETE FROM sbtest3 WHERE id=8649445
	-> <not executable by iterator executor>


table 4 : explain DELETE FROM sbtest4 WHERE id=5754790
	-> <not executable by iterator executor>


table 5 : explain DELETE FROM sbtest5 WHERE id=9771233
	-> <not executable by iterator executor>


table 6 : explain DELETE FROM sbtest6 WHERE id=710422
	-> <not executable by iterator executor>


table 7 : explain DELETE FROM sbtest7 WHERE id=5978125
	-> <not executable by iterator executor>


table 8 : explain DELETE FROM sbtest8 WHERE id=453433
	-> <not executable by iterator executor>

explain: for deletes :: explain DELETE FROM sbtest%u WHERE id=%u
explain: for non_index_updates :: explain UPDATE sbtest%u SET c='foobar' WHERE id=%u

for deletes
table 1 : explain DELETE FROM sbtest1 WHERE id=2779622
	-> <not executable by iterator executor>


table 2 : explain DELETE FROM sbtest2 WHERE id=3494276
	-> <not executable by iterator executor>


table 3 : explain DELETE FROM sbtest3 WHERE id=8581495
	-> <not executable by iterator executor>


table 4 : explain DELETE FROM sbtest4 WHERE id=1615006
	-> <not executable by iterator executor>


table 5 : explain DELETE FROM sbtest5 WHERE id=7774538
	-> <not executable by iterator executor>


table 6 : explain DELETE FROM sbtest6 WHERE id=6006405
	-> <not executable by iterator executor>


table 7 : explain DELETE FROM sbtest7 WHERE id=2603190
	-> <not executable by iterator executor>


table 8 : explain DELETE FROM sbtest8 WHERE id=9166966
	-> <not executable by iterator executor>


for deletes
table 1 : explain DELETE FROM sbtest1 WHERE id=631618
	-> <not executable by iterator executor>


table 2 : explain DELETE FROM sbtest2 WHERE id=6391855
	-> <not executable by iterator executor>


table 3 : explain DELETE FROM sbtest3 WHERE id=5341480
	-> <not executable by iterator executor>


table 4 : explain DELETE FROM sbtest4 WHERE id=4450917
	-> <not executable by iterator executor>


table 5 : explain DELETE FROM sbtest5 WHERE id=8989340
	-> <not executable by iterator executor>


table 6 : explain DELETE FROM sbtest6 WHERE id=7976118
	-> <not executable by iterator executor>


table 7 : explain DELETE FROM sbtest7 WHERE id=8093671
	-> <not executable by iterator executor>


table 8 : explain DELETE FROM sbtest8 WHERE id=9711378
	-> <not executable by iterator executor>


for non_index_updates
table 1 : explain UPDATE sbtest1 SET c='foobar' WHERE id=4717021
	-> <not executable by iterator executor>


table 2 : explain UPDATE sbtest2 SET c='foobar' WHERE id=7978999
	-> <not executable by iterator executor>


table 3 : explain UPDATE sbtest3 SET c='foobar' WHERE id=5591402
	-> <not executable by iterator executor>


table 4 : explain UPDATE sbtest4 SET c='foobar' WHERE id=6167062
	-> <not executable by iterator executor>


table 5 : explain UPDATE sbtest5 SET c='foobar' WHERE id=9413410
	-> <not executable by iterator executor>


table 6 : explain UPDATE sbtest6 SET c='foobar' WHERE id=2596924
	-> <not executable by iterator executor>


table 7 : explain UPDATE sbtest7 SET c='foobar' WHERE id=3741080
	-> <not executable by iterator executor>


table 8 : explain UPDATE sbtest8 SET c='foobar' WHERE id=2118284
	-> <not executable by iterator executor>


for deletes
table 1 : explain DELETE FROM sbtest1 WHERE id=9854141
	-> <not executable by iterator executor>


table 2 : explain DELETE FROM sbtest2 WHERE id=346520
	-> <not executable by iterator executor>


table 3 : explain DELETE FROM sbtest3 WHERE id=5916657
	-> <not executable by iterator executor>


table 4 : explain DELETE FROM sbtest4 WHERE id=833597
	-> <not executable by iterator executor>


table 5 : explain DELETE FROM sbtest5 WHERE id=700135
	-> <not executable by iterator executor>


table 6 : explain DELETE FROM sbtest6 WHERE id=7826245
	-> <not executable by iterator executor>


table 7 : explain DELETE FROM sbtest7 WHERE id=6194533
	-> <not executable by iterator executor>


table 8 : explain DELETE FROM sbtest8 WHERE id=5555924
	-> <not executable by iterator executor>


for deletes
table 1 : explain DELETE FROM sbtest1 WHERE id=9124839
	-> <not executable by iterator executor>


table 2 : explain DELETE FROM sbtest2 WHERE id=1498932
	-> <not executable by iterator executor>


table 3 : explain DELETE FROM sbtest3 WHERE id=895087
	-> <not executable by iterator executor>


table 4 : explain DELETE FROM sbtest4 WHERE id=555666
	-> <not executable by iterator executor>


table 5 : explain DELETE FROM sbtest5 WHERE id=6676469
	-> <not executable by iterator executor>


table 6 : explain DELETE FROM sbtest6 WHERE id=7685537
	-> <not executable by iterator executor>


table 7 : explain DELETE FROM sbtest7 WHERE id=4914441
	-> <not executable by iterator executor>


table 8 : explain DELETE FROM sbtest8 WHERE id=9725215
	-> <not executable by iterator executor>


for deletes
table 1 : explain DELETE FROM sbtest1 WHERE id=3959969
	-> <not executable by iterator executor>


table 2 : explain DELETE FROM sbtest2 WHERE id=7777169
	-> <not executable by iterator executor>


table 3 : explain DELETE FROM sbtest3 WHERE id=1349263
	-> <not executable by iterator executor>


table 4 : explain DELETE FROM sbtest4 WHERE id=6637434
	-> <not executable by iterator executor>


table 5 : explain DELETE FROM sbtest5 WHERE id=517990
	-> <not executable by iterator executor>


table 6 : explain DELETE FROM sbtest6 WHERE id=1219877
	-> <not executable by iterator executor>


table 7 : explain DELETE FROM sbtest7 WHERE id=2010645
	-> <not executable by iterator executor>


table 8 : explain DELETE FROM sbtest8 WHERE id=8844025
	-> <not executable by iterator executor>


for deletes
table 1 : explain DELETE FROM sbtest1 WHERE id=6487300
	-> <not executable by iterator executor>


table 2 : explain DELETE FROM sbtest2 WHERE id=9845783
	-> <not executable by iterator executor>


table 3 : explain DELETE FROM sbtest3 WHERE id=3109956
	-> <not executable by iterator executor>


table 4 : explain DELETE FROM sbtest4 WHERE id=3940631
	-> <not executable by iterator executor>


table 5 : explain DELETE FROM sbtest5 WHERE id=8766147
	-> <not executable by iterator executor>


table 6 : explain DELETE FROM sbtest6 WHERE id=6350388
	-> <not executable by iterator executor>


table 7 : explain DELETE FROM sbtest7 WHERE id=2509482
	-> <not executable by iterator executor>


table 8 : explain DELETE FROM sbtest8 WHERE id=6349962
	-> <not executable by iterator executor>


for non_index_updates
table 1 : explain UPDATE sbtest1 SET c='foobar' WHERE id=1918974
	-> <not executable by iterator executor>


table 2 : explain UPDATE sbtest2 SET c='foobar' WHERE id=664976
	-> <not executable by iterator executor>


table 3 : explain UPDATE sbtest3 SET c='foobar' WHERE id=3316375
	-> <not executable by iterator executor>


table 4 : explain UPDATE sbtest4 SET c='foobar' WHERE id=9548308
	-> <not executable by iterator executor>


table 5 : explain UPDATE sbtest5 SET c='foobar' WHERE id=7573312
	-> <not executable by iterator executor>


table 6 : explain UPDATE sbtest6 SET c='foobar' WHERE id=1685300
	-> <not executable by iterator executor>


table 7 : explain UPDATE sbtest7 SET c='foobar' WHERE id=308843
	-> <not executable by iterator executor>


table 8 : explain UPDATE sbtest8 SET c='foobar' WHERE id=8739656
	-> <not executable by iterator executor>


for deletes
table 1 : explain DELETE FROM sbtest1 WHERE id=9995243
	-> <not executable by iterator executor>


table 2 : explain DELETE FROM sbtest2 WHERE id=2458071
	-> <not executable by iterator executor>


table 3 : explain DELETE FROM sbtest3 WHERE id=2006402
	-> <not executable by iterator executor>


table 4 : explain DELETE FROM sbtest4 WHERE id=6169574
	-> <not executable by iterator executor>


table 5 : explain DELETE FROM sbtest5 WHERE id=5327105
	-> <not executable by iterator executor>


table 6 : explain DELETE FROM sbtest6 WHERE id=766585
	-> <not executable by iterator executor>


table 7 : explain DELETE FROM sbtest7 WHERE id=5277826
	-> <not executable by iterator executor>


table 8 : explain DELETE FROM sbtest8 WHERE id=1982030
	-> <not executable by iterator executor>


for non_index_updates
table 1 : explain UPDATE sbtest1 SET c='foobar' WHERE id=3285069
	-> <not executable by iterator executor>


table 2 : explain UPDATE sbtest2 SET c='foobar' WHERE id=6497218
	-> <not executable by iterator executor>


table 3 : explain UPDATE sbtest3 SET c='foobar' WHERE id=9941045
	-> <not executable by iterator executor>


table 4 : explain UPDATE sbtest4 SET c='foobar' WHERE id=7522183
	-> <not executable by iterator executor>


table 5 : explain UPDATE sbtest5 SET c='foobar' WHERE id=4787795
	-> <not executable by iterator executor>


table 6 : explain UPDATE sbtest6 SET c='foobar' WHERE id=6530256
	-> <not executable by iterator executor>


table 7 : explain UPDATE sbtest7 SET c='foobar' WHERE id=105787
	-> <not executable by iterator executor>


table 8 : explain UPDATE sbtest8 SET c='foobar' WHERE id=7563120
	-> <not executable by iterator executor>


for deletes
table 1 : explain DELETE FROM sbtest1 WHERE id=989998
	-> <not executable by iterator executor>


table 2 : explain DELETE FROM sbtest2 WHERE id=8222120
	-> <not executable by iterator executor>


table 3 : explain DELETE FROM sbtest3 WHERE id=7198792
	-> <not executable by iterator executor>


table 4 : explain DELETE FROM sbtest4 WHERE id=3428882
	-> <not executable by iterator executor>


table 5 : explain DELETE FROM sbtest5 WHERE id=5922367
	-> <not executable by iterator executor>


table 6 : explain DELETE FROM sbtest6 WHERE id=3706582
	-> <not executable by iterator executor>


table 7 : explain DELETE FROM sbtest7 WHERE id=3603119
	-> <not executable by iterator executor>


table 8 : explain DELETE FROM sbtest8 WHERE id=9795552
	-> <not executable by iterator executor>


for deletes
table 1 : explain DELETE FROM sbtest1 WHERE id=2593249
	-> <not executable by iterator executor>


table 2 : explain DELETE FROM sbtest2 WHERE id=412485
	-> <not executable by iterator executor>


table 3 : explain DELETE FROM sbtest3 WHERE id=2554671
	-> <not executable by iterator executor>


table 4 : explain DELETE FROM sbtest4 WHERE id=3215327
	-> <not executable by iterator executor>


table 5 : explain DELETE FROM sbtest5 WHERE id=1711431
	-> <not executable by iterator executor>


table 6 : explain DELETE FROM sbtest6 WHERE id=825272
	-> <not executable by iterator executor>


table 7 : explain DELETE FROM sbtest7 WHERE id=5742444
	-> <not executable by iterator executor>


table 8 : explain DELETE FROM sbtest8 WHERE id=4490324
	-> <not executable by iterator executor>


for deletes
table 1 : explain DELETE FROM sbtest1 WHERE id=5289113
	-> <not executable by iterator executor>


table 2 : explain DELETE FROM sbtest2 WHERE id=1341552
	-> <not executable by iterator executor>


table 3 : explain DELETE FROM sbtest3 WHERE id=6484766
	-> <not executable by iterator executor>


table 4 : explain DELETE FROM sbtest4 WHERE id=5995217
	-> <not executable by iterator executor>


table 5 : explain DELETE FROM sbtest5 WHERE id=3725635
	-> <not executable by iterator executor>


table 6 : explain DELETE FROM sbtest6 WHERE id=1462979
	-> <not executable by iterator executor>


table 7 : explain DELETE FROM sbtest7 WHERE id=406120
	-> <not executable by iterator executor>


table 8 : explain DELETE FROM sbtest8 WHERE id=3630452
	-> <not executable by iterator executor>


explain: for deletes :: explain DELETE FROM sbtest%u WHERE id=%u
for deletes
table 1 : explain DELETE FROM sbtest1 WHERE id=6181814
	-> <not executable by iterator executor>


table 2 : explain DELETE FROM sbtest2 WHERE id=7487521
	-> <not executable by iterator executor>


table 3 : explain DELETE FROM sbtest3 WHERE id=6620533
	-> <not executable by iterator executor>


table 4 : explain DELETE FROM sbtest4 WHERE id=1668012
	-> <not executable by iterator executor>


table 5 : explain DELETE FROM sbtest5 WHERE id=8793784
	-> <not executable by iterator executor>


table 6 : explain DELETE FROM sbtest6 WHERE id=4767665
	-> <not executable by iterator executor>


table 7 : explain DELETE FROM sbtest7 WHERE id=2435633
	-> <not executable by iterator executor>


table 8 : explain DELETE FROM sbtest8 WHERE id=9477774
	-> <not executable by iterator executor>


explain: for inserts :: explain INSERT INTO sbtest%u (id, k, c, pad) VALUES (%u, 13, 'foobar', 'foobar')
explain: for deletes :: explain DELETE FROM sbtest%u WHERE id=%u
for deletes
table 1 : explain DELETE FROM sbtest1 WHERE id=3114464
	-> <not executable by iterator executor>


table 2 : explain DELETE FROM sbtest2 WHERE id=1711336
	-> <not executable by iterator executor>


table 3 : explain DELETE FROM sbtest3 WHERE id=7170668
	-> <not executable by iterator executor>


table 4 : explain DELETE FROM sbtest4 WHERE id=7196479
	-> <not executable by iterator executor>


table 5 : explain DELETE FROM sbtest5 WHERE id=2535481
	-> <not executable by iterator executor>


table 6 : explain DELETE FROM sbtest6 WHERE id=4748249
	-> <not executable by iterator executor>


table 7 : explain DELETE FROM sbtest7 WHERE id=7805665
	-> <not executable by iterator executor>


table 8 : explain DELETE FROM sbtest8 WHERE id=672905
	-> <not executable by iterator executor>


explain: for deletes :: explain DELETE FROM sbtest%u WHERE id=%u
explain: for non_index_updates :: explain UPDATE sbtest%u SET c='foobar' WHERE id=%u
explain: for deletes :: explain DELETE FROM sbtest%u WHERE id=%u
explain: for inserts :: explain INSERT INTO sbtest%u (id, k, c, pad) VALUES (%u, 13, 'foobar', 'foobar')
for inserts
table 1 : explain INSERT INTO sbtest1 (id, k, c, pad) VALUES (2445151, 13, 'foobar', 'foobar')
	-> Insert into sbtest1
    -> Rows fetched before execution


table 2 : explain INSERT INTO sbtest2 (id, k, c, pad) VALUES (7532201, 13, 'foobar', 'foobar')
	-> Insert into sbtest2
    -> Rows fetched before execution


table 3 : explain INSERT INTO sbtest3 (id, k, c, pad) VALUES (901936, 13, 'foobar', 'foobar')
	-> Insert into sbtest3
    -> Rows fetched before execution


table 4 : explain INSERT INTO sbtest4 (id, k, c, pad) VALUES (9138429, 13, 'foobar', 'foobar')
	-> Insert into sbtest4
    -> Rows fetched before execution


table 5 : explain INSERT INTO sbtest5 (id, k, c, pad) VALUES (1709994, 13, 'foobar', 'foobar')
	-> Insert into sbtest5
    -> Rows fetched before execution


table 6 : explain INSERT INTO sbtest6 (id, k, c, pad) VALUES (7114802, 13, 'foobar', 'foobar')
	-> Insert into sbtest6
    -> Rows fetched before execution


table 7 : explain INSERT INTO sbtest7 (id, k, c, pad) VALUES (2891006, 13, 'foobar', 'foobar')
	-> Insert into sbtest7
    -> Rows fetched before execution


table 8 : explain INSERT INTO sbtest8 (id, k, c, pad) VALUES (5430962, 13, 'foobar', 'foobar')
	-> Insert into sbtest8
    -> Rows fetched before execution


explain: for deletes :: explain DELETE FROM sbtest%u WHERE id=%u
for deletes
table 1 : explain DELETE FROM sbtest1 WHERE id=2779237
	-> <not executable by iterator executor>


table 2 : explain DELETE FROM sbtest2 WHERE id=7506154
	-> <not executable by iterator executor>


table 3 : explain DELETE FROM sbtest3 WHERE id=7785493
	-> <not executable by iterator executor>


table 4 : explain DELETE FROM sbtest4 WHERE id=2160997
	-> <not executable by iterator executor>


table 5 : explain DELETE FROM sbtest5 WHERE id=6622384
	-> <not executable by iterator executor>


table 6 : explain DELETE FROM sbtest6 WHERE id=4326904
	-> <not executable by iterator executor>


table 7 : explain DELETE FROM sbtest7 WHERE id=8943325
	-> <not executable by iterator executor>


table 8 : explain DELETE FROM sbtest8 WHERE id=3824375
	-> <not executable by iterator executor>


explain: for deletes :: explain DELETE FROM sbtest%u WHERE id=%u
for deletes
table 1 : explain DELETE FROM sbtest1 WHERE id=5917487
	-> <not executable by iterator executor>


table 2 : explain DELETE FROM sbtest2 WHERE id=9554194
	-> <not executable by iterator executor>


table 3 : explain DELETE FROM sbtest3 WHERE id=9785910
	-> <not executable by iterator executor>


table 4 : explain DELETE FROM sbtest4 WHERE id=3455872
	-> <not executable by iterator executor>


table 5 : explain DELETE FROM sbtest5 WHERE id=9290022
	-> <not executable by iterator executor>


table 6 : explain DELETE FROM sbtest6 WHERE id=8426030
	-> <not executable by iterator executor>


table 7 : explain DELETE FROM sbtest7 WHERE id=1699310
	-> <not executable by iterator executor>


table 8 : explain DELETE FROM sbtest8 WHERE id=4202973
	-> <not executable by iterator executor>


explain: for inserts :: explain INSERT INTO sbtest%u (id, k, c, pad) VALUES (%u, 13, 'foobar', 'foobar')
explain: for inserts :: explain INSERT INTO sbtest%u (id, k, c, pad) VALUES (%u, 13, 'foobar', 'foobar')
explain: for inserts :: explain INSERT INTO sbtest%u (id, k, c, pad) VALUES (%u, 13, 'foobar', 'foobar')
for inserts
table 1 : explain INSERT INTO sbtest1 (id, k, c, pad) VALUES (80372, 13, 'foobar', 'foobar')
	-> Insert into sbtest1
    -> Rows fetched before execution


table 2 : explain INSERT INTO sbtest2 (id, k, c, pad) VALUES (3658023, 13, 'foobar', 'foobar')
	-> Insert into sbtest2
    -> Rows fetched before execution


table 3 : explain INSERT INTO sbtest3 (id, k, c, pad) VALUES (2926915, 13, 'foobar', 'foobar')
	-> Insert into sbtest3
    -> Rows fetched before execution


table 4 : explain INSERT INTO sbtest4 (id, k, c, pad) VALUES (2838305, 13, 'foobar', 'foobar')
	-> Insert into sbtest4
    -> Rows fetched before execution


table 5 : explain INSERT INTO sbtest5 (id, k, c, pad) VALUES (3021253, 13, 'foobar', 'foobar')
	-> Insert into sbtest5
    -> Rows fetched before execution


table 6 : explain INSERT INTO sbtest6 (id, k, c, pad) VALUES (193681, 13, 'foobar', 'foobar')
	-> Insert into sbtest6
    -> Rows fetched before execution


table 7 : explain INSERT INTO sbtest7 (id, k, c, pad) VALUES (6415124, 13, 'foobar', 'foobar')
	-> Insert into sbtest7
    -> Rows fetched before execution


table 8 : explain INSERT INTO sbtest8 (id, k, c, pad) VALUES (7896107, 13, 'foobar', 'foobar')
	-> Insert into sbtest8
    -> Rows fetched before execution


explain: for inserts :: explain INSERT INTO sbtest%u (id, k, c, pad) VALUES (%u, 13, 'foobar', 'foobar')
for non_index_updates
table 1 : explain UPDATE sbtest1 SET c='foobar' WHERE id=1296710
	-> <not executable by iterator executor>


table 2 : explain UPDATE sbtest2 SET c='foobar' WHERE id=3615450
	-> <not executable by iterator executor>


table 3 : explain UPDATE sbtest3 SET c='foobar' WHERE id=7705472
	-> <not executable by iterator executor>


table 4 : explain UPDATE sbtest4 SET c='foobar' WHERE id=6713985
	-> <not executable by iterator executor>


table 5 : explain UPDATE sbtest5 SET c='foobar' WHERE id=2496533
	-> <not executable by iterator executor>


table 6 : explain UPDATE sbtest6 SET c='foobar' WHERE id=5210356
	-> <not executable by iterator executor>


table 7 : explain UPDATE sbtest7 SET c='foobar' WHERE id=5959474
	-> <not executable by iterator executor>


table 8 : explain UPDATE sbtest8 SET c='foobar' WHERE id=7813390
	-> <not executable by iterator executor>


explain: for inserts :: explain INSERT INTO sbtest%u (id, k, c, pad) VALUES (%u, 13, 'foobar', 'foobar')
explain: for inserts :: explain INSERT INTO sbtest%u (id, k, c, pad) VALUES (%u, 13, 'foobar', 'foobar')
explain: for inserts :: explain INSERT INTO sbtest%u (id, k, c, pad) VALUES (%u, 13, 'foobar', 'foobar')
explain: for inserts :: explain INSERT INTO sbtest%u (id, k, c, pad) VALUES (%u, 13, 'foobar', 'foobar')
for deletes
table 1 : explain DELETE FROM sbtest1 WHERE id=4934118
	-> <not executable by iterator executor>


table 2 : explain DELETE FROM sbtest2 WHERE id=2154030
	-> <not executable by iterator executor>


table 3 : explain DELETE FROM sbtest3 WHERE id=140485
	-> <not executable by iterator executor>


table 4 : explain DELETE FROM sbtest4 WHERE id=1583777
	-> <not executable by iterator executor>


table 5 : explain DELETE FROM sbtest5 WHERE id=9889381
	-> <not executable by iterator executor>


table 6 : explain DELETE FROM sbtest6 WHERE id=606002
	-> <not executable by iterator executor>


table 7 : explain DELETE FROM sbtest7 WHERE id=5623095
	-> <not executable by iterator executor>


table 8 : explain DELETE FROM sbtest8 WHERE id=5332688
	-> <not executable by iterator executor>


explain: for inserts :: explain INSERT INTO sbtest%u (id, k, c, pad) VALUES (%u, 13, 'foobar', 'foobar')
explain: for inserts :: explain INSERT INTO sbtest%u (id, k, c, pad) VALUES (%u, 13, 'foobar', 'foobar')
for inserts
table 1 : explain INSERT INTO sbtest1 (id, k, c, pad) VALUES (1713919, 13, 'foobar', 'foobar')
	-> Insert into sbtest1
    -> Rows fetched before execution


table 2 : explain INSERT INTO sbtest2 (id, k, c, pad) VALUES (5818651, 13, 'foobar', 'foobar')
	-> Insert into sbtest2
    -> Rows fetched before execution


table 3 : explain INSERT INTO sbtest3 (id, k, c, pad) VALUES (5106645, 13, 'foobar', 'foobar')
	-> Insert into sbtest3
    -> Rows fetched before execution


table 4 : explain INSERT INTO sbtest4 (id, k, c, pad) VALUES (2251376, 13, 'foobar', 'foobar')
	-> Insert into sbtest4
    -> Rows fetched before execution


table 5 : explain INSERT INTO sbtest5 (id, k, c, pad) VALUES (1661197, 13, 'foobar', 'foobar')
	-> Insert into sbtest5
    -> Rows fetched before execution


table 6 : explain INSERT INTO sbtest6 (id, k, c, pad) VALUES (6834150, 13, 'foobar', 'foobar')
	-> Insert into sbtest6
    -> Rows fetched before execution


table 7 : explain INSERT INTO sbtest7 (id, k, c, pad) VALUES (3305295, 13, 'foobar', 'foobar')
	-> Insert into sbtest7
    -> Rows fetched before execution


table 8 : explain INSERT INTO sbtest8 (id, k, c, pad) VALUES (4741627, 13, 'foobar', 'foobar')
	-> Insert into sbtest8
    -> Rows fetched before execution


for inserts
table 1 : explain INSERT INTO sbtest1 (id, k, c, pad) VALUES (3222703, 13, 'foobar', 'foobar')
	-> Insert into sbtest1
    -> Rows fetched before execution


table 2 : explain INSERT INTO sbtest2 (id, k, c, pad) VALUES (6902489, 13, 'foobar', 'foobar')
	-> Insert into sbtest2
    -> Rows fetched before execution


table 3 : explain INSERT INTO sbtest3 (id, k, c, pad) VALUES (2729717, 13, 'foobar', 'foobar')
	-> Insert into sbtest3
    -> Rows fetched before execution


table 4 : explain INSERT INTO sbtest4 (id, k, c, pad) VALUES (8661078, 13, 'foobar', 'foobar')
	-> Insert into sbtest4
    -> Rows fetched before execution


table 5 : explain INSERT INTO sbtest5 (id, k, c, pad) VALUES (7417663, 13, 'foobar', 'foobar')
	-> Insert into sbtest5
    -> Rows fetched before execution


table 6 : explain INSERT INTO sbtest6 (id, k, c, pad) VALUES (4792037, 13, 'foobar', 'foobar')
	-> Insert into sbtest6
    -> Rows fetched before execution


table 7 : explain INSERT INTO sbtest7 (id, k, c, pad) VALUES (2914109, 13, 'foobar', 'foobar')
	-> Insert into sbtest7
    -> Rows fetched before execution


table 8 : explain INSERT INTO sbtest8 (id, k, c, pad) VALUES (8261488, 13, 'foobar', 'foobar')
	-> Insert into sbtest8
    -> Rows fetched before execution


explain: for inserts :: explain INSERT INTO sbtest%u (id, k, c, pad) VALUES (%u, 13, 'foobar', 'foobar')
for inserts
table 1 : explain INSERT INTO sbtest1 (id, k, c, pad) VALUES (1121880, 13, 'foobar', 'foobar')
	-> Insert into sbtest1
    -> Rows fetched before execution


table 2 : explain INSERT INTO sbtest2 (id, k, c, pad) VALUES (6220037, 13, 'foobar', 'foobar')
	-> Insert into sbtest2
    -> Rows fetched before execution


table 3 : explain INSERT INTO sbtest3 (id, k, c, pad) VALUES (7473841, 13, 'foobar', 'foobar')
	-> Insert into sbtest3
    -> Rows fetched before execution


table 4 : explain INSERT INTO sbtest4 (id, k, c, pad) VALUES (2340198, 13, 'foobar', 'foobar')
	-> Insert into sbtest4
    -> Rows fetched before execution


table 5 : explain INSERT INTO sbtest5 (id, k, c, pad) VALUES (8065250, 13, 'foobar', 'foobar')
	-> Insert into sbtest5
    -> Rows fetched before execution


table 6 : explain INSERT INTO sbtest6 (id, k, c, pad) VALUES (3038529, 13, 'foobar', 'foobar')
	-> Insert into sbtest6
    -> Rows fetched before execution


table 7 : explain INSERT INTO sbtest7 (id, k, c, pad) VALUES (5107843, 13, 'foobar', 'foobar')
	-> Insert into sbtest7
    -> Rows fetched before execution


table 8 : explain INSERT INTO sbtest8 (id, k, c, pad) VALUES (8499346, 13, 'foobar', 'foobar')
	-> Insert into sbtest8
    -> Rows fetched before execution


for inserts
table 1 : explain INSERT INTO sbtest1 (id, k, c, pad) VALUES (3030703, 13, 'foobar', 'foobar')
	-> Insert into sbtest1
    -> Rows fetched before execution


table 2 : explain INSERT INTO sbtest2 (id, k, c, pad) VALUES (5767341, 13, 'foobar', 'foobar')
	-> Insert into sbtest2
    -> Rows fetched before execution


table 3 : explain INSERT INTO sbtest3 (id, k, c, pad) VALUES (69262, 13, 'foobar', 'foobar')
	-> Insert into sbtest3
    -> Rows fetched before execution


table 4 : explain INSERT INTO sbtest4 (id, k, c, pad) VALUES (1273740, 13, 'foobar', 'foobar')
	-> Insert into sbtest4
    -> Rows fetched before execution


table 5 : explain INSERT INTO sbtest5 (id, k, c, pad) VALUES (9600725, 13, 'foobar', 'foobar')
	-> Insert into sbtest5
    -> Rows fetched before execution


table 6 : explain INSERT INTO sbtest6 (id, k, c, pad) VALUES (4944400, 13, 'foobar', 'foobar')
	-> Insert into sbtest6
    -> Rows fetched before execution


table 7 : explain INSERT INTO sbtest7 (id, k, c, pad) VALUES (6563071, 13, 'foobar', 'foobar')
	-> Insert into sbtest7
    -> Rows fetched before execution


table 8 : explain INSERT INTO sbtest8 (id, k, c, pad) VALUES (2760485, 13, 'foobar', 'foobar')
	-> Insert into sbtest8
    -> Rows fetched before execution


explain: for inserts :: explain INSERT INTO sbtest%u (id, k, c, pad) VALUES (%u, 13, 'foobar', 'foobar')
for inserts
table 1 : explain INSERT INTO sbtest1 (id, k, c, pad) VALUES (125402, 13, 'foobar', 'foobar')
	-> Insert into sbtest1
    -> Rows fetched before execution


table 2 : explain INSERT INTO sbtest2 (id, k, c, pad) VALUES (4093635, 13, 'foobar', 'foobar')
	-> Insert into sbtest2
    -> Rows fetched before execution


table 3 : explain INSERT INTO sbtest3 (id, k, c, pad) VALUES (1132308, 13, 'foobar', 'foobar')
	-> Insert into sbtest3
    -> Rows fetched before execution


table 4 : explain INSERT INTO sbtest4 (id, k, c, pad) VALUES (6501967, 13, 'foobar', 'foobar')
	-> Insert into sbtest4
    -> Rows fetched before execution


table 5 : explain INSERT INTO sbtest5 (id, k, c, pad) VALUES (2979662, 13, 'foobar', 'foobar')
	-> Insert into sbtest5
    -> Rows fetched before execution


table 6 : explain INSERT INTO sbtest6 (id, k, c, pad) VALUES (2255405, 13, 'foobar', 'foobar')
	-> Insert into sbtest6
    -> Rows fetched before execution


table 7 : explain INSERT INTO sbtest7 (id, k, c, pad) VALUES (1213065, 13, 'foobar', 'foobar')
	-> Insert into sbtest7
    -> Rows fetched before execution


table 8 : explain INSERT INTO sbtest8 (id, k, c, pad) VALUES (21714, 13, 'foobar', 'foobar')
	-> Insert into sbtest8
    -> Rows fetched before execution


for inserts
table 1 : explain INSERT INTO sbtest1 (id, k, c, pad) VALUES (4412548, 13, 'foobar', 'foobar')
	-> Insert into sbtest1
    -> Rows fetched before execution


table 2 : explain INSERT INTO sbtest2 (id, k, c, pad) VALUES (4492426, 13, 'foobar', 'foobar')
	-> Insert into sbtest2
    -> Rows fetched before execution


table 3 : explain INSERT INTO sbtest3 (id, k, c, pad) VALUES (7000471, 13, 'foobar', 'foobar')
	-> Insert into sbtest3
    -> Rows fetched before execution


table 4 : explain INSERT INTO sbtest4 (id, k, c, pad) VALUES (5122213, 13, 'foobar', 'foobar')
	-> Insert into sbtest4
    -> Rows fetched before execution


table 5 : explain INSERT INTO sbtest5 (id, k, c, pad) VALUES (6312488, 13, 'foobar', 'foobar')
	-> Insert into sbtest5
    -> Rows fetched before execution


table 6 : explain INSERT INTO sbtest6 (id, k, c, pad) VALUES (9295877, 13, 'foobar', 'foobar')
	-> Insert into sbtest6
    -> Rows fetched before execution


table 7 : explain INSERT INTO sbtest7 (id, k, c, pad) VALUES (2812781, 13, 'foobar', 'foobar')
	-> Insert into sbtest7
    -> Rows fetched before execution


table 8 : explain INSERT INTO sbtest8 (id, k, c, pad) VALUES (3355244, 13, 'foobar', 'foobar')
	-> Insert into sbtest8
    -> Rows fetched before execution


for deletes
table 1 : explain DELETE FROM sbtest1 WHERE id=2348519
	-> <not executable by iterator executor>


table 2 : explain DELETE FROM sbtest2 WHERE id=6794432
	-> <not executable by iterator executor>


table 3 : explain DELETE FROM sbtest3 WHERE id=36784
	-> <not executable by iterator executor>


table 4 : explain DELETE FROM sbtest4 WHERE id=2704412
	-> <not executable by iterator executor>


table 5 : explain DELETE FROM sbtest5 WHERE id=6297466
	-> <not executable by iterator executor>


table 6 : explain DELETE FROM sbtest6 WHERE id=6905162
	-> <not executable by iterator executor>


table 7 : explain DELETE FROM sbtest7 WHERE id=5501456
	-> <not executable by iterator executor>


table 8 : explain DELETE FROM sbtest8 WHERE id=6693517
	-> <not executable by iterator executor>


for inserts
table 1 : explain INSERT INTO sbtest1 (id, k, c, pad) VALUES (9211409, 13, 'foobar', 'foobar')
	-> Insert into sbtest1
    -> Rows fetched before execution


table 2 : explain INSERT INTO sbtest2 (id, k, c, pad) VALUES (5505172, 13, 'foobar', 'foobar')
	-> Insert into sbtest2
    -> Rows fetched before execution


table 3 : explain INSERT INTO sbtest3 (id, k, c, pad) VALUES (3497699, 13, 'foobar', 'foobar')
	-> Insert into sbtest3
    -> Rows fetched before execution


table 4 : explain INSERT INTO sbtest4 (id, k, c, pad) VALUES (1289933, 13, 'foobar', 'foobar')
	-> Insert into sbtest4
    -> Rows fetched before execution


table 5 : explain INSERT INTO sbtest5 (id, k, c, pad) VALUES (886528, 13, 'foobar', 'foobar')
	-> Insert into sbtest5
    -> Rows fetched before execution


table 6 : explain INSERT INTO sbtest6 (id, k, c, pad) VALUES (901168, 13, 'foobar', 'foobar')
	-> Insert into sbtest6
    -> Rows fetched before execution


table 7 : explain INSERT INTO sbtest7 (id, k, c, pad) VALUES (4523000, 13, 'foobar', 'foobar')
	-> Insert into sbtest7
    -> Rows fetched before execution


table 8 : explain INSERT INTO sbtest8 (id, k, c, pad) VALUES (5550918, 13, 'foobar', 'foobar')
	-> Insert into sbtest8
    -> Rows fetched before execution


for inserts
table 1 : explain INSERT INTO sbtest1 (id, k, c, pad) VALUES (6879300, 13, 'foobar', 'foobar')
	-> Insert into sbtest1
    -> Rows fetched before execution


table 2 : explain INSERT INTO sbtest2 (id, k, c, pad) VALUES (16792, 13, 'foobar', 'foobar')
	-> Insert into sbtest2
    -> Rows fetched before execution


table 3 : explain INSERT INTO sbtest3 (id, k, c, pad) VALUES (8536795, 13, 'foobar', 'foobar')
	-> Insert into sbtest3
    -> Rows fetched before execution


table 4 : explain INSERT INTO sbtest4 (id, k, c, pad) VALUES (4130407, 13, 'foobar', 'foobar')
	-> Insert into sbtest4
    -> Rows fetched before execution


table 5 : explain INSERT INTO sbtest5 (id, k, c, pad) VALUES (7641075, 13, 'foobar', 'foobar')
	-> Insert into sbtest5
    -> Rows fetched before execution


table 6 : explain INSERT INTO sbtest6 (id, k, c, pad) VALUES (2320149, 13, 'foobar', 'foobar')
	-> Insert into sbtest6
    -> Rows fetched before execution


table 7 : explain INSERT INTO sbtest7 (id, k, c, pad) VALUES (86678, 13, 'foobar', 'foobar')
	-> Insert into sbtest7
    -> Rows fetched before execution


table 8 : explain INSERT INTO sbtest8 (id, k, c, pad) VALUES (9646447, 13, 'foobar', 'foobar')
	-> Insert into sbtest8
    -> Rows fetched before execution


explain: for inserts :: explain INSERT INTO sbtest%u (id, k, c, pad) VALUES (%u, 13, 'foobar', 'foobar')
for inserts
table 1 : explain INSERT INTO sbtest1 (id, k, c, pad) VALUES (7547488, 13, 'foobar', 'foobar')
	-> Insert into sbtest1
    -> Rows fetched before execution


table 2 : explain INSERT INTO sbtest2 (id, k, c, pad) VALUES (6517179, 13, 'foobar', 'foobar')
	-> Insert into sbtest2
    -> Rows fetched before execution


table 3 : explain INSERT INTO sbtest3 (id, k, c, pad) VALUES (180135, 13, 'foobar', 'foobar')
	-> Insert into sbtest3
    -> Rows fetched before execution


table 4 : explain INSERT INTO sbtest4 (id, k, c, pad) VALUES (6774158, 13, 'foobar', 'foobar')
	-> Insert into sbtest4
    -> Rows fetched before execution


table 5 : explain INSERT INTO sbtest5 (id, k, c, pad) VALUES (1029173, 13, 'foobar', 'foobar')
	-> Insert into sbtest5
    -> Rows fetched before execution


table 6 : explain INSERT INTO sbtest6 (id, k, c, pad) VALUES (7803032, 13, 'foobar', 'foobar')
	-> Insert into sbtest6
    -> Rows fetched before execution


table 7 : explain INSERT INTO sbtest7 (id, k, c, pad) VALUES (6990421, 13, 'foobar', 'foobar')
	-> Insert into sbtest7
    -> Rows fetched before execution


table 8 : explain INSERT INTO sbtest8 (id, k, c, pad) VALUES (5510120, 13, 'foobar', 'foobar')
	-> Insert into sbtest8
    -> Rows fetched before execution


for deletes
table 1 : explain DELETE FROM sbtest1 WHERE id=2227325
	-> <not executable by iterator executor>


table 2 : explain DELETE FROM sbtest2 WHERE id=5074596
	-> <not executable by iterator executor>


table 3 : explain DELETE FROM sbtest3 WHERE id=5580435
	-> <not executable by iterator executor>


table 4 : explain DELETE FROM sbtest4 WHERE id=4225387
	-> <not executable by iterator executor>


table 5 : explain DELETE FROM sbtest5 WHERE id=8027436
	-> <not executable by iterator executor>


table 6 : explain DELETE FROM sbtest6 WHERE id=9135393
	-> <not executable by iterator executor>


table 7 : explain DELETE FROM sbtest7 WHERE id=129551
	-> <not executable by iterator executor>


table 8 : explain DELETE FROM sbtest8 WHERE id=4076166
	-> <not executable by iterator executor>


explain: for inserts :: explain INSERT INTO sbtest%u (id, k, c, pad) VALUES (%u, 13, 'foobar', 'foobar')for inserts
table 1 : explain INSERT INTO sbtest1 (id, k, c, pad) VALUES (4121118, 13, 'foobar', 'foobar')
	-> Insert into sbtest1
    -> Rows fetched before execution


table 2 : explain INSERT INTO sbtest2 (id, k, c, pad) VALUES (1064902, 13, 'foobar', 'foobar')
	-> Insert into sbtest2
    -> Rows fetched before execution


table 3 : explain INSERT INTO sbtest3 (id, k, c, pad) VALUES (5377157, 13, 'foobar', 'foobar')
	-> Insert into sbtest3
    -> Rows fetched before execution


table 4 : explain INSERT INTO sbtest4 (id, k, c, pad) VALUES (761804, 13, 'foobar', 'foobar')
	-> Insert into sbtest4
    -> Rows fetched before execution


table 5 : explain INSERT INTO sbtest5 (id, k, c, pad) VALUES (8797658, 13, 'foobar', 'foobar')
	-> Insert into sbtest5
    -> Rows fetched before execution


table 6 : explain INSERT INTO sbtest6 (id, k, c, pad) VALUES (4520648, 13, 'foobar', 'foobar')
	-> Insert into sbtest6
    -> Rows fetched before execution


table 7 : explain INSERT INTO sbtest7 (id, k, c, pad) VALUES (4926183, 13, 'foobar', 'foobar')
	-> Insert into sbtest7
    -> Rows fetched before execution


table 8 : explain INSERT INTO sbtest8 (id, k, c, pad) VALUES (5491615, 13, 'foobar', 'foobar')
	-> Insert into sbtest8
    -> Rows fetched before execution



explain: for inserts :: explain INSERT INTO sbtest%u (id, k, c, pad) VALUES (%u, 13, 'foobar', 'foobar')
explain: for inserts :: explain INSERT INTO sbtest%u (id, k, c, pad) VALUES (%u, 13, 'foobar', 'foobar')
explain: for inserts :: explain INSERT INTO sbtest%u (id, k, c, pad) VALUES (%u, 13, 'foobar', 'foobar')
for inserts
table 1 : explain INSERT INTO sbtest1 (id, k, c, pad) VALUES (7487945, 13, 'foobar', 'foobar')
	-> Insert into sbtest1
    -> Rows fetched before execution


table 2 : explain INSERT INTO sbtest2 (id, k, c, pad) VALUES (523988, 13, 'foobar', 'foobar')
	-> Insert into sbtest2
    -> Rows fetched before execution


table 3 : explain INSERT INTO sbtest3 (id, k, c, pad) VALUES (2129811, 13, 'foobar', 'foobar')
	-> Insert into sbtest3
    -> Rows fetched before execution


table 4 : explain INSERT INTO sbtest4 (id, k, c, pad) VALUES (8087249, 13, 'foobar', 'foobar')
	-> Insert into sbtest4
    -> Rows fetched before execution


table 5 : explain INSERT INTO sbtest5 (id, k, c, pad) VALUES (115188, 13, 'foobar', 'foobar')
	-> Insert into sbtest5
    -> Rows fetched before execution


table 6 : explain INSERT INTO sbtest6 (id, k, c, pad) VALUES (4030962, 13, 'foobar', 'foobar')
	-> Insert into sbtest6
    -> Rows fetched before execution


table 7 : explain INSERT INTO sbtest7 (id, k, c, pad) VALUES (5688398, 13, 'foobar', 'foobar')
	-> Insert into sbtest7
    -> Rows fetched before execution


table 8 : explain INSERT INTO sbtest8 (id, k, c, pad) VALUES (6535973, 13, 'foobar', 'foobar')
	-> Insert into sbtest8
    -> Rows fetched before execution


explain: for inserts :: explain INSERT INTO sbtest%u (id, k, c, pad) VALUES (%u, 13, 'foobar', 'foobar')explain: for inserts :: explain INSERT INTO sbtest%u (id, k, c, pad) VALUES (%u, 13, 'foobar', 'foobar')explain: for inserts :: explain INSERT INTO sbtest%u (id, k, c, pad) VALUES (%u, 13, 'foobar', 'foobar')

explain: for inserts :: explain INSERT INTO sbtest%u (id, k, c, pad) VALUES (%u, 13, 'foobar', 'foobar')

explain: for inserts :: explain INSERT INTO sbtest%u (id, k, c, pad) VALUES (%u, 13, 'foobar', 'foobar')for inserts
table 1 : explain INSERT INTO sbtest1 (id, k, c, pad) VALUES (7118181, 13, 'foobar', 'foobar')
	-> Insert into sbtest1
    -> Rows fetched before execution


table 2 : explain INSERT INTO sbtest2 (id, k, c, pad) VALUES (942727, 13, 'foobar', 'foobar')
	-> Insert into sbtest2
    -> Rows fetched before execution


table 3 : explain INSERT INTO sbtest3 (id, k, c, pad) VALUES (523062, 13, 'foobar', 'foobar')
	-> Insert into sbtest3
    -> Rows fetched before execution


table 4 : explain INSERT INTO sbtest4 (id, k, c, pad) VALUES (7487662, 13, 'foobar', 'foobar')
	-> Insert into sbtest4
    -> Rows fetched before execution


table 5 : explain INSERT INTO sbtest5 (id, k, c, pad) VALUES (7054174, 13, 'foobar', 'foobar')
	-> Insert into sbtest5
    -> Rows fetched before execution


table 6 : explain INSERT INTO sbtest6 (id, k, c, pad) VALUES (8264836, 13, 'foobar', 'foobar')
	-> Insert into sbtest6
    -> Rows fetched before execution


table 7 : explain INSERT INTO sbtest7 (id, k, c, pad) VALUES (1445157, 13, 'foobar', 'foobar')
	-> Insert into sbtest7
    -> Rows fetched before execution


table 8 : explain INSERT INTO sbtest8 (id, k, c, pad) VALUES (9405359, 13, 'foobar', 'foobar')
	-> Insert into sbtest8
    -> Rows fetched before execution

explain: for inserts :: explain INSERT INTO sbtest%u (id, k, c, pad) VALUES (%u, 13, 'foobar', 'foobar')


explain: for inserts :: explain INSERT INTO sbtest%u (id, k, c, pad) VALUES (%u, 13, 'foobar', 'foobar')
explain: for inserts :: explain INSERT INTO sbtest%u (id, k, c, pad) VALUES (%u, 13, 'foobar', 'foobar')
for inserts
table 1 : explain INSERT INTO sbtest1 (id, k, c, pad) VALUES (9312020, 13, 'foobar', 'foobar')
	-> Insert into sbtest1
    -> Rows fetched before execution


table 2 : explain INSERT INTO sbtest2 (id, k, c, pad) VALUES (134113, 13, 'foobar', 'foobar')
	-> Insert into sbtest2
    -> Rows fetched before execution


table 3 : explain INSERT INTO sbtest3 (id, k, c, pad) VALUES (7250303, 13, 'foobar', 'foobar')
	-> Insert into sbtest3
    -> Rows fetched before execution


table 4 : explain INSERT INTO sbtest4 (id, k, c, pad) VALUES (2166318, 13, 'foobar', 'foobar')
	-> Insert into sbtest4
    -> Rows fetched before execution


table 5 : explain INSERT INTO sbtest5 (id, k, c, pad) VALUES (6030254, 13, 'foobar', 'foobar')
	-> Insert into sbtest5
    -> Rows fetched before execution


table 6 : explain INSERT INTO sbtest6 (id, k, c, pad) VALUES (942452, 13, 'foobar', 'foobar')
	-> Insert into sbtest6
    -> Rows fetched before execution


table 7 : explain INSERT INTO sbtest7 (id, k, c, pad) VALUES (2231598, 13, 'foobar', 'foobar')
	-> Insert into sbtest7
    -> Rows fetched before execution


table 8 : explain INSERT INTO sbtest8 (id, k, c, pad) VALUES (273113, 13, 'foobar', 'foobar')
	-> Insert into sbtest8
    -> Rows fetched before execution


for inserts
table 1 : explain INSERT INTO sbtest1 (id, k, c, pad) VALUES (4016006, 13, 'foobar', 'foobar')
	-> Insert into sbtest1
    -> Rows fetched before execution


table 2 : explain INSERT INTO sbtest2 (id, k, c, pad) VALUES (9277948, 13, 'foobar', 'foobar')
	-> Insert into sbtest2
    -> Rows fetched before execution


table 3 : explain INSERT INTO sbtest3 (id, k, c, pad) VALUES (6753740, 13, 'foobar', 'foobar')
	-> Insert into sbtest3
    -> Rows fetched before execution


table 4 : explain INSERT INTO sbtest4 (id, k, c, pad) VALUES (8238441, 13, 'foobar', 'foobar')
	-> Insert into sbtest4
    -> Rows fetched before execution


table 5 : explain INSERT INTO sbtest5 (id, k, c, pad) VALUES (3977662, 13, 'foobar', 'foobar')
	-> Insert into sbtest5
    -> Rows fetched before execution


table 6 : explain INSERT INTO sbtest6 (id, k, c, pad) VALUES (2629571, 13, 'foobar', 'foobar')
	-> Insert into sbtest6
    -> Rows fetched before execution


table 7 : explain INSERT INTO sbtest7 (id, k, c, pad) VALUES (8375358, 13, 'foobar', 'foobar')
	-> Insert into sbtest7
    -> Rows fetched before execution


table 8 : explain INSERT INTO sbtest8 (id, k, c, pad) VALUES (4082070, 13, 'foobar', 'foobar')
	-> Insert into sbtest8
    -> Rows fetched before execution


explain: for deletes :: explain DELETE FROM sbtest%u WHERE id=%u
explain: for inserts :: explain INSERT INTO sbtest%u (id, k, c, pad) VALUES (%u, 13, 'foobar', 'foobar')
explain: for inserts :: explain INSERT INTO sbtest%u (id, k, c, pad) VALUES (%u, 13, 'foobar', 'foobar')
explain: for inserts :: explain INSERT INTO sbtest%u (id, k, c, pad) VALUES (%u, 13, 'foobar', 'foobar')
explain: for inserts :: explain INSERT INTO sbtest%u (id, k, c, pad) VALUES (%u, 13, 'foobar', 'foobar')explain: for inserts :: explain INSERT INTO sbtest%u (id, k, c, pad) VALUES (%u, 13, 'foobar', 'foobar')for inserts
table 1 : explain INSERT INTO sbtest1 (id, k, c, pad) VALUES (843496, 13, 'foobar', 'foobar')
	-> Insert into sbtest1
    -> Rows fetched before execution


table 2 : explain INSERT INTO sbtest2 (id, k, c, pad) VALUES (4161368, 13, 'foobar', 'foobar')
	-> Insert into sbtest2
    -> Rows fetched before execution


table 3 : explain INSERT INTO sbtest3 (id, k, c, pad) VALUES (1195563, 13, 'foobar', 'foobar')
	-> Insert into sbtest3
    -> Rows fetched before execution


table 4 : explain INSERT INTO sbtest4 (id, k, c, pad) VALUES (4721736, 13, 'foobar', 'foobar')
	-> Insert into sbtest4
    -> Rows fetched before execution


table 5 : explain INSERT INTO sbtest5 (id, k, c, pad) VALUES (2268878, 13, 'foobar', 'foobar')
	-> Insert into sbtest5
    -> Rows fetched before execution


table 6 : explain INSERT INTO sbtest6 (id, k, c, pad) VALUES (8566169, 13, 'foobar', 'foobar')
	-> Insert into sbtest6
    -> Rows fetched before execution


table 7 : explain INSERT INTO sbtest7 (id, k, c, pad) VALUES (1368964, 13, 'foobar', 'foobar')
	-> Insert into sbtest7
    -> Rows fetched before execution


table 8 : explain INSERT INTO sbtest8 (id, k, c, pad) VALUES (6866106, 13, 'foobar', 'foobar')
	-> Insert into sbtest8
    -> Rows fetched before execution




explain: for inserts :: explain INSERT INTO sbtest%u (id, k, c, pad) VALUES (%u, 13, 'foobar', 'foobar')
for inserts
table 1 : explain INSERT INTO sbtest1 (id, k, c, pad) VALUES (2296032, 13, 'foobar', 'foobar')
	-> Insert into sbtest1
    -> Rows fetched before execution


table 2 : explain INSERT INTO sbtest2 (id, k, c, pad) VALUES (10582, 13, 'foobar', 'foobar')
	-> Insert into sbtest2
    -> Rows fetched before execution


table 3 : explain INSERT INTO sbtest3 (id, k, c, pad) VALUES (1229458, 13, 'foobar', 'foobar')
	-> Insert into sbtest3
    -> Rows fetched before execution


table 4 : explain INSERT INTO sbtest4 (id, k, c, pad) VALUES (825207, 13, 'foobar', 'foobar')
	-> Insert into sbtest4
    -> Rows fetched before execution


table 5 : explain INSERT INTO sbtest5 (id, k, c, pad) VALUES (941254, 13, 'foobar', 'foobar')
	-> Insert into sbtest5
    -> Rows fetched before execution


table 6 : explain INSERT INTO sbtest6 (id, k, c, pad) VALUES (8483060, 13, 'foobar', 'foobar')
	-> Insert into sbtest6
    -> Rows fetched before execution


table 7 : explain INSERT INTO sbtest7 (id, k, c, pad) VALUES (2182436, 13, 'foobar', 'foobar')
	-> Insert into sbtest7
    -> Rows fetched before execution


table 8 : explain INSERT INTO sbtest8 (id, k, c, pad) VALUES (4934954, 13, 'foobar', 'foobar')
	-> Insert into sbtest8
    -> Rows fetched before execution


for inserts
table 1 : explain INSERT INTO sbtest1 (id, k, c, pad) VALUES (4396931, 13, 'foobar', 'foobar')
	-> Insert into sbtest1
    -> Rows fetched before execution


table 2 : explain INSERT INTO sbtest2 (id, k, c, pad) VALUES (8475325, 13, 'foobar', 'foobar')
	-> Insert into sbtest2
    -> Rows fetched before execution


table 3 : explain INSERT INTO sbtest3 (id, k, c, pad) VALUES (645255, 13, 'foobar', 'foobar')
	-> Insert into sbtest3
    -> Rows fetched before execution


table 4 : explain INSERT INTO sbtest4 (id, k, c, pad) VALUES (9540349, 13, 'foobar', 'foobar')
	-> Insert into sbtest4
    -> Rows fetched before execution


table 5 : explain INSERT INTO sbtest5 (id, k, c, pad) VALUES (3786003, 13, 'foobar', 'foobar')
	-> Insert into sbtest5
    -> Rows fetched before execution


table 6 : explain INSERT INTO sbtest6 (id, k, c, pad) VALUES (3932892, 13, 'foobar', 'foobar')
	-> Insert into sbtest6
    -> Rows fetched before execution


table 7 : explain INSERT INTO sbtest7 (id, k, c, pad) VALUES (6801521, 13, 'foobar', 'foobar')
	-> Insert into sbtest7
    -> Rows fetched before execution


table 8 : explain INSERT INTO sbtest8 (id, k, c, pad) VALUES (2867430, 13, 'foobar', 'foobar')
	-> Insert into sbtest8
    -> Rows fetched before execution


explain: for inserts :: explain INSERT INTO sbtest%u (id, k, c, pad) VALUES (%u, 13, 'foobar', 'foobar')
for inserts
table 1 : explain INSERT INTO sbtest1 (id, k, c, pad) VALUES (436366, 13, 'foobar', 'foobar')
	-> Insert into sbtest1
    -> Rows fetched before execution


table 2 : explain INSERT INTO sbtest2 (id, k, c, pad) VALUES (8164891, 13, 'foobar', 'foobar')
	-> Insert into sbtest2
    -> Rows fetched before execution


table 3 : explain INSERT INTO sbtest3 (id, k, c, pad) VALUES (9680732, 13, 'foobar', 'foobar')
	-> Insert into sbtest3
    -> Rows fetched before execution


table 4 : explain INSERT INTO sbtest4 (id, k, c, pad) VALUES (7635514, 13, 'foobar', 'foobar')
	-> Insert into sbtest4
    -> Rows fetched before execution


table 5 : explain INSERT INTO sbtest5 (id, k, c, pad) VALUES (8428366, 13, 'foobar', 'foobar')
	-> Insert into sbtest5
    -> Rows fetched before execution


table 6 : explain INSERT INTO sbtest6 (id, k, c, pad) VALUES (5076080, 13, 'foobar', 'foobar')
	-> Insert into sbtest6
    -> Rows fetched before execution


table 7 : explain INSERT INTO sbtest7 (id, k, c, pad) VALUES (9061813, 13, 'foobar', 'foobar')
	-> Insert into sbtest7
    -> Rows fetched before execution


table 8 : explain INSERT INTO sbtest8 (id, k, c, pad) VALUES (5281711, 13, 'foobar', 'foobar')
	-> Insert into sbtest8
    -> Rows fetched before execution


explain: for inserts :: explain INSERT INTO sbtest%u (id, k, c, pad) VALUES (%u, 13, 'foobar', 'foobar')
for inserts
table 1 : explain INSERT INTO sbtest1 (id, k, c, pad) VALUES (8055748, 13, 'foobar', 'foobar')
	-> Insert into sbtest1
    -> Rows fetched before execution


table 2 : explain INSERT INTO sbtest2 (id, k, c, pad) VALUES (9220376, 13, 'foobar', 'foobar')
	-> Insert into sbtest2
    -> Rows fetched before execution


table 3 : explain INSERT INTO sbtest3 (id, k, c, pad) VALUES (7772975, 13, 'foobar', 'foobar')
	-> Insert into sbtest3
    -> Rows fetched before execution


table 4 : explain INSERT INTO sbtest4 (id, k, c, pad) VALUES (672931, 13, 'foobar', 'foobar')
	-> Insert into sbtest4
    -> Rows fetched before execution


table 5 : explain INSERT INTO sbtest5 (id, k, c, pad) VALUES (4661091, 13, 'foobar', 'foobar')
	-> Insert into sbtest5
    -> Rows fetched before execution


table 6 : explain INSERT INTO sbtest6 (id, k, c, pad) VALUES (4155414, 13, 'foobar', 'foobar')
	-> Insert into sbtest6
    -> Rows fetched before execution


table 7 : explain INSERT INTO sbtest7 (id, k, c, pad) VALUES (1100588, 13, 'foobar', 'foobar')
	-> Insert into sbtest7
    -> Rows fetched before execution


table 8 : explain INSERT INTO sbtest8 (id, k, c, pad) VALUES (2655921, 13, 'foobar', 'foobar')
	-> Insert into sbtest8
    -> Rows fetched before execution

for inserts
table 1 : explain INSERT INTO sbtest1 (id, k, c, pad) VALUES (9950986, 13, 'foobar', 'foobar')
	-> Insert into sbtest1
    -> Rows fetched before execution


table 2 : explain INSERT INTO sbtest2 (id, k, c, pad) VALUES (3702428, 13, 'foobar', 'foobar')
	-> Insert into sbtest2
    -> Rows fetched before execution


table 3 : explain INSERT INTO sbtest3 (id, k, c, pad) VALUES (6104915, 13, 'foobar', 'foobar')
	-> Insert into sbtest3
    -> Rows fetched before execution


table 4 : explain INSERT INTO sbtest4 (id, k, c, pad) VALUES (5203016, 13, 'foobar', 'foobar')
	-> Insert into sbtest4
    -> Rows fetched before execution


table 5 : explain INSERT INTO sbtest5 (id, k, c, pad) VALUES (9414767, 13, 'foobar', 'foobar')
	-> Insert into sbtest5
    -> Rows fetched before execution


table 6 : explain INSERT INTO sbtest6 (id, k, c, pad) VALUES (9123882, 13, 'foobar', 'foobar')
	-> Insert into sbtest6
    -> Rows fetched before execution


table 7 : explain INSERT INTO sbtest7 (id, k, c, pad) VALUES (4819850, 13, 'foobar', 'foobar')
	-> Insert into sbtest7
    -> Rows fetched before execution


table 8 : explain INSERT INTO sbtest8 (id, k, c, pad) VALUES (530927, 13, 'foobar', 'foobar')
	-> Insert into sbtest8
    -> Rows fetched before execution



explain: for inserts :: explain INSERT INTO sbtest%u (id, k, c, pad) VALUES (%u, 13, 'foobar', 'foobar')
for inserts
table 1 : explain INSERT INTO sbtest1 (id, k, c, pad) VALUES (2903748, 13, 'foobar', 'foobar')
	-> Insert into sbtest1
    -> Rows fetched before execution


table 2 : explain INSERT INTO sbtest2 (id, k, c, pad) VALUES (4686455, 13, 'foobar', 'foobar')
	-> Insert into sbtest2
    -> Rows fetched before execution


table 3 : explain INSERT INTO sbtest3 (id, k, c, pad) VALUES (8637941, 13, 'foobar', 'foobar')
	-> Insert into sbtest3
    -> Rows fetched before execution


table 4 : explain INSERT INTO sbtest4 (id, k, c, pad) VALUES (4016225, 13, 'foobar', 'foobar')
	-> Insert into sbtest4
    -> Rows fetched before execution


table 5 : explain INSERT INTO sbtest5 (id, k, c, pad) VALUES (1612650, 13, 'foobar', 'foobar')
	-> Insert into sbtest5
    -> Rows fetched before execution


table 6 : explain INSERT INTO sbtest6 (id, k, c, pad) VALUES (2712344, 13, 'foobar', 'foobar')
	-> Insert into sbtest6
    -> Rows fetched before execution


table 7 : explain INSERT INTO sbtest7 (id, k, c, pad) VALUES (4494983, 13, 'foobar', 'foobar')
	-> Insert into sbtest7
    -> Rows fetched before execution


table 8 : explain INSERT INTO sbtest8 (id, k, c, pad) VALUES (2557514, 13, 'foobar', 'foobar')
	-> Insert into sbtest8
    -> Rows fetched before execution


explain: for inserts :: explain INSERT INTO sbtest%u (id, k, c, pad) VALUES (%u, 13, 'foobar', 'foobar')
for inserts
table 1 : explain INSERT INTO sbtest1 (id, k, c, pad) VALUES (4973035, 13, 'foobar', 'foobar')
	-> Insert into sbtest1
    -> Rows fetched before execution


table 2 : explain INSERT INTO sbtest2 (id, k, c, pad) VALUES (1805505, 13, 'foobar', 'foobar')
	-> Insert into sbtest2
    -> Rows fetched before execution


table 3 : explain INSERT INTO sbtest3 (id, k, c, pad) VALUES (7512479, 13, 'foobar', 'foobar')
	-> Insert into sbtest3
    -> Rows fetched before execution


table 4 : explain INSERT INTO sbtest4 (id, k, c, pad) VALUES (3256435, 13, 'foobar', 'foobar')
	-> Insert into sbtest4
    -> Rows fetched before execution


table 5 : explain INSERT INTO sbtest5 (id, k, c, pad) VALUES (6610915, 13, 'foobar', 'foobar')
	-> Insert into sbtest5
    -> Rows fetched before execution


table 6 : explain INSERT INTO sbtest6 (id, k, c, pad) VALUES (5284176, 13, 'foobar', 'foobar')
	-> Insert into sbtest6
    -> Rows fetched before execution


table 7 : explain INSERT INTO sbtest7 (id, k, c, pad) VALUES (3198584, 13, 'foobar', 'foobar')
	-> Insert into sbtest7
    -> Rows fetched before execution


table 8 : explain INSERT INTO sbtest8 (id, k, c, pad) VALUES (3023977, 13, 'foobar', 'foobar')
	-> Insert into sbtest8
    -> Rows fetched before execution


for inserts
table 1 : explain INSERT INTO sbtest1 (id, k, c, pad) VALUES (8220401, 13, 'foobar', 'foobar')
	-> Insert into sbtest1
    -> Rows fetched before execution


table 2 : explain INSERT INTO sbtest2 (id, k, c, pad) VALUES (6498785, 13, 'foobar', 'foobar')
	-> Insert into sbtest2
    -> Rows fetched before execution


table 3 : explain INSERT INTO sbtest3 (id, k, c, pad) VALUES (855818, 13, 'foobar', 'foobar')
	-> Insert into sbtest3
    -> Rows fetched before execution


table 4 : explain INSERT INTO sbtest4 (id, k, c, pad) VALUES (4482963, 13, 'foobar', 'foobar')
	-> Insert into sbtest4
    -> Rows fetched before execution


table 5 : explain INSERT INTO sbtest5 (id, k, c, pad) VALUES (4933339, 13, 'foobar', 'foobar')
	-> Insert into sbtest5
    -> Rows fetched before execution


table 6 : explain INSERT INTO sbtest6 (id, k, c, pad) VALUES (6205773, 13, 'foobar', 'foobar')
	-> Insert into sbtest6
    -> Rows fetched before execution


table 7 : explain INSERT INTO sbtest7 (id, k, c, pad) VALUES (1937326, 13, 'foobar', 'foobar')
	-> Insert into sbtest7
    -> Rows fetched before execution


table 8 : explain INSERT INTO sbtest8 (id, k, c, pad) VALUES (1604659, 13, 'foobar', 'foobar')
	-> Insert into sbtest8
    -> Rows fetched before execution


for inserts
table 1 : explain INSERT INTO sbtest1 (id, k, c, pad) VALUES (1276804, 13, 'foobar', 'foobar')
	-> Insert into sbtest1
    -> Rows fetched before execution


table 2 : explain INSERT INTO sbtest2 (id, k, c, pad) VALUES (386455, 13, 'foobar', 'foobar')
	-> Insert into sbtest2
    -> Rows fetched before execution


table 3 : explain INSERT INTO sbtest3 (id, k, c, pad) VALUES (3518867, 13, 'foobar', 'foobar')
	-> Insert into sbtest3
    -> Rows fetched before execution


table 4 : explain INSERT INTO sbtest4 (id, k, c, pad) VALUES (775398, 13, 'foobar', 'foobar')
	-> Insert into sbtest4
    -> Rows fetched before execution


table 5 : explain INSERT INTO sbtest5 (id, k, c, pad) VALUES (1701459, 13, 'foobar', 'foobar')
	-> Insert into sbtest5
    -> Rows fetched before execution


table 6 : explain INSERT INTO sbtest6 (id, k, c, pad) VALUES (3855897, 13, 'foobar', 'foobar')
	-> Insert into sbtest6
    -> Rows fetched before execution


table 7 : explain INSERT INTO sbtest7 (id, k, c, pad) VALUES (9940108, 13, 'foobar', 'foobar')
	-> Insert into sbtest7
    -> Rows fetched before execution


table 8 : explain INSERT INTO sbtest8 (id, k, c, pad) VALUES (2779030, 13, 'foobar', 'foobar')
	-> Insert into sbtest8
    -> Rows fetched before execution


for inserts
table 1 : explain INSERT INTO sbtest1 (id, k, c, pad) VALUES (7313553, 13, 'foobar', 'foobar')
	-> Insert into sbtest1
    -> Rows fetched before execution


table 2 : explain INSERT INTO sbtest2 (id, k, c, pad) VALUES (23078, 13, 'foobar', 'foobar')
	-> Insert into sbtest2
    -> Rows fetched before execution


table 3 : explain INSERT INTO sbtest3 (id, k, c, pad) VALUES (4739218, 13, 'foobar', 'foobar')
	-> Insert into sbtest3
    -> Rows fetched before execution


table 4 : explain INSERT INTO sbtest4 (id, k, c, pad) VALUES (5771342, 13, 'foobar', 'foobar')
	-> Insert into sbtest4
    -> Rows fetched before execution


table 5 : explain INSERT INTO sbtest5 (id, k, c, pad) VALUES (1389659, 13, 'foobar', 'foobar')
	-> Insert into sbtest5
    -> Rows fetched before execution


table 6 : explain INSERT INTO sbtest6 (id, k, c, pad) VALUES (6000298, 13, 'foobar', 'foobar')
	-> Insert into sbtest6
    -> Rows fetched before execution


table 7 : explain INSERT INTO sbtest7 (id, k, c, pad) VALUES (6530080, 13, 'foobar', 'foobar')
	-> Insert into sbtest7
    -> Rows fetched before execution


table 8 : explain INSERT INTO sbtest8 (id, k, c, pad) VALUES (2616303, 13, 'foobar', 'foobar')
	-> Insert into sbtest8
    -> Rows fetched before execution


for inserts
table 1 : explain INSERT INTO sbtest1 (id, k, c, pad) VALUES (5402937, 13, 'foobar', 'foobar')
	-> Insert into sbtest1
    -> Rows fetched before execution


table 2 : explain INSERT INTO sbtest2 (id, k, c, pad) VALUES (8858912, 13, 'foobar', 'foobar')
	-> Insert into sbtest2
    -> Rows fetched before execution


table 3 : explain INSERT INTO sbtest3 (id, k, c, pad) VALUES (8585950, 13, 'foobar', 'foobar')
	-> Insert into sbtest3
    -> Rows fetched before execution


table 4 : explain INSERT INTO sbtest4 (id, k, c, pad) VALUES (2958432, 13, 'foobar', 'foobar')
	-> Insert into sbtest4
    -> Rows fetched before execution


table 5 : explain INSERT INTO sbtest5 (id, k, c, pad) VALUES (4075066, 13, 'foobar', 'foobar')
	-> Insert into sbtest5
    -> Rows fetched before execution


table 6 : explain INSERT INTO sbtest6 (id, k, c, pad) VALUES (1774285, 13, 'foobar', 'foobar')
	-> Insert into sbtest6
    -> Rows fetched before execution


table 7 : explain INSERT INTO sbtest7 (id, k, c, pad) VALUES (454640, 13, 'foobar', 'foobar')
	-> Insert into sbtest7
    -> Rows fetched before execution


table 8 : explain INSERT INTO sbtest8 (id, k, c, pad) VALUES (5584164, 13, 'foobar', 'foobar')
	-> Insert into sbtest8
    -> Rows fetched before execution


for inserts
table 1 : explain INSERT INTO sbtest1 (id, k, c, pad) VALUES (6936674, 13, 'foobar', 'foobar')
	-> Insert into sbtest1
    -> Rows fetched before execution


table 2 : explain INSERT INTO sbtest2 (id, k, c, pad) VALUES (7018498, 13, 'foobar', 'foobar')
	-> Insert into sbtest2
    -> Rows fetched before execution


table 3 : explain INSERT INTO sbtest3 (id, k, c, pad) VALUES (7690588, 13, 'foobar', 'foobar')
	-> Insert into sbtest3
    -> Rows fetched before execution


table 4 : explain INSERT INTO sbtest4 (id, k, c, pad) VALUES (1447320, 13, 'foobar', 'foobar')
	-> Insert into sbtest4
    -> Rows fetched before execution


table 5 : explain INSERT INTO sbtest5 (id, k, c, pad) VALUES (1799881, 13, 'foobar', 'foobar')
	-> Insert into sbtest5
    -> Rows fetched before execution


table 6 : explain INSERT INTO sbtest6 (id, k, c, pad) VALUES (9525627, 13, 'foobar', 'foobar')
	-> Insert into sbtest6
    -> Rows fetched before execution


table 7 : explain INSERT INTO sbtest7 (id, k, c, pad) VALUES (9967100, 13, 'foobar', 'foobar')
	-> Insert into sbtest7
    -> Rows fetched before execution


table 8 : explain INSERT INTO sbtest8 (id, k, c, pad) VALUES (8950343, 13, 'foobar', 'foobar')
	-> Insert into sbtest8
    -> Rows fetched before execution


for deletes
table 1 : explain DELETE FROM sbtest1 WHERE id=6025282
	-> <not executable by iterator executor>


table 2 : explain DELETE FROM sbtest2 WHERE id=861131
	-> <not executable by iterator executor>


table 3 : explain DELETE FROM sbtest3 WHERE id=3704436
	-> <not executable by iterator executor>


table 4 : explain DELETE FROM sbtest4 WHERE id=4162059
	-> <not executable by iterator executor>


table 5 : explain DELETE FROM sbtest5 WHERE id=6992786
	-> <not executable by iterator executor>


table 6 : explain DELETE FROM sbtest6 WHERE id=8037837
	-> <not executable by iterator executor>


table 7 : explain DELETE FROM sbtest7 WHERE id=8818750
	-> <not executable by iterator executor>


table 8 : explain DELETE FROM sbtest8 WHERE id=9785658
	-> <not executable by iterator executor>


for inserts
table 1 : explain INSERT INTO sbtest1 (id, k, c, pad) VALUES (8090132, 13, 'foobar', 'foobar')
	-> Insert into sbtest1
    -> Rows fetched before execution


table 2 : explain INSERT INTO sbtest2 (id, k, c, pad) VALUES (4592490, 13, 'foobar', 'foobar')
	-> Insert into sbtest2
    -> Rows fetched before execution


table 3 : explain INSERT INTO sbtest3 (id, k, c, pad) VALUES (4680355, 13, 'foobar', 'foobar')
	-> Insert into sbtest3
    -> Rows fetched before execution


table 4 : explain INSERT INTO sbtest4 (id, k, c, pad) VALUES (2428766, 13, 'foobar', 'foobar')
	-> Insert into sbtest4
    -> Rows fetched before execution


table 5 : explain INSERT INTO sbtest5 (id, k, c, pad) VALUES (7768430, 13, 'foobar', 'foobar')
	-> Insert into sbtest5
    -> Rows fetched before execution


table 6 : explain INSERT INTO sbtest6 (id, k, c, pad) VALUES (5102360, 13, 'foobar', 'foobar')
	-> Insert into sbtest6
    -> Rows fetched before execution


table 7 : explain INSERT INTO sbtest7 (id, k, c, pad) VALUES (2197094, 13, 'foobar', 'foobar')
	-> Insert into sbtest7
    -> Rows fetched before execution


table 8 : explain INSERT INTO sbtest8 (id, k, c, pad) VALUES (3966011, 13, 'foobar', 'foobar')
	-> Insert into sbtest8
    -> Rows fetched before execution


for inserts
table 1 : explain INSERT INTO sbtest1 (id, k, c, pad) VALUES (7843367, 13, 'foobar', 'foobar')
	-> Insert into sbtest1
    -> Rows fetched before execution


table 2 : explain INSERT INTO sbtest2 (id, k, c, pad) VALUES (7819310, 13, 'foobar', 'foobar')
	-> Insert into sbtest2
    -> Rows fetched before execution


table 3 : explain INSERT INTO sbtest3 (id, k, c, pad) VALUES (979306, 13, 'foobar', 'foobar')
	-> Insert into sbtest3
    -> Rows fetched before execution


table 4 : explain INSERT INTO sbtest4 (id, k, c, pad) VALUES (3740761, 13, 'foobar', 'foobar')
	-> Insert into sbtest4
    -> Rows fetched before execution


table 5 : explain INSERT INTO sbtest5 (id, k, c, pad) VALUES (5189844, 13, 'foobar', 'foobar')
	-> Insert into sbtest5
    -> Rows fetched before execution


table 6 : explain INSERT INTO sbtest6 (id, k, c, pad) VALUES (5663328, 13, 'foobar', 'foobar')
	-> Insert into sbtest6
    -> Rows fetched before execution


table 7 : explain INSERT INTO sbtest7 (id, k, c, pad) VALUES (3371644, 13, 'foobar', 'foobar')
	-> Insert into sbtest7
    -> Rows fetched before execution


table 8 : explain INSERT INTO sbtest8 (id, k, c, pad) VALUES (8353673, 13, 'foobar', 'foobar')
	-> Insert into sbtest8
    -> Rows fetched before execution


for inserts
table 1 : explain INSERT INTO sbtest1 (id, k, c, pad) VALUES (8850004, 13, 'foobar', 'foobar')
	-> Insert into sbtest1
    -> Rows fetched before execution


table 2 : explain INSERT INTO sbtest2 (id, k, c, pad) VALUES (8676690, 13, 'foobar', 'foobar')
	-> Insert into sbtest2
    -> Rows fetched before execution


table 3 : explain INSERT INTO sbtest3 (id, k, c, pad) VALUES (7789831, 13, 'foobar', 'foobar')
	-> Insert into sbtest3
    -> Rows fetched before execution


table 4 : explain INSERT INTO sbtest4 (id, k, c, pad) VALUES (3880936, 13, 'foobar', 'foobar')
	-> Insert into sbtest4
    -> Rows fetched before execution


table 5 : explain INSERT INTO sbtest5 (id, k, c, pad) VALUES (5772519, 13, 'foobar', 'foobar')
	-> Insert into sbtest5
    -> Rows fetched before execution


table 6 : explain INSERT INTO sbtest6 (id, k, c, pad) VALUES (4760842, 13, 'foobar', 'foobar')
	-> Insert into sbtest6
    -> Rows fetched before execution


table 7 : explain INSERT INTO sbtest7 (id, k, c, pad) VALUES (7230608, 13, 'foobar', 'foobar')
	-> Insert into sbtest7
    -> Rows fetched before execution


table 8 : explain INSERT INTO sbtest8 (id, k, c, pad) VALUES (3432414, 13, 'foobar', 'foobar')
	-> Insert into sbtest8
    -> Rows fetched before execution


for inserts
table 1 : explain INSERT INTO sbtest1 (id, k, c, pad) VALUES (5193556, 13, 'foobar', 'foobar')
	-> Insert into sbtest1
    -> Rows fetched before execution


table 2 : explain INSERT INTO sbtest2 (id, k, c, pad) VALUES (2950790, 13, 'foobar', 'foobar')
	-> Insert into sbtest2
    -> Rows fetched before execution


table 3 : explain INSERT INTO sbtest3 (id, k, c, pad) VALUES (3147449, 13, 'foobar', 'foobar')
	-> Insert into sbtest3
    -> Rows fetched before execution


table 4 : explain INSERT INTO sbtest4 (id, k, c, pad) VALUES (9275449, 13, 'foobar', 'foobar')
	-> Insert into sbtest4
    -> Rows fetched before execution


table 5 : explain INSERT INTO sbtest5 (id, k, c, pad) VALUES (3266184, 13, 'foobar', 'foobar')
	-> Insert into sbtest5
    -> Rows fetched before execution


table 6 : explain INSERT INTO sbtest6 (id, k, c, pad) VALUES (1776134, 13, 'foobar', 'foobar')
	-> Insert into sbtest6
    -> Rows fetched before execution


table 7 : explain INSERT INTO sbtest7 (id, k, c, pad) VALUES (8248775, 13, 'foobar', 'foobar')
	-> Insert into sbtest7
    -> Rows fetched before execution


table 8 : explain INSERT INTO sbtest8 (id, k, c, pad) VALUES (6932192, 13, 'foobar', 'foobar')
	-> Insert into sbtest8
    -> Rows fetched before execution


for inserts
table 1 : explain INSERT INTO sbtest1 (id, k, c, pad) VALUES (9615031, 13, 'foobar', 'foobar')
	-> Insert into sbtest1
    -> Rows fetched before execution


table 2 : explain INSERT INTO sbtest2 (id, k, c, pad) VALUES (3826228, 13, 'foobar', 'foobar')
	-> Insert into sbtest2
    -> Rows fetched before execution


table 3 : explain INSERT INTO sbtest3 (id, k, c, pad) VALUES (7062915, 13, 'foobar', 'foobar')
	-> Insert into sbtest3
    -> Rows fetched before execution


table 4 : explain INSERT INTO sbtest4 (id, k, c, pad) VALUES (1592342, 13, 'foobar', 'foobar')
	-> Insert into sbtest4
    -> Rows fetched before execution


table 5 : explain INSERT INTO sbtest5 (id, k, c, pad) VALUES (6830963, 13, 'foobar', 'foobar')
	-> Insert into sbtest5
    -> Rows fetched before execution


table 6 : explain INSERT INTO sbtest6 (id, k, c, pad) VALUES (3722947, 13, 'foobar', 'foobar')
	-> Insert into sbtest6
    -> Rows fetched before execution


table 7 : explain INSERT INTO sbtest7 (id, k, c, pad) VALUES (1007128, 13, 'foobar', 'foobar')
	-> Insert into sbtest7
    -> Rows fetched before execution


table 8 : explain INSERT INTO sbtest8 (id, k, c, pad) VALUES (8791597, 13, 'foobar', 'foobar')
	-> Insert into sbtest8
    -> Rows fetched before execution


explain: for inserts :: explain INSERT INTO sbtest%u (id, k, c, pad) VALUES (%u, 13, 'foobar', 'foobar')
for inserts
table 1 : explain INSERT INTO sbtest1 (id, k, c, pad) VALUES (5308482, 13, 'foobar', 'foobar')
	-> Insert into sbtest1
    -> Rows fetched before execution


table 2 : explain INSERT INTO sbtest2 (id, k, c, pad) VALUES (7488726, 13, 'foobar', 'foobar')
	-> Insert into sbtest2
    -> Rows fetched before execution


table 3 : explain INSERT INTO sbtest3 (id, k, c, pad) VALUES (5274822, 13, 'foobar', 'foobar')
	-> Insert into sbtest3
    -> Rows fetched before execution


table 4 : explain INSERT INTO sbtest4 (id, k, c, pad) VALUES (994077, 13, 'foobar', 'foobar')
	-> Insert into sbtest4
    -> Rows fetched before execution


table 5 : explain INSERT INTO sbtest5 (id, k, c, pad) VALUES (820016, 13, 'foobar', 'foobar')
	-> Insert into sbtest5
    -> Rows fetched before execution


table 6 : explain INSERT INTO sbtest6 (id, k, c, pad) VALUES (7101369, 13, 'foobar', 'foobar')
	-> Insert into sbtest6
    -> Rows fetched before execution


table 7 : explain INSERT INTO sbtest7 (id, k, c, pad) VALUES (5902685, 13, 'foobar', 'foobar')
	-> Insert into sbtest7
    -> Rows fetched before execution


table 8 : explain INSERT INTO sbtest8 (id, k, c, pad) VALUES (1433846, 13, 'foobar', 'foobar')
	-> Insert into sbtest8
    -> Rows fetched before execution


explain: for inserts :: explain INSERT INTO sbtest%u (id, k, c, pad) VALUES (%u, 13, 'foobar', 'foobar')
for inserts
table 1 : explain INSERT INTO sbtest1 (id, k, c, pad) VALUES (8252650, 13, 'foobar', 'foobar')
	-> Insert into sbtest1
    -> Rows fetched before execution


table 2 : explain INSERT INTO sbtest2 (id, k, c, pad) VALUES (9580549, 13, 'foobar', 'foobar')
	-> Insert into sbtest2
    -> Rows fetched before execution


table 3 : explain INSERT INTO sbtest3 (id, k, c, pad) VALUES (3463289, 13, 'foobar', 'foobar')
	-> Insert into sbtest3
    -> Rows fetched before execution


table 4 : explain INSERT INTO sbtest4 (id, k, c, pad) VALUES (3045666, 13, 'foobar', 'foobar')
	-> Insert into sbtest4
    -> Rows fetched before execution


table 5 : explain INSERT INTO sbtest5 (id, k, c, pad) VALUES (7562360, 13, 'foobar', 'foobar')
	-> Insert into sbtest5
    -> Rows fetched before execution


table 6 : explain INSERT INTO sbtest6 (id, k, c, pad) VALUES (6128890, 13, 'foobar', 'foobar')
	-> Insert into sbtest6
    -> Rows fetched before execution


table 7 : explain INSERT INTO sbtest7 (id, k, c, pad) VALUES (5455809, 13, 'foobar', 'foobar')
	-> Insert into sbtest7
    -> Rows fetched before execution


table 8 : explain INSERT INTO sbtest8 (id, k, c, pad) VALUES (8599637, 13, 'foobar', 'foobar')
	-> Insert into sbtest8
    -> Rows fetched before execution


for inserts
table 1 : explain INSERT INTO sbtest1 (id, k, c, pad) VALUES (2988474, 13, 'foobar', 'foobar')
	-> Insert into sbtest1
    -> Rows fetched before execution


table 2 : explain INSERT INTO sbtest2 (id, k, c, pad) VALUES (9859317, 13, 'foobar', 'foobar')
	-> Insert into sbtest2
    -> Rows fetched before execution


table 3 : explain INSERT INTO sbtest3 (id, k, c, pad) VALUES (2392565, 13, 'foobar', 'foobar')
	-> Insert into sbtest3
    -> Rows fetched before execution


table 4 : explain INSERT INTO sbtest4 (id, k, c, pad) VALUES (4548391, 13, 'foobar', 'foobar')
	-> Insert into sbtest4
    -> Rows fetched before execution


table 5 : explain INSERT INTO sbtest5 (id, k, c, pad) VALUES (7891829, 13, 'foobar', 'foobar')
	-> Insert into sbtest5
    -> Rows fetched before execution


table 6 : explain INSERT INTO sbtest6 (id, k, c, pad) VALUES (7817428, 13, 'foobar', 'foobar')
	-> Insert into sbtest6
    -> Rows fetched before execution


table 7 : explain INSERT INTO sbtest7 (id, k, c, pad) VALUES (502721, 13, 'foobar', 'foobar')
	-> Insert into sbtest7
    -> Rows fetched before execution


table 8 : explain INSERT INTO sbtest8 (id, k, c, pad) VALUES (9452247, 13, 'foobar', 'foobar')
	-> Insert into sbtest8
    -> Rows fetched before execution


for inserts
table 1 : explain INSERT INTO sbtest1 (id, k, c, pad) VALUES (6205067, 13, 'foobar', 'foobar')
	-> Insert into sbtest1
    -> Rows fetched before execution


table 2 : explain INSERT INTO sbtest2 (id, k, c, pad) VALUES (5007114, 13, 'foobar', 'foobar')
	-> Insert into sbtest2
    -> Rows fetched before execution


table 3 : explain INSERT INTO sbtest3 (id, k, c, pad) VALUES (4772904, 13, 'foobar', 'foobar')
	-> Insert into sbtest3
    -> Rows fetched before execution


table 4 : explain INSERT INTO sbtest4 (id, k, c, pad) VALUES (8066684, 13, 'foobar', 'foobar')
	-> Insert into sbtest4
    -> Rows fetched before execution


table 5 : explain INSERT INTO sbtest5 (id, k, c, pad) VALUES (3854249, 13, 'foobar', 'foobar')
	-> Insert into sbtest5
    -> Rows fetched before execution


table 6 : explain INSERT INTO sbtest6 (id, k, c, pad) VALUES (7953010, 13, 'foobar', 'foobar')
	-> Insert into sbtest6
    -> Rows fetched before execution


table 7 : explain INSERT INTO sbtest7 (id, k, c, pad) VALUES (3888244, 13, 'foobar', 'foobar')
	-> Insert into sbtest7
    -> Rows fetched before execution


table 8 : explain INSERT INTO sbtest8 (id, k, c, pad) VALUES (6183520, 13, 'foobar', 'foobar')
	-> Insert into sbtest8
    -> Rows fetched before execution


for inserts
table 1 : explain INSERT INTO sbtest1 (id, k, c, pad) VALUES (9682664, 13, 'foobar', 'foobar')
	-> Insert into sbtest1
    -> Rows fetched before execution


table 2 : explain INSERT INTO sbtest2 (id, k, c, pad) VALUES (7070969, 13, 'foobar', 'foobar')
	-> Insert into sbtest2
    -> Rows fetched before execution


table 3 : explain INSERT INTO sbtest3 (id, k, c, pad) VALUES (2155075, 13, 'foobar', 'foobar')
	-> Insert into sbtest3
    -> Rows fetched before execution


table 4 : explain INSERT INTO sbtest4 (id, k, c, pad) VALUES (5786825, 13, 'foobar', 'foobar')
	-> Insert into sbtest4
    -> Rows fetched before execution


table 5 : explain INSERT INTO sbtest5 (id, k, c, pad) VALUES (9928833, 13, 'foobar', 'foobar')
	-> Insert into sbtest5
    -> Rows fetched before execution


table 6 : explain INSERT INTO sbtest6 (id, k, c, pad) VALUES (8042325, 13, 'foobar', 'foobar')
	-> Insert into sbtest6
    -> Rows fetched before execution


table 7 : explain INSERT INTO sbtest7 (id, k, c, pad) VALUES (7347388, 13, 'foobar', 'foobar')
	-> Insert into sbtest7
    -> Rows fetched before execution


table 8 : explain INSERT INTO sbtest8 (id, k, c, pad) VALUES (3089780, 13, 'foobar', 'foobar')
	-> Insert into sbtest8
    -> Rows fetched before execution


explain: for inserts :: explain INSERT INTO sbtest%u (id, k, c, pad) VALUES (%u, 13, 'foobar', 'foobar')
for inserts
table 1 : explain INSERT INTO sbtest1 (id, k, c, pad) VALUES (9289525, 13, 'foobar', 'foobar')
	-> Insert into sbtest1
    -> Rows fetched before execution


table 2 : explain INSERT INTO sbtest2 (id, k, c, pad) VALUES (691677, 13, 'foobar', 'foobar')
	-> Insert into sbtest2
    -> Rows fetched before execution


table 3 : explain INSERT INTO sbtest3 (id, k, c, pad) VALUES (2587424, 13, 'foobar', 'foobar')
	-> Insert into sbtest3
    -> Rows fetched before execution


table 4 : explain INSERT INTO sbtest4 (id, k, c, pad) VALUES (5809341, 13, 'foobar', 'foobar')
	-> Insert into sbtest4
    -> Rows fetched before execution


table 5 : explain INSERT INTO sbtest5 (id, k, c, pad) VALUES (8722088, 13, 'foobar', 'foobar')
	-> Insert into sbtest5
    -> Rows fetched before execution


table 6 : explain INSERT INTO sbtest6 (id, k, c, pad) VALUES (5704817, 13, 'foobar', 'foobar')
	-> Insert into sbtest6
    -> Rows fetched before execution


table 7 : explain INSERT INTO sbtest7 (id, k, c, pad) VALUES (4972365, 13, 'foobar', 'foobar')
	-> Insert into sbtest7
    -> Rows fetched before execution


table 8 : explain INSERT INTO sbtest8 (id, k, c, pad) VALUES (3330772, 13, 'foobar', 'foobar')
	-> Insert into sbtest8
    -> Rows fetched before execution


Threads started!

Warming up for 5 seconds...

SQL statistics:
    queries performed:
        read:                            229857801
        write:                           65673749
        other:                           32836847
        total:                           328368397
    transactions:                        16418443 (17654.07 per sec.)
    queries:                             328368397 (353080.83 per sec.)
    ignored errors:                      0      (0.00 per sec.)
    reconnects:                          0      (0.00 per sec.)

Throughput:
    events/s (eps):                      17654.0663
    time elapsed:                        930.0092s
    total number of events:              16418443

Latency (ms):
         min:                                    1.57
         avg:                                    2.26
         max:                                  167.98
         95th percentile:                        3.43
         sum:                             37183391.35

Threads fairness:
    events (avg/stddev):           410460.9500/1619.70
    execution time (avg/stddev):   929.5848/0.01

