LUA_PATH=/home/mdcallag/git/mytools/bench/sysbench.lua/lua/?.lua /home/mdcallag/git/mytools/bench/sysbench.lua/lua/sysbench --db-driver=mysql --range-size=10000 --table-size=10000000 --tables=8 --threads=40 --events=0 --warmup-time=5 --time=630 /home/mdcallag/git/mytools/bench/sysbench.lua/lua/oltp_read_only.lua run --mysql-user=root --mysql-password=pw --mysql-host=127.0.0.1 --mysql-db=test --rand-type=uniform
48 CPUs
sysbench 1.1.0-9072687 (using bundled LuaJIT 2.1.0-beta3)

Running the test with following options:
Number of threads: 40
Warmup time: 5s
Initializing random number generator from current time


Initializing worker threads...

explain: for point_selects :: explain SELECT c FROM sbtest%u WHERE id=%u
explain: for point_selects :: explain SELECT c FROM sbtest%u WHERE id=%u
explain: for point_selects :: explain SELECT c FROM sbtest%u WHERE id=%u
explain: for point_selects :: explain SELECT c FROM sbtest%u WHERE id=%u
explain: for point_selects :: explain SELECT c FROM sbtest%u WHERE id=%u
explain: for point_selects :: explain SELECT c FROM sbtest%u WHERE id=%u
explain: for point_selects :: explain SELECT c FROM sbtest%u WHERE id=%u
explain: for point_selects :: explain SELECT c FROM sbtest%u WHERE id=%u
explain: for point_selects :: explain SELECT c FROM sbtest%u WHERE id=%u
explain: for point_selects :: explain SELECT c FROM sbtest%u WHERE id=%u
explain: for point_selects :: explain SELECT c FROM sbtest%u WHERE id=%u
explain: for point_selects :: explain SELECT c FROM sbtest%u WHERE id=%u
explain: for point_selects :: explain SELECT c FROM sbtest%u WHERE id=%u
explain: for point_selects :: explain SELECT c FROM sbtest%u WHERE id=%u
explain: for point_selects :: explain SELECT c FROM sbtest%u WHERE id=%u
explain: for point_selects :: explain SELECT c FROM sbtest%u WHERE id=%u
explain: for point_selects :: explain SELECT c FROM sbtest%u WHERE id=%u
explain: for point_selects :: explain SELECT c FROM sbtest%u WHERE id=%u
explain: for point_selects :: explain SELECT c FROM sbtest%u WHERE id=%uexplain: for point_selects :: explain SELECT c FROM sbtest%u WHERE id=%uexplain: for point_selects :: explain SELECT c FROM sbtest%u WHERE id=%uexplain: for point_selects :: explain SELECT c FROM sbtest%u WHERE id=%u



explain: for point_selects :: explain SELECT c FROM sbtest%u WHERE id=%u
for point_selects
table 1 : explain SELECT c FROM sbtest1 WHERE id=4127051
	-> Rows fetched before execution  (cost=0..0 rows=1)


table 2 : explain SELECT c FROM sbtest2 WHERE id=35426
	-> Rows fetched before execution  (cost=0..0 rows=1)


table 3 : explain SELECT c FROM sbtest3 WHERE id=6855516
	-> Rows fetched before execution  (cost=0..0 rows=1)


table 4 : explain SELECT c FROM sbtest4 WHERE id=3090878
	-> Rows fetched before execution  (cost=0..0 rows=1)


table 5 : explain SELECT c FROM sbtest5 WHERE id=9762085
	-> Rows fetched before execution  (cost=0..0 rows=1)


table 6 : explain SELECT c FROM sbtest6 WHERE id=668899
	-> Rows fetched before execution  (cost=0..0 rows=1)


table 7 : explain SELECT c FROM sbtest7 WHERE id=35961
	-> Rows fetched before execution  (cost=0..0 rows=1)


table 8 : explain SELECT c FROM sbtest8 WHERE id=8175043
	-> Rows fetched before execution  (cost=0..0 rows=1)


explain: for point_selects :: explain SELECT c FROM sbtest%u WHERE id=%u
for point_selects
table 1 : explain SELECT c FROM sbtest1 WHERE id=5331274
	-> Rows fetched before execution  (cost=0..0 rows=1)


table 2 : explain SELECT c FROM sbtest2 WHERE id=8258977
	-> Rows fetched before execution  (cost=0..0 rows=1)


table 3 : explain SELECT c FROM sbtest3 WHERE id=4194691
	-> Rows fetched before execution  (cost=0..0 rows=1)


table 4 : explain SELECT c FROM sbtest4 WHERE id=9633604
	-> Rows fetched before execution  (cost=0..0 rows=1)


table 5 : explain SELECT c FROM sbtest5 WHERE id=8722683
	-> Rows fetched before execution  (cost=0..0 rows=1)


table 6 : explain SELECT c FROM sbtest6 WHERE id=760086
	-> Rows fetched before execution  (cost=0..0 rows=1)


table 7 : explain SELECT c FROM sbtest7 WHERE id=7956708
	-> Rows fetched before execution  (cost=0..0 rows=1)


table 8 : explain SELECT c FROM sbtest8 WHERE id=692254
	-> Rows fetched before execution  (cost=0..0 rows=1)


for point_selects
table 1 : explain SELECT c FROM sbtest1 WHERE id=943311
	-> Rows fetched before execution  (cost=0..0 rows=1)


table 2 : explain SELECT c FROM sbtest2 WHERE id=6293781
	-> Rows fetched before execution  (cost=0..0 rows=1)


table 3 : explain SELECT c FROM sbtest3 WHERE id=8210651
	-> Rows fetched before execution  (cost=0..0 rows=1)


table 4 : explain SELECT c FROM sbtest4 WHERE id=3631052
	-> Rows fetched before execution  (cost=0..0 rows=1)


table 5 : explain SELECT c FROM sbtest5 WHERE id=5089291
	-> Rows fetched before execution  (cost=0..0 rows=1)


table 6 : explain SELECT c FROM sbtest6 WHERE id=7155192
	-> Rows fetched before execution  (cost=0..0 rows=1)


table 7 : explain SELECT c FROM sbtest7 WHERE id=774059
	-> Rows fetched before execution  (cost=0..0 rows=1)


table 8 : explain SELECT c FROM sbtest8 WHERE id=1463949
	-> Rows fetched before execution  (cost=0..0 rows=1)


for point_selects
table 1 : explain SELECT c FROM sbtest1 WHERE id=1360379
	-> Rows fetched before execution  (cost=0..0 rows=1)


table 2 : explain SELECT c FROM sbtest2 WHERE id=6264333
	-> Rows fetched before execution  (cost=0..0 rows=1)


table 3 : explain SELECT c FROM sbtest3 WHERE id=5092977
	-> Rows fetched before execution  (cost=0..0 rows=1)


table 4 : explain SELECT c FROM sbtest4 WHERE id=5650862
	-> Rows fetched before execution  (cost=0..0 rows=1)


table 5 : explain SELECT c FROM sbtest5 WHERE id=5895089
	-> Rows fetched before execution  (cost=0..0 rows=1)


table 6 : explain SELECT c FROM sbtest6 WHERE id=1416937
	-> Rows fetched before execution  (cost=0..0 rows=1)


table 7 : explain SELECT c FROM sbtest7 WHERE id=7456583
	-> Rows fetched before execution  (cost=0..0 rows=1)


table 8 : explain SELECT c FROM sbtest8 WHERE id=4223195
	-> Rows fetched before execution  (cost=0..0 rows=1)


for point_selects
table 1 : explain SELECT c FROM sbtest1 WHERE id=7183907
	-> Rows fetched before execution  (cost=0..0 rows=1)


table 2 : explain SELECT c FROM sbtest2 WHERE id=8822433
	-> Rows fetched before execution  (cost=0..0 rows=1)


table 3 : explain SELECT c FROM sbtest3 WHERE id=5640175
	-> Rows fetched before execution  (cost=0..0 rows=1)


table 4 : explain SELECT c FROM sbtest4 WHERE id=3421324
	-> Rows fetched before execution  (cost=0..0 rows=1)


table 5 : explain SELECT c FROM sbtest5 WHERE id=4836297
	-> Rows fetched before execution  (cost=0..0 rows=1)


table 6 : explain SELECT c FROM sbtest6 WHERE id=2569992
	-> Rows fetched before execution  (cost=0..0 rows=1)


table 7 : explain SELECT c FROM sbtest7 WHERE id=519098
	-> Rows fetched before execution  (cost=0..0 rows=1)


table 8 : explain SELECT c FROM sbtest8 WHERE id=4615513
	-> Rows fetched before execution  (cost=0..0 rows=1)


explain: for point_selects :: explain SELECT c FROM sbtest%u WHERE id=%u
for point_selects
table 1 : explain SELECT c FROM sbtest1 WHERE id=2926220
	-> Rows fetched before execution  (cost=0..0 rows=1)


table 2 : explain SELECT c FROM sbtest2 WHERE id=5505509
	-> Rows fetched before execution  (cost=0..0 rows=1)


table 3 : explain SELECT c FROM sbtest3 WHERE id=2287796
	-> Rows fetched before execution  (cost=0..0 rows=1)


table 4 : explain SELECT c FROM sbtest4 WHERE id=7401989
	-> Rows fetched before execution  (cost=0..0 rows=1)


table 5 : explain SELECT c FROM sbtest5 WHERE id=2099020
	-> Rows fetched before execution  (cost=0..0 rows=1)


table 6 : explain SELECT c FROM sbtest6 WHERE id=5911494
	-> Rows fetched before execution  (cost=0..0 rows=1)


table 7 : explain SELECT c FROM sbtest7 WHERE id=8512550
	-> Rows fetched before execution  (cost=0..0 rows=1)


table 8 : explain SELECT c FROM sbtest8 WHERE id=4241140
	-> Rows fetched before execution  (cost=0..0 rows=1)


for point_selects
table 1 : explain SELECT c FROM sbtest1 WHERE id=2237024
	-> Rows fetched before execution  (cost=0..0 rows=1)


table 2 : explain SELECT c FROM sbtest2 WHERE id=8037043
	-> Rows fetched before execution  (cost=0..0 rows=1)


table 3 : explain SELECT c FROM sbtest3 WHERE id=839936
	-> Rows fetched before execution  (cost=0..0 rows=1)


table 4 : explain SELECT c FROM sbtest4 WHERE id=6003790
	-> Rows fetched before execution  (cost=0..0 rows=1)


table 5 : explain SELECT c FROM sbtest5 WHERE id=5212759
	-> Rows fetched before execution  (cost=0..0 rows=1)


table 6 : explain SELECT c FROM sbtest6 WHERE id=6508656
	-> Rows fetched before execution  (cost=0..0 rows=1)


table 7 : explain SELECT c FROM sbtest7 WHERE id=5879016
	-> Rows fetched before execution  (cost=0..0 rows=1)


table 8 : explain SELECT c FROM sbtest8 WHERE id=8195007
	-> Rows fetched before execution  (cost=0..0 rows=1)


for point_selects
table 1 : explain SELECT c FROM sbtest1 WHERE id=4578148
	-> Rows fetched before execution  (cost=0..0 rows=1)


table 2 : explain SELECT c FROM sbtest2 WHERE id=9304239
	-> Rows fetched before execution  (cost=0..0 rows=1)


table 3 : explain SELECT c FROM sbtest3 WHERE id=1571540
	-> Rows fetched before execution  (cost=0..0 rows=1)


table 4 : explain SELECT c FROM sbtest4 WHERE id=3284034
	-> Rows fetched before execution  (cost=0..0 rows=1)


table 5 : explain SELECT c FROM sbtest5 WHERE id=8695741
	-> Rows fetched before execution  (cost=0..0 rows=1)


table 6 : explain SELECT c FROM sbtest6 WHERE id=9323707
	-> Rows fetched before execution  (cost=0..0 rows=1)


table 7 : explain SELECT c FROM sbtest7 WHERE id=9887860
	-> Rows fetched before execution  (cost=0..0 rows=1)


table 8 : explain SELECT c FROM sbtest8 WHERE id=9083492
	-> Rows fetched before execution  (cost=0..0 rows=1)


for point_selects
table 1 : explain SELECT c FROM sbtest1 WHERE id=7312808
	-> Rows fetched before execution  (cost=0..0 rows=1)


table 2 : explain SELECT c FROM sbtest2 WHERE id=2387525
	-> Rows fetched before execution  (cost=0..0 rows=1)


table 3 : explain SELECT c FROM sbtest3 WHERE id=8639813
	-> Rows fetched before execution  (cost=0..0 rows=1)


table 4 : explain SELECT c FROM sbtest4 WHERE id=7326935
	-> Rows fetched before execution  (cost=0..0 rows=1)


table 5 : explain SELECT c FROM sbtest5 WHERE id=2159490
	-> Rows fetched before execution  (cost=0..0 rows=1)


table 6 : explain SELECT c FROM sbtest6 WHERE id=4023890
	-> Rows fetched before execution  (cost=0..0 rows=1)


table 7 : explain SELECT c FROM sbtest7 WHERE id=1005140
	-> Rows fetched before execution  (cost=0..0 rows=1)


table 8 : explain SELECT c FROM sbtest8 WHERE id=7106408
	-> Rows fetched before execution  (cost=0..0 rows=1)


for point_selects
table 1 : explain SELECT c FROM sbtest1 WHERE id=5969235
	-> Rows fetched before execution  (cost=0..0 rows=1)


table 2 : explain SELECT c FROM sbtest2 WHERE id=9694500
	-> Rows fetched before execution  (cost=0..0 rows=1)


table 3 : explain SELECT c FROM sbtest3 WHERE id=5481317
	-> Rows fetched before execution  (cost=0..0 rows=1)


table 4 : explain SELECT c FROM sbtest4 WHERE id=9064983
	-> Rows fetched before execution  (cost=0..0 rows=1)


table 5 : explain SELECT c FROM sbtest5 WHERE id=230636
	-> Rows fetched before execution  (cost=0..0 rows=1)


table 6 : explain SELECT c FROM sbtest6 WHERE id=8535207
	-> Rows fetched before execution  (cost=0..0 rows=1)


table 7 : explain SELECT c FROM sbtest7 WHERE id=3214338
	-> Rows fetched before execution  (cost=0..0 rows=1)


table 8 : explain SELECT c FROM sbtest8 WHERE id=6030384
	-> Rows fetched before execution  (cost=0..0 rows=1)


for point_selects
table 1 : explain SELECT c FROM sbtest1 WHERE id=5608523
	-> Rows fetched before execution  (cost=0..0 rows=1)


table 2 : explain SELECT c FROM sbtest2 WHERE id=5077665
	-> Rows fetched before execution  (cost=0..0 rows=1)


table 3 : explain SELECT c FROM sbtest3 WHERE id=4410355
	-> Rows fetched before execution  (cost=0..0 rows=1)


table 4 : explain SELECT c FROM sbtest4 WHERE id=4445778
	-> Rows fetched before execution  (cost=0..0 rows=1)


table 5 : explain SELECT c FROM sbtest5 WHERE id=895268
	-> Rows fetched before execution  (cost=0..0 rows=1)


table 6 : explain SELECT c FROM sbtest6 WHERE id=2755050
	-> Rows fetched before execution  (cost=0..0 rows=1)


table 7 : explain SELECT c FROM sbtest7 WHERE id=4411488
	-> Rows fetched before execution  (cost=0..0 rows=1)


table 8 : explain SELECT c FROM sbtest8 WHERE id=6493900
	-> Rows fetched before execution  (cost=0..0 rows=1)


for point_selects
table 1 : explain SELECT c FROM sbtest1 WHERE id=6441486
	-> Rows fetched before execution  (cost=0..0 rows=1)


table 2 : explain SELECT c FROM sbtest2 WHERE id=2558532
	-> Rows fetched before execution  (cost=0..0 rows=1)


table 3 : explain SELECT c FROM sbtest3 WHERE id=1004668
	-> Rows fetched before execution  (cost=0..0 rows=1)


table 4 : explain SELECT c FROM sbtest4 WHERE id=8390186
	-> Rows fetched before execution  (cost=0..0 rows=1)


table 5 : explain SELECT c FROM sbtest5 WHERE id=336921
	-> Rows fetched before execution  (cost=0..0 rows=1)


table 6 : explain SELECT c FROM sbtest6 WHERE id=6162494
	-> Rows fetched before execution  (cost=0..0 rows=1)


table 7 : explain SELECT c FROM sbtest7 WHERE id=5213
	-> Rows fetched before execution  (cost=0..0 rows=1)


table 8 : explain SELECT c FROM sbtest8 WHERE id=6370726
	-> Rows fetched before execution  (cost=0..0 rows=1)


for point_selects
table 1 : explain SELECT c FROM sbtest1 WHERE id=4988666
	-> Rows fetched before execution  (cost=0..0 rows=1)


table 2 : explain SELECT c FROM sbtest2 WHERE id=7800190
	-> Rows fetched before execution  (cost=0..0 rows=1)


table 3 : explain SELECT c FROM sbtest3 WHERE id=3296041
	-> Rows fetched before execution  (cost=0..0 rows=1)


table 4 : explain SELECT c FROM sbtest4 WHERE id=3630289
	-> Rows fetched before execution  (cost=0..0 rows=1)


table 5 : explain SELECT c FROM sbtest5 WHERE id=502394
	-> Rows fetched before execution  (cost=0..0 rows=1)


table 6 : explain SELECT c FROM sbtest6 WHERE id=5850522
	-> Rows fetched before execution  (cost=0..0 rows=1)


table 7 : explain SELECT c FROM sbtest7 WHERE id=20456
	-> Rows fetched before execution  (cost=0..0 rows=1)


table 8 : explain SELECT c FROM sbtest8 WHERE id=5404467
	-> Rows fetched before execution  (cost=0..0 rows=1)


explain: for point_selects :: explain SELECT c FROM sbtest%u WHERE id=%u
for point_selects
table 1 : explain SELECT c FROM sbtest1 WHERE id=7256203
	-> Rows fetched before execution  (cost=0..0 rows=1)


table 2 : explain SELECT c FROM sbtest2 WHERE id=9479882
	-> Rows fetched before execution  (cost=0..0 rows=1)


table 3 : explain SELECT c FROM sbtest3 WHERE id=4792903
	-> Rows fetched before execution  (cost=0..0 rows=1)


table 4 : explain SELECT c FROM sbtest4 WHERE id=9183136
	-> Rows fetched before execution  (cost=0..0 rows=1)


table 5 : explain SELECT c FROM sbtest5 WHERE id=6505435
	-> Rows fetched before execution  (cost=0..0 rows=1)


table 6 : explain SELECT c FROM sbtest6 WHERE id=9478748
	-> Rows fetched before execution  (cost=0..0 rows=1)


table 7 : explain SELECT c FROM sbtest7 WHERE id=2126842
	-> Rows fetched before execution  (cost=0..0 rows=1)


table 8 : explain SELECT c FROM sbtest8 WHERE id=8669485
	-> Rows fetched before execution  (cost=0..0 rows=1)


for point_selects
table 1 : explain SELECT c FROM sbtest1 WHERE id=6457342
	-> Rows fetched before execution  (cost=0..0 rows=1)


table 2 : explain SELECT c FROM sbtest2 WHERE id=5675499
	-> Rows fetched before execution  (cost=0..0 rows=1)


table 3 : explain SELECT c FROM sbtest3 WHERE id=5185647
	-> Rows fetched before execution  (cost=0..0 rows=1)


table 4 : explain SELECT c FROM sbtest4 WHERE id=6856449
	-> Rows fetched before execution  (cost=0..0 rows=1)


table 5 : explain SELECT c FROM sbtest5 WHERE id=8535181
	-> Rows fetched before execution  (cost=0..0 rows=1)


table 6 : explain SELECT c FROM sbtest6 WHERE id=1693812
	-> Rows fetched before execution  (cost=0..0 rows=1)


table 7 : explain SELECT c FROM sbtest7 WHERE id=5813282
	-> Rows fetched before execution  (cost=0..0 rows=1)


table 8 : explain SELECT c FROM sbtest8 WHERE id=1696299
	-> Rows fetched before execution  (cost=0..0 rows=1)


for point_selects
table 1 : explain SELECT c FROM sbtest1 WHERE id=2984646
	-> Rows fetched before execution  (cost=0..0 rows=1)


table 2 : explain SELECT c FROM sbtest2 WHERE id=9624162
	-> Rows fetched before execution  (cost=0..0 rows=1)


table 3 : explain SELECT c FROM sbtest3 WHERE id=5710908
	-> Rows fetched before execution  (cost=0..0 rows=1)


table 4 : explain SELECT c FROM sbtest4 WHERE id=1703321
	-> Rows fetched before execution  (cost=0..0 rows=1)


table 5 : explain SELECT c FROM sbtest5 WHERE id=6962120
	-> Rows fetched before execution  (cost=0..0 rows=1)


table 6 : explain SELECT c FROM sbtest6 WHERE id=7914678
	-> Rows fetched before execution  (cost=0..0 rows=1)


table 7 : explain SELECT c FROM sbtest7 WHERE id=9279238
	-> Rows fetched before execution  (cost=0..0 rows=1)


table 8 : explain SELECT c FROM sbtest8 WHERE id=383689
	-> Rows fetched before execution  (cost=0..0 rows=1)


for point_selects
table 1 : explain SELECT c FROM sbtest1 WHERE id=4374199
	-> Rows fetched before execution  (cost=0..0 rows=1)


table 2 : explain SELECT c FROM sbtest2 WHERE id=6567290
	-> Rows fetched before execution  (cost=0..0 rows=1)


table 3 : explain SELECT c FROM sbtest3 WHERE id=2548835
	-> Rows fetched before execution  (cost=0..0 rows=1)


table 4 : explain SELECT c FROM sbtest4 WHERE id=2577656
	-> Rows fetched before execution  (cost=0..0 rows=1)


table 5 : explain SELECT c FROM sbtest5 WHERE id=7558155
	-> Rows fetched before execution  (cost=0..0 rows=1)


table 6 : explain SELECT c FROM sbtest6 WHERE id=8341584
	-> Rows fetched before execution  (cost=0..0 rows=1)


table 7 : explain SELECT c FROM sbtest7 WHERE id=1983014
	-> Rows fetched before execution  (cost=0..0 rows=1)


table 8 : explain SELECT c FROM sbtest8 WHERE id=4226334
	-> Rows fetched before execution  (cost=0..0 rows=1)


for point_selects
table 1 : explain SELECT c FROM sbtest1 WHERE id=7105557
	-> Rows fetched before execution  (cost=0..0 rows=1)


table 2 : explain SELECT c FROM sbtest2 WHERE id=6094069
	-> Rows fetched before execution  (cost=0..0 rows=1)


table 3 : explain SELECT c FROM sbtest3 WHERE id=3732398
	-> Rows fetched before execution  (cost=0..0 rows=1)


table 4 : explain SELECT c FROM sbtest4 WHERE id=9747354
	-> Rows fetched before execution  (cost=0..0 rows=1)


table 5 : explain SELECT c FROM sbtest5 WHERE id=9170549
	-> Rows fetched before execution  (cost=0..0 rows=1)


table 6 : explain SELECT c FROM sbtest6 WHERE id=9500218
	-> Rows fetched before execution  (cost=0..0 rows=1)


table 7 : explain SELECT c FROM sbtest7 WHERE id=3381851
	-> Rows fetched before execution  (cost=0..0 rows=1)


table 8 : explain SELECT c FROM sbtest8 WHERE id=9444619
	-> Rows fetched before execution  (cost=0..0 rows=1)


for point_selects
table 1 : explain SELECT c FROM sbtest1 WHERE id=5862802
	-> Rows fetched before execution  (cost=0..0 rows=1)


table 2 : explain SELECT c FROM sbtest2 WHERE id=1314062
	-> Rows fetched before execution  (cost=0..0 rows=1)


table 3 : explain SELECT c FROM sbtest3 WHERE id=1982028
	-> Rows fetched before execution  (cost=0..0 rows=1)


table 4 : explain SELECT c FROM sbtest4 WHERE id=8712826
	-> Rows fetched before execution  (cost=0..0 rows=1)


table 5 : explain SELECT c FROM sbtest5 WHERE id=7295861
	-> Rows fetched before execution  (cost=0..0 rows=1)


table 6 : explain SELECT c FROM sbtest6 WHERE id=9927541
	-> Rows fetched before execution  (cost=0..0 rows=1)


table 7 : explain SELECT c FROM sbtest7 WHERE id=5546994
	-> Rows fetched before execution  (cost=0..0 rows=1)


table 8 : explain SELECT c FROM sbtest8 WHERE id=9227599
	-> Rows fetched before execution  (cost=0..0 rows=1)


for point_selects
table 1 : explain SELECT c FROM sbtest1 WHERE id=6428151
	-> Rows fetched before execution  (cost=0..0 rows=1)


table 2 : explain SELECT c FROM sbtest2 WHERE id=8022963
	-> Rows fetched before execution  (cost=0..0 rows=1)


table 3 : explain SELECT c FROM sbtest3 WHERE id=6994244
	-> Rows fetched before execution  (cost=0..0 rows=1)


table 4 : explain SELECT c FROM sbtest4 WHERE id=4815969
	-> Rows fetched before execution  (cost=0..0 rows=1)


table 5 : explain SELECT c FROM sbtest5 WHERE id=9293572
	-> Rows fetched before execution  (cost=0..0 rows=1)


table 6 : explain SELECT c FROM sbtest6 WHERE id=2560056
	-> Rows fetched before execution  (cost=0..0 rows=1)


table 7 : explain SELECT c FROM sbtest7 WHERE id=9499896
	-> Rows fetched before execution  (cost=0..0 rows=1)


table 8 : explain SELECT c FROM sbtest8 WHERE id=9582851
	-> Rows fetched before execution  (cost=0..0 rows=1)


for point_selects
table 1 : explain SELECT c FROM sbtest1 WHERE id=5856561
	-> Rows fetched before execution  (cost=0..0 rows=1)


table 2 : explain SELECT c FROM sbtest2 WHERE id=3558905
	-> Rows fetched before execution  (cost=0..0 rows=1)


table 3 : explain SELECT c FROM sbtest3 WHERE id=9165644
	-> Rows fetched before execution  (cost=0..0 rows=1)


table 4 : explain SELECT c FROM sbtest4 WHERE id=8752956
	-> Rows fetched before execution  (cost=0..0 rows=1)


table 5 : explain SELECT c FROM sbtest5 WHERE id=771094
	-> Rows fetched before execution  (cost=0..0 rows=1)


table 6 : explain SELECT c FROM sbtest6 WHERE id=1589544
	-> Rows fetched before execution  (cost=0..0 rows=1)


table 7 : explain SELECT c FROM sbtest7 WHERE id=5897927
	-> Rows fetched before execution  (cost=0..0 rows=1)


table 8 : explain SELECT c FROM sbtest8 WHERE id=4613741
	-> Rows fetched before execution  (cost=0..0 rows=1)


for point_selects
table 1 : explain SELECT c FROM sbtest1 WHERE id=4177569
	-> Rows fetched before execution  (cost=0..0 rows=1)


table 2 : explain SELECT c FROM sbtest2 WHERE id=480304
	-> Rows fetched before execution  (cost=0..0 rows=1)


table 3 : explain SELECT c FROM sbtest3 WHERE id=6691340
	-> Rows fetched before execution  (cost=0..0 rows=1)


table 4 : explain SELECT c FROM sbtest4 WHERE id=3553467
	-> Rows fetched before execution  (cost=0..0 rows=1)


table 5 : explain SELECT c FROM sbtest5 WHERE id=2561293
	-> Rows fetched before execution  (cost=0..0 rows=1)


table 6 : explain SELECT c FROM sbtest6 WHERE id=9862109
	-> Rows fetched before execution  (cost=0..0 rows=1)


table 7 : explain SELECT c FROM sbtest7 WHERE id=6027027
	-> Rows fetched before execution  (cost=0..0 rows=1)


table 8 : explain SELECT c FROM sbtest8 WHERE id=7441731
	-> Rows fetched before execution  (cost=0..0 rows=1)


for point_selects
table 1 : explain SELECT c FROM sbtest1 WHERE id=4404384
	-> Rows fetched before execution  (cost=0..0 rows=1)


table 2 : explain SELECT c FROM sbtest2 WHERE id=8545747
	-> Rows fetched before execution  (cost=0..0 rows=1)


table 3 : explain SELECT c FROM sbtest3 WHERE id=4247146
	-> Rows fetched before execution  (cost=0..0 rows=1)


table 4 : explain SELECT c FROM sbtest4 WHERE id=1953150
	-> Rows fetched before execution  (cost=0..0 rows=1)


table 5 : explain SELECT c FROM sbtest5 WHERE id=1039852
	-> Rows fetched before execution  (cost=0..0 rows=1)


table 6 : explain SELECT c FROM sbtest6 WHERE id=4466469
	-> Rows fetched before execution  (cost=0..0 rows=1)


table 7 : explain SELECT c FROM sbtest7 WHERE id=8712454
	-> Rows fetched before execution  (cost=0..0 rows=1)


table 8 : explain SELECT c FROM sbtest8 WHERE id=428329
	-> Rows fetched before execution  (cost=0..0 rows=1)


for point_selects
table 1 : explain SELECT c FROM sbtest1 WHERE id=9156919
	-> Rows fetched before execution  (cost=0..0 rows=1)


table 2 : explain SELECT c FROM sbtest2 WHERE id=1427086
	-> Rows fetched before execution  (cost=0..0 rows=1)


table 3 : explain SELECT c FROM sbtest3 WHERE id=3977714
	-> Rows fetched before execution  (cost=0..0 rows=1)


table 4 : explain SELECT c FROM sbtest4 WHERE id=3116110
	-> Rows fetched before execution  (cost=0..0 rows=1)


table 5 : explain SELECT c FROM sbtest5 WHERE id=3743257
	-> Rows fetched before execution  (cost=0..0 rows=1)


table 6 : explain SELECT c FROM sbtest6 WHERE id=5194361
	-> Rows fetched before execution  (cost=0..0 rows=1)


table 7 : explain SELECT c FROM sbtest7 WHERE id=7894266
	-> Rows fetched before execution  (cost=0..0 rows=1)


table 8 : explain SELECT c FROM sbtest8 WHERE id=6453429
	-> Rows fetched before execution  (cost=0..0 rows=1)


explain: for point_selects :: explain SELECT c FROM sbtest%u WHERE id=%u
explain: for point_selects :: explain SELECT c FROM sbtest%u WHERE id=%u
explain: for point_selects :: explain SELECT c FROM sbtest%u WHERE id=%u
explain: for point_selects :: explain SELECT c FROM sbtest%u WHERE id=%u
for point_selects
table 1 : explain SELECT c FROM sbtest1 WHERE id=2881229
	-> Rows fetched before execution  (cost=0..0 rows=1)


table 2 : explain SELECT c FROM sbtest2 WHERE id=5567000
	-> Rows fetched before execution  (cost=0..0 rows=1)


table 3 : explain SELECT c FROM sbtest3 WHERE id=5632680
	-> Rows fetched before execution  (cost=0..0 rows=1)


table 4 : explain SELECT c FROM sbtest4 WHERE id=2532143
	-> Rows fetched before execution  (cost=0..0 rows=1)


table 5 : explain SELECT c FROM sbtest5 WHERE id=6293395
	-> Rows fetched before execution  (cost=0..0 rows=1)


table 6 : explain SELECT c FROM sbtest6 WHERE id=8601427
	-> Rows fetched before execution  (cost=0..0 rows=1)


table 7 : explain SELECT c FROM sbtest7 WHERE id=4630054
	-> Rows fetched before execution  (cost=0..0 rows=1)


table 8 : explain SELECT c FROM sbtest8 WHERE id=5306108
	-> Rows fetched before execution  (cost=0..0 rows=1)


for point_selects
table 1 : explain SELECT c FROM sbtest1 WHERE id=3697568
	-> Rows fetched before execution  (cost=0..0 rows=1)


table 2 : explain SELECT c FROM sbtest2 WHERE id=2753350
	-> Rows fetched before execution  (cost=0..0 rows=1)


table 3 : explain SELECT c FROM sbtest3 WHERE id=3878356
	-> Rows fetched before execution  (cost=0..0 rows=1)


table 4 : explain SELECT c FROM sbtest4 WHERE id=3423639
	-> Rows fetched before execution  (cost=0..0 rows=1)


table 5 : explain SELECT c FROM sbtest5 WHERE id=8787688
	-> Rows fetched before execution  (cost=0..0 rows=1)


table 6 : explain SELECT c FROM sbtest6 WHERE id=7331005
	-> Rows fetched before execution  (cost=0..0 rows=1)


table 7 : explain SELECT c FROM sbtest7 WHERE id=3979716
	-> Rows fetched before execution  (cost=0..0 rows=1)


table 8 : explain SELECT c FROM sbtest8 WHERE id=7939678
	-> Rows fetched before execution  (cost=0..0 rows=1)


explain: for point_selects :: explain SELECT c FROM sbtest%u WHERE id=%u
explain: for point_selects :: explain SELECT c FROM sbtest%u WHERE id=%u
explain: for point_selects :: explain SELECT c FROM sbtest%u WHERE id=%u
for: simple_ranges
table 1 : explain SELECT c FROM sbtest1 WHERE id BETWEEN 322492 AND 332491
	-> Filter: (sbtest1.id between 322492 and 332491)  (cost=3991 rows=19800)
    -> Index range scan on sbtest1 using PRIMARY over (322492 <= id <= 332491)  (cost=3991 rows=19800)


table 2 : explain SELECT c FROM sbtest2 WHERE id BETWEEN 2752737 AND 2762736
	-> Filter: (sbtest2.id between 2752737 and 2762736)  (cost=3991 rows=19800)
    -> Index range scan on sbtest2 using PRIMARY over (2752737 <= id <= 2762736)  (cost=3991 rows=19800)


table 3 : explain SELECT c FROM sbtest3 WHERE id BETWEEN 3973906 AND 3983905
	-> Filter: (sbtest3.id between 3973906 and 3983905)  (cost=3991 rows=19800)
    -> Index range scan on sbtest3 using PRIMARY over (3973906 <= id <= 3983905)  (cost=3991 rows=19800)


table 4 : explain SELECT c FROM sbtest4 WHERE id BETWEEN 8792010 AND 8802009
	-> Filter: (sbtest4.id between 8792010 and 8802009)  (cost=3991 rows=19800)
    -> Index range scan on sbtest4 using PRIMARY over (8792010 <= id <= 8802009)  (cost=3991 rows=19800)


table 5 : explain SELECT c FROM sbtest5 WHERE id BETWEEN 9252945 AND 9262944
	-> Filter: (sbtest5.id between 9252945 and 9262944)  (cost=3991 rows=19800)
    -> Index range scan on sbtest5 using PRIMARY over (9252945 <= id <= 9262944)  (cost=3991 rows=19800)


table 6 : explain SELECT c FROM sbtest6 WHERE id BETWEEN 468716 AND 478715
	-> Filter: (sbtest6.id between 468716 and 478715)  (cost=3991 rows=19800)
    -> Index range scan on sbtest6 using PRIMARY over (468716 <= id <= 478715)  (cost=3991 rows=19800)


table 7 : explain SELECT c FROM sbtest7 WHERE id BETWEEN 6700810 AND 6710809
	-> Filter: (sbtest7.id between 6700810 and 6710809)  (cost=3991 rows=19800)
    -> Index range scan on sbtest7 using PRIMARY over (6700810 <= id <= 6710809)  (cost=3991 rows=19800)


table 8 : explain SELECT c FROM sbtest8 WHERE id BETWEEN 9137613 AND 9147612
	-> Filter: (sbtest8.id between 9137613 and 9147612)  (cost=3991 rows=19800)
    -> Index range scan on sbtest8 using PRIMARY over (9137613 <= id <= 9147612)  (cost=3991 rows=19800)


for: simple_ranges
table 1 : explain SELECT c FROM sbtest1 WHERE id BETWEEN 8758457 AND 8768456
	-> Filter: (sbtest1.id between 8758457 and 8768456)  (cost=3991 rows=19800)
    -> Index range scan on sbtest1 using PRIMARY over (8758457 <= id <= 8768456)  (cost=3991 rows=19800)


table 2 : explain SELECT c FROM sbtest2 WHERE id BETWEEN 6339090 AND 6349089
	-> Filter: (sbtest2.id between 6339090 and 6349089)  (cost=3991 rows=19800)
    -> Index range scan on sbtest2 using PRIMARY over (6339090 <= id <= 6349089)  (cost=3991 rows=19800)


table 3 : explain SELECT c FROM sbtest3 WHERE id BETWEEN 8661198 AND 8671197
	-> Filter: (sbtest3.id between 8661198 and 8671197)  (cost=3991 rows=19800)
    -> Index range scan on sbtest3 using PRIMARY over (8661198 <= id <= 8671197)  (cost=3991 rows=19800)


table 4 : explain SELECT c FROM sbtest4 WHERE id BETWEEN 1456830 AND 1466829
	-> Filter: (sbtest4.id between 1456830 and 1466829)  (cost=3991 rows=19800)
    -> Index range scan on sbtest4 using PRIMARY over (1456830 <= id <= 1466829)  (cost=3991 rows=19800)


table 5 : explain SELECT c FROM sbtest5 WHERE id BETWEEN 8340401 AND 8350400
	-> Filter: (sbtest5.id between 8340401 and 8350400)  (cost=3991 rows=19800)
    -> Index range scan on sbtest5 using PRIMARY over (8340401 <= id <= 8350400)  (cost=3991 rows=19800)


table 6 : explain SELECT c FROM sbtest6 WHERE id BETWEEN 7377362 AND 7387361
	-> Filter: (sbtest6.id between 7377362 and 7387361)  (cost=3991 rows=19800)
    -> Index range scan on sbtest6 using PRIMARY over (7377362 <= id <= 7387361)  (cost=3991 rows=19800)


table 7 : explain SELECT c FROM sbtest7 WHERE id BETWEEN 9934967 AND 9944966
	-> Filter: (sbtest7.id between 9934967 and 9944966)  (cost=3991 rows=19800)
    -> Index range scan on sbtest7 using PRIMARY over (9934967 <= id <= 9944966)  (cost=3991 rows=19800)


table 8 : explain SELECT c FROM sbtest8 WHERE id BETWEEN 4362350 AND 4372349
	-> Filter: (sbtest8.id between 4362350 and 4372349)  (cost=3991 rows=19800)
    -> Index range scan on sbtest8 using PRIMARY over (4362350 <= id <= 4372349)  (cost=3991 rows=19800)


explain: for point_selects :: explain SELECT c FROM sbtest%u WHERE id=%u
for: simple_ranges
table 1 : explain SELECT c FROM sbtest1 WHERE id BETWEEN 3559155 AND 3569154
	-> Filter: (sbtest1.id between 3559155 and 3569154)  (cost=3991 rows=19800)
    -> Index range scan on sbtest1 using PRIMARY over (3559155 <= id <= 3569154)  (cost=3991 rows=19800)


table 2 : explain SELECT c FROM sbtest2 WHERE id BETWEEN 8655792 AND 8665791
	-> Filter: (sbtest2.id between 8655792 and 8665791)  (cost=3991 rows=19800)
    -> Index range scan on sbtest2 using PRIMARY over (8655792 <= id <= 8665791)  (cost=3991 rows=19800)


table 3 : explain SELECT c FROM sbtest3 WHERE id BETWEEN 1202756 AND 1212755
	-> Filter: (sbtest3.id between 1202756 and 1212755)  (cost=3991 rows=19800)
    -> Index range scan on sbtest3 using PRIMARY over (1202756 <= id <= 1212755)  (cost=3991 rows=19800)


table 4 : explain SELECT c FROM sbtest4 WHERE id BETWEEN 3812626 AND 3822625
	-> Filter: (sbtest4.id between 3812626 and 3822625)  (cost=3991 rows=19800)
    -> Index range scan on sbtest4 using PRIMARY over (3812626 <= id <= 3822625)  (cost=3991 rows=19800)


table 5 : explain SELECT c FROM sbtest5 WHERE id BETWEEN 7223973 AND 7233972
	-> Filter: (sbtest5.id between 7223973 and 7233972)  (cost=3991 rows=19800)
    -> Index range scan on sbtest5 using PRIMARY over (7223973 <= id <= 7233972)  (cost=3991 rows=19800)


table 6 : explain SELECT c FROM sbtest6 WHERE id BETWEEN 6151679 AND 6161678
	-> Filter: (sbtest6.id between 6151679 and 6161678)  (cost=3991 rows=19800)
    -> Index range scan on sbtest6 using PRIMARY over (6151679 <= id <= 6161678)  (cost=3991 rows=19800)


table 7 : explain SELECT c FROM sbtest7 WHERE id BETWEEN 322260 AND 332259
	-> Filter: (sbtest7.id between 322260 and 332259)  (cost=4360 rows=21626)
    -> Index range scan on sbtest7 using PRIMARY over (322260 <= id <= 332259)  (cost=4360 rows=21626)


table 8 : explain SELECT c FROM sbtest8 WHERE id BETWEEN 2417067 AND 2427066
	-> Filter: (sbtest8.id between 2417067 and 2427066)  (cost=3997 rows=19828)
    -> Index range scan on sbtest8 using PRIMARY over (2417067 <= id <= 2427066)  (cost=3997 rows=19828)


for point_selects
table 1 : explain SELECT c FROM sbtest1 WHERE id=5727398
	-> Rows fetched before execution  (cost=0..0 rows=1)


table 2 : explain SELECT c FROM sbtest2 WHERE id=8831014
	-> Rows fetched before execution  (cost=0..0 rows=1)


table 3 : explain SELECT c FROM sbtest3 WHERE id=1396017
	-> Rows fetched before execution  (cost=0..0 rows=1)


table 4 : explain SELECT c FROM sbtest4 WHERE id=5171689
	-> Rows fetched before execution  (cost=0..0 rows=1)


table 5 : explain SELECT c FROM sbtest5 WHERE id=924494
	-> Rows fetched before execution  (cost=0..0 rows=1)


table 6 : explain SELECT c FROM sbtest6 WHERE id=1051176
	-> Rows fetched before execution  (cost=0..0 rows=1)


table 7 : explain SELECT c FROM sbtest7 WHERE id=1863509
	-> Rows fetched before execution  (cost=0..0 rows=1)


table 8 : explain SELECT c FROM sbtest8 WHERE id=8454783
	-> Rows fetched before execution  (cost=0..0 rows=1)


for: simple_ranges
table 1 : explain SELECT c FROM sbtest1 WHERE id BETWEEN 6982142 AND 6992141
	-> Filter: (sbtest1.id between 6982142 and 6992141)  (cost=3991 rows=19800)
    -> Index range scan on sbtest1 using PRIMARY over (6982142 <= id <= 6992141)  (cost=3991 rows=19800)


table 2 : explain SELECT c FROM sbtest2 WHERE id BETWEEN 8854878 AND 8864877
	-> Filter: (sbtest2.id between 8854878 and 8864877)  (cost=3991 rows=19800)
    -> Index range scan on sbtest2 using PRIMARY over (8854878 <= id <= 8864877)  (cost=3991 rows=19800)


table 3 : explain SELECT c FROM sbtest3 WHERE id BETWEEN 3611978 AND 3621977
	-> Filter: (sbtest3.id between 3611978 and 3621977)  (cost=3991 rows=19800)
    -> Index range scan on sbtest3 using PRIMARY over (3611978 <= id <= 3621977)  (cost=3991 rows=19800)


table 4 : explain SELECT c FROM sbtest4 WHERE id BETWEEN 9670816 AND 9680815
	-> Filter: (sbtest4.id between 9670816 and 9680815)  (cost=3991 rows=19800)
    -> Index range scan on sbtest4 using PRIMARY over (9670816 <= id <= 9680815)  (cost=3991 rows=19800)


table 5 : explain SELECT c FROM sbtest5 WHERE id BETWEEN 7726914 AND 7736913
	-> Filter: (sbtest5.id between 7726914 and 7736913)  (cost=3991 rows=19800)
    -> Index range scan on sbtest5 using PRIMARY over (7726914 <= id <= 7736913)  (cost=3991 rows=19800)


table 6 : explain SELECT c FROM sbtest6 WHERE id BETWEEN 9489603 AND 9499602
	-> Filter: (sbtest6.id between 9489603 and 9499602)  (cost=3991 rows=19800)
    -> Index range scan on sbtest6 using PRIMARY over (9489603 <= id <= 9499602)  (cost=3991 rows=19800)


table 7 : explain SELECT c FROM sbtest7 WHERE id BETWEEN 7680857 AND 7690856
	-> Filter: (sbtest7.id between 7680857 and 7690856)  (cost=3991 rows=19800)
    -> Index range scan on sbtest7 using PRIMARY over (7680857 <= id <= 7690856)  (cost=3991 rows=19800)


table 8 : explain SELECT c FROM sbtest8 WHERE id BETWEEN 8685437 AND 8695436
	-> Filter: (sbtest8.id between 8685437 and 8695436)  (cost=3991 rows=19800)
    -> Index range scan on sbtest8 using PRIMARY over (8685437 <= id <= 8695436)  (cost=3991 rows=19800)


for: simple_ranges
table 1 : explain SELECT c FROM sbtest1 WHERE id BETWEEN 1439641 AND 1449640
	-> Filter: (sbtest1.id between 1439641 and 1449640)  (cost=3991 rows=19800)
    -> Index range scan on sbtest1 using PRIMARY over (1439641 <= id <= 1449640)  (cost=3991 rows=19800)


table 2 : explain SELECT c FROM sbtest2 WHERE id BETWEEN 1156985 AND 1166984
	-> Filter: (sbtest2.id between 1156985 and 1166984)  (cost=3991 rows=19800)
    -> Index range scan on sbtest2 using PRIMARY over (1156985 <= id <= 1166984)  (cost=3991 rows=19800)


table 3 : explain SELECT c FROM sbtest3 WHERE id BETWEEN 2218080 AND 2228079
	-> Filter: (sbtest3.id between 2218080 and 2228079)  (cost=3991 rows=19800)
    -> Index range scan on sbtest3 using PRIMARY over (2218080 <= id <= 2228079)  (cost=3991 rows=19800)


table 4 : explain SELECT c FROM sbtest4 WHERE id BETWEEN 6043553 AND 6053552
	-> Filter: (sbtest4.id between 6043553 and 6053552)  (cost=3991 rows=19800)
    -> Index range scan on sbtest4 using PRIMARY over (6043553 <= id <= 6053552)  (cost=3991 rows=19800)


table 5 : explain SELECT c FROM sbtest5 WHERE id BETWEEN 6781238 AND 6791237
	-> Filter: (sbtest5.id between 6781238 and 6791237)  (cost=3991 rows=19800)
    -> Index range scan on sbtest5 using PRIMARY over (6781238 <= id <= 6791237)  (cost=3991 rows=19800)


table 6 : explain SELECT c FROM sbtest6 WHERE id BETWEEN 8343249 AND 8353248
	-> Filter: (sbtest6.id between 8343249 and 8353248)  (cost=3991 rows=19800)
    -> Index range scan on sbtest6 using PRIMARY over (8343249 <= id <= 8353248)  (cost=3991 rows=19800)


table 7 : explain SELECT c FROM sbtest7 WHERE id BETWEEN 3350392 AND 3360391
	-> Filter: (sbtest7.id between 3350392 and 3360391)  (cost=3991 rows=19800)
    -> Index range scan on sbtest7 using PRIMARY over (3350392 <= id <= 3360391)  (cost=3991 rows=19800)


table 8 : explain SELECT c FROM sbtest8 WHERE id BETWEEN 6535544 AND 6545543
	-> Filter: (sbtest8.id between 6535544 and 6545543)  (cost=3991 rows=19800)
    -> Index range scan on sbtest8 using PRIMARY over (6535544 <= id <= 6545543)  (cost=3991 rows=19800)


for: simple_ranges
table 1 : explain SELECT c FROM sbtest1 WHERE id BETWEEN 6345519 AND 6355518
	-> Filter: (sbtest1.id between 6345519 and 6355518)  (cost=3991 rows=19800)
    -> Index range scan on sbtest1 using PRIMARY over (6345519 <= id <= 6355518)  (cost=3991 rows=19800)


table 2 : explain SELECT c FROM sbtest2 WHERE id BETWEEN 5021599 AND 5031598
	-> Filter: (sbtest2.id between 5021599 and 5031598)  (cost=3991 rows=19800)
    -> Index range scan on sbtest2 using PRIMARY over (5021599 <= id <= 5031598)  (cost=3991 rows=19800)


table 3 : explain SELECT c FROM sbtest3 WHERE id BETWEEN 4076423 AND 4086422
	-> Filter: (sbtest3.id between 4076423 and 4086422)  (cost=3991 rows=19800)
    -> Index range scan on sbtest3 using PRIMARY over (4076423 <= id <= 4086422)  (cost=3991 rows=19800)


table 4 : explain SELECT c FROM sbtest4 WHERE id BETWEEN 9409040 AND 9419039
	-> Filter: (sbtest4.id between 9409040 and 9419039)  (cost=3991 rows=19800)
    -> Index range scan on sbtest4 using PRIMARY over (9409040 <= id <= 9419039)  (cost=3991 rows=19800)


table 5 : explain SELECT c FROM sbtest5 WHERE id BETWEEN 9876332 AND 9886331
	-> Filter: (sbtest5.id between 9876332 and 9886331)  (cost=3991 rows=19800)
    -> Index range scan on sbtest5 using PRIMARY over (9876332 <= id <= 9886331)  (cost=3991 rows=19800)


table 6 : explain SELECT c FROM sbtest6 WHERE id BETWEEN 9444643 AND 9454642
	-> Filter: (sbtest6.id between 9444643 and 9454642)  (cost=3991 rows=19800)
    -> Index range scan on sbtest6 using PRIMARY over (9444643 <= id <= 9454642)  (cost=3991 rows=19800)


table 7 : explain SELECT c FROM sbtest7 WHERE id BETWEEN 4600273 AND 4610272
	-> Filter: (sbtest7.id between 4600273 and 4610272)  (cost=3991 rows=19800)
    -> Index range scan on sbtest7 using PRIMARY over (4600273 <= id <= 4610272)  (cost=3991 rows=19800)


table 8 : explain SELECT c FROM sbtest8 WHERE id BETWEEN 6673808 AND 6683807
	-> Filter: (sbtest8.id between 6673808 and 6683807)  (cost=3991 rows=19800)
    -> Index range scan on sbtest8 using PRIMARY over (6673808 <= id <= 6683807)  (cost=3991 rows=19800)


for point_selects
table 1 : explain SELECT c FROM sbtest1 WHERE id=4941731
	-> Rows fetched before execution  (cost=0..0 rows=1)


table 2 : explain SELECT c FROM sbtest2 WHERE id=1137639
	-> Rows fetched before execution  (cost=0..0 rows=1)


table 3 : explain SELECT c FROM sbtest3 WHERE id=1543725
	-> Rows fetched before execution  (cost=0..0 rows=1)


table 4 : explain SELECT c FROM sbtest4 WHERE id=8494480
	-> Rows fetched before execution  (cost=0..0 rows=1)


table 5 : explain SELECT c FROM sbtest5 WHERE id=1244401
	-> Rows fetched before execution  (cost=0..0 rows=1)


table 6 : explain SELECT c FROM sbtest6 WHERE id=2303344
	-> Rows fetched before execution  (cost=0..0 rows=1)


table 7 : explain SELECT c FROM sbtest7 WHERE id=4889330
	-> Rows fetched before execution  (cost=0..0 rows=1)


table 8 : explain SELECT c FROM sbtest8 WHERE id=1272490
	-> Rows fetched before execution  (cost=0..0 rows=1)


for point_selects
table 1 : explain SELECT c FROM sbtest1 WHERE id=4965068
	-> Rows fetched before execution  (cost=0..0 rows=1)


table 2 : explain SELECT c FROM sbtest2 WHERE id=8033672
	-> Rows fetched before execution  (cost=0..0 rows=1)


table 3 : explain SELECT c FROM sbtest3 WHERE id=4232765
	-> Rows fetched before execution  (cost=0..0 rows=1)


table 4 : explain SELECT c FROM sbtest4 WHERE id=849648
	-> Rows fetched before execution  (cost=0..0 rows=1)


table 5 : explain SELECT c FROM sbtest5 WHERE id=3429377
	-> Rows fetched before execution  (cost=0..0 rows=1)


table 6 : explain SELECT c FROM sbtest6 WHERE id=7519408
	-> Rows fetched before execution  (cost=0..0 rows=1)


table 7 : explain SELECT c FROM sbtest7 WHERE id=1143058
	-> Rows fetched before execution  (cost=0..0 rows=1)


table 8 : explain SELECT c FROM sbtest8 WHERE id=2386132
	-> Rows fetched before execution  (cost=0..0 rows=1)


for: simple_ranges
table 1 : explain SELECT c FROM sbtest1 WHERE id BETWEEN 4559893 AND 4569892
	-> Filter: (sbtest1.id between 4559893 and 4569892)  (cost=3991 rows=19800)
    -> Index range scan on sbtest1 using PRIMARY over (4559893 <= id <= 4569892)  (cost=3991 rows=19800)


table 2 : explain SELECT c FROM sbtest2 WHERE id BETWEEN 6842457 AND 6852456
	-> Filter: (sbtest2.id between 6842457 and 6852456)  (cost=3991 rows=19800)
    -> Index range scan on sbtest2 using PRIMARY over (6842457 <= id <= 6852456)  (cost=3991 rows=19800)


table 3 : explain SELECT c FROM sbtest3 WHERE id BETWEEN 9989738 AND 9999737
	-> Filter: (sbtest3.id between 9989738 and 9999737)  (cost=3991 rows=19800)
    -> Index range scan on sbtest3 using PRIMARY over (9989738 <= id <= 9999737)  (cost=3991 rows=19800)


table 4 : explain SELECT c FROM sbtest4 WHERE id BETWEEN 554771 AND 564770
	-> Filter: (sbtest4.id between 554771 and 564770)  (cost=3991 rows=19800)
    -> Index range scan on sbtest4 using PRIMARY over (554771 <= id <= 564770)  (cost=3991 rows=19800)


table 5 : explain SELECT c FROM sbtest5 WHERE id BETWEEN 3872755 AND 3882754
	-> Filter: (sbtest5.id between 3872755 and 3882754)  (cost=3991 rows=19800)
    -> Index range scan on sbtest5 using PRIMARY over (3872755 <= id <= 3882754)  (cost=3991 rows=19800)


table 6 : explain SELECT c FROM sbtest6 WHERE id BETWEEN 4549778 AND 4559777
	-> Filter: (sbtest6.id between 4549778 and 4559777)  (cost=3991 rows=19800)
    -> Index range scan on sbtest6 using PRIMARY over (4549778 <= id <= 4559777)  (cost=3991 rows=19800)


table 7 : explain SELECT c FROM sbtest7 WHERE id BETWEEN 6046980 AND 6056979
	-> Filter: (sbtest7.id between 6046980 and 6056979)  (cost=3991 rows=19800)
    -> Index range scan on sbtest7 using PRIMARY over (6046980 <= id <= 6056979)  (cost=3991 rows=19800)


table 8 : explain SELECT c FROM sbtest8 WHERE id BETWEEN 5678824 AND 5688823
	-> Filter: (sbtest8.id between 5678824 and 5688823)  (cost=3991 rows=19800)
    -> Index range scan on sbtest8 using PRIMARY over (5678824 <= id <= 5688823)  (cost=3991 rows=19800)


explain: for point_selects :: explain SELECT c FROM sbtest%u WHERE id=%u
for: simple_ranges
table 1 : explain SELECT c FROM sbtest1 WHERE id BETWEEN 6513968 AND 6523967
	-> Filter: (sbtest1.id between 6513968 and 6523967)  (cost=3991 rows=19800)
    -> Index range scan on sbtest1 using PRIMARY over (6513968 <= id <= 6523967)  (cost=3991 rows=19800)


table 2 : explain SELECT c FROM sbtest2 WHERE id BETWEEN 6690808 AND 6700807
	-> Filter: (sbtest2.id between 6690808 and 6700807)  (cost=3991 rows=19800)
    -> Index range scan on sbtest2 using PRIMARY over (6690808 <= id <= 6700807)  (cost=3991 rows=19800)


table 3 : explain SELECT c FROM sbtest3 WHERE id BETWEEN 9670073 AND 9680072
	-> Filter: (sbtest3.id between 9670073 and 9680072)  (cost=3991 rows=19800)
    -> Index range scan on sbtest3 using PRIMARY over (9670073 <= id <= 9680072)  (cost=3991 rows=19800)


table 4 : explain SELECT c FROM sbtest4 WHERE id BETWEEN 66151 AND 76150
	-> Filter: (sbtest4.id between 66151 and 76150)  (cost=3991 rows=19800)
    -> Index range scan on sbtest4 using PRIMARY over (66151 <= id <= 76150)  (cost=3991 rows=19800)


table 5 : explain SELECT c FROM sbtest5 WHERE id BETWEEN 9306886 AND 9316885
	-> Filter: (sbtest5.id between 9306886 and 9316885)  (cost=3991 rows=19800)
    -> Index range scan on sbtest5 using PRIMARY over (9306886 <= id <= 9316885)  (cost=3991 rows=19800)


table 6 : explain SELECT c FROM sbtest6 WHERE id BETWEEN 4173319 AND 4183318
	-> Filter: (sbtest6.id between 4173319 and 4183318)  (cost=3991 rows=19800)
    -> Index range scan on sbtest6 using PRIMARY over (4173319 <= id <= 4183318)  (cost=3991 rows=19800)


table 7 : explain SELECT c FROM sbtest7 WHERE id BETWEEN 7241751 AND 7251750
	-> Filter: (sbtest7.id between 7241751 and 7251750)  (cost=3991 rows=19800)
    -> Index range scan on sbtest7 using PRIMARY over (7241751 <= id <= 7251750)  (cost=3991 rows=19800)


table 8 : explain SELECT c FROM sbtest8 WHERE id BETWEEN 8636006 AND 8646005
	-> Filter: (sbtest8.id between 8636006 and 8646005)  (cost=3991 rows=19800)
    -> Index range scan on sbtest8 using PRIMARY over (8636006 <= id <= 8646005)  (cost=3991 rows=19800)


for point_selects
table 1 : explain SELECT c FROM sbtest1 WHERE id=4349371
	-> Rows fetched before execution  (cost=0..0 rows=1)


table 2 : explain SELECT c FROM sbtest2 WHERE id=1288078
	-> Rows fetched before execution  (cost=0..0 rows=1)


table 3 : explain SELECT c FROM sbtest3 WHERE id=8830359
	-> Rows fetched before execution  (cost=0..0 rows=1)


table 4 : explain SELECT c FROM sbtest4 WHERE id=1487494
	-> Rows fetched before execution  (cost=0..0 rows=1)


table 5 : explain SELECT c FROM sbtest5 WHERE id=7042048
	-> Rows fetched before execution  (cost=0..0 rows=1)


table 6 : explain SELECT c FROM sbtest6 WHERE id=8018772
	-> Rows fetched before execution  (cost=0..0 rows=1)


table 7 : explain SELECT c FROM sbtest7 WHERE id=2950222
	-> Rows fetched before execution  (cost=0..0 rows=1)


table 8 : explain SELECT c FROM sbtest8 WHERE id=3746422
	-> Rows fetched before execution  (cost=0..0 rows=1)


for: simple_ranges
table 1 : explain SELECT c FROM sbtest1 WHERE id BETWEEN 6351357 AND 6361356
	-> Filter: (sbtest1.id between 6351357 and 6361356)  (cost=3991 rows=19800)
    -> Index range scan on sbtest1 using PRIMARY over (6351357 <= id <= 6361356)  (cost=3991 rows=19800)


table 2 : explain SELECT c FROM sbtest2 WHERE id BETWEEN 2441492 AND 2451491
	-> Filter: (sbtest2.id between 2441492 and 2451491)  (cost=3991 rows=19800)
    -> Index range scan on sbtest2 using PRIMARY over (2441492 <= id <= 2451491)  (cost=3991 rows=19800)


table 3 : explain SELECT c FROM sbtest3 WHERE id BETWEEN 8209248 AND 8219247
	-> Filter: (sbtest3.id between 8209248 and 8219247)  (cost=3991 rows=19800)
    -> Index range scan on sbtest3 using PRIMARY over (8209248 <= id <= 8219247)  (cost=3991 rows=19800)


table 4 : explain SELECT c FROM sbtest4 WHERE id BETWEEN 280817 AND 290816
	-> Filter: (sbtest4.id between 280817 and 290816)  (cost=3991 rows=19800)
    -> Index range scan on sbtest4 using PRIMARY over (280817 <= id <= 290816)  (cost=3991 rows=19800)


table 5 : explain SELECT c FROM sbtest5 WHERE id BETWEEN 2955869 AND 2965868
	-> Filter: (sbtest5.id between 2955869 and 2965868)  (cost=3991 rows=19800)
    -> Index range scan on sbtest5 using PRIMARY over (2955869 <= id <= 2965868)  (cost=3991 rows=19800)


table 6 : explain SELECT c FROM sbtest6 WHERE id BETWEEN 8003961 AND 8013960
	-> Filter: (sbtest6.id between 8003961 and 8013960)  (cost=3991 rows=19800)
    -> Index range scan on sbtest6 using PRIMARY over (8003961 <= id <= 8013960)  (cost=3991 rows=19800)


table 7 : explain SELECT c FROM sbtest7 WHERE id BETWEEN 6840820 AND 6850819
	-> Filter: (sbtest7.id between 6840820 and 6850819)  (cost=3991 rows=19800)
    -> Index range scan on sbtest7 using PRIMARY over (6840820 <= id <= 6850819)  (cost=3991 rows=19800)


table 8 : explain SELECT c FROM sbtest8 WHERE id BETWEEN 9301154 AND 9311153
	-> Filter: (sbtest8.id between 9301154 and 9311153)  (cost=3991 rows=19800)
    -> Index range scan on sbtest8 using PRIMARY over (9301154 <= id <= 9311153)  (cost=3991 rows=19800)


for: simple_ranges
table 1 : explain SELECT c FROM sbtest1 WHERE id BETWEEN 3746495 AND 3756494
	-> Filter: (sbtest1.id between 3746495 and 3756494)  (cost=3991 rows=19800)
    -> Index range scan on sbtest1 using PRIMARY over (3746495 <= id <= 3756494)  (cost=3991 rows=19800)


table 2 : explain SELECT c FROM sbtest2 WHERE id BETWEEN 8374219 AND 8384218
	-> Filter: (sbtest2.id between 8374219 and 8384218)  (cost=3991 rows=19800)
    -> Index range scan on sbtest2 using PRIMARY over (8374219 <= id <= 8384218)  (cost=3991 rows=19800)


table 3 : explain SELECT c FROM sbtest3 WHERE id BETWEEN 8647194 AND 8657193
	-> Filter: (sbtest3.id between 8647194 and 8657193)  (cost=3991 rows=19800)
    -> Index range scan on sbtest3 using PRIMARY over (8647194 <= id <= 8657193)  (cost=3991 rows=19800)


table 4 : explain SELECT c FROM sbtest4 WHERE id BETWEEN 7931737 AND 7941736
	-> Filter: (sbtest4.id between 7931737 and 7941736)  (cost=3991 rows=19800)
    -> Index range scan on sbtest4 using PRIMARY over (7931737 <= id <= 7941736)  (cost=3991 rows=19800)


table 5 : explain SELECT c FROM sbtest5 WHERE id BETWEEN 2670919 AND 2680918
	-> Filter: (sbtest5.id between 2670919 and 2680918)  (cost=3991 rows=19800)
    -> Index range scan on sbtest5 using PRIMARY over (2670919 <= id <= 2680918)  (cost=3991 rows=19800)


table 6 : explain SELECT c FROM sbtest6 WHERE id BETWEEN 3807967 AND 3817966
	-> Filter: (sbtest6.id between 3807967 and 3817966)  (cost=3991 rows=19800)
    -> Index range scan on sbtest6 using PRIMARY over (3807967 <= id <= 3817966)  (cost=3991 rows=19800)


table 7 : explain SELECT c FROM sbtest7 WHERE id BETWEEN 9104900 AND 9114899
	-> Filter: (sbtest7.id between 9104900 and 9114899)  (cost=3991 rows=19800)
    -> Index range scan on sbtest7 using PRIMARY over (9104900 <= id <= 9114899)  (cost=3991 rows=19800)


table 8 : explain SELECT c FROM sbtest8 WHERE id BETWEEN 4288599 AND 4298598
	-> Filter: (sbtest8.id between 4288599 and 4298598)  (cost=3991 rows=19800)
    -> Index range scan on sbtest8 using PRIMARY over (4288599 <= id <= 4298598)  (cost=3991 rows=19800)


for: simple_ranges
table 1 : explain SELECT c FROM sbtest1 WHERE id BETWEEN 2080594 AND 2090593
	-> Filter: (sbtest1.id between 2080594 and 2090593)  (cost=3991 rows=19800)
    -> Index range scan on sbtest1 using PRIMARY over (2080594 <= id <= 2090593)  (cost=3991 rows=19800)


table 2 : explain SELECT c FROM sbtest2 WHERE id BETWEEN 8465410 AND 8475409
	-> Filter: (sbtest2.id between 8465410 and 8475409)  (cost=4360 rows=21626)
    -> Index range scan on sbtest2 using PRIMARY over (8465410 <= id <= 8475409)  (cost=4360 rows=21626)


table 3 : explain SELECT c FROM sbtest3 WHERE id BETWEEN 640234 AND 650233
	-> Filter: (sbtest3.id between 640234 and 650233)  (cost=3991 rows=19800)
    -> Index range scan on sbtest3 using PRIMARY over (640234 <= id <= 650233)  (cost=3991 rows=19800)


table 4 : explain SELECT c FROM sbtest4 WHERE id BETWEEN 3024015 AND 3034014
	-> Filter: (sbtest4.id between 3024015 and 3034014)  (cost=3991 rows=19800)
    -> Index range scan on sbtest4 using PRIMARY over (3024015 <= id <= 3034014)  (cost=3991 rows=19800)


table 5 : explain SELECT c FROM sbtest5 WHERE id BETWEEN 1408123 AND 1418122
	-> Filter: (sbtest5.id between 1408123 and 1418122)  (cost=3991 rows=19800)
    -> Index range scan on sbtest5 using PRIMARY over (1408123 <= id <= 1418122)  (cost=3991 rows=19800)


table 6 : explain SELECT c FROM sbtest6 WHERE id BETWEEN 7263066 AND 7273065
	-> Filter: (sbtest6.id between 7263066 and 7273065)  (cost=3991 rows=19800)
    -> Index range scan on sbtest6 using PRIMARY over (7263066 <= id <= 7273065)  (cost=3991 rows=19800)


table 7 : explain SELECT c FROM sbtest7 WHERE id BETWEEN 4407913 AND 4417912
	-> Filter: (sbtest7.id between 4407913 and 4417912)  (cost=3991 rows=19800)
    -> Index range scan on sbtest7 using PRIMARY over (4407913 <= id <= 4417912)  (cost=3991 rows=19800)


table 8 : explain SELECT c FROM sbtest8 WHERE id BETWEEN 10432 AND 20431
	-> Filter: (sbtest8.id between 10432 and 20431)  (cost=3991 rows=19800)
    -> Index range scan on sbtest8 using PRIMARY over (10432 <= id <= 20431)  (cost=3991 rows=19800)


for: simple_ranges
table 1 : explain SELECT c FROM sbtest1 WHERE id BETWEEN 8697146 AND 8707145
	-> Filter: (sbtest1.id between 8697146 and 8707145)  (cost=3991 rows=19800)
    -> Index range scan on sbtest1 using PRIMARY over (8697146 <= id <= 8707145)  (cost=3991 rows=19800)


table 2 : explain SELECT c FROM sbtest2 WHERE id BETWEEN 8547832 AND 8557831
	-> Filter: (sbtest2.id between 8547832 and 8557831)  (cost=3991 rows=19800)
    -> Index range scan on sbtest2 using PRIMARY over (8547832 <= id <= 8557831)  (cost=3991 rows=19800)


table 3 : explain SELECT c FROM sbtest3 WHERE id BETWEEN 4359831 AND 4369830
	-> Filter: (sbtest3.id between 4359831 and 4369830)  (cost=3991 rows=19800)
    -> Index range scan on sbtest3 using PRIMARY over (4359831 <= id <= 4369830)  (cost=3991 rows=19800)


table 4 : explain SELECT c FROM sbtest4 WHERE id BETWEEN 1929642 AND 1939641
	-> Filter: (sbtest4.id between 1929642 and 1939641)  (cost=3991 rows=19800)
    -> Index range scan on sbtest4 using PRIMARY over (1929642 <= id <= 1939641)  (cost=3991 rows=19800)


table 5 : explain SELECT c FROM sbtest5 WHERE id BETWEEN 1256790 AND 1266789
	-> Filter: (sbtest5.id between 1256790 and 1266789)  (cost=3991 rows=19800)
    -> Index range scan on sbtest5 using PRIMARY over (1256790 <= id <= 1266789)  (cost=3991 rows=19800)


table 6 : explain SELECT c FROM sbtest6 WHERE id BETWEEN 9854951 AND 9864950
	-> Filter: (sbtest6.id between 9854951 and 9864950)  (cost=3991 rows=19800)
    -> Index range scan on sbtest6 using PRIMARY over (9854951 <= id <= 9864950)  (cost=3991 rows=19800)


table 7 : explain SELECT c FROM sbtest7 WHERE id BETWEEN 4383134 AND 4393133
	-> Filter: (sbtest7.id between 4383134 and 4393133)  (cost=3991 rows=19800)
    -> Index range scan on sbtest7 using PRIMARY over (4383134 <= id <= 4393133)  (cost=3991 rows=19800)


table 8 : explain SELECT c FROM sbtest8 WHERE id BETWEEN 6802628 AND 6812627
	-> Filter: (sbtest8.id between 6802628 and 6812627)  (cost=3991 rows=19800)
    -> Index range scan on sbtest8 using PRIMARY over (6802628 <= id <= 6812627)  (cost=3991 rows=19800)


for: simple_ranges
table 1 : explain SELECT c FROM sbtest1 WHERE id BETWEEN 4928211 AND 4938210
	-> Filter: (sbtest1.id between 4928211 and 4938210)  (cost=3991 rows=19800)
    -> Index range scan on sbtest1 using PRIMARY over (4928211 <= id <= 4938210)  (cost=3991 rows=19800)


table 2 : explain SELECT c FROM sbtest2 WHERE id BETWEEN 7879348 AND 7889347
	-> Filter: (sbtest2.id between 7879348 and 7889347)  (cost=3991 rows=19800)
    -> Index range scan on sbtest2 using PRIMARY over (7879348 <= id <= 7889347)  (cost=3991 rows=19800)


table 3 : explain SELECT c FROM sbtest3 WHERE id BETWEEN 943966 AND 953965
	-> Filter: (sbtest3.id between 943966 and 953965)  (cost=3991 rows=19800)
    -> Index range scan on sbtest3 using PRIMARY over (943966 <= id <= 953965)  (cost=3991 rows=19800)


table 4 : explain SELECT c FROM sbtest4 WHERE id BETWEEN 3960548 AND 3970547
	-> Filter: (sbtest4.id between 3960548 and 3970547)  (cost=3991 rows=19800)
    -> Index range scan on sbtest4 using PRIMARY over (3960548 <= id <= 3970547)  (cost=3991 rows=19800)


table 5 : explain SELECT c FROM sbtest5 WHERE id BETWEEN 256078 AND 266077
	-> Filter: (sbtest5.id between 256078 and 266077)  (cost=3991 rows=19800)
    -> Index range scan on sbtest5 using PRIMARY over (256078 <= id <= 266077)  (cost=3991 rows=19800)


table 6 : explain SELECT c FROM sbtest6 WHERE id BETWEEN 1388669 AND 1398668
	-> Filter: (sbtest6.id between 1388669 and 1398668)  (cost=3991 rows=19800)
    -> Index range scan on sbtest6 using PRIMARY over (1388669 <= id <= 1398668)  (cost=3991 rows=19800)


table 7 : explain SELECT c FROM sbtest7 WHERE id BETWEEN 1372678 AND 1382677
	-> Filter: (sbtest7.id between 1372678 and 1382677)  (cost=3991 rows=19800)
    -> Index range scan on sbtest7 using PRIMARY over (1372678 <= id <= 1382677)  (cost=3991 rows=19800)


table 8 : explain SELECT c FROM sbtest8 WHERE id BETWEEN 7318309 AND 7328308
	-> Filter: (sbtest8.id between 7318309 and 7328308)  (cost=3991 rows=19800)
    -> Index range scan on sbtest8 using PRIMARY over (7318309 <= id <= 7328308)  (cost=3991 rows=19800)


explain: for point_selects :: explain SELECT c FROM sbtest%u WHERE id=%u
for: simple_ranges
table 1 : explain SELECT c FROM sbtest1 WHERE id BETWEEN 9741766 AND 9751765
	-> Filter: (sbtest1.id between 9741766 and 9751765)  (cost=3991 rows=19800)
    -> Index range scan on sbtest1 using PRIMARY over (9741766 <= id <= 9751765)  (cost=3991 rows=19800)


table 2 : explain SELECT c FROM sbtest2 WHERE id BETWEEN 8312919 AND 8322918
	-> Filter: (sbtest2.id between 8312919 and 8322918)  (cost=3991 rows=19800)
    -> Index range scan on sbtest2 using PRIMARY over (8312919 <= id <= 8322918)  (cost=3991 rows=19800)


table 3 : explain SELECT c FROM sbtest3 WHERE id BETWEEN 3257937 AND 3267936
	-> Filter: (sbtest3.id between 3257937 and 3267936)  (cost=3991 rows=19800)
    -> Index range scan on sbtest3 using PRIMARY over (3257937 <= id <= 3267936)  (cost=3991 rows=19800)


table 4 : explain SELECT c FROM sbtest4 WHERE id BETWEEN 8594739 AND 8604738
	-> Filter: (sbtest4.id between 8594739 and 8604738)  (cost=3991 rows=19800)
    -> Index range scan on sbtest4 using PRIMARY over (8594739 <= id <= 8604738)  (cost=3991 rows=19800)


table 5 : explain SELECT c FROM sbtest5 WHERE id BETWEEN 1665011 AND 1675010
	-> Filter: (sbtest5.id between 1665011 and 1675010)  (cost=3991 rows=19800)
    -> Index range scan on sbtest5 using PRIMARY over (1665011 <= id <= 1675010)  (cost=3991 rows=19800)


table 6 : explain SELECT c FROM sbtest6 WHERE id BETWEEN 6902540 AND 6912539
	-> Filter: (sbtest6.id between 6902540 and 6912539)  (cost=3991 rows=19800)
    -> Index range scan on sbtest6 using PRIMARY over (6902540 <= id <= 6912539)  (cost=3991 rows=19800)


table 7 : explain SELECT c FROM sbtest7 WHERE id BETWEEN 4395125 AND 4405124
	-> Filter: (sbtest7.id between 4395125 and 4405124)  (cost=3991 rows=19800)
    -> Index range scan on sbtest7 using PRIMARY over (4395125 <= id <= 4405124)  (cost=3991 rows=19800)


table 8 : explain SELECT c FROM sbtest8 WHERE id BETWEEN 5946363 AND 5956362
	-> Filter: (sbtest8.id between 5946363 and 5956362)  (cost=3991 rows=19800)
    -> Index range scan on sbtest8 using PRIMARY over (5946363 <= id <= 5956362)  (cost=3991 rows=19800)


for point_selects
table 1 : explain SELECT c FROM sbtest1 WHERE id=2930465
	-> Rows fetched before execution  (cost=0..0 rows=1)


table 2 : explain SELECT c FROM sbtest2 WHERE id=9373243
	-> Rows fetched before execution  (cost=0..0 rows=1)


table 3 : explain SELECT c FROM sbtest3 WHERE id=1891979
	-> Rows fetched before execution  (cost=0..0 rows=1)


table 4 : explain SELECT c FROM sbtest4 WHERE id=3230726
	-> Rows fetched before execution  (cost=0..0 rows=1)


table 5 : explain SELECT c FROM sbtest5 WHERE id=766590
	-> Rows fetched before execution  (cost=0..0 rows=1)


table 6 : explain SELECT c FROM sbtest6 WHERE id=309906
	-> Rows fetched before execution  (cost=0..0 rows=1)


table 7 : explain SELECT c FROM sbtest7 WHERE id=8798253
	-> Rows fetched before execution  (cost=0..0 rows=1)


table 8 : explain SELECT c FROM sbtest8 WHERE id=5349384
	-> Rows fetched before execution  (cost=0..0 rows=1)


for: simple_ranges
table 1 : explain SELECT c FROM sbtest1 WHERE id BETWEEN 8638248 AND 8648247
	-> Filter: (sbtest1.id between 8638248 and 8648247)  (cost=3991 rows=19800)
    -> Index range scan on sbtest1 using PRIMARY over (8638248 <= id <= 8648247)  (cost=3991 rows=19800)


table 2 : explain SELECT c FROM sbtest2 WHERE id BETWEEN 766836 AND 776835
	-> Filter: (sbtest2.id between 766836 and 776835)  (cost=3991 rows=19800)
    -> Index range scan on sbtest2 using PRIMARY over (766836 <= id <= 776835)  (cost=3991 rows=19800)


table 3 : explain SELECT c FROM sbtest3 WHERE id BETWEEN 7014244 AND 7024243
	-> Filter: (sbtest3.id between 7014244 and 7024243)  (cost=3991 rows=19800)
    -> Index range scan on sbtest3 using PRIMARY over (7014244 <= id <= 7024243)  (cost=3991 rows=19800)


table 4 : explain SELECT c FROM sbtest4 WHERE id BETWEEN 5125080 AND 5135079
	-> Filter: (sbtest4.id between 5125080 and 5135079)  (cost=3991 rows=19800)
    -> Index range scan on sbtest4 using PRIMARY over (5125080 <= id <= 5135079)  (cost=3991 rows=19800)


table 5 : explain SELECT c FROM sbtest5 WHERE id BETWEEN 4816506 AND 4826505
	-> Filter: (sbtest5.id between 4816506 and 4826505)  (cost=3991 rows=19800)
    -> Index range scan on sbtest5 using PRIMARY over (4816506 <= id <= 4826505)  (cost=3991 rows=19800)


table 6 : explain SELECT c FROM sbtest6 WHERE id BETWEEN 5111229 AND 5121228
	-> Filter: (sbtest6.id between 5111229 and 5121228)  (cost=3991 rows=19800)
    -> Index range scan on sbtest6 using PRIMARY over (5111229 <= id <= 5121228)  (cost=3991 rows=19800)


table 7 : explain SELECT c FROM sbtest7 WHERE id BETWEEN 5378128 AND 5388127
	-> Filter: (sbtest7.id between 5378128 and 5388127)  (cost=3991 rows=19800)
    -> Index range scan on sbtest7 using PRIMARY over (5378128 <= id <= 5388127)  (cost=3991 rows=19800)


table 8 : explain SELECT c FROM sbtest8 WHERE id BETWEEN 6415614 AND 6425613
	-> Filter: (sbtest8.id between 6415614 and 6425613)  (cost=3991 rows=19800)
    -> Index range scan on sbtest8 using PRIMARY over (6415614 <= id <= 6425613)  (cost=3991 rows=19800)


for point_selects
table 1 : explain SELECT c FROM sbtest1 WHERE id=6524168
	-> Rows fetched before execution  (cost=0..0 rows=1)


table 2 : explain SELECT c FROM sbtest2 WHERE id=1435932
	-> Rows fetched before execution  (cost=0..0 rows=1)


table 3 : explain SELECT c FROM sbtest3 WHERE id=3924772
	-> Rows fetched before execution  (cost=0..0 rows=1)


table 4 : explain SELECT c FROM sbtest4 WHERE id=5159852
	-> Rows fetched before execution  (cost=0..0 rows=1)


table 5 : explain SELECT c FROM sbtest5 WHERE id=6306075
	-> Rows fetched before execution  (cost=0..0 rows=1)


table 6 : explain SELECT c FROM sbtest6 WHERE id=80832
	-> Rows fetched before execution  (cost=0..0 rows=1)


table 7 : explain SELECT c FROM sbtest7 WHERE id=1827334
	-> Rows fetched before execution  (cost=0..0 rows=1)


table 8 : explain SELECT c FROM sbtest8 WHERE id=9878432
	-> Rows fetched before execution  (cost=0..0 rows=1)


for: simple_ranges
table 1 : explain SELECT c FROM sbtest1 WHERE id BETWEEN 7244219 AND 7254218
	-> Filter: (sbtest1.id between 7244219 and 7254218)  (cost=3991 rows=19800)
    -> Index range scan on sbtest1 using PRIMARY over (7244219 <= id <= 7254218)  (cost=3991 rows=19800)


table 2 : explain SELECT c FROM sbtest2 WHERE id BETWEEN 8022413 AND 8032412
	-> Filter: (sbtest2.id between 8022413 and 8032412)  (cost=3991 rows=19800)
    -> Index range scan on sbtest2 using PRIMARY over (8022413 <= id <= 8032412)  (cost=3991 rows=19800)


table 3 : explain SELECT c FROM sbtest3 WHERE id BETWEEN 4848208 AND 4858207
	-> Filter: (sbtest3.id between 4848208 and 4858207)  (cost=3991 rows=19800)
    -> Index range scan on sbtest3 using PRIMARY over (4848208 <= id <= 4858207)  (cost=3991 rows=19800)


table 4 : explain SELECT c FROM sbtest4 WHERE id BETWEEN 5937920 AND 5947919
	-> Filter: (sbtest4.id between 5937920 and 5947919)  (cost=3991 rows=19800)
    -> Index range scan on sbtest4 using PRIMARY over (5937920 <= id <= 5947919)  (cost=3991 rows=19800)


table 5 : explain SELECT c FROM sbtest5 WHERE id BETWEEN 6881170 AND 6891169
	-> Filter: (sbtest5.id between 6881170 and 6891169)  (cost=3991 rows=19800)
    -> Index range scan on sbtest5 using PRIMARY over (6881170 <= id <= 6891169)  (cost=3991 rows=19800)


table 6 : explain SELECT c FROM sbtest6 WHERE id BETWEEN 1195162 AND 1205161
	-> Filter: (sbtest6.id between 1195162 and 1205161)  (cost=3991 rows=19800)
    -> Index range scan on sbtest6 using PRIMARY over (1195162 <= id <= 1205161)  (cost=3991 rows=19800)


table 7 : explain SELECT c FROM sbtest7 WHERE id BETWEEN 2295030 AND 2305029
	-> Filter: (sbtest7.id between 2295030 and 2305029)  (cost=3991 rows=19800)
    -> Index range scan on sbtest7 using PRIMARY over (2295030 <= id <= 2305029)  (cost=3991 rows=19800)


table 8 : explain SELECT c FROM sbtest8 WHERE id BETWEEN 6486652 AND 6496651
	-> Filter: (sbtest8.id between 6486652 and 6496651)  (cost=3991 rows=19800)
    -> Index range scan on sbtest8 using PRIMARY over (6486652 <= id <= 6496651)  (cost=3991 rows=19800)


for: simple_ranges
table 1 : explain SELECT c FROM sbtest1 WHERE id BETWEEN 9538493 AND 9548492
	-> Filter: (sbtest1.id between 9538493 and 9548492)  (cost=3991 rows=19800)
    -> Index range scan on sbtest1 using PRIMARY over (9538493 <= id <= 9548492)  (cost=3991 rows=19800)


table 2 : explain SELECT c FROM sbtest2 WHERE id BETWEEN 7235627 AND 7245626
	-> Filter: (sbtest2.id between 7235627 and 7245626)  (cost=3991 rows=19800)
    -> Index range scan on sbtest2 using PRIMARY over (7235627 <= id <= 7245626)  (cost=3991 rows=19800)


table 3 : explain SELECT c FROM sbtest3 WHERE id BETWEEN 8589759 AND 8599758
	-> Filter: (sbtest3.id between 8589759 and 8599758)  (cost=3991 rows=19800)
    -> Index range scan on sbtest3 using PRIMARY over (8589759 <= id <= 8599758)  (cost=3991 rows=19800)


table 4 : explain SELECT c FROM sbtest4 WHERE id BETWEEN 4459387 AND 4469386
	-> Filter: (sbtest4.id between 4459387 and 4469386)  (cost=3991 rows=19800)
    -> Index range scan on sbtest4 using PRIMARY over (4459387 <= id <= 4469386)  (cost=3991 rows=19800)


table 5 : explain SELECT c FROM sbtest5 WHERE id BETWEEN 2668603 AND 2678602
	-> Filter: (sbtest5.id between 2668603 and 2678602)  (cost=3991 rows=19800)
    -> Index range scan on sbtest5 using PRIMARY over (2668603 <= id <= 2678602)  (cost=3991 rows=19800)


table 6 : explain SELECT c FROM sbtest6 WHERE id BETWEEN 4687256 AND 4697255
	-> Filter: (sbtest6.id between 4687256 and 4697255)  (cost=3991 rows=19800)
    -> Index range scan on sbtest6 using PRIMARY over (4687256 <= id <= 4697255)  (cost=3991 rows=19800)


table 7 : explain SELECT c FROM sbtest7 WHERE id BETWEEN 6584542 AND 6594541
	-> Filter: (sbtest7.id between 6584542 and 6594541)  (cost=3991 rows=19800)
    -> Index range scan on sbtest7 using PRIMARY over (6584542 <= id <= 6594541)  (cost=3991 rows=19800)


table 8 : explain SELECT c FROM sbtest8 WHERE id BETWEEN 9165540 AND 9175539
	-> Filter: (sbtest8.id between 9165540 and 9175539)  (cost=3991 rows=19800)
    -> Index range scan on sbtest8 using PRIMARY over (9165540 <= id <= 9175539)  (cost=3991 rows=19800)


for point_selects
table 1 : explain SELECT c FROM sbtest1 WHERE id=4320487
	-> Rows fetched before execution  (cost=0..0 rows=1)


table 2 : explain SELECT c FROM sbtest2 WHERE id=5739319
	-> Rows fetched before execution  (cost=0..0 rows=1)


table 3 : explain SELECT c FROM sbtest3 WHERE id=2722192
	-> Rows fetched before execution  (cost=0..0 rows=1)


table 4 : explain SELECT c FROM sbtest4 WHERE id=5645985
	-> Rows fetched before execution  (cost=0..0 rows=1)


table 5 : explain SELECT c FROM sbtest5 WHERE id=5232299
	-> Rows fetched before execution  (cost=0..0 rows=1)


table 6 : explain SELECT c FROM sbtest6 WHERE id=726521
	-> Rows fetched before execution  (cost=0..0 rows=1)


table 7 : explain SELECT c FROM sbtest7 WHERE id=1926476
	-> Rows fetched before execution  (cost=0..0 rows=1)


table 8 : explain SELECT c FROM sbtest8 WHERE id=2682893
	-> Rows fetched before execution  (cost=0..0 rows=1)


for: simple_ranges
table 1 : explain SELECT c FROM sbtest1 WHERE id BETWEEN 7018951 AND 7028950
	-> Filter: (sbtest1.id between 7018951 and 7028950)  (cost=3991 rows=19800)
    -> Index range scan on sbtest1 using PRIMARY over (7018951 <= id <= 7028950)  (cost=3991 rows=19800)


table 2 : explain SELECT c FROM sbtest2 WHERE id BETWEEN 4373598 AND 4383597
	-> Filter: (sbtest2.id between 4373598 and 4383597)  (cost=3991 rows=19800)
    -> Index range scan on sbtest2 using PRIMARY over (4373598 <= id <= 4383597)  (cost=3991 rows=19800)


table 3 : explain SELECT c FROM sbtest3 WHERE id BETWEEN 5944470 AND 5954469
	-> Filter: (sbtest3.id between 5944470 and 5954469)  (cost=3991 rows=19800)
    -> Index range scan on sbtest3 using PRIMARY over (5944470 <= id <= 5954469)  (cost=3991 rows=19800)


table 4 : explain SELECT c FROM sbtest4 WHERE id BETWEEN 4745943 AND 4755942
	-> Filter: (sbtest4.id between 4745943 and 4755942)  (cost=3991 rows=19800)
    -> Index range scan on sbtest4 using PRIMARY over (4745943 <= id <= 4755942)  (cost=3991 rows=19800)


table 5 : explain SELECT c FROM sbtest5 WHERE id BETWEEN 21013 AND 31012
	-> Filter: (sbtest5.id between 21013 and 31012)  (cost=3991 rows=19800)
    -> Index range scan on sbtest5 using PRIMARY over (21013 <= id <= 31012)  (cost=3991 rows=19800)


table 6 : explain SELECT c FROM sbtest6 WHERE id BETWEEN 8346627 AND 8356626
	-> Filter: (sbtest6.id between 8346627 and 8356626)  (cost=3991 rows=19800)
    -> Index range scan on sbtest6 using PRIMARY over (8346627 <= id <= 8356626)  (cost=3991 rows=19800)


table 7 : explain SELECT c FROM sbtest7 WHERE id BETWEEN 4008284 AND 4018283
	-> Filter: (sbtest7.id between 4008284 and 4018283)  (cost=3991 rows=19800)
    -> Index range scan on sbtest7 using PRIMARY over (4008284 <= id <= 4018283)  (cost=3991 rows=19800)


table 8 : explain SELECT c FROM sbtest8 WHERE id BETWEEN 1522167 AND 1532166
	-> Filter: (sbtest8.id between 1522167 and 1532166)  (cost=3991 rows=19800)
    -> Index range scan on sbtest8 using PRIMARY over (1522167 <= id <= 1532166)  (cost=3991 rows=19800)


explain: for point_selects :: explain SELECT c FROM sbtest%u WHERE id=%u
for: simple_ranges
table 1 : explain SELECT c FROM sbtest1 WHERE id BETWEEN 6317749 AND 6327748
	-> Filter: (sbtest1.id between 6317749 and 6327748)  (cost=3997 rows=19828)
    -> Index range scan on sbtest1 using PRIMARY over (6317749 <= id <= 6327748)  (cost=3997 rows=19828)


table 2 : explain SELECT c FROM sbtest2 WHERE id BETWEEN 2477210 AND 2487209
	-> Filter: (sbtest2.id between 2477210 and 2487209)  (cost=3991 rows=19800)
    -> Index range scan on sbtest2 using PRIMARY over (2477210 <= id <= 2487209)  (cost=3991 rows=19800)


table 3 : explain SELECT c FROM sbtest3 WHERE id BETWEEN 2899785 AND 2909784
	-> Filter: (sbtest3.id between 2899785 and 2909784)  (cost=3991 rows=19800)
    -> Index range scan on sbtest3 using PRIMARY over (2899785 <= id <= 2909784)  (cost=3991 rows=19800)


table 4 : explain SELECT c FROM sbtest4 WHERE id BETWEEN 4819019 AND 4829018
	-> Filter: (sbtest4.id between 4819019 and 4829018)  (cost=3991 rows=19800)
    -> Index range scan on sbtest4 using PRIMARY over (4819019 <= id <= 4829018)  (cost=3991 rows=19800)


table 5 : explain SELECT c FROM sbtest5 WHERE id BETWEEN 1338504 AND 1348503
	-> Filter: (sbtest5.id between 1338504 and 1348503)  (cost=3991 rows=19800)
    -> Index range scan on sbtest5 using PRIMARY over (1338504 <= id <= 1348503)  (cost=3991 rows=19800)


table 6 : explain SELECT c FROM sbtest6 WHERE id BETWEEN 2475490 AND 2485489
	-> Filter: (sbtest6.id between 2475490 and 2485489)  (cost=3991 rows=19800)
    -> Index range scan on sbtest6 using PRIMARY over (2475490 <= id <= 2485489)  (cost=3991 rows=19800)


table 7 : explain SELECT c FROM sbtest7 WHERE id BETWEEN 4381260 AND 4391259
	-> Filter: (sbtest7.id between 4381260 and 4391259)  (cost=3991 rows=19800)
    -> Index range scan on sbtest7 using PRIMARY over (4381260 <= id <= 4391259)  (cost=3991 rows=19800)


table 8 : explain SELECT c FROM sbtest8 WHERE id BETWEEN 8611977 AND 8621976
	-> Filter: (sbtest8.id between 8611977 and 8621976)  (cost=3991 rows=19800)
    -> Index range scan on sbtest8 using PRIMARY over (8611977 <= id <= 8621976)  (cost=3991 rows=19800)


for: simple_ranges
table 1 : explain SELECT c FROM sbtest1 WHERE id BETWEEN 7716729 AND 7726728
	-> Filter: (sbtest1.id between 7716729 and 7726728)  (cost=3991 rows=19800)
    -> Index range scan on sbtest1 using PRIMARY over (7716729 <= id <= 7726728)  (cost=3991 rows=19800)


table 2 : explain SELECT c FROM sbtest2 WHERE id BETWEEN 6113756 AND 6123755
	-> Filter: (sbtest2.id between 6113756 and 6123755)  (cost=3991 rows=19800)
    -> Index range scan on sbtest2 using PRIMARY over (6113756 <= id <= 6123755)  (cost=3991 rows=19800)


table 3 : explain SELECT c FROM sbtest3 WHERE id BETWEEN 8679432 AND 8689431
	-> Filter: (sbtest3.id between 8679432 and 8689431)  (cost=3991 rows=19800)
    -> Index range scan on sbtest3 using PRIMARY over (8679432 <= id <= 8689431)  (cost=3991 rows=19800)


table 4 : explain SELECT c FROM sbtest4 WHERE id BETWEEN 708796 AND 718795
	-> Filter: (sbtest4.id between 708796 and 718795)  (cost=3991 rows=19800)
    -> Index range scan on sbtest4 using PRIMARY over (708796 <= id <= 718795)  (cost=3991 rows=19800)


table 5 : explain SELECT c FROM sbtest5 WHERE id BETWEEN 7522536 AND 7532535
	-> Filter: (sbtest5.id between 7522536 and 7532535)  (cost=3991 rows=19800)
    -> Index range scan on sbtest5 using PRIMARY over (7522536 <= id <= 7532535)  (cost=3991 rows=19800)


table 6 : explain SELECT c FROM sbtest6 WHERE id BETWEEN 6556581 AND 6566580
	-> Filter: (sbtest6.id between 6556581 and 6566580)  (cost=3991 rows=19800)
    -> Index range scan on sbtest6 using PRIMARY over (6556581 <= id <= 6566580)  (cost=3991 rows=19800)


table 7 : explain SELECT c FROM sbtest7 WHERE id BETWEEN 8611724 AND 8621723
	-> Filter: (sbtest7.id between 8611724 and 8621723)  (cost=3991 rows=19800)
    -> Index range scan on sbtest7 using PRIMARY over (8611724 <= id <= 8621723)  (cost=3991 rows=19800)


table 8 : explain SELECT c FROM sbtest8 WHERE id BETWEEN 433471 AND 443470
	-> Filter: (sbtest8.id between 433471 and 443470)  (cost=3991 rows=19800)
    -> Index range scan on sbtest8 using PRIMARY over (433471 <= id <= 443470)  (cost=3991 rows=19800)


for point_selects
table 1 : explain SELECT c FROM sbtest1 WHERE id=7533821
	-> Rows fetched before execution  (cost=0..0 rows=1)


table 2 : explain SELECT c FROM sbtest2 WHERE id=8893371
	-> Rows fetched before execution  (cost=0..0 rows=1)


table 3 : explain SELECT c FROM sbtest3 WHERE id=3016969
	-> Rows fetched before execution  (cost=0..0 rows=1)


table 4 : explain SELECT c FROM sbtest4 WHERE id=8543675
	-> Rows fetched before execution  (cost=0..0 rows=1)


table 5 : explain SELECT c FROM sbtest5 WHERE id=8880453
	-> Rows fetched before execution  (cost=0..0 rows=1)


table 6 : explain SELECT c FROM sbtest6 WHERE id=8152961
	-> Rows fetched before execution  (cost=0..0 rows=1)


table 7 : explain SELECT c FROM sbtest7 WHERE id=6466231
	-> Rows fetched before execution  (cost=0..0 rows=1)


table 8 : explain SELECT c FROM sbtest8 WHERE id=577823
	-> Rows fetched before execution  (cost=0..0 rows=1)


for: simple_ranges
table 1 : explain SELECT c FROM sbtest1 WHERE id BETWEEN 3851507 AND 3861506
	-> Filter: (sbtest1.id between 3851507 and 3861506)  (cost=3991 rows=19800)
    -> Index range scan on sbtest1 using PRIMARY over (3851507 <= id <= 3861506)  (cost=3991 rows=19800)


table 2 : explain SELECT c FROM sbtest2 WHERE id BETWEEN 5082938 AND 5092937
	-> Filter: (sbtest2.id between 5082938 and 5092937)  (cost=3991 rows=19800)
    -> Index range scan on sbtest2 using PRIMARY over (5082938 <= id <= 5092937)  (cost=3991 rows=19800)


table 3 : explain SELECT c FROM sbtest3 WHERE id BETWEEN 612725 AND 622724
	-> Filter: (sbtest3.id between 612725 and 622724)  (cost=3991 rows=19800)
    -> Index range scan on sbtest3 using PRIMARY over (612725 <= id <= 622724)  (cost=3991 rows=19800)


table 4 : explain SELECT c FROM sbtest4 WHERE id BETWEEN 3082986 AND 3092985
	-> Filter: (sbtest4.id between 3082986 and 3092985)  (cost=3991 rows=19800)
    -> Index range scan on sbtest4 using PRIMARY over (3082986 <= id <= 3092985)  (cost=3991 rows=19800)


table 5 : explain SELECT c FROM sbtest5 WHERE id BETWEEN 4818687 AND 4828686
	-> Filter: (sbtest5.id between 4818687 and 4828686)  (cost=3991 rows=19800)
    -> Index range scan on sbtest5 using PRIMARY over (4818687 <= id <= 4828686)  (cost=3991 rows=19800)


table 6 : explain SELECT c FROM sbtest6 WHERE id BETWEEN 1844086 AND 1854085
	-> Filter: (sbtest6.id between 1844086 and 1854085)  (cost=3991 rows=19800)
    -> Index range scan on sbtest6 using PRIMARY over (1844086 <= id <= 1854085)  (cost=3991 rows=19800)


table 7 : explain SELECT c FROM sbtest7 WHERE id BETWEEN 9267108 AND 9277107
	-> Filter: (sbtest7.id between 9267108 and 9277107)  (cost=3991 rows=19800)
    -> Index range scan on sbtest7 using PRIMARY over (9267108 <= id <= 9277107)  (cost=3991 rows=19800)


table 8 : explain SELECT c FROM sbtest8 WHERE id BETWEEN 4935208 AND 4945207
	-> Filter: (sbtest8.id between 4935208 and 4945207)  (cost=3991 rows=19800)
    -> Index range scan on sbtest8 using PRIMARY over (4935208 <= id <= 4945207)  (cost=3991 rows=19800)


explain: for point_selects :: explain SELECT c FROM sbtest%u WHERE id=%u
for: simple_ranges
table 1 : explain SELECT c FROM sbtest1 WHERE id BETWEEN 3222452 AND 3232451
	-> Filter: (sbtest1.id between 3222452 and 3232451)  (cost=3991 rows=19800)
    -> Index range scan on sbtest1 using PRIMARY over (3222452 <= id <= 3232451)  (cost=3991 rows=19800)


table 2 : explain SELECT c FROM sbtest2 WHERE id BETWEEN 4300205 AND 4310204
	-> Filter: (sbtest2.id between 4300205 and 4310204)  (cost=3991 rows=19800)
    -> Index range scan on sbtest2 using PRIMARY over (4300205 <= id <= 4310204)  (cost=3991 rows=19800)


table 3 : explain SELECT c FROM sbtest3 WHERE id BETWEEN 2136410 AND 2146409
	-> Filter: (sbtest3.id between 2136410 and 2146409)  (cost=3991 rows=19800)
    -> Index range scan on sbtest3 using PRIMARY over (2136410 <= id <= 2146409)  (cost=3991 rows=19800)


table 4 : explain SELECT c FROM sbtest4 WHERE id BETWEEN 2072156 AND 2082155
	-> Filter: (sbtest4.id between 2072156 and 2082155)  (cost=3991 rows=19800)
    -> Index range scan on sbtest4 using PRIMARY over (2072156 <= id <= 2082155)  (cost=3991 rows=19800)


table 5 : explain SELECT c FROM sbtest5 WHERE id BETWEEN 1313437 AND 1323436
	-> Filter: (sbtest5.id between 1313437 and 1323436)  (cost=3991 rows=19800)
    -> Index range scan on sbtest5 using PRIMARY over (1313437 <= id <= 1323436)  (cost=3991 rows=19800)


table 6 : explain SELECT c FROM sbtest6 WHERE id BETWEEN 4192453 AND 4202452
	-> Filter: (sbtest6.id between 4192453 and 4202452)  (cost=3991 rows=19800)
    -> Index range scan on sbtest6 using PRIMARY over (4192453 <= id <= 4202452)  (cost=3991 rows=19800)


table 7 : explain SELECT c FROM sbtest7 WHERE id BETWEEN 4133309 AND 4143308
	-> Filter: (sbtest7.id between 4133309 and 4143308)  (cost=3991 rows=19800)
    -> Index range scan on sbtest7 using PRIMARY over (4133309 <= id <= 4143308)  (cost=3991 rows=19800)


table 8 : explain SELECT c FROM sbtest8 WHERE id BETWEEN 9672019 AND 9682018
	-> Filter: (sbtest8.id between 9672019 and 9682018)  (cost=3991 rows=19800)
    -> Index range scan on sbtest8 using PRIMARY over (9672019 <= id <= 9682018)  (cost=3991 rows=19800)


for point_selects
table 1 : explain SELECT c FROM sbtest1 WHERE id=5756461
	-> Rows fetched before execution  (cost=0..0 rows=1)


table 2 : explain SELECT c FROM sbtest2 WHERE id=7305179
	-> Rows fetched before execution  (cost=0..0 rows=1)


table 3 : explain SELECT c FROM sbtest3 WHERE id=8892517
	-> Rows fetched before execution  (cost=0..0 rows=1)


table 4 : explain SELECT c FROM sbtest4 WHERE id=7851548
	-> Rows fetched before execution  (cost=0..0 rows=1)


table 5 : explain SELECT c FROM sbtest5 WHERE id=1843213
	-> Rows fetched before execution  (cost=0..0 rows=1)


table 6 : explain SELECT c FROM sbtest6 WHERE id=7340003
	-> Rows fetched before execution  (cost=0..0 rows=1)


table 7 : explain SELECT c FROM sbtest7 WHERE id=1012495
	-> Rows fetched before execution  (cost=0..0 rows=1)


table 8 : explain SELECT c FROM sbtest8 WHERE id=8116460
	-> Rows fetched before execution  (cost=0..0 rows=1)


for: simple_ranges
table 1 : explain SELECT c FROM sbtest1 WHERE id BETWEEN 192584 AND 202583
	-> Filter: (sbtest1.id between 192584 and 202583)  (cost=3991 rows=19800)
    -> Index range scan on sbtest1 using PRIMARY over (192584 <= id <= 202583)  (cost=3991 rows=19800)


table 2 : explain SELECT c FROM sbtest2 WHERE id BETWEEN 7947213 AND 7957212
	-> Filter: (sbtest2.id between 7947213 and 7957212)  (cost=3991 rows=19800)
    -> Index range scan on sbtest2 using PRIMARY over (7947213 <= id <= 7957212)  (cost=3991 rows=19800)


table 3 : explain SELECT c FROM sbtest3 WHERE id BETWEEN 8479142 AND 8489141
	-> Filter: (sbtest3.id between 8479142 and 8489141)  (cost=3991 rows=19800)
    -> Index range scan on sbtest3 using PRIMARY over (8479142 <= id <= 8489141)  (cost=3991 rows=19800)


table 4 : explain SELECT c FROM sbtest4 WHERE id BETWEEN 3866338 AND 3876337
	-> Filter: (sbtest4.id between 3866338 and 3876337)  (cost=3991 rows=19800)
    -> Index range scan on sbtest4 using PRIMARY over (3866338 <= id <= 3876337)  (cost=3991 rows=19800)


table 5 : explain SELECT c FROM sbtest5 WHERE id BETWEEN 1405902 AND 1415901
	-> Filter: (sbtest5.id between 1405902 and 1415901)  (cost=3991 rows=19800)
    -> Index range scan on sbtest5 using PRIMARY over (1405902 <= id <= 1415901)  (cost=3991 rows=19800)


table 6 : explain SELECT c FROM sbtest6 WHERE id BETWEEN 844978 AND 854977
	-> Filter: (sbtest6.id between 844978 and 854977)  (cost=3991 rows=19800)
    -> Index range scan on sbtest6 using PRIMARY over (844978 <= id <= 854977)  (cost=3991 rows=19800)


table 7 : explain SELECT c FROM sbtest7 WHERE id BETWEEN 6934128 AND 6944127
	-> Filter: (sbtest7.id between 6934128 and 6944127)  (cost=3991 rows=19800)
    -> Index range scan on sbtest7 using PRIMARY over (6934128 <= id <= 6944127)  (cost=3991 rows=19800)


table 8 : explain SELECT c FROM sbtest8 WHERE id BETWEEN 2472923 AND 2482922
	-> Filter: (sbtest8.id between 2472923 and 2482922)  (cost=3991 rows=19800)
    -> Index range scan on sbtest8 using PRIMARY over (2472923 <= id <= 2482922)  (cost=3991 rows=19800)


for: simple_ranges
table 1 : explain SELECT c FROM sbtest1 WHERE id BETWEEN 8101815 AND 8111814
	-> Filter: (sbtest1.id between 8101815 and 8111814)  (cost=3991 rows=19800)
    -> Index range scan on sbtest1 using PRIMARY over (8101815 <= id <= 8111814)  (cost=3991 rows=19800)


table 2 : explain SELECT c FROM sbtest2 WHERE id BETWEEN 4702448 AND 4712447
	-> Filter: (sbtest2.id between 4702448 and 4712447)  (cost=3991 rows=19800)
    -> Index range scan on sbtest2 using PRIMARY over (4702448 <= id <= 4712447)  (cost=3991 rows=19800)


table 3 : explain SELECT c FROM sbtest3 WHERE id BETWEEN 2814785 AND 2824784
	-> Filter: (sbtest3.id between 2814785 and 2824784)  (cost=3991 rows=19800)
    -> Index range scan on sbtest3 using PRIMARY over (2814785 <= id <= 2824784)  (cost=3991 rows=19800)


table 4 : explain SELECT c FROM sbtest4 WHERE id BETWEEN 5407209 AND 5417208
	-> Filter: (sbtest4.id between 5407209 and 5417208)  (cost=3991 rows=19800)
    -> Index range scan on sbtest4 using PRIMARY over (5407209 <= id <= 5417208)  (cost=3991 rows=19800)


table 5 : explain SELECT c FROM sbtest5 WHERE id BETWEEN 3748149 AND 3758148
	-> Filter: (sbtest5.id between 3748149 and 3758148)  (cost=3997 rows=19828)
    -> Index range scan on sbtest5 using PRIMARY over (3748149 <= id <= 3758148)  (cost=3997 rows=19828)


table 6 : explain SELECT c FROM sbtest6 WHERE id BETWEEN 593372 AND 603371
	-> Filter: (sbtest6.id between 593372 and 603371)  (cost=3991 rows=19800)
    -> Index range scan on sbtest6 using PRIMARY over (593372 <= id <= 603371)  (cost=3991 rows=19800)


table 7 : explain SELECT c FROM sbtest7 WHERE id BETWEEN 6377858 AND 6387857
	-> Filter: (sbtest7.id between 6377858 and 6387857)  (cost=3991 rows=19800)
    -> Index range scan on sbtest7 using PRIMARY over (6377858 <= id <= 6387857)  (cost=3991 rows=19800)


table 8 : explain SELECT c FROM sbtest8 WHERE id BETWEEN 2390557 AND 2400556
	-> Filter: (sbtest8.id between 2390557 and 2400556)  (cost=3991 rows=19800)
    -> Index range scan on sbtest8 using PRIMARY over (2390557 <= id <= 2400556)  (cost=3991 rows=19800)


explain: for point_selects :: explain SELECT c FROM sbtest%u WHERE id=%u
for: simple_ranges
table 1 : explain SELECT c FROM sbtest1 WHERE id BETWEEN 2713535 AND 2723534
	-> Filter: (sbtest1.id between 2713535 and 2723534)  (cost=3991 rows=19800)
    -> Index range scan on sbtest1 using PRIMARY over (2713535 <= id <= 2723534)  (cost=3991 rows=19800)


table 2 : explain SELECT c FROM sbtest2 WHERE id BETWEEN 6196962 AND 6206961
	-> Filter: (sbtest2.id between 6196962 and 6206961)  (cost=3991 rows=19800)
    -> Index range scan on sbtest2 using PRIMARY over (6196962 <= id <= 6206961)  (cost=3991 rows=19800)


table 3 : explain SELECT c FROM sbtest3 WHERE id BETWEEN 5158451 AND 5168450
	-> Filter: (sbtest3.id between 5158451 and 5168450)  (cost=3991 rows=19800)
    -> Index range scan on sbtest3 using PRIMARY over (5158451 <= id <= 5168450)  (cost=3991 rows=19800)


table 4 : explain SELECT c FROM sbtest4 WHERE id BETWEEN 155191 AND 165190
	-> Filter: (sbtest4.id between 155191 and 165190)  (cost=3991 rows=19800)
    -> Index range scan on sbtest4 using PRIMARY over (155191 <= id <= 165190)  (cost=3991 rows=19800)


table 5 : explain SELECT c FROM sbtest5 WHERE id BETWEEN 1601408 AND 1611407
	-> Filter: (sbtest5.id between 1601408 and 1611407)  (cost=3991 rows=19800)
    -> Index range scan on sbtest5 using PRIMARY over (1601408 <= id <= 1611407)  (cost=3991 rows=19800)


table 6 : explain SELECT c FROM sbtest6 WHERE id BETWEEN 1324749 AND 1334748
	-> Filter: (sbtest6.id between 1324749 and 1334748)  (cost=3991 rows=19800)
    -> Index range scan on sbtest6 using PRIMARY over (1324749 <= id <= 1334748)  (cost=3991 rows=19800)


table 7 : explain SELECT c FROM sbtest7 WHERE id BETWEEN 5150522 AND 5160521
	-> Filter: (sbtest7.id between 5150522 and 5160521)  (cost=3991 rows=19800)
    -> Index range scan on sbtest7 using PRIMARY over (5150522 <= id <= 5160521)  (cost=3991 rows=19800)


table 8 : explain SELECT c FROM sbtest8 WHERE id BETWEEN 7044947 AND 7054946
	-> Filter: (sbtest8.id between 7044947 and 7054946)  (cost=3991 rows=19800)
    -> Index range scan on sbtest8 using PRIMARY over (7044947 <= id <= 7054946)  (cost=3991 rows=19800)


explain: for point_selects :: explain SELECT c FROM sbtest%u WHERE id=%u
for: simple_ranges
table 1 : explain SELECT c FROM sbtest1 WHERE id BETWEEN 8110532 AND 8120531
	-> Filter: (sbtest1.id between 8110532 and 8120531)  (cost=3991 rows=19800)
    -> Index range scan on sbtest1 using PRIMARY over (8110532 <= id <= 8120531)  (cost=3991 rows=19800)


table 2 : explain SELECT c FROM sbtest2 WHERE id BETWEEN 6892264 AND 6902263
	-> Filter: (sbtest2.id between 6892264 and 6902263)  (cost=3991 rows=19800)
    -> Index range scan on sbtest2 using PRIMARY over (6892264 <= id <= 6902263)  (cost=3991 rows=19800)


table 3 : explain SELECT c FROM sbtest3 WHERE id BETWEEN 5161801 AND 5171800
	-> Filter: (sbtest3.id between 5161801 and 5171800)  (cost=3991 rows=19800)
    -> Index range scan on sbtest3 using PRIMARY over (5161801 <= id <= 5171800)  (cost=3991 rows=19800)


table 4 : explain SELECT c FROM sbtest4 WHERE id BETWEEN 8872791 AND 8882790
	-> Filter: (sbtest4.id between 8872791 and 8882790)  (cost=3991 rows=19800)
    -> Index range scan on sbtest4 using PRIMARY over (8872791 <= id <= 8882790)  (cost=3991 rows=19800)


table 5 : explain SELECT c FROM sbtest5 WHERE id BETWEEN 785921 AND 795920
	-> Filter: (sbtest5.id between 785921 and 795920)  (cost=3991 rows=19800)
    -> Index range scan on sbtest5 using PRIMARY over (785921 <= id <= 795920)  (cost=3991 rows=19800)


table 6 : explain SELECT c FROM sbtest6 WHERE id BETWEEN 4990962 AND 5000961
	-> Filter: (sbtest6.id between 4990962 and 5000961)  (cost=3991 rows=19800)
    -> Index range scan on sbtest6 using PRIMARY over (4990962 <= id <= 5000961)  (cost=3991 rows=19800)


table 7 : explain SELECT c FROM sbtest7 WHERE id BETWEEN 4561739 AND 4571738
	-> Filter: (sbtest7.id between 4561739 and 4571738)  (cost=3991 rows=19800)
    -> Index range scan on sbtest7 using PRIMARY over (4561739 <= id <= 4571738)  (cost=3991 rows=19800)


table 8 : explain SELECT c FROM sbtest8 WHERE id BETWEEN 9094102 AND 9104101
	-> Filter: (sbtest8.id between 9094102 and 9104101)  (cost=3991 rows=19800)
    -> Index range scan on sbtest8 using PRIMARY over (9094102 <= id <= 9104101)  (cost=3991 rows=19800)


for: sum_ranges
table 1 : explain SELECT SUM(k) FROM sbtest1 WHERE id BETWEEN 7740663 AND 7750662
	-> Aggregate: sum(sbtest1.k)  (cost=8554 rows=1)
    -> Filter: (sbtest1.id between 7740663 and 7750662)  (cost=3991 rows=19800)
        -> Index range scan on sbtest1 using PRIMARY over (7740663 <= id <= 7750662)  (cost=3991 rows=19800)


table 2 : explain SELECT SUM(k) FROM sbtest2 WHERE id BETWEEN 1029582 AND 1039581
	-> Aggregate: sum(sbtest2.k)  (cost=8554 rows=1)
    -> Filter: (sbtest2.id between 1029582 and 1039581)  (cost=3991 rows=19800)
        -> Index range scan on sbtest2 using PRIMARY over (1029582 <= id <= 1039581)  (cost=3991 rows=19800)


table 3 : explain SELECT SUM(k) FROM sbtest3 WHERE id BETWEEN 4554870 AND 4564869
	-> Aggregate: sum(sbtest3.k)  (cost=8554 rows=1)
    -> Filter: (sbtest3.id between 4554870 and 4564869)  (cost=3991 rows=19800)
        -> Index range scan on sbtest3 using PRIMARY over (4554870 <= id <= 4564869)  (cost=3991 rows=19800)


table 4 : explain SELECT SUM(k) FROM sbtest4 WHERE id BETWEEN 649710 AND 659709
	-> Aggregate: sum(sbtest4.k)  (cost=8554 rows=1)
    -> Filter: (sbtest4.id between 649710 and 659709)  (cost=3991 rows=19800)
        -> Index range scan on sbtest4 using PRIMARY over (649710 <= id <= 659709)  (cost=3991 rows=19800)


table 5 : explain SELECT SUM(k) FROM sbtest5 WHERE id BETWEEN 6208233 AND 6218232
	-> Aggregate: sum(sbtest5.k)  (cost=8554 rows=1)
    -> Filter: (sbtest5.id between 6208233 and 6218232)  (cost=3991 rows=19800)
        -> Index range scan on sbtest5 using PRIMARY over (6208233 <= id <= 6218232)  (cost=3991 rows=19800)


table 6 : explain SELECT SUM(k) FROM sbtest6 WHERE id BETWEEN 2898036 AND 2908035
	-> Aggregate: sum(sbtest6.k)  (cost=8554 rows=1)
    -> Filter: (sbtest6.id between 2898036 and 2908035)  (cost=3991 rows=19800)
        -> Index range scan on sbtest6 using PRIMARY over (2898036 <= id <= 2908035)  (cost=3991 rows=19800)


table 7 : explain SELECT SUM(k) FROM sbtest7 WHERE id BETWEEN 9549922 AND 9559921
	-> Aggregate: sum(sbtest7.k)  (cost=8554 rows=1)
    -> Filter: (sbtest7.id between 9549922 and 9559921)  (cost=3991 rows=19800)
        -> Index range scan on sbtest7 using PRIMARY over (9549922 <= id <= 9559921)  (cost=3991 rows=19800)


table 8 : explain SELECT SUM(k) FROM sbtest8 WHERE id BETWEEN 1253286 AND 1263285
	-> Aggregate: sum(sbtest8.k)  (cost=8554 rows=1)
    -> Filter: (sbtest8.id between 1253286 and 1263285)  (cost=3991 rows=19800)
        -> Index range scan on sbtest8 using PRIMARY over (1253286 <= id <= 1263285)  (cost=3991 rows=19800)


for: sum_ranges
table 1 : explain SELECT SUM(k) FROM sbtest1 WHERE id BETWEEN 3805784 AND 3815783
	-> Aggregate: sum(sbtest1.k)  (cost=8554 rows=1)
    -> Filter: (sbtest1.id between 3805784 and 3815783)  (cost=3991 rows=19800)
        -> Index range scan on sbtest1 using PRIMARY over (3805784 <= id <= 3815783)  (cost=3991 rows=19800)


table 2 : explain SELECT SUM(k) FROM sbtest2 WHERE id BETWEEN 4716685 AND 4726684
	-> Aggregate: sum(sbtest2.k)  (cost=8554 rows=1)
    -> Filter: (sbtest2.id between 4716685 and 4726684)  (cost=3991 rows=19800)
        -> Index range scan on sbtest2 using PRIMARY over (4716685 <= id <= 4726684)  (cost=3991 rows=19800)


table 3 : explain SELECT SUM(k) FROM sbtest3 WHERE id BETWEEN 1426913 AND 1436912
	-> Aggregate: sum(sbtest3.k)  (cost=8554 rows=1)
    -> Filter: (sbtest3.id between 1426913 and 1436912)  (cost=3991 rows=19800)
        -> Index range scan on sbtest3 using PRIMARY over (1426913 <= id <= 1436912)  (cost=3991 rows=19800)


table 4 : explain SELECT SUM(k) FROM sbtest4 WHERE id BETWEEN 4681980 AND 4691979
	-> Aggregate: sum(sbtest4.k)  (cost=8554 rows=1)
    -> Filter: (sbtest4.id between 4681980 and 4691979)  (cost=3991 rows=19800)
        -> Index range scan on sbtest4 using PRIMARY over (4681980 <= id <= 4691979)  (cost=3991 rows=19800)


table 5 : explain SELECT SUM(k) FROM sbtest5 WHERE id BETWEEN 8724455 AND 8734454
	-> Aggregate: sum(sbtest5.k)  (cost=8554 rows=1)
    -> Filter: (sbtest5.id between 8724455 and 8734454)  (cost=3991 rows=19800)
        -> Index range scan on sbtest5 using PRIMARY over (8724455 <= id <= 8734454)  (cost=3991 rows=19800)


table 6 : explain SELECT SUM(k) FROM sbtest6 WHERE id BETWEEN 8833419 AND 8843418
	-> Aggregate: sum(sbtest6.k)  (cost=8554 rows=1)
    -> Filter: (sbtest6.id between 8833419 and 8843418)  (cost=3991 rows=19800)
        -> Index range scan on sbtest6 using PRIMARY over (8833419 <= id <= 8843418)  (cost=3991 rows=19800)


table 7 : explain SELECT SUM(k) FROM sbtest7 WHERE id BETWEEN 8693099 AND 8703098
	-> Aggregate: sum(sbtest7.k)  (cost=8554 rows=1)
    -> Filter: (sbtest7.id between 8693099 and 8703098)  (cost=3991 rows=19800)
        -> Index range scan on sbtest7 using PRIMARY over (8693099 <= id <= 8703098)  (cost=3991 rows=19800)


table 8 : explain SELECT SUM(k) FROM sbtest8 WHERE id BETWEEN 2318076 AND 2328075
	-> Aggregate: sum(sbtest8.k)  (cost=8554 rows=1)
    -> Filter: (sbtest8.id between 2318076 and 2328075)  (cost=3991 rows=19800)
        -> Index range scan on sbtest8 using PRIMARY over (2318076 <= id <= 2328075)  (cost=3991 rows=19800)


for: sum_ranges
table 1 : explain SELECT SUM(k) FROM sbtest1 WHERE id BETWEEN 1756390 AND 1766389
	-> Aggregate: sum(sbtest1.k)  (cost=8554 rows=1)
    -> Filter: (sbtest1.id between 1756390 and 1766389)  (cost=3991 rows=19800)
        -> Index range scan on sbtest1 using PRIMARY over (1756390 <= id <= 1766389)  (cost=3991 rows=19800)


table 2 : explain SELECT SUM(k) FROM sbtest2 WHERE id BETWEEN 9425888 AND 9435887
	-> Aggregate: sum(sbtest2.k)  (cost=8554 rows=1)
    -> Filter: (sbtest2.id between 9425888 and 9435887)  (cost=3991 rows=19800)
        -> Index range scan on sbtest2 using PRIMARY over (9425888 <= id <= 9435887)  (cost=3991 rows=19800)


table 3 : explain SELECT SUM(k) FROM sbtest3 WHERE id BETWEEN 27307 AND 37306
	-> Aggregate: sum(sbtest3.k)  (cost=8554 rows=1)
    -> Filter: (sbtest3.id between 27307 and 37306)  (cost=3991 rows=19800)
        -> Index range scan on sbtest3 using PRIMARY over (27307 <= id <= 37306)  (cost=3991 rows=19800)


table 4 : explain SELECT SUM(k) FROM sbtest4 WHERE id BETWEEN 5178118 AND 5188117
	-> Aggregate: sum(sbtest4.k)  (cost=8554 rows=1)
    -> Filter: (sbtest4.id between 5178118 and 5188117)  (cost=3991 rows=19800)
        -> Index range scan on sbtest4 using PRIMARY over (5178118 <= id <= 5188117)  (cost=3991 rows=19800)


table 5 : explain SELECT SUM(k) FROM sbtest5 WHERE id BETWEEN 1978378 AND 1988377
	-> Aggregate: sum(sbtest5.k)  (cost=8554 rows=1)
    -> Filter: (sbtest5.id between 1978378 and 1988377)  (cost=3991 rows=19800)
        -> Index range scan on sbtest5 using PRIMARY over (1978378 <= id <= 1988377)  (cost=3991 rows=19800)


table 6 : explain SELECT SUM(k) FROM sbtest6 WHERE id BETWEEN 4214892 AND 4224891
	-> Aggregate: sum(sbtest6.k)  (cost=8554 rows=1)
    -> Filter: (sbtest6.id between 4214892 and 4224891)  (cost=3991 rows=19800)
        -> Index range scan on sbtest6 using PRIMARY over (4214892 <= id <= 4224891)  (cost=3991 rows=19800)


table 7 : explain SELECT SUM(k) FROM sbtest7 WHERE id BETWEEN 1526547 AND 1536546
	-> Aggregate: sum(sbtest7.k)  (cost=8554 rows=1)
    -> Filter: (sbtest7.id between 1526547 and 1536546)  (cost=3991 rows=19800)
        -> Index range scan on sbtest7 using PRIMARY over (1526547 <= id <= 1536546)  (cost=3991 rows=19800)


table 8 : explain SELECT SUM(k) FROM sbtest8 WHERE id BETWEEN 2011372 AND 2021371
	-> Aggregate: sum(sbtest8.k)  (cost=8554 rows=1)
    -> Filter: (sbtest8.id between 2011372 and 2021371)  (cost=3991 rows=19800)
        -> Index range scan on sbtest8 using PRIMARY over (2011372 <= id <= 2021371)  (cost=3991 rows=19800)


for: sum_ranges
table 1 : explain SELECT SUM(k) FROM sbtest1 WHERE id BETWEEN 6112283 AND 6122282
	-> Aggregate: sum(sbtest1.k)  (cost=8554 rows=1)
    -> Filter: (sbtest1.id between 6112283 and 6122282)  (cost=3991 rows=19800)
        -> Index range scan on sbtest1 using PRIMARY over (6112283 <= id <= 6122282)  (cost=3991 rows=19800)


table 2 : explain SELECT SUM(k) FROM sbtest2 WHERE id BETWEEN 3282819 AND 3292818
	-> Aggregate: sum(sbtest2.k)  (cost=8554 rows=1)
    -> Filter: (sbtest2.id between 3282819 and 3292818)  (cost=3991 rows=19800)
        -> Index range scan on sbtest2 using PRIMARY over (3282819 <= id <= 3292818)  (cost=3991 rows=19800)


table 3 : explain SELECT SUM(k) FROM sbtest3 WHERE id BETWEEN 1266026 AND 1276025
	-> Aggregate: sum(sbtest3.k)  (cost=8554 rows=1)
    -> Filter: (sbtest3.id between 1266026 and 1276025)  (cost=3991 rows=19800)
        -> Index range scan on sbtest3 using PRIMARY over (1266026 <= id <= 1276025)  (cost=3991 rows=19800)


table 4 : explain SELECT SUM(k) FROM sbtest4 WHERE id BETWEEN 7578654 AND 7588653
	-> Aggregate: sum(sbtest4.k)  (cost=8554 rows=1)
    -> Filter: (sbtest4.id between 7578654 and 7588653)  (cost=3991 rows=19800)
        -> Index range scan on sbtest4 using PRIMARY over (7578654 <= id <= 7588653)  (cost=3991 rows=19800)


table 5 : explain SELECT SUM(k) FROM sbtest5 WHERE id BETWEEN 6476732 AND 6486731
	-> Aggregate: sum(sbtest5.k)  (cost=8554 rows=1)
    -> Filter: (sbtest5.id between 6476732 and 6486731)  (cost=3991 rows=19800)
        -> Index range scan on sbtest5 using PRIMARY over (6476732 <= id <= 6486731)  (cost=3991 rows=19800)


table 6 : explain SELECT SUM(k) FROM sbtest6 WHERE id BETWEEN 4319958 AND 4329957
	-> Aggregate: sum(sbtest6.k)  (cost=8566 rows=1)
    -> Filter: (sbtest6.id between 4319958 and 4329957)  (cost=3997 rows=19828)
        -> Index range scan on sbtest6 using PRIMARY over (4319958 <= id <= 4329957)  (cost=3997 rows=19828)


table 7 : explain SELECT SUM(k) FROM sbtest7 WHERE id BETWEEN 4171259 AND 4181258
	-> Aggregate: sum(sbtest7.k)  (cost=8554 rows=1)
    -> Filter: (sbtest7.id between 4171259 and 4181258)  (cost=3991 rows=19800)
        -> Index range scan on sbtest7 using PRIMARY over (4171259 <= id <= 4181258)  (cost=3991 rows=19800)


table 8 : explain SELECT SUM(k) FROM sbtest8 WHERE id BETWEEN 6993050 AND 7003049
	-> Aggregate: sum(sbtest8.k)  (cost=8554 rows=1)
    -> Filter: (sbtest8.id between 6993050 and 7003049)  (cost=3991 rows=19800)
        -> Index range scan on sbtest8 using PRIMARY over (6993050 <= id <= 7003049)  (cost=3991 rows=19800)


for point_selects
table 1 : explain SELECT c FROM sbtest1 WHERE id=3891430
	-> Rows fetched before execution  (cost=0..0 rows=1)


table 2 : explain SELECT c FROM sbtest2 WHERE id=4575451
	-> Rows fetched before execution  (cost=0..0 rows=1)


table 3 : explain SELECT c FROM sbtest3 WHERE id=4057973
	-> Rows fetched before execution  (cost=0..0 rows=1)


table 4 : explain SELECT c FROM sbtest4 WHERE id=8933277
	-> Rows fetched before execution  (cost=0..0 rows=1)


table 5 : explain SELECT c FROM sbtest5 WHERE id=7840856
	-> Rows fetched before execution  (cost=0..0 rows=1)


table 6 : explain SELECT c FROM sbtest6 WHERE id=6471122
	-> Rows fetched before execution  (cost=0..0 rows=1)


table 7 : explain SELECT c FROM sbtest7 WHERE id=7176586
	-> Rows fetched before execution  (cost=0..0 rows=1)


table 8 : explain SELECT c FROM sbtest8 WHERE id=5365925
	-> Rows fetched before execution  (cost=0..0 rows=1)


for: simple_ranges
table 1 : explain SELECT c FROM sbtest1 WHERE id BETWEEN 3287659 AND 3297658
	-> Filter: (sbtest1.id between 3287659 and 3297658)  (cost=3991 rows=19800)
    -> Index range scan on sbtest1 using PRIMARY over (3287659 <= id <= 3297658)  (cost=3991 rows=19800)


table 2 : explain SELECT c FROM sbtest2 WHERE id BETWEEN 3069538 AND 3079537
	-> Filter: (sbtest2.id between 3069538 and 3079537)  (cost=3991 rows=19800)
    -> Index range scan on sbtest2 using PRIMARY over (3069538 <= id <= 3079537)  (cost=3991 rows=19800)


table 3 : explain SELECT c FROM sbtest3 WHERE id BETWEEN 5097947 AND 5107946
	-> Filter: (sbtest3.id between 5097947 and 5107946)  (cost=3991 rows=19800)
    -> Index range scan on sbtest3 using PRIMARY over (5097947 <= id <= 5107946)  (cost=3991 rows=19800)


table 4 : explain SELECT c FROM sbtest4 WHERE id BETWEEN 7034780 AND 7044779
	-> Filter: (sbtest4.id between 7034780 and 7044779)  (cost=3991 rows=19800)
    -> Index range scan on sbtest4 using PRIMARY over (7034780 <= id <= 7044779)  (cost=3991 rows=19800)


table 5 : explain SELECT c FROM sbtest5 WHERE id BETWEEN 5405695 AND 5415694
	-> Filter: (sbtest5.id between 5405695 and 5415694)  (cost=3991 rows=19800)
    -> Index range scan on sbtest5 using PRIMARY over (5405695 <= id <= 5415694)  (cost=3991 rows=19800)


table 6 : explain SELECT c FROM sbtest6 WHERE id BETWEEN 9381018 AND 9391017
	-> Filter: (sbtest6.id between 9381018 and 9391017)  (cost=3991 rows=19800)
    -> Index range scan on sbtest6 using PRIMARY over (9381018 <= id <= 9391017)  (cost=3991 rows=19800)


table 7 : explain SELECT c FROM sbtest7 WHERE id BETWEEN 913238 AND 923237
	-> Filter: (sbtest7.id between 913238 and 923237)  (cost=3991 rows=19800)
    -> Index range scan on sbtest7 using PRIMARY over (913238 <= id <= 923237)  (cost=3991 rows=19800)


table 8 : explain SELECT c FROM sbtest8 WHERE id BETWEEN 5388803 AND 5398802
	-> Filter: (sbtest8.id between 5388803 and 5398802)  (cost=3991 rows=19800)
    -> Index range scan on sbtest8 using PRIMARY over (5388803 <= id <= 5398802)  (cost=3991 rows=19800)


for point_selects
table 1 : explain SELECT c FROM sbtest1 WHERE id=8682996
	-> Rows fetched before execution  (cost=0..0 rows=1)


table 2 : explain SELECT c FROM sbtest2 WHERE id=6313013
	-> Rows fetched before execution  (cost=0..0 rows=1)


table 3 : explain SELECT c FROM sbtest3 WHERE id=7266996
	-> Rows fetched before execution  (cost=0..0 rows=1)


table 4 : explain SELECT c FROM sbtest4 WHERE id=1648109
	-> Rows fetched before execution  (cost=0..0 rows=1)


table 5 : explain SELECT c FROM sbtest5 WHERE id=7627211
	-> Rows fetched before execution  (cost=0..0 rows=1)


table 6 : explain SELECT c FROM sbtest6 WHERE id=9540702
	-> Rows fetched before execution  (cost=0..0 rows=1)


table 7 : explain SELECT c FROM sbtest7 WHERE id=6607896
	-> Rows fetched before execution  (cost=0..0 rows=1)


table 8 : explain SELECT c FROM sbtest8 WHERE id=6535160
	-> Rows fetched before execution  (cost=0..0 rows=1)


for point_selects
table 1 : explain SELECT c FROM sbtest1 WHERE id=4811529
	-> Rows fetched before execution  (cost=0..0 rows=1)


table 2 : explain SELECT c FROM sbtest2 WHERE id=1846813
	-> Rows fetched before execution  (cost=0..0 rows=1)


table 3 : explain SELECT c FROM sbtest3 WHERE id=1654656
	-> Rows fetched before execution  (cost=0..0 rows=1)


table 4 : explain SELECT c FROM sbtest4 WHERE id=7482062
	-> Rows fetched before execution  (cost=0..0 rows=1)


table 5 : explain SELECT c FROM sbtest5 WHERE id=183028
	-> Rows fetched before execution  (cost=0..0 rows=1)


table 6 : explain SELECT c FROM sbtest6 WHERE id=417071
	-> Rows fetched before execution  (cost=0..0 rows=1)


table 7 : explain SELECT c FROM sbtest7 WHERE id=2473232
	-> Rows fetched before execution  (cost=0..0 rows=1)


table 8 : explain SELECT c FROM sbtest8 WHERE id=4049615
	-> Rows fetched before execution  (cost=0..0 rows=1)


for: sum_ranges
table 1 : explain SELECT SUM(k) FROM sbtest1 WHERE id BETWEEN 3040412 AND 3050411
	-> Aggregate: sum(sbtest1.k)  (cost=8554 rows=1)
    -> Filter: (sbtest1.id between 3040412 and 3050411)  (cost=3991 rows=19800)
        -> Index range scan on sbtest1 using PRIMARY over (3040412 <= id <= 3050411)  (cost=3991 rows=19800)


table 2 : explain SELECT SUM(k) FROM sbtest2 WHERE id BETWEEN 2344747 AND 2354746
	-> Aggregate: sum(sbtest2.k)  (cost=8554 rows=1)
    -> Filter: (sbtest2.id between 2344747 and 2354746)  (cost=3991 rows=19800)
        -> Index range scan on sbtest2 using PRIMARY over (2344747 <= id <= 2354746)  (cost=3991 rows=19800)


table 3 : explain SELECT SUM(k) FROM sbtest3 WHERE id BETWEEN 4431718 AND 4441717
	-> Aggregate: sum(sbtest3.k)  (cost=8554 rows=1)
    -> Filter: (sbtest3.id between 4431718 and 4441717)  (cost=3991 rows=19800)
        -> Index range scan on sbtest3 using PRIMARY over (4431718 <= id <= 4441717)  (cost=3991 rows=19800)


table 4 : explain SELECT SUM(k) FROM sbtest4 WHERE id BETWEEN 9661611 AND 9671610
	-> Aggregate: sum(sbtest4.k)  (cost=8554 rows=1)
    -> Filter: (sbtest4.id between 9661611 and 9671610)  (cost=3991 rows=19800)
        -> Index range scan on sbtest4 using PRIMARY over (9661611 <= id <= 9671610)  (cost=3991 rows=19800)


table 5 : explain SELECT SUM(k) FROM sbtest5 WHERE id BETWEEN 2994562 AND 3004561
	-> Aggregate: sum(sbtest5.k)  (cost=8554 rows=1)
    -> Filter: (sbtest5.id between 2994562 and 3004561)  (cost=3991 rows=19800)
        -> Index range scan on sbtest5 using PRIMARY over (2994562 <= id <= 3004561)  (cost=3991 rows=19800)


table 6 : explain SELECT SUM(k) FROM sbtest6 WHERE id BETWEEN 2801160 AND 2811159
	-> Aggregate: sum(sbtest6.k)  (cost=8554 rows=1)
    -> Filter: (sbtest6.id between 2801160 and 2811159)  (cost=3991 rows=19800)
        -> Index range scan on sbtest6 using PRIMARY over (2801160 <= id <= 2811159)  (cost=3991 rows=19800)


table 7 : explain SELECT SUM(k) FROM sbtest7 WHERE id BETWEEN 9957635 AND 9967634
	-> Aggregate: sum(sbtest7.k)  (cost=8554 rows=1)
    -> Filter: (sbtest7.id between 9957635 and 9967634)  (cost=3991 rows=19800)
        -> Index range scan on sbtest7 using PRIMARY over (9957635 <= id <= 9967634)  (cost=3991 rows=19800)


table 8 : explain SELECT SUM(k) FROM sbtest8 WHERE id BETWEEN 2658319 AND 2668318
	-> Aggregate: sum(sbtest8.k)  (cost=8554 rows=1)
    -> Filter: (sbtest8.id between 2658319 and 2668318)  (cost=3991 rows=19800)
        -> Index range scan on sbtest8 using PRIMARY over (2658319 <= id <= 2668318)  (cost=3991 rows=19800)


for: sum_ranges
table 1 : explain SELECT SUM(k) FROM sbtest1 WHERE id BETWEEN 5055062 AND 5065061
	-> Aggregate: sum(sbtest1.k)  (cost=8554 rows=1)
    -> Filter: (sbtest1.id between 5055062 and 5065061)  (cost=3991 rows=19800)
        -> Index range scan on sbtest1 using PRIMARY over (5055062 <= id <= 5065061)  (cost=3991 rows=19800)


table 2 : explain SELECT SUM(k) FROM sbtest2 WHERE id BETWEEN 3615742 AND 3625741
	-> Aggregate: sum(sbtest2.k)  (cost=8554 rows=1)
    -> Filter: (sbtest2.id between 3615742 and 3625741)  (cost=3991 rows=19800)
        -> Index range scan on sbtest2 using PRIMARY over (3615742 <= id <= 3625741)  (cost=3991 rows=19800)


table 3 : explain SELECT SUM(k) FROM sbtest3 WHERE id BETWEEN 2803184 AND 2813183
	-> Aggregate: sum(sbtest3.k)  (cost=8554 rows=1)
    -> Filter: (sbtest3.id between 2803184 and 2813183)  (cost=3991 rows=19800)
        -> Index range scan on sbtest3 using PRIMARY over (2803184 <= id <= 2813183)  (cost=3991 rows=19800)


table 4 : explain SELECT SUM(k) FROM sbtest4 WHERE id BETWEEN 143237 AND 153236
	-> Aggregate: sum(sbtest4.k)  (cost=8554 rows=1)
    -> Filter: (sbtest4.id between 143237 and 153236)  (cost=3991 rows=19800)
        -> Index range scan on sbtest4 using PRIMARY over (143237 <= id <= 153236)  (cost=3991 rows=19800)


table 5 : explain SELECT SUM(k) FROM sbtest5 WHERE id BETWEEN 506798 AND 516797
	-> Aggregate: sum(sbtest5.k)  (cost=8554 rows=1)
    -> Filter: (sbtest5.id between 506798 and 516797)  (cost=3991 rows=19800)
        -> Index range scan on sbtest5 using PRIMARY over (506798 <= id <= 516797)  (cost=3991 rows=19800)


table 6 : explain SELECT SUM(k) FROM sbtest6 WHERE id BETWEEN 9218200 AND 9228199
	-> Aggregate: sum(sbtest6.k)  (cost=8554 rows=1)
    -> Filter: (sbtest6.id between 9218200 and 9228199)  (cost=3991 rows=19800)
        -> Index range scan on sbtest6 using PRIMARY over (9218200 <= id <= 9228199)  (cost=3991 rows=19800)


table 7 : explain SELECT SUM(k) FROM sbtest7 WHERE id BETWEEN 5600609 AND 5610608
	-> Aggregate: sum(sbtest7.k)  (cost=8554 rows=1)
    -> Filter: (sbtest7.id between 5600609 and 5610608)  (cost=3991 rows=19800)
        -> Index range scan on sbtest7 using PRIMARY over (5600609 <= id <= 5610608)  (cost=3991 rows=19800)


table 8 : explain SELECT SUM(k) FROM sbtest8 WHERE id BETWEEN 7095602 AND 7105601
	-> Aggregate: sum(sbtest8.k)  (cost=8554 rows=1)
    -> Filter: (sbtest8.id between 7095602 and 7105601)  (cost=3991 rows=19800)
        -> Index range scan on sbtest8 using PRIMARY over (7095602 <= id <= 7105601)  (cost=3991 rows=19800)


for: sum_ranges
table 1 : explain SELECT SUM(k) FROM sbtest1 WHERE id BETWEEN 2119357 AND 2129356
	-> Aggregate: sum(sbtest1.k)  (cost=8554 rows=1)
    -> Filter: (sbtest1.id between 2119357 and 2129356)  (cost=3991 rows=19800)
        -> Index range scan on sbtest1 using PRIMARY over (2119357 <= id <= 2129356)  (cost=3991 rows=19800)


table 2 : explain SELECT SUM(k) FROM sbtest2 WHERE id BETWEEN 4641423 AND 4651422
	-> Aggregate: sum(sbtest2.k)  (cost=8554 rows=1)
    -> Filter: (sbtest2.id between 4641423 and 4651422)  (cost=3991 rows=19800)
        -> Index range scan on sbtest2 using PRIMARY over (4641423 <= id <= 4651422)  (cost=3991 rows=19800)


table 3 : explain SELECT SUM(k) FROM sbtest3 WHERE id BETWEEN 1366993 AND 1376992
	-> Aggregate: sum(sbtest3.k)  (cost=8554 rows=1)
    -> Filter: (sbtest3.id between 1366993 and 1376992)  (cost=3991 rows=19800)
        -> Index range scan on sbtest3 using PRIMARY over (1366993 <= id <= 1376992)  (cost=3991 rows=19800)


table 4 : explain SELECT SUM(k) FROM sbtest4 WHERE id BETWEEN 7891825 AND 7901824
	-> Aggregate: sum(sbtest4.k)  (cost=8554 rows=1)
    -> Filter: (sbtest4.id between 7891825 and 7901824)  (cost=3991 rows=19800)
        -> Index range scan on sbtest4 using PRIMARY over (7891825 <= id <= 7901824)  (cost=3991 rows=19800)


table 5 : explain SELECT SUM(k) FROM sbtest5 WHERE id BETWEEN 5812963 AND 5822962
	-> Aggregate: sum(sbtest5.k)  (cost=8554 rows=1)
    -> Filter: (sbtest5.id between 5812963 and 5822962)  (cost=3991 rows=19800)
        -> Index range scan on sbtest5 using PRIMARY over (5812963 <= id <= 5822962)  (cost=3991 rows=19800)


table 6 : explain SELECT SUM(k) FROM sbtest6 WHERE id BETWEEN 3736315 AND 3746314
	-> Aggregate: sum(sbtest6.k)  (cost=8554 rows=1)
    -> Filter: (sbtest6.id between 3736315 and 3746314)  (cost=3991 rows=19800)
        -> Index range scan on sbtest6 using PRIMARY over (3736315 <= id <= 3746314)  (cost=3991 rows=19800)


table 7 : explain SELECT SUM(k) FROM sbtest7 WHERE id BETWEEN 930439 AND 940438
	-> Aggregate: sum(sbtest7.k)  (cost=8554 rows=1)
    -> Filter: (sbtest7.id between 930439 and 940438)  (cost=3991 rows=19800)
        -> Index range scan on sbtest7 using PRIMARY over (930439 <= id <= 940438)  (cost=3991 rows=19800)


table 8 : explain SELECT SUM(k) FROM sbtest8 WHERE id BETWEEN 1024968 AND 1034967
	-> Aggregate: sum(sbtest8.k)  (cost=8554 rows=1)
    -> Filter: (sbtest8.id between 1024968 and 1034967)  (cost=3991 rows=19800)
        -> Index range scan on sbtest8 using PRIMARY over (1024968 <= id <= 1034967)  (cost=3991 rows=19800)


for: sum_ranges
table 1 : explain SELECT SUM(k) FROM sbtest1 WHERE id BETWEEN 1057841 AND 1067840
	-> Aggregate: sum(sbtest1.k)  (cost=8554 rows=1)
    -> Filter: (sbtest1.id between 1057841 and 1067840)  (cost=3991 rows=19800)
        -> Index range scan on sbtest1 using PRIMARY over (1057841 <= id <= 1067840)  (cost=3991 rows=19800)


table 2 : explain SELECT SUM(k) FROM sbtest2 WHERE id BETWEEN 602714 AND 612713
	-> Aggregate: sum(sbtest2.k)  (cost=8554 rows=1)
    -> Filter: (sbtest2.id between 602714 and 612713)  (cost=3991 rows=19800)
        -> Index range scan on sbtest2 using PRIMARY over (602714 <= id <= 612713)  (cost=3991 rows=19800)


table 3 : explain SELECT SUM(k) FROM sbtest3 WHERE id BETWEEN 4111942 AND 4121941
	-> Aggregate: sum(sbtest3.k)  (cost=8554 rows=1)
    -> Filter: (sbtest3.id between 4111942 and 4121941)  (cost=3991 rows=19800)
        -> Index range scan on sbtest3 using PRIMARY over (4111942 <= id <= 4121941)  (cost=3991 rows=19800)


table 4 : explain SELECT SUM(k) FROM sbtest4 WHERE id BETWEEN 8443958 AND 8453957
	-> Aggregate: sum(sbtest4.k)  (cost=8554 rows=1)
    -> Filter: (sbtest4.id between 8443958 and 8453957)  (cost=3991 rows=19800)
        -> Index range scan on sbtest4 using PRIMARY over (8443958 <= id <= 8453957)  (cost=3991 rows=19800)


table 5 : explain SELECT SUM(k) FROM sbtest5 WHERE id BETWEEN 2897313 AND 2907312
	-> Aggregate: sum(sbtest5.k)  (cost=8554 rows=1)
    -> Filter: (sbtest5.id between 2897313 and 2907312)  (cost=3991 rows=19800)
        -> Index range scan on sbtest5 using PRIMARY over (2897313 <= id <= 2907312)  (cost=3991 rows=19800)


table 6 : explain SELECT SUM(k) FROM sbtest6 WHERE id BETWEEN 2940532 AND 2950531
	-> Aggregate: sum(sbtest6.k)  (cost=8554 rows=1)
    -> Filter: (sbtest6.id between 2940532 and 2950531)  (cost=3991 rows=19800)
        -> Index range scan on sbtest6 using PRIMARY over (2940532 <= id <= 2950531)  (cost=3991 rows=19800)


table 7 : explain SELECT SUM(k) FROM sbtest7 WHERE id BETWEEN 8567366 AND 8577365
	-> Aggregate: sum(sbtest7.k)  (cost=8554 rows=1)
    -> Filter: (sbtest7.id between 8567366 and 8577365)  (cost=3991 rows=19800)
        -> Index range scan on sbtest7 using PRIMARY over (8567366 <= id <= 8577365)  (cost=3991 rows=19800)


table 8 : explain SELECT SUM(k) FROM sbtest8 WHERE id BETWEEN 6882482 AND 6892481
	-> Aggregate: sum(sbtest8.k)  (cost=8554 rows=1)
    -> Filter: (sbtest8.id between 6882482 and 6892481)  (cost=3991 rows=19800)
        -> Index range scan on sbtest8 using PRIMARY over (6882482 <= id <= 6892481)  (cost=3991 rows=19800)


for: sum_ranges
table 1 : explain SELECT SUM(k) FROM sbtest1 WHERE id BETWEEN 9993667 AND 10003666
	-> Aggregate: sum(sbtest1.k)  (cost=5765 rows=1)
    -> Filter: (sbtest1.id between 9993667 and 10003666)  (cost=2690 rows=13344)
        -> Index range scan on sbtest1 using PRIMARY over (9993667 <= id <= 10003666)  (cost=2690 rows=13344)


table 2 : explain SELECT SUM(k) FROM sbtest2 WHERE id BETWEEN 6643038 AND 6653037
	-> Aggregate: sum(sbtest2.k)  (cost=9342 rows=1)
    -> Filter: (sbtest2.id between 6643038 and 6653037)  (cost=4360 rows=21626)
        -> Index range scan on sbtest2 using PRIMARY over (6643038 <= id <= 6653037)  (cost=4360 rows=21626)


table 3 : explain SELECT SUM(k) FROM sbtest3 WHERE id BETWEEN 7362142 AND 7372141
	-> Aggregate: sum(sbtest3.k)  (cost=8554 rows=1)
    -> Filter: (sbtest3.id between 7362142 and 7372141)  (cost=3991 rows=19800)
        -> Index range scan on sbtest3 using PRIMARY over (7362142 <= id <= 7372141)  (cost=3991 rows=19800)


table 4 : explain SELECT SUM(k) FROM sbtest4 WHERE id BETWEEN 3585714 AND 3595713
	-> Aggregate: sum(sbtest4.k)  (cost=8554 rows=1)
    -> Filter: (sbtest4.id between 3585714 and 3595713)  (cost=3991 rows=19800)
        -> Index range scan on sbtest4 using PRIMARY over (3585714 <= id <= 3595713)  (cost=3991 rows=19800)


table 5 : explain SELECT SUM(k) FROM sbtest5 WHERE id BETWEEN 5987680 AND 5997679
	-> Aggregate: sum(sbtest5.k)  (cost=8554 rows=1)
    -> Filter: (sbtest5.id between 5987680 and 5997679)  (cost=3991 rows=19800)
        -> Index range scan on sbtest5 using PRIMARY over (5987680 <= id <= 5997679)  (cost=3991 rows=19800)


table 6 : explain SELECT SUM(k) FROM sbtest6 WHERE id BETWEEN 3801647 AND 3811646
	-> Aggregate: sum(sbtest6.k)  (cost=8554 rows=1)
    -> Filter: (sbtest6.id between 3801647 and 3811646)  (cost=3991 rows=19800)
        -> Index range scan on sbtest6 using PRIMARY over (3801647 <= id <= 3811646)  (cost=3991 rows=19800)


table 7 : explain SELECT SUM(k) FROM sbtest7 WHERE id BETWEEN 8902498 AND 8912497
	-> Aggregate: sum(sbtest7.k)  (cost=8554 rows=1)
    -> Filter: (sbtest7.id between 8902498 and 8912497)  (cost=3991 rows=19800)
        -> Index range scan on sbtest7 using PRIMARY over (8902498 <= id <= 8912497)  (cost=3991 rows=19800)


table 8 : explain SELECT SUM(k) FROM sbtest8 WHERE id BETWEEN 7507710 AND 7517709
	-> Aggregate: sum(sbtest8.k)  (cost=8554 rows=1)
    -> Filter: (sbtest8.id between 7507710 and 7517709)  (cost=3991 rows=19800)
        -> Index range scan on sbtest8 using PRIMARY over (7507710 <= id <= 7517709)  (cost=3991 rows=19800)


for: simple_ranges
table 1 : explain SELECT c FROM sbtest1 WHERE id BETWEEN 8059247 AND 8069246
	-> Filter: (sbtest1.id between 8059247 and 8069246)  (cost=3991 rows=19800)
    -> Index range scan on sbtest1 using PRIMARY over (8059247 <= id <= 8069246)  (cost=3991 rows=19800)


table 2 : explain SELECT c FROM sbtest2 WHERE id BETWEEN 5789821 AND 5799820
	-> Filter: (sbtest2.id between 5789821 and 5799820)  (cost=3991 rows=19800)
    -> Index range scan on sbtest2 using PRIMARY over (5789821 <= id <= 5799820)  (cost=3991 rows=19800)


table 3 : explain SELECT c FROM sbtest3 WHERE id BETWEEN 8081216 AND 8091215
	-> Filter: (sbtest3.id between 8081216 and 8091215)  (cost=3991 rows=19800)
    -> Index range scan on sbtest3 using PRIMARY over (8081216 <= id <= 8091215)  (cost=3991 rows=19800)


table 4 : explain SELECT c FROM sbtest4 WHERE id BETWEEN 7268139 AND 7278138
	-> Filter: (sbtest4.id between 7268139 and 7278138)  (cost=3991 rows=19800)
    -> Index range scan on sbtest4 using PRIMARY over (7268139 <= id <= 7278138)  (cost=3991 rows=19800)


table 5 : explain SELECT c FROM sbtest5 WHERE id BETWEEN 9364744 AND 9374743
	-> Filter: (sbtest5.id between 9364744 and 9374743)  (cost=3991 rows=19800)
    -> Index range scan on sbtest5 using PRIMARY over (9364744 <= id <= 9374743)  (cost=3991 rows=19800)


table 6 : explain SELECT c FROM sbtest6 WHERE id BETWEEN 795947 AND 805946
	-> Filter: (sbtest6.id between 795947 and 805946)  (cost=3991 rows=19800)
    -> Index range scan on sbtest6 using PRIMARY over (795947 <= id <= 805946)  (cost=3991 rows=19800)


table 7 : explain SELECT c FROM sbtest7 WHERE id BETWEEN 3898947 AND 3908946
	-> Filter: (sbtest7.id between 3898947 and 3908946)  (cost=3991 rows=19800)
    -> Index range scan on sbtest7 using PRIMARY over (3898947 <= id <= 3908946)  (cost=3991 rows=19800)


table 8 : explain SELECT c FROM sbtest8 WHERE id BETWEEN 1644687 AND 1654686
	-> Filter: (sbtest8.id between 1644687 and 1654686)  (cost=3991 rows=19800)
    -> Index range scan on sbtest8 using PRIMARY over (1644687 <= id <= 1654686)  (cost=3991 rows=19800)


for: sum_ranges
table 1 : explain SELECT SUM(k) FROM sbtest1 WHERE id BETWEEN 5241051 AND 5251050
	-> Aggregate: sum(sbtest1.k)  (cost=8554 rows=1)
    -> Filter: (sbtest1.id between 5241051 and 5251050)  (cost=3991 rows=19800)
        -> Index range scan on sbtest1 using PRIMARY over (5241051 <= id <= 5251050)  (cost=3991 rows=19800)


table 2 : explain SELECT SUM(k) FROM sbtest2 WHERE id BETWEEN 3404627 AND 3414626
	-> Aggregate: sum(sbtest2.k)  (cost=8554 rows=1)
    -> Filter: (sbtest2.id between 3404627 and 3414626)  (cost=3991 rows=19800)
        -> Index range scan on sbtest2 using PRIMARY over (3404627 <= id <= 3414626)  (cost=3991 rows=19800)


table 3 : explain SELECT SUM(k) FROM sbtest3 WHERE id BETWEEN 3269879 AND 3279878
	-> Aggregate: sum(sbtest3.k)  (cost=8554 rows=1)
    -> Filter: (sbtest3.id between 3269879 and 3279878)  (cost=3991 rows=19800)
        -> Index range scan on sbtest3 using PRIMARY over (3269879 <= id <= 3279878)  (cost=3991 rows=19800)


table 4 : explain SELECT SUM(k) FROM sbtest4 WHERE id BETWEEN 8953571 AND 8963570
	-> Aggregate: sum(sbtest4.k)  (cost=8554 rows=1)
    -> Filter: (sbtest4.id between 8953571 and 8963570)  (cost=3991 rows=19800)
        -> Index range scan on sbtest4 using PRIMARY over (8953571 <= id <= 8963570)  (cost=3991 rows=19800)


table 5 : explain SELECT SUM(k) FROM sbtest5 WHERE id BETWEEN 1522284 AND 1532283
	-> Aggregate: sum(sbtest5.k)  (cost=8554 rows=1)
    -> Filter: (sbtest5.id between 1522284 and 1532283)  (cost=3991 rows=19800)
        -> Index range scan on sbtest5 using PRIMARY over (1522284 <= id <= 1532283)  (cost=3991 rows=19800)


table 6 : explain SELECT SUM(k) FROM sbtest6 WHERE id BETWEEN 2160852 AND 2170851
	-> Aggregate: sum(sbtest6.k)  (cost=8554 rows=1)
    -> Filter: (sbtest6.id between 2160852 and 2170851)  (cost=3991 rows=19800)
        -> Index range scan on sbtest6 using PRIMARY over (2160852 <= id <= 2170851)  (cost=3991 rows=19800)


table 7 : explain SELECT SUM(k) FROM sbtest7 WHERE id BETWEEN 1609839 AND 1619838
	-> Aggregate: sum(sbtest7.k)  (cost=8554 rows=1)
    -> Filter: (sbtest7.id between 1609839 and 1619838)  (cost=3991 rows=19800)
        -> Index range scan on sbtest7 using PRIMARY over (1609839 <= id <= 1619838)  (cost=3991 rows=19800)


table 8 : explain SELECT SUM(k) FROM sbtest8 WHERE id BETWEEN 5674689 AND 5684688
	-> Aggregate: sum(sbtest8.k)  (cost=8554 rows=1)
    -> Filter: (sbtest8.id between 5674689 and 5684688)  (cost=3991 rows=19800)
        -> Index range scan on sbtest8 using PRIMARY over (5674689 <= id <= 5684688)  (cost=3991 rows=19800)


for: simple_ranges
table 1 : explain SELECT c FROM sbtest1 WHERE id BETWEEN 564127 AND 574126
	-> Filter: (sbtest1.id between 564127 and 574126)  (cost=3991 rows=19800)
    -> Index range scan on sbtest1 using PRIMARY over (564127 <= id <= 574126)  (cost=3991 rows=19800)


table 2 : explain SELECT c FROM sbtest2 WHERE id BETWEEN 8061274 AND 8071273
	-> Filter: (sbtest2.id between 8061274 and 8071273)  (cost=3991 rows=19800)
    -> Index range scan on sbtest2 using PRIMARY over (8061274 <= id <= 8071273)  (cost=3991 rows=19800)


table 3 : explain SELECT c FROM sbtest3 WHERE id BETWEEN 4964680 AND 4974679
	-> Filter: (sbtest3.id between 4964680 and 4974679)  (cost=3991 rows=19800)
    -> Index range scan on sbtest3 using PRIMARY over (4964680 <= id <= 4974679)  (cost=3991 rows=19800)


table 4 : explain SELECT c FROM sbtest4 WHERE id BETWEEN 2176549 AND 2186548
	-> Filter: (sbtest4.id between 2176549 and 2186548)  (cost=3991 rows=19800)
    -> Index range scan on sbtest4 using PRIMARY over (2176549 <= id <= 2186548)  (cost=3991 rows=19800)


table 5 : explain SELECT c FROM sbtest5 WHERE id BETWEEN 5830777 AND 5840776
	-> Filter: (sbtest5.id between 5830777 and 5840776)  (cost=3991 rows=19800)
    -> Index range scan on sbtest5 using PRIMARY over (5830777 <= id <= 5840776)  (cost=3991 rows=19800)


table 6 : explain SELECT c FROM sbtest6 WHERE id BETWEEN 245206 AND 255205
	-> Filter: (sbtest6.id between 245206 and 255205)  (cost=3991 rows=19800)
    -> Index range scan on sbtest6 using PRIMARY over (245206 <= id <= 255205)  (cost=3991 rows=19800)


table 7 : explain SELECT c FROM sbtest7 WHERE id BETWEEN 7508363 AND 7518362
	-> Filter: (sbtest7.id between 7508363 and 7518362)  (cost=3991 rows=19800)
    -> Index range scan on sbtest7 using PRIMARY over (7508363 <= id <= 7518362)  (cost=3991 rows=19800)


table 8 : explain SELECT c FROM sbtest8 WHERE id BETWEEN 3283428 AND 3293427
	-> Filter: (sbtest8.id between 3283428 and 3293427)  (cost=3991 rows=19800)
    -> Index range scan on sbtest8 using PRIMARY over (3283428 <= id <= 3293427)  (cost=3991 rows=19800)


for: sum_ranges
table 1 : explain SELECT SUM(k) FROM sbtest1 WHERE id BETWEEN 228629 AND 238628
	-> Aggregate: sum(sbtest1.k)  (cost=8554 rows=1)
    -> Filter: (sbtest1.id between 228629 and 238628)  (cost=3991 rows=19800)
        -> Index range scan on sbtest1 using PRIMARY over (228629 <= id <= 238628)  (cost=3991 rows=19800)


table 2 : explain SELECT SUM(k) FROM sbtest2 WHERE id BETWEEN 6008908 AND 6018907
	-> Aggregate: sum(sbtest2.k)  (cost=8554 rows=1)
    -> Filter: (sbtest2.id between 6008908 and 6018907)  (cost=3991 rows=19800)
        -> Index range scan on sbtest2 using PRIMARY over (6008908 <= id <= 6018907)  (cost=3991 rows=19800)


table 3 : explain SELECT SUM(k) FROM sbtest3 WHERE id BETWEEN 7223642 AND 7233641
	-> Aggregate: sum(sbtest3.k)  (cost=8554 rows=1)
    -> Filter: (sbtest3.id between 7223642 and 7233641)  (cost=3991 rows=19800)
        -> Index range scan on sbtest3 using PRIMARY over (7223642 <= id <= 7233641)  (cost=3991 rows=19800)


table 4 : explain SELECT SUM(k) FROM sbtest4 WHERE id BETWEEN 2957699 AND 2967698
	-> Aggregate: sum(sbtest4.k)  (cost=8554 rows=1)
    -> Filter: (sbtest4.id between 2957699 and 2967698)  (cost=3991 rows=19800)
        -> Index range scan on sbtest4 using PRIMARY over (2957699 <= id <= 2967698)  (cost=3991 rows=19800)


table 5 : explain SELECT SUM(k) FROM sbtest5 WHERE id BETWEEN 2818737 AND 2828736
	-> Aggregate: sum(sbtest5.k)  (cost=8554 rows=1)
    -> Filter: (sbtest5.id between 2818737 and 2828736)  (cost=3991 rows=19800)
        -> Index range scan on sbtest5 using PRIMARY over (2818737 <= id <= 2828736)  (cost=3991 rows=19800)


table 6 : explain SELECT SUM(k) FROM sbtest6 WHERE id BETWEEN 370743 AND 380742
	-> Aggregate: sum(sbtest6.k)  (cost=8554 rows=1)
    -> Filter: (sbtest6.id between 370743 and 380742)  (cost=3991 rows=19800)
        -> Index range scan on sbtest6 using PRIMARY over (370743 <= id <= 380742)  (cost=3991 rows=19800)


table 7 : explain SELECT SUM(k) FROM sbtest7 WHERE id BETWEEN 7638615 AND 7648614
	-> Aggregate: sum(sbtest7.k)  (cost=8554 rows=1)
    -> Filter: (sbtest7.id between 7638615 and 7648614)  (cost=3991 rows=19800)
        -> Index range scan on sbtest7 using PRIMARY over (7638615 <= id <= 7648614)  (cost=3991 rows=19800)


table 8 : explain SELECT SUM(k) FROM sbtest8 WHERE id BETWEEN 7721024 AND 7731023
	-> Aggregate: sum(sbtest8.k)  (cost=8554 rows=1)
    -> Filter: (sbtest8.id between 7721024 and 7731023)  (cost=3991 rows=19800)
        -> Index range scan on sbtest8 using PRIMARY over (7721024 <= id <= 7731023)  (cost=3991 rows=19800)


for: sum_ranges
table 1 : explain SELECT SUM(k) FROM sbtest1 WHERE id BETWEEN 8943030 AND 8953029
	-> Aggregate: sum(sbtest1.k)  (cost=8554 rows=1)
    -> Filter: (sbtest1.id between 8943030 and 8953029)  (cost=3991 rows=19800)
        -> Index range scan on sbtest1 using PRIMARY over (8943030 <= id <= 8953029)  (cost=3991 rows=19800)


table 2 : explain SELECT SUM(k) FROM sbtest2 WHERE id BETWEEN 2199429 AND 2209428
	-> Aggregate: sum(sbtest2.k)  (cost=8554 rows=1)
    -> Filter: (sbtest2.id between 2199429 and 2209428)  (cost=3991 rows=19800)
        -> Index range scan on sbtest2 using PRIMARY over (2199429 <= id <= 2209428)  (cost=3991 rows=19800)


table 3 : explain SELECT SUM(k) FROM sbtest3 WHERE id BETWEEN 1989708 AND 1999707
	-> Aggregate: sum(sbtest3.k)  (cost=8554 rows=1)
    -> Filter: (sbtest3.id between 1989708 and 1999707)  (cost=3991 rows=19800)
        -> Index range scan on sbtest3 using PRIMARY over (1989708 <= id <= 1999707)  (cost=3991 rows=19800)


table 4 : explain SELECT SUM(k) FROM sbtest4 WHERE id BETWEEN 3687820 AND 3697819
	-> Aggregate: sum(sbtest4.k)  (cost=8554 rows=1)
    -> Filter: (sbtest4.id between 3687820 and 3697819)  (cost=3991 rows=19800)
        -> Index range scan on sbtest4 using PRIMARY over (3687820 <= id <= 3697819)  (cost=3991 rows=19800)


table 5 : explain SELECT SUM(k) FROM sbtest5 WHERE id BETWEEN 4952144 AND 4962143
	-> Aggregate: sum(sbtest5.k)  (cost=8554 rows=1)
    -> Filter: (sbtest5.id between 4952144 and 4962143)  (cost=3991 rows=19800)
        -> Index range scan on sbtest5 using PRIMARY over (4952144 <= id <= 4962143)  (cost=3991 rows=19800)


table 6 : explain SELECT SUM(k) FROM sbtest6 WHERE id BETWEEN 1230659 AND 1240658
	-> Aggregate: sum(sbtest6.k)  (cost=8554 rows=1)
    -> Filter: (sbtest6.id between 1230659 and 1240658)  (cost=3991 rows=19800)
        -> Index range scan on sbtest6 using PRIMARY over (1230659 <= id <= 1240658)  (cost=3991 rows=19800)


table 7 : explain SELECT SUM(k) FROM sbtest7 WHERE id BETWEEN 3130804 AND 3140803
	-> Aggregate: sum(sbtest7.k)  (cost=8554 rows=1)
    -> Filter: (sbtest7.id between 3130804 and 3140803)  (cost=3991 rows=19800)
        -> Index range scan on sbtest7 using PRIMARY over (3130804 <= id <= 3140803)  (cost=3991 rows=19800)


table 8 : explain SELECT SUM(k) FROM sbtest8 WHERE id BETWEEN 7902819 AND 7912818
	-> Aggregate: sum(sbtest8.k)  (cost=8554 rows=1)
    -> Filter: (sbtest8.id between 7902819 and 7912818)  (cost=3991 rows=19800)
        -> Index range scan on sbtest8 using PRIMARY over (7902819 <= id <= 7912818)  (cost=3991 rows=19800)


for: sum_ranges
table 1 : explain SELECT SUM(k) FROM sbtest1 WHERE id BETWEEN 1867884 AND 1877883
	-> Aggregate: sum(sbtest1.k)  (cost=8554 rows=1)
    -> Filter: (sbtest1.id between 1867884 and 1877883)  (cost=3991 rows=19800)
        -> Index range scan on sbtest1 using PRIMARY over (1867884 <= id <= 1877883)  (cost=3991 rows=19800)


table 2 : explain SELECT SUM(k) FROM sbtest2 WHERE id BETWEEN 5476055 AND 5486054
	-> Aggregate: sum(sbtest2.k)  (cost=8554 rows=1)
    -> Filter: (sbtest2.id between 5476055 and 5486054)  (cost=3991 rows=19800)
        -> Index range scan on sbtest2 using PRIMARY over (5476055 <= id <= 5486054)  (cost=3991 rows=19800)


table 3 : explain SELECT SUM(k) FROM sbtest3 WHERE id BETWEEN 326543 AND 336542
	-> Aggregate: sum(sbtest3.k)  (cost=8554 rows=1)
    -> Filter: (sbtest3.id between 326543 and 336542)  (cost=3991 rows=19800)
        -> Index range scan on sbtest3 using PRIMARY over (326543 <= id <= 336542)  (cost=3991 rows=19800)


table 4 : explain SELECT SUM(k) FROM sbtest4 WHERE id BETWEEN 3166461 AND 3176460
	-> Aggregate: sum(sbtest4.k)  (cost=8554 rows=1)
    -> Filter: (sbtest4.id between 3166461 and 3176460)  (cost=3991 rows=19800)
        -> Index range scan on sbtest4 using PRIMARY over (3166461 <= id <= 3176460)  (cost=3991 rows=19800)


table 5 : explain SELECT SUM(k) FROM sbtest5 WHERE id BETWEEN 1352938 AND 1362937
	-> Aggregate: sum(sbtest5.k)  (cost=8554 rows=1)
    -> Filter: (sbtest5.id between 1352938 and 1362937)  (cost=3991 rows=19800)
        -> Index range scan on sbtest5 using PRIMARY over (1352938 <= id <= 1362937)  (cost=3991 rows=19800)


table 6 : explain SELECT SUM(k) FROM sbtest6 WHERE id BETWEEN 7446895 AND 7456894
	-> Aggregate: sum(sbtest6.k)  (cost=8554 rows=1)
    -> Filter: (sbtest6.id between 7446895 and 7456894)  (cost=3991 rows=19800)
        -> Index range scan on sbtest6 using PRIMARY over (7446895 <= id <= 7456894)  (cost=3991 rows=19800)


table 7 : explain SELECT SUM(k) FROM sbtest7 WHERE id BETWEEN 3780053 AND 3790052
	-> Aggregate: sum(sbtest7.k)  (cost=8554 rows=1)
    -> Filter: (sbtest7.id between 3780053 and 3790052)  (cost=3991 rows=19800)
        -> Index range scan on sbtest7 using PRIMARY over (3780053 <= id <= 3790052)  (cost=3991 rows=19800)


table 8 : explain SELECT SUM(k) FROM sbtest8 WHERE id BETWEEN 9095469 AND 9105468
	-> Aggregate: sum(sbtest8.k)  (cost=8554 rows=1)
    -> Filter: (sbtest8.id between 9095469 and 9105468)  (cost=3991 rows=19800)
        -> Index range scan on sbtest8 using PRIMARY over (9095469 <= id <= 9105468)  (cost=3991 rows=19800)


for: sum_ranges
table 1 : explain SELECT SUM(k) FROM sbtest1 WHERE id BETWEEN 4372198 AND 4382197
	-> Aggregate: sum(sbtest1.k)  (cost=8554 rows=1)
    -> Filter: (sbtest1.id between 4372198 and 4382197)  (cost=3991 rows=19800)
        -> Index range scan on sbtest1 using PRIMARY over (4372198 <= id <= 4382197)  (cost=3991 rows=19800)


table 2 : explain SELECT SUM(k) FROM sbtest2 WHERE id BETWEEN 4011037 AND 4021036
	-> Aggregate: sum(sbtest2.k)  (cost=8554 rows=1)
    -> Filter: (sbtest2.id between 4011037 and 4021036)  (cost=3991 rows=19800)
        -> Index range scan on sbtest2 using PRIMARY over (4011037 <= id <= 4021036)  (cost=3991 rows=19800)


table 3 : explain SELECT SUM(k) FROM sbtest3 WHERE id BETWEEN 653375 AND 663374
	-> Aggregate: sum(sbtest3.k)  (cost=8554 rows=1)
    -> Filter: (sbtest3.id between 653375 and 663374)  (cost=3991 rows=19800)
        -> Index range scan on sbtest3 using PRIMARY over (653375 <= id <= 663374)  (cost=3991 rows=19800)


table 4 : explain SELECT SUM(k) FROM sbtest4 WHERE id BETWEEN 9598607 AND 9608606
	-> Aggregate: sum(sbtest4.k)  (cost=8554 rows=1)
    -> Filter: (sbtest4.id between 9598607 and 9608606)  (cost=3991 rows=19800)
        -> Index range scan on sbtest4 using PRIMARY over (9598607 <= id <= 9608606)  (cost=3991 rows=19800)


table 5 : explain SELECT SUM(k) FROM sbtest5 WHERE id BETWEEN 2096348 AND 2106347
	-> Aggregate: sum(sbtest5.k)  (cost=8554 rows=1)
    -> Filter: (sbtest5.id between 2096348 and 2106347)  (cost=3991 rows=19800)
        -> Index range scan on sbtest5 using PRIMARY over (2096348 <= id <= 2106347)  (cost=3991 rows=19800)


table 6 : explain SELECT SUM(k) FROM sbtest6 WHERE id BETWEEN 5334957 AND 5344956
	-> Aggregate: sum(sbtest6.k)  (cost=8554 rows=1)
    -> Filter: (sbtest6.id between 5334957 and 5344956)  (cost=3991 rows=19800)
        -> Index range scan on sbtest6 using PRIMARY over (5334957 <= id <= 5344956)  (cost=3991 rows=19800)


table 7 : explain SELECT SUM(k) FROM sbtest7 WHERE id BETWEEN 8401456 AND 8411455
	-> Aggregate: sum(sbtest7.k)  (cost=8554 rows=1)
    -> Filter: (sbtest7.id between 8401456 and 8411455)  (cost=3991 rows=19800)
        -> Index range scan on sbtest7 using PRIMARY over (8401456 <= id <= 8411455)  (cost=3991 rows=19800)


table 8 : explain SELECT SUM(k) FROM sbtest8 WHERE id BETWEEN 3005562 AND 3015561
	-> Aggregate: sum(sbtest8.k)  (cost=8554 rows=1)
    -> Filter: (sbtest8.id between 3005562 and 3015561)  (cost=3991 rows=19800)
        -> Index range scan on sbtest8 using PRIMARY over (3005562 <= id <= 3015561)  (cost=3991 rows=19800)


for point_selects
table 1 : explain SELECT c FROM sbtest1 WHERE id=4305364
	-> Rows fetched before execution  (cost=0..0 rows=1)


table 2 : explain SELECT c FROM sbtest2 WHERE id=5220936
	-> Rows fetched before execution  (cost=0..0 rows=1)


table 3 : explain SELECT c FROM sbtest3 WHERE id=2320459
	-> Rows fetched before execution  (cost=0..0 rows=1)


table 4 : explain SELECT c FROM sbtest4 WHERE id=7312510
	-> Rows fetched before execution  (cost=0..0 rows=1)


table 5 : explain SELECT c FROM sbtest5 WHERE id=4699490
	-> Rows fetched before execution  (cost=0..0 rows=1)


table 6 : explain SELECT c FROM sbtest6 WHERE id=1258137
	-> Rows fetched before execution  (cost=0..0 rows=1)


table 7 : explain SELECT c FROM sbtest7 WHERE id=4365746
	-> Rows fetched before execution  (cost=0..0 rows=1)


table 8 : explain SELECT c FROM sbtest8 WHERE id=9206665
	-> Rows fetched before execution  (cost=0..0 rows=1)


for: sum_ranges
table 1 : explain SELECT SUM(k) FROM sbtest1 WHERE id BETWEEN 9893937 AND 9903936
	-> Aggregate: sum(sbtest1.k)  (cost=8554 rows=1)
    -> Filter: (sbtest1.id between 9893937 and 9903936)  (cost=3991 rows=19800)
        -> Index range scan on sbtest1 using PRIMARY over (9893937 <= id <= 9903936)  (cost=3991 rows=19800)


table 2 : explain SELECT SUM(k) FROM sbtest2 WHERE id BETWEEN 9071609 AND 9081608
	-> Aggregate: sum(sbtest2.k)  (cost=8554 rows=1)
    -> Filter: (sbtest2.id between 9071609 and 9081608)  (cost=3991 rows=19800)
        -> Index range scan on sbtest2 using PRIMARY over (9071609 <= id <= 9081608)  (cost=3991 rows=19800)


table 3 : explain SELECT SUM(k) FROM sbtest3 WHERE id BETWEEN 3794975 AND 3804974
	-> Aggregate: sum(sbtest3.k)  (cost=8554 rows=1)
    -> Filter: (sbtest3.id between 3794975 and 3804974)  (cost=3991 rows=19800)
        -> Index range scan on sbtest3 using PRIMARY over (3794975 <= id <= 3804974)  (cost=3991 rows=19800)


table 4 : explain SELECT SUM(k) FROM sbtest4 WHERE id BETWEEN 2007502 AND 2017501
	-> Aggregate: sum(sbtest4.k)  (cost=8554 rows=1)
    -> Filter: (sbtest4.id between 2007502 and 2017501)  (cost=3991 rows=19800)
        -> Index range scan on sbtest4 using PRIMARY over (2007502 <= id <= 2017501)  (cost=3991 rows=19800)


table 5 : explain SELECT SUM(k) FROM sbtest5 WHERE id BETWEEN 1937661 AND 1947660
	-> Aggregate: sum(sbtest5.k)  (cost=8554 rows=1)
    -> Filter: (sbtest5.id between 1937661 and 1947660)  (cost=3991 rows=19800)
        -> Index range scan on sbtest5 using PRIMARY over (1937661 <= id <= 1947660)  (cost=3991 rows=19800)


table 6 : explain SELECT SUM(k) FROM sbtest6 WHERE id BETWEEN 8554755 AND 8564754
	-> Aggregate: sum(sbtest6.k)  (cost=8554 rows=1)
    -> Filter: (sbtest6.id between 8554755 and 8564754)  (cost=3991 rows=19800)
        -> Index range scan on sbtest6 using PRIMARY over (8554755 <= id <= 8564754)  (cost=3991 rows=19800)


table 7 : explain SELECT SUM(k) FROM sbtest7 WHERE id BETWEEN 4699638 AND 4709637
	-> Aggregate: sum(sbtest7.k)  (cost=8554 rows=1)
    -> Filter: (sbtest7.id between 4699638 and 4709637)  (cost=3991 rows=19800)
        -> Index range scan on sbtest7 using PRIMARY over (4699638 <= id <= 4709637)  (cost=3991 rows=19800)


table 8 : explain SELECT SUM(k) FROM sbtest8 WHERE id BETWEEN 2701454 AND 2711453
	-> Aggregate: sum(sbtest8.k)  (cost=8554 rows=1)
    -> Filter: (sbtest8.id between 2701454 and 2711453)  (cost=3991 rows=19800)
        -> Index range scan on sbtest8 using PRIMARY over (2701454 <= id <= 2711453)  (cost=3991 rows=19800)


for: sum_ranges
table 1 : explain SELECT SUM(k) FROM sbtest1 WHERE id BETWEEN 5966075 AND 5976074
	-> Aggregate: sum(sbtest1.k)  (cost=8554 rows=1)
    -> Filter: (sbtest1.id between 5966075 and 5976074)  (cost=3991 rows=19800)
        -> Index range scan on sbtest1 using PRIMARY over (5966075 <= id <= 5976074)  (cost=3991 rows=19800)


table 2 : explain SELECT SUM(k) FROM sbtest2 WHERE id BETWEEN 4903109 AND 4913108
	-> Aggregate: sum(sbtest2.k)  (cost=8554 rows=1)
    -> Filter: (sbtest2.id between 4903109 and 4913108)  (cost=3991 rows=19800)
        -> Index range scan on sbtest2 using PRIMARY over (4903109 <= id <= 4913108)  (cost=3991 rows=19800)


table 3 : explain SELECT SUM(k) FROM sbtest3 WHERE id BETWEEN 1589733 AND 1599732
	-> Aggregate: sum(sbtest3.k)  (cost=8554 rows=1)
    -> Filter: (sbtest3.id between 1589733 and 1599732)  (cost=3991 rows=19800)
        -> Index range scan on sbtest3 using PRIMARY over (1589733 <= id <= 1599732)  (cost=3991 rows=19800)


table 4 : explain SELECT SUM(k) FROM sbtest4 WHERE id BETWEEN 4699105 AND 4709104
	-> Aggregate: sum(sbtest4.k)  (cost=8554 rows=1)
    -> Filter: (sbtest4.id between 4699105 and 4709104)  (cost=3991 rows=19800)
        -> Index range scan on sbtest4 using PRIMARY over (4699105 <= id <= 4709104)  (cost=3991 rows=19800)


table 5 : explain SELECT SUM(k) FROM sbtest5 WHERE id BETWEEN 1247167 AND 1257166
	-> Aggregate: sum(sbtest5.k)  (cost=8554 rows=1)
    -> Filter: (sbtest5.id between 1247167 and 1257166)  (cost=3991 rows=19800)
        -> Index range scan on sbtest5 using PRIMARY over (1247167 <= id <= 1257166)  (cost=3991 rows=19800)


table 6 : explain SELECT SUM(k) FROM sbtest6 WHERE id BETWEEN 8404132 AND 8414131
	-> Aggregate: sum(sbtest6.k)  (cost=8554 rows=1)
    -> Filter: (sbtest6.id between 8404132 and 8414131)  (cost=3991 rows=19800)
        -> Index range scan on sbtest6 using PRIMARY over (8404132 <= id <= 8414131)  (cost=3991 rows=19800)


table 7 : explain SELECT SUM(k) FROM sbtest7 WHERE id BETWEEN 6231531 AND 6241530
	-> Aggregate: sum(sbtest7.k)  (cost=8554 rows=1)
    -> Filter: (sbtest7.id between 6231531 and 6241530)  (cost=3991 rows=19800)
        -> Index range scan on sbtest7 using PRIMARY over (6231531 <= id <= 6241530)  (cost=3991 rows=19800)


table 8 : explain SELECT SUM(k) FROM sbtest8 WHERE id BETWEEN 9327767 AND 9337766
	-> Aggregate: sum(sbtest8.k)  (cost=8554 rows=1)
    -> Filter: (sbtest8.id between 9327767 and 9337766)  (cost=3991 rows=19800)
        -> Index range scan on sbtest8 using PRIMARY over (9327767 <= id <= 9337766)  (cost=3991 rows=19800)


for: simple_ranges
table 1 : explain SELECT c FROM sbtest1 WHERE id BETWEEN 8754186 AND 8764185
	-> Filter: (sbtest1.id between 8754186 and 8764185)  (cost=3991 rows=19800)
    -> Index range scan on sbtest1 using PRIMARY over (8754186 <= id <= 8764185)  (cost=3991 rows=19800)


table 2 : explain SELECT c FROM sbtest2 WHERE id BETWEEN 40298 AND 50297
	-> Filter: (sbtest2.id between 40298 and 50297)  (cost=3991 rows=19800)
    -> Index range scan on sbtest2 using PRIMARY over (40298 <= id <= 50297)  (cost=3991 rows=19800)


table 3 : explain SELECT c FROM sbtest3 WHERE id BETWEEN 2833137 AND 2843136
	-> Filter: (sbtest3.id between 2833137 and 2843136)  (cost=3991 rows=19800)
    -> Index range scan on sbtest3 using PRIMARY over (2833137 <= id <= 2843136)  (cost=3991 rows=19800)


table 4 : explain SELECT c FROM sbtest4 WHERE id BETWEEN 402054 AND 412053
	-> Filter: (sbtest4.id between 402054 and 412053)  (cost=3991 rows=19800)
    -> Index range scan on sbtest4 using PRIMARY over (402054 <= id <= 412053)  (cost=3991 rows=19800)


table 5 : explain SELECT c FROM sbtest5 WHERE id BETWEEN 6470158 AND 6480157
	-> Filter: (sbtest5.id between 6470158 and 6480157)  (cost=3991 rows=19800)
    -> Index range scan on sbtest5 using PRIMARY over (6470158 <= id <= 6480157)  (cost=3991 rows=19800)


table 6 : explain SELECT c FROM sbtest6 WHERE id BETWEEN 8831918 AND 8841917
	-> Filter: (sbtest6.id between 8831918 and 8841917)  (cost=3991 rows=19800)
    -> Index range scan on sbtest6 using PRIMARY over (8831918 <= id <= 8841917)  (cost=3991 rows=19800)


table 7 : explain SELECT c FROM sbtest7 WHERE id BETWEEN 1747747 AND 1757746
	-> Filter: (sbtest7.id between 1747747 and 1757746)  (cost=3991 rows=19800)
    -> Index range scan on sbtest7 using PRIMARY over (1747747 <= id <= 1757746)  (cost=3991 rows=19800)


table 8 : explain SELECT c FROM sbtest8 WHERE id BETWEEN 1235797 AND 1245796
	-> Filter: (sbtest8.id between 1235797 and 1245796)  (cost=3991 rows=19800)
    -> Index range scan on sbtest8 using PRIMARY over (1235797 <= id <= 1245796)  (cost=3991 rows=19800)


for point_selects
table 1 : explain SELECT c FROM sbtest1 WHERE id=7360277
	-> Rows fetched before execution  (cost=0..0 rows=1)


table 2 : explain SELECT c FROM sbtest2 WHERE id=5742471
	-> Rows fetched before execution  (cost=0..0 rows=1)


table 3 : explain SELECT c FROM sbtest3 WHERE id=7655962
	-> Rows fetched before execution  (cost=0..0 rows=1)


table 4 : explain SELECT c FROM sbtest4 WHERE id=982902
	-> Rows fetched before execution  (cost=0..0 rows=1)


table 5 : explain SELECT c FROM sbtest5 WHERE id=2146867
	-> Rows fetched before execution  (cost=0..0 rows=1)


table 6 : explain SELECT c FROM sbtest6 WHERE id=1924687
	-> Rows fetched before execution  (cost=0..0 rows=1)


table 7 : explain SELECT c FROM sbtest7 WHERE id=4389845
	-> Rows fetched before execution  (cost=0..0 rows=1)


table 8 : explain SELECT c FROM sbtest8 WHERE id=3071885
	-> Rows fetched before execution  (cost=0..0 rows=1)


for: simple_ranges
table 1 : explain SELECT c FROM sbtest1 WHERE id BETWEEN 1432656 AND 1442655
	-> Filter: (sbtest1.id between 1432656 and 1442655)  (cost=3991 rows=19800)
    -> Index range scan on sbtest1 using PRIMARY over (1432656 <= id <= 1442655)  (cost=3991 rows=19800)


table 2 : explain SELECT c FROM sbtest2 WHERE id BETWEEN 3320178 AND 3330177
	-> Filter: (sbtest2.id between 3320178 and 3330177)  (cost=3991 rows=19800)
    -> Index range scan on sbtest2 using PRIMARY over (3320178 <= id <= 3330177)  (cost=3991 rows=19800)


table 3 : explain SELECT c FROM sbtest3 WHERE id BETWEEN 4870716 AND 4880715
	-> Filter: (sbtest3.id between 4870716 and 4880715)  (cost=3991 rows=19800)
    -> Index range scan on sbtest3 using PRIMARY over (4870716 <= id <= 4880715)  (cost=3991 rows=19800)


table 4 : explain SELECT c FROM sbtest4 WHERE id BETWEEN 689382 AND 699381
	-> Filter: (sbtest4.id between 689382 and 699381)  (cost=3991 rows=19800)
    -> Index range scan on sbtest4 using PRIMARY over (689382 <= id <= 699381)  (cost=3991 rows=19800)


table 5 : explain SELECT c FROM sbtest5 WHERE id BETWEEN 681376 AND 691375
	-> Filter: (sbtest5.id between 681376 and 691375)  (cost=3991 rows=19800)
    -> Index range scan on sbtest5 using PRIMARY over (681376 <= id <= 691375)  (cost=3991 rows=19800)


table 6 : explain SELECT c FROM sbtest6 WHERE id BETWEEN 544834 AND 554833
	-> Filter: (sbtest6.id between 544834 and 554833)  (cost=3991 rows=19800)
    -> Index range scan on sbtest6 using PRIMARY over (544834 <= id <= 554833)  (cost=3991 rows=19800)


table 7 : explain SELECT c FROM sbtest7 WHERE id BETWEEN 2069662 AND 2079661
	-> Filter: (sbtest7.id between 2069662 and 2079661)  (cost=3991 rows=19800)
    -> Index range scan on sbtest7 using PRIMARY over (2069662 <= id <= 2079661)  (cost=3991 rows=19800)


table 8 : explain SELECT c FROM sbtest8 WHERE id BETWEEN 2229591 AND 2239590
	-> Filter: (sbtest8.id between 2229591 and 2239590)  (cost=3991 rows=19800)
    -> Index range scan on sbtest8 using PRIMARY over (2229591 <= id <= 2239590)  (cost=3991 rows=19800)


for: sum_ranges
table 1 : explain SELECT SUM(k) FROM sbtest1 WHERE id BETWEEN 6011225 AND 6021224
	-> Aggregate: sum(sbtest1.k)  (cost=8554 rows=1)
    -> Filter: (sbtest1.id between 6011225 and 6021224)  (cost=3991 rows=19800)
        -> Index range scan on sbtest1 using PRIMARY over (6011225 <= id <= 6021224)  (cost=3991 rows=19800)


table 2 : explain SELECT SUM(k) FROM sbtest2 WHERE id BETWEEN 8647044 AND 8657043
	-> Aggregate: sum(sbtest2.k)  (cost=8554 rows=1)
    -> Filter: (sbtest2.id between 8647044 and 8657043)  (cost=3991 rows=19800)
        -> Index range scan on sbtest2 using PRIMARY over (8647044 <= id <= 8657043)  (cost=3991 rows=19800)


table 3 : explain SELECT SUM(k) FROM sbtest3 WHERE id BETWEEN 7578059 AND 7588058
	-> Aggregate: sum(sbtest3.k)  (cost=8554 rows=1)
    -> Filter: (sbtest3.id between 7578059 and 7588058)  (cost=3991 rows=19800)
        -> Index range scan on sbtest3 using PRIMARY over (7578059 <= id <= 7588058)  (cost=3991 rows=19800)


table 4 : explain SELECT SUM(k) FROM sbtest4 WHERE id BETWEEN 8585371 AND 8595370
	-> Aggregate: sum(sbtest4.k)  (cost=8554 rows=1)
    -> Filter: (sbtest4.id between 8585371 and 8595370)  (cost=3991 rows=19800)
        -> Index range scan on sbtest4 using PRIMARY over (8585371 <= id <= 8595370)  (cost=3991 rows=19800)


table 5 : explain SELECT SUM(k) FROM sbtest5 WHERE id BETWEEN 8031637 AND 8041636
	-> Aggregate: sum(sbtest5.k)  (cost=8554 rows=1)
    -> Filter: (sbtest5.id between 8031637 and 8041636)  (cost=3991 rows=19800)
        -> Index range scan on sbtest5 using PRIMARY over (8031637 <= id <= 8041636)  (cost=3991 rows=19800)


table 6 : explain SELECT SUM(k) FROM sbtest6 WHERE id BETWEEN 6908677 AND 6918676
	-> Aggregate: sum(sbtest6.k)  (cost=8554 rows=1)
    -> Filter: (sbtest6.id between 6908677 and 6918676)  (cost=3991 rows=19800)
        -> Index range scan on sbtest6 using PRIMARY over (6908677 <= id <= 6918676)  (cost=3991 rows=19800)


table 7 : explain SELECT SUM(k) FROM sbtest7 WHERE id BETWEEN 9565650 AND 9575649
	-> Aggregate: sum(sbtest7.k)  (cost=8554 rows=1)
    -> Filter: (sbtest7.id between 9565650 and 9575649)  (cost=3991 rows=19800)
        -> Index range scan on sbtest7 using PRIMARY over (9565650 <= id <= 9575649)  (cost=3991 rows=19800)


table 8 : explain SELECT SUM(k) FROM sbtest8 WHERE id BETWEEN 6259502 AND 6269501
	-> Aggregate: sum(sbtest8.k)  (cost=8554 rows=1)
    -> Filter: (sbtest8.id between 6259502 and 6269501)  (cost=3991 rows=19800)
        -> Index range scan on sbtest8 using PRIMARY over (6259502 <= id <= 6269501)  (cost=3991 rows=19800)


for: sum_ranges
table 1 : explain SELECT SUM(k) FROM sbtest1 WHERE id BETWEEN 348633 AND 358632
	-> Aggregate: sum(sbtest1.k)  (cost=8554 rows=1)
    -> Filter: (sbtest1.id between 348633 and 358632)  (cost=3991 rows=19800)
        -> Index range scan on sbtest1 using PRIMARY over (348633 <= id <= 358632)  (cost=3991 rows=19800)


table 2 : explain SELECT SUM(k) FROM sbtest2 WHERE id BETWEEN 8316738 AND 8326737
	-> Aggregate: sum(sbtest2.k)  (cost=8554 rows=1)
    -> Filter: (sbtest2.id between 8316738 and 8326737)  (cost=3991 rows=19800)
        -> Index range scan on sbtest2 using PRIMARY over (8316738 <= id <= 8326737)  (cost=3991 rows=19800)


table 3 : explain SELECT SUM(k) FROM sbtest3 WHERE id BETWEEN 4241179 AND 4251178
	-> Aggregate: sum(sbtest3.k)  (cost=8554 rows=1)
    -> Filter: (sbtest3.id between 4241179 and 4251178)  (cost=3991 rows=19800)
        -> Index range scan on sbtest3 using PRIMARY over (4241179 <= id <= 4251178)  (cost=3991 rows=19800)


table 4 : explain SELECT SUM(k) FROM sbtest4 WHERE id BETWEEN 7248060 AND 7258059
	-> Aggregate: sum(sbtest4.k)  (cost=8554 rows=1)
    -> Filter: (sbtest4.id between 7248060 and 7258059)  (cost=3991 rows=19800)
        -> Index range scan on sbtest4 using PRIMARY over (7248060 <= id <= 7258059)  (cost=3991 rows=19800)


table 5 : explain SELECT SUM(k) FROM sbtest5 WHERE id BETWEEN 5901575 AND 5911574
	-> Aggregate: sum(sbtest5.k)  (cost=8554 rows=1)
    -> Filter: (sbtest5.id between 5901575 and 5911574)  (cost=3991 rows=19800)
        -> Index range scan on sbtest5 using PRIMARY over (5901575 <= id <= 5911574)  (cost=3991 rows=19800)


table 6 : explain SELECT SUM(k) FROM sbtest6 WHERE id BETWEEN 2285851 AND 2295850
	-> Aggregate: sum(sbtest6.k)  (cost=8554 rows=1)
    -> Filter: (sbtest6.id between 2285851 and 2295850)  (cost=3991 rows=19800)
        -> Index range scan on sbtest6 using PRIMARY over (2285851 <= id <= 2295850)  (cost=3991 rows=19800)


table 7 : explain SELECT SUM(k) FROM sbtest7 WHERE id BETWEEN 7217385 AND 7227384
	-> Aggregate: sum(sbtest7.k)  (cost=8554 rows=1)
    -> Filter: (sbtest7.id between 7217385 and 7227384)  (cost=3991 rows=19800)
        -> Index range scan on sbtest7 using PRIMARY over (7217385 <= id <= 7227384)  (cost=3991 rows=19800)


table 8 : explain SELECT SUM(k) FROM sbtest8 WHERE id BETWEEN 4036007 AND 4046006
	-> Aggregate: sum(sbtest8.k)  (cost=8554 rows=1)
    -> Filter: (sbtest8.id between 4036007 and 4046006)  (cost=3991 rows=19800)
        -> Index range scan on sbtest8 using PRIMARY over (4036007 <= id <= 4046006)  (cost=3991 rows=19800)


for: simple_ranges
table 1 : explain SELECT c FROM sbtest1 WHERE id BETWEEN 9333335 AND 9343334
	-> Filter: (sbtest1.id between 9333335 and 9343334)  (cost=3991 rows=19800)
    -> Index range scan on sbtest1 using PRIMARY over (9333335 <= id <= 9343334)  (cost=3991 rows=19800)


table 2 : explain SELECT c FROM sbtest2 WHERE id BETWEEN 4342014 AND 4352013
	-> Filter: (sbtest2.id between 4342014 and 4352013)  (cost=3991 rows=19800)
    -> Index range scan on sbtest2 using PRIMARY over (4342014 <= id <= 4352013)  (cost=3991 rows=19800)


table 3 : explain SELECT c FROM sbtest3 WHERE id BETWEEN 1942396 AND 1952395
	-> Filter: (sbtest3.id between 1942396 and 1952395)  (cost=3991 rows=19800)
    -> Index range scan on sbtest3 using PRIMARY over (1942396 <= id <= 1952395)  (cost=3991 rows=19800)


table 4 : explain SELECT c FROM sbtest4 WHERE id BETWEEN 4058576 AND 4068575
	-> Filter: (sbtest4.id between 4058576 and 4068575)  (cost=3991 rows=19800)
    -> Index range scan on sbtest4 using PRIMARY over (4058576 <= id <= 4068575)  (cost=3991 rows=19800)


table 5 : explain SELECT c FROM sbtest5 WHERE id BETWEEN 5478362 AND 5488361
	-> Filter: (sbtest5.id between 5478362 and 5488361)  (cost=3991 rows=19800)
    -> Index range scan on sbtest5 using PRIMARY over (5478362 <= id <= 5488361)  (cost=3991 rows=19800)


table 6 : explain SELECT c FROM sbtest6 WHERE id BETWEEN 2800283 AND 2810282
	-> Filter: (sbtest6.id between 2800283 and 2810282)  (cost=3991 rows=19800)
    -> Index range scan on sbtest6 using PRIMARY over (2800283 <= id <= 2810282)  (cost=3991 rows=19800)


table 7 : explain SELECT c FROM sbtest7 WHERE id BETWEEN 6880594 AND 6890593
	-> Filter: (sbtest7.id between 6880594 and 6890593)  (cost=3991 rows=19800)
    -> Index range scan on sbtest7 using PRIMARY over (6880594 <= id <= 6890593)  (cost=3991 rows=19800)


table 8 : explain SELECT c FROM sbtest8 WHERE id BETWEEN 8448708 AND 8458707
	-> Filter: (sbtest8.id between 8448708 and 8458707)  (cost=3991 rows=19800)
    -> Index range scan on sbtest8 using PRIMARY over (8448708 <= id <= 8458707)  (cost=3991 rows=19800)


for: simple_ranges
table 1 : explain SELECT c FROM sbtest1 WHERE id BETWEEN 5922277 AND 5932276
	-> Filter: (sbtest1.id between 5922277 and 5932276)  (cost=3991 rows=19800)
    -> Index range scan on sbtest1 using PRIMARY over (5922277 <= id <= 5932276)  (cost=3991 rows=19800)


table 2 : explain SELECT c FROM sbtest2 WHERE id BETWEEN 4973175 AND 4983174
	-> Filter: (sbtest2.id between 4973175 and 4983174)  (cost=3991 rows=19800)
    -> Index range scan on sbtest2 using PRIMARY over (4973175 <= id <= 4983174)  (cost=3991 rows=19800)


table 3 : explain SELECT c FROM sbtest3 WHERE id BETWEEN 6736112 AND 6746111
	-> Filter: (sbtest3.id between 6736112 and 6746111)  (cost=3997 rows=19828)
    -> Index range scan on sbtest3 using PRIMARY over (6736112 <= id <= 6746111)  (cost=3997 rows=19828)


table 4 : explain SELECT c FROM sbtest4 WHERE id BETWEEN 3235752 AND 3245751
	-> Filter: (sbtest4.id between 3235752 and 3245751)  (cost=3991 rows=19800)
    -> Index range scan on sbtest4 using PRIMARY over (3235752 <= id <= 3245751)  (cost=3991 rows=19800)


table 5 : explain SELECT c FROM sbtest5 WHERE id BETWEEN 8803102 AND 8813101
	-> Filter: (sbtest5.id between 8803102 and 8813101)  (cost=3991 rows=19800)
    -> Index range scan on sbtest5 using PRIMARY over (8803102 <= id <= 8813101)  (cost=3991 rows=19800)


table 6 : explain SELECT c FROM sbtest6 WHERE id BETWEEN 4854044 AND 4864043
	-> Filter: (sbtest6.id between 4854044 and 4864043)  (cost=3991 rows=19800)
    -> Index range scan on sbtest6 using PRIMARY over (4854044 <= id <= 4864043)  (cost=3991 rows=19800)


table 7 : explain SELECT c FROM sbtest7 WHERE id BETWEEN 3492576 AND 3502575
	-> Filter: (sbtest7.id between 3492576 and 3502575)  (cost=3997 rows=19828)
    -> Index range scan on sbtest7 using PRIMARY over (3492576 <= id <= 3502575)  (cost=3997 rows=19828)


table 8 : explain SELECT c FROM sbtest8 WHERE id BETWEEN 6758732 AND 6768731
	-> Filter: (sbtest8.id between 6758732 and 6768731)  (cost=3991 rows=19800)
    -> Index range scan on sbtest8 using PRIMARY over (6758732 <= id <= 6768731)  (cost=3991 rows=19800)


for: simple_ranges
table 1 : explain SELECT c FROM sbtest1 WHERE id BETWEEN 9281177 AND 9291176
	-> Filter: (sbtest1.id between 9281177 and 9291176)  (cost=3991 rows=19800)
    -> Index range scan on sbtest1 using PRIMARY over (9281177 <= id <= 9291176)  (cost=3991 rows=19800)


table 2 : explain SELECT c FROM sbtest2 WHERE id BETWEEN 5164919 AND 5174918
	-> Filter: (sbtest2.id between 5164919 and 5174918)  (cost=3991 rows=19800)
    -> Index range scan on sbtest2 using PRIMARY over (5164919 <= id <= 5174918)  (cost=3991 rows=19800)


table 3 : explain SELECT c FROM sbtest3 WHERE id BETWEEN 4121380 AND 4131379
	-> Filter: (sbtest3.id between 4121380 and 4131379)  (cost=3991 rows=19800)
    -> Index range scan on sbtest3 using PRIMARY over (4121380 <= id <= 4131379)  (cost=3991 rows=19800)


table 4 : explain SELECT c FROM sbtest4 WHERE id BETWEEN 9665704 AND 9675703
	-> Filter: (sbtest4.id between 9665704 and 9675703)  (cost=3991 rows=19800)
    -> Index range scan on sbtest4 using PRIMARY over (9665704 <= id <= 9675703)  (cost=3991 rows=19800)


table 5 : explain SELECT c FROM sbtest5 WHERE id BETWEEN 9582096 AND 9592095
	-> Filter: (sbtest5.id between 9582096 and 9592095)  (cost=3991 rows=19800)
    -> Index range scan on sbtest5 using PRIMARY over (9582096 <= id <= 9592095)  (cost=3991 rows=19800)


table 6 : explain SELECT c FROM sbtest6 WHERE id BETWEEN 709958 AND 719957
	-> Filter: (sbtest6.id between 709958 and 719957)  (cost=3991 rows=19800)
    -> Index range scan on sbtest6 using PRIMARY over (709958 <= id <= 719957)  (cost=3991 rows=19800)


table 7 : explain SELECT c FROM sbtest7 WHERE id BETWEEN 416538 AND 426537
	-> Filter: (sbtest7.id between 416538 and 426537)  (cost=3991 rows=19800)
    -> Index range scan on sbtest7 using PRIMARY over (416538 <= id <= 426537)  (cost=3991 rows=19800)


table 8 : explain SELECT c FROM sbtest8 WHERE id BETWEEN 921003 AND 931002
	-> Filter: (sbtest8.id between 921003 and 931002)  (cost=3991 rows=19800)
    -> Index range scan on sbtest8 using PRIMARY over (921003 <= id <= 931002)  (cost=3991 rows=19800)


for: sum_ranges
table 1 : explain SELECT SUM(k) FROM sbtest1 WHERE id BETWEEN 3878014 AND 3888013
	-> Aggregate: sum(sbtest1.k)  (cost=8554 rows=1)
    -> Filter: (sbtest1.id between 3878014 and 3888013)  (cost=3991 rows=19800)
        -> Index range scan on sbtest1 using PRIMARY over (3878014 <= id <= 3888013)  (cost=3991 rows=19800)


table 2 : explain SELECT SUM(k) FROM sbtest2 WHERE id BETWEEN 6413008 AND 6423007
	-> Aggregate: sum(sbtest2.k)  (cost=8554 rows=1)
    -> Filter: (sbtest2.id between 6413008 and 6423007)  (cost=3991 rows=19800)
        -> Index range scan on sbtest2 using PRIMARY over (6413008 <= id <= 6423007)  (cost=3991 rows=19800)


table 3 : explain SELECT SUM(k) FROM sbtest3 WHERE id BETWEEN 9154087 AND 9164086
	-> Aggregate: sum(sbtest3.k)  (cost=8554 rows=1)
    -> Filter: (sbtest3.id between 9154087 and 9164086)  (cost=3991 rows=19800)
        -> Index range scan on sbtest3 using PRIMARY over (9154087 <= id <= 9164086)  (cost=3991 rows=19800)


table 4 : explain SELECT SUM(k) FROM sbtest4 WHERE id BETWEEN 5516402 AND 5526401
	-> Aggregate: sum(sbtest4.k)  (cost=8554 rows=1)
    -> Filter: (sbtest4.id between 5516402 and 5526401)  (cost=3991 rows=19800)
        -> Index range scan on sbtest4 using PRIMARY over (5516402 <= id <= 5526401)  (cost=3991 rows=19800)


table 5 : explain SELECT SUM(k) FROM sbtest5 WHERE id BETWEEN 9515242 AND 9525241
	-> Aggregate: sum(sbtest5.k)  (cost=8554 rows=1)
    -> Filter: (sbtest5.id between 9515242 and 9525241)  (cost=3991 rows=19800)
        -> Index range scan on sbtest5 using PRIMARY over (9515242 <= id <= 9525241)  (cost=3991 rows=19800)


table 6 : explain SELECT SUM(k) FROM sbtest6 WHERE id BETWEEN 8619610 AND 8629609
	-> Aggregate: sum(sbtest6.k)  (cost=8554 rows=1)
    -> Filter: (sbtest6.id between 8619610 and 8629609)  (cost=3991 rows=19800)
        -> Index range scan on sbtest6 using PRIMARY over (8619610 <= id <= 8629609)  (cost=3991 rows=19800)


table 7 : explain SELECT SUM(k) FROM sbtest7 WHERE id BETWEEN 1745936 AND 1755935
	-> Aggregate: sum(sbtest7.k)  (cost=8554 rows=1)
    -> Filter: (sbtest7.id between 1745936 and 1755935)  (cost=3991 rows=19800)
        -> Index range scan on sbtest7 using PRIMARY over (1745936 <= id <= 1755935)  (cost=3991 rows=19800)


table 8 : explain SELECT SUM(k) FROM sbtest8 WHERE id BETWEEN 9580764 AND 9590763
	-> Aggregate: sum(sbtest8.k)  (cost=8554 rows=1)
    -> Filter: (sbtest8.id between 9580764 and 9590763)  (cost=3991 rows=19800)
        -> Index range scan on sbtest8 using PRIMARY over (9580764 <= id <= 9590763)  (cost=3991 rows=19800)


for: sum_ranges
table 1 : explain SELECT SUM(k) FROM sbtest1 WHERE id BETWEEN 5626941 AND 5636940
	-> Aggregate: sum(sbtest1.k)  (cost=8554 rows=1)
    -> Filter: (sbtest1.id between 5626941 and 5636940)  (cost=3991 rows=19800)
        -> Index range scan on sbtest1 using PRIMARY over (5626941 <= id <= 5636940)  (cost=3991 rows=19800)


table 2 : explain SELECT SUM(k) FROM sbtest2 WHERE id BETWEEN 1493319 AND 1503318
	-> Aggregate: sum(sbtest2.k)  (cost=8554 rows=1)
    -> Filter: (sbtest2.id between 1493319 and 1503318)  (cost=3991 rows=19800)
        -> Index range scan on sbtest2 using PRIMARY over (1493319 <= id <= 1503318)  (cost=3991 rows=19800)


table 3 : explain SELECT SUM(k) FROM sbtest3 WHERE id BETWEEN 8540078 AND 8550077
	-> Aggregate: sum(sbtest3.k)  (cost=8554 rows=1)
    -> Filter: (sbtest3.id between 8540078 and 8550077)  (cost=3991 rows=19800)
        -> Index range scan on sbtest3 using PRIMARY over (8540078 <= id <= 8550077)  (cost=3991 rows=19800)


table 4 : explain SELECT SUM(k) FROM sbtest4 WHERE id BETWEEN 7619701 AND 7629700
	-> Aggregate: sum(sbtest4.k)  (cost=8554 rows=1)
    -> Filter: (sbtest4.id between 7619701 and 7629700)  (cost=3991 rows=19800)
        -> Index range scan on sbtest4 using PRIMARY over (7619701 <= id <= 7629700)  (cost=3991 rows=19800)


table 5 : explain SELECT SUM(k) FROM sbtest5 WHERE id BETWEEN 1615582 AND 1625581
	-> Aggregate: sum(sbtest5.k)  (cost=8554 rows=1)
    -> Filter: (sbtest5.id between 1615582 and 1625581)  (cost=3991 rows=19800)
        -> Index range scan on sbtest5 using PRIMARY over (1615582 <= id <= 1625581)  (cost=3991 rows=19800)


table 6 : explain SELECT SUM(k) FROM sbtest6 WHERE id BETWEEN 5651261 AND 5661260
	-> Aggregate: sum(sbtest6.k)  (cost=8554 rows=1)
    -> Filter: (sbtest6.id between 5651261 and 5661260)  (cost=3991 rows=19800)
        -> Index range scan on sbtest6 using PRIMARY over (5651261 <= id <= 5661260)  (cost=3991 rows=19800)


table 7 : explain SELECT SUM(k) FROM sbtest7 WHERE id BETWEEN 8617444 AND 8627443
	-> Aggregate: sum(sbtest7.k)  (cost=8554 rows=1)
    -> Filter: (sbtest7.id between 8617444 and 8627443)  (cost=3991 rows=19800)
        -> Index range scan on sbtest7 using PRIMARY over (8617444 <= id <= 8627443)  (cost=3991 rows=19800)


table 8 : explain SELECT SUM(k) FROM sbtest8 WHERE id BETWEEN 1327191 AND 1337190
	-> Aggregate: sum(sbtest8.k)  (cost=8554 rows=1)
    -> Filter: (sbtest8.id between 1327191 and 1337190)  (cost=3991 rows=19800)
        -> Index range scan on sbtest8 using PRIMARY over (1327191 <= id <= 1337190)  (cost=3991 rows=19800)


for: sum_ranges
table 1 : explain SELECT SUM(k) FROM sbtest1 WHERE id BETWEEN 3821210 AND 3831209
	-> Aggregate: sum(sbtest1.k)  (cost=8554 rows=1)
    -> Filter: (sbtest1.id between 3821210 and 3831209)  (cost=3991 rows=19800)
        -> Index range scan on sbtest1 using PRIMARY over (3821210 <= id <= 3831209)  (cost=3991 rows=19800)


table 2 : explain SELECT SUM(k) FROM sbtest2 WHERE id BETWEEN 5891630 AND 5901629
	-> Aggregate: sum(sbtest2.k)  (cost=8554 rows=1)
    -> Filter: (sbtest2.id between 5891630 and 5901629)  (cost=3991 rows=19800)
        -> Index range scan on sbtest2 using PRIMARY over (5891630 <= id <= 5901629)  (cost=3991 rows=19800)


table 3 : explain SELECT SUM(k) FROM sbtest3 WHERE id BETWEEN 8236130 AND 8246129
	-> Aggregate: sum(sbtest3.k)  (cost=8554 rows=1)
    -> Filter: (sbtest3.id between 8236130 and 8246129)  (cost=3991 rows=19800)
        -> Index range scan on sbtest3 using PRIMARY over (8236130 <= id <= 8246129)  (cost=3991 rows=19800)


table 4 : explain SELECT SUM(k) FROM sbtest4 WHERE id BETWEEN 3150732 AND 3160731
	-> Aggregate: sum(sbtest4.k)  (cost=8554 rows=1)
    -> Filter: (sbtest4.id between 3150732 and 3160731)  (cost=3991 rows=19800)
        -> Index range scan on sbtest4 using PRIMARY over (3150732 <= id <= 3160731)  (cost=3991 rows=19800)


table 5 : explain SELECT SUM(k) FROM sbtest5 WHERE id BETWEEN 769027 AND 779026
	-> Aggregate: sum(sbtest5.k)  (cost=8554 rows=1)
    -> Filter: (sbtest5.id between 769027 and 779026)  (cost=3991 rows=19800)
        -> Index range scan on sbtest5 using PRIMARY over (769027 <= id <= 779026)  (cost=3991 rows=19800)


table 6 : explain SELECT SUM(k) FROM sbtest6 WHERE id BETWEEN 7739747 AND 7749746
	-> Aggregate: sum(sbtest6.k)  (cost=8554 rows=1)
    -> Filter: (sbtest6.id between 7739747 and 7749746)  (cost=3991 rows=19800)
        -> Index range scan on sbtest6 using PRIMARY over (7739747 <= id <= 7749746)  (cost=3991 rows=19800)


table 7 : explain SELECT SUM(k) FROM sbtest7 WHERE id BETWEEN 8506700 AND 8516699
	-> Aggregate: sum(sbtest7.k)  (cost=8554 rows=1)
    -> Filter: (sbtest7.id between 8506700 and 8516699)  (cost=3991 rows=19800)
        -> Index range scan on sbtest7 using PRIMARY over (8506700 <= id <= 8516699)  (cost=3991 rows=19800)


table 8 : explain SELECT SUM(k) FROM sbtest8 WHERE id BETWEEN 4983984 AND 4993983
	-> Aggregate: sum(sbtest8.k)  (cost=8554 rows=1)
    -> Filter: (sbtest8.id between 4983984 and 4993983)  (cost=3991 rows=19800)
        -> Index range scan on sbtest8 using PRIMARY over (4983984 <= id <= 4993983)  (cost=3991 rows=19800)


for: sum_ranges
table 1 : explain SELECT SUM(k) FROM sbtest1 WHERE id BETWEEN 3734215 AND 3744214
	-> Aggregate: sum(sbtest1.k)  (cost=8554 rows=1)
    -> Filter: (sbtest1.id between 3734215 and 3744214)  (cost=3991 rows=19800)
        -> Index range scan on sbtest1 using PRIMARY over (3734215 <= id <= 3744214)  (cost=3991 rows=19800)


table 2 : explain SELECT SUM(k) FROM sbtest2 WHERE id BETWEEN 1583567 AND 1593566
	-> Aggregate: sum(sbtest2.k)  (cost=8554 rows=1)
    -> Filter: (sbtest2.id between 1583567 and 1593566)  (cost=3991 rows=19800)
        -> Index range scan on sbtest2 using PRIMARY over (1583567 <= id <= 1593566)  (cost=3991 rows=19800)


table 3 : explain SELECT SUM(k) FROM sbtest3 WHERE id BETWEEN 3315129 AND 3325128
	-> Aggregate: sum(sbtest3.k)  (cost=8554 rows=1)
    -> Filter: (sbtest3.id between 3315129 and 3325128)  (cost=3991 rows=19800)
        -> Index range scan on sbtest3 using PRIMARY over (3315129 <= id <= 3325128)  (cost=3991 rows=19800)


table 4 : explain SELECT SUM(k) FROM sbtest4 WHERE id BETWEEN 8592512 AND 8602511
	-> Aggregate: sum(sbtest4.k)  (cost=8554 rows=1)
    -> Filter: (sbtest4.id between 8592512 and 8602511)  (cost=3991 rows=19800)
        -> Index range scan on sbtest4 using PRIMARY over (8592512 <= id <= 8602511)  (cost=3991 rows=19800)


table 5 : explain SELECT SUM(k) FROM sbtest5 WHERE id BETWEEN 1302131 AND 1312130
	-> Aggregate: sum(sbtest5.k)  (cost=8554 rows=1)
    -> Filter: (sbtest5.id between 1302131 and 1312130)  (cost=3991 rows=19800)
        -> Index range scan on sbtest5 using PRIMARY over (1302131 <= id <= 1312130)  (cost=3991 rows=19800)


table 6 : explain SELECT SUM(k) FROM sbtest6 WHERE id BETWEEN 893160 AND 903159
	-> Aggregate: sum(sbtest6.k)  (cost=8554 rows=1)
    -> Filter: (sbtest6.id between 893160 and 903159)  (cost=3991 rows=19800)
        -> Index range scan on sbtest6 using PRIMARY over (893160 <= id <= 903159)  (cost=3991 rows=19800)


table 7 : explain SELECT SUM(k) FROM sbtest7 WHERE id BETWEEN 8760604 AND 8770603
	-> Aggregate: sum(sbtest7.k)  (cost=8554 rows=1)
    -> Filter: (sbtest7.id between 8760604 and 8770603)  (cost=3991 rows=19800)
        -> Index range scan on sbtest7 using PRIMARY over (8760604 <= id <= 8770603)  (cost=3991 rows=19800)


table 8 : explain SELECT SUM(k) FROM sbtest8 WHERE id BETWEEN 6119423 AND 6129422
	-> Aggregate: sum(sbtest8.k)  (cost=8554 rows=1)
    -> Filter: (sbtest8.id between 6119423 and 6129422)  (cost=3991 rows=19800)
        -> Index range scan on sbtest8 using PRIMARY over (6119423 <= id <= 6129422)  (cost=3991 rows=19800)


for: sum_ranges
table 1 : explain SELECT SUM(k) FROM sbtest1 WHERE id BETWEEN 2343978 AND 2353977
	-> Aggregate: sum(sbtest1.k)  (cost=8554 rows=1)
    -> Filter: (sbtest1.id between 2343978 and 2353977)  (cost=3991 rows=19800)
        -> Index range scan on sbtest1 using PRIMARY over (2343978 <= id <= 2353977)  (cost=3991 rows=19800)


table 2 : explain SELECT SUM(k) FROM sbtest2 WHERE id BETWEEN 5210028 AND 5220027
	-> Aggregate: sum(sbtest2.k)  (cost=8554 rows=1)
    -> Filter: (sbtest2.id between 5210028 and 5220027)  (cost=3991 rows=19800)
        -> Index range scan on sbtest2 using PRIMARY over (5210028 <= id <= 5220027)  (cost=3991 rows=19800)


table 3 : explain SELECT SUM(k) FROM sbtest3 WHERE id BETWEEN 9667462 AND 9677461
	-> Aggregate: sum(sbtest3.k)  (cost=8554 rows=1)
    -> Filter: (sbtest3.id between 9667462 and 9677461)  (cost=3991 rows=19800)
        -> Index range scan on sbtest3 using PRIMARY over (9667462 <= id <= 9677461)  (cost=3991 rows=19800)


table 4 : explain SELECT SUM(k) FROM sbtest4 WHERE id BETWEEN 1782832 AND 1792831
	-> Aggregate: sum(sbtest4.k)  (cost=8554 rows=1)
    -> Filter: (sbtest4.id between 1782832 and 1792831)  (cost=3991 rows=19800)
        -> Index range scan on sbtest4 using PRIMARY over (1782832 <= id <= 1792831)  (cost=3991 rows=19800)


table 5 : explain SELECT SUM(k) FROM sbtest5 WHERE id BETWEEN 4390773 AND 4400772
	-> Aggregate: sum(sbtest5.k)  (cost=8554 rows=1)
    -> Filter: (sbtest5.id between 4390773 and 4400772)  (cost=3991 rows=19800)
        -> Index range scan on sbtest5 using PRIMARY over (4390773 <= id <= 4400772)  (cost=3991 rows=19800)


table 6 : explain SELECT SUM(k) FROM sbtest6 WHERE id BETWEEN 6709196 AND 6719195
	-> Aggregate: sum(sbtest6.k)  (cost=8554 rows=1)
    -> Filter: (sbtest6.id between 6709196 and 6719195)  (cost=3991 rows=19800)
        -> Index range scan on sbtest6 using PRIMARY over (6709196 <= id <= 6719195)  (cost=3991 rows=19800)


table 7 : explain SELECT SUM(k) FROM sbtest7 WHERE id BETWEEN 4147338 AND 4157337
	-> Aggregate: sum(sbtest7.k)  (cost=8554 rows=1)
    -> Filter: (sbtest7.id between 4147338 and 4157337)  (cost=3991 rows=19800)
        -> Index range scan on sbtest7 using PRIMARY over (4147338 <= id <= 4157337)  (cost=3991 rows=19800)


table 8 : explain SELECT SUM(k) FROM sbtest8 WHERE id BETWEEN 5498162 AND 5508161
	-> Aggregate: sum(sbtest8.k)  (cost=8554 rows=1)
    -> Filter: (sbtest8.id between 5498162 and 5508161)  (cost=3991 rows=19800)
        -> Index range scan on sbtest8 using PRIMARY over (5498162 <= id <= 5508161)  (cost=3991 rows=19800)


for: sum_ranges
table 1 : explain SELECT SUM(k) FROM sbtest1 WHERE id BETWEEN 9295796 AND 9305795
	-> Aggregate: sum(sbtest1.k)  (cost=8554 rows=1)
    -> Filter: (sbtest1.id between 9295796 and 9305795)  (cost=3991 rows=19800)
        -> Index range scan on sbtest1 using PRIMARY over (9295796 <= id <= 9305795)  (cost=3991 rows=19800)


table 2 : explain SELECT SUM(k) FROM sbtest2 WHERE id BETWEEN 8895459 AND 8905458
	-> Aggregate: sum(sbtest2.k)  (cost=8554 rows=1)
    -> Filter: (sbtest2.id between 8895459 and 8905458)  (cost=3991 rows=19800)
        -> Index range scan on sbtest2 using PRIMARY over (8895459 <= id <= 8905458)  (cost=3991 rows=19800)


table 3 : explain SELECT SUM(k) FROM sbtest3 WHERE id BETWEEN 704294 AND 714293
	-> Aggregate: sum(sbtest3.k)  (cost=8554 rows=1)
    -> Filter: (sbtest3.id between 704294 and 714293)  (cost=3991 rows=19800)
        -> Index range scan on sbtest3 using PRIMARY over (704294 <= id <= 714293)  (cost=3991 rows=19800)


table 4 : explain SELECT SUM(k) FROM sbtest4 WHERE id BETWEEN 2660132 AND 2670131
	-> Aggregate: sum(sbtest4.k)  (cost=8554 rows=1)
    -> Filter: (sbtest4.id between 2660132 and 2670131)  (cost=3991 rows=19800)
        -> Index range scan on sbtest4 using PRIMARY over (2660132 <= id <= 2670131)  (cost=3991 rows=19800)


table 5 : explain SELECT SUM(k) FROM sbtest5 WHERE id BETWEEN 5002588 AND 5012587
	-> Aggregate: sum(sbtest5.k)  (cost=8554 rows=1)
    -> Filter: (sbtest5.id between 5002588 and 5012587)  (cost=3991 rows=19800)
        -> Index range scan on sbtest5 using PRIMARY over (5002588 <= id <= 5012587)  (cost=3991 rows=19800)


table 6 : explain SELECT SUM(k) FROM sbtest6 WHERE id BETWEEN 7717470 AND 7727469
	-> Aggregate: sum(sbtest6.k)  (cost=8554 rows=1)
    -> Filter: (sbtest6.id between 7717470 and 7727469)  (cost=3991 rows=19800)
        -> Index range scan on sbtest6 using PRIMARY over (7717470 <= id <= 7727469)  (cost=3991 rows=19800)


table 7 : explain SELECT SUM(k) FROM sbtest7 WHERE id BETWEEN 7791359 AND 7801358
	-> Aggregate: sum(sbtest7.k)  (cost=8554 rows=1)
    -> Filter: (sbtest7.id between 7791359 and 7801358)  (cost=3991 rows=19800)
        -> Index range scan on sbtest7 using PRIMARY over (7791359 <= id <= 7801358)  (cost=3991 rows=19800)


table 8 : explain SELECT SUM(k) FROM sbtest8 WHERE id BETWEEN 4574442 AND 4584441
	-> Aggregate: sum(sbtest8.k)  (cost=8554 rows=1)
    -> Filter: (sbtest8.id between 4574442 and 4584441)  (cost=3991 rows=19800)
        -> Index range scan on sbtest8 using PRIMARY over (4574442 <= id <= 4584441)  (cost=3991 rows=19800)


for: simple_ranges
table 1 : explain SELECT c FROM sbtest1 WHERE id BETWEEN 7076055 AND 7086054
	-> Filter: (sbtest1.id between 7076055 and 7086054)  (cost=3991 rows=19800)
    -> Index range scan on sbtest1 using PRIMARY over (7076055 <= id <= 7086054)  (cost=3991 rows=19800)


table 2 : explain SELECT c FROM sbtest2 WHERE id BETWEEN 6933808 AND 6943807
	-> Filter: (sbtest2.id between 6933808 and 6943807)  (cost=3991 rows=19800)
    -> Index range scan on sbtest2 using PRIMARY over (6933808 <= id <= 6943807)  (cost=3991 rows=19800)


table 3 : explain SELECT c FROM sbtest3 WHERE id BETWEEN 1585568 AND 1595567
	-> Filter: (sbtest3.id between 1585568 and 1595567)  (cost=3991 rows=19800)
    -> Index range scan on sbtest3 using PRIMARY over (1585568 <= id <= 1595567)  (cost=3991 rows=19800)


table 4 : explain SELECT c FROM sbtest4 WHERE id BETWEEN 9621807 AND 9631806
	-> Filter: (sbtest4.id between 9621807 and 9631806)  (cost=3991 rows=19800)
    -> Index range scan on sbtest4 using PRIMARY over (9621807 <= id <= 9631806)  (cost=3991 rows=19800)


table 5 : explain SELECT c FROM sbtest5 WHERE id BETWEEN 766288 AND 776287
	-> Filter: (sbtest5.id between 766288 and 776287)  (cost=3991 rows=19800)
    -> Index range scan on sbtest5 using PRIMARY over (766288 <= id <= 776287)  (cost=3991 rows=19800)


table 6 : explain SELECT c FROM sbtest6 WHERE id BETWEEN 7808137 AND 7818136
	-> Filter: (sbtest6.id between 7808137 and 7818136)  (cost=3991 rows=19800)
    -> Index range scan on sbtest6 using PRIMARY over (7808137 <= id <= 7818136)  (cost=3991 rows=19800)


table 7 : explain SELECT c FROM sbtest7 WHERE id BETWEEN 4963510 AND 4973509
	-> Filter: (sbtest7.id between 4963510 and 4973509)  (cost=3991 rows=19800)
    -> Index range scan on sbtest7 using PRIMARY over (4963510 <= id <= 4973509)  (cost=3991 rows=19800)


table 8 : explain SELECT c FROM sbtest8 WHERE id BETWEEN 9192210 AND 9202209
	-> Filter: (sbtest8.id between 9192210 and 9202209)  (cost=3991 rows=19800)
    -> Index range scan on sbtest8 using PRIMARY over (9192210 <= id <= 9202209)  (cost=3991 rows=19800)


for: sum_ranges
table 1 : explain SELECT SUM(k) FROM sbtest1 WHERE id BETWEEN 4288541 AND 4298540
	-> Aggregate: sum(sbtest1.k)  (cost=8554 rows=1)
    -> Filter: (sbtest1.id between 4288541 and 4298540)  (cost=3991 rows=19800)
        -> Index range scan on sbtest1 using PRIMARY over (4288541 <= id <= 4298540)  (cost=3991 rows=19800)


table 2 : explain SELECT SUM(k) FROM sbtest2 WHERE id BETWEEN 9813035 AND 9823034
	-> Aggregate: sum(sbtest2.k)  (cost=8554 rows=1)
    -> Filter: (sbtest2.id between 9813035 and 9823034)  (cost=3991 rows=19800)
        -> Index range scan on sbtest2 using PRIMARY over (9813035 <= id <= 9823034)  (cost=3991 rows=19800)


table 3 : explain SELECT SUM(k) FROM sbtest3 WHERE id BETWEEN 4765999 AND 4775998
	-> Aggregate: sum(sbtest3.k)  (cost=8554 rows=1)
    -> Filter: (sbtest3.id between 4765999 and 4775998)  (cost=3991 rows=19800)
        -> Index range scan on sbtest3 using PRIMARY over (4765999 <= id <= 4775998)  (cost=3991 rows=19800)


table 4 : explain SELECT SUM(k) FROM sbtest4 WHERE id BETWEEN 9303897 AND 9313896
	-> Aggregate: sum(sbtest4.k)  (cost=8554 rows=1)
    -> Filter: (sbtest4.id between 9303897 and 9313896)  (cost=3991 rows=19800)
        -> Index range scan on sbtest4 using PRIMARY over (9303897 <= id <= 9313896)  (cost=3991 rows=19800)


table 5 : explain SELECT SUM(k) FROM sbtest5 WHERE id BETWEEN 4250848 AND 4260847
	-> Aggregate: sum(sbtest5.k)  (cost=8554 rows=1)
    -> Filter: (sbtest5.id between 4250848 and 4260847)  (cost=3991 rows=19800)
        -> Index range scan on sbtest5 using PRIMARY over (4250848 <= id <= 4260847)  (cost=3991 rows=19800)


table 6 : explain SELECT SUM(k) FROM sbtest6 WHERE id BETWEEN 4416901 AND 4426900
	-> Aggregate: sum(sbtest6.k)  (cost=8554 rows=1)
    -> Filter: (sbtest6.id between 4416901 and 4426900)  (cost=3991 rows=19800)
        -> Index range scan on sbtest6 using PRIMARY over (4416901 <= id <= 4426900)  (cost=3991 rows=19800)


table 7 : explain SELECT SUM(k) FROM sbtest7 WHERE id BETWEEN 2515756 AND 2525755
	-> Aggregate: sum(sbtest7.k)  (cost=8554 rows=1)
    -> Filter: (sbtest7.id between 2515756 and 2525755)  (cost=3991 rows=19800)
        -> Index range scan on sbtest7 using PRIMARY over (2515756 <= id <= 2525755)  (cost=3991 rows=19800)


table 8 : explain SELECT SUM(k) FROM sbtest8 WHERE id BETWEEN 8258043 AND 8268042
	-> Aggregate: sum(sbtest8.k)  (cost=8554 rows=1)
    -> Filter: (sbtest8.id between 8258043 and 8268042)  (cost=3991 rows=19800)
        -> Index range scan on sbtest8 using PRIMARY over (8258043 <= id <= 8268042)  (cost=3991 rows=19800)


for: sum_ranges
table 1 : explain SELECT SUM(k) FROM sbtest1 WHERE id BETWEEN 7828160 AND 7838159
	-> Aggregate: sum(sbtest1.k)  (cost=8554 rows=1)
    -> Filter: (sbtest1.id between 7828160 and 7838159)  (cost=3991 rows=19800)
        -> Index range scan on sbtest1 using PRIMARY over (7828160 <= id <= 7838159)  (cost=3991 rows=19800)


table 2 : explain SELECT SUM(k) FROM sbtest2 WHERE id BETWEEN 3992686 AND 4002685
	-> Aggregate: sum(sbtest2.k)  (cost=8554 rows=1)
    -> Filter: (sbtest2.id between 3992686 and 4002685)  (cost=3991 rows=19800)
        -> Index range scan on sbtest2 using PRIMARY over (3992686 <= id <= 4002685)  (cost=3991 rows=19800)


table 3 : explain SELECT SUM(k) FROM sbtest3 WHERE id BETWEEN 2714655 AND 2724654
	-> Aggregate: sum(sbtest3.k)  (cost=8554 rows=1)
    -> Filter: (sbtest3.id between 2714655 and 2724654)  (cost=3991 rows=19800)
        -> Index range scan on sbtest3 using PRIMARY over (2714655 <= id <= 2724654)  (cost=3991 rows=19800)


table 4 : explain SELECT SUM(k) FROM sbtest4 WHERE id BETWEEN 1017407 AND 1027406
	-> Aggregate: sum(sbtest4.k)  (cost=8554 rows=1)
    -> Filter: (sbtest4.id between 1017407 and 1027406)  (cost=3991 rows=19800)
        -> Index range scan on sbtest4 using PRIMARY over (1017407 <= id <= 1027406)  (cost=3991 rows=19800)


table 5 : explain SELECT SUM(k) FROM sbtest5 WHERE id BETWEEN 3307263 AND 3317262
	-> Aggregate: sum(sbtest5.k)  (cost=8554 rows=1)
    -> Filter: (sbtest5.id between 3307263 and 3317262)  (cost=3991 rows=19800)
        -> Index range scan on sbtest5 using PRIMARY over (3307263 <= id <= 3317262)  (cost=3991 rows=19800)


table 6 : explain SELECT SUM(k) FROM sbtest6 WHERE id BETWEEN 790429 AND 800428
	-> Aggregate: sum(sbtest6.k)  (cost=8554 rows=1)
    -> Filter: (sbtest6.id between 790429 and 800428)  (cost=3991 rows=19800)
        -> Index range scan on sbtest6 using PRIMARY over (790429 <= id <= 800428)  (cost=3991 rows=19800)


table 7 : explain SELECT SUM(k) FROM sbtest7 WHERE id BETWEEN 9811670 AND 9821669
	-> Aggregate: sum(sbtest7.k)  (cost=8554 rows=1)
    -> Filter: (sbtest7.id between 9811670 and 9821669)  (cost=3991 rows=19800)
        -> Index range scan on sbtest7 using PRIMARY over (9811670 <= id <= 9821669)  (cost=3991 rows=19800)


table 8 : explain SELECT SUM(k) FROM sbtest8 WHERE id BETWEEN 633830 AND 643829
	-> Aggregate: sum(sbtest8.k)  (cost=8554 rows=1)
    -> Filter: (sbtest8.id between 633830 and 643829)  (cost=3991 rows=19800)
        -> Index range scan on sbtest8 using PRIMARY over (633830 <= id <= 643829)  (cost=3991 rows=19800)


for: simple_ranges
table 1 : explain SELECT c FROM sbtest1 WHERE id BETWEEN 8599933 AND 8609932
	-> Filter: (sbtest1.id between 8599933 and 8609932)  (cost=3991 rows=19800)
    -> Index range scan on sbtest1 using PRIMARY over (8599933 <= id <= 8609932)  (cost=3991 rows=19800)


table 2 : explain SELECT c FROM sbtest2 WHERE id BETWEEN 2916658 AND 2926657
	-> Filter: (sbtest2.id between 2916658 and 2926657)  (cost=3991 rows=19800)
    -> Index range scan on sbtest2 using PRIMARY over (2916658 <= id <= 2926657)  (cost=3991 rows=19800)


table 3 : explain SELECT c FROM sbtest3 WHERE id BETWEEN 9187001 AND 9197000
	-> Filter: (sbtest3.id between 9187001 and 9197000)  (cost=3991 rows=19800)
    -> Index range scan on sbtest3 using PRIMARY over (9187001 <= id <= 9197000)  (cost=3991 rows=19800)


table 4 : explain SELECT c FROM sbtest4 WHERE id BETWEEN 1092644 AND 1102643
	-> Filter: (sbtest4.id between 1092644 and 1102643)  (cost=3991 rows=19800)
    -> Index range scan on sbtest4 using PRIMARY over (1092644 <= id <= 1102643)  (cost=3991 rows=19800)


table 5 : explain SELECT c FROM sbtest5 WHERE id BETWEEN 7887228 AND 7897227
	-> Filter: (sbtest5.id between 7887228 and 7897227)  (cost=3991 rows=19800)
    -> Index range scan on sbtest5 using PRIMARY over (7887228 <= id <= 7897227)  (cost=3991 rows=19800)


table 6 : explain SELECT c FROM sbtest6 WHERE id BETWEEN 1913174 AND 1923173
	-> Filter: (sbtest6.id between 1913174 and 1923173)  (cost=3991 rows=19800)
    -> Index range scan on sbtest6 using PRIMARY over (1913174 <= id <= 1923173)  (cost=3991 rows=19800)


table 7 : explain SELECT c FROM sbtest7 WHERE id BETWEEN 20807 AND 30806
	-> Filter: (sbtest7.id between 20807 and 30806)  (cost=3991 rows=19800)
    -> Index range scan on sbtest7 using PRIMARY over (20807 <= id <= 30806)  (cost=3991 rows=19800)


table 8 : explain SELECT c FROM sbtest8 WHERE id BETWEEN 283904 AND 293903
	-> Filter: (sbtest8.id between 283904 and 293903)  (cost=3991 rows=19800)
    -> Index range scan on sbtest8 using PRIMARY over (283904 <= id <= 293903)  (cost=3991 rows=19800)


for: order_ranges
table 1 : explain SELECT c FROM sbtest1 WHERE id BETWEEN 318096 AND 328095 ORDER BY c
	-> Sort: sbtest1.c  (cost=3991 rows=19800)
    -> Filter: (sbtest1.id between 318096 and 328095)  (cost=3991 rows=19800)
        -> Index range scan on sbtest1 using PRIMARY over (318096 <= id <= 328095)  (cost=3991 rows=19800)


table 2 : explain SELECT c FROM sbtest2 WHERE id BETWEEN 394344 AND 404343 ORDER BY c
	-> Sort: sbtest2.c  (cost=3991 rows=19800)
    -> Filter: (sbtest2.id between 394344 and 404343)  (cost=3991 rows=19800)
        -> Index range scan on sbtest2 using PRIMARY over (394344 <= id <= 404343)  (cost=3991 rows=19800)


table 3 : explain SELECT c FROM sbtest3 WHERE id BETWEEN 4253678 AND 4263677 ORDER BY c
	-> Sort: sbtest3.c  (cost=3991 rows=19800)
    -> Filter: (sbtest3.id between 4253678 and 4263677)  (cost=3991 rows=19800)
        -> Index range scan on sbtest3 using PRIMARY over (4253678 <= id <= 4263677)  (cost=3991 rows=19800)


table 4 : explain SELECT c FROM sbtest4 WHERE id BETWEEN 1583784 AND 1593783 ORDER BY c
	-> Sort: sbtest4.c  (cost=3991 rows=19800)
    -> Filter: (sbtest4.id between 1583784 and 1593783)  (cost=3991 rows=19800)
        -> Index range scan on sbtest4 using PRIMARY over (1583784 <= id <= 1593783)  (cost=3991 rows=19800)


table 5 : explain SELECT c FROM sbtest5 WHERE id BETWEEN 642432 AND 652431 ORDER BY c
	-> Sort: sbtest5.c  (cost=3991 rows=19800)
    -> Filter: (sbtest5.id between 642432 and 652431)  (cost=3991 rows=19800)
        -> Index range scan on sbtest5 using PRIMARY over (642432 <= id <= 652431)  (cost=3991 rows=19800)


table 6 : explain SELECT c FROM sbtest6 WHERE id BETWEEN 6869820 AND 6879819 ORDER BY c
	-> Sort: sbtest6.c  (cost=3991 rows=19800)
    -> Filter: (sbtest6.id between 6869820 and 6879819)  (cost=3991 rows=19800)
        -> Index range scan on sbtest6 using PRIMARY over (6869820 <= id <= 6879819)  (cost=3991 rows=19800)


table 7 : explain SELECT c FROM sbtest7 WHERE id BETWEEN 4375068 AND 4385067 ORDER BY c
	-> Sort: sbtest7.c  (cost=3991 rows=19800)
    -> Filter: (sbtest7.id between 4375068 and 4385067)  (cost=3991 rows=19800)
        -> Index range scan on sbtest7 using PRIMARY over (4375068 <= id <= 4385067)  (cost=3991 rows=19800)


table 8 : explain SELECT c FROM sbtest8 WHERE id BETWEEN 5475549 AND 5485548 ORDER BY c
	-> Sort: sbtest8.c  (cost=4360 rows=21626)
    -> Filter: (sbtest8.id between 5475549 and 5485548)  (cost=4360 rows=21626)
        -> Index range scan on sbtest8 using PRIMARY over (5475549 <= id <= 5485548)  (cost=4360 rows=21626)


for: order_ranges
table 1 : explain SELECT c FROM sbtest1 WHERE id BETWEEN 8032509 AND 8042508 ORDER BY c
	-> Sort: sbtest1.c  (cost=3991 rows=19800)
    -> Filter: (sbtest1.id between 8032509 and 8042508)  (cost=3991 rows=19800)
        -> Index range scan on sbtest1 using PRIMARY over (8032509 <= id <= 8042508)  (cost=3991 rows=19800)


table 2 : explain SELECT c FROM sbtest2 WHERE id BETWEEN 2774297 AND 2784296 ORDER BY c
	-> Sort: sbtest2.c  (cost=3991 rows=19800)
    -> Filter: (sbtest2.id between 2774297 and 2784296)  (cost=3991 rows=19800)
        -> Index range scan on sbtest2 using PRIMARY over (2774297 <= id <= 2784296)  (cost=3991 rows=19800)


table 3 : explain SELECT c FROM sbtest3 WHERE id BETWEEN 2375260 AND 2385259 ORDER BY c
	-> Sort: sbtest3.c  (cost=3991 rows=19800)
    -> Filter: (sbtest3.id between 2375260 and 2385259)  (cost=3991 rows=19800)
        -> Index range scan on sbtest3 using PRIMARY over (2375260 <= id <= 2385259)  (cost=3991 rows=19800)


table 4 : explain SELECT c FROM sbtest4 WHERE id BETWEEN 3379970 AND 3389969 ORDER BY c
	-> Sort: sbtest4.c  (cost=3991 rows=19800)
    -> Filter: (sbtest4.id between 3379970 and 3389969)  (cost=3991 rows=19800)
        -> Index range scan on sbtest4 using PRIMARY over (3379970 <= id <= 3389969)  (cost=3991 rows=19800)


table 5 : explain SELECT c FROM sbtest5 WHERE id BETWEEN 1357372 AND 1367371 ORDER BY c
	-> Sort: sbtest5.c  (cost=3991 rows=19800)
    -> Filter: (sbtest5.id between 1357372 and 1367371)  (cost=3991 rows=19800)
        -> Index range scan on sbtest5 using PRIMARY over (1357372 <= id <= 1367371)  (cost=3991 rows=19800)


table 6 : explain SELECT c FROM sbtest6 WHERE id BETWEEN 851890 AND 861889 ORDER BY c
	-> Sort: sbtest6.c  (cost=3991 rows=19800)
    -> Filter: (sbtest6.id between 851890 and 861889)  (cost=3991 rows=19800)
        -> Index range scan on sbtest6 using PRIMARY over (851890 <= id <= 861889)  (cost=3991 rows=19800)


table 7 : explain SELECT c FROM sbtest7 WHERE id BETWEEN 5898762 AND 5908761 ORDER BY c
	-> Sort: sbtest7.c  (cost=3991 rows=19800)
    -> Filter: (sbtest7.id between 5898762 and 5908761)  (cost=3991 rows=19800)
        -> Index range scan on sbtest7 using PRIMARY over (5898762 <= id <= 5908761)  (cost=3991 rows=19800)


table 8 : explain SELECT c FROM sbtest8 WHERE id BETWEEN 2819377 AND 2829376 ORDER BY c
	-> Sort: sbtest8.c  (cost=3991 rows=19800)
    -> Filter: (sbtest8.id between 2819377 and 2829376)  (cost=3991 rows=19800)
        -> Index range scan on sbtest8 using PRIMARY over (2819377 <= id <= 2829376)  (cost=3991 rows=19800)


for: order_ranges
table 1 : explain SELECT c FROM sbtest1 WHERE id BETWEEN 2104979 AND 2114978 ORDER BY c
	-> Sort: sbtest1.c  (cost=3991 rows=19800)
    -> Filter: (sbtest1.id between 2104979 and 2114978)  (cost=3991 rows=19800)
        -> Index range scan on sbtest1 using PRIMARY over (2104979 <= id <= 2114978)  (cost=3991 rows=19800)


table 2 : explain SELECT c FROM sbtest2 WHERE id BETWEEN 9893120 AND 9903119 ORDER BY c
	-> Sort: sbtest2.c  (cost=3991 rows=19800)
    -> Filter: (sbtest2.id between 9893120 and 9903119)  (cost=3991 rows=19800)
        -> Index range scan on sbtest2 using PRIMARY over (9893120 <= id <= 9903119)  (cost=3991 rows=19800)


table 3 : explain SELECT c FROM sbtest3 WHERE id BETWEEN 9623898 AND 9633897 ORDER BY c
	-> Sort: sbtest3.c  (cost=3991 rows=19800)
    -> Filter: (sbtest3.id between 9623898 and 9633897)  (cost=3991 rows=19800)
        -> Index range scan on sbtest3 using PRIMARY over (9623898 <= id <= 9633897)  (cost=3991 rows=19800)


table 4 : explain SELECT c FROM sbtest4 WHERE id BETWEEN 2035011 AND 2045010 ORDER BY c
	-> Sort: sbtest4.c  (cost=3991 rows=19800)
    -> Filter: (sbtest4.id between 2035011 and 2045010)  (cost=3991 rows=19800)
        -> Index range scan on sbtest4 using PRIMARY over (2035011 <= id <= 2045010)  (cost=3991 rows=19800)


table 5 : explain SELECT c FROM sbtest5 WHERE id BETWEEN 7821595 AND 7831594 ORDER BY c
	-> Sort: sbtest5.c  (cost=3991 rows=19800)
    -> Filter: (sbtest5.id between 7821595 and 7831594)  (cost=3991 rows=19800)
        -> Index range scan on sbtest5 using PRIMARY over (7821595 <= id <= 7831594)  (cost=3991 rows=19800)


table 6 : explain SELECT c FROM sbtest6 WHERE id BETWEEN 3018441 AND 3028440 ORDER BY c
	-> Sort: sbtest6.c  (cost=3997 rows=19828)
    -> Filter: (sbtest6.id between 3018441 and 3028440)  (cost=3997 rows=19828)
        -> Index range scan on sbtest6 using PRIMARY over (3018441 <= id <= 3028440)  (cost=3997 rows=19828)


table 7 : explain SELECT c FROM sbtest7 WHERE id BETWEEN 3856919 AND 3866918 ORDER BY c
	-> Sort: sbtest7.c  (cost=3997 rows=19828)
    -> Filter: (sbtest7.id between 3856919 and 3866918)  (cost=3997 rows=19828)
        -> Index range scan on sbtest7 using PRIMARY over (3856919 <= id <= 3866918)  (cost=3997 rows=19828)


table 8 : explain SELECT c FROM sbtest8 WHERE id BETWEEN 9458207 AND 9468206 ORDER BY c
	-> Sort: sbtest8.c  (cost=3991 rows=19800)
    -> Filter: (sbtest8.id between 9458207 and 9468206)  (cost=3991 rows=19800)
        -> Index range scan on sbtest8 using PRIMARY over (9458207 <= id <= 9468206)  (cost=3991 rows=19800)


for: sum_ranges
table 1 : explain SELECT SUM(k) FROM sbtest1 WHERE id BETWEEN 3463054 AND 3473053
	-> Aggregate: sum(sbtest1.k)  (cost=8554 rows=1)
    -> Filter: (sbtest1.id between 3463054 and 3473053)  (cost=3991 rows=19800)
        -> Index range scan on sbtest1 using PRIMARY over (3463054 <= id <= 3473053)  (cost=3991 rows=19800)


table 2 : explain SELECT SUM(k) FROM sbtest2 WHERE id BETWEEN 7245654 AND 7255653
	-> Aggregate: sum(sbtest2.k)  (cost=8554 rows=1)
    -> Filter: (sbtest2.id between 7245654 and 7255653)  (cost=3991 rows=19800)
        -> Index range scan on sbtest2 using PRIMARY over (7245654 <= id <= 7255653)  (cost=3991 rows=19800)


table 3 : explain SELECT SUM(k) FROM sbtest3 WHERE id BETWEEN 6882181 AND 6892180
	-> Aggregate: sum(sbtest3.k)  (cost=8554 rows=1)
    -> Filter: (sbtest3.id between 6882181 and 6892180)  (cost=3991 rows=19800)
        -> Index range scan on sbtest3 using PRIMARY over (6882181 <= id <= 6892180)  (cost=3991 rows=19800)


table 4 : explain SELECT SUM(k) FROM sbtest4 WHERE id BETWEEN 197274 AND 207273
	-> Aggregate: sum(sbtest4.k)  (cost=8554 rows=1)
    -> Filter: (sbtest4.id between 197274 and 207273)  (cost=3991 rows=19800)
        -> Index range scan on sbtest4 using PRIMARY over (197274 <= id <= 207273)  (cost=3991 rows=19800)


table 5 : explain SELECT SUM(k) FROM sbtest5 WHERE id BETWEEN 7949086 AND 7959085
	-> Aggregate: sum(sbtest5.k)  (cost=8554 rows=1)
    -> Filter: (sbtest5.id between 7949086 and 7959085)  (cost=3991 rows=19800)
        -> Index range scan on sbtest5 using PRIMARY over (7949086 <= id <= 7959085)  (cost=3991 rows=19800)


table 6 : explain SELECT SUM(k) FROM sbtest6 WHERE id BETWEEN 9116791 AND 9126790
	-> Aggregate: sum(sbtest6.k)  (cost=8554 rows=1)
    -> Filter: (sbtest6.id between 9116791 and 9126790)  (cost=3991 rows=19800)
        -> Index range scan on sbtest6 using PRIMARY over (9116791 <= id <= 9126790)  (cost=3991 rows=19800)


table 7 : explain SELECT SUM(k) FROM sbtest7 WHERE id BETWEEN 2499164 AND 2509163
	-> Aggregate: sum(sbtest7.k)  (cost=8554 rows=1)
    -> Filter: (sbtest7.id between 2499164 and 2509163)  (cost=3991 rows=19800)
        -> Index range scan on sbtest7 using PRIMARY over (2499164 <= id <= 2509163)  (cost=3991 rows=19800)


table 8 : explain SELECT SUM(k) FROM sbtest8 WHERE id BETWEEN 7741600 AND 7751599
	-> Aggregate: sum(sbtest8.k)  (cost=8554 rows=1)
    -> Filter: (sbtest8.id between 7741600 and 7751599)  (cost=3991 rows=19800)
        -> Index range scan on sbtest8 using PRIMARY over (7741600 <= id <= 7751599)  (cost=3991 rows=19800)


for: simple_ranges
table 1 : explain SELECT c FROM sbtest1 WHERE id BETWEEN 8510787 AND 8520786
	-> Filter: (sbtest1.id between 8510787 and 8520786)  (cost=3991 rows=19800)
    -> Index range scan on sbtest1 using PRIMARY over (8510787 <= id <= 8520786)  (cost=3991 rows=19800)


table 2 : explain SELECT c FROM sbtest2 WHERE id BETWEEN 5887975 AND 5897974
	-> Filter: (sbtest2.id between 5887975 and 5897974)  (cost=3991 rows=19800)
    -> Index range scan on sbtest2 using PRIMARY over (5887975 <= id <= 5897974)  (cost=3991 rows=19800)


table 3 : explain SELECT c FROM sbtest3 WHERE id BETWEEN 184864 AND 194863
	-> Filter: (sbtest3.id between 184864 and 194863)  (cost=3991 rows=19800)
    -> Index range scan on sbtest3 using PRIMARY over (184864 <= id <= 194863)  (cost=3991 rows=19800)


table 4 : explain SELECT c FROM sbtest4 WHERE id BETWEEN 8619504 AND 8629503
	-> Filter: (sbtest4.id between 8619504 and 8629503)  (cost=3991 rows=19800)
    -> Index range scan on sbtest4 using PRIMARY over (8619504 <= id <= 8629503)  (cost=3991 rows=19800)


table 5 : explain SELECT c FROM sbtest5 WHERE id BETWEEN 3814516 AND 3824515
	-> Filter: (sbtest5.id between 3814516 and 3824515)  (cost=3991 rows=19800)
    -> Index range scan on sbtest5 using PRIMARY over (3814516 <= id <= 3824515)  (cost=3991 rows=19800)


table 6 : explain SELECT c FROM sbtest6 WHERE id BETWEEN 7501975 AND 7511974
	-> Filter: (sbtest6.id between 7501975 and 7511974)  (cost=3991 rows=19800)
    -> Index range scan on sbtest6 using PRIMARY over (7501975 <= id <= 7511974)  (cost=3991 rows=19800)


table 7 : explain SELECT c FROM sbtest7 WHERE id BETWEEN 8478645 AND 8488644
	-> Filter: (sbtest7.id between 8478645 and 8488644)  (cost=3991 rows=19800)
    -> Index range scan on sbtest7 using PRIMARY over (8478645 <= id <= 8488644)  (cost=3991 rows=19800)


table 8 : explain SELECT c FROM sbtest8 WHERE id BETWEEN 3652693 AND 3662692
	-> Filter: (sbtest8.id between 3652693 and 3662692)  (cost=3991 rows=19800)
    -> Index range scan on sbtest8 using PRIMARY over (3652693 <= id <= 3662692)  (cost=3991 rows=19800)


for: order_ranges
table 1 : explain SELECT c FROM sbtest1 WHERE id BETWEEN 1419768 AND 1429767 ORDER BY c
	-> Sort: sbtest1.c  (cost=3991 rows=19800)
    -> Filter: (sbtest1.id between 1419768 and 1429767)  (cost=3991 rows=19800)
        -> Index range scan on sbtest1 using PRIMARY over (1419768 <= id <= 1429767)  (cost=3991 rows=19800)


table 2 : explain SELECT c FROM sbtest2 WHERE id BETWEEN 6769966 AND 6779965 ORDER BY c
	-> Sort: sbtest2.c  (cost=3991 rows=19800)
    -> Filter: (sbtest2.id between 6769966 and 6779965)  (cost=3991 rows=19800)
        -> Index range scan on sbtest2 using PRIMARY over (6769966 <= id <= 6779965)  (cost=3991 rows=19800)


table 3 : explain SELECT c FROM sbtest3 WHERE id BETWEEN 2560884 AND 2570883 ORDER BY c
	-> Sort: sbtest3.c  (cost=3991 rows=19800)
    -> Filter: (sbtest3.id between 2560884 and 2570883)  (cost=3991 rows=19800)
        -> Index range scan on sbtest3 using PRIMARY over (2560884 <= id <= 2570883)  (cost=3991 rows=19800)


table 4 : explain SELECT c FROM sbtest4 WHERE id BETWEEN 9374740 AND 9384739 ORDER BY c
	-> Sort: sbtest4.c  (cost=3991 rows=19800)
    -> Filter: (sbtest4.id between 9374740 and 9384739)  (cost=3991 rows=19800)
        -> Index range scan on sbtest4 using PRIMARY over (9374740 <= id <= 9384739)  (cost=3991 rows=19800)


table 5 : explain SELECT c FROM sbtest5 WHERE id BETWEEN 576405 AND 586404 ORDER BY c
	-> Sort: sbtest5.c  (cost=3991 rows=19800)
    -> Filter: (sbtest5.id between 576405 and 586404)  (cost=3991 rows=19800)
        -> Index range scan on sbtest5 using PRIMARY over (576405 <= id <= 586404)  (cost=3991 rows=19800)


table 6 : explain SELECT c FROM sbtest6 WHERE id BETWEEN 7539598 AND 7549597 ORDER BY c
	-> Sort: sbtest6.c  (cost=3991 rows=19800)
    -> Filter: (sbtest6.id between 7539598 and 7549597)  (cost=3991 rows=19800)
        -> Index range scan on sbtest6 using PRIMARY over (7539598 <= id <= 7549597)  (cost=3991 rows=19800)


table 7 : explain SELECT c FROM sbtest7 WHERE id BETWEEN 5372298 AND 5382297 ORDER BY c
	-> Sort: sbtest7.c  (cost=3991 rows=19800)
    -> Filter: (sbtest7.id between 5372298 and 5382297)  (cost=3991 rows=19800)
        -> Index range scan on sbtest7 using PRIMARY over (5372298 <= id <= 5382297)  (cost=3991 rows=19800)


table 8 : explain SELECT c FROM sbtest8 WHERE id BETWEEN 346698 AND 356697 ORDER BY c
	-> Sort: sbtest8.c  (cost=3991 rows=19800)
    -> Filter: (sbtest8.id between 346698 and 356697)  (cost=3991 rows=19800)
        -> Index range scan on sbtest8 using PRIMARY over (346698 <= id <= 356697)  (cost=3991 rows=19800)


for: order_ranges
table 1 : explain SELECT c FROM sbtest1 WHERE id BETWEEN 8869424 AND 8879423 ORDER BY c
	-> Sort: sbtest1.c  (cost=3991 rows=19800)
    -> Filter: (sbtest1.id between 8869424 and 8879423)  (cost=3991 rows=19800)
        -> Index range scan on sbtest1 using PRIMARY over (8869424 <= id <= 8879423)  (cost=3991 rows=19800)


table 2 : explain SELECT c FROM sbtest2 WHERE id BETWEEN 347486 AND 357485 ORDER BY c
	-> Sort: sbtest2.c  (cost=3991 rows=19800)
    -> Filter: (sbtest2.id between 347486 and 357485)  (cost=3991 rows=19800)
        -> Index range scan on sbtest2 using PRIMARY over (347486 <= id <= 357485)  (cost=3991 rows=19800)


table 3 : explain SELECT c FROM sbtest3 WHERE id BETWEEN 4390937 AND 4400936 ORDER BY c
	-> Sort: sbtest3.c  (cost=3991 rows=19800)
    -> Filter: (sbtest3.id between 4390937 and 4400936)  (cost=3991 rows=19800)
        -> Index range scan on sbtest3 using PRIMARY over (4390937 <= id <= 4400936)  (cost=3991 rows=19800)


table 4 : explain SELECT c FROM sbtest4 WHERE id BETWEEN 4005799 AND 4015798 ORDER BY c
	-> Sort: sbtest4.c  (cost=3991 rows=19800)
    -> Filter: (sbtest4.id between 4005799 and 4015798)  (cost=3991 rows=19800)
        -> Index range scan on sbtest4 using PRIMARY over (4005799 <= id <= 4015798)  (cost=3991 rows=19800)


table 5 : explain SELECT c FROM sbtest5 WHERE id BETWEEN 9092623 AND 9102622 ORDER BY c
	-> Sort: sbtest5.c  (cost=3991 rows=19800)
    -> Filter: (sbtest5.id between 9092623 and 9102622)  (cost=3991 rows=19800)
        -> Index range scan on sbtest5 using PRIMARY over (9092623 <= id <= 9102622)  (cost=3991 rows=19800)


table 6 : explain SELECT c FROM sbtest6 WHERE id BETWEEN 9033050 AND 9043049 ORDER BY c
	-> Sort: sbtest6.c  (cost=3991 rows=19800)
    -> Filter: (sbtest6.id between 9033050 and 9043049)  (cost=3991 rows=19800)
        -> Index range scan on sbtest6 using PRIMARY over (9033050 <= id <= 9043049)  (cost=3991 rows=19800)


table 7 : explain SELECT c FROM sbtest7 WHERE id BETWEEN 4386812 AND 4396811 ORDER BY c
	-> Sort: sbtest7.c  (cost=3991 rows=19800)
    -> Filter: (sbtest7.id between 4386812 and 4396811)  (cost=3991 rows=19800)
        -> Index range scan on sbtest7 using PRIMARY over (4386812 <= id <= 4396811)  (cost=3991 rows=19800)


table 8 : explain SELECT c FROM sbtest8 WHERE id BETWEEN 3010505 AND 3020504 ORDER BY c
	-> Sort: sbtest8.c  (cost=3991 rows=19800)
    -> Filter: (sbtest8.id between 3010505 and 3020504)  (cost=3991 rows=19800)
        -> Index range scan on sbtest8 using PRIMARY over (3010505 <= id <= 3020504)  (cost=3991 rows=19800)


for: simple_ranges
table 1 : explain SELECT c FROM sbtest1 WHERE id BETWEEN 1544952 AND 1554951
	-> Filter: (sbtest1.id between 1544952 and 1554951)  (cost=3991 rows=19800)
    -> Index range scan on sbtest1 using PRIMARY over (1544952 <= id <= 1554951)  (cost=3991 rows=19800)


table 2 : explain SELECT c FROM sbtest2 WHERE id BETWEEN 1098642 AND 1108641
	-> Filter: (sbtest2.id between 1098642 and 1108641)  (cost=3991 rows=19800)
    -> Index range scan on sbtest2 using PRIMARY over (1098642 <= id <= 1108641)  (cost=3991 rows=19800)


table 3 : explain SELECT c FROM sbtest3 WHERE id BETWEEN 8280503 AND 8290502
	-> Filter: (sbtest3.id between 8280503 and 8290502)  (cost=3991 rows=19800)
    -> Index range scan on sbtest3 using PRIMARY over (8280503 <= id <= 8290502)  (cost=3991 rows=19800)


table 4 : explain SELECT c FROM sbtest4 WHERE id BETWEEN 6326333 AND 6336332
	-> Filter: (sbtest4.id between 6326333 and 6336332)  (cost=3991 rows=19800)
    -> Index range scan on sbtest4 using PRIMARY over (6326333 <= id <= 6336332)  (cost=3991 rows=19800)


table 5 : explain SELECT c FROM sbtest5 WHERE id BETWEEN 1565011 AND 1575010
	-> Filter: (sbtest5.id between 1565011 and 1575010)  (cost=3997 rows=19828)
    -> Index range scan on sbtest5 using PRIMARY over (1565011 <= id <= 1575010)  (cost=3997 rows=19828)


table 6 : explain SELECT c FROM sbtest6 WHERE id BETWEEN 5920727 AND 5930726
	-> Filter: (sbtest6.id between 5920727 and 5930726)  (cost=3991 rows=19800)
    -> Index range scan on sbtest6 using PRIMARY over (5920727 <= id <= 5930726)  (cost=3991 rows=19800)


table 7 : explain SELECT c FROM sbtest7 WHERE id BETWEEN 7326211 AND 7336210
	-> Filter: (sbtest7.id between 7326211 and 7336210)  (cost=3991 rows=19800)
    -> Index range scan on sbtest7 using PRIMARY over (7326211 <= id <= 7336210)  (cost=3991 rows=19800)


table 8 : explain SELECT c FROM sbtest8 WHERE id BETWEEN 5915610 AND 5925609
	-> Filter: (sbtest8.id between 5915610 and 5925609)  (cost=3991 rows=19800)
    -> Index range scan on sbtest8 using PRIMARY over (5915610 <= id <= 5925609)  (cost=3991 rows=19800)


for: order_ranges
table 1 : explain SELECT c FROM sbtest1 WHERE id BETWEEN 1455839 AND 1465838 ORDER BY c
	-> Sort: sbtest1.c  (cost=3991 rows=19800)
    -> Filter: (sbtest1.id between 1455839 and 1465838)  (cost=3991 rows=19800)
        -> Index range scan on sbtest1 using PRIMARY over (1455839 <= id <= 1465838)  (cost=3991 rows=19800)


table 2 : explain SELECT c FROM sbtest2 WHERE id BETWEEN 820782 AND 830781 ORDER BY c
	-> Sort: sbtest2.c  (cost=3991 rows=19800)
    -> Filter: (sbtest2.id between 820782 and 830781)  (cost=3991 rows=19800)
        -> Index range scan on sbtest2 using PRIMARY over (820782 <= id <= 830781)  (cost=3991 rows=19800)


table 3 : explain SELECT c FROM sbtest3 WHERE id BETWEEN 1999749 AND 2009748 ORDER BY c
	-> Sort: sbtest3.c  (cost=3991 rows=19800)
    -> Filter: (sbtest3.id between 1999749 and 2009748)  (cost=3991 rows=19800)
        -> Index range scan on sbtest3 using PRIMARY over (1999749 <= id <= 2009748)  (cost=3991 rows=19800)


table 4 : explain SELECT c FROM sbtest4 WHERE id BETWEEN 3306109 AND 3316108 ORDER BY c
	-> Sort: sbtest4.c  (cost=3991 rows=19800)
    -> Filter: (sbtest4.id between 3306109 and 3316108)  (cost=3991 rows=19800)
        -> Index range scan on sbtest4 using PRIMARY over (3306109 <= id <= 3316108)  (cost=3991 rows=19800)


table 5 : explain SELECT c FROM sbtest5 WHERE id BETWEEN 4576478 AND 4586477 ORDER BY c
	-> Sort: sbtest5.c  (cost=3991 rows=19800)
    -> Filter: (sbtest5.id between 4576478 and 4586477)  (cost=3991 rows=19800)
        -> Index range scan on sbtest5 using PRIMARY over (4576478 <= id <= 4586477)  (cost=3991 rows=19800)


table 6 : explain SELECT c FROM sbtest6 WHERE id BETWEEN 6158720 AND 6168719 ORDER BY c
	-> Sort: sbtest6.c  (cost=3991 rows=19800)
    -> Filter: (sbtest6.id between 6158720 and 6168719)  (cost=3991 rows=19800)
        -> Index range scan on sbtest6 using PRIMARY over (6158720 <= id <= 6168719)  (cost=3991 rows=19800)


table 7 : explain SELECT c FROM sbtest7 WHERE id BETWEEN 6010757 AND 6020756 ORDER BY c
	-> Sort: sbtest7.c  (cost=3991 rows=19800)
    -> Filter: (sbtest7.id between 6010757 and 6020756)  (cost=3991 rows=19800)
        -> Index range scan on sbtest7 using PRIMARY over (6010757 <= id <= 6020756)  (cost=3991 rows=19800)


table 8 : explain SELECT c FROM sbtest8 WHERE id BETWEEN 3585907 AND 3595906 ORDER BY c
	-> Sort: sbtest8.c  (cost=3991 rows=19800)
    -> Filter: (sbtest8.id between 3585907 and 3595906)  (cost=3991 rows=19800)
        -> Index range scan on sbtest8 using PRIMARY over (3585907 <= id <= 3595906)  (cost=3991 rows=19800)


for: order_ranges
table 1 : explain SELECT c FROM sbtest1 WHERE id BETWEEN 2113257 AND 2123256 ORDER BY c
	-> Sort: sbtest1.c  (cost=3991 rows=19800)
    -> Filter: (sbtest1.id between 2113257 and 2123256)  (cost=3991 rows=19800)
        -> Index range scan on sbtest1 using PRIMARY over (2113257 <= id <= 2123256)  (cost=3991 rows=19800)


table 2 : explain SELECT c FROM sbtest2 WHERE id BETWEEN 6657361 AND 6667360 ORDER BY c
	-> Sort: sbtest2.c  (cost=3991 rows=19800)
    -> Filter: (sbtest2.id between 6657361 and 6667360)  (cost=3991 rows=19800)
        -> Index range scan on sbtest2 using PRIMARY over (6657361 <= id <= 6667360)  (cost=3991 rows=19800)


table 3 : explain SELECT c FROM sbtest3 WHERE id BETWEEN 1925817 AND 1935816 ORDER BY c
	-> Sort: sbtest3.c  (cost=3991 rows=19800)
    -> Filter: (sbtest3.id between 1925817 and 1935816)  (cost=3991 rows=19800)
        -> Index range scan on sbtest3 using PRIMARY over (1925817 <= id <= 1935816)  (cost=3991 rows=19800)


table 4 : explain SELECT c FROM sbtest4 WHERE id BETWEEN 6814007 AND 6824006 ORDER BY c
	-> Sort: sbtest4.c  (cost=3991 rows=19800)
    -> Filter: (sbtest4.id between 6814007 and 6824006)  (cost=3991 rows=19800)
        -> Index range scan on sbtest4 using PRIMARY over (6814007 <= id <= 6824006)  (cost=3991 rows=19800)


table 5 : explain SELECT c FROM sbtest5 WHERE id BETWEEN 5558966 AND 5568965 ORDER BY c
	-> Sort: sbtest5.c  (cost=3991 rows=19800)
    -> Filter: (sbtest5.id between 5558966 and 5568965)  (cost=3991 rows=19800)
        -> Index range scan on sbtest5 using PRIMARY over (5558966 <= id <= 5568965)  (cost=3991 rows=19800)


table 6 : explain SELECT c FROM sbtest6 WHERE id BETWEEN 186542 AND 196541 ORDER BY c
	-> Sort: sbtest6.c  (cost=3991 rows=19800)
    -> Filter: (sbtest6.id between 186542 and 196541)  (cost=3991 rows=19800)
        -> Index range scan on sbtest6 using PRIMARY over (186542 <= id <= 196541)  (cost=3991 rows=19800)


table 7 : explain SELECT c FROM sbtest7 WHERE id BETWEEN 9886010 AND 9896009 ORDER BY c
	-> Sort: sbtest7.c  (cost=3991 rows=19800)
    -> Filter: (sbtest7.id between 9886010 and 9896009)  (cost=3991 rows=19800)
        -> Index range scan on sbtest7 using PRIMARY over (9886010 <= id <= 9896009)  (cost=3991 rows=19800)


table 8 : explain SELECT c FROM sbtest8 WHERE id BETWEEN 3074394 AND 3084393 ORDER BY c
	-> Sort: sbtest8.c  (cost=3991 rows=19800)
    -> Filter: (sbtest8.id between 3074394 and 3084393)  (cost=3991 rows=19800)
        -> Index range scan on sbtest8 using PRIMARY over (3074394 <= id <= 3084393)  (cost=3991 rows=19800)


for: order_ranges
table 1 : explain SELECT c FROM sbtest1 WHERE id BETWEEN 8367313 AND 8377312 ORDER BY c
	-> Sort: sbtest1.c  (cost=3991 rows=19800)
    -> Filter: (sbtest1.id between 8367313 and 8377312)  (cost=3991 rows=19800)
        -> Index range scan on sbtest1 using PRIMARY over (8367313 <= id <= 8377312)  (cost=3991 rows=19800)


table 2 : explain SELECT c FROM sbtest2 WHERE id BETWEEN 9797392 AND 9807391 ORDER BY c
	-> Sort: sbtest2.c  (cost=3991 rows=19800)
    -> Filter: (sbtest2.id between 9797392 and 9807391)  (cost=3991 rows=19800)
        -> Index range scan on sbtest2 using PRIMARY over (9797392 <= id <= 9807391)  (cost=3991 rows=19800)


table 3 : explain SELECT c FROM sbtest3 WHERE id BETWEEN 2385182 AND 2395181 ORDER BY c
	-> Sort: sbtest3.c  (cost=3991 rows=19800)
    -> Filter: (sbtest3.id between 2385182 and 2395181)  (cost=3991 rows=19800)
        -> Index range scan on sbtest3 using PRIMARY over (2385182 <= id <= 2395181)  (cost=3991 rows=19800)


table 4 : explain SELECT c FROM sbtest4 WHERE id BETWEEN 3920098 AND 3930097 ORDER BY c
	-> Sort: sbtest4.c  (cost=3991 rows=19800)
    -> Filter: (sbtest4.id between 3920098 and 3930097)  (cost=3991 rows=19800)
        -> Index range scan on sbtest4 using PRIMARY over (3920098 <= id <= 3930097)  (cost=3991 rows=19800)


table 5 : explain SELECT c FROM sbtest5 WHERE id BETWEEN 2342874 AND 2352873 ORDER BY c
	-> Sort: sbtest5.c  (cost=3991 rows=19800)
    -> Filter: (sbtest5.id between 2342874 and 2352873)  (cost=3991 rows=19800)
        -> Index range scan on sbtest5 using PRIMARY over (2342874 <= id <= 2352873)  (cost=3991 rows=19800)


table 6 : explain SELECT c FROM sbtest6 WHERE id BETWEEN 724910 AND 734909 ORDER BY c
	-> Sort: sbtest6.c  (cost=3991 rows=19800)
    -> Filter: (sbtest6.id between 724910 and 734909)  (cost=3991 rows=19800)
        -> Index range scan on sbtest6 using PRIMARY over (724910 <= id <= 734909)  (cost=3991 rows=19800)


table 7 : explain SELECT c FROM sbtest7 WHERE id BETWEEN 6954465 AND 6964464 ORDER BY c
	-> Sort: sbtest7.c  (cost=3991 rows=19800)
    -> Filter: (sbtest7.id between 6954465 and 6964464)  (cost=3991 rows=19800)
        -> Index range scan on sbtest7 using PRIMARY over (6954465 <= id <= 6964464)  (cost=3991 rows=19800)


table 8 : explain SELECT c FROM sbtest8 WHERE id BETWEEN 3550747 AND 3560746 ORDER BY c
	-> Sort: sbtest8.c  (cost=3991 rows=19800)
    -> Filter: (sbtest8.id between 3550747 and 3560746)  (cost=3991 rows=19800)
        -> Index range scan on sbtest8 using PRIMARY over (3550747 <= id <= 3560746)  (cost=3991 rows=19800)


for: order_ranges
table 1 : explain SELECT c FROM sbtest1 WHERE id BETWEEN 5789548 AND 5799547 ORDER BY c
	-> Sort: sbtest1.c  (cost=3991 rows=19800)
    -> Filter: (sbtest1.id between 5789548 and 5799547)  (cost=3991 rows=19800)
        -> Index range scan on sbtest1 using PRIMARY over (5789548 <= id <= 5799547)  (cost=3991 rows=19800)


table 2 : explain SELECT c FROM sbtest2 WHERE id BETWEEN 8274588 AND 8284587 ORDER BY c
	-> Sort: sbtest2.c  (cost=4360 rows=21626)
    -> Filter: (sbtest2.id between 8274588 and 8284587)  (cost=4360 rows=21626)
        -> Index range scan on sbtest2 using PRIMARY over (8274588 <= id <= 8284587)  (cost=4360 rows=21626)


table 3 : explain SELECT c FROM sbtest3 WHERE id BETWEEN 58133 AND 68132 ORDER BY c
	-> Sort: sbtest3.c  (cost=3991 rows=19800)
    -> Filter: (sbtest3.id between 58133 and 68132)  (cost=3991 rows=19800)
        -> Index range scan on sbtest3 using PRIMARY over (58133 <= id <= 68132)  (cost=3991 rows=19800)


table 4 : explain SELECT c FROM sbtest4 WHERE id BETWEEN 9138288 AND 9148287 ORDER BY c
	-> Sort: sbtest4.c  (cost=3991 rows=19800)
    -> Filter: (sbtest4.id between 9138288 and 9148287)  (cost=3991 rows=19800)
        -> Index range scan on sbtest4 using PRIMARY over (9138288 <= id <= 9148287)  (cost=3991 rows=19800)


table 5 : explain SELECT c FROM sbtest5 WHERE id BETWEEN 9692112 AND 9702111 ORDER BY c
	-> Sort: sbtest5.c  (cost=3991 rows=19800)
    -> Filter: (sbtest5.id between 9692112 and 9702111)  (cost=3991 rows=19800)
        -> Index range scan on sbtest5 using PRIMARY over (9692112 <= id <= 9702111)  (cost=3991 rows=19800)


table 6 : explain SELECT c FROM sbtest6 WHERE id BETWEEN 2779532 AND 2789531 ORDER BY c
	-> Sort: sbtest6.c  (cost=3991 rows=19800)
    -> Filter: (sbtest6.id between 2779532 and 2789531)  (cost=3991 rows=19800)
        -> Index range scan on sbtest6 using PRIMARY over (2779532 <= id <= 2789531)  (cost=3991 rows=19800)


table 7 : explain SELECT c FROM sbtest7 WHERE id BETWEEN 3920847 AND 3930846 ORDER BY c
	-> Sort: sbtest7.c  (cost=3991 rows=19800)
    -> Filter: (sbtest7.id between 3920847 and 3930846)  (cost=3991 rows=19800)
        -> Index range scan on sbtest7 using PRIMARY over (3920847 <= id <= 3930846)  (cost=3991 rows=19800)


table 8 : explain SELECT c FROM sbtest8 WHERE id BETWEEN 867468 AND 877467 ORDER BY c
	-> Sort: sbtest8.c  (cost=3991 rows=19800)
    -> Filter: (sbtest8.id between 867468 and 877467)  (cost=3991 rows=19800)
        -> Index range scan on sbtest8 using PRIMARY over (867468 <= id <= 877467)  (cost=3991 rows=19800)


for: sum_ranges
table 1 : explain SELECT SUM(k) FROM sbtest1 WHERE id BETWEEN 8942867 AND 8952866
	-> Aggregate: sum(sbtest1.k)  (cost=8554 rows=1)
    -> Filter: (sbtest1.id between 8942867 and 8952866)  (cost=3991 rows=19800)
        -> Index range scan on sbtest1 using PRIMARY over (8942867 <= id <= 8952866)  (cost=3991 rows=19800)


table 2 : explain SELECT SUM(k) FROM sbtest2 WHERE id BETWEEN 2316817 AND 2326816
	-> Aggregate: sum(sbtest2.k)  (cost=8554 rows=1)
    -> Filter: (sbtest2.id between 2316817 and 2326816)  (cost=3991 rows=19800)
        -> Index range scan on sbtest2 using PRIMARY over (2316817 <= id <= 2326816)  (cost=3991 rows=19800)


table 3 : explain SELECT SUM(k) FROM sbtest3 WHERE id BETWEEN 5198159 AND 5208158
	-> Aggregate: sum(sbtest3.k)  (cost=8554 rows=1)
    -> Filter: (sbtest3.id between 5198159 and 5208158)  (cost=3991 rows=19800)
        -> Index range scan on sbtest3 using PRIMARY over (5198159 <= id <= 5208158)  (cost=3991 rows=19800)


table 4 : explain SELECT SUM(k) FROM sbtest4 WHERE id BETWEEN 7062512 AND 7072511
	-> Aggregate: sum(sbtest4.k)  (cost=8554 rows=1)
    -> Filter: (sbtest4.id between 7062512 and 7072511)  (cost=3991 rows=19800)
        -> Index range scan on sbtest4 using PRIMARY over (7062512 <= id <= 7072511)  (cost=3991 rows=19800)


table 5 : explain SELECT SUM(k) FROM sbtest5 WHERE id BETWEEN 793155 AND 803154
	-> Aggregate: sum(sbtest5.k)  (cost=8554 rows=1)
    -> Filter: (sbtest5.id between 793155 and 803154)  (cost=3991 rows=19800)
        -> Index range scan on sbtest5 using PRIMARY over (793155 <= id <= 803154)  (cost=3991 rows=19800)


table 6 : explain SELECT SUM(k) FROM sbtest6 WHERE id BETWEEN 1598514 AND 1608513
	-> Aggregate: sum(sbtest6.k)  (cost=8554 rows=1)
    -> Filter: (sbtest6.id between 1598514 and 1608513)  (cost=3991 rows=19800)
        -> Index range scan on sbtest6 using PRIMARY over (1598514 <= id <= 1608513)  (cost=3991 rows=19800)


table 7 : explain SELECT SUM(k) FROM sbtest7 WHERE id BETWEEN 9001572 AND 9011571
	-> Aggregate: sum(sbtest7.k)  (cost=8554 rows=1)
    -> Filter: (sbtest7.id between 9001572 and 9011571)  (cost=3991 rows=19800)
        -> Index range scan on sbtest7 using PRIMARY over (9001572 <= id <= 9011571)  (cost=3991 rows=19800)


table 8 : explain SELECT SUM(k) FROM sbtest8 WHERE id BETWEEN 9748330 AND 9758329
	-> Aggregate: sum(sbtest8.k)  (cost=8554 rows=1)
    -> Filter: (sbtest8.id between 9748330 and 9758329)  (cost=3991 rows=19800)
        -> Index range scan on sbtest8 using PRIMARY over (9748330 <= id <= 9758329)  (cost=3991 rows=19800)


for: order_ranges
table 1 : explain SELECT c FROM sbtest1 WHERE id BETWEEN 4605293 AND 4615292 ORDER BY c
	-> Sort: sbtest1.c  (cost=3991 rows=19800)
    -> Filter: (sbtest1.id between 4605293 and 4615292)  (cost=3991 rows=19800)
        -> Index range scan on sbtest1 using PRIMARY over (4605293 <= id <= 4615292)  (cost=3991 rows=19800)


table 2 : explain SELECT c FROM sbtest2 WHERE id BETWEEN 6253716 AND 6263715 ORDER BY c
	-> Sort: sbtest2.c  (cost=3991 rows=19800)
    -> Filter: (sbtest2.id between 6253716 and 6263715)  (cost=3991 rows=19800)
        -> Index range scan on sbtest2 using PRIMARY over (6253716 <= id <= 6263715)  (cost=3991 rows=19800)


table 3 : explain SELECT c FROM sbtest3 WHERE id BETWEEN 4254811 AND 4264810 ORDER BY c
	-> Sort: sbtest3.c  (cost=3991 rows=19800)
    -> Filter: (sbtest3.id between 4254811 and 4264810)  (cost=3991 rows=19800)
        -> Index range scan on sbtest3 using PRIMARY over (4254811 <= id <= 4264810)  (cost=3991 rows=19800)


table 4 : explain SELECT c FROM sbtest4 WHERE id BETWEEN 6816329 AND 6826328 ORDER BY c
	-> Sort: sbtest4.c  (cost=3991 rows=19800)
    -> Filter: (sbtest4.id between 6816329 and 6826328)  (cost=3991 rows=19800)
        -> Index range scan on sbtest4 using PRIMARY over (6816329 <= id <= 6826328)  (cost=3991 rows=19800)


table 5 : explain SELECT c FROM sbtest5 WHERE id BETWEEN 3150229 AND 3160228 ORDER BY c
	-> Sort: sbtest5.c  (cost=3991 rows=19800)
    -> Filter: (sbtest5.id between 3150229 and 3160228)  (cost=3991 rows=19800)
        -> Index range scan on sbtest5 using PRIMARY over (3150229 <= id <= 3160228)  (cost=3991 rows=19800)


table 6 : explain SELECT c FROM sbtest6 WHERE id BETWEEN 842989 AND 852988 ORDER BY c
	-> Sort: sbtest6.c  (cost=3991 rows=19800)
    -> Filter: (sbtest6.id between 842989 and 852988)  (cost=3991 rows=19800)
        -> Index range scan on sbtest6 using PRIMARY over (842989 <= id <= 852988)  (cost=3991 rows=19800)


table 7 : explain SELECT c FROM sbtest7 WHERE id BETWEEN 7552273 AND 7562272 ORDER BY c
	-> Sort: sbtest7.c  (cost=3991 rows=19800)
    -> Filter: (sbtest7.id between 7552273 and 7562272)  (cost=3991 rows=19800)
        -> Index range scan on sbtest7 using PRIMARY over (7552273 <= id <= 7562272)  (cost=3991 rows=19800)


table 8 : explain SELECT c FROM sbtest8 WHERE id BETWEEN 5113662 AND 5123661 ORDER BY c
	-> Sort: sbtest8.c  (cost=3991 rows=19800)
    -> Filter: (sbtest8.id between 5113662 and 5123661)  (cost=3991 rows=19800)
        -> Index range scan on sbtest8 using PRIMARY over (5113662 <= id <= 5123661)  (cost=3991 rows=19800)


for: sum_ranges
table 1 : explain SELECT SUM(k) FROM sbtest1 WHERE id BETWEEN 1437333 AND 1447332
	-> Aggregate: sum(sbtest1.k)  (cost=8554 rows=1)
    -> Filter: (sbtest1.id between 1437333 and 1447332)  (cost=3991 rows=19800)
        -> Index range scan on sbtest1 using PRIMARY over (1437333 <= id <= 1447332)  (cost=3991 rows=19800)


table 2 : explain SELECT SUM(k) FROM sbtest2 WHERE id BETWEEN 2256661 AND 2266660
	-> Aggregate: sum(sbtest2.k)  (cost=8554 rows=1)
    -> Filter: (sbtest2.id between 2256661 and 2266660)  (cost=3991 rows=19800)
        -> Index range scan on sbtest2 using PRIMARY over (2256661 <= id <= 2266660)  (cost=3991 rows=19800)


table 3 : explain SELECT SUM(k) FROM sbtest3 WHERE id BETWEEN 8147855 AND 8157854
	-> Aggregate: sum(sbtest3.k)  (cost=8554 rows=1)
    -> Filter: (sbtest3.id between 8147855 and 8157854)  (cost=3991 rows=19800)
        -> Index range scan on sbtest3 using PRIMARY over (8147855 <= id <= 8157854)  (cost=3991 rows=19800)


table 4 : explain SELECT SUM(k) FROM sbtest4 WHERE id BETWEEN 9178209 AND 9188208
	-> Aggregate: sum(sbtest4.k)  (cost=8554 rows=1)
    -> Filter: (sbtest4.id between 9178209 and 9188208)  (cost=3991 rows=19800)
        -> Index range scan on sbtest4 using PRIMARY over (9178209 <= id <= 9188208)  (cost=3991 rows=19800)


table 5 : explain SELECT SUM(k) FROM sbtest5 WHERE id BETWEEN 8043783 AND 8053782
	-> Aggregate: sum(sbtest5.k)  (cost=8554 rows=1)
    -> Filter: (sbtest5.id between 8043783 and 8053782)  (cost=3991 rows=19800)
        -> Index range scan on sbtest5 using PRIMARY over (8043783 <= id <= 8053782)  (cost=3991 rows=19800)


table 6 : explain SELECT SUM(k) FROM sbtest6 WHERE id BETWEEN 3900341 AND 3910340
	-> Aggregate: sum(sbtest6.k)  (cost=8554 rows=1)
    -> Filter: (sbtest6.id between 3900341 and 3910340)  (cost=3991 rows=19800)
        -> Index range scan on sbtest6 using PRIMARY over (3900341 <= id <= 3910340)  (cost=3991 rows=19800)


table 7 : explain SELECT SUM(k) FROM sbtest7 WHERE id BETWEEN 4939823 AND 4949822
	-> Aggregate: sum(sbtest7.k)  (cost=8554 rows=1)
    -> Filter: (sbtest7.id between 4939823 and 4949822)  (cost=3991 rows=19800)
        -> Index range scan on sbtest7 using PRIMARY over (4939823 <= id <= 4949822)  (cost=3991 rows=19800)


table 8 : explain SELECT SUM(k) FROM sbtest8 WHERE id BETWEEN 9780167 AND 9790166
	-> Aggregate: sum(sbtest8.k)  (cost=8554 rows=1)
    -> Filter: (sbtest8.id between 9780167 and 9790166)  (cost=3991 rows=19800)
        -> Index range scan on sbtest8 using PRIMARY over (9780167 <= id <= 9790166)  (cost=3991 rows=19800)


for: sum_ranges
table 1 : explain SELECT SUM(k) FROM sbtest1 WHERE id BETWEEN 8597055 AND 8607054
	-> Aggregate: sum(sbtest1.k)  (cost=8554 rows=1)
    -> Filter: (sbtest1.id between 8597055 and 8607054)  (cost=3991 rows=19800)
        -> Index range scan on sbtest1 using PRIMARY over (8597055 <= id <= 8607054)  (cost=3991 rows=19800)


table 2 : explain SELECT SUM(k) FROM sbtest2 WHERE id BETWEEN 1643433 AND 1653432
	-> Aggregate: sum(sbtest2.k)  (cost=8554 rows=1)
    -> Filter: (sbtest2.id between 1643433 and 1653432)  (cost=3991 rows=19800)
        -> Index range scan on sbtest2 using PRIMARY over (1643433 <= id <= 1653432)  (cost=3991 rows=19800)


table 3 : explain SELECT SUM(k) FROM sbtest3 WHERE id BETWEEN 5235935 AND 5245934
	-> Aggregate: sum(sbtest3.k)  (cost=8554 rows=1)
    -> Filter: (sbtest3.id between 5235935 and 5245934)  (cost=3991 rows=19800)
        -> Index range scan on sbtest3 using PRIMARY over (5235935 <= id <= 5245934)  (cost=3991 rows=19800)


table 4 : explain SELECT SUM(k) FROM sbtest4 WHERE id BETWEEN 610579 AND 620578
	-> Aggregate: sum(sbtest4.k)  (cost=8554 rows=1)
    -> Filter: (sbtest4.id between 610579 and 620578)  (cost=3991 rows=19800)
        -> Index range scan on sbtest4 using PRIMARY over (610579 <= id <= 620578)  (cost=3991 rows=19800)


table 5 : explain SELECT SUM(k) FROM sbtest5 WHERE id BETWEEN 2164060 AND 2174059
	-> Aggregate: sum(sbtest5.k)  (cost=8554 rows=1)
    -> Filter: (sbtest5.id between 2164060 and 2174059)  (cost=3991 rows=19800)
        -> Index range scan on sbtest5 using PRIMARY over (2164060 <= id <= 2174059)  (cost=3991 rows=19800)


table 6 : explain SELECT SUM(k) FROM sbtest6 WHERE id BETWEEN 9803499 AND 9813498
	-> Aggregate: sum(sbtest6.k)  (cost=8566 rows=1)
    -> Filter: (sbtest6.id between 9803499 and 9813498)  (cost=3997 rows=19828)
        -> Index range scan on sbtest6 using PRIMARY over (9803499 <= id <= 9813498)  (cost=3997 rows=19828)


table 7 : explain SELECT SUM(k) FROM sbtest7 WHERE id BETWEEN 3960684 AND 3970683
	-> Aggregate: sum(sbtest7.k)  (cost=8554 rows=1)
    -> Filter: (sbtest7.id between 3960684 and 3970683)  (cost=3991 rows=19800)
        -> Index range scan on sbtest7 using PRIMARY over (3960684 <= id <= 3970683)  (cost=3991 rows=19800)


table 8 : explain SELECT SUM(k) FROM sbtest8 WHERE id BETWEEN 3783777 AND 3793776
	-> Aggregate: sum(sbtest8.k)  (cost=8554 rows=1)
    -> Filter: (sbtest8.id between 3783777 and 3793776)  (cost=3991 rows=19800)
        -> Index range scan on sbtest8 using PRIMARY over (3783777 <= id <= 3793776)  (cost=3991 rows=19800)


for: sum_ranges
table 1 : explain SELECT SUM(k) FROM sbtest1 WHERE id BETWEEN 2143366 AND 2153365
	-> Aggregate: sum(sbtest1.k)  (cost=8554 rows=1)
    -> Filter: (sbtest1.id between 2143366 and 2153365)  (cost=3991 rows=19800)
        -> Index range scan on sbtest1 using PRIMARY over (2143366 <= id <= 2153365)  (cost=3991 rows=19800)


table 2 : explain SELECT SUM(k) FROM sbtest2 WHERE id BETWEEN 2768111 AND 2778110
	-> Aggregate: sum(sbtest2.k)  (cost=8554 rows=1)
    -> Filter: (sbtest2.id between 2768111 and 2778110)  (cost=3991 rows=19800)
        -> Index range scan on sbtest2 using PRIMARY over (2768111 <= id <= 2778110)  (cost=3991 rows=19800)


table 3 : explain SELECT SUM(k) FROM sbtest3 WHERE id BETWEEN 8064886 AND 8074885
	-> Aggregate: sum(sbtest3.k)  (cost=8554 rows=1)
    -> Filter: (sbtest3.id between 8064886 and 8074885)  (cost=3991 rows=19800)
        -> Index range scan on sbtest3 using PRIMARY over (8064886 <= id <= 8074885)  (cost=3991 rows=19800)


table 4 : explain SELECT SUM(k) FROM sbtest4 WHERE id BETWEEN 855675 AND 865674
	-> Aggregate: sum(sbtest4.k)  (cost=8554 rows=1)
    -> Filter: (sbtest4.id between 855675 and 865674)  (cost=3991 rows=19800)
        -> Index range scan on sbtest4 using PRIMARY over (855675 <= id <= 865674)  (cost=3991 rows=19800)


table 5 : explain SELECT SUM(k) FROM sbtest5 WHERE id BETWEEN 7370027 AND 7380026
	-> Aggregate: sum(sbtest5.k)  (cost=8554 rows=1)
    -> Filter: (sbtest5.id between 7370027 and 7380026)  (cost=3991 rows=19800)
        -> Index range scan on sbtest5 using PRIMARY over (7370027 <= id <= 7380026)  (cost=3991 rows=19800)


table 6 : explain SELECT SUM(k) FROM sbtest6 WHERE id BETWEEN 2506597 AND 2516596
	-> Aggregate: sum(sbtest6.k)  (cost=8554 rows=1)
    -> Filter: (sbtest6.id between 2506597 and 2516596)  (cost=3991 rows=19800)
        -> Index range scan on sbtest6 using PRIMARY over (2506597 <= id <= 2516596)  (cost=3991 rows=19800)


table 7 : explain SELECT SUM(k) FROM sbtest7 WHERE id BETWEEN 7359616 AND 7369615
	-> Aggregate: sum(sbtest7.k)  (cost=8554 rows=1)
    -> Filter: (sbtest7.id between 7359616 and 7369615)  (cost=3991 rows=19800)
        -> Index range scan on sbtest7 using PRIMARY over (7359616 <= id <= 7369615)  (cost=3991 rows=19800)


table 8 : explain SELECT SUM(k) FROM sbtest8 WHERE id BETWEEN 7515542 AND 7525541
	-> Aggregate: sum(sbtest8.k)  (cost=8554 rows=1)
    -> Filter: (sbtest8.id between 7515542 and 7525541)  (cost=3991 rows=19800)
        -> Index range scan on sbtest8 using PRIMARY over (7515542 <= id <= 7525541)  (cost=3991 rows=19800)


for: order_ranges
table 1 : explain SELECT c FROM sbtest1 WHERE id BETWEEN 7766822 AND 7776821 ORDER BY c
	-> Sort: sbtest1.c  (cost=3991 rows=19800)
    -> Filter: (sbtest1.id between 7766822 and 7776821)  (cost=3991 rows=19800)
        -> Index range scan on sbtest1 using PRIMARY over (7766822 <= id <= 7776821)  (cost=3991 rows=19800)


table 2 : explain SELECT c FROM sbtest2 WHERE id BETWEEN 8627104 AND 8637103 ORDER BY c
	-> Sort: sbtest2.c  (cost=3997 rows=19828)
    -> Filter: (sbtest2.id between 8627104 and 8637103)  (cost=3997 rows=19828)
        -> Index range scan on sbtest2 using PRIMARY over (8627104 <= id <= 8637103)  (cost=3997 rows=19828)


table 3 : explain SELECT c FROM sbtest3 WHERE id BETWEEN 6384818 AND 6394817 ORDER BY c
	-> Sort: sbtest3.c  (cost=3991 rows=19800)
    -> Filter: (sbtest3.id between 6384818 and 6394817)  (cost=3991 rows=19800)
        -> Index range scan on sbtest3 using PRIMARY over (6384818 <= id <= 6394817)  (cost=3991 rows=19800)


table 4 : explain SELECT c FROM sbtest4 WHERE id BETWEEN 3314703 AND 3324702 ORDER BY c
	-> Sort: sbtest4.c  (cost=3991 rows=19800)
    -> Filter: (sbtest4.id between 3314703 and 3324702)  (cost=3991 rows=19800)
        -> Index range scan on sbtest4 using PRIMARY over (3314703 <= id <= 3324702)  (cost=3991 rows=19800)


table 5 : explain SELECT c FROM sbtest5 WHERE id BETWEEN 1584595 AND 1594594 ORDER BY c
	-> Sort: sbtest5.c  (cost=3991 rows=19800)
    -> Filter: (sbtest5.id between 1584595 and 1594594)  (cost=3991 rows=19800)
        -> Index range scan on sbtest5 using PRIMARY over (1584595 <= id <= 1594594)  (cost=3991 rows=19800)


table 6 : explain SELECT c FROM sbtest6 WHERE id BETWEEN 3004342 AND 3014341 ORDER BY c
	-> Sort: sbtest6.c  (cost=3991 rows=19800)
    -> Filter: (sbtest6.id between 3004342 and 3014341)  (cost=3991 rows=19800)
        -> Index range scan on sbtest6 using PRIMARY over (3004342 <= id <= 3014341)  (cost=3991 rows=19800)


table 7 : explain SELECT c FROM sbtest7 WHERE id BETWEEN 8912658 AND 8922657 ORDER BY c
	-> Sort: sbtest7.c  (cost=3991 rows=19800)
    -> Filter: (sbtest7.id between 8912658 and 8922657)  (cost=3991 rows=19800)
        -> Index range scan on sbtest7 using PRIMARY over (8912658 <= id <= 8922657)  (cost=3991 rows=19800)


table 8 : explain SELECT c FROM sbtest8 WHERE id BETWEEN 8493904 AND 8503903 ORDER BY c
	-> Sort: sbtest8.c  (cost=3991 rows=19800)
    -> Filter: (sbtest8.id between 8493904 and 8503903)  (cost=3991 rows=19800)
        -> Index range scan on sbtest8 using PRIMARY over (8493904 <= id <= 8503903)  (cost=3991 rows=19800)


for: order_ranges
table 1 : explain SELECT c FROM sbtest1 WHERE id BETWEEN 8441160 AND 8451159 ORDER BY c
	-> Sort: sbtest1.c  (cost=3991 rows=19800)
    -> Filter: (sbtest1.id between 8441160 and 8451159)  (cost=3991 rows=19800)
        -> Index range scan on sbtest1 using PRIMARY over (8441160 <= id <= 8451159)  (cost=3991 rows=19800)


table 2 : explain SELECT c FROM sbtest2 WHERE id BETWEEN 8810101 AND 8820100 ORDER BY c
	-> Sort: sbtest2.c  (cost=3991 rows=19800)
    -> Filter: (sbtest2.id between 8810101 and 8820100)  (cost=3991 rows=19800)
        -> Index range scan on sbtest2 using PRIMARY over (8810101 <= id <= 8820100)  (cost=3991 rows=19800)


table 3 : explain SELECT c FROM sbtest3 WHERE id BETWEEN 1023987 AND 1033986 ORDER BY c
	-> Sort: sbtest3.c  (cost=3991 rows=19800)
    -> Filter: (sbtest3.id between 1023987 and 1033986)  (cost=3991 rows=19800)
        -> Index range scan on sbtest3 using PRIMARY over (1023987 <= id <= 1033986)  (cost=3991 rows=19800)


table 4 : explain SELECT c FROM sbtest4 WHERE id BETWEEN 9979172 AND 9989171 ORDER BY c
	-> Sort: sbtest4.c  (cost=3991 rows=19800)
    -> Filter: (sbtest4.id between 9979172 and 9989171)  (cost=3991 rows=19800)
        -> Index range scan on sbtest4 using PRIMARY over (9979172 <= id <= 9989171)  (cost=3991 rows=19800)


table 5 : explain SELECT c FROM sbtest5 WHERE id BETWEEN 8646721 AND 8656720 ORDER BY c
	-> Sort: sbtest5.c  (cost=3991 rows=19800)
    -> Filter: (sbtest5.id between 8646721 and 8656720)  (cost=3991 rows=19800)
        -> Index range scan on sbtest5 using PRIMARY over (8646721 <= id <= 8656720)  (cost=3991 rows=19800)


table 6 : explain SELECT c FROM sbtest6 WHERE id BETWEEN 198610 AND 208609 ORDER BY c
	-> Sort: sbtest6.c  (cost=3991 rows=19800)
    -> Filter: (sbtest6.id between 198610 and 208609)  (cost=3991 rows=19800)
        -> Index range scan on sbtest6 using PRIMARY over (198610 <= id <= 208609)  (cost=3991 rows=19800)


table 7 : explain SELECT c FROM sbtest7 WHERE id BETWEEN 7672235 AND 7682234 ORDER BY c
	-> Sort: sbtest7.c  (cost=3991 rows=19800)
    -> Filter: (sbtest7.id between 7672235 and 7682234)  (cost=3991 rows=19800)
        -> Index range scan on sbtest7 using PRIMARY over (7672235 <= id <= 7682234)  (cost=3991 rows=19800)


table 8 : explain SELECT c FROM sbtest8 WHERE id BETWEEN 304698 AND 314697 ORDER BY c
	-> Sort: sbtest8.c  (cost=3991 rows=19800)
    -> Filter: (sbtest8.id between 304698 and 314697)  (cost=3991 rows=19800)
        -> Index range scan on sbtest8 using PRIMARY over (304698 <= id <= 314697)  (cost=3991 rows=19800)


for: sum_ranges
table 1 : explain SELECT SUM(k) FROM sbtest1 WHERE id BETWEEN 571532 AND 581531
	-> Aggregate: sum(sbtest1.k)  (cost=8554 rows=1)
    -> Filter: (sbtest1.id between 571532 and 581531)  (cost=3991 rows=19800)
        -> Index range scan on sbtest1 using PRIMARY over (571532 <= id <= 581531)  (cost=3991 rows=19800)


table 2 : explain SELECT SUM(k) FROM sbtest2 WHERE id BETWEEN 463488 AND 473487
	-> Aggregate: sum(sbtest2.k)  (cost=8554 rows=1)
    -> Filter: (sbtest2.id between 463488 and 473487)  (cost=3991 rows=19800)
        -> Index range scan on sbtest2 using PRIMARY over (463488 <= id <= 473487)  (cost=3991 rows=19800)


table 3 : explain SELECT SUM(k) FROM sbtest3 WHERE id BETWEEN 7670074 AND 7680073
	-> Aggregate: sum(sbtest3.k)  (cost=8566 rows=1)
    -> Filter: (sbtest3.id between 7670074 and 7680073)  (cost=3997 rows=19828)
        -> Index range scan on sbtest3 using PRIMARY over (7670074 <= id <= 7680073)  (cost=3997 rows=19828)


table 4 : explain SELECT SUM(k) FROM sbtest4 WHERE id BETWEEN 7136449 AND 7146448
	-> Aggregate: sum(sbtest4.k)  (cost=8554 rows=1)
    -> Filter: (sbtest4.id between 7136449 and 7146448)  (cost=3991 rows=19800)
        -> Index range scan on sbtest4 using PRIMARY over (7136449 <= id <= 7146448)  (cost=3991 rows=19800)


table 5 : explain SELECT SUM(k) FROM sbtest5 WHERE id BETWEEN 1741754 AND 1751753
	-> Aggregate: sum(sbtest5.k)  (cost=8554 rows=1)
    -> Filter: (sbtest5.id between 1741754 and 1751753)  (cost=3991 rows=19800)
        -> Index range scan on sbtest5 using PRIMARY over (1741754 <= id <= 1751753)  (cost=3991 rows=19800)


table 6 : explain SELECT SUM(k) FROM sbtest6 WHERE id BETWEEN 8866045 AND 8876044
	-> Aggregate: sum(sbtest6.k)  (cost=8554 rows=1)
    -> Filter: (sbtest6.id between 8866045 and 8876044)  (cost=3991 rows=19800)
        -> Index range scan on sbtest6 using PRIMARY over (8866045 <= id <= 8876044)  (cost=3991 rows=19800)


table 7 : explain SELECT SUM(k) FROM sbtest7 WHERE id BETWEEN 9237782 AND 9247781
	-> Aggregate: sum(sbtest7.k)  (cost=8554 rows=1)
    -> Filter: (sbtest7.id between 9237782 and 9247781)  (cost=3991 rows=19800)
        -> Index range scan on sbtest7 using PRIMARY over (9237782 <= id <= 9247781)  (cost=3991 rows=19800)


table 8 : explain SELECT SUM(k) FROM sbtest8 WHERE id BETWEEN 6093771 AND 6103770
	-> Aggregate: sum(sbtest8.k)  (cost=8554 rows=1)
    -> Filter: (sbtest8.id between 6093771 and 6103770)  (cost=3991 rows=19800)
        -> Index range scan on sbtest8 using PRIMARY over (6093771 <= id <= 6103770)  (cost=3991 rows=19800)


for: simple_ranges
table 1 : explain SELECT c FROM sbtest1 WHERE id BETWEEN 1809124 AND 1819123
	-> Filter: (sbtest1.id between 1809124 and 1819123)  (cost=4360 rows=21626)
    -> Index range scan on sbtest1 using PRIMARY over (1809124 <= id <= 1819123)  (cost=4360 rows=21626)


table 2 : explain SELECT c FROM sbtest2 WHERE id BETWEEN 7827644 AND 7837643
	-> Filter: (sbtest2.id between 7827644 and 7837643)  (cost=3991 rows=19800)
    -> Index range scan on sbtest2 using PRIMARY over (7827644 <= id <= 7837643)  (cost=3991 rows=19800)


table 3 : explain SELECT c FROM sbtest3 WHERE id BETWEEN 6631267 AND 6641266
	-> Filter: (sbtest3.id between 6631267 and 6641266)  (cost=3991 rows=19800)
    -> Index range scan on sbtest3 using PRIMARY over (6631267 <= id <= 6641266)  (cost=3991 rows=19800)


table 4 : explain SELECT c FROM sbtest4 WHERE id BETWEEN 2562304 AND 2572303
	-> Filter: (sbtest4.id between 2562304 and 2572303)  (cost=3991 rows=19800)
    -> Index range scan on sbtest4 using PRIMARY over (2562304 <= id <= 2572303)  (cost=3991 rows=19800)


table 5 : explain SELECT c FROM sbtest5 WHERE id BETWEEN 5182920 AND 5192919
	-> Filter: (sbtest5.id between 5182920 and 5192919)  (cost=3991 rows=19800)
    -> Index range scan on sbtest5 using PRIMARY over (5182920 <= id <= 5192919)  (cost=3991 rows=19800)


table 6 : explain SELECT c FROM sbtest6 WHERE id BETWEEN 1653121 AND 1663120
	-> Filter: (sbtest6.id between 1653121 and 1663120)  (cost=3991 rows=19800)
    -> Index range scan on sbtest6 using PRIMARY over (1653121 <= id <= 1663120)  (cost=3991 rows=19800)


table 7 : explain SELECT c FROM sbtest7 WHERE id BETWEEN 6784263 AND 6794262
	-> Filter: (sbtest7.id between 6784263 and 6794262)  (cost=3991 rows=19800)
    -> Index range scan on sbtest7 using PRIMARY over (6784263 <= id <= 6794262)  (cost=3991 rows=19800)


table 8 : explain SELECT c FROM sbtest8 WHERE id BETWEEN 1662743 AND 1672742
	-> Filter: (sbtest8.id between 1662743 and 1672742)  (cost=3991 rows=19800)
    -> Index range scan on sbtest8 using PRIMARY over (1662743 <= id <= 1672742)  (cost=3991 rows=19800)


for: order_ranges
table 1 : explain SELECT c FROM sbtest1 WHERE id BETWEEN 3997383 AND 4007382 ORDER BY c
	-> Sort: sbtest1.c  (cost=3991 rows=19800)
    -> Filter: (sbtest1.id between 3997383 and 4007382)  (cost=3991 rows=19800)
        -> Index range scan on sbtest1 using PRIMARY over (3997383 <= id <= 4007382)  (cost=3991 rows=19800)


table 2 : explain SELECT c FROM sbtest2 WHERE id BETWEEN 9205249 AND 9215248 ORDER BY c
	-> Sort: sbtest2.c  (cost=3991 rows=19800)
    -> Filter: (sbtest2.id between 9205249 and 9215248)  (cost=3991 rows=19800)
        -> Index range scan on sbtest2 using PRIMARY over (9205249 <= id <= 9215248)  (cost=3991 rows=19800)


table 3 : explain SELECT c FROM sbtest3 WHERE id BETWEEN 7527341 AND 7537340 ORDER BY c
	-> Sort: sbtest3.c  (cost=3991 rows=19800)
    -> Filter: (sbtest3.id between 7527341 and 7537340)  (cost=3991 rows=19800)
        -> Index range scan on sbtest3 using PRIMARY over (7527341 <= id <= 7537340)  (cost=3991 rows=19800)


table 4 : explain SELECT c FROM sbtest4 WHERE id BETWEEN 8966104 AND 8976103 ORDER BY c
	-> Sort: sbtest4.c  (cost=3991 rows=19800)
    -> Filter: (sbtest4.id between 8966104 and 8976103)  (cost=3991 rows=19800)
        -> Index range scan on sbtest4 using PRIMARY over (8966104 <= id <= 8976103)  (cost=3991 rows=19800)


table 5 : explain SELECT c FROM sbtest5 WHERE id BETWEEN 3059492 AND 3069491 ORDER BY c
	-> Sort: sbtest5.c  (cost=3991 rows=19800)
    -> Filter: (sbtest5.id between 3059492 and 3069491)  (cost=3991 rows=19800)
        -> Index range scan on sbtest5 using PRIMARY over (3059492 <= id <= 3069491)  (cost=3991 rows=19800)


table 6 : explain SELECT c FROM sbtest6 WHERE id BETWEEN 4790628 AND 4800627 ORDER BY c
	-> Sort: sbtest6.c  (cost=3991 rows=19800)
    -> Filter: (sbtest6.id between 4790628 and 4800627)  (cost=3991 rows=19800)
        -> Index range scan on sbtest6 using PRIMARY over (4790628 <= id <= 4800627)  (cost=3991 rows=19800)


table 7 : explain SELECT c FROM sbtest7 WHERE id BETWEEN 658275 AND 668274 ORDER BY c
	-> Sort: sbtest7.c  (cost=3991 rows=19800)
    -> Filter: (sbtest7.id between 658275 and 668274)  (cost=3991 rows=19800)
        -> Index range scan on sbtest7 using PRIMARY over (658275 <= id <= 668274)  (cost=3991 rows=19800)


table 8 : explain SELECT c FROM sbtest8 WHERE id BETWEEN 5804095 AND 5814094 ORDER BY c
	-> Sort: sbtest8.c  (cost=3991 rows=19800)
    -> Filter: (sbtest8.id between 5804095 and 5814094)  (cost=3991 rows=19800)
        -> Index range scan on sbtest8 using PRIMARY over (5804095 <= id <= 5814094)  (cost=3991 rows=19800)


for: order_ranges
table 1 : explain SELECT c FROM sbtest1 WHERE id BETWEEN 4465075 AND 4475074 ORDER BY c
	-> Sort: sbtest1.c  (cost=3991 rows=19800)
    -> Filter: (sbtest1.id between 4465075 and 4475074)  (cost=3991 rows=19800)
        -> Index range scan on sbtest1 using PRIMARY over (4465075 <= id <= 4475074)  (cost=3991 rows=19800)


table 2 : explain SELECT c FROM sbtest2 WHERE id BETWEEN 3068966 AND 3078965 ORDER BY c
	-> Sort: sbtest2.c  (cost=3991 rows=19800)
    -> Filter: (sbtest2.id between 3068966 and 3078965)  (cost=3991 rows=19800)
        -> Index range scan on sbtest2 using PRIMARY over (3068966 <= id <= 3078965)  (cost=3991 rows=19800)


table 3 : explain SELECT c FROM sbtest3 WHERE id BETWEEN 4218819 AND 4228818 ORDER BY c
	-> Sort: sbtest3.c  (cost=3991 rows=19800)
    -> Filter: (sbtest3.id between 4218819 and 4228818)  (cost=3991 rows=19800)
        -> Index range scan on sbtest3 using PRIMARY over (4218819 <= id <= 4228818)  (cost=3991 rows=19800)


table 4 : explain SELECT c FROM sbtest4 WHERE id BETWEEN 2774229 AND 2784228 ORDER BY c
	-> Sort: sbtest4.c  (cost=3991 rows=19800)
    -> Filter: (sbtest4.id between 2774229 and 2784228)  (cost=3991 rows=19800)
        -> Index range scan on sbtest4 using PRIMARY over (2774229 <= id <= 2784228)  (cost=3991 rows=19800)


table 5 : explain SELECT c FROM sbtest5 WHERE id BETWEEN 5383593 AND 5393592 ORDER BY c
	-> Sort: sbtest5.c  (cost=3991 rows=19800)
    -> Filter: (sbtest5.id between 5383593 and 5393592)  (cost=3991 rows=19800)
        -> Index range scan on sbtest5 using PRIMARY over (5383593 <= id <= 5393592)  (cost=3991 rows=19800)


table 6 : explain SELECT c FROM sbtest6 WHERE id BETWEEN 8100329 AND 8110328 ORDER BY c
	-> Sort: sbtest6.c  (cost=3991 rows=19800)
    -> Filter: (sbtest6.id between 8100329 and 8110328)  (cost=3991 rows=19800)
        -> Index range scan on sbtest6 using PRIMARY over (8100329 <= id <= 8110328)  (cost=3991 rows=19800)


table 7 : explain SELECT c FROM sbtest7 WHERE id BETWEEN 3161733 AND 3171732 ORDER BY c
	-> Sort: sbtest7.c  (cost=3991 rows=19800)
    -> Filter: (sbtest7.id between 3161733 and 3171732)  (cost=3991 rows=19800)
        -> Index range scan on sbtest7 using PRIMARY over (3161733 <= id <= 3171732)  (cost=3991 rows=19800)


table 8 : explain SELECT c FROM sbtest8 WHERE id BETWEEN 3349905 AND 3359904 ORDER BY c
	-> Sort: sbtest8.c  (cost=3991 rows=19800)
    -> Filter: (sbtest8.id between 3349905 and 3359904)  (cost=3991 rows=19800)
        -> Index range scan on sbtest8 using PRIMARY over (3349905 <= id <= 3359904)  (cost=3991 rows=19800)


for: sum_ranges
table 1 : explain SELECT SUM(k) FROM sbtest1 WHERE id BETWEEN 189647 AND 199646
	-> Aggregate: sum(sbtest1.k)  (cost=8554 rows=1)
    -> Filter: (sbtest1.id between 189647 and 199646)  (cost=3991 rows=19800)
        -> Index range scan on sbtest1 using PRIMARY over (189647 <= id <= 199646)  (cost=3991 rows=19800)


table 2 : explain SELECT SUM(k) FROM sbtest2 WHERE id BETWEEN 5660692 AND 5670691
	-> Aggregate: sum(sbtest2.k)  (cost=8554 rows=1)
    -> Filter: (sbtest2.id between 5660692 and 5670691)  (cost=3991 rows=19800)
        -> Index range scan on sbtest2 using PRIMARY over (5660692 <= id <= 5670691)  (cost=3991 rows=19800)


table 3 : explain SELECT SUM(k) FROM sbtest3 WHERE id BETWEEN 5301212 AND 5311211
	-> Aggregate: sum(sbtest3.k)  (cost=8554 rows=1)
    -> Filter: (sbtest3.id between 5301212 and 5311211)  (cost=3991 rows=19800)
        -> Index range scan on sbtest3 using PRIMARY over (5301212 <= id <= 5311211)  (cost=3991 rows=19800)


table 4 : explain SELECT SUM(k) FROM sbtest4 WHERE id BETWEEN 9801221 AND 9811220
	-> Aggregate: sum(sbtest4.k)  (cost=8554 rows=1)
    -> Filter: (sbtest4.id between 9801221 and 9811220)  (cost=3991 rows=19800)
        -> Index range scan on sbtest4 using PRIMARY over (9801221 <= id <= 9811220)  (cost=3991 rows=19800)


table 5 : explain SELECT SUM(k) FROM sbtest5 WHERE id BETWEEN 9755939 AND 9765938
	-> Aggregate: sum(sbtest5.k)  (cost=8554 rows=1)
    -> Filter: (sbtest5.id between 9755939 and 9765938)  (cost=3991 rows=19800)
        -> Index range scan on sbtest5 using PRIMARY over (9755939 <= id <= 9765938)  (cost=3991 rows=19800)


table 6 : explain SELECT SUM(k) FROM sbtest6 WHERE id BETWEEN 6917048 AND 6927047
	-> Aggregate: sum(sbtest6.k)  (cost=8554 rows=1)
    -> Filter: (sbtest6.id between 6917048 and 6927047)  (cost=3991 rows=19800)
        -> Index range scan on sbtest6 using PRIMARY over (6917048 <= id <= 6927047)  (cost=3991 rows=19800)


table 7 : explain SELECT SUM(k) FROM sbtest7 WHERE id BETWEEN 1687946 AND 1697945
	-> Aggregate: sum(sbtest7.k)  (cost=8554 rows=1)
    -> Filter: (sbtest7.id between 1687946 and 1697945)  (cost=3991 rows=19800)
        -> Index range scan on sbtest7 using PRIMARY over (1687946 <= id <= 1697945)  (cost=3991 rows=19800)


table 8 : explain SELECT SUM(k) FROM sbtest8 WHERE id BETWEEN 2140370 AND 2150369
	-> Aggregate: sum(sbtest8.k)  (cost=8554 rows=1)
    -> Filter: (sbtest8.id between 2140370 and 2150369)  (cost=3991 rows=19800)
        -> Index range scan on sbtest8 using PRIMARY over (2140370 <= id <= 2150369)  (cost=3991 rows=19800)


for: order_ranges
table 1 : explain SELECT c FROM sbtest1 WHERE id BETWEEN 9716096 AND 9726095 ORDER BY c
	-> Sort: sbtest1.c  (cost=3991 rows=19800)
    -> Filter: (sbtest1.id between 9716096 and 9726095)  (cost=3991 rows=19800)
        -> Index range scan on sbtest1 using PRIMARY over (9716096 <= id <= 9726095)  (cost=3991 rows=19800)


table 2 : explain SELECT c FROM sbtest2 WHERE id BETWEEN 4912720 AND 4922719 ORDER BY c
	-> Sort: sbtest2.c  (cost=3991 rows=19800)
    -> Filter: (sbtest2.id between 4912720 and 4922719)  (cost=3991 rows=19800)
        -> Index range scan on sbtest2 using PRIMARY over (4912720 <= id <= 4922719)  (cost=3991 rows=19800)


table 3 : explain SELECT c FROM sbtest3 WHERE id BETWEEN 5135433 AND 5145432 ORDER BY c
	-> Sort: sbtest3.c  (cost=3991 rows=19800)
    -> Filter: (sbtest3.id between 5135433 and 5145432)  (cost=3991 rows=19800)
        -> Index range scan on sbtest3 using PRIMARY over (5135433 <= id <= 5145432)  (cost=3991 rows=19800)


table 4 : explain SELECT c FROM sbtest4 WHERE id BETWEEN 7577916 AND 7587915 ORDER BY c
	-> Sort: sbtest4.c  (cost=3991 rows=19800)
    -> Filter: (sbtest4.id between 7577916 and 7587915)  (cost=3991 rows=19800)
        -> Index range scan on sbtest4 using PRIMARY over (7577916 <= id <= 7587915)  (cost=3991 rows=19800)


table 5 : explain SELECT c FROM sbtest5 WHERE id BETWEEN 5763446 AND 5773445 ORDER BY c
	-> Sort: sbtest5.c  (cost=3991 rows=19800)
    -> Filter: (sbtest5.id between 5763446 and 5773445)  (cost=3991 rows=19800)
        -> Index range scan on sbtest5 using PRIMARY over (5763446 <= id <= 5773445)  (cost=3991 rows=19800)


table 6 : explain SELECT c FROM sbtest6 WHERE id BETWEEN 8744653 AND 8754652 ORDER BY c
	-> Sort: sbtest6.c  (cost=3991 rows=19800)
    -> Filter: (sbtest6.id between 8744653 and 8754652)  (cost=3991 rows=19800)
        -> Index range scan on sbtest6 using PRIMARY over (8744653 <= id <= 8754652)  (cost=3991 rows=19800)


table 7 : explain SELECT c FROM sbtest7 WHERE id BETWEEN 3943085 AND 3953084 ORDER BY c
	-> Sort: sbtest7.c  (cost=3991 rows=19800)
    -> Filter: (sbtest7.id between 3943085 and 3953084)  (cost=3991 rows=19800)
        -> Index range scan on sbtest7 using PRIMARY over (3943085 <= id <= 3953084)  (cost=3991 rows=19800)


table 8 : explain SELECT c FROM sbtest8 WHERE id BETWEEN 273538 AND 283537 ORDER BY c
	-> Sort: sbtest8.c  (cost=3991 rows=19800)
    -> Filter: (sbtest8.id between 273538 and 283537)  (cost=3991 rows=19800)
        -> Index range scan on sbtest8 using PRIMARY over (273538 <= id <= 283537)  (cost=3991 rows=19800)


for: simple_ranges
table 1 : explain SELECT c FROM sbtest1 WHERE id BETWEEN 7303369 AND 7313368
	-> Filter: (sbtest1.id between 7303369 and 7313368)  (cost=3991 rows=19800)
    -> Index range scan on sbtest1 using PRIMARY over (7303369 <= id <= 7313368)  (cost=3991 rows=19800)


table 2 : explain SELECT c FROM sbtest2 WHERE id BETWEEN 5956231 AND 5966230
	-> Filter: (sbtest2.id between 5956231 and 5966230)  (cost=3991 rows=19800)
    -> Index range scan on sbtest2 using PRIMARY over (5956231 <= id <= 5966230)  (cost=3991 rows=19800)


table 3 : explain SELECT c FROM sbtest3 WHERE id BETWEEN 5035153 AND 5045152
	-> Filter: (sbtest3.id between 5035153 and 5045152)  (cost=3991 rows=19800)
    -> Index range scan on sbtest3 using PRIMARY over (5035153 <= id <= 5045152)  (cost=3991 rows=19800)


table 4 : explain SELECT c FROM sbtest4 WHERE id BETWEEN 380870 AND 390869
	-> Filter: (sbtest4.id between 380870 and 390869)  (cost=3991 rows=19800)
    -> Index range scan on sbtest4 using PRIMARY over (380870 <= id <= 390869)  (cost=3991 rows=19800)


table 5 : explain SELECT c FROM sbtest5 WHERE id BETWEEN 753995 AND 763994
	-> Filter: (sbtest5.id between 753995 and 763994)  (cost=3991 rows=19800)
    -> Index range scan on sbtest5 using PRIMARY over (753995 <= id <= 763994)  (cost=3991 rows=19800)


table 6 : explain SELECT c FROM sbtest6 WHERE id BETWEEN 9180161 AND 9190160
	-> Filter: (sbtest6.id between 9180161 and 9190160)  (cost=3991 rows=19800)
    -> Index range scan on sbtest6 using PRIMARY over (9180161 <= id <= 9190160)  (cost=3991 rows=19800)


table 7 : explain SELECT c FROM sbtest7 WHERE id BETWEEN 6733305 AND 6743304
	-> Filter: (sbtest7.id between 6733305 and 6743304)  (cost=3991 rows=19800)
    -> Index range scan on sbtest7 using PRIMARY over (6733305 <= id <= 6743304)  (cost=3991 rows=19800)


table 8 : explain SELECT c FROM sbtest8 WHERE id BETWEEN 6015348 AND 6025347
	-> Filter: (sbtest8.id between 6015348 and 6025347)  (cost=3991 rows=19800)
    -> Index range scan on sbtest8 using PRIMARY over (6015348 <= id <= 6025347)  (cost=3991 rows=19800)


for: order_ranges
table 1 : explain SELECT c FROM sbtest1 WHERE id BETWEEN 4584383 AND 4594382 ORDER BY c
	-> Sort: sbtest1.c  (cost=3991 rows=19800)
    -> Filter: (sbtest1.id between 4584383 and 4594382)  (cost=3991 rows=19800)
        -> Index range scan on sbtest1 using PRIMARY over (4584383 <= id <= 4594382)  (cost=3991 rows=19800)


table 2 : explain SELECT c FROM sbtest2 WHERE id BETWEEN 5275088 AND 5285087 ORDER BY c
	-> Sort: sbtest2.c  (cost=3991 rows=19800)
    -> Filter: (sbtest2.id between 5275088 and 5285087)  (cost=3991 rows=19800)
        -> Index range scan on sbtest2 using PRIMARY over (5275088 <= id <= 5285087)  (cost=3991 rows=19800)


table 3 : explain SELECT c FROM sbtest3 WHERE id BETWEEN 8971994 AND 8981993 ORDER BY c
	-> Sort: sbtest3.c  (cost=3991 rows=19800)
    -> Filter: (sbtest3.id between 8971994 and 8981993)  (cost=3991 rows=19800)
        -> Index range scan on sbtest3 using PRIMARY over (8971994 <= id <= 8981993)  (cost=3991 rows=19800)


table 4 : explain SELECT c FROM sbtest4 WHERE id BETWEEN 8835622 AND 8845621 ORDER BY c
	-> Sort: sbtest4.c  (cost=3991 rows=19800)
    -> Filter: (sbtest4.id between 8835622 and 8845621)  (cost=3991 rows=19800)
        -> Index range scan on sbtest4 using PRIMARY over (8835622 <= id <= 8845621)  (cost=3991 rows=19800)


table 5 : explain SELECT c FROM sbtest5 WHERE id BETWEEN 6730178 AND 6740177 ORDER BY c
	-> Sort: sbtest5.c  (cost=3991 rows=19800)
    -> Filter: (sbtest5.id between 6730178 and 6740177)  (cost=3991 rows=19800)
        -> Index range scan on sbtest5 using PRIMARY over (6730178 <= id <= 6740177)  (cost=3991 rows=19800)


table 6 : explain SELECT c FROM sbtest6 WHERE id BETWEEN 2543039 AND 2553038 ORDER BY c
	-> Sort: sbtest6.c  (cost=3991 rows=19800)
    -> Filter: (sbtest6.id between 2543039 and 2553038)  (cost=3991 rows=19800)
        -> Index range scan on sbtest6 using PRIMARY over (2543039 <= id <= 2553038)  (cost=3991 rows=19800)


table 7 : explain SELECT c FROM sbtest7 WHERE id BETWEEN 6491432 AND 6501431 ORDER BY c
	-> Sort: sbtest7.c  (cost=3991 rows=19800)
    -> Filter: (sbtest7.id between 6491432 and 6501431)  (cost=3991 rows=19800)
        -> Index range scan on sbtest7 using PRIMARY over (6491432 <= id <= 6501431)  (cost=3991 rows=19800)


table 8 : explain SELECT c FROM sbtest8 WHERE id BETWEEN 5318347 AND 5328346 ORDER BY c
	-> Sort: sbtest8.c  (cost=3991 rows=19800)
    -> Filter: (sbtest8.id between 5318347 and 5328346)  (cost=3991 rows=19800)
        -> Index range scan on sbtest8 using PRIMARY over (5318347 <= id <= 5328346)  (cost=3991 rows=19800)


for: sum_ranges
table 1 : explain SELECT SUM(k) FROM sbtest1 WHERE id BETWEEN 3743714 AND 3753713
	-> Aggregate: sum(sbtest1.k)  (cost=8554 rows=1)
    -> Filter: (sbtest1.id between 3743714 and 3753713)  (cost=3991 rows=19800)
        -> Index range scan on sbtest1 using PRIMARY over (3743714 <= id <= 3753713)  (cost=3991 rows=19800)


table 2 : explain SELECT SUM(k) FROM sbtest2 WHERE id BETWEEN 5770786 AND 5780785
	-> Aggregate: sum(sbtest2.k)  (cost=8554 rows=1)
    -> Filter: (sbtest2.id between 5770786 and 5780785)  (cost=3991 rows=19800)
        -> Index range scan on sbtest2 using PRIMARY over (5770786 <= id <= 5780785)  (cost=3991 rows=19800)


table 3 : explain SELECT SUM(k) FROM sbtest3 WHERE id BETWEEN 4664232 AND 4674231
	-> Aggregate: sum(sbtest3.k)  (cost=8554 rows=1)
    -> Filter: (sbtest3.id between 4664232 and 4674231)  (cost=3991 rows=19800)
        -> Index range scan on sbtest3 using PRIMARY over (4664232 <= id <= 4674231)  (cost=3991 rows=19800)


table 4 : explain SELECT SUM(k) FROM sbtest4 WHERE id BETWEEN 4445553 AND 4455552
	-> Aggregate: sum(sbtest4.k)  (cost=8554 rows=1)
    -> Filter: (sbtest4.id between 4445553 and 4455552)  (cost=3991 rows=19800)
        -> Index range scan on sbtest4 using PRIMARY over (4445553 <= id <= 4455552)  (cost=3991 rows=19800)


table 5 : explain SELECT SUM(k) FROM sbtest5 WHERE id BETWEEN 3057664 AND 3067663
	-> Aggregate: sum(sbtest5.k)  (cost=8554 rows=1)
    -> Filter: (sbtest5.id between 3057664 and 3067663)  (cost=3991 rows=19800)
        -> Index range scan on sbtest5 using PRIMARY over (3057664 <= id <= 3067663)  (cost=3991 rows=19800)


table 6 : explain SELECT SUM(k) FROM sbtest6 WHERE id BETWEEN 4158921 AND 4168920
	-> Aggregate: sum(sbtest6.k)  (cost=9342 rows=1)
    -> Filter: (sbtest6.id between 4158921 and 4168920)  (cost=4360 rows=21626)
        -> Index range scan on sbtest6 using PRIMARY over (4158921 <= id <= 4168920)  (cost=4360 rows=21626)


table 7 : explain SELECT SUM(k) FROM sbtest7 WHERE id BETWEEN 8787664 AND 8797663
	-> Aggregate: sum(sbtest7.k)  (cost=8554 rows=1)
    -> Filter: (sbtest7.id between 8787664 and 8797663)  (cost=3991 rows=19800)
        -> Index range scan on sbtest7 using PRIMARY over (8787664 <= id <= 8797663)  (cost=3991 rows=19800)


table 8 : explain SELECT SUM(k) FROM sbtest8 WHERE id BETWEEN 7231833 AND 7241832
	-> Aggregate: sum(sbtest8.k)  (cost=8554 rows=1)
    -> Filter: (sbtest8.id between 7231833 and 7241832)  (cost=3991 rows=19800)
        -> Index range scan on sbtest8 using PRIMARY over (7231833 <= id <= 7241832)  (cost=3991 rows=19800)


for: order_ranges
table 1 : explain SELECT c FROM sbtest1 WHERE id BETWEEN 1023771 AND 1033770 ORDER BY c
	-> Sort: sbtest1.c  (cost=3991 rows=19800)
    -> Filter: (sbtest1.id between 1023771 and 1033770)  (cost=3991 rows=19800)
        -> Index range scan on sbtest1 using PRIMARY over (1023771 <= id <= 1033770)  (cost=3991 rows=19800)


table 2 : explain SELECT c FROM sbtest2 WHERE id BETWEEN 8959173 AND 8969172 ORDER BY c
	-> Sort: sbtest2.c  (cost=3991 rows=19800)
    -> Filter: (sbtest2.id between 8959173 and 8969172)  (cost=3991 rows=19800)
        -> Index range scan on sbtest2 using PRIMARY over (8959173 <= id <= 8969172)  (cost=3991 rows=19800)


table 3 : explain SELECT c FROM sbtest3 WHERE id BETWEEN 5913561 AND 5923560 ORDER BY c
	-> Sort: sbtest3.c  (cost=3991 rows=19800)
    -> Filter: (sbtest3.id between 5913561 and 5923560)  (cost=3991 rows=19800)
        -> Index range scan on sbtest3 using PRIMARY over (5913561 <= id <= 5923560)  (cost=3991 rows=19800)


table 4 : explain SELECT c FROM sbtest4 WHERE id BETWEEN 133489 AND 143488 ORDER BY c
	-> Sort: sbtest4.c  (cost=3991 rows=19800)
    -> Filter: (sbtest4.id between 133489 and 143488)  (cost=3991 rows=19800)
        -> Index range scan on sbtest4 using PRIMARY over (133489 <= id <= 143488)  (cost=3991 rows=19800)


table 5 : explain SELECT c FROM sbtest5 WHERE id BETWEEN 6304329 AND 6314328 ORDER BY c
	-> Sort: sbtest5.c  (cost=3991 rows=19800)
    -> Filter: (sbtest5.id between 6304329 and 6314328)  (cost=3991 rows=19800)
        -> Index range scan on sbtest5 using PRIMARY over (6304329 <= id <= 6314328)  (cost=3991 rows=19800)


table 6 : explain SELECT c FROM sbtest6 WHERE id BETWEEN 4026262 AND 4036261 ORDER BY c
	-> Sort: sbtest6.c  (cost=3991 rows=19800)
    -> Filter: (sbtest6.id between 4026262 and 4036261)  (cost=3991 rows=19800)
        -> Index range scan on sbtest6 using PRIMARY over (4026262 <= id <= 4036261)  (cost=3991 rows=19800)


table 7 : explain SELECT c FROM sbtest7 WHERE id BETWEEN 1431284 AND 1441283 ORDER BY c
	-> Sort: sbtest7.c  (cost=3991 rows=19800)
    -> Filter: (sbtest7.id between 1431284 and 1441283)  (cost=3991 rows=19800)
        -> Index range scan on sbtest7 using PRIMARY over (1431284 <= id <= 1441283)  (cost=3991 rows=19800)


table 8 : explain SELECT c FROM sbtest8 WHERE id BETWEEN 3436608 AND 3446607 ORDER BY c
	-> Sort: sbtest8.c  (cost=3991 rows=19800)
    -> Filter: (sbtest8.id between 3436608 and 3446607)  (cost=3991 rows=19800)
        -> Index range scan on sbtest8 using PRIMARY over (3436608 <= id <= 3446607)  (cost=3991 rows=19800)


for: order_ranges
table 1 : explain SELECT c FROM sbtest1 WHERE id BETWEEN 4617675 AND 4627674 ORDER BY c
	-> Sort: sbtest1.c  (cost=3991 rows=19800)
    -> Filter: (sbtest1.id between 4617675 and 4627674)  (cost=3991 rows=19800)
        -> Index range scan on sbtest1 using PRIMARY over (4617675 <= id <= 4627674)  (cost=3991 rows=19800)


table 2 : explain SELECT c FROM sbtest2 WHERE id BETWEEN 8967789 AND 8977788 ORDER BY c
	-> Sort: sbtest2.c  (cost=3991 rows=19800)
    -> Filter: (sbtest2.id between 8967789 and 8977788)  (cost=3991 rows=19800)
        -> Index range scan on sbtest2 using PRIMARY over (8967789 <= id <= 8977788)  (cost=3991 rows=19800)


table 3 : explain SELECT c FROM sbtest3 WHERE id BETWEEN 2736096 AND 2746095 ORDER BY c
	-> Sort: sbtest3.c  (cost=3991 rows=19800)
    -> Filter: (sbtest3.id between 2736096 and 2746095)  (cost=3991 rows=19800)
        -> Index range scan on sbtest3 using PRIMARY over (2736096 <= id <= 2746095)  (cost=3991 rows=19800)


table 4 : explain SELECT c FROM sbtest4 WHERE id BETWEEN 1389120 AND 1399119 ORDER BY c
	-> Sort: sbtest4.c  (cost=3991 rows=19800)
    -> Filter: (sbtest4.id between 1389120 and 1399119)  (cost=3991 rows=19800)
        -> Index range scan on sbtest4 using PRIMARY over (1389120 <= id <= 1399119)  (cost=3991 rows=19800)


table 5 : explain SELECT c FROM sbtest5 WHERE id BETWEEN 7926525 AND 7936524 ORDER BY c
	-> Sort: sbtest5.c  (cost=3991 rows=19800)
    -> Filter: (sbtest5.id between 7926525 and 7936524)  (cost=3991 rows=19800)
        -> Index range scan on sbtest5 using PRIMARY over (7926525 <= id <= 7936524)  (cost=3991 rows=19800)


table 6 : explain SELECT c FROM sbtest6 WHERE id BETWEEN 5447440 AND 5457439 ORDER BY c
	-> Sort: sbtest6.c  (cost=3991 rows=19800)
    -> Filter: (sbtest6.id between 5447440 and 5457439)  (cost=3991 rows=19800)
        -> Index range scan on sbtest6 using PRIMARY over (5447440 <= id <= 5457439)  (cost=3991 rows=19800)


table 7 : explain SELECT c FROM sbtest7 WHERE id BETWEEN 7973304 AND 7983303 ORDER BY c
	-> Sort: sbtest7.c  (cost=3991 rows=19800)
    -> Filter: (sbtest7.id between 7973304 and 7983303)  (cost=3991 rows=19800)
        -> Index range scan on sbtest7 using PRIMARY over (7973304 <= id <= 7983303)  (cost=3991 rows=19800)


table 8 : explain SELECT c FROM sbtest8 WHERE id BETWEEN 1364065 AND 1374064 ORDER BY c
	-> Sort: sbtest8.c  (cost=3991 rows=19800)
    -> Filter: (sbtest8.id between 1364065 and 1374064)  (cost=3991 rows=19800)
        -> Index range scan on sbtest8 using PRIMARY over (1364065 <= id <= 1374064)  (cost=3991 rows=19800)


for: order_ranges
table 1 : explain SELECT c FROM sbtest1 WHERE id BETWEEN 2815846 AND 2825845 ORDER BY c
	-> Sort: sbtest1.c  (cost=3991 rows=19800)
    -> Filter: (sbtest1.id between 2815846 and 2825845)  (cost=3991 rows=19800)
        -> Index range scan on sbtest1 using PRIMARY over (2815846 <= id <= 2825845)  (cost=3991 rows=19800)


table 2 : explain SELECT c FROM sbtest2 WHERE id BETWEEN 5000117 AND 5010116 ORDER BY c
	-> Sort: sbtest2.c  (cost=3991 rows=19800)
    -> Filter: (sbtest2.id between 5000117 and 5010116)  (cost=3991 rows=19800)
        -> Index range scan on sbtest2 using PRIMARY over (5000117 <= id <= 5010116)  (cost=3991 rows=19800)


table 3 : explain SELECT c FROM sbtest3 WHERE id BETWEEN 8925923 AND 8935922 ORDER BY c
	-> Sort: sbtest3.c  (cost=3991 rows=19800)
    -> Filter: (sbtest3.id between 8925923 and 8935922)  (cost=3991 rows=19800)
        -> Index range scan on sbtest3 using PRIMARY over (8925923 <= id <= 8935922)  (cost=3991 rows=19800)


table 4 : explain SELECT c FROM sbtest4 WHERE id BETWEEN 8795513 AND 8805512 ORDER BY c
	-> Sort: sbtest4.c  (cost=3991 rows=19800)
    -> Filter: (sbtest4.id between 8795513 and 8805512)  (cost=3991 rows=19800)
        -> Index range scan on sbtest4 using PRIMARY over (8795513 <= id <= 8805512)  (cost=3991 rows=19800)


table 5 : explain SELECT c FROM sbtest5 WHERE id BETWEEN 5444343 AND 5454342 ORDER BY c
	-> Sort: sbtest5.c  (cost=3991 rows=19800)
    -> Filter: (sbtest5.id between 5444343 and 5454342)  (cost=3991 rows=19800)
        -> Index range scan on sbtest5 using PRIMARY over (5444343 <= id <= 5454342)  (cost=3991 rows=19800)


table 6 : explain SELECT c FROM sbtest6 WHERE id BETWEEN 1863372 AND 1873371 ORDER BY c
	-> Sort: sbtest6.c  (cost=3991 rows=19800)
    -> Filter: (sbtest6.id between 1863372 and 1873371)  (cost=3991 rows=19800)
        -> Index range scan on sbtest6 using PRIMARY over (1863372 <= id <= 1873371)  (cost=3991 rows=19800)


table 7 : explain SELECT c FROM sbtest7 WHERE id BETWEEN 7105807 AND 7115806 ORDER BY c
	-> Sort: sbtest7.c  (cost=3991 rows=19800)
    -> Filter: (sbtest7.id between 7105807 and 7115806)  (cost=3991 rows=19800)
        -> Index range scan on sbtest7 using PRIMARY over (7105807 <= id <= 7115806)  (cost=3991 rows=19800)


table 8 : explain SELECT c FROM sbtest8 WHERE id BETWEEN 7803246 AND 7813245 ORDER BY c
	-> Sort: sbtest8.c  (cost=3991 rows=19800)
    -> Filter: (sbtest8.id between 7803246 and 7813245)  (cost=3991 rows=19800)
        -> Index range scan on sbtest8 using PRIMARY over (7803246 <= id <= 7813245)  (cost=3991 rows=19800)


for: sum_ranges
table 1 : explain SELECT SUM(k) FROM sbtest1 WHERE id BETWEEN 9501960 AND 9511959
	-> Aggregate: sum(sbtest1.k)  (cost=8554 rows=1)
    -> Filter: (sbtest1.id between 9501960 and 9511959)  (cost=3991 rows=19800)
        -> Index range scan on sbtest1 using PRIMARY over (9501960 <= id <= 9511959)  (cost=3991 rows=19800)


table 2 : explain SELECT SUM(k) FROM sbtest2 WHERE id BETWEEN 7721768 AND 7731767
	-> Aggregate: sum(sbtest2.k)  (cost=8554 rows=1)
    -> Filter: (sbtest2.id between 7721768 and 7731767)  (cost=3991 rows=19800)
        -> Index range scan on sbtest2 using PRIMARY over (7721768 <= id <= 7731767)  (cost=3991 rows=19800)


table 3 : explain SELECT SUM(k) FROM sbtest3 WHERE id BETWEEN 7316242 AND 7326241
	-> Aggregate: sum(sbtest3.k)  (cost=8554 rows=1)
    -> Filter: (sbtest3.id between 7316242 and 7326241)  (cost=3991 rows=19800)
        -> Index range scan on sbtest3 using PRIMARY over (7316242 <= id <= 7326241)  (cost=3991 rows=19800)


table 4 : explain SELECT SUM(k) FROM sbtest4 WHERE id BETWEEN 4394125 AND 4404124
	-> Aggregate: sum(sbtest4.k)  (cost=8554 rows=1)
    -> Filter: (sbtest4.id between 4394125 and 4404124)  (cost=3991 rows=19800)
        -> Index range scan on sbtest4 using PRIMARY over (4394125 <= id <= 4404124)  (cost=3991 rows=19800)


table 5 : explain SELECT SUM(k) FROM sbtest5 WHERE id BETWEEN 4416199 AND 4426198
	-> Aggregate: sum(sbtest5.k)  (cost=8554 rows=1)
    -> Filter: (sbtest5.id between 4416199 and 4426198)  (cost=3991 rows=19800)
        -> Index range scan on sbtest5 using PRIMARY over (4416199 <= id <= 4426198)  (cost=3991 rows=19800)


table 6 : explain SELECT SUM(k) FROM sbtest6 WHERE id BETWEEN 4072660 AND 4082659
	-> Aggregate: sum(sbtest6.k)  (cost=8554 rows=1)
    -> Filter: (sbtest6.id between 4072660 and 4082659)  (cost=3991 rows=19800)
        -> Index range scan on sbtest6 using PRIMARY over (4072660 <= id <= 4082659)  (cost=3991 rows=19800)


table 7 : explain SELECT SUM(k) FROM sbtest7 WHERE id BETWEEN 5238119 AND 5248118
	-> Aggregate: sum(sbtest7.k)  (cost=8554 rows=1)
    -> Filter: (sbtest7.id between 5238119 and 5248118)  (cost=3991 rows=19800)
        -> Index range scan on sbtest7 using PRIMARY over (5238119 <= id <= 5248118)  (cost=3991 rows=19800)


table 8 : explain SELECT SUM(k) FROM sbtest8 WHERE id BETWEEN 9465806 AND 9475805
	-> Aggregate: sum(sbtest8.k)  (cost=8554 rows=1)
    -> Filter: (sbtest8.id between 9465806 and 9475805)  (cost=3991 rows=19800)
        -> Index range scan on sbtest8 using PRIMARY over (9465806 <= id <= 9475805)  (cost=3991 rows=19800)


for: order_ranges
table 1 : explain SELECT c FROM sbtest1 WHERE id BETWEEN 446357 AND 456356 ORDER BY c
	-> Sort: sbtest1.c  (cost=3991 rows=19800)
    -> Filter: (sbtest1.id between 446357 and 456356)  (cost=3991 rows=19800)
        -> Index range scan on sbtest1 using PRIMARY over (446357 <= id <= 456356)  (cost=3991 rows=19800)


table 2 : explain SELECT c FROM sbtest2 WHERE id BETWEEN 2241476 AND 2251475 ORDER BY c
	-> Sort: sbtest2.c  (cost=3991 rows=19800)
    -> Filter: (sbtest2.id between 2241476 and 2251475)  (cost=3991 rows=19800)
        -> Index range scan on sbtest2 using PRIMARY over (2241476 <= id <= 2251475)  (cost=3991 rows=19800)


table 3 : explain SELECT c FROM sbtest3 WHERE id BETWEEN 7619132 AND 7629131 ORDER BY c
	-> Sort: sbtest3.c  (cost=3991 rows=19800)
    -> Filter: (sbtest3.id between 7619132 and 7629131)  (cost=3991 rows=19800)
        -> Index range scan on sbtest3 using PRIMARY over (7619132 <= id <= 7629131)  (cost=3991 rows=19800)


table 4 : explain SELECT c FROM sbtest4 WHERE id BETWEEN 4674803 AND 4684802 ORDER BY c
	-> Sort: sbtest4.c  (cost=3991 rows=19800)
    -> Filter: (sbtest4.id between 4674803 and 4684802)  (cost=3991 rows=19800)
        -> Index range scan on sbtest4 using PRIMARY over (4674803 <= id <= 4684802)  (cost=3991 rows=19800)


table 5 : explain SELECT c FROM sbtest5 WHERE id BETWEEN 8267232 AND 8277231 ORDER BY c
	-> Sort: sbtest5.c  (cost=3991 rows=19800)
    -> Filter: (sbtest5.id between 8267232 and 8277231)  (cost=3991 rows=19800)
        -> Index range scan on sbtest5 using PRIMARY over (8267232 <= id <= 8277231)  (cost=3991 rows=19800)


table 6 : explain SELECT c FROM sbtest6 WHERE id BETWEEN 9793205 AND 9803204 ORDER BY c
	-> Sort: sbtest6.c  (cost=3991 rows=19800)
    -> Filter: (sbtest6.id between 9793205 and 9803204)  (cost=3991 rows=19800)
        -> Index range scan on sbtest6 using PRIMARY over (9793205 <= id <= 9803204)  (cost=3991 rows=19800)


table 7 : explain SELECT c FROM sbtest7 WHERE id BETWEEN 4735894 AND 4745893 ORDER BY c
	-> Sort: sbtest7.c  (cost=3991 rows=19800)
    -> Filter: (sbtest7.id between 4735894 and 4745893)  (cost=3991 rows=19800)
        -> Index range scan on sbtest7 using PRIMARY over (4735894 <= id <= 4745893)  (cost=3991 rows=19800)


table 8 : explain SELECT c FROM sbtest8 WHERE id BETWEEN 289492 AND 299491 ORDER BY c
	-> Sort: sbtest8.c  (cost=3991 rows=19800)
    -> Filter: (sbtest8.id between 289492 and 299491)  (cost=3991 rows=19800)
        -> Index range scan on sbtest8 using PRIMARY over (289492 <= id <= 299491)  (cost=3991 rows=19800)


for: order_ranges
table 1 : explain SELECT c FROM sbtest1 WHERE id BETWEEN 5257348 AND 5267347 ORDER BY c
	-> Sort: sbtest1.c  (cost=3991 rows=19800)
    -> Filter: (sbtest1.id between 5257348 and 5267347)  (cost=3991 rows=19800)
        -> Index range scan on sbtest1 using PRIMARY over (5257348 <= id <= 5267347)  (cost=3991 rows=19800)


table 2 : explain SELECT c FROM sbtest2 WHERE id BETWEEN 6746478 AND 6756477 ORDER BY c
	-> Sort: sbtest2.c  (cost=3997 rows=19828)
    -> Filter: (sbtest2.id between 6746478 and 6756477)  (cost=3997 rows=19828)
        -> Index range scan on sbtest2 using PRIMARY over (6746478 <= id <= 6756477)  (cost=3997 rows=19828)


table 3 : explain SELECT c FROM sbtest3 WHERE id BETWEEN 5985301 AND 5995300 ORDER BY c
	-> Sort: sbtest3.c  (cost=3991 rows=19800)
    -> Filter: (sbtest3.id between 5985301 and 5995300)  (cost=3991 rows=19800)
        -> Index range scan on sbtest3 using PRIMARY over (5985301 <= id <= 5995300)  (cost=3991 rows=19800)


table 4 : explain SELECT c FROM sbtest4 WHERE id BETWEEN 3102711 AND 3112710 ORDER BY c
	-> Sort: sbtest4.c  (cost=3991 rows=19800)
    -> Filter: (sbtest4.id between 3102711 and 3112710)  (cost=3991 rows=19800)
        -> Index range scan on sbtest4 using PRIMARY over (3102711 <= id <= 3112710)  (cost=3991 rows=19800)


table 5 : explain SELECT c FROM sbtest5 WHERE id BETWEEN 1348797 AND 1358796 ORDER BY c
	-> Sort: sbtest5.c  (cost=3991 rows=19800)
    -> Filter: (sbtest5.id between 1348797 and 1358796)  (cost=3991 rows=19800)
        -> Index range scan on sbtest5 using PRIMARY over (1348797 <= id <= 1358796)  (cost=3991 rows=19800)


table 6 : explain SELECT c FROM sbtest6 WHERE id BETWEEN 3486640 AND 3496639 ORDER BY c
	-> Sort: sbtest6.c  (cost=3991 rows=19800)
    -> Filter: (sbtest6.id between 3486640 and 3496639)  (cost=3991 rows=19800)
        -> Index range scan on sbtest6 using PRIMARY over (3486640 <= id <= 3496639)  (cost=3991 rows=19800)


table 7 : explain SELECT c FROM sbtest7 WHERE id BETWEEN 8198165 AND 8208164 ORDER BY c
	-> Sort: sbtest7.c  (cost=3991 rows=19800)
    -> Filter: (sbtest7.id between 8198165 and 8208164)  (cost=3991 rows=19800)
        -> Index range scan on sbtest7 using PRIMARY over (8198165 <= id <= 8208164)  (cost=3991 rows=19800)


table 8 : explain SELECT c FROM sbtest8 WHERE id BETWEEN 7583328 AND 7593327 ORDER BY c
	-> Sort: sbtest8.c  (cost=3991 rows=19800)
    -> Filter: (sbtest8.id between 7583328 and 7593327)  (cost=3991 rows=19800)
        -> Index range scan on sbtest8 using PRIMARY over (7583328 <= id <= 7593327)  (cost=3991 rows=19800)


for: order_ranges
table 1 : explain SELECT c FROM sbtest1 WHERE id BETWEEN 8292103 AND 8302102 ORDER BY c
	-> Sort: sbtest1.c  (cost=3991 rows=19800)
    -> Filter: (sbtest1.id between 8292103 and 8302102)  (cost=3991 rows=19800)
        -> Index range scan on sbtest1 using PRIMARY over (8292103 <= id <= 8302102)  (cost=3991 rows=19800)


table 2 : explain SELECT c FROM sbtest2 WHERE id BETWEEN 860994 AND 870993 ORDER BY c
	-> Sort: sbtest2.c  (cost=3991 rows=19800)
    -> Filter: (sbtest2.id between 860994 and 870993)  (cost=3991 rows=19800)
        -> Index range scan on sbtest2 using PRIMARY over (860994 <= id <= 870993)  (cost=3991 rows=19800)


table 3 : explain SELECT c FROM sbtest3 WHERE id BETWEEN 2531439 AND 2541438 ORDER BY c
	-> Sort: sbtest3.c  (cost=3991 rows=19800)
    -> Filter: (sbtest3.id between 2531439 and 2541438)  (cost=3991 rows=19800)
        -> Index range scan on sbtest3 using PRIMARY over (2531439 <= id <= 2541438)  (cost=3991 rows=19800)


table 4 : explain SELECT c FROM sbtest4 WHERE id BETWEEN 8457080 AND 8467079 ORDER BY c
	-> Sort: sbtest4.c  (cost=3991 rows=19800)
    -> Filter: (sbtest4.id between 8457080 and 8467079)  (cost=3991 rows=19800)
        -> Index range scan on sbtest4 using PRIMARY over (8457080 <= id <= 8467079)  (cost=3991 rows=19800)


table 5 : explain SELECT c FROM sbtest5 WHERE id BETWEEN 3501170 AND 3511169 ORDER BY c
	-> Sort: sbtest5.c  (cost=3991 rows=19800)
    -> Filter: (sbtest5.id between 3501170 and 3511169)  (cost=3991 rows=19800)
        -> Index range scan on sbtest5 using PRIMARY over (3501170 <= id <= 3511169)  (cost=3991 rows=19800)


table 6 : explain SELECT c FROM sbtest6 WHERE id BETWEEN 763788 AND 773787 ORDER BY c
	-> Sort: sbtest6.c  (cost=3991 rows=19800)
    -> Filter: (sbtest6.id between 763788 and 773787)  (cost=3991 rows=19800)
        -> Index range scan on sbtest6 using PRIMARY over (763788 <= id <= 773787)  (cost=3991 rows=19800)


table 7 : explain SELECT c FROM sbtest7 WHERE id BETWEEN 7768892 AND 7778891 ORDER BY c
	-> Sort: sbtest7.c  (cost=3991 rows=19800)
    -> Filter: (sbtest7.id between 7768892 and 7778891)  (cost=3991 rows=19800)
        -> Index range scan on sbtest7 using PRIMARY over (7768892 <= id <= 7778891)  (cost=3991 rows=19800)


table 8 : explain SELECT c FROM sbtest8 WHERE id BETWEEN 9062436 AND 9072435 ORDER BY c
	-> Sort: sbtest8.c  (cost=3991 rows=19800)
    -> Filter: (sbtest8.id between 9062436 and 9072435)  (cost=3991 rows=19800)
        -> Index range scan on sbtest8 using PRIMARY over (9062436 <= id <= 9072435)  (cost=3991 rows=19800)


for: order_ranges
table 1 : explain SELECT c FROM sbtest1 WHERE id BETWEEN 9826839 AND 9836838 ORDER BY c
	-> Sort: sbtest1.c  (cost=3991 rows=19800)
    -> Filter: (sbtest1.id between 9826839 and 9836838)  (cost=3991 rows=19800)
        -> Index range scan on sbtest1 using PRIMARY over (9826839 <= id <= 9836838)  (cost=3991 rows=19800)


table 2 : explain SELECT c FROM sbtest2 WHERE id BETWEEN 3316432 AND 3326431 ORDER BY c
	-> Sort: sbtest2.c  (cost=3991 rows=19800)
    -> Filter: (sbtest2.id between 3316432 and 3326431)  (cost=3991 rows=19800)
        -> Index range scan on sbtest2 using PRIMARY over (3316432 <= id <= 3326431)  (cost=3991 rows=19800)


table 3 : explain SELECT c FROM sbtest3 WHERE id BETWEEN 6255080 AND 6265079 ORDER BY c
	-> Sort: sbtest3.c  (cost=3991 rows=19800)
    -> Filter: (sbtest3.id between 6255080 and 6265079)  (cost=3991 rows=19800)
        -> Index range scan on sbtest3 using PRIMARY over (6255080 <= id <= 6265079)  (cost=3991 rows=19800)


table 4 : explain SELECT c FROM sbtest4 WHERE id BETWEEN 5627873 AND 5637872 ORDER BY c
	-> Sort: sbtest4.c  (cost=3991 rows=19800)
    -> Filter: (sbtest4.id between 5627873 and 5637872)  (cost=3991 rows=19800)
        -> Index range scan on sbtest4 using PRIMARY over (5627873 <= id <= 5637872)  (cost=3991 rows=19800)


table 5 : explain SELECT c FROM sbtest5 WHERE id BETWEEN 2758697 AND 2768696 ORDER BY c
	-> Sort: sbtest5.c  (cost=3991 rows=19800)
    -> Filter: (sbtest5.id between 2758697 and 2768696)  (cost=3991 rows=19800)
        -> Index range scan on sbtest5 using PRIMARY over (2758697 <= id <= 2768696)  (cost=3991 rows=19800)


table 6 : explain SELECT c FROM sbtest6 WHERE id BETWEEN 7766574 AND 7776573 ORDER BY c
	-> Sort: sbtest6.c  (cost=3991 rows=19800)
    -> Filter: (sbtest6.id between 7766574 and 7776573)  (cost=3991 rows=19800)
        -> Index range scan on sbtest6 using PRIMARY over (7766574 <= id <= 7776573)  (cost=3991 rows=19800)


table 7 : explain SELECT c FROM sbtest7 WHERE id BETWEEN 9084913 AND 9094912 ORDER BY c
	-> Sort: sbtest7.c  (cost=3991 rows=19800)
    -> Filter: (sbtest7.id between 9084913 and 9094912)  (cost=3991 rows=19800)
        -> Index range scan on sbtest7 using PRIMARY over (9084913 <= id <= 9094912)  (cost=3991 rows=19800)


table 8 : explain SELECT c FROM sbtest8 WHERE id BETWEEN 9025172 AND 9035171 ORDER BY c
	-> Sort: sbtest8.c  (cost=3991 rows=19800)
    -> Filter: (sbtest8.id between 9025172 and 9035171)  (cost=3991 rows=19800)
        -> Index range scan on sbtest8 using PRIMARY over (9025172 <= id <= 9035171)  (cost=3991 rows=19800)


for: sum_ranges
table 1 : explain SELECT SUM(k) FROM sbtest1 WHERE id BETWEEN 9473348 AND 9483347
	-> Aggregate: sum(sbtest1.k)  (cost=8554 rows=1)
    -> Filter: (sbtest1.id between 9473348 and 9483347)  (cost=3991 rows=19800)
        -> Index range scan on sbtest1 using PRIMARY over (9473348 <= id <= 9483347)  (cost=3991 rows=19800)


table 2 : explain SELECT SUM(k) FROM sbtest2 WHERE id BETWEEN 6059503 AND 6069502
	-> Aggregate: sum(sbtest2.k)  (cost=8554 rows=1)
    -> Filter: (sbtest2.id between 6059503 and 6069502)  (cost=3991 rows=19800)
        -> Index range scan on sbtest2 using PRIMARY over (6059503 <= id <= 6069502)  (cost=3991 rows=19800)


table 3 : explain SELECT SUM(k) FROM sbtest3 WHERE id BETWEEN 8538143 AND 8548142
	-> Aggregate: sum(sbtest3.k)  (cost=8554 rows=1)
    -> Filter: (sbtest3.id between 8538143 and 8548142)  (cost=3991 rows=19800)
        -> Index range scan on sbtest3 using PRIMARY over (8538143 <= id <= 8548142)  (cost=3991 rows=19800)


table 4 : explain SELECT SUM(k) FROM sbtest4 WHERE id BETWEEN 194723 AND 204722
	-> Aggregate: sum(sbtest4.k)  (cost=8554 rows=1)
    -> Filter: (sbtest4.id between 194723 and 204722)  (cost=3991 rows=19800)
        -> Index range scan on sbtest4 using PRIMARY over (194723 <= id <= 204722)  (cost=3991 rows=19800)


table 5 : explain SELECT SUM(k) FROM sbtest5 WHERE id BETWEEN 3421621 AND 3431620
	-> Aggregate: sum(sbtest5.k)  (cost=9342 rows=1)
    -> Filter: (sbtest5.id between 3421621 and 3431620)  (cost=4360 rows=21626)
        -> Index range scan on sbtest5 using PRIMARY over (3421621 <= id <= 3431620)  (cost=4360 rows=21626)


table 6 : explain SELECT SUM(k) FROM sbtest6 WHERE id BETWEEN 1611802 AND 1621801
	-> Aggregate: sum(sbtest6.k)  (cost=8554 rows=1)
    -> Filter: (sbtest6.id between 1611802 and 1621801)  (cost=3991 rows=19800)
        -> Index range scan on sbtest6 using PRIMARY over (1611802 <= id <= 1621801)  (cost=3991 rows=19800)


table 7 : explain SELECT SUM(k) FROM sbtest7 WHERE id BETWEEN 2603329 AND 2613328
	-> Aggregate: sum(sbtest7.k)  (cost=8554 rows=1)
    -> Filter: (sbtest7.id between 2603329 and 2613328)  (cost=3991 rows=19800)
        -> Index range scan on sbtest7 using PRIMARY over (2603329 <= id <= 2613328)  (cost=3991 rows=19800)


table 8 : explain SELECT SUM(k) FROM sbtest8 WHERE id BETWEEN 2354848 AND 2364847
	-> Aggregate: sum(sbtest8.k)  (cost=8554 rows=1)
    -> Filter: (sbtest8.id between 2354848 and 2364847)  (cost=3991 rows=19800)
        -> Index range scan on sbtest8 using PRIMARY over (2354848 <= id <= 2364847)  (cost=3991 rows=19800)


for: order_ranges
table 1 : explain SELECT c FROM sbtest1 WHERE id BETWEEN 9620252 AND 9630251 ORDER BY c
	-> Sort: sbtest1.c  (cost=3991 rows=19800)
    -> Filter: (sbtest1.id between 9620252 and 9630251)  (cost=3991 rows=19800)
        -> Index range scan on sbtest1 using PRIMARY over (9620252 <= id <= 9630251)  (cost=3991 rows=19800)


table 2 : explain SELECT c FROM sbtest2 WHERE id BETWEEN 6681314 AND 6691313 ORDER BY c
	-> Sort: sbtest2.c  (cost=3991 rows=19800)
    -> Filter: (sbtest2.id between 6681314 and 6691313)  (cost=3991 rows=19800)
        -> Index range scan on sbtest2 using PRIMARY over (6681314 <= id <= 6691313)  (cost=3991 rows=19800)


table 3 : explain SELECT c FROM sbtest3 WHERE id BETWEEN 2595524 AND 2605523 ORDER BY c
	-> Sort: sbtest3.c  (cost=3991 rows=19800)
    -> Filter: (sbtest3.id between 2595524 and 2605523)  (cost=3991 rows=19800)
        -> Index range scan on sbtest3 using PRIMARY over (2595524 <= id <= 2605523)  (cost=3991 rows=19800)


table 4 : explain SELECT c FROM sbtest4 WHERE id BETWEEN 7006013 AND 7016012 ORDER BY c
	-> Sort: sbtest4.c  (cost=3991 rows=19800)
    -> Filter: (sbtest4.id between 7006013 and 7016012)  (cost=3991 rows=19800)
        -> Index range scan on sbtest4 using PRIMARY over (7006013 <= id <= 7016012)  (cost=3991 rows=19800)


table 5 : explain SELECT c FROM sbtest5 WHERE id BETWEEN 3681809 AND 3691808 ORDER BY c
	-> Sort: sbtest5.c  (cost=3991 rows=19800)
    -> Filter: (sbtest5.id between 3681809 and 3691808)  (cost=3991 rows=19800)
        -> Index range scan on sbtest5 using PRIMARY over (3681809 <= id <= 3691808)  (cost=3991 rows=19800)


table 6 : explain SELECT c FROM sbtest6 WHERE id BETWEEN 4059991 AND 4069990 ORDER BY c
	-> Sort: sbtest6.c  (cost=3991 rows=19800)
    -> Filter: (sbtest6.id between 4059991 and 4069990)  (cost=3991 rows=19800)
        -> Index range scan on sbtest6 using PRIMARY over (4059991 <= id <= 4069990)  (cost=3991 rows=19800)


table 7 : explain SELECT c FROM sbtest7 WHERE id BETWEEN 4319821 AND 4329820 ORDER BY c
	-> Sort: sbtest7.c  (cost=3991 rows=19800)
    -> Filter: (sbtest7.id between 4319821 and 4329820)  (cost=3991 rows=19800)
        -> Index range scan on sbtest7 using PRIMARY over (4319821 <= id <= 4329820)  (cost=3991 rows=19800)


table 8 : explain SELECT c FROM sbtest8 WHERE id BETWEEN 438836 AND 448835 ORDER BY c
	-> Sort: sbtest8.c  (cost=3991 rows=19800)
    -> Filter: (sbtest8.id between 438836 and 448835)  (cost=3991 rows=19800)
        -> Index range scan on sbtest8 using PRIMARY over (438836 <= id <= 448835)  (cost=3991 rows=19800)


for: order_ranges
table 1 : explain SELECT c FROM sbtest1 WHERE id BETWEEN 3107509 AND 3117508 ORDER BY c
	-> Sort: sbtest1.c  (cost=3991 rows=19800)
    -> Filter: (sbtest1.id between 3107509 and 3117508)  (cost=3991 rows=19800)
        -> Index range scan on sbtest1 using PRIMARY over (3107509 <= id <= 3117508)  (cost=3991 rows=19800)


table 2 : explain SELECT c FROM sbtest2 WHERE id BETWEEN 3332284 AND 3342283 ORDER BY c
	-> Sort: sbtest2.c  (cost=3991 rows=19800)
    -> Filter: (sbtest2.id between 3332284 and 3342283)  (cost=3991 rows=19800)
        -> Index range scan on sbtest2 using PRIMARY over (3332284 <= id <= 3342283)  (cost=3991 rows=19800)


table 3 : explain SELECT c FROM sbtest3 WHERE id BETWEEN 2126503 AND 2136502 ORDER BY c
	-> Sort: sbtest3.c  (cost=3991 rows=19800)
    -> Filter: (sbtest3.id between 2126503 and 2136502)  (cost=3991 rows=19800)
        -> Index range scan on sbtest3 using PRIMARY over (2126503 <= id <= 2136502)  (cost=3991 rows=19800)


table 4 : explain SELECT c FROM sbtest4 WHERE id BETWEEN 1641191 AND 1651190 ORDER BY c
	-> Sort: sbtest4.c  (cost=3991 rows=19800)
    -> Filter: (sbtest4.id between 1641191 and 1651190)  (cost=3991 rows=19800)
        -> Index range scan on sbtest4 using PRIMARY over (1641191 <= id <= 1651190)  (cost=3991 rows=19800)


table 5 : explain SELECT c FROM sbtest5 WHERE id BETWEEN 4486809 AND 4496808 ORDER BY c
	-> Sort: sbtest5.c  (cost=3991 rows=19800)
    -> Filter: (sbtest5.id between 4486809 and 4496808)  (cost=3991 rows=19800)
        -> Index range scan on sbtest5 using PRIMARY over (4486809 <= id <= 4496808)  (cost=3991 rows=19800)


table 6 : explain SELECT c FROM sbtest6 WHERE id BETWEEN 9321433 AND 9331432 ORDER BY c
	-> Sort: sbtest6.c  (cost=3991 rows=19800)
    -> Filter: (sbtest6.id between 9321433 and 9331432)  (cost=3991 rows=19800)
        -> Index range scan on sbtest6 using PRIMARY over (9321433 <= id <= 9331432)  (cost=3991 rows=19800)


table 7 : explain SELECT c FROM sbtest7 WHERE id BETWEEN 9075878 AND 9085877 ORDER BY c
	-> Sort: sbtest7.c  (cost=3991 rows=19800)
    -> Filter: (sbtest7.id between 9075878 and 9085877)  (cost=3991 rows=19800)
        -> Index range scan on sbtest7 using PRIMARY over (9075878 <= id <= 9085877)  (cost=3991 rows=19800)


table 8 : explain SELECT c FROM sbtest8 WHERE id BETWEEN 5255406 AND 5265405 ORDER BY c
	-> Sort: sbtest8.c  (cost=3991 rows=19800)
    -> Filter: (sbtest8.id between 5255406 and 5265405)  (cost=3991 rows=19800)
        -> Index range scan on sbtest8 using PRIMARY over (5255406 <= id <= 5265405)  (cost=3991 rows=19800)


for: order_ranges
table 1 : explain SELECT c FROM sbtest1 WHERE id BETWEEN 7947806 AND 7957805 ORDER BY c
	-> Sort: sbtest1.c  (cost=3991 rows=19800)
    -> Filter: (sbtest1.id between 7947806 and 7957805)  (cost=3991 rows=19800)
        -> Index range scan on sbtest1 using PRIMARY over (7947806 <= id <= 7957805)  (cost=3991 rows=19800)


table 2 : explain SELECT c FROM sbtest2 WHERE id BETWEEN 5654515 AND 5664514 ORDER BY c
	-> Sort: sbtest2.c  (cost=3991 rows=19800)
    -> Filter: (sbtest2.id between 5654515 and 5664514)  (cost=3991 rows=19800)
        -> Index range scan on sbtest2 using PRIMARY over (5654515 <= id <= 5664514)  (cost=3991 rows=19800)


table 3 : explain SELECT c FROM sbtest3 WHERE id BETWEEN 5401716 AND 5411715 ORDER BY c
	-> Sort: sbtest3.c  (cost=3991 rows=19800)
    -> Filter: (sbtest3.id between 5401716 and 5411715)  (cost=3991 rows=19800)
        -> Index range scan on sbtest3 using PRIMARY over (5401716 <= id <= 5411715)  (cost=3991 rows=19800)


table 4 : explain SELECT c FROM sbtest4 WHERE id BETWEEN 7367327 AND 7377326 ORDER BY c
	-> Sort: sbtest4.c  (cost=3991 rows=19800)
    -> Filter: (sbtest4.id between 7367327 and 7377326)  (cost=3991 rows=19800)
        -> Index range scan on sbtest4 using PRIMARY over (7367327 <= id <= 7377326)  (cost=3991 rows=19800)


table 5 : explain SELECT c FROM sbtest5 WHERE id BETWEEN 2307542 AND 2317541 ORDER BY c
	-> Sort: sbtest5.c  (cost=3991 rows=19800)
    -> Filter: (sbtest5.id between 2307542 and 2317541)  (cost=3991 rows=19800)
        -> Index range scan on sbtest5 using PRIMARY over (2307542 <= id <= 2317541)  (cost=3991 rows=19800)


table 6 : explain SELECT c FROM sbtest6 WHERE id BETWEEN 4402612 AND 4412611 ORDER BY c
	-> Sort: sbtest6.c  (cost=3991 rows=19800)
    -> Filter: (sbtest6.id between 4402612 and 4412611)  (cost=3991 rows=19800)
        -> Index range scan on sbtest6 using PRIMARY over (4402612 <= id <= 4412611)  (cost=3991 rows=19800)


table 7 : explain SELECT c FROM sbtest7 WHERE id BETWEEN 1287031 AND 1297030 ORDER BY c
	-> Sort: sbtest7.c  (cost=3991 rows=19800)
    -> Filter: (sbtest7.id between 1287031 and 1297030)  (cost=3991 rows=19800)
        -> Index range scan on sbtest7 using PRIMARY over (1287031 <= id <= 1297030)  (cost=3991 rows=19800)


table 8 : explain SELECT c FROM sbtest8 WHERE id BETWEEN 1047102 AND 1057101 ORDER BY c
	-> Sort: sbtest8.c  (cost=3991 rows=19800)
    -> Filter: (sbtest8.id between 1047102 and 1057101)  (cost=3991 rows=19800)
        -> Index range scan on sbtest8 using PRIMARY over (1047102 <= id <= 1057101)  (cost=3991 rows=19800)


for: sum_ranges
table 1 : explain SELECT SUM(k) FROM sbtest1 WHERE id BETWEEN 1407293 AND 1417292
	-> Aggregate: sum(sbtest1.k)  (cost=8554 rows=1)
    -> Filter: (sbtest1.id between 1407293 and 1417292)  (cost=3991 rows=19800)
        -> Index range scan on sbtest1 using PRIMARY over (1407293 <= id <= 1417292)  (cost=3991 rows=19800)


table 2 : explain SELECT SUM(k) FROM sbtest2 WHERE id BETWEEN 9338926 AND 9348925
	-> Aggregate: sum(sbtest2.k)  (cost=8554 rows=1)
    -> Filter: (sbtest2.id between 9338926 and 9348925)  (cost=3991 rows=19800)
        -> Index range scan on sbtest2 using PRIMARY over (9338926 <= id <= 9348925)  (cost=3991 rows=19800)


table 3 : explain SELECT SUM(k) FROM sbtest3 WHERE id BETWEEN 321267 AND 331266
	-> Aggregate: sum(sbtest3.k)  (cost=8554 rows=1)
    -> Filter: (sbtest3.id between 321267 and 331266)  (cost=3991 rows=19800)
        -> Index range scan on sbtest3 using PRIMARY over (321267 <= id <= 331266)  (cost=3991 rows=19800)


table 4 : explain SELECT SUM(k) FROM sbtest4 WHERE id BETWEEN 3086377 AND 3096376
	-> Aggregate: sum(sbtest4.k)  (cost=8554 rows=1)
    -> Filter: (sbtest4.id between 3086377 and 3096376)  (cost=3991 rows=19800)
        -> Index range scan on sbtest4 using PRIMARY over (3086377 <= id <= 3096376)  (cost=3991 rows=19800)


table 5 : explain SELECT SUM(k) FROM sbtest5 WHERE id BETWEEN 3842856 AND 3852855
	-> Aggregate: sum(sbtest5.k)  (cost=8554 rows=1)
    -> Filter: (sbtest5.id between 3842856 and 3852855)  (cost=3991 rows=19800)
        -> Index range scan on sbtest5 using PRIMARY over (3842856 <= id <= 3852855)  (cost=3991 rows=19800)


table 6 : explain SELECT SUM(k) FROM sbtest6 WHERE id BETWEEN 2148206 AND 2158205
	-> Aggregate: sum(sbtest6.k)  (cost=8554 rows=1)
    -> Filter: (sbtest6.id between 2148206 and 2158205)  (cost=3991 rows=19800)
        -> Index range scan on sbtest6 using PRIMARY over (2148206 <= id <= 2158205)  (cost=3991 rows=19800)


table 7 : explain SELECT SUM(k) FROM sbtest7 WHERE id BETWEEN 7015007 AND 7025006
	-> Aggregate: sum(sbtest7.k)  (cost=8554 rows=1)
    -> Filter: (sbtest7.id between 7015007 and 7025006)  (cost=3991 rows=19800)
        -> Index range scan on sbtest7 using PRIMARY over (7015007 <= id <= 7025006)  (cost=3991 rows=19800)


table 8 : explain SELECT SUM(k) FROM sbtest8 WHERE id BETWEEN 7559634 AND 7569633
	-> Aggregate: sum(sbtest8.k)  (cost=8554 rows=1)
    -> Filter: (sbtest8.id between 7559634 and 7569633)  (cost=3991 rows=19800)
        -> Index range scan on sbtest8 using PRIMARY over (7559634 <= id <= 7569633)  (cost=3991 rows=19800)


for: sum_ranges
table 1 : explain SELECT SUM(k) FROM sbtest1 WHERE id BETWEEN 2171486 AND 2181485
	-> Aggregate: sum(sbtest1.k)  (cost=8554 rows=1)
    -> Filter: (sbtest1.id between 2171486 and 2181485)  (cost=3991 rows=19800)
        -> Index range scan on sbtest1 using PRIMARY over (2171486 <= id <= 2181485)  (cost=3991 rows=19800)


table 2 : explain SELECT SUM(k) FROM sbtest2 WHERE id BETWEEN 306374 AND 316373
	-> Aggregate: sum(sbtest2.k)  (cost=8554 rows=1)
    -> Filter: (sbtest2.id between 306374 and 316373)  (cost=3991 rows=19800)
        -> Index range scan on sbtest2 using PRIMARY over (306374 <= id <= 316373)  (cost=3991 rows=19800)


table 3 : explain SELECT SUM(k) FROM sbtest3 WHERE id BETWEEN 3777080 AND 3787079
	-> Aggregate: sum(sbtest3.k)  (cost=8554 rows=1)
    -> Filter: (sbtest3.id between 3777080 and 3787079)  (cost=3991 rows=19800)
        -> Index range scan on sbtest3 using PRIMARY over (3777080 <= id <= 3787079)  (cost=3991 rows=19800)


table 4 : explain SELECT SUM(k) FROM sbtest4 WHERE id BETWEEN 8893525 AND 8903524
	-> Aggregate: sum(sbtest4.k)  (cost=8554 rows=1)
    -> Filter: (sbtest4.id between 8893525 and 8903524)  (cost=3991 rows=19800)
        -> Index range scan on sbtest4 using PRIMARY over (8893525 <= id <= 8903524)  (cost=3991 rows=19800)


table 5 : explain SELECT SUM(k) FROM sbtest5 WHERE id BETWEEN 6677858 AND 6687857
	-> Aggregate: sum(sbtest5.k)  (cost=8566 rows=1)
    -> Filter: (sbtest5.id between 6677858 and 6687857)  (cost=3997 rows=19828)
        -> Index range scan on sbtest5 using PRIMARY over (6677858 <= id <= 6687857)  (cost=3997 rows=19828)


table 6 : explain SELECT SUM(k) FROM sbtest6 WHERE id BETWEEN 2657230 AND 2667229
	-> Aggregate: sum(sbtest6.k)  (cost=8554 rows=1)
    -> Filter: (sbtest6.id between 2657230 and 2667229)  (cost=3991 rows=19800)
        -> Index range scan on sbtest6 using PRIMARY over (2657230 <= id <= 2667229)  (cost=3991 rows=19800)


table 7 : explain SELECT SUM(k) FROM sbtest7 WHERE id BETWEEN 2076209 AND 2086208
	-> Aggregate: sum(sbtest7.k)  (cost=8554 rows=1)
    -> Filter: (sbtest7.id between 2076209 and 2086208)  (cost=3991 rows=19800)
        -> Index range scan on sbtest7 using PRIMARY over (2076209 <= id <= 2086208)  (cost=3991 rows=19800)


table 8 : explain SELECT SUM(k) FROM sbtest8 WHERE id BETWEEN 6308751 AND 6318750
	-> Aggregate: sum(sbtest8.k)  (cost=8554 rows=1)
    -> Filter: (sbtest8.id between 6308751 and 6318750)  (cost=3991 rows=19800)
        -> Index range scan on sbtest8 using PRIMARY over (6308751 <= id <= 6318750)  (cost=3991 rows=19800)


for: order_ranges
table 1 : explain SELECT c FROM sbtest1 WHERE id BETWEEN 1090519 AND 1100518 ORDER BY c
	-> Sort: sbtest1.c  (cost=3991 rows=19800)
    -> Filter: (sbtest1.id between 1090519 and 1100518)  (cost=3991 rows=19800)
        -> Index range scan on sbtest1 using PRIMARY over (1090519 <= id <= 1100518)  (cost=3991 rows=19800)


table 2 : explain SELECT c FROM sbtest2 WHERE id BETWEEN 9464260 AND 9474259 ORDER BY c
	-> Sort: sbtest2.c  (cost=3991 rows=19800)
    -> Filter: (sbtest2.id between 9464260 and 9474259)  (cost=3991 rows=19800)
        -> Index range scan on sbtest2 using PRIMARY over (9464260 <= id <= 9474259)  (cost=3991 rows=19800)


table 3 : explain SELECT c FROM sbtest3 WHERE id BETWEEN 8845701 AND 8855700 ORDER BY c
	-> Sort: sbtest3.c  (cost=3991 rows=19800)
    -> Filter: (sbtest3.id between 8845701 and 8855700)  (cost=3991 rows=19800)
        -> Index range scan on sbtest3 using PRIMARY over (8845701 <= id <= 8855700)  (cost=3991 rows=19800)


table 4 : explain SELECT c FROM sbtest4 WHERE id BETWEEN 7700406 AND 7710405 ORDER BY c
	-> Sort: sbtest4.c  (cost=3991 rows=19800)
    -> Filter: (sbtest4.id between 7700406 and 7710405)  (cost=3991 rows=19800)
        -> Index range scan on sbtest4 using PRIMARY over (7700406 <= id <= 7710405)  (cost=3991 rows=19800)


table 5 : explain SELECT c FROM sbtest5 WHERE id BETWEEN 5603046 AND 5613045 ORDER BY c
	-> Sort: sbtest5.c  (cost=3991 rows=19800)
    -> Filter: (sbtest5.id between 5603046 and 5613045)  (cost=3991 rows=19800)
        -> Index range scan on sbtest5 using PRIMARY over (5603046 <= id <= 5613045)  (cost=3991 rows=19800)


table 6 : explain SELECT c FROM sbtest6 WHERE id BETWEEN 8585891 AND 8595890 ORDER BY c
	-> Sort: sbtest6.c  (cost=3991 rows=19800)
    -> Filter: (sbtest6.id between 8585891 and 8595890)  (cost=3991 rows=19800)
        -> Index range scan on sbtest6 using PRIMARY over (8585891 <= id <= 8595890)  (cost=3991 rows=19800)


table 7 : explain SELECT c FROM sbtest7 WHERE id BETWEEN 7701316 AND 7711315 ORDER BY c
	-> Sort: sbtest7.c  (cost=3991 rows=19800)
    -> Filter: (sbtest7.id between 7701316 and 7711315)  (cost=3991 rows=19800)
        -> Index range scan on sbtest7 using PRIMARY over (7701316 <= id <= 7711315)  (cost=3991 rows=19800)


table 8 : explain SELECT c FROM sbtest8 WHERE id BETWEEN 9447415 AND 9457414 ORDER BY c
	-> Sort: sbtest8.c  (cost=3991 rows=19800)
    -> Filter: (sbtest8.id between 9447415 and 9457414)  (cost=3991 rows=19800)
        -> Index range scan on sbtest8 using PRIMARY over (9447415 <= id <= 9457414)  (cost=3991 rows=19800)


for: order_ranges
table 1 : explain SELECT c FROM sbtest1 WHERE id BETWEEN 7972696 AND 7982695 ORDER BY c
	-> Sort: sbtest1.c  (cost=3991 rows=19800)
    -> Filter: (sbtest1.id between 7972696 and 7982695)  (cost=3991 rows=19800)
        -> Index range scan on sbtest1 using PRIMARY over (7972696 <= id <= 7982695)  (cost=3991 rows=19800)


table 2 : explain SELECT c FROM sbtest2 WHERE id BETWEEN 4154822 AND 4164821 ORDER BY c
	-> Sort: sbtest2.c  (cost=3991 rows=19800)
    -> Filter: (sbtest2.id between 4154822 and 4164821)  (cost=3991 rows=19800)
        -> Index range scan on sbtest2 using PRIMARY over (4154822 <= id <= 4164821)  (cost=3991 rows=19800)


table 3 : explain SELECT c FROM sbtest3 WHERE id BETWEEN 9018310 AND 9028309 ORDER BY c
	-> Sort: sbtest3.c  (cost=3991 rows=19800)
    -> Filter: (sbtest3.id between 9018310 and 9028309)  (cost=3991 rows=19800)
        -> Index range scan on sbtest3 using PRIMARY over (9018310 <= id <= 9028309)  (cost=3991 rows=19800)


table 4 : explain SELECT c FROM sbtest4 WHERE id BETWEEN 8474621 AND 8484620 ORDER BY c
	-> Sort: sbtest4.c  (cost=3991 rows=19800)
    -> Filter: (sbtest4.id between 8474621 and 8484620)  (cost=3991 rows=19800)
        -> Index range scan on sbtest4 using PRIMARY over (8474621 <= id <= 8484620)  (cost=3991 rows=19800)


table 5 : explain SELECT c FROM sbtest5 WHERE id BETWEEN 6363672 AND 6373671 ORDER BY c
	-> Sort: sbtest5.c  (cost=3991 rows=19800)
    -> Filter: (sbtest5.id between 6363672 and 6373671)  (cost=3991 rows=19800)
        -> Index range scan on sbtest5 using PRIMARY over (6363672 <= id <= 6373671)  (cost=3991 rows=19800)


table 6 : explain SELECT c FROM sbtest6 WHERE id BETWEEN 7802410 AND 7812409 ORDER BY c
	-> Sort: sbtest6.c  (cost=3991 rows=19800)
    -> Filter: (sbtest6.id between 7802410 and 7812409)  (cost=3991 rows=19800)
        -> Index range scan on sbtest6 using PRIMARY over (7802410 <= id <= 7812409)  (cost=3991 rows=19800)


table 7 : explain SELECT c FROM sbtest7 WHERE id BETWEEN 7026456 AND 7036455 ORDER BY c
	-> Sort: sbtest7.c  (cost=3991 rows=19800)
    -> Filter: (sbtest7.id between 7026456 and 7036455)  (cost=3991 rows=19800)
        -> Index range scan on sbtest7 using PRIMARY over (7026456 <= id <= 7036455)  (cost=3991 rows=19800)


table 8 : explain SELECT c FROM sbtest8 WHERE id BETWEEN 1587509 AND 1597508 ORDER BY c
	-> Sort: sbtest8.c  (cost=3991 rows=19800)
    -> Filter: (sbtest8.id between 1587509 and 1597508)  (cost=3991 rows=19800)
        -> Index range scan on sbtest8 using PRIMARY over (1587509 <= id <= 1597508)  (cost=3991 rows=19800)


for: order_ranges
table 1 : explain SELECT c FROM sbtest1 WHERE id BETWEEN 2247461 AND 2257460 ORDER BY c
	-> Sort: sbtest1.c  (cost=3991 rows=19800)
    -> Filter: (sbtest1.id between 2247461 and 2257460)  (cost=3991 rows=19800)
        -> Index range scan on sbtest1 using PRIMARY over (2247461 <= id <= 2257460)  (cost=3991 rows=19800)


table 2 : explain SELECT c FROM sbtest2 WHERE id BETWEEN 815397 AND 825396 ORDER BY c
	-> Sort: sbtest2.c  (cost=3991 rows=19800)
    -> Filter: (sbtest2.id between 815397 and 825396)  (cost=3991 rows=19800)
        -> Index range scan on sbtest2 using PRIMARY over (815397 <= id <= 825396)  (cost=3991 rows=19800)


table 3 : explain SELECT c FROM sbtest3 WHERE id BETWEEN 6962323 AND 6972322 ORDER BY c
	-> Sort: sbtest3.c  (cost=3991 rows=19800)
    -> Filter: (sbtest3.id between 6962323 and 6972322)  (cost=3991 rows=19800)
        -> Index range scan on sbtest3 using PRIMARY over (6962323 <= id <= 6972322)  (cost=3991 rows=19800)


table 4 : explain SELECT c FROM sbtest4 WHERE id BETWEEN 9747710 AND 9757709 ORDER BY c
	-> Sort: sbtest4.c  (cost=3991 rows=19800)
    -> Filter: (sbtest4.id between 9747710 and 9757709)  (cost=3991 rows=19800)
        -> Index range scan on sbtest4 using PRIMARY over (9747710 <= id <= 9757709)  (cost=3991 rows=19800)


table 5 : explain SELECT c FROM sbtest5 WHERE id BETWEEN 9933025 AND 9943024 ORDER BY c
	-> Sort: sbtest5.c  (cost=3991 rows=19800)
    -> Filter: (sbtest5.id between 9933025 and 9943024)  (cost=3991 rows=19800)
        -> Index range scan on sbtest5 using PRIMARY over (9933025 <= id <= 9943024)  (cost=3991 rows=19800)


table 6 : explain SELECT c FROM sbtest6 WHERE id BETWEEN 9278794 AND 9288793 ORDER BY c
	-> Sort: sbtest6.c  (cost=3991 rows=19800)
    -> Filter: (sbtest6.id between 9278794 and 9288793)  (cost=3991 rows=19800)
        -> Index range scan on sbtest6 using PRIMARY over (9278794 <= id <= 9288793)  (cost=3991 rows=19800)


table 7 : explain SELECT c FROM sbtest7 WHERE id BETWEEN 8864271 AND 8874270 ORDER BY c
	-> Sort: sbtest7.c  (cost=3991 rows=19800)
    -> Filter: (sbtest7.id between 8864271 and 8874270)  (cost=3991 rows=19800)
        -> Index range scan on sbtest7 using PRIMARY over (8864271 <= id <= 8874270)  (cost=3991 rows=19800)


table 8 : explain SELECT c FROM sbtest8 WHERE id BETWEEN 9103999 AND 9113998 ORDER BY c
	-> Sort: sbtest8.c  (cost=3991 rows=19800)
    -> Filter: (sbtest8.id between 9103999 and 9113998)  (cost=3991 rows=19800)
        -> Index range scan on sbtest8 using PRIMARY over (9103999 <= id <= 9113998)  (cost=3991 rows=19800)


for: sum_ranges
table 1 : explain SELECT SUM(k) FROM sbtest1 WHERE id BETWEEN 7917132 AND 7927131
	-> Aggregate: sum(sbtest1.k)  (cost=8554 rows=1)
    -> Filter: (sbtest1.id between 7917132 and 7927131)  (cost=3991 rows=19800)
        -> Index range scan on sbtest1 using PRIMARY over (7917132 <= id <= 7927131)  (cost=3991 rows=19800)


table 2 : explain SELECT SUM(k) FROM sbtest2 WHERE id BETWEEN 1755996 AND 1765995
	-> Aggregate: sum(sbtest2.k)  (cost=8554 rows=1)
    -> Filter: (sbtest2.id between 1755996 and 1765995)  (cost=3991 rows=19800)
        -> Index range scan on sbtest2 using PRIMARY over (1755996 <= id <= 1765995)  (cost=3991 rows=19800)


table 3 : explain SELECT SUM(k) FROM sbtest3 WHERE id BETWEEN 4449561 AND 4459560
	-> Aggregate: sum(sbtest3.k)  (cost=8554 rows=1)
    -> Filter: (sbtest3.id between 4449561 and 4459560)  (cost=3991 rows=19800)
        -> Index range scan on sbtest3 using PRIMARY over (4449561 <= id <= 4459560)  (cost=3991 rows=19800)


table 4 : explain SELECT SUM(k) FROM sbtest4 WHERE id BETWEEN 5961476 AND 5971475
	-> Aggregate: sum(sbtest4.k)  (cost=8554 rows=1)
    -> Filter: (sbtest4.id between 5961476 and 5971475)  (cost=3991 rows=19800)
        -> Index range scan on sbtest4 using PRIMARY over (5961476 <= id <= 5971475)  (cost=3991 rows=19800)


table 5 : explain SELECT SUM(k) FROM sbtest5 WHERE id BETWEEN 8712454 AND 8722453
	-> Aggregate: sum(sbtest5.k)  (cost=8554 rows=1)
    -> Filter: (sbtest5.id between 8712454 and 8722453)  (cost=3991 rows=19800)
        -> Index range scan on sbtest5 using PRIMARY over (8712454 <= id <= 8722453)  (cost=3991 rows=19800)


table 6 : explain SELECT SUM(k) FROM sbtest6 WHERE id BETWEEN 255557 AND 265556
	-> Aggregate: sum(sbtest6.k)  (cost=8554 rows=1)
    -> Filter: (sbtest6.id between 255557 and 265556)  (cost=3991 rows=19800)
        -> Index range scan on sbtest6 using PRIMARY over (255557 <= id <= 265556)  (cost=3991 rows=19800)


table 7 : explain SELECT SUM(k) FROM sbtest7 WHERE id BETWEEN 8694531 AND 8704530
	-> Aggregate: sum(sbtest7.k)  (cost=8554 rows=1)
    -> Filter: (sbtest7.id between 8694531 and 8704530)  (cost=3991 rows=19800)
        -> Index range scan on sbtest7 using PRIMARY over (8694531 <= id <= 8704530)  (cost=3991 rows=19800)


table 8 : explain SELECT SUM(k) FROM sbtest8 WHERE id BETWEEN 8181544 AND 8191543
	-> Aggregate: sum(sbtest8.k)  (cost=8554 rows=1)
    -> Filter: (sbtest8.id between 8181544 and 8191543)  (cost=3991 rows=19800)
        -> Index range scan on sbtest8 using PRIMARY over (8181544 <= id <= 8191543)  (cost=3991 rows=19800)


for: order_ranges
table 1 : explain SELECT c FROM sbtest1 WHERE id BETWEEN 5843010 AND 5853009 ORDER BY c
	-> Sort: sbtest1.c  (cost=3991 rows=19800)
    -> Filter: (sbtest1.id between 5843010 and 5853009)  (cost=3991 rows=19800)
        -> Index range scan on sbtest1 using PRIMARY over (5843010 <= id <= 5853009)  (cost=3991 rows=19800)


table 2 : explain SELECT c FROM sbtest2 WHERE id BETWEEN 4070317 AND 4080316 ORDER BY c
	-> Sort: sbtest2.c  (cost=3991 rows=19800)
    -> Filter: (sbtest2.id between 4070317 and 4080316)  (cost=3991 rows=19800)
        -> Index range scan on sbtest2 using PRIMARY over (4070317 <= id <= 4080316)  (cost=3991 rows=19800)


table 3 : explain SELECT c FROM sbtest3 WHERE id BETWEEN 6195194 AND 6205193 ORDER BY c
	-> Sort: sbtest3.c  (cost=3991 rows=19800)
    -> Filter: (sbtest3.id between 6195194 and 6205193)  (cost=3991 rows=19800)
        -> Index range scan on sbtest3 using PRIMARY over (6195194 <= id <= 6205193)  (cost=3991 rows=19800)


table 4 : explain SELECT c FROM sbtest4 WHERE id BETWEEN 2612068 AND 2622067 ORDER BY c
	-> Sort: sbtest4.c  (cost=3991 rows=19800)
    -> Filter: (sbtest4.id between 2612068 and 2622067)  (cost=3991 rows=19800)
        -> Index range scan on sbtest4 using PRIMARY over (2612068 <= id <= 2622067)  (cost=3991 rows=19800)


table 5 : explain SELECT c FROM sbtest5 WHERE id BETWEEN 6170403 AND 6180402 ORDER BY c
	-> Sort: sbtest5.c  (cost=3991 rows=19800)
    -> Filter: (sbtest5.id between 6170403 and 6180402)  (cost=3991 rows=19800)
        -> Index range scan on sbtest5 using PRIMARY over (6170403 <= id <= 6180402)  (cost=3991 rows=19800)


table 6 : explain SELECT c FROM sbtest6 WHERE id BETWEEN 5402731 AND 5412730 ORDER BY c
	-> Sort: sbtest6.c  (cost=3991 rows=19800)
    -> Filter: (sbtest6.id between 5402731 and 5412730)  (cost=3991 rows=19800)
        -> Index range scan on sbtest6 using PRIMARY over (5402731 <= id <= 5412730)  (cost=3991 rows=19800)


table 7 : explain SELECT c FROM sbtest7 WHERE id BETWEEN 6297397 AND 6307396 ORDER BY c
	-> Sort: sbtest7.c  (cost=3991 rows=19800)
    -> Filter: (sbtest7.id between 6297397 and 6307396)  (cost=3991 rows=19800)
        -> Index range scan on sbtest7 using PRIMARY over (6297397 <= id <= 6307396)  (cost=3991 rows=19800)


table 8 : explain SELECT c FROM sbtest8 WHERE id BETWEEN 9536179 AND 9546178 ORDER BY c
	-> Sort: sbtest8.c  (cost=3991 rows=19800)
    -> Filter: (sbtest8.id between 9536179 and 9546178)  (cost=3991 rows=19800)
        -> Index range scan on sbtest8 using PRIMARY over (9536179 <= id <= 9546178)  (cost=3991 rows=19800)


for: order_ranges
table 1 : explain SELECT c FROM sbtest1 WHERE id BETWEEN 4651900 AND 4661899 ORDER BY c
	-> Sort: sbtest1.c  (cost=3991 rows=19800)
    -> Filter: (sbtest1.id between 4651900 and 4661899)  (cost=3991 rows=19800)
        -> Index range scan on sbtest1 using PRIMARY over (4651900 <= id <= 4661899)  (cost=3991 rows=19800)


table 2 : explain SELECT c FROM sbtest2 WHERE id BETWEEN 4040824 AND 4050823 ORDER BY c
	-> Sort: sbtest2.c  (cost=3991 rows=19800)
    -> Filter: (sbtest2.id between 4040824 and 4050823)  (cost=3991 rows=19800)
        -> Index range scan on sbtest2 using PRIMARY over (4040824 <= id <= 4050823)  (cost=3991 rows=19800)


table 3 : explain SELECT c FROM sbtest3 WHERE id BETWEEN 29137 AND 39136 ORDER BY c
	-> Sort: sbtest3.c  (cost=3991 rows=19800)
    -> Filter: (sbtest3.id between 29137 and 39136)  (cost=3991 rows=19800)
        -> Index range scan on sbtest3 using PRIMARY over (29137 <= id <= 39136)  (cost=3991 rows=19800)


table 4 : explain SELECT c FROM sbtest4 WHERE id BETWEEN 6694686 AND 6704685 ORDER BY c
	-> Sort: sbtest4.c  (cost=3991 rows=19800)
    -> Filter: (sbtest4.id between 6694686 and 6704685)  (cost=3991 rows=19800)
        -> Index range scan on sbtest4 using PRIMARY over (6694686 <= id <= 6704685)  (cost=3991 rows=19800)


table 5 : explain SELECT c FROM sbtest5 WHERE id BETWEEN 5512903 AND 5522902 ORDER BY c
	-> Sort: sbtest5.c  (cost=3991 rows=19800)
    -> Filter: (sbtest5.id between 5512903 and 5522902)  (cost=3991 rows=19800)
        -> Index range scan on sbtest5 using PRIMARY over (5512903 <= id <= 5522902)  (cost=3991 rows=19800)


table 6 : explain SELECT c FROM sbtest6 WHERE id BETWEEN 9980761 AND 9990760 ORDER BY c
	-> Sort: sbtest6.c  (cost=3991 rows=19800)
    -> Filter: (sbtest6.id between 9980761 and 9990760)  (cost=3991 rows=19800)
        -> Index range scan on sbtest6 using PRIMARY over (9980761 <= id <= 9990760)  (cost=3991 rows=19800)


table 7 : explain SELECT c FROM sbtest7 WHERE id BETWEEN 5970136 AND 5980135 ORDER BY c
	-> Sort: sbtest7.c  (cost=3991 rows=19800)
    -> Filter: (sbtest7.id between 5970136 and 5980135)  (cost=3991 rows=19800)
        -> Index range scan on sbtest7 using PRIMARY over (5970136 <= id <= 5980135)  (cost=3991 rows=19800)


table 8 : explain SELECT c FROM sbtest8 WHERE id BETWEEN 9699134 AND 9709133 ORDER BY c
	-> Sort: sbtest8.c  (cost=3991 rows=19800)
    -> Filter: (sbtest8.id between 9699134 and 9709133)  (cost=3991 rows=19800)
        -> Index range scan on sbtest8 using PRIMARY over (9699134 <= id <= 9709133)  (cost=3991 rows=19800)


for: distinct_ranges
table 1 : explain SELECT DISTINCT c FROM sbtest1 WHERE id BETWEEN 3596799 AND 3606798 ORDER BY c
	-> Sort: sbtest1.c
    -> Table scan on <temporary>  (cost=8554..8804 rows=19800)
        -> Temporary table with deduplication  (cost=8554..8554 rows=19800)
            -> Filter: (sbtest1.id between 3596799 and 3606798)  (cost=3991 rows=19800)
                -> Index range scan on sbtest1 using PRIMARY over (3596799 <= id <= 3606798)  (cost=3991 rows=19800)


table 2 : explain SELECT DISTINCT c FROM sbtest2 WHERE id BETWEEN 8440205 AND 8450204 ORDER BY c
	-> Sort: sbtest2.c
    -> Table scan on <temporary>  (cost=8554..8804 rows=19800)
        -> Temporary table with deduplication  (cost=8554..8554 rows=19800)
            -> Filter: (sbtest2.id between 8440205 and 8450204)  (cost=3991 rows=19800)
                -> Index range scan on sbtest2 using PRIMARY over (8440205 <= id <= 8450204)  (cost=3991 rows=19800)


table 3 : explain SELECT DISTINCT c FROM sbtest3 WHERE id BETWEEN 204302 AND 214301 ORDER BY c
	-> Sort: sbtest3.c
    -> Table scan on <temporary>  (cost=8554..8804 rows=19800)
        -> Temporary table with deduplication  (cost=8554..8554 rows=19800)
            -> Filter: (sbtest3.id between 204302 and 214301)  (cost=3991 rows=19800)
                -> Index range scan on sbtest3 using PRIMARY over (204302 <= id <= 214301)  (cost=3991 rows=19800)


table 4 : explain SELECT DISTINCT c FROM sbtest4 WHERE id BETWEEN 923314 AND 933313 ORDER BY c
	-> Sort: sbtest4.c
    -> Table scan on <temporary>  (cost=8554..8804 rows=19800)
        -> Temporary table with deduplication  (cost=8554..8554 rows=19800)
            -> Filter: (sbtest4.id between 923314 and 933313)  (cost=3991 rows=19800)
                -> Index range scan on sbtest4 using PRIMARY over (923314 <= id <= 933313)  (cost=3991 rows=19800)


table 5 : explain SELECT DISTINCT c FROM sbtest5 WHERE id BETWEEN 5709628 AND 5719627 ORDER BY c
	-> Sort: sbtest5.c
    -> Table scan on <temporary>  (cost=8554..8804 rows=19800)
        -> Temporary table with deduplication  (cost=8554..8554 rows=19800)
            -> Filter: (sbtest5.id between 5709628 and 5719627)  (cost=3991 rows=19800)
                -> Index range scan on sbtest5 using PRIMARY over (5709628 <= id <= 5719627)  (cost=3991 rows=19800)


table 6 : explain SELECT DISTINCT c FROM sbtest6 WHERE id BETWEEN 2908196 AND 2918195 ORDER BY c
	-> Sort: sbtest6.c
    -> Table scan on <temporary>  (cost=8554..8804 rows=19800)
        -> Temporary table with deduplication  (cost=8554..8554 rows=19800)
            -> Filter: (sbtest6.id between 2908196 and 2918195)  (cost=3991 rows=19800)
                -> Index range scan on sbtest6 using PRIMARY over (2908196 <= id <= 2918195)  (cost=3991 rows=19800)


table 7 : explain SELECT DISTINCT c FROM sbtest7 WHERE id BETWEEN 365723 AND 375722 ORDER BY c
	-> Sort: sbtest7.c
    -> Table scan on <temporary>  (cost=8554..8804 rows=19800)
        -> Temporary table with deduplication  (cost=8554..8554 rows=19800)
            -> Filter: (sbtest7.id between 365723 and 375722)  (cost=3991 rows=19800)
                -> Index range scan on sbtest7 using PRIMARY over (365723 <= id <= 375722)  (cost=3991 rows=19800)


table 8 : explain SELECT DISTINCT c FROM sbtest8 WHERE id BETWEEN 374008 AND 384007 ORDER BY c
	-> Sort: sbtest8.c
    -> Table scan on <temporary>  (cost=8554..8804 rows=19800)
        -> Temporary table with deduplication  (cost=8554..8554 rows=19800)
            -> Filter: (sbtest8.id between 374008 and 384007)  (cost=3991 rows=19800)
                -> Index range scan on sbtest8 using PRIMARY over (374008 <= id <= 384007)  (cost=3991 rows=19800)


for: distinct_ranges
table 1 : explain SELECT DISTINCT c FROM sbtest1 WHERE id BETWEEN 4414832 AND 4424831 ORDER BY c
	-> Sort: sbtest1.c
    -> Table scan on <temporary>  (cost=8554..8804 rows=19800)
        -> Temporary table with deduplication  (cost=8554..8554 rows=19800)
            -> Filter: (sbtest1.id between 4414832 and 4424831)  (cost=3991 rows=19800)
                -> Index range scan on sbtest1 using PRIMARY over (4414832 <= id <= 4424831)  (cost=3991 rows=19800)


table 2 : explain SELECT DISTINCT c FROM sbtest2 WHERE id BETWEEN 1799309 AND 1809308 ORDER BY c
	-> Sort: sbtest2.c
    -> Table scan on <temporary>  (cost=8554..8804 rows=19800)
        -> Temporary table with deduplication  (cost=8554..8554 rows=19800)
            -> Filter: (sbtest2.id between 1799309 and 1809308)  (cost=3991 rows=19800)
                -> Index range scan on sbtest2 using PRIMARY over (1799309 <= id <= 1809308)  (cost=3991 rows=19800)


table 3 : explain SELECT DISTINCT c FROM sbtest3 WHERE id BETWEEN 6462765 AND 6472764 ORDER BY c
	-> Sort: sbtest3.c
    -> Table scan on <temporary>  (cost=8554..8804 rows=19800)
        -> Temporary table with deduplication  (cost=8554..8554 rows=19800)
            -> Filter: (sbtest3.id between 6462765 and 6472764)  (cost=3991 rows=19800)
                -> Index range scan on sbtest3 using PRIMARY over (6462765 <= id <= 6472764)  (cost=3991 rows=19800)


table 4 : explain SELECT DISTINCT c FROM sbtest4 WHERE id BETWEEN 7628117 AND 7638116 ORDER BY c
	-> Sort: sbtest4.c
    -> Table scan on <temporary>  (cost=8554..8804 rows=19800)
        -> Temporary table with deduplication  (cost=8554..8554 rows=19800)
            -> Filter: (sbtest4.id between 7628117 and 7638116)  (cost=3991 rows=19800)
                -> Index range scan on sbtest4 using PRIMARY over (7628117 <= id <= 7638116)  (cost=3991 rows=19800)


table 5 : explain SELECT DISTINCT c FROM sbtest5 WHERE id BETWEEN 7920787 AND 7930786 ORDER BY c
	-> Sort: sbtest5.c
    -> Table scan on <temporary>  (cost=8554..8804 rows=19800)
        -> Temporary table with deduplication  (cost=8554..8554 rows=19800)
            -> Filter: (sbtest5.id between 7920787 and 7930786)  (cost=3991 rows=19800)
                -> Index range scan on sbtest5 using PRIMARY over (7920787 <= id <= 7930786)  (cost=3991 rows=19800)


table 6 : explain SELECT DISTINCT c FROM sbtest6 WHERE id BETWEEN 4622350 AND 4632349 ORDER BY c
	-> Sort: sbtest6.c
    -> Table scan on <temporary>  (cost=8554..8804 rows=19800)
        -> Temporary table with deduplication  (cost=8554..8554 rows=19800)
            -> Filter: (sbtest6.id between 4622350 and 4632349)  (cost=3991 rows=19800)
                -> Index range scan on sbtest6 using PRIMARY over (4622350 <= id <= 4632349)  (cost=3991 rows=19800)


table 7 : explain SELECT DISTINCT c FROM sbtest7 WHERE id BETWEEN 7738670 AND 7748669 ORDER BY c
	-> Sort: sbtest7.c
    -> Table scan on <temporary>  (cost=8554..8804 rows=19800)
        -> Temporary table with deduplication  (cost=8554..8554 rows=19800)
            -> Filter: (sbtest7.id between 7738670 and 7748669)  (cost=3991 rows=19800)
                -> Index range scan on sbtest7 using PRIMARY over (7738670 <= id <= 7748669)  (cost=3991 rows=19800)


table 8 : explain SELECT DISTINCT c FROM sbtest8 WHERE id BETWEEN 2877144 AND 2887143 ORDER BY c
	-> Sort: sbtest8.c
    -> Table scan on <temporary>  (cost=8554..8804 rows=19800)
        -> Temporary table with deduplication  (cost=8554..8554 rows=19800)
            -> Filter: (sbtest8.id between 2877144 and 2887143)  (cost=3991 rows=19800)
                -> Index range scan on sbtest8 using PRIMARY over (2877144 <= id <= 2887143)  (cost=3991 rows=19800)


for: distinct_ranges
table 1 : explain SELECT DISTINCT c FROM sbtest1 WHERE id BETWEEN 1592335 AND 1602334 ORDER BY c
	-> Sort: sbtest1.c
    -> Table scan on <temporary>  (cost=8554..8804 rows=19800)
        -> Temporary table with deduplication  (cost=8554..8554 rows=19800)
            -> Filter: (sbtest1.id between 1592335 and 1602334)  (cost=3991 rows=19800)
                -> Index range scan on sbtest1 using PRIMARY over (1592335 <= id <= 1602334)  (cost=3991 rows=19800)


table 2 : explain SELECT DISTINCT c FROM sbtest2 WHERE id BETWEEN 2243184 AND 2253183 ORDER BY c
	-> Sort: sbtest2.c
    -> Table scan on <temporary>  (cost=8554..8804 rows=19800)
        -> Temporary table with deduplication  (cost=8554..8554 rows=19800)
            -> Filter: (sbtest2.id between 2243184 and 2253183)  (cost=3991 rows=19800)
                -> Index range scan on sbtest2 using PRIMARY over (2243184 <= id <= 2253183)  (cost=3991 rows=19800)


table 3 : explain SELECT DISTINCT c FROM sbtest3 WHERE id BETWEEN 1318231 AND 1328230 ORDER BY c
	-> Sort: sbtest3.c
    -> Table scan on <temporary>  (cost=8554..8804 rows=19800)
        -> Temporary table with deduplication  (cost=8554..8554 rows=19800)
            -> Filter: (sbtest3.id between 1318231 and 1328230)  (cost=3991 rows=19800)
                -> Index range scan on sbtest3 using PRIMARY over (1318231 <= id <= 1328230)  (cost=3991 rows=19800)


table 4 : explain SELECT DISTINCT c FROM sbtest4 WHERE id BETWEEN 2796194 AND 2806193 ORDER BY c
	-> Sort: sbtest4.c
    -> Table scan on <temporary>  (cost=8554..8804 rows=19800)
        -> Temporary table with deduplication  (cost=8554..8554 rows=19800)
            -> Filter: (sbtest4.id between 2796194 and 2806193)  (cost=3991 rows=19800)
                -> Index range scan on sbtest4 using PRIMARY over (2796194 <= id <= 2806193)  (cost=3991 rows=19800)


table 5 : explain SELECT DISTINCT c FROM sbtest5 WHERE id BETWEEN 1623924 AND 1633923 ORDER BY c
	-> Sort: sbtest5.c
    -> Table scan on <temporary>  (cost=8554..8804 rows=19800)
        -> Temporary table with deduplication  (cost=8554..8554 rows=19800)
            -> Filter: (sbtest5.id between 1623924 and 1633923)  (cost=3991 rows=19800)
                -> Index range scan on sbtest5 using PRIMARY over (1623924 <= id <= 1633923)  (cost=3991 rows=19800)


table 6 : explain SELECT DISTINCT c FROM sbtest6 WHERE id BETWEEN 8921804 AND 8931803 ORDER BY c
	-> Sort: sbtest6.c
    -> Table scan on <temporary>  (cost=8554..8804 rows=19800)
        -> Temporary table with deduplication  (cost=8554..8554 rows=19800)
            -> Filter: (sbtest6.id between 8921804 and 8931803)  (cost=3991 rows=19800)
                -> Index range scan on sbtest6 using PRIMARY over (8921804 <= id <= 8931803)  (cost=3991 rows=19800)


table 7 : explain SELECT DISTINCT c FROM sbtest7 WHERE id BETWEEN 3016748 AND 3026747 ORDER BY c
	-> Sort: sbtest7.c
    -> Table scan on <temporary>  (cost=8554..8804 rows=19800)
        -> Temporary table with deduplication  (cost=8554..8554 rows=19800)
            -> Filter: (sbtest7.id between 3016748 and 3026747)  (cost=3991 rows=19800)
                -> Index range scan on sbtest7 using PRIMARY over (3016748 <= id <= 3026747)  (cost=3991 rows=19800)


table 8 : explain SELECT DISTINCT c FROM sbtest8 WHERE id BETWEEN 2004117 AND 2014116 ORDER BY c
	-> Sort: sbtest8.c
    -> Table scan on <temporary>  (cost=8554..8804 rows=19800)
        -> Temporary table with deduplication  (cost=8554..8554 rows=19800)
            -> Filter: (sbtest8.id between 2004117 and 2014116)  (cost=3991 rows=19800)
                -> Index range scan on sbtest8 using PRIMARY over (2004117 <= id <= 2014116)  (cost=3991 rows=19800)


for: distinct_ranges
table 1 : explain SELECT DISTINCT c FROM sbtest1 WHERE id BETWEEN 3928375 AND 3938374 ORDER BY c
	-> Sort: sbtest1.c
    -> Table scan on <temporary>  (cost=8554..8804 rows=19800)
        -> Temporary table with deduplication  (cost=8554..8554 rows=19800)
            -> Filter: (sbtest1.id between 3928375 and 3938374)  (cost=3991 rows=19800)
                -> Index range scan on sbtest1 using PRIMARY over (3928375 <= id <= 3938374)  (cost=3991 rows=19800)


table 2 : explain SELECT DISTINCT c FROM sbtest2 WHERE id BETWEEN 3635081 AND 3645080 ORDER BY c
	-> Sort: sbtest2.c
    -> Table scan on <temporary>  (cost=8554..8804 rows=19800)
        -> Temporary table with deduplication  (cost=8554..8554 rows=19800)
            -> Filter: (sbtest2.id between 3635081 and 3645080)  (cost=3991 rows=19800)
                -> Index range scan on sbtest2 using PRIMARY over (3635081 <= id <= 3645080)  (cost=3991 rows=19800)


table 3 : explain SELECT DISTINCT c FROM sbtest3 WHERE id BETWEEN 1436461 AND 1446460 ORDER BY c
	-> Sort: sbtest3.c
    -> Table scan on <temporary>  (cost=8554..8804 rows=19800)
        -> Temporary table with deduplication  (cost=8554..8554 rows=19800)
            -> Filter: (sbtest3.id between 1436461 and 1446460)  (cost=3991 rows=19800)
                -> Index range scan on sbtest3 using PRIMARY over (1436461 <= id <= 1446460)  (cost=3991 rows=19800)


table 4 : explain SELECT DISTINCT c FROM sbtest4 WHERE id BETWEEN 8315711 AND 8325710 ORDER BY c
	-> Sort: sbtest4.c
    -> Table scan on <temporary>  (cost=8554..8804 rows=19800)
        -> Temporary table with deduplication  (cost=8554..8554 rows=19800)
            -> Filter: (sbtest4.id between 8315711 and 8325710)  (cost=3991 rows=19800)
                -> Index range scan on sbtest4 using PRIMARY over (8315711 <= id <= 8325710)  (cost=3991 rows=19800)


table 5 : explain SELECT DISTINCT c FROM sbtest5 WHERE id BETWEEN 8911522 AND 8921521 ORDER BY c
	-> Sort: sbtest5.c
    -> Table scan on <temporary>  (cost=8554..8804 rows=19800)
        -> Temporary table with deduplication  (cost=8554..8554 rows=19800)
            -> Filter: (sbtest5.id between 8911522 and 8921521)  (cost=3991 rows=19800)
                -> Index range scan on sbtest5 using PRIMARY over (8911522 <= id <= 8921521)  (cost=3991 rows=19800)


table 6 : explain SELECT DISTINCT c FROM sbtest6 WHERE id BETWEEN 5364853 AND 5374852 ORDER BY c
	-> Sort: sbtest6.c
    -> Table scan on <temporary>  (cost=8554..8804 rows=19800)
        -> Temporary table with deduplication  (cost=8554..8554 rows=19800)
            -> Filter: (sbtest6.id between 5364853 and 5374852)  (cost=3991 rows=19800)
                -> Index range scan on sbtest6 using PRIMARY over (5364853 <= id <= 5374852)  (cost=3991 rows=19800)


table 7 : explain SELECT DISTINCT c FROM sbtest7 WHERE id BETWEEN 1587967 AND 1597966 ORDER BY c
	-> Sort: sbtest7.c
    -> Table scan on <temporary>  (cost=8554..8804 rows=19800)
        -> Temporary table with deduplication  (cost=8554..8554 rows=19800)
            -> Filter: (sbtest7.id between 1587967 and 1597966)  (cost=3991 rows=19800)
                -> Index range scan on sbtest7 using PRIMARY over (1587967 <= id <= 1597966)  (cost=3991 rows=19800)


table 8 : explain SELECT DISTINCT c FROM sbtest8 WHERE id BETWEEN 1384038 AND 1394037 ORDER BY c
	-> Sort: sbtest8.c
    -> Table scan on <temporary>  (cost=8554..8804 rows=19800)
        -> Temporary table with deduplication  (cost=8554..8554 rows=19800)
            -> Filter: (sbtest8.id between 1384038 and 1394037)  (cost=3991 rows=19800)
                -> Index range scan on sbtest8 using PRIMARY over (1384038 <= id <= 1394037)  (cost=3991 rows=19800)


for: distinct_ranges
table 1 : explain SELECT DISTINCT c FROM sbtest1 WHERE id BETWEEN 3367130 AND 3377129 ORDER BY c
	-> Sort: sbtest1.c
    -> Table scan on <temporary>  (cost=8554..8804 rows=19800)
        -> Temporary table with deduplication  (cost=8554..8554 rows=19800)
            -> Filter: (sbtest1.id between 3367130 and 3377129)  (cost=3991 rows=19800)
                -> Index range scan on sbtest1 using PRIMARY over (3367130 <= id <= 3377129)  (cost=3991 rows=19800)


table 2 : explain SELECT DISTINCT c FROM sbtest2 WHERE id BETWEEN 66127 AND 76126 ORDER BY c
	-> Sort: sbtest2.c
    -> Table scan on <temporary>  (cost=8554..8804 rows=19800)
        -> Temporary table with deduplication  (cost=8554..8554 rows=19800)
            -> Filter: (sbtest2.id between 66127 and 76126)  (cost=3991 rows=19800)
                -> Index range scan on sbtest2 using PRIMARY over (66127 <= id <= 76126)  (cost=3991 rows=19800)


table 3 : explain SELECT DISTINCT c FROM sbtest3 WHERE id BETWEEN 7609362 AND 7619361 ORDER BY c
	-> Sort: sbtest3.c
    -> Table scan on <temporary>  (cost=8554..8804 rows=19800)
        -> Temporary table with deduplication  (cost=8554..8554 rows=19800)
            -> Filter: (sbtest3.id between 7609362 and 7619361)  (cost=3991 rows=19800)
                -> Index range scan on sbtest3 using PRIMARY over (7609362 <= id <= 7619361)  (cost=3991 rows=19800)


table 4 : explain SELECT DISTINCT c FROM sbtest4 WHERE id BETWEEN 9591901 AND 9601900 ORDER BY c
	-> Sort: sbtest4.c
    -> Table scan on <temporary>  (cost=8554..8804 rows=19800)
        -> Temporary table with deduplication  (cost=8554..8554 rows=19800)
            -> Filter: (sbtest4.id between 9591901 and 9601900)  (cost=3991 rows=19800)
                -> Index range scan on sbtest4 using PRIMARY over (9591901 <= id <= 9601900)  (cost=3991 rows=19800)


table 5 : explain SELECT DISTINCT c FROM sbtest5 WHERE id BETWEEN 3166966 AND 3176965 ORDER BY c
	-> Sort: sbtest5.c
    -> Table scan on <temporary>  (cost=8554..8804 rows=19800)
        -> Temporary table with deduplication  (cost=8554..8554 rows=19800)
            -> Filter: (sbtest5.id between 3166966 and 3176965)  (cost=3991 rows=19800)
                -> Index range scan on sbtest5 using PRIMARY over (3166966 <= id <= 3176965)  (cost=3991 rows=19800)


table 6 : explain SELECT DISTINCT c FROM sbtest6 WHERE id BETWEEN 8077456 AND 8087455 ORDER BY c
	-> Sort: sbtest6.c
    -> Table scan on <temporary>  (cost=8554..8804 rows=19800)
        -> Temporary table with deduplication  (cost=8554..8554 rows=19800)
            -> Filter: (sbtest6.id between 8077456 and 8087455)  (cost=3991 rows=19800)
                -> Index range scan on sbtest6 using PRIMARY over (8077456 <= id <= 8087455)  (cost=3991 rows=19800)


table 7 : explain SELECT DISTINCT c FROM sbtest7 WHERE id BETWEEN 3475408 AND 3485407 ORDER BY c
	-> Sort: sbtest7.c
    -> Table scan on <temporary>  (cost=8554..8804 rows=19800)
        -> Temporary table with deduplication  (cost=8554..8554 rows=19800)
            -> Filter: (sbtest7.id between 3475408 and 3485407)  (cost=3991 rows=19800)
                -> Index range scan on sbtest7 using PRIMARY over (3475408 <= id <= 3485407)  (cost=3991 rows=19800)


table 8 : explain SELECT DISTINCT c FROM sbtest8 WHERE id BETWEEN 7200798 AND 7210797 ORDER BY c
	-> Sort: sbtest8.c
    -> Table scan on <temporary>  (cost=8554..8804 rows=19800)
        -> Temporary table with deduplication  (cost=8554..8554 rows=19800)
            -> Filter: (sbtest8.id between 7200798 and 7210797)  (cost=3991 rows=19800)
                -> Index range scan on sbtest8 using PRIMARY over (7200798 <= id <= 7210797)  (cost=3991 rows=19800)


for: sum_ranges
table 1 : explain SELECT SUM(k) FROM sbtest1 WHERE id BETWEEN 3296486 AND 3306485
	-> Aggregate: sum(sbtest1.k)  (cost=8554 rows=1)
    -> Filter: (sbtest1.id between 3296486 and 3306485)  (cost=3991 rows=19800)
        -> Index range scan on sbtest1 using PRIMARY over (3296486 <= id <= 3306485)  (cost=3991 rows=19800)


table 2 : explain SELECT SUM(k) FROM sbtest2 WHERE id BETWEEN 1790440 AND 1800439
	-> Aggregate: sum(sbtest2.k)  (cost=8554 rows=1)
    -> Filter: (sbtest2.id between 1790440 and 1800439)  (cost=3991 rows=19800)
        -> Index range scan on sbtest2 using PRIMARY over (1790440 <= id <= 1800439)  (cost=3991 rows=19800)


table 3 : explain SELECT SUM(k) FROM sbtest3 WHERE id BETWEEN 9420816 AND 9430815
	-> Aggregate: sum(sbtest3.k)  (cost=8554 rows=1)
    -> Filter: (sbtest3.id between 9420816 and 9430815)  (cost=3991 rows=19800)
        -> Index range scan on sbtest3 using PRIMARY over (9420816 <= id <= 9430815)  (cost=3991 rows=19800)


table 4 : explain SELECT SUM(k) FROM sbtest4 WHERE id BETWEEN 6739755 AND 6749754
	-> Aggregate: sum(sbtest4.k)  (cost=8554 rows=1)
    -> Filter: (sbtest4.id between 6739755 and 6749754)  (cost=3991 rows=19800)
        -> Index range scan on sbtest4 using PRIMARY over (6739755 <= id <= 6749754)  (cost=3991 rows=19800)


table 5 : explain SELECT SUM(k) FROM sbtest5 WHERE id BETWEEN 5984400 AND 5994399
	-> Aggregate: sum(sbtest5.k)  (cost=8554 rows=1)
    -> Filter: (sbtest5.id between 5984400 and 5994399)  (cost=3991 rows=19800)
        -> Index range scan on sbtest5 using PRIMARY over (5984400 <= id <= 5994399)  (cost=3991 rows=19800)


table 6 : explain SELECT SUM(k) FROM sbtest6 WHERE id BETWEEN 4396291 AND 4406290
	-> Aggregate: sum(sbtest6.k)  (cost=8554 rows=1)
    -> Filter: (sbtest6.id between 4396291 and 4406290)  (cost=3991 rows=19800)
        -> Index range scan on sbtest6 using PRIMARY over (4396291 <= id <= 4406290)  (cost=3991 rows=19800)


table 7 : explain SELECT SUM(k) FROM sbtest7 WHERE id BETWEEN 7616848 AND 7626847
	-> Aggregate: sum(sbtest7.k)  (cost=8554 rows=1)
    -> Filter: (sbtest7.id between 7616848 and 7626847)  (cost=3991 rows=19800)
        -> Index range scan on sbtest7 using PRIMARY over (7616848 <= id <= 7626847)  (cost=3991 rows=19800)


table 8 : explain SELECT SUM(k) FROM sbtest8 WHERE id BETWEEN 8171391 AND 8181390
	-> Aggregate: sum(sbtest8.k)  (cost=8554 rows=1)
    -> Filter: (sbtest8.id between 8171391 and 8181390)  (cost=3991 rows=19800)
        -> Index range scan on sbtest8 using PRIMARY over (8171391 <= id <= 8181390)  (cost=3991 rows=19800)


for: order_ranges
table 1 : explain SELECT c FROM sbtest1 WHERE id BETWEEN 3572482 AND 3582481 ORDER BY c
	-> Sort: sbtest1.c  (cost=3991 rows=19800)
    -> Filter: (sbtest1.id between 3572482 and 3582481)  (cost=3991 rows=19800)
        -> Index range scan on sbtest1 using PRIMARY over (3572482 <= id <= 3582481)  (cost=3991 rows=19800)


table 2 : explain SELECT c FROM sbtest2 WHERE id BETWEEN 8870983 AND 8880982 ORDER BY c
	-> Sort: sbtest2.c  (cost=3991 rows=19800)
    -> Filter: (sbtest2.id between 8870983 and 8880982)  (cost=3991 rows=19800)
        -> Index range scan on sbtest2 using PRIMARY over (8870983 <= id <= 8880982)  (cost=3991 rows=19800)


table 3 : explain SELECT c FROM sbtest3 WHERE id BETWEEN 834292 AND 844291 ORDER BY c
	-> Sort: sbtest3.c  (cost=3991 rows=19800)
    -> Filter: (sbtest3.id between 834292 and 844291)  (cost=3991 rows=19800)
        -> Index range scan on sbtest3 using PRIMARY over (834292 <= id <= 844291)  (cost=3991 rows=19800)


table 4 : explain SELECT c FROM sbtest4 WHERE id BETWEEN 4442852 AND 4452851 ORDER BY c
	-> Sort: sbtest4.c  (cost=3991 rows=19800)
    -> Filter: (sbtest4.id between 4442852 and 4452851)  (cost=3991 rows=19800)
        -> Index range scan on sbtest4 using PRIMARY over (4442852 <= id <= 4452851)  (cost=3991 rows=19800)


table 5 : explain SELECT c FROM sbtest5 WHERE id BETWEEN 5777093 AND 5787092 ORDER BY c
	-> Sort: sbtest5.c  (cost=3991 rows=19800)
    -> Filter: (sbtest5.id between 5777093 and 5787092)  (cost=3991 rows=19800)
        -> Index range scan on sbtest5 using PRIMARY over (5777093 <= id <= 5787092)  (cost=3991 rows=19800)


table 6 : explain SELECT c FROM sbtest6 WHERE id BETWEEN 2372607 AND 2382606 ORDER BY c
	-> Sort: sbtest6.c  (cost=3991 rows=19800)
    -> Filter: (sbtest6.id between 2372607 and 2382606)  (cost=3991 rows=19800)
        -> Index range scan on sbtest6 using PRIMARY over (2372607 <= id <= 2382606)  (cost=3991 rows=19800)


table 7 : explain SELECT c FROM sbtest7 WHERE id BETWEEN 5699774 AND 5709773 ORDER BY c
	-> Sort: sbtest7.c  (cost=3991 rows=19800)
    -> Filter: (sbtest7.id between 5699774 and 5709773)  (cost=3991 rows=19800)
        -> Index range scan on sbtest7 using PRIMARY over (5699774 <= id <= 5709773)  (cost=3991 rows=19800)


table 8 : explain SELECT c FROM sbtest8 WHERE id BETWEEN 6592698 AND 6602697 ORDER BY c
	-> Sort: sbtest8.c  (cost=3991 rows=19800)
    -> Filter: (sbtest8.id between 6592698 and 6602697)  (cost=3991 rows=19800)
        -> Index range scan on sbtest8 using PRIMARY over (6592698 <= id <= 6602697)  (cost=3991 rows=19800)


for: distinct_ranges
table 1 : explain SELECT DISTINCT c FROM sbtest1 WHERE id BETWEEN 7603833 AND 7613832 ORDER BY c
	-> Sort: sbtest1.c
    -> Table scan on <temporary>  (cost=8554..8804 rows=19800)
        -> Temporary table with deduplication  (cost=8554..8554 rows=19800)
            -> Filter: (sbtest1.id between 7603833 and 7613832)  (cost=3991 rows=19800)
                -> Index range scan on sbtest1 using PRIMARY over (7603833 <= id <= 7613832)  (cost=3991 rows=19800)


table 2 : explain SELECT DISTINCT c FROM sbtest2 WHERE id BETWEEN 8094591 AND 8104590 ORDER BY c
	-> Sort: sbtest2.c
    -> Table scan on <temporary>  (cost=8554..8804 rows=19800)
        -> Temporary table with deduplication  (cost=8554..8554 rows=19800)
            -> Filter: (sbtest2.id between 8094591 and 8104590)  (cost=3991 rows=19800)
                -> Index range scan on sbtest2 using PRIMARY over (8094591 <= id <= 8104590)  (cost=3991 rows=19800)


table 3 : explain SELECT DISTINCT c FROM sbtest3 WHERE id BETWEEN 4597760 AND 4607759 ORDER BY c
	-> Sort: sbtest3.c
    -> Table scan on <temporary>  (cost=8554..8804 rows=19800)
        -> Temporary table with deduplication  (cost=8554..8554 rows=19800)
            -> Filter: (sbtest3.id between 4597760 and 4607759)  (cost=3991 rows=19800)
                -> Index range scan on sbtest3 using PRIMARY over (4597760 <= id <= 4607759)  (cost=3991 rows=19800)


table 4 : explain SELECT DISTINCT c FROM sbtest4 WHERE id BETWEEN 8163551 AND 8173550 ORDER BY c
	-> Sort: sbtest4.c
    -> Table scan on <temporary>  (cost=8554..8804 rows=19800)
        -> Temporary table with deduplication  (cost=8554..8554 rows=19800)
            -> Filter: (sbtest4.id between 8163551 and 8173550)  (cost=3991 rows=19800)
                -> Index range scan on sbtest4 using PRIMARY over (8163551 <= id <= 8173550)  (cost=3991 rows=19800)


table 5 : explain SELECT DISTINCT c FROM sbtest5 WHERE id BETWEEN 5876157 AND 5886156 ORDER BY c
	-> Sort: sbtest5.c
    -> Table scan on <temporary>  (cost=8554..8804 rows=19800)
        -> Temporary table with deduplication  (cost=8554..8554 rows=19800)
            -> Filter: (sbtest5.id between 5876157 and 5886156)  (cost=3991 rows=19800)
                -> Index range scan on sbtest5 using PRIMARY over (5876157 <= id <= 5886156)  (cost=3991 rows=19800)


table 6 : explain SELECT DISTINCT c FROM sbtest6 WHERE id BETWEEN 9387720 AND 9397719 ORDER BY c
	-> Sort: sbtest6.c
    -> Table scan on <temporary>  (cost=8554..8804 rows=19800)
        -> Temporary table with deduplication  (cost=8554..8554 rows=19800)
            -> Filter: (sbtest6.id between 9387720 and 9397719)  (cost=3991 rows=19800)
                -> Index range scan on sbtest6 using PRIMARY over (9387720 <= id <= 9397719)  (cost=3991 rows=19800)


table 7 : explain SELECT DISTINCT c FROM sbtest7 WHERE id BETWEEN 1715439 AND 1725438 ORDER BY c
	-> Sort: sbtest7.c
    -> Table scan on <temporary>  (cost=8554..8804 rows=19800)
        -> Temporary table with deduplication  (cost=8554..8554 rows=19800)
            -> Filter: (sbtest7.id between 1715439 and 1725438)  (cost=3991 rows=19800)
                -> Index range scan on sbtest7 using PRIMARY over (1715439 <= id <= 1725438)  (cost=3991 rows=19800)


table 8 : explain SELECT DISTINCT c FROM sbtest8 WHERE id BETWEEN 6342764 AND 6352763 ORDER BY c
	-> Sort: sbtest8.c
    -> Table scan on <temporary>  (cost=8554..8804 rows=19800)
        -> Temporary table with deduplication  (cost=8554..8554 rows=19800)
            -> Filter: (sbtest8.id between 6342764 and 6352763)  (cost=3991 rows=19800)
                -> Index range scan on sbtest8 using PRIMARY over (6342764 <= id <= 6352763)  (cost=3991 rows=19800)


for: distinct_ranges
table 1 : explain SELECT DISTINCT c FROM sbtest1 WHERE id BETWEEN 8069815 AND 8079814 ORDER BY c
	-> Sort: sbtest1.c
    -> Table scan on <temporary>  (cost=8554..8804 rows=19800)
        -> Temporary table with deduplication  (cost=8554..8554 rows=19800)
            -> Filter: (sbtest1.id between 8069815 and 8079814)  (cost=3991 rows=19800)
                -> Index range scan on sbtest1 using PRIMARY over (8069815 <= id <= 8079814)  (cost=3991 rows=19800)


table 2 : explain SELECT DISTINCT c FROM sbtest2 WHERE id BETWEEN 7715417 AND 7725416 ORDER BY c
	-> Sort: sbtest2.c
    -> Table scan on <temporary>  (cost=8554..8804 rows=19800)
        -> Temporary table with deduplication  (cost=8554..8554 rows=19800)
            -> Filter: (sbtest2.id between 7715417 and 7725416)  (cost=3991 rows=19800)
                -> Index range scan on sbtest2 using PRIMARY over (7715417 <= id <= 7725416)  (cost=3991 rows=19800)


table 3 : explain SELECT DISTINCT c FROM sbtest3 WHERE id BETWEEN 3453087 AND 3463086 ORDER BY c
	-> Sort: sbtest3.c
    -> Table scan on <temporary>  (cost=8554..8804 rows=19800)
        -> Temporary table with deduplication  (cost=8554..8554 rows=19800)
            -> Filter: (sbtest3.id between 3453087 and 3463086)  (cost=3991 rows=19800)
                -> Index range scan on sbtest3 using PRIMARY over (3453087 <= id <= 3463086)  (cost=3991 rows=19800)


table 4 : explain SELECT DISTINCT c FROM sbtest4 WHERE id BETWEEN 5016240 AND 5026239 ORDER BY c
	-> Sort: sbtest4.c
    -> Table scan on <temporary>  (cost=8554..8804 rows=19800)
        -> Temporary table with deduplication  (cost=8554..8554 rows=19800)
            -> Filter: (sbtest4.id between 5016240 and 5026239)  (cost=3991 rows=19800)
                -> Index range scan on sbtest4 using PRIMARY over (5016240 <= id <= 5026239)  (cost=3991 rows=19800)


table 5 : explain SELECT DISTINCT c FROM sbtest5 WHERE id BETWEEN 3107231 AND 3117230 ORDER BY c
	-> Sort: sbtest5.c
    -> Table scan on <temporary>  (cost=8554..8804 rows=19800)
        -> Temporary table with deduplication  (cost=8554..8554 rows=19800)
            -> Filter: (sbtest5.id between 3107231 and 3117230)  (cost=3991 rows=19800)
                -> Index range scan on sbtest5 using PRIMARY over (3107231 <= id <= 3117230)  (cost=3991 rows=19800)


table 6 : explain SELECT DISTINCT c FROM sbtest6 WHERE id BETWEEN 7790154 AND 7800153 ORDER BY c
	-> Sort: sbtest6.c
    -> Table scan on <temporary>  (cost=8554..8804 rows=19800)
        -> Temporary table with deduplication  (cost=8554..8554 rows=19800)
            -> Filter: (sbtest6.id between 7790154 and 7800153)  (cost=3991 rows=19800)
                -> Index range scan on sbtest6 using PRIMARY over (7790154 <= id <= 7800153)  (cost=3991 rows=19800)


table 7 : explain SELECT DISTINCT c FROM sbtest7 WHERE id BETWEEN 858693 AND 868692 ORDER BY c
	-> Sort: sbtest7.c
    -> Table scan on <temporary>  (cost=8554..8804 rows=19800)
        -> Temporary table with deduplication  (cost=8554..8554 rows=19800)
            -> Filter: (sbtest7.id between 858693 and 868692)  (cost=3991 rows=19800)
                -> Index range scan on sbtest7 using PRIMARY over (858693 <= id <= 868692)  (cost=3991 rows=19800)


table 8 : explain SELECT DISTINCT c FROM sbtest8 WHERE id BETWEEN 3881711 AND 3891710 ORDER BY c
	-> Sort: sbtest8.c
    -> Table scan on <temporary>  (cost=8554..8804 rows=19800)
        -> Temporary table with deduplication  (cost=8554..8554 rows=19800)
            -> Filter: (sbtest8.id between 3881711 and 3891710)  (cost=3991 rows=19800)
                -> Index range scan on sbtest8 using PRIMARY over (3881711 <= id <= 3891710)  (cost=3991 rows=19800)


for: distinct_ranges
table 1 : explain SELECT DISTINCT c FROM sbtest1 WHERE id BETWEEN 3830823 AND 3840822 ORDER BY c
	-> Sort: sbtest1.c
    -> Table scan on <temporary>  (cost=8554..8804 rows=19800)
        -> Temporary table with deduplication  (cost=8554..8554 rows=19800)
            -> Filter: (sbtest1.id between 3830823 and 3840822)  (cost=3991 rows=19800)
                -> Index range scan on sbtest1 using PRIMARY over (3830823 <= id <= 3840822)  (cost=3991 rows=19800)


table 2 : explain SELECT DISTINCT c FROM sbtest2 WHERE id BETWEEN 5445636 AND 5455635 ORDER BY c
	-> Sort: sbtest2.c
    -> Table scan on <temporary>  (cost=8554..8804 rows=19800)
        -> Temporary table with deduplication  (cost=8554..8554 rows=19800)
            -> Filter: (sbtest2.id between 5445636 and 5455635)  (cost=3991 rows=19800)
                -> Index range scan on sbtest2 using PRIMARY over (5445636 <= id <= 5455635)  (cost=3991 rows=19800)


table 3 : explain SELECT DISTINCT c FROM sbtest3 WHERE id BETWEEN 5262018 AND 5272017 ORDER BY c
	-> Sort: sbtest3.c
    -> Table scan on <temporary>  (cost=8554..8804 rows=19800)
        -> Temporary table with deduplication  (cost=8554..8554 rows=19800)
            -> Filter: (sbtest3.id between 5262018 and 5272017)  (cost=3991 rows=19800)
                -> Index range scan on sbtest3 using PRIMARY over (5262018 <= id <= 5272017)  (cost=3991 rows=19800)


table 4 : explain SELECT DISTINCT c FROM sbtest4 WHERE id BETWEEN 7933136 AND 7943135 ORDER BY c
	-> Sort: sbtest4.c
    -> Table scan on <temporary>  (cost=8554..8804 rows=19800)
        -> Temporary table with deduplication  (cost=8554..8554 rows=19800)
            -> Filter: (sbtest4.id between 7933136 and 7943135)  (cost=3991 rows=19800)
                -> Index range scan on sbtest4 using PRIMARY over (7933136 <= id <= 7943135)  (cost=3991 rows=19800)


table 5 : explain SELECT DISTINCT c FROM sbtest5 WHERE id BETWEEN 3572811 AND 3582810 ORDER BY c
	-> Sort: sbtest5.c
    -> Table scan on <temporary>  (cost=8554..8804 rows=19800)
        -> Temporary table with deduplication  (cost=8554..8554 rows=19800)
            -> Filter: (sbtest5.id between 3572811 and 3582810)  (cost=3991 rows=19800)
                -> Index range scan on sbtest5 using PRIMARY over (3572811 <= id <= 3582810)  (cost=3991 rows=19800)


table 6 : explain SELECT DISTINCT c FROM sbtest6 WHERE id BETWEEN 1343982 AND 1353981 ORDER BY c
	-> Sort: sbtest6.c
    -> Table scan on <temporary>  (cost=8554..8804 rows=19800)
        -> Temporary table with deduplication  (cost=8554..8554 rows=19800)
            -> Filter: (sbtest6.id between 1343982 and 1353981)  (cost=3991 rows=19800)
                -> Index range scan on sbtest6 using PRIMARY over (1343982 <= id <= 1353981)  (cost=3991 rows=19800)


table 7 : explain SELECT DISTINCT c FROM sbtest7 WHERE id BETWEEN 7276922 AND 7286921 ORDER BY c
	-> Sort: sbtest7.c
    -> Table scan on <temporary>  (cost=8554..8804 rows=19800)
        -> Temporary table with deduplication  (cost=8554..8554 rows=19800)
            -> Filter: (sbtest7.id between 7276922 and 7286921)  (cost=3991 rows=19800)
                -> Index range scan on sbtest7 using PRIMARY over (7276922 <= id <= 7286921)  (cost=3991 rows=19800)


table 8 : explain SELECT DISTINCT c FROM sbtest8 WHERE id BETWEEN 4220601 AND 4230600 ORDER BY c
	-> Sort: sbtest8.c
    -> Table scan on <temporary>  (cost=8554..8804 rows=19800)
        -> Temporary table with deduplication  (cost=8554..8554 rows=19800)
            -> Filter: (sbtest8.id between 4220601 and 4230600)  (cost=3991 rows=19800)
                -> Index range scan on sbtest8 using PRIMARY over (4220601 <= id <= 4230600)  (cost=3991 rows=19800)


for: distinct_ranges
table 1 : explain SELECT DISTINCT c FROM sbtest1 WHERE id BETWEEN 6076907 AND 6086906 ORDER BY c
	-> Sort: sbtest1.c
    -> Table scan on <temporary>  (cost=8554..8804 rows=19800)
        -> Temporary table with deduplication  (cost=8554..8554 rows=19800)
            -> Filter: (sbtest1.id between 6076907 and 6086906)  (cost=3991 rows=19800)
                -> Index range scan on sbtest1 using PRIMARY over (6076907 <= id <= 6086906)  (cost=3991 rows=19800)


table 2 : explain SELECT DISTINCT c FROM sbtest2 WHERE id BETWEEN 8877124 AND 8887123 ORDER BY c
	-> Sort: sbtest2.c
    -> Table scan on <temporary>  (cost=8554..8804 rows=19800)
        -> Temporary table with deduplication  (cost=8554..8554 rows=19800)
            -> Filter: (sbtest2.id between 8877124 and 8887123)  (cost=3991 rows=19800)
                -> Index range scan on sbtest2 using PRIMARY over (8877124 <= id <= 8887123)  (cost=3991 rows=19800)


table 3 : explain SELECT DISTINCT c FROM sbtest3 WHERE id BETWEEN 5704758 AND 5714757 ORDER BY c
	-> Sort: sbtest3.c
    -> Table scan on <temporary>  (cost=8554..8804 rows=19800)
        -> Temporary table with deduplication  (cost=8554..8554 rows=19800)
            -> Filter: (sbtest3.id between 5704758 and 5714757)  (cost=3991 rows=19800)
                -> Index range scan on sbtest3 using PRIMARY over (5704758 <= id <= 5714757)  (cost=3991 rows=19800)


table 4 : explain SELECT DISTINCT c FROM sbtest4 WHERE id BETWEEN 4408460 AND 4418459 ORDER BY c
	-> Sort: sbtest4.c
    -> Table scan on <temporary>  (cost=8554..8804 rows=19800)
        -> Temporary table with deduplication  (cost=8554..8554 rows=19800)
            -> Filter: (sbtest4.id between 4408460 and 4418459)  (cost=3991 rows=19800)
                -> Index range scan on sbtest4 using PRIMARY over (4408460 <= id <= 4418459)  (cost=3991 rows=19800)


table 5 : explain SELECT DISTINCT c FROM sbtest5 WHERE id BETWEEN 7092619 AND 7102618 ORDER BY c
	-> Sort: sbtest5.c
    -> Table scan on <temporary>  (cost=8554..8804 rows=19800)
        -> Temporary table with deduplication  (cost=8554..8554 rows=19800)
            -> Filter: (sbtest5.id between 7092619 and 7102618)  (cost=3991 rows=19800)
                -> Index range scan on sbtest5 using PRIMARY over (7092619 <= id <= 7102618)  (cost=3991 rows=19800)


table 6 : explain SELECT DISTINCT c FROM sbtest6 WHERE id BETWEEN 5948187 AND 5958186 ORDER BY c
	-> Sort: sbtest6.c
    -> Table scan on <temporary>  (cost=8554..8804 rows=19800)
        -> Temporary table with deduplication  (cost=8554..8554 rows=19800)
            -> Filter: (sbtest6.id between 5948187 and 5958186)  (cost=3991 rows=19800)
                -> Index range scan on sbtest6 using PRIMARY over (5948187 <= id <= 5958186)  (cost=3991 rows=19800)


table 7 : explain SELECT DISTINCT c FROM sbtest7 WHERE id BETWEEN 7737394 AND 7747393 ORDER BY c
	-> Sort: sbtest7.c
    -> Table scan on <temporary>  (cost=8554..8804 rows=19800)
        -> Temporary table with deduplication  (cost=8554..8554 rows=19800)
            -> Filter: (sbtest7.id between 7737394 and 7747393)  (cost=3991 rows=19800)
                -> Index range scan on sbtest7 using PRIMARY over (7737394 <= id <= 7747393)  (cost=3991 rows=19800)


table 8 : explain SELECT DISTINCT c FROM sbtest8 WHERE id BETWEEN 3036280 AND 3046279 ORDER BY c
	-> Sort: sbtest8.c
    -> Table scan on <temporary>  (cost=8554..8804 rows=19800)
        -> Temporary table with deduplication  (cost=8554..8554 rows=19800)
            -> Filter: (sbtest8.id between 3036280 and 3046279)  (cost=3991 rows=19800)
                -> Index range scan on sbtest8 using PRIMARY over (3036280 <= id <= 3046279)  (cost=3991 rows=19800)


for: distinct_ranges
table 1 : explain SELECT DISTINCT c FROM sbtest1 WHERE id BETWEEN 9764898 AND 9774897 ORDER BY c
	-> Sort: sbtest1.c
    -> Table scan on <temporary>  (cost=8554..8804 rows=19800)
        -> Temporary table with deduplication  (cost=8554..8554 rows=19800)
            -> Filter: (sbtest1.id between 9764898 and 9774897)  (cost=3991 rows=19800)
                -> Index range scan on sbtest1 using PRIMARY over (9764898 <= id <= 9774897)  (cost=3991 rows=19800)


table 2 : explain SELECT DISTINCT c FROM sbtest2 WHERE id BETWEEN 1888578 AND 1898577 ORDER BY c
	-> Sort: sbtest2.c
    -> Table scan on <temporary>  (cost=8554..8804 rows=19800)
        -> Temporary table with deduplication  (cost=8554..8554 rows=19800)
            -> Filter: (sbtest2.id between 1888578 and 1898577)  (cost=3991 rows=19800)
                -> Index range scan on sbtest2 using PRIMARY over (1888578 <= id <= 1898577)  (cost=3991 rows=19800)


table 3 : explain SELECT DISTINCT c FROM sbtest3 WHERE id BETWEEN 6357564 AND 6367563 ORDER BY c
	-> Sort: sbtest3.c
    -> Table scan on <temporary>  (cost=8554..8804 rows=19800)
        -> Temporary table with deduplication  (cost=8554..8554 rows=19800)
            -> Filter: (sbtest3.id between 6357564 and 6367563)  (cost=3991 rows=19800)
                -> Index range scan on sbtest3 using PRIMARY over (6357564 <= id <= 6367563)  (cost=3991 rows=19800)


table 4 : explain SELECT DISTINCT c FROM sbtest4 WHERE id BETWEEN 3316090 AND 3326089 ORDER BY c
	-> Sort: sbtest4.c
    -> Table scan on <temporary>  (cost=8554..8804 rows=19800)
        -> Temporary table with deduplication  (cost=8554..8554 rows=19800)
            -> Filter: (sbtest4.id between 3316090 and 3326089)  (cost=3991 rows=19800)
                -> Index range scan on sbtest4 using PRIMARY over (3316090 <= id <= 3326089)  (cost=3991 rows=19800)


table 5 : explain SELECT DISTINCT c FROM sbtest5 WHERE id BETWEEN 5882175 AND 5892174 ORDER BY c
	-> Sort: sbtest5.c
    -> Table scan on <temporary>  (cost=8554..8804 rows=19800)
        -> Temporary table with deduplication  (cost=8554..8554 rows=19800)
            -> Filter: (sbtest5.id between 5882175 and 5892174)  (cost=3991 rows=19800)
                -> Index range scan on sbtest5 using PRIMARY over (5882175 <= id <= 5892174)  (cost=3991 rows=19800)


table 6 : explain SELECT DISTINCT c FROM sbtest6 WHERE id BETWEEN 3919157 AND 3929156 ORDER BY c
	-> Sort: sbtest6.c
    -> Table scan on <temporary>  (cost=8554..8804 rows=19800)
        -> Temporary table with deduplication  (cost=8554..8554 rows=19800)
            -> Filter: (sbtest6.id between 3919157 and 3929156)  (cost=3991 rows=19800)
                -> Index range scan on sbtest6 using PRIMARY over (3919157 <= id <= 3929156)  (cost=3991 rows=19800)


table 7 : explain SELECT DISTINCT c FROM sbtest7 WHERE id BETWEEN 8799834 AND 8809833 ORDER BY c
	-> Sort: sbtest7.c
    -> Table scan on <temporary>  (cost=8554..8804 rows=19800)
        -> Temporary table with deduplication  (cost=8554..8554 rows=19800)
            -> Filter: (sbtest7.id between 8799834 and 8809833)  (cost=3991 rows=19800)
                -> Index range scan on sbtest7 using PRIMARY over (8799834 <= id <= 8809833)  (cost=3991 rows=19800)


table 8 : explain SELECT DISTINCT c FROM sbtest8 WHERE id BETWEEN 9283328 AND 9293327 ORDER BY c
	-> Sort: sbtest8.c
    -> Table scan on <temporary>  (cost=8554..8804 rows=19800)
        -> Temporary table with deduplication  (cost=8554..8554 rows=19800)
            -> Filter: (sbtest8.id between 9283328 and 9293327)  (cost=3991 rows=19800)
                -> Index range scan on sbtest8 using PRIMARY over (9283328 <= id <= 9293327)  (cost=3991 rows=19800)


for: distinct_ranges
table 1 : explain SELECT DISTINCT c FROM sbtest1 WHERE id BETWEEN 3478285 AND 3488284 ORDER BY c
	-> Sort: sbtest1.c
    -> Table scan on <temporary>  (cost=8554..8804 rows=19800)
        -> Temporary table with deduplication  (cost=8554..8554 rows=19800)
            -> Filter: (sbtest1.id between 3478285 and 3488284)  (cost=3991 rows=19800)
                -> Index range scan on sbtest1 using PRIMARY over (3478285 <= id <= 3488284)  (cost=3991 rows=19800)


table 2 : explain SELECT DISTINCT c FROM sbtest2 WHERE id BETWEEN 5043600 AND 5053599 ORDER BY c
	-> Sort: sbtest2.c
    -> Table scan on <temporary>  (cost=8554..8804 rows=19800)
        -> Temporary table with deduplication  (cost=8554..8554 rows=19800)
            -> Filter: (sbtest2.id between 5043600 and 5053599)  (cost=3991 rows=19800)
                -> Index range scan on sbtest2 using PRIMARY over (5043600 <= id <= 5053599)  (cost=3991 rows=19800)


table 3 : explain SELECT DISTINCT c FROM sbtest3 WHERE id BETWEEN 8115933 AND 8125932 ORDER BY c
	-> Sort: sbtest3.c
    -> Table scan on <temporary>  (cost=8554..8804 rows=19800)
        -> Temporary table with deduplication  (cost=8554..8554 rows=19800)
            -> Filter: (sbtest3.id between 8115933 and 8125932)  (cost=3991 rows=19800)
                -> Index range scan on sbtest3 using PRIMARY over (8115933 <= id <= 8125932)  (cost=3991 rows=19800)


table 4 : explain SELECT DISTINCT c FROM sbtest4 WHERE id BETWEEN 8815087 AND 8825086 ORDER BY c
	-> Sort: sbtest4.c
    -> Table scan on <temporary>  (cost=8554..8804 rows=19800)
        -> Temporary table with deduplication  (cost=8554..8554 rows=19800)
            -> Filter: (sbtest4.id between 8815087 and 8825086)  (cost=3991 rows=19800)
                -> Index range scan on sbtest4 using PRIMARY over (8815087 <= id <= 8825086)  (cost=3991 rows=19800)


table 5 : explain SELECT DISTINCT c FROM sbtest5 WHERE id BETWEEN 5580208 AND 5590207 ORDER BY c
	-> Sort: sbtest5.c
    -> Table scan on <temporary>  (cost=8554..8804 rows=19800)
        -> Temporary table with deduplication  (cost=8554..8554 rows=19800)
            -> Filter: (sbtest5.id between 5580208 and 5590207)  (cost=3991 rows=19800)
                -> Index range scan on sbtest5 using PRIMARY over (5580208 <= id <= 5590207)  (cost=3991 rows=19800)


table 6 : explain SELECT DISTINCT c FROM sbtest6 WHERE id BETWEEN 9957679 AND 9967678 ORDER BY c
	-> Sort: sbtest6.c
    -> Table scan on <temporary>  (cost=8554..8804 rows=19800)
        -> Temporary table with deduplication  (cost=8554..8554 rows=19800)
            -> Filter: (sbtest6.id between 9957679 and 9967678)  (cost=3991 rows=19800)
                -> Index range scan on sbtest6 using PRIMARY over (9957679 <= id <= 9967678)  (cost=3991 rows=19800)


table 7 : explain SELECT DISTINCT c FROM sbtest7 WHERE id BETWEEN 7014335 AND 7024334 ORDER BY c
	-> Sort: sbtest7.c
    -> Table scan on <temporary>  (cost=8554..8804 rows=19800)
        -> Temporary table with deduplication  (cost=8554..8554 rows=19800)
            -> Filter: (sbtest7.id between 7014335 and 7024334)  (cost=3991 rows=19800)
                -> Index range scan on sbtest7 using PRIMARY over (7014335 <= id <= 7024334)  (cost=3991 rows=19800)


table 8 : explain SELECT DISTINCT c FROM sbtest8 WHERE id BETWEEN 2556741 AND 2566740 ORDER BY c
	-> Sort: sbtest8.c
    -> Table scan on <temporary>  (cost=8554..8804 rows=19800)
        -> Temporary table with deduplication  (cost=8554..8554 rows=19800)
            -> Filter: (sbtest8.id between 2556741 and 2566740)  (cost=3991 rows=19800)
                -> Index range scan on sbtest8 using PRIMARY over (2556741 <= id <= 2566740)  (cost=3991 rows=19800)


for: distinct_ranges
table 1 : explain SELECT DISTINCT c FROM sbtest1 WHERE id BETWEEN 7807611 AND 7817610 ORDER BY c
	-> Sort: sbtest1.c
    -> Table scan on <temporary>  (cost=8554..8804 rows=19800)
        -> Temporary table with deduplication  (cost=8554..8554 rows=19800)
            -> Filter: (sbtest1.id between 7807611 and 7817610)  (cost=3991 rows=19800)
                -> Index range scan on sbtest1 using PRIMARY over (7807611 <= id <= 7817610)  (cost=3991 rows=19800)


table 2 : explain SELECT DISTINCT c FROM sbtest2 WHERE id BETWEEN 7527713 AND 7537712 ORDER BY c
	-> Sort: sbtest2.c
    -> Table scan on <temporary>  (cost=8554..8804 rows=19800)
        -> Temporary table with deduplication  (cost=8554..8554 rows=19800)
            -> Filter: (sbtest2.id between 7527713 and 7537712)  (cost=3991 rows=19800)
                -> Index range scan on sbtest2 using PRIMARY over (7527713 <= id <= 7537712)  (cost=3991 rows=19800)


table 3 : explain SELECT DISTINCT c FROM sbtest3 WHERE id BETWEEN 7861627 AND 7871626 ORDER BY c
	-> Sort: sbtest3.c
    -> Table scan on <temporary>  (cost=9342..9615 rows=21626)
        -> Temporary table with deduplication  (cost=9342..9342 rows=21626)
            -> Filter: (sbtest3.id between 7861627 and 7871626)  (cost=4360 rows=21626)
                -> Index range scan on sbtest3 using PRIMARY over (7861627 <= id <= 7871626)  (cost=4360 rows=21626)


table 4 : explain SELECT DISTINCT c FROM sbtest4 WHERE id BETWEEN 8929693 AND 8939692 ORDER BY c
	-> Sort: sbtest4.c
    -> Table scan on <temporary>  (cost=8554..8804 rows=19800)
        -> Temporary table with deduplication  (cost=8554..8554 rows=19800)
            -> Filter: (sbtest4.id between 8929693 and 8939692)  (cost=3991 rows=19800)
                -> Index range scan on sbtest4 using PRIMARY over (8929693 <= id <= 8939692)  (cost=3991 rows=19800)


table 5 : explain SELECT DISTINCT c FROM sbtest5 WHERE id BETWEEN 670757 AND 680756 ORDER BY c
	-> Sort: sbtest5.c
    -> Table scan on <temporary>  (cost=8554..8804 rows=19800)
        -> Temporary table with deduplication  (cost=8554..8554 rows=19800)
            -> Filter: (sbtest5.id between 670757 and 680756)  (cost=3991 rows=19800)
                -> Index range scan on sbtest5 using PRIMARY over (670757 <= id <= 680756)  (cost=3991 rows=19800)


table 6 : explain SELECT DISTINCT c FROM sbtest6 WHERE id BETWEEN 41755 AND 51754 ORDER BY c
	-> Sort: sbtest6.c
    -> Table scan on <temporary>  (cost=8554..8804 rows=19800)
        -> Temporary table with deduplication  (cost=8554..8554 rows=19800)
            -> Filter: (sbtest6.id between 41755 and 51754)  (cost=3991 rows=19800)
                -> Index range scan on sbtest6 using PRIMARY over (41755 <= id <= 51754)  (cost=3991 rows=19800)


table 7 : explain SELECT DISTINCT c FROM sbtest7 WHERE id BETWEEN 1558163 AND 1568162 ORDER BY c
	-> Sort: sbtest7.c
    -> Table scan on <temporary>  (cost=8554..8804 rows=19800)
        -> Temporary table with deduplication  (cost=8554..8554 rows=19800)
            -> Filter: (sbtest7.id between 1558163 and 1568162)  (cost=3991 rows=19800)
                -> Index range scan on sbtest7 using PRIMARY over (1558163 <= id <= 1568162)  (cost=3991 rows=19800)


table 8 : explain SELECT DISTINCT c FROM sbtest8 WHERE id BETWEEN 4974415 AND 4984414 ORDER BY c
	-> Sort: sbtest8.c
    -> Table scan on <temporary>  (cost=8554..8804 rows=19800)
        -> Temporary table with deduplication  (cost=8554..8554 rows=19800)
            -> Filter: (sbtest8.id between 4974415 and 4984414)  (cost=3991 rows=19800)
                -> Index range scan on sbtest8 using PRIMARY over (4974415 <= id <= 4984414)  (cost=3991 rows=19800)


for: order_ranges
table 1 : explain SELECT c FROM sbtest1 WHERE id BETWEEN 6069440 AND 6079439 ORDER BY c
	-> Sort: sbtest1.c  (cost=3991 rows=19800)
    -> Filter: (sbtest1.id between 6069440 and 6079439)  (cost=3991 rows=19800)
        -> Index range scan on sbtest1 using PRIMARY over (6069440 <= id <= 6079439)  (cost=3991 rows=19800)


table 2 : explain SELECT c FROM sbtest2 WHERE id BETWEEN 663747 AND 673746 ORDER BY c
	-> Sort: sbtest2.c  (cost=3991 rows=19800)
    -> Filter: (sbtest2.id between 663747 and 673746)  (cost=3991 rows=19800)
        -> Index range scan on sbtest2 using PRIMARY over (663747 <= id <= 673746)  (cost=3991 rows=19800)


table 3 : explain SELECT c FROM sbtest3 WHERE id BETWEEN 2204429 AND 2214428 ORDER BY c
	-> Sort: sbtest3.c  (cost=3991 rows=19800)
    -> Filter: (sbtest3.id between 2204429 and 2214428)  (cost=3991 rows=19800)
        -> Index range scan on sbtest3 using PRIMARY over (2204429 <= id <= 2214428)  (cost=3991 rows=19800)


table 4 : explain SELECT c FROM sbtest4 WHERE id BETWEEN 9487092 AND 9497091 ORDER BY c
	-> Sort: sbtest4.c  (cost=3991 rows=19800)
    -> Filter: (sbtest4.id between 9487092 and 9497091)  (cost=3991 rows=19800)
        -> Index range scan on sbtest4 using PRIMARY over (9487092 <= id <= 9497091)  (cost=3991 rows=19800)


table 5 : explain SELECT c FROM sbtest5 WHERE id BETWEEN 9684167 AND 9694166 ORDER BY c
	-> Sort: sbtest5.c  (cost=3991 rows=19800)
    -> Filter: (sbtest5.id between 9684167 and 9694166)  (cost=3991 rows=19800)
        -> Index range scan on sbtest5 using PRIMARY over (9684167 <= id <= 9694166)  (cost=3991 rows=19800)


table 6 : explain SELECT c FROM sbtest6 WHERE id BETWEEN 1733028 AND 1743027 ORDER BY c
	-> Sort: sbtest6.c  (cost=3991 rows=19800)
    -> Filter: (sbtest6.id between 1733028 and 1743027)  (cost=3991 rows=19800)
        -> Index range scan on sbtest6 using PRIMARY over (1733028 <= id <= 1743027)  (cost=3991 rows=19800)


table 7 : explain SELECT c FROM sbtest7 WHERE id BETWEEN 7096181 AND 7106180 ORDER BY c
	-> Sort: sbtest7.c  (cost=3991 rows=19800)
    -> Filter: (sbtest7.id between 7096181 and 7106180)  (cost=3991 rows=19800)
        -> Index range scan on sbtest7 using PRIMARY over (7096181 <= id <= 7106180)  (cost=3991 rows=19800)


table 8 : explain SELECT c FROM sbtest8 WHERE id BETWEEN 5060228 AND 5070227 ORDER BY c
	-> Sort: sbtest8.c  (cost=3991 rows=19800)
    -> Filter: (sbtest8.id between 5060228 and 5070227)  (cost=3991 rows=19800)
        -> Index range scan on sbtest8 using PRIMARY over (5060228 <= id <= 5070227)  (cost=3991 rows=19800)


for: order_ranges
table 1 : explain SELECT c FROM sbtest1 WHERE id BETWEEN 2971230 AND 2981229 ORDER BY c
	-> Sort: sbtest1.c  (cost=3991 rows=19800)
    -> Filter: (sbtest1.id between 2971230 and 2981229)  (cost=3991 rows=19800)
        -> Index range scan on sbtest1 using PRIMARY over (2971230 <= id <= 2981229)  (cost=3991 rows=19800)


table 2 : explain SELECT c FROM sbtest2 WHERE id BETWEEN 500315 AND 510314 ORDER BY c
	-> Sort: sbtest2.c  (cost=3991 rows=19800)
    -> Filter: (sbtest2.id between 500315 and 510314)  (cost=3991 rows=19800)
        -> Index range scan on sbtest2 using PRIMARY over (500315 <= id <= 510314)  (cost=3991 rows=19800)


table 3 : explain SELECT c FROM sbtest3 WHERE id BETWEEN 7604735 AND 7614734 ORDER BY c
	-> Sort: sbtest3.c  (cost=3991 rows=19800)
    -> Filter: (sbtest3.id between 7604735 and 7614734)  (cost=3991 rows=19800)
        -> Index range scan on sbtest3 using PRIMARY over (7604735 <= id <= 7614734)  (cost=3991 rows=19800)


table 4 : explain SELECT c FROM sbtest4 WHERE id BETWEEN 4142477 AND 4152476 ORDER BY c
	-> Sort: sbtest4.c  (cost=3991 rows=19800)
    -> Filter: (sbtest4.id between 4142477 and 4152476)  (cost=3991 rows=19800)
        -> Index range scan on sbtest4 using PRIMARY over (4142477 <= id <= 4152476)  (cost=3991 rows=19800)


table 5 : explain SELECT c FROM sbtest5 WHERE id BETWEEN 2947229 AND 2957228 ORDER BY c
	-> Sort: sbtest5.c  (cost=3991 rows=19800)
    -> Filter: (sbtest5.id between 2947229 and 2957228)  (cost=3991 rows=19800)
        -> Index range scan on sbtest5 using PRIMARY over (2947229 <= id <= 2957228)  (cost=3991 rows=19800)


table 6 : explain SELECT c FROM sbtest6 WHERE id BETWEEN 2634553 AND 2644552 ORDER BY c
	-> Sort: sbtest6.c  (cost=3991 rows=19800)
    -> Filter: (sbtest6.id between 2634553 and 2644552)  (cost=3991 rows=19800)
        -> Index range scan on sbtest6 using PRIMARY over (2634553 <= id <= 2644552)  (cost=3991 rows=19800)


table 7 : explain SELECT c FROM sbtest7 WHERE id BETWEEN 7753430 AND 7763429 ORDER BY c
	-> Sort: sbtest7.c  (cost=3991 rows=19800)
    -> Filter: (sbtest7.id between 7753430 and 7763429)  (cost=3991 rows=19800)
        -> Index range scan on sbtest7 using PRIMARY over (7753430 <= id <= 7763429)  (cost=3991 rows=19800)


table 8 : explain SELECT c FROM sbtest8 WHERE id BETWEEN 4599230 AND 4609229 ORDER BY c
	-> Sort: sbtest8.c  (cost=3991 rows=19800)
    -> Filter: (sbtest8.id between 4599230 and 4609229)  (cost=3991 rows=19800)
        -> Index range scan on sbtest8 using PRIMARY over (4599230 <= id <= 4609229)  (cost=3991 rows=19800)


for: distinct_ranges
table 1 : explain SELECT DISTINCT c FROM sbtest1 WHERE id BETWEEN 6752326 AND 6762325 ORDER BY c
	-> Sort: sbtest1.c
    -> Table scan on <temporary>  (cost=8554..8804 rows=19800)
        -> Temporary table with deduplication  (cost=8554..8554 rows=19800)
            -> Filter: (sbtest1.id between 6752326 and 6762325)  (cost=3991 rows=19800)
                -> Index range scan on sbtest1 using PRIMARY over (6752326 <= id <= 6762325)  (cost=3991 rows=19800)


table 2 : explain SELECT DISTINCT c FROM sbtest2 WHERE id BETWEEN 8095502 AND 8105501 ORDER BY c
	-> Sort: sbtest2.c
    -> Table scan on <temporary>  (cost=8554..8804 rows=19800)
        -> Temporary table with deduplication  (cost=8554..8554 rows=19800)
            -> Filter: (sbtest2.id between 8095502 and 8105501)  (cost=3991 rows=19800)
                -> Index range scan on sbtest2 using PRIMARY over (8095502 <= id <= 8105501)  (cost=3991 rows=19800)


table 3 : explain SELECT DISTINCT c FROM sbtest3 WHERE id BETWEEN 5338862 AND 5348861 ORDER BY c
	-> Sort: sbtest3.c
    -> Table scan on <temporary>  (cost=8554..8804 rows=19800)
        -> Temporary table with deduplication  (cost=8554..8554 rows=19800)
            -> Filter: (sbtest3.id between 5338862 and 5348861)  (cost=3991 rows=19800)
                -> Index range scan on sbtest3 using PRIMARY over (5338862 <= id <= 5348861)  (cost=3991 rows=19800)


table 4 : explain SELECT DISTINCT c FROM sbtest4 WHERE id BETWEEN 847040 AND 857039 ORDER BY c
	-> Sort: sbtest4.c
    -> Table scan on <temporary>  (cost=8554..8804 rows=19800)
        -> Temporary table with deduplication  (cost=8554..8554 rows=19800)
            -> Filter: (sbtest4.id between 847040 and 857039)  (cost=3991 rows=19800)
                -> Index range scan on sbtest4 using PRIMARY over (847040 <= id <= 857039)  (cost=3991 rows=19800)


table 5 : explain SELECT DISTINCT c FROM sbtest5 WHERE id BETWEEN 2790121 AND 2800120 ORDER BY c
	-> Sort: sbtest5.c
    -> Table scan on <temporary>  (cost=8554..8804 rows=19800)
        -> Temporary table with deduplication  (cost=8554..8554 rows=19800)
            -> Filter: (sbtest5.id between 2790121 and 2800120)  (cost=3991 rows=19800)
                -> Index range scan on sbtest5 using PRIMARY over (2790121 <= id <= 2800120)  (cost=3991 rows=19800)


table 6 : explain SELECT DISTINCT c FROM sbtest6 WHERE id BETWEEN 163281 AND 173280 ORDER BY c
	-> Sort: sbtest6.c
    -> Table scan on <temporary>  (cost=8554..8804 rows=19800)
        -> Temporary table with deduplication  (cost=8554..8554 rows=19800)
            -> Filter: (sbtest6.id between 163281 and 173280)  (cost=3991 rows=19800)
                -> Index range scan on sbtest6 using PRIMARY over (163281 <= id <= 173280)  (cost=3991 rows=19800)


table 7 : explain SELECT DISTINCT c FROM sbtest7 WHERE id BETWEEN 6078647 AND 6088646 ORDER BY c
	-> Sort: sbtest7.c
    -> Table scan on <temporary>  (cost=8554..8804 rows=19800)
        -> Temporary table with deduplication  (cost=8554..8554 rows=19800)
            -> Filter: (sbtest7.id between 6078647 and 6088646)  (cost=3991 rows=19800)
                -> Index range scan on sbtest7 using PRIMARY over (6078647 <= id <= 6088646)  (cost=3991 rows=19800)


table 8 : explain SELECT DISTINCT c FROM sbtest8 WHERE id BETWEEN 4996646 AND 5006645 ORDER BY c
	-> Sort: sbtest8.c
    -> Table scan on <temporary>  (cost=8554..8804 rows=19800)
        -> Temporary table with deduplication  (cost=8554..8554 rows=19800)
            -> Filter: (sbtest8.id between 4996646 and 5006645)  (cost=3991 rows=19800)
                -> Index range scan on sbtest8 using PRIMARY over (4996646 <= id <= 5006645)  (cost=3991 rows=19800)


for: order_ranges
table 1 : explain SELECT c FROM sbtest1 WHERE id BETWEEN 145847 AND 155846 ORDER BY c
	-> Sort: sbtest1.c  (cost=3991 rows=19800)
    -> Filter: (sbtest1.id between 145847 and 155846)  (cost=3991 rows=19800)
        -> Index range scan on sbtest1 using PRIMARY over (145847 <= id <= 155846)  (cost=3991 rows=19800)


table 2 : explain SELECT c FROM sbtest2 WHERE id BETWEEN 1199031 AND 1209030 ORDER BY c
	-> Sort: sbtest2.c  (cost=3991 rows=19800)
    -> Filter: (sbtest2.id between 1199031 and 1209030)  (cost=3991 rows=19800)
        -> Index range scan on sbtest2 using PRIMARY over (1199031 <= id <= 1209030)  (cost=3991 rows=19800)


table 3 : explain SELECT c FROM sbtest3 WHERE id BETWEEN 5729340 AND 5739339 ORDER BY c
	-> Sort: sbtest3.c  (cost=3991 rows=19800)
    -> Filter: (sbtest3.id between 5729340 and 5739339)  (cost=3991 rows=19800)
        -> Index range scan on sbtest3 using PRIMARY over (5729340 <= id <= 5739339)  (cost=3991 rows=19800)


table 4 : explain SELECT c FROM sbtest4 WHERE id BETWEEN 1914382 AND 1924381 ORDER BY c
	-> Sort: sbtest4.c  (cost=3991 rows=19800)
    -> Filter: (sbtest4.id between 1914382 and 1924381)  (cost=3991 rows=19800)
        -> Index range scan on sbtest4 using PRIMARY over (1914382 <= id <= 1924381)  (cost=3991 rows=19800)


table 5 : explain SELECT c FROM sbtest5 WHERE id BETWEEN 8000229 AND 8010228 ORDER BY c
	-> Sort: sbtest5.c  (cost=3991 rows=19800)
    -> Filter: (sbtest5.id between 8000229 and 8010228)  (cost=3991 rows=19800)
        -> Index range scan on sbtest5 using PRIMARY over (8000229 <= id <= 8010228)  (cost=3991 rows=19800)


table 6 : explain SELECT c FROM sbtest6 WHERE id BETWEEN 1730477 AND 1740476 ORDER BY c
	-> Sort: sbtest6.c  (cost=3991 rows=19800)
    -> Filter: (sbtest6.id between 1730477 and 1740476)  (cost=3991 rows=19800)
        -> Index range scan on sbtest6 using PRIMARY over (1730477 <= id <= 1740476)  (cost=3991 rows=19800)


table 7 : explain SELECT c FROM sbtest7 WHERE id BETWEEN 3720749 AND 3730748 ORDER BY c
	-> Sort: sbtest7.c  (cost=3991 rows=19800)
    -> Filter: (sbtest7.id between 3720749 and 3730748)  (cost=3991 rows=19800)
        -> Index range scan on sbtest7 using PRIMARY over (3720749 <= id <= 3730748)  (cost=3991 rows=19800)


table 8 : explain SELECT c FROM sbtest8 WHERE id BETWEEN 7767472 AND 7777471 ORDER BY c
	-> Sort: sbtest8.c  (cost=3991 rows=19800)
    -> Filter: (sbtest8.id between 7767472 and 7777471)  (cost=3991 rows=19800)
        -> Index range scan on sbtest8 using PRIMARY over (7767472 <= id <= 7777471)  (cost=3991 rows=19800)


for: order_ranges
table 1 : explain SELECT c FROM sbtest1 WHERE id BETWEEN 1423791 AND 1433790 ORDER BY c
	-> Sort: sbtest1.c  (cost=3991 rows=19800)
    -> Filter: (sbtest1.id between 1423791 and 1433790)  (cost=3991 rows=19800)
        -> Index range scan on sbtest1 using PRIMARY over (1423791 <= id <= 1433790)  (cost=3991 rows=19800)


table 2 : explain SELECT c FROM sbtest2 WHERE id BETWEEN 3983869 AND 3993868 ORDER BY c
	-> Sort: sbtest2.c  (cost=3991 rows=19800)
    -> Filter: (sbtest2.id between 3983869 and 3993868)  (cost=3991 rows=19800)
        -> Index range scan on sbtest2 using PRIMARY over (3983869 <= id <= 3993868)  (cost=3991 rows=19800)


table 3 : explain SELECT c FROM sbtest3 WHERE id BETWEEN 445359 AND 455358 ORDER BY c
	-> Sort: sbtest3.c  (cost=3991 rows=19800)
    -> Filter: (sbtest3.id between 445359 and 455358)  (cost=3991 rows=19800)
        -> Index range scan on sbtest3 using PRIMARY over (445359 <= id <= 455358)  (cost=3991 rows=19800)


table 4 : explain SELECT c FROM sbtest4 WHERE id BETWEEN 2159562 AND 2169561 ORDER BY c
	-> Sort: sbtest4.c  (cost=3991 rows=19800)
    -> Filter: (sbtest4.id between 2159562 and 2169561)  (cost=3991 rows=19800)
        -> Index range scan on sbtest4 using PRIMARY over (2159562 <= id <= 2169561)  (cost=3991 rows=19800)


table 5 : explain SELECT c FROM sbtest5 WHERE id BETWEEN 4480001 AND 4490000 ORDER BY c
	-> Sort: sbtest5.c  (cost=3991 rows=19800)
    -> Filter: (sbtest5.id between 4480001 and 4490000)  (cost=3991 rows=19800)
        -> Index range scan on sbtest5 using PRIMARY over (4480001 <= id <= 4490000)  (cost=3991 rows=19800)


table 6 : explain SELECT c FROM sbtest6 WHERE id BETWEEN 5615402 AND 5625401 ORDER BY c
	-> Sort: sbtest6.c  (cost=3991 rows=19800)
    -> Filter: (sbtest6.id between 5615402 and 5625401)  (cost=3991 rows=19800)
        -> Index range scan on sbtest6 using PRIMARY over (5615402 <= id <= 5625401)  (cost=3991 rows=19800)


table 7 : explain SELECT c FROM sbtest7 WHERE id BETWEEN 3418834 AND 3428833 ORDER BY c
	-> Sort: sbtest7.c  (cost=3991 rows=19800)
    -> Filter: (sbtest7.id between 3418834 and 3428833)  (cost=3991 rows=19800)
        -> Index range scan on sbtest7 using PRIMARY over (3418834 <= id <= 3428833)  (cost=3991 rows=19800)


table 8 : explain SELECT c FROM sbtest8 WHERE id BETWEEN 4924797 AND 4934796 ORDER BY c
	-> Sort: sbtest8.c  (cost=3991 rows=19800)
    -> Filter: (sbtest8.id between 4924797 and 4934796)  (cost=3991 rows=19800)
        -> Index range scan on sbtest8 using PRIMARY over (4924797 <= id <= 4934796)  (cost=3991 rows=19800)


for: distinct_ranges
table 1 : explain SELECT DISTINCT c FROM sbtest1 WHERE id BETWEEN 2638705 AND 2648704 ORDER BY c
	-> Sort: sbtest1.c
    -> Table scan on <temporary>  (cost=8554..8804 rows=19800)
        -> Temporary table with deduplication  (cost=8554..8554 rows=19800)
            -> Filter: (sbtest1.id between 2638705 and 2648704)  (cost=3991 rows=19800)
                -> Index range scan on sbtest1 using PRIMARY over (2638705 <= id <= 2648704)  (cost=3991 rows=19800)


table 2 : explain SELECT DISTINCT c FROM sbtest2 WHERE id BETWEEN 3808452 AND 3818451 ORDER BY c
	-> Sort: sbtest2.c
    -> Table scan on <temporary>  (cost=8554..8804 rows=19800)
        -> Temporary table with deduplication  (cost=8554..8554 rows=19800)
            -> Filter: (sbtest2.id between 3808452 and 3818451)  (cost=3991 rows=19800)
                -> Index range scan on sbtest2 using PRIMARY over (3808452 <= id <= 3818451)  (cost=3991 rows=19800)


table 3 : explain SELECT DISTINCT c FROM sbtest3 WHERE id BETWEEN 7156072 AND 7166071 ORDER BY c
	-> Sort: sbtest3.c
    -> Table scan on <temporary>  (cost=8554..8804 rows=19800)
        -> Temporary table with deduplication  (cost=8554..8554 rows=19800)
            -> Filter: (sbtest3.id between 7156072 and 7166071)  (cost=3991 rows=19800)
                -> Index range scan on sbtest3 using PRIMARY over (7156072 <= id <= 7166071)  (cost=3991 rows=19800)


table 4 : explain SELECT DISTINCT c FROM sbtest4 WHERE id BETWEEN 2041708 AND 2051707 ORDER BY c
	-> Sort: sbtest4.c
    -> Table scan on <temporary>  (cost=8554..8804 rows=19800)
        -> Temporary table with deduplication  (cost=8554..8554 rows=19800)
            -> Filter: (sbtest4.id between 2041708 and 2051707)  (cost=3991 rows=19800)
                -> Index range scan on sbtest4 using PRIMARY over (2041708 <= id <= 2051707)  (cost=3991 rows=19800)


table 5 : explain SELECT DISTINCT c FROM sbtest5 WHERE id BETWEEN 7965885 AND 7975884 ORDER BY c
	-> Sort: sbtest5.c
    -> Table scan on <temporary>  (cost=8554..8804 rows=19800)
        -> Temporary table with deduplication  (cost=8554..8554 rows=19800)
            -> Filter: (sbtest5.id between 7965885 and 7975884)  (cost=3991 rows=19800)
                -> Index range scan on sbtest5 using PRIMARY over (7965885 <= id <= 7975884)  (cost=3991 rows=19800)


table 6 : explain SELECT DISTINCT c FROM sbtest6 WHERE id BETWEEN 6990586 AND 7000585 ORDER BY c
	-> Sort: sbtest6.c
    -> Table scan on <temporary>  (cost=8554..8804 rows=19800)
        -> Temporary table with deduplication  (cost=8554..8554 rows=19800)
            -> Filter: (sbtest6.id between 6990586 and 7000585)  (cost=3991 rows=19800)
                -> Index range scan on sbtest6 using PRIMARY over (6990586 <= id <= 7000585)  (cost=3991 rows=19800)


table 7 : explain SELECT DISTINCT c FROM sbtest7 WHERE id BETWEEN 9815203 AND 9825202 ORDER BY c
	-> Sort: sbtest7.c
    -> Table scan on <temporary>  (cost=8554..8804 rows=19800)
        -> Temporary table with deduplication  (cost=8554..8554 rows=19800)
            -> Filter: (sbtest7.id between 9815203 and 9825202)  (cost=3991 rows=19800)
                -> Index range scan on sbtest7 using PRIMARY over (9815203 <= id <= 9825202)  (cost=3991 rows=19800)


table 8 : explain SELECT DISTINCT c FROM sbtest8 WHERE id BETWEEN 536946 AND 546945 ORDER BY c
	-> Sort: sbtest8.c
    -> Table scan on <temporary>  (cost=8554..8804 rows=19800)
        -> Temporary table with deduplication  (cost=8554..8554 rows=19800)
            -> Filter: (sbtest8.id between 536946 and 546945)  (cost=3991 rows=19800)
                -> Index range scan on sbtest8 using PRIMARY over (536946 <= id <= 546945)  (cost=3991 rows=19800)


for: distinct_ranges
table 1 : explain SELECT DISTINCT c FROM sbtest1 WHERE id BETWEEN 9163966 AND 9173965 ORDER BY c
	-> Sort: sbtest1.c
    -> Table scan on <temporary>  (cost=8554..8804 rows=19800)
        -> Temporary table with deduplication  (cost=8554..8554 rows=19800)
            -> Filter: (sbtest1.id between 9163966 and 9173965)  (cost=3991 rows=19800)
                -> Index range scan on sbtest1 using PRIMARY over (9163966 <= id <= 9173965)  (cost=3991 rows=19800)


table 2 : explain SELECT DISTINCT c FROM sbtest2 WHERE id BETWEEN 9370810 AND 9380809 ORDER BY c
	-> Sort: sbtest2.c
    -> Table scan on <temporary>  (cost=8554..8804 rows=19800)
        -> Temporary table with deduplication  (cost=8554..8554 rows=19800)
            -> Filter: (sbtest2.id between 9370810 and 9380809)  (cost=3991 rows=19800)
                -> Index range scan on sbtest2 using PRIMARY over (9370810 <= id <= 9380809)  (cost=3991 rows=19800)


table 3 : explain SELECT DISTINCT c FROM sbtest3 WHERE id BETWEEN 9742101 AND 9752100 ORDER BY c
	-> Sort: sbtest3.c
    -> Table scan on <temporary>  (cost=8554..8804 rows=19800)
        -> Temporary table with deduplication  (cost=8554..8554 rows=19800)
            -> Filter: (sbtest3.id between 9742101 and 9752100)  (cost=3991 rows=19800)
                -> Index range scan on sbtest3 using PRIMARY over (9742101 <= id <= 9752100)  (cost=3991 rows=19800)


table 4 : explain SELECT DISTINCT c FROM sbtest4 WHERE id BETWEEN 6712471 AND 6722470 ORDER BY c
	-> Sort: sbtest4.c
    -> Table scan on <temporary>  (cost=8554..8804 rows=19800)
        -> Temporary table with deduplication  (cost=8554..8554 rows=19800)
            -> Filter: (sbtest4.id between 6712471 and 6722470)  (cost=3991 rows=19800)
                -> Index range scan on sbtest4 using PRIMARY over (6712471 <= id <= 6722470)  (cost=3991 rows=19800)


table 5 : explain SELECT DISTINCT c FROM sbtest5 WHERE id BETWEEN 1851393 AND 1861392 ORDER BY c
	-> Sort: sbtest5.c
    -> Table scan on <temporary>  (cost=8554..8804 rows=19800)
        -> Temporary table with deduplication  (cost=8554..8554 rows=19800)
            -> Filter: (sbtest5.id between 1851393 and 1861392)  (cost=3991 rows=19800)
                -> Index range scan on sbtest5 using PRIMARY over (1851393 <= id <= 1861392)  (cost=3991 rows=19800)


table 6 : explain SELECT DISTINCT c FROM sbtest6 WHERE id BETWEEN 8020119 AND 8030118 ORDER BY c
	-> Sort: sbtest6.c
    -> Table scan on <temporary>  (cost=8554..8804 rows=19800)
        -> Temporary table with deduplication  (cost=8554..8554 rows=19800)
            -> Filter: (sbtest6.id between 8020119 and 8030118)  (cost=3991 rows=19800)
                -> Index range scan on sbtest6 using PRIMARY over (8020119 <= id <= 8030118)  (cost=3991 rows=19800)


table 7 : explain SELECT DISTINCT c FROM sbtest7 WHERE id BETWEEN 6907035 AND 6917034 ORDER BY c
	-> Sort: sbtest7.c
    -> Table scan on <temporary>  (cost=8554..8804 rows=19800)
        -> Temporary table with deduplication  (cost=8554..8554 rows=19800)
            -> Filter: (sbtest7.id between 6907035 and 6917034)  (cost=3991 rows=19800)
                -> Index range scan on sbtest7 using PRIMARY over (6907035 <= id <= 6917034)  (cost=3991 rows=19800)


table 8 : explain SELECT DISTINCT c FROM sbtest8 WHERE id BETWEEN 748919 AND 758918 ORDER BY c
	-> Sort: sbtest8.c
    -> Table scan on <temporary>  (cost=8554..8804 rows=19800)
        -> Temporary table with deduplication  (cost=8554..8554 rows=19800)
            -> Filter: (sbtest8.id between 748919 and 758918)  (cost=3991 rows=19800)
                -> Index range scan on sbtest8 using PRIMARY over (748919 <= id <= 758918)  (cost=3991 rows=19800)


for: order_ranges
table 1 : explain SELECT c FROM sbtest1 WHERE id BETWEEN 4554141 AND 4564140 ORDER BY c
	-> Sort: sbtest1.c  (cost=3991 rows=19800)
    -> Filter: (sbtest1.id between 4554141 and 4564140)  (cost=3991 rows=19800)
        -> Index range scan on sbtest1 using PRIMARY over (4554141 <= id <= 4564140)  (cost=3991 rows=19800)


table 2 : explain SELECT c FROM sbtest2 WHERE id BETWEEN 4225331 AND 4235330 ORDER BY c
	-> Sort: sbtest2.c  (cost=3991 rows=19800)
    -> Filter: (sbtest2.id between 4225331 and 4235330)  (cost=3991 rows=19800)
        -> Index range scan on sbtest2 using PRIMARY over (4225331 <= id <= 4235330)  (cost=3991 rows=19800)


table 3 : explain SELECT c FROM sbtest3 WHERE id BETWEEN 7148609 AND 7158608 ORDER BY c
	-> Sort: sbtest3.c  (cost=3991 rows=19800)
    -> Filter: (sbtest3.id between 7148609 and 7158608)  (cost=3991 rows=19800)
        -> Index range scan on sbtest3 using PRIMARY over (7148609 <= id <= 7158608)  (cost=3991 rows=19800)


table 4 : explain SELECT c FROM sbtest4 WHERE id BETWEEN 9025064 AND 9035063 ORDER BY c
	-> Sort: sbtest4.c  (cost=3991 rows=19800)
    -> Filter: (sbtest4.id between 9025064 and 9035063)  (cost=3991 rows=19800)
        -> Index range scan on sbtest4 using PRIMARY over (9025064 <= id <= 9035063)  (cost=3991 rows=19800)


table 5 : explain SELECT c FROM sbtest5 WHERE id BETWEEN 8664589 AND 8674588 ORDER BY c
	-> Sort: sbtest5.c  (cost=3991 rows=19800)
    -> Filter: (sbtest5.id between 8664589 and 8674588)  (cost=3991 rows=19800)
        -> Index range scan on sbtest5 using PRIMARY over (8664589 <= id <= 8674588)  (cost=3991 rows=19800)


table 6 : explain SELECT c FROM sbtest6 WHERE id BETWEEN 8433400 AND 8443399 ORDER BY c
	-> Sort: sbtest6.c  (cost=3991 rows=19800)
    -> Filter: (sbtest6.id between 8433400 and 8443399)  (cost=3991 rows=19800)
        -> Index range scan on sbtest6 using PRIMARY over (8433400 <= id <= 8443399)  (cost=3991 rows=19800)


table 7 : explain SELECT c FROM sbtest7 WHERE id BETWEEN 3016065 AND 3026064 ORDER BY c
	-> Sort: sbtest7.c  (cost=3991 rows=19800)
    -> Filter: (sbtest7.id between 3016065 and 3026064)  (cost=3991 rows=19800)
        -> Index range scan on sbtest7 using PRIMARY over (3016065 <= id <= 3026064)  (cost=3991 rows=19800)


table 8 : explain SELECT c FROM sbtest8 WHERE id BETWEEN 9352999 AND 9362998 ORDER BY c
	-> Sort: sbtest8.c  (cost=3991 rows=19800)
    -> Filter: (sbtest8.id between 9352999 and 9362998)  (cost=3991 rows=19800)
        -> Index range scan on sbtest8 using PRIMARY over (9352999 <= id <= 9362998)  (cost=3991 rows=19800)


for: distinct_ranges
table 1 : explain SELECT DISTINCT c FROM sbtest1 WHERE id BETWEEN 6601429 AND 6611428 ORDER BY c
	-> Sort: sbtest1.c
    -> Table scan on <temporary>  (cost=8554..8804 rows=19800)
        -> Temporary table with deduplication  (cost=8554..8554 rows=19800)
            -> Filter: (sbtest1.id between 6601429 and 6611428)  (cost=3991 rows=19800)
                -> Index range scan on sbtest1 using PRIMARY over (6601429 <= id <= 6611428)  (cost=3991 rows=19800)


table 2 : explain SELECT DISTINCT c FROM sbtest2 WHERE id BETWEEN 9818165 AND 9828164 ORDER BY c
	-> Sort: sbtest2.c
    -> Table scan on <temporary>  (cost=8554..8804 rows=19800)
        -> Temporary table with deduplication  (cost=8554..8554 rows=19800)
            -> Filter: (sbtest2.id between 9818165 and 9828164)  (cost=3991 rows=19800)
                -> Index range scan on sbtest2 using PRIMARY over (9818165 <= id <= 9828164)  (cost=3991 rows=19800)


table 3 : explain SELECT DISTINCT c FROM sbtest3 WHERE id BETWEEN 2803012 AND 2813011 ORDER BY c
	-> Sort: sbtest3.c
    -> Table scan on <temporary>  (cost=8554..8804 rows=19800)
        -> Temporary table with deduplication  (cost=8554..8554 rows=19800)
            -> Filter: (sbtest3.id between 2803012 and 2813011)  (cost=3991 rows=19800)
                -> Index range scan on sbtest3 using PRIMARY over (2803012 <= id <= 2813011)  (cost=3991 rows=19800)


table 4 : explain SELECT DISTINCT c FROM sbtest4 WHERE id BETWEEN 2138573 AND 2148572 ORDER BY c
	-> Sort: sbtest4.c
    -> Table scan on <temporary>  (cost=9342..9615 rows=21626)
        -> Temporary table with deduplication  (cost=9342..9342 rows=21626)
            -> Filter: (sbtest4.id between 2138573 and 2148572)  (cost=4360 rows=21626)
                -> Index range scan on sbtest4 using PRIMARY over (2138573 <= id <= 2148572)  (cost=4360 rows=21626)


table 5 : explain SELECT DISTINCT c FROM sbtest5 WHERE id BETWEEN 8158241 AND 8168240 ORDER BY c
	-> Sort: sbtest5.c
    -> Table scan on <temporary>  (cost=8554..8804 rows=19800)
        -> Temporary table with deduplication  (cost=8554..8554 rows=19800)
            -> Filter: (sbtest5.id between 8158241 and 8168240)  (cost=3991 rows=19800)
                -> Index range scan on sbtest5 using PRIMARY over (8158241 <= id <= 8168240)  (cost=3991 rows=19800)


table 6 : explain SELECT DISTINCT c FROM sbtest6 WHERE id BETWEEN 8195545 AND 8205544 ORDER BY c
	-> Sort: sbtest6.c
    -> Table scan on <temporary>  (cost=8554..8804 rows=19800)
        -> Temporary table with deduplication  (cost=8554..8554 rows=19800)
            -> Filter: (sbtest6.id between 8195545 and 8205544)  (cost=3991 rows=19800)
                -> Index range scan on sbtest6 using PRIMARY over (8195545 <= id <= 8205544)  (cost=3991 rows=19800)


table 7 : explain SELECT DISTINCT c FROM sbtest7 WHERE id BETWEEN 5290275 AND 5300274 ORDER BY c
	-> Sort: sbtest7.c
    -> Table scan on <temporary>  (cost=9342..9615 rows=21626)
        -> Temporary table with deduplication  (cost=9342..9342 rows=21626)
            -> Filter: (sbtest7.id between 5290275 and 5300274)  (cost=4360 rows=21626)
                -> Index range scan on sbtest7 using PRIMARY over (5290275 <= id <= 5300274)  (cost=4360 rows=21626)


table 8 : explain SELECT DISTINCT c FROM sbtest8 WHERE id BETWEEN 928789 AND 938788 ORDER BY c
	-> Sort: sbtest8.c
    -> Table scan on <temporary>  (cost=8554..8804 rows=19800)
        -> Temporary table with deduplication  (cost=8554..8554 rows=19800)
            -> Filter: (sbtest8.id between 928789 and 938788)  (cost=3991 rows=19800)
                -> Index range scan on sbtest8 using PRIMARY over (928789 <= id <= 938788)  (cost=3991 rows=19800)


for: distinct_ranges
table 1 : explain SELECT DISTINCT c FROM sbtest1 WHERE id BETWEEN 5881046 AND 5891045 ORDER BY c
	-> Sort: sbtest1.c
    -> Table scan on <temporary>  (cost=8554..8804 rows=19800)
        -> Temporary table with deduplication  (cost=8554..8554 rows=19800)
            -> Filter: (sbtest1.id between 5881046 and 5891045)  (cost=3991 rows=19800)
                -> Index range scan on sbtest1 using PRIMARY over (5881046 <= id <= 5891045)  (cost=3991 rows=19800)


table 2 : explain SELECT DISTINCT c FROM sbtest2 WHERE id BETWEEN 8399410 AND 8409409 ORDER BY c
	-> Sort: sbtest2.c
    -> Table scan on <temporary>  (cost=8554..8804 rows=19800)
        -> Temporary table with deduplication  (cost=8554..8554 rows=19800)
            -> Filter: (sbtest2.id between 8399410 and 8409409)  (cost=3991 rows=19800)
                -> Index range scan on sbtest2 using PRIMARY over (8399410 <= id <= 8409409)  (cost=3991 rows=19800)


table 3 : explain SELECT DISTINCT c FROM sbtest3 WHERE id BETWEEN 6930883 AND 6940882 ORDER BY c
	-> Sort: sbtest3.c
    -> Table scan on <temporary>  (cost=8554..8804 rows=19800)
        -> Temporary table with deduplication  (cost=8554..8554 rows=19800)
            -> Filter: (sbtest3.id between 6930883 and 6940882)  (cost=3991 rows=19800)
                -> Index range scan on sbtest3 using PRIMARY over (6930883 <= id <= 6940882)  (cost=3991 rows=19800)


table 4 : explain SELECT DISTINCT c FROM sbtest4 WHERE id BETWEEN 4341320 AND 4351319 ORDER BY c
	-> Sort: sbtest4.c
    -> Table scan on <temporary>  (cost=8554..8804 rows=19800)
        -> Temporary table with deduplication  (cost=8554..8554 rows=19800)
            -> Filter: (sbtest4.id between 4341320 and 4351319)  (cost=3991 rows=19800)
                -> Index range scan on sbtest4 using PRIMARY over (4341320 <= id <= 4351319)  (cost=3991 rows=19800)


table 5 : explain SELECT DISTINCT c FROM sbtest5 WHERE id BETWEEN 7240028 AND 7250027 ORDER BY c
	-> Sort: sbtest5.c
    -> Table scan on <temporary>  (cost=8554..8804 rows=19800)
        -> Temporary table with deduplication  (cost=8554..8554 rows=19800)
            -> Filter: (sbtest5.id between 7240028 and 7250027)  (cost=3991 rows=19800)
                -> Index range scan on sbtest5 using PRIMARY over (7240028 <= id <= 7250027)  (cost=3991 rows=19800)


table 6 : explain SELECT DISTINCT c FROM sbtest6 WHERE id BETWEEN 2320508 AND 2330507 ORDER BY c
	-> Sort: sbtest6.c
    -> Table scan on <temporary>  (cost=8554..8804 rows=19800)
        -> Temporary table with deduplication  (cost=8554..8554 rows=19800)
            -> Filter: (sbtest6.id between 2320508 and 2330507)  (cost=3991 rows=19800)
                -> Index range scan on sbtest6 using PRIMARY over (2320508 <= id <= 2330507)  (cost=3991 rows=19800)


table 7 : explain SELECT DISTINCT c FROM sbtest7 WHERE id BETWEEN 1169746 AND 1179745 ORDER BY c
	-> Sort: sbtest7.c
    -> Table scan on <temporary>  (cost=8554..8804 rows=19800)
        -> Temporary table with deduplication  (cost=8554..8554 rows=19800)
            -> Filter: (sbtest7.id between 1169746 and 1179745)  (cost=3991 rows=19800)
                -> Index range scan on sbtest7 using PRIMARY over (1169746 <= id <= 1179745)  (cost=3991 rows=19800)


table 8 : explain SELECT DISTINCT c FROM sbtest8 WHERE id BETWEEN 8901520 AND 8911519 ORDER BY c
	-> Sort: sbtest8.c
    -> Table scan on <temporary>  (cost=8554..8804 rows=19800)
        -> Temporary table with deduplication  (cost=8554..8554 rows=19800)
            -> Filter: (sbtest8.id between 8901520 and 8911519)  (cost=3991 rows=19800)
                -> Index range scan on sbtest8 using PRIMARY over (8901520 <= id <= 8911519)  (cost=3991 rows=19800)


for: distinct_ranges
table 1 : explain SELECT DISTINCT c FROM sbtest1 WHERE id BETWEEN 8771209 AND 8781208 ORDER BY c
	-> Sort: sbtest1.c
    -> Table scan on <temporary>  (cost=8554..8804 rows=19800)
        -> Temporary table with deduplication  (cost=8554..8554 rows=19800)
            -> Filter: (sbtest1.id between 8771209 and 8781208)  (cost=3991 rows=19800)
                -> Index range scan on sbtest1 using PRIMARY over (8771209 <= id <= 8781208)  (cost=3991 rows=19800)


table 2 : explain SELECT DISTINCT c FROM sbtest2 WHERE id BETWEEN 7274006 AND 7284005 ORDER BY c
	-> Sort: sbtest2.c
    -> Table scan on <temporary>  (cost=8554..8804 rows=19800)
        -> Temporary table with deduplication  (cost=8554..8554 rows=19800)
            -> Filter: (sbtest2.id between 7274006 and 7284005)  (cost=3991 rows=19800)
                -> Index range scan on sbtest2 using PRIMARY over (7274006 <= id <= 7284005)  (cost=3991 rows=19800)


table 3 : explain SELECT DISTINCT c FROM sbtest3 WHERE id BETWEEN 8560303 AND 8570302 ORDER BY c
	-> Sort: sbtest3.c
    -> Table scan on <temporary>  (cost=8554..8804 rows=19800)
        -> Temporary table with deduplication  (cost=8554..8554 rows=19800)
            -> Filter: (sbtest3.id between 8560303 and 8570302)  (cost=3991 rows=19800)
                -> Index range scan on sbtest3 using PRIMARY over (8560303 <= id <= 8570302)  (cost=3991 rows=19800)


table 4 : explain SELECT DISTINCT c FROM sbtest4 WHERE id BETWEEN 2622002 AND 2632001 ORDER BY c
	-> Sort: sbtest4.c
    -> Table scan on <temporary>  (cost=8554..8804 rows=19800)
        -> Temporary table with deduplication  (cost=8554..8554 rows=19800)
            -> Filter: (sbtest4.id between 2622002 and 2632001)  (cost=3991 rows=19800)
                -> Index range scan on sbtest4 using PRIMARY over (2622002 <= id <= 2632001)  (cost=3991 rows=19800)


table 5 : explain SELECT DISTINCT c FROM sbtest5 WHERE id BETWEEN 5069836 AND 5079835 ORDER BY c
	-> Sort: sbtest5.c
    -> Table scan on <temporary>  (cost=8554..8804 rows=19800)
        -> Temporary table with deduplication  (cost=8554..8554 rows=19800)
            -> Filter: (sbtest5.id between 5069836 and 5079835)  (cost=3991 rows=19800)
                -> Index range scan on sbtest5 using PRIMARY over (5069836 <= id <= 5079835)  (cost=3991 rows=19800)


table 6 : explain SELECT DISTINCT c FROM sbtest6 WHERE id BETWEEN 3649531 AND 3659530 ORDER BY c
	-> Sort: sbtest6.c
    -> Table scan on <temporary>  (cost=8554..8804 rows=19800)
        -> Temporary table with deduplication  (cost=8554..8554 rows=19800)
            -> Filter: (sbtest6.id between 3649531 and 3659530)  (cost=3991 rows=19800)
                -> Index range scan on sbtest6 using PRIMARY over (3649531 <= id <= 3659530)  (cost=3991 rows=19800)


table 7 : explain SELECT DISTINCT c FROM sbtest7 WHERE id BETWEEN 5442465 AND 5452464 ORDER BY c
	-> Sort: sbtest7.c
    -> Table scan on <temporary>  (cost=8554..8804 rows=19800)
        -> Temporary table with deduplication  (cost=8554..8554 rows=19800)
            -> Filter: (sbtest7.id between 5442465 and 5452464)  (cost=3991 rows=19800)
                -> Index range scan on sbtest7 using PRIMARY over (5442465 <= id <= 5452464)  (cost=3991 rows=19800)


table 8 : explain SELECT DISTINCT c FROM sbtest8 WHERE id BETWEEN 4099663 AND 4109662 ORDER BY c
	-> Sort: sbtest8.c
    -> Table scan on <temporary>  (cost=8554..8804 rows=19800)
        -> Temporary table with deduplication  (cost=8554..8554 rows=19800)
            -> Filter: (sbtest8.id between 4099663 and 4109662)  (cost=3991 rows=19800)
                -> Index range scan on sbtest8 using PRIMARY over (4099663 <= id <= 4109662)  (cost=3991 rows=19800)


for: distinct_ranges
table 1 : explain SELECT DISTINCT c FROM sbtest1 WHERE id BETWEEN 2530993 AND 2540992 ORDER BY c
	-> Sort: sbtest1.c
    -> Table scan on <temporary>  (cost=8554..8804 rows=19800)
        -> Temporary table with deduplication  (cost=8554..8554 rows=19800)
            -> Filter: (sbtest1.id between 2530993 and 2540992)  (cost=3991 rows=19800)
                -> Index range scan on sbtest1 using PRIMARY over (2530993 <= id <= 2540992)  (cost=3991 rows=19800)


table 2 : explain SELECT DISTINCT c FROM sbtest2 WHERE id BETWEEN 9997343 AND 10007342 ORDER BY c
	-> Sort: sbtest2.c
    -> Table scan on <temporary>  (cost=2295..2364 rows=5312)
        -> Temporary table with deduplication  (cost=2295..2295 rows=5312)
            -> Filter: (sbtest2.id between 9997343 and 10007342)  (cost=1071 rows=5312)
                -> Index range scan on sbtest2 using PRIMARY over (9997343 <= id <= 10007342)  (cost=1071 rows=5312)


table 3 : explain SELECT DISTINCT c FROM sbtest3 WHERE id BETWEEN 4177036 AND 4187035 ORDER BY c
	-> Sort: sbtest3.c
    -> Table scan on <temporary>  (cost=8554..8804 rows=19800)
        -> Temporary table with deduplication  (cost=8554..8554 rows=19800)
            -> Filter: (sbtest3.id between 4177036 and 4187035)  (cost=3991 rows=19800)
                -> Index range scan on sbtest3 using PRIMARY over (4177036 <= id <= 4187035)  (cost=3991 rows=19800)


table 4 : explain SELECT DISTINCT c FROM sbtest4 WHERE id BETWEEN 2086269 AND 2096268 ORDER BY c
	-> Sort: sbtest4.c
    -> Table scan on <temporary>  (cost=8554..8804 rows=19800)
        -> Temporary table with deduplication  (cost=8554..8554 rows=19800)
            -> Filter: (sbtest4.id between 2086269 and 2096268)  (cost=3991 rows=19800)
                -> Index range scan on sbtest4 using PRIMARY over (2086269 <= id <= 2096268)  (cost=3991 rows=19800)


table 5 : explain SELECT DISTINCT c FROM sbtest5 WHERE id BETWEEN 8259374 AND 8269373 ORDER BY c
	-> Sort: sbtest5.c
    -> Table scan on <temporary>  (cost=8554..8804 rows=19800)
        -> Temporary table with deduplication  (cost=8554..8554 rows=19800)
            -> Filter: (sbtest5.id between 8259374 and 8269373)  (cost=3991 rows=19800)
                -> Index range scan on sbtest5 using PRIMARY over (8259374 <= id <= 8269373)  (cost=3991 rows=19800)


table 6 : explain SELECT DISTINCT c FROM sbtest6 WHERE id BETWEEN 2520604 AND 2530603 ORDER BY c
	-> Sort: sbtest6.c
    -> Table scan on <temporary>  (cost=8554..8804 rows=19800)
        -> Temporary table with deduplication  (cost=8554..8554 rows=19800)
            -> Filter: (sbtest6.id between 2520604 and 2530603)  (cost=3991 rows=19800)
                -> Index range scan on sbtest6 using PRIMARY over (2520604 <= id <= 2530603)  (cost=3991 rows=19800)


table 7 : explain SELECT DISTINCT c FROM sbtest7 WHERE id BETWEEN 5771437 AND 5781436 ORDER BY c
	-> Sort: sbtest7.c
    -> Table scan on <temporary>  (cost=8554..8804 rows=19800)
        -> Temporary table with deduplication  (cost=8554..8554 rows=19800)
            -> Filter: (sbtest7.id between 5771437 and 5781436)  (cost=3991 rows=19800)
                -> Index range scan on sbtest7 using PRIMARY over (5771437 <= id <= 5781436)  (cost=3991 rows=19800)


table 8 : explain SELECT DISTINCT c FROM sbtest8 WHERE id BETWEEN 6724688 AND 6734687 ORDER BY c
	-> Sort: sbtest8.c
    -> Table scan on <temporary>  (cost=8554..8804 rows=19800)
        -> Temporary table with deduplication  (cost=8554..8554 rows=19800)
            -> Filter: (sbtest8.id between 6724688 and 6734687)  (cost=3991 rows=19800)
                -> Index range scan on sbtest8 using PRIMARY over (6724688 <= id <= 6734687)  (cost=3991 rows=19800)


for: distinct_ranges
table 1 : explain SELECT DISTINCT c FROM sbtest1 WHERE id BETWEEN 5375751 AND 5385750 ORDER BY c
	-> Sort: sbtest1.c
    -> Table scan on <temporary>  (cost=8554..8804 rows=19800)
        -> Temporary table with deduplication  (cost=8554..8554 rows=19800)
            -> Filter: (sbtest1.id between 5375751 and 5385750)  (cost=3991 rows=19800)
                -> Index range scan on sbtest1 using PRIMARY over (5375751 <= id <= 5385750)  (cost=3991 rows=19800)


table 2 : explain SELECT DISTINCT c FROM sbtest2 WHERE id BETWEEN 2124424 AND 2134423 ORDER BY c
	-> Sort: sbtest2.c
    -> Table scan on <temporary>  (cost=8554..8804 rows=19800)
        -> Temporary table with deduplication  (cost=8554..8554 rows=19800)
            -> Filter: (sbtest2.id between 2124424 and 2134423)  (cost=3991 rows=19800)
                -> Index range scan on sbtest2 using PRIMARY over (2124424 <= id <= 2134423)  (cost=3991 rows=19800)


table 3 : explain SELECT DISTINCT c FROM sbtest3 WHERE id BETWEEN 3857743 AND 3867742 ORDER BY c
	-> Sort: sbtest3.c
    -> Table scan on <temporary>  (cost=8554..8804 rows=19800)
        -> Temporary table with deduplication  (cost=8554..8554 rows=19800)
            -> Filter: (sbtest3.id between 3857743 and 3867742)  (cost=3991 rows=19800)
                -> Index range scan on sbtest3 using PRIMARY over (3857743 <= id <= 3867742)  (cost=3991 rows=19800)


table 4 : explain SELECT DISTINCT c FROM sbtest4 WHERE id BETWEEN 8106594 AND 8116593 ORDER BY c
	-> Sort: sbtest4.c
    -> Table scan on <temporary>  (cost=8554..8804 rows=19800)
        -> Temporary table with deduplication  (cost=8554..8554 rows=19800)
            -> Filter: (sbtest4.id between 8106594 and 8116593)  (cost=3991 rows=19800)
                -> Index range scan on sbtest4 using PRIMARY over (8106594 <= id <= 8116593)  (cost=3991 rows=19800)


table 5 : explain SELECT DISTINCT c FROM sbtest5 WHERE id BETWEEN 315097 AND 325096 ORDER BY c
	-> Sort: sbtest5.c
    -> Table scan on <temporary>  (cost=8554..8804 rows=19800)
        -> Temporary table with deduplication  (cost=8554..8554 rows=19800)
            -> Filter: (sbtest5.id between 315097 and 325096)  (cost=3991 rows=19800)
                -> Index range scan on sbtest5 using PRIMARY over (315097 <= id <= 325096)  (cost=3991 rows=19800)


table 6 : explain SELECT DISTINCT c FROM sbtest6 WHERE id BETWEEN 3940919 AND 3950918 ORDER BY c
	-> Sort: sbtest6.c
    -> Table scan on <temporary>  (cost=8554..8804 rows=19800)
        -> Temporary table with deduplication  (cost=8554..8554 rows=19800)
            -> Filter: (sbtest6.id between 3940919 and 3950918)  (cost=3991 rows=19800)
                -> Index range scan on sbtest6 using PRIMARY over (3940919 <= id <= 3950918)  (cost=3991 rows=19800)


table 7 : explain SELECT DISTINCT c FROM sbtest7 WHERE id BETWEEN 8136964 AND 8146963 ORDER BY c
	-> Sort: sbtest7.c
    -> Table scan on <temporary>  (cost=8554..8804 rows=19800)
        -> Temporary table with deduplication  (cost=8554..8554 rows=19800)
            -> Filter: (sbtest7.id between 8136964 and 8146963)  (cost=3991 rows=19800)
                -> Index range scan on sbtest7 using PRIMARY over (8136964 <= id <= 8146963)  (cost=3991 rows=19800)


table 8 : explain SELECT DISTINCT c FROM sbtest8 WHERE id BETWEEN 6191124 AND 6201123 ORDER BY c
	-> Sort: sbtest8.c
    -> Table scan on <temporary>  (cost=8554..8804 rows=19800)
        -> Temporary table with deduplication  (cost=8554..8554 rows=19800)
            -> Filter: (sbtest8.id between 6191124 and 6201123)  (cost=3991 rows=19800)
                -> Index range scan on sbtest8 using PRIMARY over (6191124 <= id <= 6201123)  (cost=3991 rows=19800)


for: distinct_ranges
table 1 : explain SELECT DISTINCT c FROM sbtest1 WHERE id BETWEEN 516012 AND 526011 ORDER BY c
	-> Sort: sbtest1.c
    -> Table scan on <temporary>  (cost=8554..8804 rows=19800)
        -> Temporary table with deduplication  (cost=8554..8554 rows=19800)
            -> Filter: (sbtest1.id between 516012 and 526011)  (cost=3991 rows=19800)
                -> Index range scan on sbtest1 using PRIMARY over (516012 <= id <= 526011)  (cost=3991 rows=19800)


table 2 : explain SELECT DISTINCT c FROM sbtest2 WHERE id BETWEEN 1752083 AND 1762082 ORDER BY c
	-> Sort: sbtest2.c
    -> Table scan on <temporary>  (cost=8554..8804 rows=19800)
        -> Temporary table with deduplication  (cost=8554..8554 rows=19800)
            -> Filter: (sbtest2.id between 1752083 and 1762082)  (cost=3991 rows=19800)
                -> Index range scan on sbtest2 using PRIMARY over (1752083 <= id <= 1762082)  (cost=3991 rows=19800)


table 3 : explain SELECT DISTINCT c FROM sbtest3 WHERE id BETWEEN 2180651 AND 2190650 ORDER BY c
	-> Sort: sbtest3.c
    -> Table scan on <temporary>  (cost=8554..8804 rows=19800)
        -> Temporary table with deduplication  (cost=8554..8554 rows=19800)
            -> Filter: (sbtest3.id between 2180651 and 2190650)  (cost=3991 rows=19800)
                -> Index range scan on sbtest3 using PRIMARY over (2180651 <= id <= 2190650)  (cost=3991 rows=19800)


table 4 : explain SELECT DISTINCT c FROM sbtest4 WHERE id BETWEEN 2023254 AND 2033253 ORDER BY c
	-> Sort: sbtest4.c
    -> Table scan on <temporary>  (cost=8554..8804 rows=19800)
        -> Temporary table with deduplication  (cost=8554..8554 rows=19800)
            -> Filter: (sbtest4.id between 2023254 and 2033253)  (cost=3991 rows=19800)
                -> Index range scan on sbtest4 using PRIMARY over (2023254 <= id <= 2033253)  (cost=3991 rows=19800)


table 5 : explain SELECT DISTINCT c FROM sbtest5 WHERE id BETWEEN 1591408 AND 1601407 ORDER BY c
	-> Sort: sbtest5.c
    -> Table scan on <temporary>  (cost=8554..8804 rows=19800)
        -> Temporary table with deduplication  (cost=8554..8554 rows=19800)
            -> Filter: (sbtest5.id between 1591408 and 1601407)  (cost=3991 rows=19800)
                -> Index range scan on sbtest5 using PRIMARY over (1591408 <= id <= 1601407)  (cost=3991 rows=19800)


table 6 : explain SELECT DISTINCT c FROM sbtest6 WHERE id BETWEEN 297068 AND 307067 ORDER BY c
	-> Sort: sbtest6.c
    -> Table scan on <temporary>  (cost=8554..8804 rows=19800)
        -> Temporary table with deduplication  (cost=8554..8554 rows=19800)
            -> Filter: (sbtest6.id between 297068 and 307067)  (cost=3991 rows=19800)
                -> Index range scan on sbtest6 using PRIMARY over (297068 <= id <= 307067)  (cost=3991 rows=19800)


table 7 : explain SELECT DISTINCT c FROM sbtest7 WHERE id BETWEEN 4409328 AND 4419327 ORDER BY c
	-> Sort: sbtest7.c
    -> Table scan on <temporary>  (cost=8554..8804 rows=19800)
        -> Temporary table with deduplication  (cost=8554..8554 rows=19800)
            -> Filter: (sbtest7.id between 4409328 and 4419327)  (cost=3991 rows=19800)
                -> Index range scan on sbtest7 using PRIMARY over (4409328 <= id <= 4419327)  (cost=3991 rows=19800)


table 8 : explain SELECT DISTINCT c FROM sbtest8 WHERE id BETWEEN 8482095 AND 8492094 ORDER BY c
	-> Sort: sbtest8.c
    -> Table scan on <temporary>  (cost=8554..8804 rows=19800)
        -> Temporary table with deduplication  (cost=8554..8554 rows=19800)
            -> Filter: (sbtest8.id between 8482095 and 8492094)  (cost=3991 rows=19800)
                -> Index range scan on sbtest8 using PRIMARY over (8482095 <= id <= 8492094)  (cost=3991 rows=19800)


for: distinct_ranges
table 1 : explain SELECT DISTINCT c FROM sbtest1 WHERE id BETWEEN 432264 AND 442263 ORDER BY c
	-> Sort: sbtest1.c
    -> Table scan on <temporary>  (cost=8554..8804 rows=19800)
        -> Temporary table with deduplication  (cost=8554..8554 rows=19800)
            -> Filter: (sbtest1.id between 432264 and 442263)  (cost=3991 rows=19800)
                -> Index range scan on sbtest1 using PRIMARY over (432264 <= id <= 442263)  (cost=3991 rows=19800)


table 2 : explain SELECT DISTINCT c FROM sbtest2 WHERE id BETWEEN 9080403 AND 9090402 ORDER BY c
	-> Sort: sbtest2.c
    -> Table scan on <temporary>  (cost=8554..8804 rows=19800)
        -> Temporary table with deduplication  (cost=8554..8554 rows=19800)
            -> Filter: (sbtest2.id between 9080403 and 9090402)  (cost=3991 rows=19800)
                -> Index range scan on sbtest2 using PRIMARY over (9080403 <= id <= 9090402)  (cost=3991 rows=19800)


table 3 : explain SELECT DISTINCT c FROM sbtest3 WHERE id BETWEEN 6322765 AND 6332764 ORDER BY c
	-> Sort: sbtest3.c
    -> Table scan on <temporary>  (cost=8554..8804 rows=19800)
        -> Temporary table with deduplication  (cost=8554..8554 rows=19800)
            -> Filter: (sbtest3.id between 6322765 and 6332764)  (cost=3991 rows=19800)
                -> Index range scan on sbtest3 using PRIMARY over (6322765 <= id <= 6332764)  (cost=3991 rows=19800)


table 4 : explain SELECT DISTINCT c FROM sbtest4 WHERE id BETWEEN 1052925 AND 1062924 ORDER BY c
	-> Sort: sbtest4.c
    -> Table scan on <temporary>  (cost=8554..8804 rows=19800)
        -> Temporary table with deduplication  (cost=8554..8554 rows=19800)
            -> Filter: (sbtest4.id between 1052925 and 1062924)  (cost=3991 rows=19800)
                -> Index range scan on sbtest4 using PRIMARY over (1052925 <= id <= 1062924)  (cost=3991 rows=19800)


table 5 : explain SELECT DISTINCT c FROM sbtest5 WHERE id BETWEEN 7187592 AND 7197591 ORDER BY c
	-> Sort: sbtest5.c
    -> Table scan on <temporary>  (cost=8554..8804 rows=19800)
        -> Temporary table with deduplication  (cost=8554..8554 rows=19800)
            -> Filter: (sbtest5.id between 7187592 and 7197591)  (cost=3991 rows=19800)
                -> Index range scan on sbtest5 using PRIMARY over (7187592 <= id <= 7197591)  (cost=3991 rows=19800)


table 6 : explain SELECT DISTINCT c FROM sbtest6 WHERE id BETWEEN 3996612 AND 4006611 ORDER BY c
	-> Sort: sbtest6.c
    -> Table scan on <temporary>  (cost=8554..8804 rows=19800)
        -> Temporary table with deduplication  (cost=8554..8554 rows=19800)
            -> Filter: (sbtest6.id between 3996612 and 4006611)  (cost=3991 rows=19800)
                -> Index range scan on sbtest6 using PRIMARY over (3996612 <= id <= 4006611)  (cost=3991 rows=19800)


table 7 : explain SELECT DISTINCT c FROM sbtest7 WHERE id BETWEEN 6532474 AND 6542473 ORDER BY c
	-> Sort: sbtest7.c
    -> Table scan on <temporary>  (cost=8554..8804 rows=19800)
        -> Temporary table with deduplication  (cost=8554..8554 rows=19800)
            -> Filter: (sbtest7.id between 6532474 and 6542473)  (cost=3991 rows=19800)
                -> Index range scan on sbtest7 using PRIMARY over (6532474 <= id <= 6542473)  (cost=3991 rows=19800)


table 8 : explain SELECT DISTINCT c FROM sbtest8 WHERE id BETWEEN 6533541 AND 6543540 ORDER BY c
	-> Sort: sbtest8.c
    -> Table scan on <temporary>  (cost=8554..8804 rows=19800)
        -> Temporary table with deduplication  (cost=8554..8554 rows=19800)
            -> Filter: (sbtest8.id between 6533541 and 6543540)  (cost=3991 rows=19800)
                -> Index range scan on sbtest8 using PRIMARY over (6533541 <= id <= 6543540)  (cost=3991 rows=19800)


for: distinct_ranges
table 1 : explain SELECT DISTINCT c FROM sbtest1 WHERE id BETWEEN 2590022 AND 2600021 ORDER BY c
	-> Sort: sbtest1.c
    -> Table scan on <temporary>  (cost=8554..8804 rows=19800)
        -> Temporary table with deduplication  (cost=8554..8554 rows=19800)
            -> Filter: (sbtest1.id between 2590022 and 2600021)  (cost=3991 rows=19800)
                -> Index range scan on sbtest1 using PRIMARY over (2590022 <= id <= 2600021)  (cost=3991 rows=19800)


table 2 : explain SELECT DISTINCT c FROM sbtest2 WHERE id BETWEEN 2569712 AND 2579711 ORDER BY c
	-> Sort: sbtest2.c
    -> Table scan on <temporary>  (cost=8554..8804 rows=19800)
        -> Temporary table with deduplication  (cost=8554..8554 rows=19800)
            -> Filter: (sbtest2.id between 2569712 and 2579711)  (cost=3991 rows=19800)
                -> Index range scan on sbtest2 using PRIMARY over (2569712 <= id <= 2579711)  (cost=3991 rows=19800)


table 3 : explain SELECT DISTINCT c FROM sbtest3 WHERE id BETWEEN 7846504 AND 7856503 ORDER BY c
	-> Sort: sbtest3.c
    -> Table scan on <temporary>  (cost=8554..8804 rows=19800)
        -> Temporary table with deduplication  (cost=8554..8554 rows=19800)
            -> Filter: (sbtest3.id between 7846504 and 7856503)  (cost=3991 rows=19800)
                -> Index range scan on sbtest3 using PRIMARY over (7846504 <= id <= 7856503)  (cost=3991 rows=19800)


table 4 : explain SELECT DISTINCT c FROM sbtest4 WHERE id BETWEEN 6266536 AND 6276535 ORDER BY c
	-> Sort: sbtest4.c
    -> Table scan on <temporary>  (cost=8554..8804 rows=19800)
        -> Temporary table with deduplication  (cost=8554..8554 rows=19800)
            -> Filter: (sbtest4.id between 6266536 and 6276535)  (cost=3991 rows=19800)
                -> Index range scan on sbtest4 using PRIMARY over (6266536 <= id <= 6276535)  (cost=3991 rows=19800)


table 5 : explain SELECT DISTINCT c FROM sbtest5 WHERE id BETWEEN 3074319 AND 3084318 ORDER BY c
	-> Sort: sbtest5.c
    -> Table scan on <temporary>  (cost=8554..8804 rows=19800)
        -> Temporary table with deduplication  (cost=8554..8554 rows=19800)
            -> Filter: (sbtest5.id between 3074319 and 3084318)  (cost=3991 rows=19800)
                -> Index range scan on sbtest5 using PRIMARY over (3074319 <= id <= 3084318)  (cost=3991 rows=19800)


table 6 : explain SELECT DISTINCT c FROM sbtest6 WHERE id BETWEEN 7856377 AND 7866376 ORDER BY c
	-> Sort: sbtest6.c
    -> Table scan on <temporary>  (cost=8554..8804 rows=19800)
        -> Temporary table with deduplication  (cost=8554..8554 rows=19800)
            -> Filter: (sbtest6.id between 7856377 and 7866376)  (cost=3991 rows=19800)
                -> Index range scan on sbtest6 using PRIMARY over (7856377 <= id <= 7866376)  (cost=3991 rows=19800)


table 7 : explain SELECT DISTINCT c FROM sbtest7 WHERE id BETWEEN 1207748 AND 1217747 ORDER BY c
	-> Sort: sbtest7.c
    -> Table scan on <temporary>  (cost=8554..8804 rows=19800)
        -> Temporary table with deduplication  (cost=8554..8554 rows=19800)
            -> Filter: (sbtest7.id between 1207748 and 1217747)  (cost=3991 rows=19800)
                -> Index range scan on sbtest7 using PRIMARY over (1207748 <= id <= 1217747)  (cost=3991 rows=19800)


table 8 : explain SELECT DISTINCT c FROM sbtest8 WHERE id BETWEEN 9529141 AND 9539140 ORDER BY c
	-> Sort: sbtest8.c
    -> Table scan on <temporary>  (cost=8554..8804 rows=19800)
        -> Temporary table with deduplication  (cost=8554..8554 rows=19800)
            -> Filter: (sbtest8.id between 9529141 and 9539140)  (cost=3991 rows=19800)
                -> Index range scan on sbtest8 using PRIMARY over (9529141 <= id <= 9539140)  (cost=3991 rows=19800)


for: distinct_ranges
table 1 : explain SELECT DISTINCT c FROM sbtest1 WHERE id BETWEEN 2313072 AND 2323071 ORDER BY c
	-> Sort: sbtest1.c
    -> Table scan on <temporary>  (cost=8554..8804 rows=19800)
        -> Temporary table with deduplication  (cost=8554..8554 rows=19800)
            -> Filter: (sbtest1.id between 2313072 and 2323071)  (cost=3991 rows=19800)
                -> Index range scan on sbtest1 using PRIMARY over (2313072 <= id <= 2323071)  (cost=3991 rows=19800)


table 2 : explain SELECT DISTINCT c FROM sbtest2 WHERE id BETWEEN 1841285 AND 1851284 ORDER BY c
	-> Sort: sbtest2.c
    -> Table scan on <temporary>  (cost=8554..8804 rows=19800)
        -> Temporary table with deduplication  (cost=8554..8554 rows=19800)
            -> Filter: (sbtest2.id between 1841285 and 1851284)  (cost=3991 rows=19800)
                -> Index range scan on sbtest2 using PRIMARY over (1841285 <= id <= 1851284)  (cost=3991 rows=19800)


table 3 : explain SELECT DISTINCT c FROM sbtest3 WHERE id BETWEEN 4902449 AND 4912448 ORDER BY c
	-> Sort: sbtest3.c
    -> Table scan on <temporary>  (cost=8554..8804 rows=19800)
        -> Temporary table with deduplication  (cost=8554..8554 rows=19800)
            -> Filter: (sbtest3.id between 4902449 and 4912448)  (cost=3991 rows=19800)
                -> Index range scan on sbtest3 using PRIMARY over (4902449 <= id <= 4912448)  (cost=3991 rows=19800)


table 4 : explain SELECT DISTINCT c FROM sbtest4 WHERE id BETWEEN 7473964 AND 7483963 ORDER BY c
	-> Sort: sbtest4.c
    -> Table scan on <temporary>  (cost=8554..8804 rows=19800)
        -> Temporary table with deduplication  (cost=8554..8554 rows=19800)
            -> Filter: (sbtest4.id between 7473964 and 7483963)  (cost=3991 rows=19800)
                -> Index range scan on sbtest4 using PRIMARY over (7473964 <= id <= 7483963)  (cost=3991 rows=19800)


table 5 : explain SELECT DISTINCT c FROM sbtest5 WHERE id BETWEEN 7919059 AND 7929058 ORDER BY c
	-> Sort: sbtest5.c
    -> Table scan on <temporary>  (cost=8554..8804 rows=19800)
        -> Temporary table with deduplication  (cost=8554..8554 rows=19800)
            -> Filter: (sbtest5.id between 7919059 and 7929058)  (cost=3991 rows=19800)
                -> Index range scan on sbtest5 using PRIMARY over (7919059 <= id <= 7929058)  (cost=3991 rows=19800)


table 6 : explain SELECT DISTINCT c FROM sbtest6 WHERE id BETWEEN 3944941 AND 3954940 ORDER BY c
	-> Sort: sbtest6.c
    -> Table scan on <temporary>  (cost=8554..8804 rows=19800)
        -> Temporary table with deduplication  (cost=8554..8554 rows=19800)
            -> Filter: (sbtest6.id between 3944941 and 3954940)  (cost=3991 rows=19800)
                -> Index range scan on sbtest6 using PRIMARY over (3944941 <= id <= 3954940)  (cost=3991 rows=19800)


table 7 : explain SELECT DISTINCT c FROM sbtest7 WHERE id BETWEEN 8683541 AND 8693540 ORDER BY c
	-> Sort: sbtest7.c
    -> Table scan on <temporary>  (cost=8554..8804 rows=19800)
        -> Temporary table with deduplication  (cost=8554..8554 rows=19800)
            -> Filter: (sbtest7.id between 8683541 and 8693540)  (cost=3991 rows=19800)
                -> Index range scan on sbtest7 using PRIMARY over (8683541 <= id <= 8693540)  (cost=3991 rows=19800)


table 8 : explain SELECT DISTINCT c FROM sbtest8 WHERE id BETWEEN 5973044 AND 5983043 ORDER BY c
	-> Sort: sbtest8.c
    -> Table scan on <temporary>  (cost=9342..9615 rows=21626)
        -> Temporary table with deduplication  (cost=9342..9342 rows=21626)
            -> Filter: (sbtest8.id between 5973044 and 5983043)  (cost=4360 rows=21626)
                -> Index range scan on sbtest8 using PRIMARY over (5973044 <= id <= 5983043)  (cost=4360 rows=21626)


for: distinct_ranges
table 1 : explain SELECT DISTINCT c FROM sbtest1 WHERE id BETWEEN 7462249 AND 7472248 ORDER BY c
	-> Sort: sbtest1.c
    -> Table scan on <temporary>  (cost=8554..8804 rows=19800)
        -> Temporary table with deduplication  (cost=8554..8554 rows=19800)
            -> Filter: (sbtest1.id between 7462249 and 7472248)  (cost=3991 rows=19800)
                -> Index range scan on sbtest1 using PRIMARY over (7462249 <= id <= 7472248)  (cost=3991 rows=19800)


table 2 : explain SELECT DISTINCT c FROM sbtest2 WHERE id BETWEEN 8967942 AND 8977941 ORDER BY c
	-> Sort: sbtest2.c
    -> Table scan on <temporary>  (cost=9342..9615 rows=21626)
        -> Temporary table with deduplication  (cost=9342..9342 rows=21626)
            -> Filter: (sbtest2.id between 8967942 and 8977941)  (cost=4360 rows=21626)
                -> Index range scan on sbtest2 using PRIMARY over (8967942 <= id <= 8977941)  (cost=4360 rows=21626)


table 3 : explain SELECT DISTINCT c FROM sbtest3 WHERE id BETWEEN 3471103 AND 3481102 ORDER BY c
	-> Sort: sbtest3.c
    -> Table scan on <temporary>  (cost=8554..8804 rows=19800)
        -> Temporary table with deduplication  (cost=8554..8554 rows=19800)
            -> Filter: (sbtest3.id between 3471103 and 3481102)  (cost=3991 rows=19800)
                -> Index range scan on sbtest3 using PRIMARY over (3471103 <= id <= 3481102)  (cost=3991 rows=19800)


table 4 : explain SELECT DISTINCT c FROM sbtest4 WHERE id BETWEEN 3688197 AND 3698196 ORDER BY c
	-> Sort: sbtest4.c
    -> Table scan on <temporary>  (cost=8554..8804 rows=19800)
        -> Temporary table with deduplication  (cost=8554..8554 rows=19800)
            -> Filter: (sbtest4.id between 3688197 and 3698196)  (cost=3991 rows=19800)
                -> Index range scan on sbtest4 using PRIMARY over (3688197 <= id <= 3698196)  (cost=3991 rows=19800)


table 5 : explain SELECT DISTINCT c FROM sbtest5 WHERE id BETWEEN 6874640 AND 6884639 ORDER BY c
	-> Sort: sbtest5.c
    -> Table scan on <temporary>  (cost=8554..8804 rows=19800)
        -> Temporary table with deduplication  (cost=8554..8554 rows=19800)
            -> Filter: (sbtest5.id between 6874640 and 6884639)  (cost=3991 rows=19800)
                -> Index range scan on sbtest5 using PRIMARY over (6874640 <= id <= 6884639)  (cost=3991 rows=19800)


table 6 : explain SELECT DISTINCT c FROM sbtest6 WHERE id BETWEEN 1952063 AND 1962062 ORDER BY c
	-> Sort: sbtest6.c
    -> Table scan on <temporary>  (cost=8554..8804 rows=19800)
        -> Temporary table with deduplication  (cost=8554..8554 rows=19800)
            -> Filter: (sbtest6.id between 1952063 and 1962062)  (cost=3991 rows=19800)
                -> Index range scan on sbtest6 using PRIMARY over (1952063 <= id <= 1962062)  (cost=3991 rows=19800)


table 7 : explain SELECT DISTINCT c FROM sbtest7 WHERE id BETWEEN 2743194 AND 2753193 ORDER BY c
	-> Sort: sbtest7.c
    -> Table scan on <temporary>  (cost=8554..8804 rows=19800)
        -> Temporary table with deduplication  (cost=8554..8554 rows=19800)
            -> Filter: (sbtest7.id between 2743194 and 2753193)  (cost=3991 rows=19800)
                -> Index range scan on sbtest7 using PRIMARY over (2743194 <= id <= 2753193)  (cost=3991 rows=19800)


table 8 : explain SELECT DISTINCT c FROM sbtest8 WHERE id BETWEEN 3121244 AND 3131243 ORDER BY c
	-> Sort: sbtest8.c
    -> Table scan on <temporary>  (cost=8554..8804 rows=19800)
        -> Temporary table with deduplication  (cost=8554..8554 rows=19800)
            -> Filter: (sbtest8.id between 3121244 and 3131243)  (cost=3991 rows=19800)
                -> Index range scan on sbtest8 using PRIMARY over (3121244 <= id <= 3131243)  (cost=3991 rows=19800)


for: distinct_ranges
table 1 : explain SELECT DISTINCT c FROM sbtest1 WHERE id BETWEEN 3577643 AND 3587642 ORDER BY c
	-> Sort: sbtest1.c
    -> Table scan on <temporary>  (cost=8554..8804 rows=19800)
        -> Temporary table with deduplication  (cost=8554..8554 rows=19800)
            -> Filter: (sbtest1.id between 3577643 and 3587642)  (cost=3991 rows=19800)
                -> Index range scan on sbtest1 using PRIMARY over (3577643 <= id <= 3587642)  (cost=3991 rows=19800)


table 2 : explain SELECT DISTINCT c FROM sbtest2 WHERE id BETWEEN 5576251 AND 5586250 ORDER BY c
	-> Sort: sbtest2.c
    -> Table scan on <temporary>  (cost=8554..8804 rows=19800)
        -> Temporary table with deduplication  (cost=8554..8554 rows=19800)
            -> Filter: (sbtest2.id between 5576251 and 5586250)  (cost=3991 rows=19800)
                -> Index range scan on sbtest2 using PRIMARY over (5576251 <= id <= 5586250)  (cost=3991 rows=19800)


table 3 : explain SELECT DISTINCT c FROM sbtest3 WHERE id BETWEEN 221454 AND 231453 ORDER BY c
	-> Sort: sbtest3.c
    -> Table scan on <temporary>  (cost=8554..8804 rows=19800)
        -> Temporary table with deduplication  (cost=8554..8554 rows=19800)
            -> Filter: (sbtest3.id between 221454 and 231453)  (cost=3991 rows=19800)
                -> Index range scan on sbtest3 using PRIMARY over (221454 <= id <= 231453)  (cost=3991 rows=19800)


table 4 : explain SELECT DISTINCT c FROM sbtest4 WHERE id BETWEEN 567756 AND 577755 ORDER BY c
	-> Sort: sbtest4.c
    -> Table scan on <temporary>  (cost=8554..8804 rows=19800)
        -> Temporary table with deduplication  (cost=8554..8554 rows=19800)
            -> Filter: (sbtest4.id between 567756 and 577755)  (cost=3991 rows=19800)
                -> Index range scan on sbtest4 using PRIMARY over (567756 <= id <= 577755)  (cost=3991 rows=19800)


table 5 : explain SELECT DISTINCT c FROM sbtest5 WHERE id BETWEEN 3566319 AND 3576318 ORDER BY c
	-> Sort: sbtest5.c
    -> Table scan on <temporary>  (cost=8554..8804 rows=19800)
        -> Temporary table with deduplication  (cost=8554..8554 rows=19800)
            -> Filter: (sbtest5.id between 3566319 and 3576318)  (cost=3991 rows=19800)
                -> Index range scan on sbtest5 using PRIMARY over (3566319 <= id <= 3576318)  (cost=3991 rows=19800)


table 6 : explain SELECT DISTINCT c FROM sbtest6 WHERE id BETWEEN 6425778 AND 6435777 ORDER BY c
	-> Sort: sbtest6.c
    -> Table scan on <temporary>  (cost=8554..8804 rows=19800)
        -> Temporary table with deduplication  (cost=8554..8554 rows=19800)
            -> Filter: (sbtest6.id between 6425778 and 6435777)  (cost=3991 rows=19800)
                -> Index range scan on sbtest6 using PRIMARY over (6425778 <= id <= 6435777)  (cost=3991 rows=19800)


table 7 : explain SELECT DISTINCT c FROM sbtest7 WHERE id BETWEEN 4722882 AND 4732881 ORDER BY c
	-> Sort: sbtest7.c
    -> Table scan on <temporary>  (cost=8554..8804 rows=19800)
        -> Temporary table with deduplication  (cost=8554..8554 rows=19800)
            -> Filter: (sbtest7.id between 4722882 and 4732881)  (cost=3991 rows=19800)
                -> Index range scan on sbtest7 using PRIMARY over (4722882 <= id <= 4732881)  (cost=3991 rows=19800)


table 8 : explain SELECT DISTINCT c FROM sbtest8 WHERE id BETWEEN 9275351 AND 9285350 ORDER BY c
	-> Sort: sbtest8.c
    -> Table scan on <temporary>  (cost=8554..8804 rows=19800)
        -> Temporary table with deduplication  (cost=8554..8554 rows=19800)
            -> Filter: (sbtest8.id between 9275351 and 9285350)  (cost=3991 rows=19800)
                -> Index range scan on sbtest8 using PRIMARY over (9275351 <= id <= 9285350)  (cost=3991 rows=19800)


for: distinct_ranges
table 1 : explain SELECT DISTINCT c FROM sbtest1 WHERE id BETWEEN 8851905 AND 8861904 ORDER BY c
	-> Sort: sbtest1.c
    -> Table scan on <temporary>  (cost=8554..8804 rows=19800)
        -> Temporary table with deduplication  (cost=8554..8554 rows=19800)
            -> Filter: (sbtest1.id between 8851905 and 8861904)  (cost=3991 rows=19800)
                -> Index range scan on sbtest1 using PRIMARY over (8851905 <= id <= 8861904)  (cost=3991 rows=19800)


table 2 : explain SELECT DISTINCT c FROM sbtest2 WHERE id BETWEEN 302033 AND 312032 ORDER BY c
	-> Sort: sbtest2.c
    -> Table scan on <temporary>  (cost=8554..8804 rows=19800)
        -> Temporary table with deduplication  (cost=8554..8554 rows=19800)
            -> Filter: (sbtest2.id between 302033 and 312032)  (cost=3991 rows=19800)
                -> Index range scan on sbtest2 using PRIMARY over (302033 <= id <= 312032)  (cost=3991 rows=19800)


table 3 : explain SELECT DISTINCT c FROM sbtest3 WHERE id BETWEEN 7220826 AND 7230825 ORDER BY c
	-> Sort: sbtest3.c
    -> Table scan on <temporary>  (cost=8554..8804 rows=19800)
        -> Temporary table with deduplication  (cost=8554..8554 rows=19800)
            -> Filter: (sbtest3.id between 7220826 and 7230825)  (cost=3991 rows=19800)
                -> Index range scan on sbtest3 using PRIMARY over (7220826 <= id <= 7230825)  (cost=3991 rows=19800)


table 4 : explain SELECT DISTINCT c FROM sbtest4 WHERE id BETWEEN 2853158 AND 2863157 ORDER BY c
	-> Sort: sbtest4.c
    -> Table scan on <temporary>  (cost=8554..8804 rows=19800)
        -> Temporary table with deduplication  (cost=8554..8554 rows=19800)
            -> Filter: (sbtest4.id between 2853158 and 2863157)  (cost=3991 rows=19800)
                -> Index range scan on sbtest4 using PRIMARY over (2853158 <= id <= 2863157)  (cost=3991 rows=19800)


table 5 : explain SELECT DISTINCT c FROM sbtest5 WHERE id BETWEEN 1771849 AND 1781848 ORDER BY c
	-> Sort: sbtest5.c
    -> Table scan on <temporary>  (cost=8554..8804 rows=19800)
        -> Temporary table with deduplication  (cost=8554..8554 rows=19800)
            -> Filter: (sbtest5.id between 1771849 and 1781848)  (cost=3991 rows=19800)
                -> Index range scan on sbtest5 using PRIMARY over (1771849 <= id <= 1781848)  (cost=3991 rows=19800)


table 6 : explain SELECT DISTINCT c FROM sbtest6 WHERE id BETWEEN 9917378 AND 9927377 ORDER BY c
	-> Sort: sbtest6.c
    -> Table scan on <temporary>  (cost=8554..8804 rows=19800)
        -> Temporary table with deduplication  (cost=8554..8554 rows=19800)
            -> Filter: (sbtest6.id between 9917378 and 9927377)  (cost=3991 rows=19800)
                -> Index range scan on sbtest6 using PRIMARY over (9917378 <= id <= 9927377)  (cost=3991 rows=19800)


table 7 : explain SELECT DISTINCT c FROM sbtest7 WHERE id BETWEEN 3670142 AND 3680141 ORDER BY c
	-> Sort: sbtest7.c
    -> Table scan on <temporary>  (cost=8554..8804 rows=19800)
        -> Temporary table with deduplication  (cost=8554..8554 rows=19800)
            -> Filter: (sbtest7.id between 3670142 and 3680141)  (cost=3991 rows=19800)
                -> Index range scan on sbtest7 using PRIMARY over (3670142 <= id <= 3680141)  (cost=3991 rows=19800)


table 8 : explain SELECT DISTINCT c FROM sbtest8 WHERE id BETWEEN 8486039 AND 8496038 ORDER BY c
	-> Sort: sbtest8.c
    -> Table scan on <temporary>  (cost=8554..8804 rows=19800)
        -> Temporary table with deduplication  (cost=8554..8554 rows=19800)
            -> Filter: (sbtest8.id between 8486039 and 8496038)  (cost=3991 rows=19800)
                -> Index range scan on sbtest8 using PRIMARY over (8486039 <= id <= 8496038)  (cost=3991 rows=19800)


for: order_ranges
table 1 : explain SELECT c FROM sbtest1 WHERE id BETWEEN 5523145 AND 5533144 ORDER BY c
	-> Sort: sbtest1.c  (cost=4360 rows=21626)
    -> Filter: (sbtest1.id between 5523145 and 5533144)  (cost=4360 rows=21626)
        -> Index range scan on sbtest1 using PRIMARY over (5523145 <= id <= 5533144)  (cost=4360 rows=21626)


table 2 : explain SELECT c FROM sbtest2 WHERE id BETWEEN 1137401 AND 1147400 ORDER BY c
	-> Sort: sbtest2.c  (cost=3991 rows=19800)
    -> Filter: (sbtest2.id between 1137401 and 1147400)  (cost=3991 rows=19800)
        -> Index range scan on sbtest2 using PRIMARY over (1137401 <= id <= 1147400)  (cost=3991 rows=19800)


table 3 : explain SELECT c FROM sbtest3 WHERE id BETWEEN 4038916 AND 4048915 ORDER BY c
	-> Sort: sbtest3.c  (cost=3991 rows=19800)
    -> Filter: (sbtest3.id between 4038916 and 4048915)  (cost=3991 rows=19800)
        -> Index range scan on sbtest3 using PRIMARY over (4038916 <= id <= 4048915)  (cost=3991 rows=19800)


table 4 : explain SELECT c FROM sbtest4 WHERE id BETWEEN 5330788 AND 5340787 ORDER BY c
	-> Sort: sbtest4.c  (cost=3991 rows=19800)
    -> Filter: (sbtest4.id between 5330788 and 5340787)  (cost=3991 rows=19800)
        -> Index range scan on sbtest4 using PRIMARY over (5330788 <= id <= 5340787)  (cost=3991 rows=19800)


table 5 : explain SELECT c FROM sbtest5 WHERE id BETWEEN 7499978 AND 7509977 ORDER BY c
	-> Sort: sbtest5.c  (cost=3991 rows=19800)
    -> Filter: (sbtest5.id between 7499978 and 7509977)  (cost=3991 rows=19800)
        -> Index range scan on sbtest5 using PRIMARY over (7499978 <= id <= 7509977)  (cost=3991 rows=19800)


table 6 : explain SELECT c FROM sbtest6 WHERE id BETWEEN 9005544 AND 9015543 ORDER BY c
	-> Sort: sbtest6.c  (cost=3991 rows=19800)
    -> Filter: (sbtest6.id between 9005544 and 9015543)  (cost=3991 rows=19800)
        -> Index range scan on sbtest6 using PRIMARY over (9005544 <= id <= 9015543)  (cost=3991 rows=19800)


table 7 : explain SELECT c FROM sbtest7 WHERE id BETWEEN 3339242 AND 3349241 ORDER BY c
	-> Sort: sbtest7.c  (cost=3991 rows=19800)
    -> Filter: (sbtest7.id between 3339242 and 3349241)  (cost=3991 rows=19800)
        -> Index range scan on sbtest7 using PRIMARY over (3339242 <= id <= 3349241)  (cost=3991 rows=19800)


table 8 : explain SELECT c FROM sbtest8 WHERE id BETWEEN 5376875 AND 5386874 ORDER BY c
	-> Sort: sbtest8.c  (cost=3991 rows=19800)
    -> Filter: (sbtest8.id between 5376875 and 5386874)  (cost=3991 rows=19800)
        -> Index range scan on sbtest8 using PRIMARY over (5376875 <= id <= 5386874)  (cost=3991 rows=19800)


for: distinct_ranges
table 1 : explain SELECT DISTINCT c FROM sbtest1 WHERE id BETWEEN 7218581 AND 7228580 ORDER BY c
	-> Sort: sbtest1.c
    -> Table scan on <temporary>  (cost=8554..8804 rows=19800)
        -> Temporary table with deduplication  (cost=8554..8554 rows=19800)
            -> Filter: (sbtest1.id between 7218581 and 7228580)  (cost=3991 rows=19800)
                -> Index range scan on sbtest1 using PRIMARY over (7218581 <= id <= 7228580)  (cost=3991 rows=19800)


table 2 : explain SELECT DISTINCT c FROM sbtest2 WHERE id BETWEEN 520258 AND 530257 ORDER BY c
	-> Sort: sbtest2.c
    -> Table scan on <temporary>  (cost=8554..8804 rows=19800)
        -> Temporary table with deduplication  (cost=8554..8554 rows=19800)
            -> Filter: (sbtest2.id between 520258 and 530257)  (cost=3991 rows=19800)
                -> Index range scan on sbtest2 using PRIMARY over (520258 <= id <= 530257)  (cost=3991 rows=19800)


table 3 : explain SELECT DISTINCT c FROM sbtest3 WHERE id BETWEEN 4905508 AND 4915507 ORDER BY c
	-> Sort: sbtest3.c
    -> Table scan on <temporary>  (cost=8554..8804 rows=19800)
        -> Temporary table with deduplication  (cost=8554..8554 rows=19800)
            -> Filter: (sbtest3.id between 4905508 and 4915507)  (cost=3991 rows=19800)
                -> Index range scan on sbtest3 using PRIMARY over (4905508 <= id <= 4915507)  (cost=3991 rows=19800)


table 4 : explain SELECT DISTINCT c FROM sbtest4 WHERE id BETWEEN 3264648 AND 3274647 ORDER BY c
	-> Sort: sbtest4.c
    -> Table scan on <temporary>  (cost=8554..8804 rows=19800)
        -> Temporary table with deduplication  (cost=8554..8554 rows=19800)
            -> Filter: (sbtest4.id between 3264648 and 3274647)  (cost=3991 rows=19800)
                -> Index range scan on sbtest4 using PRIMARY over (3264648 <= id <= 3274647)  (cost=3991 rows=19800)


table 5 : explain SELECT DISTINCT c FROM sbtest5 WHERE id BETWEEN 1674123 AND 1684122 ORDER BY c
	-> Sort: sbtest5.c
    -> Table scan on <temporary>  (cost=8554..8804 rows=19800)
        -> Temporary table with deduplication  (cost=8554..8554 rows=19800)
            -> Filter: (sbtest5.id between 1674123 and 1684122)  (cost=3991 rows=19800)
                -> Index range scan on sbtest5 using PRIMARY over (1674123 <= id <= 1684122)  (cost=3991 rows=19800)


table 6 : explain SELECT DISTINCT c FROM sbtest6 WHERE id BETWEEN 7476886 AND 7486885 ORDER BY c
	-> Sort: sbtest6.c
    -> Table scan on <temporary>  (cost=8554..8804 rows=19800)
        -> Temporary table with deduplication  (cost=8554..8554 rows=19800)
            -> Filter: (sbtest6.id between 7476886 and 7486885)  (cost=3991 rows=19800)
                -> Index range scan on sbtest6 using PRIMARY over (7476886 <= id <= 7486885)  (cost=3991 rows=19800)


table 7 : explain SELECT DISTINCT c FROM sbtest7 WHERE id BETWEEN 8028376 AND 8038375 ORDER BY c
	-> Sort: sbtest7.c
    -> Table scan on <temporary>  (cost=8554..8804 rows=19800)
        -> Temporary table with deduplication  (cost=8554..8554 rows=19800)
            -> Filter: (sbtest7.id between 8028376 and 8038375)  (cost=3991 rows=19800)
                -> Index range scan on sbtest7 using PRIMARY over (8028376 <= id <= 8038375)  (cost=3991 rows=19800)


table 8 : explain SELECT DISTINCT c FROM sbtest8 WHERE id BETWEEN 6189057 AND 6199056 ORDER BY c
	-> Sort: sbtest8.c
    -> Table scan on <temporary>  (cost=8554..8804 rows=19800)
        -> Temporary table with deduplication  (cost=8554..8554 rows=19800)
            -> Filter: (sbtest8.id between 6189057 and 6199056)  (cost=3991 rows=19800)
                -> Index range scan on sbtest8 using PRIMARY over (6189057 <= id <= 6199056)  (cost=3991 rows=19800)


for: distinct_ranges
table 1 : explain SELECT DISTINCT c FROM sbtest1 WHERE id BETWEEN 728619 AND 738618 ORDER BY c
	-> Sort: sbtest1.c
    -> Table scan on <temporary>  (cost=8554..8804 rows=19800)
        -> Temporary table with deduplication  (cost=8554..8554 rows=19800)
            -> Filter: (sbtest1.id between 728619 and 738618)  (cost=3991 rows=19800)
                -> Index range scan on sbtest1 using PRIMARY over (728619 <= id <= 738618)  (cost=3991 rows=19800)


table 2 : explain SELECT DISTINCT c FROM sbtest2 WHERE id BETWEEN 5030804 AND 5040803 ORDER BY c
	-> Sort: sbtest2.c
    -> Table scan on <temporary>  (cost=8554..8804 rows=19800)
        -> Temporary table with deduplication  (cost=8554..8554 rows=19800)
            -> Filter: (sbtest2.id between 5030804 and 5040803)  (cost=3991 rows=19800)
                -> Index range scan on sbtest2 using PRIMARY over (5030804 <= id <= 5040803)  (cost=3991 rows=19800)


table 3 : explain SELECT DISTINCT c FROM sbtest3 WHERE id BETWEEN 8228241 AND 8238240 ORDER BY c
	-> Sort: sbtest3.c
    -> Table scan on <temporary>  (cost=8554..8804 rows=19800)
        -> Temporary table with deduplication  (cost=8554..8554 rows=19800)
            -> Filter: (sbtest3.id between 8228241 and 8238240)  (cost=3991 rows=19800)
                -> Index range scan on sbtest3 using PRIMARY over (8228241 <= id <= 8238240)  (cost=3991 rows=19800)


table 4 : explain SELECT DISTINCT c FROM sbtest4 WHERE id BETWEEN 394270 AND 404269 ORDER BY c
	-> Sort: sbtest4.c
    -> Table scan on <temporary>  (cost=8554..8804 rows=19800)
        -> Temporary table with deduplication  (cost=8554..8554 rows=19800)
            -> Filter: (sbtest4.id between 394270 and 404269)  (cost=3991 rows=19800)
                -> Index range scan on sbtest4 using PRIMARY over (394270 <= id <= 404269)  (cost=3991 rows=19800)


table 5 : explain SELECT DISTINCT c FROM sbtest5 WHERE id BETWEEN 4952721 AND 4962720 ORDER BY c
	-> Sort: sbtest5.c
    -> Table scan on <temporary>  (cost=8554..8804 rows=19800)
        -> Temporary table with deduplication  (cost=8554..8554 rows=19800)
            -> Filter: (sbtest5.id between 4952721 and 4962720)  (cost=3991 rows=19800)
                -> Index range scan on sbtest5 using PRIMARY over (4952721 <= id <= 4962720)  (cost=3991 rows=19800)


table 6 : explain SELECT DISTINCT c FROM sbtest6 WHERE id BETWEEN 8956694 AND 8966693 ORDER BY c
	-> Sort: sbtest6.c
    -> Table scan on <temporary>  (cost=8554..8804 rows=19800)
        -> Temporary table with deduplication  (cost=8554..8554 rows=19800)
            -> Filter: (sbtest6.id between 8956694 and 8966693)  (cost=3991 rows=19800)
                -> Index range scan on sbtest6 using PRIMARY over (8956694 <= id <= 8966693)  (cost=3991 rows=19800)


table 7 : explain SELECT DISTINCT c FROM sbtest7 WHERE id BETWEEN 5179694 AND 5189693 ORDER BY c
	-> Sort: sbtest7.c
    -> Table scan on <temporary>  (cost=8554..8804 rows=19800)
        -> Temporary table with deduplication  (cost=8554..8554 rows=19800)
            -> Filter: (sbtest7.id between 5179694 and 5189693)  (cost=3991 rows=19800)
                -> Index range scan on sbtest7 using PRIMARY over (5179694 <= id <= 5189693)  (cost=3991 rows=19800)


table 8 : explain SELECT DISTINCT c FROM sbtest8 WHERE id BETWEEN 7591763 AND 7601762 ORDER BY c
	-> Sort: sbtest8.c
    -> Table scan on <temporary>  (cost=8554..8804 rows=19800)
        -> Temporary table with deduplication  (cost=8554..8554 rows=19800)
            -> Filter: (sbtest8.id between 7591763 and 7601762)  (cost=3991 rows=19800)
                -> Index range scan on sbtest8 using PRIMARY over (7591763 <= id <= 7601762)  (cost=3991 rows=19800)


for: order_ranges
table 1 : explain SELECT c FROM sbtest1 WHERE id BETWEEN 3307031 AND 3317030 ORDER BY c
	-> Sort: sbtest1.c  (cost=3991 rows=19800)
    -> Filter: (sbtest1.id between 3307031 and 3317030)  (cost=3991 rows=19800)
        -> Index range scan on sbtest1 using PRIMARY over (3307031 <= id <= 3317030)  (cost=3991 rows=19800)


table 2 : explain SELECT c FROM sbtest2 WHERE id BETWEEN 9810533 AND 9820532 ORDER BY c
	-> Sort: sbtest2.c  (cost=3991 rows=19800)
    -> Filter: (sbtest2.id between 9810533 and 9820532)  (cost=3991 rows=19800)
        -> Index range scan on sbtest2 using PRIMARY over (9810533 <= id <= 9820532)  (cost=3991 rows=19800)


table 3 : explain SELECT c FROM sbtest3 WHERE id BETWEEN 4184761 AND 4194760 ORDER BY c
	-> Sort: sbtest3.c  (cost=3991 rows=19800)
    -> Filter: (sbtest3.id between 4184761 and 4194760)  (cost=3991 rows=19800)
        -> Index range scan on sbtest3 using PRIMARY over (4184761 <= id <= 4194760)  (cost=3991 rows=19800)


table 4 : explain SELECT c FROM sbtest4 WHERE id BETWEEN 7980621 AND 7990620 ORDER BY c
	-> Sort: sbtest4.c  (cost=3991 rows=19800)
    -> Filter: (sbtest4.id between 7980621 and 7990620)  (cost=3991 rows=19800)
        -> Index range scan on sbtest4 using PRIMARY over (7980621 <= id <= 7990620)  (cost=3991 rows=19800)


table 5 : explain SELECT c FROM sbtest5 WHERE id BETWEEN 9207846 AND 9217845 ORDER BY c
	-> Sort: sbtest5.c  (cost=3991 rows=19800)
    -> Filter: (sbtest5.id between 9207846 and 9217845)  (cost=3991 rows=19800)
        -> Index range scan on sbtest5 using PRIMARY over (9207846 <= id <= 9217845)  (cost=3991 rows=19800)


table 6 : explain SELECT c FROM sbtest6 WHERE id BETWEEN 3790276 AND 3800275 ORDER BY c
	-> Sort: sbtest6.c  (cost=3991 rows=19800)
    -> Filter: (sbtest6.id between 3790276 and 3800275)  (cost=3991 rows=19800)
        -> Index range scan on sbtest6 using PRIMARY over (3790276 <= id <= 3800275)  (cost=3991 rows=19800)


table 7 : explain SELECT c FROM sbtest7 WHERE id BETWEEN 859404 AND 869403 ORDER BY c
	-> Sort: sbtest7.c  (cost=3991 rows=19800)
    -> Filter: (sbtest7.id between 859404 and 869403)  (cost=3991 rows=19800)
        -> Index range scan on sbtest7 using PRIMARY over (859404 <= id <= 869403)  (cost=3991 rows=19800)


table 8 : explain SELECT c FROM sbtest8 WHERE id BETWEEN 4919306 AND 4929305 ORDER BY c
	-> Sort: sbtest8.c  (cost=3991 rows=19800)
    -> Filter: (sbtest8.id between 4919306 and 4929305)  (cost=3991 rows=19800)
        -> Index range scan on sbtest8 using PRIMARY over (4919306 <= id <= 4929305)  (cost=3991 rows=19800)


for: distinct_ranges
table 1 : explain SELECT DISTINCT c FROM sbtest1 WHERE id BETWEEN 6233766 AND 6243765 ORDER BY c
	-> Sort: sbtest1.c
    -> Table scan on <temporary>  (cost=8554..8804 rows=19800)
        -> Temporary table with deduplication  (cost=8554..8554 rows=19800)
            -> Filter: (sbtest1.id between 6233766 and 6243765)  (cost=3991 rows=19800)
                -> Index range scan on sbtest1 using PRIMARY over (6233766 <= id <= 6243765)  (cost=3991 rows=19800)


table 2 : explain SELECT DISTINCT c FROM sbtest2 WHERE id BETWEEN 9053159 AND 9063158 ORDER BY c
	-> Sort: sbtest2.c
    -> Table scan on <temporary>  (cost=8554..8804 rows=19800)
        -> Temporary table with deduplication  (cost=8554..8554 rows=19800)
            -> Filter: (sbtest2.id between 9053159 and 9063158)  (cost=3991 rows=19800)
                -> Index range scan on sbtest2 using PRIMARY over (9053159 <= id <= 9063158)  (cost=3991 rows=19800)


table 3 : explain SELECT DISTINCT c FROM sbtest3 WHERE id BETWEEN 1326615 AND 1336614 ORDER BY c
	-> Sort: sbtest3.c
    -> Table scan on <temporary>  (cost=8554..8804 rows=19800)
        -> Temporary table with deduplication  (cost=8554..8554 rows=19800)
            -> Filter: (sbtest3.id between 1326615 and 1336614)  (cost=3991 rows=19800)
                -> Index range scan on sbtest3 using PRIMARY over (1326615 <= id <= 1336614)  (cost=3991 rows=19800)


table 4 : explain SELECT DISTINCT c FROM sbtest4 WHERE id BETWEEN 8058333 AND 8068332 ORDER BY c
	-> Sort: sbtest4.c
    -> Table scan on <temporary>  (cost=8554..8804 rows=19800)
        -> Temporary table with deduplication  (cost=8554..8554 rows=19800)
            -> Filter: (sbtest4.id between 8058333 and 8068332)  (cost=3991 rows=19800)
                -> Index range scan on sbtest4 using PRIMARY over (8058333 <= id <= 8068332)  (cost=3991 rows=19800)


table 5 : explain SELECT DISTINCT c FROM sbtest5 WHERE id BETWEEN 8357069 AND 8367068 ORDER BY c
	-> Sort: sbtest5.c
    -> Table scan on <temporary>  (cost=8554..8804 rows=19800)
        -> Temporary table with deduplication  (cost=8554..8554 rows=19800)
            -> Filter: (sbtest5.id between 8357069 and 8367068)  (cost=3991 rows=19800)
                -> Index range scan on sbtest5 using PRIMARY over (8357069 <= id <= 8367068)  (cost=3991 rows=19800)


table 6 : explain SELECT DISTINCT c FROM sbtest6 WHERE id BETWEEN 2178758 AND 2188757 ORDER BY c
	-> Sort: sbtest6.c
    -> Table scan on <temporary>  (cost=8554..8804 rows=19800)
        -> Temporary table with deduplication  (cost=8554..8554 rows=19800)
            -> Filter: (sbtest6.id between 2178758 and 2188757)  (cost=3991 rows=19800)
                -> Index range scan on sbtest6 using PRIMARY over (2178758 <= id <= 2188757)  (cost=3991 rows=19800)


table 7 : explain SELECT DISTINCT c FROM sbtest7 WHERE id BETWEEN 836407 AND 846406 ORDER BY c
	-> Sort: sbtest7.c
    -> Table scan on <temporary>  (cost=8554..8804 rows=19800)
        -> Temporary table with deduplication  (cost=8554..8554 rows=19800)
            -> Filter: (sbtest7.id between 836407 and 846406)  (cost=3991 rows=19800)
                -> Index range scan on sbtest7 using PRIMARY over (836407 <= id <= 846406)  (cost=3991 rows=19800)


table 8 : explain SELECT DISTINCT c FROM sbtest8 WHERE id BETWEEN 1693779 AND 1703778 ORDER BY c
	-> Sort: sbtest8.c
    -> Table scan on <temporary>  (cost=8554..8804 rows=19800)
        -> Temporary table with deduplication  (cost=8554..8554 rows=19800)
            -> Filter: (sbtest8.id between 1693779 and 1703778)  (cost=3991 rows=19800)
                -> Index range scan on sbtest8 using PRIMARY over (1693779 <= id <= 1703778)  (cost=3991 rows=19800)


for: order_ranges
table 1 : explain SELECT c FROM sbtest1 WHERE id BETWEEN 18627 AND 28626 ORDER BY c
	-> Sort: sbtest1.c  (cost=3991 rows=19800)
    -> Filter: (sbtest1.id between 18627 and 28626)  (cost=3991 rows=19800)
        -> Index range scan on sbtest1 using PRIMARY over (18627 <= id <= 28626)  (cost=3991 rows=19800)


table 2 : explain SELECT c FROM sbtest2 WHERE id BETWEEN 8371593 AND 8381592 ORDER BY c
	-> Sort: sbtest2.c  (cost=3991 rows=19800)
    -> Filter: (sbtest2.id between 8371593 and 8381592)  (cost=3991 rows=19800)
        -> Index range scan on sbtest2 using PRIMARY over (8371593 <= id <= 8381592)  (cost=3991 rows=19800)


table 3 : explain SELECT c FROM sbtest3 WHERE id BETWEEN 93092 AND 103091 ORDER BY c
	-> Sort: sbtest3.c  (cost=3991 rows=19800)
    -> Filter: (sbtest3.id between 93092 and 103091)  (cost=3991 rows=19800)
        -> Index range scan on sbtest3 using PRIMARY over (93092 <= id <= 103091)  (cost=3991 rows=19800)


table 4 : explain SELECT c FROM sbtest4 WHERE id BETWEEN 6303724 AND 6313723 ORDER BY c
	-> Sort: sbtest4.c  (cost=3991 rows=19800)
    -> Filter: (sbtest4.id between 6303724 and 6313723)  (cost=3991 rows=19800)
        -> Index range scan on sbtest4 using PRIMARY over (6303724 <= id <= 6313723)  (cost=3991 rows=19800)


table 5 : explain SELECT c FROM sbtest5 WHERE id BETWEEN 8574888 AND 8584887 ORDER BY c
	-> Sort: sbtest5.c  (cost=3991 rows=19800)
    -> Filter: (sbtest5.id between 8574888 and 8584887)  (cost=3991 rows=19800)
        -> Index range scan on sbtest5 using PRIMARY over (8574888 <= id <= 8584887)  (cost=3991 rows=19800)


table 6 : explain SELECT c FROM sbtest6 WHERE id BETWEEN 2225077 AND 2235076 ORDER BY c
	-> Sort: sbtest6.c  (cost=3997 rows=19828)
    -> Filter: (sbtest6.id between 2225077 and 2235076)  (cost=3997 rows=19828)
        -> Index range scan on sbtest6 using PRIMARY over (2225077 <= id <= 2235076)  (cost=3997 rows=19828)


table 7 : explain SELECT c FROM sbtest7 WHERE id BETWEEN 2860195 AND 2870194 ORDER BY c
	-> Sort: sbtest7.c  (cost=3991 rows=19800)
    -> Filter: (sbtest7.id between 2860195 and 2870194)  (cost=3991 rows=19800)
        -> Index range scan on sbtest7 using PRIMARY over (2860195 <= id <= 2870194)  (cost=3991 rows=19800)


table 8 : explain SELECT c FROM sbtest8 WHERE id BETWEEN 9707119 AND 9717118 ORDER BY c
	-> Sort: sbtest8.c  (cost=3991 rows=19800)
    -> Filter: (sbtest8.id between 9707119 and 9717118)  (cost=3991 rows=19800)
        -> Index range scan on sbtest8 using PRIMARY over (9707119 <= id <= 9717118)  (cost=3991 rows=19800)


for: distinct_ranges
table 1 : explain SELECT DISTINCT c FROM sbtest1 WHERE id BETWEEN 2606660 AND 2616659 ORDER BY c
	-> Sort: sbtest1.c
    -> Table scan on <temporary>  (cost=8554..8804 rows=19800)
        -> Temporary table with deduplication  (cost=8554..8554 rows=19800)
            -> Filter: (sbtest1.id between 2606660 and 2616659)  (cost=3991 rows=19800)
                -> Index range scan on sbtest1 using PRIMARY over (2606660 <= id <= 2616659)  (cost=3991 rows=19800)


table 2 : explain SELECT DISTINCT c FROM sbtest2 WHERE id BETWEEN 9576954 AND 9586953 ORDER BY c
	-> Sort: sbtest2.c
    -> Table scan on <temporary>  (cost=8554..8804 rows=19800)
        -> Temporary table with deduplication  (cost=8554..8554 rows=19800)
            -> Filter: (sbtest2.id between 9576954 and 9586953)  (cost=3991 rows=19800)
                -> Index range scan on sbtest2 using PRIMARY over (9576954 <= id <= 9586953)  (cost=3991 rows=19800)


table 3 : explain SELECT DISTINCT c FROM sbtest3 WHERE id BETWEEN 1942833 AND 1952832 ORDER BY c
	-> Sort: sbtest3.c
    -> Table scan on <temporary>  (cost=8554..8804 rows=19800)
        -> Temporary table with deduplication  (cost=8554..8554 rows=19800)
            -> Filter: (sbtest3.id between 1942833 and 1952832)  (cost=3991 rows=19800)
                -> Index range scan on sbtest3 using PRIMARY over (1942833 <= id <= 1952832)  (cost=3991 rows=19800)


table 4 : explain SELECT DISTINCT c FROM sbtest4 WHERE id BETWEEN 991545 AND 1001544 ORDER BY c
	-> Sort: sbtest4.c
    -> Table scan on <temporary>  (cost=8554..8804 rows=19800)
        -> Temporary table with deduplication  (cost=8554..8554 rows=19800)
            -> Filter: (sbtest4.id between 991545 and 1001544)  (cost=3991 rows=19800)
                -> Index range scan on sbtest4 using PRIMARY over (991545 <= id <= 1001544)  (cost=3991 rows=19800)


table 5 : explain SELECT DISTINCT c FROM sbtest5 WHERE id BETWEEN 175118 AND 185117 ORDER BY c
	-> Sort: sbtest5.c
    -> Table scan on <temporary>  (cost=8554..8804 rows=19800)
        -> Temporary table with deduplication  (cost=8554..8554 rows=19800)
            -> Filter: (sbtest5.id between 175118 and 185117)  (cost=3991 rows=19800)
                -> Index range scan on sbtest5 using PRIMARY over (175118 <= id <= 185117)  (cost=3991 rows=19800)


table 6 : explain SELECT DISTINCT c FROM sbtest6 WHERE id BETWEEN 4905886 AND 4915885 ORDER BY c
	-> Sort: sbtest6.c
    -> Table scan on <temporary>  (cost=8554..8804 rows=19800)
        -> Temporary table with deduplication  (cost=8554..8554 rows=19800)
            -> Filter: (sbtest6.id between 4905886 and 4915885)  (cost=3991 rows=19800)
                -> Index range scan on sbtest6 using PRIMARY over (4905886 <= id <= 4915885)  (cost=3991 rows=19800)


table 7 : explain SELECT DISTINCT c FROM sbtest7 WHERE id BETWEEN 9373994 AND 9383993 ORDER BY c
	-> Sort: sbtest7.c
    -> Table scan on <temporary>  (cost=8554..8804 rows=19800)
        -> Temporary table with deduplication  (cost=8554..8554 rows=19800)
            -> Filter: (sbtest7.id between 9373994 and 9383993)  (cost=3991 rows=19800)
                -> Index range scan on sbtest7 using PRIMARY over (9373994 <= id <= 9383993)  (cost=3991 rows=19800)


table 8 : explain SELECT DISTINCT c FROM sbtest8 WHERE id BETWEEN 2139675 AND 2149674 ORDER BY c
	-> Sort: sbtest8.c
    -> Table scan on <temporary>  (cost=8554..8804 rows=19800)
        -> Temporary table with deduplication  (cost=8554..8554 rows=19800)
            -> Filter: (sbtest8.id between 2139675 and 2149674)  (cost=3991 rows=19800)
                -> Index range scan on sbtest8 using PRIMARY over (2139675 <= id <= 2149674)  (cost=3991 rows=19800)


for: distinct_ranges
table 1 : explain SELECT DISTINCT c FROM sbtest1 WHERE id BETWEEN 9766955 AND 9776954 ORDER BY c
	-> Sort: sbtest1.c
    -> Table scan on <temporary>  (cost=8554..8804 rows=19800)
        -> Temporary table with deduplication  (cost=8554..8554 rows=19800)
            -> Filter: (sbtest1.id between 9766955 and 9776954)  (cost=3991 rows=19800)
                -> Index range scan on sbtest1 using PRIMARY over (9766955 <= id <= 9776954)  (cost=3991 rows=19800)


table 2 : explain SELECT DISTINCT c FROM sbtest2 WHERE id BETWEEN 9108027 AND 9118026 ORDER BY c
	-> Sort: sbtest2.c
    -> Table scan on <temporary>  (cost=8554..8804 rows=19800)
        -> Temporary table with deduplication  (cost=8554..8554 rows=19800)
            -> Filter: (sbtest2.id between 9108027 and 9118026)  (cost=3991 rows=19800)
                -> Index range scan on sbtest2 using PRIMARY over (9108027 <= id <= 9118026)  (cost=3991 rows=19800)


table 3 : explain SELECT DISTINCT c FROM sbtest3 WHERE id BETWEEN 1091009 AND 1101008 ORDER BY c
	-> Sort: sbtest3.c
    -> Table scan on <temporary>  (cost=8554..8804 rows=19800)
        -> Temporary table with deduplication  (cost=8554..8554 rows=19800)
            -> Filter: (sbtest3.id between 1091009 and 1101008)  (cost=3991 rows=19800)
                -> Index range scan on sbtest3 using PRIMARY over (1091009 <= id <= 1101008)  (cost=3991 rows=19800)


table 4 : explain SELECT DISTINCT c FROM sbtest4 WHERE id BETWEEN 1252728 AND 1262727 ORDER BY c
	-> Sort: sbtest4.c
    -> Table scan on <temporary>  (cost=8554..8804 rows=19800)
        -> Temporary table with deduplication  (cost=8554..8554 rows=19800)
            -> Filter: (sbtest4.id between 1252728 and 1262727)  (cost=3991 rows=19800)
                -> Index range scan on sbtest4 using PRIMARY over (1252728 <= id <= 1262727)  (cost=3991 rows=19800)


table 5 : explain SELECT DISTINCT c FROM sbtest5 WHERE id BETWEEN 9103995 AND 9113994 ORDER BY c
	-> Sort: sbtest5.c
    -> Table scan on <temporary>  (cost=8554..8804 rows=19800)
        -> Temporary table with deduplication  (cost=8554..8554 rows=19800)
            -> Filter: (sbtest5.id between 9103995 and 9113994)  (cost=3991 rows=19800)
                -> Index range scan on sbtest5 using PRIMARY over (9103995 <= id <= 9113994)  (cost=3991 rows=19800)


table 6 : explain SELECT DISTINCT c FROM sbtest6 WHERE id BETWEEN 7685554 AND 7695553 ORDER BY c
	-> Sort: sbtest6.c
    -> Table scan on <temporary>  (cost=8554..8804 rows=19800)
        -> Temporary table with deduplication  (cost=8554..8554 rows=19800)
            -> Filter: (sbtest6.id between 7685554 and 7695553)  (cost=3991 rows=19800)
                -> Index range scan on sbtest6 using PRIMARY over (7685554 <= id <= 7695553)  (cost=3991 rows=19800)


table 7 : explain SELECT DISTINCT c FROM sbtest7 WHERE id BETWEEN 1300576 AND 1310575 ORDER BY c
	-> Sort: sbtest7.c
    -> Table scan on <temporary>  (cost=8554..8804 rows=19800)
        -> Temporary table with deduplication  (cost=8554..8554 rows=19800)
            -> Filter: (sbtest7.id between 1300576 and 1310575)  (cost=3991 rows=19800)
                -> Index range scan on sbtest7 using PRIMARY over (1300576 <= id <= 1310575)  (cost=3991 rows=19800)


table 8 : explain SELECT DISTINCT c FROM sbtest8 WHERE id BETWEEN 9299822 AND 9309821 ORDER BY c
	-> Sort: sbtest8.c
    -> Table scan on <temporary>  (cost=8554..8804 rows=19800)
        -> Temporary table with deduplication  (cost=8554..8554 rows=19800)
            -> Filter: (sbtest8.id between 9299822 and 9309821)  (cost=3991 rows=19800)
                -> Index range scan on sbtest8 using PRIMARY over (9299822 <= id <= 9309821)  (cost=3991 rows=19800)


for: distinct_ranges
table 1 : explain SELECT DISTINCT c FROM sbtest1 WHERE id BETWEEN 4330404 AND 4340403 ORDER BY c
	-> Sort: sbtest1.c
    -> Table scan on <temporary>  (cost=8554..8804 rows=19800)
        -> Temporary table with deduplication  (cost=8554..8554 rows=19800)
            -> Filter: (sbtest1.id between 4330404 and 4340403)  (cost=3991 rows=19800)
                -> Index range scan on sbtest1 using PRIMARY over (4330404 <= id <= 4340403)  (cost=3991 rows=19800)


table 2 : explain SELECT DISTINCT c FROM sbtest2 WHERE id BETWEEN 2510616 AND 2520615 ORDER BY c
	-> Sort: sbtest2.c
    -> Table scan on <temporary>  (cost=8554..8804 rows=19800)
        -> Temporary table with deduplication  (cost=8554..8554 rows=19800)
            -> Filter: (sbtest2.id between 2510616 and 2520615)  (cost=3991 rows=19800)
                -> Index range scan on sbtest2 using PRIMARY over (2510616 <= id <= 2520615)  (cost=3991 rows=19800)


table 3 : explain SELECT DISTINCT c FROM sbtest3 WHERE id BETWEEN 866064 AND 876063 ORDER BY c
	-> Sort: sbtest3.c
    -> Table scan on <temporary>  (cost=8554..8804 rows=19800)
        -> Temporary table with deduplication  (cost=8554..8554 rows=19800)
            -> Filter: (sbtest3.id between 866064 and 876063)  (cost=3991 rows=19800)
                -> Index range scan on sbtest3 using PRIMARY over (866064 <= id <= 876063)  (cost=3991 rows=19800)


table 4 : explain SELECT DISTINCT c FROM sbtest4 WHERE id BETWEEN 843577 AND 853576 ORDER BY c
	-> Sort: sbtest4.c
    -> Table scan on <temporary>  (cost=8554..8804 rows=19800)
        -> Temporary table with deduplication  (cost=8554..8554 rows=19800)
            -> Filter: (sbtest4.id between 843577 and 853576)  (cost=3991 rows=19800)
                -> Index range scan on sbtest4 using PRIMARY over (843577 <= id <= 853576)  (cost=3991 rows=19800)


table 5 : explain SELECT DISTINCT c FROM sbtest5 WHERE id BETWEEN 9406589 AND 9416588 ORDER BY c
	-> Sort: sbtest5.c
    -> Table scan on <temporary>  (cost=8554..8804 rows=19800)
        -> Temporary table with deduplication  (cost=8554..8554 rows=19800)
            -> Filter: (sbtest5.id between 9406589 and 9416588)  (cost=3991 rows=19800)
                -> Index range scan on sbtest5 using PRIMARY over (9406589 <= id <= 9416588)  (cost=3991 rows=19800)


table 6 : explain SELECT DISTINCT c FROM sbtest6 WHERE id BETWEEN 7694114 AND 7704113 ORDER BY c
	-> Sort: sbtest6.c
    -> Table scan on <temporary>  (cost=8554..8804 rows=19800)
        -> Temporary table with deduplication  (cost=8554..8554 rows=19800)
            -> Filter: (sbtest6.id between 7694114 and 7704113)  (cost=3991 rows=19800)
                -> Index range scan on sbtest6 using PRIMARY over (7694114 <= id <= 7704113)  (cost=3991 rows=19800)


table 7 : explain SELECT DISTINCT c FROM sbtest7 WHERE id BETWEEN 2585040 AND 2595039 ORDER BY c
	-> Sort: sbtest7.c
    -> Table scan on <temporary>  (cost=8566..8816 rows=19828)
        -> Temporary table with deduplication  (cost=8566..8566 rows=19828)
            -> Filter: (sbtest7.id between 2585040 and 2595039)  (cost=3997 rows=19828)
                -> Index range scan on sbtest7 using PRIMARY over (2585040 <= id <= 2595039)  (cost=3997 rows=19828)


table 8 : explain SELECT DISTINCT c FROM sbtest8 WHERE id BETWEEN 6766493 AND 6776492 ORDER BY c
	-> Sort: sbtest8.c
    -> Table scan on <temporary>  (cost=8554..8804 rows=19800)
        -> Temporary table with deduplication  (cost=8554..8554 rows=19800)
            -> Filter: (sbtest8.id between 6766493 and 6776492)  (cost=3991 rows=19800)
                -> Index range scan on sbtest8 using PRIMARY over (6766493 <= id <= 6776492)  (cost=3991 rows=19800)


for: distinct_ranges
table 1 : explain SELECT DISTINCT c FROM sbtest1 WHERE id BETWEEN 4530505 AND 4540504 ORDER BY c
	-> Sort: sbtest1.c
    -> Table scan on <temporary>  (cost=8554..8804 rows=19800)
        -> Temporary table with deduplication  (cost=8554..8554 rows=19800)
            -> Filter: (sbtest1.id between 4530505 and 4540504)  (cost=3991 rows=19800)
                -> Index range scan on sbtest1 using PRIMARY over (4530505 <= id <= 4540504)  (cost=3991 rows=19800)


table 2 : explain SELECT DISTINCT c FROM sbtest2 WHERE id BETWEEN 2111558 AND 2121557 ORDER BY c
	-> Sort: sbtest2.c
    -> Table scan on <temporary>  (cost=8554..8804 rows=19800)
        -> Temporary table with deduplication  (cost=8554..8554 rows=19800)
            -> Filter: (sbtest2.id between 2111558 and 2121557)  (cost=3991 rows=19800)
                -> Index range scan on sbtest2 using PRIMARY over (2111558 <= id <= 2121557)  (cost=3991 rows=19800)


table 3 : explain SELECT DISTINCT c FROM sbtest3 WHERE id BETWEEN 8080121 AND 8090120 ORDER BY c
	-> Sort: sbtest3.c
    -> Table scan on <temporary>  (cost=8554..8804 rows=19800)
        -> Temporary table with deduplication  (cost=8554..8554 rows=19800)
            -> Filter: (sbtest3.id between 8080121 and 8090120)  (cost=3991 rows=19800)
                -> Index range scan on sbtest3 using PRIMARY over (8080121 <= id <= 8090120)  (cost=3991 rows=19800)


table 4 : explain SELECT DISTINCT c FROM sbtest4 WHERE id BETWEEN 2067961 AND 2077960 ORDER BY c
	-> Sort: sbtest4.c
    -> Table scan on <temporary>  (cost=8554..8804 rows=19800)
        -> Temporary table with deduplication  (cost=8554..8554 rows=19800)
            -> Filter: (sbtest4.id between 2067961 and 2077960)  (cost=3991 rows=19800)
                -> Index range scan on sbtest4 using PRIMARY over (2067961 <= id <= 2077960)  (cost=3991 rows=19800)


table 5 : explain SELECT DISTINCT c FROM sbtest5 WHERE id BETWEEN 1219666 AND 1229665 ORDER BY c
	-> Sort: sbtest5.c
    -> Table scan on <temporary>  (cost=8554..8804 rows=19800)
        -> Temporary table with deduplication  (cost=8554..8554 rows=19800)
            -> Filter: (sbtest5.id between 1219666 and 1229665)  (cost=3991 rows=19800)
                -> Index range scan on sbtest5 using PRIMARY over (1219666 <= id <= 1229665)  (cost=3991 rows=19800)


table 6 : explain SELECT DISTINCT c FROM sbtest6 WHERE id BETWEEN 5582647 AND 5592646 ORDER BY c
	-> Sort: sbtest6.c
    -> Table scan on <temporary>  (cost=8554..8804 rows=19800)
        -> Temporary table with deduplication  (cost=8554..8554 rows=19800)
            -> Filter: (sbtest6.id between 5582647 and 5592646)  (cost=3991 rows=19800)
                -> Index range scan on sbtest6 using PRIMARY over (5582647 <= id <= 5592646)  (cost=3991 rows=19800)


table 7 : explain SELECT DISTINCT c FROM sbtest7 WHERE id BETWEEN 3009026 AND 3019025 ORDER BY c
	-> Sort: sbtest7.c
    -> Table scan on <temporary>  (cost=8554..8804 rows=19800)
        -> Temporary table with deduplication  (cost=8554..8554 rows=19800)
            -> Filter: (sbtest7.id between 3009026 and 3019025)  (cost=3991 rows=19800)
                -> Index range scan on sbtest7 using PRIMARY over (3009026 <= id <= 3019025)  (cost=3991 rows=19800)


table 8 : explain SELECT DISTINCT c FROM sbtest8 WHERE id BETWEEN 6802599 AND 6812598 ORDER BY c
	-> Sort: sbtest8.c
    -> Table scan on <temporary>  (cost=8554..8804 rows=19800)
        -> Temporary table with deduplication  (cost=8554..8554 rows=19800)
            -> Filter: (sbtest8.id between 6802599 and 6812598)  (cost=3991 rows=19800)
                -> Index range scan on sbtest8 using PRIMARY over (6802599 <= id <= 6812598)  (cost=3991 rows=19800)


for: distinct_ranges
table 1 : explain SELECT DISTINCT c FROM sbtest1 WHERE id BETWEEN 924178 AND 934177 ORDER BY c
	-> Sort: sbtest1.c
    -> Table scan on <temporary>  (cost=8554..8804 rows=19800)
        -> Temporary table with deduplication  (cost=8554..8554 rows=19800)
            -> Filter: (sbtest1.id between 924178 and 934177)  (cost=3991 rows=19800)
                -> Index range scan on sbtest1 using PRIMARY over (924178 <= id <= 934177)  (cost=3991 rows=19800)


table 2 : explain SELECT DISTINCT c FROM sbtest2 WHERE id BETWEEN 2169721 AND 2179720 ORDER BY c
	-> Sort: sbtest2.c
    -> Table scan on <temporary>  (cost=8554..8804 rows=19800)
        -> Temporary table with deduplication  (cost=8554..8554 rows=19800)
            -> Filter: (sbtest2.id between 2169721 and 2179720)  (cost=3991 rows=19800)
                -> Index range scan on sbtest2 using PRIMARY over (2169721 <= id <= 2179720)  (cost=3991 rows=19800)


table 3 : explain SELECT DISTINCT c FROM sbtest3 WHERE id BETWEEN 1637221 AND 1647220 ORDER BY c
	-> Sort: sbtest3.c
    -> Table scan on <temporary>  (cost=8554..8804 rows=19800)
        -> Temporary table with deduplication  (cost=8554..8554 rows=19800)
            -> Filter: (sbtest3.id between 1637221 and 1647220)  (cost=3991 rows=19800)
                -> Index range scan on sbtest3 using PRIMARY over (1637221 <= id <= 1647220)  (cost=3991 rows=19800)


table 4 : explain SELECT DISTINCT c FROM sbtest4 WHERE id BETWEEN 9687781 AND 9697780 ORDER BY c
	-> Sort: sbtest4.c
    -> Table scan on <temporary>  (cost=8554..8804 rows=19800)
        -> Temporary table with deduplication  (cost=8554..8554 rows=19800)
            -> Filter: (sbtest4.id between 9687781 and 9697780)  (cost=3991 rows=19800)
                -> Index range scan on sbtest4 using PRIMARY over (9687781 <= id <= 9697780)  (cost=3991 rows=19800)


table 5 : explain SELECT DISTINCT c FROM sbtest5 WHERE id BETWEEN 4737308 AND 4747307 ORDER BY c
	-> Sort: sbtest5.c
    -> Table scan on <temporary>  (cost=8554..8804 rows=19800)
        -> Temporary table with deduplication  (cost=8554..8554 rows=19800)
            -> Filter: (sbtest5.id between 4737308 and 4747307)  (cost=3991 rows=19800)
                -> Index range scan on sbtest5 using PRIMARY over (4737308 <= id <= 4747307)  (cost=3991 rows=19800)


table 6 : explain SELECT DISTINCT c FROM sbtest6 WHERE id BETWEEN 915336 AND 925335 ORDER BY c
	-> Sort: sbtest6.c
    -> Table scan on <temporary>  (cost=8554..8804 rows=19800)
        -> Temporary table with deduplication  (cost=8554..8554 rows=19800)
            -> Filter: (sbtest6.id between 915336 and 925335)  (cost=3991 rows=19800)
                -> Index range scan on sbtest6 using PRIMARY over (915336 <= id <= 925335)  (cost=3991 rows=19800)


table 7 : explain SELECT DISTINCT c FROM sbtest7 WHERE id BETWEEN 1333355 AND 1343354 ORDER BY c
	-> Sort: sbtest7.c
    -> Table scan on <temporary>  (cost=8554..8804 rows=19800)
        -> Temporary table with deduplication  (cost=8554..8554 rows=19800)
            -> Filter: (sbtest7.id between 1333355 and 1343354)  (cost=3991 rows=19800)
                -> Index range scan on sbtest7 using PRIMARY over (1333355 <= id <= 1343354)  (cost=3991 rows=19800)


table 8 : explain SELECT DISTINCT c FROM sbtest8 WHERE id BETWEEN 5583360 AND 5593359 ORDER BY c
	-> Sort: sbtest8.c
    -> Table scan on <temporary>  (cost=8554..8804 rows=19800)
        -> Temporary table with deduplication  (cost=8554..8554 rows=19800)
            -> Filter: (sbtest8.id between 5583360 and 5593359)  (cost=3991 rows=19800)
                -> Index range scan on sbtest8 using PRIMARY over (5583360 <= id <= 5593359)  (cost=3991 rows=19800)


for: distinct_ranges
table 1 : explain SELECT DISTINCT c FROM sbtest1 WHERE id BETWEEN 8204771 AND 8214770 ORDER BY c
	-> Sort: sbtest1.c
    -> Table scan on <temporary>  (cost=8554..8804 rows=19800)
        -> Temporary table with deduplication  (cost=8554..8554 rows=19800)
            -> Filter: (sbtest1.id between 8204771 and 8214770)  (cost=3991 rows=19800)
                -> Index range scan on sbtest1 using PRIMARY over (8204771 <= id <= 8214770)  (cost=3991 rows=19800)


table 2 : explain SELECT DISTINCT c FROM sbtest2 WHERE id BETWEEN 9818438 AND 9828437 ORDER BY c
	-> Sort: sbtest2.c
    -> Table scan on <temporary>  (cost=8554..8804 rows=19800)
        -> Temporary table with deduplication  (cost=8554..8554 rows=19800)
            -> Filter: (sbtest2.id between 9818438 and 9828437)  (cost=3991 rows=19800)
                -> Index range scan on sbtest2 using PRIMARY over (9818438 <= id <= 9828437)  (cost=3991 rows=19800)


table 3 : explain SELECT DISTINCT c FROM sbtest3 WHERE id BETWEEN 3210789 AND 3220788 ORDER BY c
	-> Sort: sbtest3.c
    -> Table scan on <temporary>  (cost=8554..8804 rows=19800)
        -> Temporary table with deduplication  (cost=8554..8554 rows=19800)
            -> Filter: (sbtest3.id between 3210789 and 3220788)  (cost=3991 rows=19800)
                -> Index range scan on sbtest3 using PRIMARY over (3210789 <= id <= 3220788)  (cost=3991 rows=19800)


table 4 : explain SELECT DISTINCT c FROM sbtest4 WHERE id BETWEEN 8370274 AND 8380273 ORDER BY c
	-> Sort: sbtest4.c
    -> Table scan on <temporary>  (cost=8554..8804 rows=19800)
        -> Temporary table with deduplication  (cost=8554..8554 rows=19800)
            -> Filter: (sbtest4.id between 8370274 and 8380273)  (cost=3991 rows=19800)
                -> Index range scan on sbtest4 using PRIMARY over (8370274 <= id <= 8380273)  (cost=3991 rows=19800)


table 5 : explain SELECT DISTINCT c FROM sbtest5 WHERE id BETWEEN 6189799 AND 6199798 ORDER BY c
	-> Sort: sbtest5.c
    -> Table scan on <temporary>  (cost=8554..8804 rows=19800)
        -> Temporary table with deduplication  (cost=8554..8554 rows=19800)
            -> Filter: (sbtest5.id between 6189799 and 6199798)  (cost=3991 rows=19800)
                -> Index range scan on sbtest5 using PRIMARY over (6189799 <= id <= 6199798)  (cost=3991 rows=19800)


table 6 : explain SELECT DISTINCT c FROM sbtest6 WHERE id BETWEEN 5675299 AND 5685298 ORDER BY c
	-> Sort: sbtest6.c
    -> Table scan on <temporary>  (cost=8554..8804 rows=19800)
        -> Temporary table with deduplication  (cost=8554..8554 rows=19800)
            -> Filter: (sbtest6.id between 5675299 and 5685298)  (cost=3991 rows=19800)
                -> Index range scan on sbtest6 using PRIMARY over (5675299 <= id <= 5685298)  (cost=3991 rows=19800)


table 7 : explain SELECT DISTINCT c FROM sbtest7 WHERE id BETWEEN 3139097 AND 3149096 ORDER BY c
	-> Sort: sbtest7.c
    -> Table scan on <temporary>  (cost=8554..8804 rows=19800)
        -> Temporary table with deduplication  (cost=8554..8554 rows=19800)
            -> Filter: (sbtest7.id between 3139097 and 3149096)  (cost=3991 rows=19800)
                -> Index range scan on sbtest7 using PRIMARY over (3139097 <= id <= 3149096)  (cost=3991 rows=19800)


table 8 : explain SELECT DISTINCT c FROM sbtest8 WHERE id BETWEEN 9388227 AND 9398226 ORDER BY c
	-> Sort: sbtest8.c
    -> Table scan on <temporary>  (cost=8554..8804 rows=19800)
        -> Temporary table with deduplication  (cost=8554..8554 rows=19800)
            -> Filter: (sbtest8.id between 9388227 and 9398226)  (cost=3991 rows=19800)
                -> Index range scan on sbtest8 using PRIMARY over (9388227 <= id <= 9398226)  (cost=3991 rows=19800)


for: distinct_ranges
table 1 : explain SELECT DISTINCT c FROM sbtest1 WHERE id BETWEEN 2473039 AND 2483038 ORDER BY c
	-> Sort: sbtest1.c
    -> Table scan on <temporary>  (cost=8554..8804 rows=19800)
        -> Temporary table with deduplication  (cost=8554..8554 rows=19800)
            -> Filter: (sbtest1.id between 2473039 and 2483038)  (cost=3991 rows=19800)
                -> Index range scan on sbtest1 using PRIMARY over (2473039 <= id <= 2483038)  (cost=3991 rows=19800)


table 2 : explain SELECT DISTINCT c FROM sbtest2 WHERE id BETWEEN 7258835 AND 7268834 ORDER BY c
	-> Sort: sbtest2.c
    -> Table scan on <temporary>  (cost=8554..8804 rows=19800)
        -> Temporary table with deduplication  (cost=8554..8554 rows=19800)
            -> Filter: (sbtest2.id between 7258835 and 7268834)  (cost=3991 rows=19800)
                -> Index range scan on sbtest2 using PRIMARY over (7258835 <= id <= 7268834)  (cost=3991 rows=19800)


table 3 : explain SELECT DISTINCT c FROM sbtest3 WHERE id BETWEEN 1433241 AND 1443240 ORDER BY c
	-> Sort: sbtest3.c
    -> Table scan on <temporary>  (cost=8554..8804 rows=19800)
        -> Temporary table with deduplication  (cost=8554..8554 rows=19800)
            -> Filter: (sbtest3.id between 1433241 and 1443240)  (cost=3991 rows=19800)
                -> Index range scan on sbtest3 using PRIMARY over (1433241 <= id <= 1443240)  (cost=3991 rows=19800)


table 4 : explain SELECT DISTINCT c FROM sbtest4 WHERE id BETWEEN 4542133 AND 4552132 ORDER BY c
	-> Sort: sbtest4.c
    -> Table scan on <temporary>  (cost=8554..8804 rows=19800)
        -> Temporary table with deduplication  (cost=8554..8554 rows=19800)
            -> Filter: (sbtest4.id between 4542133 and 4552132)  (cost=3991 rows=19800)
                -> Index range scan on sbtest4 using PRIMARY over (4542133 <= id <= 4552132)  (cost=3991 rows=19800)


table 5 : explain SELECT DISTINCT c FROM sbtest5 WHERE id BETWEEN 2305240 AND 2315239 ORDER BY c
	-> Sort: sbtest5.c
    -> Table scan on <temporary>  (cost=8554..8804 rows=19800)
        -> Temporary table with deduplication  (cost=8554..8554 rows=19800)
            -> Filter: (sbtest5.id between 2305240 and 2315239)  (cost=3991 rows=19800)
                -> Index range scan on sbtest5 using PRIMARY over (2305240 <= id <= 2315239)  (cost=3991 rows=19800)


table 6 : explain SELECT DISTINCT c FROM sbtest6 WHERE id BETWEEN 8322531 AND 8332530 ORDER BY c
	-> Sort: sbtest6.c
    -> Table scan on <temporary>  (cost=8554..8804 rows=19800)
        -> Temporary table with deduplication  (cost=8554..8554 rows=19800)
            -> Filter: (sbtest6.id between 8322531 and 8332530)  (cost=3991 rows=19800)
                -> Index range scan on sbtest6 using PRIMARY over (8322531 <= id <= 8332530)  (cost=3991 rows=19800)


table 7 : explain SELECT DISTINCT c FROM sbtest7 WHERE id BETWEEN 7566207 AND 7576206 ORDER BY c
	-> Sort: sbtest7.c
    -> Table scan on <temporary>  (cost=8554..8804 rows=19800)
        -> Temporary table with deduplication  (cost=8554..8554 rows=19800)
            -> Filter: (sbtest7.id between 7566207 and 7576206)  (cost=3991 rows=19800)
                -> Index range scan on sbtest7 using PRIMARY over (7566207 <= id <= 7576206)  (cost=3991 rows=19800)


table 8 : explain SELECT DISTINCT c FROM sbtest8 WHERE id BETWEEN 657900 AND 667899 ORDER BY c
	-> Sort: sbtest8.c
    -> Table scan on <temporary>  (cost=8554..8804 rows=19800)
        -> Temporary table with deduplication  (cost=8554..8554 rows=19800)
            -> Filter: (sbtest8.id between 657900 and 667899)  (cost=3991 rows=19800)
                -> Index range scan on sbtest8 using PRIMARY over (657900 <= id <= 667899)  (cost=3991 rows=19800)


for: distinct_ranges
table 1 : explain SELECT DISTINCT c FROM sbtest1 WHERE id BETWEEN 580076 AND 590075 ORDER BY c
	-> Sort: sbtest1.c
    -> Table scan on <temporary>  (cost=8554..8804 rows=19800)
        -> Temporary table with deduplication  (cost=8554..8554 rows=19800)
            -> Filter: (sbtest1.id between 580076 and 590075)  (cost=3991 rows=19800)
                -> Index range scan on sbtest1 using PRIMARY over (580076 <= id <= 590075)  (cost=3991 rows=19800)


table 2 : explain SELECT DISTINCT c FROM sbtest2 WHERE id BETWEEN 8286385 AND 8296384 ORDER BY c
	-> Sort: sbtest2.c
    -> Table scan on <temporary>  (cost=8554..8804 rows=19800)
        -> Temporary table with deduplication  (cost=8554..8554 rows=19800)
            -> Filter: (sbtest2.id between 8286385 and 8296384)  (cost=3991 rows=19800)
                -> Index range scan on sbtest2 using PRIMARY over (8286385 <= id <= 8296384)  (cost=3991 rows=19800)


table 3 : explain SELECT DISTINCT c FROM sbtest3 WHERE id BETWEEN 9096502 AND 9106501 ORDER BY c
	-> Sort: sbtest3.c
    -> Table scan on <temporary>  (cost=8554..8804 rows=19800)
        -> Temporary table with deduplication  (cost=8554..8554 rows=19800)
            -> Filter: (sbtest3.id between 9096502 and 9106501)  (cost=3991 rows=19800)
                -> Index range scan on sbtest3 using PRIMARY over (9096502 <= id <= 9106501)  (cost=3991 rows=19800)


table 4 : explain SELECT DISTINCT c FROM sbtest4 WHERE id BETWEEN 3570634 AND 3580633 ORDER BY c
	-> Sort: sbtest4.c
    -> Table scan on <temporary>  (cost=8554..8804 rows=19800)
        -> Temporary table with deduplication  (cost=8554..8554 rows=19800)
            -> Filter: (sbtest4.id between 3570634 and 3580633)  (cost=3991 rows=19800)
                -> Index range scan on sbtest4 using PRIMARY over (3570634 <= id <= 3580633)  (cost=3991 rows=19800)


table 5 : explain SELECT DISTINCT c FROM sbtest5 WHERE id BETWEEN 9089594 AND 9099593 ORDER BY c
	-> Sort: sbtest5.c
    -> Table scan on <temporary>  (cost=8554..8804 rows=19800)
        -> Temporary table with deduplication  (cost=8554..8554 rows=19800)
            -> Filter: (sbtest5.id between 9089594 and 9099593)  (cost=3991 rows=19800)
                -> Index range scan on sbtest5 using PRIMARY over (9089594 <= id <= 9099593)  (cost=3991 rows=19800)


table 6 : explain SELECT DISTINCT c FROM sbtest6 WHERE id BETWEEN 4835095 AND 4845094 ORDER BY c
	-> Sort: sbtest6.c
    -> Table scan on <temporary>  (cost=8554..8804 rows=19800)
        -> Temporary table with deduplication  (cost=8554..8554 rows=19800)
            -> Filter: (sbtest6.id between 4835095 and 4845094)  (cost=3991 rows=19800)
                -> Index range scan on sbtest6 using PRIMARY over (4835095 <= id <= 4845094)  (cost=3991 rows=19800)


table 7 : explain SELECT DISTINCT c FROM sbtest7 WHERE id BETWEEN 3222717 AND 3232716 ORDER BY c
	-> Sort: sbtest7.c
    -> Table scan on <temporary>  (cost=8554..8804 rows=19800)
        -> Temporary table with deduplication  (cost=8554..8554 rows=19800)
            -> Filter: (sbtest7.id between 3222717 and 3232716)  (cost=3991 rows=19800)
                -> Index range scan on sbtest7 using PRIMARY over (3222717 <= id <= 3232716)  (cost=3991 rows=19800)


table 8 : explain SELECT DISTINCT c FROM sbtest8 WHERE id BETWEEN 7241197 AND 7251196 ORDER BY c
	-> Sort: sbtest8.c
    -> Table scan on <temporary>  (cost=8554..8804 rows=19800)
        -> Temporary table with deduplication  (cost=8554..8554 rows=19800)
            -> Filter: (sbtest8.id between 7241197 and 7251196)  (cost=3991 rows=19800)
                -> Index range scan on sbtest8 using PRIMARY over (7241197 <= id <= 7251196)  (cost=3991 rows=19800)


for: distinct_ranges
table 1 : explain SELECT DISTINCT c FROM sbtest1 WHERE id BETWEEN 3439214 AND 3449213 ORDER BY c
	-> Sort: sbtest1.c
    -> Table scan on <temporary>  (cost=9342..9615 rows=21626)
        -> Temporary table with deduplication  (cost=9342..9342 rows=21626)
            -> Filter: (sbtest1.id between 3439214 and 3449213)  (cost=4360 rows=21626)
                -> Index range scan on sbtest1 using PRIMARY over (3439214 <= id <= 3449213)  (cost=4360 rows=21626)


table 2 : explain SELECT DISTINCT c FROM sbtest2 WHERE id BETWEEN 309593 AND 319592 ORDER BY c
	-> Sort: sbtest2.c
    -> Table scan on <temporary>  (cost=8554..8804 rows=19800)
        -> Temporary table with deduplication  (cost=8554..8554 rows=19800)
            -> Filter: (sbtest2.id between 309593 and 319592)  (cost=3991 rows=19800)
                -> Index range scan on sbtest2 using PRIMARY over (309593 <= id <= 319592)  (cost=3991 rows=19800)


table 3 : explain SELECT DISTINCT c FROM sbtest3 WHERE id BETWEEN 8008802 AND 8018801 ORDER BY c
	-> Sort: sbtest3.c
    -> Table scan on <temporary>  (cost=8554..8804 rows=19800)
        -> Temporary table with deduplication  (cost=8554..8554 rows=19800)
            -> Filter: (sbtest3.id between 8008802 and 8018801)  (cost=3991 rows=19800)
                -> Index range scan on sbtest3 using PRIMARY over (8008802 <= id <= 8018801)  (cost=3991 rows=19800)


table 4 : explain SELECT DISTINCT c FROM sbtest4 WHERE id BETWEEN 8757645 AND 8767644 ORDER BY c
	-> Sort: sbtest4.c
    -> Table scan on <temporary>  (cost=8554..8804 rows=19800)
        -> Temporary table with deduplication  (cost=8554..8554 rows=19800)
            -> Filter: (sbtest4.id between 8757645 and 8767644)  (cost=3991 rows=19800)
                -> Index range scan on sbtest4 using PRIMARY over (8757645 <= id <= 8767644)  (cost=3991 rows=19800)


table 5 : explain SELECT DISTINCT c FROM sbtest5 WHERE id BETWEEN 3987910 AND 3997909 ORDER BY c
	-> Sort: sbtest5.c
    -> Table scan on <temporary>  (cost=8554..8804 rows=19800)
        -> Temporary table with deduplication  (cost=8554..8554 rows=19800)
            -> Filter: (sbtest5.id between 3987910 and 3997909)  (cost=3991 rows=19800)
                -> Index range scan on sbtest5 using PRIMARY over (3987910 <= id <= 3997909)  (cost=3991 rows=19800)


table 6 : explain SELECT DISTINCT c FROM sbtest6 WHERE id BETWEEN 7940176 AND 7950175 ORDER BY c
	-> Sort: sbtest6.c
    -> Table scan on <temporary>  (cost=8554..8804 rows=19800)
        -> Temporary table with deduplication  (cost=8554..8554 rows=19800)
            -> Filter: (sbtest6.id between 7940176 and 7950175)  (cost=3991 rows=19800)
                -> Index range scan on sbtest6 using PRIMARY over (7940176 <= id <= 7950175)  (cost=3991 rows=19800)


table 7 : explain SELECT DISTINCT c FROM sbtest7 WHERE id BETWEEN 477196 AND 487195 ORDER BY c
	-> Sort: sbtest7.c
    -> Table scan on <temporary>  (cost=8554..8804 rows=19800)
        -> Temporary table with deduplication  (cost=8554..8554 rows=19800)
            -> Filter: (sbtest7.id between 477196 and 487195)  (cost=3991 rows=19800)
                -> Index range scan on sbtest7 using PRIMARY over (477196 <= id <= 487195)  (cost=3991 rows=19800)


table 8 : explain SELECT DISTINCT c FROM sbtest8 WHERE id BETWEEN 5896474 AND 5906473 ORDER BY c
	-> Sort: sbtest8.c
    -> Table scan on <temporary>  (cost=8554..8804 rows=19800)
        -> Temporary table with deduplication  (cost=8554..8554 rows=19800)
            -> Filter: (sbtest8.id between 5896474 and 5906473)  (cost=3991 rows=19800)
                -> Index range scan on sbtest8 using PRIMARY over (5896474 <= id <= 5906473)  (cost=3991 rows=19800)


for: distinct_ranges
table 1 : explain SELECT DISTINCT c FROM sbtest1 WHERE id BETWEEN 6563092 AND 6573091 ORDER BY c
	-> Sort: sbtest1.c
    -> Table scan on <temporary>  (cost=8554..8804 rows=19800)
        -> Temporary table with deduplication  (cost=8554..8554 rows=19800)
            -> Filter: (sbtest1.id between 6563092 and 6573091)  (cost=3991 rows=19800)
                -> Index range scan on sbtest1 using PRIMARY over (6563092 <= id <= 6573091)  (cost=3991 rows=19800)


table 2 : explain SELECT DISTINCT c FROM sbtest2 WHERE id BETWEEN 7801120 AND 7811119 ORDER BY c
	-> Sort: sbtest2.c
    -> Table scan on <temporary>  (cost=8554..8804 rows=19800)
        -> Temporary table with deduplication  (cost=8554..8554 rows=19800)
            -> Filter: (sbtest2.id between 7801120 and 7811119)  (cost=3991 rows=19800)
                -> Index range scan on sbtest2 using PRIMARY over (7801120 <= id <= 7811119)  (cost=3991 rows=19800)


table 3 : explain SELECT DISTINCT c FROM sbtest3 WHERE id BETWEEN 6979685 AND 6989684 ORDER BY c
	-> Sort: sbtest3.c
    -> Table scan on <temporary>  (cost=8554..8804 rows=19800)
        -> Temporary table with deduplication  (cost=8554..8554 rows=19800)
            -> Filter: (sbtest3.id between 6979685 and 6989684)  (cost=3991 rows=19800)
                -> Index range scan on sbtest3 using PRIMARY over (6979685 <= id <= 6989684)  (cost=3991 rows=19800)


table 4 : explain SELECT DISTINCT c FROM sbtest4 WHERE id BETWEEN 2690896 AND 2700895 ORDER BY c
	-> Sort: sbtest4.c
    -> Table scan on <temporary>  (cost=8554..8804 rows=19800)
        -> Temporary table with deduplication  (cost=8554..8554 rows=19800)
            -> Filter: (sbtest4.id between 2690896 and 2700895)  (cost=3991 rows=19800)
                -> Index range scan on sbtest4 using PRIMARY over (2690896 <= id <= 2700895)  (cost=3991 rows=19800)


table 5 : explain SELECT DISTINCT c FROM sbtest5 WHERE id BETWEEN 6731540 AND 6741539 ORDER BY c
	-> Sort: sbtest5.c
    -> Table scan on <temporary>  (cost=8554..8804 rows=19800)
        -> Temporary table with deduplication  (cost=8554..8554 rows=19800)
            -> Filter: (sbtest5.id between 6731540 and 6741539)  (cost=3991 rows=19800)
                -> Index range scan on sbtest5 using PRIMARY over (6731540 <= id <= 6741539)  (cost=3991 rows=19800)


table 6 : explain SELECT DISTINCT c FROM sbtest6 WHERE id BETWEEN 60815 AND 70814 ORDER BY c
	-> Sort: sbtest6.c
    -> Table scan on <temporary>  (cost=8554..8804 rows=19800)
        -> Temporary table with deduplication  (cost=8554..8554 rows=19800)
            -> Filter: (sbtest6.id between 60815 and 70814)  (cost=3991 rows=19800)
                -> Index range scan on sbtest6 using PRIMARY over (60815 <= id <= 70814)  (cost=3991 rows=19800)


table 7 : explain SELECT DISTINCT c FROM sbtest7 WHERE id BETWEEN 4747898 AND 4757897 ORDER BY c
	-> Sort: sbtest7.c
    -> Table scan on <temporary>  (cost=8554..8804 rows=19800)
        -> Temporary table with deduplication  (cost=8554..8554 rows=19800)
            -> Filter: (sbtest7.id between 4747898 and 4757897)  (cost=3991 rows=19800)
                -> Index range scan on sbtest7 using PRIMARY over (4747898 <= id <= 4757897)  (cost=3991 rows=19800)


table 8 : explain SELECT DISTINCT c FROM sbtest8 WHERE id BETWEEN 5477390 AND 5487389 ORDER BY c
	-> Sort: sbtest8.c
    -> Table scan on <temporary>  (cost=8554..8804 rows=19800)
        -> Temporary table with deduplication  (cost=8554..8554 rows=19800)
            -> Filter: (sbtest8.id between 5477390 and 5487389)  (cost=3991 rows=19800)
                -> Index range scan on sbtest8 using PRIMARY over (5477390 <= id <= 5487389)  (cost=3991 rows=19800)


Threads started!

Warming up for 5 seconds...

SQL statistics:
    queries performed:
        read:                            8477863
        write:                           0
        other:                           1211150
        total:                           9689013
    transactions:                        605595 (960.99 per sec.)
    queries:                             9689013 (15375.06 per sec.)
    ignored errors:                      0      (0.00 per sec.)
    reconnects:                          0      (0.00 per sec.)

Throughput:
    events/s (eps):                      960.9915
    time elapsed:                        630.1774s
    total number of events:              605595

Latency (ms):
         min:                                   20.07
         avg:                                   41.61
         max:                                  106.86
         95th percentile:                       43.39
         sum:                             25200083.23

Threads fairness:
    events (avg/stddev):           15139.8750/37.57
    execution time (avg/stddev):   630.0021/0.02

