LUA_PATH=/home/mdcallag/git/mytools/bench/sysbench.lua/lua/?.lua /home/mdcallag/git/mytools/bench/sysbench.lua/lua/sysbench --db-driver=mysql --range-size=100 --table-size=10000000 --tables=8 --threads=40 --events=0 --warmup-time=5 --time=630 /home/mdcallag/git/mytools/bench/sysbench.lua/lua/oltp_range_covered.lua run --mysql-user=root --mysql-password=pw --mysql-host=127.0.0.1 --mysql-db=test --rand-type=uniform --random-points=100 --skip-trx --on-id=false
48 CPUs
sysbench 1.1.0-9072687 (using bundled LuaJIT 2.1.0-beta3)

Running the test with following options:
Number of threads: 40
Warmup time: 5s
Initializing random number generator from current time


Initializing worker threads...

explain: for range-covered :: explain SELECT k FROM sbtest%d WHERE k BETWEEN 4982434 AND 4982534
explain: for range-covered :: explain SELECT k FROM sbtest%d WHERE k BETWEEN 1786794 AND 1786894
explain: for range-covered :: explain SELECT k FROM sbtest%d WHERE k BETWEEN 4765656 AND 4765756explain: for range-covered :: explain SELECT k FROM sbtest%d WHERE k BETWEEN 5878246 AND 5878346
explain: for range-covered :: explain SELECT k FROM sbtest%d WHERE k BETWEEN 4488193 AND 4488293
explain: for range-covered :: explain SELECT k FROM sbtest%d WHERE k BETWEEN 9320933 AND 9321033
explain: for range-covered :: explain SELECT k FROM sbtest%d WHERE k BETWEEN 2903813 AND 2903913
explain: for range-covered :: explain SELECT k FROM sbtest%d WHERE k BETWEEN 4185972 AND 4186072
explain: for range-covered :: explain SELECT k FROM sbtest%d WHERE k BETWEEN 1823676 AND 1823776
explain: for range-covered :: explain SELECT k FROM sbtest%d WHERE k BETWEEN 4433145 AND 4433245
explain: for range-covered :: explain SELECT k FROM sbtest%d WHERE k BETWEEN 7153292 AND 7153392
explain: for range-covered :: explain SELECT k FROM sbtest%d WHERE k BETWEEN 2207025 AND 2207125
explain: for range-covered :: explain SELECT k FROM sbtest%d WHERE k BETWEEN 5469010 AND 5469110
explain: for range-covered :: explain SELECT k FROM sbtest%d WHERE k BETWEEN 7270617 AND 7270717
explain: for range-covered :: explain SELECT k FROM sbtest%d WHERE k BETWEEN 4097165 AND 4097265
explain: for range-covered :: explain SELECT k FROM sbtest%d WHERE k BETWEEN 6360664 AND 6360764
explain: for range-covered :: explain SELECT k FROM sbtest%d WHERE k BETWEEN 8511897 AND 8511997
explain: for range-covered :: explain SELECT k FROM sbtest%d WHERE k BETWEEN 6846578 AND 6846678
explain: for range-covered :: explain SELECT k FROM sbtest%d WHERE k BETWEEN 6048949 AND 6049049

explain: for range-covered :: explain SELECT k FROM sbtest%d WHERE k BETWEEN 6936407 AND 6936507
explain: for range-covered :: explain SELECT k FROM sbtest%d WHERE k BETWEEN 5909262 AND 5909362
explain: for range-covered :: explain SELECT k FROM sbtest%d WHERE k BETWEEN 4565518 AND 4565618
explain: for range-covered :: explain SELECT k FROM sbtest%d WHERE k BETWEEN 5007601 AND 5007701
explain: for range-covered :: explain SELECT k FROM sbtest%d WHERE k BETWEEN 1611351 AND 1611451
explain: for range-covered :: explain SELECT k FROM sbtest%d WHERE k BETWEEN 3707286 AND 3707386
explain: for range-covered :: explain SELECT k FROM sbtest%d WHERE k BETWEEN 2906057 AND 2906157
explain: for range-covered :: explain SELECT k FROM sbtest%d WHERE k BETWEEN 6014213 AND 6014313
for range-covered
table 1 : explain SELECT k FROM sbtest1 WHERE k BETWEEN 4982434 AND 4982534
	-> Filter: (sbtest1.k between 4982434 and 4982534)  (cost=23.3 rows=115)
    -> Covering index range scan on sbtest1 using k_1 over (4982434 <= k <= 4982534)  (cost=23.3 rows=115)


table 2 : explain SELECT k FROM sbtest2 WHERE k BETWEEN 4982434 AND 4982534
	-> Filter: (sbtest2.k between 4982434 and 4982534)  (cost=19.5 rows=96)
    -> Covering index range scan on sbtest2 using k_2 over (4982434 <= k <= 4982534)  (cost=19.5 rows=96)


table 3 : explain SELECT k FROM sbtest3 WHERE k BETWEEN 4982434 AND 4982534
	-> Filter: (sbtest3.k between 4982434 and 4982534)  (cost=21.1 rows=104)
    -> Covering index range scan on sbtest3 using k_3 over (4982434 <= k <= 4982534)  (cost=21.1 rows=104)


table 4 : explain SELECT k FROM sbtest4 WHERE k BETWEEN 4982434 AND 4982534
	-> Filter: (sbtest4.k between 4982434 and 4982534)  (cost=22.3 rows=110)
    -> Covering index range scan on sbtest4 using k_4 over (4982434 <= k <= 4982534)  (cost=22.3 rows=110)


table 5 : explain SELECT k FROM sbtest5 WHERE k BETWEEN 4982434 AND 4982534
	-> Filter: (sbtest5.k between 4982434 and 4982534)  (cost=20.3 rows=100)
    -> Covering index range scan on sbtest5 using k_5 over (4982434 <= k <= 4982534)  (cost=20.3 rows=100)


table 6 : explain SELECT k FROM sbtest6 WHERE k BETWEEN 4982434 AND 4982534
	-> Filter: (sbtest6.k between 4982434 and 4982534)  (cost=20.5 rows=101)
    -> Covering index range scan on sbtest6 using k_6 over (4982434 <= k <= 4982534)  (cost=20.5 rows=101)


table 7 : explain SELECT k FROM sbtest7 WHERE k BETWEEN 4982434 AND 4982534
	-> Filter: (sbtest7.k between 4982434 and 4982534)  (cost=19.5 rows=96)
    -> Covering index range scan on sbtest7 using k_7 over (4982434 <= k <= 4982534)  (cost=19.5 rows=96)


table 8 : explain SELECT k FROM sbtest8 WHERE k BETWEEN 4982434 AND 4982534
	-> Filter: (sbtest8.k between 4982434 and 4982534)  (cost=19.5 rows=96)
    -> Covering index range scan on sbtest8 using k_8 over (4982434 <= k <= 4982534)  (cost=19.5 rows=96)


explain: for range-covered :: explain SELECT k FROM sbtest%d WHERE k BETWEEN 4835917 AND 4836017
explain: for range-covered :: explain SELECT k FROM sbtest%d WHERE k BETWEEN 4982434 AND 4982534
for range-covered
table 1 : explain SELECT k FROM sbtest1 WHERE k BETWEEN 1786794 AND 1786894
	-> Filter: (sbtest1.k between 1786794 and 1786894)  (cost=20.5 rows=101)
    -> Covering index range scan on sbtest1 using k_1 over (1786794 <= k <= 1786894)  (cost=20.5 rows=101)


table 2 : explain SELECT k FROM sbtest2 WHERE k BETWEEN 1786794 AND 1786894
	-> Filter: (sbtest2.k between 1786794 and 1786894)  (cost=24.3 rows=120)
    -> Covering index range scan on sbtest2 using k_2 over (1786794 <= k <= 1786894)  (cost=24.3 rows=120)


table 3 : explain SELECT k FROM sbtest3 WHERE k BETWEEN 1786794 AND 1786894
	-> Filter: (sbtest3.k between 1786794 and 1786894)  (cost=19.5 rows=96)
    -> Covering index range scan on sbtest3 using k_3 over (1786794 <= k <= 1786894)  (cost=19.5 rows=96)


table 4 : explain SELECT k FROM sbtest4 WHERE k BETWEEN 1786794 AND 1786894
	-> Filter: (sbtest4.k between 1786794 and 1786894)  (cost=20.3 rows=100)
    -> Covering index range scan on sbtest4 using k_4 over (1786794 <= k <= 1786894)  (cost=20.3 rows=100)


table 5 : explain SELECT k FROM sbtest5 WHERE k BETWEEN 1786794 AND 1786894
	-> Filter: (sbtest5.k between 1786794 and 1786894)  (cost=20.1 rows=99)
    -> Covering index range scan on sbtest5 using k_5 over (1786794 <= k <= 1786894)  (cost=20.1 rows=99)


table 6 : explain SELECT k FROM sbtest6 WHERE k BETWEEN 1786794 AND 1786894
	-> Filter: (sbtest6.k between 1786794 and 1786894)  (cost=18.1 rows=89)
    -> Covering index range scan on sbtest6 using k_6 over (1786794 <= k <= 1786894)  (cost=18.1 rows=89)


table 7 : explain SELECT k FROM sbtest7 WHERE k BETWEEN 1786794 AND 1786894
	-> Filter: (sbtest7.k between 1786794 and 1786894)  (cost=21.1 rows=104)
    -> Covering index range scan on sbtest7 using k_7 over (1786794 <= k <= 1786894)  (cost=21.1 rows=104)


table 8 : explain SELECT k FROM sbtest8 WHERE k BETWEEN 1786794 AND 1786894
	-> Filter: (sbtest8.k between 1786794 and 1786894)  (cost=20.7 rows=102)
    -> Covering index range scan on sbtest8 using k_8 over (1786794 <= k <= 1786894)  (cost=20.7 rows=102)


explain: for range-covered :: explain SELECT k FROM sbtest%d WHERE k BETWEEN 5595950 AND 5596050
explain: for range-covered :: explain SELECT k FROM sbtest%d WHERE k BETWEEN 1786794 AND 1786894
explain: for range-covered :: explain SELECT k FROM sbtest%d WHERE k BETWEEN 6273948 AND 6274048
explain: for range-covered :: explain SELECT k FROM sbtest%d WHERE k BETWEEN 4259778 AND 4259878
explain: for range-covered :: explain SELECT k FROM sbtest%d WHERE k BETWEEN 8324259 AND 8324359
for range-covered
table 1 : explain SELECT k FROM sbtest1 WHERE k BETWEEN 4488193 AND 4488293
	-> Filter: (sbtest1.k between 4488193 and 4488293)  (cost=24.7 rows=122)
    -> Covering index range scan on sbtest1 using k_1 over (4488193 <= k <= 4488293)  (cost=24.7 rows=122)


table 2 : explain SELECT k FROM sbtest2 WHERE k BETWEEN 4488193 AND 4488293
	-> Filter: (sbtest2.k between 4488193 and 4488293)  (cost=18.7 rows=92)
    -> Covering index range scan on sbtest2 using k_2 over (4488193 <= k <= 4488293)  (cost=18.7 rows=92)


table 3 : explain SELECT k FROM sbtest3 WHERE k BETWEEN 4488193 AND 4488293
	-> Filter: (sbtest3.k between 4488193 and 4488293)  (cost=21.3 rows=105)
    -> Covering index range scan on sbtest3 using k_3 over (4488193 <= k <= 4488293)  (cost=21.3 rows=105)


table 4 : explain SELECT k FROM sbtest4 WHERE k BETWEEN 4488193 AND 4488293
	-> Filter: (sbtest4.k between 4488193 and 4488293)  (cost=21.9 rows=108)
    -> Covering index range scan on sbtest4 using k_4 over (4488193 <= k <= 4488293)  (cost=21.9 rows=108)


table 5 : explain SELECT k FROM sbtest5 WHERE k BETWEEN 4488193 AND 4488293
	-> Filter: (sbtest5.k between 4488193 and 4488293)  (cost=20.3 rows=100)
    -> Covering index range scan on sbtest5 using k_5 over (4488193 <= k <= 4488293)  (cost=20.3 rows=100)


table 6 : explain SELECT k FROM sbtest6 WHERE k BETWEEN 4488193 AND 4488293
	-> Filter: (sbtest6.k between 4488193 and 4488293)  (cost=22.3 rows=110)
    -> Covering index range scan on sbtest6 using k_6 over (4488193 <= k <= 4488293)  (cost=22.3 rows=110)


table 7 : explain SELECT k FROM sbtest7 WHERE k BETWEEN 4488193 AND 4488293
	-> Filter: (sbtest7.k between 4488193 and 4488293)  (cost=19.7 rows=97)
    -> Covering index range scan on sbtest7 using k_7 over (4488193 <= k <= 4488293)  (cost=19.7 rows=97)


table 8 : explain SELECT k FROM sbtest8 WHERE k BETWEEN 4488193 AND 4488293
	-> Filter: (sbtest8.k between 4488193 and 4488293)  (cost=18.5 rows=91)
    -> Covering index range scan on sbtest8 using k_8 over (4488193 <= k <= 4488293)  (cost=18.5 rows=91)


for range-covered
table 1 : explain SELECT k FROM sbtest1 WHERE k BETWEEN 5878246 AND 5878346
	-> Filter: (sbtest1.k between 5878246 and 5878346)  (cost=20.1 rows=99)
    -> Covering index range scan on sbtest1 using k_1 over (5878246 <= k <= 5878346)  (cost=20.1 rows=99)


table 2 : explain SELECT k FROM sbtest2 WHERE k BETWEEN 5878246 AND 5878346
	-> Filter: (sbtest2.k between 5878246 and 5878346)  (cost=21.1 rows=104)
    -> Covering index range scan on sbtest2 using k_2 over (5878246 <= k <= 5878346)  (cost=21.1 rows=104)


table 3 : explain SELECT k FROM sbtest3 WHERE k BETWEEN 5878246 AND 5878346
	-> Filter: (sbtest3.k between 5878246 and 5878346)  (cost=19.3 rows=95)
    -> Covering index range scan on sbtest3 using k_3 over (5878246 <= k <= 5878346)  (cost=19.3 rows=95)


table 4 : explain SELECT k FROM sbtest4 WHERE k BETWEEN 5878246 AND 5878346
	-> Filter: (sbtest4.k between 5878246 and 5878346)  (cost=20.3 rows=100)
    -> Covering index range scan on sbtest4 using k_4 over (5878246 <= k <= 5878346)  (cost=20.3 rows=100)


table 5 : explain SELECT k FROM sbtest5 WHERE k BETWEEN 5878246 AND 5878346
	-> Filter: (sbtest5.k between 5878246 and 5878346)  (cost=19.5 rows=96)
    -> Covering index range scan on sbtest5 using k_5 over (5878246 <= k <= 5878346)  (cost=19.5 rows=96)


table 6 : explain SELECT k FROM sbtest6 WHERE k BETWEEN 5878246 AND 5878346
	-> Filter: (sbtest6.k between 5878246 and 5878346)  (cost=19.3 rows=95)
    -> Covering index range scan on sbtest6 using k_6 over (5878246 <= k <= 5878346)  (cost=19.3 rows=95)


table 7 : explain SELECT k FROM sbtest7 WHERE k BETWEEN 5878246 AND 5878346
	-> Filter: (sbtest7.k between 5878246 and 5878346)  (cost=18.1 rows=89)
    -> Covering index range scan on sbtest7 using k_7 over (5878246 <= k <= 5878346)  (cost=18.1 rows=89)


table 8 : explain SELECT k FROM sbtest8 WHERE k BETWEEN 5878246 AND 5878346
	-> Filter: (sbtest8.k between 5878246 and 5878346)  (cost=21.1 rows=104)
    -> Covering index range scan on sbtest8 using k_8 over (5878246 <= k <= 5878346)  (cost=21.1 rows=104)


for range-covered
table 1 : explain SELECT k FROM sbtest1 WHERE k BETWEEN 4185972 AND 4186072
	-> Filter: (sbtest1.k between 4185972 and 4186072)  (cost=19.3 rows=95)
    -> Covering index range scan on sbtest1 using k_1 over (4185972 <= k <= 4186072)  (cost=19.3 rows=95)


table 2 : explain SELECT k FROM sbtest2 WHERE k BETWEEN 4185972 AND 4186072
	-> Filter: (sbtest2.k between 4185972 and 4186072)  (cost=23.3 rows=115)
    -> Covering index range scan on sbtest2 using k_2 over (4185972 <= k <= 4186072)  (cost=23.3 rows=115)


table 3 : explain SELECT k FROM sbtest3 WHERE k BETWEEN 4185972 AND 4186072
	-> Filter: (sbtest3.k between 4185972 and 4186072)  (cost=22.1 rows=109)
    -> Covering index range scan on sbtest3 using k_3 over (4185972 <= k <= 4186072)  (cost=22.1 rows=109)


table 4 : explain SELECT k FROM sbtest4 WHERE k BETWEEN 4185972 AND 4186072
	-> Filter: (sbtest4.k between 4185972 and 4186072)  (cost=22.3 rows=110)
    -> Covering index range scan on sbtest4 using k_4 over (4185972 <= k <= 4186072)  (cost=22.3 rows=110)


table 5 : explain SELECT k FROM sbtest5 WHERE k BETWEEN 4185972 AND 4186072
	-> Filter: (sbtest5.k between 4185972 and 4186072)  (cost=22.7 rows=112)
    -> Covering index range scan on sbtest5 using k_5 over (4185972 <= k <= 4186072)  (cost=22.7 rows=112)


table 6 : explain SELECT k FROM sbtest6 WHERE k BETWEEN 4185972 AND 4186072
	-> Filter: (sbtest6.k between 4185972 and 4186072)  (cost=19.1 rows=94)
    -> Covering index range scan on sbtest6 using k_6 over (4185972 <= k <= 4186072)  (cost=19.1 rows=94)


table 7 : explain SELECT k FROM sbtest7 WHERE k BETWEEN 4185972 AND 4186072
	-> Filter: (sbtest7.k between 4185972 and 4186072)  (cost=21.9 rows=108)
    -> Covering index range scan on sbtest7 using k_7 over (4185972 <= k <= 4186072)  (cost=21.9 rows=108)


table 8 : explain SELECT k FROM sbtest8 WHERE k BETWEEN 4185972 AND 4186072
	-> Filter: (sbtest8.k between 4185972 and 4186072)  (cost=15.9 rows=78)
    -> Covering index range scan on sbtest8 using k_8 over (4185972 <= k <= 4186072)  (cost=15.9 rows=78)


explain: for range-covered :: explain SELECT k FROM sbtest%d WHERE k BETWEEN 4488193 AND 4488293
for range-covered
table 1 : explain SELECT k FROM sbtest1 WHERE k BETWEEN 1823676 AND 1823776
	-> Filter: (sbtest1.k between 1823676 and 1823776)  (cost=23.1 rows=114)
    -> Covering index range scan on sbtest1 using k_1 over (1823676 <= k <= 1823776)  (cost=23.1 rows=114)


table 2 : explain SELECT k FROM sbtest2 WHERE k BETWEEN 1823676 AND 1823776
	-> Filter: (sbtest2.k between 1823676 and 1823776)  (cost=19.5 rows=96)
    -> Covering index range scan on sbtest2 using k_2 over (1823676 <= k <= 1823776)  (cost=19.5 rows=96)


table 3 : explain SELECT k FROM sbtest3 WHERE k BETWEEN 1823676 AND 1823776
	-> Filter: (sbtest3.k between 1823676 and 1823776)  (cost=21.5 rows=106)
    -> Covering index range scan on sbtest3 using k_3 over (1823676 <= k <= 1823776)  (cost=21.5 rows=106)


table 4 : explain SELECT k FROM sbtest4 WHERE k BETWEEN 1823676 AND 1823776
	-> Filter: (sbtest4.k between 1823676 and 1823776)  (cost=23.9 rows=118)
    -> Covering index range scan on sbtest4 using k_4 over (1823676 <= k <= 1823776)  (cost=23.9 rows=118)


table 5 : explain SELECT k FROM sbtest5 WHERE k BETWEEN 1823676 AND 1823776
	-> Filter: (sbtest5.k between 1823676 and 1823776)  (cost=19.7 rows=97)
    -> Covering index range scan on sbtest5 using k_5 over (1823676 <= k <= 1823776)  (cost=19.7 rows=97)


table 6 : explain SELECT k FROM sbtest6 WHERE k BETWEEN 1823676 AND 1823776
	-> Filter: (sbtest6.k between 1823676 and 1823776)  (cost=24.7 rows=122)
    -> Covering index range scan on sbtest6 using k_6 over (1823676 <= k <= 1823776)  (cost=24.7 rows=122)


table 7 : explain SELECT k FROM sbtest7 WHERE k BETWEEN 1823676 AND 1823776
	-> Filter: (sbtest7.k between 1823676 and 1823776)  (cost=18.3 rows=90)
    -> Covering index range scan on sbtest7 using k_7 over (1823676 <= k <= 1823776)  (cost=18.3 rows=90)


table 8 : explain SELECT k FROM sbtest8 WHERE k BETWEEN 1823676 AND 1823776
	-> Filter: (sbtest8.k between 1823676 and 1823776)  (cost=23.3 rows=115)
    -> Covering index range scan on sbtest8 using k_8 over (1823676 <= k <= 1823776)  (cost=23.3 rows=115)


explain: for range-covered :: explain SELECT k FROM sbtest%d WHERE k BETWEEN 5878246 AND 5878346
explain: for range-covered :: explain SELECT k FROM sbtest%d WHERE k BETWEEN 3531035 AND 3531135
for range-covered
table 1 : explain SELECT k FROM sbtest1 WHERE k BETWEEN 2903813 AND 2903913
	-> Filter: (sbtest1.k between 2903813 and 2903913)  (cost=20.9 rows=103)
    -> Covering index range scan on sbtest1 using k_1 over (2903813 <= k <= 2903913)  (cost=20.9 rows=103)


table 2 : explain SELECT k FROM sbtest2 WHERE k BETWEEN 2903813 AND 2903913
	-> Filter: (sbtest2.k between 2903813 and 2903913)  (cost=21.9 rows=108)
    -> Covering index range scan on sbtest2 using k_2 over (2903813 <= k <= 2903913)  (cost=21.9 rows=108)


table 3 : explain SELECT k FROM sbtest3 WHERE k BETWEEN 2903813 AND 2903913
	-> Filter: (sbtest3.k between 2903813 and 2903913)  (cost=17.1 rows=84)
    -> Covering index range scan on sbtest3 using k_3 over (2903813 <= k <= 2903913)  (cost=17.1 rows=84)


table 4 : explain SELECT k FROM sbtest4 WHERE k BETWEEN 2903813 AND 2903913
	-> Filter: (sbtest4.k between 2903813 and 2903913)  (cost=19.7 rows=97)
    -> Covering index range scan on sbtest4 using k_4 over (2903813 <= k <= 2903913)  (cost=19.7 rows=97)


table 5 : explain SELECT k FROM sbtest5 WHERE k BETWEEN 2903813 AND 2903913
	-> Filter: (sbtest5.k between 2903813 and 2903913)  (cost=18.7 rows=92)
    -> Covering index range scan on sbtest5 using k_5 over (2903813 <= k <= 2903913)  (cost=18.7 rows=92)


table 6 : explain SELECT k FROM sbtest6 WHERE k BETWEEN 2903813 AND 2903913
	-> Filter: (sbtest6.k between 2903813 and 2903913)  (cost=20.3 rows=100)
    -> Covering index range scan on sbtest6 using k_6 over (2903813 <= k <= 2903913)  (cost=20.3 rows=100)


table 7 : explain SELECT k FROM sbtest7 WHERE k BETWEEN 2903813 AND 2903913
	-> Filter: (sbtest7.k between 2903813 and 2903913)  (cost=18.5 rows=91)
    -> Covering index range scan on sbtest7 using k_7 over (2903813 <= k <= 2903913)  (cost=18.5 rows=91)


table 8 : explain SELECT k FROM sbtest8 WHERE k BETWEEN 2903813 AND 2903913
	-> Filter: (sbtest8.k between 2903813 and 2903913)  (cost=19.9 rows=98)
    -> Covering index range scan on sbtest8 using k_8 over (2903813 <= k <= 2903913)  (cost=19.9 rows=98)


for range-covered
table 1 : explain SELECT k FROM sbtest1 WHERE k BETWEEN 7270617 AND 7270717
	-> Filter: (sbtest1.k between 7270617 and 7270717)  (cost=19.5 rows=96)
    -> Covering index range scan on sbtest1 using k_1 over (7270617 <= k <= 7270717)  (cost=19.5 rows=96)


table 2 : explain SELECT k FROM sbtest2 WHERE k BETWEEN 7270617 AND 7270717
	-> Filter: (sbtest2.k between 7270617 and 7270717)  (cost=18.9 rows=93)
    -> Covering index range scan on sbtest2 using k_2 over (7270617 <= k <= 7270717)  (cost=18.9 rows=93)


table 3 : explain SELECT k FROM sbtest3 WHERE k BETWEEN 7270617 AND 7270717
	-> Filter: (sbtest3.k between 7270617 and 7270717)  (cost=17.3 rows=85)
    -> Covering index range scan on sbtest3 using k_3 over (7270617 <= k <= 7270717)  (cost=17.3 rows=85)


table 4 : explain SELECT k FROM sbtest4 WHERE k BETWEEN 7270617 AND 7270717
	-> Filter: (sbtest4.k between 7270617 and 7270717)  (cost=19.5 rows=96)
    -> Covering index range scan on sbtest4 using k_4 over (7270617 <= k <= 7270717)  (cost=19.5 rows=96)


table 5 : explain SELECT k FROM sbtest5 WHERE k BETWEEN 7270617 AND 7270717
	-> Filter: (sbtest5.k between 7270617 and 7270717)  (cost=22.7 rows=112)
    -> Covering index range scan on sbtest5 using k_5 over (7270617 <= k <= 7270717)  (cost=22.7 rows=112)


table 6 : explain SELECT k FROM sbtest6 WHERE k BETWEEN 7270617 AND 7270717
	-> Filter: (sbtest6.k between 7270617 and 7270717)  (cost=17.5 rows=86)
    -> Covering index range scan on sbtest6 using k_6 over (7270617 <= k <= 7270717)  (cost=17.5 rows=86)


table 7 : explain SELECT k FROM sbtest7 WHERE k BETWEEN 7270617 AND 7270717
	-> Filter: (sbtest7.k between 7270617 and 7270717)  (cost=18.3 rows=90)
    -> Covering index range scan on sbtest7 using k_7 over (7270617 <= k <= 7270717)  (cost=18.3 rows=90)


table 8 : explain SELECT k FROM sbtest8 WHERE k BETWEEN 7270617 AND 7270717
	-> Filter: (sbtest8.k between 7270617 and 7270717)  (cost=20.9 rows=103)
    -> Covering index range scan on sbtest8 using k_8 over (7270617 <= k <= 7270717)  (cost=20.9 rows=103)


explain: for range-covered :: explain SELECT k FROM sbtest%d WHERE k BETWEEN 4185972 AND 4186072
for range-covered
table 1 : explain SELECT k FROM sbtest1 WHERE k BETWEEN 5469010 AND 5469110
	-> Filter: (sbtest1.k between 5469010 and 5469110)  (cost=22.3 rows=110)
    -> Covering index range scan on sbtest1 using k_1 over (5469010 <= k <= 5469110)  (cost=22.3 rows=110)


table 2 : explain SELECT k FROM sbtest2 WHERE k BETWEEN 5469010 AND 5469110
	-> Filter: (sbtest2.k between 5469010 and 5469110)  (cost=20.1 rows=99)
    -> Covering index range scan on sbtest2 using k_2 over (5469010 <= k <= 5469110)  (cost=20.1 rows=99)


table 3 : explain SELECT k FROM sbtest3 WHERE k BETWEEN 5469010 AND 5469110
	-> Filter: (sbtest3.k between 5469010 and 5469110)  (cost=20.5 rows=101)
    -> Covering index range scan on sbtest3 using k_3 over (5469010 <= k <= 5469110)  (cost=20.5 rows=101)


table 4 : explain SELECT k FROM sbtest4 WHERE k BETWEEN 5469010 AND 5469110
	-> Filter: (sbtest4.k between 5469010 and 5469110)  (cost=18.5 rows=91)
    -> Covering index range scan on sbtest4 using k_4 over (5469010 <= k <= 5469110)  (cost=18.5 rows=91)


table 5 : explain SELECT k FROM sbtest5 WHERE k BETWEEN 5469010 AND 5469110
	-> Filter: (sbtest5.k between 5469010 and 5469110)  (cost=20.3 rows=100)
    -> Covering index range scan on sbtest5 using k_5 over (5469010 <= k <= 5469110)  (cost=20.3 rows=100)


table 6 : explain SELECT k FROM sbtest6 WHERE k BETWEEN 5469010 AND 5469110
	-> Filter: (sbtest6.k between 5469010 and 5469110)  (cost=18.3 rows=90)
    -> Covering index range scan on sbtest6 using k_6 over (5469010 <= k <= 5469110)  (cost=18.3 rows=90)


table 7 : explain SELECT k FROM sbtest7 WHERE k BETWEEN 5469010 AND 5469110
	-> Filter: (sbtest7.k between 5469010 and 5469110)  (cost=18.7 rows=92)
    -> Covering index range scan on sbtest7 using k_7 over (5469010 <= k <= 5469110)  (cost=18.7 rows=92)


table 8 : explain SELECT k FROM sbtest8 WHERE k BETWEEN 5469010 AND 5469110
	-> Filter: (sbtest8.k between 5469010 and 5469110)  (cost=23.1 rows=114)
    -> Covering index range scan on sbtest8 using k_8 over (5469010 <= k <= 5469110)  (cost=23.1 rows=114)


for range-covered
table 1 : explain SELECT k FROM sbtest1 WHERE k BETWEEN 4433145 AND 4433245
	-> Filter: (sbtest1.k between 4433145 and 4433245)  (cost=22.1 rows=109)
    -> Covering index range scan on sbtest1 using k_1 over (4433145 <= k <= 4433245)  (cost=22.1 rows=109)


table 2 : explain SELECT k FROM sbtest2 WHERE k BETWEEN 4433145 AND 4433245
	-> Filter: (sbtest2.k between 4433145 and 4433245)  (cost=21.1 rows=104)
    -> Covering index range scan on sbtest2 using k_2 over (4433145 <= k <= 4433245)  (cost=21.1 rows=104)


table 3 : explain SELECT k FROM sbtest3 WHERE k BETWEEN 4433145 AND 4433245
	-> Filter: (sbtest3.k between 4433145 and 4433245)  (cost=19.9 rows=98)
    -> Covering index range scan on sbtest3 using k_3 over (4433145 <= k <= 4433245)  (cost=19.9 rows=98)


table 4 : explain SELECT k FROM sbtest4 WHERE k BETWEEN 4433145 AND 4433245
	-> Filter: (sbtest4.k between 4433145 and 4433245)  (cost=24.9 rows=123)
    -> Covering index range scan on sbtest4 using k_4 over (4433145 <= k <= 4433245)  (cost=24.9 rows=123)


table 5 : explain SELECT k FROM sbtest5 WHERE k BETWEEN 4433145 AND 4433245
	-> Filter: (sbtest5.k between 4433145 and 4433245)  (cost=20.9 rows=103)
    -> Covering index range scan on sbtest5 using k_5 over (4433145 <= k <= 4433245)  (cost=20.9 rows=103)


table 6 : explain SELECT k FROM sbtest6 WHERE k BETWEEN 4433145 AND 4433245
	-> Filter: (sbtest6.k between 4433145 and 4433245)  (cost=20.7 rows=102)
    -> Covering index range scan on sbtest6 using k_6 over (4433145 <= k <= 4433245)  (cost=20.7 rows=102)


table 7 : explain SELECT k FROM sbtest7 WHERE k BETWEEN 4433145 AND 4433245
	-> Filter: (sbtest7.k between 4433145 and 4433245)  (cost=14.9 rows=73)
    -> Covering index range scan on sbtest7 using k_7 over (4433145 <= k <= 4433245)  (cost=14.9 rows=73)


table 8 : explain SELECT k FROM sbtest8 WHERE k BETWEEN 4433145 AND 4433245
	-> Filter: (sbtest8.k between 4433145 and 4433245)  (cost=22.7 rows=112)
    -> Covering index range scan on sbtest8 using k_8 over (4433145 <= k <= 4433245)  (cost=22.7 rows=112)


explain: for range-covered :: explain SELECT k FROM sbtest%d WHERE k BETWEEN 1823676 AND 1823776explain: for range-covered :: explain SELECT k FROM sbtest%d WHERE k BETWEEN 2903813 AND 2903913for range-covered
table 1 : explain SELECT k FROM sbtest1 WHERE k BETWEEN 9320933 AND 9321033
	-> Filter: (sbtest1.k between 9320933 and 9321033)  (cost=22.7 rows=112)
    -> Covering index range scan on sbtest1 using k_1 over (9320933 <= k <= 9321033)  (cost=22.7 rows=112)


table 2 : explain SELECT k FROM sbtest2 WHERE k BETWEEN 9320933 AND 9321033
	-> Filter: (sbtest2.k between 9320933 and 9321033)  (cost=20.3 rows=100)
    -> Covering index range scan on sbtest2 using k_2 over (9320933 <= k <= 9321033)  (cost=20.3 rows=100)


table 3 : explain SELECT k FROM sbtest3 WHERE k BETWEEN 9320933 AND 9321033
	-> Filter: (sbtest3.k between 9320933 and 9321033)  (cost=17.3 rows=85)
    -> Covering index range scan on sbtest3 using k_3 over (9320933 <= k <= 9321033)  (cost=17.3 rows=85)


table 4 : explain SELECT k FROM sbtest4 WHERE k BETWEEN 9320933 AND 9321033
	-> Filter: (sbtest4.k between 9320933 and 9321033)  (cost=16.9 rows=83)
    -> Covering index range scan on sbtest4 using k_4 over (9320933 <= k <= 9321033)  (cost=16.9 rows=83)


table 5 : explain SELECT k FROM sbtest5 WHERE k BETWEEN 9320933 AND 9321033
	-> Filter: (sbtest5.k between 9320933 and 9321033)  (cost=18.3 rows=90)
    -> Covering index range scan on sbtest5 using k_5 over (9320933 <= k <= 9321033)  (cost=18.3 rows=90)


table 6 : explain SELECT k FROM sbtest6 WHERE k BETWEEN 9320933 AND 9321033
	-> Filter: (sbtest6.k between 9320933 and 9321033)  (cost=18.5 rows=91)
    -> Covering index range scan on sbtest6 using k_6 over (9320933 <= k <= 9321033)  (cost=18.5 rows=91)


table 7 : explain SELECT k FROM sbtest7 WHERE k BETWEEN 9320933 AND 9321033
	-> Filter: (sbtest7.k between 9320933 and 9321033)  (cost=19.7 rows=97)
    -> Covering index range scan on sbtest7 using k_7 over (9320933 <= k <= 9321033)  (cost=19.7 rows=97)


table 8 : explain SELECT k FROM sbtest8 WHERE k BETWEEN 9320933 AND 9321033
	-> Filter: (sbtest8.k between 9320933 and 9321033)  (cost=21.1 rows=104)
    -> Covering index range scan on sbtest8 using k_8 over (9320933 <= k <= 9321033)  (cost=21.1 rows=104)

for range-covered
table 1 : explain SELECT k FROM sbtest1 WHERE k BETWEEN 4097165 AND 4097265
	-> Filter: (sbtest1.k between 4097165 and 4097265)  (cost=20.7 rows=102)
    -> Covering index range scan on sbtest1 using k_1 over (4097165 <= k <= 4097265)  (cost=20.7 rows=102)


table 2 : explain SELECT k FROM sbtest2 WHERE k BETWEEN 4097165 AND 4097265
	-> Filter: (sbtest2.k between 4097165 and 4097265)  (cost=22.1 rows=109)
    -> Covering index range scan on sbtest2 using k_2 over (4097165 <= k <= 4097265)  (cost=22.1 rows=109)


table 3 : explain SELECT k FROM sbtest3 WHERE k BETWEEN 4097165 AND 4097265
	-> Filter: (sbtest3.k between 4097165 and 4097265)  (cost=20.9 rows=103)
    -> Covering index range scan on sbtest3 using k_3 over (4097165 <= k <= 4097265)  (cost=20.9 rows=103)


table 4 : explain SELECT k FROM sbtest4 WHERE k BETWEEN 4097165 AND 4097265
	-> Filter: (sbtest4.k between 4097165 and 4097265)  (cost=18.7 rows=92)
    -> Covering index range scan on sbtest4 using k_4 over (4097165 <= k <= 4097265)  (cost=18.7 rows=92)


table 5 : explain SELECT k FROM sbtest5 WHERE k BETWEEN 4097165 AND 4097265
	-> Filter: (sbtest5.k between 4097165 and 4097265)  (cost=21.1 rows=104)
    -> Covering index range scan on sbtest5 using k_5 over (4097165 <= k <= 4097265)  (cost=21.1 rows=104)


table 6 : explain SELECT k FROM sbtest6 WHERE k BETWEEN 4097165 AND 4097265
	-> Filter: (sbtest6.k between 4097165 and 4097265)  (cost=21.1 rows=104)
    -> Covering index range scan on sbtest6 using k_6 over (4097165 <= k <= 4097265)  (cost=21.1 rows=104)


table 7 : explain SELECT k FROM sbtest7 WHERE k BETWEEN 4097165 AND 4097265
	-> Filter: (sbtest7.k between 4097165 and 4097265)  (cost=22.7 rows=112)
    -> Covering index range scan on sbtest7 using k_7 over (4097165 <= k <= 4097265)  (cost=22.7 rows=112)


table 8 : explain SELECT k FROM sbtest8 WHERE k BETWEEN 4097165 AND 4097265
	-> Filter: (sbtest8.k between 4097165 and 4097265)  (cost=23.5 rows=116)
    -> Covering index range scan on sbtest8 using k_8 over (4097165 <= k <= 4097265)  (cost=23.5 rows=116)

for range-covered
table 1 : explain SELECT k FROM sbtest1 WHERE k BETWEEN 2207025 AND 2207125
	-> Filter: (sbtest1.k between 2207025 and 2207125)  (cost=21.7 rows=107)
    -> Covering index range scan on sbtest1 using k_1 over (2207025 <= k <= 2207125)  (cost=21.7 rows=107)


table 2 : explain SELECT k FROM sbtest2 WHERE k BETWEEN 2207025 AND 2207125
	-> Filter: (sbtest2.k between 2207025 and 2207125)  (cost=21.9 rows=108)
    -> Covering index range scan on sbtest2 using k_2 over (2207025 <= k <= 2207125)  (cost=21.9 rows=108)


table 3 : explain SELECT k FROM sbtest3 WHERE k BETWEEN 2207025 AND 2207125
	-> Filter: (sbtest3.k between 2207025 and 2207125)  (cost=24.1 rows=119)
    -> Covering index range scan on sbtest3 using k_3 over (2207025 <= k <= 2207125)  (cost=24.1 rows=119)


table 4 : explain SELECT k FROM sbtest4 WHERE k BETWEEN 2207025 AND 2207125
	-> Filter: (sbtest4.k between 2207025 and 2207125)  (cost=22.9 rows=113)
    -> Covering index range scan on sbtest4 using k_4 over (2207025 <= k <= 2207125)  (cost=22.9 rows=113)


table 5 : explain SELECT k FROM sbtest5 WHERE k BETWEEN 2207025 AND 2207125
	-> Filter: (sbtest5.k between 2207025 and 2207125)  (cost=21.3 rows=105)
    -> Covering index range scan on sbtest5 using k_5 over (2207025 <= k <= 2207125)  (cost=21.3 rows=105)


table 6 : explain SELECT k FROM sbtest6 WHERE k BETWEEN 2207025 AND 2207125
	-> Filter: (sbtest6.k between 2207025 and 2207125)  (cost=18.7 rows=92)
    -> Covering index range scan on sbtest6 using k_6 over (2207025 <= k <= 2207125)  (cost=18.7 rows=92)


table 7 : explain SELECT k FROM sbtest7 WHERE k BETWEEN 2207025 AND 2207125
	-> Filter: (sbtest7.k between 2207025 and 2207125)  (cost=23.3 rows=115)
    -> Covering index range scan on sbtest7 using k_7 over (2207025 <= k <= 2207125)  (cost=23.3 rows=115)


table 8 : explain SELECT k FROM sbtest8 WHERE k BETWEEN 2207025 AND 2207125
	-> Filter: (sbtest8.k between 2207025 and 2207125)  (cost=22.7 rows=112)
    -> Covering index range scan on sbtest8 using k_8 over (2207025 <= k <= 2207125)  (cost=22.7 rows=112)

for range-covered
table 1 : explain SELECT k FROM sbtest1 WHERE k BETWEEN 7153292 AND 7153392
	-> Filter: (sbtest1.k between 7153292 and 7153392)  (cost=21.5 rows=106)
    -> Covering index range scan on sbtest1 using k_1 over (7153292 <= k <= 7153392)  (cost=21.5 rows=106)


table 2 : explain SELECT k FROM sbtest2 WHERE k BETWEEN 7153292 AND 7153392
	-> Filter: (sbtest2.k between 7153292 and 7153392)  (cost=22.3 rows=110)
    -> Covering index range scan on sbtest2 using k_2 over (7153292 <= k <= 7153392)  (cost=22.3 rows=110)


table 3 : explain SELECT k FROM sbtest3 WHERE k BETWEEN 7153292 AND 7153392
	-> Filter: (sbtest3.k between 7153292 and 7153392)  (cost=22.9 rows=113)
    -> Covering index range scan on sbtest3 using k_3 over (7153292 <= k <= 7153392)  (cost=22.9 rows=113)


table 4 : explain SELECT k FROM sbtest4 WHERE k BETWEEN 7153292 AND 7153392
	-> Filter: (sbtest4.k between 7153292 and 7153392)  (cost=19.7 rows=97)
    -> Covering index range scan on sbtest4 using k_4 over (7153292 <= k <= 7153392)  (cost=19.7 rows=97)


table 5 : explain SELECT k FROM sbtest5 WHERE k BETWEEN 7153292 AND 7153392
	-> Filter: (sbtest5.k between 7153292 and 7153392)  (cost=21.3 rows=105)
    -> Covering index range scan on sbtest5 using k_5 over (7153292 <= k <= 7153392)  (cost=21.3 rows=105)


table 6 : explain SELECT k FROM sbtest6 WHERE k BETWEEN 7153292 AND 7153392
	-> Filter: (sbtest6.k between 7153292 and 7153392)  (cost=18.7 rows=92)
    -> Covering index range scan on sbtest6 using k_6 over (7153292 <= k <= 7153392)  (cost=18.7 rows=92)


table 7 : explain SELECT k FROM sbtest7 WHERE k BETWEEN 7153292 AND 7153392
	-> Filter: (sbtest7.k between 7153292 and 7153392)  (cost=18.3 rows=90)
    -> Covering index range scan on sbtest7 using k_7 over (7153292 <= k <= 7153392)  (cost=18.3 rows=90)


table 8 : explain SELECT k FROM sbtest8 WHERE k BETWEEN 7153292 AND 7153392
	-> Filter: (sbtest8.k between 7153292 and 7153392)  (cost=22.3 rows=110)
    -> Covering index range scan on sbtest8 using k_8 over (7153292 <= k <= 7153392)  (cost=22.3 rows=110)



for range-covered
table 1 : explain SELECT k FROM sbtest1 WHERE k BETWEEN 6048949 AND 6049049
	-> Filter: (sbtest1.k between 6048949 and 6049049)  (cost=19.1 rows=94)
    -> Covering index range scan on sbtest1 using k_1 over (6048949 <= k <= 6049049)  (cost=19.1 rows=94)


table 2 : explain SELECT k FROM sbtest2 WHERE k BETWEEN 6048949 AND 6049049
	-> Filter: (sbtest2.k between 6048949 and 6049049)  (cost=19.1 rows=94)
    -> Covering index range scan on sbtest2 using k_2 over (6048949 <= k <= 6049049)  (cost=19.1 rows=94)


table 3 : explain SELECT k FROM sbtest3 WHERE k BETWEEN 6048949 AND 6049049
	-> Filter: (sbtest3.k between 6048949 and 6049049)  (cost=19.3 rows=95)
    -> Covering index range scan on sbtest3 using k_3 over (6048949 <= k <= 6049049)  (cost=19.3 rows=95)


table 4 : explain SELECT k FROM sbtest4 WHERE k BETWEEN 6048949 AND 6049049
	-> Filter: (sbtest4.k between 6048949 and 6049049)  (cost=19.7 rows=97)
    -> Covering index range scan on sbtest4 using k_4 over (6048949 <= k <= 6049049)  (cost=19.7 rows=97)


table 5 : explain SELECT k FROM sbtest5 WHERE k BETWEEN 6048949 AND 6049049
	-> Filter: (sbtest5.k between 6048949 and 6049049)  (cost=19.5 rows=96)
    -> Covering index range scan on sbtest5 using k_5 over (6048949 <= k <= 6049049)  (cost=19.5 rows=96)


table 6 : explain SELECT k FROM sbtest6 WHERE k BETWEEN 6048949 AND 6049049
	-> Filter: (sbtest6.k between 6048949 and 6049049)  (cost=20.1 rows=99)
    -> Covering index range scan on sbtest6 using k_6 over (6048949 <= k <= 6049049)  (cost=20.1 rows=99)


table 7 : explain SELECT k FROM sbtest7 WHERE k BETWEEN 6048949 AND 6049049
	-> Filter: (sbtest7.k between 6048949 and 6049049)  (cost=19.7 rows=97)
    -> Covering index range scan on sbtest7 using k_7 over (6048949 <= k <= 6049049)  (cost=19.7 rows=97)


table 8 : explain SELECT k FROM sbtest8 WHERE k BETWEEN 6048949 AND 6049049
	-> Filter: (sbtest8.k between 6048949 and 6049049)  (cost=21.5 rows=106)
    -> Covering index range scan on sbtest8 using k_8 over (6048949 <= k <= 6049049)  (cost=21.5 rows=106)


for range-covered
table 1 : explain SELECT k FROM sbtest1 WHERE k BETWEEN 6360664 AND 6360764
	-> Filter: (sbtest1.k between 6360664 and 6360764)  (cost=21.5 rows=106)
    -> Covering index range scan on sbtest1 using k_1 over (6360664 <= k <= 6360764)  (cost=21.5 rows=106)


table 2 : explain SELECT k FROM sbtest2 WHERE k BETWEEN 6360664 AND 6360764
	-> Filter: (sbtest2.k between 6360664 and 6360764)  (cost=18.9 rows=93)
    -> Covering index range scan on sbtest2 using k_2 over (6360664 <= k <= 6360764)  (cost=18.9 rows=93)


table 3 : explain SELECT k FROM sbtest3 WHERE k BETWEEN 6360664 AND 6360764
	-> Filter: (sbtest3.k between 6360664 and 6360764)  (cost=18.7 rows=92)
    -> Covering index range scan on sbtest3 using k_3 over (6360664 <= k <= 6360764)  (cost=18.7 rows=92)


table 4 : explain SELECT k FROM sbtest4 WHERE k BETWEEN 6360664 AND 6360764
	-> Filter: (sbtest4.k between 6360664 and 6360764)  (cost=18.9 rows=93)
    -> Covering index range scan on sbtest4 using k_4 over (6360664 <= k <= 6360764)  (cost=18.9 rows=93)


table 5 : explain SELECT k FROM sbtest5 WHERE k BETWEEN 6360664 AND 6360764
	-> Filter: (sbtest5.k between 6360664 and 6360764)  (cost=20.7 rows=102)
    -> Covering index range scan on sbtest5 using k_5 over (6360664 <= k <= 6360764)  (cost=20.7 rows=102)


table 6 : explain SELECT k FROM sbtest6 WHERE k BETWEEN 6360664 AND 6360764
	-> Filter: (sbtest6.k between 6360664 and 6360764)  (cost=21.1 rows=104)
    -> Covering index range scan on sbtest6 using k_6 over (6360664 <= k <= 6360764)  (cost=21.1 rows=104)


table 7 : explain SELECT k FROM sbtest7 WHERE k BETWEEN 6360664 AND 6360764
	-> Filter: (sbtest7.k between 6360664 and 6360764)  (cost=21.3 rows=105)
    -> Covering index range scan on sbtest7 using k_7 over (6360664 <= k <= 6360764)  (cost=21.3 rows=105)


table 8 : explain SELECT k FROM sbtest8 WHERE k BETWEEN 6360664 AND 6360764
	-> Filter: (sbtest8.k between 6360664 and 6360764)  (cost=21.1 rows=104)
    -> Covering index range scan on sbtest8 using k_8 over (6360664 <= k <= 6360764)  (cost=21.1 rows=104)




explain: for range-covered :: explain SELECT k FROM sbtest%d WHERE k BETWEEN 7270617 AND 7270717


explain: for range-covered :: explain SELECT k FROM sbtest%d WHERE k BETWEEN 5469010 AND 5469110
explain: for range-covered :: explain SELECT k FROM sbtest%d WHERE k BETWEEN 7153292 AND 7153392
explain: for range-covered :: explain SELECT k FROM sbtest%d WHERE k BETWEEN 6048949 AND 6049049for range-covered
table 1 : explain SELECT k FROM sbtest1 WHERE k BETWEEN 8511897 AND 8511997
	-> Filter: (sbtest1.k between 8511897 and 8511997)  (cost=19.1 rows=94)
    -> Covering index range scan on sbtest1 using k_1 over (8511897 <= k <= 8511997)  (cost=19.1 rows=94)


table 2 : explain SELECT k FROM sbtest2 WHERE k BETWEEN 8511897 AND 8511997
	-> Filter: (sbtest2.k between 8511897 and 8511997)  (cost=19.1 rows=94)
    -> Covering index range scan on sbtest2 using k_2 over (8511897 <= k <= 8511997)  (cost=19.1 rows=94)


table 3 : explain SELECT k FROM sbtest3 WHERE k BETWEEN 8511897 AND 8511997
	-> Filter: (sbtest3.k between 8511897 and 8511997)  (cost=21.7 rows=107)
    -> Covering index range scan on sbtest3 using k_3 over (8511897 <= k <= 8511997)  (cost=21.7 rows=107)


table 4 : explain SELECT k FROM sbtest4 WHERE k BETWEEN 8511897 AND 8511997
	-> Filter: (sbtest4.k between 8511897 and 8511997)  (cost=20.1 rows=99)
    -> Covering index range scan on sbtest4 using k_4 over (8511897 <= k <= 8511997)  (cost=20.1 rows=99)


table 5 : explain SELECT k FROM sbtest5 WHERE k BETWEEN 8511897 AND 8511997
	-> Filter: (sbtest5.k between 8511897 and 8511997)  (cost=20.7 rows=102)
    -> Covering index range scan on sbtest5 using k_5 over (8511897 <= k <= 8511997)  (cost=20.7 rows=102)


table 6 : explain SELECT k FROM sbtest6 WHERE k BETWEEN 8511897 AND 8511997
	-> Filter: (sbtest6.k between 8511897 and 8511997)  (cost=20.9 rows=103)
    -> Covering index range scan on sbtest6 using k_6 over (8511897 <= k <= 8511997)  (cost=20.9 rows=103)


table 7 : explain SELECT k FROM sbtest7 WHERE k BETWEEN 8511897 AND 8511997
	-> Filter: (sbtest7.k between 8511897 and 8511997)  (cost=23.3 rows=115)
    -> Covering index range scan on sbtest7 using k_7 over (8511897 <= k <= 8511997)  (cost=23.3 rows=115)


table 8 : explain SELECT k FROM sbtest8 WHERE k BETWEEN 8511897 AND 8511997
	-> Filter: (sbtest8.k between 8511897 and 8511997)  (cost=18.7 rows=92)
    -> Covering index range scan on sbtest8 using k_8 over (8511897 <= k <= 8511997)  (cost=18.7 rows=92)

explain: for range-covered :: explain SELECT k FROM sbtest%d WHERE k BETWEEN 4433145 AND 4433245explain: for range-covered :: explain SELECT k FROM sbtest%d WHERE k BETWEEN 4028958 AND 4029058for range-covered
table 1 : explain SELECT k FROM sbtest1 WHERE k BETWEEN 3707286 AND 3707386
	-> Filter: (sbtest1.k between 3707286 and 3707386)  (cost=22.7 rows=112)
    -> Covering index range scan on sbtest1 using k_1 over (3707286 <= k <= 3707386)  (cost=22.7 rows=112)


table 2 : explain SELECT k FROM sbtest2 WHERE k BETWEEN 3707286 AND 3707386
	-> Filter: (sbtest2.k between 3707286 and 3707386)  (cost=18.9 rows=93)
    -> Covering index range scan on sbtest2 using k_2 over (3707286 <= k <= 3707386)  (cost=18.9 rows=93)


table 3 : explain SELECT k FROM sbtest3 WHERE k BETWEEN 3707286 AND 3707386
	-> Filter: (sbtest3.k between 3707286 and 3707386)  (cost=23.7 rows=117)
    -> Covering index range scan on sbtest3 using k_3 over (3707286 <= k <= 3707386)  (cost=23.7 rows=117)


table 4 : explain SELECT k FROM sbtest4 WHERE k BETWEEN 3707286 AND 3707386
	-> Filter: (sbtest4.k between 3707286 and 3707386)  (cost=17.5 rows=86)
    -> Covering index range scan on sbtest4 using k_4 over (3707286 <= k <= 3707386)  (cost=17.5 rows=86)


table 5 : explain SELECT k FROM sbtest5 WHERE k BETWEEN 3707286 AND 3707386
	-> Filter: (sbtest5.k between 3707286 and 3707386)  (cost=19.9 rows=98)
    -> Covering index range scan on sbtest5 using k_5 over (3707286 <= k <= 3707386)  (cost=19.9 rows=98)


table 6 : explain SELECT k FROM sbtest6 WHERE k BETWEEN 3707286 AND 3707386
	-> Filter: (sbtest6.k between 3707286 and 3707386)  (cost=16.9 rows=83)
    -> Covering index range scan on sbtest6 using k_6 over (3707286 <= k <= 3707386)  (cost=16.9 rows=83)


table 7 : explain SELECT k FROM sbtest7 WHERE k BETWEEN 3707286 AND 3707386
	-> Filter: (sbtest7.k between 3707286 and 3707386)  (cost=21.5 rows=106)
    -> Covering index range scan on sbtest7 using k_7 over (3707286 <= k <= 3707386)  (cost=21.5 rows=106)


table 8 : explain SELECT k FROM sbtest8 WHERE k BETWEEN 3707286 AND 3707386
	-> Filter: (sbtest8.k between 3707286 and 3707386)  (cost=23.1 rows=114)
    -> Covering index range scan on sbtest8 using k_8 over (3707286 <= k <= 3707386)  (cost=23.1 rows=114)


explain: for range-covered :: explain SELECT k FROM sbtest%d WHERE k BETWEEN 5072241 AND 5072341
for range-covered
table 1 : explain SELECT k FROM sbtest1 WHERE k BETWEEN 6846578 AND 6846678
	-> Filter: (sbtest1.k between 6846578 and 6846678)  (cost=18.3 rows=90)
    -> Covering index range scan on sbtest1 using k_1 over (6846578 <= k <= 6846678)  (cost=18.3 rows=90)


table 2 : explain SELECT k FROM sbtest2 WHERE k BETWEEN 6846578 AND 6846678
	-> Filter: (sbtest2.k between 6846578 and 6846678)  (cost=19.7 rows=97)
    -> Covering index range scan on sbtest2 using k_2 over (6846578 <= k <= 6846678)  (cost=19.7 rows=97)


table 3 : explain SELECT k FROM sbtest3 WHERE k BETWEEN 6846578 AND 6846678
	-> Filter: (sbtest3.k between 6846578 and 6846678)  (cost=22.5 rows=111)
    -> Covering index range scan on sbtest3 using k_3 over (6846578 <= k <= 6846678)  (cost=22.5 rows=111)


table 4 : explain SELECT k FROM sbtest4 WHERE k BETWEEN 6846578 AND 6846678
	-> Filter: (sbtest4.k between 6846578 and 6846678)  (cost=23.5 rows=116)
    -> Covering index range scan on sbtest4 using k_4 over (6846578 <= k <= 6846678)  (cost=23.5 rows=116)


table 5 : explain SELECT k FROM sbtest5 WHERE k BETWEEN 6846578 AND 6846678
	-> Filter: (sbtest5.k between 6846578 and 6846678)  (cost=19.7 rows=97)
    -> Covering index range scan on sbtest5 using k_5 over (6846578 <= k <= 6846678)  (cost=19.7 rows=97)


table 6 : explain SELECT k FROM sbtest6 WHERE k BETWEEN 6846578 AND 6846678
	-> Filter: (sbtest6.k between 6846578 and 6846678)  (cost=21.9 rows=108)
    -> Covering index range scan on sbtest6 using k_6 over (6846578 <= k <= 6846678)  (cost=21.9 rows=108)


table 7 : explain SELECT k FROM sbtest7 WHERE k BETWEEN 6846578 AND 6846678
	-> Filter: (sbtest7.k between 6846578 and 6846678)  (cost=19.3 rows=95)
    -> Covering index range scan on sbtest7 using k_7 over (6846578 <= k <= 6846678)  (cost=19.3 rows=95)


table 8 : explain SELECT k FROM sbtest8 WHERE k BETWEEN 6846578 AND 6846678
	-> Filter: (sbtest8.k between 6846578 and 6846678)  (cost=22.9 rows=113)
    -> Covering index range scan on sbtest8 using k_8 over (6846578 <= k <= 6846678)  (cost=22.9 rows=113)



for range-covered
table 1 : explain SELECT k FROM sbtest1 WHERE k BETWEEN 6014213 AND 6014313
	-> Filter: (sbtest1.k between 6014213 and 6014313)  (cost=22.9 rows=113)
    -> Covering index range scan on sbtest1 using k_1 over (6014213 <= k <= 6014313)  (cost=22.9 rows=113)


table 2 : explain SELECT k FROM sbtest2 WHERE k BETWEEN 6014213 AND 6014313
	-> Filter: (sbtest2.k between 6014213 and 6014313)  (cost=22.3 rows=110)
    -> Covering index range scan on sbtest2 using k_2 over (6014213 <= k <= 6014313)  (cost=22.3 rows=110)


table 3 : explain SELECT k FROM sbtest3 WHERE k BETWEEN 6014213 AND 6014313
	-> Filter: (sbtest3.k between 6014213 and 6014313)  (cost=16.5 rows=81)
    -> Covering index range scan on sbtest3 using k_3 over (6014213 <= k <= 6014313)  (cost=16.5 rows=81)


table 4 : explain SELECT k FROM sbtest4 WHERE k BETWEEN 6014213 AND 6014313
	-> Filter: (sbtest4.k between 6014213 and 6014313)  (cost=19.9 rows=98)
    -> Covering index range scan on sbtest4 using k_4 over (6014213 <= k <= 6014313)  (cost=19.9 rows=98)


table 5 : explain SELECT k FROM sbtest5 WHERE k BETWEEN 6014213 AND 6014313
	-> Filter: (sbtest5.k between 6014213 and 6014313)  (cost=21.9 rows=108)
    -> Covering index range scan on sbtest5 using k_5 over (6014213 <= k <= 6014313)  (cost=21.9 rows=108)


table 6 : explain SELECT k FROM sbtest6 WHERE k BETWEEN 6014213 AND 6014313
	-> Filter: (sbtest6.k between 6014213 and 6014313)  (cost=21.3 rows=105)
    -> Covering index range scan on sbtest6 using k_6 over (6014213 <= k <= 6014313)  (cost=21.3 rows=105)


table 7 : explain SELECT k FROM sbtest7 WHERE k BETWEEN 6014213 AND 6014313
	-> Filter: (sbtest7.k between 6014213 and 6014313)  (cost=20.5 rows=101)
    -> Covering index range scan on sbtest7 using k_7 over (6014213 <= k <= 6014313)  (cost=20.5 rows=101)


table 8 : explain SELECT k FROM sbtest8 WHERE k BETWEEN 6014213 AND 6014313
	-> Filter: (sbtest8.k between 6014213 and 6014313)  (cost=20.9 rows=103)
    -> Covering index range scan on sbtest8 using k_8 over (6014213 <= k <= 6014313)  (cost=20.9 rows=103)

explain: for range-covered :: explain SELECT k FROM sbtest%d WHERE k BETWEEN 2207025 AND 2207125
for range-covered
table 1 : explain SELECT k FROM sbtest1 WHERE k BETWEEN 1611351 AND 1611451
	-> Filter: (sbtest1.k between 1611351 and 1611451)  (cost=18.9 rows=93)
    -> Covering index range scan on sbtest1 using k_1 over (1611351 <= k <= 1611451)  (cost=18.9 rows=93)


table 2 : explain SELECT k FROM sbtest2 WHERE k BETWEEN 1611351 AND 1611451
	-> Filter: (sbtest2.k between 1611351 and 1611451)  (cost=19.5 rows=96)
    -> Covering index range scan on sbtest2 using k_2 over (1611351 <= k <= 1611451)  (cost=19.5 rows=96)


table 3 : explain SELECT k FROM sbtest3 WHERE k BETWEEN 1611351 AND 1611451
	-> Filter: (sbtest3.k between 1611351 and 1611451)  (cost=22.9 rows=113)
    -> Covering index range scan on sbtest3 using k_3 over (1611351 <= k <= 1611451)  (cost=22.9 rows=113)


table 4 : explain SELECT k FROM sbtest4 WHERE k BETWEEN 1611351 AND 1611451
	-> Filter: (sbtest4.k between 1611351 and 1611451)  (cost=19.9 rows=98)
    -> Covering index range scan on sbtest4 using k_4 over (1611351 <= k <= 1611451)  (cost=19.9 rows=98)


table 5 : explain SELECT k FROM sbtest5 WHERE k BETWEEN 1611351 AND 1611451
	-> Filter: (sbtest5.k between 1611351 and 1611451)  (cost=20.7 rows=102)
    -> Covering index range scan on sbtest5 using k_5 over (1611351 <= k <= 1611451)  (cost=20.7 rows=102)


table 6 : explain SELECT k FROM sbtest6 WHERE k BETWEEN 1611351 AND 1611451
	-> Filter: (sbtest6.k between 1611351 and 1611451)  (cost=19.7 rows=97)
    -> Covering index range scan on sbtest6 using k_6 over (1611351 <= k <= 1611451)  (cost=19.7 rows=97)


table 7 : explain SELECT k FROM sbtest7 WHERE k BETWEEN 1611351 AND 1611451
	-> Filter: (sbtest7.k between 1611351 and 1611451)  (cost=16.3 rows=80)
    -> Covering index range scan on sbtest7 using k_7 over (1611351 <= k <= 1611451)  (cost=16.3 rows=80)


table 8 : explain SELECT k FROM sbtest8 WHERE k BETWEEN 1611351 AND 1611451
	-> Filter: (sbtest8.k between 1611351 and 1611451)  (cost=19.3 rows=95)
    -> Covering index range scan on sbtest8 using k_8 over (1611351 <= k <= 1611451)  (cost=19.3 rows=95)


for range-covered
table 1 : explain SELECT k FROM sbtest1 WHERE k BETWEEN 4765656 AND 4765756
	-> Filter: (sbtest1.k between 4765656 and 4765756)  (cost=19.3 rows=95)
    -> Covering index range scan on sbtest1 using k_1 over (4765656 <= k <= 4765756)  (cost=19.3 rows=95)


table 2 : explain SELECT k FROM sbtest2 WHERE k BETWEEN 4765656 AND 4765756
	-> Filter: (sbtest2.k between 4765656 and 4765756)  (cost=21.7 rows=107)
    -> Covering index range scan on sbtest2 using k_2 over (4765656 <= k <= 4765756)  (cost=21.7 rows=107)


table 3 : explain SELECT k FROM sbtest3 WHERE k BETWEEN 4765656 AND 4765756
	-> Filter: (sbtest3.k between 4765656 and 4765756)  (cost=20.7 rows=102)
    -> Covering index range scan on sbtest3 using k_3 over (4765656 <= k <= 4765756)  (cost=20.7 rows=102)


table 4 : explain SELECT k FROM sbtest4 WHERE k BETWEEN 4765656 AND 4765756
	-> Filter: (sbtest4.k between 4765656 and 4765756)  (cost=20.1 rows=99)
    -> Covering index range scan on sbtest4 using k_4 over (4765656 <= k <= 4765756)  (cost=20.1 rows=99)


table 5 : explain SELECT k FROM sbtest5 WHERE k BETWEEN 4765656 AND 4765756
	-> Filter: (sbtest5.k between 4765656 and 4765756)  (cost=24.7 rows=122)
    -> Covering index range scan on sbtest5 using k_5 over (4765656 <= k <= 4765756)  (cost=24.7 rows=122)


table 6 : explain SELECT k FROM sbtest6 WHERE k BETWEEN 4765656 AND 4765756
	-> Filter: (sbtest6.k between 4765656 and 4765756)  (cost=22.9 rows=113)
    -> Covering index range scan on sbtest6 using k_6 over (4765656 <= k <= 4765756)  (cost=22.9 rows=113)


table 7 : explain SELECT k FROM sbtest7 WHERE k BETWEEN 4765656 AND 4765756
	-> Filter: (sbtest7.k between 4765656 and 4765756)  (cost=24.5 rows=121)
    -> Covering index range scan on sbtest7 using k_7 over (4765656 <= k <= 4765756)  (cost=24.5 rows=121)


table 8 : explain SELECT k FROM sbtest8 WHERE k BETWEEN 4765656 AND 4765756
	-> Filter: (sbtest8.k between 4765656 and 4765756)  (cost=22.9 rows=113)
    -> Covering index range scan on sbtest8 using k_8 over (4765656 <= k <= 4765756)  (cost=22.9 rows=113)


explain: for range-covered :: explain SELECT k FROM sbtest%d WHERE k BETWEEN 5533698 AND 5533798

explain: for range-covered :: explain SELECT k FROM sbtest%d WHERE k BETWEEN 6360664 AND 6360764
explain: for range-covered :: explain SELECT k FROM sbtest%d WHERE k BETWEEN 4097165 AND 4097265

for range-covered
table 1 : explain SELECT k FROM sbtest1 WHERE k BETWEEN 5595950 AND 5596050
	-> Filter: (sbtest1.k between 5595950 and 5596050)  (cost=21.1 rows=104)
    -> Covering index range scan on sbtest1 using k_1 over (5595950 <= k <= 5596050)  (cost=21.1 rows=104)


table 2 : explain SELECT k FROM sbtest2 WHERE k BETWEEN 5595950 AND 5596050
	-> Filter: (sbtest2.k between 5595950 and 5596050)  (cost=22.5 rows=111)
    -> Covering index range scan on sbtest2 using k_2 over (5595950 <= k <= 5596050)  (cost=22.5 rows=111)


table 3 : explain SELECT k FROM sbtest3 WHERE k BETWEEN 5595950 AND 5596050
	-> Filter: (sbtest3.k between 5595950 and 5596050)  (cost=22.1 rows=109)
    -> Covering index range scan on sbtest3 using k_3 over (5595950 <= k <= 5596050)  (cost=22.1 rows=109)


table 4 : explain SELECT k FROM sbtest4 WHERE k BETWEEN 5595950 AND 5596050
	-> Filter: (sbtest4.k between 5595950 and 5596050)  (cost=23.1 rows=114)
    -> Covering index range scan on sbtest4 using k_4 over (5595950 <= k <= 5596050)  (cost=23.1 rows=114)


table 5 : explain SELECT k FROM sbtest5 WHERE k BETWEEN 5595950 AND 5596050
	-> Filter: (sbtest5.k between 5595950 and 5596050)  (cost=19.9 rows=98)
    -> Covering index range scan on sbtest5 using k_5 over (5595950 <= k <= 5596050)  (cost=19.9 rows=98)


table 6 : explain SELECT k FROM sbtest6 WHERE k BETWEEN 5595950 AND 5596050
	-> Filter: (sbtest6.k between 5595950 and 5596050)  (cost=20.7 rows=102)
    -> Covering index range scan on sbtest6 using k_6 over (5595950 <= k <= 5596050)  (cost=20.7 rows=102)


table 7 : explain SELECT k FROM sbtest7 WHERE k BETWEEN 5595950 AND 5596050
	-> Filter: (sbtest7.k between 5595950 and 5596050)  (cost=19.3 rows=95)
    -> Covering index range scan on sbtest7 using k_7 over (5595950 <= k <= 5596050)  (cost=19.3 rows=95)


table 8 : explain SELECT k FROM sbtest8 WHERE k BETWEEN 5595950 AND 5596050
	-> Filter: (sbtest8.k between 5595950 and 5596050)  (cost=17.7 rows=87)
    -> Covering index range scan on sbtest8 using k_8 over (5595950 <= k <= 5596050)  (cost=17.7 rows=87)

for range-covered
table 1 : explain SELECT k FROM sbtest1 WHERE k BETWEEN 1786794 AND 1786894
	-> Filter: (sbtest1.k between 1786794 and 1786894)  (cost=20.5 rows=101)
    -> Covering index range scan on sbtest1 using k_1 over (1786794 <= k <= 1786894)  (cost=20.5 rows=101)


table 2 : explain SELECT k FROM sbtest2 WHERE k BETWEEN 1786794 AND 1786894
	-> Filter: (sbtest2.k between 1786794 and 1786894)  (cost=24.3 rows=120)
    -> Covering index range scan on sbtest2 using k_2 over (1786794 <= k <= 1786894)  (cost=24.3 rows=120)


table 3 : explain SELECT k FROM sbtest3 WHERE k BETWEEN 1786794 AND 1786894
	-> Filter: (sbtest3.k between 1786794 and 1786894)  (cost=19.5 rows=96)
    -> Covering index range scan on sbtest3 using k_3 over (1786794 <= k <= 1786894)  (cost=19.5 rows=96)


table 4 : explain SELECT k FROM sbtest4 WHERE k BETWEEN 1786794 AND 1786894
	-> Filter: (sbtest4.k between 1786794 and 1786894)  (cost=20.3 rows=100)
    -> Covering index range scan on sbtest4 using k_4 over (1786794 <= k <= 1786894)  (cost=20.3 rows=100)


table 5 : explain SELECT k FROM sbtest5 WHERE k BETWEEN 1786794 AND 1786894
	-> Filter: (sbtest5.k between 1786794 and 1786894)  (cost=20.1 rows=99)
    -> Covering index range scan on sbtest5 using k_5 over (1786794 <= k <= 1786894)  (cost=20.1 rows=99)


table 6 : explain SELECT k FROM sbtest6 WHERE k BETWEEN 1786794 AND 1786894
	-> Filter: (sbtest6.k between 1786794 and 1786894)  (cost=18.1 rows=89)
    -> Covering index range scan on sbtest6 using k_6 over (1786794 <= k <= 1786894)  (cost=18.1 rows=89)


table 7 : explain SELECT k FROM sbtest7 WHERE k BETWEEN 1786794 AND 1786894
	-> Filter: (sbtest7.k between 1786794 and 1786894)  (cost=21.1 rows=104)
    -> Covering index range scan on sbtest7 using k_7 over (1786794 <= k <= 1786894)  (cost=21.1 rows=104)


table 8 : explain SELECT k FROM sbtest8 WHERE k BETWEEN 1786794 AND 1786894
	-> Filter: (sbtest8.k between 1786794 and 1786894)  (cost=20.7 rows=102)
    -> Covering index range scan on sbtest8 using k_8 over (1786794 <= k <= 1786894)  (cost=20.7 rows=102)


for range-covered
table 1 : explain SELECT k FROM sbtest1 WHERE k BETWEEN 5007601 AND 5007701
	-> Filter: (sbtest1.k between 5007601 and 5007701)  (cost=19.5 rows=96)
    -> Covering index range scan on sbtest1 using k_1 over (5007601 <= k <= 5007701)  (cost=19.5 rows=96)


table 2 : explain SELECT k FROM sbtest2 WHERE k BETWEEN 5007601 AND 5007701
	-> Filter: (sbtest2.k between 5007601 and 5007701)  (cost=23.5 rows=116)
    -> Covering index range scan on sbtest2 using k_2 over (5007601 <= k <= 5007701)  (cost=23.5 rows=116)


table 3 : explain SELECT k FROM sbtest3 WHERE k BETWEEN 5007601 AND 5007701
	-> Filter: (sbtest3.k between 5007601 and 5007701)  (cost=19.9 rows=98)
    -> Covering index range scan on sbtest3 using k_3 over (5007601 <= k <= 5007701)  (cost=19.9 rows=98)


table 4 : explain SELECT k FROM sbtest4 WHERE k BETWEEN 5007601 AND 5007701
	-> Filter: (sbtest4.k between 5007601 and 5007701)  (cost=22.5 rows=111)
    -> Covering index range scan on sbtest4 using k_4 over (5007601 <= k <= 5007701)  (cost=22.5 rows=111)


table 5 : explain SELECT k FROM sbtest5 WHERE k BETWEEN 5007601 AND 5007701
	-> Filter: (sbtest5.k between 5007601 and 5007701)  (cost=22.5 rows=111)
    -> Covering index range scan on sbtest5 using k_5 over (5007601 <= k <= 5007701)  (cost=22.5 rows=111)


table 6 : explain SELECT k FROM sbtest6 WHERE k BETWEEN 5007601 AND 5007701
	-> Filter: (sbtest6.k between 5007601 and 5007701)  (cost=21.1 rows=104)
    -> Covering index range scan on sbtest6 using k_6 over (5007601 <= k <= 5007701)  (cost=21.1 rows=104)


table 7 : explain SELECT k FROM sbtest7 WHERE k BETWEEN 5007601 AND 5007701
	-> Filter: (sbtest7.k between 5007601 and 5007701)  (cost=20.5 rows=101)
    -> Covering index range scan on sbtest7 using k_7 over (5007601 <= k <= 5007701)  (cost=20.5 rows=101)


table 8 : explain SELECT k FROM sbtest8 WHERE k BETWEEN 5007601 AND 5007701
	-> Filter: (sbtest8.k between 5007601 and 5007701)  (cost=21.5 rows=106)
    -> Covering index range scan on sbtest8 using k_8 over (5007601 <= k <= 5007701)  (cost=21.5 rows=106)



explain: for range-covered :: explain SELECT k FROM sbtest%d WHERE k BETWEEN 8511897 AND 8511997
explain: for range-covered :: explain SELECT k FROM sbtest%d WHERE k BETWEEN 3707286 AND 3707386
explain: for range-covered :: explain SELECT k FROM sbtest%d WHERE k BETWEEN 6846578 AND 6846678
for range-covered
table 1 : explain SELECT k FROM sbtest1 WHERE k BETWEEN 2906057 AND 2906157
	-> Filter: (sbtest1.k between 2906057 and 2906157)  (cost=24.1 rows=119)
    -> Covering index range scan on sbtest1 using k_1 over (2906057 <= k <= 2906157)  (cost=24.1 rows=119)


table 2 : explain SELECT k FROM sbtest2 WHERE k BETWEEN 2906057 AND 2906157
	-> Filter: (sbtest2.k between 2906057 and 2906157)  (cost=17.3 rows=85)
    -> Covering index range scan on sbtest2 using k_2 over (2906057 <= k <= 2906157)  (cost=17.3 rows=85)


table 3 : explain SELECT k FROM sbtest3 WHERE k BETWEEN 2906057 AND 2906157
	-> Filter: (sbtest3.k between 2906057 and 2906157)  (cost=17.7 rows=87)
    -> Covering index range scan on sbtest3 using k_3 over (2906057 <= k <= 2906157)  (cost=17.7 rows=87)


table 4 : explain SELECT k FROM sbtest4 WHERE k BETWEEN 2906057 AND 2906157
	-> Filter: (sbtest4.k between 2906057 and 2906157)  (cost=18.3 rows=90)
    -> Covering index range scan on sbtest4 using k_4 over (2906057 <= k <= 2906157)  (cost=18.3 rows=90)


table 5 : explain SELECT k FROM sbtest5 WHERE k BETWEEN 2906057 AND 2906157
	-> Filter: (sbtest5.k between 2906057 and 2906157)  (cost=22.9 rows=113)
    -> Covering index range scan on sbtest5 using k_5 over (2906057 <= k <= 2906157)  (cost=22.9 rows=113)


table 6 : explain SELECT k FROM sbtest6 WHERE k BETWEEN 2906057 AND 2906157
	-> Filter: (sbtest6.k between 2906057 and 2906157)  (cost=16.3 rows=80)
    -> Covering index range scan on sbtest6 using k_6 over (2906057 <= k <= 2906157)  (cost=16.3 rows=80)


table 7 : explain SELECT k FROM sbtest7 WHERE k BETWEEN 2906057 AND 2906157
	-> Filter: (sbtest7.k between 2906057 and 2906157)  (cost=19.7 rows=97)
    -> Covering index range scan on sbtest7 using k_7 over (2906057 <= k <= 2906157)  (cost=19.7 rows=97)


table 8 : explain SELECT k FROM sbtest8 WHERE k BETWEEN 2906057 AND 2906157
	-> Filter: (sbtest8.k between 2906057 and 2906157)  (cost=18.9 rows=93)
    -> Covering index range scan on sbtest8 using k_8 over (2906057 <= k <= 2906157)  (cost=18.9 rows=93)

explain: for range-covered :: explain SELECT k FROM sbtest%d WHERE k BETWEEN 6014213 AND 6014313explain: for range-covered :: explain SELECT k FROM sbtest%d WHERE k BETWEEN 1786794 AND 1786894for range-covered
table 1 : explain SELECT k FROM sbtest1 WHERE k BETWEEN 5909262 AND 5909362
	-> Filter: (sbtest1.k between 5909262 and 5909362)  (cost=25.9 rows=128)
    -> Covering index range scan on sbtest1 using k_1 over (5909262 <= k <= 5909362)  (cost=25.9 rows=128)


table 2 : explain SELECT k FROM sbtest2 WHERE k BETWEEN 5909262 AND 5909362
	-> Filter: (sbtest2.k between 5909262 and 5909362)  (cost=16.5 rows=81)
    -> Covering index range scan on sbtest2 using k_2 over (5909262 <= k <= 5909362)  (cost=16.5 rows=81)


table 3 : explain SELECT k FROM sbtest3 WHERE k BETWEEN 5909262 AND 5909362
	-> Filter: (sbtest3.k between 5909262 and 5909362)  (cost=18.1 rows=89)
    -> Covering index range scan on sbtest3 using k_3 over (5909262 <= k <= 5909362)  (cost=18.1 rows=89)


table 4 : explain SELECT k FROM sbtest4 WHERE k BETWEEN 5909262 AND 5909362
	-> Filter: (sbtest4.k between 5909262 and 5909362)  (cost=22.1 rows=109)
    -> Covering index range scan on sbtest4 using k_4 over (5909262 <= k <= 5909362)  (cost=22.1 rows=109)


table 5 : explain SELECT k FROM sbtest5 WHERE k BETWEEN 5909262 AND 5909362
	-> Filter: (sbtest5.k between 5909262 and 5909362)  (cost=20.3 rows=100)
    -> Covering index range scan on sbtest5 using k_5 over (5909262 <= k <= 5909362)  (cost=20.3 rows=100)


table 6 : explain SELECT k FROM sbtest6 WHERE k BETWEEN 5909262 AND 5909362
	-> Filter: (sbtest6.k between 5909262 and 5909362)  (cost=22.3 rows=110)
    -> Covering index range scan on sbtest6 using k_6 over (5909262 <= k <= 5909362)  (cost=22.3 rows=110)


table 7 : explain SELECT k FROM sbtest7 WHERE k BETWEEN 5909262 AND 5909362
	-> Filter: (sbtest7.k between 5909262 and 5909362)  (cost=21.9 rows=108)
    -> Covering index range scan on sbtest7 using k_7 over (5909262 <= k <= 5909362)  (cost=21.9 rows=108)


table 8 : explain SELECT k FROM sbtest8 WHERE k BETWEEN 5909262 AND 5909362
	-> Filter: (sbtest8.k between 5909262 and 5909362)  (cost=21.3 rows=105)
    -> Covering index range scan on sbtest8 using k_8 over (5909262 <= k <= 5909362)  (cost=21.3 rows=105)


explain: for range-covered :: explain SELECT k FROM sbtest%d WHERE k BETWEEN 7334581 AND 7334681
for range-covered
table 1 : explain SELECT k FROM sbtest1 WHERE k BETWEEN 5878246 AND 5878346
	-> Filter: (sbtest1.k between 5878246 and 5878346)  (cost=20.1 rows=99)
    -> Covering index range scan on sbtest1 using k_1 over (5878246 <= k <= 5878346)  (cost=20.1 rows=99)


table 2 : explain SELECT k FROM sbtest2 WHERE k BETWEEN 5878246 AND 5878346
	-> Filter: (sbtest2.k between 5878246 and 5878346)  (cost=21.1 rows=104)
    -> Covering index range scan on sbtest2 using k_2 over (5878246 <= k <= 5878346)  (cost=21.1 rows=104)


table 3 : explain SELECT k FROM sbtest3 WHERE k BETWEEN 5878246 AND 5878346
	-> Filter: (sbtest3.k between 5878246 and 5878346)  (cost=19.3 rows=95)
    -> Covering index range scan on sbtest3 using k_3 over (5878246 <= k <= 5878346)  (cost=19.3 rows=95)


table 4 : explain SELECT k FROM sbtest4 WHERE k BETWEEN 5878246 AND 5878346
	-> Filter: (sbtest4.k between 5878246 and 5878346)  (cost=20.3 rows=100)
    -> Covering index range scan on sbtest4 using k_4 over (5878246 <= k <= 5878346)  (cost=20.3 rows=100)


table 5 : explain SELECT k FROM sbtest5 WHERE k BETWEEN 5878246 AND 5878346
	-> Filter: (sbtest5.k between 5878246 and 5878346)  (cost=19.5 rows=96)
    -> Covering index range scan on sbtest5 using k_5 over (5878246 <= k <= 5878346)  (cost=19.5 rows=96)


table 6 : explain SELECT k FROM sbtest6 WHERE k BETWEEN 5878246 AND 5878346
	-> Filter: (sbtest6.k between 5878246 and 5878346)  (cost=19.3 rows=95)
    -> Covering index range scan on sbtest6 using k_6 over (5878246 <= k <= 5878346)  (cost=19.3 rows=95)


table 7 : explain SELECT k FROM sbtest7 WHERE k BETWEEN 5878246 AND 5878346
	-> Filter: (sbtest7.k between 5878246 and 5878346)  (cost=18.1 rows=89)
    -> Covering index range scan on sbtest7 using k_7 over (5878246 <= k <= 5878346)  (cost=18.1 rows=89)


table 8 : explain SELECT k FROM sbtest8 WHERE k BETWEEN 5878246 AND 5878346
	-> Filter: (sbtest8.k between 5878246 and 5878346)  (cost=21.1 rows=104)
    -> Covering index range scan on sbtest8 using k_8 over (5878246 <= k <= 5878346)  (cost=21.1 rows=104)


explain: for range-covered :: explain SELECT k FROM sbtest%d WHERE k BETWEEN 4765656 AND 4765756
explain: for range-covered :: explain SELECT k FROM sbtest%d WHERE k BETWEEN 9320933 AND 9321033


explain: for range-covered :: explain SELECT k FROM sbtest%d WHERE k BETWEEN 5917655 AND 5917755
for range-covered
table 1 : explain SELECT k FROM sbtest1 WHERE k BETWEEN 4565518 AND 4565618
	-> Filter: (sbtest1.k between 4565518 and 4565618)  (cost=19.7 rows=97)
    -> Covering index range scan on sbtest1 using k_1 over (4565518 <= k <= 4565618)  (cost=19.7 rows=97)


table 2 : explain SELECT k FROM sbtest2 WHERE k BETWEEN 4565518 AND 4565618
	-> Filter: (sbtest2.k between 4565518 and 4565618)  (cost=21.3 rows=105)
    -> Covering index range scan on sbtest2 using k_2 over (4565518 <= k <= 4565618)  (cost=21.3 rows=105)


table 3 : explain SELECT k FROM sbtest3 WHERE k BETWEEN 4565518 AND 4565618
	-> Filter: (sbtest3.k between 4565518 and 4565618)  (cost=22.7 rows=112)
    -> Covering index range scan on sbtest3 using k_3 over (4565518 <= k <= 4565618)  (cost=22.7 rows=112)


table 4 : explain SELECT k FROM sbtest4 WHERE k BETWEEN 4565518 AND 4565618
	-> Filter: (sbtest4.k between 4565518 and 4565618)  (cost=18.9 rows=93)
    -> Covering index range scan on sbtest4 using k_4 over (4565518 <= k <= 4565618)  (cost=18.9 rows=93)


table 5 : explain SELECT k FROM sbtest5 WHERE k BETWEEN 4565518 AND 4565618
	-> Filter: (sbtest5.k between 4565518 and 4565618)  (cost=23.5 rows=116)
    -> Covering index range scan on sbtest5 using k_5 over (4565518 <= k <= 4565618)  (cost=23.5 rows=116)


table 6 : explain SELECT k FROM sbtest6 WHERE k BETWEEN 4565518 AND 4565618
	-> Filter: (sbtest6.k between 4565518 and 4565618)  (cost=18.1 rows=89)
    -> Covering index range scan on sbtest6 using k_6 over (4565518 <= k <= 4565618)  (cost=18.1 rows=89)


table 7 : explain SELECT k FROM sbtest7 WHERE k BETWEEN 4565518 AND 4565618
	-> Filter: (sbtest7.k between 4565518 and 4565618)  (cost=21.9 rows=108)
    -> Covering index range scan on sbtest7 using k_7 over (4565518 <= k <= 4565618)  (cost=21.9 rows=108)


table 8 : explain SELECT k FROM sbtest8 WHERE k BETWEEN 4565518 AND 4565618
	-> Filter: (sbtest8.k between 4565518 and 4565618)  (cost=21.7 rows=107)
    -> Covering index range scan on sbtest8 using k_8 over (4565518 <= k <= 4565618)  (cost=21.7 rows=107)



for range-covered
table 1 : explain SELECT k FROM sbtest1 WHERE k BETWEEN 4982434 AND 4982534
	-> Filter: (sbtest1.k between 4982434 and 4982534)  (cost=23.3 rows=115)
    -> Covering index range scan on sbtest1 using k_1 over (4982434 <= k <= 4982534)  (cost=23.3 rows=115)


table 2 : explain SELECT k FROM sbtest2 WHERE k BETWEEN 4982434 AND 4982534
	-> Filter: (sbtest2.k between 4982434 and 4982534)  (cost=19.5 rows=96)
    -> Covering index range scan on sbtest2 using k_2 over (4982434 <= k <= 4982534)  (cost=19.5 rows=96)


table 3 : explain SELECT k FROM sbtest3 WHERE k BETWEEN 4982434 AND 4982534
	-> Filter: (sbtest3.k between 4982434 and 4982534)  (cost=21.1 rows=104)
    -> Covering index range scan on sbtest3 using k_3 over (4982434 <= k <= 4982534)  (cost=21.1 rows=104)


table 4 : explain SELECT k FROM sbtest4 WHERE k BETWEEN 4982434 AND 4982534
	-> Filter: (sbtest4.k between 4982434 and 4982534)  (cost=22.3 rows=110)
    -> Covering index range scan on sbtest4 using k_4 over (4982434 <= k <= 4982534)  (cost=22.3 rows=110)


table 5 : explain SELECT k FROM sbtest5 WHERE k BETWEEN 4982434 AND 4982534
	-> Filter: (sbtest5.k between 4982434 and 4982534)  (cost=20.3 rows=100)
    -> Covering index range scan on sbtest5 using k_5 over (4982434 <= k <= 4982534)  (cost=20.3 rows=100)


table 6 : explain SELECT k FROM sbtest6 WHERE k BETWEEN 4982434 AND 4982534
	-> Filter: (sbtest6.k between 4982434 and 4982534)  (cost=20.5 rows=101)
    -> Covering index range scan on sbtest6 using k_6 over (4982434 <= k <= 4982534)  (cost=20.5 rows=101)


table 7 : explain SELECT k FROM sbtest7 WHERE k BETWEEN 4982434 AND 4982534
	-> Filter: (sbtest7.k between 4982434 and 4982534)  (cost=19.5 rows=96)
    -> Covering index range scan on sbtest7 using k_7 over (4982434 <= k <= 4982534)  (cost=19.5 rows=96)


table 8 : explain SELECT k FROM sbtest8 WHERE k BETWEEN 4982434 AND 4982534
	-> Filter: (sbtest8.k between 4982434 and 4982534)  (cost=19.5 rows=96)
    -> Covering index range scan on sbtest8 using k_8 over (4982434 <= k <= 4982534)  (cost=19.5 rows=96)

explain: for range-covered :: explain SELECT k FROM sbtest%d WHERE k BETWEEN 5909262 AND 5909362
explain: for range-covered :: explain SELECT k FROM sbtest%d WHERE k BETWEEN 1611351 AND 1611451
explain: for range-covered :: explain SELECT k FROM sbtest%d WHERE k BETWEEN 6795179 AND 6795279
for range-covered
table 1 : explain SELECT k FROM sbtest1 WHERE k BETWEEN 4835917 AND 4836017
	-> Filter: (sbtest1.k between 4835917 and 4836017)  (cost=23.1 rows=114)
    -> Covering index range scan on sbtest1 using k_1 over (4835917 <= k <= 4836017)  (cost=23.1 rows=114)


table 2 : explain SELECT k FROM sbtest2 WHERE k BETWEEN 4835917 AND 4836017
	-> Filter: (sbtest2.k between 4835917 and 4836017)  (cost=20.3 rows=100)
    -> Covering index range scan on sbtest2 using k_2 over (4835917 <= k <= 4836017)  (cost=20.3 rows=100)


table 3 : explain SELECT k FROM sbtest3 WHERE k BETWEEN 4835917 AND 4836017
	-> Filter: (sbtest3.k between 4835917 and 4836017)  (cost=20.3 rows=100)
    -> Covering index range scan on sbtest3 using k_3 over (4835917 <= k <= 4836017)  (cost=20.3 rows=100)


table 4 : explain SELECT k FROM sbtest4 WHERE k BETWEEN 4835917 AND 4836017
	-> Filter: (sbtest4.k between 4835917 and 4836017)  (cost=20.9 rows=103)
    -> Covering index range scan on sbtest4 using k_4 over (4835917 <= k <= 4836017)  (cost=20.9 rows=103)


table 5 : explain SELECT k FROM sbtest5 WHERE k BETWEEN 4835917 AND 4836017
	-> Filter: (sbtest5.k between 4835917 and 4836017)  (cost=20.7 rows=102)
    -> Covering index range scan on sbtest5 using k_5 over (4835917 <= k <= 4836017)  (cost=20.7 rows=102)


table 6 : explain SELECT k FROM sbtest6 WHERE k BETWEEN 4835917 AND 4836017
	-> Filter: (sbtest6.k between 4835917 and 4836017)  (cost=21.7 rows=107)
    -> Covering index range scan on sbtest6 using k_6 over (4835917 <= k <= 4836017)  (cost=21.7 rows=107)


table 7 : explain SELECT k FROM sbtest7 WHERE k BETWEEN 4835917 AND 4836017
	-> Filter: (sbtest7.k between 4835917 and 4836017)  (cost=21.5 rows=106)
    -> Covering index range scan on sbtest7 using k_7 over (4835917 <= k <= 4836017)  (cost=21.5 rows=106)


table 8 : explain SELECT k FROM sbtest8 WHERE k BETWEEN 4835917 AND 4836017
	-> Filter: (sbtest8.k between 4835917 and 4836017)  (cost=21.9 rows=108)
    -> Covering index range scan on sbtest8 using k_8 over (4835917 <= k <= 4836017)  (cost=21.9 rows=108)

for range-covered
table 1 : explain SELECT k FROM sbtest1 WHERE k BETWEEN 8324259 AND 8324359
	-> Filter: (sbtest1.k between 8324259 and 8324359)  (cost=23.1 rows=114)
    -> Covering index range scan on sbtest1 using k_1 over (8324259 <= k <= 8324359)  (cost=23.1 rows=114)


table 2 : explain SELECT k FROM sbtest2 WHERE k BETWEEN 8324259 AND 8324359
	-> Filter: (sbtest2.k between 8324259 and 8324359)  (cost=19.1 rows=94)
    -> Covering index range scan on sbtest2 using k_2 over (8324259 <= k <= 8324359)  (cost=19.1 rows=94)


table 3 : explain SELECT k FROM sbtest3 WHERE k BETWEEN 8324259 AND 8324359
	-> Filter: (sbtest3.k between 8324259 and 8324359)  (cost=23.9 rows=118)
    -> Covering index range scan on sbtest3 using k_3 over (8324259 <= k <= 8324359)  (cost=23.9 rows=118)


table 4 : explain SELECT k FROM sbtest4 WHERE k BETWEEN 8324259 AND 8324359
	-> Filter: (sbtest4.k between 8324259 and 8324359)  (cost=22.3 rows=110)
    -> Covering index range scan on sbtest4 using k_4 over (8324259 <= k <= 8324359)  (cost=22.3 rows=110)


table 5 : explain SELECT k FROM sbtest5 WHERE k BETWEEN 8324259 AND 8324359
	-> Filter: (sbtest5.k between 8324259 and 8324359)  (cost=19.5 rows=96)
    -> Covering index range scan on sbtest5 using k_5 over (8324259 <= k <= 8324359)  (cost=19.5 rows=96)


table 6 : explain SELECT k FROM sbtest6 WHERE k BETWEEN 8324259 AND 8324359
	-> Filter: (sbtest6.k between 8324259 and 8324359)  (cost=24.3 rows=120)
    -> Covering index range scan on sbtest6 using k_6 over (8324259 <= k <= 8324359)  (cost=24.3 rows=120)


table 7 : explain SELECT k FROM sbtest7 WHERE k BETWEEN 8324259 AND 8324359
	-> Filter: (sbtest7.k between 8324259 and 8324359)  (cost=19.5 rows=96)
    -> Covering index range scan on sbtest7 using k_7 over (8324259 <= k <= 8324359)  (cost=19.5 rows=96)


table 8 : explain SELECT k FROM sbtest8 WHERE k BETWEEN 8324259 AND 8324359
	-> Filter: (sbtest8.k between 8324259 and 8324359)  (cost=18.1 rows=89)
    -> Covering index range scan on sbtest8 using k_8 over (8324259 <= k <= 8324359)  (cost=18.1 rows=89)


explain: for range-covered :: explain SELECT k FROM sbtest%d WHERE k BETWEEN 5007601 AND 5007701
explain: for range-covered :: explain SELECT k FROM sbtest%d WHERE k BETWEEN 6227750 AND 6227850
explain: for range-covered :: explain SELECT k FROM sbtest%d WHERE k BETWEEN 2906057 AND 2906157
for range-covered
table 1 : explain SELECT k FROM sbtest1 WHERE k BETWEEN 6936407 AND 6936507
	-> Filter: (sbtest1.k between 6936407 and 6936507)  (cost=19.3 rows=95)
    -> Covering index range scan on sbtest1 using k_1 over (6936407 <= k <= 6936507)  (cost=19.3 rows=95)


table 2 : explain SELECT k FROM sbtest2 WHERE k BETWEEN 6936407 AND 6936507
	-> Filter: (sbtest2.k between 6936407 and 6936507)  (cost=19.5 rows=96)
    -> Covering index range scan on sbtest2 using k_2 over (6936407 <= k <= 6936507)  (cost=19.5 rows=96)


table 3 : explain SELECT k FROM sbtest3 WHERE k BETWEEN 6936407 AND 6936507
	-> Filter: (sbtest3.k between 6936407 and 6936507)  (cost=19.5 rows=96)
    -> Covering index range scan on sbtest3 using k_3 over (6936407 <= k <= 6936507)  (cost=19.5 rows=96)


table 4 : explain SELECT k FROM sbtest4 WHERE k BETWEEN 6936407 AND 6936507
	-> Filter: (sbtest4.k between 6936407 and 6936507)  (cost=22.5 rows=111)
    -> Covering index range scan on sbtest4 using k_4 over (6936407 <= k <= 6936507)  (cost=22.5 rows=111)


table 5 : explain SELECT k FROM sbtest5 WHERE k BETWEEN 6936407 AND 6936507
	-> Filter: (sbtest5.k between 6936407 and 6936507)  (cost=22.1 rows=109)
    -> Covering index range scan on sbtest5 using k_5 over (6936407 <= k <= 6936507)  (cost=22.1 rows=109)


table 6 : explain SELECT k FROM sbtest6 WHERE k BETWEEN 6936407 AND 6936507
	-> Filter: (sbtest6.k between 6936407 and 6936507)  (cost=17.9 rows=88)
    -> Covering index range scan on sbtest6 using k_6 over (6936407 <= k <= 6936507)  (cost=17.9 rows=88)


table 7 : explain SELECT k FROM sbtest7 WHERE k BETWEEN 6936407 AND 6936507
	-> Filter: (sbtest7.k between 6936407 and 6936507)  (cost=18.1 rows=89)
    -> Covering index range scan on sbtest7 using k_7 over (6936407 <= k <= 6936507)  (cost=18.1 rows=89)


table 8 : explain SELECT k FROM sbtest8 WHERE k BETWEEN 6936407 AND 6936507
	-> Filter: (sbtest8.k between 6936407 and 6936507)  (cost=22.5 rows=111)
    -> Covering index range scan on sbtest8 using k_8 over (6936407 <= k <= 6936507)  (cost=22.5 rows=111)


explain: for range-covered :: explain SELECT k FROM sbtest%d WHERE k BETWEEN 5878246 AND 5878346


explain: for range-covered :: explain SELECT k FROM sbtest%d WHERE k BETWEEN 8324259 AND 8324359
for range-covered
table 1 : explain SELECT k FROM sbtest1 WHERE k BETWEEN 4259778 AND 4259878
	-> Filter: (sbtest1.k between 4259778 and 4259878)  (cost=18.3 rows=90)
    -> Covering index range scan on sbtest1 using k_1 over (4259778 <= k <= 4259878)  (cost=18.3 rows=90)


table 2 : explain SELECT k FROM sbtest2 WHERE k BETWEEN 4259778 AND 4259878
	-> Filter: (sbtest2.k between 4259778 and 4259878)  (cost=21.9 rows=108)
    -> Covering index range scan on sbtest2 using k_2 over (4259778 <= k <= 4259878)  (cost=21.9 rows=108)


table 3 : explain SELECT k FROM sbtest3 WHERE k BETWEEN 4259778 AND 4259878
	-> Filter: (sbtest3.k between 4259778 and 4259878)  (cost=17.7 rows=87)
    -> Covering index range scan on sbtest3 using k_3 over (4259778 <= k <= 4259878)  (cost=17.7 rows=87)


table 4 : explain SELECT k FROM sbtest4 WHERE k BETWEEN 4259778 AND 4259878
	-> Filter: (sbtest4.k between 4259778 and 4259878)  (cost=23.3 rows=115)
    -> Covering index range scan on sbtest4 using k_4 over (4259778 <= k <= 4259878)  (cost=23.3 rows=115)


table 5 : explain SELECT k FROM sbtest5 WHERE k BETWEEN 4259778 AND 4259878
	-> Filter: (sbtest5.k between 4259778 and 4259878)  (cost=18.1 rows=89)
    -> Covering index range scan on sbtest5 using k_5 over (4259778 <= k <= 4259878)  (cost=18.1 rows=89)


table 6 : explain SELECT k FROM sbtest6 WHERE k BETWEEN 4259778 AND 4259878
	-> Filter: (sbtest6.k between 4259778 and 4259878)  (cost=20.7 rows=102)
    -> Covering index range scan on sbtest6 using k_6 over (4259778 <= k <= 4259878)  (cost=20.7 rows=102)


table 7 : explain SELECT k FROM sbtest7 WHERE k BETWEEN 4259778 AND 4259878
	-> Filter: (sbtest7.k between 4259778 and 4259878)  (cost=19.5 rows=96)
    -> Covering index range scan on sbtest7 using k_7 over (4259778 <= k <= 4259878)  (cost=19.5 rows=96)


table 8 : explain SELECT k FROM sbtest8 WHERE k BETWEEN 4259778 AND 4259878
	-> Filter: (sbtest8.k between 4259778 and 4259878)  (cost=20.3 rows=100)
    -> Covering index range scan on sbtest8 using k_8 over (4259778 <= k <= 4259878)  (cost=20.3 rows=100)



for range-covered
table 1 : explain SELECT k FROM sbtest1 WHERE k BETWEEN 4488193 AND 4488293
	-> Filter: (sbtest1.k between 4488193 and 4488293)  (cost=24.7 rows=122)
    -> Covering index range scan on sbtest1 using k_1 over (4488193 <= k <= 4488293)  (cost=24.7 rows=122)


table 2 : explain SELECT k FROM sbtest2 WHERE k BETWEEN 4488193 AND 4488293
	-> Filter: (sbtest2.k between 4488193 and 4488293)  (cost=18.7 rows=92)
    -> Covering index range scan on sbtest2 using k_2 over (4488193 <= k <= 4488293)  (cost=18.7 rows=92)


table 3 : explain SELECT k FROM sbtest3 WHERE k BETWEEN 4488193 AND 4488293
	-> Filter: (sbtest3.k between 4488193 and 4488293)  (cost=21.3 rows=105)
    -> Covering index range scan on sbtest3 using k_3 over (4488193 <= k <= 4488293)  (cost=21.3 rows=105)


table 4 : explain SELECT k FROM sbtest4 WHERE k BETWEEN 4488193 AND 4488293
	-> Filter: (sbtest4.k between 4488193 and 4488293)  (cost=21.9 rows=108)
    -> Covering index range scan on sbtest4 using k_4 over (4488193 <= k <= 4488293)  (cost=21.9 rows=108)


table 5 : explain SELECT k FROM sbtest5 WHERE k BETWEEN 4488193 AND 4488293
	-> Filter: (sbtest5.k between 4488193 and 4488293)  (cost=20.3 rows=100)
    -> Covering index range scan on sbtest5 using k_5 over (4488193 <= k <= 4488293)  (cost=20.3 rows=100)


table 6 : explain SELECT k FROM sbtest6 WHERE k BETWEEN 4488193 AND 4488293
	-> Filter: (sbtest6.k between 4488193 and 4488293)  (cost=22.3 rows=110)
    -> Covering index range scan on sbtest6 using k_6 over (4488193 <= k <= 4488293)  (cost=22.3 rows=110)


table 7 : explain SELECT k FROM sbtest7 WHERE k BETWEEN 4488193 AND 4488293
	-> Filter: (sbtest7.k between 4488193 and 4488293)  (cost=19.7 rows=97)
    -> Covering index range scan on sbtest7 using k_7 over (4488193 <= k <= 4488293)  (cost=19.7 rows=97)


table 8 : explain SELECT k FROM sbtest8 WHERE k BETWEEN 4488193 AND 4488293
	-> Filter: (sbtest8.k between 4488193 and 4488293)  (cost=18.5 rows=91)
    -> Covering index range scan on sbtest8 using k_8 over (4488193 <= k <= 4488293)  (cost=18.5 rows=91)


explain: for range-covered :: explain SELECT k FROM sbtest%d WHERE k BETWEEN 5595950 AND 5596050explain: for range-covered :: explain SELECT k FROM sbtest%d WHERE k BETWEEN 4982434 AND 4982534for range-covered
table 1 : explain SELECT k FROM sbtest1 WHERE k BETWEEN 4185972 AND 4186072
	-> Filter: (sbtest1.k between 4185972 and 4186072)  (cost=19.3 rows=95)
    -> Covering index range scan on sbtest1 using k_1 over (4185972 <= k <= 4186072)  (cost=19.3 rows=95)


table 2 : explain SELECT k FROM sbtest2 WHERE k BETWEEN 4185972 AND 4186072
	-> Filter: (sbtest2.k between 4185972 and 4186072)  (cost=23.3 rows=115)
    -> Covering index range scan on sbtest2 using k_2 over (4185972 <= k <= 4186072)  (cost=23.3 rows=115)


table 3 : explain SELECT k FROM sbtest3 WHERE k BETWEEN 4185972 AND 4186072
	-> Filter: (sbtest3.k between 4185972 and 4186072)  (cost=22.1 rows=109)
    -> Covering index range scan on sbtest3 using k_3 over (4185972 <= k <= 4186072)  (cost=22.1 rows=109)


table 4 : explain SELECT k FROM sbtest4 WHERE k BETWEEN 4185972 AND 4186072
	-> Filter: (sbtest4.k between 4185972 and 4186072)  (cost=22.3 rows=110)
    -> Covering index range scan on sbtest4 using k_4 over (4185972 <= k <= 4186072)  (cost=22.3 rows=110)


table 5 : explain SELECT k FROM sbtest5 WHERE k BETWEEN 4185972 AND 4186072
	-> Filter: (sbtest5.k between 4185972 and 4186072)  (cost=22.7 rows=112)
    -> Covering index range scan on sbtest5 using k_5 over (4185972 <= k <= 4186072)  (cost=22.7 rows=112)


table 6 : explain SELECT k FROM sbtest6 WHERE k BETWEEN 4185972 AND 4186072
	-> Filter: (sbtest6.k between 4185972 and 4186072)  (cost=19.1 rows=94)
    -> Covering index range scan on sbtest6 using k_6 over (4185972 <= k <= 4186072)  (cost=19.1 rows=94)


table 7 : explain SELECT k FROM sbtest7 WHERE k BETWEEN 4185972 AND 4186072
	-> Filter: (sbtest7.k between 4185972 and 4186072)  (cost=21.9 rows=108)
    -> Covering index range scan on sbtest7 using k_7 over (4185972 <= k <= 4186072)  (cost=21.9 rows=108)


table 8 : explain SELECT k FROM sbtest8 WHERE k BETWEEN 4185972 AND 4186072
	-> Filter: (sbtest8.k between 4185972 and 4186072)  (cost=15.9 rows=78)
    -> Covering index range scan on sbtest8 using k_8 over (4185972 <= k <= 4186072)  (cost=15.9 rows=78)



for range-covered
table 1 : explain SELECT k FROM sbtest1 WHERE k BETWEEN 6273948 AND 6274048
	-> Filter: (sbtest1.k between 6273948 and 6274048)  (cost=22.9 rows=113)
    -> Covering index range scan on sbtest1 using k_1 over (6273948 <= k <= 6274048)  (cost=22.9 rows=113)


table 2 : explain SELECT k FROM sbtest2 WHERE k BETWEEN 6273948 AND 6274048
	-> Filter: (sbtest2.k between 6273948 and 6274048)  (cost=17.5 rows=86)
    -> Covering index range scan on sbtest2 using k_2 over (6273948 <= k <= 6274048)  (cost=17.5 rows=86)


table 3 : explain SELECT k FROM sbtest3 WHERE k BETWEEN 6273948 AND 6274048
	-> Filter: (sbtest3.k between 6273948 and 6274048)  (cost=18.7 rows=92)
    -> Covering index range scan on sbtest3 using k_3 over (6273948 <= k <= 6274048)  (cost=18.7 rows=92)


table 4 : explain SELECT k FROM sbtest4 WHERE k BETWEEN 6273948 AND 6274048
	-> Filter: (sbtest4.k between 6273948 and 6274048)  (cost=20.7 rows=102)
    -> Covering index range scan on sbtest4 using k_4 over (6273948 <= k <= 6274048)  (cost=20.7 rows=102)


table 5 : explain SELECT k FROM sbtest5 WHERE k BETWEEN 6273948 AND 6274048
	-> Filter: (sbtest5.k between 6273948 and 6274048)  (cost=20.9 rows=103)
    -> Covering index range scan on sbtest5 using k_5 over (6273948 <= k <= 6274048)  (cost=20.9 rows=103)


table 6 : explain SELECT k FROM sbtest6 WHERE k BETWEEN 6273948 AND 6274048
	-> Filter: (sbtest6.k between 6273948 and 6274048)  (cost=19.3 rows=95)
    -> Covering index range scan on sbtest6 using k_6 over (6273948 <= k <= 6274048)  (cost=19.3 rows=95)


table 7 : explain SELECT k FROM sbtest7 WHERE k BETWEEN 6273948 AND 6274048
	-> Filter: (sbtest7.k between 6273948 and 6274048)  (cost=18.9 rows=93)
    -> Covering index range scan on sbtest7 using k_7 over (6273948 <= k <= 6274048)  (cost=18.9 rows=93)


table 8 : explain SELECT k FROM sbtest8 WHERE k BETWEEN 6273948 AND 6274048
	-> Filter: (sbtest8.k between 6273948 and 6274048)  (cost=18.3 rows=90)
    -> Covering index range scan on sbtest8 using k_8 over (6273948 <= k <= 6274048)  (cost=18.3 rows=90)


explain: for range-covered :: explain SELECT k FROM sbtest%d WHERE k BETWEEN 4565518 AND 4565618


explain: for range-covered :: explain SELECT k FROM sbtest%d WHERE k BETWEEN 4488193 AND 4488293explain: for range-covered :: explain SELECT k FROM sbtest%d WHERE k BETWEEN 6936407 AND 6936507for range-covered
table 1 : explain SELECT k FROM sbtest1 WHERE k BETWEEN 3531035 AND 3531135
	-> Filter: (sbtest1.k between 3531035 and 3531135)  (cost=19.9 rows=98)
    -> Covering index range scan on sbtest1 using k_1 over (3531035 <= k <= 3531135)  (cost=19.9 rows=98)


table 2 : explain SELECT k FROM sbtest2 WHERE k BETWEEN 3531035 AND 3531135
	-> Filter: (sbtest2.k between 3531035 and 3531135)  (cost=18.9 rows=93)
    -> Covering index range scan on sbtest2 using k_2 over (3531035 <= k <= 3531135)  (cost=18.9 rows=93)


table 3 : explain SELECT k FROM sbtest3 WHERE k BETWEEN 3531035 AND 3531135
	-> Filter: (sbtest3.k between 3531035 and 3531135)  (cost=20.7 rows=102)
    -> Covering index range scan on sbtest3 using k_3 over (3531035 <= k <= 3531135)  (cost=20.7 rows=102)


table 4 : explain SELECT k FROM sbtest4 WHERE k BETWEEN 3531035 AND 3531135
	-> Filter: (sbtest4.k between 3531035 and 3531135)  (cost=23.9 rows=118)
    -> Covering index range scan on sbtest4 using k_4 over (3531035 <= k <= 3531135)  (cost=23.9 rows=118)


table 5 : explain SELECT k FROM sbtest5 WHERE k BETWEEN 3531035 AND 3531135
	-> Filter: (sbtest5.k between 3531035 and 3531135)  (cost=20.3 rows=100)
    -> Covering index range scan on sbtest5 using k_5 over (3531035 <= k <= 3531135)  (cost=20.3 rows=100)


table 6 : explain SELECT k FROM sbtest6 WHERE k BETWEEN 3531035 AND 3531135
	-> Filter: (sbtest6.k between 3531035 and 3531135)  (cost=15.1 rows=74)
    -> Covering index range scan on sbtest6 using k_6 over (3531035 <= k <= 3531135)  (cost=15.1 rows=74)


table 7 : explain SELECT k FROM sbtest7 WHERE k BETWEEN 3531035 AND 3531135
	-> Filter: (sbtest7.k between 3531035 and 3531135)  (cost=18.9 rows=93)
    -> Covering index range scan on sbtest7 using k_7 over (3531035 <= k <= 3531135)  (cost=18.9 rows=93)


table 8 : explain SELECT k FROM sbtest8 WHERE k BETWEEN 3531035 AND 3531135
	-> Filter: (sbtest8.k between 3531035 and 3531135)  (cost=16.9 rows=83)
    -> Covering index range scan on sbtest8 using k_8 over (3531035 <= k <= 3531135)  (cost=16.9 rows=83)




explain: for range-covered :: explain SELECT k FROM sbtest%d WHERE k BETWEEN 4835917 AND 4836017explain: for range-covered :: explain SELECT k FROM sbtest%d WHERE k BETWEEN 4185972 AND 4186072

explain: for range-covered :: explain SELECT k FROM sbtest%d WHERE k BETWEEN 6273948 AND 6274048
explain: for range-covered :: explain SELECT k FROM sbtest%d WHERE k BETWEEN 4259778 AND 4259878
for range-covered
table 1 : explain SELECT k FROM sbtest1 WHERE k BETWEEN 7270617 AND 7270717
	-> Filter: (sbtest1.k between 7270617 and 7270717)  (cost=19.5 rows=96)
    -> Covering index range scan on sbtest1 using k_1 over (7270617 <= k <= 7270717)  (cost=19.5 rows=96)


table 2 : explain SELECT k FROM sbtest2 WHERE k BETWEEN 7270617 AND 7270717
	-> Filter: (sbtest2.k between 7270617 and 7270717)  (cost=18.9 rows=93)
    -> Covering index range scan on sbtest2 using k_2 over (7270617 <= k <= 7270717)  (cost=18.9 rows=93)


table 3 : explain SELECT k FROM sbtest3 WHERE k BETWEEN 7270617 AND 7270717
	-> Filter: (sbtest3.k between 7270617 and 7270717)  (cost=17.3 rows=85)
    -> Covering index range scan on sbtest3 using k_3 over (7270617 <= k <= 7270717)  (cost=17.3 rows=85)


table 4 : explain SELECT k FROM sbtest4 WHERE k BETWEEN 7270617 AND 7270717
	-> Filter: (sbtest4.k between 7270617 and 7270717)  (cost=19.5 rows=96)
    -> Covering index range scan on sbtest4 using k_4 over (7270617 <= k <= 7270717)  (cost=19.5 rows=96)


table 5 : explain SELECT k FROM sbtest5 WHERE k BETWEEN 7270617 AND 7270717
	-> Filter: (sbtest5.k between 7270617 and 7270717)  (cost=22.7 rows=112)
    -> Covering index range scan on sbtest5 using k_5 over (7270617 <= k <= 7270717)  (cost=22.7 rows=112)


table 6 : explain SELECT k FROM sbtest6 WHERE k BETWEEN 7270617 AND 7270717
	-> Filter: (sbtest6.k between 7270617 and 7270717)  (cost=17.5 rows=86)
    -> Covering index range scan on sbtest6 using k_6 over (7270617 <= k <= 7270717)  (cost=17.5 rows=86)


table 7 : explain SELECT k FROM sbtest7 WHERE k BETWEEN 7270617 AND 7270717
	-> Filter: (sbtest7.k between 7270617 and 7270717)  (cost=18.3 rows=90)
    -> Covering index range scan on sbtest7 using k_7 over (7270617 <= k <= 7270717)  (cost=18.3 rows=90)


table 8 : explain SELECT k FROM sbtest8 WHERE k BETWEEN 7270617 AND 7270717
	-> Filter: (sbtest8.k between 7270617 and 7270717)  (cost=20.9 rows=103)
    -> Covering index range scan on sbtest8 using k_8 over (7270617 <= k <= 7270717)  (cost=20.9 rows=103)


for range-covered
table 1 : explain SELECT k FROM sbtest1 WHERE k BETWEEN 1823676 AND 1823776
	-> Filter: (sbtest1.k between 1823676 and 1823776)  (cost=23.1 rows=114)
    -> Covering index range scan on sbtest1 using k_1 over (1823676 <= k <= 1823776)  (cost=23.1 rows=114)


table 2 : explain SELECT k FROM sbtest2 WHERE k BETWEEN 1823676 AND 1823776
	-> Filter: (sbtest2.k between 1823676 and 1823776)  (cost=19.5 rows=96)
    -> Covering index range scan on sbtest2 using k_2 over (1823676 <= k <= 1823776)  (cost=19.5 rows=96)


table 3 : explain SELECT k FROM sbtest3 WHERE k BETWEEN 1823676 AND 1823776
	-> Filter: (sbtest3.k between 1823676 and 1823776)  (cost=21.5 rows=106)
    -> Covering index range scan on sbtest3 using k_3 over (1823676 <= k <= 1823776)  (cost=21.5 rows=106)


table 4 : explain SELECT k FROM sbtest4 WHERE k BETWEEN 1823676 AND 1823776
	-> Filter: (sbtest4.k between 1823676 and 1823776)  (cost=23.9 rows=118)
    -> Covering index range scan on sbtest4 using k_4 over (1823676 <= k <= 1823776)  (cost=23.9 rows=118)


table 5 : explain SELECT k FROM sbtest5 WHERE k BETWEEN 1823676 AND 1823776
	-> Filter: (sbtest5.k between 1823676 and 1823776)  (cost=19.7 rows=97)
    -> Covering index range scan on sbtest5 using k_5 over (1823676 <= k <= 1823776)  (cost=19.7 rows=97)


table 6 : explain SELECT k FROM sbtest6 WHERE k BETWEEN 1823676 AND 1823776
	-> Filter: (sbtest6.k between 1823676 and 1823776)  (cost=24.7 rows=122)
    -> Covering index range scan on sbtest6 using k_6 over (1823676 <= k <= 1823776)  (cost=24.7 rows=122)


table 7 : explain SELECT k FROM sbtest7 WHERE k BETWEEN 1823676 AND 1823776
	-> Filter: (sbtest7.k between 1823676 and 1823776)  (cost=18.3 rows=90)
    -> Covering index range scan on sbtest7 using k_7 over (1823676 <= k <= 1823776)  (cost=18.3 rows=90)


table 8 : explain SELECT k FROM sbtest8 WHERE k BETWEEN 1823676 AND 1823776
	-> Filter: (sbtest8.k between 1823676 and 1823776)  (cost=23.3 rows=115)
    -> Covering index range scan on sbtest8 using k_8 over (1823676 <= k <= 1823776)  (cost=23.3 rows=115)


explain: for range-covered :: explain SELECT k FROM sbtest%d WHERE k BETWEEN 3531035 AND 3531135
explain: for range-covered :: explain SELECT k FROM sbtest%d WHERE k BETWEEN 7270617 AND 7270717
explain: for range-covered :: explain SELECT k FROM sbtest%d WHERE k BETWEEN 1823676 AND 1823776
for range-covered
table 1 : explain SELECT k FROM sbtest1 WHERE k BETWEEN 7153292 AND 7153392
	-> Filter: (sbtest1.k between 7153292 and 7153392)  (cost=21.5 rows=106)
    -> Covering index range scan on sbtest1 using k_1 over (7153292 <= k <= 7153392)  (cost=21.5 rows=106)


table 2 : explain SELECT k FROM sbtest2 WHERE k BETWEEN 7153292 AND 7153392
	-> Filter: (sbtest2.k between 7153292 and 7153392)  (cost=22.3 rows=110)
    -> Covering index range scan on sbtest2 using k_2 over (7153292 <= k <= 7153392)  (cost=22.3 rows=110)


table 3 : explain SELECT k FROM sbtest3 WHERE k BETWEEN 7153292 AND 7153392
	-> Filter: (sbtest3.k between 7153292 and 7153392)  (cost=22.9 rows=113)
    -> Covering index range scan on sbtest3 using k_3 over (7153292 <= k <= 7153392)  (cost=22.9 rows=113)


table 4 : explain SELECT k FROM sbtest4 WHERE k BETWEEN 7153292 AND 7153392
	-> Filter: (sbtest4.k between 7153292 and 7153392)  (cost=19.7 rows=97)
    -> Covering index range scan on sbtest4 using k_4 over (7153292 <= k <= 7153392)  (cost=19.7 rows=97)


table 5 : explain SELECT k FROM sbtest5 WHERE k BETWEEN 7153292 AND 7153392
	-> Filter: (sbtest5.k between 7153292 and 7153392)  (cost=21.3 rows=105)
    -> Covering index range scan on sbtest5 using k_5 over (7153292 <= k <= 7153392)  (cost=21.3 rows=105)


table 6 : explain SELECT k FROM sbtest6 WHERE k BETWEEN 7153292 AND 7153392
	-> Filter: (sbtest6.k between 7153292 and 7153392)  (cost=18.7 rows=92)
    -> Covering index range scan on sbtest6 using k_6 over (7153292 <= k <= 7153392)  (cost=18.7 rows=92)


table 7 : explain SELECT k FROM sbtest7 WHERE k BETWEEN 7153292 AND 7153392
	-> Filter: (sbtest7.k between 7153292 and 7153392)  (cost=18.3 rows=90)
    -> Covering index range scan on sbtest7 using k_7 over (7153292 <= k <= 7153392)  (cost=18.3 rows=90)


table 8 : explain SELECT k FROM sbtest8 WHERE k BETWEEN 7153292 AND 7153392
	-> Filter: (sbtest8.k between 7153292 and 7153392)  (cost=22.3 rows=110)
    -> Covering index range scan on sbtest8 using k_8 over (7153292 <= k <= 7153392)  (cost=22.3 rows=110)


for range-covered
table 1 : explain SELECT k FROM sbtest1 WHERE k BETWEEN 2903813 AND 2903913
	-> Filter: (sbtest1.k between 2903813 and 2903913)  (cost=20.9 rows=103)
    -> Covering index range scan on sbtest1 using k_1 over (2903813 <= k <= 2903913)  (cost=20.9 rows=103)


table 2 : explain SELECT k FROM sbtest2 WHERE k BETWEEN 2903813 AND 2903913
	-> Filter: (sbtest2.k between 2903813 and 2903913)  (cost=21.9 rows=108)
    -> Covering index range scan on sbtest2 using k_2 over (2903813 <= k <= 2903913)  (cost=21.9 rows=108)


table 3 : explain SELECT k FROM sbtest3 WHERE k BETWEEN 2903813 AND 2903913
	-> Filter: (sbtest3.k between 2903813 and 2903913)  (cost=17.1 rows=84)
    -> Covering index range scan on sbtest3 using k_3 over (2903813 <= k <= 2903913)  (cost=17.1 rows=84)


table 4 : explain SELECT k FROM sbtest4 WHERE k BETWEEN 2903813 AND 2903913
	-> Filter: (sbtest4.k between 2903813 and 2903913)  (cost=19.7 rows=97)
    -> Covering index range scan on sbtest4 using k_4 over (2903813 <= k <= 2903913)  (cost=19.7 rows=97)


table 5 : explain SELECT k FROM sbtest5 WHERE k BETWEEN 2903813 AND 2903913
	-> Filter: (sbtest5.k between 2903813 and 2903913)  (cost=18.7 rows=92)
    -> Covering index range scan on sbtest5 using k_5 over (2903813 <= k <= 2903913)  (cost=18.7 rows=92)


table 6 : explain SELECT k FROM sbtest6 WHERE k BETWEEN 2903813 AND 2903913
	-> Filter: (sbtest6.k between 2903813 and 2903913)  (cost=20.3 rows=100)
    -> Covering index range scan on sbtest6 using k_6 over (2903813 <= k <= 2903913)  (cost=20.3 rows=100)


table 7 : explain SELECT k FROM sbtest7 WHERE k BETWEEN 2903813 AND 2903913
	-> Filter: (sbtest7.k between 2903813 and 2903913)  (cost=18.5 rows=91)
    -> Covering index range scan on sbtest7 using k_7 over (2903813 <= k <= 2903913)  (cost=18.5 rows=91)


table 8 : explain SELECT k FROM sbtest8 WHERE k BETWEEN 2903813 AND 2903913
	-> Filter: (sbtest8.k between 2903813 and 2903913)  (cost=19.9 rows=98)
    -> Covering index range scan on sbtest8 using k_8 over (2903813 <= k <= 2903913)  (cost=19.9 rows=98)


for range-covered
table 1 : explain SELECT k FROM sbtest1 WHERE k BETWEEN 5469010 AND 5469110
	-> Filter: (sbtest1.k between 5469010 and 5469110)  (cost=22.3 rows=110)
    -> Covering index range scan on sbtest1 using k_1 over (5469010 <= k <= 5469110)  (cost=22.3 rows=110)


table 2 : explain SELECT k FROM sbtest2 WHERE k BETWEEN 5469010 AND 5469110
	-> Filter: (sbtest2.k between 5469010 and 5469110)  (cost=20.1 rows=99)
    -> Covering index range scan on sbtest2 using k_2 over (5469010 <= k <= 5469110)  (cost=20.1 rows=99)


table 3 : explain SELECT k FROM sbtest3 WHERE k BETWEEN 5469010 AND 5469110
	-> Filter: (sbtest3.k between 5469010 and 5469110)  (cost=20.5 rows=101)
    -> Covering index range scan on sbtest3 using k_3 over (5469010 <= k <= 5469110)  (cost=20.5 rows=101)


table 4 : explain SELECT k FROM sbtest4 WHERE k BETWEEN 5469010 AND 5469110
	-> Filter: (sbtest4.k between 5469010 and 5469110)  (cost=18.5 rows=91)
    -> Covering index range scan on sbtest4 using k_4 over (5469010 <= k <= 5469110)  (cost=18.5 rows=91)


table 5 : explain SELECT k FROM sbtest5 WHERE k BETWEEN 5469010 AND 5469110
	-> Filter: (sbtest5.k between 5469010 and 5469110)  (cost=20.3 rows=100)
    -> Covering index range scan on sbtest5 using k_5 over (5469010 <= k <= 5469110)  (cost=20.3 rows=100)


table 6 : explain SELECT k FROM sbtest6 WHERE k BETWEEN 5469010 AND 5469110
	-> Filter: (sbtest6.k between 5469010 and 5469110)  (cost=18.3 rows=90)
    -> Covering index range scan on sbtest6 using k_6 over (5469010 <= k <= 5469110)  (cost=18.3 rows=90)


table 7 : explain SELECT k FROM sbtest7 WHERE k BETWEEN 5469010 AND 5469110
	-> Filter: (sbtest7.k between 5469010 and 5469110)  (cost=18.7 rows=92)
    -> Covering index range scan on sbtest7 using k_7 over (5469010 <= k <= 5469110)  (cost=18.7 rows=92)


table 8 : explain SELECT k FROM sbtest8 WHERE k BETWEEN 5469010 AND 5469110
	-> Filter: (sbtest8.k between 5469010 and 5469110)  (cost=23.1 rows=114)
    -> Covering index range scan on sbtest8 using k_8 over (5469010 <= k <= 5469110)  (cost=23.1 rows=114)


explain: for range-covered :: explain SELECT k FROM sbtest%d WHERE k BETWEEN 7153292 AND 7153392
explain: for range-covered :: explain SELECT k FROM sbtest%d WHERE k BETWEEN 2903813 AND 2903913
explain: for range-covered :: explain SELECT k FROM sbtest%d WHERE k BETWEEN 5469010 AND 5469110
for range-covered
table 1 : explain SELECT k FROM sbtest1 WHERE k BETWEEN 6048949 AND 6049049
	-> Filter: (sbtest1.k between 6048949 and 6049049)  (cost=19.1 rows=94)
    -> Covering index range scan on sbtest1 using k_1 over (6048949 <= k <= 6049049)  (cost=19.1 rows=94)


table 2 : explain SELECT k FROM sbtest2 WHERE k BETWEEN 6048949 AND 6049049
	-> Filter: (sbtest2.k between 6048949 and 6049049)  (cost=19.1 rows=94)
    -> Covering index range scan on sbtest2 using k_2 over (6048949 <= k <= 6049049)  (cost=19.1 rows=94)


table 3 : explain SELECT k FROM sbtest3 WHERE k BETWEEN 6048949 AND 6049049
	-> Filter: (sbtest3.k between 6048949 and 6049049)  (cost=19.3 rows=95)
    -> Covering index range scan on sbtest3 using k_3 over (6048949 <= k <= 6049049)  (cost=19.3 rows=95)


table 4 : explain SELECT k FROM sbtest4 WHERE k BETWEEN 6048949 AND 6049049
	-> Filter: (sbtest4.k between 6048949 and 6049049)  (cost=19.7 rows=97)
    -> Covering index range scan on sbtest4 using k_4 over (6048949 <= k <= 6049049)  (cost=19.7 rows=97)


table 5 : explain SELECT k FROM sbtest5 WHERE k BETWEEN 6048949 AND 6049049
	-> Filter: (sbtest5.k between 6048949 and 6049049)  (cost=19.5 rows=96)
    -> Covering index range scan on sbtest5 using k_5 over (6048949 <= k <= 6049049)  (cost=19.5 rows=96)


table 6 : explain SELECT k FROM sbtest6 WHERE k BETWEEN 6048949 AND 6049049
	-> Filter: (sbtest6.k between 6048949 and 6049049)  (cost=20.1 rows=99)
    -> Covering index range scan on sbtest6 using k_6 over (6048949 <= k <= 6049049)  (cost=20.1 rows=99)


table 7 : explain SELECT k FROM sbtest7 WHERE k BETWEEN 6048949 AND 6049049
	-> Filter: (sbtest7.k between 6048949 and 6049049)  (cost=19.7 rows=97)
    -> Covering index range scan on sbtest7 using k_7 over (6048949 <= k <= 6049049)  (cost=19.7 rows=97)


table 8 : explain SELECT k FROM sbtest8 WHERE k BETWEEN 6048949 AND 6049049
	-> Filter: (sbtest8.k between 6048949 and 6049049)  (cost=21.5 rows=106)
    -> Covering index range scan on sbtest8 using k_8 over (6048949 <= k <= 6049049)  (cost=21.5 rows=106)


for range-covered
table 1 : explain SELECT k FROM sbtest1 WHERE k BETWEEN 6360664 AND 6360764
	-> Filter: (sbtest1.k between 6360664 and 6360764)  (cost=21.5 rows=106)
    -> Covering index range scan on sbtest1 using k_1 over (6360664 <= k <= 6360764)  (cost=21.5 rows=106)


table 2 : explain SELECT k FROM sbtest2 WHERE k BETWEEN 6360664 AND 6360764
	-> Filter: (sbtest2.k between 6360664 and 6360764)  (cost=18.9 rows=93)
    -> Covering index range scan on sbtest2 using k_2 over (6360664 <= k <= 6360764)  (cost=18.9 rows=93)


table 3 : explain SELECT k FROM sbtest3 WHERE k BETWEEN 6360664 AND 6360764
	-> Filter: (sbtest3.k between 6360664 and 6360764)  (cost=18.7 rows=92)
    -> Covering index range scan on sbtest3 using k_3 over (6360664 <= k <= 6360764)  (cost=18.7 rows=92)


table 4 : explain SELECT k FROM sbtest4 WHERE k BETWEEN 6360664 AND 6360764
	-> Filter: (sbtest4.k between 6360664 and 6360764)  (cost=18.9 rows=93)
    -> Covering index range scan on sbtest4 using k_4 over (6360664 <= k <= 6360764)  (cost=18.9 rows=93)


table 5 : explain SELECT k FROM sbtest5 WHERE k BETWEEN 6360664 AND 6360764
	-> Filter: (sbtest5.k between 6360664 and 6360764)  (cost=20.7 rows=102)
    -> Covering index range scan on sbtest5 using k_5 over (6360664 <= k <= 6360764)  (cost=20.7 rows=102)


table 6 : explain SELECT k FROM sbtest6 WHERE k BETWEEN 6360664 AND 6360764
	-> Filter: (sbtest6.k between 6360664 and 6360764)  (cost=21.1 rows=104)
    -> Covering index range scan on sbtest6 using k_6 over (6360664 <= k <= 6360764)  (cost=21.1 rows=104)


table 7 : explain SELECT k FROM sbtest7 WHERE k BETWEEN 6360664 AND 6360764
	-> Filter: (sbtest7.k between 6360664 and 6360764)  (cost=21.3 rows=105)
    -> Covering index range scan on sbtest7 using k_7 over (6360664 <= k <= 6360764)  (cost=21.3 rows=105)


table 8 : explain SELECT k FROM sbtest8 WHERE k BETWEEN 6360664 AND 6360764
	-> Filter: (sbtest8.k between 6360664 and 6360764)  (cost=21.1 rows=104)
    -> Covering index range scan on sbtest8 using k_8 over (6360664 <= k <= 6360764)  (cost=21.1 rows=104)


for range-covered
table 1 : explain SELECT k FROM sbtest1 WHERE k BETWEEN 4097165 AND 4097265
	-> Filter: (sbtest1.k between 4097165 and 4097265)  (cost=20.7 rows=102)
    -> Covering index range scan on sbtest1 using k_1 over (4097165 <= k <= 4097265)  (cost=20.7 rows=102)


table 2 : explain SELECT k FROM sbtest2 WHERE k BETWEEN 4097165 AND 4097265
	-> Filter: (sbtest2.k between 4097165 and 4097265)  (cost=22.1 rows=109)
    -> Covering index range scan on sbtest2 using k_2 over (4097165 <= k <= 4097265)  (cost=22.1 rows=109)


table 3 : explain SELECT k FROM sbtest3 WHERE k BETWEEN 4097165 AND 4097265
	-> Filter: (sbtest3.k between 4097165 and 4097265)  (cost=20.9 rows=103)
    -> Covering index range scan on sbtest3 using k_3 over (4097165 <= k <= 4097265)  (cost=20.9 rows=103)


table 4 : explain SELECT k FROM sbtest4 WHERE k BETWEEN 4097165 AND 4097265
	-> Filter: (sbtest4.k between 4097165 and 4097265)  (cost=18.7 rows=92)
    -> Covering index range scan on sbtest4 using k_4 over (4097165 <= k <= 4097265)  (cost=18.7 rows=92)


table 5 : explain SELECT k FROM sbtest5 WHERE k BETWEEN 4097165 AND 4097265
	-> Filter: (sbtest5.k between 4097165 and 4097265)  (cost=21.1 rows=104)
    -> Covering index range scan on sbtest5 using k_5 over (4097165 <= k <= 4097265)  (cost=21.1 rows=104)


table 6 : explain SELECT k FROM sbtest6 WHERE k BETWEEN 4097165 AND 4097265
	-> Filter: (sbtest6.k between 4097165 and 4097265)  (cost=21.1 rows=104)
    -> Covering index range scan on sbtest6 using k_6 over (4097165 <= k <= 4097265)  (cost=21.1 rows=104)


table 7 : explain SELECT k FROM sbtest7 WHERE k BETWEEN 4097165 AND 4097265
	-> Filter: (sbtest7.k between 4097165 and 4097265)  (cost=22.7 rows=112)
    -> Covering index range scan on sbtest7 using k_7 over (4097165 <= k <= 4097265)  (cost=22.7 rows=112)


table 8 : explain SELECT k FROM sbtest8 WHERE k BETWEEN 4097165 AND 4097265
	-> Filter: (sbtest8.k between 4097165 and 4097265)  (cost=23.5 rows=116)
    -> Covering index range scan on sbtest8 using k_8 over (4097165 <= k <= 4097265)  (cost=23.5 rows=116)


for range-covered
table 1 : explain SELECT k FROM sbtest1 WHERE k BETWEEN 5072241 AND 5072341
	-> Filter: (sbtest1.k between 5072241 and 5072341)  (cost=26.9 rows=133)
    -> Covering index range scan on sbtest1 using k_1 over (5072241 <= k <= 5072341)  (cost=26.9 rows=133)


table 2 : explain SELECT k FROM sbtest2 WHERE k BETWEEN 5072241 AND 5072341
	-> Filter: (sbtest2.k between 5072241 and 5072341)  (cost=20.5 rows=101)
    -> Covering index range scan on sbtest2 using k_2 over (5072241 <= k <= 5072341)  (cost=20.5 rows=101)


table 3 : explain SELECT k FROM sbtest3 WHERE k BETWEEN 5072241 AND 5072341
	-> Filter: (sbtest3.k between 5072241 and 5072341)  (cost=17.1 rows=84)
    -> Covering index range scan on sbtest3 using k_3 over (5072241 <= k <= 5072341)  (cost=17.1 rows=84)


table 4 : explain SELECT k FROM sbtest4 WHERE k BETWEEN 5072241 AND 5072341
	-> Filter: (sbtest4.k between 5072241 and 5072341)  (cost=19.5 rows=96)
    -> Covering index range scan on sbtest4 using k_4 over (5072241 <= k <= 5072341)  (cost=19.5 rows=96)


table 5 : explain SELECT k FROM sbtest5 WHERE k BETWEEN 5072241 AND 5072341
	-> Filter: (sbtest5.k between 5072241 and 5072341)  (cost=20.9 rows=103)
    -> Covering index range scan on sbtest5 using k_5 over (5072241 <= k <= 5072341)  (cost=20.9 rows=103)


table 6 : explain SELECT k FROM sbtest6 WHERE k BETWEEN 5072241 AND 5072341
	-> Filter: (sbtest6.k between 5072241 and 5072341)  (cost=18.5 rows=91)
    -> Covering index range scan on sbtest6 using k_6 over (5072241 <= k <= 5072341)  (cost=18.5 rows=91)


table 7 : explain SELECT k FROM sbtest7 WHERE k BETWEEN 5072241 AND 5072341
	-> Filter: (sbtest7.k between 5072241 and 5072341)  (cost=19.3 rows=95)
    -> Covering index range scan on sbtest7 using k_7 over (5072241 <= k <= 5072341)  (cost=19.3 rows=95)


table 8 : explain SELECT k FROM sbtest8 WHERE k BETWEEN 5072241 AND 5072341
	-> Filter: (sbtest8.k between 5072241 and 5072341)  (cost=20.3 rows=100)
    -> Covering index range scan on sbtest8 using k_8 over (5072241 <= k <= 5072341)  (cost=20.3 rows=100)


explain: for range-covered :: explain SELECT k FROM sbtest%d WHERE k BETWEEN 4097165 AND 4097265
explain: for range-covered :: explain SELECT k FROM sbtest%d WHERE k BETWEEN 6048949 AND 6049049
for range-covered
table 1 : explain SELECT k FROM sbtest1 WHERE k BETWEEN 3707286 AND 3707386
	-> Filter: (sbtest1.k between 3707286 and 3707386)  (cost=22.7 rows=112)
    -> Covering index range scan on sbtest1 using k_1 over (3707286 <= k <= 3707386)  (cost=22.7 rows=112)


table 2 : explain SELECT k FROM sbtest2 WHERE k BETWEEN 3707286 AND 3707386
	-> Filter: (sbtest2.k between 3707286 and 3707386)  (cost=18.9 rows=93)
    -> Covering index range scan on sbtest2 using k_2 over (3707286 <= k <= 3707386)  (cost=18.9 rows=93)


table 3 : explain SELECT k FROM sbtest3 WHERE k BETWEEN 3707286 AND 3707386
	-> Filter: (sbtest3.k between 3707286 and 3707386)  (cost=23.7 rows=117)
    -> Covering index range scan on sbtest3 using k_3 over (3707286 <= k <= 3707386)  (cost=23.7 rows=117)


table 4 : explain SELECT k FROM sbtest4 WHERE k BETWEEN 3707286 AND 3707386
	-> Filter: (sbtest4.k between 3707286 and 3707386)  (cost=17.5 rows=86)
    -> Covering index range scan on sbtest4 using k_4 over (3707286 <= k <= 3707386)  (cost=17.5 rows=86)


table 5 : explain SELECT k FROM sbtest5 WHERE k BETWEEN 3707286 AND 3707386
	-> Filter: (sbtest5.k between 3707286 and 3707386)  (cost=19.9 rows=98)
    -> Covering index range scan on sbtest5 using k_5 over (3707286 <= k <= 3707386)  (cost=19.9 rows=98)


table 6 : explain SELECT k FROM sbtest6 WHERE k BETWEEN 3707286 AND 3707386
	-> Filter: (sbtest6.k between 3707286 and 3707386)  (cost=16.9 rows=83)
    -> Covering index range scan on sbtest6 using k_6 over (3707286 <= k <= 3707386)  (cost=16.9 rows=83)


table 7 : explain SELECT k FROM sbtest7 WHERE k BETWEEN 3707286 AND 3707386
	-> Filter: (sbtest7.k between 3707286 and 3707386)  (cost=21.5 rows=106)
    -> Covering index range scan on sbtest7 using k_7 over (3707286 <= k <= 3707386)  (cost=21.5 rows=106)


table 8 : explain SELECT k FROM sbtest8 WHERE k BETWEEN 3707286 AND 3707386
	-> Filter: (sbtest8.k between 3707286 and 3707386)  (cost=23.1 rows=114)
    -> Covering index range scan on sbtest8 using k_8 over (3707286 <= k <= 3707386)  (cost=23.1 rows=114)


explain: for range-covered :: explain SELECT k FROM sbtest%d WHERE k BETWEEN 6360664 AND 6360764
for range-covered
table 1 : explain SELECT k FROM sbtest1 WHERE k BETWEEN 6846578 AND 6846678
	-> Filter: (sbtest1.k between 6846578 and 6846678)  (cost=18.3 rows=90)
    -> Covering index range scan on sbtest1 using k_1 over (6846578 <= k <= 6846678)  (cost=18.3 rows=90)


table 2 : explain SELECT k FROM sbtest2 WHERE k BETWEEN 6846578 AND 6846678
	-> Filter: (sbtest2.k between 6846578 and 6846678)  (cost=19.7 rows=97)
    -> Covering index range scan on sbtest2 using k_2 over (6846578 <= k <= 6846678)  (cost=19.7 rows=97)


table 3 : explain SELECT k FROM sbtest3 WHERE k BETWEEN 6846578 AND 6846678
	-> Filter: (sbtest3.k between 6846578 and 6846678)  (cost=22.5 rows=111)
    -> Covering index range scan on sbtest3 using k_3 over (6846578 <= k <= 6846678)  (cost=22.5 rows=111)


table 4 : explain SELECT k FROM sbtest4 WHERE k BETWEEN 6846578 AND 6846678
	-> Filter: (sbtest4.k between 6846578 and 6846678)  (cost=23.5 rows=116)
    -> Covering index range scan on sbtest4 using k_4 over (6846578 <= k <= 6846678)  (cost=23.5 rows=116)


table 5 : explain SELECT k FROM sbtest5 WHERE k BETWEEN 6846578 AND 6846678
	-> Filter: (sbtest5.k between 6846578 and 6846678)  (cost=19.7 rows=97)
    -> Covering index range scan on sbtest5 using k_5 over (6846578 <= k <= 6846678)  (cost=19.7 rows=97)


table 6 : explain SELECT k FROM sbtest6 WHERE k BETWEEN 6846578 AND 6846678
	-> Filter: (sbtest6.k between 6846578 and 6846678)  (cost=21.9 rows=108)
    -> Covering index range scan on sbtest6 using k_6 over (6846578 <= k <= 6846678)  (cost=21.9 rows=108)


table 7 : explain SELECT k FROM sbtest7 WHERE k BETWEEN 6846578 AND 6846678
	-> Filter: (sbtest7.k between 6846578 and 6846678)  (cost=19.3 rows=95)
    -> Covering index range scan on sbtest7 using k_7 over (6846578 <= k <= 6846678)  (cost=19.3 rows=95)


table 8 : explain SELECT k FROM sbtest8 WHERE k BETWEEN 6846578 AND 6846678
	-> Filter: (sbtest8.k between 6846578 and 6846678)  (cost=22.9 rows=113)
    -> Covering index range scan on sbtest8 using k_8 over (6846578 <= k <= 6846678)  (cost=22.9 rows=113)


for range-covered
table 1 : explain SELECT k FROM sbtest1 WHERE k BETWEEN 8511897 AND 8511997
	-> Filter: (sbtest1.k between 8511897 and 8511997)  (cost=19.1 rows=94)
    -> Covering index range scan on sbtest1 using k_1 over (8511897 <= k <= 8511997)  (cost=19.1 rows=94)


table 2 : explain SELECT k FROM sbtest2 WHERE k BETWEEN 8511897 AND 8511997
	-> Filter: (sbtest2.k between 8511897 and 8511997)  (cost=19.1 rows=94)
    -> Covering index range scan on sbtest2 using k_2 over (8511897 <= k <= 8511997)  (cost=19.1 rows=94)


table 3 : explain SELECT k FROM sbtest3 WHERE k BETWEEN 8511897 AND 8511997
	-> Filter: (sbtest3.k between 8511897 and 8511997)  (cost=21.7 rows=107)
    -> Covering index range scan on sbtest3 using k_3 over (8511897 <= k <= 8511997)  (cost=21.7 rows=107)


table 4 : explain SELECT k FROM sbtest4 WHERE k BETWEEN 8511897 AND 8511997
	-> Filter: (sbtest4.k between 8511897 and 8511997)  (cost=20.1 rows=99)
    -> Covering index range scan on sbtest4 using k_4 over (8511897 <= k <= 8511997)  (cost=20.1 rows=99)


table 5 : explain SELECT k FROM sbtest5 WHERE k BETWEEN 8511897 AND 8511997
	-> Filter: (sbtest5.k between 8511897 and 8511997)  (cost=20.7 rows=102)
    -> Covering index range scan on sbtest5 using k_5 over (8511897 <= k <= 8511997)  (cost=20.7 rows=102)


table 6 : explain SELECT k FROM sbtest6 WHERE k BETWEEN 8511897 AND 8511997
	-> Filter: (sbtest6.k between 8511897 and 8511997)  (cost=20.9 rows=103)
    -> Covering index range scan on sbtest6 using k_6 over (8511897 <= k <= 8511997)  (cost=20.9 rows=103)


table 7 : explain SELECT k FROM sbtest7 WHERE k BETWEEN 8511897 AND 8511997
	-> Filter: (sbtest7.k between 8511897 and 8511997)  (cost=23.3 rows=115)
    -> Covering index range scan on sbtest7 using k_7 over (8511897 <= k <= 8511997)  (cost=23.3 rows=115)


table 8 : explain SELECT k FROM sbtest8 WHERE k BETWEEN 8511897 AND 8511997
	-> Filter: (sbtest8.k between 8511897 and 8511997)  (cost=18.7 rows=92)
    -> Covering index range scan on sbtest8 using k_8 over (8511897 <= k <= 8511997)  (cost=18.7 rows=92)


explain: for range-covered :: explain SELECT k FROM sbtest%d WHERE k BETWEEN 5072241 AND 5072341
explain: for range-covered :: explain SELECT k FROM sbtest%d WHERE k BETWEEN 3707286 AND 3707386
for range-covered
table 1 : explain SELECT k FROM sbtest1 WHERE k BETWEEN 4028958 AND 4029058
	-> Filter: (sbtest1.k between 4028958 and 4029058)  (cost=20.7 rows=102)
    -> Covering index range scan on sbtest1 using k_1 over (4028958 <= k <= 4029058)  (cost=20.7 rows=102)


table 2 : explain SELECT k FROM sbtest2 WHERE k BETWEEN 4028958 AND 4029058
	-> Filter: (sbtest2.k between 4028958 and 4029058)  (cost=17.7 rows=87)
    -> Covering index range scan on sbtest2 using k_2 over (4028958 <= k <= 4029058)  (cost=17.7 rows=87)


table 3 : explain SELECT k FROM sbtest3 WHERE k BETWEEN 4028958 AND 4029058
	-> Filter: (sbtest3.k between 4028958 and 4029058)  (cost=22.9 rows=113)
    -> Covering index range scan on sbtest3 using k_3 over (4028958 <= k <= 4029058)  (cost=22.9 rows=113)


table 4 : explain SELECT k FROM sbtest4 WHERE k BETWEEN 4028958 AND 4029058
	-> Filter: (sbtest4.k between 4028958 and 4029058)  (cost=18.1 rows=89)
    -> Covering index range scan on sbtest4 using k_4 over (4028958 <= k <= 4029058)  (cost=18.1 rows=89)


table 5 : explain SELECT k FROM sbtest5 WHERE k BETWEEN 4028958 AND 4029058
	-> Filter: (sbtest5.k between 4028958 and 4029058)  (cost=22.1 rows=109)
    -> Covering index range scan on sbtest5 using k_5 over (4028958 <= k <= 4029058)  (cost=22.1 rows=109)


table 6 : explain SELECT k FROM sbtest6 WHERE k BETWEEN 4028958 AND 4029058
	-> Filter: (sbtest6.k between 4028958 and 4029058)  (cost=19.3 rows=95)
    -> Covering index range scan on sbtest6 using k_6 over (4028958 <= k <= 4029058)  (cost=19.3 rows=95)


table 7 : explain SELECT k FROM sbtest7 WHERE k BETWEEN 4028958 AND 4029058
	-> Filter: (sbtest7.k between 4028958 and 4029058)  (cost=17.5 rows=86)
    -> Covering index range scan on sbtest7 using k_7 over (4028958 <= k <= 4029058)  (cost=17.5 rows=86)


table 8 : explain SELECT k FROM sbtest8 WHERE k BETWEEN 4028958 AND 4029058
	-> Filter: (sbtest8.k between 4028958 and 4029058)  (cost=21.9 rows=108)
    -> Covering index range scan on sbtest8 using k_8 over (4028958 <= k <= 4029058)  (cost=21.9 rows=108)


explain: for range-covered :: explain SELECT k FROM sbtest%d WHERE k BETWEEN 6846578 AND 6846678
explain: for range-covered :: explain SELECT k FROM sbtest%d WHERE k BETWEEN 8511897 AND 8511997
for range-covered
table 1 : explain SELECT k FROM sbtest1 WHERE k BETWEEN 5533698 AND 5533798
	-> Filter: (sbtest1.k between 5533698 and 5533798)  (cost=18.5 rows=91)
    -> Covering index range scan on sbtest1 using k_1 over (5533698 <= k <= 5533798)  (cost=18.5 rows=91)


table 2 : explain SELECT k FROM sbtest2 WHERE k BETWEEN 5533698 AND 5533798
	-> Filter: (sbtest2.k between 5533698 and 5533798)  (cost=22.3 rows=110)
    -> Covering index range scan on sbtest2 using k_2 over (5533698 <= k <= 5533798)  (cost=22.3 rows=110)


table 3 : explain SELECT k FROM sbtest3 WHERE k BETWEEN 5533698 AND 5533798
	-> Filter: (sbtest3.k between 5533698 and 5533798)  (cost=22.5 rows=111)
    -> Covering index range scan on sbtest3 using k_3 over (5533698 <= k <= 5533798)  (cost=22.5 rows=111)


table 4 : explain SELECT k FROM sbtest4 WHERE k BETWEEN 5533698 AND 5533798
	-> Filter: (sbtest4.k between 5533698 and 5533798)  (cost=20.9 rows=103)
    -> Covering index range scan on sbtest4 using k_4 over (5533698 <= k <= 5533798)  (cost=20.9 rows=103)


table 5 : explain SELECT k FROM sbtest5 WHERE k BETWEEN 5533698 AND 5533798
	-> Filter: (sbtest5.k between 5533698 and 5533798)  (cost=22.5 rows=111)
    -> Covering index range scan on sbtest5 using k_5 over (5533698 <= k <= 5533798)  (cost=22.5 rows=111)


table 6 : explain SELECT k FROM sbtest6 WHERE k BETWEEN 5533698 AND 5533798
	-> Filter: (sbtest6.k between 5533698 and 5533798)  (cost=20.7 rows=102)
    -> Covering index range scan on sbtest6 using k_6 over (5533698 <= k <= 5533798)  (cost=20.7 rows=102)


table 7 : explain SELECT k FROM sbtest7 WHERE k BETWEEN 5533698 AND 5533798
	-> Filter: (sbtest7.k between 5533698 and 5533798)  (cost=20.9 rows=103)
    -> Covering index range scan on sbtest7 using k_7 over (5533698 <= k <= 5533798)  (cost=20.9 rows=103)


table 8 : explain SELECT k FROM sbtest8 WHERE k BETWEEN 5533698 AND 5533798
	-> Filter: (sbtest8.k between 5533698 and 5533798)  (cost=24.7 rows=122)
    -> Covering index range scan on sbtest8 using k_8 over (5533698 <= k <= 5533798)  (cost=24.7 rows=122)


explain: for range-covered :: explain SELECT k FROM sbtest%d WHERE k BETWEEN 4028958 AND 4029058
for range-covered
table 1 : explain SELECT k FROM sbtest1 WHERE k BETWEEN 5878246 AND 5878346
	-> Filter: (sbtest1.k between 5878246 and 5878346)  (cost=20.1 rows=99)
    -> Covering index range scan on sbtest1 using k_1 over (5878246 <= k <= 5878346)  (cost=20.1 rows=99)


table 2 : explain SELECT k FROM sbtest2 WHERE k BETWEEN 5878246 AND 5878346
	-> Filter: (sbtest2.k between 5878246 and 5878346)  (cost=21.1 rows=104)
    -> Covering index range scan on sbtest2 using k_2 over (5878246 <= k <= 5878346)  (cost=21.1 rows=104)


table 3 : explain SELECT k FROM sbtest3 WHERE k BETWEEN 5878246 AND 5878346
	-> Filter: (sbtest3.k between 5878246 and 5878346)  (cost=19.3 rows=95)
    -> Covering index range scan on sbtest3 using k_3 over (5878246 <= k <= 5878346)  (cost=19.3 rows=95)


table 4 : explain SELECT k FROM sbtest4 WHERE k BETWEEN 5878246 AND 5878346
	-> Filter: (sbtest4.k between 5878246 and 5878346)  (cost=20.3 rows=100)
    -> Covering index range scan on sbtest4 using k_4 over (5878246 <= k <= 5878346)  (cost=20.3 rows=100)


table 5 : explain SELECT k FROM sbtest5 WHERE k BETWEEN 5878246 AND 5878346
	-> Filter: (sbtest5.k between 5878246 and 5878346)  (cost=19.5 rows=96)
    -> Covering index range scan on sbtest5 using k_5 over (5878246 <= k <= 5878346)  (cost=19.5 rows=96)


table 6 : explain SELECT k FROM sbtest6 WHERE k BETWEEN 5878246 AND 5878346
	-> Filter: (sbtest6.k between 5878246 and 5878346)  (cost=19.3 rows=95)
    -> Covering index range scan on sbtest6 using k_6 over (5878246 <= k <= 5878346)  (cost=19.3 rows=95)


table 7 : explain SELECT k FROM sbtest7 WHERE k BETWEEN 5878246 AND 5878346
	-> Filter: (sbtest7.k between 5878246 and 5878346)  (cost=18.1 rows=89)
    -> Covering index range scan on sbtest7 using k_7 over (5878246 <= k <= 5878346)  (cost=18.1 rows=89)


table 8 : explain SELECT k FROM sbtest8 WHERE k BETWEEN 5878246 AND 5878346
	-> Filter: (sbtest8.k between 5878246 and 5878346)  (cost=21.1 rows=104)
    -> Covering index range scan on sbtest8 using k_8 over (5878246 <= k <= 5878346)  (cost=21.1 rows=104)


for range-covered
table 1 : explain SELECT k FROM sbtest1 WHERE k BETWEEN 7334581 AND 7334681
	-> Filter: (sbtest1.k between 7334581 and 7334681)  (cost=16.7 rows=82)
    -> Covering index range scan on sbtest1 using k_1 over (7334581 <= k <= 7334681)  (cost=16.7 rows=82)


table 2 : explain SELECT k FROM sbtest2 WHERE k BETWEEN 7334581 AND 7334681
	-> Filter: (sbtest2.k between 7334581 and 7334681)  (cost=21.1 rows=104)
    -> Covering index range scan on sbtest2 using k_2 over (7334581 <= k <= 7334681)  (cost=21.1 rows=104)


table 3 : explain SELECT k FROM sbtest3 WHERE k BETWEEN 7334581 AND 7334681
	-> Filter: (sbtest3.k between 7334581 and 7334681)  (cost=18.7 rows=92)
    -> Covering index range scan on sbtest3 using k_3 over (7334581 <= k <= 7334681)  (cost=18.7 rows=92)


table 4 : explain SELECT k FROM sbtest4 WHERE k BETWEEN 7334581 AND 7334681
	-> Filter: (sbtest4.k between 7334581 and 7334681)  (cost=20.3 rows=100)
    -> Covering index range scan on sbtest4 using k_4 over (7334581 <= k <= 7334681)  (cost=20.3 rows=100)


table 5 : explain SELECT k FROM sbtest5 WHERE k BETWEEN 7334581 AND 7334681
	-> Filter: (sbtest5.k between 7334581 and 7334681)  (cost=18.5 rows=91)
    -> Covering index range scan on sbtest5 using k_5 over (7334581 <= k <= 7334681)  (cost=18.5 rows=91)


table 6 : explain SELECT k FROM sbtest6 WHERE k BETWEEN 7334581 AND 7334681
	-> Filter: (sbtest6.k between 7334581 and 7334681)  (cost=25.1 rows=124)
    -> Covering index range scan on sbtest6 using k_6 over (7334581 <= k <= 7334681)  (cost=25.1 rows=124)


table 7 : explain SELECT k FROM sbtest7 WHERE k BETWEEN 7334581 AND 7334681
	-> Filter: (sbtest7.k between 7334581 and 7334681)  (cost=20.3 rows=100)
    -> Covering index range scan on sbtest7 using k_7 over (7334581 <= k <= 7334681)  (cost=20.3 rows=100)


table 8 : explain SELECT k FROM sbtest8 WHERE k BETWEEN 7334581 AND 7334681
	-> Filter: (sbtest8.k between 7334581 and 7334681)  (cost=17.1 rows=84)
    -> Covering index range scan on sbtest8 using k_8 over (7334581 <= k <= 7334681)  (cost=17.1 rows=84)


for range-covered
table 1 : explain SELECT k FROM sbtest1 WHERE k BETWEEN 1611351 AND 1611451
	-> Filter: (sbtest1.k between 1611351 and 1611451)  (cost=18.9 rows=93)
    -> Covering index range scan on sbtest1 using k_1 over (1611351 <= k <= 1611451)  (cost=18.9 rows=93)


table 2 : explain SELECT k FROM sbtest2 WHERE k BETWEEN 1611351 AND 1611451
	-> Filter: (sbtest2.k between 1611351 and 1611451)  (cost=19.5 rows=96)
    -> Covering index range scan on sbtest2 using k_2 over (1611351 <= k <= 1611451)  (cost=19.5 rows=96)


table 3 : explain SELECT k FROM sbtest3 WHERE k BETWEEN 1611351 AND 1611451
	-> Filter: (sbtest3.k between 1611351 and 1611451)  (cost=22.9 rows=113)
    -> Covering index range scan on sbtest3 using k_3 over (1611351 <= k <= 1611451)  (cost=22.9 rows=113)


table 4 : explain SELECT k FROM sbtest4 WHERE k BETWEEN 1611351 AND 1611451
	-> Filter: (sbtest4.k between 1611351 and 1611451)  (cost=19.9 rows=98)
    -> Covering index range scan on sbtest4 using k_4 over (1611351 <= k <= 1611451)  (cost=19.9 rows=98)


table 5 : explain SELECT k FROM sbtest5 WHERE k BETWEEN 1611351 AND 1611451
	-> Filter: (sbtest5.k between 1611351 and 1611451)  (cost=20.7 rows=102)
    -> Covering index range scan on sbtest5 using k_5 over (1611351 <= k <= 1611451)  (cost=20.7 rows=102)


table 6 : explain SELECT k FROM sbtest6 WHERE k BETWEEN 1611351 AND 1611451
	-> Filter: (sbtest6.k between 1611351 and 1611451)  (cost=19.7 rows=97)
    -> Covering index range scan on sbtest6 using k_6 over (1611351 <= k <= 1611451)  (cost=19.7 rows=97)


table 7 : explain SELECT k FROM sbtest7 WHERE k BETWEEN 1611351 AND 1611451
	-> Filter: (sbtest7.k between 1611351 and 1611451)  (cost=16.3 rows=80)
    -> Covering index range scan on sbtest7 using k_7 over (1611351 <= k <= 1611451)  (cost=16.3 rows=80)


table 8 : explain SELECT k FROM sbtest8 WHERE k BETWEEN 1611351 AND 1611451
	-> Filter: (sbtest8.k between 1611351 and 1611451)  (cost=19.3 rows=95)
    -> Covering index range scan on sbtest8 using k_8 over (1611351 <= k <= 1611451)  (cost=19.3 rows=95)


for range-covered
table 1 : explain SELECT k FROM sbtest1 WHERE k BETWEEN 5007601 AND 5007701
	-> Filter: (sbtest1.k between 5007601 and 5007701)  (cost=19.5 rows=96)
    -> Covering index range scan on sbtest1 using k_1 over (5007601 <= k <= 5007701)  (cost=19.5 rows=96)


table 2 : explain SELECT k FROM sbtest2 WHERE k BETWEEN 5007601 AND 5007701
	-> Filter: (sbtest2.k between 5007601 and 5007701)  (cost=23.5 rows=116)
    -> Covering index range scan on sbtest2 using k_2 over (5007601 <= k <= 5007701)  (cost=23.5 rows=116)


table 3 : explain SELECT k FROM sbtest3 WHERE k BETWEEN 5007601 AND 5007701
	-> Filter: (sbtest3.k between 5007601 and 5007701)  (cost=19.9 rows=98)
    -> Covering index range scan on sbtest3 using k_3 over (5007601 <= k <= 5007701)  (cost=19.9 rows=98)


table 4 : explain SELECT k FROM sbtest4 WHERE k BETWEEN 5007601 AND 5007701
	-> Filter: (sbtest4.k between 5007601 and 5007701)  (cost=22.5 rows=111)
    -> Covering index range scan on sbtest4 using k_4 over (5007601 <= k <= 5007701)  (cost=22.5 rows=111)


table 5 : explain SELECT k FROM sbtest5 WHERE k BETWEEN 5007601 AND 5007701
	-> Filter: (sbtest5.k between 5007601 and 5007701)  (cost=22.5 rows=111)
    -> Covering index range scan on sbtest5 using k_5 over (5007601 <= k <= 5007701)  (cost=22.5 rows=111)


table 6 : explain SELECT k FROM sbtest6 WHERE k BETWEEN 5007601 AND 5007701
	-> Filter: (sbtest6.k between 5007601 and 5007701)  (cost=21.1 rows=104)
    -> Covering index range scan on sbtest6 using k_6 over (5007601 <= k <= 5007701)  (cost=21.1 rows=104)


table 7 : explain SELECT k FROM sbtest7 WHERE k BETWEEN 5007601 AND 5007701
	-> Filter: (sbtest7.k between 5007601 and 5007701)  (cost=20.5 rows=101)
    -> Covering index range scan on sbtest7 using k_7 over (5007601 <= k <= 5007701)  (cost=20.5 rows=101)


table 8 : explain SELECT k FROM sbtest8 WHERE k BETWEEN 5007601 AND 5007701
	-> Filter: (sbtest8.k between 5007601 and 5007701)  (cost=21.5 rows=106)
    -> Covering index range scan on sbtest8 using k_8 over (5007601 <= k <= 5007701)  (cost=21.5 rows=106)


for range-covered
table 1 : explain SELECT k FROM sbtest1 WHERE k BETWEEN 9320933 AND 9321033
	-> Filter: (sbtest1.k between 9320933 and 9321033)  (cost=22.7 rows=112)
    -> Covering index range scan on sbtest1 using k_1 over (9320933 <= k <= 9321033)  (cost=22.7 rows=112)


table 2 : explain SELECT k FROM sbtest2 WHERE k BETWEEN 9320933 AND 9321033
	-> Filter: (sbtest2.k between 9320933 and 9321033)  (cost=20.3 rows=100)
    -> Covering index range scan on sbtest2 using k_2 over (9320933 <= k <= 9321033)  (cost=20.3 rows=100)


table 3 : explain SELECT k FROM sbtest3 WHERE k BETWEEN 9320933 AND 9321033
	-> Filter: (sbtest3.k between 9320933 and 9321033)  (cost=17.3 rows=85)
    -> Covering index range scan on sbtest3 using k_3 over (9320933 <= k <= 9321033)  (cost=17.3 rows=85)


table 4 : explain SELECT k FROM sbtest4 WHERE k BETWEEN 9320933 AND 9321033
	-> Filter: (sbtest4.k between 9320933 and 9321033)  (cost=16.9 rows=83)
    -> Covering index range scan on sbtest4 using k_4 over (9320933 <= k <= 9321033)  (cost=16.9 rows=83)


table 5 : explain SELECT k FROM sbtest5 WHERE k BETWEEN 9320933 AND 9321033
	-> Filter: (sbtest5.k between 9320933 and 9321033)  (cost=18.3 rows=90)
    -> Covering index range scan on sbtest5 using k_5 over (9320933 <= k <= 9321033)  (cost=18.3 rows=90)


table 6 : explain SELECT k FROM sbtest6 WHERE k BETWEEN 9320933 AND 9321033
	-> Filter: (sbtest6.k between 9320933 and 9321033)  (cost=18.5 rows=91)
    -> Covering index range scan on sbtest6 using k_6 over (9320933 <= k <= 9321033)  (cost=18.5 rows=91)


table 7 : explain SELECT k FROM sbtest7 WHERE k BETWEEN 9320933 AND 9321033
	-> Filter: (sbtest7.k between 9320933 and 9321033)  (cost=19.7 rows=97)
    -> Covering index range scan on sbtest7 using k_7 over (9320933 <= k <= 9321033)  (cost=19.7 rows=97)


table 8 : explain SELECT k FROM sbtest8 WHERE k BETWEEN 9320933 AND 9321033
	-> Filter: (sbtest8.k between 9320933 and 9321033)  (cost=21.1 rows=104)
    -> Covering index range scan on sbtest8 using k_8 over (9320933 <= k <= 9321033)  (cost=21.1 rows=104)


explain: for range-covered :: explain SELECT k FROM sbtest%d WHERE k BETWEEN 5533698 AND 5533798
explain: for range-covered :: explain SELECT k FROM sbtest%d WHERE k BETWEEN 5878246 AND 5878346
explain: for range-covered :: explain SELECT k FROM sbtest%d WHERE k BETWEEN 7334581 AND 7334681
for range-covered
table 1 : explain SELECT k FROM sbtest1 WHERE k BETWEEN 2906057 AND 2906157
	-> Filter: (sbtest1.k between 2906057 and 2906157)  (cost=24.1 rows=119)
    -> Covering index range scan on sbtest1 using k_1 over (2906057 <= k <= 2906157)  (cost=24.1 rows=119)


table 2 : explain SELECT k FROM sbtest2 WHERE k BETWEEN 2906057 AND 2906157
	-> Filter: (sbtest2.k between 2906057 and 2906157)  (cost=17.3 rows=85)
    -> Covering index range scan on sbtest2 using k_2 over (2906057 <= k <= 2906157)  (cost=17.3 rows=85)


table 3 : explain SELECT k FROM sbtest3 WHERE k BETWEEN 2906057 AND 2906157
	-> Filter: (sbtest3.k between 2906057 and 2906157)  (cost=17.7 rows=87)
    -> Covering index range scan on sbtest3 using k_3 over (2906057 <= k <= 2906157)  (cost=17.7 rows=87)


table 4 : explain SELECT k FROM sbtest4 WHERE k BETWEEN 2906057 AND 2906157
	-> Filter: (sbtest4.k between 2906057 and 2906157)  (cost=18.3 rows=90)
    -> Covering index range scan on sbtest4 using k_4 over (2906057 <= k <= 2906157)  (cost=18.3 rows=90)


table 5 : explain SELECT k FROM sbtest5 WHERE k BETWEEN 2906057 AND 2906157
	-> Filter: (sbtest5.k between 2906057 and 2906157)  (cost=22.9 rows=113)
    -> Covering index range scan on sbtest5 using k_5 over (2906057 <= k <= 2906157)  (cost=22.9 rows=113)


table 6 : explain SELECT k FROM sbtest6 WHERE k BETWEEN 2906057 AND 2906157
	-> Filter: (sbtest6.k between 2906057 and 2906157)  (cost=16.3 rows=80)
    -> Covering index range scan on sbtest6 using k_6 over (2906057 <= k <= 2906157)  (cost=16.3 rows=80)


table 7 : explain SELECT k FROM sbtest7 WHERE k BETWEEN 2906057 AND 2906157
	-> Filter: (sbtest7.k between 2906057 and 2906157)  (cost=19.7 rows=97)
    -> Covering index range scan on sbtest7 using k_7 over (2906057 <= k <= 2906157)  (cost=19.7 rows=97)


table 8 : explain SELECT k FROM sbtest8 WHERE k BETWEEN 2906057 AND 2906157
	-> Filter: (sbtest8.k between 2906057 and 2906157)  (cost=18.9 rows=93)
    -> Covering index range scan on sbtest8 using k_8 over (2906057 <= k <= 2906157)  (cost=18.9 rows=93)

for range-covered
table 1 : explain SELECT k FROM sbtest1 WHERE k BETWEEN 5917655 AND 5917755
	-> Filter: (sbtest1.k between 5917655 and 5917755)  (cost=19.9 rows=98)
    -> Covering index range scan on sbtest1 using k_1 over (5917655 <= k <= 5917755)  (cost=19.9 rows=98)


table 2 : explain SELECT k FROM sbtest2 WHERE k BETWEEN 5917655 AND 5917755
	-> Filter: (sbtest2.k between 5917655 and 5917755)  (cost=20.7 rows=102)
    -> Covering index range scan on sbtest2 using k_2 over (5917655 <= k <= 5917755)  (cost=20.7 rows=102)


table 3 : explain SELECT k FROM sbtest3 WHERE k BETWEEN 5917655 AND 5917755
	-> Filter: (sbtest3.k between 5917655 and 5917755)  (cost=21.9 rows=108)
    -> Covering index range scan on sbtest3 using k_3 over (5917655 <= k <= 5917755)  (cost=21.9 rows=108)


table 4 : explain SELECT k FROM sbtest4 WHERE k BETWEEN 5917655 AND 5917755
	-> Filter: (sbtest4.k between 5917655 and 5917755)  (cost=20.3 rows=100)
    -> Covering index range scan on sbtest4 using k_4 over (5917655 <= k <= 5917755)  (cost=20.3 rows=100)


table 5 : explain SELECT k FROM sbtest5 WHERE k BETWEEN 5917655 AND 5917755
	-> Filter: (sbtest5.k between 5917655 and 5917755)  (cost=22.9 rows=113)
    -> Covering index range scan on sbtest5 using k_5 over (5917655 <= k <= 5917755)  (cost=22.9 rows=113)


table 6 : explain SELECT k FROM sbtest6 WHERE k BETWEEN 5917655 AND 5917755
	-> Filter: (sbtest6.k between 5917655 and 5917755)  (cost=18.9 rows=93)
    -> Covering index range scan on sbtest6 using k_6 over (5917655 <= k <= 5917755)  (cost=18.9 rows=93)


table 7 : explain SELECT k FROM sbtest7 WHERE k BETWEEN 5917655 AND 5917755
	-> Filter: (sbtest7.k between 5917655 and 5917755)  (cost=21.3 rows=105)
    -> Covering index range scan on sbtest7 using k_7 over (5917655 <= k <= 5917755)  (cost=21.3 rows=105)


table 8 : explain SELECT k FROM sbtest8 WHERE k BETWEEN 5917655 AND 5917755
	-> Filter: (sbtest8.k between 5917655 and 5917755)  (cost=22.3 rows=110)
    -> Covering index range scan on sbtest8 using k_8 over (5917655 <= k <= 5917755)  (cost=22.3 rows=110)



for range-covered
table 1 : explain SELECT k FROM sbtest1 WHERE k BETWEEN 6795179 AND 6795279
	-> Filter: (sbtest1.k between 6795179 and 6795279)  (cost=21.3 rows=105)
    -> Covering index range scan on sbtest1 using k_1 over (6795179 <= k <= 6795279)  (cost=21.3 rows=105)


table 2 : explain SELECT k FROM sbtest2 WHERE k BETWEEN 6795179 AND 6795279
	-> Filter: (sbtest2.k between 6795179 and 6795279)  (cost=21.1 rows=104)
    -> Covering index range scan on sbtest2 using k_2 over (6795179 <= k <= 6795279)  (cost=21.1 rows=104)


table 3 : explain SELECT k FROM sbtest3 WHERE k BETWEEN 6795179 AND 6795279
	-> Filter: (sbtest3.k between 6795179 and 6795279)  (cost=21.9 rows=108)
    -> Covering index range scan on sbtest3 using k_3 over (6795179 <= k <= 6795279)  (cost=21.9 rows=108)


table 4 : explain SELECT k FROM sbtest4 WHERE k BETWEEN 6795179 AND 6795279
	-> Filter: (sbtest4.k between 6795179 and 6795279)  (cost=20.1 rows=99)
    -> Covering index range scan on sbtest4 using k_4 over (6795179 <= k <= 6795279)  (cost=20.1 rows=99)


table 5 : explain SELECT k FROM sbtest5 WHERE k BETWEEN 6795179 AND 6795279
	-> Filter: (sbtest5.k between 6795179 and 6795279)  (cost=20.3 rows=100)
    -> Covering index range scan on sbtest5 using k_5 over (6795179 <= k <= 6795279)  (cost=20.3 rows=100)


table 6 : explain SELECT k FROM sbtest6 WHERE k BETWEEN 6795179 AND 6795279
	-> Filter: (sbtest6.k between 6795179 and 6795279)  (cost=21.7 rows=107)
    -> Covering index range scan on sbtest6 using k_6 over (6795179 <= k <= 6795279)  (cost=21.7 rows=107)


table 7 : explain SELECT k FROM sbtest7 WHERE k BETWEEN 6795179 AND 6795279
	-> Filter: (sbtest7.k between 6795179 and 6795279)  (cost=20.5 rows=101)
    -> Covering index range scan on sbtest7 using k_7 over (6795179 <= k <= 6795279)  (cost=20.5 rows=101)


table 8 : explain SELECT k FROM sbtest8 WHERE k BETWEEN 6795179 AND 6795279
	-> Filter: (sbtest8.k between 6795179 and 6795279)  (cost=19.3 rows=95)
    -> Covering index range scan on sbtest8 using k_8 over (6795179 <= k <= 6795279)  (cost=19.3 rows=95)


explain: for range-covered :: explain SELECT k FROM sbtest%d WHERE k BETWEEN 5007601 AND 5007701
explain: for range-covered :: explain SELECT k FROM sbtest%d WHERE k BETWEEN 1611351 AND 1611451for range-covered
table 1 : explain SELECT k FROM sbtest1 WHERE k BETWEEN 4185972 AND 4186072
	-> Filter: (sbtest1.k between 4185972 and 4186072)  (cost=19.3 rows=95)
    -> Covering index range scan on sbtest1 using k_1 over (4185972 <= k <= 4186072)  (cost=19.3 rows=95)


table 2 : explain SELECT k FROM sbtest2 WHERE k BETWEEN 4185972 AND 4186072
	-> Filter: (sbtest2.k between 4185972 and 4186072)  (cost=23.3 rows=115)
    -> Covering index range scan on sbtest2 using k_2 over (4185972 <= k <= 4186072)  (cost=23.3 rows=115)


table 3 : explain SELECT k FROM sbtest3 WHERE k BETWEEN 4185972 AND 4186072
	-> Filter: (sbtest3.k between 4185972 and 4186072)  (cost=22.1 rows=109)
    -> Covering index range scan on sbtest3 using k_3 over (4185972 <= k <= 4186072)  (cost=22.1 rows=109)


table 4 : explain SELECT k FROM sbtest4 WHERE k BETWEEN 4185972 AND 4186072
	-> Filter: (sbtest4.k between 4185972 and 4186072)  (cost=22.3 rows=110)
    -> Covering index range scan on sbtest4 using k_4 over (4185972 <= k <= 4186072)  (cost=22.3 rows=110)


table 5 : explain SELECT k FROM sbtest5 WHERE k BETWEEN 4185972 AND 4186072
	-> Filter: (sbtest5.k between 4185972 and 4186072)  (cost=22.7 rows=112)
    -> Covering index range scan on sbtest5 using k_5 over (4185972 <= k <= 4186072)  (cost=22.7 rows=112)


table 6 : explain SELECT k FROM sbtest6 WHERE k BETWEEN 4185972 AND 4186072
	-> Filter: (sbtest6.k between 4185972 and 4186072)  (cost=19.1 rows=94)
    -> Covering index range scan on sbtest6 using k_6 over (4185972 <= k <= 4186072)  (cost=19.1 rows=94)


table 7 : explain SELECT k FROM sbtest7 WHERE k BETWEEN 4185972 AND 4186072
	-> Filter: (sbtest7.k between 4185972 and 4186072)  (cost=21.9 rows=108)
    -> Covering index range scan on sbtest7 using k_7 over (4185972 <= k <= 4186072)  (cost=21.9 rows=108)


table 8 : explain SELECT k FROM sbtest8 WHERE k BETWEEN 4185972 AND 4186072
	-> Filter: (sbtest8.k between 4185972 and 4186072)  (cost=15.9 rows=78)
    -> Covering index range scan on sbtest8 using k_8 over (4185972 <= k <= 4186072)  (cost=15.9 rows=78)


explain: for range-covered :: explain SELECT k FROM sbtest%d WHERE k BETWEEN 9320933 AND 9321033for range-covered
table 1 : explain SELECT k FROM sbtest1 WHERE k BETWEEN 4488193 AND 4488293
	-> Filter: (sbtest1.k between 4488193 and 4488293)  (cost=24.7 rows=122)
    -> Covering index range scan on sbtest1 using k_1 over (4488193 <= k <= 4488293)  (cost=24.7 rows=122)


table 2 : explain SELECT k FROM sbtest2 WHERE k BETWEEN 4488193 AND 4488293
	-> Filter: (sbtest2.k between 4488193 and 4488293)  (cost=18.7 rows=92)
    -> Covering index range scan on sbtest2 using k_2 over (4488193 <= k <= 4488293)  (cost=18.7 rows=92)


table 3 : explain SELECT k FROM sbtest3 WHERE k BETWEEN 4488193 AND 4488293
	-> Filter: (sbtest3.k between 4488193 and 4488293)  (cost=21.3 rows=105)
    -> Covering index range scan on sbtest3 using k_3 over (4488193 <= k <= 4488293)  (cost=21.3 rows=105)


table 4 : explain SELECT k FROM sbtest4 WHERE k BETWEEN 4488193 AND 4488293
	-> Filter: (sbtest4.k between 4488193 and 4488293)  (cost=21.9 rows=108)
    -> Covering index range scan on sbtest4 using k_4 over (4488193 <= k <= 4488293)  (cost=21.9 rows=108)


table 5 : explain SELECT k FROM sbtest5 WHERE k BETWEEN 4488193 AND 4488293
	-> Filter: (sbtest5.k between 4488193 and 4488293)  (cost=20.3 rows=100)
    -> Covering index range scan on sbtest5 using k_5 over (4488193 <= k <= 4488293)  (cost=20.3 rows=100)


table 6 : explain SELECT k FROM sbtest6 WHERE k BETWEEN 4488193 AND 4488293
	-> Filter: (sbtest6.k between 4488193 and 4488293)  (cost=22.3 rows=110)
    -> Covering index range scan on sbtest6 using k_6 over (4488193 <= k <= 4488293)  (cost=22.3 rows=110)


table 7 : explain SELECT k FROM sbtest7 WHERE k BETWEEN 4488193 AND 4488293
	-> Filter: (sbtest7.k between 4488193 and 4488293)  (cost=19.7 rows=97)
    -> Covering index range scan on sbtest7 using k_7 over (4488193 <= k <= 4488293)  (cost=19.7 rows=97)


table 8 : explain SELECT k FROM sbtest8 WHERE k BETWEEN 4488193 AND 4488293
	-> Filter: (sbtest8.k between 4488193 and 4488293)  (cost=18.5 rows=91)
    -> Covering index range scan on sbtest8 using k_8 over (4488193 <= k <= 4488293)  (cost=18.5 rows=91)


explain: for range-covered :: explain SELECT k FROM sbtest%d WHERE k BETWEEN 2906057 AND 2906157
for range-covered
table 1 : explain SELECT k FROM sbtest1 WHERE k BETWEEN 4765656 AND 4765756
	-> Filter: (sbtest1.k between 4765656 and 4765756)  (cost=19.3 rows=95)
    -> Covering index range scan on sbtest1 using k_1 over (4765656 <= k <= 4765756)  (cost=19.3 rows=95)


table 2 : explain SELECT k FROM sbtest2 WHERE k BETWEEN 4765656 AND 4765756
	-> Filter: (sbtest2.k between 4765656 and 4765756)  (cost=21.7 rows=107)
    -> Covering index range scan on sbtest2 using k_2 over (4765656 <= k <= 4765756)  (cost=21.7 rows=107)


table 3 : explain SELECT k FROM sbtest3 WHERE k BETWEEN 4765656 AND 4765756
	-> Filter: (sbtest3.k between 4765656 and 4765756)  (cost=20.7 rows=102)
    -> Covering index range scan on sbtest3 using k_3 over (4765656 <= k <= 4765756)  (cost=20.7 rows=102)


table 4 : explain SELECT k FROM sbtest4 WHERE k BETWEEN 4765656 AND 4765756
	-> Filter: (sbtest4.k between 4765656 and 4765756)  (cost=20.1 rows=99)
    -> Covering index range scan on sbtest4 using k_4 over (4765656 <= k <= 4765756)  (cost=20.1 rows=99)


table 5 : explain SELECT k FROM sbtest5 WHERE k BETWEEN 4765656 AND 4765756
	-> Filter: (sbtest5.k between 4765656 and 4765756)  (cost=24.7 rows=122)
    -> Covering index range scan on sbtest5 using k_5 over (4765656 <= k <= 4765756)  (cost=24.7 rows=122)


table 6 : explain SELECT k FROM sbtest6 WHERE k BETWEEN 4765656 AND 4765756
	-> Filter: (sbtest6.k between 4765656 and 4765756)  (cost=22.9 rows=113)
    -> Covering index range scan on sbtest6 using k_6 over (4765656 <= k <= 4765756)  (cost=22.9 rows=113)


table 7 : explain SELECT k FROM sbtest7 WHERE k BETWEEN 4765656 AND 4765756
	-> Filter: (sbtest7.k between 4765656 and 4765756)  (cost=24.5 rows=121)
    -> Covering index range scan on sbtest7 using k_7 over (4765656 <= k <= 4765756)  (cost=24.5 rows=121)


table 8 : explain SELECT k FROM sbtest8 WHERE k BETWEEN 4765656 AND 4765756
	-> Filter: (sbtest8.k between 4765656 and 4765756)  (cost=22.9 rows=113)
    -> Covering index range scan on sbtest8 using k_8 over (4765656 <= k <= 4765756)  (cost=22.9 rows=113)


for range-covered
table 1 : explain SELECT k FROM sbtest1 WHERE k BETWEEN 8324259 AND 8324359
	-> Filter: (sbtest1.k between 8324259 and 8324359)  (cost=23.1 rows=114)
    -> Covering index range scan on sbtest1 using k_1 over (8324259 <= k <= 8324359)  (cost=23.1 rows=114)


table 2 : explain SELECT k FROM sbtest2 WHERE k BETWEEN 8324259 AND 8324359
	-> Filter: (sbtest2.k between 8324259 and 8324359)  (cost=19.1 rows=94)
    -> Covering index range scan on sbtest2 using k_2 over (8324259 <= k <= 8324359)  (cost=19.1 rows=94)


table 3 : explain SELECT k FROM sbtest3 WHERE k BETWEEN 8324259 AND 8324359
	-> Filter: (sbtest3.k between 8324259 and 8324359)  (cost=23.9 rows=118)
    -> Covering index range scan on sbtest3 using k_3 over (8324259 <= k <= 8324359)  (cost=23.9 rows=118)


table 4 : explain SELECT k FROM sbtest4 WHERE k BETWEEN 8324259 AND 8324359
	-> Filter: (sbtest4.k between 8324259 and 8324359)  (cost=22.3 rows=110)
    -> Covering index range scan on sbtest4 using k_4 over (8324259 <= k <= 8324359)  (cost=22.3 rows=110)


table 5 : explain SELECT k FROM sbtest5 WHERE k BETWEEN 8324259 AND 8324359
	-> Filter: (sbtest5.k between 8324259 and 8324359)  (cost=19.5 rows=96)
    -> Covering index range scan on sbtest5 using k_5 over (8324259 <= k <= 8324359)  (cost=19.5 rows=96)


table 6 : explain SELECT k FROM sbtest6 WHERE k BETWEEN 8324259 AND 8324359
	-> Filter: (sbtest6.k between 8324259 and 8324359)  (cost=24.3 rows=120)
    -> Covering index range scan on sbtest6 using k_6 over (8324259 <= k <= 8324359)  (cost=24.3 rows=120)


table 7 : explain SELECT k FROM sbtest7 WHERE k BETWEEN 8324259 AND 8324359
	-> Filter: (sbtest7.k between 8324259 and 8324359)  (cost=19.5 rows=96)
    -> Covering index range scan on sbtest7 using k_7 over (8324259 <= k <= 8324359)  (cost=19.5 rows=96)


table 8 : explain SELECT k FROM sbtest8 WHERE k BETWEEN 8324259 AND 8324359
	-> Filter: (sbtest8.k between 8324259 and 8324359)  (cost=18.1 rows=89)
    -> Covering index range scan on sbtest8 using k_8 over (8324259 <= k <= 8324359)  (cost=18.1 rows=89)


for range-covered
table 1 : explain SELECT k FROM sbtest1 WHERE k BETWEEN 4982434 AND 4982534
	-> Filter: (sbtest1.k between 4982434 and 4982534)  (cost=23.3 rows=115)
    -> Covering index range scan on sbtest1 using k_1 over (4982434 <= k <= 4982534)  (cost=23.3 rows=115)


table 2 : explain SELECT k FROM sbtest2 WHERE k BETWEEN 4982434 AND 4982534
	-> Filter: (sbtest2.k between 4982434 and 4982534)  (cost=19.5 rows=96)
    -> Covering index range scan on sbtest2 using k_2 over (4982434 <= k <= 4982534)  (cost=19.5 rows=96)


table 3 : explain SELECT k FROM sbtest3 WHERE k BETWEEN 4982434 AND 4982534
	-> Filter: (sbtest3.k between 4982434 and 4982534)  (cost=21.1 rows=104)
    -> Covering index range scan on sbtest3 using k_3 over (4982434 <= k <= 4982534)  (cost=21.1 rows=104)


table 4 : explain SELECT k FROM sbtest4 WHERE k BETWEEN 4982434 AND 4982534
	-> Filter: (sbtest4.k between 4982434 and 4982534)  (cost=22.3 rows=110)
    -> Covering index range scan on sbtest4 using k_4 over (4982434 <= k <= 4982534)  (cost=22.3 rows=110)


table 5 : explain SELECT k FROM sbtest5 WHERE k BETWEEN 4982434 AND 4982534
	-> Filter: (sbtest5.k between 4982434 and 4982534)  (cost=20.3 rows=100)
    -> Covering index range scan on sbtest5 using k_5 over (4982434 <= k <= 4982534)  (cost=20.3 rows=100)


table 6 : explain SELECT k FROM sbtest6 WHERE k BETWEEN 4982434 AND 4982534
	-> Filter: (sbtest6.k between 4982434 and 4982534)  (cost=20.5 rows=101)
    -> Covering index range scan on sbtest6 using k_6 over (4982434 <= k <= 4982534)  (cost=20.5 rows=101)


table 7 : explain SELECT k FROM sbtest7 WHERE k BETWEEN 4982434 AND 4982534
	-> Filter: (sbtest7.k between 4982434 and 4982534)  (cost=19.5 rows=96)
    -> Covering index range scan on sbtest7 using k_7 over (4982434 <= k <= 4982534)  (cost=19.5 rows=96)


table 8 : explain SELECT k FROM sbtest8 WHERE k BETWEEN 4982434 AND 4982534
	-> Filter: (sbtest8.k between 4982434 and 4982534)  (cost=19.5 rows=96)
    -> Covering index range scan on sbtest8 using k_8 over (4982434 <= k <= 4982534)  (cost=19.5 rows=96)

explain: for range-covered :: explain SELECT k FROM sbtest%d WHERE k BETWEEN 5917655 AND 5917755for range-covered
table 1 : explain SELECT k FROM sbtest1 WHERE k BETWEEN 6936407 AND 6936507
	-> Filter: (sbtest1.k between 6936407 and 6936507)  (cost=19.3 rows=95)
    -> Covering index range scan on sbtest1 using k_1 over (6936407 <= k <= 6936507)  (cost=19.3 rows=95)


table 2 : explain SELECT k FROM sbtest2 WHERE k BETWEEN 6936407 AND 6936507
	-> Filter: (sbtest2.k between 6936407 and 6936507)  (cost=19.5 rows=96)
    -> Covering index range scan on sbtest2 using k_2 over (6936407 <= k <= 6936507)  (cost=19.5 rows=96)


table 3 : explain SELECT k FROM sbtest3 WHERE k BETWEEN 6936407 AND 6936507
	-> Filter: (sbtest3.k between 6936407 and 6936507)  (cost=19.5 rows=96)
    -> Covering index range scan on sbtest3 using k_3 over (6936407 <= k <= 6936507)  (cost=19.5 rows=96)


table 4 : explain SELECT k FROM sbtest4 WHERE k BETWEEN 6936407 AND 6936507
	-> Filter: (sbtest4.k between 6936407 and 6936507)  (cost=22.5 rows=111)
    -> Covering index range scan on sbtest4 using k_4 over (6936407 <= k <= 6936507)  (cost=22.5 rows=111)


table 5 : explain SELECT k FROM sbtest5 WHERE k BETWEEN 6936407 AND 6936507
	-> Filter: (sbtest5.k between 6936407 and 6936507)  (cost=22.1 rows=109)
    -> Covering index range scan on sbtest5 using k_5 over (6936407 <= k <= 6936507)  (cost=22.1 rows=109)


table 6 : explain SELECT k FROM sbtest6 WHERE k BETWEEN 6936407 AND 6936507
	-> Filter: (sbtest6.k between 6936407 and 6936507)  (cost=17.9 rows=88)
    -> Covering index range scan on sbtest6 using k_6 over (6936407 <= k <= 6936507)  (cost=17.9 rows=88)


table 7 : explain SELECT k FROM sbtest7 WHERE k BETWEEN 6936407 AND 6936507
	-> Filter: (sbtest7.k between 6936407 and 6936507)  (cost=18.1 rows=89)
    -> Covering index range scan on sbtest7 using k_7 over (6936407 <= k <= 6936507)  (cost=18.1 rows=89)


table 8 : explain SELECT k FROM sbtest8 WHERE k BETWEEN 6936407 AND 6936507
	-> Filter: (sbtest8.k between 6936407 and 6936507)  (cost=22.5 rows=111)
    -> Covering index range scan on sbtest8 using k_8 over (6936407 <= k <= 6936507)  (cost=22.5 rows=111)



explain: for range-covered :: explain SELECT k FROM sbtest%d WHERE k BETWEEN 6795179 AND 6795279for range-covered
table 1 : explain SELECT k FROM sbtest1 WHERE k BETWEEN 5595950 AND 5596050
	-> Filter: (sbtest1.k between 5595950 and 5596050)  (cost=21.1 rows=104)
    -> Covering index range scan on sbtest1 using k_1 over (5595950 <= k <= 5596050)  (cost=21.1 rows=104)


table 2 : explain SELECT k FROM sbtest2 WHERE k BETWEEN 5595950 AND 5596050
	-> Filter: (sbtest2.k between 5595950 and 5596050)  (cost=22.5 rows=111)
    -> Covering index range scan on sbtest2 using k_2 over (5595950 <= k <= 5596050)  (cost=22.5 rows=111)


table 3 : explain SELECT k FROM sbtest3 WHERE k BETWEEN 5595950 AND 5596050
	-> Filter: (sbtest3.k between 5595950 and 5596050)  (cost=22.1 rows=109)
    -> Covering index range scan on sbtest3 using k_3 over (5595950 <= k <= 5596050)  (cost=22.1 rows=109)


table 4 : explain SELECT k FROM sbtest4 WHERE k BETWEEN 5595950 AND 5596050
	-> Filter: (sbtest4.k between 5595950 and 5596050)  (cost=23.1 rows=114)
    -> Covering index range scan on sbtest4 using k_4 over (5595950 <= k <= 5596050)  (cost=23.1 rows=114)


table 5 : explain SELECT k FROM sbtest5 WHERE k BETWEEN 5595950 AND 5596050
	-> Filter: (sbtest5.k between 5595950 and 5596050)  (cost=19.9 rows=98)
    -> Covering index range scan on sbtest5 using k_5 over (5595950 <= k <= 5596050)  (cost=19.9 rows=98)


table 6 : explain SELECT k FROM sbtest6 WHERE k BETWEEN 5595950 AND 5596050
	-> Filter: (sbtest6.k between 5595950 and 5596050)  (cost=20.7 rows=102)
    -> Covering index range scan on sbtest6 using k_6 over (5595950 <= k <= 5596050)  (cost=20.7 rows=102)


table 7 : explain SELECT k FROM sbtest7 WHERE k BETWEEN 5595950 AND 5596050
	-> Filter: (sbtest7.k between 5595950 and 5596050)  (cost=19.3 rows=95)
    -> Covering index range scan on sbtest7 using k_7 over (5595950 <= k <= 5596050)  (cost=19.3 rows=95)


table 8 : explain SELECT k FROM sbtest8 WHERE k BETWEEN 5595950 AND 5596050
	-> Filter: (sbtest8.k between 5595950 and 5596050)  (cost=17.7 rows=87)
    -> Covering index range scan on sbtest8 using k_8 over (5595950 <= k <= 5596050)  (cost=17.7 rows=87)

explain: for range-covered :: explain SELECT k FROM sbtest%d WHERE k BETWEEN 4765656 AND 4765756
explain: for range-covered :: explain SELECT k FROM sbtest%d WHERE k BETWEEN 8324259 AND 8324359
for range-covered
table 1 : explain SELECT k FROM sbtest1 WHERE k BETWEEN 6227750 AND 6227850
	-> Filter: (sbtest1.k between 6227750 and 6227850)  (cost=17.9 rows=88)
    -> Covering index range scan on sbtest1 using k_1 over (6227750 <= k <= 6227850)  (cost=17.9 rows=88)


table 2 : explain SELECT k FROM sbtest2 WHERE k BETWEEN 6227750 AND 6227850
	-> Filter: (sbtest2.k between 6227750 and 6227850)  (cost=23.1 rows=114)
    -> Covering index range scan on sbtest2 using k_2 over (6227750 <= k <= 6227850)  (cost=23.1 rows=114)


table 3 : explain SELECT k FROM sbtest3 WHERE k BETWEEN 6227750 AND 6227850
	-> Filter: (sbtest3.k between 6227750 and 6227850)  (cost=19.3 rows=95)
    -> Covering index range scan on sbtest3 using k_3 over (6227750 <= k <= 6227850)  (cost=19.3 rows=95)


table 4 : explain SELECT k FROM sbtest4 WHERE k BETWEEN 6227750 AND 6227850
	-> Filter: (sbtest4.k between 6227750 and 6227850)  (cost=16.5 rows=81)
    -> Covering index range scan on sbtest4 using k_4 over (6227750 <= k <= 6227850)  (cost=16.5 rows=81)


table 5 : explain SELECT k FROM sbtest5 WHERE k BETWEEN 6227750 AND 6227850
	-> Filter: (sbtest5.k between 6227750 and 6227850)  (cost=20.7 rows=102)
    -> Covering index range scan on sbtest5 using k_5 over (6227750 <= k <= 6227850)  (cost=20.7 rows=102)


table 6 : explain SELECT k FROM sbtest6 WHERE k BETWEEN 6227750 AND 6227850
	-> Filter: (sbtest6.k between 6227750 and 6227850)  (cost=19.9 rows=98)
    -> Covering index range scan on sbtest6 using k_6 over (6227750 <= k <= 6227850)  (cost=19.9 rows=98)


table 7 : explain SELECT k FROM sbtest7 WHERE k BETWEEN 6227750 AND 6227850
	-> Filter: (sbtest7.k between 6227750 and 6227850)  (cost=22.7 rows=112)
    -> Covering index range scan on sbtest7 using k_7 over (6227750 <= k <= 6227850)  (cost=22.7 rows=112)


table 8 : explain SELECT k FROM sbtest8 WHERE k BETWEEN 6227750 AND 6227850
	-> Filter: (sbtest8.k between 6227750 and 6227850)  (cost=21.3 rows=105)
    -> Covering index range scan on sbtest8 using k_8 over (6227750 <= k <= 6227850)  (cost=21.3 rows=105)


for range-covered
table 1 : explain SELECT k FROM sbtest1 WHERE k BETWEEN 4565518 AND 4565618
	-> Filter: (sbtest1.k between 4565518 and 4565618)  (cost=19.7 rows=97)
    -> Covering index range scan on sbtest1 using k_1 over (4565518 <= k <= 4565618)  (cost=19.7 rows=97)


table 2 : explain SELECT k FROM sbtest2 WHERE k BETWEEN 4565518 AND 4565618
	-> Filter: (sbtest2.k between 4565518 and 4565618)  (cost=21.3 rows=105)
    -> Covering index range scan on sbtest2 using k_2 over (4565518 <= k <= 4565618)  (cost=21.3 rows=105)


table 3 : explain SELECT k FROM sbtest3 WHERE k BETWEEN 4565518 AND 4565618
	-> Filter: (sbtest3.k between 4565518 and 4565618)  (cost=22.7 rows=112)
    -> Covering index range scan on sbtest3 using k_3 over (4565518 <= k <= 4565618)  (cost=22.7 rows=112)


table 4 : explain SELECT k FROM sbtest4 WHERE k BETWEEN 4565518 AND 4565618
	-> Filter: (sbtest4.k between 4565518 and 4565618)  (cost=18.9 rows=93)
    -> Covering index range scan on sbtest4 using k_4 over (4565518 <= k <= 4565618)  (cost=18.9 rows=93)


table 5 : explain SELECT k FROM sbtest5 WHERE k BETWEEN 4565518 AND 4565618
	-> Filter: (sbtest5.k between 4565518 and 4565618)  (cost=23.5 rows=116)
    -> Covering index range scan on sbtest5 using k_5 over (4565518 <= k <= 4565618)  (cost=23.5 rows=116)


table 6 : explain SELECT k FROM sbtest6 WHERE k BETWEEN 4565518 AND 4565618
	-> Filter: (sbtest6.k between 4565518 and 4565618)  (cost=18.1 rows=89)
    -> Covering index range scan on sbtest6 using k_6 over (4565518 <= k <= 4565618)  (cost=18.1 rows=89)


table 7 : explain SELECT k FROM sbtest7 WHERE k BETWEEN 4565518 AND 4565618
	-> Filter: (sbtest7.k between 4565518 and 4565618)  (cost=21.9 rows=108)
    -> Covering index range scan on sbtest7 using k_7 over (4565518 <= k <= 4565618)  (cost=21.9 rows=108)


table 8 : explain SELECT k FROM sbtest8 WHERE k BETWEEN 4565518 AND 4565618
	-> Filter: (sbtest8.k between 4565518 and 4565618)  (cost=21.7 rows=107)
    -> Covering index range scan on sbtest8 using k_8 over (4565518 <= k <= 4565618)  (cost=21.7 rows=107)

for range-covered
table 1 : explain SELECT k FROM sbtest1 WHERE k BETWEEN 1823676 AND 1823776
	-> Filter: (sbtest1.k between 1823676 and 1823776)  (cost=23.1 rows=114)
    -> Covering index range scan on sbtest1 using k_1 over (1823676 <= k <= 1823776)  (cost=23.1 rows=114)


table 2 : explain SELECT k FROM sbtest2 WHERE k BETWEEN 1823676 AND 1823776
	-> Filter: (sbtest2.k between 1823676 and 1823776)  (cost=19.5 rows=96)
    -> Covering index range scan on sbtest2 using k_2 over (1823676 <= k <= 1823776)  (cost=19.5 rows=96)


table 3 : explain SELECT k FROM sbtest3 WHERE k BETWEEN 1823676 AND 1823776
	-> Filter: (sbtest3.k between 1823676 and 1823776)  (cost=21.5 rows=106)
    -> Covering index range scan on sbtest3 using k_3 over (1823676 <= k <= 1823776)  (cost=21.5 rows=106)


table 4 : explain SELECT k FROM sbtest4 WHERE k BETWEEN 1823676 AND 1823776
	-> Filter: (sbtest4.k between 1823676 and 1823776)  (cost=23.9 rows=118)
    -> Covering index range scan on sbtest4 using k_4 over (1823676 <= k <= 1823776)  (cost=23.9 rows=118)


table 5 : explain SELECT k FROM sbtest5 WHERE k BETWEEN 1823676 AND 1823776
	-> Filter: (sbtest5.k between 1823676 and 1823776)  (cost=19.7 rows=97)
    -> Covering index range scan on sbtest5 using k_5 over (1823676 <= k <= 1823776)  (cost=19.7 rows=97)


table 6 : explain SELECT k FROM sbtest6 WHERE k BETWEEN 1823676 AND 1823776
	-> Filter: (sbtest6.k between 1823676 and 1823776)  (cost=24.7 rows=122)
    -> Covering index range scan on sbtest6 using k_6 over (1823676 <= k <= 1823776)  (cost=24.7 rows=122)


table 7 : explain SELECT k FROM sbtest7 WHERE k BETWEEN 1823676 AND 1823776
	-> Filter: (sbtest7.k between 1823676 and 1823776)  (cost=18.3 rows=90)
    -> Covering index range scan on sbtest7 using k_7 over (1823676 <= k <= 1823776)  (cost=18.3 rows=90)


table 8 : explain SELECT k FROM sbtest8 WHERE k BETWEEN 1823676 AND 1823776
	-> Filter: (sbtest8.k between 1823676 and 1823776)  (cost=23.3 rows=115)
    -> Covering index range scan on sbtest8 using k_8 over (1823676 <= k <= 1823776)  (cost=23.3 rows=115)


for range-covered
table 1 : explain SELECT k FROM sbtest1 WHERE k BETWEEN 1786794 AND 1786894
	-> Filter: (sbtest1.k between 1786794 and 1786894)  (cost=20.5 rows=101)
    -> Covering index range scan on sbtest1 using k_1 over (1786794 <= k <= 1786894)  (cost=20.5 rows=101)


table 2 : explain SELECT k FROM sbtest2 WHERE k BETWEEN 1786794 AND 1786894
	-> Filter: (sbtest2.k between 1786794 and 1786894)  (cost=24.3 rows=120)
    -> Covering index range scan on sbtest2 using k_2 over (1786794 <= k <= 1786894)  (cost=24.3 rows=120)


table 3 : explain SELECT k FROM sbtest3 WHERE k BETWEEN 1786794 AND 1786894
	-> Filter: (sbtest3.k between 1786794 and 1786894)  (cost=19.5 rows=96)
    -> Covering index range scan on sbtest3 using k_3 over (1786794 <= k <= 1786894)  (cost=19.5 rows=96)


table 4 : explain SELECT k FROM sbtest4 WHERE k BETWEEN 1786794 AND 1786894
	-> Filter: (sbtest4.k between 1786794 and 1786894)  (cost=20.3 rows=100)
    -> Covering index range scan on sbtest4 using k_4 over (1786794 <= k <= 1786894)  (cost=20.3 rows=100)


table 5 : explain SELECT k FROM sbtest5 WHERE k BETWEEN 1786794 AND 1786894
	-> Filter: (sbtest5.k between 1786794 and 1786894)  (cost=20.1 rows=99)
    -> Covering index range scan on sbtest5 using k_5 over (1786794 <= k <= 1786894)  (cost=20.1 rows=99)


table 6 : explain SELECT k FROM sbtest6 WHERE k BETWEEN 1786794 AND 1786894
	-> Filter: (sbtest6.k between 1786794 and 1786894)  (cost=18.1 rows=89)
    -> Covering index range scan on sbtest6 using k_6 over (1786794 <= k <= 1786894)  (cost=18.1 rows=89)


table 7 : explain SELECT k FROM sbtest7 WHERE k BETWEEN 1786794 AND 1786894
	-> Filter: (sbtest7.k between 1786794 and 1786894)  (cost=21.1 rows=104)
    -> Covering index range scan on sbtest7 using k_7 over (1786794 <= k <= 1786894)  (cost=21.1 rows=104)


table 8 : explain SELECT k FROM sbtest8 WHERE k BETWEEN 1786794 AND 1786894
	-> Filter: (sbtest8.k between 1786794 and 1786894)  (cost=20.7 rows=102)
    -> Covering index range scan on sbtest8 using k_8 over (1786794 <= k <= 1786894)  (cost=20.7 rows=102)



for range-covered
table 1 : explain SELECT k FROM sbtest1 WHERE k BETWEEN 6273948 AND 6274048
	-> Filter: (sbtest1.k between 6273948 and 6274048)  (cost=22.9 rows=113)
    -> Covering index range scan on sbtest1 using k_1 over (6273948 <= k <= 6274048)  (cost=22.9 rows=113)


table 2 : explain SELECT k FROM sbtest2 WHERE k BETWEEN 6273948 AND 6274048
	-> Filter: (sbtest2.k between 6273948 and 6274048)  (cost=17.5 rows=86)
    -> Covering index range scan on sbtest2 using k_2 over (6273948 <= k <= 6274048)  (cost=17.5 rows=86)


table 3 : explain SELECT k FROM sbtest3 WHERE k BETWEEN 6273948 AND 6274048
	-> Filter: (sbtest3.k between 6273948 and 6274048)  (cost=18.7 rows=92)
    -> Covering index range scan on sbtest3 using k_3 over (6273948 <= k <= 6274048)  (cost=18.7 rows=92)


table 4 : explain SELECT k FROM sbtest4 WHERE k BETWEEN 6273948 AND 6274048
	-> Filter: (sbtest4.k between 6273948 and 6274048)  (cost=20.7 rows=102)
    -> Covering index range scan on sbtest4 using k_4 over (6273948 <= k <= 6274048)  (cost=20.7 rows=102)


table 5 : explain SELECT k FROM sbtest5 WHERE k BETWEEN 6273948 AND 6274048
	-> Filter: (sbtest5.k between 6273948 and 6274048)  (cost=20.9 rows=103)
    -> Covering index range scan on sbtest5 using k_5 over (6273948 <= k <= 6274048)  (cost=20.9 rows=103)


table 6 : explain SELECT k FROM sbtest6 WHERE k BETWEEN 6273948 AND 6274048
	-> Filter: (sbtest6.k between 6273948 and 6274048)  (cost=19.3 rows=95)
    -> Covering index range scan on sbtest6 using k_6 over (6273948 <= k <= 6274048)  (cost=19.3 rows=95)


table 7 : explain SELECT k FROM sbtest7 WHERE k BETWEEN 6273948 AND 6274048
	-> Filter: (sbtest7.k between 6273948 and 6274048)  (cost=18.9 rows=93)
    -> Covering index range scan on sbtest7 using k_7 over (6273948 <= k <= 6274048)  (cost=18.9 rows=93)


table 8 : explain SELECT k FROM sbtest8 WHERE k BETWEEN 6273948 AND 6274048
	-> Filter: (sbtest8.k between 6273948 and 6274048)  (cost=18.3 rows=90)
    -> Covering index range scan on sbtest8 using k_8 over (6273948 <= k <= 6274048)  (cost=18.3 rows=90)


explain: for range-covered :: explain SELECT k FROM sbtest%d WHERE k BETWEEN 4488193 AND 4488293
for range-covered
table 1 : explain SELECT k FROM sbtest1 WHERE k BETWEEN 7270617 AND 7270717
	-> Filter: (sbtest1.k between 7270617 and 7270717)  (cost=19.5 rows=96)
    -> Covering index range scan on sbtest1 using k_1 over (7270617 <= k <= 7270717)  (cost=19.5 rows=96)


table 2 : explain SELECT k FROM sbtest2 WHERE k BETWEEN 7270617 AND 7270717
	-> Filter: (sbtest2.k between 7270617 and 7270717)  (cost=18.9 rows=93)
    -> Covering index range scan on sbtest2 using k_2 over (7270617 <= k <= 7270717)  (cost=18.9 rows=93)


table 3 : explain SELECT k FROM sbtest3 WHERE k BETWEEN 7270617 AND 7270717
	-> Filter: (sbtest3.k between 7270617 and 7270717)  (cost=17.3 rows=85)
    -> Covering index range scan on sbtest3 using k_3 over (7270617 <= k <= 7270717)  (cost=17.3 rows=85)


table 4 : explain SELECT k FROM sbtest4 WHERE k BETWEEN 7270617 AND 7270717
	-> Filter: (sbtest4.k between 7270617 and 7270717)  (cost=19.5 rows=96)
    -> Covering index range scan on sbtest4 using k_4 over (7270617 <= k <= 7270717)  (cost=19.5 rows=96)


table 5 : explain SELECT k FROM sbtest5 WHERE k BETWEEN 7270617 AND 7270717
	-> Filter: (sbtest5.k between 7270617 and 7270717)  (cost=22.7 rows=112)
    -> Covering index range scan on sbtest5 using k_5 over (7270617 <= k <= 7270717)  (cost=22.7 rows=112)


table 6 : explain SELECT k FROM sbtest6 WHERE k BETWEEN 7270617 AND 7270717
	-> Filter: (sbtest6.k between 7270617 and 7270717)  (cost=17.5 rows=86)
    -> Covering index range scan on sbtest6 using k_6 over (7270617 <= k <= 7270717)  (cost=17.5 rows=86)


table 7 : explain SELECT k FROM sbtest7 WHERE k BETWEEN 7270617 AND 7270717
	-> Filter: (sbtest7.k between 7270617 and 7270717)  (cost=18.3 rows=90)
    -> Covering index range scan on sbtest7 using k_7 over (7270617 <= k <= 7270717)  (cost=18.3 rows=90)


table 8 : explain SELECT k FROM sbtest8 WHERE k BETWEEN 7270617 AND 7270717
	-> Filter: (sbtest8.k between 7270617 and 7270717)  (cost=20.9 rows=103)
    -> Covering index range scan on sbtest8 using k_8 over (7270617 <= k <= 7270717)  (cost=20.9 rows=103)

explain: for range-covered :: explain SELECT k FROM sbtest%d WHERE k BETWEEN 1823676 AND 1823776
explain: for range-covered :: explain SELECT k FROM sbtest%d WHERE k BETWEEN 1786794 AND 1786894
for range-covered
table 1 : explain SELECT k FROM sbtest1 WHERE k BETWEEN 3531035 AND 3531135
	-> Filter: (sbtest1.k between 3531035 and 3531135)  (cost=19.9 rows=98)
    -> Covering index range scan on sbtest1 using k_1 over (3531035 <= k <= 3531135)  (cost=19.9 rows=98)


table 2 : explain SELECT k FROM sbtest2 WHERE k BETWEEN 3531035 AND 3531135
	-> Filter: (sbtest2.k between 3531035 and 3531135)  (cost=18.9 rows=93)
    -> Covering index range scan on sbtest2 using k_2 over (3531035 <= k <= 3531135)  (cost=18.9 rows=93)


table 3 : explain SELECT k FROM sbtest3 WHERE k BETWEEN 3531035 AND 3531135
	-> Filter: (sbtest3.k between 3531035 and 3531135)  (cost=20.7 rows=102)
    -> Covering index range scan on sbtest3 using k_3 over (3531035 <= k <= 3531135)  (cost=20.7 rows=102)


table 4 : explain SELECT k FROM sbtest4 WHERE k BETWEEN 3531035 AND 3531135
	-> Filter: (sbtest4.k between 3531035 and 3531135)  (cost=23.9 rows=118)
    -> Covering index range scan on sbtest4 using k_4 over (3531035 <= k <= 3531135)  (cost=23.9 rows=118)


table 5 : explain SELECT k FROM sbtest5 WHERE k BETWEEN 3531035 AND 3531135
	-> Filter: (sbtest5.k between 3531035 and 3531135)  (cost=20.3 rows=100)
    -> Covering index range scan on sbtest5 using k_5 over (3531035 <= k <= 3531135)  (cost=20.3 rows=100)


table 6 : explain SELECT k FROM sbtest6 WHERE k BETWEEN 3531035 AND 3531135
	-> Filter: (sbtest6.k between 3531035 and 3531135)  (cost=15.1 rows=74)
    -> Covering index range scan on sbtest6 using k_6 over (3531035 <= k <= 3531135)  (cost=15.1 rows=74)


table 7 : explain SELECT k FROM sbtest7 WHERE k BETWEEN 3531035 AND 3531135
	-> Filter: (sbtest7.k between 3531035 and 3531135)  (cost=18.9 rows=93)
    -> Covering index range scan on sbtest7 using k_7 over (3531035 <= k <= 3531135)  (cost=18.9 rows=93)


table 8 : explain SELECT k FROM sbtest8 WHERE k BETWEEN 3531035 AND 3531135
	-> Filter: (sbtest8.k between 3531035 and 3531135)  (cost=16.9 rows=83)
    -> Covering index range scan on sbtest8 using k_8 over (3531035 <= k <= 3531135)  (cost=16.9 rows=83)


explain: for range-covered :: explain SELECT k FROM sbtest%d WHERE k BETWEEN 6936407 AND 6936507
explain: for range-covered :: explain SELECT k FROM sbtest%d WHERE k BETWEEN 4185972 AND 4186072
explain: for range-covered :: explain SELECT k FROM sbtest%d WHERE k BETWEEN 4982434 AND 4982534
explain: for range-covered :: explain SELECT k FROM sbtest%d WHERE k BETWEEN 3531035 AND 3531135
for range-covered
table 1 : explain SELECT k FROM sbtest1 WHERE k BETWEEN 5469010 AND 5469110
	-> Filter: (sbtest1.k between 5469010 and 5469110)  (cost=22.3 rows=110)
    -> Covering index range scan on sbtest1 using k_1 over (5469010 <= k <= 5469110)  (cost=22.3 rows=110)


table 2 : explain SELECT k FROM sbtest2 WHERE k BETWEEN 5469010 AND 5469110
	-> Filter: (sbtest2.k between 5469010 and 5469110)  (cost=20.1 rows=99)
    -> Covering index range scan on sbtest2 using k_2 over (5469010 <= k <= 5469110)  (cost=20.1 rows=99)


table 3 : explain SELECT k FROM sbtest3 WHERE k BETWEEN 5469010 AND 5469110
	-> Filter: (sbtest3.k between 5469010 and 5469110)  (cost=20.5 rows=101)
    -> Covering index range scan on sbtest3 using k_3 over (5469010 <= k <= 5469110)  (cost=20.5 rows=101)


table 4 : explain SELECT k FROM sbtest4 WHERE k BETWEEN 5469010 AND 5469110
	-> Filter: (sbtest4.k between 5469010 and 5469110)  (cost=18.5 rows=91)
    -> Covering index range scan on sbtest4 using k_4 over (5469010 <= k <= 5469110)  (cost=18.5 rows=91)


table 5 : explain SELECT k FROM sbtest5 WHERE k BETWEEN 5469010 AND 5469110
	-> Filter: (sbtest5.k between 5469010 and 5469110)  (cost=20.3 rows=100)
    -> Covering index range scan on sbtest5 using k_5 over (5469010 <= k <= 5469110)  (cost=20.3 rows=100)


table 6 : explain SELECT k FROM sbtest6 WHERE k BETWEEN 5469010 AND 5469110
	-> Filter: (sbtest6.k between 5469010 and 5469110)  (cost=18.3 rows=90)
    -> Covering index range scan on sbtest6 using k_6 over (5469010 <= k <= 5469110)  (cost=18.3 rows=90)


table 7 : explain SELECT k FROM sbtest7 WHERE k BETWEEN 5469010 AND 5469110
	-> Filter: (sbtest7.k between 5469010 and 5469110)  (cost=18.7 rows=92)
    -> Covering index range scan on sbtest7 using k_7 over (5469010 <= k <= 5469110)  (cost=18.7 rows=92)


table 8 : explain SELECT k FROM sbtest8 WHERE k BETWEEN 5469010 AND 5469110
	-> Filter: (sbtest8.k between 5469010 and 5469110)  (cost=23.1 rows=114)
    -> Covering index range scan on sbtest8 using k_8 over (5469010 <= k <= 5469110)  (cost=23.1 rows=114)


for range-covered
table 1 : explain SELECT k FROM sbtest1 WHERE k BETWEEN 4433145 AND 4433245
	-> Filter: (sbtest1.k between 4433145 and 4433245)  (cost=22.1 rows=109)
    -> Covering index range scan on sbtest1 using k_1 over (4433145 <= k <= 4433245)  (cost=22.1 rows=109)


table 2 : explain SELECT k FROM sbtest2 WHERE k BETWEEN 4433145 AND 4433245
	-> Filter: (sbtest2.k between 4433145 and 4433245)  (cost=21.1 rows=104)
    -> Covering index range scan on sbtest2 using k_2 over (4433145 <= k <= 4433245)  (cost=21.1 rows=104)


table 3 : explain SELECT k FROM sbtest3 WHERE k BETWEEN 4433145 AND 4433245
	-> Filter: (sbtest3.k between 4433145 and 4433245)  (cost=19.9 rows=98)
    -> Covering index range scan on sbtest3 using k_3 over (4433145 <= k <= 4433245)  (cost=19.9 rows=98)


table 4 : explain SELECT k FROM sbtest4 WHERE k BETWEEN 4433145 AND 4433245
	-> Filter: (sbtest4.k between 4433145 and 4433245)  (cost=24.9 rows=123)
    -> Covering index range scan on sbtest4 using k_4 over (4433145 <= k <= 4433245)  (cost=24.9 rows=123)


table 5 : explain SELECT k FROM sbtest5 WHERE k BETWEEN 4433145 AND 4433245
	-> Filter: (sbtest5.k between 4433145 and 4433245)  (cost=20.9 rows=103)
    -> Covering index range scan on sbtest5 using k_5 over (4433145 <= k <= 4433245)  (cost=20.9 rows=103)


table 6 : explain SELECT k FROM sbtest6 WHERE k BETWEEN 4433145 AND 4433245
	-> Filter: (sbtest6.k between 4433145 and 4433245)  (cost=20.7 rows=102)
    -> Covering index range scan on sbtest6 using k_6 over (4433145 <= k <= 4433245)  (cost=20.7 rows=102)


table 7 : explain SELECT k FROM sbtest7 WHERE k BETWEEN 4433145 AND 4433245
	-> Filter: (sbtest7.k between 4433145 and 4433245)  (cost=14.9 rows=73)
    -> Covering index range scan on sbtest7 using k_7 over (4433145 <= k <= 4433245)  (cost=14.9 rows=73)


table 8 : explain SELECT k FROM sbtest8 WHERE k BETWEEN 4433145 AND 4433245
	-> Filter: (sbtest8.k between 4433145 and 4433245)  (cost=22.7 rows=112)
    -> Covering index range scan on sbtest8 using k_8 over (4433145 <= k <= 4433245)  (cost=22.7 rows=112)







explain: for range-covered :: explain SELECT k FROM sbtest%d WHERE k BETWEEN 5469010 AND 5469110
for range-covered
table 1 : explain SELECT k FROM sbtest1 WHERE k BETWEEN 6048949 AND 6049049
	-> Filter: (sbtest1.k between 6048949 and 6049049)  (cost=19.1 rows=94)
    -> Covering index range scan on sbtest1 using k_1 over (6048949 <= k <= 6049049)  (cost=19.1 rows=94)


table 2 : explain SELECT k FROM sbtest2 WHERE k BETWEEN 6048949 AND 6049049
	-> Filter: (sbtest2.k between 6048949 and 6049049)  (cost=19.1 rows=94)
    -> Covering index range scan on sbtest2 using k_2 over (6048949 <= k <= 6049049)  (cost=19.1 rows=94)


table 3 : explain SELECT k FROM sbtest3 WHERE k BETWEEN 6048949 AND 6049049
	-> Filter: (sbtest3.k between 6048949 and 6049049)  (cost=19.3 rows=95)
    -> Covering index range scan on sbtest3 using k_3 over (6048949 <= k <= 6049049)  (cost=19.3 rows=95)


table 4 : explain SELECT k FROM sbtest4 WHERE k BETWEEN 6048949 AND 6049049
	-> Filter: (sbtest4.k between 6048949 and 6049049)  (cost=19.7 rows=97)
    -> Covering index range scan on sbtest4 using k_4 over (6048949 <= k <= 6049049)  (cost=19.7 rows=97)


table 5 : explain SELECT k FROM sbtest5 WHERE k BETWEEN 6048949 AND 6049049
	-> Filter: (sbtest5.k between 6048949 and 6049049)  (cost=19.5 rows=96)
    -> Covering index range scan on sbtest5 using k_5 over (6048949 <= k <= 6049049)  (cost=19.5 rows=96)


table 6 : explain SELECT k FROM sbtest6 WHERE k BETWEEN 6048949 AND 6049049
	-> Filter: (sbtest6.k between 6048949 and 6049049)  (cost=20.1 rows=99)
    -> Covering index range scan on sbtest6 using k_6 over (6048949 <= k <= 6049049)  (cost=20.1 rows=99)


table 7 : explain SELECT k FROM sbtest7 WHERE k BETWEEN 6048949 AND 6049049
	-> Filter: (sbtest7.k between 6048949 and 6049049)  (cost=19.7 rows=97)
    -> Covering index range scan on sbtest7 using k_7 over (6048949 <= k <= 6049049)  (cost=19.7 rows=97)


table 8 : explain SELECT k FROM sbtest8 WHERE k BETWEEN 6048949 AND 6049049
	-> Filter: (sbtest8.k between 6048949 and 6049049)  (cost=21.5 rows=106)
    -> Covering index range scan on sbtest8 using k_8 over (6048949 <= k <= 6049049)  (cost=21.5 rows=106)


for range-covered
table 1 : explain SELECT k FROM sbtest1 WHERE k BETWEEN 4835917 AND 4836017
	-> Filter: (sbtest1.k between 4835917 and 4836017)  (cost=23.1 rows=114)
    -> Covering index range scan on sbtest1 using k_1 over (4835917 <= k <= 4836017)  (cost=23.1 rows=114)


table 2 : explain SELECT k FROM sbtest2 WHERE k BETWEEN 4835917 AND 4836017
	-> Filter: (sbtest2.k between 4835917 and 4836017)  (cost=20.3 rows=100)
    -> Covering index range scan on sbtest2 using k_2 over (4835917 <= k <= 4836017)  (cost=20.3 rows=100)


table 3 : explain SELECT k FROM sbtest3 WHERE k BETWEEN 4835917 AND 4836017
	-> Filter: (sbtest3.k between 4835917 and 4836017)  (cost=20.3 rows=100)
    -> Covering index range scan on sbtest3 using k_3 over (4835917 <= k <= 4836017)  (cost=20.3 rows=100)


table 4 : explain SELECT k FROM sbtest4 WHERE k BETWEEN 4835917 AND 4836017
	-> Filter: (sbtest4.k between 4835917 and 4836017)  (cost=20.9 rows=103)
    -> Covering index range scan on sbtest4 using k_4 over (4835917 <= k <= 4836017)  (cost=20.9 rows=103)


table 5 : explain SELECT k FROM sbtest5 WHERE k BETWEEN 4835917 AND 4836017
	-> Filter: (sbtest5.k between 4835917 and 4836017)  (cost=20.7 rows=102)
    -> Covering index range scan on sbtest5 using k_5 over (4835917 <= k <= 4836017)  (cost=20.7 rows=102)


table 6 : explain SELECT k FROM sbtest6 WHERE k BETWEEN 4835917 AND 4836017
	-> Filter: (sbtest6.k between 4835917 and 4836017)  (cost=21.7 rows=107)
    -> Covering index range scan on sbtest6 using k_6 over (4835917 <= k <= 4836017)  (cost=21.7 rows=107)


table 7 : explain SELECT k FROM sbtest7 WHERE k BETWEEN 4835917 AND 4836017
	-> Filter: (sbtest7.k between 4835917 and 4836017)  (cost=21.5 rows=106)
    -> Covering index range scan on sbtest7 using k_7 over (4835917 <= k <= 4836017)  (cost=21.5 rows=106)


table 8 : explain SELECT k FROM sbtest8 WHERE k BETWEEN 4835917 AND 4836017
	-> Filter: (sbtest8.k between 4835917 and 4836017)  (cost=21.9 rows=108)
    -> Covering index range scan on sbtest8 using k_8 over (4835917 <= k <= 4836017)  (cost=21.9 rows=108)

for range-covered
table 1 : explain SELECT k FROM sbtest1 WHERE k BETWEEN 6014213 AND 6014313
	-> Filter: (sbtest1.k between 6014213 and 6014313)  (cost=22.9 rows=113)
    -> Covering index range scan on sbtest1 using k_1 over (6014213 <= k <= 6014313)  (cost=22.9 rows=113)


table 2 : explain SELECT k FROM sbtest2 WHERE k BETWEEN 6014213 AND 6014313
	-> Filter: (sbtest2.k between 6014213 and 6014313)  (cost=22.3 rows=110)
    -> Covering index range scan on sbtest2 using k_2 over (6014213 <= k <= 6014313)  (cost=22.3 rows=110)


table 3 : explain SELECT k FROM sbtest3 WHERE k BETWEEN 6014213 AND 6014313
	-> Filter: (sbtest3.k between 6014213 and 6014313)  (cost=16.5 rows=81)
    -> Covering index range scan on sbtest3 using k_3 over (6014213 <= k <= 6014313)  (cost=16.5 rows=81)


table 4 : explain SELECT k FROM sbtest4 WHERE k BETWEEN 6014213 AND 6014313
	-> Filter: (sbtest4.k between 6014213 and 6014313)  (cost=19.9 rows=98)
    -> Covering index range scan on sbtest4 using k_4 over (6014213 <= k <= 6014313)  (cost=19.9 rows=98)


table 5 : explain SELECT k FROM sbtest5 WHERE k BETWEEN 6014213 AND 6014313
	-> Filter: (sbtest5.k between 6014213 and 6014313)  (cost=21.9 rows=108)
    -> Covering index range scan on sbtest5 using k_5 over (6014213 <= k <= 6014313)  (cost=21.9 rows=108)


table 6 : explain SELECT k FROM sbtest6 WHERE k BETWEEN 6014213 AND 6014313
	-> Filter: (sbtest6.k between 6014213 and 6014313)  (cost=21.3 rows=105)
    -> Covering index range scan on sbtest6 using k_6 over (6014213 <= k <= 6014313)  (cost=21.3 rows=105)


table 7 : explain SELECT k FROM sbtest7 WHERE k BETWEEN 6014213 AND 6014313
	-> Filter: (sbtest7.k between 6014213 and 6014313)  (cost=20.5 rows=101)
    -> Covering index range scan on sbtest7 using k_7 over (6014213 <= k <= 6014313)  (cost=20.5 rows=101)


table 8 : explain SELECT k FROM sbtest8 WHERE k BETWEEN 6014213 AND 6014313
	-> Filter: (sbtest8.k between 6014213 and 6014313)  (cost=20.9 rows=103)
    -> Covering index range scan on sbtest8 using k_8 over (6014213 <= k <= 6014313)  (cost=20.9 rows=103)


explain: for range-covered :: explain SELECT k FROM sbtest%d WHERE k BETWEEN 5595950 AND 5596050
for range-covered
table 1 : explain SELECT k FROM sbtest1 WHERE k BETWEEN 6846578 AND 6846678
	-> Filter: (sbtest1.k between 6846578 and 6846678)  (cost=18.3 rows=90)
    -> Covering index range scan on sbtest1 using k_1 over (6846578 <= k <= 6846678)  (cost=18.3 rows=90)


table 2 : explain SELECT k FROM sbtest2 WHERE k BETWEEN 6846578 AND 6846678
	-> Filter: (sbtest2.k between 6846578 and 6846678)  (cost=19.7 rows=97)
    -> Covering index range scan on sbtest2 using k_2 over (6846578 <= k <= 6846678)  (cost=19.7 rows=97)


table 3 : explain SELECT k FROM sbtest3 WHERE k BETWEEN 6846578 AND 6846678
	-> Filter: (sbtest3.k between 6846578 and 6846678)  (cost=22.5 rows=111)
    -> Covering index range scan on sbtest3 using k_3 over (6846578 <= k <= 6846678)  (cost=22.5 rows=111)


table 4 : explain SELECT k FROM sbtest4 WHERE k BETWEEN 6846578 AND 6846678
	-> Filter: (sbtest4.k between 6846578 and 6846678)  (cost=23.5 rows=116)
    -> Covering index range scan on sbtest4 using k_4 over (6846578 <= k <= 6846678)  (cost=23.5 rows=116)


table 5 : explain SELECT k FROM sbtest5 WHERE k BETWEEN 6846578 AND 6846678
	-> Filter: (sbtest5.k between 6846578 and 6846678)  (cost=19.7 rows=97)
    -> Covering index range scan on sbtest5 using k_5 over (6846578 <= k <= 6846678)  (cost=19.7 rows=97)


table 6 : explain SELECT k FROM sbtest6 WHERE k BETWEEN 6846578 AND 6846678
	-> Filter: (sbtest6.k between 6846578 and 6846678)  (cost=21.9 rows=108)
    -> Covering index range scan on sbtest6 using k_6 over (6846578 <= k <= 6846678)  (cost=21.9 rows=108)


table 7 : explain SELECT k FROM sbtest7 WHERE k BETWEEN 6846578 AND 6846678
	-> Filter: (sbtest7.k between 6846578 and 6846678)  (cost=19.3 rows=95)
    -> Covering index range scan on sbtest7 using k_7 over (6846578 <= k <= 6846678)  (cost=19.3 rows=95)


table 8 : explain SELECT k FROM sbtest8 WHERE k BETWEEN 6846578 AND 6846678
	-> Filter: (sbtest8.k between 6846578 and 6846678)  (cost=22.9 rows=113)
    -> Covering index range scan on sbtest8 using k_8 over (6846578 <= k <= 6846678)  (cost=22.9 rows=113)


for range-covered
table 1 : explain SELECT k FROM sbtest1 WHERE k BETWEEN 4097165 AND 4097265
	-> Filter: (sbtest1.k between 4097165 and 4097265)  (cost=20.7 rows=102)
    -> Covering index range scan on sbtest1 using k_1 over (4097165 <= k <= 4097265)  (cost=20.7 rows=102)


table 2 : explain SELECT k FROM sbtest2 WHERE k BETWEEN 4097165 AND 4097265
	-> Filter: (sbtest2.k between 4097165 and 4097265)  (cost=22.1 rows=109)
    -> Covering index range scan on sbtest2 using k_2 over (4097165 <= k <= 4097265)  (cost=22.1 rows=109)


table 3 : explain SELECT k FROM sbtest3 WHERE k BETWEEN 4097165 AND 4097265
	-> Filter: (sbtest3.k between 4097165 and 4097265)  (cost=20.9 rows=103)
    -> Covering index range scan on sbtest3 using k_3 over (4097165 <= k <= 4097265)  (cost=20.9 rows=103)


table 4 : explain SELECT k FROM sbtest4 WHERE k BETWEEN 4097165 AND 4097265
	-> Filter: (sbtest4.k between 4097165 and 4097265)  (cost=18.7 rows=92)
    -> Covering index range scan on sbtest4 using k_4 over (4097165 <= k <= 4097265)  (cost=18.7 rows=92)


table 5 : explain SELECT k FROM sbtest5 WHERE k BETWEEN 4097165 AND 4097265
	-> Filter: (sbtest5.k between 4097165 and 4097265)  (cost=21.1 rows=104)
    -> Covering index range scan on sbtest5 using k_5 over (4097165 <= k <= 4097265)  (cost=21.1 rows=104)


table 6 : explain SELECT k FROM sbtest6 WHERE k BETWEEN 4097165 AND 4097265
	-> Filter: (sbtest6.k between 4097165 and 4097265)  (cost=21.1 rows=104)
    -> Covering index range scan on sbtest6 using k_6 over (4097165 <= k <= 4097265)  (cost=21.1 rows=104)


table 7 : explain SELECT k FROM sbtest7 WHERE k BETWEEN 4097165 AND 4097265
	-> Filter: (sbtest7.k between 4097165 and 4097265)  (cost=22.7 rows=112)
    -> Covering index range scan on sbtest7 using k_7 over (4097165 <= k <= 4097265)  (cost=22.7 rows=112)


table 8 : explain SELECT k FROM sbtest8 WHERE k BETWEEN 4097165 AND 4097265
	-> Filter: (sbtest8.k between 4097165 and 4097265)  (cost=23.5 rows=116)
    -> Covering index range scan on sbtest8 using k_8 over (4097165 <= k <= 4097265)  (cost=23.5 rows=116)


for range-covered
table 1 : explain SELECT k FROM sbtest1 WHERE k BETWEEN 5909262 AND 5909362
	-> Filter: (sbtest1.k between 5909262 and 5909362)  (cost=25.9 rows=128)
    -> Covering index range scan on sbtest1 using k_1 over (5909262 <= k <= 5909362)  (cost=25.9 rows=128)


table 2 : explain SELECT k FROM sbtest2 WHERE k BETWEEN 5909262 AND 5909362
	-> Filter: (sbtest2.k between 5909262 and 5909362)  (cost=16.5 rows=81)
    -> Covering index range scan on sbtest2 using k_2 over (5909262 <= k <= 5909362)  (cost=16.5 rows=81)


table 3 : explain SELECT k FROM sbtest3 WHERE k BETWEEN 5909262 AND 5909362
	-> Filter: (sbtest3.k between 5909262 and 5909362)  (cost=18.1 rows=89)
    -> Covering index range scan on sbtest3 using k_3 over (5909262 <= k <= 5909362)  (cost=18.1 rows=89)


table 4 : explain SELECT k FROM sbtest4 WHERE k BETWEEN 5909262 AND 5909362
	-> Filter: (sbtest4.k between 5909262 and 5909362)  (cost=22.1 rows=109)
    -> Covering index range scan on sbtest4 using k_4 over (5909262 <= k <= 5909362)  (cost=22.1 rows=109)


table 5 : explain SELECT k FROM sbtest5 WHERE k BETWEEN 5909262 AND 5909362
	-> Filter: (sbtest5.k between 5909262 and 5909362)  (cost=20.3 rows=100)
    -> Covering index range scan on sbtest5 using k_5 over (5909262 <= k <= 5909362)  (cost=20.3 rows=100)


table 6 : explain SELECT k FROM sbtest6 WHERE k BETWEEN 5909262 AND 5909362
	-> Filter: (sbtest6.k between 5909262 and 5909362)  (cost=22.3 rows=110)
    -> Covering index range scan on sbtest6 using k_6 over (5909262 <= k <= 5909362)  (cost=22.3 rows=110)


table 7 : explain SELECT k FROM sbtest7 WHERE k BETWEEN 5909262 AND 5909362
	-> Filter: (sbtest7.k between 5909262 and 5909362)  (cost=21.9 rows=108)
    -> Covering index range scan on sbtest7 using k_7 over (5909262 <= k <= 5909362)  (cost=21.9 rows=108)


table 8 : explain SELECT k FROM sbtest8 WHERE k BETWEEN 5909262 AND 5909362
	-> Filter: (sbtest8.k between 5909262 and 5909362)  (cost=21.3 rows=105)
    -> Covering index range scan on sbtest8 using k_8 over (5909262 <= k <= 5909362)  (cost=21.3 rows=105)


for range-covered
table 1 : explain SELECT k FROM sbtest1 WHERE k BETWEEN 2903813 AND 2903913
	-> Filter: (sbtest1.k between 2903813 and 2903913)  (cost=20.9 rows=103)
    -> Covering index range scan on sbtest1 using k_1 over (2903813 <= k <= 2903913)  (cost=20.9 rows=103)


table 2 : explain SELECT k FROM sbtest2 WHERE k BETWEEN 2903813 AND 2903913
	-> Filter: (sbtest2.k between 2903813 and 2903913)  (cost=21.9 rows=108)
    -> Covering index range scan on sbtest2 using k_2 over (2903813 <= k <= 2903913)  (cost=21.9 rows=108)


table 3 : explain SELECT k FROM sbtest3 WHERE k BETWEEN 2903813 AND 2903913
	-> Filter: (sbtest3.k between 2903813 and 2903913)  (cost=17.1 rows=84)
    -> Covering index range scan on sbtest3 using k_3 over (2903813 <= k <= 2903913)  (cost=17.1 rows=84)


table 4 : explain SELECT k FROM sbtest4 WHERE k BETWEEN 2903813 AND 2903913
	-> Filter: (sbtest4.k between 2903813 and 2903913)  (cost=19.7 rows=97)
    -> Covering index range scan on sbtest4 using k_4 over (2903813 <= k <= 2903913)  (cost=19.7 rows=97)


table 5 : explain SELECT k FROM sbtest5 WHERE k BETWEEN 2903813 AND 2903913
	-> Filter: (sbtest5.k between 2903813 and 2903913)  (cost=18.7 rows=92)
    -> Covering index range scan on sbtest5 using k_5 over (2903813 <= k <= 2903913)  (cost=18.7 rows=92)


table 6 : explain SELECT k FROM sbtest6 WHERE k BETWEEN 2903813 AND 2903913
	-> Filter: (sbtest6.k between 2903813 and 2903913)  (cost=20.3 rows=100)
    -> Covering index range scan on sbtest6 using k_6 over (2903813 <= k <= 2903913)  (cost=20.3 rows=100)


table 7 : explain SELECT k FROM sbtest7 WHERE k BETWEEN 2903813 AND 2903913
	-> Filter: (sbtest7.k between 2903813 and 2903913)  (cost=18.5 rows=91)
    -> Covering index range scan on sbtest7 using k_7 over (2903813 <= k <= 2903913)  (cost=18.5 rows=91)


table 8 : explain SELECT k FROM sbtest8 WHERE k BETWEEN 2903813 AND 2903913
	-> Filter: (sbtest8.k between 2903813 and 2903913)  (cost=19.9 rows=98)
    -> Covering index range scan on sbtest8 using k_8 over (2903813 <= k <= 2903913)  (cost=19.9 rows=98)


for range-covered
table 1 : explain SELECT k FROM sbtest1 WHERE k BETWEEN 4259778 AND 4259878
	-> Filter: (sbtest1.k between 4259778 and 4259878)  (cost=18.3 rows=90)
    -> Covering index range scan on sbtest1 using k_1 over (4259778 <= k <= 4259878)  (cost=18.3 rows=90)


table 2 : explain SELECT k FROM sbtest2 WHERE k BETWEEN 4259778 AND 4259878
	-> Filter: (sbtest2.k between 4259778 and 4259878)  (cost=21.9 rows=108)
    -> Covering index range scan on sbtest2 using k_2 over (4259778 <= k <= 4259878)  (cost=21.9 rows=108)


table 3 : explain SELECT k FROM sbtest3 WHERE k BETWEEN 4259778 AND 4259878
	-> Filter: (sbtest3.k between 4259778 and 4259878)  (cost=17.7 rows=87)
    -> Covering index range scan on sbtest3 using k_3 over (4259778 <= k <= 4259878)  (cost=17.7 rows=87)


table 4 : explain SELECT k FROM sbtest4 WHERE k BETWEEN 4259778 AND 4259878
	-> Filter: (sbtest4.k between 4259778 and 4259878)  (cost=23.3 rows=115)
    -> Covering index range scan on sbtest4 using k_4 over (4259778 <= k <= 4259878)  (cost=23.3 rows=115)


table 5 : explain SELECT k FROM sbtest5 WHERE k BETWEEN 4259778 AND 4259878
	-> Filter: (sbtest5.k between 4259778 and 4259878)  (cost=18.1 rows=89)
    -> Covering index range scan on sbtest5 using k_5 over (4259778 <= k <= 4259878)  (cost=18.1 rows=89)


table 6 : explain SELECT k FROM sbtest6 WHERE k BETWEEN 4259778 AND 4259878
	-> Filter: (sbtest6.k between 4259778 and 4259878)  (cost=20.7 rows=102)
    -> Covering index range scan on sbtest6 using k_6 over (4259778 <= k <= 4259878)  (cost=20.7 rows=102)


table 7 : explain SELECT k FROM sbtest7 WHERE k BETWEEN 4259778 AND 4259878
	-> Filter: (sbtest7.k between 4259778 and 4259878)  (cost=19.5 rows=96)
    -> Covering index range scan on sbtest7 using k_7 over (4259778 <= k <= 4259878)  (cost=19.5 rows=96)


table 8 : explain SELECT k FROM sbtest8 WHERE k BETWEEN 4259778 AND 4259878
	-> Filter: (sbtest8.k between 4259778 and 4259878)  (cost=20.3 rows=100)
    -> Covering index range scan on sbtest8 using k_8 over (4259778 <= k <= 4259878)  (cost=20.3 rows=100)


explain: for range-covered :: explain SELECT k FROM sbtest%d WHERE k BETWEEN 6227750 AND 6227850for range-covered
table 1 : explain SELECT k FROM sbtest1 WHERE k BETWEEN 5072241 AND 5072341
	-> Filter: (sbtest1.k between 5072241 and 5072341)  (cost=26.9 rows=133)
    -> Covering index range scan on sbtest1 using k_1 over (5072241 <= k <= 5072341)  (cost=26.9 rows=133)


table 2 : explain SELECT k FROM sbtest2 WHERE k BETWEEN 5072241 AND 5072341
	-> Filter: (sbtest2.k between 5072241 and 5072341)  (cost=20.5 rows=101)
    -> Covering index range scan on sbtest2 using k_2 over (5072241 <= k <= 5072341)  (cost=20.5 rows=101)


table 3 : explain SELECT k FROM sbtest3 WHERE k BETWEEN 5072241 AND 5072341
	-> Filter: (sbtest3.k between 5072241 and 5072341)  (cost=17.1 rows=84)
    -> Covering index range scan on sbtest3 using k_3 over (5072241 <= k <= 5072341)  (cost=17.1 rows=84)


table 4 : explain SELECT k FROM sbtest4 WHERE k BETWEEN 5072241 AND 5072341
	-> Filter: (sbtest4.k between 5072241 and 5072341)  (cost=19.5 rows=96)
    -> Covering index range scan on sbtest4 using k_4 over (5072241 <= k <= 5072341)  (cost=19.5 rows=96)


table 5 : explain SELECT k FROM sbtest5 WHERE k BETWEEN 5072241 AND 5072341
	-> Filter: (sbtest5.k between 5072241 and 5072341)  (cost=20.9 rows=103)
    -> Covering index range scan on sbtest5 using k_5 over (5072241 <= k <= 5072341)  (cost=20.9 rows=103)


table 6 : explain SELECT k FROM sbtest6 WHERE k BETWEEN 5072241 AND 5072341
	-> Filter: (sbtest6.k between 5072241 and 5072341)  (cost=18.5 rows=91)
    -> Covering index range scan on sbtest6 using k_6 over (5072241 <= k <= 5072341)  (cost=18.5 rows=91)


table 7 : explain SELECT k FROM sbtest7 WHERE k BETWEEN 5072241 AND 5072341
	-> Filter: (sbtest7.k between 5072241 and 5072341)  (cost=19.3 rows=95)
    -> Covering index range scan on sbtest7 using k_7 over (5072241 <= k <= 5072341)  (cost=19.3 rows=95)


table 8 : explain SELECT k FROM sbtest8 WHERE k BETWEEN 5072241 AND 5072341
	-> Filter: (sbtest8.k between 5072241 and 5072341)  (cost=20.3 rows=100)
    -> Covering index range scan on sbtest8 using k_8 over (5072241 <= k <= 5072341)  (cost=20.3 rows=100)

explain: for range-covered :: explain SELECT k FROM sbtest%d WHERE k BETWEEN 4097165 AND 4097265

for range-covered
table 1 : explain SELECT k FROM sbtest1 WHERE k BETWEEN 2207025 AND 2207125
	-> Filter: (sbtest1.k between 2207025 and 2207125)  (cost=21.7 rows=107)
    -> Covering index range scan on sbtest1 using k_1 over (2207025 <= k <= 2207125)  (cost=21.7 rows=107)


table 2 : explain SELECT k FROM sbtest2 WHERE k BETWEEN 2207025 AND 2207125
	-> Filter: (sbtest2.k between 2207025 and 2207125)  (cost=21.9 rows=108)
    -> Covering index range scan on sbtest2 using k_2 over (2207025 <= k <= 2207125)  (cost=21.9 rows=108)


table 3 : explain SELECT k FROM sbtest3 WHERE k BETWEEN 2207025 AND 2207125
	-> Filter: (sbtest3.k between 2207025 and 2207125)  (cost=24.1 rows=119)
    -> Covering index range scan on sbtest3 using k_3 over (2207025 <= k <= 2207125)  (cost=24.1 rows=119)


table 4 : explain SELECT k FROM sbtest4 WHERE k BETWEEN 2207025 AND 2207125
	-> Filter: (sbtest4.k between 2207025 and 2207125)  (cost=22.9 rows=113)
    -> Covering index range scan on sbtest4 using k_4 over (2207025 <= k <= 2207125)  (cost=22.9 rows=113)


table 5 : explain SELECT k FROM sbtest5 WHERE k BETWEEN 2207025 AND 2207125
	-> Filter: (sbtest5.k between 2207025 and 2207125)  (cost=21.3 rows=105)
    -> Covering index range scan on sbtest5 using k_5 over (2207025 <= k <= 2207125)  (cost=21.3 rows=105)


table 6 : explain SELECT k FROM sbtest6 WHERE k BETWEEN 2207025 AND 2207125
	-> Filter: (sbtest6.k between 2207025 and 2207125)  (cost=18.7 rows=92)
    -> Covering index range scan on sbtest6 using k_6 over (2207025 <= k <= 2207125)  (cost=18.7 rows=92)


table 7 : explain SELECT k FROM sbtest7 WHERE k BETWEEN 2207025 AND 2207125
	-> Filter: (sbtest7.k between 2207025 and 2207125)  (cost=23.3 rows=115)
    -> Covering index range scan on sbtest7 using k_7 over (2207025 <= k <= 2207125)  (cost=23.3 rows=115)


table 8 : explain SELECT k FROM sbtest8 WHERE k BETWEEN 2207025 AND 2207125
	-> Filter: (sbtest8.k between 2207025 and 2207125)  (cost=22.7 rows=112)
    -> Covering index range scan on sbtest8 using k_8 over (2207025 <= k <= 2207125)  (cost=22.7 rows=112)


explain: for range-covered :: explain SELECT k FROM sbtest%d WHERE k BETWEEN 6273948 AND 6274048
explain: for range-covered :: explain SELECT k FROM sbtest%d WHERE k BETWEEN 6048949 AND 6049049
for range-covered
table 1 : explain SELECT k FROM sbtest1 WHERE k BETWEEN 4028958 AND 4029058
	-> Filter: (sbtest1.k between 4028958 and 4029058)  (cost=20.7 rows=102)
    -> Covering index range scan on sbtest1 using k_1 over (4028958 <= k <= 4029058)  (cost=20.7 rows=102)


table 2 : explain SELECT k FROM sbtest2 WHERE k BETWEEN 4028958 AND 4029058
	-> Filter: (sbtest2.k between 4028958 and 4029058)  (cost=17.7 rows=87)
    -> Covering index range scan on sbtest2 using k_2 over (4028958 <= k <= 4029058)  (cost=17.7 rows=87)


table 3 : explain SELECT k FROM sbtest3 WHERE k BETWEEN 4028958 AND 4029058
	-> Filter: (sbtest3.k between 4028958 and 4029058)  (cost=22.9 rows=113)
    -> Covering index range scan on sbtest3 using k_3 over (4028958 <= k <= 4029058)  (cost=22.9 rows=113)


table 4 : explain SELECT k FROM sbtest4 WHERE k BETWEEN 4028958 AND 4029058
	-> Filter: (sbtest4.k between 4028958 and 4029058)  (cost=18.1 rows=89)
    -> Covering index range scan on sbtest4 using k_4 over (4028958 <= k <= 4029058)  (cost=18.1 rows=89)


table 5 : explain SELECT k FROM sbtest5 WHERE k BETWEEN 4028958 AND 4029058
	-> Filter: (sbtest5.k between 4028958 and 4029058)  (cost=22.1 rows=109)
    -> Covering index range scan on sbtest5 using k_5 over (4028958 <= k <= 4029058)  (cost=22.1 rows=109)


table 6 : explain SELECT k FROM sbtest6 WHERE k BETWEEN 4028958 AND 4029058
	-> Filter: (sbtest6.k between 4028958 and 4029058)  (cost=19.3 rows=95)
    -> Covering index range scan on sbtest6 using k_6 over (4028958 <= k <= 4029058)  (cost=19.3 rows=95)


table 7 : explain SELECT k FROM sbtest7 WHERE k BETWEEN 4028958 AND 4029058
	-> Filter: (sbtest7.k between 4028958 and 4029058)  (cost=17.5 rows=86)
    -> Covering index range scan on sbtest7 using k_7 over (4028958 <= k <= 4029058)  (cost=17.5 rows=86)


table 8 : explain SELECT k FROM sbtest8 WHERE k BETWEEN 4028958 AND 4029058
	-> Filter: (sbtest8.k between 4028958 and 4029058)  (cost=21.9 rows=108)
    -> Covering index range scan on sbtest8 using k_8 over (4028958 <= k <= 4029058)  (cost=21.9 rows=108)


explain: for range-covered :: explain SELECT k FROM sbtest%d WHERE k BETWEEN 4835917 AND 4836017
explain: for range-covered :: explain SELECT k FROM sbtest%d WHERE k BETWEEN 4433145 AND 4433245
explain: for range-covered :: explain SELECT k FROM sbtest%d WHERE k BETWEEN 2207025 AND 2207125
explain: for range-covered :: explain SELECT k FROM sbtest%d WHERE k BETWEEN 6846578 AND 6846678

explain: for range-covered :: explain SELECT k FROM sbtest%d WHERE k BETWEEN 7270617 AND 7270717

explain: for range-covered :: explain SELECT k FROM sbtest%d WHERE k BETWEEN 4028958 AND 4029058
for range-covered
table 1 : explain SELECT k FROM sbtest1 WHERE k BETWEEN 7153292 AND 7153392
	-> Filter: (sbtest1.k between 7153292 and 7153392)  (cost=21.5 rows=106)
    -> Covering index range scan on sbtest1 using k_1 over (7153292 <= k <= 7153392)  (cost=21.5 rows=106)


table 2 : explain SELECT k FROM sbtest2 WHERE k BETWEEN 7153292 AND 7153392
	-> Filter: (sbtest2.k between 7153292 and 7153392)  (cost=22.3 rows=110)
    -> Covering index range scan on sbtest2 using k_2 over (7153292 <= k <= 7153392)  (cost=22.3 rows=110)


table 3 : explain SELECT k FROM sbtest3 WHERE k BETWEEN 7153292 AND 7153392
	-> Filter: (sbtest3.k between 7153292 and 7153392)  (cost=22.9 rows=113)
    -> Covering index range scan on sbtest3 using k_3 over (7153292 <= k <= 7153392)  (cost=22.9 rows=113)


table 4 : explain SELECT k FROM sbtest4 WHERE k BETWEEN 7153292 AND 7153392
	-> Filter: (sbtest4.k between 7153292 and 7153392)  (cost=19.7 rows=97)
    -> Covering index range scan on sbtest4 using k_4 over (7153292 <= k <= 7153392)  (cost=19.7 rows=97)


table 5 : explain SELECT k FROM sbtest5 WHERE k BETWEEN 7153292 AND 7153392
	-> Filter: (sbtest5.k between 7153292 and 7153392)  (cost=21.3 rows=105)
    -> Covering index range scan on sbtest5 using k_5 over (7153292 <= k <= 7153392)  (cost=21.3 rows=105)


table 6 : explain SELECT k FROM sbtest6 WHERE k BETWEEN 7153292 AND 7153392
	-> Filter: (sbtest6.k between 7153292 and 7153392)  (cost=18.7 rows=92)
    -> Covering index range scan on sbtest6 using k_6 over (7153292 <= k <= 7153392)  (cost=18.7 rows=92)


table 7 : explain SELECT k FROM sbtest7 WHERE k BETWEEN 7153292 AND 7153392
	-> Filter: (sbtest7.k between 7153292 and 7153392)  (cost=18.3 rows=90)
    -> Covering index range scan on sbtest7 using k_7 over (7153292 <= k <= 7153392)  (cost=18.3 rows=90)


table 8 : explain SELECT k FROM sbtest8 WHERE k BETWEEN 7153292 AND 7153392
	-> Filter: (sbtest8.k between 7153292 and 7153392)  (cost=22.3 rows=110)
    -> Covering index range scan on sbtest8 using k_8 over (7153292 <= k <= 7153392)  (cost=22.3 rows=110)

for range-covered
table 1 : explain SELECT k FROM sbtest1 WHERE k BETWEEN 8511897 AND 8511997
	-> Filter: (sbtest1.k between 8511897 and 8511997)  (cost=19.1 rows=94)
    -> Covering index range scan on sbtest1 using k_1 over (8511897 <= k <= 8511997)  (cost=19.1 rows=94)


table 2 : explain SELECT k FROM sbtest2 WHERE k BETWEEN 8511897 AND 8511997
	-> Filter: (sbtest2.k between 8511897 and 8511997)  (cost=19.1 rows=94)
    -> Covering index range scan on sbtest2 using k_2 over (8511897 <= k <= 8511997)  (cost=19.1 rows=94)


table 3 : explain SELECT k FROM sbtest3 WHERE k BETWEEN 8511897 AND 8511997
	-> Filter: (sbtest3.k between 8511897 and 8511997)  (cost=21.7 rows=107)
    -> Covering index range scan on sbtest3 using k_3 over (8511897 <= k <= 8511997)  (cost=21.7 rows=107)


table 4 : explain SELECT k FROM sbtest4 WHERE k BETWEEN 8511897 AND 8511997
	-> Filter: (sbtest4.k between 8511897 and 8511997)  (cost=20.1 rows=99)
    -> Covering index range scan on sbtest4 using k_4 over (8511897 <= k <= 8511997)  (cost=20.1 rows=99)


table 5 : explain SELECT k FROM sbtest5 WHERE k BETWEEN 8511897 AND 8511997
	-> Filter: (sbtest5.k between 8511897 and 8511997)  (cost=20.7 rows=102)
    -> Covering index range scan on sbtest5 using k_5 over (8511897 <= k <= 8511997)  (cost=20.7 rows=102)


table 6 : explain SELECT k FROM sbtest6 WHERE k BETWEEN 8511897 AND 8511997
	-> Filter: (sbtest6.k between 8511897 and 8511997)  (cost=20.9 rows=103)
    -> Covering index range scan on sbtest6 using k_6 over (8511897 <= k <= 8511997)  (cost=20.9 rows=103)


table 7 : explain SELECT k FROM sbtest7 WHERE k BETWEEN 8511897 AND 8511997
	-> Filter: (sbtest7.k between 8511897 and 8511997)  (cost=23.3 rows=115)
    -> Covering index range scan on sbtest7 using k_7 over (8511897 <= k <= 8511997)  (cost=23.3 rows=115)


table 8 : explain SELECT k FROM sbtest8 WHERE k BETWEEN 8511897 AND 8511997
	-> Filter: (sbtest8.k between 8511897 and 8511997)  (cost=18.7 rows=92)
    -> Covering index range scan on sbtest8 using k_8 over (8511897 <= k <= 8511997)  (cost=18.7 rows=92)


explain: for range-covered :: explain SELECT k FROM sbtest%d WHERE k BETWEEN 2903813 AND 2903913
explain: for range-covered :: explain SELECT k FROM sbtest%d WHERE k BETWEEN 5072241 AND 5072341
explain: for range-covered :: explain SELECT k FROM sbtest%d WHERE k BETWEEN 5909262 AND 5909362
for range-covered
table 1 : explain SELECT k FROM sbtest1 WHERE k BETWEEN 3707286 AND 3707386
	-> Filter: (sbtest1.k between 3707286 and 3707386)  (cost=22.7 rows=112)
    -> Covering index range scan on sbtest1 using k_1 over (3707286 <= k <= 3707386)  (cost=22.7 rows=112)


table 2 : explain SELECT k FROM sbtest2 WHERE k BETWEEN 3707286 AND 3707386
	-> Filter: (sbtest2.k between 3707286 and 3707386)  (cost=18.9 rows=93)
    -> Covering index range scan on sbtest2 using k_2 over (3707286 <= k <= 3707386)  (cost=18.9 rows=93)


table 3 : explain SELECT k FROM sbtest3 WHERE k BETWEEN 3707286 AND 3707386
	-> Filter: (sbtest3.k between 3707286 and 3707386)  (cost=23.7 rows=117)
    -> Covering index range scan on sbtest3 using k_3 over (3707286 <= k <= 3707386)  (cost=23.7 rows=117)


table 4 : explain SELECT k FROM sbtest4 WHERE k BETWEEN 3707286 AND 3707386
	-> Filter: (sbtest4.k between 3707286 and 3707386)  (cost=17.5 rows=86)
    -> Covering index range scan on sbtest4 using k_4 over (3707286 <= k <= 3707386)  (cost=17.5 rows=86)


table 5 : explain SELECT k FROM sbtest5 WHERE k BETWEEN 3707286 AND 3707386
	-> Filter: (sbtest5.k between 3707286 and 3707386)  (cost=19.9 rows=98)
    -> Covering index range scan on sbtest5 using k_5 over (3707286 <= k <= 3707386)  (cost=19.9 rows=98)


table 6 : explain SELECT k FROM sbtest6 WHERE k BETWEEN 3707286 AND 3707386
	-> Filter: (sbtest6.k between 3707286 and 3707386)  (cost=16.9 rows=83)
    -> Covering index range scan on sbtest6 using k_6 over (3707286 <= k <= 3707386)  (cost=16.9 rows=83)


table 7 : explain SELECT k FROM sbtest7 WHERE k BETWEEN 3707286 AND 3707386
	-> Filter: (sbtest7.k between 3707286 and 3707386)  (cost=21.5 rows=106)
    -> Covering index range scan on sbtest7 using k_7 over (3707286 <= k <= 3707386)  (cost=21.5 rows=106)


table 8 : explain SELECT k FROM sbtest8 WHERE k BETWEEN 3707286 AND 3707386
	-> Filter: (sbtest8.k between 3707286 and 3707386)  (cost=23.1 rows=114)
    -> Covering index range scan on sbtest8 using k_8 over (3707286 <= k <= 3707386)  (cost=23.1 rows=114)


for range-covered
table 1 : explain SELECT k FROM sbtest1 WHERE k BETWEEN 6360664 AND 6360764
	-> Filter: (sbtest1.k between 6360664 and 6360764)  (cost=21.5 rows=106)
    -> Covering index range scan on sbtest1 using k_1 over (6360664 <= k <= 6360764)  (cost=21.5 rows=106)


table 2 : explain SELECT k FROM sbtest2 WHERE k BETWEEN 6360664 AND 6360764
	-> Filter: (sbtest2.k between 6360664 and 6360764)  (cost=18.9 rows=93)
    -> Covering index range scan on sbtest2 using k_2 over (6360664 <= k <= 6360764)  (cost=18.9 rows=93)


table 3 : explain SELECT k FROM sbtest3 WHERE k BETWEEN 6360664 AND 6360764
	-> Filter: (sbtest3.k between 6360664 and 6360764)  (cost=18.7 rows=92)
    -> Covering index range scan on sbtest3 using k_3 over (6360664 <= k <= 6360764)  (cost=18.7 rows=92)


table 4 : explain SELECT k FROM sbtest4 WHERE k BETWEEN 6360664 AND 6360764
	-> Filter: (sbtest4.k between 6360664 and 6360764)  (cost=18.9 rows=93)
    -> Covering index range scan on sbtest4 using k_4 over (6360664 <= k <= 6360764)  (cost=18.9 rows=93)


table 5 : explain SELECT k FROM sbtest5 WHERE k BETWEEN 6360664 AND 6360764
	-> Filter: (sbtest5.k between 6360664 and 6360764)  (cost=20.7 rows=102)
    -> Covering index range scan on sbtest5 using k_5 over (6360664 <= k <= 6360764)  (cost=20.7 rows=102)


table 6 : explain SELECT k FROM sbtest6 WHERE k BETWEEN 6360664 AND 6360764
	-> Filter: (sbtest6.k between 6360664 and 6360764)  (cost=21.1 rows=104)
    -> Covering index range scan on sbtest6 using k_6 over (6360664 <= k <= 6360764)  (cost=21.1 rows=104)


table 7 : explain SELECT k FROM sbtest7 WHERE k BETWEEN 6360664 AND 6360764
	-> Filter: (sbtest7.k between 6360664 and 6360764)  (cost=21.3 rows=105)
    -> Covering index range scan on sbtest7 using k_7 over (6360664 <= k <= 6360764)  (cost=21.3 rows=105)


table 8 : explain SELECT k FROM sbtest8 WHERE k BETWEEN 6360664 AND 6360764
	-> Filter: (sbtest8.k between 6360664 and 6360764)  (cost=21.1 rows=104)
    -> Covering index range scan on sbtest8 using k_8 over (6360664 <= k <= 6360764)  (cost=21.1 rows=104)


explain: for range-covered :: explain SELECT k FROM sbtest%d WHERE k BETWEEN 6014213 AND 6014313for range-covered
table 1 : explain SELECT k FROM sbtest1 WHERE k BETWEEN 5007601 AND 5007701
	-> Filter: (sbtest1.k between 5007601 and 5007701)  (cost=19.5 rows=96)
    -> Covering index range scan on sbtest1 using k_1 over (5007601 <= k <= 5007701)  (cost=19.5 rows=96)


table 2 : explain SELECT k FROM sbtest2 WHERE k BETWEEN 5007601 AND 5007701
	-> Filter: (sbtest2.k between 5007601 and 5007701)  (cost=23.5 rows=116)
    -> Covering index range scan on sbtest2 using k_2 over (5007601 <= k <= 5007701)  (cost=23.5 rows=116)


table 3 : explain SELECT k FROM sbtest3 WHERE k BETWEEN 5007601 AND 5007701
	-> Filter: (sbtest3.k between 5007601 and 5007701)  (cost=19.9 rows=98)
    -> Covering index range scan on sbtest3 using k_3 over (5007601 <= k <= 5007701)  (cost=19.9 rows=98)


table 4 : explain SELECT k FROM sbtest4 WHERE k BETWEEN 5007601 AND 5007701
	-> Filter: (sbtest4.k between 5007601 and 5007701)  (cost=22.5 rows=111)
    -> Covering index range scan on sbtest4 using k_4 over (5007601 <= k <= 5007701)  (cost=22.5 rows=111)


table 5 : explain SELECT k FROM sbtest5 WHERE k BETWEEN 5007601 AND 5007701
	-> Filter: (sbtest5.k between 5007601 and 5007701)  (cost=22.5 rows=111)
    -> Covering index range scan on sbtest5 using k_5 over (5007601 <= k <= 5007701)  (cost=22.5 rows=111)


table 6 : explain SELECT k FROM sbtest6 WHERE k BETWEEN 5007601 AND 5007701
	-> Filter: (sbtest6.k between 5007601 and 5007701)  (cost=21.1 rows=104)
    -> Covering index range scan on sbtest6 using k_6 over (5007601 <= k <= 5007701)  (cost=21.1 rows=104)


table 7 : explain SELECT k FROM sbtest7 WHERE k BETWEEN 5007601 AND 5007701
	-> Filter: (sbtest7.k between 5007601 and 5007701)  (cost=20.5 rows=101)
    -> Covering index range scan on sbtest7 using k_7 over (5007601 <= k <= 5007701)  (cost=20.5 rows=101)


table 8 : explain SELECT k FROM sbtest8 WHERE k BETWEEN 5007601 AND 5007701
	-> Filter: (sbtest8.k between 5007601 and 5007701)  (cost=21.5 rows=106)
    -> Covering index range scan on sbtest8 using k_8 over (5007601 <= k <= 5007701)  (cost=21.5 rows=106)


for range-covered
table 1 : explain SELECT k FROM sbtest1 WHERE k BETWEEN 7334581 AND 7334681
	-> Filter: (sbtest1.k between 7334581 and 7334681)  (cost=16.7 rows=82)
    -> Covering index range scan on sbtest1 using k_1 over (7334581 <= k <= 7334681)  (cost=16.7 rows=82)


table 2 : explain SELECT k FROM sbtest2 WHERE k BETWEEN 7334581 AND 7334681
	-> Filter: (sbtest2.k between 7334581 and 7334681)  (cost=21.1 rows=104)
    -> Covering index range scan on sbtest2 using k_2 over (7334581 <= k <= 7334681)  (cost=21.1 rows=104)


table 3 : explain SELECT k FROM sbtest3 WHERE k BETWEEN 7334581 AND 7334681
	-> Filter: (sbtest3.k between 7334581 and 7334681)  (cost=18.7 rows=92)
    -> Covering index range scan on sbtest3 using k_3 over (7334581 <= k <= 7334681)  (cost=18.7 rows=92)


table 4 : explain SELECT k FROM sbtest4 WHERE k BETWEEN 7334581 AND 7334681
	-> Filter: (sbtest4.k between 7334581 and 7334681)  (cost=20.3 rows=100)
    -> Covering index range scan on sbtest4 using k_4 over (7334581 <= k <= 7334681)  (cost=20.3 rows=100)


table 5 : explain SELECT k FROM sbtest5 WHERE k BETWEEN 7334581 AND 7334681
	-> Filter: (sbtest5.k between 7334581 and 7334681)  (cost=18.5 rows=91)
    -> Covering index range scan on sbtest5 using k_5 over (7334581 <= k <= 7334681)  (cost=18.5 rows=91)


table 6 : explain SELECT k FROM sbtest6 WHERE k BETWEEN 7334581 AND 7334681
	-> Filter: (sbtest6.k between 7334581 and 7334681)  (cost=25.1 rows=124)
    -> Covering index range scan on sbtest6 using k_6 over (7334581 <= k <= 7334681)  (cost=25.1 rows=124)


table 7 : explain SELECT k FROM sbtest7 WHERE k BETWEEN 7334581 AND 7334681
	-> Filter: (sbtest7.k between 7334581 and 7334681)  (cost=20.3 rows=100)
    -> Covering index range scan on sbtest7 using k_7 over (7334581 <= k <= 7334681)  (cost=20.3 rows=100)


table 8 : explain SELECT k FROM sbtest8 WHERE k BETWEEN 7334581 AND 7334681
	-> Filter: (sbtest8.k between 7334581 and 7334681)  (cost=17.1 rows=84)
    -> Covering index range scan on sbtest8 using k_8 over (7334581 <= k <= 7334681)  (cost=17.1 rows=84)

for range-covered
table 1 : explain SELECT k FROM sbtest1 WHERE k BETWEEN 1611351 AND 1611451
	-> Filter: (sbtest1.k between 1611351 and 1611451)  (cost=18.9 rows=93)
    -> Covering index range scan on sbtest1 using k_1 over (1611351 <= k <= 1611451)  (cost=18.9 rows=93)


table 2 : explain SELECT k FROM sbtest2 WHERE k BETWEEN 1611351 AND 1611451
	-> Filter: (sbtest2.k between 1611351 and 1611451)  (cost=19.5 rows=96)
    -> Covering index range scan on sbtest2 using k_2 over (1611351 <= k <= 1611451)  (cost=19.5 rows=96)


table 3 : explain SELECT k FROM sbtest3 WHERE k BETWEEN 1611351 AND 1611451
	-> Filter: (sbtest3.k between 1611351 and 1611451)  (cost=22.9 rows=113)
    -> Covering index range scan on sbtest3 using k_3 over (1611351 <= k <= 1611451)  (cost=22.9 rows=113)


table 4 : explain SELECT k FROM sbtest4 WHERE k BETWEEN 1611351 AND 1611451
	-> Filter: (sbtest4.k between 1611351 and 1611451)  (cost=19.9 rows=98)
    -> Covering index range scan on sbtest4 using k_4 over (1611351 <= k <= 1611451)  (cost=19.9 rows=98)


table 5 : explain SELECT k FROM sbtest5 WHERE k BETWEEN 1611351 AND 1611451
	-> Filter: (sbtest5.k between 1611351 and 1611451)  (cost=20.7 rows=102)
    -> Covering index range scan on sbtest5 using k_5 over (1611351 <= k <= 1611451)  (cost=20.7 rows=102)


table 6 : explain SELECT k FROM sbtest6 WHERE k BETWEEN 1611351 AND 1611451
	-> Filter: (sbtest6.k between 1611351 and 1611451)  (cost=19.7 rows=97)
    -> Covering index range scan on sbtest6 using k_6 over (1611351 <= k <= 1611451)  (cost=19.7 rows=97)


table 7 : explain SELECT k FROM sbtest7 WHERE k BETWEEN 1611351 AND 1611451
	-> Filter: (sbtest7.k between 1611351 and 1611451)  (cost=16.3 rows=80)
    -> Covering index range scan on sbtest7 using k_7 over (1611351 <= k <= 1611451)  (cost=16.3 rows=80)


table 8 : explain SELECT k FROM sbtest8 WHERE k BETWEEN 1611351 AND 1611451
	-> Filter: (sbtest8.k between 1611351 and 1611451)  (cost=19.3 rows=95)
    -> Covering index range scan on sbtest8 using k_8 over (1611351 <= k <= 1611451)  (cost=19.3 rows=95)



explain: for range-covered :: explain SELECT k FROM sbtest%d WHERE k BETWEEN 4565518 AND 4565618
for range-covered
table 1 : explain SELECT k FROM sbtest1 WHERE k BETWEEN 5878246 AND 5878346
	-> Filter: (sbtest1.k between 5878246 and 5878346)  (cost=20.1 rows=99)
    -> Covering index range scan on sbtest1 using k_1 over (5878246 <= k <= 5878346)  (cost=20.1 rows=99)


table 2 : explain SELECT k FROM sbtest2 WHERE k BETWEEN 5878246 AND 5878346
	-> Filter: (sbtest2.k between 5878246 and 5878346)  (cost=21.1 rows=104)
    -> Covering index range scan on sbtest2 using k_2 over (5878246 <= k <= 5878346)  (cost=21.1 rows=104)


table 3 : explain SELECT k FROM sbtest3 WHERE k BETWEEN 5878246 AND 5878346
	-> Filter: (sbtest3.k between 5878246 and 5878346)  (cost=19.3 rows=95)
    -> Covering index range scan on sbtest3 using k_3 over (5878246 <= k <= 5878346)  (cost=19.3 rows=95)


table 4 : explain SELECT k FROM sbtest4 WHERE k BETWEEN 5878246 AND 5878346
	-> Filter: (sbtest4.k between 5878246 and 5878346)  (cost=20.3 rows=100)
    -> Covering index range scan on sbtest4 using k_4 over (5878246 <= k <= 5878346)  (cost=20.3 rows=100)


table 5 : explain SELECT k FROM sbtest5 WHERE k BETWEEN 5878246 AND 5878346
	-> Filter: (sbtest5.k between 5878246 and 5878346)  (cost=19.5 rows=96)
    -> Covering index range scan on sbtest5 using k_5 over (5878246 <= k <= 5878346)  (cost=19.5 rows=96)


table 6 : explain SELECT k FROM sbtest6 WHERE k BETWEEN 5878246 AND 5878346
	-> Filter: (sbtest6.k between 5878246 and 5878346)  (cost=19.3 rows=95)
    -> Covering index range scan on sbtest6 using k_6 over (5878246 <= k <= 5878346)  (cost=19.3 rows=95)


table 7 : explain SELECT k FROM sbtest7 WHERE k BETWEEN 5878246 AND 5878346
	-> Filter: (sbtest7.k between 5878246 and 5878346)  (cost=18.1 rows=89)
    -> Covering index range scan on sbtest7 using k_7 over (5878246 <= k <= 5878346)  (cost=18.1 rows=89)


table 8 : explain SELECT k FROM sbtest8 WHERE k BETWEEN 5878246 AND 5878346
	-> Filter: (sbtest8.k between 5878246 and 5878346)  (cost=21.1 rows=104)
    -> Covering index range scan on sbtest8 using k_8 over (5878246 <= k <= 5878346)  (cost=21.1 rows=104)


explain: for range-covered :: explain SELECT k FROM sbtest%d WHERE k BETWEEN 8511897 AND 8511997
explain: for range-covered :: explain SELECT k FROM sbtest%d WHERE k BETWEEN 1611351 AND 1611451

for range-covered
table 1 : explain SELECT k FROM sbtest1 WHERE k BETWEEN 8324259 AND 8324359
	-> Filter: (sbtest1.k between 8324259 and 8324359)  (cost=23.1 rows=114)
    -> Covering index range scan on sbtest1 using k_1 over (8324259 <= k <= 8324359)  (cost=23.1 rows=114)


table 2 : explain SELECT k FROM sbtest2 WHERE k BETWEEN 8324259 AND 8324359
	-> Filter: (sbtest2.k between 8324259 and 8324359)  (cost=19.1 rows=94)
    -> Covering index range scan on sbtest2 using k_2 over (8324259 <= k <= 8324359)  (cost=19.1 rows=94)


table 3 : explain SELECT k FROM sbtest3 WHERE k BETWEEN 8324259 AND 8324359
	-> Filter: (sbtest3.k between 8324259 and 8324359)  (cost=23.9 rows=118)
    -> Covering index range scan on sbtest3 using k_3 over (8324259 <= k <= 8324359)  (cost=23.9 rows=118)


table 4 : explain SELECT k FROM sbtest4 WHERE k BETWEEN 8324259 AND 8324359
	-> Filter: (sbtest4.k between 8324259 and 8324359)  (cost=22.3 rows=110)
    -> Covering index range scan on sbtest4 using k_4 over (8324259 <= k <= 8324359)  (cost=22.3 rows=110)


table 5 : explain SELECT k FROM sbtest5 WHERE k BETWEEN 8324259 AND 8324359
	-> Filter: (sbtest5.k between 8324259 and 8324359)  (cost=19.5 rows=96)
    -> Covering index range scan on sbtest5 using k_5 over (8324259 <= k <= 8324359)  (cost=19.5 rows=96)


table 6 : explain SELECT k FROM sbtest6 WHERE k BETWEEN 8324259 AND 8324359
	-> Filter: (sbtest6.k between 8324259 and 8324359)  (cost=24.3 rows=120)
    -> Covering index range scan on sbtest6 using k_6 over (8324259 <= k <= 8324359)  (cost=24.3 rows=120)


table 7 : explain SELECT k FROM sbtest7 WHERE k BETWEEN 8324259 AND 8324359
	-> Filter: (sbtest7.k between 8324259 and 8324359)  (cost=19.5 rows=96)
    -> Covering index range scan on sbtest7 using k_7 over (8324259 <= k <= 8324359)  (cost=19.5 rows=96)


table 8 : explain SELECT k FROM sbtest8 WHERE k BETWEEN 8324259 AND 8324359
	-> Filter: (sbtest8.k between 8324259 and 8324359)  (cost=18.1 rows=89)
    -> Covering index range scan on sbtest8 using k_8 over (8324259 <= k <= 8324359)  (cost=18.1 rows=89)



explain: for range-covered :: explain SELECT k FROM sbtest%d WHERE k BETWEEN 4259778 AND 4259878

explain: for range-covered :: explain SELECT k FROM sbtest%d WHERE k BETWEEN 6360664 AND 6360764
for range-covered
table 1 : explain SELECT k FROM sbtest1 WHERE k BETWEEN 2906057 AND 2906157
	-> Filter: (sbtest1.k between 2906057 and 2906157)  (cost=24.1 rows=119)
    -> Covering index range scan on sbtest1 using k_1 over (2906057 <= k <= 2906157)  (cost=24.1 rows=119)


table 2 : explain SELECT k FROM sbtest2 WHERE k BETWEEN 2906057 AND 2906157
	-> Filter: (sbtest2.k between 2906057 and 2906157)  (cost=17.3 rows=85)
    -> Covering index range scan on sbtest2 using k_2 over (2906057 <= k <= 2906157)  (cost=17.3 rows=85)


table 3 : explain SELECT k FROM sbtest3 WHERE k BETWEEN 2906057 AND 2906157
	-> Filter: (sbtest3.k between 2906057 and 2906157)  (cost=17.7 rows=87)
    -> Covering index range scan on sbtest3 using k_3 over (2906057 <= k <= 2906157)  (cost=17.7 rows=87)


table 4 : explain SELECT k FROM sbtest4 WHERE k BETWEEN 2906057 AND 2906157
	-> Filter: (sbtest4.k between 2906057 and 2906157)  (cost=18.3 rows=90)
    -> Covering index range scan on sbtest4 using k_4 over (2906057 <= k <= 2906157)  (cost=18.3 rows=90)


table 5 : explain SELECT k FROM sbtest5 WHERE k BETWEEN 2906057 AND 2906157
	-> Filter: (sbtest5.k between 2906057 and 2906157)  (cost=22.9 rows=113)
    -> Covering index range scan on sbtest5 using k_5 over (2906057 <= k <= 2906157)  (cost=22.9 rows=113)


table 6 : explain SELECT k FROM sbtest6 WHERE k BETWEEN 2906057 AND 2906157
	-> Filter: (sbtest6.k between 2906057 and 2906157)  (cost=16.3 rows=80)
    -> Covering index range scan on sbtest6 using k_6 over (2906057 <= k <= 2906157)  (cost=16.3 rows=80)


table 7 : explain SELECT k FROM sbtest7 WHERE k BETWEEN 2906057 AND 2906157
	-> Filter: (sbtest7.k between 2906057 and 2906157)  (cost=19.7 rows=97)
    -> Covering index range scan on sbtest7 using k_7 over (2906057 <= k <= 2906157)  (cost=19.7 rows=97)


table 8 : explain SELECT k FROM sbtest8 WHERE k BETWEEN 2906057 AND 2906157
	-> Filter: (sbtest8.k between 2906057 and 2906157)  (cost=18.9 rows=93)
    -> Covering index range scan on sbtest8 using k_8 over (2906057 <= k <= 2906157)  (cost=18.9 rows=93)


explain: for range-covered :: explain SELECT k FROM sbtest%d WHERE k BETWEEN 3707286 AND 3707386explain: for range-covered :: explain SELECT k FROM sbtest%d WHERE k BETWEEN 8324259 AND 8324359
explain: for range-covered :: explain SELECT k FROM sbtest%d WHERE k BETWEEN 7153292 AND 7153392
explain: for range-covered :: explain SELECT k FROM sbtest%d WHERE k BETWEEN 5007601 AND 5007701

explain: for range-covered :: explain SELECT k FROM sbtest%d WHERE k BETWEEN 7334581 AND 7334681
for range-covered
table 1 : explain SELECT k FROM sbtest1 WHERE k BETWEEN 6936407 AND 6936507
	-> Filter: (sbtest1.k between 6936407 and 6936507)  (cost=19.3 rows=95)
    -> Covering index range scan on sbtest1 using k_1 over (6936407 <= k <= 6936507)  (cost=19.3 rows=95)


table 2 : explain SELECT k FROM sbtest2 WHERE k BETWEEN 6936407 AND 6936507
	-> Filter: (sbtest2.k between 6936407 and 6936507)  (cost=19.5 rows=96)
    -> Covering index range scan on sbtest2 using k_2 over (6936407 <= k <= 6936507)  (cost=19.5 rows=96)


table 3 : explain SELECT k FROM sbtest3 WHERE k BETWEEN 6936407 AND 6936507
	-> Filter: (sbtest3.k between 6936407 and 6936507)  (cost=19.5 rows=96)
    -> Covering index range scan on sbtest3 using k_3 over (6936407 <= k <= 6936507)  (cost=19.5 rows=96)


table 4 : explain SELECT k FROM sbtest4 WHERE k BETWEEN 6936407 AND 6936507
	-> Filter: (sbtest4.k between 6936407 and 6936507)  (cost=22.5 rows=111)
    -> Covering index range scan on sbtest4 using k_4 over (6936407 <= k <= 6936507)  (cost=22.5 rows=111)


table 5 : explain SELECT k FROM sbtest5 WHERE k BETWEEN 6936407 AND 6936507
	-> Filter: (sbtest5.k between 6936407 and 6936507)  (cost=22.1 rows=109)
    -> Covering index range scan on sbtest5 using k_5 over (6936407 <= k <= 6936507)  (cost=22.1 rows=109)


table 6 : explain SELECT k FROM sbtest6 WHERE k BETWEEN 6936407 AND 6936507
	-> Filter: (sbtest6.k between 6936407 and 6936507)  (cost=17.9 rows=88)
    -> Covering index range scan on sbtest6 using k_6 over (6936407 <= k <= 6936507)  (cost=17.9 rows=88)


table 7 : explain SELECT k FROM sbtest7 WHERE k BETWEEN 6936407 AND 6936507
	-> Filter: (sbtest7.k between 6936407 and 6936507)  (cost=18.1 rows=89)
    -> Covering index range scan on sbtest7 using k_7 over (6936407 <= k <= 6936507)  (cost=18.1 rows=89)


table 8 : explain SELECT k FROM sbtest8 WHERE k BETWEEN 6936407 AND 6936507
	-> Filter: (sbtest8.k between 6936407 and 6936507)  (cost=22.5 rows=111)
    -> Covering index range scan on sbtest8 using k_8 over (6936407 <= k <= 6936507)  (cost=22.5 rows=111)


explain: for range-covered :: explain SELECT k FROM sbtest%d WHERE k BETWEEN 5878246 AND 5878346
for range-covered
table 1 : explain SELECT k FROM sbtest1 WHERE k BETWEEN 4488193 AND 4488293
	-> Filter: (sbtest1.k between 4488193 and 4488293)  (cost=24.7 rows=122)
    -> Covering index range scan on sbtest1 using k_1 over (4488193 <= k <= 4488293)  (cost=24.7 rows=122)


table 2 : explain SELECT k FROM sbtest2 WHERE k BETWEEN 4488193 AND 4488293
	-> Filter: (sbtest2.k between 4488193 and 4488293)  (cost=18.7 rows=92)
    -> Covering index range scan on sbtest2 using k_2 over (4488193 <= k <= 4488293)  (cost=18.7 rows=92)


table 3 : explain SELECT k FROM sbtest3 WHERE k BETWEEN 4488193 AND 4488293
	-> Filter: (sbtest3.k between 4488193 and 4488293)  (cost=21.3 rows=105)
    -> Covering index range scan on sbtest3 using k_3 over (4488193 <= k <= 4488293)  (cost=21.3 rows=105)


table 4 : explain SELECT k FROM sbtest4 WHERE k BETWEEN 4488193 AND 4488293
	-> Filter: (sbtest4.k between 4488193 and 4488293)  (cost=21.9 rows=108)
    -> Covering index range scan on sbtest4 using k_4 over (4488193 <= k <= 4488293)  (cost=21.9 rows=108)


table 5 : explain SELECT k FROM sbtest5 WHERE k BETWEEN 4488193 AND 4488293
	-> Filter: (sbtest5.k between 4488193 and 4488293)  (cost=20.3 rows=100)
    -> Covering index range scan on sbtest5 using k_5 over (4488193 <= k <= 4488293)  (cost=20.3 rows=100)


table 6 : explain SELECT k FROM sbtest6 WHERE k BETWEEN 4488193 AND 4488293
	-> Filter: (sbtest6.k between 4488193 and 4488293)  (cost=22.3 rows=110)
    -> Covering index range scan on sbtest6 using k_6 over (4488193 <= k <= 4488293)  (cost=22.3 rows=110)


table 7 : explain SELECT k FROM sbtest7 WHERE k BETWEEN 4488193 AND 4488293
	-> Filter: (sbtest7.k between 4488193 and 4488293)  (cost=19.7 rows=97)
    -> Covering index range scan on sbtest7 using k_7 over (4488193 <= k <= 4488293)  (cost=19.7 rows=97)


table 8 : explain SELECT k FROM sbtest8 WHERE k BETWEEN 4488193 AND 4488293
	-> Filter: (sbtest8.k between 4488193 and 4488293)  (cost=18.5 rows=91)
    -> Covering index range scan on sbtest8 using k_8 over (4488193 <= k <= 4488293)  (cost=18.5 rows=91)


for range-covered
table 1 : explain SELECT k FROM sbtest1 WHERE k BETWEEN 4982434 AND 4982534
	-> Filter: (sbtest1.k between 4982434 and 4982534)  (cost=23.3 rows=115)
    -> Covering index range scan on sbtest1 using k_1 over (4982434 <= k <= 4982534)  (cost=23.3 rows=115)


table 2 : explain SELECT k FROM sbtest2 WHERE k BETWEEN 4982434 AND 4982534
	-> Filter: (sbtest2.k between 4982434 and 4982534)  (cost=19.5 rows=96)
    -> Covering index range scan on sbtest2 using k_2 over (4982434 <= k <= 4982534)  (cost=19.5 rows=96)


table 3 : explain SELECT k FROM sbtest3 WHERE k BETWEEN 4982434 AND 4982534
	-> Filter: (sbtest3.k between 4982434 and 4982534)  (cost=21.1 rows=104)
    -> Covering index range scan on sbtest3 using k_3 over (4982434 <= k <= 4982534)  (cost=21.1 rows=104)


table 4 : explain SELECT k FROM sbtest4 WHERE k BETWEEN 4982434 AND 4982534
	-> Filter: (sbtest4.k between 4982434 and 4982534)  (cost=22.3 rows=110)
    -> Covering index range scan on sbtest4 using k_4 over (4982434 <= k <= 4982534)  (cost=22.3 rows=110)


table 5 : explain SELECT k FROM sbtest5 WHERE k BETWEEN 4982434 AND 4982534
	-> Filter: (sbtest5.k between 4982434 and 4982534)  (cost=20.3 rows=100)
    -> Covering index range scan on sbtest5 using k_5 over (4982434 <= k <= 4982534)  (cost=20.3 rows=100)


table 6 : explain SELECT k FROM sbtest6 WHERE k BETWEEN 4982434 AND 4982534
	-> Filter: (sbtest6.k between 4982434 and 4982534)  (cost=20.5 rows=101)
    -> Covering index range scan on sbtest6 using k_6 over (4982434 <= k <= 4982534)  (cost=20.5 rows=101)


table 7 : explain SELECT k FROM sbtest7 WHERE k BETWEEN 4982434 AND 4982534
	-> Filter: (sbtest7.k between 4982434 and 4982534)  (cost=19.5 rows=96)
    -> Covering index range scan on sbtest7 using k_7 over (4982434 <= k <= 4982534)  (cost=19.5 rows=96)


table 8 : explain SELECT k FROM sbtest8 WHERE k BETWEEN 4982434 AND 4982534
	-> Filter: (sbtest8.k between 4982434 and 4982534)  (cost=19.5 rows=96)
    -> Covering index range scan on sbtest8 using k_8 over (4982434 <= k <= 4982534)  (cost=19.5 rows=96)


for range-covered
table 1 : explain SELECT k FROM sbtest1 WHERE k BETWEEN 3531035 AND 3531135
	-> Filter: (sbtest1.k between 3531035 and 3531135)  (cost=19.9 rows=98)
    -> Covering index range scan on sbtest1 using k_1 over (3531035 <= k <= 3531135)  (cost=19.9 rows=98)


table 2 : explain SELECT k FROM sbtest2 WHERE k BETWEEN 3531035 AND 3531135
	-> Filter: (sbtest2.k between 3531035 and 3531135)  (cost=18.9 rows=93)
    -> Covering index range scan on sbtest2 using k_2 over (3531035 <= k <= 3531135)  (cost=18.9 rows=93)


table 3 : explain SELECT k FROM sbtest3 WHERE k BETWEEN 3531035 AND 3531135
	-> Filter: (sbtest3.k between 3531035 and 3531135)  (cost=20.7 rows=102)
    -> Covering index range scan on sbtest3 using k_3 over (3531035 <= k <= 3531135)  (cost=20.7 rows=102)


table 4 : explain SELECT k FROM sbtest4 WHERE k BETWEEN 3531035 AND 3531135
	-> Filter: (sbtest4.k between 3531035 and 3531135)  (cost=23.9 rows=118)
    -> Covering index range scan on sbtest4 using k_4 over (3531035 <= k <= 3531135)  (cost=23.9 rows=118)


table 5 : explain SELECT k FROM sbtest5 WHERE k BETWEEN 3531035 AND 3531135
	-> Filter: (sbtest5.k between 3531035 and 3531135)  (cost=20.3 rows=100)
    -> Covering index range scan on sbtest5 using k_5 over (3531035 <= k <= 3531135)  (cost=20.3 rows=100)


table 6 : explain SELECT k FROM sbtest6 WHERE k BETWEEN 3531035 AND 3531135
	-> Filter: (sbtest6.k between 3531035 and 3531135)  (cost=15.1 rows=74)
    -> Covering index range scan on sbtest6 using k_6 over (3531035 <= k <= 3531135)  (cost=15.1 rows=74)


table 7 : explain SELECT k FROM sbtest7 WHERE k BETWEEN 3531035 AND 3531135
	-> Filter: (sbtest7.k between 3531035 and 3531135)  (cost=18.9 rows=93)
    -> Covering index range scan on sbtest7 using k_7 over (3531035 <= k <= 3531135)  (cost=18.9 rows=93)


table 8 : explain SELECT k FROM sbtest8 WHERE k BETWEEN 3531035 AND 3531135
	-> Filter: (sbtest8.k between 3531035 and 3531135)  (cost=16.9 rows=83)
    -> Covering index range scan on sbtest8 using k_8 over (3531035 <= k <= 3531135)  (cost=16.9 rows=83)

for range-covered
table 1 : explain SELECT k FROM sbtest1 WHERE k BETWEEN 5469010 AND 5469110
	-> Filter: (sbtest1.k between 5469010 and 5469110)  (cost=22.3 rows=110)
    -> Covering index range scan on sbtest1 using k_1 over (5469010 <= k <= 5469110)  (cost=22.3 rows=110)


table 2 : explain SELECT k FROM sbtest2 WHERE k BETWEEN 5469010 AND 5469110
	-> Filter: (sbtest2.k between 5469010 and 5469110)  (cost=20.1 rows=99)
    -> Covering index range scan on sbtest2 using k_2 over (5469010 <= k <= 5469110)  (cost=20.1 rows=99)


table 3 : explain SELECT k FROM sbtest3 WHERE k BETWEEN 5469010 AND 5469110
	-> Filter: (sbtest3.k between 5469010 and 5469110)  (cost=20.5 rows=101)
    -> Covering index range scan on sbtest3 using k_3 over (5469010 <= k <= 5469110)  (cost=20.5 rows=101)


table 4 : explain SELECT k FROM sbtest4 WHERE k BETWEEN 5469010 AND 5469110
	-> Filter: (sbtest4.k between 5469010 and 5469110)  (cost=18.5 rows=91)
    -> Covering index range scan on sbtest4 using k_4 over (5469010 <= k <= 5469110)  (cost=18.5 rows=91)


table 5 : explain SELECT k FROM sbtest5 WHERE k BETWEEN 5469010 AND 5469110
	-> Filter: (sbtest5.k between 5469010 and 5469110)  (cost=20.3 rows=100)
    -> Covering index range scan on sbtest5 using k_5 over (5469010 <= k <= 5469110)  (cost=20.3 rows=100)


table 6 : explain SELECT k FROM sbtest6 WHERE k BETWEEN 5469010 AND 5469110
	-> Filter: (sbtest6.k between 5469010 and 5469110)  (cost=18.3 rows=90)
    -> Covering index range scan on sbtest6 using k_6 over (5469010 <= k <= 5469110)  (cost=18.3 rows=90)


table 7 : explain SELECT k FROM sbtest7 WHERE k BETWEEN 5469010 AND 5469110
	-> Filter: (sbtest7.k between 5469010 and 5469110)  (cost=18.7 rows=92)
    -> Covering index range scan on sbtest7 using k_7 over (5469010 <= k <= 5469110)  (cost=18.7 rows=92)


table 8 : explain SELECT k FROM sbtest8 WHERE k BETWEEN 5469010 AND 5469110
	-> Filter: (sbtest8.k between 5469010 and 5469110)  (cost=23.1 rows=114)
    -> Covering index range scan on sbtest8 using k_8 over (5469010 <= k <= 5469110)  (cost=23.1 rows=114)

explain: for range-covered :: explain SELECT k FROM sbtest%d WHERE k BETWEEN 6936407 AND 6936507
for range-covered
table 1 : explain SELECT k FROM sbtest1 WHERE k BETWEEN 5917655 AND 5917755
	-> Filter: (sbtest1.k between 5917655 and 5917755)  (cost=19.9 rows=98)
    -> Covering index range scan on sbtest1 using k_1 over (5917655 <= k <= 5917755)  (cost=19.9 rows=98)


table 2 : explain SELECT k FROM sbtest2 WHERE k BETWEEN 5917655 AND 5917755
	-> Filter: (sbtest2.k between 5917655 and 5917755)  (cost=20.7 rows=102)
    -> Covering index range scan on sbtest2 using k_2 over (5917655 <= k <= 5917755)  (cost=20.7 rows=102)


table 3 : explain SELECT k FROM sbtest3 WHERE k BETWEEN 5917655 AND 5917755
	-> Filter: (sbtest3.k between 5917655 and 5917755)  (cost=21.9 rows=108)
    -> Covering index range scan on sbtest3 using k_3 over (5917655 <= k <= 5917755)  (cost=21.9 rows=108)


table 4 : explain SELECT k FROM sbtest4 WHERE k BETWEEN 5917655 AND 5917755
	-> Filter: (sbtest4.k between 5917655 and 5917755)  (cost=20.3 rows=100)
    -> Covering index range scan on sbtest4 using k_4 over (5917655 <= k <= 5917755)  (cost=20.3 rows=100)


table 5 : explain SELECT k FROM sbtest5 WHERE k BETWEEN 5917655 AND 5917755
	-> Filter: (sbtest5.k between 5917655 and 5917755)  (cost=22.9 rows=113)
    -> Covering index range scan on sbtest5 using k_5 over (5917655 <= k <= 5917755)  (cost=22.9 rows=113)


table 6 : explain SELECT k FROM sbtest6 WHERE k BETWEEN 5917655 AND 5917755
	-> Filter: (sbtest6.k between 5917655 and 5917755)  (cost=18.9 rows=93)
    -> Covering index range scan on sbtest6 using k_6 over (5917655 <= k <= 5917755)  (cost=18.9 rows=93)


table 7 : explain SELECT k FROM sbtest7 WHERE k BETWEEN 5917655 AND 5917755
	-> Filter: (sbtest7.k between 5917655 and 5917755)  (cost=21.3 rows=105)
    -> Covering index range scan on sbtest7 using k_7 over (5917655 <= k <= 5917755)  (cost=21.3 rows=105)


table 8 : explain SELECT k FROM sbtest8 WHERE k BETWEEN 5917655 AND 5917755
	-> Filter: (sbtest8.k between 5917655 and 5917755)  (cost=22.3 rows=110)
    -> Covering index range scan on sbtest8 using k_8 over (5917655 <= k <= 5917755)  (cost=22.3 rows=110)


for range-covered
table 1 : explain SELECT k FROM sbtest1 WHERE k BETWEEN 4765656 AND 4765756
	-> Filter: (sbtest1.k between 4765656 and 4765756)  (cost=19.3 rows=95)
    -> Covering index range scan on sbtest1 using k_1 over (4765656 <= k <= 4765756)  (cost=19.3 rows=95)


table 2 : explain SELECT k FROM sbtest2 WHERE k BETWEEN 4765656 AND 4765756
	-> Filter: (sbtest2.k between 4765656 and 4765756)  (cost=21.7 rows=107)
    -> Covering index range scan on sbtest2 using k_2 over (4765656 <= k <= 4765756)  (cost=21.7 rows=107)


table 3 : explain SELECT k FROM sbtest3 WHERE k BETWEEN 4765656 AND 4765756
	-> Filter: (sbtest3.k between 4765656 and 4765756)  (cost=20.7 rows=102)
    -> Covering index range scan on sbtest3 using k_3 over (4765656 <= k <= 4765756)  (cost=20.7 rows=102)


table 4 : explain SELECT k FROM sbtest4 WHERE k BETWEEN 4765656 AND 4765756
	-> Filter: (sbtest4.k between 4765656 and 4765756)  (cost=20.1 rows=99)
    -> Covering index range scan on sbtest4 using k_4 over (4765656 <= k <= 4765756)  (cost=20.1 rows=99)


table 5 : explain SELECT k FROM sbtest5 WHERE k BETWEEN 4765656 AND 4765756
	-> Filter: (sbtest5.k between 4765656 and 4765756)  (cost=24.7 rows=122)
    -> Covering index range scan on sbtest5 using k_5 over (4765656 <= k <= 4765756)  (cost=24.7 rows=122)


table 6 : explain SELECT k FROM sbtest6 WHERE k BETWEEN 4765656 AND 4765756
	-> Filter: (sbtest6.k between 4765656 and 4765756)  (cost=22.9 rows=113)
    -> Covering index range scan on sbtest6 using k_6 over (4765656 <= k <= 4765756)  (cost=22.9 rows=113)


table 7 : explain SELECT k FROM sbtest7 WHERE k BETWEEN 4765656 AND 4765756
	-> Filter: (sbtest7.k between 4765656 and 4765756)  (cost=24.5 rows=121)
    -> Covering index range scan on sbtest7 using k_7 over (4765656 <= k <= 4765756)  (cost=24.5 rows=121)


table 8 : explain SELECT k FROM sbtest8 WHERE k BETWEEN 4765656 AND 4765756
	-> Filter: (sbtest8.k between 4765656 and 4765756)  (cost=22.9 rows=113)
    -> Covering index range scan on sbtest8 using k_8 over (4765656 <= k <= 4765756)  (cost=22.9 rows=113)

for range-covered
table 1 : explain SELECT k FROM sbtest1 WHERE k BETWEEN 5533698 AND 5533798
	-> Filter: (sbtest1.k between 5533698 and 5533798)  (cost=18.5 rows=91)
    -> Covering index range scan on sbtest1 using k_1 over (5533698 <= k <= 5533798)  (cost=18.5 rows=91)


table 2 : explain SELECT k FROM sbtest2 WHERE k BETWEEN 5533698 AND 5533798
	-> Filter: (sbtest2.k between 5533698 and 5533798)  (cost=22.3 rows=110)
    -> Covering index range scan on sbtest2 using k_2 over (5533698 <= k <= 5533798)  (cost=22.3 rows=110)


table 3 : explain SELECT k FROM sbtest3 WHERE k BETWEEN 5533698 AND 5533798
	-> Filter: (sbtest3.k between 5533698 and 5533798)  (cost=22.5 rows=111)
    -> Covering index range scan on sbtest3 using k_3 over (5533698 <= k <= 5533798)  (cost=22.5 rows=111)


table 4 : explain SELECT k FROM sbtest4 WHERE k BETWEEN 5533698 AND 5533798
	-> Filter: (sbtest4.k between 5533698 and 5533798)  (cost=20.9 rows=103)
    -> Covering index range scan on sbtest4 using k_4 over (5533698 <= k <= 5533798)  (cost=20.9 rows=103)


table 5 : explain SELECT k FROM sbtest5 WHERE k BETWEEN 5533698 AND 5533798
	-> Filter: (sbtest5.k between 5533698 and 5533798)  (cost=22.5 rows=111)
    -> Covering index range scan on sbtest5 using k_5 over (5533698 <= k <= 5533798)  (cost=22.5 rows=111)


table 6 : explain SELECT k FROM sbtest6 WHERE k BETWEEN 5533698 AND 5533798
	-> Filter: (sbtest6.k between 5533698 and 5533798)  (cost=20.7 rows=102)
    -> Covering index range scan on sbtest6 using k_6 over (5533698 <= k <= 5533798)  (cost=20.7 rows=102)


table 7 : explain SELECT k FROM sbtest7 WHERE k BETWEEN 5533698 AND 5533798
	-> Filter: (sbtest7.k between 5533698 and 5533798)  (cost=20.9 rows=103)
    -> Covering index range scan on sbtest7 using k_7 over (5533698 <= k <= 5533798)  (cost=20.9 rows=103)


table 8 : explain SELECT k FROM sbtest8 WHERE k BETWEEN 5533698 AND 5533798
	-> Filter: (sbtest8.k between 5533698 and 5533798)  (cost=24.7 rows=122)
    -> Covering index range scan on sbtest8 using k_8 over (5533698 <= k <= 5533798)  (cost=24.7 rows=122)


explain: for range-covered :: explain SELECT k FROM sbtest%d WHERE k BETWEEN 4982434 AND 4982534

explain: for range-covered :: explain SELECT k FROM sbtest%d WHERE k BETWEEN 2906057 AND 2906157
for range-covered
table 1 : explain SELECT k FROM sbtest1 WHERE k BETWEEN 4185972 AND 4186072
	-> Filter: (sbtest1.k between 4185972 and 4186072)  (cost=19.3 rows=95)
    -> Covering index range scan on sbtest1 using k_1 over (4185972 <= k <= 4186072)  (cost=19.3 rows=95)


table 2 : explain SELECT k FROM sbtest2 WHERE k BETWEEN 4185972 AND 4186072
	-> Filter: (sbtest2.k between 4185972 and 4186072)  (cost=23.3 rows=115)
    -> Covering index range scan on sbtest2 using k_2 over (4185972 <= k <= 4186072)  (cost=23.3 rows=115)


table 3 : explain SELECT k FROM sbtest3 WHERE k BETWEEN 4185972 AND 4186072
	-> Filter: (sbtest3.k between 4185972 and 4186072)  (cost=22.1 rows=109)
    -> Covering index range scan on sbtest3 using k_3 over (4185972 <= k <= 4186072)  (cost=22.1 rows=109)


table 4 : explain SELECT k FROM sbtest4 WHERE k BETWEEN 4185972 AND 4186072
	-> Filter: (sbtest4.k between 4185972 and 4186072)  (cost=22.3 rows=110)
    -> Covering index range scan on sbtest4 using k_4 over (4185972 <= k <= 4186072)  (cost=22.3 rows=110)


table 5 : explain SELECT k FROM sbtest5 WHERE k BETWEEN 4185972 AND 4186072
	-> Filter: (sbtest5.k between 4185972 and 4186072)  (cost=22.7 rows=112)
    -> Covering index range scan on sbtest5 using k_5 over (4185972 <= k <= 4186072)  (cost=22.7 rows=112)


table 6 : explain SELECT k FROM sbtest6 WHERE k BETWEEN 4185972 AND 4186072
	-> Filter: (sbtest6.k between 4185972 and 4186072)  (cost=19.1 rows=94)
    -> Covering index range scan on sbtest6 using k_6 over (4185972 <= k <= 4186072)  (cost=19.1 rows=94)


table 7 : explain SELECT k FROM sbtest7 WHERE k BETWEEN 4185972 AND 4186072
	-> Filter: (sbtest7.k between 4185972 and 4186072)  (cost=21.9 rows=108)
    -> Covering index range scan on sbtest7 using k_7 over (4185972 <= k <= 4186072)  (cost=21.9 rows=108)


table 8 : explain SELECT k FROM sbtest8 WHERE k BETWEEN 4185972 AND 4186072
	-> Filter: (sbtest8.k between 4185972 and 4186072)  (cost=15.9 rows=78)
    -> Covering index range scan on sbtest8 using k_8 over (4185972 <= k <= 4186072)  (cost=15.9 rows=78)



explain: for range-covered :: explain SELECT k FROM sbtest%d WHERE k BETWEEN 4488193 AND 4488293
explain: for range-covered :: explain SELECT k FROM sbtest%d WHERE k BETWEEN 3531035 AND 3531135
for range-covered
table 1 : explain SELECT k FROM sbtest1 WHERE k BETWEEN 1786794 AND 1786894
	-> Filter: (sbtest1.k between 1786794 and 1786894)  (cost=20.5 rows=101)
    -> Covering index range scan on sbtest1 using k_1 over (1786794 <= k <= 1786894)  (cost=20.5 rows=101)


table 2 : explain SELECT k FROM sbtest2 WHERE k BETWEEN 1786794 AND 1786894
	-> Filter: (sbtest2.k between 1786794 and 1786894)  (cost=24.3 rows=120)
    -> Covering index range scan on sbtest2 using k_2 over (1786794 <= k <= 1786894)  (cost=24.3 rows=120)


table 3 : explain SELECT k FROM sbtest3 WHERE k BETWEEN 1786794 AND 1786894
	-> Filter: (sbtest3.k between 1786794 and 1786894)  (cost=19.5 rows=96)
    -> Covering index range scan on sbtest3 using k_3 over (1786794 <= k <= 1786894)  (cost=19.5 rows=96)


table 4 : explain SELECT k FROM sbtest4 WHERE k BETWEEN 1786794 AND 1786894
	-> Filter: (sbtest4.k between 1786794 and 1786894)  (cost=20.3 rows=100)
    -> Covering index range scan on sbtest4 using k_4 over (1786794 <= k <= 1786894)  (cost=20.3 rows=100)


table 5 : explain SELECT k FROM sbtest5 WHERE k BETWEEN 1786794 AND 1786894
	-> Filter: (sbtest5.k between 1786794 and 1786894)  (cost=20.1 rows=99)
    -> Covering index range scan on sbtest5 using k_5 over (1786794 <= k <= 1786894)  (cost=20.1 rows=99)


table 6 : explain SELECT k FROM sbtest6 WHERE k BETWEEN 1786794 AND 1786894
	-> Filter: (sbtest6.k between 1786794 and 1786894)  (cost=18.1 rows=89)
    -> Covering index range scan on sbtest6 using k_6 over (1786794 <= k <= 1786894)  (cost=18.1 rows=89)


table 7 : explain SELECT k FROM sbtest7 WHERE k BETWEEN 1786794 AND 1786894
	-> Filter: (sbtest7.k between 1786794 and 1786894)  (cost=21.1 rows=104)
    -> Covering index range scan on sbtest7 using k_7 over (1786794 <= k <= 1786894)  (cost=21.1 rows=104)


table 8 : explain SELECT k FROM sbtest8 WHERE k BETWEEN 1786794 AND 1786894
	-> Filter: (sbtest8.k between 1786794 and 1786894)  (cost=20.7 rows=102)
    -> Covering index range scan on sbtest8 using k_8 over (1786794 <= k <= 1786894)  (cost=20.7 rows=102)


explain: for range-covered :: explain SELECT k FROM sbtest%d WHERE k BETWEEN 4765656 AND 4765756
explain: for range-covered :: explain SELECT k FROM sbtest%d WHERE k BETWEEN 5533698 AND 5533798

explain: for range-covered :: explain SELECT k FROM sbtest%d WHERE k BETWEEN 5469010 AND 5469110
explain: for range-covered :: explain SELECT k FROM sbtest%d WHERE k BETWEEN 4185972 AND 4186072
for range-covered
table 1 : explain SELECT k FROM sbtest1 WHERE k BETWEEN 1823676 AND 1823776
	-> Filter: (sbtest1.k between 1823676 and 1823776)  (cost=23.1 rows=114)
    -> Covering index range scan on sbtest1 using k_1 over (1823676 <= k <= 1823776)  (cost=23.1 rows=114)


table 2 : explain SELECT k FROM sbtest2 WHERE k BETWEEN 1823676 AND 1823776
	-> Filter: (sbtest2.k between 1823676 and 1823776)  (cost=19.5 rows=96)
    -> Covering index range scan on sbtest2 using k_2 over (1823676 <= k <= 1823776)  (cost=19.5 rows=96)


table 3 : explain SELECT k FROM sbtest3 WHERE k BETWEEN 1823676 AND 1823776
	-> Filter: (sbtest3.k between 1823676 and 1823776)  (cost=21.5 rows=106)
    -> Covering index range scan on sbtest3 using k_3 over (1823676 <= k <= 1823776)  (cost=21.5 rows=106)


table 4 : explain SELECT k FROM sbtest4 WHERE k BETWEEN 1823676 AND 1823776
	-> Filter: (sbtest4.k between 1823676 and 1823776)  (cost=23.9 rows=118)
    -> Covering index range scan on sbtest4 using k_4 over (1823676 <= k <= 1823776)  (cost=23.9 rows=118)


table 5 : explain SELECT k FROM sbtest5 WHERE k BETWEEN 1823676 AND 1823776
	-> Filter: (sbtest5.k between 1823676 and 1823776)  (cost=19.7 rows=97)
    -> Covering index range scan on sbtest5 using k_5 over (1823676 <= k <= 1823776)  (cost=19.7 rows=97)


table 6 : explain SELECT k FROM sbtest6 WHERE k BETWEEN 1823676 AND 1823776
	-> Filter: (sbtest6.k between 1823676 and 1823776)  (cost=24.7 rows=122)
    -> Covering index range scan on sbtest6 using k_6 over (1823676 <= k <= 1823776)  (cost=24.7 rows=122)


table 7 : explain SELECT k FROM sbtest7 WHERE k BETWEEN 1823676 AND 1823776
	-> Filter: (sbtest7.k between 1823676 and 1823776)  (cost=18.3 rows=90)
    -> Covering index range scan on sbtest7 using k_7 over (1823676 <= k <= 1823776)  (cost=18.3 rows=90)


table 8 : explain SELECT k FROM sbtest8 WHERE k BETWEEN 1823676 AND 1823776
	-> Filter: (sbtest8.k between 1823676 and 1823776)  (cost=23.3 rows=115)
    -> Covering index range scan on sbtest8 using k_8 over (1823676 <= k <= 1823776)  (cost=23.3 rows=115)


explain: for range-covered :: explain SELECT k FROM sbtest%d WHERE k BETWEEN 1786794 AND 1786894
for range-covered
table 1 : explain SELECT k FROM sbtest1 WHERE k BETWEEN 5595950 AND 5596050
	-> Filter: (sbtest1.k between 5595950 and 5596050)  (cost=21.1 rows=104)
    -> Covering index range scan on sbtest1 using k_1 over (5595950 <= k <= 5596050)  (cost=21.1 rows=104)


table 2 : explain SELECT k FROM sbtest2 WHERE k BETWEEN 5595950 AND 5596050
	-> Filter: (sbtest2.k between 5595950 and 5596050)  (cost=22.5 rows=111)
    -> Covering index range scan on sbtest2 using k_2 over (5595950 <= k <= 5596050)  (cost=22.5 rows=111)


table 3 : explain SELECT k FROM sbtest3 WHERE k BETWEEN 5595950 AND 5596050
	-> Filter: (sbtest3.k between 5595950 and 5596050)  (cost=22.1 rows=109)
    -> Covering index range scan on sbtest3 using k_3 over (5595950 <= k <= 5596050)  (cost=22.1 rows=109)


table 4 : explain SELECT k FROM sbtest4 WHERE k BETWEEN 5595950 AND 5596050
	-> Filter: (sbtest4.k between 5595950 and 5596050)  (cost=23.1 rows=114)
    -> Covering index range scan on sbtest4 using k_4 over (5595950 <= k <= 5596050)  (cost=23.1 rows=114)


table 5 : explain SELECT k FROM sbtest5 WHERE k BETWEEN 5595950 AND 5596050
	-> Filter: (sbtest5.k between 5595950 and 5596050)  (cost=19.9 rows=98)
    -> Covering index range scan on sbtest5 using k_5 over (5595950 <= k <= 5596050)  (cost=19.9 rows=98)


table 6 : explain SELECT k FROM sbtest6 WHERE k BETWEEN 5595950 AND 5596050
	-> Filter: (sbtest6.k between 5595950 and 5596050)  (cost=20.7 rows=102)
    -> Covering index range scan on sbtest6 using k_6 over (5595950 <= k <= 5596050)  (cost=20.7 rows=102)


table 7 : explain SELECT k FROM sbtest7 WHERE k BETWEEN 5595950 AND 5596050
	-> Filter: (sbtest7.k between 5595950 and 5596050)  (cost=19.3 rows=95)
    -> Covering index range scan on sbtest7 using k_7 over (5595950 <= k <= 5596050)  (cost=19.3 rows=95)


table 8 : explain SELECT k FROM sbtest8 WHERE k BETWEEN 5595950 AND 5596050
	-> Filter: (sbtest8.k between 5595950 and 5596050)  (cost=17.7 rows=87)
    -> Covering index range scan on sbtest8 using k_8 over (5595950 <= k <= 5596050)  (cost=17.7 rows=87)


for range-covered
table 1 : explain SELECT k FROM sbtest1 WHERE k BETWEEN 4835917 AND 4836017
	-> Filter: (sbtest1.k between 4835917 and 4836017)  (cost=23.1 rows=114)
    -> Covering index range scan on sbtest1 using k_1 over (4835917 <= k <= 4836017)  (cost=23.1 rows=114)


table 2 : explain SELECT k FROM sbtest2 WHERE k BETWEEN 4835917 AND 4836017
	-> Filter: (sbtest2.k between 4835917 and 4836017)  (cost=20.3 rows=100)
    -> Covering index range scan on sbtest2 using k_2 over (4835917 <= k <= 4836017)  (cost=20.3 rows=100)


table 3 : explain SELECT k FROM sbtest3 WHERE k BETWEEN 4835917 AND 4836017
	-> Filter: (sbtest3.k between 4835917 and 4836017)  (cost=20.3 rows=100)
    -> Covering index range scan on sbtest3 using k_3 over (4835917 <= k <= 4836017)  (cost=20.3 rows=100)


table 4 : explain SELECT k FROM sbtest4 WHERE k BETWEEN 4835917 AND 4836017
	-> Filter: (sbtest4.k between 4835917 and 4836017)  (cost=20.9 rows=103)
    -> Covering index range scan on sbtest4 using k_4 over (4835917 <= k <= 4836017)  (cost=20.9 rows=103)


table 5 : explain SELECT k FROM sbtest5 WHERE k BETWEEN 4835917 AND 4836017
	-> Filter: (sbtest5.k between 4835917 and 4836017)  (cost=20.7 rows=102)
    -> Covering index range scan on sbtest5 using k_5 over (4835917 <= k <= 4836017)  (cost=20.7 rows=102)


table 6 : explain SELECT k FROM sbtest6 WHERE k BETWEEN 4835917 AND 4836017
	-> Filter: (sbtest6.k between 4835917 and 4836017)  (cost=21.7 rows=107)
    -> Covering index range scan on sbtest6 using k_6 over (4835917 <= k <= 4836017)  (cost=21.7 rows=107)


table 7 : explain SELECT k FROM sbtest7 WHERE k BETWEEN 4835917 AND 4836017
	-> Filter: (sbtest7.k between 4835917 and 4836017)  (cost=21.5 rows=106)
    -> Covering index range scan on sbtest7 using k_7 over (4835917 <= k <= 4836017)  (cost=21.5 rows=106)


table 8 : explain SELECT k FROM sbtest8 WHERE k BETWEEN 4835917 AND 4836017
	-> Filter: (sbtest8.k between 4835917 and 4836017)  (cost=21.9 rows=108)
    -> Covering index range scan on sbtest8 using k_8 over (4835917 <= k <= 4836017)  (cost=21.9 rows=108)


explain: for range-covered :: explain SELECT k FROM sbtest%d WHERE k BETWEEN 5917655 AND 5917755
for range-covered
table 1 : explain SELECT k FROM sbtest1 WHERE k BETWEEN 6795179 AND 6795279
	-> Filter: (sbtest1.k between 6795179 and 6795279)  (cost=21.3 rows=105)
    -> Covering index range scan on sbtest1 using k_1 over (6795179 <= k <= 6795279)  (cost=21.3 rows=105)


table 2 : explain SELECT k FROM sbtest2 WHERE k BETWEEN 6795179 AND 6795279
	-> Filter: (sbtest2.k between 6795179 and 6795279)  (cost=21.1 rows=104)
    -> Covering index range scan on sbtest2 using k_2 over (6795179 <= k <= 6795279)  (cost=21.1 rows=104)


table 3 : explain SELECT k FROM sbtest3 WHERE k BETWEEN 6795179 AND 6795279
	-> Filter: (sbtest3.k between 6795179 and 6795279)  (cost=21.9 rows=108)
    -> Covering index range scan on sbtest3 using k_3 over (6795179 <= k <= 6795279)  (cost=21.9 rows=108)


table 4 : explain SELECT k FROM sbtest4 WHERE k BETWEEN 6795179 AND 6795279
	-> Filter: (sbtest4.k between 6795179 and 6795279)  (cost=20.1 rows=99)
    -> Covering index range scan on sbtest4 using k_4 over (6795179 <= k <= 6795279)  (cost=20.1 rows=99)


table 5 : explain SELECT k FROM sbtest5 WHERE k BETWEEN 6795179 AND 6795279
	-> Filter: (sbtest5.k between 6795179 and 6795279)  (cost=20.3 rows=100)
    -> Covering index range scan on sbtest5 using k_5 over (6795179 <= k <= 6795279)  (cost=20.3 rows=100)


table 6 : explain SELECT k FROM sbtest6 WHERE k BETWEEN 6795179 AND 6795279
	-> Filter: (sbtest6.k between 6795179 and 6795279)  (cost=21.7 rows=107)
    -> Covering index range scan on sbtest6 using k_6 over (6795179 <= k <= 6795279)  (cost=21.7 rows=107)


table 7 : explain SELECT k FROM sbtest7 WHERE k BETWEEN 6795179 AND 6795279
	-> Filter: (sbtest7.k between 6795179 and 6795279)  (cost=20.5 rows=101)
    -> Covering index range scan on sbtest7 using k_7 over (6795179 <= k <= 6795279)  (cost=20.5 rows=101)


table 8 : explain SELECT k FROM sbtest8 WHERE k BETWEEN 6795179 AND 6795279
	-> Filter: (sbtest8.k between 6795179 and 6795279)  (cost=19.3 rows=95)
    -> Covering index range scan on sbtest8 using k_8 over (6795179 <= k <= 6795279)  (cost=19.3 rows=95)


explain: for range-covered :: explain SELECT k FROM sbtest%d WHERE k BETWEEN 5595950 AND 5596050explain: for range-covered :: explain SELECT k FROM sbtest%d WHERE k BETWEEN 4835917 AND 4836017

for range-covered
table 1 : explain SELECT k FROM sbtest1 WHERE k BETWEEN 7270617 AND 7270717
	-> Filter: (sbtest1.k between 7270617 and 7270717)  (cost=19.5 rows=96)
    -> Covering index range scan on sbtest1 using k_1 over (7270617 <= k <= 7270717)  (cost=19.5 rows=96)


table 2 : explain SELECT k FROM sbtest2 WHERE k BETWEEN 7270617 AND 7270717
	-> Filter: (sbtest2.k between 7270617 and 7270717)  (cost=18.9 rows=93)
    -> Covering index range scan on sbtest2 using k_2 over (7270617 <= k <= 7270717)  (cost=18.9 rows=93)


table 3 : explain SELECT k FROM sbtest3 WHERE k BETWEEN 7270617 AND 7270717
	-> Filter: (sbtest3.k between 7270617 and 7270717)  (cost=17.3 rows=85)
    -> Covering index range scan on sbtest3 using k_3 over (7270617 <= k <= 7270717)  (cost=17.3 rows=85)


table 4 : explain SELECT k FROM sbtest4 WHERE k BETWEEN 7270617 AND 7270717
	-> Filter: (sbtest4.k between 7270617 and 7270717)  (cost=19.5 rows=96)
    -> Covering index range scan on sbtest4 using k_4 over (7270617 <= k <= 7270717)  (cost=19.5 rows=96)


table 5 : explain SELECT k FROM sbtest5 WHERE k BETWEEN 7270617 AND 7270717
	-> Filter: (sbtest5.k between 7270617 and 7270717)  (cost=22.7 rows=112)
    -> Covering index range scan on sbtest5 using k_5 over (7270617 <= k <= 7270717)  (cost=22.7 rows=112)


table 6 : explain SELECT k FROM sbtest6 WHERE k BETWEEN 7270617 AND 7270717
	-> Filter: (sbtest6.k between 7270617 and 7270717)  (cost=17.5 rows=86)
    -> Covering index range scan on sbtest6 using k_6 over (7270617 <= k <= 7270717)  (cost=17.5 rows=86)


table 7 : explain SELECT k FROM sbtest7 WHERE k BETWEEN 7270617 AND 7270717
	-> Filter: (sbtest7.k between 7270617 and 7270717)  (cost=18.3 rows=90)
    -> Covering index range scan on sbtest7 using k_7 over (7270617 <= k <= 7270717)  (cost=18.3 rows=90)


table 8 : explain SELECT k FROM sbtest8 WHERE k BETWEEN 7270617 AND 7270717
	-> Filter: (sbtest8.k between 7270617 and 7270717)  (cost=20.9 rows=103)
    -> Covering index range scan on sbtest8 using k_8 over (7270617 <= k <= 7270717)  (cost=20.9 rows=103)


explain: for range-covered :: explain SELECT k FROM sbtest%d WHERE k BETWEEN 1823676 AND 1823776
for range-covered
table 1 : explain SELECT k FROM sbtest1 WHERE k BETWEEN 2207025 AND 2207125
	-> Filter: (sbtest1.k between 2207025 and 2207125)  (cost=21.7 rows=107)
    -> Covering index range scan on sbtest1 using k_1 over (2207025 <= k <= 2207125)  (cost=21.7 rows=107)


table 2 : explain SELECT k FROM sbtest2 WHERE k BETWEEN 2207025 AND 2207125
	-> Filter: (sbtest2.k between 2207025 and 2207125)  (cost=21.9 rows=108)
    -> Covering index range scan on sbtest2 using k_2 over (2207025 <= k <= 2207125)  (cost=21.9 rows=108)


table 3 : explain SELECT k FROM sbtest3 WHERE k BETWEEN 2207025 AND 2207125
	-> Filter: (sbtest3.k between 2207025 and 2207125)  (cost=24.1 rows=119)
    -> Covering index range scan on sbtest3 using k_3 over (2207025 <= k <= 2207125)  (cost=24.1 rows=119)


table 4 : explain SELECT k FROM sbtest4 WHERE k BETWEEN 2207025 AND 2207125
	-> Filter: (sbtest4.k between 2207025 and 2207125)  (cost=22.9 rows=113)
    -> Covering index range scan on sbtest4 using k_4 over (2207025 <= k <= 2207125)  (cost=22.9 rows=113)


table 5 : explain SELECT k FROM sbtest5 WHERE k BETWEEN 2207025 AND 2207125
	-> Filter: (sbtest5.k between 2207025 and 2207125)  (cost=21.3 rows=105)
    -> Covering index range scan on sbtest5 using k_5 over (2207025 <= k <= 2207125)  (cost=21.3 rows=105)


table 6 : explain SELECT k FROM sbtest6 WHERE k BETWEEN 2207025 AND 2207125
	-> Filter: (sbtest6.k between 2207025 and 2207125)  (cost=18.7 rows=92)
    -> Covering index range scan on sbtest6 using k_6 over (2207025 <= k <= 2207125)  (cost=18.7 rows=92)


table 7 : explain SELECT k FROM sbtest7 WHERE k BETWEEN 2207025 AND 2207125
	-> Filter: (sbtest7.k between 2207025 and 2207125)  (cost=23.3 rows=115)
    -> Covering index range scan on sbtest7 using k_7 over (2207025 <= k <= 2207125)  (cost=23.3 rows=115)


table 8 : explain SELECT k FROM sbtest8 WHERE k BETWEEN 2207025 AND 2207125
	-> Filter: (sbtest8.k between 2207025 and 2207125)  (cost=22.7 rows=112)
    -> Covering index range scan on sbtest8 using k_8 over (2207025 <= k <= 2207125)  (cost=22.7 rows=112)


for range-covered
table 1 : explain SELECT k FROM sbtest1 WHERE k BETWEEN 9320933 AND 9321033
	-> Filter: (sbtest1.k between 9320933 and 9321033)  (cost=22.7 rows=112)
    -> Covering index range scan on sbtest1 using k_1 over (9320933 <= k <= 9321033)  (cost=22.7 rows=112)


table 2 : explain SELECT k FROM sbtest2 WHERE k BETWEEN 9320933 AND 9321033
	-> Filter: (sbtest2.k between 9320933 and 9321033)  (cost=20.3 rows=100)
    -> Covering index range scan on sbtest2 using k_2 over (9320933 <= k <= 9321033)  (cost=20.3 rows=100)


table 3 : explain SELECT k FROM sbtest3 WHERE k BETWEEN 9320933 AND 9321033
	-> Filter: (sbtest3.k between 9320933 and 9321033)  (cost=17.3 rows=85)
    -> Covering index range scan on sbtest3 using k_3 over (9320933 <= k <= 9321033)  (cost=17.3 rows=85)


table 4 : explain SELECT k FROM sbtest4 WHERE k BETWEEN 9320933 AND 9321033
	-> Filter: (sbtest4.k between 9320933 and 9321033)  (cost=16.9 rows=83)
    -> Covering index range scan on sbtest4 using k_4 over (9320933 <= k <= 9321033)  (cost=16.9 rows=83)


table 5 : explain SELECT k FROM sbtest5 WHERE k BETWEEN 9320933 AND 9321033
	-> Filter: (sbtest5.k between 9320933 and 9321033)  (cost=18.3 rows=90)
    -> Covering index range scan on sbtest5 using k_5 over (9320933 <= k <= 9321033)  (cost=18.3 rows=90)


table 6 : explain SELECT k FROM sbtest6 WHERE k BETWEEN 9320933 AND 9321033
	-> Filter: (sbtest6.k between 9320933 and 9321033)  (cost=18.5 rows=91)
    -> Covering index range scan on sbtest6 using k_6 over (9320933 <= k <= 9321033)  (cost=18.5 rows=91)


table 7 : explain SELECT k FROM sbtest7 WHERE k BETWEEN 9320933 AND 9321033
	-> Filter: (sbtest7.k between 9320933 and 9321033)  (cost=19.7 rows=97)
    -> Covering index range scan on sbtest7 using k_7 over (9320933 <= k <= 9321033)  (cost=19.7 rows=97)


table 8 : explain SELECT k FROM sbtest8 WHERE k BETWEEN 9320933 AND 9321033
	-> Filter: (sbtest8.k between 9320933 and 9321033)  (cost=21.1 rows=104)
    -> Covering index range scan on sbtest8 using k_8 over (9320933 <= k <= 9321033)  (cost=21.1 rows=104)

explain: for range-covered :: explain SELECT k FROM sbtest%d WHERE k BETWEEN 6795179 AND 6795279

explain: for range-covered :: explain SELECT k FROM sbtest%d WHERE k BETWEEN 7270617 AND 7270717
for range-covered
table 1 : explain SELECT k FROM sbtest1 WHERE k BETWEEN 4028958 AND 4029058
	-> Filter: (sbtest1.k between 4028958 and 4029058)  (cost=20.7 rows=102)
    -> Covering index range scan on sbtest1 using k_1 over (4028958 <= k <= 4029058)  (cost=20.7 rows=102)


table 2 : explain SELECT k FROM sbtest2 WHERE k BETWEEN 4028958 AND 4029058
	-> Filter: (sbtest2.k between 4028958 and 4029058)  (cost=17.7 rows=87)
    -> Covering index range scan on sbtest2 using k_2 over (4028958 <= k <= 4029058)  (cost=17.7 rows=87)


table 3 : explain SELECT k FROM sbtest3 WHERE k BETWEEN 4028958 AND 4029058
	-> Filter: (sbtest3.k between 4028958 and 4029058)  (cost=22.9 rows=113)
    -> Covering index range scan on sbtest3 using k_3 over (4028958 <= k <= 4029058)  (cost=22.9 rows=113)


table 4 : explain SELECT k FROM sbtest4 WHERE k BETWEEN 4028958 AND 4029058
	-> Filter: (sbtest4.k between 4028958 and 4029058)  (cost=18.1 rows=89)
    -> Covering index range scan on sbtest4 using k_4 over (4028958 <= k <= 4029058)  (cost=18.1 rows=89)


table 5 : explain SELECT k FROM sbtest5 WHERE k BETWEEN 4028958 AND 4029058
	-> Filter: (sbtest5.k between 4028958 and 4029058)  (cost=22.1 rows=109)
    -> Covering index range scan on sbtest5 using k_5 over (4028958 <= k <= 4029058)  (cost=22.1 rows=109)


table 6 : explain SELECT k FROM sbtest6 WHERE k BETWEEN 4028958 AND 4029058
	-> Filter: (sbtest6.k between 4028958 and 4029058)  (cost=19.3 rows=95)
    -> Covering index range scan on sbtest6 using k_6 over (4028958 <= k <= 4029058)  (cost=19.3 rows=95)


table 7 : explain SELECT k FROM sbtest7 WHERE k BETWEEN 4028958 AND 4029058
	-> Filter: (sbtest7.k between 4028958 and 4029058)  (cost=17.5 rows=86)
    -> Covering index range scan on sbtest7 using k_7 over (4028958 <= k <= 4029058)  (cost=17.5 rows=86)


table 8 : explain SELECT k FROM sbtest8 WHERE k BETWEEN 4028958 AND 4029058
	-> Filter: (sbtest8.k between 4028958 and 4029058)  (cost=21.9 rows=108)
    -> Covering index range scan on sbtest8 using k_8 over (4028958 <= k <= 4029058)  (cost=21.9 rows=108)


for range-covered
table 1 : explain SELECT k FROM sbtest1 WHERE k BETWEEN 6227750 AND 6227850
	-> Filter: (sbtest1.k between 6227750 and 6227850)  (cost=17.9 rows=88)
    -> Covering index range scan on sbtest1 using k_1 over (6227750 <= k <= 6227850)  (cost=17.9 rows=88)


table 2 : explain SELECT k FROM sbtest2 WHERE k BETWEEN 6227750 AND 6227850
	-> Filter: (sbtest2.k between 6227750 and 6227850)  (cost=23.1 rows=114)
    -> Covering index range scan on sbtest2 using k_2 over (6227750 <= k <= 6227850)  (cost=23.1 rows=114)


table 3 : explain SELECT k FROM sbtest3 WHERE k BETWEEN 6227750 AND 6227850
	-> Filter: (sbtest3.k between 6227750 and 6227850)  (cost=19.3 rows=95)
    -> Covering index range scan on sbtest3 using k_3 over (6227750 <= k <= 6227850)  (cost=19.3 rows=95)


table 4 : explain SELECT k FROM sbtest4 WHERE k BETWEEN 6227750 AND 6227850
	-> Filter: (sbtest4.k between 6227750 and 6227850)  (cost=16.5 rows=81)
    -> Covering index range scan on sbtest4 using k_4 over (6227750 <= k <= 6227850)  (cost=16.5 rows=81)


table 5 : explain SELECT k FROM sbtest5 WHERE k BETWEEN 6227750 AND 6227850
	-> Filter: (sbtest5.k between 6227750 and 6227850)  (cost=20.7 rows=102)
    -> Covering index range scan on sbtest5 using k_5 over (6227750 <= k <= 6227850)  (cost=20.7 rows=102)


table 6 : explain SELECT k FROM sbtest6 WHERE k BETWEEN 6227750 AND 6227850
	-> Filter: (sbtest6.k between 6227750 and 6227850)  (cost=19.9 rows=98)
    -> Covering index range scan on sbtest6 using k_6 over (6227750 <= k <= 6227850)  (cost=19.9 rows=98)


table 7 : explain SELECT k FROM sbtest7 WHERE k BETWEEN 6227750 AND 6227850
	-> Filter: (sbtest7.k between 6227750 and 6227850)  (cost=22.7 rows=112)
    -> Covering index range scan on sbtest7 using k_7 over (6227750 <= k <= 6227850)  (cost=22.7 rows=112)


table 8 : explain SELECT k FROM sbtest8 WHERE k BETWEEN 6227750 AND 6227850
	-> Filter: (sbtest8.k between 6227750 and 6227850)  (cost=21.3 rows=105)
    -> Covering index range scan on sbtest8 using k_8 over (6227750 <= k <= 6227850)  (cost=21.3 rows=105)


explain: for range-covered :: explain SELECT k FROM sbtest%d WHERE k BETWEEN 2207025 AND 2207125
for range-covered
table 1 : explain SELECT k FROM sbtest1 WHERE k BETWEEN 5072241 AND 5072341
	-> Filter: (sbtest1.k between 5072241 and 5072341)  (cost=26.9 rows=133)
    -> Covering index range scan on sbtest1 using k_1 over (5072241 <= k <= 5072341)  (cost=26.9 rows=133)


table 2 : explain SELECT k FROM sbtest2 WHERE k BETWEEN 5072241 AND 5072341
	-> Filter: (sbtest2.k between 5072241 and 5072341)  (cost=20.5 rows=101)
    -> Covering index range scan on sbtest2 using k_2 over (5072241 <= k <= 5072341)  (cost=20.5 rows=101)


table 3 : explain SELECT k FROM sbtest3 WHERE k BETWEEN 5072241 AND 5072341
	-> Filter: (sbtest3.k between 5072241 and 5072341)  (cost=17.1 rows=84)
    -> Covering index range scan on sbtest3 using k_3 over (5072241 <= k <= 5072341)  (cost=17.1 rows=84)


table 4 : explain SELECT k FROM sbtest4 WHERE k BETWEEN 5072241 AND 5072341
	-> Filter: (sbtest4.k between 5072241 and 5072341)  (cost=19.5 rows=96)
    -> Covering index range scan on sbtest4 using k_4 over (5072241 <= k <= 5072341)  (cost=19.5 rows=96)


table 5 : explain SELECT k FROM sbtest5 WHERE k BETWEEN 5072241 AND 5072341
	-> Filter: (sbtest5.k between 5072241 and 5072341)  (cost=20.9 rows=103)
    -> Covering index range scan on sbtest5 using k_5 over (5072241 <= k <= 5072341)  (cost=20.9 rows=103)


table 6 : explain SELECT k FROM sbtest6 WHERE k BETWEEN 5072241 AND 5072341
	-> Filter: (sbtest6.k between 5072241 and 5072341)  (cost=18.5 rows=91)
    -> Covering index range scan on sbtest6 using k_6 over (5072241 <= k <= 5072341)  (cost=18.5 rows=91)


table 7 : explain SELECT k FROM sbtest7 WHERE k BETWEEN 5072241 AND 5072341
	-> Filter: (sbtest7.k between 5072241 and 5072341)  (cost=19.3 rows=95)
    -> Covering index range scan on sbtest7 using k_7 over (5072241 <= k <= 5072341)  (cost=19.3 rows=95)


table 8 : explain SELECT k FROM sbtest8 WHERE k BETWEEN 5072241 AND 5072341
	-> Filter: (sbtest8.k between 5072241 and 5072341)  (cost=20.3 rows=100)
    -> Covering index range scan on sbtest8 using k_8 over (5072241 <= k <= 5072341)  (cost=20.3 rows=100)


explain: for range-covered :: explain SELECT k FROM sbtest%d WHERE k BETWEEN 9320933 AND 9321033
explain: for range-covered :: explain SELECT k FROM sbtest%d WHERE k BETWEEN 6227750 AND 6227850for range-covered
table 1 : explain SELECT k FROM sbtest1 WHERE k BETWEEN 6048949 AND 6049049
	-> Filter: (sbtest1.k between 6048949 and 6049049)  (cost=19.1 rows=94)
    -> Covering index range scan on sbtest1 using k_1 over (6048949 <= k <= 6049049)  (cost=19.1 rows=94)


table 2 : explain SELECT k FROM sbtest2 WHERE k BETWEEN 6048949 AND 6049049
	-> Filter: (sbtest2.k between 6048949 and 6049049)  (cost=19.1 rows=94)
    -> Covering index range scan on sbtest2 using k_2 over (6048949 <= k <= 6049049)  (cost=19.1 rows=94)


table 3 : explain SELECT k FROM sbtest3 WHERE k BETWEEN 6048949 AND 6049049
	-> Filter: (sbtest3.k between 6048949 and 6049049)  (cost=19.3 rows=95)
    -> Covering index range scan on sbtest3 using k_3 over (6048949 <= k <= 6049049)  (cost=19.3 rows=95)


table 4 : explain SELECT k FROM sbtest4 WHERE k BETWEEN 6048949 AND 6049049
	-> Filter: (sbtest4.k between 6048949 and 6049049)  (cost=19.7 rows=97)
    -> Covering index range scan on sbtest4 using k_4 over (6048949 <= k <= 6049049)  (cost=19.7 rows=97)


table 5 : explain SELECT k FROM sbtest5 WHERE k BETWEEN 6048949 AND 6049049
	-> Filter: (sbtest5.k between 6048949 and 6049049)  (cost=19.5 rows=96)
    -> Covering index range scan on sbtest5 using k_5 over (6048949 <= k <= 6049049)  (cost=19.5 rows=96)


table 6 : explain SELECT k FROM sbtest6 WHERE k BETWEEN 6048949 AND 6049049
	-> Filter: (sbtest6.k between 6048949 and 6049049)  (cost=20.1 rows=99)
    -> Covering index range scan on sbtest6 using k_6 over (6048949 <= k <= 6049049)  (cost=20.1 rows=99)


table 7 : explain SELECT k FROM sbtest7 WHERE k BETWEEN 6048949 AND 6049049
	-> Filter: (sbtest7.k between 6048949 and 6049049)  (cost=19.7 rows=97)
    -> Covering index range scan on sbtest7 using k_7 over (6048949 <= k <= 6049049)  (cost=19.7 rows=97)


table 8 : explain SELECT k FROM sbtest8 WHERE k BETWEEN 6048949 AND 6049049
	-> Filter: (sbtest8.k between 6048949 and 6049049)  (cost=21.5 rows=106)
    -> Covering index range scan on sbtest8 using k_8 over (6048949 <= k <= 6049049)  (cost=21.5 rows=106)



explain: for range-covered :: explain SELECT k FROM sbtest%d WHERE k BETWEEN 4028958 AND 4029058
for range-covered
table 1 : explain SELECT k FROM sbtest1 WHERE k BETWEEN 6273948 AND 6274048
	-> Filter: (sbtest1.k between 6273948 and 6274048)  (cost=22.9 rows=113)
    -> Covering index range scan on sbtest1 using k_1 over (6273948 <= k <= 6274048)  (cost=22.9 rows=113)


table 2 : explain SELECT k FROM sbtest2 WHERE k BETWEEN 6273948 AND 6274048
	-> Filter: (sbtest2.k between 6273948 and 6274048)  (cost=17.5 rows=86)
    -> Covering index range scan on sbtest2 using k_2 over (6273948 <= k <= 6274048)  (cost=17.5 rows=86)


table 3 : explain SELECT k FROM sbtest3 WHERE k BETWEEN 6273948 AND 6274048
	-> Filter: (sbtest3.k between 6273948 and 6274048)  (cost=18.7 rows=92)
    -> Covering index range scan on sbtest3 using k_3 over (6273948 <= k <= 6274048)  (cost=18.7 rows=92)


table 4 : explain SELECT k FROM sbtest4 WHERE k BETWEEN 6273948 AND 6274048
	-> Filter: (sbtest4.k between 6273948 and 6274048)  (cost=20.7 rows=102)
    -> Covering index range scan on sbtest4 using k_4 over (6273948 <= k <= 6274048)  (cost=20.7 rows=102)


table 5 : explain SELECT k FROM sbtest5 WHERE k BETWEEN 6273948 AND 6274048
	-> Filter: (sbtest5.k between 6273948 and 6274048)  (cost=20.9 rows=103)
    -> Covering index range scan on sbtest5 using k_5 over (6273948 <= k <= 6274048)  (cost=20.9 rows=103)


table 6 : explain SELECT k FROM sbtest6 WHERE k BETWEEN 6273948 AND 6274048
	-> Filter: (sbtest6.k between 6273948 and 6274048)  (cost=19.3 rows=95)
    -> Covering index range scan on sbtest6 using k_6 over (6273948 <= k <= 6274048)  (cost=19.3 rows=95)


table 7 : explain SELECT k FROM sbtest7 WHERE k BETWEEN 6273948 AND 6274048
	-> Filter: (sbtest7.k between 6273948 and 6274048)  (cost=18.9 rows=93)
    -> Covering index range scan on sbtest7 using k_7 over (6273948 <= k <= 6274048)  (cost=18.9 rows=93)


table 8 : explain SELECT k FROM sbtest8 WHERE k BETWEEN 6273948 AND 6274048
	-> Filter: (sbtest8.k between 6273948 and 6274048)  (cost=18.3 rows=90)
    -> Covering index range scan on sbtest8 using k_8 over (6273948 <= k <= 6274048)  (cost=18.3 rows=90)


explain: for range-covered :: explain SELECT k FROM sbtest%d WHERE k BETWEEN 5072241 AND 5072341
for range-covered
table 1 : explain SELECT k FROM sbtest1 WHERE k BETWEEN 2903813 AND 2903913
	-> Filter: (sbtest1.k between 2903813 and 2903913)  (cost=20.9 rows=103)
    -> Covering index range scan on sbtest1 using k_1 over (2903813 <= k <= 2903913)  (cost=20.9 rows=103)


table 2 : explain SELECT k FROM sbtest2 WHERE k BETWEEN 2903813 AND 2903913
	-> Filter: (sbtest2.k between 2903813 and 2903913)  (cost=21.9 rows=108)
    -> Covering index range scan on sbtest2 using k_2 over (2903813 <= k <= 2903913)  (cost=21.9 rows=108)


table 3 : explain SELECT k FROM sbtest3 WHERE k BETWEEN 2903813 AND 2903913
	-> Filter: (sbtest3.k between 2903813 and 2903913)  (cost=17.1 rows=84)
    -> Covering index range scan on sbtest3 using k_3 over (2903813 <= k <= 2903913)  (cost=17.1 rows=84)


table 4 : explain SELECT k FROM sbtest4 WHERE k BETWEEN 2903813 AND 2903913
	-> Filter: (sbtest4.k between 2903813 and 2903913)  (cost=19.7 rows=97)
    -> Covering index range scan on sbtest4 using k_4 over (2903813 <= k <= 2903913)  (cost=19.7 rows=97)


table 5 : explain SELECT k FROM sbtest5 WHERE k BETWEEN 2903813 AND 2903913
	-> Filter: (sbtest5.k between 2903813 and 2903913)  (cost=18.7 rows=92)
    -> Covering index range scan on sbtest5 using k_5 over (2903813 <= k <= 2903913)  (cost=18.7 rows=92)


table 6 : explain SELECT k FROM sbtest6 WHERE k BETWEEN 2903813 AND 2903913
	-> Filter: (sbtest6.k between 2903813 and 2903913)  (cost=20.3 rows=100)
    -> Covering index range scan on sbtest6 using k_6 over (2903813 <= k <= 2903913)  (cost=20.3 rows=100)


table 7 : explain SELECT k FROM sbtest7 WHERE k BETWEEN 2903813 AND 2903913
	-> Filter: (sbtest7.k between 2903813 and 2903913)  (cost=18.5 rows=91)
    -> Covering index range scan on sbtest7 using k_7 over (2903813 <= k <= 2903913)  (cost=18.5 rows=91)


table 8 : explain SELECT k FROM sbtest8 WHERE k BETWEEN 2903813 AND 2903913
	-> Filter: (sbtest8.k between 2903813 and 2903913)  (cost=19.9 rows=98)
    -> Covering index range scan on sbtest8 using k_8 over (2903813 <= k <= 2903913)  (cost=19.9 rows=98)


explain: for range-covered :: explain SELECT k FROM sbtest%d WHERE k BETWEEN 6048949 AND 6049049
explain: for range-covered :: explain SELECT k FROM sbtest%d WHERE k BETWEEN 6273948 AND 6274048
for range-covered
table 1 : explain SELECT k FROM sbtest1 WHERE k BETWEEN 5909262 AND 5909362
	-> Filter: (sbtest1.k between 5909262 and 5909362)  (cost=25.9 rows=128)
    -> Covering index range scan on sbtest1 using k_1 over (5909262 <= k <= 5909362)  (cost=25.9 rows=128)


table 2 : explain SELECT k FROM sbtest2 WHERE k BETWEEN 5909262 AND 5909362
	-> Filter: (sbtest2.k between 5909262 and 5909362)  (cost=16.5 rows=81)
    -> Covering index range scan on sbtest2 using k_2 over (5909262 <= k <= 5909362)  (cost=16.5 rows=81)


table 3 : explain SELECT k FROM sbtest3 WHERE k BETWEEN 5909262 AND 5909362
	-> Filter: (sbtest3.k between 5909262 and 5909362)  (cost=18.1 rows=89)
    -> Covering index range scan on sbtest3 using k_3 over (5909262 <= k <= 5909362)  (cost=18.1 rows=89)


table 4 : explain SELECT k FROM sbtest4 WHERE k BETWEEN 5909262 AND 5909362
	-> Filter: (sbtest4.k between 5909262 and 5909362)  (cost=22.1 rows=109)
    -> Covering index range scan on sbtest4 using k_4 over (5909262 <= k <= 5909362)  (cost=22.1 rows=109)


table 5 : explain SELECT k FROM sbtest5 WHERE k BETWEEN 5909262 AND 5909362
	-> Filter: (sbtest5.k between 5909262 and 5909362)  (cost=20.3 rows=100)
    -> Covering index range scan on sbtest5 using k_5 over (5909262 <= k <= 5909362)  (cost=20.3 rows=100)


table 6 : explain SELECT k FROM sbtest6 WHERE k BETWEEN 5909262 AND 5909362
	-> Filter: (sbtest6.k between 5909262 and 5909362)  (cost=22.3 rows=110)
    -> Covering index range scan on sbtest6 using k_6 over (5909262 <= k <= 5909362)  (cost=22.3 rows=110)


table 7 : explain SELECT k FROM sbtest7 WHERE k BETWEEN 5909262 AND 5909362
	-> Filter: (sbtest7.k between 5909262 and 5909362)  (cost=21.9 rows=108)
    -> Covering index range scan on sbtest7 using k_7 over (5909262 <= k <= 5909362)  (cost=21.9 rows=108)


table 8 : explain SELECT k FROM sbtest8 WHERE k BETWEEN 5909262 AND 5909362
	-> Filter: (sbtest8.k between 5909262 and 5909362)  (cost=21.3 rows=105)
    -> Covering index range scan on sbtest8 using k_8 over (5909262 <= k <= 5909362)  (cost=21.3 rows=105)

for range-covered
table 1 : explain SELECT k FROM sbtest1 WHERE k BETWEEN 4565518 AND 4565618
	-> Filter: (sbtest1.k between 4565518 and 4565618)  (cost=19.7 rows=97)
    -> Covering index range scan on sbtest1 using k_1 over (4565518 <= k <= 4565618)  (cost=19.7 rows=97)


table 2 : explain SELECT k FROM sbtest2 WHERE k BETWEEN 4565518 AND 4565618
	-> Filter: (sbtest2.k between 4565518 and 4565618)  (cost=21.3 rows=105)
    -> Covering index range scan on sbtest2 using k_2 over (4565518 <= k <= 4565618)  (cost=21.3 rows=105)


table 3 : explain SELECT k FROM sbtest3 WHERE k BETWEEN 4565518 AND 4565618
	-> Filter: (sbtest3.k between 4565518 and 4565618)  (cost=22.7 rows=112)
    -> Covering index range scan on sbtest3 using k_3 over (4565518 <= k <= 4565618)  (cost=22.7 rows=112)


table 4 : explain SELECT k FROM sbtest4 WHERE k BETWEEN 4565518 AND 4565618
	-> Filter: (sbtest4.k between 4565518 and 4565618)  (cost=18.9 rows=93)
    -> Covering index range scan on sbtest4 using k_4 over (4565518 <= k <= 4565618)  (cost=18.9 rows=93)


table 5 : explain SELECT k FROM sbtest5 WHERE k BETWEEN 4565518 AND 4565618
	-> Filter: (sbtest5.k between 4565518 and 4565618)  (cost=23.5 rows=116)
    -> Covering index range scan on sbtest5 using k_5 over (4565518 <= k <= 4565618)  (cost=23.5 rows=116)


table 6 : explain SELECT k FROM sbtest6 WHERE k BETWEEN 4565518 AND 4565618
	-> Filter: (sbtest6.k between 4565518 and 4565618)  (cost=18.1 rows=89)
    -> Covering index range scan on sbtest6 using k_6 over (4565518 <= k <= 4565618)  (cost=18.1 rows=89)


table 7 : explain SELECT k FROM sbtest7 WHERE k BETWEEN 4565518 AND 4565618
	-> Filter: (sbtest7.k between 4565518 and 4565618)  (cost=21.9 rows=108)
    -> Covering index range scan on sbtest7 using k_7 over (4565518 <= k <= 4565618)  (cost=21.9 rows=108)


table 8 : explain SELECT k FROM sbtest8 WHERE k BETWEEN 4565518 AND 4565618
	-> Filter: (sbtest8.k between 4565518 and 4565618)  (cost=21.7 rows=107)
    -> Covering index range scan on sbtest8 using k_8 over (4565518 <= k <= 4565618)  (cost=21.7 rows=107)


for range-covered
table 1 : explain SELECT k FROM sbtest1 WHERE k BETWEEN 7334581 AND 7334681
	-> Filter: (sbtest1.k between 7334581 and 7334681)  (cost=16.7 rows=82)
    -> Covering index range scan on sbtest1 using k_1 over (7334581 <= k <= 7334681)  (cost=16.7 rows=82)


table 2 : explain SELECT k FROM sbtest2 WHERE k BETWEEN 7334581 AND 7334681
	-> Filter: (sbtest2.k between 7334581 and 7334681)  (cost=21.1 rows=104)
    -> Covering index range scan on sbtest2 using k_2 over (7334581 <= k <= 7334681)  (cost=21.1 rows=104)


table 3 : explain SELECT k FROM sbtest3 WHERE k BETWEEN 7334581 AND 7334681
	-> Filter: (sbtest3.k between 7334581 and 7334681)  (cost=18.7 rows=92)
    -> Covering index range scan on sbtest3 using k_3 over (7334581 <= k <= 7334681)  (cost=18.7 rows=92)


table 4 : explain SELECT k FROM sbtest4 WHERE k BETWEEN 7334581 AND 7334681
	-> Filter: (sbtest4.k between 7334581 and 7334681)  (cost=20.3 rows=100)
    -> Covering index range scan on sbtest4 using k_4 over (7334581 <= k <= 7334681)  (cost=20.3 rows=100)


table 5 : explain SELECT k FROM sbtest5 WHERE k BETWEEN 7334581 AND 7334681
	-> Filter: (sbtest5.k between 7334581 and 7334681)  (cost=18.5 rows=91)
    -> Covering index range scan on sbtest5 using k_5 over (7334581 <= k <= 7334681)  (cost=18.5 rows=91)


table 6 : explain SELECT k FROM sbtest6 WHERE k BETWEEN 7334581 AND 7334681
	-> Filter: (sbtest6.k between 7334581 and 7334681)  (cost=25.1 rows=124)
    -> Covering index range scan on sbtest6 using k_6 over (7334581 <= k <= 7334681)  (cost=25.1 rows=124)


table 7 : explain SELECT k FROM sbtest7 WHERE k BETWEEN 7334581 AND 7334681
	-> Filter: (sbtest7.k between 7334581 and 7334681)  (cost=20.3 rows=100)
    -> Covering index range scan on sbtest7 using k_7 over (7334581 <= k <= 7334681)  (cost=20.3 rows=100)


table 8 : explain SELECT k FROM sbtest8 WHERE k BETWEEN 7334581 AND 7334681
	-> Filter: (sbtest8.k between 7334581 and 7334681)  (cost=17.1 rows=84)
    -> Covering index range scan on sbtest8 using k_8 over (7334581 <= k <= 7334681)  (cost=17.1 rows=84)


for range-covered
table 1 : explain SELECT k FROM sbtest1 WHERE k BETWEEN 8324259 AND 8324359
	-> Filter: (sbtest1.k between 8324259 and 8324359)  (cost=23.1 rows=114)
    -> Covering index range scan on sbtest1 using k_1 over (8324259 <= k <= 8324359)  (cost=23.1 rows=114)


table 2 : explain SELECT k FROM sbtest2 WHERE k BETWEEN 8324259 AND 8324359
	-> Filter: (sbtest2.k between 8324259 and 8324359)  (cost=19.1 rows=94)
    -> Covering index range scan on sbtest2 using k_2 over (8324259 <= k <= 8324359)  (cost=19.1 rows=94)


table 3 : explain SELECT k FROM sbtest3 WHERE k BETWEEN 8324259 AND 8324359
	-> Filter: (sbtest3.k between 8324259 and 8324359)  (cost=23.9 rows=118)
    -> Covering index range scan on sbtest3 using k_3 over (8324259 <= k <= 8324359)  (cost=23.9 rows=118)


table 4 : explain SELECT k FROM sbtest4 WHERE k BETWEEN 8324259 AND 8324359
	-> Filter: (sbtest4.k between 8324259 and 8324359)  (cost=22.3 rows=110)
    -> Covering index range scan on sbtest4 using k_4 over (8324259 <= k <= 8324359)  (cost=22.3 rows=110)


table 5 : explain SELECT k FROM sbtest5 WHERE k BETWEEN 8324259 AND 8324359
	-> Filter: (sbtest5.k between 8324259 and 8324359)  (cost=19.5 rows=96)
    -> Covering index range scan on sbtest5 using k_5 over (8324259 <= k <= 8324359)  (cost=19.5 rows=96)


table 6 : explain SELECT k FROM sbtest6 WHERE k BETWEEN 8324259 AND 8324359
	-> Filter: (sbtest6.k between 8324259 and 8324359)  (cost=24.3 rows=120)
    -> Covering index range scan on sbtest6 using k_6 over (8324259 <= k <= 8324359)  (cost=24.3 rows=120)


table 7 : explain SELECT k FROM sbtest7 WHERE k BETWEEN 8324259 AND 8324359
	-> Filter: (sbtest7.k between 8324259 and 8324359)  (cost=19.5 rows=96)
    -> Covering index range scan on sbtest7 using k_7 over (8324259 <= k <= 8324359)  (cost=19.5 rows=96)


table 8 : explain SELECT k FROM sbtest8 WHERE k BETWEEN 8324259 AND 8324359
	-> Filter: (sbtest8.k between 8324259 and 8324359)  (cost=18.1 rows=89)
    -> Covering index range scan on sbtest8 using k_8 over (8324259 <= k <= 8324359)  (cost=18.1 rows=89)


for range-covered
table 1 : explain SELECT k FROM sbtest1 WHERE k BETWEEN 7153292 AND 7153392
	-> Filter: (sbtest1.k between 7153292 and 7153392)  (cost=21.5 rows=106)
    -> Covering index range scan on sbtest1 using k_1 over (7153292 <= k <= 7153392)  (cost=21.5 rows=106)


table 2 : explain SELECT k FROM sbtest2 WHERE k BETWEEN 7153292 AND 7153392
	-> Filter: (sbtest2.k between 7153292 and 7153392)  (cost=22.3 rows=110)
    -> Covering index range scan on sbtest2 using k_2 over (7153292 <= k <= 7153392)  (cost=22.3 rows=110)


table 3 : explain SELECT k FROM sbtest3 WHERE k BETWEEN 7153292 AND 7153392
	-> Filter: (sbtest3.k between 7153292 and 7153392)  (cost=22.9 rows=113)
    -> Covering index range scan on sbtest3 using k_3 over (7153292 <= k <= 7153392)  (cost=22.9 rows=113)


table 4 : explain SELECT k FROM sbtest4 WHERE k BETWEEN 7153292 AND 7153392
	-> Filter: (sbtest4.k between 7153292 and 7153392)  (cost=19.7 rows=97)
    -> Covering index range scan on sbtest4 using k_4 over (7153292 <= k <= 7153392)  (cost=19.7 rows=97)


table 5 : explain SELECT k FROM sbtest5 WHERE k BETWEEN 7153292 AND 7153392
	-> Filter: (sbtest5.k between 7153292 and 7153392)  (cost=21.3 rows=105)
    -> Covering index range scan on sbtest5 using k_5 over (7153292 <= k <= 7153392)  (cost=21.3 rows=105)


table 6 : explain SELECT k FROM sbtest6 WHERE k BETWEEN 7153292 AND 7153392
	-> Filter: (sbtest6.k between 7153292 and 7153392)  (cost=18.7 rows=92)
    -> Covering index range scan on sbtest6 using k_6 over (7153292 <= k <= 7153392)  (cost=18.7 rows=92)


table 7 : explain SELECT k FROM sbtest7 WHERE k BETWEEN 7153292 AND 7153392
	-> Filter: (sbtest7.k between 7153292 and 7153392)  (cost=18.3 rows=90)
    -> Covering index range scan on sbtest7 using k_7 over (7153292 <= k <= 7153392)  (cost=18.3 rows=90)


table 8 : explain SELECT k FROM sbtest8 WHERE k BETWEEN 7153292 AND 7153392
	-> Filter: (sbtest8.k between 7153292 and 7153392)  (cost=22.3 rows=110)
    -> Covering index range scan on sbtest8 using k_8 over (7153292 <= k <= 7153392)  (cost=22.3 rows=110)


for range-covered
table 1 : explain SELECT k FROM sbtest1 WHERE k BETWEEN 6014213 AND 6014313
	-> Filter: (sbtest1.k between 6014213 and 6014313)  (cost=22.9 rows=113)
    -> Covering index range scan on sbtest1 using k_1 over (6014213 <= k <= 6014313)  (cost=22.9 rows=113)


table 2 : explain SELECT k FROM sbtest2 WHERE k BETWEEN 6014213 AND 6014313
	-> Filter: (sbtest2.k between 6014213 and 6014313)  (cost=22.3 rows=110)
    -> Covering index range scan on sbtest2 using k_2 over (6014213 <= k <= 6014313)  (cost=22.3 rows=110)


table 3 : explain SELECT k FROM sbtest3 WHERE k BETWEEN 6014213 AND 6014313
	-> Filter: (sbtest3.k between 6014213 and 6014313)  (cost=16.5 rows=81)
    -> Covering index range scan on sbtest3 using k_3 over (6014213 <= k <= 6014313)  (cost=16.5 rows=81)


table 4 : explain SELECT k FROM sbtest4 WHERE k BETWEEN 6014213 AND 6014313
	-> Filter: (sbtest4.k between 6014213 and 6014313)  (cost=19.9 rows=98)
    -> Covering index range scan on sbtest4 using k_4 over (6014213 <= k <= 6014313)  (cost=19.9 rows=98)


table 5 : explain SELECT k FROM sbtest5 WHERE k BETWEEN 6014213 AND 6014313
	-> Filter: (sbtest5.k between 6014213 and 6014313)  (cost=21.9 rows=108)
    -> Covering index range scan on sbtest5 using k_5 over (6014213 <= k <= 6014313)  (cost=21.9 rows=108)


table 6 : explain SELECT k FROM sbtest6 WHERE k BETWEEN 6014213 AND 6014313
	-> Filter: (sbtest6.k between 6014213 and 6014313)  (cost=21.3 rows=105)
    -> Covering index range scan on sbtest6 using k_6 over (6014213 <= k <= 6014313)  (cost=21.3 rows=105)


table 7 : explain SELECT k FROM sbtest7 WHERE k BETWEEN 6014213 AND 6014313
	-> Filter: (sbtest7.k between 6014213 and 6014313)  (cost=20.5 rows=101)
    -> Covering index range scan on sbtest7 using k_7 over (6014213 <= k <= 6014313)  (cost=20.5 rows=101)


table 8 : explain SELECT k FROM sbtest8 WHERE k BETWEEN 6014213 AND 6014313
	-> Filter: (sbtest8.k between 6014213 and 6014313)  (cost=20.9 rows=103)
    -> Covering index range scan on sbtest8 using k_8 over (6014213 <= k <= 6014313)  (cost=20.9 rows=103)


explain: for range-covered :: explain SELECT k FROM sbtest%d WHERE k BETWEEN 7334581 AND 7334681
for range-covered
table 1 : explain SELECT k FROM sbtest1 WHERE k BETWEEN 6360664 AND 6360764
	-> Filter: (sbtest1.k between 6360664 and 6360764)  (cost=21.5 rows=106)
    -> Covering index range scan on sbtest1 using k_1 over (6360664 <= k <= 6360764)  (cost=21.5 rows=106)


table 2 : explain SELECT k FROM sbtest2 WHERE k BETWEEN 6360664 AND 6360764
	-> Filter: (sbtest2.k between 6360664 and 6360764)  (cost=18.9 rows=93)
    -> Covering index range scan on sbtest2 using k_2 over (6360664 <= k <= 6360764)  (cost=18.9 rows=93)


table 3 : explain SELECT k FROM sbtest3 WHERE k BETWEEN 6360664 AND 6360764
	-> Filter: (sbtest3.k between 6360664 and 6360764)  (cost=18.7 rows=92)
    -> Covering index range scan on sbtest3 using k_3 over (6360664 <= k <= 6360764)  (cost=18.7 rows=92)


table 4 : explain SELECT k FROM sbtest4 WHERE k BETWEEN 6360664 AND 6360764
	-> Filter: (sbtest4.k between 6360664 and 6360764)  (cost=18.9 rows=93)
    -> Covering index range scan on sbtest4 using k_4 over (6360664 <= k <= 6360764)  (cost=18.9 rows=93)


table 5 : explain SELECT k FROM sbtest5 WHERE k BETWEEN 6360664 AND 6360764
	-> Filter: (sbtest5.k between 6360664 and 6360764)  (cost=20.7 rows=102)
    -> Covering index range scan on sbtest5 using k_5 over (6360664 <= k <= 6360764)  (cost=20.7 rows=102)


table 6 : explain SELECT k FROM sbtest6 WHERE k BETWEEN 6360664 AND 6360764
	-> Filter: (sbtest6.k between 6360664 and 6360764)  (cost=21.1 rows=104)
    -> Covering index range scan on sbtest6 using k_6 over (6360664 <= k <= 6360764)  (cost=21.1 rows=104)


table 7 : explain SELECT k FROM sbtest7 WHERE k BETWEEN 6360664 AND 6360764
	-> Filter: (sbtest7.k between 6360664 and 6360764)  (cost=21.3 rows=105)
    -> Covering index range scan on sbtest7 using k_7 over (6360664 <= k <= 6360764)  (cost=21.3 rows=105)


table 8 : explain SELECT k FROM sbtest8 WHERE k BETWEEN 6360664 AND 6360764
	-> Filter: (sbtest8.k between 6360664 and 6360764)  (cost=21.1 rows=104)
    -> Covering index range scan on sbtest8 using k_8 over (6360664 <= k <= 6360764)  (cost=21.1 rows=104)


explain: for range-covered :: explain SELECT k FROM sbtest%d WHERE k BETWEEN 8324259 AND 8324359
for range-covered
table 1 : explain SELECT k FROM sbtest1 WHERE k BETWEEN 5007601 AND 5007701
	-> Filter: (sbtest1.k between 5007601 and 5007701)  (cost=19.5 rows=96)
    -> Covering index range scan on sbtest1 using k_1 over (5007601 <= k <= 5007701)  (cost=19.5 rows=96)


table 2 : explain SELECT k FROM sbtest2 WHERE k BETWEEN 5007601 AND 5007701
	-> Filter: (sbtest2.k between 5007601 and 5007701)  (cost=23.5 rows=116)
    -> Covering index range scan on sbtest2 using k_2 over (5007601 <= k <= 5007701)  (cost=23.5 rows=116)


table 3 : explain SELECT k FROM sbtest3 WHERE k BETWEEN 5007601 AND 5007701
	-> Filter: (sbtest3.k between 5007601 and 5007701)  (cost=19.9 rows=98)
    -> Covering index range scan on sbtest3 using k_3 over (5007601 <= k <= 5007701)  (cost=19.9 rows=98)


table 4 : explain SELECT k FROM sbtest4 WHERE k BETWEEN 5007601 AND 5007701
	-> Filter: (sbtest4.k between 5007601 and 5007701)  (cost=22.5 rows=111)
    -> Covering index range scan on sbtest4 using k_4 over (5007601 <= k <= 5007701)  (cost=22.5 rows=111)


table 5 : explain SELECT k FROM sbtest5 WHERE k BETWEEN 5007601 AND 5007701
	-> Filter: (sbtest5.k between 5007601 and 5007701)  (cost=22.5 rows=111)
    -> Covering index range scan on sbtest5 using k_5 over (5007601 <= k <= 5007701)  (cost=22.5 rows=111)


table 6 : explain SELECT k FROM sbtest6 WHERE k BETWEEN 5007601 AND 5007701
	-> Filter: (sbtest6.k between 5007601 and 5007701)  (cost=21.1 rows=104)
    -> Covering index range scan on sbtest6 using k_6 over (5007601 <= k <= 5007701)  (cost=21.1 rows=104)


table 7 : explain SELECT k FROM sbtest7 WHERE k BETWEEN 5007601 AND 5007701
	-> Filter: (sbtest7.k between 5007601 and 5007701)  (cost=20.5 rows=101)
    -> Covering index range scan on sbtest7 using k_7 over (5007601 <= k <= 5007701)  (cost=20.5 rows=101)


table 8 : explain SELECT k FROM sbtest8 WHERE k BETWEEN 5007601 AND 5007701
	-> Filter: (sbtest8.k between 5007601 and 5007701)  (cost=21.5 rows=106)
    -> Covering index range scan on sbtest8 using k_8 over (5007601 <= k <= 5007701)  (cost=21.5 rows=106)


for range-covered
table 1 : explain SELECT k FROM sbtest1 WHERE k BETWEEN 4097165 AND 4097265
	-> Filter: (sbtest1.k between 4097165 and 4097265)  (cost=20.7 rows=102)
    -> Covering index range scan on sbtest1 using k_1 over (4097165 <= k <= 4097265)  (cost=20.7 rows=102)


table 2 : explain SELECT k FROM sbtest2 WHERE k BETWEEN 4097165 AND 4097265
	-> Filter: (sbtest2.k between 4097165 and 4097265)  (cost=22.1 rows=109)
    -> Covering index range scan on sbtest2 using k_2 over (4097165 <= k <= 4097265)  (cost=22.1 rows=109)


table 3 : explain SELECT k FROM sbtest3 WHERE k BETWEEN 4097165 AND 4097265
	-> Filter: (sbtest3.k between 4097165 and 4097265)  (cost=20.9 rows=103)
    -> Covering index range scan on sbtest3 using k_3 over (4097165 <= k <= 4097265)  (cost=20.9 rows=103)


table 4 : explain SELECT k FROM sbtest4 WHERE k BETWEEN 4097165 AND 4097265
	-> Filter: (sbtest4.k between 4097165 and 4097265)  (cost=18.7 rows=92)
    -> Covering index range scan on sbtest4 using k_4 over (4097165 <= k <= 4097265)  (cost=18.7 rows=92)


table 5 : explain SELECT k FROM sbtest5 WHERE k BETWEEN 4097165 AND 4097265
	-> Filter: (sbtest5.k between 4097165 and 4097265)  (cost=21.1 rows=104)
    -> Covering index range scan on sbtest5 using k_5 over (4097165 <= k <= 4097265)  (cost=21.1 rows=104)


table 6 : explain SELECT k FROM sbtest6 WHERE k BETWEEN 4097165 AND 4097265
	-> Filter: (sbtest6.k between 4097165 and 4097265)  (cost=21.1 rows=104)
    -> Covering index range scan on sbtest6 using k_6 over (4097165 <= k <= 4097265)  (cost=21.1 rows=104)


table 7 : explain SELECT k FROM sbtest7 WHERE k BETWEEN 4097165 AND 4097265
	-> Filter: (sbtest7.k between 4097165 and 4097265)  (cost=22.7 rows=112)
    -> Covering index range scan on sbtest7 using k_7 over (4097165 <= k <= 4097265)  (cost=22.7 rows=112)


table 8 : explain SELECT k FROM sbtest8 WHERE k BETWEEN 4097165 AND 4097265
	-> Filter: (sbtest8.k between 4097165 and 4097265)  (cost=23.5 rows=116)
    -> Covering index range scan on sbtest8 using k_8 over (4097165 <= k <= 4097265)  (cost=23.5 rows=116)


for range-covered
table 1 : explain SELECT k FROM sbtest1 WHERE k BETWEEN 1611351 AND 1611451
	-> Filter: (sbtest1.k between 1611351 and 1611451)  (cost=18.9 rows=93)
    -> Covering index range scan on sbtest1 using k_1 over (1611351 <= k <= 1611451)  (cost=18.9 rows=93)


table 2 : explain SELECT k FROM sbtest2 WHERE k BETWEEN 1611351 AND 1611451
	-> Filter: (sbtest2.k between 1611351 and 1611451)  (cost=19.5 rows=96)
    -> Covering index range scan on sbtest2 using k_2 over (1611351 <= k <= 1611451)  (cost=19.5 rows=96)


table 3 : explain SELECT k FROM sbtest3 WHERE k BETWEEN 1611351 AND 1611451
	-> Filter: (sbtest3.k between 1611351 and 1611451)  (cost=22.9 rows=113)
    -> Covering index range scan on sbtest3 using k_3 over (1611351 <= k <= 1611451)  (cost=22.9 rows=113)


table 4 : explain SELECT k FROM sbtest4 WHERE k BETWEEN 1611351 AND 1611451
	-> Filter: (sbtest4.k between 1611351 and 1611451)  (cost=19.9 rows=98)
    -> Covering index range scan on sbtest4 using k_4 over (1611351 <= k <= 1611451)  (cost=19.9 rows=98)


table 5 : explain SELECT k FROM sbtest5 WHERE k BETWEEN 1611351 AND 1611451
	-> Filter: (sbtest5.k between 1611351 and 1611451)  (cost=20.7 rows=102)
    -> Covering index range scan on sbtest5 using k_5 over (1611351 <= k <= 1611451)  (cost=20.7 rows=102)


table 6 : explain SELECT k FROM sbtest6 WHERE k BETWEEN 1611351 AND 1611451
	-> Filter: (sbtest6.k between 1611351 and 1611451)  (cost=19.7 rows=97)
    -> Covering index range scan on sbtest6 using k_6 over (1611351 <= k <= 1611451)  (cost=19.7 rows=97)


table 7 : explain SELECT k FROM sbtest7 WHERE k BETWEEN 1611351 AND 1611451
	-> Filter: (sbtest7.k between 1611351 and 1611451)  (cost=16.3 rows=80)
    -> Covering index range scan on sbtest7 using k_7 over (1611351 <= k <= 1611451)  (cost=16.3 rows=80)


table 8 : explain SELECT k FROM sbtest8 WHERE k BETWEEN 1611351 AND 1611451
	-> Filter: (sbtest8.k between 1611351 and 1611451)  (cost=19.3 rows=95)
    -> Covering index range scan on sbtest8 using k_8 over (1611351 <= k <= 1611451)  (cost=19.3 rows=95)

explain: for range-covered :: explain SELECT k FROM sbtest%d WHERE k BETWEEN 6014213 AND 6014313
explain: for range-covered :: explain SELECT k FROM sbtest%d WHERE k BETWEEN 2903813 AND 2903913
explain: for range-covered :: explain SELECT k FROM sbtest%d WHERE k BETWEEN 7153292 AND 7153392explain: for range-covered :: explain SELECT k FROM sbtest%d WHERE k BETWEEN 5007601 AND 5007701
explain: for range-covered :: explain SELECT k FROM sbtest%d WHERE k BETWEEN 4097165 AND 4097265
for range-covered
table 1 : explain SELECT k FROM sbtest1 WHERE k BETWEEN 3707286 AND 3707386
	-> Filter: (sbtest1.k between 3707286 and 3707386)  (cost=22.7 rows=112)
    -> Covering index range scan on sbtest1 using k_1 over (3707286 <= k <= 3707386)  (cost=22.7 rows=112)


table 2 : explain SELECT k FROM sbtest2 WHERE k BETWEEN 3707286 AND 3707386
	-> Filter: (sbtest2.k between 3707286 and 3707386)  (cost=18.9 rows=93)
    -> Covering index range scan on sbtest2 using k_2 over (3707286 <= k <= 3707386)  (cost=18.9 rows=93)


table 3 : explain SELECT k FROM sbtest3 WHERE k BETWEEN 3707286 AND 3707386
	-> Filter: (sbtest3.k between 3707286 and 3707386)  (cost=23.7 rows=117)
    -> Covering index range scan on sbtest3 using k_3 over (3707286 <= k <= 3707386)  (cost=23.7 rows=117)


table 4 : explain SELECT k FROM sbtest4 WHERE k BETWEEN 3707286 AND 3707386
	-> Filter: (sbtest4.k between 3707286 and 3707386)  (cost=17.5 rows=86)
    -> Covering index range scan on sbtest4 using k_4 over (3707286 <= k <= 3707386)  (cost=17.5 rows=86)


table 5 : explain SELECT k FROM sbtest5 WHERE k BETWEEN 3707286 AND 3707386
	-> Filter: (sbtest5.k between 3707286 and 3707386)  (cost=19.9 rows=98)
    -> Covering index range scan on sbtest5 using k_5 over (3707286 <= k <= 3707386)  (cost=19.9 rows=98)


table 6 : explain SELECT k FROM sbtest6 WHERE k BETWEEN 3707286 AND 3707386
	-> Filter: (sbtest6.k between 3707286 and 3707386)  (cost=16.9 rows=83)
    -> Covering index range scan on sbtest6 using k_6 over (3707286 <= k <= 3707386)  (cost=16.9 rows=83)


table 7 : explain SELECT k FROM sbtest7 WHERE k BETWEEN 3707286 AND 3707386
	-> Filter: (sbtest7.k between 3707286 and 3707386)  (cost=21.5 rows=106)
    -> Covering index range scan on sbtest7 using k_7 over (3707286 <= k <= 3707386)  (cost=21.5 rows=106)


table 8 : explain SELECT k FROM sbtest8 WHERE k BETWEEN 3707286 AND 3707386
	-> Filter: (sbtest8.k between 3707286 and 3707386)  (cost=23.1 rows=114)
    -> Covering index range scan on sbtest8 using k_8 over (3707286 <= k <= 3707386)  (cost=23.1 rows=114)

for range-covered
table 1 : explain SELECT k FROM sbtest1 WHERE k BETWEEN 4835917 AND 4836017
	-> Filter: (sbtest1.k between 4835917 and 4836017)  (cost=23.1 rows=114)
    -> Covering index range scan on sbtest1 using k_1 over (4835917 <= k <= 4836017)  (cost=23.1 rows=114)


table 2 : explain SELECT k FROM sbtest2 WHERE k BETWEEN 4835917 AND 4836017
	-> Filter: (sbtest2.k between 4835917 and 4836017)  (cost=20.3 rows=100)
    -> Covering index range scan on sbtest2 using k_2 over (4835917 <= k <= 4836017)  (cost=20.3 rows=100)


table 3 : explain SELECT k FROM sbtest3 WHERE k BETWEEN 4835917 AND 4836017
	-> Filter: (sbtest3.k between 4835917 and 4836017)  (cost=20.3 rows=100)
    -> Covering index range scan on sbtest3 using k_3 over (4835917 <= k <= 4836017)  (cost=20.3 rows=100)


table 4 : explain SELECT k FROM sbtest4 WHERE k BETWEEN 4835917 AND 4836017
	-> Filter: (sbtest4.k between 4835917 and 4836017)  (cost=20.9 rows=103)
    -> Covering index range scan on sbtest4 using k_4 over (4835917 <= k <= 4836017)  (cost=20.9 rows=103)


table 5 : explain SELECT k FROM sbtest5 WHERE k BETWEEN 4835917 AND 4836017
	-> Filter: (sbtest5.k between 4835917 and 4836017)  (cost=20.7 rows=102)
    -> Covering index range scan on sbtest5 using k_5 over (4835917 <= k <= 4836017)  (cost=20.7 rows=102)


table 6 : explain SELECT k FROM sbtest6 WHERE k BETWEEN 4835917 AND 4836017
	-> Filter: (sbtest6.k between 4835917 and 4836017)  (cost=21.7 rows=107)
    -> Covering index range scan on sbtest6 using k_6 over (4835917 <= k <= 4836017)  (cost=21.7 rows=107)


table 7 : explain SELECT k FROM sbtest7 WHERE k BETWEEN 4835917 AND 4836017
	-> Filter: (sbtest7.k between 4835917 and 4836017)  (cost=21.5 rows=106)
    -> Covering index range scan on sbtest7 using k_7 over (4835917 <= k <= 4836017)  (cost=21.5 rows=106)


table 8 : explain SELECT k FROM sbtest8 WHERE k BETWEEN 4835917 AND 4836017
	-> Filter: (sbtest8.k between 4835917 and 4836017)  (cost=21.9 rows=108)
    -> Covering index range scan on sbtest8 using k_8 over (4835917 <= k <= 4836017)  (cost=21.9 rows=108)


for range-covered
table 1 : explain SELECT k FROM sbtest1 WHERE k BETWEEN 5469010 AND 5469110
	-> Filter: (sbtest1.k between 5469010 and 5469110)  (cost=22.3 rows=110)
    -> Covering index range scan on sbtest1 using k_1 over (5469010 <= k <= 5469110)  (cost=22.3 rows=110)


table 2 : explain SELECT k FROM sbtest2 WHERE k BETWEEN 5469010 AND 5469110
	-> Filter: (sbtest2.k between 5469010 and 5469110)  (cost=20.1 rows=99)
    -> Covering index range scan on sbtest2 using k_2 over (5469010 <= k <= 5469110)  (cost=20.1 rows=99)


table 3 : explain SELECT k FROM sbtest3 WHERE k BETWEEN 5469010 AND 5469110
	-> Filter: (sbtest3.k between 5469010 and 5469110)  (cost=20.5 rows=101)
    -> Covering index range scan on sbtest3 using k_3 over (5469010 <= k <= 5469110)  (cost=20.5 rows=101)


table 4 : explain SELECT k FROM sbtest4 WHERE k BETWEEN 5469010 AND 5469110
	-> Filter: (sbtest4.k between 5469010 and 5469110)  (cost=18.5 rows=91)
    -> Covering index range scan on sbtest4 using k_4 over (5469010 <= k <= 5469110)  (cost=18.5 rows=91)


table 5 : explain SELECT k FROM sbtest5 WHERE k BETWEEN 5469010 AND 5469110
	-> Filter: (sbtest5.k between 5469010 and 5469110)  (cost=20.3 rows=100)
    -> Covering index range scan on sbtest5 using k_5 over (5469010 <= k <= 5469110)  (cost=20.3 rows=100)


table 6 : explain SELECT k FROM sbtest6 WHERE k BETWEEN 5469010 AND 5469110
	-> Filter: (sbtest6.k between 5469010 and 5469110)  (cost=18.3 rows=90)
    -> Covering index range scan on sbtest6 using k_6 over (5469010 <= k <= 5469110)  (cost=18.3 rows=90)


table 7 : explain SELECT k FROM sbtest7 WHERE k BETWEEN 5469010 AND 5469110
	-> Filter: (sbtest7.k between 5469010 and 5469110)  (cost=18.7 rows=92)
    -> Covering index range scan on sbtest7 using k_7 over (5469010 <= k <= 5469110)  (cost=18.7 rows=92)


table 8 : explain SELECT k FROM sbtest8 WHERE k BETWEEN 5469010 AND 5469110
	-> Filter: (sbtest8.k between 5469010 and 5469110)  (cost=23.1 rows=114)
    -> Covering index range scan on sbtest8 using k_8 over (5469010 <= k <= 5469110)  (cost=23.1 rows=114)


explain: for range-covered :: explain SELECT k FROM sbtest%d WHERE k BETWEEN 4565518 AND 4565618
for range-covered
table 1 : explain SELECT k FROM sbtest1 WHERE k BETWEEN 4765656 AND 4765756
	-> Filter: (sbtest1.k between 4765656 and 4765756)  (cost=19.3 rows=95)
    -> Covering index range scan on sbtest1 using k_1 over (4765656 <= k <= 4765756)  (cost=19.3 rows=95)


table 2 : explain SELECT k FROM sbtest2 WHERE k BETWEEN 4765656 AND 4765756
	-> Filter: (sbtest2.k between 4765656 and 4765756)  (cost=21.7 rows=107)
    -> Covering index range scan on sbtest2 using k_2 over (4765656 <= k <= 4765756)  (cost=21.7 rows=107)


table 3 : explain SELECT k FROM sbtest3 WHERE k BETWEEN 4765656 AND 4765756
	-> Filter: (sbtest3.k between 4765656 and 4765756)  (cost=20.7 rows=102)
    -> Covering index range scan on sbtest3 using k_3 over (4765656 <= k <= 4765756)  (cost=20.7 rows=102)


table 4 : explain SELECT k FROM sbtest4 WHERE k BETWEEN 4765656 AND 4765756
	-> Filter: (sbtest4.k between 4765656 and 4765756)  (cost=20.1 rows=99)
    -> Covering index range scan on sbtest4 using k_4 over (4765656 <= k <= 4765756)  (cost=20.1 rows=99)


table 5 : explain SELECT k FROM sbtest5 WHERE k BETWEEN 4765656 AND 4765756
	-> Filter: (sbtest5.k between 4765656 and 4765756)  (cost=24.7 rows=122)
    -> Covering index range scan on sbtest5 using k_5 over (4765656 <= k <= 4765756)  (cost=24.7 rows=122)


table 6 : explain SELECT k FROM sbtest6 WHERE k BETWEEN 4765656 AND 4765756
	-> Filter: (sbtest6.k between 4765656 and 4765756)  (cost=22.9 rows=113)
    -> Covering index range scan on sbtest6 using k_6 over (4765656 <= k <= 4765756)  (cost=22.9 rows=113)


table 7 : explain SELECT k FROM sbtest7 WHERE k BETWEEN 4765656 AND 4765756
	-> Filter: (sbtest7.k between 4765656 and 4765756)  (cost=24.5 rows=121)
    -> Covering index range scan on sbtest7 using k_7 over (4765656 <= k <= 4765756)  (cost=24.5 rows=121)


table 8 : explain SELECT k FROM sbtest8 WHERE k BETWEEN 4765656 AND 4765756
	-> Filter: (sbtest8.k between 4765656 and 4765756)  (cost=22.9 rows=113)
    -> Covering index range scan on sbtest8 using k_8 over (4765656 <= k <= 4765756)  (cost=22.9 rows=113)


for range-covered
table 1 : explain SELECT k FROM sbtest1 WHERE k BETWEEN 4433145 AND 4433245
	-> Filter: (sbtest1.k between 4433145 and 4433245)  (cost=22.1 rows=109)
    -> Covering index range scan on sbtest1 using k_1 over (4433145 <= k <= 4433245)  (cost=22.1 rows=109)


table 2 : explain SELECT k FROM sbtest2 WHERE k BETWEEN 4433145 AND 4433245
	-> Filter: (sbtest2.k between 4433145 and 4433245)  (cost=21.1 rows=104)
    -> Covering index range scan on sbtest2 using k_2 over (4433145 <= k <= 4433245)  (cost=21.1 rows=104)


table 3 : explain SELECT k FROM sbtest3 WHERE k BETWEEN 4433145 AND 4433245
	-> Filter: (sbtest3.k between 4433145 and 4433245)  (cost=19.9 rows=98)
    -> Covering index range scan on sbtest3 using k_3 over (4433145 <= k <= 4433245)  (cost=19.9 rows=98)


table 4 : explain SELECT k FROM sbtest4 WHERE k BETWEEN 4433145 AND 4433245
	-> Filter: (sbtest4.k between 4433145 and 4433245)  (cost=24.9 rows=123)
    -> Covering index range scan on sbtest4 using k_4 over (4433145 <= k <= 4433245)  (cost=24.9 rows=123)


table 5 : explain SELECT k FROM sbtest5 WHERE k BETWEEN 4433145 AND 4433245
	-> Filter: (sbtest5.k between 4433145 and 4433245)  (cost=20.9 rows=103)
    -> Covering index range scan on sbtest5 using k_5 over (4433145 <= k <= 4433245)  (cost=20.9 rows=103)


table 6 : explain SELECT k FROM sbtest6 WHERE k BETWEEN 4433145 AND 4433245
	-> Filter: (sbtest6.k between 4433145 and 4433245)  (cost=20.7 rows=102)
    -> Covering index range scan on sbtest6 using k_6 over (4433145 <= k <= 4433245)  (cost=20.7 rows=102)


table 7 : explain SELECT k FROM sbtest7 WHERE k BETWEEN 4433145 AND 4433245
	-> Filter: (sbtest7.k between 4433145 and 4433245)  (cost=14.9 rows=73)
    -> Covering index range scan on sbtest7 using k_7 over (4433145 <= k <= 4433245)  (cost=14.9 rows=73)


table 8 : explain SELECT k FROM sbtest8 WHERE k BETWEEN 4433145 AND 4433245
	-> Filter: (sbtest8.k between 4433145 and 4433245)  (cost=22.7 rows=112)
    -> Covering index range scan on sbtest8 using k_8 over (4433145 <= k <= 4433245)  (cost=22.7 rows=112)


for range-covered
table 1 : explain SELECT k FROM sbtest1 WHERE k BETWEEN 5595950 AND 5596050
	-> Filter: (sbtest1.k between 5595950 and 5596050)  (cost=21.1 rows=104)
    -> Covering index range scan on sbtest1 using k_1 over (5595950 <= k <= 5596050)  (cost=21.1 rows=104)


table 2 : explain SELECT k FROM sbtest2 WHERE k BETWEEN 5595950 AND 5596050
	-> Filter: (sbtest2.k between 5595950 and 5596050)  (cost=22.5 rows=111)
    -> Covering index range scan on sbtest2 using k_2 over (5595950 <= k <= 5596050)  (cost=22.5 rows=111)


table 3 : explain SELECT k FROM sbtest3 WHERE k BETWEEN 5595950 AND 5596050
	-> Filter: (sbtest3.k between 5595950 and 5596050)  (cost=22.1 rows=109)
    -> Covering index range scan on sbtest3 using k_3 over (5595950 <= k <= 5596050)  (cost=22.1 rows=109)


table 4 : explain SELECT k FROM sbtest4 WHERE k BETWEEN 5595950 AND 5596050
	-> Filter: (sbtest4.k between 5595950 and 5596050)  (cost=23.1 rows=114)
    -> Covering index range scan on sbtest4 using k_4 over (5595950 <= k <= 5596050)  (cost=23.1 rows=114)


table 5 : explain SELECT k FROM sbtest5 WHERE k BETWEEN 5595950 AND 5596050
	-> Filter: (sbtest5.k between 5595950 and 5596050)  (cost=19.9 rows=98)
    -> Covering index range scan on sbtest5 using k_5 over (5595950 <= k <= 5596050)  (cost=19.9 rows=98)


table 6 : explain SELECT k FROM sbtest6 WHERE k BETWEEN 5595950 AND 5596050
	-> Filter: (sbtest6.k between 5595950 and 5596050)  (cost=20.7 rows=102)
    -> Covering index range scan on sbtest6 using k_6 over (5595950 <= k <= 5596050)  (cost=20.7 rows=102)


table 7 : explain SELECT k FROM sbtest7 WHERE k BETWEEN 5595950 AND 5596050
	-> Filter: (sbtest7.k between 5595950 and 5596050)  (cost=19.3 rows=95)
    -> Covering index range scan on sbtest7 using k_7 over (5595950 <= k <= 5596050)  (cost=19.3 rows=95)


table 8 : explain SELECT k FROM sbtest8 WHERE k BETWEEN 5595950 AND 5596050
	-> Filter: (sbtest8.k between 5595950 and 5596050)  (cost=17.7 rows=87)
    -> Covering index range scan on sbtest8 using k_8 over (5595950 <= k <= 5596050)  (cost=17.7 rows=87)



for range-covered
table 1 : explain SELECT k FROM sbtest1 WHERE k BETWEEN 2906057 AND 2906157
	-> Filter: (sbtest1.k between 2906057 and 2906157)  (cost=24.1 rows=119)
    -> Covering index range scan on sbtest1 using k_1 over (2906057 <= k <= 2906157)  (cost=24.1 rows=119)


table 2 : explain SELECT k FROM sbtest2 WHERE k BETWEEN 2906057 AND 2906157
	-> Filter: (sbtest2.k between 2906057 and 2906157)  (cost=17.3 rows=85)
    -> Covering index range scan on sbtest2 using k_2 over (2906057 <= k <= 2906157)  (cost=17.3 rows=85)


table 3 : explain SELECT k FROM sbtest3 WHERE k BETWEEN 2906057 AND 2906157
	-> Filter: (sbtest3.k between 2906057 and 2906157)  (cost=17.7 rows=87)
    -> Covering index range scan on sbtest3 using k_3 over (2906057 <= k <= 2906157)  (cost=17.7 rows=87)


table 4 : explain SELECT k FROM sbtest4 WHERE k BETWEEN 2906057 AND 2906157
	-> Filter: (sbtest4.k between 2906057 and 2906157)  (cost=18.3 rows=90)
    -> Covering index range scan on sbtest4 using k_4 over (2906057 <= k <= 2906157)  (cost=18.3 rows=90)


table 5 : explain SELECT k FROM sbtest5 WHERE k BETWEEN 2906057 AND 2906157
	-> Filter: (sbtest5.k between 2906057 and 2906157)  (cost=22.9 rows=113)
    -> Covering index range scan on sbtest5 using k_5 over (2906057 <= k <= 2906157)  (cost=22.9 rows=113)


table 6 : explain SELECT k FROM sbtest6 WHERE k BETWEEN 2906057 AND 2906157
	-> Filter: (sbtest6.k between 2906057 and 2906157)  (cost=16.3 rows=80)
    -> Covering index range scan on sbtest6 using k_6 over (2906057 <= k <= 2906157)  (cost=16.3 rows=80)


table 7 : explain SELECT k FROM sbtest7 WHERE k BETWEEN 2906057 AND 2906157
	-> Filter: (sbtest7.k between 2906057 and 2906157)  (cost=19.7 rows=97)
    -> Covering index range scan on sbtest7 using k_7 over (2906057 <= k <= 2906157)  (cost=19.7 rows=97)


table 8 : explain SELECT k FROM sbtest8 WHERE k BETWEEN 2906057 AND 2906157
	-> Filter: (sbtest8.k between 2906057 and 2906157)  (cost=18.9 rows=93)
    -> Covering index range scan on sbtest8 using k_8 over (2906057 <= k <= 2906157)  (cost=18.9 rows=93)


for range-covered
table 1 : explain SELECT k FROM sbtest1 WHERE k BETWEEN 4488193 AND 4488293
	-> Filter: (sbtest1.k between 4488193 and 4488293)  (cost=24.7 rows=122)
    -> Covering index range scan on sbtest1 using k_1 over (4488193 <= k <= 4488293)  (cost=24.7 rows=122)


table 2 : explain SELECT k FROM sbtest2 WHERE k BETWEEN 4488193 AND 4488293
	-> Filter: (sbtest2.k between 4488193 and 4488293)  (cost=18.7 rows=92)
    -> Covering index range scan on sbtest2 using k_2 over (4488193 <= k <= 4488293)  (cost=18.7 rows=92)


table 3 : explain SELECT k FROM sbtest3 WHERE k BETWEEN 4488193 AND 4488293
	-> Filter: (sbtest3.k between 4488193 and 4488293)  (cost=21.3 rows=105)
    -> Covering index range scan on sbtest3 using k_3 over (4488193 <= k <= 4488293)  (cost=21.3 rows=105)


table 4 : explain SELECT k FROM sbtest4 WHERE k BETWEEN 4488193 AND 4488293
	-> Filter: (sbtest4.k between 4488193 and 4488293)  (cost=21.9 rows=108)
    -> Covering index range scan on sbtest4 using k_4 over (4488193 <= k <= 4488293)  (cost=21.9 rows=108)


table 5 : explain SELECT k FROM sbtest5 WHERE k BETWEEN 4488193 AND 4488293
	-> Filter: (sbtest5.k between 4488193 and 4488293)  (cost=20.3 rows=100)
    -> Covering index range scan on sbtest5 using k_5 over (4488193 <= k <= 4488293)  (cost=20.3 rows=100)


table 6 : explain SELECT k FROM sbtest6 WHERE k BETWEEN 4488193 AND 4488293
	-> Filter: (sbtest6.k between 4488193 and 4488293)  (cost=22.3 rows=110)
    -> Covering index range scan on sbtest6 using k_6 over (4488193 <= k <= 4488293)  (cost=22.3 rows=110)


table 7 : explain SELECT k FROM sbtest7 WHERE k BETWEEN 4488193 AND 4488293
	-> Filter: (sbtest7.k between 4488193 and 4488293)  (cost=19.7 rows=97)
    -> Covering index range scan on sbtest7 using k_7 over (4488193 <= k <= 4488293)  (cost=19.7 rows=97)


table 8 : explain SELECT k FROM sbtest8 WHERE k BETWEEN 4488193 AND 4488293
	-> Filter: (sbtest8.k between 4488193 and 4488293)  (cost=18.5 rows=91)
    -> Covering index range scan on sbtest8 using k_8 over (4488193 <= k <= 4488293)  (cost=18.5 rows=91)


for range-covered
table 1 : explain SELECT k FROM sbtest1 WHERE k BETWEEN 6936407 AND 6936507
	-> Filter: (sbtest1.k between 6936407 and 6936507)  (cost=19.3 rows=95)
    -> Covering index range scan on sbtest1 using k_1 over (6936407 <= k <= 6936507)  (cost=19.3 rows=95)


table 2 : explain SELECT k FROM sbtest2 WHERE k BETWEEN 6936407 AND 6936507
	-> Filter: (sbtest2.k between 6936407 and 6936507)  (cost=19.5 rows=96)
    -> Covering index range scan on sbtest2 using k_2 over (6936407 <= k <= 6936507)  (cost=19.5 rows=96)


table 3 : explain SELECT k FROM sbtest3 WHERE k BETWEEN 6936407 AND 6936507
	-> Filter: (sbtest3.k between 6936407 and 6936507)  (cost=19.5 rows=96)
    -> Covering index range scan on sbtest3 using k_3 over (6936407 <= k <= 6936507)  (cost=19.5 rows=96)


table 4 : explain SELECT k FROM sbtest4 WHERE k BETWEEN 6936407 AND 6936507
	-> Filter: (sbtest4.k between 6936407 and 6936507)  (cost=22.5 rows=111)
    -> Covering index range scan on sbtest4 using k_4 over (6936407 <= k <= 6936507)  (cost=22.5 rows=111)


table 5 : explain SELECT k FROM sbtest5 WHERE k BETWEEN 6936407 AND 6936507
	-> Filter: (sbtest5.k between 6936407 and 6936507)  (cost=22.1 rows=109)
    -> Covering index range scan on sbtest5 using k_5 over (6936407 <= k <= 6936507)  (cost=22.1 rows=109)


table 6 : explain SELECT k FROM sbtest6 WHERE k BETWEEN 6936407 AND 6936507
	-> Filter: (sbtest6.k between 6936407 and 6936507)  (cost=17.9 rows=88)
    -> Covering index range scan on sbtest6 using k_6 over (6936407 <= k <= 6936507)  (cost=17.9 rows=88)


table 7 : explain SELECT k FROM sbtest7 WHERE k BETWEEN 6936407 AND 6936507
	-> Filter: (sbtest7.k between 6936407 and 6936507)  (cost=18.1 rows=89)
    -> Covering index range scan on sbtest7 using k_7 over (6936407 <= k <= 6936507)  (cost=18.1 rows=89)


table 8 : explain SELECT k FROM sbtest8 WHERE k BETWEEN 6936407 AND 6936507
	-> Filter: (sbtest8.k between 6936407 and 6936507)  (cost=22.5 rows=111)
    -> Covering index range scan on sbtest8 using k_8 over (6936407 <= k <= 6936507)  (cost=22.5 rows=111)

explain: for range-covered :: explain SELECT k FROM sbtest%d WHERE k BETWEEN 4433145 AND 4433245
explain: for range-covered :: explain SELECT k FROM sbtest%d WHERE k BETWEEN 5595950 AND 5596050for range-covered
table 1 : explain SELECT k FROM sbtest1 WHERE k BETWEEN 5878246 AND 5878346
	-> Filter: (sbtest1.k between 5878246 and 5878346)  (cost=20.1 rows=99)
    -> Covering index range scan on sbtest1 using k_1 over (5878246 <= k <= 5878346)  (cost=20.1 rows=99)


table 2 : explain SELECT k FROM sbtest2 WHERE k BETWEEN 5878246 AND 5878346
	-> Filter: (sbtest2.k between 5878246 and 5878346)  (cost=21.1 rows=104)
    -> Covering index range scan on sbtest2 using k_2 over (5878246 <= k <= 5878346)  (cost=21.1 rows=104)


table 3 : explain SELECT k FROM sbtest3 WHERE k BETWEEN 5878246 AND 5878346
	-> Filter: (sbtest3.k between 5878246 and 5878346)  (cost=19.3 rows=95)
    -> Covering index range scan on sbtest3 using k_3 over (5878246 <= k <= 5878346)  (cost=19.3 rows=95)


table 4 : explain SELECT k FROM sbtest4 WHERE k BETWEEN 5878246 AND 5878346
	-> Filter: (sbtest4.k between 5878246 and 5878346)  (cost=20.3 rows=100)
    -> Covering index range scan on sbtest4 using k_4 over (5878246 <= k <= 5878346)  (cost=20.3 rows=100)


table 5 : explain SELECT k FROM sbtest5 WHERE k BETWEEN 5878246 AND 5878346
	-> Filter: (sbtest5.k between 5878246 and 5878346)  (cost=19.5 rows=96)
    -> Covering index range scan on sbtest5 using k_5 over (5878246 <= k <= 5878346)  (cost=19.5 rows=96)


table 6 : explain SELECT k FROM sbtest6 WHERE k BETWEEN 5878246 AND 5878346
	-> Filter: (sbtest6.k between 5878246 and 5878346)  (cost=19.3 rows=95)
    -> Covering index range scan on sbtest6 using k_6 over (5878246 <= k <= 5878346)  (cost=19.3 rows=95)


table 7 : explain SELECT k FROM sbtest7 WHERE k BETWEEN 5878246 AND 5878346
	-> Filter: (sbtest7.k between 5878246 and 5878346)  (cost=18.1 rows=89)
    -> Covering index range scan on sbtest7 using k_7 over (5878246 <= k <= 5878346)  (cost=18.1 rows=89)


table 8 : explain SELECT k FROM sbtest8 WHERE k BETWEEN 5878246 AND 5878346
	-> Filter: (sbtest8.k between 5878246 and 5878346)  (cost=21.1 rows=104)
    -> Covering index range scan on sbtest8 using k_8 over (5878246 <= k <= 5878346)  (cost=21.1 rows=104)


for range-covered
table 1 : explain SELECT k FROM sbtest1 WHERE k BETWEEN 5533698 AND 5533798
	-> Filter: (sbtest1.k between 5533698 and 5533798)  (cost=18.5 rows=91)
    -> Covering index range scan on sbtest1 using k_1 over (5533698 <= k <= 5533798)  (cost=18.5 rows=91)


table 2 : explain SELECT k FROM sbtest2 WHERE k BETWEEN 5533698 AND 5533798
	-> Filter: (sbtest2.k between 5533698 and 5533798)  (cost=22.3 rows=110)
    -> Covering index range scan on sbtest2 using k_2 over (5533698 <= k <= 5533798)  (cost=22.3 rows=110)


table 3 : explain SELECT k FROM sbtest3 WHERE k BETWEEN 5533698 AND 5533798
	-> Filter: (sbtest3.k between 5533698 and 5533798)  (cost=22.5 rows=111)
    -> Covering index range scan on sbtest3 using k_3 over (5533698 <= k <= 5533798)  (cost=22.5 rows=111)


table 4 : explain SELECT k FROM sbtest4 WHERE k BETWEEN 5533698 AND 5533798
	-> Filter: (sbtest4.k between 5533698 and 5533798)  (cost=20.9 rows=103)
    -> Covering index range scan on sbtest4 using k_4 over (5533698 <= k <= 5533798)  (cost=20.9 rows=103)


table 5 : explain SELECT k FROM sbtest5 WHERE k BETWEEN 5533698 AND 5533798
	-> Filter: (sbtest5.k between 5533698 and 5533798)  (cost=22.5 rows=111)
    -> Covering index range scan on sbtest5 using k_5 over (5533698 <= k <= 5533798)  (cost=22.5 rows=111)


table 6 : explain SELECT k FROM sbtest6 WHERE k BETWEEN 5533698 AND 5533798
	-> Filter: (sbtest6.k between 5533698 and 5533798)  (cost=20.7 rows=102)
    -> Covering index range scan on sbtest6 using k_6 over (5533698 <= k <= 5533798)  (cost=20.7 rows=102)


table 7 : explain SELECT k FROM sbtest7 WHERE k BETWEEN 5533698 AND 5533798
	-> Filter: (sbtest7.k between 5533698 and 5533798)  (cost=20.9 rows=103)
    -> Covering index range scan on sbtest7 using k_7 over (5533698 <= k <= 5533798)  (cost=20.9 rows=103)


table 8 : explain SELECT k FROM sbtest8 WHERE k BETWEEN 5533698 AND 5533798
	-> Filter: (sbtest8.k between 5533698 and 5533798)  (cost=24.7 rows=122)
    -> Covering index range scan on sbtest8 using k_8 over (5533698 <= k <= 5533798)  (cost=24.7 rows=122)


explain: for range-covered :: explain SELECT k FROM sbtest%d WHERE k BETWEEN 4835917 AND 4836017

explain: for range-covered :: explain SELECT k FROM sbtest%d WHERE k BETWEEN 6360664 AND 6360764
explain: for range-covered :: explain SELECT k FROM sbtest%d WHERE k BETWEEN 5469010 AND 5469110
explain: for range-covered :: explain SELECT k FROM sbtest%d WHERE k BETWEEN 4765656 AND 4765756
explain: for range-covered :: explain SELECT k FROM sbtest%d WHERE k BETWEEN 5878246 AND 5878346
for range-covered
table 1 : explain SELECT k FROM sbtest1 WHERE k BETWEEN 3531035 AND 3531135
	-> Filter: (sbtest1.k between 3531035 and 3531135)  (cost=19.9 rows=98)
    -> Covering index range scan on sbtest1 using k_1 over (3531035 <= k <= 3531135)  (cost=19.9 rows=98)


table 2 : explain SELECT k FROM sbtest2 WHERE k BETWEEN 3531035 AND 3531135
	-> Filter: (sbtest2.k between 3531035 and 3531135)  (cost=18.9 rows=93)
    -> Covering index range scan on sbtest2 using k_2 over (3531035 <= k <= 3531135)  (cost=18.9 rows=93)


table 3 : explain SELECT k FROM sbtest3 WHERE k BETWEEN 3531035 AND 3531135
	-> Filter: (sbtest3.k between 3531035 and 3531135)  (cost=20.7 rows=102)
    -> Covering index range scan on sbtest3 using k_3 over (3531035 <= k <= 3531135)  (cost=20.7 rows=102)


table 4 : explain SELECT k FROM sbtest4 WHERE k BETWEEN 3531035 AND 3531135
	-> Filter: (sbtest4.k between 3531035 and 3531135)  (cost=23.9 rows=118)
    -> Covering index range scan on sbtest4 using k_4 over (3531035 <= k <= 3531135)  (cost=23.9 rows=118)


table 5 : explain SELECT k FROM sbtest5 WHERE k BETWEEN 3531035 AND 3531135
	-> Filter: (sbtest5.k between 3531035 and 3531135)  (cost=20.3 rows=100)
    -> Covering index range scan on sbtest5 using k_5 over (3531035 <= k <= 3531135)  (cost=20.3 rows=100)


table 6 : explain SELECT k FROM sbtest6 WHERE k BETWEEN 3531035 AND 3531135
	-> Filter: (sbtest6.k between 3531035 and 3531135)  (cost=15.1 rows=74)
    -> Covering index range scan on sbtest6 using k_6 over (3531035 <= k <= 3531135)  (cost=15.1 rows=74)


table 7 : explain SELECT k FROM sbtest7 WHERE k BETWEEN 3531035 AND 3531135
	-> Filter: (sbtest7.k between 3531035 and 3531135)  (cost=18.9 rows=93)
    -> Covering index range scan on sbtest7 using k_7 over (3531035 <= k <= 3531135)  (cost=18.9 rows=93)


table 8 : explain SELECT k FROM sbtest8 WHERE k BETWEEN 3531035 AND 3531135
	-> Filter: (sbtest8.k between 3531035 and 3531135)  (cost=16.9 rows=83)
    -> Covering index range scan on sbtest8 using k_8 over (3531035 <= k <= 3531135)  (cost=16.9 rows=83)


for range-covered
table 1 : explain SELECT k FROM sbtest1 WHERE k BETWEEN 2207025 AND 2207125
	-> Filter: (sbtest1.k between 2207025 and 2207125)  (cost=21.7 rows=107)
    -> Covering index range scan on sbtest1 using k_1 over (2207025 <= k <= 2207125)  (cost=21.7 rows=107)


table 2 : explain SELECT k FROM sbtest2 WHERE k BETWEEN 2207025 AND 2207125
	-> Filter: (sbtest2.k between 2207025 and 2207125)  (cost=21.9 rows=108)
    -> Covering index range scan on sbtest2 using k_2 over (2207025 <= k <= 2207125)  (cost=21.9 rows=108)


table 3 : explain SELECT k FROM sbtest3 WHERE k BETWEEN 2207025 AND 2207125
	-> Filter: (sbtest3.k between 2207025 and 2207125)  (cost=24.1 rows=119)
    -> Covering index range scan on sbtest3 using k_3 over (2207025 <= k <= 2207125)  (cost=24.1 rows=119)


table 4 : explain SELECT k FROM sbtest4 WHERE k BETWEEN 2207025 AND 2207125
	-> Filter: (sbtest4.k between 2207025 and 2207125)  (cost=22.9 rows=113)
    -> Covering index range scan on sbtest4 using k_4 over (2207025 <= k <= 2207125)  (cost=22.9 rows=113)


table 5 : explain SELECT k FROM sbtest5 WHERE k BETWEEN 2207025 AND 2207125
	-> Filter: (sbtest5.k between 2207025 and 2207125)  (cost=21.3 rows=105)
    -> Covering index range scan on sbtest5 using k_5 over (2207025 <= k <= 2207125)  (cost=21.3 rows=105)


table 6 : explain SELECT k FROM sbtest6 WHERE k BETWEEN 2207025 AND 2207125
	-> Filter: (sbtest6.k between 2207025 and 2207125)  (cost=18.7 rows=92)
    -> Covering index range scan on sbtest6 using k_6 over (2207025 <= k <= 2207125)  (cost=18.7 rows=92)


table 7 : explain SELECT k FROM sbtest7 WHERE k BETWEEN 2207025 AND 2207125
	-> Filter: (sbtest7.k between 2207025 and 2207125)  (cost=23.3 rows=115)
    -> Covering index range scan on sbtest7 using k_7 over (2207025 <= k <= 2207125)  (cost=23.3 rows=115)


table 8 : explain SELECT k FROM sbtest8 WHERE k BETWEEN 2207025 AND 2207125
	-> Filter: (sbtest8.k between 2207025 and 2207125)  (cost=22.7 rows=112)
    -> Covering index range scan on sbtest8 using k_8 over (2207025 <= k <= 2207125)  (cost=22.7 rows=112)


for range-covered
table 1 : explain SELECT k FROM sbtest1 WHERE k BETWEEN 1786794 AND 1786894
	-> Filter: (sbtest1.k between 1786794 and 1786894)  (cost=20.5 rows=101)
    -> Covering index range scan on sbtest1 using k_1 over (1786794 <= k <= 1786894)  (cost=20.5 rows=101)


table 2 : explain SELECT k FROM sbtest2 WHERE k BETWEEN 1786794 AND 1786894
	-> Filter: (sbtest2.k between 1786794 and 1786894)  (cost=24.3 rows=120)
    -> Covering index range scan on sbtest2 using k_2 over (1786794 <= k <= 1786894)  (cost=24.3 rows=120)


table 3 : explain SELECT k FROM sbtest3 WHERE k BETWEEN 1786794 AND 1786894
	-> Filter: (sbtest3.k between 1786794 and 1786894)  (cost=19.5 rows=96)
    -> Covering index range scan on sbtest3 using k_3 over (1786794 <= k <= 1786894)  (cost=19.5 rows=96)


table 4 : explain SELECT k FROM sbtest4 WHERE k BETWEEN 1786794 AND 1786894
	-> Filter: (sbtest4.k between 1786794 and 1786894)  (cost=20.3 rows=100)
    -> Covering index range scan on sbtest4 using k_4 over (1786794 <= k <= 1786894)  (cost=20.3 rows=100)


table 5 : explain SELECT k FROM sbtest5 WHERE k BETWEEN 1786794 AND 1786894
	-> Filter: (sbtest5.k between 1786794 and 1786894)  (cost=20.1 rows=99)
    -> Covering index range scan on sbtest5 using k_5 over (1786794 <= k <= 1786894)  (cost=20.1 rows=99)


table 6 : explain SELECT k FROM sbtest6 WHERE k BETWEEN 1786794 AND 1786894
	-> Filter: (sbtest6.k between 1786794 and 1786894)  (cost=18.1 rows=89)
    -> Covering index range scan on sbtest6 using k_6 over (1786794 <= k <= 1786894)  (cost=18.1 rows=89)


table 7 : explain SELECT k FROM sbtest7 WHERE k BETWEEN 1786794 AND 1786894
	-> Filter: (sbtest7.k between 1786794 and 1786894)  (cost=21.1 rows=104)
    -> Covering index range scan on sbtest7 using k_7 over (1786794 <= k <= 1786894)  (cost=21.1 rows=104)


table 8 : explain SELECT k FROM sbtest8 WHERE k BETWEEN 1786794 AND 1786894
	-> Filter: (sbtest8.k between 1786794 and 1786894)  (cost=20.7 rows=102)
    -> Covering index range scan on sbtest8 using k_8 over (1786794 <= k <= 1786894)  (cost=20.7 rows=102)



for range-covered
table 1 : explain SELECT k FROM sbtest1 WHERE k BETWEEN 5917655 AND 5917755
	-> Filter: (sbtest1.k between 5917655 and 5917755)  (cost=19.9 rows=98)
    -> Covering index range scan on sbtest1 using k_1 over (5917655 <= k <= 5917755)  (cost=19.9 rows=98)


table 2 : explain SELECT k FROM sbtest2 WHERE k BETWEEN 5917655 AND 5917755
	-> Filter: (sbtest2.k between 5917655 and 5917755)  (cost=20.7 rows=102)
    -> Covering index range scan on sbtest2 using k_2 over (5917655 <= k <= 5917755)  (cost=20.7 rows=102)


table 3 : explain SELECT k FROM sbtest3 WHERE k BETWEEN 5917655 AND 5917755
	-> Filter: (sbtest3.k between 5917655 and 5917755)  (cost=21.9 rows=108)
    -> Covering index range scan on sbtest3 using k_3 over (5917655 <= k <= 5917755)  (cost=21.9 rows=108)


table 4 : explain SELECT k FROM sbtest4 WHERE k BETWEEN 5917655 AND 5917755
	-> Filter: (sbtest4.k between 5917655 and 5917755)  (cost=20.3 rows=100)
    -> Covering index range scan on sbtest4 using k_4 over (5917655 <= k <= 5917755)  (cost=20.3 rows=100)


table 5 : explain SELECT k FROM sbtest5 WHERE k BETWEEN 5917655 AND 5917755
	-> Filter: (sbtest5.k between 5917655 and 5917755)  (cost=22.9 rows=113)
    -> Covering index range scan on sbtest5 using k_5 over (5917655 <= k <= 5917755)  (cost=22.9 rows=113)


table 6 : explain SELECT k FROM sbtest6 WHERE k BETWEEN 5917655 AND 5917755
	-> Filter: (sbtest6.k between 5917655 and 5917755)  (cost=18.9 rows=93)
    -> Covering index range scan on sbtest6 using k_6 over (5917655 <= k <= 5917755)  (cost=18.9 rows=93)


table 7 : explain SELECT k FROM sbtest7 WHERE k BETWEEN 5917655 AND 5917755
	-> Filter: (sbtest7.k between 5917655 and 5917755)  (cost=21.3 rows=105)
    -> Covering index range scan on sbtest7 using k_7 over (5917655 <= k <= 5917755)  (cost=21.3 rows=105)


table 8 : explain SELECT k FROM sbtest8 WHERE k BETWEEN 5917655 AND 5917755
	-> Filter: (sbtest8.k between 5917655 and 5917755)  (cost=22.3 rows=110)
    -> Covering index range scan on sbtest8 using k_8 over (5917655 <= k <= 5917755)  (cost=22.3 rows=110)


for range-covered
table 1 : explain SELECT k FROM sbtest1 WHERE k BETWEEN 8511897 AND 8511997
	-> Filter: (sbtest1.k between 8511897 and 8511997)  (cost=19.1 rows=94)
    -> Covering index range scan on sbtest1 using k_1 over (8511897 <= k <= 8511997)  (cost=19.1 rows=94)


table 2 : explain SELECT k FROM sbtest2 WHERE k BETWEEN 8511897 AND 8511997
	-> Filter: (sbtest2.k between 8511897 and 8511997)  (cost=19.1 rows=94)
    -> Covering index range scan on sbtest2 using k_2 over (8511897 <= k <= 8511997)  (cost=19.1 rows=94)


table 3 : explain SELECT k FROM sbtest3 WHERE k BETWEEN 8511897 AND 8511997
	-> Filter: (sbtest3.k between 8511897 and 8511997)  (cost=21.7 rows=107)
    -> Covering index range scan on sbtest3 using k_3 over (8511897 <= k <= 8511997)  (cost=21.7 rows=107)


table 4 : explain SELECT k FROM sbtest4 WHERE k BETWEEN 8511897 AND 8511997
	-> Filter: (sbtest4.k between 8511897 and 8511997)  (cost=20.1 rows=99)
    -> Covering index range scan on sbtest4 using k_4 over (8511897 <= k <= 8511997)  (cost=20.1 rows=99)


table 5 : explain SELECT k FROM sbtest5 WHERE k BETWEEN 8511897 AND 8511997
	-> Filter: (sbtest5.k between 8511897 and 8511997)  (cost=20.7 rows=102)
    -> Covering index range scan on sbtest5 using k_5 over (8511897 <= k <= 8511997)  (cost=20.7 rows=102)


table 6 : explain SELECT k FROM sbtest6 WHERE k BETWEEN 8511897 AND 8511997
	-> Filter: (sbtest6.k between 8511897 and 8511997)  (cost=20.9 rows=103)
    -> Covering index range scan on sbtest6 using k_6 over (8511897 <= k <= 8511997)  (cost=20.9 rows=103)


table 7 : explain SELECT k FROM sbtest7 WHERE k BETWEEN 8511897 AND 8511997
	-> Filter: (sbtest7.k between 8511897 and 8511997)  (cost=23.3 rows=115)
    -> Covering index range scan on sbtest7 using k_7 over (8511897 <= k <= 8511997)  (cost=23.3 rows=115)


table 8 : explain SELECT k FROM sbtest8 WHERE k BETWEEN 8511897 AND 8511997
	-> Filter: (sbtest8.k between 8511897 and 8511997)  (cost=18.7 rows=92)
    -> Covering index range scan on sbtest8 using k_8 over (8511897 <= k <= 8511997)  (cost=18.7 rows=92)


for range-covered
table 1 : explain SELECT k FROM sbtest1 WHERE k BETWEEN 7270617 AND 7270717
	-> Filter: (sbtest1.k between 7270617 and 7270717)  (cost=19.5 rows=96)
    -> Covering index range scan on sbtest1 using k_1 over (7270617 <= k <= 7270717)  (cost=19.5 rows=96)


table 2 : explain SELECT k FROM sbtest2 WHERE k BETWEEN 7270617 AND 7270717
	-> Filter: (sbtest2.k between 7270617 and 7270717)  (cost=18.9 rows=93)
    -> Covering index range scan on sbtest2 using k_2 over (7270617 <= k <= 7270717)  (cost=18.9 rows=93)


table 3 : explain SELECT k FROM sbtest3 WHERE k BETWEEN 7270617 AND 7270717
	-> Filter: (sbtest3.k between 7270617 and 7270717)  (cost=17.3 rows=85)
    -> Covering index range scan on sbtest3 using k_3 over (7270617 <= k <= 7270717)  (cost=17.3 rows=85)


table 4 : explain SELECT k FROM sbtest4 WHERE k BETWEEN 7270617 AND 7270717
	-> Filter: (sbtest4.k between 7270617 and 7270717)  (cost=19.5 rows=96)
    -> Covering index range scan on sbtest4 using k_4 over (7270617 <= k <= 7270717)  (cost=19.5 rows=96)


table 5 : explain SELECT k FROM sbtest5 WHERE k BETWEEN 7270617 AND 7270717
	-> Filter: (sbtest5.k between 7270617 and 7270717)  (cost=22.7 rows=112)
    -> Covering index range scan on sbtest5 using k_5 over (7270617 <= k <= 7270717)  (cost=22.7 rows=112)


table 6 : explain SELECT k FROM sbtest6 WHERE k BETWEEN 7270617 AND 7270717
	-> Filter: (sbtest6.k between 7270617 and 7270717)  (cost=17.5 rows=86)
    -> Covering index range scan on sbtest6 using k_6 over (7270617 <= k <= 7270717)  (cost=17.5 rows=86)


table 7 : explain SELECT k FROM sbtest7 WHERE k BETWEEN 7270617 AND 7270717
	-> Filter: (sbtest7.k between 7270617 and 7270717)  (cost=18.3 rows=90)
    -> Covering index range scan on sbtest7 using k_7 over (7270617 <= k <= 7270717)  (cost=18.3 rows=90)


table 8 : explain SELECT k FROM sbtest8 WHERE k BETWEEN 7270617 AND 7270717
	-> Filter: (sbtest8.k between 7270617 and 7270717)  (cost=20.9 rows=103)
    -> Covering index range scan on sbtest8 using k_8 over (7270617 <= k <= 7270717)  (cost=20.9 rows=103)



explain: for range-covered :: explain SELECT k FROM sbtest%d WHERE k BETWEEN 2207025 AND 2207125for range-covered
table 1 : explain SELECT k FROM sbtest1 WHERE k BETWEEN 6227750 AND 6227850
	-> Filter: (sbtest1.k between 6227750 and 6227850)  (cost=17.9 rows=88)
    -> Covering index range scan on sbtest1 using k_1 over (6227750 <= k <= 6227850)  (cost=17.9 rows=88)


table 2 : explain SELECT k FROM sbtest2 WHERE k BETWEEN 6227750 AND 6227850
	-> Filter: (sbtest2.k between 6227750 and 6227850)  (cost=23.1 rows=114)
    -> Covering index range scan on sbtest2 using k_2 over (6227750 <= k <= 6227850)  (cost=23.1 rows=114)


table 3 : explain SELECT k FROM sbtest3 WHERE k BETWEEN 6227750 AND 6227850
	-> Filter: (sbtest3.k between 6227750 and 6227850)  (cost=19.3 rows=95)
    -> Covering index range scan on sbtest3 using k_3 over (6227750 <= k <= 6227850)  (cost=19.3 rows=95)


table 4 : explain SELECT k FROM sbtest4 WHERE k BETWEEN 6227750 AND 6227850
	-> Filter: (sbtest4.k between 6227750 and 6227850)  (cost=16.5 rows=81)
    -> Covering index range scan on sbtest4 using k_4 over (6227750 <= k <= 6227850)  (cost=16.5 rows=81)


table 5 : explain SELECT k FROM sbtest5 WHERE k BETWEEN 6227750 AND 6227850
	-> Filter: (sbtest5.k between 6227750 and 6227850)  (cost=20.7 rows=102)
    -> Covering index range scan on sbtest5 using k_5 over (6227750 <= k <= 6227850)  (cost=20.7 rows=102)


table 6 : explain SELECT k FROM sbtest6 WHERE k BETWEEN 6227750 AND 6227850
	-> Filter: (sbtest6.k between 6227750 and 6227850)  (cost=19.9 rows=98)
    -> Covering index range scan on sbtest6 using k_6 over (6227750 <= k <= 6227850)  (cost=19.9 rows=98)


table 7 : explain SELECT k FROM sbtest7 WHERE k BETWEEN 6227750 AND 6227850
	-> Filter: (sbtest7.k between 6227750 and 6227850)  (cost=22.7 rows=112)
    -> Covering index range scan on sbtest7 using k_7 over (6227750 <= k <= 6227850)  (cost=22.7 rows=112)


table 8 : explain SELECT k FROM sbtest8 WHERE k BETWEEN 6227750 AND 6227850
	-> Filter: (sbtest8.k between 6227750 and 6227850)  (cost=21.3 rows=105)
    -> Covering index range scan on sbtest8 using k_8 over (6227750 <= k <= 6227850)  (cost=21.3 rows=105)


explain: for range-covered :: explain SELECT k FROM sbtest%d WHERE k BETWEEN 2906057 AND 2906157
explain: for range-covered :: explain SELECT k FROM sbtest%d WHERE k BETWEEN 4488193 AND 4488293explain: for range-covered :: explain SELECT k FROM sbtest%d WHERE k BETWEEN 3707286 AND 3707386for range-covered
table 1 : explain SELECT k FROM sbtest1 WHERE k BETWEEN 6795179 AND 6795279
	-> Filter: (sbtest1.k between 6795179 and 6795279)  (cost=21.3 rows=105)
    -> Covering index range scan on sbtest1 using k_1 over (6795179 <= k <= 6795279)  (cost=21.3 rows=105)


table 2 : explain SELECT k FROM sbtest2 WHERE k BETWEEN 6795179 AND 6795279
	-> Filter: (sbtest2.k between 6795179 and 6795279)  (cost=21.1 rows=104)
    -> Covering index range scan on sbtest2 using k_2 over (6795179 <= k <= 6795279)  (cost=21.1 rows=104)


table 3 : explain SELECT k FROM sbtest3 WHERE k BETWEEN 6795179 AND 6795279
	-> Filter: (sbtest3.k between 6795179 and 6795279)  (cost=21.9 rows=108)
    -> Covering index range scan on sbtest3 using k_3 over (6795179 <= k <= 6795279)  (cost=21.9 rows=108)


table 4 : explain SELECT k FROM sbtest4 WHERE k BETWEEN 6795179 AND 6795279
	-> Filter: (sbtest4.k between 6795179 and 6795279)  (cost=20.1 rows=99)
    -> Covering index range scan on sbtest4 using k_4 over (6795179 <= k <= 6795279)  (cost=20.1 rows=99)


table 5 : explain SELECT k FROM sbtest5 WHERE k BETWEEN 6795179 AND 6795279
	-> Filter: (sbtest5.k between 6795179 and 6795279)  (cost=20.3 rows=100)
    -> Covering index range scan on sbtest5 using k_5 over (6795179 <= k <= 6795279)  (cost=20.3 rows=100)


table 6 : explain SELECT k FROM sbtest6 WHERE k BETWEEN 6795179 AND 6795279
	-> Filter: (sbtest6.k between 6795179 and 6795279)  (cost=21.7 rows=107)
    -> Covering index range scan on sbtest6 using k_6 over (6795179 <= k <= 6795279)  (cost=21.7 rows=107)


table 7 : explain SELECT k FROM sbtest7 WHERE k BETWEEN 6795179 AND 6795279
	-> Filter: (sbtest7.k between 6795179 and 6795279)  (cost=20.5 rows=101)
    -> Covering index range scan on sbtest7 using k_7 over (6795179 <= k <= 6795279)  (cost=20.5 rows=101)


table 8 : explain SELECT k FROM sbtest8 WHERE k BETWEEN 6795179 AND 6795279
	-> Filter: (sbtest8.k between 6795179 and 6795279)  (cost=19.3 rows=95)
    -> Covering index range scan on sbtest8 using k_8 over (6795179 <= k <= 6795279)  (cost=19.3 rows=95)


for range-covered
table 1 : explain SELECT k FROM sbtest1 WHERE k BETWEEN 4982434 AND 4982534
	-> Filter: (sbtest1.k between 4982434 and 4982534)  (cost=23.3 rows=115)
    -> Covering index range scan on sbtest1 using k_1 over (4982434 <= k <= 4982534)  (cost=23.3 rows=115)


table 2 : explain SELECT k FROM sbtest2 WHERE k BETWEEN 4982434 AND 4982534
	-> Filter: (sbtest2.k between 4982434 and 4982534)  (cost=19.5 rows=96)
    -> Covering index range scan on sbtest2 using k_2 over (4982434 <= k <= 4982534)  (cost=19.5 rows=96)


table 3 : explain SELECT k FROM sbtest3 WHERE k BETWEEN 4982434 AND 4982534
	-> Filter: (sbtest3.k between 4982434 and 4982534)  (cost=21.1 rows=104)
    -> Covering index range scan on sbtest3 using k_3 over (4982434 <= k <= 4982534)  (cost=21.1 rows=104)


table 4 : explain SELECT k FROM sbtest4 WHERE k BETWEEN 4982434 AND 4982534
	-> Filter: (sbtest4.k between 4982434 and 4982534)  (cost=22.3 rows=110)
    -> Covering index range scan on sbtest4 using k_4 over (4982434 <= k <= 4982534)  (cost=22.3 rows=110)


table 5 : explain SELECT k FROM sbtest5 WHERE k BETWEEN 4982434 AND 4982534
	-> Filter: (sbtest5.k between 4982434 and 4982534)  (cost=20.3 rows=100)
    -> Covering index range scan on sbtest5 using k_5 over (4982434 <= k <= 4982534)  (cost=20.3 rows=100)


table 6 : explain SELECT k FROM sbtest6 WHERE k BETWEEN 4982434 AND 4982534
	-> Filter: (sbtest6.k between 4982434 and 4982534)  (cost=20.5 rows=101)
    -> Covering index range scan on sbtest6 using k_6 over (4982434 <= k <= 4982534)  (cost=20.5 rows=101)


table 7 : explain SELECT k FROM sbtest7 WHERE k BETWEEN 4982434 AND 4982534
	-> Filter: (sbtest7.k between 4982434 and 4982534)  (cost=19.5 rows=96)
    -> Covering index range scan on sbtest7 using k_7 over (4982434 <= k <= 4982534)  (cost=19.5 rows=96)


table 8 : explain SELECT k FROM sbtest8 WHERE k BETWEEN 4982434 AND 4982534
	-> Filter: (sbtest8.k between 4982434 and 4982534)  (cost=19.5 rows=96)
    -> Covering index range scan on sbtest8 using k_8 over (4982434 <= k <= 4982534)  (cost=19.5 rows=96)

for range-covered
table 1 : explain SELECT k FROM sbtest1 WHERE k BETWEEN 4028958 AND 4029058
	-> Filter: (sbtest1.k between 4028958 and 4029058)  (cost=20.7 rows=102)
    -> Covering index range scan on sbtest1 using k_1 over (4028958 <= k <= 4029058)  (cost=20.7 rows=102)


table 2 : explain SELECT k FROM sbtest2 WHERE k BETWEEN 4028958 AND 4029058
	-> Filter: (sbtest2.k between 4028958 and 4029058)  (cost=17.7 rows=87)
    -> Covering index range scan on sbtest2 using k_2 over (4028958 <= k <= 4029058)  (cost=17.7 rows=87)


table 3 : explain SELECT k FROM sbtest3 WHERE k BETWEEN 4028958 AND 4029058
	-> Filter: (sbtest3.k between 4028958 and 4029058)  (cost=22.9 rows=113)
    -> Covering index range scan on sbtest3 using k_3 over (4028958 <= k <= 4029058)  (cost=22.9 rows=113)


table 4 : explain SELECT k FROM sbtest4 WHERE k BETWEEN 4028958 AND 4029058
	-> Filter: (sbtest4.k between 4028958 and 4029058)  (cost=18.1 rows=89)
    -> Covering index range scan on sbtest4 using k_4 over (4028958 <= k <= 4029058)  (cost=18.1 rows=89)


table 5 : explain SELECT k FROM sbtest5 WHERE k BETWEEN 4028958 AND 4029058
	-> Filter: (sbtest5.k between 4028958 and 4029058)  (cost=22.1 rows=109)
    -> Covering index range scan on sbtest5 using k_5 over (4028958 <= k <= 4029058)  (cost=22.1 rows=109)


table 6 : explain SELECT k FROM sbtest6 WHERE k BETWEEN 4028958 AND 4029058
	-> Filter: (sbtest6.k between 4028958 and 4029058)  (cost=19.3 rows=95)
    -> Covering index range scan on sbtest6 using k_6 over (4028958 <= k <= 4029058)  (cost=19.3 rows=95)


table 7 : explain SELECT k FROM sbtest7 WHERE k BETWEEN 4028958 AND 4029058
	-> Filter: (sbtest7.k between 4028958 and 4029058)  (cost=17.5 rows=86)
    -> Covering index range scan on sbtest7 using k_7 over (4028958 <= k <= 4029058)  (cost=17.5 rows=86)


table 8 : explain SELECT k FROM sbtest8 WHERE k BETWEEN 4028958 AND 4029058
	-> Filter: (sbtest8.k between 4028958 and 4029058)  (cost=21.9 rows=108)
    -> Covering index range scan on sbtest8 using k_8 over (4028958 <= k <= 4029058)  (cost=21.9 rows=108)


explain: for range-covered :: explain SELECT k FROM sbtest%d WHERE k BETWEEN 1611351 AND 1611451
explain: for range-covered :: explain SELECT k FROM sbtest%d WHERE k BETWEEN 5533698 AND 5533798
explain: for range-covered :: explain SELECT k FROM sbtest%d WHERE k BETWEEN 3531035 AND 3531135

for range-covered
table 1 : explain SELECT k FROM sbtest1 WHERE k BETWEEN 6846578 AND 6846678
	-> Filter: (sbtest1.k between 6846578 and 6846678)  (cost=18.3 rows=90)
    -> Covering index range scan on sbtest1 using k_1 over (6846578 <= k <= 6846678)  (cost=18.3 rows=90)


table 2 : explain SELECT k FROM sbtest2 WHERE k BETWEEN 6846578 AND 6846678
	-> Filter: (sbtest2.k between 6846578 and 6846678)  (cost=19.7 rows=97)
    -> Covering index range scan on sbtest2 using k_2 over (6846578 <= k <= 6846678)  (cost=19.7 rows=97)


table 3 : explain SELECT k FROM sbtest3 WHERE k BETWEEN 6846578 AND 6846678
	-> Filter: (sbtest3.k between 6846578 and 6846678)  (cost=22.5 rows=111)
    -> Covering index range scan on sbtest3 using k_3 over (6846578 <= k <= 6846678)  (cost=22.5 rows=111)


table 4 : explain SELECT k FROM sbtest4 WHERE k BETWEEN 6846578 AND 6846678
	-> Filter: (sbtest4.k between 6846578 and 6846678)  (cost=23.5 rows=116)
    -> Covering index range scan on sbtest4 using k_4 over (6846578 <= k <= 6846678)  (cost=23.5 rows=116)


table 5 : explain SELECT k FROM sbtest5 WHERE k BETWEEN 6846578 AND 6846678
	-> Filter: (sbtest5.k between 6846578 and 6846678)  (cost=19.7 rows=97)
    -> Covering index range scan on sbtest5 using k_5 over (6846578 <= k <= 6846678)  (cost=19.7 rows=97)


table 6 : explain SELECT k FROM sbtest6 WHERE k BETWEEN 6846578 AND 6846678
	-> Filter: (sbtest6.k between 6846578 and 6846678)  (cost=21.9 rows=108)
    -> Covering index range scan on sbtest6 using k_6 over (6846578 <= k <= 6846678)  (cost=21.9 rows=108)


table 7 : explain SELECT k FROM sbtest7 WHERE k BETWEEN 6846578 AND 6846678
	-> Filter: (sbtest7.k between 6846578 and 6846678)  (cost=19.3 rows=95)
    -> Covering index range scan on sbtest7 using k_7 over (6846578 <= k <= 6846678)  (cost=19.3 rows=95)


table 8 : explain SELECT k FROM sbtest8 WHERE k BETWEEN 6846578 AND 6846678
	-> Filter: (sbtest8.k between 6846578 and 6846678)  (cost=22.9 rows=113)
    -> Covering index range scan on sbtest8 using k_8 over (6846578 <= k <= 6846678)  (cost=22.9 rows=113)





explain: for range-covered :: explain SELECT k FROM sbtest%d WHERE k BETWEEN 8511897 AND 8511997explain: for range-covered :: explain SELECT k FROM sbtest%d WHERE k BETWEEN 4028958 AND 4029058
explain: for range-covered :: explain SELECT k FROM sbtest%d WHERE k BETWEEN 1786794 AND 1786894
explain: for range-covered :: explain SELECT k FROM sbtest%d WHERE k BETWEEN 7270617 AND 7270717


for range-covered
table 1 : explain SELECT k FROM sbtest1 WHERE k BETWEEN 4185972 AND 4186072
	-> Filter: (sbtest1.k between 4185972 and 4186072)  (cost=19.3 rows=95)
    -> Covering index range scan on sbtest1 using k_1 over (4185972 <= k <= 4186072)  (cost=19.3 rows=95)


table 2 : explain SELECT k FROM sbtest2 WHERE k BETWEEN 4185972 AND 4186072
	-> Filter: (sbtest2.k between 4185972 and 4186072)  (cost=23.3 rows=115)
    -> Covering index range scan on sbtest2 using k_2 over (4185972 <= k <= 4186072)  (cost=23.3 rows=115)


table 3 : explain SELECT k FROM sbtest3 WHERE k BETWEEN 4185972 AND 4186072
	-> Filter: (sbtest3.k between 4185972 and 4186072)  (cost=22.1 rows=109)
    -> Covering index range scan on sbtest3 using k_3 over (4185972 <= k <= 4186072)  (cost=22.1 rows=109)


table 4 : explain SELECT k FROM sbtest4 WHERE k BETWEEN 4185972 AND 4186072
	-> Filter: (sbtest4.k between 4185972 and 4186072)  (cost=22.3 rows=110)
    -> Covering index range scan on sbtest4 using k_4 over (4185972 <= k <= 4186072)  (cost=22.3 rows=110)


table 5 : explain SELECT k FROM sbtest5 WHERE k BETWEEN 4185972 AND 4186072
	-> Filter: (sbtest5.k between 4185972 and 4186072)  (cost=22.7 rows=112)
    -> Covering index range scan on sbtest5 using k_5 over (4185972 <= k <= 4186072)  (cost=22.7 rows=112)


table 6 : explain SELECT k FROM sbtest6 WHERE k BETWEEN 4185972 AND 4186072
	-> Filter: (sbtest6.k between 4185972 and 4186072)  (cost=19.1 rows=94)
    -> Covering index range scan on sbtest6 using k_6 over (4185972 <= k <= 4186072)  (cost=19.1 rows=94)


table 7 : explain SELECT k FROM sbtest7 WHERE k BETWEEN 4185972 AND 4186072
	-> Filter: (sbtest7.k between 4185972 and 4186072)  (cost=21.9 rows=108)
    -> Covering index range scan on sbtest7 using k_7 over (4185972 <= k <= 4186072)  (cost=21.9 rows=108)


table 8 : explain SELECT k FROM sbtest8 WHERE k BETWEEN 4185972 AND 4186072
	-> Filter: (sbtest8.k between 4185972 and 4186072)  (cost=15.9 rows=78)
    -> Covering index range scan on sbtest8 using k_8 over (4185972 <= k <= 4186072)  (cost=15.9 rows=78)


explain: for range-covered :: explain SELECT k FROM sbtest%d WHERE k BETWEEN 6227750 AND 6227850
for range-covered
table 1 : explain SELECT k FROM sbtest1 WHERE k BETWEEN 1823676 AND 1823776
	-> Filter: (sbtest1.k between 1823676 and 1823776)  (cost=23.1 rows=114)
    -> Covering index range scan on sbtest1 using k_1 over (1823676 <= k <= 1823776)  (cost=23.1 rows=114)


table 2 : explain SELECT k FROM sbtest2 WHERE k BETWEEN 1823676 AND 1823776
	-> Filter: (sbtest2.k between 1823676 and 1823776)  (cost=19.5 rows=96)
    -> Covering index range scan on sbtest2 using k_2 over (1823676 <= k <= 1823776)  (cost=19.5 rows=96)


table 3 : explain SELECT k FROM sbtest3 WHERE k BETWEEN 1823676 AND 1823776
	-> Filter: (sbtest3.k between 1823676 and 1823776)  (cost=21.5 rows=106)
    -> Covering index range scan on sbtest3 using k_3 over (1823676 <= k <= 1823776)  (cost=21.5 rows=106)


table 4 : explain SELECT k FROM sbtest4 WHERE k BETWEEN 1823676 AND 1823776
	-> Filter: (sbtest4.k between 1823676 and 1823776)  (cost=23.9 rows=118)
    -> Covering index range scan on sbtest4 using k_4 over (1823676 <= k <= 1823776)  (cost=23.9 rows=118)


table 5 : explain SELECT k FROM sbtest5 WHERE k BETWEEN 1823676 AND 1823776
	-> Filter: (sbtest5.k between 1823676 and 1823776)  (cost=19.7 rows=97)
    -> Covering index range scan on sbtest5 using k_5 over (1823676 <= k <= 1823776)  (cost=19.7 rows=97)


table 6 : explain SELECT k FROM sbtest6 WHERE k BETWEEN 1823676 AND 1823776
	-> Filter: (sbtest6.k between 1823676 and 1823776)  (cost=24.7 rows=122)
    -> Covering index range scan on sbtest6 using k_6 over (1823676 <= k <= 1823776)  (cost=24.7 rows=122)


table 7 : explain SELECT k FROM sbtest7 WHERE k BETWEEN 1823676 AND 1823776
	-> Filter: (sbtest7.k between 1823676 and 1823776)  (cost=18.3 rows=90)
    -> Covering index range scan on sbtest7 using k_7 over (1823676 <= k <= 1823776)  (cost=18.3 rows=90)


table 8 : explain SELECT k FROM sbtest8 WHERE k BETWEEN 1823676 AND 1823776
	-> Filter: (sbtest8.k between 1823676 and 1823776)  (cost=23.3 rows=115)
    -> Covering index range scan on sbtest8 using k_8 over (1823676 <= k <= 1823776)  (cost=23.3 rows=115)


for range-covered
table 1 : explain SELECT k FROM sbtest1 WHERE k BETWEEN 5072241 AND 5072341
	-> Filter: (sbtest1.k between 5072241 and 5072341)  (cost=26.9 rows=133)
    -> Covering index range scan on sbtest1 using k_1 over (5072241 <= k <= 5072341)  (cost=26.9 rows=133)


table 2 : explain SELECT k FROM sbtest2 WHERE k BETWEEN 5072241 AND 5072341
	-> Filter: (sbtest2.k between 5072241 and 5072341)  (cost=20.5 rows=101)
    -> Covering index range scan on sbtest2 using k_2 over (5072241 <= k <= 5072341)  (cost=20.5 rows=101)


table 3 : explain SELECT k FROM sbtest3 WHERE k BETWEEN 5072241 AND 5072341
	-> Filter: (sbtest3.k between 5072241 and 5072341)  (cost=17.1 rows=84)
    -> Covering index range scan on sbtest3 using k_3 over (5072241 <= k <= 5072341)  (cost=17.1 rows=84)


table 4 : explain SELECT k FROM sbtest4 WHERE k BETWEEN 5072241 AND 5072341
	-> Filter: (sbtest4.k between 5072241 and 5072341)  (cost=19.5 rows=96)
    -> Covering index range scan on sbtest4 using k_4 over (5072241 <= k <= 5072341)  (cost=19.5 rows=96)


table 5 : explain SELECT k FROM sbtest5 WHERE k BETWEEN 5072241 AND 5072341
	-> Filter: (sbtest5.k between 5072241 and 5072341)  (cost=20.9 rows=103)
    -> Covering index range scan on sbtest5 using k_5 over (5072241 <= k <= 5072341)  (cost=20.9 rows=103)


table 6 : explain SELECT k FROM sbtest6 WHERE k BETWEEN 5072241 AND 5072341
	-> Filter: (sbtest6.k between 5072241 and 5072341)  (cost=18.5 rows=91)
    -> Covering index range scan on sbtest6 using k_6 over (5072241 <= k <= 5072341)  (cost=18.5 rows=91)


table 7 : explain SELECT k FROM sbtest7 WHERE k BETWEEN 5072241 AND 5072341
	-> Filter: (sbtest7.k between 5072241 and 5072341)  (cost=19.3 rows=95)
    -> Covering index range scan on sbtest7 using k_7 over (5072241 <= k <= 5072341)  (cost=19.3 rows=95)


table 8 : explain SELECT k FROM sbtest8 WHERE k BETWEEN 5072241 AND 5072341
	-> Filter: (sbtest8.k between 5072241 and 5072341)  (cost=20.3 rows=100)
    -> Covering index range scan on sbtest8 using k_8 over (5072241 <= k <= 5072341)  (cost=20.3 rows=100)


for range-covered
table 1 : explain SELECT k FROM sbtest1 WHERE k BETWEEN 6273948 AND 6274048
	-> Filter: (sbtest1.k between 6273948 and 6274048)  (cost=22.9 rows=113)
    -> Covering index range scan on sbtest1 using k_1 over (6273948 <= k <= 6274048)  (cost=22.9 rows=113)


table 2 : explain SELECT k FROM sbtest2 WHERE k BETWEEN 6273948 AND 6274048
	-> Filter: (sbtest2.k between 6273948 and 6274048)  (cost=17.5 rows=86)
    -> Covering index range scan on sbtest2 using k_2 over (6273948 <= k <= 6274048)  (cost=17.5 rows=86)


table 3 : explain SELECT k FROM sbtest3 WHERE k BETWEEN 6273948 AND 6274048
	-> Filter: (sbtest3.k between 6273948 and 6274048)  (cost=18.7 rows=92)
    -> Covering index range scan on sbtest3 using k_3 over (6273948 <= k <= 6274048)  (cost=18.7 rows=92)


table 4 : explain SELECT k FROM sbtest4 WHERE k BETWEEN 6273948 AND 6274048
	-> Filter: (sbtest4.k between 6273948 and 6274048)  (cost=20.7 rows=102)
    -> Covering index range scan on sbtest4 using k_4 over (6273948 <= k <= 6274048)  (cost=20.7 rows=102)


table 5 : explain SELECT k FROM sbtest5 WHERE k BETWEEN 6273948 AND 6274048
	-> Filter: (sbtest5.k between 6273948 and 6274048)  (cost=20.9 rows=103)
    -> Covering index range scan on sbtest5 using k_5 over (6273948 <= k <= 6274048)  (cost=20.9 rows=103)


table 6 : explain SELECT k FROM sbtest6 WHERE k BETWEEN 6273948 AND 6274048
	-> Filter: (sbtest6.k between 6273948 and 6274048)  (cost=19.3 rows=95)
    -> Covering index range scan on sbtest6 using k_6 over (6273948 <= k <= 6274048)  (cost=19.3 rows=95)


table 7 : explain SELECT k FROM sbtest7 WHERE k BETWEEN 6273948 AND 6274048
	-> Filter: (sbtest7.k between 6273948 and 6274048)  (cost=18.9 rows=93)
    -> Covering index range scan on sbtest7 using k_7 over (6273948 <= k <= 6274048)  (cost=18.9 rows=93)


table 8 : explain SELECT k FROM sbtest8 WHERE k BETWEEN 6273948 AND 6274048
	-> Filter: (sbtest8.k between 6273948 and 6274048)  (cost=18.3 rows=90)
    -> Covering index range scan on sbtest8 using k_8 over (6273948 <= k <= 6274048)  (cost=18.3 rows=90)


explain: for range-covered :: explain SELECT k FROM sbtest%d WHERE k BETWEEN 6795179 AND 6795279
for range-covered
table 1 : explain SELECT k FROM sbtest1 WHERE k BETWEEN 9320933 AND 9321033
	-> Filter: (sbtest1.k between 9320933 and 9321033)  (cost=22.7 rows=112)
    -> Covering index range scan on sbtest1 using k_1 over (9320933 <= k <= 9321033)  (cost=22.7 rows=112)


table 2 : explain SELECT k FROM sbtest2 WHERE k BETWEEN 9320933 AND 9321033
	-> Filter: (sbtest2.k between 9320933 and 9321033)  (cost=20.3 rows=100)
    -> Covering index range scan on sbtest2 using k_2 over (9320933 <= k <= 9321033)  (cost=20.3 rows=100)


table 3 : explain SELECT k FROM sbtest3 WHERE k BETWEEN 9320933 AND 9321033
	-> Filter: (sbtest3.k between 9320933 and 9321033)  (cost=17.3 rows=85)
    -> Covering index range scan on sbtest3 using k_3 over (9320933 <= k <= 9321033)  (cost=17.3 rows=85)


table 4 : explain SELECT k FROM sbtest4 WHERE k BETWEEN 9320933 AND 9321033
	-> Filter: (sbtest4.k between 9320933 and 9321033)  (cost=16.9 rows=83)
    -> Covering index range scan on sbtest4 using k_4 over (9320933 <= k <= 9321033)  (cost=16.9 rows=83)


table 5 : explain SELECT k FROM sbtest5 WHERE k BETWEEN 9320933 AND 9321033
	-> Filter: (sbtest5.k between 9320933 and 9321033)  (cost=18.3 rows=90)
    -> Covering index range scan on sbtest5 using k_5 over (9320933 <= k <= 9321033)  (cost=18.3 rows=90)


table 6 : explain SELECT k FROM sbtest6 WHERE k BETWEEN 9320933 AND 9321033
	-> Filter: (sbtest6.k between 9320933 and 9321033)  (cost=18.5 rows=91)
    -> Covering index range scan on sbtest6 using k_6 over (9320933 <= k <= 9321033)  (cost=18.5 rows=91)


table 7 : explain SELECT k FROM sbtest7 WHERE k BETWEEN 9320933 AND 9321033
	-> Filter: (sbtest7.k between 9320933 and 9321033)  (cost=19.7 rows=97)
    -> Covering index range scan on sbtest7 using k_7 over (9320933 <= k <= 9321033)  (cost=19.7 rows=97)


table 8 : explain SELECT k FROM sbtest8 WHERE k BETWEEN 9320933 AND 9321033
	-> Filter: (sbtest8.k between 9320933 and 9321033)  (cost=21.1 rows=104)
    -> Covering index range scan on sbtest8 using k_8 over (9320933 <= k <= 9321033)  (cost=21.1 rows=104)


for range-covered
table 1 : explain SELECT k FROM sbtest1 WHERE k BETWEEN 6048949 AND 6049049
	-> Filter: (sbtest1.k between 6048949 and 6049049)  (cost=19.1 rows=94)
    -> Covering index range scan on sbtest1 using k_1 over (6048949 <= k <= 6049049)  (cost=19.1 rows=94)


table 2 : explain SELECT k FROM sbtest2 WHERE k BETWEEN 6048949 AND 6049049
	-> Filter: (sbtest2.k between 6048949 and 6049049)  (cost=19.1 rows=94)
    -> Covering index range scan on sbtest2 using k_2 over (6048949 <= k <= 6049049)  (cost=19.1 rows=94)


table 3 : explain SELECT k FROM sbtest3 WHERE k BETWEEN 6048949 AND 6049049
	-> Filter: (sbtest3.k between 6048949 and 6049049)  (cost=19.3 rows=95)
    -> Covering index range scan on sbtest3 using k_3 over (6048949 <= k <= 6049049)  (cost=19.3 rows=95)


table 4 : explain SELECT k FROM sbtest4 WHERE k BETWEEN 6048949 AND 6049049
	-> Filter: (sbtest4.k between 6048949 and 6049049)  (cost=19.7 rows=97)
    -> Covering index range scan on sbtest4 using k_4 over (6048949 <= k <= 6049049)  (cost=19.7 rows=97)


table 5 : explain SELECT k FROM sbtest5 WHERE k BETWEEN 6048949 AND 6049049
	-> Filter: (sbtest5.k between 6048949 and 6049049)  (cost=19.5 rows=96)
    -> Covering index range scan on sbtest5 using k_5 over (6048949 <= k <= 6049049)  (cost=19.5 rows=96)


table 6 : explain SELECT k FROM sbtest6 WHERE k BETWEEN 6048949 AND 6049049
	-> Filter: (sbtest6.k between 6048949 and 6049049)  (cost=20.1 rows=99)
    -> Covering index range scan on sbtest6 using k_6 over (6048949 <= k <= 6049049)  (cost=20.1 rows=99)


table 7 : explain SELECT k FROM sbtest7 WHERE k BETWEEN 6048949 AND 6049049
	-> Filter: (sbtest7.k between 6048949 and 6049049)  (cost=19.7 rows=97)
    -> Covering index range scan on sbtest7 using k_7 over (6048949 <= k <= 6049049)  (cost=19.7 rows=97)


table 8 : explain SELECT k FROM sbtest8 WHERE k BETWEEN 6048949 AND 6049049
	-> Filter: (sbtest8.k between 6048949 and 6049049)  (cost=21.5 rows=106)
    -> Covering index range scan on sbtest8 using k_8 over (6048949 <= k <= 6049049)  (cost=21.5 rows=106)

explain: for range-covered :: explain SELECT k FROM sbtest%d WHERE k BETWEEN 4185972 AND 4186072
for range-covered
table 1 : explain SELECT k FROM sbtest1 WHERE k BETWEEN 8324259 AND 8324359
	-> Filter: (sbtest1.k between 8324259 and 8324359)  (cost=23.1 rows=114)
    -> Covering index range scan on sbtest1 using k_1 over (8324259 <= k <= 8324359)  (cost=23.1 rows=114)


table 2 : explain SELECT k FROM sbtest2 WHERE k BETWEEN 8324259 AND 8324359
	-> Filter: (sbtest2.k between 8324259 and 8324359)  (cost=19.1 rows=94)
    -> Covering index range scan on sbtest2 using k_2 over (8324259 <= k <= 8324359)  (cost=19.1 rows=94)


table 3 : explain SELECT k FROM sbtest3 WHERE k BETWEEN 8324259 AND 8324359
	-> Filter: (sbtest3.k between 8324259 and 8324359)  (cost=23.9 rows=118)
    -> Covering index range scan on sbtest3 using k_3 over (8324259 <= k <= 8324359)  (cost=23.9 rows=118)


table 4 : explain SELECT k FROM sbtest4 WHERE k BETWEEN 8324259 AND 8324359
	-> Filter: (sbtest4.k between 8324259 and 8324359)  (cost=22.3 rows=110)
    -> Covering index range scan on sbtest4 using k_4 over (8324259 <= k <= 8324359)  (cost=22.3 rows=110)


table 5 : explain SELECT k FROM sbtest5 WHERE k BETWEEN 8324259 AND 8324359
	-> Filter: (sbtest5.k between 8324259 and 8324359)  (cost=19.5 rows=96)
    -> Covering index range scan on sbtest5 using k_5 over (8324259 <= k <= 8324359)  (cost=19.5 rows=96)


table 6 : explain SELECT k FROM sbtest6 WHERE k BETWEEN 8324259 AND 8324359
	-> Filter: (sbtest6.k between 8324259 and 8324359)  (cost=24.3 rows=120)
    -> Covering index range scan on sbtest6 using k_6 over (8324259 <= k <= 8324359)  (cost=24.3 rows=120)


table 7 : explain SELECT k FROM sbtest7 WHERE k BETWEEN 8324259 AND 8324359
	-> Filter: (sbtest7.k between 8324259 and 8324359)  (cost=19.5 rows=96)
    -> Covering index range scan on sbtest7 using k_7 over (8324259 <= k <= 8324359)  (cost=19.5 rows=96)


table 8 : explain SELECT k FROM sbtest8 WHERE k BETWEEN 8324259 AND 8324359
	-> Filter: (sbtest8.k between 8324259 and 8324359)  (cost=18.1 rows=89)
    -> Covering index range scan on sbtest8 using k_8 over (8324259 <= k <= 8324359)  (cost=18.1 rows=89)


explain: for range-covered :: explain SELECT k FROM sbtest%d WHERE k BETWEEN 5917655 AND 5917755

explain: for range-covered :: explain SELECT k FROM sbtest%d WHERE k BETWEEN 9320933 AND 9321033
explain: for range-covered :: explain SELECT k FROM sbtest%d WHERE k BETWEEN 8324259 AND 8324359
explain: for range-covered :: explain SELECT k FROM sbtest%d WHERE k BETWEEN 6846578 AND 6846678
for range-covered
table 1 : explain SELECT k FROM sbtest1 WHERE k BETWEEN 4097165 AND 4097265
	-> Filter: (sbtest1.k between 4097165 and 4097265)  (cost=20.7 rows=102)
    -> Covering index range scan on sbtest1 using k_1 over (4097165 <= k <= 4097265)  (cost=20.7 rows=102)


table 2 : explain SELECT k FROM sbtest2 WHERE k BETWEEN 4097165 AND 4097265
	-> Filter: (sbtest2.k between 4097165 and 4097265)  (cost=22.1 rows=109)
    -> Covering index range scan on sbtest2 using k_2 over (4097165 <= k <= 4097265)  (cost=22.1 rows=109)


table 3 : explain SELECT k FROM sbtest3 WHERE k BETWEEN 4097165 AND 4097265
	-> Filter: (sbtest3.k between 4097165 and 4097265)  (cost=20.9 rows=103)
    -> Covering index range scan on sbtest3 using k_3 over (4097165 <= k <= 4097265)  (cost=20.9 rows=103)


table 4 : explain SELECT k FROM sbtest4 WHERE k BETWEEN 4097165 AND 4097265
	-> Filter: (sbtest4.k between 4097165 and 4097265)  (cost=18.7 rows=92)
    -> Covering index range scan on sbtest4 using k_4 over (4097165 <= k <= 4097265)  (cost=18.7 rows=92)


table 5 : explain SELECT k FROM sbtest5 WHERE k BETWEEN 4097165 AND 4097265
	-> Filter: (sbtest5.k between 4097165 and 4097265)  (cost=21.1 rows=104)
    -> Covering index range scan on sbtest5 using k_5 over (4097165 <= k <= 4097265)  (cost=21.1 rows=104)


table 6 : explain SELECT k FROM sbtest6 WHERE k BETWEEN 4097165 AND 4097265
	-> Filter: (sbtest6.k between 4097165 and 4097265)  (cost=21.1 rows=104)
    -> Covering index range scan on sbtest6 using k_6 over (4097165 <= k <= 4097265)  (cost=21.1 rows=104)


table 7 : explain SELECT k FROM sbtest7 WHERE k BETWEEN 4097165 AND 4097265
	-> Filter: (sbtest7.k between 4097165 and 4097265)  (cost=22.7 rows=112)
    -> Covering index range scan on sbtest7 using k_7 over (4097165 <= k <= 4097265)  (cost=22.7 rows=112)


table 8 : explain SELECT k FROM sbtest8 WHERE k BETWEEN 4097165 AND 4097265
	-> Filter: (sbtest8.k between 4097165 and 4097265)  (cost=23.5 rows=116)
    -> Covering index range scan on sbtest8 using k_8 over (4097165 <= k <= 4097265)  (cost=23.5 rows=116)


explain: for range-covered :: explain SELECT k FROM sbtest%d WHERE k BETWEEN 4982434 AND 4982534
for range-covered
table 1 : explain SELECT k FROM sbtest1 WHERE k BETWEEN 5007601 AND 5007701
	-> Filter: (sbtest1.k between 5007601 and 5007701)  (cost=19.5 rows=96)
    -> Covering index range scan on sbtest1 using k_1 over (5007601 <= k <= 5007701)  (cost=19.5 rows=96)


table 2 : explain SELECT k FROM sbtest2 WHERE k BETWEEN 5007601 AND 5007701
	-> Filter: (sbtest2.k between 5007601 and 5007701)  (cost=23.5 rows=116)
    -> Covering index range scan on sbtest2 using k_2 over (5007601 <= k <= 5007701)  (cost=23.5 rows=116)


table 3 : explain SELECT k FROM sbtest3 WHERE k BETWEEN 5007601 AND 5007701
	-> Filter: (sbtest3.k between 5007601 and 5007701)  (cost=19.9 rows=98)
    -> Covering index range scan on sbtest3 using k_3 over (5007601 <= k <= 5007701)  (cost=19.9 rows=98)


table 4 : explain SELECT k FROM sbtest4 WHERE k BETWEEN 5007601 AND 5007701
	-> Filter: (sbtest4.k between 5007601 and 5007701)  (cost=22.5 rows=111)
    -> Covering index range scan on sbtest4 using k_4 over (5007601 <= k <= 5007701)  (cost=22.5 rows=111)


table 5 : explain SELECT k FROM sbtest5 WHERE k BETWEEN 5007601 AND 5007701
	-> Filter: (sbtest5.k between 5007601 and 5007701)  (cost=22.5 rows=111)
    -> Covering index range scan on sbtest5 using k_5 over (5007601 <= k <= 5007701)  (cost=22.5 rows=111)


table 6 : explain SELECT k FROM sbtest6 WHERE k BETWEEN 5007601 AND 5007701
	-> Filter: (sbtest6.k between 5007601 and 5007701)  (cost=21.1 rows=104)
    -> Covering index range scan on sbtest6 using k_6 over (5007601 <= k <= 5007701)  (cost=21.1 rows=104)


table 7 : explain SELECT k FROM sbtest7 WHERE k BETWEEN 5007601 AND 5007701
	-> Filter: (sbtest7.k between 5007601 and 5007701)  (cost=20.5 rows=101)
    -> Covering index range scan on sbtest7 using k_7 over (5007601 <= k <= 5007701)  (cost=20.5 rows=101)


table 8 : explain SELECT k FROM sbtest8 WHERE k BETWEEN 5007601 AND 5007701
	-> Filter: (sbtest8.k between 5007601 and 5007701)  (cost=21.5 rows=106)
    -> Covering index range scan on sbtest8 using k_8 over (5007601 <= k <= 5007701)  (cost=21.5 rows=106)


explain: for range-covered :: explain SELECT k FROM sbtest%d WHERE k BETWEEN 6936407 AND 6936507

explain: for range-covered :: explain SELECT k FROM sbtest%d WHERE k BETWEEN 1823676 AND 1823776
for range-covered
table 1 : explain SELECT k FROM sbtest1 WHERE k BETWEEN 7334581 AND 7334681
	-> Filter: (sbtest1.k between 7334581 and 7334681)  (cost=16.7 rows=82)
    -> Covering index range scan on sbtest1 using k_1 over (7334581 <= k <= 7334681)  (cost=16.7 rows=82)


table 2 : explain SELECT k FROM sbtest2 WHERE k BETWEEN 7334581 AND 7334681
	-> Filter: (sbtest2.k between 7334581 and 7334681)  (cost=21.1 rows=104)
    -> Covering index range scan on sbtest2 using k_2 over (7334581 <= k <= 7334681)  (cost=21.1 rows=104)


table 3 : explain SELECT k FROM sbtest3 WHERE k BETWEEN 7334581 AND 7334681
	-> Filter: (sbtest3.k between 7334581 and 7334681)  (cost=18.7 rows=92)
    -> Covering index range scan on sbtest3 using k_3 over (7334581 <= k <= 7334681)  (cost=18.7 rows=92)


table 4 : explain SELECT k FROM sbtest4 WHERE k BETWEEN 7334581 AND 7334681
	-> Filter: (sbtest4.k between 7334581 and 7334681)  (cost=20.3 rows=100)
    -> Covering index range scan on sbtest4 using k_4 over (7334581 <= k <= 7334681)  (cost=20.3 rows=100)


table 5 : explain SELECT k FROM sbtest5 WHERE k BETWEEN 7334581 AND 7334681
	-> Filter: (sbtest5.k between 7334581 and 7334681)  (cost=18.5 rows=91)
    -> Covering index range scan on sbtest5 using k_5 over (7334581 <= k <= 7334681)  (cost=18.5 rows=91)


table 6 : explain SELECT k FROM sbtest6 WHERE k BETWEEN 7334581 AND 7334681
	-> Filter: (sbtest6.k between 7334581 and 7334681)  (cost=25.1 rows=124)
    -> Covering index range scan on sbtest6 using k_6 over (7334581 <= k <= 7334681)  (cost=25.1 rows=124)


table 7 : explain SELECT k FROM sbtest7 WHERE k BETWEEN 7334581 AND 7334681
	-> Filter: (sbtest7.k between 7334581 and 7334681)  (cost=20.3 rows=100)
    -> Covering index range scan on sbtest7 using k_7 over (7334581 <= k <= 7334681)  (cost=20.3 rows=100)


table 8 : explain SELECT k FROM sbtest8 WHERE k BETWEEN 7334581 AND 7334681
	-> Filter: (sbtest8.k between 7334581 and 7334681)  (cost=17.1 rows=84)
    -> Covering index range scan on sbtest8 using k_8 over (7334581 <= k <= 7334681)  (cost=17.1 rows=84)


explain: for range-covered :: explain SELECT k FROM sbtest%d WHERE k BETWEEN 4097165 AND 4097265
for range-covered
table 1 : explain SELECT k FROM sbtest1 WHERE k BETWEEN 4565518 AND 4565618
	-> Filter: (sbtest1.k between 4565518 and 4565618)  (cost=19.7 rows=97)
    -> Covering index range scan on sbtest1 using k_1 over (4565518 <= k <= 4565618)  (cost=19.7 rows=97)


table 2 : explain SELECT k FROM sbtest2 WHERE k BETWEEN 4565518 AND 4565618
	-> Filter: (sbtest2.k between 4565518 and 4565618)  (cost=21.3 rows=105)
    -> Covering index range scan on sbtest2 using k_2 over (4565518 <= k <= 4565618)  (cost=21.3 rows=105)


table 3 : explain SELECT k FROM sbtest3 WHERE k BETWEEN 4565518 AND 4565618
	-> Filter: (sbtest3.k between 4565518 and 4565618)  (cost=22.7 rows=112)
    -> Covering index range scan on sbtest3 using k_3 over (4565518 <= k <= 4565618)  (cost=22.7 rows=112)


table 4 : explain SELECT k FROM sbtest4 WHERE k BETWEEN 4565518 AND 4565618
	-> Filter: (sbtest4.k between 4565518 and 4565618)  (cost=18.9 rows=93)
    -> Covering index range scan on sbtest4 using k_4 over (4565518 <= k <= 4565618)  (cost=18.9 rows=93)


table 5 : explain SELECT k FROM sbtest5 WHERE k BETWEEN 4565518 AND 4565618
	-> Filter: (sbtest5.k between 4565518 and 4565618)  (cost=23.5 rows=116)
    -> Covering index range scan on sbtest5 using k_5 over (4565518 <= k <= 4565618)  (cost=23.5 rows=116)


table 6 : explain SELECT k FROM sbtest6 WHERE k BETWEEN 4565518 AND 4565618
	-> Filter: (sbtest6.k between 4565518 and 4565618)  (cost=18.1 rows=89)
    -> Covering index range scan on sbtest6 using k_6 over (4565518 <= k <= 4565618)  (cost=18.1 rows=89)


table 7 : explain SELECT k FROM sbtest7 WHERE k BETWEEN 4565518 AND 4565618
	-> Filter: (sbtest7.k between 4565518 and 4565618)  (cost=21.9 rows=108)
    -> Covering index range scan on sbtest7 using k_7 over (4565518 <= k <= 4565618)  (cost=21.9 rows=108)


table 8 : explain SELECT k FROM sbtest8 WHERE k BETWEEN 4565518 AND 4565618
	-> Filter: (sbtest8.k between 4565518 and 4565618)  (cost=21.7 rows=107)
    -> Covering index range scan on sbtest8 using k_8 over (4565518 <= k <= 4565618)  (cost=21.7 rows=107)


explain: for range-covered :: explain SELECT k FROM sbtest%d WHERE k BETWEEN 5072241 AND 5072341for range-covered
table 1 : explain SELECT k FROM sbtest1 WHERE k BETWEEN 6360664 AND 6360764
	-> Filter: (sbtest1.k between 6360664 and 6360764)  (cost=21.5 rows=106)
    -> Covering index range scan on sbtest1 using k_1 over (6360664 <= k <= 6360764)  (cost=21.5 rows=106)


table 2 : explain SELECT k FROM sbtest2 WHERE k BETWEEN 6360664 AND 6360764
	-> Filter: (sbtest2.k between 6360664 and 6360764)  (cost=18.9 rows=93)
    -> Covering index range scan on sbtest2 using k_2 over (6360664 <= k <= 6360764)  (cost=18.9 rows=93)


table 3 : explain SELECT k FROM sbtest3 WHERE k BETWEEN 6360664 AND 6360764
	-> Filter: (sbtest3.k between 6360664 and 6360764)  (cost=18.7 rows=92)
    -> Covering index range scan on sbtest3 using k_3 over (6360664 <= k <= 6360764)  (cost=18.7 rows=92)


table 4 : explain SELECT k FROM sbtest4 WHERE k BETWEEN 6360664 AND 6360764
	-> Filter: (sbtest4.k between 6360664 and 6360764)  (cost=18.9 rows=93)
    -> Covering index range scan on sbtest4 using k_4 over (6360664 <= k <= 6360764)  (cost=18.9 rows=93)


table 5 : explain SELECT k FROM sbtest5 WHERE k BETWEEN 6360664 AND 6360764
	-> Filter: (sbtest5.k between 6360664 and 6360764)  (cost=20.7 rows=102)
    -> Covering index range scan on sbtest5 using k_5 over (6360664 <= k <= 6360764)  (cost=20.7 rows=102)


table 6 : explain SELECT k FROM sbtest6 WHERE k BETWEEN 6360664 AND 6360764
	-> Filter: (sbtest6.k between 6360664 and 6360764)  (cost=21.1 rows=104)
    -> Covering index range scan on sbtest6 using k_6 over (6360664 <= k <= 6360764)  (cost=21.1 rows=104)


table 7 : explain SELECT k FROM sbtest7 WHERE k BETWEEN 6360664 AND 6360764
	-> Filter: (sbtest7.k between 6360664 and 6360764)  (cost=21.3 rows=105)
    -> Covering index range scan on sbtest7 using k_7 over (6360664 <= k <= 6360764)  (cost=21.3 rows=105)


table 8 : explain SELECT k FROM sbtest8 WHERE k BETWEEN 6360664 AND 6360764
	-> Filter: (sbtest8.k between 6360664 and 6360764)  (cost=21.1 rows=104)
    -> Covering index range scan on sbtest8 using k_8 over (6360664 <= k <= 6360764)  (cost=21.1 rows=104)


explain: for range-covered :: explain SELECT k FROM sbtest%d WHERE k BETWEEN 5909262 AND 5909362explain: for range-covered :: explain SELECT k FROM sbtest%d WHERE k BETWEEN 7334581 AND 7334681
for range-covered
table 1 : explain SELECT k FROM sbtest1 WHERE k BETWEEN 2903813 AND 2903913
	-> Filter: (sbtest1.k between 2903813 and 2903913)  (cost=20.9 rows=103)
    -> Covering index range scan on sbtest1 using k_1 over (2903813 <= k <= 2903913)  (cost=20.9 rows=103)


table 2 : explain SELECT k FROM sbtest2 WHERE k BETWEEN 2903813 AND 2903913
	-> Filter: (sbtest2.k between 2903813 and 2903913)  (cost=21.9 rows=108)
    -> Covering index range scan on sbtest2 using k_2 over (2903813 <= k <= 2903913)  (cost=21.9 rows=108)


table 3 : explain SELECT k FROM sbtest3 WHERE k BETWEEN 2903813 AND 2903913
	-> Filter: (sbtest3.k between 2903813 and 2903913)  (cost=17.1 rows=84)
    -> Covering index range scan on sbtest3 using k_3 over (2903813 <= k <= 2903913)  (cost=17.1 rows=84)


table 4 : explain SELECT k FROM sbtest4 WHERE k BETWEEN 2903813 AND 2903913
	-> Filter: (sbtest4.k between 2903813 and 2903913)  (cost=19.7 rows=97)
    -> Covering index range scan on sbtest4 using k_4 over (2903813 <= k <= 2903913)  (cost=19.7 rows=97)


table 5 : explain SELECT k FROM sbtest5 WHERE k BETWEEN 2903813 AND 2903913
	-> Filter: (sbtest5.k between 2903813 and 2903913)  (cost=18.7 rows=92)
    -> Covering index range scan on sbtest5 using k_5 over (2903813 <= k <= 2903913)  (cost=18.7 rows=92)


table 6 : explain SELECT k FROM sbtest6 WHERE k BETWEEN 2903813 AND 2903913
	-> Filter: (sbtest6.k between 2903813 and 2903913)  (cost=20.3 rows=100)
    -> Covering index range scan on sbtest6 using k_6 over (2903813 <= k <= 2903913)  (cost=20.3 rows=100)


table 7 : explain SELECT k FROM sbtest7 WHERE k BETWEEN 2903813 AND 2903913
	-> Filter: (sbtest7.k between 2903813 and 2903913)  (cost=18.5 rows=91)
    -> Covering index range scan on sbtest7 using k_7 over (2903813 <= k <= 2903913)  (cost=18.5 rows=91)


table 8 : explain SELECT k FROM sbtest8 WHERE k BETWEEN 2903813 AND 2903913
	-> Filter: (sbtest8.k between 2903813 and 2903913)  (cost=19.9 rows=98)
    -> Covering index range scan on sbtest8 using k_8 over (2903813 <= k <= 2903913)  (cost=19.9 rows=98)


for range-covered
table 1 : explain SELECT k FROM sbtest1 WHERE k BETWEEN 7153292 AND 7153392
	-> Filter: (sbtest1.k between 7153292 and 7153392)  (cost=21.5 rows=106)
    -> Covering index range scan on sbtest1 using k_1 over (7153292 <= k <= 7153392)  (cost=21.5 rows=106)


table 2 : explain SELECT k FROM sbtest2 WHERE k BETWEEN 7153292 AND 7153392
	-> Filter: (sbtest2.k between 7153292 and 7153392)  (cost=22.3 rows=110)
    -> Covering index range scan on sbtest2 using k_2 over (7153292 <= k <= 7153392)  (cost=22.3 rows=110)


table 3 : explain SELECT k FROM sbtest3 WHERE k BETWEEN 7153292 AND 7153392
	-> Filter: (sbtest3.k between 7153292 and 7153392)  (cost=22.9 rows=113)
    -> Covering index range scan on sbtest3 using k_3 over (7153292 <= k <= 7153392)  (cost=22.9 rows=113)


table 4 : explain SELECT k FROM sbtest4 WHERE k BETWEEN 7153292 AND 7153392
	-> Filter: (sbtest4.k between 7153292 and 7153392)  (cost=19.7 rows=97)
    -> Covering index range scan on sbtest4 using k_4 over (7153292 <= k <= 7153392)  (cost=19.7 rows=97)


table 5 : explain SELECT k FROM sbtest5 WHERE k BETWEEN 7153292 AND 7153392
	-> Filter: (sbtest5.k between 7153292 and 7153392)  (cost=21.3 rows=105)
    -> Covering index range scan on sbtest5 using k_5 over (7153292 <= k <= 7153392)  (cost=21.3 rows=105)


table 6 : explain SELECT k FROM sbtest6 WHERE k BETWEEN 7153292 AND 7153392
	-> Filter: (sbtest6.k between 7153292 and 7153392)  (cost=18.7 rows=92)
    -> Covering index range scan on sbtest6 using k_6 over (7153292 <= k <= 7153392)  (cost=18.7 rows=92)


table 7 : explain SELECT k FROM sbtest7 WHERE k BETWEEN 7153292 AND 7153392
	-> Filter: (sbtest7.k between 7153292 and 7153392)  (cost=18.3 rows=90)
    -> Covering index range scan on sbtest7 using k_7 over (7153292 <= k <= 7153392)  (cost=18.3 rows=90)


table 8 : explain SELECT k FROM sbtest8 WHERE k BETWEEN 7153292 AND 7153392
	-> Filter: (sbtest8.k between 7153292 and 7153392)  (cost=22.3 rows=110)
    -> Covering index range scan on sbtest8 using k_8 over (7153292 <= k <= 7153392)  (cost=22.3 rows=110)


for range-covered
table 1 : explain SELECT k FROM sbtest1 WHERE k BETWEEN 5469010 AND 5469110
	-> Filter: (sbtest1.k between 5469010 and 5469110)  (cost=22.3 rows=110)
    -> Covering index range scan on sbtest1 using k_1 over (5469010 <= k <= 5469110)  (cost=22.3 rows=110)


table 2 : explain SELECT k FROM sbtest2 WHERE k BETWEEN 5469010 AND 5469110
	-> Filter: (sbtest2.k between 5469010 and 5469110)  (cost=20.1 rows=99)
    -> Covering index range scan on sbtest2 using k_2 over (5469010 <= k <= 5469110)  (cost=20.1 rows=99)


table 3 : explain SELECT k FROM sbtest3 WHERE k BETWEEN 5469010 AND 5469110
	-> Filter: (sbtest3.k between 5469010 and 5469110)  (cost=20.5 rows=101)
    -> Covering index range scan on sbtest3 using k_3 over (5469010 <= k <= 5469110)  (cost=20.5 rows=101)


table 4 : explain SELECT k FROM sbtest4 WHERE k BETWEEN 5469010 AND 5469110
	-> Filter: (sbtest4.k between 5469010 and 5469110)  (cost=18.5 rows=91)
    -> Covering index range scan on sbtest4 using k_4 over (5469010 <= k <= 5469110)  (cost=18.5 rows=91)


table 5 : explain SELECT k FROM sbtest5 WHERE k BETWEEN 5469010 AND 5469110
	-> Filter: (sbtest5.k between 5469010 and 5469110)  (cost=20.3 rows=100)
    -> Covering index range scan on sbtest5 using k_5 over (5469010 <= k <= 5469110)  (cost=20.3 rows=100)


table 6 : explain SELECT k FROM sbtest6 WHERE k BETWEEN 5469010 AND 5469110
	-> Filter: (sbtest6.k between 5469010 and 5469110)  (cost=18.3 rows=90)
    -> Covering index range scan on sbtest6 using k_6 over (5469010 <= k <= 5469110)  (cost=18.3 rows=90)


table 7 : explain SELECT k FROM sbtest7 WHERE k BETWEEN 5469010 AND 5469110
	-> Filter: (sbtest7.k between 5469010 and 5469110)  (cost=18.7 rows=92)
    -> Covering index range scan on sbtest7 using k_7 over (5469010 <= k <= 5469110)  (cost=18.7 rows=92)


table 8 : explain SELECT k FROM sbtest8 WHERE k BETWEEN 5469010 AND 5469110
	-> Filter: (sbtest8.k between 5469010 and 5469110)  (cost=23.1 rows=114)
    -> Covering index range scan on sbtest8 using k_8 over (5469010 <= k <= 5469110)  (cost=23.1 rows=114)


for range-covered
table 1 : explain SELECT k FROM sbtest1 WHERE k BETWEEN 6014213 AND 6014313
	-> Filter: (sbtest1.k between 6014213 and 6014313)  (cost=22.9 rows=113)
    -> Covering index range scan on sbtest1 using k_1 over (6014213 <= k <= 6014313)  (cost=22.9 rows=113)


table 2 : explain SELECT k FROM sbtest2 WHERE k BETWEEN 6014213 AND 6014313
	-> Filter: (sbtest2.k between 6014213 and 6014313)  (cost=22.3 rows=110)
    -> Covering index range scan on sbtest2 using k_2 over (6014213 <= k <= 6014313)  (cost=22.3 rows=110)


table 3 : explain SELECT k FROM sbtest3 WHERE k BETWEEN 6014213 AND 6014313
	-> Filter: (sbtest3.k between 6014213 and 6014313)  (cost=16.5 rows=81)
    -> Covering index range scan on sbtest3 using k_3 over (6014213 <= k <= 6014313)  (cost=16.5 rows=81)


table 4 : explain SELECT k FROM sbtest4 WHERE k BETWEEN 6014213 AND 6014313
	-> Filter: (sbtest4.k between 6014213 and 6014313)  (cost=19.9 rows=98)
    -> Covering index range scan on sbtest4 using k_4 over (6014213 <= k <= 6014313)  (cost=19.9 rows=98)


table 5 : explain SELECT k FROM sbtest5 WHERE k BETWEEN 6014213 AND 6014313
	-> Filter: (sbtest5.k between 6014213 and 6014313)  (cost=21.9 rows=108)
    -> Covering index range scan on sbtest5 using k_5 over (6014213 <= k <= 6014313)  (cost=21.9 rows=108)


table 6 : explain SELECT k FROM sbtest6 WHERE k BETWEEN 6014213 AND 6014313
	-> Filter: (sbtest6.k between 6014213 and 6014313)  (cost=21.3 rows=105)
    -> Covering index range scan on sbtest6 using k_6 over (6014213 <= k <= 6014313)  (cost=21.3 rows=105)


table 7 : explain SELECT k FROM sbtest7 WHERE k BETWEEN 6014213 AND 6014313
	-> Filter: (sbtest7.k between 6014213 and 6014313)  (cost=20.5 rows=101)
    -> Covering index range scan on sbtest7 using k_7 over (6014213 <= k <= 6014313)  (cost=20.5 rows=101)


table 8 : explain SELECT k FROM sbtest8 WHERE k BETWEEN 6014213 AND 6014313
	-> Filter: (sbtest8.k between 6014213 and 6014313)  (cost=20.9 rows=103)
    -> Covering index range scan on sbtest8 using k_8 over (6014213 <= k <= 6014313)  (cost=20.9 rows=103)

for range-covered
table 1 : explain SELECT k FROM sbtest1 WHERE k BETWEEN 5595950 AND 5596050
	-> Filter: (sbtest1.k between 5595950 and 5596050)  (cost=21.1 rows=104)
    -> Covering index range scan on sbtest1 using k_1 over (5595950 <= k <= 5596050)  (cost=21.1 rows=104)


table 2 : explain SELECT k FROM sbtest2 WHERE k BETWEEN 5595950 AND 5596050
	-> Filter: (sbtest2.k between 5595950 and 5596050)  (cost=22.5 rows=111)
    -> Covering index range scan on sbtest2 using k_2 over (5595950 <= k <= 5596050)  (cost=22.5 rows=111)


table 3 : explain SELECT k FROM sbtest3 WHERE k BETWEEN 5595950 AND 5596050
	-> Filter: (sbtest3.k between 5595950 and 5596050)  (cost=22.1 rows=109)
    -> Covering index range scan on sbtest3 using k_3 over (5595950 <= k <= 5596050)  (cost=22.1 rows=109)


table 4 : explain SELECT k FROM sbtest4 WHERE k BETWEEN 5595950 AND 5596050
	-> Filter: (sbtest4.k between 5595950 and 5596050)  (cost=23.1 rows=114)
    -> Covering index range scan on sbtest4 using k_4 over (5595950 <= k <= 5596050)  (cost=23.1 rows=114)


table 5 : explain SELECT k FROM sbtest5 WHERE k BETWEEN 5595950 AND 5596050
	-> Filter: (sbtest5.k between 5595950 and 5596050)  (cost=19.9 rows=98)
    -> Covering index range scan on sbtest5 using k_5 over (5595950 <= k <= 5596050)  (cost=19.9 rows=98)


table 6 : explain SELECT k FROM sbtest6 WHERE k BETWEEN 5595950 AND 5596050
	-> Filter: (sbtest6.k between 5595950 and 5596050)  (cost=20.7 rows=102)
    -> Covering index range scan on sbtest6 using k_6 over (5595950 <= k <= 5596050)  (cost=20.7 rows=102)


table 7 : explain SELECT k FROM sbtest7 WHERE k BETWEEN 5595950 AND 5596050
	-> Filter: (sbtest7.k between 5595950 and 5596050)  (cost=19.3 rows=95)
    -> Covering index range scan on sbtest7 using k_7 over (5595950 <= k <= 5596050)  (cost=19.3 rows=95)


table 8 : explain SELECT k FROM sbtest8 WHERE k BETWEEN 5595950 AND 5596050
	-> Filter: (sbtest8.k between 5595950 and 5596050)  (cost=17.7 rows=87)
    -> Covering index range scan on sbtest8 using k_8 over (5595950 <= k <= 5596050)  (cost=17.7 rows=87)



explain: for range-covered :: explain SELECT k FROM sbtest%d WHERE k BETWEEN 6273948 AND 6274048
for range-covered
table 1 : explain SELECT k FROM sbtest1 WHERE k BETWEEN 4765656 AND 4765756
	-> Filter: (sbtest1.k between 4765656 and 4765756)  (cost=19.3 rows=95)
    -> Covering index range scan on sbtest1 using k_1 over (4765656 <= k <= 4765756)  (cost=19.3 rows=95)


table 2 : explain SELECT k FROM sbtest2 WHERE k BETWEEN 4765656 AND 4765756
	-> Filter: (sbtest2.k between 4765656 and 4765756)  (cost=21.7 rows=107)
    -> Covering index range scan on sbtest2 using k_2 over (4765656 <= k <= 4765756)  (cost=21.7 rows=107)


table 3 : explain SELECT k FROM sbtest3 WHERE k BETWEEN 4765656 AND 4765756
	-> Filter: (sbtest3.k between 4765656 and 4765756)  (cost=20.7 rows=102)
    -> Covering index range scan on sbtest3 using k_3 over (4765656 <= k <= 4765756)  (cost=20.7 rows=102)


table 4 : explain SELECT k FROM sbtest4 WHERE k BETWEEN 4765656 AND 4765756
	-> Filter: (sbtest4.k between 4765656 and 4765756)  (cost=20.1 rows=99)
    -> Covering index range scan on sbtest4 using k_4 over (4765656 <= k <= 4765756)  (cost=20.1 rows=99)


table 5 : explain SELECT k FROM sbtest5 WHERE k BETWEEN 4765656 AND 4765756
	-> Filter: (sbtest5.k between 4765656 and 4765756)  (cost=24.7 rows=122)
    -> Covering index range scan on sbtest5 using k_5 over (4765656 <= k <= 4765756)  (cost=24.7 rows=122)


table 6 : explain SELECT k FROM sbtest6 WHERE k BETWEEN 4765656 AND 4765756
	-> Filter: (sbtest6.k between 4765656 and 4765756)  (cost=22.9 rows=113)
    -> Covering index range scan on sbtest6 using k_6 over (4765656 <= k <= 4765756)  (cost=22.9 rows=113)


table 7 : explain SELECT k FROM sbtest7 WHERE k BETWEEN 4765656 AND 4765756
	-> Filter: (sbtest7.k between 4765656 and 4765756)  (cost=24.5 rows=121)
    -> Covering index range scan on sbtest7 using k_7 over (4765656 <= k <= 4765756)  (cost=24.5 rows=121)


table 8 : explain SELECT k FROM sbtest8 WHERE k BETWEEN 4765656 AND 4765756
	-> Filter: (sbtest8.k between 4765656 and 4765756)  (cost=22.9 rows=113)
    -> Covering index range scan on sbtest8 using k_8 over (4765656 <= k <= 4765756)  (cost=22.9 rows=113)

explain: for range-covered :: explain SELECT k FROM sbtest%d WHERE k BETWEEN 7153292 AND 7153392

for range-covered
table 1 : explain SELECT k FROM sbtest1 WHERE k BETWEEN 4259778 AND 4259878
	-> Filter: (sbtest1.k between 4259778 and 4259878)  (cost=18.3 rows=90)
    -> Covering index range scan on sbtest1 using k_1 over (4259778 <= k <= 4259878)  (cost=18.3 rows=90)


table 2 : explain SELECT k FROM sbtest2 WHERE k BETWEEN 4259778 AND 4259878
	-> Filter: (sbtest2.k between 4259778 and 4259878)  (cost=21.9 rows=108)
    -> Covering index range scan on sbtest2 using k_2 over (4259778 <= k <= 4259878)  (cost=21.9 rows=108)


table 3 : explain SELECT k FROM sbtest3 WHERE k BETWEEN 4259778 AND 4259878
	-> Filter: (sbtest3.k between 4259778 and 4259878)  (cost=17.7 rows=87)
    -> Covering index range scan on sbtest3 using k_3 over (4259778 <= k <= 4259878)  (cost=17.7 rows=87)


table 4 : explain SELECT k FROM sbtest4 WHERE k BETWEEN 4259778 AND 4259878
	-> Filter: (sbtest4.k between 4259778 and 4259878)  (cost=23.3 rows=115)
    -> Covering index range scan on sbtest4 using k_4 over (4259778 <= k <= 4259878)  (cost=23.3 rows=115)


table 5 : explain SELECT k FROM sbtest5 WHERE k BETWEEN 4259778 AND 4259878
	-> Filter: (sbtest5.k between 4259778 and 4259878)  (cost=18.1 rows=89)
    -> Covering index range scan on sbtest5 using k_5 over (4259778 <= k <= 4259878)  (cost=18.1 rows=89)


table 6 : explain SELECT k FROM sbtest6 WHERE k BETWEEN 4259778 AND 4259878
	-> Filter: (sbtest6.k between 4259778 and 4259878)  (cost=20.7 rows=102)
    -> Covering index range scan on sbtest6 using k_6 over (4259778 <= k <= 4259878)  (cost=20.7 rows=102)


table 7 : explain SELECT k FROM sbtest7 WHERE k BETWEEN 4259778 AND 4259878
	-> Filter: (sbtest7.k between 4259778 and 4259878)  (cost=19.5 rows=96)
    -> Covering index range scan on sbtest7 using k_7 over (4259778 <= k <= 4259878)  (cost=19.5 rows=96)


table 8 : explain SELECT k FROM sbtest8 WHERE k BETWEEN 4259778 AND 4259878
	-> Filter: (sbtest8.k between 4259778 and 4259878)  (cost=20.3 rows=100)
    -> Covering index range scan on sbtest8 using k_8 over (4259778 <= k <= 4259878)  (cost=20.3 rows=100)


explain: for range-covered :: explain SELECT k FROM sbtest%d WHERE k BETWEEN 5595950 AND 5596050
explain: for range-covered :: explain SELECT k FROM sbtest%d WHERE k BETWEEN 6360664 AND 6360764

explain: for range-covered :: explain SELECT k FROM sbtest%d WHERE k BETWEEN 5007601 AND 5007701
explain: for range-covered :: explain SELECT k FROM sbtest%d WHERE k BETWEEN 2903813 AND 2903913
explain: for range-covered :: explain SELECT k FROM sbtest%d WHERE k BETWEEN 5469010 AND 5469110

explain: for range-covered :: explain SELECT k FROM sbtest%d WHERE k BETWEEN 6048949 AND 6049049
for range-covered
table 1 : explain SELECT k FROM sbtest1 WHERE k BETWEEN 4835917 AND 4836017
	-> Filter: (sbtest1.k between 4835917 and 4836017)  (cost=23.1 rows=114)
    -> Covering index range scan on sbtest1 using k_1 over (4835917 <= k <= 4836017)  (cost=23.1 rows=114)


table 2 : explain SELECT k FROM sbtest2 WHERE k BETWEEN 4835917 AND 4836017
	-> Filter: (sbtest2.k between 4835917 and 4836017)  (cost=20.3 rows=100)
    -> Covering index range scan on sbtest2 using k_2 over (4835917 <= k <= 4836017)  (cost=20.3 rows=100)


table 3 : explain SELECT k FROM sbtest3 WHERE k BETWEEN 4835917 AND 4836017
	-> Filter: (sbtest3.k between 4835917 and 4836017)  (cost=20.3 rows=100)
    -> Covering index range scan on sbtest3 using k_3 over (4835917 <= k <= 4836017)  (cost=20.3 rows=100)


table 4 : explain SELECT k FROM sbtest4 WHERE k BETWEEN 4835917 AND 4836017
	-> Filter: (sbtest4.k between 4835917 and 4836017)  (cost=20.9 rows=103)
    -> Covering index range scan on sbtest4 using k_4 over (4835917 <= k <= 4836017)  (cost=20.9 rows=103)


table 5 : explain SELECT k FROM sbtest5 WHERE k BETWEEN 4835917 AND 4836017
	-> Filter: (sbtest5.k between 4835917 and 4836017)  (cost=20.7 rows=102)
    -> Covering index range scan on sbtest5 using k_5 over (4835917 <= k <= 4836017)  (cost=20.7 rows=102)


table 6 : explain SELECT k FROM sbtest6 WHERE k BETWEEN 4835917 AND 4836017
	-> Filter: (sbtest6.k between 4835917 and 4836017)  (cost=21.7 rows=107)
    -> Covering index range scan on sbtest6 using k_6 over (4835917 <= k <= 4836017)  (cost=21.7 rows=107)


table 7 : explain SELECT k FROM sbtest7 WHERE k BETWEEN 4835917 AND 4836017
	-> Filter: (sbtest7.k between 4835917 and 4836017)  (cost=21.5 rows=106)
    -> Covering index range scan on sbtest7 using k_7 over (4835917 <= k <= 4836017)  (cost=21.5 rows=106)


table 8 : explain SELECT k FROM sbtest8 WHERE k BETWEEN 4835917 AND 4836017
	-> Filter: (sbtest8.k between 4835917 and 4836017)  (cost=21.9 rows=108)
    -> Covering index range scan on sbtest8 using k_8 over (4835917 <= k <= 4836017)  (cost=21.9 rows=108)


explain: for range-covered :: explain SELECT k FROM sbtest%d WHERE k BETWEEN 4565518 AND 4565618
for range-covered
table 1 : explain SELECT k FROM sbtest1 WHERE k BETWEEN 5878246 AND 5878346
	-> Filter: (sbtest1.k between 5878246 and 5878346)  (cost=20.1 rows=99)
    -> Covering index range scan on sbtest1 using k_1 over (5878246 <= k <= 5878346)  (cost=20.1 rows=99)


table 2 : explain SELECT k FROM sbtest2 WHERE k BETWEEN 5878246 AND 5878346
	-> Filter: (sbtest2.k between 5878246 and 5878346)  (cost=21.1 rows=104)
    -> Covering index range scan on sbtest2 using k_2 over (5878246 <= k <= 5878346)  (cost=21.1 rows=104)


table 3 : explain SELECT k FROM sbtest3 WHERE k BETWEEN 5878246 AND 5878346
	-> Filter: (sbtest3.k between 5878246 and 5878346)  (cost=19.3 rows=95)
    -> Covering index range scan on sbtest3 using k_3 over (5878246 <= k <= 5878346)  (cost=19.3 rows=95)


table 4 : explain SELECT k FROM sbtest4 WHERE k BETWEEN 5878246 AND 5878346
	-> Filter: (sbtest4.k between 5878246 and 5878346)  (cost=20.3 rows=100)
    -> Covering index range scan on sbtest4 using k_4 over (5878246 <= k <= 5878346)  (cost=20.3 rows=100)


table 5 : explain SELECT k FROM sbtest5 WHERE k BETWEEN 5878246 AND 5878346
	-> Filter: (sbtest5.k between 5878246 and 5878346)  (cost=19.5 rows=96)
    -> Covering index range scan on sbtest5 using k_5 over (5878246 <= k <= 5878346)  (cost=19.5 rows=96)


table 6 : explain SELECT k FROM sbtest6 WHERE k BETWEEN 5878246 AND 5878346
	-> Filter: (sbtest6.k between 5878246 and 5878346)  (cost=19.3 rows=95)
    -> Covering index range scan on sbtest6 using k_6 over (5878246 <= k <= 5878346)  (cost=19.3 rows=95)


table 7 : explain SELECT k FROM sbtest7 WHERE k BETWEEN 5878246 AND 5878346
	-> Filter: (sbtest7.k between 5878246 and 5878346)  (cost=18.1 rows=89)
    -> Covering index range scan on sbtest7 using k_7 over (5878246 <= k <= 5878346)  (cost=18.1 rows=89)


table 8 : explain SELECT k FROM sbtest8 WHERE k BETWEEN 5878246 AND 5878346
	-> Filter: (sbtest8.k between 5878246 and 5878346)  (cost=21.1 rows=104)
    -> Covering index range scan on sbtest8 using k_8 over (5878246 <= k <= 5878346)  (cost=21.1 rows=104)


explain: for range-covered :: explain SELECT k FROM sbtest%d WHERE k BETWEEN 4765656 AND 4765756
explain: for range-covered :: explain SELECT k FROM sbtest%d WHERE k BETWEEN 4835917 AND 4836017
explain: for range-covered :: explain SELECT k FROM sbtest%d WHERE k BETWEEN 6014213 AND 6014313
explain: for range-covered :: explain SELECT k FROM sbtest%d WHERE k BETWEEN 4259778 AND 4259878
explain: for range-covered :: explain SELECT k FROM sbtest%d WHERE k BETWEEN 5878246 AND 5878346
for range-covered
table 1 : explain SELECT k FROM sbtest1 WHERE k BETWEEN 7270617 AND 7270717
	-> Filter: (sbtest1.k between 7270617 and 7270717)  (cost=19.5 rows=96)
    -> Covering index range scan on sbtest1 using k_1 over (7270617 <= k <= 7270717)  (cost=19.5 rows=96)


table 2 : explain SELECT k FROM sbtest2 WHERE k BETWEEN 7270617 AND 7270717
	-> Filter: (sbtest2.k between 7270617 and 7270717)  (cost=18.9 rows=93)
    -> Covering index range scan on sbtest2 using k_2 over (7270617 <= k <= 7270717)  (cost=18.9 rows=93)


table 3 : explain SELECT k FROM sbtest3 WHERE k BETWEEN 7270617 AND 7270717
	-> Filter: (sbtest3.k between 7270617 and 7270717)  (cost=17.3 rows=85)
    -> Covering index range scan on sbtest3 using k_3 over (7270617 <= k <= 7270717)  (cost=17.3 rows=85)


table 4 : explain SELECT k FROM sbtest4 WHERE k BETWEEN 7270617 AND 7270717
	-> Filter: (sbtest4.k between 7270617 and 7270717)  (cost=19.5 rows=96)
    -> Covering index range scan on sbtest4 using k_4 over (7270617 <= k <= 7270717)  (cost=19.5 rows=96)


table 5 : explain SELECT k FROM sbtest5 WHERE k BETWEEN 7270617 AND 7270717
	-> Filter: (sbtest5.k between 7270617 and 7270717)  (cost=22.7 rows=112)
    -> Covering index range scan on sbtest5 using k_5 over (7270617 <= k <= 7270717)  (cost=22.7 rows=112)


table 6 : explain SELECT k FROM sbtest6 WHERE k BETWEEN 7270617 AND 7270717
	-> Filter: (sbtest6.k between 7270617 and 7270717)  (cost=17.5 rows=86)
    -> Covering index range scan on sbtest6 using k_6 over (7270617 <= k <= 7270717)  (cost=17.5 rows=86)


table 7 : explain SELECT k FROM sbtest7 WHERE k BETWEEN 7270617 AND 7270717
	-> Filter: (sbtest7.k between 7270617 and 7270717)  (cost=18.3 rows=90)
    -> Covering index range scan on sbtest7 using k_7 over (7270617 <= k <= 7270717)  (cost=18.3 rows=90)


table 8 : explain SELECT k FROM sbtest8 WHERE k BETWEEN 7270617 AND 7270717
	-> Filter: (sbtest8.k between 7270617 and 7270717)  (cost=20.9 rows=103)
    -> Covering index range scan on sbtest8 using k_8 over (7270617 <= k <= 7270717)  (cost=20.9 rows=103)


for range-covered
table 1 : explain SELECT k FROM sbtest1 WHERE k BETWEEN 1611351 AND 1611451
	-> Filter: (sbtest1.k between 1611351 and 1611451)  (cost=18.9 rows=93)
    -> Covering index range scan on sbtest1 using k_1 over (1611351 <= k <= 1611451)  (cost=18.9 rows=93)


table 2 : explain SELECT k FROM sbtest2 WHERE k BETWEEN 1611351 AND 1611451
	-> Filter: (sbtest2.k between 1611351 and 1611451)  (cost=19.5 rows=96)
    -> Covering index range scan on sbtest2 using k_2 over (1611351 <= k <= 1611451)  (cost=19.5 rows=96)


table 3 : explain SELECT k FROM sbtest3 WHERE k BETWEEN 1611351 AND 1611451
	-> Filter: (sbtest3.k between 1611351 and 1611451)  (cost=22.9 rows=113)
    -> Covering index range scan on sbtest3 using k_3 over (1611351 <= k <= 1611451)  (cost=22.9 rows=113)


table 4 : explain SELECT k FROM sbtest4 WHERE k BETWEEN 1611351 AND 1611451
	-> Filter: (sbtest4.k between 1611351 and 1611451)  (cost=19.9 rows=98)
    -> Covering index range scan on sbtest4 using k_4 over (1611351 <= k <= 1611451)  (cost=19.9 rows=98)


table 5 : explain SELECT k FROM sbtest5 WHERE k BETWEEN 1611351 AND 1611451
	-> Filter: (sbtest5.k between 1611351 and 1611451)  (cost=20.7 rows=102)
    -> Covering index range scan on sbtest5 using k_5 over (1611351 <= k <= 1611451)  (cost=20.7 rows=102)


table 6 : explain SELECT k FROM sbtest6 WHERE k BETWEEN 1611351 AND 1611451
	-> Filter: (sbtest6.k between 1611351 and 1611451)  (cost=19.7 rows=97)
    -> Covering index range scan on sbtest6 using k_6 over (1611351 <= k <= 1611451)  (cost=19.7 rows=97)


table 7 : explain SELECT k FROM sbtest7 WHERE k BETWEEN 1611351 AND 1611451
	-> Filter: (sbtest7.k between 1611351 and 1611451)  (cost=16.3 rows=80)
    -> Covering index range scan on sbtest7 using k_7 over (1611351 <= k <= 1611451)  (cost=16.3 rows=80)


table 8 : explain SELECT k FROM sbtest8 WHERE k BETWEEN 1611351 AND 1611451
	-> Filter: (sbtest8.k between 1611351 and 1611451)  (cost=19.3 rows=95)
    -> Covering index range scan on sbtest8 using k_8 over (1611351 <= k <= 1611451)  (cost=19.3 rows=95)


for range-covered
table 1 : explain SELECT k FROM sbtest1 WHERE k BETWEEN 4488193 AND 4488293
	-> Filter: (sbtest1.k between 4488193 and 4488293)  (cost=24.7 rows=122)
    -> Covering index range scan on sbtest1 using k_1 over (4488193 <= k <= 4488293)  (cost=24.7 rows=122)


table 2 : explain SELECT k FROM sbtest2 WHERE k BETWEEN 4488193 AND 4488293
	-> Filter: (sbtest2.k between 4488193 and 4488293)  (cost=18.7 rows=92)
    -> Covering index range scan on sbtest2 using k_2 over (4488193 <= k <= 4488293)  (cost=18.7 rows=92)


table 3 : explain SELECT k FROM sbtest3 WHERE k BETWEEN 4488193 AND 4488293
	-> Filter: (sbtest3.k between 4488193 and 4488293)  (cost=21.3 rows=105)
    -> Covering index range scan on sbtest3 using k_3 over (4488193 <= k <= 4488293)  (cost=21.3 rows=105)


table 4 : explain SELECT k FROM sbtest4 WHERE k BETWEEN 4488193 AND 4488293
	-> Filter: (sbtest4.k between 4488193 and 4488293)  (cost=21.9 rows=108)
    -> Covering index range scan on sbtest4 using k_4 over (4488193 <= k <= 4488293)  (cost=21.9 rows=108)


table 5 : explain SELECT k FROM sbtest5 WHERE k BETWEEN 4488193 AND 4488293
	-> Filter: (sbtest5.k between 4488193 and 4488293)  (cost=20.3 rows=100)
    -> Covering index range scan on sbtest5 using k_5 over (4488193 <= k <= 4488293)  (cost=20.3 rows=100)


table 6 : explain SELECT k FROM sbtest6 WHERE k BETWEEN 4488193 AND 4488293
	-> Filter: (sbtest6.k between 4488193 and 4488293)  (cost=22.3 rows=110)
    -> Covering index range scan on sbtest6 using k_6 over (4488193 <= k <= 4488293)  (cost=22.3 rows=110)


table 7 : explain SELECT k FROM sbtest7 WHERE k BETWEEN 4488193 AND 4488293
	-> Filter: (sbtest7.k between 4488193 and 4488293)  (cost=19.7 rows=97)
    -> Covering index range scan on sbtest7 using k_7 over (4488193 <= k <= 4488293)  (cost=19.7 rows=97)


table 8 : explain SELECT k FROM sbtest8 WHERE k BETWEEN 4488193 AND 4488293
	-> Filter: (sbtest8.k between 4488193 and 4488293)  (cost=18.5 rows=91)
    -> Covering index range scan on sbtest8 using k_8 over (4488193 <= k <= 4488293)  (cost=18.5 rows=91)


for range-covered
table 1 : explain SELECT k FROM sbtest1 WHERE k BETWEEN 6227750 AND 6227850
	-> Filter: (sbtest1.k between 6227750 and 6227850)  (cost=17.9 rows=88)
    -> Covering index range scan on sbtest1 using k_1 over (6227750 <= k <= 6227850)  (cost=17.9 rows=88)


table 2 : explain SELECT k FROM sbtest2 WHERE k BETWEEN 6227750 AND 6227850
	-> Filter: (sbtest2.k between 6227750 and 6227850)  (cost=23.1 rows=114)
    -> Covering index range scan on sbtest2 using k_2 over (6227750 <= k <= 6227850)  (cost=23.1 rows=114)


table 3 : explain SELECT k FROM sbtest3 WHERE k BETWEEN 6227750 AND 6227850
	-> Filter: (sbtest3.k between 6227750 and 6227850)  (cost=19.3 rows=95)
    -> Covering index range scan on sbtest3 using k_3 over (6227750 <= k <= 6227850)  (cost=19.3 rows=95)


table 4 : explain SELECT k FROM sbtest4 WHERE k BETWEEN 6227750 AND 6227850
	-> Filter: (sbtest4.k between 6227750 and 6227850)  (cost=16.5 rows=81)
    -> Covering index range scan on sbtest4 using k_4 over (6227750 <= k <= 6227850)  (cost=16.5 rows=81)


table 5 : explain SELECT k FROM sbtest5 WHERE k BETWEEN 6227750 AND 6227850
	-> Filter: (sbtest5.k between 6227750 and 6227850)  (cost=20.7 rows=102)
    -> Covering index range scan on sbtest5 using k_5 over (6227750 <= k <= 6227850)  (cost=20.7 rows=102)


table 6 : explain SELECT k FROM sbtest6 WHERE k BETWEEN 6227750 AND 6227850
	-> Filter: (sbtest6.k between 6227750 and 6227850)  (cost=19.9 rows=98)
    -> Covering index range scan on sbtest6 using k_6 over (6227750 <= k <= 6227850)  (cost=19.9 rows=98)


table 7 : explain SELECT k FROM sbtest7 WHERE k BETWEEN 6227750 AND 6227850
	-> Filter: (sbtest7.k between 6227750 and 6227850)  (cost=22.7 rows=112)
    -> Covering index range scan on sbtest7 using k_7 over (6227750 <= k <= 6227850)  (cost=22.7 rows=112)


table 8 : explain SELECT k FROM sbtest8 WHERE k BETWEEN 6227750 AND 6227850
	-> Filter: (sbtest8.k between 6227750 and 6227850)  (cost=21.3 rows=105)
    -> Covering index range scan on sbtest8 using k_8 over (6227750 <= k <= 6227850)  (cost=21.3 rows=105)


explain: for range-covered :: explain SELECT k FROM sbtest%d WHERE k BETWEEN 7270617 AND 7270717
for range-covered
table 1 : explain SELECT k FROM sbtest1 WHERE k BETWEEN 3707286 AND 3707386
	-> Filter: (sbtest1.k between 3707286 and 3707386)  (cost=22.7 rows=112)
    -> Covering index range scan on sbtest1 using k_1 over (3707286 <= k <= 3707386)  (cost=22.7 rows=112)


table 2 : explain SELECT k FROM sbtest2 WHERE k BETWEEN 3707286 AND 3707386
	-> Filter: (sbtest2.k between 3707286 and 3707386)  (cost=18.9 rows=93)
    -> Covering index range scan on sbtest2 using k_2 over (3707286 <= k <= 3707386)  (cost=18.9 rows=93)


table 3 : explain SELECT k FROM sbtest3 WHERE k BETWEEN 3707286 AND 3707386
	-> Filter: (sbtest3.k between 3707286 and 3707386)  (cost=23.7 rows=117)
    -> Covering index range scan on sbtest3 using k_3 over (3707286 <= k <= 3707386)  (cost=23.7 rows=117)


table 4 : explain SELECT k FROM sbtest4 WHERE k BETWEEN 3707286 AND 3707386
	-> Filter: (sbtest4.k between 3707286 and 3707386)  (cost=17.5 rows=86)
    -> Covering index range scan on sbtest4 using k_4 over (3707286 <= k <= 3707386)  (cost=17.5 rows=86)


table 5 : explain SELECT k FROM sbtest5 WHERE k BETWEEN 3707286 AND 3707386
	-> Filter: (sbtest5.k between 3707286 and 3707386)  (cost=19.9 rows=98)
    -> Covering index range scan on sbtest5 using k_5 over (3707286 <= k <= 3707386)  (cost=19.9 rows=98)


table 6 : explain SELECT k FROM sbtest6 WHERE k BETWEEN 3707286 AND 3707386
	-> Filter: (sbtest6.k between 3707286 and 3707386)  (cost=16.9 rows=83)
    -> Covering index range scan on sbtest6 using k_6 over (3707286 <= k <= 3707386)  (cost=16.9 rows=83)


table 7 : explain SELECT k FROM sbtest7 WHERE k BETWEEN 3707286 AND 3707386
	-> Filter: (sbtest7.k between 3707286 and 3707386)  (cost=21.5 rows=106)
    -> Covering index range scan on sbtest7 using k_7 over (3707286 <= k <= 3707386)  (cost=21.5 rows=106)


table 8 : explain SELECT k FROM sbtest8 WHERE k BETWEEN 3707286 AND 3707386
	-> Filter: (sbtest8.k between 3707286 and 3707386)  (cost=23.1 rows=114)
    -> Covering index range scan on sbtest8 using k_8 over (3707286 <= k <= 3707386)  (cost=23.1 rows=114)


for range-covered
table 1 : explain SELECT k FROM sbtest1 WHERE k BETWEEN 4028958 AND 4029058
	-> Filter: (sbtest1.k between 4028958 and 4029058)  (cost=20.7 rows=102)
    -> Covering index range scan on sbtest1 using k_1 over (4028958 <= k <= 4029058)  (cost=20.7 rows=102)


table 2 : explain SELECT k FROM sbtest2 WHERE k BETWEEN 4028958 AND 4029058
	-> Filter: (sbtest2.k between 4028958 and 4029058)  (cost=17.7 rows=87)
    -> Covering index range scan on sbtest2 using k_2 over (4028958 <= k <= 4029058)  (cost=17.7 rows=87)


table 3 : explain SELECT k FROM sbtest3 WHERE k BETWEEN 4028958 AND 4029058
	-> Filter: (sbtest3.k between 4028958 and 4029058)  (cost=22.9 rows=113)
    -> Covering index range scan on sbtest3 using k_3 over (4028958 <= k <= 4029058)  (cost=22.9 rows=113)


table 4 : explain SELECT k FROM sbtest4 WHERE k BETWEEN 4028958 AND 4029058
	-> Filter: (sbtest4.k between 4028958 and 4029058)  (cost=18.1 rows=89)
    -> Covering index range scan on sbtest4 using k_4 over (4028958 <= k <= 4029058)  (cost=18.1 rows=89)


table 5 : explain SELECT k FROM sbtest5 WHERE k BETWEEN 4028958 AND 4029058
	-> Filter: (sbtest5.k between 4028958 and 4029058)  (cost=22.1 rows=109)
    -> Covering index range scan on sbtest5 using k_5 over (4028958 <= k <= 4029058)  (cost=22.1 rows=109)


table 6 : explain SELECT k FROM sbtest6 WHERE k BETWEEN 4028958 AND 4029058
	-> Filter: (sbtest6.k between 4028958 and 4029058)  (cost=19.3 rows=95)
    -> Covering index range scan on sbtest6 using k_6 over (4028958 <= k <= 4029058)  (cost=19.3 rows=95)


table 7 : explain SELECT k FROM sbtest7 WHERE k BETWEEN 4028958 AND 4029058
	-> Filter: (sbtest7.k between 4028958 and 4029058)  (cost=17.5 rows=86)
    -> Covering index range scan on sbtest7 using k_7 over (4028958 <= k <= 4029058)  (cost=17.5 rows=86)


table 8 : explain SELECT k FROM sbtest8 WHERE k BETWEEN 4028958 AND 4029058
	-> Filter: (sbtest8.k between 4028958 and 4029058)  (cost=21.9 rows=108)
    -> Covering index range scan on sbtest8 using k_8 over (4028958 <= k <= 4029058)  (cost=21.9 rows=108)

explain: for range-covered :: explain SELECT k FROM sbtest%d WHERE k BETWEEN 4488193 AND 4488293
explain: for range-covered :: explain SELECT k FROM sbtest%d WHERE k BETWEEN 1611351 AND 1611451

explain: for range-covered :: explain SELECT k FROM sbtest%d WHERE k BETWEEN 6227750 AND 6227850
for range-covered
table 1 : explain SELECT k FROM sbtest1 WHERE k BETWEEN 1786794 AND 1786894
	-> Filter: (sbtest1.k between 1786794 and 1786894)  (cost=20.5 rows=101)
    -> Covering index range scan on sbtest1 using k_1 over (1786794 <= k <= 1786894)  (cost=20.5 rows=101)


table 2 : explain SELECT k FROM sbtest2 WHERE k BETWEEN 1786794 AND 1786894
	-> Filter: (sbtest2.k between 1786794 and 1786894)  (cost=24.3 rows=120)
    -> Covering index range scan on sbtest2 using k_2 over (1786794 <= k <= 1786894)  (cost=24.3 rows=120)


table 3 : explain SELECT k FROM sbtest3 WHERE k BETWEEN 1786794 AND 1786894
	-> Filter: (sbtest3.k between 1786794 and 1786894)  (cost=19.5 rows=96)
    -> Covering index range scan on sbtest3 using k_3 over (1786794 <= k <= 1786894)  (cost=19.5 rows=96)


table 4 : explain SELECT k FROM sbtest4 WHERE k BETWEEN 1786794 AND 1786894
	-> Filter: (sbtest4.k between 1786794 and 1786894)  (cost=20.3 rows=100)
    -> Covering index range scan on sbtest4 using k_4 over (1786794 <= k <= 1786894)  (cost=20.3 rows=100)


table 5 : explain SELECT k FROM sbtest5 WHERE k BETWEEN 1786794 AND 1786894
	-> Filter: (sbtest5.k between 1786794 and 1786894)  (cost=20.1 rows=99)
    -> Covering index range scan on sbtest5 using k_5 over (1786794 <= k <= 1786894)  (cost=20.1 rows=99)


table 6 : explain SELECT k FROM sbtest6 WHERE k BETWEEN 1786794 AND 1786894
	-> Filter: (sbtest6.k between 1786794 and 1786894)  (cost=18.1 rows=89)
    -> Covering index range scan on sbtest6 using k_6 over (1786794 <= k <= 1786894)  (cost=18.1 rows=89)


table 7 : explain SELECT k FROM sbtest7 WHERE k BETWEEN 1786794 AND 1786894
	-> Filter: (sbtest7.k between 1786794 and 1786894)  (cost=21.1 rows=104)
    -> Covering index range scan on sbtest7 using k_7 over (1786794 <= k <= 1786894)  (cost=21.1 rows=104)


table 8 : explain SELECT k FROM sbtest8 WHERE k BETWEEN 1786794 AND 1786894
	-> Filter: (sbtest8.k between 1786794 and 1786894)  (cost=20.7 rows=102)
    -> Covering index range scan on sbtest8 using k_8 over (1786794 <= k <= 1786894)  (cost=20.7 rows=102)

for range-covered
table 1 : explain SELECT k FROM sbtest1 WHERE k BETWEEN 5917655 AND 5917755
	-> Filter: (sbtest1.k between 5917655 and 5917755)  (cost=19.9 rows=98)
    -> Covering index range scan on sbtest1 using k_1 over (5917655 <= k <= 5917755)  (cost=19.9 rows=98)


table 2 : explain SELECT k FROM sbtest2 WHERE k BETWEEN 5917655 AND 5917755
	-> Filter: (sbtest2.k between 5917655 and 5917755)  (cost=20.7 rows=102)
    -> Covering index range scan on sbtest2 using k_2 over (5917655 <= k <= 5917755)  (cost=20.7 rows=102)


table 3 : explain SELECT k FROM sbtest3 WHERE k BETWEEN 5917655 AND 5917755
	-> Filter: (sbtest3.k between 5917655 and 5917755)  (cost=21.9 rows=108)
    -> Covering index range scan on sbtest3 using k_3 over (5917655 <= k <= 5917755)  (cost=21.9 rows=108)


table 4 : explain SELECT k FROM sbtest4 WHERE k BETWEEN 5917655 AND 5917755
	-> Filter: (sbtest4.k between 5917655 and 5917755)  (cost=20.3 rows=100)
    -> Covering index range scan on sbtest4 using k_4 over (5917655 <= k <= 5917755)  (cost=20.3 rows=100)


table 5 : explain SELECT k FROM sbtest5 WHERE k BETWEEN 5917655 AND 5917755
	-> Filter: (sbtest5.k between 5917655 and 5917755)  (cost=22.9 rows=113)
    -> Covering index range scan on sbtest5 using k_5 over (5917655 <= k <= 5917755)  (cost=22.9 rows=113)


table 6 : explain SELECT k FROM sbtest6 WHERE k BETWEEN 5917655 AND 5917755
	-> Filter: (sbtest6.k between 5917655 and 5917755)  (cost=18.9 rows=93)
    -> Covering index range scan on sbtest6 using k_6 over (5917655 <= k <= 5917755)  (cost=18.9 rows=93)


table 7 : explain SELECT k FROM sbtest7 WHERE k BETWEEN 5917655 AND 5917755
	-> Filter: (sbtest7.k between 5917655 and 5917755)  (cost=21.3 rows=105)
    -> Covering index range scan on sbtest7 using k_7 over (5917655 <= k <= 5917755)  (cost=21.3 rows=105)


table 8 : explain SELECT k FROM sbtest8 WHERE k BETWEEN 5917655 AND 5917755
	-> Filter: (sbtest8.k between 5917655 and 5917755)  (cost=22.3 rows=110)
    -> Covering index range scan on sbtest8 using k_8 over (5917655 <= k <= 5917755)  (cost=22.3 rows=110)

explain: for range-covered :: explain SELECT k FROM sbtest%d WHERE k BETWEEN 3707286 AND 3707386for range-covered
table 1 : explain SELECT k FROM sbtest1 WHERE k BETWEEN 2207025 AND 2207125
	-> Filter: (sbtest1.k between 2207025 and 2207125)  (cost=21.7 rows=107)
    -> Covering index range scan on sbtest1 using k_1 over (2207025 <= k <= 2207125)  (cost=21.7 rows=107)


table 2 : explain SELECT k FROM sbtest2 WHERE k BETWEEN 2207025 AND 2207125
	-> Filter: (sbtest2.k between 2207025 and 2207125)  (cost=21.9 rows=108)
    -> Covering index range scan on sbtest2 using k_2 over (2207025 <= k <= 2207125)  (cost=21.9 rows=108)


table 3 : explain SELECT k FROM sbtest3 WHERE k BETWEEN 2207025 AND 2207125
	-> Filter: (sbtest3.k between 2207025 and 2207125)  (cost=24.1 rows=119)
    -> Covering index range scan on sbtest3 using k_3 over (2207025 <= k <= 2207125)  (cost=24.1 rows=119)


table 4 : explain SELECT k FROM sbtest4 WHERE k BETWEEN 2207025 AND 2207125
	-> Filter: (sbtest4.k between 2207025 and 2207125)  (cost=22.9 rows=113)
    -> Covering index range scan on sbtest4 using k_4 over (2207025 <= k <= 2207125)  (cost=22.9 rows=113)


table 5 : explain SELECT k FROM sbtest5 WHERE k BETWEEN 2207025 AND 2207125
	-> Filter: (sbtest5.k between 2207025 and 2207125)  (cost=21.3 rows=105)
    -> Covering index range scan on sbtest5 using k_5 over (2207025 <= k <= 2207125)  (cost=21.3 rows=105)


table 6 : explain SELECT k FROM sbtest6 WHERE k BETWEEN 2207025 AND 2207125
	-> Filter: (sbtest6.k between 2207025 and 2207125)  (cost=18.7 rows=92)
    -> Covering index range scan on sbtest6 using k_6 over (2207025 <= k <= 2207125)  (cost=18.7 rows=92)


table 7 : explain SELECT k FROM sbtest7 WHERE k BETWEEN 2207025 AND 2207125
	-> Filter: (sbtest7.k between 2207025 and 2207125)  (cost=23.3 rows=115)
    -> Covering index range scan on sbtest7 using k_7 over (2207025 <= k <= 2207125)  (cost=23.3 rows=115)


table 8 : explain SELECT k FROM sbtest8 WHERE k BETWEEN 2207025 AND 2207125
	-> Filter: (sbtest8.k between 2207025 and 2207125)  (cost=22.7 rows=112)
    -> Covering index range scan on sbtest8 using k_8 over (2207025 <= k <= 2207125)  (cost=22.7 rows=112)


for range-covered
table 1 : explain SELECT k FROM sbtest1 WHERE k BETWEEN 4185972 AND 4186072
	-> Filter: (sbtest1.k between 4185972 and 4186072)  (cost=19.3 rows=95)
    -> Covering index range scan on sbtest1 using k_1 over (4185972 <= k <= 4186072)  (cost=19.3 rows=95)


table 2 : explain SELECT k FROM sbtest2 WHERE k BETWEEN 4185972 AND 4186072
	-> Filter: (sbtest2.k between 4185972 and 4186072)  (cost=23.3 rows=115)
    -> Covering index range scan on sbtest2 using k_2 over (4185972 <= k <= 4186072)  (cost=23.3 rows=115)


table 3 : explain SELECT k FROM sbtest3 WHERE k BETWEEN 4185972 AND 4186072
	-> Filter: (sbtest3.k between 4185972 and 4186072)  (cost=22.1 rows=109)
    -> Covering index range scan on sbtest3 using k_3 over (4185972 <= k <= 4186072)  (cost=22.1 rows=109)


table 4 : explain SELECT k FROM sbtest4 WHERE k BETWEEN 4185972 AND 4186072
	-> Filter: (sbtest4.k between 4185972 and 4186072)  (cost=22.3 rows=110)
    -> Covering index range scan on sbtest4 using k_4 over (4185972 <= k <= 4186072)  (cost=22.3 rows=110)


table 5 : explain SELECT k FROM sbtest5 WHERE k BETWEEN 4185972 AND 4186072
	-> Filter: (sbtest5.k between 4185972 and 4186072)  (cost=22.7 rows=112)
    -> Covering index range scan on sbtest5 using k_5 over (4185972 <= k <= 4186072)  (cost=22.7 rows=112)


table 6 : explain SELECT k FROM sbtest6 WHERE k BETWEEN 4185972 AND 4186072
	-> Filter: (sbtest6.k between 4185972 and 4186072)  (cost=19.1 rows=94)
    -> Covering index range scan on sbtest6 using k_6 over (4185972 <= k <= 4186072)  (cost=19.1 rows=94)


table 7 : explain SELECT k FROM sbtest7 WHERE k BETWEEN 4185972 AND 4186072
	-> Filter: (sbtest7.k between 4185972 and 4186072)  (cost=21.9 rows=108)
    -> Covering index range scan on sbtest7 using k_7 over (4185972 <= k <= 4186072)  (cost=21.9 rows=108)


table 8 : explain SELECT k FROM sbtest8 WHERE k BETWEEN 4185972 AND 4186072
	-> Filter: (sbtest8.k between 4185972 and 4186072)  (cost=15.9 rows=78)
    -> Covering index range scan on sbtest8 using k_8 over (4185972 <= k <= 4186072)  (cost=15.9 rows=78)




for range-covered
table 1 : explain SELECT k FROM sbtest1 WHERE k BETWEEN 2906057 AND 2906157
	-> Filter: (sbtest1.k between 2906057 and 2906157)  (cost=24.1 rows=119)
    -> Covering index range scan on sbtest1 using k_1 over (2906057 <= k <= 2906157)  (cost=24.1 rows=119)


table 2 : explain SELECT k FROM sbtest2 WHERE k BETWEEN 2906057 AND 2906157
	-> Filter: (sbtest2.k between 2906057 and 2906157)  (cost=17.3 rows=85)
    -> Covering index range scan on sbtest2 using k_2 over (2906057 <= k <= 2906157)  (cost=17.3 rows=85)


table 3 : explain SELECT k FROM sbtest3 WHERE k BETWEEN 2906057 AND 2906157
	-> Filter: (sbtest3.k between 2906057 and 2906157)  (cost=17.7 rows=87)
    -> Covering index range scan on sbtest3 using k_3 over (2906057 <= k <= 2906157)  (cost=17.7 rows=87)


table 4 : explain SELECT k FROM sbtest4 WHERE k BETWEEN 2906057 AND 2906157
	-> Filter: (sbtest4.k between 2906057 and 2906157)  (cost=18.3 rows=90)
    -> Covering index range scan on sbtest4 using k_4 over (2906057 <= k <= 2906157)  (cost=18.3 rows=90)


table 5 : explain SELECT k FROM sbtest5 WHERE k BETWEEN 2906057 AND 2906157
	-> Filter: (sbtest5.k between 2906057 and 2906157)  (cost=22.9 rows=113)
    -> Covering index range scan on sbtest5 using k_5 over (2906057 <= k <= 2906157)  (cost=22.9 rows=113)


table 6 : explain SELECT k FROM sbtest6 WHERE k BETWEEN 2906057 AND 2906157
	-> Filter: (sbtest6.k between 2906057 and 2906157)  (cost=16.3 rows=80)
    -> Covering index range scan on sbtest6 using k_6 over (2906057 <= k <= 2906157)  (cost=16.3 rows=80)


table 7 : explain SELECT k FROM sbtest7 WHERE k BETWEEN 2906057 AND 2906157
	-> Filter: (sbtest7.k between 2906057 and 2906157)  (cost=19.7 rows=97)
    -> Covering index range scan on sbtest7 using k_7 over (2906057 <= k <= 2906157)  (cost=19.7 rows=97)


table 8 : explain SELECT k FROM sbtest8 WHERE k BETWEEN 2906057 AND 2906157
	-> Filter: (sbtest8.k between 2906057 and 2906157)  (cost=18.9 rows=93)
    -> Covering index range scan on sbtest8 using k_8 over (2906057 <= k <= 2906157)  (cost=18.9 rows=93)


for range-covered
table 1 : explain SELECT k FROM sbtest1 WHERE k BETWEEN 8511897 AND 8511997
	-> Filter: (sbtest1.k between 8511897 and 8511997)  (cost=19.1 rows=94)
    -> Covering index range scan on sbtest1 using k_1 over (8511897 <= k <= 8511997)  (cost=19.1 rows=94)


table 2 : explain SELECT k FROM sbtest2 WHERE k BETWEEN 8511897 AND 8511997
	-> Filter: (sbtest2.k between 8511897 and 8511997)  (cost=19.1 rows=94)
    -> Covering index range scan on sbtest2 using k_2 over (8511897 <= k <= 8511997)  (cost=19.1 rows=94)


table 3 : explain SELECT k FROM sbtest3 WHERE k BETWEEN 8511897 AND 8511997
	-> Filter: (sbtest3.k between 8511897 and 8511997)  (cost=21.7 rows=107)
    -> Covering index range scan on sbtest3 using k_3 over (8511897 <= k <= 8511997)  (cost=21.7 rows=107)


table 4 : explain SELECT k FROM sbtest4 WHERE k BETWEEN 8511897 AND 8511997
	-> Filter: (sbtest4.k between 8511897 and 8511997)  (cost=20.1 rows=99)
    -> Covering index range scan on sbtest4 using k_4 over (8511897 <= k <= 8511997)  (cost=20.1 rows=99)


table 5 : explain SELECT k FROM sbtest5 WHERE k BETWEEN 8511897 AND 8511997
	-> Filter: (sbtest5.k between 8511897 and 8511997)  (cost=20.7 rows=102)
    -> Covering index range scan on sbtest5 using k_5 over (8511897 <= k <= 8511997)  (cost=20.7 rows=102)


table 6 : explain SELECT k FROM sbtest6 WHERE k BETWEEN 8511897 AND 8511997
	-> Filter: (sbtest6.k between 8511897 and 8511997)  (cost=20.9 rows=103)
    -> Covering index range scan on sbtest6 using k_6 over (8511897 <= k <= 8511997)  (cost=20.9 rows=103)


table 7 : explain SELECT k FROM sbtest7 WHERE k BETWEEN 8511897 AND 8511997
	-> Filter: (sbtest7.k between 8511897 and 8511997)  (cost=23.3 rows=115)
    -> Covering index range scan on sbtest7 using k_7 over (8511897 <= k <= 8511997)  (cost=23.3 rows=115)


table 8 : explain SELECT k FROM sbtest8 WHERE k BETWEEN 8511897 AND 8511997
	-> Filter: (sbtest8.k between 8511897 and 8511997)  (cost=18.7 rows=92)
    -> Covering index range scan on sbtest8 using k_8 over (8511897 <= k <= 8511997)  (cost=18.7 rows=92)


for range-covered
table 1 : explain SELECT k FROM sbtest1 WHERE k BETWEEN 3531035 AND 3531135
	-> Filter: (sbtest1.k between 3531035 and 3531135)  (cost=19.9 rows=98)
    -> Covering index range scan on sbtest1 using k_1 over (3531035 <= k <= 3531135)  (cost=19.9 rows=98)


table 2 : explain SELECT k FROM sbtest2 WHERE k BETWEEN 3531035 AND 3531135
	-> Filter: (sbtest2.k between 3531035 and 3531135)  (cost=18.9 rows=93)
    -> Covering index range scan on sbtest2 using k_2 over (3531035 <= k <= 3531135)  (cost=18.9 rows=93)


table 3 : explain SELECT k FROM sbtest3 WHERE k BETWEEN 3531035 AND 3531135
	-> Filter: (sbtest3.k between 3531035 and 3531135)  (cost=20.7 rows=102)
    -> Covering index range scan on sbtest3 using k_3 over (3531035 <= k <= 3531135)  (cost=20.7 rows=102)


table 4 : explain SELECT k FROM sbtest4 WHERE k BETWEEN 3531035 AND 3531135
	-> Filter: (sbtest4.k between 3531035 and 3531135)  (cost=23.9 rows=118)
    -> Covering index range scan on sbtest4 using k_4 over (3531035 <= k <= 3531135)  (cost=23.9 rows=118)


table 5 : explain SELECT k FROM sbtest5 WHERE k BETWEEN 3531035 AND 3531135
	-> Filter: (sbtest5.k between 3531035 and 3531135)  (cost=20.3 rows=100)
    -> Covering index range scan on sbtest5 using k_5 over (3531035 <= k <= 3531135)  (cost=20.3 rows=100)


table 6 : explain SELECT k FROM sbtest6 WHERE k BETWEEN 3531035 AND 3531135
	-> Filter: (sbtest6.k between 3531035 and 3531135)  (cost=15.1 rows=74)
    -> Covering index range scan on sbtest6 using k_6 over (3531035 <= k <= 3531135)  (cost=15.1 rows=74)


table 7 : explain SELECT k FROM sbtest7 WHERE k BETWEEN 3531035 AND 3531135
	-> Filter: (sbtest7.k between 3531035 and 3531135)  (cost=18.9 rows=93)
    -> Covering index range scan on sbtest7 using k_7 over (3531035 <= k <= 3531135)  (cost=18.9 rows=93)


table 8 : explain SELECT k FROM sbtest8 WHERE k BETWEEN 3531035 AND 3531135
	-> Filter: (sbtest8.k between 3531035 and 3531135)  (cost=16.9 rows=83)
    -> Covering index range scan on sbtest8 using k_8 over (3531035 <= k <= 3531135)  (cost=16.9 rows=83)


explain: for range-covered :: explain SELECT k FROM sbtest%d WHERE k BETWEEN 4185972 AND 4186072explain: for range-covered :: explain SELECT k FROM sbtest%d WHERE k BETWEEN 5917655 AND 5917755
for range-covered
table 1 : explain SELECT k FROM sbtest1 WHERE k BETWEEN 5533698 AND 5533798
	-> Filter: (sbtest1.k between 5533698 and 5533798)  (cost=18.5 rows=91)
    -> Covering index range scan on sbtest1 using k_1 over (5533698 <= k <= 5533798)  (cost=18.5 rows=91)


table 2 : explain SELECT k FROM sbtest2 WHERE k BETWEEN 5533698 AND 5533798
	-> Filter: (sbtest2.k between 5533698 and 5533798)  (cost=22.3 rows=110)
    -> Covering index range scan on sbtest2 using k_2 over (5533698 <= k <= 5533798)  (cost=22.3 rows=110)


table 3 : explain SELECT k FROM sbtest3 WHERE k BETWEEN 5533698 AND 5533798
	-> Filter: (sbtest3.k between 5533698 and 5533798)  (cost=22.5 rows=111)
    -> Covering index range scan on sbtest3 using k_3 over (5533698 <= k <= 5533798)  (cost=22.5 rows=111)


table 4 : explain SELECT k FROM sbtest4 WHERE k BETWEEN 5533698 AND 5533798
	-> Filter: (sbtest4.k between 5533698 and 5533798)  (cost=20.9 rows=103)
    -> Covering index range scan on sbtest4 using k_4 over (5533698 <= k <= 5533798)  (cost=20.9 rows=103)


table 5 : explain SELECT k FROM sbtest5 WHERE k BETWEEN 5533698 AND 5533798
	-> Filter: (sbtest5.k between 5533698 and 5533798)  (cost=22.5 rows=111)
    -> Covering index range scan on sbtest5 using k_5 over (5533698 <= k <= 5533798)  (cost=22.5 rows=111)


table 6 : explain SELECT k FROM sbtest6 WHERE k BETWEEN 5533698 AND 5533798
	-> Filter: (sbtest6.k between 5533698 and 5533798)  (cost=20.7 rows=102)
    -> Covering index range scan on sbtest6 using k_6 over (5533698 <= k <= 5533798)  (cost=20.7 rows=102)


table 7 : explain SELECT k FROM sbtest7 WHERE k BETWEEN 5533698 AND 5533798
	-> Filter: (sbtest7.k between 5533698 and 5533798)  (cost=20.9 rows=103)
    -> Covering index range scan on sbtest7 using k_7 over (5533698 <= k <= 5533798)  (cost=20.9 rows=103)


table 8 : explain SELECT k FROM sbtest8 WHERE k BETWEEN 5533698 AND 5533798
	-> Filter: (sbtest8.k between 5533698 and 5533798)  (cost=24.7 rows=122)
    -> Covering index range scan on sbtest8 using k_8 over (5533698 <= k <= 5533798)  (cost=24.7 rows=122)


explain: for range-covered :: explain SELECT k FROM sbtest%d WHERE k BETWEEN 4028958 AND 4029058for range-covered
table 1 : explain SELECT k FROM sbtest1 WHERE k BETWEEN 6936407 AND 6936507
	-> Filter: (sbtest1.k between 6936407 and 6936507)  (cost=19.3 rows=95)
    -> Covering index range scan on sbtest1 using k_1 over (6936407 <= k <= 6936507)  (cost=19.3 rows=95)


table 2 : explain SELECT k FROM sbtest2 WHERE k BETWEEN 6936407 AND 6936507
	-> Filter: (sbtest2.k between 6936407 and 6936507)  (cost=19.5 rows=96)
    -> Covering index range scan on sbtest2 using k_2 over (6936407 <= k <= 6936507)  (cost=19.5 rows=96)


table 3 : explain SELECT k FROM sbtest3 WHERE k BETWEEN 6936407 AND 6936507
	-> Filter: (sbtest3.k between 6936407 and 6936507)  (cost=19.5 rows=96)
    -> Covering index range scan on sbtest3 using k_3 over (6936407 <= k <= 6936507)  (cost=19.5 rows=96)


table 4 : explain SELECT k FROM sbtest4 WHERE k BETWEEN 6936407 AND 6936507
	-> Filter: (sbtest4.k between 6936407 and 6936507)  (cost=22.5 rows=111)
    -> Covering index range scan on sbtest4 using k_4 over (6936407 <= k <= 6936507)  (cost=22.5 rows=111)


table 5 : explain SELECT k FROM sbtest5 WHERE k BETWEEN 6936407 AND 6936507
	-> Filter: (sbtest5.k between 6936407 and 6936507)  (cost=22.1 rows=109)
    -> Covering index range scan on sbtest5 using k_5 over (6936407 <= k <= 6936507)  (cost=22.1 rows=109)


table 6 : explain SELECT k FROM sbtest6 WHERE k BETWEEN 6936407 AND 6936507
	-> Filter: (sbtest6.k between 6936407 and 6936507)  (cost=17.9 rows=88)
    -> Covering index range scan on sbtest6 using k_6 over (6936407 <= k <= 6936507)  (cost=17.9 rows=88)


table 7 : explain SELECT k FROM sbtest7 WHERE k BETWEEN 6936407 AND 6936507
	-> Filter: (sbtest7.k between 6936407 and 6936507)  (cost=18.1 rows=89)
    -> Covering index range scan on sbtest7 using k_7 over (6936407 <= k <= 6936507)  (cost=18.1 rows=89)


table 8 : explain SELECT k FROM sbtest8 WHERE k BETWEEN 6936407 AND 6936507
	-> Filter: (sbtest8.k between 6936407 and 6936507)  (cost=22.5 rows=111)
    -> Covering index range scan on sbtest8 using k_8 over (6936407 <= k <= 6936507)  (cost=22.5 rows=111)


for range-covered
table 1 : explain SELECT k FROM sbtest1 WHERE k BETWEEN 4433145 AND 4433245
	-> Filter: (sbtest1.k between 4433145 and 4433245)  (cost=22.1 rows=109)
    -> Covering index range scan on sbtest1 using k_1 over (4433145 <= k <= 4433245)  (cost=22.1 rows=109)


table 2 : explain SELECT k FROM sbtest2 WHERE k BETWEEN 4433145 AND 4433245
	-> Filter: (sbtest2.k between 4433145 and 4433245)  (cost=21.1 rows=104)
    -> Covering index range scan on sbtest2 using k_2 over (4433145 <= k <= 4433245)  (cost=21.1 rows=104)


table 3 : explain SELECT k FROM sbtest3 WHERE k BETWEEN 4433145 AND 4433245
	-> Filter: (sbtest3.k between 4433145 and 4433245)  (cost=19.9 rows=98)
    -> Covering index range scan on sbtest3 using k_3 over (4433145 <= k <= 4433245)  (cost=19.9 rows=98)


table 4 : explain SELECT k FROM sbtest4 WHERE k BETWEEN 4433145 AND 4433245
	-> Filter: (sbtest4.k between 4433145 and 4433245)  (cost=24.9 rows=123)
    -> Covering index range scan on sbtest4 using k_4 over (4433145 <= k <= 4433245)  (cost=24.9 rows=123)


table 5 : explain SELECT k FROM sbtest5 WHERE k BETWEEN 4433145 AND 4433245
	-> Filter: (sbtest5.k between 4433145 and 4433245)  (cost=20.9 rows=103)
    -> Covering index range scan on sbtest5 using k_5 over (4433145 <= k <= 4433245)  (cost=20.9 rows=103)


table 6 : explain SELECT k FROM sbtest6 WHERE k BETWEEN 4433145 AND 4433245
	-> Filter: (sbtest6.k between 4433145 and 4433245)  (cost=20.7 rows=102)
    -> Covering index range scan on sbtest6 using k_6 over (4433145 <= k <= 4433245)  (cost=20.7 rows=102)


table 7 : explain SELECT k FROM sbtest7 WHERE k BETWEEN 4433145 AND 4433245
	-> Filter: (sbtest7.k between 4433145 and 4433245)  (cost=14.9 rows=73)
    -> Covering index range scan on sbtest7 using k_7 over (4433145 <= k <= 4433245)  (cost=14.9 rows=73)


table 8 : explain SELECT k FROM sbtest8 WHERE k BETWEEN 4433145 AND 4433245
	-> Filter: (sbtest8.k between 4433145 and 4433245)  (cost=22.7 rows=112)
    -> Covering index range scan on sbtest8 using k_8 over (4433145 <= k <= 4433245)  (cost=22.7 rows=112)

explain: for range-covered :: explain SELECT k FROM sbtest%d WHERE k BETWEEN 8511897 AND 8511997explain: for range-covered :: explain SELECT k FROM sbtest%d WHERE k BETWEEN 2207025 AND 2207125for range-covered
table 1 : explain SELECT k FROM sbtest1 WHERE k BETWEEN 1823676 AND 1823776
	-> Filter: (sbtest1.k between 1823676 and 1823776)  (cost=23.1 rows=114)
    -> Covering index range scan on sbtest1 using k_1 over (1823676 <= k <= 1823776)  (cost=23.1 rows=114)


table 2 : explain SELECT k FROM sbtest2 WHERE k BETWEEN 1823676 AND 1823776
	-> Filter: (sbtest2.k between 1823676 and 1823776)  (cost=19.5 rows=96)
    -> Covering index range scan on sbtest2 using k_2 over (1823676 <= k <= 1823776)  (cost=19.5 rows=96)


table 3 : explain SELECT k FROM sbtest3 WHERE k BETWEEN 1823676 AND 1823776
	-> Filter: (sbtest3.k between 1823676 and 1823776)  (cost=21.5 rows=106)
    -> Covering index range scan on sbtest3 using k_3 over (1823676 <= k <= 1823776)  (cost=21.5 rows=106)


table 4 : explain SELECT k FROM sbtest4 WHERE k BETWEEN 1823676 AND 1823776
	-> Filter: (sbtest4.k between 1823676 and 1823776)  (cost=23.9 rows=118)
    -> Covering index range scan on sbtest4 using k_4 over (1823676 <= k <= 1823776)  (cost=23.9 rows=118)


table 5 : explain SELECT k FROM sbtest5 WHERE k BETWEEN 1823676 AND 1823776
	-> Filter: (sbtest5.k between 1823676 and 1823776)  (cost=19.7 rows=97)
    -> Covering index range scan on sbtest5 using k_5 over (1823676 <= k <= 1823776)  (cost=19.7 rows=97)


table 6 : explain SELECT k FROM sbtest6 WHERE k BETWEEN 1823676 AND 1823776
	-> Filter: (sbtest6.k between 1823676 and 1823776)  (cost=24.7 rows=122)
    -> Covering index range scan on sbtest6 using k_6 over (1823676 <= k <= 1823776)  (cost=24.7 rows=122)


table 7 : explain SELECT k FROM sbtest7 WHERE k BETWEEN 1823676 AND 1823776
	-> Filter: (sbtest7.k between 1823676 and 1823776)  (cost=18.3 rows=90)
    -> Covering index range scan on sbtest7 using k_7 over (1823676 <= k <= 1823776)  (cost=18.3 rows=90)


table 8 : explain SELECT k FROM sbtest8 WHERE k BETWEEN 1823676 AND 1823776
	-> Filter: (sbtest8.k between 1823676 and 1823776)  (cost=23.3 rows=115)
    -> Covering index range scan on sbtest8 using k_8 over (1823676 <= k <= 1823776)  (cost=23.3 rows=115)

for range-covered
table 1 : explain SELECT k FROM sbtest1 WHERE k BETWEEN 4982434 AND 4982534
	-> Filter: (sbtest1.k between 4982434 and 4982534)  (cost=23.3 rows=115)
    -> Covering index range scan on sbtest1 using k_1 over (4982434 <= k <= 4982534)  (cost=23.3 rows=115)


table 2 : explain SELECT k FROM sbtest2 WHERE k BETWEEN 4982434 AND 4982534
	-> Filter: (sbtest2.k between 4982434 and 4982534)  (cost=19.5 rows=96)
    -> Covering index range scan on sbtest2 using k_2 over (4982434 <= k <= 4982534)  (cost=19.5 rows=96)


table 3 : explain SELECT k FROM sbtest3 WHERE k BETWEEN 4982434 AND 4982534
	-> Filter: (sbtest3.k between 4982434 and 4982534)  (cost=21.1 rows=104)
    -> Covering index range scan on sbtest3 using k_3 over (4982434 <= k <= 4982534)  (cost=21.1 rows=104)


table 4 : explain SELECT k FROM sbtest4 WHERE k BETWEEN 4982434 AND 4982534
	-> Filter: (sbtest4.k between 4982434 and 4982534)  (cost=22.3 rows=110)
    -> Covering index range scan on sbtest4 using k_4 over (4982434 <= k <= 4982534)  (cost=22.3 rows=110)


table 5 : explain SELECT k FROM sbtest5 WHERE k BETWEEN 4982434 AND 4982534
	-> Filter: (sbtest5.k between 4982434 and 4982534)  (cost=20.3 rows=100)
    -> Covering index range scan on sbtest5 using k_5 over (4982434 <= k <= 4982534)  (cost=20.3 rows=100)


table 6 : explain SELECT k FROM sbtest6 WHERE k BETWEEN 4982434 AND 4982534
	-> Filter: (sbtest6.k between 4982434 and 4982534)  (cost=20.5 rows=101)
    -> Covering index range scan on sbtest6 using k_6 over (4982434 <= k <= 4982534)  (cost=20.5 rows=101)


table 7 : explain SELECT k FROM sbtest7 WHERE k BETWEEN 4982434 AND 4982534
	-> Filter: (sbtest7.k between 4982434 and 4982534)  (cost=19.5 rows=96)
    -> Covering index range scan on sbtest7 using k_7 over (4982434 <= k <= 4982534)  (cost=19.5 rows=96)


table 8 : explain SELECT k FROM sbtest8 WHERE k BETWEEN 4982434 AND 4982534
	-> Filter: (sbtest8.k between 4982434 and 4982534)  (cost=19.5 rows=96)
    -> Covering index range scan on sbtest8 using k_8 over (4982434 <= k <= 4982534)  (cost=19.5 rows=96)



for range-covered
table 1 : explain SELECT k FROM sbtest1 WHERE k BETWEEN 7334581 AND 7334681
	-> Filter: (sbtest1.k between 7334581 and 7334681)  (cost=16.7 rows=82)
    -> Covering index range scan on sbtest1 using k_1 over (7334581 <= k <= 7334681)  (cost=16.7 rows=82)


table 2 : explain SELECT k FROM sbtest2 WHERE k BETWEEN 7334581 AND 7334681
	-> Filter: (sbtest2.k between 7334581 and 7334681)  (cost=21.1 rows=104)
    -> Covering index range scan on sbtest2 using k_2 over (7334581 <= k <= 7334681)  (cost=21.1 rows=104)


table 3 : explain SELECT k FROM sbtest3 WHERE k BETWEEN 7334581 AND 7334681
	-> Filter: (sbtest3.k between 7334581 and 7334681)  (cost=18.7 rows=92)
    -> Covering index range scan on sbtest3 using k_3 over (7334581 <= k <= 7334681)  (cost=18.7 rows=92)


table 4 : explain SELECT k FROM sbtest4 WHERE k BETWEEN 7334581 AND 7334681
	-> Filter: (sbtest4.k between 7334581 and 7334681)  (cost=20.3 rows=100)
    -> Covering index range scan on sbtest4 using k_4 over (7334581 <= k <= 7334681)  (cost=20.3 rows=100)


table 5 : explain SELECT k FROM sbtest5 WHERE k BETWEEN 7334581 AND 7334681
	-> Filter: (sbtest5.k between 7334581 and 7334681)  (cost=18.5 rows=91)
    -> Covering index range scan on sbtest5 using k_5 over (7334581 <= k <= 7334681)  (cost=18.5 rows=91)


table 6 : explain SELECT k FROM sbtest6 WHERE k BETWEEN 7334581 AND 7334681
	-> Filter: (sbtest6.k between 7334581 and 7334681)  (cost=25.1 rows=124)
    -> Covering index range scan on sbtest6 using k_6 over (7334581 <= k <= 7334681)  (cost=25.1 rows=124)


table 7 : explain SELECT k FROM sbtest7 WHERE k BETWEEN 7334581 AND 7334681
	-> Filter: (sbtest7.k between 7334581 and 7334681)  (cost=20.3 rows=100)
    -> Covering index range scan on sbtest7 using k_7 over (7334581 <= k <= 7334681)  (cost=20.3 rows=100)


table 8 : explain SELECT k FROM sbtest8 WHERE k BETWEEN 7334581 AND 7334681
	-> Filter: (sbtest8.k between 7334581 and 7334681)  (cost=17.1 rows=84)
    -> Covering index range scan on sbtest8 using k_8 over (7334581 <= k <= 7334681)  (cost=17.1 rows=84)


explain: for range-covered :: explain SELECT k FROM sbtest%d WHERE k BETWEEN 2906057 AND 2906157

explain: for range-covered :: explain SELECT k FROM sbtest%d WHERE k BETWEEN 3531035 AND 3531135

for range-covered
table 1 : explain SELECT k FROM sbtest1 WHERE k BETWEEN 4097165 AND 4097265
	-> Filter: (sbtest1.k between 4097165 and 4097265)  (cost=20.7 rows=102)
    -> Covering index range scan on sbtest1 using k_1 over (4097165 <= k <= 4097265)  (cost=20.7 rows=102)


table 2 : explain SELECT k FROM sbtest2 WHERE k BETWEEN 4097165 AND 4097265
	-> Filter: (sbtest2.k between 4097165 and 4097265)  (cost=22.1 rows=109)
    -> Covering index range scan on sbtest2 using k_2 over (4097165 <= k <= 4097265)  (cost=22.1 rows=109)


table 3 : explain SELECT k FROM sbtest3 WHERE k BETWEEN 4097165 AND 4097265
	-> Filter: (sbtest3.k between 4097165 and 4097265)  (cost=20.9 rows=103)
    -> Covering index range scan on sbtest3 using k_3 over (4097165 <= k <= 4097265)  (cost=20.9 rows=103)


table 4 : explain SELECT k FROM sbtest4 WHERE k BETWEEN 4097165 AND 4097265
	-> Filter: (sbtest4.k between 4097165 and 4097265)  (cost=18.7 rows=92)
    -> Covering index range scan on sbtest4 using k_4 over (4097165 <= k <= 4097265)  (cost=18.7 rows=92)


table 5 : explain SELECT k FROM sbtest5 WHERE k BETWEEN 4097165 AND 4097265
	-> Filter: (sbtest5.k between 4097165 and 4097265)  (cost=21.1 rows=104)
    -> Covering index range scan on sbtest5 using k_5 over (4097165 <= k <= 4097265)  (cost=21.1 rows=104)


table 6 : explain SELECT k FROM sbtest6 WHERE k BETWEEN 4097165 AND 4097265
	-> Filter: (sbtest6.k between 4097165 and 4097265)  (cost=21.1 rows=104)
    -> Covering index range scan on sbtest6 using k_6 over (4097165 <= k <= 4097265)  (cost=21.1 rows=104)


table 7 : explain SELECT k FROM sbtest7 WHERE k BETWEEN 4097165 AND 4097265
	-> Filter: (sbtest7.k between 4097165 and 4097265)  (cost=22.7 rows=112)
    -> Covering index range scan on sbtest7 using k_7 over (4097165 <= k <= 4097265)  (cost=22.7 rows=112)


table 8 : explain SELECT k FROM sbtest8 WHERE k BETWEEN 4097165 AND 4097265
	-> Filter: (sbtest8.k between 4097165 and 4097265)  (cost=23.5 rows=116)
    -> Covering index range scan on sbtest8 using k_8 over (4097165 <= k <= 4097265)  (cost=23.5 rows=116)



explain: for range-covered :: explain SELECT k FROM sbtest%d WHERE k BETWEEN 4433145 AND 4433245

explain: for range-covered :: explain SELECT k FROM sbtest%d WHERE k BETWEEN 1786794 AND 1786894
for range-covered
table 1 : explain SELECT k FROM sbtest1 WHERE k BETWEEN 9320933 AND 9321033
	-> Filter: (sbtest1.k between 9320933 and 9321033)  (cost=22.7 rows=112)
    -> Covering index range scan on sbtest1 using k_1 over (9320933 <= k <= 9321033)  (cost=22.7 rows=112)


table 2 : explain SELECT k FROM sbtest2 WHERE k BETWEEN 9320933 AND 9321033
	-> Filter: (sbtest2.k between 9320933 and 9321033)  (cost=20.3 rows=100)
    -> Covering index range scan on sbtest2 using k_2 over (9320933 <= k <= 9321033)  (cost=20.3 rows=100)


table 3 : explain SELECT k FROM sbtest3 WHERE k BETWEEN 9320933 AND 9321033
	-> Filter: (sbtest3.k between 9320933 and 9321033)  (cost=17.3 rows=85)
    -> Covering index range scan on sbtest3 using k_3 over (9320933 <= k <= 9321033)  (cost=17.3 rows=85)


table 4 : explain SELECT k FROM sbtest4 WHERE k BETWEEN 9320933 AND 9321033
	-> Filter: (sbtest4.k between 9320933 and 9321033)  (cost=16.9 rows=83)
    -> Covering index range scan on sbtest4 using k_4 over (9320933 <= k <= 9321033)  (cost=16.9 rows=83)


table 5 : explain SELECT k FROM sbtest5 WHERE k BETWEEN 9320933 AND 9321033
	-> Filter: (sbtest5.k between 9320933 and 9321033)  (cost=18.3 rows=90)
    -> Covering index range scan on sbtest5 using k_5 over (9320933 <= k <= 9321033)  (cost=18.3 rows=90)


table 6 : explain SELECT k FROM sbtest6 WHERE k BETWEEN 9320933 AND 9321033
	-> Filter: (sbtest6.k between 9320933 and 9321033)  (cost=18.5 rows=91)
    -> Covering index range scan on sbtest6 using k_6 over (9320933 <= k <= 9321033)  (cost=18.5 rows=91)


table 7 : explain SELECT k FROM sbtest7 WHERE k BETWEEN 9320933 AND 9321033
	-> Filter: (sbtest7.k between 9320933 and 9321033)  (cost=19.7 rows=97)
    -> Covering index range scan on sbtest7 using k_7 over (9320933 <= k <= 9321033)  (cost=19.7 rows=97)


table 8 : explain SELECT k FROM sbtest8 WHERE k BETWEEN 9320933 AND 9321033
	-> Filter: (sbtest8.k between 9320933 and 9321033)  (cost=21.1 rows=104)
    -> Covering index range scan on sbtest8 using k_8 over (9320933 <= k <= 9321033)  (cost=21.1 rows=104)


explain: for range-covered :: explain SELECT k FROM sbtest%d WHERE k BETWEEN 6936407 AND 6936507
for range-covered
table 1 : explain SELECT k FROM sbtest1 WHERE k BETWEEN 6795179 AND 6795279
	-> Filter: (sbtest1.k between 6795179 and 6795279)  (cost=21.3 rows=105)
    -> Covering index range scan on sbtest1 using k_1 over (6795179 <= k <= 6795279)  (cost=21.3 rows=105)


table 2 : explain SELECT k FROM sbtest2 WHERE k BETWEEN 6795179 AND 6795279
	-> Filter: (sbtest2.k between 6795179 and 6795279)  (cost=21.1 rows=104)
    -> Covering index range scan on sbtest2 using k_2 over (6795179 <= k <= 6795279)  (cost=21.1 rows=104)


table 3 : explain SELECT k FROM sbtest3 WHERE k BETWEEN 6795179 AND 6795279
	-> Filter: (sbtest3.k between 6795179 and 6795279)  (cost=21.9 rows=108)
    -> Covering index range scan on sbtest3 using k_3 over (6795179 <= k <= 6795279)  (cost=21.9 rows=108)


table 4 : explain SELECT k FROM sbtest4 WHERE k BETWEEN 6795179 AND 6795279
	-> Filter: (sbtest4.k between 6795179 and 6795279)  (cost=20.1 rows=99)
    -> Covering index range scan on sbtest4 using k_4 over (6795179 <= k <= 6795279)  (cost=20.1 rows=99)


table 5 : explain SELECT k FROM sbtest5 WHERE k BETWEEN 6795179 AND 6795279
	-> Filter: (sbtest5.k between 6795179 and 6795279)  (cost=20.3 rows=100)
    -> Covering index range scan on sbtest5 using k_5 over (6795179 <= k <= 6795279)  (cost=20.3 rows=100)


table 6 : explain SELECT k FROM sbtest6 WHERE k BETWEEN 6795179 AND 6795279
	-> Filter: (sbtest6.k between 6795179 and 6795279)  (cost=21.7 rows=107)
    -> Covering index range scan on sbtest6 using k_6 over (6795179 <= k <= 6795279)  (cost=21.7 rows=107)


table 7 : explain SELECT k FROM sbtest7 WHERE k BETWEEN 6795179 AND 6795279
	-> Filter: (sbtest7.k between 6795179 and 6795279)  (cost=20.5 rows=101)
    -> Covering index range scan on sbtest7 using k_7 over (6795179 <= k <= 6795279)  (cost=20.5 rows=101)


table 8 : explain SELECT k FROM sbtest8 WHERE k BETWEEN 6795179 AND 6795279
	-> Filter: (sbtest8.k between 6795179 and 6795279)  (cost=19.3 rows=95)
    -> Covering index range scan on sbtest8 using k_8 over (6795179 <= k <= 6795279)  (cost=19.3 rows=95)


explain: for range-covered :: explain SELECT k FROM sbtest%d WHERE k BETWEEN 4982434 AND 4982534explain: for range-covered :: explain SELECT k FROM sbtest%d WHERE k BETWEEN 5533698 AND 5533798for range-covered
table 1 : explain SELECT k FROM sbtest1 WHERE k BETWEEN 6273948 AND 6274048
	-> Filter: (sbtest1.k between 6273948 and 6274048)  (cost=22.9 rows=113)
    -> Covering index range scan on sbtest1 using k_1 over (6273948 <= k <= 6274048)  (cost=22.9 rows=113)


table 2 : explain SELECT k FROM sbtest2 WHERE k BETWEEN 6273948 AND 6274048
	-> Filter: (sbtest2.k between 6273948 and 6274048)  (cost=17.5 rows=86)
    -> Covering index range scan on sbtest2 using k_2 over (6273948 <= k <= 6274048)  (cost=17.5 rows=86)


table 3 : explain SELECT k FROM sbtest3 WHERE k BETWEEN 6273948 AND 6274048
	-> Filter: (sbtest3.k between 6273948 and 6274048)  (cost=18.7 rows=92)
    -> Covering index range scan on sbtest3 using k_3 over (6273948 <= k <= 6274048)  (cost=18.7 rows=92)


table 4 : explain SELECT k FROM sbtest4 WHERE k BETWEEN 6273948 AND 6274048
	-> Filter: (sbtest4.k between 6273948 and 6274048)  (cost=20.7 rows=102)
    -> Covering index range scan on sbtest4 using k_4 over (6273948 <= k <= 6274048)  (cost=20.7 rows=102)


table 5 : explain SELECT k FROM sbtest5 WHERE k BETWEEN 6273948 AND 6274048
	-> Filter: (sbtest5.k between 6273948 and 6274048)  (cost=20.9 rows=103)
    -> Covering index range scan on sbtest5 using k_5 over (6273948 <= k <= 6274048)  (cost=20.9 rows=103)


table 6 : explain SELECT k FROM sbtest6 WHERE k BETWEEN 6273948 AND 6274048
	-> Filter: (sbtest6.k between 6273948 and 6274048)  (cost=19.3 rows=95)
    -> Covering index range scan on sbtest6 using k_6 over (6273948 <= k <= 6274048)  (cost=19.3 rows=95)


table 7 : explain SELECT k FROM sbtest7 WHERE k BETWEEN 6273948 AND 6274048
	-> Filter: (sbtest7.k between 6273948 and 6274048)  (cost=18.9 rows=93)
    -> Covering index range scan on sbtest7 using k_7 over (6273948 <= k <= 6274048)  (cost=18.9 rows=93)


table 8 : explain SELECT k FROM sbtest8 WHERE k BETWEEN 6273948 AND 6274048
	-> Filter: (sbtest8.k between 6273948 and 6274048)  (cost=18.3 rows=90)
    -> Covering index range scan on sbtest8 using k_8 over (6273948 <= k <= 6274048)  (cost=18.3 rows=90)



explain: for range-covered :: explain SELECT k FROM sbtest%d WHERE k BETWEEN 7334581 AND 7334681
for range-covered
table 1 : explain SELECT k FROM sbtest1 WHERE k BETWEEN 5072241 AND 5072341
	-> Filter: (sbtest1.k between 5072241 and 5072341)  (cost=26.9 rows=133)
    -> Covering index range scan on sbtest1 using k_1 over (5072241 <= k <= 5072341)  (cost=26.9 rows=133)


table 2 : explain SELECT k FROM sbtest2 WHERE k BETWEEN 5072241 AND 5072341
	-> Filter: (sbtest2.k between 5072241 and 5072341)  (cost=20.5 rows=101)
    -> Covering index range scan on sbtest2 using k_2 over (5072241 <= k <= 5072341)  (cost=20.5 rows=101)


table 3 : explain SELECT k FROM sbtest3 WHERE k BETWEEN 5072241 AND 5072341
	-> Filter: (sbtest3.k between 5072241 and 5072341)  (cost=17.1 rows=84)
    -> Covering index range scan on sbtest3 using k_3 over (5072241 <= k <= 5072341)  (cost=17.1 rows=84)


table 4 : explain SELECT k FROM sbtest4 WHERE k BETWEEN 5072241 AND 5072341
	-> Filter: (sbtest4.k between 5072241 and 5072341)  (cost=19.5 rows=96)
    -> Covering index range scan on sbtest4 using k_4 over (5072241 <= k <= 5072341)  (cost=19.5 rows=96)


table 5 : explain SELECT k FROM sbtest5 WHERE k BETWEEN 5072241 AND 5072341
	-> Filter: (sbtest5.k between 5072241 and 5072341)  (cost=20.9 rows=103)
    -> Covering index range scan on sbtest5 using k_5 over (5072241 <= k <= 5072341)  (cost=20.9 rows=103)


table 6 : explain SELECT k FROM sbtest6 WHERE k BETWEEN 5072241 AND 5072341
	-> Filter: (sbtest6.k between 5072241 and 5072341)  (cost=18.5 rows=91)
    -> Covering index range scan on sbtest6 using k_6 over (5072241 <= k <= 5072341)  (cost=18.5 rows=91)


table 7 : explain SELECT k FROM sbtest7 WHERE k BETWEEN 5072241 AND 5072341
	-> Filter: (sbtest7.k between 5072241 and 5072341)  (cost=19.3 rows=95)
    -> Covering index range scan on sbtest7 using k_7 over (5072241 <= k <= 5072341)  (cost=19.3 rows=95)


table 8 : explain SELECT k FROM sbtest8 WHERE k BETWEEN 5072241 AND 5072341
	-> Filter: (sbtest8.k between 5072241 and 5072341)  (cost=20.3 rows=100)
    -> Covering index range scan on sbtest8 using k_8 over (5072241 <= k <= 5072341)  (cost=20.3 rows=100)


explain: for range-covered :: explain SELECT k FROM sbtest%d WHERE k BETWEEN 6795179 AND 6795279

explain: for range-covered :: explain SELECT k FROM sbtest%d WHERE k BETWEEN 1823676 AND 1823776
explain: for range-covered :: explain SELECT k FROM sbtest%d WHERE k BETWEEN 4097165 AND 4097265
for range-covered
table 1 : explain SELECT k FROM sbtest1 WHERE k BETWEEN 6846578 AND 6846678
	-> Filter: (sbtest1.k between 6846578 and 6846678)  (cost=18.3 rows=90)
    -> Covering index range scan on sbtest1 using k_1 over (6846578 <= k <= 6846678)  (cost=18.3 rows=90)


table 2 : explain SELECT k FROM sbtest2 WHERE k BETWEEN 6846578 AND 6846678
	-> Filter: (sbtest2.k between 6846578 and 6846678)  (cost=19.7 rows=97)
    -> Covering index range scan on sbtest2 using k_2 over (6846578 <= k <= 6846678)  (cost=19.7 rows=97)


table 3 : explain SELECT k FROM sbtest3 WHERE k BETWEEN 6846578 AND 6846678
	-> Filter: (sbtest3.k between 6846578 and 6846678)  (cost=22.5 rows=111)
    -> Covering index range scan on sbtest3 using k_3 over (6846578 <= k <= 6846678)  (cost=22.5 rows=111)


table 4 : explain SELECT k FROM sbtest4 WHERE k BETWEEN 6846578 AND 6846678
	-> Filter: (sbtest4.k between 6846578 and 6846678)  (cost=23.5 rows=116)
    -> Covering index range scan on sbtest4 using k_4 over (6846578 <= k <= 6846678)  (cost=23.5 rows=116)


table 5 : explain SELECT k FROM sbtest5 WHERE k BETWEEN 6846578 AND 6846678
	-> Filter: (sbtest5.k between 6846578 and 6846678)  (cost=19.7 rows=97)
    -> Covering index range scan on sbtest5 using k_5 over (6846578 <= k <= 6846678)  (cost=19.7 rows=97)


table 6 : explain SELECT k FROM sbtest6 WHERE k BETWEEN 6846578 AND 6846678
	-> Filter: (sbtest6.k between 6846578 and 6846678)  (cost=21.9 rows=108)
    -> Covering index range scan on sbtest6 using k_6 over (6846578 <= k <= 6846678)  (cost=21.9 rows=108)


table 7 : explain SELECT k FROM sbtest7 WHERE k BETWEEN 6846578 AND 6846678
	-> Filter: (sbtest7.k between 6846578 and 6846678)  (cost=19.3 rows=95)
    -> Covering index range scan on sbtest7 using k_7 over (6846578 <= k <= 6846678)  (cost=19.3 rows=95)


table 8 : explain SELECT k FROM sbtest8 WHERE k BETWEEN 6846578 AND 6846678
	-> Filter: (sbtest8.k between 6846578 and 6846678)  (cost=22.9 rows=113)
    -> Covering index range scan on sbtest8 using k_8 over (6846578 <= k <= 6846678)  (cost=22.9 rows=113)


for range-covered
table 1 : explain SELECT k FROM sbtest1 WHERE k BETWEEN 4765656 AND 4765756
	-> Filter: (sbtest1.k between 4765656 and 4765756)  (cost=19.3 rows=95)
    -> Covering index range scan on sbtest1 using k_1 over (4765656 <= k <= 4765756)  (cost=19.3 rows=95)


table 2 : explain SELECT k FROM sbtest2 WHERE k BETWEEN 4765656 AND 4765756
	-> Filter: (sbtest2.k between 4765656 and 4765756)  (cost=21.7 rows=107)
    -> Covering index range scan on sbtest2 using k_2 over (4765656 <= k <= 4765756)  (cost=21.7 rows=107)


table 3 : explain SELECT k FROM sbtest3 WHERE k BETWEEN 4765656 AND 4765756
	-> Filter: (sbtest3.k between 4765656 and 4765756)  (cost=20.7 rows=102)
    -> Covering index range scan on sbtest3 using k_3 over (4765656 <= k <= 4765756)  (cost=20.7 rows=102)


table 4 : explain SELECT k FROM sbtest4 WHERE k BETWEEN 4765656 AND 4765756
	-> Filter: (sbtest4.k between 4765656 and 4765756)  (cost=20.1 rows=99)
    -> Covering index range scan on sbtest4 using k_4 over (4765656 <= k <= 4765756)  (cost=20.1 rows=99)


table 5 : explain SELECT k FROM sbtest5 WHERE k BETWEEN 4765656 AND 4765756
	-> Filter: (sbtest5.k between 4765656 and 4765756)  (cost=24.7 rows=122)
    -> Covering index range scan on sbtest5 using k_5 over (4765656 <= k <= 4765756)  (cost=24.7 rows=122)


table 6 : explain SELECT k FROM sbtest6 WHERE k BETWEEN 4765656 AND 4765756
	-> Filter: (sbtest6.k between 4765656 and 4765756)  (cost=22.9 rows=113)
    -> Covering index range scan on sbtest6 using k_6 over (4765656 <= k <= 4765756)  (cost=22.9 rows=113)


table 7 : explain SELECT k FROM sbtest7 WHERE k BETWEEN 4765656 AND 4765756
	-> Filter: (sbtest7.k between 4765656 and 4765756)  (cost=24.5 rows=121)
    -> Covering index range scan on sbtest7 using k_7 over (4765656 <= k <= 4765756)  (cost=24.5 rows=121)


table 8 : explain SELECT k FROM sbtest8 WHERE k BETWEEN 4765656 AND 4765756
	-> Filter: (sbtest8.k between 4765656 and 4765756)  (cost=22.9 rows=113)
    -> Covering index range scan on sbtest8 using k_8 over (4765656 <= k <= 4765756)  (cost=22.9 rows=113)


for range-covered
table 1 : explain SELECT k FROM sbtest1 WHERE k BETWEEN 8324259 AND 8324359
	-> Filter: (sbtest1.k between 8324259 and 8324359)  (cost=23.1 rows=114)
    -> Covering index range scan on sbtest1 using k_1 over (8324259 <= k <= 8324359)  (cost=23.1 rows=114)


table 2 : explain SELECT k FROM sbtest2 WHERE k BETWEEN 8324259 AND 8324359
	-> Filter: (sbtest2.k between 8324259 and 8324359)  (cost=19.1 rows=94)
    -> Covering index range scan on sbtest2 using k_2 over (8324259 <= k <= 8324359)  (cost=19.1 rows=94)


table 3 : explain SELECT k FROM sbtest3 WHERE k BETWEEN 8324259 AND 8324359
	-> Filter: (sbtest3.k between 8324259 and 8324359)  (cost=23.9 rows=118)
    -> Covering index range scan on sbtest3 using k_3 over (8324259 <= k <= 8324359)  (cost=23.9 rows=118)


table 4 : explain SELECT k FROM sbtest4 WHERE k BETWEEN 8324259 AND 8324359
	-> Filter: (sbtest4.k between 8324259 and 8324359)  (cost=22.3 rows=110)
    -> Covering index range scan on sbtest4 using k_4 over (8324259 <= k <= 8324359)  (cost=22.3 rows=110)


table 5 : explain SELECT k FROM sbtest5 WHERE k BETWEEN 8324259 AND 8324359
	-> Filter: (sbtest5.k between 8324259 and 8324359)  (cost=19.5 rows=96)
    -> Covering index range scan on sbtest5 using k_5 over (8324259 <= k <= 8324359)  (cost=19.5 rows=96)


table 6 : explain SELECT k FROM sbtest6 WHERE k BETWEEN 8324259 AND 8324359
	-> Filter: (sbtest6.k between 8324259 and 8324359)  (cost=24.3 rows=120)
    -> Covering index range scan on sbtest6 using k_6 over (8324259 <= k <= 8324359)  (cost=24.3 rows=120)


table 7 : explain SELECT k FROM sbtest7 WHERE k BETWEEN 8324259 AND 8324359
	-> Filter: (sbtest7.k between 8324259 and 8324359)  (cost=19.5 rows=96)
    -> Covering index range scan on sbtest7 using k_7 over (8324259 <= k <= 8324359)  (cost=19.5 rows=96)


table 8 : explain SELECT k FROM sbtest8 WHERE k BETWEEN 8324259 AND 8324359
	-> Filter: (sbtest8.k between 8324259 and 8324359)  (cost=18.1 rows=89)
    -> Covering index range scan on sbtest8 using k_8 over (8324259 <= k <= 8324359)  (cost=18.1 rows=89)


for range-covered
table 1 : explain SELECT k FROM sbtest1 WHERE k BETWEEN 5469010 AND 5469110
	-> Filter: (sbtest1.k between 5469010 and 5469110)  (cost=22.3 rows=110)
    -> Covering index range scan on sbtest1 using k_1 over (5469010 <= k <= 5469110)  (cost=22.3 rows=110)


table 2 : explain SELECT k FROM sbtest2 WHERE k BETWEEN 5469010 AND 5469110
	-> Filter: (sbtest2.k between 5469010 and 5469110)  (cost=20.1 rows=99)
    -> Covering index range scan on sbtest2 using k_2 over (5469010 <= k <= 5469110)  (cost=20.1 rows=99)


table 3 : explain SELECT k FROM sbtest3 WHERE k BETWEEN 5469010 AND 5469110
	-> Filter: (sbtest3.k between 5469010 and 5469110)  (cost=20.5 rows=101)
    -> Covering index range scan on sbtest3 using k_3 over (5469010 <= k <= 5469110)  (cost=20.5 rows=101)


table 4 : explain SELECT k FROM sbtest4 WHERE k BETWEEN 5469010 AND 5469110
	-> Filter: (sbtest4.k between 5469010 and 5469110)  (cost=18.5 rows=91)
    -> Covering index range scan on sbtest4 using k_4 over (5469010 <= k <= 5469110)  (cost=18.5 rows=91)


table 5 : explain SELECT k FROM sbtest5 WHERE k BETWEEN 5469010 AND 5469110
	-> Filter: (sbtest5.k between 5469010 and 5469110)  (cost=20.3 rows=100)
    -> Covering index range scan on sbtest5 using k_5 over (5469010 <= k <= 5469110)  (cost=20.3 rows=100)


table 6 : explain SELECT k FROM sbtest6 WHERE k BETWEEN 5469010 AND 5469110
	-> Filter: (sbtest6.k between 5469010 and 5469110)  (cost=18.3 rows=90)
    -> Covering index range scan on sbtest6 using k_6 over (5469010 <= k <= 5469110)  (cost=18.3 rows=90)


table 7 : explain SELECT k FROM sbtest7 WHERE k BETWEEN 5469010 AND 5469110
	-> Filter: (sbtest7.k between 5469010 and 5469110)  (cost=18.7 rows=92)
    -> Covering index range scan on sbtest7 using k_7 over (5469010 <= k <= 5469110)  (cost=18.7 rows=92)


table 8 : explain SELECT k FROM sbtest8 WHERE k BETWEEN 5469010 AND 5469110
	-> Filter: (sbtest8.k between 5469010 and 5469110)  (cost=23.1 rows=114)
    -> Covering index range scan on sbtest8 using k_8 over (5469010 <= k <= 5469110)  (cost=23.1 rows=114)


for range-covered
table 1 : explain SELECT k FROM sbtest1 WHERE k BETWEEN 6360664 AND 6360764
	-> Filter: (sbtest1.k between 6360664 and 6360764)  (cost=21.5 rows=106)
    -> Covering index range scan on sbtest1 using k_1 over (6360664 <= k <= 6360764)  (cost=21.5 rows=106)


table 2 : explain SELECT k FROM sbtest2 WHERE k BETWEEN 6360664 AND 6360764
	-> Filter: (sbtest2.k between 6360664 and 6360764)  (cost=18.9 rows=93)
    -> Covering index range scan on sbtest2 using k_2 over (6360664 <= k <= 6360764)  (cost=18.9 rows=93)


table 3 : explain SELECT k FROM sbtest3 WHERE k BETWEEN 6360664 AND 6360764
	-> Filter: (sbtest3.k between 6360664 and 6360764)  (cost=18.7 rows=92)
    -> Covering index range scan on sbtest3 using k_3 over (6360664 <= k <= 6360764)  (cost=18.7 rows=92)


table 4 : explain SELECT k FROM sbtest4 WHERE k BETWEEN 6360664 AND 6360764
	-> Filter: (sbtest4.k between 6360664 and 6360764)  (cost=18.9 rows=93)
    -> Covering index range scan on sbtest4 using k_4 over (6360664 <= k <= 6360764)  (cost=18.9 rows=93)


table 5 : explain SELECT k FROM sbtest5 WHERE k BETWEEN 6360664 AND 6360764
	-> Filter: (sbtest5.k between 6360664 and 6360764)  (cost=20.7 rows=102)
    -> Covering index range scan on sbtest5 using k_5 over (6360664 <= k <= 6360764)  (cost=20.7 rows=102)


table 6 : explain SELECT k FROM sbtest6 WHERE k BETWEEN 6360664 AND 6360764
	-> Filter: (sbtest6.k between 6360664 and 6360764)  (cost=21.1 rows=104)
    -> Covering index range scan on sbtest6 using k_6 over (6360664 <= k <= 6360764)  (cost=21.1 rows=104)


table 7 : explain SELECT k FROM sbtest7 WHERE k BETWEEN 6360664 AND 6360764
	-> Filter: (sbtest7.k between 6360664 and 6360764)  (cost=21.3 rows=105)
    -> Covering index range scan on sbtest7 using k_7 over (6360664 <= k <= 6360764)  (cost=21.3 rows=105)


table 8 : explain SELECT k FROM sbtest8 WHERE k BETWEEN 6360664 AND 6360764
	-> Filter: (sbtest8.k between 6360664 and 6360764)  (cost=21.1 rows=104)
    -> Covering index range scan on sbtest8 using k_8 over (6360664 <= k <= 6360764)  (cost=21.1 rows=104)


explain: for range-covered :: explain SELECT k FROM sbtest%d WHERE k BETWEEN 9320933 AND 9321033
for range-covered
table 1 : explain SELECT k FROM sbtest1 WHERE k BETWEEN 5007601 AND 5007701
	-> Filter: (sbtest1.k between 5007601 and 5007701)  (cost=19.5 rows=96)
    -> Covering index range scan on sbtest1 using k_1 over (5007601 <= k <= 5007701)  (cost=19.5 rows=96)


table 2 : explain SELECT k FROM sbtest2 WHERE k BETWEEN 5007601 AND 5007701
	-> Filter: (sbtest2.k between 5007601 and 5007701)  (cost=23.5 rows=116)
    -> Covering index range scan on sbtest2 using k_2 over (5007601 <= k <= 5007701)  (cost=23.5 rows=116)


table 3 : explain SELECT k FROM sbtest3 WHERE k BETWEEN 5007601 AND 5007701
	-> Filter: (sbtest3.k between 5007601 and 5007701)  (cost=19.9 rows=98)
    -> Covering index range scan on sbtest3 using k_3 over (5007601 <= k <= 5007701)  (cost=19.9 rows=98)


table 4 : explain SELECT k FROM sbtest4 WHERE k BETWEEN 5007601 AND 5007701
	-> Filter: (sbtest4.k between 5007601 and 5007701)  (cost=22.5 rows=111)
    -> Covering index range scan on sbtest4 using k_4 over (5007601 <= k <= 5007701)  (cost=22.5 rows=111)


table 5 : explain SELECT k FROM sbtest5 WHERE k BETWEEN 5007601 AND 5007701
	-> Filter: (sbtest5.k between 5007601 and 5007701)  (cost=22.5 rows=111)
    -> Covering index range scan on sbtest5 using k_5 over (5007601 <= k <= 5007701)  (cost=22.5 rows=111)


table 6 : explain SELECT k FROM sbtest6 WHERE k BETWEEN 5007601 AND 5007701
	-> Filter: (sbtest6.k between 5007601 and 5007701)  (cost=21.1 rows=104)
    -> Covering index range scan on sbtest6 using k_6 over (5007601 <= k <= 5007701)  (cost=21.1 rows=104)


table 7 : explain SELECT k FROM sbtest7 WHERE k BETWEEN 5007601 AND 5007701
	-> Filter: (sbtest7.k between 5007601 and 5007701)  (cost=20.5 rows=101)
    -> Covering index range scan on sbtest7 using k_7 over (5007601 <= k <= 5007701)  (cost=20.5 rows=101)


table 8 : explain SELECT k FROM sbtest8 WHERE k BETWEEN 5007601 AND 5007701
	-> Filter: (sbtest8.k between 5007601 and 5007701)  (cost=21.5 rows=106)
    -> Covering index range scan on sbtest8 using k_8 over (5007601 <= k <= 5007701)  (cost=21.5 rows=106)



explain: for range-covered :: explain SELECT k FROM sbtest%d WHERE k BETWEEN 5072241 AND 5072341
for range-covered
table 1 : explain SELECT k FROM sbtest1 WHERE k BETWEEN 7153292 AND 7153392
	-> Filter: (sbtest1.k between 7153292 and 7153392)  (cost=21.5 rows=106)
    -> Covering index range scan on sbtest1 using k_1 over (7153292 <= k <= 7153392)  (cost=21.5 rows=106)


table 2 : explain SELECT k FROM sbtest2 WHERE k BETWEEN 7153292 AND 7153392
	-> Filter: (sbtest2.k between 7153292 and 7153392)  (cost=22.3 rows=110)
    -> Covering index range scan on sbtest2 using k_2 over (7153292 <= k <= 7153392)  (cost=22.3 rows=110)


table 3 : explain SELECT k FROM sbtest3 WHERE k BETWEEN 7153292 AND 7153392
	-> Filter: (sbtest3.k between 7153292 and 7153392)  (cost=22.9 rows=113)
    -> Covering index range scan on sbtest3 using k_3 over (7153292 <= k <= 7153392)  (cost=22.9 rows=113)


table 4 : explain SELECT k FROM sbtest4 WHERE k BETWEEN 7153292 AND 7153392
	-> Filter: (sbtest4.k between 7153292 and 7153392)  (cost=19.7 rows=97)
    -> Covering index range scan on sbtest4 using k_4 over (7153292 <= k <= 7153392)  (cost=19.7 rows=97)


table 5 : explain SELECT k FROM sbtest5 WHERE k BETWEEN 7153292 AND 7153392
	-> Filter: (sbtest5.k between 7153292 and 7153392)  (cost=21.3 rows=105)
    -> Covering index range scan on sbtest5 using k_5 over (7153292 <= k <= 7153392)  (cost=21.3 rows=105)


table 6 : explain SELECT k FROM sbtest6 WHERE k BETWEEN 7153292 AND 7153392
	-> Filter: (sbtest6.k between 7153292 and 7153392)  (cost=18.7 rows=92)
    -> Covering index range scan on sbtest6 using k_6 over (7153292 <= k <= 7153392)  (cost=18.7 rows=92)


table 7 : explain SELECT k FROM sbtest7 WHERE k BETWEEN 7153292 AND 7153392
	-> Filter: (sbtest7.k between 7153292 and 7153392)  (cost=18.3 rows=90)
    -> Covering index range scan on sbtest7 using k_7 over (7153292 <= k <= 7153392)  (cost=18.3 rows=90)


table 8 : explain SELECT k FROM sbtest8 WHERE k BETWEEN 7153292 AND 7153392
	-> Filter: (sbtest8.k between 7153292 and 7153392)  (cost=22.3 rows=110)
    -> Covering index range scan on sbtest8 using k_8 over (7153292 <= k <= 7153392)  (cost=22.3 rows=110)

for range-covered
table 1 : explain SELECT k FROM sbtest1 WHERE k BETWEEN 2903813 AND 2903913
	-> Filter: (sbtest1.k between 2903813 and 2903913)  (cost=20.9 rows=103)
    -> Covering index range scan on sbtest1 using k_1 over (2903813 <= k <= 2903913)  (cost=20.9 rows=103)


table 2 : explain SELECT k FROM sbtest2 WHERE k BETWEEN 2903813 AND 2903913
	-> Filter: (sbtest2.k between 2903813 and 2903913)  (cost=21.9 rows=108)
    -> Covering index range scan on sbtest2 using k_2 over (2903813 <= k <= 2903913)  (cost=21.9 rows=108)


table 3 : explain SELECT k FROM sbtest3 WHERE k BETWEEN 2903813 AND 2903913
	-> Filter: (sbtest3.k between 2903813 and 2903913)  (cost=17.1 rows=84)
    -> Covering index range scan on sbtest3 using k_3 over (2903813 <= k <= 2903913)  (cost=17.1 rows=84)


table 4 : explain SELECT k FROM sbtest4 WHERE k BETWEEN 2903813 AND 2903913
	-> Filter: (sbtest4.k between 2903813 and 2903913)  (cost=19.7 rows=97)
    -> Covering index range scan on sbtest4 using k_4 over (2903813 <= k <= 2903913)  (cost=19.7 rows=97)


table 5 : explain SELECT k FROM sbtest5 WHERE k BETWEEN 2903813 AND 2903913
	-> Filter: (sbtest5.k between 2903813 and 2903913)  (cost=18.7 rows=92)
    -> Covering index range scan on sbtest5 using k_5 over (2903813 <= k <= 2903913)  (cost=18.7 rows=92)


table 6 : explain SELECT k FROM sbtest6 WHERE k BETWEEN 2903813 AND 2903913
	-> Filter: (sbtest6.k between 2903813 and 2903913)  (cost=20.3 rows=100)
    -> Covering index range scan on sbtest6 using k_6 over (2903813 <= k <= 2903913)  (cost=20.3 rows=100)


table 7 : explain SELECT k FROM sbtest7 WHERE k BETWEEN 2903813 AND 2903913
	-> Filter: (sbtest7.k between 2903813 and 2903913)  (cost=18.5 rows=91)
    -> Covering index range scan on sbtest7 using k_7 over (2903813 <= k <= 2903913)  (cost=18.5 rows=91)


table 8 : explain SELECT k FROM sbtest8 WHERE k BETWEEN 2903813 AND 2903913
	-> Filter: (sbtest8.k between 2903813 and 2903913)  (cost=19.9 rows=98)
    -> Covering index range scan on sbtest8 using k_8 over (2903813 <= k <= 2903913)  (cost=19.9 rows=98)


explain: for range-covered :: explain SELECT k FROM sbtest%d WHERE k BETWEEN 6846578 AND 6846678

explain: for range-covered :: explain SELECT k FROM sbtest%d WHERE k BETWEEN 4765656 AND 4765756
for range-covered
table 1 : explain SELECT k FROM sbtest1 WHERE k BETWEEN 4565518 AND 4565618
	-> Filter: (sbtest1.k between 4565518 and 4565618)  (cost=19.7 rows=97)
    -> Covering index range scan on sbtest1 using k_1 over (4565518 <= k <= 4565618)  (cost=19.7 rows=97)


table 2 : explain SELECT k FROM sbtest2 WHERE k BETWEEN 4565518 AND 4565618
	-> Filter: (sbtest2.k between 4565518 and 4565618)  (cost=21.3 rows=105)
    -> Covering index range scan on sbtest2 using k_2 over (4565518 <= k <= 4565618)  (cost=21.3 rows=105)


table 3 : explain SELECT k FROM sbtest3 WHERE k BETWEEN 4565518 AND 4565618
	-> Filter: (sbtest3.k between 4565518 and 4565618)  (cost=22.7 rows=112)
    -> Covering index range scan on sbtest3 using k_3 over (4565518 <= k <= 4565618)  (cost=22.7 rows=112)


table 4 : explain SELECT k FROM sbtest4 WHERE k BETWEEN 4565518 AND 4565618
	-> Filter: (sbtest4.k between 4565518 and 4565618)  (cost=18.9 rows=93)
    -> Covering index range scan on sbtest4 using k_4 over (4565518 <= k <= 4565618)  (cost=18.9 rows=93)


table 5 : explain SELECT k FROM sbtest5 WHERE k BETWEEN 4565518 AND 4565618
	-> Filter: (sbtest5.k between 4565518 and 4565618)  (cost=23.5 rows=116)
    -> Covering index range scan on sbtest5 using k_5 over (4565518 <= k <= 4565618)  (cost=23.5 rows=116)


table 6 : explain SELECT k FROM sbtest6 WHERE k BETWEEN 4565518 AND 4565618
	-> Filter: (sbtest6.k between 4565518 and 4565618)  (cost=18.1 rows=89)
    -> Covering index range scan on sbtest6 using k_6 over (4565518 <= k <= 4565618)  (cost=18.1 rows=89)


table 7 : explain SELECT k FROM sbtest7 WHERE k BETWEEN 4565518 AND 4565618
	-> Filter: (sbtest7.k between 4565518 and 4565618)  (cost=21.9 rows=108)
    -> Covering index range scan on sbtest7 using k_7 over (4565518 <= k <= 4565618)  (cost=21.9 rows=108)


table 8 : explain SELECT k FROM sbtest8 WHERE k BETWEEN 4565518 AND 4565618
	-> Filter: (sbtest8.k between 4565518 and 4565618)  (cost=21.7 rows=107)
    -> Covering index range scan on sbtest8 using k_8 over (4565518 <= k <= 4565618)  (cost=21.7 rows=107)


explain: for range-covered :: explain SELECT k FROM sbtest%d WHERE k BETWEEN 6273948 AND 6274048explain: for range-covered :: explain SELECT k FROM sbtest%d WHERE k BETWEEN 8324259 AND 8324359
for range-covered
table 1 : explain SELECT k FROM sbtest1 WHERE k BETWEEN 6014213 AND 6014313
	-> Filter: (sbtest1.k between 6014213 and 6014313)  (cost=22.9 rows=113)
    -> Covering index range scan on sbtest1 using k_1 over (6014213 <= k <= 6014313)  (cost=22.9 rows=113)


table 2 : explain SELECT k FROM sbtest2 WHERE k BETWEEN 6014213 AND 6014313
	-> Filter: (sbtest2.k between 6014213 and 6014313)  (cost=22.3 rows=110)
    -> Covering index range scan on sbtest2 using k_2 over (6014213 <= k <= 6014313)  (cost=22.3 rows=110)


table 3 : explain SELECT k FROM sbtest3 WHERE k BETWEEN 6014213 AND 6014313
	-> Filter: (sbtest3.k between 6014213 and 6014313)  (cost=16.5 rows=81)
    -> Covering index range scan on sbtest3 using k_3 over (6014213 <= k <= 6014313)  (cost=16.5 rows=81)


table 4 : explain SELECT k FROM sbtest4 WHERE k BETWEEN 6014213 AND 6014313
	-> Filter: (sbtest4.k between 6014213 and 6014313)  (cost=19.9 rows=98)
    -> Covering index range scan on sbtest4 using k_4 over (6014213 <= k <= 6014313)  (cost=19.9 rows=98)


table 5 : explain SELECT k FROM sbtest5 WHERE k BETWEEN 6014213 AND 6014313
	-> Filter: (sbtest5.k between 6014213 and 6014313)  (cost=21.9 rows=108)
    -> Covering index range scan on sbtest5 using k_5 over (6014213 <= k <= 6014313)  (cost=21.9 rows=108)


table 6 : explain SELECT k FROM sbtest6 WHERE k BETWEEN 6014213 AND 6014313
	-> Filter: (sbtest6.k between 6014213 and 6014313)  (cost=21.3 rows=105)
    -> Covering index range scan on sbtest6 using k_6 over (6014213 <= k <= 6014313)  (cost=21.3 rows=105)


table 7 : explain SELECT k FROM sbtest7 WHERE k BETWEEN 6014213 AND 6014313
	-> Filter: (sbtest7.k between 6014213 and 6014313)  (cost=20.5 rows=101)
    -> Covering index range scan on sbtest7 using k_7 over (6014213 <= k <= 6014313)  (cost=20.5 rows=101)


table 8 : explain SELECT k FROM sbtest8 WHERE k BETWEEN 6014213 AND 6014313
	-> Filter: (sbtest8.k between 6014213 and 6014313)  (cost=20.9 rows=103)
    -> Covering index range scan on sbtest8 using k_8 over (6014213 <= k <= 6014313)  (cost=20.9 rows=103)


explain: for range-covered :: explain SELECT k FROM sbtest%d WHERE k BETWEEN 6360664 AND 6360764
for range-covered
table 1 : explain SELECT k FROM sbtest1 WHERE k BETWEEN 5909262 AND 5909362
	-> Filter: (sbtest1.k between 5909262 and 5909362)  (cost=25.9 rows=128)
    -> Covering index range scan on sbtest1 using k_1 over (5909262 <= k <= 5909362)  (cost=25.9 rows=128)


table 2 : explain SELECT k FROM sbtest2 WHERE k BETWEEN 5909262 AND 5909362
	-> Filter: (sbtest2.k between 5909262 and 5909362)  (cost=16.5 rows=81)
    -> Covering index range scan on sbtest2 using k_2 over (5909262 <= k <= 5909362)  (cost=16.5 rows=81)


table 3 : explain SELECT k FROM sbtest3 WHERE k BETWEEN 5909262 AND 5909362
	-> Filter: (sbtest3.k between 5909262 and 5909362)  (cost=18.1 rows=89)
    -> Covering index range scan on sbtest3 using k_3 over (5909262 <= k <= 5909362)  (cost=18.1 rows=89)


table 4 : explain SELECT k FROM sbtest4 WHERE k BETWEEN 5909262 AND 5909362
	-> Filter: (sbtest4.k between 5909262 and 5909362)  (cost=22.1 rows=109)
    -> Covering index range scan on sbtest4 using k_4 over (5909262 <= k <= 5909362)  (cost=22.1 rows=109)


table 5 : explain SELECT k FROM sbtest5 WHERE k BETWEEN 5909262 AND 5909362
	-> Filter: (sbtest5.k between 5909262 and 5909362)  (cost=20.3 rows=100)
    -> Covering index range scan on sbtest5 using k_5 over (5909262 <= k <= 5909362)  (cost=20.3 rows=100)


table 6 : explain SELECT k FROM sbtest6 WHERE k BETWEEN 5909262 AND 5909362
	-> Filter: (sbtest6.k between 5909262 and 5909362)  (cost=22.3 rows=110)
    -> Covering index range scan on sbtest6 using k_6 over (5909262 <= k <= 5909362)  (cost=22.3 rows=110)


table 7 : explain SELECT k FROM sbtest7 WHERE k BETWEEN 5909262 AND 5909362
	-> Filter: (sbtest7.k between 5909262 and 5909362)  (cost=21.9 rows=108)
    -> Covering index range scan on sbtest7 using k_7 over (5909262 <= k <= 5909362)  (cost=21.9 rows=108)


table 8 : explain SELECT k FROM sbtest8 WHERE k BETWEEN 5909262 AND 5909362
	-> Filter: (sbtest8.k between 5909262 and 5909362)  (cost=21.3 rows=105)
    -> Covering index range scan on sbtest8 using k_8 over (5909262 <= k <= 5909362)  (cost=21.3 rows=105)


explain: for range-covered :: explain SELECT k FROM sbtest%d WHERE k BETWEEN 4565518 AND 4565618
explain: for range-covered :: explain SELECT k FROM sbtest%d WHERE k BETWEEN 5007601 AND 5007701
for range-covered
table 1 : explain SELECT k FROM sbtest1 WHERE k BETWEEN 5595950 AND 5596050
	-> Filter: (sbtest1.k between 5595950 and 5596050)  (cost=21.1 rows=104)
    -> Covering index range scan on sbtest1 using k_1 over (5595950 <= k <= 5596050)  (cost=21.1 rows=104)


table 2 : explain SELECT k FROM sbtest2 WHERE k BETWEEN 5595950 AND 5596050
	-> Filter: (sbtest2.k between 5595950 and 5596050)  (cost=22.5 rows=111)
    -> Covering index range scan on sbtest2 using k_2 over (5595950 <= k <= 5596050)  (cost=22.5 rows=111)


table 3 : explain SELECT k FROM sbtest3 WHERE k BETWEEN 5595950 AND 5596050
	-> Filter: (sbtest3.k between 5595950 and 5596050)  (cost=22.1 rows=109)
    -> Covering index range scan on sbtest3 using k_3 over (5595950 <= k <= 5596050)  (cost=22.1 rows=109)


table 4 : explain SELECT k FROM sbtest4 WHERE k BETWEEN 5595950 AND 5596050
	-> Filter: (sbtest4.k between 5595950 and 5596050)  (cost=23.1 rows=114)
    -> Covering index range scan on sbtest4 using k_4 over (5595950 <= k <= 5596050)  (cost=23.1 rows=114)


table 5 : explain SELECT k FROM sbtest5 WHERE k BETWEEN 5595950 AND 5596050
	-> Filter: (sbtest5.k between 5595950 and 5596050)  (cost=19.9 rows=98)
    -> Covering index range scan on sbtest5 using k_5 over (5595950 <= k <= 5596050)  (cost=19.9 rows=98)


table 6 : explain SELECT k FROM sbtest6 WHERE k BETWEEN 5595950 AND 5596050
	-> Filter: (sbtest6.k between 5595950 and 5596050)  (cost=20.7 rows=102)
    -> Covering index range scan on sbtest6 using k_6 over (5595950 <= k <= 5596050)  (cost=20.7 rows=102)


table 7 : explain SELECT k FROM sbtest7 WHERE k BETWEEN 5595950 AND 5596050
	-> Filter: (sbtest7.k between 5595950 and 5596050)  (cost=19.3 rows=95)
    -> Covering index range scan on sbtest7 using k_7 over (5595950 <= k <= 5596050)  (cost=19.3 rows=95)


table 8 : explain SELECT k FROM sbtest8 WHERE k BETWEEN 5595950 AND 5596050
	-> Filter: (sbtest8.k between 5595950 and 5596050)  (cost=17.7 rows=87)
    -> Covering index range scan on sbtest8 using k_8 over (5595950 <= k <= 5596050)  (cost=17.7 rows=87)

explain: for range-covered :: explain SELECT k FROM sbtest%d WHERE k BETWEEN 6014213 AND 6014313for range-covered
table 1 : explain SELECT k FROM sbtest1 WHERE k BETWEEN 4835917 AND 4836017
	-> Filter: (sbtest1.k between 4835917 and 4836017)  (cost=23.1 rows=114)
    -> Covering index range scan on sbtest1 using k_1 over (4835917 <= k <= 4836017)  (cost=23.1 rows=114)


table 2 : explain SELECT k FROM sbtest2 WHERE k BETWEEN 4835917 AND 4836017
	-> Filter: (sbtest2.k between 4835917 and 4836017)  (cost=20.3 rows=100)
    -> Covering index range scan on sbtest2 using k_2 over (4835917 <= k <= 4836017)  (cost=20.3 rows=100)


table 3 : explain SELECT k FROM sbtest3 WHERE k BETWEEN 4835917 AND 4836017
	-> Filter: (sbtest3.k between 4835917 and 4836017)  (cost=20.3 rows=100)
    -> Covering index range scan on sbtest3 using k_3 over (4835917 <= k <= 4836017)  (cost=20.3 rows=100)


table 4 : explain SELECT k FROM sbtest4 WHERE k BETWEEN 4835917 AND 4836017
	-> Filter: (sbtest4.k between 4835917 and 4836017)  (cost=20.9 rows=103)
    -> Covering index range scan on sbtest4 using k_4 over (4835917 <= k <= 4836017)  (cost=20.9 rows=103)


table 5 : explain SELECT k FROM sbtest5 WHERE k BETWEEN 4835917 AND 4836017
	-> Filter: (sbtest5.k between 4835917 and 4836017)  (cost=20.7 rows=102)
    -> Covering index range scan on sbtest5 using k_5 over (4835917 <= k <= 4836017)  (cost=20.7 rows=102)


table 6 : explain SELECT k FROM sbtest6 WHERE k BETWEEN 4835917 AND 4836017
	-> Filter: (sbtest6.k between 4835917 and 4836017)  (cost=21.7 rows=107)
    -> Covering index range scan on sbtest6 using k_6 over (4835917 <= k <= 4836017)  (cost=21.7 rows=107)


table 7 : explain SELECT k FROM sbtest7 WHERE k BETWEEN 4835917 AND 4836017
	-> Filter: (sbtest7.k between 4835917 and 4836017)  (cost=21.5 rows=106)
    -> Covering index range scan on sbtest7 using k_7 over (4835917 <= k <= 4836017)  (cost=21.5 rows=106)


table 8 : explain SELECT k FROM sbtest8 WHERE k BETWEEN 4835917 AND 4836017
	-> Filter: (sbtest8.k between 4835917 and 4836017)  (cost=21.9 rows=108)
    -> Covering index range scan on sbtest8 using k_8 over (4835917 <= k <= 4836017)  (cost=21.9 rows=108)



for range-covered
table 1 : explain SELECT k FROM sbtest1 WHERE k BETWEEN 6048949 AND 6049049
	-> Filter: (sbtest1.k between 6048949 and 6049049)  (cost=19.1 rows=94)
    -> Covering index range scan on sbtest1 using k_1 over (6048949 <= k <= 6049049)  (cost=19.1 rows=94)


table 2 : explain SELECT k FROM sbtest2 WHERE k BETWEEN 6048949 AND 6049049
	-> Filter: (sbtest2.k between 6048949 and 6049049)  (cost=19.1 rows=94)
    -> Covering index range scan on sbtest2 using k_2 over (6048949 <= k <= 6049049)  (cost=19.1 rows=94)


table 3 : explain SELECT k FROM sbtest3 WHERE k BETWEEN 6048949 AND 6049049
	-> Filter: (sbtest3.k between 6048949 and 6049049)  (cost=19.3 rows=95)
    -> Covering index range scan on sbtest3 using k_3 over (6048949 <= k <= 6049049)  (cost=19.3 rows=95)


table 4 : explain SELECT k FROM sbtest4 WHERE k BETWEEN 6048949 AND 6049049
	-> Filter: (sbtest4.k between 6048949 and 6049049)  (cost=19.7 rows=97)
    -> Covering index range scan on sbtest4 using k_4 over (6048949 <= k <= 6049049)  (cost=19.7 rows=97)


table 5 : explain SELECT k FROM sbtest5 WHERE k BETWEEN 6048949 AND 6049049
	-> Filter: (sbtest5.k between 6048949 and 6049049)  (cost=19.5 rows=96)
    -> Covering index range scan on sbtest5 using k_5 over (6048949 <= k <= 6049049)  (cost=19.5 rows=96)


table 6 : explain SELECT k FROM sbtest6 WHERE k BETWEEN 6048949 AND 6049049
	-> Filter: (sbtest6.k between 6048949 and 6049049)  (cost=20.1 rows=99)
    -> Covering index range scan on sbtest6 using k_6 over (6048949 <= k <= 6049049)  (cost=20.1 rows=99)


table 7 : explain SELECT k FROM sbtest7 WHERE k BETWEEN 6048949 AND 6049049
	-> Filter: (sbtest7.k between 6048949 and 6049049)  (cost=19.7 rows=97)
    -> Covering index range scan on sbtest7 using k_7 over (6048949 <= k <= 6049049)  (cost=19.7 rows=97)


table 8 : explain SELECT k FROM sbtest8 WHERE k BETWEEN 6048949 AND 6049049
	-> Filter: (sbtest8.k between 6048949 and 6049049)  (cost=21.5 rows=106)
    -> Covering index range scan on sbtest8 using k_8 over (6048949 <= k <= 6049049)  (cost=21.5 rows=106)


explain: for range-covered :: explain SELECT k FROM sbtest%d WHERE k BETWEEN 2903813 AND 2903913
for range-covered
table 1 : explain SELECT k FROM sbtest1 WHERE k BETWEEN 7270617 AND 7270717
	-> Filter: (sbtest1.k between 7270617 and 7270717)  (cost=19.5 rows=96)
    -> Covering index range scan on sbtest1 using k_1 over (7270617 <= k <= 7270717)  (cost=19.5 rows=96)


table 2 : explain SELECT k FROM sbtest2 WHERE k BETWEEN 7270617 AND 7270717
	-> Filter: (sbtest2.k between 7270617 and 7270717)  (cost=18.9 rows=93)
    -> Covering index range scan on sbtest2 using k_2 over (7270617 <= k <= 7270717)  (cost=18.9 rows=93)


table 3 : explain SELECT k FROM sbtest3 WHERE k BETWEEN 7270617 AND 7270717
	-> Filter: (sbtest3.k between 7270617 and 7270717)  (cost=17.3 rows=85)
    -> Covering index range scan on sbtest3 using k_3 over (7270617 <= k <= 7270717)  (cost=17.3 rows=85)


table 4 : explain SELECT k FROM sbtest4 WHERE k BETWEEN 7270617 AND 7270717
	-> Filter: (sbtest4.k between 7270617 and 7270717)  (cost=19.5 rows=96)
    -> Covering index range scan on sbtest4 using k_4 over (7270617 <= k <= 7270717)  (cost=19.5 rows=96)


table 5 : explain SELECT k FROM sbtest5 WHERE k BETWEEN 7270617 AND 7270717
	-> Filter: (sbtest5.k between 7270617 and 7270717)  (cost=22.7 rows=112)
    -> Covering index range scan on sbtest5 using k_5 over (7270617 <= k <= 7270717)  (cost=22.7 rows=112)


table 6 : explain SELECT k FROM sbtest6 WHERE k BETWEEN 7270617 AND 7270717
	-> Filter: (sbtest6.k between 7270617 and 7270717)  (cost=17.5 rows=86)
    -> Covering index range scan on sbtest6 using k_6 over (7270617 <= k <= 7270717)  (cost=17.5 rows=86)


table 7 : explain SELECT k FROM sbtest7 WHERE k BETWEEN 7270617 AND 7270717
	-> Filter: (sbtest7.k between 7270617 and 7270717)  (cost=18.3 rows=90)
    -> Covering index range scan on sbtest7 using k_7 over (7270617 <= k <= 7270717)  (cost=18.3 rows=90)


table 8 : explain SELECT k FROM sbtest8 WHERE k BETWEEN 7270617 AND 7270717
	-> Filter: (sbtest8.k between 7270617 and 7270717)  (cost=20.9 rows=103)
    -> Covering index range scan on sbtest8 using k_8 over (7270617 <= k <= 7270717)  (cost=20.9 rows=103)


explain: for range-covered :: explain SELECT k FROM sbtest%d WHERE k BETWEEN 5469010 AND 5469110
for range-covered
table 1 : explain SELECT k FROM sbtest1 WHERE k BETWEEN 5878246 AND 5878346
	-> Filter: (sbtest1.k between 5878246 and 5878346)  (cost=20.1 rows=99)
    -> Covering index range scan on sbtest1 using k_1 over (5878246 <= k <= 5878346)  (cost=20.1 rows=99)


table 2 : explain SELECT k FROM sbtest2 WHERE k BETWEEN 5878246 AND 5878346
	-> Filter: (sbtest2.k between 5878246 and 5878346)  (cost=21.1 rows=104)
    -> Covering index range scan on sbtest2 using k_2 over (5878246 <= k <= 5878346)  (cost=21.1 rows=104)


table 3 : explain SELECT k FROM sbtest3 WHERE k BETWEEN 5878246 AND 5878346
	-> Filter: (sbtest3.k between 5878246 and 5878346)  (cost=19.3 rows=95)
    -> Covering index range scan on sbtest3 using k_3 over (5878246 <= k <= 5878346)  (cost=19.3 rows=95)


table 4 : explain SELECT k FROM sbtest4 WHERE k BETWEEN 5878246 AND 5878346
	-> Filter: (sbtest4.k between 5878246 and 5878346)  (cost=20.3 rows=100)
    -> Covering index range scan on sbtest4 using k_4 over (5878246 <= k <= 5878346)  (cost=20.3 rows=100)


table 5 : explain SELECT k FROM sbtest5 WHERE k BETWEEN 5878246 AND 5878346
	-> Filter: (sbtest5.k between 5878246 and 5878346)  (cost=19.5 rows=96)
    -> Covering index range scan on sbtest5 using k_5 over (5878246 <= k <= 5878346)  (cost=19.5 rows=96)


table 6 : explain SELECT k FROM sbtest6 WHERE k BETWEEN 5878246 AND 5878346
	-> Filter: (sbtest6.k between 5878246 and 5878346)  (cost=19.3 rows=95)
    -> Covering index range scan on sbtest6 using k_6 over (5878246 <= k <= 5878346)  (cost=19.3 rows=95)


table 7 : explain SELECT k FROM sbtest7 WHERE k BETWEEN 5878246 AND 5878346
	-> Filter: (sbtest7.k between 5878246 and 5878346)  (cost=18.1 rows=89)
    -> Covering index range scan on sbtest7 using k_7 over (5878246 <= k <= 5878346)  (cost=18.1 rows=89)


table 8 : explain SELECT k FROM sbtest8 WHERE k BETWEEN 5878246 AND 5878346
	-> Filter: (sbtest8.k between 5878246 and 5878346)  (cost=21.1 rows=104)
    -> Covering index range scan on sbtest8 using k_8 over (5878246 <= k <= 5878346)  (cost=21.1 rows=104)

explain: for range-covered :: explain SELECT k FROM sbtest%d WHERE k BETWEEN 4835917 AND 4836017

explain: for range-covered :: explain SELECT k FROM sbtest%d WHERE k BETWEEN 5909262 AND 5909362
for range-covered
table 1 : explain SELECT k FROM sbtest1 WHERE k BETWEEN 6227750 AND 6227850
	-> Filter: (sbtest1.k between 6227750 and 6227850)  (cost=17.9 rows=88)
    -> Covering index range scan on sbtest1 using k_1 over (6227750 <= k <= 6227850)  (cost=17.9 rows=88)


table 2 : explain SELECT k FROM sbtest2 WHERE k BETWEEN 6227750 AND 6227850
	-> Filter: (sbtest2.k between 6227750 and 6227850)  (cost=23.1 rows=114)
    -> Covering index range scan on sbtest2 using k_2 over (6227750 <= k <= 6227850)  (cost=23.1 rows=114)


table 3 : explain SELECT k FROM sbtest3 WHERE k BETWEEN 6227750 AND 6227850
	-> Filter: (sbtest3.k between 6227750 and 6227850)  (cost=19.3 rows=95)
    -> Covering index range scan on sbtest3 using k_3 over (6227750 <= k <= 6227850)  (cost=19.3 rows=95)


table 4 : explain SELECT k FROM sbtest4 WHERE k BETWEEN 6227750 AND 6227850
	-> Filter: (sbtest4.k between 6227750 and 6227850)  (cost=16.5 rows=81)
    -> Covering index range scan on sbtest4 using k_4 over (6227750 <= k <= 6227850)  (cost=16.5 rows=81)


table 5 : explain SELECT k FROM sbtest5 WHERE k BETWEEN 6227750 AND 6227850
	-> Filter: (sbtest5.k between 6227750 and 6227850)  (cost=20.7 rows=102)
    -> Covering index range scan on sbtest5 using k_5 over (6227750 <= k <= 6227850)  (cost=20.7 rows=102)


table 6 : explain SELECT k FROM sbtest6 WHERE k BETWEEN 6227750 AND 6227850
	-> Filter: (sbtest6.k between 6227750 and 6227850)  (cost=19.9 rows=98)
    -> Covering index range scan on sbtest6 using k_6 over (6227750 <= k <= 6227850)  (cost=19.9 rows=98)


table 7 : explain SELECT k FROM sbtest7 WHERE k BETWEEN 6227750 AND 6227850
	-> Filter: (sbtest7.k between 6227750 and 6227850)  (cost=22.7 rows=112)
    -> Covering index range scan on sbtest7 using k_7 over (6227750 <= k <= 6227850)  (cost=22.7 rows=112)


table 8 : explain SELECT k FROM sbtest8 WHERE k BETWEEN 6227750 AND 6227850
	-> Filter: (sbtest8.k between 6227750 and 6227850)  (cost=21.3 rows=105)
    -> Covering index range scan on sbtest8 using k_8 over (6227750 <= k <= 6227850)  (cost=21.3 rows=105)


explain: for range-covered :: explain SELECT k FROM sbtest%d WHERE k BETWEEN 7270617 AND 7270717


for range-covered
table 1 : explain SELECT k FROM sbtest1 WHERE k BETWEEN 4259778 AND 4259878
	-> Filter: (sbtest1.k between 4259778 and 4259878)  (cost=18.3 rows=90)
    -> Covering index range scan on sbtest1 using k_1 over (4259778 <= k <= 4259878)  (cost=18.3 rows=90)


table 2 : explain SELECT k FROM sbtest2 WHERE k BETWEEN 4259778 AND 4259878
	-> Filter: (sbtest2.k between 4259778 and 4259878)  (cost=21.9 rows=108)
    -> Covering index range scan on sbtest2 using k_2 over (4259778 <= k <= 4259878)  (cost=21.9 rows=108)


table 3 : explain SELECT k FROM sbtest3 WHERE k BETWEEN 4259778 AND 4259878
	-> Filter: (sbtest3.k between 4259778 and 4259878)  (cost=17.7 rows=87)
    -> Covering index range scan on sbtest3 using k_3 over (4259778 <= k <= 4259878)  (cost=17.7 rows=87)


table 4 : explain SELECT k FROM sbtest4 WHERE k BETWEEN 4259778 AND 4259878
	-> Filter: (sbtest4.k between 4259778 and 4259878)  (cost=23.3 rows=115)
    -> Covering index range scan on sbtest4 using k_4 over (4259778 <= k <= 4259878)  (cost=23.3 rows=115)


table 5 : explain SELECT k FROM sbtest5 WHERE k BETWEEN 4259778 AND 4259878
	-> Filter: (sbtest5.k between 4259778 and 4259878)  (cost=18.1 rows=89)
    -> Covering index range scan on sbtest5 using k_5 over (4259778 <= k <= 4259878)  (cost=18.1 rows=89)


table 6 : explain SELECT k FROM sbtest6 WHERE k BETWEEN 4259778 AND 4259878
	-> Filter: (sbtest6.k between 4259778 and 4259878)  (cost=20.7 rows=102)
    -> Covering index range scan on sbtest6 using k_6 over (4259778 <= k <= 4259878)  (cost=20.7 rows=102)


table 7 : explain SELECT k FROM sbtest7 WHERE k BETWEEN 4259778 AND 4259878
	-> Filter: (sbtest7.k between 4259778 and 4259878)  (cost=19.5 rows=96)
    -> Covering index range scan on sbtest7 using k_7 over (4259778 <= k <= 4259878)  (cost=19.5 rows=96)


table 8 : explain SELECT k FROM sbtest8 WHERE k BETWEEN 4259778 AND 4259878
	-> Filter: (sbtest8.k between 4259778 and 4259878)  (cost=20.3 rows=100)
    -> Covering index range scan on sbtest8 using k_8 over (4259778 <= k <= 4259878)  (cost=20.3 rows=100)



for range-covered
table 1 : explain SELECT k FROM sbtest1 WHERE k BETWEEN 1611351 AND 1611451
	-> Filter: (sbtest1.k between 1611351 and 1611451)  (cost=18.9 rows=93)
    -> Covering index range scan on sbtest1 using k_1 over (1611351 <= k <= 1611451)  (cost=18.9 rows=93)


table 2 : explain SELECT k FROM sbtest2 WHERE k BETWEEN 1611351 AND 1611451
	-> Filter: (sbtest2.k between 1611351 and 1611451)  (cost=19.5 rows=96)
    -> Covering index range scan on sbtest2 using k_2 over (1611351 <= k <= 1611451)  (cost=19.5 rows=96)


table 3 : explain SELECT k FROM sbtest3 WHERE k BETWEEN 1611351 AND 1611451
	-> Filter: (sbtest3.k between 1611351 and 1611451)  (cost=22.9 rows=113)
    -> Covering index range scan on sbtest3 using k_3 over (1611351 <= k <= 1611451)  (cost=22.9 rows=113)


table 4 : explain SELECT k FROM sbtest4 WHERE k BETWEEN 1611351 AND 1611451
	-> Filter: (sbtest4.k between 1611351 and 1611451)  (cost=19.9 rows=98)
    -> Covering index range scan on sbtest4 using k_4 over (1611351 <= k <= 1611451)  (cost=19.9 rows=98)


table 5 : explain SELECT k FROM sbtest5 WHERE k BETWEEN 1611351 AND 1611451
	-> Filter: (sbtest5.k between 1611351 and 1611451)  (cost=20.7 rows=102)
    -> Covering index range scan on sbtest5 using k_5 over (1611351 <= k <= 1611451)  (cost=20.7 rows=102)


table 6 : explain SELECT k FROM sbtest6 WHERE k BETWEEN 1611351 AND 1611451
	-> Filter: (sbtest6.k between 1611351 and 1611451)  (cost=19.7 rows=97)
    -> Covering index range scan on sbtest6 using k_6 over (1611351 <= k <= 1611451)  (cost=19.7 rows=97)


table 7 : explain SELECT k FROM sbtest7 WHERE k BETWEEN 1611351 AND 1611451
	-> Filter: (sbtest7.k between 1611351 and 1611451)  (cost=16.3 rows=80)
    -> Covering index range scan on sbtest7 using k_7 over (1611351 <= k <= 1611451)  (cost=16.3 rows=80)


table 8 : explain SELECT k FROM sbtest8 WHERE k BETWEEN 1611351 AND 1611451
	-> Filter: (sbtest8.k between 1611351 and 1611451)  (cost=19.3 rows=95)
    -> Covering index range scan on sbtest8 using k_8 over (1611351 <= k <= 1611451)  (cost=19.3 rows=95)

for range-covered
table 1 : explain SELECT k FROM sbtest1 WHERE k BETWEEN 3707286 AND 3707386
	-> Filter: (sbtest1.k between 3707286 and 3707386)  (cost=22.7 rows=112)
    -> Covering index range scan on sbtest1 using k_1 over (3707286 <= k <= 3707386)  (cost=22.7 rows=112)


table 2 : explain SELECT k FROM sbtest2 WHERE k BETWEEN 3707286 AND 3707386
	-> Filter: (sbtest2.k between 3707286 and 3707386)  (cost=18.9 rows=93)
    -> Covering index range scan on sbtest2 using k_2 over (3707286 <= k <= 3707386)  (cost=18.9 rows=93)


table 3 : explain SELECT k FROM sbtest3 WHERE k BETWEEN 3707286 AND 3707386
	-> Filter: (sbtest3.k between 3707286 and 3707386)  (cost=23.7 rows=117)
    -> Covering index range scan on sbtest3 using k_3 over (3707286 <= k <= 3707386)  (cost=23.7 rows=117)


table 4 : explain SELECT k FROM sbtest4 WHERE k BETWEEN 3707286 AND 3707386
	-> Filter: (sbtest4.k between 3707286 and 3707386)  (cost=17.5 rows=86)
    -> Covering index range scan on sbtest4 using k_4 over (3707286 <= k <= 3707386)  (cost=17.5 rows=86)


table 5 : explain SELECT k FROM sbtest5 WHERE k BETWEEN 3707286 AND 3707386
	-> Filter: (sbtest5.k between 3707286 and 3707386)  (cost=19.9 rows=98)
    -> Covering index range scan on sbtest5 using k_5 over (3707286 <= k <= 3707386)  (cost=19.9 rows=98)


table 6 : explain SELECT k FROM sbtest6 WHERE k BETWEEN 3707286 AND 3707386
	-> Filter: (sbtest6.k between 3707286 and 3707386)  (cost=16.9 rows=83)
    -> Covering index range scan on sbtest6 using k_6 over (3707286 <= k <= 3707386)  (cost=16.9 rows=83)


table 7 : explain SELECT k FROM sbtest7 WHERE k BETWEEN 3707286 AND 3707386
	-> Filter: (sbtest7.k between 3707286 and 3707386)  (cost=21.5 rows=106)
    -> Covering index range scan on sbtest7 using k_7 over (3707286 <= k <= 3707386)  (cost=21.5 rows=106)


table 8 : explain SELECT k FROM sbtest8 WHERE k BETWEEN 3707286 AND 3707386
	-> Filter: (sbtest8.k between 3707286 and 3707386)  (cost=23.1 rows=114)
    -> Covering index range scan on sbtest8 using k_8 over (3707286 <= k <= 3707386)  (cost=23.1 rows=114)



for range-covered
table 1 : explain SELECT k FROM sbtest1 WHERE k BETWEEN 4488193 AND 4488293
	-> Filter: (sbtest1.k between 4488193 and 4488293)  (cost=24.7 rows=122)
    -> Covering index range scan on sbtest1 using k_1 over (4488193 <= k <= 4488293)  (cost=24.7 rows=122)


table 2 : explain SELECT k FROM sbtest2 WHERE k BETWEEN 4488193 AND 4488293
	-> Filter: (sbtest2.k between 4488193 and 4488293)  (cost=18.7 rows=92)
    -> Covering index range scan on sbtest2 using k_2 over (4488193 <= k <= 4488293)  (cost=18.7 rows=92)


table 3 : explain SELECT k FROM sbtest3 WHERE k BETWEEN 4488193 AND 4488293
	-> Filter: (sbtest3.k between 4488193 and 4488293)  (cost=21.3 rows=105)
    -> Covering index range scan on sbtest3 using k_3 over (4488193 <= k <= 4488293)  (cost=21.3 rows=105)


table 4 : explain SELECT k FROM sbtest4 WHERE k BETWEEN 4488193 AND 4488293
	-> Filter: (sbtest4.k between 4488193 and 4488293)  (cost=21.9 rows=108)
    -> Covering index range scan on sbtest4 using k_4 over (4488193 <= k <= 4488293)  (cost=21.9 rows=108)


table 5 : explain SELECT k FROM sbtest5 WHERE k BETWEEN 4488193 AND 4488293
	-> Filter: (sbtest5.k between 4488193 and 4488293)  (cost=20.3 rows=100)
    -> Covering index range scan on sbtest5 using k_5 over (4488193 <= k <= 4488293)  (cost=20.3 rows=100)


table 6 : explain SELECT k FROM sbtest6 WHERE k BETWEEN 4488193 AND 4488293
	-> Filter: (sbtest6.k between 4488193 and 4488293)  (cost=22.3 rows=110)
    -> Covering index range scan on sbtest6 using k_6 over (4488193 <= k <= 4488293)  (cost=22.3 rows=110)


table 7 : explain SELECT k FROM sbtest7 WHERE k BETWEEN 4488193 AND 4488293
	-> Filter: (sbtest7.k between 4488193 and 4488293)  (cost=19.7 rows=97)
    -> Covering index range scan on sbtest7 using k_7 over (4488193 <= k <= 4488293)  (cost=19.7 rows=97)


table 8 : explain SELECT k FROM sbtest8 WHERE k BETWEEN 4488193 AND 4488293
	-> Filter: (sbtest8.k between 4488193 and 4488293)  (cost=18.5 rows=91)
    -> Covering index range scan on sbtest8 using k_8 over (4488193 <= k <= 4488293)  (cost=18.5 rows=91)


explain: for range-covered :: explain SELECT k FROM sbtest%d WHERE k BETWEEN 4259778 AND 4259878explain: for range-covered :: explain SELECT k FROM sbtest%d WHERE k BETWEEN 7153292 AND 7153392
explain: for range-covered :: explain SELECT k FROM sbtest%d WHERE k BETWEEN 6048949 AND 6049049
explain: for range-covered :: explain SELECT k FROM sbtest%d WHERE k BETWEEN 5595950 AND 5596050
explain: for range-covered :: explain SELECT k FROM sbtest%d WHERE k BETWEEN 5878246 AND 5878346
explain: for range-covered :: explain SELECT k FROM sbtest%d WHERE k BETWEEN 3707286 AND 3707386

explain: for range-covered :: explain SELECT k FROM sbtest%d WHERE k BETWEEN 1611351 AND 1611451
explain: for range-covered :: explain SELECT k FROM sbtest%d WHERE k BETWEEN 6227750 AND 6227850
explain: for range-covered :: explain SELECT k FROM sbtest%d WHERE k BETWEEN 4488193 AND 4488293
for range-covered
table 1 : explain SELECT k FROM sbtest1 WHERE k BETWEEN 2207025 AND 2207125
	-> Filter: (sbtest1.k between 2207025 and 2207125)  (cost=21.7 rows=107)
    -> Covering index range scan on sbtest1 using k_1 over (2207025 <= k <= 2207125)  (cost=21.7 rows=107)


table 2 : explain SELECT k FROM sbtest2 WHERE k BETWEEN 2207025 AND 2207125
	-> Filter: (sbtest2.k between 2207025 and 2207125)  (cost=21.9 rows=108)
    -> Covering index range scan on sbtest2 using k_2 over (2207025 <= k <= 2207125)  (cost=21.9 rows=108)


table 3 : explain SELECT k FROM sbtest3 WHERE k BETWEEN 2207025 AND 2207125
	-> Filter: (sbtest3.k between 2207025 and 2207125)  (cost=24.1 rows=119)
    -> Covering index range scan on sbtest3 using k_3 over (2207025 <= k <= 2207125)  (cost=24.1 rows=119)


table 4 : explain SELECT k FROM sbtest4 WHERE k BETWEEN 2207025 AND 2207125
	-> Filter: (sbtest4.k between 2207025 and 2207125)  (cost=22.9 rows=113)
    -> Covering index range scan on sbtest4 using k_4 over (2207025 <= k <= 2207125)  (cost=22.9 rows=113)


table 5 : explain SELECT k FROM sbtest5 WHERE k BETWEEN 2207025 AND 2207125
	-> Filter: (sbtest5.k between 2207025 and 2207125)  (cost=21.3 rows=105)
    -> Covering index range scan on sbtest5 using k_5 over (2207025 <= k <= 2207125)  (cost=21.3 rows=105)


table 6 : explain SELECT k FROM sbtest6 WHERE k BETWEEN 2207025 AND 2207125
	-> Filter: (sbtest6.k between 2207025 and 2207125)  (cost=18.7 rows=92)
    -> Covering index range scan on sbtest6 using k_6 over (2207025 <= k <= 2207125)  (cost=18.7 rows=92)


table 7 : explain SELECT k FROM sbtest7 WHERE k BETWEEN 2207025 AND 2207125
	-> Filter: (sbtest7.k between 2207025 and 2207125)  (cost=23.3 rows=115)
    -> Covering index range scan on sbtest7 using k_7 over (2207025 <= k <= 2207125)  (cost=23.3 rows=115)


table 8 : explain SELECT k FROM sbtest8 WHERE k BETWEEN 2207025 AND 2207125
	-> Filter: (sbtest8.k between 2207025 and 2207125)  (cost=22.7 rows=112)
    -> Covering index range scan on sbtest8 using k_8 over (2207025 <= k <= 2207125)  (cost=22.7 rows=112)


for range-covered
table 1 : explain SELECT k FROM sbtest1 WHERE k BETWEEN 4028958 AND 4029058
	-> Filter: (sbtest1.k between 4028958 and 4029058)  (cost=20.7 rows=102)
    -> Covering index range scan on sbtest1 using k_1 over (4028958 <= k <= 4029058)  (cost=20.7 rows=102)


table 2 : explain SELECT k FROM sbtest2 WHERE k BETWEEN 4028958 AND 4029058
	-> Filter: (sbtest2.k between 4028958 and 4029058)  (cost=17.7 rows=87)
    -> Covering index range scan on sbtest2 using k_2 over (4028958 <= k <= 4029058)  (cost=17.7 rows=87)


table 3 : explain SELECT k FROM sbtest3 WHERE k BETWEEN 4028958 AND 4029058
	-> Filter: (sbtest3.k between 4028958 and 4029058)  (cost=22.9 rows=113)
    -> Covering index range scan on sbtest3 using k_3 over (4028958 <= k <= 4029058)  (cost=22.9 rows=113)


table 4 : explain SELECT k FROM sbtest4 WHERE k BETWEEN 4028958 AND 4029058
	-> Filter: (sbtest4.k between 4028958 and 4029058)  (cost=18.1 rows=89)
    -> Covering index range scan on sbtest4 using k_4 over (4028958 <= k <= 4029058)  (cost=18.1 rows=89)


table 5 : explain SELECT k FROM sbtest5 WHERE k BETWEEN 4028958 AND 4029058
	-> Filter: (sbtest5.k between 4028958 and 4029058)  (cost=22.1 rows=109)
    -> Covering index range scan on sbtest5 using k_5 over (4028958 <= k <= 4029058)  (cost=22.1 rows=109)


table 6 : explain SELECT k FROM sbtest6 WHERE k BETWEEN 4028958 AND 4029058
	-> Filter: (sbtest6.k between 4028958 and 4029058)  (cost=19.3 rows=95)
    -> Covering index range scan on sbtest6 using k_6 over (4028958 <= k <= 4029058)  (cost=19.3 rows=95)


table 7 : explain SELECT k FROM sbtest7 WHERE k BETWEEN 4028958 AND 4029058
	-> Filter: (sbtest7.k between 4028958 and 4029058)  (cost=17.5 rows=86)
    -> Covering index range scan on sbtest7 using k_7 over (4028958 <= k <= 4029058)  (cost=17.5 rows=86)


table 8 : explain SELECT k FROM sbtest8 WHERE k BETWEEN 4028958 AND 4029058
	-> Filter: (sbtest8.k between 4028958 and 4029058)  (cost=21.9 rows=108)
    -> Covering index range scan on sbtest8 using k_8 over (4028958 <= k <= 4029058)  (cost=21.9 rows=108)


for range-covered
table 1 : explain SELECT k FROM sbtest1 WHERE k BETWEEN 3531035 AND 3531135
	-> Filter: (sbtest1.k between 3531035 and 3531135)  (cost=19.9 rows=98)
    -> Covering index range scan on sbtest1 using k_1 over (3531035 <= k <= 3531135)  (cost=19.9 rows=98)


table 2 : explain SELECT k FROM sbtest2 WHERE k BETWEEN 3531035 AND 3531135
	-> Filter: (sbtest2.k between 3531035 and 3531135)  (cost=18.9 rows=93)
    -> Covering index range scan on sbtest2 using k_2 over (3531035 <= k <= 3531135)  (cost=18.9 rows=93)


table 3 : explain SELECT k FROM sbtest3 WHERE k BETWEEN 3531035 AND 3531135
	-> Filter: (sbtest3.k between 3531035 and 3531135)  (cost=20.7 rows=102)
    -> Covering index range scan on sbtest3 using k_3 over (3531035 <= k <= 3531135)  (cost=20.7 rows=102)


table 4 : explain SELECT k FROM sbtest4 WHERE k BETWEEN 3531035 AND 3531135
	-> Filter: (sbtest4.k between 3531035 and 3531135)  (cost=23.9 rows=118)
    -> Covering index range scan on sbtest4 using k_4 over (3531035 <= k <= 3531135)  (cost=23.9 rows=118)


table 5 : explain SELECT k FROM sbtest5 WHERE k BETWEEN 3531035 AND 3531135
	-> Filter: (sbtest5.k between 3531035 and 3531135)  (cost=20.3 rows=100)
    -> Covering index range scan on sbtest5 using k_5 over (3531035 <= k <= 3531135)  (cost=20.3 rows=100)


table 6 : explain SELECT k FROM sbtest6 WHERE k BETWEEN 3531035 AND 3531135
	-> Filter: (sbtest6.k between 3531035 and 3531135)  (cost=15.1 rows=74)
    -> Covering index range scan on sbtest6 using k_6 over (3531035 <= k <= 3531135)  (cost=15.1 rows=74)


table 7 : explain SELECT k FROM sbtest7 WHERE k BETWEEN 3531035 AND 3531135
	-> Filter: (sbtest7.k between 3531035 and 3531135)  (cost=18.9 rows=93)
    -> Covering index range scan on sbtest7 using k_7 over (3531035 <= k <= 3531135)  (cost=18.9 rows=93)


table 8 : explain SELECT k FROM sbtest8 WHERE k BETWEEN 3531035 AND 3531135
	-> Filter: (sbtest8.k between 3531035 and 3531135)  (cost=16.9 rows=83)
    -> Covering index range scan on sbtest8 using k_8 over (3531035 <= k <= 3531135)  (cost=16.9 rows=83)


for range-covered
table 1 : explain SELECT k FROM sbtest1 WHERE k BETWEEN 6936407 AND 6936507
	-> Filter: (sbtest1.k between 6936407 and 6936507)  (cost=19.3 rows=95)
    -> Covering index range scan on sbtest1 using k_1 over (6936407 <= k <= 6936507)  (cost=19.3 rows=95)


table 2 : explain SELECT k FROM sbtest2 WHERE k BETWEEN 6936407 AND 6936507
	-> Filter: (sbtest2.k between 6936407 and 6936507)  (cost=19.5 rows=96)
    -> Covering index range scan on sbtest2 using k_2 over (6936407 <= k <= 6936507)  (cost=19.5 rows=96)


table 3 : explain SELECT k FROM sbtest3 WHERE k BETWEEN 6936407 AND 6936507
	-> Filter: (sbtest3.k between 6936407 and 6936507)  (cost=19.5 rows=96)
    -> Covering index range scan on sbtest3 using k_3 over (6936407 <= k <= 6936507)  (cost=19.5 rows=96)


table 4 : explain SELECT k FROM sbtest4 WHERE k BETWEEN 6936407 AND 6936507
	-> Filter: (sbtest4.k between 6936407 and 6936507)  (cost=22.5 rows=111)
    -> Covering index range scan on sbtest4 using k_4 over (6936407 <= k <= 6936507)  (cost=22.5 rows=111)


table 5 : explain SELECT k FROM sbtest5 WHERE k BETWEEN 6936407 AND 6936507
	-> Filter: (sbtest5.k between 6936407 and 6936507)  (cost=22.1 rows=109)
    -> Covering index range scan on sbtest5 using k_5 over (6936407 <= k <= 6936507)  (cost=22.1 rows=109)


table 6 : explain SELECT k FROM sbtest6 WHERE k BETWEEN 6936407 AND 6936507
	-> Filter: (sbtest6.k between 6936407 and 6936507)  (cost=17.9 rows=88)
    -> Covering index range scan on sbtest6 using k_6 over (6936407 <= k <= 6936507)  (cost=17.9 rows=88)


table 7 : explain SELECT k FROM sbtest7 WHERE k BETWEEN 6936407 AND 6936507
	-> Filter: (sbtest7.k between 6936407 and 6936507)  (cost=18.1 rows=89)
    -> Covering index range scan on sbtest7 using k_7 over (6936407 <= k <= 6936507)  (cost=18.1 rows=89)


table 8 : explain SELECT k FROM sbtest8 WHERE k BETWEEN 6936407 AND 6936507
	-> Filter: (sbtest8.k between 6936407 and 6936507)  (cost=22.5 rows=111)
    -> Covering index range scan on sbtest8 using k_8 over (6936407 <= k <= 6936507)  (cost=22.5 rows=111)


for range-covered
table 1 : explain SELECT k FROM sbtest1 WHERE k BETWEEN 5917655 AND 5917755
	-> Filter: (sbtest1.k between 5917655 and 5917755)  (cost=19.9 rows=98)
    -> Covering index range scan on sbtest1 using k_1 over (5917655 <= k <= 5917755)  (cost=19.9 rows=98)


table 2 : explain SELECT k FROM sbtest2 WHERE k BETWEEN 5917655 AND 5917755
	-> Filter: (sbtest2.k between 5917655 and 5917755)  (cost=20.7 rows=102)
    -> Covering index range scan on sbtest2 using k_2 over (5917655 <= k <= 5917755)  (cost=20.7 rows=102)


table 3 : explain SELECT k FROM sbtest3 WHERE k BETWEEN 5917655 AND 5917755
	-> Filter: (sbtest3.k between 5917655 and 5917755)  (cost=21.9 rows=108)
    -> Covering index range scan on sbtest3 using k_3 over (5917655 <= k <= 5917755)  (cost=21.9 rows=108)


table 4 : explain SELECT k FROM sbtest4 WHERE k BETWEEN 5917655 AND 5917755
	-> Filter: (sbtest4.k between 5917655 and 5917755)  (cost=20.3 rows=100)
    -> Covering index range scan on sbtest4 using k_4 over (5917655 <= k <= 5917755)  (cost=20.3 rows=100)


table 5 : explain SELECT k FROM sbtest5 WHERE k BETWEEN 5917655 AND 5917755
	-> Filter: (sbtest5.k between 5917655 and 5917755)  (cost=22.9 rows=113)
    -> Covering index range scan on sbtest5 using k_5 over (5917655 <= k <= 5917755)  (cost=22.9 rows=113)


table 6 : explain SELECT k FROM sbtest6 WHERE k BETWEEN 5917655 AND 5917755
	-> Filter: (sbtest6.k between 5917655 and 5917755)  (cost=18.9 rows=93)
    -> Covering index range scan on sbtest6 using k_6 over (5917655 <= k <= 5917755)  (cost=18.9 rows=93)


table 7 : explain SELECT k FROM sbtest7 WHERE k BETWEEN 5917655 AND 5917755
	-> Filter: (sbtest7.k between 5917655 and 5917755)  (cost=21.3 rows=105)
    -> Covering index range scan on sbtest7 using k_7 over (5917655 <= k <= 5917755)  (cost=21.3 rows=105)


table 8 : explain SELECT k FROM sbtest8 WHERE k BETWEEN 5917655 AND 5917755
	-> Filter: (sbtest8.k between 5917655 and 5917755)  (cost=22.3 rows=110)
    -> Covering index range scan on sbtest8 using k_8 over (5917655 <= k <= 5917755)  (cost=22.3 rows=110)


explain: for range-covered :: explain SELECT k FROM sbtest%d WHERE k BETWEEN 4028958 AND 4029058
for range-covered
table 1 : explain SELECT k FROM sbtest1 WHERE k BETWEEN 4433145 AND 4433245
	-> Filter: (sbtest1.k between 4433145 and 4433245)  (cost=22.1 rows=109)
    -> Covering index range scan on sbtest1 using k_1 over (4433145 <= k <= 4433245)  (cost=22.1 rows=109)


table 2 : explain SELECT k FROM sbtest2 WHERE k BETWEEN 4433145 AND 4433245
	-> Filter: (sbtest2.k between 4433145 and 4433245)  (cost=21.1 rows=104)
    -> Covering index range scan on sbtest2 using k_2 over (4433145 <= k <= 4433245)  (cost=21.1 rows=104)


table 3 : explain SELECT k FROM sbtest3 WHERE k BETWEEN 4433145 AND 4433245
	-> Filter: (sbtest3.k between 4433145 and 4433245)  (cost=19.9 rows=98)
    -> Covering index range scan on sbtest3 using k_3 over (4433145 <= k <= 4433245)  (cost=19.9 rows=98)


table 4 : explain SELECT k FROM sbtest4 WHERE k BETWEEN 4433145 AND 4433245
	-> Filter: (sbtest4.k between 4433145 and 4433245)  (cost=24.9 rows=123)
    -> Covering index range scan on sbtest4 using k_4 over (4433145 <= k <= 4433245)  (cost=24.9 rows=123)


table 5 : explain SELECT k FROM sbtest5 WHERE k BETWEEN 4433145 AND 4433245
	-> Filter: (sbtest5.k between 4433145 and 4433245)  (cost=20.9 rows=103)
    -> Covering index range scan on sbtest5 using k_5 over (4433145 <= k <= 4433245)  (cost=20.9 rows=103)


table 6 : explain SELECT k FROM sbtest6 WHERE k BETWEEN 4433145 AND 4433245
	-> Filter: (sbtest6.k between 4433145 and 4433245)  (cost=20.7 rows=102)
    -> Covering index range scan on sbtest6 using k_6 over (4433145 <= k <= 4433245)  (cost=20.7 rows=102)


table 7 : explain SELECT k FROM sbtest7 WHERE k BETWEEN 4433145 AND 4433245
	-> Filter: (sbtest7.k between 4433145 and 4433245)  (cost=14.9 rows=73)
    -> Covering index range scan on sbtest7 using k_7 over (4433145 <= k <= 4433245)  (cost=14.9 rows=73)


table 8 : explain SELECT k FROM sbtest8 WHERE k BETWEEN 4433145 AND 4433245
	-> Filter: (sbtest8.k between 4433145 and 4433245)  (cost=22.7 rows=112)
    -> Covering index range scan on sbtest8 using k_8 over (4433145 <= k <= 4433245)  (cost=22.7 rows=112)


for range-covered
table 1 : explain SELECT k FROM sbtest1 WHERE k BETWEEN 6795179 AND 6795279
	-> Filter: (sbtest1.k between 6795179 and 6795279)  (cost=21.3 rows=105)
    -> Covering index range scan on sbtest1 using k_1 over (6795179 <= k <= 6795279)  (cost=21.3 rows=105)


table 2 : explain SELECT k FROM sbtest2 WHERE k BETWEEN 6795179 AND 6795279
	-> Filter: (sbtest2.k between 6795179 and 6795279)  (cost=21.1 rows=104)
    -> Covering index range scan on sbtest2 using k_2 over (6795179 <= k <= 6795279)  (cost=21.1 rows=104)


table 3 : explain SELECT k FROM sbtest3 WHERE k BETWEEN 6795179 AND 6795279
	-> Filter: (sbtest3.k between 6795179 and 6795279)  (cost=21.9 rows=108)
    -> Covering index range scan on sbtest3 using k_3 over (6795179 <= k <= 6795279)  (cost=21.9 rows=108)


table 4 : explain SELECT k FROM sbtest4 WHERE k BETWEEN 6795179 AND 6795279
	-> Filter: (sbtest4.k between 6795179 and 6795279)  (cost=20.1 rows=99)
    -> Covering index range scan on sbtest4 using k_4 over (6795179 <= k <= 6795279)  (cost=20.1 rows=99)


table 5 : explain SELECT k FROM sbtest5 WHERE k BETWEEN 6795179 AND 6795279
	-> Filter: (sbtest5.k between 6795179 and 6795279)  (cost=20.3 rows=100)
    -> Covering index range scan on sbtest5 using k_5 over (6795179 <= k <= 6795279)  (cost=20.3 rows=100)


table 6 : explain SELECT k FROM sbtest6 WHERE k BETWEEN 6795179 AND 6795279
	-> Filter: (sbtest6.k between 6795179 and 6795279)  (cost=21.7 rows=107)
    -> Covering index range scan on sbtest6 using k_6 over (6795179 <= k <= 6795279)  (cost=21.7 rows=107)


table 7 : explain SELECT k FROM sbtest7 WHERE k BETWEEN 6795179 AND 6795279
	-> Filter: (sbtest7.k between 6795179 and 6795279)  (cost=20.5 rows=101)
    -> Covering index range scan on sbtest7 using k_7 over (6795179 <= k <= 6795279)  (cost=20.5 rows=101)


table 8 : explain SELECT k FROM sbtest8 WHERE k BETWEEN 6795179 AND 6795279
	-> Filter: (sbtest8.k between 6795179 and 6795279)  (cost=19.3 rows=95)
    -> Covering index range scan on sbtest8 using k_8 over (6795179 <= k <= 6795279)  (cost=19.3 rows=95)


explain: for range-covered :: explain SELECT k FROM sbtest%d WHERE k BETWEEN 3531035 AND 3531135
explain: for range-covered :: explain SELECT k FROM sbtest%d WHERE k BETWEEN 5917655 AND 5917755
explain: for range-covered :: explain SELECT k FROM sbtest%d WHERE k BETWEEN 2207025 AND 2207125
for range-covered
table 1 : explain SELECT k FROM sbtest1 WHERE k BETWEEN 1786794 AND 1786894
	-> Filter: (sbtest1.k between 1786794 and 1786894)  (cost=20.5 rows=101)
    -> Covering index range scan on sbtest1 using k_1 over (1786794 <= k <= 1786894)  (cost=20.5 rows=101)


table 2 : explain SELECT k FROM sbtest2 WHERE k BETWEEN 1786794 AND 1786894
	-> Filter: (sbtest2.k between 1786794 and 1786894)  (cost=24.3 rows=120)
    -> Covering index range scan on sbtest2 using k_2 over (1786794 <= k <= 1786894)  (cost=24.3 rows=120)


table 3 : explain SELECT k FROM sbtest3 WHERE k BETWEEN 1786794 AND 1786894
	-> Filter: (sbtest3.k between 1786794 and 1786894)  (cost=19.5 rows=96)
    -> Covering index range scan on sbtest3 using k_3 over (1786794 <= k <= 1786894)  (cost=19.5 rows=96)


table 4 : explain SELECT k FROM sbtest4 WHERE k BETWEEN 1786794 AND 1786894
	-> Filter: (sbtest4.k between 1786794 and 1786894)  (cost=20.3 rows=100)
    -> Covering index range scan on sbtest4 using k_4 over (1786794 <= k <= 1786894)  (cost=20.3 rows=100)


table 5 : explain SELECT k FROM sbtest5 WHERE k BETWEEN 1786794 AND 1786894
	-> Filter: (sbtest5.k between 1786794 and 1786894)  (cost=20.1 rows=99)
    -> Covering index range scan on sbtest5 using k_5 over (1786794 <= k <= 1786894)  (cost=20.1 rows=99)


table 6 : explain SELECT k FROM sbtest6 WHERE k BETWEEN 1786794 AND 1786894
	-> Filter: (sbtest6.k between 1786794 and 1786894)  (cost=18.1 rows=89)
    -> Covering index range scan on sbtest6 using k_6 over (1786794 <= k <= 1786894)  (cost=18.1 rows=89)


table 7 : explain SELECT k FROM sbtest7 WHERE k BETWEEN 1786794 AND 1786894
	-> Filter: (sbtest7.k between 1786794 and 1786894)  (cost=21.1 rows=104)
    -> Covering index range scan on sbtest7 using k_7 over (1786794 <= k <= 1786894)  (cost=21.1 rows=104)


table 8 : explain SELECT k FROM sbtest8 WHERE k BETWEEN 1786794 AND 1786894
	-> Filter: (sbtest8.k between 1786794 and 1786894)  (cost=20.7 rows=102)
    -> Covering index range scan on sbtest8 using k_8 over (1786794 <= k <= 1786894)  (cost=20.7 rows=102)


explain: for range-covered :: explain SELECT k FROM sbtest%d WHERE k BETWEEN 6936407 AND 6936507
explain: for range-covered :: explain SELECT k FROM sbtest%d WHERE k BETWEEN 4433145 AND 4433245
explain: for range-covered :: explain SELECT k FROM sbtest%d WHERE k BETWEEN 6795179 AND 6795279
for range-covered
table 1 : explain SELECT k FROM sbtest1 WHERE k BETWEEN 2906057 AND 2906157
	-> Filter: (sbtest1.k between 2906057 and 2906157)  (cost=24.1 rows=119)
    -> Covering index range scan on sbtest1 using k_1 over (2906057 <= k <= 2906157)  (cost=24.1 rows=119)


table 2 : explain SELECT k FROM sbtest2 WHERE k BETWEEN 2906057 AND 2906157
	-> Filter: (sbtest2.k between 2906057 and 2906157)  (cost=17.3 rows=85)
    -> Covering index range scan on sbtest2 using k_2 over (2906057 <= k <= 2906157)  (cost=17.3 rows=85)


table 3 : explain SELECT k FROM sbtest3 WHERE k BETWEEN 2906057 AND 2906157
	-> Filter: (sbtest3.k between 2906057 and 2906157)  (cost=17.7 rows=87)
    -> Covering index range scan on sbtest3 using k_3 over (2906057 <= k <= 2906157)  (cost=17.7 rows=87)


table 4 : explain SELECT k FROM sbtest4 WHERE k BETWEEN 2906057 AND 2906157
	-> Filter: (sbtest4.k between 2906057 and 2906157)  (cost=18.3 rows=90)
    -> Covering index range scan on sbtest4 using k_4 over (2906057 <= k <= 2906157)  (cost=18.3 rows=90)


table 5 : explain SELECT k FROM sbtest5 WHERE k BETWEEN 2906057 AND 2906157
	-> Filter: (sbtest5.k between 2906057 and 2906157)  (cost=22.9 rows=113)
    -> Covering index range scan on sbtest5 using k_5 over (2906057 <= k <= 2906157)  (cost=22.9 rows=113)


table 6 : explain SELECT k FROM sbtest6 WHERE k BETWEEN 2906057 AND 2906157
	-> Filter: (sbtest6.k between 2906057 and 2906157)  (cost=16.3 rows=80)
    -> Covering index range scan on sbtest6 using k_6 over (2906057 <= k <= 2906157)  (cost=16.3 rows=80)


table 7 : explain SELECT k FROM sbtest7 WHERE k BETWEEN 2906057 AND 2906157
	-> Filter: (sbtest7.k between 2906057 and 2906157)  (cost=19.7 rows=97)
    -> Covering index range scan on sbtest7 using k_7 over (2906057 <= k <= 2906157)  (cost=19.7 rows=97)


table 8 : explain SELECT k FROM sbtest8 WHERE k BETWEEN 2906057 AND 2906157
	-> Filter: (sbtest8.k between 2906057 and 2906157)  (cost=18.9 rows=93)
    -> Covering index range scan on sbtest8 using k_8 over (2906057 <= k <= 2906157)  (cost=18.9 rows=93)


for range-covered
table 1 : explain SELECT k FROM sbtest1 WHERE k BETWEEN 5533698 AND 5533798
	-> Filter: (sbtest1.k between 5533698 and 5533798)  (cost=18.5 rows=91)
    -> Covering index range scan on sbtest1 using k_1 over (5533698 <= k <= 5533798)  (cost=18.5 rows=91)


table 2 : explain SELECT k FROM sbtest2 WHERE k BETWEEN 5533698 AND 5533798
	-> Filter: (sbtest2.k between 5533698 and 5533798)  (cost=22.3 rows=110)
    -> Covering index range scan on sbtest2 using k_2 over (5533698 <= k <= 5533798)  (cost=22.3 rows=110)


table 3 : explain SELECT k FROM sbtest3 WHERE k BETWEEN 5533698 AND 5533798
	-> Filter: (sbtest3.k between 5533698 and 5533798)  (cost=22.5 rows=111)
    -> Covering index range scan on sbtest3 using k_3 over (5533698 <= k <= 5533798)  (cost=22.5 rows=111)


table 4 : explain SELECT k FROM sbtest4 WHERE k BETWEEN 5533698 AND 5533798
	-> Filter: (sbtest4.k between 5533698 and 5533798)  (cost=20.9 rows=103)
    -> Covering index range scan on sbtest4 using k_4 over (5533698 <= k <= 5533798)  (cost=20.9 rows=103)


table 5 : explain SELECT k FROM sbtest5 WHERE k BETWEEN 5533698 AND 5533798
	-> Filter: (sbtest5.k between 5533698 and 5533798)  (cost=22.5 rows=111)
    -> Covering index range scan on sbtest5 using k_5 over (5533698 <= k <= 5533798)  (cost=22.5 rows=111)


table 6 : explain SELECT k FROM sbtest6 WHERE k BETWEEN 5533698 AND 5533798
	-> Filter: (sbtest6.k between 5533698 and 5533798)  (cost=20.7 rows=102)
    -> Covering index range scan on sbtest6 using k_6 over (5533698 <= k <= 5533798)  (cost=20.7 rows=102)


table 7 : explain SELECT k FROM sbtest7 WHERE k BETWEEN 5533698 AND 5533798
	-> Filter: (sbtest7.k between 5533698 and 5533798)  (cost=20.9 rows=103)
    -> Covering index range scan on sbtest7 using k_7 over (5533698 <= k <= 5533798)  (cost=20.9 rows=103)


table 8 : explain SELECT k FROM sbtest8 WHERE k BETWEEN 5533698 AND 5533798
	-> Filter: (sbtest8.k between 5533698 and 5533798)  (cost=24.7 rows=122)
    -> Covering index range scan on sbtest8 using k_8 over (5533698 <= k <= 5533798)  (cost=24.7 rows=122)


for range-covered
table 1 : explain SELECT k FROM sbtest1 WHERE k BETWEEN 4097165 AND 4097265
	-> Filter: (sbtest1.k between 4097165 and 4097265)  (cost=20.7 rows=102)
    -> Covering index range scan on sbtest1 using k_1 over (4097165 <= k <= 4097265)  (cost=20.7 rows=102)


table 2 : explain SELECT k FROM sbtest2 WHERE k BETWEEN 4097165 AND 4097265
	-> Filter: (sbtest2.k between 4097165 and 4097265)  (cost=22.1 rows=109)
    -> Covering index range scan on sbtest2 using k_2 over (4097165 <= k <= 4097265)  (cost=22.1 rows=109)


table 3 : explain SELECT k FROM sbtest3 WHERE k BETWEEN 4097165 AND 4097265
	-> Filter: (sbtest3.k between 4097165 and 4097265)  (cost=20.9 rows=103)
    -> Covering index range scan on sbtest3 using k_3 over (4097165 <= k <= 4097265)  (cost=20.9 rows=103)


table 4 : explain SELECT k FROM sbtest4 WHERE k BETWEEN 4097165 AND 4097265
	-> Filter: (sbtest4.k between 4097165 and 4097265)  (cost=18.7 rows=92)
    -> Covering index range scan on sbtest4 using k_4 over (4097165 <= k <= 4097265)  (cost=18.7 rows=92)


table 5 : explain SELECT k FROM sbtest5 WHERE k BETWEEN 4097165 AND 4097265
	-> Filter: (sbtest5.k between 4097165 and 4097265)  (cost=21.1 rows=104)
    -> Covering index range scan on sbtest5 using k_5 over (4097165 <= k <= 4097265)  (cost=21.1 rows=104)


table 6 : explain SELECT k FROM sbtest6 WHERE k BETWEEN 4097165 AND 4097265
	-> Filter: (sbtest6.k between 4097165 and 4097265)  (cost=21.1 rows=104)
    -> Covering index range scan on sbtest6 using k_6 over (4097165 <= k <= 4097265)  (cost=21.1 rows=104)


table 7 : explain SELECT k FROM sbtest7 WHERE k BETWEEN 4097165 AND 4097265
	-> Filter: (sbtest7.k between 4097165 and 4097265)  (cost=22.7 rows=112)
    -> Covering index range scan on sbtest7 using k_7 over (4097165 <= k <= 4097265)  (cost=22.7 rows=112)


table 8 : explain SELECT k FROM sbtest8 WHERE k BETWEEN 4097165 AND 4097265
	-> Filter: (sbtest8.k between 4097165 and 4097265)  (cost=23.5 rows=116)
    -> Covering index range scan on sbtest8 using k_8 over (4097165 <= k <= 4097265)  (cost=23.5 rows=116)


for range-covered
table 1 : explain SELECT k FROM sbtest1 WHERE k BETWEEN 5072241 AND 5072341
	-> Filter: (sbtest1.k between 5072241 and 5072341)  (cost=26.9 rows=133)
    -> Covering index range scan on sbtest1 using k_1 over (5072241 <= k <= 5072341)  (cost=26.9 rows=133)


table 2 : explain SELECT k FROM sbtest2 WHERE k BETWEEN 5072241 AND 5072341
	-> Filter: (sbtest2.k between 5072241 and 5072341)  (cost=20.5 rows=101)
    -> Covering index range scan on sbtest2 using k_2 over (5072241 <= k <= 5072341)  (cost=20.5 rows=101)


table 3 : explain SELECT k FROM sbtest3 WHERE k BETWEEN 5072241 AND 5072341
	-> Filter: (sbtest3.k between 5072241 and 5072341)  (cost=17.1 rows=84)
    -> Covering index range scan on sbtest3 using k_3 over (5072241 <= k <= 5072341)  (cost=17.1 rows=84)


table 4 : explain SELECT k FROM sbtest4 WHERE k BETWEEN 5072241 AND 5072341
	-> Filter: (sbtest4.k between 5072241 and 5072341)  (cost=19.5 rows=96)
    -> Covering index range scan on sbtest4 using k_4 over (5072241 <= k <= 5072341)  (cost=19.5 rows=96)


table 5 : explain SELECT k FROM sbtest5 WHERE k BETWEEN 5072241 AND 5072341
	-> Filter: (sbtest5.k between 5072241 and 5072341)  (cost=20.9 rows=103)
    -> Covering index range scan on sbtest5 using k_5 over (5072241 <= k <= 5072341)  (cost=20.9 rows=103)


table 6 : explain SELECT k FROM sbtest6 WHERE k BETWEEN 5072241 AND 5072341
	-> Filter: (sbtest6.k between 5072241 and 5072341)  (cost=18.5 rows=91)
    -> Covering index range scan on sbtest6 using k_6 over (5072241 <= k <= 5072341)  (cost=18.5 rows=91)


table 7 : explain SELECT k FROM sbtest7 WHERE k BETWEEN 5072241 AND 5072341
	-> Filter: (sbtest7.k between 5072241 and 5072341)  (cost=19.3 rows=95)
    -> Covering index range scan on sbtest7 using k_7 over (5072241 <= k <= 5072341)  (cost=19.3 rows=95)


table 8 : explain SELECT k FROM sbtest8 WHERE k BETWEEN 5072241 AND 5072341
	-> Filter: (sbtest8.k between 5072241 and 5072341)  (cost=20.3 rows=100)
    -> Covering index range scan on sbtest8 using k_8 over (5072241 <= k <= 5072341)  (cost=20.3 rows=100)


for range-covered
table 1 : explain SELECT k FROM sbtest1 WHERE k BETWEEN 4185972 AND 4186072
	-> Filter: (sbtest1.k between 4185972 and 4186072)  (cost=19.3 rows=95)
    -> Covering index range scan on sbtest1 using k_1 over (4185972 <= k <= 4186072)  (cost=19.3 rows=95)


table 2 : explain SELECT k FROM sbtest2 WHERE k BETWEEN 4185972 AND 4186072
	-> Filter: (sbtest2.k between 4185972 and 4186072)  (cost=23.3 rows=115)
    -> Covering index range scan on sbtest2 using k_2 over (4185972 <= k <= 4186072)  (cost=23.3 rows=115)


table 3 : explain SELECT k FROM sbtest3 WHERE k BETWEEN 4185972 AND 4186072
	-> Filter: (sbtest3.k between 4185972 and 4186072)  (cost=22.1 rows=109)
    -> Covering index range scan on sbtest3 using k_3 over (4185972 <= k <= 4186072)  (cost=22.1 rows=109)


table 4 : explain SELECT k FROM sbtest4 WHERE k BETWEEN 4185972 AND 4186072
	-> Filter: (sbtest4.k between 4185972 and 4186072)  (cost=22.3 rows=110)
    -> Covering index range scan on sbtest4 using k_4 over (4185972 <= k <= 4186072)  (cost=22.3 rows=110)


table 5 : explain SELECT k FROM sbtest5 WHERE k BETWEEN 4185972 AND 4186072
	-> Filter: (sbtest5.k between 4185972 and 4186072)  (cost=22.7 rows=112)
    -> Covering index range scan on sbtest5 using k_5 over (4185972 <= k <= 4186072)  (cost=22.7 rows=112)


table 6 : explain SELECT k FROM sbtest6 WHERE k BETWEEN 4185972 AND 4186072
	-> Filter: (sbtest6.k between 4185972 and 4186072)  (cost=19.1 rows=94)
    -> Covering index range scan on sbtest6 using k_6 over (4185972 <= k <= 4186072)  (cost=19.1 rows=94)


table 7 : explain SELECT k FROM sbtest7 WHERE k BETWEEN 4185972 AND 4186072
	-> Filter: (sbtest7.k between 4185972 and 4186072)  (cost=21.9 rows=108)
    -> Covering index range scan on sbtest7 using k_7 over (4185972 <= k <= 4186072)  (cost=21.9 rows=108)


table 8 : explain SELECT k FROM sbtest8 WHERE k BETWEEN 4185972 AND 4186072
	-> Filter: (sbtest8.k between 4185972 and 4186072)  (cost=15.9 rows=78)
    -> Covering index range scan on sbtest8 using k_8 over (4185972 <= k <= 4186072)  (cost=15.9 rows=78)


explain: for range-covered :: explain SELECT k FROM sbtest%d WHERE k BETWEEN 1786794 AND 1786894explain: for range-covered :: explain SELECT k FROM sbtest%d WHERE k BETWEEN 5533698 AND 5533798

explain: for range-covered :: explain SELECT k FROM sbtest%d WHERE k BETWEEN 4097165 AND 4097265
for range-covered
table 1 : explain SELECT k FROM sbtest1 WHERE k BETWEEN 9320933 AND 9321033
	-> Filter: (sbtest1.k between 9320933 and 9321033)  (cost=22.7 rows=112)
    -> Covering index range scan on sbtest1 using k_1 over (9320933 <= k <= 9321033)  (cost=22.7 rows=112)


table 2 : explain SELECT k FROM sbtest2 WHERE k BETWEEN 9320933 AND 9321033
	-> Filter: (sbtest2.k between 9320933 and 9321033)  (cost=20.3 rows=100)
    -> Covering index range scan on sbtest2 using k_2 over (9320933 <= k <= 9321033)  (cost=20.3 rows=100)


table 3 : explain SELECT k FROM sbtest3 WHERE k BETWEEN 9320933 AND 9321033
	-> Filter: (sbtest3.k between 9320933 and 9321033)  (cost=17.3 rows=85)
    -> Covering index range scan on sbtest3 using k_3 over (9320933 <= k <= 9321033)  (cost=17.3 rows=85)


table 4 : explain SELECT k FROM sbtest4 WHERE k BETWEEN 9320933 AND 9321033
	-> Filter: (sbtest4.k between 9320933 and 9321033)  (cost=16.9 rows=83)
    -> Covering index range scan on sbtest4 using k_4 over (9320933 <= k <= 9321033)  (cost=16.9 rows=83)


table 5 : explain SELECT k FROM sbtest5 WHERE k BETWEEN 9320933 AND 9321033
	-> Filter: (sbtest5.k between 9320933 and 9321033)  (cost=18.3 rows=90)
    -> Covering index range scan on sbtest5 using k_5 over (9320933 <= k <= 9321033)  (cost=18.3 rows=90)


table 6 : explain SELECT k FROM sbtest6 WHERE k BETWEEN 9320933 AND 9321033
	-> Filter: (sbtest6.k between 9320933 and 9321033)  (cost=18.5 rows=91)
    -> Covering index range scan on sbtest6 using k_6 over (9320933 <= k <= 9321033)  (cost=18.5 rows=91)


table 7 : explain SELECT k FROM sbtest7 WHERE k BETWEEN 9320933 AND 9321033
	-> Filter: (sbtest7.k between 9320933 and 9321033)  (cost=19.7 rows=97)
    -> Covering index range scan on sbtest7 using k_7 over (9320933 <= k <= 9321033)  (cost=19.7 rows=97)


table 8 : explain SELECT k FROM sbtest8 WHERE k BETWEEN 9320933 AND 9321033
	-> Filter: (sbtest8.k between 9320933 and 9321033)  (cost=21.1 rows=104)
    -> Covering index range scan on sbtest8 using k_8 over (9320933 <= k <= 9321033)  (cost=21.1 rows=104)


explain: for range-covered :: explain SELECT k FROM sbtest%d WHERE k BETWEEN 5072241 AND 5072341
explain: for range-covered :: explain SELECT k FROM sbtest%d WHERE k BETWEEN 2906057 AND 2906157explain: for range-covered :: explain SELECT k FROM sbtest%d WHERE k BETWEEN 4185972 AND 4186072for range-covered
table 1 : explain SELECT k FROM sbtest1 WHERE k BETWEEN 4982434 AND 4982534
	-> Filter: (sbtest1.k between 4982434 and 4982534)  (cost=23.3 rows=115)
    -> Covering index range scan on sbtest1 using k_1 over (4982434 <= k <= 4982534)  (cost=23.3 rows=115)


table 2 : explain SELECT k FROM sbtest2 WHERE k BETWEEN 4982434 AND 4982534
	-> Filter: (sbtest2.k between 4982434 and 4982534)  (cost=19.5 rows=96)
    -> Covering index range scan on sbtest2 using k_2 over (4982434 <= k <= 4982534)  (cost=19.5 rows=96)


table 3 : explain SELECT k FROM sbtest3 WHERE k BETWEEN 4982434 AND 4982534
	-> Filter: (sbtest3.k between 4982434 and 4982534)  (cost=21.1 rows=104)
    -> Covering index range scan on sbtest3 using k_3 over (4982434 <= k <= 4982534)  (cost=21.1 rows=104)


table 4 : explain SELECT k FROM sbtest4 WHERE k BETWEEN 4982434 AND 4982534
	-> Filter: (sbtest4.k between 4982434 and 4982534)  (cost=22.3 rows=110)
    -> Covering index range scan on sbtest4 using k_4 over (4982434 <= k <= 4982534)  (cost=22.3 rows=110)


table 5 : explain SELECT k FROM sbtest5 WHERE k BETWEEN 4982434 AND 4982534
	-> Filter: (sbtest5.k between 4982434 and 4982534)  (cost=20.3 rows=100)
    -> Covering index range scan on sbtest5 using k_5 over (4982434 <= k <= 4982534)  (cost=20.3 rows=100)


table 6 : explain SELECT k FROM sbtest6 WHERE k BETWEEN 4982434 AND 4982534
	-> Filter: (sbtest6.k between 4982434 and 4982534)  (cost=20.5 rows=101)
    -> Covering index range scan on sbtest6 using k_6 over (4982434 <= k <= 4982534)  (cost=20.5 rows=101)


table 7 : explain SELECT k FROM sbtest7 WHERE k BETWEEN 4982434 AND 4982534
	-> Filter: (sbtest7.k between 4982434 and 4982534)  (cost=19.5 rows=96)
    -> Covering index range scan on sbtest7 using k_7 over (4982434 <= k <= 4982534)  (cost=19.5 rows=96)


table 8 : explain SELECT k FROM sbtest8 WHERE k BETWEEN 4982434 AND 4982534
	-> Filter: (sbtest8.k between 4982434 and 4982534)  (cost=19.5 rows=96)
    -> Covering index range scan on sbtest8 using k_8 over (4982434 <= k <= 4982534)  (cost=19.5 rows=96)




for range-covered
table 1 : explain SELECT k FROM sbtest1 WHERE k BETWEEN 4565518 AND 4565618
	-> Filter: (sbtest1.k between 4565518 and 4565618)  (cost=19.7 rows=97)
    -> Covering index range scan on sbtest1 using k_1 over (4565518 <= k <= 4565618)  (cost=19.7 rows=97)


table 2 : explain SELECT k FROM sbtest2 WHERE k BETWEEN 4565518 AND 4565618
	-> Filter: (sbtest2.k between 4565518 and 4565618)  (cost=21.3 rows=105)
    -> Covering index range scan on sbtest2 using k_2 over (4565518 <= k <= 4565618)  (cost=21.3 rows=105)


table 3 : explain SELECT k FROM sbtest3 WHERE k BETWEEN 4565518 AND 4565618
	-> Filter: (sbtest3.k between 4565518 and 4565618)  (cost=22.7 rows=112)
    -> Covering index range scan on sbtest3 using k_3 over (4565518 <= k <= 4565618)  (cost=22.7 rows=112)


table 4 : explain SELECT k FROM sbtest4 WHERE k BETWEEN 4565518 AND 4565618
	-> Filter: (sbtest4.k between 4565518 and 4565618)  (cost=18.9 rows=93)
    -> Covering index range scan on sbtest4 using k_4 over (4565518 <= k <= 4565618)  (cost=18.9 rows=93)


table 5 : explain SELECT k FROM sbtest5 WHERE k BETWEEN 4565518 AND 4565618
	-> Filter: (sbtest5.k between 4565518 and 4565618)  (cost=23.5 rows=116)
    -> Covering index range scan on sbtest5 using k_5 over (4565518 <= k <= 4565618)  (cost=23.5 rows=116)


table 6 : explain SELECT k FROM sbtest6 WHERE k BETWEEN 4565518 AND 4565618
	-> Filter: (sbtest6.k between 4565518 and 4565618)  (cost=18.1 rows=89)
    -> Covering index range scan on sbtest6 using k_6 over (4565518 <= k <= 4565618)  (cost=18.1 rows=89)


table 7 : explain SELECT k FROM sbtest7 WHERE k BETWEEN 4565518 AND 4565618
	-> Filter: (sbtest7.k between 4565518 and 4565618)  (cost=21.9 rows=108)
    -> Covering index range scan on sbtest7 using k_7 over (4565518 <= k <= 4565618)  (cost=21.9 rows=108)


table 8 : explain SELECT k FROM sbtest8 WHERE k BETWEEN 4565518 AND 4565618
	-> Filter: (sbtest8.k between 4565518 and 4565618)  (cost=21.7 rows=107)
    -> Covering index range scan on sbtest8 using k_8 over (4565518 <= k <= 4565618)  (cost=21.7 rows=107)


explain: for range-covered :: explain SELECT k FROM sbtest%d WHERE k BETWEEN 9320933 AND 9321033
for range-covered
table 1 : explain SELECT k FROM sbtest1 WHERE k BETWEEN 4765656 AND 4765756
	-> Filter: (sbtest1.k between 4765656 and 4765756)  (cost=19.3 rows=95)
    -> Covering index range scan on sbtest1 using k_1 over (4765656 <= k <= 4765756)  (cost=19.3 rows=95)


table 2 : explain SELECT k FROM sbtest2 WHERE k BETWEEN 4765656 AND 4765756
	-> Filter: (sbtest2.k between 4765656 and 4765756)  (cost=21.7 rows=107)
    -> Covering index range scan on sbtest2 using k_2 over (4765656 <= k <= 4765756)  (cost=21.7 rows=107)


table 3 : explain SELECT k FROM sbtest3 WHERE k BETWEEN 4765656 AND 4765756
	-> Filter: (sbtest3.k between 4765656 and 4765756)  (cost=20.7 rows=102)
    -> Covering index range scan on sbtest3 using k_3 over (4765656 <= k <= 4765756)  (cost=20.7 rows=102)


table 4 : explain SELECT k FROM sbtest4 WHERE k BETWEEN 4765656 AND 4765756
	-> Filter: (sbtest4.k between 4765656 and 4765756)  (cost=20.1 rows=99)
    -> Covering index range scan on sbtest4 using k_4 over (4765656 <= k <= 4765756)  (cost=20.1 rows=99)


table 5 : explain SELECT k FROM sbtest5 WHERE k BETWEEN 4765656 AND 4765756
	-> Filter: (sbtest5.k between 4765656 and 4765756)  (cost=24.7 rows=122)
    -> Covering index range scan on sbtest5 using k_5 over (4765656 <= k <= 4765756)  (cost=24.7 rows=122)


table 6 : explain SELECT k FROM sbtest6 WHERE k BETWEEN 4765656 AND 4765756
	-> Filter: (sbtest6.k between 4765656 and 4765756)  (cost=22.9 rows=113)
    -> Covering index range scan on sbtest6 using k_6 over (4765656 <= k <= 4765756)  (cost=22.9 rows=113)


table 7 : explain SELECT k FROM sbtest7 WHERE k BETWEEN 4765656 AND 4765756
	-> Filter: (sbtest7.k between 4765656 and 4765756)  (cost=24.5 rows=121)
    -> Covering index range scan on sbtest7 using k_7 over (4765656 <= k <= 4765756)  (cost=24.5 rows=121)


table 8 : explain SELECT k FROM sbtest8 WHERE k BETWEEN 4765656 AND 4765756
	-> Filter: (sbtest8.k between 4765656 and 4765756)  (cost=22.9 rows=113)
    -> Covering index range scan on sbtest8 using k_8 over (4765656 <= k <= 4765756)  (cost=22.9 rows=113)


for range-covered
table 1 : explain SELECT k FROM sbtest1 WHERE k BETWEEN 4835917 AND 4836017
	-> Filter: (sbtest1.k between 4835917 and 4836017)  (cost=23.1 rows=114)
    -> Covering index range scan on sbtest1 using k_1 over (4835917 <= k <= 4836017)  (cost=23.1 rows=114)


table 2 : explain SELECT k FROM sbtest2 WHERE k BETWEEN 4835917 AND 4836017
	-> Filter: (sbtest2.k between 4835917 and 4836017)  (cost=20.3 rows=100)
    -> Covering index range scan on sbtest2 using k_2 over (4835917 <= k <= 4836017)  (cost=20.3 rows=100)


table 3 : explain SELECT k FROM sbtest3 WHERE k BETWEEN 4835917 AND 4836017
	-> Filter: (sbtest3.k between 4835917 and 4836017)  (cost=20.3 rows=100)
    -> Covering index range scan on sbtest3 using k_3 over (4835917 <= k <= 4836017)  (cost=20.3 rows=100)


table 4 : explain SELECT k FROM sbtest4 WHERE k BETWEEN 4835917 AND 4836017
	-> Filter: (sbtest4.k between 4835917 and 4836017)  (cost=20.9 rows=103)
    -> Covering index range scan on sbtest4 using k_4 over (4835917 <= k <= 4836017)  (cost=20.9 rows=103)


table 5 : explain SELECT k FROM sbtest5 WHERE k BETWEEN 4835917 AND 4836017
	-> Filter: (sbtest5.k between 4835917 and 4836017)  (cost=20.7 rows=102)
    -> Covering index range scan on sbtest5 using k_5 over (4835917 <= k <= 4836017)  (cost=20.7 rows=102)


table 6 : explain SELECT k FROM sbtest6 WHERE k BETWEEN 4835917 AND 4836017
	-> Filter: (sbtest6.k between 4835917 and 4836017)  (cost=21.7 rows=107)
    -> Covering index range scan on sbtest6 using k_6 over (4835917 <= k <= 4836017)  (cost=21.7 rows=107)


table 7 : explain SELECT k FROM sbtest7 WHERE k BETWEEN 4835917 AND 4836017
	-> Filter: (sbtest7.k between 4835917 and 4836017)  (cost=21.5 rows=106)
    -> Covering index range scan on sbtest7 using k_7 over (4835917 <= k <= 4836017)  (cost=21.5 rows=106)


table 8 : explain SELECT k FROM sbtest8 WHERE k BETWEEN 4835917 AND 4836017
	-> Filter: (sbtest8.k between 4835917 and 4836017)  (cost=21.9 rows=108)
    -> Covering index range scan on sbtest8 using k_8 over (4835917 <= k <= 4836017)  (cost=21.9 rows=108)


for range-covered
table 1 : explain SELECT k FROM sbtest1 WHERE k BETWEEN 2903813 AND 2903913
	-> Filter: (sbtest1.k between 2903813 and 2903913)  (cost=20.9 rows=103)
    -> Covering index range scan on sbtest1 using k_1 over (2903813 <= k <= 2903913)  (cost=20.9 rows=103)


table 2 : explain SELECT k FROM sbtest2 WHERE k BETWEEN 2903813 AND 2903913
	-> Filter: (sbtest2.k between 2903813 and 2903913)  (cost=21.9 rows=108)
    -> Covering index range scan on sbtest2 using k_2 over (2903813 <= k <= 2903913)  (cost=21.9 rows=108)


table 3 : explain SELECT k FROM sbtest3 WHERE k BETWEEN 2903813 AND 2903913
	-> Filter: (sbtest3.k between 2903813 and 2903913)  (cost=17.1 rows=84)
    -> Covering index range scan on sbtest3 using k_3 over (2903813 <= k <= 2903913)  (cost=17.1 rows=84)


table 4 : explain SELECT k FROM sbtest4 WHERE k BETWEEN 2903813 AND 2903913
	-> Filter: (sbtest4.k between 2903813 and 2903913)  (cost=19.7 rows=97)
    -> Covering index range scan on sbtest4 using k_4 over (2903813 <= k <= 2903913)  (cost=19.7 rows=97)


table 5 : explain SELECT k FROM sbtest5 WHERE k BETWEEN 2903813 AND 2903913
	-> Filter: (sbtest5.k between 2903813 and 2903913)  (cost=18.7 rows=92)
    -> Covering index range scan on sbtest5 using k_5 over (2903813 <= k <= 2903913)  (cost=18.7 rows=92)


table 6 : explain SELECT k FROM sbtest6 WHERE k BETWEEN 2903813 AND 2903913
	-> Filter: (sbtest6.k between 2903813 and 2903913)  (cost=20.3 rows=100)
    -> Covering index range scan on sbtest6 using k_6 over (2903813 <= k <= 2903913)  (cost=20.3 rows=100)


table 7 : explain SELECT k FROM sbtest7 WHERE k BETWEEN 2903813 AND 2903913
	-> Filter: (sbtest7.k between 2903813 and 2903913)  (cost=18.5 rows=91)
    -> Covering index range scan on sbtest7 using k_7 over (2903813 <= k <= 2903913)  (cost=18.5 rows=91)


table 8 : explain SELECT k FROM sbtest8 WHERE k BETWEEN 2903813 AND 2903913
	-> Filter: (sbtest8.k between 2903813 and 2903913)  (cost=19.9 rows=98)
    -> Covering index range scan on sbtest8 using k_8 over (2903813 <= k <= 2903913)  (cost=19.9 rows=98)


explain: for range-covered :: explain SELECT k FROM sbtest%d WHERE k BETWEEN 4982434 AND 4982534
for range-covered
table 1 : explain SELECT k FROM sbtest1 WHERE k BETWEEN 7334581 AND 7334681
	-> Filter: (sbtest1.k between 7334581 and 7334681)  (cost=16.7 rows=82)
    -> Covering index range scan on sbtest1 using k_1 over (7334581 <= k <= 7334681)  (cost=16.7 rows=82)


table 2 : explain SELECT k FROM sbtest2 WHERE k BETWEEN 7334581 AND 7334681
	-> Filter: (sbtest2.k between 7334581 and 7334681)  (cost=21.1 rows=104)
    -> Covering index range scan on sbtest2 using k_2 over (7334581 <= k <= 7334681)  (cost=21.1 rows=104)


table 3 : explain SELECT k FROM sbtest3 WHERE k BETWEEN 7334581 AND 7334681
	-> Filter: (sbtest3.k between 7334581 and 7334681)  (cost=18.7 rows=92)
    -> Covering index range scan on sbtest3 using k_3 over (7334581 <= k <= 7334681)  (cost=18.7 rows=92)


table 4 : explain SELECT k FROM sbtest4 WHERE k BETWEEN 7334581 AND 7334681
	-> Filter: (sbtest4.k between 7334581 and 7334681)  (cost=20.3 rows=100)
    -> Covering index range scan on sbtest4 using k_4 over (7334581 <= k <= 7334681)  (cost=20.3 rows=100)


table 5 : explain SELECT k FROM sbtest5 WHERE k BETWEEN 7334581 AND 7334681
	-> Filter: (sbtest5.k between 7334581 and 7334681)  (cost=18.5 rows=91)
    -> Covering index range scan on sbtest5 using k_5 over (7334581 <= k <= 7334681)  (cost=18.5 rows=91)


table 6 : explain SELECT k FROM sbtest6 WHERE k BETWEEN 7334581 AND 7334681
	-> Filter: (sbtest6.k between 7334581 and 7334681)  (cost=25.1 rows=124)
    -> Covering index range scan on sbtest6 using k_6 over (7334581 <= k <= 7334681)  (cost=25.1 rows=124)


table 7 : explain SELECT k FROM sbtest7 WHERE k BETWEEN 7334581 AND 7334681
	-> Filter: (sbtest7.k between 7334581 and 7334681)  (cost=20.3 rows=100)
    -> Covering index range scan on sbtest7 using k_7 over (7334581 <= k <= 7334681)  (cost=20.3 rows=100)


table 8 : explain SELECT k FROM sbtest8 WHERE k BETWEEN 7334581 AND 7334681
	-> Filter: (sbtest8.k between 7334581 and 7334681)  (cost=17.1 rows=84)
    -> Covering index range scan on sbtest8 using k_8 over (7334581 <= k <= 7334681)  (cost=17.1 rows=84)


for range-covered
table 1 : explain SELECT k FROM sbtest1 WHERE k BETWEEN 8511897 AND 8511997
	-> Filter: (sbtest1.k between 8511897 and 8511997)  (cost=19.1 rows=94)
    -> Covering index range scan on sbtest1 using k_1 over (8511897 <= k <= 8511997)  (cost=19.1 rows=94)


table 2 : explain SELECT k FROM sbtest2 WHERE k BETWEEN 8511897 AND 8511997
	-> Filter: (sbtest2.k between 8511897 and 8511997)  (cost=19.1 rows=94)
    -> Covering index range scan on sbtest2 using k_2 over (8511897 <= k <= 8511997)  (cost=19.1 rows=94)


table 3 : explain SELECT k FROM sbtest3 WHERE k BETWEEN 8511897 AND 8511997
	-> Filter: (sbtest3.k between 8511897 and 8511997)  (cost=21.7 rows=107)
    -> Covering index range scan on sbtest3 using k_3 over (8511897 <= k <= 8511997)  (cost=21.7 rows=107)


table 4 : explain SELECT k FROM sbtest4 WHERE k BETWEEN 8511897 AND 8511997
	-> Filter: (sbtest4.k between 8511897 and 8511997)  (cost=20.1 rows=99)
    -> Covering index range scan on sbtest4 using k_4 over (8511897 <= k <= 8511997)  (cost=20.1 rows=99)


table 5 : explain SELECT k FROM sbtest5 WHERE k BETWEEN 8511897 AND 8511997
	-> Filter: (sbtest5.k between 8511897 and 8511997)  (cost=20.7 rows=102)
    -> Covering index range scan on sbtest5 using k_5 over (8511897 <= k <= 8511997)  (cost=20.7 rows=102)


table 6 : explain SELECT k FROM sbtest6 WHERE k BETWEEN 8511897 AND 8511997
	-> Filter: (sbtest6.k between 8511897 and 8511997)  (cost=20.9 rows=103)
    -> Covering index range scan on sbtest6 using k_6 over (8511897 <= k <= 8511997)  (cost=20.9 rows=103)


table 7 : explain SELECT k FROM sbtest7 WHERE k BETWEEN 8511897 AND 8511997
	-> Filter: (sbtest7.k between 8511897 and 8511997)  (cost=23.3 rows=115)
    -> Covering index range scan on sbtest7 using k_7 over (8511897 <= k <= 8511997)  (cost=23.3 rows=115)


table 8 : explain SELECT k FROM sbtest8 WHERE k BETWEEN 8511897 AND 8511997
	-> Filter: (sbtest8.k between 8511897 and 8511997)  (cost=18.7 rows=92)
    -> Covering index range scan on sbtest8 using k_8 over (8511897 <= k <= 8511997)  (cost=18.7 rows=92)


explain: for range-covered :: explain SELECT k FROM sbtest%d WHERE k BETWEEN 4835917 AND 4836017
explain: for range-covered :: explain SELECT k FROM sbtest%d WHERE k BETWEEN 4565518 AND 4565618
for range-covered
table 1 : explain SELECT k FROM sbtest1 WHERE k BETWEEN 1823676 AND 1823776
	-> Filter: (sbtest1.k between 1823676 and 1823776)  (cost=23.1 rows=114)
    -> Covering index range scan on sbtest1 using k_1 over (1823676 <= k <= 1823776)  (cost=23.1 rows=114)


table 2 : explain SELECT k FROM sbtest2 WHERE k BETWEEN 1823676 AND 1823776
	-> Filter: (sbtest2.k between 1823676 and 1823776)  (cost=19.5 rows=96)
    -> Covering index range scan on sbtest2 using k_2 over (1823676 <= k <= 1823776)  (cost=19.5 rows=96)


table 3 : explain SELECT k FROM sbtest3 WHERE k BETWEEN 1823676 AND 1823776
	-> Filter: (sbtest3.k between 1823676 and 1823776)  (cost=21.5 rows=106)
    -> Covering index range scan on sbtest3 using k_3 over (1823676 <= k <= 1823776)  (cost=21.5 rows=106)


table 4 : explain SELECT k FROM sbtest4 WHERE k BETWEEN 1823676 AND 1823776
	-> Filter: (sbtest4.k between 1823676 and 1823776)  (cost=23.9 rows=118)
    -> Covering index range scan on sbtest4 using k_4 over (1823676 <= k <= 1823776)  (cost=23.9 rows=118)


table 5 : explain SELECT k FROM sbtest5 WHERE k BETWEEN 1823676 AND 1823776
	-> Filter: (sbtest5.k between 1823676 and 1823776)  (cost=19.7 rows=97)
    -> Covering index range scan on sbtest5 using k_5 over (1823676 <= k <= 1823776)  (cost=19.7 rows=97)


table 6 : explain SELECT k FROM sbtest6 WHERE k BETWEEN 1823676 AND 1823776
	-> Filter: (sbtest6.k between 1823676 and 1823776)  (cost=24.7 rows=122)
    -> Covering index range scan on sbtest6 using k_6 over (1823676 <= k <= 1823776)  (cost=24.7 rows=122)


table 7 : explain SELECT k FROM sbtest7 WHERE k BETWEEN 1823676 AND 1823776
	-> Filter: (sbtest7.k between 1823676 and 1823776)  (cost=18.3 rows=90)
    -> Covering index range scan on sbtest7 using k_7 over (1823676 <= k <= 1823776)  (cost=18.3 rows=90)


table 8 : explain SELECT k FROM sbtest8 WHERE k BETWEEN 1823676 AND 1823776
	-> Filter: (sbtest8.k between 1823676 and 1823776)  (cost=23.3 rows=115)
    -> Covering index range scan on sbtest8 using k_8 over (1823676 <= k <= 1823776)  (cost=23.3 rows=115)


explain: for range-covered :: explain SELECT k FROM sbtest%d WHERE k BETWEEN 2903813 AND 2903913
for range-covered
table 1 : explain SELECT k FROM sbtest1 WHERE k BETWEEN 5007601 AND 5007701
	-> Filter: (sbtest1.k between 5007601 and 5007701)  (cost=19.5 rows=96)
    -> Covering index range scan on sbtest1 using k_1 over (5007601 <= k <= 5007701)  (cost=19.5 rows=96)


table 2 : explain SELECT k FROM sbtest2 WHERE k BETWEEN 5007601 AND 5007701
	-> Filter: (sbtest2.k between 5007601 and 5007701)  (cost=23.5 rows=116)
    -> Covering index range scan on sbtest2 using k_2 over (5007601 <= k <= 5007701)  (cost=23.5 rows=116)


table 3 : explain SELECT k FROM sbtest3 WHERE k BETWEEN 5007601 AND 5007701
	-> Filter: (sbtest3.k between 5007601 and 5007701)  (cost=19.9 rows=98)
    -> Covering index range scan on sbtest3 using k_3 over (5007601 <= k <= 5007701)  (cost=19.9 rows=98)


table 4 : explain SELECT k FROM sbtest4 WHERE k BETWEEN 5007601 AND 5007701
	-> Filter: (sbtest4.k between 5007601 and 5007701)  (cost=22.5 rows=111)
    -> Covering index range scan on sbtest4 using k_4 over (5007601 <= k <= 5007701)  (cost=22.5 rows=111)


table 5 : explain SELECT k FROM sbtest5 WHERE k BETWEEN 5007601 AND 5007701
	-> Filter: (sbtest5.k between 5007601 and 5007701)  (cost=22.5 rows=111)
    -> Covering index range scan on sbtest5 using k_5 over (5007601 <= k <= 5007701)  (cost=22.5 rows=111)


table 6 : explain SELECT k FROM sbtest6 WHERE k BETWEEN 5007601 AND 5007701
	-> Filter: (sbtest6.k between 5007601 and 5007701)  (cost=21.1 rows=104)
    -> Covering index range scan on sbtest6 using k_6 over (5007601 <= k <= 5007701)  (cost=21.1 rows=104)


table 7 : explain SELECT k FROM sbtest7 WHERE k BETWEEN 5007601 AND 5007701
	-> Filter: (sbtest7.k between 5007601 and 5007701)  (cost=20.5 rows=101)
    -> Covering index range scan on sbtest7 using k_7 over (5007601 <= k <= 5007701)  (cost=20.5 rows=101)


table 8 : explain SELECT k FROM sbtest8 WHERE k BETWEEN 5007601 AND 5007701
	-> Filter: (sbtest8.k between 5007601 and 5007701)  (cost=21.5 rows=106)
    -> Covering index range scan on sbtest8 using k_8 over (5007601 <= k <= 5007701)  (cost=21.5 rows=106)

explain: for range-covered :: explain SELECT k FROM sbtest%d WHERE k BETWEEN 7334581 AND 7334681

for range-covered
table 1 : explain SELECT k FROM sbtest1 WHERE k BETWEEN 6846578 AND 6846678
	-> Filter: (sbtest1.k between 6846578 and 6846678)  (cost=18.3 rows=90)
    -> Covering index range scan on sbtest1 using k_1 over (6846578 <= k <= 6846678)  (cost=18.3 rows=90)


table 2 : explain SELECT k FROM sbtest2 WHERE k BETWEEN 6846578 AND 6846678
	-> Filter: (sbtest2.k between 6846578 and 6846678)  (cost=19.7 rows=97)
    -> Covering index range scan on sbtest2 using k_2 over (6846578 <= k <= 6846678)  (cost=19.7 rows=97)


table 3 : explain SELECT k FROM sbtest3 WHERE k BETWEEN 6846578 AND 6846678
	-> Filter: (sbtest3.k between 6846578 and 6846678)  (cost=22.5 rows=111)
    -> Covering index range scan on sbtest3 using k_3 over (6846578 <= k <= 6846678)  (cost=22.5 rows=111)


table 4 : explain SELECT k FROM sbtest4 WHERE k BETWEEN 6846578 AND 6846678
	-> Filter: (sbtest4.k between 6846578 and 6846678)  (cost=23.5 rows=116)
    -> Covering index range scan on sbtest4 using k_4 over (6846578 <= k <= 6846678)  (cost=23.5 rows=116)


table 5 : explain SELECT k FROM sbtest5 WHERE k BETWEEN 6846578 AND 6846678
	-> Filter: (sbtest5.k between 6846578 and 6846678)  (cost=19.7 rows=97)
    -> Covering index range scan on sbtest5 using k_5 over (6846578 <= k <= 6846678)  (cost=19.7 rows=97)


table 6 : explain SELECT k FROM sbtest6 WHERE k BETWEEN 6846578 AND 6846678
	-> Filter: (sbtest6.k between 6846578 and 6846678)  (cost=21.9 rows=108)
    -> Covering index range scan on sbtest6 using k_6 over (6846578 <= k <= 6846678)  (cost=21.9 rows=108)


table 7 : explain SELECT k FROM sbtest7 WHERE k BETWEEN 6846578 AND 6846678
	-> Filter: (sbtest7.k between 6846578 and 6846678)  (cost=19.3 rows=95)
    -> Covering index range scan on sbtest7 using k_7 over (6846578 <= k <= 6846678)  (cost=19.3 rows=95)


table 8 : explain SELECT k FROM sbtest8 WHERE k BETWEEN 6846578 AND 6846678
	-> Filter: (sbtest8.k between 6846578 and 6846678)  (cost=22.9 rows=113)
    -> Covering index range scan on sbtest8 using k_8 over (6846578 <= k <= 6846678)  (cost=22.9 rows=113)


for range-covered
table 1 : explain SELECT k FROM sbtest1 WHERE k BETWEEN 8324259 AND 8324359
	-> Filter: (sbtest1.k between 8324259 and 8324359)  (cost=23.1 rows=114)
    -> Covering index range scan on sbtest1 using k_1 over (8324259 <= k <= 8324359)  (cost=23.1 rows=114)


table 2 : explain SELECT k FROM sbtest2 WHERE k BETWEEN 8324259 AND 8324359
	-> Filter: (sbtest2.k between 8324259 and 8324359)  (cost=19.1 rows=94)
    -> Covering index range scan on sbtest2 using k_2 over (8324259 <= k <= 8324359)  (cost=19.1 rows=94)


table 3 : explain SELECT k FROM sbtest3 WHERE k BETWEEN 8324259 AND 8324359
	-> Filter: (sbtest3.k between 8324259 and 8324359)  (cost=23.9 rows=118)
    -> Covering index range scan on sbtest3 using k_3 over (8324259 <= k <= 8324359)  (cost=23.9 rows=118)


table 4 : explain SELECT k FROM sbtest4 WHERE k BETWEEN 8324259 AND 8324359
	-> Filter: (sbtest4.k between 8324259 and 8324359)  (cost=22.3 rows=110)
    -> Covering index range scan on sbtest4 using k_4 over (8324259 <= k <= 8324359)  (cost=22.3 rows=110)


table 5 : explain SELECT k FROM sbtest5 WHERE k BETWEEN 8324259 AND 8324359
	-> Filter: (sbtest5.k between 8324259 and 8324359)  (cost=19.5 rows=96)
    -> Covering index range scan on sbtest5 using k_5 over (8324259 <= k <= 8324359)  (cost=19.5 rows=96)


table 6 : explain SELECT k FROM sbtest6 WHERE k BETWEEN 8324259 AND 8324359
	-> Filter: (sbtest6.k between 8324259 and 8324359)  (cost=24.3 rows=120)
    -> Covering index range scan on sbtest6 using k_6 over (8324259 <= k <= 8324359)  (cost=24.3 rows=120)


table 7 : explain SELECT k FROM sbtest7 WHERE k BETWEEN 8324259 AND 8324359
	-> Filter: (sbtest7.k between 8324259 and 8324359)  (cost=19.5 rows=96)
    -> Covering index range scan on sbtest7 using k_7 over (8324259 <= k <= 8324359)  (cost=19.5 rows=96)


table 8 : explain SELECT k FROM sbtest8 WHERE k BETWEEN 8324259 AND 8324359
	-> Filter: (sbtest8.k between 8324259 and 8324359)  (cost=18.1 rows=89)
    -> Covering index range scan on sbtest8 using k_8 over (8324259 <= k <= 8324359)  (cost=18.1 rows=89)

for range-covered
table 1 : explain SELECT k FROM sbtest1 WHERE k BETWEEN 7270617 AND 7270717
	-> Filter: (sbtest1.k between 7270617 and 7270717)  (cost=19.5 rows=96)
    -> Covering index range scan on sbtest1 using k_1 over (7270617 <= k <= 7270717)  (cost=19.5 rows=96)


table 2 : explain SELECT k FROM sbtest2 WHERE k BETWEEN 7270617 AND 7270717
	-> Filter: (sbtest2.k between 7270617 and 7270717)  (cost=18.9 rows=93)
    -> Covering index range scan on sbtest2 using k_2 over (7270617 <= k <= 7270717)  (cost=18.9 rows=93)


table 3 : explain SELECT k FROM sbtest3 WHERE k BETWEEN 7270617 AND 7270717
	-> Filter: (sbtest3.k between 7270617 and 7270717)  (cost=17.3 rows=85)
    -> Covering index range scan on sbtest3 using k_3 over (7270617 <= k <= 7270717)  (cost=17.3 rows=85)


table 4 : explain SELECT k FROM sbtest4 WHERE k BETWEEN 7270617 AND 7270717
	-> Filter: (sbtest4.k between 7270617 and 7270717)  (cost=19.5 rows=96)
    -> Covering index range scan on sbtest4 using k_4 over (7270617 <= k <= 7270717)  (cost=19.5 rows=96)


table 5 : explain SELECT k FROM sbtest5 WHERE k BETWEEN 7270617 AND 7270717
	-> Filter: (sbtest5.k between 7270617 and 7270717)  (cost=22.7 rows=112)
    -> Covering index range scan on sbtest5 using k_5 over (7270617 <= k <= 7270717)  (cost=22.7 rows=112)


table 6 : explain SELECT k FROM sbtest6 WHERE k BETWEEN 7270617 AND 7270717
	-> Filter: (sbtest6.k between 7270617 and 7270717)  (cost=17.5 rows=86)
    -> Covering index range scan on sbtest6 using k_6 over (7270617 <= k <= 7270717)  (cost=17.5 rows=86)


table 7 : explain SELECT k FROM sbtest7 WHERE k BETWEEN 7270617 AND 7270717
	-> Filter: (sbtest7.k between 7270617 and 7270717)  (cost=18.3 rows=90)
    -> Covering index range scan on sbtest7 using k_7 over (7270617 <= k <= 7270717)  (cost=18.3 rows=90)


table 8 : explain SELECT k FROM sbtest8 WHERE k BETWEEN 7270617 AND 7270717
	-> Filter: (sbtest8.k between 7270617 and 7270717)  (cost=20.9 rows=103)
    -> Covering index range scan on sbtest8 using k_8 over (7270617 <= k <= 7270717)  (cost=20.9 rows=103)


for range-covered
table 1 : explain SELECT k FROM sbtest1 WHERE k BETWEEN 6360664 AND 6360764
	-> Filter: (sbtest1.k between 6360664 and 6360764)  (cost=21.5 rows=106)
    -> Covering index range scan on sbtest1 using k_1 over (6360664 <= k <= 6360764)  (cost=21.5 rows=106)


table 2 : explain SELECT k FROM sbtest2 WHERE k BETWEEN 6360664 AND 6360764
	-> Filter: (sbtest2.k between 6360664 and 6360764)  (cost=18.9 rows=93)
    -> Covering index range scan on sbtest2 using k_2 over (6360664 <= k <= 6360764)  (cost=18.9 rows=93)


table 3 : explain SELECT k FROM sbtest3 WHERE k BETWEEN 6360664 AND 6360764
	-> Filter: (sbtest3.k between 6360664 and 6360764)  (cost=18.7 rows=92)
    -> Covering index range scan on sbtest3 using k_3 over (6360664 <= k <= 6360764)  (cost=18.7 rows=92)


table 4 : explain SELECT k FROM sbtest4 WHERE k BETWEEN 6360664 AND 6360764
	-> Filter: (sbtest4.k between 6360664 and 6360764)  (cost=18.9 rows=93)
    -> Covering index range scan on sbtest4 using k_4 over (6360664 <= k <= 6360764)  (cost=18.9 rows=93)


table 5 : explain SELECT k FROM sbtest5 WHERE k BETWEEN 6360664 AND 6360764
	-> Filter: (sbtest5.k between 6360664 and 6360764)  (cost=20.7 rows=102)
    -> Covering index range scan on sbtest5 using k_5 over (6360664 <= k <= 6360764)  (cost=20.7 rows=102)


table 6 : explain SELECT k FROM sbtest6 WHERE k BETWEEN 6360664 AND 6360764
	-> Filter: (sbtest6.k between 6360664 and 6360764)  (cost=21.1 rows=104)
    -> Covering index range scan on sbtest6 using k_6 over (6360664 <= k <= 6360764)  (cost=21.1 rows=104)


table 7 : explain SELECT k FROM sbtest7 WHERE k BETWEEN 6360664 AND 6360764
	-> Filter: (sbtest7.k between 6360664 and 6360764)  (cost=21.3 rows=105)
    -> Covering index range scan on sbtest7 using k_7 over (6360664 <= k <= 6360764)  (cost=21.3 rows=105)


table 8 : explain SELECT k FROM sbtest8 WHERE k BETWEEN 6360664 AND 6360764
	-> Filter: (sbtest8.k between 6360664 and 6360764)  (cost=21.1 rows=104)
    -> Covering index range scan on sbtest8 using k_8 over (6360664 <= k <= 6360764)  (cost=21.1 rows=104)


for range-covered
table 1 : explain SELECT k FROM sbtest1 WHERE k BETWEEN 5469010 AND 5469110
	-> Filter: (sbtest1.k between 5469010 and 5469110)  (cost=22.3 rows=110)
    -> Covering index range scan on sbtest1 using k_1 over (5469010 <= k <= 5469110)  (cost=22.3 rows=110)


table 2 : explain SELECT k FROM sbtest2 WHERE k BETWEEN 5469010 AND 5469110
	-> Filter: (sbtest2.k between 5469010 and 5469110)  (cost=20.1 rows=99)
    -> Covering index range scan on sbtest2 using k_2 over (5469010 <= k <= 5469110)  (cost=20.1 rows=99)


table 3 : explain SELECT k FROM sbtest3 WHERE k BETWEEN 5469010 AND 5469110
	-> Filter: (sbtest3.k between 5469010 and 5469110)  (cost=20.5 rows=101)
    -> Covering index range scan on sbtest3 using k_3 over (5469010 <= k <= 5469110)  (cost=20.5 rows=101)


table 4 : explain SELECT k FROM sbtest4 WHERE k BETWEEN 5469010 AND 5469110
	-> Filter: (sbtest4.k between 5469010 and 5469110)  (cost=18.5 rows=91)
    -> Covering index range scan on sbtest4 using k_4 over (5469010 <= k <= 5469110)  (cost=18.5 rows=91)


table 5 : explain SELECT k FROM sbtest5 WHERE k BETWEEN 5469010 AND 5469110
	-> Filter: (sbtest5.k between 5469010 and 5469110)  (cost=20.3 rows=100)
    -> Covering index range scan on sbtest5 using k_5 over (5469010 <= k <= 5469110)  (cost=20.3 rows=100)


table 6 : explain SELECT k FROM sbtest6 WHERE k BETWEEN 5469010 AND 5469110
	-> Filter: (sbtest6.k between 5469010 and 5469110)  (cost=18.3 rows=90)
    -> Covering index range scan on sbtest6 using k_6 over (5469010 <= k <= 5469110)  (cost=18.3 rows=90)


table 7 : explain SELECT k FROM sbtest7 WHERE k BETWEEN 5469010 AND 5469110
	-> Filter: (sbtest7.k between 5469010 and 5469110)  (cost=18.7 rows=92)
    -> Covering index range scan on sbtest7 using k_7 over (5469010 <= k <= 5469110)  (cost=18.7 rows=92)


table 8 : explain SELECT k FROM sbtest8 WHERE k BETWEEN 5469010 AND 5469110
	-> Filter: (sbtest8.k between 5469010 and 5469110)  (cost=23.1 rows=114)
    -> Covering index range scan on sbtest8 using k_8 over (5469010 <= k <= 5469110)  (cost=23.1 rows=114)


explain: for range-covered :: explain SELECT k FROM sbtest%d WHERE k BETWEEN 1823676 AND 1823776
for range-covered
table 1 : explain SELECT k FROM sbtest1 WHERE k BETWEEN 6273948 AND 6274048
	-> Filter: (sbtest1.k between 6273948 and 6274048)  (cost=22.9 rows=113)
    -> Covering index range scan on sbtest1 using k_1 over (6273948 <= k <= 6274048)  (cost=22.9 rows=113)


table 2 : explain SELECT k FROM sbtest2 WHERE k BETWEEN 6273948 AND 6274048
	-> Filter: (sbtest2.k between 6273948 and 6274048)  (cost=17.5 rows=86)
    -> Covering index range scan on sbtest2 using k_2 over (6273948 <= k <= 6274048)  (cost=17.5 rows=86)


table 3 : explain SELECT k FROM sbtest3 WHERE k BETWEEN 6273948 AND 6274048
	-> Filter: (sbtest3.k between 6273948 and 6274048)  (cost=18.7 rows=92)
    -> Covering index range scan on sbtest3 using k_3 over (6273948 <= k <= 6274048)  (cost=18.7 rows=92)


table 4 : explain SELECT k FROM sbtest4 WHERE k BETWEEN 6273948 AND 6274048
	-> Filter: (sbtest4.k between 6273948 and 6274048)  (cost=20.7 rows=102)
    -> Covering index range scan on sbtest4 using k_4 over (6273948 <= k <= 6274048)  (cost=20.7 rows=102)


table 5 : explain SELECT k FROM sbtest5 WHERE k BETWEEN 6273948 AND 6274048
	-> Filter: (sbtest5.k between 6273948 and 6274048)  (cost=20.9 rows=103)
    -> Covering index range scan on sbtest5 using k_5 over (6273948 <= k <= 6274048)  (cost=20.9 rows=103)


table 6 : explain SELECT k FROM sbtest6 WHERE k BETWEEN 6273948 AND 6274048
	-> Filter: (sbtest6.k between 6273948 and 6274048)  (cost=19.3 rows=95)
    -> Covering index range scan on sbtest6 using k_6 over (6273948 <= k <= 6274048)  (cost=19.3 rows=95)


table 7 : explain SELECT k FROM sbtest7 WHERE k BETWEEN 6273948 AND 6274048
	-> Filter: (sbtest7.k between 6273948 and 6274048)  (cost=18.9 rows=93)
    -> Covering index range scan on sbtest7 using k_7 over (6273948 <= k <= 6274048)  (cost=18.9 rows=93)


table 8 : explain SELECT k FROM sbtest8 WHERE k BETWEEN 6273948 AND 6274048
	-> Filter: (sbtest8.k between 6273948 and 6274048)  (cost=18.3 rows=90)
    -> Covering index range scan on sbtest8 using k_8 over (6273948 <= k <= 6274048)  (cost=18.3 rows=90)



explain: for range-covered :: explain SELECT k FROM sbtest%d WHERE k BETWEEN 4765656 AND 4765756
explain: for range-covered :: explain SELECT k FROM sbtest%d WHERE k BETWEEN 5007601 AND 5007701
explain: for range-covered :: explain SELECT k FROM sbtest%d WHERE k BETWEEN 8511897 AND 8511997
explain: for range-covered :: explain SELECT k FROM sbtest%d WHERE k BETWEEN 6360664 AND 6360764
explain: for range-covered :: explain SELECT k FROM sbtest%d WHERE k BETWEEN 6846578 AND 6846678
explain: for range-covered :: explain SELECT k FROM sbtest%d WHERE k BETWEEN 8324259 AND 8324359
explain: for range-covered :: explain SELECT k FROM sbtest%d WHERE k BETWEEN 6273948 AND 6274048
for range-covered
table 1 : explain SELECT k FROM sbtest1 WHERE k BETWEEN 6227750 AND 6227850
	-> Filter: (sbtest1.k between 6227750 and 6227850)  (cost=17.9 rows=88)
    -> Covering index range scan on sbtest1 using k_1 over (6227750 <= k <= 6227850)  (cost=17.9 rows=88)


table 2 : explain SELECT k FROM sbtest2 WHERE k BETWEEN 6227750 AND 6227850
	-> Filter: (sbtest2.k between 6227750 and 6227850)  (cost=23.1 rows=114)
    -> Covering index range scan on sbtest2 using k_2 over (6227750 <= k <= 6227850)  (cost=23.1 rows=114)


table 3 : explain SELECT k FROM sbtest3 WHERE k BETWEEN 6227750 AND 6227850
	-> Filter: (sbtest3.k between 6227750 and 6227850)  (cost=19.3 rows=95)
    -> Covering index range scan on sbtest3 using k_3 over (6227750 <= k <= 6227850)  (cost=19.3 rows=95)


table 4 : explain SELECT k FROM sbtest4 WHERE k BETWEEN 6227750 AND 6227850
	-> Filter: (sbtest4.k between 6227750 and 6227850)  (cost=16.5 rows=81)
    -> Covering index range scan on sbtest4 using k_4 over (6227750 <= k <= 6227850)  (cost=16.5 rows=81)


table 5 : explain SELECT k FROM sbtest5 WHERE k BETWEEN 6227750 AND 6227850
	-> Filter: (sbtest5.k between 6227750 and 6227850)  (cost=20.7 rows=102)
    -> Covering index range scan on sbtest5 using k_5 over (6227750 <= k <= 6227850)  (cost=20.7 rows=102)


table 6 : explain SELECT k FROM sbtest6 WHERE k BETWEEN 6227750 AND 6227850
	-> Filter: (sbtest6.k between 6227750 and 6227850)  (cost=19.9 rows=98)
    -> Covering index range scan on sbtest6 using k_6 over (6227750 <= k <= 6227850)  (cost=19.9 rows=98)


table 7 : explain SELECT k FROM sbtest7 WHERE k BETWEEN 6227750 AND 6227850
	-> Filter: (sbtest7.k between 6227750 and 6227850)  (cost=22.7 rows=112)
    -> Covering index range scan on sbtest7 using k_7 over (6227750 <= k <= 6227850)  (cost=22.7 rows=112)


table 8 : explain SELECT k FROM sbtest8 WHERE k BETWEEN 6227750 AND 6227850
	-> Filter: (sbtest8.k between 6227750 and 6227850)  (cost=21.3 rows=105)
    -> Covering index range scan on sbtest8 using k_8 over (6227750 <= k <= 6227850)  (cost=21.3 rows=105)


for range-covered
table 1 : explain SELECT k FROM sbtest1 WHERE k BETWEEN 4259778 AND 4259878
	-> Filter: (sbtest1.k between 4259778 and 4259878)  (cost=18.3 rows=90)
    -> Covering index range scan on sbtest1 using k_1 over (4259778 <= k <= 4259878)  (cost=18.3 rows=90)


table 2 : explain SELECT k FROM sbtest2 WHERE k BETWEEN 4259778 AND 4259878
	-> Filter: (sbtest2.k between 4259778 and 4259878)  (cost=21.9 rows=108)
    -> Covering index range scan on sbtest2 using k_2 over (4259778 <= k <= 4259878)  (cost=21.9 rows=108)


table 3 : explain SELECT k FROM sbtest3 WHERE k BETWEEN 4259778 AND 4259878
	-> Filter: (sbtest3.k between 4259778 and 4259878)  (cost=17.7 rows=87)
    -> Covering index range scan on sbtest3 using k_3 over (4259778 <= k <= 4259878)  (cost=17.7 rows=87)


table 4 : explain SELECT k FROM sbtest4 WHERE k BETWEEN 4259778 AND 4259878
	-> Filter: (sbtest4.k between 4259778 and 4259878)  (cost=23.3 rows=115)
    -> Covering index range scan on sbtest4 using k_4 over (4259778 <= k <= 4259878)  (cost=23.3 rows=115)


table 5 : explain SELECT k FROM sbtest5 WHERE k BETWEEN 4259778 AND 4259878
	-> Filter: (sbtest5.k between 4259778 and 4259878)  (cost=18.1 rows=89)
    -> Covering index range scan on sbtest5 using k_5 over (4259778 <= k <= 4259878)  (cost=18.1 rows=89)


table 6 : explain SELECT k FROM sbtest6 WHERE k BETWEEN 4259778 AND 4259878
	-> Filter: (sbtest6.k between 4259778 and 4259878)  (cost=20.7 rows=102)
    -> Covering index range scan on sbtest6 using k_6 over (4259778 <= k <= 4259878)  (cost=20.7 rows=102)


table 7 : explain SELECT k FROM sbtest7 WHERE k BETWEEN 4259778 AND 4259878
	-> Filter: (sbtest7.k between 4259778 and 4259878)  (cost=19.5 rows=96)
    -> Covering index range scan on sbtest7 using k_7 over (4259778 <= k <= 4259878)  (cost=19.5 rows=96)


table 8 : explain SELECT k FROM sbtest8 WHERE k BETWEEN 4259778 AND 4259878
	-> Filter: (sbtest8.k between 4259778 and 4259878)  (cost=20.3 rows=100)
    -> Covering index range scan on sbtest8 using k_8 over (4259778 <= k <= 4259878)  (cost=20.3 rows=100)


for range-covered
table 1 : explain SELECT k FROM sbtest1 WHERE k BETWEEN 5595950 AND 5596050
	-> Filter: (sbtest1.k between 5595950 and 5596050)  (cost=21.1 rows=104)
    -> Covering index range scan on sbtest1 using k_1 over (5595950 <= k <= 5596050)  (cost=21.1 rows=104)


table 2 : explain SELECT k FROM sbtest2 WHERE k BETWEEN 5595950 AND 5596050
	-> Filter: (sbtest2.k between 5595950 and 5596050)  (cost=22.5 rows=111)
    -> Covering index range scan on sbtest2 using k_2 over (5595950 <= k <= 5596050)  (cost=22.5 rows=111)


table 3 : explain SELECT k FROM sbtest3 WHERE k BETWEEN 5595950 AND 5596050
	-> Filter: (sbtest3.k between 5595950 and 5596050)  (cost=22.1 rows=109)
    -> Covering index range scan on sbtest3 using k_3 over (5595950 <= k <= 5596050)  (cost=22.1 rows=109)


table 4 : explain SELECT k FROM sbtest4 WHERE k BETWEEN 5595950 AND 5596050
	-> Filter: (sbtest4.k between 5595950 and 5596050)  (cost=23.1 rows=114)
    -> Covering index range scan on sbtest4 using k_4 over (5595950 <= k <= 5596050)  (cost=23.1 rows=114)


table 5 : explain SELECT k FROM sbtest5 WHERE k BETWEEN 5595950 AND 5596050
	-> Filter: (sbtest5.k between 5595950 and 5596050)  (cost=19.9 rows=98)
    -> Covering index range scan on sbtest5 using k_5 over (5595950 <= k <= 5596050)  (cost=19.9 rows=98)


table 6 : explain SELECT k FROM sbtest6 WHERE k BETWEEN 5595950 AND 5596050
	-> Filter: (sbtest6.k between 5595950 and 5596050)  (cost=20.7 rows=102)
    -> Covering index range scan on sbtest6 using k_6 over (5595950 <= k <= 5596050)  (cost=20.7 rows=102)


table 7 : explain SELECT k FROM sbtest7 WHERE k BETWEEN 5595950 AND 5596050
	-> Filter: (sbtest7.k between 5595950 and 5596050)  (cost=19.3 rows=95)
    -> Covering index range scan on sbtest7 using k_7 over (5595950 <= k <= 5596050)  (cost=19.3 rows=95)


table 8 : explain SELECT k FROM sbtest8 WHERE k BETWEEN 5595950 AND 5596050
	-> Filter: (sbtest8.k between 5595950 and 5596050)  (cost=17.7 rows=87)
    -> Covering index range scan on sbtest8 using k_8 over (5595950 <= k <= 5596050)  (cost=17.7 rows=87)


for range-covered
table 1 : explain SELECT k FROM sbtest1 WHERE k BETWEEN 6014213 AND 6014313
	-> Filter: (sbtest1.k between 6014213 and 6014313)  (cost=22.9 rows=113)
    -> Covering index range scan on sbtest1 using k_1 over (6014213 <= k <= 6014313)  (cost=22.9 rows=113)


table 2 : explain SELECT k FROM sbtest2 WHERE k BETWEEN 6014213 AND 6014313
	-> Filter: (sbtest2.k between 6014213 and 6014313)  (cost=22.3 rows=110)
    -> Covering index range scan on sbtest2 using k_2 over (6014213 <= k <= 6014313)  (cost=22.3 rows=110)


table 3 : explain SELECT k FROM sbtest3 WHERE k BETWEEN 6014213 AND 6014313
	-> Filter: (sbtest3.k between 6014213 and 6014313)  (cost=16.5 rows=81)
    -> Covering index range scan on sbtest3 using k_3 over (6014213 <= k <= 6014313)  (cost=16.5 rows=81)


table 4 : explain SELECT k FROM sbtest4 WHERE k BETWEEN 6014213 AND 6014313
	-> Filter: (sbtest4.k between 6014213 and 6014313)  (cost=19.9 rows=98)
    -> Covering index range scan on sbtest4 using k_4 over (6014213 <= k <= 6014313)  (cost=19.9 rows=98)


table 5 : explain SELECT k FROM sbtest5 WHERE k BETWEEN 6014213 AND 6014313
	-> Filter: (sbtest5.k between 6014213 and 6014313)  (cost=21.9 rows=108)
    -> Covering index range scan on sbtest5 using k_5 over (6014213 <= k <= 6014313)  (cost=21.9 rows=108)


table 6 : explain SELECT k FROM sbtest6 WHERE k BETWEEN 6014213 AND 6014313
	-> Filter: (sbtest6.k between 6014213 and 6014313)  (cost=21.3 rows=105)
    -> Covering index range scan on sbtest6 using k_6 over (6014213 <= k <= 6014313)  (cost=21.3 rows=105)


table 7 : explain SELECT k FROM sbtest7 WHERE k BETWEEN 6014213 AND 6014313
	-> Filter: (sbtest7.k between 6014213 and 6014313)  (cost=20.5 rows=101)
    -> Covering index range scan on sbtest7 using k_7 over (6014213 <= k <= 6014313)  (cost=20.5 rows=101)


table 8 : explain SELECT k FROM sbtest8 WHERE k BETWEEN 6014213 AND 6014313
	-> Filter: (sbtest8.k between 6014213 and 6014313)  (cost=20.9 rows=103)
    -> Covering index range scan on sbtest8 using k_8 over (6014213 <= k <= 6014313)  (cost=20.9 rows=103)


for range-covered
table 1 : explain SELECT k FROM sbtest1 WHERE k BETWEEN 5878246 AND 5878346
	-> Filter: (sbtest1.k between 5878246 and 5878346)  (cost=20.1 rows=99)
    -> Covering index range scan on sbtest1 using k_1 over (5878246 <= k <= 5878346)  (cost=20.1 rows=99)


table 2 : explain SELECT k FROM sbtest2 WHERE k BETWEEN 5878246 AND 5878346
	-> Filter: (sbtest2.k between 5878246 and 5878346)  (cost=21.1 rows=104)
    -> Covering index range scan on sbtest2 using k_2 over (5878246 <= k <= 5878346)  (cost=21.1 rows=104)


table 3 : explain SELECT k FROM sbtest3 WHERE k BETWEEN 5878246 AND 5878346
	-> Filter: (sbtest3.k between 5878246 and 5878346)  (cost=19.3 rows=95)
    -> Covering index range scan on sbtest3 using k_3 over (5878246 <= k <= 5878346)  (cost=19.3 rows=95)


table 4 : explain SELECT k FROM sbtest4 WHERE k BETWEEN 5878246 AND 5878346
	-> Filter: (sbtest4.k between 5878246 and 5878346)  (cost=20.3 rows=100)
    -> Covering index range scan on sbtest4 using k_4 over (5878246 <= k <= 5878346)  (cost=20.3 rows=100)


table 5 : explain SELECT k FROM sbtest5 WHERE k BETWEEN 5878246 AND 5878346
	-> Filter: (sbtest5.k between 5878246 and 5878346)  (cost=19.5 rows=96)
    -> Covering index range scan on sbtest5 using k_5 over (5878246 <= k <= 5878346)  (cost=19.5 rows=96)


table 6 : explain SELECT k FROM sbtest6 WHERE k BETWEEN 5878246 AND 5878346
	-> Filter: (sbtest6.k between 5878246 and 5878346)  (cost=19.3 rows=95)
    -> Covering index range scan on sbtest6 using k_6 over (5878246 <= k <= 5878346)  (cost=19.3 rows=95)


table 7 : explain SELECT k FROM sbtest7 WHERE k BETWEEN 5878246 AND 5878346
	-> Filter: (sbtest7.k between 5878246 and 5878346)  (cost=18.1 rows=89)
    -> Covering index range scan on sbtest7 using k_7 over (5878246 <= k <= 5878346)  (cost=18.1 rows=89)


table 8 : explain SELECT k FROM sbtest8 WHERE k BETWEEN 5878246 AND 5878346
	-> Filter: (sbtest8.k between 5878246 and 5878346)  (cost=21.1 rows=104)
    -> Covering index range scan on sbtest8 using k_8 over (5878246 <= k <= 5878346)  (cost=21.1 rows=104)


for range-covered
table 1 : explain SELECT k FROM sbtest1 WHERE k BETWEEN 7153292 AND 7153392
	-> Filter: (sbtest1.k between 7153292 and 7153392)  (cost=21.5 rows=106)
    -> Covering index range scan on sbtest1 using k_1 over (7153292 <= k <= 7153392)  (cost=21.5 rows=106)


table 2 : explain SELECT k FROM sbtest2 WHERE k BETWEEN 7153292 AND 7153392
	-> Filter: (sbtest2.k between 7153292 and 7153392)  (cost=22.3 rows=110)
    -> Covering index range scan on sbtest2 using k_2 over (7153292 <= k <= 7153392)  (cost=22.3 rows=110)


table 3 : explain SELECT k FROM sbtest3 WHERE k BETWEEN 7153292 AND 7153392
	-> Filter: (sbtest3.k between 7153292 and 7153392)  (cost=22.9 rows=113)
    -> Covering index range scan on sbtest3 using k_3 over (7153292 <= k <= 7153392)  (cost=22.9 rows=113)


table 4 : explain SELECT k FROM sbtest4 WHERE k BETWEEN 7153292 AND 7153392
	-> Filter: (sbtest4.k between 7153292 and 7153392)  (cost=19.7 rows=97)
    -> Covering index range scan on sbtest4 using k_4 over (7153292 <= k <= 7153392)  (cost=19.7 rows=97)


table 5 : explain SELECT k FROM sbtest5 WHERE k BETWEEN 7153292 AND 7153392
	-> Filter: (sbtest5.k between 7153292 and 7153392)  (cost=21.3 rows=105)
    -> Covering index range scan on sbtest5 using k_5 over (7153292 <= k <= 7153392)  (cost=21.3 rows=105)


table 6 : explain SELECT k FROM sbtest6 WHERE k BETWEEN 7153292 AND 7153392
	-> Filter: (sbtest6.k between 7153292 and 7153392)  (cost=18.7 rows=92)
    -> Covering index range scan on sbtest6 using k_6 over (7153292 <= k <= 7153392)  (cost=18.7 rows=92)


table 7 : explain SELECT k FROM sbtest7 WHERE k BETWEEN 7153292 AND 7153392
	-> Filter: (sbtest7.k between 7153292 and 7153392)  (cost=18.3 rows=90)
    -> Covering index range scan on sbtest7 using k_7 over (7153292 <= k <= 7153392)  (cost=18.3 rows=90)


table 8 : explain SELECT k FROM sbtest8 WHERE k BETWEEN 7153292 AND 7153392
	-> Filter: (sbtest8.k between 7153292 and 7153392)  (cost=22.3 rows=110)
    -> Covering index range scan on sbtest8 using k_8 over (7153292 <= k <= 7153392)  (cost=22.3 rows=110)


for range-covered
table 1 : explain SELECT k FROM sbtest1 WHERE k BETWEEN 3707286 AND 3707386
	-> Filter: (sbtest1.k between 3707286 and 3707386)  (cost=22.7 rows=112)
    -> Covering index range scan on sbtest1 using k_1 over (3707286 <= k <= 3707386)  (cost=22.7 rows=112)


table 2 : explain SELECT k FROM sbtest2 WHERE k BETWEEN 3707286 AND 3707386
	-> Filter: (sbtest2.k between 3707286 and 3707386)  (cost=18.9 rows=93)
    -> Covering index range scan on sbtest2 using k_2 over (3707286 <= k <= 3707386)  (cost=18.9 rows=93)


table 3 : explain SELECT k FROM sbtest3 WHERE k BETWEEN 3707286 AND 3707386
	-> Filter: (sbtest3.k between 3707286 and 3707386)  (cost=23.7 rows=117)
    -> Covering index range scan on sbtest3 using k_3 over (3707286 <= k <= 3707386)  (cost=23.7 rows=117)


table 4 : explain SELECT k FROM sbtest4 WHERE k BETWEEN 3707286 AND 3707386
	-> Filter: (sbtest4.k between 3707286 and 3707386)  (cost=17.5 rows=86)
    -> Covering index range scan on sbtest4 using k_4 over (3707286 <= k <= 3707386)  (cost=17.5 rows=86)


table 5 : explain SELECT k FROM sbtest5 WHERE k BETWEEN 3707286 AND 3707386
	-> Filter: (sbtest5.k between 3707286 and 3707386)  (cost=19.9 rows=98)
    -> Covering index range scan on sbtest5 using k_5 over (3707286 <= k <= 3707386)  (cost=19.9 rows=98)


table 6 : explain SELECT k FROM sbtest6 WHERE k BETWEEN 3707286 AND 3707386
	-> Filter: (sbtest6.k between 3707286 and 3707386)  (cost=16.9 rows=83)
    -> Covering index range scan on sbtest6 using k_6 over (3707286 <= k <= 3707386)  (cost=16.9 rows=83)


table 7 : explain SELECT k FROM sbtest7 WHERE k BETWEEN 3707286 AND 3707386
	-> Filter: (sbtest7.k between 3707286 and 3707386)  (cost=21.5 rows=106)
    -> Covering index range scan on sbtest7 using k_7 over (3707286 <= k <= 3707386)  (cost=21.5 rows=106)


table 8 : explain SELECT k FROM sbtest8 WHERE k BETWEEN 3707286 AND 3707386
	-> Filter: (sbtest8.k between 3707286 and 3707386)  (cost=23.1 rows=114)
    -> Covering index range scan on sbtest8 using k_8 over (3707286 <= k <= 3707386)  (cost=23.1 rows=114)


explain: for range-covered :: explain SELECT k FROM sbtest%d WHERE k BETWEEN 6227750 AND 6227850
explain: for range-covered :: explain SELECT k FROM sbtest%d WHERE k BETWEEN 5595950 AND 5596050
for range-covered
table 1 : explain SELECT k FROM sbtest1 WHERE k BETWEEN 5909262 AND 5909362
	-> Filter: (sbtest1.k between 5909262 and 5909362)  (cost=25.9 rows=128)
    -> Covering index range scan on sbtest1 using k_1 over (5909262 <= k <= 5909362)  (cost=25.9 rows=128)


table 2 : explain SELECT k FROM sbtest2 WHERE k BETWEEN 5909262 AND 5909362
	-> Filter: (sbtest2.k between 5909262 and 5909362)  (cost=16.5 rows=81)
    -> Covering index range scan on sbtest2 using k_2 over (5909262 <= k <= 5909362)  (cost=16.5 rows=81)


table 3 : explain SELECT k FROM sbtest3 WHERE k BETWEEN 5909262 AND 5909362
	-> Filter: (sbtest3.k between 5909262 and 5909362)  (cost=18.1 rows=89)
    -> Covering index range scan on sbtest3 using k_3 over (5909262 <= k <= 5909362)  (cost=18.1 rows=89)


table 4 : explain SELECT k FROM sbtest4 WHERE k BETWEEN 5909262 AND 5909362
	-> Filter: (sbtest4.k between 5909262 and 5909362)  (cost=22.1 rows=109)
    -> Covering index range scan on sbtest4 using k_4 over (5909262 <= k <= 5909362)  (cost=22.1 rows=109)


table 5 : explain SELECT k FROM sbtest5 WHERE k BETWEEN 5909262 AND 5909362
	-> Filter: (sbtest5.k between 5909262 and 5909362)  (cost=20.3 rows=100)
    -> Covering index range scan on sbtest5 using k_5 over (5909262 <= k <= 5909362)  (cost=20.3 rows=100)


table 6 : explain SELECT k FROM sbtest6 WHERE k BETWEEN 5909262 AND 5909362
	-> Filter: (sbtest6.k between 5909262 and 5909362)  (cost=22.3 rows=110)
    -> Covering index range scan on sbtest6 using k_6 over (5909262 <= k <= 5909362)  (cost=22.3 rows=110)


table 7 : explain SELECT k FROM sbtest7 WHERE k BETWEEN 5909262 AND 5909362
	-> Filter: (sbtest7.k between 5909262 and 5909362)  (cost=21.9 rows=108)
    -> Covering index range scan on sbtest7 using k_7 over (5909262 <= k <= 5909362)  (cost=21.9 rows=108)


table 8 : explain SELECT k FROM sbtest8 WHERE k BETWEEN 5909262 AND 5909362
	-> Filter: (sbtest8.k between 5909262 and 5909362)  (cost=21.3 rows=105)
    -> Covering index range scan on sbtest8 using k_8 over (5909262 <= k <= 5909362)  (cost=21.3 rows=105)


explain: for range-covered :: explain SELECT k FROM sbtest%d WHERE k BETWEEN 6014213 AND 6014313
for range-covered
table 1 : explain SELECT k FROM sbtest1 WHERE k BETWEEN 4028958 AND 4029058
	-> Filter: (sbtest1.k between 4028958 and 4029058)  (cost=20.7 rows=102)
    -> Covering index range scan on sbtest1 using k_1 over (4028958 <= k <= 4029058)  (cost=20.7 rows=102)


table 2 : explain SELECT k FROM sbtest2 WHERE k BETWEEN 4028958 AND 4029058
	-> Filter: (sbtest2.k between 4028958 and 4029058)  (cost=17.7 rows=87)
    -> Covering index range scan on sbtest2 using k_2 over (4028958 <= k <= 4029058)  (cost=17.7 rows=87)


table 3 : explain SELECT k FROM sbtest3 WHERE k BETWEEN 4028958 AND 4029058
	-> Filter: (sbtest3.k between 4028958 and 4029058)  (cost=22.9 rows=113)
    -> Covering index range scan on sbtest3 using k_3 over (4028958 <= k <= 4029058)  (cost=22.9 rows=113)


table 4 : explain SELECT k FROM sbtest4 WHERE k BETWEEN 4028958 AND 4029058
	-> Filter: (sbtest4.k between 4028958 and 4029058)  (cost=18.1 rows=89)
    -> Covering index range scan on sbtest4 using k_4 over (4028958 <= k <= 4029058)  (cost=18.1 rows=89)


table 5 : explain SELECT k FROM sbtest5 WHERE k BETWEEN 4028958 AND 4029058
	-> Filter: (sbtest5.k between 4028958 and 4029058)  (cost=22.1 rows=109)
    -> Covering index range scan on sbtest5 using k_5 over (4028958 <= k <= 4029058)  (cost=22.1 rows=109)


table 6 : explain SELECT k FROM sbtest6 WHERE k BETWEEN 4028958 AND 4029058
	-> Filter: (sbtest6.k between 4028958 and 4029058)  (cost=19.3 rows=95)
    -> Covering index range scan on sbtest6 using k_6 over (4028958 <= k <= 4029058)  (cost=19.3 rows=95)


table 7 : explain SELECT k FROM sbtest7 WHERE k BETWEEN 4028958 AND 4029058
	-> Filter: (sbtest7.k between 4028958 and 4029058)  (cost=17.5 rows=86)
    -> Covering index range scan on sbtest7 using k_7 over (4028958 <= k <= 4029058)  (cost=17.5 rows=86)


table 8 : explain SELECT k FROM sbtest8 WHERE k BETWEEN 4028958 AND 4029058
	-> Filter: (sbtest8.k between 4028958 and 4029058)  (cost=21.9 rows=108)
    -> Covering index range scan on sbtest8 using k_8 over (4028958 <= k <= 4029058)  (cost=21.9 rows=108)


explain: for range-covered :: explain SELECT k FROM sbtest%d WHERE k BETWEEN 7153292 AND 7153392
explain: for range-covered :: explain SELECT k FROM sbtest%d WHERE k BETWEEN 3707286 AND 3707386
explain: for range-covered :: explain SELECT k FROM sbtest%d WHERE k BETWEEN 5909262 AND 5909362
for range-covered
table 1 : explain SELECT k FROM sbtest1 WHERE k BETWEEN 6795179 AND 6795279
	-> Filter: (sbtest1.k between 6795179 and 6795279)  (cost=21.3 rows=105)
    -> Covering index range scan on sbtest1 using k_1 over (6795179 <= k <= 6795279)  (cost=21.3 rows=105)


table 2 : explain SELECT k FROM sbtest2 WHERE k BETWEEN 6795179 AND 6795279
	-> Filter: (sbtest2.k between 6795179 and 6795279)  (cost=21.1 rows=104)
    -> Covering index range scan on sbtest2 using k_2 over (6795179 <= k <= 6795279)  (cost=21.1 rows=104)


table 3 : explain SELECT k FROM sbtest3 WHERE k BETWEEN 6795179 AND 6795279
	-> Filter: (sbtest3.k between 6795179 and 6795279)  (cost=21.9 rows=108)
    -> Covering index range scan on sbtest3 using k_3 over (6795179 <= k <= 6795279)  (cost=21.9 rows=108)


table 4 : explain SELECT k FROM sbtest4 WHERE k BETWEEN 6795179 AND 6795279
	-> Filter: (sbtest4.k between 6795179 and 6795279)  (cost=20.1 rows=99)
    -> Covering index range scan on sbtest4 using k_4 over (6795179 <= k <= 6795279)  (cost=20.1 rows=99)


table 5 : explain SELECT k FROM sbtest5 WHERE k BETWEEN 6795179 AND 6795279
	-> Filter: (sbtest5.k between 6795179 and 6795279)  (cost=20.3 rows=100)
    -> Covering index range scan on sbtest5 using k_5 over (6795179 <= k <= 6795279)  (cost=20.3 rows=100)


table 6 : explain SELECT k FROM sbtest6 WHERE k BETWEEN 6795179 AND 6795279
	-> Filter: (sbtest6.k between 6795179 and 6795279)  (cost=21.7 rows=107)
    -> Covering index range scan on sbtest6 using k_6 over (6795179 <= k <= 6795279)  (cost=21.7 rows=107)


table 7 : explain SELECT k FROM sbtest7 WHERE k BETWEEN 6795179 AND 6795279
	-> Filter: (sbtest7.k between 6795179 and 6795279)  (cost=20.5 rows=101)
    -> Covering index range scan on sbtest7 using k_7 over (6795179 <= k <= 6795279)  (cost=20.5 rows=101)


table 8 : explain SELECT k FROM sbtest8 WHERE k BETWEEN 6795179 AND 6795279
	-> Filter: (sbtest8.k between 6795179 and 6795279)  (cost=19.3 rows=95)
    -> Covering index range scan on sbtest8 using k_8 over (6795179 <= k <= 6795279)  (cost=19.3 rows=95)


explain: for range-covered :: explain SELECT k FROM sbtest%d WHERE k BETWEEN 4259778 AND 4259878for range-covered
table 1 : explain SELECT k FROM sbtest1 WHERE k BETWEEN 6936407 AND 6936507
	-> Filter: (sbtest1.k between 6936407 and 6936507)  (cost=19.3 rows=95)
    -> Covering index range scan on sbtest1 using k_1 over (6936407 <= k <= 6936507)  (cost=19.3 rows=95)


table 2 : explain SELECT k FROM sbtest2 WHERE k BETWEEN 6936407 AND 6936507
	-> Filter: (sbtest2.k between 6936407 and 6936507)  (cost=19.5 rows=96)
    -> Covering index range scan on sbtest2 using k_2 over (6936407 <= k <= 6936507)  (cost=19.5 rows=96)


table 3 : explain SELECT k FROM sbtest3 WHERE k BETWEEN 6936407 AND 6936507
	-> Filter: (sbtest3.k between 6936407 and 6936507)  (cost=19.5 rows=96)
    -> Covering index range scan on sbtest3 using k_3 over (6936407 <= k <= 6936507)  (cost=19.5 rows=96)


table 4 : explain SELECT k FROM sbtest4 WHERE k BETWEEN 6936407 AND 6936507
	-> Filter: (sbtest4.k between 6936407 and 6936507)  (cost=22.5 rows=111)
    -> Covering index range scan on sbtest4 using k_4 over (6936407 <= k <= 6936507)  (cost=22.5 rows=111)


table 5 : explain SELECT k FROM sbtest5 WHERE k BETWEEN 6936407 AND 6936507
	-> Filter: (sbtest5.k between 6936407 and 6936507)  (cost=22.1 rows=109)
    -> Covering index range scan on sbtest5 using k_5 over (6936407 <= k <= 6936507)  (cost=22.1 rows=109)


table 6 : explain SELECT k FROM sbtest6 WHERE k BETWEEN 6936407 AND 6936507
	-> Filter: (sbtest6.k between 6936407 and 6936507)  (cost=17.9 rows=88)
    -> Covering index range scan on sbtest6 using k_6 over (6936407 <= k <= 6936507)  (cost=17.9 rows=88)


table 7 : explain SELECT k FROM sbtest7 WHERE k BETWEEN 6936407 AND 6936507
	-> Filter: (sbtest7.k between 6936407 and 6936507)  (cost=18.1 rows=89)
    -> Covering index range scan on sbtest7 using k_7 over (6936407 <= k <= 6936507)  (cost=18.1 rows=89)


table 8 : explain SELECT k FROM sbtest8 WHERE k BETWEEN 6936407 AND 6936507
	-> Filter: (sbtest8.k between 6936407 and 6936507)  (cost=22.5 rows=111)
    -> Covering index range scan on sbtest8 using k_8 over (6936407 <= k <= 6936507)  (cost=22.5 rows=111)



for range-covered
table 1 : explain SELECT k FROM sbtest1 WHERE k BETWEEN 5917655 AND 5917755
	-> Filter: (sbtest1.k between 5917655 and 5917755)  (cost=19.9 rows=98)
    -> Covering index range scan on sbtest1 using k_1 over (5917655 <= k <= 5917755)  (cost=19.9 rows=98)


table 2 : explain SELECT k FROM sbtest2 WHERE k BETWEEN 5917655 AND 5917755
	-> Filter: (sbtest2.k between 5917655 and 5917755)  (cost=20.7 rows=102)
    -> Covering index range scan on sbtest2 using k_2 over (5917655 <= k <= 5917755)  (cost=20.7 rows=102)


table 3 : explain SELECT k FROM sbtest3 WHERE k BETWEEN 5917655 AND 5917755
	-> Filter: (sbtest3.k between 5917655 and 5917755)  (cost=21.9 rows=108)
    -> Covering index range scan on sbtest3 using k_3 over (5917655 <= k <= 5917755)  (cost=21.9 rows=108)


table 4 : explain SELECT k FROM sbtest4 WHERE k BETWEEN 5917655 AND 5917755
	-> Filter: (sbtest4.k between 5917655 and 5917755)  (cost=20.3 rows=100)
    -> Covering index range scan on sbtest4 using k_4 over (5917655 <= k <= 5917755)  (cost=20.3 rows=100)


table 5 : explain SELECT k FROM sbtest5 WHERE k BETWEEN 5917655 AND 5917755
	-> Filter: (sbtest5.k between 5917655 and 5917755)  (cost=22.9 rows=113)
    -> Covering index range scan on sbtest5 using k_5 over (5917655 <= k <= 5917755)  (cost=22.9 rows=113)


table 6 : explain SELECT k FROM sbtest6 WHERE k BETWEEN 5917655 AND 5917755
	-> Filter: (sbtest6.k between 5917655 and 5917755)  (cost=18.9 rows=93)
    -> Covering index range scan on sbtest6 using k_6 over (5917655 <= k <= 5917755)  (cost=18.9 rows=93)


table 7 : explain SELECT k FROM sbtest7 WHERE k BETWEEN 5917655 AND 5917755
	-> Filter: (sbtest7.k between 5917655 and 5917755)  (cost=21.3 rows=105)
    -> Covering index range scan on sbtest7 using k_7 over (5917655 <= k <= 5917755)  (cost=21.3 rows=105)


table 8 : explain SELECT k FROM sbtest8 WHERE k BETWEEN 5917655 AND 5917755
	-> Filter: (sbtest8.k between 5917655 and 5917755)  (cost=22.3 rows=110)
    -> Covering index range scan on sbtest8 using k_8 over (5917655 <= k <= 5917755)  (cost=22.3 rows=110)


for range-covered
table 1 : explain SELECT k FROM sbtest1 WHERE k BETWEEN 4488193 AND 4488293
	-> Filter: (sbtest1.k between 4488193 and 4488293)  (cost=24.7 rows=122)
    -> Covering index range scan on sbtest1 using k_1 over (4488193 <= k <= 4488293)  (cost=24.7 rows=122)


table 2 : explain SELECT k FROM sbtest2 WHERE k BETWEEN 4488193 AND 4488293
	-> Filter: (sbtest2.k between 4488193 and 4488293)  (cost=18.7 rows=92)
    -> Covering index range scan on sbtest2 using k_2 over (4488193 <= k <= 4488293)  (cost=18.7 rows=92)


table 3 : explain SELECT k FROM sbtest3 WHERE k BETWEEN 4488193 AND 4488293
	-> Filter: (sbtest3.k between 4488193 and 4488293)  (cost=21.3 rows=105)
    -> Covering index range scan on sbtest3 using k_3 over (4488193 <= k <= 4488293)  (cost=21.3 rows=105)


table 4 : explain SELECT k FROM sbtest4 WHERE k BETWEEN 4488193 AND 4488293
	-> Filter: (sbtest4.k between 4488193 and 4488293)  (cost=21.9 rows=108)
    -> Covering index range scan on sbtest4 using k_4 over (4488193 <= k <= 4488293)  (cost=21.9 rows=108)


table 5 : explain SELECT k FROM sbtest5 WHERE k BETWEEN 4488193 AND 4488293
	-> Filter: (sbtest5.k between 4488193 and 4488293)  (cost=20.3 rows=100)
    -> Covering index range scan on sbtest5 using k_5 over (4488193 <= k <= 4488293)  (cost=20.3 rows=100)


table 6 : explain SELECT k FROM sbtest6 WHERE k BETWEEN 4488193 AND 4488293
	-> Filter: (sbtest6.k between 4488193 and 4488293)  (cost=22.3 rows=110)
    -> Covering index range scan on sbtest6 using k_6 over (4488193 <= k <= 4488293)  (cost=22.3 rows=110)


table 7 : explain SELECT k FROM sbtest7 WHERE k BETWEEN 4488193 AND 4488293
	-> Filter: (sbtest7.k between 4488193 and 4488293)  (cost=19.7 rows=97)
    -> Covering index range scan on sbtest7 using k_7 over (4488193 <= k <= 4488293)  (cost=19.7 rows=97)


table 8 : explain SELECT k FROM sbtest8 WHERE k BETWEEN 4488193 AND 4488293
	-> Filter: (sbtest8.k between 4488193 and 4488293)  (cost=18.5 rows=91)
    -> Covering index range scan on sbtest8 using k_8 over (4488193 <= k <= 4488293)  (cost=18.5 rows=91)


for range-covered
table 1 : explain SELECT k FROM sbtest1 WHERE k BETWEEN 1611351 AND 1611451
	-> Filter: (sbtest1.k between 1611351 and 1611451)  (cost=18.9 rows=93)
    -> Covering index range scan on sbtest1 using k_1 over (1611351 <= k <= 1611451)  (cost=18.9 rows=93)


table 2 : explain SELECT k FROM sbtest2 WHERE k BETWEEN 1611351 AND 1611451
	-> Filter: (sbtest2.k between 1611351 and 1611451)  (cost=19.5 rows=96)
    -> Covering index range scan on sbtest2 using k_2 over (1611351 <= k <= 1611451)  (cost=19.5 rows=96)


table 3 : explain SELECT k FROM sbtest3 WHERE k BETWEEN 1611351 AND 1611451
	-> Filter: (sbtest3.k between 1611351 and 1611451)  (cost=22.9 rows=113)
    -> Covering index range scan on sbtest3 using k_3 over (1611351 <= k <= 1611451)  (cost=22.9 rows=113)


table 4 : explain SELECT k FROM sbtest4 WHERE k BETWEEN 1611351 AND 1611451
	-> Filter: (sbtest4.k between 1611351 and 1611451)  (cost=19.9 rows=98)
    -> Covering index range scan on sbtest4 using k_4 over (1611351 <= k <= 1611451)  (cost=19.9 rows=98)


table 5 : explain SELECT k FROM sbtest5 WHERE k BETWEEN 1611351 AND 1611451
	-> Filter: (sbtest5.k between 1611351 and 1611451)  (cost=20.7 rows=102)
    -> Covering index range scan on sbtest5 using k_5 over (1611351 <= k <= 1611451)  (cost=20.7 rows=102)


table 6 : explain SELECT k FROM sbtest6 WHERE k BETWEEN 1611351 AND 1611451
	-> Filter: (sbtest6.k between 1611351 and 1611451)  (cost=19.7 rows=97)
    -> Covering index range scan on sbtest6 using k_6 over (1611351 <= k <= 1611451)  (cost=19.7 rows=97)


table 7 : explain SELECT k FROM sbtest7 WHERE k BETWEEN 1611351 AND 1611451
	-> Filter: (sbtest7.k between 1611351 and 1611451)  (cost=16.3 rows=80)
    -> Covering index range scan on sbtest7 using k_7 over (1611351 <= k <= 1611451)  (cost=16.3 rows=80)


table 8 : explain SELECT k FROM sbtest8 WHERE k BETWEEN 1611351 AND 1611451
	-> Filter: (sbtest8.k between 1611351 and 1611451)  (cost=19.3 rows=95)
    -> Covering index range scan on sbtest8 using k_8 over (1611351 <= k <= 1611451)  (cost=19.3 rows=95)


for range-covered
table 1 : explain SELECT k FROM sbtest1 WHERE k BETWEEN 6048949 AND 6049049
	-> Filter: (sbtest1.k between 6048949 and 6049049)  (cost=19.1 rows=94)
    -> Covering index range scan on sbtest1 using k_1 over (6048949 <= k <= 6049049)  (cost=19.1 rows=94)


table 2 : explain SELECT k FROM sbtest2 WHERE k BETWEEN 6048949 AND 6049049
	-> Filter: (sbtest2.k between 6048949 and 6049049)  (cost=19.1 rows=94)
    -> Covering index range scan on sbtest2 using k_2 over (6048949 <= k <= 6049049)  (cost=19.1 rows=94)


table 3 : explain SELECT k FROM sbtest3 WHERE k BETWEEN 6048949 AND 6049049
	-> Filter: (sbtest3.k between 6048949 and 6049049)  (cost=19.3 rows=95)
    -> Covering index range scan on sbtest3 using k_3 over (6048949 <= k <= 6049049)  (cost=19.3 rows=95)


table 4 : explain SELECT k FROM sbtest4 WHERE k BETWEEN 6048949 AND 6049049
	-> Filter: (sbtest4.k between 6048949 and 6049049)  (cost=19.7 rows=97)
    -> Covering index range scan on sbtest4 using k_4 over (6048949 <= k <= 6049049)  (cost=19.7 rows=97)


table 5 : explain SELECT k FROM sbtest5 WHERE k BETWEEN 6048949 AND 6049049
	-> Filter: (sbtest5.k between 6048949 and 6049049)  (cost=19.5 rows=96)
    -> Covering index range scan on sbtest5 using k_5 over (6048949 <= k <= 6049049)  (cost=19.5 rows=96)


table 6 : explain SELECT k FROM sbtest6 WHERE k BETWEEN 6048949 AND 6049049
	-> Filter: (sbtest6.k between 6048949 and 6049049)  (cost=20.1 rows=99)
    -> Covering index range scan on sbtest6 using k_6 over (6048949 <= k <= 6049049)  (cost=20.1 rows=99)


table 7 : explain SELECT k FROM sbtest7 WHERE k BETWEEN 6048949 AND 6049049
	-> Filter: (sbtest7.k between 6048949 and 6049049)  (cost=19.7 rows=97)
    -> Covering index range scan on sbtest7 using k_7 over (6048949 <= k <= 6049049)  (cost=19.7 rows=97)


table 8 : explain SELECT k FROM sbtest8 WHERE k BETWEEN 6048949 AND 6049049
	-> Filter: (sbtest8.k between 6048949 and 6049049)  (cost=21.5 rows=106)
    -> Covering index range scan on sbtest8 using k_8 over (6048949 <= k <= 6049049)  (cost=21.5 rows=106)


for range-covered
table 1 : explain SELECT k FROM sbtest1 WHERE k BETWEEN 2207025 AND 2207125
	-> Filter: (sbtest1.k between 2207025 and 2207125)  (cost=21.7 rows=107)
    -> Covering index range scan on sbtest1 using k_1 over (2207025 <= k <= 2207125)  (cost=21.7 rows=107)


table 2 : explain SELECT k FROM sbtest2 WHERE k BETWEEN 2207025 AND 2207125
	-> Filter: (sbtest2.k between 2207025 and 2207125)  (cost=21.9 rows=108)
    -> Covering index range scan on sbtest2 using k_2 over (2207025 <= k <= 2207125)  (cost=21.9 rows=108)


table 3 : explain SELECT k FROM sbtest3 WHERE k BETWEEN 2207025 AND 2207125
	-> Filter: (sbtest3.k between 2207025 and 2207125)  (cost=24.1 rows=119)
    -> Covering index range scan on sbtest3 using k_3 over (2207025 <= k <= 2207125)  (cost=24.1 rows=119)


table 4 : explain SELECT k FROM sbtest4 WHERE k BETWEEN 2207025 AND 2207125
	-> Filter: (sbtest4.k between 2207025 and 2207125)  (cost=22.9 rows=113)
    -> Covering index range scan on sbtest4 using k_4 over (2207025 <= k <= 2207125)  (cost=22.9 rows=113)


table 5 : explain SELECT k FROM sbtest5 WHERE k BETWEEN 2207025 AND 2207125
	-> Filter: (sbtest5.k between 2207025 and 2207125)  (cost=21.3 rows=105)
    -> Covering index range scan on sbtest5 using k_5 over (2207025 <= k <= 2207125)  (cost=21.3 rows=105)


table 6 : explain SELECT k FROM sbtest6 WHERE k BETWEEN 2207025 AND 2207125
	-> Filter: (sbtest6.k between 2207025 and 2207125)  (cost=18.7 rows=92)
    -> Covering index range scan on sbtest6 using k_6 over (2207025 <= k <= 2207125)  (cost=18.7 rows=92)


table 7 : explain SELECT k FROM sbtest7 WHERE k BETWEEN 2207025 AND 2207125
	-> Filter: (sbtest7.k between 2207025 and 2207125)  (cost=23.3 rows=115)
    -> Covering index range scan on sbtest7 using k_7 over (2207025 <= k <= 2207125)  (cost=23.3 rows=115)


table 8 : explain SELECT k FROM sbtest8 WHERE k BETWEEN 2207025 AND 2207125
	-> Filter: (sbtest8.k between 2207025 and 2207125)  (cost=22.7 rows=112)
    -> Covering index range scan on sbtest8 using k_8 over (2207025 <= k <= 2207125)  (cost=22.7 rows=112)

explain: for range-covered :: explain SELECT k FROM sbtest%d WHERE k BETWEEN 6795179 AND 6795279for range-covered
table 1 : explain SELECT k FROM sbtest1 WHERE k BETWEEN 4433145 AND 4433245
	-> Filter: (sbtest1.k between 4433145 and 4433245)  (cost=22.1 rows=109)
    -> Covering index range scan on sbtest1 using k_1 over (4433145 <= k <= 4433245)  (cost=22.1 rows=109)


table 2 : explain SELECT k FROM sbtest2 WHERE k BETWEEN 4433145 AND 4433245
	-> Filter: (sbtest2.k between 4433145 and 4433245)  (cost=21.1 rows=104)
    -> Covering index range scan on sbtest2 using k_2 over (4433145 <= k <= 4433245)  (cost=21.1 rows=104)


table 3 : explain SELECT k FROM sbtest3 WHERE k BETWEEN 4433145 AND 4433245
	-> Filter: (sbtest3.k between 4433145 and 4433245)  (cost=19.9 rows=98)
    -> Covering index range scan on sbtest3 using k_3 over (4433145 <= k <= 4433245)  (cost=19.9 rows=98)


table 4 : explain SELECT k FROM sbtest4 WHERE k BETWEEN 4433145 AND 4433245
	-> Filter: (sbtest4.k between 4433145 and 4433245)  (cost=24.9 rows=123)
    -> Covering index range scan on sbtest4 using k_4 over (4433145 <= k <= 4433245)  (cost=24.9 rows=123)


table 5 : explain SELECT k FROM sbtest5 WHERE k BETWEEN 4433145 AND 4433245
	-> Filter: (sbtest5.k between 4433145 and 4433245)  (cost=20.9 rows=103)
    -> Covering index range scan on sbtest5 using k_5 over (4433145 <= k <= 4433245)  (cost=20.9 rows=103)


table 6 : explain SELECT k FROM sbtest6 WHERE k BETWEEN 4433145 AND 4433245
	-> Filter: (sbtest6.k between 4433145 and 4433245)  (cost=20.7 rows=102)
    -> Covering index range scan on sbtest6 using k_6 over (4433145 <= k <= 4433245)  (cost=20.7 rows=102)


table 7 : explain SELECT k FROM sbtest7 WHERE k BETWEEN 4433145 AND 4433245
	-> Filter: (sbtest7.k between 4433145 and 4433245)  (cost=14.9 rows=73)
    -> Covering index range scan on sbtest7 using k_7 over (4433145 <= k <= 4433245)  (cost=14.9 rows=73)


table 8 : explain SELECT k FROM sbtest8 WHERE k BETWEEN 4433145 AND 4433245
	-> Filter: (sbtest8.k between 4433145 and 4433245)  (cost=22.7 rows=112)
    -> Covering index range scan on sbtest8 using k_8 over (4433145 <= k <= 4433245)  (cost=22.7 rows=112)


for range-covered
table 1 : explain SELECT k FROM sbtest1 WHERE k BETWEEN 5533698 AND 5533798
	-> Filter: (sbtest1.k between 5533698 and 5533798)  (cost=18.5 rows=91)
    -> Covering index range scan on sbtest1 using k_1 over (5533698 <= k <= 5533798)  (cost=18.5 rows=91)


table 2 : explain SELECT k FROM sbtest2 WHERE k BETWEEN 5533698 AND 5533798
	-> Filter: (sbtest2.k between 5533698 and 5533798)  (cost=22.3 rows=110)
    -> Covering index range scan on sbtest2 using k_2 over (5533698 <= k <= 5533798)  (cost=22.3 rows=110)


table 3 : explain SELECT k FROM sbtest3 WHERE k BETWEEN 5533698 AND 5533798
	-> Filter: (sbtest3.k between 5533698 and 5533798)  (cost=22.5 rows=111)
    -> Covering index range scan on sbtest3 using k_3 over (5533698 <= k <= 5533798)  (cost=22.5 rows=111)


table 4 : explain SELECT k FROM sbtest4 WHERE k BETWEEN 5533698 AND 5533798
	-> Filter: (sbtest4.k between 5533698 and 5533798)  (cost=20.9 rows=103)
    -> Covering index range scan on sbtest4 using k_4 over (5533698 <= k <= 5533798)  (cost=20.9 rows=103)


table 5 : explain SELECT k FROM sbtest5 WHERE k BETWEEN 5533698 AND 5533798
	-> Filter: (sbtest5.k between 5533698 and 5533798)  (cost=22.5 rows=111)
    -> Covering index range scan on sbtest5 using k_5 over (5533698 <= k <= 5533798)  (cost=22.5 rows=111)


table 6 : explain SELECT k FROM sbtest6 WHERE k BETWEEN 5533698 AND 5533798
	-> Filter: (sbtest6.k between 5533698 and 5533798)  (cost=20.7 rows=102)
    -> Covering index range scan on sbtest6 using k_6 over (5533698 <= k <= 5533798)  (cost=20.7 rows=102)


table 7 : explain SELECT k FROM sbtest7 WHERE k BETWEEN 5533698 AND 5533798
	-> Filter: (sbtest7.k between 5533698 and 5533798)  (cost=20.9 rows=103)
    -> Covering index range scan on sbtest7 using k_7 over (5533698 <= k <= 5533798)  (cost=20.9 rows=103)


table 8 : explain SELECT k FROM sbtest8 WHERE k BETWEEN 5533698 AND 5533798
	-> Filter: (sbtest8.k between 5533698 and 5533798)  (cost=24.7 rows=122)
    -> Covering index range scan on sbtest8 using k_8 over (5533698 <= k <= 5533798)  (cost=24.7 rows=122)


explain: for range-covered :: explain SELECT k FROM sbtest%d WHERE k BETWEEN 4028958 AND 4029058


explain: for range-covered :: explain SELECT k FROM sbtest%d WHERE k BETWEEN 1611351 AND 1611451
explain: for range-covered :: explain SELECT k FROM sbtest%d WHERE k BETWEEN 5917655 AND 5917755
for range-covered
table 1 : explain SELECT k FROM sbtest1 WHERE k BETWEEN 5072241 AND 5072341
	-> Filter: (sbtest1.k between 5072241 and 5072341)  (cost=26.9 rows=133)
    -> Covering index range scan on sbtest1 using k_1 over (5072241 <= k <= 5072341)  (cost=26.9 rows=133)


table 2 : explain SELECT k FROM sbtest2 WHERE k BETWEEN 5072241 AND 5072341
	-> Filter: (sbtest2.k between 5072241 and 5072341)  (cost=20.5 rows=101)
    -> Covering index range scan on sbtest2 using k_2 over (5072241 <= k <= 5072341)  (cost=20.5 rows=101)


table 3 : explain SELECT k FROM sbtest3 WHERE k BETWEEN 5072241 AND 5072341
	-> Filter: (sbtest3.k between 5072241 and 5072341)  (cost=17.1 rows=84)
    -> Covering index range scan on sbtest3 using k_3 over (5072241 <= k <= 5072341)  (cost=17.1 rows=84)


table 4 : explain SELECT k FROM sbtest4 WHERE k BETWEEN 5072241 AND 5072341
	-> Filter: (sbtest4.k between 5072241 and 5072341)  (cost=19.5 rows=96)
    -> Covering index range scan on sbtest4 using k_4 over (5072241 <= k <= 5072341)  (cost=19.5 rows=96)


table 5 : explain SELECT k FROM sbtest5 WHERE k BETWEEN 5072241 AND 5072341
	-> Filter: (sbtest5.k between 5072241 and 5072341)  (cost=20.9 rows=103)
    -> Covering index range scan on sbtest5 using k_5 over (5072241 <= k <= 5072341)  (cost=20.9 rows=103)


table 6 : explain SELECT k FROM sbtest6 WHERE k BETWEEN 5072241 AND 5072341
	-> Filter: (sbtest6.k between 5072241 and 5072341)  (cost=18.5 rows=91)
    -> Covering index range scan on sbtest6 using k_6 over (5072241 <= k <= 5072341)  (cost=18.5 rows=91)


table 7 : explain SELECT k FROM sbtest7 WHERE k BETWEEN 5072241 AND 5072341
	-> Filter: (sbtest7.k between 5072241 and 5072341)  (cost=19.3 rows=95)
    -> Covering index range scan on sbtest7 using k_7 over (5072241 <= k <= 5072341)  (cost=19.3 rows=95)


table 8 : explain SELECT k FROM sbtest8 WHERE k BETWEEN 5072241 AND 5072341
	-> Filter: (sbtest8.k between 5072241 and 5072341)  (cost=20.3 rows=100)
    -> Covering index range scan on sbtest8 using k_8 over (5072241 <= k <= 5072341)  (cost=20.3 rows=100)

explain: for range-covered :: explain SELECT k FROM sbtest%d WHERE k BETWEEN 4433145 AND 4433245
explain: for range-covered :: explain SELECT k FROM sbtest%d WHERE k BETWEEN 5533698 AND 5533798explain: for range-covered :: explain SELECT k FROM sbtest%d WHERE k BETWEEN 6048949 AND 6049049
for range-covered
table 1 : explain SELECT k FROM sbtest1 WHERE k BETWEEN 4097165 AND 4097265
	-> Filter: (sbtest1.k between 4097165 and 4097265)  (cost=20.7 rows=102)
    -> Covering index range scan on sbtest1 using k_1 over (4097165 <= k <= 4097265)  (cost=20.7 rows=102)


table 2 : explain SELECT k FROM sbtest2 WHERE k BETWEEN 4097165 AND 4097265
	-> Filter: (sbtest2.k between 4097165 and 4097265)  (cost=22.1 rows=109)
    -> Covering index range scan on sbtest2 using k_2 over (4097165 <= k <= 4097265)  (cost=22.1 rows=109)


table 3 : explain SELECT k FROM sbtest3 WHERE k BETWEEN 4097165 AND 4097265
	-> Filter: (sbtest3.k between 4097165 and 4097265)  (cost=20.9 rows=103)
    -> Covering index range scan on sbtest3 using k_3 over (4097165 <= k <= 4097265)  (cost=20.9 rows=103)


table 4 : explain SELECT k FROM sbtest4 WHERE k BETWEEN 4097165 AND 4097265
	-> Filter: (sbtest4.k between 4097165 and 4097265)  (cost=18.7 rows=92)
    -> Covering index range scan on sbtest4 using k_4 over (4097165 <= k <= 4097265)  (cost=18.7 rows=92)


table 5 : explain SELECT k FROM sbtest5 WHERE k BETWEEN 4097165 AND 4097265
	-> Filter: (sbtest5.k between 4097165 and 4097265)  (cost=21.1 rows=104)
    -> Covering index range scan on sbtest5 using k_5 over (4097165 <= k <= 4097265)  (cost=21.1 rows=104)


table 6 : explain SELECT k FROM sbtest6 WHERE k BETWEEN 4097165 AND 4097265
	-> Filter: (sbtest6.k between 4097165 and 4097265)  (cost=21.1 rows=104)
    -> Covering index range scan on sbtest6 using k_6 over (4097165 <= k <= 4097265)  (cost=21.1 rows=104)


table 7 : explain SELECT k FROM sbtest7 WHERE k BETWEEN 4097165 AND 4097265
	-> Filter: (sbtest7.k between 4097165 and 4097265)  (cost=22.7 rows=112)
    -> Covering index range scan on sbtest7 using k_7 over (4097165 <= k <= 4097265)  (cost=22.7 rows=112)


table 8 : explain SELECT k FROM sbtest8 WHERE k BETWEEN 4097165 AND 4097265
	-> Filter: (sbtest8.k between 4097165 and 4097265)  (cost=23.5 rows=116)
    -> Covering index range scan on sbtest8 using k_8 over (4097165 <= k <= 4097265)  (cost=23.5 rows=116)


explain: for range-covered :: explain SELECT k FROM sbtest%d WHERE k BETWEEN 6936407 AND 6936507


for range-covered
table 1 : explain SELECT k FROM sbtest1 WHERE k BETWEEN 1786794 AND 1786894
	-> Filter: (sbtest1.k between 1786794 and 1786894)  (cost=20.5 rows=101)
    -> Covering index range scan on sbtest1 using k_1 over (1786794 <= k <= 1786894)  (cost=20.5 rows=101)


table 2 : explain SELECT k FROM sbtest2 WHERE k BETWEEN 1786794 AND 1786894
	-> Filter: (sbtest2.k between 1786794 and 1786894)  (cost=24.3 rows=120)
    -> Covering index range scan on sbtest2 using k_2 over (1786794 <= k <= 1786894)  (cost=24.3 rows=120)


table 3 : explain SELECT k FROM sbtest3 WHERE k BETWEEN 1786794 AND 1786894
	-> Filter: (sbtest3.k between 1786794 and 1786894)  (cost=19.5 rows=96)
    -> Covering index range scan on sbtest3 using k_3 over (1786794 <= k <= 1786894)  (cost=19.5 rows=96)


table 4 : explain SELECT k FROM sbtest4 WHERE k BETWEEN 1786794 AND 1786894
	-> Filter: (sbtest4.k between 1786794 and 1786894)  (cost=20.3 rows=100)
    -> Covering index range scan on sbtest4 using k_4 over (1786794 <= k <= 1786894)  (cost=20.3 rows=100)


table 5 : explain SELECT k FROM sbtest5 WHERE k BETWEEN 1786794 AND 1786894
	-> Filter: (sbtest5.k between 1786794 and 1786894)  (cost=20.1 rows=99)
    -> Covering index range scan on sbtest5 using k_5 over (1786794 <= k <= 1786894)  (cost=20.1 rows=99)


table 6 : explain SELECT k FROM sbtest6 WHERE k BETWEEN 1786794 AND 1786894
	-> Filter: (sbtest6.k between 1786794 and 1786894)  (cost=18.1 rows=89)
    -> Covering index range scan on sbtest6 using k_6 over (1786794 <= k <= 1786894)  (cost=18.1 rows=89)


table 7 : explain SELECT k FROM sbtest7 WHERE k BETWEEN 1786794 AND 1786894
	-> Filter: (sbtest7.k between 1786794 and 1786894)  (cost=21.1 rows=104)
    -> Covering index range scan on sbtest7 using k_7 over (1786794 <= k <= 1786894)  (cost=21.1 rows=104)


table 8 : explain SELECT k FROM sbtest8 WHERE k BETWEEN 1786794 AND 1786894
	-> Filter: (sbtest8.k between 1786794 and 1786894)  (cost=20.7 rows=102)
    -> Covering index range scan on sbtest8 using k_8 over (1786794 <= k <= 1786894)  (cost=20.7 rows=102)


explain: for range-covered :: explain SELECT k FROM sbtest%d WHERE k BETWEEN 2207025 AND 2207125
for range-covered
table 1 : explain SELECT k FROM sbtest1 WHERE k BETWEEN 2903813 AND 2903913
	-> Filter: (sbtest1.k between 2903813 and 2903913)  (cost=20.9 rows=103)
    -> Covering index range scan on sbtest1 using k_1 over (2903813 <= k <= 2903913)  (cost=20.9 rows=103)


table 2 : explain SELECT k FROM sbtest2 WHERE k BETWEEN 2903813 AND 2903913
	-> Filter: (sbtest2.k between 2903813 and 2903913)  (cost=21.9 rows=108)
    -> Covering index range scan on sbtest2 using k_2 over (2903813 <= k <= 2903913)  (cost=21.9 rows=108)


table 3 : explain SELECT k FROM sbtest3 WHERE k BETWEEN 2903813 AND 2903913
	-> Filter: (sbtest3.k between 2903813 and 2903913)  (cost=17.1 rows=84)
    -> Covering index range scan on sbtest3 using k_3 over (2903813 <= k <= 2903913)  (cost=17.1 rows=84)


table 4 : explain SELECT k FROM sbtest4 WHERE k BETWEEN 2903813 AND 2903913
	-> Filter: (sbtest4.k between 2903813 and 2903913)  (cost=19.7 rows=97)
    -> Covering index range scan on sbtest4 using k_4 over (2903813 <= k <= 2903913)  (cost=19.7 rows=97)


table 5 : explain SELECT k FROM sbtest5 WHERE k BETWEEN 2903813 AND 2903913
	-> Filter: (sbtest5.k between 2903813 and 2903913)  (cost=18.7 rows=92)
    -> Covering index range scan on sbtest5 using k_5 over (2903813 <= k <= 2903913)  (cost=18.7 rows=92)


table 6 : explain SELECT k FROM sbtest6 WHERE k BETWEEN 2903813 AND 2903913
	-> Filter: (sbtest6.k between 2903813 and 2903913)  (cost=20.3 rows=100)
    -> Covering index range scan on sbtest6 using k_6 over (2903813 <= k <= 2903913)  (cost=20.3 rows=100)


table 7 : explain SELECT k FROM sbtest7 WHERE k BETWEEN 2903813 AND 2903913
	-> Filter: (sbtest7.k between 2903813 and 2903913)  (cost=18.5 rows=91)
    -> Covering index range scan on sbtest7 using k_7 over (2903813 <= k <= 2903913)  (cost=18.5 rows=91)


table 8 : explain SELECT k FROM sbtest8 WHERE k BETWEEN 2903813 AND 2903913
	-> Filter: (sbtest8.k between 2903813 and 2903913)  (cost=19.9 rows=98)
    -> Covering index range scan on sbtest8 using k_8 over (2903813 <= k <= 2903913)  (cost=19.9 rows=98)


for range-covered
table 1 : explain SELECT k FROM sbtest1 WHERE k BETWEEN 4835917 AND 4836017
	-> Filter: (sbtest1.k between 4835917 and 4836017)  (cost=23.1 rows=114)
    -> Covering index range scan on sbtest1 using k_1 over (4835917 <= k <= 4836017)  (cost=23.1 rows=114)


table 2 : explain SELECT k FROM sbtest2 WHERE k BETWEEN 4835917 AND 4836017
	-> Filter: (sbtest2.k between 4835917 and 4836017)  (cost=20.3 rows=100)
    -> Covering index range scan on sbtest2 using k_2 over (4835917 <= k <= 4836017)  (cost=20.3 rows=100)


table 3 : explain SELECT k FROM sbtest3 WHERE k BETWEEN 4835917 AND 4836017
	-> Filter: (sbtest3.k between 4835917 and 4836017)  (cost=20.3 rows=100)
    -> Covering index range scan on sbtest3 using k_3 over (4835917 <= k <= 4836017)  (cost=20.3 rows=100)


table 4 : explain SELECT k FROM sbtest4 WHERE k BETWEEN 4835917 AND 4836017
	-> Filter: (sbtest4.k between 4835917 and 4836017)  (cost=20.9 rows=103)
    -> Covering index range scan on sbtest4 using k_4 over (4835917 <= k <= 4836017)  (cost=20.9 rows=103)


table 5 : explain SELECT k FROM sbtest5 WHERE k BETWEEN 4835917 AND 4836017
	-> Filter: (sbtest5.k between 4835917 and 4836017)  (cost=20.7 rows=102)
    -> Covering index range scan on sbtest5 using k_5 over (4835917 <= k <= 4836017)  (cost=20.7 rows=102)


table 6 : explain SELECT k FROM sbtest6 WHERE k BETWEEN 4835917 AND 4836017
	-> Filter: (sbtest6.k between 4835917 and 4836017)  (cost=21.7 rows=107)
    -> Covering index range scan on sbtest6 using k_6 over (4835917 <= k <= 4836017)  (cost=21.7 rows=107)


table 7 : explain SELECT k FROM sbtest7 WHERE k BETWEEN 4835917 AND 4836017
	-> Filter: (sbtest7.k between 4835917 and 4836017)  (cost=21.5 rows=106)
    -> Covering index range scan on sbtest7 using k_7 over (4835917 <= k <= 4836017)  (cost=21.5 rows=106)


table 8 : explain SELECT k FROM sbtest8 WHERE k BETWEEN 4835917 AND 4836017
	-> Filter: (sbtest8.k between 4835917 and 4836017)  (cost=21.9 rows=108)
    -> Covering index range scan on sbtest8 using k_8 over (4835917 <= k <= 4836017)  (cost=21.9 rows=108)


for range-covered
table 1 : explain SELECT k FROM sbtest1 WHERE k BETWEEN 3531035 AND 3531135
	-> Filter: (sbtest1.k between 3531035 and 3531135)  (cost=19.9 rows=98)
    -> Covering index range scan on sbtest1 using k_1 over (3531035 <= k <= 3531135)  (cost=19.9 rows=98)


table 2 : explain SELECT k FROM sbtest2 WHERE k BETWEEN 3531035 AND 3531135
	-> Filter: (sbtest2.k between 3531035 and 3531135)  (cost=18.9 rows=93)
    -> Covering index range scan on sbtest2 using k_2 over (3531035 <= k <= 3531135)  (cost=18.9 rows=93)


table 3 : explain SELECT k FROM sbtest3 WHERE k BETWEEN 3531035 AND 3531135
	-> Filter: (sbtest3.k between 3531035 and 3531135)  (cost=20.7 rows=102)
    -> Covering index range scan on sbtest3 using k_3 over (3531035 <= k <= 3531135)  (cost=20.7 rows=102)


table 4 : explain SELECT k FROM sbtest4 WHERE k BETWEEN 3531035 AND 3531135
	-> Filter: (sbtest4.k between 3531035 and 3531135)  (cost=23.9 rows=118)
    -> Covering index range scan on sbtest4 using k_4 over (3531035 <= k <= 3531135)  (cost=23.9 rows=118)


table 5 : explain SELECT k FROM sbtest5 WHERE k BETWEEN 3531035 AND 3531135
	-> Filter: (sbtest5.k between 3531035 and 3531135)  (cost=20.3 rows=100)
    -> Covering index range scan on sbtest5 using k_5 over (3531035 <= k <= 3531135)  (cost=20.3 rows=100)


table 6 : explain SELECT k FROM sbtest6 WHERE k BETWEEN 3531035 AND 3531135
	-> Filter: (sbtest6.k between 3531035 and 3531135)  (cost=15.1 rows=74)
    -> Covering index range scan on sbtest6 using k_6 over (3531035 <= k <= 3531135)  (cost=15.1 rows=74)


table 7 : explain SELECT k FROM sbtest7 WHERE k BETWEEN 3531035 AND 3531135
	-> Filter: (sbtest7.k between 3531035 and 3531135)  (cost=18.9 rows=93)
    -> Covering index range scan on sbtest7 using k_7 over (3531035 <= k <= 3531135)  (cost=18.9 rows=93)


table 8 : explain SELECT k FROM sbtest8 WHERE k BETWEEN 3531035 AND 3531135
	-> Filter: (sbtest8.k between 3531035 and 3531135)  (cost=16.9 rows=83)
    -> Covering index range scan on sbtest8 using k_8 over (3531035 <= k <= 3531135)  (cost=16.9 rows=83)


explain: for range-covered :: explain SELECT k FROM sbtest%d WHERE k BETWEEN 5072241 AND 5072341
for range-covered
table 1 : explain SELECT k FROM sbtest1 WHERE k BETWEEN 4565518 AND 4565618
	-> Filter: (sbtest1.k between 4565518 and 4565618)  (cost=19.7 rows=97)
    -> Covering index range scan on sbtest1 using k_1 over (4565518 <= k <= 4565618)  (cost=19.7 rows=97)


table 2 : explain SELECT k FROM sbtest2 WHERE k BETWEEN 4565518 AND 4565618
	-> Filter: (sbtest2.k between 4565518 and 4565618)  (cost=21.3 rows=105)
    -> Covering index range scan on sbtest2 using k_2 over (4565518 <= k <= 4565618)  (cost=21.3 rows=105)


table 3 : explain SELECT k FROM sbtest3 WHERE k BETWEEN 4565518 AND 4565618
	-> Filter: (sbtest3.k between 4565518 and 4565618)  (cost=22.7 rows=112)
    -> Covering index range scan on sbtest3 using k_3 over (4565518 <= k <= 4565618)  (cost=22.7 rows=112)


table 4 : explain SELECT k FROM sbtest4 WHERE k BETWEEN 4565518 AND 4565618
	-> Filter: (sbtest4.k between 4565518 and 4565618)  (cost=18.9 rows=93)
    -> Covering index range scan on sbtest4 using k_4 over (4565518 <= k <= 4565618)  (cost=18.9 rows=93)


table 5 : explain SELECT k FROM sbtest5 WHERE k BETWEEN 4565518 AND 4565618
	-> Filter: (sbtest5.k between 4565518 and 4565618)  (cost=23.5 rows=116)
    -> Covering index range scan on sbtest5 using k_5 over (4565518 <= k <= 4565618)  (cost=23.5 rows=116)


table 6 : explain SELECT k FROM sbtest6 WHERE k BETWEEN 4565518 AND 4565618
	-> Filter: (sbtest6.k between 4565518 and 4565618)  (cost=18.1 rows=89)
    -> Covering index range scan on sbtest6 using k_6 over (4565518 <= k <= 4565618)  (cost=18.1 rows=89)


table 7 : explain SELECT k FROM sbtest7 WHERE k BETWEEN 4565518 AND 4565618
	-> Filter: (sbtest7.k between 4565518 and 4565618)  (cost=21.9 rows=108)
    -> Covering index range scan on sbtest7 using k_7 over (4565518 <= k <= 4565618)  (cost=21.9 rows=108)


table 8 : explain SELECT k FROM sbtest8 WHERE k BETWEEN 4565518 AND 4565618
	-> Filter: (sbtest8.k between 4565518 and 4565618)  (cost=21.7 rows=107)
    -> Covering index range scan on sbtest8 using k_8 over (4565518 <= k <= 4565618)  (cost=21.7 rows=107)


for range-covered
table 1 : explain SELECT k FROM sbtest1 WHERE k BETWEEN 4185972 AND 4186072
	-> Filter: (sbtest1.k between 4185972 and 4186072)  (cost=19.3 rows=95)
    -> Covering index range scan on sbtest1 using k_1 over (4185972 <= k <= 4186072)  (cost=19.3 rows=95)


table 2 : explain SELECT k FROM sbtest2 WHERE k BETWEEN 4185972 AND 4186072
	-> Filter: (sbtest2.k between 4185972 and 4186072)  (cost=23.3 rows=115)
    -> Covering index range scan on sbtest2 using k_2 over (4185972 <= k <= 4186072)  (cost=23.3 rows=115)


table 3 : explain SELECT k FROM sbtest3 WHERE k BETWEEN 4185972 AND 4186072
	-> Filter: (sbtest3.k between 4185972 and 4186072)  (cost=22.1 rows=109)
    -> Covering index range scan on sbtest3 using k_3 over (4185972 <= k <= 4186072)  (cost=22.1 rows=109)


table 4 : explain SELECT k FROM sbtest4 WHERE k BETWEEN 4185972 AND 4186072
	-> Filter: (sbtest4.k between 4185972 and 4186072)  (cost=22.3 rows=110)
    -> Covering index range scan on sbtest4 using k_4 over (4185972 <= k <= 4186072)  (cost=22.3 rows=110)


table 5 : explain SELECT k FROM sbtest5 WHERE k BETWEEN 4185972 AND 4186072
	-> Filter: (sbtest5.k between 4185972 and 4186072)  (cost=22.7 rows=112)
    -> Covering index range scan on sbtest5 using k_5 over (4185972 <= k <= 4186072)  (cost=22.7 rows=112)


table 6 : explain SELECT k FROM sbtest6 WHERE k BETWEEN 4185972 AND 4186072
	-> Filter: (sbtest6.k between 4185972 and 4186072)  (cost=19.1 rows=94)
    -> Covering index range scan on sbtest6 using k_6 over (4185972 <= k <= 4186072)  (cost=19.1 rows=94)


table 7 : explain SELECT k FROM sbtest7 WHERE k BETWEEN 4185972 AND 4186072
	-> Filter: (sbtest7.k between 4185972 and 4186072)  (cost=21.9 rows=108)
    -> Covering index range scan on sbtest7 using k_7 over (4185972 <= k <= 4186072)  (cost=21.9 rows=108)


table 8 : explain SELECT k FROM sbtest8 WHERE k BETWEEN 4185972 AND 4186072
	-> Filter: (sbtest8.k between 4185972 and 4186072)  (cost=15.9 rows=78)
    -> Covering index range scan on sbtest8 using k_8 over (4185972 <= k <= 4186072)  (cost=15.9 rows=78)


for range-covered
table 1 : explain SELECT k FROM sbtest1 WHERE k BETWEEN 9320933 AND 9321033
	-> Filter: (sbtest1.k between 9320933 and 9321033)  (cost=22.7 rows=112)
    -> Covering index range scan on sbtest1 using k_1 over (9320933 <= k <= 9321033)  (cost=22.7 rows=112)


table 2 : explain SELECT k FROM sbtest2 WHERE k BETWEEN 9320933 AND 9321033
	-> Filter: (sbtest2.k between 9320933 and 9321033)  (cost=20.3 rows=100)
    -> Covering index range scan on sbtest2 using k_2 over (9320933 <= k <= 9321033)  (cost=20.3 rows=100)


table 3 : explain SELECT k FROM sbtest3 WHERE k BETWEEN 9320933 AND 9321033
	-> Filter: (sbtest3.k between 9320933 and 9321033)  (cost=17.3 rows=85)
    -> Covering index range scan on sbtest3 using k_3 over (9320933 <= k <= 9321033)  (cost=17.3 rows=85)


table 4 : explain SELECT k FROM sbtest4 WHERE k BETWEEN 9320933 AND 9321033
	-> Filter: (sbtest4.k between 9320933 and 9321033)  (cost=16.9 rows=83)
    -> Covering index range scan on sbtest4 using k_4 over (9320933 <= k <= 9321033)  (cost=16.9 rows=83)


table 5 : explain SELECT k FROM sbtest5 WHERE k BETWEEN 9320933 AND 9321033
	-> Filter: (sbtest5.k between 9320933 and 9321033)  (cost=18.3 rows=90)
    -> Covering index range scan on sbtest5 using k_5 over (9320933 <= k <= 9321033)  (cost=18.3 rows=90)


table 6 : explain SELECT k FROM sbtest6 WHERE k BETWEEN 9320933 AND 9321033
	-> Filter: (sbtest6.k between 9320933 and 9321033)  (cost=18.5 rows=91)
    -> Covering index range scan on sbtest6 using k_6 over (9320933 <= k <= 9321033)  (cost=18.5 rows=91)


table 7 : explain SELECT k FROM sbtest7 WHERE k BETWEEN 9320933 AND 9321033
	-> Filter: (sbtest7.k between 9320933 and 9321033)  (cost=19.7 rows=97)
    -> Covering index range scan on sbtest7 using k_7 over (9320933 <= k <= 9321033)  (cost=19.7 rows=97)


table 8 : explain SELECT k FROM sbtest8 WHERE k BETWEEN 9320933 AND 9321033
	-> Filter: (sbtest8.k between 9320933 and 9321033)  (cost=21.1 rows=104)
    -> Covering index range scan on sbtest8 using k_8 over (9320933 <= k <= 9321033)  (cost=21.1 rows=104)


explain: for range-covered :: explain SELECT k FROM sbtest%d WHERE k BETWEEN 4565518 AND 4565618
explain: for range-covered :: explain SELECT k FROM sbtest%d WHERE k BETWEEN 9320933 AND 9321033
explain: for range-covered :: explain SELECT k FROM sbtest%d WHERE k BETWEEN 3531035 AND 3531135
for range-covered
table 1 : explain SELECT k FROM sbtest1 WHERE k BETWEEN 7334581 AND 7334681
	-> Filter: (sbtest1.k between 7334581 and 7334681)  (cost=16.7 rows=82)
    -> Covering index range scan on sbtest1 using k_1 over (7334581 <= k <= 7334681)  (cost=16.7 rows=82)


table 2 : explain SELECT k FROM sbtest2 WHERE k BETWEEN 7334581 AND 7334681
	-> Filter: (sbtest2.k between 7334581 and 7334681)  (cost=21.1 rows=104)
    -> Covering index range scan on sbtest2 using k_2 over (7334581 <= k <= 7334681)  (cost=21.1 rows=104)


table 3 : explain SELECT k FROM sbtest3 WHERE k BETWEEN 7334581 AND 7334681
	-> Filter: (sbtest3.k between 7334581 and 7334681)  (cost=18.7 rows=92)
    -> Covering index range scan on sbtest3 using k_3 over (7334581 <= k <= 7334681)  (cost=18.7 rows=92)


table 4 : explain SELECT k FROM sbtest4 WHERE k BETWEEN 7334581 AND 7334681
	-> Filter: (sbtest4.k between 7334581 and 7334681)  (cost=20.3 rows=100)
    -> Covering index range scan on sbtest4 using k_4 over (7334581 <= k <= 7334681)  (cost=20.3 rows=100)


table 5 : explain SELECT k FROM sbtest5 WHERE k BETWEEN 7334581 AND 7334681
	-> Filter: (sbtest5.k between 7334581 and 7334681)  (cost=18.5 rows=91)
    -> Covering index range scan on sbtest5 using k_5 over (7334581 <= k <= 7334681)  (cost=18.5 rows=91)


table 6 : explain SELECT k FROM sbtest6 WHERE k BETWEEN 7334581 AND 7334681
	-> Filter: (sbtest6.k between 7334581 and 7334681)  (cost=25.1 rows=124)
    -> Covering index range scan on sbtest6 using k_6 over (7334581 <= k <= 7334681)  (cost=25.1 rows=124)


table 7 : explain SELECT k FROM sbtest7 WHERE k BETWEEN 7334581 AND 7334681
	-> Filter: (sbtest7.k between 7334581 and 7334681)  (cost=20.3 rows=100)
    -> Covering index range scan on sbtest7 using k_7 over (7334581 <= k <= 7334681)  (cost=20.3 rows=100)


table 8 : explain SELECT k FROM sbtest8 WHERE k BETWEEN 7334581 AND 7334681
	-> Filter: (sbtest8.k between 7334581 and 7334681)  (cost=17.1 rows=84)
    -> Covering index range scan on sbtest8 using k_8 over (7334581 <= k <= 7334681)  (cost=17.1 rows=84)


for range-covered
table 1 : explain SELECT k FROM sbtest1 WHERE k BETWEEN 4982434 AND 4982534
	-> Filter: (sbtest1.k between 4982434 and 4982534)  (cost=23.3 rows=115)
    -> Covering index range scan on sbtest1 using k_1 over (4982434 <= k <= 4982534)  (cost=23.3 rows=115)


table 2 : explain SELECT k FROM sbtest2 WHERE k BETWEEN 4982434 AND 4982534
	-> Filter: (sbtest2.k between 4982434 and 4982534)  (cost=19.5 rows=96)
    -> Covering index range scan on sbtest2 using k_2 over (4982434 <= k <= 4982534)  (cost=19.5 rows=96)


table 3 : explain SELECT k FROM sbtest3 WHERE k BETWEEN 4982434 AND 4982534
	-> Filter: (sbtest3.k between 4982434 and 4982534)  (cost=21.1 rows=104)
    -> Covering index range scan on sbtest3 using k_3 over (4982434 <= k <= 4982534)  (cost=21.1 rows=104)


table 4 : explain SELECT k FROM sbtest4 WHERE k BETWEEN 4982434 AND 4982534
	-> Filter: (sbtest4.k between 4982434 and 4982534)  (cost=22.3 rows=110)
    -> Covering index range scan on sbtest4 using k_4 over (4982434 <= k <= 4982534)  (cost=22.3 rows=110)


table 5 : explain SELECT k FROM sbtest5 WHERE k BETWEEN 4982434 AND 4982534
	-> Filter: (sbtest5.k between 4982434 and 4982534)  (cost=20.3 rows=100)
    -> Covering index range scan on sbtest5 using k_5 over (4982434 <= k <= 4982534)  (cost=20.3 rows=100)


table 6 : explain SELECT k FROM sbtest6 WHERE k BETWEEN 4982434 AND 4982534
	-> Filter: (sbtest6.k between 4982434 and 4982534)  (cost=20.5 rows=101)
    -> Covering index range scan on sbtest6 using k_6 over (4982434 <= k <= 4982534)  (cost=20.5 rows=101)


table 7 : explain SELECT k FROM sbtest7 WHERE k BETWEEN 4982434 AND 4982534
	-> Filter: (sbtest7.k between 4982434 and 4982534)  (cost=19.5 rows=96)
    -> Covering index range scan on sbtest7 using k_7 over (4982434 <= k <= 4982534)  (cost=19.5 rows=96)


table 8 : explain SELECT k FROM sbtest8 WHERE k BETWEEN 4982434 AND 4982534
	-> Filter: (sbtest8.k between 4982434 and 4982534)  (cost=19.5 rows=96)
    -> Covering index range scan on sbtest8 using k_8 over (4982434 <= k <= 4982534)  (cost=19.5 rows=96)


for range-covered
table 1 : explain SELECT k FROM sbtest1 WHERE k BETWEEN 4765656 AND 4765756
	-> Filter: (sbtest1.k between 4765656 and 4765756)  (cost=19.3 rows=95)
    -> Covering index range scan on sbtest1 using k_1 over (4765656 <= k <= 4765756)  (cost=19.3 rows=95)


table 2 : explain SELECT k FROM sbtest2 WHERE k BETWEEN 4765656 AND 4765756
	-> Filter: (sbtest2.k between 4765656 and 4765756)  (cost=21.7 rows=107)
    -> Covering index range scan on sbtest2 using k_2 over (4765656 <= k <= 4765756)  (cost=21.7 rows=107)


table 3 : explain SELECT k FROM sbtest3 WHERE k BETWEEN 4765656 AND 4765756
	-> Filter: (sbtest3.k between 4765656 and 4765756)  (cost=20.7 rows=102)
    -> Covering index range scan on sbtest3 using k_3 over (4765656 <= k <= 4765756)  (cost=20.7 rows=102)


table 4 : explain SELECT k FROM sbtest4 WHERE k BETWEEN 4765656 AND 4765756
	-> Filter: (sbtest4.k between 4765656 and 4765756)  (cost=20.1 rows=99)
    -> Covering index range scan on sbtest4 using k_4 over (4765656 <= k <= 4765756)  (cost=20.1 rows=99)


table 5 : explain SELECT k FROM sbtest5 WHERE k BETWEEN 4765656 AND 4765756
	-> Filter: (sbtest5.k between 4765656 and 4765756)  (cost=24.7 rows=122)
    -> Covering index range scan on sbtest5 using k_5 over (4765656 <= k <= 4765756)  (cost=24.7 rows=122)


table 6 : explain SELECT k FROM sbtest6 WHERE k BETWEEN 4765656 AND 4765756
	-> Filter: (sbtest6.k between 4765656 and 4765756)  (cost=22.9 rows=113)
    -> Covering index range scan on sbtest6 using k_6 over (4765656 <= k <= 4765756)  (cost=22.9 rows=113)


table 7 : explain SELECT k FROM sbtest7 WHERE k BETWEEN 4765656 AND 4765756
	-> Filter: (sbtest7.k between 4765656 and 4765756)  (cost=24.5 rows=121)
    -> Covering index range scan on sbtest7 using k_7 over (4765656 <= k <= 4765756)  (cost=24.5 rows=121)


table 8 : explain SELECT k FROM sbtest8 WHERE k BETWEEN 4765656 AND 4765756
	-> Filter: (sbtest8.k between 4765656 and 4765756)  (cost=22.9 rows=113)
    -> Covering index range scan on sbtest8 using k_8 over (4765656 <= k <= 4765756)  (cost=22.9 rows=113)


for range-covered
table 1 : explain SELECT k FROM sbtest1 WHERE k BETWEEN 1823676 AND 1823776
	-> Filter: (sbtest1.k between 1823676 and 1823776)  (cost=23.1 rows=114)
    -> Covering index range scan on sbtest1 using k_1 over (1823676 <= k <= 1823776)  (cost=23.1 rows=114)


table 2 : explain SELECT k FROM sbtest2 WHERE k BETWEEN 1823676 AND 1823776
	-> Filter: (sbtest2.k between 1823676 and 1823776)  (cost=19.5 rows=96)
    -> Covering index range scan on sbtest2 using k_2 over (1823676 <= k <= 1823776)  (cost=19.5 rows=96)


table 3 : explain SELECT k FROM sbtest3 WHERE k BETWEEN 1823676 AND 1823776
	-> Filter: (sbtest3.k between 1823676 and 1823776)  (cost=21.5 rows=106)
    -> Covering index range scan on sbtest3 using k_3 over (1823676 <= k <= 1823776)  (cost=21.5 rows=106)


table 4 : explain SELECT k FROM sbtest4 WHERE k BETWEEN 1823676 AND 1823776
	-> Filter: (sbtest4.k between 1823676 and 1823776)  (cost=23.9 rows=118)
    -> Covering index range scan on sbtest4 using k_4 over (1823676 <= k <= 1823776)  (cost=23.9 rows=118)


table 5 : explain SELECT k FROM sbtest5 WHERE k BETWEEN 1823676 AND 1823776
	-> Filter: (sbtest5.k between 1823676 and 1823776)  (cost=19.7 rows=97)
    -> Covering index range scan on sbtest5 using k_5 over (1823676 <= k <= 1823776)  (cost=19.7 rows=97)


table 6 : explain SELECT k FROM sbtest6 WHERE k BETWEEN 1823676 AND 1823776
	-> Filter: (sbtest6.k between 1823676 and 1823776)  (cost=24.7 rows=122)
    -> Covering index range scan on sbtest6 using k_6 over (1823676 <= k <= 1823776)  (cost=24.7 rows=122)


table 7 : explain SELECT k FROM sbtest7 WHERE k BETWEEN 1823676 AND 1823776
	-> Filter: (sbtest7.k between 1823676 and 1823776)  (cost=18.3 rows=90)
    -> Covering index range scan on sbtest7 using k_7 over (1823676 <= k <= 1823776)  (cost=18.3 rows=90)


table 8 : explain SELECT k FROM sbtest8 WHERE k BETWEEN 1823676 AND 1823776
	-> Filter: (sbtest8.k between 1823676 and 1823776)  (cost=23.3 rows=115)
    -> Covering index range scan on sbtest8 using k_8 over (1823676 <= k <= 1823776)  (cost=23.3 rows=115)


for range-covered
table 1 : explain SELECT k FROM sbtest1 WHERE k BETWEEN 2906057 AND 2906157
	-> Filter: (sbtest1.k between 2906057 and 2906157)  (cost=24.1 rows=119)
    -> Covering index range scan on sbtest1 using k_1 over (2906057 <= k <= 2906157)  (cost=24.1 rows=119)


table 2 : explain SELECT k FROM sbtest2 WHERE k BETWEEN 2906057 AND 2906157
	-> Filter: (sbtest2.k between 2906057 and 2906157)  (cost=17.3 rows=85)
    -> Covering index range scan on sbtest2 using k_2 over (2906057 <= k <= 2906157)  (cost=17.3 rows=85)


table 3 : explain SELECT k FROM sbtest3 WHERE k BETWEEN 2906057 AND 2906157
	-> Filter: (sbtest3.k between 2906057 and 2906157)  (cost=17.7 rows=87)
    -> Covering index range scan on sbtest3 using k_3 over (2906057 <= k <= 2906157)  (cost=17.7 rows=87)


table 4 : explain SELECT k FROM sbtest4 WHERE k BETWEEN 2906057 AND 2906157
	-> Filter: (sbtest4.k between 2906057 and 2906157)  (cost=18.3 rows=90)
    -> Covering index range scan on sbtest4 using k_4 over (2906057 <= k <= 2906157)  (cost=18.3 rows=90)


table 5 : explain SELECT k FROM sbtest5 WHERE k BETWEEN 2906057 AND 2906157
	-> Filter: (sbtest5.k between 2906057 and 2906157)  (cost=22.9 rows=113)
    -> Covering index range scan on sbtest5 using k_5 over (2906057 <= k <= 2906157)  (cost=22.9 rows=113)


table 6 : explain SELECT k FROM sbtest6 WHERE k BETWEEN 2906057 AND 2906157
	-> Filter: (sbtest6.k between 2906057 and 2906157)  (cost=16.3 rows=80)
    -> Covering index range scan on sbtest6 using k_6 over (2906057 <= k <= 2906157)  (cost=16.3 rows=80)


table 7 : explain SELECT k FROM sbtest7 WHERE k BETWEEN 2906057 AND 2906157
	-> Filter: (sbtest7.k between 2906057 and 2906157)  (cost=19.7 rows=97)
    -> Covering index range scan on sbtest7 using k_7 over (2906057 <= k <= 2906157)  (cost=19.7 rows=97)


table 8 : explain SELECT k FROM sbtest8 WHERE k BETWEEN 2906057 AND 2906157
	-> Filter: (sbtest8.k between 2906057 and 2906157)  (cost=18.9 rows=93)
    -> Covering index range scan on sbtest8 using k_8 over (2906057 <= k <= 2906157)  (cost=18.9 rows=93)


for range-covered
table 1 : explain SELECT k FROM sbtest1 WHERE k BETWEEN 5007601 AND 5007701
	-> Filter: (sbtest1.k between 5007601 and 5007701)  (cost=19.5 rows=96)
    -> Covering index range scan on sbtest1 using k_1 over (5007601 <= k <= 5007701)  (cost=19.5 rows=96)


table 2 : explain SELECT k FROM sbtest2 WHERE k BETWEEN 5007601 AND 5007701
	-> Filter: (sbtest2.k between 5007601 and 5007701)  (cost=23.5 rows=116)
    -> Covering index range scan on sbtest2 using k_2 over (5007601 <= k <= 5007701)  (cost=23.5 rows=116)


table 3 : explain SELECT k FROM sbtest3 WHERE k BETWEEN 5007601 AND 5007701
	-> Filter: (sbtest3.k between 5007601 and 5007701)  (cost=19.9 rows=98)
    -> Covering index range scan on sbtest3 using k_3 over (5007601 <= k <= 5007701)  (cost=19.9 rows=98)


table 4 : explain SELECT k FROM sbtest4 WHERE k BETWEEN 5007601 AND 5007701
	-> Filter: (sbtest4.k between 5007601 and 5007701)  (cost=22.5 rows=111)
    -> Covering index range scan on sbtest4 using k_4 over (5007601 <= k <= 5007701)  (cost=22.5 rows=111)


table 5 : explain SELECT k FROM sbtest5 WHERE k BETWEEN 5007601 AND 5007701
	-> Filter: (sbtest5.k between 5007601 and 5007701)  (cost=22.5 rows=111)
    -> Covering index range scan on sbtest5 using k_5 over (5007601 <= k <= 5007701)  (cost=22.5 rows=111)


table 6 : explain SELECT k FROM sbtest6 WHERE k BETWEEN 5007601 AND 5007701
	-> Filter: (sbtest6.k between 5007601 and 5007701)  (cost=21.1 rows=104)
    -> Covering index range scan on sbtest6 using k_6 over (5007601 <= k <= 5007701)  (cost=21.1 rows=104)


table 7 : explain SELECT k FROM sbtest7 WHERE k BETWEEN 5007601 AND 5007701
	-> Filter: (sbtest7.k between 5007601 and 5007701)  (cost=20.5 rows=101)
    -> Covering index range scan on sbtest7 using k_7 over (5007601 <= k <= 5007701)  (cost=20.5 rows=101)


table 8 : explain SELECT k FROM sbtest8 WHERE k BETWEEN 5007601 AND 5007701
	-> Filter: (sbtest8.k between 5007601 and 5007701)  (cost=21.5 rows=106)
    -> Covering index range scan on sbtest8 using k_8 over (5007601 <= k <= 5007701)  (cost=21.5 rows=106)


explain: for range-covered :: explain SELECT k FROM sbtest%d WHERE k BETWEEN 7334581 AND 7334681
for range-covered
table 1 : explain SELECT k FROM sbtest1 WHERE k BETWEEN 6360664 AND 6360764
	-> Filter: (sbtest1.k between 6360664 and 6360764)  (cost=21.5 rows=106)
    -> Covering index range scan on sbtest1 using k_1 over (6360664 <= k <= 6360764)  (cost=21.5 rows=106)


table 2 : explain SELECT k FROM sbtest2 WHERE k BETWEEN 6360664 AND 6360764
	-> Filter: (sbtest2.k between 6360664 and 6360764)  (cost=18.9 rows=93)
    -> Covering index range scan on sbtest2 using k_2 over (6360664 <= k <= 6360764)  (cost=18.9 rows=93)


table 3 : explain SELECT k FROM sbtest3 WHERE k BETWEEN 6360664 AND 6360764
	-> Filter: (sbtest3.k between 6360664 and 6360764)  (cost=18.7 rows=92)
    -> Covering index range scan on sbtest3 using k_3 over (6360664 <= k <= 6360764)  (cost=18.7 rows=92)


table 4 : explain SELECT k FROM sbtest4 WHERE k BETWEEN 6360664 AND 6360764
	-> Filter: (sbtest4.k between 6360664 and 6360764)  (cost=18.9 rows=93)
    -> Covering index range scan on sbtest4 using k_4 over (6360664 <= k <= 6360764)  (cost=18.9 rows=93)


table 5 : explain SELECT k FROM sbtest5 WHERE k BETWEEN 6360664 AND 6360764
	-> Filter: (sbtest5.k between 6360664 and 6360764)  (cost=20.7 rows=102)
    -> Covering index range scan on sbtest5 using k_5 over (6360664 <= k <= 6360764)  (cost=20.7 rows=102)


table 6 : explain SELECT k FROM sbtest6 WHERE k BETWEEN 6360664 AND 6360764
	-> Filter: (sbtest6.k between 6360664 and 6360764)  (cost=21.1 rows=104)
    -> Covering index range scan on sbtest6 using k_6 over (6360664 <= k <= 6360764)  (cost=21.1 rows=104)


table 7 : explain SELECT k FROM sbtest7 WHERE k BETWEEN 6360664 AND 6360764
	-> Filter: (sbtest7.k between 6360664 and 6360764)  (cost=21.3 rows=105)
    -> Covering index range scan on sbtest7 using k_7 over (6360664 <= k <= 6360764)  (cost=21.3 rows=105)


table 8 : explain SELECT k FROM sbtest8 WHERE k BETWEEN 6360664 AND 6360764
	-> Filter: (sbtest8.k between 6360664 and 6360764)  (cost=21.1 rows=104)
    -> Covering index range scan on sbtest8 using k_8 over (6360664 <= k <= 6360764)  (cost=21.1 rows=104)


for range-covered
table 1 : explain SELECT k FROM sbtest1 WHERE k BETWEEN 6273948 AND 6274048
	-> Filter: (sbtest1.k between 6273948 and 6274048)  (cost=22.9 rows=113)
    -> Covering index range scan on sbtest1 using k_1 over (6273948 <= k <= 6274048)  (cost=22.9 rows=113)


table 2 : explain SELECT k FROM sbtest2 WHERE k BETWEEN 6273948 AND 6274048
	-> Filter: (sbtest2.k between 6273948 and 6274048)  (cost=17.5 rows=86)
    -> Covering index range scan on sbtest2 using k_2 over (6273948 <= k <= 6274048)  (cost=17.5 rows=86)


table 3 : explain SELECT k FROM sbtest3 WHERE k BETWEEN 6273948 AND 6274048
	-> Filter: (sbtest3.k between 6273948 and 6274048)  (cost=18.7 rows=92)
    -> Covering index range scan on sbtest3 using k_3 over (6273948 <= k <= 6274048)  (cost=18.7 rows=92)


table 4 : explain SELECT k FROM sbtest4 WHERE k BETWEEN 6273948 AND 6274048
	-> Filter: (sbtest4.k between 6273948 and 6274048)  (cost=20.7 rows=102)
    -> Covering index range scan on sbtest4 using k_4 over (6273948 <= k <= 6274048)  (cost=20.7 rows=102)


table 5 : explain SELECT k FROM sbtest5 WHERE k BETWEEN 6273948 AND 6274048
	-> Filter: (sbtest5.k between 6273948 and 6274048)  (cost=20.9 rows=103)
    -> Covering index range scan on sbtest5 using k_5 over (6273948 <= k <= 6274048)  (cost=20.9 rows=103)


table 6 : explain SELECT k FROM sbtest6 WHERE k BETWEEN 6273948 AND 6274048
	-> Filter: (sbtest6.k between 6273948 and 6274048)  (cost=19.3 rows=95)
    -> Covering index range scan on sbtest6 using k_6 over (6273948 <= k <= 6274048)  (cost=19.3 rows=95)


table 7 : explain SELECT k FROM sbtest7 WHERE k BETWEEN 6273948 AND 6274048
	-> Filter: (sbtest7.k between 6273948 and 6274048)  (cost=18.9 rows=93)
    -> Covering index range scan on sbtest7 using k_7 over (6273948 <= k <= 6274048)  (cost=18.9 rows=93)


table 8 : explain SELECT k FROM sbtest8 WHERE k BETWEEN 6273948 AND 6274048
	-> Filter: (sbtest8.k between 6273948 and 6274048)  (cost=18.3 rows=90)
    -> Covering index range scan on sbtest8 using k_8 over (6273948 <= k <= 6274048)  (cost=18.3 rows=90)


explain: for range-covered :: explain SELECT k FROM sbtest%d WHERE k BETWEEN 2906057 AND 2906157
for range-covered
table 1 : explain SELECT k FROM sbtest1 WHERE k BETWEEN 8324259 AND 8324359
	-> Filter: (sbtest1.k between 8324259 and 8324359)  (cost=23.1 rows=114)
    -> Covering index range scan on sbtest1 using k_1 over (8324259 <= k <= 8324359)  (cost=23.1 rows=114)


table 2 : explain SELECT k FROM sbtest2 WHERE k BETWEEN 8324259 AND 8324359
	-> Filter: (sbtest2.k between 8324259 and 8324359)  (cost=19.1 rows=94)
    -> Covering index range scan on sbtest2 using k_2 over (8324259 <= k <= 8324359)  (cost=19.1 rows=94)


table 3 : explain SELECT k FROM sbtest3 WHERE k BETWEEN 8324259 AND 8324359
	-> Filter: (sbtest3.k between 8324259 and 8324359)  (cost=23.9 rows=118)
    -> Covering index range scan on sbtest3 using k_3 over (8324259 <= k <= 8324359)  (cost=23.9 rows=118)


table 4 : explain SELECT k FROM sbtest4 WHERE k BETWEEN 8324259 AND 8324359
	-> Filter: (sbtest4.k between 8324259 and 8324359)  (cost=22.3 rows=110)
    -> Covering index range scan on sbtest4 using k_4 over (8324259 <= k <= 8324359)  (cost=22.3 rows=110)


table 5 : explain SELECT k FROM sbtest5 WHERE k BETWEEN 8324259 AND 8324359
	-> Filter: (sbtest5.k between 8324259 and 8324359)  (cost=19.5 rows=96)
    -> Covering index range scan on sbtest5 using k_5 over (8324259 <= k <= 8324359)  (cost=19.5 rows=96)


table 6 : explain SELECT k FROM sbtest6 WHERE k BETWEEN 8324259 AND 8324359
	-> Filter: (sbtest6.k between 8324259 and 8324359)  (cost=24.3 rows=120)
    -> Covering index range scan on sbtest6 using k_6 over (8324259 <= k <= 8324359)  (cost=24.3 rows=120)


table 7 : explain SELECT k FROM sbtest7 WHERE k BETWEEN 8324259 AND 8324359
	-> Filter: (sbtest7.k between 8324259 and 8324359)  (cost=19.5 rows=96)
    -> Covering index range scan on sbtest7 using k_7 over (8324259 <= k <= 8324359)  (cost=19.5 rows=96)


table 8 : explain SELECT k FROM sbtest8 WHERE k BETWEEN 8324259 AND 8324359
	-> Filter: (sbtest8.k between 8324259 and 8324359)  (cost=18.1 rows=89)
    -> Covering index range scan on sbtest8 using k_8 over (8324259 <= k <= 8324359)  (cost=18.1 rows=89)


for range-covered
table 1 : explain SELECT k FROM sbtest1 WHERE k BETWEEN 6846578 AND 6846678
	-> Filter: (sbtest1.k between 6846578 and 6846678)  (cost=18.3 rows=90)
    -> Covering index range scan on sbtest1 using k_1 over (6846578 <= k <= 6846678)  (cost=18.3 rows=90)


table 2 : explain SELECT k FROM sbtest2 WHERE k BETWEEN 6846578 AND 6846678
	-> Filter: (sbtest2.k between 6846578 and 6846678)  (cost=19.7 rows=97)
    -> Covering index range scan on sbtest2 using k_2 over (6846578 <= k <= 6846678)  (cost=19.7 rows=97)


table 3 : explain SELECT k FROM sbtest3 WHERE k BETWEEN 6846578 AND 6846678
	-> Filter: (sbtest3.k between 6846578 and 6846678)  (cost=22.5 rows=111)
    -> Covering index range scan on sbtest3 using k_3 over (6846578 <= k <= 6846678)  (cost=22.5 rows=111)


table 4 : explain SELECT k FROM sbtest4 WHERE k BETWEEN 6846578 AND 6846678
	-> Filter: (sbtest4.k between 6846578 and 6846678)  (cost=23.5 rows=116)
    -> Covering index range scan on sbtest4 using k_4 over (6846578 <= k <= 6846678)  (cost=23.5 rows=116)


table 5 : explain SELECT k FROM sbtest5 WHERE k BETWEEN 6846578 AND 6846678
	-> Filter: (sbtest5.k between 6846578 and 6846678)  (cost=19.7 rows=97)
    -> Covering index range scan on sbtest5 using k_5 over (6846578 <= k <= 6846678)  (cost=19.7 rows=97)


table 6 : explain SELECT k FROM sbtest6 WHERE k BETWEEN 6846578 AND 6846678
	-> Filter: (sbtest6.k between 6846578 and 6846678)  (cost=21.9 rows=108)
    -> Covering index range scan on sbtest6 using k_6 over (6846578 <= k <= 6846678)  (cost=21.9 rows=108)


table 7 : explain SELECT k FROM sbtest7 WHERE k BETWEEN 6846578 AND 6846678
	-> Filter: (sbtest7.k between 6846578 and 6846678)  (cost=19.3 rows=95)
    -> Covering index range scan on sbtest7 using k_7 over (6846578 <= k <= 6846678)  (cost=19.3 rows=95)


table 8 : explain SELECT k FROM sbtest8 WHERE k BETWEEN 6846578 AND 6846678
	-> Filter: (sbtest8.k between 6846578 and 6846678)  (cost=22.9 rows=113)
    -> Covering index range scan on sbtest8 using k_8 over (6846578 <= k <= 6846678)  (cost=22.9 rows=113)


for range-covered
table 1 : explain SELECT k FROM sbtest1 WHERE k BETWEEN 7153292 AND 7153392
	-> Filter: (sbtest1.k between 7153292 and 7153392)  (cost=21.5 rows=106)
    -> Covering index range scan on sbtest1 using k_1 over (7153292 <= k <= 7153392)  (cost=21.5 rows=106)


table 2 : explain SELECT k FROM sbtest2 WHERE k BETWEEN 7153292 AND 7153392
	-> Filter: (sbtest2.k between 7153292 and 7153392)  (cost=22.3 rows=110)
    -> Covering index range scan on sbtest2 using k_2 over (7153292 <= k <= 7153392)  (cost=22.3 rows=110)


table 3 : explain SELECT k FROM sbtest3 WHERE k BETWEEN 7153292 AND 7153392
	-> Filter: (sbtest3.k between 7153292 and 7153392)  (cost=22.9 rows=113)
    -> Covering index range scan on sbtest3 using k_3 over (7153292 <= k <= 7153392)  (cost=22.9 rows=113)


table 4 : explain SELECT k FROM sbtest4 WHERE k BETWEEN 7153292 AND 7153392
	-> Filter: (sbtest4.k between 7153292 and 7153392)  (cost=19.7 rows=97)
    -> Covering index range scan on sbtest4 using k_4 over (7153292 <= k <= 7153392)  (cost=19.7 rows=97)


table 5 : explain SELECT k FROM sbtest5 WHERE k BETWEEN 7153292 AND 7153392
	-> Filter: (sbtest5.k between 7153292 and 7153392)  (cost=21.3 rows=105)
    -> Covering index range scan on sbtest5 using k_5 over (7153292 <= k <= 7153392)  (cost=21.3 rows=105)


table 6 : explain SELECT k FROM sbtest6 WHERE k BETWEEN 7153292 AND 7153392
	-> Filter: (sbtest6.k between 7153292 and 7153392)  (cost=18.7 rows=92)
    -> Covering index range scan on sbtest6 using k_6 over (7153292 <= k <= 7153392)  (cost=18.7 rows=92)


table 7 : explain SELECT k FROM sbtest7 WHERE k BETWEEN 7153292 AND 7153392
	-> Filter: (sbtest7.k between 7153292 and 7153392)  (cost=18.3 rows=90)
    -> Covering index range scan on sbtest7 using k_7 over (7153292 <= k <= 7153392)  (cost=18.3 rows=90)


table 8 : explain SELECT k FROM sbtest8 WHERE k BETWEEN 7153292 AND 7153392
	-> Filter: (sbtest8.k between 7153292 and 7153392)  (cost=22.3 rows=110)
    -> Covering index range scan on sbtest8 using k_8 over (7153292 <= k <= 7153392)  (cost=22.3 rows=110)


explain: for range-covered :: explain SELECT k FROM sbtest%d WHERE k BETWEEN 6273948 AND 6274048
for range-covered
table 1 : explain SELECT k FROM sbtest1 WHERE k BETWEEN 5909262 AND 5909362
	-> Filter: (sbtest1.k between 5909262 and 5909362)  (cost=25.9 rows=128)
    -> Covering index range scan on sbtest1 using k_1 over (5909262 <= k <= 5909362)  (cost=25.9 rows=128)


table 2 : explain SELECT k FROM sbtest2 WHERE k BETWEEN 5909262 AND 5909362
	-> Filter: (sbtest2.k between 5909262 and 5909362)  (cost=16.5 rows=81)
    -> Covering index range scan on sbtest2 using k_2 over (5909262 <= k <= 5909362)  (cost=16.5 rows=81)


table 3 : explain SELECT k FROM sbtest3 WHERE k BETWEEN 5909262 AND 5909362
	-> Filter: (sbtest3.k between 5909262 and 5909362)  (cost=18.1 rows=89)
    -> Covering index range scan on sbtest3 using k_3 over (5909262 <= k <= 5909362)  (cost=18.1 rows=89)


table 4 : explain SELECT k FROM sbtest4 WHERE k BETWEEN 5909262 AND 5909362
	-> Filter: (sbtest4.k between 5909262 and 5909362)  (cost=22.1 rows=109)
    -> Covering index range scan on sbtest4 using k_4 over (5909262 <= k <= 5909362)  (cost=22.1 rows=109)


table 5 : explain SELECT k FROM sbtest5 WHERE k BETWEEN 5909262 AND 5909362
	-> Filter: (sbtest5.k between 5909262 and 5909362)  (cost=20.3 rows=100)
    -> Covering index range scan on sbtest5 using k_5 over (5909262 <= k <= 5909362)  (cost=20.3 rows=100)


table 6 : explain SELECT k FROM sbtest6 WHERE k BETWEEN 5909262 AND 5909362
	-> Filter: (sbtest6.k between 5909262 and 5909362)  (cost=22.3 rows=110)
    -> Covering index range scan on sbtest6 using k_6 over (5909262 <= k <= 5909362)  (cost=22.3 rows=110)


table 7 : explain SELECT k FROM sbtest7 WHERE k BETWEEN 5909262 AND 5909362
	-> Filter: (sbtest7.k between 5909262 and 5909362)  (cost=21.9 rows=108)
    -> Covering index range scan on sbtest7 using k_7 over (5909262 <= k <= 5909362)  (cost=21.9 rows=108)


table 8 : explain SELECT k FROM sbtest8 WHERE k BETWEEN 5909262 AND 5909362
	-> Filter: (sbtest8.k between 5909262 and 5909362)  (cost=21.3 rows=105)
    -> Covering index range scan on sbtest8 using k_8 over (5909262 <= k <= 5909362)  (cost=21.3 rows=105)


for range-covered
table 1 : explain SELECT k FROM sbtest1 WHERE k BETWEEN 6227750 AND 6227850
	-> Filter: (sbtest1.k between 6227750 and 6227850)  (cost=17.9 rows=88)
    -> Covering index range scan on sbtest1 using k_1 over (6227750 <= k <= 6227850)  (cost=17.9 rows=88)


table 2 : explain SELECT k FROM sbtest2 WHERE k BETWEEN 6227750 AND 6227850
	-> Filter: (sbtest2.k between 6227750 and 6227850)  (cost=23.1 rows=114)
    -> Covering index range scan on sbtest2 using k_2 over (6227750 <= k <= 6227850)  (cost=23.1 rows=114)


table 3 : explain SELECT k FROM sbtest3 WHERE k BETWEEN 6227750 AND 6227850
	-> Filter: (sbtest3.k between 6227750 and 6227850)  (cost=19.3 rows=95)
    -> Covering index range scan on sbtest3 using k_3 over (6227750 <= k <= 6227850)  (cost=19.3 rows=95)


table 4 : explain SELECT k FROM sbtest4 WHERE k BETWEEN 6227750 AND 6227850
	-> Filter: (sbtest4.k between 6227750 and 6227850)  (cost=16.5 rows=81)
    -> Covering index range scan on sbtest4 using k_4 over (6227750 <= k <= 6227850)  (cost=16.5 rows=81)


table 5 : explain SELECT k FROM sbtest5 WHERE k BETWEEN 6227750 AND 6227850
	-> Filter: (sbtest5.k between 6227750 and 6227850)  (cost=20.7 rows=102)
    -> Covering index range scan on sbtest5 using k_5 over (6227750 <= k <= 6227850)  (cost=20.7 rows=102)


table 6 : explain SELECT k FROM sbtest6 WHERE k BETWEEN 6227750 AND 6227850
	-> Filter: (sbtest6.k between 6227750 and 6227850)  (cost=19.9 rows=98)
    -> Covering index range scan on sbtest6 using k_6 over (6227750 <= k <= 6227850)  (cost=19.9 rows=98)


table 7 : explain SELECT k FROM sbtest7 WHERE k BETWEEN 6227750 AND 6227850
	-> Filter: (sbtest7.k between 6227750 and 6227850)  (cost=22.7 rows=112)
    -> Covering index range scan on sbtest7 using k_7 over (6227750 <= k <= 6227850)  (cost=22.7 rows=112)


table 8 : explain SELECT k FROM sbtest8 WHERE k BETWEEN 6227750 AND 6227850
	-> Filter: (sbtest8.k between 6227750 and 6227850)  (cost=21.3 rows=105)
    -> Covering index range scan on sbtest8 using k_8 over (6227750 <= k <= 6227850)  (cost=21.3 rows=105)


explain: for range-covered :: explain SELECT k FROM sbtest%d WHERE k BETWEEN 5909262 AND 5909362
for range-covered
table 1 : explain SELECT k FROM sbtest1 WHERE k BETWEEN 6014213 AND 6014313
	-> Filter: (sbtest1.k between 6014213 and 6014313)  (cost=22.9 rows=113)
    -> Covering index range scan on sbtest1 using k_1 over (6014213 <= k <= 6014313)  (cost=22.9 rows=113)


table 2 : explain SELECT k FROM sbtest2 WHERE k BETWEEN 6014213 AND 6014313
	-> Filter: (sbtest2.k between 6014213 and 6014313)  (cost=22.3 rows=110)
    -> Covering index range scan on sbtest2 using k_2 over (6014213 <= k <= 6014313)  (cost=22.3 rows=110)


table 3 : explain SELECT k FROM sbtest3 WHERE k BETWEEN 6014213 AND 6014313
	-> Filter: (sbtest3.k between 6014213 and 6014313)  (cost=16.5 rows=81)
    -> Covering index range scan on sbtest3 using k_3 over (6014213 <= k <= 6014313)  (cost=16.5 rows=81)


table 4 : explain SELECT k FROM sbtest4 WHERE k BETWEEN 6014213 AND 6014313
	-> Filter: (sbtest4.k between 6014213 and 6014313)  (cost=19.9 rows=98)
    -> Covering index range scan on sbtest4 using k_4 over (6014213 <= k <= 6014313)  (cost=19.9 rows=98)


table 5 : explain SELECT k FROM sbtest5 WHERE k BETWEEN 6014213 AND 6014313
	-> Filter: (sbtest5.k between 6014213 and 6014313)  (cost=21.9 rows=108)
    -> Covering index range scan on sbtest5 using k_5 over (6014213 <= k <= 6014313)  (cost=21.9 rows=108)


table 6 : explain SELECT k FROM sbtest6 WHERE k BETWEEN 6014213 AND 6014313
	-> Filter: (sbtest6.k between 6014213 and 6014313)  (cost=21.3 rows=105)
    -> Covering index range scan on sbtest6 using k_6 over (6014213 <= k <= 6014313)  (cost=21.3 rows=105)


table 7 : explain SELECT k FROM sbtest7 WHERE k BETWEEN 6014213 AND 6014313
	-> Filter: (sbtest7.k between 6014213 and 6014313)  (cost=20.5 rows=101)
    -> Covering index range scan on sbtest7 using k_7 over (6014213 <= k <= 6014313)  (cost=20.5 rows=101)


table 8 : explain SELECT k FROM sbtest8 WHERE k BETWEEN 6014213 AND 6014313
	-> Filter: (sbtest8.k between 6014213 and 6014313)  (cost=20.9 rows=103)
    -> Covering index range scan on sbtest8 using k_8 over (6014213 <= k <= 6014313)  (cost=20.9 rows=103)


for range-covered
table 1 : explain SELECT k FROM sbtest1 WHERE k BETWEEN 4259778 AND 4259878
	-> Filter: (sbtest1.k between 4259778 and 4259878)  (cost=18.3 rows=90)
    -> Covering index range scan on sbtest1 using k_1 over (4259778 <= k <= 4259878)  (cost=18.3 rows=90)


table 2 : explain SELECT k FROM sbtest2 WHERE k BETWEEN 4259778 AND 4259878
	-> Filter: (sbtest2.k between 4259778 and 4259878)  (cost=21.9 rows=108)
    -> Covering index range scan on sbtest2 using k_2 over (4259778 <= k <= 4259878)  (cost=21.9 rows=108)


table 3 : explain SELECT k FROM sbtest3 WHERE k BETWEEN 4259778 AND 4259878
	-> Filter: (sbtest3.k between 4259778 and 4259878)  (cost=17.7 rows=87)
    -> Covering index range scan on sbtest3 using k_3 over (4259778 <= k <= 4259878)  (cost=17.7 rows=87)


table 4 : explain SELECT k FROM sbtest4 WHERE k BETWEEN 4259778 AND 4259878
	-> Filter: (sbtest4.k between 4259778 and 4259878)  (cost=23.3 rows=115)
    -> Covering index range scan on sbtest4 using k_4 over (4259778 <= k <= 4259878)  (cost=23.3 rows=115)


table 5 : explain SELECT k FROM sbtest5 WHERE k BETWEEN 4259778 AND 4259878
	-> Filter: (sbtest5.k between 4259778 and 4259878)  (cost=18.1 rows=89)
    -> Covering index range scan on sbtest5 using k_5 over (4259778 <= k <= 4259878)  (cost=18.1 rows=89)


table 6 : explain SELECT k FROM sbtest6 WHERE k BETWEEN 4259778 AND 4259878
	-> Filter: (sbtest6.k between 4259778 and 4259878)  (cost=20.7 rows=102)
    -> Covering index range scan on sbtest6 using k_6 over (4259778 <= k <= 4259878)  (cost=20.7 rows=102)


table 7 : explain SELECT k FROM sbtest7 WHERE k BETWEEN 4259778 AND 4259878
	-> Filter: (sbtest7.k between 4259778 and 4259878)  (cost=19.5 rows=96)
    -> Covering index range scan on sbtest7 using k_7 over (4259778 <= k <= 4259878)  (cost=19.5 rows=96)


table 8 : explain SELECT k FROM sbtest8 WHERE k BETWEEN 4259778 AND 4259878
	-> Filter: (sbtest8.k between 4259778 and 4259878)  (cost=20.3 rows=100)
    -> Covering index range scan on sbtest8 using k_8 over (4259778 <= k <= 4259878)  (cost=20.3 rows=100)


for range-covered
table 1 : explain SELECT k FROM sbtest1 WHERE k BETWEEN 5595950 AND 5596050
	-> Filter: (sbtest1.k between 5595950 and 5596050)  (cost=21.1 rows=104)
    -> Covering index range scan on sbtest1 using k_1 over (5595950 <= k <= 5596050)  (cost=21.1 rows=104)


table 2 : explain SELECT k FROM sbtest2 WHERE k BETWEEN 5595950 AND 5596050
	-> Filter: (sbtest2.k between 5595950 and 5596050)  (cost=22.5 rows=111)
    -> Covering index range scan on sbtest2 using k_2 over (5595950 <= k <= 5596050)  (cost=22.5 rows=111)


table 3 : explain SELECT k FROM sbtest3 WHERE k BETWEEN 5595950 AND 5596050
	-> Filter: (sbtest3.k between 5595950 and 5596050)  (cost=22.1 rows=109)
    -> Covering index range scan on sbtest3 using k_3 over (5595950 <= k <= 5596050)  (cost=22.1 rows=109)


table 4 : explain SELECT k FROM sbtest4 WHERE k BETWEEN 5595950 AND 5596050
	-> Filter: (sbtest4.k between 5595950 and 5596050)  (cost=23.1 rows=114)
    -> Covering index range scan on sbtest4 using k_4 over (5595950 <= k <= 5596050)  (cost=23.1 rows=114)


table 5 : explain SELECT k FROM sbtest5 WHERE k BETWEEN 5595950 AND 5596050
	-> Filter: (sbtest5.k between 5595950 and 5596050)  (cost=19.9 rows=98)
    -> Covering index range scan on sbtest5 using k_5 over (5595950 <= k <= 5596050)  (cost=19.9 rows=98)


table 6 : explain SELECT k FROM sbtest6 WHERE k BETWEEN 5595950 AND 5596050
	-> Filter: (sbtest6.k between 5595950 and 5596050)  (cost=20.7 rows=102)
    -> Covering index range scan on sbtest6 using k_6 over (5595950 <= k <= 5596050)  (cost=20.7 rows=102)


table 7 : explain SELECT k FROM sbtest7 WHERE k BETWEEN 5595950 AND 5596050
	-> Filter: (sbtest7.k between 5595950 and 5596050)  (cost=19.3 rows=95)
    -> Covering index range scan on sbtest7 using k_7 over (5595950 <= k <= 5596050)  (cost=19.3 rows=95)


table 8 : explain SELECT k FROM sbtest8 WHERE k BETWEEN 5595950 AND 5596050
	-> Filter: (sbtest8.k between 5595950 and 5596050)  (cost=17.7 rows=87)
    -> Covering index range scan on sbtest8 using k_8 over (5595950 <= k <= 5596050)  (cost=17.7 rows=87)


for range-covered
table 1 : explain SELECT k FROM sbtest1 WHERE k BETWEEN 4028958 AND 4029058
	-> Filter: (sbtest1.k between 4028958 and 4029058)  (cost=20.7 rows=102)
    -> Covering index range scan on sbtest1 using k_1 over (4028958 <= k <= 4029058)  (cost=20.7 rows=102)


table 2 : explain SELECT k FROM sbtest2 WHERE k BETWEEN 4028958 AND 4029058
	-> Filter: (sbtest2.k between 4028958 and 4029058)  (cost=17.7 rows=87)
    -> Covering index range scan on sbtest2 using k_2 over (4028958 <= k <= 4029058)  (cost=17.7 rows=87)


table 3 : explain SELECT k FROM sbtest3 WHERE k BETWEEN 4028958 AND 4029058
	-> Filter: (sbtest3.k between 4028958 and 4029058)  (cost=22.9 rows=113)
    -> Covering index range scan on sbtest3 using k_3 over (4028958 <= k <= 4029058)  (cost=22.9 rows=113)


table 4 : explain SELECT k FROM sbtest4 WHERE k BETWEEN 4028958 AND 4029058
	-> Filter: (sbtest4.k between 4028958 and 4029058)  (cost=18.1 rows=89)
    -> Covering index range scan on sbtest4 using k_4 over (4028958 <= k <= 4029058)  (cost=18.1 rows=89)


table 5 : explain SELECT k FROM sbtest5 WHERE k BETWEEN 4028958 AND 4029058
	-> Filter: (sbtest5.k between 4028958 and 4029058)  (cost=22.1 rows=109)
    -> Covering index range scan on sbtest5 using k_5 over (4028958 <= k <= 4029058)  (cost=22.1 rows=109)


table 6 : explain SELECT k FROM sbtest6 WHERE k BETWEEN 4028958 AND 4029058
	-> Filter: (sbtest6.k between 4028958 and 4029058)  (cost=19.3 rows=95)
    -> Covering index range scan on sbtest6 using k_6 over (4028958 <= k <= 4029058)  (cost=19.3 rows=95)


table 7 : explain SELECT k FROM sbtest7 WHERE k BETWEEN 4028958 AND 4029058
	-> Filter: (sbtest7.k between 4028958 and 4029058)  (cost=17.5 rows=86)
    -> Covering index range scan on sbtest7 using k_7 over (4028958 <= k <= 4029058)  (cost=17.5 rows=86)


table 8 : explain SELECT k FROM sbtest8 WHERE k BETWEEN 4028958 AND 4029058
	-> Filter: (sbtest8.k between 4028958 and 4029058)  (cost=21.9 rows=108)
    -> Covering index range scan on sbtest8 using k_8 over (4028958 <= k <= 4029058)  (cost=21.9 rows=108)

explain: for range-covered :: explain SELECT k FROM sbtest%d WHERE k BETWEEN 6227750 AND 6227850for range-covered
table 1 : explain SELECT k FROM sbtest1 WHERE k BETWEEN 3707286 AND 3707386
	-> Filter: (sbtest1.k between 3707286 and 3707386)  (cost=22.7 rows=112)
    -> Covering index range scan on sbtest1 using k_1 over (3707286 <= k <= 3707386)  (cost=22.7 rows=112)


table 2 : explain SELECT k FROM sbtest2 WHERE k BETWEEN 3707286 AND 3707386
	-> Filter: (sbtest2.k between 3707286 and 3707386)  (cost=18.9 rows=93)
    -> Covering index range scan on sbtest2 using k_2 over (3707286 <= k <= 3707386)  (cost=18.9 rows=93)


table 3 : explain SELECT k FROM sbtest3 WHERE k BETWEEN 3707286 AND 3707386
	-> Filter: (sbtest3.k between 3707286 and 3707386)  (cost=23.7 rows=117)
    -> Covering index range scan on sbtest3 using k_3 over (3707286 <= k <= 3707386)  (cost=23.7 rows=117)


table 4 : explain SELECT k FROM sbtest4 WHERE k BETWEEN 3707286 AND 3707386
	-> Filter: (sbtest4.k between 3707286 and 3707386)  (cost=17.5 rows=86)
    -> Covering index range scan on sbtest4 using k_4 over (3707286 <= k <= 3707386)  (cost=17.5 rows=86)


table 5 : explain SELECT k FROM sbtest5 WHERE k BETWEEN 3707286 AND 3707386
	-> Filter: (sbtest5.k between 3707286 and 3707386)  (cost=19.9 rows=98)
    -> Covering index range scan on sbtest5 using k_5 over (3707286 <= k <= 3707386)  (cost=19.9 rows=98)


table 6 : explain SELECT k FROM sbtest6 WHERE k BETWEEN 3707286 AND 3707386
	-> Filter: (sbtest6.k between 3707286 and 3707386)  (cost=16.9 rows=83)
    -> Covering index range scan on sbtest6 using k_6 over (3707286 <= k <= 3707386)  (cost=16.9 rows=83)


table 7 : explain SELECT k FROM sbtest7 WHERE k BETWEEN 3707286 AND 3707386
	-> Filter: (sbtest7.k between 3707286 and 3707386)  (cost=21.5 rows=106)
    -> Covering index range scan on sbtest7 using k_7 over (3707286 <= k <= 3707386)  (cost=21.5 rows=106)


table 8 : explain SELECT k FROM sbtest8 WHERE k BETWEEN 3707286 AND 3707386
	-> Filter: (sbtest8.k between 3707286 and 3707386)  (cost=23.1 rows=114)
    -> Covering index range scan on sbtest8 using k_8 over (3707286 <= k <= 3707386)  (cost=23.1 rows=114)



explain: for range-covered :: explain SELECT k FROM sbtest%d WHERE k BETWEEN 6014213 AND 6014313
explain: for range-covered :: explain SELECT k FROM sbtest%d WHERE k BETWEEN 4259778 AND 4259878

explain: for range-covered :: explain SELECT k FROM sbtest%d WHERE k BETWEEN 6846578 AND 6846678
for range-covered
table 1 : explain SELECT k FROM sbtest1 WHERE k BETWEEN 4433145 AND 4433245
	-> Filter: (sbtest1.k between 4433145 and 4433245)  (cost=22.1 rows=109)
    -> Covering index range scan on sbtest1 using k_1 over (4433145 <= k <= 4433245)  (cost=22.1 rows=109)


table 2 : explain SELECT k FROM sbtest2 WHERE k BETWEEN 4433145 AND 4433245
	-> Filter: (sbtest2.k between 4433145 and 4433245)  (cost=21.1 rows=104)
    -> Covering index range scan on sbtest2 using k_2 over (4433145 <= k <= 4433245)  (cost=21.1 rows=104)


table 3 : explain SELECT k FROM sbtest3 WHERE k BETWEEN 4433145 AND 4433245
	-> Filter: (sbtest3.k between 4433145 and 4433245)  (cost=19.9 rows=98)
    -> Covering index range scan on sbtest3 using k_3 over (4433145 <= k <= 4433245)  (cost=19.9 rows=98)


table 4 : explain SELECT k FROM sbtest4 WHERE k BETWEEN 4433145 AND 4433245
	-> Filter: (sbtest4.k between 4433145 and 4433245)  (cost=24.9 rows=123)
    -> Covering index range scan on sbtest4 using k_4 over (4433145 <= k <= 4433245)  (cost=24.9 rows=123)


table 5 : explain SELECT k FROM sbtest5 WHERE k BETWEEN 4433145 AND 4433245
	-> Filter: (sbtest5.k between 4433145 and 4433245)  (cost=20.9 rows=103)
    -> Covering index range scan on sbtest5 using k_5 over (4433145 <= k <= 4433245)  (cost=20.9 rows=103)


table 6 : explain SELECT k FROM sbtest6 WHERE k BETWEEN 4433145 AND 4433245
	-> Filter: (sbtest6.k between 4433145 and 4433245)  (cost=20.7 rows=102)
    -> Covering index range scan on sbtest6 using k_6 over (4433145 <= k <= 4433245)  (cost=20.7 rows=102)


table 7 : explain SELECT k FROM sbtest7 WHERE k BETWEEN 4433145 AND 4433245
	-> Filter: (sbtest7.k between 4433145 and 4433245)  (cost=14.9 rows=73)
    -> Covering index range scan on sbtest7 using k_7 over (4433145 <= k <= 4433245)  (cost=14.9 rows=73)


table 8 : explain SELECT k FROM sbtest8 WHERE k BETWEEN 4433145 AND 4433245
	-> Filter: (sbtest8.k between 4433145 and 4433245)  (cost=22.7 rows=112)
    -> Covering index range scan on sbtest8 using k_8 over (4433145 <= k <= 4433245)  (cost=22.7 rows=112)


for range-covered
table 1 : explain SELECT k FROM sbtest1 WHERE k BETWEEN 5917655 AND 5917755
	-> Filter: (sbtest1.k between 5917655 and 5917755)  (cost=19.9 rows=98)
    -> Covering index range scan on sbtest1 using k_1 over (5917655 <= k <= 5917755)  (cost=19.9 rows=98)


table 2 : explain SELECT k FROM sbtest2 WHERE k BETWEEN 5917655 AND 5917755
	-> Filter: (sbtest2.k between 5917655 and 5917755)  (cost=20.7 rows=102)
    -> Covering index range scan on sbtest2 using k_2 over (5917655 <= k <= 5917755)  (cost=20.7 rows=102)


table 3 : explain SELECT k FROM sbtest3 WHERE k BETWEEN 5917655 AND 5917755
	-> Filter: (sbtest3.k between 5917655 and 5917755)  (cost=21.9 rows=108)
    -> Covering index range scan on sbtest3 using k_3 over (5917655 <= k <= 5917755)  (cost=21.9 rows=108)


table 4 : explain SELECT k FROM sbtest4 WHERE k BETWEEN 5917655 AND 5917755
	-> Filter: (sbtest4.k between 5917655 and 5917755)  (cost=20.3 rows=100)
    -> Covering index range scan on sbtest4 using k_4 over (5917655 <= k <= 5917755)  (cost=20.3 rows=100)


table 5 : explain SELECT k FROM sbtest5 WHERE k BETWEEN 5917655 AND 5917755
	-> Filter: (sbtest5.k between 5917655 and 5917755)  (cost=22.9 rows=113)
    -> Covering index range scan on sbtest5 using k_5 over (5917655 <= k <= 5917755)  (cost=22.9 rows=113)


table 6 : explain SELECT k FROM sbtest6 WHERE k BETWEEN 5917655 AND 5917755
	-> Filter: (sbtest6.k between 5917655 and 5917755)  (cost=18.9 rows=93)
    -> Covering index range scan on sbtest6 using k_6 over (5917655 <= k <= 5917755)  (cost=18.9 rows=93)


table 7 : explain SELECT k FROM sbtest7 WHERE k BETWEEN 5917655 AND 5917755
	-> Filter: (sbtest7.k between 5917655 and 5917755)  (cost=21.3 rows=105)
    -> Covering index range scan on sbtest7 using k_7 over (5917655 <= k <= 5917755)  (cost=21.3 rows=105)


table 8 : explain SELECT k FROM sbtest8 WHERE k BETWEEN 5917655 AND 5917755
	-> Filter: (sbtest8.k between 5917655 and 5917755)  (cost=22.3 rows=110)
    -> Covering index range scan on sbtest8 using k_8 over (5917655 <= k <= 5917755)  (cost=22.3 rows=110)


for range-covered
table 1 : explain SELECT k FROM sbtest1 WHERE k BETWEEN 5533698 AND 5533798
	-> Filter: (sbtest1.k between 5533698 and 5533798)  (cost=18.5 rows=91)
    -> Covering index range scan on sbtest1 using k_1 over (5533698 <= k <= 5533798)  (cost=18.5 rows=91)


table 2 : explain SELECT k FROM sbtest2 WHERE k BETWEEN 5533698 AND 5533798
	-> Filter: (sbtest2.k between 5533698 and 5533798)  (cost=22.3 rows=110)
    -> Covering index range scan on sbtest2 using k_2 over (5533698 <= k <= 5533798)  (cost=22.3 rows=110)


table 3 : explain SELECT k FROM sbtest3 WHERE k BETWEEN 5533698 AND 5533798
	-> Filter: (sbtest3.k between 5533698 and 5533798)  (cost=22.5 rows=111)
    -> Covering index range scan on sbtest3 using k_3 over (5533698 <= k <= 5533798)  (cost=22.5 rows=111)


table 4 : explain SELECT k FROM sbtest4 WHERE k BETWEEN 5533698 AND 5533798
	-> Filter: (sbtest4.k between 5533698 and 5533798)  (cost=20.9 rows=103)
    -> Covering index range scan on sbtest4 using k_4 over (5533698 <= k <= 5533798)  (cost=20.9 rows=103)


table 5 : explain SELECT k FROM sbtest5 WHERE k BETWEEN 5533698 AND 5533798
	-> Filter: (sbtest5.k between 5533698 and 5533798)  (cost=22.5 rows=111)
    -> Covering index range scan on sbtest5 using k_5 over (5533698 <= k <= 5533798)  (cost=22.5 rows=111)


table 6 : explain SELECT k FROM sbtest6 WHERE k BETWEEN 5533698 AND 5533798
	-> Filter: (sbtest6.k between 5533698 and 5533798)  (cost=20.7 rows=102)
    -> Covering index range scan on sbtest6 using k_6 over (5533698 <= k <= 5533798)  (cost=20.7 rows=102)


table 7 : explain SELECT k FROM sbtest7 WHERE k BETWEEN 5533698 AND 5533798
	-> Filter: (sbtest7.k between 5533698 and 5533798)  (cost=20.9 rows=103)
    -> Covering index range scan on sbtest7 using k_7 over (5533698 <= k <= 5533798)  (cost=20.9 rows=103)


table 8 : explain SELECT k FROM sbtest8 WHERE k BETWEEN 5533698 AND 5533798
	-> Filter: (sbtest8.k between 5533698 and 5533798)  (cost=24.7 rows=122)
    -> Covering index range scan on sbtest8 using k_8 over (5533698 <= k <= 5533798)  (cost=24.7 rows=122)


for range-covered
table 1 : explain SELECT k FROM sbtest1 WHERE k BETWEEN 6048949 AND 6049049
	-> Filter: (sbtest1.k between 6048949 and 6049049)  (cost=19.1 rows=94)
    -> Covering index range scan on sbtest1 using k_1 over (6048949 <= k <= 6049049)  (cost=19.1 rows=94)


table 2 : explain SELECT k FROM sbtest2 WHERE k BETWEEN 6048949 AND 6049049
	-> Filter: (sbtest2.k between 6048949 and 6049049)  (cost=19.1 rows=94)
    -> Covering index range scan on sbtest2 using k_2 over (6048949 <= k <= 6049049)  (cost=19.1 rows=94)


table 3 : explain SELECT k FROM sbtest3 WHERE k BETWEEN 6048949 AND 6049049
	-> Filter: (sbtest3.k between 6048949 and 6049049)  (cost=19.3 rows=95)
    -> Covering index range scan on sbtest3 using k_3 over (6048949 <= k <= 6049049)  (cost=19.3 rows=95)


table 4 : explain SELECT k FROM sbtest4 WHERE k BETWEEN 6048949 AND 6049049
	-> Filter: (sbtest4.k between 6048949 and 6049049)  (cost=19.7 rows=97)
    -> Covering index range scan on sbtest4 using k_4 over (6048949 <= k <= 6049049)  (cost=19.7 rows=97)


table 5 : explain SELECT k FROM sbtest5 WHERE k BETWEEN 6048949 AND 6049049
	-> Filter: (sbtest5.k between 6048949 and 6049049)  (cost=19.5 rows=96)
    -> Covering index range scan on sbtest5 using k_5 over (6048949 <= k <= 6049049)  (cost=19.5 rows=96)


table 6 : explain SELECT k FROM sbtest6 WHERE k BETWEEN 6048949 AND 6049049
	-> Filter: (sbtest6.k between 6048949 and 6049049)  (cost=20.1 rows=99)
    -> Covering index range scan on sbtest6 using k_6 over (6048949 <= k <= 6049049)  (cost=20.1 rows=99)


table 7 : explain SELECT k FROM sbtest7 WHERE k BETWEEN 6048949 AND 6049049
	-> Filter: (sbtest7.k between 6048949 and 6049049)  (cost=19.7 rows=97)
    -> Covering index range scan on sbtest7 using k_7 over (6048949 <= k <= 6049049)  (cost=19.7 rows=97)


table 8 : explain SELECT k FROM sbtest8 WHERE k BETWEEN 6048949 AND 6049049
	-> Filter: (sbtest8.k between 6048949 and 6049049)  (cost=21.5 rows=106)
    -> Covering index range scan on sbtest8 using k_8 over (6048949 <= k <= 6049049)  (cost=21.5 rows=106)

for range-covered
table 1 : explain SELECT k FROM sbtest1 WHERE k BETWEEN 6936407 AND 6936507
	-> Filter: (sbtest1.k between 6936407 and 6936507)  (cost=19.3 rows=95)
    -> Covering index range scan on sbtest1 using k_1 over (6936407 <= k <= 6936507)  (cost=19.3 rows=95)


table 2 : explain SELECT k FROM sbtest2 WHERE k BETWEEN 6936407 AND 6936507
	-> Filter: (sbtest2.k between 6936407 and 6936507)  (cost=19.5 rows=96)
    -> Covering index range scan on sbtest2 using k_2 over (6936407 <= k <= 6936507)  (cost=19.5 rows=96)


table 3 : explain SELECT k FROM sbtest3 WHERE k BETWEEN 6936407 AND 6936507
	-> Filter: (sbtest3.k between 6936407 and 6936507)  (cost=19.5 rows=96)
    -> Covering index range scan on sbtest3 using k_3 over (6936407 <= k <= 6936507)  (cost=19.5 rows=96)


table 4 : explain SELECT k FROM sbtest4 WHERE k BETWEEN 6936407 AND 6936507
	-> Filter: (sbtest4.k between 6936407 and 6936507)  (cost=22.5 rows=111)
    -> Covering index range scan on sbtest4 using k_4 over (6936407 <= k <= 6936507)  (cost=22.5 rows=111)


table 5 : explain SELECT k FROM sbtest5 WHERE k BETWEEN 6936407 AND 6936507
	-> Filter: (sbtest5.k between 6936407 and 6936507)  (cost=22.1 rows=109)
    -> Covering index range scan on sbtest5 using k_5 over (6936407 <= k <= 6936507)  (cost=22.1 rows=109)


table 6 : explain SELECT k FROM sbtest6 WHERE k BETWEEN 6936407 AND 6936507
	-> Filter: (sbtest6.k between 6936407 and 6936507)  (cost=17.9 rows=88)
    -> Covering index range scan on sbtest6 using k_6 over (6936407 <= k <= 6936507)  (cost=17.9 rows=88)


table 7 : explain SELECT k FROM sbtest7 WHERE k BETWEEN 6936407 AND 6936507
	-> Filter: (sbtest7.k between 6936407 and 6936507)  (cost=18.1 rows=89)
    -> Covering index range scan on sbtest7 using k_7 over (6936407 <= k <= 6936507)  (cost=18.1 rows=89)


table 8 : explain SELECT k FROM sbtest8 WHERE k BETWEEN 6936407 AND 6936507
	-> Filter: (sbtest8.k between 6936407 and 6936507)  (cost=22.5 rows=111)
    -> Covering index range scan on sbtest8 using k_8 over (6936407 <= k <= 6936507)  (cost=22.5 rows=111)

for range-covered
table 1 : explain SELECT k FROM sbtest1 WHERE k BETWEEN 6795179 AND 6795279
	-> Filter: (sbtest1.k between 6795179 and 6795279)  (cost=21.3 rows=105)
    -> Covering index range scan on sbtest1 using k_1 over (6795179 <= k <= 6795279)  (cost=21.3 rows=105)


table 2 : explain SELECT k FROM sbtest2 WHERE k BETWEEN 6795179 AND 6795279
	-> Filter: (sbtest2.k between 6795179 and 6795279)  (cost=21.1 rows=104)
    -> Covering index range scan on sbtest2 using k_2 over (6795179 <= k <= 6795279)  (cost=21.1 rows=104)


table 3 : explain SELECT k FROM sbtest3 WHERE k BETWEEN 6795179 AND 6795279
	-> Filter: (sbtest3.k between 6795179 and 6795279)  (cost=21.9 rows=108)
    -> Covering index range scan on sbtest3 using k_3 over (6795179 <= k <= 6795279)  (cost=21.9 rows=108)


table 4 : explain SELECT k FROM sbtest4 WHERE k BETWEEN 6795179 AND 6795279
	-> Filter: (sbtest4.k between 6795179 and 6795279)  (cost=20.1 rows=99)
    -> Covering index range scan on sbtest4 using k_4 over (6795179 <= k <= 6795279)  (cost=20.1 rows=99)


table 5 : explain SELECT k FROM sbtest5 WHERE k BETWEEN 6795179 AND 6795279
	-> Filter: (sbtest5.k between 6795179 and 6795279)  (cost=20.3 rows=100)
    -> Covering index range scan on sbtest5 using k_5 over (6795179 <= k <= 6795279)  (cost=20.3 rows=100)


table 6 : explain SELECT k FROM sbtest6 WHERE k BETWEEN 6795179 AND 6795279
	-> Filter: (sbtest6.k between 6795179 and 6795279)  (cost=21.7 rows=107)
    -> Covering index range scan on sbtest6 using k_6 over (6795179 <= k <= 6795279)  (cost=21.7 rows=107)


table 7 : explain SELECT k FROM sbtest7 WHERE k BETWEEN 6795179 AND 6795279
	-> Filter: (sbtest7.k between 6795179 and 6795279)  (cost=20.5 rows=101)
    -> Covering index range scan on sbtest7 using k_7 over (6795179 <= k <= 6795279)  (cost=20.5 rows=101)


table 8 : explain SELECT k FROM sbtest8 WHERE k BETWEEN 6795179 AND 6795279
	-> Filter: (sbtest8.k between 6795179 and 6795279)  (cost=19.3 rows=95)
    -> Covering index range scan on sbtest8 using k_8 over (6795179 <= k <= 6795279)  (cost=19.3 rows=95)


explain: for range-covered :: explain SELECT k FROM sbtest%d WHERE k BETWEEN 4433145 AND 4433245

explain: for range-covered :: explain SELECT k FROM sbtest%d WHERE k BETWEEN 5533698 AND 5533798
for range-covered
table 1 : explain SELECT k FROM sbtest1 WHERE k BETWEEN 8511897 AND 8511997
	-> Filter: (sbtest1.k between 8511897 and 8511997)  (cost=19.1 rows=94)
    -> Covering index range scan on sbtest1 using k_1 over (8511897 <= k <= 8511997)  (cost=19.1 rows=94)


table 2 : explain SELECT k FROM sbtest2 WHERE k BETWEEN 8511897 AND 8511997
	-> Filter: (sbtest2.k between 8511897 and 8511997)  (cost=19.1 rows=94)
    -> Covering index range scan on sbtest2 using k_2 over (8511897 <= k <= 8511997)  (cost=19.1 rows=94)


table 3 : explain SELECT k FROM sbtest3 WHERE k BETWEEN 8511897 AND 8511997
	-> Filter: (sbtest3.k between 8511897 and 8511997)  (cost=21.7 rows=107)
    -> Covering index range scan on sbtest3 using k_3 over (8511897 <= k <= 8511997)  (cost=21.7 rows=107)


table 4 : explain SELECT k FROM sbtest4 WHERE k BETWEEN 8511897 AND 8511997
	-> Filter: (sbtest4.k between 8511897 and 8511997)  (cost=20.1 rows=99)
    -> Covering index range scan on sbtest4 using k_4 over (8511897 <= k <= 8511997)  (cost=20.1 rows=99)


table 5 : explain SELECT k FROM sbtest5 WHERE k BETWEEN 8511897 AND 8511997
	-> Filter: (sbtest5.k between 8511897 and 8511997)  (cost=20.7 rows=102)
    -> Covering index range scan on sbtest5 using k_5 over (8511897 <= k <= 8511997)  (cost=20.7 rows=102)


table 6 : explain SELECT k FROM sbtest6 WHERE k BETWEEN 8511897 AND 8511997
	-> Filter: (sbtest6.k between 8511897 and 8511997)  (cost=20.9 rows=103)
    -> Covering index range scan on sbtest6 using k_6 over (8511897 <= k <= 8511997)  (cost=20.9 rows=103)


table 7 : explain SELECT k FROM sbtest7 WHERE k BETWEEN 8511897 AND 8511997
	-> Filter: (sbtest7.k between 8511897 and 8511997)  (cost=23.3 rows=115)
    -> Covering index range scan on sbtest7 using k_7 over (8511897 <= k <= 8511997)  (cost=23.3 rows=115)


table 8 : explain SELECT k FROM sbtest8 WHERE k BETWEEN 8511897 AND 8511997
	-> Filter: (sbtest8.k between 8511897 and 8511997)  (cost=18.7 rows=92)
    -> Covering index range scan on sbtest8 using k_8 over (8511897 <= k <= 8511997)  (cost=18.7 rows=92)


for range-covered
table 1 : explain SELECT k FROM sbtest1 WHERE k BETWEEN 2207025 AND 2207125
	-> Filter: (sbtest1.k between 2207025 and 2207125)  (cost=21.7 rows=107)
    -> Covering index range scan on sbtest1 using k_1 over (2207025 <= k <= 2207125)  (cost=21.7 rows=107)


table 2 : explain SELECT k FROM sbtest2 WHERE k BETWEEN 2207025 AND 2207125
	-> Filter: (sbtest2.k between 2207025 and 2207125)  (cost=21.9 rows=108)
    -> Covering index range scan on sbtest2 using k_2 over (2207025 <= k <= 2207125)  (cost=21.9 rows=108)


table 3 : explain SELECT k FROM sbtest3 WHERE k BETWEEN 2207025 AND 2207125
	-> Filter: (sbtest3.k between 2207025 and 2207125)  (cost=24.1 rows=119)
    -> Covering index range scan on sbtest3 using k_3 over (2207025 <= k <= 2207125)  (cost=24.1 rows=119)


table 4 : explain SELECT k FROM sbtest4 WHERE k BETWEEN 2207025 AND 2207125
	-> Filter: (sbtest4.k between 2207025 and 2207125)  (cost=22.9 rows=113)
    -> Covering index range scan on sbtest4 using k_4 over (2207025 <= k <= 2207125)  (cost=22.9 rows=113)


table 5 : explain SELECT k FROM sbtest5 WHERE k BETWEEN 2207025 AND 2207125
	-> Filter: (sbtest5.k between 2207025 and 2207125)  (cost=21.3 rows=105)
    -> Covering index range scan on sbtest5 using k_5 over (2207025 <= k <= 2207125)  (cost=21.3 rows=105)


table 6 : explain SELECT k FROM sbtest6 WHERE k BETWEEN 2207025 AND 2207125
	-> Filter: (sbtest6.k between 2207025 and 2207125)  (cost=18.7 rows=92)
    -> Covering index range scan on sbtest6 using k_6 over (2207025 <= k <= 2207125)  (cost=18.7 rows=92)


table 7 : explain SELECT k FROM sbtest7 WHERE k BETWEEN 2207025 AND 2207125
	-> Filter: (sbtest7.k between 2207025 and 2207125)  (cost=23.3 rows=115)
    -> Covering index range scan on sbtest7 using k_7 over (2207025 <= k <= 2207125)  (cost=23.3 rows=115)


table 8 : explain SELECT k FROM sbtest8 WHERE k BETWEEN 2207025 AND 2207125
	-> Filter: (sbtest8.k between 2207025 and 2207125)  (cost=22.7 rows=112)
    -> Covering index range scan on sbtest8 using k_8 over (2207025 <= k <= 2207125)  (cost=22.7 rows=112)


explain: for range-covered :: explain SELECT k FROM sbtest%d WHERE k BETWEEN 5917655 AND 5917755
for range-covered
table 1 : explain SELECT k FROM sbtest1 WHERE k BETWEEN 5072241 AND 5072341
	-> Filter: (sbtest1.k between 5072241 and 5072341)  (cost=26.9 rows=133)
    -> Covering index range scan on sbtest1 using k_1 over (5072241 <= k <= 5072341)  (cost=26.9 rows=133)


table 2 : explain SELECT k FROM sbtest2 WHERE k BETWEEN 5072241 AND 5072341
	-> Filter: (sbtest2.k between 5072241 and 5072341)  (cost=20.5 rows=101)
    -> Covering index range scan on sbtest2 using k_2 over (5072241 <= k <= 5072341)  (cost=20.5 rows=101)


table 3 : explain SELECT k FROM sbtest3 WHERE k BETWEEN 5072241 AND 5072341
	-> Filter: (sbtest3.k between 5072241 and 5072341)  (cost=17.1 rows=84)
    -> Covering index range scan on sbtest3 using k_3 over (5072241 <= k <= 5072341)  (cost=17.1 rows=84)


table 4 : explain SELECT k FROM sbtest4 WHERE k BETWEEN 5072241 AND 5072341
	-> Filter: (sbtest4.k between 5072241 and 5072341)  (cost=19.5 rows=96)
    -> Covering index range scan on sbtest4 using k_4 over (5072241 <= k <= 5072341)  (cost=19.5 rows=96)


table 5 : explain SELECT k FROM sbtest5 WHERE k BETWEEN 5072241 AND 5072341
	-> Filter: (sbtest5.k between 5072241 and 5072341)  (cost=20.9 rows=103)
    -> Covering index range scan on sbtest5 using k_5 over (5072241 <= k <= 5072341)  (cost=20.9 rows=103)


table 6 : explain SELECT k FROM sbtest6 WHERE k BETWEEN 5072241 AND 5072341
	-> Filter: (sbtest6.k between 5072241 and 5072341)  (cost=18.5 rows=91)
    -> Covering index range scan on sbtest6 using k_6 over (5072241 <= k <= 5072341)  (cost=18.5 rows=91)


table 7 : explain SELECT k FROM sbtest7 WHERE k BETWEEN 5072241 AND 5072341
	-> Filter: (sbtest7.k between 5072241 and 5072341)  (cost=19.3 rows=95)
    -> Covering index range scan on sbtest7 using k_7 over (5072241 <= k <= 5072341)  (cost=19.3 rows=95)


table 8 : explain SELECT k FROM sbtest8 WHERE k BETWEEN 5072241 AND 5072341
	-> Filter: (sbtest8.k between 5072241 and 5072341)  (cost=20.3 rows=100)
    -> Covering index range scan on sbtest8 using k_8 over (5072241 <= k <= 5072341)  (cost=20.3 rows=100)


explain: for range-covered :: explain SELECT k FROM sbtest%d WHERE k BETWEEN 6795179 AND 6795279

explain: for range-covered :: explain SELECT k FROM sbtest%d WHERE k BETWEEN 8511897 AND 8511997
for range-covered
table 1 : explain SELECT k FROM sbtest1 WHERE k BETWEEN 1611351 AND 1611451
	-> Filter: (sbtest1.k between 1611351 and 1611451)  (cost=18.9 rows=93)
    -> Covering index range scan on sbtest1 using k_1 over (1611351 <= k <= 1611451)  (cost=18.9 rows=93)


table 2 : explain SELECT k FROM sbtest2 WHERE k BETWEEN 1611351 AND 1611451
	-> Filter: (sbtest2.k between 1611351 and 1611451)  (cost=19.5 rows=96)
    -> Covering index range scan on sbtest2 using k_2 over (1611351 <= k <= 1611451)  (cost=19.5 rows=96)


table 3 : explain SELECT k FROM sbtest3 WHERE k BETWEEN 1611351 AND 1611451
	-> Filter: (sbtest3.k between 1611351 and 1611451)  (cost=22.9 rows=113)
    -> Covering index range scan on sbtest3 using k_3 over (1611351 <= k <= 1611451)  (cost=22.9 rows=113)


table 4 : explain SELECT k FROM sbtest4 WHERE k BETWEEN 1611351 AND 1611451
	-> Filter: (sbtest4.k between 1611351 and 1611451)  (cost=19.9 rows=98)
    -> Covering index range scan on sbtest4 using k_4 over (1611351 <= k <= 1611451)  (cost=19.9 rows=98)


table 5 : explain SELECT k FROM sbtest5 WHERE k BETWEEN 1611351 AND 1611451
	-> Filter: (sbtest5.k between 1611351 and 1611451)  (cost=20.7 rows=102)
    -> Covering index range scan on sbtest5 using k_5 over (1611351 <= k <= 1611451)  (cost=20.7 rows=102)


table 6 : explain SELECT k FROM sbtest6 WHERE k BETWEEN 1611351 AND 1611451
	-> Filter: (sbtest6.k between 1611351 and 1611451)  (cost=19.7 rows=97)
    -> Covering index range scan on sbtest6 using k_6 over (1611351 <= k <= 1611451)  (cost=19.7 rows=97)


table 7 : explain SELECT k FROM sbtest7 WHERE k BETWEEN 1611351 AND 1611451
	-> Filter: (sbtest7.k between 1611351 and 1611451)  (cost=16.3 rows=80)
    -> Covering index range scan on sbtest7 using k_7 over (1611351 <= k <= 1611451)  (cost=16.3 rows=80)


table 8 : explain SELECT k FROM sbtest8 WHERE k BETWEEN 1611351 AND 1611451
	-> Filter: (sbtest8.k between 1611351 and 1611451)  (cost=19.3 rows=95)
    -> Covering index range scan on sbtest8 using k_8 over (1611351 <= k <= 1611451)  (cost=19.3 rows=95)


for range-covered
table 1 : explain SELECT k FROM sbtest1 WHERE k BETWEEN 3531035 AND 3531135
	-> Filter: (sbtest1.k between 3531035 and 3531135)  (cost=19.9 rows=98)
    -> Covering index range scan on sbtest1 using k_1 over (3531035 <= k <= 3531135)  (cost=19.9 rows=98)


table 2 : explain SELECT k FROM sbtest2 WHERE k BETWEEN 3531035 AND 3531135
	-> Filter: (sbtest2.k between 3531035 and 3531135)  (cost=18.9 rows=93)
    -> Covering index range scan on sbtest2 using k_2 over (3531035 <= k <= 3531135)  (cost=18.9 rows=93)


table 3 : explain SELECT k FROM sbtest3 WHERE k BETWEEN 3531035 AND 3531135
	-> Filter: (sbtest3.k between 3531035 and 3531135)  (cost=20.7 rows=102)
    -> Covering index range scan on sbtest3 using k_3 over (3531035 <= k <= 3531135)  (cost=20.7 rows=102)


table 4 : explain SELECT k FROM sbtest4 WHERE k BETWEEN 3531035 AND 3531135
	-> Filter: (sbtest4.k between 3531035 and 3531135)  (cost=23.9 rows=118)
    -> Covering index range scan on sbtest4 using k_4 over (3531035 <= k <= 3531135)  (cost=23.9 rows=118)


table 5 : explain SELECT k FROM sbtest5 WHERE k BETWEEN 3531035 AND 3531135
	-> Filter: (sbtest5.k between 3531035 and 3531135)  (cost=20.3 rows=100)
    -> Covering index range scan on sbtest5 using k_5 over (3531035 <= k <= 3531135)  (cost=20.3 rows=100)


table 6 : explain SELECT k FROM sbtest6 WHERE k BETWEEN 3531035 AND 3531135
	-> Filter: (sbtest6.k between 3531035 and 3531135)  (cost=15.1 rows=74)
    -> Covering index range scan on sbtest6 using k_6 over (3531035 <= k <= 3531135)  (cost=15.1 rows=74)


table 7 : explain SELECT k FROM sbtest7 WHERE k BETWEEN 3531035 AND 3531135
	-> Filter: (sbtest7.k between 3531035 and 3531135)  (cost=18.9 rows=93)
    -> Covering index range scan on sbtest7 using k_7 over (3531035 <= k <= 3531135)  (cost=18.9 rows=93)


table 8 : explain SELECT k FROM sbtest8 WHERE k BETWEEN 3531035 AND 3531135
	-> Filter: (sbtest8.k between 3531035 and 3531135)  (cost=16.9 rows=83)
    -> Covering index range scan on sbtest8 using k_8 over (3531035 <= k <= 3531135)  (cost=16.9 rows=83)


for range-covered
table 1 : explain SELECT k FROM sbtest1 WHERE k BETWEEN 4565518 AND 4565618
	-> Filter: (sbtest1.k between 4565518 and 4565618)  (cost=19.7 rows=97)
    -> Covering index range scan on sbtest1 using k_1 over (4565518 <= k <= 4565618)  (cost=19.7 rows=97)


table 2 : explain SELECT k FROM sbtest2 WHERE k BETWEEN 4565518 AND 4565618
	-> Filter: (sbtest2.k between 4565518 and 4565618)  (cost=21.3 rows=105)
    -> Covering index range scan on sbtest2 using k_2 over (4565518 <= k <= 4565618)  (cost=21.3 rows=105)


table 3 : explain SELECT k FROM sbtest3 WHERE k BETWEEN 4565518 AND 4565618
	-> Filter: (sbtest3.k between 4565518 and 4565618)  (cost=22.7 rows=112)
    -> Covering index range scan on sbtest3 using k_3 over (4565518 <= k <= 4565618)  (cost=22.7 rows=112)


table 4 : explain SELECT k FROM sbtest4 WHERE k BETWEEN 4565518 AND 4565618
	-> Filter: (sbtest4.k between 4565518 and 4565618)  (cost=18.9 rows=93)
    -> Covering index range scan on sbtest4 using k_4 over (4565518 <= k <= 4565618)  (cost=18.9 rows=93)


table 5 : explain SELECT k FROM sbtest5 WHERE k BETWEEN 4565518 AND 4565618
	-> Filter: (sbtest5.k between 4565518 and 4565618)  (cost=23.5 rows=116)
    -> Covering index range scan on sbtest5 using k_5 over (4565518 <= k <= 4565618)  (cost=23.5 rows=116)


table 6 : explain SELECT k FROM sbtest6 WHERE k BETWEEN 4565518 AND 4565618
	-> Filter: (sbtest6.k between 4565518 and 4565618)  (cost=18.1 rows=89)
    -> Covering index range scan on sbtest6 using k_6 over (4565518 <= k <= 4565618)  (cost=18.1 rows=89)


table 7 : explain SELECT k FROM sbtest7 WHERE k BETWEEN 4565518 AND 4565618
	-> Filter: (sbtest7.k between 4565518 and 4565618)  (cost=21.9 rows=108)
    -> Covering index range scan on sbtest7 using k_7 over (4565518 <= k <= 4565618)  (cost=21.9 rows=108)


table 8 : explain SELECT k FROM sbtest8 WHERE k BETWEEN 4565518 AND 4565618
	-> Filter: (sbtest8.k between 4565518 and 4565618)  (cost=21.7 rows=107)
    -> Covering index range scan on sbtest8 using k_8 over (4565518 <= k <= 4565618)  (cost=21.7 rows=107)


for range-covered
table 1 : explain SELECT k FROM sbtest1 WHERE k BETWEEN 9320933 AND 9321033
	-> Filter: (sbtest1.k between 9320933 and 9321033)  (cost=22.7 rows=112)
    -> Covering index range scan on sbtest1 using k_1 over (9320933 <= k <= 9321033)  (cost=22.7 rows=112)


table 2 : explain SELECT k FROM sbtest2 WHERE k BETWEEN 9320933 AND 9321033
	-> Filter: (sbtest2.k between 9320933 and 9321033)  (cost=20.3 rows=100)
    -> Covering index range scan on sbtest2 using k_2 over (9320933 <= k <= 9321033)  (cost=20.3 rows=100)


table 3 : explain SELECT k FROM sbtest3 WHERE k BETWEEN 9320933 AND 9321033
	-> Filter: (sbtest3.k between 9320933 and 9321033)  (cost=17.3 rows=85)
    -> Covering index range scan on sbtest3 using k_3 over (9320933 <= k <= 9321033)  (cost=17.3 rows=85)


table 4 : explain SELECT k FROM sbtest4 WHERE k BETWEEN 9320933 AND 9321033
	-> Filter: (sbtest4.k between 9320933 and 9321033)  (cost=16.9 rows=83)
    -> Covering index range scan on sbtest4 using k_4 over (9320933 <= k <= 9321033)  (cost=16.9 rows=83)


table 5 : explain SELECT k FROM sbtest5 WHERE k BETWEEN 9320933 AND 9321033
	-> Filter: (sbtest5.k between 9320933 and 9321033)  (cost=18.3 rows=90)
    -> Covering index range scan on sbtest5 using k_5 over (9320933 <= k <= 9321033)  (cost=18.3 rows=90)


table 6 : explain SELECT k FROM sbtest6 WHERE k BETWEEN 9320933 AND 9321033
	-> Filter: (sbtest6.k between 9320933 and 9321033)  (cost=18.5 rows=91)
    -> Covering index range scan on sbtest6 using k_6 over (9320933 <= k <= 9321033)  (cost=18.5 rows=91)


table 7 : explain SELECT k FROM sbtest7 WHERE k BETWEEN 9320933 AND 9321033
	-> Filter: (sbtest7.k between 9320933 and 9321033)  (cost=19.7 rows=97)
    -> Covering index range scan on sbtest7 using k_7 over (9320933 <= k <= 9321033)  (cost=19.7 rows=97)


table 8 : explain SELECT k FROM sbtest8 WHERE k BETWEEN 9320933 AND 9321033
	-> Filter: (sbtest8.k between 9320933 and 9321033)  (cost=21.1 rows=104)
    -> Covering index range scan on sbtest8 using k_8 over (9320933 <= k <= 9321033)  (cost=21.1 rows=104)


for range-covered
table 1 : explain SELECT k FROM sbtest1 WHERE k BETWEEN 7334581 AND 7334681
	-> Filter: (sbtest1.k between 7334581 and 7334681)  (cost=16.7 rows=82)
    -> Covering index range scan on sbtest1 using k_1 over (7334581 <= k <= 7334681)  (cost=16.7 rows=82)


table 2 : explain SELECT k FROM sbtest2 WHERE k BETWEEN 7334581 AND 7334681
	-> Filter: (sbtest2.k between 7334581 and 7334681)  (cost=21.1 rows=104)
    -> Covering index range scan on sbtest2 using k_2 over (7334581 <= k <= 7334681)  (cost=21.1 rows=104)


table 3 : explain SELECT k FROM sbtest3 WHERE k BETWEEN 7334581 AND 7334681
	-> Filter: (sbtest3.k between 7334581 and 7334681)  (cost=18.7 rows=92)
    -> Covering index range scan on sbtest3 using k_3 over (7334581 <= k <= 7334681)  (cost=18.7 rows=92)


table 4 : explain SELECT k FROM sbtest4 WHERE k BETWEEN 7334581 AND 7334681
	-> Filter: (sbtest4.k between 7334581 and 7334681)  (cost=20.3 rows=100)
    -> Covering index range scan on sbtest4 using k_4 over (7334581 <= k <= 7334681)  (cost=20.3 rows=100)


table 5 : explain SELECT k FROM sbtest5 WHERE k BETWEEN 7334581 AND 7334681
	-> Filter: (sbtest5.k between 7334581 and 7334681)  (cost=18.5 rows=91)
    -> Covering index range scan on sbtest5 using k_5 over (7334581 <= k <= 7334681)  (cost=18.5 rows=91)


table 6 : explain SELECT k FROM sbtest6 WHERE k BETWEEN 7334581 AND 7334681
	-> Filter: (sbtest6.k between 7334581 and 7334681)  (cost=25.1 rows=124)
    -> Covering index range scan on sbtest6 using k_6 over (7334581 <= k <= 7334681)  (cost=25.1 rows=124)


table 7 : explain SELECT k FROM sbtest7 WHERE k BETWEEN 7334581 AND 7334681
	-> Filter: (sbtest7.k between 7334581 and 7334681)  (cost=20.3 rows=100)
    -> Covering index range scan on sbtest7 using k_7 over (7334581 <= k <= 7334681)  (cost=20.3 rows=100)


table 8 : explain SELECT k FROM sbtest8 WHERE k BETWEEN 7334581 AND 7334681
	-> Filter: (sbtest8.k between 7334581 and 7334681)  (cost=17.1 rows=84)
    -> Covering index range scan on sbtest8 using k_8 over (7334581 <= k <= 7334681)  (cost=17.1 rows=84)


for range-covered
table 1 : explain SELECT k FROM sbtest1 WHERE k BETWEEN 2906057 AND 2906157
	-> Filter: (sbtest1.k between 2906057 and 2906157)  (cost=24.1 rows=119)
    -> Covering index range scan on sbtest1 using k_1 over (2906057 <= k <= 2906157)  (cost=24.1 rows=119)


table 2 : explain SELECT k FROM sbtest2 WHERE k BETWEEN 2906057 AND 2906157
	-> Filter: (sbtest2.k between 2906057 and 2906157)  (cost=17.3 rows=85)
    -> Covering index range scan on sbtest2 using k_2 over (2906057 <= k <= 2906157)  (cost=17.3 rows=85)


table 3 : explain SELECT k FROM sbtest3 WHERE k BETWEEN 2906057 AND 2906157
	-> Filter: (sbtest3.k between 2906057 and 2906157)  (cost=17.7 rows=87)
    -> Covering index range scan on sbtest3 using k_3 over (2906057 <= k <= 2906157)  (cost=17.7 rows=87)


table 4 : explain SELECT k FROM sbtest4 WHERE k BETWEEN 2906057 AND 2906157
	-> Filter: (sbtest4.k between 2906057 and 2906157)  (cost=18.3 rows=90)
    -> Covering index range scan on sbtest4 using k_4 over (2906057 <= k <= 2906157)  (cost=18.3 rows=90)


table 5 : explain SELECT k FROM sbtest5 WHERE k BETWEEN 2906057 AND 2906157
	-> Filter: (sbtest5.k between 2906057 and 2906157)  (cost=22.9 rows=113)
    -> Covering index range scan on sbtest5 using k_5 over (2906057 <= k <= 2906157)  (cost=22.9 rows=113)


table 6 : explain SELECT k FROM sbtest6 WHERE k BETWEEN 2906057 AND 2906157
	-> Filter: (sbtest6.k between 2906057 and 2906157)  (cost=16.3 rows=80)
    -> Covering index range scan on sbtest6 using k_6 over (2906057 <= k <= 2906157)  (cost=16.3 rows=80)


table 7 : explain SELECT k FROM sbtest7 WHERE k BETWEEN 2906057 AND 2906157
	-> Filter: (sbtest7.k between 2906057 and 2906157)  (cost=19.7 rows=97)
    -> Covering index range scan on sbtest7 using k_7 over (2906057 <= k <= 2906157)  (cost=19.7 rows=97)


table 8 : explain SELECT k FROM sbtest8 WHERE k BETWEEN 2906057 AND 2906157
	-> Filter: (sbtest8.k between 2906057 and 2906157)  (cost=18.9 rows=93)
    -> Covering index range scan on sbtest8 using k_8 over (2906057 <= k <= 2906157)  (cost=18.9 rows=93)


for range-covered
table 1 : explain SELECT k FROM sbtest1 WHERE k BETWEEN 6273948 AND 6274048
	-> Filter: (sbtest1.k between 6273948 and 6274048)  (cost=22.9 rows=113)
    -> Covering index range scan on sbtest1 using k_1 over (6273948 <= k <= 6274048)  (cost=22.9 rows=113)


table 2 : explain SELECT k FROM sbtest2 WHERE k BETWEEN 6273948 AND 6274048
	-> Filter: (sbtest2.k between 6273948 and 6274048)  (cost=17.5 rows=86)
    -> Covering index range scan on sbtest2 using k_2 over (6273948 <= k <= 6274048)  (cost=17.5 rows=86)


table 3 : explain SELECT k FROM sbtest3 WHERE k BETWEEN 6273948 AND 6274048
	-> Filter: (sbtest3.k between 6273948 and 6274048)  (cost=18.7 rows=92)
    -> Covering index range scan on sbtest3 using k_3 over (6273948 <= k <= 6274048)  (cost=18.7 rows=92)


table 4 : explain SELECT k FROM sbtest4 WHERE k BETWEEN 6273948 AND 6274048
	-> Filter: (sbtest4.k between 6273948 and 6274048)  (cost=20.7 rows=102)
    -> Covering index range scan on sbtest4 using k_4 over (6273948 <= k <= 6274048)  (cost=20.7 rows=102)


table 5 : explain SELECT k FROM sbtest5 WHERE k BETWEEN 6273948 AND 6274048
	-> Filter: (sbtest5.k between 6273948 and 6274048)  (cost=20.9 rows=103)
    -> Covering index range scan on sbtest5 using k_5 over (6273948 <= k <= 6274048)  (cost=20.9 rows=103)


table 6 : explain SELECT k FROM sbtest6 WHERE k BETWEEN 6273948 AND 6274048
	-> Filter: (sbtest6.k between 6273948 and 6274048)  (cost=19.3 rows=95)
    -> Covering index range scan on sbtest6 using k_6 over (6273948 <= k <= 6274048)  (cost=19.3 rows=95)


table 7 : explain SELECT k FROM sbtest7 WHERE k BETWEEN 6273948 AND 6274048
	-> Filter: (sbtest7.k between 6273948 and 6274048)  (cost=18.9 rows=93)
    -> Covering index range scan on sbtest7 using k_7 over (6273948 <= k <= 6274048)  (cost=18.9 rows=93)


table 8 : explain SELECT k FROM sbtest8 WHERE k BETWEEN 6273948 AND 6274048
	-> Filter: (sbtest8.k between 6273948 and 6274048)  (cost=18.3 rows=90)
    -> Covering index range scan on sbtest8 using k_8 over (6273948 <= k <= 6274048)  (cost=18.3 rows=90)


for range-covered
table 1 : explain SELECT k FROM sbtest1 WHERE k BETWEEN 5909262 AND 5909362
	-> Filter: (sbtest1.k between 5909262 and 5909362)  (cost=25.9 rows=128)
    -> Covering index range scan on sbtest1 using k_1 over (5909262 <= k <= 5909362)  (cost=25.9 rows=128)


table 2 : explain SELECT k FROM sbtest2 WHERE k BETWEEN 5909262 AND 5909362
	-> Filter: (sbtest2.k between 5909262 and 5909362)  (cost=16.5 rows=81)
    -> Covering index range scan on sbtest2 using k_2 over (5909262 <= k <= 5909362)  (cost=16.5 rows=81)


table 3 : explain SELECT k FROM sbtest3 WHERE k BETWEEN 5909262 AND 5909362
	-> Filter: (sbtest3.k between 5909262 and 5909362)  (cost=18.1 rows=89)
    -> Covering index range scan on sbtest3 using k_3 over (5909262 <= k <= 5909362)  (cost=18.1 rows=89)


table 4 : explain SELECT k FROM sbtest4 WHERE k BETWEEN 5909262 AND 5909362
	-> Filter: (sbtest4.k between 5909262 and 5909362)  (cost=22.1 rows=109)
    -> Covering index range scan on sbtest4 using k_4 over (5909262 <= k <= 5909362)  (cost=22.1 rows=109)


table 5 : explain SELECT k FROM sbtest5 WHERE k BETWEEN 5909262 AND 5909362
	-> Filter: (sbtest5.k between 5909262 and 5909362)  (cost=20.3 rows=100)
    -> Covering index range scan on sbtest5 using k_5 over (5909262 <= k <= 5909362)  (cost=20.3 rows=100)


table 6 : explain SELECT k FROM sbtest6 WHERE k BETWEEN 5909262 AND 5909362
	-> Filter: (sbtest6.k between 5909262 and 5909362)  (cost=22.3 rows=110)
    -> Covering index range scan on sbtest6 using k_6 over (5909262 <= k <= 5909362)  (cost=22.3 rows=110)


table 7 : explain SELECT k FROM sbtest7 WHERE k BETWEEN 5909262 AND 5909362
	-> Filter: (sbtest7.k between 5909262 and 5909362)  (cost=21.9 rows=108)
    -> Covering index range scan on sbtest7 using k_7 over (5909262 <= k <= 5909362)  (cost=21.9 rows=108)


table 8 : explain SELECT k FROM sbtest8 WHERE k BETWEEN 5909262 AND 5909362
	-> Filter: (sbtest8.k between 5909262 and 5909362)  (cost=21.3 rows=105)
    -> Covering index range scan on sbtest8 using k_8 over (5909262 <= k <= 5909362)  (cost=21.3 rows=105)


for range-covered
table 1 : explain SELECT k FROM sbtest1 WHERE k BETWEEN 6014213 AND 6014313
	-> Filter: (sbtest1.k between 6014213 and 6014313)  (cost=22.9 rows=113)
    -> Covering index range scan on sbtest1 using k_1 over (6014213 <= k <= 6014313)  (cost=22.9 rows=113)


table 2 : explain SELECT k FROM sbtest2 WHERE k BETWEEN 6014213 AND 6014313
	-> Filter: (sbtest2.k between 6014213 and 6014313)  (cost=22.3 rows=110)
    -> Covering index range scan on sbtest2 using k_2 over (6014213 <= k <= 6014313)  (cost=22.3 rows=110)


table 3 : explain SELECT k FROM sbtest3 WHERE k BETWEEN 6014213 AND 6014313
	-> Filter: (sbtest3.k between 6014213 and 6014313)  (cost=16.5 rows=81)
    -> Covering index range scan on sbtest3 using k_3 over (6014213 <= k <= 6014313)  (cost=16.5 rows=81)


table 4 : explain SELECT k FROM sbtest4 WHERE k BETWEEN 6014213 AND 6014313
	-> Filter: (sbtest4.k between 6014213 and 6014313)  (cost=19.9 rows=98)
    -> Covering index range scan on sbtest4 using k_4 over (6014213 <= k <= 6014313)  (cost=19.9 rows=98)


table 5 : explain SELECT k FROM sbtest5 WHERE k BETWEEN 6014213 AND 6014313
	-> Filter: (sbtest5.k between 6014213 and 6014313)  (cost=21.9 rows=108)
    -> Covering index range scan on sbtest5 using k_5 over (6014213 <= k <= 6014313)  (cost=21.9 rows=108)


table 6 : explain SELECT k FROM sbtest6 WHERE k BETWEEN 6014213 AND 6014313
	-> Filter: (sbtest6.k between 6014213 and 6014313)  (cost=21.3 rows=105)
    -> Covering index range scan on sbtest6 using k_6 over (6014213 <= k <= 6014313)  (cost=21.3 rows=105)


table 7 : explain SELECT k FROM sbtest7 WHERE k BETWEEN 6014213 AND 6014313
	-> Filter: (sbtest7.k between 6014213 and 6014313)  (cost=20.5 rows=101)
    -> Covering index range scan on sbtest7 using k_7 over (6014213 <= k <= 6014313)  (cost=20.5 rows=101)


table 8 : explain SELECT k FROM sbtest8 WHERE k BETWEEN 6014213 AND 6014313
	-> Filter: (sbtest8.k between 6014213 and 6014313)  (cost=20.9 rows=103)
    -> Covering index range scan on sbtest8 using k_8 over (6014213 <= k <= 6014313)  (cost=20.9 rows=103)


explain: for range-covered :: explain SELECT k FROM sbtest%d WHERE k BETWEEN 5909262 AND 5909362
for range-covered
table 1 : explain SELECT k FROM sbtest1 WHERE k BETWEEN 4259778 AND 4259878
	-> Filter: (sbtest1.k between 4259778 and 4259878)  (cost=18.3 rows=90)
    -> Covering index range scan on sbtest1 using k_1 over (4259778 <= k <= 4259878)  (cost=18.3 rows=90)


table 2 : explain SELECT k FROM sbtest2 WHERE k BETWEEN 4259778 AND 4259878
	-> Filter: (sbtest2.k between 4259778 and 4259878)  (cost=21.9 rows=108)
    -> Covering index range scan on sbtest2 using k_2 over (4259778 <= k <= 4259878)  (cost=21.9 rows=108)


table 3 : explain SELECT k FROM sbtest3 WHERE k BETWEEN 4259778 AND 4259878
	-> Filter: (sbtest3.k between 4259778 and 4259878)  (cost=17.7 rows=87)
    -> Covering index range scan on sbtest3 using k_3 over (4259778 <= k <= 4259878)  (cost=17.7 rows=87)


table 4 : explain SELECT k FROM sbtest4 WHERE k BETWEEN 4259778 AND 4259878
	-> Filter: (sbtest4.k between 4259778 and 4259878)  (cost=23.3 rows=115)
    -> Covering index range scan on sbtest4 using k_4 over (4259778 <= k <= 4259878)  (cost=23.3 rows=115)


table 5 : explain SELECT k FROM sbtest5 WHERE k BETWEEN 4259778 AND 4259878
	-> Filter: (sbtest5.k between 4259778 and 4259878)  (cost=18.1 rows=89)
    -> Covering index range scan on sbtest5 using k_5 over (4259778 <= k <= 4259878)  (cost=18.1 rows=89)


table 6 : explain SELECT k FROM sbtest6 WHERE k BETWEEN 4259778 AND 4259878
	-> Filter: (sbtest6.k between 4259778 and 4259878)  (cost=20.7 rows=102)
    -> Covering index range scan on sbtest6 using k_6 over (4259778 <= k <= 4259878)  (cost=20.7 rows=102)


table 7 : explain SELECT k FROM sbtest7 WHERE k BETWEEN 4259778 AND 4259878
	-> Filter: (sbtest7.k between 4259778 and 4259878)  (cost=19.5 rows=96)
    -> Covering index range scan on sbtest7 using k_7 over (4259778 <= k <= 4259878)  (cost=19.5 rows=96)


table 8 : explain SELECT k FROM sbtest8 WHERE k BETWEEN 4259778 AND 4259878
	-> Filter: (sbtest8.k between 4259778 and 4259878)  (cost=20.3 rows=100)
    -> Covering index range scan on sbtest8 using k_8 over (4259778 <= k <= 4259878)  (cost=20.3 rows=100)


for range-covered
table 1 : explain SELECT k FROM sbtest1 WHERE k BETWEEN 6227750 AND 6227850
	-> Filter: (sbtest1.k between 6227750 and 6227850)  (cost=17.9 rows=88)
    -> Covering index range scan on sbtest1 using k_1 over (6227750 <= k <= 6227850)  (cost=17.9 rows=88)


table 2 : explain SELECT k FROM sbtest2 WHERE k BETWEEN 6227750 AND 6227850
	-> Filter: (sbtest2.k between 6227750 and 6227850)  (cost=23.1 rows=114)
    -> Covering index range scan on sbtest2 using k_2 over (6227750 <= k <= 6227850)  (cost=23.1 rows=114)


table 3 : explain SELECT k FROM sbtest3 WHERE k BETWEEN 6227750 AND 6227850
	-> Filter: (sbtest3.k between 6227750 and 6227850)  (cost=19.3 rows=95)
    -> Covering index range scan on sbtest3 using k_3 over (6227750 <= k <= 6227850)  (cost=19.3 rows=95)


table 4 : explain SELECT k FROM sbtest4 WHERE k BETWEEN 6227750 AND 6227850
	-> Filter: (sbtest4.k between 6227750 and 6227850)  (cost=16.5 rows=81)
    -> Covering index range scan on sbtest4 using k_4 over (6227750 <= k <= 6227850)  (cost=16.5 rows=81)


table 5 : explain SELECT k FROM sbtest5 WHERE k BETWEEN 6227750 AND 6227850
	-> Filter: (sbtest5.k between 6227750 and 6227850)  (cost=20.7 rows=102)
    -> Covering index range scan on sbtest5 using k_5 over (6227750 <= k <= 6227850)  (cost=20.7 rows=102)


table 6 : explain SELECT k FROM sbtest6 WHERE k BETWEEN 6227750 AND 6227850
	-> Filter: (sbtest6.k between 6227750 and 6227850)  (cost=19.9 rows=98)
    -> Covering index range scan on sbtest6 using k_6 over (6227750 <= k <= 6227850)  (cost=19.9 rows=98)


table 7 : explain SELECT k FROM sbtest7 WHERE k BETWEEN 6227750 AND 6227850
	-> Filter: (sbtest7.k between 6227750 and 6227850)  (cost=22.7 rows=112)
    -> Covering index range scan on sbtest7 using k_7 over (6227750 <= k <= 6227850)  (cost=22.7 rows=112)


table 8 : explain SELECT k FROM sbtest8 WHERE k BETWEEN 6227750 AND 6227850
	-> Filter: (sbtest8.k between 6227750 and 6227850)  (cost=21.3 rows=105)
    -> Covering index range scan on sbtest8 using k_8 over (6227750 <= k <= 6227850)  (cost=21.3 rows=105)


for range-covered
table 1 : explain SELECT k FROM sbtest1 WHERE k BETWEEN 6846578 AND 6846678
	-> Filter: (sbtest1.k between 6846578 and 6846678)  (cost=18.3 rows=90)
    -> Covering index range scan on sbtest1 using k_1 over (6846578 <= k <= 6846678)  (cost=18.3 rows=90)


table 2 : explain SELECT k FROM sbtest2 WHERE k BETWEEN 6846578 AND 6846678
	-> Filter: (sbtest2.k between 6846578 and 6846678)  (cost=19.7 rows=97)
    -> Covering index range scan on sbtest2 using k_2 over (6846578 <= k <= 6846678)  (cost=19.7 rows=97)


table 3 : explain SELECT k FROM sbtest3 WHERE k BETWEEN 6846578 AND 6846678
	-> Filter: (sbtest3.k between 6846578 and 6846678)  (cost=22.5 rows=111)
    -> Covering index range scan on sbtest3 using k_3 over (6846578 <= k <= 6846678)  (cost=22.5 rows=111)


table 4 : explain SELECT k FROM sbtest4 WHERE k BETWEEN 6846578 AND 6846678
	-> Filter: (sbtest4.k between 6846578 and 6846678)  (cost=23.5 rows=116)
    -> Covering index range scan on sbtest4 using k_4 over (6846578 <= k <= 6846678)  (cost=23.5 rows=116)


table 5 : explain SELECT k FROM sbtest5 WHERE k BETWEEN 6846578 AND 6846678
	-> Filter: (sbtest5.k between 6846578 and 6846678)  (cost=19.7 rows=97)
    -> Covering index range scan on sbtest5 using k_5 over (6846578 <= k <= 6846678)  (cost=19.7 rows=97)


table 6 : explain SELECT k FROM sbtest6 WHERE k BETWEEN 6846578 AND 6846678
	-> Filter: (sbtest6.k between 6846578 and 6846678)  (cost=21.9 rows=108)
    -> Covering index range scan on sbtest6 using k_6 over (6846578 <= k <= 6846678)  (cost=21.9 rows=108)


table 7 : explain SELECT k FROM sbtest7 WHERE k BETWEEN 6846578 AND 6846678
	-> Filter: (sbtest7.k between 6846578 and 6846678)  (cost=19.3 rows=95)
    -> Covering index range scan on sbtest7 using k_7 over (6846578 <= k <= 6846678)  (cost=19.3 rows=95)


table 8 : explain SELECT k FROM sbtest8 WHERE k BETWEEN 6846578 AND 6846678
	-> Filter: (sbtest8.k between 6846578 and 6846678)  (cost=22.9 rows=113)
    -> Covering index range scan on sbtest8 using k_8 over (6846578 <= k <= 6846678)  (cost=22.9 rows=113)


explain: for range-covered :: explain SELECT k FROM sbtest%d WHERE k BETWEEN 4259778 AND 4259878
for range-covered
table 1 : explain SELECT k FROM sbtest1 WHERE k BETWEEN 5533698 AND 5533798
	-> Filter: (sbtest1.k between 5533698 and 5533798)  (cost=18.5 rows=91)
    -> Covering index range scan on sbtest1 using k_1 over (5533698 <= k <= 5533798)  (cost=18.5 rows=91)


table 2 : explain SELECT k FROM sbtest2 WHERE k BETWEEN 5533698 AND 5533798
	-> Filter: (sbtest2.k between 5533698 and 5533798)  (cost=22.3 rows=110)
    -> Covering index range scan on sbtest2 using k_2 over (5533698 <= k <= 5533798)  (cost=22.3 rows=110)


table 3 : explain SELECT k FROM sbtest3 WHERE k BETWEEN 5533698 AND 5533798
	-> Filter: (sbtest3.k between 5533698 and 5533798)  (cost=22.5 rows=111)
    -> Covering index range scan on sbtest3 using k_3 over (5533698 <= k <= 5533798)  (cost=22.5 rows=111)


table 4 : explain SELECT k FROM sbtest4 WHERE k BETWEEN 5533698 AND 5533798
	-> Filter: (sbtest4.k between 5533698 and 5533798)  (cost=20.9 rows=103)
    -> Covering index range scan on sbtest4 using k_4 over (5533698 <= k <= 5533798)  (cost=20.9 rows=103)


table 5 : explain SELECT k FROM sbtest5 WHERE k BETWEEN 5533698 AND 5533798
	-> Filter: (sbtest5.k between 5533698 and 5533798)  (cost=22.5 rows=111)
    -> Covering index range scan on sbtest5 using k_5 over (5533698 <= k <= 5533798)  (cost=22.5 rows=111)


table 6 : explain SELECT k FROM sbtest6 WHERE k BETWEEN 5533698 AND 5533798
	-> Filter: (sbtest6.k between 5533698 and 5533798)  (cost=20.7 rows=102)
    -> Covering index range scan on sbtest6 using k_6 over (5533698 <= k <= 5533798)  (cost=20.7 rows=102)


table 7 : explain SELECT k FROM sbtest7 WHERE k BETWEEN 5533698 AND 5533798
	-> Filter: (sbtest7.k between 5533698 and 5533798)  (cost=20.9 rows=103)
    -> Covering index range scan on sbtest7 using k_7 over (5533698 <= k <= 5533798)  (cost=20.9 rows=103)


table 8 : explain SELECT k FROM sbtest8 WHERE k BETWEEN 5533698 AND 5533798
	-> Filter: (sbtest8.k between 5533698 and 5533798)  (cost=24.7 rows=122)
    -> Covering index range scan on sbtest8 using k_8 over (5533698 <= k <= 5533798)  (cost=24.7 rows=122)


for range-covered
table 1 : explain SELECT k FROM sbtest1 WHERE k BETWEEN 4433145 AND 4433245
	-> Filter: (sbtest1.k between 4433145 and 4433245)  (cost=22.1 rows=109)
    -> Covering index range scan on sbtest1 using k_1 over (4433145 <= k <= 4433245)  (cost=22.1 rows=109)


table 2 : explain SELECT k FROM sbtest2 WHERE k BETWEEN 4433145 AND 4433245
	-> Filter: (sbtest2.k between 4433145 and 4433245)  (cost=21.1 rows=104)
    -> Covering index range scan on sbtest2 using k_2 over (4433145 <= k <= 4433245)  (cost=21.1 rows=104)


table 3 : explain SELECT k FROM sbtest3 WHERE k BETWEEN 4433145 AND 4433245
	-> Filter: (sbtest3.k between 4433145 and 4433245)  (cost=19.9 rows=98)
    -> Covering index range scan on sbtest3 using k_3 over (4433145 <= k <= 4433245)  (cost=19.9 rows=98)


table 4 : explain SELECT k FROM sbtest4 WHERE k BETWEEN 4433145 AND 4433245
	-> Filter: (sbtest4.k between 4433145 and 4433245)  (cost=24.9 rows=123)
    -> Covering index range scan on sbtest4 using k_4 over (4433145 <= k <= 4433245)  (cost=24.9 rows=123)


table 5 : explain SELECT k FROM sbtest5 WHERE k BETWEEN 4433145 AND 4433245
	-> Filter: (sbtest5.k between 4433145 and 4433245)  (cost=20.9 rows=103)
    -> Covering index range scan on sbtest5 using k_5 over (4433145 <= k <= 4433245)  (cost=20.9 rows=103)


table 6 : explain SELECT k FROM sbtest6 WHERE k BETWEEN 4433145 AND 4433245
	-> Filter: (sbtest6.k between 4433145 and 4433245)  (cost=20.7 rows=102)
    -> Covering index range scan on sbtest6 using k_6 over (4433145 <= k <= 4433245)  (cost=20.7 rows=102)


table 7 : explain SELECT k FROM sbtest7 WHERE k BETWEEN 4433145 AND 4433245
	-> Filter: (sbtest7.k between 4433145 and 4433245)  (cost=14.9 rows=73)
    -> Covering index range scan on sbtest7 using k_7 over (4433145 <= k <= 4433245)  (cost=14.9 rows=73)


table 8 : explain SELECT k FROM sbtest8 WHERE k BETWEEN 4433145 AND 4433245
	-> Filter: (sbtest8.k between 4433145 and 4433245)  (cost=22.7 rows=112)
    -> Covering index range scan on sbtest8 using k_8 over (4433145 <= k <= 4433245)  (cost=22.7 rows=112)


for range-covered
table 1 : explain SELECT k FROM sbtest1 WHERE k BETWEEN 6795179 AND 6795279
	-> Filter: (sbtest1.k between 6795179 and 6795279)  (cost=21.3 rows=105)
    -> Covering index range scan on sbtest1 using k_1 over (6795179 <= k <= 6795279)  (cost=21.3 rows=105)


table 2 : explain SELECT k FROM sbtest2 WHERE k BETWEEN 6795179 AND 6795279
	-> Filter: (sbtest2.k between 6795179 and 6795279)  (cost=21.1 rows=104)
    -> Covering index range scan on sbtest2 using k_2 over (6795179 <= k <= 6795279)  (cost=21.1 rows=104)


table 3 : explain SELECT k FROM sbtest3 WHERE k BETWEEN 6795179 AND 6795279
	-> Filter: (sbtest3.k between 6795179 and 6795279)  (cost=21.9 rows=108)
    -> Covering index range scan on sbtest3 using k_3 over (6795179 <= k <= 6795279)  (cost=21.9 rows=108)


table 4 : explain SELECT k FROM sbtest4 WHERE k BETWEEN 6795179 AND 6795279
	-> Filter: (sbtest4.k between 6795179 and 6795279)  (cost=20.1 rows=99)
    -> Covering index range scan on sbtest4 using k_4 over (6795179 <= k <= 6795279)  (cost=20.1 rows=99)


table 5 : explain SELECT k FROM sbtest5 WHERE k BETWEEN 6795179 AND 6795279
	-> Filter: (sbtest5.k between 6795179 and 6795279)  (cost=20.3 rows=100)
    -> Covering index range scan on sbtest5 using k_5 over (6795179 <= k <= 6795279)  (cost=20.3 rows=100)


table 6 : explain SELECT k FROM sbtest6 WHERE k BETWEEN 6795179 AND 6795279
	-> Filter: (sbtest6.k between 6795179 and 6795279)  (cost=21.7 rows=107)
    -> Covering index range scan on sbtest6 using k_6 over (6795179 <= k <= 6795279)  (cost=21.7 rows=107)


table 7 : explain SELECT k FROM sbtest7 WHERE k BETWEEN 6795179 AND 6795279
	-> Filter: (sbtest7.k between 6795179 and 6795279)  (cost=20.5 rows=101)
    -> Covering index range scan on sbtest7 using k_7 over (6795179 <= k <= 6795279)  (cost=20.5 rows=101)


table 8 : explain SELECT k FROM sbtest8 WHERE k BETWEEN 6795179 AND 6795279
	-> Filter: (sbtest8.k between 6795179 and 6795279)  (cost=19.3 rows=95)
    -> Covering index range scan on sbtest8 using k_8 over (6795179 <= k <= 6795279)  (cost=19.3 rows=95)


for range-covered
table 1 : explain SELECT k FROM sbtest1 WHERE k BETWEEN 5917655 AND 5917755
	-> Filter: (sbtest1.k between 5917655 and 5917755)  (cost=19.9 rows=98)
    -> Covering index range scan on sbtest1 using k_1 over (5917655 <= k <= 5917755)  (cost=19.9 rows=98)


table 2 : explain SELECT k FROM sbtest2 WHERE k BETWEEN 5917655 AND 5917755
	-> Filter: (sbtest2.k between 5917655 and 5917755)  (cost=20.7 rows=102)
    -> Covering index range scan on sbtest2 using k_2 over (5917655 <= k <= 5917755)  (cost=20.7 rows=102)


table 3 : explain SELECT k FROM sbtest3 WHERE k BETWEEN 5917655 AND 5917755
	-> Filter: (sbtest3.k between 5917655 and 5917755)  (cost=21.9 rows=108)
    -> Covering index range scan on sbtest3 using k_3 over (5917655 <= k <= 5917755)  (cost=21.9 rows=108)


table 4 : explain SELECT k FROM sbtest4 WHERE k BETWEEN 5917655 AND 5917755
	-> Filter: (sbtest4.k between 5917655 and 5917755)  (cost=20.3 rows=100)
    -> Covering index range scan on sbtest4 using k_4 over (5917655 <= k <= 5917755)  (cost=20.3 rows=100)


table 5 : explain SELECT k FROM sbtest5 WHERE k BETWEEN 5917655 AND 5917755
	-> Filter: (sbtest5.k between 5917655 and 5917755)  (cost=22.9 rows=113)
    -> Covering index range scan on sbtest5 using k_5 over (5917655 <= k <= 5917755)  (cost=22.9 rows=113)


table 6 : explain SELECT k FROM sbtest6 WHERE k BETWEEN 5917655 AND 5917755
	-> Filter: (sbtest6.k between 5917655 and 5917755)  (cost=18.9 rows=93)
    -> Covering index range scan on sbtest6 using k_6 over (5917655 <= k <= 5917755)  (cost=18.9 rows=93)


table 7 : explain SELECT k FROM sbtest7 WHERE k BETWEEN 5917655 AND 5917755
	-> Filter: (sbtest7.k between 5917655 and 5917755)  (cost=21.3 rows=105)
    -> Covering index range scan on sbtest7 using k_7 over (5917655 <= k <= 5917755)  (cost=21.3 rows=105)


table 8 : explain SELECT k FROM sbtest8 WHERE k BETWEEN 5917655 AND 5917755
	-> Filter: (sbtest8.k between 5917655 and 5917755)  (cost=22.3 rows=110)
    -> Covering index range scan on sbtest8 using k_8 over (5917655 <= k <= 5917755)  (cost=22.3 rows=110)


for range-covered
table 1 : explain SELECT k FROM sbtest1 WHERE k BETWEEN 8511897 AND 8511997
	-> Filter: (sbtest1.k between 8511897 and 8511997)  (cost=19.1 rows=94)
    -> Covering index range scan on sbtest1 using k_1 over (8511897 <= k <= 8511997)  (cost=19.1 rows=94)


table 2 : explain SELECT k FROM sbtest2 WHERE k BETWEEN 8511897 AND 8511997
	-> Filter: (sbtest2.k between 8511897 and 8511997)  (cost=19.1 rows=94)
    -> Covering index range scan on sbtest2 using k_2 over (8511897 <= k <= 8511997)  (cost=19.1 rows=94)


table 3 : explain SELECT k FROM sbtest3 WHERE k BETWEEN 8511897 AND 8511997
	-> Filter: (sbtest3.k between 8511897 and 8511997)  (cost=21.7 rows=107)
    -> Covering index range scan on sbtest3 using k_3 over (8511897 <= k <= 8511997)  (cost=21.7 rows=107)


table 4 : explain SELECT k FROM sbtest4 WHERE k BETWEEN 8511897 AND 8511997
	-> Filter: (sbtest4.k between 8511897 and 8511997)  (cost=20.1 rows=99)
    -> Covering index range scan on sbtest4 using k_4 over (8511897 <= k <= 8511997)  (cost=20.1 rows=99)


table 5 : explain SELECT k FROM sbtest5 WHERE k BETWEEN 8511897 AND 8511997
	-> Filter: (sbtest5.k between 8511897 and 8511997)  (cost=20.7 rows=102)
    -> Covering index range scan on sbtest5 using k_5 over (8511897 <= k <= 8511997)  (cost=20.7 rows=102)


table 6 : explain SELECT k FROM sbtest6 WHERE k BETWEEN 8511897 AND 8511997
	-> Filter: (sbtest6.k between 8511897 and 8511997)  (cost=20.9 rows=103)
    -> Covering index range scan on sbtest6 using k_6 over (8511897 <= k <= 8511997)  (cost=20.9 rows=103)


table 7 : explain SELECT k FROM sbtest7 WHERE k BETWEEN 8511897 AND 8511997
	-> Filter: (sbtest7.k between 8511897 and 8511997)  (cost=23.3 rows=115)
    -> Covering index range scan on sbtest7 using k_7 over (8511897 <= k <= 8511997)  (cost=23.3 rows=115)


table 8 : explain SELECT k FROM sbtest8 WHERE k BETWEEN 8511897 AND 8511997
	-> Filter: (sbtest8.k between 8511897 and 8511997)  (cost=18.7 rows=92)
    -> Covering index range scan on sbtest8 using k_8 over (8511897 <= k <= 8511997)  (cost=18.7 rows=92)


for range-covered
table 1 : explain SELECT k FROM sbtest1 WHERE k BETWEEN 5909262 AND 5909362
	-> Filter: (sbtest1.k between 5909262 and 5909362)  (cost=25.9 rows=128)
    -> Covering index range scan on sbtest1 using k_1 over (5909262 <= k <= 5909362)  (cost=25.9 rows=128)


table 2 : explain SELECT k FROM sbtest2 WHERE k BETWEEN 5909262 AND 5909362
	-> Filter: (sbtest2.k between 5909262 and 5909362)  (cost=16.5 rows=81)
    -> Covering index range scan on sbtest2 using k_2 over (5909262 <= k <= 5909362)  (cost=16.5 rows=81)


table 3 : explain SELECT k FROM sbtest3 WHERE k BETWEEN 5909262 AND 5909362
	-> Filter: (sbtest3.k between 5909262 and 5909362)  (cost=18.1 rows=89)
    -> Covering index range scan on sbtest3 using k_3 over (5909262 <= k <= 5909362)  (cost=18.1 rows=89)


table 4 : explain SELECT k FROM sbtest4 WHERE k BETWEEN 5909262 AND 5909362
	-> Filter: (sbtest4.k between 5909262 and 5909362)  (cost=22.1 rows=109)
    -> Covering index range scan on sbtest4 using k_4 over (5909262 <= k <= 5909362)  (cost=22.1 rows=109)


table 5 : explain SELECT k FROM sbtest5 WHERE k BETWEEN 5909262 AND 5909362
	-> Filter: (sbtest5.k between 5909262 and 5909362)  (cost=20.3 rows=100)
    -> Covering index range scan on sbtest5 using k_5 over (5909262 <= k <= 5909362)  (cost=20.3 rows=100)


table 6 : explain SELECT k FROM sbtest6 WHERE k BETWEEN 5909262 AND 5909362
	-> Filter: (sbtest6.k between 5909262 and 5909362)  (cost=22.3 rows=110)
    -> Covering index range scan on sbtest6 using k_6 over (5909262 <= k <= 5909362)  (cost=22.3 rows=110)


table 7 : explain SELECT k FROM sbtest7 WHERE k BETWEEN 5909262 AND 5909362
	-> Filter: (sbtest7.k between 5909262 and 5909362)  (cost=21.9 rows=108)
    -> Covering index range scan on sbtest7 using k_7 over (5909262 <= k <= 5909362)  (cost=21.9 rows=108)


table 8 : explain SELECT k FROM sbtest8 WHERE k BETWEEN 5909262 AND 5909362
	-> Filter: (sbtest8.k between 5909262 and 5909362)  (cost=21.3 rows=105)
    -> Covering index range scan on sbtest8 using k_8 over (5909262 <= k <= 5909362)  (cost=21.3 rows=105)


for range-covered
table 1 : explain SELECT k FROM sbtest1 WHERE k BETWEEN 4259778 AND 4259878
	-> Filter: (sbtest1.k between 4259778 and 4259878)  (cost=18.3 rows=90)
    -> Covering index range scan on sbtest1 using k_1 over (4259778 <= k <= 4259878)  (cost=18.3 rows=90)


table 2 : explain SELECT k FROM sbtest2 WHERE k BETWEEN 4259778 AND 4259878
	-> Filter: (sbtest2.k between 4259778 and 4259878)  (cost=21.9 rows=108)
    -> Covering index range scan on sbtest2 using k_2 over (4259778 <= k <= 4259878)  (cost=21.9 rows=108)


table 3 : explain SELECT k FROM sbtest3 WHERE k BETWEEN 4259778 AND 4259878
	-> Filter: (sbtest3.k between 4259778 and 4259878)  (cost=17.7 rows=87)
    -> Covering index range scan on sbtest3 using k_3 over (4259778 <= k <= 4259878)  (cost=17.7 rows=87)


table 4 : explain SELECT k FROM sbtest4 WHERE k BETWEEN 4259778 AND 4259878
	-> Filter: (sbtest4.k between 4259778 and 4259878)  (cost=23.3 rows=115)
    -> Covering index range scan on sbtest4 using k_4 over (4259778 <= k <= 4259878)  (cost=23.3 rows=115)


table 5 : explain SELECT k FROM sbtest5 WHERE k BETWEEN 4259778 AND 4259878
	-> Filter: (sbtest5.k between 4259778 and 4259878)  (cost=18.1 rows=89)
    -> Covering index range scan on sbtest5 using k_5 over (4259778 <= k <= 4259878)  (cost=18.1 rows=89)


table 6 : explain SELECT k FROM sbtest6 WHERE k BETWEEN 4259778 AND 4259878
	-> Filter: (sbtest6.k between 4259778 and 4259878)  (cost=20.7 rows=102)
    -> Covering index range scan on sbtest6 using k_6 over (4259778 <= k <= 4259878)  (cost=20.7 rows=102)


table 7 : explain SELECT k FROM sbtest7 WHERE k BETWEEN 4259778 AND 4259878
	-> Filter: (sbtest7.k between 4259778 and 4259878)  (cost=19.5 rows=96)
    -> Covering index range scan on sbtest7 using k_7 over (4259778 <= k <= 4259878)  (cost=19.5 rows=96)


table 8 : explain SELECT k FROM sbtest8 WHERE k BETWEEN 4259778 AND 4259878
	-> Filter: (sbtest8.k between 4259778 and 4259878)  (cost=20.3 rows=100)
    -> Covering index range scan on sbtest8 using k_8 over (4259778 <= k <= 4259878)  (cost=20.3 rows=100)


Threads started!

Warming up for 5 seconds...

SQL statistics:
    queries performed:
        read:                            247427267
        write:                           0
        other:                           0
        total:                           247427267
    transactions:                        247427268 (392739.25 per sec.)
    queries:                             247427267 (392739.25 per sec.)
    ignored errors:                      0      (0.00 per sec.)
    reconnects:                          0      (0.00 per sec.)

Throughput:
    events/s (eps):                      392739.2530
    time elapsed:                        630.0040s
    total number of events:              247427268

Latency (ms):
         min:                                    0.07
         avg:                                    0.10
         max:                                   24.13
         95th percentile:                        0.11
         sum:                             25102109.00

Threads fairness:
    events (avg/stddev):           6185673.6750/14343.01
    execution time (avg/stddev):   627.5527/0.07

