LUA_PATH=/home/mdcallag/git/mytools/bench/sysbench.lua/lua/?.lua /home/mdcallag/git/mytools/bench/sysbench.lua/lua/sysbench --db-driver=mysql --range-size=100 --table-size=10000000 --tables=8 --threads=40 --events=0 --warmup-time=5 --time=630 /home/mdcallag/git/mytools/bench/sysbench.lua/lua/oltp_range_covered.lua run --mysql-user=root --mysql-password=pw --mysql-host=127.0.0.1 --mysql-db=test --rand-type=uniform --random-points=100 --skip-trx
48 CPUs
sysbench 1.1.0-9072687 (using bundled LuaJIT 2.1.0-beta3)

Running the test with following options:
Number of threads: 40
Warmup time: 5s
Initializing random number generator from current time


Initializing worker threads...

explain: for range-covered :: explain SELECT id FROM sbtest%d WHERE id BETWEEN 1999307 AND 1999407
explain: for range-covered :: explain SELECT id FROM sbtest%d WHERE id BETWEEN 3864310 AND 3864410
explain: for range-covered :: explain SELECT id FROM sbtest%d WHERE id BETWEEN 4681970 AND 4682070
explain: for range-covered :: explain SELECT id FROM sbtest%d WHERE id BETWEEN 4749092 AND 4749192
explain: for range-covered :: explain SELECT id FROM sbtest%d WHERE id BETWEEN 5021943 AND 5022043explain: for range-covered :: explain SELECT id FROM sbtest%d WHERE id BETWEEN 7665281 AND 7665381

explain: for range-covered :: explain SELECT id FROM sbtest%d WHERE id BETWEEN 4863833 AND 4863933
explain: for range-covered :: explain SELECT id FROM sbtest%d WHERE id BETWEEN 7020568 AND 7020668
explain: for range-covered :: explain SELECT id FROM sbtest%d WHERE id BETWEEN 1050546 AND 1050646
explain: for range-covered :: explain SELECT id FROM sbtest%d WHERE id BETWEEN 6607652 AND 6607752
explain: for range-covered :: explain SELECT id FROM sbtest%d WHERE id BETWEEN 3631501 AND 3631601
explain: for range-covered :: explain SELECT id FROM sbtest%d WHERE id BETWEEN 7505176 AND 7505276
explain: for range-covered :: explain SELECT id FROM sbtest%d WHERE id BETWEEN 6321405 AND 6321505
explain: for range-covered :: explain SELECT id FROM sbtest%d WHERE id BETWEEN 4390786 AND 4390886
for range-covered
table 1 : explain SELECT id FROM sbtest1 WHERE id BETWEEN 1999307 AND 1999407
	-> Filter: (sbtest1.id between 1999307 and 1999407)  (cost=20.6 rows=101)
    -> Covering index range scan on sbtest1 using PRIMARY over (1999307 <= id <= 1999407)  (cost=20.6 rows=101)


table 2 : explain SELECT id FROM sbtest2 WHERE id BETWEEN 1999307 AND 1999407
	-> Filter: (sbtest2.id between 1999307 and 1999407)  (cost=20.6 rows=101)
    -> Covering index range scan on sbtest2 using PRIMARY over (1999307 <= id <= 1999407)  (cost=20.6 rows=101)


table 3 : explain SELECT id FROM sbtest3 WHERE id BETWEEN 1999307 AND 1999407
	-> Filter: (sbtest3.id between 1999307 and 1999407)  (cost=20.6 rows=101)
    -> Covering index range scan on sbtest3 using PRIMARY over (1999307 <= id <= 1999407)  (cost=20.6 rows=101)


table 4 : explain SELECT id FROM sbtest4 WHERE id BETWEEN 1999307 AND 1999407
	-> Filter: (sbtest4.id between 1999307 and 1999407)  (cost=20.6 rows=101)
    -> Covering index range scan on sbtest4 using PRIMARY over (1999307 <= id <= 1999407)  (cost=20.6 rows=101)


table 5 : explain SELECT id FROM sbtest5 WHERE id BETWEEN 1999307 AND 1999407
	-> Filter: (sbtest5.id between 1999307 and 1999407)  (cost=20.6 rows=101)
    -> Covering index range scan on sbtest5 using PRIMARY over (1999307 <= id <= 1999407)  (cost=20.6 rows=101)


table 6 : explain SELECT id FROM sbtest6 WHERE id BETWEEN 1999307 AND 1999407
	-> Filter: (sbtest6.id between 1999307 and 1999407)  (cost=20.6 rows=101)
    -> Covering index range scan on sbtest6 using PRIMARY over (1999307 <= id <= 1999407)  (cost=20.6 rows=101)


table 7 : explain SELECT id FROM sbtest7 WHERE id BETWEEN 1999307 AND 1999407
	-> Filter: (sbtest7.id between 1999307 and 1999407)  (cost=20.6 rows=101)
    -> Covering index range scan on sbtest7 using PRIMARY over (1999307 <= id <= 1999407)  (cost=20.6 rows=101)


table 8 : explain SELECT id FROM sbtest8 WHERE id BETWEEN 1999307 AND 1999407
	-> Filter: (sbtest8.id between 1999307 and 1999407)  (cost=20.6 rows=101)
    -> Covering index range scan on sbtest8 using PRIMARY over (1999307 <= id <= 1999407)  (cost=20.6 rows=101)


for range-covered
table 1 : explain SELECT id FROM sbtest1 WHERE id BETWEEN 3864310 AND 3864410
	-> Filter: (sbtest1.id between 3864310 and 3864410)  (cost=20.6 rows=101)
    -> Covering index range scan on sbtest1 using PRIMARY over (3864310 <= id <= 3864410)  (cost=20.6 rows=101)


table 2 : explain SELECT id FROM sbtest2 WHERE id BETWEEN 3864310 AND 3864410
	-> Filter: (sbtest2.id between 3864310 and 3864410)  (cost=20.6 rows=101)
    -> Covering index range scan on sbtest2 using PRIMARY over (3864310 <= id <= 3864410)  (cost=20.6 rows=101)


table 3 : explain SELECT id FROM sbtest3 WHERE id BETWEEN 3864310 AND 3864410
	-> Filter: (sbtest3.id between 3864310 and 3864410)  (cost=20.6 rows=101)
    -> Covering index range scan on sbtest3 using PRIMARY over (3864310 <= id <= 3864410)  (cost=20.6 rows=101)


table 4 : explain SELECT id FROM sbtest4 WHERE id BETWEEN 3864310 AND 3864410
	-> Filter: (sbtest4.id between 3864310 and 3864410)  (cost=20.6 rows=101)
    -> Covering index range scan on sbtest4 using PRIMARY over (3864310 <= id <= 3864410)  (cost=20.6 rows=101)


table 5 : explain SELECT id FROM sbtest5 WHERE id BETWEEN 3864310 AND 3864410
	-> Filter: (sbtest5.id between 3864310 and 3864410)  (cost=20.6 rows=101)
    -> Covering index range scan on sbtest5 using PRIMARY over (3864310 <= id <= 3864410)  (cost=20.6 rows=101)


table 6 : explain SELECT id FROM sbtest6 WHERE id BETWEEN 3864310 AND 3864410
	-> Filter: (sbtest6.id between 3864310 and 3864410)  (cost=20.6 rows=101)
    -> Covering index range scan on sbtest6 using PRIMARY over (3864310 <= id <= 3864410)  (cost=20.6 rows=101)


table 7 : explain SELECT id FROM sbtest7 WHERE id BETWEEN 3864310 AND 3864410
	-> Filter: (sbtest7.id between 3864310 and 3864410)  (cost=20.6 rows=101)
    -> Covering index range scan on sbtest7 using PRIMARY over (3864310 <= id <= 3864410)  (cost=20.6 rows=101)


table 8 : explain SELECT id FROM sbtest8 WHERE id BETWEEN 3864310 AND 3864410
	-> Filter: (sbtest8.id between 3864310 and 3864410)  (cost=20.6 rows=101)
    -> Covering index range scan on sbtest8 using PRIMARY over (3864310 <= id <= 3864410)  (cost=20.6 rows=101)


for range-covered
table 1 : explain SELECT id FROM sbtest1 WHERE id BETWEEN 4681970 AND 4682070
	-> Filter: (sbtest1.id between 4681970 and 4682070)  (cost=20.6 rows=101)
    -> Covering index range scan on sbtest1 using PRIMARY over (4681970 <= id <= 4682070)  (cost=20.6 rows=101)


table 2 : explain SELECT id FROM sbtest2 WHERE id BETWEEN 4681970 AND 4682070
	-> Filter: (sbtest2.id between 4681970 and 4682070)  (cost=20.6 rows=101)
    -> Covering index range scan on sbtest2 using PRIMARY over (4681970 <= id <= 4682070)  (cost=20.6 rows=101)


table 3 : explain SELECT id FROM sbtest3 WHERE id BETWEEN 4681970 AND 4682070
	-> Filter: (sbtest3.id between 4681970 and 4682070)  (cost=20.6 rows=101)
    -> Covering index range scan on sbtest3 using PRIMARY over (4681970 <= id <= 4682070)  (cost=20.6 rows=101)


table 4 : explain SELECT id FROM sbtest4 WHERE id BETWEEN 4681970 AND 4682070
	-> Filter: (sbtest4.id between 4681970 and 4682070)  (cost=20.6 rows=101)
    -> Covering index range scan on sbtest4 using PRIMARY over (4681970 <= id <= 4682070)  (cost=20.6 rows=101)


table 5 : explain SELECT id FROM sbtest5 WHERE id BETWEEN 4681970 AND 4682070
	-> Filter: (sbtest5.id between 4681970 and 4682070)  (cost=20.6 rows=101)
    -> Covering index range scan on sbtest5 using PRIMARY over (4681970 <= id <= 4682070)  (cost=20.6 rows=101)


table 6 : explain SELECT id FROM sbtest6 WHERE id BETWEEN 4681970 AND 4682070
	-> Filter: (sbtest6.id between 4681970 and 4682070)  (cost=20.6 rows=101)
    -> Covering index range scan on sbtest6 using PRIMARY over (4681970 <= id <= 4682070)  (cost=20.6 rows=101)


table 7 : explain SELECT id FROM sbtest7 WHERE id BETWEEN 4681970 AND 4682070
	-> Filter: (sbtest7.id between 4681970 and 4682070)  (cost=20.6 rows=101)
    -> Covering index range scan on sbtest7 using PRIMARY over (4681970 <= id <= 4682070)  (cost=20.6 rows=101)


table 8 : explain SELECT id FROM sbtest8 WHERE id BETWEEN 4681970 AND 4682070
	-> Filter: (sbtest8.id between 4681970 and 4682070)  (cost=20.6 rows=101)
    -> Covering index range scan on sbtest8 using PRIMARY over (4681970 <= id <= 4682070)  (cost=20.6 rows=101)


explain: for range-covered :: explain SELECT id FROM sbtest%d WHERE id BETWEEN 1999307 AND 1999407
for range-covered
table 1 : explain SELECT id FROM sbtest1 WHERE id BETWEEN 5021943 AND 5022043
	-> Filter: (sbtest1.id between 5021943 and 5022043)  (cost=20.6 rows=101)
    -> Covering index range scan on sbtest1 using PRIMARY over (5021943 <= id <= 5022043)  (cost=20.6 rows=101)


table 2 : explain SELECT id FROM sbtest2 WHERE id BETWEEN 5021943 AND 5022043
	-> Filter: (sbtest2.id between 5021943 and 5022043)  (cost=20.6 rows=101)
    -> Covering index range scan on sbtest2 using PRIMARY over (5021943 <= id <= 5022043)  (cost=20.6 rows=101)


table 3 : explain SELECT id FROM sbtest3 WHERE id BETWEEN 5021943 AND 5022043
	-> Filter: (sbtest3.id between 5021943 and 5022043)  (cost=20.6 rows=101)
    -> Covering index range scan on sbtest3 using PRIMARY over (5021943 <= id <= 5022043)  (cost=20.6 rows=101)


table 4 : explain SELECT id FROM sbtest4 WHERE id BETWEEN 5021943 AND 5022043
	-> Filter: (sbtest4.id between 5021943 and 5022043)  (cost=20.6 rows=101)
    -> Covering index range scan on sbtest4 using PRIMARY over (5021943 <= id <= 5022043)  (cost=20.6 rows=101)


table 5 : explain SELECT id FROM sbtest5 WHERE id BETWEEN 5021943 AND 5022043
	-> Filter: (sbtest5.id between 5021943 and 5022043)  (cost=20.6 rows=101)
    -> Covering index range scan on sbtest5 using PRIMARY over (5021943 <= id <= 5022043)  (cost=20.6 rows=101)


table 6 : explain SELECT id FROM sbtest6 WHERE id BETWEEN 5021943 AND 5022043
	-> Filter: (sbtest6.id between 5021943 and 5022043)  (cost=20.6 rows=101)
    -> Covering index range scan on sbtest6 using PRIMARY over (5021943 <= id <= 5022043)  (cost=20.6 rows=101)


table 7 : explain SELECT id FROM sbtest7 WHERE id BETWEEN 5021943 AND 5022043
	-> Filter: (sbtest7.id between 5021943 and 5022043)  (cost=20.6 rows=101)
    -> Covering index range scan on sbtest7 using PRIMARY over (5021943 <= id <= 5022043)  (cost=20.6 rows=101)


table 8 : explain SELECT id FROM sbtest8 WHERE id BETWEEN 5021943 AND 5022043
	-> Filter: (sbtest8.id between 5021943 and 5022043)  (cost=20.6 rows=101)
    -> Covering index range scan on sbtest8 using PRIMARY over (5021943 <= id <= 5022043)  (cost=20.6 rows=101)


for range-covered
table 1 : explain SELECT id FROM sbtest1 WHERE id BETWEEN 4863833 AND 4863933
	-> Filter: (sbtest1.id between 4863833 and 4863933)  (cost=20.6 rows=101)
    -> Covering index range scan on sbtest1 using PRIMARY over (4863833 <= id <= 4863933)  (cost=20.6 rows=101)


table 2 : explain SELECT id FROM sbtest2 WHERE id BETWEEN 4863833 AND 4863933
	-> Filter: (sbtest2.id between 4863833 and 4863933)  (cost=20.6 rows=101)
    -> Covering index range scan on sbtest2 using PRIMARY over (4863833 <= id <= 4863933)  (cost=20.6 rows=101)


table 3 : explain SELECT id FROM sbtest3 WHERE id BETWEEN 4863833 AND 4863933
	-> Filter: (sbtest3.id between 4863833 and 4863933)  (cost=20.6 rows=101)
    -> Covering index range scan on sbtest3 using PRIMARY over (4863833 <= id <= 4863933)  (cost=20.6 rows=101)


table 4 : explain SELECT id FROM sbtest4 WHERE id BETWEEN 4863833 AND 4863933
	-> Filter: (sbtest4.id between 4863833 and 4863933)  (cost=20.6 rows=101)
    -> Covering index range scan on sbtest4 using PRIMARY over (4863833 <= id <= 4863933)  (cost=20.6 rows=101)


table 5 : explain SELECT id FROM sbtest5 WHERE id BETWEEN 4863833 AND 4863933
	-> Filter: (sbtest5.id between 4863833 and 4863933)  (cost=20.6 rows=101)
    -> Covering index range scan on sbtest5 using PRIMARY over (4863833 <= id <= 4863933)  (cost=20.6 rows=101)


table 6 : explain SELECT id FROM sbtest6 WHERE id BETWEEN 4863833 AND 4863933
	-> Filter: (sbtest6.id between 4863833 and 4863933)  (cost=20.6 rows=101)
    -> Covering index range scan on sbtest6 using PRIMARY over (4863833 <= id <= 4863933)  (cost=20.6 rows=101)


table 7 : explain SELECT id FROM sbtest7 WHERE id BETWEEN 4863833 AND 4863933
	-> Filter: (sbtest7.id between 4863833 and 4863933)  (cost=20.6 rows=101)
    -> Covering index range scan on sbtest7 using PRIMARY over (4863833 <= id <= 4863933)  (cost=20.6 rows=101)


table 8 : explain SELECT id FROM sbtest8 WHERE id BETWEEN 4863833 AND 4863933
	-> Filter: (sbtest8.id between 4863833 and 4863933)  (cost=20.6 rows=101)
    -> Covering index range scan on sbtest8 using PRIMARY over (4863833 <= id <= 4863933)  (cost=20.6 rows=101)


explain: for range-covered :: explain SELECT id FROM sbtest%d WHERE id BETWEEN 3864310 AND 3864410
for range-covered
table 1 : explain SELECT id FROM sbtest1 WHERE id BETWEEN 4749092 AND 4749192
	-> Filter: (sbtest1.id between 4749092 and 4749192)  (cost=20.6 rows=101)
    -> Covering index range scan on sbtest1 using PRIMARY over (4749092 <= id <= 4749192)  (cost=20.6 rows=101)


table 2 : explain SELECT id FROM sbtest2 WHERE id BETWEEN 4749092 AND 4749192
	-> Filter: (sbtest2.id between 4749092 and 4749192)  (cost=20.6 rows=101)
    -> Covering index range scan on sbtest2 using PRIMARY over (4749092 <= id <= 4749192)  (cost=20.6 rows=101)


table 3 : explain SELECT id FROM sbtest3 WHERE id BETWEEN 4749092 AND 4749192
	-> Filter: (sbtest3.id between 4749092 and 4749192)  (cost=20.6 rows=101)
    -> Covering index range scan on sbtest3 using PRIMARY over (4749092 <= id <= 4749192)  (cost=20.6 rows=101)


table 4 : explain SELECT id FROM sbtest4 WHERE id BETWEEN 4749092 AND 4749192
	-> Filter: (sbtest4.id between 4749092 and 4749192)  (cost=20.6 rows=101)
    -> Covering index range scan on sbtest4 using PRIMARY over (4749092 <= id <= 4749192)  (cost=20.6 rows=101)


table 5 : explain SELECT id FROM sbtest5 WHERE id BETWEEN 4749092 AND 4749192
	-> Filter: (sbtest5.id between 4749092 and 4749192)  (cost=20.6 rows=101)
    -> Covering index range scan on sbtest5 using PRIMARY over (4749092 <= id <= 4749192)  (cost=20.6 rows=101)


table 6 : explain SELECT id FROM sbtest6 WHERE id BETWEEN 4749092 AND 4749192
	-> Filter: (sbtest6.id between 4749092 and 4749192)  (cost=20.6 rows=101)
    -> Covering index range scan on sbtest6 using PRIMARY over (4749092 <= id <= 4749192)  (cost=20.6 rows=101)


table 7 : explain SELECT id FROM sbtest7 WHERE id BETWEEN 4749092 AND 4749192
	-> Filter: (sbtest7.id between 4749092 and 4749192)  (cost=20.6 rows=101)
    -> Covering index range scan on sbtest7 using PRIMARY over (4749092 <= id <= 4749192)  (cost=20.6 rows=101)


table 8 : explain SELECT id FROM sbtest8 WHERE id BETWEEN 4749092 AND 4749192
	-> Filter: (sbtest8.id between 4749092 and 4749192)  (cost=20.6 rows=101)
    -> Covering index range scan on sbtest8 using PRIMARY over (4749092 <= id <= 4749192)  (cost=20.6 rows=101)


explain: for range-covered :: explain SELECT id FROM sbtest%d WHERE id BETWEEN 4681970 AND 4682070
for range-covered
table 1 : explain SELECT id FROM sbtest1 WHERE id BETWEEN 1050546 AND 1050646
	-> Filter: (sbtest1.id between 1050546 and 1050646)  (cost=20.6 rows=101)
    -> Covering index range scan on sbtest1 using PRIMARY over (1050546 <= id <= 1050646)  (cost=20.6 rows=101)


table 2 : explain SELECT id FROM sbtest2 WHERE id BETWEEN 1050546 AND 1050646
	-> Filter: (sbtest2.id between 1050546 and 1050646)  (cost=20.6 rows=101)
    -> Covering index range scan on sbtest2 using PRIMARY over (1050546 <= id <= 1050646)  (cost=20.6 rows=101)


table 3 : explain SELECT id FROM sbtest3 WHERE id BETWEEN 1050546 AND 1050646
	-> Filter: (sbtest3.id between 1050546 and 1050646)  (cost=20.6 rows=101)
    -> Covering index range scan on sbtest3 using PRIMARY over (1050546 <= id <= 1050646)  (cost=20.6 rows=101)


table 4 : explain SELECT id FROM sbtest4 WHERE id BETWEEN 1050546 AND 1050646
	-> Filter: (sbtest4.id between 1050546 and 1050646)  (cost=20.6 rows=101)
    -> Covering index range scan on sbtest4 using PRIMARY over (1050546 <= id <= 1050646)  (cost=20.6 rows=101)


table 5 : explain SELECT id FROM sbtest5 WHERE id BETWEEN 1050546 AND 1050646
	-> Filter: (sbtest5.id between 1050546 and 1050646)  (cost=20.6 rows=101)
    -> Covering index range scan on sbtest5 using PRIMARY over (1050546 <= id <= 1050646)  (cost=20.6 rows=101)


table 6 : explain SELECT id FROM sbtest6 WHERE id BETWEEN 1050546 AND 1050646
	-> Filter: (sbtest6.id between 1050546 and 1050646)  (cost=20.6 rows=101)
    -> Covering index range scan on sbtest6 using PRIMARY over (1050546 <= id <= 1050646)  (cost=20.6 rows=101)


table 7 : explain SELECT id FROM sbtest7 WHERE id BETWEEN 1050546 AND 1050646
	-> Filter: (sbtest7.id between 1050546 and 1050646)  (cost=20.6 rows=101)
    -> Covering index range scan on sbtest7 using PRIMARY over (1050546 <= id <= 1050646)  (cost=20.6 rows=101)


table 8 : explain SELECT id FROM sbtest8 WHERE id BETWEEN 1050546 AND 1050646
	-> Filter: (sbtest8.id between 1050546 and 1050646)  (cost=20.6 rows=101)
    -> Covering index range scan on sbtest8 using PRIMARY over (1050546 <= id <= 1050646)  (cost=20.6 rows=101)


for range-covered
table 1 : explain SELECT id FROM sbtest1 WHERE id BETWEEN 7020568 AND 7020668
	-> Filter: (sbtest1.id between 7020568 and 7020668)  (cost=20.6 rows=101)
    -> Covering index range scan on sbtest1 using PRIMARY over (7020568 <= id <= 7020668)  (cost=20.6 rows=101)


table 2 : explain SELECT id FROM sbtest2 WHERE id BETWEEN 7020568 AND 7020668
	-> Filter: (sbtest2.id between 7020568 and 7020668)  (cost=20.6 rows=101)
    -> Covering index range scan on sbtest2 using PRIMARY over (7020568 <= id <= 7020668)  (cost=20.6 rows=101)


table 3 : explain SELECT id FROM sbtest3 WHERE id BETWEEN 7020568 AND 7020668
	-> Filter: (sbtest3.id between 7020568 and 7020668)  (cost=20.6 rows=101)
    -> Covering index range scan on sbtest3 using PRIMARY over (7020568 <= id <= 7020668)  (cost=20.6 rows=101)


table 4 : explain SELECT id FROM sbtest4 WHERE id BETWEEN 7020568 AND 7020668
	-> Filter: (sbtest4.id between 7020568 and 7020668)  (cost=20.6 rows=101)
    -> Covering index range scan on sbtest4 using PRIMARY over (7020568 <= id <= 7020668)  (cost=20.6 rows=101)


table 5 : explain SELECT id FROM sbtest5 WHERE id BETWEEN 7020568 AND 7020668
	-> Filter: (sbtest5.id between 7020568 and 7020668)  (cost=20.6 rows=101)
    -> Covering index range scan on sbtest5 using PRIMARY over (7020568 <= id <= 7020668)  (cost=20.6 rows=101)


table 6 : explain SELECT id FROM sbtest6 WHERE id BETWEEN 7020568 AND 7020668
	-> Filter: (sbtest6.id between 7020568 and 7020668)  (cost=20.6 rows=101)
    -> Covering index range scan on sbtest6 using PRIMARY over (7020568 <= id <= 7020668)  (cost=20.6 rows=101)


table 7 : explain SELECT id FROM sbtest7 WHERE id BETWEEN 7020568 AND 7020668
	-> Filter: (sbtest7.id between 7020568 and 7020668)  (cost=20.6 rows=101)
    -> Covering index range scan on sbtest7 using PRIMARY over (7020568 <= id <= 7020668)  (cost=20.6 rows=101)


table 8 : explain SELECT id FROM sbtest8 WHERE id BETWEEN 7020568 AND 7020668
	-> Filter: (sbtest8.id between 7020568 and 7020668)  (cost=20.6 rows=101)
    -> Covering index range scan on sbtest8 using PRIMARY over (7020568 <= id <= 7020668)  (cost=20.6 rows=101)


for range-covered
table 1 : explain SELECT id FROM sbtest1 WHERE id BETWEEN 3631501 AND 3631601
	-> Filter: (sbtest1.id between 3631501 and 3631601)  (cost=20.6 rows=101)
    -> Covering index range scan on sbtest1 using PRIMARY over (3631501 <= id <= 3631601)  (cost=20.6 rows=101)


table 2 : explain SELECT id FROM sbtest2 WHERE id BETWEEN 3631501 AND 3631601
	-> Filter: (sbtest2.id between 3631501 and 3631601)  (cost=20.6 rows=101)
    -> Covering index range scan on sbtest2 using PRIMARY over (3631501 <= id <= 3631601)  (cost=20.6 rows=101)


table 3 : explain SELECT id FROM sbtest3 WHERE id BETWEEN 3631501 AND 3631601
	-> Filter: (sbtest3.id between 3631501 and 3631601)  (cost=20.6 rows=101)
    -> Covering index range scan on sbtest3 using PRIMARY over (3631501 <= id <= 3631601)  (cost=20.6 rows=101)


table 4 : explain SELECT id FROM sbtest4 WHERE id BETWEEN 3631501 AND 3631601
	-> Filter: (sbtest4.id between 3631501 and 3631601)  (cost=20.6 rows=101)
    -> Covering index range scan on sbtest4 using PRIMARY over (3631501 <= id <= 3631601)  (cost=20.6 rows=101)


table 5 : explain SELECT id FROM sbtest5 WHERE id BETWEEN 3631501 AND 3631601
	-> Filter: (sbtest5.id between 3631501 and 3631601)  (cost=20.6 rows=101)
    -> Covering index range scan on sbtest5 using PRIMARY over (3631501 <= id <= 3631601)  (cost=20.6 rows=101)


table 6 : explain SELECT id FROM sbtest6 WHERE id BETWEEN 3631501 AND 3631601
	-> Filter: (sbtest6.id between 3631501 and 3631601)  (cost=20.6 rows=101)
    -> Covering index range scan on sbtest6 using PRIMARY over (3631501 <= id <= 3631601)  (cost=20.6 rows=101)


table 7 : explain SELECT id FROM sbtest7 WHERE id BETWEEN 3631501 AND 3631601
	-> Filter: (sbtest7.id between 3631501 and 3631601)  (cost=20.6 rows=101)
    -> Covering index range scan on sbtest7 using PRIMARY over (3631501 <= id <= 3631601)  (cost=20.6 rows=101)


table 8 : explain SELECT id FROM sbtest8 WHERE id BETWEEN 3631501 AND 3631601
	-> Filter: (sbtest8.id between 3631501 and 3631601)  (cost=20.6 rows=101)
    -> Covering index range scan on sbtest8 using PRIMARY over (3631501 <= id <= 3631601)  (cost=20.6 rows=101)


for range-covered
table 1 : explain SELECT id FROM sbtest1 WHERE id BETWEEN 7665281 AND 7665381
	-> Filter: (sbtest1.id between 7665281 and 7665381)  (cost=20.6 rows=101)
    -> Covering index range scan on sbtest1 using PRIMARY over (7665281 <= id <= 7665381)  (cost=20.6 rows=101)


table 2 : explain SELECT id FROM sbtest2 WHERE id BETWEEN 7665281 AND 7665381
	-> Filter: (sbtest2.id between 7665281 and 7665381)  (cost=20.6 rows=101)
    -> Covering index range scan on sbtest2 using PRIMARY over (7665281 <= id <= 7665381)  (cost=20.6 rows=101)


table 3 : explain SELECT id FROM sbtest3 WHERE id BETWEEN 7665281 AND 7665381
	-> Filter: (sbtest3.id between 7665281 and 7665381)  (cost=20.6 rows=101)
    -> Covering index range scan on sbtest3 using PRIMARY over (7665281 <= id <= 7665381)  (cost=20.6 rows=101)


table 4 : explain SELECT id FROM sbtest4 WHERE id BETWEEN 7665281 AND 7665381
	-> Filter: (sbtest4.id between 7665281 and 7665381)  (cost=20.6 rows=101)
    -> Covering index range scan on sbtest4 using PRIMARY over (7665281 <= id <= 7665381)  (cost=20.6 rows=101)


table 5 : explain SELECT id FROM sbtest5 WHERE id BETWEEN 7665281 AND 7665381
	-> Filter: (sbtest5.id between 7665281 and 7665381)  (cost=20.6 rows=101)
    -> Covering index range scan on sbtest5 using PRIMARY over (7665281 <= id <= 7665381)  (cost=20.6 rows=101)


table 6 : explain SELECT id FROM sbtest6 WHERE id BETWEEN 7665281 AND 7665381
	-> Filter: (sbtest6.id between 7665281 and 7665381)  (cost=20.6 rows=101)
    -> Covering index range scan on sbtest6 using PRIMARY over (7665281 <= id <= 7665381)  (cost=20.6 rows=101)


table 7 : explain SELECT id FROM sbtest7 WHERE id BETWEEN 7665281 AND 7665381
	-> Filter: (sbtest7.id between 7665281 and 7665381)  (cost=20.6 rows=101)
    -> Covering index range scan on sbtest7 using PRIMARY over (7665281 <= id <= 7665381)  (cost=20.6 rows=101)


table 8 : explain SELECT id FROM sbtest8 WHERE id BETWEEN 7665281 AND 7665381
	-> Filter: (sbtest8.id between 7665281 and 7665381)  (cost=20.6 rows=101)
    -> Covering index range scan on sbtest8 using PRIMARY over (7665281 <= id <= 7665381)  (cost=20.6 rows=101)


explain: for range-covered :: explain SELECT id FROM sbtest%d WHERE id BETWEEN 5021943 AND 5022043
for range-covered
table 1 : explain SELECT id FROM sbtest1 WHERE id BETWEEN 6607652 AND 6607752
	-> Filter: (sbtest1.id between 6607652 and 6607752)  (cost=20.6 rows=101)
    -> Covering index range scan on sbtest1 using PRIMARY over (6607652 <= id <= 6607752)  (cost=20.6 rows=101)


table 2 : explain SELECT id FROM sbtest2 WHERE id BETWEEN 6607652 AND 6607752
	-> Filter: (sbtest2.id between 6607652 and 6607752)  (cost=20.6 rows=101)
    -> Covering index range scan on sbtest2 using PRIMARY over (6607652 <= id <= 6607752)  (cost=20.6 rows=101)


table 3 : explain SELECT id FROM sbtest3 WHERE id BETWEEN 6607652 AND 6607752
	-> Filter: (sbtest3.id between 6607652 and 6607752)  (cost=20.6 rows=101)
    -> Covering index range scan on sbtest3 using PRIMARY over (6607652 <= id <= 6607752)  (cost=20.6 rows=101)


table 4 : explain SELECT id FROM sbtest4 WHERE id BETWEEN 6607652 AND 6607752
	-> Filter: (sbtest4.id between 6607652 and 6607752)  (cost=20.6 rows=101)
    -> Covering index range scan on sbtest4 using PRIMARY over (6607652 <= id <= 6607752)  (cost=20.6 rows=101)


table 5 : explain SELECT id FROM sbtest5 WHERE id BETWEEN 6607652 AND 6607752
	-> Filter: (sbtest5.id between 6607652 and 6607752)  (cost=20.6 rows=101)
    -> Covering index range scan on sbtest5 using PRIMARY over (6607652 <= id <= 6607752)  (cost=20.6 rows=101)


table 6 : explain SELECT id FROM sbtest6 WHERE id BETWEEN 6607652 AND 6607752
	-> Filter: (sbtest6.id between 6607652 and 6607752)  (cost=20.6 rows=101)
    -> Covering index range scan on sbtest6 using PRIMARY over (6607652 <= id <= 6607752)  (cost=20.6 rows=101)


table 7 : explain SELECT id FROM sbtest7 WHERE id BETWEEN 6607652 AND 6607752
	-> Filter: (sbtest7.id between 6607652 and 6607752)  (cost=20.6 rows=101)
    -> Covering index range scan on sbtest7 using PRIMARY over (6607652 <= id <= 6607752)  (cost=20.6 rows=101)


table 8 : explain SELECT id FROM sbtest8 WHERE id BETWEEN 6607652 AND 6607752
	-> Filter: (sbtest8.id between 6607652 and 6607752)  (cost=20.6 rows=101)
    -> Covering index range scan on sbtest8 using PRIMARY over (6607652 <= id <= 6607752)  (cost=20.6 rows=101)


explain: for range-covered :: explain SELECT id FROM sbtest%d WHERE id BETWEEN 4863833 AND 4863933
explain: for range-covered :: explain SELECT id FROM sbtest%d WHERE id BETWEEN 4749092 AND 4749192
explain: for range-covered :: explain SELECT id FROM sbtest%d WHERE id BETWEEN 1050546 AND 1050646explain: for range-covered :: explain SELECT id FROM sbtest%d WHERE id BETWEEN 7020568 AND 7020668

explain: for range-covered :: explain SELECT id FROM sbtest%d WHERE id BETWEEN 3631501 AND 3631601
explain: for range-covered :: explain SELECT id FROM sbtest%d WHERE id BETWEEN 7665281 AND 7665381
explain: for range-covered :: explain SELECT id FROM sbtest%d WHERE id BETWEEN 6607652 AND 6607752
for range-covered
table 1 : explain SELECT id FROM sbtest1 WHERE id BETWEEN 7505176 AND 7505276
	-> Filter: (sbtest1.id between 7505176 and 7505276)  (cost=20.6 rows=101)
    -> Covering index range scan on sbtest1 using PRIMARY over (7505176 <= id <= 7505276)  (cost=20.6 rows=101)


table 2 : explain SELECT id FROM sbtest2 WHERE id BETWEEN 7505176 AND 7505276
	-> Filter: (sbtest2.id between 7505176 and 7505276)  (cost=20.6 rows=101)
    -> Covering index range scan on sbtest2 using PRIMARY over (7505176 <= id <= 7505276)  (cost=20.6 rows=101)


table 3 : explain SELECT id FROM sbtest3 WHERE id BETWEEN 7505176 AND 7505276
	-> Filter: (sbtest3.id between 7505176 and 7505276)  (cost=20.6 rows=101)
    -> Covering index range scan on sbtest3 using PRIMARY over (7505176 <= id <= 7505276)  (cost=20.6 rows=101)


table 4 : explain SELECT id FROM sbtest4 WHERE id BETWEEN 7505176 AND 7505276
	-> Filter: (sbtest4.id between 7505176 and 7505276)  (cost=20.6 rows=101)
    -> Covering index range scan on sbtest4 using PRIMARY over (7505176 <= id <= 7505276)  (cost=20.6 rows=101)


table 5 : explain SELECT id FROM sbtest5 WHERE id BETWEEN 7505176 AND 7505276
	-> Filter: (sbtest5.id between 7505176 and 7505276)  (cost=20.6 rows=101)
    -> Covering index range scan on sbtest5 using PRIMARY over (7505176 <= id <= 7505276)  (cost=20.6 rows=101)


table 6 : explain SELECT id FROM sbtest6 WHERE id BETWEEN 7505176 AND 7505276
	-> Filter: (sbtest6.id between 7505176 and 7505276)  (cost=20.6 rows=101)
    -> Covering index range scan on sbtest6 using PRIMARY over (7505176 <= id <= 7505276)  (cost=20.6 rows=101)


table 7 : explain SELECT id FROM sbtest7 WHERE id BETWEEN 7505176 AND 7505276
	-> Filter: (sbtest7.id between 7505176 and 7505276)  (cost=20.6 rows=101)
    -> Covering index range scan on sbtest7 using PRIMARY over (7505176 <= id <= 7505276)  (cost=20.6 rows=101)


table 8 : explain SELECT id FROM sbtest8 WHERE id BETWEEN 7505176 AND 7505276
	-> Filter: (sbtest8.id between 7505176 and 7505276)  (cost=20.6 rows=101)
    -> Covering index range scan on sbtest8 using PRIMARY over (7505176 <= id <= 7505276)  (cost=20.6 rows=101)


for range-covered
table 1 : explain SELECT id FROM sbtest1 WHERE id BETWEEN 6321405 AND 6321505
	-> Filter: (sbtest1.id between 6321405 and 6321505)  (cost=20.6 rows=101)
    -> Covering index range scan on sbtest1 using PRIMARY over (6321405 <= id <= 6321505)  (cost=20.6 rows=101)


table 2 : explain SELECT id FROM sbtest2 WHERE id BETWEEN 6321405 AND 6321505
	-> Filter: (sbtest2.id between 6321405 and 6321505)  (cost=20.6 rows=101)
    -> Covering index range scan on sbtest2 using PRIMARY over (6321405 <= id <= 6321505)  (cost=20.6 rows=101)


table 3 : explain SELECT id FROM sbtest3 WHERE id BETWEEN 6321405 AND 6321505
	-> Filter: (sbtest3.id between 6321405 and 6321505)  (cost=20.6 rows=101)
    -> Covering index range scan on sbtest3 using PRIMARY over (6321405 <= id <= 6321505)  (cost=20.6 rows=101)


table 4 : explain SELECT id FROM sbtest4 WHERE id BETWEEN 6321405 AND 6321505
	-> Filter: (sbtest4.id between 6321405 and 6321505)  (cost=20.6 rows=101)
    -> Covering index range scan on sbtest4 using PRIMARY over (6321405 <= id <= 6321505)  (cost=20.6 rows=101)


table 5 : explain SELECT id FROM sbtest5 WHERE id BETWEEN 6321405 AND 6321505
	-> Filter: (sbtest5.id between 6321405 and 6321505)  (cost=20.6 rows=101)
    -> Covering index range scan on sbtest5 using PRIMARY over (6321405 <= id <= 6321505)  (cost=20.6 rows=101)


table 6 : explain SELECT id FROM sbtest6 WHERE id BETWEEN 6321405 AND 6321505
	-> Filter: (sbtest6.id between 6321405 and 6321505)  (cost=20.6 rows=101)
    -> Covering index range scan on sbtest6 using PRIMARY over (6321405 <= id <= 6321505)  (cost=20.6 rows=101)


table 7 : explain SELECT id FROM sbtest7 WHERE id BETWEEN 6321405 AND 6321505
	-> Filter: (sbtest7.id between 6321405 and 6321505)  (cost=20.6 rows=101)
    -> Covering index range scan on sbtest7 using PRIMARY over (6321405 <= id <= 6321505)  (cost=20.6 rows=101)


table 8 : explain SELECT id FROM sbtest8 WHERE id BETWEEN 6321405 AND 6321505
	-> Filter: (sbtest8.id between 6321405 and 6321505)  (cost=20.6 rows=101)
    -> Covering index range scan on sbtest8 using PRIMARY over (6321405 <= id <= 6321505)  (cost=20.6 rows=101)


for range-covered
table 1 : explain SELECT id FROM sbtest1 WHERE id BETWEEN 4390786 AND 4390886
	-> Filter: (sbtest1.id between 4390786 and 4390886)  (cost=20.6 rows=101)
    -> Covering index range scan on sbtest1 using PRIMARY over (4390786 <= id <= 4390886)  (cost=20.6 rows=101)


table 2 : explain SELECT id FROM sbtest2 WHERE id BETWEEN 4390786 AND 4390886
	-> Filter: (sbtest2.id between 4390786 and 4390886)  (cost=20.6 rows=101)
    -> Covering index range scan on sbtest2 using PRIMARY over (4390786 <= id <= 4390886)  (cost=20.6 rows=101)


table 3 : explain SELECT id FROM sbtest3 WHERE id BETWEEN 4390786 AND 4390886
	-> Filter: (sbtest3.id between 4390786 and 4390886)  (cost=20.6 rows=101)
    -> Covering index range scan on sbtest3 using PRIMARY over (4390786 <= id <= 4390886)  (cost=20.6 rows=101)


table 4 : explain SELECT id FROM sbtest4 WHERE id BETWEEN 4390786 AND 4390886
	-> Filter: (sbtest4.id between 4390786 and 4390886)  (cost=20.6 rows=101)
    -> Covering index range scan on sbtest4 using PRIMARY over (4390786 <= id <= 4390886)  (cost=20.6 rows=101)


table 5 : explain SELECT id FROM sbtest5 WHERE id BETWEEN 4390786 AND 4390886
	-> Filter: (sbtest5.id between 4390786 and 4390886)  (cost=20.6 rows=101)
    -> Covering index range scan on sbtest5 using PRIMARY over (4390786 <= id <= 4390886)  (cost=20.6 rows=101)


table 6 : explain SELECT id FROM sbtest6 WHERE id BETWEEN 4390786 AND 4390886
	-> Filter: (sbtest6.id between 4390786 and 4390886)  (cost=20.6 rows=101)
    -> Covering index range scan on sbtest6 using PRIMARY over (4390786 <= id <= 4390886)  (cost=20.6 rows=101)


table 7 : explain SELECT id FROM sbtest7 WHERE id BETWEEN 4390786 AND 4390886
	-> Filter: (sbtest7.id between 4390786 and 4390886)  (cost=20.6 rows=101)
    -> Covering index range scan on sbtest7 using PRIMARY over (4390786 <= id <= 4390886)  (cost=20.6 rows=101)


table 8 : explain SELECT id FROM sbtest8 WHERE id BETWEEN 4390786 AND 4390886
	-> Filter: (sbtest8.id between 4390786 and 4390886)  (cost=20.6 rows=101)
    -> Covering index range scan on sbtest8 using PRIMARY over (4390786 <= id <= 4390886)  (cost=20.6 rows=101)


explain: for range-covered :: explain SELECT id FROM sbtest%d WHERE id BETWEEN 7505176 AND 7505276
explain: for range-covered :: explain SELECT id FROM sbtest%d WHERE id BETWEEN 6321405 AND 6321505
explain: for range-covered :: explain SELECT id FROM sbtest%d WHERE id BETWEEN 4390786 AND 4390886
explain: for range-covered :: explain SELECT id FROM sbtest%d WHERE id BETWEEN 5440251 AND 5440351
explain: for range-covered :: explain SELECT id FROM sbtest%d WHERE id BETWEEN 9219070 AND 9219170
for range-covered
table 1 : explain SELECT id FROM sbtest1 WHERE id BETWEEN 1999307 AND 1999407
	-> Filter: (sbtest1.id between 1999307 and 1999407)  (cost=20.6 rows=101)
    -> Covering index range scan on sbtest1 using PRIMARY over (1999307 <= id <= 1999407)  (cost=20.6 rows=101)


table 2 : explain SELECT id FROM sbtest2 WHERE id BETWEEN 1999307 AND 1999407
	-> Filter: (sbtest2.id between 1999307 and 1999407)  (cost=20.6 rows=101)
    -> Covering index range scan on sbtest2 using PRIMARY over (1999307 <= id <= 1999407)  (cost=20.6 rows=101)


table 3 : explain SELECT id FROM sbtest3 WHERE id BETWEEN 1999307 AND 1999407
	-> Filter: (sbtest3.id between 1999307 and 1999407)  (cost=20.6 rows=101)
    -> Covering index range scan on sbtest3 using PRIMARY over (1999307 <= id <= 1999407)  (cost=20.6 rows=101)


table 4 : explain SELECT id FROM sbtest4 WHERE id BETWEEN 1999307 AND 1999407
	-> Filter: (sbtest4.id between 1999307 and 1999407)  (cost=20.6 rows=101)
    -> Covering index range scan on sbtest4 using PRIMARY over (1999307 <= id <= 1999407)  (cost=20.6 rows=101)


table 5 : explain SELECT id FROM sbtest5 WHERE id BETWEEN 1999307 AND 1999407
	-> Filter: (sbtest5.id between 1999307 and 1999407)  (cost=20.6 rows=101)
    -> Covering index range scan on sbtest5 using PRIMARY over (1999307 <= id <= 1999407)  (cost=20.6 rows=101)


table 6 : explain SELECT id FROM sbtest6 WHERE id BETWEEN 1999307 AND 1999407
	-> Filter: (sbtest6.id between 1999307 and 1999407)  (cost=20.6 rows=101)
    -> Covering index range scan on sbtest6 using PRIMARY over (1999307 <= id <= 1999407)  (cost=20.6 rows=101)


table 7 : explain SELECT id FROM sbtest7 WHERE id BETWEEN 1999307 AND 1999407
	-> Filter: (sbtest7.id between 1999307 and 1999407)  (cost=20.6 rows=101)
    -> Covering index range scan on sbtest7 using PRIMARY over (1999307 <= id <= 1999407)  (cost=20.6 rows=101)


table 8 : explain SELECT id FROM sbtest8 WHERE id BETWEEN 1999307 AND 1999407
	-> Filter: (sbtest8.id between 1999307 and 1999407)  (cost=20.6 rows=101)
    -> Covering index range scan on sbtest8 using PRIMARY over (1999307 <= id <= 1999407)  (cost=20.6 rows=101)


explain: for range-covered :: explain SELECT id FROM sbtest%d WHERE id BETWEEN 1999307 AND 1999407
for range-covered
table 1 : explain SELECT id FROM sbtest1 WHERE id BETWEEN 3864310 AND 3864410
	-> Filter: (sbtest1.id between 3864310 and 3864410)  (cost=20.6 rows=101)
    -> Covering index range scan on sbtest1 using PRIMARY over (3864310 <= id <= 3864410)  (cost=20.6 rows=101)


table 2 : explain SELECT id FROM sbtest2 WHERE id BETWEEN 3864310 AND 3864410
	-> Filter: (sbtest2.id between 3864310 and 3864410)  (cost=20.6 rows=101)
    -> Covering index range scan on sbtest2 using PRIMARY over (3864310 <= id <= 3864410)  (cost=20.6 rows=101)


table 3 : explain SELECT id FROM sbtest3 WHERE id BETWEEN 3864310 AND 3864410
	-> Filter: (sbtest3.id between 3864310 and 3864410)  (cost=20.6 rows=101)
    -> Covering index range scan on sbtest3 using PRIMARY over (3864310 <= id <= 3864410)  (cost=20.6 rows=101)


table 4 : explain SELECT id FROM sbtest4 WHERE id BETWEEN 3864310 AND 3864410
	-> Filter: (sbtest4.id between 3864310 and 3864410)  (cost=20.6 rows=101)
    -> Covering index range scan on sbtest4 using PRIMARY over (3864310 <= id <= 3864410)  (cost=20.6 rows=101)


table 5 : explain SELECT id FROM sbtest5 WHERE id BETWEEN 3864310 AND 3864410
	-> Filter: (sbtest5.id between 3864310 and 3864410)  (cost=20.6 rows=101)
    -> Covering index range scan on sbtest5 using PRIMARY over (3864310 <= id <= 3864410)  (cost=20.6 rows=101)


table 6 : explain SELECT id FROM sbtest6 WHERE id BETWEEN 3864310 AND 3864410
	-> Filter: (sbtest6.id between 3864310 and 3864410)  (cost=20.6 rows=101)
    -> Covering index range scan on sbtest6 using PRIMARY over (3864310 <= id <= 3864410)  (cost=20.6 rows=101)


table 7 : explain SELECT id FROM sbtest7 WHERE id BETWEEN 3864310 AND 3864410
	-> Filter: (sbtest7.id between 3864310 and 3864410)  (cost=20.6 rows=101)
    -> Covering index range scan on sbtest7 using PRIMARY over (3864310 <= id <= 3864410)  (cost=20.6 rows=101)


table 8 : explain SELECT id FROM sbtest8 WHERE id BETWEEN 3864310 AND 3864410
	-> Filter: (sbtest8.id between 3864310 and 3864410)  (cost=20.6 rows=101)
    -> Covering index range scan on sbtest8 using PRIMARY over (3864310 <= id <= 3864410)  (cost=20.6 rows=101)


explain: for range-covered :: explain SELECT id FROM sbtest%d WHERE id BETWEEN 4333531 AND 4333631
explain: for range-covered :: explain SELECT id FROM sbtest%d WHERE id BETWEEN 7699932 AND 7700032
explain: for range-covered :: explain SELECT id FROM sbtest%d WHERE id BETWEEN 3864310 AND 3864410
for range-covered
table 1 : explain SELECT id FROM sbtest1 WHERE id BETWEEN 5021943 AND 5022043
	-> Filter: (sbtest1.id between 5021943 and 5022043)  (cost=20.6 rows=101)
    -> Covering index range scan on sbtest1 using PRIMARY over (5021943 <= id <= 5022043)  (cost=20.6 rows=101)


table 2 : explain SELECT id FROM sbtest2 WHERE id BETWEEN 5021943 AND 5022043
	-> Filter: (sbtest2.id between 5021943 and 5022043)  (cost=20.6 rows=101)
    -> Covering index range scan on sbtest2 using PRIMARY over (5021943 <= id <= 5022043)  (cost=20.6 rows=101)


table 3 : explain SELECT id FROM sbtest3 WHERE id BETWEEN 5021943 AND 5022043
	-> Filter: (sbtest3.id between 5021943 and 5022043)  (cost=20.6 rows=101)
    -> Covering index range scan on sbtest3 using PRIMARY over (5021943 <= id <= 5022043)  (cost=20.6 rows=101)


table 4 : explain SELECT id FROM sbtest4 WHERE id BETWEEN 5021943 AND 5022043
	-> Filter: (sbtest4.id between 5021943 and 5022043)  (cost=20.6 rows=101)
    -> Covering index range scan on sbtest4 using PRIMARY over (5021943 <= id <= 5022043)  (cost=20.6 rows=101)


table 5 : explain SELECT id FROM sbtest5 WHERE id BETWEEN 5021943 AND 5022043
	-> Filter: (sbtest5.id between 5021943 and 5022043)  (cost=20.6 rows=101)
    -> Covering index range scan on sbtest5 using PRIMARY over (5021943 <= id <= 5022043)  (cost=20.6 rows=101)


table 6 : explain SELECT id FROM sbtest6 WHERE id BETWEEN 5021943 AND 5022043
	-> Filter: (sbtest6.id between 5021943 and 5022043)  (cost=20.6 rows=101)
    -> Covering index range scan on sbtest6 using PRIMARY over (5021943 <= id <= 5022043)  (cost=20.6 rows=101)


table 7 : explain SELECT id FROM sbtest7 WHERE id BETWEEN 5021943 AND 5022043
	-> Filter: (sbtest7.id between 5021943 and 5022043)  (cost=20.6 rows=101)
    -> Covering index range scan on sbtest7 using PRIMARY over (5021943 <= id <= 5022043)  (cost=20.6 rows=101)


table 8 : explain SELECT id FROM sbtest8 WHERE id BETWEEN 5021943 AND 5022043
	-> Filter: (sbtest8.id between 5021943 and 5022043)  (cost=20.6 rows=101)
    -> Covering index range scan on sbtest8 using PRIMARY over (5021943 <= id <= 5022043)  (cost=20.6 rows=101)


for range-covered
table 1 : explain SELECT id FROM sbtest1 WHERE id BETWEEN 4863833 AND 4863933
	-> Filter: (sbtest1.id between 4863833 and 4863933)  (cost=20.6 rows=101)
    -> Covering index range scan on sbtest1 using PRIMARY over (4863833 <= id <= 4863933)  (cost=20.6 rows=101)


table 2 : explain SELECT id FROM sbtest2 WHERE id BETWEEN 4863833 AND 4863933
	-> Filter: (sbtest2.id between 4863833 and 4863933)  (cost=20.6 rows=101)
    -> Covering index range scan on sbtest2 using PRIMARY over (4863833 <= id <= 4863933)  (cost=20.6 rows=101)


table 3 : explain SELECT id FROM sbtest3 WHERE id BETWEEN 4863833 AND 4863933
	-> Filter: (sbtest3.id between 4863833 and 4863933)  (cost=20.6 rows=101)
    -> Covering index range scan on sbtest3 using PRIMARY over (4863833 <= id <= 4863933)  (cost=20.6 rows=101)


table 4 : explain SELECT id FROM sbtest4 WHERE id BETWEEN 4863833 AND 4863933
	-> Filter: (sbtest4.id between 4863833 and 4863933)  (cost=20.6 rows=101)
    -> Covering index range scan on sbtest4 using PRIMARY over (4863833 <= id <= 4863933)  (cost=20.6 rows=101)


table 5 : explain SELECT id FROM sbtest5 WHERE id BETWEEN 4863833 AND 4863933
	-> Filter: (sbtest5.id between 4863833 and 4863933)  (cost=20.6 rows=101)
    -> Covering index range scan on sbtest5 using PRIMARY over (4863833 <= id <= 4863933)  (cost=20.6 rows=101)


table 6 : explain SELECT id FROM sbtest6 WHERE id BETWEEN 4863833 AND 4863933
	-> Filter: (sbtest6.id between 4863833 and 4863933)  (cost=20.6 rows=101)
    -> Covering index range scan on sbtest6 using PRIMARY over (4863833 <= id <= 4863933)  (cost=20.6 rows=101)


table 7 : explain SELECT id FROM sbtest7 WHERE id BETWEEN 4863833 AND 4863933
	-> Filter: (sbtest7.id between 4863833 and 4863933)  (cost=20.6 rows=101)
    -> Covering index range scan on sbtest7 using PRIMARY over (4863833 <= id <= 4863933)  (cost=20.6 rows=101)


table 8 : explain SELECT id FROM sbtest8 WHERE id BETWEEN 4863833 AND 4863933
	-> Filter: (sbtest8.id between 4863833 and 4863933)  (cost=20.6 rows=101)
    -> Covering index range scan on sbtest8 using PRIMARY over (4863833 <= id <= 4863933)  (cost=20.6 rows=101)

for range-covered
table 1 : explain SELECT id FROM sbtest1 WHERE id BETWEEN 4681970 AND 4682070
	-> Filter: (sbtest1.id between 4681970 and 4682070)  (cost=20.6 rows=101)
    -> Covering index range scan on sbtest1 using PRIMARY over (4681970 <= id <= 4682070)  (cost=20.6 rows=101)


table 2 : explain SELECT id FROM sbtest2 WHERE id BETWEEN 4681970 AND 4682070
	-> Filter: (sbtest2.id between 4681970 and 4682070)  (cost=20.6 rows=101)
    -> Covering index range scan on sbtest2 using PRIMARY over (4681970 <= id <= 4682070)  (cost=20.6 rows=101)


table 3 : explain SELECT id FROM sbtest3 WHERE id BETWEEN 4681970 AND 4682070
	-> Filter: (sbtest3.id between 4681970 and 4682070)  (cost=20.6 rows=101)
    -> Covering index range scan on sbtest3 using PRIMARY over (4681970 <= id <= 4682070)  (cost=20.6 rows=101)


table 4 : explain SELECT id FROM sbtest4 WHERE id BETWEEN 4681970 AND 4682070
	-> Filter: (sbtest4.id between 4681970 and 4682070)  (cost=20.6 rows=101)
    -> Covering index range scan on sbtest4 using PRIMARY over (4681970 <= id <= 4682070)  (cost=20.6 rows=101)


table 5 : explain SELECT id FROM sbtest5 WHERE id BETWEEN 4681970 AND 4682070
	-> Filter: (sbtest5.id between 4681970 and 4682070)  (cost=20.6 rows=101)
    -> Covering index range scan on sbtest5 using PRIMARY over (4681970 <= id <= 4682070)  (cost=20.6 rows=101)


table 6 : explain SELECT id FROM sbtest6 WHERE id BETWEEN 4681970 AND 4682070
	-> Filter: (sbtest6.id between 4681970 and 4682070)  (cost=20.6 rows=101)
    -> Covering index range scan on sbtest6 using PRIMARY over (4681970 <= id <= 4682070)  (cost=20.6 rows=101)


table 7 : explain SELECT id FROM sbtest7 WHERE id BETWEEN 4681970 AND 4682070
	-> Filter: (sbtest7.id between 4681970 and 4682070)  (cost=20.6 rows=101)
    -> Covering index range scan on sbtest7 using PRIMARY over (4681970 <= id <= 4682070)  (cost=20.6 rows=101)


table 8 : explain SELECT id FROM sbtest8 WHERE id BETWEEN 4681970 AND 4682070
	-> Filter: (sbtest8.id between 4681970 and 4682070)  (cost=20.6 rows=101)
    -> Covering index range scan on sbtest8 using PRIMARY over (4681970 <= id <= 4682070)  (cost=20.6 rows=101)



for range-covered
table 1 : explain SELECT id FROM sbtest1 WHERE id BETWEEN 7020568 AND 7020668
	-> Filter: (sbtest1.id between 7020568 and 7020668)  (cost=20.6 rows=101)
    -> Covering index range scan on sbtest1 using PRIMARY over (7020568 <= id <= 7020668)  (cost=20.6 rows=101)


table 2 : explain SELECT id FROM sbtest2 WHERE id BETWEEN 7020568 AND 7020668
	-> Filter: (sbtest2.id between 7020568 and 7020668)  (cost=20.6 rows=101)
    -> Covering index range scan on sbtest2 using PRIMARY over (7020568 <= id <= 7020668)  (cost=20.6 rows=101)


table 3 : explain SELECT id FROM sbtest3 WHERE id BETWEEN 7020568 AND 7020668
	-> Filter: (sbtest3.id between 7020568 and 7020668)  (cost=20.6 rows=101)
    -> Covering index range scan on sbtest3 using PRIMARY over (7020568 <= id <= 7020668)  (cost=20.6 rows=101)


table 4 : explain SELECT id FROM sbtest4 WHERE id BETWEEN 7020568 AND 7020668
	-> Filter: (sbtest4.id between 7020568 and 7020668)  (cost=20.6 rows=101)
    -> Covering index range scan on sbtest4 using PRIMARY over (7020568 <= id <= 7020668)  (cost=20.6 rows=101)


table 5 : explain SELECT id FROM sbtest5 WHERE id BETWEEN 7020568 AND 7020668
	-> Filter: (sbtest5.id between 7020568 and 7020668)  (cost=20.6 rows=101)
    -> Covering index range scan on sbtest5 using PRIMARY over (7020568 <= id <= 7020668)  (cost=20.6 rows=101)


table 6 : explain SELECT id FROM sbtest6 WHERE id BETWEEN 7020568 AND 7020668
	-> Filter: (sbtest6.id between 7020568 and 7020668)  (cost=20.6 rows=101)
    -> Covering index range scan on sbtest6 using PRIMARY over (7020568 <= id <= 7020668)  (cost=20.6 rows=101)


table 7 : explain SELECT id FROM sbtest7 WHERE id BETWEEN 7020568 AND 7020668
	-> Filter: (sbtest7.id between 7020568 and 7020668)  (cost=20.6 rows=101)
    -> Covering index range scan on sbtest7 using PRIMARY over (7020568 <= id <= 7020668)  (cost=20.6 rows=101)


table 8 : explain SELECT id FROM sbtest8 WHERE id BETWEEN 7020568 AND 7020668
	-> Filter: (sbtest8.id between 7020568 and 7020668)  (cost=20.6 rows=101)
    -> Covering index range scan on sbtest8 using PRIMARY over (7020568 <= id <= 7020668)  (cost=20.6 rows=101)

for range-covered
table 1 : explain SELECT id FROM sbtest1 WHERE id BETWEEN 1050546 AND 1050646
	-> Filter: (sbtest1.id between 1050546 and 1050646)  (cost=20.6 rows=101)
    -> Covering index range scan on sbtest1 using PRIMARY over (1050546 <= id <= 1050646)  (cost=20.6 rows=101)


table 2 : explain SELECT id FROM sbtest2 WHERE id BETWEEN 1050546 AND 1050646
	-> Filter: (sbtest2.id between 1050546 and 1050646)  (cost=20.6 rows=101)
    -> Covering index range scan on sbtest2 using PRIMARY over (1050546 <= id <= 1050646)  (cost=20.6 rows=101)


table 3 : explain SELECT id FROM sbtest3 WHERE id BETWEEN 1050546 AND 1050646
	-> Filter: (sbtest3.id between 1050546 and 1050646)  (cost=20.6 rows=101)
    -> Covering index range scan on sbtest3 using PRIMARY over (1050546 <= id <= 1050646)  (cost=20.6 rows=101)


table 4 : explain SELECT id FROM sbtest4 WHERE id BETWEEN 1050546 AND 1050646
	-> Filter: (sbtest4.id between 1050546 and 1050646)  (cost=20.6 rows=101)
    -> Covering index range scan on sbtest4 using PRIMARY over (1050546 <= id <= 1050646)  (cost=20.6 rows=101)


table 5 : explain SELECT id FROM sbtest5 WHERE id BETWEEN 1050546 AND 1050646
	-> Filter: (sbtest5.id between 1050546 and 1050646)  (cost=20.6 rows=101)
    -> Covering index range scan on sbtest5 using PRIMARY over (1050546 <= id <= 1050646)  (cost=20.6 rows=101)


table 6 : explain SELECT id FROM sbtest6 WHERE id BETWEEN 1050546 AND 1050646
	-> Filter: (sbtest6.id between 1050546 and 1050646)  (cost=20.6 rows=101)
    -> Covering index range scan on sbtest6 using PRIMARY over (1050546 <= id <= 1050646)  (cost=20.6 rows=101)


table 7 : explain SELECT id FROM sbtest7 WHERE id BETWEEN 1050546 AND 1050646
	-> Filter: (sbtest7.id between 1050546 and 1050646)  (cost=20.6 rows=101)
    -> Covering index range scan on sbtest7 using PRIMARY over (1050546 <= id <= 1050646)  (cost=20.6 rows=101)


table 8 : explain SELECT id FROM sbtest8 WHERE id BETWEEN 1050546 AND 1050646
	-> Filter: (sbtest8.id between 1050546 and 1050646)  (cost=20.6 rows=101)
    -> Covering index range scan on sbtest8 using PRIMARY over (1050546 <= id <= 1050646)  (cost=20.6 rows=101)


for range-covered
table 1 : explain SELECT id FROM sbtest1 WHERE id BETWEEN 3631501 AND 3631601
	-> Filter: (sbtest1.id between 3631501 and 3631601)  (cost=20.6 rows=101)
    -> Covering index range scan on sbtest1 using PRIMARY over (3631501 <= id <= 3631601)  (cost=20.6 rows=101)


table 2 : explain SELECT id FROM sbtest2 WHERE id BETWEEN 3631501 AND 3631601
	-> Filter: (sbtest2.id between 3631501 and 3631601)  (cost=20.6 rows=101)
    -> Covering index range scan on sbtest2 using PRIMARY over (3631501 <= id <= 3631601)  (cost=20.6 rows=101)


table 3 : explain SELECT id FROM sbtest3 WHERE id BETWEEN 3631501 AND 3631601
	-> Filter: (sbtest3.id between 3631501 and 3631601)  (cost=20.6 rows=101)
    -> Covering index range scan on sbtest3 using PRIMARY over (3631501 <= id <= 3631601)  (cost=20.6 rows=101)


table 4 : explain SELECT id FROM sbtest4 WHERE id BETWEEN 3631501 AND 3631601
	-> Filter: (sbtest4.id between 3631501 and 3631601)  (cost=20.6 rows=101)
    -> Covering index range scan on sbtest4 using PRIMARY over (3631501 <= id <= 3631601)  (cost=20.6 rows=101)


table 5 : explain SELECT id FROM sbtest5 WHERE id BETWEEN 3631501 AND 3631601
	-> Filter: (sbtest5.id between 3631501 and 3631601)  (cost=20.6 rows=101)
    -> Covering index range scan on sbtest5 using PRIMARY over (3631501 <= id <= 3631601)  (cost=20.6 rows=101)


table 6 : explain SELECT id FROM sbtest6 WHERE id BETWEEN 3631501 AND 3631601
	-> Filter: (sbtest6.id between 3631501 and 3631601)  (cost=20.6 rows=101)
    -> Covering index range scan on sbtest6 using PRIMARY over (3631501 <= id <= 3631601)  (cost=20.6 rows=101)


table 7 : explain SELECT id FROM sbtest7 WHERE id BETWEEN 3631501 AND 3631601
	-> Filter: (sbtest7.id between 3631501 and 3631601)  (cost=20.6 rows=101)
    -> Covering index range scan on sbtest7 using PRIMARY over (3631501 <= id <= 3631601)  (cost=20.6 rows=101)


table 8 : explain SELECT id FROM sbtest8 WHERE id BETWEEN 3631501 AND 3631601
	-> Filter: (sbtest8.id between 3631501 and 3631601)  (cost=20.6 rows=101)
    -> Covering index range scan on sbtest8 using PRIMARY over (3631501 <= id <= 3631601)  (cost=20.6 rows=101)



explain: for range-covered :: explain SELECT id FROM sbtest%d WHERE id BETWEEN 5453131 AND 5453231
explain: for range-covered :: explain SELECT id FROM sbtest%d WHERE id BETWEEN 5021943 AND 5022043
for range-covered
table 1 : explain SELECT id FROM sbtest1 WHERE id BETWEEN 6607652 AND 6607752
	-> Filter: (sbtest1.id between 6607652 and 6607752)  (cost=20.6 rows=101)
    -> Covering index range scan on sbtest1 using PRIMARY over (6607652 <= id <= 6607752)  (cost=20.6 rows=101)


table 2 : explain SELECT id FROM sbtest2 WHERE id BETWEEN 6607652 AND 6607752
	-> Filter: (sbtest2.id between 6607652 and 6607752)  (cost=20.6 rows=101)
    -> Covering index range scan on sbtest2 using PRIMARY over (6607652 <= id <= 6607752)  (cost=20.6 rows=101)


table 3 : explain SELECT id FROM sbtest3 WHERE id BETWEEN 6607652 AND 6607752
	-> Filter: (sbtest3.id between 6607652 and 6607752)  (cost=20.6 rows=101)
    -> Covering index range scan on sbtest3 using PRIMARY over (6607652 <= id <= 6607752)  (cost=20.6 rows=101)


table 4 : explain SELECT id FROM sbtest4 WHERE id BETWEEN 6607652 AND 6607752
	-> Filter: (sbtest4.id between 6607652 and 6607752)  (cost=20.6 rows=101)
    -> Covering index range scan on sbtest4 using PRIMARY over (6607652 <= id <= 6607752)  (cost=20.6 rows=101)


table 5 : explain SELECT id FROM sbtest5 WHERE id BETWEEN 6607652 AND 6607752
	-> Filter: (sbtest5.id between 6607652 and 6607752)  (cost=20.6 rows=101)
    -> Covering index range scan on sbtest5 using PRIMARY over (6607652 <= id <= 6607752)  (cost=20.6 rows=101)


table 6 : explain SELECT id FROM sbtest6 WHERE id BETWEEN 6607652 AND 6607752
	-> Filter: (sbtest6.id between 6607652 and 6607752)  (cost=20.6 rows=101)
    -> Covering index range scan on sbtest6 using PRIMARY over (6607652 <= id <= 6607752)  (cost=20.6 rows=101)


table 7 : explain SELECT id FROM sbtest7 WHERE id BETWEEN 6607652 AND 6607752
	-> Filter: (sbtest7.id between 6607652 and 6607752)  (cost=20.6 rows=101)
    -> Covering index range scan on sbtest7 using PRIMARY over (6607652 <= id <= 6607752)  (cost=20.6 rows=101)


table 8 : explain SELECT id FROM sbtest8 WHERE id BETWEEN 6607652 AND 6607752
	-> Filter: (sbtest8.id between 6607652 and 6607752)  (cost=20.6 rows=101)
    -> Covering index range scan on sbtest8 using PRIMARY over (6607652 <= id <= 6607752)  (cost=20.6 rows=101)

explain: for range-covered :: explain SELECT id FROM sbtest%d WHERE id BETWEEN 4472526 AND 4472626
explain: for range-covered :: explain SELECT id FROM sbtest%d WHERE id BETWEEN 1050546 AND 1050646
for range-covered
table 1 : explain SELECT id FROM sbtest1 WHERE id BETWEEN 4749092 AND 4749192
	-> Filter: (sbtest1.id between 4749092 and 4749192)  (cost=20.6 rows=101)
    -> Covering index range scan on sbtest1 using PRIMARY over (4749092 <= id <= 4749192)  (cost=20.6 rows=101)


table 2 : explain SELECT id FROM sbtest2 WHERE id BETWEEN 4749092 AND 4749192
	-> Filter: (sbtest2.id between 4749092 and 4749192)  (cost=20.6 rows=101)
    -> Covering index range scan on sbtest2 using PRIMARY over (4749092 <= id <= 4749192)  (cost=20.6 rows=101)


table 3 : explain SELECT id FROM sbtest3 WHERE id BETWEEN 4749092 AND 4749192
	-> Filter: (sbtest3.id between 4749092 and 4749192)  (cost=20.6 rows=101)
    -> Covering index range scan on sbtest3 using PRIMARY over (4749092 <= id <= 4749192)  (cost=20.6 rows=101)


table 4 : explain SELECT id FROM sbtest4 WHERE id BETWEEN 4749092 AND 4749192
	-> Filter: (sbtest4.id between 4749092 and 4749192)  (cost=20.6 rows=101)
    -> Covering index range scan on sbtest4 using PRIMARY over (4749092 <= id <= 4749192)  (cost=20.6 rows=101)


table 5 : explain SELECT id FROM sbtest5 WHERE id BETWEEN 4749092 AND 4749192
	-> Filter: (sbtest5.id between 4749092 and 4749192)  (cost=20.6 rows=101)
    -> Covering index range scan on sbtest5 using PRIMARY over (4749092 <= id <= 4749192)  (cost=20.6 rows=101)


table 6 : explain SELECT id FROM sbtest6 WHERE id BETWEEN 4749092 AND 4749192
	-> Filter: (sbtest6.id between 4749092 and 4749192)  (cost=20.6 rows=101)
    -> Covering index range scan on sbtest6 using PRIMARY over (4749092 <= id <= 4749192)  (cost=20.6 rows=101)


table 7 : explain SELECT id FROM sbtest7 WHERE id BETWEEN 4749092 AND 4749192
	-> Filter: (sbtest7.id between 4749092 and 4749192)  (cost=20.6 rows=101)
    -> Covering index range scan on sbtest7 using PRIMARY over (4749092 <= id <= 4749192)  (cost=20.6 rows=101)


table 8 : explain SELECT id FROM sbtest8 WHERE id BETWEEN 4749092 AND 4749192
	-> Filter: (sbtest8.id between 4749092 and 4749192)  (cost=20.6 rows=101)
    -> Covering index range scan on sbtest8 using PRIMARY over (4749092 <= id <= 4749192)  (cost=20.6 rows=101)


explain: for range-covered :: explain SELECT id FROM sbtest%d WHERE id BETWEEN 5590836 AND 5590936
explain: for range-covered :: explain SELECT id FROM sbtest%d WHERE id BETWEEN 3869178 AND 3869278
for range-covered
table 1 : explain SELECT id FROM sbtest1 WHERE id BETWEEN 6321405 AND 6321505
	-> Filter: (sbtest1.id between 6321405 and 6321505)  (cost=20.6 rows=101)
    -> Covering index range scan on sbtest1 using PRIMARY over (6321405 <= id <= 6321505)  (cost=20.6 rows=101)


table 2 : explain SELECT id FROM sbtest2 WHERE id BETWEEN 6321405 AND 6321505
	-> Filter: (sbtest2.id between 6321405 and 6321505)  (cost=20.6 rows=101)
    -> Covering index range scan on sbtest2 using PRIMARY over (6321405 <= id <= 6321505)  (cost=20.6 rows=101)


table 3 : explain SELECT id FROM sbtest3 WHERE id BETWEEN 6321405 AND 6321505
	-> Filter: (sbtest3.id between 6321405 and 6321505)  (cost=20.6 rows=101)
    -> Covering index range scan on sbtest3 using PRIMARY over (6321405 <= id <= 6321505)  (cost=20.6 rows=101)


table 4 : explain SELECT id FROM sbtest4 WHERE id BETWEEN 6321405 AND 6321505
	-> Filter: (sbtest4.id between 6321405 and 6321505)  (cost=20.6 rows=101)
    -> Covering index range scan on sbtest4 using PRIMARY over (6321405 <= id <= 6321505)  (cost=20.6 rows=101)


table 5 : explain SELECT id FROM sbtest5 WHERE id BETWEEN 6321405 AND 6321505
	-> Filter: (sbtest5.id between 6321405 and 6321505)  (cost=20.6 rows=101)
    -> Covering index range scan on sbtest5 using PRIMARY over (6321405 <= id <= 6321505)  (cost=20.6 rows=101)


table 6 : explain SELECT id FROM sbtest6 WHERE id BETWEEN 6321405 AND 6321505
	-> Filter: (sbtest6.id between 6321405 and 6321505)  (cost=20.6 rows=101)
    -> Covering index range scan on sbtest6 using PRIMARY over (6321405 <= id <= 6321505)  (cost=20.6 rows=101)


table 7 : explain SELECT id FROM sbtest7 WHERE id BETWEEN 6321405 AND 6321505
	-> Filter: (sbtest7.id between 6321405 and 6321505)  (cost=20.6 rows=101)
    -> Covering index range scan on sbtest7 using PRIMARY over (6321405 <= id <= 6321505)  (cost=20.6 rows=101)


table 8 : explain SELECT id FROM sbtest8 WHERE id BETWEEN 6321405 AND 6321505
	-> Filter: (sbtest8.id between 6321405 and 6321505)  (cost=20.6 rows=101)
    -> Covering index range scan on sbtest8 using PRIMARY over (6321405 <= id <= 6321505)  (cost=20.6 rows=101)


for range-covered
table 1 : explain SELECT id FROM sbtest1 WHERE id BETWEEN 7505176 AND 7505276
	-> Filter: (sbtest1.id between 7505176 and 7505276)  (cost=20.6 rows=101)
    -> Covering index range scan on sbtest1 using PRIMARY over (7505176 <= id <= 7505276)  (cost=20.6 rows=101)


table 2 : explain SELECT id FROM sbtest2 WHERE id BETWEEN 7505176 AND 7505276
	-> Filter: (sbtest2.id between 7505176 and 7505276)  (cost=20.6 rows=101)
    -> Covering index range scan on sbtest2 using PRIMARY over (7505176 <= id <= 7505276)  (cost=20.6 rows=101)


table 3 : explain SELECT id FROM sbtest3 WHERE id BETWEEN 7505176 AND 7505276
	-> Filter: (sbtest3.id between 7505176 and 7505276)  (cost=20.6 rows=101)
    -> Covering index range scan on sbtest3 using PRIMARY over (7505176 <= id <= 7505276)  (cost=20.6 rows=101)


table 4 : explain SELECT id FROM sbtest4 WHERE id BETWEEN 7505176 AND 7505276
	-> Filter: (sbtest4.id between 7505176 and 7505276)  (cost=20.6 rows=101)
    -> Covering index range scan on sbtest4 using PRIMARY over (7505176 <= id <= 7505276)  (cost=20.6 rows=101)


table 5 : explain SELECT id FROM sbtest5 WHERE id BETWEEN 7505176 AND 7505276
	-> Filter: (sbtest5.id between 7505176 and 7505276)  (cost=20.6 rows=101)
    -> Covering index range scan on sbtest5 using PRIMARY over (7505176 <= id <= 7505276)  (cost=20.6 rows=101)


table 6 : explain SELECT id FROM sbtest6 WHERE id BETWEEN 7505176 AND 7505276
	-> Filter: (sbtest6.id between 7505176 and 7505276)  (cost=20.6 rows=101)
    -> Covering index range scan on sbtest6 using PRIMARY over (7505176 <= id <= 7505276)  (cost=20.6 rows=101)


table 7 : explain SELECT id FROM sbtest7 WHERE id BETWEEN 7505176 AND 7505276
	-> Filter: (sbtest7.id between 7505176 and 7505276)  (cost=20.6 rows=101)
    -> Covering index range scan on sbtest7 using PRIMARY over (7505176 <= id <= 7505276)  (cost=20.6 rows=101)


table 8 : explain SELECT id FROM sbtest8 WHERE id BETWEEN 7505176 AND 7505276
	-> Filter: (sbtest8.id between 7505176 and 7505276)  (cost=20.6 rows=101)
    -> Covering index range scan on sbtest8 using PRIMARY over (7505176 <= id <= 7505276)  (cost=20.6 rows=101)


for range-covered
table 1 : explain SELECT id FROM sbtest1 WHERE id BETWEEN 7665281 AND 7665381
	-> Filter: (sbtest1.id between 7665281 and 7665381)  (cost=20.6 rows=101)
    -> Covering index range scan on sbtest1 using PRIMARY over (7665281 <= id <= 7665381)  (cost=20.6 rows=101)


table 2 : explain SELECT id FROM sbtest2 WHERE id BETWEEN 7665281 AND 7665381
	-> Filter: (sbtest2.id between 7665281 and 7665381)  (cost=20.6 rows=101)
    -> Covering index range scan on sbtest2 using PRIMARY over (7665281 <= id <= 7665381)  (cost=20.6 rows=101)


table 3 : explain SELECT id FROM sbtest3 WHERE id BETWEEN 7665281 AND 7665381
	-> Filter: (sbtest3.id between 7665281 and 7665381)  (cost=20.6 rows=101)
    -> Covering index range scan on sbtest3 using PRIMARY over (7665281 <= id <= 7665381)  (cost=20.6 rows=101)


table 4 : explain SELECT id FROM sbtest4 WHERE id BETWEEN 7665281 AND 7665381
	-> Filter: (sbtest4.id between 7665281 and 7665381)  (cost=20.6 rows=101)
    -> Covering index range scan on sbtest4 using PRIMARY over (7665281 <= id <= 7665381)  (cost=20.6 rows=101)


table 5 : explain SELECT id FROM sbtest5 WHERE id BETWEEN 7665281 AND 7665381
	-> Filter: (sbtest5.id between 7665281 and 7665381)  (cost=20.6 rows=101)
    -> Covering index range scan on sbtest5 using PRIMARY over (7665281 <= id <= 7665381)  (cost=20.6 rows=101)


table 6 : explain SELECT id FROM sbtest6 WHERE id BETWEEN 7665281 AND 7665381
	-> Filter: (sbtest6.id between 7665281 and 7665381)  (cost=20.6 rows=101)
    -> Covering index range scan on sbtest6 using PRIMARY over (7665281 <= id <= 7665381)  (cost=20.6 rows=101)


table 7 : explain SELECT id FROM sbtest7 WHERE id BETWEEN 7665281 AND 7665381
	-> Filter: (sbtest7.id between 7665281 and 7665381)  (cost=20.6 rows=101)
    -> Covering index range scan on sbtest7 using PRIMARY over (7665281 <= id <= 7665381)  (cost=20.6 rows=101)


table 8 : explain SELECT id FROM sbtest8 WHERE id BETWEEN 7665281 AND 7665381
	-> Filter: (sbtest8.id between 7665281 and 7665381)  (cost=20.6 rows=101)
    -> Covering index range scan on sbtest8 using PRIMARY over (7665281 <= id <= 7665381)  (cost=20.6 rows=101)


for range-covered
table 1 : explain SELECT id FROM sbtest1 WHERE id BETWEEN 4390786 AND 4390886
	-> Filter: (sbtest1.id between 4390786 and 4390886)  (cost=20.6 rows=101)
    -> Covering index range scan on sbtest1 using PRIMARY over (4390786 <= id <= 4390886)  (cost=20.6 rows=101)


table 2 : explain SELECT id FROM sbtest2 WHERE id BETWEEN 4390786 AND 4390886
	-> Filter: (sbtest2.id between 4390786 and 4390886)  (cost=20.6 rows=101)
    -> Covering index range scan on sbtest2 using PRIMARY over (4390786 <= id <= 4390886)  (cost=20.6 rows=101)


table 3 : explain SELECT id FROM sbtest3 WHERE id BETWEEN 4390786 AND 4390886
	-> Filter: (sbtest3.id between 4390786 and 4390886)  (cost=20.6 rows=101)
    -> Covering index range scan on sbtest3 using PRIMARY over (4390786 <= id <= 4390886)  (cost=20.6 rows=101)


table 4 : explain SELECT id FROM sbtest4 WHERE id BETWEEN 4390786 AND 4390886
	-> Filter: (sbtest4.id between 4390786 and 4390886)  (cost=20.6 rows=101)
    -> Covering index range scan on sbtest4 using PRIMARY over (4390786 <= id <= 4390886)  (cost=20.6 rows=101)


table 5 : explain SELECT id FROM sbtest5 WHERE id BETWEEN 4390786 AND 4390886
	-> Filter: (sbtest5.id between 4390786 and 4390886)  (cost=20.6 rows=101)
    -> Covering index range scan on sbtest5 using PRIMARY over (4390786 <= id <= 4390886)  (cost=20.6 rows=101)


table 6 : explain SELECT id FROM sbtest6 WHERE id BETWEEN 4390786 AND 4390886
	-> Filter: (sbtest6.id between 4390786 and 4390886)  (cost=20.6 rows=101)
    -> Covering index range scan on sbtest6 using PRIMARY over (4390786 <= id <= 4390886)  (cost=20.6 rows=101)


table 7 : explain SELECT id FROM sbtest7 WHERE id BETWEEN 4390786 AND 4390886
	-> Filter: (sbtest7.id between 4390786 and 4390886)  (cost=20.6 rows=101)
    -> Covering index range scan on sbtest7 using PRIMARY over (4390786 <= id <= 4390886)  (cost=20.6 rows=101)


table 8 : explain SELECT id FROM sbtest8 WHERE id BETWEEN 4390786 AND 4390886
	-> Filter: (sbtest8.id between 4390786 and 4390886)  (cost=20.6 rows=101)
    -> Covering index range scan on sbtest8 using PRIMARY over (4390786 <= id <= 4390886)  (cost=20.6 rows=101)



explain: for range-covered :: explain SELECT id FROM sbtest%d WHERE id BETWEEN 3631501 AND 3631601
explain: for range-covered :: explain SELECT id FROM sbtest%d WHERE id BETWEEN 1893473 AND 1893573
explain: for range-covered :: explain SELECT id FROM sbtest%d WHERE id BETWEEN 4991619 AND 4991719
explain: for range-covered :: explain SELECT id FROM sbtest%d WHERE id BETWEEN 4863833 AND 4863933
explain: for range-covered :: explain SELECT id FROM sbtest%d WHERE id BETWEEN 5687401 AND 5687501
explain: for range-covered :: explain SELECT id FROM sbtest%d WHERE id BETWEEN 8126829 AND 8126929explain: for range-covered :: explain SELECT id FROM sbtest%d WHERE id BETWEEN 2178991 AND 2179091
explain: for range-covered :: explain SELECT id FROM sbtest%d WHERE id BETWEEN 4749092 AND 4749192
explain: for range-covered :: explain SELECT id FROM sbtest%d WHERE id BETWEEN 7505176 AND 7505276
explain: for range-covered :: explain SELECT id FROM sbtest%d WHERE id BETWEEN 7665281 AND 7665381
explain: for range-covered :: explain SELECT id FROM sbtest%d WHERE id BETWEEN 8026450 AND 8026550
explain: for range-covered :: explain SELECT id FROM sbtest%d WHERE id BETWEEN 2322852 AND 2322952
explain: for range-covered :: explain SELECT id FROM sbtest%d WHERE id BETWEEN 6321405 AND 6321505
explain: for range-covered :: explain SELECT id FROM sbtest%d WHERE id BETWEEN 3409393 AND 3409493
explain: for range-covered :: explain SELECT id FROM sbtest%d WHERE id BETWEEN 4390786 AND 4390886
explain: for range-covered :: explain SELECT id FROM sbtest%d WHERE id BETWEEN 6708792 AND 6708892
explain: for range-covered :: explain SELECT id FROM sbtest%d WHERE id BETWEEN 7020568 AND 7020668
for range-covered
table 1 : explain SELECT id FROM sbtest1 WHERE id BETWEEN 5440251 AND 5440351
	-> Filter: (sbtest1.id between 5440251 and 5440351)  (cost=20.6 rows=101)
    -> Covering index range scan on sbtest1 using PRIMARY over (5440251 <= id <= 5440351)  (cost=20.6 rows=101)


table 2 : explain SELECT id FROM sbtest2 WHERE id BETWEEN 5440251 AND 5440351
	-> Filter: (sbtest2.id between 5440251 and 5440351)  (cost=20.6 rows=101)
    -> Covering index range scan on sbtest2 using PRIMARY over (5440251 <= id <= 5440351)  (cost=20.6 rows=101)


table 3 : explain SELECT id FROM sbtest3 WHERE id BETWEEN 5440251 AND 5440351
	-> Filter: (sbtest3.id between 5440251 and 5440351)  (cost=20.6 rows=101)
    -> Covering index range scan on sbtest3 using PRIMARY over (5440251 <= id <= 5440351)  (cost=20.6 rows=101)


table 4 : explain SELECT id FROM sbtest4 WHERE id BETWEEN 5440251 AND 5440351
	-> Filter: (sbtest4.id between 5440251 and 5440351)  (cost=20.6 rows=101)
    -> Covering index range scan on sbtest4 using PRIMARY over (5440251 <= id <= 5440351)  (cost=20.6 rows=101)


table 5 : explain SELECT id FROM sbtest5 WHERE id BETWEEN 5440251 AND 5440351
	-> Filter: (sbtest5.id between 5440251 and 5440351)  (cost=20.6 rows=101)
    -> Covering index range scan on sbtest5 using PRIMARY over (5440251 <= id <= 5440351)  (cost=20.6 rows=101)


table 6 : explain SELECT id FROM sbtest6 WHERE id BETWEEN 5440251 AND 5440351
	-> Filter: (sbtest6.id between 5440251 and 5440351)  (cost=20.6 rows=101)
    -> Covering index range scan on sbtest6 using PRIMARY over (5440251 <= id <= 5440351)  (cost=20.6 rows=101)


table 7 : explain SELECT id FROM sbtest7 WHERE id BETWEEN 5440251 AND 5440351
	-> Filter: (sbtest7.id between 5440251 and 5440351)  (cost=20.6 rows=101)
    -> Covering index range scan on sbtest7 using PRIMARY over (5440251 <= id <= 5440351)  (cost=20.6 rows=101)


table 8 : explain SELECT id FROM sbtest8 WHERE id BETWEEN 5440251 AND 5440351
	-> Filter: (sbtest8.id between 5440251 and 5440351)  (cost=20.6 rows=101)
    -> Covering index range scan on sbtest8 using PRIMARY over (5440251 <= id <= 5440351)  (cost=20.6 rows=101)

for range-covered
table 1 : explain SELECT id FROM sbtest1 WHERE id BETWEEN 1999307 AND 1999407
	-> Filter: (sbtest1.id between 1999307 and 1999407)  (cost=20.6 rows=101)
    -> Covering index range scan on sbtest1 using PRIMARY over (1999307 <= id <= 1999407)  (cost=20.6 rows=101)


table 2 : explain SELECT id FROM sbtest2 WHERE id BETWEEN 1999307 AND 1999407
	-> Filter: (sbtest2.id between 1999307 and 1999407)  (cost=20.6 rows=101)
    -> Covering index range scan on sbtest2 using PRIMARY over (1999307 <= id <= 1999407)  (cost=20.6 rows=101)


table 3 : explain SELECT id FROM sbtest3 WHERE id BETWEEN 1999307 AND 1999407
	-> Filter: (sbtest3.id between 1999307 and 1999407)  (cost=20.6 rows=101)
    -> Covering index range scan on sbtest3 using PRIMARY over (1999307 <= id <= 1999407)  (cost=20.6 rows=101)


table 4 : explain SELECT id FROM sbtest4 WHERE id BETWEEN 1999307 AND 1999407
	-> Filter: (sbtest4.id between 1999307 and 1999407)  (cost=20.6 rows=101)
    -> Covering index range scan on sbtest4 using PRIMARY over (1999307 <= id <= 1999407)  (cost=20.6 rows=101)


table 5 : explain SELECT id FROM sbtest5 WHERE id BETWEEN 1999307 AND 1999407
	-> Filter: (sbtest5.id between 1999307 and 1999407)  (cost=20.6 rows=101)
    -> Covering index range scan on sbtest5 using PRIMARY over (1999307 <= id <= 1999407)  (cost=20.6 rows=101)


table 6 : explain SELECT id FROM sbtest6 WHERE id BETWEEN 1999307 AND 1999407
	-> Filter: (sbtest6.id between 1999307 and 1999407)  (cost=20.6 rows=101)
    -> Covering index range scan on sbtest6 using PRIMARY over (1999307 <= id <= 1999407)  (cost=20.6 rows=101)


table 7 : explain SELECT id FROM sbtest7 WHERE id BETWEEN 1999307 AND 1999407
	-> Filter: (sbtest7.id between 1999307 and 1999407)  (cost=20.6 rows=101)
    -> Covering index range scan on sbtest7 using PRIMARY over (1999307 <= id <= 1999407)  (cost=20.6 rows=101)


table 8 : explain SELECT id FROM sbtest8 WHERE id BETWEEN 1999307 AND 1999407
	-> Filter: (sbtest8.id between 1999307 and 1999407)  (cost=20.6 rows=101)
    -> Covering index range scan on sbtest8 using PRIMARY over (1999307 <= id <= 1999407)  (cost=20.6 rows=101)



explain: for range-covered :: explain SELECT id FROM sbtest%d WHERE id BETWEEN 4681970 AND 4682070
explain: for range-covered :: explain SELECT id FROM sbtest%d WHERE id BETWEEN 3859825 AND 3859925
explain: for range-covered :: explain SELECT id FROM sbtest%d WHERE id BETWEEN 6607652 AND 6607752
explain: for range-covered :: explain SELECT id FROM sbtest%d WHERE id BETWEEN 7126950 AND 7127050

explain: for range-covered :: explain SELECT id FROM sbtest%d WHERE id BETWEEN 1999307 AND 1999407for range-covered
table 1 : explain SELECT id FROM sbtest1 WHERE id BETWEEN 9219070 AND 9219170
	-> Filter: (sbtest1.id between 9219070 and 9219170)  (cost=20.6 rows=101)
    -> Covering index range scan on sbtest1 using PRIMARY over (9219070 <= id <= 9219170)  (cost=20.6 rows=101)


table 2 : explain SELECT id FROM sbtest2 WHERE id BETWEEN 9219070 AND 9219170
	-> Filter: (sbtest2.id between 9219070 and 9219170)  (cost=20.6 rows=101)
    -> Covering index range scan on sbtest2 using PRIMARY over (9219070 <= id <= 9219170)  (cost=20.6 rows=101)


table 3 : explain SELECT id FROM sbtest3 WHERE id BETWEEN 9219070 AND 9219170
	-> Filter: (sbtest3.id between 9219070 and 9219170)  (cost=20.6 rows=101)
    -> Covering index range scan on sbtest3 using PRIMARY over (9219070 <= id <= 9219170)  (cost=20.6 rows=101)


table 4 : explain SELECT id FROM sbtest4 WHERE id BETWEEN 9219070 AND 9219170
	-> Filter: (sbtest4.id between 9219070 and 9219170)  (cost=20.6 rows=101)
    -> Covering index range scan on sbtest4 using PRIMARY over (9219070 <= id <= 9219170)  (cost=20.6 rows=101)


table 5 : explain SELECT id FROM sbtest5 WHERE id BETWEEN 9219070 AND 9219170
	-> Filter: (sbtest5.id between 9219070 and 9219170)  (cost=20.6 rows=101)
    -> Covering index range scan on sbtest5 using PRIMARY over (9219070 <= id <= 9219170)  (cost=20.6 rows=101)


table 6 : explain SELECT id FROM sbtest6 WHERE id BETWEEN 9219070 AND 9219170
	-> Filter: (sbtest6.id between 9219070 and 9219170)  (cost=20.6 rows=101)
    -> Covering index range scan on sbtest6 using PRIMARY over (9219070 <= id <= 9219170)  (cost=20.6 rows=101)


table 7 : explain SELECT id FROM sbtest7 WHERE id BETWEEN 9219070 AND 9219170
	-> Filter: (sbtest7.id between 9219070 and 9219170)  (cost=20.6 rows=101)
    -> Covering index range scan on sbtest7 using PRIMARY over (9219070 <= id <= 9219170)  (cost=20.6 rows=101)


table 8 : explain SELECT id FROM sbtest8 WHERE id BETWEEN 9219070 AND 9219170
	-> Filter: (sbtest8.id between 9219070 and 9219170)  (cost=20.6 rows=101)
    -> Covering index range scan on sbtest8 using PRIMARY over (9219070 <= id <= 9219170)  (cost=20.6 rows=101)

explain: for range-covered :: explain SELECT id FROM sbtest%d WHERE id BETWEEN 3504453 AND 3504553


explain: for range-covered :: explain SELECT id FROM sbtest%d WHERE id BETWEEN 5068006 AND 5068106
explain: for range-covered :: explain SELECT id FROM sbtest%d WHERE id BETWEEN 5440251 AND 5440351
explain: for range-covered :: explain SELECT id FROM sbtest%d WHERE id BETWEEN 2845774 AND 2845874
for range-covered
table 1 : explain SELECT id FROM sbtest1 WHERE id BETWEEN 4333531 AND 4333631
	-> Filter: (sbtest1.id between 4333531 and 4333631)  (cost=20.6 rows=101)
    -> Covering index range scan on sbtest1 using PRIMARY over (4333531 <= id <= 4333631)  (cost=20.6 rows=101)


table 2 : explain SELECT id FROM sbtest2 WHERE id BETWEEN 4333531 AND 4333631
	-> Filter: (sbtest2.id between 4333531 and 4333631)  (cost=20.6 rows=101)
    -> Covering index range scan on sbtest2 using PRIMARY over (4333531 <= id <= 4333631)  (cost=20.6 rows=101)


table 3 : explain SELECT id FROM sbtest3 WHERE id BETWEEN 4333531 AND 4333631
	-> Filter: (sbtest3.id between 4333531 and 4333631)  (cost=20.6 rows=101)
    -> Covering index range scan on sbtest3 using PRIMARY over (4333531 <= id <= 4333631)  (cost=20.6 rows=101)


table 4 : explain SELECT id FROM sbtest4 WHERE id BETWEEN 4333531 AND 4333631
	-> Filter: (sbtest4.id between 4333531 and 4333631)  (cost=20.6 rows=101)
    -> Covering index range scan on sbtest4 using PRIMARY over (4333531 <= id <= 4333631)  (cost=20.6 rows=101)


table 5 : explain SELECT id FROM sbtest5 WHERE id BETWEEN 4333531 AND 4333631
	-> Filter: (sbtest5.id between 4333531 and 4333631)  (cost=20.6 rows=101)
    -> Covering index range scan on sbtest5 using PRIMARY over (4333531 <= id <= 4333631)  (cost=20.6 rows=101)


table 6 : explain SELECT id FROM sbtest6 WHERE id BETWEEN 4333531 AND 4333631
	-> Filter: (sbtest6.id between 4333531 and 4333631)  (cost=20.6 rows=101)
    -> Covering index range scan on sbtest6 using PRIMARY over (4333531 <= id <= 4333631)  (cost=20.6 rows=101)


table 7 : explain SELECT id FROM sbtest7 WHERE id BETWEEN 4333531 AND 4333631
	-> Filter: (sbtest7.id between 4333531 and 4333631)  (cost=20.6 rows=101)
    -> Covering index range scan on sbtest7 using PRIMARY over (4333531 <= id <= 4333631)  (cost=20.6 rows=101)


table 8 : explain SELECT id FROM sbtest8 WHERE id BETWEEN 4333531 AND 4333631
	-> Filter: (sbtest8.id between 4333531 and 4333631)  (cost=20.6 rows=101)
    -> Covering index range scan on sbtest8 using PRIMARY over (4333531 <= id <= 4333631)  (cost=20.6 rows=101)


explain: for range-covered :: explain SELECT id FROM sbtest%d WHERE id BETWEEN 9219070 AND 9219170
for range-covered
table 1 : explain SELECT id FROM sbtest1 WHERE id BETWEEN 3864310 AND 3864410
	-> Filter: (sbtest1.id between 3864310 and 3864410)  (cost=20.6 rows=101)
    -> Covering index range scan on sbtest1 using PRIMARY over (3864310 <= id <= 3864410)  (cost=20.6 rows=101)


table 2 : explain SELECT id FROM sbtest2 WHERE id BETWEEN 3864310 AND 3864410
	-> Filter: (sbtest2.id between 3864310 and 3864410)  (cost=20.6 rows=101)
    -> Covering index range scan on sbtest2 using PRIMARY over (3864310 <= id <= 3864410)  (cost=20.6 rows=101)


table 3 : explain SELECT id FROM sbtest3 WHERE id BETWEEN 3864310 AND 3864410
	-> Filter: (sbtest3.id between 3864310 and 3864410)  (cost=20.6 rows=101)
    -> Covering index range scan on sbtest3 using PRIMARY over (3864310 <= id <= 3864410)  (cost=20.6 rows=101)


table 4 : explain SELECT id FROM sbtest4 WHERE id BETWEEN 3864310 AND 3864410
	-> Filter: (sbtest4.id between 3864310 and 3864410)  (cost=20.6 rows=101)
    -> Covering index range scan on sbtest4 using PRIMARY over (3864310 <= id <= 3864410)  (cost=20.6 rows=101)


table 5 : explain SELECT id FROM sbtest5 WHERE id BETWEEN 3864310 AND 3864410
	-> Filter: (sbtest5.id between 3864310 and 3864410)  (cost=20.6 rows=101)
    -> Covering index range scan on sbtest5 using PRIMARY over (3864310 <= id <= 3864410)  (cost=20.6 rows=101)


table 6 : explain SELECT id FROM sbtest6 WHERE id BETWEEN 3864310 AND 3864410
	-> Filter: (sbtest6.id between 3864310 and 3864410)  (cost=20.6 rows=101)
    -> Covering index range scan on sbtest6 using PRIMARY over (3864310 <= id <= 3864410)  (cost=20.6 rows=101)


table 7 : explain SELECT id FROM sbtest7 WHERE id BETWEEN 3864310 AND 3864410
	-> Filter: (sbtest7.id between 3864310 and 3864410)  (cost=20.6 rows=101)
    -> Covering index range scan on sbtest7 using PRIMARY over (3864310 <= id <= 3864410)  (cost=20.6 rows=101)


table 8 : explain SELECT id FROM sbtest8 WHERE id BETWEEN 3864310 AND 3864410
	-> Filter: (sbtest8.id between 3864310 and 3864410)  (cost=20.6 rows=101)
    -> Covering index range scan on sbtest8 using PRIMARY over (3864310 <= id <= 3864410)  (cost=20.6 rows=101)


explain: for range-covered :: explain SELECT id FROM sbtest%d WHERE id BETWEEN 3620066 AND 3620166
explain: for range-covered :: explain SELECT id FROM sbtest%d WHERE id BETWEEN 4333531 AND 4333631
explain: for range-covered :: explain SELECT id FROM sbtest%d WHERE id BETWEEN 3864310 AND 3864410
for range-covered
table 1 : explain SELECT id FROM sbtest1 WHERE id BETWEEN 7699932 AND 7700032
	-> Filter: (sbtest1.id between 7699932 and 7700032)  (cost=20.6 rows=101)
    -> Covering index range scan on sbtest1 using PRIMARY over (7699932 <= id <= 7700032)  (cost=20.6 rows=101)


table 2 : explain SELECT id FROM sbtest2 WHERE id BETWEEN 7699932 AND 7700032
	-> Filter: (sbtest2.id between 7699932 and 7700032)  (cost=20.6 rows=101)
    -> Covering index range scan on sbtest2 using PRIMARY over (7699932 <= id <= 7700032)  (cost=20.6 rows=101)


table 3 : explain SELECT id FROM sbtest3 WHERE id BETWEEN 7699932 AND 7700032
	-> Filter: (sbtest3.id between 7699932 and 7700032)  (cost=20.6 rows=101)
    -> Covering index range scan on sbtest3 using PRIMARY over (7699932 <= id <= 7700032)  (cost=20.6 rows=101)


table 4 : explain SELECT id FROM sbtest4 WHERE id BETWEEN 7699932 AND 7700032
	-> Filter: (sbtest4.id between 7699932 and 7700032)  (cost=20.6 rows=101)
    -> Covering index range scan on sbtest4 using PRIMARY over (7699932 <= id <= 7700032)  (cost=20.6 rows=101)


table 5 : explain SELECT id FROM sbtest5 WHERE id BETWEEN 7699932 AND 7700032
	-> Filter: (sbtest5.id between 7699932 and 7700032)  (cost=20.6 rows=101)
    -> Covering index range scan on sbtest5 using PRIMARY over (7699932 <= id <= 7700032)  (cost=20.6 rows=101)


table 6 : explain SELECT id FROM sbtest6 WHERE id BETWEEN 7699932 AND 7700032
	-> Filter: (sbtest6.id between 7699932 and 7700032)  (cost=20.6 rows=101)
    -> Covering index range scan on sbtest6 using PRIMARY over (7699932 <= id <= 7700032)  (cost=20.6 rows=101)


table 7 : explain SELECT id FROM sbtest7 WHERE id BETWEEN 7699932 AND 7700032
	-> Filter: (sbtest7.id between 7699932 and 7700032)  (cost=20.6 rows=101)
    -> Covering index range scan on sbtest7 using PRIMARY over (7699932 <= id <= 7700032)  (cost=20.6 rows=101)


table 8 : explain SELECT id FROM sbtest8 WHERE id BETWEEN 7699932 AND 7700032
	-> Filter: (sbtest8.id between 7699932 and 7700032)  (cost=20.6 rows=101)
    -> Covering index range scan on sbtest8 using PRIMARY over (7699932 <= id <= 7700032)  (cost=20.6 rows=101)


explain: for range-covered :: explain SELECT id FROM sbtest%d WHERE id BETWEEN 7699932 AND 7700032
explain: for range-covered :: explain SELECT id FROM sbtest%d WHERE id BETWEEN 7609338 AND 7609438
for range-covered
table 1 : explain SELECT id FROM sbtest1 WHERE id BETWEEN 5453131 AND 5453231
	-> Filter: (sbtest1.id between 5453131 and 5453231)  (cost=20.6 rows=101)
    -> Covering index range scan on sbtest1 using PRIMARY over (5453131 <= id <= 5453231)  (cost=20.6 rows=101)


table 2 : explain SELECT id FROM sbtest2 WHERE id BETWEEN 5453131 AND 5453231
	-> Filter: (sbtest2.id between 5453131 and 5453231)  (cost=20.6 rows=101)
    -> Covering index range scan on sbtest2 using PRIMARY over (5453131 <= id <= 5453231)  (cost=20.6 rows=101)


table 3 : explain SELECT id FROM sbtest3 WHERE id BETWEEN 5453131 AND 5453231
	-> Filter: (sbtest3.id between 5453131 and 5453231)  (cost=20.6 rows=101)
    -> Covering index range scan on sbtest3 using PRIMARY over (5453131 <= id <= 5453231)  (cost=20.6 rows=101)


table 4 : explain SELECT id FROM sbtest4 WHERE id BETWEEN 5453131 AND 5453231
	-> Filter: (sbtest4.id between 5453131 and 5453231)  (cost=20.6 rows=101)
    -> Covering index range scan on sbtest4 using PRIMARY over (5453131 <= id <= 5453231)  (cost=20.6 rows=101)


table 5 : explain SELECT id FROM sbtest5 WHERE id BETWEEN 5453131 AND 5453231
	-> Filter: (sbtest5.id between 5453131 and 5453231)  (cost=20.6 rows=101)
    -> Covering index range scan on sbtest5 using PRIMARY over (5453131 <= id <= 5453231)  (cost=20.6 rows=101)


table 6 : explain SELECT id FROM sbtest6 WHERE id BETWEEN 5453131 AND 5453231
	-> Filter: (sbtest6.id between 5453131 and 5453231)  (cost=20.6 rows=101)
    -> Covering index range scan on sbtest6 using PRIMARY over (5453131 <= id <= 5453231)  (cost=20.6 rows=101)


table 7 : explain SELECT id FROM sbtest7 WHERE id BETWEEN 5453131 AND 5453231
	-> Filter: (sbtest7.id between 5453131 and 5453231)  (cost=20.6 rows=101)
    -> Covering index range scan on sbtest7 using PRIMARY over (5453131 <= id <= 5453231)  (cost=20.6 rows=101)


table 8 : explain SELECT id FROM sbtest8 WHERE id BETWEEN 5453131 AND 5453231
	-> Filter: (sbtest8.id between 5453131 and 5453231)  (cost=20.6 rows=101)
    -> Covering index range scan on sbtest8 using PRIMARY over (5453131 <= id <= 5453231)  (cost=20.6 rows=101)


explain: for range-covered :: explain SELECT id FROM sbtest%d WHERE id BETWEEN 6121679 AND 6121779
for range-covered
table 1 : explain SELECT id FROM sbtest1 WHERE id BETWEEN 5021943 AND 5022043
	-> Filter: (sbtest1.id between 5021943 and 5022043)  (cost=20.6 rows=101)
    -> Covering index range scan on sbtest1 using PRIMARY over (5021943 <= id <= 5022043)  (cost=20.6 rows=101)


table 2 : explain SELECT id FROM sbtest2 WHERE id BETWEEN 5021943 AND 5022043
	-> Filter: (sbtest2.id between 5021943 and 5022043)  (cost=20.6 rows=101)
    -> Covering index range scan on sbtest2 using PRIMARY over (5021943 <= id <= 5022043)  (cost=20.6 rows=101)


table 3 : explain SELECT id FROM sbtest3 WHERE id BETWEEN 5021943 AND 5022043
	-> Filter: (sbtest3.id between 5021943 and 5022043)  (cost=20.6 rows=101)
    -> Covering index range scan on sbtest3 using PRIMARY over (5021943 <= id <= 5022043)  (cost=20.6 rows=101)


table 4 : explain SELECT id FROM sbtest4 WHERE id BETWEEN 5021943 AND 5022043
	-> Filter: (sbtest4.id between 5021943 and 5022043)  (cost=20.6 rows=101)
    -> Covering index range scan on sbtest4 using PRIMARY over (5021943 <= id <= 5022043)  (cost=20.6 rows=101)


table 5 : explain SELECT id FROM sbtest5 WHERE id BETWEEN 5021943 AND 5022043
	-> Filter: (sbtest5.id between 5021943 and 5022043)  (cost=20.6 rows=101)
    -> Covering index range scan on sbtest5 using PRIMARY over (5021943 <= id <= 5022043)  (cost=20.6 rows=101)


table 6 : explain SELECT id FROM sbtest6 WHERE id BETWEEN 5021943 AND 5022043
	-> Filter: (sbtest6.id between 5021943 and 5022043)  (cost=20.6 rows=101)
    -> Covering index range scan on sbtest6 using PRIMARY over (5021943 <= id <= 5022043)  (cost=20.6 rows=101)


table 7 : explain SELECT id FROM sbtest7 WHERE id BETWEEN 5021943 AND 5022043
	-> Filter: (sbtest7.id between 5021943 and 5022043)  (cost=20.6 rows=101)
    -> Covering index range scan on sbtest7 using PRIMARY over (5021943 <= id <= 5022043)  (cost=20.6 rows=101)


table 8 : explain SELECT id FROM sbtest8 WHERE id BETWEEN 5021943 AND 5022043
	-> Filter: (sbtest8.id between 5021943 and 5022043)  (cost=20.6 rows=101)
    -> Covering index range scan on sbtest8 using PRIMARY over (5021943 <= id <= 5022043)  (cost=20.6 rows=101)


explain: for range-covered :: explain SELECT id FROM sbtest%d WHERE id BETWEEN 5453131 AND 5453231
for range-covered
table 1 : explain SELECT id FROM sbtest1 WHERE id BETWEEN 5590836 AND 5590936
	-> Filter: (sbtest1.id between 5590836 and 5590936)  (cost=20.6 rows=101)
    -> Covering index range scan on sbtest1 using PRIMARY over (5590836 <= id <= 5590936)  (cost=20.6 rows=101)


table 2 : explain SELECT id FROM sbtest2 WHERE id BETWEEN 5590836 AND 5590936
	-> Filter: (sbtest2.id between 5590836 and 5590936)  (cost=20.6 rows=101)
    -> Covering index range scan on sbtest2 using PRIMARY over (5590836 <= id <= 5590936)  (cost=20.6 rows=101)


table 3 : explain SELECT id FROM sbtest3 WHERE id BETWEEN 5590836 AND 5590936
	-> Filter: (sbtest3.id between 5590836 and 5590936)  (cost=20.6 rows=101)
    -> Covering index range scan on sbtest3 using PRIMARY over (5590836 <= id <= 5590936)  (cost=20.6 rows=101)


table 4 : explain SELECT id FROM sbtest4 WHERE id BETWEEN 5590836 AND 5590936
	-> Filter: (sbtest4.id between 5590836 and 5590936)  (cost=20.6 rows=101)
    -> Covering index range scan on sbtest4 using PRIMARY over (5590836 <= id <= 5590936)  (cost=20.6 rows=101)


table 5 : explain SELECT id FROM sbtest5 WHERE id BETWEEN 5590836 AND 5590936
	-> Filter: (sbtest5.id between 5590836 and 5590936)  (cost=20.6 rows=101)
    -> Covering index range scan on sbtest5 using PRIMARY over (5590836 <= id <= 5590936)  (cost=20.6 rows=101)


table 6 : explain SELECT id FROM sbtest6 WHERE id BETWEEN 5590836 AND 5590936
	-> Filter: (sbtest6.id between 5590836 and 5590936)  (cost=20.6 rows=101)
    -> Covering index range scan on sbtest6 using PRIMARY over (5590836 <= id <= 5590936)  (cost=20.6 rows=101)


table 7 : explain SELECT id FROM sbtest7 WHERE id BETWEEN 5590836 AND 5590936
	-> Filter: (sbtest7.id between 5590836 and 5590936)  (cost=20.6 rows=101)
    -> Covering index range scan on sbtest7 using PRIMARY over (5590836 <= id <= 5590936)  (cost=20.6 rows=101)


table 8 : explain SELECT id FROM sbtest8 WHERE id BETWEEN 5590836 AND 5590936
	-> Filter: (sbtest8.id between 5590836 and 5590936)  (cost=20.6 rows=101)
    -> Covering index range scan on sbtest8 using PRIMARY over (5590836 <= id <= 5590936)  (cost=20.6 rows=101)


for range-covered
table 1 : explain SELECT id FROM sbtest1 WHERE id BETWEEN 7665281 AND 7665381
	-> Filter: (sbtest1.id between 7665281 and 7665381)  (cost=20.6 rows=101)
    -> Covering index range scan on sbtest1 using PRIMARY over (7665281 <= id <= 7665381)  (cost=20.6 rows=101)


table 2 : explain SELECT id FROM sbtest2 WHERE id BETWEEN 7665281 AND 7665381
	-> Filter: (sbtest2.id between 7665281 and 7665381)  (cost=20.6 rows=101)
    -> Covering index range scan on sbtest2 using PRIMARY over (7665281 <= id <= 7665381)  (cost=20.6 rows=101)


table 3 : explain SELECT id FROM sbtest3 WHERE id BETWEEN 7665281 AND 7665381
	-> Filter: (sbtest3.id between 7665281 and 7665381)  (cost=20.6 rows=101)
    -> Covering index range scan on sbtest3 using PRIMARY over (7665281 <= id <= 7665381)  (cost=20.6 rows=101)


table 4 : explain SELECT id FROM sbtest4 WHERE id BETWEEN 7665281 AND 7665381
	-> Filter: (sbtest4.id between 7665281 and 7665381)  (cost=20.6 rows=101)
    -> Covering index range scan on sbtest4 using PRIMARY over (7665281 <= id <= 7665381)  (cost=20.6 rows=101)


table 5 : explain SELECT id FROM sbtest5 WHERE id BETWEEN 7665281 AND 7665381
	-> Filter: (sbtest5.id between 7665281 and 7665381)  (cost=20.6 rows=101)
    -> Covering index range scan on sbtest5 using PRIMARY over (7665281 <= id <= 7665381)  (cost=20.6 rows=101)


table 6 : explain SELECT id FROM sbtest6 WHERE id BETWEEN 7665281 AND 7665381
	-> Filter: (sbtest6.id between 7665281 and 7665381)  (cost=20.6 rows=101)
    -> Covering index range scan on sbtest6 using PRIMARY over (7665281 <= id <= 7665381)  (cost=20.6 rows=101)


table 7 : explain SELECT id FROM sbtest7 WHERE id BETWEEN 7665281 AND 7665381
	-> Filter: (sbtest7.id between 7665281 and 7665381)  (cost=20.6 rows=101)
    -> Covering index range scan on sbtest7 using PRIMARY over (7665281 <= id <= 7665381)  (cost=20.6 rows=101)


table 8 : explain SELECT id FROM sbtest8 WHERE id BETWEEN 7665281 AND 7665381
	-> Filter: (sbtest8.id between 7665281 and 7665381)  (cost=20.6 rows=101)
    -> Covering index range scan on sbtest8 using PRIMARY over (7665281 <= id <= 7665381)  (cost=20.6 rows=101)


for range-covered
table 1 : explain SELECT id FROM sbtest1 WHERE id BETWEEN 1893473 AND 1893573
	-> Filter: (sbtest1.id between 1893473 and 1893573)  (cost=20.6 rows=101)
    -> Covering index range scan on sbtest1 using PRIMARY over (1893473 <= id <= 1893573)  (cost=20.6 rows=101)


table 2 : explain SELECT id FROM sbtest2 WHERE id BETWEEN 1893473 AND 1893573
	-> Filter: (sbtest2.id between 1893473 and 1893573)  (cost=20.6 rows=101)
    -> Covering index range scan on sbtest2 using PRIMARY over (1893473 <= id <= 1893573)  (cost=20.6 rows=101)


table 3 : explain SELECT id FROM sbtest3 WHERE id BETWEEN 1893473 AND 1893573
	-> Filter: (sbtest3.id between 1893473 and 1893573)  (cost=20.6 rows=101)
    -> Covering index range scan on sbtest3 using PRIMARY over (1893473 <= id <= 1893573)  (cost=20.6 rows=101)


table 4 : explain SELECT id FROM sbtest4 WHERE id BETWEEN 1893473 AND 1893573
	-> Filter: (sbtest4.id between 1893473 and 1893573)  (cost=20.6 rows=101)
    -> Covering index range scan on sbtest4 using PRIMARY over (1893473 <= id <= 1893573)  (cost=20.6 rows=101)


table 5 : explain SELECT id FROM sbtest5 WHERE id BETWEEN 1893473 AND 1893573
	-> Filter: (sbtest5.id between 1893473 and 1893573)  (cost=20.6 rows=101)
    -> Covering index range scan on sbtest5 using PRIMARY over (1893473 <= id <= 1893573)  (cost=20.6 rows=101)


table 6 : explain SELECT id FROM sbtest6 WHERE id BETWEEN 1893473 AND 1893573
	-> Filter: (sbtest6.id between 1893473 and 1893573)  (cost=20.6 rows=101)
    -> Covering index range scan on sbtest6 using PRIMARY over (1893473 <= id <= 1893573)  (cost=20.6 rows=101)


table 7 : explain SELECT id FROM sbtest7 WHERE id BETWEEN 1893473 AND 1893573
	-> Filter: (sbtest7.id between 1893473 and 1893573)  (cost=20.6 rows=101)
    -> Covering index range scan on sbtest7 using PRIMARY over (1893473 <= id <= 1893573)  (cost=20.6 rows=101)


table 8 : explain SELECT id FROM sbtest8 WHERE id BETWEEN 1893473 AND 1893573
	-> Filter: (sbtest8.id between 1893473 and 1893573)  (cost=20.6 rows=101)
    -> Covering index range scan on sbtest8 using PRIMARY over (1893473 <= id <= 1893573)  (cost=20.6 rows=101)


for range-covered
table 1 : explain SELECT id FROM sbtest1 WHERE id BETWEEN 5687401 AND 5687501
	-> Filter: (sbtest1.id between 5687401 and 5687501)  (cost=20.6 rows=101)
    -> Covering index range scan on sbtest1 using PRIMARY over (5687401 <= id <= 5687501)  (cost=20.6 rows=101)


table 2 : explain SELECT id FROM sbtest2 WHERE id BETWEEN 5687401 AND 5687501
	-> Filter: (sbtest2.id between 5687401 and 5687501)  (cost=20.6 rows=101)
    -> Covering index range scan on sbtest2 using PRIMARY over (5687401 <= id <= 5687501)  (cost=20.6 rows=101)


table 3 : explain SELECT id FROM sbtest3 WHERE id BETWEEN 5687401 AND 5687501
	-> Filter: (sbtest3.id between 5687401 and 5687501)  (cost=20.6 rows=101)
    -> Covering index range scan on sbtest3 using PRIMARY over (5687401 <= id <= 5687501)  (cost=20.6 rows=101)


table 4 : explain SELECT id FROM sbtest4 WHERE id BETWEEN 5687401 AND 5687501
	-> Filter: (sbtest4.id between 5687401 and 5687501)  (cost=20.6 rows=101)
    -> Covering index range scan on sbtest4 using PRIMARY over (5687401 <= id <= 5687501)  (cost=20.6 rows=101)


table 5 : explain SELECT id FROM sbtest5 WHERE id BETWEEN 5687401 AND 5687501
	-> Filter: (sbtest5.id between 5687401 and 5687501)  (cost=20.6 rows=101)
    -> Covering index range scan on sbtest5 using PRIMARY over (5687401 <= id <= 5687501)  (cost=20.6 rows=101)


table 6 : explain SELECT id FROM sbtest6 WHERE id BETWEEN 5687401 AND 5687501
	-> Filter: (sbtest6.id between 5687401 and 5687501)  (cost=20.6 rows=101)
    -> Covering index range scan on sbtest6 using PRIMARY over (5687401 <= id <= 5687501)  (cost=20.6 rows=101)


table 7 : explain SELECT id FROM sbtest7 WHERE id BETWEEN 5687401 AND 5687501
	-> Filter: (sbtest7.id between 5687401 and 5687501)  (cost=20.6 rows=101)
    -> Covering index range scan on sbtest7 using PRIMARY over (5687401 <= id <= 5687501)  (cost=20.6 rows=101)


table 8 : explain SELECT id FROM sbtest8 WHERE id BETWEEN 5687401 AND 5687501
	-> Filter: (sbtest8.id between 5687401 and 5687501)  (cost=20.6 rows=101)
    -> Covering index range scan on sbtest8 using PRIMARY over (5687401 <= id <= 5687501)  (cost=20.6 rows=101)


for range-covered
table 1 : explain SELECT id FROM sbtest1 WHERE id BETWEEN 3869178 AND 3869278
	-> Filter: (sbtest1.id between 3869178 and 3869278)  (cost=20.6 rows=101)
    -> Covering index range scan on sbtest1 using PRIMARY over (3869178 <= id <= 3869278)  (cost=20.6 rows=101)


table 2 : explain SELECT id FROM sbtest2 WHERE id BETWEEN 3869178 AND 3869278
	-> Filter: (sbtest2.id between 3869178 and 3869278)  (cost=20.6 rows=101)
    -> Covering index range scan on sbtest2 using PRIMARY over (3869178 <= id <= 3869278)  (cost=20.6 rows=101)


table 3 : explain SELECT id FROM sbtest3 WHERE id BETWEEN 3869178 AND 3869278
	-> Filter: (sbtest3.id between 3869178 and 3869278)  (cost=20.6 rows=101)
    -> Covering index range scan on sbtest3 using PRIMARY over (3869178 <= id <= 3869278)  (cost=20.6 rows=101)


table 4 : explain SELECT id FROM sbtest4 WHERE id BETWEEN 3869178 AND 3869278
	-> Filter: (sbtest4.id between 3869178 and 3869278)  (cost=20.6 rows=101)
    -> Covering index range scan on sbtest4 using PRIMARY over (3869178 <= id <= 3869278)  (cost=20.6 rows=101)


table 5 : explain SELECT id FROM sbtest5 WHERE id BETWEEN 3869178 AND 3869278
	-> Filter: (sbtest5.id between 3869178 and 3869278)  (cost=20.6 rows=101)
    -> Covering index range scan on sbtest5 using PRIMARY over (3869178 <= id <= 3869278)  (cost=20.6 rows=101)


table 6 : explain SELECT id FROM sbtest6 WHERE id BETWEEN 3869178 AND 3869278
	-> Filter: (sbtest6.id between 3869178 and 3869278)  (cost=20.6 rows=101)
    -> Covering index range scan on sbtest6 using PRIMARY over (3869178 <= id <= 3869278)  (cost=20.6 rows=101)


table 7 : explain SELECT id FROM sbtest7 WHERE id BETWEEN 3869178 AND 3869278
	-> Filter: (sbtest7.id between 3869178 and 3869278)  (cost=20.6 rows=101)
    -> Covering index range scan on sbtest7 using PRIMARY over (3869178 <= id <= 3869278)  (cost=20.6 rows=101)


table 8 : explain SELECT id FROM sbtest8 WHERE id BETWEEN 3869178 AND 3869278
	-> Filter: (sbtest8.id between 3869178 and 3869278)  (cost=20.6 rows=101)
    -> Covering index range scan on sbtest8 using PRIMARY over (3869178 <= id <= 3869278)  (cost=20.6 rows=101)


explain: for range-covered :: explain SELECT id FROM sbtest%d WHERE id BETWEEN 5590836 AND 5590936explain: for range-covered :: explain SELECT id FROM sbtest%d WHERE id BETWEEN 3468232 AND 3468332
for range-covered
table 1 : explain SELECT id FROM sbtest1 WHERE id BETWEEN 2178991 AND 2179091
	-> Filter: (sbtest1.id between 2178991 and 2179091)  (cost=20.6 rows=101)
    -> Covering index range scan on sbtest1 using PRIMARY over (2178991 <= id <= 2179091)  (cost=20.6 rows=101)


table 2 : explain SELECT id FROM sbtest2 WHERE id BETWEEN 2178991 AND 2179091
	-> Filter: (sbtest2.id between 2178991 and 2179091)  (cost=20.6 rows=101)
    -> Covering index range scan on sbtest2 using PRIMARY over (2178991 <= id <= 2179091)  (cost=20.6 rows=101)


table 3 : explain SELECT id FROM sbtest3 WHERE id BETWEEN 2178991 AND 2179091
	-> Filter: (sbtest3.id between 2178991 and 2179091)  (cost=20.6 rows=101)
    -> Covering index range scan on sbtest3 using PRIMARY over (2178991 <= id <= 2179091)  (cost=20.6 rows=101)


table 4 : explain SELECT id FROM sbtest4 WHERE id BETWEEN 2178991 AND 2179091
	-> Filter: (sbtest4.id between 2178991 and 2179091)  (cost=20.6 rows=101)
    -> Covering index range scan on sbtest4 using PRIMARY over (2178991 <= id <= 2179091)  (cost=20.6 rows=101)


table 5 : explain SELECT id FROM sbtest5 WHERE id BETWEEN 2178991 AND 2179091
	-> Filter: (sbtest5.id between 2178991 and 2179091)  (cost=20.6 rows=101)
    -> Covering index range scan on sbtest5 using PRIMARY over (2178991 <= id <= 2179091)  (cost=20.6 rows=101)


table 6 : explain SELECT id FROM sbtest6 WHERE id BETWEEN 2178991 AND 2179091
	-> Filter: (sbtest6.id between 2178991 and 2179091)  (cost=20.6 rows=101)
    -> Covering index range scan on sbtest6 using PRIMARY over (2178991 <= id <= 2179091)  (cost=20.6 rows=101)


table 7 : explain SELECT id FROM sbtest7 WHERE id BETWEEN 2178991 AND 2179091
	-> Filter: (sbtest7.id between 2178991 and 2179091)  (cost=20.6 rows=101)
    -> Covering index range scan on sbtest7 using PRIMARY over (2178991 <= id <= 2179091)  (cost=20.6 rows=101)


table 8 : explain SELECT id FROM sbtest8 WHERE id BETWEEN 2178991 AND 2179091
	-> Filter: (sbtest8.id between 2178991 and 2179091)  (cost=20.6 rows=101)
    -> Covering index range scan on sbtest8 using PRIMARY over (2178991 <= id <= 2179091)  (cost=20.6 rows=101)



for range-covered
table 1 : explain SELECT id FROM sbtest1 WHERE id BETWEEN 1050546 AND 1050646
	-> Filter: (sbtest1.id between 1050546 and 1050646)  (cost=20.6 rows=101)
    -> Covering index range scan on sbtest1 using PRIMARY over (1050546 <= id <= 1050646)  (cost=20.6 rows=101)


table 2 : explain SELECT id FROM sbtest2 WHERE id BETWEEN 1050546 AND 1050646
	-> Filter: (sbtest2.id between 1050546 and 1050646)  (cost=20.6 rows=101)
    -> Covering index range scan on sbtest2 using PRIMARY over (1050546 <= id <= 1050646)  (cost=20.6 rows=101)


table 3 : explain SELECT id FROM sbtest3 WHERE id BETWEEN 1050546 AND 1050646
	-> Filter: (sbtest3.id between 1050546 and 1050646)  (cost=20.6 rows=101)
    -> Covering index range scan on sbtest3 using PRIMARY over (1050546 <= id <= 1050646)  (cost=20.6 rows=101)


table 4 : explain SELECT id FROM sbtest4 WHERE id BETWEEN 1050546 AND 1050646
	-> Filter: (sbtest4.id between 1050546 and 1050646)  (cost=20.6 rows=101)
    -> Covering index range scan on sbtest4 using PRIMARY over (1050546 <= id <= 1050646)  (cost=20.6 rows=101)


table 5 : explain SELECT id FROM sbtest5 WHERE id BETWEEN 1050546 AND 1050646
	-> Filter: (sbtest5.id between 1050546 and 1050646)  (cost=20.6 rows=101)
    -> Covering index range scan on sbtest5 using PRIMARY over (1050546 <= id <= 1050646)  (cost=20.6 rows=101)


table 6 : explain SELECT id FROM sbtest6 WHERE id BETWEEN 1050546 AND 1050646
	-> Filter: (sbtest6.id between 1050546 and 1050646)  (cost=20.6 rows=101)
    -> Covering index range scan on sbtest6 using PRIMARY over (1050546 <= id <= 1050646)  (cost=20.6 rows=101)


table 7 : explain SELECT id FROM sbtest7 WHERE id BETWEEN 1050546 AND 1050646
	-> Filter: (sbtest7.id between 1050546 and 1050646)  (cost=20.6 rows=101)
    -> Covering index range scan on sbtest7 using PRIMARY over (1050546 <= id <= 1050646)  (cost=20.6 rows=101)


table 8 : explain SELECT id FROM sbtest8 WHERE id BETWEEN 1050546 AND 1050646
	-> Filter: (sbtest8.id between 1050546 and 1050646)  (cost=20.6 rows=101)
    -> Covering index range scan on sbtest8 using PRIMARY over (1050546 <= id <= 1050646)  (cost=20.6 rows=101)


explain: for range-covered :: explain SELECT id FROM sbtest%d WHERE id BETWEEN 5021943 AND 5022043
for range-covered
table 1 : explain SELECT id FROM sbtest1 WHERE id BETWEEN 4863833 AND 4863933
	-> Filter: (sbtest1.id between 4863833 and 4863933)  (cost=20.6 rows=101)
    -> Covering index range scan on sbtest1 using PRIMARY over (4863833 <= id <= 4863933)  (cost=20.6 rows=101)


table 2 : explain SELECT id FROM sbtest2 WHERE id BETWEEN 4863833 AND 4863933
	-> Filter: (sbtest2.id between 4863833 and 4863933)  (cost=20.6 rows=101)
    -> Covering index range scan on sbtest2 using PRIMARY over (4863833 <= id <= 4863933)  (cost=20.6 rows=101)


table 3 : explain SELECT id FROM sbtest3 WHERE id BETWEEN 4863833 AND 4863933
	-> Filter: (sbtest3.id between 4863833 and 4863933)  (cost=20.6 rows=101)
    -> Covering index range scan on sbtest3 using PRIMARY over (4863833 <= id <= 4863933)  (cost=20.6 rows=101)


table 4 : explain SELECT id FROM sbtest4 WHERE id BETWEEN 4863833 AND 4863933
	-> Filter: (sbtest4.id between 4863833 and 4863933)  (cost=20.6 rows=101)
    -> Covering index range scan on sbtest4 using PRIMARY over (4863833 <= id <= 4863933)  (cost=20.6 rows=101)


table 5 : explain SELECT id FROM sbtest5 WHERE id BETWEEN 4863833 AND 4863933
	-> Filter: (sbtest5.id between 4863833 and 4863933)  (cost=20.6 rows=101)
    -> Covering index range scan on sbtest5 using PRIMARY over (4863833 <= id <= 4863933)  (cost=20.6 rows=101)


table 6 : explain SELECT id FROM sbtest6 WHERE id BETWEEN 4863833 AND 4863933
	-> Filter: (sbtest6.id between 4863833 and 4863933)  (cost=20.6 rows=101)
    -> Covering index range scan on sbtest6 using PRIMARY over (4863833 <= id <= 4863933)  (cost=20.6 rows=101)


table 7 : explain SELECT id FROM sbtest7 WHERE id BETWEEN 4863833 AND 4863933
	-> Filter: (sbtest7.id between 4863833 and 4863933)  (cost=20.6 rows=101)
    -> Covering index range scan on sbtest7 using PRIMARY over (4863833 <= id <= 4863933)  (cost=20.6 rows=101)


table 8 : explain SELECT id FROM sbtest8 WHERE id BETWEEN 4863833 AND 4863933
	-> Filter: (sbtest8.id between 4863833 and 4863933)  (cost=20.6 rows=101)
    -> Covering index range scan on sbtest8 using PRIMARY over (4863833 <= id <= 4863933)  (cost=20.6 rows=101)


for range-covered
table 1 : explain SELECT id FROM sbtest1 WHERE id BETWEEN 7505176 AND 7505276
	-> Filter: (sbtest1.id between 7505176 and 7505276)  (cost=20.6 rows=101)
    -> Covering index range scan on sbtest1 using PRIMARY over (7505176 <= id <= 7505276)  (cost=20.6 rows=101)


table 2 : explain SELECT id FROM sbtest2 WHERE id BETWEEN 7505176 AND 7505276
	-> Filter: (sbtest2.id between 7505176 and 7505276)  (cost=20.6 rows=101)
    -> Covering index range scan on sbtest2 using PRIMARY over (7505176 <= id <= 7505276)  (cost=20.6 rows=101)


table 3 : explain SELECT id FROM sbtest3 WHERE id BETWEEN 7505176 AND 7505276
	-> Filter: (sbtest3.id between 7505176 and 7505276)  (cost=20.6 rows=101)
    -> Covering index range scan on sbtest3 using PRIMARY over (7505176 <= id <= 7505276)  (cost=20.6 rows=101)


table 4 : explain SELECT id FROM sbtest4 WHERE id BETWEEN 7505176 AND 7505276
	-> Filter: (sbtest4.id between 7505176 and 7505276)  (cost=20.6 rows=101)
    -> Covering index range scan on sbtest4 using PRIMARY over (7505176 <= id <= 7505276)  (cost=20.6 rows=101)


table 5 : explain SELECT id FROM sbtest5 WHERE id BETWEEN 7505176 AND 7505276
	-> Filter: (sbtest5.id between 7505176 and 7505276)  (cost=20.6 rows=101)
    -> Covering index range scan on sbtest5 using PRIMARY over (7505176 <= id <= 7505276)  (cost=20.6 rows=101)


table 6 : explain SELECT id FROM sbtest6 WHERE id BETWEEN 7505176 AND 7505276
	-> Filter: (sbtest6.id between 7505176 and 7505276)  (cost=20.6 rows=101)
    -> Covering index range scan on sbtest6 using PRIMARY over (7505176 <= id <= 7505276)  (cost=20.6 rows=101)


table 7 : explain SELECT id FROM sbtest7 WHERE id BETWEEN 7505176 AND 7505276
	-> Filter: (sbtest7.id between 7505176 and 7505276)  (cost=20.6 rows=101)
    -> Covering index range scan on sbtest7 using PRIMARY over (7505176 <= id <= 7505276)  (cost=20.6 rows=101)


table 8 : explain SELECT id FROM sbtest8 WHERE id BETWEEN 7505176 AND 7505276
	-> Filter: (sbtest8.id between 7505176 and 7505276)  (cost=20.6 rows=101)
    -> Covering index range scan on sbtest8 using PRIMARY over (7505176 <= id <= 7505276)  (cost=20.6 rows=101)

for range-covered
table 1 : explain SELECT id FROM sbtest1 WHERE id BETWEEN 3631501 AND 3631601
	-> Filter: (sbtest1.id between 3631501 and 3631601)  (cost=20.6 rows=101)
    -> Covering index range scan on sbtest1 using PRIMARY over (3631501 <= id <= 3631601)  (cost=20.6 rows=101)


table 2 : explain SELECT id FROM sbtest2 WHERE id BETWEEN 3631501 AND 3631601
	-> Filter: (sbtest2.id between 3631501 and 3631601)  (cost=20.6 rows=101)
    -> Covering index range scan on sbtest2 using PRIMARY over (3631501 <= id <= 3631601)  (cost=20.6 rows=101)


table 3 : explain SELECT id FROM sbtest3 WHERE id BETWEEN 3631501 AND 3631601
	-> Filter: (sbtest3.id between 3631501 and 3631601)  (cost=20.6 rows=101)
    -> Covering index range scan on sbtest3 using PRIMARY over (3631501 <= id <= 3631601)  (cost=20.6 rows=101)


table 4 : explain SELECT id FROM sbtest4 WHERE id BETWEEN 3631501 AND 3631601
	-> Filter: (sbtest4.id between 3631501 and 3631601)  (cost=20.6 rows=101)
    -> Covering index range scan on sbtest4 using PRIMARY over (3631501 <= id <= 3631601)  (cost=20.6 rows=101)


table 5 : explain SELECT id FROM sbtest5 WHERE id BETWEEN 3631501 AND 3631601
	-> Filter: (sbtest5.id between 3631501 and 3631601)  (cost=20.6 rows=101)
    -> Covering index range scan on sbtest5 using PRIMARY over (3631501 <= id <= 3631601)  (cost=20.6 rows=101)


table 6 : explain SELECT id FROM sbtest6 WHERE id BETWEEN 3631501 AND 3631601
	-> Filter: (sbtest6.id between 3631501 and 3631601)  (cost=20.6 rows=101)
    -> Covering index range scan on sbtest6 using PRIMARY over (3631501 <= id <= 3631601)  (cost=20.6 rows=101)


table 7 : explain SELECT id FROM sbtest7 WHERE id BETWEEN 3631501 AND 3631601
	-> Filter: (sbtest7.id between 3631501 and 3631601)  (cost=20.6 rows=101)
    -> Covering index range scan on sbtest7 using PRIMARY over (3631501 <= id <= 3631601)  (cost=20.6 rows=101)


table 8 : explain SELECT id FROM sbtest8 WHERE id BETWEEN 3631501 AND 3631601
	-> Filter: (sbtest8.id between 3631501 and 3631601)  (cost=20.6 rows=101)
    -> Covering index range scan on sbtest8 using PRIMARY over (3631501 <= id <= 3631601)  (cost=20.6 rows=101)


explain: for range-covered :: explain SELECT id FROM sbtest%d WHERE id BETWEEN 1893473 AND 1893573explain: for range-covered :: explain SELECT id FROM sbtest%d WHERE id BETWEEN 2178991 AND 2179091
for range-covered
table 1 : explain SELECT id FROM sbtest1 WHERE id BETWEEN 4390786 AND 4390886
	-> Filter: (sbtest1.id between 4390786 and 4390886)  (cost=20.6 rows=101)
    -> Covering index range scan on sbtest1 using PRIMARY over (4390786 <= id <= 4390886)  (cost=20.6 rows=101)


table 2 : explain SELECT id FROM sbtest2 WHERE id BETWEEN 4390786 AND 4390886
	-> Filter: (sbtest2.id between 4390786 and 4390886)  (cost=20.6 rows=101)
    -> Covering index range scan on sbtest2 using PRIMARY over (4390786 <= id <= 4390886)  (cost=20.6 rows=101)


table 3 : explain SELECT id FROM sbtest3 WHERE id BETWEEN 4390786 AND 4390886
	-> Filter: (sbtest3.id between 4390786 and 4390886)  (cost=20.6 rows=101)
    -> Covering index range scan on sbtest3 using PRIMARY over (4390786 <= id <= 4390886)  (cost=20.6 rows=101)


table 4 : explain SELECT id FROM sbtest4 WHERE id BETWEEN 4390786 AND 4390886
	-> Filter: (sbtest4.id between 4390786 and 4390886)  (cost=20.6 rows=101)
    -> Covering index range scan on sbtest4 using PRIMARY over (4390786 <= id <= 4390886)  (cost=20.6 rows=101)


table 5 : explain SELECT id FROM sbtest5 WHERE id BETWEEN 4390786 AND 4390886
	-> Filter: (sbtest5.id between 4390786 and 4390886)  (cost=20.6 rows=101)
    -> Covering index range scan on sbtest5 using PRIMARY over (4390786 <= id <= 4390886)  (cost=20.6 rows=101)


table 6 : explain SELECT id FROM sbtest6 WHERE id BETWEEN 4390786 AND 4390886
	-> Filter: (sbtest6.id between 4390786 and 4390886)  (cost=20.6 rows=101)
    -> Covering index range scan on sbtest6 using PRIMARY over (4390786 <= id <= 4390886)  (cost=20.6 rows=101)


table 7 : explain SELECT id FROM sbtest7 WHERE id BETWEEN 4390786 AND 4390886
	-> Filter: (sbtest7.id between 4390786 and 4390886)  (cost=20.6 rows=101)
    -> Covering index range scan on sbtest7 using PRIMARY over (4390786 <= id <= 4390886)  (cost=20.6 rows=101)


table 8 : explain SELECT id FROM sbtest8 WHERE id BETWEEN 4390786 AND 4390886
	-> Filter: (sbtest8.id between 4390786 and 4390886)  (cost=20.6 rows=101)
    -> Covering index range scan on sbtest8 using PRIMARY over (4390786 <= id <= 4390886)  (cost=20.6 rows=101)


explain: for range-covered :: explain SELECT id FROM sbtest%d WHERE id BETWEEN 5687401 AND 5687501
explain: for range-covered :: explain SELECT id FROM sbtest%d WHERE id BETWEEN 1050546 AND 1050646
for range-covered
table 1 : explain SELECT id FROM sbtest1 WHERE id BETWEEN 4991619 AND 4991719
	-> Filter: (sbtest1.id between 4991619 and 4991719)  (cost=20.6 rows=101)
    -> Covering index range scan on sbtest1 using PRIMARY over (4991619 <= id <= 4991719)  (cost=20.6 rows=101)


table 2 : explain SELECT id FROM sbtest2 WHERE id BETWEEN 4991619 AND 4991719
	-> Filter: (sbtest2.id between 4991619 and 4991719)  (cost=20.6 rows=101)
    -> Covering index range scan on sbtest2 using PRIMARY over (4991619 <= id <= 4991719)  (cost=20.6 rows=101)


table 3 : explain SELECT id FROM sbtest3 WHERE id BETWEEN 4991619 AND 4991719
	-> Filter: (sbtest3.id between 4991619 and 4991719)  (cost=20.6 rows=101)
    -> Covering index range scan on sbtest3 using PRIMARY over (4991619 <= id <= 4991719)  (cost=20.6 rows=101)


table 4 : explain SELECT id FROM sbtest4 WHERE id BETWEEN 4991619 AND 4991719
	-> Filter: (sbtest4.id between 4991619 and 4991719)  (cost=20.6 rows=101)
    -> Covering index range scan on sbtest4 using PRIMARY over (4991619 <= id <= 4991719)  (cost=20.6 rows=101)


table 5 : explain SELECT id FROM sbtest5 WHERE id BETWEEN 4991619 AND 4991719
	-> Filter: (sbtest5.id between 4991619 and 4991719)  (cost=20.6 rows=101)
    -> Covering index range scan on sbtest5 using PRIMARY over (4991619 <= id <= 4991719)  (cost=20.6 rows=101)


table 6 : explain SELECT id FROM sbtest6 WHERE id BETWEEN 4991619 AND 4991719
	-> Filter: (sbtest6.id between 4991619 and 4991719)  (cost=20.6 rows=101)
    -> Covering index range scan on sbtest6 using PRIMARY over (4991619 <= id <= 4991719)  (cost=20.6 rows=101)


table 7 : explain SELECT id FROM sbtest7 WHERE id BETWEEN 4991619 AND 4991719
	-> Filter: (sbtest7.id between 4991619 and 4991719)  (cost=20.6 rows=101)
    -> Covering index range scan on sbtest7 using PRIMARY over (4991619 <= id <= 4991719)  (cost=20.6 rows=101)


table 8 : explain SELECT id FROM sbtest8 WHERE id BETWEEN 4991619 AND 4991719
	-> Filter: (sbtest8.id between 4991619 and 4991719)  (cost=20.6 rows=101)
    -> Covering index range scan on sbtest8 using PRIMARY over (4991619 <= id <= 4991719)  (cost=20.6 rows=101)


explain: for range-covered :: explain SELECT id FROM sbtest%d WHERE id BETWEEN 3869178 AND 3869278
explain: for range-covered :: explain SELECT id FROM sbtest%d WHERE id BETWEEN 7665281 AND 7665381

explain: for range-covered :: explain SELECT id FROM sbtest%d WHERE id BETWEEN 4863833 AND 4863933

explain: for range-covered :: explain SELECT id FROM sbtest%d WHERE id BETWEEN 3631501 AND 3631601
for range-covered
table 1 : explain SELECT id FROM sbtest1 WHERE id BETWEEN 4472526 AND 4472626
	-> Filter: (sbtest1.id between 4472526 and 4472626)  (cost=20.6 rows=101)
    -> Covering index range scan on sbtest1 using PRIMARY over (4472526 <= id <= 4472626)  (cost=20.6 rows=101)


table 2 : explain SELECT id FROM sbtest2 WHERE id BETWEEN 4472526 AND 4472626
	-> Filter: (sbtest2.id between 4472526 and 4472626)  (cost=20.6 rows=101)
    -> Covering index range scan on sbtest2 using PRIMARY over (4472526 <= id <= 4472626)  (cost=20.6 rows=101)


table 3 : explain SELECT id FROM sbtest3 WHERE id BETWEEN 4472526 AND 4472626
	-> Filter: (sbtest3.id between 4472526 and 4472626)  (cost=20.6 rows=101)
    -> Covering index range scan on sbtest3 using PRIMARY over (4472526 <= id <= 4472626)  (cost=20.6 rows=101)


table 4 : explain SELECT id FROM sbtest4 WHERE id BETWEEN 4472526 AND 4472626
	-> Filter: (sbtest4.id between 4472526 and 4472626)  (cost=20.6 rows=101)
    -> Covering index range scan on sbtest4 using PRIMARY over (4472526 <= id <= 4472626)  (cost=20.6 rows=101)


table 5 : explain SELECT id FROM sbtest5 WHERE id BETWEEN 4472526 AND 4472626
	-> Filter: (sbtest5.id between 4472526 and 4472626)  (cost=20.6 rows=101)
    -> Covering index range scan on sbtest5 using PRIMARY over (4472526 <= id <= 4472626)  (cost=20.6 rows=101)


table 6 : explain SELECT id FROM sbtest6 WHERE id BETWEEN 4472526 AND 4472626
	-> Filter: (sbtest6.id between 4472526 and 4472626)  (cost=20.6 rows=101)
    -> Covering index range scan on sbtest6 using PRIMARY over (4472526 <= id <= 4472626)  (cost=20.6 rows=101)


table 7 : explain SELECT id FROM sbtest7 WHERE id BETWEEN 4472526 AND 4472626
	-> Filter: (sbtest7.id between 4472526 and 4472626)  (cost=20.6 rows=101)
    -> Covering index range scan on sbtest7 using PRIMARY over (4472526 <= id <= 4472626)  (cost=20.6 rows=101)


table 8 : explain SELECT id FROM sbtest8 WHERE id BETWEEN 4472526 AND 4472626
	-> Filter: (sbtest8.id between 4472526 and 4472626)  (cost=20.6 rows=101)
    -> Covering index range scan on sbtest8 using PRIMARY over (4472526 <= id <= 4472626)  (cost=20.6 rows=101)

for range-covered
table 1 : explain SELECT id FROM sbtest1 WHERE id BETWEEN 4333531 AND 4333631
	-> Filter: (sbtest1.id between 4333531 and 4333631)  (cost=20.6 rows=101)
    -> Covering index range scan on sbtest1 using PRIMARY over (4333531 <= id <= 4333631)  (cost=20.6 rows=101)


table 2 : explain SELECT id FROM sbtest2 WHERE id BETWEEN 4333531 AND 4333631
	-> Filter: (sbtest2.id between 4333531 and 4333631)  (cost=20.6 rows=101)
    -> Covering index range scan on sbtest2 using PRIMARY over (4333531 <= id <= 4333631)  (cost=20.6 rows=101)


table 3 : explain SELECT id FROM sbtest3 WHERE id BETWEEN 4333531 AND 4333631
	-> Filter: (sbtest3.id between 4333531 and 4333631)  (cost=20.6 rows=101)
    -> Covering index range scan on sbtest3 using PRIMARY over (4333531 <= id <= 4333631)  (cost=20.6 rows=101)


table 4 : explain SELECT id FROM sbtest4 WHERE id BETWEEN 4333531 AND 4333631
	-> Filter: (sbtest4.id between 4333531 and 4333631)  (cost=20.6 rows=101)
    -> Covering index range scan on sbtest4 using PRIMARY over (4333531 <= id <= 4333631)  (cost=20.6 rows=101)


table 5 : explain SELECT id FROM sbtest5 WHERE id BETWEEN 4333531 AND 4333631
	-> Filter: (sbtest5.id between 4333531 and 4333631)  (cost=20.6 rows=101)
    -> Covering index range scan on sbtest5 using PRIMARY over (4333531 <= id <= 4333631)  (cost=20.6 rows=101)


table 6 : explain SELECT id FROM sbtest6 WHERE id BETWEEN 4333531 AND 4333631
	-> Filter: (sbtest6.id between 4333531 and 4333631)  (cost=20.6 rows=101)
    -> Covering index range scan on sbtest6 using PRIMARY over (4333531 <= id <= 4333631)  (cost=20.6 rows=101)


table 7 : explain SELECT id FROM sbtest7 WHERE id BETWEEN 4333531 AND 4333631
	-> Filter: (sbtest7.id between 4333531 and 4333631)  (cost=20.6 rows=101)
    -> Covering index range scan on sbtest7 using PRIMARY over (4333531 <= id <= 4333631)  (cost=20.6 rows=101)


table 8 : explain SELECT id FROM sbtest8 WHERE id BETWEEN 4333531 AND 4333631
	-> Filter: (sbtest8.id between 4333531 and 4333631)  (cost=20.6 rows=101)
    -> Covering index range scan on sbtest8 using PRIMARY over (4333531 <= id <= 4333631)  (cost=20.6 rows=101)


for range-covered
table 1 : explain SELECT id FROM sbtest1 WHERE id BETWEEN 4749092 AND 4749192
	-> Filter: (sbtest1.id between 4749092 and 4749192)  (cost=20.6 rows=101)
    -> Covering index range scan on sbtest1 using PRIMARY over (4749092 <= id <= 4749192)  (cost=20.6 rows=101)


table 2 : explain SELECT id FROM sbtest2 WHERE id BETWEEN 4749092 AND 4749192
	-> Filter: (sbtest2.id between 4749092 and 4749192)  (cost=20.6 rows=101)
    -> Covering index range scan on sbtest2 using PRIMARY over (4749092 <= id <= 4749192)  (cost=20.6 rows=101)


table 3 : explain SELECT id FROM sbtest3 WHERE id BETWEEN 4749092 AND 4749192
	-> Filter: (sbtest3.id between 4749092 and 4749192)  (cost=20.6 rows=101)
    -> Covering index range scan on sbtest3 using PRIMARY over (4749092 <= id <= 4749192)  (cost=20.6 rows=101)


table 4 : explain SELECT id FROM sbtest4 WHERE id BETWEEN 4749092 AND 4749192
	-> Filter: (sbtest4.id between 4749092 and 4749192)  (cost=20.6 rows=101)
    -> Covering index range scan on sbtest4 using PRIMARY over (4749092 <= id <= 4749192)  (cost=20.6 rows=101)


table 5 : explain SELECT id FROM sbtest5 WHERE id BETWEEN 4749092 AND 4749192
	-> Filter: (sbtest5.id between 4749092 and 4749192)  (cost=20.6 rows=101)
    -> Covering index range scan on sbtest5 using PRIMARY over (4749092 <= id <= 4749192)  (cost=20.6 rows=101)


table 6 : explain SELECT id FROM sbtest6 WHERE id BETWEEN 4749092 AND 4749192
	-> Filter: (sbtest6.id between 4749092 and 4749192)  (cost=20.6 rows=101)
    -> Covering index range scan on sbtest6 using PRIMARY over (4749092 <= id <= 4749192)  (cost=20.6 rows=101)


table 7 : explain SELECT id FROM sbtest7 WHERE id BETWEEN 4749092 AND 4749192
	-> Filter: (sbtest7.id between 4749092 and 4749192)  (cost=20.6 rows=101)
    -> Covering index range scan on sbtest7 using PRIMARY over (4749092 <= id <= 4749192)  (cost=20.6 rows=101)


table 8 : explain SELECT id FROM sbtest8 WHERE id BETWEEN 4749092 AND 4749192
	-> Filter: (sbtest8.id between 4749092 and 4749192)  (cost=20.6 rows=101)
    -> Covering index range scan on sbtest8 using PRIMARY over (4749092 <= id <= 4749192)  (cost=20.6 rows=101)


for range-covered
table 1 : explain SELECT id FROM sbtest1 WHERE id BETWEEN 8026450 AND 8026550
	-> Filter: (sbtest1.id between 8026450 and 8026550)  (cost=20.6 rows=101)
    -> Covering index range scan on sbtest1 using PRIMARY over (8026450 <= id <= 8026550)  (cost=20.6 rows=101)


table 2 : explain SELECT id FROM sbtest2 WHERE id BETWEEN 8026450 AND 8026550
	-> Filter: (sbtest2.id between 8026450 and 8026550)  (cost=20.6 rows=101)
    -> Covering index range scan on sbtest2 using PRIMARY over (8026450 <= id <= 8026550)  (cost=20.6 rows=101)


table 3 : explain SELECT id FROM sbtest3 WHERE id BETWEEN 8026450 AND 8026550
	-> Filter: (sbtest3.id between 8026450 and 8026550)  (cost=20.6 rows=101)
    -> Covering index range scan on sbtest3 using PRIMARY over (8026450 <= id <= 8026550)  (cost=20.6 rows=101)


table 4 : explain SELECT id FROM sbtest4 WHERE id BETWEEN 8026450 AND 8026550
	-> Filter: (sbtest4.id between 8026450 and 8026550)  (cost=20.6 rows=101)
    -> Covering index range scan on sbtest4 using PRIMARY over (8026450 <= id <= 8026550)  (cost=20.6 rows=101)


table 5 : explain SELECT id FROM sbtest5 WHERE id BETWEEN 8026450 AND 8026550
	-> Filter: (sbtest5.id between 8026450 and 8026550)  (cost=20.6 rows=101)
    -> Covering index range scan on sbtest5 using PRIMARY over (8026450 <= id <= 8026550)  (cost=20.6 rows=101)


table 6 : explain SELECT id FROM sbtest6 WHERE id BETWEEN 8026450 AND 8026550
	-> Filter: (sbtest6.id between 8026450 and 8026550)  (cost=20.6 rows=101)
    -> Covering index range scan on sbtest6 using PRIMARY over (8026450 <= id <= 8026550)  (cost=20.6 rows=101)


table 7 : explain SELECT id FROM sbtest7 WHERE id BETWEEN 8026450 AND 8026550
	-> Filter: (sbtest7.id between 8026450 and 8026550)  (cost=20.6 rows=101)
    -> Covering index range scan on sbtest7 using PRIMARY over (8026450 <= id <= 8026550)  (cost=20.6 rows=101)


table 8 : explain SELECT id FROM sbtest8 WHERE id BETWEEN 8026450 AND 8026550
	-> Filter: (sbtest8.id between 8026450 and 8026550)  (cost=20.6 rows=101)
    -> Covering index range scan on sbtest8 using PRIMARY over (8026450 <= id <= 8026550)  (cost=20.6 rows=101)


for range-covered
table 1 : explain SELECT id FROM sbtest1 WHERE id BETWEEN 2322852 AND 2322952
	-> Filter: (sbtest1.id between 2322852 and 2322952)  (cost=20.6 rows=101)
    -> Covering index range scan on sbtest1 using PRIMARY over (2322852 <= id <= 2322952)  (cost=20.6 rows=101)


table 2 : explain SELECT id FROM sbtest2 WHERE id BETWEEN 2322852 AND 2322952
	-> Filter: (sbtest2.id between 2322852 and 2322952)  (cost=20.6 rows=101)
    -> Covering index range scan on sbtest2 using PRIMARY over (2322852 <= id <= 2322952)  (cost=20.6 rows=101)


table 3 : explain SELECT id FROM sbtest3 WHERE id BETWEEN 2322852 AND 2322952
	-> Filter: (sbtest3.id between 2322852 and 2322952)  (cost=20.6 rows=101)
    -> Covering index range scan on sbtest3 using PRIMARY over (2322852 <= id <= 2322952)  (cost=20.6 rows=101)


table 4 : explain SELECT id FROM sbtest4 WHERE id BETWEEN 2322852 AND 2322952
	-> Filter: (sbtest4.id between 2322852 and 2322952)  (cost=20.6 rows=101)
    -> Covering index range scan on sbtest4 using PRIMARY over (2322852 <= id <= 2322952)  (cost=20.6 rows=101)


table 5 : explain SELECT id FROM sbtest5 WHERE id BETWEEN 2322852 AND 2322952
	-> Filter: (sbtest5.id between 2322852 and 2322952)  (cost=20.6 rows=101)
    -> Covering index range scan on sbtest5 using PRIMARY over (2322852 <= id <= 2322952)  (cost=20.6 rows=101)


table 6 : explain SELECT id FROM sbtest6 WHERE id BETWEEN 2322852 AND 2322952
	-> Filter: (sbtest6.id between 2322852 and 2322952)  (cost=20.6 rows=101)
    -> Covering index range scan on sbtest6 using PRIMARY over (2322852 <= id <= 2322952)  (cost=20.6 rows=101)


table 7 : explain SELECT id FROM sbtest7 WHERE id BETWEEN 2322852 AND 2322952
	-> Filter: (sbtest7.id between 2322852 and 2322952)  (cost=20.6 rows=101)
    -> Covering index range scan on sbtest7 using PRIMARY over (2322852 <= id <= 2322952)  (cost=20.6 rows=101)


table 8 : explain SELECT id FROM sbtest8 WHERE id BETWEEN 2322852 AND 2322952
	-> Filter: (sbtest8.id between 2322852 and 2322952)  (cost=20.6 rows=101)
    -> Covering index range scan on sbtest8 using PRIMARY over (2322852 <= id <= 2322952)  (cost=20.6 rows=101)

for range-covered
table 1 : explain SELECT id FROM sbtest1 WHERE id BETWEEN 5440251 AND 5440351
	-> Filter: (sbtest1.id between 5440251 and 5440351)  (cost=20.6 rows=101)
    -> Covering index range scan on sbtest1 using PRIMARY over (5440251 <= id <= 5440351)  (cost=20.6 rows=101)


table 2 : explain SELECT id FROM sbtest2 WHERE id BETWEEN 5440251 AND 5440351
	-> Filter: (sbtest2.id between 5440251 and 5440351)  (cost=20.6 rows=101)
    -> Covering index range scan on sbtest2 using PRIMARY over (5440251 <= id <= 5440351)  (cost=20.6 rows=101)


table 3 : explain SELECT id FROM sbtest3 WHERE id BETWEEN 5440251 AND 5440351
	-> Filter: (sbtest3.id between 5440251 and 5440351)  (cost=20.6 rows=101)
    -> Covering index range scan on sbtest3 using PRIMARY over (5440251 <= id <= 5440351)  (cost=20.6 rows=101)


table 4 : explain SELECT id FROM sbtest4 WHERE id BETWEEN 5440251 AND 5440351
	-> Filter: (sbtest4.id between 5440251 and 5440351)  (cost=20.6 rows=101)
    -> Covering index range scan on sbtest4 using PRIMARY over (5440251 <= id <= 5440351)  (cost=20.6 rows=101)


table 5 : explain SELECT id FROM sbtest5 WHERE id BETWEEN 5440251 AND 5440351
	-> Filter: (sbtest5.id between 5440251 and 5440351)  (cost=20.6 rows=101)
    -> Covering index range scan on sbtest5 using PRIMARY over (5440251 <= id <= 5440351)  (cost=20.6 rows=101)


table 6 : explain SELECT id FROM sbtest6 WHERE id BETWEEN 5440251 AND 5440351
	-> Filter: (sbtest6.id between 5440251 and 5440351)  (cost=20.6 rows=101)
    -> Covering index range scan on sbtest6 using PRIMARY over (5440251 <= id <= 5440351)  (cost=20.6 rows=101)


table 7 : explain SELECT id FROM sbtest7 WHERE id BETWEEN 5440251 AND 5440351
	-> Filter: (sbtest7.id between 5440251 and 5440351)  (cost=20.6 rows=101)
    -> Covering index range scan on sbtest7 using PRIMARY over (5440251 <= id <= 5440351)  (cost=20.6 rows=101)


table 8 : explain SELECT id FROM sbtest8 WHERE id BETWEEN 5440251 AND 5440351
	-> Filter: (sbtest8.id between 5440251 and 5440351)  (cost=20.6 rows=101)
    -> Covering index range scan on sbtest8 using PRIMARY over (5440251 <= id <= 5440351)  (cost=20.6 rows=101)

explain: for range-covered :: explain SELECT id FROM sbtest%d WHERE id BETWEEN 4390786 AND 4390886for range-covered
table 1 : explain SELECT id FROM sbtest1 WHERE id BETWEEN 6708792 AND 6708892
	-> Filter: (sbtest1.id between 6708792 and 6708892)  (cost=20.6 rows=101)
    -> Covering index range scan on sbtest1 using PRIMARY over (6708792 <= id <= 6708892)  (cost=20.6 rows=101)


table 2 : explain SELECT id FROM sbtest2 WHERE id BETWEEN 6708792 AND 6708892
	-> Filter: (sbtest2.id between 6708792 and 6708892)  (cost=20.6 rows=101)
    -> Covering index range scan on sbtest2 using PRIMARY over (6708792 <= id <= 6708892)  (cost=20.6 rows=101)


table 3 : explain SELECT id FROM sbtest3 WHERE id BETWEEN 6708792 AND 6708892
	-> Filter: (sbtest3.id between 6708792 and 6708892)  (cost=20.6 rows=101)
    -> Covering index range scan on sbtest3 using PRIMARY over (6708792 <= id <= 6708892)  (cost=20.6 rows=101)


table 4 : explain SELECT id FROM sbtest4 WHERE id BETWEEN 6708792 AND 6708892
	-> Filter: (sbtest4.id between 6708792 and 6708892)  (cost=20.6 rows=101)
    -> Covering index range scan on sbtest4 using PRIMARY over (6708792 <= id <= 6708892)  (cost=20.6 rows=101)


table 5 : explain SELECT id FROM sbtest5 WHERE id BETWEEN 6708792 AND 6708892
	-> Filter: (sbtest5.id between 6708792 and 6708892)  (cost=20.6 rows=101)
    -> Covering index range scan on sbtest5 using PRIMARY over (6708792 <= id <= 6708892)  (cost=20.6 rows=101)


table 6 : explain SELECT id FROM sbtest6 WHERE id BETWEEN 6708792 AND 6708892
	-> Filter: (sbtest6.id between 6708792 and 6708892)  (cost=20.6 rows=101)
    -> Covering index range scan on sbtest6 using PRIMARY over (6708792 <= id <= 6708892)  (cost=20.6 rows=101)


table 7 : explain SELECT id FROM sbtest7 WHERE id BETWEEN 6708792 AND 6708892
	-> Filter: (sbtest7.id between 6708792 and 6708892)  (cost=20.6 rows=101)
    -> Covering index range scan on sbtest7 using PRIMARY over (6708792 <= id <= 6708892)  (cost=20.6 rows=101)


table 8 : explain SELECT id FROM sbtest8 WHERE id BETWEEN 6708792 AND 6708892
	-> Filter: (sbtest8.id between 6708792 and 6708892)  (cost=20.6 rows=101)
    -> Covering index range scan on sbtest8 using PRIMARY over (6708792 <= id <= 6708892)  (cost=20.6 rows=101)


for range-covered
table 1 : explain SELECT id FROM sbtest1 WHERE id BETWEEN 3409393 AND 3409493
	-> Filter: (sbtest1.id between 3409393 and 3409493)  (cost=20.6 rows=101)
    -> Covering index range scan on sbtest1 using PRIMARY over (3409393 <= id <= 3409493)  (cost=20.6 rows=101)


table 2 : explain SELECT id FROM sbtest2 WHERE id BETWEEN 3409393 AND 3409493
	-> Filter: (sbtest2.id between 3409393 and 3409493)  (cost=20.6 rows=101)
    -> Covering index range scan on sbtest2 using PRIMARY over (3409393 <= id <= 3409493)  (cost=20.6 rows=101)


table 3 : explain SELECT id FROM sbtest3 WHERE id BETWEEN 3409393 AND 3409493
	-> Filter: (sbtest3.id between 3409393 and 3409493)  (cost=20.6 rows=101)
    -> Covering index range scan on sbtest3 using PRIMARY over (3409393 <= id <= 3409493)  (cost=20.6 rows=101)


table 4 : explain SELECT id FROM sbtest4 WHERE id BETWEEN 3409393 AND 3409493
	-> Filter: (sbtest4.id between 3409393 and 3409493)  (cost=20.6 rows=101)
    -> Covering index range scan on sbtest4 using PRIMARY over (3409393 <= id <= 3409493)  (cost=20.6 rows=101)


table 5 : explain SELECT id FROM sbtest5 WHERE id BETWEEN 3409393 AND 3409493
	-> Filter: (sbtest5.id between 3409393 and 3409493)  (cost=20.6 rows=101)
    -> Covering index range scan on sbtest5 using PRIMARY over (3409393 <= id <= 3409493)  (cost=20.6 rows=101)


table 6 : explain SELECT id FROM sbtest6 WHERE id BETWEEN 3409393 AND 3409493
	-> Filter: (sbtest6.id between 3409393 and 3409493)  (cost=20.6 rows=101)
    -> Covering index range scan on sbtest6 using PRIMARY over (3409393 <= id <= 3409493)  (cost=20.6 rows=101)


table 7 : explain SELECT id FROM sbtest7 WHERE id BETWEEN 3409393 AND 3409493
	-> Filter: (sbtest7.id between 3409393 and 3409493)  (cost=20.6 rows=101)
    -> Covering index range scan on sbtest7 using PRIMARY over (3409393 <= id <= 3409493)  (cost=20.6 rows=101)


table 8 : explain SELECT id FROM sbtest8 WHERE id BETWEEN 3409393 AND 3409493
	-> Filter: (sbtest8.id between 3409393 and 3409493)  (cost=20.6 rows=101)
    -> Covering index range scan on sbtest8 using PRIMARY over (3409393 <= id <= 3409493)  (cost=20.6 rows=101)


for range-covered
table 1 : explain SELECT id FROM sbtest1 WHERE id BETWEEN 3859825 AND 3859925
	-> Filter: (sbtest1.id between 3859825 and 3859925)  (cost=20.6 rows=101)
    -> Covering index range scan on sbtest1 using PRIMARY over (3859825 <= id <= 3859925)  (cost=20.6 rows=101)


table 2 : explain SELECT id FROM sbtest2 WHERE id BETWEEN 3859825 AND 3859925
	-> Filter: (sbtest2.id between 3859825 and 3859925)  (cost=20.6 rows=101)
    -> Covering index range scan on sbtest2 using PRIMARY over (3859825 <= id <= 3859925)  (cost=20.6 rows=101)


table 3 : explain SELECT id FROM sbtest3 WHERE id BETWEEN 3859825 AND 3859925
	-> Filter: (sbtest3.id between 3859825 and 3859925)  (cost=20.6 rows=101)
    -> Covering index range scan on sbtest3 using PRIMARY over (3859825 <= id <= 3859925)  (cost=20.6 rows=101)


table 4 : explain SELECT id FROM sbtest4 WHERE id BETWEEN 3859825 AND 3859925
	-> Filter: (sbtest4.id between 3859825 and 3859925)  (cost=20.6 rows=101)
    -> Covering index range scan on sbtest4 using PRIMARY over (3859825 <= id <= 3859925)  (cost=20.6 rows=101)


table 5 : explain SELECT id FROM sbtest5 WHERE id BETWEEN 3859825 AND 3859925
	-> Filter: (sbtest5.id between 3859825 and 3859925)  (cost=20.6 rows=101)
    -> Covering index range scan on sbtest5 using PRIMARY over (3859825 <= id <= 3859925)  (cost=20.6 rows=101)


table 6 : explain SELECT id FROM sbtest6 WHERE id BETWEEN 3859825 AND 3859925
	-> Filter: (sbtest6.id between 3859825 and 3859925)  (cost=20.6 rows=101)
    -> Covering index range scan on sbtest6 using PRIMARY over (3859825 <= id <= 3859925)  (cost=20.6 rows=101)


table 7 : explain SELECT id FROM sbtest7 WHERE id BETWEEN 3859825 AND 3859925
	-> Filter: (sbtest7.id between 3859825 and 3859925)  (cost=20.6 rows=101)
    -> Covering index range scan on sbtest7 using PRIMARY over (3859825 <= id <= 3859925)  (cost=20.6 rows=101)


table 8 : explain SELECT id FROM sbtest8 WHERE id BETWEEN 3859825 AND 3859925
	-> Filter: (sbtest8.id between 3859825 and 3859925)  (cost=20.6 rows=101)
    -> Covering index range scan on sbtest8 using PRIMARY over (3859825 <= id <= 3859925)  (cost=20.6 rows=101)

for range-covered
table 1 : explain SELECT id FROM sbtest1 WHERE id BETWEEN 1999307 AND 1999407
	-> Filter: (sbtest1.id between 1999307 and 1999407)  (cost=20.6 rows=101)
    -> Covering index range scan on sbtest1 using PRIMARY over (1999307 <= id <= 1999407)  (cost=20.6 rows=101)


table 2 : explain SELECT id FROM sbtest2 WHERE id BETWEEN 1999307 AND 1999407
	-> Filter: (sbtest2.id between 1999307 and 1999407)  (cost=20.6 rows=101)
    -> Covering index range scan on sbtest2 using PRIMARY over (1999307 <= id <= 1999407)  (cost=20.6 rows=101)


table 3 : explain SELECT id FROM sbtest3 WHERE id BETWEEN 1999307 AND 1999407
	-> Filter: (sbtest3.id between 1999307 and 1999407)  (cost=20.6 rows=101)
    -> Covering index range scan on sbtest3 using PRIMARY over (1999307 <= id <= 1999407)  (cost=20.6 rows=101)


table 4 : explain SELECT id FROM sbtest4 WHERE id BETWEEN 1999307 AND 1999407
	-> Filter: (sbtest4.id between 1999307 and 1999407)  (cost=20.6 rows=101)
    -> Covering index range scan on sbtest4 using PRIMARY over (1999307 <= id <= 1999407)  (cost=20.6 rows=101)


table 5 : explain SELECT id FROM sbtest5 WHERE id BETWEEN 1999307 AND 1999407
	-> Filter: (sbtest5.id between 1999307 and 1999407)  (cost=20.6 rows=101)
    -> Covering index range scan on sbtest5 using PRIMARY over (1999307 <= id <= 1999407)  (cost=20.6 rows=101)


table 6 : explain SELECT id FROM sbtest6 WHERE id BETWEEN 1999307 AND 1999407
	-> Filter: (sbtest6.id between 1999307 and 1999407)  (cost=20.6 rows=101)
    -> Covering index range scan on sbtest6 using PRIMARY over (1999307 <= id <= 1999407)  (cost=20.6 rows=101)


table 7 : explain SELECT id FROM sbtest7 WHERE id BETWEEN 1999307 AND 1999407
	-> Filter: (sbtest7.id between 1999307 and 1999407)  (cost=20.6 rows=101)
    -> Covering index range scan on sbtest7 using PRIMARY over (1999307 <= id <= 1999407)  (cost=20.6 rows=101)


table 8 : explain SELECT id FROM sbtest8 WHERE id BETWEEN 1999307 AND 1999407
	-> Filter: (sbtest8.id between 1999307 and 1999407)  (cost=20.6 rows=101)
    -> Covering index range scan on sbtest8 using PRIMARY over (1999307 <= id <= 1999407)  (cost=20.6 rows=101)


for range-covered
table 1 : explain SELECT id FROM sbtest1 WHERE id BETWEEN 9219070 AND 9219170
	-> Filter: (sbtest1.id between 9219070 and 9219170)  (cost=20.6 rows=101)
    -> Covering index range scan on sbtest1 using PRIMARY over (9219070 <= id <= 9219170)  (cost=20.6 rows=101)


table 2 : explain SELECT id FROM sbtest2 WHERE id BETWEEN 9219070 AND 9219170
	-> Filter: (sbtest2.id between 9219070 and 9219170)  (cost=20.6 rows=101)
    -> Covering index range scan on sbtest2 using PRIMARY over (9219070 <= id <= 9219170)  (cost=20.6 rows=101)


table 3 : explain SELECT id FROM sbtest3 WHERE id BETWEEN 9219070 AND 9219170
	-> Filter: (sbtest3.id between 9219070 and 9219170)  (cost=20.6 rows=101)
    -> Covering index range scan on sbtest3 using PRIMARY over (9219070 <= id <= 9219170)  (cost=20.6 rows=101)


table 4 : explain SELECT id FROM sbtest4 WHERE id BETWEEN 9219070 AND 9219170
	-> Filter: (sbtest4.id between 9219070 and 9219170)  (cost=20.6 rows=101)
    -> Covering index range scan on sbtest4 using PRIMARY over (9219070 <= id <= 9219170)  (cost=20.6 rows=101)


table 5 : explain SELECT id FROM sbtest5 WHERE id BETWEEN 9219070 AND 9219170
	-> Filter: (sbtest5.id between 9219070 and 9219170)  (cost=20.6 rows=101)
    -> Covering index range scan on sbtest5 using PRIMARY over (9219070 <= id <= 9219170)  (cost=20.6 rows=101)


table 6 : explain SELECT id FROM sbtest6 WHERE id BETWEEN 9219070 AND 9219170
	-> Filter: (sbtest6.id between 9219070 and 9219170)  (cost=20.6 rows=101)
    -> Covering index range scan on sbtest6 using PRIMARY over (9219070 <= id <= 9219170)  (cost=20.6 rows=101)


table 7 : explain SELECT id FROM sbtest7 WHERE id BETWEEN 9219070 AND 9219170
	-> Filter: (sbtest7.id between 9219070 and 9219170)  (cost=20.6 rows=101)
    -> Covering index range scan on sbtest7 using PRIMARY over (9219070 <= id <= 9219170)  (cost=20.6 rows=101)


table 8 : explain SELECT id FROM sbtest8 WHERE id BETWEEN 9219070 AND 9219170
	-> Filter: (sbtest8.id between 9219070 and 9219170)  (cost=20.6 rows=101)
    -> Covering index range scan on sbtest8 using PRIMARY over (9219070 <= id <= 9219170)  (cost=20.6 rows=101)



explain: for range-covered :: explain SELECT id FROM sbtest%d WHERE id BETWEEN 7505176 AND 7505276
explain: for range-covered :: explain SELECT id FROM sbtest%d WHERE id BETWEEN 4991619 AND 4991719for range-covered
table 1 : explain SELECT id FROM sbtest1 WHERE id BETWEEN 7126950 AND 7127050
	-> Filter: (sbtest1.id between 7126950 and 7127050)  (cost=20.6 rows=101)
    -> Covering index range scan on sbtest1 using PRIMARY over (7126950 <= id <= 7127050)  (cost=20.6 rows=101)


table 2 : explain SELECT id FROM sbtest2 WHERE id BETWEEN 7126950 AND 7127050
	-> Filter: (sbtest2.id between 7126950 and 7127050)  (cost=20.6 rows=101)
    -> Covering index range scan on sbtest2 using PRIMARY over (7126950 <= id <= 7127050)  (cost=20.6 rows=101)


table 3 : explain SELECT id FROM sbtest3 WHERE id BETWEEN 7126950 AND 7127050
	-> Filter: (sbtest3.id between 7126950 and 7127050)  (cost=20.6 rows=101)
    -> Covering index range scan on sbtest3 using PRIMARY over (7126950 <= id <= 7127050)  (cost=20.6 rows=101)


table 4 : explain SELECT id FROM sbtest4 WHERE id BETWEEN 7126950 AND 7127050
	-> Filter: (sbtest4.id between 7126950 and 7127050)  (cost=20.6 rows=101)
    -> Covering index range scan on sbtest4 using PRIMARY over (7126950 <= id <= 7127050)  (cost=20.6 rows=101)


table 5 : explain SELECT id FROM sbtest5 WHERE id BETWEEN 7126950 AND 7127050
	-> Filter: (sbtest5.id between 7126950 and 7127050)  (cost=20.6 rows=101)
    -> Covering index range scan on sbtest5 using PRIMARY over (7126950 <= id <= 7127050)  (cost=20.6 rows=101)


table 6 : explain SELECT id FROM sbtest6 WHERE id BETWEEN 7126950 AND 7127050
	-> Filter: (sbtest6.id between 7126950 and 7127050)  (cost=20.6 rows=101)
    -> Covering index range scan on sbtest6 using PRIMARY over (7126950 <= id <= 7127050)  (cost=20.6 rows=101)


table 7 : explain SELECT id FROM sbtest7 WHERE id BETWEEN 7126950 AND 7127050
	-> Filter: (sbtest7.id between 7126950 and 7127050)  (cost=20.6 rows=101)
    -> Covering index range scan on sbtest7 using PRIMARY over (7126950 <= id <= 7127050)  (cost=20.6 rows=101)


table 8 : explain SELECT id FROM sbtest8 WHERE id BETWEEN 7126950 AND 7127050
	-> Filter: (sbtest8.id between 7126950 and 7127050)  (cost=20.6 rows=101)
    -> Covering index range scan on sbtest8 using PRIMARY over (7126950 <= id <= 7127050)  (cost=20.6 rows=101)


for range-covered
table 1 : explain SELECT id FROM sbtest1 WHERE id BETWEEN 8126829 AND 8126929
	-> Filter: (sbtest1.id between 8126829 and 8126929)  (cost=20.6 rows=101)
    -> Covering index range scan on sbtest1 using PRIMARY over (8126829 <= id <= 8126929)  (cost=20.6 rows=101)


table 2 : explain SELECT id FROM sbtest2 WHERE id BETWEEN 8126829 AND 8126929
	-> Filter: (sbtest2.id between 8126829 and 8126929)  (cost=20.6 rows=101)
    -> Covering index range scan on sbtest2 using PRIMARY over (8126829 <= id <= 8126929)  (cost=20.6 rows=101)


table 3 : explain SELECT id FROM sbtest3 WHERE id BETWEEN 8126829 AND 8126929
	-> Filter: (sbtest3.id between 8126829 and 8126929)  (cost=20.6 rows=101)
    -> Covering index range scan on sbtest3 using PRIMARY over (8126829 <= id <= 8126929)  (cost=20.6 rows=101)


table 4 : explain SELECT id FROM sbtest4 WHERE id BETWEEN 8126829 AND 8126929
	-> Filter: (sbtest4.id between 8126829 and 8126929)  (cost=20.6 rows=101)
    -> Covering index range scan on sbtest4 using PRIMARY over (8126829 <= id <= 8126929)  (cost=20.6 rows=101)


table 5 : explain SELECT id FROM sbtest5 WHERE id BETWEEN 8126829 AND 8126929
	-> Filter: (sbtest5.id between 8126829 and 8126929)  (cost=20.6 rows=101)
    -> Covering index range scan on sbtest5 using PRIMARY over (8126829 <= id <= 8126929)  (cost=20.6 rows=101)


table 6 : explain SELECT id FROM sbtest6 WHERE id BETWEEN 8126829 AND 8126929
	-> Filter: (sbtest6.id between 8126829 and 8126929)  (cost=20.6 rows=101)
    -> Covering index range scan on sbtest6 using PRIMARY over (8126829 <= id <= 8126929)  (cost=20.6 rows=101)


table 7 : explain SELECT id FROM sbtest7 WHERE id BETWEEN 8126829 AND 8126929
	-> Filter: (sbtest7.id between 8126829 and 8126929)  (cost=20.6 rows=101)
    -> Covering index range scan on sbtest7 using PRIMARY over (8126829 <= id <= 8126929)  (cost=20.6 rows=101)


table 8 : explain SELECT id FROM sbtest8 WHERE id BETWEEN 8126829 AND 8126929
	-> Filter: (sbtest8.id between 8126829 and 8126929)  (cost=20.6 rows=101)
    -> Covering index range scan on sbtest8 using PRIMARY over (8126829 <= id <= 8126929)  (cost=20.6 rows=101)


explain: for range-covered :: explain SELECT id FROM sbtest%d WHERE id BETWEEN 1999307 AND 1999407

explain: for range-covered :: explain SELECT id FROM sbtest%d WHERE id BETWEEN 4749092 AND 4749192

explain: for range-covered :: explain SELECT id FROM sbtest%d WHERE id BETWEEN 8026450 AND 8026550for range-covered
table 1 : explain SELECT id FROM sbtest1 WHERE id BETWEEN 5068006 AND 5068106
	-> Filter: (sbtest1.id between 5068006 and 5068106)  (cost=20.6 rows=101)
    -> Covering index range scan on sbtest1 using PRIMARY over (5068006 <= id <= 5068106)  (cost=20.6 rows=101)


table 2 : explain SELECT id FROM sbtest2 WHERE id BETWEEN 5068006 AND 5068106
	-> Filter: (sbtest2.id between 5068006 and 5068106)  (cost=20.6 rows=101)
    -> Covering index range scan on sbtest2 using PRIMARY over (5068006 <= id <= 5068106)  (cost=20.6 rows=101)


table 3 : explain SELECT id FROM sbtest3 WHERE id BETWEEN 5068006 AND 5068106
	-> Filter: (sbtest3.id between 5068006 and 5068106)  (cost=20.6 rows=101)
    -> Covering index range scan on sbtest3 using PRIMARY over (5068006 <= id <= 5068106)  (cost=20.6 rows=101)


table 4 : explain SELECT id FROM sbtest4 WHERE id BETWEEN 5068006 AND 5068106
	-> Filter: (sbtest4.id between 5068006 and 5068106)  (cost=20.6 rows=101)
    -> Covering index range scan on sbtest4 using PRIMARY over (5068006 <= id <= 5068106)  (cost=20.6 rows=101)


table 5 : explain SELECT id FROM sbtest5 WHERE id BETWEEN 5068006 AND 5068106
	-> Filter: (sbtest5.id between 5068006 and 5068106)  (cost=20.6 rows=101)
    -> Covering index range scan on sbtest5 using PRIMARY over (5068006 <= id <= 5068106)  (cost=20.6 rows=101)


table 6 : explain SELECT id FROM sbtest6 WHERE id BETWEEN 5068006 AND 5068106
	-> Filter: (sbtest6.id between 5068006 and 5068106)  (cost=20.6 rows=101)
    -> Covering index range scan on sbtest6 using PRIMARY over (5068006 <= id <= 5068106)  (cost=20.6 rows=101)


table 7 : explain SELECT id FROM sbtest7 WHERE id BETWEEN 5068006 AND 5068106
	-> Filter: (sbtest7.id between 5068006 and 5068106)  (cost=20.6 rows=101)
    -> Covering index range scan on sbtest7 using PRIMARY over (5068006 <= id <= 5068106)  (cost=20.6 rows=101)


table 8 : explain SELECT id FROM sbtest8 WHERE id BETWEEN 5068006 AND 5068106
	-> Filter: (sbtest8.id between 5068006 and 5068106)  (cost=20.6 rows=101)
    -> Covering index range scan on sbtest8 using PRIMARY over (5068006 <= id <= 5068106)  (cost=20.6 rows=101)


explain: for range-covered :: explain SELECT id FROM sbtest%d WHERE id BETWEEN 4333531 AND 4333631
explain: for range-covered :: explain SELECT id FROM sbtest%d WHERE id BETWEEN 3409393 AND 3409493

explain: for range-covered :: explain SELECT id FROM sbtest%d WHERE id BETWEEN 7126950 AND 7127050
explain: for range-covered :: explain SELECT id FROM sbtest%d WHERE id BETWEEN 6708792 AND 6708892explain: for range-covered :: explain SELECT id FROM sbtest%d WHERE id BETWEEN 8126829 AND 8126929
explain: for range-covered :: explain SELECT id FROM sbtest%d WHERE id BETWEEN 9219070 AND 9219170



explain: for range-covered :: explain SELECT id FROM sbtest%d WHERE id BETWEEN 4472526 AND 4472626explain: for range-covered :: explain SELECT id FROM sbtest%d WHERE id BETWEEN 5068006 AND 5068106
for range-covered
table 1 : explain SELECT id FROM sbtest1 WHERE id BETWEEN 6607652 AND 6607752
	-> Filter: (sbtest1.id between 6607652 and 6607752)  (cost=20.6 rows=101)
    -> Covering index range scan on sbtest1 using PRIMARY over (6607652 <= id <= 6607752)  (cost=20.6 rows=101)


table 2 : explain SELECT id FROM sbtest2 WHERE id BETWEEN 6607652 AND 6607752
	-> Filter: (sbtest2.id between 6607652 and 6607752)  (cost=20.6 rows=101)
    -> Covering index range scan on sbtest2 using PRIMARY over (6607652 <= id <= 6607752)  (cost=20.6 rows=101)


table 3 : explain SELECT id FROM sbtest3 WHERE id BETWEEN 6607652 AND 6607752
	-> Filter: (sbtest3.id between 6607652 and 6607752)  (cost=20.6 rows=101)
    -> Covering index range scan on sbtest3 using PRIMARY over (6607652 <= id <= 6607752)  (cost=20.6 rows=101)


table 4 : explain SELECT id FROM sbtest4 WHERE id BETWEEN 6607652 AND 6607752
	-> Filter: (sbtest4.id between 6607652 and 6607752)  (cost=20.6 rows=101)
    -> Covering index range scan on sbtest4 using PRIMARY over (6607652 <= id <= 6607752)  (cost=20.6 rows=101)


table 5 : explain SELECT id FROM sbtest5 WHERE id BETWEEN 6607652 AND 6607752
	-> Filter: (sbtest5.id between 6607652 and 6607752)  (cost=20.6 rows=101)
    -> Covering index range scan on sbtest5 using PRIMARY over (6607652 <= id <= 6607752)  (cost=20.6 rows=101)


table 6 : explain SELECT id FROM sbtest6 WHERE id BETWEEN 6607652 AND 6607752
	-> Filter: (sbtest6.id between 6607652 and 6607752)  (cost=20.6 rows=101)
    -> Covering index range scan on sbtest6 using PRIMARY over (6607652 <= id <= 6607752)  (cost=20.6 rows=101)


table 7 : explain SELECT id FROM sbtest7 WHERE id BETWEEN 6607652 AND 6607752
	-> Filter: (sbtest7.id between 6607652 and 6607752)  (cost=20.6 rows=101)
    -> Covering index range scan on sbtest7 using PRIMARY over (6607652 <= id <= 6607752)  (cost=20.6 rows=101)


table 8 : explain SELECT id FROM sbtest8 WHERE id BETWEEN 6607652 AND 6607752
	-> Filter: (sbtest8.id between 6607652 and 6607752)  (cost=20.6 rows=101)
    -> Covering index range scan on sbtest8 using PRIMARY over (6607652 <= id <= 6607752)  (cost=20.6 rows=101)


for range-covered
table 1 : explain SELECT id FROM sbtest1 WHERE id BETWEEN 3504453 AND 3504553
	-> Filter: (sbtest1.id between 3504453 and 3504553)  (cost=20.6 rows=101)
    -> Covering index range scan on sbtest1 using PRIMARY over (3504453 <= id <= 3504553)  (cost=20.6 rows=101)


table 2 : explain SELECT id FROM sbtest2 WHERE id BETWEEN 3504453 AND 3504553
	-> Filter: (sbtest2.id between 3504453 and 3504553)  (cost=20.6 rows=101)
    -> Covering index range scan on sbtest2 using PRIMARY over (3504453 <= id <= 3504553)  (cost=20.6 rows=101)


table 3 : explain SELECT id FROM sbtest3 WHERE id BETWEEN 3504453 AND 3504553
	-> Filter: (sbtest3.id between 3504453 and 3504553)  (cost=20.6 rows=101)
    -> Covering index range scan on sbtest3 using PRIMARY over (3504453 <= id <= 3504553)  (cost=20.6 rows=101)


table 4 : explain SELECT id FROM sbtest4 WHERE id BETWEEN 3504453 AND 3504553
	-> Filter: (sbtest4.id between 3504453 and 3504553)  (cost=20.6 rows=101)
    -> Covering index range scan on sbtest4 using PRIMARY over (3504453 <= id <= 3504553)  (cost=20.6 rows=101)


table 5 : explain SELECT id FROM sbtest5 WHERE id BETWEEN 3504453 AND 3504553
	-> Filter: (sbtest5.id between 3504453 and 3504553)  (cost=20.6 rows=101)
    -> Covering index range scan on sbtest5 using PRIMARY over (3504453 <= id <= 3504553)  (cost=20.6 rows=101)


table 6 : explain SELECT id FROM sbtest6 WHERE id BETWEEN 3504453 AND 3504553
	-> Filter: (sbtest6.id between 3504453 and 3504553)  (cost=20.6 rows=101)
    -> Covering index range scan on sbtest6 using PRIMARY over (3504453 <= id <= 3504553)  (cost=20.6 rows=101)


table 7 : explain SELECT id FROM sbtest7 WHERE id BETWEEN 3504453 AND 3504553
	-> Filter: (sbtest7.id between 3504453 and 3504553)  (cost=20.6 rows=101)
    -> Covering index range scan on sbtest7 using PRIMARY over (3504453 <= id <= 3504553)  (cost=20.6 rows=101)


table 8 : explain SELECT id FROM sbtest8 WHERE id BETWEEN 3504453 AND 3504553
	-> Filter: (sbtest8.id between 3504453 and 3504553)  (cost=20.6 rows=101)
    -> Covering index range scan on sbtest8 using PRIMARY over (3504453 <= id <= 3504553)  (cost=20.6 rows=101)



for range-covered
table 1 : explain SELECT id FROM sbtest1 WHERE id BETWEEN 3864310 AND 3864410
	-> Filter: (sbtest1.id between 3864310 and 3864410)  (cost=20.6 rows=101)
    -> Covering index range scan on sbtest1 using PRIMARY over (3864310 <= id <= 3864410)  (cost=20.6 rows=101)


table 2 : explain SELECT id FROM sbtest2 WHERE id BETWEEN 3864310 AND 3864410
	-> Filter: (sbtest2.id between 3864310 and 3864410)  (cost=20.6 rows=101)
    -> Covering index range scan on sbtest2 using PRIMARY over (3864310 <= id <= 3864410)  (cost=20.6 rows=101)


table 3 : explain SELECT id FROM sbtest3 WHERE id BETWEEN 3864310 AND 3864410
	-> Filter: (sbtest3.id between 3864310 and 3864410)  (cost=20.6 rows=101)
    -> Covering index range scan on sbtest3 using PRIMARY over (3864310 <= id <= 3864410)  (cost=20.6 rows=101)


table 4 : explain SELECT id FROM sbtest4 WHERE id BETWEEN 3864310 AND 3864410
	-> Filter: (sbtest4.id between 3864310 and 3864410)  (cost=20.6 rows=101)
    -> Covering index range scan on sbtest4 using PRIMARY over (3864310 <= id <= 3864410)  (cost=20.6 rows=101)


table 5 : explain SELECT id FROM sbtest5 WHERE id BETWEEN 3864310 AND 3864410
	-> Filter: (sbtest5.id between 3864310 and 3864410)  (cost=20.6 rows=101)
    -> Covering index range scan on sbtest5 using PRIMARY over (3864310 <= id <= 3864410)  (cost=20.6 rows=101)


table 6 : explain SELECT id FROM sbtest6 WHERE id BETWEEN 3864310 AND 3864410
	-> Filter: (sbtest6.id between 3864310 and 3864410)  (cost=20.6 rows=101)
    -> Covering index range scan on sbtest6 using PRIMARY over (3864310 <= id <= 3864410)  (cost=20.6 rows=101)


table 7 : explain SELECT id FROM sbtest7 WHERE id BETWEEN 3864310 AND 3864410
	-> Filter: (sbtest7.id between 3864310 and 3864410)  (cost=20.6 rows=101)
    -> Covering index range scan on sbtest7 using PRIMARY over (3864310 <= id <= 3864410)  (cost=20.6 rows=101)


table 8 : explain SELECT id FROM sbtest8 WHERE id BETWEEN 3864310 AND 3864410
	-> Filter: (sbtest8.id between 3864310 and 3864410)  (cost=20.6 rows=101)
    -> Covering index range scan on sbtest8 using PRIMARY over (3864310 <= id <= 3864410)  (cost=20.6 rows=101)



for range-covered
table 1 : explain SELECT id FROM sbtest1 WHERE id BETWEEN 5590836 AND 5590936
	-> Filter: (sbtest1.id between 5590836 and 5590936)  (cost=20.6 rows=101)
    -> Covering index range scan on sbtest1 using PRIMARY over (5590836 <= id <= 5590936)  (cost=20.6 rows=101)


table 2 : explain SELECT id FROM sbtest2 WHERE id BETWEEN 5590836 AND 5590936
	-> Filter: (sbtest2.id between 5590836 and 5590936)  (cost=20.6 rows=101)
    -> Covering index range scan on sbtest2 using PRIMARY over (5590836 <= id <= 5590936)  (cost=20.6 rows=101)


table 3 : explain SELECT id FROM sbtest3 WHERE id BETWEEN 5590836 AND 5590936
	-> Filter: (sbtest3.id between 5590836 and 5590936)  (cost=20.6 rows=101)
    -> Covering index range scan on sbtest3 using PRIMARY over (5590836 <= id <= 5590936)  (cost=20.6 rows=101)


table 4 : explain SELECT id FROM sbtest4 WHERE id BETWEEN 5590836 AND 5590936
	-> Filter: (sbtest4.id between 5590836 and 5590936)  (cost=20.6 rows=101)
    -> Covering index range scan on sbtest4 using PRIMARY over (5590836 <= id <= 5590936)  (cost=20.6 rows=101)


table 5 : explain SELECT id FROM sbtest5 WHERE id BETWEEN 5590836 AND 5590936
	-> Filter: (sbtest5.id between 5590836 and 5590936)  (cost=20.6 rows=101)
    -> Covering index range scan on sbtest5 using PRIMARY over (5590836 <= id <= 5590936)  (cost=20.6 rows=101)


table 6 : explain SELECT id FROM sbtest6 WHERE id BETWEEN 5590836 AND 5590936
	-> Filter: (sbtest6.id between 5590836 and 5590936)  (cost=20.6 rows=101)
    -> Covering index range scan on sbtest6 using PRIMARY over (5590836 <= id <= 5590936)  (cost=20.6 rows=101)


table 7 : explain SELECT id FROM sbtest7 WHERE id BETWEEN 5590836 AND 5590936
	-> Filter: (sbtest7.id between 5590836 and 5590936)  (cost=20.6 rows=101)
    -> Covering index range scan on sbtest7 using PRIMARY over (5590836 <= id <= 5590936)  (cost=20.6 rows=101)


table 8 : explain SELECT id FROM sbtest8 WHERE id BETWEEN 5590836 AND 5590936
	-> Filter: (sbtest8.id between 5590836 and 5590936)  (cost=20.6 rows=101)
    -> Covering index range scan on sbtest8 using PRIMARY over (5590836 <= id <= 5590936)  (cost=20.6 rows=101)

explain: for range-covered :: explain SELECT id FROM sbtest%d WHERE id BETWEEN 3859825 AND 3859925
explain: for range-covered :: explain SELECT id FROM sbtest%d WHERE id BETWEEN 6607652 AND 6607752
for range-covered
table 1 : explain SELECT id FROM sbtest1 WHERE id BETWEEN 3620066 AND 3620166
	-> Filter: (sbtest1.id between 3620066 and 3620166)  (cost=20.6 rows=101)
    -> Covering index range scan on sbtest1 using PRIMARY over (3620066 <= id <= 3620166)  (cost=20.6 rows=101)


table 2 : explain SELECT id FROM sbtest2 WHERE id BETWEEN 3620066 AND 3620166
	-> Filter: (sbtest2.id between 3620066 and 3620166)  (cost=20.6 rows=101)
    -> Covering index range scan on sbtest2 using PRIMARY over (3620066 <= id <= 3620166)  (cost=20.6 rows=101)


table 3 : explain SELECT id FROM sbtest3 WHERE id BETWEEN 3620066 AND 3620166
	-> Filter: (sbtest3.id between 3620066 and 3620166)  (cost=20.6 rows=101)
    -> Covering index range scan on sbtest3 using PRIMARY over (3620066 <= id <= 3620166)  (cost=20.6 rows=101)


table 4 : explain SELECT id FROM sbtest4 WHERE id BETWEEN 3620066 AND 3620166
	-> Filter: (sbtest4.id between 3620066 and 3620166)  (cost=20.6 rows=101)
    -> Covering index range scan on sbtest4 using PRIMARY over (3620066 <= id <= 3620166)  (cost=20.6 rows=101)


table 5 : explain SELECT id FROM sbtest5 WHERE id BETWEEN 3620066 AND 3620166
	-> Filter: (sbtest5.id between 3620066 and 3620166)  (cost=20.6 rows=101)
    -> Covering index range scan on sbtest5 using PRIMARY over (3620066 <= id <= 3620166)  (cost=20.6 rows=101)


table 6 : explain SELECT id FROM sbtest6 WHERE id BETWEEN 3620066 AND 3620166
	-> Filter: (sbtest6.id between 3620066 and 3620166)  (cost=20.6 rows=101)
    -> Covering index range scan on sbtest6 using PRIMARY over (3620066 <= id <= 3620166)  (cost=20.6 rows=101)


table 7 : explain SELECT id FROM sbtest7 WHERE id BETWEEN 3620066 AND 3620166
	-> Filter: (sbtest7.id between 3620066 and 3620166)  (cost=20.6 rows=101)
    -> Covering index range scan on sbtest7 using PRIMARY over (3620066 <= id <= 3620166)  (cost=20.6 rows=101)


table 8 : explain SELECT id FROM sbtest8 WHERE id BETWEEN 3620066 AND 3620166
	-> Filter: (sbtest8.id between 3620066 and 3620166)  (cost=20.6 rows=101)
    -> Covering index range scan on sbtest8 using PRIMARY over (3620066 <= id <= 3620166)  (cost=20.6 rows=101)


explain: for range-covered :: explain SELECT id FROM sbtest%d WHERE id BETWEEN 2322852 AND 2322952
for range-covered
table 1 : explain SELECT id FROM sbtest1 WHERE id BETWEEN 7699932 AND 7700032
	-> Filter: (sbtest1.id between 7699932 and 7700032)  (cost=20.6 rows=101)
    -> Covering index range scan on sbtest1 using PRIMARY over (7699932 <= id <= 7700032)  (cost=20.6 rows=101)


table 2 : explain SELECT id FROM sbtest2 WHERE id BETWEEN 7699932 AND 7700032
	-> Filter: (sbtest2.id between 7699932 and 7700032)  (cost=20.6 rows=101)
    -> Covering index range scan on sbtest2 using PRIMARY over (7699932 <= id <= 7700032)  (cost=20.6 rows=101)


table 3 : explain SELECT id FROM sbtest3 WHERE id BETWEEN 7699932 AND 7700032
	-> Filter: (sbtest3.id between 7699932 and 7700032)  (cost=20.6 rows=101)
    -> Covering index range scan on sbtest3 using PRIMARY over (7699932 <= id <= 7700032)  (cost=20.6 rows=101)


table 4 : explain SELECT id FROM sbtest4 WHERE id BETWEEN 7699932 AND 7700032
	-> Filter: (sbtest4.id between 7699932 and 7700032)  (cost=20.6 rows=101)
    -> Covering index range scan on sbtest4 using PRIMARY over (7699932 <= id <= 7700032)  (cost=20.6 rows=101)


table 5 : explain SELECT id FROM sbtest5 WHERE id BETWEEN 7699932 AND 7700032
	-> Filter: (sbtest5.id between 7699932 and 7700032)  (cost=20.6 rows=101)
    -> Covering index range scan on sbtest5 using PRIMARY over (7699932 <= id <= 7700032)  (cost=20.6 rows=101)


table 6 : explain SELECT id FROM sbtest6 WHERE id BETWEEN 7699932 AND 7700032
	-> Filter: (sbtest6.id between 7699932 and 7700032)  (cost=20.6 rows=101)
    -> Covering index range scan on sbtest6 using PRIMARY over (7699932 <= id <= 7700032)  (cost=20.6 rows=101)


table 7 : explain SELECT id FROM sbtest7 WHERE id BETWEEN 7699932 AND 7700032
	-> Filter: (sbtest7.id between 7699932 and 7700032)  (cost=20.6 rows=101)
    -> Covering index range scan on sbtest7 using PRIMARY over (7699932 <= id <= 7700032)  (cost=20.6 rows=101)


table 8 : explain SELECT id FROM sbtest8 WHERE id BETWEEN 7699932 AND 7700032
	-> Filter: (sbtest8.id between 7699932 and 7700032)  (cost=20.6 rows=101)
    -> Covering index range scan on sbtest8 using PRIMARY over (7699932 <= id <= 7700032)  (cost=20.6 rows=101)


for range-covered
table 1 : explain SELECT id FROM sbtest1 WHERE id BETWEEN 2845774 AND 2845874
	-> Filter: (sbtest1.id between 2845774 and 2845874)  (cost=20.6 rows=101)
    -> Covering index range scan on sbtest1 using PRIMARY over (2845774 <= id <= 2845874)  (cost=20.6 rows=101)


table 2 : explain SELECT id FROM sbtest2 WHERE id BETWEEN 2845774 AND 2845874
	-> Filter: (sbtest2.id between 2845774 and 2845874)  (cost=20.6 rows=101)
    -> Covering index range scan on sbtest2 using PRIMARY over (2845774 <= id <= 2845874)  (cost=20.6 rows=101)


table 3 : explain SELECT id FROM sbtest3 WHERE id BETWEEN 2845774 AND 2845874
	-> Filter: (sbtest3.id between 2845774 and 2845874)  (cost=20.6 rows=101)
    -> Covering index range scan on sbtest3 using PRIMARY over (2845774 <= id <= 2845874)  (cost=20.6 rows=101)


table 4 : explain SELECT id FROM sbtest4 WHERE id BETWEEN 2845774 AND 2845874
	-> Filter: (sbtest4.id between 2845774 and 2845874)  (cost=20.6 rows=101)
    -> Covering index range scan on sbtest4 using PRIMARY over (2845774 <= id <= 2845874)  (cost=20.6 rows=101)


table 5 : explain SELECT id FROM sbtest5 WHERE id BETWEEN 2845774 AND 2845874
	-> Filter: (sbtest5.id between 2845774 and 2845874)  (cost=20.6 rows=101)
    -> Covering index range scan on sbtest5 using PRIMARY over (2845774 <= id <= 2845874)  (cost=20.6 rows=101)


table 6 : explain SELECT id FROM sbtest6 WHERE id BETWEEN 2845774 AND 2845874
	-> Filter: (sbtest6.id between 2845774 and 2845874)  (cost=20.6 rows=101)
    -> Covering index range scan on sbtest6 using PRIMARY over (2845774 <= id <= 2845874)  (cost=20.6 rows=101)


table 7 : explain SELECT id FROM sbtest7 WHERE id BETWEEN 2845774 AND 2845874
	-> Filter: (sbtest7.id between 2845774 and 2845874)  (cost=20.6 rows=101)
    -> Covering index range scan on sbtest7 using PRIMARY over (2845774 <= id <= 2845874)  (cost=20.6 rows=101)


table 8 : explain SELECT id FROM sbtest8 WHERE id BETWEEN 2845774 AND 2845874
	-> Filter: (sbtest8.id between 2845774 and 2845874)  (cost=20.6 rows=101)
    -> Covering index range scan on sbtest8 using PRIMARY over (2845774 <= id <= 2845874)  (cost=20.6 rows=101)


for range-covered
table 1 : explain SELECT id FROM sbtest1 WHERE id BETWEEN 4681970 AND 4682070
	-> Filter: (sbtest1.id between 4681970 and 4682070)  (cost=20.6 rows=101)
    -> Covering index range scan on sbtest1 using PRIMARY over (4681970 <= id <= 4682070)  (cost=20.6 rows=101)


table 2 : explain SELECT id FROM sbtest2 WHERE id BETWEEN 4681970 AND 4682070
	-> Filter: (sbtest2.id between 4681970 and 4682070)  (cost=20.6 rows=101)
    -> Covering index range scan on sbtest2 using PRIMARY over (4681970 <= id <= 4682070)  (cost=20.6 rows=101)


table 3 : explain SELECT id FROM sbtest3 WHERE id BETWEEN 4681970 AND 4682070
	-> Filter: (sbtest3.id between 4681970 and 4682070)  (cost=20.6 rows=101)
    -> Covering index range scan on sbtest3 using PRIMARY over (4681970 <= id <= 4682070)  (cost=20.6 rows=101)


table 4 : explain SELECT id FROM sbtest4 WHERE id BETWEEN 4681970 AND 4682070
	-> Filter: (sbtest4.id between 4681970 and 4682070)  (cost=20.6 rows=101)
    -> Covering index range scan on sbtest4 using PRIMARY over (4681970 <= id <= 4682070)  (cost=20.6 rows=101)


table 5 : explain SELECT id FROM sbtest5 WHERE id BETWEEN 4681970 AND 4682070
	-> Filter: (sbtest5.id between 4681970 and 4682070)  (cost=20.6 rows=101)
    -> Covering index range scan on sbtest5 using PRIMARY over (4681970 <= id <= 4682070)  (cost=20.6 rows=101)


table 6 : explain SELECT id FROM sbtest6 WHERE id BETWEEN 4681970 AND 4682070
	-> Filter: (sbtest6.id between 4681970 and 4682070)  (cost=20.6 rows=101)
    -> Covering index range scan on sbtest6 using PRIMARY over (4681970 <= id <= 4682070)  (cost=20.6 rows=101)


table 7 : explain SELECT id FROM sbtest7 WHERE id BETWEEN 4681970 AND 4682070
	-> Filter: (sbtest7.id between 4681970 and 4682070)  (cost=20.6 rows=101)
    -> Covering index range scan on sbtest7 using PRIMARY over (4681970 <= id <= 4682070)  (cost=20.6 rows=101)


table 8 : explain SELECT id FROM sbtest8 WHERE id BETWEEN 4681970 AND 4682070
	-> Filter: (sbtest8.id between 4681970 and 4682070)  (cost=20.6 rows=101)
    -> Covering index range scan on sbtest8 using PRIMARY over (4681970 <= id <= 4682070)  (cost=20.6 rows=101)


explain: for range-covered :: explain SELECT id FROM sbtest%d WHERE id BETWEEN 5440251 AND 5440351

for range-covered
table 1 : explain SELECT id FROM sbtest1 WHERE id BETWEEN 2178991 AND 2179091
	-> Filter: (sbtest1.id between 2178991 and 2179091)  (cost=20.6 rows=101)
    -> Covering index range scan on sbtest1 using PRIMARY over (2178991 <= id <= 2179091)  (cost=20.6 rows=101)


table 2 : explain SELECT id FROM sbtest2 WHERE id BETWEEN 2178991 AND 2179091
	-> Filter: (sbtest2.id between 2178991 and 2179091)  (cost=20.6 rows=101)
    -> Covering index range scan on sbtest2 using PRIMARY over (2178991 <= id <= 2179091)  (cost=20.6 rows=101)


table 3 : explain SELECT id FROM sbtest3 WHERE id BETWEEN 2178991 AND 2179091
	-> Filter: (sbtest3.id between 2178991 and 2179091)  (cost=20.6 rows=101)
    -> Covering index range scan on sbtest3 using PRIMARY over (2178991 <= id <= 2179091)  (cost=20.6 rows=101)


table 4 : explain SELECT id FROM sbtest4 WHERE id BETWEEN 2178991 AND 2179091
	-> Filter: (sbtest4.id between 2178991 and 2179091)  (cost=20.6 rows=101)
    -> Covering index range scan on sbtest4 using PRIMARY over (2178991 <= id <= 2179091)  (cost=20.6 rows=101)


table 5 : explain SELECT id FROM sbtest5 WHERE id BETWEEN 2178991 AND 2179091
	-> Filter: (sbtest5.id between 2178991 and 2179091)  (cost=20.6 rows=101)
    -> Covering index range scan on sbtest5 using PRIMARY over (2178991 <= id <= 2179091)  (cost=20.6 rows=101)


table 6 : explain SELECT id FROM sbtest6 WHERE id BETWEEN 2178991 AND 2179091
	-> Filter: (sbtest6.id between 2178991 and 2179091)  (cost=20.6 rows=101)
    -> Covering index range scan on sbtest6 using PRIMARY over (2178991 <= id <= 2179091)  (cost=20.6 rows=101)


table 7 : explain SELECT id FROM sbtest7 WHERE id BETWEEN 2178991 AND 2179091
	-> Filter: (sbtest7.id between 2178991 and 2179091)  (cost=20.6 rows=101)
    -> Covering index range scan on sbtest7 using PRIMARY over (2178991 <= id <= 2179091)  (cost=20.6 rows=101)


table 8 : explain SELECT id FROM sbtest8 WHERE id BETWEEN 2178991 AND 2179091
	-> Filter: (sbtest8.id between 2178991 and 2179091)  (cost=20.6 rows=101)
    -> Covering index range scan on sbtest8 using PRIMARY over (2178991 <= id <= 2179091)  (cost=20.6 rows=101)


explain: for range-covered :: explain SELECT id FROM sbtest%d WHERE id BETWEEN 7699932 AND 7700032
for range-covered
table 1 : explain SELECT id FROM sbtest1 WHERE id BETWEEN 5453131 AND 5453231
	-> Filter: (sbtest1.id between 5453131 and 5453231)  (cost=20.6 rows=101)
    -> Covering index range scan on sbtest1 using PRIMARY over (5453131 <= id <= 5453231)  (cost=20.6 rows=101)


table 2 : explain SELECT id FROM sbtest2 WHERE id BETWEEN 5453131 AND 5453231
	-> Filter: (sbtest2.id between 5453131 and 5453231)  (cost=20.6 rows=101)
    -> Covering index range scan on sbtest2 using PRIMARY over (5453131 <= id <= 5453231)  (cost=20.6 rows=101)


table 3 : explain SELECT id FROM sbtest3 WHERE id BETWEEN 5453131 AND 5453231
	-> Filter: (sbtest3.id between 5453131 and 5453231)  (cost=20.6 rows=101)
    -> Covering index range scan on sbtest3 using PRIMARY over (5453131 <= id <= 5453231)  (cost=20.6 rows=101)


table 4 : explain SELECT id FROM sbtest4 WHERE id BETWEEN 5453131 AND 5453231
	-> Filter: (sbtest4.id between 5453131 and 5453231)  (cost=20.6 rows=101)
    -> Covering index range scan on sbtest4 using PRIMARY over (5453131 <= id <= 5453231)  (cost=20.6 rows=101)


table 5 : explain SELECT id FROM sbtest5 WHERE id BETWEEN 5453131 AND 5453231
	-> Filter: (sbtest5.id between 5453131 and 5453231)  (cost=20.6 rows=101)
    -> Covering index range scan on sbtest5 using PRIMARY over (5453131 <= id <= 5453231)  (cost=20.6 rows=101)


table 6 : explain SELECT id FROM sbtest6 WHERE id BETWEEN 5453131 AND 5453231
	-> Filter: (sbtest6.id between 5453131 and 5453231)  (cost=20.6 rows=101)
    -> Covering index range scan on sbtest6 using PRIMARY over (5453131 <= id <= 5453231)  (cost=20.6 rows=101)


table 7 : explain SELECT id FROM sbtest7 WHERE id BETWEEN 5453131 AND 5453231
	-> Filter: (sbtest7.id between 5453131 and 5453231)  (cost=20.6 rows=101)
    -> Covering index range scan on sbtest7 using PRIMARY over (5453131 <= id <= 5453231)  (cost=20.6 rows=101)


table 8 : explain SELECT id FROM sbtest8 WHERE id BETWEEN 5453131 AND 5453231
	-> Filter: (sbtest8.id between 5453131 and 5453231)  (cost=20.6 rows=101)
    -> Covering index range scan on sbtest8 using PRIMARY over (5453131 <= id <= 5453231)  (cost=20.6 rows=101)


for range-covered
table 1 : explain SELECT id FROM sbtest1 WHERE id BETWEEN 5687401 AND 5687501
	-> Filter: (sbtest1.id between 5687401 and 5687501)  (cost=20.6 rows=101)
    -> Covering index range scan on sbtest1 using PRIMARY over (5687401 <= id <= 5687501)  (cost=20.6 rows=101)


table 2 : explain SELECT id FROM sbtest2 WHERE id BETWEEN 5687401 AND 5687501
	-> Filter: (sbtest2.id between 5687401 and 5687501)  (cost=20.6 rows=101)
    -> Covering index range scan on sbtest2 using PRIMARY over (5687401 <= id <= 5687501)  (cost=20.6 rows=101)


table 3 : explain SELECT id FROM sbtest3 WHERE id BETWEEN 5687401 AND 5687501
	-> Filter: (sbtest3.id between 5687401 and 5687501)  (cost=20.6 rows=101)
    -> Covering index range scan on sbtest3 using PRIMARY over (5687401 <= id <= 5687501)  (cost=20.6 rows=101)


table 4 : explain SELECT id FROM sbtest4 WHERE id BETWEEN 5687401 AND 5687501
	-> Filter: (sbtest4.id between 5687401 and 5687501)  (cost=20.6 rows=101)
    -> Covering index range scan on sbtest4 using PRIMARY over (5687401 <= id <= 5687501)  (cost=20.6 rows=101)


table 5 : explain SELECT id FROM sbtest5 WHERE id BETWEEN 5687401 AND 5687501
	-> Filter: (sbtest5.id between 5687401 and 5687501)  (cost=20.6 rows=101)
    -> Covering index range scan on sbtest5 using PRIMARY over (5687401 <= id <= 5687501)  (cost=20.6 rows=101)


table 6 : explain SELECT id FROM sbtest6 WHERE id BETWEEN 5687401 AND 5687501
	-> Filter: (sbtest6.id between 5687401 and 5687501)  (cost=20.6 rows=101)
    -> Covering index range scan on sbtest6 using PRIMARY over (5687401 <= id <= 5687501)  (cost=20.6 rows=101)


table 7 : explain SELECT id FROM sbtest7 WHERE id BETWEEN 5687401 AND 5687501
	-> Filter: (sbtest7.id between 5687401 and 5687501)  (cost=20.6 rows=101)
    -> Covering index range scan on sbtest7 using PRIMARY over (5687401 <= id <= 5687501)  (cost=20.6 rows=101)


table 8 : explain SELECT id FROM sbtest8 WHERE id BETWEEN 5687401 AND 5687501
	-> Filter: (sbtest8.id between 5687401 and 5687501)  (cost=20.6 rows=101)
    -> Covering index range scan on sbtest8 using PRIMARY over (5687401 <= id <= 5687501)  (cost=20.6 rows=101)


for range-covered
table 1 : explain SELECT id FROM sbtest1 WHERE id BETWEEN 7020568 AND 7020668
	-> Filter: (sbtest1.id between 7020568 and 7020668)  (cost=20.6 rows=101)
    -> Covering index range scan on sbtest1 using PRIMARY over (7020568 <= id <= 7020668)  (cost=20.6 rows=101)


table 2 : explain SELECT id FROM sbtest2 WHERE id BETWEEN 7020568 AND 7020668
	-> Filter: (sbtest2.id between 7020568 and 7020668)  (cost=20.6 rows=101)
    -> Covering index range scan on sbtest2 using PRIMARY over (7020568 <= id <= 7020668)  (cost=20.6 rows=101)


table 3 : explain SELECT id FROM sbtest3 WHERE id BETWEEN 7020568 AND 7020668
	-> Filter: (sbtest3.id between 7020568 and 7020668)  (cost=20.6 rows=101)
    -> Covering index range scan on sbtest3 using PRIMARY over (7020568 <= id <= 7020668)  (cost=20.6 rows=101)


table 4 : explain SELECT id FROM sbtest4 WHERE id BETWEEN 7020568 AND 7020668
	-> Filter: (sbtest4.id between 7020568 and 7020668)  (cost=20.6 rows=101)
    -> Covering index range scan on sbtest4 using PRIMARY over (7020568 <= id <= 7020668)  (cost=20.6 rows=101)


table 5 : explain SELECT id FROM sbtest5 WHERE id BETWEEN 7020568 AND 7020668
	-> Filter: (sbtest5.id between 7020568 and 7020668)  (cost=20.6 rows=101)
    -> Covering index range scan on sbtest5 using PRIMARY over (7020568 <= id <= 7020668)  (cost=20.6 rows=101)


table 6 : explain SELECT id FROM sbtest6 WHERE id BETWEEN 7020568 AND 7020668
	-> Filter: (sbtest6.id between 7020568 and 7020668)  (cost=20.6 rows=101)
    -> Covering index range scan on sbtest6 using PRIMARY over (7020568 <= id <= 7020668)  (cost=20.6 rows=101)


table 7 : explain SELECT id FROM sbtest7 WHERE id BETWEEN 7020568 AND 7020668
	-> Filter: (sbtest7.id between 7020568 and 7020668)  (cost=20.6 rows=101)
    -> Covering index range scan on sbtest7 using PRIMARY over (7020568 <= id <= 7020668)  (cost=20.6 rows=101)


table 8 : explain SELECT id FROM sbtest8 WHERE id BETWEEN 7020568 AND 7020668
	-> Filter: (sbtest8.id between 7020568 and 7020668)  (cost=20.6 rows=101)
    -> Covering index range scan on sbtest8 using PRIMARY over (7020568 <= id <= 7020668)  (cost=20.6 rows=101)

for range-covered
table 1 : explain SELECT id FROM sbtest1 WHERE id BETWEEN 5021943 AND 5022043
	-> Filter: (sbtest1.id between 5021943 and 5022043)  (cost=20.6 rows=101)
    -> Covering index range scan on sbtest1 using PRIMARY over (5021943 <= id <= 5022043)  (cost=20.6 rows=101)


table 2 : explain SELECT id FROM sbtest2 WHERE id BETWEEN 5021943 AND 5022043
	-> Filter: (sbtest2.id between 5021943 and 5022043)  (cost=20.6 rows=101)
    -> Covering index range scan on sbtest2 using PRIMARY over (5021943 <= id <= 5022043)  (cost=20.6 rows=101)


table 3 : explain SELECT id FROM sbtest3 WHERE id BETWEEN 5021943 AND 5022043
	-> Filter: (sbtest3.id between 5021943 and 5022043)  (cost=20.6 rows=101)
    -> Covering index range scan on sbtest3 using PRIMARY over (5021943 <= id <= 5022043)  (cost=20.6 rows=101)


table 4 : explain SELECT id FROM sbtest4 WHERE id BETWEEN 5021943 AND 5022043
	-> Filter: (sbtest4.id between 5021943 and 5022043)  (cost=20.6 rows=101)
    -> Covering index range scan on sbtest4 using PRIMARY over (5021943 <= id <= 5022043)  (cost=20.6 rows=101)


table 5 : explain SELECT id FROM sbtest5 WHERE id BETWEEN 5021943 AND 5022043
	-> Filter: (sbtest5.id between 5021943 and 5022043)  (cost=20.6 rows=101)
    -> Covering index range scan on sbtest5 using PRIMARY over (5021943 <= id <= 5022043)  (cost=20.6 rows=101)


table 6 : explain SELECT id FROM sbtest6 WHERE id BETWEEN 5021943 AND 5022043
	-> Filter: (sbtest6.id between 5021943 and 5022043)  (cost=20.6 rows=101)
    -> Covering index range scan on sbtest6 using PRIMARY over (5021943 <= id <= 5022043)  (cost=20.6 rows=101)


table 7 : explain SELECT id FROM sbtest7 WHERE id BETWEEN 5021943 AND 5022043
	-> Filter: (sbtest7.id between 5021943 and 5022043)  (cost=20.6 rows=101)
    -> Covering index range scan on sbtest7 using PRIMARY over (5021943 <= id <= 5022043)  (cost=20.6 rows=101)


table 8 : explain SELECT id FROM sbtest8 WHERE id BETWEEN 5021943 AND 5022043
	-> Filter: (sbtest8.id between 5021943 and 5022043)  (cost=20.6 rows=101)
    -> Covering index range scan on sbtest8 using PRIMARY over (5021943 <= id <= 5022043)  (cost=20.6 rows=101)


explain: for range-covered :: explain SELECT id FROM sbtest%d WHERE id BETWEEN 3864310 AND 3864410for range-covered
table 1 : explain SELECT id FROM sbtest1 WHERE id BETWEEN 7609338 AND 7609438
	-> Filter: (sbtest1.id between 7609338 and 7609438)  (cost=20.6 rows=101)
    -> Covering index range scan on sbtest1 using PRIMARY over (7609338 <= id <= 7609438)  (cost=20.6 rows=101)


table 2 : explain SELECT id FROM sbtest2 WHERE id BETWEEN 7609338 AND 7609438
	-> Filter: (sbtest2.id between 7609338 and 7609438)  (cost=20.6 rows=101)
    -> Covering index range scan on sbtest2 using PRIMARY over (7609338 <= id <= 7609438)  (cost=20.6 rows=101)


table 3 : explain SELECT id FROM sbtest3 WHERE id BETWEEN 7609338 AND 7609438
	-> Filter: (sbtest3.id between 7609338 and 7609438)  (cost=20.6 rows=101)
    -> Covering index range scan on sbtest3 using PRIMARY over (7609338 <= id <= 7609438)  (cost=20.6 rows=101)


table 4 : explain SELECT id FROM sbtest4 WHERE id BETWEEN 7609338 AND 7609438
	-> Filter: (sbtest4.id between 7609338 and 7609438)  (cost=20.6 rows=101)
    -> Covering index range scan on sbtest4 using PRIMARY over (7609338 <= id <= 7609438)  (cost=20.6 rows=101)


table 5 : explain SELECT id FROM sbtest5 WHERE id BETWEEN 7609338 AND 7609438
	-> Filter: (sbtest5.id between 7609338 and 7609438)  (cost=20.6 rows=101)
    -> Covering index range scan on sbtest5 using PRIMARY over (7609338 <= id <= 7609438)  (cost=20.6 rows=101)


table 6 : explain SELECT id FROM sbtest6 WHERE id BETWEEN 7609338 AND 7609438
	-> Filter: (sbtest6.id between 7609338 and 7609438)  (cost=20.6 rows=101)
    -> Covering index range scan on sbtest6 using PRIMARY over (7609338 <= id <= 7609438)  (cost=20.6 rows=101)


table 7 : explain SELECT id FROM sbtest7 WHERE id BETWEEN 7609338 AND 7609438
	-> Filter: (sbtest7.id between 7609338 and 7609438)  (cost=20.6 rows=101)
    -> Covering index range scan on sbtest7 using PRIMARY over (7609338 <= id <= 7609438)  (cost=20.6 rows=101)


table 8 : explain SELECT id FROM sbtest8 WHERE id BETWEEN 7609338 AND 7609438
	-> Filter: (sbtest8.id between 7609338 and 7609438)  (cost=20.6 rows=101)
    -> Covering index range scan on sbtest8 using PRIMARY over (7609338 <= id <= 7609438)  (cost=20.6 rows=101)

explain: for range-covered :: explain SELECT id FROM sbtest%d WHERE id BETWEEN 3620066 AND 3620166explain: for range-covered :: explain SELECT id FROM sbtest%d WHERE id BETWEEN 5453131 AND 5453231
explain: for range-covered :: explain SELECT id FROM sbtest%d WHERE id BETWEEN 3504453 AND 3504553
explain: for range-covered :: explain SELECT id FROM sbtest%d WHERE id BETWEEN 2178991 AND 2179091
for range-covered
table 1 : explain SELECT id FROM sbtest1 WHERE id BETWEEN 3869178 AND 3869278
	-> Filter: (sbtest1.id between 3869178 and 3869278)  (cost=20.6 rows=101)
    -> Covering index range scan on sbtest1 using PRIMARY over (3869178 <= id <= 3869278)  (cost=20.6 rows=101)


table 2 : explain SELECT id FROM sbtest2 WHERE id BETWEEN 3869178 AND 3869278
	-> Filter: (sbtest2.id between 3869178 and 3869278)  (cost=20.6 rows=101)
    -> Covering index range scan on sbtest2 using PRIMARY over (3869178 <= id <= 3869278)  (cost=20.6 rows=101)


table 3 : explain SELECT id FROM sbtest3 WHERE id BETWEEN 3869178 AND 3869278
	-> Filter: (sbtest3.id between 3869178 and 3869278)  (cost=20.6 rows=101)
    -> Covering index range scan on sbtest3 using PRIMARY over (3869178 <= id <= 3869278)  (cost=20.6 rows=101)


table 4 : explain SELECT id FROM sbtest4 WHERE id BETWEEN 3869178 AND 3869278
	-> Filter: (sbtest4.id between 3869178 and 3869278)  (cost=20.6 rows=101)
    -> Covering index range scan on sbtest4 using PRIMARY over (3869178 <= id <= 3869278)  (cost=20.6 rows=101)


table 5 : explain SELECT id FROM sbtest5 WHERE id BETWEEN 3869178 AND 3869278
	-> Filter: (sbtest5.id between 3869178 and 3869278)  (cost=20.6 rows=101)
    -> Covering index range scan on sbtest5 using PRIMARY over (3869178 <= id <= 3869278)  (cost=20.6 rows=101)


table 6 : explain SELECT id FROM sbtest6 WHERE id BETWEEN 3869178 AND 3869278
	-> Filter: (sbtest6.id between 3869178 and 3869278)  (cost=20.6 rows=101)
    -> Covering index range scan on sbtest6 using PRIMARY over (3869178 <= id <= 3869278)  (cost=20.6 rows=101)


table 7 : explain SELECT id FROM sbtest7 WHERE id BETWEEN 3869178 AND 3869278
	-> Filter: (sbtest7.id between 3869178 and 3869278)  (cost=20.6 rows=101)
    -> Covering index range scan on sbtest7 using PRIMARY over (3869178 <= id <= 3869278)  (cost=20.6 rows=101)


table 8 : explain SELECT id FROM sbtest8 WHERE id BETWEEN 3869178 AND 3869278
	-> Filter: (sbtest8.id between 3869178 and 3869278)  (cost=20.6 rows=101)
    -> Covering index range scan on sbtest8 using PRIMARY over (3869178 <= id <= 3869278)  (cost=20.6 rows=101)



explain: for range-covered :: explain SELECT id FROM sbtest%d WHERE id BETWEEN 5021943 AND 5022043
for range-covered
table 1 : explain SELECT id FROM sbtest1 WHERE id BETWEEN 7665281 AND 7665381
	-> Filter: (sbtest1.id between 7665281 and 7665381)  (cost=20.6 rows=101)
    -> Covering index range scan on sbtest1 using PRIMARY over (7665281 <= id <= 7665381)  (cost=20.6 rows=101)


table 2 : explain SELECT id FROM sbtest2 WHERE id BETWEEN 7665281 AND 7665381
	-> Filter: (sbtest2.id between 7665281 and 7665381)  (cost=20.6 rows=101)
    -> Covering index range scan on sbtest2 using PRIMARY over (7665281 <= id <= 7665381)  (cost=20.6 rows=101)


table 3 : explain SELECT id FROM sbtest3 WHERE id BETWEEN 7665281 AND 7665381
	-> Filter: (sbtest3.id between 7665281 and 7665381)  (cost=20.6 rows=101)
    -> Covering index range scan on sbtest3 using PRIMARY over (7665281 <= id <= 7665381)  (cost=20.6 rows=101)


table 4 : explain SELECT id FROM sbtest4 WHERE id BETWEEN 7665281 AND 7665381
	-> Filter: (sbtest4.id between 7665281 and 7665381)  (cost=20.6 rows=101)
    -> Covering index range scan on sbtest4 using PRIMARY over (7665281 <= id <= 7665381)  (cost=20.6 rows=101)


table 5 : explain SELECT id FROM sbtest5 WHERE id BETWEEN 7665281 AND 7665381
	-> Filter: (sbtest5.id between 7665281 and 7665381)  (cost=20.6 rows=101)
    -> Covering index range scan on sbtest5 using PRIMARY over (7665281 <= id <= 7665381)  (cost=20.6 rows=101)


table 6 : explain SELECT id FROM sbtest6 WHERE id BETWEEN 7665281 AND 7665381
	-> Filter: (sbtest6.id between 7665281 and 7665381)  (cost=20.6 rows=101)
    -> Covering index range scan on sbtest6 using PRIMARY over (7665281 <= id <= 7665381)  (cost=20.6 rows=101)


table 7 : explain SELECT id FROM sbtest7 WHERE id BETWEEN 7665281 AND 7665381
	-> Filter: (sbtest7.id between 7665281 and 7665381)  (cost=20.6 rows=101)
    -> Covering index range scan on sbtest7 using PRIMARY over (7665281 <= id <= 7665381)  (cost=20.6 rows=101)


table 8 : explain SELECT id FROM sbtest8 WHERE id BETWEEN 7665281 AND 7665381
	-> Filter: (sbtest8.id between 7665281 and 7665381)  (cost=20.6 rows=101)
    -> Covering index range scan on sbtest8 using PRIMARY over (7665281 <= id <= 7665381)  (cost=20.6 rows=101)


explain: for range-covered :: explain SELECT id FROM sbtest%d WHERE id BETWEEN 5687401 AND 5687501

explain: for range-covered :: explain SELECT id FROM sbtest%d WHERE id BETWEEN 3869178 AND 3869278
for range-covered
table 1 : explain SELECT id FROM sbtest1 WHERE id BETWEEN 7505176 AND 7505276
	-> Filter: (sbtest1.id between 7505176 and 7505276)  (cost=20.6 rows=101)
    -> Covering index range scan on sbtest1 using PRIMARY over (7505176 <= id <= 7505276)  (cost=20.6 rows=101)


table 2 : explain SELECT id FROM sbtest2 WHERE id BETWEEN 7505176 AND 7505276
	-> Filter: (sbtest2.id between 7505176 and 7505276)  (cost=20.6 rows=101)
    -> Covering index range scan on sbtest2 using PRIMARY over (7505176 <= id <= 7505276)  (cost=20.6 rows=101)


table 3 : explain SELECT id FROM sbtest3 WHERE id BETWEEN 7505176 AND 7505276
	-> Filter: (sbtest3.id between 7505176 and 7505276)  (cost=20.6 rows=101)
    -> Covering index range scan on sbtest3 using PRIMARY over (7505176 <= id <= 7505276)  (cost=20.6 rows=101)


table 4 : explain SELECT id FROM sbtest4 WHERE id BETWEEN 7505176 AND 7505276
	-> Filter: (sbtest4.id between 7505176 and 7505276)  (cost=20.6 rows=101)
    -> Covering index range scan on sbtest4 using PRIMARY over (7505176 <= id <= 7505276)  (cost=20.6 rows=101)


table 5 : explain SELECT id FROM sbtest5 WHERE id BETWEEN 7505176 AND 7505276
	-> Filter: (sbtest5.id between 7505176 and 7505276)  (cost=20.6 rows=101)
    -> Covering index range scan on sbtest5 using PRIMARY over (7505176 <= id <= 7505276)  (cost=20.6 rows=101)


table 6 : explain SELECT id FROM sbtest6 WHERE id BETWEEN 7505176 AND 7505276
	-> Filter: (sbtest6.id between 7505176 and 7505276)  (cost=20.6 rows=101)
    -> Covering index range scan on sbtest6 using PRIMARY over (7505176 <= id <= 7505276)  (cost=20.6 rows=101)


table 7 : explain SELECT id FROM sbtest7 WHERE id BETWEEN 7505176 AND 7505276
	-> Filter: (sbtest7.id between 7505176 and 7505276)  (cost=20.6 rows=101)
    -> Covering index range scan on sbtest7 using PRIMARY over (7505176 <= id <= 7505276)  (cost=20.6 rows=101)


table 8 : explain SELECT id FROM sbtest8 WHERE id BETWEEN 7505176 AND 7505276
	-> Filter: (sbtest8.id between 7505176 and 7505276)  (cost=20.6 rows=101)
    -> Covering index range scan on sbtest8 using PRIMARY over (7505176 <= id <= 7505276)  (cost=20.6 rows=101)


explain: for range-covered :: explain SELECT id FROM sbtest%d WHERE id BETWEEN 5590836 AND 5590936


explain: for range-covered :: explain SELECT id FROM sbtest%d WHERE id BETWEEN 4681970 AND 4682070
for range-covered
table 1 : explain SELECT id FROM sbtest1 WHERE id BETWEEN 6321405 AND 6321505
	-> Filter: (sbtest1.id between 6321405 and 6321505)  (cost=20.6 rows=101)
    -> Covering index range scan on sbtest1 using PRIMARY over (6321405 <= id <= 6321505)  (cost=20.6 rows=101)


table 2 : explain SELECT id FROM sbtest2 WHERE id BETWEEN 6321405 AND 6321505
	-> Filter: (sbtest2.id between 6321405 and 6321505)  (cost=20.6 rows=101)
    -> Covering index range scan on sbtest2 using PRIMARY over (6321405 <= id <= 6321505)  (cost=20.6 rows=101)


table 3 : explain SELECT id FROM sbtest3 WHERE id BETWEEN 6321405 AND 6321505
	-> Filter: (sbtest3.id between 6321405 and 6321505)  (cost=20.6 rows=101)
    -> Covering index range scan on sbtest3 using PRIMARY over (6321405 <= id <= 6321505)  (cost=20.6 rows=101)


table 4 : explain SELECT id FROM sbtest4 WHERE id BETWEEN 6321405 AND 6321505
	-> Filter: (sbtest4.id between 6321405 and 6321505)  (cost=20.6 rows=101)
    -> Covering index range scan on sbtest4 using PRIMARY over (6321405 <= id <= 6321505)  (cost=20.6 rows=101)


table 5 : explain SELECT id FROM sbtest5 WHERE id BETWEEN 6321405 AND 6321505
	-> Filter: (sbtest5.id between 6321405 and 6321505)  (cost=20.6 rows=101)
    -> Covering index range scan on sbtest5 using PRIMARY over (6321405 <= id <= 6321505)  (cost=20.6 rows=101)


table 6 : explain SELECT id FROM sbtest6 WHERE id BETWEEN 6321405 AND 6321505
	-> Filter: (sbtest6.id between 6321405 and 6321505)  (cost=20.6 rows=101)
    -> Covering index range scan on sbtest6 using PRIMARY over (6321405 <= id <= 6321505)  (cost=20.6 rows=101)


table 7 : explain SELECT id FROM sbtest7 WHERE id BETWEEN 6321405 AND 6321505
	-> Filter: (sbtest7.id between 6321405 and 6321505)  (cost=20.6 rows=101)
    -> Covering index range scan on sbtest7 using PRIMARY over (6321405 <= id <= 6321505)  (cost=20.6 rows=101)


table 8 : explain SELECT id FROM sbtest8 WHERE id BETWEEN 6321405 AND 6321505
	-> Filter: (sbtest8.id between 6321405 and 6321505)  (cost=20.6 rows=101)
    -> Covering index range scan on sbtest8 using PRIMARY over (6321405 <= id <= 6321505)  (cost=20.6 rows=101)


for range-covered
table 1 : explain SELECT id FROM sbtest1 WHERE id BETWEEN 1893473 AND 1893573
	-> Filter: (sbtest1.id between 1893473 and 1893573)  (cost=20.6 rows=101)
    -> Covering index range scan on sbtest1 using PRIMARY over (1893473 <= id <= 1893573)  (cost=20.6 rows=101)


table 2 : explain SELECT id FROM sbtest2 WHERE id BETWEEN 1893473 AND 1893573
	-> Filter: (sbtest2.id between 1893473 and 1893573)  (cost=20.6 rows=101)
    -> Covering index range scan on sbtest2 using PRIMARY over (1893473 <= id <= 1893573)  (cost=20.6 rows=101)


table 3 : explain SELECT id FROM sbtest3 WHERE id BETWEEN 1893473 AND 1893573
	-> Filter: (sbtest3.id between 1893473 and 1893573)  (cost=20.6 rows=101)
    -> Covering index range scan on sbtest3 using PRIMARY over (1893473 <= id <= 1893573)  (cost=20.6 rows=101)


table 4 : explain SELECT id FROM sbtest4 WHERE id BETWEEN 1893473 AND 1893573
	-> Filter: (sbtest4.id between 1893473 and 1893573)  (cost=20.6 rows=101)
    -> Covering index range scan on sbtest4 using PRIMARY over (1893473 <= id <= 1893573)  (cost=20.6 rows=101)


table 5 : explain SELECT id FROM sbtest5 WHERE id BETWEEN 1893473 AND 1893573
	-> Filter: (sbtest5.id between 1893473 and 1893573)  (cost=20.6 rows=101)
    -> Covering index range scan on sbtest5 using PRIMARY over (1893473 <= id <= 1893573)  (cost=20.6 rows=101)


table 6 : explain SELECT id FROM sbtest6 WHERE id BETWEEN 1893473 AND 1893573
	-> Filter: (sbtest6.id between 1893473 and 1893573)  (cost=20.6 rows=101)
    -> Covering index range scan on sbtest6 using PRIMARY over (1893473 <= id <= 1893573)  (cost=20.6 rows=101)


table 7 : explain SELECT id FROM sbtest7 WHERE id BETWEEN 1893473 AND 1893573
	-> Filter: (sbtest7.id between 1893473 and 1893573)  (cost=20.6 rows=101)
    -> Covering index range scan on sbtest7 using PRIMARY over (1893473 <= id <= 1893573)  (cost=20.6 rows=101)


table 8 : explain SELECT id FROM sbtest8 WHERE id BETWEEN 1893473 AND 1893573
	-> Filter: (sbtest8.id between 1893473 and 1893573)  (cost=20.6 rows=101)
    -> Covering index range scan on sbtest8 using PRIMARY over (1893473 <= id <= 1893573)  (cost=20.6 rows=101)

explain: for range-covered :: explain SELECT id FROM sbtest%d WHERE id BETWEEN 2845774 AND 2845874
explain: for range-covered :: explain SELECT id FROM sbtest%d WHERE id BETWEEN 7665281 AND 7665381for range-covered
table 1 : explain SELECT id FROM sbtest1 WHERE id BETWEEN 3468232 AND 3468332
	-> Filter: (sbtest1.id between 3468232 and 3468332)  (cost=20.6 rows=101)
    -> Covering index range scan on sbtest1 using PRIMARY over (3468232 <= id <= 3468332)  (cost=20.6 rows=101)


table 2 : explain SELECT id FROM sbtest2 WHERE id BETWEEN 3468232 AND 3468332
	-> Filter: (sbtest2.id between 3468232 and 3468332)  (cost=20.6 rows=101)
    -> Covering index range scan on sbtest2 using PRIMARY over (3468232 <= id <= 3468332)  (cost=20.6 rows=101)


table 3 : explain SELECT id FROM sbtest3 WHERE id BETWEEN 3468232 AND 3468332
	-> Filter: (sbtest3.id between 3468232 and 3468332)  (cost=20.6 rows=101)
    -> Covering index range scan on sbtest3 using PRIMARY over (3468232 <= id <= 3468332)  (cost=20.6 rows=101)


table 4 : explain SELECT id FROM sbtest4 WHERE id BETWEEN 3468232 AND 3468332
	-> Filter: (sbtest4.id between 3468232 and 3468332)  (cost=20.6 rows=101)
    -> Covering index range scan on sbtest4 using PRIMARY over (3468232 <= id <= 3468332)  (cost=20.6 rows=101)


table 5 : explain SELECT id FROM sbtest5 WHERE id BETWEEN 3468232 AND 3468332
	-> Filter: (sbtest5.id between 3468232 and 3468332)  (cost=20.6 rows=101)
    -> Covering index range scan on sbtest5 using PRIMARY over (3468232 <= id <= 3468332)  (cost=20.6 rows=101)


table 6 : explain SELECT id FROM sbtest6 WHERE id BETWEEN 3468232 AND 3468332
	-> Filter: (sbtest6.id between 3468232 and 3468332)  (cost=20.6 rows=101)
    -> Covering index range scan on sbtest6 using PRIMARY over (3468232 <= id <= 3468332)  (cost=20.6 rows=101)


table 7 : explain SELECT id FROM sbtest7 WHERE id BETWEEN 3468232 AND 3468332
	-> Filter: (sbtest7.id between 3468232 and 3468332)  (cost=20.6 rows=101)
    -> Covering index range scan on sbtest7 using PRIMARY over (3468232 <= id <= 3468332)  (cost=20.6 rows=101)


table 8 : explain SELECT id FROM sbtest8 WHERE id BETWEEN 3468232 AND 3468332
	-> Filter: (sbtest8.id between 3468232 and 3468332)  (cost=20.6 rows=101)
    -> Covering index range scan on sbtest8 using PRIMARY over (3468232 <= id <= 3468332)  (cost=20.6 rows=101)


for range-covered
table 1 : explain SELECT id FROM sbtest1 WHERE id BETWEEN 4390786 AND 4390886
	-> Filter: (sbtest1.id between 4390786 and 4390886)  (cost=20.6 rows=101)
    -> Covering index range scan on sbtest1 using PRIMARY over (4390786 <= id <= 4390886)  (cost=20.6 rows=101)


table 2 : explain SELECT id FROM sbtest2 WHERE id BETWEEN 4390786 AND 4390886
	-> Filter: (sbtest2.id between 4390786 and 4390886)  (cost=20.6 rows=101)
    -> Covering index range scan on sbtest2 using PRIMARY over (4390786 <= id <= 4390886)  (cost=20.6 rows=101)


table 3 : explain SELECT id FROM sbtest3 WHERE id BETWEEN 4390786 AND 4390886
	-> Filter: (sbtest3.id between 4390786 and 4390886)  (cost=20.6 rows=101)
    -> Covering index range scan on sbtest3 using PRIMARY over (4390786 <= id <= 4390886)  (cost=20.6 rows=101)


table 4 : explain SELECT id FROM sbtest4 WHERE id BETWEEN 4390786 AND 4390886
	-> Filter: (sbtest4.id between 4390786 and 4390886)  (cost=20.6 rows=101)
    -> Covering index range scan on sbtest4 using PRIMARY over (4390786 <= id <= 4390886)  (cost=20.6 rows=101)


table 5 : explain SELECT id FROM sbtest5 WHERE id BETWEEN 4390786 AND 4390886
	-> Filter: (sbtest5.id between 4390786 and 4390886)  (cost=20.6 rows=101)
    -> Covering index range scan on sbtest5 using PRIMARY over (4390786 <= id <= 4390886)  (cost=20.6 rows=101)


table 6 : explain SELECT id FROM sbtest6 WHERE id BETWEEN 4390786 AND 4390886
	-> Filter: (sbtest6.id between 4390786 and 4390886)  (cost=20.6 rows=101)
    -> Covering index range scan on sbtest6 using PRIMARY over (4390786 <= id <= 4390886)  (cost=20.6 rows=101)


table 7 : explain SELECT id FROM sbtest7 WHERE id BETWEEN 4390786 AND 4390886
	-> Filter: (sbtest7.id between 4390786 and 4390886)  (cost=20.6 rows=101)
    -> Covering index range scan on sbtest7 using PRIMARY over (4390786 <= id <= 4390886)  (cost=20.6 rows=101)


table 8 : explain SELECT id FROM sbtest8 WHERE id BETWEEN 4390786 AND 4390886
	-> Filter: (sbtest8.id between 4390786 and 4390886)  (cost=20.6 rows=101)
    -> Covering index range scan on sbtest8 using PRIMARY over (4390786 <= id <= 4390886)  (cost=20.6 rows=101)



explain: for range-covered :: explain SELECT id FROM sbtest%d WHERE id BETWEEN 7609338 AND 7609438
for range-covered
table 1 : explain SELECT id FROM sbtest1 WHERE id BETWEEN 4333531 AND 4333631
	-> Filter: (sbtest1.id between 4333531 and 4333631)  (cost=20.6 rows=101)
    -> Covering index range scan on sbtest1 using PRIMARY over (4333531 <= id <= 4333631)  (cost=20.6 rows=101)


table 2 : explain SELECT id FROM sbtest2 WHERE id BETWEEN 4333531 AND 4333631
	-> Filter: (sbtest2.id between 4333531 and 4333631)  (cost=20.6 rows=101)
    -> Covering index range scan on sbtest2 using PRIMARY over (4333531 <= id <= 4333631)  (cost=20.6 rows=101)


table 3 : explain SELECT id FROM sbtest3 WHERE id BETWEEN 4333531 AND 4333631
	-> Filter: (sbtest3.id between 4333531 and 4333631)  (cost=20.6 rows=101)
    -> Covering index range scan on sbtest3 using PRIMARY over (4333531 <= id <= 4333631)  (cost=20.6 rows=101)


table 4 : explain SELECT id FROM sbtest4 WHERE id BETWEEN 4333531 AND 4333631
	-> Filter: (sbtest4.id between 4333531 and 4333631)  (cost=20.6 rows=101)
    -> Covering index range scan on sbtest4 using PRIMARY over (4333531 <= id <= 4333631)  (cost=20.6 rows=101)


table 5 : explain SELECT id FROM sbtest5 WHERE id BETWEEN 4333531 AND 4333631
	-> Filter: (sbtest5.id between 4333531 and 4333631)  (cost=20.6 rows=101)
    -> Covering index range scan on sbtest5 using PRIMARY over (4333531 <= id <= 4333631)  (cost=20.6 rows=101)


table 6 : explain SELECT id FROM sbtest6 WHERE id BETWEEN 4333531 AND 4333631
	-> Filter: (sbtest6.id between 4333531 and 4333631)  (cost=20.6 rows=101)
    -> Covering index range scan on sbtest6 using PRIMARY over (4333531 <= id <= 4333631)  (cost=20.6 rows=101)


table 7 : explain SELECT id FROM sbtest7 WHERE id BETWEEN 4333531 AND 4333631
	-> Filter: (sbtest7.id between 4333531 and 4333631)  (cost=20.6 rows=101)
    -> Covering index range scan on sbtest7 using PRIMARY over (4333531 <= id <= 4333631)  (cost=20.6 rows=101)


table 8 : explain SELECT id FROM sbtest8 WHERE id BETWEEN 4333531 AND 4333631
	-> Filter: (sbtest8.id between 4333531 and 4333631)  (cost=20.6 rows=101)
    -> Covering index range scan on sbtest8 using PRIMARY over (4333531 <= id <= 4333631)  (cost=20.6 rows=101)


for range-covered
table 1 : explain SELECT id FROM sbtest1 WHERE id BETWEEN 6121679 AND 6121779
	-> Filter: (sbtest1.id between 6121679 and 6121779)  (cost=20.6 rows=101)
    -> Covering index range scan on sbtest1 using PRIMARY over (6121679 <= id <= 6121779)  (cost=20.6 rows=101)


table 2 : explain SELECT id FROM sbtest2 WHERE id BETWEEN 6121679 AND 6121779
	-> Filter: (sbtest2.id between 6121679 and 6121779)  (cost=20.6 rows=101)
    -> Covering index range scan on sbtest2 using PRIMARY over (6121679 <= id <= 6121779)  (cost=20.6 rows=101)


table 3 : explain SELECT id FROM sbtest3 WHERE id BETWEEN 6121679 AND 6121779
	-> Filter: (sbtest3.id between 6121679 and 6121779)  (cost=20.6 rows=101)
    -> Covering index range scan on sbtest3 using PRIMARY over (6121679 <= id <= 6121779)  (cost=20.6 rows=101)


table 4 : explain SELECT id FROM sbtest4 WHERE id BETWEEN 6121679 AND 6121779
	-> Filter: (sbtest4.id between 6121679 and 6121779)  (cost=20.6 rows=101)
    -> Covering index range scan on sbtest4 using PRIMARY over (6121679 <= id <= 6121779)  (cost=20.6 rows=101)


table 5 : explain SELECT id FROM sbtest5 WHERE id BETWEEN 6121679 AND 6121779
	-> Filter: (sbtest5.id between 6121679 and 6121779)  (cost=20.6 rows=101)
    -> Covering index range scan on sbtest5 using PRIMARY over (6121679 <= id <= 6121779)  (cost=20.6 rows=101)


table 6 : explain SELECT id FROM sbtest6 WHERE id BETWEEN 6121679 AND 6121779
	-> Filter: (sbtest6.id between 6121679 and 6121779)  (cost=20.6 rows=101)
    -> Covering index range scan on sbtest6 using PRIMARY over (6121679 <= id <= 6121779)  (cost=20.6 rows=101)


table 7 : explain SELECT id FROM sbtest7 WHERE id BETWEEN 6121679 AND 6121779
	-> Filter: (sbtest7.id between 6121679 and 6121779)  (cost=20.6 rows=101)
    -> Covering index range scan on sbtest7 using PRIMARY over (6121679 <= id <= 6121779)  (cost=20.6 rows=101)


table 8 : explain SELECT id FROM sbtest8 WHERE id BETWEEN 6121679 AND 6121779
	-> Filter: (sbtest8.id between 6121679 and 6121779)  (cost=20.6 rows=101)
    -> Covering index range scan on sbtest8 using PRIMARY over (6121679 <= id <= 6121779)  (cost=20.6 rows=101)



explain: for range-covered :: explain SELECT id FROM sbtest%d WHERE id BETWEEN 7505176 AND 7505276explain: for range-covered :: explain SELECT id FROM sbtest%d WHERE id BETWEEN 3468232 AND 3468332for range-covered
table 1 : explain SELECT id FROM sbtest1 WHERE id BETWEEN 4863833 AND 4863933
	-> Filter: (sbtest1.id between 4863833 and 4863933)  (cost=20.6 rows=101)
    -> Covering index range scan on sbtest1 using PRIMARY over (4863833 <= id <= 4863933)  (cost=20.6 rows=101)


table 2 : explain SELECT id FROM sbtest2 WHERE id BETWEEN 4863833 AND 4863933
	-> Filter: (sbtest2.id between 4863833 and 4863933)  (cost=20.6 rows=101)
    -> Covering index range scan on sbtest2 using PRIMARY over (4863833 <= id <= 4863933)  (cost=20.6 rows=101)


table 3 : explain SELECT id FROM sbtest3 WHERE id BETWEEN 4863833 AND 4863933
	-> Filter: (sbtest3.id between 4863833 and 4863933)  (cost=20.6 rows=101)
    -> Covering index range scan on sbtest3 using PRIMARY over (4863833 <= id <= 4863933)  (cost=20.6 rows=101)


table 4 : explain SELECT id FROM sbtest4 WHERE id BETWEEN 4863833 AND 4863933
	-> Filter: (sbtest4.id between 4863833 and 4863933)  (cost=20.6 rows=101)
    -> Covering index range scan on sbtest4 using PRIMARY over (4863833 <= id <= 4863933)  (cost=20.6 rows=101)


table 5 : explain SELECT id FROM sbtest5 WHERE id BETWEEN 4863833 AND 4863933
	-> Filter: (sbtest5.id between 4863833 and 4863933)  (cost=20.6 rows=101)
    -> Covering index range scan on sbtest5 using PRIMARY over (4863833 <= id <= 4863933)  (cost=20.6 rows=101)


table 6 : explain SELECT id FROM sbtest6 WHERE id BETWEEN 4863833 AND 4863933
	-> Filter: (sbtest6.id between 4863833 and 4863933)  (cost=20.6 rows=101)
    -> Covering index range scan on sbtest6 using PRIMARY over (4863833 <= id <= 4863933)  (cost=20.6 rows=101)


table 7 : explain SELECT id FROM sbtest7 WHERE id BETWEEN 4863833 AND 4863933
	-> Filter: (sbtest7.id between 4863833 and 4863933)  (cost=20.6 rows=101)
    -> Covering index range scan on sbtest7 using PRIMARY over (4863833 <= id <= 4863933)  (cost=20.6 rows=101)


table 8 : explain SELECT id FROM sbtest8 WHERE id BETWEEN 4863833 AND 4863933
	-> Filter: (sbtest8.id between 4863833 and 4863933)  (cost=20.6 rows=101)
    -> Covering index range scan on sbtest8 using PRIMARY over (4863833 <= id <= 4863933)  (cost=20.6 rows=101)


explain: for range-covered :: explain SELECT id FROM sbtest%d WHERE id BETWEEN 4333531 AND 4333631
for range-covered
table 1 : explain SELECT id FROM sbtest1 WHERE id BETWEEN 7126950 AND 7127050
	-> Filter: (sbtest1.id between 7126950 and 7127050)  (cost=20.6 rows=101)
    -> Covering index range scan on sbtest1 using PRIMARY over (7126950 <= id <= 7127050)  (cost=20.6 rows=101)


table 2 : explain SELECT id FROM sbtest2 WHERE id BETWEEN 7126950 AND 7127050
	-> Filter: (sbtest2.id between 7126950 and 7127050)  (cost=20.6 rows=101)
    -> Covering index range scan on sbtest2 using PRIMARY over (7126950 <= id <= 7127050)  (cost=20.6 rows=101)


table 3 : explain SELECT id FROM sbtest3 WHERE id BETWEEN 7126950 AND 7127050
	-> Filter: (sbtest3.id between 7126950 and 7127050)  (cost=20.6 rows=101)
    -> Covering index range scan on sbtest3 using PRIMARY over (7126950 <= id <= 7127050)  (cost=20.6 rows=101)


table 4 : explain SELECT id FROM sbtest4 WHERE id BETWEEN 7126950 AND 7127050
	-> Filter: (sbtest4.id between 7126950 and 7127050)  (cost=20.6 rows=101)
    -> Covering index range scan on sbtest4 using PRIMARY over (7126950 <= id <= 7127050)  (cost=20.6 rows=101)


table 5 : explain SELECT id FROM sbtest5 WHERE id BETWEEN 7126950 AND 7127050
	-> Filter: (sbtest5.id between 7126950 and 7127050)  (cost=20.6 rows=101)
    -> Covering index range scan on sbtest5 using PRIMARY over (7126950 <= id <= 7127050)  (cost=20.6 rows=101)


table 6 : explain SELECT id FROM sbtest6 WHERE id BETWEEN 7126950 AND 7127050
	-> Filter: (sbtest6.id between 7126950 and 7127050)  (cost=20.6 rows=101)
    -> Covering index range scan on sbtest6 using PRIMARY over (7126950 <= id <= 7127050)  (cost=20.6 rows=101)


table 7 : explain SELECT id FROM sbtest7 WHERE id BETWEEN 7126950 AND 7127050
	-> Filter: (sbtest7.id between 7126950 and 7127050)  (cost=20.6 rows=101)
    -> Covering index range scan on sbtest7 using PRIMARY over (7126950 <= id <= 7127050)  (cost=20.6 rows=101)


table 8 : explain SELECT id FROM sbtest8 WHERE id BETWEEN 7126950 AND 7127050
	-> Filter: (sbtest8.id between 7126950 and 7127050)  (cost=20.6 rows=101)
    -> Covering index range scan on sbtest8 using PRIMARY over (7126950 <= id <= 7127050)  (cost=20.6 rows=101)


explain: for range-covered :: explain SELECT id FROM sbtest%d WHERE id BETWEEN 4390786 AND 4390886
for range-covered
table 1 : explain SELECT id FROM sbtest1 WHERE id BETWEEN 4991619 AND 4991719
	-> Filter: (sbtest1.id between 4991619 and 4991719)  (cost=20.6 rows=101)
    -> Covering index range scan on sbtest1 using PRIMARY over (4991619 <= id <= 4991719)  (cost=20.6 rows=101)


table 2 : explain SELECT id FROM sbtest2 WHERE id BETWEEN 4991619 AND 4991719
	-> Filter: (sbtest2.id between 4991619 and 4991719)  (cost=20.6 rows=101)
    -> Covering index range scan on sbtest2 using PRIMARY over (4991619 <= id <= 4991719)  (cost=20.6 rows=101)


table 3 : explain SELECT id FROM sbtest3 WHERE id BETWEEN 4991619 AND 4991719
	-> Filter: (sbtest3.id between 4991619 and 4991719)  (cost=20.6 rows=101)
    -> Covering index range scan on sbtest3 using PRIMARY over (4991619 <= id <= 4991719)  (cost=20.6 rows=101)


table 4 : explain SELECT id FROM sbtest4 WHERE id BETWEEN 4991619 AND 4991719
	-> Filter: (sbtest4.id between 4991619 and 4991719)  (cost=20.6 rows=101)
    -> Covering index range scan on sbtest4 using PRIMARY over (4991619 <= id <= 4991719)  (cost=20.6 rows=101)


table 5 : explain SELECT id FROM sbtest5 WHERE id BETWEEN 4991619 AND 4991719
	-> Filter: (sbtest5.id between 4991619 and 4991719)  (cost=20.6 rows=101)
    -> Covering index range scan on sbtest5 using PRIMARY over (4991619 <= id <= 4991719)  (cost=20.6 rows=101)


table 6 : explain SELECT id FROM sbtest6 WHERE id BETWEEN 4991619 AND 4991719
	-> Filter: (sbtest6.id between 4991619 and 4991719)  (cost=20.6 rows=101)
    -> Covering index range scan on sbtest6 using PRIMARY over (4991619 <= id <= 4991719)  (cost=20.6 rows=101)


table 7 : explain SELECT id FROM sbtest7 WHERE id BETWEEN 4991619 AND 4991719
	-> Filter: (sbtest7.id between 4991619 and 4991719)  (cost=20.6 rows=101)
    -> Covering index range scan on sbtest7 using PRIMARY over (4991619 <= id <= 4991719)  (cost=20.6 rows=101)


table 8 : explain SELECT id FROM sbtest8 WHERE id BETWEEN 4991619 AND 4991719
	-> Filter: (sbtest8.id between 4991619 and 4991719)  (cost=20.6 rows=101)
    -> Covering index range scan on sbtest8 using PRIMARY over (4991619 <= id <= 4991719)  (cost=20.6 rows=101)



explain: for range-covered :: explain SELECT id FROM sbtest%d WHERE id BETWEEN 4863833 AND 4863933explain: for range-covered :: explain SELECT id FROM sbtest%d WHERE id BETWEEN 6321405 AND 6321505explain: for range-covered :: explain SELECT id FROM sbtest%d WHERE id BETWEEN 7126950 AND 7127050
for range-covered
table 1 : explain SELECT id FROM sbtest1 WHERE id BETWEEN 9219070 AND 9219170
	-> Filter: (sbtest1.id between 9219070 and 9219170)  (cost=20.6 rows=101)
    -> Covering index range scan on sbtest1 using PRIMARY over (9219070 <= id <= 9219170)  (cost=20.6 rows=101)


table 2 : explain SELECT id FROM sbtest2 WHERE id BETWEEN 9219070 AND 9219170
	-> Filter: (sbtest2.id between 9219070 and 9219170)  (cost=20.6 rows=101)
    -> Covering index range scan on sbtest2 using PRIMARY over (9219070 <= id <= 9219170)  (cost=20.6 rows=101)


table 3 : explain SELECT id FROM sbtest3 WHERE id BETWEEN 9219070 AND 9219170
	-> Filter: (sbtest3.id between 9219070 and 9219170)  (cost=20.6 rows=101)
    -> Covering index range scan on sbtest3 using PRIMARY over (9219070 <= id <= 9219170)  (cost=20.6 rows=101)


table 4 : explain SELECT id FROM sbtest4 WHERE id BETWEEN 9219070 AND 9219170
	-> Filter: (sbtest4.id between 9219070 and 9219170)  (cost=20.6 rows=101)
    -> Covering index range scan on sbtest4 using PRIMARY over (9219070 <= id <= 9219170)  (cost=20.6 rows=101)


table 5 : explain SELECT id FROM sbtest5 WHERE id BETWEEN 9219070 AND 9219170
	-> Filter: (sbtest5.id between 9219070 and 9219170)  (cost=20.6 rows=101)
    -> Covering index range scan on sbtest5 using PRIMARY over (9219070 <= id <= 9219170)  (cost=20.6 rows=101)


table 6 : explain SELECT id FROM sbtest6 WHERE id BETWEEN 9219070 AND 9219170
	-> Filter: (sbtest6.id between 9219070 and 9219170)  (cost=20.6 rows=101)
    -> Covering index range scan on sbtest6 using PRIMARY over (9219070 <= id <= 9219170)  (cost=20.6 rows=101)


table 7 : explain SELECT id FROM sbtest7 WHERE id BETWEEN 9219070 AND 9219170
	-> Filter: (sbtest7.id between 9219070 and 9219170)  (cost=20.6 rows=101)
    -> Covering index range scan on sbtest7 using PRIMARY over (9219070 <= id <= 9219170)  (cost=20.6 rows=101)


table 8 : explain SELECT id FROM sbtest8 WHERE id BETWEEN 9219070 AND 9219170
	-> Filter: (sbtest8.id between 9219070 and 9219170)  (cost=20.6 rows=101)
    -> Covering index range scan on sbtest8 using PRIMARY over (9219070 <= id <= 9219170)  (cost=20.6 rows=101)

for range-covered
table 1 : explain SELECT id FROM sbtest1 WHERE id BETWEEN 8126829 AND 8126929
	-> Filter: (sbtest1.id between 8126829 and 8126929)  (cost=20.6 rows=101)
    -> Covering index range scan on sbtest1 using PRIMARY over (8126829 <= id <= 8126929)  (cost=20.6 rows=101)


table 2 : explain SELECT id FROM sbtest2 WHERE id BETWEEN 8126829 AND 8126929
	-> Filter: (sbtest2.id between 8126829 and 8126929)  (cost=20.6 rows=101)
    -> Covering index range scan on sbtest2 using PRIMARY over (8126829 <= id <= 8126929)  (cost=20.6 rows=101)


table 3 : explain SELECT id FROM sbtest3 WHERE id BETWEEN 8126829 AND 8126929
	-> Filter: (sbtest3.id between 8126829 and 8126929)  (cost=20.6 rows=101)
    -> Covering index range scan on sbtest3 using PRIMARY over (8126829 <= id <= 8126929)  (cost=20.6 rows=101)


table 4 : explain SELECT id FROM sbtest4 WHERE id BETWEEN 8126829 AND 8126929
	-> Filter: (sbtest4.id between 8126829 and 8126929)  (cost=20.6 rows=101)
    -> Covering index range scan on sbtest4 using PRIMARY over (8126829 <= id <= 8126929)  (cost=20.6 rows=101)


table 5 : explain SELECT id FROM sbtest5 WHERE id BETWEEN 8126829 AND 8126929
	-> Filter: (sbtest5.id between 8126829 and 8126929)  (cost=20.6 rows=101)
    -> Covering index range scan on sbtest5 using PRIMARY over (8126829 <= id <= 8126929)  (cost=20.6 rows=101)


table 6 : explain SELECT id FROM sbtest6 WHERE id BETWEEN 8126829 AND 8126929
	-> Filter: (sbtest6.id between 8126829 and 8126929)  (cost=20.6 rows=101)
    -> Covering index range scan on sbtest6 using PRIMARY over (8126829 <= id <= 8126929)  (cost=20.6 rows=101)


table 7 : explain SELECT id FROM sbtest7 WHERE id BETWEEN 8126829 AND 8126929
	-> Filter: (sbtest7.id between 8126829 and 8126929)  (cost=20.6 rows=101)
    -> Covering index range scan on sbtest7 using PRIMARY over (8126829 <= id <= 8126929)  (cost=20.6 rows=101)


table 8 : explain SELECT id FROM sbtest8 WHERE id BETWEEN 8126829 AND 8126929
	-> Filter: (sbtest8.id between 8126829 and 8126929)  (cost=20.6 rows=101)
    -> Covering index range scan on sbtest8 using PRIMARY over (8126829 <= id <= 8126929)  (cost=20.6 rows=101)



for range-covered
table 1 : explain SELECT id FROM sbtest1 WHERE id BETWEEN 8026450 AND 8026550
	-> Filter: (sbtest1.id between 8026450 and 8026550)  (cost=20.6 rows=101)
    -> Covering index range scan on sbtest1 using PRIMARY over (8026450 <= id <= 8026550)  (cost=20.6 rows=101)


table 2 : explain SELECT id FROM sbtest2 WHERE id BETWEEN 8026450 AND 8026550
	-> Filter: (sbtest2.id between 8026450 and 8026550)  (cost=20.6 rows=101)
    -> Covering index range scan on sbtest2 using PRIMARY over (8026450 <= id <= 8026550)  (cost=20.6 rows=101)


table 3 : explain SELECT id FROM sbtest3 WHERE id BETWEEN 8026450 AND 8026550
	-> Filter: (sbtest3.id between 8026450 and 8026550)  (cost=20.6 rows=101)
    -> Covering index range scan on sbtest3 using PRIMARY over (8026450 <= id <= 8026550)  (cost=20.6 rows=101)


table 4 : explain SELECT id FROM sbtest4 WHERE id BETWEEN 8026450 AND 8026550
	-> Filter: (sbtest4.id between 8026450 and 8026550)  (cost=20.6 rows=101)
    -> Covering index range scan on sbtest4 using PRIMARY over (8026450 <= id <= 8026550)  (cost=20.6 rows=101)


table 5 : explain SELECT id FROM sbtest5 WHERE id BETWEEN 8026450 AND 8026550
	-> Filter: (sbtest5.id between 8026450 and 8026550)  (cost=20.6 rows=101)
    -> Covering index range scan on sbtest5 using PRIMARY over (8026450 <= id <= 8026550)  (cost=20.6 rows=101)


table 6 : explain SELECT id FROM sbtest6 WHERE id BETWEEN 8026450 AND 8026550
	-> Filter: (sbtest6.id between 8026450 and 8026550)  (cost=20.6 rows=101)
    -> Covering index range scan on sbtest6 using PRIMARY over (8026450 <= id <= 8026550)  (cost=20.6 rows=101)


table 7 : explain SELECT id FROM sbtest7 WHERE id BETWEEN 8026450 AND 8026550
	-> Filter: (sbtest7.id between 8026450 and 8026550)  (cost=20.6 rows=101)
    -> Covering index range scan on sbtest7 using PRIMARY over (8026450 <= id <= 8026550)  (cost=20.6 rows=101)


table 8 : explain SELECT id FROM sbtest8 WHERE id BETWEEN 8026450 AND 8026550
	-> Filter: (sbtest8.id between 8026450 and 8026550)  (cost=20.6 rows=101)
    -> Covering index range scan on sbtest8 using PRIMARY over (8026450 <= id <= 8026550)  (cost=20.6 rows=101)



explain: for range-covered :: explain SELECT id FROM sbtest%d WHERE id BETWEEN 1893473 AND 1893573for range-covered
table 1 : explain SELECT id FROM sbtest1 WHERE id BETWEEN 1050546 AND 1050646
	-> Filter: (sbtest1.id between 1050546 and 1050646)  (cost=20.6 rows=101)
    -> Covering index range scan on sbtest1 using PRIMARY over (1050546 <= id <= 1050646)  (cost=20.6 rows=101)


table 2 : explain SELECT id FROM sbtest2 WHERE id BETWEEN 1050546 AND 1050646
	-> Filter: (sbtest2.id between 1050546 and 1050646)  (cost=20.6 rows=101)
    -> Covering index range scan on sbtest2 using PRIMARY over (1050546 <= id <= 1050646)  (cost=20.6 rows=101)


table 3 : explain SELECT id FROM sbtest3 WHERE id BETWEEN 1050546 AND 1050646
	-> Filter: (sbtest3.id between 1050546 and 1050646)  (cost=20.6 rows=101)
    -> Covering index range scan on sbtest3 using PRIMARY over (1050546 <= id <= 1050646)  (cost=20.6 rows=101)


table 4 : explain SELECT id FROM sbtest4 WHERE id BETWEEN 1050546 AND 1050646
	-> Filter: (sbtest4.id between 1050546 and 1050646)  (cost=20.6 rows=101)
    -> Covering index range scan on sbtest4 using PRIMARY over (1050546 <= id <= 1050646)  (cost=20.6 rows=101)


table 5 : explain SELECT id FROM sbtest5 WHERE id BETWEEN 1050546 AND 1050646
	-> Filter: (sbtest5.id between 1050546 and 1050646)  (cost=20.6 rows=101)
    -> Covering index range scan on sbtest5 using PRIMARY over (1050546 <= id <= 1050646)  (cost=20.6 rows=101)


table 6 : explain SELECT id FROM sbtest6 WHERE id BETWEEN 1050546 AND 1050646
	-> Filter: (sbtest6.id between 1050546 and 1050646)  (cost=20.6 rows=101)
    -> Covering index range scan on sbtest6 using PRIMARY over (1050546 <= id <= 1050646)  (cost=20.6 rows=101)


table 7 : explain SELECT id FROM sbtest7 WHERE id BETWEEN 1050546 AND 1050646
	-> Filter: (sbtest7.id between 1050546 and 1050646)  (cost=20.6 rows=101)
    -> Covering index range scan on sbtest7 using PRIMARY over (1050546 <= id <= 1050646)  (cost=20.6 rows=101)


table 8 : explain SELECT id FROM sbtest8 WHERE id BETWEEN 1050546 AND 1050646
	-> Filter: (sbtest8.id between 1050546 and 1050646)  (cost=20.6 rows=101)
    -> Covering index range scan on sbtest8 using PRIMARY over (1050546 <= id <= 1050646)  (cost=20.6 rows=101)


explain: for range-covered :: explain SELECT id FROM sbtest%d WHERE id BETWEEN 6121679 AND 6121779
explain: for range-covered :: explain SELECT id FROM sbtest%d WHERE id BETWEEN 7020568 AND 7020668
explain: for range-covered :: explain SELECT id FROM sbtest%d WHERE id BETWEEN 8126829 AND 8126929
explain: for range-covered :: explain SELECT id FROM sbtest%d WHERE id BETWEEN 8026450 AND 8026550

for range-covered
table 1 : explain SELECT id FROM sbtest1 WHERE id BETWEEN 3409393 AND 3409493
	-> Filter: (sbtest1.id between 3409393 and 3409493)  (cost=20.6 rows=101)
    -> Covering index range scan on sbtest1 using PRIMARY over (3409393 <= id <= 3409493)  (cost=20.6 rows=101)


table 2 : explain SELECT id FROM sbtest2 WHERE id BETWEEN 3409393 AND 3409493
	-> Filter: (sbtest2.id between 3409393 and 3409493)  (cost=20.6 rows=101)
    -> Covering index range scan on sbtest2 using PRIMARY over (3409393 <= id <= 3409493)  (cost=20.6 rows=101)


table 3 : explain SELECT id FROM sbtest3 WHERE id BETWEEN 3409393 AND 3409493
	-> Filter: (sbtest3.id between 3409393 and 3409493)  (cost=20.6 rows=101)
    -> Covering index range scan on sbtest3 using PRIMARY over (3409393 <= id <= 3409493)  (cost=20.6 rows=101)


table 4 : explain SELECT id FROM sbtest4 WHERE id BETWEEN 3409393 AND 3409493
	-> Filter: (sbtest4.id between 3409393 and 3409493)  (cost=20.6 rows=101)
    -> Covering index range scan on sbtest4 using PRIMARY over (3409393 <= id <= 3409493)  (cost=20.6 rows=101)


table 5 : explain SELECT id FROM sbtest5 WHERE id BETWEEN 3409393 AND 3409493
	-> Filter: (sbtest5.id between 3409393 and 3409493)  (cost=20.6 rows=101)
    -> Covering index range scan on sbtest5 using PRIMARY over (3409393 <= id <= 3409493)  (cost=20.6 rows=101)


table 6 : explain SELECT id FROM sbtest6 WHERE id BETWEEN 3409393 AND 3409493
	-> Filter: (sbtest6.id between 3409393 and 3409493)  (cost=20.6 rows=101)
    -> Covering index range scan on sbtest6 using PRIMARY over (3409393 <= id <= 3409493)  (cost=20.6 rows=101)


table 7 : explain SELECT id FROM sbtest7 WHERE id BETWEEN 3409393 AND 3409493
	-> Filter: (sbtest7.id between 3409393 and 3409493)  (cost=20.6 rows=101)
    -> Covering index range scan on sbtest7 using PRIMARY over (3409393 <= id <= 3409493)  (cost=20.6 rows=101)


table 8 : explain SELECT id FROM sbtest8 WHERE id BETWEEN 3409393 AND 3409493
	-> Filter: (sbtest8.id between 3409393 and 3409493)  (cost=20.6 rows=101)
    -> Covering index range scan on sbtest8 using PRIMARY over (3409393 <= id <= 3409493)  (cost=20.6 rows=101)


for range-covered
table 1 : explain SELECT id FROM sbtest1 WHERE id BETWEEN 1999307 AND 1999407
	-> Filter: (sbtest1.id between 1999307 and 1999407)  (cost=20.6 rows=101)
    -> Covering index range scan on sbtest1 using PRIMARY over (1999307 <= id <= 1999407)  (cost=20.6 rows=101)


table 2 : explain SELECT id FROM sbtest2 WHERE id BETWEEN 1999307 AND 1999407
	-> Filter: (sbtest2.id between 1999307 and 1999407)  (cost=20.6 rows=101)
    -> Covering index range scan on sbtest2 using PRIMARY over (1999307 <= id <= 1999407)  (cost=20.6 rows=101)


table 3 : explain SELECT id FROM sbtest3 WHERE id BETWEEN 1999307 AND 1999407
	-> Filter: (sbtest3.id between 1999307 and 1999407)  (cost=20.6 rows=101)
    -> Covering index range scan on sbtest3 using PRIMARY over (1999307 <= id <= 1999407)  (cost=20.6 rows=101)


table 4 : explain SELECT id FROM sbtest4 WHERE id BETWEEN 1999307 AND 1999407
	-> Filter: (sbtest4.id between 1999307 and 1999407)  (cost=20.6 rows=101)
    -> Covering index range scan on sbtest4 using PRIMARY over (1999307 <= id <= 1999407)  (cost=20.6 rows=101)


table 5 : explain SELECT id FROM sbtest5 WHERE id BETWEEN 1999307 AND 1999407
	-> Filter: (sbtest5.id between 1999307 and 1999407)  (cost=20.6 rows=101)
    -> Covering index range scan on sbtest5 using PRIMARY over (1999307 <= id <= 1999407)  (cost=20.6 rows=101)


table 6 : explain SELECT id FROM sbtest6 WHERE id BETWEEN 1999307 AND 1999407
	-> Filter: (sbtest6.id between 1999307 and 1999407)  (cost=20.6 rows=101)
    -> Covering index range scan on sbtest6 using PRIMARY over (1999307 <= id <= 1999407)  (cost=20.6 rows=101)


table 7 : explain SELECT id FROM sbtest7 WHERE id BETWEEN 1999307 AND 1999407
	-> Filter: (sbtest7.id between 1999307 and 1999407)  (cost=20.6 rows=101)
    -> Covering index range scan on sbtest7 using PRIMARY over (1999307 <= id <= 1999407)  (cost=20.6 rows=101)


table 8 : explain SELECT id FROM sbtest8 WHERE id BETWEEN 1999307 AND 1999407
	-> Filter: (sbtest8.id between 1999307 and 1999407)  (cost=20.6 rows=101)
    -> Covering index range scan on sbtest8 using PRIMARY over (1999307 <= id <= 1999407)  (cost=20.6 rows=101)


explain: for range-covered :: explain SELECT id FROM sbtest%d WHERE id BETWEEN 4991619 AND 4991719


for range-covered
table 1 : explain SELECT id FROM sbtest1 WHERE id BETWEEN 5068006 AND 5068106
	-> Filter: (sbtest1.id between 5068006 and 5068106)  (cost=20.6 rows=101)
    -> Covering index range scan on sbtest1 using PRIMARY over (5068006 <= id <= 5068106)  (cost=20.6 rows=101)


table 2 : explain SELECT id FROM sbtest2 WHERE id BETWEEN 5068006 AND 5068106
	-> Filter: (sbtest2.id between 5068006 and 5068106)  (cost=20.6 rows=101)
    -> Covering index range scan on sbtest2 using PRIMARY over (5068006 <= id <= 5068106)  (cost=20.6 rows=101)


table 3 : explain SELECT id FROM sbtest3 WHERE id BETWEEN 5068006 AND 5068106
	-> Filter: (sbtest3.id between 5068006 and 5068106)  (cost=20.6 rows=101)
    -> Covering index range scan on sbtest3 using PRIMARY over (5068006 <= id <= 5068106)  (cost=20.6 rows=101)


table 4 : explain SELECT id FROM sbtest4 WHERE id BETWEEN 5068006 AND 5068106
	-> Filter: (sbtest4.id between 5068006 and 5068106)  (cost=20.6 rows=101)
    -> Covering index range scan on sbtest4 using PRIMARY over (5068006 <= id <= 5068106)  (cost=20.6 rows=101)


table 5 : explain SELECT id FROM sbtest5 WHERE id BETWEEN 5068006 AND 5068106
	-> Filter: (sbtest5.id between 5068006 and 5068106)  (cost=20.6 rows=101)
    -> Covering index range scan on sbtest5 using PRIMARY over (5068006 <= id <= 5068106)  (cost=20.6 rows=101)


table 6 : explain SELECT id FROM sbtest6 WHERE id BETWEEN 5068006 AND 5068106
	-> Filter: (sbtest6.id between 5068006 and 5068106)  (cost=20.6 rows=101)
    -> Covering index range scan on sbtest6 using PRIMARY over (5068006 <= id <= 5068106)  (cost=20.6 rows=101)


table 7 : explain SELECT id FROM sbtest7 WHERE id BETWEEN 5068006 AND 5068106
	-> Filter: (sbtest7.id between 5068006 and 5068106)  (cost=20.6 rows=101)
    -> Covering index range scan on sbtest7 using PRIMARY over (5068006 <= id <= 5068106)  (cost=20.6 rows=101)


table 8 : explain SELECT id FROM sbtest8 WHERE id BETWEEN 5068006 AND 5068106
	-> Filter: (sbtest8.id between 5068006 and 5068106)  (cost=20.6 rows=101)
    -> Covering index range scan on sbtest8 using PRIMARY over (5068006 <= id <= 5068106)  (cost=20.6 rows=101)


explain: for range-covered :: explain SELECT id FROM sbtest%d WHERE id BETWEEN 1050546 AND 1050646
for range-covered
table 1 : explain SELECT id FROM sbtest1 WHERE id BETWEEN 6607652 AND 6607752
	-> Filter: (sbtest1.id between 6607652 and 6607752)  (cost=20.6 rows=101)
    -> Covering index range scan on sbtest1 using PRIMARY over (6607652 <= id <= 6607752)  (cost=20.6 rows=101)


table 2 : explain SELECT id FROM sbtest2 WHERE id BETWEEN 6607652 AND 6607752
	-> Filter: (sbtest2.id between 6607652 and 6607752)  (cost=20.6 rows=101)
    -> Covering index range scan on sbtest2 using PRIMARY over (6607652 <= id <= 6607752)  (cost=20.6 rows=101)


table 3 : explain SELECT id FROM sbtest3 WHERE id BETWEEN 6607652 AND 6607752
	-> Filter: (sbtest3.id between 6607652 and 6607752)  (cost=20.6 rows=101)
    -> Covering index range scan on sbtest3 using PRIMARY over (6607652 <= id <= 6607752)  (cost=20.6 rows=101)


table 4 : explain SELECT id FROM sbtest4 WHERE id BETWEEN 6607652 AND 6607752
	-> Filter: (sbtest4.id between 6607652 and 6607752)  (cost=20.6 rows=101)
    -> Covering index range scan on sbtest4 using PRIMARY over (6607652 <= id <= 6607752)  (cost=20.6 rows=101)


table 5 : explain SELECT id FROM sbtest5 WHERE id BETWEEN 6607652 AND 6607752
	-> Filter: (sbtest5.id between 6607652 and 6607752)  (cost=20.6 rows=101)
    -> Covering index range scan on sbtest5 using PRIMARY over (6607652 <= id <= 6607752)  (cost=20.6 rows=101)


table 6 : explain SELECT id FROM sbtest6 WHERE id BETWEEN 6607652 AND 6607752
	-> Filter: (sbtest6.id between 6607652 and 6607752)  (cost=20.6 rows=101)
    -> Covering index range scan on sbtest6 using PRIMARY over (6607652 <= id <= 6607752)  (cost=20.6 rows=101)


table 7 : explain SELECT id FROM sbtest7 WHERE id BETWEEN 6607652 AND 6607752
	-> Filter: (sbtest7.id between 6607652 and 6607752)  (cost=20.6 rows=101)
    -> Covering index range scan on sbtest7 using PRIMARY over (6607652 <= id <= 6607752)  (cost=20.6 rows=101)


table 8 : explain SELECT id FROM sbtest8 WHERE id BETWEEN 6607652 AND 6607752
	-> Filter: (sbtest8.id between 6607652 and 6607752)  (cost=20.6 rows=101)
    -> Covering index range scan on sbtest8 using PRIMARY over (6607652 <= id <= 6607752)  (cost=20.6 rows=101)


for range-covered
table 1 : explain SELECT id FROM sbtest1 WHERE id BETWEEN 3631501 AND 3631601
	-> Filter: (sbtest1.id between 3631501 and 3631601)  (cost=20.6 rows=101)
    -> Covering index range scan on sbtest1 using PRIMARY over (3631501 <= id <= 3631601)  (cost=20.6 rows=101)


table 2 : explain SELECT id FROM sbtest2 WHERE id BETWEEN 3631501 AND 3631601
	-> Filter: (sbtest2.id between 3631501 and 3631601)  (cost=20.6 rows=101)
    -> Covering index range scan on sbtest2 using PRIMARY over (3631501 <= id <= 3631601)  (cost=20.6 rows=101)


table 3 : explain SELECT id FROM sbtest3 WHERE id BETWEEN 3631501 AND 3631601
	-> Filter: (sbtest3.id between 3631501 and 3631601)  (cost=20.6 rows=101)
    -> Covering index range scan on sbtest3 using PRIMARY over (3631501 <= id <= 3631601)  (cost=20.6 rows=101)


table 4 : explain SELECT id FROM sbtest4 WHERE id BETWEEN 3631501 AND 3631601
	-> Filter: (sbtest4.id between 3631501 and 3631601)  (cost=20.6 rows=101)
    -> Covering index range scan on sbtest4 using PRIMARY over (3631501 <= id <= 3631601)  (cost=20.6 rows=101)


table 5 : explain SELECT id FROM sbtest5 WHERE id BETWEEN 3631501 AND 3631601
	-> Filter: (sbtest5.id between 3631501 and 3631601)  (cost=20.6 rows=101)
    -> Covering index range scan on sbtest5 using PRIMARY over (3631501 <= id <= 3631601)  (cost=20.6 rows=101)


table 6 : explain SELECT id FROM sbtest6 WHERE id BETWEEN 3631501 AND 3631601
	-> Filter: (sbtest6.id between 3631501 and 3631601)  (cost=20.6 rows=101)
    -> Covering index range scan on sbtest6 using PRIMARY over (3631501 <= id <= 3631601)  (cost=20.6 rows=101)


table 7 : explain SELECT id FROM sbtest7 WHERE id BETWEEN 3631501 AND 3631601
	-> Filter: (sbtest7.id between 3631501 and 3631601)  (cost=20.6 rows=101)
    -> Covering index range scan on sbtest7 using PRIMARY over (3631501 <= id <= 3631601)  (cost=20.6 rows=101)


table 8 : explain SELECT id FROM sbtest8 WHERE id BETWEEN 3631501 AND 3631601
	-> Filter: (sbtest8.id between 3631501 and 3631601)  (cost=20.6 rows=101)
    -> Covering index range scan on sbtest8 using PRIMARY over (3631501 <= id <= 3631601)  (cost=20.6 rows=101)


explain: for range-covered :: explain SELECT id FROM sbtest%d WHERE id BETWEEN 9219070 AND 9219170
for range-covered
table 1 : explain SELECT id FROM sbtest1 WHERE id BETWEEN 7699932 AND 7700032
	-> Filter: (sbtest1.id between 7699932 and 7700032)  (cost=20.6 rows=101)
    -> Covering index range scan on sbtest1 using PRIMARY over (7699932 <= id <= 7700032)  (cost=20.6 rows=101)


table 2 : explain SELECT id FROM sbtest2 WHERE id BETWEEN 7699932 AND 7700032
	-> Filter: (sbtest2.id between 7699932 and 7700032)  (cost=20.6 rows=101)
    -> Covering index range scan on sbtest2 using PRIMARY over (7699932 <= id <= 7700032)  (cost=20.6 rows=101)


table 3 : explain SELECT id FROM sbtest3 WHERE id BETWEEN 7699932 AND 7700032
	-> Filter: (sbtest3.id between 7699932 and 7700032)  (cost=20.6 rows=101)
    -> Covering index range scan on sbtest3 using PRIMARY over (7699932 <= id <= 7700032)  (cost=20.6 rows=101)


table 4 : explain SELECT id FROM sbtest4 WHERE id BETWEEN 7699932 AND 7700032
	-> Filter: (sbtest4.id between 7699932 and 7700032)  (cost=20.6 rows=101)
    -> Covering index range scan on sbtest4 using PRIMARY over (7699932 <= id <= 7700032)  (cost=20.6 rows=101)


table 5 : explain SELECT id FROM sbtest5 WHERE id BETWEEN 7699932 AND 7700032
	-> Filter: (sbtest5.id between 7699932 and 7700032)  (cost=20.6 rows=101)
    -> Covering index range scan on sbtest5 using PRIMARY over (7699932 <= id <= 7700032)  (cost=20.6 rows=101)


table 6 : explain SELECT id FROM sbtest6 WHERE id BETWEEN 7699932 AND 7700032
	-> Filter: (sbtest6.id between 7699932 and 7700032)  (cost=20.6 rows=101)
    -> Covering index range scan on sbtest6 using PRIMARY over (7699932 <= id <= 7700032)  (cost=20.6 rows=101)


table 7 : explain SELECT id FROM sbtest7 WHERE id BETWEEN 7699932 AND 7700032
	-> Filter: (sbtest7.id between 7699932 and 7700032)  (cost=20.6 rows=101)
    -> Covering index range scan on sbtest7 using PRIMARY over (7699932 <= id <= 7700032)  (cost=20.6 rows=101)


table 8 : explain SELECT id FROM sbtest8 WHERE id BETWEEN 7699932 AND 7700032
	-> Filter: (sbtest8.id between 7699932 and 7700032)  (cost=20.6 rows=101)
    -> Covering index range scan on sbtest8 using PRIMARY over (7699932 <= id <= 7700032)  (cost=20.6 rows=101)


explain: for range-covered :: explain SELECT id FROM sbtest%d WHERE id BETWEEN 1999307 AND 1999407
explain: for range-covered :: explain SELECT id FROM sbtest%d WHERE id BETWEEN 3409393 AND 3409493
for range-covered
table 1 : explain SELECT id FROM sbtest1 WHERE id BETWEEN 6708792 AND 6708892
	-> Filter: (sbtest1.id between 6708792 and 6708892)  (cost=20.6 rows=101)
    -> Covering index range scan on sbtest1 using PRIMARY over (6708792 <= id <= 6708892)  (cost=20.6 rows=101)


table 2 : explain SELECT id FROM sbtest2 WHERE id BETWEEN 6708792 AND 6708892
	-> Filter: (sbtest2.id between 6708792 and 6708892)  (cost=20.6 rows=101)
    -> Covering index range scan on sbtest2 using PRIMARY over (6708792 <= id <= 6708892)  (cost=20.6 rows=101)


table 3 : explain SELECT id FROM sbtest3 WHERE id BETWEEN 6708792 AND 6708892
	-> Filter: (sbtest3.id between 6708792 and 6708892)  (cost=20.6 rows=101)
    -> Covering index range scan on sbtest3 using PRIMARY over (6708792 <= id <= 6708892)  (cost=20.6 rows=101)


table 4 : explain SELECT id FROM sbtest4 WHERE id BETWEEN 6708792 AND 6708892
	-> Filter: (sbtest4.id between 6708792 and 6708892)  (cost=20.6 rows=101)
    -> Covering index range scan on sbtest4 using PRIMARY over (6708792 <= id <= 6708892)  (cost=20.6 rows=101)


table 5 : explain SELECT id FROM sbtest5 WHERE id BETWEEN 6708792 AND 6708892
	-> Filter: (sbtest5.id between 6708792 and 6708892)  (cost=20.6 rows=101)
    -> Covering index range scan on sbtest5 using PRIMARY over (6708792 <= id <= 6708892)  (cost=20.6 rows=101)


table 6 : explain SELECT id FROM sbtest6 WHERE id BETWEEN 6708792 AND 6708892
	-> Filter: (sbtest6.id between 6708792 and 6708892)  (cost=20.6 rows=101)
    -> Covering index range scan on sbtest6 using PRIMARY over (6708792 <= id <= 6708892)  (cost=20.6 rows=101)


table 7 : explain SELECT id FROM sbtest7 WHERE id BETWEEN 6708792 AND 6708892
	-> Filter: (sbtest7.id between 6708792 and 6708892)  (cost=20.6 rows=101)
    -> Covering index range scan on sbtest7 using PRIMARY over (6708792 <= id <= 6708892)  (cost=20.6 rows=101)


table 8 : explain SELECT id FROM sbtest8 WHERE id BETWEEN 6708792 AND 6708892
	-> Filter: (sbtest8.id between 6708792 and 6708892)  (cost=20.6 rows=101)
    -> Covering index range scan on sbtest8 using PRIMARY over (6708792 <= id <= 6708892)  (cost=20.6 rows=101)


for range-covered
table 1 : explain SELECT id FROM sbtest1 WHERE id BETWEEN 3859825 AND 3859925
	-> Filter: (sbtest1.id between 3859825 and 3859925)  (cost=20.6 rows=101)
    -> Covering index range scan on sbtest1 using PRIMARY over (3859825 <= id <= 3859925)  (cost=20.6 rows=101)


table 2 : explain SELECT id FROM sbtest2 WHERE id BETWEEN 3859825 AND 3859925
	-> Filter: (sbtest2.id between 3859825 and 3859925)  (cost=20.6 rows=101)
    -> Covering index range scan on sbtest2 using PRIMARY over (3859825 <= id <= 3859925)  (cost=20.6 rows=101)


table 3 : explain SELECT id FROM sbtest3 WHERE id BETWEEN 3859825 AND 3859925
	-> Filter: (sbtest3.id between 3859825 and 3859925)  (cost=20.6 rows=101)
    -> Covering index range scan on sbtest3 using PRIMARY over (3859825 <= id <= 3859925)  (cost=20.6 rows=101)


table 4 : explain SELECT id FROM sbtest4 WHERE id BETWEEN 3859825 AND 3859925
	-> Filter: (sbtest4.id between 3859825 and 3859925)  (cost=20.6 rows=101)
    -> Covering index range scan on sbtest4 using PRIMARY over (3859825 <= id <= 3859925)  (cost=20.6 rows=101)


table 5 : explain SELECT id FROM sbtest5 WHERE id BETWEEN 3859825 AND 3859925
	-> Filter: (sbtest5.id between 3859825 and 3859925)  (cost=20.6 rows=101)
    -> Covering index range scan on sbtest5 using PRIMARY over (3859825 <= id <= 3859925)  (cost=20.6 rows=101)


table 6 : explain SELECT id FROM sbtest6 WHERE id BETWEEN 3859825 AND 3859925
	-> Filter: (sbtest6.id between 3859825 and 3859925)  (cost=20.6 rows=101)
    -> Covering index range scan on sbtest6 using PRIMARY over (3859825 <= id <= 3859925)  (cost=20.6 rows=101)


table 7 : explain SELECT id FROM sbtest7 WHERE id BETWEEN 3859825 AND 3859925
	-> Filter: (sbtest7.id between 3859825 and 3859925)  (cost=20.6 rows=101)
    -> Covering index range scan on sbtest7 using PRIMARY over (3859825 <= id <= 3859925)  (cost=20.6 rows=101)


table 8 : explain SELECT id FROM sbtest8 WHERE id BETWEEN 3859825 AND 3859925
	-> Filter: (sbtest8.id between 3859825 and 3859925)  (cost=20.6 rows=101)
    -> Covering index range scan on sbtest8 using PRIMARY over (3859825 <= id <= 3859925)  (cost=20.6 rows=101)


for range-covered
table 1 : explain SELECT id FROM sbtest1 WHERE id BETWEEN 2322852 AND 2322952
	-> Filter: (sbtest1.id between 2322852 and 2322952)  (cost=20.6 rows=101)
    -> Covering index range scan on sbtest1 using PRIMARY over (2322852 <= id <= 2322952)  (cost=20.6 rows=101)


table 2 : explain SELECT id FROM sbtest2 WHERE id BETWEEN 2322852 AND 2322952
	-> Filter: (sbtest2.id between 2322852 and 2322952)  (cost=20.6 rows=101)
    -> Covering index range scan on sbtest2 using PRIMARY over (2322852 <= id <= 2322952)  (cost=20.6 rows=101)


table 3 : explain SELECT id FROM sbtest3 WHERE id BETWEEN 2322852 AND 2322952
	-> Filter: (sbtest3.id between 2322852 and 2322952)  (cost=20.6 rows=101)
    -> Covering index range scan on sbtest3 using PRIMARY over (2322852 <= id <= 2322952)  (cost=20.6 rows=101)


table 4 : explain SELECT id FROM sbtest4 WHERE id BETWEEN 2322852 AND 2322952
	-> Filter: (sbtest4.id between 2322852 and 2322952)  (cost=20.6 rows=101)
    -> Covering index range scan on sbtest4 using PRIMARY over (2322852 <= id <= 2322952)  (cost=20.6 rows=101)


table 5 : explain SELECT id FROM sbtest5 WHERE id BETWEEN 2322852 AND 2322952
	-> Filter: (sbtest5.id between 2322852 and 2322952)  (cost=20.6 rows=101)
    -> Covering index range scan on sbtest5 using PRIMARY over (2322852 <= id <= 2322952)  (cost=20.6 rows=101)


table 6 : explain SELECT id FROM sbtest6 WHERE id BETWEEN 2322852 AND 2322952
	-> Filter: (sbtest6.id between 2322852 and 2322952)  (cost=20.6 rows=101)
    -> Covering index range scan on sbtest6 using PRIMARY over (2322852 <= id <= 2322952)  (cost=20.6 rows=101)


table 7 : explain SELECT id FROM sbtest7 WHERE id BETWEEN 2322852 AND 2322952
	-> Filter: (sbtest7.id between 2322852 and 2322952)  (cost=20.6 rows=101)
    -> Covering index range scan on sbtest7 using PRIMARY over (2322852 <= id <= 2322952)  (cost=20.6 rows=101)


table 8 : explain SELECT id FROM sbtest8 WHERE id BETWEEN 2322852 AND 2322952
	-> Filter: (sbtest8.id between 2322852 and 2322952)  (cost=20.6 rows=101)
    -> Covering index range scan on sbtest8 using PRIMARY over (2322852 <= id <= 2322952)  (cost=20.6 rows=101)

for range-covered
table 1 : explain SELECT id FROM sbtest1 WHERE id BETWEEN 5440251 AND 5440351
	-> Filter: (sbtest1.id between 5440251 and 5440351)  (cost=20.6 rows=101)
    -> Covering index range scan on sbtest1 using PRIMARY over (5440251 <= id <= 5440351)  (cost=20.6 rows=101)


table 2 : explain SELECT id FROM sbtest2 WHERE id BETWEEN 5440251 AND 5440351
	-> Filter: (sbtest2.id between 5440251 and 5440351)  (cost=20.6 rows=101)
    -> Covering index range scan on sbtest2 using PRIMARY over (5440251 <= id <= 5440351)  (cost=20.6 rows=101)


table 3 : explain SELECT id FROM sbtest3 WHERE id BETWEEN 5440251 AND 5440351
	-> Filter: (sbtest3.id between 5440251 and 5440351)  (cost=20.6 rows=101)
    -> Covering index range scan on sbtest3 using PRIMARY over (5440251 <= id <= 5440351)  (cost=20.6 rows=101)


table 4 : explain SELECT id FROM sbtest4 WHERE id BETWEEN 5440251 AND 5440351
	-> Filter: (sbtest4.id between 5440251 and 5440351)  (cost=20.6 rows=101)
    -> Covering index range scan on sbtest4 using PRIMARY over (5440251 <= id <= 5440351)  (cost=20.6 rows=101)


table 5 : explain SELECT id FROM sbtest5 WHERE id BETWEEN 5440251 AND 5440351
	-> Filter: (sbtest5.id between 5440251 and 5440351)  (cost=20.6 rows=101)
    -> Covering index range scan on sbtest5 using PRIMARY over (5440251 <= id <= 5440351)  (cost=20.6 rows=101)


table 6 : explain SELECT id FROM sbtest6 WHERE id BETWEEN 5440251 AND 5440351
	-> Filter: (sbtest6.id between 5440251 and 5440351)  (cost=20.6 rows=101)
    -> Covering index range scan on sbtest6 using PRIMARY over (5440251 <= id <= 5440351)  (cost=20.6 rows=101)


table 7 : explain SELECT id FROM sbtest7 WHERE id BETWEEN 5440251 AND 5440351
	-> Filter: (sbtest7.id between 5440251 and 5440351)  (cost=20.6 rows=101)
    -> Covering index range scan on sbtest7 using PRIMARY over (5440251 <= id <= 5440351)  (cost=20.6 rows=101)


table 8 : explain SELECT id FROM sbtest8 WHERE id BETWEEN 5440251 AND 5440351
	-> Filter: (sbtest8.id between 5440251 and 5440351)  (cost=20.6 rows=101)
    -> Covering index range scan on sbtest8 using PRIMARY over (5440251 <= id <= 5440351)  (cost=20.6 rows=101)


explain: for range-covered :: explain SELECT id FROM sbtest%d WHERE id BETWEEN 6607652 AND 6607752
explain: for range-covered :: explain SELECT id FROM sbtest%d WHERE id BETWEEN 5068006 AND 5068106

explain: for range-covered :: explain SELECT id FROM sbtest%d WHERE id BETWEEN 6708792 AND 6708892
explain: for range-covered :: explain SELECT id FROM sbtest%d WHERE id BETWEEN 7699932 AND 7700032for range-covered
table 1 : explain SELECT id FROM sbtest1 WHERE id BETWEEN 5453131 AND 5453231
	-> Filter: (sbtest1.id between 5453131 and 5453231)  (cost=20.6 rows=101)
    -> Covering index range scan on sbtest1 using PRIMARY over (5453131 <= id <= 5453231)  (cost=20.6 rows=101)


table 2 : explain SELECT id FROM sbtest2 WHERE id BETWEEN 5453131 AND 5453231
	-> Filter: (sbtest2.id between 5453131 and 5453231)  (cost=20.6 rows=101)
    -> Covering index range scan on sbtest2 using PRIMARY over (5453131 <= id <= 5453231)  (cost=20.6 rows=101)


table 3 : explain SELECT id FROM sbtest3 WHERE id BETWEEN 5453131 AND 5453231
	-> Filter: (sbtest3.id between 5453131 and 5453231)  (cost=20.6 rows=101)
    -> Covering index range scan on sbtest3 using PRIMARY over (5453131 <= id <= 5453231)  (cost=20.6 rows=101)


table 4 : explain SELECT id FROM sbtest4 WHERE id BETWEEN 5453131 AND 5453231
	-> Filter: (sbtest4.id between 5453131 and 5453231)  (cost=20.6 rows=101)
    -> Covering index range scan on sbtest4 using PRIMARY over (5453131 <= id <= 5453231)  (cost=20.6 rows=101)


table 5 : explain SELECT id FROM sbtest5 WHERE id BETWEEN 5453131 AND 5453231
	-> Filter: (sbtest5.id between 5453131 and 5453231)  (cost=20.6 rows=101)
    -> Covering index range scan on sbtest5 using PRIMARY over (5453131 <= id <= 5453231)  (cost=20.6 rows=101)


table 6 : explain SELECT id FROM sbtest6 WHERE id BETWEEN 5453131 AND 5453231
	-> Filter: (sbtest6.id between 5453131 and 5453231)  (cost=20.6 rows=101)
    -> Covering index range scan on sbtest6 using PRIMARY over (5453131 <= id <= 5453231)  (cost=20.6 rows=101)


table 7 : explain SELECT id FROM sbtest7 WHERE id BETWEEN 5453131 AND 5453231
	-> Filter: (sbtest7.id between 5453131 and 5453231)  (cost=20.6 rows=101)
    -> Covering index range scan on sbtest7 using PRIMARY over (5453131 <= id <= 5453231)  (cost=20.6 rows=101)


table 8 : explain SELECT id FROM sbtest8 WHERE id BETWEEN 5453131 AND 5453231
	-> Filter: (sbtest8.id between 5453131 and 5453231)  (cost=20.6 rows=101)
    -> Covering index range scan on sbtest8 using PRIMARY over (5453131 <= id <= 5453231)  (cost=20.6 rows=101)



for range-covered
table 1 : explain SELECT id FROM sbtest1 WHERE id BETWEEN 3864310 AND 3864410
	-> Filter: (sbtest1.id between 3864310 and 3864410)  (cost=20.6 rows=101)
    -> Covering index range scan on sbtest1 using PRIMARY over (3864310 <= id <= 3864410)  (cost=20.6 rows=101)


table 2 : explain SELECT id FROM sbtest2 WHERE id BETWEEN 3864310 AND 3864410
	-> Filter: (sbtest2.id between 3864310 and 3864410)  (cost=20.6 rows=101)
    -> Covering index range scan on sbtest2 using PRIMARY over (3864310 <= id <= 3864410)  (cost=20.6 rows=101)


table 3 : explain SELECT id FROM sbtest3 WHERE id BETWEEN 3864310 AND 3864410
	-> Filter: (sbtest3.id between 3864310 and 3864410)  (cost=20.6 rows=101)
    -> Covering index range scan on sbtest3 using PRIMARY over (3864310 <= id <= 3864410)  (cost=20.6 rows=101)


table 4 : explain SELECT id FROM sbtest4 WHERE id BETWEEN 3864310 AND 3864410
	-> Filter: (sbtest4.id between 3864310 and 3864410)  (cost=20.6 rows=101)
    -> Covering index range scan on sbtest4 using PRIMARY over (3864310 <= id <= 3864410)  (cost=20.6 rows=101)


table 5 : explain SELECT id FROM sbtest5 WHERE id BETWEEN 3864310 AND 3864410
	-> Filter: (sbtest5.id between 3864310 and 3864410)  (cost=20.6 rows=101)
    -> Covering index range scan on sbtest5 using PRIMARY over (3864310 <= id <= 3864410)  (cost=20.6 rows=101)


table 6 : explain SELECT id FROM sbtest6 WHERE id BETWEEN 3864310 AND 3864410
	-> Filter: (sbtest6.id between 3864310 and 3864410)  (cost=20.6 rows=101)
    -> Covering index range scan on sbtest6 using PRIMARY over (3864310 <= id <= 3864410)  (cost=20.6 rows=101)


table 7 : explain SELECT id FROM sbtest7 WHERE id BETWEEN 3864310 AND 3864410
	-> Filter: (sbtest7.id between 3864310 and 3864410)  (cost=20.6 rows=101)
    -> Covering index range scan on sbtest7 using PRIMARY over (3864310 <= id <= 3864410)  (cost=20.6 rows=101)


table 8 : explain SELECT id FROM sbtest8 WHERE id BETWEEN 3864310 AND 3864410
	-> Filter: (sbtest8.id between 3864310 and 3864410)  (cost=20.6 rows=101)
    -> Covering index range scan on sbtest8 using PRIMARY over (3864310 <= id <= 3864410)  (cost=20.6 rows=101)


explain: for range-covered :: explain SELECT id FROM sbtest%d WHERE id BETWEEN 3859825 AND 3859925
explain: for range-covered :: explain SELECT id FROM sbtest%d WHERE id BETWEEN 5440251 AND 5440351
for range-covered
table 1 : explain SELECT id FROM sbtest1 WHERE id BETWEEN 2178991 AND 2179091
	-> Filter: (sbtest1.id between 2178991 and 2179091)  (cost=20.6 rows=101)
    -> Covering index range scan on sbtest1 using PRIMARY over (2178991 <= id <= 2179091)  (cost=20.6 rows=101)


table 2 : explain SELECT id FROM sbtest2 WHERE id BETWEEN 2178991 AND 2179091
	-> Filter: (sbtest2.id between 2178991 and 2179091)  (cost=20.6 rows=101)
    -> Covering index range scan on sbtest2 using PRIMARY over (2178991 <= id <= 2179091)  (cost=20.6 rows=101)


table 3 : explain SELECT id FROM sbtest3 WHERE id BETWEEN 2178991 AND 2179091
	-> Filter: (sbtest3.id between 2178991 and 2179091)  (cost=20.6 rows=101)
    -> Covering index range scan on sbtest3 using PRIMARY over (2178991 <= id <= 2179091)  (cost=20.6 rows=101)


table 4 : explain SELECT id FROM sbtest4 WHERE id BETWEEN 2178991 AND 2179091
	-> Filter: (sbtest4.id between 2178991 and 2179091)  (cost=20.6 rows=101)
    -> Covering index range scan on sbtest4 using PRIMARY over (2178991 <= id <= 2179091)  (cost=20.6 rows=101)


table 5 : explain SELECT id FROM sbtest5 WHERE id BETWEEN 2178991 AND 2179091
	-> Filter: (sbtest5.id between 2178991 and 2179091)  (cost=20.6 rows=101)
    -> Covering index range scan on sbtest5 using PRIMARY over (2178991 <= id <= 2179091)  (cost=20.6 rows=101)


table 6 : explain SELECT id FROM sbtest6 WHERE id BETWEEN 2178991 AND 2179091
	-> Filter: (sbtest6.id between 2178991 and 2179091)  (cost=20.6 rows=101)
    -> Covering index range scan on sbtest6 using PRIMARY over (2178991 <= id <= 2179091)  (cost=20.6 rows=101)


table 7 : explain SELECT id FROM sbtest7 WHERE id BETWEEN 2178991 AND 2179091
	-> Filter: (sbtest7.id between 2178991 and 2179091)  (cost=20.6 rows=101)
    -> Covering index range scan on sbtest7 using PRIMARY over (2178991 <= id <= 2179091)  (cost=20.6 rows=101)


table 8 : explain SELECT id FROM sbtest8 WHERE id BETWEEN 2178991 AND 2179091
	-> Filter: (sbtest8.id between 2178991 and 2179091)  (cost=20.6 rows=101)
    -> Covering index range scan on sbtest8 using PRIMARY over (2178991 <= id <= 2179091)  (cost=20.6 rows=101)


explain: for range-covered :: explain SELECT id FROM sbtest%d WHERE id BETWEEN 3631501 AND 3631601
for range-covered
table 1 : explain SELECT id FROM sbtest1 WHERE id BETWEEN 3504453 AND 3504553
	-> Filter: (sbtest1.id between 3504453 and 3504553)  (cost=20.6 rows=101)
    -> Covering index range scan on sbtest1 using PRIMARY over (3504453 <= id <= 3504553)  (cost=20.6 rows=101)


table 2 : explain SELECT id FROM sbtest2 WHERE id BETWEEN 3504453 AND 3504553
	-> Filter: (sbtest2.id between 3504453 and 3504553)  (cost=20.6 rows=101)
    -> Covering index range scan on sbtest2 using PRIMARY over (3504453 <= id <= 3504553)  (cost=20.6 rows=101)


table 3 : explain SELECT id FROM sbtest3 WHERE id BETWEEN 3504453 AND 3504553
	-> Filter: (sbtest3.id between 3504453 and 3504553)  (cost=20.6 rows=101)
    -> Covering index range scan on sbtest3 using PRIMARY over (3504453 <= id <= 3504553)  (cost=20.6 rows=101)


table 4 : explain SELECT id FROM sbtest4 WHERE id BETWEEN 3504453 AND 3504553
	-> Filter: (sbtest4.id between 3504453 and 3504553)  (cost=20.6 rows=101)
    -> Covering index range scan on sbtest4 using PRIMARY over (3504453 <= id <= 3504553)  (cost=20.6 rows=101)


table 5 : explain SELECT id FROM sbtest5 WHERE id BETWEEN 3504453 AND 3504553
	-> Filter: (sbtest5.id between 3504453 and 3504553)  (cost=20.6 rows=101)
    -> Covering index range scan on sbtest5 using PRIMARY over (3504453 <= id <= 3504553)  (cost=20.6 rows=101)


table 6 : explain SELECT id FROM sbtest6 WHERE id BETWEEN 3504453 AND 3504553
	-> Filter: (sbtest6.id between 3504453 and 3504553)  (cost=20.6 rows=101)
    -> Covering index range scan on sbtest6 using PRIMARY over (3504453 <= id <= 3504553)  (cost=20.6 rows=101)


table 7 : explain SELECT id FROM sbtest7 WHERE id BETWEEN 3504453 AND 3504553
	-> Filter: (sbtest7.id between 3504453 and 3504553)  (cost=20.6 rows=101)
    -> Covering index range scan on sbtest7 using PRIMARY over (3504453 <= id <= 3504553)  (cost=20.6 rows=101)


table 8 : explain SELECT id FROM sbtest8 WHERE id BETWEEN 3504453 AND 3504553
	-> Filter: (sbtest8.id between 3504453 and 3504553)  (cost=20.6 rows=101)
    -> Covering index range scan on sbtest8 using PRIMARY over (3504453 <= id <= 3504553)  (cost=20.6 rows=101)


for range-covered
table 1 : explain SELECT id FROM sbtest1 WHERE id BETWEEN 3620066 AND 3620166
	-> Filter: (sbtest1.id between 3620066 and 3620166)  (cost=20.6 rows=101)
    -> Covering index range scan on sbtest1 using PRIMARY over (3620066 <= id <= 3620166)  (cost=20.6 rows=101)


table 2 : explain SELECT id FROM sbtest2 WHERE id BETWEEN 3620066 AND 3620166
	-> Filter: (sbtest2.id between 3620066 and 3620166)  (cost=20.6 rows=101)
    -> Covering index range scan on sbtest2 using PRIMARY over (3620066 <= id <= 3620166)  (cost=20.6 rows=101)


table 3 : explain SELECT id FROM sbtest3 WHERE id BETWEEN 3620066 AND 3620166
	-> Filter: (sbtest3.id between 3620066 and 3620166)  (cost=20.6 rows=101)
    -> Covering index range scan on sbtest3 using PRIMARY over (3620066 <= id <= 3620166)  (cost=20.6 rows=101)


table 4 : explain SELECT id FROM sbtest4 WHERE id BETWEEN 3620066 AND 3620166
	-> Filter: (sbtest4.id between 3620066 and 3620166)  (cost=20.6 rows=101)
    -> Covering index range scan on sbtest4 using PRIMARY over (3620066 <= id <= 3620166)  (cost=20.6 rows=101)


table 5 : explain SELECT id FROM sbtest5 WHERE id BETWEEN 3620066 AND 3620166
	-> Filter: (sbtest5.id between 3620066 and 3620166)  (cost=20.6 rows=101)
    -> Covering index range scan on sbtest5 using PRIMARY over (3620066 <= id <= 3620166)  (cost=20.6 rows=101)


table 6 : explain SELECT id FROM sbtest6 WHERE id BETWEEN 3620066 AND 3620166
	-> Filter: (sbtest6.id between 3620066 and 3620166)  (cost=20.6 rows=101)
    -> Covering index range scan on sbtest6 using PRIMARY over (3620066 <= id <= 3620166)  (cost=20.6 rows=101)


table 7 : explain SELECT id FROM sbtest7 WHERE id BETWEEN 3620066 AND 3620166
	-> Filter: (sbtest7.id between 3620066 and 3620166)  (cost=20.6 rows=101)
    -> Covering index range scan on sbtest7 using PRIMARY over (3620066 <= id <= 3620166)  (cost=20.6 rows=101)


table 8 : explain SELECT id FROM sbtest8 WHERE id BETWEEN 3620066 AND 3620166
	-> Filter: (sbtest8.id between 3620066 and 3620166)  (cost=20.6 rows=101)
    -> Covering index range scan on sbtest8 using PRIMARY over (3620066 <= id <= 3620166)  (cost=20.6 rows=101)


explain: for range-covered :: explain SELECT id FROM sbtest%d WHERE id BETWEEN 5453131 AND 5453231
for range-covered
table 1 : explain SELECT id FROM sbtest1 WHERE id BETWEEN 5590836 AND 5590936
	-> Filter: (sbtest1.id between 5590836 and 5590936)  (cost=20.6 rows=101)
    -> Covering index range scan on sbtest1 using PRIMARY over (5590836 <= id <= 5590936)  (cost=20.6 rows=101)


table 2 : explain SELECT id FROM sbtest2 WHERE id BETWEEN 5590836 AND 5590936
	-> Filter: (sbtest2.id between 5590836 and 5590936)  (cost=20.6 rows=101)
    -> Covering index range scan on sbtest2 using PRIMARY over (5590836 <= id <= 5590936)  (cost=20.6 rows=101)


table 3 : explain SELECT id FROM sbtest3 WHERE id BETWEEN 5590836 AND 5590936
	-> Filter: (sbtest3.id between 5590836 and 5590936)  (cost=20.6 rows=101)
    -> Covering index range scan on sbtest3 using PRIMARY over (5590836 <= id <= 5590936)  (cost=20.6 rows=101)


table 4 : explain SELECT id FROM sbtest4 WHERE id BETWEEN 5590836 AND 5590936
	-> Filter: (sbtest4.id between 5590836 and 5590936)  (cost=20.6 rows=101)
    -> Covering index range scan on sbtest4 using PRIMARY over (5590836 <= id <= 5590936)  (cost=20.6 rows=101)


table 5 : explain SELECT id FROM sbtest5 WHERE id BETWEEN 5590836 AND 5590936
	-> Filter: (sbtest5.id between 5590836 and 5590936)  (cost=20.6 rows=101)
    -> Covering index range scan on sbtest5 using PRIMARY over (5590836 <= id <= 5590936)  (cost=20.6 rows=101)


table 6 : explain SELECT id FROM sbtest6 WHERE id BETWEEN 5590836 AND 5590936
	-> Filter: (sbtest6.id between 5590836 and 5590936)  (cost=20.6 rows=101)
    -> Covering index range scan on sbtest6 using PRIMARY over (5590836 <= id <= 5590936)  (cost=20.6 rows=101)


table 7 : explain SELECT id FROM sbtest7 WHERE id BETWEEN 5590836 AND 5590936
	-> Filter: (sbtest7.id between 5590836 and 5590936)  (cost=20.6 rows=101)
    -> Covering index range scan on sbtest7 using PRIMARY over (5590836 <= id <= 5590936)  (cost=20.6 rows=101)


table 8 : explain SELECT id FROM sbtest8 WHERE id BETWEEN 5590836 AND 5590936
	-> Filter: (sbtest8.id between 5590836 and 5590936)  (cost=20.6 rows=101)
    -> Covering index range scan on sbtest8 using PRIMARY over (5590836 <= id <= 5590936)  (cost=20.6 rows=101)


for range-covered
table 1 : explain SELECT id FROM sbtest1 WHERE id BETWEEN 3869178 AND 3869278
	-> Filter: (sbtest1.id between 3869178 and 3869278)  (cost=20.6 rows=101)
    -> Covering index range scan on sbtest1 using PRIMARY over (3869178 <= id <= 3869278)  (cost=20.6 rows=101)


table 2 : explain SELECT id FROM sbtest2 WHERE id BETWEEN 3869178 AND 3869278
	-> Filter: (sbtest2.id between 3869178 and 3869278)  (cost=20.6 rows=101)
    -> Covering index range scan on sbtest2 using PRIMARY over (3869178 <= id <= 3869278)  (cost=20.6 rows=101)


table 3 : explain SELECT id FROM sbtest3 WHERE id BETWEEN 3869178 AND 3869278
	-> Filter: (sbtest3.id between 3869178 and 3869278)  (cost=20.6 rows=101)
    -> Covering index range scan on sbtest3 using PRIMARY over (3869178 <= id <= 3869278)  (cost=20.6 rows=101)


table 4 : explain SELECT id FROM sbtest4 WHERE id BETWEEN 3869178 AND 3869278
	-> Filter: (sbtest4.id between 3869178 and 3869278)  (cost=20.6 rows=101)
    -> Covering index range scan on sbtest4 using PRIMARY over (3869178 <= id <= 3869278)  (cost=20.6 rows=101)


table 5 : explain SELECT id FROM sbtest5 WHERE id BETWEEN 3869178 AND 3869278
	-> Filter: (sbtest5.id between 3869178 and 3869278)  (cost=20.6 rows=101)
    -> Covering index range scan on sbtest5 using PRIMARY over (3869178 <= id <= 3869278)  (cost=20.6 rows=101)


table 6 : explain SELECT id FROM sbtest6 WHERE id BETWEEN 3869178 AND 3869278
	-> Filter: (sbtest6.id between 3869178 and 3869278)  (cost=20.6 rows=101)
    -> Covering index range scan on sbtest6 using PRIMARY over (3869178 <= id <= 3869278)  (cost=20.6 rows=101)


table 7 : explain SELECT id FROM sbtest7 WHERE id BETWEEN 3869178 AND 3869278
	-> Filter: (sbtest7.id between 3869178 and 3869278)  (cost=20.6 rows=101)
    -> Covering index range scan on sbtest7 using PRIMARY over (3869178 <= id <= 3869278)  (cost=20.6 rows=101)


table 8 : explain SELECT id FROM sbtest8 WHERE id BETWEEN 3869178 AND 3869278
	-> Filter: (sbtest8.id between 3869178 and 3869278)  (cost=20.6 rows=101)
    -> Covering index range scan on sbtest8 using PRIMARY over (3869178 <= id <= 3869278)  (cost=20.6 rows=101)


explain: for range-covered :: explain SELECT id FROM sbtest%d WHERE id BETWEEN 2322852 AND 2322952
explain: for range-covered :: explain SELECT id FROM sbtest%d WHERE id BETWEEN 3504453 AND 3504553
explain: for range-covered :: explain SELECT id FROM sbtest%d WHERE id BETWEEN 3620066 AND 3620166explain: for range-covered :: explain SELECT id FROM sbtest%d WHERE id BETWEEN 3864310 AND 3864410

for range-covered
table 1 : explain SELECT id FROM sbtest1 WHERE id BETWEEN 5687401 AND 5687501
	-> Filter: (sbtest1.id between 5687401 and 5687501)  (cost=20.6 rows=101)
    -> Covering index range scan on sbtest1 using PRIMARY over (5687401 <= id <= 5687501)  (cost=20.6 rows=101)


table 2 : explain SELECT id FROM sbtest2 WHERE id BETWEEN 5687401 AND 5687501
	-> Filter: (sbtest2.id between 5687401 and 5687501)  (cost=20.6 rows=101)
    -> Covering index range scan on sbtest2 using PRIMARY over (5687401 <= id <= 5687501)  (cost=20.6 rows=101)


table 3 : explain SELECT id FROM sbtest3 WHERE id BETWEEN 5687401 AND 5687501
	-> Filter: (sbtest3.id between 5687401 and 5687501)  (cost=20.6 rows=101)
    -> Covering index range scan on sbtest3 using PRIMARY over (5687401 <= id <= 5687501)  (cost=20.6 rows=101)


table 4 : explain SELECT id FROM sbtest4 WHERE id BETWEEN 5687401 AND 5687501
	-> Filter: (sbtest4.id between 5687401 and 5687501)  (cost=20.6 rows=101)
    -> Covering index range scan on sbtest4 using PRIMARY over (5687401 <= id <= 5687501)  (cost=20.6 rows=101)


table 5 : explain SELECT id FROM sbtest5 WHERE id BETWEEN 5687401 AND 5687501
	-> Filter: (sbtest5.id between 5687401 and 5687501)  (cost=20.6 rows=101)
    -> Covering index range scan on sbtest5 using PRIMARY over (5687401 <= id <= 5687501)  (cost=20.6 rows=101)


table 6 : explain SELECT id FROM sbtest6 WHERE id BETWEEN 5687401 AND 5687501
	-> Filter: (sbtest6.id between 5687401 and 5687501)  (cost=20.6 rows=101)
    -> Covering index range scan on sbtest6 using PRIMARY over (5687401 <= id <= 5687501)  (cost=20.6 rows=101)


table 7 : explain SELECT id FROM sbtest7 WHERE id BETWEEN 5687401 AND 5687501
	-> Filter: (sbtest7.id between 5687401 and 5687501)  (cost=20.6 rows=101)
    -> Covering index range scan on sbtest7 using PRIMARY over (5687401 <= id <= 5687501)  (cost=20.6 rows=101)


table 8 : explain SELECT id FROM sbtest8 WHERE id BETWEEN 5687401 AND 5687501
	-> Filter: (sbtest8.id between 5687401 and 5687501)  (cost=20.6 rows=101)
    -> Covering index range scan on sbtest8 using PRIMARY over (5687401 <= id <= 5687501)  (cost=20.6 rows=101)


for range-covered
table 1 : explain SELECT id FROM sbtest1 WHERE id BETWEEN 5021943 AND 5022043
	-> Filter: (sbtest1.id between 5021943 and 5022043)  (cost=20.6 rows=101)
    -> Covering index range scan on sbtest1 using PRIMARY over (5021943 <= id <= 5022043)  (cost=20.6 rows=101)


table 2 : explain SELECT id FROM sbtest2 WHERE id BETWEEN 5021943 AND 5022043
	-> Filter: (sbtest2.id between 5021943 and 5022043)  (cost=20.6 rows=101)
    -> Covering index range scan on sbtest2 using PRIMARY over (5021943 <= id <= 5022043)  (cost=20.6 rows=101)


table 3 : explain SELECT id FROM sbtest3 WHERE id BETWEEN 5021943 AND 5022043
	-> Filter: (sbtest3.id between 5021943 and 5022043)  (cost=20.6 rows=101)
    -> Covering index range scan on sbtest3 using PRIMARY over (5021943 <= id <= 5022043)  (cost=20.6 rows=101)


table 4 : explain SELECT id FROM sbtest4 WHERE id BETWEEN 5021943 AND 5022043
	-> Filter: (sbtest4.id between 5021943 and 5022043)  (cost=20.6 rows=101)
    -> Covering index range scan on sbtest4 using PRIMARY over (5021943 <= id <= 5022043)  (cost=20.6 rows=101)


table 5 : explain SELECT id FROM sbtest5 WHERE id BETWEEN 5021943 AND 5022043
	-> Filter: (sbtest5.id between 5021943 and 5022043)  (cost=20.6 rows=101)
    -> Covering index range scan on sbtest5 using PRIMARY over (5021943 <= id <= 5022043)  (cost=20.6 rows=101)


table 6 : explain SELECT id FROM sbtest6 WHERE id BETWEEN 5021943 AND 5022043
	-> Filter: (sbtest6.id between 5021943 and 5022043)  (cost=20.6 rows=101)
    -> Covering index range scan on sbtest6 using PRIMARY over (5021943 <= id <= 5022043)  (cost=20.6 rows=101)


table 7 : explain SELECT id FROM sbtest7 WHERE id BETWEEN 5021943 AND 5022043
	-> Filter: (sbtest7.id between 5021943 and 5022043)  (cost=20.6 rows=101)
    -> Covering index range scan on sbtest7 using PRIMARY over (5021943 <= id <= 5022043)  (cost=20.6 rows=101)


table 8 : explain SELECT id FROM sbtest8 WHERE id BETWEEN 5021943 AND 5022043
	-> Filter: (sbtest8.id between 5021943 and 5022043)  (cost=20.6 rows=101)
    -> Covering index range scan on sbtest8 using PRIMARY over (5021943 <= id <= 5022043)  (cost=20.6 rows=101)


explain: for range-covered :: explain SELECT id FROM sbtest%d WHERE id BETWEEN 5590836 AND 5590936
explain: for range-covered :: explain SELECT id FROM sbtest%d WHERE id BETWEEN 2178991 AND 2179091
explain: for range-covered :: explain SELECT id FROM sbtest%d WHERE id BETWEEN 3869178 AND 3869278
for range-covered
table 1 : explain SELECT id FROM sbtest1 WHERE id BETWEEN 7665281 AND 7665381
	-> Filter: (sbtest1.id between 7665281 and 7665381)  (cost=20.6 rows=101)
    -> Covering index range scan on sbtest1 using PRIMARY over (7665281 <= id <= 7665381)  (cost=20.6 rows=101)


table 2 : explain SELECT id FROM sbtest2 WHERE id BETWEEN 7665281 AND 7665381
	-> Filter: (sbtest2.id between 7665281 and 7665381)  (cost=20.6 rows=101)
    -> Covering index range scan on sbtest2 using PRIMARY over (7665281 <= id <= 7665381)  (cost=20.6 rows=101)


table 3 : explain SELECT id FROM sbtest3 WHERE id BETWEEN 7665281 AND 7665381
	-> Filter: (sbtest3.id between 7665281 and 7665381)  (cost=20.6 rows=101)
    -> Covering index range scan on sbtest3 using PRIMARY over (7665281 <= id <= 7665381)  (cost=20.6 rows=101)


table 4 : explain SELECT id FROM sbtest4 WHERE id BETWEEN 7665281 AND 7665381
	-> Filter: (sbtest4.id between 7665281 and 7665381)  (cost=20.6 rows=101)
    -> Covering index range scan on sbtest4 using PRIMARY over (7665281 <= id <= 7665381)  (cost=20.6 rows=101)


table 5 : explain SELECT id FROM sbtest5 WHERE id BETWEEN 7665281 AND 7665381
	-> Filter: (sbtest5.id between 7665281 and 7665381)  (cost=20.6 rows=101)
    -> Covering index range scan on sbtest5 using PRIMARY over (7665281 <= id <= 7665381)  (cost=20.6 rows=101)


table 6 : explain SELECT id FROM sbtest6 WHERE id BETWEEN 7665281 AND 7665381
	-> Filter: (sbtest6.id between 7665281 and 7665381)  (cost=20.6 rows=101)
    -> Covering index range scan on sbtest6 using PRIMARY over (7665281 <= id <= 7665381)  (cost=20.6 rows=101)


table 7 : explain SELECT id FROM sbtest7 WHERE id BETWEEN 7665281 AND 7665381
	-> Filter: (sbtest7.id between 7665281 and 7665381)  (cost=20.6 rows=101)
    -> Covering index range scan on sbtest7 using PRIMARY over (7665281 <= id <= 7665381)  (cost=20.6 rows=101)


table 8 : explain SELECT id FROM sbtest8 WHERE id BETWEEN 7665281 AND 7665381
	-> Filter: (sbtest8.id between 7665281 and 7665381)  (cost=20.6 rows=101)
    -> Covering index range scan on sbtest8 using PRIMARY over (7665281 <= id <= 7665381)  (cost=20.6 rows=101)


explain: for range-covered :: explain SELECT id FROM sbtest%d WHERE id BETWEEN 5021943 AND 5022043
explain: for range-covered :: explain SELECT id FROM sbtest%d WHERE id BETWEEN 5687401 AND 5687501
for range-covered
table 1 : explain SELECT id FROM sbtest1 WHERE id BETWEEN 4749092 AND 4749192
	-> Filter: (sbtest1.id between 4749092 and 4749192)  (cost=20.6 rows=101)
    -> Covering index range scan on sbtest1 using PRIMARY over (4749092 <= id <= 4749192)  (cost=20.6 rows=101)


table 2 : explain SELECT id FROM sbtest2 WHERE id BETWEEN 4749092 AND 4749192
	-> Filter: (sbtest2.id between 4749092 and 4749192)  (cost=20.6 rows=101)
    -> Covering index range scan on sbtest2 using PRIMARY over (4749092 <= id <= 4749192)  (cost=20.6 rows=101)


table 3 : explain SELECT id FROM sbtest3 WHERE id BETWEEN 4749092 AND 4749192
	-> Filter: (sbtest3.id between 4749092 and 4749192)  (cost=20.6 rows=101)
    -> Covering index range scan on sbtest3 using PRIMARY over (4749092 <= id <= 4749192)  (cost=20.6 rows=101)


table 4 : explain SELECT id FROM sbtest4 WHERE id BETWEEN 4749092 AND 4749192
	-> Filter: (sbtest4.id between 4749092 and 4749192)  (cost=20.6 rows=101)
    -> Covering index range scan on sbtest4 using PRIMARY over (4749092 <= id <= 4749192)  (cost=20.6 rows=101)


table 5 : explain SELECT id FROM sbtest5 WHERE id BETWEEN 4749092 AND 4749192
	-> Filter: (sbtest5.id between 4749092 and 4749192)  (cost=20.6 rows=101)
    -> Covering index range scan on sbtest5 using PRIMARY over (4749092 <= id <= 4749192)  (cost=20.6 rows=101)


table 6 : explain SELECT id FROM sbtest6 WHERE id BETWEEN 4749092 AND 4749192
	-> Filter: (sbtest6.id between 4749092 and 4749192)  (cost=20.6 rows=101)
    -> Covering index range scan on sbtest6 using PRIMARY over (4749092 <= id <= 4749192)  (cost=20.6 rows=101)


table 7 : explain SELECT id FROM sbtest7 WHERE id BETWEEN 4749092 AND 4749192
	-> Filter: (sbtest7.id between 4749092 and 4749192)  (cost=20.6 rows=101)
    -> Covering index range scan on sbtest7 using PRIMARY over (4749092 <= id <= 4749192)  (cost=20.6 rows=101)


table 8 : explain SELECT id FROM sbtest8 WHERE id BETWEEN 4749092 AND 4749192
	-> Filter: (sbtest8.id between 4749092 and 4749192)  (cost=20.6 rows=101)
    -> Covering index range scan on sbtest8 using PRIMARY over (4749092 <= id <= 4749192)  (cost=20.6 rows=101)


for range-covered
table 1 : explain SELECT id FROM sbtest1 WHERE id BETWEEN 7609338 AND 7609438
	-> Filter: (sbtest1.id between 7609338 and 7609438)  (cost=20.6 rows=101)
    -> Covering index range scan on sbtest1 using PRIMARY over (7609338 <= id <= 7609438)  (cost=20.6 rows=101)


table 2 : explain SELECT id FROM sbtest2 WHERE id BETWEEN 7609338 AND 7609438
	-> Filter: (sbtest2.id between 7609338 and 7609438)  (cost=20.6 rows=101)
    -> Covering index range scan on sbtest2 using PRIMARY over (7609338 <= id <= 7609438)  (cost=20.6 rows=101)


table 3 : explain SELECT id FROM sbtest3 WHERE id BETWEEN 7609338 AND 7609438
	-> Filter: (sbtest3.id between 7609338 and 7609438)  (cost=20.6 rows=101)
    -> Covering index range scan on sbtest3 using PRIMARY over (7609338 <= id <= 7609438)  (cost=20.6 rows=101)


table 4 : explain SELECT id FROM sbtest4 WHERE id BETWEEN 7609338 AND 7609438
	-> Filter: (sbtest4.id between 7609338 and 7609438)  (cost=20.6 rows=101)
    -> Covering index range scan on sbtest4 using PRIMARY over (7609338 <= id <= 7609438)  (cost=20.6 rows=101)


table 5 : explain SELECT id FROM sbtest5 WHERE id BETWEEN 7609338 AND 7609438
	-> Filter: (sbtest5.id between 7609338 and 7609438)  (cost=20.6 rows=101)
    -> Covering index range scan on sbtest5 using PRIMARY over (7609338 <= id <= 7609438)  (cost=20.6 rows=101)


table 6 : explain SELECT id FROM sbtest6 WHERE id BETWEEN 7609338 AND 7609438
	-> Filter: (sbtest6.id between 7609338 and 7609438)  (cost=20.6 rows=101)
    -> Covering index range scan on sbtest6 using PRIMARY over (7609338 <= id <= 7609438)  (cost=20.6 rows=101)


table 7 : explain SELECT id FROM sbtest7 WHERE id BETWEEN 7609338 AND 7609438
	-> Filter: (sbtest7.id between 7609338 and 7609438)  (cost=20.6 rows=101)
    -> Covering index range scan on sbtest7 using PRIMARY over (7609338 <= id <= 7609438)  (cost=20.6 rows=101)


table 8 : explain SELECT id FROM sbtest8 WHERE id BETWEEN 7609338 AND 7609438
	-> Filter: (sbtest8.id between 7609338 and 7609438)  (cost=20.6 rows=101)
    -> Covering index range scan on sbtest8 using PRIMARY over (7609338 <= id <= 7609438)  (cost=20.6 rows=101)


explain: for range-covered :: explain SELECT id FROM sbtest%d WHERE id BETWEEN 7665281 AND 7665381
for range-covered
table 1 : explain SELECT id FROM sbtest1 WHERE id BETWEEN 4333531 AND 4333631
	-> Filter: (sbtest1.id between 4333531 and 4333631)  (cost=20.6 rows=101)
    -> Covering index range scan on sbtest1 using PRIMARY over (4333531 <= id <= 4333631)  (cost=20.6 rows=101)


table 2 : explain SELECT id FROM sbtest2 WHERE id BETWEEN 4333531 AND 4333631
	-> Filter: (sbtest2.id between 4333531 and 4333631)  (cost=20.6 rows=101)
    -> Covering index range scan on sbtest2 using PRIMARY over (4333531 <= id <= 4333631)  (cost=20.6 rows=101)


table 3 : explain SELECT id FROM sbtest3 WHERE id BETWEEN 4333531 AND 4333631
	-> Filter: (sbtest3.id between 4333531 and 4333631)  (cost=20.6 rows=101)
    -> Covering index range scan on sbtest3 using PRIMARY over (4333531 <= id <= 4333631)  (cost=20.6 rows=101)


table 4 : explain SELECT id FROM sbtest4 WHERE id BETWEEN 4333531 AND 4333631
	-> Filter: (sbtest4.id between 4333531 and 4333631)  (cost=20.6 rows=101)
    -> Covering index range scan on sbtest4 using PRIMARY over (4333531 <= id <= 4333631)  (cost=20.6 rows=101)


table 5 : explain SELECT id FROM sbtest5 WHERE id BETWEEN 4333531 AND 4333631
	-> Filter: (sbtest5.id between 4333531 and 4333631)  (cost=20.6 rows=101)
    -> Covering index range scan on sbtest5 using PRIMARY over (4333531 <= id <= 4333631)  (cost=20.6 rows=101)


table 6 : explain SELECT id FROM sbtest6 WHERE id BETWEEN 4333531 AND 4333631
	-> Filter: (sbtest6.id between 4333531 and 4333631)  (cost=20.6 rows=101)
    -> Covering index range scan on sbtest6 using PRIMARY over (4333531 <= id <= 4333631)  (cost=20.6 rows=101)


table 7 : explain SELECT id FROM sbtest7 WHERE id BETWEEN 4333531 AND 4333631
	-> Filter: (sbtest7.id between 4333531 and 4333631)  (cost=20.6 rows=101)
    -> Covering index range scan on sbtest7 using PRIMARY over (4333531 <= id <= 4333631)  (cost=20.6 rows=101)


table 8 : explain SELECT id FROM sbtest8 WHERE id BETWEEN 4333531 AND 4333631
	-> Filter: (sbtest8.id between 4333531 and 4333631)  (cost=20.6 rows=101)
    -> Covering index range scan on sbtest8 using PRIMARY over (4333531 <= id <= 4333631)  (cost=20.6 rows=101)


explain: for range-covered :: explain SELECT id FROM sbtest%d WHERE id BETWEEN 4749092 AND 4749192
explain: for range-covered :: explain SELECT id FROM sbtest%d WHERE id BETWEEN 7609338 AND 7609438
explain: for range-covered :: explain SELECT id FROM sbtest%d WHERE id BETWEEN 4333531 AND 4333631
for range-covered
table 1 : explain SELECT id FROM sbtest1 WHERE id BETWEEN 8026450 AND 8026550
	-> Filter: (sbtest1.id between 8026450 and 8026550)  (cost=20.6 rows=101)
    -> Covering index range scan on sbtest1 using PRIMARY over (8026450 <= id <= 8026550)  (cost=20.6 rows=101)


table 2 : explain SELECT id FROM sbtest2 WHERE id BETWEEN 8026450 AND 8026550
	-> Filter: (sbtest2.id between 8026450 and 8026550)  (cost=20.6 rows=101)
    -> Covering index range scan on sbtest2 using PRIMARY over (8026450 <= id <= 8026550)  (cost=20.6 rows=101)


table 3 : explain SELECT id FROM sbtest3 WHERE id BETWEEN 8026450 AND 8026550
	-> Filter: (sbtest3.id between 8026450 and 8026550)  (cost=20.6 rows=101)
    -> Covering index range scan on sbtest3 using PRIMARY over (8026450 <= id <= 8026550)  (cost=20.6 rows=101)


table 4 : explain SELECT id FROM sbtest4 WHERE id BETWEEN 8026450 AND 8026550
	-> Filter: (sbtest4.id between 8026450 and 8026550)  (cost=20.6 rows=101)
    -> Covering index range scan on sbtest4 using PRIMARY over (8026450 <= id <= 8026550)  (cost=20.6 rows=101)


table 5 : explain SELECT id FROM sbtest5 WHERE id BETWEEN 8026450 AND 8026550
	-> Filter: (sbtest5.id between 8026450 and 8026550)  (cost=20.6 rows=101)
    -> Covering index range scan on sbtest5 using PRIMARY over (8026450 <= id <= 8026550)  (cost=20.6 rows=101)


table 6 : explain SELECT id FROM sbtest6 WHERE id BETWEEN 8026450 AND 8026550
	-> Filter: (sbtest6.id between 8026450 and 8026550)  (cost=20.6 rows=101)
    -> Covering index range scan on sbtest6 using PRIMARY over (8026450 <= id <= 8026550)  (cost=20.6 rows=101)


table 7 : explain SELECT id FROM sbtest7 WHERE id BETWEEN 8026450 AND 8026550
	-> Filter: (sbtest7.id between 8026450 and 8026550)  (cost=20.6 rows=101)
    -> Covering index range scan on sbtest7 using PRIMARY over (8026450 <= id <= 8026550)  (cost=20.6 rows=101)


table 8 : explain SELECT id FROM sbtest8 WHERE id BETWEEN 8026450 AND 8026550
	-> Filter: (sbtest8.id between 8026450 and 8026550)  (cost=20.6 rows=101)
    -> Covering index range scan on sbtest8 using PRIMARY over (8026450 <= id <= 8026550)  (cost=20.6 rows=101)

for range-covered
table 1 : explain SELECT id FROM sbtest1 WHERE id BETWEEN 4390786 AND 4390886
	-> Filter: (sbtest1.id between 4390786 and 4390886)  (cost=20.6 rows=101)
    -> Covering index range scan on sbtest1 using PRIMARY over (4390786 <= id <= 4390886)  (cost=20.6 rows=101)


table 2 : explain SELECT id FROM sbtest2 WHERE id BETWEEN 4390786 AND 4390886
	-> Filter: (sbtest2.id between 4390786 and 4390886)  (cost=20.6 rows=101)
    -> Covering index range scan on sbtest2 using PRIMARY over (4390786 <= id <= 4390886)  (cost=20.6 rows=101)


table 3 : explain SELECT id FROM sbtest3 WHERE id BETWEEN 4390786 AND 4390886
	-> Filter: (sbtest3.id between 4390786 and 4390886)  (cost=20.6 rows=101)
    -> Covering index range scan on sbtest3 using PRIMARY over (4390786 <= id <= 4390886)  (cost=20.6 rows=101)


table 4 : explain SELECT id FROM sbtest4 WHERE id BETWEEN 4390786 AND 4390886
	-> Filter: (sbtest4.id between 4390786 and 4390886)  (cost=20.6 rows=101)
    -> Covering index range scan on sbtest4 using PRIMARY over (4390786 <= id <= 4390886)  (cost=20.6 rows=101)


table 5 : explain SELECT id FROM sbtest5 WHERE id BETWEEN 4390786 AND 4390886
	-> Filter: (sbtest5.id between 4390786 and 4390886)  (cost=20.6 rows=101)
    -> Covering index range scan on sbtest5 using PRIMARY over (4390786 <= id <= 4390886)  (cost=20.6 rows=101)


table 6 : explain SELECT id FROM sbtest6 WHERE id BETWEEN 4390786 AND 4390886
	-> Filter: (sbtest6.id between 4390786 and 4390886)  (cost=20.6 rows=101)
    -> Covering index range scan on sbtest6 using PRIMARY over (4390786 <= id <= 4390886)  (cost=20.6 rows=101)


table 7 : explain SELECT id FROM sbtest7 WHERE id BETWEEN 4390786 AND 4390886
	-> Filter: (sbtest7.id between 4390786 and 4390886)  (cost=20.6 rows=101)
    -> Covering index range scan on sbtest7 using PRIMARY over (4390786 <= id <= 4390886)  (cost=20.6 rows=101)


table 8 : explain SELECT id FROM sbtest8 WHERE id BETWEEN 4390786 AND 4390886
	-> Filter: (sbtest8.id between 4390786 and 4390886)  (cost=20.6 rows=101)
    -> Covering index range scan on sbtest8 using PRIMARY over (4390786 <= id <= 4390886)  (cost=20.6 rows=101)

for range-covered
table 1 : explain SELECT id FROM sbtest1 WHERE id BETWEEN 4472526 AND 4472626
	-> Filter: (sbtest1.id between 4472526 and 4472626)  (cost=20.6 rows=101)
    -> Covering index range scan on sbtest1 using PRIMARY over (4472526 <= id <= 4472626)  (cost=20.6 rows=101)


table 2 : explain SELECT id FROM sbtest2 WHERE id BETWEEN 4472526 AND 4472626
	-> Filter: (sbtest2.id between 4472526 and 4472626)  (cost=20.6 rows=101)
    -> Covering index range scan on sbtest2 using PRIMARY over (4472526 <= id <= 4472626)  (cost=20.6 rows=101)


table 3 : explain SELECT id FROM sbtest3 WHERE id BETWEEN 4472526 AND 4472626
	-> Filter: (sbtest3.id between 4472526 and 4472626)  (cost=20.6 rows=101)
    -> Covering index range scan on sbtest3 using PRIMARY over (4472526 <= id <= 4472626)  (cost=20.6 rows=101)


table 4 : explain SELECT id FROM sbtest4 WHERE id BETWEEN 4472526 AND 4472626
	-> Filter: (sbtest4.id between 4472526 and 4472626)  (cost=20.6 rows=101)
    -> Covering index range scan on sbtest4 using PRIMARY over (4472526 <= id <= 4472626)  (cost=20.6 rows=101)


table 5 : explain SELECT id FROM sbtest5 WHERE id BETWEEN 4472526 AND 4472626
	-> Filter: (sbtest5.id between 4472526 and 4472626)  (cost=20.6 rows=101)
    -> Covering index range scan on sbtest5 using PRIMARY over (4472526 <= id <= 4472626)  (cost=20.6 rows=101)


table 6 : explain SELECT id FROM sbtest6 WHERE id BETWEEN 4472526 AND 4472626
	-> Filter: (sbtest6.id between 4472526 and 4472626)  (cost=20.6 rows=101)
    -> Covering index range scan on sbtest6 using PRIMARY over (4472526 <= id <= 4472626)  (cost=20.6 rows=101)


table 7 : explain SELECT id FROM sbtest7 WHERE id BETWEEN 4472526 AND 4472626
	-> Filter: (sbtest7.id between 4472526 and 4472626)  (cost=20.6 rows=101)
    -> Covering index range scan on sbtest7 using PRIMARY over (4472526 <= id <= 4472626)  (cost=20.6 rows=101)


table 8 : explain SELECT id FROM sbtest8 WHERE id BETWEEN 4472526 AND 4472626
	-> Filter: (sbtest8.id between 4472526 and 4472626)  (cost=20.6 rows=101)
    -> Covering index range scan on sbtest8 using PRIMARY over (4472526 <= id <= 4472626)  (cost=20.6 rows=101)


for range-covered
table 1 : explain SELECT id FROM sbtest1 WHERE id BETWEEN 4681970 AND 4682070
	-> Filter: (sbtest1.id between 4681970 and 4682070)  (cost=20.6 rows=101)
    -> Covering index range scan on sbtest1 using PRIMARY over (4681970 <= id <= 4682070)  (cost=20.6 rows=101)


table 2 : explain SELECT id FROM sbtest2 WHERE id BETWEEN 4681970 AND 4682070
	-> Filter: (sbtest2.id between 4681970 and 4682070)  (cost=20.6 rows=101)
    -> Covering index range scan on sbtest2 using PRIMARY over (4681970 <= id <= 4682070)  (cost=20.6 rows=101)


table 3 : explain SELECT id FROM sbtest3 WHERE id BETWEEN 4681970 AND 4682070
	-> Filter: (sbtest3.id between 4681970 and 4682070)  (cost=20.6 rows=101)
    -> Covering index range scan on sbtest3 using PRIMARY over (4681970 <= id <= 4682070)  (cost=20.6 rows=101)


table 4 : explain SELECT id FROM sbtest4 WHERE id BETWEEN 4681970 AND 4682070
	-> Filter: (sbtest4.id between 4681970 and 4682070)  (cost=20.6 rows=101)
    -> Covering index range scan on sbtest4 using PRIMARY over (4681970 <= id <= 4682070)  (cost=20.6 rows=101)


table 5 : explain SELECT id FROM sbtest5 WHERE id BETWEEN 4681970 AND 4682070
	-> Filter: (sbtest5.id between 4681970 and 4682070)  (cost=20.6 rows=101)
    -> Covering index range scan on sbtest5 using PRIMARY over (4681970 <= id <= 4682070)  (cost=20.6 rows=101)


table 6 : explain SELECT id FROM sbtest6 WHERE id BETWEEN 4681970 AND 4682070
	-> Filter: (sbtest6.id between 4681970 and 4682070)  (cost=20.6 rows=101)
    -> Covering index range scan on sbtest6 using PRIMARY over (4681970 <= id <= 4682070)  (cost=20.6 rows=101)


table 7 : explain SELECT id FROM sbtest7 WHERE id BETWEEN 4681970 AND 4682070
	-> Filter: (sbtest7.id between 4681970 and 4682070)  (cost=20.6 rows=101)
    -> Covering index range scan on sbtest7 using PRIMARY over (4681970 <= id <= 4682070)  (cost=20.6 rows=101)


table 8 : explain SELECT id FROM sbtest8 WHERE id BETWEEN 4681970 AND 4682070
	-> Filter: (sbtest8.id between 4681970 and 4682070)  (cost=20.6 rows=101)
    -> Covering index range scan on sbtest8 using PRIMARY over (4681970 <= id <= 4682070)  (cost=20.6 rows=101)




for range-covered
table 1 : explain SELECT id FROM sbtest1 WHERE id BETWEEN 8126829 AND 8126929
	-> Filter: (sbtest1.id between 8126829 and 8126929)  (cost=20.6 rows=101)
    -> Covering index range scan on sbtest1 using PRIMARY over (8126829 <= id <= 8126929)  (cost=20.6 rows=101)


table 2 : explain SELECT id FROM sbtest2 WHERE id BETWEEN 8126829 AND 8126929
	-> Filter: (sbtest2.id between 8126829 and 8126929)  (cost=20.6 rows=101)
    -> Covering index range scan on sbtest2 using PRIMARY over (8126829 <= id <= 8126929)  (cost=20.6 rows=101)


table 3 : explain SELECT id FROM sbtest3 WHERE id BETWEEN 8126829 AND 8126929
	-> Filter: (sbtest3.id between 8126829 and 8126929)  (cost=20.6 rows=101)
    -> Covering index range scan on sbtest3 using PRIMARY over (8126829 <= id <= 8126929)  (cost=20.6 rows=101)


table 4 : explain SELECT id FROM sbtest4 WHERE id BETWEEN 8126829 AND 8126929
	-> Filter: (sbtest4.id between 8126829 and 8126929)  (cost=20.6 rows=101)
    -> Covering index range scan on sbtest4 using PRIMARY over (8126829 <= id <= 8126929)  (cost=20.6 rows=101)


table 5 : explain SELECT id FROM sbtest5 WHERE id BETWEEN 8126829 AND 8126929
	-> Filter: (sbtest5.id between 8126829 and 8126929)  (cost=20.6 rows=101)
    -> Covering index range scan on sbtest5 using PRIMARY over (8126829 <= id <= 8126929)  (cost=20.6 rows=101)


table 6 : explain SELECT id FROM sbtest6 WHERE id BETWEEN 8126829 AND 8126929
	-> Filter: (sbtest6.id between 8126829 and 8126929)  (cost=20.6 rows=101)
    -> Covering index range scan on sbtest6 using PRIMARY over (8126829 <= id <= 8126929)  (cost=20.6 rows=101)


table 7 : explain SELECT id FROM sbtest7 WHERE id BETWEEN 8126829 AND 8126929
	-> Filter: (sbtest7.id between 8126829 and 8126929)  (cost=20.6 rows=101)
    -> Covering index range scan on sbtest7 using PRIMARY over (8126829 <= id <= 8126929)  (cost=20.6 rows=101)


table 8 : explain SELECT id FROM sbtest8 WHERE id BETWEEN 8126829 AND 8126929
	-> Filter: (sbtest8.id between 8126829 and 8126929)  (cost=20.6 rows=101)
    -> Covering index range scan on sbtest8 using PRIMARY over (8126829 <= id <= 8126929)  (cost=20.6 rows=101)


for range-covered
table 1 : explain SELECT id FROM sbtest1 WHERE id BETWEEN 7126950 AND 7127050
	-> Filter: (sbtest1.id between 7126950 and 7127050)  (cost=20.6 rows=101)
    -> Covering index range scan on sbtest1 using PRIMARY over (7126950 <= id <= 7127050)  (cost=20.6 rows=101)


table 2 : explain SELECT id FROM sbtest2 WHERE id BETWEEN 7126950 AND 7127050
	-> Filter: (sbtest2.id between 7126950 and 7127050)  (cost=20.6 rows=101)
    -> Covering index range scan on sbtest2 using PRIMARY over (7126950 <= id <= 7127050)  (cost=20.6 rows=101)


table 3 : explain SELECT id FROM sbtest3 WHERE id BETWEEN 7126950 AND 7127050
	-> Filter: (sbtest3.id between 7126950 and 7127050)  (cost=20.6 rows=101)
    -> Covering index range scan on sbtest3 using PRIMARY over (7126950 <= id <= 7127050)  (cost=20.6 rows=101)


table 4 : explain SELECT id FROM sbtest4 WHERE id BETWEEN 7126950 AND 7127050
	-> Filter: (sbtest4.id between 7126950 and 7127050)  (cost=20.6 rows=101)
    -> Covering index range scan on sbtest4 using PRIMARY over (7126950 <= id <= 7127050)  (cost=20.6 rows=101)


table 5 : explain SELECT id FROM sbtest5 WHERE id BETWEEN 7126950 AND 7127050
	-> Filter: (sbtest5.id between 7126950 and 7127050)  (cost=20.6 rows=101)
    -> Covering index range scan on sbtest5 using PRIMARY over (7126950 <= id <= 7127050)  (cost=20.6 rows=101)


table 6 : explain SELECT id FROM sbtest6 WHERE id BETWEEN 7126950 AND 7127050
	-> Filter: (sbtest6.id between 7126950 and 7127050)  (cost=20.6 rows=101)
    -> Covering index range scan on sbtest6 using PRIMARY over (7126950 <= id <= 7127050)  (cost=20.6 rows=101)


table 7 : explain SELECT id FROM sbtest7 WHERE id BETWEEN 7126950 AND 7127050
	-> Filter: (sbtest7.id between 7126950 and 7127050)  (cost=20.6 rows=101)
    -> Covering index range scan on sbtest7 using PRIMARY over (7126950 <= id <= 7127050)  (cost=20.6 rows=101)


table 8 : explain SELECT id FROM sbtest8 WHERE id BETWEEN 7126950 AND 7127050
	-> Filter: (sbtest8.id between 7126950 and 7127050)  (cost=20.6 rows=101)
    -> Covering index range scan on sbtest8 using PRIMARY over (7126950 <= id <= 7127050)  (cost=20.6 rows=101)


for range-covered
table 1 : explain SELECT id FROM sbtest1 WHERE id BETWEEN 2845774 AND 2845874
	-> Filter: (sbtest1.id between 2845774 and 2845874)  (cost=20.6 rows=101)
    -> Covering index range scan on sbtest1 using PRIMARY over (2845774 <= id <= 2845874)  (cost=20.6 rows=101)


table 2 : explain SELECT id FROM sbtest2 WHERE id BETWEEN 2845774 AND 2845874
	-> Filter: (sbtest2.id between 2845774 and 2845874)  (cost=20.6 rows=101)
    -> Covering index range scan on sbtest2 using PRIMARY over (2845774 <= id <= 2845874)  (cost=20.6 rows=101)


table 3 : explain SELECT id FROM sbtest3 WHERE id BETWEEN 2845774 AND 2845874
	-> Filter: (sbtest3.id between 2845774 and 2845874)  (cost=20.6 rows=101)
    -> Covering index range scan on sbtest3 using PRIMARY over (2845774 <= id <= 2845874)  (cost=20.6 rows=101)


table 4 : explain SELECT id FROM sbtest4 WHERE id BETWEEN 2845774 AND 2845874
	-> Filter: (sbtest4.id between 2845774 and 2845874)  (cost=20.6 rows=101)
    -> Covering index range scan on sbtest4 using PRIMARY over (2845774 <= id <= 2845874)  (cost=20.6 rows=101)


table 5 : explain SELECT id FROM sbtest5 WHERE id BETWEEN 2845774 AND 2845874
	-> Filter: (sbtest5.id between 2845774 and 2845874)  (cost=20.6 rows=101)
    -> Covering index range scan on sbtest5 using PRIMARY over (2845774 <= id <= 2845874)  (cost=20.6 rows=101)


table 6 : explain SELECT id FROM sbtest6 WHERE id BETWEEN 2845774 AND 2845874
	-> Filter: (sbtest6.id between 2845774 and 2845874)  (cost=20.6 rows=101)
    -> Covering index range scan on sbtest6 using PRIMARY over (2845774 <= id <= 2845874)  (cost=20.6 rows=101)


table 7 : explain SELECT id FROM sbtest7 WHERE id BETWEEN 2845774 AND 2845874
	-> Filter: (sbtest7.id between 2845774 and 2845874)  (cost=20.6 rows=101)
    -> Covering index range scan on sbtest7 using PRIMARY over (2845774 <= id <= 2845874)  (cost=20.6 rows=101)


table 8 : explain SELECT id FROM sbtest8 WHERE id BETWEEN 2845774 AND 2845874
	-> Filter: (sbtest8.id between 2845774 and 2845874)  (cost=20.6 rows=101)
    -> Covering index range scan on sbtest8 using PRIMARY over (2845774 <= id <= 2845874)  (cost=20.6 rows=101)

explain: for range-covered :: explain SELECT id FROM sbtest%d WHERE id BETWEEN 8026450 AND 8026550
for range-covered
table 1 : explain SELECT id FROM sbtest1 WHERE id BETWEEN 1893473 AND 1893573
	-> Filter: (sbtest1.id between 1893473 and 1893573)  (cost=20.6 rows=101)
    -> Covering index range scan on sbtest1 using PRIMARY over (1893473 <= id <= 1893573)  (cost=20.6 rows=101)


table 2 : explain SELECT id FROM sbtest2 WHERE id BETWEEN 1893473 AND 1893573
	-> Filter: (sbtest2.id between 1893473 and 1893573)  (cost=20.6 rows=101)
    -> Covering index range scan on sbtest2 using PRIMARY over (1893473 <= id <= 1893573)  (cost=20.6 rows=101)


table 3 : explain SELECT id FROM sbtest3 WHERE id BETWEEN 1893473 AND 1893573
	-> Filter: (sbtest3.id between 1893473 and 1893573)  (cost=20.6 rows=101)
    -> Covering index range scan on sbtest3 using PRIMARY over (1893473 <= id <= 1893573)  (cost=20.6 rows=101)


table 4 : explain SELECT id FROM sbtest4 WHERE id BETWEEN 1893473 AND 1893573
	-> Filter: (sbtest4.id between 1893473 and 1893573)  (cost=20.6 rows=101)
    -> Covering index range scan on sbtest4 using PRIMARY over (1893473 <= id <= 1893573)  (cost=20.6 rows=101)


table 5 : explain SELECT id FROM sbtest5 WHERE id BETWEEN 1893473 AND 1893573
	-> Filter: (sbtest5.id between 1893473 and 1893573)  (cost=20.6 rows=101)
    -> Covering index range scan on sbtest5 using PRIMARY over (1893473 <= id <= 1893573)  (cost=20.6 rows=101)


table 6 : explain SELECT id FROM sbtest6 WHERE id BETWEEN 1893473 AND 1893573
	-> Filter: (sbtest6.id between 1893473 and 1893573)  (cost=20.6 rows=101)
    -> Covering index range scan on sbtest6 using PRIMARY over (1893473 <= id <= 1893573)  (cost=20.6 rows=101)


table 7 : explain SELECT id FROM sbtest7 WHERE id BETWEEN 1893473 AND 1893573
	-> Filter: (sbtest7.id between 1893473 and 1893573)  (cost=20.6 rows=101)
    -> Covering index range scan on sbtest7 using PRIMARY over (1893473 <= id <= 1893573)  (cost=20.6 rows=101)


table 8 : explain SELECT id FROM sbtest8 WHERE id BETWEEN 1893473 AND 1893573
	-> Filter: (sbtest8.id between 1893473 and 1893573)  (cost=20.6 rows=101)
    -> Covering index range scan on sbtest8 using PRIMARY over (1893473 <= id <= 1893573)  (cost=20.6 rows=101)


explain: for range-covered :: explain SELECT id FROM sbtest%d WHERE id BETWEEN 4681970 AND 4682070
explain: for range-covered :: explain SELECT id FROM sbtest%d WHERE id BETWEEN 4472526 AND 4472626
for range-covered
table 1 : explain SELECT id FROM sbtest1 WHERE id BETWEEN 6121679 AND 6121779
	-> Filter: (sbtest1.id between 6121679 and 6121779)  (cost=20.6 rows=101)
    -> Covering index range scan on sbtest1 using PRIMARY over (6121679 <= id <= 6121779)  (cost=20.6 rows=101)


table 2 : explain SELECT id FROM sbtest2 WHERE id BETWEEN 6121679 AND 6121779
	-> Filter: (sbtest2.id between 6121679 and 6121779)  (cost=20.6 rows=101)
    -> Covering index range scan on sbtest2 using PRIMARY over (6121679 <= id <= 6121779)  (cost=20.6 rows=101)


table 3 : explain SELECT id FROM sbtest3 WHERE id BETWEEN 6121679 AND 6121779
	-> Filter: (sbtest3.id between 6121679 and 6121779)  (cost=20.6 rows=101)
    -> Covering index range scan on sbtest3 using PRIMARY over (6121679 <= id <= 6121779)  (cost=20.6 rows=101)


table 4 : explain SELECT id FROM sbtest4 WHERE id BETWEEN 6121679 AND 6121779
	-> Filter: (sbtest4.id between 6121679 and 6121779)  (cost=20.6 rows=101)
    -> Covering index range scan on sbtest4 using PRIMARY over (6121679 <= id <= 6121779)  (cost=20.6 rows=101)


table 5 : explain SELECT id FROM sbtest5 WHERE id BETWEEN 6121679 AND 6121779
	-> Filter: (sbtest5.id between 6121679 and 6121779)  (cost=20.6 rows=101)
    -> Covering index range scan on sbtest5 using PRIMARY over (6121679 <= id <= 6121779)  (cost=20.6 rows=101)


table 6 : explain SELECT id FROM sbtest6 WHERE id BETWEEN 6121679 AND 6121779
	-> Filter: (sbtest6.id between 6121679 and 6121779)  (cost=20.6 rows=101)
    -> Covering index range scan on sbtest6 using PRIMARY over (6121679 <= id <= 6121779)  (cost=20.6 rows=101)


table 7 : explain SELECT id FROM sbtest7 WHERE id BETWEEN 6121679 AND 6121779
	-> Filter: (sbtest7.id between 6121679 and 6121779)  (cost=20.6 rows=101)
    -> Covering index range scan on sbtest7 using PRIMARY over (6121679 <= id <= 6121779)  (cost=20.6 rows=101)


table 8 : explain SELECT id FROM sbtest8 WHERE id BETWEEN 6121679 AND 6121779
	-> Filter: (sbtest8.id between 6121679 and 6121779)  (cost=20.6 rows=101)
    -> Covering index range scan on sbtest8 using PRIMARY over (6121679 <= id <= 6121779)  (cost=20.6 rows=101)


explain: for range-covered :: explain SELECT id FROM sbtest%d WHERE id BETWEEN 8126829 AND 8126929
explain: for range-covered :: explain SELECT id FROM sbtest%d WHERE id BETWEEN 7126950 AND 7127050explain: for range-covered :: explain SELECT id FROM sbtest%d WHERE id BETWEEN 4390786 AND 4390886
explain: for range-covered :: explain SELECT id FROM sbtest%d WHERE id BETWEEN 1893473 AND 1893573
for range-covered
table 1 : explain SELECT id FROM sbtest1 WHERE id BETWEEN 1999307 AND 1999407
	-> Filter: (sbtest1.id between 1999307 and 1999407)  (cost=20.6 rows=101)
    -> Covering index range scan on sbtest1 using PRIMARY over (1999307 <= id <= 1999407)  (cost=20.6 rows=101)


table 2 : explain SELECT id FROM sbtest2 WHERE id BETWEEN 1999307 AND 1999407
	-> Filter: (sbtest2.id between 1999307 and 1999407)  (cost=20.6 rows=101)
    -> Covering index range scan on sbtest2 using PRIMARY over (1999307 <= id <= 1999407)  (cost=20.6 rows=101)


table 3 : explain SELECT id FROM sbtest3 WHERE id BETWEEN 1999307 AND 1999407
	-> Filter: (sbtest3.id between 1999307 and 1999407)  (cost=20.6 rows=101)
    -> Covering index range scan on sbtest3 using PRIMARY over (1999307 <= id <= 1999407)  (cost=20.6 rows=101)


table 4 : explain SELECT id FROM sbtest4 WHERE id BETWEEN 1999307 AND 1999407
	-> Filter: (sbtest4.id between 1999307 and 1999407)  (cost=20.6 rows=101)
    -> Covering index range scan on sbtest4 using PRIMARY over (1999307 <= id <= 1999407)  (cost=20.6 rows=101)


table 5 : explain SELECT id FROM sbtest5 WHERE id BETWEEN 1999307 AND 1999407
	-> Filter: (sbtest5.id between 1999307 and 1999407)  (cost=20.6 rows=101)
    -> Covering index range scan on sbtest5 using PRIMARY over (1999307 <= id <= 1999407)  (cost=20.6 rows=101)


table 6 : explain SELECT id FROM sbtest6 WHERE id BETWEEN 1999307 AND 1999407
	-> Filter: (sbtest6.id between 1999307 and 1999407)  (cost=20.6 rows=101)
    -> Covering index range scan on sbtest6 using PRIMARY over (1999307 <= id <= 1999407)  (cost=20.6 rows=101)


table 7 : explain SELECT id FROM sbtest7 WHERE id BETWEEN 1999307 AND 1999407
	-> Filter: (sbtest7.id between 1999307 and 1999407)  (cost=20.6 rows=101)
    -> Covering index range scan on sbtest7 using PRIMARY over (1999307 <= id <= 1999407)  (cost=20.6 rows=101)


table 8 : explain SELECT id FROM sbtest8 WHERE id BETWEEN 1999307 AND 1999407
	-> Filter: (sbtest8.id between 1999307 and 1999407)  (cost=20.6 rows=101)
    -> Covering index range scan on sbtest8 using PRIMARY over (1999307 <= id <= 1999407)  (cost=20.6 rows=101)



for range-covered
table 1 : explain SELECT id FROM sbtest1 WHERE id BETWEEN 4991619 AND 4991719
	-> Filter: (sbtest1.id between 4991619 and 4991719)  (cost=20.6 rows=101)
    -> Covering index range scan on sbtest1 using PRIMARY over (4991619 <= id <= 4991719)  (cost=20.6 rows=101)


table 2 : explain SELECT id FROM sbtest2 WHERE id BETWEEN 4991619 AND 4991719
	-> Filter: (sbtest2.id between 4991619 and 4991719)  (cost=20.6 rows=101)
    -> Covering index range scan on sbtest2 using PRIMARY over (4991619 <= id <= 4991719)  (cost=20.6 rows=101)


table 3 : explain SELECT id FROM sbtest3 WHERE id BETWEEN 4991619 AND 4991719
	-> Filter: (sbtest3.id between 4991619 and 4991719)  (cost=20.6 rows=101)
    -> Covering index range scan on sbtest3 using PRIMARY over (4991619 <= id <= 4991719)  (cost=20.6 rows=101)


table 4 : explain SELECT id FROM sbtest4 WHERE id BETWEEN 4991619 AND 4991719
	-> Filter: (sbtest4.id between 4991619 and 4991719)  (cost=20.6 rows=101)
    -> Covering index range scan on sbtest4 using PRIMARY over (4991619 <= id <= 4991719)  (cost=20.6 rows=101)


table 5 : explain SELECT id FROM sbtest5 WHERE id BETWEEN 4991619 AND 4991719
	-> Filter: (sbtest5.id between 4991619 and 4991719)  (cost=20.6 rows=101)
    -> Covering index range scan on sbtest5 using PRIMARY over (4991619 <= id <= 4991719)  (cost=20.6 rows=101)


table 6 : explain SELECT id FROM sbtest6 WHERE id BETWEEN 4991619 AND 4991719
	-> Filter: (sbtest6.id between 4991619 and 4991719)  (cost=20.6 rows=101)
    -> Covering index range scan on sbtest6 using PRIMARY over (4991619 <= id <= 4991719)  (cost=20.6 rows=101)


table 7 : explain SELECT id FROM sbtest7 WHERE id BETWEEN 4991619 AND 4991719
	-> Filter: (sbtest7.id between 4991619 and 4991719)  (cost=20.6 rows=101)
    -> Covering index range scan on sbtest7 using PRIMARY over (4991619 <= id <= 4991719)  (cost=20.6 rows=101)


table 8 : explain SELECT id FROM sbtest8 WHERE id BETWEEN 4991619 AND 4991719
	-> Filter: (sbtest8.id between 4991619 and 4991719)  (cost=20.6 rows=101)
    -> Covering index range scan on sbtest8 using PRIMARY over (4991619 <= id <= 4991719)  (cost=20.6 rows=101)


for range-covered
table 1 : explain SELECT id FROM sbtest1 WHERE id BETWEEN 3409393 AND 3409493
	-> Filter: (sbtest1.id between 3409393 and 3409493)  (cost=20.6 rows=101)
    -> Covering index range scan on sbtest1 using PRIMARY over (3409393 <= id <= 3409493)  (cost=20.6 rows=101)


table 2 : explain SELECT id FROM sbtest2 WHERE id BETWEEN 3409393 AND 3409493
	-> Filter: (sbtest2.id between 3409393 and 3409493)  (cost=20.6 rows=101)
    -> Covering index range scan on sbtest2 using PRIMARY over (3409393 <= id <= 3409493)  (cost=20.6 rows=101)


table 3 : explain SELECT id FROM sbtest3 WHERE id BETWEEN 3409393 AND 3409493
	-> Filter: (sbtest3.id between 3409393 and 3409493)  (cost=20.6 rows=101)
    -> Covering index range scan on sbtest3 using PRIMARY over (3409393 <= id <= 3409493)  (cost=20.6 rows=101)


table 4 : explain SELECT id FROM sbtest4 WHERE id BETWEEN 3409393 AND 3409493
	-> Filter: (sbtest4.id between 3409393 and 3409493)  (cost=20.6 rows=101)
    -> Covering index range scan on sbtest4 using PRIMARY over (3409393 <= id <= 3409493)  (cost=20.6 rows=101)


table 5 : explain SELECT id FROM sbtest5 WHERE id BETWEEN 3409393 AND 3409493
	-> Filter: (sbtest5.id between 3409393 and 3409493)  (cost=20.6 rows=101)
    -> Covering index range scan on sbtest5 using PRIMARY over (3409393 <= id <= 3409493)  (cost=20.6 rows=101)


table 6 : explain SELECT id FROM sbtest6 WHERE id BETWEEN 3409393 AND 3409493
	-> Filter: (sbtest6.id between 3409393 and 3409493)  (cost=20.6 rows=101)
    -> Covering index range scan on sbtest6 using PRIMARY over (3409393 <= id <= 3409493)  (cost=20.6 rows=101)


table 7 : explain SELECT id FROM sbtest7 WHERE id BETWEEN 3409393 AND 3409493
	-> Filter: (sbtest7.id between 3409393 and 3409493)  (cost=20.6 rows=101)
    -> Covering index range scan on sbtest7 using PRIMARY over (3409393 <= id <= 3409493)  (cost=20.6 rows=101)


table 8 : explain SELECT id FROM sbtest8 WHERE id BETWEEN 3409393 AND 3409493
	-> Filter: (sbtest8.id between 3409393 and 3409493)  (cost=20.6 rows=101)
    -> Covering index range scan on sbtest8 using PRIMARY over (3409393 <= id <= 3409493)  (cost=20.6 rows=101)


for range-covered
table 1 : explain SELECT id FROM sbtest1 WHERE id BETWEEN 9219070 AND 9219170
	-> Filter: (sbtest1.id between 9219070 and 9219170)  (cost=20.6 rows=101)
    -> Covering index range scan on sbtest1 using PRIMARY over (9219070 <= id <= 9219170)  (cost=20.6 rows=101)


table 2 : explain SELECT id FROM sbtest2 WHERE id BETWEEN 9219070 AND 9219170
	-> Filter: (sbtest2.id between 9219070 and 9219170)  (cost=20.6 rows=101)
    -> Covering index range scan on sbtest2 using PRIMARY over (9219070 <= id <= 9219170)  (cost=20.6 rows=101)


table 3 : explain SELECT id FROM sbtest3 WHERE id BETWEEN 9219070 AND 9219170
	-> Filter: (sbtest3.id between 9219070 and 9219170)  (cost=20.6 rows=101)
    -> Covering index range scan on sbtest3 using PRIMARY over (9219070 <= id <= 9219170)  (cost=20.6 rows=101)


table 4 : explain SELECT id FROM sbtest4 WHERE id BETWEEN 9219070 AND 9219170
	-> Filter: (sbtest4.id between 9219070 and 9219170)  (cost=20.6 rows=101)
    -> Covering index range scan on sbtest4 using PRIMARY over (9219070 <= id <= 9219170)  (cost=20.6 rows=101)


table 5 : explain SELECT id FROM sbtest5 WHERE id BETWEEN 9219070 AND 9219170
	-> Filter: (sbtest5.id between 9219070 and 9219170)  (cost=20.6 rows=101)
    -> Covering index range scan on sbtest5 using PRIMARY over (9219070 <= id <= 9219170)  (cost=20.6 rows=101)


table 6 : explain SELECT id FROM sbtest6 WHERE id BETWEEN 9219070 AND 9219170
	-> Filter: (sbtest6.id between 9219070 and 9219170)  (cost=20.6 rows=101)
    -> Covering index range scan on sbtest6 using PRIMARY over (9219070 <= id <= 9219170)  (cost=20.6 rows=101)


table 7 : explain SELECT id FROM sbtest7 WHERE id BETWEEN 9219070 AND 9219170
	-> Filter: (sbtest7.id between 9219070 and 9219170)  (cost=20.6 rows=101)
    -> Covering index range scan on sbtest7 using PRIMARY over (9219070 <= id <= 9219170)  (cost=20.6 rows=101)


table 8 : explain SELECT id FROM sbtest8 WHERE id BETWEEN 9219070 AND 9219170
	-> Filter: (sbtest8.id between 9219070 and 9219170)  (cost=20.6 rows=101)
    -> Covering index range scan on sbtest8 using PRIMARY over (9219070 <= id <= 9219170)  (cost=20.6 rows=101)


explain: for range-covered :: explain SELECT id FROM sbtest%d WHERE id BETWEEN 6121679 AND 6121779
for range-covered
table 1 : explain SELECT id FROM sbtest1 WHERE id BETWEEN 7505176 AND 7505276
	-> Filter: (sbtest1.id between 7505176 and 7505276)  (cost=20.6 rows=101)
    -> Covering index range scan on sbtest1 using PRIMARY over (7505176 <= id <= 7505276)  (cost=20.6 rows=101)


table 2 : explain SELECT id FROM sbtest2 WHERE id BETWEEN 7505176 AND 7505276
	-> Filter: (sbtest2.id between 7505176 and 7505276)  (cost=20.6 rows=101)
    -> Covering index range scan on sbtest2 using PRIMARY over (7505176 <= id <= 7505276)  (cost=20.6 rows=101)


table 3 : explain SELECT id FROM sbtest3 WHERE id BETWEEN 7505176 AND 7505276
	-> Filter: (sbtest3.id between 7505176 and 7505276)  (cost=20.6 rows=101)
    -> Covering index range scan on sbtest3 using PRIMARY over (7505176 <= id <= 7505276)  (cost=20.6 rows=101)


table 4 : explain SELECT id FROM sbtest4 WHERE id BETWEEN 7505176 AND 7505276
	-> Filter: (sbtest4.id between 7505176 and 7505276)  (cost=20.6 rows=101)
    -> Covering index range scan on sbtest4 using PRIMARY over (7505176 <= id <= 7505276)  (cost=20.6 rows=101)


table 5 : explain SELECT id FROM sbtest5 WHERE id BETWEEN 7505176 AND 7505276
	-> Filter: (sbtest5.id between 7505176 and 7505276)  (cost=20.6 rows=101)
    -> Covering index range scan on sbtest5 using PRIMARY over (7505176 <= id <= 7505276)  (cost=20.6 rows=101)


table 6 : explain SELECT id FROM sbtest6 WHERE id BETWEEN 7505176 AND 7505276
	-> Filter: (sbtest6.id between 7505176 and 7505276)  (cost=20.6 rows=101)
    -> Covering index range scan on sbtest6 using PRIMARY over (7505176 <= id <= 7505276)  (cost=20.6 rows=101)


table 7 : explain SELECT id FROM sbtest7 WHERE id BETWEEN 7505176 AND 7505276
	-> Filter: (sbtest7.id between 7505176 and 7505276)  (cost=20.6 rows=101)
    -> Covering index range scan on sbtest7 using PRIMARY over (7505176 <= id <= 7505276)  (cost=20.6 rows=101)


table 8 : explain SELECT id FROM sbtest8 WHERE id BETWEEN 7505176 AND 7505276
	-> Filter: (sbtest8.id between 7505176 and 7505276)  (cost=20.6 rows=101)
    -> Covering index range scan on sbtest8 using PRIMARY over (7505176 <= id <= 7505276)  (cost=20.6 rows=101)


for range-covered
table 1 : explain SELECT id FROM sbtest1 WHERE id BETWEEN 4863833 AND 4863933
	-> Filter: (sbtest1.id between 4863833 and 4863933)  (cost=20.6 rows=101)
    -> Covering index range scan on sbtest1 using PRIMARY over (4863833 <= id <= 4863933)  (cost=20.6 rows=101)


table 2 : explain SELECT id FROM sbtest2 WHERE id BETWEEN 4863833 AND 4863933
	-> Filter: (sbtest2.id between 4863833 and 4863933)  (cost=20.6 rows=101)
    -> Covering index range scan on sbtest2 using PRIMARY over (4863833 <= id <= 4863933)  (cost=20.6 rows=101)


table 3 : explain SELECT id FROM sbtest3 WHERE id BETWEEN 4863833 AND 4863933
	-> Filter: (sbtest3.id between 4863833 and 4863933)  (cost=20.6 rows=101)
    -> Covering index range scan on sbtest3 using PRIMARY over (4863833 <= id <= 4863933)  (cost=20.6 rows=101)


table 4 : explain SELECT id FROM sbtest4 WHERE id BETWEEN 4863833 AND 4863933
	-> Filter: (sbtest4.id between 4863833 and 4863933)  (cost=20.6 rows=101)
    -> Covering index range scan on sbtest4 using PRIMARY over (4863833 <= id <= 4863933)  (cost=20.6 rows=101)


table 5 : explain SELECT id FROM sbtest5 WHERE id BETWEEN 4863833 AND 4863933
	-> Filter: (sbtest5.id between 4863833 and 4863933)  (cost=20.6 rows=101)
    -> Covering index range scan on sbtest5 using PRIMARY over (4863833 <= id <= 4863933)  (cost=20.6 rows=101)


table 6 : explain SELECT id FROM sbtest6 WHERE id BETWEEN 4863833 AND 4863933
	-> Filter: (sbtest6.id between 4863833 and 4863933)  (cost=20.6 rows=101)
    -> Covering index range scan on sbtest6 using PRIMARY over (4863833 <= id <= 4863933)  (cost=20.6 rows=101)


table 7 : explain SELECT id FROM sbtest7 WHERE id BETWEEN 4863833 AND 4863933
	-> Filter: (sbtest7.id between 4863833 and 4863933)  (cost=20.6 rows=101)
    -> Covering index range scan on sbtest7 using PRIMARY over (4863833 <= id <= 4863933)  (cost=20.6 rows=101)


table 8 : explain SELECT id FROM sbtest8 WHERE id BETWEEN 4863833 AND 4863933
	-> Filter: (sbtest8.id between 4863833 and 4863933)  (cost=20.6 rows=101)
    -> Covering index range scan on sbtest8 using PRIMARY over (4863833 <= id <= 4863933)  (cost=20.6 rows=101)


explain: for range-covered :: explain SELECT id FROM sbtest%d WHERE id BETWEEN 3409393 AND 3409493
for range-covered
table 1 : explain SELECT id FROM sbtest1 WHERE id BETWEEN 6708792 AND 6708892
	-> Filter: (sbtest1.id between 6708792 and 6708892)  (cost=20.6 rows=101)
    -> Covering index range scan on sbtest1 using PRIMARY over (6708792 <= id <= 6708892)  (cost=20.6 rows=101)


table 2 : explain SELECT id FROM sbtest2 WHERE id BETWEEN 6708792 AND 6708892
	-> Filter: (sbtest2.id between 6708792 and 6708892)  (cost=20.6 rows=101)
    -> Covering index range scan on sbtest2 using PRIMARY over (6708792 <= id <= 6708892)  (cost=20.6 rows=101)


table 3 : explain SELECT id FROM sbtest3 WHERE id BETWEEN 6708792 AND 6708892
	-> Filter: (sbtest3.id between 6708792 and 6708892)  (cost=20.6 rows=101)
    -> Covering index range scan on sbtest3 using PRIMARY over (6708792 <= id <= 6708892)  (cost=20.6 rows=101)


table 4 : explain SELECT id FROM sbtest4 WHERE id BETWEEN 6708792 AND 6708892
	-> Filter: (sbtest4.id between 6708792 and 6708892)  (cost=20.6 rows=101)
    -> Covering index range scan on sbtest4 using PRIMARY over (6708792 <= id <= 6708892)  (cost=20.6 rows=101)


table 5 : explain SELECT id FROM sbtest5 WHERE id BETWEEN 6708792 AND 6708892
	-> Filter: (sbtest5.id between 6708792 and 6708892)  (cost=20.6 rows=101)
    -> Covering index range scan on sbtest5 using PRIMARY over (6708792 <= id <= 6708892)  (cost=20.6 rows=101)


table 6 : explain SELECT id FROM sbtest6 WHERE id BETWEEN 6708792 AND 6708892
	-> Filter: (sbtest6.id between 6708792 and 6708892)  (cost=20.6 rows=101)
    -> Covering index range scan on sbtest6 using PRIMARY over (6708792 <= id <= 6708892)  (cost=20.6 rows=101)


table 7 : explain SELECT id FROM sbtest7 WHERE id BETWEEN 6708792 AND 6708892
	-> Filter: (sbtest7.id between 6708792 and 6708892)  (cost=20.6 rows=101)
    -> Covering index range scan on sbtest7 using PRIMARY over (6708792 <= id <= 6708892)  (cost=20.6 rows=101)


table 8 : explain SELECT id FROM sbtest8 WHERE id BETWEEN 6708792 AND 6708892
	-> Filter: (sbtest8.id between 6708792 and 6708892)  (cost=20.6 rows=101)
    -> Covering index range scan on sbtest8 using PRIMARY over (6708792 <= id <= 6708892)  (cost=20.6 rows=101)

explain: for range-covered :: explain SELECT id FROM sbtest%d WHERE id BETWEEN 1999307 AND 1999407
explain: for range-covered :: explain SELECT id FROM sbtest%d WHERE id BETWEEN 4863833 AND 4863933
for range-covered
table 1 : explain SELECT id FROM sbtest1 WHERE id BETWEEN 5068006 AND 5068106
	-> Filter: (sbtest1.id between 5068006 and 5068106)  (cost=20.6 rows=101)
    -> Covering index range scan on sbtest1 using PRIMARY over (5068006 <= id <= 5068106)  (cost=20.6 rows=101)


table 2 : explain SELECT id FROM sbtest2 WHERE id BETWEEN 5068006 AND 5068106
	-> Filter: (sbtest2.id between 5068006 and 5068106)  (cost=20.6 rows=101)
    -> Covering index range scan on sbtest2 using PRIMARY over (5068006 <= id <= 5068106)  (cost=20.6 rows=101)


table 3 : explain SELECT id FROM sbtest3 WHERE id BETWEEN 5068006 AND 5068106
	-> Filter: (sbtest3.id between 5068006 and 5068106)  (cost=20.6 rows=101)
    -> Covering index range scan on sbtest3 using PRIMARY over (5068006 <= id <= 5068106)  (cost=20.6 rows=101)


table 4 : explain SELECT id FROM sbtest4 WHERE id BETWEEN 5068006 AND 5068106
	-> Filter: (sbtest4.id between 5068006 and 5068106)  (cost=20.6 rows=101)
    -> Covering index range scan on sbtest4 using PRIMARY over (5068006 <= id <= 5068106)  (cost=20.6 rows=101)


table 5 : explain SELECT id FROM sbtest5 WHERE id BETWEEN 5068006 AND 5068106
	-> Filter: (sbtest5.id between 5068006 and 5068106)  (cost=20.6 rows=101)
    -> Covering index range scan on sbtest5 using PRIMARY over (5068006 <= id <= 5068106)  (cost=20.6 rows=101)


table 6 : explain SELECT id FROM sbtest6 WHERE id BETWEEN 5068006 AND 5068106
	-> Filter: (sbtest6.id between 5068006 and 5068106)  (cost=20.6 rows=101)
    -> Covering index range scan on sbtest6 using PRIMARY over (5068006 <= id <= 5068106)  (cost=20.6 rows=101)


table 7 : explain SELECT id FROM sbtest7 WHERE id BETWEEN 5068006 AND 5068106
	-> Filter: (sbtest7.id between 5068006 and 5068106)  (cost=20.6 rows=101)
    -> Covering index range scan on sbtest7 using PRIMARY over (5068006 <= id <= 5068106)  (cost=20.6 rows=101)


table 8 : explain SELECT id FROM sbtest8 WHERE id BETWEEN 5068006 AND 5068106
	-> Filter: (sbtest8.id between 5068006 and 5068106)  (cost=20.6 rows=101)
    -> Covering index range scan on sbtest8 using PRIMARY over (5068006 <= id <= 5068106)  (cost=20.6 rows=101)


for range-covered
table 1 : explain SELECT id FROM sbtest1 WHERE id BETWEEN 5453131 AND 5453231
	-> Filter: (sbtest1.id between 5453131 and 5453231)  (cost=20.6 rows=101)
    -> Covering index range scan on sbtest1 using PRIMARY over (5453131 <= id <= 5453231)  (cost=20.6 rows=101)


table 2 : explain SELECT id FROM sbtest2 WHERE id BETWEEN 5453131 AND 5453231
	-> Filter: (sbtest2.id between 5453131 and 5453231)  (cost=20.6 rows=101)
    -> Covering index range scan on sbtest2 using PRIMARY over (5453131 <= id <= 5453231)  (cost=20.6 rows=101)


table 3 : explain SELECT id FROM sbtest3 WHERE id BETWEEN 5453131 AND 5453231
	-> Filter: (sbtest3.id between 5453131 and 5453231)  (cost=20.6 rows=101)
    -> Covering index range scan on sbtest3 using PRIMARY over (5453131 <= id <= 5453231)  (cost=20.6 rows=101)


table 4 : explain SELECT id FROM sbtest4 WHERE id BETWEEN 5453131 AND 5453231
	-> Filter: (sbtest4.id between 5453131 and 5453231)  (cost=20.6 rows=101)
    -> Covering index range scan on sbtest4 using PRIMARY over (5453131 <= id <= 5453231)  (cost=20.6 rows=101)


table 5 : explain SELECT id FROM sbtest5 WHERE id BETWEEN 5453131 AND 5453231
	-> Filter: (sbtest5.id between 5453131 and 5453231)  (cost=20.6 rows=101)
    -> Covering index range scan on sbtest5 using PRIMARY over (5453131 <= id <= 5453231)  (cost=20.6 rows=101)


table 6 : explain SELECT id FROM sbtest6 WHERE id BETWEEN 5453131 AND 5453231
	-> Filter: (sbtest6.id between 5453131 and 5453231)  (cost=20.6 rows=101)
    -> Covering index range scan on sbtest6 using PRIMARY over (5453131 <= id <= 5453231)  (cost=20.6 rows=101)


table 7 : explain SELECT id FROM sbtest7 WHERE id BETWEEN 5453131 AND 5453231
	-> Filter: (sbtest7.id between 5453131 and 5453231)  (cost=20.6 rows=101)
    -> Covering index range scan on sbtest7 using PRIMARY over (5453131 <= id <= 5453231)  (cost=20.6 rows=101)


table 8 : explain SELECT id FROM sbtest8 WHERE id BETWEEN 5453131 AND 5453231
	-> Filter: (sbtest8.id between 5453131 and 5453231)  (cost=20.6 rows=101)
    -> Covering index range scan on sbtest8 using PRIMARY over (5453131 <= id <= 5453231)  (cost=20.6 rows=101)



explain: for range-covered :: explain SELECT id FROM sbtest%d WHERE id BETWEEN 7505176 AND 7505276
for range-covered
table 1 : explain SELECT id FROM sbtest1 WHERE id BETWEEN 7020568 AND 7020668
	-> Filter: (sbtest1.id between 7020568 and 7020668)  (cost=20.6 rows=101)
    -> Covering index range scan on sbtest1 using PRIMARY over (7020568 <= id <= 7020668)  (cost=20.6 rows=101)


table 2 : explain SELECT id FROM sbtest2 WHERE id BETWEEN 7020568 AND 7020668
	-> Filter: (sbtest2.id between 7020568 and 7020668)  (cost=20.6 rows=101)
    -> Covering index range scan on sbtest2 using PRIMARY over (7020568 <= id <= 7020668)  (cost=20.6 rows=101)


table 3 : explain SELECT id FROM sbtest3 WHERE id BETWEEN 7020568 AND 7020668
	-> Filter: (sbtest3.id between 7020568 and 7020668)  (cost=20.6 rows=101)
    -> Covering index range scan on sbtest3 using PRIMARY over (7020568 <= id <= 7020668)  (cost=20.6 rows=101)


table 4 : explain SELECT id FROM sbtest4 WHERE id BETWEEN 7020568 AND 7020668
	-> Filter: (sbtest4.id between 7020568 and 7020668)  (cost=20.6 rows=101)
    -> Covering index range scan on sbtest4 using PRIMARY over (7020568 <= id <= 7020668)  (cost=20.6 rows=101)


table 5 : explain SELECT id FROM sbtest5 WHERE id BETWEEN 7020568 AND 7020668
	-> Filter: (sbtest5.id between 7020568 and 7020668)  (cost=20.6 rows=101)
    -> Covering index range scan on sbtest5 using PRIMARY over (7020568 <= id <= 7020668)  (cost=20.6 rows=101)


table 6 : explain SELECT id FROM sbtest6 WHERE id BETWEEN 7020568 AND 7020668
	-> Filter: (sbtest6.id between 7020568 and 7020668)  (cost=20.6 rows=101)
    -> Covering index range scan on sbtest6 using PRIMARY over (7020568 <= id <= 7020668)  (cost=20.6 rows=101)


table 7 : explain SELECT id FROM sbtest7 WHERE id BETWEEN 7020568 AND 7020668
	-> Filter: (sbtest7.id between 7020568 and 7020668)  (cost=20.6 rows=101)
    -> Covering index range scan on sbtest7 using PRIMARY over (7020568 <= id <= 7020668)  (cost=20.6 rows=101)


table 8 : explain SELECT id FROM sbtest8 WHERE id BETWEEN 7020568 AND 7020668
	-> Filter: (sbtest8.id between 7020568 and 7020668)  (cost=20.6 rows=101)
    -> Covering index range scan on sbtest8 using PRIMARY over (7020568 <= id <= 7020668)  (cost=20.6 rows=101)


explain: for range-covered :: explain SELECT id FROM sbtest%d WHERE id BETWEEN 9219070 AND 9219170
explain: for range-covered :: explain SELECT id FROM sbtest%d WHERE id BETWEEN 2845774 AND 2845874
explain: for range-covered :: explain SELECT id FROM sbtest%d WHERE id BETWEEN 5453131 AND 5453231
explain: for range-covered :: explain SELECT id FROM sbtest%d WHERE id BETWEEN 4991619 AND 4991719for range-covered
table 1 : explain SELECT id FROM sbtest1 WHERE id BETWEEN 3504453 AND 3504553
	-> Filter: (sbtest1.id between 3504453 and 3504553)  (cost=20.6 rows=101)
    -> Covering index range scan on sbtest1 using PRIMARY over (3504453 <= id <= 3504553)  (cost=20.6 rows=101)


table 2 : explain SELECT id FROM sbtest2 WHERE id BETWEEN 3504453 AND 3504553
	-> Filter: (sbtest2.id between 3504453 and 3504553)  (cost=20.6 rows=101)
    -> Covering index range scan on sbtest2 using PRIMARY over (3504453 <= id <= 3504553)  (cost=20.6 rows=101)


table 3 : explain SELECT id FROM sbtest3 WHERE id BETWEEN 3504453 AND 3504553
	-> Filter: (sbtest3.id between 3504453 and 3504553)  (cost=20.6 rows=101)
    -> Covering index range scan on sbtest3 using PRIMARY over (3504453 <= id <= 3504553)  (cost=20.6 rows=101)


table 4 : explain SELECT id FROM sbtest4 WHERE id BETWEEN 3504453 AND 3504553
	-> Filter: (sbtest4.id between 3504453 and 3504553)  (cost=20.6 rows=101)
    -> Covering index range scan on sbtest4 using PRIMARY over (3504453 <= id <= 3504553)  (cost=20.6 rows=101)


table 5 : explain SELECT id FROM sbtest5 WHERE id BETWEEN 3504453 AND 3504553
	-> Filter: (sbtest5.id between 3504453 and 3504553)  (cost=20.6 rows=101)
    -> Covering index range scan on sbtest5 using PRIMARY over (3504453 <= id <= 3504553)  (cost=20.6 rows=101)


table 6 : explain SELECT id FROM sbtest6 WHERE id BETWEEN 3504453 AND 3504553
	-> Filter: (sbtest6.id between 3504453 and 3504553)  (cost=20.6 rows=101)
    -> Covering index range scan on sbtest6 using PRIMARY over (3504453 <= id <= 3504553)  (cost=20.6 rows=101)


table 7 : explain SELECT id FROM sbtest7 WHERE id BETWEEN 3504453 AND 3504553
	-> Filter: (sbtest7.id between 3504453 and 3504553)  (cost=20.6 rows=101)
    -> Covering index range scan on sbtest7 using PRIMARY over (3504453 <= id <= 3504553)  (cost=20.6 rows=101)


table 8 : explain SELECT id FROM sbtest8 WHERE id BETWEEN 3504453 AND 3504553
	-> Filter: (sbtest8.id between 3504453 and 3504553)  (cost=20.6 rows=101)
    -> Covering index range scan on sbtest8 using PRIMARY over (3504453 <= id <= 3504553)  (cost=20.6 rows=101)


for range-covered
table 1 : explain SELECT id FROM sbtest1 WHERE id BETWEEN 6607652 AND 6607752
	-> Filter: (sbtest1.id between 6607652 and 6607752)  (cost=20.6 rows=101)
    -> Covering index range scan on sbtest1 using PRIMARY over (6607652 <= id <= 6607752)  (cost=20.6 rows=101)


table 2 : explain SELECT id FROM sbtest2 WHERE id BETWEEN 6607652 AND 6607752
	-> Filter: (sbtest2.id between 6607652 and 6607752)  (cost=20.6 rows=101)
    -> Covering index range scan on sbtest2 using PRIMARY over (6607652 <= id <= 6607752)  (cost=20.6 rows=101)


table 3 : explain SELECT id FROM sbtest3 WHERE id BETWEEN 6607652 AND 6607752
	-> Filter: (sbtest3.id between 6607652 and 6607752)  (cost=20.6 rows=101)
    -> Covering index range scan on sbtest3 using PRIMARY over (6607652 <= id <= 6607752)  (cost=20.6 rows=101)


table 4 : explain SELECT id FROM sbtest4 WHERE id BETWEEN 6607652 AND 6607752
	-> Filter: (sbtest4.id between 6607652 and 6607752)  (cost=20.6 rows=101)
    -> Covering index range scan on sbtest4 using PRIMARY over (6607652 <= id <= 6607752)  (cost=20.6 rows=101)


table 5 : explain SELECT id FROM sbtest5 WHERE id BETWEEN 6607652 AND 6607752
	-> Filter: (sbtest5.id between 6607652 and 6607752)  (cost=20.6 rows=101)
    -> Covering index range scan on sbtest5 using PRIMARY over (6607652 <= id <= 6607752)  (cost=20.6 rows=101)


table 6 : explain SELECT id FROM sbtest6 WHERE id BETWEEN 6607652 AND 6607752
	-> Filter: (sbtest6.id between 6607652 and 6607752)  (cost=20.6 rows=101)
    -> Covering index range scan on sbtest6 using PRIMARY over (6607652 <= id <= 6607752)  (cost=20.6 rows=101)


table 7 : explain SELECT id FROM sbtest7 WHERE id BETWEEN 6607652 AND 6607752
	-> Filter: (sbtest7.id between 6607652 and 6607752)  (cost=20.6 rows=101)
    -> Covering index range scan on sbtest7 using PRIMARY over (6607652 <= id <= 6607752)  (cost=20.6 rows=101)


table 8 : explain SELECT id FROM sbtest8 WHERE id BETWEEN 6607652 AND 6607752
	-> Filter: (sbtest8.id between 6607652 and 6607752)  (cost=20.6 rows=101)
    -> Covering index range scan on sbtest8 using PRIMARY over (6607652 <= id <= 6607752)  (cost=20.6 rows=101)


explain: for range-covered :: explain SELECT id FROM sbtest%d WHERE id BETWEEN 5068006 AND 5068106

for range-covered
table 1 : explain SELECT id FROM sbtest1 WHERE id BETWEEN 5440251 AND 5440351
	-> Filter: (sbtest1.id between 5440251 and 5440351)  (cost=20.6 rows=101)
    -> Covering index range scan on sbtest1 using PRIMARY over (5440251 <= id <= 5440351)  (cost=20.6 rows=101)


table 2 : explain SELECT id FROM sbtest2 WHERE id BETWEEN 5440251 AND 5440351
	-> Filter: (sbtest2.id between 5440251 and 5440351)  (cost=20.6 rows=101)
    -> Covering index range scan on sbtest2 using PRIMARY over (5440251 <= id <= 5440351)  (cost=20.6 rows=101)


table 3 : explain SELECT id FROM sbtest3 WHERE id BETWEEN 5440251 AND 5440351
	-> Filter: (sbtest3.id between 5440251 and 5440351)  (cost=20.6 rows=101)
    -> Covering index range scan on sbtest3 using PRIMARY over (5440251 <= id <= 5440351)  (cost=20.6 rows=101)


table 4 : explain SELECT id FROM sbtest4 WHERE id BETWEEN 5440251 AND 5440351
	-> Filter: (sbtest4.id between 5440251 and 5440351)  (cost=20.6 rows=101)
    -> Covering index range scan on sbtest4 using PRIMARY over (5440251 <= id <= 5440351)  (cost=20.6 rows=101)


table 5 : explain SELECT id FROM sbtest5 WHERE id BETWEEN 5440251 AND 5440351
	-> Filter: (sbtest5.id between 5440251 and 5440351)  (cost=20.6 rows=101)
    -> Covering index range scan on sbtest5 using PRIMARY over (5440251 <= id <= 5440351)  (cost=20.6 rows=101)


table 6 : explain SELECT id FROM sbtest6 WHERE id BETWEEN 5440251 AND 5440351
	-> Filter: (sbtest6.id between 5440251 and 5440351)  (cost=20.6 rows=101)
    -> Covering index range scan on sbtest6 using PRIMARY over (5440251 <= id <= 5440351)  (cost=20.6 rows=101)


table 7 : explain SELECT id FROM sbtest7 WHERE id BETWEEN 5440251 AND 5440351
	-> Filter: (sbtest7.id between 5440251 and 5440351)  (cost=20.6 rows=101)
    -> Covering index range scan on sbtest7 using PRIMARY over (5440251 <= id <= 5440351)  (cost=20.6 rows=101)


table 8 : explain SELECT id FROM sbtest8 WHERE id BETWEEN 5440251 AND 5440351
	-> Filter: (sbtest8.id between 5440251 and 5440351)  (cost=20.6 rows=101)
    -> Covering index range scan on sbtest8 using PRIMARY over (5440251 <= id <= 5440351)  (cost=20.6 rows=101)


for range-covered
table 1 : explain SELECT id FROM sbtest1 WHERE id BETWEEN 3859825 AND 3859925
	-> Filter: (sbtest1.id between 3859825 and 3859925)  (cost=20.6 rows=101)
    -> Covering index range scan on sbtest1 using PRIMARY over (3859825 <= id <= 3859925)  (cost=20.6 rows=101)


table 2 : explain SELECT id FROM sbtest2 WHERE id BETWEEN 3859825 AND 3859925
	-> Filter: (sbtest2.id between 3859825 and 3859925)  (cost=20.6 rows=101)
    -> Covering index range scan on sbtest2 using PRIMARY over (3859825 <= id <= 3859925)  (cost=20.6 rows=101)


table 3 : explain SELECT id FROM sbtest3 WHERE id BETWEEN 3859825 AND 3859925
	-> Filter: (sbtest3.id between 3859825 and 3859925)  (cost=20.6 rows=101)
    -> Covering index range scan on sbtest3 using PRIMARY over (3859825 <= id <= 3859925)  (cost=20.6 rows=101)


table 4 : explain SELECT id FROM sbtest4 WHERE id BETWEEN 3859825 AND 3859925
	-> Filter: (sbtest4.id between 3859825 and 3859925)  (cost=20.6 rows=101)
    -> Covering index range scan on sbtest4 using PRIMARY over (3859825 <= id <= 3859925)  (cost=20.6 rows=101)


table 5 : explain SELECT id FROM sbtest5 WHERE id BETWEEN 3859825 AND 3859925
	-> Filter: (sbtest5.id between 3859825 and 3859925)  (cost=20.6 rows=101)
    -> Covering index range scan on sbtest5 using PRIMARY over (3859825 <= id <= 3859925)  (cost=20.6 rows=101)


table 6 : explain SELECT id FROM sbtest6 WHERE id BETWEEN 3859825 AND 3859925
	-> Filter: (sbtest6.id between 3859825 and 3859925)  (cost=20.6 rows=101)
    -> Covering index range scan on sbtest6 using PRIMARY over (3859825 <= id <= 3859925)  (cost=20.6 rows=101)


table 7 : explain SELECT id FROM sbtest7 WHERE id BETWEEN 3859825 AND 3859925
	-> Filter: (sbtest7.id between 3859825 and 3859925)  (cost=20.6 rows=101)
    -> Covering index range scan on sbtest7 using PRIMARY over (3859825 <= id <= 3859925)  (cost=20.6 rows=101)


table 8 : explain SELECT id FROM sbtest8 WHERE id BETWEEN 3859825 AND 3859925
	-> Filter: (sbtest8.id between 3859825 and 3859925)  (cost=20.6 rows=101)
    -> Covering index range scan on sbtest8 using PRIMARY over (3859825 <= id <= 3859925)  (cost=20.6 rows=101)


explain: for range-covered :: explain SELECT id FROM sbtest%d WHERE id BETWEEN 3504453 AND 3504553
for range-covered
table 1 : explain SELECT id FROM sbtest1 WHERE id BETWEEN 3620066 AND 3620166
	-> Filter: (sbtest1.id between 3620066 and 3620166)  (cost=20.6 rows=101)
    -> Covering index range scan on sbtest1 using PRIMARY over (3620066 <= id <= 3620166)  (cost=20.6 rows=101)


table 2 : explain SELECT id FROM sbtest2 WHERE id BETWEEN 3620066 AND 3620166
	-> Filter: (sbtest2.id between 3620066 and 3620166)  (cost=20.6 rows=101)
    -> Covering index range scan on sbtest2 using PRIMARY over (3620066 <= id <= 3620166)  (cost=20.6 rows=101)


table 3 : explain SELECT id FROM sbtest3 WHERE id BETWEEN 3620066 AND 3620166
	-> Filter: (sbtest3.id between 3620066 and 3620166)  (cost=20.6 rows=101)
    -> Covering index range scan on sbtest3 using PRIMARY over (3620066 <= id <= 3620166)  (cost=20.6 rows=101)


table 4 : explain SELECT id FROM sbtest4 WHERE id BETWEEN 3620066 AND 3620166
	-> Filter: (sbtest4.id between 3620066 and 3620166)  (cost=20.6 rows=101)
    -> Covering index range scan on sbtest4 using PRIMARY over (3620066 <= id <= 3620166)  (cost=20.6 rows=101)


table 5 : explain SELECT id FROM sbtest5 WHERE id BETWEEN 3620066 AND 3620166
	-> Filter: (sbtest5.id between 3620066 and 3620166)  (cost=20.6 rows=101)
    -> Covering index range scan on sbtest5 using PRIMARY over (3620066 <= id <= 3620166)  (cost=20.6 rows=101)


table 6 : explain SELECT id FROM sbtest6 WHERE id BETWEEN 3620066 AND 3620166
	-> Filter: (sbtest6.id between 3620066 and 3620166)  (cost=20.6 rows=101)
    -> Covering index range scan on sbtest6 using PRIMARY over (3620066 <= id <= 3620166)  (cost=20.6 rows=101)


table 7 : explain SELECT id FROM sbtest7 WHERE id BETWEEN 3620066 AND 3620166
	-> Filter: (sbtest7.id between 3620066 and 3620166)  (cost=20.6 rows=101)
    -> Covering index range scan on sbtest7 using PRIMARY over (3620066 <= id <= 3620166)  (cost=20.6 rows=101)


table 8 : explain SELECT id FROM sbtest8 WHERE id BETWEEN 3620066 AND 3620166
	-> Filter: (sbtest8.id between 3620066 and 3620166)  (cost=20.6 rows=101)
    -> Covering index range scan on sbtest8 using PRIMARY over (3620066 <= id <= 3620166)  (cost=20.6 rows=101)



explain: for range-covered :: explain SELECT id FROM sbtest%d WHERE id BETWEEN 6607652 AND 6607752
for range-covered
table 1 : explain SELECT id FROM sbtest1 WHERE id BETWEEN 2322852 AND 2322952
	-> Filter: (sbtest1.id between 2322852 and 2322952)  (cost=20.6 rows=101)
    -> Covering index range scan on sbtest1 using PRIMARY over (2322852 <= id <= 2322952)  (cost=20.6 rows=101)


table 2 : explain SELECT id FROM sbtest2 WHERE id BETWEEN 2322852 AND 2322952
	-> Filter: (sbtest2.id between 2322852 and 2322952)  (cost=20.6 rows=101)
    -> Covering index range scan on sbtest2 using PRIMARY over (2322852 <= id <= 2322952)  (cost=20.6 rows=101)


table 3 : explain SELECT id FROM sbtest3 WHERE id BETWEEN 2322852 AND 2322952
	-> Filter: (sbtest3.id between 2322852 and 2322952)  (cost=20.6 rows=101)
    -> Covering index range scan on sbtest3 using PRIMARY over (2322852 <= id <= 2322952)  (cost=20.6 rows=101)


table 4 : explain SELECT id FROM sbtest4 WHERE id BETWEEN 2322852 AND 2322952
	-> Filter: (sbtest4.id between 2322852 and 2322952)  (cost=20.6 rows=101)
    -> Covering index range scan on sbtest4 using PRIMARY over (2322852 <= id <= 2322952)  (cost=20.6 rows=101)


table 5 : explain SELECT id FROM sbtest5 WHERE id BETWEEN 2322852 AND 2322952
	-> Filter: (sbtest5.id between 2322852 and 2322952)  (cost=20.6 rows=101)
    -> Covering index range scan on sbtest5 using PRIMARY over (2322852 <= id <= 2322952)  (cost=20.6 rows=101)


table 6 : explain SELECT id FROM sbtest6 WHERE id BETWEEN 2322852 AND 2322952
	-> Filter: (sbtest6.id between 2322852 and 2322952)  (cost=20.6 rows=101)
    -> Covering index range scan on sbtest6 using PRIMARY over (2322852 <= id <= 2322952)  (cost=20.6 rows=101)


table 7 : explain SELECT id FROM sbtest7 WHERE id BETWEEN 2322852 AND 2322952
	-> Filter: (sbtest7.id between 2322852 and 2322952)  (cost=20.6 rows=101)
    -> Covering index range scan on sbtest7 using PRIMARY over (2322852 <= id <= 2322952)  (cost=20.6 rows=101)


table 8 : explain SELECT id FROM sbtest8 WHERE id BETWEEN 2322852 AND 2322952
	-> Filter: (sbtest8.id between 2322852 and 2322952)  (cost=20.6 rows=101)
    -> Covering index range scan on sbtest8 using PRIMARY over (2322852 <= id <= 2322952)  (cost=20.6 rows=101)

explain: for range-covered :: explain SELECT id FROM sbtest%d WHERE id BETWEEN 3859825 AND 3859925
explain: for range-covered :: explain SELECT id FROM sbtest%d WHERE id BETWEEN 7020568 AND 7020668

explain: for range-covered :: explain SELECT id FROM sbtest%d WHERE id BETWEEN 5440251 AND 5440351
explain: for range-covered :: explain SELECT id FROM sbtest%d WHERE id BETWEEN 3620066 AND 3620166
for range-covered
table 1 : explain SELECT id FROM sbtest1 WHERE id BETWEEN 7665281 AND 7665381
	-> Filter: (sbtest1.id between 7665281 and 7665381)  (cost=20.6 rows=101)
    -> Covering index range scan on sbtest1 using PRIMARY over (7665281 <= id <= 7665381)  (cost=20.6 rows=101)


table 2 : explain SELECT id FROM sbtest2 WHERE id BETWEEN 7665281 AND 7665381
	-> Filter: (sbtest2.id between 7665281 and 7665381)  (cost=20.6 rows=101)
    -> Covering index range scan on sbtest2 using PRIMARY over (7665281 <= id <= 7665381)  (cost=20.6 rows=101)


table 3 : explain SELECT id FROM sbtest3 WHERE id BETWEEN 7665281 AND 7665381
	-> Filter: (sbtest3.id between 7665281 and 7665381)  (cost=20.6 rows=101)
    -> Covering index range scan on sbtest3 using PRIMARY over (7665281 <= id <= 7665381)  (cost=20.6 rows=101)


table 4 : explain SELECT id FROM sbtest4 WHERE id BETWEEN 7665281 AND 7665381
	-> Filter: (sbtest4.id between 7665281 and 7665381)  (cost=20.6 rows=101)
    -> Covering index range scan on sbtest4 using PRIMARY over (7665281 <= id <= 7665381)  (cost=20.6 rows=101)


table 5 : explain SELECT id FROM sbtest5 WHERE id BETWEEN 7665281 AND 7665381
	-> Filter: (sbtest5.id between 7665281 and 7665381)  (cost=20.6 rows=101)
    -> Covering index range scan on sbtest5 using PRIMARY over (7665281 <= id <= 7665381)  (cost=20.6 rows=101)


table 6 : explain SELECT id FROM sbtest6 WHERE id BETWEEN 7665281 AND 7665381
	-> Filter: (sbtest6.id between 7665281 and 7665381)  (cost=20.6 rows=101)
    -> Covering index range scan on sbtest6 using PRIMARY over (7665281 <= id <= 7665381)  (cost=20.6 rows=101)


table 7 : explain SELECT id FROM sbtest7 WHERE id BETWEEN 7665281 AND 7665381
	-> Filter: (sbtest7.id between 7665281 and 7665381)  (cost=20.6 rows=101)
    -> Covering index range scan on sbtest7 using PRIMARY over (7665281 <= id <= 7665381)  (cost=20.6 rows=101)


table 8 : explain SELECT id FROM sbtest8 WHERE id BETWEEN 7665281 AND 7665381
	-> Filter: (sbtest8.id between 7665281 and 7665381)  (cost=20.6 rows=101)
    -> Covering index range scan on sbtest8 using PRIMARY over (7665281 <= id <= 7665381)  (cost=20.6 rows=101)

explain: for range-covered :: explain SELECT id FROM sbtest%d WHERE id BETWEEN 6708792 AND 6708892
for range-covered
table 1 : explain SELECT id FROM sbtest1 WHERE id BETWEEN 3468232 AND 3468332
	-> Filter: (sbtest1.id between 3468232 and 3468332)  (cost=20.6 rows=101)
    -> Covering index range scan on sbtest1 using PRIMARY over (3468232 <= id <= 3468332)  (cost=20.6 rows=101)


table 2 : explain SELECT id FROM sbtest2 WHERE id BETWEEN 3468232 AND 3468332
	-> Filter: (sbtest2.id between 3468232 and 3468332)  (cost=20.6 rows=101)
    -> Covering index range scan on sbtest2 using PRIMARY over (3468232 <= id <= 3468332)  (cost=20.6 rows=101)


table 3 : explain SELECT id FROM sbtest3 WHERE id BETWEEN 3468232 AND 3468332
	-> Filter: (sbtest3.id between 3468232 and 3468332)  (cost=20.6 rows=101)
    -> Covering index range scan on sbtest3 using PRIMARY over (3468232 <= id <= 3468332)  (cost=20.6 rows=101)


table 4 : explain SELECT id FROM sbtest4 WHERE id BETWEEN 3468232 AND 3468332
	-> Filter: (sbtest4.id between 3468232 and 3468332)  (cost=20.6 rows=101)
    -> Covering index range scan on sbtest4 using PRIMARY over (3468232 <= id <= 3468332)  (cost=20.6 rows=101)


table 5 : explain SELECT id FROM sbtest5 WHERE id BETWEEN 3468232 AND 3468332
	-> Filter: (sbtest5.id between 3468232 and 3468332)  (cost=20.6 rows=101)
    -> Covering index range scan on sbtest5 using PRIMARY over (3468232 <= id <= 3468332)  (cost=20.6 rows=101)


table 6 : explain SELECT id FROM sbtest6 WHERE id BETWEEN 3468232 AND 3468332
	-> Filter: (sbtest6.id between 3468232 and 3468332)  (cost=20.6 rows=101)
    -> Covering index range scan on sbtest6 using PRIMARY over (3468232 <= id <= 3468332)  (cost=20.6 rows=101)


table 7 : explain SELECT id FROM sbtest7 WHERE id BETWEEN 3468232 AND 3468332
	-> Filter: (sbtest7.id between 3468232 and 3468332)  (cost=20.6 rows=101)
    -> Covering index range scan on sbtest7 using PRIMARY over (3468232 <= id <= 3468332)  (cost=20.6 rows=101)


table 8 : explain SELECT id FROM sbtest8 WHERE id BETWEEN 3468232 AND 3468332
	-> Filter: (sbtest8.id between 3468232 and 3468332)  (cost=20.6 rows=101)
    -> Covering index range scan on sbtest8 using PRIMARY over (3468232 <= id <= 3468332)  (cost=20.6 rows=101)



for range-covered
table 1 : explain SELECT id FROM sbtest1 WHERE id BETWEEN 5590836 AND 5590936
	-> Filter: (sbtest1.id between 5590836 and 5590936)  (cost=20.6 rows=101)
    -> Covering index range scan on sbtest1 using PRIMARY over (5590836 <= id <= 5590936)  (cost=20.6 rows=101)


table 2 : explain SELECT id FROM sbtest2 WHERE id BETWEEN 5590836 AND 5590936
	-> Filter: (sbtest2.id between 5590836 and 5590936)  (cost=20.6 rows=101)
    -> Covering index range scan on sbtest2 using PRIMARY over (5590836 <= id <= 5590936)  (cost=20.6 rows=101)


table 3 : explain SELECT id FROM sbtest3 WHERE id BETWEEN 5590836 AND 5590936
	-> Filter: (sbtest3.id between 5590836 and 5590936)  (cost=20.6 rows=101)
    -> Covering index range scan on sbtest3 using PRIMARY over (5590836 <= id <= 5590936)  (cost=20.6 rows=101)


table 4 : explain SELECT id FROM sbtest4 WHERE id BETWEEN 5590836 AND 5590936
	-> Filter: (sbtest4.id between 5590836 and 5590936)  (cost=20.6 rows=101)
    -> Covering index range scan on sbtest4 using PRIMARY over (5590836 <= id <= 5590936)  (cost=20.6 rows=101)


table 5 : explain SELECT id FROM sbtest5 WHERE id BETWEEN 5590836 AND 5590936
	-> Filter: (sbtest5.id between 5590836 and 5590936)  (cost=20.6 rows=101)
    -> Covering index range scan on sbtest5 using PRIMARY over (5590836 <= id <= 5590936)  (cost=20.6 rows=101)


table 6 : explain SELECT id FROM sbtest6 WHERE id BETWEEN 5590836 AND 5590936
	-> Filter: (sbtest6.id between 5590836 and 5590936)  (cost=20.6 rows=101)
    -> Covering index range scan on sbtest6 using PRIMARY over (5590836 <= id <= 5590936)  (cost=20.6 rows=101)


table 7 : explain SELECT id FROM sbtest7 WHERE id BETWEEN 5590836 AND 5590936
	-> Filter: (sbtest7.id between 5590836 and 5590936)  (cost=20.6 rows=101)
    -> Covering index range scan on sbtest7 using PRIMARY over (5590836 <= id <= 5590936)  (cost=20.6 rows=101)


table 8 : explain SELECT id FROM sbtest8 WHERE id BETWEEN 5590836 AND 5590936
	-> Filter: (sbtest8.id between 5590836 and 5590936)  (cost=20.6 rows=101)
    -> Covering index range scan on sbtest8 using PRIMARY over (5590836 <= id <= 5590936)  (cost=20.6 rows=101)


for range-covered
table 1 : explain SELECT id FROM sbtest1 WHERE id BETWEEN 2178991 AND 2179091
	-> Filter: (sbtest1.id between 2178991 and 2179091)  (cost=20.6 rows=101)
    -> Covering index range scan on sbtest1 using PRIMARY over (2178991 <= id <= 2179091)  (cost=20.6 rows=101)


table 2 : explain SELECT id FROM sbtest2 WHERE id BETWEEN 2178991 AND 2179091
	-> Filter: (sbtest2.id between 2178991 and 2179091)  (cost=20.6 rows=101)
    -> Covering index range scan on sbtest2 using PRIMARY over (2178991 <= id <= 2179091)  (cost=20.6 rows=101)


table 3 : explain SELECT id FROM sbtest3 WHERE id BETWEEN 2178991 AND 2179091
	-> Filter: (sbtest3.id between 2178991 and 2179091)  (cost=20.6 rows=101)
    -> Covering index range scan on sbtest3 using PRIMARY over (2178991 <= id <= 2179091)  (cost=20.6 rows=101)


table 4 : explain SELECT id FROM sbtest4 WHERE id BETWEEN 2178991 AND 2179091
	-> Filter: (sbtest4.id between 2178991 and 2179091)  (cost=20.6 rows=101)
    -> Covering index range scan on sbtest4 using PRIMARY over (2178991 <= id <= 2179091)  (cost=20.6 rows=101)


table 5 : explain SELECT id FROM sbtest5 WHERE id BETWEEN 2178991 AND 2179091
	-> Filter: (sbtest5.id between 2178991 and 2179091)  (cost=20.6 rows=101)
    -> Covering index range scan on sbtest5 using PRIMARY over (2178991 <= id <= 2179091)  (cost=20.6 rows=101)


table 6 : explain SELECT id FROM sbtest6 WHERE id BETWEEN 2178991 AND 2179091
	-> Filter: (sbtest6.id between 2178991 and 2179091)  (cost=20.6 rows=101)
    -> Covering index range scan on sbtest6 using PRIMARY over (2178991 <= id <= 2179091)  (cost=20.6 rows=101)


table 7 : explain SELECT id FROM sbtest7 WHERE id BETWEEN 2178991 AND 2179091
	-> Filter: (sbtest7.id between 2178991 and 2179091)  (cost=20.6 rows=101)
    -> Covering index range scan on sbtest7 using PRIMARY over (2178991 <= id <= 2179091)  (cost=20.6 rows=101)


table 8 : explain SELECT id FROM sbtest8 WHERE id BETWEEN 2178991 AND 2179091
	-> Filter: (sbtest8.id between 2178991 and 2179091)  (cost=20.6 rows=101)
    -> Covering index range scan on sbtest8 using PRIMARY over (2178991 <= id <= 2179091)  (cost=20.6 rows=101)

for range-covered
table 1 : explain SELECT id FROM sbtest1 WHERE id BETWEEN 3869178 AND 3869278
	-> Filter: (sbtest1.id between 3869178 and 3869278)  (cost=20.6 rows=101)
    -> Covering index range scan on sbtest1 using PRIMARY over (3869178 <= id <= 3869278)  (cost=20.6 rows=101)


table 2 : explain SELECT id FROM sbtest2 WHERE id BETWEEN 3869178 AND 3869278
	-> Filter: (sbtest2.id between 3869178 and 3869278)  (cost=20.6 rows=101)
    -> Covering index range scan on sbtest2 using PRIMARY over (3869178 <= id <= 3869278)  (cost=20.6 rows=101)


table 3 : explain SELECT id FROM sbtest3 WHERE id BETWEEN 3869178 AND 3869278
	-> Filter: (sbtest3.id between 3869178 and 3869278)  (cost=20.6 rows=101)
    -> Covering index range scan on sbtest3 using PRIMARY over (3869178 <= id <= 3869278)  (cost=20.6 rows=101)


table 4 : explain SELECT id FROM sbtest4 WHERE id BETWEEN 3869178 AND 3869278
	-> Filter: (sbtest4.id between 3869178 and 3869278)  (cost=20.6 rows=101)
    -> Covering index range scan on sbtest4 using PRIMARY over (3869178 <= id <= 3869278)  (cost=20.6 rows=101)


table 5 : explain SELECT id FROM sbtest5 WHERE id BETWEEN 3869178 AND 3869278
	-> Filter: (sbtest5.id between 3869178 and 3869278)  (cost=20.6 rows=101)
    -> Covering index range scan on sbtest5 using PRIMARY over (3869178 <= id <= 3869278)  (cost=20.6 rows=101)


table 6 : explain SELECT id FROM sbtest6 WHERE id BETWEEN 3869178 AND 3869278
	-> Filter: (sbtest6.id between 3869178 and 3869278)  (cost=20.6 rows=101)
    -> Covering index range scan on sbtest6 using PRIMARY over (3869178 <= id <= 3869278)  (cost=20.6 rows=101)


table 7 : explain SELECT id FROM sbtest7 WHERE id BETWEEN 3869178 AND 3869278
	-> Filter: (sbtest7.id between 3869178 and 3869278)  (cost=20.6 rows=101)
    -> Covering index range scan on sbtest7 using PRIMARY over (3869178 <= id <= 3869278)  (cost=20.6 rows=101)


table 8 : explain SELECT id FROM sbtest8 WHERE id BETWEEN 3869178 AND 3869278
	-> Filter: (sbtest8.id between 3869178 and 3869278)  (cost=20.6 rows=101)
    -> Covering index range scan on sbtest8 using PRIMARY over (3869178 <= id <= 3869278)  (cost=20.6 rows=101)

explain: for range-covered :: explain SELECT id FROM sbtest%d WHERE id BETWEEN 2322852 AND 2322952
explain: for range-covered :: explain SELECT id FROM sbtest%d WHERE id BETWEEN 7665281 AND 7665381
explain: for range-covered :: explain SELECT id FROM sbtest%d WHERE id BETWEEN 3468232 AND 3468332
for range-covered
table 1 : explain SELECT id FROM sbtest1 WHERE id BETWEEN 3864310 AND 3864410
	-> Filter: (sbtest1.id between 3864310 and 3864410)  (cost=20.6 rows=101)
    -> Covering index range scan on sbtest1 using PRIMARY over (3864310 <= id <= 3864410)  (cost=20.6 rows=101)


table 2 : explain SELECT id FROM sbtest2 WHERE id BETWEEN 3864310 AND 3864410
	-> Filter: (sbtest2.id between 3864310 and 3864410)  (cost=20.6 rows=101)
    -> Covering index range scan on sbtest2 using PRIMARY over (3864310 <= id <= 3864410)  (cost=20.6 rows=101)


table 3 : explain SELECT id FROM sbtest3 WHERE id BETWEEN 3864310 AND 3864410
	-> Filter: (sbtest3.id between 3864310 and 3864410)  (cost=20.6 rows=101)
    -> Covering index range scan on sbtest3 using PRIMARY over (3864310 <= id <= 3864410)  (cost=20.6 rows=101)


table 4 : explain SELECT id FROM sbtest4 WHERE id BETWEEN 3864310 AND 3864410
	-> Filter: (sbtest4.id between 3864310 and 3864410)  (cost=20.6 rows=101)
    -> Covering index range scan on sbtest4 using PRIMARY over (3864310 <= id <= 3864410)  (cost=20.6 rows=101)


table 5 : explain SELECT id FROM sbtest5 WHERE id BETWEEN 3864310 AND 3864410
	-> Filter: (sbtest5.id between 3864310 and 3864410)  (cost=20.6 rows=101)
    -> Covering index range scan on sbtest5 using PRIMARY over (3864310 <= id <= 3864410)  (cost=20.6 rows=101)


table 6 : explain SELECT id FROM sbtest6 WHERE id BETWEEN 3864310 AND 3864410
	-> Filter: (sbtest6.id between 3864310 and 3864410)  (cost=20.6 rows=101)
    -> Covering index range scan on sbtest6 using PRIMARY over (3864310 <= id <= 3864410)  (cost=20.6 rows=101)


table 7 : explain SELECT id FROM sbtest7 WHERE id BETWEEN 3864310 AND 3864410
	-> Filter: (sbtest7.id between 3864310 and 3864410)  (cost=20.6 rows=101)
    -> Covering index range scan on sbtest7 using PRIMARY over (3864310 <= id <= 3864410)  (cost=20.6 rows=101)


table 8 : explain SELECT id FROM sbtest8 WHERE id BETWEEN 3864310 AND 3864410
	-> Filter: (sbtest8.id between 3864310 and 3864410)  (cost=20.6 rows=101)
    -> Covering index range scan on sbtest8 using PRIMARY over (3864310 <= id <= 3864410)  (cost=20.6 rows=101)


for range-covered
table 1 : explain SELECT id FROM sbtest1 WHERE id BETWEEN 5021943 AND 5022043
	-> Filter: (sbtest1.id between 5021943 and 5022043)  (cost=20.6 rows=101)
    -> Covering index range scan on sbtest1 using PRIMARY over (5021943 <= id <= 5022043)  (cost=20.6 rows=101)


table 2 : explain SELECT id FROM sbtest2 WHERE id BETWEEN 5021943 AND 5022043
	-> Filter: (sbtest2.id between 5021943 and 5022043)  (cost=20.6 rows=101)
    -> Covering index range scan on sbtest2 using PRIMARY over (5021943 <= id <= 5022043)  (cost=20.6 rows=101)


table 3 : explain SELECT id FROM sbtest3 WHERE id BETWEEN 5021943 AND 5022043
	-> Filter: (sbtest3.id between 5021943 and 5022043)  (cost=20.6 rows=101)
    -> Covering index range scan on sbtest3 using PRIMARY over (5021943 <= id <= 5022043)  (cost=20.6 rows=101)


table 4 : explain SELECT id FROM sbtest4 WHERE id BETWEEN 5021943 AND 5022043
	-> Filter: (sbtest4.id between 5021943 and 5022043)  (cost=20.6 rows=101)
    -> Covering index range scan on sbtest4 using PRIMARY over (5021943 <= id <= 5022043)  (cost=20.6 rows=101)


table 5 : explain SELECT id FROM sbtest5 WHERE id BETWEEN 5021943 AND 5022043
	-> Filter: (sbtest5.id between 5021943 and 5022043)  (cost=20.6 rows=101)
    -> Covering index range scan on sbtest5 using PRIMARY over (5021943 <= id <= 5022043)  (cost=20.6 rows=101)


table 6 : explain SELECT id FROM sbtest6 WHERE id BETWEEN 5021943 AND 5022043
	-> Filter: (sbtest6.id between 5021943 and 5022043)  (cost=20.6 rows=101)
    -> Covering index range scan on sbtest6 using PRIMARY over (5021943 <= id <= 5022043)  (cost=20.6 rows=101)


table 7 : explain SELECT id FROM sbtest7 WHERE id BETWEEN 5021943 AND 5022043
	-> Filter: (sbtest7.id between 5021943 and 5022043)  (cost=20.6 rows=101)
    -> Covering index range scan on sbtest7 using PRIMARY over (5021943 <= id <= 5022043)  (cost=20.6 rows=101)


table 8 : explain SELECT id FROM sbtest8 WHERE id BETWEEN 5021943 AND 5022043
	-> Filter: (sbtest8.id between 5021943 and 5022043)  (cost=20.6 rows=101)
    -> Covering index range scan on sbtest8 using PRIMARY over (5021943 <= id <= 5022043)  (cost=20.6 rows=101)


for range-covered
table 1 : explain SELECT id FROM sbtest1 WHERE id BETWEEN 6321405 AND 6321505
	-> Filter: (sbtest1.id between 6321405 and 6321505)  (cost=20.6 rows=101)
    -> Covering index range scan on sbtest1 using PRIMARY over (6321405 <= id <= 6321505)  (cost=20.6 rows=101)


table 2 : explain SELECT id FROM sbtest2 WHERE id BETWEEN 6321405 AND 6321505
	-> Filter: (sbtest2.id between 6321405 and 6321505)  (cost=20.6 rows=101)
    -> Covering index range scan on sbtest2 using PRIMARY over (6321405 <= id <= 6321505)  (cost=20.6 rows=101)


table 3 : explain SELECT id FROM sbtest3 WHERE id BETWEEN 6321405 AND 6321505
	-> Filter: (sbtest3.id between 6321405 and 6321505)  (cost=20.6 rows=101)
    -> Covering index range scan on sbtest3 using PRIMARY over (6321405 <= id <= 6321505)  (cost=20.6 rows=101)


table 4 : explain SELECT id FROM sbtest4 WHERE id BETWEEN 6321405 AND 6321505
	-> Filter: (sbtest4.id between 6321405 and 6321505)  (cost=20.6 rows=101)
    -> Covering index range scan on sbtest4 using PRIMARY over (6321405 <= id <= 6321505)  (cost=20.6 rows=101)


table 5 : explain SELECT id FROM sbtest5 WHERE id BETWEEN 6321405 AND 6321505
	-> Filter: (sbtest5.id between 6321405 and 6321505)  (cost=20.6 rows=101)
    -> Covering index range scan on sbtest5 using PRIMARY over (6321405 <= id <= 6321505)  (cost=20.6 rows=101)


table 6 : explain SELECT id FROM sbtest6 WHERE id BETWEEN 6321405 AND 6321505
	-> Filter: (sbtest6.id between 6321405 and 6321505)  (cost=20.6 rows=101)
    -> Covering index range scan on sbtest6 using PRIMARY over (6321405 <= id <= 6321505)  (cost=20.6 rows=101)


table 7 : explain SELECT id FROM sbtest7 WHERE id BETWEEN 6321405 AND 6321505
	-> Filter: (sbtest7.id between 6321405 and 6321505)  (cost=20.6 rows=101)
    -> Covering index range scan on sbtest7 using PRIMARY over (6321405 <= id <= 6321505)  (cost=20.6 rows=101)


table 8 : explain SELECT id FROM sbtest8 WHERE id BETWEEN 6321405 AND 6321505
	-> Filter: (sbtest8.id between 6321405 and 6321505)  (cost=20.6 rows=101)
    -> Covering index range scan on sbtest8 using PRIMARY over (6321405 <= id <= 6321505)  (cost=20.6 rows=101)


for range-covered
table 1 : explain SELECT id FROM sbtest1 WHERE id BETWEEN 4333531 AND 4333631
	-> Filter: (sbtest1.id between 4333531 and 4333631)  (cost=20.6 rows=101)
    -> Covering index range scan on sbtest1 using PRIMARY over (4333531 <= id <= 4333631)  (cost=20.6 rows=101)


table 2 : explain SELECT id FROM sbtest2 WHERE id BETWEEN 4333531 AND 4333631
	-> Filter: (sbtest2.id between 4333531 and 4333631)  (cost=20.6 rows=101)
    -> Covering index range scan on sbtest2 using PRIMARY over (4333531 <= id <= 4333631)  (cost=20.6 rows=101)


table 3 : explain SELECT id FROM sbtest3 WHERE id BETWEEN 4333531 AND 4333631
	-> Filter: (sbtest3.id between 4333531 and 4333631)  (cost=20.6 rows=101)
    -> Covering index range scan on sbtest3 using PRIMARY over (4333531 <= id <= 4333631)  (cost=20.6 rows=101)


table 4 : explain SELECT id FROM sbtest4 WHERE id BETWEEN 4333531 AND 4333631
	-> Filter: (sbtest4.id between 4333531 and 4333631)  (cost=20.6 rows=101)
    -> Covering index range scan on sbtest4 using PRIMARY over (4333531 <= id <= 4333631)  (cost=20.6 rows=101)


table 5 : explain SELECT id FROM sbtest5 WHERE id BETWEEN 4333531 AND 4333631
	-> Filter: (sbtest5.id between 4333531 and 4333631)  (cost=20.6 rows=101)
    -> Covering index range scan on sbtest5 using PRIMARY over (4333531 <= id <= 4333631)  (cost=20.6 rows=101)


table 6 : explain SELECT id FROM sbtest6 WHERE id BETWEEN 4333531 AND 4333631
	-> Filter: (sbtest6.id between 4333531 and 4333631)  (cost=20.6 rows=101)
    -> Covering index range scan on sbtest6 using PRIMARY over (4333531 <= id <= 4333631)  (cost=20.6 rows=101)


table 7 : explain SELECT id FROM sbtest7 WHERE id BETWEEN 4333531 AND 4333631
	-> Filter: (sbtest7.id between 4333531 and 4333631)  (cost=20.6 rows=101)
    -> Covering index range scan on sbtest7 using PRIMARY over (4333531 <= id <= 4333631)  (cost=20.6 rows=101)


table 8 : explain SELECT id FROM sbtest8 WHERE id BETWEEN 4333531 AND 4333631
	-> Filter: (sbtest8.id between 4333531 and 4333631)  (cost=20.6 rows=101)
    -> Covering index range scan on sbtest8 using PRIMARY over (4333531 <= id <= 4333631)  (cost=20.6 rows=101)


explain: for range-covered :: explain SELECT id FROM sbtest%d WHERE id BETWEEN 3864310 AND 3864410
for range-covered
table 1 : explain SELECT id FROM sbtest1 WHERE id BETWEEN 7699932 AND 7700032
	-> Filter: (sbtest1.id between 7699932 and 7700032)  (cost=20.6 rows=101)
    -> Covering index range scan on sbtest1 using PRIMARY over (7699932 <= id <= 7700032)  (cost=20.6 rows=101)


table 2 : explain SELECT id FROM sbtest2 WHERE id BETWEEN 7699932 AND 7700032
	-> Filter: (sbtest2.id between 7699932 and 7700032)  (cost=20.6 rows=101)
    -> Covering index range scan on sbtest2 using PRIMARY over (7699932 <= id <= 7700032)  (cost=20.6 rows=101)


table 3 : explain SELECT id FROM sbtest3 WHERE id BETWEEN 7699932 AND 7700032
	-> Filter: (sbtest3.id between 7699932 and 7700032)  (cost=20.6 rows=101)
    -> Covering index range scan on sbtest3 using PRIMARY over (7699932 <= id <= 7700032)  (cost=20.6 rows=101)


table 4 : explain SELECT id FROM sbtest4 WHERE id BETWEEN 7699932 AND 7700032
	-> Filter: (sbtest4.id between 7699932 and 7700032)  (cost=20.6 rows=101)
    -> Covering index range scan on sbtest4 using PRIMARY over (7699932 <= id <= 7700032)  (cost=20.6 rows=101)


table 5 : explain SELECT id FROM sbtest5 WHERE id BETWEEN 7699932 AND 7700032
	-> Filter: (sbtest5.id between 7699932 and 7700032)  (cost=20.6 rows=101)
    -> Covering index range scan on sbtest5 using PRIMARY over (7699932 <= id <= 7700032)  (cost=20.6 rows=101)


table 6 : explain SELECT id FROM sbtest6 WHERE id BETWEEN 7699932 AND 7700032
	-> Filter: (sbtest6.id between 7699932 and 7700032)  (cost=20.6 rows=101)
    -> Covering index range scan on sbtest6 using PRIMARY over (7699932 <= id <= 7700032)  (cost=20.6 rows=101)


table 7 : explain SELECT id FROM sbtest7 WHERE id BETWEEN 7699932 AND 7700032
	-> Filter: (sbtest7.id between 7699932 and 7700032)  (cost=20.6 rows=101)
    -> Covering index range scan on sbtest7 using PRIMARY over (7699932 <= id <= 7700032)  (cost=20.6 rows=101)


table 8 : explain SELECT id FROM sbtest8 WHERE id BETWEEN 7699932 AND 7700032
	-> Filter: (sbtest8.id between 7699932 and 7700032)  (cost=20.6 rows=101)
    -> Covering index range scan on sbtest8 using PRIMARY over (7699932 <= id <= 7700032)  (cost=20.6 rows=101)


for range-covered
table 1 : explain SELECT id FROM sbtest1 WHERE id BETWEEN 5687401 AND 5687501
	-> Filter: (sbtest1.id between 5687401 and 5687501)  (cost=20.6 rows=101)
    -> Covering index range scan on sbtest1 using PRIMARY over (5687401 <= id <= 5687501)  (cost=20.6 rows=101)


table 2 : explain SELECT id FROM sbtest2 WHERE id BETWEEN 5687401 AND 5687501
	-> Filter: (sbtest2.id between 5687401 and 5687501)  (cost=20.6 rows=101)
    -> Covering index range scan on sbtest2 using PRIMARY over (5687401 <= id <= 5687501)  (cost=20.6 rows=101)


table 3 : explain SELECT id FROM sbtest3 WHERE id BETWEEN 5687401 AND 5687501
	-> Filter: (sbtest3.id between 5687401 and 5687501)  (cost=20.6 rows=101)
    -> Covering index range scan on sbtest3 using PRIMARY over (5687401 <= id <= 5687501)  (cost=20.6 rows=101)


table 4 : explain SELECT id FROM sbtest4 WHERE id BETWEEN 5687401 AND 5687501
	-> Filter: (sbtest4.id between 5687401 and 5687501)  (cost=20.6 rows=101)
    -> Covering index range scan on sbtest4 using PRIMARY over (5687401 <= id <= 5687501)  (cost=20.6 rows=101)


table 5 : explain SELECT id FROM sbtest5 WHERE id BETWEEN 5687401 AND 5687501
	-> Filter: (sbtest5.id between 5687401 and 5687501)  (cost=20.6 rows=101)
    -> Covering index range scan on sbtest5 using PRIMARY over (5687401 <= id <= 5687501)  (cost=20.6 rows=101)


table 6 : explain SELECT id FROM sbtest6 WHERE id BETWEEN 5687401 AND 5687501
	-> Filter: (sbtest6.id between 5687401 and 5687501)  (cost=20.6 rows=101)
    -> Covering index range scan on sbtest6 using PRIMARY over (5687401 <= id <= 5687501)  (cost=20.6 rows=101)


table 7 : explain SELECT id FROM sbtest7 WHERE id BETWEEN 5687401 AND 5687501
	-> Filter: (sbtest7.id between 5687401 and 5687501)  (cost=20.6 rows=101)
    -> Covering index range scan on sbtest7 using PRIMARY over (5687401 <= id <= 5687501)  (cost=20.6 rows=101)


table 8 : explain SELECT id FROM sbtest8 WHERE id BETWEEN 5687401 AND 5687501
	-> Filter: (sbtest8.id between 5687401 and 5687501)  (cost=20.6 rows=101)
    -> Covering index range scan on sbtest8 using PRIMARY over (5687401 <= id <= 5687501)  (cost=20.6 rows=101)


explain: for range-covered :: explain SELECT id FROM sbtest%d WHERE id BETWEEN 5590836 AND 5590936
explain: for range-covered :: explain SELECT id FROM sbtest%d WHERE id BETWEEN 4333531 AND 4333631explain: for range-covered :: explain SELECT id FROM sbtest%d WHERE id BETWEEN 5021943 AND 5022043
explain: for range-covered :: explain SELECT id FROM sbtest%d WHERE id BETWEEN 6321405 AND 6321505

explain: for range-covered :: explain SELECT id FROM sbtest%d WHERE id BETWEEN 7699932 AND 7700032
explain: for range-covered :: explain SELECT id FROM sbtest%d WHERE id BETWEEN 5687401 AND 5687501
for range-covered
table 1 : explain SELECT id FROM sbtest1 WHERE id BETWEEN 8026450 AND 8026550
	-> Filter: (sbtest1.id between 8026450 and 8026550)  (cost=20.6 rows=101)
    -> Covering index range scan on sbtest1 using PRIMARY over (8026450 <= id <= 8026550)  (cost=20.6 rows=101)


table 2 : explain SELECT id FROM sbtest2 WHERE id BETWEEN 8026450 AND 8026550
	-> Filter: (sbtest2.id between 8026450 and 8026550)  (cost=20.6 rows=101)
    -> Covering index range scan on sbtest2 using PRIMARY over (8026450 <= id <= 8026550)  (cost=20.6 rows=101)


table 3 : explain SELECT id FROM sbtest3 WHERE id BETWEEN 8026450 AND 8026550
	-> Filter: (sbtest3.id between 8026450 and 8026550)  (cost=20.6 rows=101)
    -> Covering index range scan on sbtest3 using PRIMARY over (8026450 <= id <= 8026550)  (cost=20.6 rows=101)


table 4 : explain SELECT id FROM sbtest4 WHERE id BETWEEN 8026450 AND 8026550
	-> Filter: (sbtest4.id between 8026450 and 8026550)  (cost=20.6 rows=101)
    -> Covering index range scan on sbtest4 using PRIMARY over (8026450 <= id <= 8026550)  (cost=20.6 rows=101)


table 5 : explain SELECT id FROM sbtest5 WHERE id BETWEEN 8026450 AND 8026550
	-> Filter: (sbtest5.id between 8026450 and 8026550)  (cost=20.6 rows=101)
    -> Covering index range scan on sbtest5 using PRIMARY over (8026450 <= id <= 8026550)  (cost=20.6 rows=101)


table 6 : explain SELECT id FROM sbtest6 WHERE id BETWEEN 8026450 AND 8026550
	-> Filter: (sbtest6.id between 8026450 and 8026550)  (cost=20.6 rows=101)
    -> Covering index range scan on sbtest6 using PRIMARY over (8026450 <= id <= 8026550)  (cost=20.6 rows=101)


table 7 : explain SELECT id FROM sbtest7 WHERE id BETWEEN 8026450 AND 8026550
	-> Filter: (sbtest7.id between 8026450 and 8026550)  (cost=20.6 rows=101)
    -> Covering index range scan on sbtest7 using PRIMARY over (8026450 <= id <= 8026550)  (cost=20.6 rows=101)


table 8 : explain SELECT id FROM sbtest8 WHERE id BETWEEN 8026450 AND 8026550
	-> Filter: (sbtest8.id between 8026450 and 8026550)  (cost=20.6 rows=101)
    -> Covering index range scan on sbtest8 using PRIMARY over (8026450 <= id <= 8026550)  (cost=20.6 rows=101)


for range-covered
table 1 : explain SELECT id FROM sbtest1 WHERE id BETWEEN 8126829 AND 8126929
	-> Filter: (sbtest1.id between 8126829 and 8126929)  (cost=20.6 rows=101)
    -> Covering index range scan on sbtest1 using PRIMARY over (8126829 <= id <= 8126929)  (cost=20.6 rows=101)


table 2 : explain SELECT id FROM sbtest2 WHERE id BETWEEN 8126829 AND 8126929
	-> Filter: (sbtest2.id between 8126829 and 8126929)  (cost=20.6 rows=101)
    -> Covering index range scan on sbtest2 using PRIMARY over (8126829 <= id <= 8126929)  (cost=20.6 rows=101)


table 3 : explain SELECT id FROM sbtest3 WHERE id BETWEEN 8126829 AND 8126929
	-> Filter: (sbtest3.id between 8126829 and 8126929)  (cost=20.6 rows=101)
    -> Covering index range scan on sbtest3 using PRIMARY over (8126829 <= id <= 8126929)  (cost=20.6 rows=101)


table 4 : explain SELECT id FROM sbtest4 WHERE id BETWEEN 8126829 AND 8126929
	-> Filter: (sbtest4.id between 8126829 and 8126929)  (cost=20.6 rows=101)
    -> Covering index range scan on sbtest4 using PRIMARY over (8126829 <= id <= 8126929)  (cost=20.6 rows=101)


table 5 : explain SELECT id FROM sbtest5 WHERE id BETWEEN 8126829 AND 8126929
	-> Filter: (sbtest5.id between 8126829 and 8126929)  (cost=20.6 rows=101)
    -> Covering index range scan on sbtest5 using PRIMARY over (8126829 <= id <= 8126929)  (cost=20.6 rows=101)


table 6 : explain SELECT id FROM sbtest6 WHERE id BETWEEN 8126829 AND 8126929
	-> Filter: (sbtest6.id between 8126829 and 8126929)  (cost=20.6 rows=101)
    -> Covering index range scan on sbtest6 using PRIMARY over (8126829 <= id <= 8126929)  (cost=20.6 rows=101)


table 7 : explain SELECT id FROM sbtest7 WHERE id BETWEEN 8126829 AND 8126929
	-> Filter: (sbtest7.id between 8126829 and 8126929)  (cost=20.6 rows=101)
    -> Covering index range scan on sbtest7 using PRIMARY over (8126829 <= id <= 8126929)  (cost=20.6 rows=101)


table 8 : explain SELECT id FROM sbtest8 WHERE id BETWEEN 8126829 AND 8126929
	-> Filter: (sbtest8.id between 8126829 and 8126929)  (cost=20.6 rows=101)
    -> Covering index range scan on sbtest8 using PRIMARY over (8126829 <= id <= 8126929)  (cost=20.6 rows=101)



for range-covered
table 1 : explain SELECT id FROM sbtest1 WHERE id BETWEEN 7609338 AND 7609438
	-> Filter: (sbtest1.id between 7609338 and 7609438)  (cost=20.6 rows=101)
    -> Covering index range scan on sbtest1 using PRIMARY over (7609338 <= id <= 7609438)  (cost=20.6 rows=101)


table 2 : explain SELECT id FROM sbtest2 WHERE id BETWEEN 7609338 AND 7609438
	-> Filter: (sbtest2.id between 7609338 and 7609438)  (cost=20.6 rows=101)
    -> Covering index range scan on sbtest2 using PRIMARY over (7609338 <= id <= 7609438)  (cost=20.6 rows=101)


table 3 : explain SELECT id FROM sbtest3 WHERE id BETWEEN 7609338 AND 7609438
	-> Filter: (sbtest3.id between 7609338 and 7609438)  (cost=20.6 rows=101)
    -> Covering index range scan on sbtest3 using PRIMARY over (7609338 <= id <= 7609438)  (cost=20.6 rows=101)


table 4 : explain SELECT id FROM sbtest4 WHERE id BETWEEN 7609338 AND 7609438
	-> Filter: (sbtest4.id between 7609338 and 7609438)  (cost=20.6 rows=101)
    -> Covering index range scan on sbtest4 using PRIMARY over (7609338 <= id <= 7609438)  (cost=20.6 rows=101)


table 5 : explain SELECT id FROM sbtest5 WHERE id BETWEEN 7609338 AND 7609438
	-> Filter: (sbtest5.id between 7609338 and 7609438)  (cost=20.6 rows=101)
    -> Covering index range scan on sbtest5 using PRIMARY over (7609338 <= id <= 7609438)  (cost=20.6 rows=101)


table 6 : explain SELECT id FROM sbtest6 WHERE id BETWEEN 7609338 AND 7609438
	-> Filter: (sbtest6.id between 7609338 and 7609438)  (cost=20.6 rows=101)
    -> Covering index range scan on sbtest6 using PRIMARY over (7609338 <= id <= 7609438)  (cost=20.6 rows=101)


table 7 : explain SELECT id FROM sbtest7 WHERE id BETWEEN 7609338 AND 7609438
	-> Filter: (sbtest7.id between 7609338 and 7609438)  (cost=20.6 rows=101)
    -> Covering index range scan on sbtest7 using PRIMARY over (7609338 <= id <= 7609438)  (cost=20.6 rows=101)


table 8 : explain SELECT id FROM sbtest8 WHERE id BETWEEN 7609338 AND 7609438
	-> Filter: (sbtest8.id between 7609338 and 7609438)  (cost=20.6 rows=101)
    -> Covering index range scan on sbtest8 using PRIMARY over (7609338 <= id <= 7609438)  (cost=20.6 rows=101)


explain: for range-covered :: explain SELECT id FROM sbtest%d WHERE id BETWEEN 3869178 AND 3869278
for range-covered
table 1 : explain SELECT id FROM sbtest1 WHERE id BETWEEN 3631501 AND 3631601
	-> Filter: (sbtest1.id between 3631501 and 3631601)  (cost=20.6 rows=101)
    -> Covering index range scan on sbtest1 using PRIMARY over (3631501 <= id <= 3631601)  (cost=20.6 rows=101)


table 2 : explain SELECT id FROM sbtest2 WHERE id BETWEEN 3631501 AND 3631601
	-> Filter: (sbtest2.id between 3631501 and 3631601)  (cost=20.6 rows=101)
    -> Covering index range scan on sbtest2 using PRIMARY over (3631501 <= id <= 3631601)  (cost=20.6 rows=101)


table 3 : explain SELECT id FROM sbtest3 WHERE id BETWEEN 3631501 AND 3631601
	-> Filter: (sbtest3.id between 3631501 and 3631601)  (cost=20.6 rows=101)
    -> Covering index range scan on sbtest3 using PRIMARY over (3631501 <= id <= 3631601)  (cost=20.6 rows=101)


table 4 : explain SELECT id FROM sbtest4 WHERE id BETWEEN 3631501 AND 3631601
	-> Filter: (sbtest4.id between 3631501 and 3631601)  (cost=20.6 rows=101)
    -> Covering index range scan on sbtest4 using PRIMARY over (3631501 <= id <= 3631601)  (cost=20.6 rows=101)


table 5 : explain SELECT id FROM sbtest5 WHERE id BETWEEN 3631501 AND 3631601
	-> Filter: (sbtest5.id between 3631501 and 3631601)  (cost=20.6 rows=101)
    -> Covering index range scan on sbtest5 using PRIMARY over (3631501 <= id <= 3631601)  (cost=20.6 rows=101)


table 6 : explain SELECT id FROM sbtest6 WHERE id BETWEEN 3631501 AND 3631601
	-> Filter: (sbtest6.id between 3631501 and 3631601)  (cost=20.6 rows=101)
    -> Covering index range scan on sbtest6 using PRIMARY over (3631501 <= id <= 3631601)  (cost=20.6 rows=101)


table 7 : explain SELECT id FROM sbtest7 WHERE id BETWEEN 3631501 AND 3631601
	-> Filter: (sbtest7.id between 3631501 and 3631601)  (cost=20.6 rows=101)
    -> Covering index range scan on sbtest7 using PRIMARY over (3631501 <= id <= 3631601)  (cost=20.6 rows=101)


table 8 : explain SELECT id FROM sbtest8 WHERE id BETWEEN 3631501 AND 3631601
	-> Filter: (sbtest8.id between 3631501 and 3631601)  (cost=20.6 rows=101)
    -> Covering index range scan on sbtest8 using PRIMARY over (3631501 <= id <= 3631601)  (cost=20.6 rows=101)


for range-covered
table 1 : explain SELECT id FROM sbtest1 WHERE id BETWEEN 4681970 AND 4682070
	-> Filter: (sbtest1.id between 4681970 and 4682070)  (cost=20.6 rows=101)
    -> Covering index range scan on sbtest1 using PRIMARY over (4681970 <= id <= 4682070)  (cost=20.6 rows=101)


table 2 : explain SELECT id FROM sbtest2 WHERE id BETWEEN 4681970 AND 4682070
	-> Filter: (sbtest2.id between 4681970 and 4682070)  (cost=20.6 rows=101)
    -> Covering index range scan on sbtest2 using PRIMARY over (4681970 <= id <= 4682070)  (cost=20.6 rows=101)


table 3 : explain SELECT id FROM sbtest3 WHERE id BETWEEN 4681970 AND 4682070
	-> Filter: (sbtest3.id between 4681970 and 4682070)  (cost=20.6 rows=101)
    -> Covering index range scan on sbtest3 using PRIMARY over (4681970 <= id <= 4682070)  (cost=20.6 rows=101)


table 4 : explain SELECT id FROM sbtest4 WHERE id BETWEEN 4681970 AND 4682070
	-> Filter: (sbtest4.id between 4681970 and 4682070)  (cost=20.6 rows=101)
    -> Covering index range scan on sbtest4 using PRIMARY over (4681970 <= id <= 4682070)  (cost=20.6 rows=101)


table 5 : explain SELECT id FROM sbtest5 WHERE id BETWEEN 4681970 AND 4682070
	-> Filter: (sbtest5.id between 4681970 and 4682070)  (cost=20.6 rows=101)
    -> Covering index range scan on sbtest5 using PRIMARY over (4681970 <= id <= 4682070)  (cost=20.6 rows=101)


table 6 : explain SELECT id FROM sbtest6 WHERE id BETWEEN 4681970 AND 4682070
	-> Filter: (sbtest6.id between 4681970 and 4682070)  (cost=20.6 rows=101)
    -> Covering index range scan on sbtest6 using PRIMARY over (4681970 <= id <= 4682070)  (cost=20.6 rows=101)


table 7 : explain SELECT id FROM sbtest7 WHERE id BETWEEN 4681970 AND 4682070
	-> Filter: (sbtest7.id between 4681970 and 4682070)  (cost=20.6 rows=101)
    -> Covering index range scan on sbtest7 using PRIMARY over (4681970 <= id <= 4682070)  (cost=20.6 rows=101)


table 8 : explain SELECT id FROM sbtest8 WHERE id BETWEEN 4681970 AND 4682070
	-> Filter: (sbtest8.id between 4681970 and 4682070)  (cost=20.6 rows=101)
    -> Covering index range scan on sbtest8 using PRIMARY over (4681970 <= id <= 4682070)  (cost=20.6 rows=101)



for range-covered
table 1 : explain SELECT id FROM sbtest1 WHERE id BETWEEN 3409393 AND 3409493
	-> Filter: (sbtest1.id between 3409393 and 3409493)  (cost=20.6 rows=101)
    -> Covering index range scan on sbtest1 using PRIMARY over (3409393 <= id <= 3409493)  (cost=20.6 rows=101)


table 2 : explain SELECT id FROM sbtest2 WHERE id BETWEEN 3409393 AND 3409493
	-> Filter: (sbtest2.id between 3409393 and 3409493)  (cost=20.6 rows=101)
    -> Covering index range scan on sbtest2 using PRIMARY over (3409393 <= id <= 3409493)  (cost=20.6 rows=101)


table 3 : explain SELECT id FROM sbtest3 WHERE id BETWEEN 3409393 AND 3409493
	-> Filter: (sbtest3.id between 3409393 and 3409493)  (cost=20.6 rows=101)
    -> Covering index range scan on sbtest3 using PRIMARY over (3409393 <= id <= 3409493)  (cost=20.6 rows=101)


table 4 : explain SELECT id FROM sbtest4 WHERE id BETWEEN 3409393 AND 3409493
	-> Filter: (sbtest4.id between 3409393 and 3409493)  (cost=20.6 rows=101)
    -> Covering index range scan on sbtest4 using PRIMARY over (3409393 <= id <= 3409493)  (cost=20.6 rows=101)


table 5 : explain SELECT id FROM sbtest5 WHERE id BETWEEN 3409393 AND 3409493
	-> Filter: (sbtest5.id between 3409393 and 3409493)  (cost=20.6 rows=101)
    -> Covering index range scan on sbtest5 using PRIMARY over (3409393 <= id <= 3409493)  (cost=20.6 rows=101)


table 6 : explain SELECT id FROM sbtest6 WHERE id BETWEEN 3409393 AND 3409493
	-> Filter: (sbtest6.id between 3409393 and 3409493)  (cost=20.6 rows=101)
    -> Covering index range scan on sbtest6 using PRIMARY over (3409393 <= id <= 3409493)  (cost=20.6 rows=101)


table 7 : explain SELECT id FROM sbtest7 WHERE id BETWEEN 3409393 AND 3409493
	-> Filter: (sbtest7.id between 3409393 and 3409493)  (cost=20.6 rows=101)
    -> Covering index range scan on sbtest7 using PRIMARY over (3409393 <= id <= 3409493)  (cost=20.6 rows=101)


table 8 : explain SELECT id FROM sbtest8 WHERE id BETWEEN 3409393 AND 3409493
	-> Filter: (sbtest8.id between 3409393 and 3409493)  (cost=20.6 rows=101)
    -> Covering index range scan on sbtest8 using PRIMARY over (3409393 <= id <= 3409493)  (cost=20.6 rows=101)


for range-covered
table 1 : explain SELECT id FROM sbtest1 WHERE id BETWEEN 1893473 AND 1893573
	-> Filter: (sbtest1.id between 1893473 and 1893573)  (cost=20.6 rows=101)
    -> Covering index range scan on sbtest1 using PRIMARY over (1893473 <= id <= 1893573)  (cost=20.6 rows=101)


table 2 : explain SELECT id FROM sbtest2 WHERE id BETWEEN 1893473 AND 1893573
	-> Filter: (sbtest2.id between 1893473 and 1893573)  (cost=20.6 rows=101)
    -> Covering index range scan on sbtest2 using PRIMARY over (1893473 <= id <= 1893573)  (cost=20.6 rows=101)


table 3 : explain SELECT id FROM sbtest3 WHERE id BETWEEN 1893473 AND 1893573
	-> Filter: (sbtest3.id between 1893473 and 1893573)  (cost=20.6 rows=101)
    -> Covering index range scan on sbtest3 using PRIMARY over (1893473 <= id <= 1893573)  (cost=20.6 rows=101)


table 4 : explain SELECT id FROM sbtest4 WHERE id BETWEEN 1893473 AND 1893573
	-> Filter: (sbtest4.id between 1893473 and 1893573)  (cost=20.6 rows=101)
    -> Covering index range scan on sbtest4 using PRIMARY over (1893473 <= id <= 1893573)  (cost=20.6 rows=101)


table 5 : explain SELECT id FROM sbtest5 WHERE id BETWEEN 1893473 AND 1893573
	-> Filter: (sbtest5.id between 1893473 and 1893573)  (cost=20.6 rows=101)
    -> Covering index range scan on sbtest5 using PRIMARY over (1893473 <= id <= 1893573)  (cost=20.6 rows=101)


table 6 : explain SELECT id FROM sbtest6 WHERE id BETWEEN 1893473 AND 1893573
	-> Filter: (sbtest6.id between 1893473 and 1893573)  (cost=20.6 rows=101)
    -> Covering index range scan on sbtest6 using PRIMARY over (1893473 <= id <= 1893573)  (cost=20.6 rows=101)


table 7 : explain SELECT id FROM sbtest7 WHERE id BETWEEN 1893473 AND 1893573
	-> Filter: (sbtest7.id between 1893473 and 1893573)  (cost=20.6 rows=101)
    -> Covering index range scan on sbtest7 using PRIMARY over (1893473 <= id <= 1893573)  (cost=20.6 rows=101)


table 8 : explain SELECT id FROM sbtest8 WHERE id BETWEEN 1893473 AND 1893573
	-> Filter: (sbtest8.id between 1893473 and 1893573)  (cost=20.6 rows=101)
    -> Covering index range scan on sbtest8 using PRIMARY over (1893473 <= id <= 1893573)  (cost=20.6 rows=101)


explain: for range-covered :: explain SELECT id FROM sbtest%d WHERE id BETWEEN 8126829 AND 8126929
for range-covered
table 1 : explain SELECT id FROM sbtest1 WHERE id BETWEEN 7126950 AND 7127050
	-> Filter: (sbtest1.id between 7126950 and 7127050)  (cost=20.6 rows=101)
    -> Covering index range scan on sbtest1 using PRIMARY over (7126950 <= id <= 7127050)  (cost=20.6 rows=101)


table 2 : explain SELECT id FROM sbtest2 WHERE id BETWEEN 7126950 AND 7127050
	-> Filter: (sbtest2.id between 7126950 and 7127050)  (cost=20.6 rows=101)
    -> Covering index range scan on sbtest2 using PRIMARY over (7126950 <= id <= 7127050)  (cost=20.6 rows=101)


table 3 : explain SELECT id FROM sbtest3 WHERE id BETWEEN 7126950 AND 7127050
	-> Filter: (sbtest3.id between 7126950 and 7127050)  (cost=20.6 rows=101)
    -> Covering index range scan on sbtest3 using PRIMARY over (7126950 <= id <= 7127050)  (cost=20.6 rows=101)


table 4 : explain SELECT id FROM sbtest4 WHERE id BETWEEN 7126950 AND 7127050
	-> Filter: (sbtest4.id between 7126950 and 7127050)  (cost=20.6 rows=101)
    -> Covering index range scan on sbtest4 using PRIMARY over (7126950 <= id <= 7127050)  (cost=20.6 rows=101)


table 5 : explain SELECT id FROM sbtest5 WHERE id BETWEEN 7126950 AND 7127050
	-> Filter: (sbtest5.id between 7126950 and 7127050)  (cost=20.6 rows=101)
    -> Covering index range scan on sbtest5 using PRIMARY over (7126950 <= id <= 7127050)  (cost=20.6 rows=101)


table 6 : explain SELECT id FROM sbtest6 WHERE id BETWEEN 7126950 AND 7127050
	-> Filter: (sbtest6.id between 7126950 and 7127050)  (cost=20.6 rows=101)
    -> Covering index range scan on sbtest6 using PRIMARY over (7126950 <= id <= 7127050)  (cost=20.6 rows=101)


table 7 : explain SELECT id FROM sbtest7 WHERE id BETWEEN 7126950 AND 7127050
	-> Filter: (sbtest7.id between 7126950 and 7127050)  (cost=20.6 rows=101)
    -> Covering index range scan on sbtest7 using PRIMARY over (7126950 <= id <= 7127050)  (cost=20.6 rows=101)


table 8 : explain SELECT id FROM sbtest8 WHERE id BETWEEN 7126950 AND 7127050
	-> Filter: (sbtest8.id between 7126950 and 7127050)  (cost=20.6 rows=101)
    -> Covering index range scan on sbtest8 using PRIMARY over (7126950 <= id <= 7127050)  (cost=20.6 rows=101)

explain: for range-covered :: explain SELECT id FROM sbtest%d WHERE id BETWEEN 3631501 AND 3631601
for range-covered
table 1 : explain SELECT id FROM sbtest1 WHERE id BETWEEN 4749092 AND 4749192
	-> Filter: (sbtest1.id between 4749092 and 4749192)  (cost=20.6 rows=101)
    -> Covering index range scan on sbtest1 using PRIMARY over (4749092 <= id <= 4749192)  (cost=20.6 rows=101)


table 2 : explain SELECT id FROM sbtest2 WHERE id BETWEEN 4749092 AND 4749192
	-> Filter: (sbtest2.id between 4749092 and 4749192)  (cost=20.6 rows=101)
    -> Covering index range scan on sbtest2 using PRIMARY over (4749092 <= id <= 4749192)  (cost=20.6 rows=101)


table 3 : explain SELECT id FROM sbtest3 WHERE id BETWEEN 4749092 AND 4749192
	-> Filter: (sbtest3.id between 4749092 and 4749192)  (cost=20.6 rows=101)
    -> Covering index range scan on sbtest3 using PRIMARY over (4749092 <= id <= 4749192)  (cost=20.6 rows=101)


table 4 : explain SELECT id FROM sbtest4 WHERE id BETWEEN 4749092 AND 4749192
	-> Filter: (sbtest4.id between 4749092 and 4749192)  (cost=20.6 rows=101)
    -> Covering index range scan on sbtest4 using PRIMARY over (4749092 <= id <= 4749192)  (cost=20.6 rows=101)


table 5 : explain SELECT id FROM sbtest5 WHERE id BETWEEN 4749092 AND 4749192
	-> Filter: (sbtest5.id between 4749092 and 4749192)  (cost=20.6 rows=101)
    -> Covering index range scan on sbtest5 using PRIMARY over (4749092 <= id <= 4749192)  (cost=20.6 rows=101)


table 6 : explain SELECT id FROM sbtest6 WHERE id BETWEEN 4749092 AND 4749192
	-> Filter: (sbtest6.id between 4749092 and 4749192)  (cost=20.6 rows=101)
    -> Covering index range scan on sbtest6 using PRIMARY over (4749092 <= id <= 4749192)  (cost=20.6 rows=101)


table 7 : explain SELECT id FROM sbtest7 WHERE id BETWEEN 4749092 AND 4749192
	-> Filter: (sbtest7.id between 4749092 and 4749192)  (cost=20.6 rows=101)
    -> Covering index range scan on sbtest7 using PRIMARY over (4749092 <= id <= 4749192)  (cost=20.6 rows=101)


table 8 : explain SELECT id FROM sbtest8 WHERE id BETWEEN 4749092 AND 4749192
	-> Filter: (sbtest8.id between 4749092 and 4749192)  (cost=20.6 rows=101)
    -> Covering index range scan on sbtest8 using PRIMARY over (4749092 <= id <= 4749192)  (cost=20.6 rows=101)


explain: for range-covered :: explain SELECT id FROM sbtest%d WHERE id BETWEEN 8026450 AND 8026550
for range-covered
table 1 : explain SELECT id FROM sbtest1 WHERE id BETWEEN 6121679 AND 6121779
	-> Filter: (sbtest1.id between 6121679 and 6121779)  (cost=20.6 rows=101)
    -> Covering index range scan on sbtest1 using PRIMARY over (6121679 <= id <= 6121779)  (cost=20.6 rows=101)


table 2 : explain SELECT id FROM sbtest2 WHERE id BETWEEN 6121679 AND 6121779
	-> Filter: (sbtest2.id between 6121679 and 6121779)  (cost=20.6 rows=101)
    -> Covering index range scan on sbtest2 using PRIMARY over (6121679 <= id <= 6121779)  (cost=20.6 rows=101)


table 3 : explain SELECT id FROM sbtest3 WHERE id BETWEEN 6121679 AND 6121779
	-> Filter: (sbtest3.id between 6121679 and 6121779)  (cost=20.6 rows=101)
    -> Covering index range scan on sbtest3 using PRIMARY over (6121679 <= id <= 6121779)  (cost=20.6 rows=101)


table 4 : explain SELECT id FROM sbtest4 WHERE id BETWEEN 6121679 AND 6121779
	-> Filter: (sbtest4.id between 6121679 and 6121779)  (cost=20.6 rows=101)
    -> Covering index range scan on sbtest4 using PRIMARY over (6121679 <= id <= 6121779)  (cost=20.6 rows=101)


table 5 : explain SELECT id FROM sbtest5 WHERE id BETWEEN 6121679 AND 6121779
	-> Filter: (sbtest5.id between 6121679 and 6121779)  (cost=20.6 rows=101)
    -> Covering index range scan on sbtest5 using PRIMARY over (6121679 <= id <= 6121779)  (cost=20.6 rows=101)


table 6 : explain SELECT id FROM sbtest6 WHERE id BETWEEN 6121679 AND 6121779
	-> Filter: (sbtest6.id between 6121679 and 6121779)  (cost=20.6 rows=101)
    -> Covering index range scan on sbtest6 using PRIMARY over (6121679 <= id <= 6121779)  (cost=20.6 rows=101)


table 7 : explain SELECT id FROM sbtest7 WHERE id BETWEEN 6121679 AND 6121779
	-> Filter: (sbtest7.id between 6121679 and 6121779)  (cost=20.6 rows=101)
    -> Covering index range scan on sbtest7 using PRIMARY over (6121679 <= id <= 6121779)  (cost=20.6 rows=101)


table 8 : explain SELECT id FROM sbtest8 WHERE id BETWEEN 6121679 AND 6121779
	-> Filter: (sbtest8.id between 6121679 and 6121779)  (cost=20.6 rows=101)
    -> Covering index range scan on sbtest8 using PRIMARY over (6121679 <= id <= 6121779)  (cost=20.6 rows=101)



for range-covered
table 1 : explain SELECT id FROM sbtest1 WHERE id BETWEEN 5453131 AND 5453231
	-> Filter: (sbtest1.id between 5453131 and 5453231)  (cost=20.6 rows=101)
    -> Covering index range scan on sbtest1 using PRIMARY over (5453131 <= id <= 5453231)  (cost=20.6 rows=101)


table 2 : explain SELECT id FROM sbtest2 WHERE id BETWEEN 5453131 AND 5453231
	-> Filter: (sbtest2.id between 5453131 and 5453231)  (cost=20.6 rows=101)
    -> Covering index range scan on sbtest2 using PRIMARY over (5453131 <= id <= 5453231)  (cost=20.6 rows=101)


table 3 : explain SELECT id FROM sbtest3 WHERE id BETWEEN 5453131 AND 5453231
	-> Filter: (sbtest3.id between 5453131 and 5453231)  (cost=20.6 rows=101)
    -> Covering index range scan on sbtest3 using PRIMARY over (5453131 <= id <= 5453231)  (cost=20.6 rows=101)


table 4 : explain SELECT id FROM sbtest4 WHERE id BETWEEN 5453131 AND 5453231
	-> Filter: (sbtest4.id between 5453131 and 5453231)  (cost=20.6 rows=101)
    -> Covering index range scan on sbtest4 using PRIMARY over (5453131 <= id <= 5453231)  (cost=20.6 rows=101)


table 5 : explain SELECT id FROM sbtest5 WHERE id BETWEEN 5453131 AND 5453231
	-> Filter: (sbtest5.id between 5453131 and 5453231)  (cost=20.6 rows=101)
    -> Covering index range scan on sbtest5 using PRIMARY over (5453131 <= id <= 5453231)  (cost=20.6 rows=101)


table 6 : explain SELECT id FROM sbtest6 WHERE id BETWEEN 5453131 AND 5453231
	-> Filter: (sbtest6.id between 5453131 and 5453231)  (cost=20.6 rows=101)
    -> Covering index range scan on sbtest6 using PRIMARY over (5453131 <= id <= 5453231)  (cost=20.6 rows=101)


table 7 : explain SELECT id FROM sbtest7 WHERE id BETWEEN 5453131 AND 5453231
	-> Filter: (sbtest7.id between 5453131 and 5453231)  (cost=20.6 rows=101)
    -> Covering index range scan on sbtest7 using PRIMARY over (5453131 <= id <= 5453231)  (cost=20.6 rows=101)


table 8 : explain SELECT id FROM sbtest8 WHERE id BETWEEN 5453131 AND 5453231
	-> Filter: (sbtest8.id between 5453131 and 5453231)  (cost=20.6 rows=101)
    -> Covering index range scan on sbtest8 using PRIMARY over (5453131 <= id <= 5453231)  (cost=20.6 rows=101)


for range-covered
table 1 : explain SELECT id FROM sbtest1 WHERE id BETWEEN 1050546 AND 1050646
	-> Filter: (sbtest1.id between 1050546 and 1050646)  (cost=20.6 rows=101)
    -> Covering index range scan on sbtest1 using PRIMARY over (1050546 <= id <= 1050646)  (cost=20.6 rows=101)


table 2 : explain SELECT id FROM sbtest2 WHERE id BETWEEN 1050546 AND 1050646
	-> Filter: (sbtest2.id between 1050546 and 1050646)  (cost=20.6 rows=101)
    -> Covering index range scan on sbtest2 using PRIMARY over (1050546 <= id <= 1050646)  (cost=20.6 rows=101)


table 3 : explain SELECT id FROM sbtest3 WHERE id BETWEEN 1050546 AND 1050646
	-> Filter: (sbtest3.id between 1050546 and 1050646)  (cost=20.6 rows=101)
    -> Covering index range scan on sbtest3 using PRIMARY over (1050546 <= id <= 1050646)  (cost=20.6 rows=101)


table 4 : explain SELECT id FROM sbtest4 WHERE id BETWEEN 1050546 AND 1050646
	-> Filter: (sbtest4.id between 1050546 and 1050646)  (cost=20.6 rows=101)
    -> Covering index range scan on sbtest4 using PRIMARY over (1050546 <= id <= 1050646)  (cost=20.6 rows=101)


table 5 : explain SELECT id FROM sbtest5 WHERE id BETWEEN 1050546 AND 1050646
	-> Filter: (sbtest5.id between 1050546 and 1050646)  (cost=20.6 rows=101)
    -> Covering index range scan on sbtest5 using PRIMARY over (1050546 <= id <= 1050646)  (cost=20.6 rows=101)


table 6 : explain SELECT id FROM sbtest6 WHERE id BETWEEN 1050546 AND 1050646
	-> Filter: (sbtest6.id between 1050546 and 1050646)  (cost=20.6 rows=101)
    -> Covering index range scan on sbtest6 using PRIMARY over (1050546 <= id <= 1050646)  (cost=20.6 rows=101)


table 7 : explain SELECT id FROM sbtest7 WHERE id BETWEEN 1050546 AND 1050646
	-> Filter: (sbtest7.id between 1050546 and 1050646)  (cost=20.6 rows=101)
    -> Covering index range scan on sbtest7 using PRIMARY over (1050546 <= id <= 1050646)  (cost=20.6 rows=101)


table 8 : explain SELECT id FROM sbtest8 WHERE id BETWEEN 1050546 AND 1050646
	-> Filter: (sbtest8.id between 1050546 and 1050646)  (cost=20.6 rows=101)
    -> Covering index range scan on sbtest8 using PRIMARY over (1050546 <= id <= 1050646)  (cost=20.6 rows=101)

explain: for range-covered :: explain SELECT id FROM sbtest%d WHERE id BETWEEN 4749092 AND 4749192explain: for range-covered :: explain SELECT id FROM sbtest%d WHERE id BETWEEN 4681970 AND 4682070
explain: for range-covered :: explain SELECT id FROM sbtest%d WHERE id BETWEEN 1893473 AND 1893573
explain: for range-covered :: explain SELECT id FROM sbtest%d WHERE id BETWEEN 7609338 AND 7609438explain: for range-covered :: explain SELECT id FROM sbtest%d WHERE id BETWEEN 7126950 AND 7127050
explain: for range-covered :: explain SELECT id FROM sbtest%d WHERE id BETWEEN 3409393 AND 3409493


for range-covered
table 1 : explain SELECT id FROM sbtest1 WHERE id BETWEEN 4863833 AND 4863933
	-> Filter: (sbtest1.id between 4863833 and 4863933)  (cost=20.6 rows=101)
    -> Covering index range scan on sbtest1 using PRIMARY over (4863833 <= id <= 4863933)  (cost=20.6 rows=101)


table 2 : explain SELECT id FROM sbtest2 WHERE id BETWEEN 4863833 AND 4863933
	-> Filter: (sbtest2.id between 4863833 and 4863933)  (cost=20.6 rows=101)
    -> Covering index range scan on sbtest2 using PRIMARY over (4863833 <= id <= 4863933)  (cost=20.6 rows=101)


table 3 : explain SELECT id FROM sbtest3 WHERE id BETWEEN 4863833 AND 4863933
	-> Filter: (sbtest3.id between 4863833 and 4863933)  (cost=20.6 rows=101)
    -> Covering index range scan on sbtest3 using PRIMARY over (4863833 <= id <= 4863933)  (cost=20.6 rows=101)


table 4 : explain SELECT id FROM sbtest4 WHERE id BETWEEN 4863833 AND 4863933
	-> Filter: (sbtest4.id between 4863833 and 4863933)  (cost=20.6 rows=101)
    -> Covering index range scan on sbtest4 using PRIMARY over (4863833 <= id <= 4863933)  (cost=20.6 rows=101)


table 5 : explain SELECT id FROM sbtest5 WHERE id BETWEEN 4863833 AND 4863933
	-> Filter: (sbtest5.id between 4863833 and 4863933)  (cost=20.6 rows=101)
    -> Covering index range scan on sbtest5 using PRIMARY over (4863833 <= id <= 4863933)  (cost=20.6 rows=101)


table 6 : explain SELECT id FROM sbtest6 WHERE id BETWEEN 4863833 AND 4863933
	-> Filter: (sbtest6.id between 4863833 and 4863933)  (cost=20.6 rows=101)
    -> Covering index range scan on sbtest6 using PRIMARY over (4863833 <= id <= 4863933)  (cost=20.6 rows=101)


table 7 : explain SELECT id FROM sbtest7 WHERE id BETWEEN 4863833 AND 4863933
	-> Filter: (sbtest7.id between 4863833 and 4863933)  (cost=20.6 rows=101)
    -> Covering index range scan on sbtest7 using PRIMARY over (4863833 <= id <= 4863933)  (cost=20.6 rows=101)


table 8 : explain SELECT id FROM sbtest8 WHERE id BETWEEN 4863833 AND 4863933
	-> Filter: (sbtest8.id between 4863833 and 4863933)  (cost=20.6 rows=101)
    -> Covering index range scan on sbtest8 using PRIMARY over (4863833 <= id <= 4863933)  (cost=20.6 rows=101)

for range-covered
table 1 : explain SELECT id FROM sbtest1 WHERE id BETWEEN 9219070 AND 9219170
	-> Filter: (sbtest1.id between 9219070 and 9219170)  (cost=20.6 rows=101)
    -> Covering index range scan on sbtest1 using PRIMARY over (9219070 <= id <= 9219170)  (cost=20.6 rows=101)


table 2 : explain SELECT id FROM sbtest2 WHERE id BETWEEN 9219070 AND 9219170
	-> Filter: (sbtest2.id between 9219070 and 9219170)  (cost=20.6 rows=101)
    -> Covering index range scan on sbtest2 using PRIMARY over (9219070 <= id <= 9219170)  (cost=20.6 rows=101)


table 3 : explain SELECT id FROM sbtest3 WHERE id BETWEEN 9219070 AND 9219170
	-> Filter: (sbtest3.id between 9219070 and 9219170)  (cost=20.6 rows=101)
    -> Covering index range scan on sbtest3 using PRIMARY over (9219070 <= id <= 9219170)  (cost=20.6 rows=101)


table 4 : explain SELECT id FROM sbtest4 WHERE id BETWEEN 9219070 AND 9219170
	-> Filter: (sbtest4.id between 9219070 and 9219170)  (cost=20.6 rows=101)
    -> Covering index range scan on sbtest4 using PRIMARY over (9219070 <= id <= 9219170)  (cost=20.6 rows=101)


table 5 : explain SELECT id FROM sbtest5 WHERE id BETWEEN 9219070 AND 9219170
	-> Filter: (sbtest5.id between 9219070 and 9219170)  (cost=20.6 rows=101)
    -> Covering index range scan on sbtest5 using PRIMARY over (9219070 <= id <= 9219170)  (cost=20.6 rows=101)


table 6 : explain SELECT id FROM sbtest6 WHERE id BETWEEN 9219070 AND 9219170
	-> Filter: (sbtest6.id between 9219070 and 9219170)  (cost=20.6 rows=101)
    -> Covering index range scan on sbtest6 using PRIMARY over (9219070 <= id <= 9219170)  (cost=20.6 rows=101)


table 7 : explain SELECT id FROM sbtest7 WHERE id BETWEEN 9219070 AND 9219170
	-> Filter: (sbtest7.id between 9219070 and 9219170)  (cost=20.6 rows=101)
    -> Covering index range scan on sbtest7 using PRIMARY over (9219070 <= id <= 9219170)  (cost=20.6 rows=101)


table 8 : explain SELECT id FROM sbtest8 WHERE id BETWEEN 9219070 AND 9219170
	-> Filter: (sbtest8.id between 9219070 and 9219170)  (cost=20.6 rows=101)
    -> Covering index range scan on sbtest8 using PRIMARY over (9219070 <= id <= 9219170)  (cost=20.6 rows=101)



for range-covered
table 1 : explain SELECT id FROM sbtest1 WHERE id BETWEEN 7505176 AND 7505276
	-> Filter: (sbtest1.id between 7505176 and 7505276)  (cost=20.6 rows=101)
    -> Covering index range scan on sbtest1 using PRIMARY over (7505176 <= id <= 7505276)  (cost=20.6 rows=101)


table 2 : explain SELECT id FROM sbtest2 WHERE id BETWEEN 7505176 AND 7505276
	-> Filter: (sbtest2.id between 7505176 and 7505276)  (cost=20.6 rows=101)
    -> Covering index range scan on sbtest2 using PRIMARY over (7505176 <= id <= 7505276)  (cost=20.6 rows=101)


table 3 : explain SELECT id FROM sbtest3 WHERE id BETWEEN 7505176 AND 7505276
	-> Filter: (sbtest3.id between 7505176 and 7505276)  (cost=20.6 rows=101)
    -> Covering index range scan on sbtest3 using PRIMARY over (7505176 <= id <= 7505276)  (cost=20.6 rows=101)


table 4 : explain SELECT id FROM sbtest4 WHERE id BETWEEN 7505176 AND 7505276
	-> Filter: (sbtest4.id between 7505176 and 7505276)  (cost=20.6 rows=101)
    -> Covering index range scan on sbtest4 using PRIMARY over (7505176 <= id <= 7505276)  (cost=20.6 rows=101)


table 5 : explain SELECT id FROM sbtest5 WHERE id BETWEEN 7505176 AND 7505276
	-> Filter: (sbtest5.id between 7505176 and 7505276)  (cost=20.6 rows=101)
    -> Covering index range scan on sbtest5 using PRIMARY over (7505176 <= id <= 7505276)  (cost=20.6 rows=101)


table 6 : explain SELECT id FROM sbtest6 WHERE id BETWEEN 7505176 AND 7505276
	-> Filter: (sbtest6.id between 7505176 and 7505276)  (cost=20.6 rows=101)
    -> Covering index range scan on sbtest6 using PRIMARY over (7505176 <= id <= 7505276)  (cost=20.6 rows=101)


table 7 : explain SELECT id FROM sbtest7 WHERE id BETWEEN 7505176 AND 7505276
	-> Filter: (sbtest7.id between 7505176 and 7505276)  (cost=20.6 rows=101)
    -> Covering index range scan on sbtest7 using PRIMARY over (7505176 <= id <= 7505276)  (cost=20.6 rows=101)


table 8 : explain SELECT id FROM sbtest8 WHERE id BETWEEN 7505176 AND 7505276
	-> Filter: (sbtest8.id between 7505176 and 7505276)  (cost=20.6 rows=101)
    -> Covering index range scan on sbtest8 using PRIMARY over (7505176 <= id <= 7505276)  (cost=20.6 rows=101)


explain: for range-covered :: explain SELECT id FROM sbtest%d WHERE id BETWEEN 5453131 AND 5453231
explain: for range-covered :: explain SELECT id FROM sbtest%d WHERE id BETWEEN 2178991 AND 2179091explain: for range-covered :: explain SELECT id FROM sbtest%d WHERE id BETWEEN 6121679 AND 6121779for range-covered
table 1 : explain SELECT id FROM sbtest1 WHERE id BETWEEN 5068006 AND 5068106
	-> Filter: (sbtest1.id between 5068006 and 5068106)  (cost=20.6 rows=101)
    -> Covering index range scan on sbtest1 using PRIMARY over (5068006 <= id <= 5068106)  (cost=20.6 rows=101)


table 2 : explain SELECT id FROM sbtest2 WHERE id BETWEEN 5068006 AND 5068106
	-> Filter: (sbtest2.id between 5068006 and 5068106)  (cost=20.6 rows=101)
    -> Covering index range scan on sbtest2 using PRIMARY over (5068006 <= id <= 5068106)  (cost=20.6 rows=101)


table 3 : explain SELECT id FROM sbtest3 WHERE id BETWEEN 5068006 AND 5068106
	-> Filter: (sbtest3.id between 5068006 and 5068106)  (cost=20.6 rows=101)
    -> Covering index range scan on sbtest3 using PRIMARY over (5068006 <= id <= 5068106)  (cost=20.6 rows=101)


table 4 : explain SELECT id FROM sbtest4 WHERE id BETWEEN 5068006 AND 5068106
	-> Filter: (sbtest4.id between 5068006 and 5068106)  (cost=20.6 rows=101)
    -> Covering index range scan on sbtest4 using PRIMARY over (5068006 <= id <= 5068106)  (cost=20.6 rows=101)


table 5 : explain SELECT id FROM sbtest5 WHERE id BETWEEN 5068006 AND 5068106
	-> Filter: (sbtest5.id between 5068006 and 5068106)  (cost=20.6 rows=101)
    -> Covering index range scan on sbtest5 using PRIMARY over (5068006 <= id <= 5068106)  (cost=20.6 rows=101)


table 6 : explain SELECT id FROM sbtest6 WHERE id BETWEEN 5068006 AND 5068106
	-> Filter: (sbtest6.id between 5068006 and 5068106)  (cost=20.6 rows=101)
    -> Covering index range scan on sbtest6 using PRIMARY over (5068006 <= id <= 5068106)  (cost=20.6 rows=101)


table 7 : explain SELECT id FROM sbtest7 WHERE id BETWEEN 5068006 AND 5068106
	-> Filter: (sbtest7.id between 5068006 and 5068106)  (cost=20.6 rows=101)
    -> Covering index range scan on sbtest7 using PRIMARY over (5068006 <= id <= 5068106)  (cost=20.6 rows=101)


table 8 : explain SELECT id FROM sbtest8 WHERE id BETWEEN 5068006 AND 5068106
	-> Filter: (sbtest8.id between 5068006 and 5068106)  (cost=20.6 rows=101)
    -> Covering index range scan on sbtest8 using PRIMARY over (5068006 <= id <= 5068106)  (cost=20.6 rows=101)


for range-covered
table 1 : explain SELECT id FROM sbtest1 WHERE id BETWEEN 3504453 AND 3504553
	-> Filter: (sbtest1.id between 3504453 and 3504553)  (cost=20.6 rows=101)
    -> Covering index range scan on sbtest1 using PRIMARY over (3504453 <= id <= 3504553)  (cost=20.6 rows=101)


table 2 : explain SELECT id FROM sbtest2 WHERE id BETWEEN 3504453 AND 3504553
	-> Filter: (sbtest2.id between 3504453 and 3504553)  (cost=20.6 rows=101)
    -> Covering index range scan on sbtest2 using PRIMARY over (3504453 <= id <= 3504553)  (cost=20.6 rows=101)


table 3 : explain SELECT id FROM sbtest3 WHERE id BETWEEN 3504453 AND 3504553
	-> Filter: (sbtest3.id between 3504453 and 3504553)  (cost=20.6 rows=101)
    -> Covering index range scan on sbtest3 using PRIMARY over (3504453 <= id <= 3504553)  (cost=20.6 rows=101)


table 4 : explain SELECT id FROM sbtest4 WHERE id BETWEEN 3504453 AND 3504553
	-> Filter: (sbtest4.id between 3504453 and 3504553)  (cost=20.6 rows=101)
    -> Covering index range scan on sbtest4 using PRIMARY over (3504453 <= id <= 3504553)  (cost=20.6 rows=101)


table 5 : explain SELECT id FROM sbtest5 WHERE id BETWEEN 3504453 AND 3504553
	-> Filter: (sbtest5.id between 3504453 and 3504553)  (cost=20.6 rows=101)
    -> Covering index range scan on sbtest5 using PRIMARY over (3504453 <= id <= 3504553)  (cost=20.6 rows=101)


table 6 : explain SELECT id FROM sbtest6 WHERE id BETWEEN 3504453 AND 3504553
	-> Filter: (sbtest6.id between 3504453 and 3504553)  (cost=20.6 rows=101)
    -> Covering index range scan on sbtest6 using PRIMARY over (3504453 <= id <= 3504553)  (cost=20.6 rows=101)


table 7 : explain SELECT id FROM sbtest7 WHERE id BETWEEN 3504453 AND 3504553
	-> Filter: (sbtest7.id between 3504453 and 3504553)  (cost=20.6 rows=101)
    -> Covering index range scan on sbtest7 using PRIMARY over (3504453 <= id <= 3504553)  (cost=20.6 rows=101)


table 8 : explain SELECT id FROM sbtest8 WHERE id BETWEEN 3504453 AND 3504553
	-> Filter: (sbtest8.id between 3504453 and 3504553)  (cost=20.6 rows=101)
    -> Covering index range scan on sbtest8 using PRIMARY over (3504453 <= id <= 3504553)  (cost=20.6 rows=101)


explain: for range-covered :: explain SELECT id FROM sbtest%d WHERE id BETWEEN 1050546 AND 1050646

explain: for range-covered :: explain SELECT id FROM sbtest%d WHERE id BETWEEN 7505176 AND 7505276
for range-covered
table 1 : explain SELECT id FROM sbtest1 WHERE id BETWEEN 4390786 AND 4390886
	-> Filter: (sbtest1.id between 4390786 and 4390886)  (cost=20.6 rows=101)
    -> Covering index range scan on sbtest1 using PRIMARY over (4390786 <= id <= 4390886)  (cost=20.6 rows=101)


table 2 : explain SELECT id FROM sbtest2 WHERE id BETWEEN 4390786 AND 4390886
	-> Filter: (sbtest2.id between 4390786 and 4390886)  (cost=20.6 rows=101)
    -> Covering index range scan on sbtest2 using PRIMARY over (4390786 <= id <= 4390886)  (cost=20.6 rows=101)


table 3 : explain SELECT id FROM sbtest3 WHERE id BETWEEN 4390786 AND 4390886
	-> Filter: (sbtest3.id between 4390786 and 4390886)  (cost=20.6 rows=101)
    -> Covering index range scan on sbtest3 using PRIMARY over (4390786 <= id <= 4390886)  (cost=20.6 rows=101)


table 4 : explain SELECT id FROM sbtest4 WHERE id BETWEEN 4390786 AND 4390886
	-> Filter: (sbtest4.id between 4390786 and 4390886)  (cost=20.6 rows=101)
    -> Covering index range scan on sbtest4 using PRIMARY over (4390786 <= id <= 4390886)  (cost=20.6 rows=101)


table 5 : explain SELECT id FROM sbtest5 WHERE id BETWEEN 4390786 AND 4390886
	-> Filter: (sbtest5.id between 4390786 and 4390886)  (cost=20.6 rows=101)
    -> Covering index range scan on sbtest5 using PRIMARY over (4390786 <= id <= 4390886)  (cost=20.6 rows=101)


table 6 : explain SELECT id FROM sbtest6 WHERE id BETWEEN 4390786 AND 4390886
	-> Filter: (sbtest6.id between 4390786 and 4390886)  (cost=20.6 rows=101)
    -> Covering index range scan on sbtest6 using PRIMARY over (4390786 <= id <= 4390886)  (cost=20.6 rows=101)


table 7 : explain SELECT id FROM sbtest7 WHERE id BETWEEN 4390786 AND 4390886
	-> Filter: (sbtest7.id between 4390786 and 4390886)  (cost=20.6 rows=101)
    -> Covering index range scan on sbtest7 using PRIMARY over (4390786 <= id <= 4390886)  (cost=20.6 rows=101)


table 8 : explain SELECT id FROM sbtest8 WHERE id BETWEEN 4390786 AND 4390886
	-> Filter: (sbtest8.id between 4390786 and 4390886)  (cost=20.6 rows=101)
    -> Covering index range scan on sbtest8 using PRIMARY over (4390786 <= id <= 4390886)  (cost=20.6 rows=101)


explain: for range-covered :: explain SELECT id FROM sbtest%d WHERE id BETWEEN 5068006 AND 5068106
for range-covered
table 1 : explain SELECT id FROM sbtest1 WHERE id BETWEEN 2845774 AND 2845874
	-> Filter: (sbtest1.id between 2845774 and 2845874)  (cost=20.6 rows=101)
    -> Covering index range scan on sbtest1 using PRIMARY over (2845774 <= id <= 2845874)  (cost=20.6 rows=101)


table 2 : explain SELECT id FROM sbtest2 WHERE id BETWEEN 2845774 AND 2845874
	-> Filter: (sbtest2.id between 2845774 and 2845874)  (cost=20.6 rows=101)
    -> Covering index range scan on sbtest2 using PRIMARY over (2845774 <= id <= 2845874)  (cost=20.6 rows=101)


table 3 : explain SELECT id FROM sbtest3 WHERE id BETWEEN 2845774 AND 2845874
	-> Filter: (sbtest3.id between 2845774 and 2845874)  (cost=20.6 rows=101)
    -> Covering index range scan on sbtest3 using PRIMARY over (2845774 <= id <= 2845874)  (cost=20.6 rows=101)


table 4 : explain SELECT id FROM sbtest4 WHERE id BETWEEN 2845774 AND 2845874
	-> Filter: (sbtest4.id between 2845774 and 2845874)  (cost=20.6 rows=101)
    -> Covering index range scan on sbtest4 using PRIMARY over (2845774 <= id <= 2845874)  (cost=20.6 rows=101)


table 5 : explain SELECT id FROM sbtest5 WHERE id BETWEEN 2845774 AND 2845874
	-> Filter: (sbtest5.id between 2845774 and 2845874)  (cost=20.6 rows=101)
    -> Covering index range scan on sbtest5 using PRIMARY over (2845774 <= id <= 2845874)  (cost=20.6 rows=101)


table 6 : explain SELECT id FROM sbtest6 WHERE id BETWEEN 2845774 AND 2845874
	-> Filter: (sbtest6.id between 2845774 and 2845874)  (cost=20.6 rows=101)
    -> Covering index range scan on sbtest6 using PRIMARY over (2845774 <= id <= 2845874)  (cost=20.6 rows=101)


table 7 : explain SELECT id FROM sbtest7 WHERE id BETWEEN 2845774 AND 2845874
	-> Filter: (sbtest7.id between 2845774 and 2845874)  (cost=20.6 rows=101)
    -> Covering index range scan on sbtest7 using PRIMARY over (2845774 <= id <= 2845874)  (cost=20.6 rows=101)


table 8 : explain SELECT id FROM sbtest8 WHERE id BETWEEN 2845774 AND 2845874
	-> Filter: (sbtest8.id between 2845774 and 2845874)  (cost=20.6 rows=101)
    -> Covering index range scan on sbtest8 using PRIMARY over (2845774 <= id <= 2845874)  (cost=20.6 rows=101)


explain: for range-covered :: explain SELECT id FROM sbtest%d WHERE id BETWEEN 3504453 AND 3504553explain: for range-covered :: explain SELECT id FROM sbtest%d WHERE id BETWEEN 4863833 AND 4863933for range-covered
table 1 : explain SELECT id FROM sbtest1 WHERE id BETWEEN 3859825 AND 3859925
	-> Filter: (sbtest1.id between 3859825 and 3859925)  (cost=20.6 rows=101)
    -> Covering index range scan on sbtest1 using PRIMARY over (3859825 <= id <= 3859925)  (cost=20.6 rows=101)


table 2 : explain SELECT id FROM sbtest2 WHERE id BETWEEN 3859825 AND 3859925
	-> Filter: (sbtest2.id between 3859825 and 3859925)  (cost=20.6 rows=101)
    -> Covering index range scan on sbtest2 using PRIMARY over (3859825 <= id <= 3859925)  (cost=20.6 rows=101)


table 3 : explain SELECT id FROM sbtest3 WHERE id BETWEEN 3859825 AND 3859925
	-> Filter: (sbtest3.id between 3859825 and 3859925)  (cost=20.6 rows=101)
    -> Covering index range scan on sbtest3 using PRIMARY over (3859825 <= id <= 3859925)  (cost=20.6 rows=101)


table 4 : explain SELECT id FROM sbtest4 WHERE id BETWEEN 3859825 AND 3859925
	-> Filter: (sbtest4.id between 3859825 and 3859925)  (cost=20.6 rows=101)
    -> Covering index range scan on sbtest4 using PRIMARY over (3859825 <= id <= 3859925)  (cost=20.6 rows=101)


table 5 : explain SELECT id FROM sbtest5 WHERE id BETWEEN 3859825 AND 3859925
	-> Filter: (sbtest5.id between 3859825 and 3859925)  (cost=20.6 rows=101)
    -> Covering index range scan on sbtest5 using PRIMARY over (3859825 <= id <= 3859925)  (cost=20.6 rows=101)


table 6 : explain SELECT id FROM sbtest6 WHERE id BETWEEN 3859825 AND 3859925
	-> Filter: (sbtest6.id between 3859825 and 3859925)  (cost=20.6 rows=101)
    -> Covering index range scan on sbtest6 using PRIMARY over (3859825 <= id <= 3859925)  (cost=20.6 rows=101)


table 7 : explain SELECT id FROM sbtest7 WHERE id BETWEEN 3859825 AND 3859925
	-> Filter: (sbtest7.id between 3859825 and 3859925)  (cost=20.6 rows=101)
    -> Covering index range scan on sbtest7 using PRIMARY over (3859825 <= id <= 3859925)  (cost=20.6 rows=101)


table 8 : explain SELECT id FROM sbtest8 WHERE id BETWEEN 3859825 AND 3859925
	-> Filter: (sbtest8.id between 3859825 and 3859925)  (cost=20.6 rows=101)
    -> Covering index range scan on sbtest8 using PRIMARY over (3859825 <= id <= 3859925)  (cost=20.6 rows=101)


for range-covered
table 1 : explain SELECT id FROM sbtest1 WHERE id BETWEEN 3620066 AND 3620166
	-> Filter: (sbtest1.id between 3620066 and 3620166)  (cost=20.6 rows=101)
    -> Covering index range scan on sbtest1 using PRIMARY over (3620066 <= id <= 3620166)  (cost=20.6 rows=101)


table 2 : explain SELECT id FROM sbtest2 WHERE id BETWEEN 3620066 AND 3620166
	-> Filter: (sbtest2.id between 3620066 and 3620166)  (cost=20.6 rows=101)
    -> Covering index range scan on sbtest2 using PRIMARY over (3620066 <= id <= 3620166)  (cost=20.6 rows=101)


table 3 : explain SELECT id FROM sbtest3 WHERE id BETWEEN 3620066 AND 3620166
	-> Filter: (sbtest3.id between 3620066 and 3620166)  (cost=20.6 rows=101)
    -> Covering index range scan on sbtest3 using PRIMARY over (3620066 <= id <= 3620166)  (cost=20.6 rows=101)


table 4 : explain SELECT id FROM sbtest4 WHERE id BETWEEN 3620066 AND 3620166
	-> Filter: (sbtest4.id between 3620066 and 3620166)  (cost=20.6 rows=101)
    -> Covering index range scan on sbtest4 using PRIMARY over (3620066 <= id <= 3620166)  (cost=20.6 rows=101)


table 5 : explain SELECT id FROM sbtest5 WHERE id BETWEEN 3620066 AND 3620166
	-> Filter: (sbtest5.id between 3620066 and 3620166)  (cost=20.6 rows=101)
    -> Covering index range scan on sbtest5 using PRIMARY over (3620066 <= id <= 3620166)  (cost=20.6 rows=101)


table 6 : explain SELECT id FROM sbtest6 WHERE id BETWEEN 3620066 AND 3620166
	-> Filter: (sbtest6.id between 3620066 and 3620166)  (cost=20.6 rows=101)
    -> Covering index range scan on sbtest6 using PRIMARY over (3620066 <= id <= 3620166)  (cost=20.6 rows=101)


table 7 : explain SELECT id FROM sbtest7 WHERE id BETWEEN 3620066 AND 3620166
	-> Filter: (sbtest7.id between 3620066 and 3620166)  (cost=20.6 rows=101)
    -> Covering index range scan on sbtest7 using PRIMARY over (3620066 <= id <= 3620166)  (cost=20.6 rows=101)


table 8 : explain SELECT id FROM sbtest8 WHERE id BETWEEN 3620066 AND 3620166
	-> Filter: (sbtest8.id between 3620066 and 3620166)  (cost=20.6 rows=101)
    -> Covering index range scan on sbtest8 using PRIMARY over (3620066 <= id <= 3620166)  (cost=20.6 rows=101)




for range-covered
table 1 : explain SELECT id FROM sbtest1 WHERE id BETWEEN 7020568 AND 7020668
	-> Filter: (sbtest1.id between 7020568 and 7020668)  (cost=20.6 rows=101)
    -> Covering index range scan on sbtest1 using PRIMARY over (7020568 <= id <= 7020668)  (cost=20.6 rows=101)


table 2 : explain SELECT id FROM sbtest2 WHERE id BETWEEN 7020568 AND 7020668
	-> Filter: (sbtest2.id between 7020568 and 7020668)  (cost=20.6 rows=101)
    -> Covering index range scan on sbtest2 using PRIMARY over (7020568 <= id <= 7020668)  (cost=20.6 rows=101)


table 3 : explain SELECT id FROM sbtest3 WHERE id BETWEEN 7020568 AND 7020668
	-> Filter: (sbtest3.id between 7020568 and 7020668)  (cost=20.6 rows=101)
    -> Covering index range scan on sbtest3 using PRIMARY over (7020568 <= id <= 7020668)  (cost=20.6 rows=101)


table 4 : explain SELECT id FROM sbtest4 WHERE id BETWEEN 7020568 AND 7020668
	-> Filter: (sbtest4.id between 7020568 and 7020668)  (cost=20.6 rows=101)
    -> Covering index range scan on sbtest4 using PRIMARY over (7020568 <= id <= 7020668)  (cost=20.6 rows=101)


table 5 : explain SELECT id FROM sbtest5 WHERE id BETWEEN 7020568 AND 7020668
	-> Filter: (sbtest5.id between 7020568 and 7020668)  (cost=20.6 rows=101)
    -> Covering index range scan on sbtest5 using PRIMARY over (7020568 <= id <= 7020668)  (cost=20.6 rows=101)


table 6 : explain SELECT id FROM sbtest6 WHERE id BETWEEN 7020568 AND 7020668
	-> Filter: (sbtest6.id between 7020568 and 7020668)  (cost=20.6 rows=101)
    -> Covering index range scan on sbtest6 using PRIMARY over (7020568 <= id <= 7020668)  (cost=20.6 rows=101)


table 7 : explain SELECT id FROM sbtest7 WHERE id BETWEEN 7020568 AND 7020668
	-> Filter: (sbtest7.id between 7020568 and 7020668)  (cost=20.6 rows=101)
    -> Covering index range scan on sbtest7 using PRIMARY over (7020568 <= id <= 7020668)  (cost=20.6 rows=101)


table 8 : explain SELECT id FROM sbtest8 WHERE id BETWEEN 7020568 AND 7020668
	-> Filter: (sbtest8.id between 7020568 and 7020668)  (cost=20.6 rows=101)
    -> Covering index range scan on sbtest8 using PRIMARY over (7020568 <= id <= 7020668)  (cost=20.6 rows=101)



explain: for range-covered :: explain SELECT id FROM sbtest%d WHERE id BETWEEN 4390786 AND 4390886
explain: for range-covered :: explain SELECT id FROM sbtest%d WHERE id BETWEEN 9219070 AND 9219170explain: for range-covered :: explain SELECT id FROM sbtest%d WHERE id BETWEEN 3620066 AND 3620166

for range-covered
table 1 : explain SELECT id FROM sbtest1 WHERE id BETWEEN 6708792 AND 6708892
	-> Filter: (sbtest1.id between 6708792 and 6708892)  (cost=20.6 rows=101)
    -> Covering index range scan on sbtest1 using PRIMARY over (6708792 <= id <= 6708892)  (cost=20.6 rows=101)


table 2 : explain SELECT id FROM sbtest2 WHERE id BETWEEN 6708792 AND 6708892
	-> Filter: (sbtest2.id between 6708792 and 6708892)  (cost=20.6 rows=101)
    -> Covering index range scan on sbtest2 using PRIMARY over (6708792 <= id <= 6708892)  (cost=20.6 rows=101)


table 3 : explain SELECT id FROM sbtest3 WHERE id BETWEEN 6708792 AND 6708892
	-> Filter: (sbtest3.id between 6708792 and 6708892)  (cost=20.6 rows=101)
    -> Covering index range scan on sbtest3 using PRIMARY over (6708792 <= id <= 6708892)  (cost=20.6 rows=101)


table 4 : explain SELECT id FROM sbtest4 WHERE id BETWEEN 6708792 AND 6708892
	-> Filter: (sbtest4.id between 6708792 and 6708892)  (cost=20.6 rows=101)
    -> Covering index range scan on sbtest4 using PRIMARY over (6708792 <= id <= 6708892)  (cost=20.6 rows=101)


table 5 : explain SELECT id FROM sbtest5 WHERE id BETWEEN 6708792 AND 6708892
	-> Filter: (sbtest5.id between 6708792 and 6708892)  (cost=20.6 rows=101)
    -> Covering index range scan on sbtest5 using PRIMARY over (6708792 <= id <= 6708892)  (cost=20.6 rows=101)


table 6 : explain SELECT id FROM sbtest6 WHERE id BETWEEN 6708792 AND 6708892
	-> Filter: (sbtest6.id between 6708792 and 6708892)  (cost=20.6 rows=101)
    -> Covering index range scan on sbtest6 using PRIMARY over (6708792 <= id <= 6708892)  (cost=20.6 rows=101)


table 7 : explain SELECT id FROM sbtest7 WHERE id BETWEEN 6708792 AND 6708892
	-> Filter: (sbtest7.id between 6708792 and 6708892)  (cost=20.6 rows=101)
    -> Covering index range scan on sbtest7 using PRIMARY over (6708792 <= id <= 6708892)  (cost=20.6 rows=101)


table 8 : explain SELECT id FROM sbtest8 WHERE id BETWEEN 6708792 AND 6708892
	-> Filter: (sbtest8.id between 6708792 and 6708892)  (cost=20.6 rows=101)
    -> Covering index range scan on sbtest8 using PRIMARY over (6708792 <= id <= 6708892)  (cost=20.6 rows=101)



explain: for range-covered :: explain SELECT id FROM sbtest%d WHERE id BETWEEN 3859825 AND 3859925
explain: for range-covered :: explain SELECT id FROM sbtest%d WHERE id BETWEEN 7020568 AND 7020668
for range-covered
table 1 : explain SELECT id FROM sbtest1 WHERE id BETWEEN 4991619 AND 4991719
	-> Filter: (sbtest1.id between 4991619 and 4991719)  (cost=20.6 rows=101)
    -> Covering index range scan on sbtest1 using PRIMARY over (4991619 <= id <= 4991719)  (cost=20.6 rows=101)


table 2 : explain SELECT id FROM sbtest2 WHERE id BETWEEN 4991619 AND 4991719
	-> Filter: (sbtest2.id between 4991619 and 4991719)  (cost=20.6 rows=101)
    -> Covering index range scan on sbtest2 using PRIMARY over (4991619 <= id <= 4991719)  (cost=20.6 rows=101)


table 3 : explain SELECT id FROM sbtest3 WHERE id BETWEEN 4991619 AND 4991719
	-> Filter: (sbtest3.id between 4991619 and 4991719)  (cost=20.6 rows=101)
    -> Covering index range scan on sbtest3 using PRIMARY over (4991619 <= id <= 4991719)  (cost=20.6 rows=101)


table 4 : explain SELECT id FROM sbtest4 WHERE id BETWEEN 4991619 AND 4991719
	-> Filter: (sbtest4.id between 4991619 and 4991719)  (cost=20.6 rows=101)
    -> Covering index range scan on sbtest4 using PRIMARY over (4991619 <= id <= 4991719)  (cost=20.6 rows=101)


table 5 : explain SELECT id FROM sbtest5 WHERE id BETWEEN 4991619 AND 4991719
	-> Filter: (sbtest5.id between 4991619 and 4991719)  (cost=20.6 rows=101)
    -> Covering index range scan on sbtest5 using PRIMARY over (4991619 <= id <= 4991719)  (cost=20.6 rows=101)


table 6 : explain SELECT id FROM sbtest6 WHERE id BETWEEN 4991619 AND 4991719
	-> Filter: (sbtest6.id between 4991619 and 4991719)  (cost=20.6 rows=101)
    -> Covering index range scan on sbtest6 using PRIMARY over (4991619 <= id <= 4991719)  (cost=20.6 rows=101)


table 7 : explain SELECT id FROM sbtest7 WHERE id BETWEEN 4991619 AND 4991719
	-> Filter: (sbtest7.id between 4991619 and 4991719)  (cost=20.6 rows=101)
    -> Covering index range scan on sbtest7 using PRIMARY over (4991619 <= id <= 4991719)  (cost=20.6 rows=101)


table 8 : explain SELECT id FROM sbtest8 WHERE id BETWEEN 4991619 AND 4991719
	-> Filter: (sbtest8.id between 4991619 and 4991719)  (cost=20.6 rows=101)
    -> Covering index range scan on sbtest8 using PRIMARY over (4991619 <= id <= 4991719)  (cost=20.6 rows=101)


for range-covered
table 1 : explain SELECT id FROM sbtest1 WHERE id BETWEEN 2322852 AND 2322952
	-> Filter: (sbtest1.id between 2322852 and 2322952)  (cost=20.6 rows=101)
    -> Covering index range scan on sbtest1 using PRIMARY over (2322852 <= id <= 2322952)  (cost=20.6 rows=101)


table 2 : explain SELECT id FROM sbtest2 WHERE id BETWEEN 2322852 AND 2322952
	-> Filter: (sbtest2.id between 2322852 and 2322952)  (cost=20.6 rows=101)
    -> Covering index range scan on sbtest2 using PRIMARY over (2322852 <= id <= 2322952)  (cost=20.6 rows=101)


table 3 : explain SELECT id FROM sbtest3 WHERE id BETWEEN 2322852 AND 2322952
	-> Filter: (sbtest3.id between 2322852 and 2322952)  (cost=20.6 rows=101)
    -> Covering index range scan on sbtest3 using PRIMARY over (2322852 <= id <= 2322952)  (cost=20.6 rows=101)


table 4 : explain SELECT id FROM sbtest4 WHERE id BETWEEN 2322852 AND 2322952
	-> Filter: (sbtest4.id between 2322852 and 2322952)  (cost=20.6 rows=101)
    -> Covering index range scan on sbtest4 using PRIMARY over (2322852 <= id <= 2322952)  (cost=20.6 rows=101)


table 5 : explain SELECT id FROM sbtest5 WHERE id BETWEEN 2322852 AND 2322952
	-> Filter: (sbtest5.id between 2322852 and 2322952)  (cost=20.6 rows=101)
    -> Covering index range scan on sbtest5 using PRIMARY over (2322852 <= id <= 2322952)  (cost=20.6 rows=101)


table 6 : explain SELECT id FROM sbtest6 WHERE id BETWEEN 2322852 AND 2322952
	-> Filter: (sbtest6.id between 2322852 and 2322952)  (cost=20.6 rows=101)
    -> Covering index range scan on sbtest6 using PRIMARY over (2322852 <= id <= 2322952)  (cost=20.6 rows=101)


table 7 : explain SELECT id FROM sbtest7 WHERE id BETWEEN 2322852 AND 2322952
	-> Filter: (sbtest7.id between 2322852 and 2322952)  (cost=20.6 rows=101)
    -> Covering index range scan on sbtest7 using PRIMARY over (2322852 <= id <= 2322952)  (cost=20.6 rows=101)


table 8 : explain SELECT id FROM sbtest8 WHERE id BETWEEN 2322852 AND 2322952
	-> Filter: (sbtest8.id between 2322852 and 2322952)  (cost=20.6 rows=101)
    -> Covering index range scan on sbtest8 using PRIMARY over (2322852 <= id <= 2322952)  (cost=20.6 rows=101)

for range-covered
table 1 : explain SELECT id FROM sbtest1 WHERE id BETWEEN 5440251 AND 5440351
	-> Filter: (sbtest1.id between 5440251 and 5440351)  (cost=20.6 rows=101)
    -> Covering index range scan on sbtest1 using PRIMARY over (5440251 <= id <= 5440351)  (cost=20.6 rows=101)


table 2 : explain SELECT id FROM sbtest2 WHERE id BETWEEN 5440251 AND 5440351
	-> Filter: (sbtest2.id between 5440251 and 5440351)  (cost=20.6 rows=101)
    -> Covering index range scan on sbtest2 using PRIMARY over (5440251 <= id <= 5440351)  (cost=20.6 rows=101)


table 3 : explain SELECT id FROM sbtest3 WHERE id BETWEEN 5440251 AND 5440351
	-> Filter: (sbtest3.id between 5440251 and 5440351)  (cost=20.6 rows=101)
    -> Covering index range scan on sbtest3 using PRIMARY over (5440251 <= id <= 5440351)  (cost=20.6 rows=101)


table 4 : explain SELECT id FROM sbtest4 WHERE id BETWEEN 5440251 AND 5440351
	-> Filter: (sbtest4.id between 5440251 and 5440351)  (cost=20.6 rows=101)
    -> Covering index range scan on sbtest4 using PRIMARY over (5440251 <= id <= 5440351)  (cost=20.6 rows=101)


table 5 : explain SELECT id FROM sbtest5 WHERE id BETWEEN 5440251 AND 5440351
	-> Filter: (sbtest5.id between 5440251 and 5440351)  (cost=20.6 rows=101)
    -> Covering index range scan on sbtest5 using PRIMARY over (5440251 <= id <= 5440351)  (cost=20.6 rows=101)


table 6 : explain SELECT id FROM sbtest6 WHERE id BETWEEN 5440251 AND 5440351
	-> Filter: (sbtest6.id between 5440251 and 5440351)  (cost=20.6 rows=101)
    -> Covering index range scan on sbtest6 using PRIMARY over (5440251 <= id <= 5440351)  (cost=20.6 rows=101)


table 7 : explain SELECT id FROM sbtest7 WHERE id BETWEEN 5440251 AND 5440351
	-> Filter: (sbtest7.id between 5440251 and 5440351)  (cost=20.6 rows=101)
    -> Covering index range scan on sbtest7 using PRIMARY over (5440251 <= id <= 5440351)  (cost=20.6 rows=101)


table 8 : explain SELECT id FROM sbtest8 WHERE id BETWEEN 5440251 AND 5440351
	-> Filter: (sbtest8.id between 5440251 and 5440351)  (cost=20.6 rows=101)
    -> Covering index range scan on sbtest8 using PRIMARY over (5440251 <= id <= 5440351)  (cost=20.6 rows=101)



explain: for range-covered :: explain SELECT id FROM sbtest%d WHERE id BETWEEN 6708792 AND 6708892
for range-covered
table 1 : explain SELECT id FROM sbtest1 WHERE id BETWEEN 6607652 AND 6607752
	-> Filter: (sbtest1.id between 6607652 and 6607752)  (cost=20.6 rows=101)
    -> Covering index range scan on sbtest1 using PRIMARY over (6607652 <= id <= 6607752)  (cost=20.6 rows=101)


table 2 : explain SELECT id FROM sbtest2 WHERE id BETWEEN 6607652 AND 6607752
	-> Filter: (sbtest2.id between 6607652 and 6607752)  (cost=20.6 rows=101)
    -> Covering index range scan on sbtest2 using PRIMARY over (6607652 <= id <= 6607752)  (cost=20.6 rows=101)


table 3 : explain SELECT id FROM sbtest3 WHERE id BETWEEN 6607652 AND 6607752
	-> Filter: (sbtest3.id between 6607652 and 6607752)  (cost=20.6 rows=101)
    -> Covering index range scan on sbtest3 using PRIMARY over (6607652 <= id <= 6607752)  (cost=20.6 rows=101)


table 4 : explain SELECT id FROM sbtest4 WHERE id BETWEEN 6607652 AND 6607752
	-> Filter: (sbtest4.id between 6607652 and 6607752)  (cost=20.6 rows=101)
    -> Covering index range scan on sbtest4 using PRIMARY over (6607652 <= id <= 6607752)  (cost=20.6 rows=101)


table 5 : explain SELECT id FROM sbtest5 WHERE id BETWEEN 6607652 AND 6607752
	-> Filter: (sbtest5.id between 6607652 and 6607752)  (cost=20.6 rows=101)
    -> Covering index range scan on sbtest5 using PRIMARY over (6607652 <= id <= 6607752)  (cost=20.6 rows=101)


table 6 : explain SELECT id FROM sbtest6 WHERE id BETWEEN 6607652 AND 6607752
	-> Filter: (sbtest6.id between 6607652 and 6607752)  (cost=20.6 rows=101)
    -> Covering index range scan on sbtest6 using PRIMARY over (6607652 <= id <= 6607752)  (cost=20.6 rows=101)


table 7 : explain SELECT id FROM sbtest7 WHERE id BETWEEN 6607652 AND 6607752
	-> Filter: (sbtest7.id between 6607652 and 6607752)  (cost=20.6 rows=101)
    -> Covering index range scan on sbtest7 using PRIMARY over (6607652 <= id <= 6607752)  (cost=20.6 rows=101)


table 8 : explain SELECT id FROM sbtest8 WHERE id BETWEEN 6607652 AND 6607752
	-> Filter: (sbtest8.id between 6607652 and 6607752)  (cost=20.6 rows=101)
    -> Covering index range scan on sbtest8 using PRIMARY over (6607652 <= id <= 6607752)  (cost=20.6 rows=101)


for range-covered
table 1 : explain SELECT id FROM sbtest1 WHERE id BETWEEN 3468232 AND 3468332
	-> Filter: (sbtest1.id between 3468232 and 3468332)  (cost=20.6 rows=101)
    -> Covering index range scan on sbtest1 using PRIMARY over (3468232 <= id <= 3468332)  (cost=20.6 rows=101)


table 2 : explain SELECT id FROM sbtest2 WHERE id BETWEEN 3468232 AND 3468332
	-> Filter: (sbtest2.id between 3468232 and 3468332)  (cost=20.6 rows=101)
    -> Covering index range scan on sbtest2 using PRIMARY over (3468232 <= id <= 3468332)  (cost=20.6 rows=101)


table 3 : explain SELECT id FROM sbtest3 WHERE id BETWEEN 3468232 AND 3468332
	-> Filter: (sbtest3.id between 3468232 and 3468332)  (cost=20.6 rows=101)
    -> Covering index range scan on sbtest3 using PRIMARY over (3468232 <= id <= 3468332)  (cost=20.6 rows=101)


table 4 : explain SELECT id FROM sbtest4 WHERE id BETWEEN 3468232 AND 3468332
	-> Filter: (sbtest4.id between 3468232 and 3468332)  (cost=20.6 rows=101)
    -> Covering index range scan on sbtest4 using PRIMARY over (3468232 <= id <= 3468332)  (cost=20.6 rows=101)


table 5 : explain SELECT id FROM sbtest5 WHERE id BETWEEN 3468232 AND 3468332
	-> Filter: (sbtest5.id between 3468232 and 3468332)  (cost=20.6 rows=101)
    -> Covering index range scan on sbtest5 using PRIMARY over (3468232 <= id <= 3468332)  (cost=20.6 rows=101)


table 6 : explain SELECT id FROM sbtest6 WHERE id BETWEEN 3468232 AND 3468332
	-> Filter: (sbtest6.id between 3468232 and 3468332)  (cost=20.6 rows=101)
    -> Covering index range scan on sbtest6 using PRIMARY over (3468232 <= id <= 3468332)  (cost=20.6 rows=101)


table 7 : explain SELECT id FROM sbtest7 WHERE id BETWEEN 3468232 AND 3468332
	-> Filter: (sbtest7.id between 3468232 and 3468332)  (cost=20.6 rows=101)
    -> Covering index range scan on sbtest7 using PRIMARY over (3468232 <= id <= 3468332)  (cost=20.6 rows=101)


table 8 : explain SELECT id FROM sbtest8 WHERE id BETWEEN 3468232 AND 3468332
	-> Filter: (sbtest8.id between 3468232 and 3468332)  (cost=20.6 rows=101)
    -> Covering index range scan on sbtest8 using PRIMARY over (3468232 <= id <= 3468332)  (cost=20.6 rows=101)


explain: for range-covered :: explain SELECT id FROM sbtest%d WHERE id BETWEEN 4991619 AND 4991719
for range-covered
table 1 : explain SELECT id FROM sbtest1 WHERE id BETWEEN 1999307 AND 1999407
	-> Filter: (sbtest1.id between 1999307 and 1999407)  (cost=20.6 rows=101)
    -> Covering index range scan on sbtest1 using PRIMARY over (1999307 <= id <= 1999407)  (cost=20.6 rows=101)


table 2 : explain SELECT id FROM sbtest2 WHERE id BETWEEN 1999307 AND 1999407
	-> Filter: (sbtest2.id between 1999307 and 1999407)  (cost=20.6 rows=101)
    -> Covering index range scan on sbtest2 using PRIMARY over (1999307 <= id <= 1999407)  (cost=20.6 rows=101)


table 3 : explain SELECT id FROM sbtest3 WHERE id BETWEEN 1999307 AND 1999407
	-> Filter: (sbtest3.id between 1999307 and 1999407)  (cost=20.6 rows=101)
    -> Covering index range scan on sbtest3 using PRIMARY over (1999307 <= id <= 1999407)  (cost=20.6 rows=101)


table 4 : explain SELECT id FROM sbtest4 WHERE id BETWEEN 1999307 AND 1999407
	-> Filter: (sbtest4.id between 1999307 and 1999407)  (cost=20.6 rows=101)
    -> Covering index range scan on sbtest4 using PRIMARY over (1999307 <= id <= 1999407)  (cost=20.6 rows=101)


table 5 : explain SELECT id FROM sbtest5 WHERE id BETWEEN 1999307 AND 1999407
	-> Filter: (sbtest5.id between 1999307 and 1999407)  (cost=20.6 rows=101)
    -> Covering index range scan on sbtest5 using PRIMARY over (1999307 <= id <= 1999407)  (cost=20.6 rows=101)


table 6 : explain SELECT id FROM sbtest6 WHERE id BETWEEN 1999307 AND 1999407
	-> Filter: (sbtest6.id between 1999307 and 1999407)  (cost=20.6 rows=101)
    -> Covering index range scan on sbtest6 using PRIMARY over (1999307 <= id <= 1999407)  (cost=20.6 rows=101)


table 7 : explain SELECT id FROM sbtest7 WHERE id BETWEEN 1999307 AND 1999407
	-> Filter: (sbtest7.id between 1999307 and 1999407)  (cost=20.6 rows=101)
    -> Covering index range scan on sbtest7 using PRIMARY over (1999307 <= id <= 1999407)  (cost=20.6 rows=101)


table 8 : explain SELECT id FROM sbtest8 WHERE id BETWEEN 1999307 AND 1999407
	-> Filter: (sbtest8.id between 1999307 and 1999407)  (cost=20.6 rows=101)
    -> Covering index range scan on sbtest8 using PRIMARY over (1999307 <= id <= 1999407)  (cost=20.6 rows=101)

explain: for range-covered :: explain SELECT id FROM sbtest%d WHERE id BETWEEN 2322852 AND 2322952for range-covered
table 1 : explain SELECT id FROM sbtest1 WHERE id BETWEEN 5687401 AND 5687501
	-> Filter: (sbtest1.id between 5687401 and 5687501)  (cost=20.6 rows=101)
    -> Covering index range scan on sbtest1 using PRIMARY over (5687401 <= id <= 5687501)  (cost=20.6 rows=101)


table 2 : explain SELECT id FROM sbtest2 WHERE id BETWEEN 5687401 AND 5687501
	-> Filter: (sbtest2.id between 5687401 and 5687501)  (cost=20.6 rows=101)
    -> Covering index range scan on sbtest2 using PRIMARY over (5687401 <= id <= 5687501)  (cost=20.6 rows=101)


table 3 : explain SELECT id FROM sbtest3 WHERE id BETWEEN 5687401 AND 5687501
	-> Filter: (sbtest3.id between 5687401 and 5687501)  (cost=20.6 rows=101)
    -> Covering index range scan on sbtest3 using PRIMARY over (5687401 <= id <= 5687501)  (cost=20.6 rows=101)


table 4 : explain SELECT id FROM sbtest4 WHERE id BETWEEN 5687401 AND 5687501
	-> Filter: (sbtest4.id between 5687401 and 5687501)  (cost=20.6 rows=101)
    -> Covering index range scan on sbtest4 using PRIMARY over (5687401 <= id <= 5687501)  (cost=20.6 rows=101)


table 5 : explain SELECT id FROM sbtest5 WHERE id BETWEEN 5687401 AND 5687501
	-> Filter: (sbtest5.id between 5687401 and 5687501)  (cost=20.6 rows=101)
    -> Covering index range scan on sbtest5 using PRIMARY over (5687401 <= id <= 5687501)  (cost=20.6 rows=101)


table 6 : explain SELECT id FROM sbtest6 WHERE id BETWEEN 5687401 AND 5687501
	-> Filter: (sbtest6.id between 5687401 and 5687501)  (cost=20.6 rows=101)
    -> Covering index range scan on sbtest6 using PRIMARY over (5687401 <= id <= 5687501)  (cost=20.6 rows=101)


table 7 : explain SELECT id FROM sbtest7 WHERE id BETWEEN 5687401 AND 5687501
	-> Filter: (sbtest7.id between 5687401 and 5687501)  (cost=20.6 rows=101)
    -> Covering index range scan on sbtest7 using PRIMARY over (5687401 <= id <= 5687501)  (cost=20.6 rows=101)


table 8 : explain SELECT id FROM sbtest8 WHERE id BETWEEN 5687401 AND 5687501
	-> Filter: (sbtest8.id between 5687401 and 5687501)  (cost=20.6 rows=101)
    -> Covering index range scan on sbtest8 using PRIMARY over (5687401 <= id <= 5687501)  (cost=20.6 rows=101)


explain: for range-covered :: explain SELECT id FROM sbtest%d WHERE id BETWEEN 6607652 AND 6607752for range-covered
table 1 : explain SELECT id FROM sbtest1 WHERE id BETWEEN 7699932 AND 7700032
	-> Filter: (sbtest1.id between 7699932 and 7700032)  (cost=20.6 rows=101)
    -> Covering index range scan on sbtest1 using PRIMARY over (7699932 <= id <= 7700032)  (cost=20.6 rows=101)


table 2 : explain SELECT id FROM sbtest2 WHERE id BETWEEN 7699932 AND 7700032
	-> Filter: (sbtest2.id between 7699932 and 7700032)  (cost=20.6 rows=101)
    -> Covering index range scan on sbtest2 using PRIMARY over (7699932 <= id <= 7700032)  (cost=20.6 rows=101)


table 3 : explain SELECT id FROM sbtest3 WHERE id BETWEEN 7699932 AND 7700032
	-> Filter: (sbtest3.id between 7699932 and 7700032)  (cost=20.6 rows=101)
    -> Covering index range scan on sbtest3 using PRIMARY over (7699932 <= id <= 7700032)  (cost=20.6 rows=101)


table 4 : explain SELECT id FROM sbtest4 WHERE id BETWEEN 7699932 AND 7700032
	-> Filter: (sbtest4.id between 7699932 and 7700032)  (cost=20.6 rows=101)
    -> Covering index range scan on sbtest4 using PRIMARY over (7699932 <= id <= 7700032)  (cost=20.6 rows=101)


table 5 : explain SELECT id FROM sbtest5 WHERE id BETWEEN 7699932 AND 7700032
	-> Filter: (sbtest5.id between 7699932 and 7700032)  (cost=20.6 rows=101)
    -> Covering index range scan on sbtest5 using PRIMARY over (7699932 <= id <= 7700032)  (cost=20.6 rows=101)


table 6 : explain SELECT id FROM sbtest6 WHERE id BETWEEN 7699932 AND 7700032
	-> Filter: (sbtest6.id between 7699932 and 7700032)  (cost=20.6 rows=101)
    -> Covering index range scan on sbtest6 using PRIMARY over (7699932 <= id <= 7700032)  (cost=20.6 rows=101)


table 7 : explain SELECT id FROM sbtest7 WHERE id BETWEEN 7699932 AND 7700032
	-> Filter: (sbtest7.id between 7699932 and 7700032)  (cost=20.6 rows=101)
    -> Covering index range scan on sbtest7 using PRIMARY over (7699932 <= id <= 7700032)  (cost=20.6 rows=101)


table 8 : explain SELECT id FROM sbtest8 WHERE id BETWEEN 7699932 AND 7700032
	-> Filter: (sbtest8.id between 7699932 and 7700032)  (cost=20.6 rows=101)
    -> Covering index range scan on sbtest8 using PRIMARY over (7699932 <= id <= 7700032)  (cost=20.6 rows=101)

explain: for range-covered :: explain SELECT id FROM sbtest%d WHERE id BETWEEN 2845774 AND 2845874explain: for range-covered :: explain SELECT id FROM sbtest%d WHERE id BETWEEN 3468232 AND 3468332
for range-covered
table 1 : explain SELECT id FROM sbtest1 WHERE id BETWEEN 4333531 AND 4333631
	-> Filter: (sbtest1.id between 4333531 and 4333631)  (cost=20.6 rows=101)
    -> Covering index range scan on sbtest1 using PRIMARY over (4333531 <= id <= 4333631)  (cost=20.6 rows=101)


table 2 : explain SELECT id FROM sbtest2 WHERE id BETWEEN 4333531 AND 4333631
	-> Filter: (sbtest2.id between 4333531 and 4333631)  (cost=20.6 rows=101)
    -> Covering index range scan on sbtest2 using PRIMARY over (4333531 <= id <= 4333631)  (cost=20.6 rows=101)


table 3 : explain SELECT id FROM sbtest3 WHERE id BETWEEN 4333531 AND 4333631
	-> Filter: (sbtest3.id between 4333531 and 4333631)  (cost=20.6 rows=101)
    -> Covering index range scan on sbtest3 using PRIMARY over (4333531 <= id <= 4333631)  (cost=20.6 rows=101)


table 4 : explain SELECT id FROM sbtest4 WHERE id BETWEEN 4333531 AND 4333631
	-> Filter: (sbtest4.id between 4333531 and 4333631)  (cost=20.6 rows=101)
    -> Covering index range scan on sbtest4 using PRIMARY over (4333531 <= id <= 4333631)  (cost=20.6 rows=101)


table 5 : explain SELECT id FROM sbtest5 WHERE id BETWEEN 4333531 AND 4333631
	-> Filter: (sbtest5.id between 4333531 and 4333631)  (cost=20.6 rows=101)
    -> Covering index range scan on sbtest5 using PRIMARY over (4333531 <= id <= 4333631)  (cost=20.6 rows=101)


table 6 : explain SELECT id FROM sbtest6 WHERE id BETWEEN 4333531 AND 4333631
	-> Filter: (sbtest6.id between 4333531 and 4333631)  (cost=20.6 rows=101)
    -> Covering index range scan on sbtest6 using PRIMARY over (4333531 <= id <= 4333631)  (cost=20.6 rows=101)


table 7 : explain SELECT id FROM sbtest7 WHERE id BETWEEN 4333531 AND 4333631
	-> Filter: (sbtest7.id between 4333531 and 4333631)  (cost=20.6 rows=101)
    -> Covering index range scan on sbtest7 using PRIMARY over (4333531 <= id <= 4333631)  (cost=20.6 rows=101)


table 8 : explain SELECT id FROM sbtest8 WHERE id BETWEEN 4333531 AND 4333631
	-> Filter: (sbtest8.id between 4333531 and 4333631)  (cost=20.6 rows=101)
    -> Covering index range scan on sbtest8 using PRIMARY over (4333531 <= id <= 4333631)  (cost=20.6 rows=101)



explain: for range-covered :: explain SELECT id FROM sbtest%d WHERE id BETWEEN 5440251 AND 5440351



explain: for range-covered :: explain SELECT id FROM sbtest%d WHERE id BETWEEN 4333531 AND 4333631

for range-covered
table 1 : explain SELECT id FROM sbtest1 WHERE id BETWEEN 8126829 AND 8126929
	-> Filter: (sbtest1.id between 8126829 and 8126929)  (cost=20.6 rows=101)
    -> Covering index range scan on sbtest1 using PRIMARY over (8126829 <= id <= 8126929)  (cost=20.6 rows=101)


table 2 : explain SELECT id FROM sbtest2 WHERE id BETWEEN 8126829 AND 8126929
	-> Filter: (sbtest2.id between 8126829 and 8126929)  (cost=20.6 rows=101)
    -> Covering index range scan on sbtest2 using PRIMARY over (8126829 <= id <= 8126929)  (cost=20.6 rows=101)


table 3 : explain SELECT id FROM sbtest3 WHERE id BETWEEN 8126829 AND 8126929
	-> Filter: (sbtest3.id between 8126829 and 8126929)  (cost=20.6 rows=101)
    -> Covering index range scan on sbtest3 using PRIMARY over (8126829 <= id <= 8126929)  (cost=20.6 rows=101)


table 4 : explain SELECT id FROM sbtest4 WHERE id BETWEEN 8126829 AND 8126929
	-> Filter: (sbtest4.id between 8126829 and 8126929)  (cost=20.6 rows=101)
    -> Covering index range scan on sbtest4 using PRIMARY over (8126829 <= id <= 8126929)  (cost=20.6 rows=101)


table 5 : explain SELECT id FROM sbtest5 WHERE id BETWEEN 8126829 AND 8126929
	-> Filter: (sbtest5.id between 8126829 and 8126929)  (cost=20.6 rows=101)
    -> Covering index range scan on sbtest5 using PRIMARY over (8126829 <= id <= 8126929)  (cost=20.6 rows=101)


table 6 : explain SELECT id FROM sbtest6 WHERE id BETWEEN 8126829 AND 8126929
	-> Filter: (sbtest6.id between 8126829 and 8126929)  (cost=20.6 rows=101)
    -> Covering index range scan on sbtest6 using PRIMARY over (8126829 <= id <= 8126929)  (cost=20.6 rows=101)


table 7 : explain SELECT id FROM sbtest7 WHERE id BETWEEN 8126829 AND 8126929
	-> Filter: (sbtest7.id between 8126829 and 8126929)  (cost=20.6 rows=101)
    -> Covering index range scan on sbtest7 using PRIMARY over (8126829 <= id <= 8126929)  (cost=20.6 rows=101)


table 8 : explain SELECT id FROM sbtest8 WHERE id BETWEEN 8126829 AND 8126929
	-> Filter: (sbtest8.id between 8126829 and 8126929)  (cost=20.6 rows=101)
    -> Covering index range scan on sbtest8 using PRIMARY over (8126829 <= id <= 8126929)  (cost=20.6 rows=101)


for range-covered
table 1 : explain SELECT id FROM sbtest1 WHERE id BETWEEN 3869178 AND 3869278
	-> Filter: (sbtest1.id between 3869178 and 3869278)  (cost=20.6 rows=101)
    -> Covering index range scan on sbtest1 using PRIMARY over (3869178 <= id <= 3869278)  (cost=20.6 rows=101)


table 2 : explain SELECT id FROM sbtest2 WHERE id BETWEEN 3869178 AND 3869278
	-> Filter: (sbtest2.id between 3869178 and 3869278)  (cost=20.6 rows=101)
    -> Covering index range scan on sbtest2 using PRIMARY over (3869178 <= id <= 3869278)  (cost=20.6 rows=101)


table 3 : explain SELECT id FROM sbtest3 WHERE id BETWEEN 3869178 AND 3869278
	-> Filter: (sbtest3.id between 3869178 and 3869278)  (cost=20.6 rows=101)
    -> Covering index range scan on sbtest3 using PRIMARY over (3869178 <= id <= 3869278)  (cost=20.6 rows=101)


table 4 : explain SELECT id FROM sbtest4 WHERE id BETWEEN 3869178 AND 3869278
	-> Filter: (sbtest4.id between 3869178 and 3869278)  (cost=20.6 rows=101)
    -> Covering index range scan on sbtest4 using PRIMARY over (3869178 <= id <= 3869278)  (cost=20.6 rows=101)


table 5 : explain SELECT id FROM sbtest5 WHERE id BETWEEN 3869178 AND 3869278
	-> Filter: (sbtest5.id between 3869178 and 3869278)  (cost=20.6 rows=101)
    -> Covering index range scan on sbtest5 using PRIMARY over (3869178 <= id <= 3869278)  (cost=20.6 rows=101)


table 6 : explain SELECT id FROM sbtest6 WHERE id BETWEEN 3869178 AND 3869278
	-> Filter: (sbtest6.id between 3869178 and 3869278)  (cost=20.6 rows=101)
    -> Covering index range scan on sbtest6 using PRIMARY over (3869178 <= id <= 3869278)  (cost=20.6 rows=101)


table 7 : explain SELECT id FROM sbtest7 WHERE id BETWEEN 3869178 AND 3869278
	-> Filter: (sbtest7.id between 3869178 and 3869278)  (cost=20.6 rows=101)
    -> Covering index range scan on sbtest7 using PRIMARY over (3869178 <= id <= 3869278)  (cost=20.6 rows=101)


table 8 : explain SELECT id FROM sbtest8 WHERE id BETWEEN 3869178 AND 3869278
	-> Filter: (sbtest8.id between 3869178 and 3869278)  (cost=20.6 rows=101)
    -> Covering index range scan on sbtest8 using PRIMARY over (3869178 <= id <= 3869278)  (cost=20.6 rows=101)


for range-covered
table 1 : explain SELECT id FROM sbtest1 WHERE id BETWEEN 5590836 AND 5590936
	-> Filter: (sbtest1.id between 5590836 and 5590936)  (cost=20.6 rows=101)
    -> Covering index range scan on sbtest1 using PRIMARY over (5590836 <= id <= 5590936)  (cost=20.6 rows=101)


table 2 : explain SELECT id FROM sbtest2 WHERE id BETWEEN 5590836 AND 5590936
	-> Filter: (sbtest2.id between 5590836 and 5590936)  (cost=20.6 rows=101)
    -> Covering index range scan on sbtest2 using PRIMARY over (5590836 <= id <= 5590936)  (cost=20.6 rows=101)


table 3 : explain SELECT id FROM sbtest3 WHERE id BETWEEN 5590836 AND 5590936
	-> Filter: (sbtest3.id between 5590836 and 5590936)  (cost=20.6 rows=101)
    -> Covering index range scan on sbtest3 using PRIMARY over (5590836 <= id <= 5590936)  (cost=20.6 rows=101)


table 4 : explain SELECT id FROM sbtest4 WHERE id BETWEEN 5590836 AND 5590936
	-> Filter: (sbtest4.id between 5590836 and 5590936)  (cost=20.6 rows=101)
    -> Covering index range scan on sbtest4 using PRIMARY over (5590836 <= id <= 5590936)  (cost=20.6 rows=101)


table 5 : explain SELECT id FROM sbtest5 WHERE id BETWEEN 5590836 AND 5590936
	-> Filter: (sbtest5.id between 5590836 and 5590936)  (cost=20.6 rows=101)
    -> Covering index range scan on sbtest5 using PRIMARY over (5590836 <= id <= 5590936)  (cost=20.6 rows=101)


table 6 : explain SELECT id FROM sbtest6 WHERE id BETWEEN 5590836 AND 5590936
	-> Filter: (sbtest6.id between 5590836 and 5590936)  (cost=20.6 rows=101)
    -> Covering index range scan on sbtest6 using PRIMARY over (5590836 <= id <= 5590936)  (cost=20.6 rows=101)


table 7 : explain SELECT id FROM sbtest7 WHERE id BETWEEN 5590836 AND 5590936
	-> Filter: (sbtest7.id between 5590836 and 5590936)  (cost=20.6 rows=101)
    -> Covering index range scan on sbtest7 using PRIMARY over (5590836 <= id <= 5590936)  (cost=20.6 rows=101)


table 8 : explain SELECT id FROM sbtest8 WHERE id BETWEEN 5590836 AND 5590936
	-> Filter: (sbtest8.id between 5590836 and 5590936)  (cost=20.6 rows=101)
    -> Covering index range scan on sbtest8 using PRIMARY over (5590836 <= id <= 5590936)  (cost=20.6 rows=101)


for range-covered
table 1 : explain SELECT id FROM sbtest1 WHERE id BETWEEN 4472526 AND 4472626
	-> Filter: (sbtest1.id between 4472526 and 4472626)  (cost=20.6 rows=101)
    -> Covering index range scan on sbtest1 using PRIMARY over (4472526 <= id <= 4472626)  (cost=20.6 rows=101)


table 2 : explain SELECT id FROM sbtest2 WHERE id BETWEEN 4472526 AND 4472626
	-> Filter: (sbtest2.id between 4472526 and 4472626)  (cost=20.6 rows=101)
    -> Covering index range scan on sbtest2 using PRIMARY over (4472526 <= id <= 4472626)  (cost=20.6 rows=101)


table 3 : explain SELECT id FROM sbtest3 WHERE id BETWEEN 4472526 AND 4472626
	-> Filter: (sbtest3.id between 4472526 and 4472626)  (cost=20.6 rows=101)
    -> Covering index range scan on sbtest3 using PRIMARY over (4472526 <= id <= 4472626)  (cost=20.6 rows=101)


table 4 : explain SELECT id FROM sbtest4 WHERE id BETWEEN 4472526 AND 4472626
	-> Filter: (sbtest4.id between 4472526 and 4472626)  (cost=20.6 rows=101)
    -> Covering index range scan on sbtest4 using PRIMARY over (4472526 <= id <= 4472626)  (cost=20.6 rows=101)


table 5 : explain SELECT id FROM sbtest5 WHERE id BETWEEN 4472526 AND 4472626
	-> Filter: (sbtest5.id between 4472526 and 4472626)  (cost=20.6 rows=101)
    -> Covering index range scan on sbtest5 using PRIMARY over (4472526 <= id <= 4472626)  (cost=20.6 rows=101)


table 6 : explain SELECT id FROM sbtest6 WHERE id BETWEEN 4472526 AND 4472626
	-> Filter: (sbtest6.id between 4472526 and 4472626)  (cost=20.6 rows=101)
    -> Covering index range scan on sbtest6 using PRIMARY over (4472526 <= id <= 4472626)  (cost=20.6 rows=101)


table 7 : explain SELECT id FROM sbtest7 WHERE id BETWEEN 4472526 AND 4472626
	-> Filter: (sbtest7.id between 4472526 and 4472626)  (cost=20.6 rows=101)
    -> Covering index range scan on sbtest7 using PRIMARY over (4472526 <= id <= 4472626)  (cost=20.6 rows=101)


table 8 : explain SELECT id FROM sbtest8 WHERE id BETWEEN 4472526 AND 4472626
	-> Filter: (sbtest8.id between 4472526 and 4472626)  (cost=20.6 rows=101)
    -> Covering index range scan on sbtest8 using PRIMARY over (4472526 <= id <= 4472626)  (cost=20.6 rows=101)


for range-covered
table 1 : explain SELECT id FROM sbtest1 WHERE id BETWEEN 3864310 AND 3864410
	-> Filter: (sbtest1.id between 3864310 and 3864410)  (cost=20.6 rows=101)
    -> Covering index range scan on sbtest1 using PRIMARY over (3864310 <= id <= 3864410)  (cost=20.6 rows=101)


table 2 : explain SELECT id FROM sbtest2 WHERE id BETWEEN 3864310 AND 3864410
	-> Filter: (sbtest2.id between 3864310 and 3864410)  (cost=20.6 rows=101)
    -> Covering index range scan on sbtest2 using PRIMARY over (3864310 <= id <= 3864410)  (cost=20.6 rows=101)


table 3 : explain SELECT id FROM sbtest3 WHERE id BETWEEN 3864310 AND 3864410
	-> Filter: (sbtest3.id between 3864310 and 3864410)  (cost=20.6 rows=101)
    -> Covering index range scan on sbtest3 using PRIMARY over (3864310 <= id <= 3864410)  (cost=20.6 rows=101)


table 4 : explain SELECT id FROM sbtest4 WHERE id BETWEEN 3864310 AND 3864410
	-> Filter: (sbtest4.id between 3864310 and 3864410)  (cost=20.6 rows=101)
    -> Covering index range scan on sbtest4 using PRIMARY over (3864310 <= id <= 3864410)  (cost=20.6 rows=101)


table 5 : explain SELECT id FROM sbtest5 WHERE id BETWEEN 3864310 AND 3864410
	-> Filter: (sbtest5.id between 3864310 and 3864410)  (cost=20.6 rows=101)
    -> Covering index range scan on sbtest5 using PRIMARY over (3864310 <= id <= 3864410)  (cost=20.6 rows=101)


table 6 : explain SELECT id FROM sbtest6 WHERE id BETWEEN 3864310 AND 3864410
	-> Filter: (sbtest6.id between 3864310 and 3864410)  (cost=20.6 rows=101)
    -> Covering index range scan on sbtest6 using PRIMARY over (3864310 <= id <= 3864410)  (cost=20.6 rows=101)


table 7 : explain SELECT id FROM sbtest7 WHERE id BETWEEN 3864310 AND 3864410
	-> Filter: (sbtest7.id between 3864310 and 3864410)  (cost=20.6 rows=101)
    -> Covering index range scan on sbtest7 using PRIMARY over (3864310 <= id <= 3864410)  (cost=20.6 rows=101)


table 8 : explain SELECT id FROM sbtest8 WHERE id BETWEEN 3864310 AND 3864410
	-> Filter: (sbtest8.id between 3864310 and 3864410)  (cost=20.6 rows=101)
    -> Covering index range scan on sbtest8 using PRIMARY over (3864310 <= id <= 3864410)  (cost=20.6 rows=101)


explain: for range-covered :: explain SELECT id FROM sbtest%d WHERE id BETWEEN 5687401 AND 5687501explain: for range-covered :: explain SELECT id FROM sbtest%d WHERE id BETWEEN 3869178 AND 3869278
for range-covered
table 1 : explain SELECT id FROM sbtest1 WHERE id BETWEEN 7126950 AND 7127050
	-> Filter: (sbtest1.id between 7126950 and 7127050)  (cost=20.6 rows=101)
    -> Covering index range scan on sbtest1 using PRIMARY over (7126950 <= id <= 7127050)  (cost=20.6 rows=101)


table 2 : explain SELECT id FROM sbtest2 WHERE id BETWEEN 7126950 AND 7127050
	-> Filter: (sbtest2.id between 7126950 and 7127050)  (cost=20.6 rows=101)
    -> Covering index range scan on sbtest2 using PRIMARY over (7126950 <= id <= 7127050)  (cost=20.6 rows=101)


table 3 : explain SELECT id FROM sbtest3 WHERE id BETWEEN 7126950 AND 7127050
	-> Filter: (sbtest3.id between 7126950 and 7127050)  (cost=20.6 rows=101)
    -> Covering index range scan on sbtest3 using PRIMARY over (7126950 <= id <= 7127050)  (cost=20.6 rows=101)


table 4 : explain SELECT id FROM sbtest4 WHERE id BETWEEN 7126950 AND 7127050
	-> Filter: (sbtest4.id between 7126950 and 7127050)  (cost=20.6 rows=101)
    -> Covering index range scan on sbtest4 using PRIMARY over (7126950 <= id <= 7127050)  (cost=20.6 rows=101)


table 5 : explain SELECT id FROM sbtest5 WHERE id BETWEEN 7126950 AND 7127050
	-> Filter: (sbtest5.id between 7126950 and 7127050)  (cost=20.6 rows=101)
    -> Covering index range scan on sbtest5 using PRIMARY over (7126950 <= id <= 7127050)  (cost=20.6 rows=101)


table 6 : explain SELECT id FROM sbtest6 WHERE id BETWEEN 7126950 AND 7127050
	-> Filter: (sbtest6.id between 7126950 and 7127050)  (cost=20.6 rows=101)
    -> Covering index range scan on sbtest6 using PRIMARY over (7126950 <= id <= 7127050)  (cost=20.6 rows=101)


table 7 : explain SELECT id FROM sbtest7 WHERE id BETWEEN 7126950 AND 7127050
	-> Filter: (sbtest7.id between 7126950 and 7127050)  (cost=20.6 rows=101)
    -> Covering index range scan on sbtest7 using PRIMARY over (7126950 <= id <= 7127050)  (cost=20.6 rows=101)


table 8 : explain SELECT id FROM sbtest8 WHERE id BETWEEN 7126950 AND 7127050
	-> Filter: (sbtest8.id between 7126950 and 7127050)  (cost=20.6 rows=101)
    -> Covering index range scan on sbtest8 using PRIMARY over (7126950 <= id <= 7127050)  (cost=20.6 rows=101)


for range-covered
table 1 : explain SELECT id FROM sbtest1 WHERE id BETWEEN 5021943 AND 5022043
	-> Filter: (sbtest1.id between 5021943 and 5022043)  (cost=20.6 rows=101)
    -> Covering index range scan on sbtest1 using PRIMARY over (5021943 <= id <= 5022043)  (cost=20.6 rows=101)


table 2 : explain SELECT id FROM sbtest2 WHERE id BETWEEN 5021943 AND 5022043
	-> Filter: (sbtest2.id between 5021943 and 5022043)  (cost=20.6 rows=101)
    -> Covering index range scan on sbtest2 using PRIMARY over (5021943 <= id <= 5022043)  (cost=20.6 rows=101)


table 3 : explain SELECT id FROM sbtest3 WHERE id BETWEEN 5021943 AND 5022043
	-> Filter: (sbtest3.id between 5021943 and 5022043)  (cost=20.6 rows=101)
    -> Covering index range scan on sbtest3 using PRIMARY over (5021943 <= id <= 5022043)  (cost=20.6 rows=101)


table 4 : explain SELECT id FROM sbtest4 WHERE id BETWEEN 5021943 AND 5022043
	-> Filter: (sbtest4.id between 5021943 and 5022043)  (cost=20.6 rows=101)
    -> Covering index range scan on sbtest4 using PRIMARY over (5021943 <= id <= 5022043)  (cost=20.6 rows=101)


table 5 : explain SELECT id FROM sbtest5 WHERE id BETWEEN 5021943 AND 5022043
	-> Filter: (sbtest5.id between 5021943 and 5022043)  (cost=20.6 rows=101)
    -> Covering index range scan on sbtest5 using PRIMARY over (5021943 <= id <= 5022043)  (cost=20.6 rows=101)


table 6 : explain SELECT id FROM sbtest6 WHERE id BETWEEN 5021943 AND 5022043
	-> Filter: (sbtest6.id between 5021943 and 5022043)  (cost=20.6 rows=101)
    -> Covering index range scan on sbtest6 using PRIMARY over (5021943 <= id <= 5022043)  (cost=20.6 rows=101)


table 7 : explain SELECT id FROM sbtest7 WHERE id BETWEEN 5021943 AND 5022043
	-> Filter: (sbtest7.id between 5021943 and 5022043)  (cost=20.6 rows=101)
    -> Covering index range scan on sbtest7 using PRIMARY over (5021943 <= id <= 5022043)  (cost=20.6 rows=101)


table 8 : explain SELECT id FROM sbtest8 WHERE id BETWEEN 5021943 AND 5022043
	-> Filter: (sbtest8.id between 5021943 and 5022043)  (cost=20.6 rows=101)
    -> Covering index range scan on sbtest8 using PRIMARY over (5021943 <= id <= 5022043)  (cost=20.6 rows=101)


explain: for range-covered :: explain SELECT id FROM sbtest%d WHERE id BETWEEN 7699932 AND 7700032for range-covered
table 1 : explain SELECT id FROM sbtest1 WHERE id BETWEEN 1893473 AND 1893573
	-> Filter: (sbtest1.id between 1893473 and 1893573)  (cost=20.6 rows=101)
    -> Covering index range scan on sbtest1 using PRIMARY over (1893473 <= id <= 1893573)  (cost=20.6 rows=101)


table 2 : explain SELECT id FROM sbtest2 WHERE id BETWEEN 1893473 AND 1893573
	-> Filter: (sbtest2.id between 1893473 and 1893573)  (cost=20.6 rows=101)
    -> Covering index range scan on sbtest2 using PRIMARY over (1893473 <= id <= 1893573)  (cost=20.6 rows=101)


table 3 : explain SELECT id FROM sbtest3 WHERE id BETWEEN 1893473 AND 1893573
	-> Filter: (sbtest3.id between 1893473 and 1893573)  (cost=20.6 rows=101)
    -> Covering index range scan on sbtest3 using PRIMARY over (1893473 <= id <= 1893573)  (cost=20.6 rows=101)


table 4 : explain SELECT id FROM sbtest4 WHERE id BETWEEN 1893473 AND 1893573
	-> Filter: (sbtest4.id between 1893473 and 1893573)  (cost=20.6 rows=101)
    -> Covering index range scan on sbtest4 using PRIMARY over (1893473 <= id <= 1893573)  (cost=20.6 rows=101)


table 5 : explain SELECT id FROM sbtest5 WHERE id BETWEEN 1893473 AND 1893573
	-> Filter: (sbtest5.id between 1893473 and 1893573)  (cost=20.6 rows=101)
    -> Covering index range scan on sbtest5 using PRIMARY over (1893473 <= id <= 1893573)  (cost=20.6 rows=101)


table 6 : explain SELECT id FROM sbtest6 WHERE id BETWEEN 1893473 AND 1893573
	-> Filter: (sbtest6.id between 1893473 and 1893573)  (cost=20.6 rows=101)
    -> Covering index range scan on sbtest6 using PRIMARY over (1893473 <= id <= 1893573)  (cost=20.6 rows=101)


table 7 : explain SELECT id FROM sbtest7 WHERE id BETWEEN 1893473 AND 1893573
	-> Filter: (sbtest7.id between 1893473 and 1893573)  (cost=20.6 rows=101)
    -> Covering index range scan on sbtest7 using PRIMARY over (1893473 <= id <= 1893573)  (cost=20.6 rows=101)


table 8 : explain SELECT id FROM sbtest8 WHERE id BETWEEN 1893473 AND 1893573
	-> Filter: (sbtest8.id between 1893473 and 1893573)  (cost=20.6 rows=101)
    -> Covering index range scan on sbtest8 using PRIMARY over (1893473 <= id <= 1893573)  (cost=20.6 rows=101)

for range-covered
table 1 : explain SELECT id FROM sbtest1 WHERE id BETWEEN 8026450 AND 8026550
	-> Filter: (sbtest1.id between 8026450 and 8026550)  (cost=20.6 rows=101)
    -> Covering index range scan on sbtest1 using PRIMARY over (8026450 <= id <= 8026550)  (cost=20.6 rows=101)


table 2 : explain SELECT id FROM sbtest2 WHERE id BETWEEN 8026450 AND 8026550
	-> Filter: (sbtest2.id between 8026450 and 8026550)  (cost=20.6 rows=101)
    -> Covering index range scan on sbtest2 using PRIMARY over (8026450 <= id <= 8026550)  (cost=20.6 rows=101)


table 3 : explain SELECT id FROM sbtest3 WHERE id BETWEEN 8026450 AND 8026550
	-> Filter: (sbtest3.id between 8026450 and 8026550)  (cost=20.6 rows=101)
    -> Covering index range scan on sbtest3 using PRIMARY over (8026450 <= id <= 8026550)  (cost=20.6 rows=101)


table 4 : explain SELECT id FROM sbtest4 WHERE id BETWEEN 8026450 AND 8026550
	-> Filter: (sbtest4.id between 8026450 and 8026550)  (cost=20.6 rows=101)
    -> Covering index range scan on sbtest4 using PRIMARY over (8026450 <= id <= 8026550)  (cost=20.6 rows=101)


table 5 : explain SELECT id FROM sbtest5 WHERE id BETWEEN 8026450 AND 8026550
	-> Filter: (sbtest5.id between 8026450 and 8026550)  (cost=20.6 rows=101)
    -> Covering index range scan on sbtest5 using PRIMARY over (8026450 <= id <= 8026550)  (cost=20.6 rows=101)


table 6 : explain SELECT id FROM sbtest6 WHERE id BETWEEN 8026450 AND 8026550
	-> Filter: (sbtest6.id between 8026450 and 8026550)  (cost=20.6 rows=101)
    -> Covering index range scan on sbtest6 using PRIMARY over (8026450 <= id <= 8026550)  (cost=20.6 rows=101)


table 7 : explain SELECT id FROM sbtest7 WHERE id BETWEEN 8026450 AND 8026550
	-> Filter: (sbtest7.id between 8026450 and 8026550)  (cost=20.6 rows=101)
    -> Covering index range scan on sbtest7 using PRIMARY over (8026450 <= id <= 8026550)  (cost=20.6 rows=101)


table 8 : explain SELECT id FROM sbtest8 WHERE id BETWEEN 8026450 AND 8026550
	-> Filter: (sbtest8.id between 8026450 and 8026550)  (cost=20.6 rows=101)
    -> Covering index range scan on sbtest8 using PRIMARY over (8026450 <= id <= 8026550)  (cost=20.6 rows=101)


explain: for range-covered :: explain SELECT id FROM sbtest%d WHERE id BETWEEN 3864310 AND 3864410explain: for range-covered :: explain SELECT id FROM sbtest%d WHERE id BETWEEN 7126950 AND 7127050for range-covered
table 1 : explain SELECT id FROM sbtest1 WHERE id BETWEEN 4681970 AND 4682070
	-> Filter: (sbtest1.id between 4681970 and 4682070)  (cost=20.6 rows=101)
    -> Covering index range scan on sbtest1 using PRIMARY over (4681970 <= id <= 4682070)  (cost=20.6 rows=101)


table 2 : explain SELECT id FROM sbtest2 WHERE id BETWEEN 4681970 AND 4682070
	-> Filter: (sbtest2.id between 4681970 and 4682070)  (cost=20.6 rows=101)
    -> Covering index range scan on sbtest2 using PRIMARY over (4681970 <= id <= 4682070)  (cost=20.6 rows=101)


table 3 : explain SELECT id FROM sbtest3 WHERE id BETWEEN 4681970 AND 4682070
	-> Filter: (sbtest3.id between 4681970 and 4682070)  (cost=20.6 rows=101)
    -> Covering index range scan on sbtest3 using PRIMARY over (4681970 <= id <= 4682070)  (cost=20.6 rows=101)


table 4 : explain SELECT id FROM sbtest4 WHERE id BETWEEN 4681970 AND 4682070
	-> Filter: (sbtest4.id between 4681970 and 4682070)  (cost=20.6 rows=101)
    -> Covering index range scan on sbtest4 using PRIMARY over (4681970 <= id <= 4682070)  (cost=20.6 rows=101)


table 5 : explain SELECT id FROM sbtest5 WHERE id BETWEEN 4681970 AND 4682070
	-> Filter: (sbtest5.id between 4681970 and 4682070)  (cost=20.6 rows=101)
    -> Covering index range scan on sbtest5 using PRIMARY over (4681970 <= id <= 4682070)  (cost=20.6 rows=101)


table 6 : explain SELECT id FROM sbtest6 WHERE id BETWEEN 4681970 AND 4682070
	-> Filter: (sbtest6.id between 4681970 and 4682070)  (cost=20.6 rows=101)
    -> Covering index range scan on sbtest6 using PRIMARY over (4681970 <= id <= 4682070)  (cost=20.6 rows=101)


table 7 : explain SELECT id FROM sbtest7 WHERE id BETWEEN 4681970 AND 4682070
	-> Filter: (sbtest7.id between 4681970 and 4682070)  (cost=20.6 rows=101)
    -> Covering index range scan on sbtest7 using PRIMARY over (4681970 <= id <= 4682070)  (cost=20.6 rows=101)


table 8 : explain SELECT id FROM sbtest8 WHERE id BETWEEN 4681970 AND 4682070
	-> Filter: (sbtest8.id between 4681970 and 4682070)  (cost=20.6 rows=101)
    -> Covering index range scan on sbtest8 using PRIMARY over (4681970 <= id <= 4682070)  (cost=20.6 rows=101)


for range-covered
table 1 : explain SELECT id FROM sbtest1 WHERE id BETWEEN 6321405 AND 6321505
	-> Filter: (sbtest1.id between 6321405 and 6321505)  (cost=20.6 rows=101)
    -> Covering index range scan on sbtest1 using PRIMARY over (6321405 <= id <= 6321505)  (cost=20.6 rows=101)


table 2 : explain SELECT id FROM sbtest2 WHERE id BETWEEN 6321405 AND 6321505
	-> Filter: (sbtest2.id between 6321405 and 6321505)  (cost=20.6 rows=101)
    -> Covering index range scan on sbtest2 using PRIMARY over (6321405 <= id <= 6321505)  (cost=20.6 rows=101)


table 3 : explain SELECT id FROM sbtest3 WHERE id BETWEEN 6321405 AND 6321505
	-> Filter: (sbtest3.id between 6321405 and 6321505)  (cost=20.6 rows=101)
    -> Covering index range scan on sbtest3 using PRIMARY over (6321405 <= id <= 6321505)  (cost=20.6 rows=101)


table 4 : explain SELECT id FROM sbtest4 WHERE id BETWEEN 6321405 AND 6321505
	-> Filter: (sbtest4.id between 6321405 and 6321505)  (cost=20.6 rows=101)
    -> Covering index range scan on sbtest4 using PRIMARY over (6321405 <= id <= 6321505)  (cost=20.6 rows=101)


table 5 : explain SELECT id FROM sbtest5 WHERE id BETWEEN 6321405 AND 6321505
	-> Filter: (sbtest5.id between 6321405 and 6321505)  (cost=20.6 rows=101)
    -> Covering index range scan on sbtest5 using PRIMARY over (6321405 <= id <= 6321505)  (cost=20.6 rows=101)


table 6 : explain SELECT id FROM sbtest6 WHERE id BETWEEN 6321405 AND 6321505
	-> Filter: (sbtest6.id between 6321405 and 6321505)  (cost=20.6 rows=101)
    -> Covering index range scan on sbtest6 using PRIMARY over (6321405 <= id <= 6321505)  (cost=20.6 rows=101)


table 7 : explain SELECT id FROM sbtest7 WHERE id BETWEEN 6321405 AND 6321505
	-> Filter: (sbtest7.id between 6321405 and 6321505)  (cost=20.6 rows=101)
    -> Covering index range scan on sbtest7 using PRIMARY over (6321405 <= id <= 6321505)  (cost=20.6 rows=101)


table 8 : explain SELECT id FROM sbtest8 WHERE id BETWEEN 6321405 AND 6321505
	-> Filter: (sbtest8.id between 6321405 and 6321505)  (cost=20.6 rows=101)
    -> Covering index range scan on sbtest8 using PRIMARY over (6321405 <= id <= 6321505)  (cost=20.6 rows=101)




explain: for range-covered :: explain SELECT id FROM sbtest%d WHERE id BETWEEN 8126829 AND 8126929
explain: for range-covered :: explain SELECT id FROM sbtest%d WHERE id BETWEEN 4472526 AND 4472626
explain: for range-covered :: explain SELECT id FROM sbtest%d WHERE id BETWEEN 5590836 AND 5590936

explain: for range-covered :: explain SELECT id FROM sbtest%d WHERE id BETWEEN 4681970 AND 4682070
for range-covered
table 1 : explain SELECT id FROM sbtest1 WHERE id BETWEEN 3631501 AND 3631601
	-> Filter: (sbtest1.id between 3631501 and 3631601)  (cost=20.6 rows=101)
    -> Covering index range scan on sbtest1 using PRIMARY over (3631501 <= id <= 3631601)  (cost=20.6 rows=101)


table 2 : explain SELECT id FROM sbtest2 WHERE id BETWEEN 3631501 AND 3631601
	-> Filter: (sbtest2.id between 3631501 and 3631601)  (cost=20.6 rows=101)
    -> Covering index range scan on sbtest2 using PRIMARY over (3631501 <= id <= 3631601)  (cost=20.6 rows=101)


table 3 : explain SELECT id FROM sbtest3 WHERE id BETWEEN 3631501 AND 3631601
	-> Filter: (sbtest3.id between 3631501 and 3631601)  (cost=20.6 rows=101)
    -> Covering index range scan on sbtest3 using PRIMARY over (3631501 <= id <= 3631601)  (cost=20.6 rows=101)


table 4 : explain SELECT id FROM sbtest4 WHERE id BETWEEN 3631501 AND 3631601
	-> Filter: (sbtest4.id between 3631501 and 3631601)  (cost=20.6 rows=101)
    -> Covering index range scan on sbtest4 using PRIMARY over (3631501 <= id <= 3631601)  (cost=20.6 rows=101)


table 5 : explain SELECT id FROM sbtest5 WHERE id BETWEEN 3631501 AND 3631601
	-> Filter: (sbtest5.id between 3631501 and 3631601)  (cost=20.6 rows=101)
    -> Covering index range scan on sbtest5 using PRIMARY over (3631501 <= id <= 3631601)  (cost=20.6 rows=101)


table 6 : explain SELECT id FROM sbtest6 WHERE id BETWEEN 3631501 AND 3631601
	-> Filter: (sbtest6.id between 3631501 and 3631601)  (cost=20.6 rows=101)
    -> Covering index range scan on sbtest6 using PRIMARY over (3631501 <= id <= 3631601)  (cost=20.6 rows=101)


table 7 : explain SELECT id FROM sbtest7 WHERE id BETWEEN 3631501 AND 3631601
	-> Filter: (sbtest7.id between 3631501 and 3631601)  (cost=20.6 rows=101)
    -> Covering index range scan on sbtest7 using PRIMARY over (3631501 <= id <= 3631601)  (cost=20.6 rows=101)


table 8 : explain SELECT id FROM sbtest8 WHERE id BETWEEN 3631501 AND 3631601
	-> Filter: (sbtest8.id between 3631501 and 3631601)  (cost=20.6 rows=101)
    -> Covering index range scan on sbtest8 using PRIMARY over (3631501 <= id <= 3631601)  (cost=20.6 rows=101)


for range-covered
table 1 : explain SELECT id FROM sbtest1 WHERE id BETWEEN 5453131 AND 5453231
	-> Filter: (sbtest1.id between 5453131 and 5453231)  (cost=20.6 rows=101)
    -> Covering index range scan on sbtest1 using PRIMARY over (5453131 <= id <= 5453231)  (cost=20.6 rows=101)


table 2 : explain SELECT id FROM sbtest2 WHERE id BETWEEN 5453131 AND 5453231
	-> Filter: (sbtest2.id between 5453131 and 5453231)  (cost=20.6 rows=101)
    -> Covering index range scan on sbtest2 using PRIMARY over (5453131 <= id <= 5453231)  (cost=20.6 rows=101)


table 3 : explain SELECT id FROM sbtest3 WHERE id BETWEEN 5453131 AND 5453231
	-> Filter: (sbtest3.id between 5453131 and 5453231)  (cost=20.6 rows=101)
    -> Covering index range scan on sbtest3 using PRIMARY over (5453131 <= id <= 5453231)  (cost=20.6 rows=101)


table 4 : explain SELECT id FROM sbtest4 WHERE id BETWEEN 5453131 AND 5453231
	-> Filter: (sbtest4.id between 5453131 and 5453231)  (cost=20.6 rows=101)
    -> Covering index range scan on sbtest4 using PRIMARY over (5453131 <= id <= 5453231)  (cost=20.6 rows=101)


table 5 : explain SELECT id FROM sbtest5 WHERE id BETWEEN 5453131 AND 5453231
	-> Filter: (sbtest5.id between 5453131 and 5453231)  (cost=20.6 rows=101)
    -> Covering index range scan on sbtest5 using PRIMARY over (5453131 <= id <= 5453231)  (cost=20.6 rows=101)


table 6 : explain SELECT id FROM sbtest6 WHERE id BETWEEN 5453131 AND 5453231
	-> Filter: (sbtest6.id between 5453131 and 5453231)  (cost=20.6 rows=101)
    -> Covering index range scan on sbtest6 using PRIMARY over (5453131 <= id <= 5453231)  (cost=20.6 rows=101)


table 7 : explain SELECT id FROM sbtest7 WHERE id BETWEEN 5453131 AND 5453231
	-> Filter: (sbtest7.id between 5453131 and 5453231)  (cost=20.6 rows=101)
    -> Covering index range scan on sbtest7 using PRIMARY over (5453131 <= id <= 5453231)  (cost=20.6 rows=101)


table 8 : explain SELECT id FROM sbtest8 WHERE id BETWEEN 5453131 AND 5453231
	-> Filter: (sbtest8.id between 5453131 and 5453231)  (cost=20.6 rows=101)
    -> Covering index range scan on sbtest8 using PRIMARY over (5453131 <= id <= 5453231)  (cost=20.6 rows=101)

for range-covered
table 1 : explain SELECT id FROM sbtest1 WHERE id BETWEEN 7665281 AND 7665381
	-> Filter: (sbtest1.id between 7665281 and 7665381)  (cost=20.6 rows=101)
    -> Covering index range scan on sbtest1 using PRIMARY over (7665281 <= id <= 7665381)  (cost=20.6 rows=101)


table 2 : explain SELECT id FROM sbtest2 WHERE id BETWEEN 7665281 AND 7665381
	-> Filter: (sbtest2.id between 7665281 and 7665381)  (cost=20.6 rows=101)
    -> Covering index range scan on sbtest2 using PRIMARY over (7665281 <= id <= 7665381)  (cost=20.6 rows=101)


table 3 : explain SELECT id FROM sbtest3 WHERE id BETWEEN 7665281 AND 7665381
	-> Filter: (sbtest3.id between 7665281 and 7665381)  (cost=20.6 rows=101)
    -> Covering index range scan on sbtest3 using PRIMARY over (7665281 <= id <= 7665381)  (cost=20.6 rows=101)


table 4 : explain SELECT id FROM sbtest4 WHERE id BETWEEN 7665281 AND 7665381
	-> Filter: (sbtest4.id between 7665281 and 7665381)  (cost=20.6 rows=101)
    -> Covering index range scan on sbtest4 using PRIMARY over (7665281 <= id <= 7665381)  (cost=20.6 rows=101)


table 5 : explain SELECT id FROM sbtest5 WHERE id BETWEEN 7665281 AND 7665381
	-> Filter: (sbtest5.id between 7665281 and 7665381)  (cost=20.6 rows=101)
    -> Covering index range scan on sbtest5 using PRIMARY over (7665281 <= id <= 7665381)  (cost=20.6 rows=101)


table 6 : explain SELECT id FROM sbtest6 WHERE id BETWEEN 7665281 AND 7665381
	-> Filter: (sbtest6.id between 7665281 and 7665381)  (cost=20.6 rows=101)
    -> Covering index range scan on sbtest6 using PRIMARY over (7665281 <= id <= 7665381)  (cost=20.6 rows=101)


table 7 : explain SELECT id FROM sbtest7 WHERE id BETWEEN 7665281 AND 7665381
	-> Filter: (sbtest7.id between 7665281 and 7665381)  (cost=20.6 rows=101)
    -> Covering index range scan on sbtest7 using PRIMARY over (7665281 <= id <= 7665381)  (cost=20.6 rows=101)


table 8 : explain SELECT id FROM sbtest8 WHERE id BETWEEN 7665281 AND 7665381
	-> Filter: (sbtest8.id between 7665281 and 7665381)  (cost=20.6 rows=101)
    -> Covering index range scan on sbtest8 using PRIMARY over (7665281 <= id <= 7665381)  (cost=20.6 rows=101)


explain: for range-covered :: explain SELECT id FROM sbtest%d WHERE id BETWEEN 5021943 AND 5022043
explain: for range-covered :: explain SELECT id FROM sbtest%d WHERE id BETWEEN 1893473 AND 1893573

for range-covered
table 1 : explain SELECT id FROM sbtest1 WHERE id BETWEEN 7609338 AND 7609438
	-> Filter: (sbtest1.id between 7609338 and 7609438)  (cost=20.6 rows=101)
    -> Covering index range scan on sbtest1 using PRIMARY over (7609338 <= id <= 7609438)  (cost=20.6 rows=101)


table 2 : explain SELECT id FROM sbtest2 WHERE id BETWEEN 7609338 AND 7609438
	-> Filter: (sbtest2.id between 7609338 and 7609438)  (cost=20.6 rows=101)
    -> Covering index range scan on sbtest2 using PRIMARY over (7609338 <= id <= 7609438)  (cost=20.6 rows=101)


table 3 : explain SELECT id FROM sbtest3 WHERE id BETWEEN 7609338 AND 7609438
	-> Filter: (sbtest3.id between 7609338 and 7609438)  (cost=20.6 rows=101)
    -> Covering index range scan on sbtest3 using PRIMARY over (7609338 <= id <= 7609438)  (cost=20.6 rows=101)


table 4 : explain SELECT id FROM sbtest4 WHERE id BETWEEN 7609338 AND 7609438
	-> Filter: (sbtest4.id between 7609338 and 7609438)  (cost=20.6 rows=101)
    -> Covering index range scan on sbtest4 using PRIMARY over (7609338 <= id <= 7609438)  (cost=20.6 rows=101)


table 5 : explain SELECT id FROM sbtest5 WHERE id BETWEEN 7609338 AND 7609438
	-> Filter: (sbtest5.id between 7609338 and 7609438)  (cost=20.6 rows=101)
    -> Covering index range scan on sbtest5 using PRIMARY over (7609338 <= id <= 7609438)  (cost=20.6 rows=101)


table 6 : explain SELECT id FROM sbtest6 WHERE id BETWEEN 7609338 AND 7609438
	-> Filter: (sbtest6.id between 7609338 and 7609438)  (cost=20.6 rows=101)
    -> Covering index range scan on sbtest6 using PRIMARY over (7609338 <= id <= 7609438)  (cost=20.6 rows=101)


table 7 : explain SELECT id FROM sbtest7 WHERE id BETWEEN 7609338 AND 7609438
	-> Filter: (sbtest7.id between 7609338 and 7609438)  (cost=20.6 rows=101)
    -> Covering index range scan on sbtest7 using PRIMARY over (7609338 <= id <= 7609438)  (cost=20.6 rows=101)


table 8 : explain SELECT id FROM sbtest8 WHERE id BETWEEN 7609338 AND 7609438
	-> Filter: (sbtest8.id between 7609338 and 7609438)  (cost=20.6 rows=101)
    -> Covering index range scan on sbtest8 using PRIMARY over (7609338 <= id <= 7609438)  (cost=20.6 rows=101)


for range-covered
table 1 : explain SELECT id FROM sbtest1 WHERE id BETWEEN 7505176 AND 7505276
	-> Filter: (sbtest1.id between 7505176 and 7505276)  (cost=20.6 rows=101)
    -> Covering index range scan on sbtest1 using PRIMARY over (7505176 <= id <= 7505276)  (cost=20.6 rows=101)


table 2 : explain SELECT id FROM sbtest2 WHERE id BETWEEN 7505176 AND 7505276
	-> Filter: (sbtest2.id between 7505176 and 7505276)  (cost=20.6 rows=101)
    -> Covering index range scan on sbtest2 using PRIMARY over (7505176 <= id <= 7505276)  (cost=20.6 rows=101)


table 3 : explain SELECT id FROM sbtest3 WHERE id BETWEEN 7505176 AND 7505276
	-> Filter: (sbtest3.id between 7505176 and 7505276)  (cost=20.6 rows=101)
    -> Covering index range scan on sbtest3 using PRIMARY over (7505176 <= id <= 7505276)  (cost=20.6 rows=101)


table 4 : explain SELECT id FROM sbtest4 WHERE id BETWEEN 7505176 AND 7505276
	-> Filter: (sbtest4.id between 7505176 and 7505276)  (cost=20.6 rows=101)
    -> Covering index range scan on sbtest4 using PRIMARY over (7505176 <= id <= 7505276)  (cost=20.6 rows=101)


table 5 : explain SELECT id FROM sbtest5 WHERE id BETWEEN 7505176 AND 7505276
	-> Filter: (sbtest5.id between 7505176 and 7505276)  (cost=20.6 rows=101)
    -> Covering index range scan on sbtest5 using PRIMARY over (7505176 <= id <= 7505276)  (cost=20.6 rows=101)


table 6 : explain SELECT id FROM sbtest6 WHERE id BETWEEN 7505176 AND 7505276
	-> Filter: (sbtest6.id between 7505176 and 7505276)  (cost=20.6 rows=101)
    -> Covering index range scan on sbtest6 using PRIMARY over (7505176 <= id <= 7505276)  (cost=20.6 rows=101)


table 7 : explain SELECT id FROM sbtest7 WHERE id BETWEEN 7505176 AND 7505276
	-> Filter: (sbtest7.id between 7505176 and 7505276)  (cost=20.6 rows=101)
    -> Covering index range scan on sbtest7 using PRIMARY over (7505176 <= id <= 7505276)  (cost=20.6 rows=101)


table 8 : explain SELECT id FROM sbtest8 WHERE id BETWEEN 7505176 AND 7505276
	-> Filter: (sbtest8.id between 7505176 and 7505276)  (cost=20.6 rows=101)
    -> Covering index range scan on sbtest8 using PRIMARY over (7505176 <= id <= 7505276)  (cost=20.6 rows=101)



for range-covered
table 1 : explain SELECT id FROM sbtest1 WHERE id BETWEEN 5068006 AND 5068106
	-> Filter: (sbtest1.id between 5068006 and 5068106)  (cost=20.6 rows=101)
    -> Covering index range scan on sbtest1 using PRIMARY over (5068006 <= id <= 5068106)  (cost=20.6 rows=101)


table 2 : explain SELECT id FROM sbtest2 WHERE id BETWEEN 5068006 AND 5068106
	-> Filter: (sbtest2.id between 5068006 and 5068106)  (cost=20.6 rows=101)
    -> Covering index range scan on sbtest2 using PRIMARY over (5068006 <= id <= 5068106)  (cost=20.6 rows=101)


table 3 : explain SELECT id FROM sbtest3 WHERE id BETWEEN 5068006 AND 5068106
	-> Filter: (sbtest3.id between 5068006 and 5068106)  (cost=20.6 rows=101)
    -> Covering index range scan on sbtest3 using PRIMARY over (5068006 <= id <= 5068106)  (cost=20.6 rows=101)


table 4 : explain SELECT id FROM sbtest4 WHERE id BETWEEN 5068006 AND 5068106
	-> Filter: (sbtest4.id between 5068006 and 5068106)  (cost=20.6 rows=101)
    -> Covering index range scan on sbtest4 using PRIMARY over (5068006 <= id <= 5068106)  (cost=20.6 rows=101)


table 5 : explain SELECT id FROM sbtest5 WHERE id BETWEEN 5068006 AND 5068106
	-> Filter: (sbtest5.id between 5068006 and 5068106)  (cost=20.6 rows=101)
    -> Covering index range scan on sbtest5 using PRIMARY over (5068006 <= id <= 5068106)  (cost=20.6 rows=101)


table 6 : explain SELECT id FROM sbtest6 WHERE id BETWEEN 5068006 AND 5068106
	-> Filter: (sbtest6.id between 5068006 and 5068106)  (cost=20.6 rows=101)
    -> Covering index range scan on sbtest6 using PRIMARY over (5068006 <= id <= 5068106)  (cost=20.6 rows=101)


table 7 : explain SELECT id FROM sbtest7 WHERE id BETWEEN 5068006 AND 5068106
	-> Filter: (sbtest7.id between 5068006 and 5068106)  (cost=20.6 rows=101)
    -> Covering index range scan on sbtest7 using PRIMARY over (5068006 <= id <= 5068106)  (cost=20.6 rows=101)


table 8 : explain SELECT id FROM sbtest8 WHERE id BETWEEN 5068006 AND 5068106
	-> Filter: (sbtest8.id between 5068006 and 5068106)  (cost=20.6 rows=101)
    -> Covering index range scan on sbtest8 using PRIMARY over (5068006 <= id <= 5068106)  (cost=20.6 rows=101)


explain: for range-covered :: explain SELECT id FROM sbtest%d WHERE id BETWEEN 7609338 AND 7609438
explain: for range-covered :: explain SELECT id FROM sbtest%d WHERE id BETWEEN 7505176 AND 7505276
explain: for range-covered :: explain SELECT id FROM sbtest%d WHERE id BETWEEN 1999307 AND 1999407explain: for range-covered :: explain SELECT id FROM sbtest%d WHERE id BETWEEN 5453131 AND 5453231
explain: for range-covered :: explain SELECT id FROM sbtest%d WHERE id BETWEEN 3631501 AND 3631601
explain: for range-covered :: explain SELECT id FROM sbtest%d WHERE id BETWEEN 7665281 AND 7665381for range-covered
table 1 : explain SELECT id FROM sbtest1 WHERE id BETWEEN 1050546 AND 1050646
	-> Filter: (sbtest1.id between 1050546 and 1050646)  (cost=20.6 rows=101)
    -> Covering index range scan on sbtest1 using PRIMARY over (1050546 <= id <= 1050646)  (cost=20.6 rows=101)


table 2 : explain SELECT id FROM sbtest2 WHERE id BETWEEN 1050546 AND 1050646
	-> Filter: (sbtest2.id between 1050546 and 1050646)  (cost=20.6 rows=101)
    -> Covering index range scan on sbtest2 using PRIMARY over (1050546 <= id <= 1050646)  (cost=20.6 rows=101)


table 3 : explain SELECT id FROM sbtest3 WHERE id BETWEEN 1050546 AND 1050646
	-> Filter: (sbtest3.id between 1050546 and 1050646)  (cost=20.6 rows=101)
    -> Covering index range scan on sbtest3 using PRIMARY over (1050546 <= id <= 1050646)  (cost=20.6 rows=101)


table 4 : explain SELECT id FROM sbtest4 WHERE id BETWEEN 1050546 AND 1050646
	-> Filter: (sbtest4.id between 1050546 and 1050646)  (cost=20.6 rows=101)
    -> Covering index range scan on sbtest4 using PRIMARY over (1050546 <= id <= 1050646)  (cost=20.6 rows=101)


table 5 : explain SELECT id FROM sbtest5 WHERE id BETWEEN 1050546 AND 1050646
	-> Filter: (sbtest5.id between 1050546 and 1050646)  (cost=20.6 rows=101)
    -> Covering index range scan on sbtest5 using PRIMARY over (1050546 <= id <= 1050646)  (cost=20.6 rows=101)


table 6 : explain SELECT id FROM sbtest6 WHERE id BETWEEN 1050546 AND 1050646
	-> Filter: (sbtest6.id between 1050546 and 1050646)  (cost=20.6 rows=101)
    -> Covering index range scan on sbtest6 using PRIMARY over (1050546 <= id <= 1050646)  (cost=20.6 rows=101)


table 7 : explain SELECT id FROM sbtest7 WHERE id BETWEEN 1050546 AND 1050646
	-> Filter: (sbtest7.id between 1050546 and 1050646)  (cost=20.6 rows=101)
    -> Covering index range scan on sbtest7 using PRIMARY over (1050546 <= id <= 1050646)  (cost=20.6 rows=101)


table 8 : explain SELECT id FROM sbtest8 WHERE id BETWEEN 1050546 AND 1050646
	-> Filter: (sbtest8.id between 1050546 and 1050646)  (cost=20.6 rows=101)
    -> Covering index range scan on sbtest8 using PRIMARY over (1050546 <= id <= 1050646)  (cost=20.6 rows=101)


for range-covered
table 1 : explain SELECT id FROM sbtest1 WHERE id BETWEEN 3620066 AND 3620166
	-> Filter: (sbtest1.id between 3620066 and 3620166)  (cost=20.6 rows=101)
    -> Covering index range scan on sbtest1 using PRIMARY over (3620066 <= id <= 3620166)  (cost=20.6 rows=101)


table 2 : explain SELECT id FROM sbtest2 WHERE id BETWEEN 3620066 AND 3620166
	-> Filter: (sbtest2.id between 3620066 and 3620166)  (cost=20.6 rows=101)
    -> Covering index range scan on sbtest2 using PRIMARY over (3620066 <= id <= 3620166)  (cost=20.6 rows=101)


table 3 : explain SELECT id FROM sbtest3 WHERE id BETWEEN 3620066 AND 3620166
	-> Filter: (sbtest3.id between 3620066 and 3620166)  (cost=20.6 rows=101)
    -> Covering index range scan on sbtest3 using PRIMARY over (3620066 <= id <= 3620166)  (cost=20.6 rows=101)


table 4 : explain SELECT id FROM sbtest4 WHERE id BETWEEN 3620066 AND 3620166
	-> Filter: (sbtest4.id between 3620066 and 3620166)  (cost=20.6 rows=101)
    -> Covering index range scan on sbtest4 using PRIMARY over (3620066 <= id <= 3620166)  (cost=20.6 rows=101)


table 5 : explain SELECT id FROM sbtest5 WHERE id BETWEEN 3620066 AND 3620166
	-> Filter: (sbtest5.id between 3620066 and 3620166)  (cost=20.6 rows=101)
    -> Covering index range scan on sbtest5 using PRIMARY over (3620066 <= id <= 3620166)  (cost=20.6 rows=101)


table 6 : explain SELECT id FROM sbtest6 WHERE id BETWEEN 3620066 AND 3620166
	-> Filter: (sbtest6.id between 3620066 and 3620166)  (cost=20.6 rows=101)
    -> Covering index range scan on sbtest6 using PRIMARY over (3620066 <= id <= 3620166)  (cost=20.6 rows=101)


table 7 : explain SELECT id FROM sbtest7 WHERE id BETWEEN 3620066 AND 3620166
	-> Filter: (sbtest7.id between 3620066 and 3620166)  (cost=20.6 rows=101)
    -> Covering index range scan on sbtest7 using PRIMARY over (3620066 <= id <= 3620166)  (cost=20.6 rows=101)


table 8 : explain SELECT id FROM sbtest8 WHERE id BETWEEN 3620066 AND 3620166
	-> Filter: (sbtest8.id between 3620066 and 3620166)  (cost=20.6 rows=101)
    -> Covering index range scan on sbtest8 using PRIMARY over (3620066 <= id <= 3620166)  (cost=20.6 rows=101)


for range-covered
table 1 : explain SELECT id FROM sbtest1 WHERE id BETWEEN 6121679 AND 6121779
	-> Filter: (sbtest1.id between 6121679 and 6121779)  (cost=20.6 rows=101)
    -> Covering index range scan on sbtest1 using PRIMARY over (6121679 <= id <= 6121779)  (cost=20.6 rows=101)


table 2 : explain SELECT id FROM sbtest2 WHERE id BETWEEN 6121679 AND 6121779
	-> Filter: (sbtest2.id between 6121679 and 6121779)  (cost=20.6 rows=101)
    -> Covering index range scan on sbtest2 using PRIMARY over (6121679 <= id <= 6121779)  (cost=20.6 rows=101)


table 3 : explain SELECT id FROM sbtest3 WHERE id BETWEEN 6121679 AND 6121779
	-> Filter: (sbtest3.id between 6121679 and 6121779)  (cost=20.6 rows=101)
    -> Covering index range scan on sbtest3 using PRIMARY over (6121679 <= id <= 6121779)  (cost=20.6 rows=101)


table 4 : explain SELECT id FROM sbtest4 WHERE id BETWEEN 6121679 AND 6121779
	-> Filter: (sbtest4.id between 6121679 and 6121779)  (cost=20.6 rows=101)
    -> Covering index range scan on sbtest4 using PRIMARY over (6121679 <= id <= 6121779)  (cost=20.6 rows=101)


table 5 : explain SELECT id FROM sbtest5 WHERE id BETWEEN 6121679 AND 6121779
	-> Filter: (sbtest5.id between 6121679 and 6121779)  (cost=20.6 rows=101)
    -> Covering index range scan on sbtest5 using PRIMARY over (6121679 <= id <= 6121779)  (cost=20.6 rows=101)


table 6 : explain SELECT id FROM sbtest6 WHERE id BETWEEN 6121679 AND 6121779
	-> Filter: (sbtest6.id between 6121679 and 6121779)  (cost=20.6 rows=101)
    -> Covering index range scan on sbtest6 using PRIMARY over (6121679 <= id <= 6121779)  (cost=20.6 rows=101)


table 7 : explain SELECT id FROM sbtest7 WHERE id BETWEEN 6121679 AND 6121779
	-> Filter: (sbtest7.id between 6121679 and 6121779)  (cost=20.6 rows=101)
    -> Covering index range scan on sbtest7 using PRIMARY over (6121679 <= id <= 6121779)  (cost=20.6 rows=101)


table 8 : explain SELECT id FROM sbtest8 WHERE id BETWEEN 6121679 AND 6121779
	-> Filter: (sbtest8.id between 6121679 and 6121779)  (cost=20.6 rows=101)
    -> Covering index range scan on sbtest8 using PRIMARY over (6121679 <= id <= 6121779)  (cost=20.6 rows=101)

for range-covered
table 1 : explain SELECT id FROM sbtest1 WHERE id BETWEEN 9219070 AND 9219170
	-> Filter: (sbtest1.id between 9219070 and 9219170)  (cost=20.6 rows=101)
    -> Covering index range scan on sbtest1 using PRIMARY over (9219070 <= id <= 9219170)  (cost=20.6 rows=101)


table 2 : explain SELECT id FROM sbtest2 WHERE id BETWEEN 9219070 AND 9219170
	-> Filter: (sbtest2.id between 9219070 and 9219170)  (cost=20.6 rows=101)
    -> Covering index range scan on sbtest2 using PRIMARY over (9219070 <= id <= 9219170)  (cost=20.6 rows=101)


table 3 : explain SELECT id FROM sbtest3 WHERE id BETWEEN 9219070 AND 9219170
	-> Filter: (sbtest3.id between 9219070 and 9219170)  (cost=20.6 rows=101)
    -> Covering index range scan on sbtest3 using PRIMARY over (9219070 <= id <= 9219170)  (cost=20.6 rows=101)


table 4 : explain SELECT id FROM sbtest4 WHERE id BETWEEN 9219070 AND 9219170
	-> Filter: (sbtest4.id between 9219070 and 9219170)  (cost=20.6 rows=101)
    -> Covering index range scan on sbtest4 using PRIMARY over (9219070 <= id <= 9219170)  (cost=20.6 rows=101)


table 5 : explain SELECT id FROM sbtest5 WHERE id BETWEEN 9219070 AND 9219170
	-> Filter: (sbtest5.id between 9219070 and 9219170)  (cost=20.6 rows=101)
    -> Covering index range scan on sbtest5 using PRIMARY over (9219070 <= id <= 9219170)  (cost=20.6 rows=101)


table 6 : explain SELECT id FROM sbtest6 WHERE id BETWEEN 9219070 AND 9219170
	-> Filter: (sbtest6.id between 9219070 and 9219170)  (cost=20.6 rows=101)
    -> Covering index range scan on sbtest6 using PRIMARY over (9219070 <= id <= 9219170)  (cost=20.6 rows=101)


table 7 : explain SELECT id FROM sbtest7 WHERE id BETWEEN 9219070 AND 9219170
	-> Filter: (sbtest7.id between 9219070 and 9219170)  (cost=20.6 rows=101)
    -> Covering index range scan on sbtest7 using PRIMARY over (9219070 <= id <= 9219170)  (cost=20.6 rows=101)


table 8 : explain SELECT id FROM sbtest8 WHERE id BETWEEN 9219070 AND 9219170
	-> Filter: (sbtest8.id between 9219070 and 9219170)  (cost=20.6 rows=101)
    -> Covering index range scan on sbtest8 using PRIMARY over (9219070 <= id <= 9219170)  (cost=20.6 rows=101)


explain: for range-covered :: explain SELECT id FROM sbtest%d WHERE id BETWEEN 8026450 AND 8026550
explain: for range-covered :: explain SELECT id FROM sbtest%d WHERE id BETWEEN 5068006 AND 5068106


for range-covered
table 1 : explain SELECT id FROM sbtest1 WHERE id BETWEEN 3504453 AND 3504553
	-> Filter: (sbtest1.id between 3504453 and 3504553)  (cost=20.6 rows=101)
    -> Covering index range scan on sbtest1 using PRIMARY over (3504453 <= id <= 3504553)  (cost=20.6 rows=101)


table 2 : explain SELECT id FROM sbtest2 WHERE id BETWEEN 3504453 AND 3504553
	-> Filter: (sbtest2.id between 3504453 and 3504553)  (cost=20.6 rows=101)
    -> Covering index range scan on sbtest2 using PRIMARY over (3504453 <= id <= 3504553)  (cost=20.6 rows=101)


table 3 : explain SELECT id FROM sbtest3 WHERE id BETWEEN 3504453 AND 3504553
	-> Filter: (sbtest3.id between 3504453 and 3504553)  (cost=20.6 rows=101)
    -> Covering index range scan on sbtest3 using PRIMARY over (3504453 <= id <= 3504553)  (cost=20.6 rows=101)


table 4 : explain SELECT id FROM sbtest4 WHERE id BETWEEN 3504453 AND 3504553
	-> Filter: (sbtest4.id between 3504453 and 3504553)  (cost=20.6 rows=101)
    -> Covering index range scan on sbtest4 using PRIMARY over (3504453 <= id <= 3504553)  (cost=20.6 rows=101)


table 5 : explain SELECT id FROM sbtest5 WHERE id BETWEEN 3504453 AND 3504553
	-> Filter: (sbtest5.id between 3504453 and 3504553)  (cost=20.6 rows=101)
    -> Covering index range scan on sbtest5 using PRIMARY over (3504453 <= id <= 3504553)  (cost=20.6 rows=101)


table 6 : explain SELECT id FROM sbtest6 WHERE id BETWEEN 3504453 AND 3504553
	-> Filter: (sbtest6.id between 3504453 and 3504553)  (cost=20.6 rows=101)
    -> Covering index range scan on sbtest6 using PRIMARY over (3504453 <= id <= 3504553)  (cost=20.6 rows=101)


table 7 : explain SELECT id FROM sbtest7 WHERE id BETWEEN 3504453 AND 3504553
	-> Filter: (sbtest7.id between 3504453 and 3504553)  (cost=20.6 rows=101)
    -> Covering index range scan on sbtest7 using PRIMARY over (3504453 <= id <= 3504553)  (cost=20.6 rows=101)


table 8 : explain SELECT id FROM sbtest8 WHERE id BETWEEN 3504453 AND 3504553
	-> Filter: (sbtest8.id between 3504453 and 3504553)  (cost=20.6 rows=101)
    -> Covering index range scan on sbtest8 using PRIMARY over (3504453 <= id <= 3504553)  (cost=20.6 rows=101)


for range-covered
table 1 : explain SELECT id FROM sbtest1 WHERE id BETWEEN 3409393 AND 3409493
	-> Filter: (sbtest1.id between 3409393 and 3409493)  (cost=20.6 rows=101)
    -> Covering index range scan on sbtest1 using PRIMARY over (3409393 <= id <= 3409493)  (cost=20.6 rows=101)


table 2 : explain SELECT id FROM sbtest2 WHERE id BETWEEN 3409393 AND 3409493
	-> Filter: (sbtest2.id between 3409393 and 3409493)  (cost=20.6 rows=101)
    -> Covering index range scan on sbtest2 using PRIMARY over (3409393 <= id <= 3409493)  (cost=20.6 rows=101)


table 3 : explain SELECT id FROM sbtest3 WHERE id BETWEEN 3409393 AND 3409493
	-> Filter: (sbtest3.id between 3409393 and 3409493)  (cost=20.6 rows=101)
    -> Covering index range scan on sbtest3 using PRIMARY over (3409393 <= id <= 3409493)  (cost=20.6 rows=101)


table 4 : explain SELECT id FROM sbtest4 WHERE id BETWEEN 3409393 AND 3409493
	-> Filter: (sbtest4.id between 3409393 and 3409493)  (cost=20.6 rows=101)
    -> Covering index range scan on sbtest4 using PRIMARY over (3409393 <= id <= 3409493)  (cost=20.6 rows=101)


table 5 : explain SELECT id FROM sbtest5 WHERE id BETWEEN 3409393 AND 3409493
	-> Filter: (sbtest5.id between 3409393 and 3409493)  (cost=20.6 rows=101)
    -> Covering index range scan on sbtest5 using PRIMARY over (3409393 <= id <= 3409493)  (cost=20.6 rows=101)


table 6 : explain SELECT id FROM sbtest6 WHERE id BETWEEN 3409393 AND 3409493
	-> Filter: (sbtest6.id between 3409393 and 3409493)  (cost=20.6 rows=101)
    -> Covering index range scan on sbtest6 using PRIMARY over (3409393 <= id <= 3409493)  (cost=20.6 rows=101)


table 7 : explain SELECT id FROM sbtest7 WHERE id BETWEEN 3409393 AND 3409493
	-> Filter: (sbtest7.id between 3409393 and 3409493)  (cost=20.6 rows=101)
    -> Covering index range scan on sbtest7 using PRIMARY over (3409393 <= id <= 3409493)  (cost=20.6 rows=101)


table 8 : explain SELECT id FROM sbtest8 WHERE id BETWEEN 3409393 AND 3409493
	-> Filter: (sbtest8.id between 3409393 and 3409493)  (cost=20.6 rows=101)
    -> Covering index range scan on sbtest8 using PRIMARY over (3409393 <= id <= 3409493)  (cost=20.6 rows=101)

for range-covered
table 1 : explain SELECT id FROM sbtest1 WHERE id BETWEEN 3859825 AND 3859925
	-> Filter: (sbtest1.id between 3859825 and 3859925)  (cost=20.6 rows=101)
    -> Covering index range scan on sbtest1 using PRIMARY over (3859825 <= id <= 3859925)  (cost=20.6 rows=101)


table 2 : explain SELECT id FROM sbtest2 WHERE id BETWEEN 3859825 AND 3859925
	-> Filter: (sbtest2.id between 3859825 and 3859925)  (cost=20.6 rows=101)
    -> Covering index range scan on sbtest2 using PRIMARY over (3859825 <= id <= 3859925)  (cost=20.6 rows=101)


table 3 : explain SELECT id FROM sbtest3 WHERE id BETWEEN 3859825 AND 3859925
	-> Filter: (sbtest3.id between 3859825 and 3859925)  (cost=20.6 rows=101)
    -> Covering index range scan on sbtest3 using PRIMARY over (3859825 <= id <= 3859925)  (cost=20.6 rows=101)


table 4 : explain SELECT id FROM sbtest4 WHERE id BETWEEN 3859825 AND 3859925
	-> Filter: (sbtest4.id between 3859825 and 3859925)  (cost=20.6 rows=101)
    -> Covering index range scan on sbtest4 using PRIMARY over (3859825 <= id <= 3859925)  (cost=20.6 rows=101)


table 5 : explain SELECT id FROM sbtest5 WHERE id BETWEEN 3859825 AND 3859925
	-> Filter: (sbtest5.id between 3859825 and 3859925)  (cost=20.6 rows=101)
    -> Covering index range scan on sbtest5 using PRIMARY over (3859825 <= id <= 3859925)  (cost=20.6 rows=101)


table 6 : explain SELECT id FROM sbtest6 WHERE id BETWEEN 3859825 AND 3859925
	-> Filter: (sbtest6.id between 3859825 and 3859925)  (cost=20.6 rows=101)
    -> Covering index range scan on sbtest6 using PRIMARY over (3859825 <= id <= 3859925)  (cost=20.6 rows=101)


table 7 : explain SELECT id FROM sbtest7 WHERE id BETWEEN 3859825 AND 3859925
	-> Filter: (sbtest7.id between 3859825 and 3859925)  (cost=20.6 rows=101)
    -> Covering index range scan on sbtest7 using PRIMARY over (3859825 <= id <= 3859925)  (cost=20.6 rows=101)


table 8 : explain SELECT id FROM sbtest8 WHERE id BETWEEN 3859825 AND 3859925
	-> Filter: (sbtest8.id between 3859825 and 3859925)  (cost=20.6 rows=101)
    -> Covering index range scan on sbtest8 using PRIMARY over (3859825 <= id <= 3859925)  (cost=20.6 rows=101)



for range-covered
table 1 : explain SELECT id FROM sbtest1 WHERE id BETWEEN 2178991 AND 2179091
	-> Filter: (sbtest1.id between 2178991 and 2179091)  (cost=20.6 rows=101)
    -> Covering index range scan on sbtest1 using PRIMARY over (2178991 <= id <= 2179091)  (cost=20.6 rows=101)


table 2 : explain SELECT id FROM sbtest2 WHERE id BETWEEN 2178991 AND 2179091
	-> Filter: (sbtest2.id between 2178991 and 2179091)  (cost=20.6 rows=101)
    -> Covering index range scan on sbtest2 using PRIMARY over (2178991 <= id <= 2179091)  (cost=20.6 rows=101)


table 3 : explain SELECT id FROM sbtest3 WHERE id BETWEEN 2178991 AND 2179091
	-> Filter: (sbtest3.id between 2178991 and 2179091)  (cost=20.6 rows=101)
    -> Covering index range scan on sbtest3 using PRIMARY over (2178991 <= id <= 2179091)  (cost=20.6 rows=101)


table 4 : explain SELECT id FROM sbtest4 WHERE id BETWEEN 2178991 AND 2179091
	-> Filter: (sbtest4.id between 2178991 and 2179091)  (cost=20.6 rows=101)
    -> Covering index range scan on sbtest4 using PRIMARY over (2178991 <= id <= 2179091)  (cost=20.6 rows=101)


table 5 : explain SELECT id FROM sbtest5 WHERE id BETWEEN 2178991 AND 2179091
	-> Filter: (sbtest5.id between 2178991 and 2179091)  (cost=20.6 rows=101)
    -> Covering index range scan on sbtest5 using PRIMARY over (2178991 <= id <= 2179091)  (cost=20.6 rows=101)


table 6 : explain SELECT id FROM sbtest6 WHERE id BETWEEN 2178991 AND 2179091
	-> Filter: (sbtest6.id between 2178991 and 2179091)  (cost=20.6 rows=101)
    -> Covering index range scan on sbtest6 using PRIMARY over (2178991 <= id <= 2179091)  (cost=20.6 rows=101)


table 7 : explain SELECT id FROM sbtest7 WHERE id BETWEEN 2178991 AND 2179091
	-> Filter: (sbtest7.id between 2178991 and 2179091)  (cost=20.6 rows=101)
    -> Covering index range scan on sbtest7 using PRIMARY over (2178991 <= id <= 2179091)  (cost=20.6 rows=101)


table 8 : explain SELECT id FROM sbtest8 WHERE id BETWEEN 2178991 AND 2179091
	-> Filter: (sbtest8.id between 2178991 and 2179091)  (cost=20.6 rows=101)
    -> Covering index range scan on sbtest8 using PRIMARY over (2178991 <= id <= 2179091)  (cost=20.6 rows=101)


explain: for range-covered :: explain SELECT id FROM sbtest%d WHERE id BETWEEN 1050546 AND 1050646
explain: for range-covered :: explain SELECT id FROM sbtest%d WHERE id BETWEEN 3859825 AND 3859925
for range-covered
table 1 : explain SELECT id FROM sbtest1 WHERE id BETWEEN 3468232 AND 3468332
	-> Filter: (sbtest1.id between 3468232 and 3468332)  (cost=20.6 rows=101)
    -> Covering index range scan on sbtest1 using PRIMARY over (3468232 <= id <= 3468332)  (cost=20.6 rows=101)


table 2 : explain SELECT id FROM sbtest2 WHERE id BETWEEN 3468232 AND 3468332
	-> Filter: (sbtest2.id between 3468232 and 3468332)  (cost=20.6 rows=101)
    -> Covering index range scan on sbtest2 using PRIMARY over (3468232 <= id <= 3468332)  (cost=20.6 rows=101)


table 3 : explain SELECT id FROM sbtest3 WHERE id BETWEEN 3468232 AND 3468332
	-> Filter: (sbtest3.id between 3468232 and 3468332)  (cost=20.6 rows=101)
    -> Covering index range scan on sbtest3 using PRIMARY over (3468232 <= id <= 3468332)  (cost=20.6 rows=101)


table 4 : explain SELECT id FROM sbtest4 WHERE id BETWEEN 3468232 AND 3468332
	-> Filter: (sbtest4.id between 3468232 and 3468332)  (cost=20.6 rows=101)
    -> Covering index range scan on sbtest4 using PRIMARY over (3468232 <= id <= 3468332)  (cost=20.6 rows=101)


table 5 : explain SELECT id FROM sbtest5 WHERE id BETWEEN 3468232 AND 3468332
	-> Filter: (sbtest5.id between 3468232 and 3468332)  (cost=20.6 rows=101)
    -> Covering index range scan on sbtest5 using PRIMARY over (3468232 <= id <= 3468332)  (cost=20.6 rows=101)


table 6 : explain SELECT id FROM sbtest6 WHERE id BETWEEN 3468232 AND 3468332
	-> Filter: (sbtest6.id between 3468232 and 3468332)  (cost=20.6 rows=101)
    -> Covering index range scan on sbtest6 using PRIMARY over (3468232 <= id <= 3468332)  (cost=20.6 rows=101)


table 7 : explain SELECT id FROM sbtest7 WHERE id BETWEEN 3468232 AND 3468332
	-> Filter: (sbtest7.id between 3468232 and 3468332)  (cost=20.6 rows=101)
    -> Covering index range scan on sbtest7 using PRIMARY over (3468232 <= id <= 3468332)  (cost=20.6 rows=101)


table 8 : explain SELECT id FROM sbtest8 WHERE id BETWEEN 3468232 AND 3468332
	-> Filter: (sbtest8.id between 3468232 and 3468332)  (cost=20.6 rows=101)
    -> Covering index range scan on sbtest8 using PRIMARY over (3468232 <= id <= 3468332)  (cost=20.6 rows=101)


explain: for range-covered :: explain SELECT id FROM sbtest%d WHERE id BETWEEN 3620066 AND 3620166

explain: for range-covered :: explain SELECT id FROM sbtest%d WHERE id BETWEEN 9219070 AND 9219170
for range-covered
table 1 : explain SELECT id FROM sbtest1 WHERE id BETWEEN 4390786 AND 4390886
	-> Filter: (sbtest1.id between 4390786 and 4390886)  (cost=20.6 rows=101)
    -> Covering index range scan on sbtest1 using PRIMARY over (4390786 <= id <= 4390886)  (cost=20.6 rows=101)


table 2 : explain SELECT id FROM sbtest2 WHERE id BETWEEN 4390786 AND 4390886
	-> Filter: (sbtest2.id between 4390786 and 4390886)  (cost=20.6 rows=101)
    -> Covering index range scan on sbtest2 using PRIMARY over (4390786 <= id <= 4390886)  (cost=20.6 rows=101)


table 3 : explain SELECT id FROM sbtest3 WHERE id BETWEEN 4390786 AND 4390886
	-> Filter: (sbtest3.id between 4390786 and 4390886)  (cost=20.6 rows=101)
    -> Covering index range scan on sbtest3 using PRIMARY over (4390786 <= id <= 4390886)  (cost=20.6 rows=101)


table 4 : explain SELECT id FROM sbtest4 WHERE id BETWEEN 4390786 AND 4390886
	-> Filter: (sbtest4.id between 4390786 and 4390886)  (cost=20.6 rows=101)
    -> Covering index range scan on sbtest4 using PRIMARY over (4390786 <= id <= 4390886)  (cost=20.6 rows=101)


table 5 : explain SELECT id FROM sbtest5 WHERE id BETWEEN 4390786 AND 4390886
	-> Filter: (sbtest5.id between 4390786 and 4390886)  (cost=20.6 rows=101)
    -> Covering index range scan on sbtest5 using PRIMARY over (4390786 <= id <= 4390886)  (cost=20.6 rows=101)


table 6 : explain SELECT id FROM sbtest6 WHERE id BETWEEN 4390786 AND 4390886
	-> Filter: (sbtest6.id between 4390786 and 4390886)  (cost=20.6 rows=101)
    -> Covering index range scan on sbtest6 using PRIMARY over (4390786 <= id <= 4390886)  (cost=20.6 rows=101)


table 7 : explain SELECT id FROM sbtest7 WHERE id BETWEEN 4390786 AND 4390886
	-> Filter: (sbtest7.id between 4390786 and 4390886)  (cost=20.6 rows=101)
    -> Covering index range scan on sbtest7 using PRIMARY over (4390786 <= id <= 4390886)  (cost=20.6 rows=101)


table 8 : explain SELECT id FROM sbtest8 WHERE id BETWEEN 4390786 AND 4390886
	-> Filter: (sbtest8.id between 4390786 and 4390886)  (cost=20.6 rows=101)
    -> Covering index range scan on sbtest8 using PRIMARY over (4390786 <= id <= 4390886)  (cost=20.6 rows=101)


for range-covered
table 1 : explain SELECT id FROM sbtest1 WHERE id BETWEEN 4863833 AND 4863933
	-> Filter: (sbtest1.id between 4863833 and 4863933)  (cost=20.6 rows=101)
    -> Covering index range scan on sbtest1 using PRIMARY over (4863833 <= id <= 4863933)  (cost=20.6 rows=101)


table 2 : explain SELECT id FROM sbtest2 WHERE id BETWEEN 4863833 AND 4863933
	-> Filter: (sbtest2.id between 4863833 and 4863933)  (cost=20.6 rows=101)
    -> Covering index range scan on sbtest2 using PRIMARY over (4863833 <= id <= 4863933)  (cost=20.6 rows=101)


table 3 : explain SELECT id FROM sbtest3 WHERE id BETWEEN 4863833 AND 4863933
	-> Filter: (sbtest3.id between 4863833 and 4863933)  (cost=20.6 rows=101)
    -> Covering index range scan on sbtest3 using PRIMARY over (4863833 <= id <= 4863933)  (cost=20.6 rows=101)


table 4 : explain SELECT id FROM sbtest4 WHERE id BETWEEN 4863833 AND 4863933
	-> Filter: (sbtest4.id between 4863833 and 4863933)  (cost=20.6 rows=101)
    -> Covering index range scan on sbtest4 using PRIMARY over (4863833 <= id <= 4863933)  (cost=20.6 rows=101)


table 5 : explain SELECT id FROM sbtest5 WHERE id BETWEEN 4863833 AND 4863933
	-> Filter: (sbtest5.id between 4863833 and 4863933)  (cost=20.6 rows=101)
    -> Covering index range scan on sbtest5 using PRIMARY over (4863833 <= id <= 4863933)  (cost=20.6 rows=101)


table 6 : explain SELECT id FROM sbtest6 WHERE id BETWEEN 4863833 AND 4863933
	-> Filter: (sbtest6.id between 4863833 and 4863933)  (cost=20.6 rows=101)
    -> Covering index range scan on sbtest6 using PRIMARY over (4863833 <= id <= 4863933)  (cost=20.6 rows=101)


table 7 : explain SELECT id FROM sbtest7 WHERE id BETWEEN 4863833 AND 4863933
	-> Filter: (sbtest7.id between 4863833 and 4863933)  (cost=20.6 rows=101)
    -> Covering index range scan on sbtest7 using PRIMARY over (4863833 <= id <= 4863933)  (cost=20.6 rows=101)


table 8 : explain SELECT id FROM sbtest8 WHERE id BETWEEN 4863833 AND 4863933
	-> Filter: (sbtest8.id between 4863833 and 4863933)  (cost=20.6 rows=101)
    -> Covering index range scan on sbtest8 using PRIMARY over (4863833 <= id <= 4863933)  (cost=20.6 rows=101)


explain: for range-covered :: explain SELECT id FROM sbtest%d WHERE id BETWEEN 3504453 AND 3504553for range-covered
table 1 : explain SELECT id FROM sbtest1 WHERE id BETWEEN 6708792 AND 6708892
	-> Filter: (sbtest1.id between 6708792 and 6708892)  (cost=20.6 rows=101)
    -> Covering index range scan on sbtest1 using PRIMARY over (6708792 <= id <= 6708892)  (cost=20.6 rows=101)


table 2 : explain SELECT id FROM sbtest2 WHERE id BETWEEN 6708792 AND 6708892
	-> Filter: (sbtest2.id between 6708792 and 6708892)  (cost=20.6 rows=101)
    -> Covering index range scan on sbtest2 using PRIMARY over (6708792 <= id <= 6708892)  (cost=20.6 rows=101)


table 3 : explain SELECT id FROM sbtest3 WHERE id BETWEEN 6708792 AND 6708892
	-> Filter: (sbtest3.id between 6708792 and 6708892)  (cost=20.6 rows=101)
    -> Covering index range scan on sbtest3 using PRIMARY over (6708792 <= id <= 6708892)  (cost=20.6 rows=101)


table 4 : explain SELECT id FROM sbtest4 WHERE id BETWEEN 6708792 AND 6708892
	-> Filter: (sbtest4.id between 6708792 and 6708892)  (cost=20.6 rows=101)
    -> Covering index range scan on sbtest4 using PRIMARY over (6708792 <= id <= 6708892)  (cost=20.6 rows=101)


table 5 : explain SELECT id FROM sbtest5 WHERE id BETWEEN 6708792 AND 6708892
	-> Filter: (sbtest5.id between 6708792 and 6708892)  (cost=20.6 rows=101)
    -> Covering index range scan on sbtest5 using PRIMARY over (6708792 <= id <= 6708892)  (cost=20.6 rows=101)


table 6 : explain SELECT id FROM sbtest6 WHERE id BETWEEN 6708792 AND 6708892
	-> Filter: (sbtest6.id between 6708792 and 6708892)  (cost=20.6 rows=101)
    -> Covering index range scan on sbtest6 using PRIMARY over (6708792 <= id <= 6708892)  (cost=20.6 rows=101)


table 7 : explain SELECT id FROM sbtest7 WHERE id BETWEEN 6708792 AND 6708892
	-> Filter: (sbtest7.id between 6708792 and 6708892)  (cost=20.6 rows=101)
    -> Covering index range scan on sbtest7 using PRIMARY over (6708792 <= id <= 6708892)  (cost=20.6 rows=101)


table 8 : explain SELECT id FROM sbtest8 WHERE id BETWEEN 6708792 AND 6708892
	-> Filter: (sbtest8.id between 6708792 and 6708892)  (cost=20.6 rows=101)
    -> Covering index range scan on sbtest8 using PRIMARY over (6708792 <= id <= 6708892)  (cost=20.6 rows=101)


explain: for range-covered :: explain SELECT id FROM sbtest%d WHERE id BETWEEN 2178991 AND 2179091
for range-covered
table 1 : explain SELECT id FROM sbtest1 WHERE id BETWEEN 4991619 AND 4991719
	-> Filter: (sbtest1.id between 4991619 and 4991719)  (cost=20.6 rows=101)
    -> Covering index range scan on sbtest1 using PRIMARY over (4991619 <= id <= 4991719)  (cost=20.6 rows=101)


table 2 : explain SELECT id FROM sbtest2 WHERE id BETWEEN 4991619 AND 4991719
	-> Filter: (sbtest2.id between 4991619 and 4991719)  (cost=20.6 rows=101)
    -> Covering index range scan on sbtest2 using PRIMARY over (4991619 <= id <= 4991719)  (cost=20.6 rows=101)


table 3 : explain SELECT id FROM sbtest3 WHERE id BETWEEN 4991619 AND 4991719
	-> Filter: (sbtest3.id between 4991619 and 4991719)  (cost=20.6 rows=101)
    -> Covering index range scan on sbtest3 using PRIMARY over (4991619 <= id <= 4991719)  (cost=20.6 rows=101)


table 4 : explain SELECT id FROM sbtest4 WHERE id BETWEEN 4991619 AND 4991719
	-> Filter: (sbtest4.id between 4991619 and 4991719)  (cost=20.6 rows=101)
    -> Covering index range scan on sbtest4 using PRIMARY over (4991619 <= id <= 4991719)  (cost=20.6 rows=101)


table 5 : explain SELECT id FROM sbtest5 WHERE id BETWEEN 4991619 AND 4991719
	-> Filter: (sbtest5.id between 4991619 and 4991719)  (cost=20.6 rows=101)
    -> Covering index range scan on sbtest5 using PRIMARY over (4991619 <= id <= 4991719)  (cost=20.6 rows=101)


table 6 : explain SELECT id FROM sbtest6 WHERE id BETWEEN 4991619 AND 4991719
	-> Filter: (sbtest6.id between 4991619 and 4991719)  (cost=20.6 rows=101)
    -> Covering index range scan on sbtest6 using PRIMARY over (4991619 <= id <= 4991719)  (cost=20.6 rows=101)


table 7 : explain SELECT id FROM sbtest7 WHERE id BETWEEN 4991619 AND 4991719
	-> Filter: (sbtest7.id between 4991619 and 4991719)  (cost=20.6 rows=101)
    -> Covering index range scan on sbtest7 using PRIMARY over (4991619 <= id <= 4991719)  (cost=20.6 rows=101)


table 8 : explain SELECT id FROM sbtest8 WHERE id BETWEEN 4991619 AND 4991719
	-> Filter: (sbtest8.id between 4991619 and 4991719)  (cost=20.6 rows=101)
    -> Covering index range scan on sbtest8 using PRIMARY over (4991619 <= id <= 4991719)  (cost=20.6 rows=101)


for range-covered
table 1 : explain SELECT id FROM sbtest1 WHERE id BETWEEN 5440251 AND 5440351
	-> Filter: (sbtest1.id between 5440251 and 5440351)  (cost=20.6 rows=101)
    -> Covering index range scan on sbtest1 using PRIMARY over (5440251 <= id <= 5440351)  (cost=20.6 rows=101)


table 2 : explain SELECT id FROM sbtest2 WHERE id BETWEEN 5440251 AND 5440351
	-> Filter: (sbtest2.id between 5440251 and 5440351)  (cost=20.6 rows=101)
    -> Covering index range scan on sbtest2 using PRIMARY over (5440251 <= id <= 5440351)  (cost=20.6 rows=101)


table 3 : explain SELECT id FROM sbtest3 WHERE id BETWEEN 5440251 AND 5440351
	-> Filter: (sbtest3.id between 5440251 and 5440351)  (cost=20.6 rows=101)
    -> Covering index range scan on sbtest3 using PRIMARY over (5440251 <= id <= 5440351)  (cost=20.6 rows=101)


table 4 : explain SELECT id FROM sbtest4 WHERE id BETWEEN 5440251 AND 5440351
	-> Filter: (sbtest4.id between 5440251 and 5440351)  (cost=20.6 rows=101)
    -> Covering index range scan on sbtest4 using PRIMARY over (5440251 <= id <= 5440351)  (cost=20.6 rows=101)


table 5 : explain SELECT id FROM sbtest5 WHERE id BETWEEN 5440251 AND 5440351
	-> Filter: (sbtest5.id between 5440251 and 5440351)  (cost=20.6 rows=101)
    -> Covering index range scan on sbtest5 using PRIMARY over (5440251 <= id <= 5440351)  (cost=20.6 rows=101)


table 6 : explain SELECT id FROM sbtest6 WHERE id BETWEEN 5440251 AND 5440351
	-> Filter: (sbtest6.id between 5440251 and 5440351)  (cost=20.6 rows=101)
    -> Covering index range scan on sbtest6 using PRIMARY over (5440251 <= id <= 5440351)  (cost=20.6 rows=101)


table 7 : explain SELECT id FROM sbtest7 WHERE id BETWEEN 5440251 AND 5440351
	-> Filter: (sbtest7.id between 5440251 and 5440351)  (cost=20.6 rows=101)
    -> Covering index range scan on sbtest7 using PRIMARY over (5440251 <= id <= 5440351)  (cost=20.6 rows=101)


table 8 : explain SELECT id FROM sbtest8 WHERE id BETWEEN 5440251 AND 5440351
	-> Filter: (sbtest8.id between 5440251 and 5440351)  (cost=20.6 rows=101)
    -> Covering index range scan on sbtest8 using PRIMARY over (5440251 <= id <= 5440351)  (cost=20.6 rows=101)


explain: for range-covered :: explain SELECT id FROM sbtest%d WHERE id BETWEEN 4863833 AND 4863933
for range-covered
table 1 : explain SELECT id FROM sbtest1 WHERE id BETWEEN 2322852 AND 2322952
	-> Filter: (sbtest1.id between 2322852 and 2322952)  (cost=20.6 rows=101)
    -> Covering index range scan on sbtest1 using PRIMARY over (2322852 <= id <= 2322952)  (cost=20.6 rows=101)


table 2 : explain SELECT id FROM sbtest2 WHERE id BETWEEN 2322852 AND 2322952
	-> Filter: (sbtest2.id between 2322852 and 2322952)  (cost=20.6 rows=101)
    -> Covering index range scan on sbtest2 using PRIMARY over (2322852 <= id <= 2322952)  (cost=20.6 rows=101)


table 3 : explain SELECT id FROM sbtest3 WHERE id BETWEEN 2322852 AND 2322952
	-> Filter: (sbtest3.id between 2322852 and 2322952)  (cost=20.6 rows=101)
    -> Covering index range scan on sbtest3 using PRIMARY over (2322852 <= id <= 2322952)  (cost=20.6 rows=101)


table 4 : explain SELECT id FROM sbtest4 WHERE id BETWEEN 2322852 AND 2322952
	-> Filter: (sbtest4.id between 2322852 and 2322952)  (cost=20.6 rows=101)
    -> Covering index range scan on sbtest4 using PRIMARY over (2322852 <= id <= 2322952)  (cost=20.6 rows=101)


table 5 : explain SELECT id FROM sbtest5 WHERE id BETWEEN 2322852 AND 2322952
	-> Filter: (sbtest5.id between 2322852 and 2322952)  (cost=20.6 rows=101)
    -> Covering index range scan on sbtest5 using PRIMARY over (2322852 <= id <= 2322952)  (cost=20.6 rows=101)


table 6 : explain SELECT id FROM sbtest6 WHERE id BETWEEN 2322852 AND 2322952
	-> Filter: (sbtest6.id between 2322852 and 2322952)  (cost=20.6 rows=101)
    -> Covering index range scan on sbtest6 using PRIMARY over (2322852 <= id <= 2322952)  (cost=20.6 rows=101)


table 7 : explain SELECT id FROM sbtest7 WHERE id BETWEEN 2322852 AND 2322952
	-> Filter: (sbtest7.id between 2322852 and 2322952)  (cost=20.6 rows=101)
    -> Covering index range scan on sbtest7 using PRIMARY over (2322852 <= id <= 2322952)  (cost=20.6 rows=101)


table 8 : explain SELECT id FROM sbtest8 WHERE id BETWEEN 2322852 AND 2322952
	-> Filter: (sbtest8.id between 2322852 and 2322952)  (cost=20.6 rows=101)
    -> Covering index range scan on sbtest8 using PRIMARY over (2322852 <= id <= 2322952)  (cost=20.6 rows=101)


for range-covered
table 1 : explain SELECT id FROM sbtest1 WHERE id BETWEEN 4333531 AND 4333631
	-> Filter: (sbtest1.id between 4333531 and 4333631)  (cost=20.6 rows=101)
    -> Covering index range scan on sbtest1 using PRIMARY over (4333531 <= id <= 4333631)  (cost=20.6 rows=101)


table 2 : explain SELECT id FROM sbtest2 WHERE id BETWEEN 4333531 AND 4333631
	-> Filter: (sbtest2.id between 4333531 and 4333631)  (cost=20.6 rows=101)
    -> Covering index range scan on sbtest2 using PRIMARY over (4333531 <= id <= 4333631)  (cost=20.6 rows=101)


table 3 : explain SELECT id FROM sbtest3 WHERE id BETWEEN 4333531 AND 4333631
	-> Filter: (sbtest3.id between 4333531 and 4333631)  (cost=20.6 rows=101)
    -> Covering index range scan on sbtest3 using PRIMARY over (4333531 <= id <= 4333631)  (cost=20.6 rows=101)


table 4 : explain SELECT id FROM sbtest4 WHERE id BETWEEN 4333531 AND 4333631
	-> Filter: (sbtest4.id between 4333531 and 4333631)  (cost=20.6 rows=101)
    -> Covering index range scan on sbtest4 using PRIMARY over (4333531 <= id <= 4333631)  (cost=20.6 rows=101)


table 5 : explain SELECT id FROM sbtest5 WHERE id BETWEEN 4333531 AND 4333631
	-> Filter: (sbtest5.id between 4333531 and 4333631)  (cost=20.6 rows=101)
    -> Covering index range scan on sbtest5 using PRIMARY over (4333531 <= id <= 4333631)  (cost=20.6 rows=101)


table 6 : explain SELECT id FROM sbtest6 WHERE id BETWEEN 4333531 AND 4333631
	-> Filter: (sbtest6.id between 4333531 and 4333631)  (cost=20.6 rows=101)
    -> Covering index range scan on sbtest6 using PRIMARY over (4333531 <= id <= 4333631)  (cost=20.6 rows=101)


table 7 : explain SELECT id FROM sbtest7 WHERE id BETWEEN 4333531 AND 4333631
	-> Filter: (sbtest7.id between 4333531 and 4333631)  (cost=20.6 rows=101)
    -> Covering index range scan on sbtest7 using PRIMARY over (4333531 <= id <= 4333631)  (cost=20.6 rows=101)


table 8 : explain SELECT id FROM sbtest8 WHERE id BETWEEN 4333531 AND 4333631
	-> Filter: (sbtest8.id between 4333531 and 4333631)  (cost=20.6 rows=101)
    -> Covering index range scan on sbtest8 using PRIMARY over (4333531 <= id <= 4333631)  (cost=20.6 rows=101)


explain: for range-covered :: explain SELECT id FROM sbtest%d WHERE id BETWEEN 4991619 AND 4991719
for range-covered
table 1 : explain SELECT id FROM sbtest1 WHERE id BETWEEN 3869178 AND 3869278
	-> Filter: (sbtest1.id between 3869178 and 3869278)  (cost=20.6 rows=101)
    -> Covering index range scan on sbtest1 using PRIMARY over (3869178 <= id <= 3869278)  (cost=20.6 rows=101)


table 2 : explain SELECT id FROM sbtest2 WHERE id BETWEEN 3869178 AND 3869278
	-> Filter: (sbtest2.id between 3869178 and 3869278)  (cost=20.6 rows=101)
    -> Covering index range scan on sbtest2 using PRIMARY over (3869178 <= id <= 3869278)  (cost=20.6 rows=101)


table 3 : explain SELECT id FROM sbtest3 WHERE id BETWEEN 3869178 AND 3869278
	-> Filter: (sbtest3.id between 3869178 and 3869278)  (cost=20.6 rows=101)
    -> Covering index range scan on sbtest3 using PRIMARY over (3869178 <= id <= 3869278)  (cost=20.6 rows=101)


table 4 : explain SELECT id FROM sbtest4 WHERE id BETWEEN 3869178 AND 3869278
	-> Filter: (sbtest4.id between 3869178 and 3869278)  (cost=20.6 rows=101)
    -> Covering index range scan on sbtest4 using PRIMARY over (3869178 <= id <= 3869278)  (cost=20.6 rows=101)


table 5 : explain SELECT id FROM sbtest5 WHERE id BETWEEN 3869178 AND 3869278
	-> Filter: (sbtest5.id between 3869178 and 3869278)  (cost=20.6 rows=101)
    -> Covering index range scan on sbtest5 using PRIMARY over (3869178 <= id <= 3869278)  (cost=20.6 rows=101)


table 6 : explain SELECT id FROM sbtest6 WHERE id BETWEEN 3869178 AND 3869278
	-> Filter: (sbtest6.id between 3869178 and 3869278)  (cost=20.6 rows=101)
    -> Covering index range scan on sbtest6 using PRIMARY over (3869178 <= id <= 3869278)  (cost=20.6 rows=101)


table 7 : explain SELECT id FROM sbtest7 WHERE id BETWEEN 3869178 AND 3869278
	-> Filter: (sbtest7.id between 3869178 and 3869278)  (cost=20.6 rows=101)
    -> Covering index range scan on sbtest7 using PRIMARY over (3869178 <= id <= 3869278)  (cost=20.6 rows=101)


table 8 : explain SELECT id FROM sbtest8 WHERE id BETWEEN 3869178 AND 3869278
	-> Filter: (sbtest8.id between 3869178 and 3869278)  (cost=20.6 rows=101)
    -> Covering index range scan on sbtest8 using PRIMARY over (3869178 <= id <= 3869278)  (cost=20.6 rows=101)



explain: for range-covered :: explain SELECT id FROM sbtest%d WHERE id BETWEEN 3468232 AND 3468332
explain: for range-covered :: explain SELECT id FROM sbtest%d WHERE id BETWEEN 6121679 AND 6121779
for range-covered
table 1 : explain SELECT id FROM sbtest1 WHERE id BETWEEN 7020568 AND 7020668
	-> Filter: (sbtest1.id between 7020568 and 7020668)  (cost=20.6 rows=101)
    -> Covering index range scan on sbtest1 using PRIMARY over (7020568 <= id <= 7020668)  (cost=20.6 rows=101)


table 2 : explain SELECT id FROM sbtest2 WHERE id BETWEEN 7020568 AND 7020668
	-> Filter: (sbtest2.id between 7020568 and 7020668)  (cost=20.6 rows=101)
    -> Covering index range scan on sbtest2 using PRIMARY over (7020568 <= id <= 7020668)  (cost=20.6 rows=101)


table 3 : explain SELECT id FROM sbtest3 WHERE id BETWEEN 7020568 AND 7020668
	-> Filter: (sbtest3.id between 7020568 and 7020668)  (cost=20.6 rows=101)
    -> Covering index range scan on sbtest3 using PRIMARY over (7020568 <= id <= 7020668)  (cost=20.6 rows=101)


table 4 : explain SELECT id FROM sbtest4 WHERE id BETWEEN 7020568 AND 7020668
	-> Filter: (sbtest4.id between 7020568 and 7020668)  (cost=20.6 rows=101)
    -> Covering index range scan on sbtest4 using PRIMARY over (7020568 <= id <= 7020668)  (cost=20.6 rows=101)


table 5 : explain SELECT id FROM sbtest5 WHERE id BETWEEN 7020568 AND 7020668
	-> Filter: (sbtest5.id between 7020568 and 7020668)  (cost=20.6 rows=101)
    -> Covering index range scan on sbtest5 using PRIMARY over (7020568 <= id <= 7020668)  (cost=20.6 rows=101)


table 6 : explain SELECT id FROM sbtest6 WHERE id BETWEEN 7020568 AND 7020668
	-> Filter: (sbtest6.id between 7020568 and 7020668)  (cost=20.6 rows=101)
    -> Covering index range scan on sbtest6 using PRIMARY over (7020568 <= id <= 7020668)  (cost=20.6 rows=101)


table 7 : explain SELECT id FROM sbtest7 WHERE id BETWEEN 7020568 AND 7020668
	-> Filter: (sbtest7.id between 7020568 and 7020668)  (cost=20.6 rows=101)
    -> Covering index range scan on sbtest7 using PRIMARY over (7020568 <= id <= 7020668)  (cost=20.6 rows=101)


table 8 : explain SELECT id FROM sbtest8 WHERE id BETWEEN 7020568 AND 7020668
	-> Filter: (sbtest8.id between 7020568 and 7020668)  (cost=20.6 rows=101)
    -> Covering index range scan on sbtest8 using PRIMARY over (7020568 <= id <= 7020668)  (cost=20.6 rows=101)


explain: for range-covered :: explain SELECT id FROM sbtest%d WHERE id BETWEEN 6708792 AND 6708892
explain: for range-covered :: explain SELECT id FROM sbtest%d WHERE id BETWEEN 3869178 AND 3869278
explain: for range-covered :: explain SELECT id FROM sbtest%d WHERE id BETWEEN 7020568 AND 7020668
for range-covered
table 1 : explain SELECT id FROM sbtest1 WHERE id BETWEEN 7126950 AND 7127050
	-> Filter: (sbtest1.id between 7126950 and 7127050)  (cost=20.6 rows=101)
    -> Covering index range scan on sbtest1 using PRIMARY over (7126950 <= id <= 7127050)  (cost=20.6 rows=101)


table 2 : explain SELECT id FROM sbtest2 WHERE id BETWEEN 7126950 AND 7127050
	-> Filter: (sbtest2.id between 7126950 and 7127050)  (cost=20.6 rows=101)
    -> Covering index range scan on sbtest2 using PRIMARY over (7126950 <= id <= 7127050)  (cost=20.6 rows=101)


table 3 : explain SELECT id FROM sbtest3 WHERE id BETWEEN 7126950 AND 7127050
	-> Filter: (sbtest3.id between 7126950 and 7127050)  (cost=20.6 rows=101)
    -> Covering index range scan on sbtest3 using PRIMARY over (7126950 <= id <= 7127050)  (cost=20.6 rows=101)


table 4 : explain SELECT id FROM sbtest4 WHERE id BETWEEN 7126950 AND 7127050
	-> Filter: (sbtest4.id between 7126950 and 7127050)  (cost=20.6 rows=101)
    -> Covering index range scan on sbtest4 using PRIMARY over (7126950 <= id <= 7127050)  (cost=20.6 rows=101)


table 5 : explain SELECT id FROM sbtest5 WHERE id BETWEEN 7126950 AND 7127050
	-> Filter: (sbtest5.id between 7126950 and 7127050)  (cost=20.6 rows=101)
    -> Covering index range scan on sbtest5 using PRIMARY over (7126950 <= id <= 7127050)  (cost=20.6 rows=101)


table 6 : explain SELECT id FROM sbtest6 WHERE id BETWEEN 7126950 AND 7127050
	-> Filter: (sbtest6.id between 7126950 and 7127050)  (cost=20.6 rows=101)
    -> Covering index range scan on sbtest6 using PRIMARY over (7126950 <= id <= 7127050)  (cost=20.6 rows=101)


table 7 : explain SELECT id FROM sbtest7 WHERE id BETWEEN 7126950 AND 7127050
	-> Filter: (sbtest7.id between 7126950 and 7127050)  (cost=20.6 rows=101)
    -> Covering index range scan on sbtest7 using PRIMARY over (7126950 <= id <= 7127050)  (cost=20.6 rows=101)


table 8 : explain SELECT id FROM sbtest8 WHERE id BETWEEN 7126950 AND 7127050
	-> Filter: (sbtest8.id between 7126950 and 7127050)  (cost=20.6 rows=101)
    -> Covering index range scan on sbtest8 using PRIMARY over (7126950 <= id <= 7127050)  (cost=20.6 rows=101)



explain: for range-covered :: explain SELECT id FROM sbtest%d WHERE id BETWEEN 5440251 AND 5440351
for range-covered
table 1 : explain SELECT id FROM sbtest1 WHERE id BETWEEN 4749092 AND 4749192
	-> Filter: (sbtest1.id between 4749092 and 4749192)  (cost=20.6 rows=101)
    -> Covering index range scan on sbtest1 using PRIMARY over (4749092 <= id <= 4749192)  (cost=20.6 rows=101)


table 2 : explain SELECT id FROM sbtest2 WHERE id BETWEEN 4749092 AND 4749192
	-> Filter: (sbtest2.id between 4749092 and 4749192)  (cost=20.6 rows=101)
    -> Covering index range scan on sbtest2 using PRIMARY over (4749092 <= id <= 4749192)  (cost=20.6 rows=101)


table 3 : explain SELECT id FROM sbtest3 WHERE id BETWEEN 4749092 AND 4749192
	-> Filter: (sbtest3.id between 4749092 and 4749192)  (cost=20.6 rows=101)
    -> Covering index range scan on sbtest3 using PRIMARY over (4749092 <= id <= 4749192)  (cost=20.6 rows=101)


table 4 : explain SELECT id FROM sbtest4 WHERE id BETWEEN 4749092 AND 4749192
	-> Filter: (sbtest4.id between 4749092 and 4749192)  (cost=20.6 rows=101)
    -> Covering index range scan on sbtest4 using PRIMARY over (4749092 <= id <= 4749192)  (cost=20.6 rows=101)


table 5 : explain SELECT id FROM sbtest5 WHERE id BETWEEN 4749092 AND 4749192
	-> Filter: (sbtest5.id between 4749092 and 4749192)  (cost=20.6 rows=101)
    -> Covering index range scan on sbtest5 using PRIMARY over (4749092 <= id <= 4749192)  (cost=20.6 rows=101)


table 6 : explain SELECT id FROM sbtest6 WHERE id BETWEEN 4749092 AND 4749192
	-> Filter: (sbtest6.id between 4749092 and 4749192)  (cost=20.6 rows=101)
    -> Covering index range scan on sbtest6 using PRIMARY over (4749092 <= id <= 4749192)  (cost=20.6 rows=101)


table 7 : explain SELECT id FROM sbtest7 WHERE id BETWEEN 4749092 AND 4749192
	-> Filter: (sbtest7.id between 4749092 and 4749192)  (cost=20.6 rows=101)
    -> Covering index range scan on sbtest7 using PRIMARY over (4749092 <= id <= 4749192)  (cost=20.6 rows=101)


table 8 : explain SELECT id FROM sbtest8 WHERE id BETWEEN 4749092 AND 4749192
	-> Filter: (sbtest8.id between 4749092 and 4749192)  (cost=20.6 rows=101)
    -> Covering index range scan on sbtest8 using PRIMARY over (4749092 <= id <= 4749192)  (cost=20.6 rows=101)


explain: for range-covered :: explain SELECT id FROM sbtest%d WHERE id BETWEEN 4333531 AND 4333631explain: for range-covered :: explain SELECT id FROM sbtest%d WHERE id BETWEEN 4390786 AND 4390886
explain: for range-covered :: explain SELECT id FROM sbtest%d WHERE id BETWEEN 3409393 AND 3409493
for range-covered
table 1 : explain SELECT id FROM sbtest1 WHERE id BETWEEN 6607652 AND 6607752
	-> Filter: (sbtest1.id between 6607652 and 6607752)  (cost=20.6 rows=101)
    -> Covering index range scan on sbtest1 using PRIMARY over (6607652 <= id <= 6607752)  (cost=20.6 rows=101)


table 2 : explain SELECT id FROM sbtest2 WHERE id BETWEEN 6607652 AND 6607752
	-> Filter: (sbtest2.id between 6607652 and 6607752)  (cost=20.6 rows=101)
    -> Covering index range scan on sbtest2 using PRIMARY over (6607652 <= id <= 6607752)  (cost=20.6 rows=101)


table 3 : explain SELECT id FROM sbtest3 WHERE id BETWEEN 6607652 AND 6607752
	-> Filter: (sbtest3.id between 6607652 and 6607752)  (cost=20.6 rows=101)
    -> Covering index range scan on sbtest3 using PRIMARY over (6607652 <= id <= 6607752)  (cost=20.6 rows=101)


table 4 : explain SELECT id FROM sbtest4 WHERE id BETWEEN 6607652 AND 6607752
	-> Filter: (sbtest4.id between 6607652 and 6607752)  (cost=20.6 rows=101)
    -> Covering index range scan on sbtest4 using PRIMARY over (6607652 <= id <= 6607752)  (cost=20.6 rows=101)


table 5 : explain SELECT id FROM sbtest5 WHERE id BETWEEN 6607652 AND 6607752
	-> Filter: (sbtest5.id between 6607652 and 6607752)  (cost=20.6 rows=101)
    -> Covering index range scan on sbtest5 using PRIMARY over (6607652 <= id <= 6607752)  (cost=20.6 rows=101)


table 6 : explain SELECT id FROM sbtest6 WHERE id BETWEEN 6607652 AND 6607752
	-> Filter: (sbtest6.id between 6607652 and 6607752)  (cost=20.6 rows=101)
    -> Covering index range scan on sbtest6 using PRIMARY over (6607652 <= id <= 6607752)  (cost=20.6 rows=101)


table 7 : explain SELECT id FROM sbtest7 WHERE id BETWEEN 6607652 AND 6607752
	-> Filter: (sbtest7.id between 6607652 and 6607752)  (cost=20.6 rows=101)
    -> Covering index range scan on sbtest7 using PRIMARY over (6607652 <= id <= 6607752)  (cost=20.6 rows=101)


table 8 : explain SELECT id FROM sbtest8 WHERE id BETWEEN 6607652 AND 6607752
	-> Filter: (sbtest8.id between 6607652 and 6607752)  (cost=20.6 rows=101)
    -> Covering index range scan on sbtest8 using PRIMARY over (6607652 <= id <= 6607752)  (cost=20.6 rows=101)


for range-covered
table 1 : explain SELECT id FROM sbtest1 WHERE id BETWEEN 5687401 AND 5687501
	-> Filter: (sbtest1.id between 5687401 and 5687501)  (cost=20.6 rows=101)
    -> Covering index range scan on sbtest1 using PRIMARY over (5687401 <= id <= 5687501)  (cost=20.6 rows=101)


table 2 : explain SELECT id FROM sbtest2 WHERE id BETWEEN 5687401 AND 5687501
	-> Filter: (sbtest2.id between 5687401 and 5687501)  (cost=20.6 rows=101)
    -> Covering index range scan on sbtest2 using PRIMARY over (5687401 <= id <= 5687501)  (cost=20.6 rows=101)


table 3 : explain SELECT id FROM sbtest3 WHERE id BETWEEN 5687401 AND 5687501
	-> Filter: (sbtest3.id between 5687401 and 5687501)  (cost=20.6 rows=101)
    -> Covering index range scan on sbtest3 using PRIMARY over (5687401 <= id <= 5687501)  (cost=20.6 rows=101)


table 4 : explain SELECT id FROM sbtest4 WHERE id BETWEEN 5687401 AND 5687501
	-> Filter: (sbtest4.id between 5687401 and 5687501)  (cost=20.6 rows=101)
    -> Covering index range scan on sbtest4 using PRIMARY over (5687401 <= id <= 5687501)  (cost=20.6 rows=101)


table 5 : explain SELECT id FROM sbtest5 WHERE id BETWEEN 5687401 AND 5687501
	-> Filter: (sbtest5.id between 5687401 and 5687501)  (cost=20.6 rows=101)
    -> Covering index range scan on sbtest5 using PRIMARY over (5687401 <= id <= 5687501)  (cost=20.6 rows=101)


table 6 : explain SELECT id FROM sbtest6 WHERE id BETWEEN 5687401 AND 5687501
	-> Filter: (sbtest6.id between 5687401 and 5687501)  (cost=20.6 rows=101)
    -> Covering index range scan on sbtest6 using PRIMARY over (5687401 <= id <= 5687501)  (cost=20.6 rows=101)


table 7 : explain SELECT id FROM sbtest7 WHERE id BETWEEN 5687401 AND 5687501
	-> Filter: (sbtest7.id between 5687401 and 5687501)  (cost=20.6 rows=101)
    -> Covering index range scan on sbtest7 using PRIMARY over (5687401 <= id <= 5687501)  (cost=20.6 rows=101)


table 8 : explain SELECT id FROM sbtest8 WHERE id BETWEEN 5687401 AND 5687501
	-> Filter: (sbtest8.id between 5687401 and 5687501)  (cost=20.6 rows=101)
    -> Covering index range scan on sbtest8 using PRIMARY over (5687401 <= id <= 5687501)  (cost=20.6 rows=101)


explain: for range-covered :: explain SELECT id FROM sbtest%d WHERE id BETWEEN 6321405 AND 6321505

for range-covered
table 1 : explain SELECT id FROM sbtest1 WHERE id BETWEEN 4681970 AND 4682070
	-> Filter: (sbtest1.id between 4681970 and 4682070)  (cost=20.6 rows=101)
    -> Covering index range scan on sbtest1 using PRIMARY over (4681970 <= id <= 4682070)  (cost=20.6 rows=101)


table 2 : explain SELECT id FROM sbtest2 WHERE id BETWEEN 4681970 AND 4682070
	-> Filter: (sbtest2.id between 4681970 and 4682070)  (cost=20.6 rows=101)
    -> Covering index range scan on sbtest2 using PRIMARY over (4681970 <= id <= 4682070)  (cost=20.6 rows=101)


table 3 : explain SELECT id FROM sbtest3 WHERE id BETWEEN 4681970 AND 4682070
	-> Filter: (sbtest3.id between 4681970 and 4682070)  (cost=20.6 rows=101)
    -> Covering index range scan on sbtest3 using PRIMARY over (4681970 <= id <= 4682070)  (cost=20.6 rows=101)


table 4 : explain SELECT id FROM sbtest4 WHERE id BETWEEN 4681970 AND 4682070
	-> Filter: (sbtest4.id between 4681970 and 4682070)  (cost=20.6 rows=101)
    -> Covering index range scan on sbtest4 using PRIMARY over (4681970 <= id <= 4682070)  (cost=20.6 rows=101)


table 5 : explain SELECT id FROM sbtest5 WHERE id BETWEEN 4681970 AND 4682070
	-> Filter: (sbtest5.id between 4681970 and 4682070)  (cost=20.6 rows=101)
    -> Covering index range scan on sbtest5 using PRIMARY over (4681970 <= id <= 4682070)  (cost=20.6 rows=101)


table 6 : explain SELECT id FROM sbtest6 WHERE id BETWEEN 4681970 AND 4682070
	-> Filter: (sbtest6.id between 4681970 and 4682070)  (cost=20.6 rows=101)
    -> Covering index range scan on sbtest6 using PRIMARY over (4681970 <= id <= 4682070)  (cost=20.6 rows=101)


table 7 : explain SELECT id FROM sbtest7 WHERE id BETWEEN 4681970 AND 4682070
	-> Filter: (sbtest7.id between 4681970 and 4682070)  (cost=20.6 rows=101)
    -> Covering index range scan on sbtest7 using PRIMARY over (4681970 <= id <= 4682070)  (cost=20.6 rows=101)


table 8 : explain SELECT id FROM sbtest8 WHERE id BETWEEN 4681970 AND 4682070
	-> Filter: (sbtest8.id between 4681970 and 4682070)  (cost=20.6 rows=101)
    -> Covering index range scan on sbtest8 using PRIMARY over (4681970 <= id <= 4682070)  (cost=20.6 rows=101)


for range-covered
table 1 : explain SELECT id FROM sbtest1 WHERE id BETWEEN 2845774 AND 2845874
	-> Filter: (sbtest1.id between 2845774 and 2845874)  (cost=20.6 rows=101)
    -> Covering index range scan on sbtest1 using PRIMARY over (2845774 <= id <= 2845874)  (cost=20.6 rows=101)


table 2 : explain SELECT id FROM sbtest2 WHERE id BETWEEN 2845774 AND 2845874
	-> Filter: (sbtest2.id between 2845774 and 2845874)  (cost=20.6 rows=101)
    -> Covering index range scan on sbtest2 using PRIMARY over (2845774 <= id <= 2845874)  (cost=20.6 rows=101)


table 3 : explain SELECT id FROM sbtest3 WHERE id BETWEEN 2845774 AND 2845874
	-> Filter: (sbtest3.id between 2845774 and 2845874)  (cost=20.6 rows=101)
    -> Covering index range scan on sbtest3 using PRIMARY over (2845774 <= id <= 2845874)  (cost=20.6 rows=101)


table 4 : explain SELECT id FROM sbtest4 WHERE id BETWEEN 2845774 AND 2845874
	-> Filter: (sbtest4.id between 2845774 and 2845874)  (cost=20.6 rows=101)
    -> Covering index range scan on sbtest4 using PRIMARY over (2845774 <= id <= 2845874)  (cost=20.6 rows=101)


table 5 : explain SELECT id FROM sbtest5 WHERE id BETWEEN 2845774 AND 2845874
	-> Filter: (sbtest5.id between 2845774 and 2845874)  (cost=20.6 rows=101)
    -> Covering index range scan on sbtest5 using PRIMARY over (2845774 <= id <= 2845874)  (cost=20.6 rows=101)


table 6 : explain SELECT id FROM sbtest6 WHERE id BETWEEN 2845774 AND 2845874
	-> Filter: (sbtest6.id between 2845774 and 2845874)  (cost=20.6 rows=101)
    -> Covering index range scan on sbtest6 using PRIMARY over (2845774 <= id <= 2845874)  (cost=20.6 rows=101)


table 7 : explain SELECT id FROM sbtest7 WHERE id BETWEEN 2845774 AND 2845874
	-> Filter: (sbtest7.id between 2845774 and 2845874)  (cost=20.6 rows=101)
    -> Covering index range scan on sbtest7 using PRIMARY over (2845774 <= id <= 2845874)  (cost=20.6 rows=101)


table 8 : explain SELECT id FROM sbtest8 WHERE id BETWEEN 2845774 AND 2845874
	-> Filter: (sbtest8.id between 2845774 and 2845874)  (cost=20.6 rows=101)
    -> Covering index range scan on sbtest8 using PRIMARY over (2845774 <= id <= 2845874)  (cost=20.6 rows=101)

explain: for range-covered :: explain SELECT id FROM sbtest%d WHERE id BETWEEN 4749092 AND 4749192explain: for range-covered :: explain SELECT id FROM sbtest%d WHERE id BETWEEN 7126950 AND 7127050
explain: for range-covered :: explain SELECT id FROM sbtest%d WHERE id BETWEEN 2322852 AND 2322952

for range-covered
table 1 : explain SELECT id FROM sbtest1 WHERE id BETWEEN 7609338 AND 7609438
	-> Filter: (sbtest1.id between 7609338 and 7609438)  (cost=20.6 rows=101)
    -> Covering index range scan on sbtest1 using PRIMARY over (7609338 <= id <= 7609438)  (cost=20.6 rows=101)


table 2 : explain SELECT id FROM sbtest2 WHERE id BETWEEN 7609338 AND 7609438
	-> Filter: (sbtest2.id between 7609338 and 7609438)  (cost=20.6 rows=101)
    -> Covering index range scan on sbtest2 using PRIMARY over (7609338 <= id <= 7609438)  (cost=20.6 rows=101)


table 3 : explain SELECT id FROM sbtest3 WHERE id BETWEEN 7609338 AND 7609438
	-> Filter: (sbtest3.id between 7609338 and 7609438)  (cost=20.6 rows=101)
    -> Covering index range scan on sbtest3 using PRIMARY over (7609338 <= id <= 7609438)  (cost=20.6 rows=101)


table 4 : explain SELECT id FROM sbtest4 WHERE id BETWEEN 7609338 AND 7609438
	-> Filter: (sbtest4.id between 7609338 and 7609438)  (cost=20.6 rows=101)
    -> Covering index range scan on sbtest4 using PRIMARY over (7609338 <= id <= 7609438)  (cost=20.6 rows=101)


table 5 : explain SELECT id FROM sbtest5 WHERE id BETWEEN 7609338 AND 7609438
	-> Filter: (sbtest5.id between 7609338 and 7609438)  (cost=20.6 rows=101)
    -> Covering index range scan on sbtest5 using PRIMARY over (7609338 <= id <= 7609438)  (cost=20.6 rows=101)


table 6 : explain SELECT id FROM sbtest6 WHERE id BETWEEN 7609338 AND 7609438
	-> Filter: (sbtest6.id between 7609338 and 7609438)  (cost=20.6 rows=101)
    -> Covering index range scan on sbtest6 using PRIMARY over (7609338 <= id <= 7609438)  (cost=20.6 rows=101)


table 7 : explain SELECT id FROM sbtest7 WHERE id BETWEEN 7609338 AND 7609438
	-> Filter: (sbtest7.id between 7609338 and 7609438)  (cost=20.6 rows=101)
    -> Covering index range scan on sbtest7 using PRIMARY over (7609338 <= id <= 7609438)  (cost=20.6 rows=101)


table 8 : explain SELECT id FROM sbtest8 WHERE id BETWEEN 7609338 AND 7609438
	-> Filter: (sbtest8.id between 7609338 and 7609438)  (cost=20.6 rows=101)
    -> Covering index range scan on sbtest8 using PRIMARY over (7609338 <= id <= 7609438)  (cost=20.6 rows=101)


explain: for range-covered :: explain SELECT id FROM sbtest%d WHERE id BETWEEN 5687401 AND 5687501

explain: for range-covered :: explain SELECT id FROM sbtest%d WHERE id BETWEEN 6607652 AND 6607752
for range-covered
table 1 : explain SELECT id FROM sbtest1 WHERE id BETWEEN 1893473 AND 1893573
	-> Filter: (sbtest1.id between 1893473 and 1893573)  (cost=20.6 rows=101)
    -> Covering index range scan on sbtest1 using PRIMARY over (1893473 <= id <= 1893573)  (cost=20.6 rows=101)


table 2 : explain SELECT id FROM sbtest2 WHERE id BETWEEN 1893473 AND 1893573
	-> Filter: (sbtest2.id between 1893473 and 1893573)  (cost=20.6 rows=101)
    -> Covering index range scan on sbtest2 using PRIMARY over (1893473 <= id <= 1893573)  (cost=20.6 rows=101)


table 3 : explain SELECT id FROM sbtest3 WHERE id BETWEEN 1893473 AND 1893573
	-> Filter: (sbtest3.id between 1893473 and 1893573)  (cost=20.6 rows=101)
    -> Covering index range scan on sbtest3 using PRIMARY over (1893473 <= id <= 1893573)  (cost=20.6 rows=101)


table 4 : explain SELECT id FROM sbtest4 WHERE id BETWEEN 1893473 AND 1893573
	-> Filter: (sbtest4.id between 1893473 and 1893573)  (cost=20.6 rows=101)
    -> Covering index range scan on sbtest4 using PRIMARY over (1893473 <= id <= 1893573)  (cost=20.6 rows=101)


table 5 : explain SELECT id FROM sbtest5 WHERE id BETWEEN 1893473 AND 1893573
	-> Filter: (sbtest5.id between 1893473 and 1893573)  (cost=20.6 rows=101)
    -> Covering index range scan on sbtest5 using PRIMARY over (1893473 <= id <= 1893573)  (cost=20.6 rows=101)


table 6 : explain SELECT id FROM sbtest6 WHERE id BETWEEN 1893473 AND 1893573
	-> Filter: (sbtest6.id between 1893473 and 1893573)  (cost=20.6 rows=101)
    -> Covering index range scan on sbtest6 using PRIMARY over (1893473 <= id <= 1893573)  (cost=20.6 rows=101)


table 7 : explain SELECT id FROM sbtest7 WHERE id BETWEEN 1893473 AND 1893573
	-> Filter: (sbtest7.id between 1893473 and 1893573)  (cost=20.6 rows=101)
    -> Covering index range scan on sbtest7 using PRIMARY over (1893473 <= id <= 1893573)  (cost=20.6 rows=101)


table 8 : explain SELECT id FROM sbtest8 WHERE id BETWEEN 1893473 AND 1893573
	-> Filter: (sbtest8.id between 1893473 and 1893573)  (cost=20.6 rows=101)
    -> Covering index range scan on sbtest8 using PRIMARY over (1893473 <= id <= 1893573)  (cost=20.6 rows=101)


explain: for range-covered :: explain SELECT id FROM sbtest%d WHERE id BETWEEN 7609338 AND 7609438
for range-covered
table 1 : explain SELECT id FROM sbtest1 WHERE id BETWEEN 8126829 AND 8126929
	-> Filter: (sbtest1.id between 8126829 and 8126929)  (cost=20.6 rows=101)
    -> Covering index range scan on sbtest1 using PRIMARY over (8126829 <= id <= 8126929)  (cost=20.6 rows=101)


table 2 : explain SELECT id FROM sbtest2 WHERE id BETWEEN 8126829 AND 8126929
	-> Filter: (sbtest2.id between 8126829 and 8126929)  (cost=20.6 rows=101)
    -> Covering index range scan on sbtest2 using PRIMARY over (8126829 <= id <= 8126929)  (cost=20.6 rows=101)


table 3 : explain SELECT id FROM sbtest3 WHERE id BETWEEN 8126829 AND 8126929
	-> Filter: (sbtest3.id between 8126829 and 8126929)  (cost=20.6 rows=101)
    -> Covering index range scan on sbtest3 using PRIMARY over (8126829 <= id <= 8126929)  (cost=20.6 rows=101)


table 4 : explain SELECT id FROM sbtest4 WHERE id BETWEEN 8126829 AND 8126929
	-> Filter: (sbtest4.id between 8126829 and 8126929)  (cost=20.6 rows=101)
    -> Covering index range scan on sbtest4 using PRIMARY over (8126829 <= id <= 8126929)  (cost=20.6 rows=101)


table 5 : explain SELECT id FROM sbtest5 WHERE id BETWEEN 8126829 AND 8126929
	-> Filter: (sbtest5.id between 8126829 and 8126929)  (cost=20.6 rows=101)
    -> Covering index range scan on sbtest5 using PRIMARY over (8126829 <= id <= 8126929)  (cost=20.6 rows=101)


table 6 : explain SELECT id FROM sbtest6 WHERE id BETWEEN 8126829 AND 8126929
	-> Filter: (sbtest6.id between 8126829 and 8126929)  (cost=20.6 rows=101)
    -> Covering index range scan on sbtest6 using PRIMARY over (8126829 <= id <= 8126929)  (cost=20.6 rows=101)


table 7 : explain SELECT id FROM sbtest7 WHERE id BETWEEN 8126829 AND 8126929
	-> Filter: (sbtest7.id between 8126829 and 8126929)  (cost=20.6 rows=101)
    -> Covering index range scan on sbtest7 using PRIMARY over (8126829 <= id <= 8126929)  (cost=20.6 rows=101)


table 8 : explain SELECT id FROM sbtest8 WHERE id BETWEEN 8126829 AND 8126929
	-> Filter: (sbtest8.id between 8126829 and 8126929)  (cost=20.6 rows=101)
    -> Covering index range scan on sbtest8 using PRIMARY over (8126829 <= id <= 8126929)  (cost=20.6 rows=101)


for range-covered
table 1 : explain SELECT id FROM sbtest1 WHERE id BETWEEN 5590836 AND 5590936
	-> Filter: (sbtest1.id between 5590836 and 5590936)  (cost=20.6 rows=101)
    -> Covering index range scan on sbtest1 using PRIMARY over (5590836 <= id <= 5590936)  (cost=20.6 rows=101)


table 2 : explain SELECT id FROM sbtest2 WHERE id BETWEEN 5590836 AND 5590936
	-> Filter: (sbtest2.id between 5590836 and 5590936)  (cost=20.6 rows=101)
    -> Covering index range scan on sbtest2 using PRIMARY over (5590836 <= id <= 5590936)  (cost=20.6 rows=101)


table 3 : explain SELECT id FROM sbtest3 WHERE id BETWEEN 5590836 AND 5590936
	-> Filter: (sbtest3.id between 5590836 and 5590936)  (cost=20.6 rows=101)
    -> Covering index range scan on sbtest3 using PRIMARY over (5590836 <= id <= 5590936)  (cost=20.6 rows=101)


table 4 : explain SELECT id FROM sbtest4 WHERE id BETWEEN 5590836 AND 5590936
	-> Filter: (sbtest4.id between 5590836 and 5590936)  (cost=20.6 rows=101)
    -> Covering index range scan on sbtest4 using PRIMARY over (5590836 <= id <= 5590936)  (cost=20.6 rows=101)


table 5 : explain SELECT id FROM sbtest5 WHERE id BETWEEN 5590836 AND 5590936
	-> Filter: (sbtest5.id between 5590836 and 5590936)  (cost=20.6 rows=101)
    -> Covering index range scan on sbtest5 using PRIMARY over (5590836 <= id <= 5590936)  (cost=20.6 rows=101)


table 6 : explain SELECT id FROM sbtest6 WHERE id BETWEEN 5590836 AND 5590936
	-> Filter: (sbtest6.id between 5590836 and 5590936)  (cost=20.6 rows=101)
    -> Covering index range scan on sbtest6 using PRIMARY over (5590836 <= id <= 5590936)  (cost=20.6 rows=101)


table 7 : explain SELECT id FROM sbtest7 WHERE id BETWEEN 5590836 AND 5590936
	-> Filter: (sbtest7.id between 5590836 and 5590936)  (cost=20.6 rows=101)
    -> Covering index range scan on sbtest7 using PRIMARY over (5590836 <= id <= 5590936)  (cost=20.6 rows=101)


table 8 : explain SELECT id FROM sbtest8 WHERE id BETWEEN 5590836 AND 5590936
	-> Filter: (sbtest8.id between 5590836 and 5590936)  (cost=20.6 rows=101)
    -> Covering index range scan on sbtest8 using PRIMARY over (5590836 <= id <= 5590936)  (cost=20.6 rows=101)


explain: for range-covered :: explain SELECT id FROM sbtest%d WHERE id BETWEEN 4681970 AND 4682070
for range-covered
table 1 : explain SELECT id FROM sbtest1 WHERE id BETWEEN 5021943 AND 5022043
	-> Filter: (sbtest1.id between 5021943 and 5022043)  (cost=20.6 rows=101)
    -> Covering index range scan on sbtest1 using PRIMARY over (5021943 <= id <= 5022043)  (cost=20.6 rows=101)


table 2 : explain SELECT id FROM sbtest2 WHERE id BETWEEN 5021943 AND 5022043
	-> Filter: (sbtest2.id between 5021943 and 5022043)  (cost=20.6 rows=101)
    -> Covering index range scan on sbtest2 using PRIMARY over (5021943 <= id <= 5022043)  (cost=20.6 rows=101)


table 3 : explain SELECT id FROM sbtest3 WHERE id BETWEEN 5021943 AND 5022043
	-> Filter: (sbtest3.id between 5021943 and 5022043)  (cost=20.6 rows=101)
    -> Covering index range scan on sbtest3 using PRIMARY over (5021943 <= id <= 5022043)  (cost=20.6 rows=101)


table 4 : explain SELECT id FROM sbtest4 WHERE id BETWEEN 5021943 AND 5022043
	-> Filter: (sbtest4.id between 5021943 and 5022043)  (cost=20.6 rows=101)
    -> Covering index range scan on sbtest4 using PRIMARY over (5021943 <= id <= 5022043)  (cost=20.6 rows=101)


table 5 : explain SELECT id FROM sbtest5 WHERE id BETWEEN 5021943 AND 5022043
	-> Filter: (sbtest5.id between 5021943 and 5022043)  (cost=20.6 rows=101)
    -> Covering index range scan on sbtest5 using PRIMARY over (5021943 <= id <= 5022043)  (cost=20.6 rows=101)


table 6 : explain SELECT id FROM sbtest6 WHERE id BETWEEN 5021943 AND 5022043
	-> Filter: (sbtest6.id between 5021943 and 5022043)  (cost=20.6 rows=101)
    -> Covering index range scan on sbtest6 using PRIMARY over (5021943 <= id <= 5022043)  (cost=20.6 rows=101)


table 7 : explain SELECT id FROM sbtest7 WHERE id BETWEEN 5021943 AND 5022043
	-> Filter: (sbtest7.id between 5021943 and 5022043)  (cost=20.6 rows=101)
    -> Covering index range scan on sbtest7 using PRIMARY over (5021943 <= id <= 5022043)  (cost=20.6 rows=101)


table 8 : explain SELECT id FROM sbtest8 WHERE id BETWEEN 5021943 AND 5022043
	-> Filter: (sbtest8.id between 5021943 and 5022043)  (cost=20.6 rows=101)
    -> Covering index range scan on sbtest8 using PRIMARY over (5021943 <= id <= 5022043)  (cost=20.6 rows=101)


explain: for range-covered :: explain SELECT id FROM sbtest%d WHERE id BETWEEN 2845774 AND 2845874explain: for range-covered :: explain SELECT id FROM sbtest%d WHERE id BETWEEN 8126829 AND 8126929
explain: for range-covered :: explain SELECT id FROM sbtest%d WHERE id BETWEEN 1893473 AND 1893573
for range-covered
table 1 : explain SELECT id FROM sbtest1 WHERE id BETWEEN 5453131 AND 5453231
	-> Filter: (sbtest1.id between 5453131 and 5453231)  (cost=20.6 rows=101)
    -> Covering index range scan on sbtest1 using PRIMARY over (5453131 <= id <= 5453231)  (cost=20.6 rows=101)


table 2 : explain SELECT id FROM sbtest2 WHERE id BETWEEN 5453131 AND 5453231
	-> Filter: (sbtest2.id between 5453131 and 5453231)  (cost=20.6 rows=101)
    -> Covering index range scan on sbtest2 using PRIMARY over (5453131 <= id <= 5453231)  (cost=20.6 rows=101)


table 3 : explain SELECT id FROM sbtest3 WHERE id BETWEEN 5453131 AND 5453231
	-> Filter: (sbtest3.id between 5453131 and 5453231)  (cost=20.6 rows=101)
    -> Covering index range scan on sbtest3 using PRIMARY over (5453131 <= id <= 5453231)  (cost=20.6 rows=101)


table 4 : explain SELECT id FROM sbtest4 WHERE id BETWEEN 5453131 AND 5453231
	-> Filter: (sbtest4.id between 5453131 and 5453231)  (cost=20.6 rows=101)
    -> Covering index range scan on sbtest4 using PRIMARY over (5453131 <= id <= 5453231)  (cost=20.6 rows=101)


table 5 : explain SELECT id FROM sbtest5 WHERE id BETWEEN 5453131 AND 5453231
	-> Filter: (sbtest5.id between 5453131 and 5453231)  (cost=20.6 rows=101)
    -> Covering index range scan on sbtest5 using PRIMARY over (5453131 <= id <= 5453231)  (cost=20.6 rows=101)


table 6 : explain SELECT id FROM sbtest6 WHERE id BETWEEN 5453131 AND 5453231
	-> Filter: (sbtest6.id between 5453131 and 5453231)  (cost=20.6 rows=101)
    -> Covering index range scan on sbtest6 using PRIMARY over (5453131 <= id <= 5453231)  (cost=20.6 rows=101)


table 7 : explain SELECT id FROM sbtest7 WHERE id BETWEEN 5453131 AND 5453231
	-> Filter: (sbtest7.id between 5453131 and 5453231)  (cost=20.6 rows=101)
    -> Covering index range scan on sbtest7 using PRIMARY over (5453131 <= id <= 5453231)  (cost=20.6 rows=101)


table 8 : explain SELECT id FROM sbtest8 WHERE id BETWEEN 5453131 AND 5453231
	-> Filter: (sbtest8.id between 5453131 and 5453231)  (cost=20.6 rows=101)
    -> Covering index range scan on sbtest8 using PRIMARY over (5453131 <= id <= 5453231)  (cost=20.6 rows=101)


explain: for range-covered :: explain SELECT id FROM sbtest%d WHERE id BETWEEN 5590836 AND 5590936
for range-covered
table 1 : explain SELECT id FROM sbtest1 WHERE id BETWEEN 7665281 AND 7665381
	-> Filter: (sbtest1.id between 7665281 and 7665381)  (cost=20.6 rows=101)
    -> Covering index range scan on sbtest1 using PRIMARY over (7665281 <= id <= 7665381)  (cost=20.6 rows=101)


table 2 : explain SELECT id FROM sbtest2 WHERE id BETWEEN 7665281 AND 7665381
	-> Filter: (sbtest2.id between 7665281 and 7665381)  (cost=20.6 rows=101)
    -> Covering index range scan on sbtest2 using PRIMARY over (7665281 <= id <= 7665381)  (cost=20.6 rows=101)


table 3 : explain SELECT id FROM sbtest3 WHERE id BETWEEN 7665281 AND 7665381
	-> Filter: (sbtest3.id between 7665281 and 7665381)  (cost=20.6 rows=101)
    -> Covering index range scan on sbtest3 using PRIMARY over (7665281 <= id <= 7665381)  (cost=20.6 rows=101)


table 4 : explain SELECT id FROM sbtest4 WHERE id BETWEEN 7665281 AND 7665381
	-> Filter: (sbtest4.id between 7665281 and 7665381)  (cost=20.6 rows=101)
    -> Covering index range scan on sbtest4 using PRIMARY over (7665281 <= id <= 7665381)  (cost=20.6 rows=101)


table 5 : explain SELECT id FROM sbtest5 WHERE id BETWEEN 7665281 AND 7665381
	-> Filter: (sbtest5.id between 7665281 and 7665381)  (cost=20.6 rows=101)
    -> Covering index range scan on sbtest5 using PRIMARY over (7665281 <= id <= 7665381)  (cost=20.6 rows=101)


table 6 : explain SELECT id FROM sbtest6 WHERE id BETWEEN 7665281 AND 7665381
	-> Filter: (sbtest6.id between 7665281 and 7665381)  (cost=20.6 rows=101)
    -> Covering index range scan on sbtest6 using PRIMARY over (7665281 <= id <= 7665381)  (cost=20.6 rows=101)


table 7 : explain SELECT id FROM sbtest7 WHERE id BETWEEN 7665281 AND 7665381
	-> Filter: (sbtest7.id between 7665281 and 7665381)  (cost=20.6 rows=101)
    -> Covering index range scan on sbtest7 using PRIMARY over (7665281 <= id <= 7665381)  (cost=20.6 rows=101)


table 8 : explain SELECT id FROM sbtest8 WHERE id BETWEEN 7665281 AND 7665381
	-> Filter: (sbtest8.id between 7665281 and 7665381)  (cost=20.6 rows=101)
    -> Covering index range scan on sbtest8 using PRIMARY over (7665281 <= id <= 7665381)  (cost=20.6 rows=101)

for range-covered
table 1 : explain SELECT id FROM sbtest1 WHERE id BETWEEN 5068006 AND 5068106
	-> Filter: (sbtest1.id between 5068006 and 5068106)  (cost=20.6 rows=101)
    -> Covering index range scan on sbtest1 using PRIMARY over (5068006 <= id <= 5068106)  (cost=20.6 rows=101)


table 2 : explain SELECT id FROM sbtest2 WHERE id BETWEEN 5068006 AND 5068106
	-> Filter: (sbtest2.id between 5068006 and 5068106)  (cost=20.6 rows=101)
    -> Covering index range scan on sbtest2 using PRIMARY over (5068006 <= id <= 5068106)  (cost=20.6 rows=101)


table 3 : explain SELECT id FROM sbtest3 WHERE id BETWEEN 5068006 AND 5068106
	-> Filter: (sbtest3.id between 5068006 and 5068106)  (cost=20.6 rows=101)
    -> Covering index range scan on sbtest3 using PRIMARY over (5068006 <= id <= 5068106)  (cost=20.6 rows=101)


table 4 : explain SELECT id FROM sbtest4 WHERE id BETWEEN 5068006 AND 5068106
	-> Filter: (sbtest4.id between 5068006 and 5068106)  (cost=20.6 rows=101)
    -> Covering index range scan on sbtest4 using PRIMARY over (5068006 <= id <= 5068106)  (cost=20.6 rows=101)


table 5 : explain SELECT id FROM sbtest5 WHERE id BETWEEN 5068006 AND 5068106
	-> Filter: (sbtest5.id between 5068006 and 5068106)  (cost=20.6 rows=101)
    -> Covering index range scan on sbtest5 using PRIMARY over (5068006 <= id <= 5068106)  (cost=20.6 rows=101)


table 6 : explain SELECT id FROM sbtest6 WHERE id BETWEEN 5068006 AND 5068106
	-> Filter: (sbtest6.id between 5068006 and 5068106)  (cost=20.6 rows=101)
    -> Covering index range scan on sbtest6 using PRIMARY over (5068006 <= id <= 5068106)  (cost=20.6 rows=101)


table 7 : explain SELECT id FROM sbtest7 WHERE id BETWEEN 5068006 AND 5068106
	-> Filter: (sbtest7.id between 5068006 and 5068106)  (cost=20.6 rows=101)
    -> Covering index range scan on sbtest7 using PRIMARY over (5068006 <= id <= 5068106)  (cost=20.6 rows=101)


table 8 : explain SELECT id FROM sbtest8 WHERE id BETWEEN 5068006 AND 5068106
	-> Filter: (sbtest8.id between 5068006 and 5068106)  (cost=20.6 rows=101)
    -> Covering index range scan on sbtest8 using PRIMARY over (5068006 <= id <= 5068106)  (cost=20.6 rows=101)


for range-covered
table 1 : explain SELECT id FROM sbtest1 WHERE id BETWEEN 8026450 AND 8026550
	-> Filter: (sbtest1.id between 8026450 and 8026550)  (cost=20.6 rows=101)
    -> Covering index range scan on sbtest1 using PRIMARY over (8026450 <= id <= 8026550)  (cost=20.6 rows=101)


table 2 : explain SELECT id FROM sbtest2 WHERE id BETWEEN 8026450 AND 8026550
	-> Filter: (sbtest2.id between 8026450 and 8026550)  (cost=20.6 rows=101)
    -> Covering index range scan on sbtest2 using PRIMARY over (8026450 <= id <= 8026550)  (cost=20.6 rows=101)


table 3 : explain SELECT id FROM sbtest3 WHERE id BETWEEN 8026450 AND 8026550
	-> Filter: (sbtest3.id between 8026450 and 8026550)  (cost=20.6 rows=101)
    -> Covering index range scan on sbtest3 using PRIMARY over (8026450 <= id <= 8026550)  (cost=20.6 rows=101)


table 4 : explain SELECT id FROM sbtest4 WHERE id BETWEEN 8026450 AND 8026550
	-> Filter: (sbtest4.id between 8026450 and 8026550)  (cost=20.6 rows=101)
    -> Covering index range scan on sbtest4 using PRIMARY over (8026450 <= id <= 8026550)  (cost=20.6 rows=101)


table 5 : explain SELECT id FROM sbtest5 WHERE id BETWEEN 8026450 AND 8026550
	-> Filter: (sbtest5.id between 8026450 and 8026550)  (cost=20.6 rows=101)
    -> Covering index range scan on sbtest5 using PRIMARY over (8026450 <= id <= 8026550)  (cost=20.6 rows=101)


table 6 : explain SELECT id FROM sbtest6 WHERE id BETWEEN 8026450 AND 8026550
	-> Filter: (sbtest6.id between 8026450 and 8026550)  (cost=20.6 rows=101)
    -> Covering index range scan on sbtest6 using PRIMARY over (8026450 <= id <= 8026550)  (cost=20.6 rows=101)


table 7 : explain SELECT id FROM sbtest7 WHERE id BETWEEN 8026450 AND 8026550
	-> Filter: (sbtest7.id between 8026450 and 8026550)  (cost=20.6 rows=101)
    -> Covering index range scan on sbtest7 using PRIMARY over (8026450 <= id <= 8026550)  (cost=20.6 rows=101)


table 8 : explain SELECT id FROM sbtest8 WHERE id BETWEEN 8026450 AND 8026550
	-> Filter: (sbtest8.id between 8026450 and 8026550)  (cost=20.6 rows=101)
    -> Covering index range scan on sbtest8 using PRIMARY over (8026450 <= id <= 8026550)  (cost=20.6 rows=101)


for range-covered
table 1 : explain SELECT id FROM sbtest1 WHERE id BETWEEN 4472526 AND 4472626
	-> Filter: (sbtest1.id between 4472526 and 4472626)  (cost=20.6 rows=101)
    -> Covering index range scan on sbtest1 using PRIMARY over (4472526 <= id <= 4472626)  (cost=20.6 rows=101)


table 2 : explain SELECT id FROM sbtest2 WHERE id BETWEEN 4472526 AND 4472626
	-> Filter: (sbtest2.id between 4472526 and 4472626)  (cost=20.6 rows=101)
    -> Covering index range scan on sbtest2 using PRIMARY over (4472526 <= id <= 4472626)  (cost=20.6 rows=101)


table 3 : explain SELECT id FROM sbtest3 WHERE id BETWEEN 4472526 AND 4472626
	-> Filter: (sbtest3.id between 4472526 and 4472626)  (cost=20.6 rows=101)
    -> Covering index range scan on sbtest3 using PRIMARY over (4472526 <= id <= 4472626)  (cost=20.6 rows=101)


table 4 : explain SELECT id FROM sbtest4 WHERE id BETWEEN 4472526 AND 4472626
	-> Filter: (sbtest4.id between 4472526 and 4472626)  (cost=20.6 rows=101)
    -> Covering index range scan on sbtest4 using PRIMARY over (4472526 <= id <= 4472626)  (cost=20.6 rows=101)


table 5 : explain SELECT id FROM sbtest5 WHERE id BETWEEN 4472526 AND 4472626
	-> Filter: (sbtest5.id between 4472526 and 4472626)  (cost=20.6 rows=101)
    -> Covering index range scan on sbtest5 using PRIMARY over (4472526 <= id <= 4472626)  (cost=20.6 rows=101)


table 6 : explain SELECT id FROM sbtest6 WHERE id BETWEEN 4472526 AND 4472626
	-> Filter: (sbtest6.id between 4472526 and 4472626)  (cost=20.6 rows=101)
    -> Covering index range scan on sbtest6 using PRIMARY over (4472526 <= id <= 4472626)  (cost=20.6 rows=101)


table 7 : explain SELECT id FROM sbtest7 WHERE id BETWEEN 4472526 AND 4472626
	-> Filter: (sbtest7.id between 4472526 and 4472626)  (cost=20.6 rows=101)
    -> Covering index range scan on sbtest7 using PRIMARY over (4472526 <= id <= 4472626)  (cost=20.6 rows=101)


table 8 : explain SELECT id FROM sbtest8 WHERE id BETWEEN 4472526 AND 4472626
	-> Filter: (sbtest8.id between 4472526 and 4472626)  (cost=20.6 rows=101)
    -> Covering index range scan on sbtest8 using PRIMARY over (4472526 <= id <= 4472626)  (cost=20.6 rows=101)


explain: for range-covered :: explain SELECT id FROM sbtest%d WHERE id BETWEEN 5453131 AND 5453231

for range-covered
table 1 : explain SELECT id FROM sbtest1 WHERE id BETWEEN 7505176 AND 7505276
	-> Filter: (sbtest1.id between 7505176 and 7505276)  (cost=20.6 rows=101)
    -> Covering index range scan on sbtest1 using PRIMARY over (7505176 <= id <= 7505276)  (cost=20.6 rows=101)


table 2 : explain SELECT id FROM sbtest2 WHERE id BETWEEN 7505176 AND 7505276
	-> Filter: (sbtest2.id between 7505176 and 7505276)  (cost=20.6 rows=101)
    -> Covering index range scan on sbtest2 using PRIMARY over (7505176 <= id <= 7505276)  (cost=20.6 rows=101)


table 3 : explain SELECT id FROM sbtest3 WHERE id BETWEEN 7505176 AND 7505276
	-> Filter: (sbtest3.id between 7505176 and 7505276)  (cost=20.6 rows=101)
    -> Covering index range scan on sbtest3 using PRIMARY over (7505176 <= id <= 7505276)  (cost=20.6 rows=101)


table 4 : explain SELECT id FROM sbtest4 WHERE id BETWEEN 7505176 AND 7505276
	-> Filter: (sbtest4.id between 7505176 and 7505276)  (cost=20.6 rows=101)
    -> Covering index range scan on sbtest4 using PRIMARY over (7505176 <= id <= 7505276)  (cost=20.6 rows=101)


table 5 : explain SELECT id FROM sbtest5 WHERE id BETWEEN 7505176 AND 7505276
	-> Filter: (sbtest5.id between 7505176 and 7505276)  (cost=20.6 rows=101)
    -> Covering index range scan on sbtest5 using PRIMARY over (7505176 <= id <= 7505276)  (cost=20.6 rows=101)


table 6 : explain SELECT id FROM sbtest6 WHERE id BETWEEN 7505176 AND 7505276
	-> Filter: (sbtest6.id between 7505176 and 7505276)  (cost=20.6 rows=101)
    -> Covering index range scan on sbtest6 using PRIMARY over (7505176 <= id <= 7505276)  (cost=20.6 rows=101)


table 7 : explain SELECT id FROM sbtest7 WHERE id BETWEEN 7505176 AND 7505276
	-> Filter: (sbtest7.id between 7505176 and 7505276)  (cost=20.6 rows=101)
    -> Covering index range scan on sbtest7 using PRIMARY over (7505176 <= id <= 7505276)  (cost=20.6 rows=101)


table 8 : explain SELECT id FROM sbtest8 WHERE id BETWEEN 7505176 AND 7505276
	-> Filter: (sbtest8.id between 7505176 and 7505276)  (cost=20.6 rows=101)
    -> Covering index range scan on sbtest8 using PRIMARY over (7505176 <= id <= 7505276)  (cost=20.6 rows=101)


for range-covered
table 1 : explain SELECT id FROM sbtest1 WHERE id BETWEEN 3620066 AND 3620166
	-> Filter: (sbtest1.id between 3620066 and 3620166)  (cost=20.6 rows=101)
    -> Covering index range scan on sbtest1 using PRIMARY over (3620066 <= id <= 3620166)  (cost=20.6 rows=101)


table 2 : explain SELECT id FROM sbtest2 WHERE id BETWEEN 3620066 AND 3620166
	-> Filter: (sbtest2.id between 3620066 and 3620166)  (cost=20.6 rows=101)
    -> Covering index range scan on sbtest2 using PRIMARY over (3620066 <= id <= 3620166)  (cost=20.6 rows=101)


table 3 : explain SELECT id FROM sbtest3 WHERE id BETWEEN 3620066 AND 3620166
	-> Filter: (sbtest3.id between 3620066 and 3620166)  (cost=20.6 rows=101)
    -> Covering index range scan on sbtest3 using PRIMARY over (3620066 <= id <= 3620166)  (cost=20.6 rows=101)


table 4 : explain SELECT id FROM sbtest4 WHERE id BETWEEN 3620066 AND 3620166
	-> Filter: (sbtest4.id between 3620066 and 3620166)  (cost=20.6 rows=101)
    -> Covering index range scan on sbtest4 using PRIMARY over (3620066 <= id <= 3620166)  (cost=20.6 rows=101)


table 5 : explain SELECT id FROM sbtest5 WHERE id BETWEEN 3620066 AND 3620166
	-> Filter: (sbtest5.id between 3620066 and 3620166)  (cost=20.6 rows=101)
    -> Covering index range scan on sbtest5 using PRIMARY over (3620066 <= id <= 3620166)  (cost=20.6 rows=101)


table 6 : explain SELECT id FROM sbtest6 WHERE id BETWEEN 3620066 AND 3620166
	-> Filter: (sbtest6.id between 3620066 and 3620166)  (cost=20.6 rows=101)
    -> Covering index range scan on sbtest6 using PRIMARY over (3620066 <= id <= 3620166)  (cost=20.6 rows=101)


table 7 : explain SELECT id FROM sbtest7 WHERE id BETWEEN 3620066 AND 3620166
	-> Filter: (sbtest7.id between 3620066 and 3620166)  (cost=20.6 rows=101)
    -> Covering index range scan on sbtest7 using PRIMARY over (3620066 <= id <= 3620166)  (cost=20.6 rows=101)


table 8 : explain SELECT id FROM sbtest8 WHERE id BETWEEN 3620066 AND 3620166
	-> Filter: (sbtest8.id between 3620066 and 3620166)  (cost=20.6 rows=101)
    -> Covering index range scan on sbtest8 using PRIMARY over (3620066 <= id <= 3620166)  (cost=20.6 rows=101)

for range-covered
table 1 : explain SELECT id FROM sbtest1 WHERE id BETWEEN 3859825 AND 3859925
	-> Filter: (sbtest1.id between 3859825 and 3859925)  (cost=20.6 rows=101)
    -> Covering index range scan on sbtest1 using PRIMARY over (3859825 <= id <= 3859925)  (cost=20.6 rows=101)


table 2 : explain SELECT id FROM sbtest2 WHERE id BETWEEN 3859825 AND 3859925
	-> Filter: (sbtest2.id between 3859825 and 3859925)  (cost=20.6 rows=101)
    -> Covering index range scan on sbtest2 using PRIMARY over (3859825 <= id <= 3859925)  (cost=20.6 rows=101)


table 3 : explain SELECT id FROM sbtest3 WHERE id BETWEEN 3859825 AND 3859925
	-> Filter: (sbtest3.id between 3859825 and 3859925)  (cost=20.6 rows=101)
    -> Covering index range scan on sbtest3 using PRIMARY over (3859825 <= id <= 3859925)  (cost=20.6 rows=101)


table 4 : explain SELECT id FROM sbtest4 WHERE id BETWEEN 3859825 AND 3859925
	-> Filter: (sbtest4.id between 3859825 and 3859925)  (cost=20.6 rows=101)
    -> Covering index range scan on sbtest4 using PRIMARY over (3859825 <= id <= 3859925)  (cost=20.6 rows=101)


table 5 : explain SELECT id FROM sbtest5 WHERE id BETWEEN 3859825 AND 3859925
	-> Filter: (sbtest5.id between 3859825 and 3859925)  (cost=20.6 rows=101)
    -> Covering index range scan on sbtest5 using PRIMARY over (3859825 <= id <= 3859925)  (cost=20.6 rows=101)


table 6 : explain SELECT id FROM sbtest6 WHERE id BETWEEN 3859825 AND 3859925
	-> Filter: (sbtest6.id between 3859825 and 3859925)  (cost=20.6 rows=101)
    -> Covering index range scan on sbtest6 using PRIMARY over (3859825 <= id <= 3859925)  (cost=20.6 rows=101)


table 7 : explain SELECT id FROM sbtest7 WHERE id BETWEEN 3859825 AND 3859925
	-> Filter: (sbtest7.id between 3859825 and 3859925)  (cost=20.6 rows=101)
    -> Covering index range scan on sbtest7 using PRIMARY over (3859825 <= id <= 3859925)  (cost=20.6 rows=101)


table 8 : explain SELECT id FROM sbtest8 WHERE id BETWEEN 3859825 AND 3859925
	-> Filter: (sbtest8.id between 3859825 and 3859925)  (cost=20.6 rows=101)
    -> Covering index range scan on sbtest8 using PRIMARY over (3859825 <= id <= 3859925)  (cost=20.6 rows=101)

explain: for range-covered :: explain SELECT id FROM sbtest%d WHERE id BETWEEN 8026450 AND 8026550


explain: for range-covered :: explain SELECT id FROM sbtest%d WHERE id BETWEEN 5068006 AND 5068106for range-covered
table 1 : explain SELECT id FROM sbtest1 WHERE id BETWEEN 2178991 AND 2179091
	-> Filter: (sbtest1.id between 2178991 and 2179091)  (cost=20.6 rows=101)
    -> Covering index range scan on sbtest1 using PRIMARY over (2178991 <= id <= 2179091)  (cost=20.6 rows=101)


table 2 : explain SELECT id FROM sbtest2 WHERE id BETWEEN 2178991 AND 2179091
	-> Filter: (sbtest2.id between 2178991 and 2179091)  (cost=20.6 rows=101)
    -> Covering index range scan on sbtest2 using PRIMARY over (2178991 <= id <= 2179091)  (cost=20.6 rows=101)


table 3 : explain SELECT id FROM sbtest3 WHERE id BETWEEN 2178991 AND 2179091
	-> Filter: (sbtest3.id between 2178991 and 2179091)  (cost=20.6 rows=101)
    -> Covering index range scan on sbtest3 using PRIMARY over (2178991 <= id <= 2179091)  (cost=20.6 rows=101)


table 4 : explain SELECT id FROM sbtest4 WHERE id BETWEEN 2178991 AND 2179091
	-> Filter: (sbtest4.id between 2178991 and 2179091)  (cost=20.6 rows=101)
    -> Covering index range scan on sbtest4 using PRIMARY over (2178991 <= id <= 2179091)  (cost=20.6 rows=101)


table 5 : explain SELECT id FROM sbtest5 WHERE id BETWEEN 2178991 AND 2179091
	-> Filter: (sbtest5.id between 2178991 and 2179091)  (cost=20.6 rows=101)
    -> Covering index range scan on sbtest5 using PRIMARY over (2178991 <= id <= 2179091)  (cost=20.6 rows=101)


table 6 : explain SELECT id FROM sbtest6 WHERE id BETWEEN 2178991 AND 2179091
	-> Filter: (sbtest6.id between 2178991 and 2179091)  (cost=20.6 rows=101)
    -> Covering index range scan on sbtest6 using PRIMARY over (2178991 <= id <= 2179091)  (cost=20.6 rows=101)


table 7 : explain SELECT id FROM sbtest7 WHERE id BETWEEN 2178991 AND 2179091
	-> Filter: (sbtest7.id between 2178991 and 2179091)  (cost=20.6 rows=101)
    -> Covering index range scan on sbtest7 using PRIMARY over (2178991 <= id <= 2179091)  (cost=20.6 rows=101)


table 8 : explain SELECT id FROM sbtest8 WHERE id BETWEEN 2178991 AND 2179091
	-> Filter: (sbtest8.id between 2178991 and 2179091)  (cost=20.6 rows=101)
    -> Covering index range scan on sbtest8 using PRIMARY over (2178991 <= id <= 2179091)  (cost=20.6 rows=101)


for range-covered
table 1 : explain SELECT id FROM sbtest1 WHERE id BETWEEN 1050546 AND 1050646
	-> Filter: (sbtest1.id between 1050546 and 1050646)  (cost=20.6 rows=101)
    -> Covering index range scan on sbtest1 using PRIMARY over (1050546 <= id <= 1050646)  (cost=20.6 rows=101)


table 2 : explain SELECT id FROM sbtest2 WHERE id BETWEEN 1050546 AND 1050646
	-> Filter: (sbtest2.id between 1050546 and 1050646)  (cost=20.6 rows=101)
    -> Covering index range scan on sbtest2 using PRIMARY over (1050546 <= id <= 1050646)  (cost=20.6 rows=101)


table 3 : explain SELECT id FROM sbtest3 WHERE id BETWEEN 1050546 AND 1050646
	-> Filter: (sbtest3.id between 1050546 and 1050646)  (cost=20.6 rows=101)
    -> Covering index range scan on sbtest3 using PRIMARY over (1050546 <= id <= 1050646)  (cost=20.6 rows=101)


table 4 : explain SELECT id FROM sbtest4 WHERE id BETWEEN 1050546 AND 1050646
	-> Filter: (sbtest4.id between 1050546 and 1050646)  (cost=20.6 rows=101)
    -> Covering index range scan on sbtest4 using PRIMARY over (1050546 <= id <= 1050646)  (cost=20.6 rows=101)


table 5 : explain SELECT id FROM sbtest5 WHERE id BETWEEN 1050546 AND 1050646
	-> Filter: (sbtest5.id between 1050546 and 1050646)  (cost=20.6 rows=101)
    -> Covering index range scan on sbtest5 using PRIMARY over (1050546 <= id <= 1050646)  (cost=20.6 rows=101)


table 6 : explain SELECT id FROM sbtest6 WHERE id BETWEEN 1050546 AND 1050646
	-> Filter: (sbtest6.id between 1050546 and 1050646)  (cost=20.6 rows=101)
    -> Covering index range scan on sbtest6 using PRIMARY over (1050546 <= id <= 1050646)  (cost=20.6 rows=101)


table 7 : explain SELECT id FROM sbtest7 WHERE id BETWEEN 1050546 AND 1050646
	-> Filter: (sbtest7.id between 1050546 and 1050646)  (cost=20.6 rows=101)
    -> Covering index range scan on sbtest7 using PRIMARY over (1050546 <= id <= 1050646)  (cost=20.6 rows=101)


table 8 : explain SELECT id FROM sbtest8 WHERE id BETWEEN 1050546 AND 1050646
	-> Filter: (sbtest8.id between 1050546 and 1050646)  (cost=20.6 rows=101)
    -> Covering index range scan on sbtest8 using PRIMARY over (1050546 <= id <= 1050646)  (cost=20.6 rows=101)



for range-covered
table 1 : explain SELECT id FROM sbtest1 WHERE id BETWEEN 4863833 AND 4863933
	-> Filter: (sbtest1.id between 4863833 and 4863933)  (cost=20.6 rows=101)
    -> Covering index range scan on sbtest1 using PRIMARY over (4863833 <= id <= 4863933)  (cost=20.6 rows=101)


table 2 : explain SELECT id FROM sbtest2 WHERE id BETWEEN 4863833 AND 4863933
	-> Filter: (sbtest2.id between 4863833 and 4863933)  (cost=20.6 rows=101)
    -> Covering index range scan on sbtest2 using PRIMARY over (4863833 <= id <= 4863933)  (cost=20.6 rows=101)


table 3 : explain SELECT id FROM sbtest3 WHERE id BETWEEN 4863833 AND 4863933
	-> Filter: (sbtest3.id between 4863833 and 4863933)  (cost=20.6 rows=101)
    -> Covering index range scan on sbtest3 using PRIMARY over (4863833 <= id <= 4863933)  (cost=20.6 rows=101)


table 4 : explain SELECT id FROM sbtest4 WHERE id BETWEEN 4863833 AND 4863933
	-> Filter: (sbtest4.id between 4863833 and 4863933)  (cost=20.6 rows=101)
    -> Covering index range scan on sbtest4 using PRIMARY over (4863833 <= id <= 4863933)  (cost=20.6 rows=101)


table 5 : explain SELECT id FROM sbtest5 WHERE id BETWEEN 4863833 AND 4863933
	-> Filter: (sbtest5.id between 4863833 and 4863933)  (cost=20.6 rows=101)
    -> Covering index range scan on sbtest5 using PRIMARY over (4863833 <= id <= 4863933)  (cost=20.6 rows=101)


table 6 : explain SELECT id FROM sbtest6 WHERE id BETWEEN 4863833 AND 4863933
	-> Filter: (sbtest6.id between 4863833 and 4863933)  (cost=20.6 rows=101)
    -> Covering index range scan on sbtest6 using PRIMARY over (4863833 <= id <= 4863933)  (cost=20.6 rows=101)


table 7 : explain SELECT id FROM sbtest7 WHERE id BETWEEN 4863833 AND 4863933
	-> Filter: (sbtest7.id between 4863833 and 4863933)  (cost=20.6 rows=101)
    -> Covering index range scan on sbtest7 using PRIMARY over (4863833 <= id <= 4863933)  (cost=20.6 rows=101)


table 8 : explain SELECT id FROM sbtest8 WHERE id BETWEEN 4863833 AND 4863933
	-> Filter: (sbtest8.id between 4863833 and 4863933)  (cost=20.6 rows=101)
    -> Covering index range scan on sbtest8 using PRIMARY over (4863833 <= id <= 4863933)  (cost=20.6 rows=101)


for range-covered
table 1 : explain SELECT id FROM sbtest1 WHERE id BETWEEN 1999307 AND 1999407
	-> Filter: (sbtest1.id between 1999307 and 1999407)  (cost=20.6 rows=101)
    -> Covering index range scan on sbtest1 using PRIMARY over (1999307 <= id <= 1999407)  (cost=20.6 rows=101)


table 2 : explain SELECT id FROM sbtest2 WHERE id BETWEEN 1999307 AND 1999407
	-> Filter: (sbtest2.id between 1999307 and 1999407)  (cost=20.6 rows=101)
    -> Covering index range scan on sbtest2 using PRIMARY over (1999307 <= id <= 1999407)  (cost=20.6 rows=101)


table 3 : explain SELECT id FROM sbtest3 WHERE id BETWEEN 1999307 AND 1999407
	-> Filter: (sbtest3.id between 1999307 and 1999407)  (cost=20.6 rows=101)
    -> Covering index range scan on sbtest3 using PRIMARY over (1999307 <= id <= 1999407)  (cost=20.6 rows=101)


table 4 : explain SELECT id FROM sbtest4 WHERE id BETWEEN 1999307 AND 1999407
	-> Filter: (sbtest4.id between 1999307 and 1999407)  (cost=20.6 rows=101)
    -> Covering index range scan on sbtest4 using PRIMARY over (1999307 <= id <= 1999407)  (cost=20.6 rows=101)


table 5 : explain SELECT id FROM sbtest5 WHERE id BETWEEN 1999307 AND 1999407
	-> Filter: (sbtest5.id between 1999307 and 1999407)  (cost=20.6 rows=101)
    -> Covering index range scan on sbtest5 using PRIMARY over (1999307 <= id <= 1999407)  (cost=20.6 rows=101)


table 6 : explain SELECT id FROM sbtest6 WHERE id BETWEEN 1999307 AND 1999407
	-> Filter: (sbtest6.id between 1999307 and 1999407)  (cost=20.6 rows=101)
    -> Covering index range scan on sbtest6 using PRIMARY over (1999307 <= id <= 1999407)  (cost=20.6 rows=101)


table 7 : explain SELECT id FROM sbtest7 WHERE id BETWEEN 1999307 AND 1999407
	-> Filter: (sbtest7.id between 1999307 and 1999407)  (cost=20.6 rows=101)
    -> Covering index range scan on sbtest7 using PRIMARY over (1999307 <= id <= 1999407)  (cost=20.6 rows=101)


table 8 : explain SELECT id FROM sbtest8 WHERE id BETWEEN 1999307 AND 1999407
	-> Filter: (sbtest8.id between 1999307 and 1999407)  (cost=20.6 rows=101)
    -> Covering index range scan on sbtest8 using PRIMARY over (1999307 <= id <= 1999407)  (cost=20.6 rows=101)



explain: for range-covered :: explain SELECT id FROM sbtest%d WHERE id BETWEEN 3859825 AND 3859925for range-covered
table 1 : explain SELECT id FROM sbtest1 WHERE id BETWEEN 7699932 AND 7700032
	-> Filter: (sbtest1.id between 7699932 and 7700032)  (cost=20.6 rows=101)
    -> Covering index range scan on sbtest1 using PRIMARY over (7699932 <= id <= 7700032)  (cost=20.6 rows=101)


table 2 : explain SELECT id FROM sbtest2 WHERE id BETWEEN 7699932 AND 7700032
	-> Filter: (sbtest2.id between 7699932 and 7700032)  (cost=20.6 rows=101)
    -> Covering index range scan on sbtest2 using PRIMARY over (7699932 <= id <= 7700032)  (cost=20.6 rows=101)


table 3 : explain SELECT id FROM sbtest3 WHERE id BETWEEN 7699932 AND 7700032
	-> Filter: (sbtest3.id between 7699932 and 7700032)  (cost=20.6 rows=101)
    -> Covering index range scan on sbtest3 using PRIMARY over (7699932 <= id <= 7700032)  (cost=20.6 rows=101)


table 4 : explain SELECT id FROM sbtest4 WHERE id BETWEEN 7699932 AND 7700032
	-> Filter: (sbtest4.id between 7699932 and 7700032)  (cost=20.6 rows=101)
    -> Covering index range scan on sbtest4 using PRIMARY over (7699932 <= id <= 7700032)  (cost=20.6 rows=101)


table 5 : explain SELECT id FROM sbtest5 WHERE id BETWEEN 7699932 AND 7700032
	-> Filter: (sbtest5.id between 7699932 and 7700032)  (cost=20.6 rows=101)
    -> Covering index range scan on sbtest5 using PRIMARY over (7699932 <= id <= 7700032)  (cost=20.6 rows=101)


table 6 : explain SELECT id FROM sbtest6 WHERE id BETWEEN 7699932 AND 7700032
	-> Filter: (sbtest6.id between 7699932 and 7700032)  (cost=20.6 rows=101)
    -> Covering index range scan on sbtest6 using PRIMARY over (7699932 <= id <= 7700032)  (cost=20.6 rows=101)


table 7 : explain SELECT id FROM sbtest7 WHERE id BETWEEN 7699932 AND 7700032
	-> Filter: (sbtest7.id between 7699932 and 7700032)  (cost=20.6 rows=101)
    -> Covering index range scan on sbtest7 using PRIMARY over (7699932 <= id <= 7700032)  (cost=20.6 rows=101)


table 8 : explain SELECT id FROM sbtest8 WHERE id BETWEEN 7699932 AND 7700032
	-> Filter: (sbtest8.id between 7699932 and 7700032)  (cost=20.6 rows=101)
    -> Covering index range scan on sbtest8 using PRIMARY over (7699932 <= id <= 7700032)  (cost=20.6 rows=101)

explain: for range-covered :: explain SELECT id FROM sbtest%d WHERE id BETWEEN 3620066 AND 3620166explain: for range-covered :: explain SELECT id FROM sbtest%d WHERE id BETWEEN 2178991 AND 2179091

explain: for range-covered :: explain SELECT id FROM sbtest%d WHERE id BETWEEN 1050546 AND 1050646


for range-covered
table 1 : explain SELECT id FROM sbtest1 WHERE id BETWEEN 4991619 AND 4991719
	-> Filter: (sbtest1.id between 4991619 and 4991719)  (cost=20.6 rows=101)
    -> Covering index range scan on sbtest1 using PRIMARY over (4991619 <= id <= 4991719)  (cost=20.6 rows=101)


table 2 : explain SELECT id FROM sbtest2 WHERE id BETWEEN 4991619 AND 4991719
	-> Filter: (sbtest2.id between 4991619 and 4991719)  (cost=20.6 rows=101)
    -> Covering index range scan on sbtest2 using PRIMARY over (4991619 <= id <= 4991719)  (cost=20.6 rows=101)


table 3 : explain SELECT id FROM sbtest3 WHERE id BETWEEN 4991619 AND 4991719
	-> Filter: (sbtest3.id between 4991619 and 4991719)  (cost=20.6 rows=101)
    -> Covering index range scan on sbtest3 using PRIMARY over (4991619 <= id <= 4991719)  (cost=20.6 rows=101)


table 4 : explain SELECT id FROM sbtest4 WHERE id BETWEEN 4991619 AND 4991719
	-> Filter: (sbtest4.id between 4991619 and 4991719)  (cost=20.6 rows=101)
    -> Covering index range scan on sbtest4 using PRIMARY over (4991619 <= id <= 4991719)  (cost=20.6 rows=101)


table 5 : explain SELECT id FROM sbtest5 WHERE id BETWEEN 4991619 AND 4991719
	-> Filter: (sbtest5.id between 4991619 and 4991719)  (cost=20.6 rows=101)
    -> Covering index range scan on sbtest5 using PRIMARY over (4991619 <= id <= 4991719)  (cost=20.6 rows=101)


table 6 : explain SELECT id FROM sbtest6 WHERE id BETWEEN 4991619 AND 4991719
	-> Filter: (sbtest6.id between 4991619 and 4991719)  (cost=20.6 rows=101)
    -> Covering index range scan on sbtest6 using PRIMARY over (4991619 <= id <= 4991719)  (cost=20.6 rows=101)


table 7 : explain SELECT id FROM sbtest7 WHERE id BETWEEN 4991619 AND 4991719
	-> Filter: (sbtest7.id between 4991619 and 4991719)  (cost=20.6 rows=101)
    -> Covering index range scan on sbtest7 using PRIMARY over (4991619 <= id <= 4991719)  (cost=20.6 rows=101)


table 8 : explain SELECT id FROM sbtest8 WHERE id BETWEEN 4991619 AND 4991719
	-> Filter: (sbtest8.id between 4991619 and 4991719)  (cost=20.6 rows=101)
    -> Covering index range scan on sbtest8 using PRIMARY over (4991619 <= id <= 4991719)  (cost=20.6 rows=101)


for range-covered
table 1 : explain SELECT id FROM sbtest1 WHERE id BETWEEN 9219070 AND 9219170
	-> Filter: (sbtest1.id between 9219070 and 9219170)  (cost=20.6 rows=101)
    -> Covering index range scan on sbtest1 using PRIMARY over (9219070 <= id <= 9219170)  (cost=20.6 rows=101)


table 2 : explain SELECT id FROM sbtest2 WHERE id BETWEEN 9219070 AND 9219170
	-> Filter: (sbtest2.id between 9219070 and 9219170)  (cost=20.6 rows=101)
    -> Covering index range scan on sbtest2 using PRIMARY over (9219070 <= id <= 9219170)  (cost=20.6 rows=101)


table 3 : explain SELECT id FROM sbtest3 WHERE id BETWEEN 9219070 AND 9219170
	-> Filter: (sbtest3.id between 9219070 and 9219170)  (cost=20.6 rows=101)
    -> Covering index range scan on sbtest3 using PRIMARY over (9219070 <= id <= 9219170)  (cost=20.6 rows=101)


table 4 : explain SELECT id FROM sbtest4 WHERE id BETWEEN 9219070 AND 9219170
	-> Filter: (sbtest4.id between 9219070 and 9219170)  (cost=20.6 rows=101)
    -> Covering index range scan on sbtest4 using PRIMARY over (9219070 <= id <= 9219170)  (cost=20.6 rows=101)


table 5 : explain SELECT id FROM sbtest5 WHERE id BETWEEN 9219070 AND 9219170
	-> Filter: (sbtest5.id between 9219070 and 9219170)  (cost=20.6 rows=101)
    -> Covering index range scan on sbtest5 using PRIMARY over (9219070 <= id <= 9219170)  (cost=20.6 rows=101)


table 6 : explain SELECT id FROM sbtest6 WHERE id BETWEEN 9219070 AND 9219170
	-> Filter: (sbtest6.id between 9219070 and 9219170)  (cost=20.6 rows=101)
    -> Covering index range scan on sbtest6 using PRIMARY over (9219070 <= id <= 9219170)  (cost=20.6 rows=101)


table 7 : explain SELECT id FROM sbtest7 WHERE id BETWEEN 9219070 AND 9219170
	-> Filter: (sbtest7.id between 9219070 and 9219170)  (cost=20.6 rows=101)
    -> Covering index range scan on sbtest7 using PRIMARY over (9219070 <= id <= 9219170)  (cost=20.6 rows=101)


table 8 : explain SELECT id FROM sbtest8 WHERE id BETWEEN 9219070 AND 9219170
	-> Filter: (sbtest8.id between 9219070 and 9219170)  (cost=20.6 rows=101)
    -> Covering index range scan on sbtest8 using PRIMARY over (9219070 <= id <= 9219170)  (cost=20.6 rows=101)


for range-covered
table 1 : explain SELECT id FROM sbtest1 WHERE id BETWEEN 6708792 AND 6708892
	-> Filter: (sbtest1.id between 6708792 and 6708892)  (cost=20.6 rows=101)
    -> Covering index range scan on sbtest1 using PRIMARY over (6708792 <= id <= 6708892)  (cost=20.6 rows=101)


table 2 : explain SELECT id FROM sbtest2 WHERE id BETWEEN 6708792 AND 6708892
	-> Filter: (sbtest2.id between 6708792 and 6708892)  (cost=20.6 rows=101)
    -> Covering index range scan on sbtest2 using PRIMARY over (6708792 <= id <= 6708892)  (cost=20.6 rows=101)


table 3 : explain SELECT id FROM sbtest3 WHERE id BETWEEN 6708792 AND 6708892
	-> Filter: (sbtest3.id between 6708792 and 6708892)  (cost=20.6 rows=101)
    -> Covering index range scan on sbtest3 using PRIMARY over (6708792 <= id <= 6708892)  (cost=20.6 rows=101)


table 4 : explain SELECT id FROM sbtest4 WHERE id BETWEEN 6708792 AND 6708892
	-> Filter: (sbtest4.id between 6708792 and 6708892)  (cost=20.6 rows=101)
    -> Covering index range scan on sbtest4 using PRIMARY over (6708792 <= id <= 6708892)  (cost=20.6 rows=101)


table 5 : explain SELECT id FROM sbtest5 WHERE id BETWEEN 6708792 AND 6708892
	-> Filter: (sbtest5.id between 6708792 and 6708892)  (cost=20.6 rows=101)
    -> Covering index range scan on sbtest5 using PRIMARY over (6708792 <= id <= 6708892)  (cost=20.6 rows=101)


table 6 : explain SELECT id FROM sbtest6 WHERE id BETWEEN 6708792 AND 6708892
	-> Filter: (sbtest6.id between 6708792 and 6708892)  (cost=20.6 rows=101)
    -> Covering index range scan on sbtest6 using PRIMARY over (6708792 <= id <= 6708892)  (cost=20.6 rows=101)


table 7 : explain SELECT id FROM sbtest7 WHERE id BETWEEN 6708792 AND 6708892
	-> Filter: (sbtest7.id between 6708792 and 6708892)  (cost=20.6 rows=101)
    -> Covering index range scan on sbtest7 using PRIMARY over (6708792 <= id <= 6708892)  (cost=20.6 rows=101)


table 8 : explain SELECT id FROM sbtest8 WHERE id BETWEEN 6708792 AND 6708892
	-> Filter: (sbtest8.id between 6708792 and 6708892)  (cost=20.6 rows=101)
    -> Covering index range scan on sbtest8 using PRIMARY over (6708792 <= id <= 6708892)  (cost=20.6 rows=101)


for range-covered
table 1 : explain SELECT id FROM sbtest1 WHERE id BETWEEN 3869178 AND 3869278
	-> Filter: (sbtest1.id between 3869178 and 3869278)  (cost=20.6 rows=101)
    -> Covering index range scan on sbtest1 using PRIMARY over (3869178 <= id <= 3869278)  (cost=20.6 rows=101)


table 2 : explain SELECT id FROM sbtest2 WHERE id BETWEEN 3869178 AND 3869278
	-> Filter: (sbtest2.id between 3869178 and 3869278)  (cost=20.6 rows=101)
    -> Covering index range scan on sbtest2 using PRIMARY over (3869178 <= id <= 3869278)  (cost=20.6 rows=101)


table 3 : explain SELECT id FROM sbtest3 WHERE id BETWEEN 3869178 AND 3869278
	-> Filter: (sbtest3.id between 3869178 and 3869278)  (cost=20.6 rows=101)
    -> Covering index range scan on sbtest3 using PRIMARY over (3869178 <= id <= 3869278)  (cost=20.6 rows=101)


table 4 : explain SELECT id FROM sbtest4 WHERE id BETWEEN 3869178 AND 3869278
	-> Filter: (sbtest4.id between 3869178 and 3869278)  (cost=20.6 rows=101)
    -> Covering index range scan on sbtest4 using PRIMARY over (3869178 <= id <= 3869278)  (cost=20.6 rows=101)


table 5 : explain SELECT id FROM sbtest5 WHERE id BETWEEN 3869178 AND 3869278
	-> Filter: (sbtest5.id between 3869178 and 3869278)  (cost=20.6 rows=101)
    -> Covering index range scan on sbtest5 using PRIMARY over (3869178 <= id <= 3869278)  (cost=20.6 rows=101)


table 6 : explain SELECT id FROM sbtest6 WHERE id BETWEEN 3869178 AND 3869278
	-> Filter: (sbtest6.id between 3869178 and 3869278)  (cost=20.6 rows=101)
    -> Covering index range scan on sbtest6 using PRIMARY over (3869178 <= id <= 3869278)  (cost=20.6 rows=101)


table 7 : explain SELECT id FROM sbtest7 WHERE id BETWEEN 3869178 AND 3869278
	-> Filter: (sbtest7.id between 3869178 and 3869278)  (cost=20.6 rows=101)
    -> Covering index range scan on sbtest7 using PRIMARY over (3869178 <= id <= 3869278)  (cost=20.6 rows=101)


table 8 : explain SELECT id FROM sbtest8 WHERE id BETWEEN 3869178 AND 3869278
	-> Filter: (sbtest8.id between 3869178 and 3869278)  (cost=20.6 rows=101)
    -> Covering index range scan on sbtest8 using PRIMARY over (3869178 <= id <= 3869278)  (cost=20.6 rows=101)

explain: for range-covered :: explain SELECT id FROM sbtest%d WHERE id BETWEEN 7699932 AND 7700032

for range-covered
table 1 : explain SELECT id FROM sbtest1 WHERE id BETWEEN 3631501 AND 3631601
	-> Filter: (sbtest1.id between 3631501 and 3631601)  (cost=20.6 rows=101)
    -> Covering index range scan on sbtest1 using PRIMARY over (3631501 <= id <= 3631601)  (cost=20.6 rows=101)


table 2 : explain SELECT id FROM sbtest2 WHERE id BETWEEN 3631501 AND 3631601
	-> Filter: (sbtest2.id between 3631501 and 3631601)  (cost=20.6 rows=101)
    -> Covering index range scan on sbtest2 using PRIMARY over (3631501 <= id <= 3631601)  (cost=20.6 rows=101)


table 3 : explain SELECT id FROM sbtest3 WHERE id BETWEEN 3631501 AND 3631601
	-> Filter: (sbtest3.id between 3631501 and 3631601)  (cost=20.6 rows=101)
    -> Covering index range scan on sbtest3 using PRIMARY over (3631501 <= id <= 3631601)  (cost=20.6 rows=101)


table 4 : explain SELECT id FROM sbtest4 WHERE id BETWEEN 3631501 AND 3631601
	-> Filter: (sbtest4.id between 3631501 and 3631601)  (cost=20.6 rows=101)
    -> Covering index range scan on sbtest4 using PRIMARY over (3631501 <= id <= 3631601)  (cost=20.6 rows=101)


table 5 : explain SELECT id FROM sbtest5 WHERE id BETWEEN 3631501 AND 3631601
	-> Filter: (sbtest5.id between 3631501 and 3631601)  (cost=20.6 rows=101)
    -> Covering index range scan on sbtest5 using PRIMARY over (3631501 <= id <= 3631601)  (cost=20.6 rows=101)


table 6 : explain SELECT id FROM sbtest6 WHERE id BETWEEN 3631501 AND 3631601
	-> Filter: (sbtest6.id between 3631501 and 3631601)  (cost=20.6 rows=101)
    -> Covering index range scan on sbtest6 using PRIMARY over (3631501 <= id <= 3631601)  (cost=20.6 rows=101)


table 7 : explain SELECT id FROM sbtest7 WHERE id BETWEEN 3631501 AND 3631601
	-> Filter: (sbtest7.id between 3631501 and 3631601)  (cost=20.6 rows=101)
    -> Covering index range scan on sbtest7 using PRIMARY over (3631501 <= id <= 3631601)  (cost=20.6 rows=101)


table 8 : explain SELECT id FROM sbtest8 WHERE id BETWEEN 3631501 AND 3631601
	-> Filter: (sbtest8.id between 3631501 and 3631601)  (cost=20.6 rows=101)
    -> Covering index range scan on sbtest8 using PRIMARY over (3631501 <= id <= 3631601)  (cost=20.6 rows=101)

explain: for range-covered :: explain SELECT id FROM sbtest%d WHERE id BETWEEN 4991619 AND 4991719

for range-covered
table 1 : explain SELECT id FROM sbtest1 WHERE id BETWEEN 3504453 AND 3504553
	-> Filter: (sbtest1.id between 3504453 and 3504553)  (cost=20.6 rows=101)
    -> Covering index range scan on sbtest1 using PRIMARY over (3504453 <= id <= 3504553)  (cost=20.6 rows=101)


table 2 : explain SELECT id FROM sbtest2 WHERE id BETWEEN 3504453 AND 3504553
	-> Filter: (sbtest2.id between 3504453 and 3504553)  (cost=20.6 rows=101)
    -> Covering index range scan on sbtest2 using PRIMARY over (3504453 <= id <= 3504553)  (cost=20.6 rows=101)


table 3 : explain SELECT id FROM sbtest3 WHERE id BETWEEN 3504453 AND 3504553
	-> Filter: (sbtest3.id between 3504453 and 3504553)  (cost=20.6 rows=101)
    -> Covering index range scan on sbtest3 using PRIMARY over (3504453 <= id <= 3504553)  (cost=20.6 rows=101)


table 4 : explain SELECT id FROM sbtest4 WHERE id BETWEEN 3504453 AND 3504553
	-> Filter: (sbtest4.id between 3504453 and 3504553)  (cost=20.6 rows=101)
    -> Covering index range scan on sbtest4 using PRIMARY over (3504453 <= id <= 3504553)  (cost=20.6 rows=101)


table 5 : explain SELECT id FROM sbtest5 WHERE id BETWEEN 3504453 AND 3504553
	-> Filter: (sbtest5.id between 3504453 and 3504553)  (cost=20.6 rows=101)
    -> Covering index range scan on sbtest5 using PRIMARY over (3504453 <= id <= 3504553)  (cost=20.6 rows=101)


table 6 : explain SELECT id FROM sbtest6 WHERE id BETWEEN 3504453 AND 3504553
	-> Filter: (sbtest6.id between 3504453 and 3504553)  (cost=20.6 rows=101)
    -> Covering index range scan on sbtest6 using PRIMARY over (3504453 <= id <= 3504553)  (cost=20.6 rows=101)


table 7 : explain SELECT id FROM sbtest7 WHERE id BETWEEN 3504453 AND 3504553
	-> Filter: (sbtest7.id between 3504453 and 3504553)  (cost=20.6 rows=101)
    -> Covering index range scan on sbtest7 using PRIMARY over (3504453 <= id <= 3504553)  (cost=20.6 rows=101)


table 8 : explain SELECT id FROM sbtest8 WHERE id BETWEEN 3504453 AND 3504553
	-> Filter: (sbtest8.id between 3504453 and 3504553)  (cost=20.6 rows=101)
    -> Covering index range scan on sbtest8 using PRIMARY over (3504453 <= id <= 3504553)  (cost=20.6 rows=101)

explain: for range-covered :: explain SELECT id FROM sbtest%d WHERE id BETWEEN 6708792 AND 6708892explain: for range-covered :: explain SELECT id FROM sbtest%d WHERE id BETWEEN 9219070 AND 9219170for range-covered
table 1 : explain SELECT id FROM sbtest1 WHERE id BETWEEN 4390786 AND 4390886
	-> Filter: (sbtest1.id between 4390786 and 4390886)  (cost=20.6 rows=101)
    -> Covering index range scan on sbtest1 using PRIMARY over (4390786 <= id <= 4390886)  (cost=20.6 rows=101)


table 2 : explain SELECT id FROM sbtest2 WHERE id BETWEEN 4390786 AND 4390886
	-> Filter: (sbtest2.id between 4390786 and 4390886)  (cost=20.6 rows=101)
    -> Covering index range scan on sbtest2 using PRIMARY over (4390786 <= id <= 4390886)  (cost=20.6 rows=101)


table 3 : explain SELECT id FROM sbtest3 WHERE id BETWEEN 4390786 AND 4390886
	-> Filter: (sbtest3.id between 4390786 and 4390886)  (cost=20.6 rows=101)
    -> Covering index range scan on sbtest3 using PRIMARY over (4390786 <= id <= 4390886)  (cost=20.6 rows=101)


table 4 : explain SELECT id FROM sbtest4 WHERE id BETWEEN 4390786 AND 4390886
	-> Filter: (sbtest4.id between 4390786 and 4390886)  (cost=20.6 rows=101)
    -> Covering index range scan on sbtest4 using PRIMARY over (4390786 <= id <= 4390886)  (cost=20.6 rows=101)


table 5 : explain SELECT id FROM sbtest5 WHERE id BETWEEN 4390786 AND 4390886
	-> Filter: (sbtest5.id between 4390786 and 4390886)  (cost=20.6 rows=101)
    -> Covering index range scan on sbtest5 using PRIMARY over (4390786 <= id <= 4390886)  (cost=20.6 rows=101)


table 6 : explain SELECT id FROM sbtest6 WHERE id BETWEEN 4390786 AND 4390886
	-> Filter: (sbtest6.id between 4390786 and 4390886)  (cost=20.6 rows=101)
    -> Covering index range scan on sbtest6 using PRIMARY over (4390786 <= id <= 4390886)  (cost=20.6 rows=101)


table 7 : explain SELECT id FROM sbtest7 WHERE id BETWEEN 4390786 AND 4390886
	-> Filter: (sbtest7.id between 4390786 and 4390886)  (cost=20.6 rows=101)
    -> Covering index range scan on sbtest7 using PRIMARY over (4390786 <= id <= 4390886)  (cost=20.6 rows=101)


table 8 : explain SELECT id FROM sbtest8 WHERE id BETWEEN 4390786 AND 4390886
	-> Filter: (sbtest8.id between 4390786 and 4390886)  (cost=20.6 rows=101)
    -> Covering index range scan on sbtest8 using PRIMARY over (4390786 <= id <= 4390886)  (cost=20.6 rows=101)

for range-covered
table 1 : explain SELECT id FROM sbtest1 WHERE id BETWEEN 7020568 AND 7020668
	-> Filter: (sbtest1.id between 7020568 and 7020668)  (cost=20.6 rows=101)
    -> Covering index range scan on sbtest1 using PRIMARY over (7020568 <= id <= 7020668)  (cost=20.6 rows=101)


table 2 : explain SELECT id FROM sbtest2 WHERE id BETWEEN 7020568 AND 7020668
	-> Filter: (sbtest2.id between 7020568 and 7020668)  (cost=20.6 rows=101)
    -> Covering index range scan on sbtest2 using PRIMARY over (7020568 <= id <= 7020668)  (cost=20.6 rows=101)


table 3 : explain SELECT id FROM sbtest3 WHERE id BETWEEN 7020568 AND 7020668
	-> Filter: (sbtest3.id between 7020568 and 7020668)  (cost=20.6 rows=101)
    -> Covering index range scan on sbtest3 using PRIMARY over (7020568 <= id <= 7020668)  (cost=20.6 rows=101)


table 4 : explain SELECT id FROM sbtest4 WHERE id BETWEEN 7020568 AND 7020668
	-> Filter: (sbtest4.id between 7020568 and 7020668)  (cost=20.6 rows=101)
    -> Covering index range scan on sbtest4 using PRIMARY over (7020568 <= id <= 7020668)  (cost=20.6 rows=101)


table 5 : explain SELECT id FROM sbtest5 WHERE id BETWEEN 7020568 AND 7020668
	-> Filter: (sbtest5.id between 7020568 and 7020668)  (cost=20.6 rows=101)
    -> Covering index range scan on sbtest5 using PRIMARY over (7020568 <= id <= 7020668)  (cost=20.6 rows=101)


table 6 : explain SELECT id FROM sbtest6 WHERE id BETWEEN 7020568 AND 7020668
	-> Filter: (sbtest6.id between 7020568 and 7020668)  (cost=20.6 rows=101)
    -> Covering index range scan on sbtest6 using PRIMARY over (7020568 <= id <= 7020668)  (cost=20.6 rows=101)


table 7 : explain SELECT id FROM sbtest7 WHERE id BETWEEN 7020568 AND 7020668
	-> Filter: (sbtest7.id between 7020568 and 7020668)  (cost=20.6 rows=101)
    -> Covering index range scan on sbtest7 using PRIMARY over (7020568 <= id <= 7020668)  (cost=20.6 rows=101)


table 8 : explain SELECT id FROM sbtest8 WHERE id BETWEEN 7020568 AND 7020668
	-> Filter: (sbtest8.id between 7020568 and 7020668)  (cost=20.6 rows=101)
    -> Covering index range scan on sbtest8 using PRIMARY over (7020568 <= id <= 7020668)  (cost=20.6 rows=101)



explain: for range-covered :: explain SELECT id FROM sbtest%d WHERE id BETWEEN 3869178 AND 3869278

explain: for range-covered :: explain SELECT id FROM sbtest%d WHERE id BETWEEN 4472526 AND 4472626for range-covered
table 1 : explain SELECT id FROM sbtest1 WHERE id BETWEEN 5440251 AND 5440351
	-> Filter: (sbtest1.id between 5440251 and 5440351)  (cost=20.6 rows=101)
    -> Covering index range scan on sbtest1 using PRIMARY over (5440251 <= id <= 5440351)  (cost=20.6 rows=101)


table 2 : explain SELECT id FROM sbtest2 WHERE id BETWEEN 5440251 AND 5440351
	-> Filter: (sbtest2.id between 5440251 and 5440351)  (cost=20.6 rows=101)
    -> Covering index range scan on sbtest2 using PRIMARY over (5440251 <= id <= 5440351)  (cost=20.6 rows=101)


table 3 : explain SELECT id FROM sbtest3 WHERE id BETWEEN 5440251 AND 5440351
	-> Filter: (sbtest3.id between 5440251 and 5440351)  (cost=20.6 rows=101)
    -> Covering index range scan on sbtest3 using PRIMARY over (5440251 <= id <= 5440351)  (cost=20.6 rows=101)


table 4 : explain SELECT id FROM sbtest4 WHERE id BETWEEN 5440251 AND 5440351
	-> Filter: (sbtest4.id between 5440251 and 5440351)  (cost=20.6 rows=101)
    -> Covering index range scan on sbtest4 using PRIMARY over (5440251 <= id <= 5440351)  (cost=20.6 rows=101)


table 5 : explain SELECT id FROM sbtest5 WHERE id BETWEEN 5440251 AND 5440351
	-> Filter: (sbtest5.id between 5440251 and 5440351)  (cost=20.6 rows=101)
    -> Covering index range scan on sbtest5 using PRIMARY over (5440251 <= id <= 5440351)  (cost=20.6 rows=101)


table 6 : explain SELECT id FROM sbtest6 WHERE id BETWEEN 5440251 AND 5440351
	-> Filter: (sbtest6.id between 5440251 and 5440351)  (cost=20.6 rows=101)
    -> Covering index range scan on sbtest6 using PRIMARY over (5440251 <= id <= 5440351)  (cost=20.6 rows=101)


table 7 : explain SELECT id FROM sbtest7 WHERE id BETWEEN 5440251 AND 5440351
	-> Filter: (sbtest7.id between 5440251 and 5440351)  (cost=20.6 rows=101)
    -> Covering index range scan on sbtest7 using PRIMARY over (5440251 <= id <= 5440351)  (cost=20.6 rows=101)


table 8 : explain SELECT id FROM sbtest8 WHERE id BETWEEN 5440251 AND 5440351
	-> Filter: (sbtest8.id between 5440251 and 5440351)  (cost=20.6 rows=101)
    -> Covering index range scan on sbtest8 using PRIMARY over (5440251 <= id <= 5440351)  (cost=20.6 rows=101)

for range-covered
table 1 : explain SELECT id FROM sbtest1 WHERE id BETWEEN 3864310 AND 3864410
	-> Filter: (sbtest1.id between 3864310 and 3864410)  (cost=20.6 rows=101)
    -> Covering index range scan on sbtest1 using PRIMARY over (3864310 <= id <= 3864410)  (cost=20.6 rows=101)


table 2 : explain SELECT id FROM sbtest2 WHERE id BETWEEN 3864310 AND 3864410
	-> Filter: (sbtest2.id between 3864310 and 3864410)  (cost=20.6 rows=101)
    -> Covering index range scan on sbtest2 using PRIMARY over (3864310 <= id <= 3864410)  (cost=20.6 rows=101)


table 3 : explain SELECT id FROM sbtest3 WHERE id BETWEEN 3864310 AND 3864410
	-> Filter: (sbtest3.id between 3864310 and 3864410)  (cost=20.6 rows=101)
    -> Covering index range scan on sbtest3 using PRIMARY over (3864310 <= id <= 3864410)  (cost=20.6 rows=101)


table 4 : explain SELECT id FROM sbtest4 WHERE id BETWEEN 3864310 AND 3864410
	-> Filter: (sbtest4.id between 3864310 and 3864410)  (cost=20.6 rows=101)
    -> Covering index range scan on sbtest4 using PRIMARY over (3864310 <= id <= 3864410)  (cost=20.6 rows=101)


table 5 : explain SELECT id FROM sbtest5 WHERE id BETWEEN 3864310 AND 3864410
	-> Filter: (sbtest5.id between 3864310 and 3864410)  (cost=20.6 rows=101)
    -> Covering index range scan on sbtest5 using PRIMARY over (3864310 <= id <= 3864410)  (cost=20.6 rows=101)


table 6 : explain SELECT id FROM sbtest6 WHERE id BETWEEN 3864310 AND 3864410
	-> Filter: (sbtest6.id between 3864310 and 3864410)  (cost=20.6 rows=101)
    -> Covering index range scan on sbtest6 using PRIMARY over (3864310 <= id <= 3864410)  (cost=20.6 rows=101)


table 7 : explain SELECT id FROM sbtest7 WHERE id BETWEEN 3864310 AND 3864410
	-> Filter: (sbtest7.id between 3864310 and 3864410)  (cost=20.6 rows=101)
    -> Covering index range scan on sbtest7 using PRIMARY over (3864310 <= id <= 3864410)  (cost=20.6 rows=101)


table 8 : explain SELECT id FROM sbtest8 WHERE id BETWEEN 3864310 AND 3864410
	-> Filter: (sbtest8.id between 3864310 and 3864410)  (cost=20.6 rows=101)
    -> Covering index range scan on sbtest8 using PRIMARY over (3864310 <= id <= 3864410)  (cost=20.6 rows=101)



for range-covered
table 1 : explain SELECT id FROM sbtest1 WHERE id BETWEEN 3409393 AND 3409493
	-> Filter: (sbtest1.id between 3409393 and 3409493)  (cost=20.6 rows=101)
    -> Covering index range scan on sbtest1 using PRIMARY over (3409393 <= id <= 3409493)  (cost=20.6 rows=101)


table 2 : explain SELECT id FROM sbtest2 WHERE id BETWEEN 3409393 AND 3409493
	-> Filter: (sbtest2.id between 3409393 and 3409493)  (cost=20.6 rows=101)
    -> Covering index range scan on sbtest2 using PRIMARY over (3409393 <= id <= 3409493)  (cost=20.6 rows=101)


table 3 : explain SELECT id FROM sbtest3 WHERE id BETWEEN 3409393 AND 3409493
	-> Filter: (sbtest3.id between 3409393 and 3409493)  (cost=20.6 rows=101)
    -> Covering index range scan on sbtest3 using PRIMARY over (3409393 <= id <= 3409493)  (cost=20.6 rows=101)


table 4 : explain SELECT id FROM sbtest4 WHERE id BETWEEN 3409393 AND 3409493
	-> Filter: (sbtest4.id between 3409393 and 3409493)  (cost=20.6 rows=101)
    -> Covering index range scan on sbtest4 using PRIMARY over (3409393 <= id <= 3409493)  (cost=20.6 rows=101)


table 5 : explain SELECT id FROM sbtest5 WHERE id BETWEEN 3409393 AND 3409493
	-> Filter: (sbtest5.id between 3409393 and 3409493)  (cost=20.6 rows=101)
    -> Covering index range scan on sbtest5 using PRIMARY over (3409393 <= id <= 3409493)  (cost=20.6 rows=101)


table 6 : explain SELECT id FROM sbtest6 WHERE id BETWEEN 3409393 AND 3409493
	-> Filter: (sbtest6.id between 3409393 and 3409493)  (cost=20.6 rows=101)
    -> Covering index range scan on sbtest6 using PRIMARY over (3409393 <= id <= 3409493)  (cost=20.6 rows=101)


table 7 : explain SELECT id FROM sbtest7 WHERE id BETWEEN 3409393 AND 3409493
	-> Filter: (sbtest7.id between 3409393 and 3409493)  (cost=20.6 rows=101)
    -> Covering index range scan on sbtest7 using PRIMARY over (3409393 <= id <= 3409493)  (cost=20.6 rows=101)


table 8 : explain SELECT id FROM sbtest8 WHERE id BETWEEN 3409393 AND 3409493
	-> Filter: (sbtest8.id between 3409393 and 3409493)  (cost=20.6 rows=101)
    -> Covering index range scan on sbtest8 using PRIMARY over (3409393 <= id <= 3409493)  (cost=20.6 rows=101)



explain: for range-covered :: explain SELECT id FROM sbtest%d WHERE id BETWEEN 3631501 AND 3631601
explain: for range-covered :: explain SELECT id FROM sbtest%d WHERE id BETWEEN 7020568 AND 7020668

explain: for range-covered :: explain SELECT id FROM sbtest%d WHERE id BETWEEN 3504453 AND 3504553
explain: for range-covered :: explain SELECT id FROM sbtest%d WHERE id BETWEEN 3409393 AND 3409493

for range-covered
table 1 : explain SELECT id FROM sbtest1 WHERE id BETWEEN 6607652 AND 6607752
	-> Filter: (sbtest1.id between 6607652 and 6607752)  (cost=20.6 rows=101)
    -> Covering index range scan on sbtest1 using PRIMARY over (6607652 <= id <= 6607752)  (cost=20.6 rows=101)


table 2 : explain SELECT id FROM sbtest2 WHERE id BETWEEN 6607652 AND 6607752
	-> Filter: (sbtest2.id between 6607652 and 6607752)  (cost=20.6 rows=101)
    -> Covering index range scan on sbtest2 using PRIMARY over (6607652 <= id <= 6607752)  (cost=20.6 rows=101)


table 3 : explain SELECT id FROM sbtest3 WHERE id BETWEEN 6607652 AND 6607752
	-> Filter: (sbtest3.id between 6607652 and 6607752)  (cost=20.6 rows=101)
    -> Covering index range scan on sbtest3 using PRIMARY over (6607652 <= id <= 6607752)  (cost=20.6 rows=101)


table 4 : explain SELECT id FROM sbtest4 WHERE id BETWEEN 6607652 AND 6607752
	-> Filter: (sbtest4.id between 6607652 and 6607752)  (cost=20.6 rows=101)
    -> Covering index range scan on sbtest4 using PRIMARY over (6607652 <= id <= 6607752)  (cost=20.6 rows=101)


table 5 : explain SELECT id FROM sbtest5 WHERE id BETWEEN 6607652 AND 6607752
	-> Filter: (sbtest5.id between 6607652 and 6607752)  (cost=20.6 rows=101)
    -> Covering index range scan on sbtest5 using PRIMARY over (6607652 <= id <= 6607752)  (cost=20.6 rows=101)


table 6 : explain SELECT id FROM sbtest6 WHERE id BETWEEN 6607652 AND 6607752
	-> Filter: (sbtest6.id between 6607652 and 6607752)  (cost=20.6 rows=101)
    -> Covering index range scan on sbtest6 using PRIMARY over (6607652 <= id <= 6607752)  (cost=20.6 rows=101)


table 7 : explain SELECT id FROM sbtest7 WHERE id BETWEEN 6607652 AND 6607752
	-> Filter: (sbtest7.id between 6607652 and 6607752)  (cost=20.6 rows=101)
    -> Covering index range scan on sbtest7 using PRIMARY over (6607652 <= id <= 6607752)  (cost=20.6 rows=101)


table 8 : explain SELECT id FROM sbtest8 WHERE id BETWEEN 6607652 AND 6607752
	-> Filter: (sbtest8.id between 6607652 and 6607752)  (cost=20.6 rows=101)
    -> Covering index range scan on sbtest8 using PRIMARY over (6607652 <= id <= 6607752)  (cost=20.6 rows=101)


for range-covered
table 1 : explain SELECT id FROM sbtest1 WHERE id BETWEEN 7609338 AND 7609438
	-> Filter: (sbtest1.id between 7609338 and 7609438)  (cost=20.6 rows=101)
    -> Covering index range scan on sbtest1 using PRIMARY over (7609338 <= id <= 7609438)  (cost=20.6 rows=101)


table 2 : explain SELECT id FROM sbtest2 WHERE id BETWEEN 7609338 AND 7609438
	-> Filter: (sbtest2.id between 7609338 and 7609438)  (cost=20.6 rows=101)
    -> Covering index range scan on sbtest2 using PRIMARY over (7609338 <= id <= 7609438)  (cost=20.6 rows=101)


table 3 : explain SELECT id FROM sbtest3 WHERE id BETWEEN 7609338 AND 7609438
	-> Filter: (sbtest3.id between 7609338 and 7609438)  (cost=20.6 rows=101)
    -> Covering index range scan on sbtest3 using PRIMARY over (7609338 <= id <= 7609438)  (cost=20.6 rows=101)


table 4 : explain SELECT id FROM sbtest4 WHERE id BETWEEN 7609338 AND 7609438
	-> Filter: (sbtest4.id between 7609338 and 7609438)  (cost=20.6 rows=101)
    -> Covering index range scan on sbtest4 using PRIMARY over (7609338 <= id <= 7609438)  (cost=20.6 rows=101)


table 5 : explain SELECT id FROM sbtest5 WHERE id BETWEEN 7609338 AND 7609438
	-> Filter: (sbtest5.id between 7609338 and 7609438)  (cost=20.6 rows=101)
    -> Covering index range scan on sbtest5 using PRIMARY over (7609338 <= id <= 7609438)  (cost=20.6 rows=101)


table 6 : explain SELECT id FROM sbtest6 WHERE id BETWEEN 7609338 AND 7609438
	-> Filter: (sbtest6.id between 7609338 and 7609438)  (cost=20.6 rows=101)
    -> Covering index range scan on sbtest6 using PRIMARY over (7609338 <= id <= 7609438)  (cost=20.6 rows=101)


table 7 : explain SELECT id FROM sbtest7 WHERE id BETWEEN 7609338 AND 7609438
	-> Filter: (sbtest7.id between 7609338 and 7609438)  (cost=20.6 rows=101)
    -> Covering index range scan on sbtest7 using PRIMARY over (7609338 <= id <= 7609438)  (cost=20.6 rows=101)


table 8 : explain SELECT id FROM sbtest8 WHERE id BETWEEN 7609338 AND 7609438
	-> Filter: (sbtest8.id between 7609338 and 7609438)  (cost=20.6 rows=101)
    -> Covering index range scan on sbtest8 using PRIMARY over (7609338 <= id <= 7609438)  (cost=20.6 rows=101)


for range-covered
table 1 : explain SELECT id FROM sbtest1 WHERE id BETWEEN 3468232 AND 3468332
	-> Filter: (sbtest1.id between 3468232 and 3468332)  (cost=20.6 rows=101)
    -> Covering index range scan on sbtest1 using PRIMARY over (3468232 <= id <= 3468332)  (cost=20.6 rows=101)


table 2 : explain SELECT id FROM sbtest2 WHERE id BETWEEN 3468232 AND 3468332
	-> Filter: (sbtest2.id between 3468232 and 3468332)  (cost=20.6 rows=101)
    -> Covering index range scan on sbtest2 using PRIMARY over (3468232 <= id <= 3468332)  (cost=20.6 rows=101)


table 3 : explain SELECT id FROM sbtest3 WHERE id BETWEEN 3468232 AND 3468332
	-> Filter: (sbtest3.id between 3468232 and 3468332)  (cost=20.6 rows=101)
    -> Covering index range scan on sbtest3 using PRIMARY over (3468232 <= id <= 3468332)  (cost=20.6 rows=101)


table 4 : explain SELECT id FROM sbtest4 WHERE id BETWEEN 3468232 AND 3468332
	-> Filter: (sbtest4.id between 3468232 and 3468332)  (cost=20.6 rows=101)
    -> Covering index range scan on sbtest4 using PRIMARY over (3468232 <= id <= 3468332)  (cost=20.6 rows=101)


table 5 : explain SELECT id FROM sbtest5 WHERE id BETWEEN 3468232 AND 3468332
	-> Filter: (sbtest5.id between 3468232 and 3468332)  (cost=20.6 rows=101)
    -> Covering index range scan on sbtest5 using PRIMARY over (3468232 <= id <= 3468332)  (cost=20.6 rows=101)


table 6 : explain SELECT id FROM sbtest6 WHERE id BETWEEN 3468232 AND 3468332
	-> Filter: (sbtest6.id between 3468232 and 3468332)  (cost=20.6 rows=101)
    -> Covering index range scan on sbtest6 using PRIMARY over (3468232 <= id <= 3468332)  (cost=20.6 rows=101)


table 7 : explain SELECT id FROM sbtest7 WHERE id BETWEEN 3468232 AND 3468332
	-> Filter: (sbtest7.id between 3468232 and 3468332)  (cost=20.6 rows=101)
    -> Covering index range scan on sbtest7 using PRIMARY over (3468232 <= id <= 3468332)  (cost=20.6 rows=101)


table 8 : explain SELECT id FROM sbtest8 WHERE id BETWEEN 3468232 AND 3468332
	-> Filter: (sbtest8.id between 3468232 and 3468332)  (cost=20.6 rows=101)
    -> Covering index range scan on sbtest8 using PRIMARY over (3468232 <= id <= 3468332)  (cost=20.6 rows=101)

for range-covered
table 1 : explain SELECT id FROM sbtest1 WHERE id BETWEEN 6121679 AND 6121779
	-> Filter: (sbtest1.id between 6121679 and 6121779)  (cost=20.6 rows=101)
    -> Covering index range scan on sbtest1 using PRIMARY over (6121679 <= id <= 6121779)  (cost=20.6 rows=101)


table 2 : explain SELECT id FROM sbtest2 WHERE id BETWEEN 6121679 AND 6121779
	-> Filter: (sbtest2.id between 6121679 and 6121779)  (cost=20.6 rows=101)
    -> Covering index range scan on sbtest2 using PRIMARY over (6121679 <= id <= 6121779)  (cost=20.6 rows=101)


table 3 : explain SELECT id FROM sbtest3 WHERE id BETWEEN 6121679 AND 6121779
	-> Filter: (sbtest3.id between 6121679 and 6121779)  (cost=20.6 rows=101)
    -> Covering index range scan on sbtest3 using PRIMARY over (6121679 <= id <= 6121779)  (cost=20.6 rows=101)


table 4 : explain SELECT id FROM sbtest4 WHERE id BETWEEN 6121679 AND 6121779
	-> Filter: (sbtest4.id between 6121679 and 6121779)  (cost=20.6 rows=101)
    -> Covering index range scan on sbtest4 using PRIMARY over (6121679 <= id <= 6121779)  (cost=20.6 rows=101)


table 5 : explain SELECT id FROM sbtest5 WHERE id BETWEEN 6121679 AND 6121779
	-> Filter: (sbtest5.id between 6121679 and 6121779)  (cost=20.6 rows=101)
    -> Covering index range scan on sbtest5 using PRIMARY over (6121679 <= id <= 6121779)  (cost=20.6 rows=101)


table 6 : explain SELECT id FROM sbtest6 WHERE id BETWEEN 6121679 AND 6121779
	-> Filter: (sbtest6.id between 6121679 and 6121779)  (cost=20.6 rows=101)
    -> Covering index range scan on sbtest6 using PRIMARY over (6121679 <= id <= 6121779)  (cost=20.6 rows=101)


table 7 : explain SELECT id FROM sbtest7 WHERE id BETWEEN 6121679 AND 6121779
	-> Filter: (sbtest7.id between 6121679 and 6121779)  (cost=20.6 rows=101)
    -> Covering index range scan on sbtest7 using PRIMARY over (6121679 <= id <= 6121779)  (cost=20.6 rows=101)


table 8 : explain SELECT id FROM sbtest8 WHERE id BETWEEN 6121679 AND 6121779
	-> Filter: (sbtest8.id between 6121679 and 6121779)  (cost=20.6 rows=101)
    -> Covering index range scan on sbtest8 using PRIMARY over (6121679 <= id <= 6121779)  (cost=20.6 rows=101)



for range-covered
table 1 : explain SELECT id FROM sbtest1 WHERE id BETWEEN 4333531 AND 4333631
	-> Filter: (sbtest1.id between 4333531 and 4333631)  (cost=20.6 rows=101)
    -> Covering index range scan on sbtest1 using PRIMARY over (4333531 <= id <= 4333631)  (cost=20.6 rows=101)


table 2 : explain SELECT id FROM sbtest2 WHERE id BETWEEN 4333531 AND 4333631
	-> Filter: (sbtest2.id between 4333531 and 4333631)  (cost=20.6 rows=101)
    -> Covering index range scan on sbtest2 using PRIMARY over (4333531 <= id <= 4333631)  (cost=20.6 rows=101)


table 3 : explain SELECT id FROM sbtest3 WHERE id BETWEEN 4333531 AND 4333631
	-> Filter: (sbtest3.id between 4333531 and 4333631)  (cost=20.6 rows=101)
    -> Covering index range scan on sbtest3 using PRIMARY over (4333531 <= id <= 4333631)  (cost=20.6 rows=101)


table 4 : explain SELECT id FROM sbtest4 WHERE id BETWEEN 4333531 AND 4333631
	-> Filter: (sbtest4.id between 4333531 and 4333631)  (cost=20.6 rows=101)
    -> Covering index range scan on sbtest4 using PRIMARY over (4333531 <= id <= 4333631)  (cost=20.6 rows=101)


table 5 : explain SELECT id FROM sbtest5 WHERE id BETWEEN 4333531 AND 4333631
	-> Filter: (sbtest5.id between 4333531 and 4333631)  (cost=20.6 rows=101)
    -> Covering index range scan on sbtest5 using PRIMARY over (4333531 <= id <= 4333631)  (cost=20.6 rows=101)


table 6 : explain SELECT id FROM sbtest6 WHERE id BETWEEN 4333531 AND 4333631
	-> Filter: (sbtest6.id between 4333531 and 4333631)  (cost=20.6 rows=101)
    -> Covering index range scan on sbtest6 using PRIMARY over (4333531 <= id <= 4333631)  (cost=20.6 rows=101)


table 7 : explain SELECT id FROM sbtest7 WHERE id BETWEEN 4333531 AND 4333631
	-> Filter: (sbtest7.id between 4333531 and 4333631)  (cost=20.6 rows=101)
    -> Covering index range scan on sbtest7 using PRIMARY over (4333531 <= id <= 4333631)  (cost=20.6 rows=101)


table 8 : explain SELECT id FROM sbtest8 WHERE id BETWEEN 4333531 AND 4333631
	-> Filter: (sbtest8.id between 4333531 and 4333631)  (cost=20.6 rows=101)
    -> Covering index range scan on sbtest8 using PRIMARY over (4333531 <= id <= 4333631)  (cost=20.6 rows=101)


explain: for range-covered :: explain SELECT id FROM sbtest%d WHERE id BETWEEN 5440251 AND 5440351
for range-covered
table 1 : explain SELECT id FROM sbtest1 WHERE id BETWEEN 7126950 AND 7127050
	-> Filter: (sbtest1.id between 7126950 and 7127050)  (cost=20.6 rows=101)
    -> Covering index range scan on sbtest1 using PRIMARY over (7126950 <= id <= 7127050)  (cost=20.6 rows=101)


table 2 : explain SELECT id FROM sbtest2 WHERE id BETWEEN 7126950 AND 7127050
	-> Filter: (sbtest2.id between 7126950 and 7127050)  (cost=20.6 rows=101)
    -> Covering index range scan on sbtest2 using PRIMARY over (7126950 <= id <= 7127050)  (cost=20.6 rows=101)


table 3 : explain SELECT id FROM sbtest3 WHERE id BETWEEN 7126950 AND 7127050
	-> Filter: (sbtest3.id between 7126950 and 7127050)  (cost=20.6 rows=101)
    -> Covering index range scan on sbtest3 using PRIMARY over (7126950 <= id <= 7127050)  (cost=20.6 rows=101)


table 4 : explain SELECT id FROM sbtest4 WHERE id BETWEEN 7126950 AND 7127050
	-> Filter: (sbtest4.id between 7126950 and 7127050)  (cost=20.6 rows=101)
    -> Covering index range scan on sbtest4 using PRIMARY over (7126950 <= id <= 7127050)  (cost=20.6 rows=101)


table 5 : explain SELECT id FROM sbtest5 WHERE id BETWEEN 7126950 AND 7127050
	-> Filter: (sbtest5.id between 7126950 and 7127050)  (cost=20.6 rows=101)
    -> Covering index range scan on sbtest5 using PRIMARY over (7126950 <= id <= 7127050)  (cost=20.6 rows=101)


table 6 : explain SELECT id FROM sbtest6 WHERE id BETWEEN 7126950 AND 7127050
	-> Filter: (sbtest6.id between 7126950 and 7127050)  (cost=20.6 rows=101)
    -> Covering index range scan on sbtest6 using PRIMARY over (7126950 <= id <= 7127050)  (cost=20.6 rows=101)


table 7 : explain SELECT id FROM sbtest7 WHERE id BETWEEN 7126950 AND 7127050
	-> Filter: (sbtest7.id between 7126950 and 7127050)  (cost=20.6 rows=101)
    -> Covering index range scan on sbtest7 using PRIMARY over (7126950 <= id <= 7127050)  (cost=20.6 rows=101)


table 8 : explain SELECT id FROM sbtest8 WHERE id BETWEEN 7126950 AND 7127050
	-> Filter: (sbtest8.id between 7126950 and 7127050)  (cost=20.6 rows=101)
    -> Covering index range scan on sbtest8 using PRIMARY over (7126950 <= id <= 7127050)  (cost=20.6 rows=101)


explain: for range-covered :: explain SELECT id FROM sbtest%d WHERE id BETWEEN 7609338 AND 7609438
for range-covered
table 1 : explain SELECT id FROM sbtest1 WHERE id BETWEEN 2322852 AND 2322952
	-> Filter: (sbtest1.id between 2322852 and 2322952)  (cost=20.6 rows=101)
    -> Covering index range scan on sbtest1 using PRIMARY over (2322852 <= id <= 2322952)  (cost=20.6 rows=101)


table 2 : explain SELECT id FROM sbtest2 WHERE id BETWEEN 2322852 AND 2322952
	-> Filter: (sbtest2.id between 2322852 and 2322952)  (cost=20.6 rows=101)
    -> Covering index range scan on sbtest2 using PRIMARY over (2322852 <= id <= 2322952)  (cost=20.6 rows=101)


table 3 : explain SELECT id FROM sbtest3 WHERE id BETWEEN 2322852 AND 2322952
	-> Filter: (sbtest3.id between 2322852 and 2322952)  (cost=20.6 rows=101)
    -> Covering index range scan on sbtest3 using PRIMARY over (2322852 <= id <= 2322952)  (cost=20.6 rows=101)


table 4 : explain SELECT id FROM sbtest4 WHERE id BETWEEN 2322852 AND 2322952
	-> Filter: (sbtest4.id between 2322852 and 2322952)  (cost=20.6 rows=101)
    -> Covering index range scan on sbtest4 using PRIMARY over (2322852 <= id <= 2322952)  (cost=20.6 rows=101)


table 5 : explain SELECT id FROM sbtest5 WHERE id BETWEEN 2322852 AND 2322952
	-> Filter: (sbtest5.id between 2322852 and 2322952)  (cost=20.6 rows=101)
    -> Covering index range scan on sbtest5 using PRIMARY over (2322852 <= id <= 2322952)  (cost=20.6 rows=101)


table 6 : explain SELECT id FROM sbtest6 WHERE id BETWEEN 2322852 AND 2322952
	-> Filter: (sbtest6.id between 2322852 and 2322952)  (cost=20.6 rows=101)
    -> Covering index range scan on sbtest6 using PRIMARY over (2322852 <= id <= 2322952)  (cost=20.6 rows=101)


table 7 : explain SELECT id FROM sbtest7 WHERE id BETWEEN 2322852 AND 2322952
	-> Filter: (sbtest7.id between 2322852 and 2322952)  (cost=20.6 rows=101)
    -> Covering index range scan on sbtest7 using PRIMARY over (2322852 <= id <= 2322952)  (cost=20.6 rows=101)


table 8 : explain SELECT id FROM sbtest8 WHERE id BETWEEN 2322852 AND 2322952
	-> Filter: (sbtest8.id between 2322852 and 2322952)  (cost=20.6 rows=101)
    -> Covering index range scan on sbtest8 using PRIMARY over (2322852 <= id <= 2322952)  (cost=20.6 rows=101)


explain: for range-covered :: explain SELECT id FROM sbtest%d WHERE id BETWEEN 6121679 AND 6121779
explain: for range-covered :: explain SELECT id FROM sbtest%d WHERE id BETWEEN 3468232 AND 3468332
explain: for range-covered :: explain SELECT id FROM sbtest%d WHERE id BETWEEN 7126950 AND 7127050
for range-covered
table 1 : explain SELECT id FROM sbtest1 WHERE id BETWEEN 8126829 AND 8126929
	-> Filter: (sbtest1.id between 8126829 and 8126929)  (cost=20.6 rows=101)
    -> Covering index range scan on sbtest1 using PRIMARY over (8126829 <= id <= 8126929)  (cost=20.6 rows=101)


table 2 : explain SELECT id FROM sbtest2 WHERE id BETWEEN 8126829 AND 8126929
	-> Filter: (sbtest2.id between 8126829 and 8126929)  (cost=20.6 rows=101)
    -> Covering index range scan on sbtest2 using PRIMARY over (8126829 <= id <= 8126929)  (cost=20.6 rows=101)


table 3 : explain SELECT id FROM sbtest3 WHERE id BETWEEN 8126829 AND 8126929
	-> Filter: (sbtest3.id between 8126829 and 8126929)  (cost=20.6 rows=101)
    -> Covering index range scan on sbtest3 using PRIMARY over (8126829 <= id <= 8126929)  (cost=20.6 rows=101)


table 4 : explain SELECT id FROM sbtest4 WHERE id BETWEEN 8126829 AND 8126929
	-> Filter: (sbtest4.id between 8126829 and 8126929)  (cost=20.6 rows=101)
    -> Covering index range scan on sbtest4 using PRIMARY over (8126829 <= id <= 8126929)  (cost=20.6 rows=101)


table 5 : explain SELECT id FROM sbtest5 WHERE id BETWEEN 8126829 AND 8126929
	-> Filter: (sbtest5.id between 8126829 and 8126929)  (cost=20.6 rows=101)
    -> Covering index range scan on sbtest5 using PRIMARY over (8126829 <= id <= 8126929)  (cost=20.6 rows=101)


table 6 : explain SELECT id FROM sbtest6 WHERE id BETWEEN 8126829 AND 8126929
	-> Filter: (sbtest6.id between 8126829 and 8126929)  (cost=20.6 rows=101)
    -> Covering index range scan on sbtest6 using PRIMARY over (8126829 <= id <= 8126929)  (cost=20.6 rows=101)


table 7 : explain SELECT id FROM sbtest7 WHERE id BETWEEN 8126829 AND 8126929
	-> Filter: (sbtest7.id between 8126829 and 8126929)  (cost=20.6 rows=101)
    -> Covering index range scan on sbtest7 using PRIMARY over (8126829 <= id <= 8126929)  (cost=20.6 rows=101)


table 8 : explain SELECT id FROM sbtest8 WHERE id BETWEEN 8126829 AND 8126929
	-> Filter: (sbtest8.id between 8126829 and 8126929)  (cost=20.6 rows=101)
    -> Covering index range scan on sbtest8 using PRIMARY over (8126829 <= id <= 8126929)  (cost=20.6 rows=101)


for range-covered
table 1 : explain SELECT id FROM sbtest1 WHERE id BETWEEN 5687401 AND 5687501
	-> Filter: (sbtest1.id between 5687401 and 5687501)  (cost=20.6 rows=101)
    -> Covering index range scan on sbtest1 using PRIMARY over (5687401 <= id <= 5687501)  (cost=20.6 rows=101)


table 2 : explain SELECT id FROM sbtest2 WHERE id BETWEEN 5687401 AND 5687501
	-> Filter: (sbtest2.id between 5687401 and 5687501)  (cost=20.6 rows=101)
    -> Covering index range scan on sbtest2 using PRIMARY over (5687401 <= id <= 5687501)  (cost=20.6 rows=101)


table 3 : explain SELECT id FROM sbtest3 WHERE id BETWEEN 5687401 AND 5687501
	-> Filter: (sbtest3.id between 5687401 and 5687501)  (cost=20.6 rows=101)
    -> Covering index range scan on sbtest3 using PRIMARY over (5687401 <= id <= 5687501)  (cost=20.6 rows=101)


table 4 : explain SELECT id FROM sbtest4 WHERE id BETWEEN 5687401 AND 5687501
	-> Filter: (sbtest4.id between 5687401 and 5687501)  (cost=20.6 rows=101)
    -> Covering index range scan on sbtest4 using PRIMARY over (5687401 <= id <= 5687501)  (cost=20.6 rows=101)


table 5 : explain SELECT id FROM sbtest5 WHERE id BETWEEN 5687401 AND 5687501
	-> Filter: (sbtest5.id between 5687401 and 5687501)  (cost=20.6 rows=101)
    -> Covering index range scan on sbtest5 using PRIMARY over (5687401 <= id <= 5687501)  (cost=20.6 rows=101)


table 6 : explain SELECT id FROM sbtest6 WHERE id BETWEEN 5687401 AND 5687501
	-> Filter: (sbtest6.id between 5687401 and 5687501)  (cost=20.6 rows=101)
    -> Covering index range scan on sbtest6 using PRIMARY over (5687401 <= id <= 5687501)  (cost=20.6 rows=101)


table 7 : explain SELECT id FROM sbtest7 WHERE id BETWEEN 5687401 AND 5687501
	-> Filter: (sbtest7.id between 5687401 and 5687501)  (cost=20.6 rows=101)
    -> Covering index range scan on sbtest7 using PRIMARY over (5687401 <= id <= 5687501)  (cost=20.6 rows=101)


table 8 : explain SELECT id FROM sbtest8 WHERE id BETWEEN 5687401 AND 5687501
	-> Filter: (sbtest8.id between 5687401 and 5687501)  (cost=20.6 rows=101)
    -> Covering index range scan on sbtest8 using PRIMARY over (5687401 <= id <= 5687501)  (cost=20.6 rows=101)

for range-covered
table 1 : explain SELECT id FROM sbtest1 WHERE id BETWEEN 1893473 AND 1893573
	-> Filter: (sbtest1.id between 1893473 and 1893573)  (cost=20.6 rows=101)
    -> Covering index range scan on sbtest1 using PRIMARY over (1893473 <= id <= 1893573)  (cost=20.6 rows=101)


table 2 : explain SELECT id FROM sbtest2 WHERE id BETWEEN 1893473 AND 1893573
	-> Filter: (sbtest2.id between 1893473 and 1893573)  (cost=20.6 rows=101)
    -> Covering index range scan on sbtest2 using PRIMARY over (1893473 <= id <= 1893573)  (cost=20.6 rows=101)


table 3 : explain SELECT id FROM sbtest3 WHERE id BETWEEN 1893473 AND 1893573
	-> Filter: (sbtest3.id between 1893473 and 1893573)  (cost=20.6 rows=101)
    -> Covering index range scan on sbtest3 using PRIMARY over (1893473 <= id <= 1893573)  (cost=20.6 rows=101)


table 4 : explain SELECT id FROM sbtest4 WHERE id BETWEEN 1893473 AND 1893573
	-> Filter: (sbtest4.id between 1893473 and 1893573)  (cost=20.6 rows=101)
    -> Covering index range scan on sbtest4 using PRIMARY over (1893473 <= id <= 1893573)  (cost=20.6 rows=101)


table 5 : explain SELECT id FROM sbtest5 WHERE id BETWEEN 1893473 AND 1893573
	-> Filter: (sbtest5.id between 1893473 and 1893573)  (cost=20.6 rows=101)
    -> Covering index range scan on sbtest5 using PRIMARY over (1893473 <= id <= 1893573)  (cost=20.6 rows=101)


table 6 : explain SELECT id FROM sbtest6 WHERE id BETWEEN 1893473 AND 1893573
	-> Filter: (sbtest6.id between 1893473 and 1893573)  (cost=20.6 rows=101)
    -> Covering index range scan on sbtest6 using PRIMARY over (1893473 <= id <= 1893573)  (cost=20.6 rows=101)


table 7 : explain SELECT id FROM sbtest7 WHERE id BETWEEN 1893473 AND 1893573
	-> Filter: (sbtest7.id between 1893473 and 1893573)  (cost=20.6 rows=101)
    -> Covering index range scan on sbtest7 using PRIMARY over (1893473 <= id <= 1893573)  (cost=20.6 rows=101)


table 8 : explain SELECT id FROM sbtest8 WHERE id BETWEEN 1893473 AND 1893573
	-> Filter: (sbtest8.id between 1893473 and 1893573)  (cost=20.6 rows=101)
    -> Covering index range scan on sbtest8 using PRIMARY over (1893473 <= id <= 1893573)  (cost=20.6 rows=101)



explain: for range-covered :: explain SELECT id FROM sbtest%d WHERE id BETWEEN 2322852 AND 2322952
for range-covered
table 1 : explain SELECT id FROM sbtest1 WHERE id BETWEEN 4749092 AND 4749192
	-> Filter: (sbtest1.id between 4749092 and 4749192)  (cost=20.6 rows=101)
    -> Covering index range scan on sbtest1 using PRIMARY over (4749092 <= id <= 4749192)  (cost=20.6 rows=101)


table 2 : explain SELECT id FROM sbtest2 WHERE id BETWEEN 4749092 AND 4749192
	-> Filter: (sbtest2.id between 4749092 and 4749192)  (cost=20.6 rows=101)
    -> Covering index range scan on sbtest2 using PRIMARY over (4749092 <= id <= 4749192)  (cost=20.6 rows=101)


table 3 : explain SELECT id FROM sbtest3 WHERE id BETWEEN 4749092 AND 4749192
	-> Filter: (sbtest3.id between 4749092 and 4749192)  (cost=20.6 rows=101)
    -> Covering index range scan on sbtest3 using PRIMARY over (4749092 <= id <= 4749192)  (cost=20.6 rows=101)


table 4 : explain SELECT id FROM sbtest4 WHERE id BETWEEN 4749092 AND 4749192
	-> Filter: (sbtest4.id between 4749092 and 4749192)  (cost=20.6 rows=101)
    -> Covering index range scan on sbtest4 using PRIMARY over (4749092 <= id <= 4749192)  (cost=20.6 rows=101)


table 5 : explain SELECT id FROM sbtest5 WHERE id BETWEEN 4749092 AND 4749192
	-> Filter: (sbtest5.id between 4749092 and 4749192)  (cost=20.6 rows=101)
    -> Covering index range scan on sbtest5 using PRIMARY over (4749092 <= id <= 4749192)  (cost=20.6 rows=101)


table 6 : explain SELECT id FROM sbtest6 WHERE id BETWEEN 4749092 AND 4749192
	-> Filter: (sbtest6.id between 4749092 and 4749192)  (cost=20.6 rows=101)
    -> Covering index range scan on sbtest6 using PRIMARY over (4749092 <= id <= 4749192)  (cost=20.6 rows=101)


table 7 : explain SELECT id FROM sbtest7 WHERE id BETWEEN 4749092 AND 4749192
	-> Filter: (sbtest7.id between 4749092 and 4749192)  (cost=20.6 rows=101)
    -> Covering index range scan on sbtest7 using PRIMARY over (4749092 <= id <= 4749192)  (cost=20.6 rows=101)


table 8 : explain SELECT id FROM sbtest8 WHERE id BETWEEN 4749092 AND 4749192
	-> Filter: (sbtest8.id between 4749092 and 4749192)  (cost=20.6 rows=101)
    -> Covering index range scan on sbtest8 using PRIMARY over (4749092 <= id <= 4749192)  (cost=20.6 rows=101)


explain: for range-covered :: explain SELECT id FROM sbtest%d WHERE id BETWEEN 1893473 AND 1893573
explain: for range-covered :: explain SELECT id FROM sbtest%d WHERE id BETWEEN 8126829 AND 8126929
explain: for range-covered :: explain SELECT id FROM sbtest%d WHERE id BETWEEN 5687401 AND 5687501
for range-covered
table 1 : explain SELECT id FROM sbtest1 WHERE id BETWEEN 4681970 AND 4682070
	-> Filter: (sbtest1.id between 4681970 and 4682070)  (cost=20.6 rows=101)
    -> Covering index range scan on sbtest1 using PRIMARY over (4681970 <= id <= 4682070)  (cost=20.6 rows=101)


table 2 : explain SELECT id FROM sbtest2 WHERE id BETWEEN 4681970 AND 4682070
	-> Filter: (sbtest2.id between 4681970 and 4682070)  (cost=20.6 rows=101)
    -> Covering index range scan on sbtest2 using PRIMARY over (4681970 <= id <= 4682070)  (cost=20.6 rows=101)


table 3 : explain SELECT id FROM sbtest3 WHERE id BETWEEN 4681970 AND 4682070
	-> Filter: (sbtest3.id between 4681970 and 4682070)  (cost=20.6 rows=101)
    -> Covering index range scan on sbtest3 using PRIMARY over (4681970 <= id <= 4682070)  (cost=20.6 rows=101)


table 4 : explain SELECT id FROM sbtest4 WHERE id BETWEEN 4681970 AND 4682070
	-> Filter: (sbtest4.id between 4681970 and 4682070)  (cost=20.6 rows=101)
    -> Covering index range scan on sbtest4 using PRIMARY over (4681970 <= id <= 4682070)  (cost=20.6 rows=101)


table 5 : explain SELECT id FROM sbtest5 WHERE id BETWEEN 4681970 AND 4682070
	-> Filter: (sbtest5.id between 4681970 and 4682070)  (cost=20.6 rows=101)
    -> Covering index range scan on sbtest5 using PRIMARY over (4681970 <= id <= 4682070)  (cost=20.6 rows=101)


table 6 : explain SELECT id FROM sbtest6 WHERE id BETWEEN 4681970 AND 4682070
	-> Filter: (sbtest6.id between 4681970 and 4682070)  (cost=20.6 rows=101)
    -> Covering index range scan on sbtest6 using PRIMARY over (4681970 <= id <= 4682070)  (cost=20.6 rows=101)


table 7 : explain SELECT id FROM sbtest7 WHERE id BETWEEN 4681970 AND 4682070
	-> Filter: (sbtest7.id between 4681970 and 4682070)  (cost=20.6 rows=101)
    -> Covering index range scan on sbtest7 using PRIMARY over (4681970 <= id <= 4682070)  (cost=20.6 rows=101)


table 8 : explain SELECT id FROM sbtest8 WHERE id BETWEEN 4681970 AND 4682070
	-> Filter: (sbtest8.id between 4681970 and 4682070)  (cost=20.6 rows=101)
    -> Covering index range scan on sbtest8 using PRIMARY over (4681970 <= id <= 4682070)  (cost=20.6 rows=101)


explain: for range-covered :: explain SELECT id FROM sbtest%d WHERE id BETWEEN 4749092 AND 4749192
for range-covered
table 1 : explain SELECT id FROM sbtest1 WHERE id BETWEEN 5590836 AND 5590936
	-> Filter: (sbtest1.id between 5590836 and 5590936)  (cost=20.6 rows=101)
    -> Covering index range scan on sbtest1 using PRIMARY over (5590836 <= id <= 5590936)  (cost=20.6 rows=101)


table 2 : explain SELECT id FROM sbtest2 WHERE id BETWEEN 5590836 AND 5590936
	-> Filter: (sbtest2.id between 5590836 and 5590936)  (cost=20.6 rows=101)
    -> Covering index range scan on sbtest2 using PRIMARY over (5590836 <= id <= 5590936)  (cost=20.6 rows=101)


table 3 : explain SELECT id FROM sbtest3 WHERE id BETWEEN 5590836 AND 5590936
	-> Filter: (sbtest3.id between 5590836 and 5590936)  (cost=20.6 rows=101)
    -> Covering index range scan on sbtest3 using PRIMARY over (5590836 <= id <= 5590936)  (cost=20.6 rows=101)


table 4 : explain SELECT id FROM sbtest4 WHERE id BETWEEN 5590836 AND 5590936
	-> Filter: (sbtest4.id between 5590836 and 5590936)  (cost=20.6 rows=101)
    -> Covering index range scan on sbtest4 using PRIMARY over (5590836 <= id <= 5590936)  (cost=20.6 rows=101)


table 5 : explain SELECT id FROM sbtest5 WHERE id BETWEEN 5590836 AND 5590936
	-> Filter: (sbtest5.id between 5590836 and 5590936)  (cost=20.6 rows=101)
    -> Covering index range scan on sbtest5 using PRIMARY over (5590836 <= id <= 5590936)  (cost=20.6 rows=101)


table 6 : explain SELECT id FROM sbtest6 WHERE id BETWEEN 5590836 AND 5590936
	-> Filter: (sbtest6.id between 5590836 and 5590936)  (cost=20.6 rows=101)
    -> Covering index range scan on sbtest6 using PRIMARY over (5590836 <= id <= 5590936)  (cost=20.6 rows=101)


table 7 : explain SELECT id FROM sbtest7 WHERE id BETWEEN 5590836 AND 5590936
	-> Filter: (sbtest7.id between 5590836 and 5590936)  (cost=20.6 rows=101)
    -> Covering index range scan on sbtest7 using PRIMARY over (5590836 <= id <= 5590936)  (cost=20.6 rows=101)


table 8 : explain SELECT id FROM sbtest8 WHERE id BETWEEN 5590836 AND 5590936
	-> Filter: (sbtest8.id between 5590836 and 5590936)  (cost=20.6 rows=101)
    -> Covering index range scan on sbtest8 using PRIMARY over (5590836 <= id <= 5590936)  (cost=20.6 rows=101)


for range-covered
table 1 : explain SELECT id FROM sbtest1 WHERE id BETWEEN 8026450 AND 8026550
	-> Filter: (sbtest1.id between 8026450 and 8026550)  (cost=20.6 rows=101)
    -> Covering index range scan on sbtest1 using PRIMARY over (8026450 <= id <= 8026550)  (cost=20.6 rows=101)


table 2 : explain SELECT id FROM sbtest2 WHERE id BETWEEN 8026450 AND 8026550
	-> Filter: (sbtest2.id between 8026450 and 8026550)  (cost=20.6 rows=101)
    -> Covering index range scan on sbtest2 using PRIMARY over (8026450 <= id <= 8026550)  (cost=20.6 rows=101)


table 3 : explain SELECT id FROM sbtest3 WHERE id BETWEEN 8026450 AND 8026550
	-> Filter: (sbtest3.id between 8026450 and 8026550)  (cost=20.6 rows=101)
    -> Covering index range scan on sbtest3 using PRIMARY over (8026450 <= id <= 8026550)  (cost=20.6 rows=101)


table 4 : explain SELECT id FROM sbtest4 WHERE id BETWEEN 8026450 AND 8026550
	-> Filter: (sbtest4.id between 8026450 and 8026550)  (cost=20.6 rows=101)
    -> Covering index range scan on sbtest4 using PRIMARY over (8026450 <= id <= 8026550)  (cost=20.6 rows=101)


table 5 : explain SELECT id FROM sbtest5 WHERE id BETWEEN 8026450 AND 8026550
	-> Filter: (sbtest5.id between 8026450 and 8026550)  (cost=20.6 rows=101)
    -> Covering index range scan on sbtest5 using PRIMARY over (8026450 <= id <= 8026550)  (cost=20.6 rows=101)


table 6 : explain SELECT id FROM sbtest6 WHERE id BETWEEN 8026450 AND 8026550
	-> Filter: (sbtest6.id between 8026450 and 8026550)  (cost=20.6 rows=101)
    -> Covering index range scan on sbtest6 using PRIMARY over (8026450 <= id <= 8026550)  (cost=20.6 rows=101)


table 7 : explain SELECT id FROM sbtest7 WHERE id BETWEEN 8026450 AND 8026550
	-> Filter: (sbtest7.id between 8026450 and 8026550)  (cost=20.6 rows=101)
    -> Covering index range scan on sbtest7 using PRIMARY over (8026450 <= id <= 8026550)  (cost=20.6 rows=101)


table 8 : explain SELECT id FROM sbtest8 WHERE id BETWEEN 8026450 AND 8026550
	-> Filter: (sbtest8.id between 8026450 and 8026550)  (cost=20.6 rows=101)
    -> Covering index range scan on sbtest8 using PRIMARY over (8026450 <= id <= 8026550)  (cost=20.6 rows=101)


for range-covered
table 1 : explain SELECT id FROM sbtest1 WHERE id BETWEEN 2845774 AND 2845874
	-> Filter: (sbtest1.id between 2845774 and 2845874)  (cost=20.6 rows=101)
    -> Covering index range scan on sbtest1 using PRIMARY over (2845774 <= id <= 2845874)  (cost=20.6 rows=101)


table 2 : explain SELECT id FROM sbtest2 WHERE id BETWEEN 2845774 AND 2845874
	-> Filter: (sbtest2.id between 2845774 and 2845874)  (cost=20.6 rows=101)
    -> Covering index range scan on sbtest2 using PRIMARY over (2845774 <= id <= 2845874)  (cost=20.6 rows=101)


table 3 : explain SELECT id FROM sbtest3 WHERE id BETWEEN 2845774 AND 2845874
	-> Filter: (sbtest3.id between 2845774 and 2845874)  (cost=20.6 rows=101)
    -> Covering index range scan on sbtest3 using PRIMARY over (2845774 <= id <= 2845874)  (cost=20.6 rows=101)


table 4 : explain SELECT id FROM sbtest4 WHERE id BETWEEN 2845774 AND 2845874
	-> Filter: (sbtest4.id between 2845774 and 2845874)  (cost=20.6 rows=101)
    -> Covering index range scan on sbtest4 using PRIMARY over (2845774 <= id <= 2845874)  (cost=20.6 rows=101)


table 5 : explain SELECT id FROM sbtest5 WHERE id BETWEEN 2845774 AND 2845874
	-> Filter: (sbtest5.id between 2845774 and 2845874)  (cost=20.6 rows=101)
    -> Covering index range scan on sbtest5 using PRIMARY over (2845774 <= id <= 2845874)  (cost=20.6 rows=101)


table 6 : explain SELECT id FROM sbtest6 WHERE id BETWEEN 2845774 AND 2845874
	-> Filter: (sbtest6.id between 2845774 and 2845874)  (cost=20.6 rows=101)
    -> Covering index range scan on sbtest6 using PRIMARY over (2845774 <= id <= 2845874)  (cost=20.6 rows=101)


table 7 : explain SELECT id FROM sbtest7 WHERE id BETWEEN 2845774 AND 2845874
	-> Filter: (sbtest7.id between 2845774 and 2845874)  (cost=20.6 rows=101)
    -> Covering index range scan on sbtest7 using PRIMARY over (2845774 <= id <= 2845874)  (cost=20.6 rows=101)


table 8 : explain SELECT id FROM sbtest8 WHERE id BETWEEN 2845774 AND 2845874
	-> Filter: (sbtest8.id between 2845774 and 2845874)  (cost=20.6 rows=101)
    -> Covering index range scan on sbtest8 using PRIMARY over (2845774 <= id <= 2845874)  (cost=20.6 rows=101)


for range-covered
table 1 : explain SELECT id FROM sbtest1 WHERE id BETWEEN 2178991 AND 2179091
	-> Filter: (sbtest1.id between 2178991 and 2179091)  (cost=20.6 rows=101)
    -> Covering index range scan on sbtest1 using PRIMARY over (2178991 <= id <= 2179091)  (cost=20.6 rows=101)


table 2 : explain SELECT id FROM sbtest2 WHERE id BETWEEN 2178991 AND 2179091
	-> Filter: (sbtest2.id between 2178991 and 2179091)  (cost=20.6 rows=101)
    -> Covering index range scan on sbtest2 using PRIMARY over (2178991 <= id <= 2179091)  (cost=20.6 rows=101)


table 3 : explain SELECT id FROM sbtest3 WHERE id BETWEEN 2178991 AND 2179091
	-> Filter: (sbtest3.id between 2178991 and 2179091)  (cost=20.6 rows=101)
    -> Covering index range scan on sbtest3 using PRIMARY over (2178991 <= id <= 2179091)  (cost=20.6 rows=101)


table 4 : explain SELECT id FROM sbtest4 WHERE id BETWEEN 2178991 AND 2179091
	-> Filter: (sbtest4.id between 2178991 and 2179091)  (cost=20.6 rows=101)
    -> Covering index range scan on sbtest4 using PRIMARY over (2178991 <= id <= 2179091)  (cost=20.6 rows=101)


table 5 : explain SELECT id FROM sbtest5 WHERE id BETWEEN 2178991 AND 2179091
	-> Filter: (sbtest5.id between 2178991 and 2179091)  (cost=20.6 rows=101)
    -> Covering index range scan on sbtest5 using PRIMARY over (2178991 <= id <= 2179091)  (cost=20.6 rows=101)


table 6 : explain SELECT id FROM sbtest6 WHERE id BETWEEN 2178991 AND 2179091
	-> Filter: (sbtest6.id between 2178991 and 2179091)  (cost=20.6 rows=101)
    -> Covering index range scan on sbtest6 using PRIMARY over (2178991 <= id <= 2179091)  (cost=20.6 rows=101)


table 7 : explain SELECT id FROM sbtest7 WHERE id BETWEEN 2178991 AND 2179091
	-> Filter: (sbtest7.id between 2178991 and 2179091)  (cost=20.6 rows=101)
    -> Covering index range scan on sbtest7 using PRIMARY over (2178991 <= id <= 2179091)  (cost=20.6 rows=101)


table 8 : explain SELECT id FROM sbtest8 WHERE id BETWEEN 2178991 AND 2179091
	-> Filter: (sbtest8.id between 2178991 and 2179091)  (cost=20.6 rows=101)
    -> Covering index range scan on sbtest8 using PRIMARY over (2178991 <= id <= 2179091)  (cost=20.6 rows=101)


explain: for range-covered :: explain SELECT id FROM sbtest%d WHERE id BETWEEN 5590836 AND 5590936
for range-covered
table 1 : explain SELECT id FROM sbtest1 WHERE id BETWEEN 5453131 AND 5453231
	-> Filter: (sbtest1.id between 5453131 and 5453231)  (cost=20.6 rows=101)
    -> Covering index range scan on sbtest1 using PRIMARY over (5453131 <= id <= 5453231)  (cost=20.6 rows=101)


table 2 : explain SELECT id FROM sbtest2 WHERE id BETWEEN 5453131 AND 5453231
	-> Filter: (sbtest2.id between 5453131 and 5453231)  (cost=20.6 rows=101)
    -> Covering index range scan on sbtest2 using PRIMARY over (5453131 <= id <= 5453231)  (cost=20.6 rows=101)


table 3 : explain SELECT id FROM sbtest3 WHERE id BETWEEN 5453131 AND 5453231
	-> Filter: (sbtest3.id between 5453131 and 5453231)  (cost=20.6 rows=101)
    -> Covering index range scan on sbtest3 using PRIMARY over (5453131 <= id <= 5453231)  (cost=20.6 rows=101)


table 4 : explain SELECT id FROM sbtest4 WHERE id BETWEEN 5453131 AND 5453231
	-> Filter: (sbtest4.id between 5453131 and 5453231)  (cost=20.6 rows=101)
    -> Covering index range scan on sbtest4 using PRIMARY over (5453131 <= id <= 5453231)  (cost=20.6 rows=101)


table 5 : explain SELECT id FROM sbtest5 WHERE id BETWEEN 5453131 AND 5453231
	-> Filter: (sbtest5.id between 5453131 and 5453231)  (cost=20.6 rows=101)
    -> Covering index range scan on sbtest5 using PRIMARY over (5453131 <= id <= 5453231)  (cost=20.6 rows=101)


table 6 : explain SELECT id FROM sbtest6 WHERE id BETWEEN 5453131 AND 5453231
	-> Filter: (sbtest6.id between 5453131 and 5453231)  (cost=20.6 rows=101)
    -> Covering index range scan on sbtest6 using PRIMARY over (5453131 <= id <= 5453231)  (cost=20.6 rows=101)


table 7 : explain SELECT id FROM sbtest7 WHERE id BETWEEN 5453131 AND 5453231
	-> Filter: (sbtest7.id between 5453131 and 5453231)  (cost=20.6 rows=101)
    -> Covering index range scan on sbtest7 using PRIMARY over (5453131 <= id <= 5453231)  (cost=20.6 rows=101)


table 8 : explain SELECT id FROM sbtest8 WHERE id BETWEEN 5453131 AND 5453231
	-> Filter: (sbtest8.id between 5453131 and 5453231)  (cost=20.6 rows=101)
    -> Covering index range scan on sbtest8 using PRIMARY over (5453131 <= id <= 5453231)  (cost=20.6 rows=101)


explain: for range-covered :: explain SELECT id FROM sbtest%d WHERE id BETWEEN 8026450 AND 8026550
for range-covered
table 1 : explain SELECT id FROM sbtest1 WHERE id BETWEEN 1050546 AND 1050646
	-> Filter: (sbtest1.id between 1050546 and 1050646)  (cost=20.6 rows=101)
    -> Covering index range scan on sbtest1 using PRIMARY over (1050546 <= id <= 1050646)  (cost=20.6 rows=101)


table 2 : explain SELECT id FROM sbtest2 WHERE id BETWEEN 1050546 AND 1050646
	-> Filter: (sbtest2.id between 1050546 and 1050646)  (cost=20.6 rows=101)
    -> Covering index range scan on sbtest2 using PRIMARY over (1050546 <= id <= 1050646)  (cost=20.6 rows=101)


table 3 : explain SELECT id FROM sbtest3 WHERE id BETWEEN 1050546 AND 1050646
	-> Filter: (sbtest3.id between 1050546 and 1050646)  (cost=20.6 rows=101)
    -> Covering index range scan on sbtest3 using PRIMARY over (1050546 <= id <= 1050646)  (cost=20.6 rows=101)


table 4 : explain SELECT id FROM sbtest4 WHERE id BETWEEN 1050546 AND 1050646
	-> Filter: (sbtest4.id between 1050546 and 1050646)  (cost=20.6 rows=101)
    -> Covering index range scan on sbtest4 using PRIMARY over (1050546 <= id <= 1050646)  (cost=20.6 rows=101)


table 5 : explain SELECT id FROM sbtest5 WHERE id BETWEEN 1050546 AND 1050646
	-> Filter: (sbtest5.id between 1050546 and 1050646)  (cost=20.6 rows=101)
    -> Covering index range scan on sbtest5 using PRIMARY over (1050546 <= id <= 1050646)  (cost=20.6 rows=101)


table 6 : explain SELECT id FROM sbtest6 WHERE id BETWEEN 1050546 AND 1050646
	-> Filter: (sbtest6.id between 1050546 and 1050646)  (cost=20.6 rows=101)
    -> Covering index range scan on sbtest6 using PRIMARY over (1050546 <= id <= 1050646)  (cost=20.6 rows=101)


table 7 : explain SELECT id FROM sbtest7 WHERE id BETWEEN 1050546 AND 1050646
	-> Filter: (sbtest7.id between 1050546 and 1050646)  (cost=20.6 rows=101)
    -> Covering index range scan on sbtest7 using PRIMARY over (1050546 <= id <= 1050646)  (cost=20.6 rows=101)


table 8 : explain SELECT id FROM sbtest8 WHERE id BETWEEN 1050546 AND 1050646
	-> Filter: (sbtest8.id between 1050546 and 1050646)  (cost=20.6 rows=101)
    -> Covering index range scan on sbtest8 using PRIMARY over (1050546 <= id <= 1050646)  (cost=20.6 rows=101)


explain: for range-covered :: explain SELECT id FROM sbtest%d WHERE id BETWEEN 2178991 AND 2179091for range-covered
table 1 : explain SELECT id FROM sbtest1 WHERE id BETWEEN 3859825 AND 3859925
	-> Filter: (sbtest1.id between 3859825 and 3859925)  (cost=20.6 rows=101)
    -> Covering index range scan on sbtest1 using PRIMARY over (3859825 <= id <= 3859925)  (cost=20.6 rows=101)


table 2 : explain SELECT id FROM sbtest2 WHERE id BETWEEN 3859825 AND 3859925
	-> Filter: (sbtest2.id between 3859825 and 3859925)  (cost=20.6 rows=101)
    -> Covering index range scan on sbtest2 using PRIMARY over (3859825 <= id <= 3859925)  (cost=20.6 rows=101)


table 3 : explain SELECT id FROM sbtest3 WHERE id BETWEEN 3859825 AND 3859925
	-> Filter: (sbtest3.id between 3859825 and 3859925)  (cost=20.6 rows=101)
    -> Covering index range scan on sbtest3 using PRIMARY over (3859825 <= id <= 3859925)  (cost=20.6 rows=101)


table 4 : explain SELECT id FROM sbtest4 WHERE id BETWEEN 3859825 AND 3859925
	-> Filter: (sbtest4.id between 3859825 and 3859925)  (cost=20.6 rows=101)
    -> Covering index range scan on sbtest4 using PRIMARY over (3859825 <= id <= 3859925)  (cost=20.6 rows=101)


table 5 : explain SELECT id FROM sbtest5 WHERE id BETWEEN 3859825 AND 3859925
	-> Filter: (sbtest5.id between 3859825 and 3859925)  (cost=20.6 rows=101)
    -> Covering index range scan on sbtest5 using PRIMARY over (3859825 <= id <= 3859925)  (cost=20.6 rows=101)


table 6 : explain SELECT id FROM sbtest6 WHERE id BETWEEN 3859825 AND 3859925
	-> Filter: (sbtest6.id between 3859825 and 3859925)  (cost=20.6 rows=101)
    -> Covering index range scan on sbtest6 using PRIMARY over (3859825 <= id <= 3859925)  (cost=20.6 rows=101)


table 7 : explain SELECT id FROM sbtest7 WHERE id BETWEEN 3859825 AND 3859925
	-> Filter: (sbtest7.id between 3859825 and 3859925)  (cost=20.6 rows=101)
    -> Covering index range scan on sbtest7 using PRIMARY over (3859825 <= id <= 3859925)  (cost=20.6 rows=101)


table 8 : explain SELECT id FROM sbtest8 WHERE id BETWEEN 3859825 AND 3859925
	-> Filter: (sbtest8.id between 3859825 and 3859925)  (cost=20.6 rows=101)
    -> Covering index range scan on sbtest8 using PRIMARY over (3859825 <= id <= 3859925)  (cost=20.6 rows=101)



explain: for range-covered :: explain SELECT id FROM sbtest%d WHERE id BETWEEN 2845774 AND 2845874
for range-covered
table 1 : explain SELECT id FROM sbtest1 WHERE id BETWEEN 7699932 AND 7700032
	-> Filter: (sbtest1.id between 7699932 and 7700032)  (cost=20.6 rows=101)
    -> Covering index range scan on sbtest1 using PRIMARY over (7699932 <= id <= 7700032)  (cost=20.6 rows=101)


table 2 : explain SELECT id FROM sbtest2 WHERE id BETWEEN 7699932 AND 7700032
	-> Filter: (sbtest2.id between 7699932 and 7700032)  (cost=20.6 rows=101)
    -> Covering index range scan on sbtest2 using PRIMARY over (7699932 <= id <= 7700032)  (cost=20.6 rows=101)


table 3 : explain SELECT id FROM sbtest3 WHERE id BETWEEN 7699932 AND 7700032
	-> Filter: (sbtest3.id between 7699932 and 7700032)  (cost=20.6 rows=101)
    -> Covering index range scan on sbtest3 using PRIMARY over (7699932 <= id <= 7700032)  (cost=20.6 rows=101)


table 4 : explain SELECT id FROM sbtest4 WHERE id BETWEEN 7699932 AND 7700032
	-> Filter: (sbtest4.id between 7699932 and 7700032)  (cost=20.6 rows=101)
    -> Covering index range scan on sbtest4 using PRIMARY over (7699932 <= id <= 7700032)  (cost=20.6 rows=101)


table 5 : explain SELECT id FROM sbtest5 WHERE id BETWEEN 7699932 AND 7700032
	-> Filter: (sbtest5.id between 7699932 and 7700032)  (cost=20.6 rows=101)
    -> Covering index range scan on sbtest5 using PRIMARY over (7699932 <= id <= 7700032)  (cost=20.6 rows=101)


table 6 : explain SELECT id FROM sbtest6 WHERE id BETWEEN 7699932 AND 7700032
	-> Filter: (sbtest6.id between 7699932 and 7700032)  (cost=20.6 rows=101)
    -> Covering index range scan on sbtest6 using PRIMARY over (7699932 <= id <= 7700032)  (cost=20.6 rows=101)


table 7 : explain SELECT id FROM sbtest7 WHERE id BETWEEN 7699932 AND 7700032
	-> Filter: (sbtest7.id between 7699932 and 7700032)  (cost=20.6 rows=101)
    -> Covering index range scan on sbtest7 using PRIMARY over (7699932 <= id <= 7700032)  (cost=20.6 rows=101)


table 8 : explain SELECT id FROM sbtest8 WHERE id BETWEEN 7699932 AND 7700032
	-> Filter: (sbtest8.id between 7699932 and 7700032)  (cost=20.6 rows=101)
    -> Covering index range scan on sbtest8 using PRIMARY over (7699932 <= id <= 7700032)  (cost=20.6 rows=101)


for range-covered
table 1 : explain SELECT id FROM sbtest1 WHERE id BETWEEN 5068006 AND 5068106
	-> Filter: (sbtest1.id between 5068006 and 5068106)  (cost=20.6 rows=101)
    -> Covering index range scan on sbtest1 using PRIMARY over (5068006 <= id <= 5068106)  (cost=20.6 rows=101)


table 2 : explain SELECT id FROM sbtest2 WHERE id BETWEEN 5068006 AND 5068106
	-> Filter: (sbtest2.id between 5068006 and 5068106)  (cost=20.6 rows=101)
    -> Covering index range scan on sbtest2 using PRIMARY over (5068006 <= id <= 5068106)  (cost=20.6 rows=101)


table 3 : explain SELECT id FROM sbtest3 WHERE id BETWEEN 5068006 AND 5068106
	-> Filter: (sbtest3.id between 5068006 and 5068106)  (cost=20.6 rows=101)
    -> Covering index range scan on sbtest3 using PRIMARY over (5068006 <= id <= 5068106)  (cost=20.6 rows=101)


table 4 : explain SELECT id FROM sbtest4 WHERE id BETWEEN 5068006 AND 5068106
	-> Filter: (sbtest4.id between 5068006 and 5068106)  (cost=20.6 rows=101)
    -> Covering index range scan on sbtest4 using PRIMARY over (5068006 <= id <= 5068106)  (cost=20.6 rows=101)


table 5 : explain SELECT id FROM sbtest5 WHERE id BETWEEN 5068006 AND 5068106
	-> Filter: (sbtest5.id between 5068006 and 5068106)  (cost=20.6 rows=101)
    -> Covering index range scan on sbtest5 using PRIMARY over (5068006 <= id <= 5068106)  (cost=20.6 rows=101)


table 6 : explain SELECT id FROM sbtest6 WHERE id BETWEEN 5068006 AND 5068106
	-> Filter: (sbtest6.id between 5068006 and 5068106)  (cost=20.6 rows=101)
    -> Covering index range scan on sbtest6 using PRIMARY over (5068006 <= id <= 5068106)  (cost=20.6 rows=101)


table 7 : explain SELECT id FROM sbtest7 WHERE id BETWEEN 5068006 AND 5068106
	-> Filter: (sbtest7.id between 5068006 and 5068106)  (cost=20.6 rows=101)
    -> Covering index range scan on sbtest7 using PRIMARY over (5068006 <= id <= 5068106)  (cost=20.6 rows=101)


table 8 : explain SELECT id FROM sbtest8 WHERE id BETWEEN 5068006 AND 5068106
	-> Filter: (sbtest8.id between 5068006 and 5068106)  (cost=20.6 rows=101)
    -> Covering index range scan on sbtest8 using PRIMARY over (5068006 <= id <= 5068106)  (cost=20.6 rows=101)


explain: for range-covered :: explain SELECT id FROM sbtest%d WHERE id BETWEEN 3859825 AND 3859925
for range-covered
table 1 : explain SELECT id FROM sbtest1 WHERE id BETWEEN 6321405 AND 6321505
	-> Filter: (sbtest1.id between 6321405 and 6321505)  (cost=20.6 rows=101)
    -> Covering index range scan on sbtest1 using PRIMARY over (6321405 <= id <= 6321505)  (cost=20.6 rows=101)


table 2 : explain SELECT id FROM sbtest2 WHERE id BETWEEN 6321405 AND 6321505
	-> Filter: (sbtest2.id between 6321405 and 6321505)  (cost=20.6 rows=101)
    -> Covering index range scan on sbtest2 using PRIMARY over (6321405 <= id <= 6321505)  (cost=20.6 rows=101)


table 3 : explain SELECT id FROM sbtest3 WHERE id BETWEEN 6321405 AND 6321505
	-> Filter: (sbtest3.id between 6321405 and 6321505)  (cost=20.6 rows=101)
    -> Covering index range scan on sbtest3 using PRIMARY over (6321405 <= id <= 6321505)  (cost=20.6 rows=101)


table 4 : explain SELECT id FROM sbtest4 WHERE id BETWEEN 6321405 AND 6321505
	-> Filter: (sbtest4.id between 6321405 and 6321505)  (cost=20.6 rows=101)
    -> Covering index range scan on sbtest4 using PRIMARY over (6321405 <= id <= 6321505)  (cost=20.6 rows=101)


table 5 : explain SELECT id FROM sbtest5 WHERE id BETWEEN 6321405 AND 6321505
	-> Filter: (sbtest5.id between 6321405 and 6321505)  (cost=20.6 rows=101)
    -> Covering index range scan on sbtest5 using PRIMARY over (6321405 <= id <= 6321505)  (cost=20.6 rows=101)


table 6 : explain SELECT id FROM sbtest6 WHERE id BETWEEN 6321405 AND 6321505
	-> Filter: (sbtest6.id between 6321405 and 6321505)  (cost=20.6 rows=101)
    -> Covering index range scan on sbtest6 using PRIMARY over (6321405 <= id <= 6321505)  (cost=20.6 rows=101)


table 7 : explain SELECT id FROM sbtest7 WHERE id BETWEEN 6321405 AND 6321505
	-> Filter: (sbtest7.id between 6321405 and 6321505)  (cost=20.6 rows=101)
    -> Covering index range scan on sbtest7 using PRIMARY over (6321405 <= id <= 6321505)  (cost=20.6 rows=101)


table 8 : explain SELECT id FROM sbtest8 WHERE id BETWEEN 6321405 AND 6321505
	-> Filter: (sbtest8.id between 6321405 and 6321505)  (cost=20.6 rows=101)
    -> Covering index range scan on sbtest8 using PRIMARY over (6321405 <= id <= 6321505)  (cost=20.6 rows=101)


for range-covered
table 1 : explain SELECT id FROM sbtest1 WHERE id BETWEEN 4991619 AND 4991719
	-> Filter: (sbtest1.id between 4991619 and 4991719)  (cost=20.6 rows=101)
    -> Covering index range scan on sbtest1 using PRIMARY over (4991619 <= id <= 4991719)  (cost=20.6 rows=101)


table 2 : explain SELECT id FROM sbtest2 WHERE id BETWEEN 4991619 AND 4991719
	-> Filter: (sbtest2.id between 4991619 and 4991719)  (cost=20.6 rows=101)
    -> Covering index range scan on sbtest2 using PRIMARY over (4991619 <= id <= 4991719)  (cost=20.6 rows=101)


table 3 : explain SELECT id FROM sbtest3 WHERE id BETWEEN 4991619 AND 4991719
	-> Filter: (sbtest3.id between 4991619 and 4991719)  (cost=20.6 rows=101)
    -> Covering index range scan on sbtest3 using PRIMARY over (4991619 <= id <= 4991719)  (cost=20.6 rows=101)


table 4 : explain SELECT id FROM sbtest4 WHERE id BETWEEN 4991619 AND 4991719
	-> Filter: (sbtest4.id between 4991619 and 4991719)  (cost=20.6 rows=101)
    -> Covering index range scan on sbtest4 using PRIMARY over (4991619 <= id <= 4991719)  (cost=20.6 rows=101)


table 5 : explain SELECT id FROM sbtest5 WHERE id BETWEEN 4991619 AND 4991719
	-> Filter: (sbtest5.id between 4991619 and 4991719)  (cost=20.6 rows=101)
    -> Covering index range scan on sbtest5 using PRIMARY over (4991619 <= id <= 4991719)  (cost=20.6 rows=101)


table 6 : explain SELECT id FROM sbtest6 WHERE id BETWEEN 4991619 AND 4991719
	-> Filter: (sbtest6.id between 4991619 and 4991719)  (cost=20.6 rows=101)
    -> Covering index range scan on sbtest6 using PRIMARY over (4991619 <= id <= 4991719)  (cost=20.6 rows=101)


table 7 : explain SELECT id FROM sbtest7 WHERE id BETWEEN 4991619 AND 4991719
	-> Filter: (sbtest7.id between 4991619 and 4991719)  (cost=20.6 rows=101)
    -> Covering index range scan on sbtest7 using PRIMARY over (4991619 <= id <= 4991719)  (cost=20.6 rows=101)


table 8 : explain SELECT id FROM sbtest8 WHERE id BETWEEN 4991619 AND 4991719
	-> Filter: (sbtest8.id between 4991619 and 4991719)  (cost=20.6 rows=101)
    -> Covering index range scan on sbtest8 using PRIMARY over (4991619 <= id <= 4991719)  (cost=20.6 rows=101)


for range-covered
table 1 : explain SELECT id FROM sbtest1 WHERE id BETWEEN 9219070 AND 9219170
	-> Filter: (sbtest1.id between 9219070 and 9219170)  (cost=20.6 rows=101)
    -> Covering index range scan on sbtest1 using PRIMARY over (9219070 <= id <= 9219170)  (cost=20.6 rows=101)


table 2 : explain SELECT id FROM sbtest2 WHERE id BETWEEN 9219070 AND 9219170
	-> Filter: (sbtest2.id between 9219070 and 9219170)  (cost=20.6 rows=101)
    -> Covering index range scan on sbtest2 using PRIMARY over (9219070 <= id <= 9219170)  (cost=20.6 rows=101)


table 3 : explain SELECT id FROM sbtest3 WHERE id BETWEEN 9219070 AND 9219170
	-> Filter: (sbtest3.id between 9219070 and 9219170)  (cost=20.6 rows=101)
    -> Covering index range scan on sbtest3 using PRIMARY over (9219070 <= id <= 9219170)  (cost=20.6 rows=101)


table 4 : explain SELECT id FROM sbtest4 WHERE id BETWEEN 9219070 AND 9219170
	-> Filter: (sbtest4.id between 9219070 and 9219170)  (cost=20.6 rows=101)
    -> Covering index range scan on sbtest4 using PRIMARY over (9219070 <= id <= 9219170)  (cost=20.6 rows=101)


table 5 : explain SELECT id FROM sbtest5 WHERE id BETWEEN 9219070 AND 9219170
	-> Filter: (sbtest5.id between 9219070 and 9219170)  (cost=20.6 rows=101)
    -> Covering index range scan on sbtest5 using PRIMARY over (9219070 <= id <= 9219170)  (cost=20.6 rows=101)


table 6 : explain SELECT id FROM sbtest6 WHERE id BETWEEN 9219070 AND 9219170
	-> Filter: (sbtest6.id between 9219070 and 9219170)  (cost=20.6 rows=101)
    -> Covering index range scan on sbtest6 using PRIMARY over (9219070 <= id <= 9219170)  (cost=20.6 rows=101)


table 7 : explain SELECT id FROM sbtest7 WHERE id BETWEEN 9219070 AND 9219170
	-> Filter: (sbtest7.id between 9219070 and 9219170)  (cost=20.6 rows=101)
    -> Covering index range scan on sbtest7 using PRIMARY over (9219070 <= id <= 9219170)  (cost=20.6 rows=101)


table 8 : explain SELECT id FROM sbtest8 WHERE id BETWEEN 9219070 AND 9219170
	-> Filter: (sbtest8.id between 9219070 and 9219170)  (cost=20.6 rows=101)
    -> Covering index range scan on sbtest8 using PRIMARY over (9219070 <= id <= 9219170)  (cost=20.6 rows=101)


explain: for range-covered :: explain SELECT id FROM sbtest%d WHERE id BETWEEN 7699932 AND 7700032
for range-covered
table 1 : explain SELECT id FROM sbtest1 WHERE id BETWEEN 3620066 AND 3620166
	-> Filter: (sbtest1.id between 3620066 and 3620166)  (cost=20.6 rows=101)
    -> Covering index range scan on sbtest1 using PRIMARY over (3620066 <= id <= 3620166)  (cost=20.6 rows=101)


table 2 : explain SELECT id FROM sbtest2 WHERE id BETWEEN 3620066 AND 3620166
	-> Filter: (sbtest2.id between 3620066 and 3620166)  (cost=20.6 rows=101)
    -> Covering index range scan on sbtest2 using PRIMARY over (3620066 <= id <= 3620166)  (cost=20.6 rows=101)


table 3 : explain SELECT id FROM sbtest3 WHERE id BETWEEN 3620066 AND 3620166
	-> Filter: (sbtest3.id between 3620066 and 3620166)  (cost=20.6 rows=101)
    -> Covering index range scan on sbtest3 using PRIMARY over (3620066 <= id <= 3620166)  (cost=20.6 rows=101)


table 4 : explain SELECT id FROM sbtest4 WHERE id BETWEEN 3620066 AND 3620166
	-> Filter: (sbtest4.id between 3620066 and 3620166)  (cost=20.6 rows=101)
    -> Covering index range scan on sbtest4 using PRIMARY over (3620066 <= id <= 3620166)  (cost=20.6 rows=101)


table 5 : explain SELECT id FROM sbtest5 WHERE id BETWEEN 3620066 AND 3620166
	-> Filter: (sbtest5.id between 3620066 and 3620166)  (cost=20.6 rows=101)
    -> Covering index range scan on sbtest5 using PRIMARY over (3620066 <= id <= 3620166)  (cost=20.6 rows=101)


table 6 : explain SELECT id FROM sbtest6 WHERE id BETWEEN 3620066 AND 3620166
	-> Filter: (sbtest6.id between 3620066 and 3620166)  (cost=20.6 rows=101)
    -> Covering index range scan on sbtest6 using PRIMARY over (3620066 <= id <= 3620166)  (cost=20.6 rows=101)


table 7 : explain SELECT id FROM sbtest7 WHERE id BETWEEN 3620066 AND 3620166
	-> Filter: (sbtest7.id between 3620066 and 3620166)  (cost=20.6 rows=101)
    -> Covering index range scan on sbtest7 using PRIMARY over (3620066 <= id <= 3620166)  (cost=20.6 rows=101)


table 8 : explain SELECT id FROM sbtest8 WHERE id BETWEEN 3620066 AND 3620166
	-> Filter: (sbtest8.id between 3620066 and 3620166)  (cost=20.6 rows=101)
    -> Covering index range scan on sbtest8 using PRIMARY over (3620066 <= id <= 3620166)  (cost=20.6 rows=101)


explain: for range-covered :: explain SELECT id FROM sbtest%d WHERE id BETWEEN 5068006 AND 5068106
for range-covered
table 1 : explain SELECT id FROM sbtest1 WHERE id BETWEEN 3869178 AND 3869278
	-> Filter: (sbtest1.id between 3869178 and 3869278)  (cost=20.6 rows=101)
    -> Covering index range scan on sbtest1 using PRIMARY over (3869178 <= id <= 3869278)  (cost=20.6 rows=101)


table 2 : explain SELECT id FROM sbtest2 WHERE id BETWEEN 3869178 AND 3869278
	-> Filter: (sbtest2.id between 3869178 and 3869278)  (cost=20.6 rows=101)
    -> Covering index range scan on sbtest2 using PRIMARY over (3869178 <= id <= 3869278)  (cost=20.6 rows=101)


table 3 : explain SELECT id FROM sbtest3 WHERE id BETWEEN 3869178 AND 3869278
	-> Filter: (sbtest3.id between 3869178 and 3869278)  (cost=20.6 rows=101)
    -> Covering index range scan on sbtest3 using PRIMARY over (3869178 <= id <= 3869278)  (cost=20.6 rows=101)


table 4 : explain SELECT id FROM sbtest4 WHERE id BETWEEN 3869178 AND 3869278
	-> Filter: (sbtest4.id between 3869178 and 3869278)  (cost=20.6 rows=101)
    -> Covering index range scan on sbtest4 using PRIMARY over (3869178 <= id <= 3869278)  (cost=20.6 rows=101)


table 5 : explain SELECT id FROM sbtest5 WHERE id BETWEEN 3869178 AND 3869278
	-> Filter: (sbtest5.id between 3869178 and 3869278)  (cost=20.6 rows=101)
    -> Covering index range scan on sbtest5 using PRIMARY over (3869178 <= id <= 3869278)  (cost=20.6 rows=101)


table 6 : explain SELECT id FROM sbtest6 WHERE id BETWEEN 3869178 AND 3869278
	-> Filter: (sbtest6.id between 3869178 and 3869278)  (cost=20.6 rows=101)
    -> Covering index range scan on sbtest6 using PRIMARY over (3869178 <= id <= 3869278)  (cost=20.6 rows=101)


table 7 : explain SELECT id FROM sbtest7 WHERE id BETWEEN 3869178 AND 3869278
	-> Filter: (sbtest7.id between 3869178 and 3869278)  (cost=20.6 rows=101)
    -> Covering index range scan on sbtest7 using PRIMARY over (3869178 <= id <= 3869278)  (cost=20.6 rows=101)


table 8 : explain SELECT id FROM sbtest8 WHERE id BETWEEN 3869178 AND 3869278
	-> Filter: (sbtest8.id between 3869178 and 3869278)  (cost=20.6 rows=101)
    -> Covering index range scan on sbtest8 using PRIMARY over (3869178 <= id <= 3869278)  (cost=20.6 rows=101)


explain: for range-covered :: explain SELECT id FROM sbtest%d WHERE id BETWEEN 6321405 AND 6321505
explain: for range-covered :: explain SELECT id FROM sbtest%d WHERE id BETWEEN 4991619 AND 4991719
for range-covered
table 1 : explain SELECT id FROM sbtest1 WHERE id BETWEEN 7020568 AND 7020668
	-> Filter: (sbtest1.id between 7020568 and 7020668)  (cost=20.6 rows=101)
    -> Covering index range scan on sbtest1 using PRIMARY over (7020568 <= id <= 7020668)  (cost=20.6 rows=101)


table 2 : explain SELECT id FROM sbtest2 WHERE id BETWEEN 7020568 AND 7020668
	-> Filter: (sbtest2.id between 7020568 and 7020668)  (cost=20.6 rows=101)
    -> Covering index range scan on sbtest2 using PRIMARY over (7020568 <= id <= 7020668)  (cost=20.6 rows=101)


table 3 : explain SELECT id FROM sbtest3 WHERE id BETWEEN 7020568 AND 7020668
	-> Filter: (sbtest3.id between 7020568 and 7020668)  (cost=20.6 rows=101)
    -> Covering index range scan on sbtest3 using PRIMARY over (7020568 <= id <= 7020668)  (cost=20.6 rows=101)


table 4 : explain SELECT id FROM sbtest4 WHERE id BETWEEN 7020568 AND 7020668
	-> Filter: (sbtest4.id between 7020568 and 7020668)  (cost=20.6 rows=101)
    -> Covering index range scan on sbtest4 using PRIMARY over (7020568 <= id <= 7020668)  (cost=20.6 rows=101)


table 5 : explain SELECT id FROM sbtest5 WHERE id BETWEEN 7020568 AND 7020668
	-> Filter: (sbtest5.id between 7020568 and 7020668)  (cost=20.6 rows=101)
    -> Covering index range scan on sbtest5 using PRIMARY over (7020568 <= id <= 7020668)  (cost=20.6 rows=101)


table 6 : explain SELECT id FROM sbtest6 WHERE id BETWEEN 7020568 AND 7020668
	-> Filter: (sbtest6.id between 7020568 and 7020668)  (cost=20.6 rows=101)
    -> Covering index range scan on sbtest6 using PRIMARY over (7020568 <= id <= 7020668)  (cost=20.6 rows=101)


table 7 : explain SELECT id FROM sbtest7 WHERE id BETWEEN 7020568 AND 7020668
	-> Filter: (sbtest7.id between 7020568 and 7020668)  (cost=20.6 rows=101)
    -> Covering index range scan on sbtest7 using PRIMARY over (7020568 <= id <= 7020668)  (cost=20.6 rows=101)


table 8 : explain SELECT id FROM sbtest8 WHERE id BETWEEN 7020568 AND 7020668
	-> Filter: (sbtest8.id between 7020568 and 7020668)  (cost=20.6 rows=101)
    -> Covering index range scan on sbtest8 using PRIMARY over (7020568 <= id <= 7020668)  (cost=20.6 rows=101)


for range-covered
table 1 : explain SELECT id FROM sbtest1 WHERE id BETWEEN 3409393 AND 3409493
	-> Filter: (sbtest1.id between 3409393 and 3409493)  (cost=20.6 rows=101)
    -> Covering index range scan on sbtest1 using PRIMARY over (3409393 <= id <= 3409493)  (cost=20.6 rows=101)


table 2 : explain SELECT id FROM sbtest2 WHERE id BETWEEN 3409393 AND 3409493
	-> Filter: (sbtest2.id between 3409393 and 3409493)  (cost=20.6 rows=101)
    -> Covering index range scan on sbtest2 using PRIMARY over (3409393 <= id <= 3409493)  (cost=20.6 rows=101)


table 3 : explain SELECT id FROM sbtest3 WHERE id BETWEEN 3409393 AND 3409493
	-> Filter: (sbtest3.id between 3409393 and 3409493)  (cost=20.6 rows=101)
    -> Covering index range scan on sbtest3 using PRIMARY over (3409393 <= id <= 3409493)  (cost=20.6 rows=101)


table 4 : explain SELECT id FROM sbtest4 WHERE id BETWEEN 3409393 AND 3409493
	-> Filter: (sbtest4.id between 3409393 and 3409493)  (cost=20.6 rows=101)
    -> Covering index range scan on sbtest4 using PRIMARY over (3409393 <= id <= 3409493)  (cost=20.6 rows=101)


table 5 : explain SELECT id FROM sbtest5 WHERE id BETWEEN 3409393 AND 3409493
	-> Filter: (sbtest5.id between 3409393 and 3409493)  (cost=20.6 rows=101)
    -> Covering index range scan on sbtest5 using PRIMARY over (3409393 <= id <= 3409493)  (cost=20.6 rows=101)


table 6 : explain SELECT id FROM sbtest6 WHERE id BETWEEN 3409393 AND 3409493
	-> Filter: (sbtest6.id between 3409393 and 3409493)  (cost=20.6 rows=101)
    -> Covering index range scan on sbtest6 using PRIMARY over (3409393 <= id <= 3409493)  (cost=20.6 rows=101)


table 7 : explain SELECT id FROM sbtest7 WHERE id BETWEEN 3409393 AND 3409493
	-> Filter: (sbtest7.id between 3409393 and 3409493)  (cost=20.6 rows=101)
    -> Covering index range scan on sbtest7 using PRIMARY over (3409393 <= id <= 3409493)  (cost=20.6 rows=101)


table 8 : explain SELECT id FROM sbtest8 WHERE id BETWEEN 3409393 AND 3409493
	-> Filter: (sbtest8.id between 3409393 and 3409493)  (cost=20.6 rows=101)
    -> Covering index range scan on sbtest8 using PRIMARY over (3409393 <= id <= 3409493)  (cost=20.6 rows=101)


explain: for range-covered :: explain SELECT id FROM sbtest%d WHERE id BETWEEN 3620066 AND 3620166
for range-covered
table 1 : explain SELECT id FROM sbtest1 WHERE id BETWEEN 3504453 AND 3504553
	-> Filter: (sbtest1.id between 3504453 and 3504553)  (cost=20.6 rows=101)
    -> Covering index range scan on sbtest1 using PRIMARY over (3504453 <= id <= 3504553)  (cost=20.6 rows=101)


table 2 : explain SELECT id FROM sbtest2 WHERE id BETWEEN 3504453 AND 3504553
	-> Filter: (sbtest2.id between 3504453 and 3504553)  (cost=20.6 rows=101)
    -> Covering index range scan on sbtest2 using PRIMARY over (3504453 <= id <= 3504553)  (cost=20.6 rows=101)


table 3 : explain SELECT id FROM sbtest3 WHERE id BETWEEN 3504453 AND 3504553
	-> Filter: (sbtest3.id between 3504453 and 3504553)  (cost=20.6 rows=101)
    -> Covering index range scan on sbtest3 using PRIMARY over (3504453 <= id <= 3504553)  (cost=20.6 rows=101)


table 4 : explain SELECT id FROM sbtest4 WHERE id BETWEEN 3504453 AND 3504553
	-> Filter: (sbtest4.id between 3504453 and 3504553)  (cost=20.6 rows=101)
    -> Covering index range scan on sbtest4 using PRIMARY over (3504453 <= id <= 3504553)  (cost=20.6 rows=101)


table 5 : explain SELECT id FROM sbtest5 WHERE id BETWEEN 3504453 AND 3504553
	-> Filter: (sbtest5.id between 3504453 and 3504553)  (cost=20.6 rows=101)
    -> Covering index range scan on sbtest5 using PRIMARY over (3504453 <= id <= 3504553)  (cost=20.6 rows=101)


table 6 : explain SELECT id FROM sbtest6 WHERE id BETWEEN 3504453 AND 3504553
	-> Filter: (sbtest6.id between 3504453 and 3504553)  (cost=20.6 rows=101)
    -> Covering index range scan on sbtest6 using PRIMARY over (3504453 <= id <= 3504553)  (cost=20.6 rows=101)


table 7 : explain SELECT id FROM sbtest7 WHERE id BETWEEN 3504453 AND 3504553
	-> Filter: (sbtest7.id between 3504453 and 3504553)  (cost=20.6 rows=101)
    -> Covering index range scan on sbtest7 using PRIMARY over (3504453 <= id <= 3504553)  (cost=20.6 rows=101)


table 8 : explain SELECT id FROM sbtest8 WHERE id BETWEEN 3504453 AND 3504553
	-> Filter: (sbtest8.id between 3504453 and 3504553)  (cost=20.6 rows=101)
    -> Covering index range scan on sbtest8 using PRIMARY over (3504453 <= id <= 3504553)  (cost=20.6 rows=101)


explain: for range-covered :: explain SELECT id FROM sbtest%d WHERE id BETWEEN 3409393 AND 3409493
for range-covered
table 1 : explain SELECT id FROM sbtest1 WHERE id BETWEEN 5440251 AND 5440351
	-> Filter: (sbtest1.id between 5440251 and 5440351)  (cost=20.6 rows=101)
    -> Covering index range scan on sbtest1 using PRIMARY over (5440251 <= id <= 5440351)  (cost=20.6 rows=101)


table 2 : explain SELECT id FROM sbtest2 WHERE id BETWEEN 5440251 AND 5440351
	-> Filter: (sbtest2.id between 5440251 and 5440351)  (cost=20.6 rows=101)
    -> Covering index range scan on sbtest2 using PRIMARY over (5440251 <= id <= 5440351)  (cost=20.6 rows=101)


table 3 : explain SELECT id FROM sbtest3 WHERE id BETWEEN 5440251 AND 5440351
	-> Filter: (sbtest3.id between 5440251 and 5440351)  (cost=20.6 rows=101)
    -> Covering index range scan on sbtest3 using PRIMARY over (5440251 <= id <= 5440351)  (cost=20.6 rows=101)


table 4 : explain SELECT id FROM sbtest4 WHERE id BETWEEN 5440251 AND 5440351
	-> Filter: (sbtest4.id between 5440251 and 5440351)  (cost=20.6 rows=101)
    -> Covering index range scan on sbtest4 using PRIMARY over (5440251 <= id <= 5440351)  (cost=20.6 rows=101)


table 5 : explain SELECT id FROM sbtest5 WHERE id BETWEEN 5440251 AND 5440351
	-> Filter: (sbtest5.id between 5440251 and 5440351)  (cost=20.6 rows=101)
    -> Covering index range scan on sbtest5 using PRIMARY over (5440251 <= id <= 5440351)  (cost=20.6 rows=101)


table 6 : explain SELECT id FROM sbtest6 WHERE id BETWEEN 5440251 AND 5440351
	-> Filter: (sbtest6.id between 5440251 and 5440351)  (cost=20.6 rows=101)
    -> Covering index range scan on sbtest6 using PRIMARY over (5440251 <= id <= 5440351)  (cost=20.6 rows=101)


table 7 : explain SELECT id FROM sbtest7 WHERE id BETWEEN 5440251 AND 5440351
	-> Filter: (sbtest7.id between 5440251 and 5440351)  (cost=20.6 rows=101)
    -> Covering index range scan on sbtest7 using PRIMARY over (5440251 <= id <= 5440351)  (cost=20.6 rows=101)


table 8 : explain SELECT id FROM sbtest8 WHERE id BETWEEN 5440251 AND 5440351
	-> Filter: (sbtest8.id between 5440251 and 5440351)  (cost=20.6 rows=101)
    -> Covering index range scan on sbtest8 using PRIMARY over (5440251 <= id <= 5440351)  (cost=20.6 rows=101)


explain: for range-covered :: explain SELECT id FROM sbtest%d WHERE id BETWEEN 3504453 AND 3504553
for range-covered
table 1 : explain SELECT id FROM sbtest1 WHERE id BETWEEN 6121679 AND 6121779
	-> Filter: (sbtest1.id between 6121679 and 6121779)  (cost=20.6 rows=101)
    -> Covering index range scan on sbtest1 using PRIMARY over (6121679 <= id <= 6121779)  (cost=20.6 rows=101)


table 2 : explain SELECT id FROM sbtest2 WHERE id BETWEEN 6121679 AND 6121779
	-> Filter: (sbtest2.id between 6121679 and 6121779)  (cost=20.6 rows=101)
    -> Covering index range scan on sbtest2 using PRIMARY over (6121679 <= id <= 6121779)  (cost=20.6 rows=101)


table 3 : explain SELECT id FROM sbtest3 WHERE id BETWEEN 6121679 AND 6121779
	-> Filter: (sbtest3.id between 6121679 and 6121779)  (cost=20.6 rows=101)
    -> Covering index range scan on sbtest3 using PRIMARY over (6121679 <= id <= 6121779)  (cost=20.6 rows=101)


table 4 : explain SELECT id FROM sbtest4 WHERE id BETWEEN 6121679 AND 6121779
	-> Filter: (sbtest4.id between 6121679 and 6121779)  (cost=20.6 rows=101)
    -> Covering index range scan on sbtest4 using PRIMARY over (6121679 <= id <= 6121779)  (cost=20.6 rows=101)


table 5 : explain SELECT id FROM sbtest5 WHERE id BETWEEN 6121679 AND 6121779
	-> Filter: (sbtest5.id between 6121679 and 6121779)  (cost=20.6 rows=101)
    -> Covering index range scan on sbtest5 using PRIMARY over (6121679 <= id <= 6121779)  (cost=20.6 rows=101)


table 6 : explain SELECT id FROM sbtest6 WHERE id BETWEEN 6121679 AND 6121779
	-> Filter: (sbtest6.id between 6121679 and 6121779)  (cost=20.6 rows=101)
    -> Covering index range scan on sbtest6 using PRIMARY over (6121679 <= id <= 6121779)  (cost=20.6 rows=101)


table 7 : explain SELECT id FROM sbtest7 WHERE id BETWEEN 6121679 AND 6121779
	-> Filter: (sbtest7.id between 6121679 and 6121779)  (cost=20.6 rows=101)
    -> Covering index range scan on sbtest7 using PRIMARY over (6121679 <= id <= 6121779)  (cost=20.6 rows=101)


table 8 : explain SELECT id FROM sbtest8 WHERE id BETWEEN 6121679 AND 6121779
	-> Filter: (sbtest8.id between 6121679 and 6121779)  (cost=20.6 rows=101)
    -> Covering index range scan on sbtest8 using PRIMARY over (6121679 <= id <= 6121779)  (cost=20.6 rows=101)


for range-covered
table 1 : explain SELECT id FROM sbtest1 WHERE id BETWEEN 6708792 AND 6708892
	-> Filter: (sbtest1.id between 6708792 and 6708892)  (cost=20.6 rows=101)
    -> Covering index range scan on sbtest1 using PRIMARY over (6708792 <= id <= 6708892)  (cost=20.6 rows=101)


table 2 : explain SELECT id FROM sbtest2 WHERE id BETWEEN 6708792 AND 6708892
	-> Filter: (sbtest2.id between 6708792 and 6708892)  (cost=20.6 rows=101)
    -> Covering index range scan on sbtest2 using PRIMARY over (6708792 <= id <= 6708892)  (cost=20.6 rows=101)


table 3 : explain SELECT id FROM sbtest3 WHERE id BETWEEN 6708792 AND 6708892
	-> Filter: (sbtest3.id between 6708792 and 6708892)  (cost=20.6 rows=101)
    -> Covering index range scan on sbtest3 using PRIMARY over (6708792 <= id <= 6708892)  (cost=20.6 rows=101)


table 4 : explain SELECT id FROM sbtest4 WHERE id BETWEEN 6708792 AND 6708892
	-> Filter: (sbtest4.id between 6708792 and 6708892)  (cost=20.6 rows=101)
    -> Covering index range scan on sbtest4 using PRIMARY over (6708792 <= id <= 6708892)  (cost=20.6 rows=101)


table 5 : explain SELECT id FROM sbtest5 WHERE id BETWEEN 6708792 AND 6708892
	-> Filter: (sbtest5.id between 6708792 and 6708892)  (cost=20.6 rows=101)
    -> Covering index range scan on sbtest5 using PRIMARY over (6708792 <= id <= 6708892)  (cost=20.6 rows=101)


table 6 : explain SELECT id FROM sbtest6 WHERE id BETWEEN 6708792 AND 6708892
	-> Filter: (sbtest6.id between 6708792 and 6708892)  (cost=20.6 rows=101)
    -> Covering index range scan on sbtest6 using PRIMARY over (6708792 <= id <= 6708892)  (cost=20.6 rows=101)


table 7 : explain SELECT id FROM sbtest7 WHERE id BETWEEN 6708792 AND 6708892
	-> Filter: (sbtest7.id between 6708792 and 6708892)  (cost=20.6 rows=101)
    -> Covering index range scan on sbtest7 using PRIMARY over (6708792 <= id <= 6708892)  (cost=20.6 rows=101)


table 8 : explain SELECT id FROM sbtest8 WHERE id BETWEEN 6708792 AND 6708892
	-> Filter: (sbtest8.id between 6708792 and 6708892)  (cost=20.6 rows=101)
    -> Covering index range scan on sbtest8 using PRIMARY over (6708792 <= id <= 6708892)  (cost=20.6 rows=101)


for range-covered
table 1 : explain SELECT id FROM sbtest1 WHERE id BETWEEN 7126950 AND 7127050
	-> Filter: (sbtest1.id between 7126950 and 7127050)  (cost=20.6 rows=101)
    -> Covering index range scan on sbtest1 using PRIMARY over (7126950 <= id <= 7127050)  (cost=20.6 rows=101)


table 2 : explain SELECT id FROM sbtest2 WHERE id BETWEEN 7126950 AND 7127050
	-> Filter: (sbtest2.id between 7126950 and 7127050)  (cost=20.6 rows=101)
    -> Covering index range scan on sbtest2 using PRIMARY over (7126950 <= id <= 7127050)  (cost=20.6 rows=101)


table 3 : explain SELECT id FROM sbtest3 WHERE id BETWEEN 7126950 AND 7127050
	-> Filter: (sbtest3.id between 7126950 and 7127050)  (cost=20.6 rows=101)
    -> Covering index range scan on sbtest3 using PRIMARY over (7126950 <= id <= 7127050)  (cost=20.6 rows=101)


table 4 : explain SELECT id FROM sbtest4 WHERE id BETWEEN 7126950 AND 7127050
	-> Filter: (sbtest4.id between 7126950 and 7127050)  (cost=20.6 rows=101)
    -> Covering index range scan on sbtest4 using PRIMARY over (7126950 <= id <= 7127050)  (cost=20.6 rows=101)


table 5 : explain SELECT id FROM sbtest5 WHERE id BETWEEN 7126950 AND 7127050
	-> Filter: (sbtest5.id between 7126950 and 7127050)  (cost=20.6 rows=101)
    -> Covering index range scan on sbtest5 using PRIMARY over (7126950 <= id <= 7127050)  (cost=20.6 rows=101)


table 6 : explain SELECT id FROM sbtest6 WHERE id BETWEEN 7126950 AND 7127050
	-> Filter: (sbtest6.id between 7126950 and 7127050)  (cost=20.6 rows=101)
    -> Covering index range scan on sbtest6 using PRIMARY over (7126950 <= id <= 7127050)  (cost=20.6 rows=101)


table 7 : explain SELECT id FROM sbtest7 WHERE id BETWEEN 7126950 AND 7127050
	-> Filter: (sbtest7.id between 7126950 and 7127050)  (cost=20.6 rows=101)
    -> Covering index range scan on sbtest7 using PRIMARY over (7126950 <= id <= 7127050)  (cost=20.6 rows=101)


table 8 : explain SELECT id FROM sbtest8 WHERE id BETWEEN 7126950 AND 7127050
	-> Filter: (sbtest8.id between 7126950 and 7127050)  (cost=20.6 rows=101)
    -> Covering index range scan on sbtest8 using PRIMARY over (7126950 <= id <= 7127050)  (cost=20.6 rows=101)


for range-covered
table 1 : explain SELECT id FROM sbtest1 WHERE id BETWEEN 3468232 AND 3468332
	-> Filter: (sbtest1.id between 3468232 and 3468332)  (cost=20.6 rows=101)
    -> Covering index range scan on sbtest1 using PRIMARY over (3468232 <= id <= 3468332)  (cost=20.6 rows=101)


table 2 : explain SELECT id FROM sbtest2 WHERE id BETWEEN 3468232 AND 3468332
	-> Filter: (sbtest2.id between 3468232 and 3468332)  (cost=20.6 rows=101)
    -> Covering index range scan on sbtest2 using PRIMARY over (3468232 <= id <= 3468332)  (cost=20.6 rows=101)


table 3 : explain SELECT id FROM sbtest3 WHERE id BETWEEN 3468232 AND 3468332
	-> Filter: (sbtest3.id between 3468232 and 3468332)  (cost=20.6 rows=101)
    -> Covering index range scan on sbtest3 using PRIMARY over (3468232 <= id <= 3468332)  (cost=20.6 rows=101)


table 4 : explain SELECT id FROM sbtest4 WHERE id BETWEEN 3468232 AND 3468332
	-> Filter: (sbtest4.id between 3468232 and 3468332)  (cost=20.6 rows=101)
    -> Covering index range scan on sbtest4 using PRIMARY over (3468232 <= id <= 3468332)  (cost=20.6 rows=101)


table 5 : explain SELECT id FROM sbtest5 WHERE id BETWEEN 3468232 AND 3468332
	-> Filter: (sbtest5.id between 3468232 and 3468332)  (cost=20.6 rows=101)
    -> Covering index range scan on sbtest5 using PRIMARY over (3468232 <= id <= 3468332)  (cost=20.6 rows=101)


table 6 : explain SELECT id FROM sbtest6 WHERE id BETWEEN 3468232 AND 3468332
	-> Filter: (sbtest6.id between 3468232 and 3468332)  (cost=20.6 rows=101)
    -> Covering index range scan on sbtest6 using PRIMARY over (3468232 <= id <= 3468332)  (cost=20.6 rows=101)


table 7 : explain SELECT id FROM sbtest7 WHERE id BETWEEN 3468232 AND 3468332
	-> Filter: (sbtest7.id between 3468232 and 3468332)  (cost=20.6 rows=101)
    -> Covering index range scan on sbtest7 using PRIMARY over (3468232 <= id <= 3468332)  (cost=20.6 rows=101)


table 8 : explain SELECT id FROM sbtest8 WHERE id BETWEEN 3468232 AND 3468332
	-> Filter: (sbtest8.id between 3468232 and 3468332)  (cost=20.6 rows=101)
    -> Covering index range scan on sbtest8 using PRIMARY over (3468232 <= id <= 3468332)  (cost=20.6 rows=101)


explain: for range-covered :: explain SELECT id FROM sbtest%d WHERE id BETWEEN 6121679 AND 6121779
explain: for range-covered :: explain SELECT id FROM sbtest%d WHERE id BETWEEN 6708792 AND 6708892
explain: for range-covered :: explain SELECT id FROM sbtest%d WHERE id BETWEEN 3468232 AND 3468332
for range-covered
table 1 : explain SELECT id FROM sbtest1 WHERE id BETWEEN 7609338 AND 7609438
	-> Filter: (sbtest1.id between 7609338 and 7609438)  (cost=20.6 rows=101)
    -> Covering index range scan on sbtest1 using PRIMARY over (7609338 <= id <= 7609438)  (cost=20.6 rows=101)


table 2 : explain SELECT id FROM sbtest2 WHERE id BETWEEN 7609338 AND 7609438
	-> Filter: (sbtest2.id between 7609338 and 7609438)  (cost=20.6 rows=101)
    -> Covering index range scan on sbtest2 using PRIMARY over (7609338 <= id <= 7609438)  (cost=20.6 rows=101)


table 3 : explain SELECT id FROM sbtest3 WHERE id BETWEEN 7609338 AND 7609438
	-> Filter: (sbtest3.id between 7609338 and 7609438)  (cost=20.6 rows=101)
    -> Covering index range scan on sbtest3 using PRIMARY over (7609338 <= id <= 7609438)  (cost=20.6 rows=101)


table 4 : explain SELECT id FROM sbtest4 WHERE id BETWEEN 7609338 AND 7609438
	-> Filter: (sbtest4.id between 7609338 and 7609438)  (cost=20.6 rows=101)
    -> Covering index range scan on sbtest4 using PRIMARY over (7609338 <= id <= 7609438)  (cost=20.6 rows=101)


table 5 : explain SELECT id FROM sbtest5 WHERE id BETWEEN 7609338 AND 7609438
	-> Filter: (sbtest5.id between 7609338 and 7609438)  (cost=20.6 rows=101)
    -> Covering index range scan on sbtest5 using PRIMARY over (7609338 <= id <= 7609438)  (cost=20.6 rows=101)


table 6 : explain SELECT id FROM sbtest6 WHERE id BETWEEN 7609338 AND 7609438
	-> Filter: (sbtest6.id between 7609338 and 7609438)  (cost=20.6 rows=101)
    -> Covering index range scan on sbtest6 using PRIMARY over (7609338 <= id <= 7609438)  (cost=20.6 rows=101)


table 7 : explain SELECT id FROM sbtest7 WHERE id BETWEEN 7609338 AND 7609438
	-> Filter: (sbtest7.id between 7609338 and 7609438)  (cost=20.6 rows=101)
    -> Covering index range scan on sbtest7 using PRIMARY over (7609338 <= id <= 7609438)  (cost=20.6 rows=101)


table 8 : explain SELECT id FROM sbtest8 WHERE id BETWEEN 7609338 AND 7609438
	-> Filter: (sbtest8.id between 7609338 and 7609438)  (cost=20.6 rows=101)
    -> Covering index range scan on sbtest8 using PRIMARY over (7609338 <= id <= 7609438)  (cost=20.6 rows=101)


for range-covered
table 1 : explain SELECT id FROM sbtest1 WHERE id BETWEEN 5687401 AND 5687501
	-> Filter: (sbtest1.id between 5687401 and 5687501)  (cost=20.6 rows=101)
    -> Covering index range scan on sbtest1 using PRIMARY over (5687401 <= id <= 5687501)  (cost=20.6 rows=101)


table 2 : explain SELECT id FROM sbtest2 WHERE id BETWEEN 5687401 AND 5687501
	-> Filter: (sbtest2.id between 5687401 and 5687501)  (cost=20.6 rows=101)
    -> Covering index range scan on sbtest2 using PRIMARY over (5687401 <= id <= 5687501)  (cost=20.6 rows=101)


table 3 : explain SELECT id FROM sbtest3 WHERE id BETWEEN 5687401 AND 5687501
	-> Filter: (sbtest3.id between 5687401 and 5687501)  (cost=20.6 rows=101)
    -> Covering index range scan on sbtest3 using PRIMARY over (5687401 <= id <= 5687501)  (cost=20.6 rows=101)


table 4 : explain SELECT id FROM sbtest4 WHERE id BETWEEN 5687401 AND 5687501
	-> Filter: (sbtest4.id between 5687401 and 5687501)  (cost=20.6 rows=101)
    -> Covering index range scan on sbtest4 using PRIMARY over (5687401 <= id <= 5687501)  (cost=20.6 rows=101)


table 5 : explain SELECT id FROM sbtest5 WHERE id BETWEEN 5687401 AND 5687501
	-> Filter: (sbtest5.id between 5687401 and 5687501)  (cost=20.6 rows=101)
    -> Covering index range scan on sbtest5 using PRIMARY over (5687401 <= id <= 5687501)  (cost=20.6 rows=101)


table 6 : explain SELECT id FROM sbtest6 WHERE id BETWEEN 5687401 AND 5687501
	-> Filter: (sbtest6.id between 5687401 and 5687501)  (cost=20.6 rows=101)
    -> Covering index range scan on sbtest6 using PRIMARY over (5687401 <= id <= 5687501)  (cost=20.6 rows=101)


table 7 : explain SELECT id FROM sbtest7 WHERE id BETWEEN 5687401 AND 5687501
	-> Filter: (sbtest7.id between 5687401 and 5687501)  (cost=20.6 rows=101)
    -> Covering index range scan on sbtest7 using PRIMARY over (5687401 <= id <= 5687501)  (cost=20.6 rows=101)


table 8 : explain SELECT id FROM sbtest8 WHERE id BETWEEN 5687401 AND 5687501
	-> Filter: (sbtest8.id between 5687401 and 5687501)  (cost=20.6 rows=101)
    -> Covering index range scan on sbtest8 using PRIMARY over (5687401 <= id <= 5687501)  (cost=20.6 rows=101)

for range-covered
table 1 : explain SELECT id FROM sbtest1 WHERE id BETWEEN 8126829 AND 8126929
	-> Filter: (sbtest1.id between 8126829 and 8126929)  (cost=20.6 rows=101)
    -> Covering index range scan on sbtest1 using PRIMARY over (8126829 <= id <= 8126929)  (cost=20.6 rows=101)


table 2 : explain SELECT id FROM sbtest2 WHERE id BETWEEN 8126829 AND 8126929
	-> Filter: (sbtest2.id between 8126829 and 8126929)  (cost=20.6 rows=101)
    -> Covering index range scan on sbtest2 using PRIMARY over (8126829 <= id <= 8126929)  (cost=20.6 rows=101)


table 3 : explain SELECT id FROM sbtest3 WHERE id BETWEEN 8126829 AND 8126929
	-> Filter: (sbtest3.id between 8126829 and 8126929)  (cost=20.6 rows=101)
    -> Covering index range scan on sbtest3 using PRIMARY over (8126829 <= id <= 8126929)  (cost=20.6 rows=101)


table 4 : explain SELECT id FROM sbtest4 WHERE id BETWEEN 8126829 AND 8126929
	-> Filter: (sbtest4.id between 8126829 and 8126929)  (cost=20.6 rows=101)
    -> Covering index range scan on sbtest4 using PRIMARY over (8126829 <= id <= 8126929)  (cost=20.6 rows=101)


table 5 : explain SELECT id FROM sbtest5 WHERE id BETWEEN 8126829 AND 8126929
	-> Filter: (sbtest5.id between 8126829 and 8126929)  (cost=20.6 rows=101)
    -> Covering index range scan on sbtest5 using PRIMARY over (8126829 <= id <= 8126929)  (cost=20.6 rows=101)


table 6 : explain SELECT id FROM sbtest6 WHERE id BETWEEN 8126829 AND 8126929
	-> Filter: (sbtest6.id between 8126829 and 8126929)  (cost=20.6 rows=101)
    -> Covering index range scan on sbtest6 using PRIMARY over (8126829 <= id <= 8126929)  (cost=20.6 rows=101)


table 7 : explain SELECT id FROM sbtest7 WHERE id BETWEEN 8126829 AND 8126929
	-> Filter: (sbtest7.id between 8126829 and 8126929)  (cost=20.6 rows=101)
    -> Covering index range scan on sbtest7 using PRIMARY over (8126829 <= id <= 8126929)  (cost=20.6 rows=101)


table 8 : explain SELECT id FROM sbtest8 WHERE id BETWEEN 8126829 AND 8126929
	-> Filter: (sbtest8.id between 8126829 and 8126929)  (cost=20.6 rows=101)
    -> Covering index range scan on sbtest8 using PRIMARY over (8126829 <= id <= 8126929)  (cost=20.6 rows=101)


for range-covered
table 1 : explain SELECT id FROM sbtest1 WHERE id BETWEEN 3631501 AND 3631601
	-> Filter: (sbtest1.id between 3631501 and 3631601)  (cost=20.6 rows=101)
    -> Covering index range scan on sbtest1 using PRIMARY over (3631501 <= id <= 3631601)  (cost=20.6 rows=101)


table 2 : explain SELECT id FROM sbtest2 WHERE id BETWEEN 3631501 AND 3631601
	-> Filter: (sbtest2.id between 3631501 and 3631601)  (cost=20.6 rows=101)
    -> Covering index range scan on sbtest2 using PRIMARY over (3631501 <= id <= 3631601)  (cost=20.6 rows=101)


table 3 : explain SELECT id FROM sbtest3 WHERE id BETWEEN 3631501 AND 3631601
	-> Filter: (sbtest3.id between 3631501 and 3631601)  (cost=20.6 rows=101)
    -> Covering index range scan on sbtest3 using PRIMARY over (3631501 <= id <= 3631601)  (cost=20.6 rows=101)


table 4 : explain SELECT id FROM sbtest4 WHERE id BETWEEN 3631501 AND 3631601
	-> Filter: (sbtest4.id between 3631501 and 3631601)  (cost=20.6 rows=101)
    -> Covering index range scan on sbtest4 using PRIMARY over (3631501 <= id <= 3631601)  (cost=20.6 rows=101)


table 5 : explain SELECT id FROM sbtest5 WHERE id BETWEEN 3631501 AND 3631601
	-> Filter: (sbtest5.id between 3631501 and 3631601)  (cost=20.6 rows=101)
    -> Covering index range scan on sbtest5 using PRIMARY over (3631501 <= id <= 3631601)  (cost=20.6 rows=101)


table 6 : explain SELECT id FROM sbtest6 WHERE id BETWEEN 3631501 AND 3631601
	-> Filter: (sbtest6.id between 3631501 and 3631601)  (cost=20.6 rows=101)
    -> Covering index range scan on sbtest6 using PRIMARY over (3631501 <= id <= 3631601)  (cost=20.6 rows=101)


table 7 : explain SELECT id FROM sbtest7 WHERE id BETWEEN 3631501 AND 3631601
	-> Filter: (sbtest7.id between 3631501 and 3631601)  (cost=20.6 rows=101)
    -> Covering index range scan on sbtest7 using PRIMARY over (3631501 <= id <= 3631601)  (cost=20.6 rows=101)


table 8 : explain SELECT id FROM sbtest8 WHERE id BETWEEN 3631501 AND 3631601
	-> Filter: (sbtest8.id between 3631501 and 3631601)  (cost=20.6 rows=101)
    -> Covering index range scan on sbtest8 using PRIMARY over (3631501 <= id <= 3631601)  (cost=20.6 rows=101)



for range-covered
table 1 : explain SELECT id FROM sbtest1 WHERE id BETWEEN 1893473 AND 1893573
	-> Filter: (sbtest1.id between 1893473 and 1893573)  (cost=20.6 rows=101)
    -> Covering index range scan on sbtest1 using PRIMARY over (1893473 <= id <= 1893573)  (cost=20.6 rows=101)


table 2 : explain SELECT id FROM sbtest2 WHERE id BETWEEN 1893473 AND 1893573
	-> Filter: (sbtest2.id between 1893473 and 1893573)  (cost=20.6 rows=101)
    -> Covering index range scan on sbtest2 using PRIMARY over (1893473 <= id <= 1893573)  (cost=20.6 rows=101)


table 3 : explain SELECT id FROM sbtest3 WHERE id BETWEEN 1893473 AND 1893573
	-> Filter: (sbtest3.id between 1893473 and 1893573)  (cost=20.6 rows=101)
    -> Covering index range scan on sbtest3 using PRIMARY over (1893473 <= id <= 1893573)  (cost=20.6 rows=101)


table 4 : explain SELECT id FROM sbtest4 WHERE id BETWEEN 1893473 AND 1893573
	-> Filter: (sbtest4.id between 1893473 and 1893573)  (cost=20.6 rows=101)
    -> Covering index range scan on sbtest4 using PRIMARY over (1893473 <= id <= 1893573)  (cost=20.6 rows=101)


table 5 : explain SELECT id FROM sbtest5 WHERE id BETWEEN 1893473 AND 1893573
	-> Filter: (sbtest5.id between 1893473 and 1893573)  (cost=20.6 rows=101)
    -> Covering index range scan on sbtest5 using PRIMARY over (1893473 <= id <= 1893573)  (cost=20.6 rows=101)


table 6 : explain SELECT id FROM sbtest6 WHERE id BETWEEN 1893473 AND 1893573
	-> Filter: (sbtest6.id between 1893473 and 1893573)  (cost=20.6 rows=101)
    -> Covering index range scan on sbtest6 using PRIMARY over (1893473 <= id <= 1893573)  (cost=20.6 rows=101)


table 7 : explain SELECT id FROM sbtest7 WHERE id BETWEEN 1893473 AND 1893573
	-> Filter: (sbtest7.id between 1893473 and 1893573)  (cost=20.6 rows=101)
    -> Covering index range scan on sbtest7 using PRIMARY over (1893473 <= id <= 1893573)  (cost=20.6 rows=101)


table 8 : explain SELECT id FROM sbtest8 WHERE id BETWEEN 1893473 AND 1893573
	-> Filter: (sbtest8.id between 1893473 and 1893573)  (cost=20.6 rows=101)
    -> Covering index range scan on sbtest8 using PRIMARY over (1893473 <= id <= 1893573)  (cost=20.6 rows=101)


explain: for range-covered :: explain SELECT id FROM sbtest%d WHERE id BETWEEN 7609338 AND 7609438
for range-covered
table 1 : explain SELECT id FROM sbtest1 WHERE id BETWEEN 4472526 AND 4472626
	-> Filter: (sbtest1.id between 4472526 and 4472626)  (cost=20.6 rows=101)
    -> Covering index range scan on sbtest1 using PRIMARY over (4472526 <= id <= 4472626)  (cost=20.6 rows=101)


table 2 : explain SELECT id FROM sbtest2 WHERE id BETWEEN 4472526 AND 4472626
	-> Filter: (sbtest2.id between 4472526 and 4472626)  (cost=20.6 rows=101)
    -> Covering index range scan on sbtest2 using PRIMARY over (4472526 <= id <= 4472626)  (cost=20.6 rows=101)


table 3 : explain SELECT id FROM sbtest3 WHERE id BETWEEN 4472526 AND 4472626
	-> Filter: (sbtest3.id between 4472526 and 4472626)  (cost=20.6 rows=101)
    -> Covering index range scan on sbtest3 using PRIMARY over (4472526 <= id <= 4472626)  (cost=20.6 rows=101)


table 4 : explain SELECT id FROM sbtest4 WHERE id BETWEEN 4472526 AND 4472626
	-> Filter: (sbtest4.id between 4472526 and 4472626)  (cost=20.6 rows=101)
    -> Covering index range scan on sbtest4 using PRIMARY over (4472526 <= id <= 4472626)  (cost=20.6 rows=101)


table 5 : explain SELECT id FROM sbtest5 WHERE id BETWEEN 4472526 AND 4472626
	-> Filter: (sbtest5.id between 4472526 and 4472626)  (cost=20.6 rows=101)
    -> Covering index range scan on sbtest5 using PRIMARY over (4472526 <= id <= 4472626)  (cost=20.6 rows=101)


table 6 : explain SELECT id FROM sbtest6 WHERE id BETWEEN 4472526 AND 4472626
	-> Filter: (sbtest6.id between 4472526 and 4472626)  (cost=20.6 rows=101)
    -> Covering index range scan on sbtest6 using PRIMARY over (4472526 <= id <= 4472626)  (cost=20.6 rows=101)


table 7 : explain SELECT id FROM sbtest7 WHERE id BETWEEN 4472526 AND 4472626
	-> Filter: (sbtest7.id between 4472526 and 4472626)  (cost=20.6 rows=101)
    -> Covering index range scan on sbtest7 using PRIMARY over (4472526 <= id <= 4472626)  (cost=20.6 rows=101)


table 8 : explain SELECT id FROM sbtest8 WHERE id BETWEEN 4472526 AND 4472626
	-> Filter: (sbtest8.id between 4472526 and 4472626)  (cost=20.6 rows=101)
    -> Covering index range scan on sbtest8 using PRIMARY over (4472526 <= id <= 4472626)  (cost=20.6 rows=101)


for range-covered
table 1 : explain SELECT id FROM sbtest1 WHERE id BETWEEN 2322852 AND 2322952
	-> Filter: (sbtest1.id between 2322852 and 2322952)  (cost=20.6 rows=101)
    -> Covering index range scan on sbtest1 using PRIMARY over (2322852 <= id <= 2322952)  (cost=20.6 rows=101)


table 2 : explain SELECT id FROM sbtest2 WHERE id BETWEEN 2322852 AND 2322952
	-> Filter: (sbtest2.id between 2322852 and 2322952)  (cost=20.6 rows=101)
    -> Covering index range scan on sbtest2 using PRIMARY over (2322852 <= id <= 2322952)  (cost=20.6 rows=101)


table 3 : explain SELECT id FROM sbtest3 WHERE id BETWEEN 2322852 AND 2322952
	-> Filter: (sbtest3.id between 2322852 and 2322952)  (cost=20.6 rows=101)
    -> Covering index range scan on sbtest3 using PRIMARY over (2322852 <= id <= 2322952)  (cost=20.6 rows=101)


table 4 : explain SELECT id FROM sbtest4 WHERE id BETWEEN 2322852 AND 2322952
	-> Filter: (sbtest4.id between 2322852 and 2322952)  (cost=20.6 rows=101)
    -> Covering index range scan on sbtest4 using PRIMARY over (2322852 <= id <= 2322952)  (cost=20.6 rows=101)


table 5 : explain SELECT id FROM sbtest5 WHERE id BETWEEN 2322852 AND 2322952
	-> Filter: (sbtest5.id between 2322852 and 2322952)  (cost=20.6 rows=101)
    -> Covering index range scan on sbtest5 using PRIMARY over (2322852 <= id <= 2322952)  (cost=20.6 rows=101)


table 6 : explain SELECT id FROM sbtest6 WHERE id BETWEEN 2322852 AND 2322952
	-> Filter: (sbtest6.id between 2322852 and 2322952)  (cost=20.6 rows=101)
    -> Covering index range scan on sbtest6 using PRIMARY over (2322852 <= id <= 2322952)  (cost=20.6 rows=101)


table 7 : explain SELECT id FROM sbtest7 WHERE id BETWEEN 2322852 AND 2322952
	-> Filter: (sbtest7.id between 2322852 and 2322952)  (cost=20.6 rows=101)
    -> Covering index range scan on sbtest7 using PRIMARY over (2322852 <= id <= 2322952)  (cost=20.6 rows=101)


table 8 : explain SELECT id FROM sbtest8 WHERE id BETWEEN 2322852 AND 2322952
	-> Filter: (sbtest8.id between 2322852 and 2322952)  (cost=20.6 rows=101)
    -> Covering index range scan on sbtest8 using PRIMARY over (2322852 <= id <= 2322952)  (cost=20.6 rows=101)


explain: for range-covered :: explain SELECT id FROM sbtest%d WHERE id BETWEEN 4472526 AND 4472626
explain: for range-covered :: explain SELECT id FROM sbtest%d WHERE id BETWEEN 2322852 AND 2322952
for range-covered
table 1 : explain SELECT id FROM sbtest1 WHERE id BETWEEN 4749092 AND 4749192
	-> Filter: (sbtest1.id between 4749092 and 4749192)  (cost=20.6 rows=101)
    -> Covering index range scan on sbtest1 using PRIMARY over (4749092 <= id <= 4749192)  (cost=20.6 rows=101)


table 2 : explain SELECT id FROM sbtest2 WHERE id BETWEEN 4749092 AND 4749192
	-> Filter: (sbtest2.id between 4749092 and 4749192)  (cost=20.6 rows=101)
    -> Covering index range scan on sbtest2 using PRIMARY over (4749092 <= id <= 4749192)  (cost=20.6 rows=101)


table 3 : explain SELECT id FROM sbtest3 WHERE id BETWEEN 4749092 AND 4749192
	-> Filter: (sbtest3.id between 4749092 and 4749192)  (cost=20.6 rows=101)
    -> Covering index range scan on sbtest3 using PRIMARY over (4749092 <= id <= 4749192)  (cost=20.6 rows=101)


table 4 : explain SELECT id FROM sbtest4 WHERE id BETWEEN 4749092 AND 4749192
	-> Filter: (sbtest4.id between 4749092 and 4749192)  (cost=20.6 rows=101)
    -> Covering index range scan on sbtest4 using PRIMARY over (4749092 <= id <= 4749192)  (cost=20.6 rows=101)


table 5 : explain SELECT id FROM sbtest5 WHERE id BETWEEN 4749092 AND 4749192
	-> Filter: (sbtest5.id between 4749092 and 4749192)  (cost=20.6 rows=101)
    -> Covering index range scan on sbtest5 using PRIMARY over (4749092 <= id <= 4749192)  (cost=20.6 rows=101)


table 6 : explain SELECT id FROM sbtest6 WHERE id BETWEEN 4749092 AND 4749192
	-> Filter: (sbtest6.id between 4749092 and 4749192)  (cost=20.6 rows=101)
    -> Covering index range scan on sbtest6 using PRIMARY over (4749092 <= id <= 4749192)  (cost=20.6 rows=101)


table 7 : explain SELECT id FROM sbtest7 WHERE id BETWEEN 4749092 AND 4749192
	-> Filter: (sbtest7.id between 4749092 and 4749192)  (cost=20.6 rows=101)
    -> Covering index range scan on sbtest7 using PRIMARY over (4749092 <= id <= 4749192)  (cost=20.6 rows=101)


table 8 : explain SELECT id FROM sbtest8 WHERE id BETWEEN 4749092 AND 4749192
	-> Filter: (sbtest8.id between 4749092 and 4749192)  (cost=20.6 rows=101)
    -> Covering index range scan on sbtest8 using PRIMARY over (4749092 <= id <= 4749192)  (cost=20.6 rows=101)


for range-covered
table 1 : explain SELECT id FROM sbtest1 WHERE id BETWEEN 8026450 AND 8026550
	-> Filter: (sbtest1.id between 8026450 and 8026550)  (cost=20.6 rows=101)
    -> Covering index range scan on sbtest1 using PRIMARY over (8026450 <= id <= 8026550)  (cost=20.6 rows=101)


table 2 : explain SELECT id FROM sbtest2 WHERE id BETWEEN 8026450 AND 8026550
	-> Filter: (sbtest2.id between 8026450 and 8026550)  (cost=20.6 rows=101)
    -> Covering index range scan on sbtest2 using PRIMARY over (8026450 <= id <= 8026550)  (cost=20.6 rows=101)


table 3 : explain SELECT id FROM sbtest3 WHERE id BETWEEN 8026450 AND 8026550
	-> Filter: (sbtest3.id between 8026450 and 8026550)  (cost=20.6 rows=101)
    -> Covering index range scan on sbtest3 using PRIMARY over (8026450 <= id <= 8026550)  (cost=20.6 rows=101)


table 4 : explain SELECT id FROM sbtest4 WHERE id BETWEEN 8026450 AND 8026550
	-> Filter: (sbtest4.id between 8026450 and 8026550)  (cost=20.6 rows=101)
    -> Covering index range scan on sbtest4 using PRIMARY over (8026450 <= id <= 8026550)  (cost=20.6 rows=101)


table 5 : explain SELECT id FROM sbtest5 WHERE id BETWEEN 8026450 AND 8026550
	-> Filter: (sbtest5.id between 8026450 and 8026550)  (cost=20.6 rows=101)
    -> Covering index range scan on sbtest5 using PRIMARY over (8026450 <= id <= 8026550)  (cost=20.6 rows=101)


table 6 : explain SELECT id FROM sbtest6 WHERE id BETWEEN 8026450 AND 8026550
	-> Filter: (sbtest6.id between 8026450 and 8026550)  (cost=20.6 rows=101)
    -> Covering index range scan on sbtest6 using PRIMARY over (8026450 <= id <= 8026550)  (cost=20.6 rows=101)


table 7 : explain SELECT id FROM sbtest7 WHERE id BETWEEN 8026450 AND 8026550
	-> Filter: (sbtest7.id between 8026450 and 8026550)  (cost=20.6 rows=101)
    -> Covering index range scan on sbtest7 using PRIMARY over (8026450 <= id <= 8026550)  (cost=20.6 rows=101)


table 8 : explain SELECT id FROM sbtest8 WHERE id BETWEEN 8026450 AND 8026550
	-> Filter: (sbtest8.id between 8026450 and 8026550)  (cost=20.6 rows=101)
    -> Covering index range scan on sbtest8 using PRIMARY over (8026450 <= id <= 8026550)  (cost=20.6 rows=101)


for range-covered
table 1 : explain SELECT id FROM sbtest1 WHERE id BETWEEN 2178991 AND 2179091
	-> Filter: (sbtest1.id between 2178991 and 2179091)  (cost=20.6 rows=101)
    -> Covering index range scan on sbtest1 using PRIMARY over (2178991 <= id <= 2179091)  (cost=20.6 rows=101)


table 2 : explain SELECT id FROM sbtest2 WHERE id BETWEEN 2178991 AND 2179091
	-> Filter: (sbtest2.id between 2178991 and 2179091)  (cost=20.6 rows=101)
    -> Covering index range scan on sbtest2 using PRIMARY over (2178991 <= id <= 2179091)  (cost=20.6 rows=101)


table 3 : explain SELECT id FROM sbtest3 WHERE id BETWEEN 2178991 AND 2179091
	-> Filter: (sbtest3.id between 2178991 and 2179091)  (cost=20.6 rows=101)
    -> Covering index range scan on sbtest3 using PRIMARY over (2178991 <= id <= 2179091)  (cost=20.6 rows=101)


table 4 : explain SELECT id FROM sbtest4 WHERE id BETWEEN 2178991 AND 2179091
	-> Filter: (sbtest4.id between 2178991 and 2179091)  (cost=20.6 rows=101)
    -> Covering index range scan on sbtest4 using PRIMARY over (2178991 <= id <= 2179091)  (cost=20.6 rows=101)


table 5 : explain SELECT id FROM sbtest5 WHERE id BETWEEN 2178991 AND 2179091
	-> Filter: (sbtest5.id between 2178991 and 2179091)  (cost=20.6 rows=101)
    -> Covering index range scan on sbtest5 using PRIMARY over (2178991 <= id <= 2179091)  (cost=20.6 rows=101)


table 6 : explain SELECT id FROM sbtest6 WHERE id BETWEEN 2178991 AND 2179091
	-> Filter: (sbtest6.id between 2178991 and 2179091)  (cost=20.6 rows=101)
    -> Covering index range scan on sbtest6 using PRIMARY over (2178991 <= id <= 2179091)  (cost=20.6 rows=101)


table 7 : explain SELECT id FROM sbtest7 WHERE id BETWEEN 2178991 AND 2179091
	-> Filter: (sbtest7.id between 2178991 and 2179091)  (cost=20.6 rows=101)
    -> Covering index range scan on sbtest7 using PRIMARY over (2178991 <= id <= 2179091)  (cost=20.6 rows=101)


table 8 : explain SELECT id FROM sbtest8 WHERE id BETWEEN 2178991 AND 2179091
	-> Filter: (sbtest8.id between 2178991 and 2179091)  (cost=20.6 rows=101)
    -> Covering index range scan on sbtest8 using PRIMARY over (2178991 <= id <= 2179091)  (cost=20.6 rows=101)


for range-covered
table 1 : explain SELECT id FROM sbtest1 WHERE id BETWEEN 5590836 AND 5590936
	-> Filter: (sbtest1.id between 5590836 and 5590936)  (cost=20.6 rows=101)
    -> Covering index range scan on sbtest1 using PRIMARY over (5590836 <= id <= 5590936)  (cost=20.6 rows=101)


table 2 : explain SELECT id FROM sbtest2 WHERE id BETWEEN 5590836 AND 5590936
	-> Filter: (sbtest2.id between 5590836 and 5590936)  (cost=20.6 rows=101)
    -> Covering index range scan on sbtest2 using PRIMARY over (5590836 <= id <= 5590936)  (cost=20.6 rows=101)


table 3 : explain SELECT id FROM sbtest3 WHERE id BETWEEN 5590836 AND 5590936
	-> Filter: (sbtest3.id between 5590836 and 5590936)  (cost=20.6 rows=101)
    -> Covering index range scan on sbtest3 using PRIMARY over (5590836 <= id <= 5590936)  (cost=20.6 rows=101)


table 4 : explain SELECT id FROM sbtest4 WHERE id BETWEEN 5590836 AND 5590936
	-> Filter: (sbtest4.id between 5590836 and 5590936)  (cost=20.6 rows=101)
    -> Covering index range scan on sbtest4 using PRIMARY over (5590836 <= id <= 5590936)  (cost=20.6 rows=101)


table 5 : explain SELECT id FROM sbtest5 WHERE id BETWEEN 5590836 AND 5590936
	-> Filter: (sbtest5.id between 5590836 and 5590936)  (cost=20.6 rows=101)
    -> Covering index range scan on sbtest5 using PRIMARY over (5590836 <= id <= 5590936)  (cost=20.6 rows=101)


table 6 : explain SELECT id FROM sbtest6 WHERE id BETWEEN 5590836 AND 5590936
	-> Filter: (sbtest6.id between 5590836 and 5590936)  (cost=20.6 rows=101)
    -> Covering index range scan on sbtest6 using PRIMARY over (5590836 <= id <= 5590936)  (cost=20.6 rows=101)


table 7 : explain SELECT id FROM sbtest7 WHERE id BETWEEN 5590836 AND 5590936
	-> Filter: (sbtest7.id between 5590836 and 5590936)  (cost=20.6 rows=101)
    -> Covering index range scan on sbtest7 using PRIMARY over (5590836 <= id <= 5590936)  (cost=20.6 rows=101)


table 8 : explain SELECT id FROM sbtest8 WHERE id BETWEEN 5590836 AND 5590936
	-> Filter: (sbtest8.id between 5590836 and 5590936)  (cost=20.6 rows=101)
    -> Covering index range scan on sbtest8 using PRIMARY over (5590836 <= id <= 5590936)  (cost=20.6 rows=101)


for range-covered
table 1 : explain SELECT id FROM sbtest1 WHERE id BETWEEN 2845774 AND 2845874
	-> Filter: (sbtest1.id between 2845774 and 2845874)  (cost=20.6 rows=101)
    -> Covering index range scan on sbtest1 using PRIMARY over (2845774 <= id <= 2845874)  (cost=20.6 rows=101)


table 2 : explain SELECT id FROM sbtest2 WHERE id BETWEEN 2845774 AND 2845874
	-> Filter: (sbtest2.id between 2845774 and 2845874)  (cost=20.6 rows=101)
    -> Covering index range scan on sbtest2 using PRIMARY over (2845774 <= id <= 2845874)  (cost=20.6 rows=101)


table 3 : explain SELECT id FROM sbtest3 WHERE id BETWEEN 2845774 AND 2845874
	-> Filter: (sbtest3.id between 2845774 and 2845874)  (cost=20.6 rows=101)
    -> Covering index range scan on sbtest3 using PRIMARY over (2845774 <= id <= 2845874)  (cost=20.6 rows=101)


table 4 : explain SELECT id FROM sbtest4 WHERE id BETWEEN 2845774 AND 2845874
	-> Filter: (sbtest4.id between 2845774 and 2845874)  (cost=20.6 rows=101)
    -> Covering index range scan on sbtest4 using PRIMARY over (2845774 <= id <= 2845874)  (cost=20.6 rows=101)


table 5 : explain SELECT id FROM sbtest5 WHERE id BETWEEN 2845774 AND 2845874
	-> Filter: (sbtest5.id between 2845774 and 2845874)  (cost=20.6 rows=101)
    -> Covering index range scan on sbtest5 using PRIMARY over (2845774 <= id <= 2845874)  (cost=20.6 rows=101)


table 6 : explain SELECT id FROM sbtest6 WHERE id BETWEEN 2845774 AND 2845874
	-> Filter: (sbtest6.id between 2845774 and 2845874)  (cost=20.6 rows=101)
    -> Covering index range scan on sbtest6 using PRIMARY over (2845774 <= id <= 2845874)  (cost=20.6 rows=101)


table 7 : explain SELECT id FROM sbtest7 WHERE id BETWEEN 2845774 AND 2845874
	-> Filter: (sbtest7.id between 2845774 and 2845874)  (cost=20.6 rows=101)
    -> Covering index range scan on sbtest7 using PRIMARY over (2845774 <= id <= 2845874)  (cost=20.6 rows=101)


table 8 : explain SELECT id FROM sbtest8 WHERE id BETWEEN 2845774 AND 2845874
	-> Filter: (sbtest8.id between 2845774 and 2845874)  (cost=20.6 rows=101)
    -> Covering index range scan on sbtest8 using PRIMARY over (2845774 <= id <= 2845874)  (cost=20.6 rows=101)


explain: for range-covered :: explain SELECT id FROM sbtest%d WHERE id BETWEEN 2845774 AND 2845874
for range-covered
table 1 : explain SELECT id FROM sbtest1 WHERE id BETWEEN 7699932 AND 7700032
	-> Filter: (sbtest1.id between 7699932 and 7700032)  (cost=20.6 rows=101)
    -> Covering index range scan on sbtest1 using PRIMARY over (7699932 <= id <= 7700032)  (cost=20.6 rows=101)


table 2 : explain SELECT id FROM sbtest2 WHERE id BETWEEN 7699932 AND 7700032
	-> Filter: (sbtest2.id between 7699932 and 7700032)  (cost=20.6 rows=101)
    -> Covering index range scan on sbtest2 using PRIMARY over (7699932 <= id <= 7700032)  (cost=20.6 rows=101)


table 3 : explain SELECT id FROM sbtest3 WHERE id BETWEEN 7699932 AND 7700032
	-> Filter: (sbtest3.id between 7699932 and 7700032)  (cost=20.6 rows=101)
    -> Covering index range scan on sbtest3 using PRIMARY over (7699932 <= id <= 7700032)  (cost=20.6 rows=101)


table 4 : explain SELECT id FROM sbtest4 WHERE id BETWEEN 7699932 AND 7700032
	-> Filter: (sbtest4.id between 7699932 and 7700032)  (cost=20.6 rows=101)
    -> Covering index range scan on sbtest4 using PRIMARY over (7699932 <= id <= 7700032)  (cost=20.6 rows=101)


table 5 : explain SELECT id FROM sbtest5 WHERE id BETWEEN 7699932 AND 7700032
	-> Filter: (sbtest5.id between 7699932 and 7700032)  (cost=20.6 rows=101)
    -> Covering index range scan on sbtest5 using PRIMARY over (7699932 <= id <= 7700032)  (cost=20.6 rows=101)


table 6 : explain SELECT id FROM sbtest6 WHERE id BETWEEN 7699932 AND 7700032
	-> Filter: (sbtest6.id between 7699932 and 7700032)  (cost=20.6 rows=101)
    -> Covering index range scan on sbtest6 using PRIMARY over (7699932 <= id <= 7700032)  (cost=20.6 rows=101)


table 7 : explain SELECT id FROM sbtest7 WHERE id BETWEEN 7699932 AND 7700032
	-> Filter: (sbtest7.id between 7699932 and 7700032)  (cost=20.6 rows=101)
    -> Covering index range scan on sbtest7 using PRIMARY over (7699932 <= id <= 7700032)  (cost=20.6 rows=101)


table 8 : explain SELECT id FROM sbtest8 WHERE id BETWEEN 7699932 AND 7700032
	-> Filter: (sbtest8.id between 7699932 and 7700032)  (cost=20.6 rows=101)
    -> Covering index range scan on sbtest8 using PRIMARY over (7699932 <= id <= 7700032)  (cost=20.6 rows=101)


for range-covered
table 1 : explain SELECT id FROM sbtest1 WHERE id BETWEEN 3859825 AND 3859925
	-> Filter: (sbtest1.id between 3859825 and 3859925)  (cost=20.6 rows=101)
    -> Covering index range scan on sbtest1 using PRIMARY over (3859825 <= id <= 3859925)  (cost=20.6 rows=101)


table 2 : explain SELECT id FROM sbtest2 WHERE id BETWEEN 3859825 AND 3859925
	-> Filter: (sbtest2.id between 3859825 and 3859925)  (cost=20.6 rows=101)
    -> Covering index range scan on sbtest2 using PRIMARY over (3859825 <= id <= 3859925)  (cost=20.6 rows=101)


table 3 : explain SELECT id FROM sbtest3 WHERE id BETWEEN 3859825 AND 3859925
	-> Filter: (sbtest3.id between 3859825 and 3859925)  (cost=20.6 rows=101)
    -> Covering index range scan on sbtest3 using PRIMARY over (3859825 <= id <= 3859925)  (cost=20.6 rows=101)


table 4 : explain SELECT id FROM sbtest4 WHERE id BETWEEN 3859825 AND 3859925
	-> Filter: (sbtest4.id between 3859825 and 3859925)  (cost=20.6 rows=101)
    -> Covering index range scan on sbtest4 using PRIMARY over (3859825 <= id <= 3859925)  (cost=20.6 rows=101)


table 5 : explain SELECT id FROM sbtest5 WHERE id BETWEEN 3859825 AND 3859925
	-> Filter: (sbtest5.id between 3859825 and 3859925)  (cost=20.6 rows=101)
    -> Covering index range scan on sbtest5 using PRIMARY over (3859825 <= id <= 3859925)  (cost=20.6 rows=101)


table 6 : explain SELECT id FROM sbtest6 WHERE id BETWEEN 3859825 AND 3859925
	-> Filter: (sbtest6.id between 3859825 and 3859925)  (cost=20.6 rows=101)
    -> Covering index range scan on sbtest6 using PRIMARY over (3859825 <= id <= 3859925)  (cost=20.6 rows=101)


table 7 : explain SELECT id FROM sbtest7 WHERE id BETWEEN 3859825 AND 3859925
	-> Filter: (sbtest7.id between 3859825 and 3859925)  (cost=20.6 rows=101)
    -> Covering index range scan on sbtest7 using PRIMARY over (3859825 <= id <= 3859925)  (cost=20.6 rows=101)


table 8 : explain SELECT id FROM sbtest8 WHERE id BETWEEN 3859825 AND 3859925
	-> Filter: (sbtest8.id between 3859825 and 3859925)  (cost=20.6 rows=101)
    -> Covering index range scan on sbtest8 using PRIMARY over (3859825 <= id <= 3859925)  (cost=20.6 rows=101)

for range-covered
table 1 : explain SELECT id FROM sbtest1 WHERE id BETWEEN 5068006 AND 5068106
	-> Filter: (sbtest1.id between 5068006 and 5068106)  (cost=20.6 rows=101)
    -> Covering index range scan on sbtest1 using PRIMARY over (5068006 <= id <= 5068106)  (cost=20.6 rows=101)


table 2 : explain SELECT id FROM sbtest2 WHERE id BETWEEN 5068006 AND 5068106
	-> Filter: (sbtest2.id between 5068006 and 5068106)  (cost=20.6 rows=101)
    -> Covering index range scan on sbtest2 using PRIMARY over (5068006 <= id <= 5068106)  (cost=20.6 rows=101)


table 3 : explain SELECT id FROM sbtest3 WHERE id BETWEEN 5068006 AND 5068106
	-> Filter: (sbtest3.id between 5068006 and 5068106)  (cost=20.6 rows=101)
    -> Covering index range scan on sbtest3 using PRIMARY over (5068006 <= id <= 5068106)  (cost=20.6 rows=101)


table 4 : explain SELECT id FROM sbtest4 WHERE id BETWEEN 5068006 AND 5068106
	-> Filter: (sbtest4.id between 5068006 and 5068106)  (cost=20.6 rows=101)
    -> Covering index range scan on sbtest4 using PRIMARY over (5068006 <= id <= 5068106)  (cost=20.6 rows=101)


table 5 : explain SELECT id FROM sbtest5 WHERE id BETWEEN 5068006 AND 5068106
	-> Filter: (sbtest5.id between 5068006 and 5068106)  (cost=20.6 rows=101)
    -> Covering index range scan on sbtest5 using PRIMARY over (5068006 <= id <= 5068106)  (cost=20.6 rows=101)


table 6 : explain SELECT id FROM sbtest6 WHERE id BETWEEN 5068006 AND 5068106
	-> Filter: (sbtest6.id between 5068006 and 5068106)  (cost=20.6 rows=101)
    -> Covering index range scan on sbtest6 using PRIMARY over (5068006 <= id <= 5068106)  (cost=20.6 rows=101)


table 7 : explain SELECT id FROM sbtest7 WHERE id BETWEEN 5068006 AND 5068106
	-> Filter: (sbtest7.id between 5068006 and 5068106)  (cost=20.6 rows=101)
    -> Covering index range scan on sbtest7 using PRIMARY over (5068006 <= id <= 5068106)  (cost=20.6 rows=101)


table 8 : explain SELECT id FROM sbtest8 WHERE id BETWEEN 5068006 AND 5068106
	-> Filter: (sbtest8.id between 5068006 and 5068106)  (cost=20.6 rows=101)
    -> Covering index range scan on sbtest8 using PRIMARY over (5068006 <= id <= 5068106)  (cost=20.6 rows=101)



for range-covered
table 1 : explain SELECT id FROM sbtest1 WHERE id BETWEEN 6321405 AND 6321505
	-> Filter: (sbtest1.id between 6321405 and 6321505)  (cost=20.6 rows=101)
    -> Covering index range scan on sbtest1 using PRIMARY over (6321405 <= id <= 6321505)  (cost=20.6 rows=101)


table 2 : explain SELECT id FROM sbtest2 WHERE id BETWEEN 6321405 AND 6321505
	-> Filter: (sbtest2.id between 6321405 and 6321505)  (cost=20.6 rows=101)
    -> Covering index range scan on sbtest2 using PRIMARY over (6321405 <= id <= 6321505)  (cost=20.6 rows=101)


table 3 : explain SELECT id FROM sbtest3 WHERE id BETWEEN 6321405 AND 6321505
	-> Filter: (sbtest3.id between 6321405 and 6321505)  (cost=20.6 rows=101)
    -> Covering index range scan on sbtest3 using PRIMARY over (6321405 <= id <= 6321505)  (cost=20.6 rows=101)


table 4 : explain SELECT id FROM sbtest4 WHERE id BETWEEN 6321405 AND 6321505
	-> Filter: (sbtest4.id between 6321405 and 6321505)  (cost=20.6 rows=101)
    -> Covering index range scan on sbtest4 using PRIMARY over (6321405 <= id <= 6321505)  (cost=20.6 rows=101)


table 5 : explain SELECT id FROM sbtest5 WHERE id BETWEEN 6321405 AND 6321505
	-> Filter: (sbtest5.id between 6321405 and 6321505)  (cost=20.6 rows=101)
    -> Covering index range scan on sbtest5 using PRIMARY over (6321405 <= id <= 6321505)  (cost=20.6 rows=101)


table 6 : explain SELECT id FROM sbtest6 WHERE id BETWEEN 6321405 AND 6321505
	-> Filter: (sbtest6.id between 6321405 and 6321505)  (cost=20.6 rows=101)
    -> Covering index range scan on sbtest6 using PRIMARY over (6321405 <= id <= 6321505)  (cost=20.6 rows=101)


table 7 : explain SELECT id FROM sbtest7 WHERE id BETWEEN 6321405 AND 6321505
	-> Filter: (sbtest7.id between 6321405 and 6321505)  (cost=20.6 rows=101)
    -> Covering index range scan on sbtest7 using PRIMARY over (6321405 <= id <= 6321505)  (cost=20.6 rows=101)


table 8 : explain SELECT id FROM sbtest8 WHERE id BETWEEN 6321405 AND 6321505
	-> Filter: (sbtest8.id between 6321405 and 6321505)  (cost=20.6 rows=101)
    -> Covering index range scan on sbtest8 using PRIMARY over (6321405 <= id <= 6321505)  (cost=20.6 rows=101)

for range-covered
table 1 : explain SELECT id FROM sbtest1 WHERE id BETWEEN 3409393 AND 3409493
	-> Filter: (sbtest1.id between 3409393 and 3409493)  (cost=20.6 rows=101)
    -> Covering index range scan on sbtest1 using PRIMARY over (3409393 <= id <= 3409493)  (cost=20.6 rows=101)


table 2 : explain SELECT id FROM sbtest2 WHERE id BETWEEN 3409393 AND 3409493
	-> Filter: (sbtest2.id between 3409393 and 3409493)  (cost=20.6 rows=101)
    -> Covering index range scan on sbtest2 using PRIMARY over (3409393 <= id <= 3409493)  (cost=20.6 rows=101)


table 3 : explain SELECT id FROM sbtest3 WHERE id BETWEEN 3409393 AND 3409493
	-> Filter: (sbtest3.id between 3409393 and 3409493)  (cost=20.6 rows=101)
    -> Covering index range scan on sbtest3 using PRIMARY over (3409393 <= id <= 3409493)  (cost=20.6 rows=101)


table 4 : explain SELECT id FROM sbtest4 WHERE id BETWEEN 3409393 AND 3409493
	-> Filter: (sbtest4.id between 3409393 and 3409493)  (cost=20.6 rows=101)
    -> Covering index range scan on sbtest4 using PRIMARY over (3409393 <= id <= 3409493)  (cost=20.6 rows=101)


table 5 : explain SELECT id FROM sbtest5 WHERE id BETWEEN 3409393 AND 3409493
	-> Filter: (sbtest5.id between 3409393 and 3409493)  (cost=20.6 rows=101)
    -> Covering index range scan on sbtest5 using PRIMARY over (3409393 <= id <= 3409493)  (cost=20.6 rows=101)


table 6 : explain SELECT id FROM sbtest6 WHERE id BETWEEN 3409393 AND 3409493
	-> Filter: (sbtest6.id between 3409393 and 3409493)  (cost=20.6 rows=101)
    -> Covering index range scan on sbtest6 using PRIMARY over (3409393 <= id <= 3409493)  (cost=20.6 rows=101)


table 7 : explain SELECT id FROM sbtest7 WHERE id BETWEEN 3409393 AND 3409493
	-> Filter: (sbtest7.id between 3409393 and 3409493)  (cost=20.6 rows=101)
    -> Covering index range scan on sbtest7 using PRIMARY over (3409393 <= id <= 3409493)  (cost=20.6 rows=101)


table 8 : explain SELECT id FROM sbtest8 WHERE id BETWEEN 3409393 AND 3409493
	-> Filter: (sbtest8.id between 3409393 and 3409493)  (cost=20.6 rows=101)
    -> Covering index range scan on sbtest8 using PRIMARY over (3409393 <= id <= 3409493)  (cost=20.6 rows=101)



for range-covered
table 1 : explain SELECT id FROM sbtest1 WHERE id BETWEEN 4991619 AND 4991719
	-> Filter: (sbtest1.id between 4991619 and 4991719)  (cost=20.6 rows=101)
    -> Covering index range scan on sbtest1 using PRIMARY over (4991619 <= id <= 4991719)  (cost=20.6 rows=101)


table 2 : explain SELECT id FROM sbtest2 WHERE id BETWEEN 4991619 AND 4991719
	-> Filter: (sbtest2.id between 4991619 and 4991719)  (cost=20.6 rows=101)
    -> Covering index range scan on sbtest2 using PRIMARY over (4991619 <= id <= 4991719)  (cost=20.6 rows=101)


table 3 : explain SELECT id FROM sbtest3 WHERE id BETWEEN 4991619 AND 4991719
	-> Filter: (sbtest3.id between 4991619 and 4991719)  (cost=20.6 rows=101)
    -> Covering index range scan on sbtest3 using PRIMARY over (4991619 <= id <= 4991719)  (cost=20.6 rows=101)


table 4 : explain SELECT id FROM sbtest4 WHERE id BETWEEN 4991619 AND 4991719
	-> Filter: (sbtest4.id between 4991619 and 4991719)  (cost=20.6 rows=101)
    -> Covering index range scan on sbtest4 using PRIMARY over (4991619 <= id <= 4991719)  (cost=20.6 rows=101)


table 5 : explain SELECT id FROM sbtest5 WHERE id BETWEEN 4991619 AND 4991719
	-> Filter: (sbtest5.id between 4991619 and 4991719)  (cost=20.6 rows=101)
    -> Covering index range scan on sbtest5 using PRIMARY over (4991619 <= id <= 4991719)  (cost=20.6 rows=101)


table 6 : explain SELECT id FROM sbtest6 WHERE id BETWEEN 4991619 AND 4991719
	-> Filter: (sbtest6.id between 4991619 and 4991719)  (cost=20.6 rows=101)
    -> Covering index range scan on sbtest6 using PRIMARY over (4991619 <= id <= 4991719)  (cost=20.6 rows=101)


table 7 : explain SELECT id FROM sbtest7 WHERE id BETWEEN 4991619 AND 4991719
	-> Filter: (sbtest7.id between 4991619 and 4991719)  (cost=20.6 rows=101)
    -> Covering index range scan on sbtest7 using PRIMARY over (4991619 <= id <= 4991719)  (cost=20.6 rows=101)


table 8 : explain SELECT id FROM sbtest8 WHERE id BETWEEN 4991619 AND 4991719
	-> Filter: (sbtest8.id between 4991619 and 4991719)  (cost=20.6 rows=101)
    -> Covering index range scan on sbtest8 using PRIMARY over (4991619 <= id <= 4991719)  (cost=20.6 rows=101)


for range-covered
table 1 : explain SELECT id FROM sbtest1 WHERE id BETWEEN 3504453 AND 3504553
	-> Filter: (sbtest1.id between 3504453 and 3504553)  (cost=20.6 rows=101)
    -> Covering index range scan on sbtest1 using PRIMARY over (3504453 <= id <= 3504553)  (cost=20.6 rows=101)


table 2 : explain SELECT id FROM sbtest2 WHERE id BETWEEN 3504453 AND 3504553
	-> Filter: (sbtest2.id between 3504453 and 3504553)  (cost=20.6 rows=101)
    -> Covering index range scan on sbtest2 using PRIMARY over (3504453 <= id <= 3504553)  (cost=20.6 rows=101)


table 3 : explain SELECT id FROM sbtest3 WHERE id BETWEEN 3504453 AND 3504553
	-> Filter: (sbtest3.id between 3504453 and 3504553)  (cost=20.6 rows=101)
    -> Covering index range scan on sbtest3 using PRIMARY over (3504453 <= id <= 3504553)  (cost=20.6 rows=101)


table 4 : explain SELECT id FROM sbtest4 WHERE id BETWEEN 3504453 AND 3504553
	-> Filter: (sbtest4.id between 3504453 and 3504553)  (cost=20.6 rows=101)
    -> Covering index range scan on sbtest4 using PRIMARY over (3504453 <= id <= 3504553)  (cost=20.6 rows=101)


table 5 : explain SELECT id FROM sbtest5 WHERE id BETWEEN 3504453 AND 3504553
	-> Filter: (sbtest5.id between 3504453 and 3504553)  (cost=20.6 rows=101)
    -> Covering index range scan on sbtest5 using PRIMARY over (3504453 <= id <= 3504553)  (cost=20.6 rows=101)


table 6 : explain SELECT id FROM sbtest6 WHERE id BETWEEN 3504453 AND 3504553
	-> Filter: (sbtest6.id between 3504453 and 3504553)  (cost=20.6 rows=101)
    -> Covering index range scan on sbtest6 using PRIMARY over (3504453 <= id <= 3504553)  (cost=20.6 rows=101)


table 7 : explain SELECT id FROM sbtest7 WHERE id BETWEEN 3504453 AND 3504553
	-> Filter: (sbtest7.id between 3504453 and 3504553)  (cost=20.6 rows=101)
    -> Covering index range scan on sbtest7 using PRIMARY over (3504453 <= id <= 3504553)  (cost=20.6 rows=101)


table 8 : explain SELECT id FROM sbtest8 WHERE id BETWEEN 3504453 AND 3504553
	-> Filter: (sbtest8.id between 3504453 and 3504553)  (cost=20.6 rows=101)
    -> Covering index range scan on sbtest8 using PRIMARY over (3504453 <= id <= 3504553)  (cost=20.6 rows=101)


for range-covered
table 1 : explain SELECT id FROM sbtest1 WHERE id BETWEEN 3620066 AND 3620166
	-> Filter: (sbtest1.id between 3620066 and 3620166)  (cost=20.6 rows=101)
    -> Covering index range scan on sbtest1 using PRIMARY over (3620066 <= id <= 3620166)  (cost=20.6 rows=101)


table 2 : explain SELECT id FROM sbtest2 WHERE id BETWEEN 3620066 AND 3620166
	-> Filter: (sbtest2.id between 3620066 and 3620166)  (cost=20.6 rows=101)
    -> Covering index range scan on sbtest2 using PRIMARY over (3620066 <= id <= 3620166)  (cost=20.6 rows=101)


table 3 : explain SELECT id FROM sbtest3 WHERE id BETWEEN 3620066 AND 3620166
	-> Filter: (sbtest3.id between 3620066 and 3620166)  (cost=20.6 rows=101)
    -> Covering index range scan on sbtest3 using PRIMARY over (3620066 <= id <= 3620166)  (cost=20.6 rows=101)


table 4 : explain SELECT id FROM sbtest4 WHERE id BETWEEN 3620066 AND 3620166
	-> Filter: (sbtest4.id between 3620066 and 3620166)  (cost=20.6 rows=101)
    -> Covering index range scan on sbtest4 using PRIMARY over (3620066 <= id <= 3620166)  (cost=20.6 rows=101)


table 5 : explain SELECT id FROM sbtest5 WHERE id BETWEEN 3620066 AND 3620166
	-> Filter: (sbtest5.id between 3620066 and 3620166)  (cost=20.6 rows=101)
    -> Covering index range scan on sbtest5 using PRIMARY over (3620066 <= id <= 3620166)  (cost=20.6 rows=101)


table 6 : explain SELECT id FROM sbtest6 WHERE id BETWEEN 3620066 AND 3620166
	-> Filter: (sbtest6.id between 3620066 and 3620166)  (cost=20.6 rows=101)
    -> Covering index range scan on sbtest6 using PRIMARY over (3620066 <= id <= 3620166)  (cost=20.6 rows=101)


table 7 : explain SELECT id FROM sbtest7 WHERE id BETWEEN 3620066 AND 3620166
	-> Filter: (sbtest7.id between 3620066 and 3620166)  (cost=20.6 rows=101)
    -> Covering index range scan on sbtest7 using PRIMARY over (3620066 <= id <= 3620166)  (cost=20.6 rows=101)


table 8 : explain SELECT id FROM sbtest8 WHERE id BETWEEN 3620066 AND 3620166
	-> Filter: (sbtest8.id between 3620066 and 3620166)  (cost=20.6 rows=101)
    -> Covering index range scan on sbtest8 using PRIMARY over (3620066 <= id <= 3620166)  (cost=20.6 rows=101)


explain: for range-covered :: explain SELECT id FROM sbtest%d WHERE id BETWEEN 6321405 AND 6321505
for range-covered
table 1 : explain SELECT id FROM sbtest1 WHERE id BETWEEN 6121679 AND 6121779
	-> Filter: (sbtest1.id between 6121679 and 6121779)  (cost=20.6 rows=101)
    -> Covering index range scan on sbtest1 using PRIMARY over (6121679 <= id <= 6121779)  (cost=20.6 rows=101)


table 2 : explain SELECT id FROM sbtest2 WHERE id BETWEEN 6121679 AND 6121779
	-> Filter: (sbtest2.id between 6121679 and 6121779)  (cost=20.6 rows=101)
    -> Covering index range scan on sbtest2 using PRIMARY over (6121679 <= id <= 6121779)  (cost=20.6 rows=101)


table 3 : explain SELECT id FROM sbtest3 WHERE id BETWEEN 6121679 AND 6121779
	-> Filter: (sbtest3.id between 6121679 and 6121779)  (cost=20.6 rows=101)
    -> Covering index range scan on sbtest3 using PRIMARY over (6121679 <= id <= 6121779)  (cost=20.6 rows=101)


table 4 : explain SELECT id FROM sbtest4 WHERE id BETWEEN 6121679 AND 6121779
	-> Filter: (sbtest4.id between 6121679 and 6121779)  (cost=20.6 rows=101)
    -> Covering index range scan on sbtest4 using PRIMARY over (6121679 <= id <= 6121779)  (cost=20.6 rows=101)


table 5 : explain SELECT id FROM sbtest5 WHERE id BETWEEN 6121679 AND 6121779
	-> Filter: (sbtest5.id between 6121679 and 6121779)  (cost=20.6 rows=101)
    -> Covering index range scan on sbtest5 using PRIMARY over (6121679 <= id <= 6121779)  (cost=20.6 rows=101)


table 6 : explain SELECT id FROM sbtest6 WHERE id BETWEEN 6121679 AND 6121779
	-> Filter: (sbtest6.id between 6121679 and 6121779)  (cost=20.6 rows=101)
    -> Covering index range scan on sbtest6 using PRIMARY over (6121679 <= id <= 6121779)  (cost=20.6 rows=101)


table 7 : explain SELECT id FROM sbtest7 WHERE id BETWEEN 6121679 AND 6121779
	-> Filter: (sbtest7.id between 6121679 and 6121779)  (cost=20.6 rows=101)
    -> Covering index range scan on sbtest7 using PRIMARY over (6121679 <= id <= 6121779)  (cost=20.6 rows=101)


table 8 : explain SELECT id FROM sbtest8 WHERE id BETWEEN 6121679 AND 6121779
	-> Filter: (sbtest8.id between 6121679 and 6121779)  (cost=20.6 rows=101)
    -> Covering index range scan on sbtest8 using PRIMARY over (6121679 <= id <= 6121779)  (cost=20.6 rows=101)


for range-covered
table 1 : explain SELECT id FROM sbtest1 WHERE id BETWEEN 6708792 AND 6708892
	-> Filter: (sbtest1.id between 6708792 and 6708892)  (cost=20.6 rows=101)
    -> Covering index range scan on sbtest1 using PRIMARY over (6708792 <= id <= 6708892)  (cost=20.6 rows=101)


table 2 : explain SELECT id FROM sbtest2 WHERE id BETWEEN 6708792 AND 6708892
	-> Filter: (sbtest2.id between 6708792 and 6708892)  (cost=20.6 rows=101)
    -> Covering index range scan on sbtest2 using PRIMARY over (6708792 <= id <= 6708892)  (cost=20.6 rows=101)


table 3 : explain SELECT id FROM sbtest3 WHERE id BETWEEN 6708792 AND 6708892
	-> Filter: (sbtest3.id between 6708792 and 6708892)  (cost=20.6 rows=101)
    -> Covering index range scan on sbtest3 using PRIMARY over (6708792 <= id <= 6708892)  (cost=20.6 rows=101)


table 4 : explain SELECT id FROM sbtest4 WHERE id BETWEEN 6708792 AND 6708892
	-> Filter: (sbtest4.id between 6708792 and 6708892)  (cost=20.6 rows=101)
    -> Covering index range scan on sbtest4 using PRIMARY over (6708792 <= id <= 6708892)  (cost=20.6 rows=101)


table 5 : explain SELECT id FROM sbtest5 WHERE id BETWEEN 6708792 AND 6708892
	-> Filter: (sbtest5.id between 6708792 and 6708892)  (cost=20.6 rows=101)
    -> Covering index range scan on sbtest5 using PRIMARY over (6708792 <= id <= 6708892)  (cost=20.6 rows=101)


table 6 : explain SELECT id FROM sbtest6 WHERE id BETWEEN 6708792 AND 6708892
	-> Filter: (sbtest6.id between 6708792 and 6708892)  (cost=20.6 rows=101)
    -> Covering index range scan on sbtest6 using PRIMARY over (6708792 <= id <= 6708892)  (cost=20.6 rows=101)


table 7 : explain SELECT id FROM sbtest7 WHERE id BETWEEN 6708792 AND 6708892
	-> Filter: (sbtest7.id between 6708792 and 6708892)  (cost=20.6 rows=101)
    -> Covering index range scan on sbtest7 using PRIMARY over (6708792 <= id <= 6708892)  (cost=20.6 rows=101)


table 8 : explain SELECT id FROM sbtest8 WHERE id BETWEEN 6708792 AND 6708892
	-> Filter: (sbtest8.id between 6708792 and 6708892)  (cost=20.6 rows=101)
    -> Covering index range scan on sbtest8 using PRIMARY over (6708792 <= id <= 6708892)  (cost=20.6 rows=101)


explain: for range-covered :: explain SELECT id FROM sbtest%d WHERE id BETWEEN 6121679 AND 6121779
for range-covered
table 1 : explain SELECT id FROM sbtest1 WHERE id BETWEEN 3468232 AND 3468332
	-> Filter: (sbtest1.id between 3468232 and 3468332)  (cost=20.6 rows=101)
    -> Covering index range scan on sbtest1 using PRIMARY over (3468232 <= id <= 3468332)  (cost=20.6 rows=101)


table 2 : explain SELECT id FROM sbtest2 WHERE id BETWEEN 3468232 AND 3468332
	-> Filter: (sbtest2.id between 3468232 and 3468332)  (cost=20.6 rows=101)
    -> Covering index range scan on sbtest2 using PRIMARY over (3468232 <= id <= 3468332)  (cost=20.6 rows=101)


table 3 : explain SELECT id FROM sbtest3 WHERE id BETWEEN 3468232 AND 3468332
	-> Filter: (sbtest3.id between 3468232 and 3468332)  (cost=20.6 rows=101)
    -> Covering index range scan on sbtest3 using PRIMARY over (3468232 <= id <= 3468332)  (cost=20.6 rows=101)


table 4 : explain SELECT id FROM sbtest4 WHERE id BETWEEN 3468232 AND 3468332
	-> Filter: (sbtest4.id between 3468232 and 3468332)  (cost=20.6 rows=101)
    -> Covering index range scan on sbtest4 using PRIMARY over (3468232 <= id <= 3468332)  (cost=20.6 rows=101)


table 5 : explain SELECT id FROM sbtest5 WHERE id BETWEEN 3468232 AND 3468332
	-> Filter: (sbtest5.id between 3468232 and 3468332)  (cost=20.6 rows=101)
    -> Covering index range scan on sbtest5 using PRIMARY over (3468232 <= id <= 3468332)  (cost=20.6 rows=101)


table 6 : explain SELECT id FROM sbtest6 WHERE id BETWEEN 3468232 AND 3468332
	-> Filter: (sbtest6.id between 3468232 and 3468332)  (cost=20.6 rows=101)
    -> Covering index range scan on sbtest6 using PRIMARY over (3468232 <= id <= 3468332)  (cost=20.6 rows=101)


table 7 : explain SELECT id FROM sbtest7 WHERE id BETWEEN 3468232 AND 3468332
	-> Filter: (sbtest7.id between 3468232 and 3468332)  (cost=20.6 rows=101)
    -> Covering index range scan on sbtest7 using PRIMARY over (3468232 <= id <= 3468332)  (cost=20.6 rows=101)


table 8 : explain SELECT id FROM sbtest8 WHERE id BETWEEN 3468232 AND 3468332
	-> Filter: (sbtest8.id between 3468232 and 3468332)  (cost=20.6 rows=101)
    -> Covering index range scan on sbtest8 using PRIMARY over (3468232 <= id <= 3468332)  (cost=20.6 rows=101)


explain: for range-covered :: explain SELECT id FROM sbtest%d WHERE id BETWEEN 3468232 AND 3468332
for range-covered
table 1 : explain SELECT id FROM sbtest1 WHERE id BETWEEN 7609338 AND 7609438
	-> Filter: (sbtest1.id between 7609338 and 7609438)  (cost=20.6 rows=101)
    -> Covering index range scan on sbtest1 using PRIMARY over (7609338 <= id <= 7609438)  (cost=20.6 rows=101)


table 2 : explain SELECT id FROM sbtest2 WHERE id BETWEEN 7609338 AND 7609438
	-> Filter: (sbtest2.id between 7609338 and 7609438)  (cost=20.6 rows=101)
    -> Covering index range scan on sbtest2 using PRIMARY over (7609338 <= id <= 7609438)  (cost=20.6 rows=101)


table 3 : explain SELECT id FROM sbtest3 WHERE id BETWEEN 7609338 AND 7609438
	-> Filter: (sbtest3.id between 7609338 and 7609438)  (cost=20.6 rows=101)
    -> Covering index range scan on sbtest3 using PRIMARY over (7609338 <= id <= 7609438)  (cost=20.6 rows=101)


table 4 : explain SELECT id FROM sbtest4 WHERE id BETWEEN 7609338 AND 7609438
	-> Filter: (sbtest4.id between 7609338 and 7609438)  (cost=20.6 rows=101)
    -> Covering index range scan on sbtest4 using PRIMARY over (7609338 <= id <= 7609438)  (cost=20.6 rows=101)


table 5 : explain SELECT id FROM sbtest5 WHERE id BETWEEN 7609338 AND 7609438
	-> Filter: (sbtest5.id between 7609338 and 7609438)  (cost=20.6 rows=101)
    -> Covering index range scan on sbtest5 using PRIMARY over (7609338 <= id <= 7609438)  (cost=20.6 rows=101)


table 6 : explain SELECT id FROM sbtest6 WHERE id BETWEEN 7609338 AND 7609438
	-> Filter: (sbtest6.id between 7609338 and 7609438)  (cost=20.6 rows=101)
    -> Covering index range scan on sbtest6 using PRIMARY over (7609338 <= id <= 7609438)  (cost=20.6 rows=101)


table 7 : explain SELECT id FROM sbtest7 WHERE id BETWEEN 7609338 AND 7609438
	-> Filter: (sbtest7.id between 7609338 and 7609438)  (cost=20.6 rows=101)
    -> Covering index range scan on sbtest7 using PRIMARY over (7609338 <= id <= 7609438)  (cost=20.6 rows=101)


table 8 : explain SELECT id FROM sbtest8 WHERE id BETWEEN 7609338 AND 7609438
	-> Filter: (sbtest8.id between 7609338 and 7609438)  (cost=20.6 rows=101)
    -> Covering index range scan on sbtest8 using PRIMARY over (7609338 <= id <= 7609438)  (cost=20.6 rows=101)


for range-covered
table 1 : explain SELECT id FROM sbtest1 WHERE id BETWEEN 4472526 AND 4472626
	-> Filter: (sbtest1.id between 4472526 and 4472626)  (cost=20.6 rows=101)
    -> Covering index range scan on sbtest1 using PRIMARY over (4472526 <= id <= 4472626)  (cost=20.6 rows=101)


table 2 : explain SELECT id FROM sbtest2 WHERE id BETWEEN 4472526 AND 4472626
	-> Filter: (sbtest2.id between 4472526 and 4472626)  (cost=20.6 rows=101)
    -> Covering index range scan on sbtest2 using PRIMARY over (4472526 <= id <= 4472626)  (cost=20.6 rows=101)


table 3 : explain SELECT id FROM sbtest3 WHERE id BETWEEN 4472526 AND 4472626
	-> Filter: (sbtest3.id between 4472526 and 4472626)  (cost=20.6 rows=101)
    -> Covering index range scan on sbtest3 using PRIMARY over (4472526 <= id <= 4472626)  (cost=20.6 rows=101)


table 4 : explain SELECT id FROM sbtest4 WHERE id BETWEEN 4472526 AND 4472626
	-> Filter: (sbtest4.id between 4472526 and 4472626)  (cost=20.6 rows=101)
    -> Covering index range scan on sbtest4 using PRIMARY over (4472526 <= id <= 4472626)  (cost=20.6 rows=101)


table 5 : explain SELECT id FROM sbtest5 WHERE id BETWEEN 4472526 AND 4472626
	-> Filter: (sbtest5.id between 4472526 and 4472626)  (cost=20.6 rows=101)
    -> Covering index range scan on sbtest5 using PRIMARY over (4472526 <= id <= 4472626)  (cost=20.6 rows=101)


table 6 : explain SELECT id FROM sbtest6 WHERE id BETWEEN 4472526 AND 4472626
	-> Filter: (sbtest6.id between 4472526 and 4472626)  (cost=20.6 rows=101)
    -> Covering index range scan on sbtest6 using PRIMARY over (4472526 <= id <= 4472626)  (cost=20.6 rows=101)


table 7 : explain SELECT id FROM sbtest7 WHERE id BETWEEN 4472526 AND 4472626
	-> Filter: (sbtest7.id between 4472526 and 4472626)  (cost=20.6 rows=101)
    -> Covering index range scan on sbtest7 using PRIMARY over (4472526 <= id <= 4472626)  (cost=20.6 rows=101)


table 8 : explain SELECT id FROM sbtest8 WHERE id BETWEEN 4472526 AND 4472626
	-> Filter: (sbtest8.id between 4472526 and 4472626)  (cost=20.6 rows=101)
    -> Covering index range scan on sbtest8 using PRIMARY over (4472526 <= id <= 4472626)  (cost=20.6 rows=101)


for range-covered
table 1 : explain SELECT id FROM sbtest1 WHERE id BETWEEN 2322852 AND 2322952
	-> Filter: (sbtest1.id between 2322852 and 2322952)  (cost=20.6 rows=101)
    -> Covering index range scan on sbtest1 using PRIMARY over (2322852 <= id <= 2322952)  (cost=20.6 rows=101)


table 2 : explain SELECT id FROM sbtest2 WHERE id BETWEEN 2322852 AND 2322952
	-> Filter: (sbtest2.id between 2322852 and 2322952)  (cost=20.6 rows=101)
    -> Covering index range scan on sbtest2 using PRIMARY over (2322852 <= id <= 2322952)  (cost=20.6 rows=101)


table 3 : explain SELECT id FROM sbtest3 WHERE id BETWEEN 2322852 AND 2322952
	-> Filter: (sbtest3.id between 2322852 and 2322952)  (cost=20.6 rows=101)
    -> Covering index range scan on sbtest3 using PRIMARY over (2322852 <= id <= 2322952)  (cost=20.6 rows=101)


table 4 : explain SELECT id FROM sbtest4 WHERE id BETWEEN 2322852 AND 2322952
	-> Filter: (sbtest4.id between 2322852 and 2322952)  (cost=20.6 rows=101)
    -> Covering index range scan on sbtest4 using PRIMARY over (2322852 <= id <= 2322952)  (cost=20.6 rows=101)


table 5 : explain SELECT id FROM sbtest5 WHERE id BETWEEN 2322852 AND 2322952
	-> Filter: (sbtest5.id between 2322852 and 2322952)  (cost=20.6 rows=101)
    -> Covering index range scan on sbtest5 using PRIMARY over (2322852 <= id <= 2322952)  (cost=20.6 rows=101)


table 6 : explain SELECT id FROM sbtest6 WHERE id BETWEEN 2322852 AND 2322952
	-> Filter: (sbtest6.id between 2322852 and 2322952)  (cost=20.6 rows=101)
    -> Covering index range scan on sbtest6 using PRIMARY over (2322852 <= id <= 2322952)  (cost=20.6 rows=101)


table 7 : explain SELECT id FROM sbtest7 WHERE id BETWEEN 2322852 AND 2322952
	-> Filter: (sbtest7.id between 2322852 and 2322952)  (cost=20.6 rows=101)
    -> Covering index range scan on sbtest7 using PRIMARY over (2322852 <= id <= 2322952)  (cost=20.6 rows=101)


table 8 : explain SELECT id FROM sbtest8 WHERE id BETWEEN 2322852 AND 2322952
	-> Filter: (sbtest8.id between 2322852 and 2322952)  (cost=20.6 rows=101)
    -> Covering index range scan on sbtest8 using PRIMARY over (2322852 <= id <= 2322952)  (cost=20.6 rows=101)


explain: for range-covered :: explain SELECT id FROM sbtest%d WHERE id BETWEEN 4472526 AND 4472626
for range-covered
table 1 : explain SELECT id FROM sbtest1 WHERE id BETWEEN 2845774 AND 2845874
	-> Filter: (sbtest1.id between 2845774 and 2845874)  (cost=20.6 rows=101)
    -> Covering index range scan on sbtest1 using PRIMARY over (2845774 <= id <= 2845874)  (cost=20.6 rows=101)


table 2 : explain SELECT id FROM sbtest2 WHERE id BETWEEN 2845774 AND 2845874
	-> Filter: (sbtest2.id between 2845774 and 2845874)  (cost=20.6 rows=101)
    -> Covering index range scan on sbtest2 using PRIMARY over (2845774 <= id <= 2845874)  (cost=20.6 rows=101)


table 3 : explain SELECT id FROM sbtest3 WHERE id BETWEEN 2845774 AND 2845874
	-> Filter: (sbtest3.id between 2845774 and 2845874)  (cost=20.6 rows=101)
    -> Covering index range scan on sbtest3 using PRIMARY over (2845774 <= id <= 2845874)  (cost=20.6 rows=101)


table 4 : explain SELECT id FROM sbtest4 WHERE id BETWEEN 2845774 AND 2845874
	-> Filter: (sbtest4.id between 2845774 and 2845874)  (cost=20.6 rows=101)
    -> Covering index range scan on sbtest4 using PRIMARY over (2845774 <= id <= 2845874)  (cost=20.6 rows=101)


table 5 : explain SELECT id FROM sbtest5 WHERE id BETWEEN 2845774 AND 2845874
	-> Filter: (sbtest5.id between 2845774 and 2845874)  (cost=20.6 rows=101)
    -> Covering index range scan on sbtest5 using PRIMARY over (2845774 <= id <= 2845874)  (cost=20.6 rows=101)


table 6 : explain SELECT id FROM sbtest6 WHERE id BETWEEN 2845774 AND 2845874
	-> Filter: (sbtest6.id between 2845774 and 2845874)  (cost=20.6 rows=101)
    -> Covering index range scan on sbtest6 using PRIMARY over (2845774 <= id <= 2845874)  (cost=20.6 rows=101)


table 7 : explain SELECT id FROM sbtest7 WHERE id BETWEEN 2845774 AND 2845874
	-> Filter: (sbtest7.id between 2845774 and 2845874)  (cost=20.6 rows=101)
    -> Covering index range scan on sbtest7 using PRIMARY over (2845774 <= id <= 2845874)  (cost=20.6 rows=101)


table 8 : explain SELECT id FROM sbtest8 WHERE id BETWEEN 2845774 AND 2845874
	-> Filter: (sbtest8.id between 2845774 and 2845874)  (cost=20.6 rows=101)
    -> Covering index range scan on sbtest8 using PRIMARY over (2845774 <= id <= 2845874)  (cost=20.6 rows=101)


explain: for range-covered :: explain SELECT id FROM sbtest%d WHERE id BETWEEN 2845774 AND 2845874
for range-covered
table 1 : explain SELECT id FROM sbtest1 WHERE id BETWEEN 6321405 AND 6321505
	-> Filter: (sbtest1.id between 6321405 and 6321505)  (cost=20.6 rows=101)
    -> Covering index range scan on sbtest1 using PRIMARY over (6321405 <= id <= 6321505)  (cost=20.6 rows=101)


table 2 : explain SELECT id FROM sbtest2 WHERE id BETWEEN 6321405 AND 6321505
	-> Filter: (sbtest2.id between 6321405 and 6321505)  (cost=20.6 rows=101)
    -> Covering index range scan on sbtest2 using PRIMARY over (6321405 <= id <= 6321505)  (cost=20.6 rows=101)


table 3 : explain SELECT id FROM sbtest3 WHERE id BETWEEN 6321405 AND 6321505
	-> Filter: (sbtest3.id between 6321405 and 6321505)  (cost=20.6 rows=101)
    -> Covering index range scan on sbtest3 using PRIMARY over (6321405 <= id <= 6321505)  (cost=20.6 rows=101)


table 4 : explain SELECT id FROM sbtest4 WHERE id BETWEEN 6321405 AND 6321505
	-> Filter: (sbtest4.id between 6321405 and 6321505)  (cost=20.6 rows=101)
    -> Covering index range scan on sbtest4 using PRIMARY over (6321405 <= id <= 6321505)  (cost=20.6 rows=101)


table 5 : explain SELECT id FROM sbtest5 WHERE id BETWEEN 6321405 AND 6321505
	-> Filter: (sbtest5.id between 6321405 and 6321505)  (cost=20.6 rows=101)
    -> Covering index range scan on sbtest5 using PRIMARY over (6321405 <= id <= 6321505)  (cost=20.6 rows=101)


table 6 : explain SELECT id FROM sbtest6 WHERE id BETWEEN 6321405 AND 6321505
	-> Filter: (sbtest6.id between 6321405 and 6321505)  (cost=20.6 rows=101)
    -> Covering index range scan on sbtest6 using PRIMARY over (6321405 <= id <= 6321505)  (cost=20.6 rows=101)


table 7 : explain SELECT id FROM sbtest7 WHERE id BETWEEN 6321405 AND 6321505
	-> Filter: (sbtest7.id between 6321405 and 6321505)  (cost=20.6 rows=101)
    -> Covering index range scan on sbtest7 using PRIMARY over (6321405 <= id <= 6321505)  (cost=20.6 rows=101)


table 8 : explain SELECT id FROM sbtest8 WHERE id BETWEEN 6321405 AND 6321505
	-> Filter: (sbtest8.id between 6321405 and 6321505)  (cost=20.6 rows=101)
    -> Covering index range scan on sbtest8 using PRIMARY over (6321405 <= id <= 6321505)  (cost=20.6 rows=101)


for range-covered
table 1 : explain SELECT id FROM sbtest1 WHERE id BETWEEN 6121679 AND 6121779
	-> Filter: (sbtest1.id between 6121679 and 6121779)  (cost=20.6 rows=101)
    -> Covering index range scan on sbtest1 using PRIMARY over (6121679 <= id <= 6121779)  (cost=20.6 rows=101)


table 2 : explain SELECT id FROM sbtest2 WHERE id BETWEEN 6121679 AND 6121779
	-> Filter: (sbtest2.id between 6121679 and 6121779)  (cost=20.6 rows=101)
    -> Covering index range scan on sbtest2 using PRIMARY over (6121679 <= id <= 6121779)  (cost=20.6 rows=101)


table 3 : explain SELECT id FROM sbtest3 WHERE id BETWEEN 6121679 AND 6121779
	-> Filter: (sbtest3.id between 6121679 and 6121779)  (cost=20.6 rows=101)
    -> Covering index range scan on sbtest3 using PRIMARY over (6121679 <= id <= 6121779)  (cost=20.6 rows=101)


table 4 : explain SELECT id FROM sbtest4 WHERE id BETWEEN 6121679 AND 6121779
	-> Filter: (sbtest4.id between 6121679 and 6121779)  (cost=20.6 rows=101)
    -> Covering index range scan on sbtest4 using PRIMARY over (6121679 <= id <= 6121779)  (cost=20.6 rows=101)


table 5 : explain SELECT id FROM sbtest5 WHERE id BETWEEN 6121679 AND 6121779
	-> Filter: (sbtest5.id between 6121679 and 6121779)  (cost=20.6 rows=101)
    -> Covering index range scan on sbtest5 using PRIMARY over (6121679 <= id <= 6121779)  (cost=20.6 rows=101)


table 6 : explain SELECT id FROM sbtest6 WHERE id BETWEEN 6121679 AND 6121779
	-> Filter: (sbtest6.id between 6121679 and 6121779)  (cost=20.6 rows=101)
    -> Covering index range scan on sbtest6 using PRIMARY over (6121679 <= id <= 6121779)  (cost=20.6 rows=101)


table 7 : explain SELECT id FROM sbtest7 WHERE id BETWEEN 6121679 AND 6121779
	-> Filter: (sbtest7.id between 6121679 and 6121779)  (cost=20.6 rows=101)
    -> Covering index range scan on sbtest7 using PRIMARY over (6121679 <= id <= 6121779)  (cost=20.6 rows=101)


table 8 : explain SELECT id FROM sbtest8 WHERE id BETWEEN 6121679 AND 6121779
	-> Filter: (sbtest8.id between 6121679 and 6121779)  (cost=20.6 rows=101)
    -> Covering index range scan on sbtest8 using PRIMARY over (6121679 <= id <= 6121779)  (cost=20.6 rows=101)


for range-covered
table 1 : explain SELECT id FROM sbtest1 WHERE id BETWEEN 3468232 AND 3468332
	-> Filter: (sbtest1.id between 3468232 and 3468332)  (cost=20.6 rows=101)
    -> Covering index range scan on sbtest1 using PRIMARY over (3468232 <= id <= 3468332)  (cost=20.6 rows=101)


table 2 : explain SELECT id FROM sbtest2 WHERE id BETWEEN 3468232 AND 3468332
	-> Filter: (sbtest2.id between 3468232 and 3468332)  (cost=20.6 rows=101)
    -> Covering index range scan on sbtest2 using PRIMARY over (3468232 <= id <= 3468332)  (cost=20.6 rows=101)


table 3 : explain SELECT id FROM sbtest3 WHERE id BETWEEN 3468232 AND 3468332
	-> Filter: (sbtest3.id between 3468232 and 3468332)  (cost=20.6 rows=101)
    -> Covering index range scan on sbtest3 using PRIMARY over (3468232 <= id <= 3468332)  (cost=20.6 rows=101)


table 4 : explain SELECT id FROM sbtest4 WHERE id BETWEEN 3468232 AND 3468332
	-> Filter: (sbtest4.id between 3468232 and 3468332)  (cost=20.6 rows=101)
    -> Covering index range scan on sbtest4 using PRIMARY over (3468232 <= id <= 3468332)  (cost=20.6 rows=101)


table 5 : explain SELECT id FROM sbtest5 WHERE id BETWEEN 3468232 AND 3468332
	-> Filter: (sbtest5.id between 3468232 and 3468332)  (cost=20.6 rows=101)
    -> Covering index range scan on sbtest5 using PRIMARY over (3468232 <= id <= 3468332)  (cost=20.6 rows=101)


table 6 : explain SELECT id FROM sbtest6 WHERE id BETWEEN 3468232 AND 3468332
	-> Filter: (sbtest6.id between 3468232 and 3468332)  (cost=20.6 rows=101)
    -> Covering index range scan on sbtest6 using PRIMARY over (3468232 <= id <= 3468332)  (cost=20.6 rows=101)


table 7 : explain SELECT id FROM sbtest7 WHERE id BETWEEN 3468232 AND 3468332
	-> Filter: (sbtest7.id between 3468232 and 3468332)  (cost=20.6 rows=101)
    -> Covering index range scan on sbtest7 using PRIMARY over (3468232 <= id <= 3468332)  (cost=20.6 rows=101)


table 8 : explain SELECT id FROM sbtest8 WHERE id BETWEEN 3468232 AND 3468332
	-> Filter: (sbtest8.id between 3468232 and 3468332)  (cost=20.6 rows=101)
    -> Covering index range scan on sbtest8 using PRIMARY over (3468232 <= id <= 3468332)  (cost=20.6 rows=101)


for range-covered
table 1 : explain SELECT id FROM sbtest1 WHERE id BETWEEN 4472526 AND 4472626
	-> Filter: (sbtest1.id between 4472526 and 4472626)  (cost=20.6 rows=101)
    -> Covering index range scan on sbtest1 using PRIMARY over (4472526 <= id <= 4472626)  (cost=20.6 rows=101)


table 2 : explain SELECT id FROM sbtest2 WHERE id BETWEEN 4472526 AND 4472626
	-> Filter: (sbtest2.id between 4472526 and 4472626)  (cost=20.6 rows=101)
    -> Covering index range scan on sbtest2 using PRIMARY over (4472526 <= id <= 4472626)  (cost=20.6 rows=101)


table 3 : explain SELECT id FROM sbtest3 WHERE id BETWEEN 4472526 AND 4472626
	-> Filter: (sbtest3.id between 4472526 and 4472626)  (cost=20.6 rows=101)
    -> Covering index range scan on sbtest3 using PRIMARY over (4472526 <= id <= 4472626)  (cost=20.6 rows=101)


table 4 : explain SELECT id FROM sbtest4 WHERE id BETWEEN 4472526 AND 4472626
	-> Filter: (sbtest4.id between 4472526 and 4472626)  (cost=20.6 rows=101)
    -> Covering index range scan on sbtest4 using PRIMARY over (4472526 <= id <= 4472626)  (cost=20.6 rows=101)


table 5 : explain SELECT id FROM sbtest5 WHERE id BETWEEN 4472526 AND 4472626
	-> Filter: (sbtest5.id between 4472526 and 4472626)  (cost=20.6 rows=101)
    -> Covering index range scan on sbtest5 using PRIMARY over (4472526 <= id <= 4472626)  (cost=20.6 rows=101)


table 6 : explain SELECT id FROM sbtest6 WHERE id BETWEEN 4472526 AND 4472626
	-> Filter: (sbtest6.id between 4472526 and 4472626)  (cost=20.6 rows=101)
    -> Covering index range scan on sbtest6 using PRIMARY over (4472526 <= id <= 4472626)  (cost=20.6 rows=101)


table 7 : explain SELECT id FROM sbtest7 WHERE id BETWEEN 4472526 AND 4472626
	-> Filter: (sbtest7.id between 4472526 and 4472626)  (cost=20.6 rows=101)
    -> Covering index range scan on sbtest7 using PRIMARY over (4472526 <= id <= 4472626)  (cost=20.6 rows=101)


table 8 : explain SELECT id FROM sbtest8 WHERE id BETWEEN 4472526 AND 4472626
	-> Filter: (sbtest8.id between 4472526 and 4472626)  (cost=20.6 rows=101)
    -> Covering index range scan on sbtest8 using PRIMARY over (4472526 <= id <= 4472626)  (cost=20.6 rows=101)


explain: for range-covered :: explain SELECT id FROM sbtest%d WHERE id BETWEEN 4472526 AND 4472626
for range-covered
table 1 : explain SELECT id FROM sbtest1 WHERE id BETWEEN 2845774 AND 2845874
	-> Filter: (sbtest1.id between 2845774 and 2845874)  (cost=20.6 rows=101)
    -> Covering index range scan on sbtest1 using PRIMARY over (2845774 <= id <= 2845874)  (cost=20.6 rows=101)


table 2 : explain SELECT id FROM sbtest2 WHERE id BETWEEN 2845774 AND 2845874
	-> Filter: (sbtest2.id between 2845774 and 2845874)  (cost=20.6 rows=101)
    -> Covering index range scan on sbtest2 using PRIMARY over (2845774 <= id <= 2845874)  (cost=20.6 rows=101)


table 3 : explain SELECT id FROM sbtest3 WHERE id BETWEEN 2845774 AND 2845874
	-> Filter: (sbtest3.id between 2845774 and 2845874)  (cost=20.6 rows=101)
    -> Covering index range scan on sbtest3 using PRIMARY over (2845774 <= id <= 2845874)  (cost=20.6 rows=101)


table 4 : explain SELECT id FROM sbtest4 WHERE id BETWEEN 2845774 AND 2845874
	-> Filter: (sbtest4.id between 2845774 and 2845874)  (cost=20.6 rows=101)
    -> Covering index range scan on sbtest4 using PRIMARY over (2845774 <= id <= 2845874)  (cost=20.6 rows=101)


table 5 : explain SELECT id FROM sbtest5 WHERE id BETWEEN 2845774 AND 2845874
	-> Filter: (sbtest5.id between 2845774 and 2845874)  (cost=20.6 rows=101)
    -> Covering index range scan on sbtest5 using PRIMARY over (2845774 <= id <= 2845874)  (cost=20.6 rows=101)


table 6 : explain SELECT id FROM sbtest6 WHERE id BETWEEN 2845774 AND 2845874
	-> Filter: (sbtest6.id between 2845774 and 2845874)  (cost=20.6 rows=101)
    -> Covering index range scan on sbtest6 using PRIMARY over (2845774 <= id <= 2845874)  (cost=20.6 rows=101)


table 7 : explain SELECT id FROM sbtest7 WHERE id BETWEEN 2845774 AND 2845874
	-> Filter: (sbtest7.id between 2845774 and 2845874)  (cost=20.6 rows=101)
    -> Covering index range scan on sbtest7 using PRIMARY over (2845774 <= id <= 2845874)  (cost=20.6 rows=101)


table 8 : explain SELECT id FROM sbtest8 WHERE id BETWEEN 2845774 AND 2845874
	-> Filter: (sbtest8.id between 2845774 and 2845874)  (cost=20.6 rows=101)
    -> Covering index range scan on sbtest8 using PRIMARY over (2845774 <= id <= 2845874)  (cost=20.6 rows=101)


for range-covered
table 1 : explain SELECT id FROM sbtest1 WHERE id BETWEEN 4472526 AND 4472626
	-> Filter: (sbtest1.id between 4472526 and 4472626)  (cost=20.6 rows=101)
    -> Covering index range scan on sbtest1 using PRIMARY over (4472526 <= id <= 4472626)  (cost=20.6 rows=101)


table 2 : explain SELECT id FROM sbtest2 WHERE id BETWEEN 4472526 AND 4472626
	-> Filter: (sbtest2.id between 4472526 and 4472626)  (cost=20.6 rows=101)
    -> Covering index range scan on sbtest2 using PRIMARY over (4472526 <= id <= 4472626)  (cost=20.6 rows=101)


table 3 : explain SELECT id FROM sbtest3 WHERE id BETWEEN 4472526 AND 4472626
	-> Filter: (sbtest3.id between 4472526 and 4472626)  (cost=20.6 rows=101)
    -> Covering index range scan on sbtest3 using PRIMARY over (4472526 <= id <= 4472626)  (cost=20.6 rows=101)


table 4 : explain SELECT id FROM sbtest4 WHERE id BETWEEN 4472526 AND 4472626
	-> Filter: (sbtest4.id between 4472526 and 4472626)  (cost=20.6 rows=101)
    -> Covering index range scan on sbtest4 using PRIMARY over (4472526 <= id <= 4472626)  (cost=20.6 rows=101)


table 5 : explain SELECT id FROM sbtest5 WHERE id BETWEEN 4472526 AND 4472626
	-> Filter: (sbtest5.id between 4472526 and 4472626)  (cost=20.6 rows=101)
    -> Covering index range scan on sbtest5 using PRIMARY over (4472526 <= id <= 4472626)  (cost=20.6 rows=101)


table 6 : explain SELECT id FROM sbtest6 WHERE id BETWEEN 4472526 AND 4472626
	-> Filter: (sbtest6.id between 4472526 and 4472626)  (cost=20.6 rows=101)
    -> Covering index range scan on sbtest6 using PRIMARY over (4472526 <= id <= 4472626)  (cost=20.6 rows=101)


table 7 : explain SELECT id FROM sbtest7 WHERE id BETWEEN 4472526 AND 4472626
	-> Filter: (sbtest7.id between 4472526 and 4472626)  (cost=20.6 rows=101)
    -> Covering index range scan on sbtest7 using PRIMARY over (4472526 <= id <= 4472626)  (cost=20.6 rows=101)


table 8 : explain SELECT id FROM sbtest8 WHERE id BETWEEN 4472526 AND 4472626
	-> Filter: (sbtest8.id between 4472526 and 4472626)  (cost=20.6 rows=101)
    -> Covering index range scan on sbtest8 using PRIMARY over (4472526 <= id <= 4472626)  (cost=20.6 rows=101)


Threads started!

Warming up for 5 seconds...

SQL statistics:
    queries performed:
        read:                            230032158
        write:                           0
        other:                           0
        total:                           230032158
    transactions:                        230032158 (365128.12 per sec.)
    queries:                             230032158 (365128.12 per sec.)
    ignored errors:                      0      (0.00 per sec.)
    reconnects:                          0      (0.00 per sec.)

Throughput:
    events/s (eps):                      365128.1235
    time elapsed:                        630.0040s
    total number of events:              230032158

Latency (ms):
         min:                                    0.08
         avg:                                    0.11
         max:                                   24.02
         95th percentile:                        0.12
         sum:                             25128574.64

Threads fairness:
    events (avg/stddev):           5750794.3500/15409.70
    execution time (avg/stddev):   628.2144/0.04

