LUA_PATH=/home/mdcallag/git/mytools/bench/sysbench.lua/lua/?.lua /home/mdcallag/git/mytools/bench/sysbench.lua/lua/sysbench --db-driver=mysql --range-size=100 --table-size=10000000 --tables=8 --threads=40 --events=0 --warmup-time=5 --time=630 /home/mdcallag/git/mytools/bench/sysbench.lua/lua/oltp_range_covered.lua run --mysql-user=root --mysql-password=pw --mysql-host=127.0.0.1 --mysql-db=test --rand-type=uniform --random-points=100 --skip-trx --on-id=false --covered=false
48 CPUs
sysbench 1.1.0-9072687 (using bundled LuaJIT 2.1.0-beta3)

Running the test with following options:
Number of threads: 40
Warmup time: 5s
Initializing random number generator from current time


Initializing worker threads...

explain: for range-notcovered :: explain SELECT k, c FROM sbtest%d WHERE k BETWEEN 6684560 AND 6684660
explain: for range-notcovered :: explain SELECT k, c FROM sbtest%d WHERE k BETWEEN 4579692 AND 4579792explain: for range-notcovered :: explain SELECT k, c FROM sbtest%d WHERE k BETWEEN 4296884 AND 4296984explain: for range-notcovered :: explain SELECT k, c FROM sbtest%d WHERE k BETWEEN 5852949 AND 5853049


explain: for range-notcovered :: explain SELECT k, c FROM sbtest%d WHERE k BETWEEN 2925054 AND 2925154explain: for range-notcovered :: explain SELECT k, c FROM sbtest%d WHERE k BETWEEN 2974923 AND 2975023

explain: for range-notcovered :: explain SELECT k, c FROM sbtest%d WHERE k BETWEEN 1703319 AND 1703419explain: for range-notcovered :: explain SELECT k, c FROM sbtest%d WHERE k BETWEEN 1300126 AND 1300226
explain: for range-notcovered :: explain SELECT k, c FROM sbtest%d WHERE k BETWEEN 1773117 AND 1773217
explain: for range-notcovered :: explain SELECT k, c FROM sbtest%d WHERE k BETWEEN 6156151 AND 6156251

explain: for range-notcovered :: explain SELECT k, c FROM sbtest%d WHERE k BETWEEN 3025489 AND 3025589
explain: for range-notcovered :: explain SELECT k, c FROM sbtest%d WHERE k BETWEEN 6119662 AND 6119762
explain: for range-notcovered :: explain SELECT k, c FROM sbtest%d WHERE k BETWEEN 7513703 AND 7513803
explain: for range-notcovered :: explain SELECT k, c FROM sbtest%d WHERE k BETWEEN 2769307 AND 2769407
explain: for range-notcovered :: explain SELECT k, c FROM sbtest%d WHERE k BETWEEN 6624859 AND 6624959
explain: for range-notcovered :: explain SELECT k, c FROM sbtest%d WHERE k BETWEEN 4132964 AND 4133064
explain: for range-notcovered :: explain SELECT k, c FROM sbtest%d WHERE k BETWEEN 6357521 AND 6357621
explain: for range-notcovered :: explain SELECT k, c FROM sbtest%d WHERE k BETWEEN 4485144 AND 4485244
explain: for range-notcovered :: explain SELECT k, c FROM sbtest%d WHERE k BETWEEN 7436497 AND 7436597
explain: for range-notcovered :: explain SELECT k, c FROM sbtest%d WHERE k BETWEEN 2605401 AND 2605501
explain: for range-notcovered :: explain SELECT k, c FROM sbtest%d WHERE k BETWEEN 4743222 AND 4743322
explain: for range-notcovered :: explain SELECT k, c FROM sbtest%d WHERE k BETWEEN 4587498 AND 4587598
explain: for range-notcovered :: explain SELECT k, c FROM sbtest%d WHERE k BETWEEN 5415594 AND 5415694
explain: for range-notcovered :: explain SELECT k, c FROM sbtest%d WHERE k BETWEEN 5968466 AND 5968566
explain: for range-notcovered :: explain SELECT k, c FROM sbtest%d WHERE k BETWEEN 6448479 AND 6448579
explain: for range-notcovered :: explain SELECT k, c FROM sbtest%d WHERE k BETWEEN 6706397 AND 6706497
explain: for range-notcovered :: explain SELECT k, c FROM sbtest%d WHERE k BETWEEN 5674711 AND 5674811
explain: for range-notcovered :: explain SELECT k, c FROM sbtest%d WHERE k BETWEEN 6652235 AND 6652335
explain: for range-notcovered :: explain SELECT k, c FROM sbtest%d WHERE k BETWEEN 7765506 AND 7765606
explain: for range-notcovered :: explain SELECT k, c FROM sbtest%d WHERE k BETWEEN 6797604 AND 6797704
explain: for range-notcovered :: explain SELECT k, c FROM sbtest%d WHERE k BETWEEN 5340685 AND 5340785
explain: for range-notcovered :: explain SELECT k, c FROM sbtest%d WHERE k BETWEEN 3471197 AND 3471297
explain: for range-notcovered :: explain SELECT k, c FROM sbtest%d WHERE k BETWEEN 4037229 AND 4037329
explain: for range-notcovered :: explain SELECT k, c FROM sbtest%d WHERE k BETWEEN 4742653 AND 4742753
explain: for range-notcovered :: explain SELECT k, c FROM sbtest%d WHERE k BETWEEN 4399788 AND 4399888
explain: for range-notcovered :: explain SELECT k, c FROM sbtest%d WHERE k BETWEEN 7267870 AND 7267970
explain: for range-notcovered :: explain SELECT k, c FROM sbtest%d WHERE k BETWEEN 8894786 AND 8894886
for range-notcovered
table 1 : explain SELECT k, c FROM sbtest1 WHERE k BETWEEN 1300126 AND 1300226
	-> Index range scan on sbtest1 using k_1 over (1300126 <= k <= 1300226), with index condition: (sbtest1.k between 1300126 and 1300226)  (cost=45.3 rows=100)


table 2 : explain SELECT k, c FROM sbtest2 WHERE k BETWEEN 1300126 AND 1300226
	-> Index range scan on sbtest2 using k_2 over (1300126 <= k <= 1300226), with index condition: (sbtest2.k between 1300126 and 1300226)  (cost=44.8 rows=99)


table 3 : explain SELECT k, c FROM sbtest3 WHERE k BETWEEN 1300126 AND 1300226
	-> Index range scan on sbtest3 using k_3 over (1300126 <= k <= 1300226), with index condition: (sbtest3.k between 1300126 and 1300226)  (cost=43.9 rows=97)


table 4 : explain SELECT k, c FROM sbtest4 WHERE k BETWEEN 1300126 AND 1300226
	-> Index range scan on sbtest4 using k_4 over (1300126 <= k <= 1300226), with index condition: (sbtest4.k between 1300126 and 1300226)  (cost=47.5 rows=105)


table 5 : explain SELECT k, c FROM sbtest5 WHERE k BETWEEN 1300126 AND 1300226
	-> Index range scan on sbtest5 using k_5 over (1300126 <= k <= 1300226), with index condition: (sbtest5.k between 1300126 and 1300226)  (cost=51.1 rows=113)


table 6 : explain SELECT k, c FROM sbtest6 WHERE k BETWEEN 1300126 AND 1300226
	-> Index range scan on sbtest6 using k_6 over (1300126 <= k <= 1300226), with index condition: (sbtest6.k between 1300126 and 1300226)  (cost=45.3 rows=100)


table 7 : explain SELECT k, c FROM sbtest7 WHERE k BETWEEN 1300126 AND 1300226
	-> Index range scan on sbtest7 using k_7 over (1300126 <= k <= 1300226), with index condition: (sbtest7.k between 1300126 and 1300226)  (cost=39.9 rows=88)


table 8 : explain SELECT k, c FROM sbtest8 WHERE k BETWEEN 1300126 AND 1300226
	-> Index range scan on sbtest8 using k_8 over (1300126 <= k <= 1300226), with index condition: (sbtest8.k between 1300126 and 1300226)  (cost=39.9 rows=88)


for range-notcovered
table 1 : explain SELECT k, c FROM sbtest1 WHERE k BETWEEN 4579692 AND 4579792
	-> Index range scan on sbtest1 using k_1 over (4579692 <= k <= 4579792), with index condition: (sbtest1.k between 4579692 and 4579792)  (cost=40.3 rows=89)


table 2 : explain SELECT k, c FROM sbtest2 WHERE k BETWEEN 4579692 AND 4579792
	-> Index range scan on sbtest2 using k_2 over (4579692 <= k <= 4579792), with index condition: (sbtest2.k between 4579692 and 4579792)  (cost=45.3 rows=100)


table 3 : explain SELECT k, c FROM sbtest3 WHERE k BETWEEN 4579692 AND 4579792
	-> Index range scan on sbtest3 using k_3 over (4579692 <= k <= 4579792), with index condition: (sbtest3.k between 4579692 and 4579792)  (cost=44.4 rows=98)


table 4 : explain SELECT k, c FROM sbtest4 WHERE k BETWEEN 4579692 AND 4579792
	-> Index range scan on sbtest4 using k_4 over (4579692 <= k <= 4579792), with index condition: (sbtest4.k between 4579692 and 4579792)  (cost=46.6 rows=103)


table 5 : explain SELECT k, c FROM sbtest5 WHERE k BETWEEN 4579692 AND 4579792
	-> Index range scan on sbtest5 using k_5 over (4579692 <= k <= 4579792), with index condition: (sbtest5.k between 4579692 and 4579792)  (cost=50.2 rows=111)


table 6 : explain SELECT k, c FROM sbtest6 WHERE k BETWEEN 4579692 AND 4579792
	-> Index range scan on sbtest6 using k_6 over (4579692 <= k <= 4579792), with index condition: (sbtest6.k between 4579692 and 4579792)  (cost=45.3 rows=100)


table 7 : explain SELECT k, c FROM sbtest7 WHERE k BETWEEN 4579692 AND 4579792
	-> Index range scan on sbtest7 using k_7 over (4579692 <= k <= 4579792), with index condition: (sbtest7.k between 4579692 and 4579792)  (cost=47.5 rows=105)


table 8 : explain SELECT k, c FROM sbtest8 WHERE k BETWEEN 4579692 AND 4579792
	-> Index range scan on sbtest8 using k_8 over (4579692 <= k <= 4579792), with index condition: (sbtest8.k between 4579692 and 4579792)  (cost=46.2 rows=102)


explain: for range-notcovered :: explain SELECT k, c FROM sbtest%d WHERE k BETWEEN 6799449 AND 6799549
explain: for range-notcovered :: explain SELECT k, c FROM sbtest%d WHERE k BETWEEN 1300126 AND 1300226
explain: for range-notcovered :: explain SELECT k, c FROM sbtest%d WHERE k BETWEEN 4579692 AND 4579792
for range-notcovered
table 1 : explain SELECT k, c FROM sbtest1 WHERE k BETWEEN 6684560 AND 6684660
	-> Index range scan on sbtest1 using k_1 over (6684560 <= k <= 6684660), with index condition: (sbtest1.k between 6684560 and 6684660)  (cost=46.6 rows=103)


table 2 : explain SELECT k, c FROM sbtest2 WHERE k BETWEEN 6684560 AND 6684660
	-> Index range scan on sbtest2 using k_2 over (6684560 <= k <= 6684660), with index condition: (sbtest2.k between 6684560 and 6684660)  (cost=42.6 rows=94)


table 3 : explain SELECT k, c FROM sbtest3 WHERE k BETWEEN 6684560 AND 6684660
	-> Index range scan on sbtest3 using k_3 over (6684560 <= k <= 6684660), with index condition: (sbtest3.k between 6684560 and 6684660)  (cost=48.4 rows=107)


table 4 : explain SELECT k, c FROM sbtest4 WHERE k BETWEEN 6684560 AND 6684660
	-> Index range scan on sbtest4 using k_4 over (6684560 <= k <= 6684660), with index condition: (sbtest4.k between 6684560 and 6684660)  (cost=41.2 rows=91)


table 5 : explain SELECT k, c FROM sbtest5 WHERE k BETWEEN 6684560 AND 6684660
	-> Index range scan on sbtest5 using k_5 over (6684560 <= k <= 6684660), with index condition: (sbtest5.k between 6684560 and 6684660)  (cost=48.4 rows=107)


table 6 : explain SELECT k, c FROM sbtest6 WHERE k BETWEEN 6684560 AND 6684660
	-> Index range scan on sbtest6 using k_6 over (6684560 <= k <= 6684660), with index condition: (sbtest6.k between 6684560 and 6684660)  (cost=43.9 rows=97)


table 7 : explain SELECT k, c FROM sbtest7 WHERE k BETWEEN 6684560 AND 6684660
	-> Index range scan on sbtest7 using k_7 over (6684560 <= k <= 6684660), with index condition: (sbtest7.k between 6684560 and 6684660)  (cost=44.8 rows=99)


table 8 : explain SELECT k, c FROM sbtest8 WHERE k BETWEEN 6684560 AND 6684660
	-> Index range scan on sbtest8 using k_8 over (6684560 <= k <= 6684660), with index condition: (sbtest8.k between 6684560 and 6684660)  (cost=48.4 rows=107)


for range-notcovered
table 1 : explain SELECT k, c FROM sbtest1 WHERE k BETWEEN 2974923 AND 2975023
	-> Index range scan on sbtest1 using k_1 over (2974923 <= k <= 2975023), with index condition: (sbtest1.k between 2974923 and 2975023)  (cost=44.8 rows=99)


table 2 : explain SELECT k, c FROM sbtest2 WHERE k BETWEEN 2974923 AND 2975023
	-> Index range scan on sbtest2 using k_2 over (2974923 <= k <= 2975023), with index condition: (sbtest2.k between 2974923 and 2975023)  (cost=51.1 rows=113)


table 3 : explain SELECT k, c FROM sbtest3 WHERE k BETWEEN 2974923 AND 2975023
	-> Index range scan on sbtest3 using k_3 over (2974923 <= k <= 2975023), with index condition: (sbtest3.k between 2974923 and 2975023)  (cost=45.3 rows=100)


table 4 : explain SELECT k, c FROM sbtest4 WHERE k BETWEEN 2974923 AND 2975023
	-> Index range scan on sbtest4 using k_4 over (2974923 <= k <= 2975023), with index condition: (sbtest4.k between 2974923 and 2975023)  (cost=47.5 rows=105)


table 5 : explain SELECT k, c FROM sbtest5 WHERE k BETWEEN 2974923 AND 2975023
	-> Index range scan on sbtest5 using k_5 over (2974923 <= k <= 2975023), with index condition: (sbtest5.k between 2974923 and 2975023)  (cost=39 rows=86)


table 6 : explain SELECT k, c FROM sbtest6 WHERE k BETWEEN 2974923 AND 2975023
	-> Index range scan on sbtest6 using k_6 over (2974923 <= k <= 2975023), with index condition: (sbtest6.k between 2974923 and 2975023)  (cost=40.8 rows=90)


table 7 : explain SELECT k, c FROM sbtest7 WHERE k BETWEEN 2974923 AND 2975023
	-> Index range scan on sbtest7 using k_7 over (2974923 <= k <= 2975023), with index condition: (sbtest7.k between 2974923 and 2975023)  (cost=41.7 rows=92)


table 8 : explain SELECT k, c FROM sbtest8 WHERE k BETWEEN 2974923 AND 2975023
	-> Index range scan on sbtest8 using k_8 over (2974923 <= k <= 2975023), with index condition: (sbtest8.k between 2974923 and 2975023)  (cost=50.2 rows=111)


for range-notcovered
table 1 : explain SELECT k, c FROM sbtest1 WHERE k BETWEEN 5852949 AND 5853049
	-> Index range scan on sbtest1 using k_1 over (5852949 <= k <= 5853049), with index condition: (sbtest1.k between 5852949 and 5853049)  (cost=45.7 rows=101)


table 2 : explain SELECT k, c FROM sbtest2 WHERE k BETWEEN 5852949 AND 5853049
	-> Index range scan on sbtest2 using k_2 over (5852949 <= k <= 5853049), with index condition: (sbtest2.k between 5852949 and 5853049)  (cost=39 rows=86)


table 3 : explain SELECT k, c FROM sbtest3 WHERE k BETWEEN 5852949 AND 5853049
	-> Index range scan on sbtest3 using k_3 over (5852949 <= k <= 5853049), with index condition: (sbtest3.k between 5852949 and 5853049)  (cost=43.5 rows=96)


table 4 : explain SELECT k, c FROM sbtest4 WHERE k BETWEEN 5852949 AND 5853049
	-> Index range scan on sbtest4 using k_4 over (5852949 <= k <= 5853049), with index condition: (sbtest4.k between 5852949 and 5853049)  (cost=50.7 rows=112)


table 5 : explain SELECT k, c FROM sbtest5 WHERE k BETWEEN 5852949 AND 5853049
	-> Index range scan on sbtest5 using k_5 over (5852949 <= k <= 5853049), with index condition: (sbtest5.k between 5852949 and 5853049)  (cost=48.9 rows=108)


table 6 : explain SELECT k, c FROM sbtest6 WHERE k BETWEEN 5852949 AND 5853049
	-> Index range scan on sbtest6 using k_6 over (5852949 <= k <= 5853049), with index condition: (sbtest6.k between 5852949 and 5853049)  (cost=36.7 rows=81)


table 7 : explain SELECT k, c FROM sbtest7 WHERE k BETWEEN 5852949 AND 5853049
	-> Index range scan on sbtest7 using k_7 over (5852949 <= k <= 5853049), with index condition: (sbtest7.k between 5852949 and 5853049)  (cost=44.8 rows=99)


table 8 : explain SELECT k, c FROM sbtest8 WHERE k BETWEEN 5852949 AND 5853049
	-> Index range scan on sbtest8 using k_8 over (5852949 <= k <= 5853049), with index condition: (sbtest8.k between 5852949 and 5853049)  (cost=39.9 rows=88)


for range-notcovered
table 1 : explain SELECT k, c FROM sbtest1 WHERE k BETWEEN 6156151 AND 6156251
	-> Index range scan on sbtest1 using k_1 over (6156151 <= k <= 6156251), with index condition: (sbtest1.k between 6156151 and 6156251)  (cost=42.1 rows=93)


table 2 : explain SELECT k, c FROM sbtest2 WHERE k BETWEEN 6156151 AND 6156251
	-> Index range scan on sbtest2 using k_2 over (6156151 <= k <= 6156251), with index condition: (sbtest2.k between 6156151 and 6156251)  (cost=44.8 rows=99)


table 3 : explain SELECT k, c FROM sbtest3 WHERE k BETWEEN 6156151 AND 6156251
	-> Index range scan on sbtest3 using k_3 over (6156151 <= k <= 6156251), with index condition: (sbtest3.k between 6156151 and 6156251)  (cost=47.5 rows=105)


table 4 : explain SELECT k, c FROM sbtest4 WHERE k BETWEEN 6156151 AND 6156251
	-> Index range scan on sbtest4 using k_4 over (6156151 <= k <= 6156251), with index condition: (sbtest4.k between 6156151 and 6156251)  (cost=53.4 rows=118)


table 5 : explain SELECT k, c FROM sbtest5 WHERE k BETWEEN 6156151 AND 6156251
	-> Index range scan on sbtest5 using k_5 over (6156151 <= k <= 6156251), with index condition: (sbtest5.k between 6156151 and 6156251)  (cost=47.1 rows=104)


table 6 : explain SELECT k, c FROM sbtest6 WHERE k BETWEEN 6156151 AND 6156251
	-> Index range scan on sbtest6 using k_6 over (6156151 <= k <= 6156251), with index condition: (sbtest6.k between 6156151 and 6156251)  (cost=48.4 rows=107)


table 7 : explain SELECT k, c FROM sbtest7 WHERE k BETWEEN 6156151 AND 6156251
	-> Index range scan on sbtest7 using k_7 over (6156151 <= k <= 6156251), with index condition: (sbtest7.k between 6156151 and 6156251)  (cost=44.4 rows=98)


table 8 : explain SELECT k, c FROM sbtest8 WHERE k BETWEEN 6156151 AND 6156251
	-> Index range scan on sbtest8 using k_8 over (6156151 <= k <= 6156251), with index condition: (sbtest8.k between 6156151 and 6156251)  (cost=47.5 rows=105)


explain: for range-notcovered :: explain SELECT k, c FROM sbtest%d WHERE k BETWEEN 8269975 AND 8270075
explain: for range-notcovered :: explain SELECT k, c FROM sbtest%d WHERE k BETWEEN 6684560 AND 6684660
explain: for range-notcovered :: explain SELECT k, c FROM sbtest%d WHERE k BETWEEN 5852949 AND 5853049
for range-notcovered
table 1 : explain SELECT k, c FROM sbtest1 WHERE k BETWEEN 2925054 AND 2925154
	-> Index range scan on sbtest1 using k_1 over (2925054 <= k <= 2925154), with index condition: (sbtest1.k between 2925054 and 2925154)  (cost=41.2 rows=91)


table 2 : explain SELECT k, c FROM sbtest2 WHERE k BETWEEN 2925054 AND 2925154
	-> Index range scan on sbtest2 using k_2 over (2925054 <= k <= 2925154), with index condition: (sbtest2.k between 2925054 and 2925154)  (cost=45.7 rows=101)


table 3 : explain SELECT k, c FROM sbtest3 WHERE k BETWEEN 2925054 AND 2925154
	-> Index range scan on sbtest3 using k_3 over (2925054 <= k <= 2925154), with index condition: (sbtest3.k between 2925054 and 2925154)  (cost=46.2 rows=102)


table 4 : explain SELECT k, c FROM sbtest4 WHERE k BETWEEN 2925054 AND 2925154
	-> Index range scan on sbtest4 using k_4 over (2925054 <= k <= 2925154), with index condition: (sbtest4.k between 2925054 and 2925154)  (cost=44.8 rows=99)


table 5 : explain SELECT k, c FROM sbtest5 WHERE k BETWEEN 2925054 AND 2925154
	-> Index range scan on sbtest5 using k_5 over (2925054 <= k <= 2925154), with index condition: (sbtest5.k between 2925054 and 2925154)  (cost=45.7 rows=101)


table 6 : explain SELECT k, c FROM sbtest6 WHERE k BETWEEN 2925054 AND 2925154
	-> Index range scan on sbtest6 using k_6 over (2925054 <= k <= 2925154), with index condition: (sbtest6.k between 2925054 and 2925154)  (cost=41.2 rows=91)


table 7 : explain SELECT k, c FROM sbtest7 WHERE k BETWEEN 2925054 AND 2925154
	-> Index range scan on sbtest7 using k_7 over (2925054 <= k <= 2925154), with index condition: (sbtest7.k between 2925054 and 2925154)  (cost=46.2 rows=102)


table 8 : explain SELECT k, c FROM sbtest8 WHERE k BETWEEN 2925054 AND 2925154
	-> Index range scan on sbtest8 using k_8 over (2925054 <= k <= 2925154), with index condition: (sbtest8.k between 2925054 and 2925154)  (cost=51.6 rows=114)

for range-notcovered
table 1 : explain SELECT k, c FROM sbtest1 WHERE k BETWEEN 7513703 AND 7513803
	-> Index range scan on sbtest1 using k_1 over (7513703 <= k <= 7513803), with index condition: (sbtest1.k between 7513703 and 7513803)  (cost=46.2 rows=102)


table 2 : explain SELECT k, c FROM sbtest2 WHERE k BETWEEN 7513703 AND 7513803
	-> Index range scan on sbtest2 using k_2 over (7513703 <= k <= 7513803), with index condition: (sbtest2.k between 7513703 and 7513803)  (cost=47.5 rows=105)


table 3 : explain SELECT k, c FROM sbtest3 WHERE k BETWEEN 7513703 AND 7513803
	-> Index range scan on sbtest3 using k_3 over (7513703 <= k <= 7513803), with index condition: (sbtest3.k between 7513703 and 7513803)  (cost=45.3 rows=100)


table 4 : explain SELECT k, c FROM sbtest4 WHERE k BETWEEN 7513703 AND 7513803
	-> Index range scan on sbtest4 using k_4 over (7513703 <= k <= 7513803), with index condition: (sbtest4.k between 7513703 and 7513803)  (cost=50.2 rows=111)


table 5 : explain SELECT k, c FROM sbtest5 WHERE k BETWEEN 7513703 AND 7513803
	-> Index range scan on sbtest5 using k_5 over (7513703 <= k <= 7513803), with index condition: (sbtest5.k between 7513703 and 7513803)  (cost=45.7 rows=101)


table 6 : explain SELECT k, c FROM sbtest6 WHERE k BETWEEN 7513703 AND 7513803
	-> Index range scan on sbtest6 using k_6 over (7513703 <= k <= 7513803), with index condition: (sbtest6.k between 7513703 and 7513803)  (cost=41.7 rows=92)


table 7 : explain SELECT k, c FROM sbtest7 WHERE k BETWEEN 7513703 AND 7513803
	-> Index range scan on sbtest7 using k_7 over (7513703 <= k <= 7513803), with index condition: (sbtest7.k between 7513703 and 7513803)  (cost=45.7 rows=101)


table 8 : explain SELECT k, c FROM sbtest8 WHERE k BETWEEN 7513703 AND 7513803
	-> Index range scan on sbtest8 using k_8 over (7513703 <= k <= 7513803), with index condition: (sbtest8.k between 7513703 and 7513803)  (cost=43 rows=95)

for range-notcovered
table 1 : explain SELECT k, c FROM sbtest1 WHERE k BETWEEN 3025489 AND 3025589
	-> Index range scan on sbtest1 using k_1 over (3025489 <= k <= 3025589), with index condition: (sbtest1.k between 3025489 and 3025589)  (cost=43.5 rows=96)


table 2 : explain SELECT k, c FROM sbtest2 WHERE k BETWEEN 3025489 AND 3025589
	-> Index range scan on sbtest2 using k_2 over (3025489 <= k <= 3025589), with index condition: (sbtest2.k between 3025489 and 3025589)  (cost=51.1 rows=113)


table 3 : explain SELECT k, c FROM sbtest3 WHERE k BETWEEN 3025489 AND 3025589
	-> Index range scan on sbtest3 using k_3 over (3025489 <= k <= 3025589), with index condition: (sbtest3.k between 3025489 and 3025589)  (cost=34.5 rows=76)


table 4 : explain SELECT k, c FROM sbtest4 WHERE k BETWEEN 3025489 AND 3025589
	-> Index range scan on sbtest4 using k_4 over (3025489 <= k <= 3025589), with index condition: (sbtest4.k between 3025489 and 3025589)  (cost=50.2 rows=111)


table 5 : explain SELECT k, c FROM sbtest5 WHERE k BETWEEN 3025489 AND 3025589
	-> Index range scan on sbtest5 using k_5 over (3025489 <= k <= 3025589), with index condition: (sbtest5.k between 3025489 and 3025589)  (cost=43 rows=95)


table 6 : explain SELECT k, c FROM sbtest6 WHERE k BETWEEN 3025489 AND 3025589
	-> Index range scan on sbtest6 using k_6 over (3025489 <= k <= 3025589), with index condition: (sbtest6.k between 3025489 and 3025589)  (cost=39.9 rows=88)


table 7 : explain SELECT k, c FROM sbtest7 WHERE k BETWEEN 3025489 AND 3025589
	-> Index range scan on sbtest7 using k_7 over (3025489 <= k <= 3025589), with index condition: (sbtest7.k between 3025489 and 3025589)  (cost=45.7 rows=101)


table 8 : explain SELECT k, c FROM sbtest8 WHERE k BETWEEN 3025489 AND 3025589
	-> Index range scan on sbtest8 using k_8 over (3025489 <= k <= 3025589), with index condition: (sbtest8.k between 3025489 and 3025589)  (cost=40.8 rows=90)


explain: for range-notcovered :: explain SELECT k, c FROM sbtest%d WHERE k BETWEEN 6156151 AND 6156251
for range-notcovered
table 1 : explain SELECT k, c FROM sbtest1 WHERE k BETWEEN 4296884 AND 4296984
	-> Index range scan on sbtest1 using k_1 over (4296884 <= k <= 4296984), with index condition: (sbtest1.k between 4296884 and 4296984)  (cost=42.6 rows=94)


table 2 : explain SELECT k, c FROM sbtest2 WHERE k BETWEEN 4296884 AND 4296984
	-> Index range scan on sbtest2 using k_2 over (4296884 <= k <= 4296984), with index condition: (sbtest2.k between 4296884 and 4296984)  (cost=38.1 rows=84)


table 3 : explain SELECT k, c FROM sbtest3 WHERE k BETWEEN 4296884 AND 4296984
	-> Index range scan on sbtest3 using k_3 over (4296884 <= k <= 4296984), with index condition: (sbtest3.k between 4296884 and 4296984)  (cost=45.3 rows=100)


table 4 : explain SELECT k, c FROM sbtest4 WHERE k BETWEEN 4296884 AND 4296984
	-> Index range scan on sbtest4 using k_4 over (4296884 <= k <= 4296984), with index condition: (sbtest4.k between 4296884 and 4296984)  (cost=45.7 rows=101)


table 5 : explain SELECT k, c FROM sbtest5 WHERE k BETWEEN 4296884 AND 4296984
	-> Index range scan on sbtest5 using k_5 over (4296884 <= k <= 4296984), with index condition: (sbtest5.k between 4296884 and 4296984)  (cost=47.1 rows=104)


table 6 : explain SELECT k, c FROM sbtest6 WHERE k BETWEEN 4296884 AND 4296984
	-> Index range scan on sbtest6 using k_6 over (4296884 <= k <= 4296984), with index condition: (sbtest6.k between 4296884 and 4296984)  (cost=48 rows=106)


table 7 : explain SELECT k, c FROM sbtest7 WHERE k BETWEEN 4296884 AND 4296984
	-> Index range scan on sbtest7 using k_7 over (4296884 <= k <= 4296984), with index condition: (sbtest7.k between 4296884 and 4296984)  (cost=44.4 rows=98)


table 8 : explain SELECT k, c FROM sbtest8 WHERE k BETWEEN 4296884 AND 4296984
	-> Index range scan on sbtest8 using k_8 over (4296884 <= k <= 4296984), with index condition: (sbtest8.k between 4296884 and 4296984)  (cost=43 rows=95)


explain: for range-notcovered :: explain SELECT k, c FROM sbtest%d WHERE k BETWEEN 4693750 AND 4693850

explain: for range-notcovered :: explain SELECT k, c FROM sbtest%d WHERE k BETWEEN 2974923 AND 2975023
explain: for range-notcovered :: explain SELECT k, c FROM sbtest%d WHERE k BETWEEN 3025489 AND 3025589
for range-notcovered
table 1 : explain SELECT k, c FROM sbtest1 WHERE k BETWEEN 1773117 AND 1773217
	-> Index range scan on sbtest1 using k_1 over (1773117 <= k <= 1773217), with index condition: (sbtest1.k between 1773117 and 1773217)  (cost=41.7 rows=92)


table 2 : explain SELECT k, c FROM sbtest2 WHERE k BETWEEN 1773117 AND 1773217
	-> Index range scan on sbtest2 using k_2 over (1773117 <= k <= 1773217), with index condition: (sbtest2.k between 1773117 and 1773217)  (cost=45.3 rows=100)


table 3 : explain SELECT k, c FROM sbtest3 WHERE k BETWEEN 1773117 AND 1773217
	-> Index range scan on sbtest3 using k_3 over (1773117 <= k <= 1773217), with index condition: (sbtest3.k between 1773117 and 1773217)  (cost=47.5 rows=105)


table 4 : explain SELECT k, c FROM sbtest4 WHERE k BETWEEN 1773117 AND 1773217
	-> Index range scan on sbtest4 using k_4 over (1773117 <= k <= 1773217), with index condition: (sbtest4.k between 1773117 and 1773217)  (cost=42.6 rows=94)


table 5 : explain SELECT k, c FROM sbtest5 WHERE k BETWEEN 1773117 AND 1773217
	-> Index range scan on sbtest5 using k_5 over (1773117 <= k <= 1773217), with index condition: (sbtest5.k between 1773117 and 1773217)  (cost=48.9 rows=108)


table 6 : explain SELECT k, c FROM sbtest6 WHERE k BETWEEN 1773117 AND 1773217
	-> Index range scan on sbtest6 using k_6 over (1773117 <= k <= 1773217), with index condition: (sbtest6.k between 1773117 and 1773217)  (cost=48.4 rows=107)


table 7 : explain SELECT k, c FROM sbtest7 WHERE k BETWEEN 1773117 AND 1773217
	-> Index range scan on sbtest7 using k_7 over (1773117 <= k <= 1773217), with index condition: (sbtest7.k between 1773117 and 1773217)  (cost=46.6 rows=103)


table 8 : explain SELECT k, c FROM sbtest8 WHERE k BETWEEN 1773117 AND 1773217
	-> Index range scan on sbtest8 using k_8 over (1773117 <= k <= 1773217), with index condition: (sbtest8.k between 1773117 and 1773217)  (cost=43 rows=95)



for range-notcovered
table 1 : explain SELECT k, c FROM sbtest1 WHERE k BETWEEN 1703319 AND 1703419
	-> Index range scan on sbtest1 using k_1 over (1703319 <= k <= 1703419), with index condition: (sbtest1.k between 1703319 and 1703419)  (cost=45.3 rows=100)


table 2 : explain SELECT k, c FROM sbtest2 WHERE k BETWEEN 1703319 AND 1703419
	-> Index range scan on sbtest2 using k_2 over (1703319 <= k <= 1703419), with index condition: (sbtest2.k between 1703319 and 1703419)  (cost=43.5 rows=96)


table 3 : explain SELECT k, c FROM sbtest3 WHERE k BETWEEN 1703319 AND 1703419
	-> Index range scan on sbtest3 using k_3 over (1703319 <= k <= 1703419), with index condition: (sbtest3.k between 1703319 and 1703419)  (cost=54.7 rows=121)


table 4 : explain SELECT k, c FROM sbtest4 WHERE k BETWEEN 1703319 AND 1703419
	-> Index range scan on sbtest4 using k_4 over (1703319 <= k <= 1703419), with index condition: (sbtest4.k between 1703319 and 1703419)  (cost=46.2 rows=102)


table 5 : explain SELECT k, c FROM sbtest5 WHERE k BETWEEN 1703319 AND 1703419
	-> Index range scan on sbtest5 using k_5 over (1703319 <= k <= 1703419), with index condition: (sbtest5.k between 1703319 and 1703419)  (cost=41.2 rows=91)


table 6 : explain SELECT k, c FROM sbtest6 WHERE k BETWEEN 1703319 AND 1703419
	-> Index range scan on sbtest6 using k_6 over (1703319 <= k <= 1703419), with index condition: (sbtest6.k between 1703319 and 1703419)  (cost=42.6 rows=94)


table 7 : explain SELECT k, c FROM sbtest7 WHERE k BETWEEN 1703319 AND 1703419
	-> Index range scan on sbtest7 using k_7 over (1703319 <= k <= 1703419), with index condition: (sbtest7.k between 1703319 and 1703419)  (cost=39.9 rows=88)


table 8 : explain SELECT k, c FROM sbtest8 WHERE k BETWEEN 1703319 AND 1703419
	-> Index range scan on sbtest8 using k_8 over (1703319 <= k <= 1703419), with index condition: (sbtest8.k between 1703319 and 1703419)  (cost=40.8 rows=90)


for range-notcovered
table 1 : explain SELECT k, c FROM sbtest1 WHERE k BETWEEN 2769307 AND 2769407
	-> Index range scan on sbtest1 using k_1 over (2769307 <= k <= 2769407), with index condition: (sbtest1.k between 2769307 and 2769407)  (cost=44.4 rows=98)


table 2 : explain SELECT k, c FROM sbtest2 WHERE k BETWEEN 2769307 AND 2769407
	-> Index range scan on sbtest2 using k_2 over (2769307 <= k <= 2769407), with index condition: (sbtest2.k between 2769307 and 2769407)  (cost=41.2 rows=91)


table 3 : explain SELECT k, c FROM sbtest3 WHERE k BETWEEN 2769307 AND 2769407
	-> Index range scan on sbtest3 using k_3 over (2769307 <= k <= 2769407), with index condition: (sbtest3.k between 2769307 and 2769407)  (cost=47.5 rows=105)


table 4 : explain SELECT k, c FROM sbtest4 WHERE k BETWEEN 2769307 AND 2769407
	-> Index range scan on sbtest4 using k_4 over (2769307 <= k <= 2769407), with index condition: (sbtest4.k between 2769307 and 2769407)  (cost=45.3 rows=100)


table 5 : explain SELECT k, c FROM sbtest5 WHERE k BETWEEN 2769307 AND 2769407
	-> Index range scan on sbtest5 using k_5 over (2769307 <= k <= 2769407), with index condition: (sbtest5.k between 2769307 and 2769407)  (cost=43 rows=95)


table 6 : explain SELECT k, c FROM sbtest6 WHERE k BETWEEN 2769307 AND 2769407
	-> Index range scan on sbtest6 using k_6 over (2769307 <= k <= 2769407), with index condition: (sbtest6.k between 2769307 and 2769407)  (cost=44.4 rows=98)


table 7 : explain SELECT k, c FROM sbtest7 WHERE k BETWEEN 2769307 AND 2769407
	-> Index range scan on sbtest7 using k_7 over (2769307 <= k <= 2769407), with index condition: (sbtest7.k between 2769307 and 2769407)  (cost=44.4 rows=98)


table 8 : explain SELECT k, c FROM sbtest8 WHERE k BETWEEN 2769307 AND 2769407
	-> Index range scan on sbtest8 using k_8 over (2769307 <= k <= 2769407), with index condition: (sbtest8.k between 2769307 and 2769407)  (cost=44.4 rows=98)


for range-notcovered
table 1 : explain SELECT k, c FROM sbtest1 WHERE k BETWEEN 2605401 AND 2605501
	-> Index range scan on sbtest1 using k_1 over (2605401 <= k <= 2605501), with index condition: (sbtest1.k between 2605401 and 2605501)  (cost=60.6 rows=134)


table 2 : explain SELECT k, c FROM sbtest2 WHERE k BETWEEN 2605401 AND 2605501
	-> Index range scan on sbtest2 using k_2 over (2605401 <= k <= 2605501), with index condition: (sbtest2.k between 2605401 and 2605501)  (cost=47.5 rows=105)


table 3 : explain SELECT k, c FROM sbtest3 WHERE k BETWEEN 2605401 AND 2605501
	-> Index range scan on sbtest3 using k_3 over (2605401 <= k <= 2605501), with index condition: (sbtest3.k between 2605401 and 2605501)  (cost=41.7 rows=92)


table 4 : explain SELECT k, c FROM sbtest4 WHERE k BETWEEN 2605401 AND 2605501
	-> Index range scan on sbtest4 using k_4 over (2605401 <= k <= 2605501), with index condition: (sbtest4.k between 2605401 and 2605501)  (cost=43.5 rows=96)


table 5 : explain SELECT k, c FROM sbtest5 WHERE k BETWEEN 2605401 AND 2605501
	-> Index range scan on sbtest5 using k_5 over (2605401 <= k <= 2605501), with index condition: (sbtest5.k between 2605401 and 2605501)  (cost=53.4 rows=118)


table 6 : explain SELECT k, c FROM sbtest6 WHERE k BETWEEN 2605401 AND 2605501
	-> Index range scan on sbtest6 using k_6 over (2605401 <= k <= 2605501), with index condition: (sbtest6.k between 2605401 and 2605501)  (cost=53.8 rows=119)


table 7 : explain SELECT k, c FROM sbtest7 WHERE k BETWEEN 2605401 AND 2605501
	-> Index range scan on sbtest7 using k_7 over (2605401 <= k <= 2605501), with index condition: (sbtest7.k between 2605401 and 2605501)  (cost=42.1 rows=93)


table 8 : explain SELECT k, c FROM sbtest8 WHERE k BETWEEN 2605401 AND 2605501
	-> Index range scan on sbtest8 using k_8 over (2605401 <= k <= 2605501), with index condition: (sbtest8.k between 2605401 and 2605501)  (cost=52.5 rows=116)


for range-notcovered
table 1 : explain SELECT k, c FROM sbtest1 WHERE k BETWEEN 6652235 AND 6652335
	-> Index range scan on sbtest1 using k_1 over (6652235 <= k <= 6652335), with index condition: (sbtest1.k between 6652235 and 6652335)  (cost=42.6 rows=94)


table 2 : explain SELECT k, c FROM sbtest2 WHERE k BETWEEN 6652235 AND 6652335
	-> Index range scan on sbtest2 using k_2 over (6652235 <= k <= 6652335), with index condition: (sbtest2.k between 6652235 and 6652335)  (cost=50.2 rows=111)


table 3 : explain SELECT k, c FROM sbtest3 WHERE k BETWEEN 6652235 AND 6652335
	-> Index range scan on sbtest3 using k_3 over (6652235 <= k <= 6652335), with index condition: (sbtest3.k between 6652235 and 6652335)  (cost=43.5 rows=96)


table 4 : explain SELECT k, c FROM sbtest4 WHERE k BETWEEN 6652235 AND 6652335
	-> Index range scan on sbtest4 using k_4 over (6652235 <= k <= 6652335), with index condition: (sbtest4.k between 6652235 and 6652335)  (cost=48 rows=106)


table 5 : explain SELECT k, c FROM sbtest5 WHERE k BETWEEN 6652235 AND 6652335
	-> Index range scan on sbtest5 using k_5 over (6652235 <= k <= 6652335), with index condition: (sbtest5.k between 6652235 and 6652335)  (cost=42.1 rows=93)


table 6 : explain SELECT k, c FROM sbtest6 WHERE k BETWEEN 6652235 AND 6652335
	-> Index range scan on sbtest6 using k_6 over (6652235 <= k <= 6652335), with index condition: (sbtest6.k between 6652235 and 6652335)  (cost=41.2 rows=91)


table 7 : explain SELECT k, c FROM sbtest7 WHERE k BETWEEN 6652235 AND 6652335
	-> Index range scan on sbtest7 using k_7 over (6652235 <= k <= 6652335), with index condition: (sbtest7.k between 6652235 and 6652335)  (cost=44.8 rows=99)


table 8 : explain SELECT k, c FROM sbtest8 WHERE k BETWEEN 6652235 AND 6652335
	-> Index range scan on sbtest8 using k_8 over (6652235 <= k <= 6652335), with index condition: (sbtest8.k between 6652235 and 6652335)  (cost=43.5 rows=96)


for range-notcovered
table 1 : explain SELECT k, c FROM sbtest1 WHERE k BETWEEN 7436497 AND 7436597
	-> Index range scan on sbtest1 using k_1 over (7436497 <= k <= 7436597), with index condition: (sbtest1.k between 7436497 and 7436597)  (cost=50.7 rows=112)


table 2 : explain SELECT k, c FROM sbtest2 WHERE k BETWEEN 7436497 AND 7436597
	-> Index range scan on sbtest2 using k_2 over (7436497 <= k <= 7436597), with index condition: (sbtest2.k between 7436497 and 7436597)  (cost=49.8 rows=110)


table 3 : explain SELECT k, c FROM sbtest3 WHERE k BETWEEN 7436497 AND 7436597
	-> Index range scan on sbtest3 using k_3 over (7436497 <= k <= 7436597), with index condition: (sbtest3.k between 7436497 and 7436597)  (cost=47.5 rows=105)


table 4 : explain SELECT k, c FROM sbtest4 WHERE k BETWEEN 7436497 AND 7436597
	-> Index range scan on sbtest4 using k_4 over (7436497 <= k <= 7436597), with index condition: (sbtest4.k between 7436497 and 7436597)  (cost=47.5 rows=105)


table 5 : explain SELECT k, c FROM sbtest5 WHERE k BETWEEN 7436497 AND 7436597
	-> Index range scan on sbtest5 using k_5 over (7436497 <= k <= 7436597), with index condition: (sbtest5.k between 7436497 and 7436597)  (cost=38.5 rows=85)


table 6 : explain SELECT k, c FROM sbtest6 WHERE k BETWEEN 7436497 AND 7436597
	-> Index range scan on sbtest6 using k_6 over (7436497 <= k <= 7436597), with index condition: (sbtest6.k between 7436497 and 7436597)  (cost=39.4 rows=87)


table 7 : explain SELECT k, c FROM sbtest7 WHERE k BETWEEN 7436497 AND 7436597
	-> Index range scan on sbtest7 using k_7 over (7436497 <= k <= 7436597), with index condition: (sbtest7.k between 7436497 and 7436597)  (cost=40.8 rows=90)


table 8 : explain SELECT k, c FROM sbtest8 WHERE k BETWEEN 7436497 AND 7436597
	-> Index range scan on sbtest8 using k_8 over (7436497 <= k <= 7436597), with index condition: (sbtest8.k between 7436497 and 7436597)  (cost=43 rows=95)


for range-notcovered
table 1 : explain SELECT k, c FROM sbtest1 WHERE k BETWEEN 6119662 AND 6119762
	-> Index range scan on sbtest1 using k_1 over (6119662 <= k <= 6119762), with index condition: (sbtest1.k between 6119662 and 6119762)  (cost=47.5 rows=105)


table 2 : explain SELECT k, c FROM sbtest2 WHERE k BETWEEN 6119662 AND 6119762
	-> Index range scan on sbtest2 using k_2 over (6119662 <= k <= 6119762), with index condition: (sbtest2.k between 6119662 and 6119762)  (cost=50.2 rows=111)


table 3 : explain SELECT k, c FROM sbtest3 WHERE k BETWEEN 6119662 AND 6119762
	-> Index range scan on sbtest3 using k_3 over (6119662 <= k <= 6119762), with index condition: (sbtest3.k between 6119662 and 6119762)  (cost=48 rows=106)


table 4 : explain SELECT k, c FROM sbtest4 WHERE k BETWEEN 6119662 AND 6119762
	-> Index range scan on sbtest4 using k_4 over (6119662 <= k <= 6119762), with index condition: (sbtest4.k between 6119662 and 6119762)  (cost=48 rows=106)


table 5 : explain SELECT k, c FROM sbtest5 WHERE k BETWEEN 6119662 AND 6119762
	-> Index range scan on sbtest5 using k_5 over (6119662 <= k <= 6119762), with index condition: (sbtest5.k between 6119662 and 6119762)  (cost=43 rows=95)


table 6 : explain SELECT k, c FROM sbtest6 WHERE k BETWEEN 6119662 AND 6119762
	-> Index range scan on sbtest6 using k_6 over (6119662 <= k <= 6119762), with index condition: (sbtest6.k between 6119662 and 6119762)  (cost=41.2 rows=91)


table 7 : explain SELECT k, c FROM sbtest7 WHERE k BETWEEN 6119662 AND 6119762
	-> Index range scan on sbtest7 using k_7 over (6119662 <= k <= 6119762), with index condition: (sbtest7.k between 6119662 and 6119762)  (cost=49.3 rows=109)


table 8 : explain SELECT k, c FROM sbtest8 WHERE k BETWEEN 6119662 AND 6119762
	-> Index range scan on sbtest8 using k_8 over (6119662 <= k <= 6119762), with index condition: (sbtest8.k between 6119662 and 6119762)  (cost=52.5 rows=116)


for range-notcovered
table 1 : explain SELECT k, c FROM sbtest1 WHERE k BETWEEN 4743222 AND 4743322
	-> Index range scan on sbtest1 using k_1 over (4743222 <= k <= 4743322), with index condition: (sbtest1.k between 4743222 and 4743322)  (cost=52.5 rows=116)


table 2 : explain SELECT k, c FROM sbtest2 WHERE k BETWEEN 4743222 AND 4743322
	-> Index range scan on sbtest2 using k_2 over (4743222 <= k <= 4743322), with index condition: (sbtest2.k between 4743222 and 4743322)  (cost=42.1 rows=93)


table 3 : explain SELECT k, c FROM sbtest3 WHERE k BETWEEN 4743222 AND 4743322
	-> Index range scan on sbtest3 using k_3 over (4743222 <= k <= 4743322), with index condition: (sbtest3.k between 4743222 and 4743322)  (cost=41.2 rows=91)


table 4 : explain SELECT k, c FROM sbtest4 WHERE k BETWEEN 4743222 AND 4743322
	-> Index range scan on sbtest4 using k_4 over (4743222 <= k <= 4743322), with index condition: (sbtest4.k between 4743222 and 4743322)  (cost=42.1 rows=93)


table 5 : explain SELECT k, c FROM sbtest5 WHERE k BETWEEN 4743222 AND 4743322
	-> Index range scan on sbtest5 using k_5 over (4743222 <= k <= 4743322), with index condition: (sbtest5.k between 4743222 and 4743322)  (cost=51.6 rows=114)


table 6 : explain SELECT k, c FROM sbtest6 WHERE k BETWEEN 4743222 AND 4743322
	-> Index range scan on sbtest6 using k_6 over (4743222 <= k <= 4743322), with index condition: (sbtest6.k between 4743222 and 4743322)  (cost=42.6 rows=94)


table 7 : explain SELECT k, c FROM sbtest7 WHERE k BETWEEN 4743222 AND 4743322
	-> Index range scan on sbtest7 using k_7 over (4743222 <= k <= 4743322), with index condition: (sbtest7.k between 4743222 and 4743322)  (cost=49.8 rows=110)


table 8 : explain SELECT k, c FROM sbtest8 WHERE k BETWEEN 4743222 AND 4743322
	-> Index range scan on sbtest8 using k_8 over (4743222 <= k <= 4743322), with index condition: (sbtest8.k between 4743222 and 4743322)  (cost=43 rows=95)

explain: for range-notcovered :: explain SELECT k, c FROM sbtest%d WHERE k BETWEEN 1773117 AND 1773217
explain: for range-notcovered :: explain SELECT k, c FROM sbtest%d WHERE k BETWEEN 2769307 AND 2769407
explain: for range-notcovered :: explain SELECT k, c FROM sbtest%d WHERE k BETWEEN 1703319 AND 1703419
for range-notcovered
table 1 : explain SELECT k, c FROM sbtest1 WHERE k BETWEEN 5415594 AND 5415694
	-> Index range scan on sbtest1 using k_1 over (5415594 <= k <= 5415694), with index condition: (sbtest1.k between 5415594 and 5415694)  (cost=45.3 rows=100)


table 2 : explain SELECT k, c FROM sbtest2 WHERE k BETWEEN 5415594 AND 5415694
	-> Index range scan on sbtest2 using k_2 over (5415594 <= k <= 5415694), with index condition: (sbtest2.k between 5415594 and 5415694)  (cost=50.7 rows=112)


table 3 : explain SELECT k, c FROM sbtest3 WHERE k BETWEEN 5415594 AND 5415694
	-> Index range scan on sbtest3 using k_3 over (5415594 <= k <= 5415694), with index condition: (sbtest3.k between 5415594 and 5415694)  (cost=39.4 rows=87)


table 4 : explain SELECT k, c FROM sbtest4 WHERE k BETWEEN 5415594 AND 5415694
	-> Index range scan on sbtest4 using k_4 over (5415594 <= k <= 5415694), with index condition: (sbtest4.k between 5415594 and 5415694)  (cost=40.3 rows=89)


table 5 : explain SELECT k, c FROM sbtest5 WHERE k BETWEEN 5415594 AND 5415694
	-> Index range scan on sbtest5 using k_5 over (5415594 <= k <= 5415694), with index condition: (sbtest5.k between 5415594 and 5415694)  (cost=46.2 rows=102)


table 6 : explain SELECT k, c FROM sbtest6 WHERE k BETWEEN 5415594 AND 5415694
	-> Index range scan on sbtest6 using k_6 over (5415594 <= k <= 5415694), with index condition: (sbtest6.k between 5415594 and 5415694)  (cost=50.2 rows=111)


table 7 : explain SELECT k, c FROM sbtest7 WHERE k BETWEEN 5415594 AND 5415694
	-> Index range scan on sbtest7 using k_7 over (5415594 <= k <= 5415694), with index condition: (sbtest7.k between 5415594 and 5415694)  (cost=45.7 rows=101)


table 8 : explain SELECT k, c FROM sbtest8 WHERE k BETWEEN 5415594 AND 5415694
	-> Index range scan on sbtest8 using k_8 over (5415594 <= k <= 5415694), with index condition: (sbtest8.k between 5415594 and 5415694)  (cost=46.6 rows=103)


for range-notcovered
table 1 : explain SELECT k, c FROM sbtest1 WHERE k BETWEEN 6624859 AND 6624959
	-> Index range scan on sbtest1 using k_1 over (6624859 <= k <= 6624959), with index condition: (sbtest1.k between 6624859 and 6624959)  (cost=50.7 rows=112)


table 2 : explain SELECT k, c FROM sbtest2 WHERE k BETWEEN 6624859 AND 6624959
	-> Index range scan on sbtest2 using k_2 over (6624859 <= k <= 6624959), with index condition: (sbtest2.k between 6624859 and 6624959)  (cost=44.4 rows=98)


table 3 : explain SELECT k, c FROM sbtest3 WHERE k BETWEEN 6624859 AND 6624959
	-> Index range scan on sbtest3 using k_3 over (6624859 <= k <= 6624959), with index condition: (sbtest3.k between 6624859 and 6624959)  (cost=47.5 rows=105)


table 4 : explain SELECT k, c FROM sbtest4 WHERE k BETWEEN 6624859 AND 6624959
	-> Index range scan on sbtest4 using k_4 over (6624859 <= k <= 6624959), with index condition: (sbtest4.k between 6624859 and 6624959)  (cost=40.8 rows=90)


table 5 : explain SELECT k, c FROM sbtest5 WHERE k BETWEEN 6624859 AND 6624959
	-> Index range scan on sbtest5 using k_5 over (6624859 <= k <= 6624959), with index condition: (sbtest5.k between 6624859 and 6624959)  (cost=37.6 rows=83)


table 6 : explain SELECT k, c FROM sbtest6 WHERE k BETWEEN 6624859 AND 6624959
	-> Index range scan on sbtest6 using k_6 over (6624859 <= k <= 6624959), with index condition: (sbtest6.k between 6624859 and 6624959)  (cost=50.2 rows=111)


table 7 : explain SELECT k, c FROM sbtest7 WHERE k BETWEEN 6624859 AND 6624959
	-> Index range scan on sbtest7 using k_7 over (6624859 <= k <= 6624959), with index condition: (sbtest7.k between 6624859 and 6624959)  (cost=41.7 rows=92)


table 8 : explain SELECT k, c FROM sbtest8 WHERE k BETWEEN 6624859 AND 6624959
	-> Index range scan on sbtest8 using k_8 over (6624859 <= k <= 6624959), with index condition: (sbtest8.k between 6624859 and 6624959)  (cost=48 rows=106)


explain: for range-notcovered :: explain SELECT k, c FROM sbtest%d WHERE k BETWEEN 4296884 AND 4296984
explain: for range-notcovered :: explain SELECT k, c FROM sbtest%d WHERE k BETWEEN 2925054 AND 2925154
for range-notcovered
table 1 : explain SELECT k, c FROM sbtest1 WHERE k BETWEEN 6448479 AND 6448579
	-> Index range scan on sbtest1 using k_1 over (6448479 <= k <= 6448579), with index condition: (sbtest1.k between 6448479 and 6448579)  (cost=49.3 rows=109)


table 2 : explain SELECT k, c FROM sbtest2 WHERE k BETWEEN 6448479 AND 6448579
	-> Index range scan on sbtest2 using k_2 over (6448479 <= k <= 6448579), with index condition: (sbtest2.k between 6448479 and 6448579)  (cost=45.7 rows=101)


table 3 : explain SELECT k, c FROM sbtest3 WHERE k BETWEEN 6448479 AND 6448579
	-> Index range scan on sbtest3 using k_3 over (6448479 <= k <= 6448579), with index condition: (sbtest3.k between 6448479 and 6448579)  (cost=58.8 rows=130)


table 4 : explain SELECT k, c FROM sbtest4 WHERE k BETWEEN 6448479 AND 6448579
	-> Index range scan on sbtest4 using k_4 over (6448479 <= k <= 6448579), with index condition: (sbtest4.k between 6448479 and 6448579)  (cost=52.9 rows=117)


table 5 : explain SELECT k, c FROM sbtest5 WHERE k BETWEEN 6448479 AND 6448579
	-> Index range scan on sbtest5 using k_5 over (6448479 <= k <= 6448579), with index condition: (sbtest5.k between 6448479 and 6448579)  (cost=39.9 rows=88)


table 6 : explain SELECT k, c FROM sbtest6 WHERE k BETWEEN 6448479 AND 6448579
	-> Index range scan on sbtest6 using k_6 over (6448479 <= k <= 6448579), with index condition: (sbtest6.k between 6448479 and 6448579)  (cost=53.4 rows=118)


table 7 : explain SELECT k, c FROM sbtest7 WHERE k BETWEEN 6448479 AND 6448579
	-> Index range scan on sbtest7 using k_7 over (6448479 <= k <= 6448579), with index condition: (sbtest7.k between 6448479 and 6448579)  (cost=37.6 rows=83)


table 8 : explain SELECT k, c FROM sbtest8 WHERE k BETWEEN 6448479 AND 6448579
	-> Index range scan on sbtest8 using k_8 over (6448479 <= k <= 6448579), with index condition: (sbtest8.k between 6448479 and 6448579)  (cost=40.3 rows=89)


explain: for range-notcovered :: explain SELECT k, c FROM sbtest%d WHERE k BETWEEN 6652235 AND 6652335
for range-notcovered
table 1 : explain SELECT k, c FROM sbtest1 WHERE k BETWEEN 4579692 AND 4579792
	-> Index range scan on sbtest1 using k_1 over (4579692 <= k <= 4579792), with index condition: (sbtest1.k between 4579692 and 4579792)  (cost=40.3 rows=89)


table 2 : explain SELECT k, c FROM sbtest2 WHERE k BETWEEN 4579692 AND 4579792
	-> Index range scan on sbtest2 using k_2 over (4579692 <= k <= 4579792), with index condition: (sbtest2.k between 4579692 and 4579792)  (cost=45.3 rows=100)


table 3 : explain SELECT k, c FROM sbtest3 WHERE k BETWEEN 4579692 AND 4579792
	-> Index range scan on sbtest3 using k_3 over (4579692 <= k <= 4579792), with index condition: (sbtest3.k between 4579692 and 4579792)  (cost=44.4 rows=98)


table 4 : explain SELECT k, c FROM sbtest4 WHERE k BETWEEN 4579692 AND 4579792
	-> Index range scan on sbtest4 using k_4 over (4579692 <= k <= 4579792), with index condition: (sbtest4.k between 4579692 and 4579792)  (cost=46.6 rows=103)


table 5 : explain SELECT k, c FROM sbtest5 WHERE k BETWEEN 4579692 AND 4579792
	-> Index range scan on sbtest5 using k_5 over (4579692 <= k <= 4579792), with index condition: (sbtest5.k between 4579692 and 4579792)  (cost=50.2 rows=111)


table 6 : explain SELECT k, c FROM sbtest6 WHERE k BETWEEN 4579692 AND 4579792
	-> Index range scan on sbtest6 using k_6 over (4579692 <= k <= 4579792), with index condition: (sbtest6.k between 4579692 and 4579792)  (cost=45.3 rows=100)


table 7 : explain SELECT k, c FROM sbtest7 WHERE k BETWEEN 4579692 AND 4579792
	-> Index range scan on sbtest7 using k_7 over (4579692 <= k <= 4579792), with index condition: (sbtest7.k between 4579692 and 4579792)  (cost=47.5 rows=105)


table 8 : explain SELECT k, c FROM sbtest8 WHERE k BETWEEN 4579692 AND 4579792
	-> Index range scan on sbtest8 using k_8 over (4579692 <= k <= 4579792), with index condition: (sbtest8.k between 4579692 and 4579792)  (cost=46.2 rows=102)


for range-notcovered
table 1 : explain SELECT k, c FROM sbtest1 WHERE k BETWEEN 5674711 AND 5674811
	-> Index range scan on sbtest1 using k_1 over (5674711 <= k <= 5674811), with index condition: (sbtest1.k between 5674711 and 5674811)  (cost=40.8 rows=90)


table 2 : explain SELECT k, c FROM sbtest2 WHERE k BETWEEN 5674711 AND 5674811
	-> Index range scan on sbtest2 using k_2 over (5674711 <= k <= 5674811), with index condition: (sbtest2.k between 5674711 and 5674811)  (cost=41.2 rows=91)


table 3 : explain SELECT k, c FROM sbtest3 WHERE k BETWEEN 5674711 AND 5674811
	-> Index range scan on sbtest3 using k_3 over (5674711 <= k <= 5674811), with index condition: (sbtest3.k between 5674711 and 5674811)  (cost=48 rows=106)


table 4 : explain SELECT k, c FROM sbtest4 WHERE k BETWEEN 5674711 AND 5674811
	-> Index range scan on sbtest4 using k_4 over (5674711 <= k <= 5674811), with index condition: (sbtest4.k between 5674711 and 5674811)  (cost=52 rows=115)


table 5 : explain SELECT k, c FROM sbtest5 WHERE k BETWEEN 5674711 AND 5674811
	-> Index range scan on sbtest5 using k_5 over (5674711 <= k <= 5674811), with index condition: (sbtest5.k between 5674711 and 5674811)  (cost=54.7 rows=121)


table 6 : explain SELECT k, c FROM sbtest6 WHERE k BETWEEN 5674711 AND 5674811
	-> Index range scan on sbtest6 using k_6 over (5674711 <= k <= 5674811), with index condition: (sbtest6.k between 5674711 and 5674811)  (cost=47.1 rows=104)


table 7 : explain SELECT k, c FROM sbtest7 WHERE k BETWEEN 5674711 AND 5674811
	-> Index range scan on sbtest7 using k_7 over (5674711 <= k <= 5674811), with index condition: (sbtest7.k between 5674711 and 5674811)  (cost=43 rows=95)


table 8 : explain SELECT k, c FROM sbtest8 WHERE k BETWEEN 5674711 AND 5674811
	-> Index range scan on sbtest8 using k_8 over (5674711 <= k <= 5674811), with index condition: (sbtest8.k between 5674711 and 5674811)  (cost=51.1 rows=113)


explain: for range-notcovered :: explain SELECT k, c FROM sbtest%d WHERE k BETWEEN 5415594 AND 5415694for range-notcovered
table 1 : explain SELECT k, c FROM sbtest1 WHERE k BETWEEN 4132964 AND 4133064
	-> Index range scan on sbtest1 using k_1 over (4132964 <= k <= 4133064), with index condition: (sbtest1.k between 4132964 and 4133064)  (cost=43.5 rows=96)


table 2 : explain SELECT k, c FROM sbtest2 WHERE k BETWEEN 4132964 AND 4133064
	-> Index range scan on sbtest2 using k_2 over (4132964 <= k <= 4133064), with index condition: (sbtest2.k between 4132964 and 4133064)  (cost=40.8 rows=90)


table 3 : explain SELECT k, c FROM sbtest3 WHERE k BETWEEN 4132964 AND 4133064
	-> Index range scan on sbtest3 using k_3 over (4132964 <= k <= 4133064), with index condition: (sbtest3.k between 4132964 and 4133064)  (cost=45.7 rows=101)


table 4 : explain SELECT k, c FROM sbtest4 WHERE k BETWEEN 4132964 AND 4133064
	-> Index range scan on sbtest4 using k_4 over (4132964 <= k <= 4133064), with index condition: (sbtest4.k between 4132964 and 4133064)  (cost=44.8 rows=99)


table 5 : explain SELECT k, c FROM sbtest5 WHERE k BETWEEN 4132964 AND 4133064
	-> Index range scan on sbtest5 using k_5 over (4132964 <= k <= 4133064), with index condition: (sbtest5.k between 4132964 and 4133064)  (cost=45.7 rows=101)


table 6 : explain SELECT k, c FROM sbtest6 WHERE k BETWEEN 4132964 AND 4133064
	-> Index range scan on sbtest6 using k_6 over (4132964 <= k <= 4133064), with index condition: (sbtest6.k between 4132964 and 4133064)  (cost=43.5 rows=96)


table 7 : explain SELECT k, c FROM sbtest7 WHERE k BETWEEN 4132964 AND 4133064
	-> Index range scan on sbtest7 using k_7 over (4132964 <= k <= 4133064), with index condition: (sbtest7.k between 4132964 and 4133064)  (cost=51.6 rows=114)


table 8 : explain SELECT k, c FROM sbtest8 WHERE k BETWEEN 4132964 AND 4133064
	-> Index range scan on sbtest8 using k_8 over (4132964 <= k <= 4133064), with index condition: (sbtest8.k between 4132964 and 4133064)  (cost=38.5 rows=85)



explain: for range-notcovered :: explain SELECT k, c FROM sbtest%d WHERE k BETWEEN 7513703 AND 7513803
for range-notcovered
table 1 : explain SELECT k, c FROM sbtest1 WHERE k BETWEEN 4485144 AND 4485244
	-> Index range scan on sbtest1 using k_1 over (4485144 <= k <= 4485244), with index condition: (sbtest1.k between 4485144 and 4485244)  (cost=49.8 rows=110)


table 2 : explain SELECT k, c FROM sbtest2 WHERE k BETWEEN 4485144 AND 4485244
	-> Index range scan on sbtest2 using k_2 over (4485144 <= k <= 4485244), with index condition: (sbtest2.k between 4485144 and 4485244)  (cost=42.6 rows=94)


table 3 : explain SELECT k, c FROM sbtest3 WHERE k BETWEEN 4485144 AND 4485244
	-> Index range scan on sbtest3 using k_3 over (4485144 <= k <= 4485244), with index condition: (sbtest3.k between 4485144 and 4485244)  (cost=49.8 rows=110)


table 4 : explain SELECT k, c FROM sbtest4 WHERE k BETWEEN 4485144 AND 4485244
	-> Index range scan on sbtest4 using k_4 over (4485144 <= k <= 4485244), with index condition: (sbtest4.k between 4485144 and 4485244)  (cost=38.1 rows=84)


table 5 : explain SELECT k, c FROM sbtest5 WHERE k BETWEEN 4485144 AND 4485244
	-> Index range scan on sbtest5 using k_5 over (4485144 <= k <= 4485244), with index condition: (sbtest5.k between 4485144 and 4485244)  (cost=53.4 rows=118)


table 6 : explain SELECT k, c FROM sbtest6 WHERE k BETWEEN 4485144 AND 4485244
	-> Index range scan on sbtest6 using k_6 over (4485144 <= k <= 4485244), with index condition: (sbtest6.k between 4485144 and 4485244)  (cost=48 rows=106)


table 7 : explain SELECT k, c FROM sbtest7 WHERE k BETWEEN 4485144 AND 4485244
	-> Index range scan on sbtest7 using k_7 over (4485144 <= k <= 4485244), with index condition: (sbtest7.k between 4485144 and 4485244)  (cost=42.6 rows=94)


table 8 : explain SELECT k, c FROM sbtest8 WHERE k BETWEEN 4485144 AND 4485244
	-> Index range scan on sbtest8 using k_8 over (4485144 <= k <= 4485244), with index condition: (sbtest8.k between 4485144 and 4485244)  (cost=46.2 rows=102)


explain: for range-notcovered :: explain SELECT k, c FROM sbtest%d WHERE k BETWEEN 4579692 AND 4579792
for range-notcovered
table 1 : explain SELECT k, c FROM sbtest1 WHERE k BETWEEN 5852949 AND 5853049
	-> Index range scan on sbtest1 using k_1 over (5852949 <= k <= 5853049), with index condition: (sbtest1.k between 5852949 and 5853049)  (cost=45.7 rows=101)


table 2 : explain SELECT k, c FROM sbtest2 WHERE k BETWEEN 5852949 AND 5853049
	-> Index range scan on sbtest2 using k_2 over (5852949 <= k <= 5853049), with index condition: (sbtest2.k between 5852949 and 5853049)  (cost=39 rows=86)


table 3 : explain SELECT k, c FROM sbtest3 WHERE k BETWEEN 5852949 AND 5853049
	-> Index range scan on sbtest3 using k_3 over (5852949 <= k <= 5853049), with index condition: (sbtest3.k between 5852949 and 5853049)  (cost=43.5 rows=96)


table 4 : explain SELECT k, c FROM sbtest4 WHERE k BETWEEN 5852949 AND 5853049
	-> Index range scan on sbtest4 using k_4 over (5852949 <= k <= 5853049), with index condition: (sbtest4.k between 5852949 and 5853049)  (cost=50.7 rows=112)


table 5 : explain SELECT k, c FROM sbtest5 WHERE k BETWEEN 5852949 AND 5853049
	-> Index range scan on sbtest5 using k_5 over (5852949 <= k <= 5853049), with index condition: (sbtest5.k between 5852949 and 5853049)  (cost=48.9 rows=108)


table 6 : explain SELECT k, c FROM sbtest6 WHERE k BETWEEN 5852949 AND 5853049
	-> Index range scan on sbtest6 using k_6 over (5852949 <= k <= 5853049), with index condition: (sbtest6.k between 5852949 and 5853049)  (cost=36.7 rows=81)


table 7 : explain SELECT k, c FROM sbtest7 WHERE k BETWEEN 5852949 AND 5853049
	-> Index range scan on sbtest7 using k_7 over (5852949 <= k <= 5853049), with index condition: (sbtest7.k between 5852949 and 5853049)  (cost=44.8 rows=99)


table 8 : explain SELECT k, c FROM sbtest8 WHERE k BETWEEN 5852949 AND 5853049
	-> Index range scan on sbtest8 using k_8 over (5852949 <= k <= 5853049), with index condition: (sbtest8.k between 5852949 and 5853049)  (cost=39.9 rows=88)

explain: for range-notcovered :: explain SELECT k, c FROM sbtest%d WHERE k BETWEEN 5674711 AND 5674811for range-notcovered
table 1 : explain SELECT k, c FROM sbtest1 WHERE k BETWEEN 6357521 AND 6357621
	-> Index range scan on sbtest1 using k_1 over (6357521 <= k <= 6357621), with index condition: (sbtest1.k between 6357521 and 6357621)  (cost=52.5 rows=116)


table 2 : explain SELECT k, c FROM sbtest2 WHERE k BETWEEN 6357521 AND 6357621
	-> Index range scan on sbtest2 using k_2 over (6357521 <= k <= 6357621), with index condition: (sbtest2.k between 6357521 and 6357621)  (cost=43.5 rows=96)


table 3 : explain SELECT k, c FROM sbtest3 WHERE k BETWEEN 6357521 AND 6357621
	-> Index range scan on sbtest3 using k_3 over (6357521 <= k <= 6357621), with index condition: (sbtest3.k between 6357521 and 6357621)  (cost=45.7 rows=101)


table 4 : explain SELECT k, c FROM sbtest4 WHERE k BETWEEN 6357521 AND 6357621
	-> Index range scan on sbtest4 using k_4 over (6357521 <= k <= 6357621), with index condition: (sbtest4.k between 6357521 and 6357621)  (cost=43 rows=95)


table 5 : explain SELECT k, c FROM sbtest5 WHERE k BETWEEN 6357521 AND 6357621
	-> Index range scan on sbtest5 using k_5 over (6357521 <= k <= 6357621), with index condition: (sbtest5.k between 6357521 and 6357621)  (cost=49.8 rows=110)


table 6 : explain SELECT k, c FROM sbtest6 WHERE k BETWEEN 6357521 AND 6357621
	-> Index range scan on sbtest6 using k_6 over (6357521 <= k <= 6357621), with index condition: (sbtest6.k between 6357521 and 6357621)  (cost=41.7 rows=92)


table 7 : explain SELECT k, c FROM sbtest7 WHERE k BETWEEN 6357521 AND 6357621
	-> Index range scan on sbtest7 using k_7 over (6357521 <= k <= 6357621), with index condition: (sbtest7.k between 6357521 and 6357621)  (cost=48 rows=106)


table 8 : explain SELECT k, c FROM sbtest8 WHERE k BETWEEN 6357521 AND 6357621
	-> Index range scan on sbtest8 using k_8 over (6357521 <= k <= 6357621), with index condition: (sbtest8.k between 6357521 and 6357621)  (cost=40.3 rows=89)


for range-notcovered
table 1 : explain SELECT k, c FROM sbtest1 WHERE k BETWEEN 6706397 AND 6706497
	-> Index range scan on sbtest1 using k_1 over (6706397 <= k <= 6706497), with index condition: (sbtest1.k between 6706397 and 6706497)  (cost=51.1 rows=113)


table 2 : explain SELECT k, c FROM sbtest2 WHERE k BETWEEN 6706397 AND 6706497
	-> Index range scan on sbtest2 using k_2 over (6706397 <= k <= 6706497), with index condition: (sbtest2.k between 6706397 and 6706497)  (cost=47.1 rows=104)


table 3 : explain SELECT k, c FROM sbtest3 WHERE k BETWEEN 6706397 AND 6706497
	-> Index range scan on sbtest3 using k_3 over (6706397 <= k <= 6706497), with index condition: (sbtest3.k between 6706397 and 6706497)  (cost=49.8 rows=110)


table 4 : explain SELECT k, c FROM sbtest4 WHERE k BETWEEN 6706397 AND 6706497
	-> Index range scan on sbtest4 using k_4 over (6706397 <= k <= 6706497), with index condition: (sbtest4.k between 6706397 and 6706497)  (cost=40.3 rows=89)


table 5 : explain SELECT k, c FROM sbtest5 WHERE k BETWEEN 6706397 AND 6706497
	-> Index range scan on sbtest5 using k_5 over (6706397 <= k <= 6706497), with index condition: (sbtest5.k between 6706397 and 6706497)  (cost=44.4 rows=98)


table 6 : explain SELECT k, c FROM sbtest6 WHERE k BETWEEN 6706397 AND 6706497
	-> Index range scan on sbtest6 using k_6 over (6706397 <= k <= 6706497), with index condition: (sbtest6.k between 6706397 and 6706497)  (cost=43 rows=95)


table 7 : explain SELECT k, c FROM sbtest7 WHERE k BETWEEN 6706397 AND 6706497
	-> Index range scan on sbtest7 using k_7 over (6706397 <= k <= 6706497), with index condition: (sbtest7.k between 6706397 and 6706497)  (cost=53.4 rows=118)


table 8 : explain SELECT k, c FROM sbtest8 WHERE k BETWEEN 6706397 AND 6706497
	-> Index range scan on sbtest8 using k_8 over (6706397 <= k <= 6706497), with index condition: (sbtest8.k between 6706397 and 6706497)  (cost=48 rows=106)

explain: for range-notcovered :: explain SELECT k, c FROM sbtest%d WHERE k BETWEEN 4743222 AND 4743322explain: for range-notcovered :: explain SELECT k, c FROM sbtest%d WHERE k BETWEEN 6624859 AND 6624959
for range-notcovered
table 1 : explain SELECT k, c FROM sbtest1 WHERE k BETWEEN 4587498 AND 4587598
	-> Index range scan on sbtest1 using k_1 over (4587498 <= k <= 4587598), with index condition: (sbtest1.k between 4587498 and 4587598)  (cost=42.1 rows=93)


table 2 : explain SELECT k, c FROM sbtest2 WHERE k BETWEEN 4587498 AND 4587598
	-> Index range scan on sbtest2 using k_2 over (4587498 <= k <= 4587598), with index condition: (sbtest2.k between 4587498 and 4587598)  (cost=47.5 rows=105)


table 3 : explain SELECT k, c FROM sbtest3 WHERE k BETWEEN 4587498 AND 4587598
	-> Index range scan on sbtest3 using k_3 over (4587498 <= k <= 4587598), with index condition: (sbtest3.k between 4587498 and 4587598)  (cost=39.9 rows=88)


table 4 : explain SELECT k, c FROM sbtest4 WHERE k BETWEEN 4587498 AND 4587598
	-> Index range scan on sbtest4 using k_4 over (4587498 <= k <= 4587598), with index condition: (sbtest4.k between 4587498 and 4587598)  (cost=39.4 rows=87)


table 5 : explain SELECT k, c FROM sbtest5 WHERE k BETWEEN 4587498 AND 4587598
	-> Index range scan on sbtest5 using k_5 over (4587498 <= k <= 4587598), with index condition: (sbtest5.k between 4587498 and 4587598)  (cost=55.2 rows=122)


table 6 : explain SELECT k, c FROM sbtest6 WHERE k BETWEEN 4587498 AND 4587598
	-> Index range scan on sbtest6 using k_6 over (4587498 <= k <= 4587598), with index condition: (sbtest6.k between 4587498 and 4587598)  (cost=48.9 rows=108)


table 7 : explain SELECT k, c FROM sbtest7 WHERE k BETWEEN 4587498 AND 4587598
	-> Index range scan on sbtest7 using k_7 over (4587498 <= k <= 4587598), with index condition: (sbtest7.k between 4587498 and 4587598)  (cost=54.3 rows=120)


table 8 : explain SELECT k, c FROM sbtest8 WHERE k BETWEEN 4587498 AND 4587598
	-> Index range scan on sbtest8 using k_8 over (4587498 <= k <= 4587598), with index condition: (sbtest8.k between 4587498 and 4587598)  (cost=51.6 rows=114)


for range-notcovered
table 1 : explain SELECT k, c FROM sbtest1 WHERE k BETWEEN 4742653 AND 4742753
	-> Index range scan on sbtest1 using k_1 over (4742653 <= k <= 4742753), with index condition: (sbtest1.k between 4742653 and 4742753)  (cost=46.2 rows=102)


table 2 : explain SELECT k, c FROM sbtest2 WHERE k BETWEEN 4742653 AND 4742753
	-> Index range scan on sbtest2 using k_2 over (4742653 <= k <= 4742753), with index condition: (sbtest2.k between 4742653 and 4742753)  (cost=44.8 rows=99)


table 3 : explain SELECT k, c FROM sbtest3 WHERE k BETWEEN 4742653 AND 4742753
	-> Index range scan on sbtest3 using k_3 over (4742653 <= k <= 4742753), with index condition: (sbtest3.k between 4742653 and 4742753)  (cost=37.6 rows=83)


table 4 : explain SELECT k, c FROM sbtest4 WHERE k BETWEEN 4742653 AND 4742753
	-> Index range scan on sbtest4 using k_4 over (4742653 <= k <= 4742753), with index condition: (sbtest4.k between 4742653 and 4742753)  (cost=39.9 rows=88)


table 5 : explain SELECT k, c FROM sbtest5 WHERE k BETWEEN 4742653 AND 4742753
	-> Index range scan on sbtest5 using k_5 over (4742653 <= k <= 4742753), with index condition: (sbtest5.k between 4742653 and 4742753)  (cost=55.2 rows=122)


table 6 : explain SELECT k, c FROM sbtest6 WHERE k BETWEEN 4742653 AND 4742753
	-> Index range scan on sbtest6 using k_6 over (4742653 <= k <= 4742753), with index condition: (sbtest6.k between 4742653 and 4742753)  (cost=44.4 rows=98)


table 7 : explain SELECT k, c FROM sbtest7 WHERE k BETWEEN 4742653 AND 4742753
	-> Index range scan on sbtest7 using k_7 over (4742653 <= k <= 4742753), with index condition: (sbtest7.k between 4742653 and 4742753)  (cost=43.9 rows=97)


table 8 : explain SELECT k, c FROM sbtest8 WHERE k BETWEEN 4742653 AND 4742753
	-> Index range scan on sbtest8 using k_8 over (4742653 <= k <= 4742753), with index condition: (sbtest8.k between 4742653 and 4742753)  (cost=43.9 rows=97)


explain: for range-notcovered :: explain SELECT k, c FROM sbtest%d WHERE k BETWEEN 6448479 AND 6448579
for range-notcovered
table 1 : explain SELECT k, c FROM sbtest1 WHERE k BETWEEN 5968466 AND 5968566
	-> Index range scan on sbtest1 using k_1 over (5968466 <= k <= 5968566), with index condition: (sbtest1.k between 5968466 and 5968566)  (cost=39.4 rows=87)


table 2 : explain SELECT k, c FROM sbtest2 WHERE k BETWEEN 5968466 AND 5968566
	-> Index range scan on sbtest2 using k_2 over (5968466 <= k <= 5968566), with index condition: (sbtest2.k between 5968466 and 5968566)  (cost=43.5 rows=96)


table 3 : explain SELECT k, c FROM sbtest3 WHERE k BETWEEN 5968466 AND 5968566
	-> Index range scan on sbtest3 using k_3 over (5968466 <= k <= 5968566), with index condition: (sbtest3.k between 5968466 and 5968566)  (cost=52.5 rows=116)


table 4 : explain SELECT k, c FROM sbtest4 WHERE k BETWEEN 5968466 AND 5968566
	-> Index range scan on sbtest4 using k_4 over (5968466 <= k <= 5968566), with index condition: (sbtest4.k between 5968466 and 5968566)  (cost=58.3 rows=129)


table 5 : explain SELECT k, c FROM sbtest5 WHERE k BETWEEN 5968466 AND 5968566
	-> Index range scan on sbtest5 using k_5 over (5968466 <= k <= 5968566), with index condition: (sbtest5.k between 5968466 and 5968566)  (cost=42.1 rows=93)


table 6 : explain SELECT k, c FROM sbtest6 WHERE k BETWEEN 5968466 AND 5968566
	-> Index range scan on sbtest6 using k_6 over (5968466 <= k <= 5968566), with index condition: (sbtest6.k between 5968466 and 5968566)  (cost=39 rows=86)


table 7 : explain SELECT k, c FROM sbtest7 WHERE k BETWEEN 5968466 AND 5968566
	-> Index range scan on sbtest7 using k_7 over (5968466 <= k <= 5968566), with index condition: (sbtest7.k between 5968466 and 5968566)  (cost=49.3 rows=109)


table 8 : explain SELECT k, c FROM sbtest8 WHERE k BETWEEN 5968466 AND 5968566
	-> Index range scan on sbtest8 using k_8 over (5968466 <= k <= 5968566), with index condition: (sbtest8.k between 5968466 and 5968566)  (cost=42.6 rows=94)



explain: for range-notcovered :: explain SELECT k, c FROM sbtest%d WHERE k BETWEEN 6119662 AND 6119762for range-notcovered
table 1 : explain SELECT k, c FROM sbtest1 WHERE k BETWEEN 4037229 AND 4037329
	-> Index range scan on sbtest1 using k_1 over (4037229 <= k <= 4037329), with index condition: (sbtest1.k between 4037229 and 4037329)  (cost=41.7 rows=92)


table 2 : explain SELECT k, c FROM sbtest2 WHERE k BETWEEN 4037229 AND 4037329
	-> Index range scan on sbtest2 using k_2 over (4037229 <= k <= 4037329), with index condition: (sbtest2.k between 4037229 and 4037329)  (cost=47.5 rows=105)


table 3 : explain SELECT k, c FROM sbtest3 WHERE k BETWEEN 4037229 AND 4037329
	-> Index range scan on sbtest3 using k_3 over (4037229 <= k <= 4037329), with index condition: (sbtest3.k between 4037229 and 4037329)  (cost=46.2 rows=102)


table 4 : explain SELECT k, c FROM sbtest4 WHERE k BETWEEN 4037229 AND 4037329
	-> Index range scan on sbtest4 using k_4 over (4037229 <= k <= 4037329), with index condition: (sbtest4.k between 4037229 and 4037329)  (cost=42.1 rows=93)


table 5 : explain SELECT k, c FROM sbtest5 WHERE k BETWEEN 4037229 AND 4037329
	-> Index range scan on sbtest5 using k_5 over (4037229 <= k <= 4037329), with index condition: (sbtest5.k between 4037229 and 4037329)  (cost=42.6 rows=94)


table 6 : explain SELECT k, c FROM sbtest6 WHERE k BETWEEN 4037229 AND 4037329
	-> Index range scan on sbtest6 using k_6 over (4037229 <= k <= 4037329), with index condition: (sbtest6.k between 4037229 and 4037329)  (cost=37.6 rows=83)


table 7 : explain SELECT k, c FROM sbtest7 WHERE k BETWEEN 4037229 AND 4037329
	-> Index range scan on sbtest7 using k_7 over (4037229 <= k <= 4037329), with index condition: (sbtest7.k between 4037229 and 4037329)  (cost=34.9 rows=77)


table 8 : explain SELECT k, c FROM sbtest8 WHERE k BETWEEN 4037229 AND 4037329
	-> Index range scan on sbtest8 using k_8 over (4037229 <= k <= 4037329), with index condition: (sbtest8.k between 4037229 and 4037329)  (cost=48 rows=106)


explain: for range-notcovered :: explain SELECT k, c FROM sbtest%d WHERE k BETWEEN 4132964 AND 4133064
explain: for range-notcovered :: explain SELECT k, c FROM sbtest%d WHERE k BETWEEN 4587498 AND 4587598
explain: for range-notcovered :: explain SELECT k, c FROM sbtest%d WHERE k BETWEEN 2605401 AND 2605501


explain: for range-notcovered :: explain SELECT k, c FROM sbtest%d WHERE k BETWEEN 4742653 AND 4742753
explain: for range-notcovered :: explain SELECT k, c FROM sbtest%d WHERE k BETWEEN 5968466 AND 5968566
for range-notcovered
table 1 : explain SELECT k, c FROM sbtest1 WHERE k BETWEEN 6684560 AND 6684660
	-> Index range scan on sbtest1 using k_1 over (6684560 <= k <= 6684660), with index condition: (sbtest1.k between 6684560 and 6684660)  (cost=46.6 rows=103)


table 2 : explain SELECT k, c FROM sbtest2 WHERE k BETWEEN 6684560 AND 6684660
	-> Index range scan on sbtest2 using k_2 over (6684560 <= k <= 6684660), with index condition: (sbtest2.k between 6684560 and 6684660)  (cost=42.6 rows=94)


table 3 : explain SELECT k, c FROM sbtest3 WHERE k BETWEEN 6684560 AND 6684660
	-> Index range scan on sbtest3 using k_3 over (6684560 <= k <= 6684660), with index condition: (sbtest3.k between 6684560 and 6684660)  (cost=48.4 rows=107)


table 4 : explain SELECT k, c FROM sbtest4 WHERE k BETWEEN 6684560 AND 6684660
	-> Index range scan on sbtest4 using k_4 over (6684560 <= k <= 6684660), with index condition: (sbtest4.k between 6684560 and 6684660)  (cost=41.2 rows=91)


table 5 : explain SELECT k, c FROM sbtest5 WHERE k BETWEEN 6684560 AND 6684660
	-> Index range scan on sbtest5 using k_5 over (6684560 <= k <= 6684660), with index condition: (sbtest5.k between 6684560 and 6684660)  (cost=48.4 rows=107)


table 6 : explain SELECT k, c FROM sbtest6 WHERE k BETWEEN 6684560 AND 6684660
	-> Index range scan on sbtest6 using k_6 over (6684560 <= k <= 6684660), with index condition: (sbtest6.k between 6684560 and 6684660)  (cost=43.9 rows=97)


table 7 : explain SELECT k, c FROM sbtest7 WHERE k BETWEEN 6684560 AND 6684660
	-> Index range scan on sbtest7 using k_7 over (6684560 <= k <= 6684660), with index condition: (sbtest7.k between 6684560 and 6684660)  (cost=44.8 rows=99)


table 8 : explain SELECT k, c FROM sbtest8 WHERE k BETWEEN 6684560 AND 6684660
	-> Index range scan on sbtest8 using k_8 over (6684560 <= k <= 6684660), with index condition: (sbtest8.k between 6684560 and 6684660)  (cost=48.4 rows=107)


explain: for range-notcovered :: explain SELECT k, c FROM sbtest%d WHERE k BETWEEN 4485144 AND 4485244
for range-notcovered
table 1 : explain SELECT k, c FROM sbtest1 WHERE k BETWEEN 3025489 AND 3025589
	-> Index range scan on sbtest1 using k_1 over (3025489 <= k <= 3025589), with index condition: (sbtest1.k between 3025489 and 3025589)  (cost=43.5 rows=96)


table 2 : explain SELECT k, c FROM sbtest2 WHERE k BETWEEN 3025489 AND 3025589
	-> Index range scan on sbtest2 using k_2 over (3025489 <= k <= 3025589), with index condition: (sbtest2.k between 3025489 and 3025589)  (cost=51.1 rows=113)


table 3 : explain SELECT k, c FROM sbtest3 WHERE k BETWEEN 3025489 AND 3025589
	-> Index range scan on sbtest3 using k_3 over (3025489 <= k <= 3025589), with index condition: (sbtest3.k between 3025489 and 3025589)  (cost=34.5 rows=76)


table 4 : explain SELECT k, c FROM sbtest4 WHERE k BETWEEN 3025489 AND 3025589
	-> Index range scan on sbtest4 using k_4 over (3025489 <= k <= 3025589), with index condition: (sbtest4.k between 3025489 and 3025589)  (cost=50.2 rows=111)


table 5 : explain SELECT k, c FROM sbtest5 WHERE k BETWEEN 3025489 AND 3025589
	-> Index range scan on sbtest5 using k_5 over (3025489 <= k <= 3025589), with index condition: (sbtest5.k between 3025489 and 3025589)  (cost=43 rows=95)


table 6 : explain SELECT k, c FROM sbtest6 WHERE k BETWEEN 3025489 AND 3025589
	-> Index range scan on sbtest6 using k_6 over (3025489 <= k <= 3025589), with index condition: (sbtest6.k between 3025489 and 3025589)  (cost=39.9 rows=88)


table 7 : explain SELECT k, c FROM sbtest7 WHERE k BETWEEN 3025489 AND 3025589
	-> Index range scan on sbtest7 using k_7 over (3025489 <= k <= 3025589), with index condition: (sbtest7.k between 3025489 and 3025589)  (cost=45.7 rows=101)


table 8 : explain SELECT k, c FROM sbtest8 WHERE k BETWEEN 3025489 AND 3025589
	-> Index range scan on sbtest8 using k_8 over (3025489 <= k <= 3025589), with index condition: (sbtest8.k between 3025489 and 3025589)  (cost=40.8 rows=90)



explain: for range-notcovered :: explain SELECT k, c FROM sbtest%d WHERE k BETWEEN 6706397 AND 6706497for range-notcovered
table 1 : explain SELECT k, c FROM sbtest1 WHERE k BETWEEN 1300126 AND 1300226
	-> Index range scan on sbtest1 using k_1 over (1300126 <= k <= 1300226), with index condition: (sbtest1.k between 1300126 and 1300226)  (cost=45.3 rows=100)


table 2 : explain SELECT k, c FROM sbtest2 WHERE k BETWEEN 1300126 AND 1300226
	-> Index range scan on sbtest2 using k_2 over (1300126 <= k <= 1300226), with index condition: (sbtest2.k between 1300126 and 1300226)  (cost=44.8 rows=99)


table 3 : explain SELECT k, c FROM sbtest3 WHERE k BETWEEN 1300126 AND 1300226
	-> Index range scan on sbtest3 using k_3 over (1300126 <= k <= 1300226), with index condition: (sbtest3.k between 1300126 and 1300226)  (cost=43.9 rows=97)


table 4 : explain SELECT k, c FROM sbtest4 WHERE k BETWEEN 1300126 AND 1300226
	-> Index range scan on sbtest4 using k_4 over (1300126 <= k <= 1300226), with index condition: (sbtest4.k between 1300126 and 1300226)  (cost=47.5 rows=105)


table 5 : explain SELECT k, c FROM sbtest5 WHERE k BETWEEN 1300126 AND 1300226
	-> Index range scan on sbtest5 using k_5 over (1300126 <= k <= 1300226), with index condition: (sbtest5.k between 1300126 and 1300226)  (cost=51.1 rows=113)


table 6 : explain SELECT k, c FROM sbtest6 WHERE k BETWEEN 1300126 AND 1300226
	-> Index range scan on sbtest6 using k_6 over (1300126 <= k <= 1300226), with index condition: (sbtest6.k between 1300126 and 1300226)  (cost=45.3 rows=100)


table 7 : explain SELECT k, c FROM sbtest7 WHERE k BETWEEN 1300126 AND 1300226
	-> Index range scan on sbtest7 using k_7 over (1300126 <= k <= 1300226), with index condition: (sbtest7.k between 1300126 and 1300226)  (cost=39.9 rows=88)


table 8 : explain SELECT k, c FROM sbtest8 WHERE k BETWEEN 1300126 AND 1300226
	-> Index range scan on sbtest8 using k_8 over (1300126 <= k <= 1300226), with index condition: (sbtest8.k between 1300126 and 1300226)  (cost=39.9 rows=88)


for range-notcovered
table 1 : explain SELECT k, c FROM sbtest1 WHERE k BETWEEN 6797604 AND 6797704
	-> Index range scan on sbtest1 using k_1 over (6797604 <= k <= 6797704), with index condition: (sbtest1.k between 6797604 and 6797704)  (cost=42.1 rows=93)


table 2 : explain SELECT k, c FROM sbtest2 WHERE k BETWEEN 6797604 AND 6797704
	-> Index range scan on sbtest2 using k_2 over (6797604 <= k <= 6797704), with index condition: (sbtest2.k between 6797604 and 6797704)  (cost=43 rows=95)


table 3 : explain SELECT k, c FROM sbtest3 WHERE k BETWEEN 6797604 AND 6797704
	-> Index range scan on sbtest3 using k_3 over (6797604 <= k <= 6797704), with index condition: (sbtest3.k between 6797604 and 6797704)  (cost=50.7 rows=112)


table 4 : explain SELECT k, c FROM sbtest4 WHERE k BETWEEN 6797604 AND 6797704
	-> Index range scan on sbtest4 using k_4 over (6797604 <= k <= 6797704), with index condition: (sbtest4.k between 6797604 and 6797704)  (cost=40.3 rows=89)


table 5 : explain SELECT k, c FROM sbtest5 WHERE k BETWEEN 6797604 AND 6797704
	-> Index range scan on sbtest5 using k_5 over (6797604 <= k <= 6797704), with index condition: (sbtest5.k between 6797604 and 6797704)  (cost=42.1 rows=93)


table 6 : explain SELECT k, c FROM sbtest6 WHERE k BETWEEN 6797604 AND 6797704
	-> Index range scan on sbtest6 using k_6 over (6797604 <= k <= 6797704), with index condition: (sbtest6.k between 6797604 and 6797704)  (cost=47.5 rows=105)


table 7 : explain SELECT k, c FROM sbtest7 WHERE k BETWEEN 6797604 AND 6797704
	-> Index range scan on sbtest7 using k_7 over (6797604 <= k <= 6797704), with index condition: (sbtest7.k between 6797604 and 6797704)  (cost=47.5 rows=105)


table 8 : explain SELECT k, c FROM sbtest8 WHERE k BETWEEN 6797604 AND 6797704
	-> Index range scan on sbtest8 using k_8 over (6797604 <= k <= 6797704), with index condition: (sbtest8.k between 6797604 and 6797704)  (cost=42.6 rows=94)


for range-notcovered
table 1 : explain SELECT k, c FROM sbtest1 WHERE k BETWEEN 3471197 AND 3471297
	-> Index range scan on sbtest1 using k_1 over (3471197 <= k <= 3471297), with index condition: (sbtest1.k between 3471197 and 3471297)  (cost=48.4 rows=107)


table 2 : explain SELECT k, c FROM sbtest2 WHERE k BETWEEN 3471197 AND 3471297
	-> Index range scan on sbtest2 using k_2 over (3471197 <= k <= 3471297), with index condition: (sbtest2.k between 3471197 and 3471297)  (cost=45.3 rows=100)


table 3 : explain SELECT k, c FROM sbtest3 WHERE k BETWEEN 3471197 AND 3471297
	-> Index range scan on sbtest3 using k_3 over (3471197 <= k <= 3471297), with index condition: (sbtest3.k between 3471197 and 3471297)  (cost=46.6 rows=103)


table 4 : explain SELECT k, c FROM sbtest4 WHERE k BETWEEN 3471197 AND 3471297
	-> Index range scan on sbtest4 using k_4 over (3471197 <= k <= 3471297), with index condition: (sbtest4.k between 3471197 and 3471297)  (cost=43.5 rows=96)


table 5 : explain SELECT k, c FROM sbtest5 WHERE k BETWEEN 3471197 AND 3471297
	-> Index range scan on sbtest5 using k_5 over (3471197 <= k <= 3471297), with index condition: (sbtest5.k between 3471197 and 3471297)  (cost=43 rows=95)


table 6 : explain SELECT k, c FROM sbtest6 WHERE k BETWEEN 3471197 AND 3471297
	-> Index range scan on sbtest6 using k_6 over (3471197 <= k <= 3471297), with index condition: (sbtest6.k between 3471197 and 3471297)  (cost=33.1 rows=73)


table 7 : explain SELECT k, c FROM sbtest7 WHERE k BETWEEN 3471197 AND 3471297
	-> Index range scan on sbtest7 using k_7 over (3471197 <= k <= 3471297), with index condition: (sbtest7.k between 3471197 and 3471297)  (cost=52 rows=115)


table 8 : explain SELECT k, c FROM sbtest8 WHERE k BETWEEN 3471197 AND 3471297
	-> Index range scan on sbtest8 using k_8 over (3471197 <= k <= 3471297), with index condition: (sbtest8.k between 3471197 and 3471297)  (cost=46.2 rows=102)


explain: for range-notcovered :: explain SELECT k, c FROM sbtest%d WHERE k BETWEEN 7436497 AND 7436597
for range-notcovered
table 1 : explain SELECT k, c FROM sbtest1 WHERE k BETWEEN 5340685 AND 5340785
	-> Index range scan on sbtest1 using k_1 over (5340685 <= k <= 5340785), with index condition: (sbtest1.k between 5340685 and 5340785)  (cost=42.1 rows=93)


table 2 : explain SELECT k, c FROM sbtest2 WHERE k BETWEEN 5340685 AND 5340785
	-> Index range scan on sbtest2 using k_2 over (5340685 <= k <= 5340785), with index condition: (sbtest2.k between 5340685 and 5340785)  (cost=46.2 rows=102)


table 3 : explain SELECT k, c FROM sbtest3 WHERE k BETWEEN 5340685 AND 5340785
	-> Index range scan on sbtest3 using k_3 over (5340685 <= k <= 5340785), with index condition: (sbtest3.k between 5340685 and 5340785)  (cost=40.8 rows=90)


table 4 : explain SELECT k, c FROM sbtest4 WHERE k BETWEEN 5340685 AND 5340785
	-> Index range scan on sbtest4 using k_4 over (5340685 <= k <= 5340785), with index condition: (sbtest4.k between 5340685 and 5340785)  (cost=48.9 rows=108)


table 5 : explain SELECT k, c FROM sbtest5 WHERE k BETWEEN 5340685 AND 5340785
	-> Index range scan on sbtest5 using k_5 over (5340685 <= k <= 5340785), with index condition: (sbtest5.k between 5340685 and 5340785)  (cost=38.5 rows=85)


table 6 : explain SELECT k, c FROM sbtest6 WHERE k BETWEEN 5340685 AND 5340785
	-> Index range scan on sbtest6 using k_6 over (5340685 <= k <= 5340785), with index condition: (sbtest6.k between 5340685 and 5340785)  (cost=49.3 rows=109)


table 7 : explain SELECT k, c FROM sbtest7 WHERE k BETWEEN 5340685 AND 5340785
	-> Index range scan on sbtest7 using k_7 over (5340685 <= k <= 5340785), with index condition: (sbtest7.k between 5340685 and 5340785)  (cost=48 rows=106)


table 8 : explain SELECT k, c FROM sbtest8 WHERE k BETWEEN 5340685 AND 5340785
	-> Index range scan on sbtest8 using k_8 over (5340685 <= k <= 5340785), with index condition: (sbtest8.k between 5340685 and 5340785)  (cost=42.1 rows=93)


explain: for range-notcovered :: explain SELECT k, c FROM sbtest%d WHERE k BETWEEN 4037229 AND 4037329
for range-notcovered
table 1 : explain SELECT k, c FROM sbtest1 WHERE k BETWEEN 7765506 AND 7765606
	-> Index range scan on sbtest1 using k_1 over (7765506 <= k <= 7765606), with index condition: (sbtest1.k between 7765506 and 7765606)  (cost=51.1 rows=113)


table 2 : explain SELECT k, c FROM sbtest2 WHERE k BETWEEN 7765506 AND 7765606
	-> Index range scan on sbtest2 using k_2 over (7765506 <= k <= 7765606), with index condition: (sbtest2.k between 7765506 and 7765606)  (cost=52.9 rows=117)


table 3 : explain SELECT k, c FROM sbtest3 WHERE k BETWEEN 7765506 AND 7765606
	-> Index range scan on sbtest3 using k_3 over (7765506 <= k <= 7765606), with index condition: (sbtest3.k between 7765506 and 7765606)  (cost=49.8 rows=110)


table 4 : explain SELECT k, c FROM sbtest4 WHERE k BETWEEN 7765506 AND 7765606
	-> Index range scan on sbtest4 using k_4 over (7765506 <= k <= 7765606), with index condition: (sbtest4.k between 7765506 and 7765606)  (cost=42.1 rows=93)


table 5 : explain SELECT k, c FROM sbtest5 WHERE k BETWEEN 7765506 AND 7765606
	-> Index range scan on sbtest5 using k_5 over (7765506 <= k <= 7765606), with index condition: (sbtest5.k between 7765506 and 7765606)  (cost=51.6 rows=114)


table 6 : explain SELECT k, c FROM sbtest6 WHERE k BETWEEN 7765506 AND 7765606
	-> Index range scan on sbtest6 using k_6 over (7765506 <= k <= 7765606), with index condition: (sbtest6.k between 7765506 and 7765606)  (cost=44.4 rows=98)


table 7 : explain SELECT k, c FROM sbtest7 WHERE k BETWEEN 7765506 AND 7765606
	-> Index range scan on sbtest7 using k_7 over (7765506 <= k <= 7765606), with index condition: (sbtest7.k between 7765506 and 7765606)  (cost=42.6 rows=94)


table 8 : explain SELECT k, c FROM sbtest8 WHERE k BETWEEN 7765506 AND 7765606
	-> Index range scan on sbtest8 using k_8 over (7765506 <= k <= 7765606), with index condition: (sbtest8.k between 7765506 and 7765606)  (cost=48 rows=106)


explain: for range-notcovered :: explain SELECT k, c FROM sbtest%d WHERE k BETWEEN 6357521 AND 6357621

explain: for range-notcovered :: explain SELECT k, c FROM sbtest%d WHERE k BETWEEN 6684560 AND 6684660
explain: for range-notcovered :: explain SELECT k, c FROM sbtest%d WHERE k BETWEEN 6797604 AND 6797704explain: for range-notcovered :: explain SELECT k, c FROM sbtest%d WHERE k BETWEEN 5340685 AND 5340785for range-notcovered
table 1 : explain SELECT k, c FROM sbtest1 WHERE k BETWEEN 6156151 AND 6156251
	-> Index range scan on sbtest1 using k_1 over (6156151 <= k <= 6156251), with index condition: (sbtest1.k between 6156151 and 6156251)  (cost=42.1 rows=93)


table 2 : explain SELECT k, c FROM sbtest2 WHERE k BETWEEN 6156151 AND 6156251
	-> Index range scan on sbtest2 using k_2 over (6156151 <= k <= 6156251), with index condition: (sbtest2.k between 6156151 and 6156251)  (cost=44.8 rows=99)


table 3 : explain SELECT k, c FROM sbtest3 WHERE k BETWEEN 6156151 AND 6156251
	-> Index range scan on sbtest3 using k_3 over (6156151 <= k <= 6156251), with index condition: (sbtest3.k between 6156151 and 6156251)  (cost=47.5 rows=105)


table 4 : explain SELECT k, c FROM sbtest4 WHERE k BETWEEN 6156151 AND 6156251
	-> Index range scan on sbtest4 using k_4 over (6156151 <= k <= 6156251), with index condition: (sbtest4.k between 6156151 and 6156251)  (cost=53.4 rows=118)


table 5 : explain SELECT k, c FROM sbtest5 WHERE k BETWEEN 6156151 AND 6156251
	-> Index range scan on sbtest5 using k_5 over (6156151 <= k <= 6156251), with index condition: (sbtest5.k between 6156151 and 6156251)  (cost=47.1 rows=104)


table 6 : explain SELECT k, c FROM sbtest6 WHERE k BETWEEN 6156151 AND 6156251
	-> Index range scan on sbtest6 using k_6 over (6156151 <= k <= 6156251), with index condition: (sbtest6.k between 6156151 and 6156251)  (cost=48.4 rows=107)


table 7 : explain SELECT k, c FROM sbtest7 WHERE k BETWEEN 6156151 AND 6156251
	-> Index range scan on sbtest7 using k_7 over (6156151 <= k <= 6156251), with index condition: (sbtest7.k between 6156151 and 6156251)  (cost=44.4 rows=98)


table 8 : explain SELECT k, c FROM sbtest8 WHERE k BETWEEN 6156151 AND 6156251
	-> Index range scan on sbtest8 using k_8 over (6156151 <= k <= 6156251), with index condition: (sbtest8.k between 6156151 and 6156251)  (cost=47.5 rows=105)


explain: for range-notcovered :: explain SELECT k, c FROM sbtest%d WHERE k BETWEEN 3471197 AND 3471297explain: for range-notcovered :: explain SELECT k, c FROM sbtest%d WHERE k BETWEEN 1300126 AND 1300226


explain: for range-notcovered :: explain SELECT k, c FROM sbtest%d WHERE k BETWEEN 7765506 AND 7765606
for range-notcovered
table 1 : explain SELECT k, c FROM sbtest1 WHERE k BETWEEN 2974923 AND 2975023
	-> Index range scan on sbtest1 using k_1 over (2974923 <= k <= 2975023), with index condition: (sbtest1.k between 2974923 and 2975023)  (cost=44.8 rows=99)


table 2 : explain SELECT k, c FROM sbtest2 WHERE k BETWEEN 2974923 AND 2975023
	-> Index range scan on sbtest2 using k_2 over (2974923 <= k <= 2975023), with index condition: (sbtest2.k between 2974923 and 2975023)  (cost=51.1 rows=113)


table 3 : explain SELECT k, c FROM sbtest3 WHERE k BETWEEN 2974923 AND 2975023
	-> Index range scan on sbtest3 using k_3 over (2974923 <= k <= 2975023), with index condition: (sbtest3.k between 2974923 and 2975023)  (cost=45.3 rows=100)


table 4 : explain SELECT k, c FROM sbtest4 WHERE k BETWEEN 2974923 AND 2975023
	-> Index range scan on sbtest4 using k_4 over (2974923 <= k <= 2975023), with index condition: (sbtest4.k between 2974923 and 2975023)  (cost=47.5 rows=105)


table 5 : explain SELECT k, c FROM sbtest5 WHERE k BETWEEN 2974923 AND 2975023
	-> Index range scan on sbtest5 using k_5 over (2974923 <= k <= 2975023), with index condition: (sbtest5.k between 2974923 and 2975023)  (cost=39 rows=86)


table 6 : explain SELECT k, c FROM sbtest6 WHERE k BETWEEN 2974923 AND 2975023
	-> Index range scan on sbtest6 using k_6 over (2974923 <= k <= 2975023), with index condition: (sbtest6.k between 2974923 and 2975023)  (cost=40.8 rows=90)


table 7 : explain SELECT k, c FROM sbtest7 WHERE k BETWEEN 2974923 AND 2975023
	-> Index range scan on sbtest7 using k_7 over (2974923 <= k <= 2975023), with index condition: (sbtest7.k between 2974923 and 2975023)  (cost=41.7 rows=92)


table 8 : explain SELECT k, c FROM sbtest8 WHERE k BETWEEN 2974923 AND 2975023
	-> Index range scan on sbtest8 using k_8 over (2974923 <= k <= 2975023), with index condition: (sbtest8.k between 2974923 and 2975023)  (cost=50.2 rows=111)


explain: for range-notcovered :: explain SELECT k, c FROM sbtest%d WHERE k BETWEEN 6156151 AND 6156251



explain: for range-notcovered :: explain SELECT k, c FROM sbtest%d WHERE k BETWEEN 2974923 AND 2975023
explain: for range-notcovered :: explain SELECT k, c FROM sbtest%d WHERE k BETWEEN 5852949 AND 5853049
explain: for range-notcovered :: explain SELECT k, c FROM sbtest%d WHERE k BETWEEN 3025489 AND 3025589for range-notcovered
table 1 : explain SELECT k, c FROM sbtest1 WHERE k BETWEEN 4296884 AND 4296984
	-> Index range scan on sbtest1 using k_1 over (4296884 <= k <= 4296984), with index condition: (sbtest1.k between 4296884 and 4296984)  (cost=42.6 rows=94)


table 2 : explain SELECT k, c FROM sbtest2 WHERE k BETWEEN 4296884 AND 4296984
	-> Index range scan on sbtest2 using k_2 over (4296884 <= k <= 4296984), with index condition: (sbtest2.k between 4296884 and 4296984)  (cost=38.1 rows=84)


table 3 : explain SELECT k, c FROM sbtest3 WHERE k BETWEEN 4296884 AND 4296984
	-> Index range scan on sbtest3 using k_3 over (4296884 <= k <= 4296984), with index condition: (sbtest3.k between 4296884 and 4296984)  (cost=45.3 rows=100)


table 4 : explain SELECT k, c FROM sbtest4 WHERE k BETWEEN 4296884 AND 4296984
	-> Index range scan on sbtest4 using k_4 over (4296884 <= k <= 4296984), with index condition: (sbtest4.k between 4296884 and 4296984)  (cost=45.7 rows=101)


table 5 : explain SELECT k, c FROM sbtest5 WHERE k BETWEEN 4296884 AND 4296984
	-> Index range scan on sbtest5 using k_5 over (4296884 <= k <= 4296984), with index condition: (sbtest5.k between 4296884 and 4296984)  (cost=47.1 rows=104)


table 6 : explain SELECT k, c FROM sbtest6 WHERE k BETWEEN 4296884 AND 4296984
	-> Index range scan on sbtest6 using k_6 over (4296884 <= k <= 4296984), with index condition: (sbtest6.k between 4296884 and 4296984)  (cost=48 rows=106)


table 7 : explain SELECT k, c FROM sbtest7 WHERE k BETWEEN 4296884 AND 4296984
	-> Index range scan on sbtest7 using k_7 over (4296884 <= k <= 4296984), with index condition: (sbtest7.k between 4296884 and 4296984)  (cost=44.4 rows=98)


table 8 : explain SELECT k, c FROM sbtest8 WHERE k BETWEEN 4296884 AND 4296984
	-> Index range scan on sbtest8 using k_8 over (4296884 <= k <= 4296984), with index condition: (sbtest8.k between 4296884 and 4296984)  (cost=43 rows=95)

for range-notcovered
table 1 : explain SELECT k, c FROM sbtest1 WHERE k BETWEEN 1773117 AND 1773217
	-> Index range scan on sbtest1 using k_1 over (1773117 <= k <= 1773217), with index condition: (sbtest1.k between 1773117 and 1773217)  (cost=41.7 rows=92)


table 2 : explain SELECT k, c FROM sbtest2 WHERE k BETWEEN 1773117 AND 1773217
	-> Index range scan on sbtest2 using k_2 over (1773117 <= k <= 1773217), with index condition: (sbtest2.k between 1773117 and 1773217)  (cost=45.3 rows=100)


table 3 : explain SELECT k, c FROM sbtest3 WHERE k BETWEEN 1773117 AND 1773217
	-> Index range scan on sbtest3 using k_3 over (1773117 <= k <= 1773217), with index condition: (sbtest3.k between 1773117 and 1773217)  (cost=47.5 rows=105)


table 4 : explain SELECT k, c FROM sbtest4 WHERE k BETWEEN 1773117 AND 1773217
	-> Index range scan on sbtest4 using k_4 over (1773117 <= k <= 1773217), with index condition: (sbtest4.k between 1773117 and 1773217)  (cost=42.6 rows=94)


table 5 : explain SELECT k, c FROM sbtest5 WHERE k BETWEEN 1773117 AND 1773217
	-> Index range scan on sbtest5 using k_5 over (1773117 <= k <= 1773217), with index condition: (sbtest5.k between 1773117 and 1773217)  (cost=48.9 rows=108)


table 6 : explain SELECT k, c FROM sbtest6 WHERE k BETWEEN 1773117 AND 1773217
	-> Index range scan on sbtest6 using k_6 over (1773117 <= k <= 1773217), with index condition: (sbtest6.k between 1773117 and 1773217)  (cost=48.4 rows=107)


table 7 : explain SELECT k, c FROM sbtest7 WHERE k BETWEEN 1773117 AND 1773217
	-> Index range scan on sbtest7 using k_7 over (1773117 <= k <= 1773217), with index condition: (sbtest7.k between 1773117 and 1773217)  (cost=46.6 rows=103)


table 8 : explain SELECT k, c FROM sbtest8 WHERE k BETWEEN 1773117 AND 1773217
	-> Index range scan on sbtest8 using k_8 over (1773117 <= k <= 1773217), with index condition: (sbtest8.k between 1773117 and 1773217)  (cost=43 rows=95)


for range-notcovered
table 1 : explain SELECT k, c FROM sbtest1 WHERE k BETWEEN 4399788 AND 4399888
	-> Index range scan on sbtest1 using k_1 over (4399788 <= k <= 4399888), with index condition: (sbtest1.k between 4399788 and 4399888)  (cost=46.6 rows=103)


table 2 : explain SELECT k, c FROM sbtest2 WHERE k BETWEEN 4399788 AND 4399888
	-> Index range scan on sbtest2 using k_2 over (4399788 <= k <= 4399888), with index condition: (sbtest2.k between 4399788 and 4399888)  (cost=44.8 rows=99)


table 3 : explain SELECT k, c FROM sbtest3 WHERE k BETWEEN 4399788 AND 4399888
	-> Index range scan on sbtest3 using k_3 over (4399788 <= k <= 4399888), with index condition: (sbtest3.k between 4399788 and 4399888)  (cost=52.9 rows=117)


table 4 : explain SELECT k, c FROM sbtest4 WHERE k BETWEEN 4399788 AND 4399888
	-> Index range scan on sbtest4 using k_4 over (4399788 <= k <= 4399888), with index condition: (sbtest4.k between 4399788 and 4399888)  (cost=44.4 rows=98)


table 5 : explain SELECT k, c FROM sbtest5 WHERE k BETWEEN 4399788 AND 4399888
	-> Index range scan on sbtest5 using k_5 over (4399788 <= k <= 4399888), with index condition: (sbtest5.k between 4399788 and 4399888)  (cost=48.4 rows=107)


table 6 : explain SELECT k, c FROM sbtest6 WHERE k BETWEEN 4399788 AND 4399888
	-> Index range scan on sbtest6 using k_6 over (4399788 <= k <= 4399888), with index condition: (sbtest6.k between 4399788 and 4399888)  (cost=45.3 rows=100)


table 7 : explain SELECT k, c FROM sbtest7 WHERE k BETWEEN 4399788 AND 4399888
	-> Index range scan on sbtest7 using k_7 over (4399788 <= k <= 4399888), with index condition: (sbtest7.k between 4399788 and 4399888)  (cost=54.3 rows=120)


table 8 : explain SELECT k, c FROM sbtest8 WHERE k BETWEEN 4399788 AND 4399888
	-> Index range scan on sbtest8 using k_8 over (4399788 <= k <= 4399888), with index condition: (sbtest8.k between 4399788 and 4399888)  (cost=43.5 rows=96)


for range-notcovered
table 1 : explain SELECT k, c FROM sbtest1 WHERE k BETWEEN 2769307 AND 2769407
	-> Index range scan on sbtest1 using k_1 over (2769307 <= k <= 2769407), with index condition: (sbtest1.k between 2769307 and 2769407)  (cost=44.4 rows=98)


table 2 : explain SELECT k, c FROM sbtest2 WHERE k BETWEEN 2769307 AND 2769407
	-> Index range scan on sbtest2 using k_2 over (2769307 <= k <= 2769407), with index condition: (sbtest2.k between 2769307 and 2769407)  (cost=41.2 rows=91)


table 3 : explain SELECT k, c FROM sbtest3 WHERE k BETWEEN 2769307 AND 2769407
	-> Index range scan on sbtest3 using k_3 over (2769307 <= k <= 2769407), with index condition: (sbtest3.k between 2769307 and 2769407)  (cost=47.5 rows=105)


table 4 : explain SELECT k, c FROM sbtest4 WHERE k BETWEEN 2769307 AND 2769407
	-> Index range scan on sbtest4 using k_4 over (2769307 <= k <= 2769407), with index condition: (sbtest4.k between 2769307 and 2769407)  (cost=45.3 rows=100)


table 5 : explain SELECT k, c FROM sbtest5 WHERE k BETWEEN 2769307 AND 2769407
	-> Index range scan on sbtest5 using k_5 over (2769307 <= k <= 2769407), with index condition: (sbtest5.k between 2769307 and 2769407)  (cost=43 rows=95)


table 6 : explain SELECT k, c FROM sbtest6 WHERE k BETWEEN 2769307 AND 2769407
	-> Index range scan on sbtest6 using k_6 over (2769307 <= k <= 2769407), with index condition: (sbtest6.k between 2769307 and 2769407)  (cost=44.4 rows=98)


table 7 : explain SELECT k, c FROM sbtest7 WHERE k BETWEEN 2769307 AND 2769407
	-> Index range scan on sbtest7 using k_7 over (2769307 <= k <= 2769407), with index condition: (sbtest7.k between 2769307 and 2769407)  (cost=44.4 rows=98)


table 8 : explain SELECT k, c FROM sbtest8 WHERE k BETWEEN 2769307 AND 2769407
	-> Index range scan on sbtest8 using k_8 over (2769307 <= k <= 2769407), with index condition: (sbtest8.k between 2769307 and 2769407)  (cost=44.4 rows=98)


for range-notcovered
table 1 : explain SELECT k, c FROM sbtest1 WHERE k BETWEEN 4579692 AND 4579792
	-> Index range scan on sbtest1 using k_1 over (4579692 <= k <= 4579792), with index condition: (sbtest1.k between 4579692 and 4579792)  (cost=40.3 rows=89)


table 2 : explain SELECT k, c FROM sbtest2 WHERE k BETWEEN 4579692 AND 4579792
	-> Index range scan on sbtest2 using k_2 over (4579692 <= k <= 4579792), with index condition: (sbtest2.k between 4579692 and 4579792)  (cost=45.3 rows=100)


table 3 : explain SELECT k, c FROM sbtest3 WHERE k BETWEEN 4579692 AND 4579792
	-> Index range scan on sbtest3 using k_3 over (4579692 <= k <= 4579792), with index condition: (sbtest3.k between 4579692 and 4579792)  (cost=44.4 rows=98)


table 4 : explain SELECT k, c FROM sbtest4 WHERE k BETWEEN 4579692 AND 4579792
	-> Index range scan on sbtest4 using k_4 over (4579692 <= k <= 4579792), with index condition: (sbtest4.k between 4579692 and 4579792)  (cost=46.6 rows=103)


table 5 : explain SELECT k, c FROM sbtest5 WHERE k BETWEEN 4579692 AND 4579792
	-> Index range scan on sbtest5 using k_5 over (4579692 <= k <= 4579792), with index condition: (sbtest5.k between 4579692 and 4579792)  (cost=50.2 rows=111)


table 6 : explain SELECT k, c FROM sbtest6 WHERE k BETWEEN 4579692 AND 4579792
	-> Index range scan on sbtest6 using k_6 over (4579692 <= k <= 4579792), with index condition: (sbtest6.k between 4579692 and 4579792)  (cost=45.3 rows=100)


table 7 : explain SELECT k, c FROM sbtest7 WHERE k BETWEEN 4579692 AND 4579792
	-> Index range scan on sbtest7 using k_7 over (4579692 <= k <= 4579792), with index condition: (sbtest7.k between 4579692 and 4579792)  (cost=47.5 rows=105)


table 8 : explain SELECT k, c FROM sbtest8 WHERE k BETWEEN 4579692 AND 4579792
	-> Index range scan on sbtest8 using k_8 over (4579692 <= k <= 4579792), with index condition: (sbtest8.k between 4579692 and 4579792)  (cost=46.2 rows=102)


for range-notcovered
table 1 : explain SELECT k, c FROM sbtest1 WHERE k BETWEEN 6652235 AND 6652335
	-> Index range scan on sbtest1 using k_1 over (6652235 <= k <= 6652335), with index condition: (sbtest1.k between 6652235 and 6652335)  (cost=42.6 rows=94)


table 2 : explain SELECT k, c FROM sbtest2 WHERE k BETWEEN 6652235 AND 6652335
	-> Index range scan on sbtest2 using k_2 over (6652235 <= k <= 6652335), with index condition: (sbtest2.k between 6652235 and 6652335)  (cost=50.2 rows=111)


table 3 : explain SELECT k, c FROM sbtest3 WHERE k BETWEEN 6652235 AND 6652335
	-> Index range scan on sbtest3 using k_3 over (6652235 <= k <= 6652335), with index condition: (sbtest3.k between 6652235 and 6652335)  (cost=43.5 rows=96)


table 4 : explain SELECT k, c FROM sbtest4 WHERE k BETWEEN 6652235 AND 6652335
	-> Index range scan on sbtest4 using k_4 over (6652235 <= k <= 6652335), with index condition: (sbtest4.k between 6652235 and 6652335)  (cost=48 rows=106)


table 5 : explain SELECT k, c FROM sbtest5 WHERE k BETWEEN 6652235 AND 6652335
	-> Index range scan on sbtest5 using k_5 over (6652235 <= k <= 6652335), with index condition: (sbtest5.k between 6652235 and 6652335)  (cost=42.1 rows=93)


table 6 : explain SELECT k, c FROM sbtest6 WHERE k BETWEEN 6652235 AND 6652335
	-> Index range scan on sbtest6 using k_6 over (6652235 <= k <= 6652335), with index condition: (sbtest6.k between 6652235 and 6652335)  (cost=41.2 rows=91)


table 7 : explain SELECT k, c FROM sbtest7 WHERE k BETWEEN 6652235 AND 6652335
	-> Index range scan on sbtest7 using k_7 over (6652235 <= k <= 6652335), with index condition: (sbtest7.k between 6652235 and 6652335)  (cost=44.8 rows=99)


table 8 : explain SELECT k, c FROM sbtest8 WHERE k BETWEEN 6652235 AND 6652335
	-> Index range scan on sbtest8 using k_8 over (6652235 <= k <= 6652335), with index condition: (sbtest8.k between 6652235 and 6652335)  (cost=43.5 rows=96)


for range-notcovered
table 1 : explain SELECT k, c FROM sbtest1 WHERE k BETWEEN 8269975 AND 8270075
	-> Index range scan on sbtest1 using k_1 over (8269975 <= k <= 8270075), with index condition: (sbtest1.k between 8269975 and 8270075)  (cost=43 rows=95)


table 2 : explain SELECT k, c FROM sbtest2 WHERE k BETWEEN 8269975 AND 8270075
	-> Index range scan on sbtest2 using k_2 over (8269975 <= k <= 8270075), with index condition: (sbtest2.k between 8269975 and 8270075)  (cost=41.7 rows=92)


table 3 : explain SELECT k, c FROM sbtest3 WHERE k BETWEEN 8269975 AND 8270075
	-> Index range scan on sbtest3 using k_3 over (8269975 <= k <= 8270075), with index condition: (sbtest3.k between 8269975 and 8270075)  (cost=45.3 rows=100)


table 4 : explain SELECT k, c FROM sbtest4 WHERE k BETWEEN 8269975 AND 8270075
	-> Index range scan on sbtest4 using k_4 over (8269975 <= k <= 8270075), with index condition: (sbtest4.k between 8269975 and 8270075)  (cost=38.1 rows=84)


table 5 : explain SELECT k, c FROM sbtest5 WHERE k BETWEEN 8269975 AND 8270075
	-> Index range scan on sbtest5 using k_5 over (8269975 <= k <= 8270075), with index condition: (sbtest5.k between 8269975 and 8270075)  (cost=40.8 rows=90)


table 6 : explain SELECT k, c FROM sbtest6 WHERE k BETWEEN 8269975 AND 8270075
	-> Index range scan on sbtest6 using k_6 over (8269975 <= k <= 8270075), with index condition: (sbtest6.k between 8269975 and 8270075)  (cost=46.6 rows=103)


table 7 : explain SELECT k, c FROM sbtest7 WHERE k BETWEEN 8269975 AND 8270075
	-> Index range scan on sbtest7 using k_7 over (8269975 <= k <= 8270075), with index condition: (sbtest7.k between 8269975 and 8270075)  (cost=40.3 rows=89)


table 8 : explain SELECT k, c FROM sbtest8 WHERE k BETWEEN 8269975 AND 8270075
	-> Index range scan on sbtest8 using k_8 over (8269975 <= k <= 8270075), with index condition: (sbtest8.k between 8269975 and 8270075)  (cost=48 rows=106)

explain: for range-notcovered :: explain SELECT k, c FROM sbtest%d WHERE k BETWEEN 1773117 AND 1773217

for range-notcovered
table 1 : explain SELECT k, c FROM sbtest1 WHERE k BETWEEN 6624859 AND 6624959
	-> Index range scan on sbtest1 using k_1 over (6624859 <= k <= 6624959), with index condition: (sbtest1.k between 6624859 and 6624959)  (cost=50.7 rows=112)


table 2 : explain SELECT k, c FROM sbtest2 WHERE k BETWEEN 6624859 AND 6624959
	-> Index range scan on sbtest2 using k_2 over (6624859 <= k <= 6624959), with index condition: (sbtest2.k between 6624859 and 6624959)  (cost=44.4 rows=98)


table 3 : explain SELECT k, c FROM sbtest3 WHERE k BETWEEN 6624859 AND 6624959
	-> Index range scan on sbtest3 using k_3 over (6624859 <= k <= 6624959), with index condition: (sbtest3.k between 6624859 and 6624959)  (cost=47.5 rows=105)


table 4 : explain SELECT k, c FROM sbtest4 WHERE k BETWEEN 6624859 AND 6624959
	-> Index range scan on sbtest4 using k_4 over (6624859 <= k <= 6624959), with index condition: (sbtest4.k between 6624859 and 6624959)  (cost=40.8 rows=90)


table 5 : explain SELECT k, c FROM sbtest5 WHERE k BETWEEN 6624859 AND 6624959
	-> Index range scan on sbtest5 using k_5 over (6624859 <= k <= 6624959), with index condition: (sbtest5.k between 6624859 and 6624959)  (cost=37.6 rows=83)


table 6 : explain SELECT k, c FROM sbtest6 WHERE k BETWEEN 6624859 AND 6624959
	-> Index range scan on sbtest6 using k_6 over (6624859 <= k <= 6624959), with index condition: (sbtest6.k between 6624859 and 6624959)  (cost=50.2 rows=111)


table 7 : explain SELECT k, c FROM sbtest7 WHERE k BETWEEN 6624859 AND 6624959
	-> Index range scan on sbtest7 using k_7 over (6624859 <= k <= 6624959), with index condition: (sbtest7.k between 6624859 and 6624959)  (cost=41.7 rows=92)


table 8 : explain SELECT k, c FROM sbtest8 WHERE k BETWEEN 6624859 AND 6624959
	-> Index range scan on sbtest8 using k_8 over (6624859 <= k <= 6624959), with index condition: (sbtest8.k between 6624859 and 6624959)  (cost=48 rows=106)


for range-notcovered
table 1 : explain SELECT k, c FROM sbtest1 WHERE k BETWEEN 1703319 AND 1703419
	-> Index range scan on sbtest1 using k_1 over (1703319 <= k <= 1703419), with index condition: (sbtest1.k between 1703319 and 1703419)  (cost=45.3 rows=100)


table 2 : explain SELECT k, c FROM sbtest2 WHERE k BETWEEN 1703319 AND 1703419
	-> Index range scan on sbtest2 using k_2 over (1703319 <= k <= 1703419), with index condition: (sbtest2.k between 1703319 and 1703419)  (cost=43.5 rows=96)


table 3 : explain SELECT k, c FROM sbtest3 WHERE k BETWEEN 1703319 AND 1703419
	-> Index range scan on sbtest3 using k_3 over (1703319 <= k <= 1703419), with index condition: (sbtest3.k between 1703319 and 1703419)  (cost=54.7 rows=121)


table 4 : explain SELECT k, c FROM sbtest4 WHERE k BETWEEN 1703319 AND 1703419
	-> Index range scan on sbtest4 using k_4 over (1703319 <= k <= 1703419), with index condition: (sbtest4.k between 1703319 and 1703419)  (cost=46.2 rows=102)


table 5 : explain SELECT k, c FROM sbtest5 WHERE k BETWEEN 1703319 AND 1703419
	-> Index range scan on sbtest5 using k_5 over (1703319 <= k <= 1703419), with index condition: (sbtest5.k between 1703319 and 1703419)  (cost=41.2 rows=91)


table 6 : explain SELECT k, c FROM sbtest6 WHERE k BETWEEN 1703319 AND 1703419
	-> Index range scan on sbtest6 using k_6 over (1703319 <= k <= 1703419), with index condition: (sbtest6.k between 1703319 and 1703419)  (cost=42.6 rows=94)


table 7 : explain SELECT k, c FROM sbtest7 WHERE k BETWEEN 1703319 AND 1703419
	-> Index range scan on sbtest7 using k_7 over (1703319 <= k <= 1703419), with index condition: (sbtest7.k between 1703319 and 1703419)  (cost=39.9 rows=88)


table 8 : explain SELECT k, c FROM sbtest8 WHERE k BETWEEN 1703319 AND 1703419
	-> Index range scan on sbtest8 using k_8 over (1703319 <= k <= 1703419), with index condition: (sbtest8.k between 1703319 and 1703419)  (cost=40.8 rows=90)


explain: for range-notcovered :: explain SELECT k, c FROM sbtest%d WHERE k BETWEEN 6652235 AND 6652335
for range-notcovered
table 1 : explain SELECT k, c FROM sbtest1 WHERE k BETWEEN 8894786 AND 8894886
	-> Index range scan on sbtest1 using k_1 over (8894786 <= k <= 8894886), with index condition: (sbtest1.k between 8894786 and 8894886)  (cost=52 rows=115)


table 2 : explain SELECT k, c FROM sbtest2 WHERE k BETWEEN 8894786 AND 8894886
	-> Index range scan on sbtest2 using k_2 over (8894786 <= k <= 8894886), with index condition: (sbtest2.k between 8894786 and 8894886)  (cost=40.8 rows=90)


table 3 : explain SELECT k, c FROM sbtest3 WHERE k BETWEEN 8894786 AND 8894886
	-> Index range scan on sbtest3 using k_3 over (8894786 <= k <= 8894886), with index condition: (sbtest3.k between 8894786 and 8894886)  (cost=45.7 rows=101)


table 4 : explain SELECT k, c FROM sbtest4 WHERE k BETWEEN 8894786 AND 8894886
	-> Index range scan on sbtest4 using k_4 over (8894786 <= k <= 8894886), with index condition: (sbtest4.k between 8894786 and 8894886)  (cost=39 rows=86)


table 5 : explain SELECT k, c FROM sbtest5 WHERE k BETWEEN 8894786 AND 8894886
	-> Index range scan on sbtest5 using k_5 over (8894786 <= k <= 8894886), with index condition: (sbtest5.k between 8894786 and 8894886)  (cost=42.1 rows=93)


table 6 : explain SELECT k, c FROM sbtest6 WHERE k BETWEEN 8894786 AND 8894886
	-> Index range scan on sbtest6 using k_6 over (8894786 <= k <= 8894886), with index condition: (sbtest6.k between 8894786 and 8894886)  (cost=43 rows=95)


table 7 : explain SELECT k, c FROM sbtest7 WHERE k BETWEEN 8894786 AND 8894886
	-> Index range scan on sbtest7 using k_7 over (8894786 <= k <= 8894886), with index condition: (sbtest7.k between 8894786 and 8894886)  (cost=44.4 rows=98)


table 8 : explain SELECT k, c FROM sbtest8 WHERE k BETWEEN 8894786 AND 8894886
	-> Index range scan on sbtest8 using k_8 over (8894786 <= k <= 8894886), with index condition: (sbtest8.k between 8894786 and 8894886)  (cost=46.6 rows=103)



for range-notcovered
table 1 : explain SELECT k, c FROM sbtest1 WHERE k BETWEEN 7267870 AND 7267970
	-> Index range scan on sbtest1 using k_1 over (7267870 <= k <= 7267970), with index condition: (sbtest1.k between 7267870 and 7267970)  (cost=45.3 rows=100)


table 2 : explain SELECT k, c FROM sbtest2 WHERE k BETWEEN 7267870 AND 7267970
	-> Index range scan on sbtest2 using k_2 over (7267870 <= k <= 7267970), with index condition: (sbtest2.k between 7267870 and 7267970)  (cost=52 rows=115)


table 3 : explain SELECT k, c FROM sbtest3 WHERE k BETWEEN 7267870 AND 7267970
	-> Index range scan on sbtest3 using k_3 over (7267870 <= k <= 7267970), with index condition: (sbtest3.k between 7267870 and 7267970)  (cost=48.9 rows=108)


table 4 : explain SELECT k, c FROM sbtest4 WHERE k BETWEEN 7267870 AND 7267970
	-> Index range scan on sbtest4 using k_4 over (7267870 <= k <= 7267970), with index condition: (sbtest4.k between 7267870 and 7267970)  (cost=48.4 rows=107)


table 5 : explain SELECT k, c FROM sbtest5 WHERE k BETWEEN 7267870 AND 7267970
	-> Index range scan on sbtest5 using k_5 over (7267870 <= k <= 7267970), with index condition: (sbtest5.k between 7267870 and 7267970)  (cost=43.9 rows=97)


table 6 : explain SELECT k, c FROM sbtest6 WHERE k BETWEEN 7267870 AND 7267970
	-> Index range scan on sbtest6 using k_6 over (7267870 <= k <= 7267970), with index condition: (sbtest6.k between 7267870 and 7267970)  (cost=44.8 rows=99)


table 7 : explain SELECT k, c FROM sbtest7 WHERE k BETWEEN 7267870 AND 7267970
	-> Index range scan on sbtest7 using k_7 over (7267870 <= k <= 7267970), with index condition: (sbtest7.k between 7267870 and 7267970)  (cost=58.8 rows=130)


table 8 : explain SELECT k, c FROM sbtest8 WHERE k BETWEEN 7267870 AND 7267970
	-> Index range scan on sbtest8 using k_8 over (7267870 <= k <= 7267970), with index condition: (sbtest8.k between 7267870 and 7267970)  (cost=46.2 rows=102)


explain: for range-notcovered :: explain SELECT k, c FROM sbtest%d WHERE k BETWEEN 4399788 AND 4399888for range-notcovered
table 1 : explain SELECT k, c FROM sbtest1 WHERE k BETWEEN 5968466 AND 5968566
	-> Index range scan on sbtest1 using k_1 over (5968466 <= k <= 5968566), with index condition: (sbtest1.k between 5968466 and 5968566)  (cost=39.4 rows=87)


table 2 : explain SELECT k, c FROM sbtest2 WHERE k BETWEEN 5968466 AND 5968566
	-> Index range scan on sbtest2 using k_2 over (5968466 <= k <= 5968566), with index condition: (sbtest2.k between 5968466 and 5968566)  (cost=43.5 rows=96)


table 3 : explain SELECT k, c FROM sbtest3 WHERE k BETWEEN 5968466 AND 5968566
	-> Index range scan on sbtest3 using k_3 over (5968466 <= k <= 5968566), with index condition: (sbtest3.k between 5968466 and 5968566)  (cost=52.5 rows=116)


table 4 : explain SELECT k, c FROM sbtest4 WHERE k BETWEEN 5968466 AND 5968566
	-> Index range scan on sbtest4 using k_4 over (5968466 <= k <= 5968566), with index condition: (sbtest4.k between 5968466 and 5968566)  (cost=58.3 rows=129)


table 5 : explain SELECT k, c FROM sbtest5 WHERE k BETWEEN 5968466 AND 5968566
	-> Index range scan on sbtest5 using k_5 over (5968466 <= k <= 5968566), with index condition: (sbtest5.k between 5968466 and 5968566)  (cost=42.1 rows=93)


table 6 : explain SELECT k, c FROM sbtest6 WHERE k BETWEEN 5968466 AND 5968566
	-> Index range scan on sbtest6 using k_6 over (5968466 <= k <= 5968566), with index condition: (sbtest6.k between 5968466 and 5968566)  (cost=39 rows=86)


table 7 : explain SELECT k, c FROM sbtest7 WHERE k BETWEEN 5968466 AND 5968566
	-> Index range scan on sbtest7 using k_7 over (5968466 <= k <= 5968566), with index condition: (sbtest7.k between 5968466 and 5968566)  (cost=49.3 rows=109)


table 8 : explain SELECT k, c FROM sbtest8 WHERE k BETWEEN 5968466 AND 5968566
	-> Index range scan on sbtest8 using k_8 over (5968466 <= k <= 5968566), with index condition: (sbtest8.k between 5968466 and 5968566)  (cost=42.6 rows=94)


for range-notcovered
table 1 : explain SELECT k, c FROM sbtest1 WHERE k BETWEEN 6799449 AND 6799549
	-> Index range scan on sbtest1 using k_1 over (6799449 <= k <= 6799549), with index condition: (sbtest1.k between 6799449 and 6799549)  (cost=41.2 rows=91)


table 2 : explain SELECT k, c FROM sbtest2 WHERE k BETWEEN 6799449 AND 6799549
	-> Index range scan on sbtest2 using k_2 over (6799449 <= k <= 6799549), with index condition: (sbtest2.k between 6799449 and 6799549)  (cost=49.8 rows=110)


table 3 : explain SELECT k, c FROM sbtest3 WHERE k BETWEEN 6799449 AND 6799549
	-> Index range scan on sbtest3 using k_3 over (6799449 <= k <= 6799549), with index condition: (sbtest3.k between 6799449 and 6799549)  (cost=37.6 rows=83)


table 4 : explain SELECT k, c FROM sbtest4 WHERE k BETWEEN 6799449 AND 6799549
	-> Index range scan on sbtest4 using k_4 over (6799449 <= k <= 6799549), with index condition: (sbtest4.k between 6799449 and 6799549)  (cost=41.7 rows=92)


table 5 : explain SELECT k, c FROM sbtest5 WHERE k BETWEEN 6799449 AND 6799549
	-> Index range scan on sbtest5 using k_5 over (6799449 <= k <= 6799549), with index condition: (sbtest5.k between 6799449 and 6799549)  (cost=39.9 rows=88)


table 6 : explain SELECT k, c FROM sbtest6 WHERE k BETWEEN 6799449 AND 6799549
	-> Index range scan on sbtest6 using k_6 over (6799449 <= k <= 6799549), with index condition: (sbtest6.k between 6799449 and 6799549)  (cost=56.1 rows=124)


table 7 : explain SELECT k, c FROM sbtest7 WHERE k BETWEEN 6799449 AND 6799549
	-> Index range scan on sbtest7 using k_7 over (6799449 <= k <= 6799549), with index condition: (sbtest7.k between 6799449 and 6799549)  (cost=40.8 rows=90)


table 8 : explain SELECT k, c FROM sbtest8 WHERE k BETWEEN 6799449 AND 6799549
	-> Index range scan on sbtest8 using k_8 over (6799449 <= k <= 6799549), with index condition: (sbtest8.k between 6799449 and 6799549)  (cost=54.7 rows=121)

explain: for range-notcovered :: explain SELECT k, c FROM sbtest%d WHERE k BETWEEN 1703319 AND 1703419
explain: for range-notcovered :: explain SELECT k, c FROM sbtest%d WHERE k BETWEEN 2769307 AND 2769407
for range-notcovered
table 1 : explain SELECT k, c FROM sbtest1 WHERE k BETWEEN 2925054 AND 2925154
	-> Index range scan on sbtest1 using k_1 over (2925054 <= k <= 2925154), with index condition: (sbtest1.k between 2925054 and 2925154)  (cost=41.2 rows=91)


table 2 : explain SELECT k, c FROM sbtest2 WHERE k BETWEEN 2925054 AND 2925154
	-> Index range scan on sbtest2 using k_2 over (2925054 <= k <= 2925154), with index condition: (sbtest2.k between 2925054 and 2925154)  (cost=45.7 rows=101)


table 3 : explain SELECT k, c FROM sbtest3 WHERE k BETWEEN 2925054 AND 2925154
	-> Index range scan on sbtest3 using k_3 over (2925054 <= k <= 2925154), with index condition: (sbtest3.k between 2925054 and 2925154)  (cost=46.2 rows=102)


table 4 : explain SELECT k, c FROM sbtest4 WHERE k BETWEEN 2925054 AND 2925154
	-> Index range scan on sbtest4 using k_4 over (2925054 <= k <= 2925154), with index condition: (sbtest4.k between 2925054 and 2925154)  (cost=44.8 rows=99)


table 5 : explain SELECT k, c FROM sbtest5 WHERE k BETWEEN 2925054 AND 2925154
	-> Index range scan on sbtest5 using k_5 over (2925054 <= k <= 2925154), with index condition: (sbtest5.k between 2925054 and 2925154)  (cost=45.7 rows=101)


table 6 : explain SELECT k, c FROM sbtest6 WHERE k BETWEEN 2925054 AND 2925154
	-> Index range scan on sbtest6 using k_6 over (2925054 <= k <= 2925154), with index condition: (sbtest6.k between 2925054 and 2925154)  (cost=41.2 rows=91)


table 7 : explain SELECT k, c FROM sbtest7 WHERE k BETWEEN 2925054 AND 2925154
	-> Index range scan on sbtest7 using k_7 over (2925054 <= k <= 2925154), with index condition: (sbtest7.k between 2925054 and 2925154)  (cost=46.2 rows=102)


table 8 : explain SELECT k, c FROM sbtest8 WHERE k BETWEEN 2925054 AND 2925154
	-> Index range scan on sbtest8 using k_8 over (2925054 <= k <= 2925154), with index condition: (sbtest8.k between 2925054 and 2925154)  (cost=51.6 rows=114)


explain: for range-notcovered :: explain SELECT k, c FROM sbtest%d WHERE k BETWEEN 6624859 AND 6624959explain: for range-notcovered :: explain SELECT k, c FROM sbtest%d WHERE k BETWEEN 5968466 AND 5968566

for range-notcovered
table 1 : explain SELECT k, c FROM sbtest1 WHERE k BETWEEN 5674711 AND 5674811
	-> Index range scan on sbtest1 using k_1 over (5674711 <= k <= 5674811), with index condition: (sbtest1.k between 5674711 and 5674811)  (cost=40.8 rows=90)


table 2 : explain SELECT k, c FROM sbtest2 WHERE k BETWEEN 5674711 AND 5674811
	-> Index range scan on sbtest2 using k_2 over (5674711 <= k <= 5674811), with index condition: (sbtest2.k between 5674711 and 5674811)  (cost=41.2 rows=91)


table 3 : explain SELECT k, c FROM sbtest3 WHERE k BETWEEN 5674711 AND 5674811
	-> Index range scan on sbtest3 using k_3 over (5674711 <= k <= 5674811), with index condition: (sbtest3.k between 5674711 and 5674811)  (cost=48 rows=106)


table 4 : explain SELECT k, c FROM sbtest4 WHERE k BETWEEN 5674711 AND 5674811
	-> Index range scan on sbtest4 using k_4 over (5674711 <= k <= 5674811), with index condition: (sbtest4.k between 5674711 and 5674811)  (cost=52 rows=115)


table 5 : explain SELECT k, c FROM sbtest5 WHERE k BETWEEN 5674711 AND 5674811
	-> Index range scan on sbtest5 using k_5 over (5674711 <= k <= 5674811), with index condition: (sbtest5.k between 5674711 and 5674811)  (cost=54.7 rows=121)


table 6 : explain SELECT k, c FROM sbtest6 WHERE k BETWEEN 5674711 AND 5674811
	-> Index range scan on sbtest6 using k_6 over (5674711 <= k <= 5674811), with index condition: (sbtest6.k between 5674711 and 5674811)  (cost=47.1 rows=104)


table 7 : explain SELECT k, c FROM sbtest7 WHERE k BETWEEN 5674711 AND 5674811
	-> Index range scan on sbtest7 using k_7 over (5674711 <= k <= 5674811), with index condition: (sbtest7.k between 5674711 and 5674811)  (cost=43 rows=95)


table 8 : explain SELECT k, c FROM sbtest8 WHERE k BETWEEN 5674711 AND 5674811
	-> Index range scan on sbtest8 using k_8 over (5674711 <= k <= 5674811), with index condition: (sbtest8.k between 5674711 and 5674811)  (cost=51.1 rows=113)


for range-notcovered
table 1 : explain SELECT k, c FROM sbtest1 WHERE k BETWEEN 7513703 AND 7513803
	-> Index range scan on sbtest1 using k_1 over (7513703 <= k <= 7513803), with index condition: (sbtest1.k between 7513703 and 7513803)  (cost=46.2 rows=102)


table 2 : explain SELECT k, c FROM sbtest2 WHERE k BETWEEN 7513703 AND 7513803
	-> Index range scan on sbtest2 using k_2 over (7513703 <= k <= 7513803), with index condition: (sbtest2.k between 7513703 and 7513803)  (cost=47.5 rows=105)


table 3 : explain SELECT k, c FROM sbtest3 WHERE k BETWEEN 7513703 AND 7513803
	-> Index range scan on sbtest3 using k_3 over (7513703 <= k <= 7513803), with index condition: (sbtest3.k between 7513703 and 7513803)  (cost=45.3 rows=100)


table 4 : explain SELECT k, c FROM sbtest4 WHERE k BETWEEN 7513703 AND 7513803
	-> Index range scan on sbtest4 using k_4 over (7513703 <= k <= 7513803), with index condition: (sbtest4.k between 7513703 and 7513803)  (cost=50.2 rows=111)


table 5 : explain SELECT k, c FROM sbtest5 WHERE k BETWEEN 7513703 AND 7513803
	-> Index range scan on sbtest5 using k_5 over (7513703 <= k <= 7513803), with index condition: (sbtest5.k between 7513703 and 7513803)  (cost=45.7 rows=101)


table 6 : explain SELECT k, c FROM sbtest6 WHERE k BETWEEN 7513703 AND 7513803
	-> Index range scan on sbtest6 using k_6 over (7513703 <= k <= 7513803), with index condition: (sbtest6.k between 7513703 and 7513803)  (cost=41.7 rows=92)


table 7 : explain SELECT k, c FROM sbtest7 WHERE k BETWEEN 7513703 AND 7513803
	-> Index range scan on sbtest7 using k_7 over (7513703 <= k <= 7513803), with index condition: (sbtest7.k between 7513703 and 7513803)  (cost=45.7 rows=101)


table 8 : explain SELECT k, c FROM sbtest8 WHERE k BETWEEN 7513703 AND 7513803
	-> Index range scan on sbtest8 using k_8 over (7513703 <= k <= 7513803), with index condition: (sbtest8.k between 7513703 and 7513803)  (cost=43 rows=95)


explain: for range-notcovered :: explain SELECT k, c FROM sbtest%d WHERE k BETWEEN 8269975 AND 8270075
for range-notcovered
table 1 : explain SELECT k, c FROM sbtest1 WHERE k BETWEEN 4132964 AND 4133064
	-> Index range scan on sbtest1 using k_1 over (4132964 <= k <= 4133064), with index condition: (sbtest1.k between 4132964 and 4133064)  (cost=43.5 rows=96)


table 2 : explain SELECT k, c FROM sbtest2 WHERE k BETWEEN 4132964 AND 4133064
	-> Index range scan on sbtest2 using k_2 over (4132964 <= k <= 4133064), with index condition: (sbtest2.k between 4132964 and 4133064)  (cost=40.8 rows=90)


table 3 : explain SELECT k, c FROM sbtest3 WHERE k BETWEEN 4132964 AND 4133064
	-> Index range scan on sbtest3 using k_3 over (4132964 <= k <= 4133064), with index condition: (sbtest3.k between 4132964 and 4133064)  (cost=45.7 rows=101)


table 4 : explain SELECT k, c FROM sbtest4 WHERE k BETWEEN 4132964 AND 4133064
	-> Index range scan on sbtest4 using k_4 over (4132964 <= k <= 4133064), with index condition: (sbtest4.k between 4132964 and 4133064)  (cost=44.8 rows=99)


table 5 : explain SELECT k, c FROM sbtest5 WHERE k BETWEEN 4132964 AND 4133064
	-> Index range scan on sbtest5 using k_5 over (4132964 <= k <= 4133064), with index condition: (sbtest5.k between 4132964 and 4133064)  (cost=45.7 rows=101)


table 6 : explain SELECT k, c FROM sbtest6 WHERE k BETWEEN 4132964 AND 4133064
	-> Index range scan on sbtest6 using k_6 over (4132964 <= k <= 4133064), with index condition: (sbtest6.k between 4132964 and 4133064)  (cost=43.5 rows=96)


table 7 : explain SELECT k, c FROM sbtest7 WHERE k BETWEEN 4132964 AND 4133064
	-> Index range scan on sbtest7 using k_7 over (4132964 <= k <= 4133064), with index condition: (sbtest7.k between 4132964 and 4133064)  (cost=51.6 rows=114)


table 8 : explain SELECT k, c FROM sbtest8 WHERE k BETWEEN 4132964 AND 4133064
	-> Index range scan on sbtest8 using k_8 over (4132964 <= k <= 4133064), with index condition: (sbtest8.k between 4132964 and 4133064)  (cost=38.5 rows=85)


explain: for range-notcovered :: explain SELECT k, c FROM sbtest%d WHERE k BETWEEN 7267870 AND 7267970

explain: for range-notcovered :: explain SELECT k, c FROM sbtest%d WHERE k BETWEEN 2925054 AND 2925154for range-notcovered
table 1 : explain SELECT k, c FROM sbtest1 WHERE k BETWEEN 6357521 AND 6357621
	-> Index range scan on sbtest1 using k_1 over (6357521 <= k <= 6357621), with index condition: (sbtest1.k between 6357521 and 6357621)  (cost=52.5 rows=116)


table 2 : explain SELECT k, c FROM sbtest2 WHERE k BETWEEN 6357521 AND 6357621
	-> Index range scan on sbtest2 using k_2 over (6357521 <= k <= 6357621), with index condition: (sbtest2.k between 6357521 and 6357621)  (cost=43.5 rows=96)


table 3 : explain SELECT k, c FROM sbtest3 WHERE k BETWEEN 6357521 AND 6357621
	-> Index range scan on sbtest3 using k_3 over (6357521 <= k <= 6357621), with index condition: (sbtest3.k between 6357521 and 6357621)  (cost=45.7 rows=101)


table 4 : explain SELECT k, c FROM sbtest4 WHERE k BETWEEN 6357521 AND 6357621
	-> Index range scan on sbtest4 using k_4 over (6357521 <= k <= 6357621), with index condition: (sbtest4.k between 6357521 and 6357621)  (cost=43 rows=95)


table 5 : explain SELECT k, c FROM sbtest5 WHERE k BETWEEN 6357521 AND 6357621
	-> Index range scan on sbtest5 using k_5 over (6357521 <= k <= 6357621), with index condition: (sbtest5.k between 6357521 and 6357621)  (cost=49.8 rows=110)


table 6 : explain SELECT k, c FROM sbtest6 WHERE k BETWEEN 6357521 AND 6357621
	-> Index range scan on sbtest6 using k_6 over (6357521 <= k <= 6357621), with index condition: (sbtest6.k between 6357521 and 6357621)  (cost=41.7 rows=92)


table 7 : explain SELECT k, c FROM sbtest7 WHERE k BETWEEN 6357521 AND 6357621
	-> Index range scan on sbtest7 using k_7 over (6357521 <= k <= 6357621), with index condition: (sbtest7.k between 6357521 and 6357621)  (cost=48 rows=106)


table 8 : explain SELECT k, c FROM sbtest8 WHERE k BETWEEN 6357521 AND 6357621
	-> Index range scan on sbtest8 using k_8 over (6357521 <= k <= 6357621), with index condition: (sbtest8.k between 6357521 and 6357621)  (cost=40.3 rows=89)


for range-notcovered
table 1 : explain SELECT k, c FROM sbtest1 WHERE k BETWEEN 4485144 AND 4485244
	-> Index range scan on sbtest1 using k_1 over (4485144 <= k <= 4485244), with index condition: (sbtest1.k between 4485144 and 4485244)  (cost=49.8 rows=110)


table 2 : explain SELECT k, c FROM sbtest2 WHERE k BETWEEN 4485144 AND 4485244
	-> Index range scan on sbtest2 using k_2 over (4485144 <= k <= 4485244), with index condition: (sbtest2.k between 4485144 and 4485244)  (cost=42.6 rows=94)


table 3 : explain SELECT k, c FROM sbtest3 WHERE k BETWEEN 4485144 AND 4485244
	-> Index range scan on sbtest3 using k_3 over (4485144 <= k <= 4485244), with index condition: (sbtest3.k between 4485144 and 4485244)  (cost=49.8 rows=110)


table 4 : explain SELECT k, c FROM sbtest4 WHERE k BETWEEN 4485144 AND 4485244
	-> Index range scan on sbtest4 using k_4 over (4485144 <= k <= 4485244), with index condition: (sbtest4.k between 4485144 and 4485244)  (cost=38.1 rows=84)


table 5 : explain SELECT k, c FROM sbtest5 WHERE k BETWEEN 4485144 AND 4485244
	-> Index range scan on sbtest5 using k_5 over (4485144 <= k <= 4485244), with index condition: (sbtest5.k between 4485144 and 4485244)  (cost=53.4 rows=118)


table 6 : explain SELECT k, c FROM sbtest6 WHERE k BETWEEN 4485144 AND 4485244
	-> Index range scan on sbtest6 using k_6 over (4485144 <= k <= 4485244), with index condition: (sbtest6.k between 4485144 and 4485244)  (cost=48 rows=106)


table 7 : explain SELECT k, c FROM sbtest7 WHERE k BETWEEN 4485144 AND 4485244
	-> Index range scan on sbtest7 using k_7 over (4485144 <= k <= 4485244), with index condition: (sbtest7.k between 4485144 and 4485244)  (cost=42.6 rows=94)


table 8 : explain SELECT k, c FROM sbtest8 WHERE k BETWEEN 4485144 AND 4485244
	-> Index range scan on sbtest8 using k_8 over (4485144 <= k <= 4485244), with index condition: (sbtest8.k between 4485144 and 4485244)  (cost=46.2 rows=102)


for range-notcovered
table 1 : explain SELECT k, c FROM sbtest1 WHERE k BETWEEN 4743222 AND 4743322
	-> Index range scan on sbtest1 using k_1 over (4743222 <= k <= 4743322), with index condition: (sbtest1.k between 4743222 and 4743322)  (cost=52.5 rows=116)


table 2 : explain SELECT k, c FROM sbtest2 WHERE k BETWEEN 4743222 AND 4743322
	-> Index range scan on sbtest2 using k_2 over (4743222 <= k <= 4743322), with index condition: (sbtest2.k between 4743222 and 4743322)  (cost=42.1 rows=93)


table 3 : explain SELECT k, c FROM sbtest3 WHERE k BETWEEN 4743222 AND 4743322
	-> Index range scan on sbtest3 using k_3 over (4743222 <= k <= 4743322), with index condition: (sbtest3.k between 4743222 and 4743322)  (cost=41.2 rows=91)


table 4 : explain SELECT k, c FROM sbtest4 WHERE k BETWEEN 4743222 AND 4743322
	-> Index range scan on sbtest4 using k_4 over (4743222 <= k <= 4743322), with index condition: (sbtest4.k between 4743222 and 4743322)  (cost=42.1 rows=93)


table 5 : explain SELECT k, c FROM sbtest5 WHERE k BETWEEN 4743222 AND 4743322
	-> Index range scan on sbtest5 using k_5 over (4743222 <= k <= 4743322), with index condition: (sbtest5.k between 4743222 and 4743322)  (cost=51.6 rows=114)


table 6 : explain SELECT k, c FROM sbtest6 WHERE k BETWEEN 4743222 AND 4743322
	-> Index range scan on sbtest6 using k_6 over (4743222 <= k <= 4743322), with index condition: (sbtest6.k between 4743222 and 4743322)  (cost=42.6 rows=94)


table 7 : explain SELECT k, c FROM sbtest7 WHERE k BETWEEN 4743222 AND 4743322
	-> Index range scan on sbtest7 using k_7 over (4743222 <= k <= 4743322), with index condition: (sbtest7.k between 4743222 and 4743322)  (cost=49.8 rows=110)


table 8 : explain SELECT k, c FROM sbtest8 WHERE k BETWEEN 4743222 AND 4743322
	-> Index range scan on sbtest8 using k_8 over (4743222 <= k <= 4743322), with index condition: (sbtest8.k between 4743222 and 4743322)  (cost=43 rows=95)


for range-notcovered
table 1 : explain SELECT k, c FROM sbtest1 WHERE k BETWEEN 4037229 AND 4037329
	-> Index range scan on sbtest1 using k_1 over (4037229 <= k <= 4037329), with index condition: (sbtest1.k between 4037229 and 4037329)  (cost=41.7 rows=92)


table 2 : explain SELECT k, c FROM sbtest2 WHERE k BETWEEN 4037229 AND 4037329
	-> Index range scan on sbtest2 using k_2 over (4037229 <= k <= 4037329), with index condition: (sbtest2.k between 4037229 and 4037329)  (cost=47.5 rows=105)


table 3 : explain SELECT k, c FROM sbtest3 WHERE k BETWEEN 4037229 AND 4037329
	-> Index range scan on sbtest3 using k_3 over (4037229 <= k <= 4037329), with index condition: (sbtest3.k between 4037229 and 4037329)  (cost=46.2 rows=102)


table 4 : explain SELECT k, c FROM sbtest4 WHERE k BETWEEN 4037229 AND 4037329
	-> Index range scan on sbtest4 using k_4 over (4037229 <= k <= 4037329), with index condition: (sbtest4.k between 4037229 and 4037329)  (cost=42.1 rows=93)


table 5 : explain SELECT k, c FROM sbtest5 WHERE k BETWEEN 4037229 AND 4037329
	-> Index range scan on sbtest5 using k_5 over (4037229 <= k <= 4037329), with index condition: (sbtest5.k between 4037229 and 4037329)  (cost=42.6 rows=94)


table 6 : explain SELECT k, c FROM sbtest6 WHERE k BETWEEN 4037229 AND 4037329
	-> Index range scan on sbtest6 using k_6 over (4037229 <= k <= 4037329), with index condition: (sbtest6.k between 4037229 and 4037329)  (cost=37.6 rows=83)


table 7 : explain SELECT k, c FROM sbtest7 WHERE k BETWEEN 4037229 AND 4037329
	-> Index range scan on sbtest7 using k_7 over (4037229 <= k <= 4037329), with index condition: (sbtest7.k between 4037229 and 4037329)  (cost=34.9 rows=77)


table 8 : explain SELECT k, c FROM sbtest8 WHERE k BETWEEN 4037229 AND 4037329
	-> Index range scan on sbtest8 using k_8 over (4037229 <= k <= 4037329), with index condition: (sbtest8.k between 4037229 and 4037329)  (cost=48 rows=106)


explain: for range-notcovered :: explain SELECT k, c FROM sbtest%d WHERE k BETWEEN 8894786 AND 8894886
for range-notcovered
table 1 : explain SELECT k, c FROM sbtest1 WHERE k BETWEEN 5340685 AND 5340785
	-> Index range scan on sbtest1 using k_1 over (5340685 <= k <= 5340785), with index condition: (sbtest1.k between 5340685 and 5340785)  (cost=42.1 rows=93)


table 2 : explain SELECT k, c FROM sbtest2 WHERE k BETWEEN 5340685 AND 5340785
	-> Index range scan on sbtest2 using k_2 over (5340685 <= k <= 5340785), with index condition: (sbtest2.k between 5340685 and 5340785)  (cost=46.2 rows=102)


table 3 : explain SELECT k, c FROM sbtest3 WHERE k BETWEEN 5340685 AND 5340785
	-> Index range scan on sbtest3 using k_3 over (5340685 <= k <= 5340785), with index condition: (sbtest3.k between 5340685 and 5340785)  (cost=40.8 rows=90)


table 4 : explain SELECT k, c FROM sbtest4 WHERE k BETWEEN 5340685 AND 5340785
	-> Index range scan on sbtest4 using k_4 over (5340685 <= k <= 5340785), with index condition: (sbtest4.k between 5340685 and 5340785)  (cost=48.9 rows=108)


table 5 : explain SELECT k, c FROM sbtest5 WHERE k BETWEEN 5340685 AND 5340785
	-> Index range scan on sbtest5 using k_5 over (5340685 <= k <= 5340785), with index condition: (sbtest5.k between 5340685 and 5340785)  (cost=38.5 rows=85)


table 6 : explain SELECT k, c FROM sbtest6 WHERE k BETWEEN 5340685 AND 5340785
	-> Index range scan on sbtest6 using k_6 over (5340685 <= k <= 5340785), with index condition: (sbtest6.k between 5340685 and 5340785)  (cost=49.3 rows=109)


table 7 : explain SELECT k, c FROM sbtest7 WHERE k BETWEEN 5340685 AND 5340785
	-> Index range scan on sbtest7 using k_7 over (5340685 <= k <= 5340785), with index condition: (sbtest7.k between 5340685 and 5340785)  (cost=48 rows=106)


table 8 : explain SELECT k, c FROM sbtest8 WHERE k BETWEEN 5340685 AND 5340785
	-> Index range scan on sbtest8 using k_8 over (5340685 <= k <= 5340785), with index condition: (sbtest8.k between 5340685 and 5340785)  (cost=42.1 rows=93)


for range-notcovered
table 1 : explain SELECT k, c FROM sbtest1 WHERE k BETWEEN 2605401 AND 2605501
	-> Index range scan on sbtest1 using k_1 over (2605401 <= k <= 2605501), with index condition: (sbtest1.k between 2605401 and 2605501)  (cost=60.6 rows=134)


table 2 : explain SELECT k, c FROM sbtest2 WHERE k BETWEEN 2605401 AND 2605501
	-> Index range scan on sbtest2 using k_2 over (2605401 <= k <= 2605501), with index condition: (sbtest2.k between 2605401 and 2605501)  (cost=47.5 rows=105)


table 3 : explain SELECT k, c FROM sbtest3 WHERE k BETWEEN 2605401 AND 2605501
	-> Index range scan on sbtest3 using k_3 over (2605401 <= k <= 2605501), with index condition: (sbtest3.k between 2605401 and 2605501)  (cost=41.7 rows=92)


table 4 : explain SELECT k, c FROM sbtest4 WHERE k BETWEEN 2605401 AND 2605501
	-> Index range scan on sbtest4 using k_4 over (2605401 <= k <= 2605501), with index condition: (sbtest4.k between 2605401 and 2605501)  (cost=43.5 rows=96)


table 5 : explain SELECT k, c FROM sbtest5 WHERE k BETWEEN 2605401 AND 2605501
	-> Index range scan on sbtest5 using k_5 over (2605401 <= k <= 2605501), with index condition: (sbtest5.k between 2605401 and 2605501)  (cost=53.4 rows=118)


table 6 : explain SELECT k, c FROM sbtest6 WHERE k BETWEEN 2605401 AND 2605501
	-> Index range scan on sbtest6 using k_6 over (2605401 <= k <= 2605501), with index condition: (sbtest6.k between 2605401 and 2605501)  (cost=53.8 rows=119)


table 7 : explain SELECT k, c FROM sbtest7 WHERE k BETWEEN 2605401 AND 2605501
	-> Index range scan on sbtest7 using k_7 over (2605401 <= k <= 2605501), with index condition: (sbtest7.k between 2605401 and 2605501)  (cost=42.1 rows=93)


table 8 : explain SELECT k, c FROM sbtest8 WHERE k BETWEEN 2605401 AND 2605501
	-> Index range scan on sbtest8 using k_8 over (2605401 <= k <= 2605501), with index condition: (sbtest8.k between 2605401 and 2605501)  (cost=52.5 rows=116)


for range-notcovered
table 1 : explain SELECT k, c FROM sbtest1 WHERE k BETWEEN 4587498 AND 4587598
	-> Index range scan on sbtest1 using k_1 over (4587498 <= k <= 4587598), with index condition: (sbtest1.k between 4587498 and 4587598)  (cost=42.1 rows=93)


table 2 : explain SELECT k, c FROM sbtest2 WHERE k BETWEEN 4587498 AND 4587598
	-> Index range scan on sbtest2 using k_2 over (4587498 <= k <= 4587598), with index condition: (sbtest2.k between 4587498 and 4587598)  (cost=47.5 rows=105)


table 3 : explain SELECT k, c FROM sbtest3 WHERE k BETWEEN 4587498 AND 4587598
	-> Index range scan on sbtest3 using k_3 over (4587498 <= k <= 4587598), with index condition: (sbtest3.k between 4587498 and 4587598)  (cost=39.9 rows=88)


table 4 : explain SELECT k, c FROM sbtest4 WHERE k BETWEEN 4587498 AND 4587598
	-> Index range scan on sbtest4 using k_4 over (4587498 <= k <= 4587598), with index condition: (sbtest4.k between 4587498 and 4587598)  (cost=39.4 rows=87)


table 5 : explain SELECT k, c FROM sbtest5 WHERE k BETWEEN 4587498 AND 4587598
	-> Index range scan on sbtest5 using k_5 over (4587498 <= k <= 4587598), with index condition: (sbtest5.k between 4587498 and 4587598)  (cost=55.2 rows=122)


table 6 : explain SELECT k, c FROM sbtest6 WHERE k BETWEEN 4587498 AND 4587598
	-> Index range scan on sbtest6 using k_6 over (4587498 <= k <= 4587598), with index condition: (sbtest6.k between 4587498 and 4587598)  (cost=48.9 rows=108)


table 7 : explain SELECT k, c FROM sbtest7 WHERE k BETWEEN 4587498 AND 4587598
	-> Index range scan on sbtest7 using k_7 over (4587498 <= k <= 4587598), with index condition: (sbtest7.k between 4587498 and 4587598)  (cost=54.3 rows=120)


table 8 : explain SELECT k, c FROM sbtest8 WHERE k BETWEEN 4587498 AND 4587598
	-> Index range scan on sbtest8 using k_8 over (4587498 <= k <= 4587598), with index condition: (sbtest8.k between 4587498 and 4587598)  (cost=51.6 rows=114)


explain: for range-notcovered :: explain SELECT k, c FROM sbtest%d WHERE k BETWEEN 5674711 AND 5674811
explain: for range-notcovered :: explain SELECT k, c FROM sbtest%d WHERE k BETWEEN 4579692 AND 4579792

for range-notcovered
table 1 : explain SELECT k, c FROM sbtest1 WHERE k BETWEEN 6119662 AND 6119762
	-> Index range scan on sbtest1 using k_1 over (6119662 <= k <= 6119762), with index condition: (sbtest1.k between 6119662 and 6119762)  (cost=47.5 rows=105)


table 2 : explain SELECT k, c FROM sbtest2 WHERE k BETWEEN 6119662 AND 6119762
	-> Index range scan on sbtest2 using k_2 over (6119662 <= k <= 6119762), with index condition: (sbtest2.k between 6119662 and 6119762)  (cost=50.2 rows=111)


table 3 : explain SELECT k, c FROM sbtest3 WHERE k BETWEEN 6119662 AND 6119762
	-> Index range scan on sbtest3 using k_3 over (6119662 <= k <= 6119762), with index condition: (sbtest3.k between 6119662 and 6119762)  (cost=48 rows=106)


table 4 : explain SELECT k, c FROM sbtest4 WHERE k BETWEEN 6119662 AND 6119762
	-> Index range scan on sbtest4 using k_4 over (6119662 <= k <= 6119762), with index condition: (sbtest4.k between 6119662 and 6119762)  (cost=48 rows=106)


table 5 : explain SELECT k, c FROM sbtest5 WHERE k BETWEEN 6119662 AND 6119762
	-> Index range scan on sbtest5 using k_5 over (6119662 <= k <= 6119762), with index condition: (sbtest5.k between 6119662 and 6119762)  (cost=43 rows=95)


table 6 : explain SELECT k, c FROM sbtest6 WHERE k BETWEEN 6119662 AND 6119762
	-> Index range scan on sbtest6 using k_6 over (6119662 <= k <= 6119762), with index condition: (sbtest6.k between 6119662 and 6119762)  (cost=41.2 rows=91)


table 7 : explain SELECT k, c FROM sbtest7 WHERE k BETWEEN 6119662 AND 6119762
	-> Index range scan on sbtest7 using k_7 over (6119662 <= k <= 6119762), with index condition: (sbtest7.k between 6119662 and 6119762)  (cost=49.3 rows=109)


table 8 : explain SELECT k, c FROM sbtest8 WHERE k BETWEEN 6119662 AND 6119762
	-> Index range scan on sbtest8 using k_8 over (6119662 <= k <= 6119762), with index condition: (sbtest8.k between 6119662 and 6119762)  (cost=52.5 rows=116)


for range-notcovered
table 1 : explain SELECT k, c FROM sbtest1 WHERE k BETWEEN 6706397 AND 6706497
	-> Index range scan on sbtest1 using k_1 over (6706397 <= k <= 6706497), with index condition: (sbtest1.k between 6706397 and 6706497)  (cost=51.1 rows=113)


table 2 : explain SELECT k, c FROM sbtest2 WHERE k BETWEEN 6706397 AND 6706497
	-> Index range scan on sbtest2 using k_2 over (6706397 <= k <= 6706497), with index condition: (sbtest2.k between 6706397 and 6706497)  (cost=47.1 rows=104)


table 3 : explain SELECT k, c FROM sbtest3 WHERE k BETWEEN 6706397 AND 6706497
	-> Index range scan on sbtest3 using k_3 over (6706397 <= k <= 6706497), with index condition: (sbtest3.k between 6706397 and 6706497)  (cost=49.8 rows=110)


table 4 : explain SELECT k, c FROM sbtest4 WHERE k BETWEEN 6706397 AND 6706497
	-> Index range scan on sbtest4 using k_4 over (6706397 <= k <= 6706497), with index condition: (sbtest4.k between 6706397 and 6706497)  (cost=40.3 rows=89)


table 5 : explain SELECT k, c FROM sbtest5 WHERE k BETWEEN 6706397 AND 6706497
	-> Index range scan on sbtest5 using k_5 over (6706397 <= k <= 6706497), with index condition: (sbtest5.k between 6706397 and 6706497)  (cost=44.4 rows=98)


table 6 : explain SELECT k, c FROM sbtest6 WHERE k BETWEEN 6706397 AND 6706497
	-> Index range scan on sbtest6 using k_6 over (6706397 <= k <= 6706497), with index condition: (sbtest6.k between 6706397 and 6706497)  (cost=43 rows=95)


table 7 : explain SELECT k, c FROM sbtest7 WHERE k BETWEEN 6706397 AND 6706497
	-> Index range scan on sbtest7 using k_7 over (6706397 <= k <= 6706497), with index condition: (sbtest7.k between 6706397 and 6706497)  (cost=53.4 rows=118)


table 8 : explain SELECT k, c FROM sbtest8 WHERE k BETWEEN 6706397 AND 6706497
	-> Index range scan on sbtest8 using k_8 over (6706397 <= k <= 6706497), with index condition: (sbtest8.k between 6706397 and 6706497)  (cost=48 rows=106)

for range-notcovered
table 1 : explain SELECT k, c FROM sbtest1 WHERE k BETWEEN 6448479 AND 6448579
	-> Index range scan on sbtest1 using k_1 over (6448479 <= k <= 6448579), with index condition: (sbtest1.k between 6448479 and 6448579)  (cost=49.3 rows=109)


table 2 : explain SELECT k, c FROM sbtest2 WHERE k BETWEEN 6448479 AND 6448579
	-> Index range scan on sbtest2 using k_2 over (6448479 <= k <= 6448579), with index condition: (sbtest2.k between 6448479 and 6448579)  (cost=45.7 rows=101)


table 3 : explain SELECT k, c FROM sbtest3 WHERE k BETWEEN 6448479 AND 6448579
	-> Index range scan on sbtest3 using k_3 over (6448479 <= k <= 6448579), with index condition: (sbtest3.k between 6448479 and 6448579)  (cost=58.8 rows=130)


table 4 : explain SELECT k, c FROM sbtest4 WHERE k BETWEEN 6448479 AND 6448579
	-> Index range scan on sbtest4 using k_4 over (6448479 <= k <= 6448579), with index condition: (sbtest4.k between 6448479 and 6448579)  (cost=52.9 rows=117)


table 5 : explain SELECT k, c FROM sbtest5 WHERE k BETWEEN 6448479 AND 6448579
	-> Index range scan on sbtest5 using k_5 over (6448479 <= k <= 6448579), with index condition: (sbtest5.k between 6448479 and 6448579)  (cost=39.9 rows=88)


table 6 : explain SELECT k, c FROM sbtest6 WHERE k BETWEEN 6448479 AND 6448579
	-> Index range scan on sbtest6 using k_6 over (6448479 <= k <= 6448579), with index condition: (sbtest6.k between 6448479 and 6448579)  (cost=53.4 rows=118)


table 7 : explain SELECT k, c FROM sbtest7 WHERE k BETWEEN 6448479 AND 6448579
	-> Index range scan on sbtest7 using k_7 over (6448479 <= k <= 6448579), with index condition: (sbtest7.k between 6448479 and 6448579)  (cost=37.6 rows=83)


table 8 : explain SELECT k, c FROM sbtest8 WHERE k BETWEEN 6448479 AND 6448579
	-> Index range scan on sbtest8 using k_8 over (6448479 <= k <= 6448579), with index condition: (sbtest8.k between 6448479 and 6448579)  (cost=40.3 rows=89)


explain: for range-notcovered :: explain SELECT k, c FROM sbtest%d WHERE k BETWEEN 7513703 AND 7513803
explain: for range-notcovered :: explain SELECT k, c FROM sbtest%d WHERE k BETWEEN 4485144 AND 4485244
explain: for range-notcovered :: explain SELECT k, c FROM sbtest%d WHERE k BETWEEN 4743222 AND 4743322explain: for range-notcovered :: explain SELECT k, c FROM sbtest%d WHERE k BETWEEN 4296884 AND 4296984


explain: for range-notcovered :: explain SELECT k, c FROM sbtest%d WHERE k BETWEEN 6799449 AND 6799549
explain: for range-notcovered :: explain SELECT k, c FROM sbtest%d WHERE k BETWEEN 5340685 AND 5340785
for range-notcovered
table 1 : explain SELECT k, c FROM sbtest1 WHERE k BETWEEN 6797604 AND 6797704
	-> Index range scan on sbtest1 using k_1 over (6797604 <= k <= 6797704), with index condition: (sbtest1.k between 6797604 and 6797704)  (cost=42.1 rows=93)


table 2 : explain SELECT k, c FROM sbtest2 WHERE k BETWEEN 6797604 AND 6797704
	-> Index range scan on sbtest2 using k_2 over (6797604 <= k <= 6797704), with index condition: (sbtest2.k between 6797604 and 6797704)  (cost=43 rows=95)


table 3 : explain SELECT k, c FROM sbtest3 WHERE k BETWEEN 6797604 AND 6797704
	-> Index range scan on sbtest3 using k_3 over (6797604 <= k <= 6797704), with index condition: (sbtest3.k between 6797604 and 6797704)  (cost=50.7 rows=112)


table 4 : explain SELECT k, c FROM sbtest4 WHERE k BETWEEN 6797604 AND 6797704
	-> Index range scan on sbtest4 using k_4 over (6797604 <= k <= 6797704), with index condition: (sbtest4.k between 6797604 and 6797704)  (cost=40.3 rows=89)


table 5 : explain SELECT k, c FROM sbtest5 WHERE k BETWEEN 6797604 AND 6797704
	-> Index range scan on sbtest5 using k_5 over (6797604 <= k <= 6797704), with index condition: (sbtest5.k between 6797604 and 6797704)  (cost=42.1 rows=93)


table 6 : explain SELECT k, c FROM sbtest6 WHERE k BETWEEN 6797604 AND 6797704
	-> Index range scan on sbtest6 using k_6 over (6797604 <= k <= 6797704), with index condition: (sbtest6.k between 6797604 and 6797704)  (cost=47.5 rows=105)


table 7 : explain SELECT k, c FROM sbtest7 WHERE k BETWEEN 6797604 AND 6797704
	-> Index range scan on sbtest7 using k_7 over (6797604 <= k <= 6797704), with index condition: (sbtest7.k between 6797604 and 6797704)  (cost=47.5 rows=105)


table 8 : explain SELECT k, c FROM sbtest8 WHERE k BETWEEN 6797604 AND 6797704
	-> Index range scan on sbtest8 using k_8 over (6797604 <= k <= 6797704), with index condition: (sbtest8.k between 6797604 and 6797704)  (cost=42.6 rows=94)


for range-notcovered
table 1 : explain SELECT k, c FROM sbtest1 WHERE k BETWEEN 4742653 AND 4742753
	-> Index range scan on sbtest1 using k_1 over (4742653 <= k <= 4742753), with index condition: (sbtest1.k between 4742653 and 4742753)  (cost=46.2 rows=102)


table 2 : explain SELECT k, c FROM sbtest2 WHERE k BETWEEN 4742653 AND 4742753
	-> Index range scan on sbtest2 using k_2 over (4742653 <= k <= 4742753), with index condition: (sbtest2.k between 4742653 and 4742753)  (cost=44.8 rows=99)


table 3 : explain SELECT k, c FROM sbtest3 WHERE k BETWEEN 4742653 AND 4742753
	-> Index range scan on sbtest3 using k_3 over (4742653 <= k <= 4742753), with index condition: (sbtest3.k between 4742653 and 4742753)  (cost=37.6 rows=83)


table 4 : explain SELECT k, c FROM sbtest4 WHERE k BETWEEN 4742653 AND 4742753
	-> Index range scan on sbtest4 using k_4 over (4742653 <= k <= 4742753), with index condition: (sbtest4.k between 4742653 and 4742753)  (cost=39.9 rows=88)


table 5 : explain SELECT k, c FROM sbtest5 WHERE k BETWEEN 4742653 AND 4742753
	-> Index range scan on sbtest5 using k_5 over (4742653 <= k <= 4742753), with index condition: (sbtest5.k between 4742653 and 4742753)  (cost=55.2 rows=122)


table 6 : explain SELECT k, c FROM sbtest6 WHERE k BETWEEN 4742653 AND 4742753
	-> Index range scan on sbtest6 using k_6 over (4742653 <= k <= 4742753), with index condition: (sbtest6.k between 4742653 and 4742753)  (cost=44.4 rows=98)


table 7 : explain SELECT k, c FROM sbtest7 WHERE k BETWEEN 4742653 AND 4742753
	-> Index range scan on sbtest7 using k_7 over (4742653 <= k <= 4742753), with index condition: (sbtest7.k between 4742653 and 4742753)  (cost=43.9 rows=97)


table 8 : explain SELECT k, c FROM sbtest8 WHERE k BETWEEN 4742653 AND 4742753
	-> Index range scan on sbtest8 using k_8 over (4742653 <= k <= 4742753), with index condition: (sbtest8.k between 4742653 and 4742753)  (cost=43.9 rows=97)


for range-notcovered
table 1 : explain SELECT k, c FROM sbtest1 WHERE k BETWEEN 6684560 AND 6684660
	-> Index range scan on sbtest1 using k_1 over (6684560 <= k <= 6684660), with index condition: (sbtest1.k between 6684560 and 6684660)  (cost=46.6 rows=103)


table 2 : explain SELECT k, c FROM sbtest2 WHERE k BETWEEN 6684560 AND 6684660
	-> Index range scan on sbtest2 using k_2 over (6684560 <= k <= 6684660), with index condition: (sbtest2.k between 6684560 and 6684660)  (cost=42.6 rows=94)


table 3 : explain SELECT k, c FROM sbtest3 WHERE k BETWEEN 6684560 AND 6684660
	-> Index range scan on sbtest3 using k_3 over (6684560 <= k <= 6684660), with index condition: (sbtest3.k between 6684560 and 6684660)  (cost=48.4 rows=107)


table 4 : explain SELECT k, c FROM sbtest4 WHERE k BETWEEN 6684560 AND 6684660
	-> Index range scan on sbtest4 using k_4 over (6684560 <= k <= 6684660), with index condition: (sbtest4.k between 6684560 and 6684660)  (cost=41.2 rows=91)


table 5 : explain SELECT k, c FROM sbtest5 WHERE k BETWEEN 6684560 AND 6684660
	-> Index range scan on sbtest5 using k_5 over (6684560 <= k <= 6684660), with index condition: (sbtest5.k between 6684560 and 6684660)  (cost=48.4 rows=107)


table 6 : explain SELECT k, c FROM sbtest6 WHERE k BETWEEN 6684560 AND 6684660
	-> Index range scan on sbtest6 using k_6 over (6684560 <= k <= 6684660), with index condition: (sbtest6.k between 6684560 and 6684660)  (cost=43.9 rows=97)


table 7 : explain SELECT k, c FROM sbtest7 WHERE k BETWEEN 6684560 AND 6684660
	-> Index range scan on sbtest7 using k_7 over (6684560 <= k <= 6684660), with index condition: (sbtest7.k between 6684560 and 6684660)  (cost=44.8 rows=99)


table 8 : explain SELECT k, c FROM sbtest8 WHERE k BETWEEN 6684560 AND 6684660
	-> Index range scan on sbtest8 using k_8 over (6684560 <= k <= 6684660), with index condition: (sbtest8.k between 6684560 and 6684660)  (cost=48.4 rows=107)


explain: for range-notcovered :: explain SELECT k, c FROM sbtest%d WHERE k BETWEEN 6448479 AND 6448579
explain: for range-notcovered :: explain SELECT k, c FROM sbtest%d WHERE k BETWEEN 2605401 AND 2605501
for range-notcovered
table 1 : explain SELECT k, c FROM sbtest1 WHERE k BETWEEN 2974923 AND 2975023
	-> Index range scan on sbtest1 using k_1 over (2974923 <= k <= 2975023), with index condition: (sbtest1.k between 2974923 and 2975023)  (cost=44.8 rows=99)


table 2 : explain SELECT k, c FROM sbtest2 WHERE k BETWEEN 2974923 AND 2975023
	-> Index range scan on sbtest2 using k_2 over (2974923 <= k <= 2975023), with index condition: (sbtest2.k between 2974923 and 2975023)  (cost=51.1 rows=113)


table 3 : explain SELECT k, c FROM sbtest3 WHERE k BETWEEN 2974923 AND 2975023
	-> Index range scan on sbtest3 using k_3 over (2974923 <= k <= 2975023), with index condition: (sbtest3.k between 2974923 and 2975023)  (cost=45.3 rows=100)


table 4 : explain SELECT k, c FROM sbtest4 WHERE k BETWEEN 2974923 AND 2975023
	-> Index range scan on sbtest4 using k_4 over (2974923 <= k <= 2975023), with index condition: (sbtest4.k between 2974923 and 2975023)  (cost=47.5 rows=105)


table 5 : explain SELECT k, c FROM sbtest5 WHERE k BETWEEN 2974923 AND 2975023
	-> Index range scan on sbtest5 using k_5 over (2974923 <= k <= 2975023), with index condition: (sbtest5.k between 2974923 and 2975023)  (cost=39 rows=86)


table 6 : explain SELECT k, c FROM sbtest6 WHERE k BETWEEN 2974923 AND 2975023
	-> Index range scan on sbtest6 using k_6 over (2974923 <= k <= 2975023), with index condition: (sbtest6.k between 2974923 and 2975023)  (cost=40.8 rows=90)


table 7 : explain SELECT k, c FROM sbtest7 WHERE k BETWEEN 2974923 AND 2975023
	-> Index range scan on sbtest7 using k_7 over (2974923 <= k <= 2975023), with index condition: (sbtest7.k between 2974923 and 2975023)  (cost=41.7 rows=92)


table 8 : explain SELECT k, c FROM sbtest8 WHERE k BETWEEN 2974923 AND 2975023
	-> Index range scan on sbtest8 using k_8 over (2974923 <= k <= 2975023), with index condition: (sbtest8.k between 2974923 and 2975023)  (cost=50.2 rows=111)


for range-notcovered
table 1 : explain SELECT k, c FROM sbtest1 WHERE k BETWEEN 7436497 AND 7436597
	-> Index range scan on sbtest1 using k_1 over (7436497 <= k <= 7436597), with index condition: (sbtest1.k between 7436497 and 7436597)  (cost=50.7 rows=112)


table 2 : explain SELECT k, c FROM sbtest2 WHERE k BETWEEN 7436497 AND 7436597
	-> Index range scan on sbtest2 using k_2 over (7436497 <= k <= 7436597), with index condition: (sbtest2.k between 7436497 and 7436597)  (cost=49.8 rows=110)


table 3 : explain SELECT k, c FROM sbtest3 WHERE k BETWEEN 7436497 AND 7436597
	-> Index range scan on sbtest3 using k_3 over (7436497 <= k <= 7436597), with index condition: (sbtest3.k between 7436497 and 7436597)  (cost=47.5 rows=105)


table 4 : explain SELECT k, c FROM sbtest4 WHERE k BETWEEN 7436497 AND 7436597
	-> Index range scan on sbtest4 using k_4 over (7436497 <= k <= 7436597), with index condition: (sbtest4.k between 7436497 and 7436597)  (cost=47.5 rows=105)


table 5 : explain SELECT k, c FROM sbtest5 WHERE k BETWEEN 7436497 AND 7436597
	-> Index range scan on sbtest5 using k_5 over (7436497 <= k <= 7436597), with index condition: (sbtest5.k between 7436497 and 7436597)  (cost=38.5 rows=85)


table 6 : explain SELECT k, c FROM sbtest6 WHERE k BETWEEN 7436497 AND 7436597
	-> Index range scan on sbtest6 using k_6 over (7436497 <= k <= 7436597), with index condition: (sbtest6.k between 7436497 and 7436597)  (cost=39.4 rows=87)


table 7 : explain SELECT k, c FROM sbtest7 WHERE k BETWEEN 7436497 AND 7436597
	-> Index range scan on sbtest7 using k_7 over (7436497 <= k <= 7436597), with index condition: (sbtest7.k between 7436497 and 7436597)  (cost=40.8 rows=90)


table 8 : explain SELECT k, c FROM sbtest8 WHERE k BETWEEN 7436497 AND 7436597
	-> Index range scan on sbtest8 using k_8 over (7436497 <= k <= 7436597), with index condition: (sbtest8.k between 7436497 and 7436597)  (cost=43 rows=95)


explain: for range-notcovered :: explain SELECT k, c FROM sbtest%d WHERE k BETWEEN 6357521 AND 6357621
for range-notcovered
table 1 : explain SELECT k, c FROM sbtest1 WHERE k BETWEEN 1300126 AND 1300226
	-> Index range scan on sbtest1 using k_1 over (1300126 <= k <= 1300226), with index condition: (sbtest1.k between 1300126 and 1300226)  (cost=45.3 rows=100)


table 2 : explain SELECT k, c FROM sbtest2 WHERE k BETWEEN 1300126 AND 1300226
	-> Index range scan on sbtest2 using k_2 over (1300126 <= k <= 1300226), with index condition: (sbtest2.k between 1300126 and 1300226)  (cost=44.8 rows=99)


table 3 : explain SELECT k, c FROM sbtest3 WHERE k BETWEEN 1300126 AND 1300226
	-> Index range scan on sbtest3 using k_3 over (1300126 <= k <= 1300226), with index condition: (sbtest3.k between 1300126 and 1300226)  (cost=43.9 rows=97)


table 4 : explain SELECT k, c FROM sbtest4 WHERE k BETWEEN 1300126 AND 1300226
	-> Index range scan on sbtest4 using k_4 over (1300126 <= k <= 1300226), with index condition: (sbtest4.k between 1300126 and 1300226)  (cost=47.5 rows=105)


table 5 : explain SELECT k, c FROM sbtest5 WHERE k BETWEEN 1300126 AND 1300226
	-> Index range scan on sbtest5 using k_5 over (1300126 <= k <= 1300226), with index condition: (sbtest5.k between 1300126 and 1300226)  (cost=51.1 rows=113)


table 6 : explain SELECT k, c FROM sbtest6 WHERE k BETWEEN 1300126 AND 1300226
	-> Index range scan on sbtest6 using k_6 over (1300126 <= k <= 1300226), with index condition: (sbtest6.k between 1300126 and 1300226)  (cost=45.3 rows=100)


table 7 : explain SELECT k, c FROM sbtest7 WHERE k BETWEEN 1300126 AND 1300226
	-> Index range scan on sbtest7 using k_7 over (1300126 <= k <= 1300226), with index condition: (sbtest7.k between 1300126 and 1300226)  (cost=39.9 rows=88)


table 8 : explain SELECT k, c FROM sbtest8 WHERE k BETWEEN 1300126 AND 1300226
	-> Index range scan on sbtest8 using k_8 over (1300126 <= k <= 1300226), with index condition: (sbtest8.k between 1300126 and 1300226)  (cost=39.9 rows=88)

for range-notcovered
table 1 : explain SELECT k, c FROM sbtest1 WHERE k BETWEEN 5415594 AND 5415694
	-> Index range scan on sbtest1 using k_1 over (5415594 <= k <= 5415694), with index condition: (sbtest1.k between 5415594 and 5415694)  (cost=45.3 rows=100)


table 2 : explain SELECT k, c FROM sbtest2 WHERE k BETWEEN 5415594 AND 5415694
	-> Index range scan on sbtest2 using k_2 over (5415594 <= k <= 5415694), with index condition: (sbtest2.k between 5415594 and 5415694)  (cost=50.7 rows=112)


table 3 : explain SELECT k, c FROM sbtest3 WHERE k BETWEEN 5415594 AND 5415694
	-> Index range scan on sbtest3 using k_3 over (5415594 <= k <= 5415694), with index condition: (sbtest3.k between 5415594 and 5415694)  (cost=39.4 rows=87)


table 4 : explain SELECT k, c FROM sbtest4 WHERE k BETWEEN 5415594 AND 5415694
	-> Index range scan on sbtest4 using k_4 over (5415594 <= k <= 5415694), with index condition: (sbtest4.k between 5415594 and 5415694)  (cost=40.3 rows=89)


table 5 : explain SELECT k, c FROM sbtest5 WHERE k BETWEEN 5415594 AND 5415694
	-> Index range scan on sbtest5 using k_5 over (5415594 <= k <= 5415694), with index condition: (sbtest5.k between 5415594 and 5415694)  (cost=46.2 rows=102)


table 6 : explain SELECT k, c FROM sbtest6 WHERE k BETWEEN 5415594 AND 5415694
	-> Index range scan on sbtest6 using k_6 over (5415594 <= k <= 5415694), with index condition: (sbtest6.k between 5415594 and 5415694)  (cost=50.2 rows=111)


table 7 : explain SELECT k, c FROM sbtest7 WHERE k BETWEEN 5415594 AND 5415694
	-> Index range scan on sbtest7 using k_7 over (5415594 <= k <= 5415694), with index condition: (sbtest7.k between 5415594 and 5415694)  (cost=45.7 rows=101)


table 8 : explain SELECT k, c FROM sbtest8 WHERE k BETWEEN 5415594 AND 5415694
	-> Index range scan on sbtest8 using k_8 over (5415594 <= k <= 5415694), with index condition: (sbtest8.k between 5415594 and 5415694)  (cost=46.6 rows=103)

explain: for range-notcovered :: explain SELECT k, c FROM sbtest%d WHERE k BETWEEN 6706397 AND 6706497for range-notcovered
table 1 : explain SELECT k, c FROM sbtest1 WHERE k BETWEEN 7765506 AND 7765606
	-> Index range scan on sbtest1 using k_1 over (7765506 <= k <= 7765606), with index condition: (sbtest1.k between 7765506 and 7765606)  (cost=51.1 rows=113)


table 2 : explain SELECT k, c FROM sbtest2 WHERE k BETWEEN 7765506 AND 7765606
	-> Index range scan on sbtest2 using k_2 over (7765506 <= k <= 7765606), with index condition: (sbtest2.k between 7765506 and 7765606)  (cost=52.9 rows=117)


table 3 : explain SELECT k, c FROM sbtest3 WHERE k BETWEEN 7765506 AND 7765606
	-> Index range scan on sbtest3 using k_3 over (7765506 <= k <= 7765606), with index condition: (sbtest3.k between 7765506 and 7765606)  (cost=49.8 rows=110)


table 4 : explain SELECT k, c FROM sbtest4 WHERE k BETWEEN 7765506 AND 7765606
	-> Index range scan on sbtest4 using k_4 over (7765506 <= k <= 7765606), with index condition: (sbtest4.k between 7765506 and 7765606)  (cost=42.1 rows=93)


table 5 : explain SELECT k, c FROM sbtest5 WHERE k BETWEEN 7765506 AND 7765606
	-> Index range scan on sbtest5 using k_5 over (7765506 <= k <= 7765606), with index condition: (sbtest5.k between 7765506 and 7765606)  (cost=51.6 rows=114)


table 6 : explain SELECT k, c FROM sbtest6 WHERE k BETWEEN 7765506 AND 7765606
	-> Index range scan on sbtest6 using k_6 over (7765506 <= k <= 7765606), with index condition: (sbtest6.k between 7765506 and 7765606)  (cost=44.4 rows=98)


table 7 : explain SELECT k, c FROM sbtest7 WHERE k BETWEEN 7765506 AND 7765606
	-> Index range scan on sbtest7 using k_7 over (7765506 <= k <= 7765606), with index condition: (sbtest7.k between 7765506 and 7765606)  (cost=42.6 rows=94)


table 8 : explain SELECT k, c FROM sbtest8 WHERE k BETWEEN 7765506 AND 7765606
	-> Index range scan on sbtest8 using k_8 over (7765506 <= k <= 7765606), with index condition: (sbtest8.k between 7765506 and 7765606)  (cost=48 rows=106)



explain: for range-notcovered :: explain SELECT k, c FROM sbtest%d WHERE k BETWEEN 6119662 AND 6119762for range-notcovered
table 1 : explain SELECT k, c FROM sbtest1 WHERE k BETWEEN 6156151 AND 6156251
	-> Index range scan on sbtest1 using k_1 over (6156151 <= k <= 6156251), with index condition: (sbtest1.k between 6156151 and 6156251)  (cost=42.1 rows=93)


table 2 : explain SELECT k, c FROM sbtest2 WHERE k BETWEEN 6156151 AND 6156251
	-> Index range scan on sbtest2 using k_2 over (6156151 <= k <= 6156251), with index condition: (sbtest2.k between 6156151 and 6156251)  (cost=44.8 rows=99)


table 3 : explain SELECT k, c FROM sbtest3 WHERE k BETWEEN 6156151 AND 6156251
	-> Index range scan on sbtest3 using k_3 over (6156151 <= k <= 6156251), with index condition: (sbtest3.k between 6156151 and 6156251)  (cost=47.5 rows=105)


table 4 : explain SELECT k, c FROM sbtest4 WHERE k BETWEEN 6156151 AND 6156251
	-> Index range scan on sbtest4 using k_4 over (6156151 <= k <= 6156251), with index condition: (sbtest4.k between 6156151 and 6156251)  (cost=53.4 rows=118)


table 5 : explain SELECT k, c FROM sbtest5 WHERE k BETWEEN 6156151 AND 6156251
	-> Index range scan on sbtest5 using k_5 over (6156151 <= k <= 6156251), with index condition: (sbtest5.k between 6156151 and 6156251)  (cost=47.1 rows=104)


table 6 : explain SELECT k, c FROM sbtest6 WHERE k BETWEEN 6156151 AND 6156251
	-> Index range scan on sbtest6 using k_6 over (6156151 <= k <= 6156251), with index condition: (sbtest6.k between 6156151 and 6156251)  (cost=48.4 rows=107)


table 7 : explain SELECT k, c FROM sbtest7 WHERE k BETWEEN 6156151 AND 6156251
	-> Index range scan on sbtest7 using k_7 over (6156151 <= k <= 6156251), with index condition: (sbtest7.k between 6156151 and 6156251)  (cost=44.4 rows=98)


table 8 : explain SELECT k, c FROM sbtest8 WHERE k BETWEEN 6156151 AND 6156251
	-> Index range scan on sbtest8 using k_8 over (6156151 <= k <= 6156251), with index condition: (sbtest8.k between 6156151 and 6156251)  (cost=47.5 rows=105)


for range-notcovered
table 1 : explain SELECT k, c FROM sbtest1 WHERE k BETWEEN 5852949 AND 5853049
	-> Index range scan on sbtest1 using k_1 over (5852949 <= k <= 5853049), with index condition: (sbtest1.k between 5852949 and 5853049)  (cost=45.7 rows=101)


table 2 : explain SELECT k, c FROM sbtest2 WHERE k BETWEEN 5852949 AND 5853049
	-> Index range scan on sbtest2 using k_2 over (5852949 <= k <= 5853049), with index condition: (sbtest2.k between 5852949 and 5853049)  (cost=39 rows=86)


table 3 : explain SELECT k, c FROM sbtest3 WHERE k BETWEEN 5852949 AND 5853049
	-> Index range scan on sbtest3 using k_3 over (5852949 <= k <= 5853049), with index condition: (sbtest3.k between 5852949 and 5853049)  (cost=43.5 rows=96)


table 4 : explain SELECT k, c FROM sbtest4 WHERE k BETWEEN 5852949 AND 5853049
	-> Index range scan on sbtest4 using k_4 over (5852949 <= k <= 5853049), with index condition: (sbtest4.k between 5852949 and 5853049)  (cost=50.7 rows=112)


table 5 : explain SELECT k, c FROM sbtest5 WHERE k BETWEEN 5852949 AND 5853049
	-> Index range scan on sbtest5 using k_5 over (5852949 <= k <= 5853049), with index condition: (sbtest5.k between 5852949 and 5853049)  (cost=48.9 rows=108)


table 6 : explain SELECT k, c FROM sbtest6 WHERE k BETWEEN 5852949 AND 5853049
	-> Index range scan on sbtest6 using k_6 over (5852949 <= k <= 5853049), with index condition: (sbtest6.k between 5852949 and 5853049)  (cost=36.7 rows=81)


table 7 : explain SELECT k, c FROM sbtest7 WHERE k BETWEEN 5852949 AND 5853049
	-> Index range scan on sbtest7 using k_7 over (5852949 <= k <= 5853049), with index condition: (sbtest7.k between 5852949 and 5853049)  (cost=44.8 rows=99)


table 8 : explain SELECT k, c FROM sbtest8 WHERE k BETWEEN 5852949 AND 5853049
	-> Index range scan on sbtest8 using k_8 over (5852949 <= k <= 5853049), with index condition: (sbtest8.k between 5852949 and 5853049)  (cost=39.9 rows=88)


explain: for range-notcovered :: explain SELECT k, c FROM sbtest%d WHERE k BETWEEN 6797604 AND 6797704

explain: for range-notcovered :: explain SELECT k, c FROM sbtest%d WHERE k BETWEEN 7765506 AND 7765606
for range-notcovered
table 1 : explain SELECT k, c FROM sbtest1 WHERE k BETWEEN 3471197 AND 3471297
	-> Index range scan on sbtest1 using k_1 over (3471197 <= k <= 3471297), with index condition: (sbtest1.k between 3471197 and 3471297)  (cost=48.4 rows=107)


table 2 : explain SELECT k, c FROM sbtest2 WHERE k BETWEEN 3471197 AND 3471297
	-> Index range scan on sbtest2 using k_2 over (3471197 <= k <= 3471297), with index condition: (sbtest2.k between 3471197 and 3471297)  (cost=45.3 rows=100)


table 3 : explain SELECT k, c FROM sbtest3 WHERE k BETWEEN 3471197 AND 3471297
	-> Index range scan on sbtest3 using k_3 over (3471197 <= k <= 3471297), with index condition: (sbtest3.k between 3471197 and 3471297)  (cost=46.6 rows=103)


table 4 : explain SELECT k, c FROM sbtest4 WHERE k BETWEEN 3471197 AND 3471297
	-> Index range scan on sbtest4 using k_4 over (3471197 <= k <= 3471297), with index condition: (sbtest4.k between 3471197 and 3471297)  (cost=43.5 rows=96)


table 5 : explain SELECT k, c FROM sbtest5 WHERE k BETWEEN 3471197 AND 3471297
	-> Index range scan on sbtest5 using k_5 over (3471197 <= k <= 3471297), with index condition: (sbtest5.k between 3471197 and 3471297)  (cost=43 rows=95)


table 6 : explain SELECT k, c FROM sbtest6 WHERE k BETWEEN 3471197 AND 3471297
	-> Index range scan on sbtest6 using k_6 over (3471197 <= k <= 3471297), with index condition: (sbtest6.k between 3471197 and 3471297)  (cost=33.1 rows=73)


table 7 : explain SELECT k, c FROM sbtest7 WHERE k BETWEEN 3471197 AND 3471297
	-> Index range scan on sbtest7 using k_7 over (3471197 <= k <= 3471297), with index condition: (sbtest7.k between 3471197 and 3471297)  (cost=52 rows=115)


table 8 : explain SELECT k, c FROM sbtest8 WHERE k BETWEEN 3471197 AND 3471297
	-> Index range scan on sbtest8 using k_8 over (3471197 <= k <= 3471297), with index condition: (sbtest8.k between 3471197 and 3471297)  (cost=46.2 rows=102)



explain: for range-notcovered :: explain SELECT k, c FROM sbtest%d WHERE k BETWEEN 4037229 AND 4037329explain: for range-notcovered :: explain SELECT k, c FROM sbtest%d WHERE k BETWEEN 5852949 AND 5853049

explain: for range-notcovered :: explain SELECT k, c FROM sbtest%d WHERE k BETWEEN 4587498 AND 4587598
explain: for range-notcovered :: explain SELECT k, c FROM sbtest%d WHERE k BETWEEN 2974923 AND 2975023for range-notcovered
table 1 : explain SELECT k, c FROM sbtest1 WHERE k BETWEEN 1773117 AND 1773217
	-> Index range scan on sbtest1 using k_1 over (1773117 <= k <= 1773217), with index condition: (sbtest1.k between 1773117 and 1773217)  (cost=41.7 rows=92)


table 2 : explain SELECT k, c FROM sbtest2 WHERE k BETWEEN 1773117 AND 1773217
	-> Index range scan on sbtest2 using k_2 over (1773117 <= k <= 1773217), with index condition: (sbtest2.k between 1773117 and 1773217)  (cost=45.3 rows=100)


table 3 : explain SELECT k, c FROM sbtest3 WHERE k BETWEEN 1773117 AND 1773217
	-> Index range scan on sbtest3 using k_3 over (1773117 <= k <= 1773217), with index condition: (sbtest3.k between 1773117 and 1773217)  (cost=47.5 rows=105)


table 4 : explain SELECT k, c FROM sbtest4 WHERE k BETWEEN 1773117 AND 1773217
	-> Index range scan on sbtest4 using k_4 over (1773117 <= k <= 1773217), with index condition: (sbtest4.k between 1773117 and 1773217)  (cost=42.6 rows=94)


table 5 : explain SELECT k, c FROM sbtest5 WHERE k BETWEEN 1773117 AND 1773217
	-> Index range scan on sbtest5 using k_5 over (1773117 <= k <= 1773217), with index condition: (sbtest5.k between 1773117 and 1773217)  (cost=48.9 rows=108)


table 6 : explain SELECT k, c FROM sbtest6 WHERE k BETWEEN 1773117 AND 1773217
	-> Index range scan on sbtest6 using k_6 over (1773117 <= k <= 1773217), with index condition: (sbtest6.k between 1773117 and 1773217)  (cost=48.4 rows=107)


table 7 : explain SELECT k, c FROM sbtest7 WHERE k BETWEEN 1773117 AND 1773217
	-> Index range scan on sbtest7 using k_7 over (1773117 <= k <= 1773217), with index condition: (sbtest7.k between 1773117 and 1773217)  (cost=46.6 rows=103)


table 8 : explain SELECT k, c FROM sbtest8 WHERE k BETWEEN 1773117 AND 1773217
	-> Index range scan on sbtest8 using k_8 over (1773117 <= k <= 1773217), with index condition: (sbtest8.k between 1773117 and 1773217)  (cost=43 rows=95)



explain: for range-notcovered :: explain SELECT k, c FROM sbtest%d WHERE k BETWEEN 4742653 AND 4742753
explain: for range-notcovered :: explain SELECT k, c FROM sbtest%d WHERE k BETWEEN 7436497 AND 7436597
for range-notcovered
table 1 : explain SELECT k, c FROM sbtest1 WHERE k BETWEEN 6652235 AND 6652335
	-> Index range scan on sbtest1 using k_1 over (6652235 <= k <= 6652335), with index condition: (sbtest1.k between 6652235 and 6652335)  (cost=42.6 rows=94)


table 2 : explain SELECT k, c FROM sbtest2 WHERE k BETWEEN 6652235 AND 6652335
	-> Index range scan on sbtest2 using k_2 over (6652235 <= k <= 6652335), with index condition: (sbtest2.k between 6652235 and 6652335)  (cost=50.2 rows=111)


table 3 : explain SELECT k, c FROM sbtest3 WHERE k BETWEEN 6652235 AND 6652335
	-> Index range scan on sbtest3 using k_3 over (6652235 <= k <= 6652335), with index condition: (sbtest3.k between 6652235 and 6652335)  (cost=43.5 rows=96)


table 4 : explain SELECT k, c FROM sbtest4 WHERE k BETWEEN 6652235 AND 6652335
	-> Index range scan on sbtest4 using k_4 over (6652235 <= k <= 6652335), with index condition: (sbtest4.k between 6652235 and 6652335)  (cost=48 rows=106)


table 5 : explain SELECT k, c FROM sbtest5 WHERE k BETWEEN 6652235 AND 6652335
	-> Index range scan on sbtest5 using k_5 over (6652235 <= k <= 6652335), with index condition: (sbtest5.k between 6652235 and 6652335)  (cost=42.1 rows=93)


table 6 : explain SELECT k, c FROM sbtest6 WHERE k BETWEEN 6652235 AND 6652335
	-> Index range scan on sbtest6 using k_6 over (6652235 <= k <= 6652335), with index condition: (sbtest6.k between 6652235 and 6652335)  (cost=41.2 rows=91)


table 7 : explain SELECT k, c FROM sbtest7 WHERE k BETWEEN 6652235 AND 6652335
	-> Index range scan on sbtest7 using k_7 over (6652235 <= k <= 6652335), with index condition: (sbtest7.k between 6652235 and 6652335)  (cost=44.8 rows=99)


table 8 : explain SELECT k, c FROM sbtest8 WHERE k BETWEEN 6652235 AND 6652335
	-> Index range scan on sbtest8 using k_8 over (6652235 <= k <= 6652335), with index condition: (sbtest8.k between 6652235 and 6652335)  (cost=43.5 rows=96)


explain: for range-notcovered :: explain SELECT k, c FROM sbtest%d WHERE k BETWEEN 4132964 AND 4133064
for range-notcovered
table 1 : explain SELECT k, c FROM sbtest1 WHERE k BETWEEN 3025489 AND 3025589
	-> Index range scan on sbtest1 using k_1 over (3025489 <= k <= 3025589), with index condition: (sbtest1.k between 3025489 and 3025589)  (cost=43.5 rows=96)


table 2 : explain SELECT k, c FROM sbtest2 WHERE k BETWEEN 3025489 AND 3025589
	-> Index range scan on sbtest2 using k_2 over (3025489 <= k <= 3025589), with index condition: (sbtest2.k between 3025489 and 3025589)  (cost=51.1 rows=113)


table 3 : explain SELECT k, c FROM sbtest3 WHERE k BETWEEN 3025489 AND 3025589
	-> Index range scan on sbtest3 using k_3 over (3025489 <= k <= 3025589), with index condition: (sbtest3.k between 3025489 and 3025589)  (cost=34.5 rows=76)


table 4 : explain SELECT k, c FROM sbtest4 WHERE k BETWEEN 3025489 AND 3025589
	-> Index range scan on sbtest4 using k_4 over (3025489 <= k <= 3025589), with index condition: (sbtest4.k between 3025489 and 3025589)  (cost=50.2 rows=111)


table 5 : explain SELECT k, c FROM sbtest5 WHERE k BETWEEN 3025489 AND 3025589
	-> Index range scan on sbtest5 using k_5 over (3025489 <= k <= 3025589), with index condition: (sbtest5.k between 3025489 and 3025589)  (cost=43 rows=95)


table 6 : explain SELECT k, c FROM sbtest6 WHERE k BETWEEN 3025489 AND 3025589
	-> Index range scan on sbtest6 using k_6 over (3025489 <= k <= 3025589), with index condition: (sbtest6.k between 3025489 and 3025589)  (cost=39.9 rows=88)


table 7 : explain SELECT k, c FROM sbtest7 WHERE k BETWEEN 3025489 AND 3025589
	-> Index range scan on sbtest7 using k_7 over (3025489 <= k <= 3025589), with index condition: (sbtest7.k between 3025489 and 3025589)  (cost=45.7 rows=101)


table 8 : explain SELECT k, c FROM sbtest8 WHERE k BETWEEN 3025489 AND 3025589
	-> Index range scan on sbtest8 using k_8 over (3025489 <= k <= 3025589), with index condition: (sbtest8.k between 3025489 and 3025589)  (cost=40.8 rows=90)


explain: for range-notcovered :: explain SELECT k, c FROM sbtest%d WHERE k BETWEEN 6156151 AND 6156251

explain: for range-notcovered :: explain SELECT k, c FROM sbtest%d WHERE k BETWEEN 6684560 AND 6684660

for range-notcovered
table 1 : explain SELECT k, c FROM sbtest1 WHERE k BETWEEN 2769307 AND 2769407
	-> Index range scan on sbtest1 using k_1 over (2769307 <= k <= 2769407), with index condition: (sbtest1.k between 2769307 and 2769407)  (cost=44.4 rows=98)


table 2 : explain SELECT k, c FROM sbtest2 WHERE k BETWEEN 2769307 AND 2769407
	-> Index range scan on sbtest2 using k_2 over (2769307 <= k <= 2769407), with index condition: (sbtest2.k between 2769307 and 2769407)  (cost=41.2 rows=91)


table 3 : explain SELECT k, c FROM sbtest3 WHERE k BETWEEN 2769307 AND 2769407
	-> Index range scan on sbtest3 using k_3 over (2769307 <= k <= 2769407), with index condition: (sbtest3.k between 2769307 and 2769407)  (cost=47.5 rows=105)


table 4 : explain SELECT k, c FROM sbtest4 WHERE k BETWEEN 2769307 AND 2769407
	-> Index range scan on sbtest4 using k_4 over (2769307 <= k <= 2769407), with index condition: (sbtest4.k between 2769307 and 2769407)  (cost=45.3 rows=100)


table 5 : explain SELECT k, c FROM sbtest5 WHERE k BETWEEN 2769307 AND 2769407
	-> Index range scan on sbtest5 using k_5 over (2769307 <= k <= 2769407), with index condition: (sbtest5.k between 2769307 and 2769407)  (cost=43 rows=95)


table 6 : explain SELECT k, c FROM sbtest6 WHERE k BETWEEN 2769307 AND 2769407
	-> Index range scan on sbtest6 using k_6 over (2769307 <= k <= 2769407), with index condition: (sbtest6.k between 2769307 and 2769407)  (cost=44.4 rows=98)


table 7 : explain SELECT k, c FROM sbtest7 WHERE k BETWEEN 2769307 AND 2769407
	-> Index range scan on sbtest7 using k_7 over (2769307 <= k <= 2769407), with index condition: (sbtest7.k between 2769307 and 2769407)  (cost=44.4 rows=98)


table 8 : explain SELECT k, c FROM sbtest8 WHERE k BETWEEN 2769307 AND 2769407
	-> Index range scan on sbtest8 using k_8 over (2769307 <= k <= 2769407), with index condition: (sbtest8.k between 2769307 and 2769407)  (cost=44.4 rows=98)


explain: for range-notcovered :: explain SELECT k, c FROM sbtest%d WHERE k BETWEEN 6652235 AND 6652335

explain: for range-notcovered :: explain SELECT k, c FROM sbtest%d WHERE k BETWEEN 3025489 AND 3025589
explain: for range-notcovered :: explain SELECT k, c FROM sbtest%d WHERE k BETWEEN 2769307 AND 2769407
for range-notcovered
table 1 : explain SELECT k, c FROM sbtest1 WHERE k BETWEEN 4693750 AND 4693850
	-> Index range scan on sbtest1 using k_1 over (4693750 <= k <= 4693850), with index condition: (sbtest1.k between 4693750 and 4693850)  (cost=41.7 rows=92)


table 2 : explain SELECT k, c FROM sbtest2 WHERE k BETWEEN 4693750 AND 4693850
	-> Index range scan on sbtest2 using k_2 over (4693750 <= k <= 4693850), with index condition: (sbtest2.k between 4693750 and 4693850)  (cost=40.8 rows=90)


table 3 : explain SELECT k, c FROM sbtest3 WHERE k BETWEEN 4693750 AND 4693850
	-> Index range scan on sbtest3 using k_3 over (4693750 <= k <= 4693850), with index condition: (sbtest3.k between 4693750 and 4693850)  (cost=46.6 rows=103)


table 4 : explain SELECT k, c FROM sbtest4 WHERE k BETWEEN 4693750 AND 4693850
	-> Index range scan on sbtest4 using k_4 over (4693750 <= k <= 4693850), with index condition: (sbtest4.k between 4693750 and 4693850)  (cost=46.2 rows=102)


table 5 : explain SELECT k, c FROM sbtest5 WHERE k BETWEEN 4693750 AND 4693850
	-> Index range scan on sbtest5 using k_5 over (4693750 <= k <= 4693850), with index condition: (sbtest5.k between 4693750 and 4693850)  (cost=50.2 rows=111)


table 6 : explain SELECT k, c FROM sbtest6 WHERE k BETWEEN 4693750 AND 4693850
	-> Index range scan on sbtest6 using k_6 over (4693750 <= k <= 4693850), with index condition: (sbtest6.k between 4693750 and 4693850)  (cost=38.1 rows=84)


table 7 : explain SELECT k, c FROM sbtest7 WHERE k BETWEEN 4693750 AND 4693850
	-> Index range scan on sbtest7 using k_7 over (4693750 <= k <= 4693850), with index condition: (sbtest7.k between 4693750 and 4693850)  (cost=35.8 rows=79)


table 8 : explain SELECT k, c FROM sbtest8 WHERE k BETWEEN 4693750 AND 4693850
	-> Index range scan on sbtest8 using k_8 over (4693750 <= k <= 4693850), with index condition: (sbtest8.k between 4693750 and 4693850)  (cost=40.3 rows=89)


explain: for range-notcovered :: explain SELECT k, c FROM sbtest%d WHERE k BETWEEN 3471197 AND 3471297
explain: for range-notcovered :: explain SELECT k, c FROM sbtest%d WHERE k BETWEEN 1300126 AND 1300226
explain: for range-notcovered :: explain SELECT k, c FROM sbtest%d WHERE k BETWEEN 1773117 AND 1773217
explain: for range-notcovered :: explain SELECT k, c FROM sbtest%d WHERE k BETWEEN 5415594 AND 5415694for range-notcovered
table 1 : explain SELECT k, c FROM sbtest1 WHERE k BETWEEN 8894786 AND 8894886
	-> Index range scan on sbtest1 using k_1 over (8894786 <= k <= 8894886), with index condition: (sbtest1.k between 8894786 and 8894886)  (cost=52 rows=115)


table 2 : explain SELECT k, c FROM sbtest2 WHERE k BETWEEN 8894786 AND 8894886
	-> Index range scan on sbtest2 using k_2 over (8894786 <= k <= 8894886), with index condition: (sbtest2.k between 8894786 and 8894886)  (cost=40.8 rows=90)


table 3 : explain SELECT k, c FROM sbtest3 WHERE k BETWEEN 8894786 AND 8894886
	-> Index range scan on sbtest3 using k_3 over (8894786 <= k <= 8894886), with index condition: (sbtest3.k between 8894786 and 8894886)  (cost=45.7 rows=101)


table 4 : explain SELECT k, c FROM sbtest4 WHERE k BETWEEN 8894786 AND 8894886
	-> Index range scan on sbtest4 using k_4 over (8894786 <= k <= 8894886), with index condition: (sbtest4.k between 8894786 and 8894886)  (cost=39 rows=86)


table 5 : explain SELECT k, c FROM sbtest5 WHERE k BETWEEN 8894786 AND 8894886
	-> Index range scan on sbtest5 using k_5 over (8894786 <= k <= 8894886), with index condition: (sbtest5.k between 8894786 and 8894886)  (cost=42.1 rows=93)


table 6 : explain SELECT k, c FROM sbtest6 WHERE k BETWEEN 8894786 AND 8894886
	-> Index range scan on sbtest6 using k_6 over (8894786 <= k <= 8894886), with index condition: (sbtest6.k between 8894786 and 8894886)  (cost=43 rows=95)


table 7 : explain SELECT k, c FROM sbtest7 WHERE k BETWEEN 8894786 AND 8894886
	-> Index range scan on sbtest7 using k_7 over (8894786 <= k <= 8894886), with index condition: (sbtest7.k between 8894786 and 8894886)  (cost=44.4 rows=98)


table 8 : explain SELECT k, c FROM sbtest8 WHERE k BETWEEN 8894786 AND 8894886
	-> Index range scan on sbtest8 using k_8 over (8894786 <= k <= 8894886), with index condition: (sbtest8.k between 8894786 and 8894886)  (cost=46.6 rows=103)


for range-notcovered
table 1 : explain SELECT k, c FROM sbtest1 WHERE k BETWEEN 1703319 AND 1703419
	-> Index range scan on sbtest1 using k_1 over (1703319 <= k <= 1703419), with index condition: (sbtest1.k between 1703319 and 1703419)  (cost=45.3 rows=100)


table 2 : explain SELECT k, c FROM sbtest2 WHERE k BETWEEN 1703319 AND 1703419
	-> Index range scan on sbtest2 using k_2 over (1703319 <= k <= 1703419), with index condition: (sbtest2.k between 1703319 and 1703419)  (cost=43.5 rows=96)


table 3 : explain SELECT k, c FROM sbtest3 WHERE k BETWEEN 1703319 AND 1703419
	-> Index range scan on sbtest3 using k_3 over (1703319 <= k <= 1703419), with index condition: (sbtest3.k between 1703319 and 1703419)  (cost=54.7 rows=121)


table 4 : explain SELECT k, c FROM sbtest4 WHERE k BETWEEN 1703319 AND 1703419
	-> Index range scan on sbtest4 using k_4 over (1703319 <= k <= 1703419), with index condition: (sbtest4.k between 1703319 and 1703419)  (cost=46.2 rows=102)


table 5 : explain SELECT k, c FROM sbtest5 WHERE k BETWEEN 1703319 AND 1703419
	-> Index range scan on sbtest5 using k_5 over (1703319 <= k <= 1703419), with index condition: (sbtest5.k between 1703319 and 1703419)  (cost=41.2 rows=91)


table 6 : explain SELECT k, c FROM sbtest6 WHERE k BETWEEN 1703319 AND 1703419
	-> Index range scan on sbtest6 using k_6 over (1703319 <= k <= 1703419), with index condition: (sbtest6.k between 1703319 and 1703419)  (cost=42.6 rows=94)


table 7 : explain SELECT k, c FROM sbtest7 WHERE k BETWEEN 1703319 AND 1703419
	-> Index range scan on sbtest7 using k_7 over (1703319 <= k <= 1703419), with index condition: (sbtest7.k between 1703319 and 1703419)  (cost=39.9 rows=88)


table 8 : explain SELECT k, c FROM sbtest8 WHERE k BETWEEN 1703319 AND 1703419
	-> Index range scan on sbtest8 using k_8 over (1703319 <= k <= 1703419), with index condition: (sbtest8.k between 1703319 and 1703419)  (cost=40.8 rows=90)



for range-notcovered
table 1 : explain SELECT k, c FROM sbtest1 WHERE k BETWEEN 8269975 AND 8270075
	-> Index range scan on sbtest1 using k_1 over (8269975 <= k <= 8270075), with index condition: (sbtest1.k between 8269975 and 8270075)  (cost=43 rows=95)


table 2 : explain SELECT k, c FROM sbtest2 WHERE k BETWEEN 8269975 AND 8270075
	-> Index range scan on sbtest2 using k_2 over (8269975 <= k <= 8270075), with index condition: (sbtest2.k between 8269975 and 8270075)  (cost=41.7 rows=92)


table 3 : explain SELECT k, c FROM sbtest3 WHERE k BETWEEN 8269975 AND 8270075
	-> Index range scan on sbtest3 using k_3 over (8269975 <= k <= 8270075), with index condition: (sbtest3.k between 8269975 and 8270075)  (cost=45.3 rows=100)


table 4 : explain SELECT k, c FROM sbtest4 WHERE k BETWEEN 8269975 AND 8270075
	-> Index range scan on sbtest4 using k_4 over (8269975 <= k <= 8270075), with index condition: (sbtest4.k between 8269975 and 8270075)  (cost=38.1 rows=84)


table 5 : explain SELECT k, c FROM sbtest5 WHERE k BETWEEN 8269975 AND 8270075
	-> Index range scan on sbtest5 using k_5 over (8269975 <= k <= 8270075), with index condition: (sbtest5.k between 8269975 and 8270075)  (cost=40.8 rows=90)


table 6 : explain SELECT k, c FROM sbtest6 WHERE k BETWEEN 8269975 AND 8270075
	-> Index range scan on sbtest6 using k_6 over (8269975 <= k <= 8270075), with index condition: (sbtest6.k between 8269975 and 8270075)  (cost=46.6 rows=103)


table 7 : explain SELECT k, c FROM sbtest7 WHERE k BETWEEN 8269975 AND 8270075
	-> Index range scan on sbtest7 using k_7 over (8269975 <= k <= 8270075), with index condition: (sbtest7.k between 8269975 and 8270075)  (cost=40.3 rows=89)


table 8 : explain SELECT k, c FROM sbtest8 WHERE k BETWEEN 8269975 AND 8270075
	-> Index range scan on sbtest8 using k_8 over (8269975 <= k <= 8270075), with index condition: (sbtest8.k between 8269975 and 8270075)  (cost=48 rows=106)


for range-notcovered
table 1 : explain SELECT k, c FROM sbtest1 WHERE k BETWEEN 7267870 AND 7267970
	-> Index range scan on sbtest1 using k_1 over (7267870 <= k <= 7267970), with index condition: (sbtest1.k between 7267870 and 7267970)  (cost=45.3 rows=100)


table 2 : explain SELECT k, c FROM sbtest2 WHERE k BETWEEN 7267870 AND 7267970
	-> Index range scan on sbtest2 using k_2 over (7267870 <= k <= 7267970), with index condition: (sbtest2.k between 7267870 and 7267970)  (cost=52 rows=115)


table 3 : explain SELECT k, c FROM sbtest3 WHERE k BETWEEN 7267870 AND 7267970
	-> Index range scan on sbtest3 using k_3 over (7267870 <= k <= 7267970), with index condition: (sbtest3.k between 7267870 and 7267970)  (cost=48.9 rows=108)


table 4 : explain SELECT k, c FROM sbtest4 WHERE k BETWEEN 7267870 AND 7267970
	-> Index range scan on sbtest4 using k_4 over (7267870 <= k <= 7267970), with index condition: (sbtest4.k between 7267870 and 7267970)  (cost=48.4 rows=107)


table 5 : explain SELECT k, c FROM sbtest5 WHERE k BETWEEN 7267870 AND 7267970
	-> Index range scan on sbtest5 using k_5 over (7267870 <= k <= 7267970), with index condition: (sbtest5.k between 7267870 and 7267970)  (cost=43.9 rows=97)


table 6 : explain SELECT k, c FROM sbtest6 WHERE k BETWEEN 7267870 AND 7267970
	-> Index range scan on sbtest6 using k_6 over (7267870 <= k <= 7267970), with index condition: (sbtest6.k between 7267870 and 7267970)  (cost=44.8 rows=99)


table 7 : explain SELECT k, c FROM sbtest7 WHERE k BETWEEN 7267870 AND 7267970
	-> Index range scan on sbtest7 using k_7 over (7267870 <= k <= 7267970), with index condition: (sbtest7.k between 7267870 and 7267970)  (cost=58.8 rows=130)


table 8 : explain SELECT k, c FROM sbtest8 WHERE k BETWEEN 7267870 AND 7267970
	-> Index range scan on sbtest8 using k_8 over (7267870 <= k <= 7267970), with index condition: (sbtest8.k between 7267870 and 7267970)  (cost=46.2 rows=102)


for range-notcovered
table 1 : explain SELECT k, c FROM sbtest1 WHERE k BETWEEN 4399788 AND 4399888
	-> Index range scan on sbtest1 using k_1 over (4399788 <= k <= 4399888), with index condition: (sbtest1.k between 4399788 and 4399888)  (cost=46.6 rows=103)


table 2 : explain SELECT k, c FROM sbtest2 WHERE k BETWEEN 4399788 AND 4399888
	-> Index range scan on sbtest2 using k_2 over (4399788 <= k <= 4399888), with index condition: (sbtest2.k between 4399788 and 4399888)  (cost=44.8 rows=99)


table 3 : explain SELECT k, c FROM sbtest3 WHERE k BETWEEN 4399788 AND 4399888
	-> Index range scan on sbtest3 using k_3 over (4399788 <= k <= 4399888), with index condition: (sbtest3.k between 4399788 and 4399888)  (cost=52.9 rows=117)


table 4 : explain SELECT k, c FROM sbtest4 WHERE k BETWEEN 4399788 AND 4399888
	-> Index range scan on sbtest4 using k_4 over (4399788 <= k <= 4399888), with index condition: (sbtest4.k between 4399788 and 4399888)  (cost=44.4 rows=98)


table 5 : explain SELECT k, c FROM sbtest5 WHERE k BETWEEN 4399788 AND 4399888
	-> Index range scan on sbtest5 using k_5 over (4399788 <= k <= 4399888), with index condition: (sbtest5.k between 4399788 and 4399888)  (cost=48.4 rows=107)


table 6 : explain SELECT k, c FROM sbtest6 WHERE k BETWEEN 4399788 AND 4399888
	-> Index range scan on sbtest6 using k_6 over (4399788 <= k <= 4399888), with index condition: (sbtest6.k between 4399788 and 4399888)  (cost=45.3 rows=100)


table 7 : explain SELECT k, c FROM sbtest7 WHERE k BETWEEN 4399788 AND 4399888
	-> Index range scan on sbtest7 using k_7 over (4399788 <= k <= 4399888), with index condition: (sbtest7.k between 4399788 and 4399888)  (cost=54.3 rows=120)


table 8 : explain SELECT k, c FROM sbtest8 WHERE k BETWEEN 4399788 AND 4399888
	-> Index range scan on sbtest8 using k_8 over (4399788 <= k <= 4399888), with index condition: (sbtest8.k between 4399788 and 4399888)  (cost=43.5 rows=96)


explain: for range-notcovered :: explain SELECT k, c FROM sbtest%d WHERE k BETWEEN 4693750 AND 4693850
explain: for range-notcovered :: explain SELECT k, c FROM sbtest%d WHERE k BETWEEN 1703319 AND 1703419
for range-notcovered
table 1 : explain SELECT k, c FROM sbtest1 WHERE k BETWEEN 5968466 AND 5968566
	-> Index range scan on sbtest1 using k_1 over (5968466 <= k <= 5968566), with index condition: (sbtest1.k between 5968466 and 5968566)  (cost=39.4 rows=87)


table 2 : explain SELECT k, c FROM sbtest2 WHERE k BETWEEN 5968466 AND 5968566
	-> Index range scan on sbtest2 using k_2 over (5968466 <= k <= 5968566), with index condition: (sbtest2.k between 5968466 and 5968566)  (cost=43.5 rows=96)


table 3 : explain SELECT k, c FROM sbtest3 WHERE k BETWEEN 5968466 AND 5968566
	-> Index range scan on sbtest3 using k_3 over (5968466 <= k <= 5968566), with index condition: (sbtest3.k between 5968466 and 5968566)  (cost=52.5 rows=116)


table 4 : explain SELECT k, c FROM sbtest4 WHERE k BETWEEN 5968466 AND 5968566
	-> Index range scan on sbtest4 using k_4 over (5968466 <= k <= 5968566), with index condition: (sbtest4.k between 5968466 and 5968566)  (cost=58.3 rows=129)


table 5 : explain SELECT k, c FROM sbtest5 WHERE k BETWEEN 5968466 AND 5968566
	-> Index range scan on sbtest5 using k_5 over (5968466 <= k <= 5968566), with index condition: (sbtest5.k between 5968466 and 5968566)  (cost=42.1 rows=93)


table 6 : explain SELECT k, c FROM sbtest6 WHERE k BETWEEN 5968466 AND 5968566
	-> Index range scan on sbtest6 using k_6 over (5968466 <= k <= 5968566), with index condition: (sbtest6.k between 5968466 and 5968566)  (cost=39 rows=86)


table 7 : explain SELECT k, c FROM sbtest7 WHERE k BETWEEN 5968466 AND 5968566
	-> Index range scan on sbtest7 using k_7 over (5968466 <= k <= 5968566), with index condition: (sbtest7.k between 5968466 and 5968566)  (cost=49.3 rows=109)


table 8 : explain SELECT k, c FROM sbtest8 WHERE k BETWEEN 5968466 AND 5968566
	-> Index range scan on sbtest8 using k_8 over (5968466 <= k <= 5968566), with index condition: (sbtest8.k between 5968466 and 5968566)  (cost=42.6 rows=94)

for range-notcovered
table 1 : explain SELECT k, c FROM sbtest1 WHERE k BETWEEN 4485144 AND 4485244
	-> Index range scan on sbtest1 using k_1 over (4485144 <= k <= 4485244), with index condition: (sbtest1.k between 4485144 and 4485244)  (cost=49.8 rows=110)


table 2 : explain SELECT k, c FROM sbtest2 WHERE k BETWEEN 4485144 AND 4485244
	-> Index range scan on sbtest2 using k_2 over (4485144 <= k <= 4485244), with index condition: (sbtest2.k between 4485144 and 4485244)  (cost=42.6 rows=94)


table 3 : explain SELECT k, c FROM sbtest3 WHERE k BETWEEN 4485144 AND 4485244
	-> Index range scan on sbtest3 using k_3 over (4485144 <= k <= 4485244), with index condition: (sbtest3.k between 4485144 and 4485244)  (cost=49.8 rows=110)


table 4 : explain SELECT k, c FROM sbtest4 WHERE k BETWEEN 4485144 AND 4485244
	-> Index range scan on sbtest4 using k_4 over (4485144 <= k <= 4485244), with index condition: (sbtest4.k between 4485144 and 4485244)  (cost=38.1 rows=84)


table 5 : explain SELECT k, c FROM sbtest5 WHERE k BETWEEN 4485144 AND 4485244
	-> Index range scan on sbtest5 using k_5 over (4485144 <= k <= 4485244), with index condition: (sbtest5.k between 4485144 and 4485244)  (cost=53.4 rows=118)


table 6 : explain SELECT k, c FROM sbtest6 WHERE k BETWEEN 4485144 AND 4485244
	-> Index range scan on sbtest6 using k_6 over (4485144 <= k <= 4485244), with index condition: (sbtest6.k between 4485144 and 4485244)  (cost=48 rows=106)


table 7 : explain SELECT k, c FROM sbtest7 WHERE k BETWEEN 4485144 AND 4485244
	-> Index range scan on sbtest7 using k_7 over (4485144 <= k <= 4485244), with index condition: (sbtest7.k between 4485144 and 4485244)  (cost=42.6 rows=94)


table 8 : explain SELECT k, c FROM sbtest8 WHERE k BETWEEN 4485144 AND 4485244
	-> Index range scan on sbtest8 using k_8 over (4485144 <= k <= 4485244), with index condition: (sbtest8.k between 4485144 and 4485244)  (cost=46.2 rows=102)



for range-notcovered
table 1 : explain SELECT k, c FROM sbtest1 WHERE k BETWEEN 5674711 AND 5674811
	-> Index range scan on sbtest1 using k_1 over (5674711 <= k <= 5674811), with index condition: (sbtest1.k between 5674711 and 5674811)  (cost=40.8 rows=90)


table 2 : explain SELECT k, c FROM sbtest2 WHERE k BETWEEN 5674711 AND 5674811
	-> Index range scan on sbtest2 using k_2 over (5674711 <= k <= 5674811), with index condition: (sbtest2.k between 5674711 and 5674811)  (cost=41.2 rows=91)


table 3 : explain SELECT k, c FROM sbtest3 WHERE k BETWEEN 5674711 AND 5674811
	-> Index range scan on sbtest3 using k_3 over (5674711 <= k <= 5674811), with index condition: (sbtest3.k between 5674711 and 5674811)  (cost=48 rows=106)


table 4 : explain SELECT k, c FROM sbtest4 WHERE k BETWEEN 5674711 AND 5674811
	-> Index range scan on sbtest4 using k_4 over (5674711 <= k <= 5674811), with index condition: (sbtest4.k between 5674711 and 5674811)  (cost=52 rows=115)


table 5 : explain SELECT k, c FROM sbtest5 WHERE k BETWEEN 5674711 AND 5674811
	-> Index range scan on sbtest5 using k_5 over (5674711 <= k <= 5674811), with index condition: (sbtest5.k between 5674711 and 5674811)  (cost=54.7 rows=121)


table 6 : explain SELECT k, c FROM sbtest6 WHERE k BETWEEN 5674711 AND 5674811
	-> Index range scan on sbtest6 using k_6 over (5674711 <= k <= 5674811), with index condition: (sbtest6.k between 5674711 and 5674811)  (cost=47.1 rows=104)


table 7 : explain SELECT k, c FROM sbtest7 WHERE k BETWEEN 5674711 AND 5674811
	-> Index range scan on sbtest7 using k_7 over (5674711 <= k <= 5674811), with index condition: (sbtest7.k between 5674711 and 5674811)  (cost=43 rows=95)


table 8 : explain SELECT k, c FROM sbtest8 WHERE k BETWEEN 5674711 AND 5674811
	-> Index range scan on sbtest8 using k_8 over (5674711 <= k <= 5674811), with index condition: (sbtest8.k between 5674711 and 5674811)  (cost=51.1 rows=113)


explain: for range-notcovered :: explain SELECT k, c FROM sbtest%d WHERE k BETWEEN 4399788 AND 4399888
explain: for range-notcovered :: explain SELECT k, c FROM sbtest%d WHERE k BETWEEN 8894786 AND 8894886
explain: for range-notcovered :: explain SELECT k, c FROM sbtest%d WHERE k BETWEEN 8269975 AND 8270075
for range-notcovered
table 1 : explain SELECT k, c FROM sbtest1 WHERE k BETWEEN 4296884 AND 4296984
	-> Index range scan on sbtest1 using k_1 over (4296884 <= k <= 4296984), with index condition: (sbtest1.k between 4296884 and 4296984)  (cost=42.6 rows=94)


table 2 : explain SELECT k, c FROM sbtest2 WHERE k BETWEEN 4296884 AND 4296984
	-> Index range scan on sbtest2 using k_2 over (4296884 <= k <= 4296984), with index condition: (sbtest2.k between 4296884 and 4296984)  (cost=38.1 rows=84)


table 3 : explain SELECT k, c FROM sbtest3 WHERE k BETWEEN 4296884 AND 4296984
	-> Index range scan on sbtest3 using k_3 over (4296884 <= k <= 4296984), with index condition: (sbtest3.k between 4296884 and 4296984)  (cost=45.3 rows=100)


table 4 : explain SELECT k, c FROM sbtest4 WHERE k BETWEEN 4296884 AND 4296984
	-> Index range scan on sbtest4 using k_4 over (4296884 <= k <= 4296984), with index condition: (sbtest4.k between 4296884 and 4296984)  (cost=45.7 rows=101)


table 5 : explain SELECT k, c FROM sbtest5 WHERE k BETWEEN 4296884 AND 4296984
	-> Index range scan on sbtest5 using k_5 over (4296884 <= k <= 4296984), with index condition: (sbtest5.k between 4296884 and 4296984)  (cost=47.1 rows=104)


table 6 : explain SELECT k, c FROM sbtest6 WHERE k BETWEEN 4296884 AND 4296984
	-> Index range scan on sbtest6 using k_6 over (4296884 <= k <= 4296984), with index condition: (sbtest6.k between 4296884 and 4296984)  (cost=48 rows=106)


table 7 : explain SELECT k, c FROM sbtest7 WHERE k BETWEEN 4296884 AND 4296984
	-> Index range scan on sbtest7 using k_7 over (4296884 <= k <= 4296984), with index condition: (sbtest7.k between 4296884 and 4296984)  (cost=44.4 rows=98)


table 8 : explain SELECT k, c FROM sbtest8 WHERE k BETWEEN 4296884 AND 4296984
	-> Index range scan on sbtest8 using k_8 over (4296884 <= k <= 4296984), with index condition: (sbtest8.k between 4296884 and 4296984)  (cost=43 rows=95)


for range-notcovered
table 1 : explain SELECT k, c FROM sbtest1 WHERE k BETWEEN 4579692 AND 4579792
	-> Index range scan on sbtest1 using k_1 over (4579692 <= k <= 4579792), with index condition: (sbtest1.k between 4579692 and 4579792)  (cost=40.3 rows=89)


table 2 : explain SELECT k, c FROM sbtest2 WHERE k BETWEEN 4579692 AND 4579792
	-> Index range scan on sbtest2 using k_2 over (4579692 <= k <= 4579792), with index condition: (sbtest2.k between 4579692 and 4579792)  (cost=45.3 rows=100)


table 3 : explain SELECT k, c FROM sbtest3 WHERE k BETWEEN 4579692 AND 4579792
	-> Index range scan on sbtest3 using k_3 over (4579692 <= k <= 4579792), with index condition: (sbtest3.k between 4579692 and 4579792)  (cost=44.4 rows=98)


table 4 : explain SELECT k, c FROM sbtest4 WHERE k BETWEEN 4579692 AND 4579792
	-> Index range scan on sbtest4 using k_4 over (4579692 <= k <= 4579792), with index condition: (sbtest4.k between 4579692 and 4579792)  (cost=46.6 rows=103)


table 5 : explain SELECT k, c FROM sbtest5 WHERE k BETWEEN 4579692 AND 4579792
	-> Index range scan on sbtest5 using k_5 over (4579692 <= k <= 4579792), with index condition: (sbtest5.k between 4579692 and 4579792)  (cost=50.2 rows=111)


table 6 : explain SELECT k, c FROM sbtest6 WHERE k BETWEEN 4579692 AND 4579792
	-> Index range scan on sbtest6 using k_6 over (4579692 <= k <= 4579792), with index condition: (sbtest6.k between 4579692 and 4579792)  (cost=45.3 rows=100)


table 7 : explain SELECT k, c FROM sbtest7 WHERE k BETWEEN 4579692 AND 4579792
	-> Index range scan on sbtest7 using k_7 over (4579692 <= k <= 4579792), with index condition: (sbtest7.k between 4579692 and 4579792)  (cost=47.5 rows=105)


table 8 : explain SELECT k, c FROM sbtest8 WHERE k BETWEEN 4579692 AND 4579792
	-> Index range scan on sbtest8 using k_8 over (4579692 <= k <= 4579792), with index condition: (sbtest8.k between 4579692 and 4579792)  (cost=46.2 rows=102)


explain: for range-notcovered :: explain SELECT k, c FROM sbtest%d WHERE k BETWEEN 7267870 AND 7267970
explain: for range-notcovered :: explain SELECT k, c FROM sbtest%d WHERE k BETWEEN 5968466 AND 5968566explain: for range-notcovered :: explain SELECT k, c FROM sbtest%d WHERE k BETWEEN 5674711 AND 5674811explain: for range-notcovered :: explain SELECT k, c FROM sbtest%d WHERE k BETWEEN 4485144 AND 4485244

for range-notcovered
table 1 : explain SELECT k, c FROM sbtest1 WHERE k BETWEEN 6624859 AND 6624959
	-> Index range scan on sbtest1 using k_1 over (6624859 <= k <= 6624959), with index condition: (sbtest1.k between 6624859 and 6624959)  (cost=50.7 rows=112)


table 2 : explain SELECT k, c FROM sbtest2 WHERE k BETWEEN 6624859 AND 6624959
	-> Index range scan on sbtest2 using k_2 over (6624859 <= k <= 6624959), with index condition: (sbtest2.k between 6624859 and 6624959)  (cost=44.4 rows=98)


table 3 : explain SELECT k, c FROM sbtest3 WHERE k BETWEEN 6624859 AND 6624959
	-> Index range scan on sbtest3 using k_3 over (6624859 <= k <= 6624959), with index condition: (sbtest3.k between 6624859 and 6624959)  (cost=47.5 rows=105)


table 4 : explain SELECT k, c FROM sbtest4 WHERE k BETWEEN 6624859 AND 6624959
	-> Index range scan on sbtest4 using k_4 over (6624859 <= k <= 6624959), with index condition: (sbtest4.k between 6624859 and 6624959)  (cost=40.8 rows=90)


table 5 : explain SELECT k, c FROM sbtest5 WHERE k BETWEEN 6624859 AND 6624959
	-> Index range scan on sbtest5 using k_5 over (6624859 <= k <= 6624959), with index condition: (sbtest5.k between 6624859 and 6624959)  (cost=37.6 rows=83)


table 6 : explain SELECT k, c FROM sbtest6 WHERE k BETWEEN 6624859 AND 6624959
	-> Index range scan on sbtest6 using k_6 over (6624859 <= k <= 6624959), with index condition: (sbtest6.k between 6624859 and 6624959)  (cost=50.2 rows=111)


table 7 : explain SELECT k, c FROM sbtest7 WHERE k BETWEEN 6624859 AND 6624959
	-> Index range scan on sbtest7 using k_7 over (6624859 <= k <= 6624959), with index condition: (sbtest7.k between 6624859 and 6624959)  (cost=41.7 rows=92)


table 8 : explain SELECT k, c FROM sbtest8 WHERE k BETWEEN 6624859 AND 6624959
	-> Index range scan on sbtest8 using k_8 over (6624859 <= k <= 6624959), with index condition: (sbtest8.k between 6624859 and 6624959)  (cost=48 rows=106)

explain: for range-notcovered :: explain SELECT k, c FROM sbtest%d WHERE k BETWEEN 4296884 AND 4296984

explain: for range-notcovered :: explain SELECT k, c FROM sbtest%d WHERE k BETWEEN 4579692 AND 4579792for range-notcovered
table 1 : explain SELECT k, c FROM sbtest1 WHERE k BETWEEN 6799449 AND 6799549
	-> Index range scan on sbtest1 using k_1 over (6799449 <= k <= 6799549), with index condition: (sbtest1.k between 6799449 and 6799549)  (cost=41.2 rows=91)


table 2 : explain SELECT k, c FROM sbtest2 WHERE k BETWEEN 6799449 AND 6799549
	-> Index range scan on sbtest2 using k_2 over (6799449 <= k <= 6799549), with index condition: (sbtest2.k between 6799449 and 6799549)  (cost=49.8 rows=110)


table 3 : explain SELECT k, c FROM sbtest3 WHERE k BETWEEN 6799449 AND 6799549
	-> Index range scan on sbtest3 using k_3 over (6799449 <= k <= 6799549), with index condition: (sbtest3.k between 6799449 and 6799549)  (cost=37.6 rows=83)


table 4 : explain SELECT k, c FROM sbtest4 WHERE k BETWEEN 6799449 AND 6799549
	-> Index range scan on sbtest4 using k_4 over (6799449 <= k <= 6799549), with index condition: (sbtest4.k between 6799449 and 6799549)  (cost=41.7 rows=92)


table 5 : explain SELECT k, c FROM sbtest5 WHERE k BETWEEN 6799449 AND 6799549
	-> Index range scan on sbtest5 using k_5 over (6799449 <= k <= 6799549), with index condition: (sbtest5.k between 6799449 and 6799549)  (cost=39.9 rows=88)


table 6 : explain SELECT k, c FROM sbtest6 WHERE k BETWEEN 6799449 AND 6799549
	-> Index range scan on sbtest6 using k_6 over (6799449 <= k <= 6799549), with index condition: (sbtest6.k between 6799449 and 6799549)  (cost=56.1 rows=124)


table 7 : explain SELECT k, c FROM sbtest7 WHERE k BETWEEN 6799449 AND 6799549
	-> Index range scan on sbtest7 using k_7 over (6799449 <= k <= 6799549), with index condition: (sbtest7.k between 6799449 and 6799549)  (cost=40.8 rows=90)


table 8 : explain SELECT k, c FROM sbtest8 WHERE k BETWEEN 6799449 AND 6799549
	-> Index range scan on sbtest8 using k_8 over (6799449 <= k <= 6799549), with index condition: (sbtest8.k between 6799449 and 6799549)  (cost=54.7 rows=121)




for range-notcovered
table 1 : explain SELECT k, c FROM sbtest1 WHERE k BETWEEN 2925054 AND 2925154
	-> Index range scan on sbtest1 using k_1 over (2925054 <= k <= 2925154), with index condition: (sbtest1.k between 2925054 and 2925154)  (cost=41.2 rows=91)


table 2 : explain SELECT k, c FROM sbtest2 WHERE k BETWEEN 2925054 AND 2925154
	-> Index range scan on sbtest2 using k_2 over (2925054 <= k <= 2925154), with index condition: (sbtest2.k between 2925054 and 2925154)  (cost=45.7 rows=101)


table 3 : explain SELECT k, c FROM sbtest3 WHERE k BETWEEN 2925054 AND 2925154
	-> Index range scan on sbtest3 using k_3 over (2925054 <= k <= 2925154), with index condition: (sbtest3.k between 2925054 and 2925154)  (cost=46.2 rows=102)


table 4 : explain SELECT k, c FROM sbtest4 WHERE k BETWEEN 2925054 AND 2925154
	-> Index range scan on sbtest4 using k_4 over (2925054 <= k <= 2925154), with index condition: (sbtest4.k between 2925054 and 2925154)  (cost=44.8 rows=99)


table 5 : explain SELECT k, c FROM sbtest5 WHERE k BETWEEN 2925054 AND 2925154
	-> Index range scan on sbtest5 using k_5 over (2925054 <= k <= 2925154), with index condition: (sbtest5.k between 2925054 and 2925154)  (cost=45.7 rows=101)


table 6 : explain SELECT k, c FROM sbtest6 WHERE k BETWEEN 2925054 AND 2925154
	-> Index range scan on sbtest6 using k_6 over (2925054 <= k <= 2925154), with index condition: (sbtest6.k between 2925054 and 2925154)  (cost=41.2 rows=91)


table 7 : explain SELECT k, c FROM sbtest7 WHERE k BETWEEN 2925054 AND 2925154
	-> Index range scan on sbtest7 using k_7 over (2925054 <= k <= 2925154), with index condition: (sbtest7.k between 2925054 and 2925154)  (cost=46.2 rows=102)


table 8 : explain SELECT k, c FROM sbtest8 WHERE k BETWEEN 2925054 AND 2925154
	-> Index range scan on sbtest8 using k_8 over (2925054 <= k <= 2925154), with index condition: (sbtest8.k between 2925054 and 2925154)  (cost=51.6 rows=114)


for range-notcovered
table 1 : explain SELECT k, c FROM sbtest1 WHERE k BETWEEN 7513703 AND 7513803
	-> Index range scan on sbtest1 using k_1 over (7513703 <= k <= 7513803), with index condition: (sbtest1.k between 7513703 and 7513803)  (cost=46.2 rows=102)


table 2 : explain SELECT k, c FROM sbtest2 WHERE k BETWEEN 7513703 AND 7513803
	-> Index range scan on sbtest2 using k_2 over (7513703 <= k <= 7513803), with index condition: (sbtest2.k between 7513703 and 7513803)  (cost=47.5 rows=105)


table 3 : explain SELECT k, c FROM sbtest3 WHERE k BETWEEN 7513703 AND 7513803
	-> Index range scan on sbtest3 using k_3 over (7513703 <= k <= 7513803), with index condition: (sbtest3.k between 7513703 and 7513803)  (cost=45.3 rows=100)


table 4 : explain SELECT k, c FROM sbtest4 WHERE k BETWEEN 7513703 AND 7513803
	-> Index range scan on sbtest4 using k_4 over (7513703 <= k <= 7513803), with index condition: (sbtest4.k between 7513703 and 7513803)  (cost=50.2 rows=111)


table 5 : explain SELECT k, c FROM sbtest5 WHERE k BETWEEN 7513703 AND 7513803
	-> Index range scan on sbtest5 using k_5 over (7513703 <= k <= 7513803), with index condition: (sbtest5.k between 7513703 and 7513803)  (cost=45.7 rows=101)


table 6 : explain SELECT k, c FROM sbtest6 WHERE k BETWEEN 7513703 AND 7513803
	-> Index range scan on sbtest6 using k_6 over (7513703 <= k <= 7513803), with index condition: (sbtest6.k between 7513703 and 7513803)  (cost=41.7 rows=92)


table 7 : explain SELECT k, c FROM sbtest7 WHERE k BETWEEN 7513703 AND 7513803
	-> Index range scan on sbtest7 using k_7 over (7513703 <= k <= 7513803), with index condition: (sbtest7.k between 7513703 and 7513803)  (cost=45.7 rows=101)


table 8 : explain SELECT k, c FROM sbtest8 WHERE k BETWEEN 7513703 AND 7513803
	-> Index range scan on sbtest8 using k_8 over (7513703 <= k <= 7513803), with index condition: (sbtest8.k between 7513703 and 7513803)  (cost=43 rows=95)


explain: for range-notcovered :: explain SELECT k, c FROM sbtest%d WHERE k BETWEEN 6624859 AND 6624959
for range-notcovered
table 1 : explain SELECT k, c FROM sbtest1 WHERE k BETWEEN 6448479 AND 6448579
	-> Index range scan on sbtest1 using k_1 over (6448479 <= k <= 6448579), with index condition: (sbtest1.k between 6448479 and 6448579)  (cost=49.3 rows=109)


table 2 : explain SELECT k, c FROM sbtest2 WHERE k BETWEEN 6448479 AND 6448579
	-> Index range scan on sbtest2 using k_2 over (6448479 <= k <= 6448579), with index condition: (sbtest2.k between 6448479 and 6448579)  (cost=45.7 rows=101)


table 3 : explain SELECT k, c FROM sbtest3 WHERE k BETWEEN 6448479 AND 6448579
	-> Index range scan on sbtest3 using k_3 over (6448479 <= k <= 6448579), with index condition: (sbtest3.k between 6448479 and 6448579)  (cost=58.8 rows=130)


table 4 : explain SELECT k, c FROM sbtest4 WHERE k BETWEEN 6448479 AND 6448579
	-> Index range scan on sbtest4 using k_4 over (6448479 <= k <= 6448579), with index condition: (sbtest4.k between 6448479 and 6448579)  (cost=52.9 rows=117)


table 5 : explain SELECT k, c FROM sbtest5 WHERE k BETWEEN 6448479 AND 6448579
	-> Index range scan on sbtest5 using k_5 over (6448479 <= k <= 6448579), with index condition: (sbtest5.k between 6448479 and 6448579)  (cost=39.9 rows=88)


table 6 : explain SELECT k, c FROM sbtest6 WHERE k BETWEEN 6448479 AND 6448579
	-> Index range scan on sbtest6 using k_6 over (6448479 <= k <= 6448579), with index condition: (sbtest6.k between 6448479 and 6448579)  (cost=53.4 rows=118)


table 7 : explain SELECT k, c FROM sbtest7 WHERE k BETWEEN 6448479 AND 6448579
	-> Index range scan on sbtest7 using k_7 over (6448479 <= k <= 6448579), with index condition: (sbtest7.k between 6448479 and 6448579)  (cost=37.6 rows=83)


table 8 : explain SELECT k, c FROM sbtest8 WHERE k BETWEEN 6448479 AND 6448579
	-> Index range scan on sbtest8 using k_8 over (6448479 <= k <= 6448579), with index condition: (sbtest8.k between 6448479 and 6448579)  (cost=40.3 rows=89)

explain: for range-notcovered :: explain SELECT k, c FROM sbtest%d WHERE k BETWEEN 6799449 AND 6799549
for range-notcovered
table 1 : explain SELECT k, c FROM sbtest1 WHERE k BETWEEN 5340685 AND 5340785
	-> Index range scan on sbtest1 using k_1 over (5340685 <= k <= 5340785), with index condition: (sbtest1.k between 5340685 and 5340785)  (cost=42.1 rows=93)


table 2 : explain SELECT k, c FROM sbtest2 WHERE k BETWEEN 5340685 AND 5340785
	-> Index range scan on sbtest2 using k_2 over (5340685 <= k <= 5340785), with index condition: (sbtest2.k between 5340685 and 5340785)  (cost=46.2 rows=102)


table 3 : explain SELECT k, c FROM sbtest3 WHERE k BETWEEN 5340685 AND 5340785
	-> Index range scan on sbtest3 using k_3 over (5340685 <= k <= 5340785), with index condition: (sbtest3.k between 5340685 and 5340785)  (cost=40.8 rows=90)


table 4 : explain SELECT k, c FROM sbtest4 WHERE k BETWEEN 5340685 AND 5340785
	-> Index range scan on sbtest4 using k_4 over (5340685 <= k <= 5340785), with index condition: (sbtest4.k between 5340685 and 5340785)  (cost=48.9 rows=108)


table 5 : explain SELECT k, c FROM sbtest5 WHERE k BETWEEN 5340685 AND 5340785
	-> Index range scan on sbtest5 using k_5 over (5340685 <= k <= 5340785), with index condition: (sbtest5.k between 5340685 and 5340785)  (cost=38.5 rows=85)


table 6 : explain SELECT k, c FROM sbtest6 WHERE k BETWEEN 5340685 AND 5340785
	-> Index range scan on sbtest6 using k_6 over (5340685 <= k <= 5340785), with index condition: (sbtest6.k between 5340685 and 5340785)  (cost=49.3 rows=109)


table 7 : explain SELECT k, c FROM sbtest7 WHERE k BETWEEN 5340685 AND 5340785
	-> Index range scan on sbtest7 using k_7 over (5340685 <= k <= 5340785), with index condition: (sbtest7.k between 5340685 and 5340785)  (cost=48 rows=106)


table 8 : explain SELECT k, c FROM sbtest8 WHERE k BETWEEN 5340685 AND 5340785
	-> Index range scan on sbtest8 using k_8 over (5340685 <= k <= 5340785), with index condition: (sbtest8.k between 5340685 and 5340785)  (cost=42.1 rows=93)


for range-notcovered
table 1 : explain SELECT k, c FROM sbtest1 WHERE k BETWEEN 2605401 AND 2605501
	-> Index range scan on sbtest1 using k_1 over (2605401 <= k <= 2605501), with index condition: (sbtest1.k between 2605401 and 2605501)  (cost=60.6 rows=134)


table 2 : explain SELECT k, c FROM sbtest2 WHERE k BETWEEN 2605401 AND 2605501
	-> Index range scan on sbtest2 using k_2 over (2605401 <= k <= 2605501), with index condition: (sbtest2.k between 2605401 and 2605501)  (cost=47.5 rows=105)


table 3 : explain SELECT k, c FROM sbtest3 WHERE k BETWEEN 2605401 AND 2605501
	-> Index range scan on sbtest3 using k_3 over (2605401 <= k <= 2605501), with index condition: (sbtest3.k between 2605401 and 2605501)  (cost=41.7 rows=92)


table 4 : explain SELECT k, c FROM sbtest4 WHERE k BETWEEN 2605401 AND 2605501
	-> Index range scan on sbtest4 using k_4 over (2605401 <= k <= 2605501), with index condition: (sbtest4.k between 2605401 and 2605501)  (cost=43.5 rows=96)


table 5 : explain SELECT k, c FROM sbtest5 WHERE k BETWEEN 2605401 AND 2605501
	-> Index range scan on sbtest5 using k_5 over (2605401 <= k <= 2605501), with index condition: (sbtest5.k between 2605401 and 2605501)  (cost=53.4 rows=118)


table 6 : explain SELECT k, c FROM sbtest6 WHERE k BETWEEN 2605401 AND 2605501
	-> Index range scan on sbtest6 using k_6 over (2605401 <= k <= 2605501), with index condition: (sbtest6.k between 2605401 and 2605501)  (cost=53.8 rows=119)


table 7 : explain SELECT k, c FROM sbtest7 WHERE k BETWEEN 2605401 AND 2605501
	-> Index range scan on sbtest7 using k_7 over (2605401 <= k <= 2605501), with index condition: (sbtest7.k between 2605401 and 2605501)  (cost=42.1 rows=93)


table 8 : explain SELECT k, c FROM sbtest8 WHERE k BETWEEN 2605401 AND 2605501
	-> Index range scan on sbtest8 using k_8 over (2605401 <= k <= 2605501), with index condition: (sbtest8.k between 2605401 and 2605501)  (cost=52.5 rows=116)



for range-notcovered
table 1 : explain SELECT k, c FROM sbtest1 WHERE k BETWEEN 7765506 AND 7765606
	-> Index range scan on sbtest1 using k_1 over (7765506 <= k <= 7765606), with index condition: (sbtest1.k between 7765506 and 7765606)  (cost=51.1 rows=113)


table 2 : explain SELECT k, c FROM sbtest2 WHERE k BETWEEN 7765506 AND 7765606
	-> Index range scan on sbtest2 using k_2 over (7765506 <= k <= 7765606), with index condition: (sbtest2.k between 7765506 and 7765606)  (cost=52.9 rows=117)


table 3 : explain SELECT k, c FROM sbtest3 WHERE k BETWEEN 7765506 AND 7765606
	-> Index range scan on sbtest3 using k_3 over (7765506 <= k <= 7765606), with index condition: (sbtest3.k between 7765506 and 7765606)  (cost=49.8 rows=110)


table 4 : explain SELECT k, c FROM sbtest4 WHERE k BETWEEN 7765506 AND 7765606
	-> Index range scan on sbtest4 using k_4 over (7765506 <= k <= 7765606), with index condition: (sbtest4.k between 7765506 and 7765606)  (cost=42.1 rows=93)


table 5 : explain SELECT k, c FROM sbtest5 WHERE k BETWEEN 7765506 AND 7765606
	-> Index range scan on sbtest5 using k_5 over (7765506 <= k <= 7765606), with index condition: (sbtest5.k between 7765506 and 7765606)  (cost=51.6 rows=114)


table 6 : explain SELECT k, c FROM sbtest6 WHERE k BETWEEN 7765506 AND 7765606
	-> Index range scan on sbtest6 using k_6 over (7765506 <= k <= 7765606), with index condition: (sbtest6.k between 7765506 and 7765606)  (cost=44.4 rows=98)


table 7 : explain SELECT k, c FROM sbtest7 WHERE k BETWEEN 7765506 AND 7765606
	-> Index range scan on sbtest7 using k_7 over (7765506 <= k <= 7765606), with index condition: (sbtest7.k between 7765506 and 7765606)  (cost=42.6 rows=94)


table 8 : explain SELECT k, c FROM sbtest8 WHERE k BETWEEN 7765506 AND 7765606
	-> Index range scan on sbtest8 using k_8 over (7765506 <= k <= 7765606), with index condition: (sbtest8.k between 7765506 and 7765606)  (cost=48 rows=106)


explain: for range-notcovered :: explain SELECT k, c FROM sbtest%d WHERE k BETWEEN 2925054 AND 2925154
explain: for range-notcovered :: explain SELECT k, c FROM sbtest%d WHERE k BETWEEN 7513703 AND 7513803
for range-notcovered
table 1 : explain SELECT k, c FROM sbtest1 WHERE k BETWEEN 4587498 AND 4587598
	-> Index range scan on sbtest1 using k_1 over (4587498 <= k <= 4587598), with index condition: (sbtest1.k between 4587498 and 4587598)  (cost=42.1 rows=93)


table 2 : explain SELECT k, c FROM sbtest2 WHERE k BETWEEN 4587498 AND 4587598
	-> Index range scan on sbtest2 using k_2 over (4587498 <= k <= 4587598), with index condition: (sbtest2.k between 4587498 and 4587598)  (cost=47.5 rows=105)


table 3 : explain SELECT k, c FROM sbtest3 WHERE k BETWEEN 4587498 AND 4587598
	-> Index range scan on sbtest3 using k_3 over (4587498 <= k <= 4587598), with index condition: (sbtest3.k between 4587498 and 4587598)  (cost=39.9 rows=88)


table 4 : explain SELECT k, c FROM sbtest4 WHERE k BETWEEN 4587498 AND 4587598
	-> Index range scan on sbtest4 using k_4 over (4587498 <= k <= 4587598), with index condition: (sbtest4.k between 4587498 and 4587598)  (cost=39.4 rows=87)


table 5 : explain SELECT k, c FROM sbtest5 WHERE k BETWEEN 4587498 AND 4587598
	-> Index range scan on sbtest5 using k_5 over (4587498 <= k <= 4587598), with index condition: (sbtest5.k between 4587498 and 4587598)  (cost=55.2 rows=122)


table 6 : explain SELECT k, c FROM sbtest6 WHERE k BETWEEN 4587498 AND 4587598
	-> Index range scan on sbtest6 using k_6 over (4587498 <= k <= 4587598), with index condition: (sbtest6.k between 4587498 and 4587598)  (cost=48.9 rows=108)


table 7 : explain SELECT k, c FROM sbtest7 WHERE k BETWEEN 4587498 AND 4587598
	-> Index range scan on sbtest7 using k_7 over (4587498 <= k <= 4587598), with index condition: (sbtest7.k between 4587498 and 4587598)  (cost=54.3 rows=120)


table 8 : explain SELECT k, c FROM sbtest8 WHERE k BETWEEN 4587498 AND 4587598
	-> Index range scan on sbtest8 using k_8 over (4587498 <= k <= 4587598), with index condition: (sbtest8.k between 4587498 and 4587598)  (cost=51.6 rows=114)


for range-notcovered
table 1 : explain SELECT k, c FROM sbtest1 WHERE k BETWEEN 6357521 AND 6357621
	-> Index range scan on sbtest1 using k_1 over (6357521 <= k <= 6357621), with index condition: (sbtest1.k between 6357521 and 6357621)  (cost=52.5 rows=116)


table 2 : explain SELECT k, c FROM sbtest2 WHERE k BETWEEN 6357521 AND 6357621
	-> Index range scan on sbtest2 using k_2 over (6357521 <= k <= 6357621), with index condition: (sbtest2.k between 6357521 and 6357621)  (cost=43.5 rows=96)


table 3 : explain SELECT k, c FROM sbtest3 WHERE k BETWEEN 6357521 AND 6357621
	-> Index range scan on sbtest3 using k_3 over (6357521 <= k <= 6357621), with index condition: (sbtest3.k between 6357521 and 6357621)  (cost=45.7 rows=101)


table 4 : explain SELECT k, c FROM sbtest4 WHERE k BETWEEN 6357521 AND 6357621
	-> Index range scan on sbtest4 using k_4 over (6357521 <= k <= 6357621), with index condition: (sbtest4.k between 6357521 and 6357621)  (cost=43 rows=95)


table 5 : explain SELECT k, c FROM sbtest5 WHERE k BETWEEN 6357521 AND 6357621
	-> Index range scan on sbtest5 using k_5 over (6357521 <= k <= 6357621), with index condition: (sbtest5.k between 6357521 and 6357621)  (cost=49.8 rows=110)


table 6 : explain SELECT k, c FROM sbtest6 WHERE k BETWEEN 6357521 AND 6357621
	-> Index range scan on sbtest6 using k_6 over (6357521 <= k <= 6357621), with index condition: (sbtest6.k between 6357521 and 6357621)  (cost=41.7 rows=92)


table 7 : explain SELECT k, c FROM sbtest7 WHERE k BETWEEN 6357521 AND 6357621
	-> Index range scan on sbtest7 using k_7 over (6357521 <= k <= 6357621), with index condition: (sbtest7.k between 6357521 and 6357621)  (cost=48 rows=106)


table 8 : explain SELECT k, c FROM sbtest8 WHERE k BETWEEN 6357521 AND 6357621
	-> Index range scan on sbtest8 using k_8 over (6357521 <= k <= 6357621), with index condition: (sbtest8.k between 6357521 and 6357621)  (cost=40.3 rows=89)


explain: for range-notcovered :: explain SELECT k, c FROM sbtest%d WHERE k BETWEEN 2605401 AND 2605501
explain: for range-notcovered :: explain SELECT k, c FROM sbtest%d WHERE k BETWEEN 7765506 AND 7765606explain: for range-notcovered :: explain SELECT k, c FROM sbtest%d WHERE k BETWEEN 6448479 AND 6448579explain: for range-notcovered :: explain SELECT k, c FROM sbtest%d WHERE k BETWEEN 5340685 AND 5340785
for range-notcovered
table 1 : explain SELECT k, c FROM sbtest1 WHERE k BETWEEN 5852949 AND 5853049
	-> Index range scan on sbtest1 using k_1 over (5852949 <= k <= 5853049), with index condition: (sbtest1.k between 5852949 and 5853049)  (cost=45.7 rows=101)


table 2 : explain SELECT k, c FROM sbtest2 WHERE k BETWEEN 5852949 AND 5853049
	-> Index range scan on sbtest2 using k_2 over (5852949 <= k <= 5853049), with index condition: (sbtest2.k between 5852949 and 5853049)  (cost=39 rows=86)


table 3 : explain SELECT k, c FROM sbtest3 WHERE k BETWEEN 5852949 AND 5853049
	-> Index range scan on sbtest3 using k_3 over (5852949 <= k <= 5853049), with index condition: (sbtest3.k between 5852949 and 5853049)  (cost=43.5 rows=96)


table 4 : explain SELECT k, c FROM sbtest4 WHERE k BETWEEN 5852949 AND 5853049
	-> Index range scan on sbtest4 using k_4 over (5852949 <= k <= 5853049), with index condition: (sbtest4.k between 5852949 and 5853049)  (cost=50.7 rows=112)


table 5 : explain SELECT k, c FROM sbtest5 WHERE k BETWEEN 5852949 AND 5853049
	-> Index range scan on sbtest5 using k_5 over (5852949 <= k <= 5853049), with index condition: (sbtest5.k between 5852949 and 5853049)  (cost=48.9 rows=108)


table 6 : explain SELECT k, c FROM sbtest6 WHERE k BETWEEN 5852949 AND 5853049
	-> Index range scan on sbtest6 using k_6 over (5852949 <= k <= 5853049), with index condition: (sbtest6.k between 5852949 and 5853049)  (cost=36.7 rows=81)


table 7 : explain SELECT k, c FROM sbtest7 WHERE k BETWEEN 5852949 AND 5853049
	-> Index range scan on sbtest7 using k_7 over (5852949 <= k <= 5853049), with index condition: (sbtest7.k between 5852949 and 5853049)  (cost=44.8 rows=99)


table 8 : explain SELECT k, c FROM sbtest8 WHERE k BETWEEN 5852949 AND 5853049
	-> Index range scan on sbtest8 using k_8 over (5852949 <= k <= 5853049), with index condition: (sbtest8.k between 5852949 and 5853049)  (cost=39.9 rows=88)



for range-notcovered
table 1 : explain SELECT k, c FROM sbtest1 WHERE k BETWEEN 7436497 AND 7436597
	-> Index range scan on sbtest1 using k_1 over (7436497 <= k <= 7436597), with index condition: (sbtest1.k between 7436497 and 7436597)  (cost=50.7 rows=112)


table 2 : explain SELECT k, c FROM sbtest2 WHERE k BETWEEN 7436497 AND 7436597
	-> Index range scan on sbtest2 using k_2 over (7436497 <= k <= 7436597), with index condition: (sbtest2.k between 7436497 and 7436597)  (cost=49.8 rows=110)


table 3 : explain SELECT k, c FROM sbtest3 WHERE k BETWEEN 7436497 AND 7436597
	-> Index range scan on sbtest3 using k_3 over (7436497 <= k <= 7436597), with index condition: (sbtest3.k between 7436497 and 7436597)  (cost=47.5 rows=105)


table 4 : explain SELECT k, c FROM sbtest4 WHERE k BETWEEN 7436497 AND 7436597
	-> Index range scan on sbtest4 using k_4 over (7436497 <= k <= 7436597), with index condition: (sbtest4.k between 7436497 and 7436597)  (cost=47.5 rows=105)


table 5 : explain SELECT k, c FROM sbtest5 WHERE k BETWEEN 7436497 AND 7436597
	-> Index range scan on sbtest5 using k_5 over (7436497 <= k <= 7436597), with index condition: (sbtest5.k between 7436497 and 7436597)  (cost=38.5 rows=85)


table 6 : explain SELECT k, c FROM sbtest6 WHERE k BETWEEN 7436497 AND 7436597
	-> Index range scan on sbtest6 using k_6 over (7436497 <= k <= 7436597), with index condition: (sbtest6.k between 7436497 and 7436597)  (cost=39.4 rows=87)


table 7 : explain SELECT k, c FROM sbtest7 WHERE k BETWEEN 7436497 AND 7436597
	-> Index range scan on sbtest7 using k_7 over (7436497 <= k <= 7436597), with index condition: (sbtest7.k between 7436497 and 7436597)  (cost=40.8 rows=90)


table 8 : explain SELECT k, c FROM sbtest8 WHERE k BETWEEN 7436497 AND 7436597
	-> Index range scan on sbtest8 using k_8 over (7436497 <= k <= 7436597), with index condition: (sbtest8.k between 7436497 and 7436597)  (cost=43 rows=95)


for range-notcovered
table 1 : explain SELECT k, c FROM sbtest1 WHERE k BETWEEN 6119662 AND 6119762
	-> Index range scan on sbtest1 using k_1 over (6119662 <= k <= 6119762), with index condition: (sbtest1.k between 6119662 and 6119762)  (cost=47.5 rows=105)


table 2 : explain SELECT k, c FROM sbtest2 WHERE k BETWEEN 6119662 AND 6119762
	-> Index range scan on sbtest2 using k_2 over (6119662 <= k <= 6119762), with index condition: (sbtest2.k between 6119662 and 6119762)  (cost=50.2 rows=111)


table 3 : explain SELECT k, c FROM sbtest3 WHERE k BETWEEN 6119662 AND 6119762
	-> Index range scan on sbtest3 using k_3 over (6119662 <= k <= 6119762), with index condition: (sbtest3.k between 6119662 and 6119762)  (cost=48 rows=106)


table 4 : explain SELECT k, c FROM sbtest4 WHERE k BETWEEN 6119662 AND 6119762
	-> Index range scan on sbtest4 using k_4 over (6119662 <= k <= 6119762), with index condition: (sbtest4.k between 6119662 and 6119762)  (cost=48 rows=106)


table 5 : explain SELECT k, c FROM sbtest5 WHERE k BETWEEN 6119662 AND 6119762
	-> Index range scan on sbtest5 using k_5 over (6119662 <= k <= 6119762), with index condition: (sbtest5.k between 6119662 and 6119762)  (cost=43 rows=95)


table 6 : explain SELECT k, c FROM sbtest6 WHERE k BETWEEN 6119662 AND 6119762
	-> Index range scan on sbtest6 using k_6 over (6119662 <= k <= 6119762), with index condition: (sbtest6.k between 6119662 and 6119762)  (cost=41.2 rows=91)


table 7 : explain SELECT k, c FROM sbtest7 WHERE k BETWEEN 6119662 AND 6119762
	-> Index range scan on sbtest7 using k_7 over (6119662 <= k <= 6119762), with index condition: (sbtest7.k between 6119662 and 6119762)  (cost=49.3 rows=109)


table 8 : explain SELECT k, c FROM sbtest8 WHERE k BETWEEN 6119662 AND 6119762
	-> Index range scan on sbtest8 using k_8 over (6119662 <= k <= 6119762), with index condition: (sbtest8.k between 6119662 and 6119762)  (cost=52.5 rows=116)


for range-notcovered
table 1 : explain SELECT k, c FROM sbtest1 WHERE k BETWEEN 4132964 AND 4133064
	-> Index range scan on sbtest1 using k_1 over (4132964 <= k <= 4133064), with index condition: (sbtest1.k between 4132964 and 4133064)  (cost=43.5 rows=96)


table 2 : explain SELECT k, c FROM sbtest2 WHERE k BETWEEN 4132964 AND 4133064
	-> Index range scan on sbtest2 using k_2 over (4132964 <= k <= 4133064), with index condition: (sbtest2.k between 4132964 and 4133064)  (cost=40.8 rows=90)


table 3 : explain SELECT k, c FROM sbtest3 WHERE k BETWEEN 4132964 AND 4133064
	-> Index range scan on sbtest3 using k_3 over (4132964 <= k <= 4133064), with index condition: (sbtest3.k between 4132964 and 4133064)  (cost=45.7 rows=101)


table 4 : explain SELECT k, c FROM sbtest4 WHERE k BETWEEN 4132964 AND 4133064
	-> Index range scan on sbtest4 using k_4 over (4132964 <= k <= 4133064), with index condition: (sbtest4.k between 4132964 and 4133064)  (cost=44.8 rows=99)


table 5 : explain SELECT k, c FROM sbtest5 WHERE k BETWEEN 4132964 AND 4133064
	-> Index range scan on sbtest5 using k_5 over (4132964 <= k <= 4133064), with index condition: (sbtest5.k between 4132964 and 4133064)  (cost=45.7 rows=101)


table 6 : explain SELECT k, c FROM sbtest6 WHERE k BETWEEN 4132964 AND 4133064
	-> Index range scan on sbtest6 using k_6 over (4132964 <= k <= 4133064), with index condition: (sbtest6.k between 4132964 and 4133064)  (cost=43.5 rows=96)


table 7 : explain SELECT k, c FROM sbtest7 WHERE k BETWEEN 4132964 AND 4133064
	-> Index range scan on sbtest7 using k_7 over (4132964 <= k <= 4133064), with index condition: (sbtest7.k between 4132964 and 4133064)  (cost=51.6 rows=114)


table 8 : explain SELECT k, c FROM sbtest8 WHERE k BETWEEN 4132964 AND 4133064
	-> Index range scan on sbtest8 using k_8 over (4132964 <= k <= 4133064), with index condition: (sbtest8.k between 4132964 and 4133064)  (cost=38.5 rows=85)


explain: for range-notcovered :: explain SELECT k, c FROM sbtest%d WHERE k BETWEEN 4587498 AND 4587598
for range-notcovered
table 1 : explain SELECT k, c FROM sbtest1 WHERE k BETWEEN 6156151 AND 6156251
	-> Index range scan on sbtest1 using k_1 over (6156151 <= k <= 6156251), with index condition: (sbtest1.k between 6156151 and 6156251)  (cost=42.1 rows=93)


table 2 : explain SELECT k, c FROM sbtest2 WHERE k BETWEEN 6156151 AND 6156251
	-> Index range scan on sbtest2 using k_2 over (6156151 <= k <= 6156251), with index condition: (sbtest2.k between 6156151 and 6156251)  (cost=44.8 rows=99)


table 3 : explain SELECT k, c FROM sbtest3 WHERE k BETWEEN 6156151 AND 6156251
	-> Index range scan on sbtest3 using k_3 over (6156151 <= k <= 6156251), with index condition: (sbtest3.k between 6156151 and 6156251)  (cost=47.5 rows=105)


table 4 : explain SELECT k, c FROM sbtest4 WHERE k BETWEEN 6156151 AND 6156251
	-> Index range scan on sbtest4 using k_4 over (6156151 <= k <= 6156251), with index condition: (sbtest4.k between 6156151 and 6156251)  (cost=53.4 rows=118)


table 5 : explain SELECT k, c FROM sbtest5 WHERE k BETWEEN 6156151 AND 6156251
	-> Index range scan on sbtest5 using k_5 over (6156151 <= k <= 6156251), with index condition: (sbtest5.k between 6156151 and 6156251)  (cost=47.1 rows=104)


table 6 : explain SELECT k, c FROM sbtest6 WHERE k BETWEEN 6156151 AND 6156251
	-> Index range scan on sbtest6 using k_6 over (6156151 <= k <= 6156251), with index condition: (sbtest6.k between 6156151 and 6156251)  (cost=48.4 rows=107)


table 7 : explain SELECT k, c FROM sbtest7 WHERE k BETWEEN 6156151 AND 6156251
	-> Index range scan on sbtest7 using k_7 over (6156151 <= k <= 6156251), with index condition: (sbtest7.k between 6156151 and 6156251)  (cost=44.4 rows=98)


table 8 : explain SELECT k, c FROM sbtest8 WHERE k BETWEEN 6156151 AND 6156251
	-> Index range scan on sbtest8 using k_8 over (6156151 <= k <= 6156251), with index condition: (sbtest8.k between 6156151 and 6156251)  (cost=47.5 rows=105)


for range-notcovered
table 1 : explain SELECT k, c FROM sbtest1 WHERE k BETWEEN 4743222 AND 4743322
	-> Index range scan on sbtest1 using k_1 over (4743222 <= k <= 4743322), with index condition: (sbtest1.k between 4743222 and 4743322)  (cost=52.5 rows=116)


table 2 : explain SELECT k, c FROM sbtest2 WHERE k BETWEEN 4743222 AND 4743322
	-> Index range scan on sbtest2 using k_2 over (4743222 <= k <= 4743322), with index condition: (sbtest2.k between 4743222 and 4743322)  (cost=42.1 rows=93)


table 3 : explain SELECT k, c FROM sbtest3 WHERE k BETWEEN 4743222 AND 4743322
	-> Index range scan on sbtest3 using k_3 over (4743222 <= k <= 4743322), with index condition: (sbtest3.k between 4743222 and 4743322)  (cost=41.2 rows=91)


table 4 : explain SELECT k, c FROM sbtest4 WHERE k BETWEEN 4743222 AND 4743322
	-> Index range scan on sbtest4 using k_4 over (4743222 <= k <= 4743322), with index condition: (sbtest4.k between 4743222 and 4743322)  (cost=42.1 rows=93)


table 5 : explain SELECT k, c FROM sbtest5 WHERE k BETWEEN 4743222 AND 4743322
	-> Index range scan on sbtest5 using k_5 over (4743222 <= k <= 4743322), with index condition: (sbtest5.k between 4743222 and 4743322)  (cost=51.6 rows=114)


table 6 : explain SELECT k, c FROM sbtest6 WHERE k BETWEEN 4743222 AND 4743322
	-> Index range scan on sbtest6 using k_6 over (4743222 <= k <= 4743322), with index condition: (sbtest6.k between 4743222 and 4743322)  (cost=42.6 rows=94)


table 7 : explain SELECT k, c FROM sbtest7 WHERE k BETWEEN 4743222 AND 4743322
	-> Index range scan on sbtest7 using k_7 over (4743222 <= k <= 4743322), with index condition: (sbtest7.k between 4743222 and 4743322)  (cost=49.8 rows=110)


table 8 : explain SELECT k, c FROM sbtest8 WHERE k BETWEEN 4743222 AND 4743322
	-> Index range scan on sbtest8 using k_8 over (4743222 <= k <= 4743322), with index condition: (sbtest8.k between 4743222 and 4743322)  (cost=43 rows=95)

for range-notcovered
table 1 : explain SELECT k, c FROM sbtest1 WHERE k BETWEEN 6652235 AND 6652335
	-> Index range scan on sbtest1 using k_1 over (6652235 <= k <= 6652335), with index condition: (sbtest1.k between 6652235 and 6652335)  (cost=42.6 rows=94)


table 2 : explain SELECT k, c FROM sbtest2 WHERE k BETWEEN 6652235 AND 6652335
	-> Index range scan on sbtest2 using k_2 over (6652235 <= k <= 6652335), with index condition: (sbtest2.k between 6652235 and 6652335)  (cost=50.2 rows=111)


table 3 : explain SELECT k, c FROM sbtest3 WHERE k BETWEEN 6652235 AND 6652335
	-> Index range scan on sbtest3 using k_3 over (6652235 <= k <= 6652335), with index condition: (sbtest3.k between 6652235 and 6652335)  (cost=43.5 rows=96)


table 4 : explain SELECT k, c FROM sbtest4 WHERE k BETWEEN 6652235 AND 6652335
	-> Index range scan on sbtest4 using k_4 over (6652235 <= k <= 6652335), with index condition: (sbtest4.k between 6652235 and 6652335)  (cost=48 rows=106)


table 5 : explain SELECT k, c FROM sbtest5 WHERE k BETWEEN 6652235 AND 6652335
	-> Index range scan on sbtest5 using k_5 over (6652235 <= k <= 6652335), with index condition: (sbtest5.k between 6652235 and 6652335)  (cost=42.1 rows=93)


table 6 : explain SELECT k, c FROM sbtest6 WHERE k BETWEEN 6652235 AND 6652335
	-> Index range scan on sbtest6 using k_6 over (6652235 <= k <= 6652335), with index condition: (sbtest6.k between 6652235 and 6652335)  (cost=41.2 rows=91)


table 7 : explain SELECT k, c FROM sbtest7 WHERE k BETWEEN 6652235 AND 6652335
	-> Index range scan on sbtest7 using k_7 over (6652235 <= k <= 6652335), with index condition: (sbtest7.k between 6652235 and 6652335)  (cost=44.8 rows=99)


table 8 : explain SELECT k, c FROM sbtest8 WHERE k BETWEEN 6652235 AND 6652335
	-> Index range scan on sbtest8 using k_8 over (6652235 <= k <= 6652335), with index condition: (sbtest8.k between 6652235 and 6652335)  (cost=43.5 rows=96)


explain: for range-notcovered :: explain SELECT k, c FROM sbtest%d WHERE k BETWEEN 7436497 AND 7436597

explain: for range-notcovered :: explain SELECT k, c FROM sbtest%d WHERE k BETWEEN 4132964 AND 4133064
explain: for range-notcovered :: explain SELECT k, c FROM sbtest%d WHERE k BETWEEN 6357521 AND 6357621explain: for range-notcovered :: explain SELECT k, c FROM sbtest%d WHERE k BETWEEN 6119662 AND 6119762
explain: for range-notcovered :: explain SELECT k, c FROM sbtest%d WHERE k BETWEEN 5852949 AND 5853049

for range-notcovered
table 1 : explain SELECT k, c FROM sbtest1 WHERE k BETWEEN 3025489 AND 3025589
	-> Index range scan on sbtest1 using k_1 over (3025489 <= k <= 3025589), with index condition: (sbtest1.k between 3025489 and 3025589)  (cost=43.5 rows=96)


table 2 : explain SELECT k, c FROM sbtest2 WHERE k BETWEEN 3025489 AND 3025589
	-> Index range scan on sbtest2 using k_2 over (3025489 <= k <= 3025589), with index condition: (sbtest2.k between 3025489 and 3025589)  (cost=51.1 rows=113)


table 3 : explain SELECT k, c FROM sbtest3 WHERE k BETWEEN 3025489 AND 3025589
	-> Index range scan on sbtest3 using k_3 over (3025489 <= k <= 3025589), with index condition: (sbtest3.k between 3025489 and 3025589)  (cost=34.5 rows=76)


table 4 : explain SELECT k, c FROM sbtest4 WHERE k BETWEEN 3025489 AND 3025589
	-> Index range scan on sbtest4 using k_4 over (3025489 <= k <= 3025589), with index condition: (sbtest4.k between 3025489 and 3025589)  (cost=50.2 rows=111)


table 5 : explain SELECT k, c FROM sbtest5 WHERE k BETWEEN 3025489 AND 3025589
	-> Index range scan on sbtest5 using k_5 over (3025489 <= k <= 3025589), with index condition: (sbtest5.k between 3025489 and 3025589)  (cost=43 rows=95)


table 6 : explain SELECT k, c FROM sbtest6 WHERE k BETWEEN 3025489 AND 3025589
	-> Index range scan on sbtest6 using k_6 over (3025489 <= k <= 3025589), with index condition: (sbtest6.k between 3025489 and 3025589)  (cost=39.9 rows=88)


table 7 : explain SELECT k, c FROM sbtest7 WHERE k BETWEEN 3025489 AND 3025589
	-> Index range scan on sbtest7 using k_7 over (3025489 <= k <= 3025589), with index condition: (sbtest7.k between 3025489 and 3025589)  (cost=45.7 rows=101)


table 8 : explain SELECT k, c FROM sbtest8 WHERE k BETWEEN 3025489 AND 3025589
	-> Index range scan on sbtest8 using k_8 over (3025489 <= k <= 3025589), with index condition: (sbtest8.k between 3025489 and 3025589)  (cost=40.8 rows=90)

explain: for range-notcovered :: explain SELECT k, c FROM sbtest%d WHERE k BETWEEN 6652235 AND 6652335
for range-notcovered
table 1 : explain SELECT k, c FROM sbtest1 WHERE k BETWEEN 4037229 AND 4037329
	-> Index range scan on sbtest1 using k_1 over (4037229 <= k <= 4037329), with index condition: (sbtest1.k between 4037229 and 4037329)  (cost=41.7 rows=92)


table 2 : explain SELECT k, c FROM sbtest2 WHERE k BETWEEN 4037229 AND 4037329
	-> Index range scan on sbtest2 using k_2 over (4037229 <= k <= 4037329), with index condition: (sbtest2.k between 4037229 and 4037329)  (cost=47.5 rows=105)


table 3 : explain SELECT k, c FROM sbtest3 WHERE k BETWEEN 4037229 AND 4037329
	-> Index range scan on sbtest3 using k_3 over (4037229 <= k <= 4037329), with index condition: (sbtest3.k between 4037229 and 4037329)  (cost=46.2 rows=102)


table 4 : explain SELECT k, c FROM sbtest4 WHERE k BETWEEN 4037229 AND 4037329
	-> Index range scan on sbtest4 using k_4 over (4037229 <= k <= 4037329), with index condition: (sbtest4.k between 4037229 and 4037329)  (cost=42.1 rows=93)


table 5 : explain SELECT k, c FROM sbtest5 WHERE k BETWEEN 4037229 AND 4037329
	-> Index range scan on sbtest5 using k_5 over (4037229 <= k <= 4037329), with index condition: (sbtest5.k between 4037229 and 4037329)  (cost=42.6 rows=94)


table 6 : explain SELECT k, c FROM sbtest6 WHERE k BETWEEN 4037229 AND 4037329
	-> Index range scan on sbtest6 using k_6 over (4037229 <= k <= 4037329), with index condition: (sbtest6.k between 4037229 and 4037329)  (cost=37.6 rows=83)


table 7 : explain SELECT k, c FROM sbtest7 WHERE k BETWEEN 4037229 AND 4037329
	-> Index range scan on sbtest7 using k_7 over (4037229 <= k <= 4037329), with index condition: (sbtest7.k between 4037229 and 4037329)  (cost=34.9 rows=77)


table 8 : explain SELECT k, c FROM sbtest8 WHERE k BETWEEN 4037229 AND 4037329
	-> Index range scan on sbtest8 using k_8 over (4037229 <= k <= 4037329), with index condition: (sbtest8.k between 4037229 and 4037329)  (cost=48 rows=106)




for range-notcovered
table 1 : explain SELECT k, c FROM sbtest1 WHERE k BETWEEN 1773117 AND 1773217
	-> Index range scan on sbtest1 using k_1 over (1773117 <= k <= 1773217), with index condition: (sbtest1.k between 1773117 and 1773217)  (cost=41.7 rows=92)


table 2 : explain SELECT k, c FROM sbtest2 WHERE k BETWEEN 1773117 AND 1773217
	-> Index range scan on sbtest2 using k_2 over (1773117 <= k <= 1773217), with index condition: (sbtest2.k between 1773117 and 1773217)  (cost=45.3 rows=100)


table 3 : explain SELECT k, c FROM sbtest3 WHERE k BETWEEN 1773117 AND 1773217
	-> Index range scan on sbtest3 using k_3 over (1773117 <= k <= 1773217), with index condition: (sbtest3.k between 1773117 and 1773217)  (cost=47.5 rows=105)


table 4 : explain SELECT k, c FROM sbtest4 WHERE k BETWEEN 1773117 AND 1773217
	-> Index range scan on sbtest4 using k_4 over (1773117 <= k <= 1773217), with index condition: (sbtest4.k between 1773117 and 1773217)  (cost=42.6 rows=94)


table 5 : explain SELECT k, c FROM sbtest5 WHERE k BETWEEN 1773117 AND 1773217
	-> Index range scan on sbtest5 using k_5 over (1773117 <= k <= 1773217), with index condition: (sbtest5.k between 1773117 and 1773217)  (cost=48.9 rows=108)


table 6 : explain SELECT k, c FROM sbtest6 WHERE k BETWEEN 1773117 AND 1773217
	-> Index range scan on sbtest6 using k_6 over (1773117 <= k <= 1773217), with index condition: (sbtest6.k between 1773117 and 1773217)  (cost=48.4 rows=107)


table 7 : explain SELECT k, c FROM sbtest7 WHERE k BETWEEN 1773117 AND 1773217
	-> Index range scan on sbtest7 using k_7 over (1773117 <= k <= 1773217), with index condition: (sbtest7.k between 1773117 and 1773217)  (cost=46.6 rows=103)


table 8 : explain SELECT k, c FROM sbtest8 WHERE k BETWEEN 1773117 AND 1773217
	-> Index range scan on sbtest8 using k_8 over (1773117 <= k <= 1773217), with index condition: (sbtest8.k between 1773117 and 1773217)  (cost=43 rows=95)


explain: for range-notcovered :: explain SELECT k, c FROM sbtest%d WHERE k BETWEEN 6156151 AND 6156251
explain: for range-notcovered :: explain SELECT k, c FROM sbtest%d WHERE k BETWEEN 4743222 AND 4743322for range-notcovered
table 1 : explain SELECT k, c FROM sbtest1 WHERE k BETWEEN 6797604 AND 6797704
	-> Index range scan on sbtest1 using k_1 over (6797604 <= k <= 6797704), with index condition: (sbtest1.k between 6797604 and 6797704)  (cost=42.1 rows=93)


table 2 : explain SELECT k, c FROM sbtest2 WHERE k BETWEEN 6797604 AND 6797704
	-> Index range scan on sbtest2 using k_2 over (6797604 <= k <= 6797704), with index condition: (sbtest2.k between 6797604 and 6797704)  (cost=43 rows=95)


table 3 : explain SELECT k, c FROM sbtest3 WHERE k BETWEEN 6797604 AND 6797704
	-> Index range scan on sbtest3 using k_3 over (6797604 <= k <= 6797704), with index condition: (sbtest3.k between 6797604 and 6797704)  (cost=50.7 rows=112)


table 4 : explain SELECT k, c FROM sbtest4 WHERE k BETWEEN 6797604 AND 6797704
	-> Index range scan on sbtest4 using k_4 over (6797604 <= k <= 6797704), with index condition: (sbtest4.k between 6797604 and 6797704)  (cost=40.3 rows=89)


table 5 : explain SELECT k, c FROM sbtest5 WHERE k BETWEEN 6797604 AND 6797704
	-> Index range scan on sbtest5 using k_5 over (6797604 <= k <= 6797704), with index condition: (sbtest5.k between 6797604 and 6797704)  (cost=42.1 rows=93)


table 6 : explain SELECT k, c FROM sbtest6 WHERE k BETWEEN 6797604 AND 6797704
	-> Index range scan on sbtest6 using k_6 over (6797604 <= k <= 6797704), with index condition: (sbtest6.k between 6797604 and 6797704)  (cost=47.5 rows=105)


table 7 : explain SELECT k, c FROM sbtest7 WHERE k BETWEEN 6797604 AND 6797704
	-> Index range scan on sbtest7 using k_7 over (6797604 <= k <= 6797704), with index condition: (sbtest7.k between 6797604 and 6797704)  (cost=47.5 rows=105)


table 8 : explain SELECT k, c FROM sbtest8 WHERE k BETWEEN 6797604 AND 6797704
	-> Index range scan on sbtest8 using k_8 over (6797604 <= k <= 6797704), with index condition: (sbtest8.k between 6797604 and 6797704)  (cost=42.6 rows=94)


for range-notcovered
table 1 : explain SELECT k, c FROM sbtest1 WHERE k BETWEEN 6684560 AND 6684660
	-> Index range scan on sbtest1 using k_1 over (6684560 <= k <= 6684660), with index condition: (sbtest1.k between 6684560 and 6684660)  (cost=46.6 rows=103)


table 2 : explain SELECT k, c FROM sbtest2 WHERE k BETWEEN 6684560 AND 6684660
	-> Index range scan on sbtest2 using k_2 over (6684560 <= k <= 6684660), with index condition: (sbtest2.k between 6684560 and 6684660)  (cost=42.6 rows=94)


table 3 : explain SELECT k, c FROM sbtest3 WHERE k BETWEEN 6684560 AND 6684660
	-> Index range scan on sbtest3 using k_3 over (6684560 <= k <= 6684660), with index condition: (sbtest3.k between 6684560 and 6684660)  (cost=48.4 rows=107)


table 4 : explain SELECT k, c FROM sbtest4 WHERE k BETWEEN 6684560 AND 6684660
	-> Index range scan on sbtest4 using k_4 over (6684560 <= k <= 6684660), with index condition: (sbtest4.k between 6684560 and 6684660)  (cost=41.2 rows=91)


table 5 : explain SELECT k, c FROM sbtest5 WHERE k BETWEEN 6684560 AND 6684660
	-> Index range scan on sbtest5 using k_5 over (6684560 <= k <= 6684660), with index condition: (sbtest5.k between 6684560 and 6684660)  (cost=48.4 rows=107)


table 6 : explain SELECT k, c FROM sbtest6 WHERE k BETWEEN 6684560 AND 6684660
	-> Index range scan on sbtest6 using k_6 over (6684560 <= k <= 6684660), with index condition: (sbtest6.k between 6684560 and 6684660)  (cost=43.9 rows=97)


table 7 : explain SELECT k, c FROM sbtest7 WHERE k BETWEEN 6684560 AND 6684660
	-> Index range scan on sbtest7 using k_7 over (6684560 <= k <= 6684660), with index condition: (sbtest7.k between 6684560 and 6684660)  (cost=44.8 rows=99)


table 8 : explain SELECT k, c FROM sbtest8 WHERE k BETWEEN 6684560 AND 6684660
	-> Index range scan on sbtest8 using k_8 over (6684560 <= k <= 6684660), with index condition: (sbtest8.k between 6684560 and 6684660)  (cost=48.4 rows=107)

for range-notcovered
table 1 : explain SELECT k, c FROM sbtest1 WHERE k BETWEEN 3471197 AND 3471297
	-> Index range scan on sbtest1 using k_1 over (3471197 <= k <= 3471297), with index condition: (sbtest1.k between 3471197 and 3471297)  (cost=48.4 rows=107)


table 2 : explain SELECT k, c FROM sbtest2 WHERE k BETWEEN 3471197 AND 3471297
	-> Index range scan on sbtest2 using k_2 over (3471197 <= k <= 3471297), with index condition: (sbtest2.k between 3471197 and 3471297)  (cost=45.3 rows=100)


table 3 : explain SELECT k, c FROM sbtest3 WHERE k BETWEEN 3471197 AND 3471297
	-> Index range scan on sbtest3 using k_3 over (3471197 <= k <= 3471297), with index condition: (sbtest3.k between 3471197 and 3471297)  (cost=46.6 rows=103)


table 4 : explain SELECT k, c FROM sbtest4 WHERE k BETWEEN 3471197 AND 3471297
	-> Index range scan on sbtest4 using k_4 over (3471197 <= k <= 3471297), with index condition: (sbtest4.k between 3471197 and 3471297)  (cost=43.5 rows=96)


table 5 : explain SELECT k, c FROM sbtest5 WHERE k BETWEEN 3471197 AND 3471297
	-> Index range scan on sbtest5 using k_5 over (3471197 <= k <= 3471297), with index condition: (sbtest5.k between 3471197 and 3471297)  (cost=43 rows=95)


table 6 : explain SELECT k, c FROM sbtest6 WHERE k BETWEEN 3471197 AND 3471297
	-> Index range scan on sbtest6 using k_6 over (3471197 <= k <= 3471297), with index condition: (sbtest6.k between 3471197 and 3471297)  (cost=33.1 rows=73)


table 7 : explain SELECT k, c FROM sbtest7 WHERE k BETWEEN 3471197 AND 3471297
	-> Index range scan on sbtest7 using k_7 over (3471197 <= k <= 3471297), with index condition: (sbtest7.k between 3471197 and 3471297)  (cost=52 rows=115)


table 8 : explain SELECT k, c FROM sbtest8 WHERE k BETWEEN 3471197 AND 3471297
	-> Index range scan on sbtest8 using k_8 over (3471197 <= k <= 3471297), with index condition: (sbtest8.k between 3471197 and 3471297)  (cost=46.2 rows=102)


explain: for range-notcovered :: explain SELECT k, c FROM sbtest%d WHERE k BETWEEN 3025489 AND 3025589for range-notcovered
table 1 : explain SELECT k, c FROM sbtest1 WHERE k BETWEEN 2769307 AND 2769407
	-> Index range scan on sbtest1 using k_1 over (2769307 <= k <= 2769407), with index condition: (sbtest1.k between 2769307 and 2769407)  (cost=44.4 rows=98)


table 2 : explain SELECT k, c FROM sbtest2 WHERE k BETWEEN 2769307 AND 2769407
	-> Index range scan on sbtest2 using k_2 over (2769307 <= k <= 2769407), with index condition: (sbtest2.k between 2769307 and 2769407)  (cost=41.2 rows=91)


table 3 : explain SELECT k, c FROM sbtest3 WHERE k BETWEEN 2769307 AND 2769407
	-> Index range scan on sbtest3 using k_3 over (2769307 <= k <= 2769407), with index condition: (sbtest3.k between 2769307 and 2769407)  (cost=47.5 rows=105)


table 4 : explain SELECT k, c FROM sbtest4 WHERE k BETWEEN 2769307 AND 2769407
	-> Index range scan on sbtest4 using k_4 over (2769307 <= k <= 2769407), with index condition: (sbtest4.k between 2769307 and 2769407)  (cost=45.3 rows=100)


table 5 : explain SELECT k, c FROM sbtest5 WHERE k BETWEEN 2769307 AND 2769407
	-> Index range scan on sbtest5 using k_5 over (2769307 <= k <= 2769407), with index condition: (sbtest5.k between 2769307 and 2769407)  (cost=43 rows=95)


table 6 : explain SELECT k, c FROM sbtest6 WHERE k BETWEEN 2769307 AND 2769407
	-> Index range scan on sbtest6 using k_6 over (2769307 <= k <= 2769407), with index condition: (sbtest6.k between 2769307 and 2769407)  (cost=44.4 rows=98)


table 7 : explain SELECT k, c FROM sbtest7 WHERE k BETWEEN 2769307 AND 2769407
	-> Index range scan on sbtest7 using k_7 over (2769307 <= k <= 2769407), with index condition: (sbtest7.k between 2769307 and 2769407)  (cost=44.4 rows=98)


table 8 : explain SELECT k, c FROM sbtest8 WHERE k BETWEEN 2769307 AND 2769407
	-> Index range scan on sbtest8 using k_8 over (2769307 <= k <= 2769407), with index condition: (sbtest8.k between 2769307 and 2769407)  (cost=44.4 rows=98)

for range-notcovered
table 1 : explain SELECT k, c FROM sbtest1 WHERE k BETWEEN 1300126 AND 1300226
	-> Index range scan on sbtest1 using k_1 over (1300126 <= k <= 1300226), with index condition: (sbtest1.k between 1300126 and 1300226)  (cost=45.3 rows=100)


table 2 : explain SELECT k, c FROM sbtest2 WHERE k BETWEEN 1300126 AND 1300226
	-> Index range scan on sbtest2 using k_2 over (1300126 <= k <= 1300226), with index condition: (sbtest2.k between 1300126 and 1300226)  (cost=44.8 rows=99)


table 3 : explain SELECT k, c FROM sbtest3 WHERE k BETWEEN 1300126 AND 1300226
	-> Index range scan on sbtest3 using k_3 over (1300126 <= k <= 1300226), with index condition: (sbtest3.k between 1300126 and 1300226)  (cost=43.9 rows=97)


table 4 : explain SELECT k, c FROM sbtest4 WHERE k BETWEEN 1300126 AND 1300226
	-> Index range scan on sbtest4 using k_4 over (1300126 <= k <= 1300226), with index condition: (sbtest4.k between 1300126 and 1300226)  (cost=47.5 rows=105)


table 5 : explain SELECT k, c FROM sbtest5 WHERE k BETWEEN 1300126 AND 1300226
	-> Index range scan on sbtest5 using k_5 over (1300126 <= k <= 1300226), with index condition: (sbtest5.k between 1300126 and 1300226)  (cost=51.1 rows=113)


table 6 : explain SELECT k, c FROM sbtest6 WHERE k BETWEEN 1300126 AND 1300226
	-> Index range scan on sbtest6 using k_6 over (1300126 <= k <= 1300226), with index condition: (sbtest6.k between 1300126 and 1300226)  (cost=45.3 rows=100)


table 7 : explain SELECT k, c FROM sbtest7 WHERE k BETWEEN 1300126 AND 1300226
	-> Index range scan on sbtest7 using k_7 over (1300126 <= k <= 1300226), with index condition: (sbtest7.k between 1300126 and 1300226)  (cost=39.9 rows=88)


table 8 : explain SELECT k, c FROM sbtest8 WHERE k BETWEEN 1300126 AND 1300226
	-> Index range scan on sbtest8 using k_8 over (1300126 <= k <= 1300226), with index condition: (sbtest8.k between 1300126 and 1300226)  (cost=39.9 rows=88)


for range-notcovered
table 1 : explain SELECT k, c FROM sbtest1 WHERE k BETWEEN 6706397 AND 6706497
	-> Index range scan on sbtest1 using k_1 over (6706397 <= k <= 6706497), with index condition: (sbtest1.k between 6706397 and 6706497)  (cost=51.1 rows=113)


table 2 : explain SELECT k, c FROM sbtest2 WHERE k BETWEEN 6706397 AND 6706497
	-> Index range scan on sbtest2 using k_2 over (6706397 <= k <= 6706497), with index condition: (sbtest2.k between 6706397 and 6706497)  (cost=47.1 rows=104)


table 3 : explain SELECT k, c FROM sbtest3 WHERE k BETWEEN 6706397 AND 6706497
	-> Index range scan on sbtest3 using k_3 over (6706397 <= k <= 6706497), with index condition: (sbtest3.k between 6706397 and 6706497)  (cost=49.8 rows=110)


table 4 : explain SELECT k, c FROM sbtest4 WHERE k BETWEEN 6706397 AND 6706497
	-> Index range scan on sbtest4 using k_4 over (6706397 <= k <= 6706497), with index condition: (sbtest4.k between 6706397 and 6706497)  (cost=40.3 rows=89)


table 5 : explain SELECT k, c FROM sbtest5 WHERE k BETWEEN 6706397 AND 6706497
	-> Index range scan on sbtest5 using k_5 over (6706397 <= k <= 6706497), with index condition: (sbtest5.k between 6706397 and 6706497)  (cost=44.4 rows=98)


table 6 : explain SELECT k, c FROM sbtest6 WHERE k BETWEEN 6706397 AND 6706497
	-> Index range scan on sbtest6 using k_6 over (6706397 <= k <= 6706497), with index condition: (sbtest6.k between 6706397 and 6706497)  (cost=43 rows=95)


table 7 : explain SELECT k, c FROM sbtest7 WHERE k BETWEEN 6706397 AND 6706497
	-> Index range scan on sbtest7 using k_7 over (6706397 <= k <= 6706497), with index condition: (sbtest7.k between 6706397 and 6706497)  (cost=53.4 rows=118)


table 8 : explain SELECT k, c FROM sbtest8 WHERE k BETWEEN 6706397 AND 6706497
	-> Index range scan on sbtest8 using k_8 over (6706397 <= k <= 6706497), with index condition: (sbtest8.k between 6706397 and 6706497)  (cost=48 rows=106)



for range-notcovered
table 1 : explain SELECT k, c FROM sbtest1 WHERE k BETWEEN 2974923 AND 2975023
	-> Index range scan on sbtest1 using k_1 over (2974923 <= k <= 2975023), with index condition: (sbtest1.k between 2974923 and 2975023)  (cost=44.8 rows=99)


table 2 : explain SELECT k, c FROM sbtest2 WHERE k BETWEEN 2974923 AND 2975023
	-> Index range scan on sbtest2 using k_2 over (2974923 <= k <= 2975023), with index condition: (sbtest2.k between 2974923 and 2975023)  (cost=51.1 rows=113)


table 3 : explain SELECT k, c FROM sbtest3 WHERE k BETWEEN 2974923 AND 2975023
	-> Index range scan on sbtest3 using k_3 over (2974923 <= k <= 2975023), with index condition: (sbtest3.k between 2974923 and 2975023)  (cost=45.3 rows=100)


table 4 : explain SELECT k, c FROM sbtest4 WHERE k BETWEEN 2974923 AND 2975023
	-> Index range scan on sbtest4 using k_4 over (2974923 <= k <= 2975023), with index condition: (sbtest4.k between 2974923 and 2975023)  (cost=47.5 rows=105)


table 5 : explain SELECT k, c FROM sbtest5 WHERE k BETWEEN 2974923 AND 2975023
	-> Index range scan on sbtest5 using k_5 over (2974923 <= k <= 2975023), with index condition: (sbtest5.k between 2974923 and 2975023)  (cost=39 rows=86)


table 6 : explain SELECT k, c FROM sbtest6 WHERE k BETWEEN 2974923 AND 2975023
	-> Index range scan on sbtest6 using k_6 over (2974923 <= k <= 2975023), with index condition: (sbtest6.k between 2974923 and 2975023)  (cost=40.8 rows=90)


table 7 : explain SELECT k, c FROM sbtest7 WHERE k BETWEEN 2974923 AND 2975023
	-> Index range scan on sbtest7 using k_7 over (2974923 <= k <= 2975023), with index condition: (sbtest7.k between 2974923 and 2975023)  (cost=41.7 rows=92)


table 8 : explain SELECT k, c FROM sbtest8 WHERE k BETWEEN 2974923 AND 2975023
	-> Index range scan on sbtest8 using k_8 over (2974923 <= k <= 2975023), with index condition: (sbtest8.k between 2974923 and 2975023)  (cost=50.2 rows=111)




explain: for range-notcovered :: explain SELECT k, c FROM sbtest%d WHERE k BETWEEN 4037229 AND 4037329
for range-notcovered
table 1 : explain SELECT k, c FROM sbtest1 WHERE k BETWEEN 1703319 AND 1703419
	-> Index range scan on sbtest1 using k_1 over (1703319 <= k <= 1703419), with index condition: (sbtest1.k between 1703319 and 1703419)  (cost=45.3 rows=100)


table 2 : explain SELECT k, c FROM sbtest2 WHERE k BETWEEN 1703319 AND 1703419
	-> Index range scan on sbtest2 using k_2 over (1703319 <= k <= 1703419), with index condition: (sbtest2.k between 1703319 and 1703419)  (cost=43.5 rows=96)


table 3 : explain SELECT k, c FROM sbtest3 WHERE k BETWEEN 1703319 AND 1703419
	-> Index range scan on sbtest3 using k_3 over (1703319 <= k <= 1703419), with index condition: (sbtest3.k between 1703319 and 1703419)  (cost=54.7 rows=121)


table 4 : explain SELECT k, c FROM sbtest4 WHERE k BETWEEN 1703319 AND 1703419
	-> Index range scan on sbtest4 using k_4 over (1703319 <= k <= 1703419), with index condition: (sbtest4.k between 1703319 and 1703419)  (cost=46.2 rows=102)


table 5 : explain SELECT k, c FROM sbtest5 WHERE k BETWEEN 1703319 AND 1703419
	-> Index range scan on sbtest5 using k_5 over (1703319 <= k <= 1703419), with index condition: (sbtest5.k between 1703319 and 1703419)  (cost=41.2 rows=91)


table 6 : explain SELECT k, c FROM sbtest6 WHERE k BETWEEN 1703319 AND 1703419
	-> Index range scan on sbtest6 using k_6 over (1703319 <= k <= 1703419), with index condition: (sbtest6.k between 1703319 and 1703419)  (cost=42.6 rows=94)


table 7 : explain SELECT k, c FROM sbtest7 WHERE k BETWEEN 1703319 AND 1703419
	-> Index range scan on sbtest7 using k_7 over (1703319 <= k <= 1703419), with index condition: (sbtest7.k between 1703319 and 1703419)  (cost=39.9 rows=88)


table 8 : explain SELECT k, c FROM sbtest8 WHERE k BETWEEN 1703319 AND 1703419
	-> Index range scan on sbtest8 using k_8 over (1703319 <= k <= 1703419), with index condition: (sbtest8.k between 1703319 and 1703419)  (cost=40.8 rows=90)


for range-notcovered
table 1 : explain SELECT k, c FROM sbtest1 WHERE k BETWEEN 4742653 AND 4742753
	-> Index range scan on sbtest1 using k_1 over (4742653 <= k <= 4742753), with index condition: (sbtest1.k between 4742653 and 4742753)  (cost=46.2 rows=102)


table 2 : explain SELECT k, c FROM sbtest2 WHERE k BETWEEN 4742653 AND 4742753
	-> Index range scan on sbtest2 using k_2 over (4742653 <= k <= 4742753), with index condition: (sbtest2.k between 4742653 and 4742753)  (cost=44.8 rows=99)


table 3 : explain SELECT k, c FROM sbtest3 WHERE k BETWEEN 4742653 AND 4742753
	-> Index range scan on sbtest3 using k_3 over (4742653 <= k <= 4742753), with index condition: (sbtest3.k between 4742653 and 4742753)  (cost=37.6 rows=83)


table 4 : explain SELECT k, c FROM sbtest4 WHERE k BETWEEN 4742653 AND 4742753
	-> Index range scan on sbtest4 using k_4 over (4742653 <= k <= 4742753), with index condition: (sbtest4.k between 4742653 and 4742753)  (cost=39.9 rows=88)


table 5 : explain SELECT k, c FROM sbtest5 WHERE k BETWEEN 4742653 AND 4742753
	-> Index range scan on sbtest5 using k_5 over (4742653 <= k <= 4742753), with index condition: (sbtest5.k between 4742653 and 4742753)  (cost=55.2 rows=122)


table 6 : explain SELECT k, c FROM sbtest6 WHERE k BETWEEN 4742653 AND 4742753
	-> Index range scan on sbtest6 using k_6 over (4742653 <= k <= 4742753), with index condition: (sbtest6.k between 4742653 and 4742753)  (cost=44.4 rows=98)


table 7 : explain SELECT k, c FROM sbtest7 WHERE k BETWEEN 4742653 AND 4742753
	-> Index range scan on sbtest7 using k_7 over (4742653 <= k <= 4742753), with index condition: (sbtest7.k between 4742653 and 4742753)  (cost=43.9 rows=97)


table 8 : explain SELECT k, c FROM sbtest8 WHERE k BETWEEN 4742653 AND 4742753
	-> Index range scan on sbtest8 using k_8 over (4742653 <= k <= 4742753), with index condition: (sbtest8.k between 4742653 and 4742753)  (cost=43.9 rows=97)



explain: for range-notcovered :: explain SELECT k, c FROM sbtest%d WHERE k BETWEEN 2974923 AND 2975023
explain: for range-notcovered :: explain SELECT k, c FROM sbtest%d WHERE k BETWEEN 1773117 AND 1773217
explain: for range-notcovered :: explain SELECT k, c FROM sbtest%d WHERE k BETWEEN 1300126 AND 1300226
explain: for range-notcovered :: explain SELECT k, c FROM sbtest%d WHERE k BETWEEN 6706397 AND 6706497
for range-notcovered
table 1 : explain SELECT k, c FROM sbtest1 WHERE k BETWEEN 8894786 AND 8894886
	-> Index range scan on sbtest1 using k_1 over (8894786 <= k <= 8894886), with index condition: (sbtest1.k between 8894786 and 8894886)  (cost=52 rows=115)


table 2 : explain SELECT k, c FROM sbtest2 WHERE k BETWEEN 8894786 AND 8894886
	-> Index range scan on sbtest2 using k_2 over (8894786 <= k <= 8894886), with index condition: (sbtest2.k between 8894786 and 8894886)  (cost=40.8 rows=90)


table 3 : explain SELECT k, c FROM sbtest3 WHERE k BETWEEN 8894786 AND 8894886
	-> Index range scan on sbtest3 using k_3 over (8894786 <= k <= 8894886), with index condition: (sbtest3.k between 8894786 and 8894886)  (cost=45.7 rows=101)


table 4 : explain SELECT k, c FROM sbtest4 WHERE k BETWEEN 8894786 AND 8894886
	-> Index range scan on sbtest4 using k_4 over (8894786 <= k <= 8894886), with index condition: (sbtest4.k between 8894786 and 8894886)  (cost=39 rows=86)


table 5 : explain SELECT k, c FROM sbtest5 WHERE k BETWEEN 8894786 AND 8894886
	-> Index range scan on sbtest5 using k_5 over (8894786 <= k <= 8894886), with index condition: (sbtest5.k between 8894786 and 8894886)  (cost=42.1 rows=93)


table 6 : explain SELECT k, c FROM sbtest6 WHERE k BETWEEN 8894786 AND 8894886
	-> Index range scan on sbtest6 using k_6 over (8894786 <= k <= 8894886), with index condition: (sbtest6.k between 8894786 and 8894886)  (cost=43 rows=95)


table 7 : explain SELECT k, c FROM sbtest7 WHERE k BETWEEN 8894786 AND 8894886
	-> Index range scan on sbtest7 using k_7 over (8894786 <= k <= 8894886), with index condition: (sbtest7.k between 8894786 and 8894886)  (cost=44.4 rows=98)


table 8 : explain SELECT k, c FROM sbtest8 WHERE k BETWEEN 8894786 AND 8894886
	-> Index range scan on sbtest8 using k_8 over (8894786 <= k <= 8894886), with index condition: (sbtest8.k between 8894786 and 8894886)  (cost=46.6 rows=103)

explain: for range-notcovered :: explain SELECT k, c FROM sbtest%d WHERE k BETWEEN 3471197 AND 3471297
explain: for range-notcovered :: explain SELECT k, c FROM sbtest%d WHERE k BETWEEN 2769307 AND 2769407
explain: for range-notcovered :: explain SELECT k, c FROM sbtest%d WHERE k BETWEEN 1703319 AND 1703419
for range-notcovered
table 1 : explain SELECT k, c FROM sbtest1 WHERE k BETWEEN 4399788 AND 4399888
	-> Index range scan on sbtest1 using k_1 over (4399788 <= k <= 4399888), with index condition: (sbtest1.k between 4399788 and 4399888)  (cost=46.6 rows=103)


table 2 : explain SELECT k, c FROM sbtest2 WHERE k BETWEEN 4399788 AND 4399888
	-> Index range scan on sbtest2 using k_2 over (4399788 <= k <= 4399888), with index condition: (sbtest2.k between 4399788 and 4399888)  (cost=44.8 rows=99)


table 3 : explain SELECT k, c FROM sbtest3 WHERE k BETWEEN 4399788 AND 4399888
	-> Index range scan on sbtest3 using k_3 over (4399788 <= k <= 4399888), with index condition: (sbtest3.k between 4399788 and 4399888)  (cost=52.9 rows=117)


table 4 : explain SELECT k, c FROM sbtest4 WHERE k BETWEEN 4399788 AND 4399888
	-> Index range scan on sbtest4 using k_4 over (4399788 <= k <= 4399888), with index condition: (sbtest4.k between 4399788 and 4399888)  (cost=44.4 rows=98)


table 5 : explain SELECT k, c FROM sbtest5 WHERE k BETWEEN 4399788 AND 4399888
	-> Index range scan on sbtest5 using k_5 over (4399788 <= k <= 4399888), with index condition: (sbtest5.k between 4399788 and 4399888)  (cost=48.4 rows=107)


table 6 : explain SELECT k, c FROM sbtest6 WHERE k BETWEEN 4399788 AND 4399888
	-> Index range scan on sbtest6 using k_6 over (4399788 <= k <= 4399888), with index condition: (sbtest6.k between 4399788 and 4399888)  (cost=45.3 rows=100)


table 7 : explain SELECT k, c FROM sbtest7 WHERE k BETWEEN 4399788 AND 4399888
	-> Index range scan on sbtest7 using k_7 over (4399788 <= k <= 4399888), with index condition: (sbtest7.k between 4399788 and 4399888)  (cost=54.3 rows=120)


table 8 : explain SELECT k, c FROM sbtest8 WHERE k BETWEEN 4399788 AND 4399888
	-> Index range scan on sbtest8 using k_8 over (4399788 <= k <= 4399888), with index condition: (sbtest8.k between 4399788 and 4399888)  (cost=43.5 rows=96)


for range-notcovered
table 1 : explain SELECT k, c FROM sbtest1 WHERE k BETWEEN 4485144 AND 4485244
	-> Index range scan on sbtest1 using k_1 over (4485144 <= k <= 4485244), with index condition: (sbtest1.k between 4485144 and 4485244)  (cost=49.8 rows=110)


table 2 : explain SELECT k, c FROM sbtest2 WHERE k BETWEEN 4485144 AND 4485244
	-> Index range scan on sbtest2 using k_2 over (4485144 <= k <= 4485244), with index condition: (sbtest2.k between 4485144 and 4485244)  (cost=42.6 rows=94)


table 3 : explain SELECT k, c FROM sbtest3 WHERE k BETWEEN 4485144 AND 4485244
	-> Index range scan on sbtest3 using k_3 over (4485144 <= k <= 4485244), with index condition: (sbtest3.k between 4485144 and 4485244)  (cost=49.8 rows=110)


table 4 : explain SELECT k, c FROM sbtest4 WHERE k BETWEEN 4485144 AND 4485244
	-> Index range scan on sbtest4 using k_4 over (4485144 <= k <= 4485244), with index condition: (sbtest4.k between 4485144 and 4485244)  (cost=38.1 rows=84)


table 5 : explain SELECT k, c FROM sbtest5 WHERE k BETWEEN 4485144 AND 4485244
	-> Index range scan on sbtest5 using k_5 over (4485144 <= k <= 4485244), with index condition: (sbtest5.k between 4485144 and 4485244)  (cost=53.4 rows=118)


table 6 : explain SELECT k, c FROM sbtest6 WHERE k BETWEEN 4485144 AND 4485244
	-> Index range scan on sbtest6 using k_6 over (4485144 <= k <= 4485244), with index condition: (sbtest6.k between 4485144 and 4485244)  (cost=48 rows=106)


table 7 : explain SELECT k, c FROM sbtest7 WHERE k BETWEEN 4485144 AND 4485244
	-> Index range scan on sbtest7 using k_7 over (4485144 <= k <= 4485244), with index condition: (sbtest7.k between 4485144 and 4485244)  (cost=42.6 rows=94)


table 8 : explain SELECT k, c FROM sbtest8 WHERE k BETWEEN 4485144 AND 4485244
	-> Index range scan on sbtest8 using k_8 over (4485144 <= k <= 4485244), with index condition: (sbtest8.k between 4485144 and 4485244)  (cost=46.2 rows=102)


explain: for range-notcovered :: explain SELECT k, c FROM sbtest%d WHERE k BETWEEN 6797604 AND 6797704
for range-notcovered
table 1 : explain SELECT k, c FROM sbtest1 WHERE k BETWEEN 8269975 AND 8270075
	-> Index range scan on sbtest1 using k_1 over (8269975 <= k <= 8270075), with index condition: (sbtest1.k between 8269975 and 8270075)  (cost=43 rows=95)


table 2 : explain SELECT k, c FROM sbtest2 WHERE k BETWEEN 8269975 AND 8270075
	-> Index range scan on sbtest2 using k_2 over (8269975 <= k <= 8270075), with index condition: (sbtest2.k between 8269975 and 8270075)  (cost=41.7 rows=92)


table 3 : explain SELECT k, c FROM sbtest3 WHERE k BETWEEN 8269975 AND 8270075
	-> Index range scan on sbtest3 using k_3 over (8269975 <= k <= 8270075), with index condition: (sbtest3.k between 8269975 and 8270075)  (cost=45.3 rows=100)


table 4 : explain SELECT k, c FROM sbtest4 WHERE k BETWEEN 8269975 AND 8270075
	-> Index range scan on sbtest4 using k_4 over (8269975 <= k <= 8270075), with index condition: (sbtest4.k between 8269975 and 8270075)  (cost=38.1 rows=84)


table 5 : explain SELECT k, c FROM sbtest5 WHERE k BETWEEN 8269975 AND 8270075
	-> Index range scan on sbtest5 using k_5 over (8269975 <= k <= 8270075), with index condition: (sbtest5.k between 8269975 and 8270075)  (cost=40.8 rows=90)


table 6 : explain SELECT k, c FROM sbtest6 WHERE k BETWEEN 8269975 AND 8270075
	-> Index range scan on sbtest6 using k_6 over (8269975 <= k <= 8270075), with index condition: (sbtest6.k between 8269975 and 8270075)  (cost=46.6 rows=103)


table 7 : explain SELECT k, c FROM sbtest7 WHERE k BETWEEN 8269975 AND 8270075
	-> Index range scan on sbtest7 using k_7 over (8269975 <= k <= 8270075), with index condition: (sbtest7.k between 8269975 and 8270075)  (cost=40.3 rows=89)


table 8 : explain SELECT k, c FROM sbtest8 WHERE k BETWEEN 8269975 AND 8270075
	-> Index range scan on sbtest8 using k_8 over (8269975 <= k <= 8270075), with index condition: (sbtest8.k between 8269975 and 8270075)  (cost=48 rows=106)



for range-notcovered
table 1 : explain SELECT k, c FROM sbtest1 WHERE k BETWEEN 7267870 AND 7267970
	-> Index range scan on sbtest1 using k_1 over (7267870 <= k <= 7267970), with index condition: (sbtest1.k between 7267870 and 7267970)  (cost=45.3 rows=100)


table 2 : explain SELECT k, c FROM sbtest2 WHERE k BETWEEN 7267870 AND 7267970
	-> Index range scan on sbtest2 using k_2 over (7267870 <= k <= 7267970), with index condition: (sbtest2.k between 7267870 and 7267970)  (cost=52 rows=115)


table 3 : explain SELECT k, c FROM sbtest3 WHERE k BETWEEN 7267870 AND 7267970
	-> Index range scan on sbtest3 using k_3 over (7267870 <= k <= 7267970), with index condition: (sbtest3.k between 7267870 and 7267970)  (cost=48.9 rows=108)


table 4 : explain SELECT k, c FROM sbtest4 WHERE k BETWEEN 7267870 AND 7267970
	-> Index range scan on sbtest4 using k_4 over (7267870 <= k <= 7267970), with index condition: (sbtest4.k between 7267870 and 7267970)  (cost=48.4 rows=107)


table 5 : explain SELECT k, c FROM sbtest5 WHERE k BETWEEN 7267870 AND 7267970
	-> Index range scan on sbtest5 using k_5 over (7267870 <= k <= 7267970), with index condition: (sbtest5.k between 7267870 and 7267970)  (cost=43.9 rows=97)


table 6 : explain SELECT k, c FROM sbtest6 WHERE k BETWEEN 7267870 AND 7267970
	-> Index range scan on sbtest6 using k_6 over (7267870 <= k <= 7267970), with index condition: (sbtest6.k between 7267870 and 7267970)  (cost=44.8 rows=99)


table 7 : explain SELECT k, c FROM sbtest7 WHERE k BETWEEN 7267870 AND 7267970
	-> Index range scan on sbtest7 using k_7 over (7267870 <= k <= 7267970), with index condition: (sbtest7.k between 7267870 and 7267970)  (cost=58.8 rows=130)


table 8 : explain SELECT k, c FROM sbtest8 WHERE k BETWEEN 7267870 AND 7267970
	-> Index range scan on sbtest8 using k_8 over (7267870 <= k <= 7267970), with index condition: (sbtest8.k between 7267870 and 7267970)  (cost=46.2 rows=102)

for range-notcovered
table 1 : explain SELECT k, c FROM sbtest1 WHERE k BETWEEN 4693750 AND 4693850
	-> Index range scan on sbtest1 using k_1 over (4693750 <= k <= 4693850), with index condition: (sbtest1.k between 4693750 and 4693850)  (cost=41.7 rows=92)


table 2 : explain SELECT k, c FROM sbtest2 WHERE k BETWEEN 4693750 AND 4693850
	-> Index range scan on sbtest2 using k_2 over (4693750 <= k <= 4693850), with index condition: (sbtest2.k between 4693750 and 4693850)  (cost=40.8 rows=90)


table 3 : explain SELECT k, c FROM sbtest3 WHERE k BETWEEN 4693750 AND 4693850
	-> Index range scan on sbtest3 using k_3 over (4693750 <= k <= 4693850), with index condition: (sbtest3.k between 4693750 and 4693850)  (cost=46.6 rows=103)


table 4 : explain SELECT k, c FROM sbtest4 WHERE k BETWEEN 4693750 AND 4693850
	-> Index range scan on sbtest4 using k_4 over (4693750 <= k <= 4693850), with index condition: (sbtest4.k between 4693750 and 4693850)  (cost=46.2 rows=102)


table 5 : explain SELECT k, c FROM sbtest5 WHERE k BETWEEN 4693750 AND 4693850
	-> Index range scan on sbtest5 using k_5 over (4693750 <= k <= 4693850), with index condition: (sbtest5.k between 4693750 and 4693850)  (cost=50.2 rows=111)


table 6 : explain SELECT k, c FROM sbtest6 WHERE k BETWEEN 4693750 AND 4693850
	-> Index range scan on sbtest6 using k_6 over (4693750 <= k <= 4693850), with index condition: (sbtest6.k between 4693750 and 4693850)  (cost=38.1 rows=84)


table 7 : explain SELECT k, c FROM sbtest7 WHERE k BETWEEN 4693750 AND 4693850
	-> Index range scan on sbtest7 using k_7 over (4693750 <= k <= 4693850), with index condition: (sbtest7.k between 4693750 and 4693850)  (cost=35.8 rows=79)


table 8 : explain SELECT k, c FROM sbtest8 WHERE k BETWEEN 4693750 AND 4693850
	-> Index range scan on sbtest8 using k_8 over (4693750 <= k <= 4693850), with index condition: (sbtest8.k between 4693750 and 4693850)  (cost=40.3 rows=89)

for range-notcovered
table 1 : explain SELECT k, c FROM sbtest1 WHERE k BETWEEN 4579692 AND 4579792
	-> Index range scan on sbtest1 using k_1 over (4579692 <= k <= 4579792), with index condition: (sbtest1.k between 4579692 and 4579792)  (cost=40.3 rows=89)


table 2 : explain SELECT k, c FROM sbtest2 WHERE k BETWEEN 4579692 AND 4579792
	-> Index range scan on sbtest2 using k_2 over (4579692 <= k <= 4579792), with index condition: (sbtest2.k between 4579692 and 4579792)  (cost=45.3 rows=100)


table 3 : explain SELECT k, c FROM sbtest3 WHERE k BETWEEN 4579692 AND 4579792
	-> Index range scan on sbtest3 using k_3 over (4579692 <= k <= 4579792), with index condition: (sbtest3.k between 4579692 and 4579792)  (cost=44.4 rows=98)


table 4 : explain SELECT k, c FROM sbtest4 WHERE k BETWEEN 4579692 AND 4579792
	-> Index range scan on sbtest4 using k_4 over (4579692 <= k <= 4579792), with index condition: (sbtest4.k between 4579692 and 4579792)  (cost=46.6 rows=103)


table 5 : explain SELECT k, c FROM sbtest5 WHERE k BETWEEN 4579692 AND 4579792
	-> Index range scan on sbtest5 using k_5 over (4579692 <= k <= 4579792), with index condition: (sbtest5.k between 4579692 and 4579792)  (cost=50.2 rows=111)


table 6 : explain SELECT k, c FROM sbtest6 WHERE k BETWEEN 4579692 AND 4579792
	-> Index range scan on sbtest6 using k_6 over (4579692 <= k <= 4579792), with index condition: (sbtest6.k between 4579692 and 4579792)  (cost=45.3 rows=100)


table 7 : explain SELECT k, c FROM sbtest7 WHERE k BETWEEN 4579692 AND 4579792
	-> Index range scan on sbtest7 using k_7 over (4579692 <= k <= 4579792), with index condition: (sbtest7.k between 4579692 and 4579792)  (cost=47.5 rows=105)


table 8 : explain SELECT k, c FROM sbtest8 WHERE k BETWEEN 4579692 AND 4579792
	-> Index range scan on sbtest8 using k_8 over (4579692 <= k <= 4579792), with index condition: (sbtest8.k between 4579692 and 4579792)  (cost=46.2 rows=102)

for range-notcovered
table 1 : explain SELECT k, c FROM sbtest1 WHERE k BETWEEN 5415594 AND 5415694
	-> Index range scan on sbtest1 using k_1 over (5415594 <= k <= 5415694), with index condition: (sbtest1.k between 5415594 and 5415694)  (cost=45.3 rows=100)


table 2 : explain SELECT k, c FROM sbtest2 WHERE k BETWEEN 5415594 AND 5415694
	-> Index range scan on sbtest2 using k_2 over (5415594 <= k <= 5415694), with index condition: (sbtest2.k between 5415594 and 5415694)  (cost=50.7 rows=112)


table 3 : explain SELECT k, c FROM sbtest3 WHERE k BETWEEN 5415594 AND 5415694
	-> Index range scan on sbtest3 using k_3 over (5415594 <= k <= 5415694), with index condition: (sbtest3.k between 5415594 and 5415694)  (cost=39.4 rows=87)


table 4 : explain SELECT k, c FROM sbtest4 WHERE k BETWEEN 5415594 AND 5415694
	-> Index range scan on sbtest4 using k_4 over (5415594 <= k <= 5415694), with index condition: (sbtest4.k between 5415594 and 5415694)  (cost=40.3 rows=89)


table 5 : explain SELECT k, c FROM sbtest5 WHERE k BETWEEN 5415594 AND 5415694
	-> Index range scan on sbtest5 using k_5 over (5415594 <= k <= 5415694), with index condition: (sbtest5.k between 5415594 and 5415694)  (cost=46.2 rows=102)


table 6 : explain SELECT k, c FROM sbtest6 WHERE k BETWEEN 5415594 AND 5415694
	-> Index range scan on sbtest6 using k_6 over (5415594 <= k <= 5415694), with index condition: (sbtest6.k between 5415594 and 5415694)  (cost=50.2 rows=111)


table 7 : explain SELECT k, c FROM sbtest7 WHERE k BETWEEN 5415594 AND 5415694
	-> Index range scan on sbtest7 using k_7 over (5415594 <= k <= 5415694), with index condition: (sbtest7.k between 5415594 and 5415694)  (cost=45.7 rows=101)


table 8 : explain SELECT k, c FROM sbtest8 WHERE k BETWEEN 5415594 AND 5415694
	-> Index range scan on sbtest8 using k_8 over (5415594 <= k <= 5415694), with index condition: (sbtest8.k between 5415594 and 5415694)  (cost=46.6 rows=103)


explain: for range-notcovered :: explain SELECT k, c FROM sbtest%d WHERE k BETWEEN 6684560 AND 6684660
for range-notcovered
table 1 : explain SELECT k, c FROM sbtest1 WHERE k BETWEEN 5674711 AND 5674811
	-> Index range scan on sbtest1 using k_1 over (5674711 <= k <= 5674811), with index condition: (sbtest1.k between 5674711 and 5674811)  (cost=40.8 rows=90)


table 2 : explain SELECT k, c FROM sbtest2 WHERE k BETWEEN 5674711 AND 5674811
	-> Index range scan on sbtest2 using k_2 over (5674711 <= k <= 5674811), with index condition: (sbtest2.k between 5674711 and 5674811)  (cost=41.2 rows=91)


table 3 : explain SELECT k, c FROM sbtest3 WHERE k BETWEEN 5674711 AND 5674811
	-> Index range scan on sbtest3 using k_3 over (5674711 <= k <= 5674811), with index condition: (sbtest3.k between 5674711 and 5674811)  (cost=48 rows=106)


table 4 : explain SELECT k, c FROM sbtest4 WHERE k BETWEEN 5674711 AND 5674811
	-> Index range scan on sbtest4 using k_4 over (5674711 <= k <= 5674811), with index condition: (sbtest4.k between 5674711 and 5674811)  (cost=52 rows=115)


table 5 : explain SELECT k, c FROM sbtest5 WHERE k BETWEEN 5674711 AND 5674811
	-> Index range scan on sbtest5 using k_5 over (5674711 <= k <= 5674811), with index condition: (sbtest5.k between 5674711 and 5674811)  (cost=54.7 rows=121)


table 6 : explain SELECT k, c FROM sbtest6 WHERE k BETWEEN 5674711 AND 5674811
	-> Index range scan on sbtest6 using k_6 over (5674711 <= k <= 5674811), with index condition: (sbtest6.k between 5674711 and 5674811)  (cost=47.1 rows=104)


table 7 : explain SELECT k, c FROM sbtest7 WHERE k BETWEEN 5674711 AND 5674811
	-> Index range scan on sbtest7 using k_7 over (5674711 <= k <= 5674811), with index condition: (sbtest7.k between 5674711 and 5674811)  (cost=43 rows=95)


table 8 : explain SELECT k, c FROM sbtest8 WHERE k BETWEEN 5674711 AND 5674811
	-> Index range scan on sbtest8 using k_8 over (5674711 <= k <= 5674811), with index condition: (sbtest8.k between 5674711 and 5674811)  (cost=51.1 rows=113)

for range-notcovered
table 1 : explain SELECT k, c FROM sbtest1 WHERE k BETWEEN 5968466 AND 5968566
	-> Index range scan on sbtest1 using k_1 over (5968466 <= k <= 5968566), with index condition: (sbtest1.k between 5968466 and 5968566)  (cost=39.4 rows=87)


table 2 : explain SELECT k, c FROM sbtest2 WHERE k BETWEEN 5968466 AND 5968566
	-> Index range scan on sbtest2 using k_2 over (5968466 <= k <= 5968566), with index condition: (sbtest2.k between 5968466 and 5968566)  (cost=43.5 rows=96)


table 3 : explain SELECT k, c FROM sbtest3 WHERE k BETWEEN 5968466 AND 5968566
	-> Index range scan on sbtest3 using k_3 over (5968466 <= k <= 5968566), with index condition: (sbtest3.k between 5968466 and 5968566)  (cost=52.5 rows=116)


table 4 : explain SELECT k, c FROM sbtest4 WHERE k BETWEEN 5968466 AND 5968566
	-> Index range scan on sbtest4 using k_4 over (5968466 <= k <= 5968566), with index condition: (sbtest4.k between 5968466 and 5968566)  (cost=58.3 rows=129)


table 5 : explain SELECT k, c FROM sbtest5 WHERE k BETWEEN 5968466 AND 5968566
	-> Index range scan on sbtest5 using k_5 over (5968466 <= k <= 5968566), with index condition: (sbtest5.k between 5968466 and 5968566)  (cost=42.1 rows=93)


table 6 : explain SELECT k, c FROM sbtest6 WHERE k BETWEEN 5968466 AND 5968566
	-> Index range scan on sbtest6 using k_6 over (5968466 <= k <= 5968566), with index condition: (sbtest6.k between 5968466 and 5968566)  (cost=39 rows=86)


table 7 : explain SELECT k, c FROM sbtest7 WHERE k BETWEEN 5968466 AND 5968566
	-> Index range scan on sbtest7 using k_7 over (5968466 <= k <= 5968566), with index condition: (sbtest7.k between 5968466 and 5968566)  (cost=49.3 rows=109)


table 8 : explain SELECT k, c FROM sbtest8 WHERE k BETWEEN 5968466 AND 5968566
	-> Index range scan on sbtest8 using k_8 over (5968466 <= k <= 5968566), with index condition: (sbtest8.k between 5968466 and 5968566)  (cost=42.6 rows=94)


explain: for range-notcovered :: explain SELECT k, c FROM sbtest%d WHERE k BETWEEN 8269975 AND 8270075


explain: for range-notcovered :: explain SELECT k, c FROM sbtest%d WHERE k BETWEEN 8894786 AND 8894886explain: for range-notcovered :: explain SELECT k, c FROM sbtest%d WHERE k BETWEEN 4485144 AND 4485244explain: for range-notcovered :: explain SELECT k, c FROM sbtest%d WHERE k BETWEEN 5415594 AND 5415694
explain: for range-notcovered :: explain SELECT k, c FROM sbtest%d WHERE k BETWEEN 4399788 AND 4399888

explain: for range-notcovered :: explain SELECT k, c FROM sbtest%d WHERE k BETWEEN 4579692 AND 4579792
for range-notcovered
table 1 : explain SELECT k, c FROM sbtest1 WHERE k BETWEEN 2925054 AND 2925154
	-> Index range scan on sbtest1 using k_1 over (2925054 <= k <= 2925154), with index condition: (sbtest1.k between 2925054 and 2925154)  (cost=41.2 rows=91)


table 2 : explain SELECT k, c FROM sbtest2 WHERE k BETWEEN 2925054 AND 2925154
	-> Index range scan on sbtest2 using k_2 over (2925054 <= k <= 2925154), with index condition: (sbtest2.k between 2925054 and 2925154)  (cost=45.7 rows=101)


table 3 : explain SELECT k, c FROM sbtest3 WHERE k BETWEEN 2925054 AND 2925154
	-> Index range scan on sbtest3 using k_3 over (2925054 <= k <= 2925154), with index condition: (sbtest3.k between 2925054 and 2925154)  (cost=46.2 rows=102)


table 4 : explain SELECT k, c FROM sbtest4 WHERE k BETWEEN 2925054 AND 2925154
	-> Index range scan on sbtest4 using k_4 over (2925054 <= k <= 2925154), with index condition: (sbtest4.k between 2925054 and 2925154)  (cost=44.8 rows=99)


table 5 : explain SELECT k, c FROM sbtest5 WHERE k BETWEEN 2925054 AND 2925154
	-> Index range scan on sbtest5 using k_5 over (2925054 <= k <= 2925154), with index condition: (sbtest5.k between 2925054 and 2925154)  (cost=45.7 rows=101)


table 6 : explain SELECT k, c FROM sbtest6 WHERE k BETWEEN 2925054 AND 2925154
	-> Index range scan on sbtest6 using k_6 over (2925054 <= k <= 2925154), with index condition: (sbtest6.k between 2925054 and 2925154)  (cost=41.2 rows=91)


table 7 : explain SELECT k, c FROM sbtest7 WHERE k BETWEEN 2925054 AND 2925154
	-> Index range scan on sbtest7 using k_7 over (2925054 <= k <= 2925154), with index condition: (sbtest7.k between 2925054 and 2925154)  (cost=46.2 rows=102)


table 8 : explain SELECT k, c FROM sbtest8 WHERE k BETWEEN 2925054 AND 2925154
	-> Index range scan on sbtest8 using k_8 over (2925054 <= k <= 2925154), with index condition: (sbtest8.k between 2925054 and 2925154)  (cost=51.6 rows=114)


explain: for range-notcovered :: explain SELECT k, c FROM sbtest%d WHERE k BETWEEN 4742653 AND 4742753explain: for range-notcovered :: explain SELECT k, c FROM sbtest%d WHERE k BETWEEN 5968466 AND 5968566
for range-notcovered
table 1 : explain SELECT k, c FROM sbtest1 WHERE k BETWEEN 6799449 AND 6799549
	-> Index range scan on sbtest1 using k_1 over (6799449 <= k <= 6799549), with index condition: (sbtest1.k between 6799449 and 6799549)  (cost=41.2 rows=91)


table 2 : explain SELECT k, c FROM sbtest2 WHERE k BETWEEN 6799449 AND 6799549
	-> Index range scan on sbtest2 using k_2 over (6799449 <= k <= 6799549), with index condition: (sbtest2.k between 6799449 and 6799549)  (cost=49.8 rows=110)


table 3 : explain SELECT k, c FROM sbtest3 WHERE k BETWEEN 6799449 AND 6799549
	-> Index range scan on sbtest3 using k_3 over (6799449 <= k <= 6799549), with index condition: (sbtest3.k between 6799449 and 6799549)  (cost=37.6 rows=83)


table 4 : explain SELECT k, c FROM sbtest4 WHERE k BETWEEN 6799449 AND 6799549
	-> Index range scan on sbtest4 using k_4 over (6799449 <= k <= 6799549), with index condition: (sbtest4.k between 6799449 and 6799549)  (cost=41.7 rows=92)


table 5 : explain SELECT k, c FROM sbtest5 WHERE k BETWEEN 6799449 AND 6799549
	-> Index range scan on sbtest5 using k_5 over (6799449 <= k <= 6799549), with index condition: (sbtest5.k between 6799449 and 6799549)  (cost=39.9 rows=88)


table 6 : explain SELECT k, c FROM sbtest6 WHERE k BETWEEN 6799449 AND 6799549
	-> Index range scan on sbtest6 using k_6 over (6799449 <= k <= 6799549), with index condition: (sbtest6.k between 6799449 and 6799549)  (cost=56.1 rows=124)


table 7 : explain SELECT k, c FROM sbtest7 WHERE k BETWEEN 6799449 AND 6799549
	-> Index range scan on sbtest7 using k_7 over (6799449 <= k <= 6799549), with index condition: (sbtest7.k between 6799449 and 6799549)  (cost=40.8 rows=90)


table 8 : explain SELECT k, c FROM sbtest8 WHERE k BETWEEN 6799449 AND 6799549
	-> Index range scan on sbtest8 using k_8 over (6799449 <= k <= 6799549), with index condition: (sbtest8.k between 6799449 and 6799549)  (cost=54.7 rows=121)


for range-notcovered
table 1 : explain SELECT k, c FROM sbtest1 WHERE k BETWEEN 7513703 AND 7513803
	-> Index range scan on sbtest1 using k_1 over (7513703 <= k <= 7513803), with index condition: (sbtest1.k between 7513703 and 7513803)  (cost=46.2 rows=102)


table 2 : explain SELECT k, c FROM sbtest2 WHERE k BETWEEN 7513703 AND 7513803
	-> Index range scan on sbtest2 using k_2 over (7513703 <= k <= 7513803), with index condition: (sbtest2.k between 7513703 and 7513803)  (cost=47.5 rows=105)


table 3 : explain SELECT k, c FROM sbtest3 WHERE k BETWEEN 7513703 AND 7513803
	-> Index range scan on sbtest3 using k_3 over (7513703 <= k <= 7513803), with index condition: (sbtest3.k between 7513703 and 7513803)  (cost=45.3 rows=100)


table 4 : explain SELECT k, c FROM sbtest4 WHERE k BETWEEN 7513703 AND 7513803
	-> Index range scan on sbtest4 using k_4 over (7513703 <= k <= 7513803), with index condition: (sbtest4.k between 7513703 and 7513803)  (cost=50.2 rows=111)


table 5 : explain SELECT k, c FROM sbtest5 WHERE k BETWEEN 7513703 AND 7513803
	-> Index range scan on sbtest5 using k_5 over (7513703 <= k <= 7513803), with index condition: (sbtest5.k between 7513703 and 7513803)  (cost=45.7 rows=101)


table 6 : explain SELECT k, c FROM sbtest6 WHERE k BETWEEN 7513703 AND 7513803
	-> Index range scan on sbtest6 using k_6 over (7513703 <= k <= 7513803), with index condition: (sbtest6.k between 7513703 and 7513803)  (cost=41.7 rows=92)


table 7 : explain SELECT k, c FROM sbtest7 WHERE k BETWEEN 7513703 AND 7513803
	-> Index range scan on sbtest7 using k_7 over (7513703 <= k <= 7513803), with index condition: (sbtest7.k between 7513703 and 7513803)  (cost=45.7 rows=101)


table 8 : explain SELECT k, c FROM sbtest8 WHERE k BETWEEN 7513703 AND 7513803
	-> Index range scan on sbtest8 using k_8 over (7513703 <= k <= 7513803), with index condition: (sbtest8.k between 7513703 and 7513803)  (cost=43 rows=95)



explain: for range-notcovered :: explain SELECT k, c FROM sbtest%d WHERE k BETWEEN 2925054 AND 2925154

for range-notcovered
table 1 : explain SELECT k, c FROM sbtest1 WHERE k BETWEEN 2605401 AND 2605501
	-> Index range scan on sbtest1 using k_1 over (2605401 <= k <= 2605501), with index condition: (sbtest1.k between 2605401 and 2605501)  (cost=60.6 rows=134)


table 2 : explain SELECT k, c FROM sbtest2 WHERE k BETWEEN 2605401 AND 2605501
	-> Index range scan on sbtest2 using k_2 over (2605401 <= k <= 2605501), with index condition: (sbtest2.k between 2605401 and 2605501)  (cost=47.5 rows=105)


table 3 : explain SELECT k, c FROM sbtest3 WHERE k BETWEEN 2605401 AND 2605501
	-> Index range scan on sbtest3 using k_3 over (2605401 <= k <= 2605501), with index condition: (sbtest3.k between 2605401 and 2605501)  (cost=41.7 rows=92)


table 4 : explain SELECT k, c FROM sbtest4 WHERE k BETWEEN 2605401 AND 2605501
	-> Index range scan on sbtest4 using k_4 over (2605401 <= k <= 2605501), with index condition: (sbtest4.k between 2605401 and 2605501)  (cost=43.5 rows=96)


table 5 : explain SELECT k, c FROM sbtest5 WHERE k BETWEEN 2605401 AND 2605501
	-> Index range scan on sbtest5 using k_5 over (2605401 <= k <= 2605501), with index condition: (sbtest5.k between 2605401 and 2605501)  (cost=53.4 rows=118)


table 6 : explain SELECT k, c FROM sbtest6 WHERE k BETWEEN 2605401 AND 2605501
	-> Index range scan on sbtest6 using k_6 over (2605401 <= k <= 2605501), with index condition: (sbtest6.k between 2605401 and 2605501)  (cost=53.8 rows=119)


table 7 : explain SELECT k, c FROM sbtest7 WHERE k BETWEEN 2605401 AND 2605501
	-> Index range scan on sbtest7 using k_7 over (2605401 <= k <= 2605501), with index condition: (sbtest7.k between 2605401 and 2605501)  (cost=42.1 rows=93)


table 8 : explain SELECT k, c FROM sbtest8 WHERE k BETWEEN 2605401 AND 2605501
	-> Index range scan on sbtest8 using k_8 over (2605401 <= k <= 2605501), with index condition: (sbtest8.k between 2605401 and 2605501)  (cost=52.5 rows=116)



explain: for range-notcovered :: explain SELECT k, c FROM sbtest%d WHERE k BETWEEN 6799449 AND 6799549
explain: for range-notcovered :: explain SELECT k, c FROM sbtest%d WHERE k BETWEEN 5674711 AND 5674811
for range-notcovered
table 1 : explain SELECT k, c FROM sbtest1 WHERE k BETWEEN 4296884 AND 4296984
	-> Index range scan on sbtest1 using k_1 over (4296884 <= k <= 4296984), with index condition: (sbtest1.k between 4296884 and 4296984)  (cost=42.6 rows=94)


table 2 : explain SELECT k, c FROM sbtest2 WHERE k BETWEEN 4296884 AND 4296984
	-> Index range scan on sbtest2 using k_2 over (4296884 <= k <= 4296984), with index condition: (sbtest2.k between 4296884 and 4296984)  (cost=38.1 rows=84)


table 3 : explain SELECT k, c FROM sbtest3 WHERE k BETWEEN 4296884 AND 4296984
	-> Index range scan on sbtest3 using k_3 over (4296884 <= k <= 4296984), with index condition: (sbtest3.k between 4296884 and 4296984)  (cost=45.3 rows=100)


table 4 : explain SELECT k, c FROM sbtest4 WHERE k BETWEEN 4296884 AND 4296984
	-> Index range scan on sbtest4 using k_4 over (4296884 <= k <= 4296984), with index condition: (sbtest4.k between 4296884 and 4296984)  (cost=45.7 rows=101)


table 5 : explain SELECT k, c FROM sbtest5 WHERE k BETWEEN 4296884 AND 4296984
	-> Index range scan on sbtest5 using k_5 over (4296884 <= k <= 4296984), with index condition: (sbtest5.k between 4296884 and 4296984)  (cost=47.1 rows=104)


table 6 : explain SELECT k, c FROM sbtest6 WHERE k BETWEEN 4296884 AND 4296984
	-> Index range scan on sbtest6 using k_6 over (4296884 <= k <= 4296984), with index condition: (sbtest6.k between 4296884 and 4296984)  (cost=48 rows=106)


table 7 : explain SELECT k, c FROM sbtest7 WHERE k BETWEEN 4296884 AND 4296984
	-> Index range scan on sbtest7 using k_7 over (4296884 <= k <= 4296984), with index condition: (sbtest7.k between 4296884 and 4296984)  (cost=44.4 rows=98)


table 8 : explain SELECT k, c FROM sbtest8 WHERE k BETWEEN 4296884 AND 4296984
	-> Index range scan on sbtest8 using k_8 over (4296884 <= k <= 4296984), with index condition: (sbtest8.k between 4296884 and 4296984)  (cost=43 rows=95)


for range-notcovered
table 1 : explain SELECT k, c FROM sbtest1 WHERE k BETWEEN 4587498 AND 4587598
	-> Index range scan on sbtest1 using k_1 over (4587498 <= k <= 4587598), with index condition: (sbtest1.k between 4587498 and 4587598)  (cost=42.1 rows=93)


table 2 : explain SELECT k, c FROM sbtest2 WHERE k BETWEEN 4587498 AND 4587598
	-> Index range scan on sbtest2 using k_2 over (4587498 <= k <= 4587598), with index condition: (sbtest2.k between 4587498 and 4587598)  (cost=47.5 rows=105)


table 3 : explain SELECT k, c FROM sbtest3 WHERE k BETWEEN 4587498 AND 4587598
	-> Index range scan on sbtest3 using k_3 over (4587498 <= k <= 4587598), with index condition: (sbtest3.k between 4587498 and 4587598)  (cost=39.9 rows=88)


table 4 : explain SELECT k, c FROM sbtest4 WHERE k BETWEEN 4587498 AND 4587598
	-> Index range scan on sbtest4 using k_4 over (4587498 <= k <= 4587598), with index condition: (sbtest4.k between 4587498 and 4587598)  (cost=39.4 rows=87)


table 5 : explain SELECT k, c FROM sbtest5 WHERE k BETWEEN 4587498 AND 4587598
	-> Index range scan on sbtest5 using k_5 over (4587498 <= k <= 4587598), with index condition: (sbtest5.k between 4587498 and 4587598)  (cost=55.2 rows=122)


table 6 : explain SELECT k, c FROM sbtest6 WHERE k BETWEEN 4587498 AND 4587598
	-> Index range scan on sbtest6 using k_6 over (4587498 <= k <= 4587598), with index condition: (sbtest6.k between 4587498 and 4587598)  (cost=48.9 rows=108)


table 7 : explain SELECT k, c FROM sbtest7 WHERE k BETWEEN 4587498 AND 4587598
	-> Index range scan on sbtest7 using k_7 over (4587498 <= k <= 4587598), with index condition: (sbtest7.k between 4587498 and 4587598)  (cost=54.3 rows=120)


table 8 : explain SELECT k, c FROM sbtest8 WHERE k BETWEEN 4587498 AND 4587598
	-> Index range scan on sbtest8 using k_8 over (4587498 <= k <= 4587598), with index condition: (sbtest8.k between 4587498 and 4587598)  (cost=51.6 rows=114)


explain: for range-notcovered :: explain SELECT k, c FROM sbtest%d WHERE k BETWEEN 2605401 AND 2605501
explain: for range-notcovered :: explain SELECT k, c FROM sbtest%d WHERE k BETWEEN 7267870 AND 7267970
for range-notcovered
table 1 : explain SELECT k, c FROM sbtest1 WHERE k BETWEEN 6624859 AND 6624959
	-> Index range scan on sbtest1 using k_1 over (6624859 <= k <= 6624959), with index condition: (sbtest1.k between 6624859 and 6624959)  (cost=50.7 rows=112)


table 2 : explain SELECT k, c FROM sbtest2 WHERE k BETWEEN 6624859 AND 6624959
	-> Index range scan on sbtest2 using k_2 over (6624859 <= k <= 6624959), with index condition: (sbtest2.k between 6624859 and 6624959)  (cost=44.4 rows=98)


table 3 : explain SELECT k, c FROM sbtest3 WHERE k BETWEEN 6624859 AND 6624959
	-> Index range scan on sbtest3 using k_3 over (6624859 <= k <= 6624959), with index condition: (sbtest3.k between 6624859 and 6624959)  (cost=47.5 rows=105)


table 4 : explain SELECT k, c FROM sbtest4 WHERE k BETWEEN 6624859 AND 6624959
	-> Index range scan on sbtest4 using k_4 over (6624859 <= k <= 6624959), with index condition: (sbtest4.k between 6624859 and 6624959)  (cost=40.8 rows=90)


table 5 : explain SELECT k, c FROM sbtest5 WHERE k BETWEEN 6624859 AND 6624959
	-> Index range scan on sbtest5 using k_5 over (6624859 <= k <= 6624959), with index condition: (sbtest5.k between 6624859 and 6624959)  (cost=37.6 rows=83)


table 6 : explain SELECT k, c FROM sbtest6 WHERE k BETWEEN 6624859 AND 6624959
	-> Index range scan on sbtest6 using k_6 over (6624859 <= k <= 6624959), with index condition: (sbtest6.k between 6624859 and 6624959)  (cost=50.2 rows=111)


table 7 : explain SELECT k, c FROM sbtest7 WHERE k BETWEEN 6624859 AND 6624959
	-> Index range scan on sbtest7 using k_7 over (6624859 <= k <= 6624959), with index condition: (sbtest7.k between 6624859 and 6624959)  (cost=41.7 rows=92)


table 8 : explain SELECT k, c FROM sbtest8 WHERE k BETWEEN 6624859 AND 6624959
	-> Index range scan on sbtest8 using k_8 over (6624859 <= k <= 6624959), with index condition: (sbtest8.k between 6624859 and 6624959)  (cost=48 rows=106)


explain: for range-notcovered :: explain SELECT k, c FROM sbtest%d WHERE k BETWEEN 4693750 AND 4693850
explain: for range-notcovered :: explain SELECT k, c FROM sbtest%d WHERE k BETWEEN 4587498 AND 4587598
for range-notcovered
table 1 : explain SELECT k, c FROM sbtest1 WHERE k BETWEEN 6652235 AND 6652335
	-> Index range scan on sbtest1 using k_1 over (6652235 <= k <= 6652335), with index condition: (sbtest1.k between 6652235 and 6652335)  (cost=42.6 rows=94)


table 2 : explain SELECT k, c FROM sbtest2 WHERE k BETWEEN 6652235 AND 6652335
	-> Index range scan on sbtest2 using k_2 over (6652235 <= k <= 6652335), with index condition: (sbtest2.k between 6652235 and 6652335)  (cost=50.2 rows=111)


table 3 : explain SELECT k, c FROM sbtest3 WHERE k BETWEEN 6652235 AND 6652335
	-> Index range scan on sbtest3 using k_3 over (6652235 <= k <= 6652335), with index condition: (sbtest3.k between 6652235 and 6652335)  (cost=43.5 rows=96)


table 4 : explain SELECT k, c FROM sbtest4 WHERE k BETWEEN 6652235 AND 6652335
	-> Index range scan on sbtest4 using k_4 over (6652235 <= k <= 6652335), with index condition: (sbtest4.k between 6652235 and 6652335)  (cost=48 rows=106)


table 5 : explain SELECT k, c FROM sbtest5 WHERE k BETWEEN 6652235 AND 6652335
	-> Index range scan on sbtest5 using k_5 over (6652235 <= k <= 6652335), with index condition: (sbtest5.k between 6652235 and 6652335)  (cost=42.1 rows=93)


table 6 : explain SELECT k, c FROM sbtest6 WHERE k BETWEEN 6652235 AND 6652335
	-> Index range scan on sbtest6 using k_6 over (6652235 <= k <= 6652335), with index condition: (sbtest6.k between 6652235 and 6652335)  (cost=41.2 rows=91)


table 7 : explain SELECT k, c FROM sbtest7 WHERE k BETWEEN 6652235 AND 6652335
	-> Index range scan on sbtest7 using k_7 over (6652235 <= k <= 6652335), with index condition: (sbtest7.k between 6652235 and 6652335)  (cost=44.8 rows=99)


table 8 : explain SELECT k, c FROM sbtest8 WHERE k BETWEEN 6652235 AND 6652335
	-> Index range scan on sbtest8 using k_8 over (6652235 <= k <= 6652335), with index condition: (sbtest8.k between 6652235 and 6652335)  (cost=43.5 rows=96)

explain: for range-notcovered :: explain SELECT k, c FROM sbtest%d WHERE k BETWEEN 4296884 AND 4296984for range-notcovered
table 1 : explain SELECT k, c FROM sbtest1 WHERE k BETWEEN 7436497 AND 7436597
	-> Index range scan on sbtest1 using k_1 over (7436497 <= k <= 7436597), with index condition: (sbtest1.k between 7436497 and 7436597)  (cost=50.7 rows=112)


table 2 : explain SELECT k, c FROM sbtest2 WHERE k BETWEEN 7436497 AND 7436597
	-> Index range scan on sbtest2 using k_2 over (7436497 <= k <= 7436597), with index condition: (sbtest2.k between 7436497 and 7436597)  (cost=49.8 rows=110)


table 3 : explain SELECT k, c FROM sbtest3 WHERE k BETWEEN 7436497 AND 7436597
	-> Index range scan on sbtest3 using k_3 over (7436497 <= k <= 7436597), with index condition: (sbtest3.k between 7436497 and 7436597)  (cost=47.5 rows=105)


table 4 : explain SELECT k, c FROM sbtest4 WHERE k BETWEEN 7436497 AND 7436597
	-> Index range scan on sbtest4 using k_4 over (7436497 <= k <= 7436597), with index condition: (sbtest4.k between 7436497 and 7436597)  (cost=47.5 rows=105)


table 5 : explain SELECT k, c FROM sbtest5 WHERE k BETWEEN 7436497 AND 7436597
	-> Index range scan on sbtest5 using k_5 over (7436497 <= k <= 7436597), with index condition: (sbtest5.k between 7436497 and 7436597)  (cost=38.5 rows=85)


table 6 : explain SELECT k, c FROM sbtest6 WHERE k BETWEEN 7436497 AND 7436597
	-> Index range scan on sbtest6 using k_6 over (7436497 <= k <= 7436597), with index condition: (sbtest6.k between 7436497 and 7436597)  (cost=39.4 rows=87)


table 7 : explain SELECT k, c FROM sbtest7 WHERE k BETWEEN 7436497 AND 7436597
	-> Index range scan on sbtest7 using k_7 over (7436497 <= k <= 7436597), with index condition: (sbtest7.k between 7436497 and 7436597)  (cost=40.8 rows=90)


table 8 : explain SELECT k, c FROM sbtest8 WHERE k BETWEEN 7436497 AND 7436597
	-> Index range scan on sbtest8 using k_8 over (7436497 <= k <= 7436597), with index condition: (sbtest8.k between 7436497 and 7436597)  (cost=43 rows=95)



for range-notcovered
table 1 : explain SELECT k, c FROM sbtest1 WHERE k BETWEEN 6119662 AND 6119762
	-> Index range scan on sbtest1 using k_1 over (6119662 <= k <= 6119762), with index condition: (sbtest1.k between 6119662 and 6119762)  (cost=47.5 rows=105)


table 2 : explain SELECT k, c FROM sbtest2 WHERE k BETWEEN 6119662 AND 6119762
	-> Index range scan on sbtest2 using k_2 over (6119662 <= k <= 6119762), with index condition: (sbtest2.k between 6119662 and 6119762)  (cost=50.2 rows=111)


table 3 : explain SELECT k, c FROM sbtest3 WHERE k BETWEEN 6119662 AND 6119762
	-> Index range scan on sbtest3 using k_3 over (6119662 <= k <= 6119762), with index condition: (sbtest3.k between 6119662 and 6119762)  (cost=48 rows=106)


table 4 : explain SELECT k, c FROM sbtest4 WHERE k BETWEEN 6119662 AND 6119762
	-> Index range scan on sbtest4 using k_4 over (6119662 <= k <= 6119762), with index condition: (sbtest4.k between 6119662 and 6119762)  (cost=48 rows=106)


table 5 : explain SELECT k, c FROM sbtest5 WHERE k BETWEEN 6119662 AND 6119762
	-> Index range scan on sbtest5 using k_5 over (6119662 <= k <= 6119762), with index condition: (sbtest5.k between 6119662 and 6119762)  (cost=43 rows=95)


table 6 : explain SELECT k, c FROM sbtest6 WHERE k BETWEEN 6119662 AND 6119762
	-> Index range scan on sbtest6 using k_6 over (6119662 <= k <= 6119762), with index condition: (sbtest6.k between 6119662 and 6119762)  (cost=41.2 rows=91)


table 7 : explain SELECT k, c FROM sbtest7 WHERE k BETWEEN 6119662 AND 6119762
	-> Index range scan on sbtest7 using k_7 over (6119662 <= k <= 6119762), with index condition: (sbtest7.k between 6119662 and 6119762)  (cost=49.3 rows=109)


table 8 : explain SELECT k, c FROM sbtest8 WHERE k BETWEEN 6119662 AND 6119762
	-> Index range scan on sbtest8 using k_8 over (6119662 <= k <= 6119762), with index condition: (sbtest8.k between 6119662 and 6119762)  (cost=52.5 rows=116)


for range-notcovered
table 1 : explain SELECT k, c FROM sbtest1 WHERE k BETWEEN 5852949 AND 5853049
	-> Index range scan on sbtest1 using k_1 over (5852949 <= k <= 5853049), with index condition: (sbtest1.k between 5852949 and 5853049)  (cost=45.7 rows=101)


table 2 : explain SELECT k, c FROM sbtest2 WHERE k BETWEEN 5852949 AND 5853049
	-> Index range scan on sbtest2 using k_2 over (5852949 <= k <= 5853049), with index condition: (sbtest2.k between 5852949 and 5853049)  (cost=39 rows=86)


table 3 : explain SELECT k, c FROM sbtest3 WHERE k BETWEEN 5852949 AND 5853049
	-> Index range scan on sbtest3 using k_3 over (5852949 <= k <= 5853049), with index condition: (sbtest3.k between 5852949 and 5853049)  (cost=43.5 rows=96)


table 4 : explain SELECT k, c FROM sbtest4 WHERE k BETWEEN 5852949 AND 5853049
	-> Index range scan on sbtest4 using k_4 over (5852949 <= k <= 5853049), with index condition: (sbtest4.k between 5852949 and 5853049)  (cost=50.7 rows=112)


table 5 : explain SELECT k, c FROM sbtest5 WHERE k BETWEEN 5852949 AND 5853049
	-> Index range scan on sbtest5 using k_5 over (5852949 <= k <= 5853049), with index condition: (sbtest5.k between 5852949 and 5853049)  (cost=48.9 rows=108)


table 6 : explain SELECT k, c FROM sbtest6 WHERE k BETWEEN 5852949 AND 5853049
	-> Index range scan on sbtest6 using k_6 over (5852949 <= k <= 5853049), with index condition: (sbtest6.k between 5852949 and 5853049)  (cost=36.7 rows=81)


table 7 : explain SELECT k, c FROM sbtest7 WHERE k BETWEEN 5852949 AND 5853049
	-> Index range scan on sbtest7 using k_7 over (5852949 <= k <= 5853049), with index condition: (sbtest7.k between 5852949 and 5853049)  (cost=44.8 rows=99)


table 8 : explain SELECT k, c FROM sbtest8 WHERE k BETWEEN 5852949 AND 5853049
	-> Index range scan on sbtest8 using k_8 over (5852949 <= k <= 5853049), with index condition: (sbtest8.k between 5852949 and 5853049)  (cost=39.9 rows=88)



for range-notcovered
table 1 : explain SELECT k, c FROM sbtest1 WHERE k BETWEEN 6156151 AND 6156251
	-> Index range scan on sbtest1 using k_1 over (6156151 <= k <= 6156251), with index condition: (sbtest1.k between 6156151 and 6156251)  (cost=42.1 rows=93)


table 2 : explain SELECT k, c FROM sbtest2 WHERE k BETWEEN 6156151 AND 6156251
	-> Index range scan on sbtest2 using k_2 over (6156151 <= k <= 6156251), with index condition: (sbtest2.k between 6156151 and 6156251)  (cost=44.8 rows=99)


table 3 : explain SELECT k, c FROM sbtest3 WHERE k BETWEEN 6156151 AND 6156251
	-> Index range scan on sbtest3 using k_3 over (6156151 <= k <= 6156251), with index condition: (sbtest3.k between 6156151 and 6156251)  (cost=47.5 rows=105)


table 4 : explain SELECT k, c FROM sbtest4 WHERE k BETWEEN 6156151 AND 6156251
	-> Index range scan on sbtest4 using k_4 over (6156151 <= k <= 6156251), with index condition: (sbtest4.k between 6156151 and 6156251)  (cost=53.4 rows=118)


table 5 : explain SELECT k, c FROM sbtest5 WHERE k BETWEEN 6156151 AND 6156251
	-> Index range scan on sbtest5 using k_5 over (6156151 <= k <= 6156251), with index condition: (sbtest5.k between 6156151 and 6156251)  (cost=47.1 rows=104)


table 6 : explain SELECT k, c FROM sbtest6 WHERE k BETWEEN 6156151 AND 6156251
	-> Index range scan on sbtest6 using k_6 over (6156151 <= k <= 6156251), with index condition: (sbtest6.k between 6156151 and 6156251)  (cost=48.4 rows=107)


table 7 : explain SELECT k, c FROM sbtest7 WHERE k BETWEEN 6156151 AND 6156251
	-> Index range scan on sbtest7 using k_7 over (6156151 <= k <= 6156251), with index condition: (sbtest7.k between 6156151 and 6156251)  (cost=44.4 rows=98)


table 8 : explain SELECT k, c FROM sbtest8 WHERE k BETWEEN 6156151 AND 6156251
	-> Index range scan on sbtest8 using k_8 over (6156151 <= k <= 6156251), with index condition: (sbtest8.k between 6156151 and 6156251)  (cost=47.5 rows=105)


for range-notcovered
table 1 : explain SELECT k, c FROM sbtest1 WHERE k BETWEEN 6357521 AND 6357621
	-> Index range scan on sbtest1 using k_1 over (6357521 <= k <= 6357621), with index condition: (sbtest1.k between 6357521 and 6357621)  (cost=52.5 rows=116)


table 2 : explain SELECT k, c FROM sbtest2 WHERE k BETWEEN 6357521 AND 6357621
	-> Index range scan on sbtest2 using k_2 over (6357521 <= k <= 6357621), with index condition: (sbtest2.k between 6357521 and 6357621)  (cost=43.5 rows=96)


table 3 : explain SELECT k, c FROM sbtest3 WHERE k BETWEEN 6357521 AND 6357621
	-> Index range scan on sbtest3 using k_3 over (6357521 <= k <= 6357621), with index condition: (sbtest3.k between 6357521 and 6357621)  (cost=45.7 rows=101)


table 4 : explain SELECT k, c FROM sbtest4 WHERE k BETWEEN 6357521 AND 6357621
	-> Index range scan on sbtest4 using k_4 over (6357521 <= k <= 6357621), with index condition: (sbtest4.k between 6357521 and 6357621)  (cost=43 rows=95)


table 5 : explain SELECT k, c FROM sbtest5 WHERE k BETWEEN 6357521 AND 6357621
	-> Index range scan on sbtest5 using k_5 over (6357521 <= k <= 6357621), with index condition: (sbtest5.k between 6357521 and 6357621)  (cost=49.8 rows=110)


table 6 : explain SELECT k, c FROM sbtest6 WHERE k BETWEEN 6357521 AND 6357621
	-> Index range scan on sbtest6 using k_6 over (6357521 <= k <= 6357621), with index condition: (sbtest6.k between 6357521 and 6357621)  (cost=41.7 rows=92)


table 7 : explain SELECT k, c FROM sbtest7 WHERE k BETWEEN 6357521 AND 6357621
	-> Index range scan on sbtest7 using k_7 over (6357521 <= k <= 6357621), with index condition: (sbtest7.k between 6357521 and 6357621)  (cost=48 rows=106)


table 8 : explain SELECT k, c FROM sbtest8 WHERE k BETWEEN 6357521 AND 6357621
	-> Index range scan on sbtest8 using k_8 over (6357521 <= k <= 6357621), with index condition: (sbtest8.k between 6357521 and 6357621)  (cost=40.3 rows=89)



for range-notcovered
table 1 : explain SELECT k, c FROM sbtest1 WHERE k BETWEEN 4037229 AND 4037329
	-> Index range scan on sbtest1 using k_1 over (4037229 <= k <= 4037329), with index condition: (sbtest1.k between 4037229 and 4037329)  (cost=41.7 rows=92)


table 2 : explain SELECT k, c FROM sbtest2 WHERE k BETWEEN 4037229 AND 4037329
	-> Index range scan on sbtest2 using k_2 over (4037229 <= k <= 4037329), with index condition: (sbtest2.k between 4037229 and 4037329)  (cost=47.5 rows=105)


table 3 : explain SELECT k, c FROM sbtest3 WHERE k BETWEEN 4037229 AND 4037329
	-> Index range scan on sbtest3 using k_3 over (4037229 <= k <= 4037329), with index condition: (sbtest3.k between 4037229 and 4037329)  (cost=46.2 rows=102)


table 4 : explain SELECT k, c FROM sbtest4 WHERE k BETWEEN 4037229 AND 4037329
	-> Index range scan on sbtest4 using k_4 over (4037229 <= k <= 4037329), with index condition: (sbtest4.k between 4037229 and 4037329)  (cost=42.1 rows=93)


table 5 : explain SELECT k, c FROM sbtest5 WHERE k BETWEEN 4037229 AND 4037329
	-> Index range scan on sbtest5 using k_5 over (4037229 <= k <= 4037329), with index condition: (sbtest5.k between 4037229 and 4037329)  (cost=42.6 rows=94)


table 6 : explain SELECT k, c FROM sbtest6 WHERE k BETWEEN 4037229 AND 4037329
	-> Index range scan on sbtest6 using k_6 over (4037229 <= k <= 4037329), with index condition: (sbtest6.k between 4037229 and 4037329)  (cost=37.6 rows=83)


table 7 : explain SELECT k, c FROM sbtest7 WHERE k BETWEEN 4037229 AND 4037329
	-> Index range scan on sbtest7 using k_7 over (4037229 <= k <= 4037329), with index condition: (sbtest7.k between 4037229 and 4037329)  (cost=34.9 rows=77)


table 8 : explain SELECT k, c FROM sbtest8 WHERE k BETWEEN 4037229 AND 4037329
	-> Index range scan on sbtest8 using k_8 over (4037229 <= k <= 4037329), with index condition: (sbtest8.k between 4037229 and 4037329)  (cost=48 rows=106)


for range-notcovered
table 1 : explain SELECT k, c FROM sbtest1 WHERE k BETWEEN 5340685 AND 5340785
	-> Index range scan on sbtest1 using k_1 over (5340685 <= k <= 5340785), with index condition: (sbtest1.k between 5340685 and 5340785)  (cost=42.1 rows=93)


table 2 : explain SELECT k, c FROM sbtest2 WHERE k BETWEEN 5340685 AND 5340785
	-> Index range scan on sbtest2 using k_2 over (5340685 <= k <= 5340785), with index condition: (sbtest2.k between 5340685 and 5340785)  (cost=46.2 rows=102)


table 3 : explain SELECT k, c FROM sbtest3 WHERE k BETWEEN 5340685 AND 5340785
	-> Index range scan on sbtest3 using k_3 over (5340685 <= k <= 5340785), with index condition: (sbtest3.k between 5340685 and 5340785)  (cost=40.8 rows=90)


table 4 : explain SELECT k, c FROM sbtest4 WHERE k BETWEEN 5340685 AND 5340785
	-> Index range scan on sbtest4 using k_4 over (5340685 <= k <= 5340785), with index condition: (sbtest4.k between 5340685 and 5340785)  (cost=48.9 rows=108)


table 5 : explain SELECT k, c FROM sbtest5 WHERE k BETWEEN 5340685 AND 5340785
	-> Index range scan on sbtest5 using k_5 over (5340685 <= k <= 5340785), with index condition: (sbtest5.k between 5340685 and 5340785)  (cost=38.5 rows=85)


table 6 : explain SELECT k, c FROM sbtest6 WHERE k BETWEEN 5340685 AND 5340785
	-> Index range scan on sbtest6 using k_6 over (5340685 <= k <= 5340785), with index condition: (sbtest6.k between 5340685 and 5340785)  (cost=49.3 rows=109)


table 7 : explain SELECT k, c FROM sbtest7 WHERE k BETWEEN 5340685 AND 5340785
	-> Index range scan on sbtest7 using k_7 over (5340685 <= k <= 5340785), with index condition: (sbtest7.k between 5340685 and 5340785)  (cost=48 rows=106)


table 8 : explain SELECT k, c FROM sbtest8 WHERE k BETWEEN 5340685 AND 5340785
	-> Index range scan on sbtest8 using k_8 over (5340685 <= k <= 5340785), with index condition: (sbtest8.k between 5340685 and 5340785)  (cost=42.1 rows=93)


explain: for range-notcovered :: explain SELECT k, c FROM sbtest%d WHERE k BETWEEN 6652235 AND 6652335
explain: for range-notcovered :: explain SELECT k, c FROM sbtest%d WHERE k BETWEEN 7436497 AND 7436597
explain: for range-notcovered :: explain SELECT k, c FROM sbtest%d WHERE k BETWEEN 6119662 AND 6119762
explain: for range-notcovered :: explain SELECT k, c FROM sbtest%d WHERE k BETWEEN 5852949 AND 5853049
for range-notcovered
table 1 : explain SELECT k, c FROM sbtest1 WHERE k BETWEEN 7765506 AND 7765606
	-> Index range scan on sbtest1 using k_1 over (7765506 <= k <= 7765606), with index condition: (sbtest1.k between 7765506 and 7765606)  (cost=51.1 rows=113)


table 2 : explain SELECT k, c FROM sbtest2 WHERE k BETWEEN 7765506 AND 7765606
	-> Index range scan on sbtest2 using k_2 over (7765506 <= k <= 7765606), with index condition: (sbtest2.k between 7765506 and 7765606)  (cost=52.9 rows=117)


table 3 : explain SELECT k, c FROM sbtest3 WHERE k BETWEEN 7765506 AND 7765606
	-> Index range scan on sbtest3 using k_3 over (7765506 <= k <= 7765606), with index condition: (sbtest3.k between 7765506 and 7765606)  (cost=49.8 rows=110)


table 4 : explain SELECT k, c FROM sbtest4 WHERE k BETWEEN 7765506 AND 7765606
	-> Index range scan on sbtest4 using k_4 over (7765506 <= k <= 7765606), with index condition: (sbtest4.k between 7765506 and 7765606)  (cost=42.1 rows=93)


table 5 : explain SELECT k, c FROM sbtest5 WHERE k BETWEEN 7765506 AND 7765606
	-> Index range scan on sbtest5 using k_5 over (7765506 <= k <= 7765606), with index condition: (sbtest5.k between 7765506 and 7765606)  (cost=51.6 rows=114)


table 6 : explain SELECT k, c FROM sbtest6 WHERE k BETWEEN 7765506 AND 7765606
	-> Index range scan on sbtest6 using k_6 over (7765506 <= k <= 7765606), with index condition: (sbtest6.k between 7765506 and 7765606)  (cost=44.4 rows=98)


table 7 : explain SELECT k, c FROM sbtest7 WHERE k BETWEEN 7765506 AND 7765606
	-> Index range scan on sbtest7 using k_7 over (7765506 <= k <= 7765606), with index condition: (sbtest7.k between 7765506 and 7765606)  (cost=42.6 rows=94)


table 8 : explain SELECT k, c FROM sbtest8 WHERE k BETWEEN 7765506 AND 7765606
	-> Index range scan on sbtest8 using k_8 over (7765506 <= k <= 7765606), with index condition: (sbtest8.k between 7765506 and 7765606)  (cost=48 rows=106)

for range-notcovered
table 1 : explain SELECT k, c FROM sbtest1 WHERE k BETWEEN 3025489 AND 3025589
	-> Index range scan on sbtest1 using k_1 over (3025489 <= k <= 3025589), with index condition: (sbtest1.k between 3025489 and 3025589)  (cost=43.5 rows=96)


table 2 : explain SELECT k, c FROM sbtest2 WHERE k BETWEEN 3025489 AND 3025589
	-> Index range scan on sbtest2 using k_2 over (3025489 <= k <= 3025589), with index condition: (sbtest2.k between 3025489 and 3025589)  (cost=51.1 rows=113)


table 3 : explain SELECT k, c FROM sbtest3 WHERE k BETWEEN 3025489 AND 3025589
	-> Index range scan on sbtest3 using k_3 over (3025489 <= k <= 3025589), with index condition: (sbtest3.k between 3025489 and 3025589)  (cost=34.5 rows=76)


table 4 : explain SELECT k, c FROM sbtest4 WHERE k BETWEEN 3025489 AND 3025589
	-> Index range scan on sbtest4 using k_4 over (3025489 <= k <= 3025589), with index condition: (sbtest4.k between 3025489 and 3025589)  (cost=50.2 rows=111)


table 5 : explain SELECT k, c FROM sbtest5 WHERE k BETWEEN 3025489 AND 3025589
	-> Index range scan on sbtest5 using k_5 over (3025489 <= k <= 3025589), with index condition: (sbtest5.k between 3025489 and 3025589)  (cost=43 rows=95)


table 6 : explain SELECT k, c FROM sbtest6 WHERE k BETWEEN 3025489 AND 3025589
	-> Index range scan on sbtest6 using k_6 over (3025489 <= k <= 3025589), with index condition: (sbtest6.k between 3025489 and 3025589)  (cost=39.9 rows=88)


table 7 : explain SELECT k, c FROM sbtest7 WHERE k BETWEEN 3025489 AND 3025589
	-> Index range scan on sbtest7 using k_7 over (3025489 <= k <= 3025589), with index condition: (sbtest7.k between 3025489 and 3025589)  (cost=45.7 rows=101)


table 8 : explain SELECT k, c FROM sbtest8 WHERE k BETWEEN 3025489 AND 3025589
	-> Index range scan on sbtest8 using k_8 over (3025489 <= k <= 3025589), with index condition: (sbtest8.k between 3025489 and 3025589)  (cost=40.8 rows=90)


explain: for range-notcovered :: explain SELECT k, c FROM sbtest%d WHERE k BETWEEN 4037229 AND 4037329explain: for range-notcovered :: explain SELECT k, c FROM sbtest%d WHERE k BETWEEN 5340685 AND 5340785
for range-notcovered
table 1 : explain SELECT k, c FROM sbtest1 WHERE k BETWEEN 6706397 AND 6706497
	-> Index range scan on sbtest1 using k_1 over (6706397 <= k <= 6706497), with index condition: (sbtest1.k between 6706397 and 6706497)  (cost=51.1 rows=113)


table 2 : explain SELECT k, c FROM sbtest2 WHERE k BETWEEN 6706397 AND 6706497
	-> Index range scan on sbtest2 using k_2 over (6706397 <= k <= 6706497), with index condition: (sbtest2.k between 6706397 and 6706497)  (cost=47.1 rows=104)


table 3 : explain SELECT k, c FROM sbtest3 WHERE k BETWEEN 6706397 AND 6706497
	-> Index range scan on sbtest3 using k_3 over (6706397 <= k <= 6706497), with index condition: (sbtest3.k between 6706397 and 6706497)  (cost=49.8 rows=110)


table 4 : explain SELECT k, c FROM sbtest4 WHERE k BETWEEN 6706397 AND 6706497
	-> Index range scan on sbtest4 using k_4 over (6706397 <= k <= 6706497), with index condition: (sbtest4.k between 6706397 and 6706497)  (cost=40.3 rows=89)


table 5 : explain SELECT k, c FROM sbtest5 WHERE k BETWEEN 6706397 AND 6706497
	-> Index range scan on sbtest5 using k_5 over (6706397 <= k <= 6706497), with index condition: (sbtest5.k between 6706397 and 6706497)  (cost=44.4 rows=98)


table 6 : explain SELECT k, c FROM sbtest6 WHERE k BETWEEN 6706397 AND 6706497
	-> Index range scan on sbtest6 using k_6 over (6706397 <= k <= 6706497), with index condition: (sbtest6.k between 6706397 and 6706497)  (cost=43 rows=95)


table 7 : explain SELECT k, c FROM sbtest7 WHERE k BETWEEN 6706397 AND 6706497
	-> Index range scan on sbtest7 using k_7 over (6706397 <= k <= 6706497), with index condition: (sbtest7.k between 6706397 and 6706497)  (cost=53.4 rows=118)


table 8 : explain SELECT k, c FROM sbtest8 WHERE k BETWEEN 6706397 AND 6706497
	-> Index range scan on sbtest8 using k_8 over (6706397 <= k <= 6706497), with index condition: (sbtest8.k between 6706397 and 6706497)  (cost=48 rows=106)


for range-notcovered
table 1 : explain SELECT k, c FROM sbtest1 WHERE k BETWEEN 1773117 AND 1773217
	-> Index range scan on sbtest1 using k_1 over (1773117 <= k <= 1773217), with index condition: (sbtest1.k between 1773117 and 1773217)  (cost=41.7 rows=92)


table 2 : explain SELECT k, c FROM sbtest2 WHERE k BETWEEN 1773117 AND 1773217
	-> Index range scan on sbtest2 using k_2 over (1773117 <= k <= 1773217), with index condition: (sbtest2.k between 1773117 and 1773217)  (cost=45.3 rows=100)


table 3 : explain SELECT k, c FROM sbtest3 WHERE k BETWEEN 1773117 AND 1773217
	-> Index range scan on sbtest3 using k_3 over (1773117 <= k <= 1773217), with index condition: (sbtest3.k between 1773117 and 1773217)  (cost=47.5 rows=105)


table 4 : explain SELECT k, c FROM sbtest4 WHERE k BETWEEN 1773117 AND 1773217
	-> Index range scan on sbtest4 using k_4 over (1773117 <= k <= 1773217), with index condition: (sbtest4.k between 1773117 and 1773217)  (cost=42.6 rows=94)


table 5 : explain SELECT k, c FROM sbtest5 WHERE k BETWEEN 1773117 AND 1773217
	-> Index range scan on sbtest5 using k_5 over (1773117 <= k <= 1773217), with index condition: (sbtest5.k between 1773117 and 1773217)  (cost=48.9 rows=108)


table 6 : explain SELECT k, c FROM sbtest6 WHERE k BETWEEN 1773117 AND 1773217
	-> Index range scan on sbtest6 using k_6 over (1773117 <= k <= 1773217), with index condition: (sbtest6.k between 1773117 and 1773217)  (cost=48.4 rows=107)


table 7 : explain SELECT k, c FROM sbtest7 WHERE k BETWEEN 1773117 AND 1773217
	-> Index range scan on sbtest7 using k_7 over (1773117 <= k <= 1773217), with index condition: (sbtest7.k between 1773117 and 1773217)  (cost=46.6 rows=103)


table 8 : explain SELECT k, c FROM sbtest8 WHERE k BETWEEN 1773117 AND 1773217
	-> Index range scan on sbtest8 using k_8 over (1773117 <= k <= 1773217), with index condition: (sbtest8.k between 1773117 and 1773217)  (cost=43 rows=95)


explain: for range-notcovered :: explain SELECT k, c FROM sbtest%d WHERE k BETWEEN 6357521 AND 6357621
for range-notcovered
table 1 : explain SELECT k, c FROM sbtest1 WHERE k BETWEEN 4132964 AND 4133064
	-> Index range scan on sbtest1 using k_1 over (4132964 <= k <= 4133064), with index condition: (sbtest1.k between 4132964 and 4133064)  (cost=43.5 rows=96)


table 2 : explain SELECT k, c FROM sbtest2 WHERE k BETWEEN 4132964 AND 4133064
	-> Index range scan on sbtest2 using k_2 over (4132964 <= k <= 4133064), with index condition: (sbtest2.k between 4132964 and 4133064)  (cost=40.8 rows=90)


table 3 : explain SELECT k, c FROM sbtest3 WHERE k BETWEEN 4132964 AND 4133064
	-> Index range scan on sbtest3 using k_3 over (4132964 <= k <= 4133064), with index condition: (sbtest3.k between 4132964 and 4133064)  (cost=45.7 rows=101)


table 4 : explain SELECT k, c FROM sbtest4 WHERE k BETWEEN 4132964 AND 4133064
	-> Index range scan on sbtest4 using k_4 over (4132964 <= k <= 4133064), with index condition: (sbtest4.k between 4132964 and 4133064)  (cost=44.8 rows=99)


table 5 : explain SELECT k, c FROM sbtest5 WHERE k BETWEEN 4132964 AND 4133064
	-> Index range scan on sbtest5 using k_5 over (4132964 <= k <= 4133064), with index condition: (sbtest5.k between 4132964 and 4133064)  (cost=45.7 rows=101)


table 6 : explain SELECT k, c FROM sbtest6 WHERE k BETWEEN 4132964 AND 4133064
	-> Index range scan on sbtest6 using k_6 over (4132964 <= k <= 4133064), with index condition: (sbtest6.k between 4132964 and 4133064)  (cost=43.5 rows=96)


table 7 : explain SELECT k, c FROM sbtest7 WHERE k BETWEEN 4132964 AND 4133064
	-> Index range scan on sbtest7 using k_7 over (4132964 <= k <= 4133064), with index condition: (sbtest7.k between 4132964 and 4133064)  (cost=51.6 rows=114)


table 8 : explain SELECT k, c FROM sbtest8 WHERE k BETWEEN 4132964 AND 4133064
	-> Index range scan on sbtest8 using k_8 over (4132964 <= k <= 4133064), with index condition: (sbtest8.k between 4132964 and 4133064)  (cost=38.5 rows=85)



explain: for range-notcovered :: explain SELECT k, c FROM sbtest%d WHERE k BETWEEN 6156151 AND 6156251explain: for range-notcovered :: explain SELECT k, c FROM sbtest%d WHERE k BETWEEN 6624859 AND 6624959
explain: for range-notcovered :: explain SELECT k, c FROM sbtest%d WHERE k BETWEEN 7513703 AND 7513803
for range-notcovered
table 1 : explain SELECT k, c FROM sbtest1 WHERE k BETWEEN 2769307 AND 2769407
	-> Index range scan on sbtest1 using k_1 over (2769307 <= k <= 2769407), with index condition: (sbtest1.k between 2769307 and 2769407)  (cost=44.4 rows=98)


table 2 : explain SELECT k, c FROM sbtest2 WHERE k BETWEEN 2769307 AND 2769407
	-> Index range scan on sbtest2 using k_2 over (2769307 <= k <= 2769407), with index condition: (sbtest2.k between 2769307 and 2769407)  (cost=41.2 rows=91)


table 3 : explain SELECT k, c FROM sbtest3 WHERE k BETWEEN 2769307 AND 2769407
	-> Index range scan on sbtest3 using k_3 over (2769307 <= k <= 2769407), with index condition: (sbtest3.k between 2769307 and 2769407)  (cost=47.5 rows=105)


table 4 : explain SELECT k, c FROM sbtest4 WHERE k BETWEEN 2769307 AND 2769407
	-> Index range scan on sbtest4 using k_4 over (2769307 <= k <= 2769407), with index condition: (sbtest4.k between 2769307 and 2769407)  (cost=45.3 rows=100)


table 5 : explain SELECT k, c FROM sbtest5 WHERE k BETWEEN 2769307 AND 2769407
	-> Index range scan on sbtest5 using k_5 over (2769307 <= k <= 2769407), with index condition: (sbtest5.k between 2769307 and 2769407)  (cost=43 rows=95)


table 6 : explain SELECT k, c FROM sbtest6 WHERE k BETWEEN 2769307 AND 2769407
	-> Index range scan on sbtest6 using k_6 over (2769307 <= k <= 2769407), with index condition: (sbtest6.k between 2769307 and 2769407)  (cost=44.4 rows=98)


table 7 : explain SELECT k, c FROM sbtest7 WHERE k BETWEEN 2769307 AND 2769407
	-> Index range scan on sbtest7 using k_7 over (2769307 <= k <= 2769407), with index condition: (sbtest7.k between 2769307 and 2769407)  (cost=44.4 rows=98)


table 8 : explain SELECT k, c FROM sbtest8 WHERE k BETWEEN 2769307 AND 2769407
	-> Index range scan on sbtest8 using k_8 over (2769307 <= k <= 2769407), with index condition: (sbtest8.k between 2769307 and 2769407)  (cost=44.4 rows=98)


for range-notcovered
table 1 : explain SELECT k, c FROM sbtest1 WHERE k BETWEEN 1300126 AND 1300226
	-> Index range scan on sbtest1 using k_1 over (1300126 <= k <= 1300226), with index condition: (sbtest1.k between 1300126 and 1300226)  (cost=45.3 rows=100)


table 2 : explain SELECT k, c FROM sbtest2 WHERE k BETWEEN 1300126 AND 1300226
	-> Index range scan on sbtest2 using k_2 over (1300126 <= k <= 1300226), with index condition: (sbtest2.k between 1300126 and 1300226)  (cost=44.8 rows=99)


table 3 : explain SELECT k, c FROM sbtest3 WHERE k BETWEEN 1300126 AND 1300226
	-> Index range scan on sbtest3 using k_3 over (1300126 <= k <= 1300226), with index condition: (sbtest3.k between 1300126 and 1300226)  (cost=43.9 rows=97)


table 4 : explain SELECT k, c FROM sbtest4 WHERE k BETWEEN 1300126 AND 1300226
	-> Index range scan on sbtest4 using k_4 over (1300126 <= k <= 1300226), with index condition: (sbtest4.k between 1300126 and 1300226)  (cost=47.5 rows=105)


table 5 : explain SELECT k, c FROM sbtest5 WHERE k BETWEEN 1300126 AND 1300226
	-> Index range scan on sbtest5 using k_5 over (1300126 <= k <= 1300226), with index condition: (sbtest5.k between 1300126 and 1300226)  (cost=51.1 rows=113)


table 6 : explain SELECT k, c FROM sbtest6 WHERE k BETWEEN 1300126 AND 1300226
	-> Index range scan on sbtest6 using k_6 over (1300126 <= k <= 1300226), with index condition: (sbtest6.k between 1300126 and 1300226)  (cost=45.3 rows=100)


table 7 : explain SELECT k, c FROM sbtest7 WHERE k BETWEEN 1300126 AND 1300226
	-> Index range scan on sbtest7 using k_7 over (1300126 <= k <= 1300226), with index condition: (sbtest7.k between 1300126 and 1300226)  (cost=39.9 rows=88)


table 8 : explain SELECT k, c FROM sbtest8 WHERE k BETWEEN 1300126 AND 1300226
	-> Index range scan on sbtest8 using k_8 over (1300126 <= k <= 1300226), with index condition: (sbtest8.k between 1300126 and 1300226)  (cost=39.9 rows=88)

for range-notcovered
table 1 : explain SELECT k, c FROM sbtest1 WHERE k BETWEEN 3471197 AND 3471297
	-> Index range scan on sbtest1 using k_1 over (3471197 <= k <= 3471297), with index condition: (sbtest1.k between 3471197 and 3471297)  (cost=48.4 rows=107)


table 2 : explain SELECT k, c FROM sbtest2 WHERE k BETWEEN 3471197 AND 3471297
	-> Index range scan on sbtest2 using k_2 over (3471197 <= k <= 3471297), with index condition: (sbtest2.k between 3471197 and 3471297)  (cost=45.3 rows=100)


table 3 : explain SELECT k, c FROM sbtest3 WHERE k BETWEEN 3471197 AND 3471297
	-> Index range scan on sbtest3 using k_3 over (3471197 <= k <= 3471297), with index condition: (sbtest3.k between 3471197 and 3471297)  (cost=46.6 rows=103)


table 4 : explain SELECT k, c FROM sbtest4 WHERE k BETWEEN 3471197 AND 3471297
	-> Index range scan on sbtest4 using k_4 over (3471197 <= k <= 3471297), with index condition: (sbtest4.k between 3471197 and 3471297)  (cost=43.5 rows=96)


table 5 : explain SELECT k, c FROM sbtest5 WHERE k BETWEEN 3471197 AND 3471297
	-> Index range scan on sbtest5 using k_5 over (3471197 <= k <= 3471297), with index condition: (sbtest5.k between 3471197 and 3471297)  (cost=43 rows=95)


table 6 : explain SELECT k, c FROM sbtest6 WHERE k BETWEEN 3471197 AND 3471297
	-> Index range scan on sbtest6 using k_6 over (3471197 <= k <= 3471297), with index condition: (sbtest6.k between 3471197 and 3471297)  (cost=33.1 rows=73)


table 7 : explain SELECT k, c FROM sbtest7 WHERE k BETWEEN 3471197 AND 3471297
	-> Index range scan on sbtest7 using k_7 over (3471197 <= k <= 3471297), with index condition: (sbtest7.k between 3471197 and 3471297)  (cost=52 rows=115)


table 8 : explain SELECT k, c FROM sbtest8 WHERE k BETWEEN 3471197 AND 3471297
	-> Index range scan on sbtest8 using k_8 over (3471197 <= k <= 3471297), with index condition: (sbtest8.k between 3471197 and 3471297)  (cost=46.2 rows=102)

explain: for range-notcovered :: explain SELECT k, c FROM sbtest%d WHERE k BETWEEN 4132964 AND 4133064explain: for range-notcovered :: explain SELECT k, c FROM sbtest%d WHERE k BETWEEN 6706397 AND 6706497

for range-notcovered
table 1 : explain SELECT k, c FROM sbtest1 WHERE k BETWEEN 6448479 AND 6448579
	-> Index range scan on sbtest1 using k_1 over (6448479 <= k <= 6448579), with index condition: (sbtest1.k between 6448479 and 6448579)  (cost=49.3 rows=109)


table 2 : explain SELECT k, c FROM sbtest2 WHERE k BETWEEN 6448479 AND 6448579
	-> Index range scan on sbtest2 using k_2 over (6448479 <= k <= 6448579), with index condition: (sbtest2.k between 6448479 and 6448579)  (cost=45.7 rows=101)


table 3 : explain SELECT k, c FROM sbtest3 WHERE k BETWEEN 6448479 AND 6448579
	-> Index range scan on sbtest3 using k_3 over (6448479 <= k <= 6448579), with index condition: (sbtest3.k between 6448479 and 6448579)  (cost=58.8 rows=130)


table 4 : explain SELECT k, c FROM sbtest4 WHERE k BETWEEN 6448479 AND 6448579
	-> Index range scan on sbtest4 using k_4 over (6448479 <= k <= 6448579), with index condition: (sbtest4.k between 6448479 and 6448579)  (cost=52.9 rows=117)


table 5 : explain SELECT k, c FROM sbtest5 WHERE k BETWEEN 6448479 AND 6448579
	-> Index range scan on sbtest5 using k_5 over (6448479 <= k <= 6448579), with index condition: (sbtest5.k between 6448479 and 6448579)  (cost=39.9 rows=88)


table 6 : explain SELECT k, c FROM sbtest6 WHERE k BETWEEN 6448479 AND 6448579
	-> Index range scan on sbtest6 using k_6 over (6448479 <= k <= 6448579), with index condition: (sbtest6.k between 6448479 and 6448579)  (cost=53.4 rows=118)


table 7 : explain SELECT k, c FROM sbtest7 WHERE k BETWEEN 6448479 AND 6448579
	-> Index range scan on sbtest7 using k_7 over (6448479 <= k <= 6448579), with index condition: (sbtest7.k between 6448479 and 6448579)  (cost=37.6 rows=83)


table 8 : explain SELECT k, c FROM sbtest8 WHERE k BETWEEN 6448479 AND 6448579
	-> Index range scan on sbtest8 using k_8 over (6448479 <= k <= 6448579), with index condition: (sbtest8.k between 6448479 and 6448579)  (cost=40.3 rows=89)


explain: for range-notcovered :: explain SELECT k, c FROM sbtest%d WHERE k BETWEEN 1773117 AND 1773217
explain: for range-notcovered :: explain SELECT k, c FROM sbtest%d WHERE k BETWEEN 3025489 AND 3025589
for range-notcovered
table 1 : explain SELECT k, c FROM sbtest1 WHERE k BETWEEN 4743222 AND 4743322
	-> Index range scan on sbtest1 using k_1 over (4743222 <= k <= 4743322), with index condition: (sbtest1.k between 4743222 and 4743322)  (cost=52.5 rows=116)


table 2 : explain SELECT k, c FROM sbtest2 WHERE k BETWEEN 4743222 AND 4743322
	-> Index range scan on sbtest2 using k_2 over (4743222 <= k <= 4743322), with index condition: (sbtest2.k between 4743222 and 4743322)  (cost=42.1 rows=93)


table 3 : explain SELECT k, c FROM sbtest3 WHERE k BETWEEN 4743222 AND 4743322
	-> Index range scan on sbtest3 using k_3 over (4743222 <= k <= 4743322), with index condition: (sbtest3.k between 4743222 and 4743322)  (cost=41.2 rows=91)


table 4 : explain SELECT k, c FROM sbtest4 WHERE k BETWEEN 4743222 AND 4743322
	-> Index range scan on sbtest4 using k_4 over (4743222 <= k <= 4743322), with index condition: (sbtest4.k between 4743222 and 4743322)  (cost=42.1 rows=93)


table 5 : explain SELECT k, c FROM sbtest5 WHERE k BETWEEN 4743222 AND 4743322
	-> Index range scan on sbtest5 using k_5 over (4743222 <= k <= 4743322), with index condition: (sbtest5.k between 4743222 and 4743322)  (cost=51.6 rows=114)


table 6 : explain SELECT k, c FROM sbtest6 WHERE k BETWEEN 4743222 AND 4743322
	-> Index range scan on sbtest6 using k_6 over (4743222 <= k <= 4743322), with index condition: (sbtest6.k between 4743222 and 4743322)  (cost=42.6 rows=94)


table 7 : explain SELECT k, c FROM sbtest7 WHERE k BETWEEN 4743222 AND 4743322
	-> Index range scan on sbtest7 using k_7 over (4743222 <= k <= 4743322), with index condition: (sbtest7.k between 4743222 and 4743322)  (cost=49.8 rows=110)


table 8 : explain SELECT k, c FROM sbtest8 WHERE k BETWEEN 4743222 AND 4743322
	-> Index range scan on sbtest8 using k_8 over (4743222 <= k <= 4743322), with index condition: (sbtest8.k between 4743222 and 4743322)  (cost=43 rows=95)






for range-notcovered
table 1 : explain SELECT k, c FROM sbtest1 WHERE k BETWEEN 6797604 AND 6797704
	-> Index range scan on sbtest1 using k_1 over (6797604 <= k <= 6797704), with index condition: (sbtest1.k between 6797604 and 6797704)  (cost=42.1 rows=93)


table 2 : explain SELECT k, c FROM sbtest2 WHERE k BETWEEN 6797604 AND 6797704
	-> Index range scan on sbtest2 using k_2 over (6797604 <= k <= 6797704), with index condition: (sbtest2.k between 6797604 and 6797704)  (cost=43 rows=95)


table 3 : explain SELECT k, c FROM sbtest3 WHERE k BETWEEN 6797604 AND 6797704
	-> Index range scan on sbtest3 using k_3 over (6797604 <= k <= 6797704), with index condition: (sbtest3.k between 6797604 and 6797704)  (cost=50.7 rows=112)


table 4 : explain SELECT k, c FROM sbtest4 WHERE k BETWEEN 6797604 AND 6797704
	-> Index range scan on sbtest4 using k_4 over (6797604 <= k <= 6797704), with index condition: (sbtest4.k between 6797604 and 6797704)  (cost=40.3 rows=89)


table 5 : explain SELECT k, c FROM sbtest5 WHERE k BETWEEN 6797604 AND 6797704
	-> Index range scan on sbtest5 using k_5 over (6797604 <= k <= 6797704), with index condition: (sbtest5.k between 6797604 and 6797704)  (cost=42.1 rows=93)


table 6 : explain SELECT k, c FROM sbtest6 WHERE k BETWEEN 6797604 AND 6797704
	-> Index range scan on sbtest6 using k_6 over (6797604 <= k <= 6797704), with index condition: (sbtest6.k between 6797604 and 6797704)  (cost=47.5 rows=105)


table 7 : explain SELECT k, c FROM sbtest7 WHERE k BETWEEN 6797604 AND 6797704
	-> Index range scan on sbtest7 using k_7 over (6797604 <= k <= 6797704), with index condition: (sbtest7.k between 6797604 and 6797704)  (cost=47.5 rows=105)


table 8 : explain SELECT k, c FROM sbtest8 WHERE k BETWEEN 6797604 AND 6797704
	-> Index range scan on sbtest8 using k_8 over (6797604 <= k <= 6797704), with index condition: (sbtest8.k between 6797604 and 6797704)  (cost=42.6 rows=94)

for range-notcovered
table 1 : explain SELECT k, c FROM sbtest1 WHERE k BETWEEN 2974923 AND 2975023
	-> Index range scan on sbtest1 using k_1 over (2974923 <= k <= 2975023), with index condition: (sbtest1.k between 2974923 and 2975023)  (cost=44.8 rows=99)


table 2 : explain SELECT k, c FROM sbtest2 WHERE k BETWEEN 2974923 AND 2975023
	-> Index range scan on sbtest2 using k_2 over (2974923 <= k <= 2975023), with index condition: (sbtest2.k between 2974923 and 2975023)  (cost=51.1 rows=113)


table 3 : explain SELECT k, c FROM sbtest3 WHERE k BETWEEN 2974923 AND 2975023
	-> Index range scan on sbtest3 using k_3 over (2974923 <= k <= 2975023), with index condition: (sbtest3.k between 2974923 and 2975023)  (cost=45.3 rows=100)


table 4 : explain SELECT k, c FROM sbtest4 WHERE k BETWEEN 2974923 AND 2975023
	-> Index range scan on sbtest4 using k_4 over (2974923 <= k <= 2975023), with index condition: (sbtest4.k between 2974923 and 2975023)  (cost=47.5 rows=105)


table 5 : explain SELECT k, c FROM sbtest5 WHERE k BETWEEN 2974923 AND 2975023
	-> Index range scan on sbtest5 using k_5 over (2974923 <= k <= 2975023), with index condition: (sbtest5.k between 2974923 and 2975023)  (cost=39 rows=86)


table 6 : explain SELECT k, c FROM sbtest6 WHERE k BETWEEN 2974923 AND 2975023
	-> Index range scan on sbtest6 using k_6 over (2974923 <= k <= 2975023), with index condition: (sbtest6.k between 2974923 and 2975023)  (cost=40.8 rows=90)


table 7 : explain SELECT k, c FROM sbtest7 WHERE k BETWEEN 2974923 AND 2975023
	-> Index range scan on sbtest7 using k_7 over (2974923 <= k <= 2975023), with index condition: (sbtest7.k between 2974923 and 2975023)  (cost=41.7 rows=92)


table 8 : explain SELECT k, c FROM sbtest8 WHERE k BETWEEN 2974923 AND 2975023
	-> Index range scan on sbtest8 using k_8 over (2974923 <= k <= 2975023), with index condition: (sbtest8.k between 2974923 and 2975023)  (cost=50.2 rows=111)

explain: for range-notcovered :: explain SELECT k, c FROM sbtest%d WHERE k BETWEEN 7765506 AND 7765606
explain: for range-notcovered :: explain SELECT k, c FROM sbtest%d WHERE k BETWEEN 4743222 AND 4743322for range-notcovered
table 1 : explain SELECT k, c FROM sbtest1 WHERE k BETWEEN 6684560 AND 6684660
	-> Index range scan on sbtest1 using k_1 over (6684560 <= k <= 6684660), with index condition: (sbtest1.k between 6684560 and 6684660)  (cost=46.6 rows=103)


table 2 : explain SELECT k, c FROM sbtest2 WHERE k BETWEEN 6684560 AND 6684660
	-> Index range scan on sbtest2 using k_2 over (6684560 <= k <= 6684660), with index condition: (sbtest2.k between 6684560 and 6684660)  (cost=42.6 rows=94)


table 3 : explain SELECT k, c FROM sbtest3 WHERE k BETWEEN 6684560 AND 6684660
	-> Index range scan on sbtest3 using k_3 over (6684560 <= k <= 6684660), with index condition: (sbtest3.k between 6684560 and 6684660)  (cost=48.4 rows=107)


table 4 : explain SELECT k, c FROM sbtest4 WHERE k BETWEEN 6684560 AND 6684660
	-> Index range scan on sbtest4 using k_4 over (6684560 <= k <= 6684660), with index condition: (sbtest4.k between 6684560 and 6684660)  (cost=41.2 rows=91)


table 5 : explain SELECT k, c FROM sbtest5 WHERE k BETWEEN 6684560 AND 6684660
	-> Index range scan on sbtest5 using k_5 over (6684560 <= k <= 6684660), with index condition: (sbtest5.k between 6684560 and 6684660)  (cost=48.4 rows=107)


table 6 : explain SELECT k, c FROM sbtest6 WHERE k BETWEEN 6684560 AND 6684660
	-> Index range scan on sbtest6 using k_6 over (6684560 <= k <= 6684660), with index condition: (sbtest6.k between 6684560 and 6684660)  (cost=43.9 rows=97)


table 7 : explain SELECT k, c FROM sbtest7 WHERE k BETWEEN 6684560 AND 6684660
	-> Index range scan on sbtest7 using k_7 over (6684560 <= k <= 6684660), with index condition: (sbtest7.k between 6684560 and 6684660)  (cost=44.8 rows=99)


table 8 : explain SELECT k, c FROM sbtest8 WHERE k BETWEEN 6684560 AND 6684660
	-> Index range scan on sbtest8 using k_8 over (6684560 <= k <= 6684660), with index condition: (sbtest8.k between 6684560 and 6684660)  (cost=48.4 rows=107)



for range-notcovered
table 1 : explain SELECT k, c FROM sbtest1 WHERE k BETWEEN 8269975 AND 8270075
	-> Index range scan on sbtest1 using k_1 over (8269975 <= k <= 8270075), with index condition: (sbtest1.k between 8269975 and 8270075)  (cost=43 rows=95)


table 2 : explain SELECT k, c FROM sbtest2 WHERE k BETWEEN 8269975 AND 8270075
	-> Index range scan on sbtest2 using k_2 over (8269975 <= k <= 8270075), with index condition: (sbtest2.k between 8269975 and 8270075)  (cost=41.7 rows=92)


table 3 : explain SELECT k, c FROM sbtest3 WHERE k BETWEEN 8269975 AND 8270075
	-> Index range scan on sbtest3 using k_3 over (8269975 <= k <= 8270075), with index condition: (sbtest3.k between 8269975 and 8270075)  (cost=45.3 rows=100)


table 4 : explain SELECT k, c FROM sbtest4 WHERE k BETWEEN 8269975 AND 8270075
	-> Index range scan on sbtest4 using k_4 over (8269975 <= k <= 8270075), with index condition: (sbtest4.k between 8269975 and 8270075)  (cost=38.1 rows=84)


table 5 : explain SELECT k, c FROM sbtest5 WHERE k BETWEEN 8269975 AND 8270075
	-> Index range scan on sbtest5 using k_5 over (8269975 <= k <= 8270075), with index condition: (sbtest5.k between 8269975 and 8270075)  (cost=40.8 rows=90)


table 6 : explain SELECT k, c FROM sbtest6 WHERE k BETWEEN 8269975 AND 8270075
	-> Index range scan on sbtest6 using k_6 over (8269975 <= k <= 8270075), with index condition: (sbtest6.k between 8269975 and 8270075)  (cost=46.6 rows=103)


table 7 : explain SELECT k, c FROM sbtest7 WHERE k BETWEEN 8269975 AND 8270075
	-> Index range scan on sbtest7 using k_7 over (8269975 <= k <= 8270075), with index condition: (sbtest7.k between 8269975 and 8270075)  (cost=40.3 rows=89)


table 8 : explain SELECT k, c FROM sbtest8 WHERE k BETWEEN 8269975 AND 8270075
	-> Index range scan on sbtest8 using k_8 over (8269975 <= k <= 8270075), with index condition: (sbtest8.k between 8269975 and 8270075)  (cost=48 rows=106)


explain: for range-notcovered :: explain SELECT k, c FROM sbtest%d WHERE k BETWEEN 3471197 AND 3471297
for range-notcovered
table 1 : explain SELECT k, c FROM sbtest1 WHERE k BETWEEN 4399788 AND 4399888
	-> Index range scan on sbtest1 using k_1 over (4399788 <= k <= 4399888), with index condition: (sbtest1.k between 4399788 and 4399888)  (cost=46.6 rows=103)


table 2 : explain SELECT k, c FROM sbtest2 WHERE k BETWEEN 4399788 AND 4399888
	-> Index range scan on sbtest2 using k_2 over (4399788 <= k <= 4399888), with index condition: (sbtest2.k between 4399788 and 4399888)  (cost=44.8 rows=99)


table 3 : explain SELECT k, c FROM sbtest3 WHERE k BETWEEN 4399788 AND 4399888
	-> Index range scan on sbtest3 using k_3 over (4399788 <= k <= 4399888), with index condition: (sbtest3.k between 4399788 and 4399888)  (cost=52.9 rows=117)


table 4 : explain SELECT k, c FROM sbtest4 WHERE k BETWEEN 4399788 AND 4399888
	-> Index range scan on sbtest4 using k_4 over (4399788 <= k <= 4399888), with index condition: (sbtest4.k between 4399788 and 4399888)  (cost=44.4 rows=98)


table 5 : explain SELECT k, c FROM sbtest5 WHERE k BETWEEN 4399788 AND 4399888
	-> Index range scan on sbtest5 using k_5 over (4399788 <= k <= 4399888), with index condition: (sbtest5.k between 4399788 and 4399888)  (cost=48.4 rows=107)


table 6 : explain SELECT k, c FROM sbtest6 WHERE k BETWEEN 4399788 AND 4399888
	-> Index range scan on sbtest6 using k_6 over (4399788 <= k <= 4399888), with index condition: (sbtest6.k between 4399788 and 4399888)  (cost=45.3 rows=100)


table 7 : explain SELECT k, c FROM sbtest7 WHERE k BETWEEN 4399788 AND 4399888
	-> Index range scan on sbtest7 using k_7 over (4399788 <= k <= 4399888), with index condition: (sbtest7.k between 4399788 and 4399888)  (cost=54.3 rows=120)


table 8 : explain SELECT k, c FROM sbtest8 WHERE k BETWEEN 4399788 AND 4399888
	-> Index range scan on sbtest8 using k_8 over (4399788 <= k <= 4399888), with index condition: (sbtest8.k between 4399788 and 4399888)  (cost=43.5 rows=96)


explain: for range-notcovered :: explain SELECT k, c FROM sbtest%d WHERE k BETWEEN 6448479 AND 6448579
explain: for range-notcovered :: explain SELECT k, c FROM sbtest%d WHERE k BETWEEN 2769307 AND 2769407
explain: for range-notcovered :: explain SELECT k, c FROM sbtest%d WHERE k BETWEEN 1300126 AND 1300226


for range-notcovered
table 1 : explain SELECT k, c FROM sbtest1 WHERE k BETWEEN 4579692 AND 4579792
	-> Index range scan on sbtest1 using k_1 over (4579692 <= k <= 4579792), with index condition: (sbtest1.k between 4579692 and 4579792)  (cost=40.3 rows=89)


table 2 : explain SELECT k, c FROM sbtest2 WHERE k BETWEEN 4579692 AND 4579792
	-> Index range scan on sbtest2 using k_2 over (4579692 <= k <= 4579792), with index condition: (sbtest2.k between 4579692 and 4579792)  (cost=45.3 rows=100)


table 3 : explain SELECT k, c FROM sbtest3 WHERE k BETWEEN 4579692 AND 4579792
	-> Index range scan on sbtest3 using k_3 over (4579692 <= k <= 4579792), with index condition: (sbtest3.k between 4579692 and 4579792)  (cost=44.4 rows=98)


table 4 : explain SELECT k, c FROM sbtest4 WHERE k BETWEEN 4579692 AND 4579792
	-> Index range scan on sbtest4 using k_4 over (4579692 <= k <= 4579792), with index condition: (sbtest4.k between 4579692 and 4579792)  (cost=46.6 rows=103)


table 5 : explain SELECT k, c FROM sbtest5 WHERE k BETWEEN 4579692 AND 4579792
	-> Index range scan on sbtest5 using k_5 over (4579692 <= k <= 4579792), with index condition: (sbtest5.k between 4579692 and 4579792)  (cost=50.2 rows=111)


table 6 : explain SELECT k, c FROM sbtest6 WHERE k BETWEEN 4579692 AND 4579792
	-> Index range scan on sbtest6 using k_6 over (4579692 <= k <= 4579792), with index condition: (sbtest6.k between 4579692 and 4579792)  (cost=45.3 rows=100)


table 7 : explain SELECT k, c FROM sbtest7 WHERE k BETWEEN 4579692 AND 4579792
	-> Index range scan on sbtest7 using k_7 over (4579692 <= k <= 4579792), with index condition: (sbtest7.k between 4579692 and 4579792)  (cost=47.5 rows=105)


table 8 : explain SELECT k, c FROM sbtest8 WHERE k BETWEEN 4579692 AND 4579792
	-> Index range scan on sbtest8 using k_8 over (4579692 <= k <= 4579792), with index condition: (sbtest8.k between 4579692 and 4579792)  (cost=46.2 rows=102)

explain: for range-notcovered :: explain SELECT k, c FROM sbtest%d WHERE k BETWEEN 4399788 AND 4399888
explain: for range-notcovered :: explain SELECT k, c FROM sbtest%d WHERE k BETWEEN 8269975 AND 8270075for range-notcovered
table 1 : explain SELECT k, c FROM sbtest1 WHERE k BETWEEN 4485144 AND 4485244
	-> Index range scan on sbtest1 using k_1 over (4485144 <= k <= 4485244), with index condition: (sbtest1.k between 4485144 and 4485244)  (cost=49.8 rows=110)


table 2 : explain SELECT k, c FROM sbtest2 WHERE k BETWEEN 4485144 AND 4485244
	-> Index range scan on sbtest2 using k_2 over (4485144 <= k <= 4485244), with index condition: (sbtest2.k between 4485144 and 4485244)  (cost=42.6 rows=94)


table 3 : explain SELECT k, c FROM sbtest3 WHERE k BETWEEN 4485144 AND 4485244
	-> Index range scan on sbtest3 using k_3 over (4485144 <= k <= 4485244), with index condition: (sbtest3.k between 4485144 and 4485244)  (cost=49.8 rows=110)


table 4 : explain SELECT k, c FROM sbtest4 WHERE k BETWEEN 4485144 AND 4485244
	-> Index range scan on sbtest4 using k_4 over (4485144 <= k <= 4485244), with index condition: (sbtest4.k between 4485144 and 4485244)  (cost=38.1 rows=84)


table 5 : explain SELECT k, c FROM sbtest5 WHERE k BETWEEN 4485144 AND 4485244
	-> Index range scan on sbtest5 using k_5 over (4485144 <= k <= 4485244), with index condition: (sbtest5.k between 4485144 and 4485244)  (cost=53.4 rows=118)


table 6 : explain SELECT k, c FROM sbtest6 WHERE k BETWEEN 4485144 AND 4485244
	-> Index range scan on sbtest6 using k_6 over (4485144 <= k <= 4485244), with index condition: (sbtest6.k between 4485144 and 4485244)  (cost=48 rows=106)


table 7 : explain SELECT k, c FROM sbtest7 WHERE k BETWEEN 4485144 AND 4485244
	-> Index range scan on sbtest7 using k_7 over (4485144 <= k <= 4485244), with index condition: (sbtest7.k between 4485144 and 4485244)  (cost=42.6 rows=94)


table 8 : explain SELECT k, c FROM sbtest8 WHERE k BETWEEN 4485144 AND 4485244
	-> Index range scan on sbtest8 using k_8 over (4485144 <= k <= 4485244), with index condition: (sbtest8.k between 4485144 and 4485244)  (cost=46.2 rows=102)



explain: for range-notcovered :: explain SELECT k, c FROM sbtest%d WHERE k BETWEEN 6684560 AND 6684660

for range-notcovered
table 1 : explain SELECT k, c FROM sbtest1 WHERE k BETWEEN 5674711 AND 5674811
	-> Index range scan on sbtest1 using k_1 over (5674711 <= k <= 5674811), with index condition: (sbtest1.k between 5674711 and 5674811)  (cost=40.8 rows=90)


table 2 : explain SELECT k, c FROM sbtest2 WHERE k BETWEEN 5674711 AND 5674811
	-> Index range scan on sbtest2 using k_2 over (5674711 <= k <= 5674811), with index condition: (sbtest2.k between 5674711 and 5674811)  (cost=41.2 rows=91)


table 3 : explain SELECT k, c FROM sbtest3 WHERE k BETWEEN 5674711 AND 5674811
	-> Index range scan on sbtest3 using k_3 over (5674711 <= k <= 5674811), with index condition: (sbtest3.k between 5674711 and 5674811)  (cost=48 rows=106)


table 4 : explain SELECT k, c FROM sbtest4 WHERE k BETWEEN 5674711 AND 5674811
	-> Index range scan on sbtest4 using k_4 over (5674711 <= k <= 5674811), with index condition: (sbtest4.k between 5674711 and 5674811)  (cost=52 rows=115)


table 5 : explain SELECT k, c FROM sbtest5 WHERE k BETWEEN 5674711 AND 5674811
	-> Index range scan on sbtest5 using k_5 over (5674711 <= k <= 5674811), with index condition: (sbtest5.k between 5674711 and 5674811)  (cost=54.7 rows=121)


table 6 : explain SELECT k, c FROM sbtest6 WHERE k BETWEEN 5674711 AND 5674811
	-> Index range scan on sbtest6 using k_6 over (5674711 <= k <= 5674811), with index condition: (sbtest6.k between 5674711 and 5674811)  (cost=47.1 rows=104)


table 7 : explain SELECT k, c FROM sbtest7 WHERE k BETWEEN 5674711 AND 5674811
	-> Index range scan on sbtest7 using k_7 over (5674711 <= k <= 5674811), with index condition: (sbtest7.k between 5674711 and 5674811)  (cost=43 rows=95)


table 8 : explain SELECT k, c FROM sbtest8 WHERE k BETWEEN 5674711 AND 5674811
	-> Index range scan on sbtest8 using k_8 over (5674711 <= k <= 5674811), with index condition: (sbtest8.k between 5674711 and 5674811)  (cost=51.1 rows=113)


explain: for range-notcovered :: explain SELECT k, c FROM sbtest%d WHERE k BETWEEN 2974923 AND 2975023
for range-notcovered
table 1 : explain SELECT k, c FROM sbtest1 WHERE k BETWEEN 8894786 AND 8894886
	-> Index range scan on sbtest1 using k_1 over (8894786 <= k <= 8894886), with index condition: (sbtest1.k between 8894786 and 8894886)  (cost=52 rows=115)


table 2 : explain SELECT k, c FROM sbtest2 WHERE k BETWEEN 8894786 AND 8894886
	-> Index range scan on sbtest2 using k_2 over (8894786 <= k <= 8894886), with index condition: (sbtest2.k between 8894786 and 8894886)  (cost=40.8 rows=90)


table 3 : explain SELECT k, c FROM sbtest3 WHERE k BETWEEN 8894786 AND 8894886
	-> Index range scan on sbtest3 using k_3 over (8894786 <= k <= 8894886), with index condition: (sbtest3.k between 8894786 and 8894886)  (cost=45.7 rows=101)


table 4 : explain SELECT k, c FROM sbtest4 WHERE k BETWEEN 8894786 AND 8894886
	-> Index range scan on sbtest4 using k_4 over (8894786 <= k <= 8894886), with index condition: (sbtest4.k between 8894786 and 8894886)  (cost=39 rows=86)


table 5 : explain SELECT k, c FROM sbtest5 WHERE k BETWEEN 8894786 AND 8894886
	-> Index range scan on sbtest5 using k_5 over (8894786 <= k <= 8894886), with index condition: (sbtest5.k between 8894786 and 8894886)  (cost=42.1 rows=93)


table 6 : explain SELECT k, c FROM sbtest6 WHERE k BETWEEN 8894786 AND 8894886
	-> Index range scan on sbtest6 using k_6 over (8894786 <= k <= 8894886), with index condition: (sbtest6.k between 8894786 and 8894886)  (cost=43 rows=95)


table 7 : explain SELECT k, c FROM sbtest7 WHERE k BETWEEN 8894786 AND 8894886
	-> Index range scan on sbtest7 using k_7 over (8894786 <= k <= 8894886), with index condition: (sbtest7.k between 8894786 and 8894886)  (cost=44.4 rows=98)


table 8 : explain SELECT k, c FROM sbtest8 WHERE k BETWEEN 8894786 AND 8894886
	-> Index range scan on sbtest8 using k_8 over (8894786 <= k <= 8894886), with index condition: (sbtest8.k between 8894786 and 8894886)  (cost=46.6 rows=103)


for range-notcovered
table 1 : explain SELECT k, c FROM sbtest1 WHERE k BETWEEN 6799449 AND 6799549
	-> Index range scan on sbtest1 using k_1 over (6799449 <= k <= 6799549), with index condition: (sbtest1.k between 6799449 and 6799549)  (cost=41.2 rows=91)


table 2 : explain SELECT k, c FROM sbtest2 WHERE k BETWEEN 6799449 AND 6799549
	-> Index range scan on sbtest2 using k_2 over (6799449 <= k <= 6799549), with index condition: (sbtest2.k between 6799449 and 6799549)  (cost=49.8 rows=110)


table 3 : explain SELECT k, c FROM sbtest3 WHERE k BETWEEN 6799449 AND 6799549
	-> Index range scan on sbtest3 using k_3 over (6799449 <= k <= 6799549), with index condition: (sbtest3.k between 6799449 and 6799549)  (cost=37.6 rows=83)


table 4 : explain SELECT k, c FROM sbtest4 WHERE k BETWEEN 6799449 AND 6799549
	-> Index range scan on sbtest4 using k_4 over (6799449 <= k <= 6799549), with index condition: (sbtest4.k between 6799449 and 6799549)  (cost=41.7 rows=92)


table 5 : explain SELECT k, c FROM sbtest5 WHERE k BETWEEN 6799449 AND 6799549
	-> Index range scan on sbtest5 using k_5 over (6799449 <= k <= 6799549), with index condition: (sbtest5.k between 6799449 and 6799549)  (cost=39.9 rows=88)


table 6 : explain SELECT k, c FROM sbtest6 WHERE k BETWEEN 6799449 AND 6799549
	-> Index range scan on sbtest6 using k_6 over (6799449 <= k <= 6799549), with index condition: (sbtest6.k between 6799449 and 6799549)  (cost=56.1 rows=124)


table 7 : explain SELECT k, c FROM sbtest7 WHERE k BETWEEN 6799449 AND 6799549
	-> Index range scan on sbtest7 using k_7 over (6799449 <= k <= 6799549), with index condition: (sbtest7.k between 6799449 and 6799549)  (cost=40.8 rows=90)


table 8 : explain SELECT k, c FROM sbtest8 WHERE k BETWEEN 6799449 AND 6799549
	-> Index range scan on sbtest8 using k_8 over (6799449 <= k <= 6799549), with index condition: (sbtest8.k between 6799449 and 6799549)  (cost=54.7 rows=121)

for range-notcovered
table 1 : explain SELECT k, c FROM sbtest1 WHERE k BETWEEN 4587498 AND 4587598
	-> Index range scan on sbtest1 using k_1 over (4587498 <= k <= 4587598), with index condition: (sbtest1.k between 4587498 and 4587598)  (cost=42.1 rows=93)


table 2 : explain SELECT k, c FROM sbtest2 WHERE k BETWEEN 4587498 AND 4587598
	-> Index range scan on sbtest2 using k_2 over (4587498 <= k <= 4587598), with index condition: (sbtest2.k between 4587498 and 4587598)  (cost=47.5 rows=105)


table 3 : explain SELECT k, c FROM sbtest3 WHERE k BETWEEN 4587498 AND 4587598
	-> Index range scan on sbtest3 using k_3 over (4587498 <= k <= 4587598), with index condition: (sbtest3.k between 4587498 and 4587598)  (cost=39.9 rows=88)


table 4 : explain SELECT k, c FROM sbtest4 WHERE k BETWEEN 4587498 AND 4587598
	-> Index range scan on sbtest4 using k_4 over (4587498 <= k <= 4587598), with index condition: (sbtest4.k between 4587498 and 4587598)  (cost=39.4 rows=87)


table 5 : explain SELECT k, c FROM sbtest5 WHERE k BETWEEN 4587498 AND 4587598
	-> Index range scan on sbtest5 using k_5 over (4587498 <= k <= 4587598), with index condition: (sbtest5.k between 4587498 and 4587598)  (cost=55.2 rows=122)


table 6 : explain SELECT k, c FROM sbtest6 WHERE k BETWEEN 4587498 AND 4587598
	-> Index range scan on sbtest6 using k_6 over (4587498 <= k <= 4587598), with index condition: (sbtest6.k between 4587498 and 4587598)  (cost=48.9 rows=108)


table 7 : explain SELECT k, c FROM sbtest7 WHERE k BETWEEN 4587498 AND 4587598
	-> Index range scan on sbtest7 using k_7 over (4587498 <= k <= 4587598), with index condition: (sbtest7.k between 4587498 and 4587598)  (cost=54.3 rows=120)


table 8 : explain SELECT k, c FROM sbtest8 WHERE k BETWEEN 4587498 AND 4587598
	-> Index range scan on sbtest8 using k_8 over (4587498 <= k <= 4587598), with index condition: (sbtest8.k between 4587498 and 4587598)  (cost=51.6 rows=114)

for range-notcovered
table 1 : explain SELECT k, c FROM sbtest1 WHERE k BETWEEN 2605401 AND 2605501
	-> Index range scan on sbtest1 using k_1 over (2605401 <= k <= 2605501), with index condition: (sbtest1.k between 2605401 and 2605501)  (cost=60.6 rows=134)


table 2 : explain SELECT k, c FROM sbtest2 WHERE k BETWEEN 2605401 AND 2605501
	-> Index range scan on sbtest2 using k_2 over (2605401 <= k <= 2605501), with index condition: (sbtest2.k between 2605401 and 2605501)  (cost=47.5 rows=105)


table 3 : explain SELECT k, c FROM sbtest3 WHERE k BETWEEN 2605401 AND 2605501
	-> Index range scan on sbtest3 using k_3 over (2605401 <= k <= 2605501), with index condition: (sbtest3.k between 2605401 and 2605501)  (cost=41.7 rows=92)


table 4 : explain SELECT k, c FROM sbtest4 WHERE k BETWEEN 2605401 AND 2605501
	-> Index range scan on sbtest4 using k_4 over (2605401 <= k <= 2605501), with index condition: (sbtest4.k between 2605401 and 2605501)  (cost=43.5 rows=96)


table 5 : explain SELECT k, c FROM sbtest5 WHERE k BETWEEN 2605401 AND 2605501
	-> Index range scan on sbtest5 using k_5 over (2605401 <= k <= 2605501), with index condition: (sbtest5.k between 2605401 and 2605501)  (cost=53.4 rows=118)


table 6 : explain SELECT k, c FROM sbtest6 WHERE k BETWEEN 2605401 AND 2605501
	-> Index range scan on sbtest6 using k_6 over (2605401 <= k <= 2605501), with index condition: (sbtest6.k between 2605401 and 2605501)  (cost=53.8 rows=119)


table 7 : explain SELECT k, c FROM sbtest7 WHERE k BETWEEN 2605401 AND 2605501
	-> Index range scan on sbtest7 using k_7 over (2605401 <= k <= 2605501), with index condition: (sbtest7.k between 2605401 and 2605501)  (cost=42.1 rows=93)


table 8 : explain SELECT k, c FROM sbtest8 WHERE k BETWEEN 2605401 AND 2605501
	-> Index range scan on sbtest8 using k_8 over (2605401 <= k <= 2605501), with index condition: (sbtest8.k between 2605401 and 2605501)  (cost=52.5 rows=116)


explain: for range-notcovered :: explain SELECT k, c FROM sbtest%d WHERE k BETWEEN 4485144 AND 4485244
explain: for range-notcovered :: explain SELECT k, c FROM sbtest%d WHERE k BETWEEN 4579692 AND 4579792

for range-notcovered
table 1 : explain SELECT k, c FROM sbtest1 WHERE k BETWEEN 1703319 AND 1703419
	-> Index range scan on sbtest1 using k_1 over (1703319 <= k <= 1703419), with index condition: (sbtest1.k between 1703319 and 1703419)  (cost=45.3 rows=100)


table 2 : explain SELECT k, c FROM sbtest2 WHERE k BETWEEN 1703319 AND 1703419
	-> Index range scan on sbtest2 using k_2 over (1703319 <= k <= 1703419), with index condition: (sbtest2.k between 1703319 and 1703419)  (cost=43.5 rows=96)


table 3 : explain SELECT k, c FROM sbtest3 WHERE k BETWEEN 1703319 AND 1703419
	-> Index range scan on sbtest3 using k_3 over (1703319 <= k <= 1703419), with index condition: (sbtest3.k between 1703319 and 1703419)  (cost=54.7 rows=121)


table 4 : explain SELECT k, c FROM sbtest4 WHERE k BETWEEN 1703319 AND 1703419
	-> Index range scan on sbtest4 using k_4 over (1703319 <= k <= 1703419), with index condition: (sbtest4.k between 1703319 and 1703419)  (cost=46.2 rows=102)


table 5 : explain SELECT k, c FROM sbtest5 WHERE k BETWEEN 1703319 AND 1703419
	-> Index range scan on sbtest5 using k_5 over (1703319 <= k <= 1703419), with index condition: (sbtest5.k between 1703319 and 1703419)  (cost=41.2 rows=91)


table 6 : explain SELECT k, c FROM sbtest6 WHERE k BETWEEN 1703319 AND 1703419
	-> Index range scan on sbtest6 using k_6 over (1703319 <= k <= 1703419), with index condition: (sbtest6.k between 1703319 and 1703419)  (cost=42.6 rows=94)


table 7 : explain SELECT k, c FROM sbtest7 WHERE k BETWEEN 1703319 AND 1703419
	-> Index range scan on sbtest7 using k_7 over (1703319 <= k <= 1703419), with index condition: (sbtest7.k between 1703319 and 1703419)  (cost=39.9 rows=88)


table 8 : explain SELECT k, c FROM sbtest8 WHERE k BETWEEN 1703319 AND 1703419
	-> Index range scan on sbtest8 using k_8 over (1703319 <= k <= 1703419), with index condition: (sbtest8.k between 1703319 and 1703419)  (cost=40.8 rows=90)


for range-notcovered
table 1 : explain SELECT k, c FROM sbtest1 WHERE k BETWEEN 5968466 AND 5968566
	-> Index range scan on sbtest1 using k_1 over (5968466 <= k <= 5968566), with index condition: (sbtest1.k between 5968466 and 5968566)  (cost=39.4 rows=87)


table 2 : explain SELECT k, c FROM sbtest2 WHERE k BETWEEN 5968466 AND 5968566
	-> Index range scan on sbtest2 using k_2 over (5968466 <= k <= 5968566), with index condition: (sbtest2.k between 5968466 and 5968566)  (cost=43.5 rows=96)


table 3 : explain SELECT k, c FROM sbtest3 WHERE k BETWEEN 5968466 AND 5968566
	-> Index range scan on sbtest3 using k_3 over (5968466 <= k <= 5968566), with index condition: (sbtest3.k between 5968466 and 5968566)  (cost=52.5 rows=116)


table 4 : explain SELECT k, c FROM sbtest4 WHERE k BETWEEN 5968466 AND 5968566
	-> Index range scan on sbtest4 using k_4 over (5968466 <= k <= 5968566), with index condition: (sbtest4.k between 5968466 and 5968566)  (cost=58.3 rows=129)


table 5 : explain SELECT k, c FROM sbtest5 WHERE k BETWEEN 5968466 AND 5968566
	-> Index range scan on sbtest5 using k_5 over (5968466 <= k <= 5968566), with index condition: (sbtest5.k between 5968466 and 5968566)  (cost=42.1 rows=93)


table 6 : explain SELECT k, c FROM sbtest6 WHERE k BETWEEN 5968466 AND 5968566
	-> Index range scan on sbtest6 using k_6 over (5968466 <= k <= 5968566), with index condition: (sbtest6.k between 5968466 and 5968566)  (cost=39 rows=86)


table 7 : explain SELECT k, c FROM sbtest7 WHERE k BETWEEN 5968466 AND 5968566
	-> Index range scan on sbtest7 using k_7 over (5968466 <= k <= 5968566), with index condition: (sbtest7.k between 5968466 and 5968566)  (cost=49.3 rows=109)


table 8 : explain SELECT k, c FROM sbtest8 WHERE k BETWEEN 5968466 AND 5968566
	-> Index range scan on sbtest8 using k_8 over (5968466 <= k <= 5968566), with index condition: (sbtest8.k between 5968466 and 5968566)  (cost=42.6 rows=94)


explain: for range-notcovered :: explain SELECT k, c FROM sbtest%d WHERE k BETWEEN 2605401 AND 2605501
for range-notcovered
table 1 : explain SELECT k, c FROM sbtest1 WHERE k BETWEEN 2925054 AND 2925154
	-> Index range scan on sbtest1 using k_1 over (2925054 <= k <= 2925154), with index condition: (sbtest1.k between 2925054 and 2925154)  (cost=41.2 rows=91)


table 2 : explain SELECT k, c FROM sbtest2 WHERE k BETWEEN 2925054 AND 2925154
	-> Index range scan on sbtest2 using k_2 over (2925054 <= k <= 2925154), with index condition: (sbtest2.k between 2925054 and 2925154)  (cost=45.7 rows=101)


table 3 : explain SELECT k, c FROM sbtest3 WHERE k BETWEEN 2925054 AND 2925154
	-> Index range scan on sbtest3 using k_3 over (2925054 <= k <= 2925154), with index condition: (sbtest3.k between 2925054 and 2925154)  (cost=46.2 rows=102)


table 4 : explain SELECT k, c FROM sbtest4 WHERE k BETWEEN 2925054 AND 2925154
	-> Index range scan on sbtest4 using k_4 over (2925054 <= k <= 2925154), with index condition: (sbtest4.k between 2925054 and 2925154)  (cost=44.8 rows=99)


table 5 : explain SELECT k, c FROM sbtest5 WHERE k BETWEEN 2925054 AND 2925154
	-> Index range scan on sbtest5 using k_5 over (2925054 <= k <= 2925154), with index condition: (sbtest5.k between 2925054 and 2925154)  (cost=45.7 rows=101)


table 6 : explain SELECT k, c FROM sbtest6 WHERE k BETWEEN 2925054 AND 2925154
	-> Index range scan on sbtest6 using k_6 over (2925054 <= k <= 2925154), with index condition: (sbtest6.k between 2925054 and 2925154)  (cost=41.2 rows=91)


table 7 : explain SELECT k, c FROM sbtest7 WHERE k BETWEEN 2925054 AND 2925154
	-> Index range scan on sbtest7 using k_7 over (2925054 <= k <= 2925154), with index condition: (sbtest7.k between 2925054 and 2925154)  (cost=46.2 rows=102)


table 8 : explain SELECT k, c FROM sbtest8 WHERE k BETWEEN 2925054 AND 2925154
	-> Index range scan on sbtest8 using k_8 over (2925054 <= k <= 2925154), with index condition: (sbtest8.k between 2925054 and 2925154)  (cost=51.6 rows=114)


for range-notcovered
table 1 : explain SELECT k, c FROM sbtest1 WHERE k BETWEEN 4742653 AND 4742753
	-> Index range scan on sbtest1 using k_1 over (4742653 <= k <= 4742753), with index condition: (sbtest1.k between 4742653 and 4742753)  (cost=46.2 rows=102)


table 2 : explain SELECT k, c FROM sbtest2 WHERE k BETWEEN 4742653 AND 4742753
	-> Index range scan on sbtest2 using k_2 over (4742653 <= k <= 4742753), with index condition: (sbtest2.k between 4742653 and 4742753)  (cost=44.8 rows=99)


table 3 : explain SELECT k, c FROM sbtest3 WHERE k BETWEEN 4742653 AND 4742753
	-> Index range scan on sbtest3 using k_3 over (4742653 <= k <= 4742753), with index condition: (sbtest3.k between 4742653 and 4742753)  (cost=37.6 rows=83)


table 4 : explain SELECT k, c FROM sbtest4 WHERE k BETWEEN 4742653 AND 4742753
	-> Index range scan on sbtest4 using k_4 over (4742653 <= k <= 4742753), with index condition: (sbtest4.k between 4742653 and 4742753)  (cost=39.9 rows=88)


table 5 : explain SELECT k, c FROM sbtest5 WHERE k BETWEEN 4742653 AND 4742753
	-> Index range scan on sbtest5 using k_5 over (4742653 <= k <= 4742753), with index condition: (sbtest5.k between 4742653 and 4742753)  (cost=55.2 rows=122)


table 6 : explain SELECT k, c FROM sbtest6 WHERE k BETWEEN 4742653 AND 4742753
	-> Index range scan on sbtest6 using k_6 over (4742653 <= k <= 4742753), with index condition: (sbtest6.k between 4742653 and 4742753)  (cost=44.4 rows=98)


table 7 : explain SELECT k, c FROM sbtest7 WHERE k BETWEEN 4742653 AND 4742753
	-> Index range scan on sbtest7 using k_7 over (4742653 <= k <= 4742753), with index condition: (sbtest7.k between 4742653 and 4742753)  (cost=43.9 rows=97)


table 8 : explain SELECT k, c FROM sbtest8 WHERE k BETWEEN 4742653 AND 4742753
	-> Index range scan on sbtest8 using k_8 over (4742653 <= k <= 4742753), with index condition: (sbtest8.k between 4742653 and 4742753)  (cost=43.9 rows=97)


explain: for range-notcovered :: explain SELECT k, c FROM sbtest%d WHERE k BETWEEN 6797604 AND 6797704
explain: for range-notcovered :: explain SELECT k, c FROM sbtest%d WHERE k BETWEEN 8894786 AND 8894886

for range-notcovered
table 1 : explain SELECT k, c FROM sbtest1 WHERE k BETWEEN 4693750 AND 4693850
	-> Index range scan on sbtest1 using k_1 over (4693750 <= k <= 4693850), with index condition: (sbtest1.k between 4693750 and 4693850)  (cost=41.7 rows=92)


table 2 : explain SELECT k, c FROM sbtest2 WHERE k BETWEEN 4693750 AND 4693850
	-> Index range scan on sbtest2 using k_2 over (4693750 <= k <= 4693850), with index condition: (sbtest2.k between 4693750 and 4693850)  (cost=40.8 rows=90)


table 3 : explain SELECT k, c FROM sbtest3 WHERE k BETWEEN 4693750 AND 4693850
	-> Index range scan on sbtest3 using k_3 over (4693750 <= k <= 4693850), with index condition: (sbtest3.k between 4693750 and 4693850)  (cost=46.6 rows=103)


table 4 : explain SELECT k, c FROM sbtest4 WHERE k BETWEEN 4693750 AND 4693850
	-> Index range scan on sbtest4 using k_4 over (4693750 <= k <= 4693850), with index condition: (sbtest4.k between 4693750 and 4693850)  (cost=46.2 rows=102)


table 5 : explain SELECT k, c FROM sbtest5 WHERE k BETWEEN 4693750 AND 4693850
	-> Index range scan on sbtest5 using k_5 over (4693750 <= k <= 4693850), with index condition: (sbtest5.k between 4693750 and 4693850)  (cost=50.2 rows=111)


table 6 : explain SELECT k, c FROM sbtest6 WHERE k BETWEEN 4693750 AND 4693850
	-> Index range scan on sbtest6 using k_6 over (4693750 <= k <= 4693850), with index condition: (sbtest6.k between 4693750 and 4693850)  (cost=38.1 rows=84)


table 7 : explain SELECT k, c FROM sbtest7 WHERE k BETWEEN 4693750 AND 4693850
	-> Index range scan on sbtest7 using k_7 over (4693750 <= k <= 4693850), with index condition: (sbtest7.k between 4693750 and 4693850)  (cost=35.8 rows=79)


table 8 : explain SELECT k, c FROM sbtest8 WHERE k BETWEEN 4693750 AND 4693850
	-> Index range scan on sbtest8 using k_8 over (4693750 <= k <= 4693850), with index condition: (sbtest8.k between 4693750 and 4693850)  (cost=40.3 rows=89)


for range-notcovered
table 1 : explain SELECT k, c FROM sbtest1 WHERE k BETWEEN 4296884 AND 4296984
	-> Index range scan on sbtest1 using k_1 over (4296884 <= k <= 4296984), with index condition: (sbtest1.k between 4296884 and 4296984)  (cost=42.6 rows=94)


table 2 : explain SELECT k, c FROM sbtest2 WHERE k BETWEEN 4296884 AND 4296984
	-> Index range scan on sbtest2 using k_2 over (4296884 <= k <= 4296984), with index condition: (sbtest2.k between 4296884 and 4296984)  (cost=38.1 rows=84)


table 3 : explain SELECT k, c FROM sbtest3 WHERE k BETWEEN 4296884 AND 4296984
	-> Index range scan on sbtest3 using k_3 over (4296884 <= k <= 4296984), with index condition: (sbtest3.k between 4296884 and 4296984)  (cost=45.3 rows=100)


table 4 : explain SELECT k, c FROM sbtest4 WHERE k BETWEEN 4296884 AND 4296984
	-> Index range scan on sbtest4 using k_4 over (4296884 <= k <= 4296984), with index condition: (sbtest4.k between 4296884 and 4296984)  (cost=45.7 rows=101)


table 5 : explain SELECT k, c FROM sbtest5 WHERE k BETWEEN 4296884 AND 4296984
	-> Index range scan on sbtest5 using k_5 over (4296884 <= k <= 4296984), with index condition: (sbtest5.k between 4296884 and 4296984)  (cost=47.1 rows=104)


table 6 : explain SELECT k, c FROM sbtest6 WHERE k BETWEEN 4296884 AND 4296984
	-> Index range scan on sbtest6 using k_6 over (4296884 <= k <= 4296984), with index condition: (sbtest6.k between 4296884 and 4296984)  (cost=48 rows=106)


table 7 : explain SELECT k, c FROM sbtest7 WHERE k BETWEEN 4296884 AND 4296984
	-> Index range scan on sbtest7 using k_7 over (4296884 <= k <= 4296984), with index condition: (sbtest7.k between 4296884 and 4296984)  (cost=44.4 rows=98)


table 8 : explain SELECT k, c FROM sbtest8 WHERE k BETWEEN 4296884 AND 4296984
	-> Index range scan on sbtest8 using k_8 over (4296884 <= k <= 4296984), with index condition: (sbtest8.k between 4296884 and 4296984)  (cost=43 rows=95)


explain: for range-notcovered :: explain SELECT k, c FROM sbtest%d WHERE k BETWEEN 1703319 AND 1703419
explain: for range-notcovered :: explain SELECT k, c FROM sbtest%d WHERE k BETWEEN 2925054 AND 2925154
explain: for range-notcovered :: explain SELECT k, c FROM sbtest%d WHERE k BETWEEN 5968466 AND 5968566
explain: for range-notcovered :: explain SELECT k, c FROM sbtest%d WHERE k BETWEEN 6799449 AND 6799549
for range-notcovered
table 1 : explain SELECT k, c FROM sbtest1 WHERE k BETWEEN 5415594 AND 5415694
	-> Index range scan on sbtest1 using k_1 over (5415594 <= k <= 5415694), with index condition: (sbtest1.k between 5415594 and 5415694)  (cost=45.3 rows=100)


table 2 : explain SELECT k, c FROM sbtest2 WHERE k BETWEEN 5415594 AND 5415694
	-> Index range scan on sbtest2 using k_2 over (5415594 <= k <= 5415694), with index condition: (sbtest2.k between 5415594 and 5415694)  (cost=50.7 rows=112)


table 3 : explain SELECT k, c FROM sbtest3 WHERE k BETWEEN 5415594 AND 5415694
	-> Index range scan on sbtest3 using k_3 over (5415594 <= k <= 5415694), with index condition: (sbtest3.k between 5415594 and 5415694)  (cost=39.4 rows=87)


table 4 : explain SELECT k, c FROM sbtest4 WHERE k BETWEEN 5415594 AND 5415694
	-> Index range scan on sbtest4 using k_4 over (5415594 <= k <= 5415694), with index condition: (sbtest4.k between 5415594 and 5415694)  (cost=40.3 rows=89)


table 5 : explain SELECT k, c FROM sbtest5 WHERE k BETWEEN 5415594 AND 5415694
	-> Index range scan on sbtest5 using k_5 over (5415594 <= k <= 5415694), with index condition: (sbtest5.k between 5415594 and 5415694)  (cost=46.2 rows=102)


table 6 : explain SELECT k, c FROM sbtest6 WHERE k BETWEEN 5415594 AND 5415694
	-> Index range scan on sbtest6 using k_6 over (5415594 <= k <= 5415694), with index condition: (sbtest6.k between 5415594 and 5415694)  (cost=50.2 rows=111)


table 7 : explain SELECT k, c FROM sbtest7 WHERE k BETWEEN 5415594 AND 5415694
	-> Index range scan on sbtest7 using k_7 over (5415594 <= k <= 5415694), with index condition: (sbtest7.k between 5415594 and 5415694)  (cost=45.7 rows=101)


table 8 : explain SELECT k, c FROM sbtest8 WHERE k BETWEEN 5415594 AND 5415694
	-> Index range scan on sbtest8 using k_8 over (5415594 <= k <= 5415694), with index condition: (sbtest8.k between 5415594 and 5415694)  (cost=46.6 rows=103)


explain: for range-notcovered :: explain SELECT k, c FROM sbtest%d WHERE k BETWEEN 4742653 AND 4742753explain: for range-notcovered :: explain SELECT k, c FROM sbtest%d WHERE k BETWEEN 5674711 AND 5674811
explain: for range-notcovered :: explain SELECT k, c FROM sbtest%d WHERE k BETWEEN 4693750 AND 4693850
for range-notcovered
table 1 : explain SELECT k, c FROM sbtest1 WHERE k BETWEEN 5340685 AND 5340785
	-> Index range scan on sbtest1 using k_1 over (5340685 <= k <= 5340785), with index condition: (sbtest1.k between 5340685 and 5340785)  (cost=42.1 rows=93)


table 2 : explain SELECT k, c FROM sbtest2 WHERE k BETWEEN 5340685 AND 5340785
	-> Index range scan on sbtest2 using k_2 over (5340685 <= k <= 5340785), with index condition: (sbtest2.k between 5340685 and 5340785)  (cost=46.2 rows=102)


table 3 : explain SELECT k, c FROM sbtest3 WHERE k BETWEEN 5340685 AND 5340785
	-> Index range scan on sbtest3 using k_3 over (5340685 <= k <= 5340785), with index condition: (sbtest3.k between 5340685 and 5340785)  (cost=40.8 rows=90)


table 4 : explain SELECT k, c FROM sbtest4 WHERE k BETWEEN 5340685 AND 5340785
	-> Index range scan on sbtest4 using k_4 over (5340685 <= k <= 5340785), with index condition: (sbtest4.k between 5340685 and 5340785)  (cost=48.9 rows=108)


table 5 : explain SELECT k, c FROM sbtest5 WHERE k BETWEEN 5340685 AND 5340785
	-> Index range scan on sbtest5 using k_5 over (5340685 <= k <= 5340785), with index condition: (sbtest5.k between 5340685 and 5340785)  (cost=38.5 rows=85)


table 6 : explain SELECT k, c FROM sbtest6 WHERE k BETWEEN 5340685 AND 5340785
	-> Index range scan on sbtest6 using k_6 over (5340685 <= k <= 5340785), with index condition: (sbtest6.k between 5340685 and 5340785)  (cost=49.3 rows=109)


table 7 : explain SELECT k, c FROM sbtest7 WHERE k BETWEEN 5340685 AND 5340785
	-> Index range scan on sbtest7 using k_7 over (5340685 <= k <= 5340785), with index condition: (sbtest7.k between 5340685 and 5340785)  (cost=48 rows=106)


table 8 : explain SELECT k, c FROM sbtest8 WHERE k BETWEEN 5340685 AND 5340785
	-> Index range scan on sbtest8 using k_8 over (5340685 <= k <= 5340785), with index condition: (sbtest8.k between 5340685 and 5340785)  (cost=42.1 rows=93)



explain: for range-notcovered :: explain SELECT k, c FROM sbtest%d WHERE k BETWEEN 4296884 AND 4296984
for range-notcovered
table 1 : explain SELECT k, c FROM sbtest1 WHERE k BETWEEN 6119662 AND 6119762
	-> Index range scan on sbtest1 using k_1 over (6119662 <= k <= 6119762), with index condition: (sbtest1.k between 6119662 and 6119762)  (cost=47.5 rows=105)


table 2 : explain SELECT k, c FROM sbtest2 WHERE k BETWEEN 6119662 AND 6119762
	-> Index range scan on sbtest2 using k_2 over (6119662 <= k <= 6119762), with index condition: (sbtest2.k between 6119662 and 6119762)  (cost=50.2 rows=111)


table 3 : explain SELECT k, c FROM sbtest3 WHERE k BETWEEN 6119662 AND 6119762
	-> Index range scan on sbtest3 using k_3 over (6119662 <= k <= 6119762), with index condition: (sbtest3.k between 6119662 and 6119762)  (cost=48 rows=106)


table 4 : explain SELECT k, c FROM sbtest4 WHERE k BETWEEN 6119662 AND 6119762
	-> Index range scan on sbtest4 using k_4 over (6119662 <= k <= 6119762), with index condition: (sbtest4.k between 6119662 and 6119762)  (cost=48 rows=106)


table 5 : explain SELECT k, c FROM sbtest5 WHERE k BETWEEN 6119662 AND 6119762
	-> Index range scan on sbtest5 using k_5 over (6119662 <= k <= 6119762), with index condition: (sbtest5.k between 6119662 and 6119762)  (cost=43 rows=95)


table 6 : explain SELECT k, c FROM sbtest6 WHERE k BETWEEN 6119662 AND 6119762
	-> Index range scan on sbtest6 using k_6 over (6119662 <= k <= 6119762), with index condition: (sbtest6.k between 6119662 and 6119762)  (cost=41.2 rows=91)


table 7 : explain SELECT k, c FROM sbtest7 WHERE k BETWEEN 6119662 AND 6119762
	-> Index range scan on sbtest7 using k_7 over (6119662 <= k <= 6119762), with index condition: (sbtest7.k between 6119662 and 6119762)  (cost=49.3 rows=109)


table 8 : explain SELECT k, c FROM sbtest8 WHERE k BETWEEN 6119662 AND 6119762
	-> Index range scan on sbtest8 using k_8 over (6119662 <= k <= 6119762), with index condition: (sbtest8.k between 6119662 and 6119762)  (cost=52.5 rows=116)


explain: for range-notcovered :: explain SELECT k, c FROM sbtest%d WHERE k BETWEEN 4587498 AND 4587598
for range-notcovered
table 1 : explain SELECT k, c FROM sbtest1 WHERE k BETWEEN 6652235 AND 6652335
	-> Index range scan on sbtest1 using k_1 over (6652235 <= k <= 6652335), with index condition: (sbtest1.k between 6652235 and 6652335)  (cost=42.6 rows=94)


table 2 : explain SELECT k, c FROM sbtest2 WHERE k BETWEEN 6652235 AND 6652335
	-> Index range scan on sbtest2 using k_2 over (6652235 <= k <= 6652335), with index condition: (sbtest2.k between 6652235 and 6652335)  (cost=50.2 rows=111)


table 3 : explain SELECT k, c FROM sbtest3 WHERE k BETWEEN 6652235 AND 6652335
	-> Index range scan on sbtest3 using k_3 over (6652235 <= k <= 6652335), with index condition: (sbtest3.k between 6652235 and 6652335)  (cost=43.5 rows=96)


table 4 : explain SELECT k, c FROM sbtest4 WHERE k BETWEEN 6652235 AND 6652335
	-> Index range scan on sbtest4 using k_4 over (6652235 <= k <= 6652335), with index condition: (sbtest4.k between 6652235 and 6652335)  (cost=48 rows=106)


table 5 : explain SELECT k, c FROM sbtest5 WHERE k BETWEEN 6652235 AND 6652335
	-> Index range scan on sbtest5 using k_5 over (6652235 <= k <= 6652335), with index condition: (sbtest5.k between 6652235 and 6652335)  (cost=42.1 rows=93)


table 6 : explain SELECT k, c FROM sbtest6 WHERE k BETWEEN 6652235 AND 6652335
	-> Index range scan on sbtest6 using k_6 over (6652235 <= k <= 6652335), with index condition: (sbtest6.k between 6652235 and 6652335)  (cost=41.2 rows=91)


table 7 : explain SELECT k, c FROM sbtest7 WHERE k BETWEEN 6652235 AND 6652335
	-> Index range scan on sbtest7 using k_7 over (6652235 <= k <= 6652335), with index condition: (sbtest7.k between 6652235 and 6652335)  (cost=44.8 rows=99)


table 8 : explain SELECT k, c FROM sbtest8 WHERE k BETWEEN 6652235 AND 6652335
	-> Index range scan on sbtest8 using k_8 over (6652235 <= k <= 6652335), with index condition: (sbtest8.k between 6652235 and 6652335)  (cost=43.5 rows=96)


for range-notcovered
table 1 : explain SELECT k, c FROM sbtest1 WHERE k BETWEEN 7267870 AND 7267970
	-> Index range scan on sbtest1 using k_1 over (7267870 <= k <= 7267970), with index condition: (sbtest1.k between 7267870 and 7267970)  (cost=45.3 rows=100)


table 2 : explain SELECT k, c FROM sbtest2 WHERE k BETWEEN 7267870 AND 7267970
	-> Index range scan on sbtest2 using k_2 over (7267870 <= k <= 7267970), with index condition: (sbtest2.k between 7267870 and 7267970)  (cost=52 rows=115)


table 3 : explain SELECT k, c FROM sbtest3 WHERE k BETWEEN 7267870 AND 7267970
	-> Index range scan on sbtest3 using k_3 over (7267870 <= k <= 7267970), with index condition: (sbtest3.k between 7267870 and 7267970)  (cost=48.9 rows=108)


table 4 : explain SELECT k, c FROM sbtest4 WHERE k BETWEEN 7267870 AND 7267970
	-> Index range scan on sbtest4 using k_4 over (7267870 <= k <= 7267970), with index condition: (sbtest4.k between 7267870 and 7267970)  (cost=48.4 rows=107)


table 5 : explain SELECT k, c FROM sbtest5 WHERE k BETWEEN 7267870 AND 7267970
	-> Index range scan on sbtest5 using k_5 over (7267870 <= k <= 7267970), with index condition: (sbtest5.k between 7267870 and 7267970)  (cost=43.9 rows=97)


table 6 : explain SELECT k, c FROM sbtest6 WHERE k BETWEEN 7267870 AND 7267970
	-> Index range scan on sbtest6 using k_6 over (7267870 <= k <= 7267970), with index condition: (sbtest6.k between 7267870 and 7267970)  (cost=44.8 rows=99)


table 7 : explain SELECT k, c FROM sbtest7 WHERE k BETWEEN 7267870 AND 7267970
	-> Index range scan on sbtest7 using k_7 over (7267870 <= k <= 7267970), with index condition: (sbtest7.k between 7267870 and 7267970)  (cost=58.8 rows=130)


table 8 : explain SELECT k, c FROM sbtest8 WHERE k BETWEEN 7267870 AND 7267970
	-> Index range scan on sbtest8 using k_8 over (7267870 <= k <= 7267970), with index condition: (sbtest8.k between 7267870 and 7267970)  (cost=46.2 rows=102)


explain: for range-notcovered :: explain SELECT k, c FROM sbtest%d WHERE k BETWEEN 5340685 AND 5340785
explain: for range-notcovered :: explain SELECT k, c FROM sbtest%d WHERE k BETWEEN 6119662 AND 6119762
for range-notcovered
table 1 : explain SELECT k, c FROM sbtest1 WHERE k BETWEEN 6357521 AND 6357621
	-> Index range scan on sbtest1 using k_1 over (6357521 <= k <= 6357621), with index condition: (sbtest1.k between 6357521 and 6357621)  (cost=52.5 rows=116)


table 2 : explain SELECT k, c FROM sbtest2 WHERE k BETWEEN 6357521 AND 6357621
	-> Index range scan on sbtest2 using k_2 over (6357521 <= k <= 6357621), with index condition: (sbtest2.k between 6357521 and 6357621)  (cost=43.5 rows=96)


table 3 : explain SELECT k, c FROM sbtest3 WHERE k BETWEEN 6357521 AND 6357621
	-> Index range scan on sbtest3 using k_3 over (6357521 <= k <= 6357621), with index condition: (sbtest3.k between 6357521 and 6357621)  (cost=45.7 rows=101)


table 4 : explain SELECT k, c FROM sbtest4 WHERE k BETWEEN 6357521 AND 6357621
	-> Index range scan on sbtest4 using k_4 over (6357521 <= k <= 6357621), with index condition: (sbtest4.k between 6357521 and 6357621)  (cost=43 rows=95)


table 5 : explain SELECT k, c FROM sbtest5 WHERE k BETWEEN 6357521 AND 6357621
	-> Index range scan on sbtest5 using k_5 over (6357521 <= k <= 6357621), with index condition: (sbtest5.k between 6357521 and 6357621)  (cost=49.8 rows=110)


table 6 : explain SELECT k, c FROM sbtest6 WHERE k BETWEEN 6357521 AND 6357621
	-> Index range scan on sbtest6 using k_6 over (6357521 <= k <= 6357621), with index condition: (sbtest6.k between 6357521 and 6357621)  (cost=41.7 rows=92)


table 7 : explain SELECT k, c FROM sbtest7 WHERE k BETWEEN 6357521 AND 6357621
	-> Index range scan on sbtest7 using k_7 over (6357521 <= k <= 6357621), with index condition: (sbtest7.k between 6357521 and 6357621)  (cost=48 rows=106)


table 8 : explain SELECT k, c FROM sbtest8 WHERE k BETWEEN 6357521 AND 6357621
	-> Index range scan on sbtest8 using k_8 over (6357521 <= k <= 6357621), with index condition: (sbtest8.k between 6357521 and 6357621)  (cost=40.3 rows=89)


for range-notcovered
table 1 : explain SELECT k, c FROM sbtest1 WHERE k BETWEEN 1773117 AND 1773217
	-> Index range scan on sbtest1 using k_1 over (1773117 <= k <= 1773217), with index condition: (sbtest1.k between 1773117 and 1773217)  (cost=41.7 rows=92)


table 2 : explain SELECT k, c FROM sbtest2 WHERE k BETWEEN 1773117 AND 1773217
	-> Index range scan on sbtest2 using k_2 over (1773117 <= k <= 1773217), with index condition: (sbtest2.k between 1773117 and 1773217)  (cost=45.3 rows=100)


table 3 : explain SELECT k, c FROM sbtest3 WHERE k BETWEEN 1773117 AND 1773217
	-> Index range scan on sbtest3 using k_3 over (1773117 <= k <= 1773217), with index condition: (sbtest3.k between 1773117 and 1773217)  (cost=47.5 rows=105)


table 4 : explain SELECT k, c FROM sbtest4 WHERE k BETWEEN 1773117 AND 1773217
	-> Index range scan on sbtest4 using k_4 over (1773117 <= k <= 1773217), with index condition: (sbtest4.k between 1773117 and 1773217)  (cost=42.6 rows=94)


table 5 : explain SELECT k, c FROM sbtest5 WHERE k BETWEEN 1773117 AND 1773217
	-> Index range scan on sbtest5 using k_5 over (1773117 <= k <= 1773217), with index condition: (sbtest5.k between 1773117 and 1773217)  (cost=48.9 rows=108)


table 6 : explain SELECT k, c FROM sbtest6 WHERE k BETWEEN 1773117 AND 1773217
	-> Index range scan on sbtest6 using k_6 over (1773117 <= k <= 1773217), with index condition: (sbtest6.k between 1773117 and 1773217)  (cost=48.4 rows=107)


table 7 : explain SELECT k, c FROM sbtest7 WHERE k BETWEEN 1773117 AND 1773217
	-> Index range scan on sbtest7 using k_7 over (1773117 <= k <= 1773217), with index condition: (sbtest7.k between 1773117 and 1773217)  (cost=46.6 rows=103)


table 8 : explain SELECT k, c FROM sbtest8 WHERE k BETWEEN 1773117 AND 1773217
	-> Index range scan on sbtest8 using k_8 over (1773117 <= k <= 1773217), with index condition: (sbtest8.k between 1773117 and 1773217)  (cost=43 rows=95)


for range-notcovered
table 1 : explain SELECT k, c FROM sbtest1 WHERE k BETWEEN 5852949 AND 5853049
	-> Index range scan on sbtest1 using k_1 over (5852949 <= k <= 5853049), with index condition: (sbtest1.k between 5852949 and 5853049)  (cost=45.7 rows=101)


table 2 : explain SELECT k, c FROM sbtest2 WHERE k BETWEEN 5852949 AND 5853049
	-> Index range scan on sbtest2 using k_2 over (5852949 <= k <= 5853049), with index condition: (sbtest2.k between 5852949 and 5853049)  (cost=39 rows=86)


table 3 : explain SELECT k, c FROM sbtest3 WHERE k BETWEEN 5852949 AND 5853049
	-> Index range scan on sbtest3 using k_3 over (5852949 <= k <= 5853049), with index condition: (sbtest3.k between 5852949 and 5853049)  (cost=43.5 rows=96)


table 4 : explain SELECT k, c FROM sbtest4 WHERE k BETWEEN 5852949 AND 5853049
	-> Index range scan on sbtest4 using k_4 over (5852949 <= k <= 5853049), with index condition: (sbtest4.k between 5852949 and 5853049)  (cost=50.7 rows=112)


table 5 : explain SELECT k, c FROM sbtest5 WHERE k BETWEEN 5852949 AND 5853049
	-> Index range scan on sbtest5 using k_5 over (5852949 <= k <= 5853049), with index condition: (sbtest5.k between 5852949 and 5853049)  (cost=48.9 rows=108)


table 6 : explain SELECT k, c FROM sbtest6 WHERE k BETWEEN 5852949 AND 5853049
	-> Index range scan on sbtest6 using k_6 over (5852949 <= k <= 5853049), with index condition: (sbtest6.k between 5852949 and 5853049)  (cost=36.7 rows=81)


table 7 : explain SELECT k, c FROM sbtest7 WHERE k BETWEEN 5852949 AND 5853049
	-> Index range scan on sbtest7 using k_7 over (5852949 <= k <= 5853049), with index condition: (sbtest7.k between 5852949 and 5853049)  (cost=44.8 rows=99)


table 8 : explain SELECT k, c FROM sbtest8 WHERE k BETWEEN 5852949 AND 5853049
	-> Index range scan on sbtest8 using k_8 over (5852949 <= k <= 5853049), with index condition: (sbtest8.k between 5852949 and 5853049)  (cost=39.9 rows=88)


explain: for range-notcovered :: explain SELECT k, c FROM sbtest%d WHERE k BETWEEN 6652235 AND 6652335for range-notcovered
table 1 : explain SELECT k, c FROM sbtest1 WHERE k BETWEEN 6706397 AND 6706497
	-> Index range scan on sbtest1 using k_1 over (6706397 <= k <= 6706497), with index condition: (sbtest1.k between 6706397 and 6706497)  (cost=51.1 rows=113)


table 2 : explain SELECT k, c FROM sbtest2 WHERE k BETWEEN 6706397 AND 6706497
	-> Index range scan on sbtest2 using k_2 over (6706397 <= k <= 6706497), with index condition: (sbtest2.k between 6706397 and 6706497)  (cost=47.1 rows=104)


table 3 : explain SELECT k, c FROM sbtest3 WHERE k BETWEEN 6706397 AND 6706497
	-> Index range scan on sbtest3 using k_3 over (6706397 <= k <= 6706497), with index condition: (sbtest3.k between 6706397 and 6706497)  (cost=49.8 rows=110)


table 4 : explain SELECT k, c FROM sbtest4 WHERE k BETWEEN 6706397 AND 6706497
	-> Index range scan on sbtest4 using k_4 over (6706397 <= k <= 6706497), with index condition: (sbtest4.k between 6706397 and 6706497)  (cost=40.3 rows=89)


table 5 : explain SELECT k, c FROM sbtest5 WHERE k BETWEEN 6706397 AND 6706497
	-> Index range scan on sbtest5 using k_5 over (6706397 <= k <= 6706497), with index condition: (sbtest5.k between 6706397 and 6706497)  (cost=44.4 rows=98)


table 6 : explain SELECT k, c FROM sbtest6 WHERE k BETWEEN 6706397 AND 6706497
	-> Index range scan on sbtest6 using k_6 over (6706397 <= k <= 6706497), with index condition: (sbtest6.k between 6706397 and 6706497)  (cost=43 rows=95)


table 7 : explain SELECT k, c FROM sbtest7 WHERE k BETWEEN 6706397 AND 6706497
	-> Index range scan on sbtest7 using k_7 over (6706397 <= k <= 6706497), with index condition: (sbtest7.k between 6706397 and 6706497)  (cost=53.4 rows=118)


table 8 : explain SELECT k, c FROM sbtest8 WHERE k BETWEEN 6706397 AND 6706497
	-> Index range scan on sbtest8 using k_8 over (6706397 <= k <= 6706497), with index condition: (sbtest8.k between 6706397 and 6706497)  (cost=48 rows=106)

for range-notcovered
table 1 : explain SELECT k, c FROM sbtest1 WHERE k BETWEEN 4037229 AND 4037329
	-> Index range scan on sbtest1 using k_1 over (4037229 <= k <= 4037329), with index condition: (sbtest1.k between 4037229 and 4037329)  (cost=41.7 rows=92)


table 2 : explain SELECT k, c FROM sbtest2 WHERE k BETWEEN 4037229 AND 4037329
	-> Index range scan on sbtest2 using k_2 over (4037229 <= k <= 4037329), with index condition: (sbtest2.k between 4037229 and 4037329)  (cost=47.5 rows=105)


table 3 : explain SELECT k, c FROM sbtest3 WHERE k BETWEEN 4037229 AND 4037329
	-> Index range scan on sbtest3 using k_3 over (4037229 <= k <= 4037329), with index condition: (sbtest3.k between 4037229 and 4037329)  (cost=46.2 rows=102)


table 4 : explain SELECT k, c FROM sbtest4 WHERE k BETWEEN 4037229 AND 4037329
	-> Index range scan on sbtest4 using k_4 over (4037229 <= k <= 4037329), with index condition: (sbtest4.k between 4037229 and 4037329)  (cost=42.1 rows=93)


table 5 : explain SELECT k, c FROM sbtest5 WHERE k BETWEEN 4037229 AND 4037329
	-> Index range scan on sbtest5 using k_5 over (4037229 <= k <= 4037329), with index condition: (sbtest5.k between 4037229 and 4037329)  (cost=42.6 rows=94)


table 6 : explain SELECT k, c FROM sbtest6 WHERE k BETWEEN 4037229 AND 4037329
	-> Index range scan on sbtest6 using k_6 over (4037229 <= k <= 4037329), with index condition: (sbtest6.k between 4037229 and 4037329)  (cost=37.6 rows=83)


table 7 : explain SELECT k, c FROM sbtest7 WHERE k BETWEEN 4037229 AND 4037329
	-> Index range scan on sbtest7 using k_7 over (4037229 <= k <= 4037329), with index condition: (sbtest7.k between 4037229 and 4037329)  (cost=34.9 rows=77)


table 8 : explain SELECT k, c FROM sbtest8 WHERE k BETWEEN 4037229 AND 4037329
	-> Index range scan on sbtest8 using k_8 over (4037229 <= k <= 4037329), with index condition: (sbtest8.k between 4037229 and 4037329)  (cost=48 rows=106)


explain: for range-notcovered :: explain SELECT k, c FROM sbtest%d WHERE k BETWEEN 5415594 AND 5415694
for range-notcovered
table 1 : explain SELECT k, c FROM sbtest1 WHERE k BETWEEN 6624859 AND 6624959
	-> Index range scan on sbtest1 using k_1 over (6624859 <= k <= 6624959), with index condition: (sbtest1.k between 6624859 and 6624959)  (cost=50.7 rows=112)


table 2 : explain SELECT k, c FROM sbtest2 WHERE k BETWEEN 6624859 AND 6624959
	-> Index range scan on sbtest2 using k_2 over (6624859 <= k <= 6624959), with index condition: (sbtest2.k between 6624859 and 6624959)  (cost=44.4 rows=98)


table 3 : explain SELECT k, c FROM sbtest3 WHERE k BETWEEN 6624859 AND 6624959
	-> Index range scan on sbtest3 using k_3 over (6624859 <= k <= 6624959), with index condition: (sbtest3.k between 6624859 and 6624959)  (cost=47.5 rows=105)


table 4 : explain SELECT k, c FROM sbtest4 WHERE k BETWEEN 6624859 AND 6624959
	-> Index range scan on sbtest4 using k_4 over (6624859 <= k <= 6624959), with index condition: (sbtest4.k between 6624859 and 6624959)  (cost=40.8 rows=90)


table 5 : explain SELECT k, c FROM sbtest5 WHERE k BETWEEN 6624859 AND 6624959
	-> Index range scan on sbtest5 using k_5 over (6624859 <= k <= 6624959), with index condition: (sbtest5.k between 6624859 and 6624959)  (cost=37.6 rows=83)


table 6 : explain SELECT k, c FROM sbtest6 WHERE k BETWEEN 6624859 AND 6624959
	-> Index range scan on sbtest6 using k_6 over (6624859 <= k <= 6624959), with index condition: (sbtest6.k between 6624859 and 6624959)  (cost=50.2 rows=111)


table 7 : explain SELECT k, c FROM sbtest7 WHERE k BETWEEN 6624859 AND 6624959
	-> Index range scan on sbtest7 using k_7 over (6624859 <= k <= 6624959), with index condition: (sbtest7.k between 6624859 and 6624959)  (cost=41.7 rows=92)


table 8 : explain SELECT k, c FROM sbtest8 WHERE k BETWEEN 6624859 AND 6624959
	-> Index range scan on sbtest8 using k_8 over (6624859 <= k <= 6624959), with index condition: (sbtest8.k between 6624859 and 6624959)  (cost=48 rows=106)

explain: for range-notcovered :: explain SELECT k, c FROM sbtest%d WHERE k BETWEEN 6357521 AND 6357621
explain: for range-notcovered :: explain SELECT k, c FROM sbtest%d WHERE k BETWEEN 1773117 AND 1773217
explain: for range-notcovered :: explain SELECT k, c FROM sbtest%d WHERE k BETWEEN 7267870 AND 7267970



explain: for range-notcovered :: explain SELECT k, c FROM sbtest%d WHERE k BETWEEN 5852949 AND 5853049
for range-notcovered
table 1 : explain SELECT k, c FROM sbtest1 WHERE k BETWEEN 7436497 AND 7436597
	-> Index range scan on sbtest1 using k_1 over (7436497 <= k <= 7436597), with index condition: (sbtest1.k between 7436497 and 7436597)  (cost=50.7 rows=112)


table 2 : explain SELECT k, c FROM sbtest2 WHERE k BETWEEN 7436497 AND 7436597
	-> Index range scan on sbtest2 using k_2 over (7436497 <= k <= 7436597), with index condition: (sbtest2.k between 7436497 and 7436597)  (cost=49.8 rows=110)


table 3 : explain SELECT k, c FROM sbtest3 WHERE k BETWEEN 7436497 AND 7436597
	-> Index range scan on sbtest3 using k_3 over (7436497 <= k <= 7436597), with index condition: (sbtest3.k between 7436497 and 7436597)  (cost=47.5 rows=105)


table 4 : explain SELECT k, c FROM sbtest4 WHERE k BETWEEN 7436497 AND 7436597
	-> Index range scan on sbtest4 using k_4 over (7436497 <= k <= 7436597), with index condition: (sbtest4.k between 7436497 and 7436597)  (cost=47.5 rows=105)


table 5 : explain SELECT k, c FROM sbtest5 WHERE k BETWEEN 7436497 AND 7436597
	-> Index range scan on sbtest5 using k_5 over (7436497 <= k <= 7436597), with index condition: (sbtest5.k between 7436497 and 7436597)  (cost=38.5 rows=85)


table 6 : explain SELECT k, c FROM sbtest6 WHERE k BETWEEN 7436497 AND 7436597
	-> Index range scan on sbtest6 using k_6 over (7436497 <= k <= 7436597), with index condition: (sbtest6.k between 7436497 and 7436597)  (cost=39.4 rows=87)


table 7 : explain SELECT k, c FROM sbtest7 WHERE k BETWEEN 7436497 AND 7436597
	-> Index range scan on sbtest7 using k_7 over (7436497 <= k <= 7436597), with index condition: (sbtest7.k between 7436497 and 7436597)  (cost=40.8 rows=90)


table 8 : explain SELECT k, c FROM sbtest8 WHERE k BETWEEN 7436497 AND 7436597
	-> Index range scan on sbtest8 using k_8 over (7436497 <= k <= 7436597), with index condition: (sbtest8.k between 7436497 and 7436597)  (cost=43 rows=95)


explain: for range-notcovered :: explain SELECT k, c FROM sbtest%d WHERE k BETWEEN 4037229 AND 4037329
for range-notcovered
table 1 : explain SELECT k, c FROM sbtest1 WHERE k BETWEEN 7765506 AND 7765606
	-> Index range scan on sbtest1 using k_1 over (7765506 <= k <= 7765606), with index condition: (sbtest1.k between 7765506 and 7765606)  (cost=51.1 rows=113)


table 2 : explain SELECT k, c FROM sbtest2 WHERE k BETWEEN 7765506 AND 7765606
	-> Index range scan on sbtest2 using k_2 over (7765506 <= k <= 7765606), with index condition: (sbtest2.k between 7765506 and 7765606)  (cost=52.9 rows=117)


table 3 : explain SELECT k, c FROM sbtest3 WHERE k BETWEEN 7765506 AND 7765606
	-> Index range scan on sbtest3 using k_3 over (7765506 <= k <= 7765606), with index condition: (sbtest3.k between 7765506 and 7765606)  (cost=49.8 rows=110)


table 4 : explain SELECT k, c FROM sbtest4 WHERE k BETWEEN 7765506 AND 7765606
	-> Index range scan on sbtest4 using k_4 over (7765506 <= k <= 7765606), with index condition: (sbtest4.k between 7765506 and 7765606)  (cost=42.1 rows=93)


table 5 : explain SELECT k, c FROM sbtest5 WHERE k BETWEEN 7765506 AND 7765606
	-> Index range scan on sbtest5 using k_5 over (7765506 <= k <= 7765606), with index condition: (sbtest5.k between 7765506 and 7765606)  (cost=51.6 rows=114)


table 6 : explain SELECT k, c FROM sbtest6 WHERE k BETWEEN 7765506 AND 7765606
	-> Index range scan on sbtest6 using k_6 over (7765506 <= k <= 7765606), with index condition: (sbtest6.k between 7765506 and 7765606)  (cost=44.4 rows=98)


table 7 : explain SELECT k, c FROM sbtest7 WHERE k BETWEEN 7765506 AND 7765606
	-> Index range scan on sbtest7 using k_7 over (7765506 <= k <= 7765606), with index condition: (sbtest7.k between 7765506 and 7765606)  (cost=42.6 rows=94)


table 8 : explain SELECT k, c FROM sbtest8 WHERE k BETWEEN 7765506 AND 7765606
	-> Index range scan on sbtest8 using k_8 over (7765506 <= k <= 7765606), with index condition: (sbtest8.k between 7765506 and 7765606)  (cost=48 rows=106)


explain: for range-notcovered :: explain SELECT k, c FROM sbtest%d WHERE k BETWEEN 6624859 AND 6624959
for range-notcovered
table 1 : explain SELECT k, c FROM sbtest1 WHERE k BETWEEN 4132964 AND 4133064
	-> Index range scan on sbtest1 using k_1 over (4132964 <= k <= 4133064), with index condition: (sbtest1.k between 4132964 and 4133064)  (cost=43.5 rows=96)


table 2 : explain SELECT k, c FROM sbtest2 WHERE k BETWEEN 4132964 AND 4133064
	-> Index range scan on sbtest2 using k_2 over (4132964 <= k <= 4133064), with index condition: (sbtest2.k between 4132964 and 4133064)  (cost=40.8 rows=90)


table 3 : explain SELECT k, c FROM sbtest3 WHERE k BETWEEN 4132964 AND 4133064
	-> Index range scan on sbtest3 using k_3 over (4132964 <= k <= 4133064), with index condition: (sbtest3.k between 4132964 and 4133064)  (cost=45.7 rows=101)


table 4 : explain SELECT k, c FROM sbtest4 WHERE k BETWEEN 4132964 AND 4133064
	-> Index range scan on sbtest4 using k_4 over (4132964 <= k <= 4133064), with index condition: (sbtest4.k between 4132964 and 4133064)  (cost=44.8 rows=99)


table 5 : explain SELECT k, c FROM sbtest5 WHERE k BETWEEN 4132964 AND 4133064
	-> Index range scan on sbtest5 using k_5 over (4132964 <= k <= 4133064), with index condition: (sbtest5.k between 4132964 and 4133064)  (cost=45.7 rows=101)


table 6 : explain SELECT k, c FROM sbtest6 WHERE k BETWEEN 4132964 AND 4133064
	-> Index range scan on sbtest6 using k_6 over (4132964 <= k <= 4133064), with index condition: (sbtest6.k between 4132964 and 4133064)  (cost=43.5 rows=96)


table 7 : explain SELECT k, c FROM sbtest7 WHERE k BETWEEN 4132964 AND 4133064
	-> Index range scan on sbtest7 using k_7 over (4132964 <= k <= 4133064), with index condition: (sbtest7.k between 4132964 and 4133064)  (cost=51.6 rows=114)


table 8 : explain SELECT k, c FROM sbtest8 WHERE k BETWEEN 4132964 AND 4133064
	-> Index range scan on sbtest8 using k_8 over (4132964 <= k <= 4133064), with index condition: (sbtest8.k between 4132964 and 4133064)  (cost=38.5 rows=85)


explain: for range-notcovered :: explain SELECT k, c FROM sbtest%d WHERE k BETWEEN 6706397 AND 6706497for range-notcovered
table 1 : explain SELECT k, c FROM sbtest1 WHERE k BETWEEN 4399788 AND 4399888
	-> Index range scan on sbtest1 using k_1 over (4399788 <= k <= 4399888), with index condition: (sbtest1.k between 4399788 and 4399888)  (cost=46.6 rows=103)


table 2 : explain SELECT k, c FROM sbtest2 WHERE k BETWEEN 4399788 AND 4399888
	-> Index range scan on sbtest2 using k_2 over (4399788 <= k <= 4399888), with index condition: (sbtest2.k between 4399788 and 4399888)  (cost=44.8 rows=99)


table 3 : explain SELECT k, c FROM sbtest3 WHERE k BETWEEN 4399788 AND 4399888
	-> Index range scan on sbtest3 using k_3 over (4399788 <= k <= 4399888), with index condition: (sbtest3.k between 4399788 and 4399888)  (cost=52.9 rows=117)


table 4 : explain SELECT k, c FROM sbtest4 WHERE k BETWEEN 4399788 AND 4399888
	-> Index range scan on sbtest4 using k_4 over (4399788 <= k <= 4399888), with index condition: (sbtest4.k between 4399788 and 4399888)  (cost=44.4 rows=98)


table 5 : explain SELECT k, c FROM sbtest5 WHERE k BETWEEN 4399788 AND 4399888
	-> Index range scan on sbtest5 using k_5 over (4399788 <= k <= 4399888), with index condition: (sbtest5.k between 4399788 and 4399888)  (cost=48.4 rows=107)


table 6 : explain SELECT k, c FROM sbtest6 WHERE k BETWEEN 4399788 AND 4399888
	-> Index range scan on sbtest6 using k_6 over (4399788 <= k <= 4399888), with index condition: (sbtest6.k between 4399788 and 4399888)  (cost=45.3 rows=100)


table 7 : explain SELECT k, c FROM sbtest7 WHERE k BETWEEN 4399788 AND 4399888
	-> Index range scan on sbtest7 using k_7 over (4399788 <= k <= 4399888), with index condition: (sbtest7.k between 4399788 and 4399888)  (cost=54.3 rows=120)


table 8 : explain SELECT k, c FROM sbtest8 WHERE k BETWEEN 4399788 AND 4399888
	-> Index range scan on sbtest8 using k_8 over (4399788 <= k <= 4399888), with index condition: (sbtest8.k between 4399788 and 4399888)  (cost=43.5 rows=96)



for range-notcovered
table 1 : explain SELECT k, c FROM sbtest1 WHERE k BETWEEN 3471197 AND 3471297
	-> Index range scan on sbtest1 using k_1 over (3471197 <= k <= 3471297), with index condition: (sbtest1.k between 3471197 and 3471297)  (cost=48.4 rows=107)


table 2 : explain SELECT k, c FROM sbtest2 WHERE k BETWEEN 3471197 AND 3471297
	-> Index range scan on sbtest2 using k_2 over (3471197 <= k <= 3471297), with index condition: (sbtest2.k between 3471197 and 3471297)  (cost=45.3 rows=100)


table 3 : explain SELECT k, c FROM sbtest3 WHERE k BETWEEN 3471197 AND 3471297
	-> Index range scan on sbtest3 using k_3 over (3471197 <= k <= 3471297), with index condition: (sbtest3.k between 3471197 and 3471297)  (cost=46.6 rows=103)


table 4 : explain SELECT k, c FROM sbtest4 WHERE k BETWEEN 3471197 AND 3471297
	-> Index range scan on sbtest4 using k_4 over (3471197 <= k <= 3471297), with index condition: (sbtest4.k between 3471197 and 3471297)  (cost=43.5 rows=96)


table 5 : explain SELECT k, c FROM sbtest5 WHERE k BETWEEN 3471197 AND 3471297
	-> Index range scan on sbtest5 using k_5 over (3471197 <= k <= 3471297), with index condition: (sbtest5.k between 3471197 and 3471297)  (cost=43 rows=95)


table 6 : explain SELECT k, c FROM sbtest6 WHERE k BETWEEN 3471197 AND 3471297
	-> Index range scan on sbtest6 using k_6 over (3471197 <= k <= 3471297), with index condition: (sbtest6.k between 3471197 and 3471297)  (cost=33.1 rows=73)


table 7 : explain SELECT k, c FROM sbtest7 WHERE k BETWEEN 3471197 AND 3471297
	-> Index range scan on sbtest7 using k_7 over (3471197 <= k <= 3471297), with index condition: (sbtest7.k between 3471197 and 3471297)  (cost=52 rows=115)


table 8 : explain SELECT k, c FROM sbtest8 WHERE k BETWEEN 3471197 AND 3471297
	-> Index range scan on sbtest8 using k_8 over (3471197 <= k <= 3471297), with index condition: (sbtest8.k between 3471197 and 3471297)  (cost=46.2 rows=102)


explain: for range-notcovered :: explain SELECT k, c FROM sbtest%d WHERE k BETWEEN 7765506 AND 7765606
explain: for range-notcovered :: explain SELECT k, c FROM sbtest%d WHERE k BETWEEN 7436497 AND 7436597
for range-notcovered
table 1 : explain SELECT k, c FROM sbtest1 WHERE k BETWEEN 2769307 AND 2769407
	-> Index range scan on sbtest1 using k_1 over (2769307 <= k <= 2769407), with index condition: (sbtest1.k between 2769307 and 2769407)  (cost=44.4 rows=98)


table 2 : explain SELECT k, c FROM sbtest2 WHERE k BETWEEN 2769307 AND 2769407
	-> Index range scan on sbtest2 using k_2 over (2769307 <= k <= 2769407), with index condition: (sbtest2.k between 2769307 and 2769407)  (cost=41.2 rows=91)


table 3 : explain SELECT k, c FROM sbtest3 WHERE k BETWEEN 2769307 AND 2769407
	-> Index range scan on sbtest3 using k_3 over (2769307 <= k <= 2769407), with index condition: (sbtest3.k between 2769307 and 2769407)  (cost=47.5 rows=105)


table 4 : explain SELECT k, c FROM sbtest4 WHERE k BETWEEN 2769307 AND 2769407
	-> Index range scan on sbtest4 using k_4 over (2769307 <= k <= 2769407), with index condition: (sbtest4.k between 2769307 and 2769407)  (cost=45.3 rows=100)


table 5 : explain SELECT k, c FROM sbtest5 WHERE k BETWEEN 2769307 AND 2769407
	-> Index range scan on sbtest5 using k_5 over (2769307 <= k <= 2769407), with index condition: (sbtest5.k between 2769307 and 2769407)  (cost=43 rows=95)


table 6 : explain SELECT k, c FROM sbtest6 WHERE k BETWEEN 2769307 AND 2769407
	-> Index range scan on sbtest6 using k_6 over (2769307 <= k <= 2769407), with index condition: (sbtest6.k between 2769307 and 2769407)  (cost=44.4 rows=98)


table 7 : explain SELECT k, c FROM sbtest7 WHERE k BETWEEN 2769307 AND 2769407
	-> Index range scan on sbtest7 using k_7 over (2769307 <= k <= 2769407), with index condition: (sbtest7.k between 2769307 and 2769407)  (cost=44.4 rows=98)


table 8 : explain SELECT k, c FROM sbtest8 WHERE k BETWEEN 2769307 AND 2769407
	-> Index range scan on sbtest8 using k_8 over (2769307 <= k <= 2769407), with index condition: (sbtest8.k between 2769307 and 2769407)  (cost=44.4 rows=98)

for range-notcovered
table 1 : explain SELECT k, c FROM sbtest1 WHERE k BETWEEN 3025489 AND 3025589
	-> Index range scan on sbtest1 using k_1 over (3025489 <= k <= 3025589), with index condition: (sbtest1.k between 3025489 and 3025589)  (cost=43.5 rows=96)


table 2 : explain SELECT k, c FROM sbtest2 WHERE k BETWEEN 3025489 AND 3025589
	-> Index range scan on sbtest2 using k_2 over (3025489 <= k <= 3025589), with index condition: (sbtest2.k between 3025489 and 3025589)  (cost=51.1 rows=113)


table 3 : explain SELECT k, c FROM sbtest3 WHERE k BETWEEN 3025489 AND 3025589
	-> Index range scan on sbtest3 using k_3 over (3025489 <= k <= 3025589), with index condition: (sbtest3.k between 3025489 and 3025589)  (cost=34.5 rows=76)


table 4 : explain SELECT k, c FROM sbtest4 WHERE k BETWEEN 3025489 AND 3025589
	-> Index range scan on sbtest4 using k_4 over (3025489 <= k <= 3025589), with index condition: (sbtest4.k between 3025489 and 3025589)  (cost=50.2 rows=111)


table 5 : explain SELECT k, c FROM sbtest5 WHERE k BETWEEN 3025489 AND 3025589
	-> Index range scan on sbtest5 using k_5 over (3025489 <= k <= 3025589), with index condition: (sbtest5.k between 3025489 and 3025589)  (cost=43 rows=95)


table 6 : explain SELECT k, c FROM sbtest6 WHERE k BETWEEN 3025489 AND 3025589
	-> Index range scan on sbtest6 using k_6 over (3025489 <= k <= 3025589), with index condition: (sbtest6.k between 3025489 and 3025589)  (cost=39.9 rows=88)


table 7 : explain SELECT k, c FROM sbtest7 WHERE k BETWEEN 3025489 AND 3025589
	-> Index range scan on sbtest7 using k_7 over (3025489 <= k <= 3025589), with index condition: (sbtest7.k between 3025489 and 3025589)  (cost=45.7 rows=101)


table 8 : explain SELECT k, c FROM sbtest8 WHERE k BETWEEN 3025489 AND 3025589
	-> Index range scan on sbtest8 using k_8 over (3025489 <= k <= 3025589), with index condition: (sbtest8.k between 3025489 and 3025589)  (cost=40.8 rows=90)


explain: for range-notcovered :: explain SELECT k, c FROM sbtest%d WHERE k BETWEEN 4399788 AND 4399888
for range-notcovered
table 1 : explain SELECT k, c FROM sbtest1 WHERE k BETWEEN 1300126 AND 1300226
	-> Index range scan on sbtest1 using k_1 over (1300126 <= k <= 1300226), with index condition: (sbtest1.k between 1300126 and 1300226)  (cost=45.3 rows=100)


table 2 : explain SELECT k, c FROM sbtest2 WHERE k BETWEEN 1300126 AND 1300226
	-> Index range scan on sbtest2 using k_2 over (1300126 <= k <= 1300226), with index condition: (sbtest2.k between 1300126 and 1300226)  (cost=44.8 rows=99)


table 3 : explain SELECT k, c FROM sbtest3 WHERE k BETWEEN 1300126 AND 1300226
	-> Index range scan on sbtest3 using k_3 over (1300126 <= k <= 1300226), with index condition: (sbtest3.k between 1300126 and 1300226)  (cost=43.9 rows=97)


table 4 : explain SELECT k, c FROM sbtest4 WHERE k BETWEEN 1300126 AND 1300226
	-> Index range scan on sbtest4 using k_4 over (1300126 <= k <= 1300226), with index condition: (sbtest4.k between 1300126 and 1300226)  (cost=47.5 rows=105)


table 5 : explain SELECT k, c FROM sbtest5 WHERE k BETWEEN 1300126 AND 1300226
	-> Index range scan on sbtest5 using k_5 over (1300126 <= k <= 1300226), with index condition: (sbtest5.k between 1300126 and 1300226)  (cost=51.1 rows=113)


table 6 : explain SELECT k, c FROM sbtest6 WHERE k BETWEEN 1300126 AND 1300226
	-> Index range scan on sbtest6 using k_6 over (1300126 <= k <= 1300226), with index condition: (sbtest6.k between 1300126 and 1300226)  (cost=45.3 rows=100)


table 7 : explain SELECT k, c FROM sbtest7 WHERE k BETWEEN 1300126 AND 1300226
	-> Index range scan on sbtest7 using k_7 over (1300126 <= k <= 1300226), with index condition: (sbtest7.k between 1300126 and 1300226)  (cost=39.9 rows=88)


table 8 : explain SELECT k, c FROM sbtest8 WHERE k BETWEEN 1300126 AND 1300226
	-> Index range scan on sbtest8 using k_8 over (1300126 <= k <= 1300226), with index condition: (sbtest8.k between 1300126 and 1300226)  (cost=39.9 rows=88)


for range-notcovered
table 1 : explain SELECT k, c FROM sbtest1 WHERE k BETWEEN 6448479 AND 6448579
	-> Index range scan on sbtest1 using k_1 over (6448479 <= k <= 6448579), with index condition: (sbtest1.k between 6448479 and 6448579)  (cost=49.3 rows=109)


table 2 : explain SELECT k, c FROM sbtest2 WHERE k BETWEEN 6448479 AND 6448579
	-> Index range scan on sbtest2 using k_2 over (6448479 <= k <= 6448579), with index condition: (sbtest2.k between 6448479 and 6448579)  (cost=45.7 rows=101)


table 3 : explain SELECT k, c FROM sbtest3 WHERE k BETWEEN 6448479 AND 6448579
	-> Index range scan on sbtest3 using k_3 over (6448479 <= k <= 6448579), with index condition: (sbtest3.k between 6448479 and 6448579)  (cost=58.8 rows=130)


table 4 : explain SELECT k, c FROM sbtest4 WHERE k BETWEEN 6448479 AND 6448579
	-> Index range scan on sbtest4 using k_4 over (6448479 <= k <= 6448579), with index condition: (sbtest4.k between 6448479 and 6448579)  (cost=52.9 rows=117)


table 5 : explain SELECT k, c FROM sbtest5 WHERE k BETWEEN 6448479 AND 6448579
	-> Index range scan on sbtest5 using k_5 over (6448479 <= k <= 6448579), with index condition: (sbtest5.k between 6448479 and 6448579)  (cost=39.9 rows=88)


table 6 : explain SELECT k, c FROM sbtest6 WHERE k BETWEEN 6448479 AND 6448579
	-> Index range scan on sbtest6 using k_6 over (6448479 <= k <= 6448579), with index condition: (sbtest6.k between 6448479 and 6448579)  (cost=53.4 rows=118)


table 7 : explain SELECT k, c FROM sbtest7 WHERE k BETWEEN 6448479 AND 6448579
	-> Index range scan on sbtest7 using k_7 over (6448479 <= k <= 6448579), with index condition: (sbtest7.k between 6448479 and 6448579)  (cost=37.6 rows=83)


table 8 : explain SELECT k, c FROM sbtest8 WHERE k BETWEEN 6448479 AND 6448579
	-> Index range scan on sbtest8 using k_8 over (6448479 <= k <= 6448579), with index condition: (sbtest8.k between 6448479 and 6448579)  (cost=40.3 rows=89)


for range-notcovered
table 1 : explain SELECT k, c FROM sbtest1 WHERE k BETWEEN 4743222 AND 4743322
	-> Index range scan on sbtest1 using k_1 over (4743222 <= k <= 4743322), with index condition: (sbtest1.k between 4743222 and 4743322)  (cost=52.5 rows=116)


table 2 : explain SELECT k, c FROM sbtest2 WHERE k BETWEEN 4743222 AND 4743322
	-> Index range scan on sbtest2 using k_2 over (4743222 <= k <= 4743322), with index condition: (sbtest2.k between 4743222 and 4743322)  (cost=42.1 rows=93)


table 3 : explain SELECT k, c FROM sbtest3 WHERE k BETWEEN 4743222 AND 4743322
	-> Index range scan on sbtest3 using k_3 over (4743222 <= k <= 4743322), with index condition: (sbtest3.k between 4743222 and 4743322)  (cost=41.2 rows=91)


table 4 : explain SELECT k, c FROM sbtest4 WHERE k BETWEEN 4743222 AND 4743322
	-> Index range scan on sbtest4 using k_4 over (4743222 <= k <= 4743322), with index condition: (sbtest4.k between 4743222 and 4743322)  (cost=42.1 rows=93)


table 5 : explain SELECT k, c FROM sbtest5 WHERE k BETWEEN 4743222 AND 4743322
	-> Index range scan on sbtest5 using k_5 over (4743222 <= k <= 4743322), with index condition: (sbtest5.k between 4743222 and 4743322)  (cost=51.6 rows=114)


table 6 : explain SELECT k, c FROM sbtest6 WHERE k BETWEEN 4743222 AND 4743322
	-> Index range scan on sbtest6 using k_6 over (4743222 <= k <= 4743322), with index condition: (sbtest6.k between 4743222 and 4743322)  (cost=42.6 rows=94)


table 7 : explain SELECT k, c FROM sbtest7 WHERE k BETWEEN 4743222 AND 4743322
	-> Index range scan on sbtest7 using k_7 over (4743222 <= k <= 4743322), with index condition: (sbtest7.k between 4743222 and 4743322)  (cost=49.8 rows=110)


table 8 : explain SELECT k, c FROM sbtest8 WHERE k BETWEEN 4743222 AND 4743322
	-> Index range scan on sbtest8 using k_8 over (4743222 <= k <= 4743322), with index condition: (sbtest8.k between 4743222 and 4743322)  (cost=43 rows=95)



explain: for range-notcovered :: explain SELECT k, c FROM sbtest%d WHERE k BETWEEN 4132964 AND 4133064
explain: for range-notcovered :: explain SELECT k, c FROM sbtest%d WHERE k BETWEEN 1300126 AND 1300226explain: for range-notcovered :: explain SELECT k, c FROM sbtest%d WHERE k BETWEEN 3471197 AND 3471297
for range-notcovered
table 1 : explain SELECT k, c FROM sbtest1 WHERE k BETWEEN 6156151 AND 6156251
	-> Index range scan on sbtest1 using k_1 over (6156151 <= k <= 6156251), with index condition: (sbtest1.k between 6156151 and 6156251)  (cost=42.1 rows=93)


table 2 : explain SELECT k, c FROM sbtest2 WHERE k BETWEEN 6156151 AND 6156251
	-> Index range scan on sbtest2 using k_2 over (6156151 <= k <= 6156251), with index condition: (sbtest2.k between 6156151 and 6156251)  (cost=44.8 rows=99)


table 3 : explain SELECT k, c FROM sbtest3 WHERE k BETWEEN 6156151 AND 6156251
	-> Index range scan on sbtest3 using k_3 over (6156151 <= k <= 6156251), with index condition: (sbtest3.k between 6156151 and 6156251)  (cost=47.5 rows=105)


table 4 : explain SELECT k, c FROM sbtest4 WHERE k BETWEEN 6156151 AND 6156251
	-> Index range scan on sbtest4 using k_4 over (6156151 <= k <= 6156251), with index condition: (sbtest4.k between 6156151 and 6156251)  (cost=53.4 rows=118)


table 5 : explain SELECT k, c FROM sbtest5 WHERE k BETWEEN 6156151 AND 6156251
	-> Index range scan on sbtest5 using k_5 over (6156151 <= k <= 6156251), with index condition: (sbtest5.k between 6156151 and 6156251)  (cost=47.1 rows=104)


table 6 : explain SELECT k, c FROM sbtest6 WHERE k BETWEEN 6156151 AND 6156251
	-> Index range scan on sbtest6 using k_6 over (6156151 <= k <= 6156251), with index condition: (sbtest6.k between 6156151 and 6156251)  (cost=48.4 rows=107)


table 7 : explain SELECT k, c FROM sbtest7 WHERE k BETWEEN 6156151 AND 6156251
	-> Index range scan on sbtest7 using k_7 over (6156151 <= k <= 6156251), with index condition: (sbtest7.k between 6156151 and 6156251)  (cost=44.4 rows=98)


table 8 : explain SELECT k, c FROM sbtest8 WHERE k BETWEEN 6156151 AND 6156251
	-> Index range scan on sbtest8 using k_8 over (6156151 <= k <= 6156251), with index condition: (sbtest8.k between 6156151 and 6156251)  (cost=47.5 rows=105)


explain: for range-notcovered :: explain SELECT k, c FROM sbtest%d WHERE k BETWEEN 3025489 AND 3025589
explain: for range-notcovered :: explain SELECT k, c FROM sbtest%d WHERE k BETWEEN 4743222 AND 4743322

explain: for range-notcovered :: explain SELECT k, c FROM sbtest%d WHERE k BETWEEN 6448479 AND 6448579for range-notcovered
table 1 : explain SELECT k, c FROM sbtest1 WHERE k BETWEEN 7513703 AND 7513803
	-> Index range scan on sbtest1 using k_1 over (7513703 <= k <= 7513803), with index condition: (sbtest1.k between 7513703 and 7513803)  (cost=46.2 rows=102)


table 2 : explain SELECT k, c FROM sbtest2 WHERE k BETWEEN 7513703 AND 7513803
	-> Index range scan on sbtest2 using k_2 over (7513703 <= k <= 7513803), with index condition: (sbtest2.k between 7513703 and 7513803)  (cost=47.5 rows=105)


table 3 : explain SELECT k, c FROM sbtest3 WHERE k BETWEEN 7513703 AND 7513803
	-> Index range scan on sbtest3 using k_3 over (7513703 <= k <= 7513803), with index condition: (sbtest3.k between 7513703 and 7513803)  (cost=45.3 rows=100)


table 4 : explain SELECT k, c FROM sbtest4 WHERE k BETWEEN 7513703 AND 7513803
	-> Index range scan on sbtest4 using k_4 over (7513703 <= k <= 7513803), with index condition: (sbtest4.k between 7513703 and 7513803)  (cost=50.2 rows=111)


table 5 : explain SELECT k, c FROM sbtest5 WHERE k BETWEEN 7513703 AND 7513803
	-> Index range scan on sbtest5 using k_5 over (7513703 <= k <= 7513803), with index condition: (sbtest5.k between 7513703 and 7513803)  (cost=45.7 rows=101)


table 6 : explain SELECT k, c FROM sbtest6 WHERE k BETWEEN 7513703 AND 7513803
	-> Index range scan on sbtest6 using k_6 over (7513703 <= k <= 7513803), with index condition: (sbtest6.k between 7513703 and 7513803)  (cost=41.7 rows=92)


table 7 : explain SELECT k, c FROM sbtest7 WHERE k BETWEEN 7513703 AND 7513803
	-> Index range scan on sbtest7 using k_7 over (7513703 <= k <= 7513803), with index condition: (sbtest7.k between 7513703 and 7513803)  (cost=45.7 rows=101)


table 8 : explain SELECT k, c FROM sbtest8 WHERE k BETWEEN 7513703 AND 7513803
	-> Index range scan on sbtest8 using k_8 over (7513703 <= k <= 7513803), with index condition: (sbtest8.k between 7513703 and 7513803)  (cost=43 rows=95)

explain: for range-notcovered :: explain SELECT k, c FROM sbtest%d WHERE k BETWEEN 2769307 AND 2769407
for range-notcovered
table 1 : explain SELECT k, c FROM sbtest1 WHERE k BETWEEN 2605401 AND 2605501
	-> Index range scan on sbtest1 using k_1 over (2605401 <= k <= 2605501), with index condition: (sbtest1.k between 2605401 and 2605501)  (cost=60.6 rows=134)


table 2 : explain SELECT k, c FROM sbtest2 WHERE k BETWEEN 2605401 AND 2605501
	-> Index range scan on sbtest2 using k_2 over (2605401 <= k <= 2605501), with index condition: (sbtest2.k between 2605401 and 2605501)  (cost=47.5 rows=105)


table 3 : explain SELECT k, c FROM sbtest3 WHERE k BETWEEN 2605401 AND 2605501
	-> Index range scan on sbtest3 using k_3 over (2605401 <= k <= 2605501), with index condition: (sbtest3.k between 2605401 and 2605501)  (cost=41.7 rows=92)


table 4 : explain SELECT k, c FROM sbtest4 WHERE k BETWEEN 2605401 AND 2605501
	-> Index range scan on sbtest4 using k_4 over (2605401 <= k <= 2605501), with index condition: (sbtest4.k between 2605401 and 2605501)  (cost=43.5 rows=96)


table 5 : explain SELECT k, c FROM sbtest5 WHERE k BETWEEN 2605401 AND 2605501
	-> Index range scan on sbtest5 using k_5 over (2605401 <= k <= 2605501), with index condition: (sbtest5.k between 2605401 and 2605501)  (cost=53.4 rows=118)


table 6 : explain SELECT k, c FROM sbtest6 WHERE k BETWEEN 2605401 AND 2605501
	-> Index range scan on sbtest6 using k_6 over (2605401 <= k <= 2605501), with index condition: (sbtest6.k between 2605401 and 2605501)  (cost=53.8 rows=119)


table 7 : explain SELECT k, c FROM sbtest7 WHERE k BETWEEN 2605401 AND 2605501
	-> Index range scan on sbtest7 using k_7 over (2605401 <= k <= 2605501), with index condition: (sbtest7.k between 2605401 and 2605501)  (cost=42.1 rows=93)


table 8 : explain SELECT k, c FROM sbtest8 WHERE k BETWEEN 2605401 AND 2605501
	-> Index range scan on sbtest8 using k_8 over (2605401 <= k <= 2605501), with index condition: (sbtest8.k between 2605401 and 2605501)  (cost=52.5 rows=116)



for range-notcovered
table 1 : explain SELECT k, c FROM sbtest1 WHERE k BETWEEN 4485144 AND 4485244
	-> Index range scan on sbtest1 using k_1 over (4485144 <= k <= 4485244), with index condition: (sbtest1.k between 4485144 and 4485244)  (cost=49.8 rows=110)


table 2 : explain SELECT k, c FROM sbtest2 WHERE k BETWEEN 4485144 AND 4485244
	-> Index range scan on sbtest2 using k_2 over (4485144 <= k <= 4485244), with index condition: (sbtest2.k between 4485144 and 4485244)  (cost=42.6 rows=94)


table 3 : explain SELECT k, c FROM sbtest3 WHERE k BETWEEN 4485144 AND 4485244
	-> Index range scan on sbtest3 using k_3 over (4485144 <= k <= 4485244), with index condition: (sbtest3.k between 4485144 and 4485244)  (cost=49.8 rows=110)


table 4 : explain SELECT k, c FROM sbtest4 WHERE k BETWEEN 4485144 AND 4485244
	-> Index range scan on sbtest4 using k_4 over (4485144 <= k <= 4485244), with index condition: (sbtest4.k between 4485144 and 4485244)  (cost=38.1 rows=84)


table 5 : explain SELECT k, c FROM sbtest5 WHERE k BETWEEN 4485144 AND 4485244
	-> Index range scan on sbtest5 using k_5 over (4485144 <= k <= 4485244), with index condition: (sbtest5.k between 4485144 and 4485244)  (cost=53.4 rows=118)


table 6 : explain SELECT k, c FROM sbtest6 WHERE k BETWEEN 4485144 AND 4485244
	-> Index range scan on sbtest6 using k_6 over (4485144 <= k <= 4485244), with index condition: (sbtest6.k between 4485144 and 4485244)  (cost=48 rows=106)


table 7 : explain SELECT k, c FROM sbtest7 WHERE k BETWEEN 4485144 AND 4485244
	-> Index range scan on sbtest7 using k_7 over (4485144 <= k <= 4485244), with index condition: (sbtest7.k between 4485144 and 4485244)  (cost=42.6 rows=94)


table 8 : explain SELECT k, c FROM sbtest8 WHERE k BETWEEN 4485144 AND 4485244
	-> Index range scan on sbtest8 using k_8 over (4485144 <= k <= 4485244), with index condition: (sbtest8.k between 4485144 and 4485244)  (cost=46.2 rows=102)

for range-notcovered
table 1 : explain SELECT k, c FROM sbtest1 WHERE k BETWEEN 6799449 AND 6799549
	-> Index range scan on sbtest1 using k_1 over (6799449 <= k <= 6799549), with index condition: (sbtest1.k between 6799449 and 6799549)  (cost=41.2 rows=91)


table 2 : explain SELECT k, c FROM sbtest2 WHERE k BETWEEN 6799449 AND 6799549
	-> Index range scan on sbtest2 using k_2 over (6799449 <= k <= 6799549), with index condition: (sbtest2.k between 6799449 and 6799549)  (cost=49.8 rows=110)


table 3 : explain SELECT k, c FROM sbtest3 WHERE k BETWEEN 6799449 AND 6799549
	-> Index range scan on sbtest3 using k_3 over (6799449 <= k <= 6799549), with index condition: (sbtest3.k between 6799449 and 6799549)  (cost=37.6 rows=83)


table 4 : explain SELECT k, c FROM sbtest4 WHERE k BETWEEN 6799449 AND 6799549
	-> Index range scan on sbtest4 using k_4 over (6799449 <= k <= 6799549), with index condition: (sbtest4.k between 6799449 and 6799549)  (cost=41.7 rows=92)


table 5 : explain SELECT k, c FROM sbtest5 WHERE k BETWEEN 6799449 AND 6799549
	-> Index range scan on sbtest5 using k_5 over (6799449 <= k <= 6799549), with index condition: (sbtest5.k between 6799449 and 6799549)  (cost=39.9 rows=88)


table 6 : explain SELECT k, c FROM sbtest6 WHERE k BETWEEN 6799449 AND 6799549
	-> Index range scan on sbtest6 using k_6 over (6799449 <= k <= 6799549), with index condition: (sbtest6.k between 6799449 and 6799549)  (cost=56.1 rows=124)


table 7 : explain SELECT k, c FROM sbtest7 WHERE k BETWEEN 6799449 AND 6799549
	-> Index range scan on sbtest7 using k_7 over (6799449 <= k <= 6799549), with index condition: (sbtest7.k between 6799449 and 6799549)  (cost=40.8 rows=90)


table 8 : explain SELECT k, c FROM sbtest8 WHERE k BETWEEN 6799449 AND 6799549
	-> Index range scan on sbtest8 using k_8 over (6799449 <= k <= 6799549), with index condition: (sbtest8.k between 6799449 and 6799549)  (cost=54.7 rows=121)


for range-notcovered
table 1 : explain SELECT k, c FROM sbtest1 WHERE k BETWEEN 4579692 AND 4579792
	-> Index range scan on sbtest1 using k_1 over (4579692 <= k <= 4579792), with index condition: (sbtest1.k between 4579692 and 4579792)  (cost=40.3 rows=89)


table 2 : explain SELECT k, c FROM sbtest2 WHERE k BETWEEN 4579692 AND 4579792
	-> Index range scan on sbtest2 using k_2 over (4579692 <= k <= 4579792), with index condition: (sbtest2.k between 4579692 and 4579792)  (cost=45.3 rows=100)


table 3 : explain SELECT k, c FROM sbtest3 WHERE k BETWEEN 4579692 AND 4579792
	-> Index range scan on sbtest3 using k_3 over (4579692 <= k <= 4579792), with index condition: (sbtest3.k between 4579692 and 4579792)  (cost=44.4 rows=98)


table 4 : explain SELECT k, c FROM sbtest4 WHERE k BETWEEN 4579692 AND 4579792
	-> Index range scan on sbtest4 using k_4 over (4579692 <= k <= 4579792), with index condition: (sbtest4.k between 4579692 and 4579792)  (cost=46.6 rows=103)


table 5 : explain SELECT k, c FROM sbtest5 WHERE k BETWEEN 4579692 AND 4579792
	-> Index range scan on sbtest5 using k_5 over (4579692 <= k <= 4579792), with index condition: (sbtest5.k between 4579692 and 4579792)  (cost=50.2 rows=111)


table 6 : explain SELECT k, c FROM sbtest6 WHERE k BETWEEN 4579692 AND 4579792
	-> Index range scan on sbtest6 using k_6 over (4579692 <= k <= 4579792), with index condition: (sbtest6.k between 4579692 and 4579792)  (cost=45.3 rows=100)


table 7 : explain SELECT k, c FROM sbtest7 WHERE k BETWEEN 4579692 AND 4579792
	-> Index range scan on sbtest7 using k_7 over (4579692 <= k <= 4579792), with index condition: (sbtest7.k between 4579692 and 4579792)  (cost=47.5 rows=105)


table 8 : explain SELECT k, c FROM sbtest8 WHERE k BETWEEN 4579692 AND 4579792
	-> Index range scan on sbtest8 using k_8 over (4579692 <= k <= 4579792), with index condition: (sbtest8.k between 4579692 and 4579792)  (cost=46.2 rows=102)


for range-notcovered
table 1 : explain SELECT k, c FROM sbtest1 WHERE k BETWEEN 2974923 AND 2975023
	-> Index range scan on sbtest1 using k_1 over (2974923 <= k <= 2975023), with index condition: (sbtest1.k between 2974923 and 2975023)  (cost=44.8 rows=99)


table 2 : explain SELECT k, c FROM sbtest2 WHERE k BETWEEN 2974923 AND 2975023
	-> Index range scan on sbtest2 using k_2 over (2974923 <= k <= 2975023), with index condition: (sbtest2.k between 2974923 and 2975023)  (cost=51.1 rows=113)


table 3 : explain SELECT k, c FROM sbtest3 WHERE k BETWEEN 2974923 AND 2975023
	-> Index range scan on sbtest3 using k_3 over (2974923 <= k <= 2975023), with index condition: (sbtest3.k between 2974923 and 2975023)  (cost=45.3 rows=100)


table 4 : explain SELECT k, c FROM sbtest4 WHERE k BETWEEN 2974923 AND 2975023
	-> Index range scan on sbtest4 using k_4 over (2974923 <= k <= 2975023), with index condition: (sbtest4.k between 2974923 and 2975023)  (cost=47.5 rows=105)


table 5 : explain SELECT k, c FROM sbtest5 WHERE k BETWEEN 2974923 AND 2975023
	-> Index range scan on sbtest5 using k_5 over (2974923 <= k <= 2975023), with index condition: (sbtest5.k between 2974923 and 2975023)  (cost=39 rows=86)


table 6 : explain SELECT k, c FROM sbtest6 WHERE k BETWEEN 2974923 AND 2975023
	-> Index range scan on sbtest6 using k_6 over (2974923 <= k <= 2975023), with index condition: (sbtest6.k between 2974923 and 2975023)  (cost=40.8 rows=90)


table 7 : explain SELECT k, c FROM sbtest7 WHERE k BETWEEN 2974923 AND 2975023
	-> Index range scan on sbtest7 using k_7 over (2974923 <= k <= 2975023), with index condition: (sbtest7.k between 2974923 and 2975023)  (cost=41.7 rows=92)


table 8 : explain SELECT k, c FROM sbtest8 WHERE k BETWEEN 2974923 AND 2975023
	-> Index range scan on sbtest8 using k_8 over (2974923 <= k <= 2975023), with index condition: (sbtest8.k between 2974923 and 2975023)  (cost=50.2 rows=111)



for range-notcovered
table 1 : explain SELECT k, c FROM sbtest1 WHERE k BETWEEN 2925054 AND 2925154
	-> Index range scan on sbtest1 using k_1 over (2925054 <= k <= 2925154), with index condition: (sbtest1.k between 2925054 and 2925154)  (cost=41.2 rows=91)


table 2 : explain SELECT k, c FROM sbtest2 WHERE k BETWEEN 2925054 AND 2925154
	-> Index range scan on sbtest2 using k_2 over (2925054 <= k <= 2925154), with index condition: (sbtest2.k between 2925054 and 2925154)  (cost=45.7 rows=101)


table 3 : explain SELECT k, c FROM sbtest3 WHERE k BETWEEN 2925054 AND 2925154
	-> Index range scan on sbtest3 using k_3 over (2925054 <= k <= 2925154), with index condition: (sbtest3.k between 2925054 and 2925154)  (cost=46.2 rows=102)


table 4 : explain SELECT k, c FROM sbtest4 WHERE k BETWEEN 2925054 AND 2925154
	-> Index range scan on sbtest4 using k_4 over (2925054 <= k <= 2925154), with index condition: (sbtest4.k between 2925054 and 2925154)  (cost=44.8 rows=99)


table 5 : explain SELECT k, c FROM sbtest5 WHERE k BETWEEN 2925054 AND 2925154
	-> Index range scan on sbtest5 using k_5 over (2925054 <= k <= 2925154), with index condition: (sbtest5.k between 2925054 and 2925154)  (cost=45.7 rows=101)


table 6 : explain SELECT k, c FROM sbtest6 WHERE k BETWEEN 2925054 AND 2925154
	-> Index range scan on sbtest6 using k_6 over (2925054 <= k <= 2925154), with index condition: (sbtest6.k between 2925054 and 2925154)  (cost=41.2 rows=91)


table 7 : explain SELECT k, c FROM sbtest7 WHERE k BETWEEN 2925054 AND 2925154
	-> Index range scan on sbtest7 using k_7 over (2925054 <= k <= 2925154), with index condition: (sbtest7.k between 2925054 and 2925154)  (cost=46.2 rows=102)


table 8 : explain SELECT k, c FROM sbtest8 WHERE k BETWEEN 2925054 AND 2925154
	-> Index range scan on sbtest8 using k_8 over (2925054 <= k <= 2925154), with index condition: (sbtest8.k between 2925054 and 2925154)  (cost=51.6 rows=114)

explain: for range-notcovered :: explain SELECT k, c FROM sbtest%d WHERE k BETWEEN 2605401 AND 2605501explain: for range-notcovered :: explain SELECT k, c FROM sbtest%d WHERE k BETWEEN 6156151 AND 6156251



explain: for range-notcovered :: explain SELECT k, c FROM sbtest%d WHERE k BETWEEN 4579692 AND 4579792
for range-notcovered
table 1 : explain SELECT k, c FROM sbtest1 WHERE k BETWEEN 6684560 AND 6684660
	-> Index range scan on sbtest1 using k_1 over (6684560 <= k <= 6684660), with index condition: (sbtest1.k between 6684560 and 6684660)  (cost=46.6 rows=103)


table 2 : explain SELECT k, c FROM sbtest2 WHERE k BETWEEN 6684560 AND 6684660
	-> Index range scan on sbtest2 using k_2 over (6684560 <= k <= 6684660), with index condition: (sbtest2.k between 6684560 and 6684660)  (cost=42.6 rows=94)


table 3 : explain SELECT k, c FROM sbtest3 WHERE k BETWEEN 6684560 AND 6684660
	-> Index range scan on sbtest3 using k_3 over (6684560 <= k <= 6684660), with index condition: (sbtest3.k between 6684560 and 6684660)  (cost=48.4 rows=107)


table 4 : explain SELECT k, c FROM sbtest4 WHERE k BETWEEN 6684560 AND 6684660
	-> Index range scan on sbtest4 using k_4 over (6684560 <= k <= 6684660), with index condition: (sbtest4.k between 6684560 and 6684660)  (cost=41.2 rows=91)


table 5 : explain SELECT k, c FROM sbtest5 WHERE k BETWEEN 6684560 AND 6684660
	-> Index range scan on sbtest5 using k_5 over (6684560 <= k <= 6684660), with index condition: (sbtest5.k between 6684560 and 6684660)  (cost=48.4 rows=107)


table 6 : explain SELECT k, c FROM sbtest6 WHERE k BETWEEN 6684560 AND 6684660
	-> Index range scan on sbtest6 using k_6 over (6684560 <= k <= 6684660), with index condition: (sbtest6.k between 6684560 and 6684660)  (cost=43.9 rows=97)


table 7 : explain SELECT k, c FROM sbtest7 WHERE k BETWEEN 6684560 AND 6684660
	-> Index range scan on sbtest7 using k_7 over (6684560 <= k <= 6684660), with index condition: (sbtest7.k between 6684560 and 6684660)  (cost=44.8 rows=99)


table 8 : explain SELECT k, c FROM sbtest8 WHERE k BETWEEN 6684560 AND 6684660
	-> Index range scan on sbtest8 using k_8 over (6684560 <= k <= 6684660), with index condition: (sbtest8.k between 6684560 and 6684660)  (cost=48.4 rows=107)

explain: for range-notcovered :: explain SELECT k, c FROM sbtest%d WHERE k BETWEEN 2974923 AND 2975023explain: for range-notcovered :: explain SELECT k, c FROM sbtest%d WHERE k BETWEEN 6799449 AND 6799549for range-notcovered
table 1 : explain SELECT k, c FROM sbtest1 WHERE k BETWEEN 8269975 AND 8270075
	-> Index range scan on sbtest1 using k_1 over (8269975 <= k <= 8270075), with index condition: (sbtest1.k between 8269975 and 8270075)  (cost=43 rows=95)


table 2 : explain SELECT k, c FROM sbtest2 WHERE k BETWEEN 8269975 AND 8270075
	-> Index range scan on sbtest2 using k_2 over (8269975 <= k <= 8270075), with index condition: (sbtest2.k between 8269975 and 8270075)  (cost=41.7 rows=92)


table 3 : explain SELECT k, c FROM sbtest3 WHERE k BETWEEN 8269975 AND 8270075
	-> Index range scan on sbtest3 using k_3 over (8269975 <= k <= 8270075), with index condition: (sbtest3.k between 8269975 and 8270075)  (cost=45.3 rows=100)


table 4 : explain SELECT k, c FROM sbtest4 WHERE k BETWEEN 8269975 AND 8270075
	-> Index range scan on sbtest4 using k_4 over (8269975 <= k <= 8270075), with index condition: (sbtest4.k between 8269975 and 8270075)  (cost=38.1 rows=84)


table 5 : explain SELECT k, c FROM sbtest5 WHERE k BETWEEN 8269975 AND 8270075
	-> Index range scan on sbtest5 using k_5 over (8269975 <= k <= 8270075), with index condition: (sbtest5.k between 8269975 and 8270075)  (cost=40.8 rows=90)


table 6 : explain SELECT k, c FROM sbtest6 WHERE k BETWEEN 8269975 AND 8270075
	-> Index range scan on sbtest6 using k_6 over (8269975 <= k <= 8270075), with index condition: (sbtest6.k between 8269975 and 8270075)  (cost=46.6 rows=103)


table 7 : explain SELECT k, c FROM sbtest7 WHERE k BETWEEN 8269975 AND 8270075
	-> Index range scan on sbtest7 using k_7 over (8269975 <= k <= 8270075), with index condition: (sbtest7.k between 8269975 and 8270075)  (cost=40.3 rows=89)


table 8 : explain SELECT k, c FROM sbtest8 WHERE k BETWEEN 8269975 AND 8270075
	-> Index range scan on sbtest8 using k_8 over (8269975 <= k <= 8270075), with index condition: (sbtest8.k between 8269975 and 8270075)  (cost=48 rows=106)

for range-notcovered
table 1 : explain SELECT k, c FROM sbtest1 WHERE k BETWEEN 5674711 AND 5674811
	-> Index range scan on sbtest1 using k_1 over (5674711 <= k <= 5674811), with index condition: (sbtest1.k between 5674711 and 5674811)  (cost=40.8 rows=90)


table 2 : explain SELECT k, c FROM sbtest2 WHERE k BETWEEN 5674711 AND 5674811
	-> Index range scan on sbtest2 using k_2 over (5674711 <= k <= 5674811), with index condition: (sbtest2.k between 5674711 and 5674811)  (cost=41.2 rows=91)


table 3 : explain SELECT k, c FROM sbtest3 WHERE k BETWEEN 5674711 AND 5674811
	-> Index range scan on sbtest3 using k_3 over (5674711 <= k <= 5674811), with index condition: (sbtest3.k between 5674711 and 5674811)  (cost=48 rows=106)


table 4 : explain SELECT k, c FROM sbtest4 WHERE k BETWEEN 5674711 AND 5674811
	-> Index range scan on sbtest4 using k_4 over (5674711 <= k <= 5674811), with index condition: (sbtest4.k between 5674711 and 5674811)  (cost=52 rows=115)


table 5 : explain SELECT k, c FROM sbtest5 WHERE k BETWEEN 5674711 AND 5674811
	-> Index range scan on sbtest5 using k_5 over (5674711 <= k <= 5674811), with index condition: (sbtest5.k between 5674711 and 5674811)  (cost=54.7 rows=121)


table 6 : explain SELECT k, c FROM sbtest6 WHERE k BETWEEN 5674711 AND 5674811
	-> Index range scan on sbtest6 using k_6 over (5674711 <= k <= 5674811), with index condition: (sbtest6.k between 5674711 and 5674811)  (cost=47.1 rows=104)


table 7 : explain SELECT k, c FROM sbtest7 WHERE k BETWEEN 5674711 AND 5674811
	-> Index range scan on sbtest7 using k_7 over (5674711 <= k <= 5674811), with index condition: (sbtest7.k between 5674711 and 5674811)  (cost=43 rows=95)


table 8 : explain SELECT k, c FROM sbtest8 WHERE k BETWEEN 5674711 AND 5674811
	-> Index range scan on sbtest8 using k_8 over (5674711 <= k <= 5674811), with index condition: (sbtest8.k between 5674711 and 5674811)  (cost=51.1 rows=113)



for range-notcovered
table 1 : explain SELECT k, c FROM sbtest1 WHERE k BETWEEN 4587498 AND 4587598
	-> Index range scan on sbtest1 using k_1 over (4587498 <= k <= 4587598), with index condition: (sbtest1.k between 4587498 and 4587598)  (cost=42.1 rows=93)


table 2 : explain SELECT k, c FROM sbtest2 WHERE k BETWEEN 4587498 AND 4587598
	-> Index range scan on sbtest2 using k_2 over (4587498 <= k <= 4587598), with index condition: (sbtest2.k between 4587498 and 4587598)  (cost=47.5 rows=105)


table 3 : explain SELECT k, c FROM sbtest3 WHERE k BETWEEN 4587498 AND 4587598
	-> Index range scan on sbtest3 using k_3 over (4587498 <= k <= 4587598), with index condition: (sbtest3.k between 4587498 and 4587598)  (cost=39.9 rows=88)


table 4 : explain SELECT k, c FROM sbtest4 WHERE k BETWEEN 4587498 AND 4587598
	-> Index range scan on sbtest4 using k_4 over (4587498 <= k <= 4587598), with index condition: (sbtest4.k between 4587498 and 4587598)  (cost=39.4 rows=87)


table 5 : explain SELECT k, c FROM sbtest5 WHERE k BETWEEN 4587498 AND 4587598
	-> Index range scan on sbtest5 using k_5 over (4587498 <= k <= 4587598), with index condition: (sbtest5.k between 4587498 and 4587598)  (cost=55.2 rows=122)


table 6 : explain SELECT k, c FROM sbtest6 WHERE k BETWEEN 4587498 AND 4587598
	-> Index range scan on sbtest6 using k_6 over (4587498 <= k <= 4587598), with index condition: (sbtest6.k between 4587498 and 4587598)  (cost=48.9 rows=108)


table 7 : explain SELECT k, c FROM sbtest7 WHERE k BETWEEN 4587498 AND 4587598
	-> Index range scan on sbtest7 using k_7 over (4587498 <= k <= 4587598), with index condition: (sbtest7.k between 4587498 and 4587598)  (cost=54.3 rows=120)


table 8 : explain SELECT k, c FROM sbtest8 WHERE k BETWEEN 4587498 AND 4587598
	-> Index range scan on sbtest8 using k_8 over (4587498 <= k <= 4587598), with index condition: (sbtest8.k between 4587498 and 4587598)  (cost=51.6 rows=114)



for range-notcovered
table 1 : explain SELECT k, c FROM sbtest1 WHERE k BETWEEN 8894786 AND 8894886
	-> Index range scan on sbtest1 using k_1 over (8894786 <= k <= 8894886), with index condition: (sbtest1.k between 8894786 and 8894886)  (cost=52 rows=115)


table 2 : explain SELECT k, c FROM sbtest2 WHERE k BETWEEN 8894786 AND 8894886
	-> Index range scan on sbtest2 using k_2 over (8894786 <= k <= 8894886), with index condition: (sbtest2.k between 8894786 and 8894886)  (cost=40.8 rows=90)


table 3 : explain SELECT k, c FROM sbtest3 WHERE k BETWEEN 8894786 AND 8894886
	-> Index range scan on sbtest3 using k_3 over (8894786 <= k <= 8894886), with index condition: (sbtest3.k between 8894786 and 8894886)  (cost=45.7 rows=101)


table 4 : explain SELECT k, c FROM sbtest4 WHERE k BETWEEN 8894786 AND 8894886
	-> Index range scan on sbtest4 using k_4 over (8894786 <= k <= 8894886), with index condition: (sbtest4.k between 8894786 and 8894886)  (cost=39 rows=86)


table 5 : explain SELECT k, c FROM sbtest5 WHERE k BETWEEN 8894786 AND 8894886
	-> Index range scan on sbtest5 using k_5 over (8894786 <= k <= 8894886), with index condition: (sbtest5.k between 8894786 and 8894886)  (cost=42.1 rows=93)


table 6 : explain SELECT k, c FROM sbtest6 WHERE k BETWEEN 8894786 AND 8894886
	-> Index range scan on sbtest6 using k_6 over (8894786 <= k <= 8894886), with index condition: (sbtest6.k between 8894786 and 8894886)  (cost=43 rows=95)


table 7 : explain SELECT k, c FROM sbtest7 WHERE k BETWEEN 8894786 AND 8894886
	-> Index range scan on sbtest7 using k_7 over (8894786 <= k <= 8894886), with index condition: (sbtest7.k between 8894786 and 8894886)  (cost=44.4 rows=98)


table 8 : explain SELECT k, c FROM sbtest8 WHERE k BETWEEN 8894786 AND 8894886
	-> Index range scan on sbtest8 using k_8 over (8894786 <= k <= 8894886), with index condition: (sbtest8.k between 8894786 and 8894886)  (cost=46.6 rows=103)



for range-notcovered
table 1 : explain SELECT k, c FROM sbtest1 WHERE k BETWEEN 4693750 AND 4693850
	-> Index range scan on sbtest1 using k_1 over (4693750 <= k <= 4693850), with index condition: (sbtest1.k between 4693750 and 4693850)  (cost=41.7 rows=92)


table 2 : explain SELECT k, c FROM sbtest2 WHERE k BETWEEN 4693750 AND 4693850
	-> Index range scan on sbtest2 using k_2 over (4693750 <= k <= 4693850), with index condition: (sbtest2.k between 4693750 and 4693850)  (cost=40.8 rows=90)


table 3 : explain SELECT k, c FROM sbtest3 WHERE k BETWEEN 4693750 AND 4693850
	-> Index range scan on sbtest3 using k_3 over (4693750 <= k <= 4693850), with index condition: (sbtest3.k between 4693750 and 4693850)  (cost=46.6 rows=103)


table 4 : explain SELECT k, c FROM sbtest4 WHERE k BETWEEN 4693750 AND 4693850
	-> Index range scan on sbtest4 using k_4 over (4693750 <= k <= 4693850), with index condition: (sbtest4.k between 4693750 and 4693850)  (cost=46.2 rows=102)


table 5 : explain SELECT k, c FROM sbtest5 WHERE k BETWEEN 4693750 AND 4693850
	-> Index range scan on sbtest5 using k_5 over (4693750 <= k <= 4693850), with index condition: (sbtest5.k between 4693750 and 4693850)  (cost=50.2 rows=111)


table 6 : explain SELECT k, c FROM sbtest6 WHERE k BETWEEN 4693750 AND 4693850
	-> Index range scan on sbtest6 using k_6 over (4693750 <= k <= 4693850), with index condition: (sbtest6.k between 4693750 and 4693850)  (cost=38.1 rows=84)


table 7 : explain SELECT k, c FROM sbtest7 WHERE k BETWEEN 4693750 AND 4693850
	-> Index range scan on sbtest7 using k_7 over (4693750 <= k <= 4693850), with index condition: (sbtest7.k between 4693750 and 4693850)  (cost=35.8 rows=79)


table 8 : explain SELECT k, c FROM sbtest8 WHERE k BETWEEN 4693750 AND 4693850
	-> Index range scan on sbtest8 using k_8 over (4693750 <= k <= 4693850), with index condition: (sbtest8.k between 4693750 and 4693850)  (cost=40.3 rows=89)



explain: for range-notcovered :: explain SELECT k, c FROM sbtest%d WHERE k BETWEEN 6684560 AND 6684660for range-notcovered
table 1 : explain SELECT k, c FROM sbtest1 WHERE k BETWEEN 4742653 AND 4742753
	-> Index range scan on sbtest1 using k_1 over (4742653 <= k <= 4742753), with index condition: (sbtest1.k between 4742653 and 4742753)  (cost=46.2 rows=102)


table 2 : explain SELECT k, c FROM sbtest2 WHERE k BETWEEN 4742653 AND 4742753
	-> Index range scan on sbtest2 using k_2 over (4742653 <= k <= 4742753), with index condition: (sbtest2.k between 4742653 and 4742753)  (cost=44.8 rows=99)


table 3 : explain SELECT k, c FROM sbtest3 WHERE k BETWEEN 4742653 AND 4742753
	-> Index range scan on sbtest3 using k_3 over (4742653 <= k <= 4742753), with index condition: (sbtest3.k between 4742653 and 4742753)  (cost=37.6 rows=83)


table 4 : explain SELECT k, c FROM sbtest4 WHERE k BETWEEN 4742653 AND 4742753
	-> Index range scan on sbtest4 using k_4 over (4742653 <= k <= 4742753), with index condition: (sbtest4.k between 4742653 and 4742753)  (cost=39.9 rows=88)


table 5 : explain SELECT k, c FROM sbtest5 WHERE k BETWEEN 4742653 AND 4742753
	-> Index range scan on sbtest5 using k_5 over (4742653 <= k <= 4742753), with index condition: (sbtest5.k between 4742653 and 4742753)  (cost=55.2 rows=122)


table 6 : explain SELECT k, c FROM sbtest6 WHERE k BETWEEN 4742653 AND 4742753
	-> Index range scan on sbtest6 using k_6 over (4742653 <= k <= 4742753), with index condition: (sbtest6.k between 4742653 and 4742753)  (cost=44.4 rows=98)


table 7 : explain SELECT k, c FROM sbtest7 WHERE k BETWEEN 4742653 AND 4742753
	-> Index range scan on sbtest7 using k_7 over (4742653 <= k <= 4742753), with index condition: (sbtest7.k between 4742653 and 4742753)  (cost=43.9 rows=97)


table 8 : explain SELECT k, c FROM sbtest8 WHERE k BETWEEN 4742653 AND 4742753
	-> Index range scan on sbtest8 using k_8 over (4742653 <= k <= 4742753), with index condition: (sbtest8.k between 4742653 and 4742753)  (cost=43.9 rows=97)


explain: for range-notcovered :: explain SELECT k, c FROM sbtest%d WHERE k BETWEEN 7513703 AND 7513803for range-notcovered
table 1 : explain SELECT k, c FROM sbtest1 WHERE k BETWEEN 6797604 AND 6797704
	-> Index range scan on sbtest1 using k_1 over (6797604 <= k <= 6797704), with index condition: (sbtest1.k between 6797604 and 6797704)  (cost=42.1 rows=93)


table 2 : explain SELECT k, c FROM sbtest2 WHERE k BETWEEN 6797604 AND 6797704
	-> Index range scan on sbtest2 using k_2 over (6797604 <= k <= 6797704), with index condition: (sbtest2.k between 6797604 and 6797704)  (cost=43 rows=95)


table 3 : explain SELECT k, c FROM sbtest3 WHERE k BETWEEN 6797604 AND 6797704
	-> Index range scan on sbtest3 using k_3 over (6797604 <= k <= 6797704), with index condition: (sbtest3.k between 6797604 and 6797704)  (cost=50.7 rows=112)


table 4 : explain SELECT k, c FROM sbtest4 WHERE k BETWEEN 6797604 AND 6797704
	-> Index range scan on sbtest4 using k_4 over (6797604 <= k <= 6797704), with index condition: (sbtest4.k between 6797604 and 6797704)  (cost=40.3 rows=89)


table 5 : explain SELECT k, c FROM sbtest5 WHERE k BETWEEN 6797604 AND 6797704
	-> Index range scan on sbtest5 using k_5 over (6797604 <= k <= 6797704), with index condition: (sbtest5.k between 6797604 and 6797704)  (cost=42.1 rows=93)


table 6 : explain SELECT k, c FROM sbtest6 WHERE k BETWEEN 6797604 AND 6797704
	-> Index range scan on sbtest6 using k_6 over (6797604 <= k <= 6797704), with index condition: (sbtest6.k between 6797604 and 6797704)  (cost=47.5 rows=105)


table 7 : explain SELECT k, c FROM sbtest7 WHERE k BETWEEN 6797604 AND 6797704
	-> Index range scan on sbtest7 using k_7 over (6797604 <= k <= 6797704), with index condition: (sbtest7.k between 6797604 and 6797704)  (cost=47.5 rows=105)


table 8 : explain SELECT k, c FROM sbtest8 WHERE k BETWEEN 6797604 AND 6797704
	-> Index range scan on sbtest8 using k_8 over (6797604 <= k <= 6797704), with index condition: (sbtest8.k between 6797604 and 6797704)  (cost=42.6 rows=94)


for range-notcovered
table 1 : explain SELECT k, c FROM sbtest1 WHERE k BETWEEN 1773117 AND 1773217
	-> Index range scan on sbtest1 using k_1 over (1773117 <= k <= 1773217), with index condition: (sbtest1.k between 1773117 and 1773217)  (cost=41.7 rows=92)


table 2 : explain SELECT k, c FROM sbtest2 WHERE k BETWEEN 1773117 AND 1773217
	-> Index range scan on sbtest2 using k_2 over (1773117 <= k <= 1773217), with index condition: (sbtest2.k between 1773117 and 1773217)  (cost=45.3 rows=100)


table 3 : explain SELECT k, c FROM sbtest3 WHERE k BETWEEN 1773117 AND 1773217
	-> Index range scan on sbtest3 using k_3 over (1773117 <= k <= 1773217), with index condition: (sbtest3.k between 1773117 and 1773217)  (cost=47.5 rows=105)


table 4 : explain SELECT k, c FROM sbtest4 WHERE k BETWEEN 1773117 AND 1773217
	-> Index range scan on sbtest4 using k_4 over (1773117 <= k <= 1773217), with index condition: (sbtest4.k between 1773117 and 1773217)  (cost=42.6 rows=94)


table 5 : explain SELECT k, c FROM sbtest5 WHERE k BETWEEN 1773117 AND 1773217
	-> Index range scan on sbtest5 using k_5 over (1773117 <= k <= 1773217), with index condition: (sbtest5.k between 1773117 and 1773217)  (cost=48.9 rows=108)


table 6 : explain SELECT k, c FROM sbtest6 WHERE k BETWEEN 1773117 AND 1773217
	-> Index range scan on sbtest6 using k_6 over (1773117 <= k <= 1773217), with index condition: (sbtest6.k between 1773117 and 1773217)  (cost=48.4 rows=107)


table 7 : explain SELECT k, c FROM sbtest7 WHERE k BETWEEN 1773117 AND 1773217
	-> Index range scan on sbtest7 using k_7 over (1773117 <= k <= 1773217), with index condition: (sbtest7.k between 1773117 and 1773217)  (cost=46.6 rows=103)


table 8 : explain SELECT k, c FROM sbtest8 WHERE k BETWEEN 1773117 AND 1773217
	-> Index range scan on sbtest8 using k_8 over (1773117 <= k <= 1773217), with index condition: (sbtest8.k between 1773117 and 1773217)  (cost=43 rows=95)


for range-notcovered
table 1 : explain SELECT k, c FROM sbtest1 WHERE k BETWEEN 6119662 AND 6119762
	-> Index range scan on sbtest1 using k_1 over (6119662 <= k <= 6119762), with index condition: (sbtest1.k between 6119662 and 6119762)  (cost=47.5 rows=105)


table 2 : explain SELECT k, c FROM sbtest2 WHERE k BETWEEN 6119662 AND 6119762
	-> Index range scan on sbtest2 using k_2 over (6119662 <= k <= 6119762), with index condition: (sbtest2.k between 6119662 and 6119762)  (cost=50.2 rows=111)


table 3 : explain SELECT k, c FROM sbtest3 WHERE k BETWEEN 6119662 AND 6119762
	-> Index range scan on sbtest3 using k_3 over (6119662 <= k <= 6119762), with index condition: (sbtest3.k between 6119662 and 6119762)  (cost=48 rows=106)


table 4 : explain SELECT k, c FROM sbtest4 WHERE k BETWEEN 6119662 AND 6119762
	-> Index range scan on sbtest4 using k_4 over (6119662 <= k <= 6119762), with index condition: (sbtest4.k between 6119662 and 6119762)  (cost=48 rows=106)


table 5 : explain SELECT k, c FROM sbtest5 WHERE k BETWEEN 6119662 AND 6119762
	-> Index range scan on sbtest5 using k_5 over (6119662 <= k <= 6119762), with index condition: (sbtest5.k between 6119662 and 6119762)  (cost=43 rows=95)


table 6 : explain SELECT k, c FROM sbtest6 WHERE k BETWEEN 6119662 AND 6119762
	-> Index range scan on sbtest6 using k_6 over (6119662 <= k <= 6119762), with index condition: (sbtest6.k between 6119662 and 6119762)  (cost=41.2 rows=91)


table 7 : explain SELECT k, c FROM sbtest7 WHERE k BETWEEN 6119662 AND 6119762
	-> Index range scan on sbtest7 using k_7 over (6119662 <= k <= 6119762), with index condition: (sbtest7.k between 6119662 and 6119762)  (cost=49.3 rows=109)


table 8 : explain SELECT k, c FROM sbtest8 WHERE k BETWEEN 6119662 AND 6119762
	-> Index range scan on sbtest8 using k_8 over (6119662 <= k <= 6119762), with index condition: (sbtest8.k between 6119662 and 6119762)  (cost=52.5 rows=116)

for range-notcovered
table 1 : explain SELECT k, c FROM sbtest1 WHERE k BETWEEN 5340685 AND 5340785
	-> Index range scan on sbtest1 using k_1 over (5340685 <= k <= 5340785), with index condition: (sbtest1.k between 5340685 and 5340785)  (cost=42.1 rows=93)


table 2 : explain SELECT k, c FROM sbtest2 WHERE k BETWEEN 5340685 AND 5340785
	-> Index range scan on sbtest2 using k_2 over (5340685 <= k <= 5340785), with index condition: (sbtest2.k between 5340685 and 5340785)  (cost=46.2 rows=102)


table 3 : explain SELECT k, c FROM sbtest3 WHERE k BETWEEN 5340685 AND 5340785
	-> Index range scan on sbtest3 using k_3 over (5340685 <= k <= 5340785), with index condition: (sbtest3.k between 5340685 and 5340785)  (cost=40.8 rows=90)


table 4 : explain SELECT k, c FROM sbtest4 WHERE k BETWEEN 5340685 AND 5340785
	-> Index range scan on sbtest4 using k_4 over (5340685 <= k <= 5340785), with index condition: (sbtest4.k between 5340685 and 5340785)  (cost=48.9 rows=108)


table 5 : explain SELECT k, c FROM sbtest5 WHERE k BETWEEN 5340685 AND 5340785
	-> Index range scan on sbtest5 using k_5 over (5340685 <= k <= 5340785), with index condition: (sbtest5.k between 5340685 and 5340785)  (cost=38.5 rows=85)


table 6 : explain SELECT k, c FROM sbtest6 WHERE k BETWEEN 5340685 AND 5340785
	-> Index range scan on sbtest6 using k_6 over (5340685 <= k <= 5340785), with index condition: (sbtest6.k between 5340685 and 5340785)  (cost=49.3 rows=109)


table 7 : explain SELECT k, c FROM sbtest7 WHERE k BETWEEN 5340685 AND 5340785
	-> Index range scan on sbtest7 using k_7 over (5340685 <= k <= 5340785), with index condition: (sbtest7.k between 5340685 and 5340785)  (cost=48 rows=106)


table 8 : explain SELECT k, c FROM sbtest8 WHERE k BETWEEN 5340685 AND 5340785
	-> Index range scan on sbtest8 using k_8 over (5340685 <= k <= 5340785), with index condition: (sbtest8.k between 5340685 and 5340785)  (cost=42.1 rows=93)

explain: for range-notcovered :: explain SELECT k, c FROM sbtest%d WHERE k BETWEEN 4587498 AND 4587598
explain: for range-notcovered :: explain SELECT k, c FROM sbtest%d WHERE k BETWEEN 4485144 AND 4485244explain: for range-notcovered :: explain SELECT k, c FROM sbtest%d WHERE k BETWEEN 2925054 AND 2925154
explain: for range-notcovered :: explain SELECT k, c FROM sbtest%d WHERE k BETWEEN 8894786 AND 8894886
explain: for range-notcovered :: explain SELECT k, c FROM sbtest%d WHERE k BETWEEN 4693750 AND 4693850for range-notcovered
table 1 : explain SELECT k, c FROM sbtest1 WHERE k BETWEEN 6357521 AND 6357621
	-> Index range scan on sbtest1 using k_1 over (6357521 <= k <= 6357621), with index condition: (sbtest1.k between 6357521 and 6357621)  (cost=52.5 rows=116)


table 2 : explain SELECT k, c FROM sbtest2 WHERE k BETWEEN 6357521 AND 6357621
	-> Index range scan on sbtest2 using k_2 over (6357521 <= k <= 6357621), with index condition: (sbtest2.k between 6357521 and 6357621)  (cost=43.5 rows=96)


table 3 : explain SELECT k, c FROM sbtest3 WHERE k BETWEEN 6357521 AND 6357621
	-> Index range scan on sbtest3 using k_3 over (6357521 <= k <= 6357621), with index condition: (sbtest3.k between 6357521 and 6357621)  (cost=45.7 rows=101)


table 4 : explain SELECT k, c FROM sbtest4 WHERE k BETWEEN 6357521 AND 6357621
	-> Index range scan on sbtest4 using k_4 over (6357521 <= k <= 6357621), with index condition: (sbtest4.k between 6357521 and 6357621)  (cost=43 rows=95)


table 5 : explain SELECT k, c FROM sbtest5 WHERE k BETWEEN 6357521 AND 6357621
	-> Index range scan on sbtest5 using k_5 over (6357521 <= k <= 6357621), with index condition: (sbtest5.k between 6357521 and 6357621)  (cost=49.8 rows=110)


table 6 : explain SELECT k, c FROM sbtest6 WHERE k BETWEEN 6357521 AND 6357621
	-> Index range scan on sbtest6 using k_6 over (6357521 <= k <= 6357621), with index condition: (sbtest6.k between 6357521 and 6357621)  (cost=41.7 rows=92)


table 7 : explain SELECT k, c FROM sbtest7 WHERE k BETWEEN 6357521 AND 6357621
	-> Index range scan on sbtest7 using k_7 over (6357521 <= k <= 6357621), with index condition: (sbtest7.k between 6357521 and 6357621)  (cost=48 rows=106)


table 8 : explain SELECT k, c FROM sbtest8 WHERE k BETWEEN 6357521 AND 6357621
	-> Index range scan on sbtest8 using k_8 over (6357521 <= k <= 6357621), with index condition: (sbtest8.k between 6357521 and 6357621)  (cost=40.3 rows=89)

for range-notcovered
table 1 : explain SELECT k, c FROM sbtest1 WHERE k BETWEEN 6652235 AND 6652335
	-> Index range scan on sbtest1 using k_1 over (6652235 <= k <= 6652335), with index condition: (sbtest1.k between 6652235 and 6652335)  (cost=42.6 rows=94)


table 2 : explain SELECT k, c FROM sbtest2 WHERE k BETWEEN 6652235 AND 6652335
	-> Index range scan on sbtest2 using k_2 over (6652235 <= k <= 6652335), with index condition: (sbtest2.k between 6652235 and 6652335)  (cost=50.2 rows=111)


table 3 : explain SELECT k, c FROM sbtest3 WHERE k BETWEEN 6652235 AND 6652335
	-> Index range scan on sbtest3 using k_3 over (6652235 <= k <= 6652335), with index condition: (sbtest3.k between 6652235 and 6652335)  (cost=43.5 rows=96)


table 4 : explain SELECT k, c FROM sbtest4 WHERE k BETWEEN 6652235 AND 6652335
	-> Index range scan on sbtest4 using k_4 over (6652235 <= k <= 6652335), with index condition: (sbtest4.k between 6652235 and 6652335)  (cost=48 rows=106)


table 5 : explain SELECT k, c FROM sbtest5 WHERE k BETWEEN 6652235 AND 6652335
	-> Index range scan on sbtest5 using k_5 over (6652235 <= k <= 6652335), with index condition: (sbtest5.k between 6652235 and 6652335)  (cost=42.1 rows=93)


table 6 : explain SELECT k, c FROM sbtest6 WHERE k BETWEEN 6652235 AND 6652335
	-> Index range scan on sbtest6 using k_6 over (6652235 <= k <= 6652335), with index condition: (sbtest6.k between 6652235 and 6652335)  (cost=41.2 rows=91)


table 7 : explain SELECT k, c FROM sbtest7 WHERE k BETWEEN 6652235 AND 6652335
	-> Index range scan on sbtest7 using k_7 over (6652235 <= k <= 6652335), with index condition: (sbtest7.k between 6652235 and 6652335)  (cost=44.8 rows=99)


table 8 : explain SELECT k, c FROM sbtest8 WHERE k BETWEEN 6652235 AND 6652335
	-> Index range scan on sbtest8 using k_8 over (6652235 <= k <= 6652335), with index condition: (sbtest8.k between 6652235 and 6652335)  (cost=43.5 rows=96)






for range-notcovered
table 1 : explain SELECT k, c FROM sbtest1 WHERE k BETWEEN 5415594 AND 5415694
	-> Index range scan on sbtest1 using k_1 over (5415594 <= k <= 5415694), with index condition: (sbtest1.k between 5415594 and 5415694)  (cost=45.3 rows=100)


table 2 : explain SELECT k, c FROM sbtest2 WHERE k BETWEEN 5415594 AND 5415694
	-> Index range scan on sbtest2 using k_2 over (5415594 <= k <= 5415694), with index condition: (sbtest2.k between 5415594 and 5415694)  (cost=50.7 rows=112)


table 3 : explain SELECT k, c FROM sbtest3 WHERE k BETWEEN 5415594 AND 5415694
	-> Index range scan on sbtest3 using k_3 over (5415594 <= k <= 5415694), with index condition: (sbtest3.k between 5415594 and 5415694)  (cost=39.4 rows=87)


table 4 : explain SELECT k, c FROM sbtest4 WHERE k BETWEEN 5415594 AND 5415694
	-> Index range scan on sbtest4 using k_4 over (5415594 <= k <= 5415694), with index condition: (sbtest4.k between 5415594 and 5415694)  (cost=40.3 rows=89)


table 5 : explain SELECT k, c FROM sbtest5 WHERE k BETWEEN 5415594 AND 5415694
	-> Index range scan on sbtest5 using k_5 over (5415594 <= k <= 5415694), with index condition: (sbtest5.k between 5415594 and 5415694)  (cost=46.2 rows=102)


table 6 : explain SELECT k, c FROM sbtest6 WHERE k BETWEEN 5415594 AND 5415694
	-> Index range scan on sbtest6 using k_6 over (5415594 <= k <= 5415694), with index condition: (sbtest6.k between 5415594 and 5415694)  (cost=50.2 rows=111)


table 7 : explain SELECT k, c FROM sbtest7 WHERE k BETWEEN 5415594 AND 5415694
	-> Index range scan on sbtest7 using k_7 over (5415594 <= k <= 5415694), with index condition: (sbtest7.k between 5415594 and 5415694)  (cost=45.7 rows=101)


table 8 : explain SELECT k, c FROM sbtest8 WHERE k BETWEEN 5415594 AND 5415694
	-> Index range scan on sbtest8 using k_8 over (5415594 <= k <= 5415694), with index condition: (sbtest8.k between 5415594 and 5415694)  (cost=46.6 rows=103)


explain: for range-notcovered :: explain SELECT k, c FROM sbtest%d WHERE k BETWEEN 4742653 AND 4742753explain: for range-notcovered :: explain SELECT k, c FROM sbtest%d WHERE k BETWEEN 6797604 AND 6797704
explain: for range-notcovered :: explain SELECT k, c FROM sbtest%d WHERE k BETWEEN 6652235 AND 6652335
explain: for range-notcovered :: explain SELECT k, c FROM sbtest%d WHERE k BETWEEN 1773117 AND 1773217
explain: for range-notcovered :: explain SELECT k, c FROM sbtest%d WHERE k BETWEEN 8269975 AND 8270075for range-notcovered
table 1 : explain SELECT k, c FROM sbtest1 WHERE k BETWEEN 4037229 AND 4037329
	-> Index range scan on sbtest1 using k_1 over (4037229 <= k <= 4037329), with index condition: (sbtest1.k between 4037229 and 4037329)  (cost=41.7 rows=92)


table 2 : explain SELECT k, c FROM sbtest2 WHERE k BETWEEN 4037229 AND 4037329
	-> Index range scan on sbtest2 using k_2 over (4037229 <= k <= 4037329), with index condition: (sbtest2.k between 4037229 and 4037329)  (cost=47.5 rows=105)


table 3 : explain SELECT k, c FROM sbtest3 WHERE k BETWEEN 4037229 AND 4037329
	-> Index range scan on sbtest3 using k_3 over (4037229 <= k <= 4037329), with index condition: (sbtest3.k between 4037229 and 4037329)  (cost=46.2 rows=102)


table 4 : explain SELECT k, c FROM sbtest4 WHERE k BETWEEN 4037229 AND 4037329
	-> Index range scan on sbtest4 using k_4 over (4037229 <= k <= 4037329), with index condition: (sbtest4.k between 4037229 and 4037329)  (cost=42.1 rows=93)


table 5 : explain SELECT k, c FROM sbtest5 WHERE k BETWEEN 4037229 AND 4037329
	-> Index range scan on sbtest5 using k_5 over (4037229 <= k <= 4037329), with index condition: (sbtest5.k between 4037229 and 4037329)  (cost=42.6 rows=94)


table 6 : explain SELECT k, c FROM sbtest6 WHERE k BETWEEN 4037229 AND 4037329
	-> Index range scan on sbtest6 using k_6 over (4037229 <= k <= 4037329), with index condition: (sbtest6.k between 4037229 and 4037329)  (cost=37.6 rows=83)


table 7 : explain SELECT k, c FROM sbtest7 WHERE k BETWEEN 4037229 AND 4037329
	-> Index range scan on sbtest7 using k_7 over (4037229 <= k <= 4037329), with index condition: (sbtest7.k between 4037229 and 4037329)  (cost=34.9 rows=77)


table 8 : explain SELECT k, c FROM sbtest8 WHERE k BETWEEN 4037229 AND 4037329
	-> Index range scan on sbtest8 using k_8 over (4037229 <= k <= 4037329), with index condition: (sbtest8.k between 4037229 and 4037329)  (cost=48 rows=106)

for range-notcovered
table 1 : explain SELECT k, c FROM sbtest1 WHERE k BETWEEN 7267870 AND 7267970
	-> Index range scan on sbtest1 using k_1 over (7267870 <= k <= 7267970), with index condition: (sbtest1.k between 7267870 and 7267970)  (cost=45.3 rows=100)


table 2 : explain SELECT k, c FROM sbtest2 WHERE k BETWEEN 7267870 AND 7267970
	-> Index range scan on sbtest2 using k_2 over (7267870 <= k <= 7267970), with index condition: (sbtest2.k between 7267870 and 7267970)  (cost=52 rows=115)


table 3 : explain SELECT k, c FROM sbtest3 WHERE k BETWEEN 7267870 AND 7267970
	-> Index range scan on sbtest3 using k_3 over (7267870 <= k <= 7267970), with index condition: (sbtest3.k between 7267870 and 7267970)  (cost=48.9 rows=108)


table 4 : explain SELECT k, c FROM sbtest4 WHERE k BETWEEN 7267870 AND 7267970
	-> Index range scan on sbtest4 using k_4 over (7267870 <= k <= 7267970), with index condition: (sbtest4.k between 7267870 and 7267970)  (cost=48.4 rows=107)


table 5 : explain SELECT k, c FROM sbtest5 WHERE k BETWEEN 7267870 AND 7267970
	-> Index range scan on sbtest5 using k_5 over (7267870 <= k <= 7267970), with index condition: (sbtest5.k between 7267870 and 7267970)  (cost=43.9 rows=97)


table 6 : explain SELECT k, c FROM sbtest6 WHERE k BETWEEN 7267870 AND 7267970
	-> Index range scan on sbtest6 using k_6 over (7267870 <= k <= 7267970), with index condition: (sbtest6.k between 7267870 and 7267970)  (cost=44.8 rows=99)


table 7 : explain SELECT k, c FROM sbtest7 WHERE k BETWEEN 7267870 AND 7267970
	-> Index range scan on sbtest7 using k_7 over (7267870 <= k <= 7267970), with index condition: (sbtest7.k between 7267870 and 7267970)  (cost=58.8 rows=130)


table 8 : explain SELECT k, c FROM sbtest8 WHERE k BETWEEN 7267870 AND 7267970
	-> Index range scan on sbtest8 using k_8 over (7267870 <= k <= 7267970), with index condition: (sbtest8.k between 7267870 and 7267970)  (cost=46.2 rows=102)


for range-notcovered
table 1 : explain SELECT k, c FROM sbtest1 WHERE k BETWEEN 7765506 AND 7765606
	-> Index range scan on sbtest1 using k_1 over (7765506 <= k <= 7765606), with index condition: (sbtest1.k between 7765506 and 7765606)  (cost=51.1 rows=113)


table 2 : explain SELECT k, c FROM sbtest2 WHERE k BETWEEN 7765506 AND 7765606
	-> Index range scan on sbtest2 using k_2 over (7765506 <= k <= 7765606), with index condition: (sbtest2.k between 7765506 and 7765606)  (cost=52.9 rows=117)


table 3 : explain SELECT k, c FROM sbtest3 WHERE k BETWEEN 7765506 AND 7765606
	-> Index range scan on sbtest3 using k_3 over (7765506 <= k <= 7765606), with index condition: (sbtest3.k between 7765506 and 7765606)  (cost=49.8 rows=110)


table 4 : explain SELECT k, c FROM sbtest4 WHERE k BETWEEN 7765506 AND 7765606
	-> Index range scan on sbtest4 using k_4 over (7765506 <= k <= 7765606), with index condition: (sbtest4.k between 7765506 and 7765606)  (cost=42.1 rows=93)


table 5 : explain SELECT k, c FROM sbtest5 WHERE k BETWEEN 7765506 AND 7765606
	-> Index range scan on sbtest5 using k_5 over (7765506 <= k <= 7765606), with index condition: (sbtest5.k between 7765506 and 7765606)  (cost=51.6 rows=114)


table 6 : explain SELECT k, c FROM sbtest6 WHERE k BETWEEN 7765506 AND 7765606
	-> Index range scan on sbtest6 using k_6 over (7765506 <= k <= 7765606), with index condition: (sbtest6.k between 7765506 and 7765606)  (cost=44.4 rows=98)


table 7 : explain SELECT k, c FROM sbtest7 WHERE k BETWEEN 7765506 AND 7765606
	-> Index range scan on sbtest7 using k_7 over (7765506 <= k <= 7765606), with index condition: (sbtest7.k between 7765506 and 7765606)  (cost=42.6 rows=94)


table 8 : explain SELECT k, c FROM sbtest8 WHERE k BETWEEN 7765506 AND 7765606
	-> Index range scan on sbtest8 using k_8 over (7765506 <= k <= 7765606), with index condition: (sbtest8.k between 7765506 and 7765606)  (cost=48 rows=106)


for range-notcovered
table 1 : explain SELECT k, c FROM sbtest1 WHERE k BETWEEN 1703319 AND 1703419
	-> Index range scan on sbtest1 using k_1 over (1703319 <= k <= 1703419), with index condition: (sbtest1.k between 1703319 and 1703419)  (cost=45.3 rows=100)


table 2 : explain SELECT k, c FROM sbtest2 WHERE k BETWEEN 1703319 AND 1703419
	-> Index range scan on sbtest2 using k_2 over (1703319 <= k <= 1703419), with index condition: (sbtest2.k between 1703319 and 1703419)  (cost=43.5 rows=96)


table 3 : explain SELECT k, c FROM sbtest3 WHERE k BETWEEN 1703319 AND 1703419
	-> Index range scan on sbtest3 using k_3 over (1703319 <= k <= 1703419), with index condition: (sbtest3.k between 1703319 and 1703419)  (cost=54.7 rows=121)


table 4 : explain SELECT k, c FROM sbtest4 WHERE k BETWEEN 1703319 AND 1703419
	-> Index range scan on sbtest4 using k_4 over (1703319 <= k <= 1703419), with index condition: (sbtest4.k between 1703319 and 1703419)  (cost=46.2 rows=102)


table 5 : explain SELECT k, c FROM sbtest5 WHERE k BETWEEN 1703319 AND 1703419
	-> Index range scan on sbtest5 using k_5 over (1703319 <= k <= 1703419), with index condition: (sbtest5.k between 1703319 and 1703419)  (cost=41.2 rows=91)


table 6 : explain SELECT k, c FROM sbtest6 WHERE k BETWEEN 1703319 AND 1703419
	-> Index range scan on sbtest6 using k_6 over (1703319 <= k <= 1703419), with index condition: (sbtest6.k between 1703319 and 1703419)  (cost=42.6 rows=94)


table 7 : explain SELECT k, c FROM sbtest7 WHERE k BETWEEN 1703319 AND 1703419
	-> Index range scan on sbtest7 using k_7 over (1703319 <= k <= 1703419), with index condition: (sbtest7.k between 1703319 and 1703419)  (cost=39.9 rows=88)


table 8 : explain SELECT k, c FROM sbtest8 WHERE k BETWEEN 1703319 AND 1703419
	-> Index range scan on sbtest8 using k_8 over (1703319 <= k <= 1703419), with index condition: (sbtest8.k between 1703319 and 1703419)  (cost=40.8 rows=90)


for range-notcovered
table 1 : explain SELECT k, c FROM sbtest1 WHERE k BETWEEN 4399788 AND 4399888
	-> Index range scan on sbtest1 using k_1 over (4399788 <= k <= 4399888), with index condition: (sbtest1.k between 4399788 and 4399888)  (cost=46.6 rows=103)


table 2 : explain SELECT k, c FROM sbtest2 WHERE k BETWEEN 4399788 AND 4399888
	-> Index range scan on sbtest2 using k_2 over (4399788 <= k <= 4399888), with index condition: (sbtest2.k between 4399788 and 4399888)  (cost=44.8 rows=99)


table 3 : explain SELECT k, c FROM sbtest3 WHERE k BETWEEN 4399788 AND 4399888
	-> Index range scan on sbtest3 using k_3 over (4399788 <= k <= 4399888), with index condition: (sbtest3.k between 4399788 and 4399888)  (cost=52.9 rows=117)


table 4 : explain SELECT k, c FROM sbtest4 WHERE k BETWEEN 4399788 AND 4399888
	-> Index range scan on sbtest4 using k_4 over (4399788 <= k <= 4399888), with index condition: (sbtest4.k between 4399788 and 4399888)  (cost=44.4 rows=98)


table 5 : explain SELECT k, c FROM sbtest5 WHERE k BETWEEN 4399788 AND 4399888
	-> Index range scan on sbtest5 using k_5 over (4399788 <= k <= 4399888), with index condition: (sbtest5.k between 4399788 and 4399888)  (cost=48.4 rows=107)


table 6 : explain SELECT k, c FROM sbtest6 WHERE k BETWEEN 4399788 AND 4399888
	-> Index range scan on sbtest6 using k_6 over (4399788 <= k <= 4399888), with index condition: (sbtest6.k between 4399788 and 4399888)  (cost=45.3 rows=100)


table 7 : explain SELECT k, c FROM sbtest7 WHERE k BETWEEN 4399788 AND 4399888
	-> Index range scan on sbtest7 using k_7 over (4399788 <= k <= 4399888), with index condition: (sbtest7.k between 4399788 and 4399888)  (cost=54.3 rows=120)


table 8 : explain SELECT k, c FROM sbtest8 WHERE k BETWEEN 4399788 AND 4399888
	-> Index range scan on sbtest8 using k_8 over (4399788 <= k <= 4399888), with index condition: (sbtest8.k between 4399788 and 4399888)  (cost=43.5 rows=96)


for range-notcovered
table 1 : explain SELECT k, c FROM sbtest1 WHERE k BETWEEN 5968466 AND 5968566
	-> Index range scan on sbtest1 using k_1 over (5968466 <= k <= 5968566), with index condition: (sbtest1.k between 5968466 and 5968566)  (cost=39.4 rows=87)


table 2 : explain SELECT k, c FROM sbtest2 WHERE k BETWEEN 5968466 AND 5968566
	-> Index range scan on sbtest2 using k_2 over (5968466 <= k <= 5968566), with index condition: (sbtest2.k between 5968466 and 5968566)  (cost=43.5 rows=96)


table 3 : explain SELECT k, c FROM sbtest3 WHERE k BETWEEN 5968466 AND 5968566
	-> Index range scan on sbtest3 using k_3 over (5968466 <= k <= 5968566), with index condition: (sbtest3.k between 5968466 and 5968566)  (cost=52.5 rows=116)


table 4 : explain SELECT k, c FROM sbtest4 WHERE k BETWEEN 5968466 AND 5968566
	-> Index range scan on sbtest4 using k_4 over (5968466 <= k <= 5968566), with index condition: (sbtest4.k between 5968466 and 5968566)  (cost=58.3 rows=129)


table 5 : explain SELECT k, c FROM sbtest5 WHERE k BETWEEN 5968466 AND 5968566
	-> Index range scan on sbtest5 using k_5 over (5968466 <= k <= 5968566), with index condition: (sbtest5.k between 5968466 and 5968566)  (cost=42.1 rows=93)


table 6 : explain SELECT k, c FROM sbtest6 WHERE k BETWEEN 5968466 AND 5968566
	-> Index range scan on sbtest6 using k_6 over (5968466 <= k <= 5968566), with index condition: (sbtest6.k between 5968466 and 5968566)  (cost=39 rows=86)


table 7 : explain SELECT k, c FROM sbtest7 WHERE k BETWEEN 5968466 AND 5968566
	-> Index range scan on sbtest7 using k_7 over (5968466 <= k <= 5968566), with index condition: (sbtest7.k between 5968466 and 5968566)  (cost=49.3 rows=109)


table 8 : explain SELECT k, c FROM sbtest8 WHERE k BETWEEN 5968466 AND 5968566
	-> Index range scan on sbtest8 using k_8 over (5968466 <= k <= 5968566), with index condition: (sbtest8.k between 5968466 and 5968566)  (cost=42.6 rows=94)


explain: for range-notcovered :: explain SELECT k, c FROM sbtest%d WHERE k BETWEEN 5340685 AND 5340785



for range-notcovered
table 1 : explain SELECT k, c FROM sbtest1 WHERE k BETWEEN 5852949 AND 5853049
	-> Index range scan on sbtest1 using k_1 over (5852949 <= k <= 5853049), with index condition: (sbtest1.k between 5852949 and 5853049)  (cost=45.7 rows=101)


table 2 : explain SELECT k, c FROM sbtest2 WHERE k BETWEEN 5852949 AND 5853049
	-> Index range scan on sbtest2 using k_2 over (5852949 <= k <= 5853049), with index condition: (sbtest2.k between 5852949 and 5853049)  (cost=39 rows=86)


table 3 : explain SELECT k, c FROM sbtest3 WHERE k BETWEEN 5852949 AND 5853049
	-> Index range scan on sbtest3 using k_3 over (5852949 <= k <= 5853049), with index condition: (sbtest3.k between 5852949 and 5853049)  (cost=43.5 rows=96)


table 4 : explain SELECT k, c FROM sbtest4 WHERE k BETWEEN 5852949 AND 5853049
	-> Index range scan on sbtest4 using k_4 over (5852949 <= k <= 5853049), with index condition: (sbtest4.k between 5852949 and 5853049)  (cost=50.7 rows=112)


table 5 : explain SELECT k, c FROM sbtest5 WHERE k BETWEEN 5852949 AND 5853049
	-> Index range scan on sbtest5 using k_5 over (5852949 <= k <= 5853049), with index condition: (sbtest5.k between 5852949 and 5853049)  (cost=48.9 rows=108)


table 6 : explain SELECT k, c FROM sbtest6 WHERE k BETWEEN 5852949 AND 5853049
	-> Index range scan on sbtest6 using k_6 over (5852949 <= k <= 5853049), with index condition: (sbtest6.k between 5852949 and 5853049)  (cost=36.7 rows=81)


table 7 : explain SELECT k, c FROM sbtest7 WHERE k BETWEEN 5852949 AND 5853049
	-> Index range scan on sbtest7 using k_7 over (5852949 <= k <= 5853049), with index condition: (sbtest7.k between 5852949 and 5853049)  (cost=44.8 rows=99)


table 8 : explain SELECT k, c FROM sbtest8 WHERE k BETWEEN 5852949 AND 5853049
	-> Index range scan on sbtest8 using k_8 over (5852949 <= k <= 5853049), with index condition: (sbtest8.k between 5852949 and 5853049)  (cost=39.9 rows=88)

explain: for range-notcovered :: explain SELECT k, c FROM sbtest%d WHERE k BETWEEN 7765506 AND 7765606explain: for range-notcovered :: explain SELECT k, c FROM sbtest%d WHERE k BETWEEN 4399788 AND 4399888
for range-notcovered
table 1 : explain SELECT k, c FROM sbtest1 WHERE k BETWEEN 6706397 AND 6706497
	-> Index range scan on sbtest1 using k_1 over (6706397 <= k <= 6706497), with index condition: (sbtest1.k between 6706397 and 6706497)  (cost=51.1 rows=113)


table 2 : explain SELECT k, c FROM sbtest2 WHERE k BETWEEN 6706397 AND 6706497
	-> Index range scan on sbtest2 using k_2 over (6706397 <= k <= 6706497), with index condition: (sbtest2.k between 6706397 and 6706497)  (cost=47.1 rows=104)


table 3 : explain SELECT k, c FROM sbtest3 WHERE k BETWEEN 6706397 AND 6706497
	-> Index range scan on sbtest3 using k_3 over (6706397 <= k <= 6706497), with index condition: (sbtest3.k between 6706397 and 6706497)  (cost=49.8 rows=110)


table 4 : explain SELECT k, c FROM sbtest4 WHERE k BETWEEN 6706397 AND 6706497
	-> Index range scan on sbtest4 using k_4 over (6706397 <= k <= 6706497), with index condition: (sbtest4.k between 6706397 and 6706497)  (cost=40.3 rows=89)


table 5 : explain SELECT k, c FROM sbtest5 WHERE k BETWEEN 6706397 AND 6706497
	-> Index range scan on sbtest5 using k_5 over (6706397 <= k <= 6706497), with index condition: (sbtest5.k between 6706397 and 6706497)  (cost=44.4 rows=98)


table 6 : explain SELECT k, c FROM sbtest6 WHERE k BETWEEN 6706397 AND 6706497
	-> Index range scan on sbtest6 using k_6 over (6706397 <= k <= 6706497), with index condition: (sbtest6.k between 6706397 and 6706497)  (cost=43 rows=95)


table 7 : explain SELECT k, c FROM sbtest7 WHERE k BETWEEN 6706397 AND 6706497
	-> Index range scan on sbtest7 using k_7 over (6706397 <= k <= 6706497), with index condition: (sbtest7.k between 6706397 and 6706497)  (cost=53.4 rows=118)


table 8 : explain SELECT k, c FROM sbtest8 WHERE k BETWEEN 6706397 AND 6706497
	-> Index range scan on sbtest8 using k_8 over (6706397 <= k <= 6706497), with index condition: (sbtest8.k between 6706397 and 6706497)  (cost=48 rows=106)



for range-notcovered
table 1 : explain SELECT k, c FROM sbtest1 WHERE k BETWEEN 4132964 AND 4133064
	-> Index range scan on sbtest1 using k_1 over (4132964 <= k <= 4133064), with index condition: (sbtest1.k between 4132964 and 4133064)  (cost=43.5 rows=96)


table 2 : explain SELECT k, c FROM sbtest2 WHERE k BETWEEN 4132964 AND 4133064
	-> Index range scan on sbtest2 using k_2 over (4132964 <= k <= 4133064), with index condition: (sbtest2.k between 4132964 and 4133064)  (cost=40.8 rows=90)


table 3 : explain SELECT k, c FROM sbtest3 WHERE k BETWEEN 4132964 AND 4133064
	-> Index range scan on sbtest3 using k_3 over (4132964 <= k <= 4133064), with index condition: (sbtest3.k between 4132964 and 4133064)  (cost=45.7 rows=101)


table 4 : explain SELECT k, c FROM sbtest4 WHERE k BETWEEN 4132964 AND 4133064
	-> Index range scan on sbtest4 using k_4 over (4132964 <= k <= 4133064), with index condition: (sbtest4.k between 4132964 and 4133064)  (cost=44.8 rows=99)


table 5 : explain SELECT k, c FROM sbtest5 WHERE k BETWEEN 4132964 AND 4133064
	-> Index range scan on sbtest5 using k_5 over (4132964 <= k <= 4133064), with index condition: (sbtest5.k between 4132964 and 4133064)  (cost=45.7 rows=101)


table 6 : explain SELECT k, c FROM sbtest6 WHERE k BETWEEN 4132964 AND 4133064
	-> Index range scan on sbtest6 using k_6 over (4132964 <= k <= 4133064), with index condition: (sbtest6.k between 4132964 and 4133064)  (cost=43.5 rows=96)


table 7 : explain SELECT k, c FROM sbtest7 WHERE k BETWEEN 4132964 AND 4133064
	-> Index range scan on sbtest7 using k_7 over (4132964 <= k <= 4133064), with index condition: (sbtest7.k between 4132964 and 4133064)  (cost=51.6 rows=114)


table 8 : explain SELECT k, c FROM sbtest8 WHERE k BETWEEN 4132964 AND 4133064
	-> Index range scan on sbtest8 using k_8 over (4132964 <= k <= 4133064), with index condition: (sbtest8.k between 4132964 and 4133064)  (cost=38.5 rows=85)


explain: for range-notcovered :: explain SELECT k, c FROM sbtest%d WHERE k BETWEEN 7267870 AND 7267970
explain: for range-notcovered :: explain SELECT k, c FROM sbtest%d WHERE k BETWEEN 5674711 AND 5674811for range-notcovered
table 1 : explain SELECT k, c FROM sbtest1 WHERE k BETWEEN 7436497 AND 7436597
	-> Index range scan on sbtest1 using k_1 over (7436497 <= k <= 7436597), with index condition: (sbtest1.k between 7436497 and 7436597)  (cost=50.7 rows=112)


table 2 : explain SELECT k, c FROM sbtest2 WHERE k BETWEEN 7436497 AND 7436597
	-> Index range scan on sbtest2 using k_2 over (7436497 <= k <= 7436597), with index condition: (sbtest2.k between 7436497 and 7436597)  (cost=49.8 rows=110)


table 3 : explain SELECT k, c FROM sbtest3 WHERE k BETWEEN 7436497 AND 7436597
	-> Index range scan on sbtest3 using k_3 over (7436497 <= k <= 7436597), with index condition: (sbtest3.k between 7436497 and 7436597)  (cost=47.5 rows=105)


table 4 : explain SELECT k, c FROM sbtest4 WHERE k BETWEEN 7436497 AND 7436597
	-> Index range scan on sbtest4 using k_4 over (7436497 <= k <= 7436597), with index condition: (sbtest4.k between 7436497 and 7436597)  (cost=47.5 rows=105)


table 5 : explain SELECT k, c FROM sbtest5 WHERE k BETWEEN 7436497 AND 7436597
	-> Index range scan on sbtest5 using k_5 over (7436497 <= k <= 7436597), with index condition: (sbtest5.k between 7436497 and 7436597)  (cost=38.5 rows=85)


table 6 : explain SELECT k, c FROM sbtest6 WHERE k BETWEEN 7436497 AND 7436597
	-> Index range scan on sbtest6 using k_6 over (7436497 <= k <= 7436597), with index condition: (sbtest6.k between 7436497 and 7436597)  (cost=39.4 rows=87)


table 7 : explain SELECT k, c FROM sbtest7 WHERE k BETWEEN 7436497 AND 7436597
	-> Index range scan on sbtest7 using k_7 over (7436497 <= k <= 7436597), with index condition: (sbtest7.k between 7436497 and 7436597)  (cost=40.8 rows=90)


table 8 : explain SELECT k, c FROM sbtest8 WHERE k BETWEEN 7436497 AND 7436597
	-> Index range scan on sbtest8 using k_8 over (7436497 <= k <= 7436597), with index condition: (sbtest8.k between 7436497 and 7436597)  (cost=43 rows=95)


for range-notcovered
table 1 : explain SELECT k, c FROM sbtest1 WHERE k BETWEEN 4296884 AND 4296984
	-> Index range scan on sbtest1 using k_1 over (4296884 <= k <= 4296984), with index condition: (sbtest1.k between 4296884 and 4296984)  (cost=42.6 rows=94)


table 2 : explain SELECT k, c FROM sbtest2 WHERE k BETWEEN 4296884 AND 4296984
	-> Index range scan on sbtest2 using k_2 over (4296884 <= k <= 4296984), with index condition: (sbtest2.k between 4296884 and 4296984)  (cost=38.1 rows=84)


table 3 : explain SELECT k, c FROM sbtest3 WHERE k BETWEEN 4296884 AND 4296984
	-> Index range scan on sbtest3 using k_3 over (4296884 <= k <= 4296984), with index condition: (sbtest3.k between 4296884 and 4296984)  (cost=45.3 rows=100)


table 4 : explain SELECT k, c FROM sbtest4 WHERE k BETWEEN 4296884 AND 4296984
	-> Index range scan on sbtest4 using k_4 over (4296884 <= k <= 4296984), with index condition: (sbtest4.k between 4296884 and 4296984)  (cost=45.7 rows=101)


table 5 : explain SELECT k, c FROM sbtest5 WHERE k BETWEEN 4296884 AND 4296984
	-> Index range scan on sbtest5 using k_5 over (4296884 <= k <= 4296984), with index condition: (sbtest5.k between 4296884 and 4296984)  (cost=47.1 rows=104)


table 6 : explain SELECT k, c FROM sbtest6 WHERE k BETWEEN 4296884 AND 4296984
	-> Index range scan on sbtest6 using k_6 over (4296884 <= k <= 4296984), with index condition: (sbtest6.k between 4296884 and 4296984)  (cost=48 rows=106)


table 7 : explain SELECT k, c FROM sbtest7 WHERE k BETWEEN 4296884 AND 4296984
	-> Index range scan on sbtest7 using k_7 over (4296884 <= k <= 4296984), with index condition: (sbtest7.k between 4296884 and 4296984)  (cost=44.4 rows=98)


table 8 : explain SELECT k, c FROM sbtest8 WHERE k BETWEEN 4296884 AND 4296984
	-> Index range scan on sbtest8 using k_8 over (4296884 <= k <= 4296984), with index condition: (sbtest8.k between 4296884 and 4296984)  (cost=43 rows=95)




explain: for range-notcovered :: explain SELECT k, c FROM sbtest%d WHERE k BETWEEN 6706397 AND 6706497
explain: for range-notcovered :: explain SELECT k, c FROM sbtest%d WHERE k BETWEEN 5968466 AND 5968566
explain: for range-notcovered :: explain SELECT k, c FROM sbtest%d WHERE k BETWEEN 5415594 AND 5415694

for range-notcovered
table 1 : explain SELECT k, c FROM sbtest1 WHERE k BETWEEN 2769307 AND 2769407
	-> Index range scan on sbtest1 using k_1 over (2769307 <= k <= 2769407), with index condition: (sbtest1.k between 2769307 and 2769407)  (cost=44.4 rows=98)


table 2 : explain SELECT k, c FROM sbtest2 WHERE k BETWEEN 2769307 AND 2769407
	-> Index range scan on sbtest2 using k_2 over (2769307 <= k <= 2769407), with index condition: (sbtest2.k between 2769307 and 2769407)  (cost=41.2 rows=91)


table 3 : explain SELECT k, c FROM sbtest3 WHERE k BETWEEN 2769307 AND 2769407
	-> Index range scan on sbtest3 using k_3 over (2769307 <= k <= 2769407), with index condition: (sbtest3.k between 2769307 and 2769407)  (cost=47.5 rows=105)


table 4 : explain SELECT k, c FROM sbtest4 WHERE k BETWEEN 2769307 AND 2769407
	-> Index range scan on sbtest4 using k_4 over (2769307 <= k <= 2769407), with index condition: (sbtest4.k between 2769307 and 2769407)  (cost=45.3 rows=100)


table 5 : explain SELECT k, c FROM sbtest5 WHERE k BETWEEN 2769307 AND 2769407
	-> Index range scan on sbtest5 using k_5 over (2769307 <= k <= 2769407), with index condition: (sbtest5.k between 2769307 and 2769407)  (cost=43 rows=95)


table 6 : explain SELECT k, c FROM sbtest6 WHERE k BETWEEN 2769307 AND 2769407
	-> Index range scan on sbtest6 using k_6 over (2769307 <= k <= 2769407), with index condition: (sbtest6.k between 2769307 and 2769407)  (cost=44.4 rows=98)


table 7 : explain SELECT k, c FROM sbtest7 WHERE k BETWEEN 2769307 AND 2769407
	-> Index range scan on sbtest7 using k_7 over (2769307 <= k <= 2769407), with index condition: (sbtest7.k between 2769307 and 2769407)  (cost=44.4 rows=98)


table 8 : explain SELECT k, c FROM sbtest8 WHERE k BETWEEN 2769307 AND 2769407
	-> Index range scan on sbtest8 using k_8 over (2769307 <= k <= 2769407), with index condition: (sbtest8.k between 2769307 and 2769407)  (cost=44.4 rows=98)


for range-notcovered
table 1 : explain SELECT k, c FROM sbtest1 WHERE k BETWEEN 3471197 AND 3471297
	-> Index range scan on sbtest1 using k_1 over (3471197 <= k <= 3471297), with index condition: (sbtest1.k between 3471197 and 3471297)  (cost=48.4 rows=107)


table 2 : explain SELECT k, c FROM sbtest2 WHERE k BETWEEN 3471197 AND 3471297
	-> Index range scan on sbtest2 using k_2 over (3471197 <= k <= 3471297), with index condition: (sbtest2.k between 3471197 and 3471297)  (cost=45.3 rows=100)


table 3 : explain SELECT k, c FROM sbtest3 WHERE k BETWEEN 3471197 AND 3471297
	-> Index range scan on sbtest3 using k_3 over (3471197 <= k <= 3471297), with index condition: (sbtest3.k between 3471197 and 3471297)  (cost=46.6 rows=103)


table 4 : explain SELECT k, c FROM sbtest4 WHERE k BETWEEN 3471197 AND 3471297
	-> Index range scan on sbtest4 using k_4 over (3471197 <= k <= 3471297), with index condition: (sbtest4.k between 3471197 and 3471297)  (cost=43.5 rows=96)


table 5 : explain SELECT k, c FROM sbtest5 WHERE k BETWEEN 3471197 AND 3471297
	-> Index range scan on sbtest5 using k_5 over (3471197 <= k <= 3471297), with index condition: (sbtest5.k between 3471197 and 3471297)  (cost=43 rows=95)


table 6 : explain SELECT k, c FROM sbtest6 WHERE k BETWEEN 3471197 AND 3471297
	-> Index range scan on sbtest6 using k_6 over (3471197 <= k <= 3471297), with index condition: (sbtest6.k between 3471197 and 3471297)  (cost=33.1 rows=73)


table 7 : explain SELECT k, c FROM sbtest7 WHERE k BETWEEN 3471197 AND 3471297
	-> Index range scan on sbtest7 using k_7 over (3471197 <= k <= 3471297), with index condition: (sbtest7.k between 3471197 and 3471297)  (cost=52 rows=115)


table 8 : explain SELECT k, c FROM sbtest8 WHERE k BETWEEN 3471197 AND 3471297
	-> Index range scan on sbtest8 using k_8 over (3471197 <= k <= 3471297), with index condition: (sbtest8.k between 3471197 and 3471297)  (cost=46.2 rows=102)

explain: for range-notcovered :: explain SELECT k, c FROM sbtest%d WHERE k BETWEEN 1703319 AND 1703419for range-notcovered
table 1 : explain SELECT k, c FROM sbtest1 WHERE k BETWEEN 6624859 AND 6624959
	-> Index range scan on sbtest1 using k_1 over (6624859 <= k <= 6624959), with index condition: (sbtest1.k between 6624859 and 6624959)  (cost=50.7 rows=112)


table 2 : explain SELECT k, c FROM sbtest2 WHERE k BETWEEN 6624859 AND 6624959
	-> Index range scan on sbtest2 using k_2 over (6624859 <= k <= 6624959), with index condition: (sbtest2.k between 6624859 and 6624959)  (cost=44.4 rows=98)


table 3 : explain SELECT k, c FROM sbtest3 WHERE k BETWEEN 6624859 AND 6624959
	-> Index range scan on sbtest3 using k_3 over (6624859 <= k <= 6624959), with index condition: (sbtest3.k between 6624859 and 6624959)  (cost=47.5 rows=105)


table 4 : explain SELECT k, c FROM sbtest4 WHERE k BETWEEN 6624859 AND 6624959
	-> Index range scan on sbtest4 using k_4 over (6624859 <= k <= 6624959), with index condition: (sbtest4.k between 6624859 and 6624959)  (cost=40.8 rows=90)


table 5 : explain SELECT k, c FROM sbtest5 WHERE k BETWEEN 6624859 AND 6624959
	-> Index range scan on sbtest5 using k_5 over (6624859 <= k <= 6624959), with index condition: (sbtest5.k between 6624859 and 6624959)  (cost=37.6 rows=83)


table 6 : explain SELECT k, c FROM sbtest6 WHERE k BETWEEN 6624859 AND 6624959
	-> Index range scan on sbtest6 using k_6 over (6624859 <= k <= 6624959), with index condition: (sbtest6.k between 6624859 and 6624959)  (cost=50.2 rows=111)


table 7 : explain SELECT k, c FROM sbtest7 WHERE k BETWEEN 6624859 AND 6624959
	-> Index range scan on sbtest7 using k_7 over (6624859 <= k <= 6624959), with index condition: (sbtest7.k between 6624859 and 6624959)  (cost=41.7 rows=92)


table 8 : explain SELECT k, c FROM sbtest8 WHERE k BETWEEN 6624859 AND 6624959
	-> Index range scan on sbtest8 using k_8 over (6624859 <= k <= 6624959), with index condition: (sbtest8.k between 6624859 and 6624959)  (cost=48 rows=106)

explain: for range-notcovered :: explain SELECT k, c FROM sbtest%d WHERE k BETWEEN 4296884 AND 4296984explain: for range-notcovered :: explain SELECT k, c FROM sbtest%d WHERE k BETWEEN 4037229 AND 4037329explain: for range-notcovered :: explain SELECT k, c FROM sbtest%d WHERE k BETWEEN 6357521 AND 6357621
explain: for range-notcovered :: explain SELECT k, c FROM sbtest%d WHERE k BETWEEN 4132964 AND 4133064


for range-notcovered
table 1 : explain SELECT k, c FROM sbtest1 WHERE k BETWEEN 6448479 AND 6448579
	-> Index range scan on sbtest1 using k_1 over (6448479 <= k <= 6448579), with index condition: (sbtest1.k between 6448479 and 6448579)  (cost=49.3 rows=109)


table 2 : explain SELECT k, c FROM sbtest2 WHERE k BETWEEN 6448479 AND 6448579
	-> Index range scan on sbtest2 using k_2 over (6448479 <= k <= 6448579), with index condition: (sbtest2.k between 6448479 and 6448579)  (cost=45.7 rows=101)


table 3 : explain SELECT k, c FROM sbtest3 WHERE k BETWEEN 6448479 AND 6448579
	-> Index range scan on sbtest3 using k_3 over (6448479 <= k <= 6448579), with index condition: (sbtest3.k between 6448479 and 6448579)  (cost=58.8 rows=130)


table 4 : explain SELECT k, c FROM sbtest4 WHERE k BETWEEN 6448479 AND 6448579
	-> Index range scan on sbtest4 using k_4 over (6448479 <= k <= 6448579), with index condition: (sbtest4.k between 6448479 and 6448579)  (cost=52.9 rows=117)


table 5 : explain SELECT k, c FROM sbtest5 WHERE k BETWEEN 6448479 AND 6448579
	-> Index range scan on sbtest5 using k_5 over (6448479 <= k <= 6448579), with index condition: (sbtest5.k between 6448479 and 6448579)  (cost=39.9 rows=88)


table 6 : explain SELECT k, c FROM sbtest6 WHERE k BETWEEN 6448479 AND 6448579
	-> Index range scan on sbtest6 using k_6 over (6448479 <= k <= 6448579), with index condition: (sbtest6.k between 6448479 and 6448579)  (cost=53.4 rows=118)


table 7 : explain SELECT k, c FROM sbtest7 WHERE k BETWEEN 6448479 AND 6448579
	-> Index range scan on sbtest7 using k_7 over (6448479 <= k <= 6448579), with index condition: (sbtest7.k between 6448479 and 6448579)  (cost=37.6 rows=83)


table 8 : explain SELECT k, c FROM sbtest8 WHERE k BETWEEN 6448479 AND 6448579
	-> Index range scan on sbtest8 using k_8 over (6448479 <= k <= 6448579), with index condition: (sbtest8.k between 6448479 and 6448579)  (cost=40.3 rows=89)






explain: for range-notcovered :: explain SELECT k, c FROM sbtest%d WHERE k BETWEEN 5852949 AND 5853049
for range-notcovered
table 1 : explain SELECT k, c FROM sbtest1 WHERE k BETWEEN 1300126 AND 1300226
	-> Index range scan on sbtest1 using k_1 over (1300126 <= k <= 1300226), with index condition: (sbtest1.k between 1300126 and 1300226)  (cost=45.3 rows=100)


table 2 : explain SELECT k, c FROM sbtest2 WHERE k BETWEEN 1300126 AND 1300226
	-> Index range scan on sbtest2 using k_2 over (1300126 <= k <= 1300226), with index condition: (sbtest2.k between 1300126 and 1300226)  (cost=44.8 rows=99)


table 3 : explain SELECT k, c FROM sbtest3 WHERE k BETWEEN 1300126 AND 1300226
	-> Index range scan on sbtest3 using k_3 over (1300126 <= k <= 1300226), with index condition: (sbtest3.k between 1300126 and 1300226)  (cost=43.9 rows=97)


table 4 : explain SELECT k, c FROM sbtest4 WHERE k BETWEEN 1300126 AND 1300226
	-> Index range scan on sbtest4 using k_4 over (1300126 <= k <= 1300226), with index condition: (sbtest4.k between 1300126 and 1300226)  (cost=47.5 rows=105)


table 5 : explain SELECT k, c FROM sbtest5 WHERE k BETWEEN 1300126 AND 1300226
	-> Index range scan on sbtest5 using k_5 over (1300126 <= k <= 1300226), with index condition: (sbtest5.k between 1300126 and 1300226)  (cost=51.1 rows=113)


table 6 : explain SELECT k, c FROM sbtest6 WHERE k BETWEEN 1300126 AND 1300226
	-> Index range scan on sbtest6 using k_6 over (1300126 <= k <= 1300226), with index condition: (sbtest6.k between 1300126 and 1300226)  (cost=45.3 rows=100)


table 7 : explain SELECT k, c FROM sbtest7 WHERE k BETWEEN 1300126 AND 1300226
	-> Index range scan on sbtest7 using k_7 over (1300126 <= k <= 1300226), with index condition: (sbtest7.k between 1300126 and 1300226)  (cost=39.9 rows=88)


table 8 : explain SELECT k, c FROM sbtest8 WHERE k BETWEEN 1300126 AND 1300226
	-> Index range scan on sbtest8 using k_8 over (1300126 <= k <= 1300226), with index condition: (sbtest8.k between 1300126 and 1300226)  (cost=39.9 rows=88)


for range-notcovered
table 1 : explain SELECT k, c FROM sbtest1 WHERE k BETWEEN 3025489 AND 3025589
	-> Index range scan on sbtest1 using k_1 over (3025489 <= k <= 3025589), with index condition: (sbtest1.k between 3025489 and 3025589)  (cost=43.5 rows=96)


table 2 : explain SELECT k, c FROM sbtest2 WHERE k BETWEEN 3025489 AND 3025589
	-> Index range scan on sbtest2 using k_2 over (3025489 <= k <= 3025589), with index condition: (sbtest2.k between 3025489 and 3025589)  (cost=51.1 rows=113)


table 3 : explain SELECT k, c FROM sbtest3 WHERE k BETWEEN 3025489 AND 3025589
	-> Index range scan on sbtest3 using k_3 over (3025489 <= k <= 3025589), with index condition: (sbtest3.k between 3025489 and 3025589)  (cost=34.5 rows=76)


table 4 : explain SELECT k, c FROM sbtest4 WHERE k BETWEEN 3025489 AND 3025589
	-> Index range scan on sbtest4 using k_4 over (3025489 <= k <= 3025589), with index condition: (sbtest4.k between 3025489 and 3025589)  (cost=50.2 rows=111)


table 5 : explain SELECT k, c FROM sbtest5 WHERE k BETWEEN 3025489 AND 3025589
	-> Index range scan on sbtest5 using k_5 over (3025489 <= k <= 3025589), with index condition: (sbtest5.k between 3025489 and 3025589)  (cost=43 rows=95)


table 6 : explain SELECT k, c FROM sbtest6 WHERE k BETWEEN 3025489 AND 3025589
	-> Index range scan on sbtest6 using k_6 over (3025489 <= k <= 3025589), with index condition: (sbtest6.k between 3025489 and 3025589)  (cost=39.9 rows=88)


table 7 : explain SELECT k, c FROM sbtest7 WHERE k BETWEEN 3025489 AND 3025589
	-> Index range scan on sbtest7 using k_7 over (3025489 <= k <= 3025589), with index condition: (sbtest7.k between 3025489 and 3025589)  (cost=45.7 rows=101)


table 8 : explain SELECT k, c FROM sbtest8 WHERE k BETWEEN 3025489 AND 3025589
	-> Index range scan on sbtest8 using k_8 over (3025489 <= k <= 3025589), with index condition: (sbtest8.k between 3025489 and 3025589)  (cost=40.8 rows=90)


explain: for range-notcovered :: explain SELECT k, c FROM sbtest%d WHERE k BETWEEN 2769307 AND 2769407explain: for range-notcovered :: explain SELECT k, c FROM sbtest%d WHERE k BETWEEN 6448479 AND 6448579

for range-notcovered
table 1 : explain SELECT k, c FROM sbtest1 WHERE k BETWEEN 4743222 AND 4743322
	-> Index range scan on sbtest1 using k_1 over (4743222 <= k <= 4743322), with index condition: (sbtest1.k between 4743222 and 4743322)  (cost=52.5 rows=116)


table 2 : explain SELECT k, c FROM sbtest2 WHERE k BETWEEN 4743222 AND 4743322
	-> Index range scan on sbtest2 using k_2 over (4743222 <= k <= 4743322), with index condition: (sbtest2.k between 4743222 and 4743322)  (cost=42.1 rows=93)


table 3 : explain SELECT k, c FROM sbtest3 WHERE k BETWEEN 4743222 AND 4743322
	-> Index range scan on sbtest3 using k_3 over (4743222 <= k <= 4743322), with index condition: (sbtest3.k between 4743222 and 4743322)  (cost=41.2 rows=91)


table 4 : explain SELECT k, c FROM sbtest4 WHERE k BETWEEN 4743222 AND 4743322
	-> Index range scan on sbtest4 using k_4 over (4743222 <= k <= 4743322), with index condition: (sbtest4.k between 4743222 and 4743322)  (cost=42.1 rows=93)


table 5 : explain SELECT k, c FROM sbtest5 WHERE k BETWEEN 4743222 AND 4743322
	-> Index range scan on sbtest5 using k_5 over (4743222 <= k <= 4743322), with index condition: (sbtest5.k between 4743222 and 4743322)  (cost=51.6 rows=114)


table 6 : explain SELECT k, c FROM sbtest6 WHERE k BETWEEN 4743222 AND 4743322
	-> Index range scan on sbtest6 using k_6 over (4743222 <= k <= 4743322), with index condition: (sbtest6.k between 4743222 and 4743322)  (cost=42.6 rows=94)


table 7 : explain SELECT k, c FROM sbtest7 WHERE k BETWEEN 4743222 AND 4743322
	-> Index range scan on sbtest7 using k_7 over (4743222 <= k <= 4743322), with index condition: (sbtest7.k between 4743222 and 4743322)  (cost=49.8 rows=110)


table 8 : explain SELECT k, c FROM sbtest8 WHERE k BETWEEN 4743222 AND 4743322
	-> Index range scan on sbtest8 using k_8 over (4743222 <= k <= 4743322), with index condition: (sbtest8.k between 4743222 and 4743322)  (cost=43 rows=95)


explain: for range-notcovered :: explain SELECT k, c FROM sbtest%d WHERE k BETWEEN 6624859 AND 6624959

explain: for range-notcovered :: explain SELECT k, c FROM sbtest%d WHERE k BETWEEN 7436497 AND 7436597explain: for range-notcovered :: explain SELECT k, c FROM sbtest%d WHERE k BETWEEN 3025489 AND 3025589
explain: for range-notcovered :: explain SELECT k, c FROM sbtest%d WHERE k BETWEEN 1300126 AND 1300226
explain: for range-notcovered :: explain SELECT k, c FROM sbtest%d WHERE k BETWEEN 6119662 AND 6119762
explain: for range-notcovered :: explain SELECT k, c FROM sbtest%d WHERE k BETWEEN 3471197 AND 3471297
for range-notcovered
table 1 : explain SELECT k, c FROM sbtest1 WHERE k BETWEEN 2605401 AND 2605501
	-> Index range scan on sbtest1 using k_1 over (2605401 <= k <= 2605501), with index condition: (sbtest1.k between 2605401 and 2605501)  (cost=60.6 rows=134)


table 2 : explain SELECT k, c FROM sbtest2 WHERE k BETWEEN 2605401 AND 2605501
	-> Index range scan on sbtest2 using k_2 over (2605401 <= k <= 2605501), with index condition: (sbtest2.k between 2605401 and 2605501)  (cost=47.5 rows=105)


table 3 : explain SELECT k, c FROM sbtest3 WHERE k BETWEEN 2605401 AND 2605501
	-> Index range scan on sbtest3 using k_3 over (2605401 <= k <= 2605501), with index condition: (sbtest3.k between 2605401 and 2605501)  (cost=41.7 rows=92)


table 4 : explain SELECT k, c FROM sbtest4 WHERE k BETWEEN 2605401 AND 2605501
	-> Index range scan on sbtest4 using k_4 over (2605401 <= k <= 2605501), with index condition: (sbtest4.k between 2605401 and 2605501)  (cost=43.5 rows=96)


table 5 : explain SELECT k, c FROM sbtest5 WHERE k BETWEEN 2605401 AND 2605501
	-> Index range scan on sbtest5 using k_5 over (2605401 <= k <= 2605501), with index condition: (sbtest5.k between 2605401 and 2605501)  (cost=53.4 rows=118)


table 6 : explain SELECT k, c FROM sbtest6 WHERE k BETWEEN 2605401 AND 2605501
	-> Index range scan on sbtest6 using k_6 over (2605401 <= k <= 2605501), with index condition: (sbtest6.k between 2605401 and 2605501)  (cost=53.8 rows=119)


table 7 : explain SELECT k, c FROM sbtest7 WHERE k BETWEEN 2605401 AND 2605501
	-> Index range scan on sbtest7 using k_7 over (2605401 <= k <= 2605501), with index condition: (sbtest7.k between 2605401 and 2605501)  (cost=42.1 rows=93)


table 8 : explain SELECT k, c FROM sbtest8 WHERE k BETWEEN 2605401 AND 2605501
	-> Index range scan on sbtest8 using k_8 over (2605401 <= k <= 2605501), with index condition: (sbtest8.k between 2605401 and 2605501)  (cost=52.5 rows=116)

for range-notcovered
table 1 : explain SELECT k, c FROM sbtest1 WHERE k BETWEEN 2974923 AND 2975023
	-> Index range scan on sbtest1 using k_1 over (2974923 <= k <= 2975023), with index condition: (sbtest1.k between 2974923 and 2975023)  (cost=44.8 rows=99)


table 2 : explain SELECT k, c FROM sbtest2 WHERE k BETWEEN 2974923 AND 2975023
	-> Index range scan on sbtest2 using k_2 over (2974923 <= k <= 2975023), with index condition: (sbtest2.k between 2974923 and 2975023)  (cost=51.1 rows=113)


table 3 : explain SELECT k, c FROM sbtest3 WHERE k BETWEEN 2974923 AND 2975023
	-> Index range scan on sbtest3 using k_3 over (2974923 <= k <= 2975023), with index condition: (sbtest3.k between 2974923 and 2975023)  (cost=45.3 rows=100)


table 4 : explain SELECT k, c FROM sbtest4 WHERE k BETWEEN 2974923 AND 2975023
	-> Index range scan on sbtest4 using k_4 over (2974923 <= k <= 2975023), with index condition: (sbtest4.k between 2974923 and 2975023)  (cost=47.5 rows=105)


table 5 : explain SELECT k, c FROM sbtest5 WHERE k BETWEEN 2974923 AND 2975023
	-> Index range scan on sbtest5 using k_5 over (2974923 <= k <= 2975023), with index condition: (sbtest5.k between 2974923 and 2975023)  (cost=39 rows=86)


table 6 : explain SELECT k, c FROM sbtest6 WHERE k BETWEEN 2974923 AND 2975023
	-> Index range scan on sbtest6 using k_6 over (2974923 <= k <= 2975023), with index condition: (sbtest6.k between 2974923 and 2975023)  (cost=40.8 rows=90)


table 7 : explain SELECT k, c FROM sbtest7 WHERE k BETWEEN 2974923 AND 2975023
	-> Index range scan on sbtest7 using k_7 over (2974923 <= k <= 2975023), with index condition: (sbtest7.k between 2974923 and 2975023)  (cost=41.7 rows=92)


table 8 : explain SELECT k, c FROM sbtest8 WHERE k BETWEEN 2974923 AND 2975023
	-> Index range scan on sbtest8 using k_8 over (2974923 <= k <= 2975023), with index condition: (sbtest8.k between 2974923 and 2975023)  (cost=50.2 rows=111)

for range-notcovered
table 1 : explain SELECT k, c FROM sbtest1 WHERE k BETWEEN 4579692 AND 4579792
	-> Index range scan on sbtest1 using k_1 over (4579692 <= k <= 4579792), with index condition: (sbtest1.k between 4579692 and 4579792)  (cost=40.3 rows=89)


table 2 : explain SELECT k, c FROM sbtest2 WHERE k BETWEEN 4579692 AND 4579792
	-> Index range scan on sbtest2 using k_2 over (4579692 <= k <= 4579792), with index condition: (sbtest2.k between 4579692 and 4579792)  (cost=45.3 rows=100)


table 3 : explain SELECT k, c FROM sbtest3 WHERE k BETWEEN 4579692 AND 4579792
	-> Index range scan on sbtest3 using k_3 over (4579692 <= k <= 4579792), with index condition: (sbtest3.k between 4579692 and 4579792)  (cost=44.4 rows=98)


table 4 : explain SELECT k, c FROM sbtest4 WHERE k BETWEEN 4579692 AND 4579792
	-> Index range scan on sbtest4 using k_4 over (4579692 <= k <= 4579792), with index condition: (sbtest4.k between 4579692 and 4579792)  (cost=46.6 rows=103)


table 5 : explain SELECT k, c FROM sbtest5 WHERE k BETWEEN 4579692 AND 4579792
	-> Index range scan on sbtest5 using k_5 over (4579692 <= k <= 4579792), with index condition: (sbtest5.k between 4579692 and 4579792)  (cost=50.2 rows=111)


table 6 : explain SELECT k, c FROM sbtest6 WHERE k BETWEEN 4579692 AND 4579792
	-> Index range scan on sbtest6 using k_6 over (4579692 <= k <= 4579792), with index condition: (sbtest6.k between 4579692 and 4579792)  (cost=45.3 rows=100)


table 7 : explain SELECT k, c FROM sbtest7 WHERE k BETWEEN 4579692 AND 4579792
	-> Index range scan on sbtest7 using k_7 over (4579692 <= k <= 4579792), with index condition: (sbtest7.k between 4579692 and 4579792)  (cost=47.5 rows=105)


table 8 : explain SELECT k, c FROM sbtest8 WHERE k BETWEEN 4579692 AND 4579792
	-> Index range scan on sbtest8 using k_8 over (4579692 <= k <= 4579792), with index condition: (sbtest8.k between 4579692 and 4579792)  (cost=46.2 rows=102)



for range-notcovered
table 1 : explain SELECT k, c FROM sbtest1 WHERE k BETWEEN 6799449 AND 6799549
	-> Index range scan on sbtest1 using k_1 over (6799449 <= k <= 6799549), with index condition: (sbtest1.k between 6799449 and 6799549)  (cost=41.2 rows=91)


table 2 : explain SELECT k, c FROM sbtest2 WHERE k BETWEEN 6799449 AND 6799549
	-> Index range scan on sbtest2 using k_2 over (6799449 <= k <= 6799549), with index condition: (sbtest2.k between 6799449 and 6799549)  (cost=49.8 rows=110)


table 3 : explain SELECT k, c FROM sbtest3 WHERE k BETWEEN 6799449 AND 6799549
	-> Index range scan on sbtest3 using k_3 over (6799449 <= k <= 6799549), with index condition: (sbtest3.k between 6799449 and 6799549)  (cost=37.6 rows=83)


table 4 : explain SELECT k, c FROM sbtest4 WHERE k BETWEEN 6799449 AND 6799549
	-> Index range scan on sbtest4 using k_4 over (6799449 <= k <= 6799549), with index condition: (sbtest4.k between 6799449 and 6799549)  (cost=41.7 rows=92)


table 5 : explain SELECT k, c FROM sbtest5 WHERE k BETWEEN 6799449 AND 6799549
	-> Index range scan on sbtest5 using k_5 over (6799449 <= k <= 6799549), with index condition: (sbtest5.k between 6799449 and 6799549)  (cost=39.9 rows=88)


table 6 : explain SELECT k, c FROM sbtest6 WHERE k BETWEEN 6799449 AND 6799549
	-> Index range scan on sbtest6 using k_6 over (6799449 <= k <= 6799549), with index condition: (sbtest6.k between 6799449 and 6799549)  (cost=56.1 rows=124)


table 7 : explain SELECT k, c FROM sbtest7 WHERE k BETWEEN 6799449 AND 6799549
	-> Index range scan on sbtest7 using k_7 over (6799449 <= k <= 6799549), with index condition: (sbtest7.k between 6799449 and 6799549)  (cost=40.8 rows=90)


table 8 : explain SELECT k, c FROM sbtest8 WHERE k BETWEEN 6799449 AND 6799549
	-> Index range scan on sbtest8 using k_8 over (6799449 <= k <= 6799549), with index condition: (sbtest8.k between 6799449 and 6799549)  (cost=54.7 rows=121)




explain: for range-notcovered :: explain SELECT k, c FROM sbtest%d WHERE k BETWEEN 4743222 AND 4743322
explain: for range-notcovered :: explain SELECT k, c FROM sbtest%d WHERE k BETWEEN 2605401 AND 2605501
explain: for range-notcovered :: explain SELECT k, c FROM sbtest%d WHERE k BETWEEN 6799449 AND 6799549
for range-notcovered
table 1 : explain SELECT k, c FROM sbtest1 WHERE k BETWEEN 2925054 AND 2925154
	-> Index range scan on sbtest1 using k_1 over (2925054 <= k <= 2925154), with index condition: (sbtest1.k between 2925054 and 2925154)  (cost=41.2 rows=91)


table 2 : explain SELECT k, c FROM sbtest2 WHERE k BETWEEN 2925054 AND 2925154
	-> Index range scan on sbtest2 using k_2 over (2925054 <= k <= 2925154), with index condition: (sbtest2.k between 2925054 and 2925154)  (cost=45.7 rows=101)


table 3 : explain SELECT k, c FROM sbtest3 WHERE k BETWEEN 2925054 AND 2925154
	-> Index range scan on sbtest3 using k_3 over (2925054 <= k <= 2925154), with index condition: (sbtest3.k between 2925054 and 2925154)  (cost=46.2 rows=102)


table 4 : explain SELECT k, c FROM sbtest4 WHERE k BETWEEN 2925054 AND 2925154
	-> Index range scan on sbtest4 using k_4 over (2925054 <= k <= 2925154), with index condition: (sbtest4.k between 2925054 and 2925154)  (cost=44.8 rows=99)


table 5 : explain SELECT k, c FROM sbtest5 WHERE k BETWEEN 2925054 AND 2925154
	-> Index range scan on sbtest5 using k_5 over (2925054 <= k <= 2925154), with index condition: (sbtest5.k between 2925054 and 2925154)  (cost=45.7 rows=101)


table 6 : explain SELECT k, c FROM sbtest6 WHERE k BETWEEN 2925054 AND 2925154
	-> Index range scan on sbtest6 using k_6 over (2925054 <= k <= 2925154), with index condition: (sbtest6.k between 2925054 and 2925154)  (cost=41.2 rows=91)


table 7 : explain SELECT k, c FROM sbtest7 WHERE k BETWEEN 2925054 AND 2925154
	-> Index range scan on sbtest7 using k_7 over (2925054 <= k <= 2925154), with index condition: (sbtest7.k between 2925054 and 2925154)  (cost=46.2 rows=102)


table 8 : explain SELECT k, c FROM sbtest8 WHERE k BETWEEN 2925054 AND 2925154
	-> Index range scan on sbtest8 using k_8 over (2925054 <= k <= 2925154), with index condition: (sbtest8.k between 2925054 and 2925154)  (cost=51.6 rows=114)


explain: for range-notcovered :: explain SELECT k, c FROM sbtest%d WHERE k BETWEEN 2974923 AND 2975023
for range-notcovered
table 1 : explain SELECT k, c FROM sbtest1 WHERE k BETWEEN 6684560 AND 6684660
	-> Index range scan on sbtest1 using k_1 over (6684560 <= k <= 6684660), with index condition: (sbtest1.k between 6684560 and 6684660)  (cost=46.6 rows=103)


table 2 : explain SELECT k, c FROM sbtest2 WHERE k BETWEEN 6684560 AND 6684660
	-> Index range scan on sbtest2 using k_2 over (6684560 <= k <= 6684660), with index condition: (sbtest2.k between 6684560 and 6684660)  (cost=42.6 rows=94)


table 3 : explain SELECT k, c FROM sbtest3 WHERE k BETWEEN 6684560 AND 6684660
	-> Index range scan on sbtest3 using k_3 over (6684560 <= k <= 6684660), with index condition: (sbtest3.k between 6684560 and 6684660)  (cost=48.4 rows=107)


table 4 : explain SELECT k, c FROM sbtest4 WHERE k BETWEEN 6684560 AND 6684660
	-> Index range scan on sbtest4 using k_4 over (6684560 <= k <= 6684660), with index condition: (sbtest4.k between 6684560 and 6684660)  (cost=41.2 rows=91)


table 5 : explain SELECT k, c FROM sbtest5 WHERE k BETWEEN 6684560 AND 6684660
	-> Index range scan on sbtest5 using k_5 over (6684560 <= k <= 6684660), with index condition: (sbtest5.k between 6684560 and 6684660)  (cost=48.4 rows=107)


table 6 : explain SELECT k, c FROM sbtest6 WHERE k BETWEEN 6684560 AND 6684660
	-> Index range scan on sbtest6 using k_6 over (6684560 <= k <= 6684660), with index condition: (sbtest6.k between 6684560 and 6684660)  (cost=43.9 rows=97)


table 7 : explain SELECT k, c FROM sbtest7 WHERE k BETWEEN 6684560 AND 6684660
	-> Index range scan on sbtest7 using k_7 over (6684560 <= k <= 6684660), with index condition: (sbtest7.k between 6684560 and 6684660)  (cost=44.8 rows=99)


table 8 : explain SELECT k, c FROM sbtest8 WHERE k BETWEEN 6684560 AND 6684660
	-> Index range scan on sbtest8 using k_8 over (6684560 <= k <= 6684660), with index condition: (sbtest8.k between 6684560 and 6684660)  (cost=48.4 rows=107)

for range-notcovered
table 1 : explain SELECT k, c FROM sbtest1 WHERE k BETWEEN 8894786 AND 8894886
	-> Index range scan on sbtest1 using k_1 over (8894786 <= k <= 8894886), with index condition: (sbtest1.k between 8894786 and 8894886)  (cost=52 rows=115)


table 2 : explain SELECT k, c FROM sbtest2 WHERE k BETWEEN 8894786 AND 8894886
	-> Index range scan on sbtest2 using k_2 over (8894786 <= k <= 8894886), with index condition: (sbtest2.k between 8894786 and 8894886)  (cost=40.8 rows=90)


table 3 : explain SELECT k, c FROM sbtest3 WHERE k BETWEEN 8894786 AND 8894886
	-> Index range scan on sbtest3 using k_3 over (8894786 <= k <= 8894886), with index condition: (sbtest3.k between 8894786 and 8894886)  (cost=45.7 rows=101)


table 4 : explain SELECT k, c FROM sbtest4 WHERE k BETWEEN 8894786 AND 8894886
	-> Index range scan on sbtest4 using k_4 over (8894786 <= k <= 8894886), with index condition: (sbtest4.k between 8894786 and 8894886)  (cost=39 rows=86)


table 5 : explain SELECT k, c FROM sbtest5 WHERE k BETWEEN 8894786 AND 8894886
	-> Index range scan on sbtest5 using k_5 over (8894786 <= k <= 8894886), with index condition: (sbtest5.k between 8894786 and 8894886)  (cost=42.1 rows=93)


table 6 : explain SELECT k, c FROM sbtest6 WHERE k BETWEEN 8894786 AND 8894886
	-> Index range scan on sbtest6 using k_6 over (8894786 <= k <= 8894886), with index condition: (sbtest6.k between 8894786 and 8894886)  (cost=43 rows=95)


table 7 : explain SELECT k, c FROM sbtest7 WHERE k BETWEEN 8894786 AND 8894886
	-> Index range scan on sbtest7 using k_7 over (8894786 <= k <= 8894886), with index condition: (sbtest7.k between 8894786 and 8894886)  (cost=44.4 rows=98)


table 8 : explain SELECT k, c FROM sbtest8 WHERE k BETWEEN 8894786 AND 8894886
	-> Index range scan on sbtest8 using k_8 over (8894786 <= k <= 8894886), with index condition: (sbtest8.k between 8894786 and 8894886)  (cost=46.6 rows=103)


explain: for range-notcovered :: explain SELECT k, c FROM sbtest%d WHERE k BETWEEN 2925054 AND 2925154
for range-notcovered
table 1 : explain SELECT k, c FROM sbtest1 WHERE k BETWEEN 6156151 AND 6156251
	-> Index range scan on sbtest1 using k_1 over (6156151 <= k <= 6156251), with index condition: (sbtest1.k between 6156151 and 6156251)  (cost=42.1 rows=93)


table 2 : explain SELECT k, c FROM sbtest2 WHERE k BETWEEN 6156151 AND 6156251
	-> Index range scan on sbtest2 using k_2 over (6156151 <= k <= 6156251), with index condition: (sbtest2.k between 6156151 and 6156251)  (cost=44.8 rows=99)


table 3 : explain SELECT k, c FROM sbtest3 WHERE k BETWEEN 6156151 AND 6156251
	-> Index range scan on sbtest3 using k_3 over (6156151 <= k <= 6156251), with index condition: (sbtest3.k between 6156151 and 6156251)  (cost=47.5 rows=105)


table 4 : explain SELECT k, c FROM sbtest4 WHERE k BETWEEN 6156151 AND 6156251
	-> Index range scan on sbtest4 using k_4 over (6156151 <= k <= 6156251), with index condition: (sbtest4.k between 6156151 and 6156251)  (cost=53.4 rows=118)


table 5 : explain SELECT k, c FROM sbtest5 WHERE k BETWEEN 6156151 AND 6156251
	-> Index range scan on sbtest5 using k_5 over (6156151 <= k <= 6156251), with index condition: (sbtest5.k between 6156151 and 6156251)  (cost=47.1 rows=104)


table 6 : explain SELECT k, c FROM sbtest6 WHERE k BETWEEN 6156151 AND 6156251
	-> Index range scan on sbtest6 using k_6 over (6156151 <= k <= 6156251), with index condition: (sbtest6.k between 6156151 and 6156251)  (cost=48.4 rows=107)


table 7 : explain SELECT k, c FROM sbtest7 WHERE k BETWEEN 6156151 AND 6156251
	-> Index range scan on sbtest7 using k_7 over (6156151 <= k <= 6156251), with index condition: (sbtest7.k between 6156151 and 6156251)  (cost=44.4 rows=98)


table 8 : explain SELECT k, c FROM sbtest8 WHERE k BETWEEN 6156151 AND 6156251
	-> Index range scan on sbtest8 using k_8 over (6156151 <= k <= 6156251), with index condition: (sbtest8.k between 6156151 and 6156251)  (cost=47.5 rows=105)


for range-notcovered
table 1 : explain SELECT k, c FROM sbtest1 WHERE k BETWEEN 6797604 AND 6797704
	-> Index range scan on sbtest1 using k_1 over (6797604 <= k <= 6797704), with index condition: (sbtest1.k between 6797604 and 6797704)  (cost=42.1 rows=93)


table 2 : explain SELECT k, c FROM sbtest2 WHERE k BETWEEN 6797604 AND 6797704
	-> Index range scan on sbtest2 using k_2 over (6797604 <= k <= 6797704), with index condition: (sbtest2.k between 6797604 and 6797704)  (cost=43 rows=95)


table 3 : explain SELECT k, c FROM sbtest3 WHERE k BETWEEN 6797604 AND 6797704
	-> Index range scan on sbtest3 using k_3 over (6797604 <= k <= 6797704), with index condition: (sbtest3.k between 6797604 and 6797704)  (cost=50.7 rows=112)


table 4 : explain SELECT k, c FROM sbtest4 WHERE k BETWEEN 6797604 AND 6797704
	-> Index range scan on sbtest4 using k_4 over (6797604 <= k <= 6797704), with index condition: (sbtest4.k between 6797604 and 6797704)  (cost=40.3 rows=89)


table 5 : explain SELECT k, c FROM sbtest5 WHERE k BETWEEN 6797604 AND 6797704
	-> Index range scan on sbtest5 using k_5 over (6797604 <= k <= 6797704), with index condition: (sbtest5.k between 6797604 and 6797704)  (cost=42.1 rows=93)


table 6 : explain SELECT k, c FROM sbtest6 WHERE k BETWEEN 6797604 AND 6797704
	-> Index range scan on sbtest6 using k_6 over (6797604 <= k <= 6797704), with index condition: (sbtest6.k between 6797604 and 6797704)  (cost=47.5 rows=105)


table 7 : explain SELECT k, c FROM sbtest7 WHERE k BETWEEN 6797604 AND 6797704
	-> Index range scan on sbtest7 using k_7 over (6797604 <= k <= 6797704), with index condition: (sbtest7.k between 6797604 and 6797704)  (cost=47.5 rows=105)


table 8 : explain SELECT k, c FROM sbtest8 WHERE k BETWEEN 6797604 AND 6797704
	-> Index range scan on sbtest8 using k_8 over (6797604 <= k <= 6797704), with index condition: (sbtest8.k between 6797604 and 6797704)  (cost=42.6 rows=94)


for range-notcovered
table 1 : explain SELECT k, c FROM sbtest1 WHERE k BETWEEN 4485144 AND 4485244
	-> Index range scan on sbtest1 using k_1 over (4485144 <= k <= 4485244), with index condition: (sbtest1.k between 4485144 and 4485244)  (cost=49.8 rows=110)


table 2 : explain SELECT k, c FROM sbtest2 WHERE k BETWEEN 4485144 AND 4485244
	-> Index range scan on sbtest2 using k_2 over (4485144 <= k <= 4485244), with index condition: (sbtest2.k between 4485144 and 4485244)  (cost=42.6 rows=94)


table 3 : explain SELECT k, c FROM sbtest3 WHERE k BETWEEN 4485144 AND 4485244
	-> Index range scan on sbtest3 using k_3 over (4485144 <= k <= 4485244), with index condition: (sbtest3.k between 4485144 and 4485244)  (cost=49.8 rows=110)


table 4 : explain SELECT k, c FROM sbtest4 WHERE k BETWEEN 4485144 AND 4485244
	-> Index range scan on sbtest4 using k_4 over (4485144 <= k <= 4485244), with index condition: (sbtest4.k between 4485144 and 4485244)  (cost=38.1 rows=84)


table 5 : explain SELECT k, c FROM sbtest5 WHERE k BETWEEN 4485144 AND 4485244
	-> Index range scan on sbtest5 using k_5 over (4485144 <= k <= 4485244), with index condition: (sbtest5.k between 4485144 and 4485244)  (cost=53.4 rows=118)


table 6 : explain SELECT k, c FROM sbtest6 WHERE k BETWEEN 4485144 AND 4485244
	-> Index range scan on sbtest6 using k_6 over (4485144 <= k <= 4485244), with index condition: (sbtest6.k between 4485144 and 4485244)  (cost=48 rows=106)


table 7 : explain SELECT k, c FROM sbtest7 WHERE k BETWEEN 4485144 AND 4485244
	-> Index range scan on sbtest7 using k_7 over (4485144 <= k <= 4485244), with index condition: (sbtest7.k between 4485144 and 4485244)  (cost=42.6 rows=94)


table 8 : explain SELECT k, c FROM sbtest8 WHERE k BETWEEN 4485144 AND 4485244
	-> Index range scan on sbtest8 using k_8 over (4485144 <= k <= 4485244), with index condition: (sbtest8.k between 4485144 and 4485244)  (cost=46.2 rows=102)


explain: for range-notcovered :: explain SELECT k, c FROM sbtest%d WHERE k BETWEEN 6156151 AND 6156251

explain: for range-notcovered :: explain SELECT k, c FROM sbtest%d WHERE k BETWEEN 8894786 AND 8894886for range-notcovered
table 1 : explain SELECT k, c FROM sbtest1 WHERE k BETWEEN 4742653 AND 4742753
	-> Index range scan on sbtest1 using k_1 over (4742653 <= k <= 4742753), with index condition: (sbtest1.k between 4742653 and 4742753)  (cost=46.2 rows=102)


table 2 : explain SELECT k, c FROM sbtest2 WHERE k BETWEEN 4742653 AND 4742753
	-> Index range scan on sbtest2 using k_2 over (4742653 <= k <= 4742753), with index condition: (sbtest2.k between 4742653 and 4742753)  (cost=44.8 rows=99)


table 3 : explain SELECT k, c FROM sbtest3 WHERE k BETWEEN 4742653 AND 4742753
	-> Index range scan on sbtest3 using k_3 over (4742653 <= k <= 4742753), with index condition: (sbtest3.k between 4742653 and 4742753)  (cost=37.6 rows=83)


table 4 : explain SELECT k, c FROM sbtest4 WHERE k BETWEEN 4742653 AND 4742753
	-> Index range scan on sbtest4 using k_4 over (4742653 <= k <= 4742753), with index condition: (sbtest4.k between 4742653 and 4742753)  (cost=39.9 rows=88)


table 5 : explain SELECT k, c FROM sbtest5 WHERE k BETWEEN 4742653 AND 4742753
	-> Index range scan on sbtest5 using k_5 over (4742653 <= k <= 4742753), with index condition: (sbtest5.k between 4742653 and 4742753)  (cost=55.2 rows=122)


table 6 : explain SELECT k, c FROM sbtest6 WHERE k BETWEEN 4742653 AND 4742753
	-> Index range scan on sbtest6 using k_6 over (4742653 <= k <= 4742753), with index condition: (sbtest6.k between 4742653 and 4742753)  (cost=44.4 rows=98)


table 7 : explain SELECT k, c FROM sbtest7 WHERE k BETWEEN 4742653 AND 4742753
	-> Index range scan on sbtest7 using k_7 over (4742653 <= k <= 4742753), with index condition: (sbtest7.k between 4742653 and 4742753)  (cost=43.9 rows=97)


table 8 : explain SELECT k, c FROM sbtest8 WHERE k BETWEEN 4742653 AND 4742753
	-> Index range scan on sbtest8 using k_8 over (4742653 <= k <= 4742753), with index condition: (sbtest8.k between 4742653 and 4742753)  (cost=43.9 rows=97)


for range-notcovered
table 1 : explain SELECT k, c FROM sbtest1 WHERE k BETWEEN 6652235 AND 6652335
	-> Index range scan on sbtest1 using k_1 over (6652235 <= k <= 6652335), with index condition: (sbtest1.k between 6652235 and 6652335)  (cost=42.6 rows=94)


table 2 : explain SELECT k, c FROM sbtest2 WHERE k BETWEEN 6652235 AND 6652335
	-> Index range scan on sbtest2 using k_2 over (6652235 <= k <= 6652335), with index condition: (sbtest2.k between 6652235 and 6652335)  (cost=50.2 rows=111)


table 3 : explain SELECT k, c FROM sbtest3 WHERE k BETWEEN 6652235 AND 6652335
	-> Index range scan on sbtest3 using k_3 over (6652235 <= k <= 6652335), with index condition: (sbtest3.k between 6652235 and 6652335)  (cost=43.5 rows=96)


table 4 : explain SELECT k, c FROM sbtest4 WHERE k BETWEEN 6652235 AND 6652335
	-> Index range scan on sbtest4 using k_4 over (6652235 <= k <= 6652335), with index condition: (sbtest4.k between 6652235 and 6652335)  (cost=48 rows=106)


table 5 : explain SELECT k, c FROM sbtest5 WHERE k BETWEEN 6652235 AND 6652335
	-> Index range scan on sbtest5 using k_5 over (6652235 <= k <= 6652335), with index condition: (sbtest5.k between 6652235 and 6652335)  (cost=42.1 rows=93)


table 6 : explain SELECT k, c FROM sbtest6 WHERE k BETWEEN 6652235 AND 6652335
	-> Index range scan on sbtest6 using k_6 over (6652235 <= k <= 6652335), with index condition: (sbtest6.k between 6652235 and 6652335)  (cost=41.2 rows=91)


table 7 : explain SELECT k, c FROM sbtest7 WHERE k BETWEEN 6652235 AND 6652335
	-> Index range scan on sbtest7 using k_7 over (6652235 <= k <= 6652335), with index condition: (sbtest7.k between 6652235 and 6652335)  (cost=44.8 rows=99)


table 8 : explain SELECT k, c FROM sbtest8 WHERE k BETWEEN 6652235 AND 6652335
	-> Index range scan on sbtest8 using k_8 over (6652235 <= k <= 6652335), with index condition: (sbtest8.k between 6652235 and 6652335)  (cost=43.5 rows=96)


explain: for range-notcovered :: explain SELECT k, c FROM sbtest%d WHERE k BETWEEN 6797604 AND 6797704
for range-notcovered
table 1 : explain SELECT k, c FROM sbtest1 WHERE k BETWEEN 8269975 AND 8270075
	-> Index range scan on sbtest1 using k_1 over (8269975 <= k <= 8270075), with index condition: (sbtest1.k between 8269975 and 8270075)  (cost=43 rows=95)


table 2 : explain SELECT k, c FROM sbtest2 WHERE k BETWEEN 8269975 AND 8270075
	-> Index range scan on sbtest2 using k_2 over (8269975 <= k <= 8270075), with index condition: (sbtest2.k between 8269975 and 8270075)  (cost=41.7 rows=92)


table 3 : explain SELECT k, c FROM sbtest3 WHERE k BETWEEN 8269975 AND 8270075
	-> Index range scan on sbtest3 using k_3 over (8269975 <= k <= 8270075), with index condition: (sbtest3.k between 8269975 and 8270075)  (cost=45.3 rows=100)


table 4 : explain SELECT k, c FROM sbtest4 WHERE k BETWEEN 8269975 AND 8270075
	-> Index range scan on sbtest4 using k_4 over (8269975 <= k <= 8270075), with index condition: (sbtest4.k between 8269975 and 8270075)  (cost=38.1 rows=84)


table 5 : explain SELECT k, c FROM sbtest5 WHERE k BETWEEN 8269975 AND 8270075
	-> Index range scan on sbtest5 using k_5 over (8269975 <= k <= 8270075), with index condition: (sbtest5.k between 8269975 and 8270075)  (cost=40.8 rows=90)


table 6 : explain SELECT k, c FROM sbtest6 WHERE k BETWEEN 8269975 AND 8270075
	-> Index range scan on sbtest6 using k_6 over (8269975 <= k <= 8270075), with index condition: (sbtest6.k between 8269975 and 8270075)  (cost=46.6 rows=103)


table 7 : explain SELECT k, c FROM sbtest7 WHERE k BETWEEN 8269975 AND 8270075
	-> Index range scan on sbtest7 using k_7 over (8269975 <= k <= 8270075), with index condition: (sbtest7.k between 8269975 and 8270075)  (cost=40.3 rows=89)


table 8 : explain SELECT k, c FROM sbtest8 WHERE k BETWEEN 8269975 AND 8270075
	-> Index range scan on sbtest8 using k_8 over (8269975 <= k <= 8270075), with index condition: (sbtest8.k between 8269975 and 8270075)  (cost=48 rows=106)

for range-notcovered
table 1 : explain SELECT k, c FROM sbtest1 WHERE k BETWEEN 5340685 AND 5340785
	-> Index range scan on sbtest1 using k_1 over (5340685 <= k <= 5340785), with index condition: (sbtest1.k between 5340685 and 5340785)  (cost=42.1 rows=93)


table 2 : explain SELECT k, c FROM sbtest2 WHERE k BETWEEN 5340685 AND 5340785
	-> Index range scan on sbtest2 using k_2 over (5340685 <= k <= 5340785), with index condition: (sbtest2.k between 5340685 and 5340785)  (cost=46.2 rows=102)


table 3 : explain SELECT k, c FROM sbtest3 WHERE k BETWEEN 5340685 AND 5340785
	-> Index range scan on sbtest3 using k_3 over (5340685 <= k <= 5340785), with index condition: (sbtest3.k between 5340685 and 5340785)  (cost=40.8 rows=90)


table 4 : explain SELECT k, c FROM sbtest4 WHERE k BETWEEN 5340685 AND 5340785
	-> Index range scan on sbtest4 using k_4 over (5340685 <= k <= 5340785), with index condition: (sbtest4.k between 5340685 and 5340785)  (cost=48.9 rows=108)


table 5 : explain SELECT k, c FROM sbtest5 WHERE k BETWEEN 5340685 AND 5340785
	-> Index range scan on sbtest5 using k_5 over (5340685 <= k <= 5340785), with index condition: (sbtest5.k between 5340685 and 5340785)  (cost=38.5 rows=85)


table 6 : explain SELECT k, c FROM sbtest6 WHERE k BETWEEN 5340685 AND 5340785
	-> Index range scan on sbtest6 using k_6 over (5340685 <= k <= 5340785), with index condition: (sbtest6.k between 5340685 and 5340785)  (cost=49.3 rows=109)


table 7 : explain SELECT k, c FROM sbtest7 WHERE k BETWEEN 5340685 AND 5340785
	-> Index range scan on sbtest7 using k_7 over (5340685 <= k <= 5340785), with index condition: (sbtest7.k between 5340685 and 5340785)  (cost=48 rows=106)


table 8 : explain SELECT k, c FROM sbtest8 WHERE k BETWEEN 5340685 AND 5340785
	-> Index range scan on sbtest8 using k_8 over (5340685 <= k <= 5340785), with index condition: (sbtest8.k between 5340685 and 5340785)  (cost=42.1 rows=93)


for range-notcovered
table 1 : explain SELECT k, c FROM sbtest1 WHERE k BETWEEN 4587498 AND 4587598
	-> Index range scan on sbtest1 using k_1 over (4587498 <= k <= 4587598), with index condition: (sbtest1.k between 4587498 and 4587598)  (cost=42.1 rows=93)


table 2 : explain SELECT k, c FROM sbtest2 WHERE k BETWEEN 4587498 AND 4587598
	-> Index range scan on sbtest2 using k_2 over (4587498 <= k <= 4587598), with index condition: (sbtest2.k between 4587498 and 4587598)  (cost=47.5 rows=105)


table 3 : explain SELECT k, c FROM sbtest3 WHERE k BETWEEN 4587498 AND 4587598
	-> Index range scan on sbtest3 using k_3 over (4587498 <= k <= 4587598), with index condition: (sbtest3.k between 4587498 and 4587598)  (cost=39.9 rows=88)


table 4 : explain SELECT k, c FROM sbtest4 WHERE k BETWEEN 4587498 AND 4587598
	-> Index range scan on sbtest4 using k_4 over (4587498 <= k <= 4587598), with index condition: (sbtest4.k between 4587498 and 4587598)  (cost=39.4 rows=87)


table 5 : explain SELECT k, c FROM sbtest5 WHERE k BETWEEN 4587498 AND 4587598
	-> Index range scan on sbtest5 using k_5 over (4587498 <= k <= 4587598), with index condition: (sbtest5.k between 4587498 and 4587598)  (cost=55.2 rows=122)


table 6 : explain SELECT k, c FROM sbtest6 WHERE k BETWEEN 4587498 AND 4587598
	-> Index range scan on sbtest6 using k_6 over (4587498 <= k <= 4587598), with index condition: (sbtest6.k between 4587498 and 4587598)  (cost=48.9 rows=108)


table 7 : explain SELECT k, c FROM sbtest7 WHERE k BETWEEN 4587498 AND 4587598
	-> Index range scan on sbtest7 using k_7 over (4587498 <= k <= 4587598), with index condition: (sbtest7.k between 4587498 and 4587598)  (cost=54.3 rows=120)


table 8 : explain SELECT k, c FROM sbtest8 WHERE k BETWEEN 4587498 AND 4587598
	-> Index range scan on sbtest8 using k_8 over (4587498 <= k <= 4587598), with index condition: (sbtest8.k between 4587498 and 4587598)  (cost=51.6 rows=114)


for range-notcovered
table 1 : explain SELECT k, c FROM sbtest1 WHERE k BETWEEN 4399788 AND 4399888
	-> Index range scan on sbtest1 using k_1 over (4399788 <= k <= 4399888), with index condition: (sbtest1.k between 4399788 and 4399888)  (cost=46.6 rows=103)


table 2 : explain SELECT k, c FROM sbtest2 WHERE k BETWEEN 4399788 AND 4399888
	-> Index range scan on sbtest2 using k_2 over (4399788 <= k <= 4399888), with index condition: (sbtest2.k between 4399788 and 4399888)  (cost=44.8 rows=99)


table 3 : explain SELECT k, c FROM sbtest3 WHERE k BETWEEN 4399788 AND 4399888
	-> Index range scan on sbtest3 using k_3 over (4399788 <= k <= 4399888), with index condition: (sbtest3.k between 4399788 and 4399888)  (cost=52.9 rows=117)


table 4 : explain SELECT k, c FROM sbtest4 WHERE k BETWEEN 4399788 AND 4399888
	-> Index range scan on sbtest4 using k_4 over (4399788 <= k <= 4399888), with index condition: (sbtest4.k between 4399788 and 4399888)  (cost=44.4 rows=98)


table 5 : explain SELECT k, c FROM sbtest5 WHERE k BETWEEN 4399788 AND 4399888
	-> Index range scan on sbtest5 using k_5 over (4399788 <= k <= 4399888), with index condition: (sbtest5.k between 4399788 and 4399888)  (cost=48.4 rows=107)


table 6 : explain SELECT k, c FROM sbtest6 WHERE k BETWEEN 4399788 AND 4399888
	-> Index range scan on sbtest6 using k_6 over (4399788 <= k <= 4399888), with index condition: (sbtest6.k between 4399788 and 4399888)  (cost=45.3 rows=100)


table 7 : explain SELECT k, c FROM sbtest7 WHERE k BETWEEN 4399788 AND 4399888
	-> Index range scan on sbtest7 using k_7 over (4399788 <= k <= 4399888), with index condition: (sbtest7.k between 4399788 and 4399888)  (cost=54.3 rows=120)


table 8 : explain SELECT k, c FROM sbtest8 WHERE k BETWEEN 4399788 AND 4399888
	-> Index range scan on sbtest8 using k_8 over (4399788 <= k <= 4399888), with index condition: (sbtest8.k between 4399788 and 4399888)  (cost=43.5 rows=96)



explain: for range-notcovered :: explain SELECT k, c FROM sbtest%d WHERE k BETWEEN 4485144 AND 4485244

explain: for range-notcovered :: explain SELECT k, c FROM sbtest%d WHERE k BETWEEN 4742653 AND 4742753explain: for range-notcovered :: explain SELECT k, c FROM sbtest%d WHERE k BETWEEN 5340685 AND 5340785explain: for range-notcovered :: explain SELECT k, c FROM sbtest%d WHERE k BETWEEN 4587498 AND 4587598
for range-notcovered
table 1 : explain SELECT k, c FROM sbtest1 WHERE k BETWEEN 1773117 AND 1773217
	-> Index range scan on sbtest1 using k_1 over (1773117 <= k <= 1773217), with index condition: (sbtest1.k between 1773117 and 1773217)  (cost=41.7 rows=92)


table 2 : explain SELECT k, c FROM sbtest2 WHERE k BETWEEN 1773117 AND 1773217
	-> Index range scan on sbtest2 using k_2 over (1773117 <= k <= 1773217), with index condition: (sbtest2.k between 1773117 and 1773217)  (cost=45.3 rows=100)


table 3 : explain SELECT k, c FROM sbtest3 WHERE k BETWEEN 1773117 AND 1773217
	-> Index range scan on sbtest3 using k_3 over (1773117 <= k <= 1773217), with index condition: (sbtest3.k between 1773117 and 1773217)  (cost=47.5 rows=105)


table 4 : explain SELECT k, c FROM sbtest4 WHERE k BETWEEN 1773117 AND 1773217
	-> Index range scan on sbtest4 using k_4 over (1773117 <= k <= 1773217), with index condition: (sbtest4.k between 1773117 and 1773217)  (cost=42.6 rows=94)


table 5 : explain SELECT k, c FROM sbtest5 WHERE k BETWEEN 1773117 AND 1773217
	-> Index range scan on sbtest5 using k_5 over (1773117 <= k <= 1773217), with index condition: (sbtest5.k between 1773117 and 1773217)  (cost=48.9 rows=108)


table 6 : explain SELECT k, c FROM sbtest6 WHERE k BETWEEN 1773117 AND 1773217
	-> Index range scan on sbtest6 using k_6 over (1773117 <= k <= 1773217), with index condition: (sbtest6.k between 1773117 and 1773217)  (cost=48.4 rows=107)


table 7 : explain SELECT k, c FROM sbtest7 WHERE k BETWEEN 1773117 AND 1773217
	-> Index range scan on sbtest7 using k_7 over (1773117 <= k <= 1773217), with index condition: (sbtest7.k between 1773117 and 1773217)  (cost=46.6 rows=103)


table 8 : explain SELECT k, c FROM sbtest8 WHERE k BETWEEN 1773117 AND 1773217
	-> Index range scan on sbtest8 using k_8 over (1773117 <= k <= 1773217), with index condition: (sbtest8.k between 1773117 and 1773217)  (cost=43 rows=95)



for range-notcovered
table 1 : explain SELECT k, c FROM sbtest1 WHERE k BETWEEN 4693750 AND 4693850
	-> Index range scan on sbtest1 using k_1 over (4693750 <= k <= 4693850), with index condition: (sbtest1.k between 4693750 and 4693850)  (cost=41.7 rows=92)


table 2 : explain SELECT k, c FROM sbtest2 WHERE k BETWEEN 4693750 AND 4693850
	-> Index range scan on sbtest2 using k_2 over (4693750 <= k <= 4693850), with index condition: (sbtest2.k between 4693750 and 4693850)  (cost=40.8 rows=90)


table 3 : explain SELECT k, c FROM sbtest3 WHERE k BETWEEN 4693750 AND 4693850
	-> Index range scan on sbtest3 using k_3 over (4693750 <= k <= 4693850), with index condition: (sbtest3.k between 4693750 and 4693850)  (cost=46.6 rows=103)


table 4 : explain SELECT k, c FROM sbtest4 WHERE k BETWEEN 4693750 AND 4693850
	-> Index range scan on sbtest4 using k_4 over (4693750 <= k <= 4693850), with index condition: (sbtest4.k between 4693750 and 4693850)  (cost=46.2 rows=102)


table 5 : explain SELECT k, c FROM sbtest5 WHERE k BETWEEN 4693750 AND 4693850
	-> Index range scan on sbtest5 using k_5 over (4693750 <= k <= 4693850), with index condition: (sbtest5.k between 4693750 and 4693850)  (cost=50.2 rows=111)


table 6 : explain SELECT k, c FROM sbtest6 WHERE k BETWEEN 4693750 AND 4693850
	-> Index range scan on sbtest6 using k_6 over (4693750 <= k <= 4693850), with index condition: (sbtest6.k between 4693750 and 4693850)  (cost=38.1 rows=84)


table 7 : explain SELECT k, c FROM sbtest7 WHERE k BETWEEN 4693750 AND 4693850
	-> Index range scan on sbtest7 using k_7 over (4693750 <= k <= 4693850), with index condition: (sbtest7.k between 4693750 and 4693850)  (cost=35.8 rows=79)


table 8 : explain SELECT k, c FROM sbtest8 WHERE k BETWEEN 4693750 AND 4693850
	-> Index range scan on sbtest8 using k_8 over (4693750 <= k <= 4693850), with index condition: (sbtest8.k between 4693750 and 4693850)  (cost=40.3 rows=89)


explain: for range-notcovered :: explain SELECT k, c FROM sbtest%d WHERE k BETWEEN 4399788 AND 4399888
explain: for range-notcovered :: explain SELECT k, c FROM sbtest%d WHERE k BETWEEN 8269975 AND 8270075for range-notcovered
table 1 : explain SELECT k, c FROM sbtest1 WHERE k BETWEEN 7513703 AND 7513803
	-> Index range scan on sbtest1 using k_1 over (7513703 <= k <= 7513803), with index condition: (sbtest1.k between 7513703 and 7513803)  (cost=46.2 rows=102)


table 2 : explain SELECT k, c FROM sbtest2 WHERE k BETWEEN 7513703 AND 7513803
	-> Index range scan on sbtest2 using k_2 over (7513703 <= k <= 7513803), with index condition: (sbtest2.k between 7513703 and 7513803)  (cost=47.5 rows=105)


table 3 : explain SELECT k, c FROM sbtest3 WHERE k BETWEEN 7513703 AND 7513803
	-> Index range scan on sbtest3 using k_3 over (7513703 <= k <= 7513803), with index condition: (sbtest3.k between 7513703 and 7513803)  (cost=45.3 rows=100)


table 4 : explain SELECT k, c FROM sbtest4 WHERE k BETWEEN 7513703 AND 7513803
	-> Index range scan on sbtest4 using k_4 over (7513703 <= k <= 7513803), with index condition: (sbtest4.k between 7513703 and 7513803)  (cost=50.2 rows=111)


table 5 : explain SELECT k, c FROM sbtest5 WHERE k BETWEEN 7513703 AND 7513803
	-> Index range scan on sbtest5 using k_5 over (7513703 <= k <= 7513803), with index condition: (sbtest5.k between 7513703 and 7513803)  (cost=45.7 rows=101)


table 6 : explain SELECT k, c FROM sbtest6 WHERE k BETWEEN 7513703 AND 7513803
	-> Index range scan on sbtest6 using k_6 over (7513703 <= k <= 7513803), with index condition: (sbtest6.k between 7513703 and 7513803)  (cost=41.7 rows=92)


table 7 : explain SELECT k, c FROM sbtest7 WHERE k BETWEEN 7513703 AND 7513803
	-> Index range scan on sbtest7 using k_7 over (7513703 <= k <= 7513803), with index condition: (sbtest7.k between 7513703 and 7513803)  (cost=45.7 rows=101)


table 8 : explain SELECT k, c FROM sbtest8 WHERE k BETWEEN 7513703 AND 7513803
	-> Index range scan on sbtest8 using k_8 over (7513703 <= k <= 7513803), with index condition: (sbtest8.k between 7513703 and 7513803)  (cost=43 rows=95)

explain: for range-notcovered :: explain SELECT k, c FROM sbtest%d WHERE k BETWEEN 6684560 AND 6684660for range-notcovered
table 1 : explain SELECT k, c FROM sbtest1 WHERE k BETWEEN 6706397 AND 6706497
	-> Index range scan on sbtest1 using k_1 over (6706397 <= k <= 6706497), with index condition: (sbtest1.k between 6706397 and 6706497)  (cost=51.1 rows=113)


table 2 : explain SELECT k, c FROM sbtest2 WHERE k BETWEEN 6706397 AND 6706497
	-> Index range scan on sbtest2 using k_2 over (6706397 <= k <= 6706497), with index condition: (sbtest2.k between 6706397 and 6706497)  (cost=47.1 rows=104)


table 3 : explain SELECT k, c FROM sbtest3 WHERE k BETWEEN 6706397 AND 6706497
	-> Index range scan on sbtest3 using k_3 over (6706397 <= k <= 6706497), with index condition: (sbtest3.k between 6706397 and 6706497)  (cost=49.8 rows=110)


table 4 : explain SELECT k, c FROM sbtest4 WHERE k BETWEEN 6706397 AND 6706497
	-> Index range scan on sbtest4 using k_4 over (6706397 <= k <= 6706497), with index condition: (sbtest4.k between 6706397 and 6706497)  (cost=40.3 rows=89)


table 5 : explain SELECT k, c FROM sbtest5 WHERE k BETWEEN 6706397 AND 6706497
	-> Index range scan on sbtest5 using k_5 over (6706397 <= k <= 6706497), with index condition: (sbtest5.k between 6706397 and 6706497)  (cost=44.4 rows=98)


table 6 : explain SELECT k, c FROM sbtest6 WHERE k BETWEEN 6706397 AND 6706497
	-> Index range scan on sbtest6 using k_6 over (6706397 <= k <= 6706497), with index condition: (sbtest6.k between 6706397 and 6706497)  (cost=43 rows=95)


table 7 : explain SELECT k, c FROM sbtest7 WHERE k BETWEEN 6706397 AND 6706497
	-> Index range scan on sbtest7 using k_7 over (6706397 <= k <= 6706497), with index condition: (sbtest7.k between 6706397 and 6706497)  (cost=53.4 rows=118)


table 8 : explain SELECT k, c FROM sbtest8 WHERE k BETWEEN 6706397 AND 6706497
	-> Index range scan on sbtest8 using k_8 over (6706397 <= k <= 6706497), with index condition: (sbtest8.k between 6706397 and 6706497)  (cost=48 rows=106)



for range-notcovered
table 1 : explain SELECT k, c FROM sbtest1 WHERE k BETWEEN 7267870 AND 7267970
	-> Index range scan on sbtest1 using k_1 over (7267870 <= k <= 7267970), with index condition: (sbtest1.k between 7267870 and 7267970)  (cost=45.3 rows=100)


table 2 : explain SELECT k, c FROM sbtest2 WHERE k BETWEEN 7267870 AND 7267970
	-> Index range scan on sbtest2 using k_2 over (7267870 <= k <= 7267970), with index condition: (sbtest2.k between 7267870 and 7267970)  (cost=52 rows=115)


table 3 : explain SELECT k, c FROM sbtest3 WHERE k BETWEEN 7267870 AND 7267970
	-> Index range scan on sbtest3 using k_3 over (7267870 <= k <= 7267970), with index condition: (sbtest3.k between 7267870 and 7267970)  (cost=48.9 rows=108)


table 4 : explain SELECT k, c FROM sbtest4 WHERE k BETWEEN 7267870 AND 7267970
	-> Index range scan on sbtest4 using k_4 over (7267870 <= k <= 7267970), with index condition: (sbtest4.k between 7267870 and 7267970)  (cost=48.4 rows=107)


table 5 : explain SELECT k, c FROM sbtest5 WHERE k BETWEEN 7267870 AND 7267970
	-> Index range scan on sbtest5 using k_5 over (7267870 <= k <= 7267970), with index condition: (sbtest5.k between 7267870 and 7267970)  (cost=43.9 rows=97)


table 6 : explain SELECT k, c FROM sbtest6 WHERE k BETWEEN 7267870 AND 7267970
	-> Index range scan on sbtest6 using k_6 over (7267870 <= k <= 7267970), with index condition: (sbtest6.k between 7267870 and 7267970)  (cost=44.8 rows=99)


table 7 : explain SELECT k, c FROM sbtest7 WHERE k BETWEEN 7267870 AND 7267970
	-> Index range scan on sbtest7 using k_7 over (7267870 <= k <= 7267970), with index condition: (sbtest7.k between 7267870 and 7267970)  (cost=58.8 rows=130)


table 8 : explain SELECT k, c FROM sbtest8 WHERE k BETWEEN 7267870 AND 7267970
	-> Index range scan on sbtest8 using k_8 over (7267870 <= k <= 7267970), with index condition: (sbtest8.k between 7267870 and 7267970)  (cost=46.2 rows=102)



for range-notcovered
table 1 : explain SELECT k, c FROM sbtest1 WHERE k BETWEEN 4132964 AND 4133064
	-> Index range scan on sbtest1 using k_1 over (4132964 <= k <= 4133064), with index condition: (sbtest1.k between 4132964 and 4133064)  (cost=43.5 rows=96)


table 2 : explain SELECT k, c FROM sbtest2 WHERE k BETWEEN 4132964 AND 4133064
	-> Index range scan on sbtest2 using k_2 over (4132964 <= k <= 4133064), with index condition: (sbtest2.k between 4132964 and 4133064)  (cost=40.8 rows=90)


table 3 : explain SELECT k, c FROM sbtest3 WHERE k BETWEEN 4132964 AND 4133064
	-> Index range scan on sbtest3 using k_3 over (4132964 <= k <= 4133064), with index condition: (sbtest3.k between 4132964 and 4133064)  (cost=45.7 rows=101)


table 4 : explain SELECT k, c FROM sbtest4 WHERE k BETWEEN 4132964 AND 4133064
	-> Index range scan on sbtest4 using k_4 over (4132964 <= k <= 4133064), with index condition: (sbtest4.k between 4132964 and 4133064)  (cost=44.8 rows=99)


table 5 : explain SELECT k, c FROM sbtest5 WHERE k BETWEEN 4132964 AND 4133064
	-> Index range scan on sbtest5 using k_5 over (4132964 <= k <= 4133064), with index condition: (sbtest5.k between 4132964 and 4133064)  (cost=45.7 rows=101)


table 6 : explain SELECT k, c FROM sbtest6 WHERE k BETWEEN 4132964 AND 4133064
	-> Index range scan on sbtest6 using k_6 over (4132964 <= k <= 4133064), with index condition: (sbtest6.k between 4132964 and 4133064)  (cost=43.5 rows=96)


table 7 : explain SELECT k, c FROM sbtest7 WHERE k BETWEEN 4132964 AND 4133064
	-> Index range scan on sbtest7 using k_7 over (4132964 <= k <= 4133064), with index condition: (sbtest7.k between 4132964 and 4133064)  (cost=51.6 rows=114)


table 8 : explain SELECT k, c FROM sbtest8 WHERE k BETWEEN 4132964 AND 4133064
	-> Index range scan on sbtest8 using k_8 over (4132964 <= k <= 4133064), with index condition: (sbtest8.k between 4132964 and 4133064)  (cost=38.5 rows=85)


for range-notcovered
table 1 : explain SELECT k, c FROM sbtest1 WHERE k BETWEEN 5968466 AND 5968566
	-> Index range scan on sbtest1 using k_1 over (5968466 <= k <= 5968566), with index condition: (sbtest1.k between 5968466 and 5968566)  (cost=39.4 rows=87)


table 2 : explain SELECT k, c FROM sbtest2 WHERE k BETWEEN 5968466 AND 5968566
	-> Index range scan on sbtest2 using k_2 over (5968466 <= k <= 5968566), with index condition: (sbtest2.k between 5968466 and 5968566)  (cost=43.5 rows=96)


table 3 : explain SELECT k, c FROM sbtest3 WHERE k BETWEEN 5968466 AND 5968566
	-> Index range scan on sbtest3 using k_3 over (5968466 <= k <= 5968566), with index condition: (sbtest3.k between 5968466 and 5968566)  (cost=52.5 rows=116)


table 4 : explain SELECT k, c FROM sbtest4 WHERE k BETWEEN 5968466 AND 5968566
	-> Index range scan on sbtest4 using k_4 over (5968466 <= k <= 5968566), with index condition: (sbtest4.k between 5968466 and 5968566)  (cost=58.3 rows=129)


table 5 : explain SELECT k, c FROM sbtest5 WHERE k BETWEEN 5968466 AND 5968566
	-> Index range scan on sbtest5 using k_5 over (5968466 <= k <= 5968566), with index condition: (sbtest5.k between 5968466 and 5968566)  (cost=42.1 rows=93)


table 6 : explain SELECT k, c FROM sbtest6 WHERE k BETWEEN 5968466 AND 5968566
	-> Index range scan on sbtest6 using k_6 over (5968466 <= k <= 5968566), with index condition: (sbtest6.k between 5968466 and 5968566)  (cost=39 rows=86)


table 7 : explain SELECT k, c FROM sbtest7 WHERE k BETWEEN 5968466 AND 5968566
	-> Index range scan on sbtest7 using k_7 over (5968466 <= k <= 5968566), with index condition: (sbtest7.k between 5968466 and 5968566)  (cost=49.3 rows=109)


table 8 : explain SELECT k, c FROM sbtest8 WHERE k BETWEEN 5968466 AND 5968566
	-> Index range scan on sbtest8 using k_8 over (5968466 <= k <= 5968566), with index condition: (sbtest8.k between 5968466 and 5968566)  (cost=42.6 rows=94)




explain: for range-notcovered :: explain SELECT k, c FROM sbtest%d WHERE k BETWEEN 6706397 AND 6706497
explain: for range-notcovered :: explain SELECT k, c FROM sbtest%d WHERE k BETWEEN 4132964 AND 4133064
explain: for range-notcovered :: explain SELECT k, c FROM sbtest%d WHERE k BETWEEN 7267870 AND 7267970
for range-notcovered
table 1 : explain SELECT k, c FROM sbtest1 WHERE k BETWEEN 7765506 AND 7765606
	-> Index range scan on sbtest1 using k_1 over (7765506 <= k <= 7765606), with index condition: (sbtest1.k between 7765506 and 7765606)  (cost=51.1 rows=113)


table 2 : explain SELECT k, c FROM sbtest2 WHERE k BETWEEN 7765506 AND 7765606
	-> Index range scan on sbtest2 using k_2 over (7765506 <= k <= 7765606), with index condition: (sbtest2.k between 7765506 and 7765606)  (cost=52.9 rows=117)


table 3 : explain SELECT k, c FROM sbtest3 WHERE k BETWEEN 7765506 AND 7765606
	-> Index range scan on sbtest3 using k_3 over (7765506 <= k <= 7765606), with index condition: (sbtest3.k between 7765506 and 7765606)  (cost=49.8 rows=110)


table 4 : explain SELECT k, c FROM sbtest4 WHERE k BETWEEN 7765506 AND 7765606
	-> Index range scan on sbtest4 using k_4 over (7765506 <= k <= 7765606), with index condition: (sbtest4.k between 7765506 and 7765606)  (cost=42.1 rows=93)


table 5 : explain SELECT k, c FROM sbtest5 WHERE k BETWEEN 7765506 AND 7765606
	-> Index range scan on sbtest5 using k_5 over (7765506 <= k <= 7765606), with index condition: (sbtest5.k between 7765506 and 7765606)  (cost=51.6 rows=114)


table 6 : explain SELECT k, c FROM sbtest6 WHERE k BETWEEN 7765506 AND 7765606
	-> Index range scan on sbtest6 using k_6 over (7765506 <= k <= 7765606), with index condition: (sbtest6.k between 7765506 and 7765606)  (cost=44.4 rows=98)


table 7 : explain SELECT k, c FROM sbtest7 WHERE k BETWEEN 7765506 AND 7765606
	-> Index range scan on sbtest7 using k_7 over (7765506 <= k <= 7765606), with index condition: (sbtest7.k between 7765506 and 7765606)  (cost=42.6 rows=94)


table 8 : explain SELECT k, c FROM sbtest8 WHERE k BETWEEN 7765506 AND 7765606
	-> Index range scan on sbtest8 using k_8 over (7765506 <= k <= 7765606), with index condition: (sbtest8.k between 7765506 and 7765606)  (cost=48 rows=106)


for range-notcovered
table 1 : explain SELECT k, c FROM sbtest1 WHERE k BETWEEN 6624859 AND 6624959
	-> Index range scan on sbtest1 using k_1 over (6624859 <= k <= 6624959), with index condition: (sbtest1.k between 6624859 and 6624959)  (cost=50.7 rows=112)


table 2 : explain SELECT k, c FROM sbtest2 WHERE k BETWEEN 6624859 AND 6624959
	-> Index range scan on sbtest2 using k_2 over (6624859 <= k <= 6624959), with index condition: (sbtest2.k between 6624859 and 6624959)  (cost=44.4 rows=98)


table 3 : explain SELECT k, c FROM sbtest3 WHERE k BETWEEN 6624859 AND 6624959
	-> Index range scan on sbtest3 using k_3 over (6624859 <= k <= 6624959), with index condition: (sbtest3.k between 6624859 and 6624959)  (cost=47.5 rows=105)


table 4 : explain SELECT k, c FROM sbtest4 WHERE k BETWEEN 6624859 AND 6624959
	-> Index range scan on sbtest4 using k_4 over (6624859 <= k <= 6624959), with index condition: (sbtest4.k between 6624859 and 6624959)  (cost=40.8 rows=90)


table 5 : explain SELECT k, c FROM sbtest5 WHERE k BETWEEN 6624859 AND 6624959
	-> Index range scan on sbtest5 using k_5 over (6624859 <= k <= 6624959), with index condition: (sbtest5.k between 6624859 and 6624959)  (cost=37.6 rows=83)


table 6 : explain SELECT k, c FROM sbtest6 WHERE k BETWEEN 6624859 AND 6624959
	-> Index range scan on sbtest6 using k_6 over (6624859 <= k <= 6624959), with index condition: (sbtest6.k between 6624859 and 6624959)  (cost=50.2 rows=111)


table 7 : explain SELECT k, c FROM sbtest7 WHERE k BETWEEN 6624859 AND 6624959
	-> Index range scan on sbtest7 using k_7 over (6624859 <= k <= 6624959), with index condition: (sbtest7.k between 6624859 and 6624959)  (cost=41.7 rows=92)


table 8 : explain SELECT k, c FROM sbtest8 WHERE k BETWEEN 6624859 AND 6624959
	-> Index range scan on sbtest8 using k_8 over (6624859 <= k <= 6624959), with index condition: (sbtest8.k between 6624859 and 6624959)  (cost=48 rows=106)

for range-notcovered
table 1 : explain SELECT k, c FROM sbtest1 WHERE k BETWEEN 3471197 AND 3471297
	-> Index range scan on sbtest1 using k_1 over (3471197 <= k <= 3471297), with index condition: (sbtest1.k between 3471197 and 3471297)  (cost=48.4 rows=107)


table 2 : explain SELECT k, c FROM sbtest2 WHERE k BETWEEN 3471197 AND 3471297
	-> Index range scan on sbtest2 using k_2 over (3471197 <= k <= 3471297), with index condition: (sbtest2.k between 3471197 and 3471297)  (cost=45.3 rows=100)


table 3 : explain SELECT k, c FROM sbtest3 WHERE k BETWEEN 3471197 AND 3471297
	-> Index range scan on sbtest3 using k_3 over (3471197 <= k <= 3471297), with index condition: (sbtest3.k between 3471197 and 3471297)  (cost=46.6 rows=103)


table 4 : explain SELECT k, c FROM sbtest4 WHERE k BETWEEN 3471197 AND 3471297
	-> Index range scan on sbtest4 using k_4 over (3471197 <= k <= 3471297), with index condition: (sbtest4.k between 3471197 and 3471297)  (cost=43.5 rows=96)


table 5 : explain SELECT k, c FROM sbtest5 WHERE k BETWEEN 3471197 AND 3471297
	-> Index range scan on sbtest5 using k_5 over (3471197 <= k <= 3471297), with index condition: (sbtest5.k between 3471197 and 3471297)  (cost=43 rows=95)


table 6 : explain SELECT k, c FROM sbtest6 WHERE k BETWEEN 3471197 AND 3471297
	-> Index range scan on sbtest6 using k_6 over (3471197 <= k <= 3471297), with index condition: (sbtest6.k between 3471197 and 3471297)  (cost=33.1 rows=73)


table 7 : explain SELECT k, c FROM sbtest7 WHERE k BETWEEN 3471197 AND 3471297
	-> Index range scan on sbtest7 using k_7 over (3471197 <= k <= 3471297), with index condition: (sbtest7.k between 3471197 and 3471297)  (cost=52 rows=115)


table 8 : explain SELECT k, c FROM sbtest8 WHERE k BETWEEN 3471197 AND 3471297
	-> Index range scan on sbtest8 using k_8 over (3471197 <= k <= 3471297), with index condition: (sbtest8.k between 3471197 and 3471297)  (cost=46.2 rows=102)



for range-notcovered
table 1 : explain SELECT k, c FROM sbtest1 WHERE k BETWEEN 4296884 AND 4296984
	-> Index range scan on sbtest1 using k_1 over (4296884 <= k <= 4296984), with index condition: (sbtest1.k between 4296884 and 4296984)  (cost=42.6 rows=94)


table 2 : explain SELECT k, c FROM sbtest2 WHERE k BETWEEN 4296884 AND 4296984
	-> Index range scan on sbtest2 using k_2 over (4296884 <= k <= 4296984), with index condition: (sbtest2.k between 4296884 and 4296984)  (cost=38.1 rows=84)


table 3 : explain SELECT k, c FROM sbtest3 WHERE k BETWEEN 4296884 AND 4296984
	-> Index range scan on sbtest3 using k_3 over (4296884 <= k <= 4296984), with index condition: (sbtest3.k between 4296884 and 4296984)  (cost=45.3 rows=100)


table 4 : explain SELECT k, c FROM sbtest4 WHERE k BETWEEN 4296884 AND 4296984
	-> Index range scan on sbtest4 using k_4 over (4296884 <= k <= 4296984), with index condition: (sbtest4.k between 4296884 and 4296984)  (cost=45.7 rows=101)


table 5 : explain SELECT k, c FROM sbtest5 WHERE k BETWEEN 4296884 AND 4296984
	-> Index range scan on sbtest5 using k_5 over (4296884 <= k <= 4296984), with index condition: (sbtest5.k between 4296884 and 4296984)  (cost=47.1 rows=104)


table 6 : explain SELECT k, c FROM sbtest6 WHERE k BETWEEN 4296884 AND 4296984
	-> Index range scan on sbtest6 using k_6 over (4296884 <= k <= 4296984), with index condition: (sbtest6.k between 4296884 and 4296984)  (cost=48 rows=106)


table 7 : explain SELECT k, c FROM sbtest7 WHERE k BETWEEN 4296884 AND 4296984
	-> Index range scan on sbtest7 using k_7 over (4296884 <= k <= 4296984), with index condition: (sbtest7.k between 4296884 and 4296984)  (cost=44.4 rows=98)


table 8 : explain SELECT k, c FROM sbtest8 WHERE k BETWEEN 4296884 AND 4296984
	-> Index range scan on sbtest8 using k_8 over (4296884 <= k <= 4296984), with index condition: (sbtest8.k between 4296884 and 4296984)  (cost=43 rows=95)


for range-notcovered
table 1 : explain SELECT k, c FROM sbtest1 WHERE k BETWEEN 4037229 AND 4037329
	-> Index range scan on sbtest1 using k_1 over (4037229 <= k <= 4037329), with index condition: (sbtest1.k between 4037229 and 4037329)  (cost=41.7 rows=92)


table 2 : explain SELECT k, c FROM sbtest2 WHERE k BETWEEN 4037229 AND 4037329
	-> Index range scan on sbtest2 using k_2 over (4037229 <= k <= 4037329), with index condition: (sbtest2.k between 4037229 and 4037329)  (cost=47.5 rows=105)


table 3 : explain SELECT k, c FROM sbtest3 WHERE k BETWEEN 4037229 AND 4037329
	-> Index range scan on sbtest3 using k_3 over (4037229 <= k <= 4037329), with index condition: (sbtest3.k between 4037229 and 4037329)  (cost=46.2 rows=102)


table 4 : explain SELECT k, c FROM sbtest4 WHERE k BETWEEN 4037229 AND 4037329
	-> Index range scan on sbtest4 using k_4 over (4037229 <= k <= 4037329), with index condition: (sbtest4.k between 4037229 and 4037329)  (cost=42.1 rows=93)


table 5 : explain SELECT k, c FROM sbtest5 WHERE k BETWEEN 4037229 AND 4037329
	-> Index range scan on sbtest5 using k_5 over (4037229 <= k <= 4037329), with index condition: (sbtest5.k between 4037229 and 4037329)  (cost=42.6 rows=94)


table 6 : explain SELECT k, c FROM sbtest6 WHERE k BETWEEN 4037229 AND 4037329
	-> Index range scan on sbtest6 using k_6 over (4037229 <= k <= 4037329), with index condition: (sbtest6.k between 4037229 and 4037329)  (cost=37.6 rows=83)


table 7 : explain SELECT k, c FROM sbtest7 WHERE k BETWEEN 4037229 AND 4037329
	-> Index range scan on sbtest7 using k_7 over (4037229 <= k <= 4037329), with index condition: (sbtest7.k between 4037229 and 4037329)  (cost=34.9 rows=77)


table 8 : explain SELECT k, c FROM sbtest8 WHERE k BETWEEN 4037229 AND 4037329
	-> Index range scan on sbtest8 using k_8 over (4037229 <= k <= 4037329), with index condition: (sbtest8.k between 4037229 and 4037329)  (cost=48 rows=106)


for range-notcovered
table 1 : explain SELECT k, c FROM sbtest1 WHERE k BETWEEN 5674711 AND 5674811
	-> Index range scan on sbtest1 using k_1 over (5674711 <= k <= 5674811), with index condition: (sbtest1.k between 5674711 and 5674811)  (cost=40.8 rows=90)


table 2 : explain SELECT k, c FROM sbtest2 WHERE k BETWEEN 5674711 AND 5674811
	-> Index range scan on sbtest2 using k_2 over (5674711 <= k <= 5674811), with index condition: (sbtest2.k between 5674711 and 5674811)  (cost=41.2 rows=91)


table 3 : explain SELECT k, c FROM sbtest3 WHERE k BETWEEN 5674711 AND 5674811
	-> Index range scan on sbtest3 using k_3 over (5674711 <= k <= 5674811), with index condition: (sbtest3.k between 5674711 and 5674811)  (cost=48 rows=106)


table 4 : explain SELECT k, c FROM sbtest4 WHERE k BETWEEN 5674711 AND 5674811
	-> Index range scan on sbtest4 using k_4 over (5674711 <= k <= 5674811), with index condition: (sbtest4.k between 5674711 and 5674811)  (cost=52 rows=115)


table 5 : explain SELECT k, c FROM sbtest5 WHERE k BETWEEN 5674711 AND 5674811
	-> Index range scan on sbtest5 using k_5 over (5674711 <= k <= 5674811), with index condition: (sbtest5.k between 5674711 and 5674811)  (cost=54.7 rows=121)


table 6 : explain SELECT k, c FROM sbtest6 WHERE k BETWEEN 5674711 AND 5674811
	-> Index range scan on sbtest6 using k_6 over (5674711 <= k <= 5674811), with index condition: (sbtest6.k between 5674711 and 5674811)  (cost=47.1 rows=104)


table 7 : explain SELECT k, c FROM sbtest7 WHERE k BETWEEN 5674711 AND 5674811
	-> Index range scan on sbtest7 using k_7 over (5674711 <= k <= 5674811), with index condition: (sbtest7.k between 5674711 and 5674811)  (cost=43 rows=95)


table 8 : explain SELECT k, c FROM sbtest8 WHERE k BETWEEN 5674711 AND 5674811
	-> Index range scan on sbtest8 using k_8 over (5674711 <= k <= 5674811), with index condition: (sbtest8.k between 5674711 and 5674811)  (cost=51.1 rows=113)


explain: for range-notcovered :: explain SELECT k, c FROM sbtest%d WHERE k BETWEEN 7765506 AND 7765606
explain: for range-notcovered :: explain SELECT k, c FROM sbtest%d WHERE k BETWEEN 5968466 AND 5968566explain: for range-notcovered :: explain SELECT k, c FROM sbtest%d WHERE k BETWEEN 3471197 AND 3471297
explain: for range-notcovered :: explain SELECT k, c FROM sbtest%d WHERE k BETWEEN 7513703 AND 7513803
for range-notcovered
table 1 : explain SELECT k, c FROM sbtest1 WHERE k BETWEEN 6448479 AND 6448579
	-> Index range scan on sbtest1 using k_1 over (6448479 <= k <= 6448579), with index condition: (sbtest1.k between 6448479 and 6448579)  (cost=49.3 rows=109)


table 2 : explain SELECT k, c FROM sbtest2 WHERE k BETWEEN 6448479 AND 6448579
	-> Index range scan on sbtest2 using k_2 over (6448479 <= k <= 6448579), with index condition: (sbtest2.k between 6448479 and 6448579)  (cost=45.7 rows=101)


table 3 : explain SELECT k, c FROM sbtest3 WHERE k BETWEEN 6448479 AND 6448579
	-> Index range scan on sbtest3 using k_3 over (6448479 <= k <= 6448579), with index condition: (sbtest3.k between 6448479 and 6448579)  (cost=58.8 rows=130)


table 4 : explain SELECT k, c FROM sbtest4 WHERE k BETWEEN 6448479 AND 6448579
	-> Index range scan on sbtest4 using k_4 over (6448479 <= k <= 6448579), with index condition: (sbtest4.k between 6448479 and 6448579)  (cost=52.9 rows=117)


table 5 : explain SELECT k, c FROM sbtest5 WHERE k BETWEEN 6448479 AND 6448579
	-> Index range scan on sbtest5 using k_5 over (6448479 <= k <= 6448579), with index condition: (sbtest5.k between 6448479 and 6448579)  (cost=39.9 rows=88)


table 6 : explain SELECT k, c FROM sbtest6 WHERE k BETWEEN 6448479 AND 6448579
	-> Index range scan on sbtest6 using k_6 over (6448479 <= k <= 6448579), with index condition: (sbtest6.k between 6448479 and 6448579)  (cost=53.4 rows=118)


table 7 : explain SELECT k, c FROM sbtest7 WHERE k BETWEEN 6448479 AND 6448579
	-> Index range scan on sbtest7 using k_7 over (6448479 <= k <= 6448579), with index condition: (sbtest7.k between 6448479 and 6448579)  (cost=37.6 rows=83)


table 8 : explain SELECT k, c FROM sbtest8 WHERE k BETWEEN 6448479 AND 6448579
	-> Index range scan on sbtest8 using k_8 over (6448479 <= k <= 6448579), with index condition: (sbtest8.k between 6448479 and 6448579)  (cost=40.3 rows=89)


for range-notcovered
table 1 : explain SELECT k, c FROM sbtest1 WHERE k BETWEEN 6119662 AND 6119762
	-> Index range scan on sbtest1 using k_1 over (6119662 <= k <= 6119762), with index condition: (sbtest1.k between 6119662 and 6119762)  (cost=47.5 rows=105)


table 2 : explain SELECT k, c FROM sbtest2 WHERE k BETWEEN 6119662 AND 6119762
	-> Index range scan on sbtest2 using k_2 over (6119662 <= k <= 6119762), with index condition: (sbtest2.k between 6119662 and 6119762)  (cost=50.2 rows=111)


table 3 : explain SELECT k, c FROM sbtest3 WHERE k BETWEEN 6119662 AND 6119762
	-> Index range scan on sbtest3 using k_3 over (6119662 <= k <= 6119762), with index condition: (sbtest3.k between 6119662 and 6119762)  (cost=48 rows=106)


table 4 : explain SELECT k, c FROM sbtest4 WHERE k BETWEEN 6119662 AND 6119762
	-> Index range scan on sbtest4 using k_4 over (6119662 <= k <= 6119762), with index condition: (sbtest4.k between 6119662 and 6119762)  (cost=48 rows=106)


table 5 : explain SELECT k, c FROM sbtest5 WHERE k BETWEEN 6119662 AND 6119762
	-> Index range scan on sbtest5 using k_5 over (6119662 <= k <= 6119762), with index condition: (sbtest5.k between 6119662 and 6119762)  (cost=43 rows=95)


table 6 : explain SELECT k, c FROM sbtest6 WHERE k BETWEEN 6119662 AND 6119762
	-> Index range scan on sbtest6 using k_6 over (6119662 <= k <= 6119762), with index condition: (sbtest6.k between 6119662 and 6119762)  (cost=41.2 rows=91)


table 7 : explain SELECT k, c FROM sbtest7 WHERE k BETWEEN 6119662 AND 6119762
	-> Index range scan on sbtest7 using k_7 over (6119662 <= k <= 6119762), with index condition: (sbtest7.k between 6119662 and 6119762)  (cost=49.3 rows=109)


table 8 : explain SELECT k, c FROM sbtest8 WHERE k BETWEEN 6119662 AND 6119762
	-> Index range scan on sbtest8 using k_8 over (6119662 <= k <= 6119762), with index condition: (sbtest8.k between 6119662 and 6119762)  (cost=52.5 rows=116)


for range-notcovered
table 1 : explain SELECT k, c FROM sbtest1 WHERE k BETWEEN 1300126 AND 1300226
	-> Index range scan on sbtest1 using k_1 over (1300126 <= k <= 1300226), with index condition: (sbtest1.k between 1300126 and 1300226)  (cost=45.3 rows=100)


table 2 : explain SELECT k, c FROM sbtest2 WHERE k BETWEEN 1300126 AND 1300226
	-> Index range scan on sbtest2 using k_2 over (1300126 <= k <= 1300226), with index condition: (sbtest2.k between 1300126 and 1300226)  (cost=44.8 rows=99)


table 3 : explain SELECT k, c FROM sbtest3 WHERE k BETWEEN 1300126 AND 1300226
	-> Index range scan on sbtest3 using k_3 over (1300126 <= k <= 1300226), with index condition: (sbtest3.k between 1300126 and 1300226)  (cost=43.9 rows=97)


table 4 : explain SELECT k, c FROM sbtest4 WHERE k BETWEEN 1300126 AND 1300226
	-> Index range scan on sbtest4 using k_4 over (1300126 <= k <= 1300226), with index condition: (sbtest4.k between 1300126 and 1300226)  (cost=47.5 rows=105)


table 5 : explain SELECT k, c FROM sbtest5 WHERE k BETWEEN 1300126 AND 1300226
	-> Index range scan on sbtest5 using k_5 over (1300126 <= k <= 1300226), with index condition: (sbtest5.k between 1300126 and 1300226)  (cost=51.1 rows=113)


table 6 : explain SELECT k, c FROM sbtest6 WHERE k BETWEEN 1300126 AND 1300226
	-> Index range scan on sbtest6 using k_6 over (1300126 <= k <= 1300226), with index condition: (sbtest6.k between 1300126 and 1300226)  (cost=45.3 rows=100)


table 7 : explain SELECT k, c FROM sbtest7 WHERE k BETWEEN 1300126 AND 1300226
	-> Index range scan on sbtest7 using k_7 over (1300126 <= k <= 1300226), with index condition: (sbtest7.k between 1300126 and 1300226)  (cost=39.9 rows=88)


table 8 : explain SELECT k, c FROM sbtest8 WHERE k BETWEEN 1300126 AND 1300226
	-> Index range scan on sbtest8 using k_8 over (1300126 <= k <= 1300226), with index condition: (sbtest8.k between 1300126 and 1300226)  (cost=39.9 rows=88)


explain: for range-notcovered :: explain SELECT k, c FROM sbtest%d WHERE k BETWEEN 4296884 AND 4296984explain: for range-notcovered :: explain SELECT k, c FROM sbtest%d WHERE k BETWEEN 5674711 AND 5674811explain: for range-notcovered :: explain SELECT k, c FROM sbtest%d WHERE k BETWEEN 6624859 AND 6624959
for range-notcovered
table 1 : explain SELECT k, c FROM sbtest1 WHERE k BETWEEN 2769307 AND 2769407
	-> Index range scan on sbtest1 using k_1 over (2769307 <= k <= 2769407), with index condition: (sbtest1.k between 2769307 and 2769407)  (cost=44.4 rows=98)


table 2 : explain SELECT k, c FROM sbtest2 WHERE k BETWEEN 2769307 AND 2769407
	-> Index range scan on sbtest2 using k_2 over (2769307 <= k <= 2769407), with index condition: (sbtest2.k between 2769307 and 2769407)  (cost=41.2 rows=91)


table 3 : explain SELECT k, c FROM sbtest3 WHERE k BETWEEN 2769307 AND 2769407
	-> Index range scan on sbtest3 using k_3 over (2769307 <= k <= 2769407), with index condition: (sbtest3.k between 2769307 and 2769407)  (cost=47.5 rows=105)


table 4 : explain SELECT k, c FROM sbtest4 WHERE k BETWEEN 2769307 AND 2769407
	-> Index range scan on sbtest4 using k_4 over (2769307 <= k <= 2769407), with index condition: (sbtest4.k between 2769307 and 2769407)  (cost=45.3 rows=100)


table 5 : explain SELECT k, c FROM sbtest5 WHERE k BETWEEN 2769307 AND 2769407
	-> Index range scan on sbtest5 using k_5 over (2769307 <= k <= 2769407), with index condition: (sbtest5.k between 2769307 and 2769407)  (cost=43 rows=95)


table 6 : explain SELECT k, c FROM sbtest6 WHERE k BETWEEN 2769307 AND 2769407
	-> Index range scan on sbtest6 using k_6 over (2769307 <= k <= 2769407), with index condition: (sbtest6.k between 2769307 and 2769407)  (cost=44.4 rows=98)


table 7 : explain SELECT k, c FROM sbtest7 WHERE k BETWEEN 2769307 AND 2769407
	-> Index range scan on sbtest7 using k_7 over (2769307 <= k <= 2769407), with index condition: (sbtest7.k between 2769307 and 2769407)  (cost=44.4 rows=98)


table 8 : explain SELECT k, c FROM sbtest8 WHERE k BETWEEN 2769307 AND 2769407
	-> Index range scan on sbtest8 using k_8 over (2769307 <= k <= 2769407), with index condition: (sbtest8.k between 2769307 and 2769407)  (cost=44.4 rows=98)


explain: for range-notcovered :: explain SELECT k, c FROM sbtest%d WHERE k BETWEEN 6448479 AND 6448579
explain: for range-notcovered :: explain SELECT k, c FROM sbtest%d WHERE k BETWEEN 6119662 AND 6119762
for range-notcovered
table 1 : explain SELECT k, c FROM sbtest1 WHERE k BETWEEN 5415594 AND 5415694
	-> Index range scan on sbtest1 using k_1 over (5415594 <= k <= 5415694), with index condition: (sbtest1.k between 5415594 and 5415694)  (cost=45.3 rows=100)


table 2 : explain SELECT k, c FROM sbtest2 WHERE k BETWEEN 5415594 AND 5415694
	-> Index range scan on sbtest2 using k_2 over (5415594 <= k <= 5415694), with index condition: (sbtest2.k between 5415594 and 5415694)  (cost=50.7 rows=112)


table 3 : explain SELECT k, c FROM sbtest3 WHERE k BETWEEN 5415594 AND 5415694
	-> Index range scan on sbtest3 using k_3 over (5415594 <= k <= 5415694), with index condition: (sbtest3.k between 5415594 and 5415694)  (cost=39.4 rows=87)


table 4 : explain SELECT k, c FROM sbtest4 WHERE k BETWEEN 5415594 AND 5415694
	-> Index range scan on sbtest4 using k_4 over (5415594 <= k <= 5415694), with index condition: (sbtest4.k between 5415594 and 5415694)  (cost=40.3 rows=89)


table 5 : explain SELECT k, c FROM sbtest5 WHERE k BETWEEN 5415594 AND 5415694
	-> Index range scan on sbtest5 using k_5 over (5415594 <= k <= 5415694), with index condition: (sbtest5.k between 5415594 and 5415694)  (cost=46.2 rows=102)


table 6 : explain SELECT k, c FROM sbtest6 WHERE k BETWEEN 5415594 AND 5415694
	-> Index range scan on sbtest6 using k_6 over (5415594 <= k <= 5415694), with index condition: (sbtest6.k between 5415594 and 5415694)  (cost=50.2 rows=111)


table 7 : explain SELECT k, c FROM sbtest7 WHERE k BETWEEN 5415594 AND 5415694
	-> Index range scan on sbtest7 using k_7 over (5415594 <= k <= 5415694), with index condition: (sbtest7.k between 5415594 and 5415694)  (cost=45.7 rows=101)


table 8 : explain SELECT k, c FROM sbtest8 WHERE k BETWEEN 5415594 AND 5415694
	-> Index range scan on sbtest8 using k_8 over (5415594 <= k <= 5415694), with index condition: (sbtest8.k between 5415594 and 5415694)  (cost=46.6 rows=103)


for range-notcovered
table 1 : explain SELECT k, c FROM sbtest1 WHERE k BETWEEN 6357521 AND 6357621
	-> Index range scan on sbtest1 using k_1 over (6357521 <= k <= 6357621), with index condition: (sbtest1.k between 6357521 and 6357621)  (cost=52.5 rows=116)


table 2 : explain SELECT k, c FROM sbtest2 WHERE k BETWEEN 6357521 AND 6357621
	-> Index range scan on sbtest2 using k_2 over (6357521 <= k <= 6357621), with index condition: (sbtest2.k between 6357521 and 6357621)  (cost=43.5 rows=96)


table 3 : explain SELECT k, c FROM sbtest3 WHERE k BETWEEN 6357521 AND 6357621
	-> Index range scan on sbtest3 using k_3 over (6357521 <= k <= 6357621), with index condition: (sbtest3.k between 6357521 and 6357621)  (cost=45.7 rows=101)


table 4 : explain SELECT k, c FROM sbtest4 WHERE k BETWEEN 6357521 AND 6357621
	-> Index range scan on sbtest4 using k_4 over (6357521 <= k <= 6357621), with index condition: (sbtest4.k between 6357521 and 6357621)  (cost=43 rows=95)


table 5 : explain SELECT k, c FROM sbtest5 WHERE k BETWEEN 6357521 AND 6357621
	-> Index range scan on sbtest5 using k_5 over (6357521 <= k <= 6357621), with index condition: (sbtest5.k between 6357521 and 6357621)  (cost=49.8 rows=110)


table 6 : explain SELECT k, c FROM sbtest6 WHERE k BETWEEN 6357521 AND 6357621
	-> Index range scan on sbtest6 using k_6 over (6357521 <= k <= 6357621), with index condition: (sbtest6.k between 6357521 and 6357621)  (cost=41.7 rows=92)


table 7 : explain SELECT k, c FROM sbtest7 WHERE k BETWEEN 6357521 AND 6357621
	-> Index range scan on sbtest7 using k_7 over (6357521 <= k <= 6357621), with index condition: (sbtest7.k between 6357521 and 6357621)  (cost=48 rows=106)


table 8 : explain SELECT k, c FROM sbtest8 WHERE k BETWEEN 6357521 AND 6357621
	-> Index range scan on sbtest8 using k_8 over (6357521 <= k <= 6357621), with index condition: (sbtest8.k between 6357521 and 6357621)  (cost=40.3 rows=89)




for range-notcovered
table 1 : explain SELECT k, c FROM sbtest1 WHERE k BETWEEN 3025489 AND 3025589
	-> Index range scan on sbtest1 using k_1 over (3025489 <= k <= 3025589), with index condition: (sbtest1.k between 3025489 and 3025589)  (cost=43.5 rows=96)


table 2 : explain SELECT k, c FROM sbtest2 WHERE k BETWEEN 3025489 AND 3025589
	-> Index range scan on sbtest2 using k_2 over (3025489 <= k <= 3025589), with index condition: (sbtest2.k between 3025489 and 3025589)  (cost=51.1 rows=113)


table 3 : explain SELECT k, c FROM sbtest3 WHERE k BETWEEN 3025489 AND 3025589
	-> Index range scan on sbtest3 using k_3 over (3025489 <= k <= 3025589), with index condition: (sbtest3.k between 3025489 and 3025589)  (cost=34.5 rows=76)


table 4 : explain SELECT k, c FROM sbtest4 WHERE k BETWEEN 3025489 AND 3025589
	-> Index range scan on sbtest4 using k_4 over (3025489 <= k <= 3025589), with index condition: (sbtest4.k between 3025489 and 3025589)  (cost=50.2 rows=111)


table 5 : explain SELECT k, c FROM sbtest5 WHERE k BETWEEN 3025489 AND 3025589
	-> Index range scan on sbtest5 using k_5 over (3025489 <= k <= 3025589), with index condition: (sbtest5.k between 3025489 and 3025589)  (cost=43 rows=95)


table 6 : explain SELECT k, c FROM sbtest6 WHERE k BETWEEN 3025489 AND 3025589
	-> Index range scan on sbtest6 using k_6 over (3025489 <= k <= 3025589), with index condition: (sbtest6.k between 3025489 and 3025589)  (cost=39.9 rows=88)


table 7 : explain SELECT k, c FROM sbtest7 WHERE k BETWEEN 3025489 AND 3025589
	-> Index range scan on sbtest7 using k_7 over (3025489 <= k <= 3025589), with index condition: (sbtest7.k between 3025489 and 3025589)  (cost=45.7 rows=101)


table 8 : explain SELECT k, c FROM sbtest8 WHERE k BETWEEN 3025489 AND 3025589
	-> Index range scan on sbtest8 using k_8 over (3025489 <= k <= 3025589), with index condition: (sbtest8.k between 3025489 and 3025589)  (cost=40.8 rows=90)


explain: for range-notcovered :: explain SELECT k, c FROM sbtest%d WHERE k BETWEEN 4037229 AND 4037329
explain: for range-notcovered :: explain SELECT k, c FROM sbtest%d WHERE k BETWEEN 5415594 AND 5415694
explain: for range-notcovered :: explain SELECT k, c FROM sbtest%d WHERE k BETWEEN 4693750 AND 4693850

for range-notcovered
table 1 : explain SELECT k, c FROM sbtest1 WHERE k BETWEEN 7436497 AND 7436597
	-> Index range scan on sbtest1 using k_1 over (7436497 <= k <= 7436597), with index condition: (sbtest1.k between 7436497 and 7436597)  (cost=50.7 rows=112)


table 2 : explain SELECT k, c FROM sbtest2 WHERE k BETWEEN 7436497 AND 7436597
	-> Index range scan on sbtest2 using k_2 over (7436497 <= k <= 7436597), with index condition: (sbtest2.k between 7436497 and 7436597)  (cost=49.8 rows=110)


table 3 : explain SELECT k, c FROM sbtest3 WHERE k BETWEEN 7436497 AND 7436597
	-> Index range scan on sbtest3 using k_3 over (7436497 <= k <= 7436597), with index condition: (sbtest3.k between 7436497 and 7436597)  (cost=47.5 rows=105)


table 4 : explain SELECT k, c FROM sbtest4 WHERE k BETWEEN 7436497 AND 7436597
	-> Index range scan on sbtest4 using k_4 over (7436497 <= k <= 7436597), with index condition: (sbtest4.k between 7436497 and 7436597)  (cost=47.5 rows=105)


table 5 : explain SELECT k, c FROM sbtest5 WHERE k BETWEEN 7436497 AND 7436597
	-> Index range scan on sbtest5 using k_5 over (7436497 <= k <= 7436597), with index condition: (sbtest5.k between 7436497 and 7436597)  (cost=38.5 rows=85)


table 6 : explain SELECT k, c FROM sbtest6 WHERE k BETWEEN 7436497 AND 7436597
	-> Index range scan on sbtest6 using k_6 over (7436497 <= k <= 7436597), with index condition: (sbtest6.k between 7436497 and 7436597)  (cost=39.4 rows=87)


table 7 : explain SELECT k, c FROM sbtest7 WHERE k BETWEEN 7436497 AND 7436597
	-> Index range scan on sbtest7 using k_7 over (7436497 <= k <= 7436597), with index condition: (sbtest7.k between 7436497 and 7436597)  (cost=40.8 rows=90)


table 8 : explain SELECT k, c FROM sbtest8 WHERE k BETWEEN 7436497 AND 7436597
	-> Index range scan on sbtest8 using k_8 over (7436497 <= k <= 7436597), with index condition: (sbtest8.k between 7436497 and 7436597)  (cost=43 rows=95)


for range-notcovered
table 1 : explain SELECT k, c FROM sbtest1 WHERE k BETWEEN 5852949 AND 5853049
	-> Index range scan on sbtest1 using k_1 over (5852949 <= k <= 5853049), with index condition: (sbtest1.k between 5852949 and 5853049)  (cost=45.7 rows=101)


table 2 : explain SELECT k, c FROM sbtest2 WHERE k BETWEEN 5852949 AND 5853049
	-> Index range scan on sbtest2 using k_2 over (5852949 <= k <= 5853049), with index condition: (sbtest2.k between 5852949 and 5853049)  (cost=39 rows=86)


table 3 : explain SELECT k, c FROM sbtest3 WHERE k BETWEEN 5852949 AND 5853049
	-> Index range scan on sbtest3 using k_3 over (5852949 <= k <= 5853049), with index condition: (sbtest3.k between 5852949 and 5853049)  (cost=43.5 rows=96)


table 4 : explain SELECT k, c FROM sbtest4 WHERE k BETWEEN 5852949 AND 5853049
	-> Index range scan on sbtest4 using k_4 over (5852949 <= k <= 5853049), with index condition: (sbtest4.k between 5852949 and 5853049)  (cost=50.7 rows=112)


table 5 : explain SELECT k, c FROM sbtest5 WHERE k BETWEEN 5852949 AND 5853049
	-> Index range scan on sbtest5 using k_5 over (5852949 <= k <= 5853049), with index condition: (sbtest5.k between 5852949 and 5853049)  (cost=48.9 rows=108)


table 6 : explain SELECT k, c FROM sbtest6 WHERE k BETWEEN 5852949 AND 5853049
	-> Index range scan on sbtest6 using k_6 over (5852949 <= k <= 5853049), with index condition: (sbtest6.k between 5852949 and 5853049)  (cost=36.7 rows=81)


table 7 : explain SELECT k, c FROM sbtest7 WHERE k BETWEEN 5852949 AND 5853049
	-> Index range scan on sbtest7 using k_7 over (5852949 <= k <= 5853049), with index condition: (sbtest7.k between 5852949 and 5853049)  (cost=44.8 rows=99)


table 8 : explain SELECT k, c FROM sbtest8 WHERE k BETWEEN 5852949 AND 5853049
	-> Index range scan on sbtest8 using k_8 over (5852949 <= k <= 5853049), with index condition: (sbtest8.k between 5852949 and 5853049)  (cost=39.9 rows=88)


for range-notcovered
table 1 : explain SELECT k, c FROM sbtest1 WHERE k BETWEEN 4743222 AND 4743322
	-> Index range scan on sbtest1 using k_1 over (4743222 <= k <= 4743322), with index condition: (sbtest1.k between 4743222 and 4743322)  (cost=52.5 rows=116)


table 2 : explain SELECT k, c FROM sbtest2 WHERE k BETWEEN 4743222 AND 4743322
	-> Index range scan on sbtest2 using k_2 over (4743222 <= k <= 4743322), with index condition: (sbtest2.k between 4743222 and 4743322)  (cost=42.1 rows=93)


table 3 : explain SELECT k, c FROM sbtest3 WHERE k BETWEEN 4743222 AND 4743322
	-> Index range scan on sbtest3 using k_3 over (4743222 <= k <= 4743322), with index condition: (sbtest3.k between 4743222 and 4743322)  (cost=41.2 rows=91)


table 4 : explain SELECT k, c FROM sbtest4 WHERE k BETWEEN 4743222 AND 4743322
	-> Index range scan on sbtest4 using k_4 over (4743222 <= k <= 4743322), with index condition: (sbtest4.k between 4743222 and 4743322)  (cost=42.1 rows=93)


table 5 : explain SELECT k, c FROM sbtest5 WHERE k BETWEEN 4743222 AND 4743322
	-> Index range scan on sbtest5 using k_5 over (4743222 <= k <= 4743322), with index condition: (sbtest5.k between 4743222 and 4743322)  (cost=51.6 rows=114)


table 6 : explain SELECT k, c FROM sbtest6 WHERE k BETWEEN 4743222 AND 4743322
	-> Index range scan on sbtest6 using k_6 over (4743222 <= k <= 4743322), with index condition: (sbtest6.k between 4743222 and 4743322)  (cost=42.6 rows=94)


table 7 : explain SELECT k, c FROM sbtest7 WHERE k BETWEEN 4743222 AND 4743322
	-> Index range scan on sbtest7 using k_7 over (4743222 <= k <= 4743322), with index condition: (sbtest7.k between 4743222 and 4743322)  (cost=49.8 rows=110)


table 8 : explain SELECT k, c FROM sbtest8 WHERE k BETWEEN 4743222 AND 4743322
	-> Index range scan on sbtest8 using k_8 over (4743222 <= k <= 4743322), with index condition: (sbtest8.k between 4743222 and 4743322)  (cost=43 rows=95)


for range-notcovered
table 1 : explain SELECT k, c FROM sbtest1 WHERE k BETWEEN 2925054 AND 2925154
	-> Index range scan on sbtest1 using k_1 over (2925054 <= k <= 2925154), with index condition: (sbtest1.k between 2925054 and 2925154)  (cost=41.2 rows=91)


table 2 : explain SELECT k, c FROM sbtest2 WHERE k BETWEEN 2925054 AND 2925154
	-> Index range scan on sbtest2 using k_2 over (2925054 <= k <= 2925154), with index condition: (sbtest2.k between 2925054 and 2925154)  (cost=45.7 rows=101)


table 3 : explain SELECT k, c FROM sbtest3 WHERE k BETWEEN 2925054 AND 2925154
	-> Index range scan on sbtest3 using k_3 over (2925054 <= k <= 2925154), with index condition: (sbtest3.k between 2925054 and 2925154)  (cost=46.2 rows=102)


table 4 : explain SELECT k, c FROM sbtest4 WHERE k BETWEEN 2925054 AND 2925154
	-> Index range scan on sbtest4 using k_4 over (2925054 <= k <= 2925154), with index condition: (sbtest4.k between 2925054 and 2925154)  (cost=44.8 rows=99)


table 5 : explain SELECT k, c FROM sbtest5 WHERE k BETWEEN 2925054 AND 2925154
	-> Index range scan on sbtest5 using k_5 over (2925054 <= k <= 2925154), with index condition: (sbtest5.k between 2925054 and 2925154)  (cost=45.7 rows=101)


table 6 : explain SELECT k, c FROM sbtest6 WHERE k BETWEEN 2925054 AND 2925154
	-> Index range scan on sbtest6 using k_6 over (2925054 <= k <= 2925154), with index condition: (sbtest6.k between 2925054 and 2925154)  (cost=41.2 rows=91)


table 7 : explain SELECT k, c FROM sbtest7 WHERE k BETWEEN 2925054 AND 2925154
	-> Index range scan on sbtest7 using k_7 over (2925054 <= k <= 2925154), with index condition: (sbtest7.k between 2925054 and 2925154)  (cost=46.2 rows=102)


table 8 : explain SELECT k, c FROM sbtest8 WHERE k BETWEEN 2925054 AND 2925154
	-> Index range scan on sbtest8 using k_8 over (2925054 <= k <= 2925154), with index condition: (sbtest8.k between 2925054 and 2925154)  (cost=51.6 rows=114)


explain: for range-notcovered :: explain SELECT k, c FROM sbtest%d WHERE k BETWEEN 6357521 AND 6357621
for range-notcovered
table 1 : explain SELECT k, c FROM sbtest1 WHERE k BETWEEN 2605401 AND 2605501
	-> Index range scan on sbtest1 using k_1 over (2605401 <= k <= 2605501), with index condition: (sbtest1.k between 2605401 and 2605501)  (cost=60.6 rows=134)


table 2 : explain SELECT k, c FROM sbtest2 WHERE k BETWEEN 2605401 AND 2605501
	-> Index range scan on sbtest2 using k_2 over (2605401 <= k <= 2605501), with index condition: (sbtest2.k between 2605401 and 2605501)  (cost=47.5 rows=105)


table 3 : explain SELECT k, c FROM sbtest3 WHERE k BETWEEN 2605401 AND 2605501
	-> Index range scan on sbtest3 using k_3 over (2605401 <= k <= 2605501), with index condition: (sbtest3.k between 2605401 and 2605501)  (cost=41.7 rows=92)


table 4 : explain SELECT k, c FROM sbtest4 WHERE k BETWEEN 2605401 AND 2605501
	-> Index range scan on sbtest4 using k_4 over (2605401 <= k <= 2605501), with index condition: (sbtest4.k between 2605401 and 2605501)  (cost=43.5 rows=96)


table 5 : explain SELECT k, c FROM sbtest5 WHERE k BETWEEN 2605401 AND 2605501
	-> Index range scan on sbtest5 using k_5 over (2605401 <= k <= 2605501), with index condition: (sbtest5.k between 2605401 and 2605501)  (cost=53.4 rows=118)


table 6 : explain SELECT k, c FROM sbtest6 WHERE k BETWEEN 2605401 AND 2605501
	-> Index range scan on sbtest6 using k_6 over (2605401 <= k <= 2605501), with index condition: (sbtest6.k between 2605401 and 2605501)  (cost=53.8 rows=119)


table 7 : explain SELECT k, c FROM sbtest7 WHERE k BETWEEN 2605401 AND 2605501
	-> Index range scan on sbtest7 using k_7 over (2605401 <= k <= 2605501), with index condition: (sbtest7.k between 2605401 and 2605501)  (cost=42.1 rows=93)


table 8 : explain SELECT k, c FROM sbtest8 WHERE k BETWEEN 2605401 AND 2605501
	-> Index range scan on sbtest8 using k_8 over (2605401 <= k <= 2605501), with index condition: (sbtest8.k between 2605401 and 2605501)  (cost=52.5 rows=116)


for range-notcovered
table 1 : explain SELECT k, c FROM sbtest1 WHERE k BETWEEN 6799449 AND 6799549
	-> Index range scan on sbtest1 using k_1 over (6799449 <= k <= 6799549), with index condition: (sbtest1.k between 6799449 and 6799549)  (cost=41.2 rows=91)


table 2 : explain SELECT k, c FROM sbtest2 WHERE k BETWEEN 6799449 AND 6799549
	-> Index range scan on sbtest2 using k_2 over (6799449 <= k <= 6799549), with index condition: (sbtest2.k between 6799449 and 6799549)  (cost=49.8 rows=110)


table 3 : explain SELECT k, c FROM sbtest3 WHERE k BETWEEN 6799449 AND 6799549
	-> Index range scan on sbtest3 using k_3 over (6799449 <= k <= 6799549), with index condition: (sbtest3.k between 6799449 and 6799549)  (cost=37.6 rows=83)


table 4 : explain SELECT k, c FROM sbtest4 WHERE k BETWEEN 6799449 AND 6799549
	-> Index range scan on sbtest4 using k_4 over (6799449 <= k <= 6799549), with index condition: (sbtest4.k between 6799449 and 6799549)  (cost=41.7 rows=92)


table 5 : explain SELECT k, c FROM sbtest5 WHERE k BETWEEN 6799449 AND 6799549
	-> Index range scan on sbtest5 using k_5 over (6799449 <= k <= 6799549), with index condition: (sbtest5.k between 6799449 and 6799549)  (cost=39.9 rows=88)


table 6 : explain SELECT k, c FROM sbtest6 WHERE k BETWEEN 6799449 AND 6799549
	-> Index range scan on sbtest6 using k_6 over (6799449 <= k <= 6799549), with index condition: (sbtest6.k between 6799449 and 6799549)  (cost=56.1 rows=124)


table 7 : explain SELECT k, c FROM sbtest7 WHERE k BETWEEN 6799449 AND 6799549
	-> Index range scan on sbtest7 using k_7 over (6799449 <= k <= 6799549), with index condition: (sbtest7.k between 6799449 and 6799549)  (cost=40.8 rows=90)


table 8 : explain SELECT k, c FROM sbtest8 WHERE k BETWEEN 6799449 AND 6799549
	-> Index range scan on sbtest8 using k_8 over (6799449 <= k <= 6799549), with index condition: (sbtest8.k between 6799449 and 6799549)  (cost=54.7 rows=121)


for range-notcovered
table 1 : explain SELECT k, c FROM sbtest1 WHERE k BETWEEN 1703319 AND 1703419
	-> Index range scan on sbtest1 using k_1 over (1703319 <= k <= 1703419), with index condition: (sbtest1.k between 1703319 and 1703419)  (cost=45.3 rows=100)


table 2 : explain SELECT k, c FROM sbtest2 WHERE k BETWEEN 1703319 AND 1703419
	-> Index range scan on sbtest2 using k_2 over (1703319 <= k <= 1703419), with index condition: (sbtest2.k between 1703319 and 1703419)  (cost=43.5 rows=96)


table 3 : explain SELECT k, c FROM sbtest3 WHERE k BETWEEN 1703319 AND 1703419
	-> Index range scan on sbtest3 using k_3 over (1703319 <= k <= 1703419), with index condition: (sbtest3.k between 1703319 and 1703419)  (cost=54.7 rows=121)


table 4 : explain SELECT k, c FROM sbtest4 WHERE k BETWEEN 1703319 AND 1703419
	-> Index range scan on sbtest4 using k_4 over (1703319 <= k <= 1703419), with index condition: (sbtest4.k between 1703319 and 1703419)  (cost=46.2 rows=102)


table 5 : explain SELECT k, c FROM sbtest5 WHERE k BETWEEN 1703319 AND 1703419
	-> Index range scan on sbtest5 using k_5 over (1703319 <= k <= 1703419), with index condition: (sbtest5.k between 1703319 and 1703419)  (cost=41.2 rows=91)


table 6 : explain SELECT k, c FROM sbtest6 WHERE k BETWEEN 1703319 AND 1703419
	-> Index range scan on sbtest6 using k_6 over (1703319 <= k <= 1703419), with index condition: (sbtest6.k between 1703319 and 1703419)  (cost=42.6 rows=94)


table 7 : explain SELECT k, c FROM sbtest7 WHERE k BETWEEN 1703319 AND 1703419
	-> Index range scan on sbtest7 using k_7 over (1703319 <= k <= 1703419), with index condition: (sbtest7.k between 1703319 and 1703419)  (cost=39.9 rows=88)


table 8 : explain SELECT k, c FROM sbtest8 WHERE k BETWEEN 1703319 AND 1703419
	-> Index range scan on sbtest8 using k_8 over (1703319 <= k <= 1703419), with index condition: (sbtest8.k between 1703319 and 1703419)  (cost=40.8 rows=90)


explain: for range-notcovered :: explain SELECT k, c FROM sbtest%d WHERE k BETWEEN 7436497 AND 7436597
explain: for range-notcovered :: explain SELECT k, c FROM sbtest%d WHERE k BETWEEN 4743222 AND 4743322
for range-notcovered
table 1 : explain SELECT k, c FROM sbtest1 WHERE k BETWEEN 2974923 AND 2975023
	-> Index range scan on sbtest1 using k_1 over (2974923 <= k <= 2975023), with index condition: (sbtest1.k between 2974923 and 2975023)  (cost=44.8 rows=99)


table 2 : explain SELECT k, c FROM sbtest2 WHERE k BETWEEN 2974923 AND 2975023
	-> Index range scan on sbtest2 using k_2 over (2974923 <= k <= 2975023), with index condition: (sbtest2.k between 2974923 and 2975023)  (cost=51.1 rows=113)


table 3 : explain SELECT k, c FROM sbtest3 WHERE k BETWEEN 2974923 AND 2975023
	-> Index range scan on sbtest3 using k_3 over (2974923 <= k <= 2975023), with index condition: (sbtest3.k between 2974923 and 2975023)  (cost=45.3 rows=100)


table 4 : explain SELECT k, c FROM sbtest4 WHERE k BETWEEN 2974923 AND 2975023
	-> Index range scan on sbtest4 using k_4 over (2974923 <= k <= 2975023), with index condition: (sbtest4.k between 2974923 and 2975023)  (cost=47.5 rows=105)


table 5 : explain SELECT k, c FROM sbtest5 WHERE k BETWEEN 2974923 AND 2975023
	-> Index range scan on sbtest5 using k_5 over (2974923 <= k <= 2975023), with index condition: (sbtest5.k between 2974923 and 2975023)  (cost=39 rows=86)


table 6 : explain SELECT k, c FROM sbtest6 WHERE k BETWEEN 2974923 AND 2975023
	-> Index range scan on sbtest6 using k_6 over (2974923 <= k <= 2975023), with index condition: (sbtest6.k between 2974923 and 2975023)  (cost=40.8 rows=90)


table 7 : explain SELECT k, c FROM sbtest7 WHERE k BETWEEN 2974923 AND 2975023
	-> Index range scan on sbtest7 using k_7 over (2974923 <= k <= 2975023), with index condition: (sbtest7.k between 2974923 and 2975023)  (cost=41.7 rows=92)


table 8 : explain SELECT k, c FROM sbtest8 WHERE k BETWEEN 2974923 AND 2975023
	-> Index range scan on sbtest8 using k_8 over (2974923 <= k <= 2975023), with index condition: (sbtest8.k between 2974923 and 2975023)  (cost=50.2 rows=111)


explain: for range-notcovered :: explain SELECT k, c FROM sbtest%d WHERE k BETWEEN 6799449 AND 6799549
explain: for range-notcovered :: explain SELECT k, c FROM sbtest%d WHERE k BETWEEN 1703319 AND 1703419
for range-notcovered
table 1 : explain SELECT k, c FROM sbtest1 WHERE k BETWEEN 6156151 AND 6156251
	-> Index range scan on sbtest1 using k_1 over (6156151 <= k <= 6156251), with index condition: (sbtest1.k between 6156151 and 6156251)  (cost=42.1 rows=93)


table 2 : explain SELECT k, c FROM sbtest2 WHERE k BETWEEN 6156151 AND 6156251
	-> Index range scan on sbtest2 using k_2 over (6156151 <= k <= 6156251), with index condition: (sbtest2.k between 6156151 and 6156251)  (cost=44.8 rows=99)


table 3 : explain SELECT k, c FROM sbtest3 WHERE k BETWEEN 6156151 AND 6156251
	-> Index range scan on sbtest3 using k_3 over (6156151 <= k <= 6156251), with index condition: (sbtest3.k between 6156151 and 6156251)  (cost=47.5 rows=105)


table 4 : explain SELECT k, c FROM sbtest4 WHERE k BETWEEN 6156151 AND 6156251
	-> Index range scan on sbtest4 using k_4 over (6156151 <= k <= 6156251), with index condition: (sbtest4.k between 6156151 and 6156251)  (cost=53.4 rows=118)


table 5 : explain SELECT k, c FROM sbtest5 WHERE k BETWEEN 6156151 AND 6156251
	-> Index range scan on sbtest5 using k_5 over (6156151 <= k <= 6156251), with index condition: (sbtest5.k between 6156151 and 6156251)  (cost=47.1 rows=104)


table 6 : explain SELECT k, c FROM sbtest6 WHERE k BETWEEN 6156151 AND 6156251
	-> Index range scan on sbtest6 using k_6 over (6156151 <= k <= 6156251), with index condition: (sbtest6.k between 6156151 and 6156251)  (cost=48.4 rows=107)


table 7 : explain SELECT k, c FROM sbtest7 WHERE k BETWEEN 6156151 AND 6156251
	-> Index range scan on sbtest7 using k_7 over (6156151 <= k <= 6156251), with index condition: (sbtest7.k between 6156151 and 6156251)  (cost=44.4 rows=98)


table 8 : explain SELECT k, c FROM sbtest8 WHERE k BETWEEN 6156151 AND 6156251
	-> Index range scan on sbtest8 using k_8 over (6156151 <= k <= 6156251), with index condition: (sbtest8.k between 6156151 and 6156251)  (cost=47.5 rows=105)


for range-notcovered
table 1 : explain SELECT k, c FROM sbtest1 WHERE k BETWEEN 8894786 AND 8894886
	-> Index range scan on sbtest1 using k_1 over (8894786 <= k <= 8894886), with index condition: (sbtest1.k between 8894786 and 8894886)  (cost=52 rows=115)


table 2 : explain SELECT k, c FROM sbtest2 WHERE k BETWEEN 8894786 AND 8894886
	-> Index range scan on sbtest2 using k_2 over (8894786 <= k <= 8894886), with index condition: (sbtest2.k between 8894786 and 8894886)  (cost=40.8 rows=90)


table 3 : explain SELECT k, c FROM sbtest3 WHERE k BETWEEN 8894786 AND 8894886
	-> Index range scan on sbtest3 using k_3 over (8894786 <= k <= 8894886), with index condition: (sbtest3.k between 8894786 and 8894886)  (cost=45.7 rows=101)


table 4 : explain SELECT k, c FROM sbtest4 WHERE k BETWEEN 8894786 AND 8894886
	-> Index range scan on sbtest4 using k_4 over (8894786 <= k <= 8894886), with index condition: (sbtest4.k between 8894786 and 8894886)  (cost=39 rows=86)


table 5 : explain SELECT k, c FROM sbtest5 WHERE k BETWEEN 8894786 AND 8894886
	-> Index range scan on sbtest5 using k_5 over (8894786 <= k <= 8894886), with index condition: (sbtest5.k between 8894786 and 8894886)  (cost=42.1 rows=93)


table 6 : explain SELECT k, c FROM sbtest6 WHERE k BETWEEN 8894786 AND 8894886
	-> Index range scan on sbtest6 using k_6 over (8894786 <= k <= 8894886), with index condition: (sbtest6.k between 8894786 and 8894886)  (cost=43 rows=95)


table 7 : explain SELECT k, c FROM sbtest7 WHERE k BETWEEN 8894786 AND 8894886
	-> Index range scan on sbtest7 using k_7 over (8894786 <= k <= 8894886), with index condition: (sbtest7.k between 8894786 and 8894886)  (cost=44.4 rows=98)


table 8 : explain SELECT k, c FROM sbtest8 WHERE k BETWEEN 8894786 AND 8894886
	-> Index range scan on sbtest8 using k_8 over (8894786 <= k <= 8894886), with index condition: (sbtest8.k between 8894786 and 8894886)  (cost=46.6 rows=103)


for range-notcovered
table 1 : explain SELECT k, c FROM sbtest1 WHERE k BETWEEN 6797604 AND 6797704
	-> Index range scan on sbtest1 using k_1 over (6797604 <= k <= 6797704), with index condition: (sbtest1.k between 6797604 and 6797704)  (cost=42.1 rows=93)


table 2 : explain SELECT k, c FROM sbtest2 WHERE k BETWEEN 6797604 AND 6797704
	-> Index range scan on sbtest2 using k_2 over (6797604 <= k <= 6797704), with index condition: (sbtest2.k between 6797604 and 6797704)  (cost=43 rows=95)


table 3 : explain SELECT k, c FROM sbtest3 WHERE k BETWEEN 6797604 AND 6797704
	-> Index range scan on sbtest3 using k_3 over (6797604 <= k <= 6797704), with index condition: (sbtest3.k between 6797604 and 6797704)  (cost=50.7 rows=112)


table 4 : explain SELECT k, c FROM sbtest4 WHERE k BETWEEN 6797604 AND 6797704
	-> Index range scan on sbtest4 using k_4 over (6797604 <= k <= 6797704), with index condition: (sbtest4.k between 6797604 and 6797704)  (cost=40.3 rows=89)


table 5 : explain SELECT k, c FROM sbtest5 WHERE k BETWEEN 6797604 AND 6797704
	-> Index range scan on sbtest5 using k_5 over (6797604 <= k <= 6797704), with index condition: (sbtest5.k between 6797604 and 6797704)  (cost=42.1 rows=93)


table 6 : explain SELECT k, c FROM sbtest6 WHERE k BETWEEN 6797604 AND 6797704
	-> Index range scan on sbtest6 using k_6 over (6797604 <= k <= 6797704), with index condition: (sbtest6.k between 6797604 and 6797704)  (cost=47.5 rows=105)


table 7 : explain SELECT k, c FROM sbtest7 WHERE k BETWEEN 6797604 AND 6797704
	-> Index range scan on sbtest7 using k_7 over (6797604 <= k <= 6797704), with index condition: (sbtest7.k between 6797604 and 6797704)  (cost=47.5 rows=105)


table 8 : explain SELECT k, c FROM sbtest8 WHERE k BETWEEN 6797604 AND 6797704
	-> Index range scan on sbtest8 using k_8 over (6797604 <= k <= 6797704), with index condition: (sbtest8.k between 6797604 and 6797704)  (cost=42.6 rows=94)


for range-notcovered
table 1 : explain SELECT k, c FROM sbtest1 WHERE k BETWEEN 4399788 AND 4399888
	-> Index range scan on sbtest1 using k_1 over (4399788 <= k <= 4399888), with index condition: (sbtest1.k between 4399788 and 4399888)  (cost=46.6 rows=103)


table 2 : explain SELECT k, c FROM sbtest2 WHERE k BETWEEN 4399788 AND 4399888
	-> Index range scan on sbtest2 using k_2 over (4399788 <= k <= 4399888), with index condition: (sbtest2.k between 4399788 and 4399888)  (cost=44.8 rows=99)


table 3 : explain SELECT k, c FROM sbtest3 WHERE k BETWEEN 4399788 AND 4399888
	-> Index range scan on sbtest3 using k_3 over (4399788 <= k <= 4399888), with index condition: (sbtest3.k between 4399788 and 4399888)  (cost=52.9 rows=117)


table 4 : explain SELECT k, c FROM sbtest4 WHERE k BETWEEN 4399788 AND 4399888
	-> Index range scan on sbtest4 using k_4 over (4399788 <= k <= 4399888), with index condition: (sbtest4.k between 4399788 and 4399888)  (cost=44.4 rows=98)


table 5 : explain SELECT k, c FROM sbtest5 WHERE k BETWEEN 4399788 AND 4399888
	-> Index range scan on sbtest5 using k_5 over (4399788 <= k <= 4399888), with index condition: (sbtest5.k between 4399788 and 4399888)  (cost=48.4 rows=107)


table 6 : explain SELECT k, c FROM sbtest6 WHERE k BETWEEN 4399788 AND 4399888
	-> Index range scan on sbtest6 using k_6 over (4399788 <= k <= 4399888), with index condition: (sbtest6.k between 4399788 and 4399888)  (cost=45.3 rows=100)


table 7 : explain SELECT k, c FROM sbtest7 WHERE k BETWEEN 4399788 AND 4399888
	-> Index range scan on sbtest7 using k_7 over (4399788 <= k <= 4399888), with index condition: (sbtest7.k between 4399788 and 4399888)  (cost=54.3 rows=120)


table 8 : explain SELECT k, c FROM sbtest8 WHERE k BETWEEN 4399788 AND 4399888
	-> Index range scan on sbtest8 using k_8 over (4399788 <= k <= 4399888), with index condition: (sbtest8.k between 4399788 and 4399888)  (cost=43.5 rows=96)


explain: for range-notcovered :: explain SELECT k, c FROM sbtest%d WHERE k BETWEEN 6797604 AND 6797704
explain: for range-notcovered :: explain SELECT k, c FROM sbtest%d WHERE k BETWEEN 8894786 AND 8894886for range-notcovered
table 1 : explain SELECT k, c FROM sbtest1 WHERE k BETWEEN 4485144 AND 4485244
	-> Index range scan on sbtest1 using k_1 over (4485144 <= k <= 4485244), with index condition: (sbtest1.k between 4485144 and 4485244)  (cost=49.8 rows=110)


table 2 : explain SELECT k, c FROM sbtest2 WHERE k BETWEEN 4485144 AND 4485244
	-> Index range scan on sbtest2 using k_2 over (4485144 <= k <= 4485244), with index condition: (sbtest2.k between 4485144 and 4485244)  (cost=42.6 rows=94)


table 3 : explain SELECT k, c FROM sbtest3 WHERE k BETWEEN 4485144 AND 4485244
	-> Index range scan on sbtest3 using k_3 over (4485144 <= k <= 4485244), with index condition: (sbtest3.k between 4485144 and 4485244)  (cost=49.8 rows=110)


table 4 : explain SELECT k, c FROM sbtest4 WHERE k BETWEEN 4485144 AND 4485244
	-> Index range scan on sbtest4 using k_4 over (4485144 <= k <= 4485244), with index condition: (sbtest4.k between 4485144 and 4485244)  (cost=38.1 rows=84)


table 5 : explain SELECT k, c FROM sbtest5 WHERE k BETWEEN 4485144 AND 4485244
	-> Index range scan on sbtest5 using k_5 over (4485144 <= k <= 4485244), with index condition: (sbtest5.k between 4485144 and 4485244)  (cost=53.4 rows=118)


table 6 : explain SELECT k, c FROM sbtest6 WHERE k BETWEEN 4485144 AND 4485244
	-> Index range scan on sbtest6 using k_6 over (4485144 <= k <= 4485244), with index condition: (sbtest6.k between 4485144 and 4485244)  (cost=48 rows=106)


table 7 : explain SELECT k, c FROM sbtest7 WHERE k BETWEEN 4485144 AND 4485244
	-> Index range scan on sbtest7 using k_7 over (4485144 <= k <= 4485244), with index condition: (sbtest7.k between 4485144 and 4485244)  (cost=42.6 rows=94)


table 8 : explain SELECT k, c FROM sbtest8 WHERE k BETWEEN 4485144 AND 4485244
	-> Index range scan on sbtest8 using k_8 over (4485144 <= k <= 4485244), with index condition: (sbtest8.k between 4485144 and 4485244)  (cost=46.2 rows=102)



for range-notcovered
table 1 : explain SELECT k, c FROM sbtest1 WHERE k BETWEEN 8269975 AND 8270075
	-> Index range scan on sbtest1 using k_1 over (8269975 <= k <= 8270075), with index condition: (sbtest1.k between 8269975 and 8270075)  (cost=43 rows=95)


table 2 : explain SELECT k, c FROM sbtest2 WHERE k BETWEEN 8269975 AND 8270075
	-> Index range scan on sbtest2 using k_2 over (8269975 <= k <= 8270075), with index condition: (sbtest2.k between 8269975 and 8270075)  (cost=41.7 rows=92)


table 3 : explain SELECT k, c FROM sbtest3 WHERE k BETWEEN 8269975 AND 8270075
	-> Index range scan on sbtest3 using k_3 over (8269975 <= k <= 8270075), with index condition: (sbtest3.k between 8269975 and 8270075)  (cost=45.3 rows=100)


table 4 : explain SELECT k, c FROM sbtest4 WHERE k BETWEEN 8269975 AND 8270075
	-> Index range scan on sbtest4 using k_4 over (8269975 <= k <= 8270075), with index condition: (sbtest4.k between 8269975 and 8270075)  (cost=38.1 rows=84)


table 5 : explain SELECT k, c FROM sbtest5 WHERE k BETWEEN 8269975 AND 8270075
	-> Index range scan on sbtest5 using k_5 over (8269975 <= k <= 8270075), with index condition: (sbtest5.k between 8269975 and 8270075)  (cost=40.8 rows=90)


table 6 : explain SELECT k, c FROM sbtest6 WHERE k BETWEEN 8269975 AND 8270075
	-> Index range scan on sbtest6 using k_6 over (8269975 <= k <= 8270075), with index condition: (sbtest6.k between 8269975 and 8270075)  (cost=46.6 rows=103)


table 7 : explain SELECT k, c FROM sbtest7 WHERE k BETWEEN 8269975 AND 8270075
	-> Index range scan on sbtest7 using k_7 over (8269975 <= k <= 8270075), with index condition: (sbtest7.k between 8269975 and 8270075)  (cost=40.3 rows=89)


table 8 : explain SELECT k, c FROM sbtest8 WHERE k BETWEEN 8269975 AND 8270075
	-> Index range scan on sbtest8 using k_8 over (8269975 <= k <= 8270075), with index condition: (sbtest8.k between 8269975 and 8270075)  (cost=48 rows=106)


for range-notcovered
table 1 : explain SELECT k, c FROM sbtest1 WHERE k BETWEEN 4587498 AND 4587598
	-> Index range scan on sbtest1 using k_1 over (4587498 <= k <= 4587598), with index condition: (sbtest1.k between 4587498 and 4587598)  (cost=42.1 rows=93)


table 2 : explain SELECT k, c FROM sbtest2 WHERE k BETWEEN 4587498 AND 4587598
	-> Index range scan on sbtest2 using k_2 over (4587498 <= k <= 4587598), with index condition: (sbtest2.k between 4587498 and 4587598)  (cost=47.5 rows=105)


table 3 : explain SELECT k, c FROM sbtest3 WHERE k BETWEEN 4587498 AND 4587598
	-> Index range scan on sbtest3 using k_3 over (4587498 <= k <= 4587598), with index condition: (sbtest3.k between 4587498 and 4587598)  (cost=39.9 rows=88)


table 4 : explain SELECT k, c FROM sbtest4 WHERE k BETWEEN 4587498 AND 4587598
	-> Index range scan on sbtest4 using k_4 over (4587498 <= k <= 4587598), with index condition: (sbtest4.k between 4587498 and 4587598)  (cost=39.4 rows=87)


table 5 : explain SELECT k, c FROM sbtest5 WHERE k BETWEEN 4587498 AND 4587598
	-> Index range scan on sbtest5 using k_5 over (4587498 <= k <= 4587598), with index condition: (sbtest5.k between 4587498 and 4587598)  (cost=55.2 rows=122)


table 6 : explain SELECT k, c FROM sbtest6 WHERE k BETWEEN 4587498 AND 4587598
	-> Index range scan on sbtest6 using k_6 over (4587498 <= k <= 4587598), with index condition: (sbtest6.k between 4587498 and 4587598)  (cost=48.9 rows=108)


table 7 : explain SELECT k, c FROM sbtest7 WHERE k BETWEEN 4587498 AND 4587598
	-> Index range scan on sbtest7 using k_7 over (4587498 <= k <= 4587598), with index condition: (sbtest7.k between 4587498 and 4587598)  (cost=54.3 rows=120)


table 8 : explain SELECT k, c FROM sbtest8 WHERE k BETWEEN 4587498 AND 4587598
	-> Index range scan on sbtest8 using k_8 over (4587498 <= k <= 4587598), with index condition: (sbtest8.k between 4587498 and 4587598)  (cost=51.6 rows=114)


for range-notcovered
table 1 : explain SELECT k, c FROM sbtest1 WHERE k BETWEEN 4742653 AND 4742753
	-> Index range scan on sbtest1 using k_1 over (4742653 <= k <= 4742753), with index condition: (sbtest1.k between 4742653 and 4742753)  (cost=46.2 rows=102)


table 2 : explain SELECT k, c FROM sbtest2 WHERE k BETWEEN 4742653 AND 4742753
	-> Index range scan on sbtest2 using k_2 over (4742653 <= k <= 4742753), with index condition: (sbtest2.k between 4742653 and 4742753)  (cost=44.8 rows=99)


table 3 : explain SELECT k, c FROM sbtest3 WHERE k BETWEEN 4742653 AND 4742753
	-> Index range scan on sbtest3 using k_3 over (4742653 <= k <= 4742753), with index condition: (sbtest3.k between 4742653 and 4742753)  (cost=37.6 rows=83)


table 4 : explain SELECT k, c FROM sbtest4 WHERE k BETWEEN 4742653 AND 4742753
	-> Index range scan on sbtest4 using k_4 over (4742653 <= k <= 4742753), with index condition: (sbtest4.k between 4742653 and 4742753)  (cost=39.9 rows=88)


table 5 : explain SELECT k, c FROM sbtest5 WHERE k BETWEEN 4742653 AND 4742753
	-> Index range scan on sbtest5 using k_5 over (4742653 <= k <= 4742753), with index condition: (sbtest5.k between 4742653 and 4742753)  (cost=55.2 rows=122)


table 6 : explain SELECT k, c FROM sbtest6 WHERE k BETWEEN 4742653 AND 4742753
	-> Index range scan on sbtest6 using k_6 over (4742653 <= k <= 4742753), with index condition: (sbtest6.k between 4742653 and 4742753)  (cost=44.4 rows=98)


table 7 : explain SELECT k, c FROM sbtest7 WHERE k BETWEEN 4742653 AND 4742753
	-> Index range scan on sbtest7 using k_7 over (4742653 <= k <= 4742753), with index condition: (sbtest7.k between 4742653 and 4742753)  (cost=43.9 rows=97)


table 8 : explain SELECT k, c FROM sbtest8 WHERE k BETWEEN 4742653 AND 4742753
	-> Index range scan on sbtest8 using k_8 over (4742653 <= k <= 4742753), with index condition: (sbtest8.k between 4742653 and 4742753)  (cost=43.9 rows=97)


for range-notcovered
table 1 : explain SELECT k, c FROM sbtest1 WHERE k BETWEEN 5340685 AND 5340785
	-> Index range scan on sbtest1 using k_1 over (5340685 <= k <= 5340785), with index condition: (sbtest1.k between 5340685 and 5340785)  (cost=42.1 rows=93)


table 2 : explain SELECT k, c FROM sbtest2 WHERE k BETWEEN 5340685 AND 5340785
	-> Index range scan on sbtest2 using k_2 over (5340685 <= k <= 5340785), with index condition: (sbtest2.k between 5340685 and 5340785)  (cost=46.2 rows=102)


table 3 : explain SELECT k, c FROM sbtest3 WHERE k BETWEEN 5340685 AND 5340785
	-> Index range scan on sbtest3 using k_3 over (5340685 <= k <= 5340785), with index condition: (sbtest3.k between 5340685 and 5340785)  (cost=40.8 rows=90)


table 4 : explain SELECT k, c FROM sbtest4 WHERE k BETWEEN 5340685 AND 5340785
	-> Index range scan on sbtest4 using k_4 over (5340685 <= k <= 5340785), with index condition: (sbtest4.k between 5340685 and 5340785)  (cost=48.9 rows=108)


table 5 : explain SELECT k, c FROM sbtest5 WHERE k BETWEEN 5340685 AND 5340785
	-> Index range scan on sbtest5 using k_5 over (5340685 <= k <= 5340785), with index condition: (sbtest5.k between 5340685 and 5340785)  (cost=38.5 rows=85)


table 6 : explain SELECT k, c FROM sbtest6 WHERE k BETWEEN 5340685 AND 5340785
	-> Index range scan on sbtest6 using k_6 over (5340685 <= k <= 5340785), with index condition: (sbtest6.k between 5340685 and 5340785)  (cost=49.3 rows=109)


table 7 : explain SELECT k, c FROM sbtest7 WHERE k BETWEEN 5340685 AND 5340785
	-> Index range scan on sbtest7 using k_7 over (5340685 <= k <= 5340785), with index condition: (sbtest7.k between 5340685 and 5340785)  (cost=48 rows=106)


table 8 : explain SELECT k, c FROM sbtest8 WHERE k BETWEEN 5340685 AND 5340785
	-> Index range scan on sbtest8 using k_8 over (5340685 <= k <= 5340785), with index condition: (sbtest8.k between 5340685 and 5340785)  (cost=42.1 rows=93)


for range-notcovered
table 1 : explain SELECT k, c FROM sbtest1 WHERE k BETWEEN 6684560 AND 6684660
	-> Index range scan on sbtest1 using k_1 over (6684560 <= k <= 6684660), with index condition: (sbtest1.k between 6684560 and 6684660)  (cost=46.6 rows=103)


table 2 : explain SELECT k, c FROM sbtest2 WHERE k BETWEEN 6684560 AND 6684660
	-> Index range scan on sbtest2 using k_2 over (6684560 <= k <= 6684660), with index condition: (sbtest2.k between 6684560 and 6684660)  (cost=42.6 rows=94)


table 3 : explain SELECT k, c FROM sbtest3 WHERE k BETWEEN 6684560 AND 6684660
	-> Index range scan on sbtest3 using k_3 over (6684560 <= k <= 6684660), with index condition: (sbtest3.k between 6684560 and 6684660)  (cost=48.4 rows=107)


table 4 : explain SELECT k, c FROM sbtest4 WHERE k BETWEEN 6684560 AND 6684660
	-> Index range scan on sbtest4 using k_4 over (6684560 <= k <= 6684660), with index condition: (sbtest4.k between 6684560 and 6684660)  (cost=41.2 rows=91)


table 5 : explain SELECT k, c FROM sbtest5 WHERE k BETWEEN 6684560 AND 6684660
	-> Index range scan on sbtest5 using k_5 over (6684560 <= k <= 6684660), with index condition: (sbtest5.k between 6684560 and 6684660)  (cost=48.4 rows=107)


table 6 : explain SELECT k, c FROM sbtest6 WHERE k BETWEEN 6684560 AND 6684660
	-> Index range scan on sbtest6 using k_6 over (6684560 <= k <= 6684660), with index condition: (sbtest6.k between 6684560 and 6684660)  (cost=43.9 rows=97)


table 7 : explain SELECT k, c FROM sbtest7 WHERE k BETWEEN 6684560 AND 6684660
	-> Index range scan on sbtest7 using k_7 over (6684560 <= k <= 6684660), with index condition: (sbtest7.k between 6684560 and 6684660)  (cost=44.8 rows=99)


table 8 : explain SELECT k, c FROM sbtest8 WHERE k BETWEEN 6684560 AND 6684660
	-> Index range scan on sbtest8 using k_8 over (6684560 <= k <= 6684660), with index condition: (sbtest8.k between 6684560 and 6684660)  (cost=48.4 rows=107)


for range-notcovered
table 1 : explain SELECT k, c FROM sbtest1 WHERE k BETWEEN 4132964 AND 4133064
	-> Index range scan on sbtest1 using k_1 over (4132964 <= k <= 4133064), with index condition: (sbtest1.k between 4132964 and 4133064)  (cost=43.5 rows=96)


table 2 : explain SELECT k, c FROM sbtest2 WHERE k BETWEEN 4132964 AND 4133064
	-> Index range scan on sbtest2 using k_2 over (4132964 <= k <= 4133064), with index condition: (sbtest2.k between 4132964 and 4133064)  (cost=40.8 rows=90)


table 3 : explain SELECT k, c FROM sbtest3 WHERE k BETWEEN 4132964 AND 4133064
	-> Index range scan on sbtest3 using k_3 over (4132964 <= k <= 4133064), with index condition: (sbtest3.k between 4132964 and 4133064)  (cost=45.7 rows=101)


table 4 : explain SELECT k, c FROM sbtest4 WHERE k BETWEEN 4132964 AND 4133064
	-> Index range scan on sbtest4 using k_4 over (4132964 <= k <= 4133064), with index condition: (sbtest4.k between 4132964 and 4133064)  (cost=44.8 rows=99)


table 5 : explain SELECT k, c FROM sbtest5 WHERE k BETWEEN 4132964 AND 4133064
	-> Index range scan on sbtest5 using k_5 over (4132964 <= k <= 4133064), with index condition: (sbtest5.k between 4132964 and 4133064)  (cost=45.7 rows=101)


table 6 : explain SELECT k, c FROM sbtest6 WHERE k BETWEEN 4132964 AND 4133064
	-> Index range scan on sbtest6 using k_6 over (4132964 <= k <= 4133064), with index condition: (sbtest6.k between 4132964 and 4133064)  (cost=43.5 rows=96)


table 7 : explain SELECT k, c FROM sbtest7 WHERE k BETWEEN 4132964 AND 4133064
	-> Index range scan on sbtest7 using k_7 over (4132964 <= k <= 4133064), with index condition: (sbtest7.k between 4132964 and 4133064)  (cost=51.6 rows=114)


table 8 : explain SELECT k, c FROM sbtest8 WHERE k BETWEEN 4132964 AND 4133064
	-> Index range scan on sbtest8 using k_8 over (4132964 <= k <= 4133064), with index condition: (sbtest8.k between 4132964 and 4133064)  (cost=38.5 rows=85)


explain: for range-notcovered :: explain SELECT k, c FROM sbtest%d WHERE k BETWEEN 8269975 AND 8270075for range-notcovered
table 1 : explain SELECT k, c FROM sbtest1 WHERE k BETWEEN 7267870 AND 7267970
	-> Index range scan on sbtest1 using k_1 over (7267870 <= k <= 7267970), with index condition: (sbtest1.k between 7267870 and 7267970)  (cost=45.3 rows=100)


table 2 : explain SELECT k, c FROM sbtest2 WHERE k BETWEEN 7267870 AND 7267970
	-> Index range scan on sbtest2 using k_2 over (7267870 <= k <= 7267970), with index condition: (sbtest2.k between 7267870 and 7267970)  (cost=52 rows=115)


table 3 : explain SELECT k, c FROM sbtest3 WHERE k BETWEEN 7267870 AND 7267970
	-> Index range scan on sbtest3 using k_3 over (7267870 <= k <= 7267970), with index condition: (sbtest3.k between 7267870 and 7267970)  (cost=48.9 rows=108)


table 4 : explain SELECT k, c FROM sbtest4 WHERE k BETWEEN 7267870 AND 7267970
	-> Index range scan on sbtest4 using k_4 over (7267870 <= k <= 7267970), with index condition: (sbtest4.k between 7267870 and 7267970)  (cost=48.4 rows=107)


table 5 : explain SELECT k, c FROM sbtest5 WHERE k BETWEEN 7267870 AND 7267970
	-> Index range scan on sbtest5 using k_5 over (7267870 <= k <= 7267970), with index condition: (sbtest5.k between 7267870 and 7267970)  (cost=43.9 rows=97)


table 6 : explain SELECT k, c FROM sbtest6 WHERE k BETWEEN 7267870 AND 7267970
	-> Index range scan on sbtest6 using k_6 over (7267870 <= k <= 7267970), with index condition: (sbtest6.k between 7267870 and 7267970)  (cost=44.8 rows=99)


table 7 : explain SELECT k, c FROM sbtest7 WHERE k BETWEEN 7267870 AND 7267970
	-> Index range scan on sbtest7 using k_7 over (7267870 <= k <= 7267970), with index condition: (sbtest7.k between 7267870 and 7267970)  (cost=58.8 rows=130)


table 8 : explain SELECT k, c FROM sbtest8 WHERE k BETWEEN 7267870 AND 7267970
	-> Index range scan on sbtest8 using k_8 over (7267870 <= k <= 7267970), with index condition: (sbtest8.k between 7267870 and 7267970)  (cost=46.2 rows=102)



for range-notcovered
table 1 : explain SELECT k, c FROM sbtest1 WHERE k BETWEEN 6706397 AND 6706497
	-> Index range scan on sbtest1 using k_1 over (6706397 <= k <= 6706497), with index condition: (sbtest1.k between 6706397 and 6706497)  (cost=51.1 rows=113)


table 2 : explain SELECT k, c FROM sbtest2 WHERE k BETWEEN 6706397 AND 6706497
	-> Index range scan on sbtest2 using k_2 over (6706397 <= k <= 6706497), with index condition: (sbtest2.k between 6706397 and 6706497)  (cost=47.1 rows=104)


table 3 : explain SELECT k, c FROM sbtest3 WHERE k BETWEEN 6706397 AND 6706497
	-> Index range scan on sbtest3 using k_3 over (6706397 <= k <= 6706497), with index condition: (sbtest3.k between 6706397 and 6706497)  (cost=49.8 rows=110)


table 4 : explain SELECT k, c FROM sbtest4 WHERE k BETWEEN 6706397 AND 6706497
	-> Index range scan on sbtest4 using k_4 over (6706397 <= k <= 6706497), with index condition: (sbtest4.k between 6706397 and 6706497)  (cost=40.3 rows=89)


table 5 : explain SELECT k, c FROM sbtest5 WHERE k BETWEEN 6706397 AND 6706497
	-> Index range scan on sbtest5 using k_5 over (6706397 <= k <= 6706497), with index condition: (sbtest5.k between 6706397 and 6706497)  (cost=44.4 rows=98)


table 6 : explain SELECT k, c FROM sbtest6 WHERE k BETWEEN 6706397 AND 6706497
	-> Index range scan on sbtest6 using k_6 over (6706397 <= k <= 6706497), with index condition: (sbtest6.k between 6706397 and 6706497)  (cost=43 rows=95)


table 7 : explain SELECT k, c FROM sbtest7 WHERE k BETWEEN 6706397 AND 6706497
	-> Index range scan on sbtest7 using k_7 over (6706397 <= k <= 6706497), with index condition: (sbtest7.k between 6706397 and 6706497)  (cost=53.4 rows=118)


table 8 : explain SELECT k, c FROM sbtest8 WHERE k BETWEEN 6706397 AND 6706497
	-> Index range scan on sbtest8 using k_8 over (6706397 <= k <= 6706497), with index condition: (sbtest8.k between 6706397 and 6706497)  (cost=48 rows=106)


explain: for range-notcovered :: explain SELECT k, c FROM sbtest%d WHERE k BETWEEN 4742653 AND 4742753
for range-notcovered
table 1 : explain SELECT k, c FROM sbtest1 WHERE k BETWEEN 3471197 AND 3471297
	-> Index range scan on sbtest1 using k_1 over (3471197 <= k <= 3471297), with index condition: (sbtest1.k between 3471197 and 3471297)  (cost=48.4 rows=107)


table 2 : explain SELECT k, c FROM sbtest2 WHERE k BETWEEN 3471197 AND 3471297
	-> Index range scan on sbtest2 using k_2 over (3471197 <= k <= 3471297), with index condition: (sbtest2.k between 3471197 and 3471297)  (cost=45.3 rows=100)


table 3 : explain SELECT k, c FROM sbtest3 WHERE k BETWEEN 3471197 AND 3471297
	-> Index range scan on sbtest3 using k_3 over (3471197 <= k <= 3471297), with index condition: (sbtest3.k between 3471197 and 3471297)  (cost=46.6 rows=103)


table 4 : explain SELECT k, c FROM sbtest4 WHERE k BETWEEN 3471197 AND 3471297
	-> Index range scan on sbtest4 using k_4 over (3471197 <= k <= 3471297), with index condition: (sbtest4.k between 3471197 and 3471297)  (cost=43.5 rows=96)


table 5 : explain SELECT k, c FROM sbtest5 WHERE k BETWEEN 3471197 AND 3471297
	-> Index range scan on sbtest5 using k_5 over (3471197 <= k <= 3471297), with index condition: (sbtest5.k between 3471197 and 3471297)  (cost=43 rows=95)


table 6 : explain SELECT k, c FROM sbtest6 WHERE k BETWEEN 3471197 AND 3471297
	-> Index range scan on sbtest6 using k_6 over (3471197 <= k <= 3471297), with index condition: (sbtest6.k between 3471197 and 3471297)  (cost=33.1 rows=73)


table 7 : explain SELECT k, c FROM sbtest7 WHERE k BETWEEN 3471197 AND 3471297
	-> Index range scan on sbtest7 using k_7 over (3471197 <= k <= 3471297), with index condition: (sbtest7.k between 3471197 and 3471297)  (cost=52 rows=115)


table 8 : explain SELECT k, c FROM sbtest8 WHERE k BETWEEN 3471197 AND 3471297
	-> Index range scan on sbtest8 using k_8 over (3471197 <= k <= 3471297), with index condition: (sbtest8.k between 3471197 and 3471297)  (cost=46.2 rows=102)


explain: for range-notcovered :: explain SELECT k, c FROM sbtest%d WHERE k BETWEEN 7267870 AND 7267970
for range-notcovered
table 1 : explain SELECT k, c FROM sbtest1 WHERE k BETWEEN 7765506 AND 7765606
	-> Index range scan on sbtest1 using k_1 over (7765506 <= k <= 7765606), with index condition: (sbtest1.k between 7765506 and 7765606)  (cost=51.1 rows=113)


table 2 : explain SELECT k, c FROM sbtest2 WHERE k BETWEEN 7765506 AND 7765606
	-> Index range scan on sbtest2 using k_2 over (7765506 <= k <= 7765606), with index condition: (sbtest2.k between 7765506 and 7765606)  (cost=52.9 rows=117)


table 3 : explain SELECT k, c FROM sbtest3 WHERE k BETWEEN 7765506 AND 7765606
	-> Index range scan on sbtest3 using k_3 over (7765506 <= k <= 7765606), with index condition: (sbtest3.k between 7765506 and 7765606)  (cost=49.8 rows=110)


table 4 : explain SELECT k, c FROM sbtest4 WHERE k BETWEEN 7765506 AND 7765606
	-> Index range scan on sbtest4 using k_4 over (7765506 <= k <= 7765606), with index condition: (sbtest4.k between 7765506 and 7765606)  (cost=42.1 rows=93)


table 5 : explain SELECT k, c FROM sbtest5 WHERE k BETWEEN 7765506 AND 7765606
	-> Index range scan on sbtest5 using k_5 over (7765506 <= k <= 7765606), with index condition: (sbtest5.k between 7765506 and 7765606)  (cost=51.6 rows=114)


table 6 : explain SELECT k, c FROM sbtest6 WHERE k BETWEEN 7765506 AND 7765606
	-> Index range scan on sbtest6 using k_6 over (7765506 <= k <= 7765606), with index condition: (sbtest6.k between 7765506 and 7765606)  (cost=44.4 rows=98)


table 7 : explain SELECT k, c FROM sbtest7 WHERE k BETWEEN 7765506 AND 7765606
	-> Index range scan on sbtest7 using k_7 over (7765506 <= k <= 7765606), with index condition: (sbtest7.k between 7765506 and 7765606)  (cost=42.6 rows=94)


table 8 : explain SELECT k, c FROM sbtest8 WHERE k BETWEEN 7765506 AND 7765606
	-> Index range scan on sbtest8 using k_8 over (7765506 <= k <= 7765606), with index condition: (sbtest8.k between 7765506 and 7765606)  (cost=48 rows=106)


for range-notcovered
table 1 : explain SELECT k, c FROM sbtest1 WHERE k BETWEEN 6624859 AND 6624959
	-> Index range scan on sbtest1 using k_1 over (6624859 <= k <= 6624959), with index condition: (sbtest1.k between 6624859 and 6624959)  (cost=50.7 rows=112)


table 2 : explain SELECT k, c FROM sbtest2 WHERE k BETWEEN 6624859 AND 6624959
	-> Index range scan on sbtest2 using k_2 over (6624859 <= k <= 6624959), with index condition: (sbtest2.k between 6624859 and 6624959)  (cost=44.4 rows=98)


table 3 : explain SELECT k, c FROM sbtest3 WHERE k BETWEEN 6624859 AND 6624959
	-> Index range scan on sbtest3 using k_3 over (6624859 <= k <= 6624959), with index condition: (sbtest3.k between 6624859 and 6624959)  (cost=47.5 rows=105)


table 4 : explain SELECT k, c FROM sbtest4 WHERE k BETWEEN 6624859 AND 6624959
	-> Index range scan on sbtest4 using k_4 over (6624859 <= k <= 6624959), with index condition: (sbtest4.k between 6624859 and 6624959)  (cost=40.8 rows=90)


table 5 : explain SELECT k, c FROM sbtest5 WHERE k BETWEEN 6624859 AND 6624959
	-> Index range scan on sbtest5 using k_5 over (6624859 <= k <= 6624959), with index condition: (sbtest5.k between 6624859 and 6624959)  (cost=37.6 rows=83)


table 6 : explain SELECT k, c FROM sbtest6 WHERE k BETWEEN 6624859 AND 6624959
	-> Index range scan on sbtest6 using k_6 over (6624859 <= k <= 6624959), with index condition: (sbtest6.k between 6624859 and 6624959)  (cost=50.2 rows=111)


table 7 : explain SELECT k, c FROM sbtest7 WHERE k BETWEEN 6624859 AND 6624959
	-> Index range scan on sbtest7 using k_7 over (6624859 <= k <= 6624959), with index condition: (sbtest7.k between 6624859 and 6624959)  (cost=41.7 rows=92)


table 8 : explain SELECT k, c FROM sbtest8 WHERE k BETWEEN 6624859 AND 6624959
	-> Index range scan on sbtest8 using k_8 over (6624859 <= k <= 6624959), with index condition: (sbtest8.k between 6624859 and 6624959)  (cost=48 rows=106)


for range-notcovered
table 1 : explain SELECT k, c FROM sbtest1 WHERE k BETWEEN 6119662 AND 6119762
	-> Index range scan on sbtest1 using k_1 over (6119662 <= k <= 6119762), with index condition: (sbtest1.k between 6119662 and 6119762)  (cost=47.5 rows=105)


table 2 : explain SELECT k, c FROM sbtest2 WHERE k BETWEEN 6119662 AND 6119762
	-> Index range scan on sbtest2 using k_2 over (6119662 <= k <= 6119762), with index condition: (sbtest2.k between 6119662 and 6119762)  (cost=50.2 rows=111)


table 3 : explain SELECT k, c FROM sbtest3 WHERE k BETWEEN 6119662 AND 6119762
	-> Index range scan on sbtest3 using k_3 over (6119662 <= k <= 6119762), with index condition: (sbtest3.k between 6119662 and 6119762)  (cost=48 rows=106)


table 4 : explain SELECT k, c FROM sbtest4 WHERE k BETWEEN 6119662 AND 6119762
	-> Index range scan on sbtest4 using k_4 over (6119662 <= k <= 6119762), with index condition: (sbtest4.k between 6119662 and 6119762)  (cost=48 rows=106)


table 5 : explain SELECT k, c FROM sbtest5 WHERE k BETWEEN 6119662 AND 6119762
	-> Index range scan on sbtest5 using k_5 over (6119662 <= k <= 6119762), with index condition: (sbtest5.k between 6119662 and 6119762)  (cost=43 rows=95)


table 6 : explain SELECT k, c FROM sbtest6 WHERE k BETWEEN 6119662 AND 6119762
	-> Index range scan on sbtest6 using k_6 over (6119662 <= k <= 6119762), with index condition: (sbtest6.k between 6119662 and 6119762)  (cost=41.2 rows=91)


table 7 : explain SELECT k, c FROM sbtest7 WHERE k BETWEEN 6119662 AND 6119762
	-> Index range scan on sbtest7 using k_7 over (6119662 <= k <= 6119762), with index condition: (sbtest7.k between 6119662 and 6119762)  (cost=49.3 rows=109)


table 8 : explain SELECT k, c FROM sbtest8 WHERE k BETWEEN 6119662 AND 6119762
	-> Index range scan on sbtest8 using k_8 over (6119662 <= k <= 6119762), with index condition: (sbtest8.k between 6119662 and 6119762)  (cost=52.5 rows=116)


for range-notcovered
table 1 : explain SELECT k, c FROM sbtest1 WHERE k BETWEEN 7513703 AND 7513803
	-> Index range scan on sbtest1 using k_1 over (7513703 <= k <= 7513803), with index condition: (sbtest1.k between 7513703 and 7513803)  (cost=46.2 rows=102)


table 2 : explain SELECT k, c FROM sbtest2 WHERE k BETWEEN 7513703 AND 7513803
	-> Index range scan on sbtest2 using k_2 over (7513703 <= k <= 7513803), with index condition: (sbtest2.k between 7513703 and 7513803)  (cost=47.5 rows=105)


table 3 : explain SELECT k, c FROM sbtest3 WHERE k BETWEEN 7513703 AND 7513803
	-> Index range scan on sbtest3 using k_3 over (7513703 <= k <= 7513803), with index condition: (sbtest3.k between 7513703 and 7513803)  (cost=45.3 rows=100)


table 4 : explain SELECT k, c FROM sbtest4 WHERE k BETWEEN 7513703 AND 7513803
	-> Index range scan on sbtest4 using k_4 over (7513703 <= k <= 7513803), with index condition: (sbtest4.k between 7513703 and 7513803)  (cost=50.2 rows=111)


table 5 : explain SELECT k, c FROM sbtest5 WHERE k BETWEEN 7513703 AND 7513803
	-> Index range scan on sbtest5 using k_5 over (7513703 <= k <= 7513803), with index condition: (sbtest5.k between 7513703 and 7513803)  (cost=45.7 rows=101)


table 6 : explain SELECT k, c FROM sbtest6 WHERE k BETWEEN 7513703 AND 7513803
	-> Index range scan on sbtest6 using k_6 over (7513703 <= k <= 7513803), with index condition: (sbtest6.k between 7513703 and 7513803)  (cost=41.7 rows=92)


table 7 : explain SELECT k, c FROM sbtest7 WHERE k BETWEEN 7513703 AND 7513803
	-> Index range scan on sbtest7 using k_7 over (7513703 <= k <= 7513803), with index condition: (sbtest7.k between 7513703 and 7513803)  (cost=45.7 rows=101)


table 8 : explain SELECT k, c FROM sbtest8 WHERE k BETWEEN 7513703 AND 7513803
	-> Index range scan on sbtest8 using k_8 over (7513703 <= k <= 7513803), with index condition: (sbtest8.k between 7513703 and 7513803)  (cost=43 rows=95)


for range-notcovered
table 1 : explain SELECT k, c FROM sbtest1 WHERE k BETWEEN 6448479 AND 6448579
	-> Index range scan on sbtest1 using k_1 over (6448479 <= k <= 6448579), with index condition: (sbtest1.k between 6448479 and 6448579)  (cost=49.3 rows=109)


table 2 : explain SELECT k, c FROM sbtest2 WHERE k BETWEEN 6448479 AND 6448579
	-> Index range scan on sbtest2 using k_2 over (6448479 <= k <= 6448579), with index condition: (sbtest2.k between 6448479 and 6448579)  (cost=45.7 rows=101)


table 3 : explain SELECT k, c FROM sbtest3 WHERE k BETWEEN 6448479 AND 6448579
	-> Index range scan on sbtest3 using k_3 over (6448479 <= k <= 6448579), with index condition: (sbtest3.k between 6448479 and 6448579)  (cost=58.8 rows=130)


table 4 : explain SELECT k, c FROM sbtest4 WHERE k BETWEEN 6448479 AND 6448579
	-> Index range scan on sbtest4 using k_4 over (6448479 <= k <= 6448579), with index condition: (sbtest4.k between 6448479 and 6448579)  (cost=52.9 rows=117)


table 5 : explain SELECT k, c FROM sbtest5 WHERE k BETWEEN 6448479 AND 6448579
	-> Index range scan on sbtest5 using k_5 over (6448479 <= k <= 6448579), with index condition: (sbtest5.k between 6448479 and 6448579)  (cost=39.9 rows=88)


table 6 : explain SELECT k, c FROM sbtest6 WHERE k BETWEEN 6448479 AND 6448579
	-> Index range scan on sbtest6 using k_6 over (6448479 <= k <= 6448579), with index condition: (sbtest6.k between 6448479 and 6448579)  (cost=53.4 rows=118)


table 7 : explain SELECT k, c FROM sbtest7 WHERE k BETWEEN 6448479 AND 6448579
	-> Index range scan on sbtest7 using k_7 over (6448479 <= k <= 6448579), with index condition: (sbtest7.k between 6448479 and 6448579)  (cost=37.6 rows=83)


table 8 : explain SELECT k, c FROM sbtest8 WHERE k BETWEEN 6448479 AND 6448579
	-> Index range scan on sbtest8 using k_8 over (6448479 <= k <= 6448579), with index condition: (sbtest8.k between 6448479 and 6448579)  (cost=40.3 rows=89)

for range-notcovered
table 1 : explain SELECT k, c FROM sbtest1 WHERE k BETWEEN 4037229 AND 4037329
	-> Index range scan on sbtest1 using k_1 over (4037229 <= k <= 4037329), with index condition: (sbtest1.k between 4037229 and 4037329)  (cost=41.7 rows=92)


table 2 : explain SELECT k, c FROM sbtest2 WHERE k BETWEEN 4037229 AND 4037329
	-> Index range scan on sbtest2 using k_2 over (4037229 <= k <= 4037329), with index condition: (sbtest2.k between 4037229 and 4037329)  (cost=47.5 rows=105)


table 3 : explain SELECT k, c FROM sbtest3 WHERE k BETWEEN 4037229 AND 4037329
	-> Index range scan on sbtest3 using k_3 over (4037229 <= k <= 4037329), with index condition: (sbtest3.k between 4037229 and 4037329)  (cost=46.2 rows=102)


table 4 : explain SELECT k, c FROM sbtest4 WHERE k BETWEEN 4037229 AND 4037329
	-> Index range scan on sbtest4 using k_4 over (4037229 <= k <= 4037329), with index condition: (sbtest4.k between 4037229 and 4037329)  (cost=42.1 rows=93)


table 5 : explain SELECT k, c FROM sbtest5 WHERE k BETWEEN 4037229 AND 4037329
	-> Index range scan on sbtest5 using k_5 over (4037229 <= k <= 4037329), with index condition: (sbtest5.k between 4037229 and 4037329)  (cost=42.6 rows=94)


table 6 : explain SELECT k, c FROM sbtest6 WHERE k BETWEEN 4037229 AND 4037329
	-> Index range scan on sbtest6 using k_6 over (4037229 <= k <= 4037329), with index condition: (sbtest6.k between 4037229 and 4037329)  (cost=37.6 rows=83)


table 7 : explain SELECT k, c FROM sbtest7 WHERE k BETWEEN 4037229 AND 4037329
	-> Index range scan on sbtest7 using k_7 over (4037229 <= k <= 4037329), with index condition: (sbtest7.k between 4037229 and 4037329)  (cost=34.9 rows=77)


table 8 : explain SELECT k, c FROM sbtest8 WHERE k BETWEEN 4037229 AND 4037329
	-> Index range scan on sbtest8 using k_8 over (4037229 <= k <= 4037329), with index condition: (sbtest8.k between 4037229 and 4037329)  (cost=48 rows=106)



for range-notcovered
table 1 : explain SELECT k, c FROM sbtest1 WHERE k BETWEEN 5674711 AND 5674811
	-> Index range scan on sbtest1 using k_1 over (5674711 <= k <= 5674811), with index condition: (sbtest1.k between 5674711 and 5674811)  (cost=40.8 rows=90)


table 2 : explain SELECT k, c FROM sbtest2 WHERE k BETWEEN 5674711 AND 5674811
	-> Index range scan on sbtest2 using k_2 over (5674711 <= k <= 5674811), with index condition: (sbtest2.k between 5674711 and 5674811)  (cost=41.2 rows=91)


table 3 : explain SELECT k, c FROM sbtest3 WHERE k BETWEEN 5674711 AND 5674811
	-> Index range scan on sbtest3 using k_3 over (5674711 <= k <= 5674811), with index condition: (sbtest3.k between 5674711 and 5674811)  (cost=48 rows=106)


table 4 : explain SELECT k, c FROM sbtest4 WHERE k BETWEEN 5674711 AND 5674811
	-> Index range scan on sbtest4 using k_4 over (5674711 <= k <= 5674811), with index condition: (sbtest4.k between 5674711 and 5674811)  (cost=52 rows=115)


table 5 : explain SELECT k, c FROM sbtest5 WHERE k BETWEEN 5674711 AND 5674811
	-> Index range scan on sbtest5 using k_5 over (5674711 <= k <= 5674811), with index condition: (sbtest5.k between 5674711 and 5674811)  (cost=54.7 rows=121)


table 6 : explain SELECT k, c FROM sbtest6 WHERE k BETWEEN 5674711 AND 5674811
	-> Index range scan on sbtest6 using k_6 over (5674711 <= k <= 5674811), with index condition: (sbtest6.k between 5674711 and 5674811)  (cost=47.1 rows=104)


table 7 : explain SELECT k, c FROM sbtest7 WHERE k BETWEEN 5674711 AND 5674811
	-> Index range scan on sbtest7 using k_7 over (5674711 <= k <= 5674811), with index condition: (sbtest7.k between 5674711 and 5674811)  (cost=43 rows=95)


table 8 : explain SELECT k, c FROM sbtest8 WHERE k BETWEEN 5674711 AND 5674811
	-> Index range scan on sbtest8 using k_8 over (5674711 <= k <= 5674811), with index condition: (sbtest8.k between 5674711 and 5674811)  (cost=51.1 rows=113)


for range-notcovered
table 1 : explain SELECT k, c FROM sbtest1 WHERE k BETWEEN 4296884 AND 4296984
	-> Index range scan on sbtest1 using k_1 over (4296884 <= k <= 4296984), with index condition: (sbtest1.k between 4296884 and 4296984)  (cost=42.6 rows=94)


table 2 : explain SELECT k, c FROM sbtest2 WHERE k BETWEEN 4296884 AND 4296984
	-> Index range scan on sbtest2 using k_2 over (4296884 <= k <= 4296984), with index condition: (sbtest2.k between 4296884 and 4296984)  (cost=38.1 rows=84)


table 3 : explain SELECT k, c FROM sbtest3 WHERE k BETWEEN 4296884 AND 4296984
	-> Index range scan on sbtest3 using k_3 over (4296884 <= k <= 4296984), with index condition: (sbtest3.k between 4296884 and 4296984)  (cost=45.3 rows=100)


table 4 : explain SELECT k, c FROM sbtest4 WHERE k BETWEEN 4296884 AND 4296984
	-> Index range scan on sbtest4 using k_4 over (4296884 <= k <= 4296984), with index condition: (sbtest4.k between 4296884 and 4296984)  (cost=45.7 rows=101)


table 5 : explain SELECT k, c FROM sbtest5 WHERE k BETWEEN 4296884 AND 4296984
	-> Index range scan on sbtest5 using k_5 over (4296884 <= k <= 4296984), with index condition: (sbtest5.k between 4296884 and 4296984)  (cost=47.1 rows=104)


table 6 : explain SELECT k, c FROM sbtest6 WHERE k BETWEEN 4296884 AND 4296984
	-> Index range scan on sbtest6 using k_6 over (4296884 <= k <= 4296984), with index condition: (sbtest6.k between 4296884 and 4296984)  (cost=48 rows=106)


table 7 : explain SELECT k, c FROM sbtest7 WHERE k BETWEEN 4296884 AND 4296984
	-> Index range scan on sbtest7 using k_7 over (4296884 <= k <= 4296984), with index condition: (sbtest7.k between 4296884 and 4296984)  (cost=44.4 rows=98)


table 8 : explain SELECT k, c FROM sbtest8 WHERE k BETWEEN 4296884 AND 4296984
	-> Index range scan on sbtest8 using k_8 over (4296884 <= k <= 4296984), with index condition: (sbtest8.k between 4296884 and 4296984)  (cost=43 rows=95)


explain: for range-notcovered :: explain SELECT k, c FROM sbtest%d WHERE k BETWEEN 7513703 AND 7513803
for range-notcovered
table 1 : explain SELECT k, c FROM sbtest1 WHERE k BETWEEN 5968466 AND 5968566
	-> Index range scan on sbtest1 using k_1 over (5968466 <= k <= 5968566), with index condition: (sbtest1.k between 5968466 and 5968566)  (cost=39.4 rows=87)


table 2 : explain SELECT k, c FROM sbtest2 WHERE k BETWEEN 5968466 AND 5968566
	-> Index range scan on sbtest2 using k_2 over (5968466 <= k <= 5968566), with index condition: (sbtest2.k between 5968466 and 5968566)  (cost=43.5 rows=96)


table 3 : explain SELECT k, c FROM sbtest3 WHERE k BETWEEN 5968466 AND 5968566
	-> Index range scan on sbtest3 using k_3 over (5968466 <= k <= 5968566), with index condition: (sbtest3.k between 5968466 and 5968566)  (cost=52.5 rows=116)


table 4 : explain SELECT k, c FROM sbtest4 WHERE k BETWEEN 5968466 AND 5968566
	-> Index range scan on sbtest4 using k_4 over (5968466 <= k <= 5968566), with index condition: (sbtest4.k between 5968466 and 5968566)  (cost=58.3 rows=129)


table 5 : explain SELECT k, c FROM sbtest5 WHERE k BETWEEN 5968466 AND 5968566
	-> Index range scan on sbtest5 using k_5 over (5968466 <= k <= 5968566), with index condition: (sbtest5.k between 5968466 and 5968566)  (cost=42.1 rows=93)


table 6 : explain SELECT k, c FROM sbtest6 WHERE k BETWEEN 5968466 AND 5968566
	-> Index range scan on sbtest6 using k_6 over (5968466 <= k <= 5968566), with index condition: (sbtest6.k between 5968466 and 5968566)  (cost=39 rows=86)


table 7 : explain SELECT k, c FROM sbtest7 WHERE k BETWEEN 5968466 AND 5968566
	-> Index range scan on sbtest7 using k_7 over (5968466 <= k <= 5968566), with index condition: (sbtest7.k between 5968466 and 5968566)  (cost=49.3 rows=109)


table 8 : explain SELECT k, c FROM sbtest8 WHERE k BETWEEN 5968466 AND 5968566
	-> Index range scan on sbtest8 using k_8 over (5968466 <= k <= 5968566), with index condition: (sbtest8.k between 5968466 and 5968566)  (cost=42.6 rows=94)


for range-notcovered
table 1 : explain SELECT k, c FROM sbtest1 WHERE k BETWEEN 5415594 AND 5415694
	-> Index range scan on sbtest1 using k_1 over (5415594 <= k <= 5415694), with index condition: (sbtest1.k between 5415594 and 5415694)  (cost=45.3 rows=100)


table 2 : explain SELECT k, c FROM sbtest2 WHERE k BETWEEN 5415594 AND 5415694
	-> Index range scan on sbtest2 using k_2 over (5415594 <= k <= 5415694), with index condition: (sbtest2.k between 5415594 and 5415694)  (cost=50.7 rows=112)


table 3 : explain SELECT k, c FROM sbtest3 WHERE k BETWEEN 5415594 AND 5415694
	-> Index range scan on sbtest3 using k_3 over (5415594 <= k <= 5415694), with index condition: (sbtest3.k between 5415594 and 5415694)  (cost=39.4 rows=87)


table 4 : explain SELECT k, c FROM sbtest4 WHERE k BETWEEN 5415594 AND 5415694
	-> Index range scan on sbtest4 using k_4 over (5415594 <= k <= 5415694), with index condition: (sbtest4.k between 5415594 and 5415694)  (cost=40.3 rows=89)


table 5 : explain SELECT k, c FROM sbtest5 WHERE k BETWEEN 5415594 AND 5415694
	-> Index range scan on sbtest5 using k_5 over (5415594 <= k <= 5415694), with index condition: (sbtest5.k between 5415594 and 5415694)  (cost=46.2 rows=102)


table 6 : explain SELECT k, c FROM sbtest6 WHERE k BETWEEN 5415594 AND 5415694
	-> Index range scan on sbtest6 using k_6 over (5415594 <= k <= 5415694), with index condition: (sbtest6.k between 5415594 and 5415694)  (cost=50.2 rows=111)


table 7 : explain SELECT k, c FROM sbtest7 WHERE k BETWEEN 5415594 AND 5415694
	-> Index range scan on sbtest7 using k_7 over (5415594 <= k <= 5415694), with index condition: (sbtest7.k between 5415594 and 5415694)  (cost=45.7 rows=101)


table 8 : explain SELECT k, c FROM sbtest8 WHERE k BETWEEN 5415594 AND 5415694
	-> Index range scan on sbtest8 using k_8 over (5415594 <= k <= 5415694), with index condition: (sbtest8.k between 5415594 and 5415694)  (cost=46.6 rows=103)


for range-notcovered
table 1 : explain SELECT k, c FROM sbtest1 WHERE k BETWEEN 4693750 AND 4693850
	-> Index range scan on sbtest1 using k_1 over (4693750 <= k <= 4693850), with index condition: (sbtest1.k between 4693750 and 4693850)  (cost=41.7 rows=92)


table 2 : explain SELECT k, c FROM sbtest2 WHERE k BETWEEN 4693750 AND 4693850
	-> Index range scan on sbtest2 using k_2 over (4693750 <= k <= 4693850), with index condition: (sbtest2.k between 4693750 and 4693850)  (cost=40.8 rows=90)


table 3 : explain SELECT k, c FROM sbtest3 WHERE k BETWEEN 4693750 AND 4693850
	-> Index range scan on sbtest3 using k_3 over (4693750 <= k <= 4693850), with index condition: (sbtest3.k between 4693750 and 4693850)  (cost=46.6 rows=103)


table 4 : explain SELECT k, c FROM sbtest4 WHERE k BETWEEN 4693750 AND 4693850
	-> Index range scan on sbtest4 using k_4 over (4693750 <= k <= 4693850), with index condition: (sbtest4.k between 4693750 and 4693850)  (cost=46.2 rows=102)


table 5 : explain SELECT k, c FROM sbtest5 WHERE k BETWEEN 4693750 AND 4693850
	-> Index range scan on sbtest5 using k_5 over (4693750 <= k <= 4693850), with index condition: (sbtest5.k between 4693750 and 4693850)  (cost=50.2 rows=111)


table 6 : explain SELECT k, c FROM sbtest6 WHERE k BETWEEN 4693750 AND 4693850
	-> Index range scan on sbtest6 using k_6 over (4693750 <= k <= 4693850), with index condition: (sbtest6.k between 4693750 and 4693850)  (cost=38.1 rows=84)


table 7 : explain SELECT k, c FROM sbtest7 WHERE k BETWEEN 4693750 AND 4693850
	-> Index range scan on sbtest7 using k_7 over (4693750 <= k <= 4693850), with index condition: (sbtest7.k between 4693750 and 4693850)  (cost=35.8 rows=79)


table 8 : explain SELECT k, c FROM sbtest8 WHERE k BETWEEN 4693750 AND 4693850
	-> Index range scan on sbtest8 using k_8 over (4693750 <= k <= 4693850), with index condition: (sbtest8.k between 4693750 and 4693850)  (cost=40.3 rows=89)


for range-notcovered
table 1 : explain SELECT k, c FROM sbtest1 WHERE k BETWEEN 6357521 AND 6357621
	-> Index range scan on sbtest1 using k_1 over (6357521 <= k <= 6357621), with index condition: (sbtest1.k between 6357521 and 6357621)  (cost=52.5 rows=116)


table 2 : explain SELECT k, c FROM sbtest2 WHERE k BETWEEN 6357521 AND 6357621
	-> Index range scan on sbtest2 using k_2 over (6357521 <= k <= 6357621), with index condition: (sbtest2.k between 6357521 and 6357621)  (cost=43.5 rows=96)


table 3 : explain SELECT k, c FROM sbtest3 WHERE k BETWEEN 6357521 AND 6357621
	-> Index range scan on sbtest3 using k_3 over (6357521 <= k <= 6357621), with index condition: (sbtest3.k between 6357521 and 6357621)  (cost=45.7 rows=101)


table 4 : explain SELECT k, c FROM sbtest4 WHERE k BETWEEN 6357521 AND 6357621
	-> Index range scan on sbtest4 using k_4 over (6357521 <= k <= 6357621), with index condition: (sbtest4.k between 6357521 and 6357621)  (cost=43 rows=95)


table 5 : explain SELECT k, c FROM sbtest5 WHERE k BETWEEN 6357521 AND 6357621
	-> Index range scan on sbtest5 using k_5 over (6357521 <= k <= 6357621), with index condition: (sbtest5.k between 6357521 and 6357621)  (cost=49.8 rows=110)


table 6 : explain SELECT k, c FROM sbtest6 WHERE k BETWEEN 6357521 AND 6357621
	-> Index range scan on sbtest6 using k_6 over (6357521 <= k <= 6357621), with index condition: (sbtest6.k between 6357521 and 6357621)  (cost=41.7 rows=92)


table 7 : explain SELECT k, c FROM sbtest7 WHERE k BETWEEN 6357521 AND 6357621
	-> Index range scan on sbtest7 using k_7 over (6357521 <= k <= 6357621), with index condition: (sbtest7.k between 6357521 and 6357621)  (cost=48 rows=106)


table 8 : explain SELECT k, c FROM sbtest8 WHERE k BETWEEN 6357521 AND 6357621
	-> Index range scan on sbtest8 using k_8 over (6357521 <= k <= 6357621), with index condition: (sbtest8.k between 6357521 and 6357621)  (cost=40.3 rows=89)


for range-notcovered
table 1 : explain SELECT k, c FROM sbtest1 WHERE k BETWEEN 6799449 AND 6799549
	-> Index range scan on sbtest1 using k_1 over (6799449 <= k <= 6799549), with index condition: (sbtest1.k between 6799449 and 6799549)  (cost=41.2 rows=91)


table 2 : explain SELECT k, c FROM sbtest2 WHERE k BETWEEN 6799449 AND 6799549
	-> Index range scan on sbtest2 using k_2 over (6799449 <= k <= 6799549), with index condition: (sbtest2.k between 6799449 and 6799549)  (cost=49.8 rows=110)


table 3 : explain SELECT k, c FROM sbtest3 WHERE k BETWEEN 6799449 AND 6799549
	-> Index range scan on sbtest3 using k_3 over (6799449 <= k <= 6799549), with index condition: (sbtest3.k between 6799449 and 6799549)  (cost=37.6 rows=83)


table 4 : explain SELECT k, c FROM sbtest4 WHERE k BETWEEN 6799449 AND 6799549
	-> Index range scan on sbtest4 using k_4 over (6799449 <= k <= 6799549), with index condition: (sbtest4.k between 6799449 and 6799549)  (cost=41.7 rows=92)


table 5 : explain SELECT k, c FROM sbtest5 WHERE k BETWEEN 6799449 AND 6799549
	-> Index range scan on sbtest5 using k_5 over (6799449 <= k <= 6799549), with index condition: (sbtest5.k between 6799449 and 6799549)  (cost=39.9 rows=88)


table 6 : explain SELECT k, c FROM sbtest6 WHERE k BETWEEN 6799449 AND 6799549
	-> Index range scan on sbtest6 using k_6 over (6799449 <= k <= 6799549), with index condition: (sbtest6.k between 6799449 and 6799549)  (cost=56.1 rows=124)


table 7 : explain SELECT k, c FROM sbtest7 WHERE k BETWEEN 6799449 AND 6799549
	-> Index range scan on sbtest7 using k_7 over (6799449 <= k <= 6799549), with index condition: (sbtest7.k between 6799449 and 6799549)  (cost=40.8 rows=90)


table 8 : explain SELECT k, c FROM sbtest8 WHERE k BETWEEN 6799449 AND 6799549
	-> Index range scan on sbtest8 using k_8 over (6799449 <= k <= 6799549), with index condition: (sbtest8.k between 6799449 and 6799549)  (cost=54.7 rows=121)


for range-notcovered
table 1 : explain SELECT k, c FROM sbtest1 WHERE k BETWEEN 7436497 AND 7436597
	-> Index range scan on sbtest1 using k_1 over (7436497 <= k <= 7436597), with index condition: (sbtest1.k between 7436497 and 7436597)  (cost=50.7 rows=112)


table 2 : explain SELECT k, c FROM sbtest2 WHERE k BETWEEN 7436497 AND 7436597
	-> Index range scan on sbtest2 using k_2 over (7436497 <= k <= 7436597), with index condition: (sbtest2.k between 7436497 and 7436597)  (cost=49.8 rows=110)


table 3 : explain SELECT k, c FROM sbtest3 WHERE k BETWEEN 7436497 AND 7436597
	-> Index range scan on sbtest3 using k_3 over (7436497 <= k <= 7436597), with index condition: (sbtest3.k between 7436497 and 7436597)  (cost=47.5 rows=105)


table 4 : explain SELECT k, c FROM sbtest4 WHERE k BETWEEN 7436497 AND 7436597
	-> Index range scan on sbtest4 using k_4 over (7436497 <= k <= 7436597), with index condition: (sbtest4.k between 7436497 and 7436597)  (cost=47.5 rows=105)


table 5 : explain SELECT k, c FROM sbtest5 WHERE k BETWEEN 7436497 AND 7436597
	-> Index range scan on sbtest5 using k_5 over (7436497 <= k <= 7436597), with index condition: (sbtest5.k between 7436497 and 7436597)  (cost=38.5 rows=85)


table 6 : explain SELECT k, c FROM sbtest6 WHERE k BETWEEN 7436497 AND 7436597
	-> Index range scan on sbtest6 using k_6 over (7436497 <= k <= 7436597), with index condition: (sbtest6.k between 7436497 and 7436597)  (cost=39.4 rows=87)


table 7 : explain SELECT k, c FROM sbtest7 WHERE k BETWEEN 7436497 AND 7436597
	-> Index range scan on sbtest7 using k_7 over (7436497 <= k <= 7436597), with index condition: (sbtest7.k between 7436497 and 7436597)  (cost=40.8 rows=90)


table 8 : explain SELECT k, c FROM sbtest8 WHERE k BETWEEN 7436497 AND 7436597
	-> Index range scan on sbtest8 using k_8 over (7436497 <= k <= 7436597), with index condition: (sbtest8.k between 7436497 and 7436597)  (cost=43 rows=95)


explain: for range-notcovered :: explain SELECT k, c FROM sbtest%d WHERE k BETWEEN 5415594 AND 5415694
explain: for range-notcovered :: explain SELECT k, c FROM sbtest%d WHERE k BETWEEN 4693750 AND 4693850
for range-notcovered
table 1 : explain SELECT k, c FROM sbtest1 WHERE k BETWEEN 4743222 AND 4743322
	-> Index range scan on sbtest1 using k_1 over (4743222 <= k <= 4743322), with index condition: (sbtest1.k between 4743222 and 4743322)  (cost=52.5 rows=116)


table 2 : explain SELECT k, c FROM sbtest2 WHERE k BETWEEN 4743222 AND 4743322
	-> Index range scan on sbtest2 using k_2 over (4743222 <= k <= 4743322), with index condition: (sbtest2.k between 4743222 and 4743322)  (cost=42.1 rows=93)


table 3 : explain SELECT k, c FROM sbtest3 WHERE k BETWEEN 4743222 AND 4743322
	-> Index range scan on sbtest3 using k_3 over (4743222 <= k <= 4743322), with index condition: (sbtest3.k between 4743222 and 4743322)  (cost=41.2 rows=91)


table 4 : explain SELECT k, c FROM sbtest4 WHERE k BETWEEN 4743222 AND 4743322
	-> Index range scan on sbtest4 using k_4 over (4743222 <= k <= 4743322), with index condition: (sbtest4.k between 4743222 and 4743322)  (cost=42.1 rows=93)


table 5 : explain SELECT k, c FROM sbtest5 WHERE k BETWEEN 4743222 AND 4743322
	-> Index range scan on sbtest5 using k_5 over (4743222 <= k <= 4743322), with index condition: (sbtest5.k between 4743222 and 4743322)  (cost=51.6 rows=114)


table 6 : explain SELECT k, c FROM sbtest6 WHERE k BETWEEN 4743222 AND 4743322
	-> Index range scan on sbtest6 using k_6 over (4743222 <= k <= 4743322), with index condition: (sbtest6.k between 4743222 and 4743322)  (cost=42.6 rows=94)


table 7 : explain SELECT k, c FROM sbtest7 WHERE k BETWEEN 4743222 AND 4743322
	-> Index range scan on sbtest7 using k_7 over (4743222 <= k <= 4743322), with index condition: (sbtest7.k between 4743222 and 4743322)  (cost=49.8 rows=110)


table 8 : explain SELECT k, c FROM sbtest8 WHERE k BETWEEN 4743222 AND 4743322
	-> Index range scan on sbtest8 using k_8 over (4743222 <= k <= 4743322), with index condition: (sbtest8.k between 4743222 and 4743322)  (cost=43 rows=95)


for range-notcovered
table 1 : explain SELECT k, c FROM sbtest1 WHERE k BETWEEN 1703319 AND 1703419
	-> Index range scan on sbtest1 using k_1 over (1703319 <= k <= 1703419), with index condition: (sbtest1.k between 1703319 and 1703419)  (cost=45.3 rows=100)


table 2 : explain SELECT k, c FROM sbtest2 WHERE k BETWEEN 1703319 AND 1703419
	-> Index range scan on sbtest2 using k_2 over (1703319 <= k <= 1703419), with index condition: (sbtest2.k between 1703319 and 1703419)  (cost=43.5 rows=96)


table 3 : explain SELECT k, c FROM sbtest3 WHERE k BETWEEN 1703319 AND 1703419
	-> Index range scan on sbtest3 using k_3 over (1703319 <= k <= 1703419), with index condition: (sbtest3.k between 1703319 and 1703419)  (cost=54.7 rows=121)


table 4 : explain SELECT k, c FROM sbtest4 WHERE k BETWEEN 1703319 AND 1703419
	-> Index range scan on sbtest4 using k_4 over (1703319 <= k <= 1703419), with index condition: (sbtest4.k between 1703319 and 1703419)  (cost=46.2 rows=102)


table 5 : explain SELECT k, c FROM sbtest5 WHERE k BETWEEN 1703319 AND 1703419
	-> Index range scan on sbtest5 using k_5 over (1703319 <= k <= 1703419), with index condition: (sbtest5.k between 1703319 and 1703419)  (cost=41.2 rows=91)


table 6 : explain SELECT k, c FROM sbtest6 WHERE k BETWEEN 1703319 AND 1703419
	-> Index range scan on sbtest6 using k_6 over (1703319 <= k <= 1703419), with index condition: (sbtest6.k between 1703319 and 1703419)  (cost=42.6 rows=94)


table 7 : explain SELECT k, c FROM sbtest7 WHERE k BETWEEN 1703319 AND 1703419
	-> Index range scan on sbtest7 using k_7 over (1703319 <= k <= 1703419), with index condition: (sbtest7.k between 1703319 and 1703419)  (cost=39.9 rows=88)


table 8 : explain SELECT k, c FROM sbtest8 WHERE k BETWEEN 1703319 AND 1703419
	-> Index range scan on sbtest8 using k_8 over (1703319 <= k <= 1703419), with index condition: (sbtest8.k between 1703319 and 1703419)  (cost=40.8 rows=90)


for range-notcovered
table 1 : explain SELECT k, c FROM sbtest1 WHERE k BETWEEN 8894786 AND 8894886
	-> Index range scan on sbtest1 using k_1 over (8894786 <= k <= 8894886), with index condition: (sbtest1.k between 8894786 and 8894886)  (cost=52 rows=115)


table 2 : explain SELECT k, c FROM sbtest2 WHERE k BETWEEN 8894786 AND 8894886
	-> Index range scan on sbtest2 using k_2 over (8894786 <= k <= 8894886), with index condition: (sbtest2.k between 8894786 and 8894886)  (cost=40.8 rows=90)


table 3 : explain SELECT k, c FROM sbtest3 WHERE k BETWEEN 8894786 AND 8894886
	-> Index range scan on sbtest3 using k_3 over (8894786 <= k <= 8894886), with index condition: (sbtest3.k between 8894786 and 8894886)  (cost=45.7 rows=101)


table 4 : explain SELECT k, c FROM sbtest4 WHERE k BETWEEN 8894786 AND 8894886
	-> Index range scan on sbtest4 using k_4 over (8894786 <= k <= 8894886), with index condition: (sbtest4.k between 8894786 and 8894886)  (cost=39 rows=86)


table 5 : explain SELECT k, c FROM sbtest5 WHERE k BETWEEN 8894786 AND 8894886
	-> Index range scan on sbtest5 using k_5 over (8894786 <= k <= 8894886), with index condition: (sbtest5.k between 8894786 and 8894886)  (cost=42.1 rows=93)


table 6 : explain SELECT k, c FROM sbtest6 WHERE k BETWEEN 8894786 AND 8894886
	-> Index range scan on sbtest6 using k_6 over (8894786 <= k <= 8894886), with index condition: (sbtest6.k between 8894786 and 8894886)  (cost=43 rows=95)


table 7 : explain SELECT k, c FROM sbtest7 WHERE k BETWEEN 8894786 AND 8894886
	-> Index range scan on sbtest7 using k_7 over (8894786 <= k <= 8894886), with index condition: (sbtest7.k between 8894786 and 8894886)  (cost=44.4 rows=98)


table 8 : explain SELECT k, c FROM sbtest8 WHERE k BETWEEN 8894786 AND 8894886
	-> Index range scan on sbtest8 using k_8 over (8894786 <= k <= 8894886), with index condition: (sbtest8.k between 8894786 and 8894886)  (cost=46.6 rows=103)


for range-notcovered
table 1 : explain SELECT k, c FROM sbtest1 WHERE k BETWEEN 6797604 AND 6797704
	-> Index range scan on sbtest1 using k_1 over (6797604 <= k <= 6797704), with index condition: (sbtest1.k between 6797604 and 6797704)  (cost=42.1 rows=93)


table 2 : explain SELECT k, c FROM sbtest2 WHERE k BETWEEN 6797604 AND 6797704
	-> Index range scan on sbtest2 using k_2 over (6797604 <= k <= 6797704), with index condition: (sbtest2.k between 6797604 and 6797704)  (cost=43 rows=95)


table 3 : explain SELECT k, c FROM sbtest3 WHERE k BETWEEN 6797604 AND 6797704
	-> Index range scan on sbtest3 using k_3 over (6797604 <= k <= 6797704), with index condition: (sbtest3.k between 6797604 and 6797704)  (cost=50.7 rows=112)


table 4 : explain SELECT k, c FROM sbtest4 WHERE k BETWEEN 6797604 AND 6797704
	-> Index range scan on sbtest4 using k_4 over (6797604 <= k <= 6797704), with index condition: (sbtest4.k between 6797604 and 6797704)  (cost=40.3 rows=89)


table 5 : explain SELECT k, c FROM sbtest5 WHERE k BETWEEN 6797604 AND 6797704
	-> Index range scan on sbtest5 using k_5 over (6797604 <= k <= 6797704), with index condition: (sbtest5.k between 6797604 and 6797704)  (cost=42.1 rows=93)


table 6 : explain SELECT k, c FROM sbtest6 WHERE k BETWEEN 6797604 AND 6797704
	-> Index range scan on sbtest6 using k_6 over (6797604 <= k <= 6797704), with index condition: (sbtest6.k between 6797604 and 6797704)  (cost=47.5 rows=105)


table 7 : explain SELECT k, c FROM sbtest7 WHERE k BETWEEN 6797604 AND 6797704
	-> Index range scan on sbtest7 using k_7 over (6797604 <= k <= 6797704), with index condition: (sbtest7.k between 6797604 and 6797704)  (cost=47.5 rows=105)


table 8 : explain SELECT k, c FROM sbtest8 WHERE k BETWEEN 6797604 AND 6797704
	-> Index range scan on sbtest8 using k_8 over (6797604 <= k <= 6797704), with index condition: (sbtest8.k between 6797604 and 6797704)  (cost=42.6 rows=94)


for range-notcovered
table 1 : explain SELECT k, c FROM sbtest1 WHERE k BETWEEN 8269975 AND 8270075
	-> Index range scan on sbtest1 using k_1 over (8269975 <= k <= 8270075), with index condition: (sbtest1.k between 8269975 and 8270075)  (cost=43 rows=95)


table 2 : explain SELECT k, c FROM sbtest2 WHERE k BETWEEN 8269975 AND 8270075
	-> Index range scan on sbtest2 using k_2 over (8269975 <= k <= 8270075), with index condition: (sbtest2.k between 8269975 and 8270075)  (cost=41.7 rows=92)


table 3 : explain SELECT k, c FROM sbtest3 WHERE k BETWEEN 8269975 AND 8270075
	-> Index range scan on sbtest3 using k_3 over (8269975 <= k <= 8270075), with index condition: (sbtest3.k between 8269975 and 8270075)  (cost=45.3 rows=100)


table 4 : explain SELECT k, c FROM sbtest4 WHERE k BETWEEN 8269975 AND 8270075
	-> Index range scan on sbtest4 using k_4 over (8269975 <= k <= 8270075), with index condition: (sbtest4.k between 8269975 and 8270075)  (cost=38.1 rows=84)


table 5 : explain SELECT k, c FROM sbtest5 WHERE k BETWEEN 8269975 AND 8270075
	-> Index range scan on sbtest5 using k_5 over (8269975 <= k <= 8270075), with index condition: (sbtest5.k between 8269975 and 8270075)  (cost=40.8 rows=90)


table 6 : explain SELECT k, c FROM sbtest6 WHERE k BETWEEN 8269975 AND 8270075
	-> Index range scan on sbtest6 using k_6 over (8269975 <= k <= 8270075), with index condition: (sbtest6.k between 8269975 and 8270075)  (cost=46.6 rows=103)


table 7 : explain SELECT k, c FROM sbtest7 WHERE k BETWEEN 8269975 AND 8270075
	-> Index range scan on sbtest7 using k_7 over (8269975 <= k <= 8270075), with index condition: (sbtest7.k between 8269975 and 8270075)  (cost=40.3 rows=89)


table 8 : explain SELECT k, c FROM sbtest8 WHERE k BETWEEN 8269975 AND 8270075
	-> Index range scan on sbtest8 using k_8 over (8269975 <= k <= 8270075), with index condition: (sbtest8.k between 8269975 and 8270075)  (cost=48 rows=106)


for range-notcovered
table 1 : explain SELECT k, c FROM sbtest1 WHERE k BETWEEN 4742653 AND 4742753
	-> Index range scan on sbtest1 using k_1 over (4742653 <= k <= 4742753), with index condition: (sbtest1.k between 4742653 and 4742753)  (cost=46.2 rows=102)


table 2 : explain SELECT k, c FROM sbtest2 WHERE k BETWEEN 4742653 AND 4742753
	-> Index range scan on sbtest2 using k_2 over (4742653 <= k <= 4742753), with index condition: (sbtest2.k between 4742653 and 4742753)  (cost=44.8 rows=99)


table 3 : explain SELECT k, c FROM sbtest3 WHERE k BETWEEN 4742653 AND 4742753
	-> Index range scan on sbtest3 using k_3 over (4742653 <= k <= 4742753), with index condition: (sbtest3.k between 4742653 and 4742753)  (cost=37.6 rows=83)


table 4 : explain SELECT k, c FROM sbtest4 WHERE k BETWEEN 4742653 AND 4742753
	-> Index range scan on sbtest4 using k_4 over (4742653 <= k <= 4742753), with index condition: (sbtest4.k between 4742653 and 4742753)  (cost=39.9 rows=88)


table 5 : explain SELECT k, c FROM sbtest5 WHERE k BETWEEN 4742653 AND 4742753
	-> Index range scan on sbtest5 using k_5 over (4742653 <= k <= 4742753), with index condition: (sbtest5.k between 4742653 and 4742753)  (cost=55.2 rows=122)


table 6 : explain SELECT k, c FROM sbtest6 WHERE k BETWEEN 4742653 AND 4742753
	-> Index range scan on sbtest6 using k_6 over (4742653 <= k <= 4742753), with index condition: (sbtest6.k between 4742653 and 4742753)  (cost=44.4 rows=98)


table 7 : explain SELECT k, c FROM sbtest7 WHERE k BETWEEN 4742653 AND 4742753
	-> Index range scan on sbtest7 using k_7 over (4742653 <= k <= 4742753), with index condition: (sbtest7.k between 4742653 and 4742753)  (cost=43.9 rows=97)


table 8 : explain SELECT k, c FROM sbtest8 WHERE k BETWEEN 4742653 AND 4742753
	-> Index range scan on sbtest8 using k_8 over (4742653 <= k <= 4742753), with index condition: (sbtest8.k between 4742653 and 4742753)  (cost=43.9 rows=97)


for range-notcovered
table 1 : explain SELECT k, c FROM sbtest1 WHERE k BETWEEN 7267870 AND 7267970
	-> Index range scan on sbtest1 using k_1 over (7267870 <= k <= 7267970), with index condition: (sbtest1.k between 7267870 and 7267970)  (cost=45.3 rows=100)


table 2 : explain SELECT k, c FROM sbtest2 WHERE k BETWEEN 7267870 AND 7267970
	-> Index range scan on sbtest2 using k_2 over (7267870 <= k <= 7267970), with index condition: (sbtest2.k between 7267870 and 7267970)  (cost=52 rows=115)


table 3 : explain SELECT k, c FROM sbtest3 WHERE k BETWEEN 7267870 AND 7267970
	-> Index range scan on sbtest3 using k_3 over (7267870 <= k <= 7267970), with index condition: (sbtest3.k between 7267870 and 7267970)  (cost=48.9 rows=108)


table 4 : explain SELECT k, c FROM sbtest4 WHERE k BETWEEN 7267870 AND 7267970
	-> Index range scan on sbtest4 using k_4 over (7267870 <= k <= 7267970), with index condition: (sbtest4.k between 7267870 and 7267970)  (cost=48.4 rows=107)


table 5 : explain SELECT k, c FROM sbtest5 WHERE k BETWEEN 7267870 AND 7267970
	-> Index range scan on sbtest5 using k_5 over (7267870 <= k <= 7267970), with index condition: (sbtest5.k between 7267870 and 7267970)  (cost=43.9 rows=97)


table 6 : explain SELECT k, c FROM sbtest6 WHERE k BETWEEN 7267870 AND 7267970
	-> Index range scan on sbtest6 using k_6 over (7267870 <= k <= 7267970), with index condition: (sbtest6.k between 7267870 and 7267970)  (cost=44.8 rows=99)


table 7 : explain SELECT k, c FROM sbtest7 WHERE k BETWEEN 7267870 AND 7267970
	-> Index range scan on sbtest7 using k_7 over (7267870 <= k <= 7267970), with index condition: (sbtest7.k between 7267870 and 7267970)  (cost=58.8 rows=130)


table 8 : explain SELECT k, c FROM sbtest8 WHERE k BETWEEN 7267870 AND 7267970
	-> Index range scan on sbtest8 using k_8 over (7267870 <= k <= 7267970), with index condition: (sbtest8.k between 7267870 and 7267970)  (cost=46.2 rows=102)


for range-notcovered
table 1 : explain SELECT k, c FROM sbtest1 WHERE k BETWEEN 7513703 AND 7513803
	-> Index range scan on sbtest1 using k_1 over (7513703 <= k <= 7513803), with index condition: (sbtest1.k between 7513703 and 7513803)  (cost=46.2 rows=102)


table 2 : explain SELECT k, c FROM sbtest2 WHERE k BETWEEN 7513703 AND 7513803
	-> Index range scan on sbtest2 using k_2 over (7513703 <= k <= 7513803), with index condition: (sbtest2.k between 7513703 and 7513803)  (cost=47.5 rows=105)


table 3 : explain SELECT k, c FROM sbtest3 WHERE k BETWEEN 7513703 AND 7513803
	-> Index range scan on sbtest3 using k_3 over (7513703 <= k <= 7513803), with index condition: (sbtest3.k between 7513703 and 7513803)  (cost=45.3 rows=100)


table 4 : explain SELECT k, c FROM sbtest4 WHERE k BETWEEN 7513703 AND 7513803
	-> Index range scan on sbtest4 using k_4 over (7513703 <= k <= 7513803), with index condition: (sbtest4.k between 7513703 and 7513803)  (cost=50.2 rows=111)


table 5 : explain SELECT k, c FROM sbtest5 WHERE k BETWEEN 7513703 AND 7513803
	-> Index range scan on sbtest5 using k_5 over (7513703 <= k <= 7513803), with index condition: (sbtest5.k between 7513703 and 7513803)  (cost=45.7 rows=101)


table 6 : explain SELECT k, c FROM sbtest6 WHERE k BETWEEN 7513703 AND 7513803
	-> Index range scan on sbtest6 using k_6 over (7513703 <= k <= 7513803), with index condition: (sbtest6.k between 7513703 and 7513803)  (cost=41.7 rows=92)


table 7 : explain SELECT k, c FROM sbtest7 WHERE k BETWEEN 7513703 AND 7513803
	-> Index range scan on sbtest7 using k_7 over (7513703 <= k <= 7513803), with index condition: (sbtest7.k between 7513703 and 7513803)  (cost=45.7 rows=101)


table 8 : explain SELECT k, c FROM sbtest8 WHERE k BETWEEN 7513703 AND 7513803
	-> Index range scan on sbtest8 using k_8 over (7513703 <= k <= 7513803), with index condition: (sbtest8.k between 7513703 and 7513803)  (cost=43 rows=95)


for range-notcovered
table 1 : explain SELECT k, c FROM sbtest1 WHERE k BETWEEN 4693750 AND 4693850
	-> Index range scan on sbtest1 using k_1 over (4693750 <= k <= 4693850), with index condition: (sbtest1.k between 4693750 and 4693850)  (cost=41.7 rows=92)


table 2 : explain SELECT k, c FROM sbtest2 WHERE k BETWEEN 4693750 AND 4693850
	-> Index range scan on sbtest2 using k_2 over (4693750 <= k <= 4693850), with index condition: (sbtest2.k between 4693750 and 4693850)  (cost=40.8 rows=90)


table 3 : explain SELECT k, c FROM sbtest3 WHERE k BETWEEN 4693750 AND 4693850
	-> Index range scan on sbtest3 using k_3 over (4693750 <= k <= 4693850), with index condition: (sbtest3.k between 4693750 and 4693850)  (cost=46.6 rows=103)


table 4 : explain SELECT k, c FROM sbtest4 WHERE k BETWEEN 4693750 AND 4693850
	-> Index range scan on sbtest4 using k_4 over (4693750 <= k <= 4693850), with index condition: (sbtest4.k between 4693750 and 4693850)  (cost=46.2 rows=102)


table 5 : explain SELECT k, c FROM sbtest5 WHERE k BETWEEN 4693750 AND 4693850
	-> Index range scan on sbtest5 using k_5 over (4693750 <= k <= 4693850), with index condition: (sbtest5.k between 4693750 and 4693850)  (cost=50.2 rows=111)


table 6 : explain SELECT k, c FROM sbtest6 WHERE k BETWEEN 4693750 AND 4693850
	-> Index range scan on sbtest6 using k_6 over (4693750 <= k <= 4693850), with index condition: (sbtest6.k between 4693750 and 4693850)  (cost=38.1 rows=84)


table 7 : explain SELECT k, c FROM sbtest7 WHERE k BETWEEN 4693750 AND 4693850
	-> Index range scan on sbtest7 using k_7 over (4693750 <= k <= 4693850), with index condition: (sbtest7.k between 4693750 and 4693850)  (cost=35.8 rows=79)


table 8 : explain SELECT k, c FROM sbtest8 WHERE k BETWEEN 4693750 AND 4693850
	-> Index range scan on sbtest8 using k_8 over (4693750 <= k <= 4693850), with index condition: (sbtest8.k between 4693750 and 4693850)  (cost=40.3 rows=89)


explain: for range-notcovered :: explain SELECT k, c FROM sbtest%d WHERE k BETWEEN 4693750 AND 4693850
for range-notcovered
table 1 : explain SELECT k, c FROM sbtest1 WHERE k BETWEEN 5415594 AND 5415694
	-> Index range scan on sbtest1 using k_1 over (5415594 <= k <= 5415694), with index condition: (sbtest1.k between 5415594 and 5415694)  (cost=45.3 rows=100)


table 2 : explain SELECT k, c FROM sbtest2 WHERE k BETWEEN 5415594 AND 5415694
	-> Index range scan on sbtest2 using k_2 over (5415594 <= k <= 5415694), with index condition: (sbtest2.k between 5415594 and 5415694)  (cost=50.7 rows=112)


table 3 : explain SELECT k, c FROM sbtest3 WHERE k BETWEEN 5415594 AND 5415694
	-> Index range scan on sbtest3 using k_3 over (5415594 <= k <= 5415694), with index condition: (sbtest3.k between 5415594 and 5415694)  (cost=39.4 rows=87)


table 4 : explain SELECT k, c FROM sbtest4 WHERE k BETWEEN 5415594 AND 5415694
	-> Index range scan on sbtest4 using k_4 over (5415594 <= k <= 5415694), with index condition: (sbtest4.k between 5415594 and 5415694)  (cost=40.3 rows=89)


table 5 : explain SELECT k, c FROM sbtest5 WHERE k BETWEEN 5415594 AND 5415694
	-> Index range scan on sbtest5 using k_5 over (5415594 <= k <= 5415694), with index condition: (sbtest5.k between 5415594 and 5415694)  (cost=46.2 rows=102)


table 6 : explain SELECT k, c FROM sbtest6 WHERE k BETWEEN 5415594 AND 5415694
	-> Index range scan on sbtest6 using k_6 over (5415594 <= k <= 5415694), with index condition: (sbtest6.k between 5415594 and 5415694)  (cost=50.2 rows=111)


table 7 : explain SELECT k, c FROM sbtest7 WHERE k BETWEEN 5415594 AND 5415694
	-> Index range scan on sbtest7 using k_7 over (5415594 <= k <= 5415694), with index condition: (sbtest7.k between 5415594 and 5415694)  (cost=45.7 rows=101)


table 8 : explain SELECT k, c FROM sbtest8 WHERE k BETWEEN 5415594 AND 5415694
	-> Index range scan on sbtest8 using k_8 over (5415594 <= k <= 5415694), with index condition: (sbtest8.k between 5415594 and 5415694)  (cost=46.6 rows=103)


for range-notcovered
table 1 : explain SELECT k, c FROM sbtest1 WHERE k BETWEEN 4693750 AND 4693850
	-> Index range scan on sbtest1 using k_1 over (4693750 <= k <= 4693850), with index condition: (sbtest1.k between 4693750 and 4693850)  (cost=41.7 rows=92)


table 2 : explain SELECT k, c FROM sbtest2 WHERE k BETWEEN 4693750 AND 4693850
	-> Index range scan on sbtest2 using k_2 over (4693750 <= k <= 4693850), with index condition: (sbtest2.k between 4693750 and 4693850)  (cost=40.8 rows=90)


table 3 : explain SELECT k, c FROM sbtest3 WHERE k BETWEEN 4693750 AND 4693850
	-> Index range scan on sbtest3 using k_3 over (4693750 <= k <= 4693850), with index condition: (sbtest3.k between 4693750 and 4693850)  (cost=46.6 rows=103)


table 4 : explain SELECT k, c FROM sbtest4 WHERE k BETWEEN 4693750 AND 4693850
	-> Index range scan on sbtest4 using k_4 over (4693750 <= k <= 4693850), with index condition: (sbtest4.k between 4693750 and 4693850)  (cost=46.2 rows=102)


table 5 : explain SELECT k, c FROM sbtest5 WHERE k BETWEEN 4693750 AND 4693850
	-> Index range scan on sbtest5 using k_5 over (4693750 <= k <= 4693850), with index condition: (sbtest5.k between 4693750 and 4693850)  (cost=50.2 rows=111)


table 6 : explain SELECT k, c FROM sbtest6 WHERE k BETWEEN 4693750 AND 4693850
	-> Index range scan on sbtest6 using k_6 over (4693750 <= k <= 4693850), with index condition: (sbtest6.k between 4693750 and 4693850)  (cost=38.1 rows=84)


table 7 : explain SELECT k, c FROM sbtest7 WHERE k BETWEEN 4693750 AND 4693850
	-> Index range scan on sbtest7 using k_7 over (4693750 <= k <= 4693850), with index condition: (sbtest7.k between 4693750 and 4693850)  (cost=35.8 rows=79)


table 8 : explain SELECT k, c FROM sbtest8 WHERE k BETWEEN 4693750 AND 4693850
	-> Index range scan on sbtest8 using k_8 over (4693750 <= k <= 4693850), with index condition: (sbtest8.k between 4693750 and 4693850)  (cost=40.3 rows=89)


Threads started!

Warming up for 5 seconds...

SQL statistics:
    queries performed:
        read:                            38167202
        write:                           0
        other:                           0
        total:                           38167202
    transactions:                        38167202 (60582.46 per sec.)
    queries:                             38167202 (60582.46 per sec.)
    ignored errors:                      0      (0.00 per sec.)
    reconnects:                          0      (0.00 per sec.)

Throughput:
    events/s (eps):                      60582.4580
    time elapsed:                        630.0043s
    total number of events:              38167202

Latency (ms):
         min:                                    0.09
         avg:                                    0.66
         max:                                    7.63
         95th percentile:                        0.81
         sum:                             25183424.47

Threads fairness:
    events (avg/stddev):           954178.9000/955.36
    execution time (avg/stddev):   629.5856/0.01

