LUA_PATH=/home/mdcallag/git/mytools/bench/sysbench.lua/lua/?.lua /home/mdcallag/git/mytools/bench/sysbench.lua/lua/sysbench --db-driver=mysql --range-size=10 --table-size=10000000 --tables=8 --threads=40 --events=0 --warmup-time=5 --time=630 /home/mdcallag/git/mytools/bench/sysbench.lua/lua/oltp_inlist_select.lua run --mysql-user=root --mysql-password=pw --mysql-host=127.0.0.1 --mysql-db=test --rand-type=uniform --random-points=10 --skip-trx
48 CPUs
sysbench 1.1.0-9072687 (using bundled LuaJIT 2.1.0-beta3)

Running the test with following options:
Number of threads: 40
Warmup time: 5s
Initializing random number generator from current time


Initializing worker threads...

explain: for select-inlist :: explain SELECT c FROM sbtest%d WHERE id IN ( 5224202, 8073156, 8723737, 9001866, 3928442, 7320047, 7548154, 6680562, 6440778, 9565521)
explain: for select-inlist :: explain SELECT c FROM sbtest%d WHERE id IN ( 1783347, 9974470, 7355726, 4738331, 5961093, 3791135, 7213849, 4946500, 7771498, 8417930)explain: for select-inlist :: explain SELECT c FROM sbtest%d WHERE id IN ( 5163233, 4270498, 7303543, 3327662, 4587131, 6153858, 3228085, 7254670, 4871540, 8189196)
explain: for select-inlist :: explain SELECT c FROM sbtest%d WHERE id IN ( 5641339, 7308770, 3263303, 4607831, 653702, 6686470, 3380008, 2174310, 3980143, 7150582)

explain: for select-inlist :: explain SELECT c FROM sbtest%d WHERE id IN ( 6101696, 4621423, 1516718, 4790781, 8798053, 4609588, 5675494, 1230615, 6189755, 1722524)
explain: for select-inlist :: explain SELECT c FROM sbtest%d WHERE id IN ( 4982332, 1294027, 3922307, 8182191, 359206, 975097, 8662098, 5373326, 3470683, 2331951)
explain: for select-inlist :: explain SELECT c FROM sbtest%d WHERE id IN ( 5452907, 6410964, 2848327, 3578147, 5758756, 4906541, 139900, 4619578, 2942332, 9128351)
explain: for select-inlist :: explain SELECT c FROM sbtest%d WHERE id IN ( 7363060, 2312945, 8738091, 8202630, 685266, 5880743, 6412689, 7455982, 3327504, 9170584)
explain: for select-inlist :: explain SELECT c FROM sbtest%d WHERE id IN ( 6577113, 295063, 6952045, 8837295, 3952903, 9661144, 6818976, 2766540, 3600356, 5534287)
for select-inlist
table 1 : explain SELECT c FROM sbtest1 WHERE id IN ( 5224202, 8073156, 8723737, 9001866, 3928442, 7320047, 7548154, 6680562, 6440778, 9565521)
	-> Filter: (sbtest1.id in (5224202,8073156,8723737,9001866,3928442,7320047,7548154,6680562,6440778,9565521))  (cost=4.53 rows=10)
    -> Index range scan on sbtest1 using PRIMARY over (id = 3928442) OR (id = 5224202) OR (8 more)  (cost=4.53 rows=10)


table 2 : explain SELECT c FROM sbtest2 WHERE id IN ( 5224202, 8073156, 8723737, 9001866, 3928442, 7320047, 7548154, 6680562, 6440778, 9565521)
	-> Filter: (sbtest2.id in (5224202,8073156,8723737,9001866,3928442,7320047,7548154,6680562,6440778,9565521))  (cost=4.53 rows=10)
    -> Index range scan on sbtest2 using PRIMARY over (id = 3928442) OR (id = 5224202) OR (8 more)  (cost=4.53 rows=10)


table 3 : explain SELECT c FROM sbtest3 WHERE id IN ( 5224202, 8073156, 8723737, 9001866, 3928442, 7320047, 7548154, 6680562, 6440778, 9565521)
	-> Filter: (sbtest3.id in (5224202,8073156,8723737,9001866,3928442,7320047,7548154,6680562,6440778,9565521))  (cost=4.53 rows=10)
    -> Index range scan on sbtest3 using PRIMARY over (id = 3928442) OR (id = 5224202) OR (8 more)  (cost=4.53 rows=10)


table 4 : explain SELECT c FROM sbtest4 WHERE id IN ( 5224202, 8073156, 8723737, 9001866, 3928442, 7320047, 7548154, 6680562, 6440778, 9565521)
	-> Filter: (sbtest4.id in (5224202,8073156,8723737,9001866,3928442,7320047,7548154,6680562,6440778,9565521))  (cost=4.53 rows=10)
    -> Index range scan on sbtest4 using PRIMARY over (id = 3928442) OR (id = 5224202) OR (8 more)  (cost=4.53 rows=10)


table 5 : explain SELECT c FROM sbtest5 WHERE id IN ( 5224202, 8073156, 8723737, 9001866, 3928442, 7320047, 7548154, 6680562, 6440778, 9565521)
	-> Filter: (sbtest5.id in (5224202,8073156,8723737,9001866,3928442,7320047,7548154,6680562,6440778,9565521))  (cost=4.53 rows=10)
    -> Index range scan on sbtest5 using PRIMARY over (id = 3928442) OR (id = 5224202) OR (8 more)  (cost=4.53 rows=10)


table 6 : explain SELECT c FROM sbtest6 WHERE id IN ( 5224202, 8073156, 8723737, 9001866, 3928442, 7320047, 7548154, 6680562, 6440778, 9565521)
	-> Filter: (sbtest6.id in (5224202,8073156,8723737,9001866,3928442,7320047,7548154,6680562,6440778,9565521))  (cost=4.53 rows=10)
    -> Index range scan on sbtest6 using PRIMARY over (id = 3928442) OR (id = 5224202) OR (8 more)  (cost=4.53 rows=10)


table 7 : explain SELECT c FROM sbtest7 WHERE id IN ( 5224202, 8073156, 8723737, 9001866, 3928442, 7320047, 7548154, 6680562, 6440778, 9565521)
	-> Filter: (sbtest7.id in (5224202,8073156,8723737,9001866,3928442,7320047,7548154,6680562,6440778,9565521))  (cost=4.53 rows=10)
    -> Index range scan on sbtest7 using PRIMARY over (id = 3928442) OR (id = 5224202) OR (8 more)  (cost=4.53 rows=10)


table 8 : explain SELECT c FROM sbtest8 WHERE id IN ( 5224202, 8073156, 8723737, 9001866, 3928442, 7320047, 7548154, 6680562, 6440778, 9565521)
	-> Filter: (sbtest8.id in (5224202,8073156,8723737,9001866,3928442,7320047,7548154,6680562,6440778,9565521))  (cost=4.53 rows=10)
    -> Index range scan on sbtest8 using PRIMARY over (id = 3928442) OR (id = 5224202) OR (8 more)  (cost=4.53 rows=10)


explain: for select-inlist :: explain SELECT c FROM sbtest%d WHERE id IN ( 5157274, 6732661, 5845022, 4281713, 4368110, 6280588, 1567301, 9580174, 4877013, 618957)
explain: for select-inlist :: explain SELECT c FROM sbtest%d WHERE id IN ( 653448, 5232772, 950158, 9466669, 5817245, 3708867, 9243823, 7773276, 4824502, 7751221)
explain: for select-inlist :: explain SELECT c FROM sbtest%d WHERE id IN ( 5157447, 6692807, 657528, 8087095, 6782871, 8779226, 3719989, 3140453, 4783878, 2973913)
explain: for select-inlist :: explain SELECT c FROM sbtest%d WHERE id IN ( 3607045, 8480010, 5100665, 2612857, 9320040, 8034461, 2330409, 988945, 526646, 1540005)
explain: for select-inlist :: explain SELECT c FROM sbtest%d WHERE id IN ( 5138689, 7779572, 8811623, 2418290, 1377900, 215316, 4382249, 6427365, 8140655, 2966731)
explain: for select-inlist :: explain SELECT c FROM sbtest%d WHERE id IN ( 7700654, 7128056, 718345, 1151062, 963808, 4477089, 7730358, 3499328, 7477029, 7051546)
explain: for select-inlist :: explain SELECT c FROM sbtest%d WHERE id IN ( 7233128, 6339942, 9438281, 9160607, 2275998, 5961672, 4016606, 9303002, 9623061, 9083406)
explain: for select-inlist :: explain SELECT c FROM sbtest%d WHERE id IN ( 6429151, 2510504, 257226, 4650765, 9703539, 3958730, 2629446, 4137009, 5957549, 8117446)
explain: for select-inlist :: explain SELECT c FROM sbtest%d WHERE id IN ( 3765141, 7035713, 3380676, 3606453, 838128, 2349553, 8531982, 2587506, 9612306, 3334201)
for select-inlist
table 1 : explain SELECT c FROM sbtest1 WHERE id IN ( 1783347, 9974470, 7355726, 4738331, 5961093, 3791135, 7213849, 4946500, 7771498, 8417930)
	-> Filter: (sbtest1.id in (1783347,9974470,7355726,4738331,5961093,3791135,7213849,4946500,7771498,8417930))  (cost=4.53 rows=10)
    -> Index range scan on sbtest1 using PRIMARY over (id = 1783347) OR (id = 3791135) OR (8 more)  (cost=4.53 rows=10)


table 2 : explain SELECT c FROM sbtest2 WHERE id IN ( 1783347, 9974470, 7355726, 4738331, 5961093, 3791135, 7213849, 4946500, 7771498, 8417930)
	-> Filter: (sbtest2.id in (1783347,9974470,7355726,4738331,5961093,3791135,7213849,4946500,7771498,8417930))  (cost=4.53 rows=10)
    -> Index range scan on sbtest2 using PRIMARY over (id = 1783347) OR (id = 3791135) OR (8 more)  (cost=4.53 rows=10)


table 3 : explain SELECT c FROM sbtest3 WHERE id IN ( 1783347, 9974470, 7355726, 4738331, 5961093, 3791135, 7213849, 4946500, 7771498, 8417930)
	-> Filter: (sbtest3.id in (1783347,9974470,7355726,4738331,5961093,3791135,7213849,4946500,7771498,8417930))  (cost=4.53 rows=10)
    -> Index range scan on sbtest3 using PRIMARY over (id = 1783347) OR (id = 3791135) OR (8 more)  (cost=4.53 rows=10)


table 4 : explain SELECT c FROM sbtest4 WHERE id IN ( 1783347, 9974470, 7355726, 4738331, 5961093, 3791135, 7213849, 4946500, 7771498, 8417930)
	-> Filter: (sbtest4.id in (1783347,9974470,7355726,4738331,5961093,3791135,7213849,4946500,7771498,8417930))  (cost=4.53 rows=10)
    -> Index range scan on sbtest4 using PRIMARY over (id = 1783347) OR (id = 3791135) OR (8 more)  (cost=4.53 rows=10)


table 5 : explain SELECT c FROM sbtest5 WHERE id IN ( 1783347, 9974470, 7355726, 4738331, 5961093, 3791135, 7213849, 4946500, 7771498, 8417930)
	-> Filter: (sbtest5.id in (1783347,9974470,7355726,4738331,5961093,3791135,7213849,4946500,7771498,8417930))  (cost=4.53 rows=10)
    -> Index range scan on sbtest5 using PRIMARY over (id = 1783347) OR (id = 3791135) OR (8 more)  (cost=4.53 rows=10)


table 6 : explain SELECT c FROM sbtest6 WHERE id IN ( 1783347, 9974470, 7355726, 4738331, 5961093, 3791135, 7213849, 4946500, 7771498, 8417930)
	-> Filter: (sbtest6.id in (1783347,9974470,7355726,4738331,5961093,3791135,7213849,4946500,7771498,8417930))  (cost=4.53 rows=10)
    -> Index range scan on sbtest6 using PRIMARY over (id = 1783347) OR (id = 3791135) OR (8 more)  (cost=4.53 rows=10)


table 7 : explain SELECT c FROM sbtest7 WHERE id IN ( 1783347, 9974470, 7355726, 4738331, 5961093, 3791135, 7213849, 4946500, 7771498, 8417930)
	-> Filter: (sbtest7.id in (1783347,9974470,7355726,4738331,5961093,3791135,7213849,4946500,7771498,8417930))  (cost=4.53 rows=10)
    -> Index range scan on sbtest7 using PRIMARY over (id = 1783347) OR (id = 3791135) OR (8 more)  (cost=4.53 rows=10)


table 8 : explain SELECT c FROM sbtest8 WHERE id IN ( 1783347, 9974470, 7355726, 4738331, 5961093, 3791135, 7213849, 4946500, 7771498, 8417930)
	-> Filter: (sbtest8.id in (1783347,9974470,7355726,4738331,5961093,3791135,7213849,4946500,7771498,8417930))  (cost=4.53 rows=10)
    -> Index range scan on sbtest8 using PRIMARY over (id = 1783347) OR (id = 3791135) OR (8 more)  (cost=4.53 rows=10)

explain: for select-inlist :: explain SELECT c FROM sbtest%d WHERE id IN ( 3748664, 7572017, 6645980, 2529803, 8168031, 5204733, 9065997, 4646688, 263167, 9694692)

explain: for select-inlist :: explain SELECT c FROM sbtest%d WHERE id IN ( 3320481, 7769264, 1747375, 963722, 8191088, 7810382, 5408495, 2856489, 2797026, 2691342)
explain: for select-inlist :: explain SELECT c FROM sbtest%d WHERE id IN ( 4687525, 137259, 7219894, 9900366, 9767189, 4818469, 8765083, 975621, 7185341, 6889266)
explain: for select-inlist :: explain SELECT c FROM sbtest%d WHERE id IN ( 6041083, 4142420, 4877176, 6301456, 7868241, 1621747, 6730255, 779284, 710686, 7296505)
for select-inlist
table 1 : explain SELECT c FROM sbtest1 WHERE id IN ( 5641339, 7308770, 3263303, 4607831, 653702, 6686470, 3380008, 2174310, 3980143, 7150582)
	-> Filter: (sbtest1.id in (5641339,7308770,3263303,4607831,653702,6686470,3380008,2174310,3980143,7150582))  (cost=4.53 rows=10)
    -> Index range scan on sbtest1 using PRIMARY over (id = 653702) OR (id = 2174310) OR (8 more)  (cost=4.53 rows=10)


table 2 : explain SELECT c FROM sbtest2 WHERE id IN ( 5641339, 7308770, 3263303, 4607831, 653702, 6686470, 3380008, 2174310, 3980143, 7150582)
	-> Filter: (sbtest2.id in (5641339,7308770,3263303,4607831,653702,6686470,3380008,2174310,3980143,7150582))  (cost=4.53 rows=10)
    -> Index range scan on sbtest2 using PRIMARY over (id = 653702) OR (id = 2174310) OR (8 more)  (cost=4.53 rows=10)


table 3 : explain SELECT c FROM sbtest3 WHERE id IN ( 5641339, 7308770, 3263303, 4607831, 653702, 6686470, 3380008, 2174310, 3980143, 7150582)
	-> Filter: (sbtest3.id in (5641339,7308770,3263303,4607831,653702,6686470,3380008,2174310,3980143,7150582))  (cost=4.53 rows=10)
    -> Index range scan on sbtest3 using PRIMARY over (id = 653702) OR (id = 2174310) OR (8 more)  (cost=4.53 rows=10)


table 4 : explain SELECT c FROM sbtest4 WHERE id IN ( 5641339, 7308770, 3263303, 4607831, 653702, 6686470, 3380008, 2174310, 3980143, 7150582)
	-> Filter: (sbtest4.id in (5641339,7308770,3263303,4607831,653702,6686470,3380008,2174310,3980143,7150582))  (cost=4.53 rows=10)
    -> Index range scan on sbtest4 using PRIMARY over (id = 653702) OR (id = 2174310) OR (8 more)  (cost=4.53 rows=10)


table 5 : explain SELECT c FROM sbtest5 WHERE id IN ( 5641339, 7308770, 3263303, 4607831, 653702, 6686470, 3380008, 2174310, 3980143, 7150582)
	-> Filter: (sbtest5.id in (5641339,7308770,3263303,4607831,653702,6686470,3380008,2174310,3980143,7150582))  (cost=4.53 rows=10)
    -> Index range scan on sbtest5 using PRIMARY over (id = 653702) OR (id = 2174310) OR (8 more)  (cost=4.53 rows=10)


table 6 : explain SELECT c FROM sbtest6 WHERE id IN ( 5641339, 7308770, 3263303, 4607831, 653702, 6686470, 3380008, 2174310, 3980143, 7150582)
	-> Filter: (sbtest6.id in (5641339,7308770,3263303,4607831,653702,6686470,3380008,2174310,3980143,7150582))  (cost=4.53 rows=10)
    -> Index range scan on sbtest6 using PRIMARY over (id = 653702) OR (id = 2174310) OR (8 more)  (cost=4.53 rows=10)


table 7 : explain SELECT c FROM sbtest7 WHERE id IN ( 5641339, 7308770, 3263303, 4607831, 653702, 6686470, 3380008, 2174310, 3980143, 7150582)
	-> Filter: (sbtest7.id in (5641339,7308770,3263303,4607831,653702,6686470,3380008,2174310,3980143,7150582))  (cost=4.53 rows=10)
    -> Index range scan on sbtest7 using PRIMARY over (id = 653702) OR (id = 2174310) OR (8 more)  (cost=4.53 rows=10)


table 8 : explain SELECT c FROM sbtest8 WHERE id IN ( 5641339, 7308770, 3263303, 4607831, 653702, 6686470, 3380008, 2174310, 3980143, 7150582)
	-> Filter: (sbtest8.id in (5641339,7308770,3263303,4607831,653702,6686470,3380008,2174310,3980143,7150582))  (cost=4.53 rows=10)
    -> Index range scan on sbtest8 using PRIMARY over (id = 653702) OR (id = 2174310) OR (8 more)  (cost=4.53 rows=10)


for select-inlist
table 1 : explain SELECT c FROM sbtest1 WHERE id IN ( 6101696, 4621423, 1516718, 4790781, 8798053, 4609588, 5675494, 1230615, 6189755, 1722524)
	-> Filter: (sbtest1.id in (6101696,4621423,1516718,4790781,8798053,4609588,5675494,1230615,6189755,1722524))  (cost=4.53 rows=10)
    -> Index range scan on sbtest1 using PRIMARY over (id = 1230615) OR (id = 1516718) OR (8 more)  (cost=4.53 rows=10)


table 2 : explain SELECT c FROM sbtest2 WHERE id IN ( 6101696, 4621423, 1516718, 4790781, 8798053, 4609588, 5675494, 1230615, 6189755, 1722524)
	-> Filter: (sbtest2.id in (6101696,4621423,1516718,4790781,8798053,4609588,5675494,1230615,6189755,1722524))  (cost=4.53 rows=10)
    -> Index range scan on sbtest2 using PRIMARY over (id = 1230615) OR (id = 1516718) OR (8 more)  (cost=4.53 rows=10)


table 3 : explain SELECT c FROM sbtest3 WHERE id IN ( 6101696, 4621423, 1516718, 4790781, 8798053, 4609588, 5675494, 1230615, 6189755, 1722524)
	-> Filter: (sbtest3.id in (6101696,4621423,1516718,4790781,8798053,4609588,5675494,1230615,6189755,1722524))  (cost=4.53 rows=10)
    -> Index range scan on sbtest3 using PRIMARY over (id = 1230615) OR (id = 1516718) OR (8 more)  (cost=4.53 rows=10)


table 4 : explain SELECT c FROM sbtest4 WHERE id IN ( 6101696, 4621423, 1516718, 4790781, 8798053, 4609588, 5675494, 1230615, 6189755, 1722524)
	-> Filter: (sbtest4.id in (6101696,4621423,1516718,4790781,8798053,4609588,5675494,1230615,6189755,1722524))  (cost=4.53 rows=10)
    -> Index range scan on sbtest4 using PRIMARY over (id = 1230615) OR (id = 1516718) OR (8 more)  (cost=4.53 rows=10)


table 5 : explain SELECT c FROM sbtest5 WHERE id IN ( 6101696, 4621423, 1516718, 4790781, 8798053, 4609588, 5675494, 1230615, 6189755, 1722524)
	-> Filter: (sbtest5.id in (6101696,4621423,1516718,4790781,8798053,4609588,5675494,1230615,6189755,1722524))  (cost=4.53 rows=10)
    -> Index range scan on sbtest5 using PRIMARY over (id = 1230615) OR (id = 1516718) OR (8 more)  (cost=4.53 rows=10)


table 6 : explain SELECT c FROM sbtest6 WHERE id IN ( 6101696, 4621423, 1516718, 4790781, 8798053, 4609588, 5675494, 1230615, 6189755, 1722524)
	-> Filter: (sbtest6.id in (6101696,4621423,1516718,4790781,8798053,4609588,5675494,1230615,6189755,1722524))  (cost=4.53 rows=10)
    -> Index range scan on sbtest6 using PRIMARY over (id = 1230615) OR (id = 1516718) OR (8 more)  (cost=4.53 rows=10)


table 7 : explain SELECT c FROM sbtest7 WHERE id IN ( 6101696, 4621423, 1516718, 4790781, 8798053, 4609588, 5675494, 1230615, 6189755, 1722524)
	-> Filter: (sbtest7.id in (6101696,4621423,1516718,4790781,8798053,4609588,5675494,1230615,6189755,1722524))  (cost=4.53 rows=10)
    -> Index range scan on sbtest7 using PRIMARY over (id = 1230615) OR (id = 1516718) OR (8 more)  (cost=4.53 rows=10)


table 8 : explain SELECT c FROM sbtest8 WHERE id IN ( 6101696, 4621423, 1516718, 4790781, 8798053, 4609588, 5675494, 1230615, 6189755, 1722524)
	-> Filter: (sbtest8.id in (6101696,4621423,1516718,4790781,8798053,4609588,5675494,1230615,6189755,1722524))  (cost=4.53 rows=10)
    -> Index range scan on sbtest8 using PRIMARY over (id = 1230615) OR (id = 1516718) OR (8 more)  (cost=4.53 rows=10)


explain: for select-inlist :: explain SELECT c FROM sbtest%d WHERE id IN ( 3775776, 1113707, 4268234, 2902975, 9746997, 1780966, 2213021, 7666616, 6007076, 1995655)
for select-inlist
table 1 : explain SELECT c FROM sbtest1 WHERE id IN ( 5163233, 4270498, 7303543, 3327662, 4587131, 6153858, 3228085, 7254670, 4871540, 8189196)
	-> Filter: (sbtest1.id in (5163233,4270498,7303543,3327662,4587131,6153858,3228085,7254670,4871540,8189196))  (cost=4.53 rows=10)
    -> Index range scan on sbtest1 using PRIMARY over (id = 3228085) OR (id = 3327662) OR (8 more)  (cost=4.53 rows=10)


table 2 : explain SELECT c FROM sbtest2 WHERE id IN ( 5163233, 4270498, 7303543, 3327662, 4587131, 6153858, 3228085, 7254670, 4871540, 8189196)
	-> Filter: (sbtest2.id in (5163233,4270498,7303543,3327662,4587131,6153858,3228085,7254670,4871540,8189196))  (cost=4.53 rows=10)
    -> Index range scan on sbtest2 using PRIMARY over (id = 3228085) OR (id = 3327662) OR (8 more)  (cost=4.53 rows=10)


table 3 : explain SELECT c FROM sbtest3 WHERE id IN ( 5163233, 4270498, 7303543, 3327662, 4587131, 6153858, 3228085, 7254670, 4871540, 8189196)
	-> Filter: (sbtest3.id in (5163233,4270498,7303543,3327662,4587131,6153858,3228085,7254670,4871540,8189196))  (cost=4.53 rows=10)
    -> Index range scan on sbtest3 using PRIMARY over (id = 3228085) OR (id = 3327662) OR (8 more)  (cost=4.53 rows=10)


table 4 : explain SELECT c FROM sbtest4 WHERE id IN ( 5163233, 4270498, 7303543, 3327662, 4587131, 6153858, 3228085, 7254670, 4871540, 8189196)
	-> Filter: (sbtest4.id in (5163233,4270498,7303543,3327662,4587131,6153858,3228085,7254670,4871540,8189196))  (cost=4.53 rows=10)
    -> Index range scan on sbtest4 using PRIMARY over (id = 3228085) OR (id = 3327662) OR (8 more)  (cost=4.53 rows=10)


table 5 : explain SELECT c FROM sbtest5 WHERE id IN ( 5163233, 4270498, 7303543, 3327662, 4587131, 6153858, 3228085, 7254670, 4871540, 8189196)
	-> Filter: (sbtest5.id in (5163233,4270498,7303543,3327662,4587131,6153858,3228085,7254670,4871540,8189196))  (cost=4.53 rows=10)
    -> Index range scan on sbtest5 using PRIMARY over (id = 3228085) OR (id = 3327662) OR (8 more)  (cost=4.53 rows=10)


table 6 : explain SELECT c FROM sbtest6 WHERE id IN ( 5163233, 4270498, 7303543, 3327662, 4587131, 6153858, 3228085, 7254670, 4871540, 8189196)
	-> Filter: (sbtest6.id in (5163233,4270498,7303543,3327662,4587131,6153858,3228085,7254670,4871540,8189196))  (cost=4.53 rows=10)
    -> Index range scan on sbtest6 using PRIMARY over (id = 3228085) OR (id = 3327662) OR (8 more)  (cost=4.53 rows=10)


table 7 : explain SELECT c FROM sbtest7 WHERE id IN ( 5163233, 4270498, 7303543, 3327662, 4587131, 6153858, 3228085, 7254670, 4871540, 8189196)
	-> Filter: (sbtest7.id in (5163233,4270498,7303543,3327662,4587131,6153858,3228085,7254670,4871540,8189196))  (cost=4.53 rows=10)
    -> Index range scan on sbtest7 using PRIMARY over (id = 3228085) OR (id = 3327662) OR (8 more)  (cost=4.53 rows=10)


table 8 : explain SELECT c FROM sbtest8 WHERE id IN ( 5163233, 4270498, 7303543, 3327662, 4587131, 6153858, 3228085, 7254670, 4871540, 8189196)
	-> Filter: (sbtest8.id in (5163233,4270498,7303543,3327662,4587131,6153858,3228085,7254670,4871540,8189196))  (cost=4.53 rows=10)
    -> Index range scan on sbtest8 using PRIMARY over (id = 3228085) OR (id = 3327662) OR (8 more)  (cost=4.53 rows=10)


explain: for select-inlist :: explain SELECT c FROM sbtest%d WHERE id IN ( 7079508, 6450779, 7977120, 7290293, 781467, 6318222, 3396719, 513794, 1356319, 2842475)
for select-inlist
table 1 : explain SELECT c FROM sbtest1 WHERE id IN ( 5452907, 6410964, 2848327, 3578147, 5758756, 4906541, 139900, 4619578, 2942332, 9128351)
	-> Filter: (sbtest1.id in (5452907,6410964,2848327,3578147,5758756,4906541,139900,4619578,2942332,9128351))  (cost=4.53 rows=10)
    -> Index range scan on sbtest1 using PRIMARY over (id = 139900) OR (id = 2848327) OR (8 more)  (cost=4.53 rows=10)


table 2 : explain SELECT c FROM sbtest2 WHERE id IN ( 5452907, 6410964, 2848327, 3578147, 5758756, 4906541, 139900, 4619578, 2942332, 9128351)
	-> Filter: (sbtest2.id in (5452907,6410964,2848327,3578147,5758756,4906541,139900,4619578,2942332,9128351))  (cost=4.53 rows=10)
    -> Index range scan on sbtest2 using PRIMARY over (id = 139900) OR (id = 2848327) OR (8 more)  (cost=4.53 rows=10)


table 3 : explain SELECT c FROM sbtest3 WHERE id IN ( 5452907, 6410964, 2848327, 3578147, 5758756, 4906541, 139900, 4619578, 2942332, 9128351)
	-> Filter: (sbtest3.id in (5452907,6410964,2848327,3578147,5758756,4906541,139900,4619578,2942332,9128351))  (cost=4.53 rows=10)
    -> Index range scan on sbtest3 using PRIMARY over (id = 139900) OR (id = 2848327) OR (8 more)  (cost=4.53 rows=10)


table 4 : explain SELECT c FROM sbtest4 WHERE id IN ( 5452907, 6410964, 2848327, 3578147, 5758756, 4906541, 139900, 4619578, 2942332, 9128351)
	-> Filter: (sbtest4.id in (5452907,6410964,2848327,3578147,5758756,4906541,139900,4619578,2942332,9128351))  (cost=4.53 rows=10)
    -> Index range scan on sbtest4 using PRIMARY over (id = 139900) OR (id = 2848327) OR (8 more)  (cost=4.53 rows=10)


table 5 : explain SELECT c FROM sbtest5 WHERE id IN ( 5452907, 6410964, 2848327, 3578147, 5758756, 4906541, 139900, 4619578, 2942332, 9128351)
	-> Filter: (sbtest5.id in (5452907,6410964,2848327,3578147,5758756,4906541,139900,4619578,2942332,9128351))  (cost=4.53 rows=10)
    -> Index range scan on sbtest5 using PRIMARY over (id = 139900) OR (id = 2848327) OR (8 more)  (cost=4.53 rows=10)


table 6 : explain SELECT c FROM sbtest6 WHERE id IN ( 5452907, 6410964, 2848327, 3578147, 5758756, 4906541, 139900, 4619578, 2942332, 9128351)
	-> Filter: (sbtest6.id in (5452907,6410964,2848327,3578147,5758756,4906541,139900,4619578,2942332,9128351))  (cost=4.53 rows=10)
    -> Index range scan on sbtest6 using PRIMARY over (id = 139900) OR (id = 2848327) OR (8 more)  (cost=4.53 rows=10)


table 7 : explain SELECT c FROM sbtest7 WHERE id IN ( 5452907, 6410964, 2848327, 3578147, 5758756, 4906541, 139900, 4619578, 2942332, 9128351)
	-> Filter: (sbtest7.id in (5452907,6410964,2848327,3578147,5758756,4906541,139900,4619578,2942332,9128351))  (cost=4.53 rows=10)
    -> Index range scan on sbtest7 using PRIMARY over (id = 139900) OR (id = 2848327) OR (8 more)  (cost=4.53 rows=10)


table 8 : explain SELECT c FROM sbtest8 WHERE id IN ( 5452907, 6410964, 2848327, 3578147, 5758756, 4906541, 139900, 4619578, 2942332, 9128351)
	-> Filter: (sbtest8.id in (5452907,6410964,2848327,3578147,5758756,4906541,139900,4619578,2942332,9128351))  (cost=4.53 rows=10)
    -> Index range scan on sbtest8 using PRIMARY over (id = 139900) OR (id = 2848327) OR (8 more)  (cost=4.53 rows=10)


for select-inlist
table 1 : explain SELECT c FROM sbtest1 WHERE id IN ( 4982332, 1294027, 3922307, 8182191, 359206, 975097, 8662098, 5373326, 3470683, 2331951)
	-> Filter: (sbtest1.id in (4982332,1294027,3922307,8182191,359206,975097,8662098,5373326,3470683,2331951))  (cost=4.53 rows=10)
    -> Index range scan on sbtest1 using PRIMARY over (id = 359206) OR (id = 975097) OR (8 more)  (cost=4.53 rows=10)


table 2 : explain SELECT c FROM sbtest2 WHERE id IN ( 4982332, 1294027, 3922307, 8182191, 359206, 975097, 8662098, 5373326, 3470683, 2331951)
	-> Filter: (sbtest2.id in (4982332,1294027,3922307,8182191,359206,975097,8662098,5373326,3470683,2331951))  (cost=4.53 rows=10)
    -> Index range scan on sbtest2 using PRIMARY over (id = 359206) OR (id = 975097) OR (8 more)  (cost=4.53 rows=10)


table 3 : explain SELECT c FROM sbtest3 WHERE id IN ( 4982332, 1294027, 3922307, 8182191, 359206, 975097, 8662098, 5373326, 3470683, 2331951)
	-> Filter: (sbtest3.id in (4982332,1294027,3922307,8182191,359206,975097,8662098,5373326,3470683,2331951))  (cost=4.53 rows=10)
    -> Index range scan on sbtest3 using PRIMARY over (id = 359206) OR (id = 975097) OR (8 more)  (cost=4.53 rows=10)


table 4 : explain SELECT c FROM sbtest4 WHERE id IN ( 4982332, 1294027, 3922307, 8182191, 359206, 975097, 8662098, 5373326, 3470683, 2331951)
	-> Filter: (sbtest4.id in (4982332,1294027,3922307,8182191,359206,975097,8662098,5373326,3470683,2331951))  (cost=4.53 rows=10)
    -> Index range scan on sbtest4 using PRIMARY over (id = 359206) OR (id = 975097) OR (8 more)  (cost=4.53 rows=10)


table 5 : explain SELECT c FROM sbtest5 WHERE id IN ( 4982332, 1294027, 3922307, 8182191, 359206, 975097, 8662098, 5373326, 3470683, 2331951)
	-> Filter: (sbtest5.id in (4982332,1294027,3922307,8182191,359206,975097,8662098,5373326,3470683,2331951))  (cost=4.53 rows=10)
    -> Index range scan on sbtest5 using PRIMARY over (id = 359206) OR (id = 975097) OR (8 more)  (cost=4.53 rows=10)


table 6 : explain SELECT c FROM sbtest6 WHERE id IN ( 4982332, 1294027, 3922307, 8182191, 359206, 975097, 8662098, 5373326, 3470683, 2331951)
	-> Filter: (sbtest6.id in (4982332,1294027,3922307,8182191,359206,975097,8662098,5373326,3470683,2331951))  (cost=4.53 rows=10)
    -> Index range scan on sbtest6 using PRIMARY over (id = 359206) OR (id = 975097) OR (8 more)  (cost=4.53 rows=10)


table 7 : explain SELECT c FROM sbtest7 WHERE id IN ( 4982332, 1294027, 3922307, 8182191, 359206, 975097, 8662098, 5373326, 3470683, 2331951)
	-> Filter: (sbtest7.id in (4982332,1294027,3922307,8182191,359206,975097,8662098,5373326,3470683,2331951))  (cost=4.53 rows=10)
    -> Index range scan on sbtest7 using PRIMARY over (id = 359206) OR (id = 975097) OR (8 more)  (cost=4.53 rows=10)


table 8 : explain SELECT c FROM sbtest8 WHERE id IN ( 4982332, 1294027, 3922307, 8182191, 359206, 975097, 8662098, 5373326, 3470683, 2331951)
	-> Filter: (sbtest8.id in (4982332,1294027,3922307,8182191,359206,975097,8662098,5373326,3470683,2331951))  (cost=4.53 rows=10)
    -> Index range scan on sbtest8 using PRIMARY over (id = 359206) OR (id = 975097) OR (8 more)  (cost=4.53 rows=10)


for select-inlist
table 1 : explain SELECT c FROM sbtest1 WHERE id IN ( 6577113, 295063, 6952045, 8837295, 3952903, 9661144, 6818976, 2766540, 3600356, 5534287)
	-> Filter: (sbtest1.id in (6577113,295063,6952045,8837295,3952903,9661144,6818976,2766540,3600356,5534287))  (cost=4.53 rows=10)
    -> Index range scan on sbtest1 using PRIMARY over (id = 295063) OR (id = 2766540) OR (8 more)  (cost=4.53 rows=10)


table 2 : explain SELECT c FROM sbtest2 WHERE id IN ( 6577113, 295063, 6952045, 8837295, 3952903, 9661144, 6818976, 2766540, 3600356, 5534287)
	-> Filter: (sbtest2.id in (6577113,295063,6952045,8837295,3952903,9661144,6818976,2766540,3600356,5534287))  (cost=4.53 rows=10)
    -> Index range scan on sbtest2 using PRIMARY over (id = 295063) OR (id = 2766540) OR (8 more)  (cost=4.53 rows=10)


table 3 : explain SELECT c FROM sbtest3 WHERE id IN ( 6577113, 295063, 6952045, 8837295, 3952903, 9661144, 6818976, 2766540, 3600356, 5534287)
	-> Filter: (sbtest3.id in (6577113,295063,6952045,8837295,3952903,9661144,6818976,2766540,3600356,5534287))  (cost=4.53 rows=10)
    -> Index range scan on sbtest3 using PRIMARY over (id = 295063) OR (id = 2766540) OR (8 more)  (cost=4.53 rows=10)


table 4 : explain SELECT c FROM sbtest4 WHERE id IN ( 6577113, 295063, 6952045, 8837295, 3952903, 9661144, 6818976, 2766540, 3600356, 5534287)
	-> Filter: (sbtest4.id in (6577113,295063,6952045,8837295,3952903,9661144,6818976,2766540,3600356,5534287))  (cost=4.53 rows=10)
    -> Index range scan on sbtest4 using PRIMARY over (id = 295063) OR (id = 2766540) OR (8 more)  (cost=4.53 rows=10)


table 5 : explain SELECT c FROM sbtest5 WHERE id IN ( 6577113, 295063, 6952045, 8837295, 3952903, 9661144, 6818976, 2766540, 3600356, 5534287)
	-> Filter: (sbtest5.id in (6577113,295063,6952045,8837295,3952903,9661144,6818976,2766540,3600356,5534287))  (cost=4.53 rows=10)
    -> Index range scan on sbtest5 using PRIMARY over (id = 295063) OR (id = 2766540) OR (8 more)  (cost=4.53 rows=10)


table 6 : explain SELECT c FROM sbtest6 WHERE id IN ( 6577113, 295063, 6952045, 8837295, 3952903, 9661144, 6818976, 2766540, 3600356, 5534287)
	-> Filter: (sbtest6.id in (6577113,295063,6952045,8837295,3952903,9661144,6818976,2766540,3600356,5534287))  (cost=4.53 rows=10)
    -> Index range scan on sbtest6 using PRIMARY over (id = 295063) OR (id = 2766540) OR (8 more)  (cost=4.53 rows=10)


table 7 : explain SELECT c FROM sbtest7 WHERE id IN ( 6577113, 295063, 6952045, 8837295, 3952903, 9661144, 6818976, 2766540, 3600356, 5534287)
	-> Filter: (sbtest7.id in (6577113,295063,6952045,8837295,3952903,9661144,6818976,2766540,3600356,5534287))  (cost=4.53 rows=10)
    -> Index range scan on sbtest7 using PRIMARY over (id = 295063) OR (id = 2766540) OR (8 more)  (cost=4.53 rows=10)


table 8 : explain SELECT c FROM sbtest8 WHERE id IN ( 6577113, 295063, 6952045, 8837295, 3952903, 9661144, 6818976, 2766540, 3600356, 5534287)
	-> Filter: (sbtest8.id in (6577113,295063,6952045,8837295,3952903,9661144,6818976,2766540,3600356,5534287))  (cost=4.53 rows=10)
    -> Index range scan on sbtest8 using PRIMARY over (id = 295063) OR (id = 2766540) OR (8 more)  (cost=4.53 rows=10)


explain: for select-inlist :: explain SELECT c FROM sbtest%d WHERE id IN ( 8930187, 4218459, 8996392, 6182389, 457991, 1025403, 5674464, 1314476, 6759411, 7030132)
explain: for select-inlist :: explain SELECT c FROM sbtest%d WHERE id IN ( 2136098, 1297654, 7250133, 6720732, 2387652, 5210609, 7867754, 1938408, 2427467, 1181059)
explain: for select-inlist :: explain SELECT c FROM sbtest%d WHERE id IN ( 6909317, 8752531, 9285930, 5887239, 4564046, 3385812, 7900061, 9652933, 8954221, 3336600)
for select-inlist
table 1 : explain SELECT c FROM sbtest1 WHERE id IN ( 5157274, 6732661, 5845022, 4281713, 4368110, 6280588, 1567301, 9580174, 4877013, 618957)
	-> Filter: (sbtest1.id in (5157274,6732661,5845022,4281713,4368110,6280588,1567301,9580174,4877013,618957))  (cost=4.53 rows=10)
    -> Index range scan on sbtest1 using PRIMARY over (id = 618957) OR (id = 1567301) OR (8 more)  (cost=4.53 rows=10)


table 2 : explain SELECT c FROM sbtest2 WHERE id IN ( 5157274, 6732661, 5845022, 4281713, 4368110, 6280588, 1567301, 9580174, 4877013, 618957)
	-> Filter: (sbtest2.id in (5157274,6732661,5845022,4281713,4368110,6280588,1567301,9580174,4877013,618957))  (cost=4.53 rows=10)
    -> Index range scan on sbtest2 using PRIMARY over (id = 618957) OR (id = 1567301) OR (8 more)  (cost=4.53 rows=10)


table 3 : explain SELECT c FROM sbtest3 WHERE id IN ( 5157274, 6732661, 5845022, 4281713, 4368110, 6280588, 1567301, 9580174, 4877013, 618957)
	-> Filter: (sbtest3.id in (5157274,6732661,5845022,4281713,4368110,6280588,1567301,9580174,4877013,618957))  (cost=4.53 rows=10)
    -> Index range scan on sbtest3 using PRIMARY over (id = 618957) OR (id = 1567301) OR (8 more)  (cost=4.53 rows=10)


table 4 : explain SELECT c FROM sbtest4 WHERE id IN ( 5157274, 6732661, 5845022, 4281713, 4368110, 6280588, 1567301, 9580174, 4877013, 618957)
	-> Filter: (sbtest4.id in (5157274,6732661,5845022,4281713,4368110,6280588,1567301,9580174,4877013,618957))  (cost=4.53 rows=10)
    -> Index range scan on sbtest4 using PRIMARY over (id = 618957) OR (id = 1567301) OR (8 more)  (cost=4.53 rows=10)


table 5 : explain SELECT c FROM sbtest5 WHERE id IN ( 5157274, 6732661, 5845022, 4281713, 4368110, 6280588, 1567301, 9580174, 4877013, 618957)
	-> Filter: (sbtest5.id in (5157274,6732661,5845022,4281713,4368110,6280588,1567301,9580174,4877013,618957))  (cost=4.53 rows=10)
    -> Index range scan on sbtest5 using PRIMARY over (id = 618957) OR (id = 1567301) OR (8 more)  (cost=4.53 rows=10)


table 6 : explain SELECT c FROM sbtest6 WHERE id IN ( 5157274, 6732661, 5845022, 4281713, 4368110, 6280588, 1567301, 9580174, 4877013, 618957)
	-> Filter: (sbtest6.id in (5157274,6732661,5845022,4281713,4368110,6280588,1567301,9580174,4877013,618957))  (cost=4.53 rows=10)
    -> Index range scan on sbtest6 using PRIMARY over (id = 618957) OR (id = 1567301) OR (8 more)  (cost=4.53 rows=10)


table 7 : explain SELECT c FROM sbtest7 WHERE id IN ( 5157274, 6732661, 5845022, 4281713, 4368110, 6280588, 1567301, 9580174, 4877013, 618957)
	-> Filter: (sbtest7.id in (5157274,6732661,5845022,4281713,4368110,6280588,1567301,9580174,4877013,618957))  (cost=4.53 rows=10)
    -> Index range scan on sbtest7 using PRIMARY over (id = 618957) OR (id = 1567301) OR (8 more)  (cost=4.53 rows=10)


table 8 : explain SELECT c FROM sbtest8 WHERE id IN ( 5157274, 6732661, 5845022, 4281713, 4368110, 6280588, 1567301, 9580174, 4877013, 618957)
	-> Filter: (sbtest8.id in (5157274,6732661,5845022,4281713,4368110,6280588,1567301,9580174,4877013,618957))  (cost=4.53 rows=10)
    -> Index range scan on sbtest8 using PRIMARY over (id = 618957) OR (id = 1567301) OR (8 more)  (cost=4.53 rows=10)

for select-inlist
table 1 : explain SELECT c FROM sbtest1 WHERE id IN ( 5157447, 6692807, 657528, 8087095, 6782871, 8779226, 3719989, 3140453, 4783878, 2973913)
	-> Filter: (sbtest1.id in (5157447,6692807,657528,8087095,6782871,8779226,3719989,3140453,4783878,2973913))  (cost=4.53 rows=10)
    -> Index range scan on sbtest1 using PRIMARY over (id = 657528) OR (id = 2973913) OR (8 more)  (cost=4.53 rows=10)


table 2 : explain SELECT c FROM sbtest2 WHERE id IN ( 5157447, 6692807, 657528, 8087095, 6782871, 8779226, 3719989, 3140453, 4783878, 2973913)
	-> Filter: (sbtest2.id in (5157447,6692807,657528,8087095,6782871,8779226,3719989,3140453,4783878,2973913))  (cost=4.53 rows=10)
    -> Index range scan on sbtest2 using PRIMARY over (id = 657528) OR (id = 2973913) OR (8 more)  (cost=4.53 rows=10)


table 3 : explain SELECT c FROM sbtest3 WHERE id IN ( 5157447, 6692807, 657528, 8087095, 6782871, 8779226, 3719989, 3140453, 4783878, 2973913)
	-> Filter: (sbtest3.id in (5157447,6692807,657528,8087095,6782871,8779226,3719989,3140453,4783878,2973913))  (cost=4.53 rows=10)
    -> Index range scan on sbtest3 using PRIMARY over (id = 657528) OR (id = 2973913) OR (8 more)  (cost=4.53 rows=10)


table 4 : explain SELECT c FROM sbtest4 WHERE id IN ( 5157447, 6692807, 657528, 8087095, 6782871, 8779226, 3719989, 3140453, 4783878, 2973913)
	-> Filter: (sbtest4.id in (5157447,6692807,657528,8087095,6782871,8779226,3719989,3140453,4783878,2973913))  (cost=4.53 rows=10)
    -> Index range scan on sbtest4 using PRIMARY over (id = 657528) OR (id = 2973913) OR (8 more)  (cost=4.53 rows=10)


table 5 : explain SELECT c FROM sbtest5 WHERE id IN ( 5157447, 6692807, 657528, 8087095, 6782871, 8779226, 3719989, 3140453, 4783878, 2973913)
	-> Filter: (sbtest5.id in (5157447,6692807,657528,8087095,6782871,8779226,3719989,3140453,4783878,2973913))  (cost=4.53 rows=10)
    -> Index range scan on sbtest5 using PRIMARY over (id = 657528) OR (id = 2973913) OR (8 more)  (cost=4.53 rows=10)


table 6 : explain SELECT c FROM sbtest6 WHERE id IN ( 5157447, 6692807, 657528, 8087095, 6782871, 8779226, 3719989, 3140453, 4783878, 2973913)
	-> Filter: (sbtest6.id in (5157447,6692807,657528,8087095,6782871,8779226,3719989,3140453,4783878,2973913))  (cost=4.53 rows=10)
    -> Index range scan on sbtest6 using PRIMARY over (id = 657528) OR (id = 2973913) OR (8 more)  (cost=4.53 rows=10)


table 7 : explain SELECT c FROM sbtest7 WHERE id IN ( 5157447, 6692807, 657528, 8087095, 6782871, 8779226, 3719989, 3140453, 4783878, 2973913)
	-> Filter: (sbtest7.id in (5157447,6692807,657528,8087095,6782871,8779226,3719989,3140453,4783878,2973913))  (cost=4.53 rows=10)
    -> Index range scan on sbtest7 using PRIMARY over (id = 657528) OR (id = 2973913) OR (8 more)  (cost=4.53 rows=10)


table 8 : explain SELECT c FROM sbtest8 WHERE id IN ( 5157447, 6692807, 657528, 8087095, 6782871, 8779226, 3719989, 3140453, 4783878, 2973913)
	-> Filter: (sbtest8.id in (5157447,6692807,657528,8087095,6782871,8779226,3719989,3140453,4783878,2973913))  (cost=4.53 rows=10)
    -> Index range scan on sbtest8 using PRIMARY over (id = 657528) OR (id = 2973913) OR (8 more)  (cost=4.53 rows=10)


for select-inlist
table 1 : explain SELECT c FROM sbtest1 WHERE id IN ( 7363060, 2312945, 8738091, 8202630, 685266, 5880743, 6412689, 7455982, 3327504, 9170584)
	-> Filter: (sbtest1.id in (7363060,2312945,8738091,8202630,685266,5880743,6412689,7455982,3327504,9170584))  (cost=4.53 rows=10)
    -> Index range scan on sbtest1 using PRIMARY over (id = 685266) OR (id = 2312945) OR (8 more)  (cost=4.53 rows=10)


table 2 : explain SELECT c FROM sbtest2 WHERE id IN ( 7363060, 2312945, 8738091, 8202630, 685266, 5880743, 6412689, 7455982, 3327504, 9170584)
	-> Filter: (sbtest2.id in (7363060,2312945,8738091,8202630,685266,5880743,6412689,7455982,3327504,9170584))  (cost=4.53 rows=10)
    -> Index range scan on sbtest2 using PRIMARY over (id = 685266) OR (id = 2312945) OR (8 more)  (cost=4.53 rows=10)


table 3 : explain SELECT c FROM sbtest3 WHERE id IN ( 7363060, 2312945, 8738091, 8202630, 685266, 5880743, 6412689, 7455982, 3327504, 9170584)
	-> Filter: (sbtest3.id in (7363060,2312945,8738091,8202630,685266,5880743,6412689,7455982,3327504,9170584))  (cost=4.53 rows=10)
    -> Index range scan on sbtest3 using PRIMARY over (id = 685266) OR (id = 2312945) OR (8 more)  (cost=4.53 rows=10)


table 4 : explain SELECT c FROM sbtest4 WHERE id IN ( 7363060, 2312945, 8738091, 8202630, 685266, 5880743, 6412689, 7455982, 3327504, 9170584)
	-> Filter: (sbtest4.id in (7363060,2312945,8738091,8202630,685266,5880743,6412689,7455982,3327504,9170584))  (cost=4.53 rows=10)
    -> Index range scan on sbtest4 using PRIMARY over (id = 685266) OR (id = 2312945) OR (8 more)  (cost=4.53 rows=10)


table 5 : explain SELECT c FROM sbtest5 WHERE id IN ( 7363060, 2312945, 8738091, 8202630, 685266, 5880743, 6412689, 7455982, 3327504, 9170584)
	-> Filter: (sbtest5.id in (7363060,2312945,8738091,8202630,685266,5880743,6412689,7455982,3327504,9170584))  (cost=4.53 rows=10)
    -> Index range scan on sbtest5 using PRIMARY over (id = 685266) OR (id = 2312945) OR (8 more)  (cost=4.53 rows=10)


table 6 : explain SELECT c FROM sbtest6 WHERE id IN ( 7363060, 2312945, 8738091, 8202630, 685266, 5880743, 6412689, 7455982, 3327504, 9170584)
	-> Filter: (sbtest6.id in (7363060,2312945,8738091,8202630,685266,5880743,6412689,7455982,3327504,9170584))  (cost=4.53 rows=10)
    -> Index range scan on sbtest6 using PRIMARY over (id = 685266) OR (id = 2312945) OR (8 more)  (cost=4.53 rows=10)


table 7 : explain SELECT c FROM sbtest7 WHERE id IN ( 7363060, 2312945, 8738091, 8202630, 685266, 5880743, 6412689, 7455982, 3327504, 9170584)
	-> Filter: (sbtest7.id in (7363060,2312945,8738091,8202630,685266,5880743,6412689,7455982,3327504,9170584))  (cost=4.53 rows=10)
    -> Index range scan on sbtest7 using PRIMARY over (id = 685266) OR (id = 2312945) OR (8 more)  (cost=4.53 rows=10)


table 8 : explain SELECT c FROM sbtest8 WHERE id IN ( 7363060, 2312945, 8738091, 8202630, 685266, 5880743, 6412689, 7455982, 3327504, 9170584)
	-> Filter: (sbtest8.id in (7363060,2312945,8738091,8202630,685266,5880743,6412689,7455982,3327504,9170584))  (cost=4.53 rows=10)
    -> Index range scan on sbtest8 using PRIMARY over (id = 685266) OR (id = 2312945) OR (8 more)  (cost=4.53 rows=10)

for select-inlist
table 1 : explain SELECT c FROM sbtest1 WHERE id IN ( 653448, 5232772, 950158, 9466669, 5817245, 3708867, 9243823, 7773276, 4824502, 7751221)
	-> Filter: (sbtest1.id in (653448,5232772,950158,9466669,5817245,3708867,9243823,7773276,4824502,7751221))  (cost=4.53 rows=10)
    -> Index range scan on sbtest1 using PRIMARY over (id = 653448) OR (id = 950158) OR (8 more)  (cost=4.53 rows=10)


table 2 : explain SELECT c FROM sbtest2 WHERE id IN ( 653448, 5232772, 950158, 9466669, 5817245, 3708867, 9243823, 7773276, 4824502, 7751221)
	-> Filter: (sbtest2.id in (653448,5232772,950158,9466669,5817245,3708867,9243823,7773276,4824502,7751221))  (cost=4.53 rows=10)
    -> Index range scan on sbtest2 using PRIMARY over (id = 653448) OR (id = 950158) OR (8 more)  (cost=4.53 rows=10)


table 3 : explain SELECT c FROM sbtest3 WHERE id IN ( 653448, 5232772, 950158, 9466669, 5817245, 3708867, 9243823, 7773276, 4824502, 7751221)
	-> Filter: (sbtest3.id in (653448,5232772,950158,9466669,5817245,3708867,9243823,7773276,4824502,7751221))  (cost=4.53 rows=10)
    -> Index range scan on sbtest3 using PRIMARY over (id = 653448) OR (id = 950158) OR (8 more)  (cost=4.53 rows=10)


table 4 : explain SELECT c FROM sbtest4 WHERE id IN ( 653448, 5232772, 950158, 9466669, 5817245, 3708867, 9243823, 7773276, 4824502, 7751221)
	-> Filter: (sbtest4.id in (653448,5232772,950158,9466669,5817245,3708867,9243823,7773276,4824502,7751221))  (cost=4.53 rows=10)
    -> Index range scan on sbtest4 using PRIMARY over (id = 653448) OR (id = 950158) OR (8 more)  (cost=4.53 rows=10)


table 5 : explain SELECT c FROM sbtest5 WHERE id IN ( 653448, 5232772, 950158, 9466669, 5817245, 3708867, 9243823, 7773276, 4824502, 7751221)
	-> Filter: (sbtest5.id in (653448,5232772,950158,9466669,5817245,3708867,9243823,7773276,4824502,7751221))  (cost=4.53 rows=10)
    -> Index range scan on sbtest5 using PRIMARY over (id = 653448) OR (id = 950158) OR (8 more)  (cost=4.53 rows=10)


table 6 : explain SELECT c FROM sbtest6 WHERE id IN ( 653448, 5232772, 950158, 9466669, 5817245, 3708867, 9243823, 7773276, 4824502, 7751221)
	-> Filter: (sbtest6.id in (653448,5232772,950158,9466669,5817245,3708867,9243823,7773276,4824502,7751221))  (cost=4.53 rows=10)
    -> Index range scan on sbtest6 using PRIMARY over (id = 653448) OR (id = 950158) OR (8 more)  (cost=4.53 rows=10)


table 7 : explain SELECT c FROM sbtest7 WHERE id IN ( 653448, 5232772, 950158, 9466669, 5817245, 3708867, 9243823, 7773276, 4824502, 7751221)
	-> Filter: (sbtest7.id in (653448,5232772,950158,9466669,5817245,3708867,9243823,7773276,4824502,7751221))  (cost=4.53 rows=10)
    -> Index range scan on sbtest7 using PRIMARY over (id = 653448) OR (id = 950158) OR (8 more)  (cost=4.53 rows=10)


table 8 : explain SELECT c FROM sbtest8 WHERE id IN ( 653448, 5232772, 950158, 9466669, 5817245, 3708867, 9243823, 7773276, 4824502, 7751221)
	-> Filter: (sbtest8.id in (653448,5232772,950158,9466669,5817245,3708867,9243823,7773276,4824502,7751221))  (cost=4.53 rows=10)
    -> Index range scan on sbtest8 using PRIMARY over (id = 653448) OR (id = 950158) OR (8 more)  (cost=4.53 rows=10)




explain: for select-inlist :: explain SELECT c FROM sbtest%d WHERE id IN ( 4537387, 2391110, 9580948, 8909924, 5823872, 5496954, 7338419, 6402340, 7653767, 6138746)
for select-inlist
table 1 : explain SELECT c FROM sbtest1 WHERE id IN ( 7233128, 6339942, 9438281, 9160607, 2275998, 5961672, 4016606, 9303002, 9623061, 9083406)
	-> Filter: (sbtest1.id in (7233128,6339942,9438281,9160607,2275998,5961672,4016606,9303002,9623061,9083406))  (cost=4.53 rows=10)
    -> Index range scan on sbtest1 using PRIMARY over (id = 2275998) OR (id = 4016606) OR (8 more)  (cost=4.53 rows=10)


table 2 : explain SELECT c FROM sbtest2 WHERE id IN ( 7233128, 6339942, 9438281, 9160607, 2275998, 5961672, 4016606, 9303002, 9623061, 9083406)
	-> Filter: (sbtest2.id in (7233128,6339942,9438281,9160607,2275998,5961672,4016606,9303002,9623061,9083406))  (cost=4.53 rows=10)
    -> Index range scan on sbtest2 using PRIMARY over (id = 2275998) OR (id = 4016606) OR (8 more)  (cost=4.53 rows=10)


table 3 : explain SELECT c FROM sbtest3 WHERE id IN ( 7233128, 6339942, 9438281, 9160607, 2275998, 5961672, 4016606, 9303002, 9623061, 9083406)
	-> Filter: (sbtest3.id in (7233128,6339942,9438281,9160607,2275998,5961672,4016606,9303002,9623061,9083406))  (cost=4.53 rows=10)
    -> Index range scan on sbtest3 using PRIMARY over (id = 2275998) OR (id = 4016606) OR (8 more)  (cost=4.53 rows=10)


table 4 : explain SELECT c FROM sbtest4 WHERE id IN ( 7233128, 6339942, 9438281, 9160607, 2275998, 5961672, 4016606, 9303002, 9623061, 9083406)
	-> Filter: (sbtest4.id in (7233128,6339942,9438281,9160607,2275998,5961672,4016606,9303002,9623061,9083406))  (cost=4.53 rows=10)
    -> Index range scan on sbtest4 using PRIMARY over (id = 2275998) OR (id = 4016606) OR (8 more)  (cost=4.53 rows=10)


table 5 : explain SELECT c FROM sbtest5 WHERE id IN ( 7233128, 6339942, 9438281, 9160607, 2275998, 5961672, 4016606, 9303002, 9623061, 9083406)
	-> Filter: (sbtest5.id in (7233128,6339942,9438281,9160607,2275998,5961672,4016606,9303002,9623061,9083406))  (cost=4.53 rows=10)
    -> Index range scan on sbtest5 using PRIMARY over (id = 2275998) OR (id = 4016606) OR (8 more)  (cost=4.53 rows=10)


table 6 : explain SELECT c FROM sbtest6 WHERE id IN ( 7233128, 6339942, 9438281, 9160607, 2275998, 5961672, 4016606, 9303002, 9623061, 9083406)
	-> Filter: (sbtest6.id in (7233128,6339942,9438281,9160607,2275998,5961672,4016606,9303002,9623061,9083406))  (cost=4.53 rows=10)
    -> Index range scan on sbtest6 using PRIMARY over (id = 2275998) OR (id = 4016606) OR (8 more)  (cost=4.53 rows=10)


table 7 : explain SELECT c FROM sbtest7 WHERE id IN ( 7233128, 6339942, 9438281, 9160607, 2275998, 5961672, 4016606, 9303002, 9623061, 9083406)
	-> Filter: (sbtest7.id in (7233128,6339942,9438281,9160607,2275998,5961672,4016606,9303002,9623061,9083406))  (cost=4.53 rows=10)
    -> Index range scan on sbtest7 using PRIMARY over (id = 2275998) OR (id = 4016606) OR (8 more)  (cost=4.53 rows=10)


table 8 : explain SELECT c FROM sbtest8 WHERE id IN ( 7233128, 6339942, 9438281, 9160607, 2275998, 5961672, 4016606, 9303002, 9623061, 9083406)
	-> Filter: (sbtest8.id in (7233128,6339942,9438281,9160607,2275998,5961672,4016606,9303002,9623061,9083406))  (cost=4.53 rows=10)
    -> Index range scan on sbtest8 using PRIMARY over (id = 2275998) OR (id = 4016606) OR (8 more)  (cost=4.53 rows=10)


for select-inlist
table 1 : explain SELECT c FROM sbtest1 WHERE id IN ( 3607045, 8480010, 5100665, 2612857, 9320040, 8034461, 2330409, 988945, 526646, 1540005)
	-> Filter: (sbtest1.id in (3607045,8480010,5100665,2612857,9320040,8034461,2330409,988945,526646,1540005))  (cost=4.53 rows=10)
    -> Index range scan on sbtest1 using PRIMARY over (id = 526646) OR (id = 988945) OR (8 more)  (cost=4.53 rows=10)


table 2 : explain SELECT c FROM sbtest2 WHERE id IN ( 3607045, 8480010, 5100665, 2612857, 9320040, 8034461, 2330409, 988945, 526646, 1540005)
	-> Filter: (sbtest2.id in (3607045,8480010,5100665,2612857,9320040,8034461,2330409,988945,526646,1540005))  (cost=4.53 rows=10)
    -> Index range scan on sbtest2 using PRIMARY over (id = 526646) OR (id = 988945) OR (8 more)  (cost=4.53 rows=10)


table 3 : explain SELECT c FROM sbtest3 WHERE id IN ( 3607045, 8480010, 5100665, 2612857, 9320040, 8034461, 2330409, 988945, 526646, 1540005)
	-> Filter: (sbtest3.id in (3607045,8480010,5100665,2612857,9320040,8034461,2330409,988945,526646,1540005))  (cost=4.53 rows=10)
    -> Index range scan on sbtest3 using PRIMARY over (id = 526646) OR (id = 988945) OR (8 more)  (cost=4.53 rows=10)


table 4 : explain SELECT c FROM sbtest4 WHERE id IN ( 3607045, 8480010, 5100665, 2612857, 9320040, 8034461, 2330409, 988945, 526646, 1540005)
	-> Filter: (sbtest4.id in (3607045,8480010,5100665,2612857,9320040,8034461,2330409,988945,526646,1540005))  (cost=4.53 rows=10)
    -> Index range scan on sbtest4 using PRIMARY over (id = 526646) OR (id = 988945) OR (8 more)  (cost=4.53 rows=10)


table 5 : explain SELECT c FROM sbtest5 WHERE id IN ( 3607045, 8480010, 5100665, 2612857, 9320040, 8034461, 2330409, 988945, 526646, 1540005)
	-> Filter: (sbtest5.id in (3607045,8480010,5100665,2612857,9320040,8034461,2330409,988945,526646,1540005))  (cost=4.53 rows=10)
    -> Index range scan on sbtest5 using PRIMARY over (id = 526646) OR (id = 988945) OR (8 more)  (cost=4.53 rows=10)


table 6 : explain SELECT c FROM sbtest6 WHERE id IN ( 3607045, 8480010, 5100665, 2612857, 9320040, 8034461, 2330409, 988945, 526646, 1540005)
	-> Filter: (sbtest6.id in (3607045,8480010,5100665,2612857,9320040,8034461,2330409,988945,526646,1540005))  (cost=4.53 rows=10)
    -> Index range scan on sbtest6 using PRIMARY over (id = 526646) OR (id = 988945) OR (8 more)  (cost=4.53 rows=10)


table 7 : explain SELECT c FROM sbtest7 WHERE id IN ( 3607045, 8480010, 5100665, 2612857, 9320040, 8034461, 2330409, 988945, 526646, 1540005)
	-> Filter: (sbtest7.id in (3607045,8480010,5100665,2612857,9320040,8034461,2330409,988945,526646,1540005))  (cost=4.53 rows=10)
    -> Index range scan on sbtest7 using PRIMARY over (id = 526646) OR (id = 988945) OR (8 more)  (cost=4.53 rows=10)


table 8 : explain SELECT c FROM sbtest8 WHERE id IN ( 3607045, 8480010, 5100665, 2612857, 9320040, 8034461, 2330409, 988945, 526646, 1540005)
	-> Filter: (sbtest8.id in (3607045,8480010,5100665,2612857,9320040,8034461,2330409,988945,526646,1540005))  (cost=4.53 rows=10)
    -> Index range scan on sbtest8 using PRIMARY over (id = 526646) OR (id = 988945) OR (8 more)  (cost=4.53 rows=10)


for select-inlist
table 1 : explain SELECT c FROM sbtest1 WHERE id IN ( 5138689, 7779572, 8811623, 2418290, 1377900, 215316, 4382249, 6427365, 8140655, 2966731)
	-> Filter: (sbtest1.id in (5138689,7779572,8811623,2418290,1377900,215316,4382249,6427365,8140655,2966731))  (cost=4.53 rows=10)
    -> Index range scan on sbtest1 using PRIMARY over (id = 215316) OR (id = 1377900) OR (8 more)  (cost=4.53 rows=10)


table 2 : explain SELECT c FROM sbtest2 WHERE id IN ( 5138689, 7779572, 8811623, 2418290, 1377900, 215316, 4382249, 6427365, 8140655, 2966731)
	-> Filter: (sbtest2.id in (5138689,7779572,8811623,2418290,1377900,215316,4382249,6427365,8140655,2966731))  (cost=4.53 rows=10)
    -> Index range scan on sbtest2 using PRIMARY over (id = 215316) OR (id = 1377900) OR (8 more)  (cost=4.53 rows=10)


table 3 : explain SELECT c FROM sbtest3 WHERE id IN ( 5138689, 7779572, 8811623, 2418290, 1377900, 215316, 4382249, 6427365, 8140655, 2966731)
	-> Filter: (sbtest3.id in (5138689,7779572,8811623,2418290,1377900,215316,4382249,6427365,8140655,2966731))  (cost=4.53 rows=10)
    -> Index range scan on sbtest3 using PRIMARY over (id = 215316) OR (id = 1377900) OR (8 more)  (cost=4.53 rows=10)


table 4 : explain SELECT c FROM sbtest4 WHERE id IN ( 5138689, 7779572, 8811623, 2418290, 1377900, 215316, 4382249, 6427365, 8140655, 2966731)
	-> Filter: (sbtest4.id in (5138689,7779572,8811623,2418290,1377900,215316,4382249,6427365,8140655,2966731))  (cost=4.53 rows=10)
    -> Index range scan on sbtest4 using PRIMARY over (id = 215316) OR (id = 1377900) OR (8 more)  (cost=4.53 rows=10)


table 5 : explain SELECT c FROM sbtest5 WHERE id IN ( 5138689, 7779572, 8811623, 2418290, 1377900, 215316, 4382249, 6427365, 8140655, 2966731)
	-> Filter: (sbtest5.id in (5138689,7779572,8811623,2418290,1377900,215316,4382249,6427365,8140655,2966731))  (cost=4.53 rows=10)
    -> Index range scan on sbtest5 using PRIMARY over (id = 215316) OR (id = 1377900) OR (8 more)  (cost=4.53 rows=10)


table 6 : explain SELECT c FROM sbtest6 WHERE id IN ( 5138689, 7779572, 8811623, 2418290, 1377900, 215316, 4382249, 6427365, 8140655, 2966731)
	-> Filter: (sbtest6.id in (5138689,7779572,8811623,2418290,1377900,215316,4382249,6427365,8140655,2966731))  (cost=4.53 rows=10)
    -> Index range scan on sbtest6 using PRIMARY over (id = 215316) OR (id = 1377900) OR (8 more)  (cost=4.53 rows=10)


table 7 : explain SELECT c FROM sbtest7 WHERE id IN ( 5138689, 7779572, 8811623, 2418290, 1377900, 215316, 4382249, 6427365, 8140655, 2966731)
	-> Filter: (sbtest7.id in (5138689,7779572,8811623,2418290,1377900,215316,4382249,6427365,8140655,2966731))  (cost=4.53 rows=10)
    -> Index range scan on sbtest7 using PRIMARY over (id = 215316) OR (id = 1377900) OR (8 more)  (cost=4.53 rows=10)


table 8 : explain SELECT c FROM sbtest8 WHERE id IN ( 5138689, 7779572, 8811623, 2418290, 1377900, 215316, 4382249, 6427365, 8140655, 2966731)
	-> Filter: (sbtest8.id in (5138689,7779572,8811623,2418290,1377900,215316,4382249,6427365,8140655,2966731))  (cost=4.53 rows=10)
    -> Index range scan on sbtest8 using PRIMARY over (id = 215316) OR (id = 1377900) OR (8 more)  (cost=4.53 rows=10)


for select-inlist
table 1 : explain SELECT c FROM sbtest1 WHERE id IN ( 7700654, 7128056, 718345, 1151062, 963808, 4477089, 7730358, 3499328, 7477029, 7051546)
	-> Filter: (sbtest1.id in (7700654,7128056,718345,1151062,963808,4477089,7730358,3499328,7477029,7051546))  (cost=4.53 rows=10)
    -> Index range scan on sbtest1 using PRIMARY over (id = 718345) OR (id = 963808) OR (8 more)  (cost=4.53 rows=10)


table 2 : explain SELECT c FROM sbtest2 WHERE id IN ( 7700654, 7128056, 718345, 1151062, 963808, 4477089, 7730358, 3499328, 7477029, 7051546)
	-> Filter: (sbtest2.id in (7700654,7128056,718345,1151062,963808,4477089,7730358,3499328,7477029,7051546))  (cost=4.53 rows=10)
    -> Index range scan on sbtest2 using PRIMARY over (id = 718345) OR (id = 963808) OR (8 more)  (cost=4.53 rows=10)


table 3 : explain SELECT c FROM sbtest3 WHERE id IN ( 7700654, 7128056, 718345, 1151062, 963808, 4477089, 7730358, 3499328, 7477029, 7051546)
	-> Filter: (sbtest3.id in (7700654,7128056,718345,1151062,963808,4477089,7730358,3499328,7477029,7051546))  (cost=4.53 rows=10)
    -> Index range scan on sbtest3 using PRIMARY over (id = 718345) OR (id = 963808) OR (8 more)  (cost=4.53 rows=10)


table 4 : explain SELECT c FROM sbtest4 WHERE id IN ( 7700654, 7128056, 718345, 1151062, 963808, 4477089, 7730358, 3499328, 7477029, 7051546)
	-> Filter: (sbtest4.id in (7700654,7128056,718345,1151062,963808,4477089,7730358,3499328,7477029,7051546))  (cost=4.53 rows=10)
    -> Index range scan on sbtest4 using PRIMARY over (id = 718345) OR (id = 963808) OR (8 more)  (cost=4.53 rows=10)


table 5 : explain SELECT c FROM sbtest5 WHERE id IN ( 7700654, 7128056, 718345, 1151062, 963808, 4477089, 7730358, 3499328, 7477029, 7051546)
	-> Filter: (sbtest5.id in (7700654,7128056,718345,1151062,963808,4477089,7730358,3499328,7477029,7051546))  (cost=4.53 rows=10)
    -> Index range scan on sbtest5 using PRIMARY over (id = 718345) OR (id = 963808) OR (8 more)  (cost=4.53 rows=10)


table 6 : explain SELECT c FROM sbtest6 WHERE id IN ( 7700654, 7128056, 718345, 1151062, 963808, 4477089, 7730358, 3499328, 7477029, 7051546)
	-> Filter: (sbtest6.id in (7700654,7128056,718345,1151062,963808,4477089,7730358,3499328,7477029,7051546))  (cost=4.53 rows=10)
    -> Index range scan on sbtest6 using PRIMARY over (id = 718345) OR (id = 963808) OR (8 more)  (cost=4.53 rows=10)


table 7 : explain SELECT c FROM sbtest7 WHERE id IN ( 7700654, 7128056, 718345, 1151062, 963808, 4477089, 7730358, 3499328, 7477029, 7051546)
	-> Filter: (sbtest7.id in (7700654,7128056,718345,1151062,963808,4477089,7730358,3499328,7477029,7051546))  (cost=4.53 rows=10)
    -> Index range scan on sbtest7 using PRIMARY over (id = 718345) OR (id = 963808) OR (8 more)  (cost=4.53 rows=10)


table 8 : explain SELECT c FROM sbtest8 WHERE id IN ( 7700654, 7128056, 718345, 1151062, 963808, 4477089, 7730358, 3499328, 7477029, 7051546)
	-> Filter: (sbtest8.id in (7700654,7128056,718345,1151062,963808,4477089,7730358,3499328,7477029,7051546))  (cost=4.53 rows=10)
    -> Index range scan on sbtest8 using PRIMARY over (id = 718345) OR (id = 963808) OR (8 more)  (cost=4.53 rows=10)


for select-inlist
table 1 : explain SELECT c FROM sbtest1 WHERE id IN ( 4687525, 137259, 7219894, 9900366, 9767189, 4818469, 8765083, 975621, 7185341, 6889266)
	-> Filter: (sbtest1.id in (4687525,137259,7219894,9900366,9767189,4818469,8765083,975621,7185341,6889266))  (cost=4.53 rows=10)
    -> Index range scan on sbtest1 using PRIMARY over (id = 137259) OR (id = 975621) OR (8 more)  (cost=4.53 rows=10)


table 2 : explain SELECT c FROM sbtest2 WHERE id IN ( 4687525, 137259, 7219894, 9900366, 9767189, 4818469, 8765083, 975621, 7185341, 6889266)
	-> Filter: (sbtest2.id in (4687525,137259,7219894,9900366,9767189,4818469,8765083,975621,7185341,6889266))  (cost=4.53 rows=10)
    -> Index range scan on sbtest2 using PRIMARY over (id = 137259) OR (id = 975621) OR (8 more)  (cost=4.53 rows=10)


table 3 : explain SELECT c FROM sbtest3 WHERE id IN ( 4687525, 137259, 7219894, 9900366, 9767189, 4818469, 8765083, 975621, 7185341, 6889266)
	-> Filter: (sbtest3.id in (4687525,137259,7219894,9900366,9767189,4818469,8765083,975621,7185341,6889266))  (cost=4.53 rows=10)
    -> Index range scan on sbtest3 using PRIMARY over (id = 137259) OR (id = 975621) OR (8 more)  (cost=4.53 rows=10)


table 4 : explain SELECT c FROM sbtest4 WHERE id IN ( 4687525, 137259, 7219894, 9900366, 9767189, 4818469, 8765083, 975621, 7185341, 6889266)
	-> Filter: (sbtest4.id in (4687525,137259,7219894,9900366,9767189,4818469,8765083,975621,7185341,6889266))  (cost=4.53 rows=10)
    -> Index range scan on sbtest4 using PRIMARY over (id = 137259) OR (id = 975621) OR (8 more)  (cost=4.53 rows=10)


table 5 : explain SELECT c FROM sbtest5 WHERE id IN ( 4687525, 137259, 7219894, 9900366, 9767189, 4818469, 8765083, 975621, 7185341, 6889266)
	-> Filter: (sbtest5.id in (4687525,137259,7219894,9900366,9767189,4818469,8765083,975621,7185341,6889266))  (cost=4.53 rows=10)
    -> Index range scan on sbtest5 using PRIMARY over (id = 137259) OR (id = 975621) OR (8 more)  (cost=4.53 rows=10)


table 6 : explain SELECT c FROM sbtest6 WHERE id IN ( 4687525, 137259, 7219894, 9900366, 9767189, 4818469, 8765083, 975621, 7185341, 6889266)
	-> Filter: (sbtest6.id in (4687525,137259,7219894,9900366,9767189,4818469,8765083,975621,7185341,6889266))  (cost=4.53 rows=10)
    -> Index range scan on sbtest6 using PRIMARY over (id = 137259) OR (id = 975621) OR (8 more)  (cost=4.53 rows=10)


table 7 : explain SELECT c FROM sbtest7 WHERE id IN ( 4687525, 137259, 7219894, 9900366, 9767189, 4818469, 8765083, 975621, 7185341, 6889266)
	-> Filter: (sbtest7.id in (4687525,137259,7219894,9900366,9767189,4818469,8765083,975621,7185341,6889266))  (cost=4.53 rows=10)
    -> Index range scan on sbtest7 using PRIMARY over (id = 137259) OR (id = 975621) OR (8 more)  (cost=4.53 rows=10)


table 8 : explain SELECT c FROM sbtest8 WHERE id IN ( 4687525, 137259, 7219894, 9900366, 9767189, 4818469, 8765083, 975621, 7185341, 6889266)
	-> Filter: (sbtest8.id in (4687525,137259,7219894,9900366,9767189,4818469,8765083,975621,7185341,6889266))  (cost=4.53 rows=10)
    -> Index range scan on sbtest8 using PRIMARY over (id = 137259) OR (id = 975621) OR (8 more)  (cost=4.53 rows=10)


for select-inlist
table 1 : explain SELECT c FROM sbtest1 WHERE id IN ( 3765141, 7035713, 3380676, 3606453, 838128, 2349553, 8531982, 2587506, 9612306, 3334201)
	-> Filter: (sbtest1.id in (3765141,7035713,3380676,3606453,838128,2349553,8531982,2587506,9612306,3334201))  (cost=4.53 rows=10)
    -> Index range scan on sbtest1 using PRIMARY over (id = 838128) OR (id = 2349553) OR (8 more)  (cost=4.53 rows=10)


table 2 : explain SELECT c FROM sbtest2 WHERE id IN ( 3765141, 7035713, 3380676, 3606453, 838128, 2349553, 8531982, 2587506, 9612306, 3334201)
	-> Filter: (sbtest2.id in (3765141,7035713,3380676,3606453,838128,2349553,8531982,2587506,9612306,3334201))  (cost=4.53 rows=10)
    -> Index range scan on sbtest2 using PRIMARY over (id = 838128) OR (id = 2349553) OR (8 more)  (cost=4.53 rows=10)


table 3 : explain SELECT c FROM sbtest3 WHERE id IN ( 3765141, 7035713, 3380676, 3606453, 838128, 2349553, 8531982, 2587506, 9612306, 3334201)
	-> Filter: (sbtest3.id in (3765141,7035713,3380676,3606453,838128,2349553,8531982,2587506,9612306,3334201))  (cost=4.53 rows=10)
    -> Index range scan on sbtest3 using PRIMARY over (id = 838128) OR (id = 2349553) OR (8 more)  (cost=4.53 rows=10)


table 4 : explain SELECT c FROM sbtest4 WHERE id IN ( 3765141, 7035713, 3380676, 3606453, 838128, 2349553, 8531982, 2587506, 9612306, 3334201)
	-> Filter: (sbtest4.id in (3765141,7035713,3380676,3606453,838128,2349553,8531982,2587506,9612306,3334201))  (cost=4.53 rows=10)
    -> Index range scan on sbtest4 using PRIMARY over (id = 838128) OR (id = 2349553) OR (8 more)  (cost=4.53 rows=10)


table 5 : explain SELECT c FROM sbtest5 WHERE id IN ( 3765141, 7035713, 3380676, 3606453, 838128, 2349553, 8531982, 2587506, 9612306, 3334201)
	-> Filter: (sbtest5.id in (3765141,7035713,3380676,3606453,838128,2349553,8531982,2587506,9612306,3334201))  (cost=4.53 rows=10)
    -> Index range scan on sbtest5 using PRIMARY over (id = 838128) OR (id = 2349553) OR (8 more)  (cost=4.53 rows=10)


table 6 : explain SELECT c FROM sbtest6 WHERE id IN ( 3765141, 7035713, 3380676, 3606453, 838128, 2349553, 8531982, 2587506, 9612306, 3334201)
	-> Filter: (sbtest6.id in (3765141,7035713,3380676,3606453,838128,2349553,8531982,2587506,9612306,3334201))  (cost=4.53 rows=10)
    -> Index range scan on sbtest6 using PRIMARY over (id = 838128) OR (id = 2349553) OR (8 more)  (cost=4.53 rows=10)


table 7 : explain SELECT c FROM sbtest7 WHERE id IN ( 3765141, 7035713, 3380676, 3606453, 838128, 2349553, 8531982, 2587506, 9612306, 3334201)
	-> Filter: (sbtest7.id in (3765141,7035713,3380676,3606453,838128,2349553,8531982,2587506,9612306,3334201))  (cost=4.53 rows=10)
    -> Index range scan on sbtest7 using PRIMARY over (id = 838128) OR (id = 2349553) OR (8 more)  (cost=4.53 rows=10)


table 8 : explain SELECT c FROM sbtest8 WHERE id IN ( 3765141, 7035713, 3380676, 3606453, 838128, 2349553, 8531982, 2587506, 9612306, 3334201)
	-> Filter: (sbtest8.id in (3765141,7035713,3380676,3606453,838128,2349553,8531982,2587506,9612306,3334201))  (cost=4.53 rows=10)
    -> Index range scan on sbtest8 using PRIMARY over (id = 838128) OR (id = 2349553) OR (8 more)  (cost=4.53 rows=10)


for select-inlist
table 1 : explain SELECT c FROM sbtest1 WHERE id IN ( 6429151, 2510504, 257226, 4650765, 9703539, 3958730, 2629446, 4137009, 5957549, 8117446)
	-> Filter: (sbtest1.id in (6429151,2510504,257226,4650765,9703539,3958730,2629446,4137009,5957549,8117446))  (cost=4.53 rows=10)
    -> Index range scan on sbtest1 using PRIMARY over (id = 257226) OR (id = 2510504) OR (8 more)  (cost=4.53 rows=10)


table 2 : explain SELECT c FROM sbtest2 WHERE id IN ( 6429151, 2510504, 257226, 4650765, 9703539, 3958730, 2629446, 4137009, 5957549, 8117446)
	-> Filter: (sbtest2.id in (6429151,2510504,257226,4650765,9703539,3958730,2629446,4137009,5957549,8117446))  (cost=4.53 rows=10)
    -> Index range scan on sbtest2 using PRIMARY over (id = 257226) OR (id = 2510504) OR (8 more)  (cost=4.53 rows=10)


table 3 : explain SELECT c FROM sbtest3 WHERE id IN ( 6429151, 2510504, 257226, 4650765, 9703539, 3958730, 2629446, 4137009, 5957549, 8117446)
	-> Filter: (sbtest3.id in (6429151,2510504,257226,4650765,9703539,3958730,2629446,4137009,5957549,8117446))  (cost=4.53 rows=10)
    -> Index range scan on sbtest3 using PRIMARY over (id = 257226) OR (id = 2510504) OR (8 more)  (cost=4.53 rows=10)


table 4 : explain SELECT c FROM sbtest4 WHERE id IN ( 6429151, 2510504, 257226, 4650765, 9703539, 3958730, 2629446, 4137009, 5957549, 8117446)
	-> Filter: (sbtest4.id in (6429151,2510504,257226,4650765,9703539,3958730,2629446,4137009,5957549,8117446))  (cost=4.53 rows=10)
    -> Index range scan on sbtest4 using PRIMARY over (id = 257226) OR (id = 2510504) OR (8 more)  (cost=4.53 rows=10)


table 5 : explain SELECT c FROM sbtest5 WHERE id IN ( 6429151, 2510504, 257226, 4650765, 9703539, 3958730, 2629446, 4137009, 5957549, 8117446)
	-> Filter: (sbtest5.id in (6429151,2510504,257226,4650765,9703539,3958730,2629446,4137009,5957549,8117446))  (cost=4.53 rows=10)
    -> Index range scan on sbtest5 using PRIMARY over (id = 257226) OR (id = 2510504) OR (8 more)  (cost=4.53 rows=10)


table 6 : explain SELECT c FROM sbtest6 WHERE id IN ( 6429151, 2510504, 257226, 4650765, 9703539, 3958730, 2629446, 4137009, 5957549, 8117446)
	-> Filter: (sbtest6.id in (6429151,2510504,257226,4650765,9703539,3958730,2629446,4137009,5957549,8117446))  (cost=4.53 rows=10)
    -> Index range scan on sbtest6 using PRIMARY over (id = 257226) OR (id = 2510504) OR (8 more)  (cost=4.53 rows=10)


table 7 : explain SELECT c FROM sbtest7 WHERE id IN ( 6429151, 2510504, 257226, 4650765, 9703539, 3958730, 2629446, 4137009, 5957549, 8117446)
	-> Filter: (sbtest7.id in (6429151,2510504,257226,4650765,9703539,3958730,2629446,4137009,5957549,8117446))  (cost=4.53 rows=10)
    -> Index range scan on sbtest7 using PRIMARY over (id = 257226) OR (id = 2510504) OR (8 more)  (cost=4.53 rows=10)


table 8 : explain SELECT c FROM sbtest8 WHERE id IN ( 6429151, 2510504, 257226, 4650765, 9703539, 3958730, 2629446, 4137009, 5957549, 8117446)
	-> Filter: (sbtest8.id in (6429151,2510504,257226,4650765,9703539,3958730,2629446,4137009,5957549,8117446))  (cost=4.53 rows=10)
    -> Index range scan on sbtest8 using PRIMARY over (id = 257226) OR (id = 2510504) OR (8 more)  (cost=4.53 rows=10)


for select-inlist
table 1 : explain SELECT c FROM sbtest1 WHERE id IN ( 3775776, 1113707, 4268234, 2902975, 9746997, 1780966, 2213021, 7666616, 6007076, 1995655)
	-> Filter: (sbtest1.id in (3775776,1113707,4268234,2902975,9746997,1780966,2213021,7666616,6007076,1995655))  (cost=4.53 rows=10)
    -> Index range scan on sbtest1 using PRIMARY over (id = 1113707) OR (id = 1780966) OR (8 more)  (cost=4.53 rows=10)


table 2 : explain SELECT c FROM sbtest2 WHERE id IN ( 3775776, 1113707, 4268234, 2902975, 9746997, 1780966, 2213021, 7666616, 6007076, 1995655)
	-> Filter: (sbtest2.id in (3775776,1113707,4268234,2902975,9746997,1780966,2213021,7666616,6007076,1995655))  (cost=4.53 rows=10)
    -> Index range scan on sbtest2 using PRIMARY over (id = 1113707) OR (id = 1780966) OR (8 more)  (cost=4.53 rows=10)


table 3 : explain SELECT c FROM sbtest3 WHERE id IN ( 3775776, 1113707, 4268234, 2902975, 9746997, 1780966, 2213021, 7666616, 6007076, 1995655)
	-> Filter: (sbtest3.id in (3775776,1113707,4268234,2902975,9746997,1780966,2213021,7666616,6007076,1995655))  (cost=4.53 rows=10)
    -> Index range scan on sbtest3 using PRIMARY over (id = 1113707) OR (id = 1780966) OR (8 more)  (cost=4.53 rows=10)


table 4 : explain SELECT c FROM sbtest4 WHERE id IN ( 3775776, 1113707, 4268234, 2902975, 9746997, 1780966, 2213021, 7666616, 6007076, 1995655)
	-> Filter: (sbtest4.id in (3775776,1113707,4268234,2902975,9746997,1780966,2213021,7666616,6007076,1995655))  (cost=4.53 rows=10)
    -> Index range scan on sbtest4 using PRIMARY over (id = 1113707) OR (id = 1780966) OR (8 more)  (cost=4.53 rows=10)


table 5 : explain SELECT c FROM sbtest5 WHERE id IN ( 3775776, 1113707, 4268234, 2902975, 9746997, 1780966, 2213021, 7666616, 6007076, 1995655)
	-> Filter: (sbtest5.id in (3775776,1113707,4268234,2902975,9746997,1780966,2213021,7666616,6007076,1995655))  (cost=4.53 rows=10)
    -> Index range scan on sbtest5 using PRIMARY over (id = 1113707) OR (id = 1780966) OR (8 more)  (cost=4.53 rows=10)


table 6 : explain SELECT c FROM sbtest6 WHERE id IN ( 3775776, 1113707, 4268234, 2902975, 9746997, 1780966, 2213021, 7666616, 6007076, 1995655)
	-> Filter: (sbtest6.id in (3775776,1113707,4268234,2902975,9746997,1780966,2213021,7666616,6007076,1995655))  (cost=4.53 rows=10)
    -> Index range scan on sbtest6 using PRIMARY over (id = 1113707) OR (id = 1780966) OR (8 more)  (cost=4.53 rows=10)


table 7 : explain SELECT c FROM sbtest7 WHERE id IN ( 3775776, 1113707, 4268234, 2902975, 9746997, 1780966, 2213021, 7666616, 6007076, 1995655)
	-> Filter: (sbtest7.id in (3775776,1113707,4268234,2902975,9746997,1780966,2213021,7666616,6007076,1995655))  (cost=4.53 rows=10)
    -> Index range scan on sbtest7 using PRIMARY over (id = 1113707) OR (id = 1780966) OR (8 more)  (cost=4.53 rows=10)


table 8 : explain SELECT c FROM sbtest8 WHERE id IN ( 3775776, 1113707, 4268234, 2902975, 9746997, 1780966, 2213021, 7666616, 6007076, 1995655)
	-> Filter: (sbtest8.id in (3775776,1113707,4268234,2902975,9746997,1780966,2213021,7666616,6007076,1995655))  (cost=4.53 rows=10)
    -> Index range scan on sbtest8 using PRIMARY over (id = 1113707) OR (id = 1780966) OR (8 more)  (cost=4.53 rows=10)


for select-inlist
table 1 : explain SELECT c FROM sbtest1 WHERE id IN ( 3320481, 7769264, 1747375, 963722, 8191088, 7810382, 5408495, 2856489, 2797026, 2691342)
	-> Filter: (sbtest1.id in (3320481,7769264,1747375,963722,8191088,7810382,5408495,2856489,2797026,2691342))  (cost=4.53 rows=10)
    -> Index range scan on sbtest1 using PRIMARY over (id = 963722) OR (id = 1747375) OR (8 more)  (cost=4.53 rows=10)


table 2 : explain SELECT c FROM sbtest2 WHERE id IN ( 3320481, 7769264, 1747375, 963722, 8191088, 7810382, 5408495, 2856489, 2797026, 2691342)
	-> Filter: (sbtest2.id in (3320481,7769264,1747375,963722,8191088,7810382,5408495,2856489,2797026,2691342))  (cost=4.53 rows=10)
    -> Index range scan on sbtest2 using PRIMARY over (id = 963722) OR (id = 1747375) OR (8 more)  (cost=4.53 rows=10)


table 3 : explain SELECT c FROM sbtest3 WHERE id IN ( 3320481, 7769264, 1747375, 963722, 8191088, 7810382, 5408495, 2856489, 2797026, 2691342)
	-> Filter: (sbtest3.id in (3320481,7769264,1747375,963722,8191088,7810382,5408495,2856489,2797026,2691342))  (cost=4.53 rows=10)
    -> Index range scan on sbtest3 using PRIMARY over (id = 963722) OR (id = 1747375) OR (8 more)  (cost=4.53 rows=10)


table 4 : explain SELECT c FROM sbtest4 WHERE id IN ( 3320481, 7769264, 1747375, 963722, 8191088, 7810382, 5408495, 2856489, 2797026, 2691342)
	-> Filter: (sbtest4.id in (3320481,7769264,1747375,963722,8191088,7810382,5408495,2856489,2797026,2691342))  (cost=4.53 rows=10)
    -> Index range scan on sbtest4 using PRIMARY over (id = 963722) OR (id = 1747375) OR (8 more)  (cost=4.53 rows=10)


table 5 : explain SELECT c FROM sbtest5 WHERE id IN ( 3320481, 7769264, 1747375, 963722, 8191088, 7810382, 5408495, 2856489, 2797026, 2691342)
	-> Filter: (sbtest5.id in (3320481,7769264,1747375,963722,8191088,7810382,5408495,2856489,2797026,2691342))  (cost=4.53 rows=10)
    -> Index range scan on sbtest5 using PRIMARY over (id = 963722) OR (id = 1747375) OR (8 more)  (cost=4.53 rows=10)


table 6 : explain SELECT c FROM sbtest6 WHERE id IN ( 3320481, 7769264, 1747375, 963722, 8191088, 7810382, 5408495, 2856489, 2797026, 2691342)
	-> Filter: (sbtest6.id in (3320481,7769264,1747375,963722,8191088,7810382,5408495,2856489,2797026,2691342))  (cost=4.53 rows=10)
    -> Index range scan on sbtest6 using PRIMARY over (id = 963722) OR (id = 1747375) OR (8 more)  (cost=4.53 rows=10)


table 7 : explain SELECT c FROM sbtest7 WHERE id IN ( 3320481, 7769264, 1747375, 963722, 8191088, 7810382, 5408495, 2856489, 2797026, 2691342)
	-> Filter: (sbtest7.id in (3320481,7769264,1747375,963722,8191088,7810382,5408495,2856489,2797026,2691342))  (cost=4.53 rows=10)
    -> Index range scan on sbtest7 using PRIMARY over (id = 963722) OR (id = 1747375) OR (8 more)  (cost=4.53 rows=10)


table 8 : explain SELECT c FROM sbtest8 WHERE id IN ( 3320481, 7769264, 1747375, 963722, 8191088, 7810382, 5408495, 2856489, 2797026, 2691342)
	-> Filter: (sbtest8.id in (3320481,7769264,1747375,963722,8191088,7810382,5408495,2856489,2797026,2691342))  (cost=4.53 rows=10)
    -> Index range scan on sbtest8 using PRIMARY over (id = 963722) OR (id = 1747375) OR (8 more)  (cost=4.53 rows=10)

for select-inlist
table 1 : explain SELECT c FROM sbtest1 WHERE id IN ( 6041083, 4142420, 4877176, 6301456, 7868241, 1621747, 6730255, 779284, 710686, 7296505)
	-> Filter: (sbtest1.id in (6041083,4142420,4877176,6301456,7868241,1621747,6730255,779284,710686,7296505))  (cost=4.53 rows=10)
    -> Index range scan on sbtest1 using PRIMARY over (id = 710686) OR (id = 779284) OR (8 more)  (cost=4.53 rows=10)


table 2 : explain SELECT c FROM sbtest2 WHERE id IN ( 6041083, 4142420, 4877176, 6301456, 7868241, 1621747, 6730255, 779284, 710686, 7296505)
	-> Filter: (sbtest2.id in (6041083,4142420,4877176,6301456,7868241,1621747,6730255,779284,710686,7296505))  (cost=4.53 rows=10)
    -> Index range scan on sbtest2 using PRIMARY over (id = 710686) OR (id = 779284) OR (8 more)  (cost=4.53 rows=10)


table 3 : explain SELECT c FROM sbtest3 WHERE id IN ( 6041083, 4142420, 4877176, 6301456, 7868241, 1621747, 6730255, 779284, 710686, 7296505)
	-> Filter: (sbtest3.id in (6041083,4142420,4877176,6301456,7868241,1621747,6730255,779284,710686,7296505))  (cost=4.53 rows=10)
    -> Index range scan on sbtest3 using PRIMARY over (id = 710686) OR (id = 779284) OR (8 more)  (cost=4.53 rows=10)


table 4 : explain SELECT c FROM sbtest4 WHERE id IN ( 6041083, 4142420, 4877176, 6301456, 7868241, 1621747, 6730255, 779284, 710686, 7296505)
	-> Filter: (sbtest4.id in (6041083,4142420,4877176,6301456,7868241,1621747,6730255,779284,710686,7296505))  (cost=4.53 rows=10)
    -> Index range scan on sbtest4 using PRIMARY over (id = 710686) OR (id = 779284) OR (8 more)  (cost=4.53 rows=10)


table 5 : explain SELECT c FROM sbtest5 WHERE id IN ( 6041083, 4142420, 4877176, 6301456, 7868241, 1621747, 6730255, 779284, 710686, 7296505)
	-> Filter: (sbtest5.id in (6041083,4142420,4877176,6301456,7868241,1621747,6730255,779284,710686,7296505))  (cost=4.53 rows=10)
    -> Index range scan on sbtest5 using PRIMARY over (id = 710686) OR (id = 779284) OR (8 more)  (cost=4.53 rows=10)


table 6 : explain SELECT c FROM sbtest6 WHERE id IN ( 6041083, 4142420, 4877176, 6301456, 7868241, 1621747, 6730255, 779284, 710686, 7296505)
	-> Filter: (sbtest6.id in (6041083,4142420,4877176,6301456,7868241,1621747,6730255,779284,710686,7296505))  (cost=4.53 rows=10)
    -> Index range scan on sbtest6 using PRIMARY over (id = 710686) OR (id = 779284) OR (8 more)  (cost=4.53 rows=10)


table 7 : explain SELECT c FROM sbtest7 WHERE id IN ( 6041083, 4142420, 4877176, 6301456, 7868241, 1621747, 6730255, 779284, 710686, 7296505)
	-> Filter: (sbtest7.id in (6041083,4142420,4877176,6301456,7868241,1621747,6730255,779284,710686,7296505))  (cost=4.53 rows=10)
    -> Index range scan on sbtest7 using PRIMARY over (id = 710686) OR (id = 779284) OR (8 more)  (cost=4.53 rows=10)


table 8 : explain SELECT c FROM sbtest8 WHERE id IN ( 6041083, 4142420, 4877176, 6301456, 7868241, 1621747, 6730255, 779284, 710686, 7296505)
	-> Filter: (sbtest8.id in (6041083,4142420,4877176,6301456,7868241,1621747,6730255,779284,710686,7296505))  (cost=4.53 rows=10)
    -> Index range scan on sbtest8 using PRIMARY over (id = 710686) OR (id = 779284) OR (8 more)  (cost=4.53 rows=10)



for select-inlist
table 1 : explain SELECT c FROM sbtest1 WHERE id IN ( 3748664, 7572017, 6645980, 2529803, 8168031, 5204733, 9065997, 4646688, 263167, 9694692)
	-> Filter: (sbtest1.id in (3748664,7572017,6645980,2529803,8168031,5204733,9065997,4646688,263167,9694692))  (cost=4.53 rows=10)
    -> Index range scan on sbtest1 using PRIMARY over (id = 263167) OR (id = 2529803) OR (8 more)  (cost=4.53 rows=10)


table 2 : explain SELECT c FROM sbtest2 WHERE id IN ( 3748664, 7572017, 6645980, 2529803, 8168031, 5204733, 9065997, 4646688, 263167, 9694692)
	-> Filter: (sbtest2.id in (3748664,7572017,6645980,2529803,8168031,5204733,9065997,4646688,263167,9694692))  (cost=4.53 rows=10)
    -> Index range scan on sbtest2 using PRIMARY over (id = 263167) OR (id = 2529803) OR (8 more)  (cost=4.53 rows=10)


table 3 : explain SELECT c FROM sbtest3 WHERE id IN ( 3748664, 7572017, 6645980, 2529803, 8168031, 5204733, 9065997, 4646688, 263167, 9694692)
	-> Filter: (sbtest3.id in (3748664,7572017,6645980,2529803,8168031,5204733,9065997,4646688,263167,9694692))  (cost=4.53 rows=10)
    -> Index range scan on sbtest3 using PRIMARY over (id = 263167) OR (id = 2529803) OR (8 more)  (cost=4.53 rows=10)


table 4 : explain SELECT c FROM sbtest4 WHERE id IN ( 3748664, 7572017, 6645980, 2529803, 8168031, 5204733, 9065997, 4646688, 263167, 9694692)
	-> Filter: (sbtest4.id in (3748664,7572017,6645980,2529803,8168031,5204733,9065997,4646688,263167,9694692))  (cost=4.53 rows=10)
    -> Index range scan on sbtest4 using PRIMARY over (id = 263167) OR (id = 2529803) OR (8 more)  (cost=4.53 rows=10)


table 5 : explain SELECT c FROM sbtest5 WHERE id IN ( 3748664, 7572017, 6645980, 2529803, 8168031, 5204733, 9065997, 4646688, 263167, 9694692)
	-> Filter: (sbtest5.id in (3748664,7572017,6645980,2529803,8168031,5204733,9065997,4646688,263167,9694692))  (cost=4.53 rows=10)
    -> Index range scan on sbtest5 using PRIMARY over (id = 263167) OR (id = 2529803) OR (8 more)  (cost=4.53 rows=10)


table 6 : explain SELECT c FROM sbtest6 WHERE id IN ( 3748664, 7572017, 6645980, 2529803, 8168031, 5204733, 9065997, 4646688, 263167, 9694692)
	-> Filter: (sbtest6.id in (3748664,7572017,6645980,2529803,8168031,5204733,9065997,4646688,263167,9694692))  (cost=4.53 rows=10)
    -> Index range scan on sbtest6 using PRIMARY over (id = 263167) OR (id = 2529803) OR (8 more)  (cost=4.53 rows=10)


table 7 : explain SELECT c FROM sbtest7 WHERE id IN ( 3748664, 7572017, 6645980, 2529803, 8168031, 5204733, 9065997, 4646688, 263167, 9694692)
	-> Filter: (sbtest7.id in (3748664,7572017,6645980,2529803,8168031,5204733,9065997,4646688,263167,9694692))  (cost=4.53 rows=10)
    -> Index range scan on sbtest7 using PRIMARY over (id = 263167) OR (id = 2529803) OR (8 more)  (cost=4.53 rows=10)


table 8 : explain SELECT c FROM sbtest8 WHERE id IN ( 3748664, 7572017, 6645980, 2529803, 8168031, 5204733, 9065997, 4646688, 263167, 9694692)
	-> Filter: (sbtest8.id in (3748664,7572017,6645980,2529803,8168031,5204733,9065997,4646688,263167,9694692))  (cost=4.53 rows=10)
    -> Index range scan on sbtest8 using PRIMARY over (id = 263167) OR (id = 2529803) OR (8 more)  (cost=4.53 rows=10)


explain: for select-inlist :: explain SELECT c FROM sbtest%d WHERE id IN ( 3757006, 7802286, 1664216, 46080, 2888866, 3727713, 9709262, 1808039, 2244693, 9980772)
for select-inlist
table 1 : explain SELECT c FROM sbtest1 WHERE id IN ( 7079508, 6450779, 7977120, 7290293, 781467, 6318222, 3396719, 513794, 1356319, 2842475)
	-> Filter: (sbtest1.id in (7079508,6450779,7977120,7290293,781467,6318222,3396719,513794,1356319,2842475))  (cost=4.53 rows=10)
    -> Index range scan on sbtest1 using PRIMARY over (id = 513794) OR (id = 781467) OR (8 more)  (cost=4.53 rows=10)


table 2 : explain SELECT c FROM sbtest2 WHERE id IN ( 7079508, 6450779, 7977120, 7290293, 781467, 6318222, 3396719, 513794, 1356319, 2842475)
	-> Filter: (sbtest2.id in (7079508,6450779,7977120,7290293,781467,6318222,3396719,513794,1356319,2842475))  (cost=4.53 rows=10)
    -> Index range scan on sbtest2 using PRIMARY over (id = 513794) OR (id = 781467) OR (8 more)  (cost=4.53 rows=10)


table 3 : explain SELECT c FROM sbtest3 WHERE id IN ( 7079508, 6450779, 7977120, 7290293, 781467, 6318222, 3396719, 513794, 1356319, 2842475)
	-> Filter: (sbtest3.id in (7079508,6450779,7977120,7290293,781467,6318222,3396719,513794,1356319,2842475))  (cost=4.53 rows=10)
    -> Index range scan on sbtest3 using PRIMARY over (id = 513794) OR (id = 781467) OR (8 more)  (cost=4.53 rows=10)


table 4 : explain SELECT c FROM sbtest4 WHERE id IN ( 7079508, 6450779, 7977120, 7290293, 781467, 6318222, 3396719, 513794, 1356319, 2842475)
	-> Filter: (sbtest4.id in (7079508,6450779,7977120,7290293,781467,6318222,3396719,513794,1356319,2842475))  (cost=4.53 rows=10)
    -> Index range scan on sbtest4 using PRIMARY over (id = 513794) OR (id = 781467) OR (8 more)  (cost=4.53 rows=10)


table 5 : explain SELECT c FROM sbtest5 WHERE id IN ( 7079508, 6450779, 7977120, 7290293, 781467, 6318222, 3396719, 513794, 1356319, 2842475)
	-> Filter: (sbtest5.id in (7079508,6450779,7977120,7290293,781467,6318222,3396719,513794,1356319,2842475))  (cost=4.53 rows=10)
    -> Index range scan on sbtest5 using PRIMARY over (id = 513794) OR (id = 781467) OR (8 more)  (cost=4.53 rows=10)


table 6 : explain SELECT c FROM sbtest6 WHERE id IN ( 7079508, 6450779, 7977120, 7290293, 781467, 6318222, 3396719, 513794, 1356319, 2842475)
	-> Filter: (sbtest6.id in (7079508,6450779,7977120,7290293,781467,6318222,3396719,513794,1356319,2842475))  (cost=4.53 rows=10)
    -> Index range scan on sbtest6 using PRIMARY over (id = 513794) OR (id = 781467) OR (8 more)  (cost=4.53 rows=10)


table 7 : explain SELECT c FROM sbtest7 WHERE id IN ( 7079508, 6450779, 7977120, 7290293, 781467, 6318222, 3396719, 513794, 1356319, 2842475)
	-> Filter: (sbtest7.id in (7079508,6450779,7977120,7290293,781467,6318222,3396719,513794,1356319,2842475))  (cost=4.53 rows=10)
    -> Index range scan on sbtest7 using PRIMARY over (id = 513794) OR (id = 781467) OR (8 more)  (cost=4.53 rows=10)


table 8 : explain SELECT c FROM sbtest8 WHERE id IN ( 7079508, 6450779, 7977120, 7290293, 781467, 6318222, 3396719, 513794, 1356319, 2842475)
	-> Filter: (sbtest8.id in (7079508,6450779,7977120,7290293,781467,6318222,3396719,513794,1356319,2842475))  (cost=4.53 rows=10)
    -> Index range scan on sbtest8 using PRIMARY over (id = 513794) OR (id = 781467) OR (8 more)  (cost=4.53 rows=10)


for select-inlist
table 1 : explain SELECT c FROM sbtest1 WHERE id IN ( 8930187, 4218459, 8996392, 6182389, 457991, 1025403, 5674464, 1314476, 6759411, 7030132)
	-> Filter: (sbtest1.id in (8930187,4218459,8996392,6182389,457991,1025403,5674464,1314476,6759411,7030132))  (cost=4.53 rows=10)
    -> Index range scan on sbtest1 using PRIMARY over (id = 457991) OR (id = 1025403) OR (8 more)  (cost=4.53 rows=10)


table 2 : explain SELECT c FROM sbtest2 WHERE id IN ( 8930187, 4218459, 8996392, 6182389, 457991, 1025403, 5674464, 1314476, 6759411, 7030132)
	-> Filter: (sbtest2.id in (8930187,4218459,8996392,6182389,457991,1025403,5674464,1314476,6759411,7030132))  (cost=4.53 rows=10)
    -> Index range scan on sbtest2 using PRIMARY over (id = 457991) OR (id = 1025403) OR (8 more)  (cost=4.53 rows=10)


table 3 : explain SELECT c FROM sbtest3 WHERE id IN ( 8930187, 4218459, 8996392, 6182389, 457991, 1025403, 5674464, 1314476, 6759411, 7030132)
	-> Filter: (sbtest3.id in (8930187,4218459,8996392,6182389,457991,1025403,5674464,1314476,6759411,7030132))  (cost=4.53 rows=10)
    -> Index range scan on sbtest3 using PRIMARY over (id = 457991) OR (id = 1025403) OR (8 more)  (cost=4.53 rows=10)


table 4 : explain SELECT c FROM sbtest4 WHERE id IN ( 8930187, 4218459, 8996392, 6182389, 457991, 1025403, 5674464, 1314476, 6759411, 7030132)
	-> Filter: (sbtest4.id in (8930187,4218459,8996392,6182389,457991,1025403,5674464,1314476,6759411,7030132))  (cost=4.53 rows=10)
    -> Index range scan on sbtest4 using PRIMARY over (id = 457991) OR (id = 1025403) OR (8 more)  (cost=4.53 rows=10)


table 5 : explain SELECT c FROM sbtest5 WHERE id IN ( 8930187, 4218459, 8996392, 6182389, 457991, 1025403, 5674464, 1314476, 6759411, 7030132)
	-> Filter: (sbtest5.id in (8930187,4218459,8996392,6182389,457991,1025403,5674464,1314476,6759411,7030132))  (cost=4.53 rows=10)
    -> Index range scan on sbtest5 using PRIMARY over (id = 457991) OR (id = 1025403) OR (8 more)  (cost=4.53 rows=10)


table 6 : explain SELECT c FROM sbtest6 WHERE id IN ( 8930187, 4218459, 8996392, 6182389, 457991, 1025403, 5674464, 1314476, 6759411, 7030132)
	-> Filter: (sbtest6.id in (8930187,4218459,8996392,6182389,457991,1025403,5674464,1314476,6759411,7030132))  (cost=4.53 rows=10)
    -> Index range scan on sbtest6 using PRIMARY over (id = 457991) OR (id = 1025403) OR (8 more)  (cost=4.53 rows=10)


table 7 : explain SELECT c FROM sbtest7 WHERE id IN ( 8930187, 4218459, 8996392, 6182389, 457991, 1025403, 5674464, 1314476, 6759411, 7030132)
	-> Filter: (sbtest7.id in (8930187,4218459,8996392,6182389,457991,1025403,5674464,1314476,6759411,7030132))  (cost=4.53 rows=10)
    -> Index range scan on sbtest7 using PRIMARY over (id = 457991) OR (id = 1025403) OR (8 more)  (cost=4.53 rows=10)


table 8 : explain SELECT c FROM sbtest8 WHERE id IN ( 8930187, 4218459, 8996392, 6182389, 457991, 1025403, 5674464, 1314476, 6759411, 7030132)
	-> Filter: (sbtest8.id in (8930187,4218459,8996392,6182389,457991,1025403,5674464,1314476,6759411,7030132))  (cost=4.53 rows=10)
    -> Index range scan on sbtest8 using PRIMARY over (id = 457991) OR (id = 1025403) OR (8 more)  (cost=4.53 rows=10)


explain: for select-inlist :: explain SELECT c FROM sbtest%d WHERE id IN ( 6635337, 6299994, 5345503, 3128863, 7321769, 2182106, 2650215, 8983381, 5058474, 2718665)
explain: for select-inlist :: explain SELECT c FROM sbtest%d WHERE id IN ( 3629051, 4563880, 9239819, 295102, 6161816, 7950808, 5950897, 2687903, 6561317, 829789)
explain: for select-inlist :: explain SELECT c FROM sbtest%d WHERE id IN ( 4391603, 1244297, 5678391, 7217382, 3604671, 5366824, 5849822, 6917791, 9611589, 8474914)
for select-inlist
table 1 : explain SELECT c FROM sbtest1 WHERE id IN ( 6909317, 8752531, 9285930, 5887239, 4564046, 3385812, 7900061, 9652933, 8954221, 3336600)
	-> Filter: (sbtest1.id in (6909317,8752531,9285930,5887239,4564046,3385812,7900061,9652933,8954221,3336600))  (cost=4.53 rows=10)
    -> Index range scan on sbtest1 using PRIMARY over (id = 3336600) OR (id = 3385812) OR (8 more)  (cost=4.53 rows=10)


table 2 : explain SELECT c FROM sbtest2 WHERE id IN ( 6909317, 8752531, 9285930, 5887239, 4564046, 3385812, 7900061, 9652933, 8954221, 3336600)
	-> Filter: (sbtest2.id in (6909317,8752531,9285930,5887239,4564046,3385812,7900061,9652933,8954221,3336600))  (cost=4.53 rows=10)
    -> Index range scan on sbtest2 using PRIMARY over (id = 3336600) OR (id = 3385812) OR (8 more)  (cost=4.53 rows=10)


table 3 : explain SELECT c FROM sbtest3 WHERE id IN ( 6909317, 8752531, 9285930, 5887239, 4564046, 3385812, 7900061, 9652933, 8954221, 3336600)
	-> Filter: (sbtest3.id in (6909317,8752531,9285930,5887239,4564046,3385812,7900061,9652933,8954221,3336600))  (cost=4.53 rows=10)
    -> Index range scan on sbtest3 using PRIMARY over (id = 3336600) OR (id = 3385812) OR (8 more)  (cost=4.53 rows=10)


table 4 : explain SELECT c FROM sbtest4 WHERE id IN ( 6909317, 8752531, 9285930, 5887239, 4564046, 3385812, 7900061, 9652933, 8954221, 3336600)
	-> Filter: (sbtest4.id in (6909317,8752531,9285930,5887239,4564046,3385812,7900061,9652933,8954221,3336600))  (cost=4.53 rows=10)
    -> Index range scan on sbtest4 using PRIMARY over (id = 3336600) OR (id = 3385812) OR (8 more)  (cost=4.53 rows=10)


table 5 : explain SELECT c FROM sbtest5 WHERE id IN ( 6909317, 8752531, 9285930, 5887239, 4564046, 3385812, 7900061, 9652933, 8954221, 3336600)
	-> Filter: (sbtest5.id in (6909317,8752531,9285930,5887239,4564046,3385812,7900061,9652933,8954221,3336600))  (cost=4.53 rows=10)
    -> Index range scan on sbtest5 using PRIMARY over (id = 3336600) OR (id = 3385812) OR (8 more)  (cost=4.53 rows=10)


table 6 : explain SELECT c FROM sbtest6 WHERE id IN ( 6909317, 8752531, 9285930, 5887239, 4564046, 3385812, 7900061, 9652933, 8954221, 3336600)
	-> Filter: (sbtest6.id in (6909317,8752531,9285930,5887239,4564046,3385812,7900061,9652933,8954221,3336600))  (cost=4.53 rows=10)
    -> Index range scan on sbtest6 using PRIMARY over (id = 3336600) OR (id = 3385812) OR (8 more)  (cost=4.53 rows=10)


table 7 : explain SELECT c FROM sbtest7 WHERE id IN ( 6909317, 8752531, 9285930, 5887239, 4564046, 3385812, 7900061, 9652933, 8954221, 3336600)
	-> Filter: (sbtest7.id in (6909317,8752531,9285930,5887239,4564046,3385812,7900061,9652933,8954221,3336600))  (cost=4.53 rows=10)
    -> Index range scan on sbtest7 using PRIMARY over (id = 3336600) OR (id = 3385812) OR (8 more)  (cost=4.53 rows=10)


table 8 : explain SELECT c FROM sbtest8 WHERE id IN ( 6909317, 8752531, 9285930, 5887239, 4564046, 3385812, 7900061, 9652933, 8954221, 3336600)
	-> Filter: (sbtest8.id in (6909317,8752531,9285930,5887239,4564046,3385812,7900061,9652933,8954221,3336600))  (cost=4.53 rows=10)
    -> Index range scan on sbtest8 using PRIMARY over (id = 3336600) OR (id = 3385812) OR (8 more)  (cost=4.53 rows=10)


for select-inlist
table 1 : explain SELECT c FROM sbtest1 WHERE id IN ( 2136098, 1297654, 7250133, 6720732, 2387652, 5210609, 7867754, 1938408, 2427467, 1181059)
	-> Filter: (sbtest1.id in (2136098,1297654,7250133,6720732,2387652,5210609,7867754,1938408,2427467,1181059))  (cost=4.53 rows=10)
    -> Index range scan on sbtest1 using PRIMARY over (id = 1181059) OR (id = 1297654) OR (8 more)  (cost=4.53 rows=10)


table 2 : explain SELECT c FROM sbtest2 WHERE id IN ( 2136098, 1297654, 7250133, 6720732, 2387652, 5210609, 7867754, 1938408, 2427467, 1181059)
	-> Filter: (sbtest2.id in (2136098,1297654,7250133,6720732,2387652,5210609,7867754,1938408,2427467,1181059))  (cost=4.53 rows=10)
    -> Index range scan on sbtest2 using PRIMARY over (id = 1181059) OR (id = 1297654) OR (8 more)  (cost=4.53 rows=10)


table 3 : explain SELECT c FROM sbtest3 WHERE id IN ( 2136098, 1297654, 7250133, 6720732, 2387652, 5210609, 7867754, 1938408, 2427467, 1181059)
	-> Filter: (sbtest3.id in (2136098,1297654,7250133,6720732,2387652,5210609,7867754,1938408,2427467,1181059))  (cost=4.53 rows=10)
    -> Index range scan on sbtest3 using PRIMARY over (id = 1181059) OR (id = 1297654) OR (8 more)  (cost=4.53 rows=10)


table 4 : explain SELECT c FROM sbtest4 WHERE id IN ( 2136098, 1297654, 7250133, 6720732, 2387652, 5210609, 7867754, 1938408, 2427467, 1181059)
	-> Filter: (sbtest4.id in (2136098,1297654,7250133,6720732,2387652,5210609,7867754,1938408,2427467,1181059))  (cost=4.53 rows=10)
    -> Index range scan on sbtest4 using PRIMARY over (id = 1181059) OR (id = 1297654) OR (8 more)  (cost=4.53 rows=10)


table 5 : explain SELECT c FROM sbtest5 WHERE id IN ( 2136098, 1297654, 7250133, 6720732, 2387652, 5210609, 7867754, 1938408, 2427467, 1181059)
	-> Filter: (sbtest5.id in (2136098,1297654,7250133,6720732,2387652,5210609,7867754,1938408,2427467,1181059))  (cost=4.53 rows=10)
    -> Index range scan on sbtest5 using PRIMARY over (id = 1181059) OR (id = 1297654) OR (8 more)  (cost=4.53 rows=10)


table 6 : explain SELECT c FROM sbtest6 WHERE id IN ( 2136098, 1297654, 7250133, 6720732, 2387652, 5210609, 7867754, 1938408, 2427467, 1181059)
	-> Filter: (sbtest6.id in (2136098,1297654,7250133,6720732,2387652,5210609,7867754,1938408,2427467,1181059))  (cost=4.53 rows=10)
    -> Index range scan on sbtest6 using PRIMARY over (id = 1181059) OR (id = 1297654) OR (8 more)  (cost=4.53 rows=10)


table 7 : explain SELECT c FROM sbtest7 WHERE id IN ( 2136098, 1297654, 7250133, 6720732, 2387652, 5210609, 7867754, 1938408, 2427467, 1181059)
	-> Filter: (sbtest7.id in (2136098,1297654,7250133,6720732,2387652,5210609,7867754,1938408,2427467,1181059))  (cost=4.53 rows=10)
    -> Index range scan on sbtest7 using PRIMARY over (id = 1181059) OR (id = 1297654) OR (8 more)  (cost=4.53 rows=10)


table 8 : explain SELECT c FROM sbtest8 WHERE id IN ( 2136098, 1297654, 7250133, 6720732, 2387652, 5210609, 7867754, 1938408, 2427467, 1181059)
	-> Filter: (sbtest8.id in (2136098,1297654,7250133,6720732,2387652,5210609,7867754,1938408,2427467,1181059))  (cost=4.53 rows=10)
    -> Index range scan on sbtest8 using PRIMARY over (id = 1181059) OR (id = 1297654) OR (8 more)  (cost=4.53 rows=10)


explain: for select-inlist :: explain SELECT c FROM sbtest%d WHERE id IN ( 8180238, 6947705, 3506206, 8986922, 511473, 268843, 4368157, 1622011, 5174047, 8834040)
explain: for select-inlist :: explain SELECT c FROM sbtest%d WHERE id IN ( 2632372, 4877576, 4853498, 6587483, 5379990, 8875971, 64462, 4786172, 3722315, 870331)
for select-inlist
table 1 : explain SELECT c FROM sbtest1 WHERE id IN ( 4537387, 2391110, 9580948, 8909924, 5823872, 5496954, 7338419, 6402340, 7653767, 6138746)
	-> Filter: (sbtest1.id in (4537387,2391110,9580948,8909924,5823872,5496954,7338419,6402340,7653767,6138746))  (cost=4.53 rows=10)
    -> Index range scan on sbtest1 using PRIMARY over (id = 2391110) OR (id = 4537387) OR (8 more)  (cost=4.53 rows=10)


table 2 : explain SELECT c FROM sbtest2 WHERE id IN ( 4537387, 2391110, 9580948, 8909924, 5823872, 5496954, 7338419, 6402340, 7653767, 6138746)
	-> Filter: (sbtest2.id in (4537387,2391110,9580948,8909924,5823872,5496954,7338419,6402340,7653767,6138746))  (cost=4.53 rows=10)
    -> Index range scan on sbtest2 using PRIMARY over (id = 2391110) OR (id = 4537387) OR (8 more)  (cost=4.53 rows=10)


table 3 : explain SELECT c FROM sbtest3 WHERE id IN ( 4537387, 2391110, 9580948, 8909924, 5823872, 5496954, 7338419, 6402340, 7653767, 6138746)
	-> Filter: (sbtest3.id in (4537387,2391110,9580948,8909924,5823872,5496954,7338419,6402340,7653767,6138746))  (cost=4.53 rows=10)
    -> Index range scan on sbtest3 using PRIMARY over (id = 2391110) OR (id = 4537387) OR (8 more)  (cost=4.53 rows=10)


table 4 : explain SELECT c FROM sbtest4 WHERE id IN ( 4537387, 2391110, 9580948, 8909924, 5823872, 5496954, 7338419, 6402340, 7653767, 6138746)
	-> Filter: (sbtest4.id in (4537387,2391110,9580948,8909924,5823872,5496954,7338419,6402340,7653767,6138746))  (cost=4.53 rows=10)
    -> Index range scan on sbtest4 using PRIMARY over (id = 2391110) OR (id = 4537387) OR (8 more)  (cost=4.53 rows=10)


table 5 : explain SELECT c FROM sbtest5 WHERE id IN ( 4537387, 2391110, 9580948, 8909924, 5823872, 5496954, 7338419, 6402340, 7653767, 6138746)
	-> Filter: (sbtest5.id in (4537387,2391110,9580948,8909924,5823872,5496954,7338419,6402340,7653767,6138746))  (cost=4.53 rows=10)
    -> Index range scan on sbtest5 using PRIMARY over (id = 2391110) OR (id = 4537387) OR (8 more)  (cost=4.53 rows=10)


table 6 : explain SELECT c FROM sbtest6 WHERE id IN ( 4537387, 2391110, 9580948, 8909924, 5823872, 5496954, 7338419, 6402340, 7653767, 6138746)
	-> Filter: (sbtest6.id in (4537387,2391110,9580948,8909924,5823872,5496954,7338419,6402340,7653767,6138746))  (cost=4.53 rows=10)
    -> Index range scan on sbtest6 using PRIMARY over (id = 2391110) OR (id = 4537387) OR (8 more)  (cost=4.53 rows=10)


table 7 : explain SELECT c FROM sbtest7 WHERE id IN ( 4537387, 2391110, 9580948, 8909924, 5823872, 5496954, 7338419, 6402340, 7653767, 6138746)
	-> Filter: (sbtest7.id in (4537387,2391110,9580948,8909924,5823872,5496954,7338419,6402340,7653767,6138746))  (cost=4.53 rows=10)
    -> Index range scan on sbtest7 using PRIMARY over (id = 2391110) OR (id = 4537387) OR (8 more)  (cost=4.53 rows=10)


table 8 : explain SELECT c FROM sbtest8 WHERE id IN ( 4537387, 2391110, 9580948, 8909924, 5823872, 5496954, 7338419, 6402340, 7653767, 6138746)
	-> Filter: (sbtest8.id in (4537387,2391110,9580948,8909924,5823872,5496954,7338419,6402340,7653767,6138746))  (cost=4.53 rows=10)
    -> Index range scan on sbtest8 using PRIMARY over (id = 2391110) OR (id = 4537387) OR (8 more)  (cost=4.53 rows=10)

explain: for select-inlist :: explain SELECT c FROM sbtest%d WHERE id IN ( 4678063, 686975, 8384000, 3802722, 7265222, 1255276, 4490212, 8899311, 9684151, 7006072)

explain: for select-inlist :: explain SELECT c FROM sbtest%d WHERE id IN ( 2258932, 6194206, 6205830, 6273954, 1740220, 1316234, 3862881, 1693707, 9094481, 7840257)
explain: for select-inlist :: explain SELECT c FROM sbtest%d WHERE id IN ( 3415445, 2840844, 2262176, 6673726, 1672756, 9023991, 3856191, 6018467, 6713956, 7634552)
explain: for select-inlist :: explain SELECT c FROM sbtest%d WHERE id IN ( 2735337, 3255157, 2200433, 2261832, 7200241, 4836216, 6368223, 3096300, 8603355, 1296826)
explain: for select-inlist :: explain SELECT c FROM sbtest%d WHERE id IN ( 6507548, 7592175, 6620871, 3307414, 3301532, 9614516, 5326931, 2705493, 1727632, 5760291)
explain: for select-inlist :: explain SELECT c FROM sbtest%d WHERE id IN ( 5348533, 3024692, 8118564, 322767, 9897401, 8517324, 9956542, 9887788, 3121007, 3705078)
for select-inlist
table 1 : explain SELECT c FROM sbtest1 WHERE id IN ( 3757006, 7802286, 1664216, 46080, 2888866, 3727713, 9709262, 1808039, 2244693, 9980772)
	-> Filter: (sbtest1.id in (3757006,7802286,1664216,46080,2888866,3727713,9709262,1808039,2244693,9980772))  (cost=4.53 rows=10)
    -> Index range scan on sbtest1 using PRIMARY over (id = 46080) OR (id = 1664216) OR (8 more)  (cost=4.53 rows=10)


table 2 : explain SELECT c FROM sbtest2 WHERE id IN ( 3757006, 7802286, 1664216, 46080, 2888866, 3727713, 9709262, 1808039, 2244693, 9980772)
	-> Filter: (sbtest2.id in (3757006,7802286,1664216,46080,2888866,3727713,9709262,1808039,2244693,9980772))  (cost=4.53 rows=10)
    -> Index range scan on sbtest2 using PRIMARY over (id = 46080) OR (id = 1664216) OR (8 more)  (cost=4.53 rows=10)


table 3 : explain SELECT c FROM sbtest3 WHERE id IN ( 3757006, 7802286, 1664216, 46080, 2888866, 3727713, 9709262, 1808039, 2244693, 9980772)
	-> Filter: (sbtest3.id in (3757006,7802286,1664216,46080,2888866,3727713,9709262,1808039,2244693,9980772))  (cost=4.53 rows=10)
    -> Index range scan on sbtest3 using PRIMARY over (id = 46080) OR (id = 1664216) OR (8 more)  (cost=4.53 rows=10)


table 4 : explain SELECT c FROM sbtest4 WHERE id IN ( 3757006, 7802286, 1664216, 46080, 2888866, 3727713, 9709262, 1808039, 2244693, 9980772)
	-> Filter: (sbtest4.id in (3757006,7802286,1664216,46080,2888866,3727713,9709262,1808039,2244693,9980772))  (cost=4.53 rows=10)
    -> Index range scan on sbtest4 using PRIMARY over (id = 46080) OR (id = 1664216) OR (8 more)  (cost=4.53 rows=10)


table 5 : explain SELECT c FROM sbtest5 WHERE id IN ( 3757006, 7802286, 1664216, 46080, 2888866, 3727713, 9709262, 1808039, 2244693, 9980772)
	-> Filter: (sbtest5.id in (3757006,7802286,1664216,46080,2888866,3727713,9709262,1808039,2244693,9980772))  (cost=4.53 rows=10)
    -> Index range scan on sbtest5 using PRIMARY over (id = 46080) OR (id = 1664216) OR (8 more)  (cost=4.53 rows=10)


table 6 : explain SELECT c FROM sbtest6 WHERE id IN ( 3757006, 7802286, 1664216, 46080, 2888866, 3727713, 9709262, 1808039, 2244693, 9980772)
	-> Filter: (sbtest6.id in (3757006,7802286,1664216,46080,2888866,3727713,9709262,1808039,2244693,9980772))  (cost=4.53 rows=10)
    -> Index range scan on sbtest6 using PRIMARY over (id = 46080) OR (id = 1664216) OR (8 more)  (cost=4.53 rows=10)


table 7 : explain SELECT c FROM sbtest7 WHERE id IN ( 3757006, 7802286, 1664216, 46080, 2888866, 3727713, 9709262, 1808039, 2244693, 9980772)
	-> Filter: (sbtest7.id in (3757006,7802286,1664216,46080,2888866,3727713,9709262,1808039,2244693,9980772))  (cost=4.53 rows=10)
    -> Index range scan on sbtest7 using PRIMARY over (id = 46080) OR (id = 1664216) OR (8 more)  (cost=4.53 rows=10)


table 8 : explain SELECT c FROM sbtest8 WHERE id IN ( 3757006, 7802286, 1664216, 46080, 2888866, 3727713, 9709262, 1808039, 2244693, 9980772)
	-> Filter: (sbtest8.id in (3757006,7802286,1664216,46080,2888866,3727713,9709262,1808039,2244693,9980772))  (cost=4.53 rows=10)
    -> Index range scan on sbtest8 using PRIMARY over (id = 46080) OR (id = 1664216) OR (8 more)  (cost=4.53 rows=10)


for select-inlist
table 1 : explain SELECT c FROM sbtest1 WHERE id IN ( 6635337, 6299994, 5345503, 3128863, 7321769, 2182106, 2650215, 8983381, 5058474, 2718665)
	-> Filter: (sbtest1.id in (6635337,6299994,5345503,3128863,7321769,2182106,2650215,8983381,5058474,2718665))  (cost=4.53 rows=10)
    -> Index range scan on sbtest1 using PRIMARY over (id = 2182106) OR (id = 2650215) OR (8 more)  (cost=4.53 rows=10)


table 2 : explain SELECT c FROM sbtest2 WHERE id IN ( 6635337, 6299994, 5345503, 3128863, 7321769, 2182106, 2650215, 8983381, 5058474, 2718665)
	-> Filter: (sbtest2.id in (6635337,6299994,5345503,3128863,7321769,2182106,2650215,8983381,5058474,2718665))  (cost=4.53 rows=10)
    -> Index range scan on sbtest2 using PRIMARY over (id = 2182106) OR (id = 2650215) OR (8 more)  (cost=4.53 rows=10)


table 3 : explain SELECT c FROM sbtest3 WHERE id IN ( 6635337, 6299994, 5345503, 3128863, 7321769, 2182106, 2650215, 8983381, 5058474, 2718665)
	-> Filter: (sbtest3.id in (6635337,6299994,5345503,3128863,7321769,2182106,2650215,8983381,5058474,2718665))  (cost=4.53 rows=10)
    -> Index range scan on sbtest3 using PRIMARY over (id = 2182106) OR (id = 2650215) OR (8 more)  (cost=4.53 rows=10)


table 4 : explain SELECT c FROM sbtest4 WHERE id IN ( 6635337, 6299994, 5345503, 3128863, 7321769, 2182106, 2650215, 8983381, 5058474, 2718665)
	-> Filter: (sbtest4.id in (6635337,6299994,5345503,3128863,7321769,2182106,2650215,8983381,5058474,2718665))  (cost=4.53 rows=10)
    -> Index range scan on sbtest4 using PRIMARY over (id = 2182106) OR (id = 2650215) OR (8 more)  (cost=4.53 rows=10)


table 5 : explain SELECT c FROM sbtest5 WHERE id IN ( 6635337, 6299994, 5345503, 3128863, 7321769, 2182106, 2650215, 8983381, 5058474, 2718665)
	-> Filter: (sbtest5.id in (6635337,6299994,5345503,3128863,7321769,2182106,2650215,8983381,5058474,2718665))  (cost=4.53 rows=10)
    -> Index range scan on sbtest5 using PRIMARY over (id = 2182106) OR (id = 2650215) OR (8 more)  (cost=4.53 rows=10)


table 6 : explain SELECT c FROM sbtest6 WHERE id IN ( 6635337, 6299994, 5345503, 3128863, 7321769, 2182106, 2650215, 8983381, 5058474, 2718665)
	-> Filter: (sbtest6.id in (6635337,6299994,5345503,3128863,7321769,2182106,2650215,8983381,5058474,2718665))  (cost=4.53 rows=10)
    -> Index range scan on sbtest6 using PRIMARY over (id = 2182106) OR (id = 2650215) OR (8 more)  (cost=4.53 rows=10)


table 7 : explain SELECT c FROM sbtest7 WHERE id IN ( 6635337, 6299994, 5345503, 3128863, 7321769, 2182106, 2650215, 8983381, 5058474, 2718665)
	-> Filter: (sbtest7.id in (6635337,6299994,5345503,3128863,7321769,2182106,2650215,8983381,5058474,2718665))  (cost=4.53 rows=10)
    -> Index range scan on sbtest7 using PRIMARY over (id = 2182106) OR (id = 2650215) OR (8 more)  (cost=4.53 rows=10)


table 8 : explain SELECT c FROM sbtest8 WHERE id IN ( 6635337, 6299994, 5345503, 3128863, 7321769, 2182106, 2650215, 8983381, 5058474, 2718665)
	-> Filter: (sbtest8.id in (6635337,6299994,5345503,3128863,7321769,2182106,2650215,8983381,5058474,2718665))  (cost=4.53 rows=10)
    -> Index range scan on sbtest8 using PRIMARY over (id = 2182106) OR (id = 2650215) OR (8 more)  (cost=4.53 rows=10)


for select-inlist
table 1 : explain SELECT c FROM sbtest1 WHERE id IN ( 3629051, 4563880, 9239819, 295102, 6161816, 7950808, 5950897, 2687903, 6561317, 829789)
	-> Filter: (sbtest1.id in (3629051,4563880,9239819,295102,6161816,7950808,5950897,2687903,6561317,829789))  (cost=4.53 rows=10)
    -> Index range scan on sbtest1 using PRIMARY over (id = 295102) OR (id = 829789) OR (8 more)  (cost=4.53 rows=10)


table 2 : explain SELECT c FROM sbtest2 WHERE id IN ( 3629051, 4563880, 9239819, 295102, 6161816, 7950808, 5950897, 2687903, 6561317, 829789)
	-> Filter: (sbtest2.id in (3629051,4563880,9239819,295102,6161816,7950808,5950897,2687903,6561317,829789))  (cost=4.53 rows=10)
    -> Index range scan on sbtest2 using PRIMARY over (id = 295102) OR (id = 829789) OR (8 more)  (cost=4.53 rows=10)


table 3 : explain SELECT c FROM sbtest3 WHERE id IN ( 3629051, 4563880, 9239819, 295102, 6161816, 7950808, 5950897, 2687903, 6561317, 829789)
	-> Filter: (sbtest3.id in (3629051,4563880,9239819,295102,6161816,7950808,5950897,2687903,6561317,829789))  (cost=4.53 rows=10)
    -> Index range scan on sbtest3 using PRIMARY over (id = 295102) OR (id = 829789) OR (8 more)  (cost=4.53 rows=10)


table 4 : explain SELECT c FROM sbtest4 WHERE id IN ( 3629051, 4563880, 9239819, 295102, 6161816, 7950808, 5950897, 2687903, 6561317, 829789)
	-> Filter: (sbtest4.id in (3629051,4563880,9239819,295102,6161816,7950808,5950897,2687903,6561317,829789))  (cost=4.53 rows=10)
    -> Index range scan on sbtest4 using PRIMARY over (id = 295102) OR (id = 829789) OR (8 more)  (cost=4.53 rows=10)


table 5 : explain SELECT c FROM sbtest5 WHERE id IN ( 3629051, 4563880, 9239819, 295102, 6161816, 7950808, 5950897, 2687903, 6561317, 829789)
	-> Filter: (sbtest5.id in (3629051,4563880,9239819,295102,6161816,7950808,5950897,2687903,6561317,829789))  (cost=4.53 rows=10)
    -> Index range scan on sbtest5 using PRIMARY over (id = 295102) OR (id = 829789) OR (8 more)  (cost=4.53 rows=10)


table 6 : explain SELECT c FROM sbtest6 WHERE id IN ( 3629051, 4563880, 9239819, 295102, 6161816, 7950808, 5950897, 2687903, 6561317, 829789)
	-> Filter: (sbtest6.id in (3629051,4563880,9239819,295102,6161816,7950808,5950897,2687903,6561317,829789))  (cost=4.53 rows=10)
    -> Index range scan on sbtest6 using PRIMARY over (id = 295102) OR (id = 829789) OR (8 more)  (cost=4.53 rows=10)


table 7 : explain SELECT c FROM sbtest7 WHERE id IN ( 3629051, 4563880, 9239819, 295102, 6161816, 7950808, 5950897, 2687903, 6561317, 829789)
	-> Filter: (sbtest7.id in (3629051,4563880,9239819,295102,6161816,7950808,5950897,2687903,6561317,829789))  (cost=4.53 rows=10)
    -> Index range scan on sbtest7 using PRIMARY over (id = 295102) OR (id = 829789) OR (8 more)  (cost=4.53 rows=10)


table 8 : explain SELECT c FROM sbtest8 WHERE id IN ( 3629051, 4563880, 9239819, 295102, 6161816, 7950808, 5950897, 2687903, 6561317, 829789)
	-> Filter: (sbtest8.id in (3629051,4563880,9239819,295102,6161816,7950808,5950897,2687903,6561317,829789))  (cost=4.53 rows=10)
    -> Index range scan on sbtest8 using PRIMARY over (id = 295102) OR (id = 829789) OR (8 more)  (cost=4.53 rows=10)


for select-inlist
table 1 : explain SELECT c FROM sbtest1 WHERE id IN ( 4391603, 1244297, 5678391, 7217382, 3604671, 5366824, 5849822, 6917791, 9611589, 8474914)
	-> Filter: (sbtest1.id in (4391603,1244297,5678391,7217382,3604671,5366824,5849822,6917791,9611589,8474914))  (cost=4.53 rows=10)
    -> Index range scan on sbtest1 using PRIMARY over (id = 1244297) OR (id = 3604671) OR (8 more)  (cost=4.53 rows=10)


table 2 : explain SELECT c FROM sbtest2 WHERE id IN ( 4391603, 1244297, 5678391, 7217382, 3604671, 5366824, 5849822, 6917791, 9611589, 8474914)
	-> Filter: (sbtest2.id in (4391603,1244297,5678391,7217382,3604671,5366824,5849822,6917791,9611589,8474914))  (cost=4.53 rows=10)
    -> Index range scan on sbtest2 using PRIMARY over (id = 1244297) OR (id = 3604671) OR (8 more)  (cost=4.53 rows=10)


table 3 : explain SELECT c FROM sbtest3 WHERE id IN ( 4391603, 1244297, 5678391, 7217382, 3604671, 5366824, 5849822, 6917791, 9611589, 8474914)
	-> Filter: (sbtest3.id in (4391603,1244297,5678391,7217382,3604671,5366824,5849822,6917791,9611589,8474914))  (cost=4.53 rows=10)
    -> Index range scan on sbtest3 using PRIMARY over (id = 1244297) OR (id = 3604671) OR (8 more)  (cost=4.53 rows=10)


table 4 : explain SELECT c FROM sbtest4 WHERE id IN ( 4391603, 1244297, 5678391, 7217382, 3604671, 5366824, 5849822, 6917791, 9611589, 8474914)
	-> Filter: (sbtest4.id in (4391603,1244297,5678391,7217382,3604671,5366824,5849822,6917791,9611589,8474914))  (cost=4.53 rows=10)
    -> Index range scan on sbtest4 using PRIMARY over (id = 1244297) OR (id = 3604671) OR (8 more)  (cost=4.53 rows=10)


table 5 : explain SELECT c FROM sbtest5 WHERE id IN ( 4391603, 1244297, 5678391, 7217382, 3604671, 5366824, 5849822, 6917791, 9611589, 8474914)
	-> Filter: (sbtest5.id in (4391603,1244297,5678391,7217382,3604671,5366824,5849822,6917791,9611589,8474914))  (cost=4.53 rows=10)
    -> Index range scan on sbtest5 using PRIMARY over (id = 1244297) OR (id = 3604671) OR (8 more)  (cost=4.53 rows=10)


table 6 : explain SELECT c FROM sbtest6 WHERE id IN ( 4391603, 1244297, 5678391, 7217382, 3604671, 5366824, 5849822, 6917791, 9611589, 8474914)
	-> Filter: (sbtest6.id in (4391603,1244297,5678391,7217382,3604671,5366824,5849822,6917791,9611589,8474914))  (cost=4.53 rows=10)
    -> Index range scan on sbtest6 using PRIMARY over (id = 1244297) OR (id = 3604671) OR (8 more)  (cost=4.53 rows=10)


table 7 : explain SELECT c FROM sbtest7 WHERE id IN ( 4391603, 1244297, 5678391, 7217382, 3604671, 5366824, 5849822, 6917791, 9611589, 8474914)
	-> Filter: (sbtest7.id in (4391603,1244297,5678391,7217382,3604671,5366824,5849822,6917791,9611589,8474914))  (cost=4.53 rows=10)
    -> Index range scan on sbtest7 using PRIMARY over (id = 1244297) OR (id = 3604671) OR (8 more)  (cost=4.53 rows=10)


table 8 : explain SELECT c FROM sbtest8 WHERE id IN ( 4391603, 1244297, 5678391, 7217382, 3604671, 5366824, 5849822, 6917791, 9611589, 8474914)
	-> Filter: (sbtest8.id in (4391603,1244297,5678391,7217382,3604671,5366824,5849822,6917791,9611589,8474914))  (cost=4.53 rows=10)
    -> Index range scan on sbtest8 using PRIMARY over (id = 1244297) OR (id = 3604671) OR (8 more)  (cost=4.53 rows=10)


for select-inlist
table 1 : explain SELECT c FROM sbtest1 WHERE id IN ( 8180238, 6947705, 3506206, 8986922, 511473, 268843, 4368157, 1622011, 5174047, 8834040)
	-> Filter: (sbtest1.id in (8180238,6947705,3506206,8986922,511473,268843,4368157,1622011,5174047,8834040))  (cost=4.53 rows=10)
    -> Index range scan on sbtest1 using PRIMARY over (id = 268843) OR (id = 511473) OR (8 more)  (cost=4.53 rows=10)


table 2 : explain SELECT c FROM sbtest2 WHERE id IN ( 8180238, 6947705, 3506206, 8986922, 511473, 268843, 4368157, 1622011, 5174047, 8834040)
	-> Filter: (sbtest2.id in (8180238,6947705,3506206,8986922,511473,268843,4368157,1622011,5174047,8834040))  (cost=4.53 rows=10)
    -> Index range scan on sbtest2 using PRIMARY over (id = 268843) OR (id = 511473) OR (8 more)  (cost=4.53 rows=10)


table 3 : explain SELECT c FROM sbtest3 WHERE id IN ( 8180238, 6947705, 3506206, 8986922, 511473, 268843, 4368157, 1622011, 5174047, 8834040)
	-> Filter: (sbtest3.id in (8180238,6947705,3506206,8986922,511473,268843,4368157,1622011,5174047,8834040))  (cost=4.53 rows=10)
    -> Index range scan on sbtest3 using PRIMARY over (id = 268843) OR (id = 511473) OR (8 more)  (cost=4.53 rows=10)


table 4 : explain SELECT c FROM sbtest4 WHERE id IN ( 8180238, 6947705, 3506206, 8986922, 511473, 268843, 4368157, 1622011, 5174047, 8834040)
	-> Filter: (sbtest4.id in (8180238,6947705,3506206,8986922,511473,268843,4368157,1622011,5174047,8834040))  (cost=4.53 rows=10)
    -> Index range scan on sbtest4 using PRIMARY over (id = 268843) OR (id = 511473) OR (8 more)  (cost=4.53 rows=10)


table 5 : explain SELECT c FROM sbtest5 WHERE id IN ( 8180238, 6947705, 3506206, 8986922, 511473, 268843, 4368157, 1622011, 5174047, 8834040)
	-> Filter: (sbtest5.id in (8180238,6947705,3506206,8986922,511473,268843,4368157,1622011,5174047,8834040))  (cost=4.53 rows=10)
    -> Index range scan on sbtest5 using PRIMARY over (id = 268843) OR (id = 511473) OR (8 more)  (cost=4.53 rows=10)


table 6 : explain SELECT c FROM sbtest6 WHERE id IN ( 8180238, 6947705, 3506206, 8986922, 511473, 268843, 4368157, 1622011, 5174047, 8834040)
	-> Filter: (sbtest6.id in (8180238,6947705,3506206,8986922,511473,268843,4368157,1622011,5174047,8834040))  (cost=4.53 rows=10)
    -> Index range scan on sbtest6 using PRIMARY over (id = 268843) OR (id = 511473) OR (8 more)  (cost=4.53 rows=10)


table 7 : explain SELECT c FROM sbtest7 WHERE id IN ( 8180238, 6947705, 3506206, 8986922, 511473, 268843, 4368157, 1622011, 5174047, 8834040)
	-> Filter: (sbtest7.id in (8180238,6947705,3506206,8986922,511473,268843,4368157,1622011,5174047,8834040))  (cost=4.53 rows=10)
    -> Index range scan on sbtest7 using PRIMARY over (id = 268843) OR (id = 511473) OR (8 more)  (cost=4.53 rows=10)


table 8 : explain SELECT c FROM sbtest8 WHERE id IN ( 8180238, 6947705, 3506206, 8986922, 511473, 268843, 4368157, 1622011, 5174047, 8834040)
	-> Filter: (sbtest8.id in (8180238,6947705,3506206,8986922,511473,268843,4368157,1622011,5174047,8834040))  (cost=4.53 rows=10)
    -> Index range scan on sbtest8 using PRIMARY over (id = 268843) OR (id = 511473) OR (8 more)  (cost=4.53 rows=10)


for select-inlist
table 1 : explain SELECT c FROM sbtest1 WHERE id IN ( 2632372, 4877576, 4853498, 6587483, 5379990, 8875971, 64462, 4786172, 3722315, 870331)
	-> Filter: (sbtest1.id in (2632372,4877576,4853498,6587483,5379990,8875971,64462,4786172,3722315,870331))  (cost=4.53 rows=10)
    -> Index range scan on sbtest1 using PRIMARY over (id = 64462) OR (id = 870331) OR (8 more)  (cost=4.53 rows=10)


table 2 : explain SELECT c FROM sbtest2 WHERE id IN ( 2632372, 4877576, 4853498, 6587483, 5379990, 8875971, 64462, 4786172, 3722315, 870331)
	-> Filter: (sbtest2.id in (2632372,4877576,4853498,6587483,5379990,8875971,64462,4786172,3722315,870331))  (cost=4.53 rows=10)
    -> Index range scan on sbtest2 using PRIMARY over (id = 64462) OR (id = 870331) OR (8 more)  (cost=4.53 rows=10)


table 3 : explain SELECT c FROM sbtest3 WHERE id IN ( 2632372, 4877576, 4853498, 6587483, 5379990, 8875971, 64462, 4786172, 3722315, 870331)
	-> Filter: (sbtest3.id in (2632372,4877576,4853498,6587483,5379990,8875971,64462,4786172,3722315,870331))  (cost=4.53 rows=10)
    -> Index range scan on sbtest3 using PRIMARY over (id = 64462) OR (id = 870331) OR (8 more)  (cost=4.53 rows=10)


table 4 : explain SELECT c FROM sbtest4 WHERE id IN ( 2632372, 4877576, 4853498, 6587483, 5379990, 8875971, 64462, 4786172, 3722315, 870331)
	-> Filter: (sbtest4.id in (2632372,4877576,4853498,6587483,5379990,8875971,64462,4786172,3722315,870331))  (cost=4.53 rows=10)
    -> Index range scan on sbtest4 using PRIMARY over (id = 64462) OR (id = 870331) OR (8 more)  (cost=4.53 rows=10)


table 5 : explain SELECT c FROM sbtest5 WHERE id IN ( 2632372, 4877576, 4853498, 6587483, 5379990, 8875971, 64462, 4786172, 3722315, 870331)
	-> Filter: (sbtest5.id in (2632372,4877576,4853498,6587483,5379990,8875971,64462,4786172,3722315,870331))  (cost=4.53 rows=10)
    -> Index range scan on sbtest5 using PRIMARY over (id = 64462) OR (id = 870331) OR (8 more)  (cost=4.53 rows=10)


table 6 : explain SELECT c FROM sbtest6 WHERE id IN ( 2632372, 4877576, 4853498, 6587483, 5379990, 8875971, 64462, 4786172, 3722315, 870331)
	-> Filter: (sbtest6.id in (2632372,4877576,4853498,6587483,5379990,8875971,64462,4786172,3722315,870331))  (cost=4.53 rows=10)
    -> Index range scan on sbtest6 using PRIMARY over (id = 64462) OR (id = 870331) OR (8 more)  (cost=4.53 rows=10)


table 7 : explain SELECT c FROM sbtest7 WHERE id IN ( 2632372, 4877576, 4853498, 6587483, 5379990, 8875971, 64462, 4786172, 3722315, 870331)
	-> Filter: (sbtest7.id in (2632372,4877576,4853498,6587483,5379990,8875971,64462,4786172,3722315,870331))  (cost=4.53 rows=10)
    -> Index range scan on sbtest7 using PRIMARY over (id = 64462) OR (id = 870331) OR (8 more)  (cost=4.53 rows=10)


table 8 : explain SELECT c FROM sbtest8 WHERE id IN ( 2632372, 4877576, 4853498, 6587483, 5379990, 8875971, 64462, 4786172, 3722315, 870331)
	-> Filter: (sbtest8.id in (2632372,4877576,4853498,6587483,5379990,8875971,64462,4786172,3722315,870331))  (cost=4.53 rows=10)
    -> Index range scan on sbtest8 using PRIMARY over (id = 64462) OR (id = 870331) OR (8 more)  (cost=4.53 rows=10)


for select-inlist
table 1 : explain SELECT c FROM sbtest1 WHERE id IN ( 2258932, 6194206, 6205830, 6273954, 1740220, 1316234, 3862881, 1693707, 9094481, 7840257)
	-> Filter: (sbtest1.id in (2258932,6194206,6205830,6273954,1740220,1316234,3862881,1693707,9094481,7840257))  (cost=4.53 rows=10)
    -> Index range scan on sbtest1 using PRIMARY over (id = 1316234) OR (id = 1693707) OR (8 more)  (cost=4.53 rows=10)


table 2 : explain SELECT c FROM sbtest2 WHERE id IN ( 2258932, 6194206, 6205830, 6273954, 1740220, 1316234, 3862881, 1693707, 9094481, 7840257)
	-> Filter: (sbtest2.id in (2258932,6194206,6205830,6273954,1740220,1316234,3862881,1693707,9094481,7840257))  (cost=4.53 rows=10)
    -> Index range scan on sbtest2 using PRIMARY over (id = 1316234) OR (id = 1693707) OR (8 more)  (cost=4.53 rows=10)


table 3 : explain SELECT c FROM sbtest3 WHERE id IN ( 2258932, 6194206, 6205830, 6273954, 1740220, 1316234, 3862881, 1693707, 9094481, 7840257)
	-> Filter: (sbtest3.id in (2258932,6194206,6205830,6273954,1740220,1316234,3862881,1693707,9094481,7840257))  (cost=4.53 rows=10)
    -> Index range scan on sbtest3 using PRIMARY over (id = 1316234) OR (id = 1693707) OR (8 more)  (cost=4.53 rows=10)


table 4 : explain SELECT c FROM sbtest4 WHERE id IN ( 2258932, 6194206, 6205830, 6273954, 1740220, 1316234, 3862881, 1693707, 9094481, 7840257)
	-> Filter: (sbtest4.id in (2258932,6194206,6205830,6273954,1740220,1316234,3862881,1693707,9094481,7840257))  (cost=4.53 rows=10)
    -> Index range scan on sbtest4 using PRIMARY over (id = 1316234) OR (id = 1693707) OR (8 more)  (cost=4.53 rows=10)


table 5 : explain SELECT c FROM sbtest5 WHERE id IN ( 2258932, 6194206, 6205830, 6273954, 1740220, 1316234, 3862881, 1693707, 9094481, 7840257)
	-> Filter: (sbtest5.id in (2258932,6194206,6205830,6273954,1740220,1316234,3862881,1693707,9094481,7840257))  (cost=4.53 rows=10)
    -> Index range scan on sbtest5 using PRIMARY over (id = 1316234) OR (id = 1693707) OR (8 more)  (cost=4.53 rows=10)


table 6 : explain SELECT c FROM sbtest6 WHERE id IN ( 2258932, 6194206, 6205830, 6273954, 1740220, 1316234, 3862881, 1693707, 9094481, 7840257)
	-> Filter: (sbtest6.id in (2258932,6194206,6205830,6273954,1740220,1316234,3862881,1693707,9094481,7840257))  (cost=4.53 rows=10)
    -> Index range scan on sbtest6 using PRIMARY over (id = 1316234) OR (id = 1693707) OR (8 more)  (cost=4.53 rows=10)


table 7 : explain SELECT c FROM sbtest7 WHERE id IN ( 2258932, 6194206, 6205830, 6273954, 1740220, 1316234, 3862881, 1693707, 9094481, 7840257)
	-> Filter: (sbtest7.id in (2258932,6194206,6205830,6273954,1740220,1316234,3862881,1693707,9094481,7840257))  (cost=4.53 rows=10)
    -> Index range scan on sbtest7 using PRIMARY over (id = 1316234) OR (id = 1693707) OR (8 more)  (cost=4.53 rows=10)


table 8 : explain SELECT c FROM sbtest8 WHERE id IN ( 2258932, 6194206, 6205830, 6273954, 1740220, 1316234, 3862881, 1693707, 9094481, 7840257)
	-> Filter: (sbtest8.id in (2258932,6194206,6205830,6273954,1740220,1316234,3862881,1693707,9094481,7840257))  (cost=4.53 rows=10)
    -> Index range scan on sbtest8 using PRIMARY over (id = 1316234) OR (id = 1693707) OR (8 more)  (cost=4.53 rows=10)


for select-inlist
table 1 : explain SELECT c FROM sbtest1 WHERE id IN ( 4678063, 686975, 8384000, 3802722, 7265222, 1255276, 4490212, 8899311, 9684151, 7006072)
	-> Filter: (sbtest1.id in (4678063,686975,8384000,3802722,7265222,1255276,4490212,8899311,9684151,7006072))  (cost=4.53 rows=10)
    -> Index range scan on sbtest1 using PRIMARY over (id = 686975) OR (id = 1255276) OR (8 more)  (cost=4.53 rows=10)


table 2 : explain SELECT c FROM sbtest2 WHERE id IN ( 4678063, 686975, 8384000, 3802722, 7265222, 1255276, 4490212, 8899311, 9684151, 7006072)
	-> Filter: (sbtest2.id in (4678063,686975,8384000,3802722,7265222,1255276,4490212,8899311,9684151,7006072))  (cost=4.53 rows=10)
    -> Index range scan on sbtest2 using PRIMARY over (id = 686975) OR (id = 1255276) OR (8 more)  (cost=4.53 rows=10)


table 3 : explain SELECT c FROM sbtest3 WHERE id IN ( 4678063, 686975, 8384000, 3802722, 7265222, 1255276, 4490212, 8899311, 9684151, 7006072)
	-> Filter: (sbtest3.id in (4678063,686975,8384000,3802722,7265222,1255276,4490212,8899311,9684151,7006072))  (cost=4.53 rows=10)
    -> Index range scan on sbtest3 using PRIMARY over (id = 686975) OR (id = 1255276) OR (8 more)  (cost=4.53 rows=10)


table 4 : explain SELECT c FROM sbtest4 WHERE id IN ( 4678063, 686975, 8384000, 3802722, 7265222, 1255276, 4490212, 8899311, 9684151, 7006072)
	-> Filter: (sbtest4.id in (4678063,686975,8384000,3802722,7265222,1255276,4490212,8899311,9684151,7006072))  (cost=4.53 rows=10)
    -> Index range scan on sbtest4 using PRIMARY over (id = 686975) OR (id = 1255276) OR (8 more)  (cost=4.53 rows=10)


table 5 : explain SELECT c FROM sbtest5 WHERE id IN ( 4678063, 686975, 8384000, 3802722, 7265222, 1255276, 4490212, 8899311, 9684151, 7006072)
	-> Filter: (sbtest5.id in (4678063,686975,8384000,3802722,7265222,1255276,4490212,8899311,9684151,7006072))  (cost=4.53 rows=10)
    -> Index range scan on sbtest5 using PRIMARY over (id = 686975) OR (id = 1255276) OR (8 more)  (cost=4.53 rows=10)


table 6 : explain SELECT c FROM sbtest6 WHERE id IN ( 4678063, 686975, 8384000, 3802722, 7265222, 1255276, 4490212, 8899311, 9684151, 7006072)
	-> Filter: (sbtest6.id in (4678063,686975,8384000,3802722,7265222,1255276,4490212,8899311,9684151,7006072))  (cost=4.53 rows=10)
    -> Index range scan on sbtest6 using PRIMARY over (id = 686975) OR (id = 1255276) OR (8 more)  (cost=4.53 rows=10)


table 7 : explain SELECT c FROM sbtest7 WHERE id IN ( 4678063, 686975, 8384000, 3802722, 7265222, 1255276, 4490212, 8899311, 9684151, 7006072)
	-> Filter: (sbtest7.id in (4678063,686975,8384000,3802722,7265222,1255276,4490212,8899311,9684151,7006072))  (cost=4.53 rows=10)
    -> Index range scan on sbtest7 using PRIMARY over (id = 686975) OR (id = 1255276) OR (8 more)  (cost=4.53 rows=10)


table 8 : explain SELECT c FROM sbtest8 WHERE id IN ( 4678063, 686975, 8384000, 3802722, 7265222, 1255276, 4490212, 8899311, 9684151, 7006072)
	-> Filter: (sbtest8.id in (4678063,686975,8384000,3802722,7265222,1255276,4490212,8899311,9684151,7006072))  (cost=4.53 rows=10)
    -> Index range scan on sbtest8 using PRIMARY over (id = 686975) OR (id = 1255276) OR (8 more)  (cost=4.53 rows=10)


for select-inlist
table 1 : explain SELECT c FROM sbtest1 WHERE id IN ( 3415445, 2840844, 2262176, 6673726, 1672756, 9023991, 3856191, 6018467, 6713956, 7634552)
	-> Filter: (sbtest1.id in (3415445,2840844,2262176,6673726,1672756,9023991,3856191,6018467,6713956,7634552))  (cost=4.53 rows=10)
    -> Index range scan on sbtest1 using PRIMARY over (id = 1672756) OR (id = 2262176) OR (8 more)  (cost=4.53 rows=10)


table 2 : explain SELECT c FROM sbtest2 WHERE id IN ( 3415445, 2840844, 2262176, 6673726, 1672756, 9023991, 3856191, 6018467, 6713956, 7634552)
	-> Filter: (sbtest2.id in (3415445,2840844,2262176,6673726,1672756,9023991,3856191,6018467,6713956,7634552))  (cost=4.53 rows=10)
    -> Index range scan on sbtest2 using PRIMARY over (id = 1672756) OR (id = 2262176) OR (8 more)  (cost=4.53 rows=10)


table 3 : explain SELECT c FROM sbtest3 WHERE id IN ( 3415445, 2840844, 2262176, 6673726, 1672756, 9023991, 3856191, 6018467, 6713956, 7634552)
	-> Filter: (sbtest3.id in (3415445,2840844,2262176,6673726,1672756,9023991,3856191,6018467,6713956,7634552))  (cost=4.53 rows=10)
    -> Index range scan on sbtest3 using PRIMARY over (id = 1672756) OR (id = 2262176) OR (8 more)  (cost=4.53 rows=10)


table 4 : explain SELECT c FROM sbtest4 WHERE id IN ( 3415445, 2840844, 2262176, 6673726, 1672756, 9023991, 3856191, 6018467, 6713956, 7634552)
	-> Filter: (sbtest4.id in (3415445,2840844,2262176,6673726,1672756,9023991,3856191,6018467,6713956,7634552))  (cost=4.53 rows=10)
    -> Index range scan on sbtest4 using PRIMARY over (id = 1672756) OR (id = 2262176) OR (8 more)  (cost=4.53 rows=10)


table 5 : explain SELECT c FROM sbtest5 WHERE id IN ( 3415445, 2840844, 2262176, 6673726, 1672756, 9023991, 3856191, 6018467, 6713956, 7634552)
	-> Filter: (sbtest5.id in (3415445,2840844,2262176,6673726,1672756,9023991,3856191,6018467,6713956,7634552))  (cost=4.53 rows=10)
    -> Index range scan on sbtest5 using PRIMARY over (id = 1672756) OR (id = 2262176) OR (8 more)  (cost=4.53 rows=10)


table 6 : explain SELECT c FROM sbtest6 WHERE id IN ( 3415445, 2840844, 2262176, 6673726, 1672756, 9023991, 3856191, 6018467, 6713956, 7634552)
	-> Filter: (sbtest6.id in (3415445,2840844,2262176,6673726,1672756,9023991,3856191,6018467,6713956,7634552))  (cost=4.53 rows=10)
    -> Index range scan on sbtest6 using PRIMARY over (id = 1672756) OR (id = 2262176) OR (8 more)  (cost=4.53 rows=10)


table 7 : explain SELECT c FROM sbtest7 WHERE id IN ( 3415445, 2840844, 2262176, 6673726, 1672756, 9023991, 3856191, 6018467, 6713956, 7634552)
	-> Filter: (sbtest7.id in (3415445,2840844,2262176,6673726,1672756,9023991,3856191,6018467,6713956,7634552))  (cost=4.53 rows=10)
    -> Index range scan on sbtest7 using PRIMARY over (id = 1672756) OR (id = 2262176) OR (8 more)  (cost=4.53 rows=10)


table 8 : explain SELECT c FROM sbtest8 WHERE id IN ( 3415445, 2840844, 2262176, 6673726, 1672756, 9023991, 3856191, 6018467, 6713956, 7634552)
	-> Filter: (sbtest8.id in (3415445,2840844,2262176,6673726,1672756,9023991,3856191,6018467,6713956,7634552))  (cost=4.53 rows=10)
    -> Index range scan on sbtest8 using PRIMARY over (id = 1672756) OR (id = 2262176) OR (8 more)  (cost=4.53 rows=10)


for select-inlist
table 1 : explain SELECT c FROM sbtest1 WHERE id IN ( 6507548, 7592175, 6620871, 3307414, 3301532, 9614516, 5326931, 2705493, 1727632, 5760291)
	-> Filter: (sbtest1.id in (6507548,7592175,6620871,3307414,3301532,9614516,5326931,2705493,1727632,5760291))  (cost=4.53 rows=10)
    -> Index range scan on sbtest1 using PRIMARY over (id = 1727632) OR (id = 2705493) OR (8 more)  (cost=4.53 rows=10)


table 2 : explain SELECT c FROM sbtest2 WHERE id IN ( 6507548, 7592175, 6620871, 3307414, 3301532, 9614516, 5326931, 2705493, 1727632, 5760291)
	-> Filter: (sbtest2.id in (6507548,7592175,6620871,3307414,3301532,9614516,5326931,2705493,1727632,5760291))  (cost=4.53 rows=10)
    -> Index range scan on sbtest2 using PRIMARY over (id = 1727632) OR (id = 2705493) OR (8 more)  (cost=4.53 rows=10)


table 3 : explain SELECT c FROM sbtest3 WHERE id IN ( 6507548, 7592175, 6620871, 3307414, 3301532, 9614516, 5326931, 2705493, 1727632, 5760291)
	-> Filter: (sbtest3.id in (6507548,7592175,6620871,3307414,3301532,9614516,5326931,2705493,1727632,5760291))  (cost=4.53 rows=10)
    -> Index range scan on sbtest3 using PRIMARY over (id = 1727632) OR (id = 2705493) OR (8 more)  (cost=4.53 rows=10)


table 4 : explain SELECT c FROM sbtest4 WHERE id IN ( 6507548, 7592175, 6620871, 3307414, 3301532, 9614516, 5326931, 2705493, 1727632, 5760291)
	-> Filter: (sbtest4.id in (6507548,7592175,6620871,3307414,3301532,9614516,5326931,2705493,1727632,5760291))  (cost=4.53 rows=10)
    -> Index range scan on sbtest4 using PRIMARY over (id = 1727632) OR (id = 2705493) OR (8 more)  (cost=4.53 rows=10)


table 5 : explain SELECT c FROM sbtest5 WHERE id IN ( 6507548, 7592175, 6620871, 3307414, 3301532, 9614516, 5326931, 2705493, 1727632, 5760291)
	-> Filter: (sbtest5.id in (6507548,7592175,6620871,3307414,3301532,9614516,5326931,2705493,1727632,5760291))  (cost=4.53 rows=10)
    -> Index range scan on sbtest5 using PRIMARY over (id = 1727632) OR (id = 2705493) OR (8 more)  (cost=4.53 rows=10)


table 6 : explain SELECT c FROM sbtest6 WHERE id IN ( 6507548, 7592175, 6620871, 3307414, 3301532, 9614516, 5326931, 2705493, 1727632, 5760291)
	-> Filter: (sbtest6.id in (6507548,7592175,6620871,3307414,3301532,9614516,5326931,2705493,1727632,5760291))  (cost=4.53 rows=10)
    -> Index range scan on sbtest6 using PRIMARY over (id = 1727632) OR (id = 2705493) OR (8 more)  (cost=4.53 rows=10)


table 7 : explain SELECT c FROM sbtest7 WHERE id IN ( 6507548, 7592175, 6620871, 3307414, 3301532, 9614516, 5326931, 2705493, 1727632, 5760291)
	-> Filter: (sbtest7.id in (6507548,7592175,6620871,3307414,3301532,9614516,5326931,2705493,1727632,5760291))  (cost=4.53 rows=10)
    -> Index range scan on sbtest7 using PRIMARY over (id = 1727632) OR (id = 2705493) OR (8 more)  (cost=4.53 rows=10)


table 8 : explain SELECT c FROM sbtest8 WHERE id IN ( 6507548, 7592175, 6620871, 3307414, 3301532, 9614516, 5326931, 2705493, 1727632, 5760291)
	-> Filter: (sbtest8.id in (6507548,7592175,6620871,3307414,3301532,9614516,5326931,2705493,1727632,5760291))  (cost=4.53 rows=10)
    -> Index range scan on sbtest8 using PRIMARY over (id = 1727632) OR (id = 2705493) OR (8 more)  (cost=4.53 rows=10)


for select-inlist
table 1 : explain SELECT c FROM sbtest1 WHERE id IN ( 5348533, 3024692, 8118564, 322767, 9897401, 8517324, 9956542, 9887788, 3121007, 3705078)
	-> Filter: (sbtest1.id in (5348533,3024692,8118564,322767,9897401,8517324,9956542,9887788,3121007,3705078))  (cost=4.53 rows=10)
    -> Index range scan on sbtest1 using PRIMARY over (id = 322767) OR (id = 3024692) OR (8 more)  (cost=4.53 rows=10)


table 2 : explain SELECT c FROM sbtest2 WHERE id IN ( 5348533, 3024692, 8118564, 322767, 9897401, 8517324, 9956542, 9887788, 3121007, 3705078)
	-> Filter: (sbtest2.id in (5348533,3024692,8118564,322767,9897401,8517324,9956542,9887788,3121007,3705078))  (cost=4.53 rows=10)
    -> Index range scan on sbtest2 using PRIMARY over (id = 322767) OR (id = 3024692) OR (8 more)  (cost=4.53 rows=10)


table 3 : explain SELECT c FROM sbtest3 WHERE id IN ( 5348533, 3024692, 8118564, 322767, 9897401, 8517324, 9956542, 9887788, 3121007, 3705078)
	-> Filter: (sbtest3.id in (5348533,3024692,8118564,322767,9897401,8517324,9956542,9887788,3121007,3705078))  (cost=4.53 rows=10)
    -> Index range scan on sbtest3 using PRIMARY over (id = 322767) OR (id = 3024692) OR (8 more)  (cost=4.53 rows=10)


table 4 : explain SELECT c FROM sbtest4 WHERE id IN ( 5348533, 3024692, 8118564, 322767, 9897401, 8517324, 9956542, 9887788, 3121007, 3705078)
	-> Filter: (sbtest4.id in (5348533,3024692,8118564,322767,9897401,8517324,9956542,9887788,3121007,3705078))  (cost=4.53 rows=10)
    -> Index range scan on sbtest4 using PRIMARY over (id = 322767) OR (id = 3024692) OR (8 more)  (cost=4.53 rows=10)


table 5 : explain SELECT c FROM sbtest5 WHERE id IN ( 5348533, 3024692, 8118564, 322767, 9897401, 8517324, 9956542, 9887788, 3121007, 3705078)
	-> Filter: (sbtest5.id in (5348533,3024692,8118564,322767,9897401,8517324,9956542,9887788,3121007,3705078))  (cost=4.53 rows=10)
    -> Index range scan on sbtest5 using PRIMARY over (id = 322767) OR (id = 3024692) OR (8 more)  (cost=4.53 rows=10)


table 6 : explain SELECT c FROM sbtest6 WHERE id IN ( 5348533, 3024692, 8118564, 322767, 9897401, 8517324, 9956542, 9887788, 3121007, 3705078)
	-> Filter: (sbtest6.id in (5348533,3024692,8118564,322767,9897401,8517324,9956542,9887788,3121007,3705078))  (cost=4.53 rows=10)
    -> Index range scan on sbtest6 using PRIMARY over (id = 322767) OR (id = 3024692) OR (8 more)  (cost=4.53 rows=10)


table 7 : explain SELECT c FROM sbtest7 WHERE id IN ( 5348533, 3024692, 8118564, 322767, 9897401, 8517324, 9956542, 9887788, 3121007, 3705078)
	-> Filter: (sbtest7.id in (5348533,3024692,8118564,322767,9897401,8517324,9956542,9887788,3121007,3705078))  (cost=4.53 rows=10)
    -> Index range scan on sbtest7 using PRIMARY over (id = 322767) OR (id = 3024692) OR (8 more)  (cost=4.53 rows=10)


table 8 : explain SELECT c FROM sbtest8 WHERE id IN ( 5348533, 3024692, 8118564, 322767, 9897401, 8517324, 9956542, 9887788, 3121007, 3705078)
	-> Filter: (sbtest8.id in (5348533,3024692,8118564,322767,9897401,8517324,9956542,9887788,3121007,3705078))  (cost=4.53 rows=10)
    -> Index range scan on sbtest8 using PRIMARY over (id = 322767) OR (id = 3024692) OR (8 more)  (cost=4.53 rows=10)


for select-inlist
table 1 : explain SELECT c FROM sbtest1 WHERE id IN ( 2735337, 3255157, 2200433, 2261832, 7200241, 4836216, 6368223, 3096300, 8603355, 1296826)
	-> Filter: (sbtest1.id in (2735337,3255157,2200433,2261832,7200241,4836216,6368223,3096300,8603355,1296826))  (cost=4.53 rows=10)
    -> Index range scan on sbtest1 using PRIMARY over (id = 1296826) OR (id = 2200433) OR (8 more)  (cost=4.53 rows=10)


table 2 : explain SELECT c FROM sbtest2 WHERE id IN ( 2735337, 3255157, 2200433, 2261832, 7200241, 4836216, 6368223, 3096300, 8603355, 1296826)
	-> Filter: (sbtest2.id in (2735337,3255157,2200433,2261832,7200241,4836216,6368223,3096300,8603355,1296826))  (cost=4.53 rows=10)
    -> Index range scan on sbtest2 using PRIMARY over (id = 1296826) OR (id = 2200433) OR (8 more)  (cost=4.53 rows=10)


table 3 : explain SELECT c FROM sbtest3 WHERE id IN ( 2735337, 3255157, 2200433, 2261832, 7200241, 4836216, 6368223, 3096300, 8603355, 1296826)
	-> Filter: (sbtest3.id in (2735337,3255157,2200433,2261832,7200241,4836216,6368223,3096300,8603355,1296826))  (cost=4.53 rows=10)
    -> Index range scan on sbtest3 using PRIMARY over (id = 1296826) OR (id = 2200433) OR (8 more)  (cost=4.53 rows=10)


table 4 : explain SELECT c FROM sbtest4 WHERE id IN ( 2735337, 3255157, 2200433, 2261832, 7200241, 4836216, 6368223, 3096300, 8603355, 1296826)
	-> Filter: (sbtest4.id in (2735337,3255157,2200433,2261832,7200241,4836216,6368223,3096300,8603355,1296826))  (cost=4.53 rows=10)
    -> Index range scan on sbtest4 using PRIMARY over (id = 1296826) OR (id = 2200433) OR (8 more)  (cost=4.53 rows=10)


table 5 : explain SELECT c FROM sbtest5 WHERE id IN ( 2735337, 3255157, 2200433, 2261832, 7200241, 4836216, 6368223, 3096300, 8603355, 1296826)
	-> Filter: (sbtest5.id in (2735337,3255157,2200433,2261832,7200241,4836216,6368223,3096300,8603355,1296826))  (cost=4.53 rows=10)
    -> Index range scan on sbtest5 using PRIMARY over (id = 1296826) OR (id = 2200433) OR (8 more)  (cost=4.53 rows=10)


table 6 : explain SELECT c FROM sbtest6 WHERE id IN ( 2735337, 3255157, 2200433, 2261832, 7200241, 4836216, 6368223, 3096300, 8603355, 1296826)
	-> Filter: (sbtest6.id in (2735337,3255157,2200433,2261832,7200241,4836216,6368223,3096300,8603355,1296826))  (cost=4.53 rows=10)
    -> Index range scan on sbtest6 using PRIMARY over (id = 1296826) OR (id = 2200433) OR (8 more)  (cost=4.53 rows=10)


table 7 : explain SELECT c FROM sbtest7 WHERE id IN ( 2735337, 3255157, 2200433, 2261832, 7200241, 4836216, 6368223, 3096300, 8603355, 1296826)
	-> Filter: (sbtest7.id in (2735337,3255157,2200433,2261832,7200241,4836216,6368223,3096300,8603355,1296826))  (cost=4.53 rows=10)
    -> Index range scan on sbtest7 using PRIMARY over (id = 1296826) OR (id = 2200433) OR (8 more)  (cost=4.53 rows=10)


table 8 : explain SELECT c FROM sbtest8 WHERE id IN ( 2735337, 3255157, 2200433, 2261832, 7200241, 4836216, 6368223, 3096300, 8603355, 1296826)
	-> Filter: (sbtest8.id in (2735337,3255157,2200433,2261832,7200241,4836216,6368223,3096300,8603355,1296826))  (cost=4.53 rows=10)
    -> Index range scan on sbtest8 using PRIMARY over (id = 1296826) OR (id = 2200433) OR (8 more)  (cost=4.53 rows=10)


Threads started!

Warming up for 5 seconds...

SQL statistics:
    queries performed:
        read:                            199099055
        write:                           0
        other:                           0
        total:                           199099055
    transactions:                        199099055 (316027.25 per sec.)
    queries:                             199099055 (316027.25 per sec.)
    ignored errors:                      0      (0.00 per sec.)
    reconnects:                          0      (0.00 per sec.)

Throughput:
    events/s (eps):                      316027.2505
    time elapsed:                        630.0061s
    total number of events:              199099055

Latency (ms):
         min:                                    0.10
         avg:                                    0.13
         max:                                   24.14
         95th percentile:                        0.14
         sum:                             25077096.04

Threads fairness:
    events (avg/stddev):           4977468.1250/12288.81
    execution time (avg/stddev):   626.9274/0.06

