LUA_PATH=/home/mdcallag/git/mytools/bench/sysbench.lua/lua/?.lua /home/mdcallag/git/mytools/bench/sysbench.lua/lua/sysbench --db-driver=mysql --range-size=100 --table-size=10000000 --tables=8 --threads=40 --events=0 --warmup-time=5 --time=630 /home/mdcallag/git/mytools/bench/sysbench.lua/lua/oltp_read_only.lua run --mysql-user=root --mysql-password=pw --mysql-host=127.0.0.1 --mysql-db=test --rand-type=uniform
48 CPUs
sysbench 1.1.0-9072687 (using bundled LuaJIT 2.1.0-beta3)

Running the test with following options:
Number of threads: 40
Warmup time: 5s
Initializing random number generator from current time


Initializing worker threads...

explain: for point_selects :: explain SELECT c FROM sbtest%u WHERE id=%u
explain: for point_selects :: explain SELECT c FROM sbtest%u WHERE id=%u
explain: for point_selects :: explain SELECT c FROM sbtest%u WHERE id=%u
explain: for point_selects :: explain SELECT c FROM sbtest%u WHERE id=%u
explain: for point_selects :: explain SELECT c FROM sbtest%u WHERE id=%u
explain: for point_selects :: explain SELECT c FROM sbtest%u WHERE id=%u
explain: for point_selects :: explain SELECT c FROM sbtest%u WHERE id=%u
explain: for point_selects :: explain SELECT c FROM sbtest%u WHERE id=%u
explain: for point_selects :: explain SELECT c FROM sbtest%u WHERE id=%u
explain: for point_selects :: explain SELECT c FROM sbtest%u WHERE id=%u
explain: for point_selects :: explain SELECT c FROM sbtest%u WHERE id=%u
explain: for point_selects :: explain SELECT c FROM sbtest%u WHERE id=%u
explain: for point_selects :: explain SELECT c FROM sbtest%u WHERE id=%u
explain: for point_selects :: explain SELECT c FROM sbtest%u WHERE id=%u
for point_selects
table 1 : explain SELECT c FROM sbtest1 WHERE id=2867437
	-> Rows fetched before execution  (cost=0..0 rows=1)


table 2 : explain SELECT c FROM sbtest2 WHERE id=4186812
	-> Rows fetched before execution  (cost=0..0 rows=1)


table 3 : explain SELECT c FROM sbtest3 WHERE id=1704481
	-> Rows fetched before execution  (cost=0..0 rows=1)


table 4 : explain SELECT c FROM sbtest4 WHERE id=5256428
	-> Rows fetched before execution  (cost=0..0 rows=1)


table 5 : explain SELECT c FROM sbtest5 WHERE id=169714
	-> Rows fetched before execution  (cost=0..0 rows=1)


table 6 : explain SELECT c FROM sbtest6 WHERE id=4181392
	-> Rows fetched before execution  (cost=0..0 rows=1)


table 7 : explain SELECT c FROM sbtest7 WHERE id=2798391
	-> Rows fetched before execution  (cost=0..0 rows=1)


table 8 : explain SELECT c FROM sbtest8 WHERE id=5015106
	-> Rows fetched before execution  (cost=0..0 rows=1)


for point_selects
table 1 : explain SELECT c FROM sbtest1 WHERE id=8760032
	-> Rows fetched before execution  (cost=0..0 rows=1)


table 2 : explain SELECT c FROM sbtest2 WHERE id=4193150
	-> Rows fetched before execution  (cost=0..0 rows=1)


table 3 : explain SELECT c FROM sbtest3 WHERE id=6109816
	-> Rows fetched before execution  (cost=0..0 rows=1)


table 4 : explain SELECT c FROM sbtest4 WHERE id=8383591
	-> Rows fetched before execution  (cost=0..0 rows=1)


table 5 : explain SELECT c FROM sbtest5 WHERE id=9176323
	-> Rows fetched before execution  (cost=0..0 rows=1)


table 6 : explain SELECT c FROM sbtest6 WHERE id=4198621
	-> Rows fetched before execution  (cost=0..0 rows=1)


table 7 : explain SELECT c FROM sbtest7 WHERE id=4942429
	-> Rows fetched before execution  (cost=0..0 rows=1)


table 8 : explain SELECT c FROM sbtest8 WHERE id=239688
	-> Rows fetched before execution  (cost=0..0 rows=1)


for point_selects
table 1 : explain SELECT c FROM sbtest1 WHERE id=5371927
	-> Rows fetched before execution  (cost=0..0 rows=1)


table 2 : explain SELECT c FROM sbtest2 WHERE id=2060187
	-> Rows fetched before execution  (cost=0..0 rows=1)


table 3 : explain SELECT c FROM sbtest3 WHERE id=2767616
	-> Rows fetched before execution  (cost=0..0 rows=1)


table 4 : explain SELECT c FROM sbtest4 WHERE id=1448111
	-> Rows fetched before execution  (cost=0..0 rows=1)


table 5 : explain SELECT c FROM sbtest5 WHERE id=5982992
	-> Rows fetched before execution  (cost=0..0 rows=1)


table 6 : explain SELECT c FROM sbtest6 WHERE id=6722568
	-> Rows fetched before execution  (cost=0..0 rows=1)


table 7 : explain SELECT c FROM sbtest7 WHERE id=5720103
	-> Rows fetched before execution  (cost=0..0 rows=1)


table 8 : explain SELECT c FROM sbtest8 WHERE id=4261831
	-> Rows fetched before execution  (cost=0..0 rows=1)


for point_selects
table 1 : explain SELECT c FROM sbtest1 WHERE id=4227227
	-> Rows fetched before execution  (cost=0..0 rows=1)


table 2 : explain SELECT c FROM sbtest2 WHERE id=4950944
	-> Rows fetched before execution  (cost=0..0 rows=1)


table 3 : explain SELECT c FROM sbtest3 WHERE id=614057
	-> Rows fetched before execution  (cost=0..0 rows=1)


table 4 : explain SELECT c FROM sbtest4 WHERE id=1212874
	-> Rows fetched before execution  (cost=0..0 rows=1)


table 5 : explain SELECT c FROM sbtest5 WHERE id=4330495
	-> Rows fetched before execution  (cost=0..0 rows=1)


table 6 : explain SELECT c FROM sbtest6 WHERE id=6953709
	-> Rows fetched before execution  (cost=0..0 rows=1)


table 7 : explain SELECT c FROM sbtest7 WHERE id=7692308
	-> Rows fetched before execution  (cost=0..0 rows=1)


table 8 : explain SELECT c FROM sbtest8 WHERE id=4337793
	-> Rows fetched before execution  (cost=0..0 rows=1)


explain: for point_selects :: explain SELECT c FROM sbtest%u WHERE id=%u
for point_selects
table 1 : explain SELECT c FROM sbtest1 WHERE id=2791286
	-> Rows fetched before execution  (cost=0..0 rows=1)


table 2 : explain SELECT c FROM sbtest2 WHERE id=828732
	-> Rows fetched before execution  (cost=0..0 rows=1)


table 3 : explain SELECT c FROM sbtest3 WHERE id=1993716
	-> Rows fetched before execution  (cost=0..0 rows=1)


table 4 : explain SELECT c FROM sbtest4 WHERE id=8748413
	-> Rows fetched before execution  (cost=0..0 rows=1)


table 5 : explain SELECT c FROM sbtest5 WHERE id=8148983
	-> Rows fetched before execution  (cost=0..0 rows=1)


table 6 : explain SELECT c FROM sbtest6 WHERE id=2219015
	-> Rows fetched before execution  (cost=0..0 rows=1)


table 7 : explain SELECT c FROM sbtest7 WHERE id=4810313
	-> Rows fetched before execution  (cost=0..0 rows=1)


table 8 : explain SELECT c FROM sbtest8 WHERE id=6853686
	-> Rows fetched before execution  (cost=0..0 rows=1)


for point_selects
table 1 : explain SELECT c FROM sbtest1 WHERE id=2476427
	-> Rows fetched before execution  (cost=0..0 rows=1)


table 2 : explain SELECT c FROM sbtest2 WHERE id=1437048
	-> Rows fetched before execution  (cost=0..0 rows=1)


table 3 : explain SELECT c FROM sbtest3 WHERE id=2304228
	-> Rows fetched before execution  (cost=0..0 rows=1)


table 4 : explain SELECT c FROM sbtest4 WHERE id=8714656
	-> Rows fetched before execution  (cost=0..0 rows=1)


table 5 : explain SELECT c FROM sbtest5 WHERE id=546564
	-> Rows fetched before execution  (cost=0..0 rows=1)


table 6 : explain SELECT c FROM sbtest6 WHERE id=6100967
	-> Rows fetched before execution  (cost=0..0 rows=1)


table 7 : explain SELECT c FROM sbtest7 WHERE id=9086351
	-> Rows fetched before execution  (cost=0..0 rows=1)


table 8 : explain SELECT c FROM sbtest8 WHERE id=7671620
	-> Rows fetched before execution  (cost=0..0 rows=1)


for point_selects
table 1 : explain SELECT c FROM sbtest1 WHERE id=4843859
	-> Rows fetched before execution  (cost=0..0 rows=1)


table 2 : explain SELECT c FROM sbtest2 WHERE id=3629667
	-> Rows fetched before execution  (cost=0..0 rows=1)


table 3 : explain SELECT c FROM sbtest3 WHERE id=5016634
	-> Rows fetched before execution  (cost=0..0 rows=1)


table 4 : explain SELECT c FROM sbtest4 WHERE id=6098669
	-> Rows fetched before execution  (cost=0..0 rows=1)


table 5 : explain SELECT c FROM sbtest5 WHERE id=6589193
	-> Rows fetched before execution  (cost=0..0 rows=1)


table 6 : explain SELECT c FROM sbtest6 WHERE id=8705208
	-> Rows fetched before execution  (cost=0..0 rows=1)


table 7 : explain SELECT c FROM sbtest7 WHERE id=4317335
	-> Rows fetched before execution  (cost=0..0 rows=1)


table 8 : explain SELECT c FROM sbtest8 WHERE id=7976026
	-> Rows fetched before execution  (cost=0..0 rows=1)


for point_selects
table 1 : explain SELECT c FROM sbtest1 WHERE id=6394724
	-> Rows fetched before execution  (cost=0..0 rows=1)


table 2 : explain SELECT c FROM sbtest2 WHERE id=7637835
	-> Rows fetched before execution  (cost=0..0 rows=1)


table 3 : explain SELECT c FROM sbtest3 WHERE id=2026672
	-> Rows fetched before execution  (cost=0..0 rows=1)


table 4 : explain SELECT c FROM sbtest4 WHERE id=6505634
	-> Rows fetched before execution  (cost=0..0 rows=1)


table 5 : explain SELECT c FROM sbtest5 WHERE id=9667436
	-> Rows fetched before execution  (cost=0..0 rows=1)


table 6 : explain SELECT c FROM sbtest6 WHERE id=2343240
	-> Rows fetched before execution  (cost=0..0 rows=1)


table 7 : explain SELECT c FROM sbtest7 WHERE id=9497624
	-> Rows fetched before execution  (cost=0..0 rows=1)


table 8 : explain SELECT c FROM sbtest8 WHERE id=2567250
	-> Rows fetched before execution  (cost=0..0 rows=1)


for point_selects
table 1 : explain SELECT c FROM sbtest1 WHERE id=8031903
	-> Rows fetched before execution  (cost=0..0 rows=1)


table 2 : explain SELECT c FROM sbtest2 WHERE id=9007708
	-> Rows fetched before execution  (cost=0..0 rows=1)


table 3 : explain SELECT c FROM sbtest3 WHERE id=8902241
	-> Rows fetched before execution  (cost=0..0 rows=1)


table 4 : explain SELECT c FROM sbtest4 WHERE id=4236238
	-> Rows fetched before execution  (cost=0..0 rows=1)


table 5 : explain SELECT c FROM sbtest5 WHERE id=7040662
	-> Rows fetched before execution  (cost=0..0 rows=1)


table 6 : explain SELECT c FROM sbtest6 WHERE id=3926190
	-> Rows fetched before execution  (cost=0..0 rows=1)


table 7 : explain SELECT c FROM sbtest7 WHERE id=7754193
	-> Rows fetched before execution  (cost=0..0 rows=1)


table 8 : explain SELECT c FROM sbtest8 WHERE id=2821565
	-> Rows fetched before execution  (cost=0..0 rows=1)


for point_selects
table 1 : explain SELECT c FROM sbtest1 WHERE id=5940133
	-> Rows fetched before execution  (cost=0..0 rows=1)


table 2 : explain SELECT c FROM sbtest2 WHERE id=7766735
	-> Rows fetched before execution  (cost=0..0 rows=1)


table 3 : explain SELECT c FROM sbtest3 WHERE id=9470647
	-> Rows fetched before execution  (cost=0..0 rows=1)


table 4 : explain SELECT c FROM sbtest4 WHERE id=3629739
	-> Rows fetched before execution  (cost=0..0 rows=1)


table 5 : explain SELECT c FROM sbtest5 WHERE id=609715
	-> Rows fetched before execution  (cost=0..0 rows=1)


table 6 : explain SELECT c FROM sbtest6 WHERE id=481816
	-> Rows fetched before execution  (cost=0..0 rows=1)


table 7 : explain SELECT c FROM sbtest7 WHERE id=4186045
	-> Rows fetched before execution  (cost=0..0 rows=1)


table 8 : explain SELECT c FROM sbtest8 WHERE id=6710063
	-> Rows fetched before execution  (cost=0..0 rows=1)


for point_selects
table 1 : explain SELECT c FROM sbtest1 WHERE id=3015160
	-> Rows fetched before execution  (cost=0..0 rows=1)


table 2 : explain SELECT c FROM sbtest2 WHERE id=9673623
	-> Rows fetched before execution  (cost=0..0 rows=1)


table 3 : explain SELECT c FROM sbtest3 WHERE id=6430760
	-> Rows fetched before execution  (cost=0..0 rows=1)


table 4 : explain SELECT c FROM sbtest4 WHERE id=7616418
	-> Rows fetched before execution  (cost=0..0 rows=1)


table 5 : explain SELECT c FROM sbtest5 WHERE id=791994
	-> Rows fetched before execution  (cost=0..0 rows=1)


table 6 : explain SELECT c FROM sbtest6 WHERE id=4852137
	-> Rows fetched before execution  (cost=0..0 rows=1)


table 7 : explain SELECT c FROM sbtest7 WHERE id=7877835
	-> Rows fetched before execution  (cost=0..0 rows=1)


table 8 : explain SELECT c FROM sbtest8 WHERE id=3541005
	-> Rows fetched before execution  (cost=0..0 rows=1)


explain: for point_selects :: explain SELECT c FROM sbtest%u WHERE id=%uexplain: for point_selects :: explain SELECT c FROM sbtest%u WHERE id=%u

for point_selects
table 1 : explain SELECT c FROM sbtest1 WHERE id=4383193
	-> Rows fetched before execution  (cost=0..0 rows=1)


table 2 : explain SELECT c FROM sbtest2 WHERE id=8980618
	-> Rows fetched before execution  (cost=0..0 rows=1)


table 3 : explain SELECT c FROM sbtest3 WHERE id=6800097
	-> Rows fetched before execution  (cost=0..0 rows=1)


table 4 : explain SELECT c FROM sbtest4 WHERE id=806421
	-> Rows fetched before execution  (cost=0..0 rows=1)


table 5 : explain SELECT c FROM sbtest5 WHERE id=8196653
	-> Rows fetched before execution  (cost=0..0 rows=1)


table 6 : explain SELECT c FROM sbtest6 WHERE id=5723171
	-> Rows fetched before execution  (cost=0..0 rows=1)


table 7 : explain SELECT c FROM sbtest7 WHERE id=9231451
	-> Rows fetched before execution  (cost=0..0 rows=1)


table 8 : explain SELECT c FROM sbtest8 WHERE id=784232
	-> Rows fetched before execution  (cost=0..0 rows=1)


for point_selects
table 1 : explain SELECT c FROM sbtest1 WHERE id=7530693
	-> Rows fetched before execution  (cost=0..0 rows=1)


table 2 : explain SELECT c FROM sbtest2 WHERE id=7753085
	-> Rows fetched before execution  (cost=0..0 rows=1)


table 3 : explain SELECT c FROM sbtest3 WHERE id=9914038
	-> Rows fetched before execution  (cost=0..0 rows=1)


table 4 : explain SELECT c FROM sbtest4 WHERE id=7383462
	-> Rows fetched before execution  (cost=0..0 rows=1)


table 5 : explain SELECT c FROM sbtest5 WHERE id=7137311
	-> Rows fetched before execution  (cost=0..0 rows=1)


table 6 : explain SELECT c FROM sbtest6 WHERE id=6646877
	-> Rows fetched before execution  (cost=0..0 rows=1)


table 7 : explain SELECT c FROM sbtest7 WHERE id=8843056
	-> Rows fetched before execution  (cost=0..0 rows=1)


table 8 : explain SELECT c FROM sbtest8 WHERE id=7211493
	-> Rows fetched before execution  (cost=0..0 rows=1)


explain: for point_selects :: explain SELECT c FROM sbtest%u WHERE id=%u
for point_selects
table 1 : explain SELECT c FROM sbtest1 WHERE id=5934680
	-> Rows fetched before execution  (cost=0..0 rows=1)


table 2 : explain SELECT c FROM sbtest2 WHERE id=5925625
	-> Rows fetched before execution  (cost=0..0 rows=1)


table 3 : explain SELECT c FROM sbtest3 WHERE id=5841157
	-> Rows fetched before execution  (cost=0..0 rows=1)


table 4 : explain SELECT c FROM sbtest4 WHERE id=151047
	-> Rows fetched before execution  (cost=0..0 rows=1)


table 5 : explain SELECT c FROM sbtest5 WHERE id=9977324
	-> Rows fetched before execution  (cost=0..0 rows=1)


table 6 : explain SELECT c FROM sbtest6 WHERE id=5044527
	-> Rows fetched before execution  (cost=0..0 rows=1)


table 7 : explain SELECT c FROM sbtest7 WHERE id=751062
	-> Rows fetched before execution  (cost=0..0 rows=1)


table 8 : explain SELECT c FROM sbtest8 WHERE id=1505356
	-> Rows fetched before execution  (cost=0..0 rows=1)


explain: for point_selects :: explain SELECT c FROM sbtest%u WHERE id=%u
explain: for point_selects :: explain SELECT c FROM sbtest%u WHERE id=%u
for point_selects
table 1 : explain SELECT c FROM sbtest1 WHERE id=5674825
	-> Rows fetched before execution  (cost=0..0 rows=1)


table 2 : explain SELECT c FROM sbtest2 WHERE id=4416265
	-> Rows fetched before execution  (cost=0..0 rows=1)


table 3 : explain SELECT c FROM sbtest3 WHERE id=8743728
	-> Rows fetched before execution  (cost=0..0 rows=1)


table 4 : explain SELECT c FROM sbtest4 WHERE id=1845278
	-> Rows fetched before execution  (cost=0..0 rows=1)


table 5 : explain SELECT c FROM sbtest5 WHERE id=7782056
	-> Rows fetched before execution  (cost=0..0 rows=1)


table 6 : explain SELECT c FROM sbtest6 WHERE id=6564137
	-> Rows fetched before execution  (cost=0..0 rows=1)


table 7 : explain SELECT c FROM sbtest7 WHERE id=8656059
	-> Rows fetched before execution  (cost=0..0 rows=1)


table 8 : explain SELECT c FROM sbtest8 WHERE id=6572017
	-> Rows fetched before execution  (cost=0..0 rows=1)


explain: for point_selects :: explain SELECT c FROM sbtest%u WHERE id=%u
explain: for point_selects :: explain SELECT c FROM sbtest%u WHERE id=%u
explain: for point_selects :: explain SELECT c FROM sbtest%u WHERE id=%u
explain: for point_selects :: explain SELECT c FROM sbtest%u WHERE id=%u
explain: for point_selects :: explain SELECT c FROM sbtest%u WHERE id=%u
explain: for point_selects :: explain SELECT c FROM sbtest%u WHERE id=%u
explain: for point_selects :: explain SELECT c FROM sbtest%u WHERE id=%u
for: simple_ranges
table 1 : explain SELECT c FROM sbtest1 WHERE id BETWEEN 8314017 AND 8314116
	-> Filter: (sbtest1.id between 8314017 and 8314116)  (cost=20.4 rows=100)
    -> Index range scan on sbtest1 using PRIMARY over (8314017 <= id <= 8314116)  (cost=20.4 rows=100)


table 2 : explain SELECT c FROM sbtest2 WHERE id BETWEEN 797316 AND 797415
	-> Filter: (sbtest2.id between 797316 and 797415)  (cost=20.4 rows=100)
    -> Index range scan on sbtest2 using PRIMARY over (797316 <= id <= 797415)  (cost=20.4 rows=100)


table 3 : explain SELECT c FROM sbtest3 WHERE id BETWEEN 2818786 AND 2818885
	-> Filter: (sbtest3.id between 2818786 and 2818885)  (cost=20.4 rows=100)
    -> Index range scan on sbtest3 using PRIMARY over (2818786 <= id <= 2818885)  (cost=20.4 rows=100)


table 4 : explain SELECT c FROM sbtest4 WHERE id BETWEEN 7016173 AND 7016272
	-> Filter: (sbtest4.id between 7016173 and 7016272)  (cost=20.4 rows=100)
    -> Index range scan on sbtest4 using PRIMARY over (7016173 <= id <= 7016272)  (cost=20.4 rows=100)


table 5 : explain SELECT c FROM sbtest5 WHERE id BETWEEN 1034741 AND 1034840
	-> Filter: (sbtest5.id between 1034741 and 1034840)  (cost=20.4 rows=100)
    -> Index range scan on sbtest5 using PRIMARY over (1034741 <= id <= 1034840)  (cost=20.4 rows=100)


table 6 : explain SELECT c FROM sbtest6 WHERE id BETWEEN 3617733 AND 3617832
	-> Filter: (sbtest6.id between 3617733 and 3617832)  (cost=20.4 rows=100)
    -> Index range scan on sbtest6 using PRIMARY over (3617733 <= id <= 3617832)  (cost=20.4 rows=100)


table 7 : explain SELECT c FROM sbtest7 WHERE id BETWEEN 4248026 AND 4248125
	-> Filter: (sbtest7.id between 4248026 and 4248125)  (cost=20.4 rows=100)
    -> Index range scan on sbtest7 using PRIMARY over (4248026 <= id <= 4248125)  (cost=20.4 rows=100)


table 8 : explain SELECT c FROM sbtest8 WHERE id BETWEEN 3540277 AND 3540376
	-> Filter: (sbtest8.id between 3540277 and 3540376)  (cost=20.4 rows=100)
    -> Index range scan on sbtest8 using PRIMARY over (3540277 <= id <= 3540376)  (cost=20.4 rows=100)


explain: for point_selects :: explain SELECT c FROM sbtest%u WHERE id=%u
for point_selects
table 1 : explain SELECT c FROM sbtest1 WHERE id=3921200
	-> Rows fetched before execution  (cost=0..0 rows=1)


table 2 : explain SELECT c FROM sbtest2 WHERE id=5647343
	-> Rows fetched before execution  (cost=0..0 rows=1)


table 3 : explain SELECT c FROM sbtest3 WHERE id=290266
	-> Rows fetched before execution  (cost=0..0 rows=1)


table 4 : explain SELECT c FROM sbtest4 WHERE id=8806957
	-> Rows fetched before execution  (cost=0..0 rows=1)


table 5 : explain SELECT c FROM sbtest5 WHERE id=1851588
	-> Rows fetched before execution  (cost=0..0 rows=1)


table 6 : explain SELECT c FROM sbtest6 WHERE id=2828611
	-> Rows fetched before execution  (cost=0..0 rows=1)


table 7 : explain SELECT c FROM sbtest7 WHERE id=6797231
	-> Rows fetched before execution  (cost=0..0 rows=1)


table 8 : explain SELECT c FROM sbtest8 WHERE id=3121961
	-> Rows fetched before execution  (cost=0..0 rows=1)


for point_selects
table 1 : explain SELECT c FROM sbtest1 WHERE id=6101743
	-> Rows fetched before execution  (cost=0..0 rows=1)


table 2 : explain SELECT c FROM sbtest2 WHERE id=1092665
	-> Rows fetched before execution  (cost=0..0 rows=1)


table 3 : explain SELECT c FROM sbtest3 WHERE id=7644810
	-> Rows fetched before execution  (cost=0..0 rows=1)


table 4 : explain SELECT c FROM sbtest4 WHERE id=6646621
	-> Rows fetched before execution  (cost=0..0 rows=1)


table 5 : explain SELECT c FROM sbtest5 WHERE id=3388650
	-> Rows fetched before execution  (cost=0..0 rows=1)


table 6 : explain SELECT c FROM sbtest6 WHERE id=4178221
	-> Rows fetched before execution  (cost=0..0 rows=1)


table 7 : explain SELECT c FROM sbtest7 WHERE id=2939389
	-> Rows fetched before execution  (cost=0..0 rows=1)


table 8 : explain SELECT c FROM sbtest8 WHERE id=8508493
	-> Rows fetched before execution  (cost=0..0 rows=1)


explain: for point_selects :: explain SELECT c FROM sbtest%u WHERE id=%u
explain: for point_selects :: explain SELECT c FROM sbtest%u WHERE id=%u
for point_selects
table 1 : explain SELECT c FROM sbtest1 WHERE id=7216875
	-> Rows fetched before execution  (cost=0..0 rows=1)


table 2 : explain SELECT c FROM sbtest2 WHERE id=1425056
	-> Rows fetched before execution  (cost=0..0 rows=1)


table 3 : explain SELECT c FROM sbtest3 WHERE id=8509821
	-> Rows fetched before execution  (cost=0..0 rows=1)


table 4 : explain SELECT c FROM sbtest4 WHERE id=236512
	-> Rows fetched before execution  (cost=0..0 rows=1)


table 5 : explain SELECT c FROM sbtest5 WHERE id=921369
	-> Rows fetched before execution  (cost=0..0 rows=1)


table 6 : explain SELECT c FROM sbtest6 WHERE id=6063588
	-> Rows fetched before execution  (cost=0..0 rows=1)


table 7 : explain SELECT c FROM sbtest7 WHERE id=8731557
	-> Rows fetched before execution  (cost=0..0 rows=1)


table 8 : explain SELECT c FROM sbtest8 WHERE id=7713877
	-> Rows fetched before execution  (cost=0..0 rows=1)


explain: for point_selects :: explain SELECT c FROM sbtest%u WHERE id=%u
explain: for point_selects :: explain SELECT c FROM sbtest%u WHERE id=%u
for: simple_ranges
table 1 : explain SELECT c FROM sbtest1 WHERE id BETWEEN 7136535 AND 7136634
	-> Filter: (sbtest1.id between 7136535 and 7136634)  (cost=20.4 rows=100)
    -> Index range scan on sbtest1 using PRIMARY over (7136535 <= id <= 7136634)  (cost=20.4 rows=100)


table 2 : explain SELECT c FROM sbtest2 WHERE id BETWEEN 1830686 AND 1830785
	-> Filter: (sbtest2.id between 1830686 and 1830785)  (cost=20.4 rows=100)
    -> Index range scan on sbtest2 using PRIMARY over (1830686 <= id <= 1830785)  (cost=20.4 rows=100)


table 3 : explain SELECT c FROM sbtest3 WHERE id BETWEEN 9839548 AND 9839647
	-> Filter: (sbtest3.id between 9839548 and 9839647)  (cost=20.4 rows=100)
    -> Index range scan on sbtest3 using PRIMARY over (9839548 <= id <= 9839647)  (cost=20.4 rows=100)


table 4 : explain SELECT c FROM sbtest4 WHERE id BETWEEN 9157886 AND 9157985
	-> Filter: (sbtest4.id between 9157886 and 9157985)  (cost=20.4 rows=100)
    -> Index range scan on sbtest4 using PRIMARY over (9157886 <= id <= 9157985)  (cost=20.4 rows=100)


table 5 : explain SELECT c FROM sbtest5 WHERE id BETWEEN 5712681 AND 5712780
	-> Filter: (sbtest5.id between 5712681 and 5712780)  (cost=20.4 rows=100)
    -> Index range scan on sbtest5 using PRIMARY over (5712681 <= id <= 5712780)  (cost=20.4 rows=100)


table 6 : explain SELECT c FROM sbtest6 WHERE id BETWEEN 1565377 AND 1565476
	-> Filter: (sbtest6.id between 1565377 and 1565476)  (cost=20.4 rows=100)
    -> Index range scan on sbtest6 using PRIMARY over (1565377 <= id <= 1565476)  (cost=20.4 rows=100)


table 7 : explain SELECT c FROM sbtest7 WHERE id BETWEEN 5631723 AND 5631822
	-> Filter: (sbtest7.id between 5631723 and 5631822)  (cost=20.4 rows=100)
    -> Index range scan on sbtest7 using PRIMARY over (5631723 <= id <= 5631822)  (cost=20.4 rows=100)


table 8 : explain SELECT c FROM sbtest8 WHERE id BETWEEN 9056469 AND 9056568
	-> Filter: (sbtest8.id between 9056469 and 9056568)  (cost=20.4 rows=100)
    -> Index range scan on sbtest8 using PRIMARY over (9056469 <= id <= 9056568)  (cost=20.4 rows=100)


for: simple_ranges
table 1 : explain SELECT c FROM sbtest1 WHERE id BETWEEN 3539297 AND 3539396
	-> Filter: (sbtest1.id between 3539297 and 3539396)  (cost=20.4 rows=100)
    -> Index range scan on sbtest1 using PRIMARY over (3539297 <= id <= 3539396)  (cost=20.4 rows=100)


table 2 : explain SELECT c FROM sbtest2 WHERE id BETWEEN 2254473 AND 2254572
	-> Filter: (sbtest2.id between 2254473 and 2254572)  (cost=20.4 rows=100)
    -> Index range scan on sbtest2 using PRIMARY over (2254473 <= id <= 2254572)  (cost=20.4 rows=100)


table 3 : explain SELECT c FROM sbtest3 WHERE id BETWEEN 9281083 AND 9281182
	-> Filter: (sbtest3.id between 9281083 and 9281182)  (cost=20.4 rows=100)
    -> Index range scan on sbtest3 using PRIMARY over (9281083 <= id <= 9281182)  (cost=20.4 rows=100)


table 4 : explain SELECT c FROM sbtest4 WHERE id BETWEEN 4883020 AND 4883119
	-> Filter: (sbtest4.id between 4883020 and 4883119)  (cost=20.4 rows=100)
    -> Index range scan on sbtest4 using PRIMARY over (4883020 <= id <= 4883119)  (cost=20.4 rows=100)


table 5 : explain SELECT c FROM sbtest5 WHERE id BETWEEN 3303107 AND 3303206
	-> Filter: (sbtest5.id between 3303107 and 3303206)  (cost=20.4 rows=100)
    -> Index range scan on sbtest5 using PRIMARY over (3303107 <= id <= 3303206)  (cost=20.4 rows=100)


table 6 : explain SELECT c FROM sbtest6 WHERE id BETWEEN 5529549 AND 5529648
	-> Filter: (sbtest6.id between 5529549 and 5529648)  (cost=20.4 rows=100)
    -> Index range scan on sbtest6 using PRIMARY over (5529549 <= id <= 5529648)  (cost=20.4 rows=100)


table 7 : explain SELECT c FROM sbtest7 WHERE id BETWEEN 8801541 AND 8801640
	-> Filter: (sbtest7.id between 8801541 and 8801640)  (cost=20.4 rows=100)
    -> Index range scan on sbtest7 using PRIMARY over (8801541 <= id <= 8801640)  (cost=20.4 rows=100)


table 8 : explain SELECT c FROM sbtest8 WHERE id BETWEEN 9706821 AND 9706920
	-> Filter: (sbtest8.id between 9706821 and 9706920)  (cost=20.4 rows=100)
    -> Index range scan on sbtest8 using PRIMARY over (9706821 <= id <= 9706920)  (cost=20.4 rows=100)


for: simple_ranges
table 1 : explain SELECT c FROM sbtest1 WHERE id BETWEEN 3571973 AND 3572072
	-> Filter: (sbtest1.id between 3571973 and 3572072)  (cost=20.4 rows=100)
    -> Index range scan on sbtest1 using PRIMARY over (3571973 <= id <= 3572072)  (cost=20.4 rows=100)


table 2 : explain SELECT c FROM sbtest2 WHERE id BETWEEN 3995550 AND 3995649
	-> Filter: (sbtest2.id between 3995550 and 3995649)  (cost=20.4 rows=100)
    -> Index range scan on sbtest2 using PRIMARY over (3995550 <= id <= 3995649)  (cost=20.4 rows=100)


table 3 : explain SELECT c FROM sbtest3 WHERE id BETWEEN 3747038 AND 3747137
	-> Filter: (sbtest3.id between 3747038 and 3747137)  (cost=20.4 rows=100)
    -> Index range scan on sbtest3 using PRIMARY over (3747038 <= id <= 3747137)  (cost=20.4 rows=100)


table 4 : explain SELECT c FROM sbtest4 WHERE id BETWEEN 1263284 AND 1263383
	-> Filter: (sbtest4.id between 1263284 and 1263383)  (cost=20.4 rows=100)
    -> Index range scan on sbtest4 using PRIMARY over (1263284 <= id <= 1263383)  (cost=20.4 rows=100)


table 5 : explain SELECT c FROM sbtest5 WHERE id BETWEEN 5761972 AND 5762071
	-> Filter: (sbtest5.id between 5761972 and 5762071)  (cost=20.4 rows=100)
    -> Index range scan on sbtest5 using PRIMARY over (5761972 <= id <= 5762071)  (cost=20.4 rows=100)


table 6 : explain SELECT c FROM sbtest6 WHERE id BETWEEN 4306877 AND 4306976
	-> Filter: (sbtest6.id between 4306877 and 4306976)  (cost=20.4 rows=100)
    -> Index range scan on sbtest6 using PRIMARY over (4306877 <= id <= 4306976)  (cost=20.4 rows=100)


table 7 : explain SELECT c FROM sbtest7 WHERE id BETWEEN 2744408 AND 2744507
	-> Filter: (sbtest7.id between 2744408 and 2744507)  (cost=20.4 rows=100)
    -> Index range scan on sbtest7 using PRIMARY over (2744408 <= id <= 2744507)  (cost=20.4 rows=100)


table 8 : explain SELECT c FROM sbtest8 WHERE id BETWEEN 8056132 AND 8056231
	-> Filter: (sbtest8.id between 8056132 and 8056231)  (cost=20.4 rows=100)
    -> Index range scan on sbtest8 using PRIMARY over (8056132 <= id <= 8056231)  (cost=20.4 rows=100)


for point_selects
table 1 : explain SELECT c FROM sbtest1 WHERE id=4694497
	-> Rows fetched before execution  (cost=0..0 rows=1)


table 2 : explain SELECT c FROM sbtest2 WHERE id=112223
	-> Rows fetched before execution  (cost=0..0 rows=1)


table 3 : explain SELECT c FROM sbtest3 WHERE id=7658215
	-> Rows fetched before execution  (cost=0..0 rows=1)


table 4 : explain SELECT c FROM sbtest4 WHERE id=2161472
	-> Rows fetched before execution  (cost=0..0 rows=1)


table 5 : explain SELECT c FROM sbtest5 WHERE id=5353735
	-> Rows fetched before execution  (cost=0..0 rows=1)


table 6 : explain SELECT c FROM sbtest6 WHERE id=2284188
	-> Rows fetched before execution  (cost=0..0 rows=1)


table 7 : explain SELECT c FROM sbtest7 WHERE id=7144497
	-> Rows fetched before execution  (cost=0..0 rows=1)


table 8 : explain SELECT c FROM sbtest8 WHERE id=1795113
	-> Rows fetched before execution  (cost=0..0 rows=1)


for point_selects
table 1 : explain SELECT c FROM sbtest1 WHERE id=4894004
	-> Rows fetched before execution  (cost=0..0 rows=1)


table 2 : explain SELECT c FROM sbtest2 WHERE id=9775363
	-> Rows fetched before execution  (cost=0..0 rows=1)


table 3 : explain SELECT c FROM sbtest3 WHERE id=2549381
	-> Rows fetched before execution  (cost=0..0 rows=1)


table 4 : explain SELECT c FROM sbtest4 WHERE id=8975499
	-> Rows fetched before execution  (cost=0..0 rows=1)


table 5 : explain SELECT c FROM sbtest5 WHERE id=7429222
	-> Rows fetched before execution  (cost=0..0 rows=1)


table 6 : explain SELECT c FROM sbtest6 WHERE id=2264515
	-> Rows fetched before execution  (cost=0..0 rows=1)


table 7 : explain SELECT c FROM sbtest7 WHERE id=8480825
	-> Rows fetched before execution  (cost=0..0 rows=1)


table 8 : explain SELECT c FROM sbtest8 WHERE id=1465573
	-> Rows fetched before execution  (cost=0..0 rows=1)


explain: for point_selects :: explain SELECT c FROM sbtest%u WHERE id=%u
explain: for point_selects :: explain SELECT c FROM sbtest%u WHERE id=%u
for point_selects
table 1 : explain SELECT c FROM sbtest1 WHERE id=2442705
	-> Rows fetched before execution  (cost=0..0 rows=1)


table 2 : explain SELECT c FROM sbtest2 WHERE id=7581289
	-> Rows fetched before execution  (cost=0..0 rows=1)


table 3 : explain SELECT c FROM sbtest3 WHERE id=8822179
	-> Rows fetched before execution  (cost=0..0 rows=1)


table 4 : explain SELECT c FROM sbtest4 WHERE id=735023
	-> Rows fetched before execution  (cost=0..0 rows=1)


table 5 : explain SELECT c FROM sbtest5 WHERE id=6939383
	-> Rows fetched before execution  (cost=0..0 rows=1)


table 6 : explain SELECT c FROM sbtest6 WHERE id=7734034
	-> Rows fetched before execution  (cost=0..0 rows=1)


table 7 : explain SELECT c FROM sbtest7 WHERE id=3465355
	-> Rows fetched before execution  (cost=0..0 rows=1)


table 8 : explain SELECT c FROM sbtest8 WHERE id=4644271
	-> Rows fetched before execution  (cost=0..0 rows=1)


for point_selects
table 1 : explain SELECT c FROM sbtest1 WHERE id=7419670
	-> Rows fetched before execution  (cost=0..0 rows=1)


table 2 : explain SELECT c FROM sbtest2 WHERE id=2167522
	-> Rows fetched before execution  (cost=0..0 rows=1)


table 3 : explain SELECT c FROM sbtest3 WHERE id=7686172
	-> Rows fetched before execution  (cost=0..0 rows=1)


table 4 : explain SELECT c FROM sbtest4 WHERE id=3388712
	-> Rows fetched before execution  (cost=0..0 rows=1)


table 5 : explain SELECT c FROM sbtest5 WHERE id=8494947
	-> Rows fetched before execution  (cost=0..0 rows=1)


table 6 : explain SELECT c FROM sbtest6 WHERE id=7497377
	-> Rows fetched before execution  (cost=0..0 rows=1)


table 7 : explain SELECT c FROM sbtest7 WHERE id=8073860
	-> Rows fetched before execution  (cost=0..0 rows=1)


table 8 : explain SELECT c FROM sbtest8 WHERE id=6934510
	-> Rows fetched before execution  (cost=0..0 rows=1)


explain: for point_selects :: explain SELECT c FROM sbtest%u WHERE id=%u
for point_selects
table 1 : explain SELECT c FROM sbtest1 WHERE id=6766146
	-> Rows fetched before execution  (cost=0..0 rows=1)


table 2 : explain SELECT c FROM sbtest2 WHERE id=848601
	-> Rows fetched before execution  (cost=0..0 rows=1)


table 3 : explain SELECT c FROM sbtest3 WHERE id=8139671
	-> Rows fetched before execution  (cost=0..0 rows=1)


table 4 : explain SELECT c FROM sbtest4 WHERE id=8198981
	-> Rows fetched before execution  (cost=0..0 rows=1)


table 5 : explain SELECT c FROM sbtest5 WHERE id=5987048
	-> Rows fetched before execution  (cost=0..0 rows=1)


table 6 : explain SELECT c FROM sbtest6 WHERE id=5348981
	-> Rows fetched before execution  (cost=0..0 rows=1)


table 7 : explain SELECT c FROM sbtest7 WHERE id=7321970
	-> Rows fetched before execution  (cost=0..0 rows=1)


table 8 : explain SELECT c FROM sbtest8 WHERE id=3072437
	-> Rows fetched before execution  (cost=0..0 rows=1)


for point_selects
table 1 : explain SELECT c FROM sbtest1 WHERE id=4289614
	-> Rows fetched before execution  (cost=0..0 rows=1)


table 2 : explain SELECT c FROM sbtest2 WHERE id=8183334
	-> Rows fetched before execution  (cost=0..0 rows=1)


table 3 : explain SELECT c FROM sbtest3 WHERE id=1200565
	-> Rows fetched before execution  (cost=0..0 rows=1)


table 4 : explain SELECT c FROM sbtest4 WHERE id=1033192
	-> Rows fetched before execution  (cost=0..0 rows=1)


table 5 : explain SELECT c FROM sbtest5 WHERE id=8428497
	-> Rows fetched before execution  (cost=0..0 rows=1)


table 6 : explain SELECT c FROM sbtest6 WHERE id=2342735
	-> Rows fetched before execution  (cost=0..0 rows=1)


table 7 : explain SELECT c FROM sbtest7 WHERE id=6498879
	-> Rows fetched before execution  (cost=0..0 rows=1)


table 8 : explain SELECT c FROM sbtest8 WHERE id=2816240
	-> Rows fetched before execution  (cost=0..0 rows=1)


for: simple_ranges
table 1 : explain SELECT c FROM sbtest1 WHERE id BETWEEN 5637244 AND 5637343
	-> Filter: (sbtest1.id between 5637244 and 5637343)  (cost=20.4 rows=100)
    -> Index range scan on sbtest1 using PRIMARY over (5637244 <= id <= 5637343)  (cost=20.4 rows=100)


table 2 : explain SELECT c FROM sbtest2 WHERE id BETWEEN 5555172 AND 5555271
	-> Filter: (sbtest2.id between 5555172 and 5555271)  (cost=20.4 rows=100)
    -> Index range scan on sbtest2 using PRIMARY over (5555172 <= id <= 5555271)  (cost=20.4 rows=100)


table 3 : explain SELECT c FROM sbtest3 WHERE id BETWEEN 936611 AND 936710
	-> Filter: (sbtest3.id between 936611 and 936710)  (cost=20.4 rows=100)
    -> Index range scan on sbtest3 using PRIMARY over (936611 <= id <= 936710)  (cost=20.4 rows=100)


table 4 : explain SELECT c FROM sbtest4 WHERE id BETWEEN 2261942 AND 2262041
	-> Filter: (sbtest4.id between 2261942 and 2262041)  (cost=20.4 rows=100)
    -> Index range scan on sbtest4 using PRIMARY over (2261942 <= id <= 2262041)  (cost=20.4 rows=100)


table 5 : explain SELECT c FROM sbtest5 WHERE id BETWEEN 659879 AND 659978
	-> Filter: (sbtest5.id between 659879 and 659978)  (cost=20.4 rows=100)
    -> Index range scan on sbtest5 using PRIMARY over (659879 <= id <= 659978)  (cost=20.4 rows=100)


table 6 : explain SELECT c FROM sbtest6 WHERE id BETWEEN 6812094 AND 6812193
	-> Filter: (sbtest6.id between 6812094 and 6812193)  (cost=20.4 rows=100)
    -> Index range scan on sbtest6 using PRIMARY over (6812094 <= id <= 6812193)  (cost=20.4 rows=100)


table 7 : explain SELECT c FROM sbtest7 WHERE id BETWEEN 4122616 AND 4122715
	-> Filter: (sbtest7.id between 4122616 and 4122715)  (cost=20.4 rows=100)
    -> Index range scan on sbtest7 using PRIMARY over (4122616 <= id <= 4122715)  (cost=20.4 rows=100)


table 8 : explain SELECT c FROM sbtest8 WHERE id BETWEEN 3606482 AND 3606581
	-> Filter: (sbtest8.id between 3606482 and 3606581)  (cost=20.4 rows=100)
    -> Index range scan on sbtest8 using PRIMARY over (3606482 <= id <= 3606581)  (cost=20.4 rows=100)


explain: for point_selects :: explain SELECT c FROM sbtest%u WHERE id=%u
for: simple_ranges
table 1 : explain SELECT c FROM sbtest1 WHERE id BETWEEN 8345668 AND 8345767
	-> Filter: (sbtest1.id between 8345668 and 8345767)  (cost=20.4 rows=100)
    -> Index range scan on sbtest1 using PRIMARY over (8345668 <= id <= 8345767)  (cost=20.4 rows=100)


table 2 : explain SELECT c FROM sbtest2 WHERE id BETWEEN 6424654 AND 6424753
	-> Filter: (sbtest2.id between 6424654 and 6424753)  (cost=20.4 rows=100)
    -> Index range scan on sbtest2 using PRIMARY over (6424654 <= id <= 6424753)  (cost=20.4 rows=100)


table 3 : explain SELECT c FROM sbtest3 WHERE id BETWEEN 110082 AND 110181
	-> Filter: (sbtest3.id between 110082 and 110181)  (cost=20.4 rows=100)
    -> Index range scan on sbtest3 using PRIMARY over (110082 <= id <= 110181)  (cost=20.4 rows=100)


table 4 : explain SELECT c FROM sbtest4 WHERE id BETWEEN 6546280 AND 6546379
	-> Filter: (sbtest4.id between 6546280 and 6546379)  (cost=20.4 rows=100)
    -> Index range scan on sbtest4 using PRIMARY over (6546280 <= id <= 6546379)  (cost=20.4 rows=100)


table 5 : explain SELECT c FROM sbtest5 WHERE id BETWEEN 9511316 AND 9511415
	-> Filter: (sbtest5.id between 9511316 and 9511415)  (cost=20.4 rows=100)
    -> Index range scan on sbtest5 using PRIMARY over (9511316 <= id <= 9511415)  (cost=20.4 rows=100)


table 6 : explain SELECT c FROM sbtest6 WHERE id BETWEEN 4597209 AND 4597308
	-> Filter: (sbtest6.id between 4597209 and 4597308)  (cost=20.4 rows=100)
    -> Index range scan on sbtest6 using PRIMARY over (4597209 <= id <= 4597308)  (cost=20.4 rows=100)


table 7 : explain SELECT c FROM sbtest7 WHERE id BETWEEN 7627426 AND 7627525
	-> Filter: (sbtest7.id between 7627426 and 7627525)  (cost=20.4 rows=100)
    -> Index range scan on sbtest7 using PRIMARY over (7627426 <= id <= 7627525)  (cost=20.4 rows=100)


table 8 : explain SELECT c FROM sbtest8 WHERE id BETWEEN 9072521 AND 9072620
	-> Filter: (sbtest8.id between 9072521 and 9072620)  (cost=20.4 rows=100)
    -> Index range scan on sbtest8 using PRIMARY over (9072521 <= id <= 9072620)  (cost=20.4 rows=100)


for point_selects
table 1 : explain SELECT c FROM sbtest1 WHERE id=3279335
	-> Rows fetched before execution  (cost=0..0 rows=1)


table 2 : explain SELECT c FROM sbtest2 WHERE id=7170703
	-> Rows fetched before execution  (cost=0..0 rows=1)


table 3 : explain SELECT c FROM sbtest3 WHERE id=5925958
	-> Rows fetched before execution  (cost=0..0 rows=1)


table 4 : explain SELECT c FROM sbtest4 WHERE id=5539407
	-> Rows fetched before execution  (cost=0..0 rows=1)


table 5 : explain SELECT c FROM sbtest5 WHERE id=8602554
	-> Rows fetched before execution  (cost=0..0 rows=1)


table 6 : explain SELECT c FROM sbtest6 WHERE id=1892870
	-> Rows fetched before execution  (cost=0..0 rows=1)


table 7 : explain SELECT c FROM sbtest7 WHERE id=4131094
	-> Rows fetched before execution  (cost=0..0 rows=1)


table 8 : explain SELECT c FROM sbtest8 WHERE id=986886
	-> Rows fetched before execution  (cost=0..0 rows=1)


for point_selects
table 1 : explain SELECT c FROM sbtest1 WHERE id=4739164
	-> Rows fetched before execution  (cost=0..0 rows=1)


table 2 : explain SELECT c FROM sbtest2 WHERE id=5745850
	-> Rows fetched before execution  (cost=0..0 rows=1)


table 3 : explain SELECT c FROM sbtest3 WHERE id=7885027
	-> Rows fetched before execution  (cost=0..0 rows=1)


table 4 : explain SELECT c FROM sbtest4 WHERE id=6967645
	-> Rows fetched before execution  (cost=0..0 rows=1)


table 5 : explain SELECT c FROM sbtest5 WHERE id=6252902
	-> Rows fetched before execution  (cost=0..0 rows=1)


table 6 : explain SELECT c FROM sbtest6 WHERE id=9793529
	-> Rows fetched before execution  (cost=0..0 rows=1)


table 7 : explain SELECT c FROM sbtest7 WHERE id=3936396
	-> Rows fetched before execution  (cost=0..0 rows=1)


table 8 : explain SELECT c FROM sbtest8 WHERE id=9824704
	-> Rows fetched before execution  (cost=0..0 rows=1)


for point_selects
table 1 : explain SELECT c FROM sbtest1 WHERE id=5059446
	-> Rows fetched before execution  (cost=0..0 rows=1)


table 2 : explain SELECT c FROM sbtest2 WHERE id=2114756
	-> Rows fetched before execution  (cost=0..0 rows=1)


table 3 : explain SELECT c FROM sbtest3 WHERE id=9764608
	-> Rows fetched before execution  (cost=0..0 rows=1)


table 4 : explain SELECT c FROM sbtest4 WHERE id=6379407
	-> Rows fetched before execution  (cost=0..0 rows=1)


table 5 : explain SELECT c FROM sbtest5 WHERE id=4073945
	-> Rows fetched before execution  (cost=0..0 rows=1)


table 6 : explain SELECT c FROM sbtest6 WHERE id=1844881
	-> Rows fetched before execution  (cost=0..0 rows=1)


table 7 : explain SELECT c FROM sbtest7 WHERE id=333073
	-> Rows fetched before execution  (cost=0..0 rows=1)


table 8 : explain SELECT c FROM sbtest8 WHERE id=9903365
	-> Rows fetched before execution  (cost=0..0 rows=1)


for: simple_ranges
table 1 : explain SELECT c FROM sbtest1 WHERE id BETWEEN 9064666 AND 9064765
	-> Filter: (sbtest1.id between 9064666 and 9064765)  (cost=20.4 rows=100)
    -> Index range scan on sbtest1 using PRIMARY over (9064666 <= id <= 9064765)  (cost=20.4 rows=100)


table 2 : explain SELECT c FROM sbtest2 WHERE id BETWEEN 4034913 AND 4035012
	-> Filter: (sbtest2.id between 4034913 and 4035012)  (cost=20.4 rows=100)
    -> Index range scan on sbtest2 using PRIMARY over (4034913 <= id <= 4035012)  (cost=20.4 rows=100)


table 3 : explain SELECT c FROM sbtest3 WHERE id BETWEEN 3428569 AND 3428668
	-> Filter: (sbtest3.id between 3428569 and 3428668)  (cost=20.4 rows=100)
    -> Index range scan on sbtest3 using PRIMARY over (3428569 <= id <= 3428668)  (cost=20.4 rows=100)


table 4 : explain SELECT c FROM sbtest4 WHERE id BETWEEN 5061316 AND 5061415
	-> Filter: (sbtest4.id between 5061316 and 5061415)  (cost=20.4 rows=100)
    -> Index range scan on sbtest4 using PRIMARY over (5061316 <= id <= 5061415)  (cost=20.4 rows=100)


table 5 : explain SELECT c FROM sbtest5 WHERE id BETWEEN 329963 AND 330062
	-> Filter: (sbtest5.id between 329963 and 330062)  (cost=20.4 rows=100)
    -> Index range scan on sbtest5 using PRIMARY over (329963 <= id <= 330062)  (cost=20.4 rows=100)


table 6 : explain SELECT c FROM sbtest6 WHERE id BETWEEN 9361526 AND 9361625
	-> Filter: (sbtest6.id between 9361526 and 9361625)  (cost=20.4 rows=100)
    -> Index range scan on sbtest6 using PRIMARY over (9361526 <= id <= 9361625)  (cost=20.4 rows=100)


table 7 : explain SELECT c FROM sbtest7 WHERE id BETWEEN 8103734 AND 8103833
	-> Filter: (sbtest7.id between 8103734 and 8103833)  (cost=20.4 rows=100)
    -> Index range scan on sbtest7 using PRIMARY over (8103734 <= id <= 8103833)  (cost=20.4 rows=100)


table 8 : explain SELECT c FROM sbtest8 WHERE id BETWEEN 7506560 AND 7506659
	-> Filter: (sbtest8.id between 7506560 and 7506659)  (cost=20.4 rows=100)
    -> Index range scan on sbtest8 using PRIMARY over (7506560 <= id <= 7506659)  (cost=20.4 rows=100)


for: simple_ranges
table 1 : explain SELECT c FROM sbtest1 WHERE id BETWEEN 1405725 AND 1405824
	-> Filter: (sbtest1.id between 1405725 and 1405824)  (cost=20.4 rows=100)
    -> Index range scan on sbtest1 using PRIMARY over (1405725 <= id <= 1405824)  (cost=20.4 rows=100)


table 2 : explain SELECT c FROM sbtest2 WHERE id BETWEEN 4456698 AND 4456797
	-> Filter: (sbtest2.id between 4456698 and 4456797)  (cost=20.4 rows=100)
    -> Index range scan on sbtest2 using PRIMARY over (4456698 <= id <= 4456797)  (cost=20.4 rows=100)


table 3 : explain SELECT c FROM sbtest3 WHERE id BETWEEN 1484842 AND 1484941
	-> Filter: (sbtest3.id between 1484842 and 1484941)  (cost=20.4 rows=100)
    -> Index range scan on sbtest3 using PRIMARY over (1484842 <= id <= 1484941)  (cost=20.4 rows=100)


table 4 : explain SELECT c FROM sbtest4 WHERE id BETWEEN 4431617 AND 4431716
	-> Filter: (sbtest4.id between 4431617 and 4431716)  (cost=20.4 rows=100)
    -> Index range scan on sbtest4 using PRIMARY over (4431617 <= id <= 4431716)  (cost=20.4 rows=100)


table 5 : explain SELECT c FROM sbtest5 WHERE id BETWEEN 4737798 AND 4737897
	-> Filter: (sbtest5.id between 4737798 and 4737897)  (cost=20.4 rows=100)
    -> Index range scan on sbtest5 using PRIMARY over (4737798 <= id <= 4737897)  (cost=20.4 rows=100)


table 6 : explain SELECT c FROM sbtest6 WHERE id BETWEEN 3677584 AND 3677683
	-> Filter: (sbtest6.id between 3677584 and 3677683)  (cost=20.4 rows=100)
    -> Index range scan on sbtest6 using PRIMARY over (3677584 <= id <= 3677683)  (cost=20.4 rows=100)


table 7 : explain SELECT c FROM sbtest7 WHERE id BETWEEN 2836194 AND 2836293
	-> Filter: (sbtest7.id between 2836194 and 2836293)  (cost=20.4 rows=100)
    -> Index range scan on sbtest7 using PRIMARY over (2836194 <= id <= 2836293)  (cost=20.4 rows=100)


table 8 : explain SELECT c FROM sbtest8 WHERE id BETWEEN 2460347 AND 2460446
	-> Filter: (sbtest8.id between 2460347 and 2460446)  (cost=20.4 rows=100)
    -> Index range scan on sbtest8 using PRIMARY over (2460347 <= id <= 2460446)  (cost=20.4 rows=100)


explain: for point_selects :: explain SELECT c FROM sbtest%u WHERE id=%u
for point_selects
table 1 : explain SELECT c FROM sbtest1 WHERE id=3148935
	-> Rows fetched before execution  (cost=0..0 rows=1)


table 2 : explain SELECT c FROM sbtest2 WHERE id=17323
	-> Rows fetched before execution  (cost=0..0 rows=1)


table 3 : explain SELECT c FROM sbtest3 WHERE id=933433
	-> Rows fetched before execution  (cost=0..0 rows=1)


table 4 : explain SELECT c FROM sbtest4 WHERE id=5862395
	-> Rows fetched before execution  (cost=0..0 rows=1)


table 5 : explain SELECT c FROM sbtest5 WHERE id=5287475
	-> Rows fetched before execution  (cost=0..0 rows=1)


table 6 : explain SELECT c FROM sbtest6 WHERE id=1341130
	-> Rows fetched before execution  (cost=0..0 rows=1)


table 7 : explain SELECT c FROM sbtest7 WHERE id=9759412
	-> Rows fetched before execution  (cost=0..0 rows=1)


table 8 : explain SELECT c FROM sbtest8 WHERE id=3346915
	-> Rows fetched before execution  (cost=0..0 rows=1)


explain: for point_selects :: explain SELECT c FROM sbtest%u WHERE id=%u
for: simple_ranges
table 1 : explain SELECT c FROM sbtest1 WHERE id BETWEEN 276299 AND 276398
	-> Filter: (sbtest1.id between 276299 and 276398)  (cost=20.4 rows=100)
    -> Index range scan on sbtest1 using PRIMARY over (276299 <= id <= 276398)  (cost=20.4 rows=100)


table 2 : explain SELECT c FROM sbtest2 WHERE id BETWEEN 5570357 AND 5570456
	-> Filter: (sbtest2.id between 5570357 and 5570456)  (cost=20.4 rows=100)
    -> Index range scan on sbtest2 using PRIMARY over (5570357 <= id <= 5570456)  (cost=20.4 rows=100)


table 3 : explain SELECT c FROM sbtest3 WHERE id BETWEEN 3130633 AND 3130732
	-> Filter: (sbtest3.id between 3130633 and 3130732)  (cost=20.4 rows=100)
    -> Index range scan on sbtest3 using PRIMARY over (3130633 <= id <= 3130732)  (cost=20.4 rows=100)


table 4 : explain SELECT c FROM sbtest4 WHERE id BETWEEN 6902455 AND 6902554
	-> Filter: (sbtest4.id between 6902455 and 6902554)  (cost=20.4 rows=100)
    -> Index range scan on sbtest4 using PRIMARY over (6902455 <= id <= 6902554)  (cost=20.4 rows=100)


table 5 : explain SELECT c FROM sbtest5 WHERE id BETWEEN 9232827 AND 9232926
	-> Filter: (sbtest5.id between 9232827 and 9232926)  (cost=20.4 rows=100)
    -> Index range scan on sbtest5 using PRIMARY over (9232827 <= id <= 9232926)  (cost=20.4 rows=100)


table 6 : explain SELECT c FROM sbtest6 WHERE id BETWEEN 9346596 AND 9346695
	-> Filter: (sbtest6.id between 9346596 and 9346695)  (cost=20.4 rows=100)
    -> Index range scan on sbtest6 using PRIMARY over (9346596 <= id <= 9346695)  (cost=20.4 rows=100)


table 7 : explain SELECT c FROM sbtest7 WHERE id BETWEEN 9128176 AND 9128275
	-> Filter: (sbtest7.id between 9128176 and 9128275)  (cost=20.4 rows=100)
    -> Index range scan on sbtest7 using PRIMARY over (9128176 <= id <= 9128275)  (cost=20.4 rows=100)


table 8 : explain SELECT c FROM sbtest8 WHERE id BETWEEN 815622 AND 815721
	-> Filter: (sbtest8.id between 815622 and 815721)  (cost=20.4 rows=100)
    -> Index range scan on sbtest8 using PRIMARY over (815622 <= id <= 815721)  (cost=20.4 rows=100)

explain: for point_selects :: explain SELECT c FROM sbtest%u WHERE id=%ufor point_selects
table 1 : explain SELECT c FROM sbtest1 WHERE id=6093698
	-> Rows fetched before execution  (cost=0..0 rows=1)


table 2 : explain SELECT c FROM sbtest2 WHERE id=2011275
	-> Rows fetched before execution  (cost=0..0 rows=1)


table 3 : explain SELECT c FROM sbtest3 WHERE id=3523457
	-> Rows fetched before execution  (cost=0..0 rows=1)


table 4 : explain SELECT c FROM sbtest4 WHERE id=5618295
	-> Rows fetched before execution  (cost=0..0 rows=1)


table 5 : explain SELECT c FROM sbtest5 WHERE id=3529714
	-> Rows fetched before execution  (cost=0..0 rows=1)


table 6 : explain SELECT c FROM sbtest6 WHERE id=9169920
	-> Rows fetched before execution  (cost=0..0 rows=1)


table 7 : explain SELECT c FROM sbtest7 WHERE id=6911689
	-> Rows fetched before execution  (cost=0..0 rows=1)


table 8 : explain SELECT c FROM sbtest8 WHERE id=6638421
	-> Rows fetched before execution  (cost=0..0 rows=1)

for: simple_ranges
table 1 : explain SELECT c FROM sbtest1 WHERE id BETWEEN 860526 AND 860625
	-> Filter: (sbtest1.id between 860526 and 860625)  (cost=20.4 rows=100)
    -> Index range scan on sbtest1 using PRIMARY over (860526 <= id <= 860625)  (cost=20.4 rows=100)


table 2 : explain SELECT c FROM sbtest2 WHERE id BETWEEN 1804083 AND 1804182
	-> Filter: (sbtest2.id between 1804083 and 1804182)  (cost=20.4 rows=100)
    -> Index range scan on sbtest2 using PRIMARY over (1804083 <= id <= 1804182)  (cost=20.4 rows=100)


table 3 : explain SELECT c FROM sbtest3 WHERE id BETWEEN 8493851 AND 8493950
	-> Filter: (sbtest3.id between 8493851 and 8493950)  (cost=20.4 rows=100)
    -> Index range scan on sbtest3 using PRIMARY over (8493851 <= id <= 8493950)  (cost=20.4 rows=100)


table 4 : explain SELECT c FROM sbtest4 WHERE id BETWEEN 6055591 AND 6055690
	-> Filter: (sbtest4.id between 6055591 and 6055690)  (cost=20.4 rows=100)
    -> Index range scan on sbtest4 using PRIMARY over (6055591 <= id <= 6055690)  (cost=20.4 rows=100)


table 5 : explain SELECT c FROM sbtest5 WHERE id BETWEEN 1180137 AND 1180236
	-> Filter: (sbtest5.id between 1180137 and 1180236)  (cost=20.4 rows=100)
    -> Index range scan on sbtest5 using PRIMARY over (1180137 <= id <= 1180236)  (cost=20.4 rows=100)


table 6 : explain SELECT c FROM sbtest6 WHERE id BETWEEN 3075341 AND 3075440
	-> Filter: (sbtest6.id between 3075341 and 3075440)  (cost=20.4 rows=100)
    -> Index range scan on sbtest6 using PRIMARY over (3075341 <= id <= 3075440)  (cost=20.4 rows=100)


table 7 : explain SELECT c FROM sbtest7 WHERE id BETWEEN 2943712 AND 2943811
	-> Filter: (sbtest7.id between 2943712 and 2943811)  (cost=20.4 rows=100)
    -> Index range scan on sbtest7 using PRIMARY over (2943712 <= id <= 2943811)  (cost=20.4 rows=100)


table 8 : explain SELECT c FROM sbtest8 WHERE id BETWEEN 3758898 AND 3758997
	-> Filter: (sbtest8.id between 3758898 and 3758997)  (cost=20.4 rows=100)
    -> Index range scan on sbtest8 using PRIMARY over (3758898 <= id <= 3758997)  (cost=20.4 rows=100)


for: simple_ranges
table 1 : explain SELECT c FROM sbtest1 WHERE id BETWEEN 3089208 AND 3089307
	-> Filter: (sbtest1.id between 3089208 and 3089307)  (cost=20.4 rows=100)
    -> Index range scan on sbtest1 using PRIMARY over (3089208 <= id <= 3089307)  (cost=20.4 rows=100)


table 2 : explain SELECT c FROM sbtest2 WHERE id BETWEEN 5471033 AND 5471132
	-> Filter: (sbtest2.id between 5471033 and 5471132)  (cost=20.4 rows=100)
    -> Index range scan on sbtest2 using PRIMARY over (5471033 <= id <= 5471132)  (cost=20.4 rows=100)


table 3 : explain SELECT c FROM sbtest3 WHERE id BETWEEN 5894773 AND 5894872
	-> Filter: (sbtest3.id between 5894773 and 5894872)  (cost=20.4 rows=100)
    -> Index range scan on sbtest3 using PRIMARY over (5894773 <= id <= 5894872)  (cost=20.4 rows=100)


table 4 : explain SELECT c FROM sbtest4 WHERE id BETWEEN 6928532 AND 6928631
	-> Filter: (sbtest4.id between 6928532 and 6928631)  (cost=20.4 rows=100)
    -> Index range scan on sbtest4 using PRIMARY over (6928532 <= id <= 6928631)  (cost=20.4 rows=100)


table 5 : explain SELECT c FROM sbtest5 WHERE id BETWEEN 4707578 AND 4707677
	-> Filter: (sbtest5.id between 4707578 and 4707677)  (cost=20.4 rows=100)
    -> Index range scan on sbtest5 using PRIMARY over (4707578 <= id <= 4707677)  (cost=20.4 rows=100)


table 6 : explain SELECT c FROM sbtest6 WHERE id BETWEEN 6365756 AND 6365855
	-> Filter: (sbtest6.id between 6365756 and 6365855)  (cost=20.4 rows=100)
    -> Index range scan on sbtest6 using PRIMARY over (6365756 <= id <= 6365855)  (cost=20.4 rows=100)


table 7 : explain SELECT c FROM sbtest7 WHERE id BETWEEN 7165680 AND 7165779
	-> Filter: (sbtest7.id between 7165680 and 7165779)  (cost=20.4 rows=100)
    -> Index range scan on sbtest7 using PRIMARY over (7165680 <= id <= 7165779)  (cost=20.4 rows=100)


table 8 : explain SELECT c FROM sbtest8 WHERE id BETWEEN 2417669 AND 2417768
	-> Filter: (sbtest8.id between 2417669 and 2417768)  (cost=20.4 rows=100)
    -> Index range scan on sbtest8 using PRIMARY over (2417669 <= id <= 2417768)  (cost=20.4 rows=100)




for point_selects
table 1 : explain SELECT c FROM sbtest1 WHERE id=4081834
	-> Rows fetched before execution  (cost=0..0 rows=1)


table 2 : explain SELECT c FROM sbtest2 WHERE id=6389448
	-> Rows fetched before execution  (cost=0..0 rows=1)


table 3 : explain SELECT c FROM sbtest3 WHERE id=5615356
	-> Rows fetched before execution  (cost=0..0 rows=1)


table 4 : explain SELECT c FROM sbtest4 WHERE id=1900673
	-> Rows fetched before execution  (cost=0..0 rows=1)


table 5 : explain SELECT c FROM sbtest5 WHERE id=5777429
	-> Rows fetched before execution  (cost=0..0 rows=1)


table 6 : explain SELECT c FROM sbtest6 WHERE id=7910228
	-> Rows fetched before execution  (cost=0..0 rows=1)


table 7 : explain SELECT c FROM sbtest7 WHERE id=5985837
	-> Rows fetched before execution  (cost=0..0 rows=1)


table 8 : explain SELECT c FROM sbtest8 WHERE id=8999075
	-> Rows fetched before execution  (cost=0..0 rows=1)



for point_selects
table 1 : explain SELECT c FROM sbtest1 WHERE id=5343011
	-> Rows fetched before execution  (cost=0..0 rows=1)


table 2 : explain SELECT c FROM sbtest2 WHERE id=378023
	-> Rows fetched before execution  (cost=0..0 rows=1)


table 3 : explain SELECT c FROM sbtest3 WHERE id=6599215
	-> Rows fetched before execution  (cost=0..0 rows=1)


table 4 : explain SELECT c FROM sbtest4 WHERE id=8993529
	-> Rows fetched before execution  (cost=0..0 rows=1)


table 5 : explain SELECT c FROM sbtest5 WHERE id=7887558
	-> Rows fetched before execution  (cost=0..0 rows=1)


table 6 : explain SELECT c FROM sbtest6 WHERE id=6692675
	-> Rows fetched before execution  (cost=0..0 rows=1)


table 7 : explain SELECT c FROM sbtest7 WHERE id=1020777
	-> Rows fetched before execution  (cost=0..0 rows=1)


table 8 : explain SELECT c FROM sbtest8 WHERE id=8203922
	-> Rows fetched before execution  (cost=0..0 rows=1)


for point_selects
table 1 : explain SELECT c FROM sbtest1 WHERE id=6274952
	-> Rows fetched before execution  (cost=0..0 rows=1)


table 2 : explain SELECT c FROM sbtest2 WHERE id=6307438
	-> Rows fetched before execution  (cost=0..0 rows=1)


table 3 : explain SELECT c FROM sbtest3 WHERE id=3234587
	-> Rows fetched before execution  (cost=0..0 rows=1)


table 4 : explain SELECT c FROM sbtest4 WHERE id=7407433
	-> Rows fetched before execution  (cost=0..0 rows=1)


table 5 : explain SELECT c FROM sbtest5 WHERE id=5790576
	-> Rows fetched before execution  (cost=0..0 rows=1)


table 6 : explain SELECT c FROM sbtest6 WHERE id=5346641
	-> Rows fetched before execution  (cost=0..0 rows=1)


table 7 : explain SELECT c FROM sbtest7 WHERE id=1872541
	-> Rows fetched before execution  (cost=0..0 rows=1)


table 8 : explain SELECT c FROM sbtest8 WHERE id=5762316
	-> Rows fetched before execution  (cost=0..0 rows=1)


for: simple_ranges
table 1 : explain SELECT c FROM sbtest1 WHERE id BETWEEN 1775022 AND 1775121
	-> Filter: (sbtest1.id between 1775022 and 1775121)  (cost=20.4 rows=100)
    -> Index range scan on sbtest1 using PRIMARY over (1775022 <= id <= 1775121)  (cost=20.4 rows=100)


table 2 : explain SELECT c FROM sbtest2 WHERE id BETWEEN 9606121 AND 9606220
	-> Filter: (sbtest2.id between 9606121 and 9606220)  (cost=20.4 rows=100)
    -> Index range scan on sbtest2 using PRIMARY over (9606121 <= id <= 9606220)  (cost=20.4 rows=100)


table 3 : explain SELECT c FROM sbtest3 WHERE id BETWEEN 6443656 AND 6443755
	-> Filter: (sbtest3.id between 6443656 and 6443755)  (cost=20.4 rows=100)
    -> Index range scan on sbtest3 using PRIMARY over (6443656 <= id <= 6443755)  (cost=20.4 rows=100)


table 4 : explain SELECT c FROM sbtest4 WHERE id BETWEEN 9434354 AND 9434453
	-> Filter: (sbtest4.id between 9434354 and 9434453)  (cost=20.4 rows=100)
    -> Index range scan on sbtest4 using PRIMARY over (9434354 <= id <= 9434453)  (cost=20.4 rows=100)


table 5 : explain SELECT c FROM sbtest5 WHERE id BETWEEN 3326802 AND 3326901
	-> Filter: (sbtest5.id between 3326802 and 3326901)  (cost=20.4 rows=100)
    -> Index range scan on sbtest5 using PRIMARY over (3326802 <= id <= 3326901)  (cost=20.4 rows=100)


table 6 : explain SELECT c FROM sbtest6 WHERE id BETWEEN 2931311 AND 2931410
	-> Filter: (sbtest6.id between 2931311 and 2931410)  (cost=20.4 rows=100)
    -> Index range scan on sbtest6 using PRIMARY over (2931311 <= id <= 2931410)  (cost=20.4 rows=100)


table 7 : explain SELECT c FROM sbtest7 WHERE id BETWEEN 2604522 AND 2604621
	-> Filter: (sbtest7.id between 2604522 and 2604621)  (cost=20.4 rows=100)
    -> Index range scan on sbtest7 using PRIMARY over (2604522 <= id <= 2604621)  (cost=20.4 rows=100)


table 8 : explain SELECT c FROM sbtest8 WHERE id BETWEEN 9726248 AND 9726347
	-> Filter: (sbtest8.id between 9726248 and 9726347)  (cost=20.4 rows=100)
    -> Index range scan on sbtest8 using PRIMARY over (9726248 <= id <= 9726347)  (cost=20.4 rows=100)


for point_selects
table 1 : explain SELECT c FROM sbtest1 WHERE id=5345232
	-> Rows fetched before execution  (cost=0..0 rows=1)


table 2 : explain SELECT c FROM sbtest2 WHERE id=5178914
	-> Rows fetched before execution  (cost=0..0 rows=1)


table 3 : explain SELECT c FROM sbtest3 WHERE id=3251777
	-> Rows fetched before execution  (cost=0..0 rows=1)


table 4 : explain SELECT c FROM sbtest4 WHERE id=958092
	-> Rows fetched before execution  (cost=0..0 rows=1)


table 5 : explain SELECT c FROM sbtest5 WHERE id=8987461
	-> Rows fetched before execution  (cost=0..0 rows=1)


table 6 : explain SELECT c FROM sbtest6 WHERE id=6093603
	-> Rows fetched before execution  (cost=0..0 rows=1)


table 7 : explain SELECT c FROM sbtest7 WHERE id=5024316
	-> Rows fetched before execution  (cost=0..0 rows=1)


table 8 : explain SELECT c FROM sbtest8 WHERE id=8805027
	-> Rows fetched before execution  (cost=0..0 rows=1)


for point_selects
table 1 : explain SELECT c FROM sbtest1 WHERE id=1971722
	-> Rows fetched before execution  (cost=0..0 rows=1)


table 2 : explain SELECT c FROM sbtest2 WHERE id=2997119
	-> Rows fetched before execution  (cost=0..0 rows=1)


table 3 : explain SELECT c FROM sbtest3 WHERE id=479074
	-> Rows fetched before execution  (cost=0..0 rows=1)


table 4 : explain SELECT c FROM sbtest4 WHERE id=4278760
	-> Rows fetched before execution  (cost=0..0 rows=1)


table 5 : explain SELECT c FROM sbtest5 WHERE id=1533206
	-> Rows fetched before execution  (cost=0..0 rows=1)


table 6 : explain SELECT c FROM sbtest6 WHERE id=2484654
	-> Rows fetched before execution  (cost=0..0 rows=1)


table 7 : explain SELECT c FROM sbtest7 WHERE id=2993919
	-> Rows fetched before execution  (cost=0..0 rows=1)


table 8 : explain SELECT c FROM sbtest8 WHERE id=4593457
	-> Rows fetched before execution  (cost=0..0 rows=1)


for: sum_ranges
table 1 : explain SELECT SUM(k) FROM sbtest1 WHERE id BETWEEN 9866624 AND 9866723
	-> Aggregate: sum(sbtest1.k)  (cost=43.5 rows=1)
    -> Filter: (sbtest1.id between 9866624 and 9866723)  (cost=20.4 rows=100)
        -> Index range scan on sbtest1 using PRIMARY over (9866624 <= id <= 9866723)  (cost=20.4 rows=100)


table 2 : explain SELECT SUM(k) FROM sbtest2 WHERE id BETWEEN 1840401 AND 1840500
	-> Aggregate: sum(sbtest2.k)  (cost=43.5 rows=1)
    -> Filter: (sbtest2.id between 1840401 and 1840500)  (cost=20.4 rows=100)
        -> Index range scan on sbtest2 using PRIMARY over (1840401 <= id <= 1840500)  (cost=20.4 rows=100)


table 3 : explain SELECT SUM(k) FROM sbtest3 WHERE id BETWEEN 1278822 AND 1278921
	-> Aggregate: sum(sbtest3.k)  (cost=43.5 rows=1)
    -> Filter: (sbtest3.id between 1278822 and 1278921)  (cost=20.4 rows=100)
        -> Index range scan on sbtest3 using PRIMARY over (1278822 <= id <= 1278921)  (cost=20.4 rows=100)


table 4 : explain SELECT SUM(k) FROM sbtest4 WHERE id BETWEEN 4831159 AND 4831258
	-> Aggregate: sum(sbtest4.k)  (cost=43.5 rows=1)
    -> Filter: (sbtest4.id between 4831159 and 4831258)  (cost=20.4 rows=100)
        -> Index range scan on sbtest4 using PRIMARY over (4831159 <= id <= 4831258)  (cost=20.4 rows=100)


table 5 : explain SELECT SUM(k) FROM sbtest5 WHERE id BETWEEN 4776774 AND 4776873
	-> Aggregate: sum(sbtest5.k)  (cost=43.5 rows=1)
    -> Filter: (sbtest5.id between 4776774 and 4776873)  (cost=20.4 rows=100)
        -> Index range scan on sbtest5 using PRIMARY over (4776774 <= id <= 4776873)  (cost=20.4 rows=100)


table 6 : explain SELECT SUM(k) FROM sbtest6 WHERE id BETWEEN 1788409 AND 1788508
	-> Aggregate: sum(sbtest6.k)  (cost=43.5 rows=1)
    -> Filter: (sbtest6.id between 1788409 and 1788508)  (cost=20.4 rows=100)
        -> Index range scan on sbtest6 using PRIMARY over (1788409 <= id <= 1788508)  (cost=20.4 rows=100)


table 7 : explain SELECT SUM(k) FROM sbtest7 WHERE id BETWEEN 1057038 AND 1057137
	-> Aggregate: sum(sbtest7.k)  (cost=43.5 rows=1)
    -> Filter: (sbtest7.id between 1057038 and 1057137)  (cost=20.4 rows=100)
        -> Index range scan on sbtest7 using PRIMARY over (1057038 <= id <= 1057137)  (cost=20.4 rows=100)


table 8 : explain SELECT SUM(k) FROM sbtest8 WHERE id BETWEEN 8233482 AND 8233581
	-> Aggregate: sum(sbtest8.k)  (cost=43.5 rows=1)
    -> Filter: (sbtest8.id between 8233482 and 8233581)  (cost=20.4 rows=100)
        -> Index range scan on sbtest8 using PRIMARY over (8233482 <= id <= 8233581)  (cost=20.4 rows=100)


for: simple_ranges
table 1 : explain SELECT c FROM sbtest1 WHERE id BETWEEN 5989758 AND 5989857
	-> Filter: (sbtest1.id between 5989758 and 5989857)  (cost=20.4 rows=100)
    -> Index range scan on sbtest1 using PRIMARY over (5989758 <= id <= 5989857)  (cost=20.4 rows=100)


table 2 : explain SELECT c FROM sbtest2 WHERE id BETWEEN 1032427 AND 1032526
	-> Filter: (sbtest2.id between 1032427 and 1032526)  (cost=20.4 rows=100)
    -> Index range scan on sbtest2 using PRIMARY over (1032427 <= id <= 1032526)  (cost=20.4 rows=100)


table 3 : explain SELECT c FROM sbtest3 WHERE id BETWEEN 1278577 AND 1278676
	-> Filter: (sbtest3.id between 1278577 and 1278676)  (cost=20.4 rows=100)
    -> Index range scan on sbtest3 using PRIMARY over (1278577 <= id <= 1278676)  (cost=20.4 rows=100)


table 4 : explain SELECT c FROM sbtest4 WHERE id BETWEEN 824 AND 923
	-> Filter: (sbtest4.id between 824 and 923)  (cost=20.4 rows=100)
    -> Index range scan on sbtest4 using PRIMARY over (824 <= id <= 923)  (cost=20.4 rows=100)


table 5 : explain SELECT c FROM sbtest5 WHERE id BETWEEN 4395090 AND 4395189
	-> Filter: (sbtest5.id between 4395090 and 4395189)  (cost=20.4 rows=100)
    -> Index range scan on sbtest5 using PRIMARY over (4395090 <= id <= 4395189)  (cost=20.4 rows=100)


table 6 : explain SELECT c FROM sbtest6 WHERE id BETWEEN 6704492 AND 6704591
	-> Filter: (sbtest6.id between 6704492 and 6704591)  (cost=20.4 rows=100)
    -> Index range scan on sbtest6 using PRIMARY over (6704492 <= id <= 6704591)  (cost=20.4 rows=100)


table 7 : explain SELECT c FROM sbtest7 WHERE id BETWEEN 2120592 AND 2120691
	-> Filter: (sbtest7.id between 2120592 and 2120691)  (cost=20.4 rows=100)
    -> Index range scan on sbtest7 using PRIMARY over (2120592 <= id <= 2120691)  (cost=20.4 rows=100)


table 8 : explain SELECT c FROM sbtest8 WHERE id BETWEEN 1028087 AND 1028186
	-> Filter: (sbtest8.id between 1028087 and 1028186)  (cost=20.4 rows=100)
    -> Index range scan on sbtest8 using PRIMARY over (1028087 <= id <= 1028186)  (cost=20.4 rows=100)


for: simple_ranges
table 1 : explain SELECT c FROM sbtest1 WHERE id BETWEEN 7910828 AND 7910927
	-> Filter: (sbtest1.id between 7910828 and 7910927)  (cost=20.4 rows=100)
    -> Index range scan on sbtest1 using PRIMARY over (7910828 <= id <= 7910927)  (cost=20.4 rows=100)


table 2 : explain SELECT c FROM sbtest2 WHERE id BETWEEN 7589337 AND 7589436
	-> Filter: (sbtest2.id between 7589337 and 7589436)  (cost=20.4 rows=100)
    -> Index range scan on sbtest2 using PRIMARY over (7589337 <= id <= 7589436)  (cost=20.4 rows=100)


table 3 : explain SELECT c FROM sbtest3 WHERE id BETWEEN 3984854 AND 3984953
	-> Filter: (sbtest3.id between 3984854 and 3984953)  (cost=20.4 rows=100)
    -> Index range scan on sbtest3 using PRIMARY over (3984854 <= id <= 3984953)  (cost=20.4 rows=100)


table 4 : explain SELECT c FROM sbtest4 WHERE id BETWEEN 9410351 AND 9410450
	-> Filter: (sbtest4.id between 9410351 and 9410450)  (cost=20.4 rows=100)
    -> Index range scan on sbtest4 using PRIMARY over (9410351 <= id <= 9410450)  (cost=20.4 rows=100)


table 5 : explain SELECT c FROM sbtest5 WHERE id BETWEEN 7972294 AND 7972393
	-> Filter: (sbtest5.id between 7972294 and 7972393)  (cost=20.4 rows=100)
    -> Index range scan on sbtest5 using PRIMARY over (7972294 <= id <= 7972393)  (cost=20.4 rows=100)


table 6 : explain SELECT c FROM sbtest6 WHERE id BETWEEN 9617176 AND 9617275
	-> Filter: (sbtest6.id between 9617176 and 9617275)  (cost=20.4 rows=100)
    -> Index range scan on sbtest6 using PRIMARY over (9617176 <= id <= 9617275)  (cost=20.4 rows=100)


table 7 : explain SELECT c FROM sbtest7 WHERE id BETWEEN 8014413 AND 8014512
	-> Filter: (sbtest7.id between 8014413 and 8014512)  (cost=20.4 rows=100)
    -> Index range scan on sbtest7 using PRIMARY over (8014413 <= id <= 8014512)  (cost=20.4 rows=100)


table 8 : explain SELECT c FROM sbtest8 WHERE id BETWEEN 9960935 AND 9961034
	-> Filter: (sbtest8.id between 9960935 and 9961034)  (cost=20.4 rows=100)
    -> Index range scan on sbtest8 using PRIMARY over (9960935 <= id <= 9961034)  (cost=20.4 rows=100)


for point_selects
table 1 : explain SELECT c FROM sbtest1 WHERE id=7038551
	-> Rows fetched before execution  (cost=0..0 rows=1)


table 2 : explain SELECT c FROM sbtest2 WHERE id=7853313
	-> Rows fetched before execution  (cost=0..0 rows=1)


table 3 : explain SELECT c FROM sbtest3 WHERE id=8461882
	-> Rows fetched before execution  (cost=0..0 rows=1)


table 4 : explain SELECT c FROM sbtest4 WHERE id=1278797
	-> Rows fetched before execution  (cost=0..0 rows=1)


table 5 : explain SELECT c FROM sbtest5 WHERE id=927110
	-> Rows fetched before execution  (cost=0..0 rows=1)


table 6 : explain SELECT c FROM sbtest6 WHERE id=1056552
	-> Rows fetched before execution  (cost=0..0 rows=1)


table 7 : explain SELECT c FROM sbtest7 WHERE id=6624910
	-> Rows fetched before execution  (cost=0..0 rows=1)


table 8 : explain SELECT c FROM sbtest8 WHERE id=4040960
	-> Rows fetched before execution  (cost=0..0 rows=1)


for: simple_ranges
table 1 : explain SELECT c FROM sbtest1 WHERE id BETWEEN 7234609 AND 7234708
	-> Filter: (sbtest1.id between 7234609 and 7234708)  (cost=20.4 rows=100)
    -> Index range scan on sbtest1 using PRIMARY over (7234609 <= id <= 7234708)  (cost=20.4 rows=100)


table 2 : explain SELECT c FROM sbtest2 WHERE id BETWEEN 4843476 AND 4843575
	-> Filter: (sbtest2.id between 4843476 and 4843575)  (cost=20.4 rows=100)
    -> Index range scan on sbtest2 using PRIMARY over (4843476 <= id <= 4843575)  (cost=20.4 rows=100)


table 3 : explain SELECT c FROM sbtest3 WHERE id BETWEEN 4510266 AND 4510365
	-> Filter: (sbtest3.id between 4510266 and 4510365)  (cost=20.4 rows=100)
    -> Index range scan on sbtest3 using PRIMARY over (4510266 <= id <= 4510365)  (cost=20.4 rows=100)


table 4 : explain SELECT c FROM sbtest4 WHERE id BETWEEN 8867473 AND 8867572
	-> Filter: (sbtest4.id between 8867473 and 8867572)  (cost=20.4 rows=100)
    -> Index range scan on sbtest4 using PRIMARY over (8867473 <= id <= 8867572)  (cost=20.4 rows=100)


table 5 : explain SELECT c FROM sbtest5 WHERE id BETWEEN 6757067 AND 6757166
	-> Filter: (sbtest5.id between 6757067 and 6757166)  (cost=20.4 rows=100)
    -> Index range scan on sbtest5 using PRIMARY over (6757067 <= id <= 6757166)  (cost=20.4 rows=100)


table 6 : explain SELECT c FROM sbtest6 WHERE id BETWEEN 173537 AND 173636
	-> Filter: (sbtest6.id between 173537 and 173636)  (cost=20.4 rows=100)
    -> Index range scan on sbtest6 using PRIMARY over (173537 <= id <= 173636)  (cost=20.4 rows=100)


table 7 : explain SELECT c FROM sbtest7 WHERE id BETWEEN 6879115 AND 6879214
	-> Filter: (sbtest7.id between 6879115 and 6879214)  (cost=20.4 rows=100)
    -> Index range scan on sbtest7 using PRIMARY over (6879115 <= id <= 6879214)  (cost=20.4 rows=100)


table 8 : explain SELECT c FROM sbtest8 WHERE id BETWEEN 9371359 AND 9371458
	-> Filter: (sbtest8.id between 9371359 and 9371458)  (cost=20.4 rows=100)
    -> Index range scan on sbtest8 using PRIMARY over (9371359 <= id <= 9371458)  (cost=20.4 rows=100)


explain: for point_selects :: explain SELECT c FROM sbtest%u WHERE id=%u
for: sum_ranges
table 1 : explain SELECT SUM(k) FROM sbtest1 WHERE id BETWEEN 9532290 AND 9532389
	-> Aggregate: sum(sbtest1.k)  (cost=43.5 rows=1)
    -> Filter: (sbtest1.id between 9532290 and 9532389)  (cost=20.4 rows=100)
        -> Index range scan on sbtest1 using PRIMARY over (9532290 <= id <= 9532389)  (cost=20.4 rows=100)


table 2 : explain SELECT SUM(k) FROM sbtest2 WHERE id BETWEEN 1197554 AND 1197653
	-> Aggregate: sum(sbtest2.k)  (cost=43.5 rows=1)
    -> Filter: (sbtest2.id between 1197554 and 1197653)  (cost=20.4 rows=100)
        -> Index range scan on sbtest2 using PRIMARY over (1197554 <= id <= 1197653)  (cost=20.4 rows=100)


table 3 : explain SELECT SUM(k) FROM sbtest3 WHERE id BETWEEN 1864386 AND 1864485
	-> Aggregate: sum(sbtest3.k)  (cost=43.5 rows=1)
    -> Filter: (sbtest3.id between 1864386 and 1864485)  (cost=20.4 rows=100)
        -> Index range scan on sbtest3 using PRIMARY over (1864386 <= id <= 1864485)  (cost=20.4 rows=100)


table 4 : explain SELECT SUM(k) FROM sbtest4 WHERE id BETWEEN 6475978 AND 6476077
	-> Aggregate: sum(sbtest4.k)  (cost=43.5 rows=1)
    -> Filter: (sbtest4.id between 6475978 and 6476077)  (cost=20.4 rows=100)
        -> Index range scan on sbtest4 using PRIMARY over (6475978 <= id <= 6476077)  (cost=20.4 rows=100)


table 5 : explain SELECT SUM(k) FROM sbtest5 WHERE id BETWEEN 5744436 AND 5744535
	-> Aggregate: sum(sbtest5.k)  (cost=43.5 rows=1)
    -> Filter: (sbtest5.id between 5744436 and 5744535)  (cost=20.4 rows=100)
        -> Index range scan on sbtest5 using PRIMARY over (5744436 <= id <= 5744535)  (cost=20.4 rows=100)


table 6 : explain SELECT SUM(k) FROM sbtest6 WHERE id BETWEEN 3130335 AND 3130434
	-> Aggregate: sum(sbtest6.k)  (cost=43.5 rows=1)
    -> Filter: (sbtest6.id between 3130335 and 3130434)  (cost=20.4 rows=100)
        -> Index range scan on sbtest6 using PRIMARY over (3130335 <= id <= 3130434)  (cost=20.4 rows=100)


table 7 : explain SELECT SUM(k) FROM sbtest7 WHERE id BETWEEN 8762478 AND 8762577
	-> Aggregate: sum(sbtest7.k)  (cost=43.5 rows=1)
    -> Filter: (sbtest7.id between 8762478 and 8762577)  (cost=20.4 rows=100)
        -> Index range scan on sbtest7 using PRIMARY over (8762478 <= id <= 8762577)  (cost=20.4 rows=100)


table 8 : explain SELECT SUM(k) FROM sbtest8 WHERE id BETWEEN 33628 AND 33727
	-> Aggregate: sum(sbtest8.k)  (cost=43.5 rows=1)
    -> Filter: (sbtest8.id between 33628 and 33727)  (cost=20.4 rows=100)
        -> Index range scan on sbtest8 using PRIMARY over (33628 <= id <= 33727)  (cost=20.4 rows=100)


for: simple_ranges
table 1 : explain SELECT c FROM sbtest1 WHERE id BETWEEN 753892 AND 753991
	-> Filter: (sbtest1.id between 753892 and 753991)  (cost=20.4 rows=100)
    -> Index range scan on sbtest1 using PRIMARY over (753892 <= id <= 753991)  (cost=20.4 rows=100)


table 2 : explain SELECT c FROM sbtest2 WHERE id BETWEEN 8273132 AND 8273231
	-> Filter: (sbtest2.id between 8273132 and 8273231)  (cost=20.4 rows=100)
    -> Index range scan on sbtest2 using PRIMARY over (8273132 <= id <= 8273231)  (cost=20.4 rows=100)


table 3 : explain SELECT c FROM sbtest3 WHERE id BETWEEN 1597114 AND 1597213
	-> Filter: (sbtest3.id between 1597114 and 1597213)  (cost=20.4 rows=100)
    -> Index range scan on sbtest3 using PRIMARY over (1597114 <= id <= 1597213)  (cost=20.4 rows=100)


table 4 : explain SELECT c FROM sbtest4 WHERE id BETWEEN 1126715 AND 1126814
	-> Filter: (sbtest4.id between 1126715 and 1126814)  (cost=20.4 rows=100)
    -> Index range scan on sbtest4 using PRIMARY over (1126715 <= id <= 1126814)  (cost=20.4 rows=100)


table 5 : explain SELECT c FROM sbtest5 WHERE id BETWEEN 7616508 AND 7616607
	-> Filter: (sbtest5.id between 7616508 and 7616607)  (cost=20.4 rows=100)
    -> Index range scan on sbtest5 using PRIMARY over (7616508 <= id <= 7616607)  (cost=20.4 rows=100)


table 6 : explain SELECT c FROM sbtest6 WHERE id BETWEEN 830673 AND 830772
	-> Filter: (sbtest6.id between 830673 and 830772)  (cost=20.4 rows=100)
    -> Index range scan on sbtest6 using PRIMARY over (830673 <= id <= 830772)  (cost=20.4 rows=100)


table 7 : explain SELECT c FROM sbtest7 WHERE id BETWEEN 8439519 AND 8439618
	-> Filter: (sbtest7.id between 8439519 and 8439618)  (cost=20.4 rows=100)
    -> Index range scan on sbtest7 using PRIMARY over (8439519 <= id <= 8439618)  (cost=20.4 rows=100)


table 8 : explain SELECT c FROM sbtest8 WHERE id BETWEEN 3193693 AND 3193792
	-> Filter: (sbtest8.id between 3193693 and 3193792)  (cost=20.4 rows=100)
    -> Index range scan on sbtest8 using PRIMARY over (3193693 <= id <= 3193792)  (cost=20.4 rows=100)


for: sum_ranges
table 1 : explain SELECT SUM(k) FROM sbtest1 WHERE id BETWEEN 7323687 AND 7323786
	-> Aggregate: sum(sbtest1.k)  (cost=43.5 rows=1)
    -> Filter: (sbtest1.id between 7323687 and 7323786)  (cost=20.4 rows=100)
        -> Index range scan on sbtest1 using PRIMARY over (7323687 <= id <= 7323786)  (cost=20.4 rows=100)


table 2 : explain SELECT SUM(k) FROM sbtest2 WHERE id BETWEEN 3357244 AND 3357343
	-> Aggregate: sum(sbtest2.k)  (cost=43.5 rows=1)
    -> Filter: (sbtest2.id between 3357244 and 3357343)  (cost=20.4 rows=100)
        -> Index range scan on sbtest2 using PRIMARY over (3357244 <= id <= 3357343)  (cost=20.4 rows=100)


table 3 : explain SELECT SUM(k) FROM sbtest3 WHERE id BETWEEN 1670571 AND 1670670
	-> Aggregate: sum(sbtest3.k)  (cost=43.5 rows=1)
    -> Filter: (sbtest3.id between 1670571 and 1670670)  (cost=20.4 rows=100)
        -> Index range scan on sbtest3 using PRIMARY over (1670571 <= id <= 1670670)  (cost=20.4 rows=100)


table 4 : explain SELECT SUM(k) FROM sbtest4 WHERE id BETWEEN 8827576 AND 8827675
	-> Aggregate: sum(sbtest4.k)  (cost=43.5 rows=1)
    -> Filter: (sbtest4.id between 8827576 and 8827675)  (cost=20.4 rows=100)
        -> Index range scan on sbtest4 using PRIMARY over (8827576 <= id <= 8827675)  (cost=20.4 rows=100)


table 5 : explain SELECT SUM(k) FROM sbtest5 WHERE id BETWEEN 7798817 AND 7798916
	-> Aggregate: sum(sbtest5.k)  (cost=43.5 rows=1)
    -> Filter: (sbtest5.id between 7798817 and 7798916)  (cost=20.4 rows=100)
        -> Index range scan on sbtest5 using PRIMARY over (7798817 <= id <= 7798916)  (cost=20.4 rows=100)


table 6 : explain SELECT SUM(k) FROM sbtest6 WHERE id BETWEEN 7180914 AND 7181013
	-> Aggregate: sum(sbtest6.k)  (cost=43.5 rows=1)
    -> Filter: (sbtest6.id between 7180914 and 7181013)  (cost=20.4 rows=100)
        -> Index range scan on sbtest6 using PRIMARY over (7180914 <= id <= 7181013)  (cost=20.4 rows=100)


table 7 : explain SELECT SUM(k) FROM sbtest7 WHERE id BETWEEN 806920 AND 807019
	-> Aggregate: sum(sbtest7.k)  (cost=43.5 rows=1)
    -> Filter: (sbtest7.id between 806920 and 807019)  (cost=20.4 rows=100)
        -> Index range scan on sbtest7 using PRIMARY over (806920 <= id <= 807019)  (cost=20.4 rows=100)


table 8 : explain SELECT SUM(k) FROM sbtest8 WHERE id BETWEEN 3522714 AND 3522813
	-> Aggregate: sum(sbtest8.k)  (cost=43.5 rows=1)
    -> Filter: (sbtest8.id between 3522714 and 3522813)  (cost=20.4 rows=100)
        -> Index range scan on sbtest8 using PRIMARY over (3522714 <= id <= 3522813)  (cost=20.4 rows=100)


for: simple_ranges
table 1 : explain SELECT c FROM sbtest1 WHERE id BETWEEN 8022033 AND 8022132
	-> Filter: (sbtest1.id between 8022033 and 8022132)  (cost=20.4 rows=100)
    -> Index range scan on sbtest1 using PRIMARY over (8022033 <= id <= 8022132)  (cost=20.4 rows=100)


table 2 : explain SELECT c FROM sbtest2 WHERE id BETWEEN 429635 AND 429734
	-> Filter: (sbtest2.id between 429635 and 429734)  (cost=20.4 rows=100)
    -> Index range scan on sbtest2 using PRIMARY over (429635 <= id <= 429734)  (cost=20.4 rows=100)


table 3 : explain SELECT c FROM sbtest3 WHERE id BETWEEN 3590363 AND 3590462
	-> Filter: (sbtest3.id between 3590363 and 3590462)  (cost=20.4 rows=100)
    -> Index range scan on sbtest3 using PRIMARY over (3590363 <= id <= 3590462)  (cost=20.4 rows=100)


table 4 : explain SELECT c FROM sbtest4 WHERE id BETWEEN 2660555 AND 2660654
	-> Filter: (sbtest4.id between 2660555 and 2660654)  (cost=20.4 rows=100)
    -> Index range scan on sbtest4 using PRIMARY over (2660555 <= id <= 2660654)  (cost=20.4 rows=100)


table 5 : explain SELECT c FROM sbtest5 WHERE id BETWEEN 7520424 AND 7520523
	-> Filter: (sbtest5.id between 7520424 and 7520523)  (cost=20.4 rows=100)
    -> Index range scan on sbtest5 using PRIMARY over (7520424 <= id <= 7520523)  (cost=20.4 rows=100)


table 6 : explain SELECT c FROM sbtest6 WHERE id BETWEEN 3242465 AND 3242564
	-> Filter: (sbtest6.id between 3242465 and 3242564)  (cost=20.4 rows=100)
    -> Index range scan on sbtest6 using PRIMARY over (3242465 <= id <= 3242564)  (cost=20.4 rows=100)


table 7 : explain SELECT c FROM sbtest7 WHERE id BETWEEN 1613559 AND 1613658
	-> Filter: (sbtest7.id between 1613559 and 1613658)  (cost=20.4 rows=100)
    -> Index range scan on sbtest7 using PRIMARY over (1613559 <= id <= 1613658)  (cost=20.4 rows=100)


table 8 : explain SELECT c FROM sbtest8 WHERE id BETWEEN 5128089 AND 5128188
	-> Filter: (sbtest8.id between 5128089 and 5128188)  (cost=20.4 rows=100)
    -> Index range scan on sbtest8 using PRIMARY over (5128089 <= id <= 5128188)  (cost=20.4 rows=100)


for point_selects
table 1 : explain SELECT c FROM sbtest1 WHERE id=4795090
	-> Rows fetched before execution  (cost=0..0 rows=1)


table 2 : explain SELECT c FROM sbtest2 WHERE id=6031041
	-> Rows fetched before execution  (cost=0..0 rows=1)


table 3 : explain SELECT c FROM sbtest3 WHERE id=6586792
	-> Rows fetched before execution  (cost=0..0 rows=1)


table 4 : explain SELECT c FROM sbtest4 WHERE id=8909570
	-> Rows fetched before execution  (cost=0..0 rows=1)


table 5 : explain SELECT c FROM sbtest5 WHERE id=9280301
	-> Rows fetched before execution  (cost=0..0 rows=1)


table 6 : explain SELECT c FROM sbtest6 WHERE id=600204
	-> Rows fetched before execution  (cost=0..0 rows=1)


table 7 : explain SELECT c FROM sbtest7 WHERE id=9955436
	-> Rows fetched before execution  (cost=0..0 rows=1)


table 8 : explain SELECT c FROM sbtest8 WHERE id=200452
	-> Rows fetched before execution  (cost=0..0 rows=1)


for: sum_ranges
table 1 : explain SELECT SUM(k) FROM sbtest1 WHERE id BETWEEN 4235509 AND 4235608
	-> Aggregate: sum(sbtest1.k)  (cost=43.5 rows=1)
    -> Filter: (sbtest1.id between 4235509 and 4235608)  (cost=20.4 rows=100)
        -> Index range scan on sbtest1 using PRIMARY over (4235509 <= id <= 4235608)  (cost=20.4 rows=100)


table 2 : explain SELECT SUM(k) FROM sbtest2 WHERE id BETWEEN 8745612 AND 8745711
	-> Aggregate: sum(sbtest2.k)  (cost=43.5 rows=1)
    -> Filter: (sbtest2.id between 8745612 and 8745711)  (cost=20.4 rows=100)
        -> Index range scan on sbtest2 using PRIMARY over (8745612 <= id <= 8745711)  (cost=20.4 rows=100)


table 3 : explain SELECT SUM(k) FROM sbtest3 WHERE id BETWEEN 5113137 AND 5113236
	-> Aggregate: sum(sbtest3.k)  (cost=43.5 rows=1)
    -> Filter: (sbtest3.id between 5113137 and 5113236)  (cost=20.4 rows=100)
        -> Index range scan on sbtest3 using PRIMARY over (5113137 <= id <= 5113236)  (cost=20.4 rows=100)


table 4 : explain SELECT SUM(k) FROM sbtest4 WHERE id BETWEEN 565278 AND 565377
	-> Aggregate: sum(sbtest4.k)  (cost=43.5 rows=1)
    -> Filter: (sbtest4.id between 565278 and 565377)  (cost=20.4 rows=100)
        -> Index range scan on sbtest4 using PRIMARY over (565278 <= id <= 565377)  (cost=20.4 rows=100)


table 5 : explain SELECT SUM(k) FROM sbtest5 WHERE id BETWEEN 9440210 AND 9440309
	-> Aggregate: sum(sbtest5.k)  (cost=43.5 rows=1)
    -> Filter: (sbtest5.id between 9440210 and 9440309)  (cost=20.4 rows=100)
        -> Index range scan on sbtest5 using PRIMARY over (9440210 <= id <= 9440309)  (cost=20.4 rows=100)


table 6 : explain SELECT SUM(k) FROM sbtest6 WHERE id BETWEEN 1741043 AND 1741142
	-> Aggregate: sum(sbtest6.k)  (cost=43.5 rows=1)
    -> Filter: (sbtest6.id between 1741043 and 1741142)  (cost=20.4 rows=100)
        -> Index range scan on sbtest6 using PRIMARY over (1741043 <= id <= 1741142)  (cost=20.4 rows=100)


table 7 : explain SELECT SUM(k) FROM sbtest7 WHERE id BETWEEN 4681016 AND 4681115
	-> Aggregate: sum(sbtest7.k)  (cost=43.5 rows=1)
    -> Filter: (sbtest7.id between 4681016 and 4681115)  (cost=20.4 rows=100)
        -> Index range scan on sbtest7 using PRIMARY over (4681016 <= id <= 4681115)  (cost=20.4 rows=100)


table 8 : explain SELECT SUM(k) FROM sbtest8 WHERE id BETWEEN 4478707 AND 4478806
	-> Aggregate: sum(sbtest8.k)  (cost=43.5 rows=1)
    -> Filter: (sbtest8.id between 4478707 and 4478806)  (cost=20.4 rows=100)
        -> Index range scan on sbtest8 using PRIMARY over (4478707 <= id <= 4478806)  (cost=20.4 rows=100)


for point_selects
table 1 : explain SELECT c FROM sbtest1 WHERE id=6485986
	-> Rows fetched before execution  (cost=0..0 rows=1)


table 2 : explain SELECT c FROM sbtest2 WHERE id=8312672
	-> Rows fetched before execution  (cost=0..0 rows=1)


table 3 : explain SELECT c FROM sbtest3 WHERE id=6274689
	-> Rows fetched before execution  (cost=0..0 rows=1)


table 4 : explain SELECT c FROM sbtest4 WHERE id=3268812
	-> Rows fetched before execution  (cost=0..0 rows=1)


table 5 : explain SELECT c FROM sbtest5 WHERE id=8374324
	-> Rows fetched before execution  (cost=0..0 rows=1)


table 6 : explain SELECT c FROM sbtest6 WHERE id=824371
	-> Rows fetched before execution  (cost=0..0 rows=1)


table 7 : explain SELECT c FROM sbtest7 WHERE id=8155573
	-> Rows fetched before execution  (cost=0..0 rows=1)


table 8 : explain SELECT c FROM sbtest8 WHERE id=9287897
	-> Rows fetched before execution  (cost=0..0 rows=1)


for: simple_ranges
table 1 : explain SELECT c FROM sbtest1 WHERE id BETWEEN 3633477 AND 3633576
	-> Filter: (sbtest1.id between 3633477 and 3633576)  (cost=20.4 rows=100)
    -> Index range scan on sbtest1 using PRIMARY over (3633477 <= id <= 3633576)  (cost=20.4 rows=100)


table 2 : explain SELECT c FROM sbtest2 WHERE id BETWEEN 4947780 AND 4947879
	-> Filter: (sbtest2.id between 4947780 and 4947879)  (cost=20.4 rows=100)
    -> Index range scan on sbtest2 using PRIMARY over (4947780 <= id <= 4947879)  (cost=20.4 rows=100)


table 3 : explain SELECT c FROM sbtest3 WHERE id BETWEEN 3794766 AND 3794865
	-> Filter: (sbtest3.id between 3794766 and 3794865)  (cost=20.4 rows=100)
    -> Index range scan on sbtest3 using PRIMARY over (3794766 <= id <= 3794865)  (cost=20.4 rows=100)


table 4 : explain SELECT c FROM sbtest4 WHERE id BETWEEN 315708 AND 315807
	-> Filter: (sbtest4.id between 315708 and 315807)  (cost=20.4 rows=100)
    -> Index range scan on sbtest4 using PRIMARY over (315708 <= id <= 315807)  (cost=20.4 rows=100)


table 5 : explain SELECT c FROM sbtest5 WHERE id BETWEEN 5416569 AND 5416668
	-> Filter: (sbtest5.id between 5416569 and 5416668)  (cost=20.4 rows=100)
    -> Index range scan on sbtest5 using PRIMARY over (5416569 <= id <= 5416668)  (cost=20.4 rows=100)


table 6 : explain SELECT c FROM sbtest6 WHERE id BETWEEN 1868485 AND 1868584
	-> Filter: (sbtest6.id between 1868485 and 1868584)  (cost=20.4 rows=100)
    -> Index range scan on sbtest6 using PRIMARY over (1868485 <= id <= 1868584)  (cost=20.4 rows=100)


table 7 : explain SELECT c FROM sbtest7 WHERE id BETWEEN 2364239 AND 2364338
	-> Filter: (sbtest7.id between 2364239 and 2364338)  (cost=20.4 rows=100)
    -> Index range scan on sbtest7 using PRIMARY over (2364239 <= id <= 2364338)  (cost=20.4 rows=100)


table 8 : explain SELECT c FROM sbtest8 WHERE id BETWEEN 3689865 AND 3689964
	-> Filter: (sbtest8.id between 3689865 and 3689964)  (cost=20.4 rows=100)
    -> Index range scan on sbtest8 using PRIMARY over (3689865 <= id <= 3689964)  (cost=20.4 rows=100)


for: simple_ranges
table 1 : explain SELECT c FROM sbtest1 WHERE id BETWEEN 6614276 AND 6614375
	-> Filter: (sbtest1.id between 6614276 and 6614375)  (cost=20.4 rows=100)
    -> Index range scan on sbtest1 using PRIMARY over (6614276 <= id <= 6614375)  (cost=20.4 rows=100)


table 2 : explain SELECT c FROM sbtest2 WHERE id BETWEEN 9079256 AND 9079355
	-> Filter: (sbtest2.id between 9079256 and 9079355)  (cost=20.4 rows=100)
    -> Index range scan on sbtest2 using PRIMARY over (9079256 <= id <= 9079355)  (cost=20.4 rows=100)


table 3 : explain SELECT c FROM sbtest3 WHERE id BETWEEN 5491902 AND 5492001
	-> Filter: (sbtest3.id between 5491902 and 5492001)  (cost=20.4 rows=100)
    -> Index range scan on sbtest3 using PRIMARY over (5491902 <= id <= 5492001)  (cost=20.4 rows=100)


table 4 : explain SELECT c FROM sbtest4 WHERE id BETWEEN 3974411 AND 3974510
	-> Filter: (sbtest4.id between 3974411 and 3974510)  (cost=20.4 rows=100)
    -> Index range scan on sbtest4 using PRIMARY over (3974411 <= id <= 3974510)  (cost=20.4 rows=100)


table 5 : explain SELECT c FROM sbtest5 WHERE id BETWEEN 574256 AND 574355
	-> Filter: (sbtest5.id between 574256 and 574355)  (cost=20.4 rows=100)
    -> Index range scan on sbtest5 using PRIMARY over (574256 <= id <= 574355)  (cost=20.4 rows=100)


table 6 : explain SELECT c FROM sbtest6 WHERE id BETWEEN 4287002 AND 4287101
	-> Filter: (sbtest6.id between 4287002 and 4287101)  (cost=20.4 rows=100)
    -> Index range scan on sbtest6 using PRIMARY over (4287002 <= id <= 4287101)  (cost=20.4 rows=100)


table 7 : explain SELECT c FROM sbtest7 WHERE id BETWEEN 9023645 AND 9023744
	-> Filter: (sbtest7.id between 9023645 and 9023744)  (cost=20.4 rows=100)
    -> Index range scan on sbtest7 using PRIMARY over (9023645 <= id <= 9023744)  (cost=20.4 rows=100)


table 8 : explain SELECT c FROM sbtest8 WHERE id BETWEEN 7476193 AND 7476292
	-> Filter: (sbtest8.id between 7476193 and 7476292)  (cost=20.4 rows=100)
    -> Index range scan on sbtest8 using PRIMARY over (7476193 <= id <= 7476292)  (cost=20.4 rows=100)


for: sum_ranges
table 1 : explain SELECT SUM(k) FROM sbtest1 WHERE id BETWEEN 274798 AND 274897
	-> Aggregate: sum(sbtest1.k)  (cost=43.5 rows=1)
    -> Filter: (sbtest1.id between 274798 and 274897)  (cost=20.4 rows=100)
        -> Index range scan on sbtest1 using PRIMARY over (274798 <= id <= 274897)  (cost=20.4 rows=100)


table 2 : explain SELECT SUM(k) FROM sbtest2 WHERE id BETWEEN 9418464 AND 9418563
	-> Aggregate: sum(sbtest2.k)  (cost=43.5 rows=1)
    -> Filter: (sbtest2.id between 9418464 and 9418563)  (cost=20.4 rows=100)
        -> Index range scan on sbtest2 using PRIMARY over (9418464 <= id <= 9418563)  (cost=20.4 rows=100)


table 3 : explain SELECT SUM(k) FROM sbtest3 WHERE id BETWEEN 4204365 AND 4204464
	-> Aggregate: sum(sbtest3.k)  (cost=43.5 rows=1)
    -> Filter: (sbtest3.id between 4204365 and 4204464)  (cost=20.4 rows=100)
        -> Index range scan on sbtest3 using PRIMARY over (4204365 <= id <= 4204464)  (cost=20.4 rows=100)


table 4 : explain SELECT SUM(k) FROM sbtest4 WHERE id BETWEEN 932884 AND 932983
	-> Aggregate: sum(sbtest4.k)  (cost=43.5 rows=1)
    -> Filter: (sbtest4.id between 932884 and 932983)  (cost=20.4 rows=100)
        -> Index range scan on sbtest4 using PRIMARY over (932884 <= id <= 932983)  (cost=20.4 rows=100)


table 5 : explain SELECT SUM(k) FROM sbtest5 WHERE id BETWEEN 2642468 AND 2642567
	-> Aggregate: sum(sbtest5.k)  (cost=43.5 rows=1)
    -> Filter: (sbtest5.id between 2642468 and 2642567)  (cost=20.4 rows=100)
        -> Index range scan on sbtest5 using PRIMARY over (2642468 <= id <= 2642567)  (cost=20.4 rows=100)


table 6 : explain SELECT SUM(k) FROM sbtest6 WHERE id BETWEEN 2680798 AND 2680897
	-> Aggregate: sum(sbtest6.k)  (cost=43.5 rows=1)
    -> Filter: (sbtest6.id between 2680798 and 2680897)  (cost=20.4 rows=100)
        -> Index range scan on sbtest6 using PRIMARY over (2680798 <= id <= 2680897)  (cost=20.4 rows=100)


table 7 : explain SELECT SUM(k) FROM sbtest7 WHERE id BETWEEN 6288805 AND 6288904
	-> Aggregate: sum(sbtest7.k)  (cost=43.5 rows=1)
    -> Filter: (sbtest7.id between 6288805 and 6288904)  (cost=20.4 rows=100)
        -> Index range scan on sbtest7 using PRIMARY over (6288805 <= id <= 6288904)  (cost=20.4 rows=100)


table 8 : explain SELECT SUM(k) FROM sbtest8 WHERE id BETWEEN 7350753 AND 7350852
	-> Aggregate: sum(sbtest8.k)  (cost=43.5 rows=1)
    -> Filter: (sbtest8.id between 7350753 and 7350852)  (cost=20.4 rows=100)
        -> Index range scan on sbtest8 using PRIMARY over (7350753 <= id <= 7350852)  (cost=20.4 rows=100)


for: sum_ranges
table 1 : explain SELECT SUM(k) FROM sbtest1 WHERE id BETWEEN 447662 AND 447761
	-> Aggregate: sum(sbtest1.k)  (cost=43.5 rows=1)
    -> Filter: (sbtest1.id between 447662 and 447761)  (cost=20.4 rows=100)
        -> Index range scan on sbtest1 using PRIMARY over (447662 <= id <= 447761)  (cost=20.4 rows=100)


table 2 : explain SELECT SUM(k) FROM sbtest2 WHERE id BETWEEN 2624960 AND 2625059
	-> Aggregate: sum(sbtest2.k)  (cost=43.5 rows=1)
    -> Filter: (sbtest2.id between 2624960 and 2625059)  (cost=20.4 rows=100)
        -> Index range scan on sbtest2 using PRIMARY over (2624960 <= id <= 2625059)  (cost=20.4 rows=100)


table 3 : explain SELECT SUM(k) FROM sbtest3 WHERE id BETWEEN 5975609 AND 5975708
	-> Aggregate: sum(sbtest3.k)  (cost=43.5 rows=1)
    -> Filter: (sbtest3.id between 5975609 and 5975708)  (cost=20.4 rows=100)
        -> Index range scan on sbtest3 using PRIMARY over (5975609 <= id <= 5975708)  (cost=20.4 rows=100)


table 4 : explain SELECT SUM(k) FROM sbtest4 WHERE id BETWEEN 3264595 AND 3264694
	-> Aggregate: sum(sbtest4.k)  (cost=43.5 rows=1)
    -> Filter: (sbtest4.id between 3264595 and 3264694)  (cost=20.4 rows=100)
        -> Index range scan on sbtest4 using PRIMARY over (3264595 <= id <= 3264694)  (cost=20.4 rows=100)


table 5 : explain SELECT SUM(k) FROM sbtest5 WHERE id BETWEEN 2166876 AND 2166975
	-> Aggregate: sum(sbtest5.k)  (cost=43.5 rows=1)
    -> Filter: (sbtest5.id between 2166876 and 2166975)  (cost=20.4 rows=100)
        -> Index range scan on sbtest5 using PRIMARY over (2166876 <= id <= 2166975)  (cost=20.4 rows=100)


table 6 : explain SELECT SUM(k) FROM sbtest6 WHERE id BETWEEN 9443110 AND 9443209
	-> Aggregate: sum(sbtest6.k)  (cost=43.5 rows=1)
    -> Filter: (sbtest6.id between 9443110 and 9443209)  (cost=20.4 rows=100)
        -> Index range scan on sbtest6 using PRIMARY over (9443110 <= id <= 9443209)  (cost=20.4 rows=100)


table 7 : explain SELECT SUM(k) FROM sbtest7 WHERE id BETWEEN 5671463 AND 5671562
	-> Aggregate: sum(sbtest7.k)  (cost=43.5 rows=1)
    -> Filter: (sbtest7.id between 5671463 and 5671562)  (cost=20.4 rows=100)
        -> Index range scan on sbtest7 using PRIMARY over (5671463 <= id <= 5671562)  (cost=20.4 rows=100)


table 8 : explain SELECT SUM(k) FROM sbtest8 WHERE id BETWEEN 9824406 AND 9824505
	-> Aggregate: sum(sbtest8.k)  (cost=43.5 rows=1)
    -> Filter: (sbtest8.id between 9824406 and 9824505)  (cost=20.4 rows=100)
        -> Index range scan on sbtest8 using PRIMARY over (9824406 <= id <= 9824505)  (cost=20.4 rows=100)


for: simple_ranges
table 1 : explain SELECT c FROM sbtest1 WHERE id BETWEEN 7570664 AND 7570763
	-> Filter: (sbtest1.id between 7570664 and 7570763)  (cost=20.4 rows=100)
    -> Index range scan on sbtest1 using PRIMARY over (7570664 <= id <= 7570763)  (cost=20.4 rows=100)


table 2 : explain SELECT c FROM sbtest2 WHERE id BETWEEN 7502324 AND 7502423
	-> Filter: (sbtest2.id between 7502324 and 7502423)  (cost=20.4 rows=100)
    -> Index range scan on sbtest2 using PRIMARY over (7502324 <= id <= 7502423)  (cost=20.4 rows=100)


table 3 : explain SELECT c FROM sbtest3 WHERE id BETWEEN 4696901 AND 4697000
	-> Filter: (sbtest3.id between 4696901 and 4697000)  (cost=20.4 rows=100)
    -> Index range scan on sbtest3 using PRIMARY over (4696901 <= id <= 4697000)  (cost=20.4 rows=100)


table 4 : explain SELECT c FROM sbtest4 WHERE id BETWEEN 2205397 AND 2205496
	-> Filter: (sbtest4.id between 2205397 and 2205496)  (cost=20.4 rows=100)
    -> Index range scan on sbtest4 using PRIMARY over (2205397 <= id <= 2205496)  (cost=20.4 rows=100)


table 5 : explain SELECT c FROM sbtest5 WHERE id BETWEEN 1094636 AND 1094735
	-> Filter: (sbtest5.id between 1094636 and 1094735)  (cost=20.4 rows=100)
    -> Index range scan on sbtest5 using PRIMARY over (1094636 <= id <= 1094735)  (cost=20.4 rows=100)


table 6 : explain SELECT c FROM sbtest6 WHERE id BETWEEN 6766457 AND 6766556
	-> Filter: (sbtest6.id between 6766457 and 6766556)  (cost=20.4 rows=100)
    -> Index range scan on sbtest6 using PRIMARY over (6766457 <= id <= 6766556)  (cost=20.4 rows=100)


table 7 : explain SELECT c FROM sbtest7 WHERE id BETWEEN 938853 AND 938952
	-> Filter: (sbtest7.id between 938853 and 938952)  (cost=20.4 rows=100)
    -> Index range scan on sbtest7 using PRIMARY over (938853 <= id <= 938952)  (cost=20.4 rows=100)


table 8 : explain SELECT c FROM sbtest8 WHERE id BETWEEN 2410876 AND 2410975
	-> Filter: (sbtest8.id between 2410876 and 2410975)  (cost=20.4 rows=100)
    -> Index range scan on sbtest8 using PRIMARY over (2410876 <= id <= 2410975)  (cost=20.4 rows=100)


for: simple_ranges
table 1 : explain SELECT c FROM sbtest1 WHERE id BETWEEN 6474902 AND 6475001
	-> Filter: (sbtest1.id between 6474902 and 6475001)  (cost=20.4 rows=100)
    -> Index range scan on sbtest1 using PRIMARY over (6474902 <= id <= 6475001)  (cost=20.4 rows=100)


table 2 : explain SELECT c FROM sbtest2 WHERE id BETWEEN 8568038 AND 8568137
	-> Filter: (sbtest2.id between 8568038 and 8568137)  (cost=20.4 rows=100)
    -> Index range scan on sbtest2 using PRIMARY over (8568038 <= id <= 8568137)  (cost=20.4 rows=100)


table 3 : explain SELECT c FROM sbtest3 WHERE id BETWEEN 6845555 AND 6845654
	-> Filter: (sbtest3.id between 6845555 and 6845654)  (cost=20.4 rows=100)
    -> Index range scan on sbtest3 using PRIMARY over (6845555 <= id <= 6845654)  (cost=20.4 rows=100)


table 4 : explain SELECT c FROM sbtest4 WHERE id BETWEEN 1296359 AND 1296458
	-> Filter: (sbtest4.id between 1296359 and 1296458)  (cost=20.4 rows=100)
    -> Index range scan on sbtest4 using PRIMARY over (1296359 <= id <= 1296458)  (cost=20.4 rows=100)


table 5 : explain SELECT c FROM sbtest5 WHERE id BETWEEN 7087682 AND 7087781
	-> Filter: (sbtest5.id between 7087682 and 7087781)  (cost=20.4 rows=100)
    -> Index range scan on sbtest5 using PRIMARY over (7087682 <= id <= 7087781)  (cost=20.4 rows=100)


table 6 : explain SELECT c FROM sbtest6 WHERE id BETWEEN 173040 AND 173139
	-> Filter: (sbtest6.id between 173040 and 173139)  (cost=20.4 rows=100)
    -> Index range scan on sbtest6 using PRIMARY over (173040 <= id <= 173139)  (cost=20.4 rows=100)


table 7 : explain SELECT c FROM sbtest7 WHERE id BETWEEN 9552504 AND 9552603
	-> Filter: (sbtest7.id between 9552504 and 9552603)  (cost=20.4 rows=100)
    -> Index range scan on sbtest7 using PRIMARY over (9552504 <= id <= 9552603)  (cost=20.4 rows=100)


table 8 : explain SELECT c FROM sbtest8 WHERE id BETWEEN 3485065 AND 3485164
	-> Filter: (sbtest8.id between 3485065 and 3485164)  (cost=20.4 rows=100)
    -> Index range scan on sbtest8 using PRIMARY over (3485065 <= id <= 3485164)  (cost=20.4 rows=100)


for point_selects
table 1 : explain SELECT c FROM sbtest1 WHERE id=3284649
	-> Rows fetched before execution  (cost=0..0 rows=1)


table 2 : explain SELECT c FROM sbtest2 WHERE id=4448064
	-> Rows fetched before execution  (cost=0..0 rows=1)


table 3 : explain SELECT c FROM sbtest3 WHERE id=2507358
	-> Rows fetched before execution  (cost=0..0 rows=1)


table 4 : explain SELECT c FROM sbtest4 WHERE id=9329289
	-> Rows fetched before execution  (cost=0..0 rows=1)


table 5 : explain SELECT c FROM sbtest5 WHERE id=6372715
	-> Rows fetched before execution  (cost=0..0 rows=1)


table 6 : explain SELECT c FROM sbtest6 WHERE id=8314489
	-> Rows fetched before execution  (cost=0..0 rows=1)


table 7 : explain SELECT c FROM sbtest7 WHERE id=4754924
	-> Rows fetched before execution  (cost=0..0 rows=1)


table 8 : explain SELECT c FROM sbtest8 WHERE id=9333878
	-> Rows fetched before execution  (cost=0..0 rows=1)


for: simple_ranges
table 1 : explain SELECT c FROM sbtest1 WHERE id BETWEEN 7062754 AND 7062853
	-> Filter: (sbtest1.id between 7062754 and 7062853)  (cost=20.4 rows=100)
    -> Index range scan on sbtest1 using PRIMARY over (7062754 <= id <= 7062853)  (cost=20.4 rows=100)


table 2 : explain SELECT c FROM sbtest2 WHERE id BETWEEN 2185544 AND 2185643
	-> Filter: (sbtest2.id between 2185544 and 2185643)  (cost=20.4 rows=100)
    -> Index range scan on sbtest2 using PRIMARY over (2185544 <= id <= 2185643)  (cost=20.4 rows=100)


table 3 : explain SELECT c FROM sbtest3 WHERE id BETWEEN 3617406 AND 3617505
	-> Filter: (sbtest3.id between 3617406 and 3617505)  (cost=20.4 rows=100)
    -> Index range scan on sbtest3 using PRIMARY over (3617406 <= id <= 3617505)  (cost=20.4 rows=100)


table 4 : explain SELECT c FROM sbtest4 WHERE id BETWEEN 8022256 AND 8022355
	-> Filter: (sbtest4.id between 8022256 and 8022355)  (cost=20.4 rows=100)
    -> Index range scan on sbtest4 using PRIMARY over (8022256 <= id <= 8022355)  (cost=20.4 rows=100)


table 5 : explain SELECT c FROM sbtest5 WHERE id BETWEEN 6834583 AND 6834682
	-> Filter: (sbtest5.id between 6834583 and 6834682)  (cost=20.4 rows=100)
    -> Index range scan on sbtest5 using PRIMARY over (6834583 <= id <= 6834682)  (cost=20.4 rows=100)


table 6 : explain SELECT c FROM sbtest6 WHERE id BETWEEN 2536342 AND 2536441
	-> Filter: (sbtest6.id between 2536342 and 2536441)  (cost=20.4 rows=100)
    -> Index range scan on sbtest6 using PRIMARY over (2536342 <= id <= 2536441)  (cost=20.4 rows=100)


table 7 : explain SELECT c FROM sbtest7 WHERE id BETWEEN 3109826 AND 3109925
	-> Filter: (sbtest7.id between 3109826 and 3109925)  (cost=20.4 rows=100)
    -> Index range scan on sbtest7 using PRIMARY over (3109826 <= id <= 3109925)  (cost=20.4 rows=100)


table 8 : explain SELECT c FROM sbtest8 WHERE id BETWEEN 4604286 AND 4604385
	-> Filter: (sbtest8.id between 4604286 and 4604385)  (cost=20.4 rows=100)
    -> Index range scan on sbtest8 using PRIMARY over (4604286 <= id <= 4604385)  (cost=20.4 rows=100)


for: simple_ranges
table 1 : explain SELECT c FROM sbtest1 WHERE id BETWEEN 5899125 AND 5899224
	-> Filter: (sbtest1.id between 5899125 and 5899224)  (cost=20.4 rows=100)
    -> Index range scan on sbtest1 using PRIMARY over (5899125 <= id <= 5899224)  (cost=20.4 rows=100)


table 2 : explain SELECT c FROM sbtest2 WHERE id BETWEEN 5189888 AND 5189987
	-> Filter: (sbtest2.id between 5189888 and 5189987)  (cost=20.4 rows=100)
    -> Index range scan on sbtest2 using PRIMARY over (5189888 <= id <= 5189987)  (cost=20.4 rows=100)


table 3 : explain SELECT c FROM sbtest3 WHERE id BETWEEN 3904508 AND 3904607
	-> Filter: (sbtest3.id between 3904508 and 3904607)  (cost=20.4 rows=100)
    -> Index range scan on sbtest3 using PRIMARY over (3904508 <= id <= 3904607)  (cost=20.4 rows=100)


table 4 : explain SELECT c FROM sbtest4 WHERE id BETWEEN 1882701 AND 1882800
	-> Filter: (sbtest4.id between 1882701 and 1882800)  (cost=20.4 rows=100)
    -> Index range scan on sbtest4 using PRIMARY over (1882701 <= id <= 1882800)  (cost=20.4 rows=100)


table 5 : explain SELECT c FROM sbtest5 WHERE id BETWEEN 171904 AND 172003
	-> Filter: (sbtest5.id between 171904 and 172003)  (cost=20.4 rows=100)
    -> Index range scan on sbtest5 using PRIMARY over (171904 <= id <= 172003)  (cost=20.4 rows=100)


table 6 : explain SELECT c FROM sbtest6 WHERE id BETWEEN 9115887 AND 9115986
	-> Filter: (sbtest6.id between 9115887 and 9115986)  (cost=20.4 rows=100)
    -> Index range scan on sbtest6 using PRIMARY over (9115887 <= id <= 9115986)  (cost=20.4 rows=100)


table 7 : explain SELECT c FROM sbtest7 WHERE id BETWEEN 9880107 AND 9880206
	-> Filter: (sbtest7.id between 9880107 and 9880206)  (cost=20.4 rows=100)
    -> Index range scan on sbtest7 using PRIMARY over (9880107 <= id <= 9880206)  (cost=20.4 rows=100)


table 8 : explain SELECT c FROM sbtest8 WHERE id BETWEEN 4563560 AND 4563659
	-> Filter: (sbtest8.id between 4563560 and 4563659)  (cost=20.4 rows=100)
    -> Index range scan on sbtest8 using PRIMARY over (4563560 <= id <= 4563659)  (cost=20.4 rows=100)


for: simple_ranges
table 1 : explain SELECT c FROM sbtest1 WHERE id BETWEEN 6075906 AND 6076005
	-> Filter: (sbtest1.id between 6075906 and 6076005)  (cost=20.4 rows=100)
    -> Index range scan on sbtest1 using PRIMARY over (6075906 <= id <= 6076005)  (cost=20.4 rows=100)


table 2 : explain SELECT c FROM sbtest2 WHERE id BETWEEN 3578028 AND 3578127
	-> Filter: (sbtest2.id between 3578028 and 3578127)  (cost=20.4 rows=100)
    -> Index range scan on sbtest2 using PRIMARY over (3578028 <= id <= 3578127)  (cost=20.4 rows=100)


table 3 : explain SELECT c FROM sbtest3 WHERE id BETWEEN 4321810 AND 4321909
	-> Filter: (sbtest3.id between 4321810 and 4321909)  (cost=20.4 rows=100)
    -> Index range scan on sbtest3 using PRIMARY over (4321810 <= id <= 4321909)  (cost=20.4 rows=100)


table 4 : explain SELECT c FROM sbtest4 WHERE id BETWEEN 7881553 AND 7881652
	-> Filter: (sbtest4.id between 7881553 and 7881652)  (cost=20.4 rows=100)
    -> Index range scan on sbtest4 using PRIMARY over (7881553 <= id <= 7881652)  (cost=20.4 rows=100)


table 5 : explain SELECT c FROM sbtest5 WHERE id BETWEEN 996566 AND 996665
	-> Filter: (sbtest5.id between 996566 and 996665)  (cost=20.4 rows=100)
    -> Index range scan on sbtest5 using PRIMARY over (996566 <= id <= 996665)  (cost=20.4 rows=100)


table 6 : explain SELECT c FROM sbtest6 WHERE id BETWEEN 4082774 AND 4082873
	-> Filter: (sbtest6.id between 4082774 and 4082873)  (cost=20.4 rows=100)
    -> Index range scan on sbtest6 using PRIMARY over (4082774 <= id <= 4082873)  (cost=20.4 rows=100)


table 7 : explain SELECT c FROM sbtest7 WHERE id BETWEEN 4489681 AND 4489780
	-> Filter: (sbtest7.id between 4489681 and 4489780)  (cost=20.4 rows=100)
    -> Index range scan on sbtest7 using PRIMARY over (4489681 <= id <= 4489780)  (cost=20.4 rows=100)


table 8 : explain SELECT c FROM sbtest8 WHERE id BETWEEN 5905513 AND 5905612
	-> Filter: (sbtest8.id between 5905513 and 5905612)  (cost=20.4 rows=100)
    -> Index range scan on sbtest8 using PRIMARY over (5905513 <= id <= 5905612)  (cost=20.4 rows=100)


for: simple_ranges
table 1 : explain SELECT c FROM sbtest1 WHERE id BETWEEN 7103572 AND 7103671
	-> Filter: (sbtest1.id between 7103572 and 7103671)  (cost=20.4 rows=100)
    -> Index range scan on sbtest1 using PRIMARY over (7103572 <= id <= 7103671)  (cost=20.4 rows=100)


table 2 : explain SELECT c FROM sbtest2 WHERE id BETWEEN 3136057 AND 3136156
	-> Filter: (sbtest2.id between 3136057 and 3136156)  (cost=20.4 rows=100)
    -> Index range scan on sbtest2 using PRIMARY over (3136057 <= id <= 3136156)  (cost=20.4 rows=100)


table 3 : explain SELECT c FROM sbtest3 WHERE id BETWEEN 8243711 AND 8243810
	-> Filter: (sbtest3.id between 8243711 and 8243810)  (cost=20.4 rows=100)
    -> Index range scan on sbtest3 using PRIMARY over (8243711 <= id <= 8243810)  (cost=20.4 rows=100)


table 4 : explain SELECT c FROM sbtest4 WHERE id BETWEEN 6625157 AND 6625256
	-> Filter: (sbtest4.id between 6625157 and 6625256)  (cost=20.4 rows=100)
    -> Index range scan on sbtest4 using PRIMARY over (6625157 <= id <= 6625256)  (cost=20.4 rows=100)


table 5 : explain SELECT c FROM sbtest5 WHERE id BETWEEN 3928516 AND 3928615
	-> Filter: (sbtest5.id between 3928516 and 3928615)  (cost=20.4 rows=100)
    -> Index range scan on sbtest5 using PRIMARY over (3928516 <= id <= 3928615)  (cost=20.4 rows=100)


table 6 : explain SELECT c FROM sbtest6 WHERE id BETWEEN 6509762 AND 6509861
	-> Filter: (sbtest6.id between 6509762 and 6509861)  (cost=20.4 rows=100)
    -> Index range scan on sbtest6 using PRIMARY over (6509762 <= id <= 6509861)  (cost=20.4 rows=100)


table 7 : explain SELECT c FROM sbtest7 WHERE id BETWEEN 2328575 AND 2328674
	-> Filter: (sbtest7.id between 2328575 and 2328674)  (cost=20.4 rows=100)
    -> Index range scan on sbtest7 using PRIMARY over (2328575 <= id <= 2328674)  (cost=20.4 rows=100)


table 8 : explain SELECT c FROM sbtest8 WHERE id BETWEEN 4006582 AND 4006681
	-> Filter: (sbtest8.id between 4006582 and 4006681)  (cost=20.4 rows=100)
    -> Index range scan on sbtest8 using PRIMARY over (4006582 <= id <= 4006681)  (cost=20.4 rows=100)


for: simple_ranges
table 1 : explain SELECT c FROM sbtest1 WHERE id BETWEEN 6423940 AND 6424039
	-> Filter: (sbtest1.id between 6423940 and 6424039)  (cost=20.4 rows=100)
    -> Index range scan on sbtest1 using PRIMARY over (6423940 <= id <= 6424039)  (cost=20.4 rows=100)


table 2 : explain SELECT c FROM sbtest2 WHERE id BETWEEN 8710278 AND 8710377
	-> Filter: (sbtest2.id between 8710278 and 8710377)  (cost=20.4 rows=100)
    -> Index range scan on sbtest2 using PRIMARY over (8710278 <= id <= 8710377)  (cost=20.4 rows=100)


table 3 : explain SELECT c FROM sbtest3 WHERE id BETWEEN 2429104 AND 2429203
	-> Filter: (sbtest3.id between 2429104 and 2429203)  (cost=20.4 rows=100)
    -> Index range scan on sbtest3 using PRIMARY over (2429104 <= id <= 2429203)  (cost=20.4 rows=100)


table 4 : explain SELECT c FROM sbtest4 WHERE id BETWEEN 6297413 AND 6297512
	-> Filter: (sbtest4.id between 6297413 and 6297512)  (cost=20.4 rows=100)
    -> Index range scan on sbtest4 using PRIMARY over (6297413 <= id <= 6297512)  (cost=20.4 rows=100)


table 5 : explain SELECT c FROM sbtest5 WHERE id BETWEEN 743754 AND 743853
	-> Filter: (sbtest5.id between 743754 and 743853)  (cost=20.4 rows=100)
    -> Index range scan on sbtest5 using PRIMARY over (743754 <= id <= 743853)  (cost=20.4 rows=100)


table 6 : explain SELECT c FROM sbtest6 WHERE id BETWEEN 3515944 AND 3516043
	-> Filter: (sbtest6.id between 3515944 and 3516043)  (cost=20.4 rows=100)
    -> Index range scan on sbtest6 using PRIMARY over (3515944 <= id <= 3516043)  (cost=20.4 rows=100)


table 7 : explain SELECT c FROM sbtest7 WHERE id BETWEEN 3955712 AND 3955811
	-> Filter: (sbtest7.id between 3955712 and 3955811)  (cost=20.4 rows=100)
    -> Index range scan on sbtest7 using PRIMARY over (3955712 <= id <= 3955811)  (cost=20.4 rows=100)


table 8 : explain SELECT c FROM sbtest8 WHERE id BETWEEN 8853908 AND 8854007
	-> Filter: (sbtest8.id between 8853908 and 8854007)  (cost=20.4 rows=100)
    -> Index range scan on sbtest8 using PRIMARY over (8853908 <= id <= 8854007)  (cost=20.4 rows=100)


for: sum_ranges
table 1 : explain SELECT SUM(k) FROM sbtest1 WHERE id BETWEEN 9119666 AND 9119765
	-> Aggregate: sum(sbtest1.k)  (cost=43.5 rows=1)
    -> Filter: (sbtest1.id between 9119666 and 9119765)  (cost=20.4 rows=100)
        -> Index range scan on sbtest1 using PRIMARY over (9119666 <= id <= 9119765)  (cost=20.4 rows=100)


table 2 : explain SELECT SUM(k) FROM sbtest2 WHERE id BETWEEN 5394511 AND 5394610
	-> Aggregate: sum(sbtest2.k)  (cost=43.5 rows=1)
    -> Filter: (sbtest2.id between 5394511 and 5394610)  (cost=20.4 rows=100)
        -> Index range scan on sbtest2 using PRIMARY over (5394511 <= id <= 5394610)  (cost=20.4 rows=100)


table 3 : explain SELECT SUM(k) FROM sbtest3 WHERE id BETWEEN 9261114 AND 9261213
	-> Aggregate: sum(sbtest3.k)  (cost=43.5 rows=1)
    -> Filter: (sbtest3.id between 9261114 and 9261213)  (cost=20.4 rows=100)
        -> Index range scan on sbtest3 using PRIMARY over (9261114 <= id <= 9261213)  (cost=20.4 rows=100)


table 4 : explain SELECT SUM(k) FROM sbtest4 WHERE id BETWEEN 2250293 AND 2250392
	-> Aggregate: sum(sbtest4.k)  (cost=43.5 rows=1)
    -> Filter: (sbtest4.id between 2250293 and 2250392)  (cost=20.4 rows=100)
        -> Index range scan on sbtest4 using PRIMARY over (2250293 <= id <= 2250392)  (cost=20.4 rows=100)


table 5 : explain SELECT SUM(k) FROM sbtest5 WHERE id BETWEEN 2556609 AND 2556708
	-> Aggregate: sum(sbtest5.k)  (cost=43.5 rows=1)
    -> Filter: (sbtest5.id between 2556609 and 2556708)  (cost=20.4 rows=100)
        -> Index range scan on sbtest5 using PRIMARY over (2556609 <= id <= 2556708)  (cost=20.4 rows=100)


table 6 : explain SELECT SUM(k) FROM sbtest6 WHERE id BETWEEN 4381423 AND 4381522
	-> Aggregate: sum(sbtest6.k)  (cost=43.5 rows=1)
    -> Filter: (sbtest6.id between 4381423 and 4381522)  (cost=20.4 rows=100)
        -> Index range scan on sbtest6 using PRIMARY over (4381423 <= id <= 4381522)  (cost=20.4 rows=100)


table 7 : explain SELECT SUM(k) FROM sbtest7 WHERE id BETWEEN 7910246 AND 7910345
	-> Aggregate: sum(sbtest7.k)  (cost=43.5 rows=1)
    -> Filter: (sbtest7.id between 7910246 and 7910345)  (cost=20.4 rows=100)
        -> Index range scan on sbtest7 using PRIMARY over (7910246 <= id <= 7910345)  (cost=20.4 rows=100)


table 8 : explain SELECT SUM(k) FROM sbtest8 WHERE id BETWEEN 1704744 AND 1704843
	-> Aggregate: sum(sbtest8.k)  (cost=43.5 rows=1)
    -> Filter: (sbtest8.id between 1704744 and 1704843)  (cost=20.4 rows=100)
        -> Index range scan on sbtest8 using PRIMARY over (1704744 <= id <= 1704843)  (cost=20.4 rows=100)


for: simple_ranges
table 1 : explain SELECT c FROM sbtest1 WHERE id BETWEEN 7648614 AND 7648713
	-> Filter: (sbtest1.id between 7648614 and 7648713)  (cost=20.4 rows=100)
    -> Index range scan on sbtest1 using PRIMARY over (7648614 <= id <= 7648713)  (cost=20.4 rows=100)


table 2 : explain SELECT c FROM sbtest2 WHERE id BETWEEN 7482161 AND 7482260
	-> Filter: (sbtest2.id between 7482161 and 7482260)  (cost=20.4 rows=100)
    -> Index range scan on sbtest2 using PRIMARY over (7482161 <= id <= 7482260)  (cost=20.4 rows=100)


table 3 : explain SELECT c FROM sbtest3 WHERE id BETWEEN 3774886 AND 3774985
	-> Filter: (sbtest3.id between 3774886 and 3774985)  (cost=20.4 rows=100)
    -> Index range scan on sbtest3 using PRIMARY over (3774886 <= id <= 3774985)  (cost=20.4 rows=100)


table 4 : explain SELECT c FROM sbtest4 WHERE id BETWEEN 453145 AND 453244
	-> Filter: (sbtest4.id between 453145 and 453244)  (cost=20.4 rows=100)
    -> Index range scan on sbtest4 using PRIMARY over (453145 <= id <= 453244)  (cost=20.4 rows=100)


table 5 : explain SELECT c FROM sbtest5 WHERE id BETWEEN 9554219 AND 9554318
	-> Filter: (sbtest5.id between 9554219 and 9554318)  (cost=20.4 rows=100)
    -> Index range scan on sbtest5 using PRIMARY over (9554219 <= id <= 9554318)  (cost=20.4 rows=100)


table 6 : explain SELECT c FROM sbtest6 WHERE id BETWEEN 9952100 AND 9952199
	-> Filter: (sbtest6.id between 9952100 and 9952199)  (cost=20.4 rows=100)
    -> Index range scan on sbtest6 using PRIMARY over (9952100 <= id <= 9952199)  (cost=20.4 rows=100)


table 7 : explain SELECT c FROM sbtest7 WHERE id BETWEEN 3421886 AND 3421985
	-> Filter: (sbtest7.id between 3421886 and 3421985)  (cost=20.4 rows=100)
    -> Index range scan on sbtest7 using PRIMARY over (3421886 <= id <= 3421985)  (cost=20.4 rows=100)


table 8 : explain SELECT c FROM sbtest8 WHERE id BETWEEN 5108810 AND 5108909
	-> Filter: (sbtest8.id between 5108810 and 5108909)  (cost=20.4 rows=100)
    -> Index range scan on sbtest8 using PRIMARY over (5108810 <= id <= 5108909)  (cost=20.4 rows=100)


for: sum_ranges
table 1 : explain SELECT SUM(k) FROM sbtest1 WHERE id BETWEEN 7318153 AND 7318252
	-> Aggregate: sum(sbtest1.k)  (cost=43.5 rows=1)
    -> Filter: (sbtest1.id between 7318153 and 7318252)  (cost=20.4 rows=100)
        -> Index range scan on sbtest1 using PRIMARY over (7318153 <= id <= 7318252)  (cost=20.4 rows=100)


table 2 : explain SELECT SUM(k) FROM sbtest2 WHERE id BETWEEN 1917570 AND 1917669
	-> Aggregate: sum(sbtest2.k)  (cost=43.5 rows=1)
    -> Filter: (sbtest2.id between 1917570 and 1917669)  (cost=20.4 rows=100)
        -> Index range scan on sbtest2 using PRIMARY over (1917570 <= id <= 1917669)  (cost=20.4 rows=100)


table 3 : explain SELECT SUM(k) FROM sbtest3 WHERE id BETWEEN 9427403 AND 9427502
	-> Aggregate: sum(sbtest3.k)  (cost=43.5 rows=1)
    -> Filter: (sbtest3.id between 9427403 and 9427502)  (cost=20.4 rows=100)
        -> Index range scan on sbtest3 using PRIMARY over (9427403 <= id <= 9427502)  (cost=20.4 rows=100)


table 4 : explain SELECT SUM(k) FROM sbtest4 WHERE id BETWEEN 6064346 AND 6064445
	-> Aggregate: sum(sbtest4.k)  (cost=43.5 rows=1)
    -> Filter: (sbtest4.id between 6064346 and 6064445)  (cost=20.4 rows=100)
        -> Index range scan on sbtest4 using PRIMARY over (6064346 <= id <= 6064445)  (cost=20.4 rows=100)


table 5 : explain SELECT SUM(k) FROM sbtest5 WHERE id BETWEEN 1698974 AND 1699073
	-> Aggregate: sum(sbtest5.k)  (cost=43.5 rows=1)
    -> Filter: (sbtest5.id between 1698974 and 1699073)  (cost=20.4 rows=100)
        -> Index range scan on sbtest5 using PRIMARY over (1698974 <= id <= 1699073)  (cost=20.4 rows=100)


table 6 : explain SELECT SUM(k) FROM sbtest6 WHERE id BETWEEN 8349893 AND 8349992
	-> Aggregate: sum(sbtest6.k)  (cost=43.5 rows=1)
    -> Filter: (sbtest6.id between 8349893 and 8349992)  (cost=20.4 rows=100)
        -> Index range scan on sbtest6 using PRIMARY over (8349893 <= id <= 8349992)  (cost=20.4 rows=100)


table 7 : explain SELECT SUM(k) FROM sbtest7 WHERE id BETWEEN 383331 AND 383430
	-> Aggregate: sum(sbtest7.k)  (cost=43.5 rows=1)
    -> Filter: (sbtest7.id between 383331 and 383430)  (cost=20.4 rows=100)
        -> Index range scan on sbtest7 using PRIMARY over (383331 <= id <= 383430)  (cost=20.4 rows=100)


table 8 : explain SELECT SUM(k) FROM sbtest8 WHERE id BETWEEN 8445272 AND 8445371
	-> Aggregate: sum(sbtest8.k)  (cost=43.5 rows=1)
    -> Filter: (sbtest8.id between 8445272 and 8445371)  (cost=20.4 rows=100)
        -> Index range scan on sbtest8 using PRIMARY over (8445272 <= id <= 8445371)  (cost=20.4 rows=100)


for point_selects
table 1 : explain SELECT c FROM sbtest1 WHERE id=2298004
	-> Rows fetched before execution  (cost=0..0 rows=1)


table 2 : explain SELECT c FROM sbtest2 WHERE id=2838602
	-> Rows fetched before execution  (cost=0..0 rows=1)


table 3 : explain SELECT c FROM sbtest3 WHERE id=2752036
	-> Rows fetched before execution  (cost=0..0 rows=1)


table 4 : explain SELECT c FROM sbtest4 WHERE id=6922104
	-> Rows fetched before execution  (cost=0..0 rows=1)


table 5 : explain SELECT c FROM sbtest5 WHERE id=6933595
	-> Rows fetched before execution  (cost=0..0 rows=1)


table 6 : explain SELECT c FROM sbtest6 WHERE id=8748686
	-> Rows fetched before execution  (cost=0..0 rows=1)


table 7 : explain SELECT c FROM sbtest7 WHERE id=2598322
	-> Rows fetched before execution  (cost=0..0 rows=1)


table 8 : explain SELECT c FROM sbtest8 WHERE id=104059
	-> Rows fetched before execution  (cost=0..0 rows=1)


for point_selects
table 1 : explain SELECT c FROM sbtest1 WHERE id=5171641
	-> Rows fetched before execution  (cost=0..0 rows=1)


table 2 : explain SELECT c FROM sbtest2 WHERE id=1186248
	-> Rows fetched before execution  (cost=0..0 rows=1)


table 3 : explain SELECT c FROM sbtest3 WHERE id=4801460
	-> Rows fetched before execution  (cost=0..0 rows=1)


table 4 : explain SELECT c FROM sbtest4 WHERE id=4437347
	-> Rows fetched before execution  (cost=0..0 rows=1)


table 5 : explain SELECT c FROM sbtest5 WHERE id=126803
	-> Rows fetched before execution  (cost=0..0 rows=1)


table 6 : explain SELECT c FROM sbtest6 WHERE id=3464369
	-> Rows fetched before execution  (cost=0..0 rows=1)


table 7 : explain SELECT c FROM sbtest7 WHERE id=9778159
	-> Rows fetched before execution  (cost=0..0 rows=1)


table 8 : explain SELECT c FROM sbtest8 WHERE id=7452262
	-> Rows fetched before execution  (cost=0..0 rows=1)


for: sum_ranges
table 1 : explain SELECT SUM(k) FROM sbtest1 WHERE id BETWEEN 8046548 AND 8046647
	-> Aggregate: sum(sbtest1.k)  (cost=43.5 rows=1)
    -> Filter: (sbtest1.id between 8046548 and 8046647)  (cost=20.4 rows=100)
        -> Index range scan on sbtest1 using PRIMARY over (8046548 <= id <= 8046647)  (cost=20.4 rows=100)


table 2 : explain SELECT SUM(k) FROM sbtest2 WHERE id BETWEEN 4400396 AND 4400495
	-> Aggregate: sum(sbtest2.k)  (cost=43.5 rows=1)
    -> Filter: (sbtest2.id between 4400396 and 4400495)  (cost=20.4 rows=100)
        -> Index range scan on sbtest2 using PRIMARY over (4400396 <= id <= 4400495)  (cost=20.4 rows=100)


table 3 : explain SELECT SUM(k) FROM sbtest3 WHERE id BETWEEN 4806678 AND 4806777
	-> Aggregate: sum(sbtest3.k)  (cost=43.5 rows=1)
    -> Filter: (sbtest3.id between 4806678 and 4806777)  (cost=20.4 rows=100)
        -> Index range scan on sbtest3 using PRIMARY over (4806678 <= id <= 4806777)  (cost=20.4 rows=100)


table 4 : explain SELECT SUM(k) FROM sbtest4 WHERE id BETWEEN 7925098 AND 7925197
	-> Aggregate: sum(sbtest4.k)  (cost=43.5 rows=1)
    -> Filter: (sbtest4.id between 7925098 and 7925197)  (cost=20.4 rows=100)
        -> Index range scan on sbtest4 using PRIMARY over (7925098 <= id <= 7925197)  (cost=20.4 rows=100)


table 5 : explain SELECT SUM(k) FROM sbtest5 WHERE id BETWEEN 2536463 AND 2536562
	-> Aggregate: sum(sbtest5.k)  (cost=43.5 rows=1)
    -> Filter: (sbtest5.id between 2536463 and 2536562)  (cost=20.4 rows=100)
        -> Index range scan on sbtest5 using PRIMARY over (2536463 <= id <= 2536562)  (cost=20.4 rows=100)


table 6 : explain SELECT SUM(k) FROM sbtest6 WHERE id BETWEEN 6492486 AND 6492585
	-> Aggregate: sum(sbtest6.k)  (cost=43.5 rows=1)
    -> Filter: (sbtest6.id between 6492486 and 6492585)  (cost=20.4 rows=100)
        -> Index range scan on sbtest6 using PRIMARY over (6492486 <= id <= 6492585)  (cost=20.4 rows=100)


table 7 : explain SELECT SUM(k) FROM sbtest7 WHERE id BETWEEN 6838186 AND 6838285
	-> Aggregate: sum(sbtest7.k)  (cost=43.5 rows=1)
    -> Filter: (sbtest7.id between 6838186 and 6838285)  (cost=20.4 rows=100)
        -> Index range scan on sbtest7 using PRIMARY over (6838186 <= id <= 6838285)  (cost=20.4 rows=100)


table 8 : explain SELECT SUM(k) FROM sbtest8 WHERE id BETWEEN 3789693 AND 3789792
	-> Aggregate: sum(sbtest8.k)  (cost=43.5 rows=1)
    -> Filter: (sbtest8.id between 3789693 and 3789792)  (cost=20.4 rows=100)
        -> Index range scan on sbtest8 using PRIMARY over (3789693 <= id <= 3789792)  (cost=20.4 rows=100)


for: simple_ranges
table 1 : explain SELECT c FROM sbtest1 WHERE id BETWEEN 244688 AND 244787
	-> Filter: (sbtest1.id between 244688 and 244787)  (cost=20.4 rows=100)
    -> Index range scan on sbtest1 using PRIMARY over (244688 <= id <= 244787)  (cost=20.4 rows=100)


table 2 : explain SELECT c FROM sbtest2 WHERE id BETWEEN 263393 AND 263492
	-> Filter: (sbtest2.id between 263393 and 263492)  (cost=20.4 rows=100)
    -> Index range scan on sbtest2 using PRIMARY over (263393 <= id <= 263492)  (cost=20.4 rows=100)


table 3 : explain SELECT c FROM sbtest3 WHERE id BETWEEN 1475608 AND 1475707
	-> Filter: (sbtest3.id between 1475608 and 1475707)  (cost=20.4 rows=100)
    -> Index range scan on sbtest3 using PRIMARY over (1475608 <= id <= 1475707)  (cost=20.4 rows=100)


table 4 : explain SELECT c FROM sbtest4 WHERE id BETWEEN 7282908 AND 7283007
	-> Filter: (sbtest4.id between 7282908 and 7283007)  (cost=20.4 rows=100)
    -> Index range scan on sbtest4 using PRIMARY over (7282908 <= id <= 7283007)  (cost=20.4 rows=100)


table 5 : explain SELECT c FROM sbtest5 WHERE id BETWEEN 7036482 AND 7036581
	-> Filter: (sbtest5.id between 7036482 and 7036581)  (cost=20.4 rows=100)
    -> Index range scan on sbtest5 using PRIMARY over (7036482 <= id <= 7036581)  (cost=20.4 rows=100)


table 6 : explain SELECT c FROM sbtest6 WHERE id BETWEEN 3286449 AND 3286548
	-> Filter: (sbtest6.id between 3286449 and 3286548)  (cost=20.4 rows=100)
    -> Index range scan on sbtest6 using PRIMARY over (3286449 <= id <= 3286548)  (cost=20.4 rows=100)


table 7 : explain SELECT c FROM sbtest7 WHERE id BETWEEN 2151381 AND 2151480
	-> Filter: (sbtest7.id between 2151381 and 2151480)  (cost=20.4 rows=100)
    -> Index range scan on sbtest7 using PRIMARY over (2151381 <= id <= 2151480)  (cost=20.4 rows=100)


table 8 : explain SELECT c FROM sbtest8 WHERE id BETWEEN 6356918 AND 6357017
	-> Filter: (sbtest8.id between 6356918 and 6357017)  (cost=20.4 rows=100)
    -> Index range scan on sbtest8 using PRIMARY over (6356918 <= id <= 6357017)  (cost=20.4 rows=100)


for: sum_ranges
table 1 : explain SELECT SUM(k) FROM sbtest1 WHERE id BETWEEN 3460169 AND 3460268
	-> Aggregate: sum(sbtest1.k)  (cost=43.5 rows=1)
    -> Filter: (sbtest1.id between 3460169 and 3460268)  (cost=20.4 rows=100)
        -> Index range scan on sbtest1 using PRIMARY over (3460169 <= id <= 3460268)  (cost=20.4 rows=100)


table 2 : explain SELECT SUM(k) FROM sbtest2 WHERE id BETWEEN 2398216 AND 2398315
	-> Aggregate: sum(sbtest2.k)  (cost=43.5 rows=1)
    -> Filter: (sbtest2.id between 2398216 and 2398315)  (cost=20.4 rows=100)
        -> Index range scan on sbtest2 using PRIMARY over (2398216 <= id <= 2398315)  (cost=20.4 rows=100)


table 3 : explain SELECT SUM(k) FROM sbtest3 WHERE id BETWEEN 6798088 AND 6798187
	-> Aggregate: sum(sbtest3.k)  (cost=43.5 rows=1)
    -> Filter: (sbtest3.id between 6798088 and 6798187)  (cost=20.4 rows=100)
        -> Index range scan on sbtest3 using PRIMARY over (6798088 <= id <= 6798187)  (cost=20.4 rows=100)


table 4 : explain SELECT SUM(k) FROM sbtest4 WHERE id BETWEEN 8904096 AND 8904195
	-> Aggregate: sum(sbtest4.k)  (cost=43.5 rows=1)
    -> Filter: (sbtest4.id between 8904096 and 8904195)  (cost=20.4 rows=100)
        -> Index range scan on sbtest4 using PRIMARY over (8904096 <= id <= 8904195)  (cost=20.4 rows=100)


table 5 : explain SELECT SUM(k) FROM sbtest5 WHERE id BETWEEN 1388177 AND 1388276
	-> Aggregate: sum(sbtest5.k)  (cost=43.5 rows=1)
    -> Filter: (sbtest5.id between 1388177 and 1388276)  (cost=20.4 rows=100)
        -> Index range scan on sbtest5 using PRIMARY over (1388177 <= id <= 1388276)  (cost=20.4 rows=100)


table 6 : explain SELECT SUM(k) FROM sbtest6 WHERE id BETWEEN 3033937 AND 3034036
	-> Aggregate: sum(sbtest6.k)  (cost=43.5 rows=1)
    -> Filter: (sbtest6.id between 3033937 and 3034036)  (cost=20.4 rows=100)
        -> Index range scan on sbtest6 using PRIMARY over (3033937 <= id <= 3034036)  (cost=20.4 rows=100)


table 7 : explain SELECT SUM(k) FROM sbtest7 WHERE id BETWEEN 4749506 AND 4749605
	-> Aggregate: sum(sbtest7.k)  (cost=43.5 rows=1)
    -> Filter: (sbtest7.id between 4749506 and 4749605)  (cost=20.4 rows=100)
        -> Index range scan on sbtest7 using PRIMARY over (4749506 <= id <= 4749605)  (cost=20.4 rows=100)


table 8 : explain SELECT SUM(k) FROM sbtest8 WHERE id BETWEEN 305205 AND 305304
	-> Aggregate: sum(sbtest8.k)  (cost=43.5 rows=1)
    -> Filter: (sbtest8.id between 305205 and 305304)  (cost=20.4 rows=100)
        -> Index range scan on sbtest8 using PRIMARY over (305205 <= id <= 305304)  (cost=20.4 rows=100)


for: sum_ranges
table 1 : explain SELECT SUM(k) FROM sbtest1 WHERE id BETWEEN 2408192 AND 2408291
	-> Aggregate: sum(sbtest1.k)  (cost=43.5 rows=1)
    -> Filter: (sbtest1.id between 2408192 and 2408291)  (cost=20.4 rows=100)
        -> Index range scan on sbtest1 using PRIMARY over (2408192 <= id <= 2408291)  (cost=20.4 rows=100)


table 2 : explain SELECT SUM(k) FROM sbtest2 WHERE id BETWEEN 1680064 AND 1680163
	-> Aggregate: sum(sbtest2.k)  (cost=43.5 rows=1)
    -> Filter: (sbtest2.id between 1680064 and 1680163)  (cost=20.4 rows=100)
        -> Index range scan on sbtest2 using PRIMARY over (1680064 <= id <= 1680163)  (cost=20.4 rows=100)


table 3 : explain SELECT SUM(k) FROM sbtest3 WHERE id BETWEEN 6847415 AND 6847514
	-> Aggregate: sum(sbtest3.k)  (cost=43.5 rows=1)
    -> Filter: (sbtest3.id between 6847415 and 6847514)  (cost=20.4 rows=100)
        -> Index range scan on sbtest3 using PRIMARY over (6847415 <= id <= 6847514)  (cost=20.4 rows=100)


table 4 : explain SELECT SUM(k) FROM sbtest4 WHERE id BETWEEN 2331510 AND 2331609
	-> Aggregate: sum(sbtest4.k)  (cost=43.5 rows=1)
    -> Filter: (sbtest4.id between 2331510 and 2331609)  (cost=20.4 rows=100)
        -> Index range scan on sbtest4 using PRIMARY over (2331510 <= id <= 2331609)  (cost=20.4 rows=100)


table 5 : explain SELECT SUM(k) FROM sbtest5 WHERE id BETWEEN 5544733 AND 5544832
	-> Aggregate: sum(sbtest5.k)  (cost=43.5 rows=1)
    -> Filter: (sbtest5.id between 5544733 and 5544832)  (cost=20.4 rows=100)
        -> Index range scan on sbtest5 using PRIMARY over (5544733 <= id <= 5544832)  (cost=20.4 rows=100)


table 6 : explain SELECT SUM(k) FROM sbtest6 WHERE id BETWEEN 1330974 AND 1331073
	-> Aggregate: sum(sbtest6.k)  (cost=43.5 rows=1)
    -> Filter: (sbtest6.id between 1330974 and 1331073)  (cost=20.4 rows=100)
        -> Index range scan on sbtest6 using PRIMARY over (1330974 <= id <= 1331073)  (cost=20.4 rows=100)


table 7 : explain SELECT SUM(k) FROM sbtest7 WHERE id BETWEEN 1911653 AND 1911752
	-> Aggregate: sum(sbtest7.k)  (cost=43.5 rows=1)
    -> Filter: (sbtest7.id between 1911653 and 1911752)  (cost=20.4 rows=100)
        -> Index range scan on sbtest7 using PRIMARY over (1911653 <= id <= 1911752)  (cost=20.4 rows=100)


table 8 : explain SELECT SUM(k) FROM sbtest8 WHERE id BETWEEN 201025 AND 201124
	-> Aggregate: sum(sbtest8.k)  (cost=43.5 rows=1)
    -> Filter: (sbtest8.id between 201025 and 201124)  (cost=20.4 rows=100)
        -> Index range scan on sbtest8 using PRIMARY over (201025 <= id <= 201124)  (cost=20.4 rows=100)


for: sum_ranges
table 1 : explain SELECT SUM(k) FROM sbtest1 WHERE id BETWEEN 5551366 AND 5551465
	-> Aggregate: sum(sbtest1.k)  (cost=43.5 rows=1)
    -> Filter: (sbtest1.id between 5551366 and 5551465)  (cost=20.4 rows=100)
        -> Index range scan on sbtest1 using PRIMARY over (5551366 <= id <= 5551465)  (cost=20.4 rows=100)


table 2 : explain SELECT SUM(k) FROM sbtest2 WHERE id BETWEEN 1567906 AND 1568005
	-> Aggregate: sum(sbtest2.k)  (cost=43.5 rows=1)
    -> Filter: (sbtest2.id between 1567906 and 1568005)  (cost=20.4 rows=100)
        -> Index range scan on sbtest2 using PRIMARY over (1567906 <= id <= 1568005)  (cost=20.4 rows=100)


table 3 : explain SELECT SUM(k) FROM sbtest3 WHERE id BETWEEN 8327881 AND 8327980
	-> Aggregate: sum(sbtest3.k)  (cost=43.5 rows=1)
    -> Filter: (sbtest3.id between 8327881 and 8327980)  (cost=20.4 rows=100)
        -> Index range scan on sbtest3 using PRIMARY over (8327881 <= id <= 8327980)  (cost=20.4 rows=100)


table 4 : explain SELECT SUM(k) FROM sbtest4 WHERE id BETWEEN 6637056 AND 6637155
	-> Aggregate: sum(sbtest4.k)  (cost=43.5 rows=1)
    -> Filter: (sbtest4.id between 6637056 and 6637155)  (cost=20.4 rows=100)
        -> Index range scan on sbtest4 using PRIMARY over (6637056 <= id <= 6637155)  (cost=20.4 rows=100)


table 5 : explain SELECT SUM(k) FROM sbtest5 WHERE id BETWEEN 8900695 AND 8900794
	-> Aggregate: sum(sbtest5.k)  (cost=43.5 rows=1)
    -> Filter: (sbtest5.id between 8900695 and 8900794)  (cost=20.4 rows=100)
        -> Index range scan on sbtest5 using PRIMARY over (8900695 <= id <= 8900794)  (cost=20.4 rows=100)


table 6 : explain SELECT SUM(k) FROM sbtest6 WHERE id BETWEEN 9076128 AND 9076227
	-> Aggregate: sum(sbtest6.k)  (cost=43.5 rows=1)
    -> Filter: (sbtest6.id between 9076128 and 9076227)  (cost=20.4 rows=100)
        -> Index range scan on sbtest6 using PRIMARY over (9076128 <= id <= 9076227)  (cost=20.4 rows=100)


table 7 : explain SELECT SUM(k) FROM sbtest7 WHERE id BETWEEN 146405 AND 146504
	-> Aggregate: sum(sbtest7.k)  (cost=43.5 rows=1)
    -> Filter: (sbtest7.id between 146405 and 146504)  (cost=20.4 rows=100)
        -> Index range scan on sbtest7 using PRIMARY over (146405 <= id <= 146504)  (cost=20.4 rows=100)


table 8 : explain SELECT SUM(k) FROM sbtest8 WHERE id BETWEEN 4131469 AND 4131568
	-> Aggregate: sum(sbtest8.k)  (cost=43.5 rows=1)
    -> Filter: (sbtest8.id between 4131469 and 4131568)  (cost=20.4 rows=100)
        -> Index range scan on sbtest8 using PRIMARY over (4131469 <= id <= 4131568)  (cost=20.4 rows=100)


for: simple_ranges
table 1 : explain SELECT c FROM sbtest1 WHERE id BETWEEN 7889039 AND 7889138
	-> Filter: (sbtest1.id between 7889039 and 7889138)  (cost=20.4 rows=100)
    -> Index range scan on sbtest1 using PRIMARY over (7889039 <= id <= 7889138)  (cost=20.4 rows=100)


table 2 : explain SELECT c FROM sbtest2 WHERE id BETWEEN 9864046 AND 9864145
	-> Filter: (sbtest2.id between 9864046 and 9864145)  (cost=20.4 rows=100)
    -> Index range scan on sbtest2 using PRIMARY over (9864046 <= id <= 9864145)  (cost=20.4 rows=100)


table 3 : explain SELECT c FROM sbtest3 WHERE id BETWEEN 4092115 AND 4092214
	-> Filter: (sbtest3.id between 4092115 and 4092214)  (cost=20.4 rows=100)
    -> Index range scan on sbtest3 using PRIMARY over (4092115 <= id <= 4092214)  (cost=20.4 rows=100)


table 4 : explain SELECT c FROM sbtest4 WHERE id BETWEEN 7816121 AND 7816220
	-> Filter: (sbtest4.id between 7816121 and 7816220)  (cost=20.4 rows=100)
    -> Index range scan on sbtest4 using PRIMARY over (7816121 <= id <= 7816220)  (cost=20.4 rows=100)


table 5 : explain SELECT c FROM sbtest5 WHERE id BETWEEN 5298910 AND 5299009
	-> Filter: (sbtest5.id between 5298910 and 5299009)  (cost=20.4 rows=100)
    -> Index range scan on sbtest5 using PRIMARY over (5298910 <= id <= 5299009)  (cost=20.4 rows=100)


table 6 : explain SELECT c FROM sbtest6 WHERE id BETWEEN 2764307 AND 2764406
	-> Filter: (sbtest6.id between 2764307 and 2764406)  (cost=20.4 rows=100)
    -> Index range scan on sbtest6 using PRIMARY over (2764307 <= id <= 2764406)  (cost=20.4 rows=100)


table 7 : explain SELECT c FROM sbtest7 WHERE id BETWEEN 70755 AND 70854
	-> Filter: (sbtest7.id between 70755 and 70854)  (cost=20.4 rows=100)
    -> Index range scan on sbtest7 using PRIMARY over (70755 <= id <= 70854)  (cost=20.4 rows=100)


table 8 : explain SELECT c FROM sbtest8 WHERE id BETWEEN 9259585 AND 9259684
	-> Filter: (sbtest8.id between 9259585 and 9259684)  (cost=20.4 rows=100)
    -> Index range scan on sbtest8 using PRIMARY over (9259585 <= id <= 9259684)  (cost=20.4 rows=100)


for: sum_ranges
table 1 : explain SELECT SUM(k) FROM sbtest1 WHERE id BETWEEN 5835997 AND 5836096
	-> Aggregate: sum(sbtest1.k)  (cost=43.5 rows=1)
    -> Filter: (sbtest1.id between 5835997 and 5836096)  (cost=20.4 rows=100)
        -> Index range scan on sbtest1 using PRIMARY over (5835997 <= id <= 5836096)  (cost=20.4 rows=100)


table 2 : explain SELECT SUM(k) FROM sbtest2 WHERE id BETWEEN 9951899 AND 9951998
	-> Aggregate: sum(sbtest2.k)  (cost=43.5 rows=1)
    -> Filter: (sbtest2.id between 9951899 and 9951998)  (cost=20.4 rows=100)
        -> Index range scan on sbtest2 using PRIMARY over (9951899 <= id <= 9951998)  (cost=20.4 rows=100)


table 3 : explain SELECT SUM(k) FROM sbtest3 WHERE id BETWEEN 5737055 AND 5737154
	-> Aggregate: sum(sbtest3.k)  (cost=43.5 rows=1)
    -> Filter: (sbtest3.id between 5737055 and 5737154)  (cost=20.4 rows=100)
        -> Index range scan on sbtest3 using PRIMARY over (5737055 <= id <= 5737154)  (cost=20.4 rows=100)


table 4 : explain SELECT SUM(k) FROM sbtest4 WHERE id BETWEEN 7026034 AND 7026133
	-> Aggregate: sum(sbtest4.k)  (cost=43.5 rows=1)
    -> Filter: (sbtest4.id between 7026034 and 7026133)  (cost=20.4 rows=100)
        -> Index range scan on sbtest4 using PRIMARY over (7026034 <= id <= 7026133)  (cost=20.4 rows=100)


table 5 : explain SELECT SUM(k) FROM sbtest5 WHERE id BETWEEN 5736834 AND 5736933
	-> Aggregate: sum(sbtest5.k)  (cost=43.5 rows=1)
    -> Filter: (sbtest5.id between 5736834 and 5736933)  (cost=20.4 rows=100)
        -> Index range scan on sbtest5 using PRIMARY over (5736834 <= id <= 5736933)  (cost=20.4 rows=100)


table 6 : explain SELECT SUM(k) FROM sbtest6 WHERE id BETWEEN 3229281 AND 3229380
	-> Aggregate: sum(sbtest6.k)  (cost=43.5 rows=1)
    -> Filter: (sbtest6.id between 3229281 and 3229380)  (cost=20.4 rows=100)
        -> Index range scan on sbtest6 using PRIMARY over (3229281 <= id <= 3229380)  (cost=20.4 rows=100)


table 7 : explain SELECT SUM(k) FROM sbtest7 WHERE id BETWEEN 1706128 AND 1706227
	-> Aggregate: sum(sbtest7.k)  (cost=43.5 rows=1)
    -> Filter: (sbtest7.id between 1706128 and 1706227)  (cost=20.4 rows=100)
        -> Index range scan on sbtest7 using PRIMARY over (1706128 <= id <= 1706227)  (cost=20.4 rows=100)


table 8 : explain SELECT SUM(k) FROM sbtest8 WHERE id BETWEEN 6680720 AND 6680819
	-> Aggregate: sum(sbtest8.k)  (cost=43.5 rows=1)
    -> Filter: (sbtest8.id between 6680720 and 6680819)  (cost=20.4 rows=100)
        -> Index range scan on sbtest8 using PRIMARY over (6680720 <= id <= 6680819)  (cost=20.4 rows=100)


for: simple_ranges
table 1 : explain SELECT c FROM sbtest1 WHERE id BETWEEN 9038814 AND 9038913
	-> Filter: (sbtest1.id between 9038814 and 9038913)  (cost=20.4 rows=100)
    -> Index range scan on sbtest1 using PRIMARY over (9038814 <= id <= 9038913)  (cost=20.4 rows=100)


table 2 : explain SELECT c FROM sbtest2 WHERE id BETWEEN 3572581 AND 3572680
	-> Filter: (sbtest2.id between 3572581 and 3572680)  (cost=20.4 rows=100)
    -> Index range scan on sbtest2 using PRIMARY over (3572581 <= id <= 3572680)  (cost=20.4 rows=100)


table 3 : explain SELECT c FROM sbtest3 WHERE id BETWEEN 7551884 AND 7551983
	-> Filter: (sbtest3.id between 7551884 and 7551983)  (cost=20.4 rows=100)
    -> Index range scan on sbtest3 using PRIMARY over (7551884 <= id <= 7551983)  (cost=20.4 rows=100)


table 4 : explain SELECT c FROM sbtest4 WHERE id BETWEEN 3574449 AND 3574548
	-> Filter: (sbtest4.id between 3574449 and 3574548)  (cost=20.4 rows=100)
    -> Index range scan on sbtest4 using PRIMARY over (3574449 <= id <= 3574548)  (cost=20.4 rows=100)


table 5 : explain SELECT c FROM sbtest5 WHERE id BETWEEN 4421369 AND 4421468
	-> Filter: (sbtest5.id between 4421369 and 4421468)  (cost=20.4 rows=100)
    -> Index range scan on sbtest5 using PRIMARY over (4421369 <= id <= 4421468)  (cost=20.4 rows=100)


table 6 : explain SELECT c FROM sbtest6 WHERE id BETWEEN 4628198 AND 4628297
	-> Filter: (sbtest6.id between 4628198 and 4628297)  (cost=20.4 rows=100)
    -> Index range scan on sbtest6 using PRIMARY over (4628198 <= id <= 4628297)  (cost=20.4 rows=100)


table 7 : explain SELECT c FROM sbtest7 WHERE id BETWEEN 7963088 AND 7963187
	-> Filter: (sbtest7.id between 7963088 and 7963187)  (cost=20.4 rows=100)
    -> Index range scan on sbtest7 using PRIMARY over (7963088 <= id <= 7963187)  (cost=20.4 rows=100)


table 8 : explain SELECT c FROM sbtest8 WHERE id BETWEEN 4862412 AND 4862511
	-> Filter: (sbtest8.id between 4862412 and 4862511)  (cost=20.4 rows=100)
    -> Index range scan on sbtest8 using PRIMARY over (4862412 <= id <= 4862511)  (cost=20.4 rows=100)


for: simple_ranges
table 1 : explain SELECT c FROM sbtest1 WHERE id BETWEEN 216036 AND 216135
	-> Filter: (sbtest1.id between 216036 and 216135)  (cost=20.4 rows=100)
    -> Index range scan on sbtest1 using PRIMARY over (216036 <= id <= 216135)  (cost=20.4 rows=100)


table 2 : explain SELECT c FROM sbtest2 WHERE id BETWEEN 5451076 AND 5451175
	-> Filter: (sbtest2.id between 5451076 and 5451175)  (cost=20.4 rows=100)
    -> Index range scan on sbtest2 using PRIMARY over (5451076 <= id <= 5451175)  (cost=20.4 rows=100)


table 3 : explain SELECT c FROM sbtest3 WHERE id BETWEEN 7665991 AND 7666090
	-> Filter: (sbtest3.id between 7665991 and 7666090)  (cost=20.4 rows=100)
    -> Index range scan on sbtest3 using PRIMARY over (7665991 <= id <= 7666090)  (cost=20.4 rows=100)


table 4 : explain SELECT c FROM sbtest4 WHERE id BETWEEN 3751119 AND 3751218
	-> Filter: (sbtest4.id between 3751119 and 3751218)  (cost=20.4 rows=100)
    -> Index range scan on sbtest4 using PRIMARY over (3751119 <= id <= 3751218)  (cost=20.4 rows=100)


table 5 : explain SELECT c FROM sbtest5 WHERE id BETWEEN 2227987 AND 2228086
	-> Filter: (sbtest5.id between 2227987 and 2228086)  (cost=20.4 rows=100)
    -> Index range scan on sbtest5 using PRIMARY over (2227987 <= id <= 2228086)  (cost=20.4 rows=100)


table 6 : explain SELECT c FROM sbtest6 WHERE id BETWEEN 6136271 AND 6136370
	-> Filter: (sbtest6.id between 6136271 and 6136370)  (cost=20.4 rows=100)
    -> Index range scan on sbtest6 using PRIMARY over (6136271 <= id <= 6136370)  (cost=20.4 rows=100)


table 7 : explain SELECT c FROM sbtest7 WHERE id BETWEEN 8040095 AND 8040194
	-> Filter: (sbtest7.id between 8040095 and 8040194)  (cost=20.4 rows=100)
    -> Index range scan on sbtest7 using PRIMARY over (8040095 <= id <= 8040194)  (cost=20.4 rows=100)


table 8 : explain SELECT c FROM sbtest8 WHERE id BETWEEN 6272271 AND 6272370
	-> Filter: (sbtest8.id between 6272271 and 6272370)  (cost=20.4 rows=100)
    -> Index range scan on sbtest8 using PRIMARY over (6272271 <= id <= 6272370)  (cost=20.4 rows=100)


for: simple_ranges
table 1 : explain SELECT c FROM sbtest1 WHERE id BETWEEN 7492624 AND 7492723
	-> Filter: (sbtest1.id between 7492624 and 7492723)  (cost=20.4 rows=100)
    -> Index range scan on sbtest1 using PRIMARY over (7492624 <= id <= 7492723)  (cost=20.4 rows=100)


table 2 : explain SELECT c FROM sbtest2 WHERE id BETWEEN 8759897 AND 8759996
	-> Filter: (sbtest2.id between 8759897 and 8759996)  (cost=20.4 rows=100)
    -> Index range scan on sbtest2 using PRIMARY over (8759897 <= id <= 8759996)  (cost=20.4 rows=100)


table 3 : explain SELECT c FROM sbtest3 WHERE id BETWEEN 8557112 AND 8557211
	-> Filter: (sbtest3.id between 8557112 and 8557211)  (cost=20.4 rows=100)
    -> Index range scan on sbtest3 using PRIMARY over (8557112 <= id <= 8557211)  (cost=20.4 rows=100)


table 4 : explain SELECT c FROM sbtest4 WHERE id BETWEEN 4976096 AND 4976195
	-> Filter: (sbtest4.id between 4976096 and 4976195)  (cost=20.4 rows=100)
    -> Index range scan on sbtest4 using PRIMARY over (4976096 <= id <= 4976195)  (cost=20.4 rows=100)


table 5 : explain SELECT c FROM sbtest5 WHERE id BETWEEN 8670210 AND 8670309
	-> Filter: (sbtest5.id between 8670210 and 8670309)  (cost=20.4 rows=100)
    -> Index range scan on sbtest5 using PRIMARY over (8670210 <= id <= 8670309)  (cost=20.4 rows=100)


table 6 : explain SELECT c FROM sbtest6 WHERE id BETWEEN 2665494 AND 2665593
	-> Filter: (sbtest6.id between 2665494 and 2665593)  (cost=20.4 rows=100)
    -> Index range scan on sbtest6 using PRIMARY over (2665494 <= id <= 2665593)  (cost=20.4 rows=100)


table 7 : explain SELECT c FROM sbtest7 WHERE id BETWEEN 6817183 AND 6817282
	-> Filter: (sbtest7.id between 6817183 and 6817282)  (cost=20.4 rows=100)
    -> Index range scan on sbtest7 using PRIMARY over (6817183 <= id <= 6817282)  (cost=20.4 rows=100)


table 8 : explain SELECT c FROM sbtest8 WHERE id BETWEEN 4290924 AND 4291023
	-> Filter: (sbtest8.id between 4290924 and 4291023)  (cost=20.4 rows=100)
    -> Index range scan on sbtest8 using PRIMARY over (4290924 <= id <= 4291023)  (cost=20.4 rows=100)


for: simple_ranges
table 1 : explain SELECT c FROM sbtest1 WHERE id BETWEEN 3136126 AND 3136225
	-> Filter: (sbtest1.id between 3136126 and 3136225)  (cost=20.4 rows=100)
    -> Index range scan on sbtest1 using PRIMARY over (3136126 <= id <= 3136225)  (cost=20.4 rows=100)


table 2 : explain SELECT c FROM sbtest2 WHERE id BETWEEN 4134427 AND 4134526
	-> Filter: (sbtest2.id between 4134427 and 4134526)  (cost=20.4 rows=100)
    -> Index range scan on sbtest2 using PRIMARY over (4134427 <= id <= 4134526)  (cost=20.4 rows=100)


table 3 : explain SELECT c FROM sbtest3 WHERE id BETWEEN 6176879 AND 6176978
	-> Filter: (sbtest3.id between 6176879 and 6176978)  (cost=20.4 rows=100)
    -> Index range scan on sbtest3 using PRIMARY over (6176879 <= id <= 6176978)  (cost=20.4 rows=100)


table 4 : explain SELECT c FROM sbtest4 WHERE id BETWEEN 3181785 AND 3181884
	-> Filter: (sbtest4.id between 3181785 and 3181884)  (cost=20.4 rows=100)
    -> Index range scan on sbtest4 using PRIMARY over (3181785 <= id <= 3181884)  (cost=20.4 rows=100)


table 5 : explain SELECT c FROM sbtest5 WHERE id BETWEEN 2966604 AND 2966703
	-> Filter: (sbtest5.id between 2966604 and 2966703)  (cost=20.4 rows=100)
    -> Index range scan on sbtest5 using PRIMARY over (2966604 <= id <= 2966703)  (cost=20.4 rows=100)


table 6 : explain SELECT c FROM sbtest6 WHERE id BETWEEN 8319000 AND 8319099
	-> Filter: (sbtest6.id between 8319000 and 8319099)  (cost=20.4 rows=100)
    -> Index range scan on sbtest6 using PRIMARY over (8319000 <= id <= 8319099)  (cost=20.4 rows=100)


table 7 : explain SELECT c FROM sbtest7 WHERE id BETWEEN 9001931 AND 9002030
	-> Filter: (sbtest7.id between 9001931 and 9002030)  (cost=20.4 rows=100)
    -> Index range scan on sbtest7 using PRIMARY over (9001931 <= id <= 9002030)  (cost=20.4 rows=100)


table 8 : explain SELECT c FROM sbtest8 WHERE id BETWEEN 7476075 AND 7476174
	-> Filter: (sbtest8.id between 7476075 and 7476174)  (cost=20.4 rows=100)
    -> Index range scan on sbtest8 using PRIMARY over (7476075 <= id <= 7476174)  (cost=20.4 rows=100)


for: sum_ranges
table 1 : explain SELECT SUM(k) FROM sbtest1 WHERE id BETWEEN 9975286 AND 9975385
	-> Aggregate: sum(sbtest1.k)  (cost=43.5 rows=1)
    -> Filter: (sbtest1.id between 9975286 and 9975385)  (cost=20.4 rows=100)
        -> Index range scan on sbtest1 using PRIMARY over (9975286 <= id <= 9975385)  (cost=20.4 rows=100)


table 2 : explain SELECT SUM(k) FROM sbtest2 WHERE id BETWEEN 8912747 AND 8912846
	-> Aggregate: sum(sbtest2.k)  (cost=43.5 rows=1)
    -> Filter: (sbtest2.id between 8912747 and 8912846)  (cost=20.4 rows=100)
        -> Index range scan on sbtest2 using PRIMARY over (8912747 <= id <= 8912846)  (cost=20.4 rows=100)


table 3 : explain SELECT SUM(k) FROM sbtest3 WHERE id BETWEEN 2380779 AND 2380878
	-> Aggregate: sum(sbtest3.k)  (cost=43.5 rows=1)
    -> Filter: (sbtest3.id between 2380779 and 2380878)  (cost=20.4 rows=100)
        -> Index range scan on sbtest3 using PRIMARY over (2380779 <= id <= 2380878)  (cost=20.4 rows=100)


table 4 : explain SELECT SUM(k) FROM sbtest4 WHERE id BETWEEN 7025445 AND 7025544
	-> Aggregate: sum(sbtest4.k)  (cost=43.5 rows=1)
    -> Filter: (sbtest4.id between 7025445 and 7025544)  (cost=20.4 rows=100)
        -> Index range scan on sbtest4 using PRIMARY over (7025445 <= id <= 7025544)  (cost=20.4 rows=100)


table 5 : explain SELECT SUM(k) FROM sbtest5 WHERE id BETWEEN 8913706 AND 8913805
	-> Aggregate: sum(sbtest5.k)  (cost=43.5 rows=1)
    -> Filter: (sbtest5.id between 8913706 and 8913805)  (cost=20.4 rows=100)
        -> Index range scan on sbtest5 using PRIMARY over (8913706 <= id <= 8913805)  (cost=20.4 rows=100)


table 6 : explain SELECT SUM(k) FROM sbtest6 WHERE id BETWEEN 8829683 AND 8829782
	-> Aggregate: sum(sbtest6.k)  (cost=43.5 rows=1)
    -> Filter: (sbtest6.id between 8829683 and 8829782)  (cost=20.4 rows=100)
        -> Index range scan on sbtest6 using PRIMARY over (8829683 <= id <= 8829782)  (cost=20.4 rows=100)


table 7 : explain SELECT SUM(k) FROM sbtest7 WHERE id BETWEEN 2299322 AND 2299421
	-> Aggregate: sum(sbtest7.k)  (cost=43.5 rows=1)
    -> Filter: (sbtest7.id between 2299322 and 2299421)  (cost=20.4 rows=100)
        -> Index range scan on sbtest7 using PRIMARY over (2299322 <= id <= 2299421)  (cost=20.4 rows=100)


table 8 : explain SELECT SUM(k) FROM sbtest8 WHERE id BETWEEN 4405329 AND 4405428
	-> Aggregate: sum(sbtest8.k)  (cost=43.5 rows=1)
    -> Filter: (sbtest8.id between 4405329 and 4405428)  (cost=20.4 rows=100)
        -> Index range scan on sbtest8 using PRIMARY over (4405329 <= id <= 4405428)  (cost=20.4 rows=100)


for: sum_ranges
table 1 : explain SELECT SUM(k) FROM sbtest1 WHERE id BETWEEN 1062970 AND 1063069
	-> Aggregate: sum(sbtest1.k)  (cost=43.5 rows=1)
    -> Filter: (sbtest1.id between 1062970 and 1063069)  (cost=20.4 rows=100)
        -> Index range scan on sbtest1 using PRIMARY over (1062970 <= id <= 1063069)  (cost=20.4 rows=100)


table 2 : explain SELECT SUM(k) FROM sbtest2 WHERE id BETWEEN 8601490 AND 8601589
	-> Aggregate: sum(sbtest2.k)  (cost=43.5 rows=1)
    -> Filter: (sbtest2.id between 8601490 and 8601589)  (cost=20.4 rows=100)
        -> Index range scan on sbtest2 using PRIMARY over (8601490 <= id <= 8601589)  (cost=20.4 rows=100)


table 3 : explain SELECT SUM(k) FROM sbtest3 WHERE id BETWEEN 736115 AND 736214
	-> Aggregate: sum(sbtest3.k)  (cost=43.5 rows=1)
    -> Filter: (sbtest3.id between 736115 and 736214)  (cost=20.4 rows=100)
        -> Index range scan on sbtest3 using PRIMARY over (736115 <= id <= 736214)  (cost=20.4 rows=100)


table 4 : explain SELECT SUM(k) FROM sbtest4 WHERE id BETWEEN 6508748 AND 6508847
	-> Aggregate: sum(sbtest4.k)  (cost=43.5 rows=1)
    -> Filter: (sbtest4.id between 6508748 and 6508847)  (cost=20.4 rows=100)
        -> Index range scan on sbtest4 using PRIMARY over (6508748 <= id <= 6508847)  (cost=20.4 rows=100)


table 5 : explain SELECT SUM(k) FROM sbtest5 WHERE id BETWEEN 2330341 AND 2330440
	-> Aggregate: sum(sbtest5.k)  (cost=43.5 rows=1)
    -> Filter: (sbtest5.id between 2330341 and 2330440)  (cost=20.4 rows=100)
        -> Index range scan on sbtest5 using PRIMARY over (2330341 <= id <= 2330440)  (cost=20.4 rows=100)


table 6 : explain SELECT SUM(k) FROM sbtest6 WHERE id BETWEEN 5188940 AND 5189039
	-> Aggregate: sum(sbtest6.k)  (cost=43.5 rows=1)
    -> Filter: (sbtest6.id between 5188940 and 5189039)  (cost=20.4 rows=100)
        -> Index range scan on sbtest6 using PRIMARY over (5188940 <= id <= 5189039)  (cost=20.4 rows=100)


table 7 : explain SELECT SUM(k) FROM sbtest7 WHERE id BETWEEN 8094680 AND 8094779
	-> Aggregate: sum(sbtest7.k)  (cost=43.5 rows=1)
    -> Filter: (sbtest7.id between 8094680 and 8094779)  (cost=20.4 rows=100)
        -> Index range scan on sbtest7 using PRIMARY over (8094680 <= id <= 8094779)  (cost=20.4 rows=100)


table 8 : explain SELECT SUM(k) FROM sbtest8 WHERE id BETWEEN 1394143 AND 1394242
	-> Aggregate: sum(sbtest8.k)  (cost=43.5 rows=1)
    -> Filter: (sbtest8.id between 1394143 and 1394242)  (cost=20.4 rows=100)
        -> Index range scan on sbtest8 using PRIMARY over (1394143 <= id <= 1394242)  (cost=20.4 rows=100)


for: sum_ranges
table 1 : explain SELECT SUM(k) FROM sbtest1 WHERE id BETWEEN 8714511 AND 8714610
	-> Aggregate: sum(sbtest1.k)  (cost=43.5 rows=1)
    -> Filter: (sbtest1.id between 8714511 and 8714610)  (cost=20.4 rows=100)
        -> Index range scan on sbtest1 using PRIMARY over (8714511 <= id <= 8714610)  (cost=20.4 rows=100)


table 2 : explain SELECT SUM(k) FROM sbtest2 WHERE id BETWEEN 7222695 AND 7222794
	-> Aggregate: sum(sbtest2.k)  (cost=43.5 rows=1)
    -> Filter: (sbtest2.id between 7222695 and 7222794)  (cost=20.4 rows=100)
        -> Index range scan on sbtest2 using PRIMARY over (7222695 <= id <= 7222794)  (cost=20.4 rows=100)


table 3 : explain SELECT SUM(k) FROM sbtest3 WHERE id BETWEEN 1375476 AND 1375575
	-> Aggregate: sum(sbtest3.k)  (cost=43.5 rows=1)
    -> Filter: (sbtest3.id between 1375476 and 1375575)  (cost=20.4 rows=100)
        -> Index range scan on sbtest3 using PRIMARY over (1375476 <= id <= 1375575)  (cost=20.4 rows=100)


table 4 : explain SELECT SUM(k) FROM sbtest4 WHERE id BETWEEN 4574738 AND 4574837
	-> Aggregate: sum(sbtest4.k)  (cost=43.5 rows=1)
    -> Filter: (sbtest4.id between 4574738 and 4574837)  (cost=20.4 rows=100)
        -> Index range scan on sbtest4 using PRIMARY over (4574738 <= id <= 4574837)  (cost=20.4 rows=100)


table 5 : explain SELECT SUM(k) FROM sbtest5 WHERE id BETWEEN 8780754 AND 8780853
	-> Aggregate: sum(sbtest5.k)  (cost=43.5 rows=1)
    -> Filter: (sbtest5.id between 8780754 and 8780853)  (cost=20.4 rows=100)
        -> Index range scan on sbtest5 using PRIMARY over (8780754 <= id <= 8780853)  (cost=20.4 rows=100)


table 6 : explain SELECT SUM(k) FROM sbtest6 WHERE id BETWEEN 636600 AND 636699
	-> Aggregate: sum(sbtest6.k)  (cost=43.5 rows=1)
    -> Filter: (sbtest6.id between 636600 and 636699)  (cost=20.4 rows=100)
        -> Index range scan on sbtest6 using PRIMARY over (636600 <= id <= 636699)  (cost=20.4 rows=100)


table 7 : explain SELECT SUM(k) FROM sbtest7 WHERE id BETWEEN 412049 AND 412148
	-> Aggregate: sum(sbtest7.k)  (cost=43.5 rows=1)
    -> Filter: (sbtest7.id between 412049 and 412148)  (cost=20.4 rows=100)
        -> Index range scan on sbtest7 using PRIMARY over (412049 <= id <= 412148)  (cost=20.4 rows=100)


table 8 : explain SELECT SUM(k) FROM sbtest8 WHERE id BETWEEN 432310 AND 432409
	-> Aggregate: sum(sbtest8.k)  (cost=43.5 rows=1)
    -> Filter: (sbtest8.id between 432310 and 432409)  (cost=20.4 rows=100)
        -> Index range scan on sbtest8 using PRIMARY over (432310 <= id <= 432409)  (cost=20.4 rows=100)


for: simple_ranges
table 1 : explain SELECT c FROM sbtest1 WHERE id BETWEEN 5114797 AND 5114896
	-> Filter: (sbtest1.id between 5114797 and 5114896)  (cost=20.4 rows=100)
    -> Index range scan on sbtest1 using PRIMARY over (5114797 <= id <= 5114896)  (cost=20.4 rows=100)


table 2 : explain SELECT c FROM sbtest2 WHERE id BETWEEN 2777165 AND 2777264
	-> Filter: (sbtest2.id between 2777165 and 2777264)  (cost=20.4 rows=100)
    -> Index range scan on sbtest2 using PRIMARY over (2777165 <= id <= 2777264)  (cost=20.4 rows=100)


table 3 : explain SELECT c FROM sbtest3 WHERE id BETWEEN 9424121 AND 9424220
	-> Filter: (sbtest3.id between 9424121 and 9424220)  (cost=20.4 rows=100)
    -> Index range scan on sbtest3 using PRIMARY over (9424121 <= id <= 9424220)  (cost=20.4 rows=100)


table 4 : explain SELECT c FROM sbtest4 WHERE id BETWEEN 1813932 AND 1814031
	-> Filter: (sbtest4.id between 1813932 and 1814031)  (cost=20.4 rows=100)
    -> Index range scan on sbtest4 using PRIMARY over (1813932 <= id <= 1814031)  (cost=20.4 rows=100)


table 5 : explain SELECT c FROM sbtest5 WHERE id BETWEEN 9569465 AND 9569564
	-> Filter: (sbtest5.id between 9569465 and 9569564)  (cost=20.4 rows=100)
    -> Index range scan on sbtest5 using PRIMARY over (9569465 <= id <= 9569564)  (cost=20.4 rows=100)


table 6 : explain SELECT c FROM sbtest6 WHERE id BETWEEN 3062053 AND 3062152
	-> Filter: (sbtest6.id between 3062053 and 3062152)  (cost=20.4 rows=100)
    -> Index range scan on sbtest6 using PRIMARY over (3062053 <= id <= 3062152)  (cost=20.4 rows=100)


table 7 : explain SELECT c FROM sbtest7 WHERE id BETWEEN 4055879 AND 4055978
	-> Filter: (sbtest7.id between 4055879 and 4055978)  (cost=20.4 rows=100)
    -> Index range scan on sbtest7 using PRIMARY over (4055879 <= id <= 4055978)  (cost=20.4 rows=100)


table 8 : explain SELECT c FROM sbtest8 WHERE id BETWEEN 9285259 AND 9285358
	-> Filter: (sbtest8.id between 9285259 and 9285358)  (cost=20.4 rows=100)
    -> Index range scan on sbtest8 using PRIMARY over (9285259 <= id <= 9285358)  (cost=20.4 rows=100)


for: sum_ranges
table 1 : explain SELECT SUM(k) FROM sbtest1 WHERE id BETWEEN 1346858 AND 1346957
	-> Aggregate: sum(sbtest1.k)  (cost=43.5 rows=1)
    -> Filter: (sbtest1.id between 1346858 and 1346957)  (cost=20.4 rows=100)
        -> Index range scan on sbtest1 using PRIMARY over (1346858 <= id <= 1346957)  (cost=20.4 rows=100)


table 2 : explain SELECT SUM(k) FROM sbtest2 WHERE id BETWEEN 1417575 AND 1417674
	-> Aggregate: sum(sbtest2.k)  (cost=43.5 rows=1)
    -> Filter: (sbtest2.id between 1417575 and 1417674)  (cost=20.4 rows=100)
        -> Index range scan on sbtest2 using PRIMARY over (1417575 <= id <= 1417674)  (cost=20.4 rows=100)


table 3 : explain SELECT SUM(k) FROM sbtest3 WHERE id BETWEEN 2976524 AND 2976623
	-> Aggregate: sum(sbtest3.k)  (cost=43.5 rows=1)
    -> Filter: (sbtest3.id between 2976524 and 2976623)  (cost=20.4 rows=100)
        -> Index range scan on sbtest3 using PRIMARY over (2976524 <= id <= 2976623)  (cost=20.4 rows=100)


table 4 : explain SELECT SUM(k) FROM sbtest4 WHERE id BETWEEN 737921 AND 738020
	-> Aggregate: sum(sbtest4.k)  (cost=43.5 rows=1)
    -> Filter: (sbtest4.id between 737921 and 738020)  (cost=20.4 rows=100)
        -> Index range scan on sbtest4 using PRIMARY over (737921 <= id <= 738020)  (cost=20.4 rows=100)


table 5 : explain SELECT SUM(k) FROM sbtest5 WHERE id BETWEEN 4302999 AND 4303098
	-> Aggregate: sum(sbtest5.k)  (cost=43.5 rows=1)
    -> Filter: (sbtest5.id between 4302999 and 4303098)  (cost=20.4 rows=100)
        -> Index range scan on sbtest5 using PRIMARY over (4302999 <= id <= 4303098)  (cost=20.4 rows=100)


table 6 : explain SELECT SUM(k) FROM sbtest6 WHERE id BETWEEN 8921772 AND 8921871
	-> Aggregate: sum(sbtest6.k)  (cost=43.5 rows=1)
    -> Filter: (sbtest6.id between 8921772 and 8921871)  (cost=20.4 rows=100)
        -> Index range scan on sbtest6 using PRIMARY over (8921772 <= id <= 8921871)  (cost=20.4 rows=100)


table 7 : explain SELECT SUM(k) FROM sbtest7 WHERE id BETWEEN 4942045 AND 4942144
	-> Aggregate: sum(sbtest7.k)  (cost=43.5 rows=1)
    -> Filter: (sbtest7.id between 4942045 and 4942144)  (cost=20.4 rows=100)
        -> Index range scan on sbtest7 using PRIMARY over (4942045 <= id <= 4942144)  (cost=20.4 rows=100)


table 8 : explain SELECT SUM(k) FROM sbtest8 WHERE id BETWEEN 4452824 AND 4452923
	-> Aggregate: sum(sbtest8.k)  (cost=43.5 rows=1)
    -> Filter: (sbtest8.id between 4452824 and 4452923)  (cost=20.4 rows=100)
        -> Index range scan on sbtest8 using PRIMARY over (4452824 <= id <= 4452923)  (cost=20.4 rows=100)


for: sum_ranges
table 1 : explain SELECT SUM(k) FROM sbtest1 WHERE id BETWEEN 9339289 AND 9339388
	-> Aggregate: sum(sbtest1.k)  (cost=43.5 rows=1)
    -> Filter: (sbtest1.id between 9339289 and 9339388)  (cost=20.4 rows=100)
        -> Index range scan on sbtest1 using PRIMARY over (9339289 <= id <= 9339388)  (cost=20.4 rows=100)


table 2 : explain SELECT SUM(k) FROM sbtest2 WHERE id BETWEEN 7794768 AND 7794867
	-> Aggregate: sum(sbtest2.k)  (cost=43.5 rows=1)
    -> Filter: (sbtest2.id between 7794768 and 7794867)  (cost=20.4 rows=100)
        -> Index range scan on sbtest2 using PRIMARY over (7794768 <= id <= 7794867)  (cost=20.4 rows=100)


table 3 : explain SELECT SUM(k) FROM sbtest3 WHERE id BETWEEN 4839510 AND 4839609
	-> Aggregate: sum(sbtest3.k)  (cost=43.5 rows=1)
    -> Filter: (sbtest3.id between 4839510 and 4839609)  (cost=20.4 rows=100)
        -> Index range scan on sbtest3 using PRIMARY over (4839510 <= id <= 4839609)  (cost=20.4 rows=100)


table 4 : explain SELECT SUM(k) FROM sbtest4 WHERE id BETWEEN 2082812 AND 2082911
	-> Aggregate: sum(sbtest4.k)  (cost=43.5 rows=1)
    -> Filter: (sbtest4.id between 2082812 and 2082911)  (cost=20.4 rows=100)
        -> Index range scan on sbtest4 using PRIMARY over (2082812 <= id <= 2082911)  (cost=20.4 rows=100)


table 5 : explain SELECT SUM(k) FROM sbtest5 WHERE id BETWEEN 9292566 AND 9292665
	-> Aggregate: sum(sbtest5.k)  (cost=43.5 rows=1)
    -> Filter: (sbtest5.id between 9292566 and 9292665)  (cost=20.4 rows=100)
        -> Index range scan on sbtest5 using PRIMARY over (9292566 <= id <= 9292665)  (cost=20.4 rows=100)


table 6 : explain SELECT SUM(k) FROM sbtest6 WHERE id BETWEEN 2787491 AND 2787590
	-> Aggregate: sum(sbtest6.k)  (cost=43.5 rows=1)
    -> Filter: (sbtest6.id between 2787491 and 2787590)  (cost=20.4 rows=100)
        -> Index range scan on sbtest6 using PRIMARY over (2787491 <= id <= 2787590)  (cost=20.4 rows=100)


table 7 : explain SELECT SUM(k) FROM sbtest7 WHERE id BETWEEN 3948573 AND 3948672
	-> Aggregate: sum(sbtest7.k)  (cost=43.5 rows=1)
    -> Filter: (sbtest7.id between 3948573 and 3948672)  (cost=20.4 rows=100)
        -> Index range scan on sbtest7 using PRIMARY over (3948573 <= id <= 3948672)  (cost=20.4 rows=100)


table 8 : explain SELECT SUM(k) FROM sbtest8 WHERE id BETWEEN 4787773 AND 4787872
	-> Aggregate: sum(sbtest8.k)  (cost=43.5 rows=1)
    -> Filter: (sbtest8.id between 4787773 and 4787872)  (cost=20.4 rows=100)
        -> Index range scan on sbtest8 using PRIMARY over (4787773 <= id <= 4787872)  (cost=20.4 rows=100)


for: simple_ranges
table 1 : explain SELECT c FROM sbtest1 WHERE id BETWEEN 8955218 AND 8955317
	-> Filter: (sbtest1.id between 8955218 and 8955317)  (cost=20.4 rows=100)
    -> Index range scan on sbtest1 using PRIMARY over (8955218 <= id <= 8955317)  (cost=20.4 rows=100)


table 2 : explain SELECT c FROM sbtest2 WHERE id BETWEEN 1661605 AND 1661704
	-> Filter: (sbtest2.id between 1661605 and 1661704)  (cost=20.4 rows=100)
    -> Index range scan on sbtest2 using PRIMARY over (1661605 <= id <= 1661704)  (cost=20.4 rows=100)


table 3 : explain SELECT c FROM sbtest3 WHERE id BETWEEN 6461604 AND 6461703
	-> Filter: (sbtest3.id between 6461604 and 6461703)  (cost=20.4 rows=100)
    -> Index range scan on sbtest3 using PRIMARY over (6461604 <= id <= 6461703)  (cost=20.4 rows=100)


table 4 : explain SELECT c FROM sbtest4 WHERE id BETWEEN 82680 AND 82779
	-> Filter: (sbtest4.id between 82680 and 82779)  (cost=20.4 rows=100)
    -> Index range scan on sbtest4 using PRIMARY over (82680 <= id <= 82779)  (cost=20.4 rows=100)


table 5 : explain SELECT c FROM sbtest5 WHERE id BETWEEN 5756736 AND 5756835
	-> Filter: (sbtest5.id between 5756736 and 5756835)  (cost=20.4 rows=100)
    -> Index range scan on sbtest5 using PRIMARY over (5756736 <= id <= 5756835)  (cost=20.4 rows=100)


table 6 : explain SELECT c FROM sbtest6 WHERE id BETWEEN 5768448 AND 5768547
	-> Filter: (sbtest6.id between 5768448 and 5768547)  (cost=20.4 rows=100)
    -> Index range scan on sbtest6 using PRIMARY over (5768448 <= id <= 5768547)  (cost=20.4 rows=100)


table 7 : explain SELECT c FROM sbtest7 WHERE id BETWEEN 7506999 AND 7507098
	-> Filter: (sbtest7.id between 7506999 and 7507098)  (cost=20.4 rows=100)
    -> Index range scan on sbtest7 using PRIMARY over (7506999 <= id <= 7507098)  (cost=20.4 rows=100)


table 8 : explain SELECT c FROM sbtest8 WHERE id BETWEEN 4884310 AND 4884409
	-> Filter: (sbtest8.id between 4884310 and 4884409)  (cost=20.4 rows=100)
    -> Index range scan on sbtest8 using PRIMARY over (4884310 <= id <= 4884409)  (cost=20.4 rows=100)


for: order_ranges
table 1 : explain SELECT c FROM sbtest1 WHERE id BETWEEN 4846548 AND 4846647 ORDER BY c
	-> Sort: sbtest1.c  (cost=20.4 rows=100)
    -> Filter: (sbtest1.id between 4846548 and 4846647)  (cost=20.4 rows=100)
        -> Index range scan on sbtest1 using PRIMARY over (4846548 <= id <= 4846647)  (cost=20.4 rows=100)


table 2 : explain SELECT c FROM sbtest2 WHERE id BETWEEN 628742 AND 628841 ORDER BY c
	-> Sort: sbtest2.c  (cost=20.4 rows=100)
    -> Filter: (sbtest2.id between 628742 and 628841)  (cost=20.4 rows=100)
        -> Index range scan on sbtest2 using PRIMARY over (628742 <= id <= 628841)  (cost=20.4 rows=100)


table 3 : explain SELECT c FROM sbtest3 WHERE id BETWEEN 2581538 AND 2581637 ORDER BY c
	-> Sort: sbtest3.c  (cost=20.4 rows=100)
    -> Filter: (sbtest3.id between 2581538 and 2581637)  (cost=20.4 rows=100)
        -> Index range scan on sbtest3 using PRIMARY over (2581538 <= id <= 2581637)  (cost=20.4 rows=100)


table 4 : explain SELECT c FROM sbtest4 WHERE id BETWEEN 1431742 AND 1431841 ORDER BY c
	-> Sort: sbtest4.c  (cost=20.4 rows=100)
    -> Filter: (sbtest4.id between 1431742 and 1431841)  (cost=20.4 rows=100)
        -> Index range scan on sbtest4 using PRIMARY over (1431742 <= id <= 1431841)  (cost=20.4 rows=100)


table 5 : explain SELECT c FROM sbtest5 WHERE id BETWEEN 1273127 AND 1273226 ORDER BY c
	-> Sort: sbtest5.c  (cost=20.4 rows=100)
    -> Filter: (sbtest5.id between 1273127 and 1273226)  (cost=20.4 rows=100)
        -> Index range scan on sbtest5 using PRIMARY over (1273127 <= id <= 1273226)  (cost=20.4 rows=100)


table 6 : explain SELECT c FROM sbtest6 WHERE id BETWEEN 2855124 AND 2855223 ORDER BY c
	-> Sort: sbtest6.c  (cost=20.4 rows=100)
    -> Filter: (sbtest6.id between 2855124 and 2855223)  (cost=20.4 rows=100)
        -> Index range scan on sbtest6 using PRIMARY over (2855124 <= id <= 2855223)  (cost=20.4 rows=100)


table 7 : explain SELECT c FROM sbtest7 WHERE id BETWEEN 5809232 AND 5809331 ORDER BY c
	-> Sort: sbtest7.c  (cost=20.4 rows=100)
    -> Filter: (sbtest7.id between 5809232 and 5809331)  (cost=20.4 rows=100)
        -> Index range scan on sbtest7 using PRIMARY over (5809232 <= id <= 5809331)  (cost=20.4 rows=100)


table 8 : explain SELECT c FROM sbtest8 WHERE id BETWEEN 7346278 AND 7346377 ORDER BY c
	-> Sort: sbtest8.c  (cost=20.4 rows=100)
    -> Filter: (sbtest8.id between 7346278 and 7346377)  (cost=20.4 rows=100)
        -> Index range scan on sbtest8 using PRIMARY over (7346278 <= id <= 7346377)  (cost=20.4 rows=100)


for: sum_ranges
table 1 : explain SELECT SUM(k) FROM sbtest1 WHERE id BETWEEN 9497948 AND 9498047
	-> Aggregate: sum(sbtest1.k)  (cost=43.5 rows=1)
    -> Filter: (sbtest1.id between 9497948 and 9498047)  (cost=20.4 rows=100)
        -> Index range scan on sbtest1 using PRIMARY over (9497948 <= id <= 9498047)  (cost=20.4 rows=100)


table 2 : explain SELECT SUM(k) FROM sbtest2 WHERE id BETWEEN 1510726 AND 1510825
	-> Aggregate: sum(sbtest2.k)  (cost=43.5 rows=1)
    -> Filter: (sbtest2.id between 1510726 and 1510825)  (cost=20.4 rows=100)
        -> Index range scan on sbtest2 using PRIMARY over (1510726 <= id <= 1510825)  (cost=20.4 rows=100)


table 3 : explain SELECT SUM(k) FROM sbtest3 WHERE id BETWEEN 450886 AND 450985
	-> Aggregate: sum(sbtest3.k)  (cost=43.5 rows=1)
    -> Filter: (sbtest3.id between 450886 and 450985)  (cost=20.4 rows=100)
        -> Index range scan on sbtest3 using PRIMARY over (450886 <= id <= 450985)  (cost=20.4 rows=100)


table 4 : explain SELECT SUM(k) FROM sbtest4 WHERE id BETWEEN 705653 AND 705752
	-> Aggregate: sum(sbtest4.k)  (cost=43.5 rows=1)
    -> Filter: (sbtest4.id between 705653 and 705752)  (cost=20.4 rows=100)
        -> Index range scan on sbtest4 using PRIMARY over (705653 <= id <= 705752)  (cost=20.4 rows=100)


table 5 : explain SELECT SUM(k) FROM sbtest5 WHERE id BETWEEN 8278112 AND 8278211
	-> Aggregate: sum(sbtest5.k)  (cost=43.5 rows=1)
    -> Filter: (sbtest5.id between 8278112 and 8278211)  (cost=20.4 rows=100)
        -> Index range scan on sbtest5 using PRIMARY over (8278112 <= id <= 8278211)  (cost=20.4 rows=100)


table 6 : explain SELECT SUM(k) FROM sbtest6 WHERE id BETWEEN 5781966 AND 5782065
	-> Aggregate: sum(sbtest6.k)  (cost=43.5 rows=1)
    -> Filter: (sbtest6.id between 5781966 and 5782065)  (cost=20.4 rows=100)
        -> Index range scan on sbtest6 using PRIMARY over (5781966 <= id <= 5782065)  (cost=20.4 rows=100)


table 7 : explain SELECT SUM(k) FROM sbtest7 WHERE id BETWEEN 7735084 AND 7735183
	-> Aggregate: sum(sbtest7.k)  (cost=43.5 rows=1)
    -> Filter: (sbtest7.id between 7735084 and 7735183)  (cost=20.4 rows=100)
        -> Index range scan on sbtest7 using PRIMARY over (7735084 <= id <= 7735183)  (cost=20.4 rows=100)


table 8 : explain SELECT SUM(k) FROM sbtest8 WHERE id BETWEEN 8374507 AND 8374606
	-> Aggregate: sum(sbtest8.k)  (cost=43.5 rows=1)
    -> Filter: (sbtest8.id between 8374507 and 8374606)  (cost=20.4 rows=100)
        -> Index range scan on sbtest8 using PRIMARY over (8374507 <= id <= 8374606)  (cost=20.4 rows=100)


for: simple_ranges
table 1 : explain SELECT c FROM sbtest1 WHERE id BETWEEN 660997 AND 661096
	-> Filter: (sbtest1.id between 660997 and 661096)  (cost=20.4 rows=100)
    -> Index range scan on sbtest1 using PRIMARY over (660997 <= id <= 661096)  (cost=20.4 rows=100)


table 2 : explain SELECT c FROM sbtest2 WHERE id BETWEEN 2967054 AND 2967153
	-> Filter: (sbtest2.id between 2967054 and 2967153)  (cost=20.4 rows=100)
    -> Index range scan on sbtest2 using PRIMARY over (2967054 <= id <= 2967153)  (cost=20.4 rows=100)


table 3 : explain SELECT c FROM sbtest3 WHERE id BETWEEN 4749340 AND 4749439
	-> Filter: (sbtest3.id between 4749340 and 4749439)  (cost=20.4 rows=100)
    -> Index range scan on sbtest3 using PRIMARY over (4749340 <= id <= 4749439)  (cost=20.4 rows=100)


table 4 : explain SELECT c FROM sbtest4 WHERE id BETWEEN 7799115 AND 7799214
	-> Filter: (sbtest4.id between 7799115 and 7799214)  (cost=20.4 rows=100)
    -> Index range scan on sbtest4 using PRIMARY over (7799115 <= id <= 7799214)  (cost=20.4 rows=100)


table 5 : explain SELECT c FROM sbtest5 WHERE id BETWEEN 5754588 AND 5754687
	-> Filter: (sbtest5.id between 5754588 and 5754687)  (cost=20.4 rows=100)
    -> Index range scan on sbtest5 using PRIMARY over (5754588 <= id <= 5754687)  (cost=20.4 rows=100)


table 6 : explain SELECT c FROM sbtest6 WHERE id BETWEEN 8966436 AND 8966535
	-> Filter: (sbtest6.id between 8966436 and 8966535)  (cost=20.4 rows=100)
    -> Index range scan on sbtest6 using PRIMARY over (8966436 <= id <= 8966535)  (cost=20.4 rows=100)


table 7 : explain SELECT c FROM sbtest7 WHERE id BETWEEN 2966648 AND 2966747
	-> Filter: (sbtest7.id between 2966648 and 2966747)  (cost=20.4 rows=100)
    -> Index range scan on sbtest7 using PRIMARY over (2966648 <= id <= 2966747)  (cost=20.4 rows=100)


table 8 : explain SELECT c FROM sbtest8 WHERE id BETWEEN 1608227 AND 1608326
	-> Filter: (sbtest8.id between 1608227 and 1608326)  (cost=20.4 rows=100)
    -> Index range scan on sbtest8 using PRIMARY over (1608227 <= id <= 1608326)  (cost=20.4 rows=100)


for: simple_ranges
table 1 : explain SELECT c FROM sbtest1 WHERE id BETWEEN 2468415 AND 2468514
	-> Filter: (sbtest1.id between 2468415 and 2468514)  (cost=20.4 rows=100)
    -> Index range scan on sbtest1 using PRIMARY over (2468415 <= id <= 2468514)  (cost=20.4 rows=100)


table 2 : explain SELECT c FROM sbtest2 WHERE id BETWEEN 6525962 AND 6526061
	-> Filter: (sbtest2.id between 6525962 and 6526061)  (cost=20.4 rows=100)
    -> Index range scan on sbtest2 using PRIMARY over (6525962 <= id <= 6526061)  (cost=20.4 rows=100)


table 3 : explain SELECT c FROM sbtest3 WHERE id BETWEEN 8642975 AND 8643074
	-> Filter: (sbtest3.id between 8642975 and 8643074)  (cost=20.4 rows=100)
    -> Index range scan on sbtest3 using PRIMARY over (8642975 <= id <= 8643074)  (cost=20.4 rows=100)


table 4 : explain SELECT c FROM sbtest4 WHERE id BETWEEN 3723504 AND 3723603
	-> Filter: (sbtest4.id between 3723504 and 3723603)  (cost=20.4 rows=100)
    -> Index range scan on sbtest4 using PRIMARY over (3723504 <= id <= 3723603)  (cost=20.4 rows=100)


table 5 : explain SELECT c FROM sbtest5 WHERE id BETWEEN 9144721 AND 9144820
	-> Filter: (sbtest5.id between 9144721 and 9144820)  (cost=20.4 rows=100)
    -> Index range scan on sbtest5 using PRIMARY over (9144721 <= id <= 9144820)  (cost=20.4 rows=100)


table 6 : explain SELECT c FROM sbtest6 WHERE id BETWEEN 1632535 AND 1632634
	-> Filter: (sbtest6.id between 1632535 and 1632634)  (cost=20.4 rows=100)
    -> Index range scan on sbtest6 using PRIMARY over (1632535 <= id <= 1632634)  (cost=20.4 rows=100)


table 7 : explain SELECT c FROM sbtest7 WHERE id BETWEEN 4458519 AND 4458618
	-> Filter: (sbtest7.id between 4458519 and 4458618)  (cost=20.4 rows=100)
    -> Index range scan on sbtest7 using PRIMARY over (4458519 <= id <= 4458618)  (cost=20.4 rows=100)


table 8 : explain SELECT c FROM sbtest8 WHERE id BETWEEN 5035561 AND 5035660
	-> Filter: (sbtest8.id between 5035561 and 5035660)  (cost=20.4 rows=100)
    -> Index range scan on sbtest8 using PRIMARY over (5035561 <= id <= 5035660)  (cost=20.4 rows=100)


for: sum_ranges
table 1 : explain SELECT SUM(k) FROM sbtest1 WHERE id BETWEEN 8502052 AND 8502151
	-> Aggregate: sum(sbtest1.k)  (cost=43.5 rows=1)
    -> Filter: (sbtest1.id between 8502052 and 8502151)  (cost=20.4 rows=100)
        -> Index range scan on sbtest1 using PRIMARY over (8502052 <= id <= 8502151)  (cost=20.4 rows=100)


table 2 : explain SELECT SUM(k) FROM sbtest2 WHERE id BETWEEN 1585689 AND 1585788
	-> Aggregate: sum(sbtest2.k)  (cost=43.5 rows=1)
    -> Filter: (sbtest2.id between 1585689 and 1585788)  (cost=20.4 rows=100)
        -> Index range scan on sbtest2 using PRIMARY over (1585689 <= id <= 1585788)  (cost=20.4 rows=100)


table 3 : explain SELECT SUM(k) FROM sbtest3 WHERE id BETWEEN 9467778 AND 9467877
	-> Aggregate: sum(sbtest3.k)  (cost=43.5 rows=1)
    -> Filter: (sbtest3.id between 9467778 and 9467877)  (cost=20.4 rows=100)
        -> Index range scan on sbtest3 using PRIMARY over (9467778 <= id <= 9467877)  (cost=20.4 rows=100)


table 4 : explain SELECT SUM(k) FROM sbtest4 WHERE id BETWEEN 5207993 AND 5208092
	-> Aggregate: sum(sbtest4.k)  (cost=43.5 rows=1)
    -> Filter: (sbtest4.id between 5207993 and 5208092)  (cost=20.4 rows=100)
        -> Index range scan on sbtest4 using PRIMARY over (5207993 <= id <= 5208092)  (cost=20.4 rows=100)


table 5 : explain SELECT SUM(k) FROM sbtest5 WHERE id BETWEEN 7992184 AND 7992283
	-> Aggregate: sum(sbtest5.k)  (cost=43.5 rows=1)
    -> Filter: (sbtest5.id between 7992184 and 7992283)  (cost=20.4 rows=100)
        -> Index range scan on sbtest5 using PRIMARY over (7992184 <= id <= 7992283)  (cost=20.4 rows=100)


table 6 : explain SELECT SUM(k) FROM sbtest6 WHERE id BETWEEN 7806234 AND 7806333
	-> Aggregate: sum(sbtest6.k)  (cost=43.5 rows=1)
    -> Filter: (sbtest6.id between 7806234 and 7806333)  (cost=20.4 rows=100)
        -> Index range scan on sbtest6 using PRIMARY over (7806234 <= id <= 7806333)  (cost=20.4 rows=100)


table 7 : explain SELECT SUM(k) FROM sbtest7 WHERE id BETWEEN 5440435 AND 5440534
	-> Aggregate: sum(sbtest7.k)  (cost=43.5 rows=1)
    -> Filter: (sbtest7.id between 5440435 and 5440534)  (cost=20.4 rows=100)
        -> Index range scan on sbtest7 using PRIMARY over (5440435 <= id <= 5440534)  (cost=20.4 rows=100)


table 8 : explain SELECT SUM(k) FROM sbtest8 WHERE id BETWEEN 2106667 AND 2106766
	-> Aggregate: sum(sbtest8.k)  (cost=43.5 rows=1)
    -> Filter: (sbtest8.id between 2106667 and 2106766)  (cost=20.4 rows=100)
        -> Index range scan on sbtest8 using PRIMARY over (2106667 <= id <= 2106766)  (cost=20.4 rows=100)


for: order_ranges
table 1 : explain SELECT c FROM sbtest1 WHERE id BETWEEN 7863055 AND 7863154 ORDER BY c
	-> Sort: sbtest1.c  (cost=20.4 rows=100)
    -> Filter: (sbtest1.id between 7863055 and 7863154)  (cost=20.4 rows=100)
        -> Index range scan on sbtest1 using PRIMARY over (7863055 <= id <= 7863154)  (cost=20.4 rows=100)


table 2 : explain SELECT c FROM sbtest2 WHERE id BETWEEN 528400 AND 528499 ORDER BY c
	-> Sort: sbtest2.c  (cost=20.4 rows=100)
    -> Filter: (sbtest2.id between 528400 and 528499)  (cost=20.4 rows=100)
        -> Index range scan on sbtest2 using PRIMARY over (528400 <= id <= 528499)  (cost=20.4 rows=100)


table 3 : explain SELECT c FROM sbtest3 WHERE id BETWEEN 2246414 AND 2246513 ORDER BY c
	-> Sort: sbtest3.c  (cost=20.4 rows=100)
    -> Filter: (sbtest3.id between 2246414 and 2246513)  (cost=20.4 rows=100)
        -> Index range scan on sbtest3 using PRIMARY over (2246414 <= id <= 2246513)  (cost=20.4 rows=100)


table 4 : explain SELECT c FROM sbtest4 WHERE id BETWEEN 2939826 AND 2939925 ORDER BY c
	-> Sort: sbtest4.c  (cost=20.4 rows=100)
    -> Filter: (sbtest4.id between 2939826 and 2939925)  (cost=20.4 rows=100)
        -> Index range scan on sbtest4 using PRIMARY over (2939826 <= id <= 2939925)  (cost=20.4 rows=100)


table 5 : explain SELECT c FROM sbtest5 WHERE id BETWEEN 7925478 AND 7925577 ORDER BY c
	-> Sort: sbtest5.c  (cost=20.4 rows=100)
    -> Filter: (sbtest5.id between 7925478 and 7925577)  (cost=20.4 rows=100)
        -> Index range scan on sbtest5 using PRIMARY over (7925478 <= id <= 7925577)  (cost=20.4 rows=100)


table 6 : explain SELECT c FROM sbtest6 WHERE id BETWEEN 61031 AND 61130 ORDER BY c
	-> Sort: sbtest6.c  (cost=20.4 rows=100)
    -> Filter: (sbtest6.id between 61031 and 61130)  (cost=20.4 rows=100)
        -> Index range scan on sbtest6 using PRIMARY over (61031 <= id <= 61130)  (cost=20.4 rows=100)


table 7 : explain SELECT c FROM sbtest7 WHERE id BETWEEN 2415719 AND 2415818 ORDER BY c
	-> Sort: sbtest7.c  (cost=20.4 rows=100)
    -> Filter: (sbtest7.id between 2415719 and 2415818)  (cost=20.4 rows=100)
        -> Index range scan on sbtest7 using PRIMARY over (2415719 <= id <= 2415818)  (cost=20.4 rows=100)


table 8 : explain SELECT c FROM sbtest8 WHERE id BETWEEN 7365413 AND 7365512 ORDER BY c
	-> Sort: sbtest8.c  (cost=20.4 rows=100)
    -> Filter: (sbtest8.id between 7365413 and 7365512)  (cost=20.4 rows=100)
        -> Index range scan on sbtest8 using PRIMARY over (7365413 <= id <= 7365512)  (cost=20.4 rows=100)


for: sum_ranges
table 1 : explain SELECT SUM(k) FROM sbtest1 WHERE id BETWEEN 4221275 AND 4221374
	-> Aggregate: sum(sbtest1.k)  (cost=43.5 rows=1)
    -> Filter: (sbtest1.id between 4221275 and 4221374)  (cost=20.4 rows=100)
        -> Index range scan on sbtest1 using PRIMARY over (4221275 <= id <= 4221374)  (cost=20.4 rows=100)


table 2 : explain SELECT SUM(k) FROM sbtest2 WHERE id BETWEEN 9064392 AND 9064491
	-> Aggregate: sum(sbtest2.k)  (cost=43.5 rows=1)
    -> Filter: (sbtest2.id between 9064392 and 9064491)  (cost=20.4 rows=100)
        -> Index range scan on sbtest2 using PRIMARY over (9064392 <= id <= 9064491)  (cost=20.4 rows=100)


table 3 : explain SELECT SUM(k) FROM sbtest3 WHERE id BETWEEN 4678911 AND 4679010
	-> Aggregate: sum(sbtest3.k)  (cost=43.5 rows=1)
    -> Filter: (sbtest3.id between 4678911 and 4679010)  (cost=20.4 rows=100)
        -> Index range scan on sbtest3 using PRIMARY over (4678911 <= id <= 4679010)  (cost=20.4 rows=100)


table 4 : explain SELECT SUM(k) FROM sbtest4 WHERE id BETWEEN 7858732 AND 7858831
	-> Aggregate: sum(sbtest4.k)  (cost=43.5 rows=1)
    -> Filter: (sbtest4.id between 7858732 and 7858831)  (cost=20.4 rows=100)
        -> Index range scan on sbtest4 using PRIMARY over (7858732 <= id <= 7858831)  (cost=20.4 rows=100)


table 5 : explain SELECT SUM(k) FROM sbtest5 WHERE id BETWEEN 9641746 AND 9641845
	-> Aggregate: sum(sbtest5.k)  (cost=43.5 rows=1)
    -> Filter: (sbtest5.id between 9641746 and 9641845)  (cost=20.4 rows=100)
        -> Index range scan on sbtest5 using PRIMARY over (9641746 <= id <= 9641845)  (cost=20.4 rows=100)


table 6 : explain SELECT SUM(k) FROM sbtest6 WHERE id BETWEEN 5700629 AND 5700728
	-> Aggregate: sum(sbtest6.k)  (cost=43.5 rows=1)
    -> Filter: (sbtest6.id between 5700629 and 5700728)  (cost=20.4 rows=100)
        -> Index range scan on sbtest6 using PRIMARY over (5700629 <= id <= 5700728)  (cost=20.4 rows=100)


table 7 : explain SELECT SUM(k) FROM sbtest7 WHERE id BETWEEN 8585838 AND 8585937
	-> Aggregate: sum(sbtest7.k)  (cost=43.5 rows=1)
    -> Filter: (sbtest7.id between 8585838 and 8585937)  (cost=20.4 rows=100)
        -> Index range scan on sbtest7 using PRIMARY over (8585838 <= id <= 8585937)  (cost=20.4 rows=100)


table 8 : explain SELECT SUM(k) FROM sbtest8 WHERE id BETWEEN 427783 AND 427882
	-> Aggregate: sum(sbtest8.k)  (cost=43.5 rows=1)
    -> Filter: (sbtest8.id between 427783 and 427882)  (cost=20.4 rows=100)
        -> Index range scan on sbtest8 using PRIMARY over (427783 <= id <= 427882)  (cost=20.4 rows=100)


for: order_ranges
table 1 : explain SELECT c FROM sbtest1 WHERE id BETWEEN 2475101 AND 2475200 ORDER BY c
	-> Sort: sbtest1.c  (cost=20.4 rows=100)
    -> Filter: (sbtest1.id between 2475101 and 2475200)  (cost=20.4 rows=100)
        -> Index range scan on sbtest1 using PRIMARY over (2475101 <= id <= 2475200)  (cost=20.4 rows=100)


table 2 : explain SELECT c FROM sbtest2 WHERE id BETWEEN 3277615 AND 3277714 ORDER BY c
	-> Sort: sbtest2.c  (cost=20.4 rows=100)
    -> Filter: (sbtest2.id between 3277615 and 3277714)  (cost=20.4 rows=100)
        -> Index range scan on sbtest2 using PRIMARY over (3277615 <= id <= 3277714)  (cost=20.4 rows=100)


table 3 : explain SELECT c FROM sbtest3 WHERE id BETWEEN 7612852 AND 7612951 ORDER BY c
	-> Sort: sbtest3.c  (cost=20.4 rows=100)
    -> Filter: (sbtest3.id between 7612852 and 7612951)  (cost=20.4 rows=100)
        -> Index range scan on sbtest3 using PRIMARY over (7612852 <= id <= 7612951)  (cost=20.4 rows=100)


table 4 : explain SELECT c FROM sbtest4 WHERE id BETWEEN 6528475 AND 6528574 ORDER BY c
	-> Sort: sbtest4.c  (cost=20.4 rows=100)
    -> Filter: (sbtest4.id between 6528475 and 6528574)  (cost=20.4 rows=100)
        -> Index range scan on sbtest4 using PRIMARY over (6528475 <= id <= 6528574)  (cost=20.4 rows=100)


table 5 : explain SELECT c FROM sbtest5 WHERE id BETWEEN 3553175 AND 3553274 ORDER BY c
	-> Sort: sbtest5.c  (cost=20.4 rows=100)
    -> Filter: (sbtest5.id between 3553175 and 3553274)  (cost=20.4 rows=100)
        -> Index range scan on sbtest5 using PRIMARY over (3553175 <= id <= 3553274)  (cost=20.4 rows=100)


table 6 : explain SELECT c FROM sbtest6 WHERE id BETWEEN 5839692 AND 5839791 ORDER BY c
	-> Sort: sbtest6.c  (cost=20.4 rows=100)
    -> Filter: (sbtest6.id between 5839692 and 5839791)  (cost=20.4 rows=100)
        -> Index range scan on sbtest6 using PRIMARY over (5839692 <= id <= 5839791)  (cost=20.4 rows=100)


table 7 : explain SELECT c FROM sbtest7 WHERE id BETWEEN 6321839 AND 6321938 ORDER BY c
	-> Sort: sbtest7.c  (cost=20.4 rows=100)
    -> Filter: (sbtest7.id between 6321839 and 6321938)  (cost=20.4 rows=100)
        -> Index range scan on sbtest7 using PRIMARY over (6321839 <= id <= 6321938)  (cost=20.4 rows=100)


table 8 : explain SELECT c FROM sbtest8 WHERE id BETWEEN 3541187 AND 3541286 ORDER BY c
	-> Sort: sbtest8.c  (cost=20.4 rows=100)
    -> Filter: (sbtest8.id between 3541187 and 3541286)  (cost=20.4 rows=100)
        -> Index range scan on sbtest8 using PRIMARY over (3541187 <= id <= 3541286)  (cost=20.4 rows=100)


for: sum_ranges
table 1 : explain SELECT SUM(k) FROM sbtest1 WHERE id BETWEEN 4092681 AND 4092780
	-> Aggregate: sum(sbtest1.k)  (cost=43.5 rows=1)
    -> Filter: (sbtest1.id between 4092681 and 4092780)  (cost=20.4 rows=100)
        -> Index range scan on sbtest1 using PRIMARY over (4092681 <= id <= 4092780)  (cost=20.4 rows=100)


table 2 : explain SELECT SUM(k) FROM sbtest2 WHERE id BETWEEN 6082867 AND 6082966
	-> Aggregate: sum(sbtest2.k)  (cost=43.5 rows=1)
    -> Filter: (sbtest2.id between 6082867 and 6082966)  (cost=20.4 rows=100)
        -> Index range scan on sbtest2 using PRIMARY over (6082867 <= id <= 6082966)  (cost=20.4 rows=100)


table 3 : explain SELECT SUM(k) FROM sbtest3 WHERE id BETWEEN 4006987 AND 4007086
	-> Aggregate: sum(sbtest3.k)  (cost=43.5 rows=1)
    -> Filter: (sbtest3.id between 4006987 and 4007086)  (cost=20.4 rows=100)
        -> Index range scan on sbtest3 using PRIMARY over (4006987 <= id <= 4007086)  (cost=20.4 rows=100)


table 4 : explain SELECT SUM(k) FROM sbtest4 WHERE id BETWEEN 1641119 AND 1641218
	-> Aggregate: sum(sbtest4.k)  (cost=43.5 rows=1)
    -> Filter: (sbtest4.id between 1641119 and 1641218)  (cost=20.4 rows=100)
        -> Index range scan on sbtest4 using PRIMARY over (1641119 <= id <= 1641218)  (cost=20.4 rows=100)


table 5 : explain SELECT SUM(k) FROM sbtest5 WHERE id BETWEEN 760284 AND 760383
	-> Aggregate: sum(sbtest5.k)  (cost=43.5 rows=1)
    -> Filter: (sbtest5.id between 760284 and 760383)  (cost=20.4 rows=100)
        -> Index range scan on sbtest5 using PRIMARY over (760284 <= id <= 760383)  (cost=20.4 rows=100)


table 6 : explain SELECT SUM(k) FROM sbtest6 WHERE id BETWEEN 3720090 AND 3720189
	-> Aggregate: sum(sbtest6.k)  (cost=43.5 rows=1)
    -> Filter: (sbtest6.id between 3720090 and 3720189)  (cost=20.4 rows=100)
        -> Index range scan on sbtest6 using PRIMARY over (3720090 <= id <= 3720189)  (cost=20.4 rows=100)


table 7 : explain SELECT SUM(k) FROM sbtest7 WHERE id BETWEEN 5295418 AND 5295517
	-> Aggregate: sum(sbtest7.k)  (cost=43.5 rows=1)
    -> Filter: (sbtest7.id between 5295418 and 5295517)  (cost=20.4 rows=100)
        -> Index range scan on sbtest7 using PRIMARY over (5295418 <= id <= 5295517)  (cost=20.4 rows=100)


table 8 : explain SELECT SUM(k) FROM sbtest8 WHERE id BETWEEN 4756550 AND 4756649
	-> Aggregate: sum(sbtest8.k)  (cost=43.5 rows=1)
    -> Filter: (sbtest8.id between 4756550 and 4756649)  (cost=20.4 rows=100)
        -> Index range scan on sbtest8 using PRIMARY over (4756550 <= id <= 4756649)  (cost=20.4 rows=100)


for: order_ranges
table 1 : explain SELECT c FROM sbtest1 WHERE id BETWEEN 6055563 AND 6055662 ORDER BY c
	-> Sort: sbtest1.c  (cost=20.4 rows=100)
    -> Filter: (sbtest1.id between 6055563 and 6055662)  (cost=20.4 rows=100)
        -> Index range scan on sbtest1 using PRIMARY over (6055563 <= id <= 6055662)  (cost=20.4 rows=100)


table 2 : explain SELECT c FROM sbtest2 WHERE id BETWEEN 6896717 AND 6896816 ORDER BY c
	-> Sort: sbtest2.c  (cost=20.4 rows=100)
    -> Filter: (sbtest2.id between 6896717 and 6896816)  (cost=20.4 rows=100)
        -> Index range scan on sbtest2 using PRIMARY over (6896717 <= id <= 6896816)  (cost=20.4 rows=100)


table 3 : explain SELECT c FROM sbtest3 WHERE id BETWEEN 669629 AND 669728 ORDER BY c
	-> Sort: sbtest3.c  (cost=20.4 rows=100)
    -> Filter: (sbtest3.id between 669629 and 669728)  (cost=20.4 rows=100)
        -> Index range scan on sbtest3 using PRIMARY over (669629 <= id <= 669728)  (cost=20.4 rows=100)


table 4 : explain SELECT c FROM sbtest4 WHERE id BETWEEN 7158824 AND 7158923 ORDER BY c
	-> Sort: sbtest4.c  (cost=20.4 rows=100)
    -> Filter: (sbtest4.id between 7158824 and 7158923)  (cost=20.4 rows=100)
        -> Index range scan on sbtest4 using PRIMARY over (7158824 <= id <= 7158923)  (cost=20.4 rows=100)


table 5 : explain SELECT c FROM sbtest5 WHERE id BETWEEN 2413530 AND 2413629 ORDER BY c
	-> Sort: sbtest5.c  (cost=20.4 rows=100)
    -> Filter: (sbtest5.id between 2413530 and 2413629)  (cost=20.4 rows=100)
        -> Index range scan on sbtest5 using PRIMARY over (2413530 <= id <= 2413629)  (cost=20.4 rows=100)


table 6 : explain SELECT c FROM sbtest6 WHERE id BETWEEN 7309653 AND 7309752 ORDER BY c
	-> Sort: sbtest6.c  (cost=20.4 rows=100)
    -> Filter: (sbtest6.id between 7309653 and 7309752)  (cost=20.4 rows=100)
        -> Index range scan on sbtest6 using PRIMARY over (7309653 <= id <= 7309752)  (cost=20.4 rows=100)


table 7 : explain SELECT c FROM sbtest7 WHERE id BETWEEN 4569389 AND 4569488 ORDER BY c
	-> Sort: sbtest7.c  (cost=20.4 rows=100)
    -> Filter: (sbtest7.id between 4569389 and 4569488)  (cost=20.4 rows=100)
        -> Index range scan on sbtest7 using PRIMARY over (4569389 <= id <= 4569488)  (cost=20.4 rows=100)


table 8 : explain SELECT c FROM sbtest8 WHERE id BETWEEN 5186113 AND 5186212 ORDER BY c
	-> Sort: sbtest8.c  (cost=20.4 rows=100)
    -> Filter: (sbtest8.id between 5186113 and 5186212)  (cost=20.4 rows=100)
        -> Index range scan on sbtest8 using PRIMARY over (5186113 <= id <= 5186212)  (cost=20.4 rows=100)


for: sum_ranges
table 1 : explain SELECT SUM(k) FROM sbtest1 WHERE id BETWEEN 3622534 AND 3622633
	-> Aggregate: sum(sbtest1.k)  (cost=43.5 rows=1)
    -> Filter: (sbtest1.id between 3622534 and 3622633)  (cost=20.4 rows=100)
        -> Index range scan on sbtest1 using PRIMARY over (3622534 <= id <= 3622633)  (cost=20.4 rows=100)


table 2 : explain SELECT SUM(k) FROM sbtest2 WHERE id BETWEEN 3101053 AND 3101152
	-> Aggregate: sum(sbtest2.k)  (cost=43.5 rows=1)
    -> Filter: (sbtest2.id between 3101053 and 3101152)  (cost=20.4 rows=100)
        -> Index range scan on sbtest2 using PRIMARY over (3101053 <= id <= 3101152)  (cost=20.4 rows=100)


table 3 : explain SELECT SUM(k) FROM sbtest3 WHERE id BETWEEN 6429262 AND 6429361
	-> Aggregate: sum(sbtest3.k)  (cost=43.5 rows=1)
    -> Filter: (sbtest3.id between 6429262 and 6429361)  (cost=20.4 rows=100)
        -> Index range scan on sbtest3 using PRIMARY over (6429262 <= id <= 6429361)  (cost=20.4 rows=100)


table 4 : explain SELECT SUM(k) FROM sbtest4 WHERE id BETWEEN 139997 AND 140096
	-> Aggregate: sum(sbtest4.k)  (cost=43.5 rows=1)
    -> Filter: (sbtest4.id between 139997 and 140096)  (cost=20.4 rows=100)
        -> Index range scan on sbtest4 using PRIMARY over (139997 <= id <= 140096)  (cost=20.4 rows=100)


table 5 : explain SELECT SUM(k) FROM sbtest5 WHERE id BETWEEN 1201369 AND 1201468
	-> Aggregate: sum(sbtest5.k)  (cost=43.5 rows=1)
    -> Filter: (sbtest5.id between 1201369 and 1201468)  (cost=20.4 rows=100)
        -> Index range scan on sbtest5 using PRIMARY over (1201369 <= id <= 1201468)  (cost=20.4 rows=100)


table 6 : explain SELECT SUM(k) FROM sbtest6 WHERE id BETWEEN 3284221 AND 3284320
	-> Aggregate: sum(sbtest6.k)  (cost=43.5 rows=1)
    -> Filter: (sbtest6.id between 3284221 and 3284320)  (cost=20.4 rows=100)
        -> Index range scan on sbtest6 using PRIMARY over (3284221 <= id <= 3284320)  (cost=20.4 rows=100)


table 7 : explain SELECT SUM(k) FROM sbtest7 WHERE id BETWEEN 5810690 AND 5810789
	-> Aggregate: sum(sbtest7.k)  (cost=43.5 rows=1)
    -> Filter: (sbtest7.id between 5810690 and 5810789)  (cost=20.4 rows=100)
        -> Index range scan on sbtest7 using PRIMARY over (5810690 <= id <= 5810789)  (cost=20.4 rows=100)


table 8 : explain SELECT SUM(k) FROM sbtest8 WHERE id BETWEEN 8467222 AND 8467321
	-> Aggregate: sum(sbtest8.k)  (cost=43.5 rows=1)
    -> Filter: (sbtest8.id between 8467222 and 8467321)  (cost=20.4 rows=100)
        -> Index range scan on sbtest8 using PRIMARY over (8467222 <= id <= 8467321)  (cost=20.4 rows=100)


for: simple_ranges
table 1 : explain SELECT c FROM sbtest1 WHERE id BETWEEN 3214411 AND 3214510
	-> Filter: (sbtest1.id between 3214411 and 3214510)  (cost=20.4 rows=100)
    -> Index range scan on sbtest1 using PRIMARY over (3214411 <= id <= 3214510)  (cost=20.4 rows=100)


table 2 : explain SELECT c FROM sbtest2 WHERE id BETWEEN 7578334 AND 7578433
	-> Filter: (sbtest2.id between 7578334 and 7578433)  (cost=20.4 rows=100)
    -> Index range scan on sbtest2 using PRIMARY over (7578334 <= id <= 7578433)  (cost=20.4 rows=100)


table 3 : explain SELECT c FROM sbtest3 WHERE id BETWEEN 2843022 AND 2843121
	-> Filter: (sbtest3.id between 2843022 and 2843121)  (cost=20.4 rows=100)
    -> Index range scan on sbtest3 using PRIMARY over (2843022 <= id <= 2843121)  (cost=20.4 rows=100)


table 4 : explain SELECT c FROM sbtest4 WHERE id BETWEEN 603752 AND 603851
	-> Filter: (sbtest4.id between 603752 and 603851)  (cost=20.4 rows=100)
    -> Index range scan on sbtest4 using PRIMARY over (603752 <= id <= 603851)  (cost=20.4 rows=100)


table 5 : explain SELECT c FROM sbtest5 WHERE id BETWEEN 6689430 AND 6689529
	-> Filter: (sbtest5.id between 6689430 and 6689529)  (cost=20.4 rows=100)
    -> Index range scan on sbtest5 using PRIMARY over (6689430 <= id <= 6689529)  (cost=20.4 rows=100)


table 6 : explain SELECT c FROM sbtest6 WHERE id BETWEEN 4889964 AND 4890063
	-> Filter: (sbtest6.id between 4889964 and 4890063)  (cost=20.4 rows=100)
    -> Index range scan on sbtest6 using PRIMARY over (4889964 <= id <= 4890063)  (cost=20.4 rows=100)


table 7 : explain SELECT c FROM sbtest7 WHERE id BETWEEN 8812642 AND 8812741
	-> Filter: (sbtest7.id between 8812642 and 8812741)  (cost=20.4 rows=100)
    -> Index range scan on sbtest7 using PRIMARY over (8812642 <= id <= 8812741)  (cost=20.4 rows=100)


table 8 : explain SELECT c FROM sbtest8 WHERE id BETWEEN 9981430 AND 9981529
	-> Filter: (sbtest8.id between 9981430 and 9981529)  (cost=20.4 rows=100)
    -> Index range scan on sbtest8 using PRIMARY over (9981430 <= id <= 9981529)  (cost=20.4 rows=100)


for: sum_ranges
table 1 : explain SELECT SUM(k) FROM sbtest1 WHERE id BETWEEN 9745917 AND 9746016
	-> Aggregate: sum(sbtest1.k)  (cost=43.5 rows=1)
    -> Filter: (sbtest1.id between 9745917 and 9746016)  (cost=20.4 rows=100)
        -> Index range scan on sbtest1 using PRIMARY over (9745917 <= id <= 9746016)  (cost=20.4 rows=100)


table 2 : explain SELECT SUM(k) FROM sbtest2 WHERE id BETWEEN 469968 AND 470067
	-> Aggregate: sum(sbtest2.k)  (cost=43.5 rows=1)
    -> Filter: (sbtest2.id between 469968 and 470067)  (cost=20.4 rows=100)
        -> Index range scan on sbtest2 using PRIMARY over (469968 <= id <= 470067)  (cost=20.4 rows=100)


table 3 : explain SELECT SUM(k) FROM sbtest3 WHERE id BETWEEN 9459296 AND 9459395
	-> Aggregate: sum(sbtest3.k)  (cost=43.5 rows=1)
    -> Filter: (sbtest3.id between 9459296 and 9459395)  (cost=20.4 rows=100)
        -> Index range scan on sbtest3 using PRIMARY over (9459296 <= id <= 9459395)  (cost=20.4 rows=100)


table 4 : explain SELECT SUM(k) FROM sbtest4 WHERE id BETWEEN 9279369 AND 9279468
	-> Aggregate: sum(sbtest4.k)  (cost=43.5 rows=1)
    -> Filter: (sbtest4.id between 9279369 and 9279468)  (cost=20.4 rows=100)
        -> Index range scan on sbtest4 using PRIMARY over (9279369 <= id <= 9279468)  (cost=20.4 rows=100)


table 5 : explain SELECT SUM(k) FROM sbtest5 WHERE id BETWEEN 7156424 AND 7156523
	-> Aggregate: sum(sbtest5.k)  (cost=43.5 rows=1)
    -> Filter: (sbtest5.id between 7156424 and 7156523)  (cost=20.4 rows=100)
        -> Index range scan on sbtest5 using PRIMARY over (7156424 <= id <= 7156523)  (cost=20.4 rows=100)


table 6 : explain SELECT SUM(k) FROM sbtest6 WHERE id BETWEEN 8353628 AND 8353727
	-> Aggregate: sum(sbtest6.k)  (cost=43.5 rows=1)
    -> Filter: (sbtest6.id between 8353628 and 8353727)  (cost=20.4 rows=100)
        -> Index range scan on sbtest6 using PRIMARY over (8353628 <= id <= 8353727)  (cost=20.4 rows=100)


table 7 : explain SELECT SUM(k) FROM sbtest7 WHERE id BETWEEN 8521766 AND 8521865
	-> Aggregate: sum(sbtest7.k)  (cost=43.5 rows=1)
    -> Filter: (sbtest7.id between 8521766 and 8521865)  (cost=20.4 rows=100)
        -> Index range scan on sbtest7 using PRIMARY over (8521766 <= id <= 8521865)  (cost=20.4 rows=100)


table 8 : explain SELECT SUM(k) FROM sbtest8 WHERE id BETWEEN 7642084 AND 7642183
	-> Aggregate: sum(sbtest8.k)  (cost=43.5 rows=1)
    -> Filter: (sbtest8.id between 7642084 and 7642183)  (cost=20.4 rows=100)
        -> Index range scan on sbtest8 using PRIMARY over (7642084 <= id <= 7642183)  (cost=20.4 rows=100)


for: sum_ranges
table 1 : explain SELECT SUM(k) FROM sbtest1 WHERE id BETWEEN 5936199 AND 5936298
	-> Aggregate: sum(sbtest1.k)  (cost=43.5 rows=1)
    -> Filter: (sbtest1.id between 5936199 and 5936298)  (cost=20.4 rows=100)
        -> Index range scan on sbtest1 using PRIMARY over (5936199 <= id <= 5936298)  (cost=20.4 rows=100)


table 2 : explain SELECT SUM(k) FROM sbtest2 WHERE id BETWEEN 2568601 AND 2568700
	-> Aggregate: sum(sbtest2.k)  (cost=43.5 rows=1)
    -> Filter: (sbtest2.id between 2568601 and 2568700)  (cost=20.4 rows=100)
        -> Index range scan on sbtest2 using PRIMARY over (2568601 <= id <= 2568700)  (cost=20.4 rows=100)


table 3 : explain SELECT SUM(k) FROM sbtest3 WHERE id BETWEEN 8766775 AND 8766874
	-> Aggregate: sum(sbtest3.k)  (cost=43.5 rows=1)
    -> Filter: (sbtest3.id between 8766775 and 8766874)  (cost=20.4 rows=100)
        -> Index range scan on sbtest3 using PRIMARY over (8766775 <= id <= 8766874)  (cost=20.4 rows=100)


table 4 : explain SELECT SUM(k) FROM sbtest4 WHERE id BETWEEN 7178577 AND 7178676
	-> Aggregate: sum(sbtest4.k)  (cost=43.5 rows=1)
    -> Filter: (sbtest4.id between 7178577 and 7178676)  (cost=20.4 rows=100)
        -> Index range scan on sbtest4 using PRIMARY over (7178577 <= id <= 7178676)  (cost=20.4 rows=100)


table 5 : explain SELECT SUM(k) FROM sbtest5 WHERE id BETWEEN 3682079 AND 3682178
	-> Aggregate: sum(sbtest5.k)  (cost=43.5 rows=1)
    -> Filter: (sbtest5.id between 3682079 and 3682178)  (cost=20.4 rows=100)
        -> Index range scan on sbtest5 using PRIMARY over (3682079 <= id <= 3682178)  (cost=20.4 rows=100)


table 6 : explain SELECT SUM(k) FROM sbtest6 WHERE id BETWEEN 1493644 AND 1493743
	-> Aggregate: sum(sbtest6.k)  (cost=43.5 rows=1)
    -> Filter: (sbtest6.id between 1493644 and 1493743)  (cost=20.4 rows=100)
        -> Index range scan on sbtest6 using PRIMARY over (1493644 <= id <= 1493743)  (cost=20.4 rows=100)


table 7 : explain SELECT SUM(k) FROM sbtest7 WHERE id BETWEEN 4266056 AND 4266155
	-> Aggregate: sum(sbtest7.k)  (cost=43.5 rows=1)
    -> Filter: (sbtest7.id between 4266056 and 4266155)  (cost=20.4 rows=100)
        -> Index range scan on sbtest7 using PRIMARY over (4266056 <= id <= 4266155)  (cost=20.4 rows=100)


table 8 : explain SELECT SUM(k) FROM sbtest8 WHERE id BETWEEN 6081467 AND 6081566
	-> Aggregate: sum(sbtest8.k)  (cost=43.5 rows=1)
    -> Filter: (sbtest8.id between 6081467 and 6081566)  (cost=20.4 rows=100)
        -> Index range scan on sbtest8 using PRIMARY over (6081467 <= id <= 6081566)  (cost=20.4 rows=100)


for: sum_ranges
table 1 : explain SELECT SUM(k) FROM sbtest1 WHERE id BETWEEN 1658642 AND 1658741
	-> Aggregate: sum(sbtest1.k)  (cost=43.5 rows=1)
    -> Filter: (sbtest1.id between 1658642 and 1658741)  (cost=20.4 rows=100)
        -> Index range scan on sbtest1 using PRIMARY over (1658642 <= id <= 1658741)  (cost=20.4 rows=100)


table 2 : explain SELECT SUM(k) FROM sbtest2 WHERE id BETWEEN 6566497 AND 6566596
	-> Aggregate: sum(sbtest2.k)  (cost=43.5 rows=1)
    -> Filter: (sbtest2.id between 6566497 and 6566596)  (cost=20.4 rows=100)
        -> Index range scan on sbtest2 using PRIMARY over (6566497 <= id <= 6566596)  (cost=20.4 rows=100)


table 3 : explain SELECT SUM(k) FROM sbtest3 WHERE id BETWEEN 3806626 AND 3806725
	-> Aggregate: sum(sbtest3.k)  (cost=43.5 rows=1)
    -> Filter: (sbtest3.id between 3806626 and 3806725)  (cost=20.4 rows=100)
        -> Index range scan on sbtest3 using PRIMARY over (3806626 <= id <= 3806725)  (cost=20.4 rows=100)


table 4 : explain SELECT SUM(k) FROM sbtest4 WHERE id BETWEEN 6244380 AND 6244479
	-> Aggregate: sum(sbtest4.k)  (cost=43.5 rows=1)
    -> Filter: (sbtest4.id between 6244380 and 6244479)  (cost=20.4 rows=100)
        -> Index range scan on sbtest4 using PRIMARY over (6244380 <= id <= 6244479)  (cost=20.4 rows=100)


table 5 : explain SELECT SUM(k) FROM sbtest5 WHERE id BETWEEN 8483306 AND 8483405
	-> Aggregate: sum(sbtest5.k)  (cost=43.5 rows=1)
    -> Filter: (sbtest5.id between 8483306 and 8483405)  (cost=20.4 rows=100)
        -> Index range scan on sbtest5 using PRIMARY over (8483306 <= id <= 8483405)  (cost=20.4 rows=100)


table 6 : explain SELECT SUM(k) FROM sbtest6 WHERE id BETWEEN 2686650 AND 2686749
	-> Aggregate: sum(sbtest6.k)  (cost=43.5 rows=1)
    -> Filter: (sbtest6.id between 2686650 and 2686749)  (cost=20.4 rows=100)
        -> Index range scan on sbtest6 using PRIMARY over (2686650 <= id <= 2686749)  (cost=20.4 rows=100)


table 7 : explain SELECT SUM(k) FROM sbtest7 WHERE id BETWEEN 5897484 AND 5897583
	-> Aggregate: sum(sbtest7.k)  (cost=43.5 rows=1)
    -> Filter: (sbtest7.id between 5897484 and 5897583)  (cost=20.4 rows=100)
        -> Index range scan on sbtest7 using PRIMARY over (5897484 <= id <= 5897583)  (cost=20.4 rows=100)


table 8 : explain SELECT SUM(k) FROM sbtest8 WHERE id BETWEEN 9692916 AND 9693015
	-> Aggregate: sum(sbtest8.k)  (cost=43.5 rows=1)
    -> Filter: (sbtest8.id between 9692916 and 9693015)  (cost=20.4 rows=100)
        -> Index range scan on sbtest8 using PRIMARY over (9692916 <= id <= 9693015)  (cost=20.4 rows=100)


for: order_ranges
table 1 : explain SELECT c FROM sbtest1 WHERE id BETWEEN 7475396 AND 7475495 ORDER BY c
	-> Sort: sbtest1.c  (cost=20.4 rows=100)
    -> Filter: (sbtest1.id between 7475396 and 7475495)  (cost=20.4 rows=100)
        -> Index range scan on sbtest1 using PRIMARY over (7475396 <= id <= 7475495)  (cost=20.4 rows=100)


table 2 : explain SELECT c FROM sbtest2 WHERE id BETWEEN 9755414 AND 9755513 ORDER BY c
	-> Sort: sbtest2.c  (cost=20.4 rows=100)
    -> Filter: (sbtest2.id between 9755414 and 9755513)  (cost=20.4 rows=100)
        -> Index range scan on sbtest2 using PRIMARY over (9755414 <= id <= 9755513)  (cost=20.4 rows=100)


table 3 : explain SELECT c FROM sbtest3 WHERE id BETWEEN 6805032 AND 6805131 ORDER BY c
	-> Sort: sbtest3.c  (cost=20.4 rows=100)
    -> Filter: (sbtest3.id between 6805032 and 6805131)  (cost=20.4 rows=100)
        -> Index range scan on sbtest3 using PRIMARY over (6805032 <= id <= 6805131)  (cost=20.4 rows=100)


table 4 : explain SELECT c FROM sbtest4 WHERE id BETWEEN 1315199 AND 1315298 ORDER BY c
	-> Sort: sbtest4.c  (cost=20.4 rows=100)
    -> Filter: (sbtest4.id between 1315199 and 1315298)  (cost=20.4 rows=100)
        -> Index range scan on sbtest4 using PRIMARY over (1315199 <= id <= 1315298)  (cost=20.4 rows=100)


table 5 : explain SELECT c FROM sbtest5 WHERE id BETWEEN 2642376 AND 2642475 ORDER BY c
	-> Sort: sbtest5.c  (cost=20.4 rows=100)
    -> Filter: (sbtest5.id between 2642376 and 2642475)  (cost=20.4 rows=100)
        -> Index range scan on sbtest5 using PRIMARY over (2642376 <= id <= 2642475)  (cost=20.4 rows=100)


table 6 : explain SELECT c FROM sbtest6 WHERE id BETWEEN 2297734 AND 2297833 ORDER BY c
	-> Sort: sbtest6.c  (cost=20.4 rows=100)
    -> Filter: (sbtest6.id between 2297734 and 2297833)  (cost=20.4 rows=100)
        -> Index range scan on sbtest6 using PRIMARY over (2297734 <= id <= 2297833)  (cost=20.4 rows=100)


table 7 : explain SELECT c FROM sbtest7 WHERE id BETWEEN 1312792 AND 1312891 ORDER BY c
	-> Sort: sbtest7.c  (cost=20.4 rows=100)
    -> Filter: (sbtest7.id between 1312792 and 1312891)  (cost=20.4 rows=100)
        -> Index range scan on sbtest7 using PRIMARY over (1312792 <= id <= 1312891)  (cost=20.4 rows=100)


table 8 : explain SELECT c FROM sbtest8 WHERE id BETWEEN 6673127 AND 6673226 ORDER BY c
	-> Sort: sbtest8.c  (cost=20.4 rows=100)
    -> Filter: (sbtest8.id between 6673127 and 6673226)  (cost=20.4 rows=100)
        -> Index range scan on sbtest8 using PRIMARY over (6673127 <= id <= 6673226)  (cost=20.4 rows=100)


for: simple_ranges
table 1 : explain SELECT c FROM sbtest1 WHERE id BETWEEN 305719 AND 305818
	-> Filter: (sbtest1.id between 305719 and 305818)  (cost=20.4 rows=100)
    -> Index range scan on sbtest1 using PRIMARY over (305719 <= id <= 305818)  (cost=20.4 rows=100)


table 2 : explain SELECT c FROM sbtest2 WHERE id BETWEEN 2660565 AND 2660664
	-> Filter: (sbtest2.id between 2660565 and 2660664)  (cost=20.4 rows=100)
    -> Index range scan on sbtest2 using PRIMARY over (2660565 <= id <= 2660664)  (cost=20.4 rows=100)


table 3 : explain SELECT c FROM sbtest3 WHERE id BETWEEN 9210588 AND 9210687
	-> Filter: (sbtest3.id between 9210588 and 9210687)  (cost=20.4 rows=100)
    -> Index range scan on sbtest3 using PRIMARY over (9210588 <= id <= 9210687)  (cost=20.4 rows=100)


table 4 : explain SELECT c FROM sbtest4 WHERE id BETWEEN 2896727 AND 2896826
	-> Filter: (sbtest4.id between 2896727 and 2896826)  (cost=20.4 rows=100)
    -> Index range scan on sbtest4 using PRIMARY over (2896727 <= id <= 2896826)  (cost=20.4 rows=100)


table 5 : explain SELECT c FROM sbtest5 WHERE id BETWEEN 7009195 AND 7009294
	-> Filter: (sbtest5.id between 7009195 and 7009294)  (cost=20.4 rows=100)
    -> Index range scan on sbtest5 using PRIMARY over (7009195 <= id <= 7009294)  (cost=20.4 rows=100)


table 6 : explain SELECT c FROM sbtest6 WHERE id BETWEEN 4436541 AND 4436640
	-> Filter: (sbtest6.id between 4436541 and 4436640)  (cost=20.4 rows=100)
    -> Index range scan on sbtest6 using PRIMARY over (4436541 <= id <= 4436640)  (cost=20.4 rows=100)


table 7 : explain SELECT c FROM sbtest7 WHERE id BETWEEN 6887018 AND 6887117
	-> Filter: (sbtest7.id between 6887018 and 6887117)  (cost=20.4 rows=100)
    -> Index range scan on sbtest7 using PRIMARY over (6887018 <= id <= 6887117)  (cost=20.4 rows=100)


table 8 : explain SELECT c FROM sbtest8 WHERE id BETWEEN 6648862 AND 6648961
	-> Filter: (sbtest8.id between 6648862 and 6648961)  (cost=20.4 rows=100)
    -> Index range scan on sbtest8 using PRIMARY over (6648862 <= id <= 6648961)  (cost=20.4 rows=100)


for: sum_ranges
table 1 : explain SELECT SUM(k) FROM sbtest1 WHERE id BETWEEN 8237743 AND 8237842
	-> Aggregate: sum(sbtest1.k)  (cost=43.5 rows=1)
    -> Filter: (sbtest1.id between 8237743 and 8237842)  (cost=20.4 rows=100)
        -> Index range scan on sbtest1 using PRIMARY over (8237743 <= id <= 8237842)  (cost=20.4 rows=100)


table 2 : explain SELECT SUM(k) FROM sbtest2 WHERE id BETWEEN 7779193 AND 7779292
	-> Aggregate: sum(sbtest2.k)  (cost=43.5 rows=1)
    -> Filter: (sbtest2.id between 7779193 and 7779292)  (cost=20.4 rows=100)
        -> Index range scan on sbtest2 using PRIMARY over (7779193 <= id <= 7779292)  (cost=20.4 rows=100)


table 3 : explain SELECT SUM(k) FROM sbtest3 WHERE id BETWEEN 1222362 AND 1222461
	-> Aggregate: sum(sbtest3.k)  (cost=43.5 rows=1)
    -> Filter: (sbtest3.id between 1222362 and 1222461)  (cost=20.4 rows=100)
        -> Index range scan on sbtest3 using PRIMARY over (1222362 <= id <= 1222461)  (cost=20.4 rows=100)


table 4 : explain SELECT SUM(k) FROM sbtest4 WHERE id BETWEEN 6285258 AND 6285357
	-> Aggregate: sum(sbtest4.k)  (cost=43.5 rows=1)
    -> Filter: (sbtest4.id between 6285258 and 6285357)  (cost=20.4 rows=100)
        -> Index range scan on sbtest4 using PRIMARY over (6285258 <= id <= 6285357)  (cost=20.4 rows=100)


table 5 : explain SELECT SUM(k) FROM sbtest5 WHERE id BETWEEN 6007434 AND 6007533
	-> Aggregate: sum(sbtest5.k)  (cost=43.5 rows=1)
    -> Filter: (sbtest5.id between 6007434 and 6007533)  (cost=20.4 rows=100)
        -> Index range scan on sbtest5 using PRIMARY over (6007434 <= id <= 6007533)  (cost=20.4 rows=100)


table 6 : explain SELECT SUM(k) FROM sbtest6 WHERE id BETWEEN 4548374 AND 4548473
	-> Aggregate: sum(sbtest6.k)  (cost=43.5 rows=1)
    -> Filter: (sbtest6.id between 4548374 and 4548473)  (cost=20.4 rows=100)
        -> Index range scan on sbtest6 using PRIMARY over (4548374 <= id <= 4548473)  (cost=20.4 rows=100)


table 7 : explain SELECT SUM(k) FROM sbtest7 WHERE id BETWEEN 4178267 AND 4178366
	-> Aggregate: sum(sbtest7.k)  (cost=43.5 rows=1)
    -> Filter: (sbtest7.id between 4178267 and 4178366)  (cost=20.4 rows=100)
        -> Index range scan on sbtest7 using PRIMARY over (4178267 <= id <= 4178366)  (cost=20.4 rows=100)


table 8 : explain SELECT SUM(k) FROM sbtest8 WHERE id BETWEEN 170750 AND 170849
	-> Aggregate: sum(sbtest8.k)  (cost=43.5 rows=1)
    -> Filter: (sbtest8.id between 170750 and 170849)  (cost=20.4 rows=100)
        -> Index range scan on sbtest8 using PRIMARY over (170750 <= id <= 170849)  (cost=20.4 rows=100)


for: order_ranges
table 1 : explain SELECT c FROM sbtest1 WHERE id BETWEEN 1232177 AND 1232276 ORDER BY c
	-> Sort: sbtest1.c  (cost=20.4 rows=100)
    -> Filter: (sbtest1.id between 1232177 and 1232276)  (cost=20.4 rows=100)
        -> Index range scan on sbtest1 using PRIMARY over (1232177 <= id <= 1232276)  (cost=20.4 rows=100)


table 2 : explain SELECT c FROM sbtest2 WHERE id BETWEEN 6927769 AND 6927868 ORDER BY c
	-> Sort: sbtest2.c  (cost=20.4 rows=100)
    -> Filter: (sbtest2.id between 6927769 and 6927868)  (cost=20.4 rows=100)
        -> Index range scan on sbtest2 using PRIMARY over (6927769 <= id <= 6927868)  (cost=20.4 rows=100)


table 3 : explain SELECT c FROM sbtest3 WHERE id BETWEEN 1930289 AND 1930388 ORDER BY c
	-> Sort: sbtest3.c  (cost=20.4 rows=100)
    -> Filter: (sbtest3.id between 1930289 and 1930388)  (cost=20.4 rows=100)
        -> Index range scan on sbtest3 using PRIMARY over (1930289 <= id <= 1930388)  (cost=20.4 rows=100)


table 4 : explain SELECT c FROM sbtest4 WHERE id BETWEEN 3583813 AND 3583912 ORDER BY c
	-> Sort: sbtest4.c  (cost=20.4 rows=100)
    -> Filter: (sbtest4.id between 3583813 and 3583912)  (cost=20.4 rows=100)
        -> Index range scan on sbtest4 using PRIMARY over (3583813 <= id <= 3583912)  (cost=20.4 rows=100)


table 5 : explain SELECT c FROM sbtest5 WHERE id BETWEEN 4317518 AND 4317617 ORDER BY c
	-> Sort: sbtest5.c  (cost=20.4 rows=100)
    -> Filter: (sbtest5.id between 4317518 and 4317617)  (cost=20.4 rows=100)
        -> Index range scan on sbtest5 using PRIMARY over (4317518 <= id <= 4317617)  (cost=20.4 rows=100)


table 6 : explain SELECT c FROM sbtest6 WHERE id BETWEEN 8557088 AND 8557187 ORDER BY c
	-> Sort: sbtest6.c  (cost=20.4 rows=100)
    -> Filter: (sbtest6.id between 8557088 and 8557187)  (cost=20.4 rows=100)
        -> Index range scan on sbtest6 using PRIMARY over (8557088 <= id <= 8557187)  (cost=20.4 rows=100)


table 7 : explain SELECT c FROM sbtest7 WHERE id BETWEEN 8701998 AND 8702097 ORDER BY c
	-> Sort: sbtest7.c  (cost=20.4 rows=100)
    -> Filter: (sbtest7.id between 8701998 and 8702097)  (cost=20.4 rows=100)
        -> Index range scan on sbtest7 using PRIMARY over (8701998 <= id <= 8702097)  (cost=20.4 rows=100)


table 8 : explain SELECT c FROM sbtest8 WHERE id BETWEEN 843502 AND 843601 ORDER BY c
	-> Sort: sbtest8.c  (cost=20.4 rows=100)
    -> Filter: (sbtest8.id between 843502 and 843601)  (cost=20.4 rows=100)
        -> Index range scan on sbtest8 using PRIMARY over (843502 <= id <= 843601)  (cost=20.4 rows=100)


for: order_ranges
table 1 : explain SELECT c FROM sbtest1 WHERE id BETWEEN 4155603 AND 4155702 ORDER BY c
	-> Sort: sbtest1.c  (cost=20.4 rows=100)
    -> Filter: (sbtest1.id between 4155603 and 4155702)  (cost=20.4 rows=100)
        -> Index range scan on sbtest1 using PRIMARY over (4155603 <= id <= 4155702)  (cost=20.4 rows=100)


table 2 : explain SELECT c FROM sbtest2 WHERE id BETWEEN 3100257 AND 3100356 ORDER BY c
	-> Sort: sbtest2.c  (cost=20.4 rows=100)
    -> Filter: (sbtest2.id between 3100257 and 3100356)  (cost=20.4 rows=100)
        -> Index range scan on sbtest2 using PRIMARY over (3100257 <= id <= 3100356)  (cost=20.4 rows=100)


table 3 : explain SELECT c FROM sbtest3 WHERE id BETWEEN 7674367 AND 7674466 ORDER BY c
	-> Sort: sbtest3.c  (cost=20.4 rows=100)
    -> Filter: (sbtest3.id between 7674367 and 7674466)  (cost=20.4 rows=100)
        -> Index range scan on sbtest3 using PRIMARY over (7674367 <= id <= 7674466)  (cost=20.4 rows=100)


table 4 : explain SELECT c FROM sbtest4 WHERE id BETWEEN 7317144 AND 7317243 ORDER BY c
	-> Sort: sbtest4.c  (cost=20.4 rows=100)
    -> Filter: (sbtest4.id between 7317144 and 7317243)  (cost=20.4 rows=100)
        -> Index range scan on sbtest4 using PRIMARY over (7317144 <= id <= 7317243)  (cost=20.4 rows=100)


table 5 : explain SELECT c FROM sbtest5 WHERE id BETWEEN 793737 AND 793836 ORDER BY c
	-> Sort: sbtest5.c  (cost=20.4 rows=100)
    -> Filter: (sbtest5.id between 793737 and 793836)  (cost=20.4 rows=100)
        -> Index range scan on sbtest5 using PRIMARY over (793737 <= id <= 793836)  (cost=20.4 rows=100)


table 6 : explain SELECT c FROM sbtest6 WHERE id BETWEEN 4411505 AND 4411604 ORDER BY c
	-> Sort: sbtest6.c  (cost=20.4 rows=100)
    -> Filter: (sbtest6.id between 4411505 and 4411604)  (cost=20.4 rows=100)
        -> Index range scan on sbtest6 using PRIMARY over (4411505 <= id <= 4411604)  (cost=20.4 rows=100)


table 7 : explain SELECT c FROM sbtest7 WHERE id BETWEEN 3488267 AND 3488366 ORDER BY c
	-> Sort: sbtest7.c  (cost=20.4 rows=100)
    -> Filter: (sbtest7.id between 3488267 and 3488366)  (cost=20.4 rows=100)
        -> Index range scan on sbtest7 using PRIMARY over (3488267 <= id <= 3488366)  (cost=20.4 rows=100)


table 8 : explain SELECT c FROM sbtest8 WHERE id BETWEEN 4744389 AND 4744488 ORDER BY c
	-> Sort: sbtest8.c  (cost=20.4 rows=100)
    -> Filter: (sbtest8.id between 4744389 and 4744488)  (cost=20.4 rows=100)
        -> Index range scan on sbtest8 using PRIMARY over (4744389 <= id <= 4744488)  (cost=20.4 rows=100)


for: simple_ranges
table 1 : explain SELECT c FROM sbtest1 WHERE id BETWEEN 2822914 AND 2823013
	-> Filter: (sbtest1.id between 2822914 and 2823013)  (cost=20.4 rows=100)
    -> Index range scan on sbtest1 using PRIMARY over (2822914 <= id <= 2823013)  (cost=20.4 rows=100)


table 2 : explain SELECT c FROM sbtest2 WHERE id BETWEEN 883605 AND 883704
	-> Filter: (sbtest2.id between 883605 and 883704)  (cost=20.4 rows=100)
    -> Index range scan on sbtest2 using PRIMARY over (883605 <= id <= 883704)  (cost=20.4 rows=100)


table 3 : explain SELECT c FROM sbtest3 WHERE id BETWEEN 7264296 AND 7264395
	-> Filter: (sbtest3.id between 7264296 and 7264395)  (cost=20.4 rows=100)
    -> Index range scan on sbtest3 using PRIMARY over (7264296 <= id <= 7264395)  (cost=20.4 rows=100)


table 4 : explain SELECT c FROM sbtest4 WHERE id BETWEEN 5137108 AND 5137207
	-> Filter: (sbtest4.id between 5137108 and 5137207)  (cost=20.4 rows=100)
    -> Index range scan on sbtest4 using PRIMARY over (5137108 <= id <= 5137207)  (cost=20.4 rows=100)


table 5 : explain SELECT c FROM sbtest5 WHERE id BETWEEN 4205198 AND 4205297
	-> Filter: (sbtest5.id between 4205198 and 4205297)  (cost=20.4 rows=100)
    -> Index range scan on sbtest5 using PRIMARY over (4205198 <= id <= 4205297)  (cost=20.4 rows=100)


table 6 : explain SELECT c FROM sbtest6 WHERE id BETWEEN 5807146 AND 5807245
	-> Filter: (sbtest6.id between 5807146 and 5807245)  (cost=20.4 rows=100)
    -> Index range scan on sbtest6 using PRIMARY over (5807146 <= id <= 5807245)  (cost=20.4 rows=100)


table 7 : explain SELECT c FROM sbtest7 WHERE id BETWEEN 2107967 AND 2108066
	-> Filter: (sbtest7.id between 2107967 and 2108066)  (cost=20.4 rows=100)
    -> Index range scan on sbtest7 using PRIMARY over (2107967 <= id <= 2108066)  (cost=20.4 rows=100)


table 8 : explain SELECT c FROM sbtest8 WHERE id BETWEEN 5002868 AND 5002967
	-> Filter: (sbtest8.id between 5002868 and 5002967)  (cost=20.4 rows=100)
    -> Index range scan on sbtest8 using PRIMARY over (5002868 <= id <= 5002967)  (cost=20.4 rows=100)


for: sum_ranges
table 1 : explain SELECT SUM(k) FROM sbtest1 WHERE id BETWEEN 2371284 AND 2371383
	-> Aggregate: sum(sbtest1.k)  (cost=43.5 rows=1)
    -> Filter: (sbtest1.id between 2371284 and 2371383)  (cost=20.4 rows=100)
        -> Index range scan on sbtest1 using PRIMARY over (2371284 <= id <= 2371383)  (cost=20.4 rows=100)


table 2 : explain SELECT SUM(k) FROM sbtest2 WHERE id BETWEEN 3561132 AND 3561231
	-> Aggregate: sum(sbtest2.k)  (cost=43.5 rows=1)
    -> Filter: (sbtest2.id between 3561132 and 3561231)  (cost=20.4 rows=100)
        -> Index range scan on sbtest2 using PRIMARY over (3561132 <= id <= 3561231)  (cost=20.4 rows=100)


table 3 : explain SELECT SUM(k) FROM sbtest3 WHERE id BETWEEN 5285798 AND 5285897
	-> Aggregate: sum(sbtest3.k)  (cost=43.5 rows=1)
    -> Filter: (sbtest3.id between 5285798 and 5285897)  (cost=20.4 rows=100)
        -> Index range scan on sbtest3 using PRIMARY over (5285798 <= id <= 5285897)  (cost=20.4 rows=100)


table 4 : explain SELECT SUM(k) FROM sbtest4 WHERE id BETWEEN 1649005 AND 1649104
	-> Aggregate: sum(sbtest4.k)  (cost=43.5 rows=1)
    -> Filter: (sbtest4.id between 1649005 and 1649104)  (cost=20.4 rows=100)
        -> Index range scan on sbtest4 using PRIMARY over (1649005 <= id <= 1649104)  (cost=20.4 rows=100)


table 5 : explain SELECT SUM(k) FROM sbtest5 WHERE id BETWEEN 2048418 AND 2048517
	-> Aggregate: sum(sbtest5.k)  (cost=43.5 rows=1)
    -> Filter: (sbtest5.id between 2048418 and 2048517)  (cost=20.4 rows=100)
        -> Index range scan on sbtest5 using PRIMARY over (2048418 <= id <= 2048517)  (cost=20.4 rows=100)


table 6 : explain SELECT SUM(k) FROM sbtest6 WHERE id BETWEEN 6065176 AND 6065275
	-> Aggregate: sum(sbtest6.k)  (cost=43.5 rows=1)
    -> Filter: (sbtest6.id between 6065176 and 6065275)  (cost=20.4 rows=100)
        -> Index range scan on sbtest6 using PRIMARY over (6065176 <= id <= 6065275)  (cost=20.4 rows=100)


table 7 : explain SELECT SUM(k) FROM sbtest7 WHERE id BETWEEN 225897 AND 225996
	-> Aggregate: sum(sbtest7.k)  (cost=43.5 rows=1)
    -> Filter: (sbtest7.id between 225897 and 225996)  (cost=20.4 rows=100)
        -> Index range scan on sbtest7 using PRIMARY over (225897 <= id <= 225996)  (cost=20.4 rows=100)


table 8 : explain SELECT SUM(k) FROM sbtest8 WHERE id BETWEEN 4848107 AND 4848206
	-> Aggregate: sum(sbtest8.k)  (cost=43.5 rows=1)
    -> Filter: (sbtest8.id between 4848107 and 4848206)  (cost=20.4 rows=100)
        -> Index range scan on sbtest8 using PRIMARY over (4848107 <= id <= 4848206)  (cost=20.4 rows=100)


for: sum_ranges
table 1 : explain SELECT SUM(k) FROM sbtest1 WHERE id BETWEEN 4202983 AND 4203082
	-> Aggregate: sum(sbtest1.k)  (cost=43.5 rows=1)
    -> Filter: (sbtest1.id between 4202983 and 4203082)  (cost=20.4 rows=100)
        -> Index range scan on sbtest1 using PRIMARY over (4202983 <= id <= 4203082)  (cost=20.4 rows=100)


table 2 : explain SELECT SUM(k) FROM sbtest2 WHERE id BETWEEN 980485 AND 980584
	-> Aggregate: sum(sbtest2.k)  (cost=43.5 rows=1)
    -> Filter: (sbtest2.id between 980485 and 980584)  (cost=20.4 rows=100)
        -> Index range scan on sbtest2 using PRIMARY over (980485 <= id <= 980584)  (cost=20.4 rows=100)


table 3 : explain SELECT SUM(k) FROM sbtest3 WHERE id BETWEEN 4634818 AND 4634917
	-> Aggregate: sum(sbtest3.k)  (cost=43.5 rows=1)
    -> Filter: (sbtest3.id between 4634818 and 4634917)  (cost=20.4 rows=100)
        -> Index range scan on sbtest3 using PRIMARY over (4634818 <= id <= 4634917)  (cost=20.4 rows=100)


table 4 : explain SELECT SUM(k) FROM sbtest4 WHERE id BETWEEN 1847933 AND 1848032
	-> Aggregate: sum(sbtest4.k)  (cost=43.5 rows=1)
    -> Filter: (sbtest4.id between 1847933 and 1848032)  (cost=20.4 rows=100)
        -> Index range scan on sbtest4 using PRIMARY over (1847933 <= id <= 1848032)  (cost=20.4 rows=100)


table 5 : explain SELECT SUM(k) FROM sbtest5 WHERE id BETWEEN 3641052 AND 3641151
	-> Aggregate: sum(sbtest5.k)  (cost=43.5 rows=1)
    -> Filter: (sbtest5.id between 3641052 and 3641151)  (cost=20.4 rows=100)
        -> Index range scan on sbtest5 using PRIMARY over (3641052 <= id <= 3641151)  (cost=20.4 rows=100)


table 6 : explain SELECT SUM(k) FROM sbtest6 WHERE id BETWEEN 1173633 AND 1173732
	-> Aggregate: sum(sbtest6.k)  (cost=43.5 rows=1)
    -> Filter: (sbtest6.id between 1173633 and 1173732)  (cost=20.4 rows=100)
        -> Index range scan on sbtest6 using PRIMARY over (1173633 <= id <= 1173732)  (cost=20.4 rows=100)


table 7 : explain SELECT SUM(k) FROM sbtest7 WHERE id BETWEEN 3379805 AND 3379904
	-> Aggregate: sum(sbtest7.k)  (cost=43.5 rows=1)
    -> Filter: (sbtest7.id between 3379805 and 3379904)  (cost=20.4 rows=100)
        -> Index range scan on sbtest7 using PRIMARY over (3379805 <= id <= 3379904)  (cost=20.4 rows=100)


table 8 : explain SELECT SUM(k) FROM sbtest8 WHERE id BETWEEN 684782 AND 684881
	-> Aggregate: sum(sbtest8.k)  (cost=43.5 rows=1)
    -> Filter: (sbtest8.id between 684782 and 684881)  (cost=20.4 rows=100)
        -> Index range scan on sbtest8 using PRIMARY over (684782 <= id <= 684881)  (cost=20.4 rows=100)


for: order_ranges
table 1 : explain SELECT c FROM sbtest1 WHERE id BETWEEN 6633913 AND 6634012 ORDER BY c
	-> Sort: sbtest1.c  (cost=20.4 rows=100)
    -> Filter: (sbtest1.id between 6633913 and 6634012)  (cost=20.4 rows=100)
        -> Index range scan on sbtest1 using PRIMARY over (6633913 <= id <= 6634012)  (cost=20.4 rows=100)


table 2 : explain SELECT c FROM sbtest2 WHERE id BETWEEN 7292295 AND 7292394 ORDER BY c
	-> Sort: sbtest2.c  (cost=20.4 rows=100)
    -> Filter: (sbtest2.id between 7292295 and 7292394)  (cost=20.4 rows=100)
        -> Index range scan on sbtest2 using PRIMARY over (7292295 <= id <= 7292394)  (cost=20.4 rows=100)


table 3 : explain SELECT c FROM sbtest3 WHERE id BETWEEN 873645 AND 873744 ORDER BY c
	-> Sort: sbtest3.c  (cost=20.4 rows=100)
    -> Filter: (sbtest3.id between 873645 and 873744)  (cost=20.4 rows=100)
        -> Index range scan on sbtest3 using PRIMARY over (873645 <= id <= 873744)  (cost=20.4 rows=100)


table 4 : explain SELECT c FROM sbtest4 WHERE id BETWEEN 4271408 AND 4271507 ORDER BY c
	-> Sort: sbtest4.c  (cost=20.4 rows=100)
    -> Filter: (sbtest4.id between 4271408 and 4271507)  (cost=20.4 rows=100)
        -> Index range scan on sbtest4 using PRIMARY over (4271408 <= id <= 4271507)  (cost=20.4 rows=100)


table 5 : explain SELECT c FROM sbtest5 WHERE id BETWEEN 7674211 AND 7674310 ORDER BY c
	-> Sort: sbtest5.c  (cost=20.4 rows=100)
    -> Filter: (sbtest5.id between 7674211 and 7674310)  (cost=20.4 rows=100)
        -> Index range scan on sbtest5 using PRIMARY over (7674211 <= id <= 7674310)  (cost=20.4 rows=100)


table 6 : explain SELECT c FROM sbtest6 WHERE id BETWEEN 1686980 AND 1687079 ORDER BY c
	-> Sort: sbtest6.c  (cost=20.4 rows=100)
    -> Filter: (sbtest6.id between 1686980 and 1687079)  (cost=20.4 rows=100)
        -> Index range scan on sbtest6 using PRIMARY over (1686980 <= id <= 1687079)  (cost=20.4 rows=100)


table 7 : explain SELECT c FROM sbtest7 WHERE id BETWEEN 6567609 AND 6567708 ORDER BY c
	-> Sort: sbtest7.c  (cost=20.4 rows=100)
    -> Filter: (sbtest7.id between 6567609 and 6567708)  (cost=20.4 rows=100)
        -> Index range scan on sbtest7 using PRIMARY over (6567609 <= id <= 6567708)  (cost=20.4 rows=100)


table 8 : explain SELECT c FROM sbtest8 WHERE id BETWEEN 5794343 AND 5794442 ORDER BY c
	-> Sort: sbtest8.c  (cost=20.4 rows=100)
    -> Filter: (sbtest8.id between 5794343 and 5794442)  (cost=20.4 rows=100)
        -> Index range scan on sbtest8 using PRIMARY over (5794343 <= id <= 5794442)  (cost=20.4 rows=100)


for: sum_ranges
table 1 : explain SELECT SUM(k) FROM sbtest1 WHERE id BETWEEN 1067207 AND 1067306
	-> Aggregate: sum(sbtest1.k)  (cost=43.5 rows=1)
    -> Filter: (sbtest1.id between 1067207 and 1067306)  (cost=20.4 rows=100)
        -> Index range scan on sbtest1 using PRIMARY over (1067207 <= id <= 1067306)  (cost=20.4 rows=100)


table 2 : explain SELECT SUM(k) FROM sbtest2 WHERE id BETWEEN 989005 AND 989104
	-> Aggregate: sum(sbtest2.k)  (cost=43.5 rows=1)
    -> Filter: (sbtest2.id between 989005 and 989104)  (cost=20.4 rows=100)
        -> Index range scan on sbtest2 using PRIMARY over (989005 <= id <= 989104)  (cost=20.4 rows=100)


table 3 : explain SELECT SUM(k) FROM sbtest3 WHERE id BETWEEN 8909309 AND 8909408
	-> Aggregate: sum(sbtest3.k)  (cost=43.5 rows=1)
    -> Filter: (sbtest3.id between 8909309 and 8909408)  (cost=20.4 rows=100)
        -> Index range scan on sbtest3 using PRIMARY over (8909309 <= id <= 8909408)  (cost=20.4 rows=100)


table 4 : explain SELECT SUM(k) FROM sbtest4 WHERE id BETWEEN 8468714 AND 8468813
	-> Aggregate: sum(sbtest4.k)  (cost=43.5 rows=1)
    -> Filter: (sbtest4.id between 8468714 and 8468813)  (cost=20.4 rows=100)
        -> Index range scan on sbtest4 using PRIMARY over (8468714 <= id <= 8468813)  (cost=20.4 rows=100)


table 5 : explain SELECT SUM(k) FROM sbtest5 WHERE id BETWEEN 3367350 AND 3367449
	-> Aggregate: sum(sbtest5.k)  (cost=43.5 rows=1)
    -> Filter: (sbtest5.id between 3367350 and 3367449)  (cost=20.4 rows=100)
        -> Index range scan on sbtest5 using PRIMARY over (3367350 <= id <= 3367449)  (cost=20.4 rows=100)


table 6 : explain SELECT SUM(k) FROM sbtest6 WHERE id BETWEEN 5487125 AND 5487224
	-> Aggregate: sum(sbtest6.k)  (cost=43.5 rows=1)
    -> Filter: (sbtest6.id between 5487125 and 5487224)  (cost=20.4 rows=100)
        -> Index range scan on sbtest6 using PRIMARY over (5487125 <= id <= 5487224)  (cost=20.4 rows=100)


table 7 : explain SELECT SUM(k) FROM sbtest7 WHERE id BETWEEN 3192046 AND 3192145
	-> Aggregate: sum(sbtest7.k)  (cost=43.5 rows=1)
    -> Filter: (sbtest7.id between 3192046 and 3192145)  (cost=20.4 rows=100)
        -> Index range scan on sbtest7 using PRIMARY over (3192046 <= id <= 3192145)  (cost=20.4 rows=100)


table 8 : explain SELECT SUM(k) FROM sbtest8 WHERE id BETWEEN 8137094 AND 8137193
	-> Aggregate: sum(sbtest8.k)  (cost=43.5 rows=1)
    -> Filter: (sbtest8.id between 8137094 and 8137193)  (cost=20.4 rows=100)
        -> Index range scan on sbtest8 using PRIMARY over (8137094 <= id <= 8137193)  (cost=20.4 rows=100)


for: order_ranges
table 1 : explain SELECT c FROM sbtest1 WHERE id BETWEEN 8142385 AND 8142484 ORDER BY c
	-> Sort: sbtest1.c  (cost=20.4 rows=100)
    -> Filter: (sbtest1.id between 8142385 and 8142484)  (cost=20.4 rows=100)
        -> Index range scan on sbtest1 using PRIMARY over (8142385 <= id <= 8142484)  (cost=20.4 rows=100)


table 2 : explain SELECT c FROM sbtest2 WHERE id BETWEEN 7659878 AND 7659977 ORDER BY c
	-> Sort: sbtest2.c  (cost=20.4 rows=100)
    -> Filter: (sbtest2.id between 7659878 and 7659977)  (cost=20.4 rows=100)
        -> Index range scan on sbtest2 using PRIMARY over (7659878 <= id <= 7659977)  (cost=20.4 rows=100)


table 3 : explain SELECT c FROM sbtest3 WHERE id BETWEEN 2182007 AND 2182106 ORDER BY c
	-> Sort: sbtest3.c  (cost=20.4 rows=100)
    -> Filter: (sbtest3.id between 2182007 and 2182106)  (cost=20.4 rows=100)
        -> Index range scan on sbtest3 using PRIMARY over (2182007 <= id <= 2182106)  (cost=20.4 rows=100)


table 4 : explain SELECT c FROM sbtest4 WHERE id BETWEEN 5513077 AND 5513176 ORDER BY c
	-> Sort: sbtest4.c  (cost=20.4 rows=100)
    -> Filter: (sbtest4.id between 5513077 and 5513176)  (cost=20.4 rows=100)
        -> Index range scan on sbtest4 using PRIMARY over (5513077 <= id <= 5513176)  (cost=20.4 rows=100)


table 5 : explain SELECT c FROM sbtest5 WHERE id BETWEEN 8304559 AND 8304658 ORDER BY c
	-> Sort: sbtest5.c  (cost=20.4 rows=100)
    -> Filter: (sbtest5.id between 8304559 and 8304658)  (cost=20.4 rows=100)
        -> Index range scan on sbtest5 using PRIMARY over (8304559 <= id <= 8304658)  (cost=20.4 rows=100)


table 6 : explain SELECT c FROM sbtest6 WHERE id BETWEEN 2530261 AND 2530360 ORDER BY c
	-> Sort: sbtest6.c  (cost=20.4 rows=100)
    -> Filter: (sbtest6.id between 2530261 and 2530360)  (cost=20.4 rows=100)
        -> Index range scan on sbtest6 using PRIMARY over (2530261 <= id <= 2530360)  (cost=20.4 rows=100)


table 7 : explain SELECT c FROM sbtest7 WHERE id BETWEEN 5547317 AND 5547416 ORDER BY c
	-> Sort: sbtest7.c  (cost=20.4 rows=100)
    -> Filter: (sbtest7.id between 5547317 and 5547416)  (cost=20.4 rows=100)
        -> Index range scan on sbtest7 using PRIMARY over (5547317 <= id <= 5547416)  (cost=20.4 rows=100)


table 8 : explain SELECT c FROM sbtest8 WHERE id BETWEEN 9250675 AND 9250774 ORDER BY c
	-> Sort: sbtest8.c  (cost=20.4 rows=100)
    -> Filter: (sbtest8.id between 9250675 and 9250774)  (cost=20.4 rows=100)
        -> Index range scan on sbtest8 using PRIMARY over (9250675 <= id <= 9250774)  (cost=20.4 rows=100)


for: order_ranges
table 1 : explain SELECT c FROM sbtest1 WHERE id BETWEEN 5382697 AND 5382796 ORDER BY c
	-> Sort: sbtest1.c  (cost=20.4 rows=100)
    -> Filter: (sbtest1.id between 5382697 and 5382796)  (cost=20.4 rows=100)
        -> Index range scan on sbtest1 using PRIMARY over (5382697 <= id <= 5382796)  (cost=20.4 rows=100)


table 2 : explain SELECT c FROM sbtest2 WHERE id BETWEEN 8820978 AND 8821077 ORDER BY c
	-> Sort: sbtest2.c  (cost=20.4 rows=100)
    -> Filter: (sbtest2.id between 8820978 and 8821077)  (cost=20.4 rows=100)
        -> Index range scan on sbtest2 using PRIMARY over (8820978 <= id <= 8821077)  (cost=20.4 rows=100)


table 3 : explain SELECT c FROM sbtest3 WHERE id BETWEEN 1278612 AND 1278711 ORDER BY c
	-> Sort: sbtest3.c  (cost=20.4 rows=100)
    -> Filter: (sbtest3.id between 1278612 and 1278711)  (cost=20.4 rows=100)
        -> Index range scan on sbtest3 using PRIMARY over (1278612 <= id <= 1278711)  (cost=20.4 rows=100)


table 4 : explain SELECT c FROM sbtest4 WHERE id BETWEEN 5061620 AND 5061719 ORDER BY c
	-> Sort: sbtest4.c  (cost=20.4 rows=100)
    -> Filter: (sbtest4.id between 5061620 and 5061719)  (cost=20.4 rows=100)
        -> Index range scan on sbtest4 using PRIMARY over (5061620 <= id <= 5061719)  (cost=20.4 rows=100)


table 5 : explain SELECT c FROM sbtest5 WHERE id BETWEEN 7841316 AND 7841415 ORDER BY c
	-> Sort: sbtest5.c  (cost=20.4 rows=100)
    -> Filter: (sbtest5.id between 7841316 and 7841415)  (cost=20.4 rows=100)
        -> Index range scan on sbtest5 using PRIMARY over (7841316 <= id <= 7841415)  (cost=20.4 rows=100)


table 6 : explain SELECT c FROM sbtest6 WHERE id BETWEEN 6776264 AND 6776363 ORDER BY c
	-> Sort: sbtest6.c  (cost=20.4 rows=100)
    -> Filter: (sbtest6.id between 6776264 and 6776363)  (cost=20.4 rows=100)
        -> Index range scan on sbtest6 using PRIMARY over (6776264 <= id <= 6776363)  (cost=20.4 rows=100)


table 7 : explain SELECT c FROM sbtest7 WHERE id BETWEEN 7238438 AND 7238537 ORDER BY c
	-> Sort: sbtest7.c  (cost=20.4 rows=100)
    -> Filter: (sbtest7.id between 7238438 and 7238537)  (cost=20.4 rows=100)
        -> Index range scan on sbtest7 using PRIMARY over (7238438 <= id <= 7238537)  (cost=20.4 rows=100)


table 8 : explain SELECT c FROM sbtest8 WHERE id BETWEEN 5852767 AND 5852866 ORDER BY c
	-> Sort: sbtest8.c  (cost=20.4 rows=100)
    -> Filter: (sbtest8.id between 5852767 and 5852866)  (cost=20.4 rows=100)
        -> Index range scan on sbtest8 using PRIMARY over (5852767 <= id <= 5852866)  (cost=20.4 rows=100)


for: sum_ranges
table 1 : explain SELECT SUM(k) FROM sbtest1 WHERE id BETWEEN 5372014 AND 5372113
	-> Aggregate: sum(sbtest1.k)  (cost=43.5 rows=1)
    -> Filter: (sbtest1.id between 5372014 and 5372113)  (cost=20.4 rows=100)
        -> Index range scan on sbtest1 using PRIMARY over (5372014 <= id <= 5372113)  (cost=20.4 rows=100)


table 2 : explain SELECT SUM(k) FROM sbtest2 WHERE id BETWEEN 6597710 AND 6597809
	-> Aggregate: sum(sbtest2.k)  (cost=43.5 rows=1)
    -> Filter: (sbtest2.id between 6597710 and 6597809)  (cost=20.4 rows=100)
        -> Index range scan on sbtest2 using PRIMARY over (6597710 <= id <= 6597809)  (cost=20.4 rows=100)


table 3 : explain SELECT SUM(k) FROM sbtest3 WHERE id BETWEEN 5913347 AND 5913446
	-> Aggregate: sum(sbtest3.k)  (cost=43.5 rows=1)
    -> Filter: (sbtest3.id between 5913347 and 5913446)  (cost=20.4 rows=100)
        -> Index range scan on sbtest3 using PRIMARY over (5913347 <= id <= 5913446)  (cost=20.4 rows=100)


table 4 : explain SELECT SUM(k) FROM sbtest4 WHERE id BETWEEN 6602807 AND 6602906
	-> Aggregate: sum(sbtest4.k)  (cost=43.5 rows=1)
    -> Filter: (sbtest4.id between 6602807 and 6602906)  (cost=20.4 rows=100)
        -> Index range scan on sbtest4 using PRIMARY over (6602807 <= id <= 6602906)  (cost=20.4 rows=100)


table 5 : explain SELECT SUM(k) FROM sbtest5 WHERE id BETWEEN 5964532 AND 5964631
	-> Aggregate: sum(sbtest5.k)  (cost=43.5 rows=1)
    -> Filter: (sbtest5.id between 5964532 and 5964631)  (cost=20.4 rows=100)
        -> Index range scan on sbtest5 using PRIMARY over (5964532 <= id <= 5964631)  (cost=20.4 rows=100)


table 6 : explain SELECT SUM(k) FROM sbtest6 WHERE id BETWEEN 1658708 AND 1658807
	-> Aggregate: sum(sbtest6.k)  (cost=43.5 rows=1)
    -> Filter: (sbtest6.id between 1658708 and 1658807)  (cost=20.4 rows=100)
        -> Index range scan on sbtest6 using PRIMARY over (1658708 <= id <= 1658807)  (cost=20.4 rows=100)


table 7 : explain SELECT SUM(k) FROM sbtest7 WHERE id BETWEEN 8930004 AND 8930103
	-> Aggregate: sum(sbtest7.k)  (cost=43.5 rows=1)
    -> Filter: (sbtest7.id between 8930004 and 8930103)  (cost=20.4 rows=100)
        -> Index range scan on sbtest7 using PRIMARY over (8930004 <= id <= 8930103)  (cost=20.4 rows=100)


table 8 : explain SELECT SUM(k) FROM sbtest8 WHERE id BETWEEN 9516425 AND 9516524
	-> Aggregate: sum(sbtest8.k)  (cost=43.5 rows=1)
    -> Filter: (sbtest8.id between 9516425 and 9516524)  (cost=20.4 rows=100)
        -> Index range scan on sbtest8 using PRIMARY over (9516425 <= id <= 9516524)  (cost=20.4 rows=100)


for: sum_ranges
table 1 : explain SELECT SUM(k) FROM sbtest1 WHERE id BETWEEN 7856123 AND 7856222
	-> Aggregate: sum(sbtest1.k)  (cost=43.5 rows=1)
    -> Filter: (sbtest1.id between 7856123 and 7856222)  (cost=20.4 rows=100)
        -> Index range scan on sbtest1 using PRIMARY over (7856123 <= id <= 7856222)  (cost=20.4 rows=100)


table 2 : explain SELECT SUM(k) FROM sbtest2 WHERE id BETWEEN 1727054 AND 1727153
	-> Aggregate: sum(sbtest2.k)  (cost=43.5 rows=1)
    -> Filter: (sbtest2.id between 1727054 and 1727153)  (cost=20.4 rows=100)
        -> Index range scan on sbtest2 using PRIMARY over (1727054 <= id <= 1727153)  (cost=20.4 rows=100)


table 3 : explain SELECT SUM(k) FROM sbtest3 WHERE id BETWEEN 9667748 AND 9667847
	-> Aggregate: sum(sbtest3.k)  (cost=43.5 rows=1)
    -> Filter: (sbtest3.id between 9667748 and 9667847)  (cost=20.4 rows=100)
        -> Index range scan on sbtest3 using PRIMARY over (9667748 <= id <= 9667847)  (cost=20.4 rows=100)


table 4 : explain SELECT SUM(k) FROM sbtest4 WHERE id BETWEEN 2078769 AND 2078868
	-> Aggregate: sum(sbtest4.k)  (cost=43.5 rows=1)
    -> Filter: (sbtest4.id between 2078769 and 2078868)  (cost=20.4 rows=100)
        -> Index range scan on sbtest4 using PRIMARY over (2078769 <= id <= 2078868)  (cost=20.4 rows=100)


table 5 : explain SELECT SUM(k) FROM sbtest5 WHERE id BETWEEN 8349881 AND 8349980
	-> Aggregate: sum(sbtest5.k)  (cost=43.5 rows=1)
    -> Filter: (sbtest5.id between 8349881 and 8349980)  (cost=20.4 rows=100)
        -> Index range scan on sbtest5 using PRIMARY over (8349881 <= id <= 8349980)  (cost=20.4 rows=100)


table 6 : explain SELECT SUM(k) FROM sbtest6 WHERE id BETWEEN 7956919 AND 7957018
	-> Aggregate: sum(sbtest6.k)  (cost=43.5 rows=1)
    -> Filter: (sbtest6.id between 7956919 and 7957018)  (cost=20.4 rows=100)
        -> Index range scan on sbtest6 using PRIMARY over (7956919 <= id <= 7957018)  (cost=20.4 rows=100)


table 7 : explain SELECT SUM(k) FROM sbtest7 WHERE id BETWEEN 5647221 AND 5647320
	-> Aggregate: sum(sbtest7.k)  (cost=43.5 rows=1)
    -> Filter: (sbtest7.id between 5647221 and 5647320)  (cost=20.4 rows=100)
        -> Index range scan on sbtest7 using PRIMARY over (5647221 <= id <= 5647320)  (cost=20.4 rows=100)


table 8 : explain SELECT SUM(k) FROM sbtest8 WHERE id BETWEEN 8516481 AND 8516580
	-> Aggregate: sum(sbtest8.k)  (cost=43.5 rows=1)
    -> Filter: (sbtest8.id between 8516481 and 8516580)  (cost=20.4 rows=100)
        -> Index range scan on sbtest8 using PRIMARY over (8516481 <= id <= 8516580)  (cost=20.4 rows=100)


for: order_ranges
table 1 : explain SELECT c FROM sbtest1 WHERE id BETWEEN 5750941 AND 5751040 ORDER BY c
	-> Sort: sbtest1.c  (cost=20.4 rows=100)
    -> Filter: (sbtest1.id between 5750941 and 5751040)  (cost=20.4 rows=100)
        -> Index range scan on sbtest1 using PRIMARY over (5750941 <= id <= 5751040)  (cost=20.4 rows=100)


table 2 : explain SELECT c FROM sbtest2 WHERE id BETWEEN 7240761 AND 7240860 ORDER BY c
	-> Sort: sbtest2.c  (cost=20.4 rows=100)
    -> Filter: (sbtest2.id between 7240761 and 7240860)  (cost=20.4 rows=100)
        -> Index range scan on sbtest2 using PRIMARY over (7240761 <= id <= 7240860)  (cost=20.4 rows=100)


table 3 : explain SELECT c FROM sbtest3 WHERE id BETWEEN 4497421 AND 4497520 ORDER BY c
	-> Sort: sbtest3.c  (cost=20.4 rows=100)
    -> Filter: (sbtest3.id between 4497421 and 4497520)  (cost=20.4 rows=100)
        -> Index range scan on sbtest3 using PRIMARY over (4497421 <= id <= 4497520)  (cost=20.4 rows=100)


table 4 : explain SELECT c FROM sbtest4 WHERE id BETWEEN 5128565 AND 5128664 ORDER BY c
	-> Sort: sbtest4.c  (cost=20.4 rows=100)
    -> Filter: (sbtest4.id between 5128565 and 5128664)  (cost=20.4 rows=100)
        -> Index range scan on sbtest4 using PRIMARY over (5128565 <= id <= 5128664)  (cost=20.4 rows=100)


table 5 : explain SELECT c FROM sbtest5 WHERE id BETWEEN 2860454 AND 2860553 ORDER BY c
	-> Sort: sbtest5.c  (cost=20.4 rows=100)
    -> Filter: (sbtest5.id between 2860454 and 2860553)  (cost=20.4 rows=100)
        -> Index range scan on sbtest5 using PRIMARY over (2860454 <= id <= 2860553)  (cost=20.4 rows=100)


table 6 : explain SELECT c FROM sbtest6 WHERE id BETWEEN 5165402 AND 5165501 ORDER BY c
	-> Sort: sbtest6.c  (cost=20.4 rows=100)
    -> Filter: (sbtest6.id between 5165402 and 5165501)  (cost=20.4 rows=100)
        -> Index range scan on sbtest6 using PRIMARY over (5165402 <= id <= 5165501)  (cost=20.4 rows=100)


table 7 : explain SELECT c FROM sbtest7 WHERE id BETWEEN 9684194 AND 9684293 ORDER BY c
	-> Sort: sbtest7.c  (cost=20.4 rows=100)
    -> Filter: (sbtest7.id between 9684194 and 9684293)  (cost=20.4 rows=100)
        -> Index range scan on sbtest7 using PRIMARY over (9684194 <= id <= 9684293)  (cost=20.4 rows=100)


table 8 : explain SELECT c FROM sbtest8 WHERE id BETWEEN 1091191 AND 1091290 ORDER BY c
	-> Sort: sbtest8.c  (cost=20.4 rows=100)
    -> Filter: (sbtest8.id between 1091191 and 1091290)  (cost=20.4 rows=100)
        -> Index range scan on sbtest8 using PRIMARY over (1091191 <= id <= 1091290)  (cost=20.4 rows=100)


for: order_ranges
table 1 : explain SELECT c FROM sbtest1 WHERE id BETWEEN 3780009 AND 3780108 ORDER BY c
	-> Sort: sbtest1.c  (cost=20.4 rows=100)
    -> Filter: (sbtest1.id between 3780009 and 3780108)  (cost=20.4 rows=100)
        -> Index range scan on sbtest1 using PRIMARY over (3780009 <= id <= 3780108)  (cost=20.4 rows=100)


table 2 : explain SELECT c FROM sbtest2 WHERE id BETWEEN 6099520 AND 6099619 ORDER BY c
	-> Sort: sbtest2.c  (cost=20.4 rows=100)
    -> Filter: (sbtest2.id between 6099520 and 6099619)  (cost=20.4 rows=100)
        -> Index range scan on sbtest2 using PRIMARY over (6099520 <= id <= 6099619)  (cost=20.4 rows=100)


table 3 : explain SELECT c FROM sbtest3 WHERE id BETWEEN 8174187 AND 8174286 ORDER BY c
	-> Sort: sbtest3.c  (cost=20.4 rows=100)
    -> Filter: (sbtest3.id between 8174187 and 8174286)  (cost=20.4 rows=100)
        -> Index range scan on sbtest3 using PRIMARY over (8174187 <= id <= 8174286)  (cost=20.4 rows=100)


table 4 : explain SELECT c FROM sbtest4 WHERE id BETWEEN 8478427 AND 8478526 ORDER BY c
	-> Sort: sbtest4.c  (cost=20.4 rows=100)
    -> Filter: (sbtest4.id between 8478427 and 8478526)  (cost=20.4 rows=100)
        -> Index range scan on sbtest4 using PRIMARY over (8478427 <= id <= 8478526)  (cost=20.4 rows=100)


table 5 : explain SELECT c FROM sbtest5 WHERE id BETWEEN 9533155 AND 9533254 ORDER BY c
	-> Sort: sbtest5.c  (cost=20.4 rows=100)
    -> Filter: (sbtest5.id between 9533155 and 9533254)  (cost=20.4 rows=100)
        -> Index range scan on sbtest5 using PRIMARY over (9533155 <= id <= 9533254)  (cost=20.4 rows=100)


table 6 : explain SELECT c FROM sbtest6 WHERE id BETWEEN 8270794 AND 8270893 ORDER BY c
	-> Sort: sbtest6.c  (cost=20.4 rows=100)
    -> Filter: (sbtest6.id between 8270794 and 8270893)  (cost=20.4 rows=100)
        -> Index range scan on sbtest6 using PRIMARY over (8270794 <= id <= 8270893)  (cost=20.4 rows=100)


table 7 : explain SELECT c FROM sbtest7 WHERE id BETWEEN 542655 AND 542754 ORDER BY c
	-> Sort: sbtest7.c  (cost=20.4 rows=100)
    -> Filter: (sbtest7.id between 542655 and 542754)  (cost=20.4 rows=100)
        -> Index range scan on sbtest7 using PRIMARY over (542655 <= id <= 542754)  (cost=20.4 rows=100)


table 8 : explain SELECT c FROM sbtest8 WHERE id BETWEEN 923552 AND 923651 ORDER BY c
	-> Sort: sbtest8.c  (cost=20.4 rows=100)
    -> Filter: (sbtest8.id between 923552 and 923651)  (cost=20.4 rows=100)
        -> Index range scan on sbtest8 using PRIMARY over (923552 <= id <= 923651)  (cost=20.4 rows=100)


for: order_ranges
table 1 : explain SELECT c FROM sbtest1 WHERE id BETWEEN 8207075 AND 8207174 ORDER BY c
	-> Sort: sbtest1.c  (cost=20.4 rows=100)
    -> Filter: (sbtest1.id between 8207075 and 8207174)  (cost=20.4 rows=100)
        -> Index range scan on sbtest1 using PRIMARY over (8207075 <= id <= 8207174)  (cost=20.4 rows=100)


table 2 : explain SELECT c FROM sbtest2 WHERE id BETWEEN 5012337 AND 5012436 ORDER BY c
	-> Sort: sbtest2.c  (cost=20.4 rows=100)
    -> Filter: (sbtest2.id between 5012337 and 5012436)  (cost=20.4 rows=100)
        -> Index range scan on sbtest2 using PRIMARY over (5012337 <= id <= 5012436)  (cost=20.4 rows=100)


table 3 : explain SELECT c FROM sbtest3 WHERE id BETWEEN 7491192 AND 7491291 ORDER BY c
	-> Sort: sbtest3.c  (cost=20.4 rows=100)
    -> Filter: (sbtest3.id between 7491192 and 7491291)  (cost=20.4 rows=100)
        -> Index range scan on sbtest3 using PRIMARY over (7491192 <= id <= 7491291)  (cost=20.4 rows=100)


table 4 : explain SELECT c FROM sbtest4 WHERE id BETWEEN 3181285 AND 3181384 ORDER BY c
	-> Sort: sbtest4.c  (cost=20.4 rows=100)
    -> Filter: (sbtest4.id between 3181285 and 3181384)  (cost=20.4 rows=100)
        -> Index range scan on sbtest4 using PRIMARY over (3181285 <= id <= 3181384)  (cost=20.4 rows=100)


table 5 : explain SELECT c FROM sbtest5 WHERE id BETWEEN 7721915 AND 7722014 ORDER BY c
	-> Sort: sbtest5.c  (cost=20.4 rows=100)
    -> Filter: (sbtest5.id between 7721915 and 7722014)  (cost=20.4 rows=100)
        -> Index range scan on sbtest5 using PRIMARY over (7721915 <= id <= 7722014)  (cost=20.4 rows=100)


table 6 : explain SELECT c FROM sbtest6 WHERE id BETWEEN 2106606 AND 2106705 ORDER BY c
	-> Sort: sbtest6.c  (cost=20.4 rows=100)
    -> Filter: (sbtest6.id between 2106606 and 2106705)  (cost=20.4 rows=100)
        -> Index range scan on sbtest6 using PRIMARY over (2106606 <= id <= 2106705)  (cost=20.4 rows=100)


table 7 : explain SELECT c FROM sbtest7 WHERE id BETWEEN 372793 AND 372892 ORDER BY c
	-> Sort: sbtest7.c  (cost=20.4 rows=100)
    -> Filter: (sbtest7.id between 372793 and 372892)  (cost=20.4 rows=100)
        -> Index range scan on sbtest7 using PRIMARY over (372793 <= id <= 372892)  (cost=20.4 rows=100)


table 8 : explain SELECT c FROM sbtest8 WHERE id BETWEEN 5609194 AND 5609293 ORDER BY c
	-> Sort: sbtest8.c  (cost=20.4 rows=100)
    -> Filter: (sbtest8.id between 5609194 and 5609293)  (cost=20.4 rows=100)
        -> Index range scan on sbtest8 using PRIMARY over (5609194 <= id <= 5609293)  (cost=20.4 rows=100)


for: order_ranges
table 1 : explain SELECT c FROM sbtest1 WHERE id BETWEEN 9711886 AND 9711985 ORDER BY c
	-> Sort: sbtest1.c  (cost=20.4 rows=100)
    -> Filter: (sbtest1.id between 9711886 and 9711985)  (cost=20.4 rows=100)
        -> Index range scan on sbtest1 using PRIMARY over (9711886 <= id <= 9711985)  (cost=20.4 rows=100)


table 2 : explain SELECT c FROM sbtest2 WHERE id BETWEEN 318046 AND 318145 ORDER BY c
	-> Sort: sbtest2.c  (cost=20.4 rows=100)
    -> Filter: (sbtest2.id between 318046 and 318145)  (cost=20.4 rows=100)
        -> Index range scan on sbtest2 using PRIMARY over (318046 <= id <= 318145)  (cost=20.4 rows=100)


table 3 : explain SELECT c FROM sbtest3 WHERE id BETWEEN 5413282 AND 5413381 ORDER BY c
	-> Sort: sbtest3.c  (cost=20.4 rows=100)
    -> Filter: (sbtest3.id between 5413282 and 5413381)  (cost=20.4 rows=100)
        -> Index range scan on sbtest3 using PRIMARY over (5413282 <= id <= 5413381)  (cost=20.4 rows=100)


table 4 : explain SELECT c FROM sbtest4 WHERE id BETWEEN 2041167 AND 2041266 ORDER BY c
	-> Sort: sbtest4.c  (cost=20.4 rows=100)
    -> Filter: (sbtest4.id between 2041167 and 2041266)  (cost=20.4 rows=100)
        -> Index range scan on sbtest4 using PRIMARY over (2041167 <= id <= 2041266)  (cost=20.4 rows=100)


table 5 : explain SELECT c FROM sbtest5 WHERE id BETWEEN 305637 AND 305736 ORDER BY c
	-> Sort: sbtest5.c  (cost=20.4 rows=100)
    -> Filter: (sbtest5.id between 305637 and 305736)  (cost=20.4 rows=100)
        -> Index range scan on sbtest5 using PRIMARY over (305637 <= id <= 305736)  (cost=20.4 rows=100)


table 6 : explain SELECT c FROM sbtest6 WHERE id BETWEEN 2297205 AND 2297304 ORDER BY c
	-> Sort: sbtest6.c  (cost=20.4 rows=100)
    -> Filter: (sbtest6.id between 2297205 and 2297304)  (cost=20.4 rows=100)
        -> Index range scan on sbtest6 using PRIMARY over (2297205 <= id <= 2297304)  (cost=20.4 rows=100)


table 7 : explain SELECT c FROM sbtest7 WHERE id BETWEEN 2666592 AND 2666691 ORDER BY c
	-> Sort: sbtest7.c  (cost=20.4 rows=100)
    -> Filter: (sbtest7.id between 2666592 and 2666691)  (cost=20.4 rows=100)
        -> Index range scan on sbtest7 using PRIMARY over (2666592 <= id <= 2666691)  (cost=20.4 rows=100)


table 8 : explain SELECT c FROM sbtest8 WHERE id BETWEEN 7736252 AND 7736351 ORDER BY c
	-> Sort: sbtest8.c  (cost=20.4 rows=100)
    -> Filter: (sbtest8.id between 7736252 and 7736351)  (cost=20.4 rows=100)
        -> Index range scan on sbtest8 using PRIMARY over (7736252 <= id <= 7736351)  (cost=20.4 rows=100)


for: order_ranges
table 1 : explain SELECT c FROM sbtest1 WHERE id BETWEEN 6144697 AND 6144796 ORDER BY c
	-> Sort: sbtest1.c  (cost=20.4 rows=100)
    -> Filter: (sbtest1.id between 6144697 and 6144796)  (cost=20.4 rows=100)
        -> Index range scan on sbtest1 using PRIMARY over (6144697 <= id <= 6144796)  (cost=20.4 rows=100)


table 2 : explain SELECT c FROM sbtest2 WHERE id BETWEEN 3330242 AND 3330341 ORDER BY c
	-> Sort: sbtest2.c  (cost=20.4 rows=100)
    -> Filter: (sbtest2.id between 3330242 and 3330341)  (cost=20.4 rows=100)
        -> Index range scan on sbtest2 using PRIMARY over (3330242 <= id <= 3330341)  (cost=20.4 rows=100)


table 3 : explain SELECT c FROM sbtest3 WHERE id BETWEEN 5273017 AND 5273116 ORDER BY c
	-> Sort: sbtest3.c  (cost=20.4 rows=100)
    -> Filter: (sbtest3.id between 5273017 and 5273116)  (cost=20.4 rows=100)
        -> Index range scan on sbtest3 using PRIMARY over (5273017 <= id <= 5273116)  (cost=20.4 rows=100)


table 4 : explain SELECT c FROM sbtest4 WHERE id BETWEEN 5128086 AND 5128185 ORDER BY c
	-> Sort: sbtest4.c  (cost=20.4 rows=100)
    -> Filter: (sbtest4.id between 5128086 and 5128185)  (cost=20.4 rows=100)
        -> Index range scan on sbtest4 using PRIMARY over (5128086 <= id <= 5128185)  (cost=20.4 rows=100)


table 5 : explain SELECT c FROM sbtest5 WHERE id BETWEEN 5198483 AND 5198582 ORDER BY c
	-> Sort: sbtest5.c  (cost=20.4 rows=100)
    -> Filter: (sbtest5.id between 5198483 and 5198582)  (cost=20.4 rows=100)
        -> Index range scan on sbtest5 using PRIMARY over (5198483 <= id <= 5198582)  (cost=20.4 rows=100)


table 6 : explain SELECT c FROM sbtest6 WHERE id BETWEEN 5362716 AND 5362815 ORDER BY c
	-> Sort: sbtest6.c  (cost=20.4 rows=100)
    -> Filter: (sbtest6.id between 5362716 and 5362815)  (cost=20.4 rows=100)
        -> Index range scan on sbtest6 using PRIMARY over (5362716 <= id <= 5362815)  (cost=20.4 rows=100)


table 7 : explain SELECT c FROM sbtest7 WHERE id BETWEEN 8346069 AND 8346168 ORDER BY c
	-> Sort: sbtest7.c  (cost=20.4 rows=100)
    -> Filter: (sbtest7.id between 8346069 and 8346168)  (cost=20.4 rows=100)
        -> Index range scan on sbtest7 using PRIMARY over (8346069 <= id <= 8346168)  (cost=20.4 rows=100)


table 8 : explain SELECT c FROM sbtest8 WHERE id BETWEEN 9888766 AND 9888865 ORDER BY c
	-> Sort: sbtest8.c  (cost=20.4 rows=100)
    -> Filter: (sbtest8.id between 9888766 and 9888865)  (cost=20.4 rows=100)
        -> Index range scan on sbtest8 using PRIMARY over (9888766 <= id <= 9888865)  (cost=20.4 rows=100)


for: sum_ranges
table 1 : explain SELECT SUM(k) FROM sbtest1 WHERE id BETWEEN 7160524 AND 7160623
	-> Aggregate: sum(sbtest1.k)  (cost=43.5 rows=1)
    -> Filter: (sbtest1.id between 7160524 and 7160623)  (cost=20.4 rows=100)
        -> Index range scan on sbtest1 using PRIMARY over (7160524 <= id <= 7160623)  (cost=20.4 rows=100)


table 2 : explain SELECT SUM(k) FROM sbtest2 WHERE id BETWEEN 1842813 AND 1842912
	-> Aggregate: sum(sbtest2.k)  (cost=43.5 rows=1)
    -> Filter: (sbtest2.id between 1842813 and 1842912)  (cost=20.4 rows=100)
        -> Index range scan on sbtest2 using PRIMARY over (1842813 <= id <= 1842912)  (cost=20.4 rows=100)


table 3 : explain SELECT SUM(k) FROM sbtest3 WHERE id BETWEEN 2682671 AND 2682770
	-> Aggregate: sum(sbtest3.k)  (cost=43.5 rows=1)
    -> Filter: (sbtest3.id between 2682671 and 2682770)  (cost=20.4 rows=100)
        -> Index range scan on sbtest3 using PRIMARY over (2682671 <= id <= 2682770)  (cost=20.4 rows=100)


table 4 : explain SELECT SUM(k) FROM sbtest4 WHERE id BETWEEN 6137832 AND 6137931
	-> Aggregate: sum(sbtest4.k)  (cost=43.5 rows=1)
    -> Filter: (sbtest4.id between 6137832 and 6137931)  (cost=20.4 rows=100)
        -> Index range scan on sbtest4 using PRIMARY over (6137832 <= id <= 6137931)  (cost=20.4 rows=100)


table 5 : explain SELECT SUM(k) FROM sbtest5 WHERE id BETWEEN 1208479 AND 1208578
	-> Aggregate: sum(sbtest5.k)  (cost=43.5 rows=1)
    -> Filter: (sbtest5.id between 1208479 and 1208578)  (cost=20.4 rows=100)
        -> Index range scan on sbtest5 using PRIMARY over (1208479 <= id <= 1208578)  (cost=20.4 rows=100)


table 6 : explain SELECT SUM(k) FROM sbtest6 WHERE id BETWEEN 2022180 AND 2022279
	-> Aggregate: sum(sbtest6.k)  (cost=43.5 rows=1)
    -> Filter: (sbtest6.id between 2022180 and 2022279)  (cost=20.4 rows=100)
        -> Index range scan on sbtest6 using PRIMARY over (2022180 <= id <= 2022279)  (cost=20.4 rows=100)


table 7 : explain SELECT SUM(k) FROM sbtest7 WHERE id BETWEEN 920384 AND 920483
	-> Aggregate: sum(sbtest7.k)  (cost=43.5 rows=1)
    -> Filter: (sbtest7.id between 920384 and 920483)  (cost=20.4 rows=100)
        -> Index range scan on sbtest7 using PRIMARY over (920384 <= id <= 920483)  (cost=20.4 rows=100)


table 8 : explain SELECT SUM(k) FROM sbtest8 WHERE id BETWEEN 9700283 AND 9700382
	-> Aggregate: sum(sbtest8.k)  (cost=43.5 rows=1)
    -> Filter: (sbtest8.id between 9700283 and 9700382)  (cost=20.4 rows=100)
        -> Index range scan on sbtest8 using PRIMARY over (9700283 <= id <= 9700382)  (cost=20.4 rows=100)

for: sum_ranges
table 1 : explain SELECT SUM(k) FROM sbtest1 WHERE id BETWEEN 4211926 AND 4212025
	-> Aggregate: sum(sbtest1.k)  (cost=43.5 rows=1)
    -> Filter: (sbtest1.id between 4211926 and 4212025)  (cost=20.4 rows=100)
        -> Index range scan on sbtest1 using PRIMARY over (4211926 <= id <= 4212025)  (cost=20.4 rows=100)


table 2 : explain SELECT SUM(k) FROM sbtest2 WHERE id BETWEEN 9688180 AND 9688279
	-> Aggregate: sum(sbtest2.k)  (cost=43.5 rows=1)
    -> Filter: (sbtest2.id between 9688180 and 9688279)  (cost=20.4 rows=100)
        -> Index range scan on sbtest2 using PRIMARY over (9688180 <= id <= 9688279)  (cost=20.4 rows=100)


table 3 : explain SELECT SUM(k) FROM sbtest3 WHERE id BETWEEN 1062381 AND 1062480
	-> Aggregate: sum(sbtest3.k)  (cost=43.5 rows=1)
    -> Filter: (sbtest3.id between 1062381 and 1062480)  (cost=20.4 rows=100)
        -> Index range scan on sbtest3 using PRIMARY over (1062381 <= id <= 1062480)  (cost=20.4 rows=100)


table 4 : explain SELECT SUM(k) FROM sbtest4 WHERE id BETWEEN 4836917 AND 4837016
	-> Aggregate: sum(sbtest4.k)  (cost=43.5 rows=1)
    -> Filter: (sbtest4.id between 4836917 and 4837016)  (cost=20.4 rows=100)
        -> Index range scan on sbtest4 using PRIMARY over (4836917 <= id <= 4837016)  (cost=20.4 rows=100)


table 5 : explain SELECT SUM(k) FROM sbtest5 WHERE id BETWEEN 4692293 AND 4692392
	-> Aggregate: sum(sbtest5.k)  (cost=43.5 rows=1)
    -> Filter: (sbtest5.id between 4692293 and 4692392)  (cost=20.4 rows=100)
        -> Index range scan on sbtest5 using PRIMARY over (4692293 <= id <= 4692392)  (cost=20.4 rows=100)


table 6 : explain SELECT SUM(k) FROM sbtest6 WHERE id BETWEEN 835447 AND 835546
	-> Aggregate: sum(sbtest6.k)  (cost=43.5 rows=1)
    -> Filter: (sbtest6.id between 835447 and 835546)  (cost=20.4 rows=100)
        -> Index range scan on sbtest6 using PRIMARY over (835447 <= id <= 835546)  (cost=20.4 rows=100)


table 7 : explain SELECT SUM(k) FROM sbtest7 WHERE id BETWEEN 2276832 AND 2276931
	-> Aggregate: sum(sbtest7.k)  (cost=43.5 rows=1)
    -> Filter: (sbtest7.id between 2276832 and 2276931)  (cost=20.4 rows=100)
        -> Index range scan on sbtest7 using PRIMARY over (2276832 <= id <= 2276931)  (cost=20.4 rows=100)


table 8 : explain SELECT SUM(k) FROM sbtest8 WHERE id BETWEEN 507521 AND 507620
	-> Aggregate: sum(sbtest8.k)  (cost=43.5 rows=1)
    -> Filter: (sbtest8.id between 507521 and 507620)  (cost=20.4 rows=100)
        -> Index range scan on sbtest8 using PRIMARY over (507521 <= id <= 507620)  (cost=20.4 rows=100)



for: sum_ranges
table 1 : explain SELECT SUM(k) FROM sbtest1 WHERE id BETWEEN 6757937 AND 6758036
	-> Aggregate: sum(sbtest1.k)  (cost=43.5 rows=1)
    -> Filter: (sbtest1.id between 6757937 and 6758036)  (cost=20.4 rows=100)
        -> Index range scan on sbtest1 using PRIMARY over (6757937 <= id <= 6758036)  (cost=20.4 rows=100)


table 2 : explain SELECT SUM(k) FROM sbtest2 WHERE id BETWEEN 1828190 AND 1828289
	-> Aggregate: sum(sbtest2.k)  (cost=43.5 rows=1)
    -> Filter: (sbtest2.id between 1828190 and 1828289)  (cost=20.4 rows=100)
        -> Index range scan on sbtest2 using PRIMARY over (1828190 <= id <= 1828289)  (cost=20.4 rows=100)


table 3 : explain SELECT SUM(k) FROM sbtest3 WHERE id BETWEEN 4545768 AND 4545867
	-> Aggregate: sum(sbtest3.k)  (cost=43.5 rows=1)
    -> Filter: (sbtest3.id between 4545768 and 4545867)  (cost=20.4 rows=100)
        -> Index range scan on sbtest3 using PRIMARY over (4545768 <= id <= 4545867)  (cost=20.4 rows=100)


table 4 : explain SELECT SUM(k) FROM sbtest4 WHERE id BETWEEN 4280642 AND 4280741
	-> Aggregate: sum(sbtest4.k)  (cost=43.5 rows=1)
    -> Filter: (sbtest4.id between 4280642 and 4280741)  (cost=20.4 rows=100)
        -> Index range scan on sbtest4 using PRIMARY over (4280642 <= id <= 4280741)  (cost=20.4 rows=100)


table 5 : explain SELECT SUM(k) FROM sbtest5 WHERE id BETWEEN 8571612 AND 8571711
	-> Aggregate: sum(sbtest5.k)  (cost=43.5 rows=1)
    -> Filter: (sbtest5.id between 8571612 and 8571711)  (cost=20.4 rows=100)
        -> Index range scan on sbtest5 using PRIMARY over (8571612 <= id <= 8571711)  (cost=20.4 rows=100)


table 6 : explain SELECT SUM(k) FROM sbtest6 WHERE id BETWEEN 7575110 AND 7575209
	-> Aggregate: sum(sbtest6.k)  (cost=43.5 rows=1)
    -> Filter: (sbtest6.id between 7575110 and 7575209)  (cost=20.4 rows=100)
        -> Index range scan on sbtest6 using PRIMARY over (7575110 <= id <= 7575209)  (cost=20.4 rows=100)


table 7 : explain SELECT SUM(k) FROM sbtest7 WHERE id BETWEEN 2617125 AND 2617224
	-> Aggregate: sum(sbtest7.k)  (cost=43.5 rows=1)
    -> Filter: (sbtest7.id between 2617125 and 2617224)  (cost=20.4 rows=100)
        -> Index range scan on sbtest7 using PRIMARY over (2617125 <= id <= 2617224)  (cost=20.4 rows=100)


table 8 : explain SELECT SUM(k) FROM sbtest8 WHERE id BETWEEN 842371 AND 842470
	-> Aggregate: sum(sbtest8.k)  (cost=43.5 rows=1)
    -> Filter: (sbtest8.id between 842371 and 842470)  (cost=20.4 rows=100)
        -> Index range scan on sbtest8 using PRIMARY over (842371 <= id <= 842470)  (cost=20.4 rows=100)


for: order_ranges
table 1 : explain SELECT c FROM sbtest1 WHERE id BETWEEN 1153062 AND 1153161 ORDER BY c
	-> Sort: sbtest1.c  (cost=20.4 rows=100)
    -> Filter: (sbtest1.id between 1153062 and 1153161)  (cost=20.4 rows=100)
        -> Index range scan on sbtest1 using PRIMARY over (1153062 <= id <= 1153161)  (cost=20.4 rows=100)


table 2 : explain SELECT c FROM sbtest2 WHERE id BETWEEN 2139886 AND 2139985 ORDER BY c
	-> Sort: sbtest2.c  (cost=20.4 rows=100)
    -> Filter: (sbtest2.id between 2139886 and 2139985)  (cost=20.4 rows=100)
        -> Index range scan on sbtest2 using PRIMARY over (2139886 <= id <= 2139985)  (cost=20.4 rows=100)


table 3 : explain SELECT c FROM sbtest3 WHERE id BETWEEN 284866 AND 284965 ORDER BY c
	-> Sort: sbtest3.c  (cost=20.4 rows=100)
    -> Filter: (sbtest3.id between 284866 and 284965)  (cost=20.4 rows=100)
        -> Index range scan on sbtest3 using PRIMARY over (284866 <= id <= 284965)  (cost=20.4 rows=100)


table 4 : explain SELECT c FROM sbtest4 WHERE id BETWEEN 5991044 AND 5991143 ORDER BY c
	-> Sort: sbtest4.c  (cost=20.4 rows=100)
    -> Filter: (sbtest4.id between 5991044 and 5991143)  (cost=20.4 rows=100)
        -> Index range scan on sbtest4 using PRIMARY over (5991044 <= id <= 5991143)  (cost=20.4 rows=100)


table 5 : explain SELECT c FROM sbtest5 WHERE id BETWEEN 8338298 AND 8338397 ORDER BY c
	-> Sort: sbtest5.c  (cost=20.4 rows=100)
    -> Filter: (sbtest5.id between 8338298 and 8338397)  (cost=20.4 rows=100)
        -> Index range scan on sbtest5 using PRIMARY over (8338298 <= id <= 8338397)  (cost=20.4 rows=100)


table 6 : explain SELECT c FROM sbtest6 WHERE id BETWEEN 9848644 AND 9848743 ORDER BY c
	-> Sort: sbtest6.c  (cost=20.4 rows=100)
    -> Filter: (sbtest6.id between 9848644 and 9848743)  (cost=20.4 rows=100)
        -> Index range scan on sbtest6 using PRIMARY over (9848644 <= id <= 9848743)  (cost=20.4 rows=100)


table 7 : explain SELECT c FROM sbtest7 WHERE id BETWEEN 261111 AND 261210 ORDER BY c
	-> Sort: sbtest7.c  (cost=20.4 rows=100)
    -> Filter: (sbtest7.id between 261111 and 261210)  (cost=20.4 rows=100)
        -> Index range scan on sbtest7 using PRIMARY over (261111 <= id <= 261210)  (cost=20.4 rows=100)


table 8 : explain SELECT c FROM sbtest8 WHERE id BETWEEN 2111042 AND 2111141 ORDER BY c
	-> Sort: sbtest8.c  (cost=20.4 rows=100)
    -> Filter: (sbtest8.id between 2111042 and 2111141)  (cost=20.4 rows=100)
        -> Index range scan on sbtest8 using PRIMARY over (2111042 <= id <= 2111141)  (cost=20.4 rows=100)


for: order_ranges
table 1 : explain SELECT c FROM sbtest1 WHERE id BETWEEN 1784958 AND 1785057 ORDER BY c
	-> Sort: sbtest1.c  (cost=20.4 rows=100)
    -> Filter: (sbtest1.id between 1784958 and 1785057)  (cost=20.4 rows=100)
        -> Index range scan on sbtest1 using PRIMARY over (1784958 <= id <= 1785057)  (cost=20.4 rows=100)


table 2 : explain SELECT c FROM sbtest2 WHERE id BETWEEN 316630 AND 316729 ORDER BY c
	-> Sort: sbtest2.c  (cost=20.4 rows=100)
    -> Filter: (sbtest2.id between 316630 and 316729)  (cost=20.4 rows=100)
        -> Index range scan on sbtest2 using PRIMARY over (316630 <= id <= 316729)  (cost=20.4 rows=100)


table 3 : explain SELECT c FROM sbtest3 WHERE id BETWEEN 6604068 AND 6604167 ORDER BY c
	-> Sort: sbtest3.c  (cost=20.4 rows=100)
    -> Filter: (sbtest3.id between 6604068 and 6604167)  (cost=20.4 rows=100)
        -> Index range scan on sbtest3 using PRIMARY over (6604068 <= id <= 6604167)  (cost=20.4 rows=100)


table 4 : explain SELECT c FROM sbtest4 WHERE id BETWEEN 5890509 AND 5890608 ORDER BY c
	-> Sort: sbtest4.c  (cost=20.4 rows=100)
    -> Filter: (sbtest4.id between 5890509 and 5890608)  (cost=20.4 rows=100)
        -> Index range scan on sbtest4 using PRIMARY over (5890509 <= id <= 5890608)  (cost=20.4 rows=100)


table 5 : explain SELECT c FROM sbtest5 WHERE id BETWEEN 1733696 AND 1733795 ORDER BY c
	-> Sort: sbtest5.c  (cost=20.4 rows=100)
    -> Filter: (sbtest5.id between 1733696 and 1733795)  (cost=20.4 rows=100)
        -> Index range scan on sbtest5 using PRIMARY over (1733696 <= id <= 1733795)  (cost=20.4 rows=100)


table 6 : explain SELECT c FROM sbtest6 WHERE id BETWEEN 2864541 AND 2864640 ORDER BY c
	-> Sort: sbtest6.c  (cost=20.4 rows=100)
    -> Filter: (sbtest6.id between 2864541 and 2864640)  (cost=20.4 rows=100)
        -> Index range scan on sbtest6 using PRIMARY over (2864541 <= id <= 2864640)  (cost=20.4 rows=100)


table 7 : explain SELECT c FROM sbtest7 WHERE id BETWEEN 6920669 AND 6920768 ORDER BY c
	-> Sort: sbtest7.c  (cost=20.4 rows=100)
    -> Filter: (sbtest7.id between 6920669 and 6920768)  (cost=20.4 rows=100)
        -> Index range scan on sbtest7 using PRIMARY over (6920669 <= id <= 6920768)  (cost=20.4 rows=100)


table 8 : explain SELECT c FROM sbtest8 WHERE id BETWEEN 8741126 AND 8741225 ORDER BY c
	-> Sort: sbtest8.c  (cost=20.4 rows=100)
    -> Filter: (sbtest8.id between 8741126 and 8741225)  (cost=20.4 rows=100)
        -> Index range scan on sbtest8 using PRIMARY over (8741126 <= id <= 8741225)  (cost=20.4 rows=100)


for: order_ranges
table 1 : explain SELECT c FROM sbtest1 WHERE id BETWEEN 2319622 AND 2319721 ORDER BY c
	-> Sort: sbtest1.c  (cost=20.4 rows=100)
    -> Filter: (sbtest1.id between 2319622 and 2319721)  (cost=20.4 rows=100)
        -> Index range scan on sbtest1 using PRIMARY over (2319622 <= id <= 2319721)  (cost=20.4 rows=100)


table 2 : explain SELECT c FROM sbtest2 WHERE id BETWEEN 8645789 AND 8645888 ORDER BY c
	-> Sort: sbtest2.c  (cost=20.4 rows=100)
    -> Filter: (sbtest2.id between 8645789 and 8645888)  (cost=20.4 rows=100)
        -> Index range scan on sbtest2 using PRIMARY over (8645789 <= id <= 8645888)  (cost=20.4 rows=100)


table 3 : explain SELECT c FROM sbtest3 WHERE id BETWEEN 9492726 AND 9492825 ORDER BY c
	-> Sort: sbtest3.c  (cost=20.4 rows=100)
    -> Filter: (sbtest3.id between 9492726 and 9492825)  (cost=20.4 rows=100)
        -> Index range scan on sbtest3 using PRIMARY over (9492726 <= id <= 9492825)  (cost=20.4 rows=100)


table 4 : explain SELECT c FROM sbtest4 WHERE id BETWEEN 5949750 AND 5949849 ORDER BY c
	-> Sort: sbtest4.c  (cost=20.4 rows=100)
    -> Filter: (sbtest4.id between 5949750 and 5949849)  (cost=20.4 rows=100)
        -> Index range scan on sbtest4 using PRIMARY over (5949750 <= id <= 5949849)  (cost=20.4 rows=100)


table 5 : explain SELECT c FROM sbtest5 WHERE id BETWEEN 2746921 AND 2747020 ORDER BY c
	-> Sort: sbtest5.c  (cost=20.4 rows=100)
    -> Filter: (sbtest5.id between 2746921 and 2747020)  (cost=20.4 rows=100)
        -> Index range scan on sbtest5 using PRIMARY over (2746921 <= id <= 2747020)  (cost=20.4 rows=100)


table 6 : explain SELECT c FROM sbtest6 WHERE id BETWEEN 422206 AND 422305 ORDER BY c
	-> Sort: sbtest6.c  (cost=20.4 rows=100)
    -> Filter: (sbtest6.id between 422206 and 422305)  (cost=20.4 rows=100)
        -> Index range scan on sbtest6 using PRIMARY over (422206 <= id <= 422305)  (cost=20.4 rows=100)


table 7 : explain SELECT c FROM sbtest7 WHERE id BETWEEN 610658 AND 610757 ORDER BY c
	-> Sort: sbtest7.c  (cost=20.4 rows=100)
    -> Filter: (sbtest7.id between 610658 and 610757)  (cost=20.4 rows=100)
        -> Index range scan on sbtest7 using PRIMARY over (610658 <= id <= 610757)  (cost=20.4 rows=100)


table 8 : explain SELECT c FROM sbtest8 WHERE id BETWEEN 9973331 AND 9973430 ORDER BY c
	-> Sort: sbtest8.c  (cost=20.4 rows=100)
    -> Filter: (sbtest8.id between 9973331 and 9973430)  (cost=20.4 rows=100)
        -> Index range scan on sbtest8 using PRIMARY over (9973331 <= id <= 9973430)  (cost=20.4 rows=100)


for: order_ranges
table 1 : explain SELECT c FROM sbtest1 WHERE id BETWEEN 2921154 AND 2921253 ORDER BY c
	-> Sort: sbtest1.c  (cost=20.4 rows=100)
    -> Filter: (sbtest1.id between 2921154 and 2921253)  (cost=20.4 rows=100)
        -> Index range scan on sbtest1 using PRIMARY over (2921154 <= id <= 2921253)  (cost=20.4 rows=100)


table 2 : explain SELECT c FROM sbtest2 WHERE id BETWEEN 5937156 AND 5937255 ORDER BY c
	-> Sort: sbtest2.c  (cost=20.4 rows=100)
    -> Filter: (sbtest2.id between 5937156 and 5937255)  (cost=20.4 rows=100)
        -> Index range scan on sbtest2 using PRIMARY over (5937156 <= id <= 5937255)  (cost=20.4 rows=100)


table 3 : explain SELECT c FROM sbtest3 WHERE id BETWEEN 2358705 AND 2358804 ORDER BY c
	-> Sort: sbtest3.c  (cost=20.4 rows=100)
    -> Filter: (sbtest3.id between 2358705 and 2358804)  (cost=20.4 rows=100)
        -> Index range scan on sbtest3 using PRIMARY over (2358705 <= id <= 2358804)  (cost=20.4 rows=100)


table 4 : explain SELECT c FROM sbtest4 WHERE id BETWEEN 1217532 AND 1217631 ORDER BY c
	-> Sort: sbtest4.c  (cost=20.4 rows=100)
    -> Filter: (sbtest4.id between 1217532 and 1217631)  (cost=20.4 rows=100)
        -> Index range scan on sbtest4 using PRIMARY over (1217532 <= id <= 1217631)  (cost=20.4 rows=100)


table 5 : explain SELECT c FROM sbtest5 WHERE id BETWEEN 6278205 AND 6278304 ORDER BY c
	-> Sort: sbtest5.c  (cost=20.4 rows=100)
    -> Filter: (sbtest5.id between 6278205 and 6278304)  (cost=20.4 rows=100)
        -> Index range scan on sbtest5 using PRIMARY over (6278205 <= id <= 6278304)  (cost=20.4 rows=100)


table 6 : explain SELECT c FROM sbtest6 WHERE id BETWEEN 9255080 AND 9255179 ORDER BY c
	-> Sort: sbtest6.c  (cost=20.4 rows=100)
    -> Filter: (sbtest6.id between 9255080 and 9255179)  (cost=20.4 rows=100)
        -> Index range scan on sbtest6 using PRIMARY over (9255080 <= id <= 9255179)  (cost=20.4 rows=100)


table 7 : explain SELECT c FROM sbtest7 WHERE id BETWEEN 8836896 AND 8836995 ORDER BY c
	-> Sort: sbtest7.c  (cost=20.4 rows=100)
    -> Filter: (sbtest7.id between 8836896 and 8836995)  (cost=20.4 rows=100)
        -> Index range scan on sbtest7 using PRIMARY over (8836896 <= id <= 8836995)  (cost=20.4 rows=100)


table 8 : explain SELECT c FROM sbtest8 WHERE id BETWEEN 9337767 AND 9337866 ORDER BY c
	-> Sort: sbtest8.c  (cost=20.4 rows=100)
    -> Filter: (sbtest8.id between 9337767 and 9337866)  (cost=20.4 rows=100)
        -> Index range scan on sbtest8 using PRIMARY over (9337767 <= id <= 9337866)  (cost=20.4 rows=100)


for: order_ranges
table 1 : explain SELECT c FROM sbtest1 WHERE id BETWEEN 6611514 AND 6611613 ORDER BY c
	-> Sort: sbtest1.c  (cost=20.4 rows=100)
    -> Filter: (sbtest1.id between 6611514 and 6611613)  (cost=20.4 rows=100)
        -> Index range scan on sbtest1 using PRIMARY over (6611514 <= id <= 6611613)  (cost=20.4 rows=100)


table 2 : explain SELECT c FROM sbtest2 WHERE id BETWEEN 8546342 AND 8546441 ORDER BY c
	-> Sort: sbtest2.c  (cost=20.4 rows=100)
    -> Filter: (sbtest2.id between 8546342 and 8546441)  (cost=20.4 rows=100)
        -> Index range scan on sbtest2 using PRIMARY over (8546342 <= id <= 8546441)  (cost=20.4 rows=100)


table 3 : explain SELECT c FROM sbtest3 WHERE id BETWEEN 2181531 AND 2181630 ORDER BY c
	-> Sort: sbtest3.c  (cost=20.4 rows=100)
    -> Filter: (sbtest3.id between 2181531 and 2181630)  (cost=20.4 rows=100)
        -> Index range scan on sbtest3 using PRIMARY over (2181531 <= id <= 2181630)  (cost=20.4 rows=100)


table 4 : explain SELECT c FROM sbtest4 WHERE id BETWEEN 6856788 AND 6856887 ORDER BY c
	-> Sort: sbtest4.c  (cost=20.4 rows=100)
    -> Filter: (sbtest4.id between 6856788 and 6856887)  (cost=20.4 rows=100)
        -> Index range scan on sbtest4 using PRIMARY over (6856788 <= id <= 6856887)  (cost=20.4 rows=100)


table 5 : explain SELECT c FROM sbtest5 WHERE id BETWEEN 6639776 AND 6639875 ORDER BY c
	-> Sort: sbtest5.c  (cost=20.4 rows=100)
    -> Filter: (sbtest5.id between 6639776 and 6639875)  (cost=20.4 rows=100)
        -> Index range scan on sbtest5 using PRIMARY over (6639776 <= id <= 6639875)  (cost=20.4 rows=100)


table 6 : explain SELECT c FROM sbtest6 WHERE id BETWEEN 4824226 AND 4824325 ORDER BY c
	-> Sort: sbtest6.c  (cost=20.4 rows=100)
    -> Filter: (sbtest6.id between 4824226 and 4824325)  (cost=20.4 rows=100)
        -> Index range scan on sbtest6 using PRIMARY over (4824226 <= id <= 4824325)  (cost=20.4 rows=100)


table 7 : explain SELECT c FROM sbtest7 WHERE id BETWEEN 2274623 AND 2274722 ORDER BY c
	-> Sort: sbtest7.c  (cost=20.4 rows=100)
    -> Filter: (sbtest7.id between 2274623 and 2274722)  (cost=20.4 rows=100)
        -> Index range scan on sbtest7 using PRIMARY over (2274623 <= id <= 2274722)  (cost=20.4 rows=100)


table 8 : explain SELECT c FROM sbtest8 WHERE id BETWEEN 5565367 AND 5565466 ORDER BY c
	-> Sort: sbtest8.c  (cost=20.4 rows=100)
    -> Filter: (sbtest8.id between 5565367 and 5565466)  (cost=20.4 rows=100)
        -> Index range scan on sbtest8 using PRIMARY over (5565367 <= id <= 5565466)  (cost=20.4 rows=100)


for: sum_ranges
table 1 : explain SELECT SUM(k) FROM sbtest1 WHERE id BETWEEN 8169045 AND 8169144
	-> Aggregate: sum(sbtest1.k)  (cost=43.5 rows=1)
    -> Filter: (sbtest1.id between 8169045 and 8169144)  (cost=20.4 rows=100)
        -> Index range scan on sbtest1 using PRIMARY over (8169045 <= id <= 8169144)  (cost=20.4 rows=100)


table 2 : explain SELECT SUM(k) FROM sbtest2 WHERE id BETWEEN 5247717 AND 5247816
	-> Aggregate: sum(sbtest2.k)  (cost=43.5 rows=1)
    -> Filter: (sbtest2.id between 5247717 and 5247816)  (cost=20.4 rows=100)
        -> Index range scan on sbtest2 using PRIMARY over (5247717 <= id <= 5247816)  (cost=20.4 rows=100)


table 3 : explain SELECT SUM(k) FROM sbtest3 WHERE id BETWEEN 350617 AND 350716
	-> Aggregate: sum(sbtest3.k)  (cost=43.5 rows=1)
    -> Filter: (sbtest3.id between 350617 and 350716)  (cost=20.4 rows=100)
        -> Index range scan on sbtest3 using PRIMARY over (350617 <= id <= 350716)  (cost=20.4 rows=100)


table 4 : explain SELECT SUM(k) FROM sbtest4 WHERE id BETWEEN 2517149 AND 2517248
	-> Aggregate: sum(sbtest4.k)  (cost=43.5 rows=1)
    -> Filter: (sbtest4.id between 2517149 and 2517248)  (cost=20.4 rows=100)
        -> Index range scan on sbtest4 using PRIMARY over (2517149 <= id <= 2517248)  (cost=20.4 rows=100)


table 5 : explain SELECT SUM(k) FROM sbtest5 WHERE id BETWEEN 4774605 AND 4774704
	-> Aggregate: sum(sbtest5.k)  (cost=43.5 rows=1)
    -> Filter: (sbtest5.id between 4774605 and 4774704)  (cost=20.4 rows=100)
        -> Index range scan on sbtest5 using PRIMARY over (4774605 <= id <= 4774704)  (cost=20.4 rows=100)


table 6 : explain SELECT SUM(k) FROM sbtest6 WHERE id BETWEEN 2753837 AND 2753936
	-> Aggregate: sum(sbtest6.k)  (cost=43.5 rows=1)
    -> Filter: (sbtest6.id between 2753837 and 2753936)  (cost=20.4 rows=100)
        -> Index range scan on sbtest6 using PRIMARY over (2753837 <= id <= 2753936)  (cost=20.4 rows=100)


table 7 : explain SELECT SUM(k) FROM sbtest7 WHERE id BETWEEN 3772769 AND 3772868
	-> Aggregate: sum(sbtest7.k)  (cost=43.5 rows=1)
    -> Filter: (sbtest7.id between 3772769 and 3772868)  (cost=20.4 rows=100)
        -> Index range scan on sbtest7 using PRIMARY over (3772769 <= id <= 3772868)  (cost=20.4 rows=100)


table 8 : explain SELECT SUM(k) FROM sbtest8 WHERE id BETWEEN 5015322 AND 5015421
	-> Aggregate: sum(sbtest8.k)  (cost=43.5 rows=1)
    -> Filter: (sbtest8.id between 5015322 and 5015421)  (cost=20.4 rows=100)
        -> Index range scan on sbtest8 using PRIMARY over (5015322 <= id <= 5015421)  (cost=20.4 rows=100)


for: sum_ranges
table 1 : explain SELECT SUM(k) FROM sbtest1 WHERE id BETWEEN 115079 AND 115178
	-> Aggregate: sum(sbtest1.k)  (cost=43.5 rows=1)
    -> Filter: (sbtest1.id between 115079 and 115178)  (cost=20.4 rows=100)
        -> Index range scan on sbtest1 using PRIMARY over (115079 <= id <= 115178)  (cost=20.4 rows=100)


table 2 : explain SELECT SUM(k) FROM sbtest2 WHERE id BETWEEN 7958726 AND 7958825
	-> Aggregate: sum(sbtest2.k)  (cost=43.5 rows=1)
    -> Filter: (sbtest2.id between 7958726 and 7958825)  (cost=20.4 rows=100)
        -> Index range scan on sbtest2 using PRIMARY over (7958726 <= id <= 7958825)  (cost=20.4 rows=100)


table 3 : explain SELECT SUM(k) FROM sbtest3 WHERE id BETWEEN 5810973 AND 5811072
	-> Aggregate: sum(sbtest3.k)  (cost=43.5 rows=1)
    -> Filter: (sbtest3.id between 5810973 and 5811072)  (cost=20.4 rows=100)
        -> Index range scan on sbtest3 using PRIMARY over (5810973 <= id <= 5811072)  (cost=20.4 rows=100)


table 4 : explain SELECT SUM(k) FROM sbtest4 WHERE id BETWEEN 7452712 AND 7452811
	-> Aggregate: sum(sbtest4.k)  (cost=43.5 rows=1)
    -> Filter: (sbtest4.id between 7452712 and 7452811)  (cost=20.4 rows=100)
        -> Index range scan on sbtest4 using PRIMARY over (7452712 <= id <= 7452811)  (cost=20.4 rows=100)


table 5 : explain SELECT SUM(k) FROM sbtest5 WHERE id BETWEEN 4421283 AND 4421382
	-> Aggregate: sum(sbtest5.k)  (cost=43.5 rows=1)
    -> Filter: (sbtest5.id between 4421283 and 4421382)  (cost=20.4 rows=100)
        -> Index range scan on sbtest5 using PRIMARY over (4421283 <= id <= 4421382)  (cost=20.4 rows=100)


table 6 : explain SELECT SUM(k) FROM sbtest6 WHERE id BETWEEN 9478396 AND 9478495
	-> Aggregate: sum(sbtest6.k)  (cost=43.5 rows=1)
    -> Filter: (sbtest6.id between 9478396 and 9478495)  (cost=20.4 rows=100)
        -> Index range scan on sbtest6 using PRIMARY over (9478396 <= id <= 9478495)  (cost=20.4 rows=100)


table 7 : explain SELECT SUM(k) FROM sbtest7 WHERE id BETWEEN 5681076 AND 5681175
	-> Aggregate: sum(sbtest7.k)  (cost=43.5 rows=1)
    -> Filter: (sbtest7.id between 5681076 and 5681175)  (cost=20.4 rows=100)
        -> Index range scan on sbtest7 using PRIMARY over (5681076 <= id <= 5681175)  (cost=20.4 rows=100)


table 8 : explain SELECT SUM(k) FROM sbtest8 WHERE id BETWEEN 5103283 AND 5103382
	-> Aggregate: sum(sbtest8.k)  (cost=43.5 rows=1)
    -> Filter: (sbtest8.id between 5103283 and 5103382)  (cost=20.4 rows=100)
        -> Index range scan on sbtest8 using PRIMARY over (5103283 <= id <= 5103382)  (cost=20.4 rows=100)


for: order_ranges
table 1 : explain SELECT c FROM sbtest1 WHERE id BETWEEN 3820480 AND 3820579 ORDER BY c
	-> Sort: sbtest1.c  (cost=20.4 rows=100)
    -> Filter: (sbtest1.id between 3820480 and 3820579)  (cost=20.4 rows=100)
        -> Index range scan on sbtest1 using PRIMARY over (3820480 <= id <= 3820579)  (cost=20.4 rows=100)


table 2 : explain SELECT c FROM sbtest2 WHERE id BETWEEN 3216717 AND 3216816 ORDER BY c
	-> Sort: sbtest2.c  (cost=20.4 rows=100)
    -> Filter: (sbtest2.id between 3216717 and 3216816)  (cost=20.4 rows=100)
        -> Index range scan on sbtest2 using PRIMARY over (3216717 <= id <= 3216816)  (cost=20.4 rows=100)


table 3 : explain SELECT c FROM sbtest3 WHERE id BETWEEN 3441289 AND 3441388 ORDER BY c
	-> Sort: sbtest3.c  (cost=20.4 rows=100)
    -> Filter: (sbtest3.id between 3441289 and 3441388)  (cost=20.4 rows=100)
        -> Index range scan on sbtest3 using PRIMARY over (3441289 <= id <= 3441388)  (cost=20.4 rows=100)


table 4 : explain SELECT c FROM sbtest4 WHERE id BETWEEN 6471340 AND 6471439 ORDER BY c
	-> Sort: sbtest4.c  (cost=20.4 rows=100)
    -> Filter: (sbtest4.id between 6471340 and 6471439)  (cost=20.4 rows=100)
        -> Index range scan on sbtest4 using PRIMARY over (6471340 <= id <= 6471439)  (cost=20.4 rows=100)


table 5 : explain SELECT c FROM sbtest5 WHERE id BETWEEN 6814714 AND 6814813 ORDER BY c
	-> Sort: sbtest5.c  (cost=20.4 rows=100)
    -> Filter: (sbtest5.id between 6814714 and 6814813)  (cost=20.4 rows=100)
        -> Index range scan on sbtest5 using PRIMARY over (6814714 <= id <= 6814813)  (cost=20.4 rows=100)


table 6 : explain SELECT c FROM sbtest6 WHERE id BETWEEN 173535 AND 173634 ORDER BY c
	-> Sort: sbtest6.c  (cost=20.4 rows=100)
    -> Filter: (sbtest6.id between 173535 and 173634)  (cost=20.4 rows=100)
        -> Index range scan on sbtest6 using PRIMARY over (173535 <= id <= 173634)  (cost=20.4 rows=100)


table 7 : explain SELECT c FROM sbtest7 WHERE id BETWEEN 3630895 AND 3630994 ORDER BY c
	-> Sort: sbtest7.c  (cost=20.4 rows=100)
    -> Filter: (sbtest7.id between 3630895 and 3630994)  (cost=20.4 rows=100)
        -> Index range scan on sbtest7 using PRIMARY over (3630895 <= id <= 3630994)  (cost=20.4 rows=100)


table 8 : explain SELECT c FROM sbtest8 WHERE id BETWEEN 4855434 AND 4855533 ORDER BY c
	-> Sort: sbtest8.c  (cost=20.4 rows=100)
    -> Filter: (sbtest8.id between 4855434 and 4855533)  (cost=20.4 rows=100)
        -> Index range scan on sbtest8 using PRIMARY over (4855434 <= id <= 4855533)  (cost=20.4 rows=100)


for: order_ranges
table 1 : explain SELECT c FROM sbtest1 WHERE id BETWEEN 5558875 AND 5558974 ORDER BY c
	-> Sort: sbtest1.c  (cost=20.4 rows=100)
    -> Filter: (sbtest1.id between 5558875 and 5558974)  (cost=20.4 rows=100)
        -> Index range scan on sbtest1 using PRIMARY over (5558875 <= id <= 5558974)  (cost=20.4 rows=100)


table 2 : explain SELECT c FROM sbtest2 WHERE id BETWEEN 6747472 AND 6747571 ORDER BY c
	-> Sort: sbtest2.c  (cost=20.4 rows=100)
    -> Filter: (sbtest2.id between 6747472 and 6747571)  (cost=20.4 rows=100)
        -> Index range scan on sbtest2 using PRIMARY over (6747472 <= id <= 6747571)  (cost=20.4 rows=100)


table 3 : explain SELECT c FROM sbtest3 WHERE id BETWEEN 4795829 AND 4795928 ORDER BY c
	-> Sort: sbtest3.c  (cost=20.4 rows=100)
    -> Filter: (sbtest3.id between 4795829 and 4795928)  (cost=20.4 rows=100)
        -> Index range scan on sbtest3 using PRIMARY over (4795829 <= id <= 4795928)  (cost=20.4 rows=100)


table 4 : explain SELECT c FROM sbtest4 WHERE id BETWEEN 3528962 AND 3529061 ORDER BY c
	-> Sort: sbtest4.c  (cost=20.4 rows=100)
    -> Filter: (sbtest4.id between 3528962 and 3529061)  (cost=20.4 rows=100)
        -> Index range scan on sbtest4 using PRIMARY over (3528962 <= id <= 3529061)  (cost=20.4 rows=100)


table 5 : explain SELECT c FROM sbtest5 WHERE id BETWEEN 2424928 AND 2425027 ORDER BY c
	-> Sort: sbtest5.c  (cost=20.4 rows=100)
    -> Filter: (sbtest5.id between 2424928 and 2425027)  (cost=20.4 rows=100)
        -> Index range scan on sbtest5 using PRIMARY over (2424928 <= id <= 2425027)  (cost=20.4 rows=100)


table 6 : explain SELECT c FROM sbtest6 WHERE id BETWEEN 446664 AND 446763 ORDER BY c
	-> Sort: sbtest6.c  (cost=20.4 rows=100)
    -> Filter: (sbtest6.id between 446664 and 446763)  (cost=20.4 rows=100)
        -> Index range scan on sbtest6 using PRIMARY over (446664 <= id <= 446763)  (cost=20.4 rows=100)


table 7 : explain SELECT c FROM sbtest7 WHERE id BETWEEN 3062228 AND 3062327 ORDER BY c
	-> Sort: sbtest7.c  (cost=20.4 rows=100)
    -> Filter: (sbtest7.id between 3062228 and 3062327)  (cost=20.4 rows=100)
        -> Index range scan on sbtest7 using PRIMARY over (3062228 <= id <= 3062327)  (cost=20.4 rows=100)


table 8 : explain SELECT c FROM sbtest8 WHERE id BETWEEN 3739238 AND 3739337 ORDER BY c
	-> Sort: sbtest8.c  (cost=20.4 rows=100)
    -> Filter: (sbtest8.id between 3739238 and 3739337)  (cost=20.4 rows=100)
        -> Index range scan on sbtest8 using PRIMARY over (3739238 <= id <= 3739337)  (cost=20.4 rows=100)


for: order_ranges
table 1 : explain SELECT c FROM sbtest1 WHERE id BETWEEN 1958398 AND 1958497 ORDER BY c
	-> Sort: sbtest1.c  (cost=20.4 rows=100)
    -> Filter: (sbtest1.id between 1958398 and 1958497)  (cost=20.4 rows=100)
        -> Index range scan on sbtest1 using PRIMARY over (1958398 <= id <= 1958497)  (cost=20.4 rows=100)


table 2 : explain SELECT c FROM sbtest2 WHERE id BETWEEN 6639432 AND 6639531 ORDER BY c
	-> Sort: sbtest2.c  (cost=20.4 rows=100)
    -> Filter: (sbtest2.id between 6639432 and 6639531)  (cost=20.4 rows=100)
        -> Index range scan on sbtest2 using PRIMARY over (6639432 <= id <= 6639531)  (cost=20.4 rows=100)


table 3 : explain SELECT c FROM sbtest3 WHERE id BETWEEN 1623079 AND 1623178 ORDER BY c
	-> Sort: sbtest3.c  (cost=20.4 rows=100)
    -> Filter: (sbtest3.id between 1623079 and 1623178)  (cost=20.4 rows=100)
        -> Index range scan on sbtest3 using PRIMARY over (1623079 <= id <= 1623178)  (cost=20.4 rows=100)


table 4 : explain SELECT c FROM sbtest4 WHERE id BETWEEN 857937 AND 858036 ORDER BY c
	-> Sort: sbtest4.c  (cost=20.4 rows=100)
    -> Filter: (sbtest4.id between 857937 and 858036)  (cost=20.4 rows=100)
        -> Index range scan on sbtest4 using PRIMARY over (857937 <= id <= 858036)  (cost=20.4 rows=100)


table 5 : explain SELECT c FROM sbtest5 WHERE id BETWEEN 5729069 AND 5729168 ORDER BY c
	-> Sort: sbtest5.c  (cost=20.4 rows=100)
    -> Filter: (sbtest5.id between 5729069 and 5729168)  (cost=20.4 rows=100)
        -> Index range scan on sbtest5 using PRIMARY over (5729069 <= id <= 5729168)  (cost=20.4 rows=100)


table 6 : explain SELECT c FROM sbtest6 WHERE id BETWEEN 5736032 AND 5736131 ORDER BY c
	-> Sort: sbtest6.c  (cost=20.4 rows=100)
    -> Filter: (sbtest6.id between 5736032 and 5736131)  (cost=20.4 rows=100)
        -> Index range scan on sbtest6 using PRIMARY over (5736032 <= id <= 5736131)  (cost=20.4 rows=100)


table 7 : explain SELECT c FROM sbtest7 WHERE id BETWEEN 9229238 AND 9229337 ORDER BY c
	-> Sort: sbtest7.c  (cost=20.4 rows=100)
    -> Filter: (sbtest7.id between 9229238 and 9229337)  (cost=20.4 rows=100)
        -> Index range scan on sbtest7 using PRIMARY over (9229238 <= id <= 9229337)  (cost=20.4 rows=100)


table 8 : explain SELECT c FROM sbtest8 WHERE id BETWEEN 7534358 AND 7534457 ORDER BY c
	-> Sort: sbtest8.c  (cost=20.4 rows=100)
    -> Filter: (sbtest8.id between 7534358 and 7534457)  (cost=20.4 rows=100)
        -> Index range scan on sbtest8 using PRIMARY over (7534358 <= id <= 7534457)  (cost=20.4 rows=100)


for: order_ranges
table 1 : explain SELECT c FROM sbtest1 WHERE id BETWEEN 4426204 AND 4426303 ORDER BY c
	-> Sort: sbtest1.c  (cost=20.4 rows=100)
    -> Filter: (sbtest1.id between 4426204 and 4426303)  (cost=20.4 rows=100)
        -> Index range scan on sbtest1 using PRIMARY over (4426204 <= id <= 4426303)  (cost=20.4 rows=100)


table 2 : explain SELECT c FROM sbtest2 WHERE id BETWEEN 8624912 AND 8625011 ORDER BY c
	-> Sort: sbtest2.c  (cost=20.4 rows=100)
    -> Filter: (sbtest2.id between 8624912 and 8625011)  (cost=20.4 rows=100)
        -> Index range scan on sbtest2 using PRIMARY over (8624912 <= id <= 8625011)  (cost=20.4 rows=100)


table 3 : explain SELECT c FROM sbtest3 WHERE id BETWEEN 9666852 AND 9666951 ORDER BY c
	-> Sort: sbtest3.c  (cost=20.4 rows=100)
    -> Filter: (sbtest3.id between 9666852 and 9666951)  (cost=20.4 rows=100)
        -> Index range scan on sbtest3 using PRIMARY over (9666852 <= id <= 9666951)  (cost=20.4 rows=100)


table 4 : explain SELECT c FROM sbtest4 WHERE id BETWEEN 4611032 AND 4611131 ORDER BY c
	-> Sort: sbtest4.c  (cost=20.4 rows=100)
    -> Filter: (sbtest4.id between 4611032 and 4611131)  (cost=20.4 rows=100)
        -> Index range scan on sbtest4 using PRIMARY over (4611032 <= id <= 4611131)  (cost=20.4 rows=100)


table 5 : explain SELECT c FROM sbtest5 WHERE id BETWEEN 3088953 AND 3089052 ORDER BY c
	-> Sort: sbtest5.c  (cost=20.4 rows=100)
    -> Filter: (sbtest5.id between 3088953 and 3089052)  (cost=20.4 rows=100)
        -> Index range scan on sbtest5 using PRIMARY over (3088953 <= id <= 3089052)  (cost=20.4 rows=100)


table 6 : explain SELECT c FROM sbtest6 WHERE id BETWEEN 7089858 AND 7089957 ORDER BY c
	-> Sort: sbtest6.c  (cost=20.4 rows=100)
    -> Filter: (sbtest6.id between 7089858 and 7089957)  (cost=20.4 rows=100)
        -> Index range scan on sbtest6 using PRIMARY over (7089858 <= id <= 7089957)  (cost=20.4 rows=100)


table 7 : explain SELECT c FROM sbtest7 WHERE id BETWEEN 3797261 AND 3797360 ORDER BY c
	-> Sort: sbtest7.c  (cost=20.4 rows=100)
    -> Filter: (sbtest7.id between 3797261 and 3797360)  (cost=20.4 rows=100)
        -> Index range scan on sbtest7 using PRIMARY over (3797261 <= id <= 3797360)  (cost=20.4 rows=100)


table 8 : explain SELECT c FROM sbtest8 WHERE id BETWEEN 1688539 AND 1688638 ORDER BY c
	-> Sort: sbtest8.c  (cost=20.4 rows=100)
    -> Filter: (sbtest8.id between 1688539 and 1688638)  (cost=20.4 rows=100)
        -> Index range scan on sbtest8 using PRIMARY over (1688539 <= id <= 1688638)  (cost=20.4 rows=100)


for: sum_ranges
table 1 : explain SELECT SUM(k) FROM sbtest1 WHERE id BETWEEN 6662965 AND 6663064
	-> Aggregate: sum(sbtest1.k)  (cost=43.5 rows=1)
    -> Filter: (sbtest1.id between 6662965 and 6663064)  (cost=20.4 rows=100)
        -> Index range scan on sbtest1 using PRIMARY over (6662965 <= id <= 6663064)  (cost=20.4 rows=100)


table 2 : explain SELECT SUM(k) FROM sbtest2 WHERE id BETWEEN 7303454 AND 7303553
	-> Aggregate: sum(sbtest2.k)  (cost=43.5 rows=1)
    -> Filter: (sbtest2.id between 7303454 and 7303553)  (cost=20.4 rows=100)
        -> Index range scan on sbtest2 using PRIMARY over (7303454 <= id <= 7303553)  (cost=20.4 rows=100)


table 3 : explain SELECT SUM(k) FROM sbtest3 WHERE id BETWEEN 8893535 AND 8893634
	-> Aggregate: sum(sbtest3.k)  (cost=43.5 rows=1)
    -> Filter: (sbtest3.id between 8893535 and 8893634)  (cost=20.4 rows=100)
        -> Index range scan on sbtest3 using PRIMARY over (8893535 <= id <= 8893634)  (cost=20.4 rows=100)


table 4 : explain SELECT SUM(k) FROM sbtest4 WHERE id BETWEEN 5325894 AND 5325993
	-> Aggregate: sum(sbtest4.k)  (cost=43.5 rows=1)
    -> Filter: (sbtest4.id between 5325894 and 5325993)  (cost=20.4 rows=100)
        -> Index range scan on sbtest4 using PRIMARY over (5325894 <= id <= 5325993)  (cost=20.4 rows=100)


table 5 : explain SELECT SUM(k) FROM sbtest5 WHERE id BETWEEN 8798398 AND 8798497
	-> Aggregate: sum(sbtest5.k)  (cost=43.5 rows=1)
    -> Filter: (sbtest5.id between 8798398 and 8798497)  (cost=20.4 rows=100)
        -> Index range scan on sbtest5 using PRIMARY over (8798398 <= id <= 8798497)  (cost=20.4 rows=100)


table 6 : explain SELECT SUM(k) FROM sbtest6 WHERE id BETWEEN 7949961 AND 7950060
	-> Aggregate: sum(sbtest6.k)  (cost=43.5 rows=1)
    -> Filter: (sbtest6.id between 7949961 and 7950060)  (cost=20.4 rows=100)
        -> Index range scan on sbtest6 using PRIMARY over (7949961 <= id <= 7950060)  (cost=20.4 rows=100)


table 7 : explain SELECT SUM(k) FROM sbtest7 WHERE id BETWEEN 8862201 AND 8862300
	-> Aggregate: sum(sbtest7.k)  (cost=43.5 rows=1)
    -> Filter: (sbtest7.id between 8862201 and 8862300)  (cost=20.4 rows=100)
        -> Index range scan on sbtest7 using PRIMARY over (8862201 <= id <= 8862300)  (cost=20.4 rows=100)


table 8 : explain SELECT SUM(k) FROM sbtest8 WHERE id BETWEEN 7632482 AND 7632581
	-> Aggregate: sum(sbtest8.k)  (cost=43.5 rows=1)
    -> Filter: (sbtest8.id between 7632482 and 7632581)  (cost=20.4 rows=100)
        -> Index range scan on sbtest8 using PRIMARY over (7632482 <= id <= 7632581)  (cost=20.4 rows=100)


for: sum_ranges
table 1 : explain SELECT SUM(k) FROM sbtest1 WHERE id BETWEEN 516120 AND 516219
	-> Aggregate: sum(sbtest1.k)  (cost=43.5 rows=1)
    -> Filter: (sbtest1.id between 516120 and 516219)  (cost=20.4 rows=100)
        -> Index range scan on sbtest1 using PRIMARY over (516120 <= id <= 516219)  (cost=20.4 rows=100)


table 2 : explain SELECT SUM(k) FROM sbtest2 WHERE id BETWEEN 6611925 AND 6612024
	-> Aggregate: sum(sbtest2.k)  (cost=43.5 rows=1)
    -> Filter: (sbtest2.id between 6611925 and 6612024)  (cost=20.4 rows=100)
        -> Index range scan on sbtest2 using PRIMARY over (6611925 <= id <= 6612024)  (cost=20.4 rows=100)


table 3 : explain SELECT SUM(k) FROM sbtest3 WHERE id BETWEEN 1661551 AND 1661650
	-> Aggregate: sum(sbtest3.k)  (cost=43.5 rows=1)
    -> Filter: (sbtest3.id between 1661551 and 1661650)  (cost=20.4 rows=100)
        -> Index range scan on sbtest3 using PRIMARY over (1661551 <= id <= 1661650)  (cost=20.4 rows=100)


table 4 : explain SELECT SUM(k) FROM sbtest4 WHERE id BETWEEN 842523 AND 842622
	-> Aggregate: sum(sbtest4.k)  (cost=43.5 rows=1)
    -> Filter: (sbtest4.id between 842523 and 842622)  (cost=20.4 rows=100)
        -> Index range scan on sbtest4 using PRIMARY over (842523 <= id <= 842622)  (cost=20.4 rows=100)


table 5 : explain SELECT SUM(k) FROM sbtest5 WHERE id BETWEEN 3732845 AND 3732944
	-> Aggregate: sum(sbtest5.k)  (cost=43.5 rows=1)
    -> Filter: (sbtest5.id between 3732845 and 3732944)  (cost=20.4 rows=100)
        -> Index range scan on sbtest5 using PRIMARY over (3732845 <= id <= 3732944)  (cost=20.4 rows=100)


table 6 : explain SELECT SUM(k) FROM sbtest6 WHERE id BETWEEN 4687859 AND 4687958
	-> Aggregate: sum(sbtest6.k)  (cost=43.5 rows=1)
    -> Filter: (sbtest6.id between 4687859 and 4687958)  (cost=20.4 rows=100)
        -> Index range scan on sbtest6 using PRIMARY over (4687859 <= id <= 4687958)  (cost=20.4 rows=100)


table 7 : explain SELECT SUM(k) FROM sbtest7 WHERE id BETWEEN 4988817 AND 4988916
	-> Aggregate: sum(sbtest7.k)  (cost=43.5 rows=1)
    -> Filter: (sbtest7.id between 4988817 and 4988916)  (cost=20.4 rows=100)
        -> Index range scan on sbtest7 using PRIMARY over (4988817 <= id <= 4988916)  (cost=20.4 rows=100)


table 8 : explain SELECT SUM(k) FROM sbtest8 WHERE id BETWEEN 3042151 AND 3042250
	-> Aggregate: sum(sbtest8.k)  (cost=43.5 rows=1)
    -> Filter: (sbtest8.id between 3042151 and 3042250)  (cost=20.4 rows=100)
        -> Index range scan on sbtest8 using PRIMARY over (3042151 <= id <= 3042250)  (cost=20.4 rows=100)


for: order_ranges
table 1 : explain SELECT c FROM sbtest1 WHERE id BETWEEN 7029091 AND 7029190 ORDER BY c
	-> Sort: sbtest1.c  (cost=20.4 rows=100)
    -> Filter: (sbtest1.id between 7029091 and 7029190)  (cost=20.4 rows=100)
        -> Index range scan on sbtest1 using PRIMARY over (7029091 <= id <= 7029190)  (cost=20.4 rows=100)


table 2 : explain SELECT c FROM sbtest2 WHERE id BETWEEN 4125926 AND 4126025 ORDER BY c
	-> Sort: sbtest2.c  (cost=20.4 rows=100)
    -> Filter: (sbtest2.id between 4125926 and 4126025)  (cost=20.4 rows=100)
        -> Index range scan on sbtest2 using PRIMARY over (4125926 <= id <= 4126025)  (cost=20.4 rows=100)


table 3 : explain SELECT c FROM sbtest3 WHERE id BETWEEN 2553560 AND 2553659 ORDER BY c
	-> Sort: sbtest3.c  (cost=20.4 rows=100)
    -> Filter: (sbtest3.id between 2553560 and 2553659)  (cost=20.4 rows=100)
        -> Index range scan on sbtest3 using PRIMARY over (2553560 <= id <= 2553659)  (cost=20.4 rows=100)


table 4 : explain SELECT c FROM sbtest4 WHERE id BETWEEN 3083965 AND 3084064 ORDER BY c
	-> Sort: sbtest4.c  (cost=20.4 rows=100)
    -> Filter: (sbtest4.id between 3083965 and 3084064)  (cost=20.4 rows=100)
        -> Index range scan on sbtest4 using PRIMARY over (3083965 <= id <= 3084064)  (cost=20.4 rows=100)


table 5 : explain SELECT c FROM sbtest5 WHERE id BETWEEN 7465149 AND 7465248 ORDER BY c
	-> Sort: sbtest5.c  (cost=20.4 rows=100)
    -> Filter: (sbtest5.id between 7465149 and 7465248)  (cost=20.4 rows=100)
        -> Index range scan on sbtest5 using PRIMARY over (7465149 <= id <= 7465248)  (cost=20.4 rows=100)


table 6 : explain SELECT c FROM sbtest6 WHERE id BETWEEN 7501453 AND 7501552 ORDER BY c
	-> Sort: sbtest6.c  (cost=20.4 rows=100)
    -> Filter: (sbtest6.id between 7501453 and 7501552)  (cost=20.4 rows=100)
        -> Index range scan on sbtest6 using PRIMARY over (7501453 <= id <= 7501552)  (cost=20.4 rows=100)


table 7 : explain SELECT c FROM sbtest7 WHERE id BETWEEN 8391945 AND 8392044 ORDER BY c
	-> Sort: sbtest7.c  (cost=20.4 rows=100)
    -> Filter: (sbtest7.id between 8391945 and 8392044)  (cost=20.4 rows=100)
        -> Index range scan on sbtest7 using PRIMARY over (8391945 <= id <= 8392044)  (cost=20.4 rows=100)


table 8 : explain SELECT c FROM sbtest8 WHERE id BETWEEN 2332088 AND 2332187 ORDER BY c
	-> Sort: sbtest8.c  (cost=20.4 rows=100)
    -> Filter: (sbtest8.id between 2332088 and 2332187)  (cost=20.4 rows=100)
        -> Index range scan on sbtest8 using PRIMARY over (2332088 <= id <= 2332187)  (cost=20.4 rows=100)


for: distinct_ranges
table 1 : explain SELECT DISTINCT c FROM sbtest1 WHERE id BETWEEN 617365 AND 617464 ORDER BY c
	-> Sort: sbtest1.c
    -> Table scan on <temporary>  (cost=43.5..47.2 rows=100)
        -> Temporary table with deduplication  (cost=43.5..43.5 rows=100)
            -> Filter: (sbtest1.id between 617365 and 617464)  (cost=20.4 rows=100)
                -> Index range scan on sbtest1 using PRIMARY over (617365 <= id <= 617464)  (cost=20.4 rows=100)


table 2 : explain SELECT DISTINCT c FROM sbtest2 WHERE id BETWEEN 806306 AND 806405 ORDER BY c
	-> Sort: sbtest2.c
    -> Table scan on <temporary>  (cost=43.5..47.2 rows=100)
        -> Temporary table with deduplication  (cost=43.5..43.5 rows=100)
            -> Filter: (sbtest2.id between 806306 and 806405)  (cost=20.4 rows=100)
                -> Index range scan on sbtest2 using PRIMARY over (806306 <= id <= 806405)  (cost=20.4 rows=100)


table 3 : explain SELECT DISTINCT c FROM sbtest3 WHERE id BETWEEN 4463925 AND 4464024 ORDER BY c
	-> Sort: sbtest3.c
    -> Table scan on <temporary>  (cost=43.5..47.2 rows=100)
        -> Temporary table with deduplication  (cost=43.5..43.5 rows=100)
            -> Filter: (sbtest3.id between 4463925 and 4464024)  (cost=20.4 rows=100)
                -> Index range scan on sbtest3 using PRIMARY over (4463925 <= id <= 4464024)  (cost=20.4 rows=100)


table 4 : explain SELECT DISTINCT c FROM sbtest4 WHERE id BETWEEN 8230845 AND 8230944 ORDER BY c
	-> Sort: sbtest4.c
    -> Table scan on <temporary>  (cost=43.5..47.2 rows=100)
        -> Temporary table with deduplication  (cost=43.5..43.5 rows=100)
            -> Filter: (sbtest4.id between 8230845 and 8230944)  (cost=20.4 rows=100)
                -> Index range scan on sbtest4 using PRIMARY over (8230845 <= id <= 8230944)  (cost=20.4 rows=100)


table 5 : explain SELECT DISTINCT c FROM sbtest5 WHERE id BETWEEN 7524233 AND 7524332 ORDER BY c
	-> Sort: sbtest5.c
    -> Table scan on <temporary>  (cost=43.5..47.2 rows=100)
        -> Temporary table with deduplication  (cost=43.5..43.5 rows=100)
            -> Filter: (sbtest5.id between 7524233 and 7524332)  (cost=20.4 rows=100)
                -> Index range scan on sbtest5 using PRIMARY over (7524233 <= id <= 7524332)  (cost=20.4 rows=100)


table 6 : explain SELECT DISTINCT c FROM sbtest6 WHERE id BETWEEN 2765892 AND 2765991 ORDER BY c
	-> Sort: sbtest6.c
    -> Table scan on <temporary>  (cost=43.5..47.2 rows=100)
        -> Temporary table with deduplication  (cost=43.5..43.5 rows=100)
            -> Filter: (sbtest6.id between 2765892 and 2765991)  (cost=20.4 rows=100)
                -> Index range scan on sbtest6 using PRIMARY over (2765892 <= id <= 2765991)  (cost=20.4 rows=100)


table 7 : explain SELECT DISTINCT c FROM sbtest7 WHERE id BETWEEN 8391697 AND 8391796 ORDER BY c
	-> Sort: sbtest7.c
    -> Table scan on <temporary>  (cost=43.5..47.2 rows=100)
        -> Temporary table with deduplication  (cost=43.5..43.5 rows=100)
            -> Filter: (sbtest7.id between 8391697 and 8391796)  (cost=20.4 rows=100)
                -> Index range scan on sbtest7 using PRIMARY over (8391697 <= id <= 8391796)  (cost=20.4 rows=100)


table 8 : explain SELECT DISTINCT c FROM sbtest8 WHERE id BETWEEN 5326819 AND 5326918 ORDER BY c
	-> Sort: sbtest8.c
    -> Table scan on <temporary>  (cost=43.5..47.2 rows=100)
        -> Temporary table with deduplication  (cost=43.5..43.5 rows=100)
            -> Filter: (sbtest8.id between 5326819 and 5326918)  (cost=20.4 rows=100)
                -> Index range scan on sbtest8 using PRIMARY over (5326819 <= id <= 5326918)  (cost=20.4 rows=100)


for: order_ranges
table 1 : explain SELECT c FROM sbtest1 WHERE id BETWEEN 4386109 AND 4386208 ORDER BY c
	-> Sort: sbtest1.c  (cost=20.4 rows=100)
    -> Filter: (sbtest1.id between 4386109 and 4386208)  (cost=20.4 rows=100)
        -> Index range scan on sbtest1 using PRIMARY over (4386109 <= id <= 4386208)  (cost=20.4 rows=100)


table 2 : explain SELECT c FROM sbtest2 WHERE id BETWEEN 2337637 AND 2337736 ORDER BY c
	-> Sort: sbtest2.c  (cost=20.4 rows=100)
    -> Filter: (sbtest2.id between 2337637 and 2337736)  (cost=20.4 rows=100)
        -> Index range scan on sbtest2 using PRIMARY over (2337637 <= id <= 2337736)  (cost=20.4 rows=100)


table 3 : explain SELECT c FROM sbtest3 WHERE id BETWEEN 284354 AND 284453 ORDER BY c
	-> Sort: sbtest3.c  (cost=20.4 rows=100)
    -> Filter: (sbtest3.id between 284354 and 284453)  (cost=20.4 rows=100)
        -> Index range scan on sbtest3 using PRIMARY over (284354 <= id <= 284453)  (cost=20.4 rows=100)


table 4 : explain SELECT c FROM sbtest4 WHERE id BETWEEN 6558155 AND 6558254 ORDER BY c
	-> Sort: sbtest4.c  (cost=20.4 rows=100)
    -> Filter: (sbtest4.id between 6558155 and 6558254)  (cost=20.4 rows=100)
        -> Index range scan on sbtest4 using PRIMARY over (6558155 <= id <= 6558254)  (cost=20.4 rows=100)


table 5 : explain SELECT c FROM sbtest5 WHERE id BETWEEN 4360300 AND 4360399 ORDER BY c
	-> Sort: sbtest5.c  (cost=20.4 rows=100)
    -> Filter: (sbtest5.id between 4360300 and 4360399)  (cost=20.4 rows=100)
        -> Index range scan on sbtest5 using PRIMARY over (4360300 <= id <= 4360399)  (cost=20.4 rows=100)


table 6 : explain SELECT c FROM sbtest6 WHERE id BETWEEN 7045417 AND 7045516 ORDER BY c
	-> Sort: sbtest6.c  (cost=20.4 rows=100)
    -> Filter: (sbtest6.id between 7045417 and 7045516)  (cost=20.4 rows=100)
        -> Index range scan on sbtest6 using PRIMARY over (7045417 <= id <= 7045516)  (cost=20.4 rows=100)


table 7 : explain SELECT c FROM sbtest7 WHERE id BETWEEN 9504163 AND 9504262 ORDER BY c
	-> Sort: sbtest7.c  (cost=20.4 rows=100)
    -> Filter: (sbtest7.id between 9504163 and 9504262)  (cost=20.4 rows=100)
        -> Index range scan on sbtest7 using PRIMARY over (9504163 <= id <= 9504262)  (cost=20.4 rows=100)


table 8 : explain SELECT c FROM sbtest8 WHERE id BETWEEN 7765900 AND 7765999 ORDER BY c
	-> Sort: sbtest8.c  (cost=20.4 rows=100)
    -> Filter: (sbtest8.id between 7765900 and 7765999)  (cost=20.4 rows=100)
        -> Index range scan on sbtest8 using PRIMARY over (7765900 <= id <= 7765999)  (cost=20.4 rows=100)


for: order_ranges
table 1 : explain SELECT c FROM sbtest1 WHERE id BETWEEN 3185047 AND 3185146 ORDER BY c
	-> Sort: sbtest1.c  (cost=20.4 rows=100)
    -> Filter: (sbtest1.id between 3185047 and 3185146)  (cost=20.4 rows=100)
        -> Index range scan on sbtest1 using PRIMARY over (3185047 <= id <= 3185146)  (cost=20.4 rows=100)


table 2 : explain SELECT c FROM sbtest2 WHERE id BETWEEN 7716041 AND 7716140 ORDER BY c
	-> Sort: sbtest2.c  (cost=20.4 rows=100)
    -> Filter: (sbtest2.id between 7716041 and 7716140)  (cost=20.4 rows=100)
        -> Index range scan on sbtest2 using PRIMARY over (7716041 <= id <= 7716140)  (cost=20.4 rows=100)


table 3 : explain SELECT c FROM sbtest3 WHERE id BETWEEN 1562016 AND 1562115 ORDER BY c
	-> Sort: sbtest3.c  (cost=20.4 rows=100)
    -> Filter: (sbtest3.id between 1562016 and 1562115)  (cost=20.4 rows=100)
        -> Index range scan on sbtest3 using PRIMARY over (1562016 <= id <= 1562115)  (cost=20.4 rows=100)


table 4 : explain SELECT c FROM sbtest4 WHERE id BETWEEN 1328021 AND 1328120 ORDER BY c
	-> Sort: sbtest4.c  (cost=20.4 rows=100)
    -> Filter: (sbtest4.id between 1328021 and 1328120)  (cost=20.4 rows=100)
        -> Index range scan on sbtest4 using PRIMARY over (1328021 <= id <= 1328120)  (cost=20.4 rows=100)


table 5 : explain SELECT c FROM sbtest5 WHERE id BETWEEN 8630099 AND 8630198 ORDER BY c
	-> Sort: sbtest5.c  (cost=20.4 rows=100)
    -> Filter: (sbtest5.id between 8630099 and 8630198)  (cost=20.4 rows=100)
        -> Index range scan on sbtest5 using PRIMARY over (8630099 <= id <= 8630198)  (cost=20.4 rows=100)


table 6 : explain SELECT c FROM sbtest6 WHERE id BETWEEN 7810895 AND 7810994 ORDER BY c
	-> Sort: sbtest6.c  (cost=20.4 rows=100)
    -> Filter: (sbtest6.id between 7810895 and 7810994)  (cost=20.4 rows=100)
        -> Index range scan on sbtest6 using PRIMARY over (7810895 <= id <= 7810994)  (cost=20.4 rows=100)


table 7 : explain SELECT c FROM sbtest7 WHERE id BETWEEN 4977014 AND 4977113 ORDER BY c
	-> Sort: sbtest7.c  (cost=20.4 rows=100)
    -> Filter: (sbtest7.id between 4977014 and 4977113)  (cost=20.4 rows=100)
        -> Index range scan on sbtest7 using PRIMARY over (4977014 <= id <= 4977113)  (cost=20.4 rows=100)


table 8 : explain SELECT c FROM sbtest8 WHERE id BETWEEN 6616388 AND 6616487 ORDER BY c
	-> Sort: sbtest8.c  (cost=20.4 rows=100)
    -> Filter: (sbtest8.id between 6616388 and 6616487)  (cost=20.4 rows=100)
        -> Index range scan on sbtest8 using PRIMARY over (6616388 <= id <= 6616487)  (cost=20.4 rows=100)


for: distinct_ranges
table 1 : explain SELECT DISTINCT c FROM sbtest1 WHERE id BETWEEN 418301 AND 418400 ORDER BY c
	-> Sort: sbtest1.c
    -> Table scan on <temporary>  (cost=43.5..47.2 rows=100)
        -> Temporary table with deduplication  (cost=43.5..43.5 rows=100)
            -> Filter: (sbtest1.id between 418301 and 418400)  (cost=20.4 rows=100)
                -> Index range scan on sbtest1 using PRIMARY over (418301 <= id <= 418400)  (cost=20.4 rows=100)


table 2 : explain SELECT DISTINCT c FROM sbtest2 WHERE id BETWEEN 2816865 AND 2816964 ORDER BY c
	-> Sort: sbtest2.c
    -> Table scan on <temporary>  (cost=43.5..47.2 rows=100)
        -> Temporary table with deduplication  (cost=43.5..43.5 rows=100)
            -> Filter: (sbtest2.id between 2816865 and 2816964)  (cost=20.4 rows=100)
                -> Index range scan on sbtest2 using PRIMARY over (2816865 <= id <= 2816964)  (cost=20.4 rows=100)


table 3 : explain SELECT DISTINCT c FROM sbtest3 WHERE id BETWEEN 2633985 AND 2634084 ORDER BY c
	-> Sort: sbtest3.c
    -> Table scan on <temporary>  (cost=43.5..47.2 rows=100)
        -> Temporary table with deduplication  (cost=43.5..43.5 rows=100)
            -> Filter: (sbtest3.id between 2633985 and 2634084)  (cost=20.4 rows=100)
                -> Index range scan on sbtest3 using PRIMARY over (2633985 <= id <= 2634084)  (cost=20.4 rows=100)


table 4 : explain SELECT DISTINCT c FROM sbtest4 WHERE id BETWEEN 3888108 AND 3888207 ORDER BY c
	-> Sort: sbtest4.c
    -> Table scan on <temporary>  (cost=43.5..47.2 rows=100)
        -> Temporary table with deduplication  (cost=43.5..43.5 rows=100)
            -> Filter: (sbtest4.id between 3888108 and 3888207)  (cost=20.4 rows=100)
                -> Index range scan on sbtest4 using PRIMARY over (3888108 <= id <= 3888207)  (cost=20.4 rows=100)


table 5 : explain SELECT DISTINCT c FROM sbtest5 WHERE id BETWEEN 4503039 AND 4503138 ORDER BY c
	-> Sort: sbtest5.c
    -> Table scan on <temporary>  (cost=43.5..47.2 rows=100)
        -> Temporary table with deduplication  (cost=43.5..43.5 rows=100)
            -> Filter: (sbtest5.id between 4503039 and 4503138)  (cost=20.4 rows=100)
                -> Index range scan on sbtest5 using PRIMARY over (4503039 <= id <= 4503138)  (cost=20.4 rows=100)


table 6 : explain SELECT DISTINCT c FROM sbtest6 WHERE id BETWEEN 539725 AND 539824 ORDER BY c
	-> Sort: sbtest6.c
    -> Table scan on <temporary>  (cost=43.5..47.2 rows=100)
        -> Temporary table with deduplication  (cost=43.5..43.5 rows=100)
            -> Filter: (sbtest6.id between 539725 and 539824)  (cost=20.4 rows=100)
                -> Index range scan on sbtest6 using PRIMARY over (539725 <= id <= 539824)  (cost=20.4 rows=100)


table 7 : explain SELECT DISTINCT c FROM sbtest7 WHERE id BETWEEN 8451555 AND 8451654 ORDER BY c
	-> Sort: sbtest7.c
    -> Table scan on <temporary>  (cost=43.5..47.2 rows=100)
        -> Temporary table with deduplication  (cost=43.5..43.5 rows=100)
            -> Filter: (sbtest7.id between 8451555 and 8451654)  (cost=20.4 rows=100)
                -> Index range scan on sbtest7 using PRIMARY over (8451555 <= id <= 8451654)  (cost=20.4 rows=100)


table 8 : explain SELECT DISTINCT c FROM sbtest8 WHERE id BETWEEN 1938253 AND 1938352 ORDER BY c
	-> Sort: sbtest8.c
    -> Table scan on <temporary>  (cost=43.5..47.2 rows=100)
        -> Temporary table with deduplication  (cost=43.5..43.5 rows=100)
            -> Filter: (sbtest8.id between 1938253 and 1938352)  (cost=20.4 rows=100)
                -> Index range scan on sbtest8 using PRIMARY over (1938253 <= id <= 1938352)  (cost=20.4 rows=100)


for: sum_ranges
table 1 : explain SELECT SUM(k) FROM sbtest1 WHERE id BETWEEN 8764690 AND 8764789
	-> Aggregate: sum(sbtest1.k)  (cost=43.5 rows=1)
    -> Filter: (sbtest1.id between 8764690 and 8764789)  (cost=20.4 rows=100)
        -> Index range scan on sbtest1 using PRIMARY over (8764690 <= id <= 8764789)  (cost=20.4 rows=100)


table 2 : explain SELECT SUM(k) FROM sbtest2 WHERE id BETWEEN 6321925 AND 6322024
	-> Aggregate: sum(sbtest2.k)  (cost=43.5 rows=1)
    -> Filter: (sbtest2.id between 6321925 and 6322024)  (cost=20.4 rows=100)
        -> Index range scan on sbtest2 using PRIMARY over (6321925 <= id <= 6322024)  (cost=20.4 rows=100)


table 3 : explain SELECT SUM(k) FROM sbtest3 WHERE id BETWEEN 6266241 AND 6266340
	-> Aggregate: sum(sbtest3.k)  (cost=43.5 rows=1)
    -> Filter: (sbtest3.id between 6266241 and 6266340)  (cost=20.4 rows=100)
        -> Index range scan on sbtest3 using PRIMARY over (6266241 <= id <= 6266340)  (cost=20.4 rows=100)


table 4 : explain SELECT SUM(k) FROM sbtest4 WHERE id BETWEEN 4657630 AND 4657729
	-> Aggregate: sum(sbtest4.k)  (cost=43.5 rows=1)
    -> Filter: (sbtest4.id between 4657630 and 4657729)  (cost=20.4 rows=100)
        -> Index range scan on sbtest4 using PRIMARY over (4657630 <= id <= 4657729)  (cost=20.4 rows=100)


table 5 : explain SELECT SUM(k) FROM sbtest5 WHERE id BETWEEN 3763686 AND 3763785
	-> Aggregate: sum(sbtest5.k)  (cost=43.5 rows=1)
    -> Filter: (sbtest5.id between 3763686 and 3763785)  (cost=20.4 rows=100)
        -> Index range scan on sbtest5 using PRIMARY over (3763686 <= id <= 3763785)  (cost=20.4 rows=100)


table 6 : explain SELECT SUM(k) FROM sbtest6 WHERE id BETWEEN 6591095 AND 6591194
	-> Aggregate: sum(sbtest6.k)  (cost=43.5 rows=1)
    -> Filter: (sbtest6.id between 6591095 and 6591194)  (cost=20.4 rows=100)
        -> Index range scan on sbtest6 using PRIMARY over (6591095 <= id <= 6591194)  (cost=20.4 rows=100)


table 7 : explain SELECT SUM(k) FROM sbtest7 WHERE id BETWEEN 4234190 AND 4234289
	-> Aggregate: sum(sbtest7.k)  (cost=43.5 rows=1)
    -> Filter: (sbtest7.id between 4234190 and 4234289)  (cost=20.4 rows=100)
        -> Index range scan on sbtest7 using PRIMARY over (4234190 <= id <= 4234289)  (cost=20.4 rows=100)


table 8 : explain SELECT SUM(k) FROM sbtest8 WHERE id BETWEEN 15338 AND 15437
	-> Aggregate: sum(sbtest8.k)  (cost=43.5 rows=1)
    -> Filter: (sbtest8.id between 15338 and 15437)  (cost=20.4 rows=100)
        -> Index range scan on sbtest8 using PRIMARY over (15338 <= id <= 15437)  (cost=20.4 rows=100)


for: order_ranges
table 1 : explain SELECT c FROM sbtest1 WHERE id BETWEEN 9705712 AND 9705811 ORDER BY c
	-> Sort: sbtest1.c  (cost=20.4 rows=100)
    -> Filter: (sbtest1.id between 9705712 and 9705811)  (cost=20.4 rows=100)
        -> Index range scan on sbtest1 using PRIMARY over (9705712 <= id <= 9705811)  (cost=20.4 rows=100)


table 2 : explain SELECT c FROM sbtest2 WHERE id BETWEEN 4052026 AND 4052125 ORDER BY c
	-> Sort: sbtest2.c  (cost=20.4 rows=100)
    -> Filter: (sbtest2.id between 4052026 and 4052125)  (cost=20.4 rows=100)
        -> Index range scan on sbtest2 using PRIMARY over (4052026 <= id <= 4052125)  (cost=20.4 rows=100)


table 3 : explain SELECT c FROM sbtest3 WHERE id BETWEEN 1199438 AND 1199537 ORDER BY c
	-> Sort: sbtest3.c  (cost=20.4 rows=100)
    -> Filter: (sbtest3.id between 1199438 and 1199537)  (cost=20.4 rows=100)
        -> Index range scan on sbtest3 using PRIMARY over (1199438 <= id <= 1199537)  (cost=20.4 rows=100)


table 4 : explain SELECT c FROM sbtest4 WHERE id BETWEEN 4234768 AND 4234867 ORDER BY c
	-> Sort: sbtest4.c  (cost=20.4 rows=100)
    -> Filter: (sbtest4.id between 4234768 and 4234867)  (cost=20.4 rows=100)
        -> Index range scan on sbtest4 using PRIMARY over (4234768 <= id <= 4234867)  (cost=20.4 rows=100)


table 5 : explain SELECT c FROM sbtest5 WHERE id BETWEEN 5273204 AND 5273303 ORDER BY c
	-> Sort: sbtest5.c  (cost=20.4 rows=100)
    -> Filter: (sbtest5.id between 5273204 and 5273303)  (cost=20.4 rows=100)
        -> Index range scan on sbtest5 using PRIMARY over (5273204 <= id <= 5273303)  (cost=20.4 rows=100)


table 6 : explain SELECT c FROM sbtest6 WHERE id BETWEEN 8222068 AND 8222167 ORDER BY c
	-> Sort: sbtest6.c  (cost=20.4 rows=100)
    -> Filter: (sbtest6.id between 8222068 and 8222167)  (cost=20.4 rows=100)
        -> Index range scan on sbtest6 using PRIMARY over (8222068 <= id <= 8222167)  (cost=20.4 rows=100)


table 7 : explain SELECT c FROM sbtest7 WHERE id BETWEEN 2151867 AND 2151966 ORDER BY c
	-> Sort: sbtest7.c  (cost=20.4 rows=100)
    -> Filter: (sbtest7.id between 2151867 and 2151966)  (cost=20.4 rows=100)
        -> Index range scan on sbtest7 using PRIMARY over (2151867 <= id <= 2151966)  (cost=20.4 rows=100)


table 8 : explain SELECT c FROM sbtest8 WHERE id BETWEEN 2137504 AND 2137603 ORDER BY c
	-> Sort: sbtest8.c  (cost=20.4 rows=100)
    -> Filter: (sbtest8.id between 2137504 and 2137603)  (cost=20.4 rows=100)
        -> Index range scan on sbtest8 using PRIMARY over (2137504 <= id <= 2137603)  (cost=20.4 rows=100)


for: distinct_ranges
table 1 : explain SELECT DISTINCT c FROM sbtest1 WHERE id BETWEEN 9192868 AND 9192967 ORDER BY c
	-> Sort: sbtest1.c
    -> Table scan on <temporary>  (cost=43.5..47.2 rows=100)
        -> Temporary table with deduplication  (cost=43.5..43.5 rows=100)
            -> Filter: (sbtest1.id between 9192868 and 9192967)  (cost=20.4 rows=100)
                -> Index range scan on sbtest1 using PRIMARY over (9192868 <= id <= 9192967)  (cost=20.4 rows=100)


table 2 : explain SELECT DISTINCT c FROM sbtest2 WHERE id BETWEEN 6318106 AND 6318205 ORDER BY c
	-> Sort: sbtest2.c
    -> Table scan on <temporary>  (cost=43.5..47.2 rows=100)
        -> Temporary table with deduplication  (cost=43.5..43.5 rows=100)
            -> Filter: (sbtest2.id between 6318106 and 6318205)  (cost=20.4 rows=100)
                -> Index range scan on sbtest2 using PRIMARY over (6318106 <= id <= 6318205)  (cost=20.4 rows=100)


table 3 : explain SELECT DISTINCT c FROM sbtest3 WHERE id BETWEEN 6744781 AND 6744880 ORDER BY c
	-> Sort: sbtest3.c
    -> Table scan on <temporary>  (cost=43.5..47.2 rows=100)
        -> Temporary table with deduplication  (cost=43.5..43.5 rows=100)
            -> Filter: (sbtest3.id between 6744781 and 6744880)  (cost=20.4 rows=100)
                -> Index range scan on sbtest3 using PRIMARY over (6744781 <= id <= 6744880)  (cost=20.4 rows=100)


table 4 : explain SELECT DISTINCT c FROM sbtest4 WHERE id BETWEEN 9386928 AND 9387027 ORDER BY c
	-> Sort: sbtest4.c
    -> Table scan on <temporary>  (cost=43.5..47.2 rows=100)
        -> Temporary table with deduplication  (cost=43.5..43.5 rows=100)
            -> Filter: (sbtest4.id between 9386928 and 9387027)  (cost=20.4 rows=100)
                -> Index range scan on sbtest4 using PRIMARY over (9386928 <= id <= 9387027)  (cost=20.4 rows=100)


table 5 : explain SELECT DISTINCT c FROM sbtest5 WHERE id BETWEEN 9830961 AND 9831060 ORDER BY c
	-> Sort: sbtest5.c
    -> Table scan on <temporary>  (cost=43.5..47.2 rows=100)
        -> Temporary table with deduplication  (cost=43.5..43.5 rows=100)
            -> Filter: (sbtest5.id between 9830961 and 9831060)  (cost=20.4 rows=100)
                -> Index range scan on sbtest5 using PRIMARY over (9830961 <= id <= 9831060)  (cost=20.4 rows=100)


table 6 : explain SELECT DISTINCT c FROM sbtest6 WHERE id BETWEEN 9158699 AND 9158798 ORDER BY c
	-> Sort: sbtest6.c
    -> Table scan on <temporary>  (cost=43.5..47.2 rows=100)
        -> Temporary table with deduplication  (cost=43.5..43.5 rows=100)
            -> Filter: (sbtest6.id between 9158699 and 9158798)  (cost=20.4 rows=100)
                -> Index range scan on sbtest6 using PRIMARY over (9158699 <= id <= 9158798)  (cost=20.4 rows=100)


table 7 : explain SELECT DISTINCT c FROM sbtest7 WHERE id BETWEEN 2601765 AND 2601864 ORDER BY c
	-> Sort: sbtest7.c
    -> Table scan on <temporary>  (cost=43.5..47.2 rows=100)
        -> Temporary table with deduplication  (cost=43.5..43.5 rows=100)
            -> Filter: (sbtest7.id between 2601765 and 2601864)  (cost=20.4 rows=100)
                -> Index range scan on sbtest7 using PRIMARY over (2601765 <= id <= 2601864)  (cost=20.4 rows=100)


table 8 : explain SELECT DISTINCT c FROM sbtest8 WHERE id BETWEEN 2641844 AND 2641943 ORDER BY c
	-> Sort: sbtest8.c
    -> Table scan on <temporary>  (cost=43.5..47.2 rows=100)
        -> Temporary table with deduplication  (cost=43.5..43.5 rows=100)
            -> Filter: (sbtest8.id between 2641844 and 2641943)  (cost=20.4 rows=100)
                -> Index range scan on sbtest8 using PRIMARY over (2641844 <= id <= 2641943)  (cost=20.4 rows=100)


for: order_ranges
table 1 : explain SELECT c FROM sbtest1 WHERE id BETWEEN 828054 AND 828153 ORDER BY c
	-> Sort: sbtest1.c  (cost=20.4 rows=100)
    -> Filter: (sbtest1.id between 828054 and 828153)  (cost=20.4 rows=100)
        -> Index range scan on sbtest1 using PRIMARY over (828054 <= id <= 828153)  (cost=20.4 rows=100)


table 2 : explain SELECT c FROM sbtest2 WHERE id BETWEEN 7733482 AND 7733581 ORDER BY c
	-> Sort: sbtest2.c  (cost=20.4 rows=100)
    -> Filter: (sbtest2.id between 7733482 and 7733581)  (cost=20.4 rows=100)
        -> Index range scan on sbtest2 using PRIMARY over (7733482 <= id <= 7733581)  (cost=20.4 rows=100)


table 3 : explain SELECT c FROM sbtest3 WHERE id BETWEEN 1690185 AND 1690284 ORDER BY c
	-> Sort: sbtest3.c  (cost=20.4 rows=100)
    -> Filter: (sbtest3.id between 1690185 and 1690284)  (cost=20.4 rows=100)
        -> Index range scan on sbtest3 using PRIMARY over (1690185 <= id <= 1690284)  (cost=20.4 rows=100)


table 4 : explain SELECT c FROM sbtest4 WHERE id BETWEEN 6813836 AND 6813935 ORDER BY c
	-> Sort: sbtest4.c  (cost=20.4 rows=100)
    -> Filter: (sbtest4.id between 6813836 and 6813935)  (cost=20.4 rows=100)
        -> Index range scan on sbtest4 using PRIMARY over (6813836 <= id <= 6813935)  (cost=20.4 rows=100)


table 5 : explain SELECT c FROM sbtest5 WHERE id BETWEEN 1636987 AND 1637086 ORDER BY c
	-> Sort: sbtest5.c  (cost=20.4 rows=100)
    -> Filter: (sbtest5.id between 1636987 and 1637086)  (cost=20.4 rows=100)
        -> Index range scan on sbtest5 using PRIMARY over (1636987 <= id <= 1637086)  (cost=20.4 rows=100)


table 6 : explain SELECT c FROM sbtest6 WHERE id BETWEEN 6313351 AND 6313450 ORDER BY c
	-> Sort: sbtest6.c  (cost=20.4 rows=100)
    -> Filter: (sbtest6.id between 6313351 and 6313450)  (cost=20.4 rows=100)
        -> Index range scan on sbtest6 using PRIMARY over (6313351 <= id <= 6313450)  (cost=20.4 rows=100)


table 7 : explain SELECT c FROM sbtest7 WHERE id BETWEEN 2061794 AND 2061893 ORDER BY c
	-> Sort: sbtest7.c  (cost=20.4 rows=100)
    -> Filter: (sbtest7.id between 2061794 and 2061893)  (cost=20.4 rows=100)
        -> Index range scan on sbtest7 using PRIMARY over (2061794 <= id <= 2061893)  (cost=20.4 rows=100)


table 8 : explain SELECT c FROM sbtest8 WHERE id BETWEEN 3841297 AND 3841396 ORDER BY c
	-> Sort: sbtest8.c  (cost=20.4 rows=100)
    -> Filter: (sbtest8.id between 3841297 and 3841396)  (cost=20.4 rows=100)
        -> Index range scan on sbtest8 using PRIMARY over (3841297 <= id <= 3841396)  (cost=20.4 rows=100)


for: order_ranges
table 1 : explain SELECT c FROM sbtest1 WHERE id BETWEEN 3718423 AND 3718522 ORDER BY c
	-> Sort: sbtest1.c  (cost=20.4 rows=100)
    -> Filter: (sbtest1.id between 3718423 and 3718522)  (cost=20.4 rows=100)
        -> Index range scan on sbtest1 using PRIMARY over (3718423 <= id <= 3718522)  (cost=20.4 rows=100)


table 2 : explain SELECT c FROM sbtest2 WHERE id BETWEEN 9468762 AND 9468861 ORDER BY c
	-> Sort: sbtest2.c  (cost=20.4 rows=100)
    -> Filter: (sbtest2.id between 9468762 and 9468861)  (cost=20.4 rows=100)
        -> Index range scan on sbtest2 using PRIMARY over (9468762 <= id <= 9468861)  (cost=20.4 rows=100)


table 3 : explain SELECT c FROM sbtest3 WHERE id BETWEEN 373670 AND 373769 ORDER BY c
	-> Sort: sbtest3.c  (cost=20.4 rows=100)
    -> Filter: (sbtest3.id between 373670 and 373769)  (cost=20.4 rows=100)
        -> Index range scan on sbtest3 using PRIMARY over (373670 <= id <= 373769)  (cost=20.4 rows=100)


table 4 : explain SELECT c FROM sbtest4 WHERE id BETWEEN 9250364 AND 9250463 ORDER BY c
	-> Sort: sbtest4.c  (cost=20.4 rows=100)
    -> Filter: (sbtest4.id between 9250364 and 9250463)  (cost=20.4 rows=100)
        -> Index range scan on sbtest4 using PRIMARY over (9250364 <= id <= 9250463)  (cost=20.4 rows=100)


table 5 : explain SELECT c FROM sbtest5 WHERE id BETWEEN 4385962 AND 4386061 ORDER BY c
	-> Sort: sbtest5.c  (cost=20.4 rows=100)
    -> Filter: (sbtest5.id between 4385962 and 4386061)  (cost=20.4 rows=100)
        -> Index range scan on sbtest5 using PRIMARY over (4385962 <= id <= 4386061)  (cost=20.4 rows=100)


table 6 : explain SELECT c FROM sbtest6 WHERE id BETWEEN 8210633 AND 8210732 ORDER BY c
	-> Sort: sbtest6.c  (cost=20.4 rows=100)
    -> Filter: (sbtest6.id between 8210633 and 8210732)  (cost=20.4 rows=100)
        -> Index range scan on sbtest6 using PRIMARY over (8210633 <= id <= 8210732)  (cost=20.4 rows=100)


table 7 : explain SELECT c FROM sbtest7 WHERE id BETWEEN 1735273 AND 1735372 ORDER BY c
	-> Sort: sbtest7.c  (cost=20.4 rows=100)
    -> Filter: (sbtest7.id between 1735273 and 1735372)  (cost=20.4 rows=100)
        -> Index range scan on sbtest7 using PRIMARY over (1735273 <= id <= 1735372)  (cost=20.4 rows=100)


table 8 : explain SELECT c FROM sbtest8 WHERE id BETWEEN 3660331 AND 3660430 ORDER BY c
	-> Sort: sbtest8.c  (cost=20.4 rows=100)
    -> Filter: (sbtest8.id between 3660331 and 3660430)  (cost=20.4 rows=100)
        -> Index range scan on sbtest8 using PRIMARY over (3660331 <= id <= 3660430)  (cost=20.4 rows=100)


for: order_ranges
table 1 : explain SELECT c FROM sbtest1 WHERE id BETWEEN 8903099 AND 8903198 ORDER BY c
	-> Sort: sbtest1.c  (cost=20.4 rows=100)
    -> Filter: (sbtest1.id between 8903099 and 8903198)  (cost=20.4 rows=100)
        -> Index range scan on sbtest1 using PRIMARY over (8903099 <= id <= 8903198)  (cost=20.4 rows=100)


table 2 : explain SELECT c FROM sbtest2 WHERE id BETWEEN 210073 AND 210172 ORDER BY c
	-> Sort: sbtest2.c  (cost=20.4 rows=100)
    -> Filter: (sbtest2.id between 210073 and 210172)  (cost=20.4 rows=100)
        -> Index range scan on sbtest2 using PRIMARY over (210073 <= id <= 210172)  (cost=20.4 rows=100)


table 3 : explain SELECT c FROM sbtest3 WHERE id BETWEEN 985286 AND 985385 ORDER BY c
	-> Sort: sbtest3.c  (cost=20.4 rows=100)
    -> Filter: (sbtest3.id between 985286 and 985385)  (cost=20.4 rows=100)
        -> Index range scan on sbtest3 using PRIMARY over (985286 <= id <= 985385)  (cost=20.4 rows=100)


table 4 : explain SELECT c FROM sbtest4 WHERE id BETWEEN 7317815 AND 7317914 ORDER BY c
	-> Sort: sbtest4.c  (cost=20.4 rows=100)
    -> Filter: (sbtest4.id between 7317815 and 7317914)  (cost=20.4 rows=100)
        -> Index range scan on sbtest4 using PRIMARY over (7317815 <= id <= 7317914)  (cost=20.4 rows=100)


table 5 : explain SELECT c FROM sbtest5 WHERE id BETWEEN 8328437 AND 8328536 ORDER BY c
	-> Sort: sbtest5.c  (cost=20.4 rows=100)
    -> Filter: (sbtest5.id between 8328437 and 8328536)  (cost=20.4 rows=100)
        -> Index range scan on sbtest5 using PRIMARY over (8328437 <= id <= 8328536)  (cost=20.4 rows=100)


table 6 : explain SELECT c FROM sbtest6 WHERE id BETWEEN 9869583 AND 9869682 ORDER BY c
	-> Sort: sbtest6.c  (cost=20.4 rows=100)
    -> Filter: (sbtest6.id between 9869583 and 9869682)  (cost=20.4 rows=100)
        -> Index range scan on sbtest6 using PRIMARY over (9869583 <= id <= 9869682)  (cost=20.4 rows=100)


table 7 : explain SELECT c FROM sbtest7 WHERE id BETWEEN 1655063 AND 1655162 ORDER BY c
	-> Sort: sbtest7.c  (cost=20.4 rows=100)
    -> Filter: (sbtest7.id between 1655063 and 1655162)  (cost=20.4 rows=100)
        -> Index range scan on sbtest7 using PRIMARY over (1655063 <= id <= 1655162)  (cost=20.4 rows=100)


table 8 : explain SELECT c FROM sbtest8 WHERE id BETWEEN 2467898 AND 2467997 ORDER BY c
	-> Sort: sbtest8.c  (cost=20.4 rows=100)
    -> Filter: (sbtest8.id between 2467898 and 2467997)  (cost=20.4 rows=100)
        -> Index range scan on sbtest8 using PRIMARY over (2467898 <= id <= 2467997)  (cost=20.4 rows=100)


for: distinct_ranges
table 1 : explain SELECT DISTINCT c FROM sbtest1 WHERE id BETWEEN 7786043 AND 7786142 ORDER BY c
	-> Sort: sbtest1.c
    -> Table scan on <temporary>  (cost=43.5..47.2 rows=100)
        -> Temporary table with deduplication  (cost=43.5..43.5 rows=100)
            -> Filter: (sbtest1.id between 7786043 and 7786142)  (cost=20.4 rows=100)
                -> Index range scan on sbtest1 using PRIMARY over (7786043 <= id <= 7786142)  (cost=20.4 rows=100)


table 2 : explain SELECT DISTINCT c FROM sbtest2 WHERE id BETWEEN 9046379 AND 9046478 ORDER BY c
	-> Sort: sbtest2.c
    -> Table scan on <temporary>  (cost=43.5..47.2 rows=100)
        -> Temporary table with deduplication  (cost=43.5..43.5 rows=100)
            -> Filter: (sbtest2.id between 9046379 and 9046478)  (cost=20.4 rows=100)
                -> Index range scan on sbtest2 using PRIMARY over (9046379 <= id <= 9046478)  (cost=20.4 rows=100)


table 3 : explain SELECT DISTINCT c FROM sbtest3 WHERE id BETWEEN 1255447 AND 1255546 ORDER BY c
	-> Sort: sbtest3.c
    -> Table scan on <temporary>  (cost=43.5..47.2 rows=100)
        -> Temporary table with deduplication  (cost=43.5..43.5 rows=100)
            -> Filter: (sbtest3.id between 1255447 and 1255546)  (cost=20.4 rows=100)
                -> Index range scan on sbtest3 using PRIMARY over (1255447 <= id <= 1255546)  (cost=20.4 rows=100)


table 4 : explain SELECT DISTINCT c FROM sbtest4 WHERE id BETWEEN 3263641 AND 3263740 ORDER BY c
	-> Sort: sbtest4.c
    -> Table scan on <temporary>  (cost=43.5..47.2 rows=100)
        -> Temporary table with deduplication  (cost=43.5..43.5 rows=100)
            -> Filter: (sbtest4.id between 3263641 and 3263740)  (cost=20.4 rows=100)
                -> Index range scan on sbtest4 using PRIMARY over (3263641 <= id <= 3263740)  (cost=20.4 rows=100)


table 5 : explain SELECT DISTINCT c FROM sbtest5 WHERE id BETWEEN 6377784 AND 6377883 ORDER BY c
	-> Sort: sbtest5.c
    -> Table scan on <temporary>  (cost=43.5..47.2 rows=100)
        -> Temporary table with deduplication  (cost=43.5..43.5 rows=100)
            -> Filter: (sbtest5.id between 6377784 and 6377883)  (cost=20.4 rows=100)
                -> Index range scan on sbtest5 using PRIMARY over (6377784 <= id <= 6377883)  (cost=20.4 rows=100)


table 6 : explain SELECT DISTINCT c FROM sbtest6 WHERE id BETWEEN 5767912 AND 5768011 ORDER BY c
	-> Sort: sbtest6.c
    -> Table scan on <temporary>  (cost=43.5..47.2 rows=100)
        -> Temporary table with deduplication  (cost=43.5..43.5 rows=100)
            -> Filter: (sbtest6.id between 5767912 and 5768011)  (cost=20.4 rows=100)
                -> Index range scan on sbtest6 using PRIMARY over (5767912 <= id <= 5768011)  (cost=20.4 rows=100)


table 7 : explain SELECT DISTINCT c FROM sbtest7 WHERE id BETWEEN 9532900 AND 9532999 ORDER BY c
	-> Sort: sbtest7.c
    -> Table scan on <temporary>  (cost=43.5..47.2 rows=100)
        -> Temporary table with deduplication  (cost=43.5..43.5 rows=100)
            -> Filter: (sbtest7.id between 9532900 and 9532999)  (cost=20.4 rows=100)
                -> Index range scan on sbtest7 using PRIMARY over (9532900 <= id <= 9532999)  (cost=20.4 rows=100)


table 8 : explain SELECT DISTINCT c FROM sbtest8 WHERE id BETWEEN 8975155 AND 8975254 ORDER BY c
	-> Sort: sbtest8.c
    -> Table scan on <temporary>  (cost=43.5..47.2 rows=100)
        -> Temporary table with deduplication  (cost=43.5..43.5 rows=100)
            -> Filter: (sbtest8.id between 8975155 and 8975254)  (cost=20.4 rows=100)
                -> Index range scan on sbtest8 using PRIMARY over (8975155 <= id <= 8975254)  (cost=20.4 rows=100)


for: distinct_ranges
table 1 : explain SELECT DISTINCT c FROM sbtest1 WHERE id BETWEEN 2799464 AND 2799563 ORDER BY c
	-> Sort: sbtest1.c
    -> Table scan on <temporary>  (cost=43.5..47.2 rows=100)
        -> Temporary table with deduplication  (cost=43.5..43.5 rows=100)
            -> Filter: (sbtest1.id between 2799464 and 2799563)  (cost=20.4 rows=100)
                -> Index range scan on sbtest1 using PRIMARY over (2799464 <= id <= 2799563)  (cost=20.4 rows=100)


table 2 : explain SELECT DISTINCT c FROM sbtest2 WHERE id BETWEEN 818129 AND 818228 ORDER BY c
	-> Sort: sbtest2.c
    -> Table scan on <temporary>  (cost=43.5..47.2 rows=100)
        -> Temporary table with deduplication  (cost=43.5..43.5 rows=100)
            -> Filter: (sbtest2.id between 818129 and 818228)  (cost=20.4 rows=100)
                -> Index range scan on sbtest2 using PRIMARY over (818129 <= id <= 818228)  (cost=20.4 rows=100)


table 3 : explain SELECT DISTINCT c FROM sbtest3 WHERE id BETWEEN 3250751 AND 3250850 ORDER BY c
	-> Sort: sbtest3.c
    -> Table scan on <temporary>  (cost=43.5..47.2 rows=100)
        -> Temporary table with deduplication  (cost=43.5..43.5 rows=100)
            -> Filter: (sbtest3.id between 3250751 and 3250850)  (cost=20.4 rows=100)
                -> Index range scan on sbtest3 using PRIMARY over (3250751 <= id <= 3250850)  (cost=20.4 rows=100)


table 4 : explain SELECT DISTINCT c FROM sbtest4 WHERE id BETWEEN 5330635 AND 5330734 ORDER BY c
	-> Sort: sbtest4.c
    -> Table scan on <temporary>  (cost=43.5..47.2 rows=100)
        -> Temporary table with deduplication  (cost=43.5..43.5 rows=100)
            -> Filter: (sbtest4.id between 5330635 and 5330734)  (cost=20.4 rows=100)
                -> Index range scan on sbtest4 using PRIMARY over (5330635 <= id <= 5330734)  (cost=20.4 rows=100)


table 5 : explain SELECT DISTINCT c FROM sbtest5 WHERE id BETWEEN 9409033 AND 9409132 ORDER BY c
	-> Sort: sbtest5.c
    -> Table scan on <temporary>  (cost=43.5..47.2 rows=100)
        -> Temporary table with deduplication  (cost=43.5..43.5 rows=100)
            -> Filter: (sbtest5.id between 9409033 and 9409132)  (cost=20.4 rows=100)
                -> Index range scan on sbtest5 using PRIMARY over (9409033 <= id <= 9409132)  (cost=20.4 rows=100)


table 6 : explain SELECT DISTINCT c FROM sbtest6 WHERE id BETWEEN 4359953 AND 4360052 ORDER BY c
	-> Sort: sbtest6.c
    -> Table scan on <temporary>  (cost=43.5..47.2 rows=100)
        -> Temporary table with deduplication  (cost=43.5..43.5 rows=100)
            -> Filter: (sbtest6.id between 4359953 and 4360052)  (cost=20.4 rows=100)
                -> Index range scan on sbtest6 using PRIMARY over (4359953 <= id <= 4360052)  (cost=20.4 rows=100)


table 7 : explain SELECT DISTINCT c FROM sbtest7 WHERE id BETWEEN 5813342 AND 5813441 ORDER BY c
	-> Sort: sbtest7.c
    -> Table scan on <temporary>  (cost=43.5..47.2 rows=100)
        -> Temporary table with deduplication  (cost=43.5..43.5 rows=100)
            -> Filter: (sbtest7.id between 5813342 and 5813441)  (cost=20.4 rows=100)
                -> Index range scan on sbtest7 using PRIMARY over (5813342 <= id <= 5813441)  (cost=20.4 rows=100)


table 8 : explain SELECT DISTINCT c FROM sbtest8 WHERE id BETWEEN 7056215 AND 7056314 ORDER BY c
	-> Sort: sbtest8.c
    -> Table scan on <temporary>  (cost=43.5..47.2 rows=100)
        -> Temporary table with deduplication  (cost=43.5..43.5 rows=100)
            -> Filter: (sbtest8.id between 7056215 and 7056314)  (cost=20.4 rows=100)
                -> Index range scan on sbtest8 using PRIMARY over (7056215 <= id <= 7056314)  (cost=20.4 rows=100)


for: order_ranges
table 1 : explain SELECT c FROM sbtest1 WHERE id BETWEEN 4762372 AND 4762471 ORDER BY c
	-> Sort: sbtest1.c  (cost=20.4 rows=100)
    -> Filter: (sbtest1.id between 4762372 and 4762471)  (cost=20.4 rows=100)
        -> Index range scan on sbtest1 using PRIMARY over (4762372 <= id <= 4762471)  (cost=20.4 rows=100)


table 2 : explain SELECT c FROM sbtest2 WHERE id BETWEEN 8892846 AND 8892945 ORDER BY c
	-> Sort: sbtest2.c  (cost=20.4 rows=100)
    -> Filter: (sbtest2.id between 8892846 and 8892945)  (cost=20.4 rows=100)
        -> Index range scan on sbtest2 using PRIMARY over (8892846 <= id <= 8892945)  (cost=20.4 rows=100)


table 3 : explain SELECT c FROM sbtest3 WHERE id BETWEEN 9085 AND 9184 ORDER BY c
	-> Sort: sbtest3.c  (cost=20.4 rows=100)
    -> Filter: (sbtest3.id between 9085 and 9184)  (cost=20.4 rows=100)
        -> Index range scan on sbtest3 using PRIMARY over (9085 <= id <= 9184)  (cost=20.4 rows=100)


table 4 : explain SELECT c FROM sbtest4 WHERE id BETWEEN 1659809 AND 1659908 ORDER BY c
	-> Sort: sbtest4.c  (cost=20.4 rows=100)
    -> Filter: (sbtest4.id between 1659809 and 1659908)  (cost=20.4 rows=100)
        -> Index range scan on sbtest4 using PRIMARY over (1659809 <= id <= 1659908)  (cost=20.4 rows=100)


table 5 : explain SELECT c FROM sbtest5 WHERE id BETWEEN 7430879 AND 7430978 ORDER BY c
	-> Sort: sbtest5.c  (cost=20.4 rows=100)
    -> Filter: (sbtest5.id between 7430879 and 7430978)  (cost=20.4 rows=100)
        -> Index range scan on sbtest5 using PRIMARY over (7430879 <= id <= 7430978)  (cost=20.4 rows=100)


table 6 : explain SELECT c FROM sbtest6 WHERE id BETWEEN 4530922 AND 4531021 ORDER BY c
	-> Sort: sbtest6.c  (cost=20.4 rows=100)
    -> Filter: (sbtest6.id between 4530922 and 4531021)  (cost=20.4 rows=100)
        -> Index range scan on sbtest6 using PRIMARY over (4530922 <= id <= 4531021)  (cost=20.4 rows=100)


table 7 : explain SELECT c FROM sbtest7 WHERE id BETWEEN 3653367 AND 3653466 ORDER BY c
	-> Sort: sbtest7.c  (cost=20.4 rows=100)
    -> Filter: (sbtest7.id between 3653367 and 3653466)  (cost=20.4 rows=100)
        -> Index range scan on sbtest7 using PRIMARY over (3653367 <= id <= 3653466)  (cost=20.4 rows=100)


table 8 : explain SELECT c FROM sbtest8 WHERE id BETWEEN 967277 AND 967376 ORDER BY c
	-> Sort: sbtest8.c  (cost=20.4 rows=100)
    -> Filter: (sbtest8.id between 967277 and 967376)  (cost=20.4 rows=100)
        -> Index range scan on sbtest8 using PRIMARY over (967277 <= id <= 967376)  (cost=20.4 rows=100)


for: distinct_ranges
table 1 : explain SELECT DISTINCT c FROM sbtest1 WHERE id BETWEEN 9996061 AND 9996160 ORDER BY c
	-> Sort: sbtest1.c
    -> Table scan on <temporary>  (cost=43.5..47.2 rows=100)
        -> Temporary table with deduplication  (cost=43.5..43.5 rows=100)
            -> Filter: (sbtest1.id between 9996061 and 9996160)  (cost=20.4 rows=100)
                -> Index range scan on sbtest1 using PRIMARY over (9996061 <= id <= 9996160)  (cost=20.4 rows=100)


table 2 : explain SELECT DISTINCT c FROM sbtest2 WHERE id BETWEEN 7575878 AND 7575977 ORDER BY c
	-> Sort: sbtest2.c
    -> Table scan on <temporary>  (cost=43.5..47.2 rows=100)
        -> Temporary table with deduplication  (cost=43.5..43.5 rows=100)
            -> Filter: (sbtest2.id between 7575878 and 7575977)  (cost=20.4 rows=100)
                -> Index range scan on sbtest2 using PRIMARY over (7575878 <= id <= 7575977)  (cost=20.4 rows=100)


table 3 : explain SELECT DISTINCT c FROM sbtest3 WHERE id BETWEEN 495447 AND 495546 ORDER BY c
	-> Sort: sbtest3.c
    -> Table scan on <temporary>  (cost=43.5..47.2 rows=100)
        -> Temporary table with deduplication  (cost=43.5..43.5 rows=100)
            -> Filter: (sbtest3.id between 495447 and 495546)  (cost=20.4 rows=100)
                -> Index range scan on sbtest3 using PRIMARY over (495447 <= id <= 495546)  (cost=20.4 rows=100)


table 4 : explain SELECT DISTINCT c FROM sbtest4 WHERE id BETWEEN 4819509 AND 4819608 ORDER BY c
	-> Sort: sbtest4.c
    -> Table scan on <temporary>  (cost=43.5..47.2 rows=100)
        -> Temporary table with deduplication  (cost=43.5..43.5 rows=100)
            -> Filter: (sbtest4.id between 4819509 and 4819608)  (cost=20.4 rows=100)
                -> Index range scan on sbtest4 using PRIMARY over (4819509 <= id <= 4819608)  (cost=20.4 rows=100)


table 5 : explain SELECT DISTINCT c FROM sbtest5 WHERE id BETWEEN 6149733 AND 6149832 ORDER BY c
	-> Sort: sbtest5.c
    -> Table scan on <temporary>  (cost=43.5..47.2 rows=100)
        -> Temporary table with deduplication  (cost=43.5..43.5 rows=100)
            -> Filter: (sbtest5.id between 6149733 and 6149832)  (cost=20.4 rows=100)
                -> Index range scan on sbtest5 using PRIMARY over (6149733 <= id <= 6149832)  (cost=20.4 rows=100)


table 6 : explain SELECT DISTINCT c FROM sbtest6 WHERE id BETWEEN 7212860 AND 7212959 ORDER BY c
	-> Sort: sbtest6.c
    -> Table scan on <temporary>  (cost=43.5..47.2 rows=100)
        -> Temporary table with deduplication  (cost=43.5..43.5 rows=100)
            -> Filter: (sbtest6.id between 7212860 and 7212959)  (cost=20.4 rows=100)
                -> Index range scan on sbtest6 using PRIMARY over (7212860 <= id <= 7212959)  (cost=20.4 rows=100)


table 7 : explain SELECT DISTINCT c FROM sbtest7 WHERE id BETWEEN 7563035 AND 7563134 ORDER BY c
	-> Sort: sbtest7.c
    -> Table scan on <temporary>  (cost=43.5..47.2 rows=100)
        -> Temporary table with deduplication  (cost=43.5..43.5 rows=100)
            -> Filter: (sbtest7.id between 7563035 and 7563134)  (cost=20.4 rows=100)
                -> Index range scan on sbtest7 using PRIMARY over (7563035 <= id <= 7563134)  (cost=20.4 rows=100)


table 8 : explain SELECT DISTINCT c FROM sbtest8 WHERE id BETWEEN 9286711 AND 9286810 ORDER BY c
	-> Sort: sbtest8.c
    -> Table scan on <temporary>  (cost=43.5..47.2 rows=100)
        -> Temporary table with deduplication  (cost=43.5..43.5 rows=100)
            -> Filter: (sbtest8.id between 9286711 and 9286810)  (cost=20.4 rows=100)
                -> Index range scan on sbtest8 using PRIMARY over (9286711 <= id <= 9286810)  (cost=20.4 rows=100)


for: order_ranges
table 1 : explain SELECT c FROM sbtest1 WHERE id BETWEEN 1003765 AND 1003864 ORDER BY c
	-> Sort: sbtest1.c  (cost=20.4 rows=100)
    -> Filter: (sbtest1.id between 1003765 and 1003864)  (cost=20.4 rows=100)
        -> Index range scan on sbtest1 using PRIMARY over (1003765 <= id <= 1003864)  (cost=20.4 rows=100)


table 2 : explain SELECT c FROM sbtest2 WHERE id BETWEEN 9912421 AND 9912520 ORDER BY c
	-> Sort: sbtest2.c  (cost=20.4 rows=100)
    -> Filter: (sbtest2.id between 9912421 and 9912520)  (cost=20.4 rows=100)
        -> Index range scan on sbtest2 using PRIMARY over (9912421 <= id <= 9912520)  (cost=20.4 rows=100)


table 3 : explain SELECT c FROM sbtest3 WHERE id BETWEEN 3692752 AND 3692851 ORDER BY c
	-> Sort: sbtest3.c  (cost=20.4 rows=100)
    -> Filter: (sbtest3.id between 3692752 and 3692851)  (cost=20.4 rows=100)
        -> Index range scan on sbtest3 using PRIMARY over (3692752 <= id <= 3692851)  (cost=20.4 rows=100)


table 4 : explain SELECT c FROM sbtest4 WHERE id BETWEEN 486893 AND 486992 ORDER BY c
	-> Sort: sbtest4.c  (cost=20.4 rows=100)
    -> Filter: (sbtest4.id between 486893 and 486992)  (cost=20.4 rows=100)
        -> Index range scan on sbtest4 using PRIMARY over (486893 <= id <= 486992)  (cost=20.4 rows=100)


table 5 : explain SELECT c FROM sbtest5 WHERE id BETWEEN 7379349 AND 7379448 ORDER BY c
	-> Sort: sbtest5.c  (cost=20.4 rows=100)
    -> Filter: (sbtest5.id between 7379349 and 7379448)  (cost=20.4 rows=100)
        -> Index range scan on sbtest5 using PRIMARY over (7379349 <= id <= 7379448)  (cost=20.4 rows=100)


table 6 : explain SELECT c FROM sbtest6 WHERE id BETWEEN 8001937 AND 8002036 ORDER BY c
	-> Sort: sbtest6.c  (cost=20.4 rows=100)
    -> Filter: (sbtest6.id between 8001937 and 8002036)  (cost=20.4 rows=100)
        -> Index range scan on sbtest6 using PRIMARY over (8001937 <= id <= 8002036)  (cost=20.4 rows=100)


table 7 : explain SELECT c FROM sbtest7 WHERE id BETWEEN 218044 AND 218143 ORDER BY c
	-> Sort: sbtest7.c  (cost=20.4 rows=100)
    -> Filter: (sbtest7.id between 218044 and 218143)  (cost=20.4 rows=100)
        -> Index range scan on sbtest7 using PRIMARY over (218044 <= id <= 218143)  (cost=20.4 rows=100)


table 8 : explain SELECT c FROM sbtest8 WHERE id BETWEEN 9227883 AND 9227982 ORDER BY c
	-> Sort: sbtest8.c  (cost=20.4 rows=100)
    -> Filter: (sbtest8.id between 9227883 and 9227982)  (cost=20.4 rows=100)
        -> Index range scan on sbtest8 using PRIMARY over (9227883 <= id <= 9227982)  (cost=20.4 rows=100)


for: distinct_ranges
table 1 : explain SELECT DISTINCT c FROM sbtest1 WHERE id BETWEEN 7730031 AND 7730130 ORDER BY c
	-> Sort: sbtest1.c
    -> Table scan on <temporary>  (cost=43.5..47.2 rows=100)
        -> Temporary table with deduplication  (cost=43.5..43.5 rows=100)
            -> Filter: (sbtest1.id between 7730031 and 7730130)  (cost=20.4 rows=100)
                -> Index range scan on sbtest1 using PRIMARY over (7730031 <= id <= 7730130)  (cost=20.4 rows=100)


table 2 : explain SELECT DISTINCT c FROM sbtest2 WHERE id BETWEEN 6332267 AND 6332366 ORDER BY c
	-> Sort: sbtest2.c
    -> Table scan on <temporary>  (cost=43.5..47.2 rows=100)
        -> Temporary table with deduplication  (cost=43.5..43.5 rows=100)
            -> Filter: (sbtest2.id between 6332267 and 6332366)  (cost=20.4 rows=100)
                -> Index range scan on sbtest2 using PRIMARY over (6332267 <= id <= 6332366)  (cost=20.4 rows=100)


table 3 : explain SELECT DISTINCT c FROM sbtest3 WHERE id BETWEEN 8266204 AND 8266303 ORDER BY c
	-> Sort: sbtest3.c
    -> Table scan on <temporary>  (cost=43.5..47.2 rows=100)
        -> Temporary table with deduplication  (cost=43.5..43.5 rows=100)
            -> Filter: (sbtest3.id between 8266204 and 8266303)  (cost=20.4 rows=100)
                -> Index range scan on sbtest3 using PRIMARY over (8266204 <= id <= 8266303)  (cost=20.4 rows=100)


table 4 : explain SELECT DISTINCT c FROM sbtest4 WHERE id BETWEEN 4429559 AND 4429658 ORDER BY c
	-> Sort: sbtest4.c
    -> Table scan on <temporary>  (cost=43.5..47.2 rows=100)
        -> Temporary table with deduplication  (cost=43.5..43.5 rows=100)
            -> Filter: (sbtest4.id between 4429559 and 4429658)  (cost=20.4 rows=100)
                -> Index range scan on sbtest4 using PRIMARY over (4429559 <= id <= 4429658)  (cost=20.4 rows=100)


table 5 : explain SELECT DISTINCT c FROM sbtest5 WHERE id BETWEEN 661615 AND 661714 ORDER BY c
	-> Sort: sbtest5.c
    -> Table scan on <temporary>  (cost=43.5..47.2 rows=100)
        -> Temporary table with deduplication  (cost=43.5..43.5 rows=100)
            -> Filter: (sbtest5.id between 661615 and 661714)  (cost=20.4 rows=100)
                -> Index range scan on sbtest5 using PRIMARY over (661615 <= id <= 661714)  (cost=20.4 rows=100)


table 6 : explain SELECT DISTINCT c FROM sbtest6 WHERE id BETWEEN 9589749 AND 9589848 ORDER BY c
	-> Sort: sbtest6.c
    -> Table scan on <temporary>  (cost=43.5..47.2 rows=100)
        -> Temporary table with deduplication  (cost=43.5..43.5 rows=100)
            -> Filter: (sbtest6.id between 9589749 and 9589848)  (cost=20.4 rows=100)
                -> Index range scan on sbtest6 using PRIMARY over (9589749 <= id <= 9589848)  (cost=20.4 rows=100)


table 7 : explain SELECT DISTINCT c FROM sbtest7 WHERE id BETWEEN 9563242 AND 9563341 ORDER BY c
	-> Sort: sbtest7.c
    -> Table scan on <temporary>  (cost=43.5..47.2 rows=100)
        -> Temporary table with deduplication  (cost=43.5..43.5 rows=100)
            -> Filter: (sbtest7.id between 9563242 and 9563341)  (cost=20.4 rows=100)
                -> Index range scan on sbtest7 using PRIMARY over (9563242 <= id <= 9563341)  (cost=20.4 rows=100)


table 8 : explain SELECT DISTINCT c FROM sbtest8 WHERE id BETWEEN 6899482 AND 6899581 ORDER BY c
	-> Sort: sbtest8.c
    -> Table scan on <temporary>  (cost=43.5..47.2 rows=100)
        -> Temporary table with deduplication  (cost=43.5..43.5 rows=100)
            -> Filter: (sbtest8.id between 6899482 and 6899581)  (cost=20.4 rows=100)
                -> Index range scan on sbtest8 using PRIMARY over (6899482 <= id <= 6899581)  (cost=20.4 rows=100)


for: distinct_ranges
table 1 : explain SELECT DISTINCT c FROM sbtest1 WHERE id BETWEEN 8212047 AND 8212146 ORDER BY c
	-> Sort: sbtest1.c
    -> Table scan on <temporary>  (cost=43.5..47.2 rows=100)
        -> Temporary table with deduplication  (cost=43.5..43.5 rows=100)
            -> Filter: (sbtest1.id between 8212047 and 8212146)  (cost=20.4 rows=100)
                -> Index range scan on sbtest1 using PRIMARY over (8212047 <= id <= 8212146)  (cost=20.4 rows=100)


table 2 : explain SELECT DISTINCT c FROM sbtest2 WHERE id BETWEEN 2485349 AND 2485448 ORDER BY c
	-> Sort: sbtest2.c
    -> Table scan on <temporary>  (cost=43.5..47.2 rows=100)
        -> Temporary table with deduplication  (cost=43.5..43.5 rows=100)
            -> Filter: (sbtest2.id between 2485349 and 2485448)  (cost=20.4 rows=100)
                -> Index range scan on sbtest2 using PRIMARY over (2485349 <= id <= 2485448)  (cost=20.4 rows=100)


table 3 : explain SELECT DISTINCT c FROM sbtest3 WHERE id BETWEEN 7783270 AND 7783369 ORDER BY c
	-> Sort: sbtest3.c
    -> Table scan on <temporary>  (cost=43.5..47.2 rows=100)
        -> Temporary table with deduplication  (cost=43.5..43.5 rows=100)
            -> Filter: (sbtest3.id between 7783270 and 7783369)  (cost=20.4 rows=100)
                -> Index range scan on sbtest3 using PRIMARY over (7783270 <= id <= 7783369)  (cost=20.4 rows=100)


table 4 : explain SELECT DISTINCT c FROM sbtest4 WHERE id BETWEEN 3037068 AND 3037167 ORDER BY c
	-> Sort: sbtest4.c
    -> Table scan on <temporary>  (cost=43.5..47.2 rows=100)
        -> Temporary table with deduplication  (cost=43.5..43.5 rows=100)
            -> Filter: (sbtest4.id between 3037068 and 3037167)  (cost=20.4 rows=100)
                -> Index range scan on sbtest4 using PRIMARY over (3037068 <= id <= 3037167)  (cost=20.4 rows=100)


table 5 : explain SELECT DISTINCT c FROM sbtest5 WHERE id BETWEEN 9639360 AND 9639459 ORDER BY c
	-> Sort: sbtest5.c
    -> Table scan on <temporary>  (cost=43.5..47.2 rows=100)
        -> Temporary table with deduplication  (cost=43.5..43.5 rows=100)
            -> Filter: (sbtest5.id between 9639360 and 9639459)  (cost=20.4 rows=100)
                -> Index range scan on sbtest5 using PRIMARY over (9639360 <= id <= 9639459)  (cost=20.4 rows=100)


table 6 : explain SELECT DISTINCT c FROM sbtest6 WHERE id BETWEEN 5040552 AND 5040651 ORDER BY c
	-> Sort: sbtest6.c
    -> Table scan on <temporary>  (cost=43.5..47.2 rows=100)
        -> Temporary table with deduplication  (cost=43.5..43.5 rows=100)
            -> Filter: (sbtest6.id between 5040552 and 5040651)  (cost=20.4 rows=100)
                -> Index range scan on sbtest6 using PRIMARY over (5040552 <= id <= 5040651)  (cost=20.4 rows=100)


table 7 : explain SELECT DISTINCT c FROM sbtest7 WHERE id BETWEEN 6037874 AND 6037973 ORDER BY c
	-> Sort: sbtest7.c
    -> Table scan on <temporary>  (cost=43.5..47.2 rows=100)
        -> Temporary table with deduplication  (cost=43.5..43.5 rows=100)
            -> Filter: (sbtest7.id between 6037874 and 6037973)  (cost=20.4 rows=100)
                -> Index range scan on sbtest7 using PRIMARY over (6037874 <= id <= 6037973)  (cost=20.4 rows=100)


table 8 : explain SELECT DISTINCT c FROM sbtest8 WHERE id BETWEEN 8861573 AND 8861672 ORDER BY c
	-> Sort: sbtest8.c
    -> Table scan on <temporary>  (cost=43.5..47.2 rows=100)
        -> Temporary table with deduplication  (cost=43.5..43.5 rows=100)
            -> Filter: (sbtest8.id between 8861573 and 8861672)  (cost=20.4 rows=100)
                -> Index range scan on sbtest8 using PRIMARY over (8861573 <= id <= 8861672)  (cost=20.4 rows=100)


for: distinct_ranges
table 1 : explain SELECT DISTINCT c FROM sbtest1 WHERE id BETWEEN 7288008 AND 7288107 ORDER BY c
	-> Sort: sbtest1.c
    -> Table scan on <temporary>  (cost=43.5..47.2 rows=100)
        -> Temporary table with deduplication  (cost=43.5..43.5 rows=100)
            -> Filter: (sbtest1.id between 7288008 and 7288107)  (cost=20.4 rows=100)
                -> Index range scan on sbtest1 using PRIMARY over (7288008 <= id <= 7288107)  (cost=20.4 rows=100)


table 2 : explain SELECT DISTINCT c FROM sbtest2 WHERE id BETWEEN 9305834 AND 9305933 ORDER BY c
	-> Sort: sbtest2.c
    -> Table scan on <temporary>  (cost=43.5..47.2 rows=100)
        -> Temporary table with deduplication  (cost=43.5..43.5 rows=100)
            -> Filter: (sbtest2.id between 9305834 and 9305933)  (cost=20.4 rows=100)
                -> Index range scan on sbtest2 using PRIMARY over (9305834 <= id <= 9305933)  (cost=20.4 rows=100)


table 3 : explain SELECT DISTINCT c FROM sbtest3 WHERE id BETWEEN 5069937 AND 5070036 ORDER BY c
	-> Sort: sbtest3.c
    -> Table scan on <temporary>  (cost=43.5..47.2 rows=100)
        -> Temporary table with deduplication  (cost=43.5..43.5 rows=100)
            -> Filter: (sbtest3.id between 5069937 and 5070036)  (cost=20.4 rows=100)
                -> Index range scan on sbtest3 using PRIMARY over (5069937 <= id <= 5070036)  (cost=20.4 rows=100)


table 4 : explain SELECT DISTINCT c FROM sbtest4 WHERE id BETWEEN 4651572 AND 4651671 ORDER BY c
	-> Sort: sbtest4.c
    -> Table scan on <temporary>  (cost=43.5..47.2 rows=100)
        -> Temporary table with deduplication  (cost=43.5..43.5 rows=100)
            -> Filter: (sbtest4.id between 4651572 and 4651671)  (cost=20.4 rows=100)
                -> Index range scan on sbtest4 using PRIMARY over (4651572 <= id <= 4651671)  (cost=20.4 rows=100)


table 5 : explain SELECT DISTINCT c FROM sbtest5 WHERE id BETWEEN 8710762 AND 8710861 ORDER BY c
	-> Sort: sbtest5.c
    -> Table scan on <temporary>  (cost=43.5..47.2 rows=100)
        -> Temporary table with deduplication  (cost=43.5..43.5 rows=100)
            -> Filter: (sbtest5.id between 8710762 and 8710861)  (cost=20.4 rows=100)
                -> Index range scan on sbtest5 using PRIMARY over (8710762 <= id <= 8710861)  (cost=20.4 rows=100)


table 6 : explain SELECT DISTINCT c FROM sbtest6 WHERE id BETWEEN 2957792 AND 2957891 ORDER BY c
	-> Sort: sbtest6.c
    -> Table scan on <temporary>  (cost=43.5..47.2 rows=100)
        -> Temporary table with deduplication  (cost=43.5..43.5 rows=100)
            -> Filter: (sbtest6.id between 2957792 and 2957891)  (cost=20.4 rows=100)
                -> Index range scan on sbtest6 using PRIMARY over (2957792 <= id <= 2957891)  (cost=20.4 rows=100)


table 7 : explain SELECT DISTINCT c FROM sbtest7 WHERE id BETWEEN 3737726 AND 3737825 ORDER BY c
	-> Sort: sbtest7.c
    -> Table scan on <temporary>  (cost=43.5..47.2 rows=100)
        -> Temporary table with deduplication  (cost=43.5..43.5 rows=100)
            -> Filter: (sbtest7.id between 3737726 and 3737825)  (cost=20.4 rows=100)
                -> Index range scan on sbtest7 using PRIMARY over (3737726 <= id <= 3737825)  (cost=20.4 rows=100)


table 8 : explain SELECT DISTINCT c FROM sbtest8 WHERE id BETWEEN 3218859 AND 3218958 ORDER BY c
	-> Sort: sbtest8.c
    -> Table scan on <temporary>  (cost=43.5..47.2 rows=100)
        -> Temporary table with deduplication  (cost=43.5..43.5 rows=100)
            -> Filter: (sbtest8.id between 3218859 and 3218958)  (cost=20.4 rows=100)
                -> Index range scan on sbtest8 using PRIMARY over (3218859 <= id <= 3218958)  (cost=20.4 rows=100)


for: order_ranges
table 1 : explain SELECT c FROM sbtest1 WHERE id BETWEEN 4368621 AND 4368720 ORDER BY c
	-> Sort: sbtest1.c  (cost=20.4 rows=100)
    -> Filter: (sbtest1.id between 4368621 and 4368720)  (cost=20.4 rows=100)
        -> Index range scan on sbtest1 using PRIMARY over (4368621 <= id <= 4368720)  (cost=20.4 rows=100)


table 2 : explain SELECT c FROM sbtest2 WHERE id BETWEEN 8530660 AND 8530759 ORDER BY c
	-> Sort: sbtest2.c  (cost=20.4 rows=100)
    -> Filter: (sbtest2.id between 8530660 and 8530759)  (cost=20.4 rows=100)
        -> Index range scan on sbtest2 using PRIMARY over (8530660 <= id <= 8530759)  (cost=20.4 rows=100)


table 3 : explain SELECT c FROM sbtest3 WHERE id BETWEEN 155262 AND 155361 ORDER BY c
	-> Sort: sbtest3.c  (cost=20.4 rows=100)
    -> Filter: (sbtest3.id between 155262 and 155361)  (cost=20.4 rows=100)
        -> Index range scan on sbtest3 using PRIMARY over (155262 <= id <= 155361)  (cost=20.4 rows=100)


table 4 : explain SELECT c FROM sbtest4 WHERE id BETWEEN 9319048 AND 9319147 ORDER BY c
	-> Sort: sbtest4.c  (cost=20.4 rows=100)
    -> Filter: (sbtest4.id between 9319048 and 9319147)  (cost=20.4 rows=100)
        -> Index range scan on sbtest4 using PRIMARY over (9319048 <= id <= 9319147)  (cost=20.4 rows=100)


table 5 : explain SELECT c FROM sbtest5 WHERE id BETWEEN 8242838 AND 8242937 ORDER BY c
	-> Sort: sbtest5.c  (cost=20.4 rows=100)
    -> Filter: (sbtest5.id between 8242838 and 8242937)  (cost=20.4 rows=100)
        -> Index range scan on sbtest5 using PRIMARY over (8242838 <= id <= 8242937)  (cost=20.4 rows=100)


table 6 : explain SELECT c FROM sbtest6 WHERE id BETWEEN 7629723 AND 7629822 ORDER BY c
	-> Sort: sbtest6.c  (cost=20.4 rows=100)
    -> Filter: (sbtest6.id between 7629723 and 7629822)  (cost=20.4 rows=100)
        -> Index range scan on sbtest6 using PRIMARY over (7629723 <= id <= 7629822)  (cost=20.4 rows=100)


table 7 : explain SELECT c FROM sbtest7 WHERE id BETWEEN 1274972 AND 1275071 ORDER BY c
	-> Sort: sbtest7.c  (cost=20.4 rows=100)
    -> Filter: (sbtest7.id between 1274972 and 1275071)  (cost=20.4 rows=100)
        -> Index range scan on sbtest7 using PRIMARY over (1274972 <= id <= 1275071)  (cost=20.4 rows=100)


table 8 : explain SELECT c FROM sbtest8 WHERE id BETWEEN 4589806 AND 4589905 ORDER BY c
	-> Sort: sbtest8.c  (cost=20.4 rows=100)
    -> Filter: (sbtest8.id between 4589806 and 4589905)  (cost=20.4 rows=100)
        -> Index range scan on sbtest8 using PRIMARY over (4589806 <= id <= 4589905)  (cost=20.4 rows=100)


for: order_ranges
table 1 : explain SELECT c FROM sbtest1 WHERE id BETWEEN 5348310 AND 5348409 ORDER BY c
	-> Sort: sbtest1.c  (cost=20.4 rows=100)
    -> Filter: (sbtest1.id between 5348310 and 5348409)  (cost=20.4 rows=100)
        -> Index range scan on sbtest1 using PRIMARY over (5348310 <= id <= 5348409)  (cost=20.4 rows=100)


table 2 : explain SELECT c FROM sbtest2 WHERE id BETWEEN 3696271 AND 3696370 ORDER BY c
	-> Sort: sbtest2.c  (cost=20.4 rows=100)
    -> Filter: (sbtest2.id between 3696271 and 3696370)  (cost=20.4 rows=100)
        -> Index range scan on sbtest2 using PRIMARY over (3696271 <= id <= 3696370)  (cost=20.4 rows=100)


table 3 : explain SELECT c FROM sbtest3 WHERE id BETWEEN 7486458 AND 7486557 ORDER BY c
	-> Sort: sbtest3.c  (cost=20.4 rows=100)
    -> Filter: (sbtest3.id between 7486458 and 7486557)  (cost=20.4 rows=100)
        -> Index range scan on sbtest3 using PRIMARY over (7486458 <= id <= 7486557)  (cost=20.4 rows=100)


table 4 : explain SELECT c FROM sbtest4 WHERE id BETWEEN 9514942 AND 9515041 ORDER BY c
	-> Sort: sbtest4.c  (cost=20.4 rows=100)
    -> Filter: (sbtest4.id between 9514942 and 9515041)  (cost=20.4 rows=100)
        -> Index range scan on sbtest4 using PRIMARY over (9514942 <= id <= 9515041)  (cost=20.4 rows=100)


table 5 : explain SELECT c FROM sbtest5 WHERE id BETWEEN 5720142 AND 5720241 ORDER BY c
	-> Sort: sbtest5.c  (cost=20.4 rows=100)
    -> Filter: (sbtest5.id between 5720142 and 5720241)  (cost=20.4 rows=100)
        -> Index range scan on sbtest5 using PRIMARY over (5720142 <= id <= 5720241)  (cost=20.4 rows=100)


table 6 : explain SELECT c FROM sbtest6 WHERE id BETWEEN 5911992 AND 5912091 ORDER BY c
	-> Sort: sbtest6.c  (cost=20.4 rows=100)
    -> Filter: (sbtest6.id between 5911992 and 5912091)  (cost=20.4 rows=100)
        -> Index range scan on sbtest6 using PRIMARY over (5911992 <= id <= 5912091)  (cost=20.4 rows=100)


table 7 : explain SELECT c FROM sbtest7 WHERE id BETWEEN 5442611 AND 5442710 ORDER BY c
	-> Sort: sbtest7.c  (cost=20.4 rows=100)
    -> Filter: (sbtest7.id between 5442611 and 5442710)  (cost=20.4 rows=100)
        -> Index range scan on sbtest7 using PRIMARY over (5442611 <= id <= 5442710)  (cost=20.4 rows=100)


table 8 : explain SELECT c FROM sbtest8 WHERE id BETWEEN 9226923 AND 9227022 ORDER BY c
	-> Sort: sbtest8.c  (cost=20.4 rows=100)
    -> Filter: (sbtest8.id between 9226923 and 9227022)  (cost=20.4 rows=100)
        -> Index range scan on sbtest8 using PRIMARY over (9226923 <= id <= 9227022)  (cost=20.4 rows=100)


for: order_ranges
table 1 : explain SELECT c FROM sbtest1 WHERE id BETWEEN 1050570 AND 1050669 ORDER BY c
	-> Sort: sbtest1.c  (cost=20.4 rows=100)
    -> Filter: (sbtest1.id between 1050570 and 1050669)  (cost=20.4 rows=100)
        -> Index range scan on sbtest1 using PRIMARY over (1050570 <= id <= 1050669)  (cost=20.4 rows=100)


table 2 : explain SELECT c FROM sbtest2 WHERE id BETWEEN 1914536 AND 1914635 ORDER BY c
	-> Sort: sbtest2.c  (cost=20.4 rows=100)
    -> Filter: (sbtest2.id between 1914536 and 1914635)  (cost=20.4 rows=100)
        -> Index range scan on sbtest2 using PRIMARY over (1914536 <= id <= 1914635)  (cost=20.4 rows=100)


table 3 : explain SELECT c FROM sbtest3 WHERE id BETWEEN 8479046 AND 8479145 ORDER BY c
	-> Sort: sbtest3.c  (cost=20.4 rows=100)
    -> Filter: (sbtest3.id between 8479046 and 8479145)  (cost=20.4 rows=100)
        -> Index range scan on sbtest3 using PRIMARY over (8479046 <= id <= 8479145)  (cost=20.4 rows=100)


table 4 : explain SELECT c FROM sbtest4 WHERE id BETWEEN 7470734 AND 7470833 ORDER BY c
	-> Sort: sbtest4.c  (cost=20.4 rows=100)
    -> Filter: (sbtest4.id between 7470734 and 7470833)  (cost=20.4 rows=100)
        -> Index range scan on sbtest4 using PRIMARY over (7470734 <= id <= 7470833)  (cost=20.4 rows=100)


table 5 : explain SELECT c FROM sbtest5 WHERE id BETWEEN 9657861 AND 9657960 ORDER BY c
	-> Sort: sbtest5.c  (cost=20.4 rows=100)
    -> Filter: (sbtest5.id between 9657861 and 9657960)  (cost=20.4 rows=100)
        -> Index range scan on sbtest5 using PRIMARY over (9657861 <= id <= 9657960)  (cost=20.4 rows=100)


table 6 : explain SELECT c FROM sbtest6 WHERE id BETWEEN 9522875 AND 9522974 ORDER BY c
	-> Sort: sbtest6.c  (cost=20.4 rows=100)
    -> Filter: (sbtest6.id between 9522875 and 9522974)  (cost=20.4 rows=100)
        -> Index range scan on sbtest6 using PRIMARY over (9522875 <= id <= 9522974)  (cost=20.4 rows=100)


table 7 : explain SELECT c FROM sbtest7 WHERE id BETWEEN 4844240 AND 4844339 ORDER BY c
	-> Sort: sbtest7.c  (cost=20.4 rows=100)
    -> Filter: (sbtest7.id between 4844240 and 4844339)  (cost=20.4 rows=100)
        -> Index range scan on sbtest7 using PRIMARY over (4844240 <= id <= 4844339)  (cost=20.4 rows=100)


table 8 : explain SELECT c FROM sbtest8 WHERE id BETWEEN 7236988 AND 7237087 ORDER BY c
	-> Sort: sbtest8.c  (cost=20.4 rows=100)
    -> Filter: (sbtest8.id between 7236988 and 7237087)  (cost=20.4 rows=100)
        -> Index range scan on sbtest8 using PRIMARY over (7236988 <= id <= 7237087)  (cost=20.4 rows=100)


for: distinct_ranges
table 1 : explain SELECT DISTINCT c FROM sbtest1 WHERE id BETWEEN 7264299 AND 7264398 ORDER BY c
	-> Sort: sbtest1.c
    -> Table scan on <temporary>  (cost=43.5..47.2 rows=100)
        -> Temporary table with deduplication  (cost=43.5..43.5 rows=100)
            -> Filter: (sbtest1.id between 7264299 and 7264398)  (cost=20.4 rows=100)
                -> Index range scan on sbtest1 using PRIMARY over (7264299 <= id <= 7264398)  (cost=20.4 rows=100)


table 2 : explain SELECT DISTINCT c FROM sbtest2 WHERE id BETWEEN 5366329 AND 5366428 ORDER BY c
	-> Sort: sbtest2.c
    -> Table scan on <temporary>  (cost=43.5..47.2 rows=100)
        -> Temporary table with deduplication  (cost=43.5..43.5 rows=100)
            -> Filter: (sbtest2.id between 5366329 and 5366428)  (cost=20.4 rows=100)
                -> Index range scan on sbtest2 using PRIMARY over (5366329 <= id <= 5366428)  (cost=20.4 rows=100)


table 3 : explain SELECT DISTINCT c FROM sbtest3 WHERE id BETWEEN 5477204 AND 5477303 ORDER BY c
	-> Sort: sbtest3.c
    -> Table scan on <temporary>  (cost=43.5..47.2 rows=100)
        -> Temporary table with deduplication  (cost=43.5..43.5 rows=100)
            -> Filter: (sbtest3.id between 5477204 and 5477303)  (cost=20.4 rows=100)
                -> Index range scan on sbtest3 using PRIMARY over (5477204 <= id <= 5477303)  (cost=20.4 rows=100)


table 4 : explain SELECT DISTINCT c FROM sbtest4 WHERE id BETWEEN 748284 AND 748383 ORDER BY c
	-> Sort: sbtest4.c
    -> Table scan on <temporary>  (cost=43.5..47.2 rows=100)
        -> Temporary table with deduplication  (cost=43.5..43.5 rows=100)
            -> Filter: (sbtest4.id between 748284 and 748383)  (cost=20.4 rows=100)
                -> Index range scan on sbtest4 using PRIMARY over (748284 <= id <= 748383)  (cost=20.4 rows=100)


table 5 : explain SELECT DISTINCT c FROM sbtest5 WHERE id BETWEEN 4939940 AND 4940039 ORDER BY c
	-> Sort: sbtest5.c
    -> Table scan on <temporary>  (cost=43.5..47.2 rows=100)
        -> Temporary table with deduplication  (cost=43.5..43.5 rows=100)
            -> Filter: (sbtest5.id between 4939940 and 4940039)  (cost=20.4 rows=100)
                -> Index range scan on sbtest5 using PRIMARY over (4939940 <= id <= 4940039)  (cost=20.4 rows=100)


table 6 : explain SELECT DISTINCT c FROM sbtest6 WHERE id BETWEEN 7880864 AND 7880963 ORDER BY c
	-> Sort: sbtest6.c
    -> Table scan on <temporary>  (cost=43.5..47.2 rows=100)
        -> Temporary table with deduplication  (cost=43.5..43.5 rows=100)
            -> Filter: (sbtest6.id between 7880864 and 7880963)  (cost=20.4 rows=100)
                -> Index range scan on sbtest6 using PRIMARY over (7880864 <= id <= 7880963)  (cost=20.4 rows=100)


table 7 : explain SELECT DISTINCT c FROM sbtest7 WHERE id BETWEEN 1350916 AND 1351015 ORDER BY c
	-> Sort: sbtest7.c
    -> Table scan on <temporary>  (cost=43.5..47.2 rows=100)
        -> Temporary table with deduplication  (cost=43.5..43.5 rows=100)
            -> Filter: (sbtest7.id between 1350916 and 1351015)  (cost=20.4 rows=100)
                -> Index range scan on sbtest7 using PRIMARY over (1350916 <= id <= 1351015)  (cost=20.4 rows=100)


table 8 : explain SELECT DISTINCT c FROM sbtest8 WHERE id BETWEEN 4364462 AND 4364561 ORDER BY c
	-> Sort: sbtest8.c
    -> Table scan on <temporary>  (cost=43.5..47.2 rows=100)
        -> Temporary table with deduplication  (cost=43.5..43.5 rows=100)
            -> Filter: (sbtest8.id between 4364462 and 4364561)  (cost=20.4 rows=100)
                -> Index range scan on sbtest8 using PRIMARY over (4364462 <= id <= 4364561)  (cost=20.4 rows=100)


for: distinct_ranges
table 1 : explain SELECT DISTINCT c FROM sbtest1 WHERE id BETWEEN 7699149 AND 7699248 ORDER BY c
	-> Sort: sbtest1.c
    -> Table scan on <temporary>  (cost=43.5..47.2 rows=100)
        -> Temporary table with deduplication  (cost=43.5..43.5 rows=100)
            -> Filter: (sbtest1.id between 7699149 and 7699248)  (cost=20.4 rows=100)
                -> Index range scan on sbtest1 using PRIMARY over (7699149 <= id <= 7699248)  (cost=20.4 rows=100)


table 2 : explain SELECT DISTINCT c FROM sbtest2 WHERE id BETWEEN 7805020 AND 7805119 ORDER BY c
	-> Sort: sbtest2.c
    -> Table scan on <temporary>  (cost=43.5..47.2 rows=100)
        -> Temporary table with deduplication  (cost=43.5..43.5 rows=100)
            -> Filter: (sbtest2.id between 7805020 and 7805119)  (cost=20.4 rows=100)
                -> Index range scan on sbtest2 using PRIMARY over (7805020 <= id <= 7805119)  (cost=20.4 rows=100)


table 3 : explain SELECT DISTINCT c FROM sbtest3 WHERE id BETWEEN 8821071 AND 8821170 ORDER BY c
	-> Sort: sbtest3.c
    -> Table scan on <temporary>  (cost=43.5..47.2 rows=100)
        -> Temporary table with deduplication  (cost=43.5..43.5 rows=100)
            -> Filter: (sbtest3.id between 8821071 and 8821170)  (cost=20.4 rows=100)
                -> Index range scan on sbtest3 using PRIMARY over (8821071 <= id <= 8821170)  (cost=20.4 rows=100)


table 4 : explain SELECT DISTINCT c FROM sbtest4 WHERE id BETWEEN 5068864 AND 5068963 ORDER BY c
	-> Sort: sbtest4.c
    -> Table scan on <temporary>  (cost=43.5..47.2 rows=100)
        -> Temporary table with deduplication  (cost=43.5..43.5 rows=100)
            -> Filter: (sbtest4.id between 5068864 and 5068963)  (cost=20.4 rows=100)
                -> Index range scan on sbtest4 using PRIMARY over (5068864 <= id <= 5068963)  (cost=20.4 rows=100)


table 5 : explain SELECT DISTINCT c FROM sbtest5 WHERE id BETWEEN 4658824 AND 4658923 ORDER BY c
	-> Sort: sbtest5.c
    -> Table scan on <temporary>  (cost=43.5..47.2 rows=100)
        -> Temporary table with deduplication  (cost=43.5..43.5 rows=100)
            -> Filter: (sbtest5.id between 4658824 and 4658923)  (cost=20.4 rows=100)
                -> Index range scan on sbtest5 using PRIMARY over (4658824 <= id <= 4658923)  (cost=20.4 rows=100)


table 6 : explain SELECT DISTINCT c FROM sbtest6 WHERE id BETWEEN 2836332 AND 2836431 ORDER BY c
	-> Sort: sbtest6.c
    -> Table scan on <temporary>  (cost=43.5..47.2 rows=100)
        -> Temporary table with deduplication  (cost=43.5..43.5 rows=100)
            -> Filter: (sbtest6.id between 2836332 and 2836431)  (cost=20.4 rows=100)
                -> Index range scan on sbtest6 using PRIMARY over (2836332 <= id <= 2836431)  (cost=20.4 rows=100)


table 7 : explain SELECT DISTINCT c FROM sbtest7 WHERE id BETWEEN 5748570 AND 5748669 ORDER BY c
	-> Sort: sbtest7.c
    -> Table scan on <temporary>  (cost=43.5..47.2 rows=100)
        -> Temporary table with deduplication  (cost=43.5..43.5 rows=100)
            -> Filter: (sbtest7.id between 5748570 and 5748669)  (cost=20.4 rows=100)
                -> Index range scan on sbtest7 using PRIMARY over (5748570 <= id <= 5748669)  (cost=20.4 rows=100)


table 8 : explain SELECT DISTINCT c FROM sbtest8 WHERE id BETWEEN 6635400 AND 6635499 ORDER BY c
	-> Sort: sbtest8.c
    -> Table scan on <temporary>  (cost=43.5..47.2 rows=100)
        -> Temporary table with deduplication  (cost=43.5..43.5 rows=100)
            -> Filter: (sbtest8.id between 6635400 and 6635499)  (cost=20.4 rows=100)
                -> Index range scan on sbtest8 using PRIMARY over (6635400 <= id <= 6635499)  (cost=20.4 rows=100)


for: distinct_ranges
table 1 : explain SELECT DISTINCT c FROM sbtest1 WHERE id BETWEEN 4109294 AND 4109393 ORDER BY c
	-> Sort: sbtest1.c
    -> Table scan on <temporary>  (cost=43.5..47.2 rows=100)
        -> Temporary table with deduplication  (cost=43.5..43.5 rows=100)
            -> Filter: (sbtest1.id between 4109294 and 4109393)  (cost=20.4 rows=100)
                -> Index range scan on sbtest1 using PRIMARY over (4109294 <= id <= 4109393)  (cost=20.4 rows=100)


table 2 : explain SELECT DISTINCT c FROM sbtest2 WHERE id BETWEEN 5060760 AND 5060859 ORDER BY c
	-> Sort: sbtest2.c
    -> Table scan on <temporary>  (cost=43.5..47.2 rows=100)
        -> Temporary table with deduplication  (cost=43.5..43.5 rows=100)
            -> Filter: (sbtest2.id between 5060760 and 5060859)  (cost=20.4 rows=100)
                -> Index range scan on sbtest2 using PRIMARY over (5060760 <= id <= 5060859)  (cost=20.4 rows=100)


table 3 : explain SELECT DISTINCT c FROM sbtest3 WHERE id BETWEEN 8863327 AND 8863426 ORDER BY c
	-> Sort: sbtest3.c
    -> Table scan on <temporary>  (cost=43.5..47.2 rows=100)
        -> Temporary table with deduplication  (cost=43.5..43.5 rows=100)
            -> Filter: (sbtest3.id between 8863327 and 8863426)  (cost=20.4 rows=100)
                -> Index range scan on sbtest3 using PRIMARY over (8863327 <= id <= 8863426)  (cost=20.4 rows=100)


table 4 : explain SELECT DISTINCT c FROM sbtest4 WHERE id BETWEEN 5442723 AND 5442822 ORDER BY c
	-> Sort: sbtest4.c
    -> Table scan on <temporary>  (cost=43.5..47.2 rows=100)
        -> Temporary table with deduplication  (cost=43.5..43.5 rows=100)
            -> Filter: (sbtest4.id between 5442723 and 5442822)  (cost=20.4 rows=100)
                -> Index range scan on sbtest4 using PRIMARY over (5442723 <= id <= 5442822)  (cost=20.4 rows=100)


table 5 : explain SELECT DISTINCT c FROM sbtest5 WHERE id BETWEEN 4478817 AND 4478916 ORDER BY c
	-> Sort: sbtest5.c
    -> Table scan on <temporary>  (cost=43.5..47.2 rows=100)
        -> Temporary table with deduplication  (cost=43.5..43.5 rows=100)
            -> Filter: (sbtest5.id between 4478817 and 4478916)  (cost=20.4 rows=100)
                -> Index range scan on sbtest5 using PRIMARY over (4478817 <= id <= 4478916)  (cost=20.4 rows=100)


table 6 : explain SELECT DISTINCT c FROM sbtest6 WHERE id BETWEEN 9412572 AND 9412671 ORDER BY c
	-> Sort: sbtest6.c
    -> Table scan on <temporary>  (cost=43.5..47.2 rows=100)
        -> Temporary table with deduplication  (cost=43.5..43.5 rows=100)
            -> Filter: (sbtest6.id between 9412572 and 9412671)  (cost=20.4 rows=100)
                -> Index range scan on sbtest6 using PRIMARY over (9412572 <= id <= 9412671)  (cost=20.4 rows=100)


table 7 : explain SELECT DISTINCT c FROM sbtest7 WHERE id BETWEEN 8909491 AND 8909590 ORDER BY c
	-> Sort: sbtest7.c
    -> Table scan on <temporary>  (cost=43.5..47.2 rows=100)
        -> Temporary table with deduplication  (cost=43.5..43.5 rows=100)
            -> Filter: (sbtest7.id between 8909491 and 8909590)  (cost=20.4 rows=100)
                -> Index range scan on sbtest7 using PRIMARY over (8909491 <= id <= 8909590)  (cost=20.4 rows=100)


table 8 : explain SELECT DISTINCT c FROM sbtest8 WHERE id BETWEEN 5521015 AND 5521114 ORDER BY c
	-> Sort: sbtest8.c
    -> Table scan on <temporary>  (cost=43.5..47.2 rows=100)
        -> Temporary table with deduplication  (cost=43.5..43.5 rows=100)
            -> Filter: (sbtest8.id between 5521015 and 5521114)  (cost=20.4 rows=100)
                -> Index range scan on sbtest8 using PRIMARY over (5521015 <= id <= 5521114)  (cost=20.4 rows=100)


for: distinct_ranges
table 1 : explain SELECT DISTINCT c FROM sbtest1 WHERE id BETWEEN 4743040 AND 4743139 ORDER BY c
	-> Sort: sbtest1.c
    -> Table scan on <temporary>  (cost=43.5..47.2 rows=100)
        -> Temporary table with deduplication  (cost=43.5..43.5 rows=100)
            -> Filter: (sbtest1.id between 4743040 and 4743139)  (cost=20.4 rows=100)
                -> Index range scan on sbtest1 using PRIMARY over (4743040 <= id <= 4743139)  (cost=20.4 rows=100)


table 2 : explain SELECT DISTINCT c FROM sbtest2 WHERE id BETWEEN 6369272 AND 6369371 ORDER BY c
	-> Sort: sbtest2.c
    -> Table scan on <temporary>  (cost=43.5..47.2 rows=100)
        -> Temporary table with deduplication  (cost=43.5..43.5 rows=100)
            -> Filter: (sbtest2.id between 6369272 and 6369371)  (cost=20.4 rows=100)
                -> Index range scan on sbtest2 using PRIMARY over (6369272 <= id <= 6369371)  (cost=20.4 rows=100)


table 3 : explain SELECT DISTINCT c FROM sbtest3 WHERE id BETWEEN 5389652 AND 5389751 ORDER BY c
	-> Sort: sbtest3.c
    -> Table scan on <temporary>  (cost=43.5..47.2 rows=100)
        -> Temporary table with deduplication  (cost=43.5..43.5 rows=100)
            -> Filter: (sbtest3.id between 5389652 and 5389751)  (cost=20.4 rows=100)
                -> Index range scan on sbtest3 using PRIMARY over (5389652 <= id <= 5389751)  (cost=20.4 rows=100)


table 4 : explain SELECT DISTINCT c FROM sbtest4 WHERE id BETWEEN 4858600 AND 4858699 ORDER BY c
	-> Sort: sbtest4.c
    -> Table scan on <temporary>  (cost=43.5..47.2 rows=100)
        -> Temporary table with deduplication  (cost=43.5..43.5 rows=100)
            -> Filter: (sbtest4.id between 4858600 and 4858699)  (cost=20.4 rows=100)
                -> Index range scan on sbtest4 using PRIMARY over (4858600 <= id <= 4858699)  (cost=20.4 rows=100)


table 5 : explain SELECT DISTINCT c FROM sbtest5 WHERE id BETWEEN 7400401 AND 7400500 ORDER BY c
	-> Sort: sbtest5.c
    -> Table scan on <temporary>  (cost=43.5..47.2 rows=100)
        -> Temporary table with deduplication  (cost=43.5..43.5 rows=100)
            -> Filter: (sbtest5.id between 7400401 and 7400500)  (cost=20.4 rows=100)
                -> Index range scan on sbtest5 using PRIMARY over (7400401 <= id <= 7400500)  (cost=20.4 rows=100)


table 6 : explain SELECT DISTINCT c FROM sbtest6 WHERE id BETWEEN 79648 AND 79747 ORDER BY c
	-> Sort: sbtest6.c
    -> Table scan on <temporary>  (cost=43.5..47.2 rows=100)
        -> Temporary table with deduplication  (cost=43.5..43.5 rows=100)
            -> Filter: (sbtest6.id between 79648 and 79747)  (cost=20.4 rows=100)
                -> Index range scan on sbtest6 using PRIMARY over (79648 <= id <= 79747)  (cost=20.4 rows=100)


table 7 : explain SELECT DISTINCT c FROM sbtest7 WHERE id BETWEEN 8000246 AND 8000345 ORDER BY c
	-> Sort: sbtest7.c
    -> Table scan on <temporary>  (cost=43.5..47.2 rows=100)
        -> Temporary table with deduplication  (cost=43.5..43.5 rows=100)
            -> Filter: (sbtest7.id between 8000246 and 8000345)  (cost=20.4 rows=100)
                -> Index range scan on sbtest7 using PRIMARY over (8000246 <= id <= 8000345)  (cost=20.4 rows=100)


table 8 : explain SELECT DISTINCT c FROM sbtest8 WHERE id BETWEEN 8457789 AND 8457888 ORDER BY c
	-> Sort: sbtest8.c
    -> Table scan on <temporary>  (cost=43.5..47.2 rows=100)
        -> Temporary table with deduplication  (cost=43.5..43.5 rows=100)
            -> Filter: (sbtest8.id between 8457789 and 8457888)  (cost=20.4 rows=100)
                -> Index range scan on sbtest8 using PRIMARY over (8457789 <= id <= 8457888)  (cost=20.4 rows=100)


for: order_ranges
table 1 : explain SELECT c FROM sbtest1 WHERE id BETWEEN 8332740 AND 8332839 ORDER BY c
	-> Sort: sbtest1.c  (cost=20.4 rows=100)
    -> Filter: (sbtest1.id between 8332740 and 8332839)  (cost=20.4 rows=100)
        -> Index range scan on sbtest1 using PRIMARY over (8332740 <= id <= 8332839)  (cost=20.4 rows=100)


table 2 : explain SELECT c FROM sbtest2 WHERE id BETWEEN 4831329 AND 4831428 ORDER BY c
	-> Sort: sbtest2.c  (cost=20.4 rows=100)
    -> Filter: (sbtest2.id between 4831329 and 4831428)  (cost=20.4 rows=100)
        -> Index range scan on sbtest2 using PRIMARY over (4831329 <= id <= 4831428)  (cost=20.4 rows=100)


table 3 : explain SELECT c FROM sbtest3 WHERE id BETWEEN 2567128 AND 2567227 ORDER BY c
	-> Sort: sbtest3.c  (cost=20.4 rows=100)
    -> Filter: (sbtest3.id between 2567128 and 2567227)  (cost=20.4 rows=100)
        -> Index range scan on sbtest3 using PRIMARY over (2567128 <= id <= 2567227)  (cost=20.4 rows=100)


table 4 : explain SELECT c FROM sbtest4 WHERE id BETWEEN 1982587 AND 1982686 ORDER BY c
	-> Sort: sbtest4.c  (cost=20.4 rows=100)
    -> Filter: (sbtest4.id between 1982587 and 1982686)  (cost=20.4 rows=100)
        -> Index range scan on sbtest4 using PRIMARY over (1982587 <= id <= 1982686)  (cost=20.4 rows=100)


table 5 : explain SELECT c FROM sbtest5 WHERE id BETWEEN 7438218 AND 7438317 ORDER BY c
	-> Sort: sbtest5.c  (cost=20.4 rows=100)
    -> Filter: (sbtest5.id between 7438218 and 7438317)  (cost=20.4 rows=100)
        -> Index range scan on sbtest5 using PRIMARY over (7438218 <= id <= 7438317)  (cost=20.4 rows=100)


table 6 : explain SELECT c FROM sbtest6 WHERE id BETWEEN 1560176 AND 1560275 ORDER BY c
	-> Sort: sbtest6.c  (cost=20.4 rows=100)
    -> Filter: (sbtest6.id between 1560176 and 1560275)  (cost=20.4 rows=100)
        -> Index range scan on sbtest6 using PRIMARY over (1560176 <= id <= 1560275)  (cost=20.4 rows=100)


table 7 : explain SELECT c FROM sbtest7 WHERE id BETWEEN 9668615 AND 9668714 ORDER BY c
	-> Sort: sbtest7.c  (cost=20.4 rows=100)
    -> Filter: (sbtest7.id between 9668615 and 9668714)  (cost=20.4 rows=100)
        -> Index range scan on sbtest7 using PRIMARY over (9668615 <= id <= 9668714)  (cost=20.4 rows=100)


table 8 : explain SELECT c FROM sbtest8 WHERE id BETWEEN 7650277 AND 7650376 ORDER BY c
	-> Sort: sbtest8.c  (cost=20.4 rows=100)
    -> Filter: (sbtest8.id between 7650277 and 7650376)  (cost=20.4 rows=100)
        -> Index range scan on sbtest8 using PRIMARY over (7650277 <= id <= 7650376)  (cost=20.4 rows=100)


for: distinct_ranges
table 1 : explain SELECT DISTINCT c FROM sbtest1 WHERE id BETWEEN 5278799 AND 5278898 ORDER BY c
	-> Sort: sbtest1.c
    -> Table scan on <temporary>  (cost=43.5..47.2 rows=100)
        -> Temporary table with deduplication  (cost=43.5..43.5 rows=100)
            -> Filter: (sbtest1.id between 5278799 and 5278898)  (cost=20.4 rows=100)
                -> Index range scan on sbtest1 using PRIMARY over (5278799 <= id <= 5278898)  (cost=20.4 rows=100)


table 2 : explain SELECT DISTINCT c FROM sbtest2 WHERE id BETWEEN 5434869 AND 5434968 ORDER BY c
	-> Sort: sbtest2.c
    -> Table scan on <temporary>  (cost=43.5..47.2 rows=100)
        -> Temporary table with deduplication  (cost=43.5..43.5 rows=100)
            -> Filter: (sbtest2.id between 5434869 and 5434968)  (cost=20.4 rows=100)
                -> Index range scan on sbtest2 using PRIMARY over (5434869 <= id <= 5434968)  (cost=20.4 rows=100)


table 3 : explain SELECT DISTINCT c FROM sbtest3 WHERE id BETWEEN 3633396 AND 3633495 ORDER BY c
	-> Sort: sbtest3.c
    -> Table scan on <temporary>  (cost=43.5..47.2 rows=100)
        -> Temporary table with deduplication  (cost=43.5..43.5 rows=100)
            -> Filter: (sbtest3.id between 3633396 and 3633495)  (cost=20.4 rows=100)
                -> Index range scan on sbtest3 using PRIMARY over (3633396 <= id <= 3633495)  (cost=20.4 rows=100)


table 4 : explain SELECT DISTINCT c FROM sbtest4 WHERE id BETWEEN 5741017 AND 5741116 ORDER BY c
	-> Sort: sbtest4.c
    -> Table scan on <temporary>  (cost=43.5..47.2 rows=100)
        -> Temporary table with deduplication  (cost=43.5..43.5 rows=100)
            -> Filter: (sbtest4.id between 5741017 and 5741116)  (cost=20.4 rows=100)
                -> Index range scan on sbtest4 using PRIMARY over (5741017 <= id <= 5741116)  (cost=20.4 rows=100)


table 5 : explain SELECT DISTINCT c FROM sbtest5 WHERE id BETWEEN 756916 AND 757015 ORDER BY c
	-> Sort: sbtest5.c
    -> Table scan on <temporary>  (cost=43.5..47.2 rows=100)
        -> Temporary table with deduplication  (cost=43.5..43.5 rows=100)
            -> Filter: (sbtest5.id between 756916 and 757015)  (cost=20.4 rows=100)
                -> Index range scan on sbtest5 using PRIMARY over (756916 <= id <= 757015)  (cost=20.4 rows=100)


table 6 : explain SELECT DISTINCT c FROM sbtest6 WHERE id BETWEEN 4388140 AND 4388239 ORDER BY c
	-> Sort: sbtest6.c
    -> Table scan on <temporary>  (cost=43.5..47.2 rows=100)
        -> Temporary table with deduplication  (cost=43.5..43.5 rows=100)
            -> Filter: (sbtest6.id between 4388140 and 4388239)  (cost=20.4 rows=100)
                -> Index range scan on sbtest6 using PRIMARY over (4388140 <= id <= 4388239)  (cost=20.4 rows=100)


table 7 : explain SELECT DISTINCT c FROM sbtest7 WHERE id BETWEEN 2065431 AND 2065530 ORDER BY c
	-> Sort: sbtest7.c
    -> Table scan on <temporary>  (cost=43.5..47.2 rows=100)
        -> Temporary table with deduplication  (cost=43.5..43.5 rows=100)
            -> Filter: (sbtest7.id between 2065431 and 2065530)  (cost=20.4 rows=100)
                -> Index range scan on sbtest7 using PRIMARY over (2065431 <= id <= 2065530)  (cost=20.4 rows=100)


table 8 : explain SELECT DISTINCT c FROM sbtest8 WHERE id BETWEEN 5641379 AND 5641478 ORDER BY c
	-> Sort: sbtest8.c
    -> Table scan on <temporary>  (cost=43.5..47.2 rows=100)
        -> Temporary table with deduplication  (cost=43.5..43.5 rows=100)
            -> Filter: (sbtest8.id between 5641379 and 5641478)  (cost=20.4 rows=100)
                -> Index range scan on sbtest8 using PRIMARY over (5641379 <= id <= 5641478)  (cost=20.4 rows=100)


for: distinct_ranges
table 1 : explain SELECT DISTINCT c FROM sbtest1 WHERE id BETWEEN 7041014 AND 7041113 ORDER BY c
	-> Sort: sbtest1.c
    -> Table scan on <temporary>  (cost=43.5..47.2 rows=100)
        -> Temporary table with deduplication  (cost=43.5..43.5 rows=100)
            -> Filter: (sbtest1.id between 7041014 and 7041113)  (cost=20.4 rows=100)
                -> Index range scan on sbtest1 using PRIMARY over (7041014 <= id <= 7041113)  (cost=20.4 rows=100)


table 2 : explain SELECT DISTINCT c FROM sbtest2 WHERE id BETWEEN 3857145 AND 3857244 ORDER BY c
	-> Sort: sbtest2.c
    -> Table scan on <temporary>  (cost=43.5..47.2 rows=100)
        -> Temporary table with deduplication  (cost=43.5..43.5 rows=100)
            -> Filter: (sbtest2.id between 3857145 and 3857244)  (cost=20.4 rows=100)
                -> Index range scan on sbtest2 using PRIMARY over (3857145 <= id <= 3857244)  (cost=20.4 rows=100)


table 3 : explain SELECT DISTINCT c FROM sbtest3 WHERE id BETWEEN 8975710 AND 8975809 ORDER BY c
	-> Sort: sbtest3.c
    -> Table scan on <temporary>  (cost=43.5..47.2 rows=100)
        -> Temporary table with deduplication  (cost=43.5..43.5 rows=100)
            -> Filter: (sbtest3.id between 8975710 and 8975809)  (cost=20.4 rows=100)
                -> Index range scan on sbtest3 using PRIMARY over (8975710 <= id <= 8975809)  (cost=20.4 rows=100)


table 4 : explain SELECT DISTINCT c FROM sbtest4 WHERE id BETWEEN 4527817 AND 4527916 ORDER BY c
	-> Sort: sbtest4.c
    -> Table scan on <temporary>  (cost=43.5..47.2 rows=100)
        -> Temporary table with deduplication  (cost=43.5..43.5 rows=100)
            -> Filter: (sbtest4.id between 4527817 and 4527916)  (cost=20.4 rows=100)
                -> Index range scan on sbtest4 using PRIMARY over (4527817 <= id <= 4527916)  (cost=20.4 rows=100)


table 5 : explain SELECT DISTINCT c FROM sbtest5 WHERE id BETWEEN 388137 AND 388236 ORDER BY c
	-> Sort: sbtest5.c
    -> Table scan on <temporary>  (cost=43.5..47.2 rows=100)
        -> Temporary table with deduplication  (cost=43.5..43.5 rows=100)
            -> Filter: (sbtest5.id between 388137 and 388236)  (cost=20.4 rows=100)
                -> Index range scan on sbtest5 using PRIMARY over (388137 <= id <= 388236)  (cost=20.4 rows=100)


table 6 : explain SELECT DISTINCT c FROM sbtest6 WHERE id BETWEEN 1396744 AND 1396843 ORDER BY c
	-> Sort: sbtest6.c
    -> Table scan on <temporary>  (cost=43.5..47.2 rows=100)
        -> Temporary table with deduplication  (cost=43.5..43.5 rows=100)
            -> Filter: (sbtest6.id between 1396744 and 1396843)  (cost=20.4 rows=100)
                -> Index range scan on sbtest6 using PRIMARY over (1396744 <= id <= 1396843)  (cost=20.4 rows=100)


table 7 : explain SELECT DISTINCT c FROM sbtest7 WHERE id BETWEEN 808601 AND 808700 ORDER BY c
	-> Sort: sbtest7.c
    -> Table scan on <temporary>  (cost=43.5..47.2 rows=100)
        -> Temporary table with deduplication  (cost=43.5..43.5 rows=100)
            -> Filter: (sbtest7.id between 808601 and 808700)  (cost=20.4 rows=100)
                -> Index range scan on sbtest7 using PRIMARY over (808601 <= id <= 808700)  (cost=20.4 rows=100)


table 8 : explain SELECT DISTINCT c FROM sbtest8 WHERE id BETWEEN 1305759 AND 1305858 ORDER BY c
	-> Sort: sbtest8.c
    -> Table scan on <temporary>  (cost=43.5..47.2 rows=100)
        -> Temporary table with deduplication  (cost=43.5..43.5 rows=100)
            -> Filter: (sbtest8.id between 1305759 and 1305858)  (cost=20.4 rows=100)
                -> Index range scan on sbtest8 using PRIMARY over (1305759 <= id <= 1305858)  (cost=20.4 rows=100)


for: distinct_ranges
table 1 : explain SELECT DISTINCT c FROM sbtest1 WHERE id BETWEEN 9585422 AND 9585521 ORDER BY c
	-> Sort: sbtest1.c
    -> Table scan on <temporary>  (cost=43.5..47.2 rows=100)
        -> Temporary table with deduplication  (cost=43.5..43.5 rows=100)
            -> Filter: (sbtest1.id between 9585422 and 9585521)  (cost=20.4 rows=100)
                -> Index range scan on sbtest1 using PRIMARY over (9585422 <= id <= 9585521)  (cost=20.4 rows=100)


table 2 : explain SELECT DISTINCT c FROM sbtest2 WHERE id BETWEEN 6467724 AND 6467823 ORDER BY c
	-> Sort: sbtest2.c
    -> Table scan on <temporary>  (cost=43.5..47.2 rows=100)
        -> Temporary table with deduplication  (cost=43.5..43.5 rows=100)
            -> Filter: (sbtest2.id between 6467724 and 6467823)  (cost=20.4 rows=100)
                -> Index range scan on sbtest2 using PRIMARY over (6467724 <= id <= 6467823)  (cost=20.4 rows=100)


table 3 : explain SELECT DISTINCT c FROM sbtest3 WHERE id BETWEEN 731167 AND 731266 ORDER BY c
	-> Sort: sbtest3.c
    -> Table scan on <temporary>  (cost=43.5..47.2 rows=100)
        -> Temporary table with deduplication  (cost=43.5..43.5 rows=100)
            -> Filter: (sbtest3.id between 731167 and 731266)  (cost=20.4 rows=100)
                -> Index range scan on sbtest3 using PRIMARY over (731167 <= id <= 731266)  (cost=20.4 rows=100)


table 4 : explain SELECT DISTINCT c FROM sbtest4 WHERE id BETWEEN 9855519 AND 9855618 ORDER BY c
	-> Sort: sbtest4.c
    -> Table scan on <temporary>  (cost=43.5..47.2 rows=100)
        -> Temporary table with deduplication  (cost=43.5..43.5 rows=100)
            -> Filter: (sbtest4.id between 9855519 and 9855618)  (cost=20.4 rows=100)
                -> Index range scan on sbtest4 using PRIMARY over (9855519 <= id <= 9855618)  (cost=20.4 rows=100)


table 5 : explain SELECT DISTINCT c FROM sbtest5 WHERE id BETWEEN 4164419 AND 4164518 ORDER BY c
	-> Sort: sbtest5.c
    -> Table scan on <temporary>  (cost=43.5..47.2 rows=100)
        -> Temporary table with deduplication  (cost=43.5..43.5 rows=100)
            -> Filter: (sbtest5.id between 4164419 and 4164518)  (cost=20.4 rows=100)
                -> Index range scan on sbtest5 using PRIMARY over (4164419 <= id <= 4164518)  (cost=20.4 rows=100)


table 6 : explain SELECT DISTINCT c FROM sbtest6 WHERE id BETWEEN 8249832 AND 8249931 ORDER BY c
	-> Sort: sbtest6.c
    -> Table scan on <temporary>  (cost=43.5..47.2 rows=100)
        -> Temporary table with deduplication  (cost=43.5..43.5 rows=100)
            -> Filter: (sbtest6.id between 8249832 and 8249931)  (cost=20.4 rows=100)
                -> Index range scan on sbtest6 using PRIMARY over (8249832 <= id <= 8249931)  (cost=20.4 rows=100)


table 7 : explain SELECT DISTINCT c FROM sbtest7 WHERE id BETWEEN 1652679 AND 1652778 ORDER BY c
	-> Sort: sbtest7.c
    -> Table scan on <temporary>  (cost=43.5..47.2 rows=100)
        -> Temporary table with deduplication  (cost=43.5..43.5 rows=100)
            -> Filter: (sbtest7.id between 1652679 and 1652778)  (cost=20.4 rows=100)
                -> Index range scan on sbtest7 using PRIMARY over (1652679 <= id <= 1652778)  (cost=20.4 rows=100)


table 8 : explain SELECT DISTINCT c FROM sbtest8 WHERE id BETWEEN 719890 AND 719989 ORDER BY c
	-> Sort: sbtest8.c
    -> Table scan on <temporary>  (cost=43.5..47.2 rows=100)
        -> Temporary table with deduplication  (cost=43.5..43.5 rows=100)
            -> Filter: (sbtest8.id between 719890 and 719989)  (cost=20.4 rows=100)
                -> Index range scan on sbtest8 using PRIMARY over (719890 <= id <= 719989)  (cost=20.4 rows=100)


for: order_ranges
table 1 : explain SELECT c FROM sbtest1 WHERE id BETWEEN 4067665 AND 4067764 ORDER BY c
	-> Sort: sbtest1.c  (cost=20.4 rows=100)
    -> Filter: (sbtest1.id between 4067665 and 4067764)  (cost=20.4 rows=100)
        -> Index range scan on sbtest1 using PRIMARY over (4067665 <= id <= 4067764)  (cost=20.4 rows=100)


table 2 : explain SELECT c FROM sbtest2 WHERE id BETWEEN 5672730 AND 5672829 ORDER BY c
	-> Sort: sbtest2.c  (cost=20.4 rows=100)
    -> Filter: (sbtest2.id between 5672730 and 5672829)  (cost=20.4 rows=100)
        -> Index range scan on sbtest2 using PRIMARY over (5672730 <= id <= 5672829)  (cost=20.4 rows=100)


table 3 : explain SELECT c FROM sbtest3 WHERE id BETWEEN 1133070 AND 1133169 ORDER BY c
	-> Sort: sbtest3.c  (cost=20.4 rows=100)
    -> Filter: (sbtest3.id between 1133070 and 1133169)  (cost=20.4 rows=100)
        -> Index range scan on sbtest3 using PRIMARY over (1133070 <= id <= 1133169)  (cost=20.4 rows=100)


table 4 : explain SELECT c FROM sbtest4 WHERE id BETWEEN 8056547 AND 8056646 ORDER BY c
	-> Sort: sbtest4.c  (cost=20.4 rows=100)
    -> Filter: (sbtest4.id between 8056547 and 8056646)  (cost=20.4 rows=100)
        -> Index range scan on sbtest4 using PRIMARY over (8056547 <= id <= 8056646)  (cost=20.4 rows=100)


table 5 : explain SELECT c FROM sbtest5 WHERE id BETWEEN 9187696 AND 9187795 ORDER BY c
	-> Sort: sbtest5.c  (cost=20.4 rows=100)
    -> Filter: (sbtest5.id between 9187696 and 9187795)  (cost=20.4 rows=100)
        -> Index range scan on sbtest5 using PRIMARY over (9187696 <= id <= 9187795)  (cost=20.4 rows=100)


table 6 : explain SELECT c FROM sbtest6 WHERE id BETWEEN 895440 AND 895539 ORDER BY c
	-> Sort: sbtest6.c  (cost=20.4 rows=100)
    -> Filter: (sbtest6.id between 895440 and 895539)  (cost=20.4 rows=100)
        -> Index range scan on sbtest6 using PRIMARY over (895440 <= id <= 895539)  (cost=20.4 rows=100)


table 7 : explain SELECT c FROM sbtest7 WHERE id BETWEEN 9053534 AND 9053633 ORDER BY c
	-> Sort: sbtest7.c  (cost=20.4 rows=100)
    -> Filter: (sbtest7.id between 9053534 and 9053633)  (cost=20.4 rows=100)
        -> Index range scan on sbtest7 using PRIMARY over (9053534 <= id <= 9053633)  (cost=20.4 rows=100)


table 8 : explain SELECT c FROM sbtest8 WHERE id BETWEEN 2485795 AND 2485894 ORDER BY c
	-> Sort: sbtest8.c  (cost=20.4 rows=100)
    -> Filter: (sbtest8.id between 2485795 and 2485894)  (cost=20.4 rows=100)
        -> Index range scan on sbtest8 using PRIMARY over (2485795 <= id <= 2485894)  (cost=20.4 rows=100)


for: distinct_ranges
table 1 : explain SELECT DISTINCT c FROM sbtest1 WHERE id BETWEEN 2376776 AND 2376875 ORDER BY c
	-> Sort: sbtest1.c
    -> Table scan on <temporary>  (cost=43.5..47.2 rows=100)
        -> Temporary table with deduplication  (cost=43.5..43.5 rows=100)
            -> Filter: (sbtest1.id between 2376776 and 2376875)  (cost=20.4 rows=100)
                -> Index range scan on sbtest1 using PRIMARY over (2376776 <= id <= 2376875)  (cost=20.4 rows=100)


table 2 : explain SELECT DISTINCT c FROM sbtest2 WHERE id BETWEEN 2467333 AND 2467432 ORDER BY c
	-> Sort: sbtest2.c
    -> Table scan on <temporary>  (cost=43.5..47.2 rows=100)
        -> Temporary table with deduplication  (cost=43.5..43.5 rows=100)
            -> Filter: (sbtest2.id between 2467333 and 2467432)  (cost=20.4 rows=100)
                -> Index range scan on sbtest2 using PRIMARY over (2467333 <= id <= 2467432)  (cost=20.4 rows=100)


table 3 : explain SELECT DISTINCT c FROM sbtest3 WHERE id BETWEEN 9365874 AND 9365973 ORDER BY c
	-> Sort: sbtest3.c
    -> Table scan on <temporary>  (cost=43.5..47.2 rows=100)
        -> Temporary table with deduplication  (cost=43.5..43.5 rows=100)
            -> Filter: (sbtest3.id between 9365874 and 9365973)  (cost=20.4 rows=100)
                -> Index range scan on sbtest3 using PRIMARY over (9365874 <= id <= 9365973)  (cost=20.4 rows=100)


table 4 : explain SELECT DISTINCT c FROM sbtest4 WHERE id BETWEEN 143424 AND 143523 ORDER BY c
	-> Sort: sbtest4.c
    -> Table scan on <temporary>  (cost=43.5..47.2 rows=100)
        -> Temporary table with deduplication  (cost=43.5..43.5 rows=100)
            -> Filter: (sbtest4.id between 143424 and 143523)  (cost=20.4 rows=100)
                -> Index range scan on sbtest4 using PRIMARY over (143424 <= id <= 143523)  (cost=20.4 rows=100)


table 5 : explain SELECT DISTINCT c FROM sbtest5 WHERE id BETWEEN 9312865 AND 9312964 ORDER BY c
	-> Sort: sbtest5.c
    -> Table scan on <temporary>  (cost=43.5..47.2 rows=100)
        -> Temporary table with deduplication  (cost=43.5..43.5 rows=100)
            -> Filter: (sbtest5.id between 9312865 and 9312964)  (cost=20.4 rows=100)
                -> Index range scan on sbtest5 using PRIMARY over (9312865 <= id <= 9312964)  (cost=20.4 rows=100)


table 6 : explain SELECT DISTINCT c FROM sbtest6 WHERE id BETWEEN 8170345 AND 8170444 ORDER BY c
	-> Sort: sbtest6.c
    -> Table scan on <temporary>  (cost=43.5..47.2 rows=100)
        -> Temporary table with deduplication  (cost=43.5..43.5 rows=100)
            -> Filter: (sbtest6.id between 8170345 and 8170444)  (cost=20.4 rows=100)
                -> Index range scan on sbtest6 using PRIMARY over (8170345 <= id <= 8170444)  (cost=20.4 rows=100)


table 7 : explain SELECT DISTINCT c FROM sbtest7 WHERE id BETWEEN 5480201 AND 5480300 ORDER BY c
	-> Sort: sbtest7.c
    -> Table scan on <temporary>  (cost=43.5..47.2 rows=100)
        -> Temporary table with deduplication  (cost=43.5..43.5 rows=100)
            -> Filter: (sbtest7.id between 5480201 and 5480300)  (cost=20.4 rows=100)
                -> Index range scan on sbtest7 using PRIMARY over (5480201 <= id <= 5480300)  (cost=20.4 rows=100)


table 8 : explain SELECT DISTINCT c FROM sbtest8 WHERE id BETWEEN 5359361 AND 5359460 ORDER BY c
	-> Sort: sbtest8.c
    -> Table scan on <temporary>  (cost=43.5..47.2 rows=100)
        -> Temporary table with deduplication  (cost=43.5..43.5 rows=100)
            -> Filter: (sbtest8.id between 5359361 and 5359460)  (cost=20.4 rows=100)
                -> Index range scan on sbtest8 using PRIMARY over (5359361 <= id <= 5359460)  (cost=20.4 rows=100)

for: distinct_ranges
table 1 : explain SELECT DISTINCT c FROM sbtest1 WHERE id BETWEEN 4209043 AND 4209142 ORDER BY c
	-> Sort: sbtest1.c
    -> Table scan on <temporary>  (cost=43.5..47.2 rows=100)
        -> Temporary table with deduplication  (cost=43.5..43.5 rows=100)
            -> Filter: (sbtest1.id between 4209043 and 4209142)  (cost=20.4 rows=100)
                -> Index range scan on sbtest1 using PRIMARY over (4209043 <= id <= 4209142)  (cost=20.4 rows=100)


table 2 : explain SELECT DISTINCT c FROM sbtest2 WHERE id BETWEEN 8224370 AND 8224469 ORDER BY c
	-> Sort: sbtest2.c
    -> Table scan on <temporary>  (cost=43.5..47.2 rows=100)
        -> Temporary table with deduplication  (cost=43.5..43.5 rows=100)
            -> Filter: (sbtest2.id between 8224370 and 8224469)  (cost=20.4 rows=100)
                -> Index range scan on sbtest2 using PRIMARY over (8224370 <= id <= 8224469)  (cost=20.4 rows=100)


table 3 : explain SELECT DISTINCT c FROM sbtest3 WHERE id BETWEEN 8311604 AND 8311703 ORDER BY c
	-> Sort: sbtest3.c
    -> Table scan on <temporary>  (cost=43.5..47.2 rows=100)
        -> Temporary table with deduplication  (cost=43.5..43.5 rows=100)
            -> Filter: (sbtest3.id between 8311604 and 8311703)  (cost=20.4 rows=100)
                -> Index range scan on sbtest3 using PRIMARY over (8311604 <= id <= 8311703)  (cost=20.4 rows=100)


table 4 : explain SELECT DISTINCT c FROM sbtest4 WHERE id BETWEEN 4260336 AND 4260435 ORDER BY c
	-> Sort: sbtest4.c
    -> Table scan on <temporary>  (cost=43.5..47.2 rows=100)
        -> Temporary table with deduplication  (cost=43.5..43.5 rows=100)
            -> Filter: (sbtest4.id between 4260336 and 4260435)  (cost=20.4 rows=100)
                -> Index range scan on sbtest4 using PRIMARY over (4260336 <= id <= 4260435)  (cost=20.4 rows=100)


table 5 : explain SELECT DISTINCT c FROM sbtest5 WHERE id BETWEEN 9867544 AND 9867643 ORDER BY c
	-> Sort: sbtest5.c
    -> Table scan on <temporary>  (cost=43.5..47.2 rows=100)
        -> Temporary table with deduplication  (cost=43.5..43.5 rows=100)
            -> Filter: (sbtest5.id between 9867544 and 9867643)  (cost=20.4 rows=100)
                -> Index range scan on sbtest5 using PRIMARY over (9867544 <= id <= 9867643)  (cost=20.4 rows=100)


table 6 : explain SELECT DISTINCT c FROM sbtest6 WHERE id BETWEEN 7274934 AND 7275033 ORDER BY c
	-> Sort: sbtest6.c
    -> Table scan on <temporary>  (cost=43.5..47.2 rows=100)
        -> Temporary table with deduplication  (cost=43.5..43.5 rows=100)
            -> Filter: (sbtest6.id between 7274934 and 7275033)  (cost=20.4 rows=100)
                -> Index range scan on sbtest6 using PRIMARY over (7274934 <= id <= 7275033)  (cost=20.4 rows=100)


table 7 : explain SELECT DISTINCT c FROM sbtest7 WHERE id BETWEEN 985449 AND 985548 ORDER BY c
	-> Sort: sbtest7.c
    -> Table scan on <temporary>  (cost=43.5..47.2 rows=100)
        -> Temporary table with deduplication  (cost=43.5..43.5 rows=100)
            -> Filter: (sbtest7.id between 985449 and 985548)  (cost=20.4 rows=100)
                -> Index range scan on sbtest7 using PRIMARY over (985449 <= id <= 985548)  (cost=20.4 rows=100)


table 8 : explain SELECT DISTINCT c FROM sbtest8 WHERE id BETWEEN 4754670 AND 4754769 ORDER BY c
	-> Sort: sbtest8.c
    -> Table scan on <temporary>  (cost=43.5..47.2 rows=100)
        -> Temporary table with deduplication  (cost=43.5..43.5 rows=100)
            -> Filter: (sbtest8.id between 4754670 and 4754769)  (cost=20.4 rows=100)
                -> Index range scan on sbtest8 using PRIMARY over (4754670 <= id <= 4754769)  (cost=20.4 rows=100)



for: order_ranges
table 1 : explain SELECT c FROM sbtest1 WHERE id BETWEEN 5160438 AND 5160537 ORDER BY c
	-> Sort: sbtest1.c  (cost=20.4 rows=100)
    -> Filter: (sbtest1.id between 5160438 and 5160537)  (cost=20.4 rows=100)
        -> Index range scan on sbtest1 using PRIMARY over (5160438 <= id <= 5160537)  (cost=20.4 rows=100)


table 2 : explain SELECT c FROM sbtest2 WHERE id BETWEEN 5647667 AND 5647766 ORDER BY c
	-> Sort: sbtest2.c  (cost=20.4 rows=100)
    -> Filter: (sbtest2.id between 5647667 and 5647766)  (cost=20.4 rows=100)
        -> Index range scan on sbtest2 using PRIMARY over (5647667 <= id <= 5647766)  (cost=20.4 rows=100)


table 3 : explain SELECT c FROM sbtest3 WHERE id BETWEEN 2540362 AND 2540461 ORDER BY c
	-> Sort: sbtest3.c  (cost=20.4 rows=100)
    -> Filter: (sbtest3.id between 2540362 and 2540461)  (cost=20.4 rows=100)
        -> Index range scan on sbtest3 using PRIMARY over (2540362 <= id <= 2540461)  (cost=20.4 rows=100)


table 4 : explain SELECT c FROM sbtest4 WHERE id BETWEEN 5085217 AND 5085316 ORDER BY c
	-> Sort: sbtest4.c  (cost=20.4 rows=100)
    -> Filter: (sbtest4.id between 5085217 and 5085316)  (cost=20.4 rows=100)
        -> Index range scan on sbtest4 using PRIMARY over (5085217 <= id <= 5085316)  (cost=20.4 rows=100)


table 5 : explain SELECT c FROM sbtest5 WHERE id BETWEEN 9955038 AND 9955137 ORDER BY c
	-> Sort: sbtest5.c  (cost=20.4 rows=100)
    -> Filter: (sbtest5.id between 9955038 and 9955137)  (cost=20.4 rows=100)
        -> Index range scan on sbtest5 using PRIMARY over (9955038 <= id <= 9955137)  (cost=20.4 rows=100)


table 6 : explain SELECT c FROM sbtest6 WHERE id BETWEEN 7277033 AND 7277132 ORDER BY c
	-> Sort: sbtest6.c  (cost=20.4 rows=100)
    -> Filter: (sbtest6.id between 7277033 and 7277132)  (cost=20.4 rows=100)
        -> Index range scan on sbtest6 using PRIMARY over (7277033 <= id <= 7277132)  (cost=20.4 rows=100)


table 7 : explain SELECT c FROM sbtest7 WHERE id BETWEEN 576999 AND 577098 ORDER BY c
	-> Sort: sbtest7.c  (cost=20.4 rows=100)
    -> Filter: (sbtest7.id between 576999 and 577098)  (cost=20.4 rows=100)
        -> Index range scan on sbtest7 using PRIMARY over (576999 <= id <= 577098)  (cost=20.4 rows=100)


table 8 : explain SELECT c FROM sbtest8 WHERE id BETWEEN 7186606 AND 7186705 ORDER BY c
	-> Sort: sbtest8.c  (cost=20.4 rows=100)
    -> Filter: (sbtest8.id between 7186606 and 7186705)  (cost=20.4 rows=100)
        -> Index range scan on sbtest8 using PRIMARY over (7186606 <= id <= 7186705)  (cost=20.4 rows=100)


for: order_ranges
table 1 : explain SELECT c FROM sbtest1 WHERE id BETWEEN 7635094 AND 7635193 ORDER BY c
	-> Sort: sbtest1.c  (cost=20.4 rows=100)
    -> Filter: (sbtest1.id between 7635094 and 7635193)  (cost=20.4 rows=100)
        -> Index range scan on sbtest1 using PRIMARY over (7635094 <= id <= 7635193)  (cost=20.4 rows=100)


table 2 : explain SELECT c FROM sbtest2 WHERE id BETWEEN 1769605 AND 1769704 ORDER BY c
	-> Sort: sbtest2.c  (cost=20.4 rows=100)
    -> Filter: (sbtest2.id between 1769605 and 1769704)  (cost=20.4 rows=100)
        -> Index range scan on sbtest2 using PRIMARY over (1769605 <= id <= 1769704)  (cost=20.4 rows=100)


table 3 : explain SELECT c FROM sbtest3 WHERE id BETWEEN 9597300 AND 9597399 ORDER BY c
	-> Sort: sbtest3.c  (cost=20.4 rows=100)
    -> Filter: (sbtest3.id between 9597300 and 9597399)  (cost=20.4 rows=100)
        -> Index range scan on sbtest3 using PRIMARY over (9597300 <= id <= 9597399)  (cost=20.4 rows=100)


table 4 : explain SELECT c FROM sbtest4 WHERE id BETWEEN 5760302 AND 5760401 ORDER BY c
	-> Sort: sbtest4.c  (cost=20.4 rows=100)
    -> Filter: (sbtest4.id between 5760302 and 5760401)  (cost=20.4 rows=100)
        -> Index range scan on sbtest4 using PRIMARY over (5760302 <= id <= 5760401)  (cost=20.4 rows=100)


table 5 : explain SELECT c FROM sbtest5 WHERE id BETWEEN 9911613 AND 9911712 ORDER BY c
	-> Sort: sbtest5.c  (cost=20.4 rows=100)
    -> Filter: (sbtest5.id between 9911613 and 9911712)  (cost=20.4 rows=100)
        -> Index range scan on sbtest5 using PRIMARY over (9911613 <= id <= 9911712)  (cost=20.4 rows=100)


table 6 : explain SELECT c FROM sbtest6 WHERE id BETWEEN 8511135 AND 8511234 ORDER BY c
	-> Sort: sbtest6.c  (cost=20.4 rows=100)
    -> Filter: (sbtest6.id between 8511135 and 8511234)  (cost=20.4 rows=100)
        -> Index range scan on sbtest6 using PRIMARY over (8511135 <= id <= 8511234)  (cost=20.4 rows=100)


table 7 : explain SELECT c FROM sbtest7 WHERE id BETWEEN 5694078 AND 5694177 ORDER BY c
	-> Sort: sbtest7.c  (cost=20.4 rows=100)
    -> Filter: (sbtest7.id between 5694078 and 5694177)  (cost=20.4 rows=100)
        -> Index range scan on sbtest7 using PRIMARY over (5694078 <= id <= 5694177)  (cost=20.4 rows=100)


table 8 : explain SELECT c FROM sbtest8 WHERE id BETWEEN 4233024 AND 4233123 ORDER BY c
	-> Sort: sbtest8.c  (cost=20.4 rows=100)
    -> Filter: (sbtest8.id between 4233024 and 4233123)  (cost=20.4 rows=100)
        -> Index range scan on sbtest8 using PRIMARY over (4233024 <= id <= 4233123)  (cost=20.4 rows=100)


for: distinct_ranges
table 1 : explain SELECT DISTINCT c FROM sbtest1 WHERE id BETWEEN 3441595 AND 3441694 ORDER BY c
	-> Sort: sbtest1.c
    -> Table scan on <temporary>  (cost=43.5..47.2 rows=100)
        -> Temporary table with deduplication  (cost=43.5..43.5 rows=100)
            -> Filter: (sbtest1.id between 3441595 and 3441694)  (cost=20.4 rows=100)
                -> Index range scan on sbtest1 using PRIMARY over (3441595 <= id <= 3441694)  (cost=20.4 rows=100)


table 2 : explain SELECT DISTINCT c FROM sbtest2 WHERE id BETWEEN 455355 AND 455454 ORDER BY c
	-> Sort: sbtest2.c
    -> Table scan on <temporary>  (cost=43.5..47.2 rows=100)
        -> Temporary table with deduplication  (cost=43.5..43.5 rows=100)
            -> Filter: (sbtest2.id between 455355 and 455454)  (cost=20.4 rows=100)
                -> Index range scan on sbtest2 using PRIMARY over (455355 <= id <= 455454)  (cost=20.4 rows=100)


table 3 : explain SELECT DISTINCT c FROM sbtest3 WHERE id BETWEEN 4737270 AND 4737369 ORDER BY c
	-> Sort: sbtest3.c
    -> Table scan on <temporary>  (cost=43.5..47.2 rows=100)
        -> Temporary table with deduplication  (cost=43.5..43.5 rows=100)
            -> Filter: (sbtest3.id between 4737270 and 4737369)  (cost=20.4 rows=100)
                -> Index range scan on sbtest3 using PRIMARY over (4737270 <= id <= 4737369)  (cost=20.4 rows=100)


table 4 : explain SELECT DISTINCT c FROM sbtest4 WHERE id BETWEEN 5684376 AND 5684475 ORDER BY c
	-> Sort: sbtest4.c
    -> Table scan on <temporary>  (cost=43.5..47.2 rows=100)
        -> Temporary table with deduplication  (cost=43.5..43.5 rows=100)
            -> Filter: (sbtest4.id between 5684376 and 5684475)  (cost=20.4 rows=100)
                -> Index range scan on sbtest4 using PRIMARY over (5684376 <= id <= 5684475)  (cost=20.4 rows=100)


table 5 : explain SELECT DISTINCT c FROM sbtest5 WHERE id BETWEEN 636596 AND 636695 ORDER BY c
	-> Sort: sbtest5.c
    -> Table scan on <temporary>  (cost=43.5..47.2 rows=100)
        -> Temporary table with deduplication  (cost=43.5..43.5 rows=100)
            -> Filter: (sbtest5.id between 636596 and 636695)  (cost=20.4 rows=100)
                -> Index range scan on sbtest5 using PRIMARY over (636596 <= id <= 636695)  (cost=20.4 rows=100)


table 6 : explain SELECT DISTINCT c FROM sbtest6 WHERE id BETWEEN 4759447 AND 4759546 ORDER BY c
	-> Sort: sbtest6.c
    -> Table scan on <temporary>  (cost=43.5..47.2 rows=100)
        -> Temporary table with deduplication  (cost=43.5..43.5 rows=100)
            -> Filter: (sbtest6.id between 4759447 and 4759546)  (cost=20.4 rows=100)
                -> Index range scan on sbtest6 using PRIMARY over (4759447 <= id <= 4759546)  (cost=20.4 rows=100)


table 7 : explain SELECT DISTINCT c FROM sbtest7 WHERE id BETWEEN 2449321 AND 2449420 ORDER BY c
	-> Sort: sbtest7.c
    -> Table scan on <temporary>  (cost=43.5..47.2 rows=100)
        -> Temporary table with deduplication  (cost=43.5..43.5 rows=100)
            -> Filter: (sbtest7.id between 2449321 and 2449420)  (cost=20.4 rows=100)
                -> Index range scan on sbtest7 using PRIMARY over (2449321 <= id <= 2449420)  (cost=20.4 rows=100)


table 8 : explain SELECT DISTINCT c FROM sbtest8 WHERE id BETWEEN 1057332 AND 1057431 ORDER BY c
	-> Sort: sbtest8.c
    -> Table scan on <temporary>  (cost=43.5..47.2 rows=100)
        -> Temporary table with deduplication  (cost=43.5..43.5 rows=100)
            -> Filter: (sbtest8.id between 1057332 and 1057431)  (cost=20.4 rows=100)
                -> Index range scan on sbtest8 using PRIMARY over (1057332 <= id <= 1057431)  (cost=20.4 rows=100)

for: distinct_ranges
table 1 : explain SELECT DISTINCT c FROM sbtest1 WHERE id BETWEEN 5932419 AND 5932518 ORDER BY c
	-> Sort: sbtest1.c
    -> Table scan on <temporary>  (cost=43.5..47.2 rows=100)
        -> Temporary table with deduplication  (cost=43.5..43.5 rows=100)
            -> Filter: (sbtest1.id between 5932419 and 5932518)  (cost=20.4 rows=100)
                -> Index range scan on sbtest1 using PRIMARY over (5932419 <= id <= 5932518)  (cost=20.4 rows=100)


table 2 : explain SELECT DISTINCT c FROM sbtest2 WHERE id BETWEEN 313090 AND 313189 ORDER BY c
	-> Sort: sbtest2.c
    -> Table scan on <temporary>  (cost=43.5..47.2 rows=100)
        -> Temporary table with deduplication  (cost=43.5..43.5 rows=100)
            -> Filter: (sbtest2.id between 313090 and 313189)  (cost=20.4 rows=100)
                -> Index range scan on sbtest2 using PRIMARY over (313090 <= id <= 313189)  (cost=20.4 rows=100)


table 3 : explain SELECT DISTINCT c FROM sbtest3 WHERE id BETWEEN 7649691 AND 7649790 ORDER BY c
	-> Sort: sbtest3.c
    -> Table scan on <temporary>  (cost=43.5..47.2 rows=100)
        -> Temporary table with deduplication  (cost=43.5..43.5 rows=100)
            -> Filter: (sbtest3.id between 7649691 and 7649790)  (cost=20.4 rows=100)
                -> Index range scan on sbtest3 using PRIMARY over (7649691 <= id <= 7649790)  (cost=20.4 rows=100)


table 4 : explain SELECT DISTINCT c FROM sbtest4 WHERE id BETWEEN 6176857 AND 6176956 ORDER BY c
	-> Sort: sbtest4.c
    -> Table scan on <temporary>  (cost=43.5..47.2 rows=100)
        -> Temporary table with deduplication  (cost=43.5..43.5 rows=100)
            -> Filter: (sbtest4.id between 6176857 and 6176956)  (cost=20.4 rows=100)
                -> Index range scan on sbtest4 using PRIMARY over (6176857 <= id <= 6176956)  (cost=20.4 rows=100)


table 5 : explain SELECT DISTINCT c FROM sbtest5 WHERE id BETWEEN 203692 AND 203791 ORDER BY c
	-> Sort: sbtest5.c
    -> Table scan on <temporary>  (cost=43.5..47.2 rows=100)
        -> Temporary table with deduplication  (cost=43.5..43.5 rows=100)
            -> Filter: (sbtest5.id between 203692 and 203791)  (cost=20.4 rows=100)
                -> Index range scan on sbtest5 using PRIMARY over (203692 <= id <= 203791)  (cost=20.4 rows=100)


table 6 : explain SELECT DISTINCT c FROM sbtest6 WHERE id BETWEEN 7354807 AND 7354906 ORDER BY c
	-> Sort: sbtest6.c
    -> Table scan on <temporary>  (cost=43.5..47.2 rows=100)
        -> Temporary table with deduplication  (cost=43.5..43.5 rows=100)
            -> Filter: (sbtest6.id between 7354807 and 7354906)  (cost=20.4 rows=100)
                -> Index range scan on sbtest6 using PRIMARY over (7354807 <= id <= 7354906)  (cost=20.4 rows=100)


table 7 : explain SELECT DISTINCT c FROM sbtest7 WHERE id BETWEEN 2306093 AND 2306192 ORDER BY c
	-> Sort: sbtest7.c
    -> Table scan on <temporary>  (cost=43.5..47.2 rows=100)
        -> Temporary table with deduplication  (cost=43.5..43.5 rows=100)
            -> Filter: (sbtest7.id between 2306093 and 2306192)  (cost=20.4 rows=100)
                -> Index range scan on sbtest7 using PRIMARY over (2306093 <= id <= 2306192)  (cost=20.4 rows=100)


table 8 : explain SELECT DISTINCT c FROM sbtest8 WHERE id BETWEEN 4310285 AND 4310384 ORDER BY c
	-> Sort: sbtest8.c
    -> Table scan on <temporary>  (cost=43.5..47.2 rows=100)
        -> Temporary table with deduplication  (cost=43.5..43.5 rows=100)
            -> Filter: (sbtest8.id between 4310285 and 4310384)  (cost=20.4 rows=100)
                -> Index range scan on sbtest8 using PRIMARY over (4310285 <= id <= 4310384)  (cost=20.4 rows=100)



for: distinct_ranges
table 1 : explain SELECT DISTINCT c FROM sbtest1 WHERE id BETWEEN 4438254 AND 4438353 ORDER BY c
	-> Sort: sbtest1.c
    -> Table scan on <temporary>  (cost=43.5..47.2 rows=100)
        -> Temporary table with deduplication  (cost=43.5..43.5 rows=100)
            -> Filter: (sbtest1.id between 4438254 and 4438353)  (cost=20.4 rows=100)
                -> Index range scan on sbtest1 using PRIMARY over (4438254 <= id <= 4438353)  (cost=20.4 rows=100)


table 2 : explain SELECT DISTINCT c FROM sbtest2 WHERE id BETWEEN 4532682 AND 4532781 ORDER BY c
	-> Sort: sbtest2.c
    -> Table scan on <temporary>  (cost=43.5..47.2 rows=100)
        -> Temporary table with deduplication  (cost=43.5..43.5 rows=100)
            -> Filter: (sbtest2.id between 4532682 and 4532781)  (cost=20.4 rows=100)
                -> Index range scan on sbtest2 using PRIMARY over (4532682 <= id <= 4532781)  (cost=20.4 rows=100)


table 3 : explain SELECT DISTINCT c FROM sbtest3 WHERE id BETWEEN 91869 AND 91968 ORDER BY c
	-> Sort: sbtest3.c
    -> Table scan on <temporary>  (cost=43.5..47.2 rows=100)
        -> Temporary table with deduplication  (cost=43.5..43.5 rows=100)
            -> Filter: (sbtest3.id between 91869 and 91968)  (cost=20.4 rows=100)
                -> Index range scan on sbtest3 using PRIMARY over (91869 <= id <= 91968)  (cost=20.4 rows=100)


table 4 : explain SELECT DISTINCT c FROM sbtest4 WHERE id BETWEEN 2811413 AND 2811512 ORDER BY c
	-> Sort: sbtest4.c
    -> Table scan on <temporary>  (cost=43.5..47.2 rows=100)
        -> Temporary table with deduplication  (cost=43.5..43.5 rows=100)
            -> Filter: (sbtest4.id between 2811413 and 2811512)  (cost=20.4 rows=100)
                -> Index range scan on sbtest4 using PRIMARY over (2811413 <= id <= 2811512)  (cost=20.4 rows=100)


table 5 : explain SELECT DISTINCT c FROM sbtest5 WHERE id BETWEEN 8882532 AND 8882631 ORDER BY c
	-> Sort: sbtest5.c
    -> Table scan on <temporary>  (cost=43.5..47.2 rows=100)
        -> Temporary table with deduplication  (cost=43.5..43.5 rows=100)
            -> Filter: (sbtest5.id between 8882532 and 8882631)  (cost=20.4 rows=100)
                -> Index range scan on sbtest5 using PRIMARY over (8882532 <= id <= 8882631)  (cost=20.4 rows=100)


table 6 : explain SELECT DISTINCT c FROM sbtest6 WHERE id BETWEEN 1792259 AND 1792358 ORDER BY c
	-> Sort: sbtest6.c
    -> Table scan on <temporary>  (cost=43.5..47.2 rows=100)
        -> Temporary table with deduplication  (cost=43.5..43.5 rows=100)
            -> Filter: (sbtest6.id between 1792259 and 1792358)  (cost=20.4 rows=100)
                -> Index range scan on sbtest6 using PRIMARY over (1792259 <= id <= 1792358)  (cost=20.4 rows=100)


table 7 : explain SELECT DISTINCT c FROM sbtest7 WHERE id BETWEEN 3856681 AND 3856780 ORDER BY c
	-> Sort: sbtest7.c
    -> Table scan on <temporary>  (cost=43.5..47.2 rows=100)
        -> Temporary table with deduplication  (cost=43.5..43.5 rows=100)
            -> Filter: (sbtest7.id between 3856681 and 3856780)  (cost=20.4 rows=100)
                -> Index range scan on sbtest7 using PRIMARY over (3856681 <= id <= 3856780)  (cost=20.4 rows=100)


table 8 : explain SELECT DISTINCT c FROM sbtest8 WHERE id BETWEEN 825585 AND 825684 ORDER BY c
	-> Sort: sbtest8.c
    -> Table scan on <temporary>  (cost=43.5..47.2 rows=100)
        -> Temporary table with deduplication  (cost=43.5..43.5 rows=100)
            -> Filter: (sbtest8.id between 825585 and 825684)  (cost=20.4 rows=100)
                -> Index range scan on sbtest8 using PRIMARY over (825585 <= id <= 825684)  (cost=20.4 rows=100)


for: distinct_ranges
table 1 : explain SELECT DISTINCT c FROM sbtest1 WHERE id BETWEEN 1907756 AND 1907855 ORDER BY c
	-> Sort: sbtest1.c
    -> Table scan on <temporary>  (cost=43.5..47.2 rows=100)
        -> Temporary table with deduplication  (cost=43.5..43.5 rows=100)
            -> Filter: (sbtest1.id between 1907756 and 1907855)  (cost=20.4 rows=100)
                -> Index range scan on sbtest1 using PRIMARY over (1907756 <= id <= 1907855)  (cost=20.4 rows=100)


table 2 : explain SELECT DISTINCT c FROM sbtest2 WHERE id BETWEEN 6338774 AND 6338873 ORDER BY c
	-> Sort: sbtest2.c
    -> Table scan on <temporary>  (cost=43.5..47.2 rows=100)
        -> Temporary table with deduplication  (cost=43.5..43.5 rows=100)
            -> Filter: (sbtest2.id between 6338774 and 6338873)  (cost=20.4 rows=100)
                -> Index range scan on sbtest2 using PRIMARY over (6338774 <= id <= 6338873)  (cost=20.4 rows=100)


table 3 : explain SELECT DISTINCT c FROM sbtest3 WHERE id BETWEEN 4809215 AND 4809314 ORDER BY c
	-> Sort: sbtest3.c
    -> Table scan on <temporary>  (cost=43.5..47.2 rows=100)
        -> Temporary table with deduplication  (cost=43.5..43.5 rows=100)
            -> Filter: (sbtest3.id between 4809215 and 4809314)  (cost=20.4 rows=100)
                -> Index range scan on sbtest3 using PRIMARY over (4809215 <= id <= 4809314)  (cost=20.4 rows=100)


table 4 : explain SELECT DISTINCT c FROM sbtest4 WHERE id BETWEEN 2993237 AND 2993336 ORDER BY c
	-> Sort: sbtest4.c
    -> Table scan on <temporary>  (cost=43.5..47.2 rows=100)
        -> Temporary table with deduplication  (cost=43.5..43.5 rows=100)
            -> Filter: (sbtest4.id between 2993237 and 2993336)  (cost=20.4 rows=100)
                -> Index range scan on sbtest4 using PRIMARY over (2993237 <= id <= 2993336)  (cost=20.4 rows=100)


table 5 : explain SELECT DISTINCT c FROM sbtest5 WHERE id BETWEEN 7603792 AND 7603891 ORDER BY c
	-> Sort: sbtest5.c
    -> Table scan on <temporary>  (cost=43.5..47.2 rows=100)
        -> Temporary table with deduplication  (cost=43.5..43.5 rows=100)
            -> Filter: (sbtest5.id between 7603792 and 7603891)  (cost=20.4 rows=100)
                -> Index range scan on sbtest5 using PRIMARY over (7603792 <= id <= 7603891)  (cost=20.4 rows=100)


table 6 : explain SELECT DISTINCT c FROM sbtest6 WHERE id BETWEEN 3633507 AND 3633606 ORDER BY c
	-> Sort: sbtest6.c
    -> Table scan on <temporary>  (cost=43.5..47.2 rows=100)
        -> Temporary table with deduplication  (cost=43.5..43.5 rows=100)
            -> Filter: (sbtest6.id between 3633507 and 3633606)  (cost=20.4 rows=100)
                -> Index range scan on sbtest6 using PRIMARY over (3633507 <= id <= 3633606)  (cost=20.4 rows=100)


table 7 : explain SELECT DISTINCT c FROM sbtest7 WHERE id BETWEEN 1874328 AND 1874427 ORDER BY c
	-> Sort: sbtest7.c
    -> Table scan on <temporary>  (cost=43.5..47.2 rows=100)
        -> Temporary table with deduplication  (cost=43.5..43.5 rows=100)
            -> Filter: (sbtest7.id between 1874328 and 1874427)  (cost=20.4 rows=100)
                -> Index range scan on sbtest7 using PRIMARY over (1874328 <= id <= 1874427)  (cost=20.4 rows=100)


table 8 : explain SELECT DISTINCT c FROM sbtest8 WHERE id BETWEEN 1857027 AND 1857126 ORDER BY c
	-> Sort: sbtest8.c
    -> Table scan on <temporary>  (cost=43.5..47.2 rows=100)
        -> Temporary table with deduplication  (cost=43.5..43.5 rows=100)
            -> Filter: (sbtest8.id between 1857027 and 1857126)  (cost=20.4 rows=100)
                -> Index range scan on sbtest8 using PRIMARY over (1857027 <= id <= 1857126)  (cost=20.4 rows=100)


for: distinct_ranges
table 1 : explain SELECT DISTINCT c FROM sbtest1 WHERE id BETWEEN 8166891 AND 8166990 ORDER BY c
	-> Sort: sbtest1.c
    -> Table scan on <temporary>  (cost=43.5..47.2 rows=100)
        -> Temporary table with deduplication  (cost=43.5..43.5 rows=100)
            -> Filter: (sbtest1.id between 8166891 and 8166990)  (cost=20.4 rows=100)
                -> Index range scan on sbtest1 using PRIMARY over (8166891 <= id <= 8166990)  (cost=20.4 rows=100)


table 2 : explain SELECT DISTINCT c FROM sbtest2 WHERE id BETWEEN 1953175 AND 1953274 ORDER BY c
	-> Sort: sbtest2.c
    -> Table scan on <temporary>  (cost=43.5..47.2 rows=100)
        -> Temporary table with deduplication  (cost=43.5..43.5 rows=100)
            -> Filter: (sbtest2.id between 1953175 and 1953274)  (cost=20.4 rows=100)
                -> Index range scan on sbtest2 using PRIMARY over (1953175 <= id <= 1953274)  (cost=20.4 rows=100)


table 3 : explain SELECT DISTINCT c FROM sbtest3 WHERE id BETWEEN 4384379 AND 4384478 ORDER BY c
	-> Sort: sbtest3.c
    -> Table scan on <temporary>  (cost=43.5..47.2 rows=100)
        -> Temporary table with deduplication  (cost=43.5..43.5 rows=100)
            -> Filter: (sbtest3.id between 4384379 and 4384478)  (cost=20.4 rows=100)
                -> Index range scan on sbtest3 using PRIMARY over (4384379 <= id <= 4384478)  (cost=20.4 rows=100)


table 4 : explain SELECT DISTINCT c FROM sbtest4 WHERE id BETWEEN 5502908 AND 5503007 ORDER BY c
	-> Sort: sbtest4.c
    -> Table scan on <temporary>  (cost=43.5..47.2 rows=100)
        -> Temporary table with deduplication  (cost=43.5..43.5 rows=100)
            -> Filter: (sbtest4.id between 5502908 and 5503007)  (cost=20.4 rows=100)
                -> Index range scan on sbtest4 using PRIMARY over (5502908 <= id <= 5503007)  (cost=20.4 rows=100)


table 5 : explain SELECT DISTINCT c FROM sbtest5 WHERE id BETWEEN 9847879 AND 9847978 ORDER BY c
	-> Sort: sbtest5.c
    -> Table scan on <temporary>  (cost=43.5..47.2 rows=100)
        -> Temporary table with deduplication  (cost=43.5..43.5 rows=100)
            -> Filter: (sbtest5.id between 9847879 and 9847978)  (cost=20.4 rows=100)
                -> Index range scan on sbtest5 using PRIMARY over (9847879 <= id <= 9847978)  (cost=20.4 rows=100)


table 6 : explain SELECT DISTINCT c FROM sbtest6 WHERE id BETWEEN 8155076 AND 8155175 ORDER BY c
	-> Sort: sbtest6.c
    -> Table scan on <temporary>  (cost=43.5..47.2 rows=100)
        -> Temporary table with deduplication  (cost=43.5..43.5 rows=100)
            -> Filter: (sbtest6.id between 8155076 and 8155175)  (cost=20.4 rows=100)
                -> Index range scan on sbtest6 using PRIMARY over (8155076 <= id <= 8155175)  (cost=20.4 rows=100)


table 7 : explain SELECT DISTINCT c FROM sbtest7 WHERE id BETWEEN 5986804 AND 5986903 ORDER BY c
	-> Sort: sbtest7.c
    -> Table scan on <temporary>  (cost=43.5..47.2 rows=100)
        -> Temporary table with deduplication  (cost=43.5..43.5 rows=100)
            -> Filter: (sbtest7.id between 5986804 and 5986903)  (cost=20.4 rows=100)
                -> Index range scan on sbtest7 using PRIMARY over (5986804 <= id <= 5986903)  (cost=20.4 rows=100)


table 8 : explain SELECT DISTINCT c FROM sbtest8 WHERE id BETWEEN 1797347 AND 1797446 ORDER BY c
	-> Sort: sbtest8.c
    -> Table scan on <temporary>  (cost=43.5..47.2 rows=100)
        -> Temporary table with deduplication  (cost=43.5..43.5 rows=100)
            -> Filter: (sbtest8.id between 1797347 and 1797446)  (cost=20.4 rows=100)
                -> Index range scan on sbtest8 using PRIMARY over (1797347 <= id <= 1797446)  (cost=20.4 rows=100)


for: distinct_ranges
table 1 : explain SELECT DISTINCT c FROM sbtest1 WHERE id BETWEEN 8901010 AND 8901109 ORDER BY c
	-> Sort: sbtest1.c
    -> Table scan on <temporary>  (cost=43.5..47.2 rows=100)
        -> Temporary table with deduplication  (cost=43.5..43.5 rows=100)
            -> Filter: (sbtest1.id between 8901010 and 8901109)  (cost=20.4 rows=100)
                -> Index range scan on sbtest1 using PRIMARY over (8901010 <= id <= 8901109)  (cost=20.4 rows=100)


table 2 : explain SELECT DISTINCT c FROM sbtest2 WHERE id BETWEEN 7680876 AND 7680975 ORDER BY c
	-> Sort: sbtest2.c
    -> Table scan on <temporary>  (cost=43.5..47.2 rows=100)
        -> Temporary table with deduplication  (cost=43.5..43.5 rows=100)
            -> Filter: (sbtest2.id between 7680876 and 7680975)  (cost=20.4 rows=100)
                -> Index range scan on sbtest2 using PRIMARY over (7680876 <= id <= 7680975)  (cost=20.4 rows=100)


table 3 : explain SELECT DISTINCT c FROM sbtest3 WHERE id BETWEEN 3849854 AND 3849953 ORDER BY c
	-> Sort: sbtest3.c
    -> Table scan on <temporary>  (cost=43.5..47.2 rows=100)
        -> Temporary table with deduplication  (cost=43.5..43.5 rows=100)
            -> Filter: (sbtest3.id between 3849854 and 3849953)  (cost=20.4 rows=100)
                -> Index range scan on sbtest3 using PRIMARY over (3849854 <= id <= 3849953)  (cost=20.4 rows=100)


table 4 : explain SELECT DISTINCT c FROM sbtest4 WHERE id BETWEEN 1601596 AND 1601695 ORDER BY c
	-> Sort: sbtest4.c
    -> Table scan on <temporary>  (cost=43.5..47.2 rows=100)
        -> Temporary table with deduplication  (cost=43.5..43.5 rows=100)
            -> Filter: (sbtest4.id between 1601596 and 1601695)  (cost=20.4 rows=100)
                -> Index range scan on sbtest4 using PRIMARY over (1601596 <= id <= 1601695)  (cost=20.4 rows=100)


table 5 : explain SELECT DISTINCT c FROM sbtest5 WHERE id BETWEEN 3402942 AND 3403041 ORDER BY c
	-> Sort: sbtest5.c
    -> Table scan on <temporary>  (cost=43.5..47.2 rows=100)
        -> Temporary table with deduplication  (cost=43.5..43.5 rows=100)
            -> Filter: (sbtest5.id between 3402942 and 3403041)  (cost=20.4 rows=100)
                -> Index range scan on sbtest5 using PRIMARY over (3402942 <= id <= 3403041)  (cost=20.4 rows=100)


table 6 : explain SELECT DISTINCT c FROM sbtest6 WHERE id BETWEEN 3521471 AND 3521570 ORDER BY c
	-> Sort: sbtest6.c
    -> Table scan on <temporary>  (cost=43.5..47.2 rows=100)
        -> Temporary table with deduplication  (cost=43.5..43.5 rows=100)
            -> Filter: (sbtest6.id between 3521471 and 3521570)  (cost=20.4 rows=100)
                -> Index range scan on sbtest6 using PRIMARY over (3521471 <= id <= 3521570)  (cost=20.4 rows=100)


table 7 : explain SELECT DISTINCT c FROM sbtest7 WHERE id BETWEEN 116631 AND 116730 ORDER BY c
	-> Sort: sbtest7.c
    -> Table scan on <temporary>  (cost=43.5..47.2 rows=100)
        -> Temporary table with deduplication  (cost=43.5..43.5 rows=100)
            -> Filter: (sbtest7.id between 116631 and 116730)  (cost=20.4 rows=100)
                -> Index range scan on sbtest7 using PRIMARY over (116631 <= id <= 116730)  (cost=20.4 rows=100)


table 8 : explain SELECT DISTINCT c FROM sbtest8 WHERE id BETWEEN 7809338 AND 7809437 ORDER BY c
	-> Sort: sbtest8.c
    -> Table scan on <temporary>  (cost=43.5..47.2 rows=100)
        -> Temporary table with deduplication  (cost=43.5..43.5 rows=100)
            -> Filter: (sbtest8.id between 7809338 and 7809437)  (cost=20.4 rows=100)
                -> Index range scan on sbtest8 using PRIMARY over (7809338 <= id <= 7809437)  (cost=20.4 rows=100)


for: distinct_ranges
table 1 : explain SELECT DISTINCT c FROM sbtest1 WHERE id BETWEEN 1431032 AND 1431131 ORDER BY c
	-> Sort: sbtest1.c
    -> Table scan on <temporary>  (cost=43.5..47.2 rows=100)
        -> Temporary table with deduplication  (cost=43.5..43.5 rows=100)
            -> Filter: (sbtest1.id between 1431032 and 1431131)  (cost=20.4 rows=100)
                -> Index range scan on sbtest1 using PRIMARY over (1431032 <= id <= 1431131)  (cost=20.4 rows=100)


table 2 : explain SELECT DISTINCT c FROM sbtest2 WHERE id BETWEEN 1023487 AND 1023586 ORDER BY c
	-> Sort: sbtest2.c
    -> Table scan on <temporary>  (cost=43.5..47.2 rows=100)
        -> Temporary table with deduplication  (cost=43.5..43.5 rows=100)
            -> Filter: (sbtest2.id between 1023487 and 1023586)  (cost=20.4 rows=100)
                -> Index range scan on sbtest2 using PRIMARY over (1023487 <= id <= 1023586)  (cost=20.4 rows=100)


table 3 : explain SELECT DISTINCT c FROM sbtest3 WHERE id BETWEEN 5318536 AND 5318635 ORDER BY c
	-> Sort: sbtest3.c
    -> Table scan on <temporary>  (cost=43.5..47.2 rows=100)
        -> Temporary table with deduplication  (cost=43.5..43.5 rows=100)
            -> Filter: (sbtest3.id between 5318536 and 5318635)  (cost=20.4 rows=100)
                -> Index range scan on sbtest3 using PRIMARY over (5318536 <= id <= 5318635)  (cost=20.4 rows=100)


table 4 : explain SELECT DISTINCT c FROM sbtest4 WHERE id BETWEEN 4038652 AND 4038751 ORDER BY c
	-> Sort: sbtest4.c
    -> Table scan on <temporary>  (cost=43.5..47.2 rows=100)
        -> Temporary table with deduplication  (cost=43.5..43.5 rows=100)
            -> Filter: (sbtest4.id between 4038652 and 4038751)  (cost=20.4 rows=100)
                -> Index range scan on sbtest4 using PRIMARY over (4038652 <= id <= 4038751)  (cost=20.4 rows=100)


table 5 : explain SELECT DISTINCT c FROM sbtest5 WHERE id BETWEEN 4814749 AND 4814848 ORDER BY c
	-> Sort: sbtest5.c
    -> Table scan on <temporary>  (cost=43.5..47.2 rows=100)
        -> Temporary table with deduplication  (cost=43.5..43.5 rows=100)
            -> Filter: (sbtest5.id between 4814749 and 4814848)  (cost=20.4 rows=100)
                -> Index range scan on sbtest5 using PRIMARY over (4814749 <= id <= 4814848)  (cost=20.4 rows=100)


table 6 : explain SELECT DISTINCT c FROM sbtest6 WHERE id BETWEEN 8873976 AND 8874075 ORDER BY c
	-> Sort: sbtest6.c
    -> Table scan on <temporary>  (cost=43.5..47.2 rows=100)
        -> Temporary table with deduplication  (cost=43.5..43.5 rows=100)
            -> Filter: (sbtest6.id between 8873976 and 8874075)  (cost=20.4 rows=100)
                -> Index range scan on sbtest6 using PRIMARY over (8873976 <= id <= 8874075)  (cost=20.4 rows=100)


table 7 : explain SELECT DISTINCT c FROM sbtest7 WHERE id BETWEEN 2286751 AND 2286850 ORDER BY c
	-> Sort: sbtest7.c
    -> Table scan on <temporary>  (cost=43.5..47.2 rows=100)
        -> Temporary table with deduplication  (cost=43.5..43.5 rows=100)
            -> Filter: (sbtest7.id between 2286751 and 2286850)  (cost=20.4 rows=100)
                -> Index range scan on sbtest7 using PRIMARY over (2286751 <= id <= 2286850)  (cost=20.4 rows=100)


table 8 : explain SELECT DISTINCT c FROM sbtest8 WHERE id BETWEEN 6224635 AND 6224734 ORDER BY c
	-> Sort: sbtest8.c
    -> Table scan on <temporary>  (cost=43.5..47.2 rows=100)
        -> Temporary table with deduplication  (cost=43.5..43.5 rows=100)
            -> Filter: (sbtest8.id between 6224635 and 6224734)  (cost=20.4 rows=100)
                -> Index range scan on sbtest8 using PRIMARY over (6224635 <= id <= 6224734)  (cost=20.4 rows=100)


for: distinct_ranges
table 1 : explain SELECT DISTINCT c FROM sbtest1 WHERE id BETWEEN 8263651 AND 8263750 ORDER BY c
	-> Sort: sbtest1.c
    -> Table scan on <temporary>  (cost=43.5..47.2 rows=100)
        -> Temporary table with deduplication  (cost=43.5..43.5 rows=100)
            -> Filter: (sbtest1.id between 8263651 and 8263750)  (cost=20.4 rows=100)
                -> Index range scan on sbtest1 using PRIMARY over (8263651 <= id <= 8263750)  (cost=20.4 rows=100)


table 2 : explain SELECT DISTINCT c FROM sbtest2 WHERE id BETWEEN 2059933 AND 2060032 ORDER BY c
	-> Sort: sbtest2.c
    -> Table scan on <temporary>  (cost=43.5..47.2 rows=100)
        -> Temporary table with deduplication  (cost=43.5..43.5 rows=100)
            -> Filter: (sbtest2.id between 2059933 and 2060032)  (cost=20.4 rows=100)
                -> Index range scan on sbtest2 using PRIMARY over (2059933 <= id <= 2060032)  (cost=20.4 rows=100)


table 3 : explain SELECT DISTINCT c FROM sbtest3 WHERE id BETWEEN 283524 AND 283623 ORDER BY c
	-> Sort: sbtest3.c
    -> Table scan on <temporary>  (cost=43.5..47.2 rows=100)
        -> Temporary table with deduplication  (cost=43.5..43.5 rows=100)
            -> Filter: (sbtest3.id between 283524 and 283623)  (cost=20.4 rows=100)
                -> Index range scan on sbtest3 using PRIMARY over (283524 <= id <= 283623)  (cost=20.4 rows=100)


table 4 : explain SELECT DISTINCT c FROM sbtest4 WHERE id BETWEEN 8456472 AND 8456571 ORDER BY c
	-> Sort: sbtest4.c
    -> Table scan on <temporary>  (cost=43.5..47.2 rows=100)
        -> Temporary table with deduplication  (cost=43.5..43.5 rows=100)
            -> Filter: (sbtest4.id between 8456472 and 8456571)  (cost=20.4 rows=100)
                -> Index range scan on sbtest4 using PRIMARY over (8456472 <= id <= 8456571)  (cost=20.4 rows=100)


table 5 : explain SELECT DISTINCT c FROM sbtest5 WHERE id BETWEEN 8992372 AND 8992471 ORDER BY c
	-> Sort: sbtest5.c
    -> Table scan on <temporary>  (cost=43.5..47.2 rows=100)
        -> Temporary table with deduplication  (cost=43.5..43.5 rows=100)
            -> Filter: (sbtest5.id between 8992372 and 8992471)  (cost=20.4 rows=100)
                -> Index range scan on sbtest5 using PRIMARY over (8992372 <= id <= 8992471)  (cost=20.4 rows=100)


table 6 : explain SELECT DISTINCT c FROM sbtest6 WHERE id BETWEEN 1675076 AND 1675175 ORDER BY c
	-> Sort: sbtest6.c
    -> Table scan on <temporary>  (cost=43.5..47.2 rows=100)
        -> Temporary table with deduplication  (cost=43.5..43.5 rows=100)
            -> Filter: (sbtest6.id between 1675076 and 1675175)  (cost=20.4 rows=100)
                -> Index range scan on sbtest6 using PRIMARY over (1675076 <= id <= 1675175)  (cost=20.4 rows=100)


table 7 : explain SELECT DISTINCT c FROM sbtest7 WHERE id BETWEEN 4716848 AND 4716947 ORDER BY c
	-> Sort: sbtest7.c
    -> Table scan on <temporary>  (cost=43.5..47.2 rows=100)
        -> Temporary table with deduplication  (cost=43.5..43.5 rows=100)
            -> Filter: (sbtest7.id between 4716848 and 4716947)  (cost=20.4 rows=100)
                -> Index range scan on sbtest7 using PRIMARY over (4716848 <= id <= 4716947)  (cost=20.4 rows=100)


table 8 : explain SELECT DISTINCT c FROM sbtest8 WHERE id BETWEEN 2612991 AND 2613090 ORDER BY c
	-> Sort: sbtest8.c
    -> Table scan on <temporary>  (cost=43.5..47.2 rows=100)
        -> Temporary table with deduplication  (cost=43.5..43.5 rows=100)
            -> Filter: (sbtest8.id between 2612991 and 2613090)  (cost=20.4 rows=100)
                -> Index range scan on sbtest8 using PRIMARY over (2612991 <= id <= 2613090)  (cost=20.4 rows=100)


for: distinct_ranges
table 1 : explain SELECT DISTINCT c FROM sbtest1 WHERE id BETWEEN 3402816 AND 3402915 ORDER BY c
	-> Sort: sbtest1.c
    -> Table scan on <temporary>  (cost=43.5..47.2 rows=100)
        -> Temporary table with deduplication  (cost=43.5..43.5 rows=100)
            -> Filter: (sbtest1.id between 3402816 and 3402915)  (cost=20.4 rows=100)
                -> Index range scan on sbtest1 using PRIMARY over (3402816 <= id <= 3402915)  (cost=20.4 rows=100)


table 2 : explain SELECT DISTINCT c FROM sbtest2 WHERE id BETWEEN 4610471 AND 4610570 ORDER BY c
	-> Sort: sbtest2.c
    -> Table scan on <temporary>  (cost=43.5..47.2 rows=100)
        -> Temporary table with deduplication  (cost=43.5..43.5 rows=100)
            -> Filter: (sbtest2.id between 4610471 and 4610570)  (cost=20.4 rows=100)
                -> Index range scan on sbtest2 using PRIMARY over (4610471 <= id <= 4610570)  (cost=20.4 rows=100)


table 3 : explain SELECT DISTINCT c FROM sbtest3 WHERE id BETWEEN 8041528 AND 8041627 ORDER BY c
	-> Sort: sbtest3.c
    -> Table scan on <temporary>  (cost=43.5..47.2 rows=100)
        -> Temporary table with deduplication  (cost=43.5..43.5 rows=100)
            -> Filter: (sbtest3.id between 8041528 and 8041627)  (cost=20.4 rows=100)
                -> Index range scan on sbtest3 using PRIMARY over (8041528 <= id <= 8041627)  (cost=20.4 rows=100)


table 4 : explain SELECT DISTINCT c FROM sbtest4 WHERE id BETWEEN 4566856 AND 4566955 ORDER BY c
	-> Sort: sbtest4.c
    -> Table scan on <temporary>  (cost=43.5..47.2 rows=100)
        -> Temporary table with deduplication  (cost=43.5..43.5 rows=100)
            -> Filter: (sbtest4.id between 4566856 and 4566955)  (cost=20.4 rows=100)
                -> Index range scan on sbtest4 using PRIMARY over (4566856 <= id <= 4566955)  (cost=20.4 rows=100)


table 5 : explain SELECT DISTINCT c FROM sbtest5 WHERE id BETWEEN 8613024 AND 8613123 ORDER BY c
	-> Sort: sbtest5.c
    -> Table scan on <temporary>  (cost=43.5..47.2 rows=100)
        -> Temporary table with deduplication  (cost=43.5..43.5 rows=100)
            -> Filter: (sbtest5.id between 8613024 and 8613123)  (cost=20.4 rows=100)
                -> Index range scan on sbtest5 using PRIMARY over (8613024 <= id <= 8613123)  (cost=20.4 rows=100)


table 6 : explain SELECT DISTINCT c FROM sbtest6 WHERE id BETWEEN 8091165 AND 8091264 ORDER BY c
	-> Sort: sbtest6.c
    -> Table scan on <temporary>  (cost=43.5..47.2 rows=100)
        -> Temporary table with deduplication  (cost=43.5..43.5 rows=100)
            -> Filter: (sbtest6.id between 8091165 and 8091264)  (cost=20.4 rows=100)
                -> Index range scan on sbtest6 using PRIMARY over (8091165 <= id <= 8091264)  (cost=20.4 rows=100)


table 7 : explain SELECT DISTINCT c FROM sbtest7 WHERE id BETWEEN 4932747 AND 4932846 ORDER BY c
	-> Sort: sbtest7.c
    -> Table scan on <temporary>  (cost=43.5..47.2 rows=100)
        -> Temporary table with deduplication  (cost=43.5..43.5 rows=100)
            -> Filter: (sbtest7.id between 4932747 and 4932846)  (cost=20.4 rows=100)
                -> Index range scan on sbtest7 using PRIMARY over (4932747 <= id <= 4932846)  (cost=20.4 rows=100)


table 8 : explain SELECT DISTINCT c FROM sbtest8 WHERE id BETWEEN 4296843 AND 4296942 ORDER BY c
	-> Sort: sbtest8.c
    -> Table scan on <temporary>  (cost=43.5..47.2 rows=100)
        -> Temporary table with deduplication  (cost=43.5..43.5 rows=100)
            -> Filter: (sbtest8.id between 4296843 and 4296942)  (cost=20.4 rows=100)
                -> Index range scan on sbtest8 using PRIMARY over (4296843 <= id <= 4296942)  (cost=20.4 rows=100)


for: distinct_ranges
table 1 : explain SELECT DISTINCT c FROM sbtest1 WHERE id BETWEEN 7737956 AND 7738055 ORDER BY c
	-> Sort: sbtest1.c
    -> Table scan on <temporary>  (cost=43.5..47.2 rows=100)
        -> Temporary table with deduplication  (cost=43.5..43.5 rows=100)
            -> Filter: (sbtest1.id between 7737956 and 7738055)  (cost=20.4 rows=100)
                -> Index range scan on sbtest1 using PRIMARY over (7737956 <= id <= 7738055)  (cost=20.4 rows=100)


table 2 : explain SELECT DISTINCT c FROM sbtest2 WHERE id BETWEEN 8900063 AND 8900162 ORDER BY c
	-> Sort: sbtest2.c
    -> Table scan on <temporary>  (cost=43.5..47.2 rows=100)
        -> Temporary table with deduplication  (cost=43.5..43.5 rows=100)
            -> Filter: (sbtest2.id between 8900063 and 8900162)  (cost=20.4 rows=100)
                -> Index range scan on sbtest2 using PRIMARY over (8900063 <= id <= 8900162)  (cost=20.4 rows=100)


table 3 : explain SELECT DISTINCT c FROM sbtest3 WHERE id BETWEEN 8811418 AND 8811517 ORDER BY c
	-> Sort: sbtest3.c
    -> Table scan on <temporary>  (cost=43.5..47.2 rows=100)
        -> Temporary table with deduplication  (cost=43.5..43.5 rows=100)
            -> Filter: (sbtest3.id between 8811418 and 8811517)  (cost=20.4 rows=100)
                -> Index range scan on sbtest3 using PRIMARY over (8811418 <= id <= 8811517)  (cost=20.4 rows=100)


table 4 : explain SELECT DISTINCT c FROM sbtest4 WHERE id BETWEEN 6736422 AND 6736521 ORDER BY c
	-> Sort: sbtest4.c
    -> Table scan on <temporary>  (cost=43.5..47.2 rows=100)
        -> Temporary table with deduplication  (cost=43.5..43.5 rows=100)
            -> Filter: (sbtest4.id between 6736422 and 6736521)  (cost=20.4 rows=100)
                -> Index range scan on sbtest4 using PRIMARY over (6736422 <= id <= 6736521)  (cost=20.4 rows=100)


table 5 : explain SELECT DISTINCT c FROM sbtest5 WHERE id BETWEEN 4652179 AND 4652278 ORDER BY c
	-> Sort: sbtest5.c
    -> Table scan on <temporary>  (cost=43.5..47.2 rows=100)
        -> Temporary table with deduplication  (cost=43.5..43.5 rows=100)
            -> Filter: (sbtest5.id between 4652179 and 4652278)  (cost=20.4 rows=100)
                -> Index range scan on sbtest5 using PRIMARY over (4652179 <= id <= 4652278)  (cost=20.4 rows=100)


table 6 : explain SELECT DISTINCT c FROM sbtest6 WHERE id BETWEEN 4733233 AND 4733332 ORDER BY c
	-> Sort: sbtest6.c
    -> Table scan on <temporary>  (cost=43.5..47.2 rows=100)
        -> Temporary table with deduplication  (cost=43.5..43.5 rows=100)
            -> Filter: (sbtest6.id between 4733233 and 4733332)  (cost=20.4 rows=100)
                -> Index range scan on sbtest6 using PRIMARY over (4733233 <= id <= 4733332)  (cost=20.4 rows=100)


table 7 : explain SELECT DISTINCT c FROM sbtest7 WHERE id BETWEEN 6258835 AND 6258934 ORDER BY c
	-> Sort: sbtest7.c
    -> Table scan on <temporary>  (cost=43.5..47.2 rows=100)
        -> Temporary table with deduplication  (cost=43.5..43.5 rows=100)
            -> Filter: (sbtest7.id between 6258835 and 6258934)  (cost=20.4 rows=100)
                -> Index range scan on sbtest7 using PRIMARY over (6258835 <= id <= 6258934)  (cost=20.4 rows=100)


table 8 : explain SELECT DISTINCT c FROM sbtest8 WHERE id BETWEEN 5158924 AND 5159023 ORDER BY c
	-> Sort: sbtest8.c
    -> Table scan on <temporary>  (cost=43.5..47.2 rows=100)
        -> Temporary table with deduplication  (cost=43.5..43.5 rows=100)
            -> Filter: (sbtest8.id between 5158924 and 5159023)  (cost=20.4 rows=100)
                -> Index range scan on sbtest8 using PRIMARY over (5158924 <= id <= 5159023)  (cost=20.4 rows=100)


for: distinct_ranges
table 1 : explain SELECT DISTINCT c FROM sbtest1 WHERE id BETWEEN 2508861 AND 2508960 ORDER BY c
	-> Sort: sbtest1.c
    -> Table scan on <temporary>  (cost=43.5..47.2 rows=100)
        -> Temporary table with deduplication  (cost=43.5..43.5 rows=100)
            -> Filter: (sbtest1.id between 2508861 and 2508960)  (cost=20.4 rows=100)
                -> Index range scan on sbtest1 using PRIMARY over (2508861 <= id <= 2508960)  (cost=20.4 rows=100)


table 2 : explain SELECT DISTINCT c FROM sbtest2 WHERE id BETWEEN 2476083 AND 2476182 ORDER BY c
	-> Sort: sbtest2.c
    -> Table scan on <temporary>  (cost=43.5..47.2 rows=100)
        -> Temporary table with deduplication  (cost=43.5..43.5 rows=100)
            -> Filter: (sbtest2.id between 2476083 and 2476182)  (cost=20.4 rows=100)
                -> Index range scan on sbtest2 using PRIMARY over (2476083 <= id <= 2476182)  (cost=20.4 rows=100)


table 3 : explain SELECT DISTINCT c FROM sbtest3 WHERE id BETWEEN 6729710 AND 6729809 ORDER BY c
	-> Sort: sbtest3.c
    -> Table scan on <temporary>  (cost=43.5..47.2 rows=100)
        -> Temporary table with deduplication  (cost=43.5..43.5 rows=100)
            -> Filter: (sbtest3.id between 6729710 and 6729809)  (cost=20.4 rows=100)
                -> Index range scan on sbtest3 using PRIMARY over (6729710 <= id <= 6729809)  (cost=20.4 rows=100)


table 4 : explain SELECT DISTINCT c FROM sbtest4 WHERE id BETWEEN 5394617 AND 5394716 ORDER BY c
	-> Sort: sbtest4.c
    -> Table scan on <temporary>  (cost=43.5..47.2 rows=100)
        -> Temporary table with deduplication  (cost=43.5..43.5 rows=100)
            -> Filter: (sbtest4.id between 5394617 and 5394716)  (cost=20.4 rows=100)
                -> Index range scan on sbtest4 using PRIMARY over (5394617 <= id <= 5394716)  (cost=20.4 rows=100)


table 5 : explain SELECT DISTINCT c FROM sbtest5 WHERE id BETWEEN 3968727 AND 3968826 ORDER BY c
	-> Sort: sbtest5.c
    -> Table scan on <temporary>  (cost=43.5..47.2 rows=100)
        -> Temporary table with deduplication  (cost=43.5..43.5 rows=100)
            -> Filter: (sbtest5.id between 3968727 and 3968826)  (cost=20.4 rows=100)
                -> Index range scan on sbtest5 using PRIMARY over (3968727 <= id <= 3968826)  (cost=20.4 rows=100)


table 6 : explain SELECT DISTINCT c FROM sbtest6 WHERE id BETWEEN 429514 AND 429613 ORDER BY c
	-> Sort: sbtest6.c
    -> Table scan on <temporary>  (cost=43.5..47.2 rows=100)
        -> Temporary table with deduplication  (cost=43.5..43.5 rows=100)
            -> Filter: (sbtest6.id between 429514 and 429613)  (cost=20.4 rows=100)
                -> Index range scan on sbtest6 using PRIMARY over (429514 <= id <= 429613)  (cost=20.4 rows=100)


table 7 : explain SELECT DISTINCT c FROM sbtest7 WHERE id BETWEEN 103613 AND 103712 ORDER BY c
	-> Sort: sbtest7.c
    -> Table scan on <temporary>  (cost=43.5..47.2 rows=100)
        -> Temporary table with deduplication  (cost=43.5..43.5 rows=100)
            -> Filter: (sbtest7.id between 103613 and 103712)  (cost=20.4 rows=100)
                -> Index range scan on sbtest7 using PRIMARY over (103613 <= id <= 103712)  (cost=20.4 rows=100)


table 8 : explain SELECT DISTINCT c FROM sbtest8 WHERE id BETWEEN 572409 AND 572508 ORDER BY c
	-> Sort: sbtest8.c
    -> Table scan on <temporary>  (cost=43.5..47.2 rows=100)
        -> Temporary table with deduplication  (cost=43.5..43.5 rows=100)
            -> Filter: (sbtest8.id between 572409 and 572508)  (cost=20.4 rows=100)
                -> Index range scan on sbtest8 using PRIMARY over (572409 <= id <= 572508)  (cost=20.4 rows=100)


for: distinct_ranges
table 1 : explain SELECT DISTINCT c FROM sbtest1 WHERE id BETWEEN 969641 AND 969740 ORDER BY c
	-> Sort: sbtest1.c
    -> Table scan on <temporary>  (cost=43.5..47.2 rows=100)
        -> Temporary table with deduplication  (cost=43.5..43.5 rows=100)
            -> Filter: (sbtest1.id between 969641 and 969740)  (cost=20.4 rows=100)
                -> Index range scan on sbtest1 using PRIMARY over (969641 <= id <= 969740)  (cost=20.4 rows=100)


table 2 : explain SELECT DISTINCT c FROM sbtest2 WHERE id BETWEEN 4520188 AND 4520287 ORDER BY c
	-> Sort: sbtest2.c
    -> Table scan on <temporary>  (cost=43.5..47.2 rows=100)
        -> Temporary table with deduplication  (cost=43.5..43.5 rows=100)
            -> Filter: (sbtest2.id between 4520188 and 4520287)  (cost=20.4 rows=100)
                -> Index range scan on sbtest2 using PRIMARY over (4520188 <= id <= 4520287)  (cost=20.4 rows=100)


table 3 : explain SELECT DISTINCT c FROM sbtest3 WHERE id BETWEEN 149027 AND 149126 ORDER BY c
	-> Sort: sbtest3.c
    -> Table scan on <temporary>  (cost=43.5..47.2 rows=100)
        -> Temporary table with deduplication  (cost=43.5..43.5 rows=100)
            -> Filter: (sbtest3.id between 149027 and 149126)  (cost=20.4 rows=100)
                -> Index range scan on sbtest3 using PRIMARY over (149027 <= id <= 149126)  (cost=20.4 rows=100)


table 4 : explain SELECT DISTINCT c FROM sbtest4 WHERE id BETWEEN 160860 AND 160959 ORDER BY c
	-> Sort: sbtest4.c
    -> Table scan on <temporary>  (cost=43.5..47.2 rows=100)
        -> Temporary table with deduplication  (cost=43.5..43.5 rows=100)
            -> Filter: (sbtest4.id between 160860 and 160959)  (cost=20.4 rows=100)
                -> Index range scan on sbtest4 using PRIMARY over (160860 <= id <= 160959)  (cost=20.4 rows=100)


table 5 : explain SELECT DISTINCT c FROM sbtest5 WHERE id BETWEEN 3858843 AND 3858942 ORDER BY c
	-> Sort: sbtest5.c
    -> Table scan on <temporary>  (cost=43.5..47.2 rows=100)
        -> Temporary table with deduplication  (cost=43.5..43.5 rows=100)
            -> Filter: (sbtest5.id between 3858843 and 3858942)  (cost=20.4 rows=100)
                -> Index range scan on sbtest5 using PRIMARY over (3858843 <= id <= 3858942)  (cost=20.4 rows=100)


table 6 : explain SELECT DISTINCT c FROM sbtest6 WHERE id BETWEEN 9919691 AND 9919790 ORDER BY c
	-> Sort: sbtest6.c
    -> Table scan on <temporary>  (cost=43.5..47.2 rows=100)
        -> Temporary table with deduplication  (cost=43.5..43.5 rows=100)
            -> Filter: (sbtest6.id between 9919691 and 9919790)  (cost=20.4 rows=100)
                -> Index range scan on sbtest6 using PRIMARY over (9919691 <= id <= 9919790)  (cost=20.4 rows=100)


table 7 : explain SELECT DISTINCT c FROM sbtest7 WHERE id BETWEEN 2551863 AND 2551962 ORDER BY c
	-> Sort: sbtest7.c
    -> Table scan on <temporary>  (cost=43.5..47.2 rows=100)
        -> Temporary table with deduplication  (cost=43.5..43.5 rows=100)
            -> Filter: (sbtest7.id between 2551863 and 2551962)  (cost=20.4 rows=100)
                -> Index range scan on sbtest7 using PRIMARY over (2551863 <= id <= 2551962)  (cost=20.4 rows=100)


table 8 : explain SELECT DISTINCT c FROM sbtest8 WHERE id BETWEEN 2587816 AND 2587915 ORDER BY c
	-> Sort: sbtest8.c
    -> Table scan on <temporary>  (cost=43.5..47.2 rows=100)
        -> Temporary table with deduplication  (cost=43.5..43.5 rows=100)
            -> Filter: (sbtest8.id between 2587816 and 2587915)  (cost=20.4 rows=100)
                -> Index range scan on sbtest8 using PRIMARY over (2587816 <= id <= 2587915)  (cost=20.4 rows=100)


for: distinct_ranges
table 1 : explain SELECT DISTINCT c FROM sbtest1 WHERE id BETWEEN 3106128 AND 3106227 ORDER BY c
	-> Sort: sbtest1.c
    -> Table scan on <temporary>  (cost=43.5..47.2 rows=100)
        -> Temporary table with deduplication  (cost=43.5..43.5 rows=100)
            -> Filter: (sbtest1.id between 3106128 and 3106227)  (cost=20.4 rows=100)
                -> Index range scan on sbtest1 using PRIMARY over (3106128 <= id <= 3106227)  (cost=20.4 rows=100)


table 2 : explain SELECT DISTINCT c FROM sbtest2 WHERE id BETWEEN 1923859 AND 1923958 ORDER BY c
	-> Sort: sbtest2.c
    -> Table scan on <temporary>  (cost=43.5..47.2 rows=100)
        -> Temporary table with deduplication  (cost=43.5..43.5 rows=100)
            -> Filter: (sbtest2.id between 1923859 and 1923958)  (cost=20.4 rows=100)
                -> Index range scan on sbtest2 using PRIMARY over (1923859 <= id <= 1923958)  (cost=20.4 rows=100)


table 3 : explain SELECT DISTINCT c FROM sbtest3 WHERE id BETWEEN 7008317 AND 7008416 ORDER BY c
	-> Sort: sbtest3.c
    -> Table scan on <temporary>  (cost=43.5..47.2 rows=100)
        -> Temporary table with deduplication  (cost=43.5..43.5 rows=100)
            -> Filter: (sbtest3.id between 7008317 and 7008416)  (cost=20.4 rows=100)
                -> Index range scan on sbtest3 using PRIMARY over (7008317 <= id <= 7008416)  (cost=20.4 rows=100)


table 4 : explain SELECT DISTINCT c FROM sbtest4 WHERE id BETWEEN 4140949 AND 4141048 ORDER BY c
	-> Sort: sbtest4.c
    -> Table scan on <temporary>  (cost=43.5..47.2 rows=100)
        -> Temporary table with deduplication  (cost=43.5..43.5 rows=100)
            -> Filter: (sbtest4.id between 4140949 and 4141048)  (cost=20.4 rows=100)
                -> Index range scan on sbtest4 using PRIMARY over (4140949 <= id <= 4141048)  (cost=20.4 rows=100)


table 5 : explain SELECT DISTINCT c FROM sbtest5 WHERE id BETWEEN 1482300 AND 1482399 ORDER BY c
	-> Sort: sbtest5.c
    -> Table scan on <temporary>  (cost=43.5..47.2 rows=100)
        -> Temporary table with deduplication  (cost=43.5..43.5 rows=100)
            -> Filter: (sbtest5.id between 1482300 and 1482399)  (cost=20.4 rows=100)
                -> Index range scan on sbtest5 using PRIMARY over (1482300 <= id <= 1482399)  (cost=20.4 rows=100)


table 6 : explain SELECT DISTINCT c FROM sbtest6 WHERE id BETWEEN 8119696 AND 8119795 ORDER BY c
	-> Sort: sbtest6.c
    -> Table scan on <temporary>  (cost=43.5..47.2 rows=100)
        -> Temporary table with deduplication  (cost=43.5..43.5 rows=100)
            -> Filter: (sbtest6.id between 8119696 and 8119795)  (cost=20.4 rows=100)
                -> Index range scan on sbtest6 using PRIMARY over (8119696 <= id <= 8119795)  (cost=20.4 rows=100)


table 7 : explain SELECT DISTINCT c FROM sbtest7 WHERE id BETWEEN 1999509 AND 1999608 ORDER BY c
	-> Sort: sbtest7.c
    -> Table scan on <temporary>  (cost=43.5..47.2 rows=100)
        -> Temporary table with deduplication  (cost=43.5..43.5 rows=100)
            -> Filter: (sbtest7.id between 1999509 and 1999608)  (cost=20.4 rows=100)
                -> Index range scan on sbtest7 using PRIMARY over (1999509 <= id <= 1999608)  (cost=20.4 rows=100)


table 8 : explain SELECT DISTINCT c FROM sbtest8 WHERE id BETWEEN 2930644 AND 2930743 ORDER BY c
	-> Sort: sbtest8.c
    -> Table scan on <temporary>  (cost=43.5..47.2 rows=100)
        -> Temporary table with deduplication  (cost=43.5..43.5 rows=100)
            -> Filter: (sbtest8.id between 2930644 and 2930743)  (cost=20.4 rows=100)
                -> Index range scan on sbtest8 using PRIMARY over (2930644 <= id <= 2930743)  (cost=20.4 rows=100)


for: distinct_ranges
table 1 : explain SELECT DISTINCT c FROM sbtest1 WHERE id BETWEEN 4479485 AND 4479584 ORDER BY c
	-> Sort: sbtest1.c
    -> Table scan on <temporary>  (cost=43.5..47.2 rows=100)
        -> Temporary table with deduplication  (cost=43.5..43.5 rows=100)
            -> Filter: (sbtest1.id between 4479485 and 4479584)  (cost=20.4 rows=100)
                -> Index range scan on sbtest1 using PRIMARY over (4479485 <= id <= 4479584)  (cost=20.4 rows=100)


table 2 : explain SELECT DISTINCT c FROM sbtest2 WHERE id BETWEEN 4907928 AND 4908027 ORDER BY c
	-> Sort: sbtest2.c
    -> Table scan on <temporary>  (cost=43.5..47.2 rows=100)
        -> Temporary table with deduplication  (cost=43.5..43.5 rows=100)
            -> Filter: (sbtest2.id between 4907928 and 4908027)  (cost=20.4 rows=100)
                -> Index range scan on sbtest2 using PRIMARY over (4907928 <= id <= 4908027)  (cost=20.4 rows=100)


table 3 : explain SELECT DISTINCT c FROM sbtest3 WHERE id BETWEEN 1672965 AND 1673064 ORDER BY c
	-> Sort: sbtest3.c
    -> Table scan on <temporary>  (cost=43.5..47.2 rows=100)
        -> Temporary table with deduplication  (cost=43.5..43.5 rows=100)
            -> Filter: (sbtest3.id between 1672965 and 1673064)  (cost=20.4 rows=100)
                -> Index range scan on sbtest3 using PRIMARY over (1672965 <= id <= 1673064)  (cost=20.4 rows=100)


table 4 : explain SELECT DISTINCT c FROM sbtest4 WHERE id BETWEEN 9489866 AND 9489965 ORDER BY c
	-> Sort: sbtest4.c
    -> Table scan on <temporary>  (cost=43.5..47.2 rows=100)
        -> Temporary table with deduplication  (cost=43.5..43.5 rows=100)
            -> Filter: (sbtest4.id between 9489866 and 9489965)  (cost=20.4 rows=100)
                -> Index range scan on sbtest4 using PRIMARY over (9489866 <= id <= 9489965)  (cost=20.4 rows=100)


table 5 : explain SELECT DISTINCT c FROM sbtest5 WHERE id BETWEEN 8612984 AND 8613083 ORDER BY c
	-> Sort: sbtest5.c
    -> Table scan on <temporary>  (cost=43.5..47.2 rows=100)
        -> Temporary table with deduplication  (cost=43.5..43.5 rows=100)
            -> Filter: (sbtest5.id between 8612984 and 8613083)  (cost=20.4 rows=100)
                -> Index range scan on sbtest5 using PRIMARY over (8612984 <= id <= 8613083)  (cost=20.4 rows=100)


table 6 : explain SELECT DISTINCT c FROM sbtest6 WHERE id BETWEEN 7981361 AND 7981460 ORDER BY c
	-> Sort: sbtest6.c
    -> Table scan on <temporary>  (cost=43.5..47.2 rows=100)
        -> Temporary table with deduplication  (cost=43.5..43.5 rows=100)
            -> Filter: (sbtest6.id between 7981361 and 7981460)  (cost=20.4 rows=100)
                -> Index range scan on sbtest6 using PRIMARY over (7981361 <= id <= 7981460)  (cost=20.4 rows=100)


table 7 : explain SELECT DISTINCT c FROM sbtest7 WHERE id BETWEEN 4616942 AND 4617041 ORDER BY c
	-> Sort: sbtest7.c
    -> Table scan on <temporary>  (cost=43.5..47.2 rows=100)
        -> Temporary table with deduplication  (cost=43.5..43.5 rows=100)
            -> Filter: (sbtest7.id between 4616942 and 4617041)  (cost=20.4 rows=100)
                -> Index range scan on sbtest7 using PRIMARY over (4616942 <= id <= 4617041)  (cost=20.4 rows=100)


table 8 : explain SELECT DISTINCT c FROM sbtest8 WHERE id BETWEEN 506678 AND 506777 ORDER BY c
	-> Sort: sbtest8.c
    -> Table scan on <temporary>  (cost=43.5..47.2 rows=100)
        -> Temporary table with deduplication  (cost=43.5..43.5 rows=100)
            -> Filter: (sbtest8.id between 506678 and 506777)  (cost=20.4 rows=100)
                -> Index range scan on sbtest8 using PRIMARY over (506678 <= id <= 506777)  (cost=20.4 rows=100)

for: distinct_ranges
table 1 : explain SELECT DISTINCT c FROM sbtest1 WHERE id BETWEEN 1228697 AND 1228796 ORDER BY c
	-> Sort: sbtest1.c
    -> Table scan on <temporary>  (cost=43.5..47.2 rows=100)
        -> Temporary table with deduplication  (cost=43.5..43.5 rows=100)
            -> Filter: (sbtest1.id between 1228697 and 1228796)  (cost=20.4 rows=100)
                -> Index range scan on sbtest1 using PRIMARY over (1228697 <= id <= 1228796)  (cost=20.4 rows=100)


table 2 : explain SELECT DISTINCT c FROM sbtest2 WHERE id BETWEEN 7551093 AND 7551192 ORDER BY c
	-> Sort: sbtest2.c
    -> Table scan on <temporary>  (cost=43.5..47.2 rows=100)
        -> Temporary table with deduplication  (cost=43.5..43.5 rows=100)
            -> Filter: (sbtest2.id between 7551093 and 7551192)  (cost=20.4 rows=100)
                -> Index range scan on sbtest2 using PRIMARY over (7551093 <= id <= 7551192)  (cost=20.4 rows=100)


table 3 : explain SELECT DISTINCT c FROM sbtest3 WHERE id BETWEEN 2770617 AND 2770716 ORDER BY c
	-> Sort: sbtest3.c
    -> Table scan on <temporary>  (cost=43.5..47.2 rows=100)
        -> Temporary table with deduplication  (cost=43.5..43.5 rows=100)
            -> Filter: (sbtest3.id between 2770617 and 2770716)  (cost=20.4 rows=100)
                -> Index range scan on sbtest3 using PRIMARY over (2770617 <= id <= 2770716)  (cost=20.4 rows=100)


table 4 : explain SELECT DISTINCT c FROM sbtest4 WHERE id BETWEEN 3983712 AND 3983811 ORDER BY c
	-> Sort: sbtest4.c
    -> Table scan on <temporary>  (cost=43.5..47.2 rows=100)
        -> Temporary table with deduplication  (cost=43.5..43.5 rows=100)
            -> Filter: (sbtest4.id between 3983712 and 3983811)  (cost=20.4 rows=100)
                -> Index range scan on sbtest4 using PRIMARY over (3983712 <= id <= 3983811)  (cost=20.4 rows=100)


table 5 : explain SELECT DISTINCT c FROM sbtest5 WHERE id BETWEEN 4242577 AND 4242676 ORDER BY c
	-> Sort: sbtest5.c
    -> Table scan on <temporary>  (cost=43.5..47.2 rows=100)
        -> Temporary table with deduplication  (cost=43.5..43.5 rows=100)
            -> Filter: (sbtest5.id between 4242577 and 4242676)  (cost=20.4 rows=100)
                -> Index range scan on sbtest5 using PRIMARY over (4242577 <= id <= 4242676)  (cost=20.4 rows=100)


table 6 : explain SELECT DISTINCT c FROM sbtest6 WHERE id BETWEEN 8062180 AND 8062279 ORDER BY c
	-> Sort: sbtest6.c
    -> Table scan on <temporary>  (cost=43.5..47.2 rows=100)
        -> Temporary table with deduplication  (cost=43.5..43.5 rows=100)
            -> Filter: (sbtest6.id between 8062180 and 8062279)  (cost=20.4 rows=100)
                -> Index range scan on sbtest6 using PRIMARY over (8062180 <= id <= 8062279)  (cost=20.4 rows=100)


table 7 : explain SELECT DISTINCT c FROM sbtest7 WHERE id BETWEEN 9484233 AND 9484332 ORDER BY c
	-> Sort: sbtest7.c
    -> Table scan on <temporary>  (cost=43.5..47.2 rows=100)
        -> Temporary table with deduplication  (cost=43.5..43.5 rows=100)
            -> Filter: (sbtest7.id between 9484233 and 9484332)  (cost=20.4 rows=100)
                -> Index range scan on sbtest7 using PRIMARY over (9484233 <= id <= 9484332)  (cost=20.4 rows=100)


table 8 : explain SELECT DISTINCT c FROM sbtest8 WHERE id BETWEEN 4575089 AND 4575188 ORDER BY c
	-> Sort: sbtest8.c
    -> Table scan on <temporary>  (cost=43.5..47.2 rows=100)
        -> Temporary table with deduplication  (cost=43.5..43.5 rows=100)
            -> Filter: (sbtest8.id between 4575089 and 4575188)  (cost=20.4 rows=100)
                -> Index range scan on sbtest8 using PRIMARY over (4575089 <= id <= 4575188)  (cost=20.4 rows=100)



for: distinct_ranges
table 1 : explain SELECT DISTINCT c FROM sbtest1 WHERE id BETWEEN 2463181 AND 2463280 ORDER BY c
	-> Sort: sbtest1.c
    -> Table scan on <temporary>  (cost=43.5..47.2 rows=100)
        -> Temporary table with deduplication  (cost=43.5..43.5 rows=100)
            -> Filter: (sbtest1.id between 2463181 and 2463280)  (cost=20.4 rows=100)
                -> Index range scan on sbtest1 using PRIMARY over (2463181 <= id <= 2463280)  (cost=20.4 rows=100)


table 2 : explain SELECT DISTINCT c FROM sbtest2 WHERE id BETWEEN 3688562 AND 3688661 ORDER BY c
	-> Sort: sbtest2.c
    -> Table scan on <temporary>  (cost=43.5..47.2 rows=100)
        -> Temporary table with deduplication  (cost=43.5..43.5 rows=100)
            -> Filter: (sbtest2.id between 3688562 and 3688661)  (cost=20.4 rows=100)
                -> Index range scan on sbtest2 using PRIMARY over (3688562 <= id <= 3688661)  (cost=20.4 rows=100)


table 3 : explain SELECT DISTINCT c FROM sbtest3 WHERE id BETWEEN 2719073 AND 2719172 ORDER BY c
	-> Sort: sbtest3.c
    -> Table scan on <temporary>  (cost=43.5..47.2 rows=100)
        -> Temporary table with deduplication  (cost=43.5..43.5 rows=100)
            -> Filter: (sbtest3.id between 2719073 and 2719172)  (cost=20.4 rows=100)
                -> Index range scan on sbtest3 using PRIMARY over (2719073 <= id <= 2719172)  (cost=20.4 rows=100)


table 4 : explain SELECT DISTINCT c FROM sbtest4 WHERE id BETWEEN 3354485 AND 3354584 ORDER BY c
	-> Sort: sbtest4.c
    -> Table scan on <temporary>  (cost=43.5..47.2 rows=100)
        -> Temporary table with deduplication  (cost=43.5..43.5 rows=100)
            -> Filter: (sbtest4.id between 3354485 and 3354584)  (cost=20.4 rows=100)
                -> Index range scan on sbtest4 using PRIMARY over (3354485 <= id <= 3354584)  (cost=20.4 rows=100)


table 5 : explain SELECT DISTINCT c FROM sbtest5 WHERE id BETWEEN 2675193 AND 2675292 ORDER BY c
	-> Sort: sbtest5.c
    -> Table scan on <temporary>  (cost=43.5..47.2 rows=100)
        -> Temporary table with deduplication  (cost=43.5..43.5 rows=100)
            -> Filter: (sbtest5.id between 2675193 and 2675292)  (cost=20.4 rows=100)
                -> Index range scan on sbtest5 using PRIMARY over (2675193 <= id <= 2675292)  (cost=20.4 rows=100)


table 6 : explain SELECT DISTINCT c FROM sbtest6 WHERE id BETWEEN 6409181 AND 6409280 ORDER BY c
	-> Sort: sbtest6.c
    -> Table scan on <temporary>  (cost=43.5..47.2 rows=100)
        -> Temporary table with deduplication  (cost=43.5..43.5 rows=100)
            -> Filter: (sbtest6.id between 6409181 and 6409280)  (cost=20.4 rows=100)
                -> Index range scan on sbtest6 using PRIMARY over (6409181 <= id <= 6409280)  (cost=20.4 rows=100)


table 7 : explain SELECT DISTINCT c FROM sbtest7 WHERE id BETWEEN 9543802 AND 9543901 ORDER BY c
	-> Sort: sbtest7.c
    -> Table scan on <temporary>  (cost=43.5..47.2 rows=100)
        -> Temporary table with deduplication  (cost=43.5..43.5 rows=100)
            -> Filter: (sbtest7.id between 9543802 and 9543901)  (cost=20.4 rows=100)
                -> Index range scan on sbtest7 using PRIMARY over (9543802 <= id <= 9543901)  (cost=20.4 rows=100)


table 8 : explain SELECT DISTINCT c FROM sbtest8 WHERE id BETWEEN 5504911 AND 5505010 ORDER BY c
	-> Sort: sbtest8.c
    -> Table scan on <temporary>  (cost=43.5..47.2 rows=100)
        -> Temporary table with deduplication  (cost=43.5..43.5 rows=100)
            -> Filter: (sbtest8.id between 5504911 and 5505010)  (cost=20.4 rows=100)
                -> Index range scan on sbtest8 using PRIMARY over (5504911 <= id <= 5505010)  (cost=20.4 rows=100)


for: distinct_ranges
table 1 : explain SELECT DISTINCT c FROM sbtest1 WHERE id BETWEEN 7997469 AND 7997568 ORDER BY c
	-> Sort: sbtest1.c
    -> Table scan on <temporary>  (cost=43.5..47.2 rows=100)
        -> Temporary table with deduplication  (cost=43.5..43.5 rows=100)
            -> Filter: (sbtest1.id between 7997469 and 7997568)  (cost=20.4 rows=100)
                -> Index range scan on sbtest1 using PRIMARY over (7997469 <= id <= 7997568)  (cost=20.4 rows=100)


table 2 : explain SELECT DISTINCT c FROM sbtest2 WHERE id BETWEEN 2299562 AND 2299661 ORDER BY c
	-> Sort: sbtest2.c
    -> Table scan on <temporary>  (cost=43.5..47.2 rows=100)
        -> Temporary table with deduplication  (cost=43.5..43.5 rows=100)
            -> Filter: (sbtest2.id between 2299562 and 2299661)  (cost=20.4 rows=100)
                -> Index range scan on sbtest2 using PRIMARY over (2299562 <= id <= 2299661)  (cost=20.4 rows=100)


table 3 : explain SELECT DISTINCT c FROM sbtest3 WHERE id BETWEEN 8867564 AND 8867663 ORDER BY c
	-> Sort: sbtest3.c
    -> Table scan on <temporary>  (cost=43.5..47.2 rows=100)
        -> Temporary table with deduplication  (cost=43.5..43.5 rows=100)
            -> Filter: (sbtest3.id between 8867564 and 8867663)  (cost=20.4 rows=100)
                -> Index range scan on sbtest3 using PRIMARY over (8867564 <= id <= 8867663)  (cost=20.4 rows=100)


table 4 : explain SELECT DISTINCT c FROM sbtest4 WHERE id BETWEEN 6769168 AND 6769267 ORDER BY c
	-> Sort: sbtest4.c
    -> Table scan on <temporary>  (cost=43.5..47.2 rows=100)
        -> Temporary table with deduplication  (cost=43.5..43.5 rows=100)
            -> Filter: (sbtest4.id between 6769168 and 6769267)  (cost=20.4 rows=100)
                -> Index range scan on sbtest4 using PRIMARY over (6769168 <= id <= 6769267)  (cost=20.4 rows=100)


table 5 : explain SELECT DISTINCT c FROM sbtest5 WHERE id BETWEEN 8334806 AND 8334905 ORDER BY c
	-> Sort: sbtest5.c
    -> Table scan on <temporary>  (cost=43.5..47.2 rows=100)
        -> Temporary table with deduplication  (cost=43.5..43.5 rows=100)
            -> Filter: (sbtest5.id between 8334806 and 8334905)  (cost=20.4 rows=100)
                -> Index range scan on sbtest5 using PRIMARY over (8334806 <= id <= 8334905)  (cost=20.4 rows=100)


table 6 : explain SELECT DISTINCT c FROM sbtest6 WHERE id BETWEEN 3809499 AND 3809598 ORDER BY c
	-> Sort: sbtest6.c
    -> Table scan on <temporary>  (cost=43.5..47.2 rows=100)
        -> Temporary table with deduplication  (cost=43.5..43.5 rows=100)
            -> Filter: (sbtest6.id between 3809499 and 3809598)  (cost=20.4 rows=100)
                -> Index range scan on sbtest6 using PRIMARY over (3809499 <= id <= 3809598)  (cost=20.4 rows=100)


table 7 : explain SELECT DISTINCT c FROM sbtest7 WHERE id BETWEEN 1704677 AND 1704776 ORDER BY c
	-> Sort: sbtest7.c
    -> Table scan on <temporary>  (cost=43.5..47.2 rows=100)
        -> Temporary table with deduplication  (cost=43.5..43.5 rows=100)
            -> Filter: (sbtest7.id between 1704677 and 1704776)  (cost=20.4 rows=100)
                -> Index range scan on sbtest7 using PRIMARY over (1704677 <= id <= 1704776)  (cost=20.4 rows=100)


table 8 : explain SELECT DISTINCT c FROM sbtest8 WHERE id BETWEEN 9132313 AND 9132412 ORDER BY c
	-> Sort: sbtest8.c
    -> Table scan on <temporary>  (cost=43.5..47.2 rows=100)
        -> Temporary table with deduplication  (cost=43.5..43.5 rows=100)
            -> Filter: (sbtest8.id between 9132313 and 9132412)  (cost=20.4 rows=100)
                -> Index range scan on sbtest8 using PRIMARY over (9132313 <= id <= 9132412)  (cost=20.4 rows=100)


for: distinct_ranges
table 1 : explain SELECT DISTINCT c FROM sbtest1 WHERE id BETWEEN 3001790 AND 3001889 ORDER BY c
	-> Sort: sbtest1.c
    -> Table scan on <temporary>  (cost=43.5..47.2 rows=100)
        -> Temporary table with deduplication  (cost=43.5..43.5 rows=100)
            -> Filter: (sbtest1.id between 3001790 and 3001889)  (cost=20.4 rows=100)
                -> Index range scan on sbtest1 using PRIMARY over (3001790 <= id <= 3001889)  (cost=20.4 rows=100)


table 2 : explain SELECT DISTINCT c FROM sbtest2 WHERE id BETWEEN 1303138 AND 1303237 ORDER BY c
	-> Sort: sbtest2.c
    -> Table scan on <temporary>  (cost=43.5..47.2 rows=100)
        -> Temporary table with deduplication  (cost=43.5..43.5 rows=100)
            -> Filter: (sbtest2.id between 1303138 and 1303237)  (cost=20.4 rows=100)
                -> Index range scan on sbtest2 using PRIMARY over (1303138 <= id <= 1303237)  (cost=20.4 rows=100)


table 3 : explain SELECT DISTINCT c FROM sbtest3 WHERE id BETWEEN 3202772 AND 3202871 ORDER BY c
	-> Sort: sbtest3.c
    -> Table scan on <temporary>  (cost=43.5..47.2 rows=100)
        -> Temporary table with deduplication  (cost=43.5..43.5 rows=100)
            -> Filter: (sbtest3.id between 3202772 and 3202871)  (cost=20.4 rows=100)
                -> Index range scan on sbtest3 using PRIMARY over (3202772 <= id <= 3202871)  (cost=20.4 rows=100)


table 4 : explain SELECT DISTINCT c FROM sbtest4 WHERE id BETWEEN 660628 AND 660727 ORDER BY c
	-> Sort: sbtest4.c
    -> Table scan on <temporary>  (cost=43.5..47.2 rows=100)
        -> Temporary table with deduplication  (cost=43.5..43.5 rows=100)
            -> Filter: (sbtest4.id between 660628 and 660727)  (cost=20.4 rows=100)
                -> Index range scan on sbtest4 using PRIMARY over (660628 <= id <= 660727)  (cost=20.4 rows=100)


table 5 : explain SELECT DISTINCT c FROM sbtest5 WHERE id BETWEEN 2955840 AND 2955939 ORDER BY c
	-> Sort: sbtest5.c
    -> Table scan on <temporary>  (cost=43.5..47.2 rows=100)
        -> Temporary table with deduplication  (cost=43.5..43.5 rows=100)
            -> Filter: (sbtest5.id between 2955840 and 2955939)  (cost=20.4 rows=100)
                -> Index range scan on sbtest5 using PRIMARY over (2955840 <= id <= 2955939)  (cost=20.4 rows=100)


table 6 : explain SELECT DISTINCT c FROM sbtest6 WHERE id BETWEEN 8396875 AND 8396974 ORDER BY c
	-> Sort: sbtest6.c
    -> Table scan on <temporary>  (cost=43.5..47.2 rows=100)
        -> Temporary table with deduplication  (cost=43.5..43.5 rows=100)
            -> Filter: (sbtest6.id between 8396875 and 8396974)  (cost=20.4 rows=100)
                -> Index range scan on sbtest6 using PRIMARY over (8396875 <= id <= 8396974)  (cost=20.4 rows=100)


table 7 : explain SELECT DISTINCT c FROM sbtest7 WHERE id BETWEEN 7721896 AND 7721995 ORDER BY c
	-> Sort: sbtest7.c
    -> Table scan on <temporary>  (cost=43.5..47.2 rows=100)
        -> Temporary table with deduplication  (cost=43.5..43.5 rows=100)
            -> Filter: (sbtest7.id between 7721896 and 7721995)  (cost=20.4 rows=100)
                -> Index range scan on sbtest7 using PRIMARY over (7721896 <= id <= 7721995)  (cost=20.4 rows=100)


table 8 : explain SELECT DISTINCT c FROM sbtest8 WHERE id BETWEEN 5080841 AND 5080940 ORDER BY c
	-> Sort: sbtest8.c
    -> Table scan on <temporary>  (cost=43.5..47.2 rows=100)
        -> Temporary table with deduplication  (cost=43.5..43.5 rows=100)
            -> Filter: (sbtest8.id between 5080841 and 5080940)  (cost=20.4 rows=100)
                -> Index range scan on sbtest8 using PRIMARY over (5080841 <= id <= 5080940)  (cost=20.4 rows=100)


for: distinct_ranges
table 1 : explain SELECT DISTINCT c FROM sbtest1 WHERE id BETWEEN 792475 AND 792574 ORDER BY c
	-> Sort: sbtest1.c
    -> Table scan on <temporary>  (cost=43.5..47.2 rows=100)
        -> Temporary table with deduplication  (cost=43.5..43.5 rows=100)
            -> Filter: (sbtest1.id between 792475 and 792574)  (cost=20.4 rows=100)
                -> Index range scan on sbtest1 using PRIMARY over (792475 <= id <= 792574)  (cost=20.4 rows=100)


table 2 : explain SELECT DISTINCT c FROM sbtest2 WHERE id BETWEEN 7060915 AND 7061014 ORDER BY c
	-> Sort: sbtest2.c
    -> Table scan on <temporary>  (cost=43.5..47.2 rows=100)
        -> Temporary table with deduplication  (cost=43.5..43.5 rows=100)
            -> Filter: (sbtest2.id between 7060915 and 7061014)  (cost=20.4 rows=100)
                -> Index range scan on sbtest2 using PRIMARY over (7060915 <= id <= 7061014)  (cost=20.4 rows=100)


table 3 : explain SELECT DISTINCT c FROM sbtest3 WHERE id BETWEEN 9758747 AND 9758846 ORDER BY c
	-> Sort: sbtest3.c
    -> Table scan on <temporary>  (cost=43.5..47.2 rows=100)
        -> Temporary table with deduplication  (cost=43.5..43.5 rows=100)
            -> Filter: (sbtest3.id between 9758747 and 9758846)  (cost=20.4 rows=100)
                -> Index range scan on sbtest3 using PRIMARY over (9758747 <= id <= 9758846)  (cost=20.4 rows=100)


table 4 : explain SELECT DISTINCT c FROM sbtest4 WHERE id BETWEEN 6455787 AND 6455886 ORDER BY c
	-> Sort: sbtest4.c
    -> Table scan on <temporary>  (cost=43.5..47.2 rows=100)
        -> Temporary table with deduplication  (cost=43.5..43.5 rows=100)
            -> Filter: (sbtest4.id between 6455787 and 6455886)  (cost=20.4 rows=100)
                -> Index range scan on sbtest4 using PRIMARY over (6455787 <= id <= 6455886)  (cost=20.4 rows=100)


table 5 : explain SELECT DISTINCT c FROM sbtest5 WHERE id BETWEEN 5130750 AND 5130849 ORDER BY c
	-> Sort: sbtest5.c
    -> Table scan on <temporary>  (cost=43.5..47.2 rows=100)
        -> Temporary table with deduplication  (cost=43.5..43.5 rows=100)
            -> Filter: (sbtest5.id between 5130750 and 5130849)  (cost=20.4 rows=100)
                -> Index range scan on sbtest5 using PRIMARY over (5130750 <= id <= 5130849)  (cost=20.4 rows=100)


table 6 : explain SELECT DISTINCT c FROM sbtest6 WHERE id BETWEEN 4911135 AND 4911234 ORDER BY c
	-> Sort: sbtest6.c
    -> Table scan on <temporary>  (cost=43.5..47.2 rows=100)
        -> Temporary table with deduplication  (cost=43.5..43.5 rows=100)
            -> Filter: (sbtest6.id between 4911135 and 4911234)  (cost=20.4 rows=100)
                -> Index range scan on sbtest6 using PRIMARY over (4911135 <= id <= 4911234)  (cost=20.4 rows=100)


table 7 : explain SELECT DISTINCT c FROM sbtest7 WHERE id BETWEEN 5969231 AND 5969330 ORDER BY c
	-> Sort: sbtest7.c
    -> Table scan on <temporary>  (cost=43.5..47.2 rows=100)
        -> Temporary table with deduplication  (cost=43.5..43.5 rows=100)
            -> Filter: (sbtest7.id between 5969231 and 5969330)  (cost=20.4 rows=100)
                -> Index range scan on sbtest7 using PRIMARY over (5969231 <= id <= 5969330)  (cost=20.4 rows=100)


table 8 : explain SELECT DISTINCT c FROM sbtest8 WHERE id BETWEEN 3542845 AND 3542944 ORDER BY c
	-> Sort: sbtest8.c
    -> Table scan on <temporary>  (cost=43.5..47.2 rows=100)
        -> Temporary table with deduplication  (cost=43.5..43.5 rows=100)
            -> Filter: (sbtest8.id between 3542845 and 3542944)  (cost=20.4 rows=100)
                -> Index range scan on sbtest8 using PRIMARY over (3542845 <= id <= 3542944)  (cost=20.4 rows=100)


for: distinct_ranges
table 1 : explain SELECT DISTINCT c FROM sbtest1 WHERE id BETWEEN 4203242 AND 4203341 ORDER BY c
	-> Sort: sbtest1.c
    -> Table scan on <temporary>  (cost=43.5..47.2 rows=100)
        -> Temporary table with deduplication  (cost=43.5..43.5 rows=100)
            -> Filter: (sbtest1.id between 4203242 and 4203341)  (cost=20.4 rows=100)
                -> Index range scan on sbtest1 using PRIMARY over (4203242 <= id <= 4203341)  (cost=20.4 rows=100)


table 2 : explain SELECT DISTINCT c FROM sbtest2 WHERE id BETWEEN 4198938 AND 4199037 ORDER BY c
	-> Sort: sbtest2.c
    -> Table scan on <temporary>  (cost=43.5..47.2 rows=100)
        -> Temporary table with deduplication  (cost=43.5..43.5 rows=100)
            -> Filter: (sbtest2.id between 4198938 and 4199037)  (cost=20.4 rows=100)
                -> Index range scan on sbtest2 using PRIMARY over (4198938 <= id <= 4199037)  (cost=20.4 rows=100)


table 3 : explain SELECT DISTINCT c FROM sbtest3 WHERE id BETWEEN 4006471 AND 4006570 ORDER BY c
	-> Sort: sbtest3.c
    -> Table scan on <temporary>  (cost=43.5..47.2 rows=100)
        -> Temporary table with deduplication  (cost=43.5..43.5 rows=100)
            -> Filter: (sbtest3.id between 4006471 and 4006570)  (cost=20.4 rows=100)
                -> Index range scan on sbtest3 using PRIMARY over (4006471 <= id <= 4006570)  (cost=20.4 rows=100)


table 4 : explain SELECT DISTINCT c FROM sbtest4 WHERE id BETWEEN 4670862 AND 4670961 ORDER BY c
	-> Sort: sbtest4.c
    -> Table scan on <temporary>  (cost=43.5..47.2 rows=100)
        -> Temporary table with deduplication  (cost=43.5..43.5 rows=100)
            -> Filter: (sbtest4.id between 4670862 and 4670961)  (cost=20.4 rows=100)
                -> Index range scan on sbtest4 using PRIMARY over (4670862 <= id <= 4670961)  (cost=20.4 rows=100)


table 5 : explain SELECT DISTINCT c FROM sbtest5 WHERE id BETWEEN 8433443 AND 8433542 ORDER BY c
	-> Sort: sbtest5.c
    -> Table scan on <temporary>  (cost=43.5..47.2 rows=100)
        -> Temporary table with deduplication  (cost=43.5..43.5 rows=100)
            -> Filter: (sbtest5.id between 8433443 and 8433542)  (cost=20.4 rows=100)
                -> Index range scan on sbtest5 using PRIMARY over (8433443 <= id <= 8433542)  (cost=20.4 rows=100)


table 6 : explain SELECT DISTINCT c FROM sbtest6 WHERE id BETWEEN 1293710 AND 1293809 ORDER BY c
	-> Sort: sbtest6.c
    -> Table scan on <temporary>  (cost=43.5..47.2 rows=100)
        -> Temporary table with deduplication  (cost=43.5..43.5 rows=100)
            -> Filter: (sbtest6.id between 1293710 and 1293809)  (cost=20.4 rows=100)
                -> Index range scan on sbtest6 using PRIMARY over (1293710 <= id <= 1293809)  (cost=20.4 rows=100)


table 7 : explain SELECT DISTINCT c FROM sbtest7 WHERE id BETWEEN 7447634 AND 7447733 ORDER BY c
	-> Sort: sbtest7.c
    -> Table scan on <temporary>  (cost=43.5..47.2 rows=100)
        -> Temporary table with deduplication  (cost=43.5..43.5 rows=100)
            -> Filter: (sbtest7.id between 7447634 and 7447733)  (cost=20.4 rows=100)
                -> Index range scan on sbtest7 using PRIMARY over (7447634 <= id <= 7447733)  (cost=20.4 rows=100)


table 8 : explain SELECT DISTINCT c FROM sbtest8 WHERE id BETWEEN 5349520 AND 5349619 ORDER BY c
	-> Sort: sbtest8.c
    -> Table scan on <temporary>  (cost=43.5..47.2 rows=100)
        -> Temporary table with deduplication  (cost=43.5..43.5 rows=100)
            -> Filter: (sbtest8.id between 5349520 and 5349619)  (cost=20.4 rows=100)
                -> Index range scan on sbtest8 using PRIMARY over (5349520 <= id <= 5349619)  (cost=20.4 rows=100)


for: distinct_ranges
table 1 : explain SELECT DISTINCT c FROM sbtest1 WHERE id BETWEEN 5070415 AND 5070514 ORDER BY c
	-> Sort: sbtest1.c
    -> Table scan on <temporary>  (cost=43.5..47.2 rows=100)
        -> Temporary table with deduplication  (cost=43.5..43.5 rows=100)
            -> Filter: (sbtest1.id between 5070415 and 5070514)  (cost=20.4 rows=100)
                -> Index range scan on sbtest1 using PRIMARY over (5070415 <= id <= 5070514)  (cost=20.4 rows=100)


table 2 : explain SELECT DISTINCT c FROM sbtest2 WHERE id BETWEEN 2550702 AND 2550801 ORDER BY c
	-> Sort: sbtest2.c
    -> Table scan on <temporary>  (cost=43.5..47.2 rows=100)
        -> Temporary table with deduplication  (cost=43.5..43.5 rows=100)
            -> Filter: (sbtest2.id between 2550702 and 2550801)  (cost=20.4 rows=100)
                -> Index range scan on sbtest2 using PRIMARY over (2550702 <= id <= 2550801)  (cost=20.4 rows=100)


table 3 : explain SELECT DISTINCT c FROM sbtest3 WHERE id BETWEEN 3294608 AND 3294707 ORDER BY c
	-> Sort: sbtest3.c
    -> Table scan on <temporary>  (cost=43.5..47.2 rows=100)
        -> Temporary table with deduplication  (cost=43.5..43.5 rows=100)
            -> Filter: (sbtest3.id between 3294608 and 3294707)  (cost=20.4 rows=100)
                -> Index range scan on sbtest3 using PRIMARY over (3294608 <= id <= 3294707)  (cost=20.4 rows=100)


table 4 : explain SELECT DISTINCT c FROM sbtest4 WHERE id BETWEEN 2956279 AND 2956378 ORDER BY c
	-> Sort: sbtest4.c
    -> Table scan on <temporary>  (cost=43.5..47.2 rows=100)
        -> Temporary table with deduplication  (cost=43.5..43.5 rows=100)
            -> Filter: (sbtest4.id between 2956279 and 2956378)  (cost=20.4 rows=100)
                -> Index range scan on sbtest4 using PRIMARY over (2956279 <= id <= 2956378)  (cost=20.4 rows=100)


table 5 : explain SELECT DISTINCT c FROM sbtest5 WHERE id BETWEEN 1430908 AND 1431007 ORDER BY c
	-> Sort: sbtest5.c
    -> Table scan on <temporary>  (cost=43.5..47.2 rows=100)
        -> Temporary table with deduplication  (cost=43.5..43.5 rows=100)
            -> Filter: (sbtest5.id between 1430908 and 1431007)  (cost=20.4 rows=100)
                -> Index range scan on sbtest5 using PRIMARY over (1430908 <= id <= 1431007)  (cost=20.4 rows=100)


table 6 : explain SELECT DISTINCT c FROM sbtest6 WHERE id BETWEEN 9994468 AND 9994567 ORDER BY c
	-> Sort: sbtest6.c
    -> Table scan on <temporary>  (cost=43.5..47.2 rows=100)
        -> Temporary table with deduplication  (cost=43.5..43.5 rows=100)
            -> Filter: (sbtest6.id between 9994468 and 9994567)  (cost=20.4 rows=100)
                -> Index range scan on sbtest6 using PRIMARY over (9994468 <= id <= 9994567)  (cost=20.4 rows=100)


table 7 : explain SELECT DISTINCT c FROM sbtest7 WHERE id BETWEEN 6400702 AND 6400801 ORDER BY c
	-> Sort: sbtest7.c
    -> Table scan on <temporary>  (cost=43.5..47.2 rows=100)
        -> Temporary table with deduplication  (cost=43.5..43.5 rows=100)
            -> Filter: (sbtest7.id between 6400702 and 6400801)  (cost=20.4 rows=100)
                -> Index range scan on sbtest7 using PRIMARY over (6400702 <= id <= 6400801)  (cost=20.4 rows=100)


table 8 : explain SELECT DISTINCT c FROM sbtest8 WHERE id BETWEEN 3287708 AND 3287807 ORDER BY c
	-> Sort: sbtest8.c
    -> Table scan on <temporary>  (cost=43.5..47.2 rows=100)
        -> Temporary table with deduplication  (cost=43.5..43.5 rows=100)
            -> Filter: (sbtest8.id between 3287708 and 3287807)  (cost=20.4 rows=100)
                -> Index range scan on sbtest8 using PRIMARY over (3287708 <= id <= 3287807)  (cost=20.4 rows=100)


for: distinct_ranges
table 1 : explain SELECT DISTINCT c FROM sbtest1 WHERE id BETWEEN 7706032 AND 7706131 ORDER BY c
	-> Sort: sbtest1.c
    -> Table scan on <temporary>  (cost=43.5..47.2 rows=100)
        -> Temporary table with deduplication  (cost=43.5..43.5 rows=100)
            -> Filter: (sbtest1.id between 7706032 and 7706131)  (cost=20.4 rows=100)
                -> Index range scan on sbtest1 using PRIMARY over (7706032 <= id <= 7706131)  (cost=20.4 rows=100)


table 2 : explain SELECT DISTINCT c FROM sbtest2 WHERE id BETWEEN 1519839 AND 1519938 ORDER BY c
	-> Sort: sbtest2.c
    -> Table scan on <temporary>  (cost=43.5..47.2 rows=100)
        -> Temporary table with deduplication  (cost=43.5..43.5 rows=100)
            -> Filter: (sbtest2.id between 1519839 and 1519938)  (cost=20.4 rows=100)
                -> Index range scan on sbtest2 using PRIMARY over (1519839 <= id <= 1519938)  (cost=20.4 rows=100)


table 3 : explain SELECT DISTINCT c FROM sbtest3 WHERE id BETWEEN 3182258 AND 3182357 ORDER BY c
	-> Sort: sbtest3.c
    -> Table scan on <temporary>  (cost=43.5..47.2 rows=100)
        -> Temporary table with deduplication  (cost=43.5..43.5 rows=100)
            -> Filter: (sbtest3.id between 3182258 and 3182357)  (cost=20.4 rows=100)
                -> Index range scan on sbtest3 using PRIMARY over (3182258 <= id <= 3182357)  (cost=20.4 rows=100)


table 4 : explain SELECT DISTINCT c FROM sbtest4 WHERE id BETWEEN 5267241 AND 5267340 ORDER BY c
	-> Sort: sbtest4.c
    -> Table scan on <temporary>  (cost=43.5..47.2 rows=100)
        -> Temporary table with deduplication  (cost=43.5..43.5 rows=100)
            -> Filter: (sbtest4.id between 5267241 and 5267340)  (cost=20.4 rows=100)
                -> Index range scan on sbtest4 using PRIMARY over (5267241 <= id <= 5267340)  (cost=20.4 rows=100)


table 5 : explain SELECT DISTINCT c FROM sbtest5 WHERE id BETWEEN 5256543 AND 5256642 ORDER BY c
	-> Sort: sbtest5.c
    -> Table scan on <temporary>  (cost=43.5..47.2 rows=100)
        -> Temporary table with deduplication  (cost=43.5..43.5 rows=100)
            -> Filter: (sbtest5.id between 5256543 and 5256642)  (cost=20.4 rows=100)
                -> Index range scan on sbtest5 using PRIMARY over (5256543 <= id <= 5256642)  (cost=20.4 rows=100)


table 6 : explain SELECT DISTINCT c FROM sbtest6 WHERE id BETWEEN 4457365 AND 4457464 ORDER BY c
	-> Sort: sbtest6.c
    -> Table scan on <temporary>  (cost=43.5..47.2 rows=100)
        -> Temporary table with deduplication  (cost=43.5..43.5 rows=100)
            -> Filter: (sbtest6.id between 4457365 and 4457464)  (cost=20.4 rows=100)
                -> Index range scan on sbtest6 using PRIMARY over (4457365 <= id <= 4457464)  (cost=20.4 rows=100)


table 7 : explain SELECT DISTINCT c FROM sbtest7 WHERE id BETWEEN 289489 AND 289588 ORDER BY c
	-> Sort: sbtest7.c
    -> Table scan on <temporary>  (cost=43.5..47.2 rows=100)
        -> Temporary table with deduplication  (cost=43.5..43.5 rows=100)
            -> Filter: (sbtest7.id between 289489 and 289588)  (cost=20.4 rows=100)
                -> Index range scan on sbtest7 using PRIMARY over (289489 <= id <= 289588)  (cost=20.4 rows=100)


table 8 : explain SELECT DISTINCT c FROM sbtest8 WHERE id BETWEEN 9615876 AND 9615975 ORDER BY c
	-> Sort: sbtest8.c
    -> Table scan on <temporary>  (cost=43.5..47.2 rows=100)
        -> Temporary table with deduplication  (cost=43.5..43.5 rows=100)
            -> Filter: (sbtest8.id between 9615876 and 9615975)  (cost=20.4 rows=100)
                -> Index range scan on sbtest8 using PRIMARY over (9615876 <= id <= 9615975)  (cost=20.4 rows=100)


Threads started!

Warming up for 5 seconds...

SQL statistics:
    queries performed:
        read:                            283135053
        write:                           0
        other:                           40447869
        total:                           323582922
    transactions:                        20223954 (32101.18 per sec.)
    queries:                             323582922 (513618.34 per sec.)
    ignored errors:                      0      (0.00 per sec.)
    reconnects:                          0      (0.00 per sec.)

Throughput:
    events/s (eps):                      32101.1801
    time elapsed:                        630.0066s
    total number of events:              20223954

Latency (ms):
         min:                                    1.07
         avg:                                    1.25
         max:                                   17.31
         95th percentile:                        1.30
         sum:                             25179052.51

Threads fairness:
    events (avg/stddev):           505598.1000/1667.35
    execution time (avg/stddev):   629.4763/0.00

