LUA_PATH=/home/mdcallag/git/mytools/bench/sysbench.lua/lua/?.lua /home/mdcallag/git/mytools/bench/sysbench.lua/lua/sysbench --db-driver=mysql --range-size=1000 --table-size=10000000 --tables=8 --threads=40 --events=0 --warmup-time=5 --time=630 /home/mdcallag/git/mytools/bench/sysbench.lua/lua/oltp_read_only.lua run --mysql-user=root --mysql-password=pw --mysql-host=127.0.0.1 --mysql-db=test --rand-type=uniform --simple-ranges=0 --sum-ranges=0 --order-ranges=1 --distinct-ranges=0
48 CPUs
sysbench 1.1.0-9072687 (using bundled LuaJIT 2.1.0-beta3)

Running the test with following options:
Number of threads: 40
Warmup time: 5s
Initializing random number generator from current time


Initializing worker threads...

explain: for point_selects :: explain SELECT c FROM sbtest%u WHERE id=%u
explain: for point_selects :: explain SELECT c FROM sbtest%u WHERE id=%u
explain: for point_selects :: explain SELECT c FROM sbtest%u WHERE id=%u
explain: for point_selects :: explain SELECT c FROM sbtest%u WHERE id=%u
explain: for point_selects :: explain SELECT c FROM sbtest%u WHERE id=%u
explain: for point_selects :: explain SELECT c FROM sbtest%u WHERE id=%u
explain: for point_selects :: explain SELECT c FROM sbtest%u WHERE id=%u
explain: for point_selects :: explain SELECT c FROM sbtest%u WHERE id=%u
explain: for point_selects :: explain SELECT c FROM sbtest%u WHERE id=%u
explain: for point_selects :: explain SELECT c FROM sbtest%u WHERE id=%u
explain: for point_selects :: explain SELECT c FROM sbtest%u WHERE id=%u
explain: for point_selects :: explain SELECT c FROM sbtest%u WHERE id=%u
explain: for point_selects :: explain SELECT c FROM sbtest%u WHERE id=%u
explain: for point_selects :: explain SELECT c FROM sbtest%u WHERE id=%u
explain: for point_selects :: explain SELECT c FROM sbtest%u WHERE id=%u
explain: for point_selects :: explain SELECT c FROM sbtest%u WHERE id=%u
explain: for point_selects :: explain SELECT c FROM sbtest%u WHERE id=%u
explain: for point_selects :: explain SELECT c FROM sbtest%u WHERE id=%u
explain: for point_selects :: explain SELECT c FROM sbtest%u WHERE id=%u
for point_selects
table 1 : explain SELECT c FROM sbtest1 WHERE id=3945607
	-> Rows fetched before execution  (cost=0..0 rows=1)


table 2 : explain SELECT c FROM sbtest2 WHERE id=890073
	-> Rows fetched before execution  (cost=0..0 rows=1)


table 3 : explain SELECT c FROM sbtest3 WHERE id=953651
	-> Rows fetched before execution  (cost=0..0 rows=1)


table 4 : explain SELECT c FROM sbtest4 WHERE id=9936166
	-> Rows fetched before execution  (cost=0..0 rows=1)


table 5 : explain SELECT c FROM sbtest5 WHERE id=8528331
	-> Rows fetched before execution  (cost=0..0 rows=1)


table 6 : explain SELECT c FROM sbtest6 WHERE id=2221714
	-> Rows fetched before execution  (cost=0..0 rows=1)


table 7 : explain SELECT c FROM sbtest7 WHERE id=3691552
	-> Rows fetched before execution  (cost=0..0 rows=1)


table 8 : explain SELECT c FROM sbtest8 WHERE id=4015991
	-> Rows fetched before execution  (cost=0..0 rows=1)


explain: for point_selects :: explain SELECT c FROM sbtest%u WHERE id=%ufor point_selects
table 1 : explain SELECT c FROM sbtest1 WHERE id=7215589
	-> Rows fetched before execution  (cost=0..0 rows=1)


table 2 : explain SELECT c FROM sbtest2 WHERE id=60009
	-> Rows fetched before execution  (cost=0..0 rows=1)


table 3 : explain SELECT c FROM sbtest3 WHERE id=8514526
	-> Rows fetched before execution  (cost=0..0 rows=1)


table 4 : explain SELECT c FROM sbtest4 WHERE id=324852
	-> Rows fetched before execution  (cost=0..0 rows=1)


table 5 : explain SELECT c FROM sbtest5 WHERE id=429910
	-> Rows fetched before execution  (cost=0..0 rows=1)


table 6 : explain SELECT c FROM sbtest6 WHERE id=2058633
	-> Rows fetched before execution  (cost=0..0 rows=1)


table 7 : explain SELECT c FROM sbtest7 WHERE id=80402
	-> Rows fetched before execution  (cost=0..0 rows=1)


table 8 : explain SELECT c FROM sbtest8 WHERE id=2292103
	-> Rows fetched before execution  (cost=0..0 rows=1)


explain: for point_selects :: explain SELECT c FROM sbtest%u WHERE id=%u
explain: for point_selects :: explain SELECT c FROM sbtest%u WHERE id=%u
explain: for point_selects :: explain SELECT c FROM sbtest%u WHERE id=%u
explain: for point_selects :: explain SELECT c FROM sbtest%u WHERE id=%u
explain: for point_selects :: explain SELECT c FROM sbtest%u WHERE id=%u
explain: for point_selects :: explain SELECT c FROM sbtest%u WHERE id=%u
explain: for point_selects :: explain SELECT c FROM sbtest%u WHERE id=%u
explain: for point_selects :: explain SELECT c FROM sbtest%u WHERE id=%u
for point_selects
table 1 : explain SELECT c FROM sbtest1 WHERE id=4105594
	-> Rows fetched before execution  (cost=0..0 rows=1)


table 2 : explain SELECT c FROM sbtest2 WHERE id=4107394
	-> Rows fetched before execution  (cost=0..0 rows=1)


table 3 : explain SELECT c FROM sbtest3 WHERE id=2951607
	-> Rows fetched before execution  (cost=0..0 rows=1)


table 4 : explain SELECT c FROM sbtest4 WHERE id=6227333
	-> Rows fetched before execution  (cost=0..0 rows=1)


table 5 : explain SELECT c FROM sbtest5 WHERE id=9394285
	-> Rows fetched before execution  (cost=0..0 rows=1)


table 6 : explain SELECT c FROM sbtest6 WHERE id=2833670
	-> Rows fetched before execution  (cost=0..0 rows=1)


table 7 : explain SELECT c FROM sbtest7 WHERE id=3271183
	-> Rows fetched before execution  (cost=0..0 rows=1)


table 8 : explain SELECT c FROM sbtest8 WHERE id=5335751
	-> Rows fetched before execution  (cost=0..0 rows=1)


explain: for point_selects :: explain SELECT c FROM sbtest%u WHERE id=%u

explain: for point_selects :: explain SELECT c FROM sbtest%u WHERE id=%u
for point_selects
table 1 : explain SELECT c FROM sbtest1 WHERE id=2860304
	-> Rows fetched before execution  (cost=0..0 rows=1)


table 2 : explain SELECT c FROM sbtest2 WHERE id=1453598
	-> Rows fetched before execution  (cost=0..0 rows=1)


table 3 : explain SELECT c FROM sbtest3 WHERE id=5412566
	-> Rows fetched before execution  (cost=0..0 rows=1)


table 4 : explain SELECT c FROM sbtest4 WHERE id=7374889
	-> Rows fetched before execution  (cost=0..0 rows=1)


table 5 : explain SELECT c FROM sbtest5 WHERE id=5879084
	-> Rows fetched before execution  (cost=0..0 rows=1)


table 6 : explain SELECT c FROM sbtest6 WHERE id=36687
	-> Rows fetched before execution  (cost=0..0 rows=1)


table 7 : explain SELECT c FROM sbtest7 WHERE id=5637227
	-> Rows fetched before execution  (cost=0..0 rows=1)


table 8 : explain SELECT c FROM sbtest8 WHERE id=6841066
	-> Rows fetched before execution  (cost=0..0 rows=1)


explain: for point_selects :: explain SELECT c FROM sbtest%u WHERE id=%u
explain: for point_selects :: explain SELECT c FROM sbtest%u WHERE id=%u
for point_selects
table 1 : explain SELECT c FROM sbtest1 WHERE id=5802812
	-> Rows fetched before execution  (cost=0..0 rows=1)


table 2 : explain SELECT c FROM sbtest2 WHERE id=7351169
	-> Rows fetched before execution  (cost=0..0 rows=1)


table 3 : explain SELECT c FROM sbtest3 WHERE id=3619363
	-> Rows fetched before execution  (cost=0..0 rows=1)


table 4 : explain SELECT c FROM sbtest4 WHERE id=9597077
	-> Rows fetched before execution  (cost=0..0 rows=1)


table 5 : explain SELECT c FROM sbtest5 WHERE id=3248459
	-> Rows fetched before execution  (cost=0..0 rows=1)


table 6 : explain SELECT c FROM sbtest6 WHERE id=333899
	-> Rows fetched before execution  (cost=0..0 rows=1)


table 7 : explain SELECT c FROM sbtest7 WHERE id=4401126
	-> Rows fetched before execution  (cost=0..0 rows=1)


table 8 : explain SELECT c FROM sbtest8 WHERE id=1635438
	-> Rows fetched before execution  (cost=0..0 rows=1)


explain: for point_selects :: explain SELECT c FROM sbtest%u WHERE id=%u
for point_selects
table 1 : explain SELECT c FROM sbtest1 WHERE id=5652503
	-> Rows fetched before execution  (cost=0..0 rows=1)


table 2 : explain SELECT c FROM sbtest2 WHERE id=2030616
	-> Rows fetched before execution  (cost=0..0 rows=1)


table 3 : explain SELECT c FROM sbtest3 WHERE id=6389088
	-> Rows fetched before execution  (cost=0..0 rows=1)


table 4 : explain SELECT c FROM sbtest4 WHERE id=6355795
	-> Rows fetched before execution  (cost=0..0 rows=1)


table 5 : explain SELECT c FROM sbtest5 WHERE id=8901885
	-> Rows fetched before execution  (cost=0..0 rows=1)


table 6 : explain SELECT c FROM sbtest6 WHERE id=7289836
	-> Rows fetched before execution  (cost=0..0 rows=1)


table 7 : explain SELECT c FROM sbtest7 WHERE id=641353
	-> Rows fetched before execution  (cost=0..0 rows=1)


table 8 : explain SELECT c FROM sbtest8 WHERE id=8917982
	-> Rows fetched before execution  (cost=0..0 rows=1)


for point_selects
table 1 : explain SELECT c FROM sbtest1 WHERE id=3708400
	-> Rows fetched before execution  (cost=0..0 rows=1)


table 2 : explain SELECT c FROM sbtest2 WHERE id=3079757
	-> Rows fetched before execution  (cost=0..0 rows=1)


table 3 : explain SELECT c FROM sbtest3 WHERE id=3928776
	-> Rows fetched before execution  (cost=0..0 rows=1)


table 4 : explain SELECT c FROM sbtest4 WHERE id=4506905
	-> Rows fetched before execution  (cost=0..0 rows=1)


table 5 : explain SELECT c FROM sbtest5 WHERE id=9976215
	-> Rows fetched before execution  (cost=0..0 rows=1)


table 6 : explain SELECT c FROM sbtest6 WHERE id=7321436
	-> Rows fetched before execution  (cost=0..0 rows=1)


table 7 : explain SELECT c FROM sbtest7 WHERE id=1888693
	-> Rows fetched before execution  (cost=0..0 rows=1)


table 8 : explain SELECT c FROM sbtest8 WHERE id=3292551
	-> Rows fetched before execution  (cost=0..0 rows=1)


for point_selects
table 1 : explain SELECT c FROM sbtest1 WHERE id=4108382
	-> Rows fetched before execution  (cost=0..0 rows=1)


table 2 : explain SELECT c FROM sbtest2 WHERE id=275416
	-> Rows fetched before execution  (cost=0..0 rows=1)


table 3 : explain SELECT c FROM sbtest3 WHERE id=2829292
	-> Rows fetched before execution  (cost=0..0 rows=1)


table 4 : explain SELECT c FROM sbtest4 WHERE id=7986507
	-> Rows fetched before execution  (cost=0..0 rows=1)


table 5 : explain SELECT c FROM sbtest5 WHERE id=9020710
	-> Rows fetched before execution  (cost=0..0 rows=1)


table 6 : explain SELECT c FROM sbtest6 WHERE id=382239
	-> Rows fetched before execution  (cost=0..0 rows=1)


table 7 : explain SELECT c FROM sbtest7 WHERE id=4480734
	-> Rows fetched before execution  (cost=0..0 rows=1)


table 8 : explain SELECT c FROM sbtest8 WHERE id=7850352
	-> Rows fetched before execution  (cost=0..0 rows=1)

for point_selects
table 1 : explain SELECT c FROM sbtest1 WHERE id=4877104
	-> Rows fetched before execution  (cost=0..0 rows=1)


table 2 : explain SELECT c FROM sbtest2 WHERE id=1220644
	-> Rows fetched before execution  (cost=0..0 rows=1)


table 3 : explain SELECT c FROM sbtest3 WHERE id=8315591
	-> Rows fetched before execution  (cost=0..0 rows=1)


table 4 : explain SELECT c FROM sbtest4 WHERE id=750087
	-> Rows fetched before execution  (cost=0..0 rows=1)


table 5 : explain SELECT c FROM sbtest5 WHERE id=9805787
	-> Rows fetched before execution  (cost=0..0 rows=1)


table 6 : explain SELECT c FROM sbtest6 WHERE id=656035
	-> Rows fetched before execution  (cost=0..0 rows=1)


table 7 : explain SELECT c FROM sbtest7 WHERE id=2815119
	-> Rows fetched before execution  (cost=0..0 rows=1)


table 8 : explain SELECT c FROM sbtest8 WHERE id=4138714
	-> Rows fetched before execution  (cost=0..0 rows=1)


for point_selects
table 1 : explain SELECT c FROM sbtest1 WHERE id=3482716
	-> Rows fetched before execution  (cost=0..0 rows=1)


table 2 : explain SELECT c FROM sbtest2 WHERE id=2235323
	-> Rows fetched before execution  (cost=0..0 rows=1)


table 3 : explain SELECT c FROM sbtest3 WHERE id=5113779
	-> Rows fetched before execution  (cost=0..0 rows=1)


table 4 : explain SELECT c FROM sbtest4 WHERE id=5990107
	-> Rows fetched before execution  (cost=0..0 rows=1)


table 5 : explain SELECT c FROM sbtest5 WHERE id=3384619
	-> Rows fetched before execution  (cost=0..0 rows=1)


table 6 : explain SELECT c FROM sbtest6 WHERE id=3579392
	-> Rows fetched before execution  (cost=0..0 rows=1)


table 7 : explain SELECT c FROM sbtest7 WHERE id=800860
	-> Rows fetched before execution  (cost=0..0 rows=1)


table 8 : explain SELECT c FROM sbtest8 WHERE id=8109110
	-> Rows fetched before execution  (cost=0..0 rows=1)


explain: for point_selects :: explain SELECT c FROM sbtest%u WHERE id=%u
for point_selects
table 1 : explain SELECT c FROM sbtest1 WHERE id=3956610
	-> Rows fetched before execution  (cost=0..0 rows=1)


table 2 : explain SELECT c FROM sbtest2 WHERE id=5062650
	-> Rows fetched before execution  (cost=0..0 rows=1)


table 3 : explain SELECT c FROM sbtest3 WHERE id=1250916
	-> Rows fetched before execution  (cost=0..0 rows=1)


table 4 : explain SELECT c FROM sbtest4 WHERE id=1656954
	-> Rows fetched before execution  (cost=0..0 rows=1)


table 5 : explain SELECT c FROM sbtest5 WHERE id=6355103
	-> Rows fetched before execution  (cost=0..0 rows=1)


table 6 : explain SELECT c FROM sbtest6 WHERE id=7180333
	-> Rows fetched before execution  (cost=0..0 rows=1)


table 7 : explain SELECT c FROM sbtest7 WHERE id=3758897
	-> Rows fetched before execution  (cost=0..0 rows=1)


table 8 : explain SELECT c FROM sbtest8 WHERE id=7300133
	-> Rows fetched before execution  (cost=0..0 rows=1)


for point_selects
table 1 : explain SELECT c FROM sbtest1 WHERE id=4787628
	-> Rows fetched before execution  (cost=0..0 rows=1)


table 2 : explain SELECT c FROM sbtest2 WHERE id=8202353
	-> Rows fetched before execution  (cost=0..0 rows=1)


table 3 : explain SELECT c FROM sbtest3 WHERE id=4473901
	-> Rows fetched before execution  (cost=0..0 rows=1)


table 4 : explain SELECT c FROM sbtest4 WHERE id=818825
	-> Rows fetched before execution  (cost=0..0 rows=1)


table 5 : explain SELECT c FROM sbtest5 WHERE id=9181799
	-> Rows fetched before execution  (cost=0..0 rows=1)


table 6 : explain SELECT c FROM sbtest6 WHERE id=1516853
	-> Rows fetched before execution  (cost=0..0 rows=1)


table 7 : explain SELECT c FROM sbtest7 WHERE id=4081065
	-> Rows fetched before execution  (cost=0..0 rows=1)


table 8 : explain SELECT c FROM sbtest8 WHERE id=8456027
	-> Rows fetched before execution  (cost=0..0 rows=1)


explain: for point_selects :: explain SELECT c FROM sbtest%u WHERE id=%u
for point_selects
table 1 : explain SELECT c FROM sbtest1 WHERE id=6709451
	-> Rows fetched before execution  (cost=0..0 rows=1)


table 2 : explain SELECT c FROM sbtest2 WHERE id=6865704
	-> Rows fetched before execution  (cost=0..0 rows=1)


table 3 : explain SELECT c FROM sbtest3 WHERE id=9877588
	-> Rows fetched before execution  (cost=0..0 rows=1)


table 4 : explain SELECT c FROM sbtest4 WHERE id=270620
	-> Rows fetched before execution  (cost=0..0 rows=1)


table 5 : explain SELECT c FROM sbtest5 WHERE id=3824737
	-> Rows fetched before execution  (cost=0..0 rows=1)


table 6 : explain SELECT c FROM sbtest6 WHERE id=3637316
	-> Rows fetched before execution  (cost=0..0 rows=1)


table 7 : explain SELECT c FROM sbtest7 WHERE id=1180724
	-> Rows fetched before execution  (cost=0..0 rows=1)


table 8 : explain SELECT c FROM sbtest8 WHERE id=4039415
	-> Rows fetched before execution  (cost=0..0 rows=1)

explain: for point_selects :: explain SELECT c FROM sbtest%u WHERE id=%ufor point_selects
table 1 : explain SELECT c FROM sbtest1 WHERE id=4871854
	-> Rows fetched before execution  (cost=0..0 rows=1)


table 2 : explain SELECT c FROM sbtest2 WHERE id=4220882
	-> Rows fetched before execution  (cost=0..0 rows=1)


table 3 : explain SELECT c FROM sbtest3 WHERE id=4599836
	-> Rows fetched before execution  (cost=0..0 rows=1)


table 4 : explain SELECT c FROM sbtest4 WHERE id=2120427
	-> Rows fetched before execution  (cost=0..0 rows=1)


table 5 : explain SELECT c FROM sbtest5 WHERE id=7976203
	-> Rows fetched before execution  (cost=0..0 rows=1)


table 6 : explain SELECT c FROM sbtest6 WHERE id=3706083
	-> Rows fetched before execution  (cost=0..0 rows=1)


table 7 : explain SELECT c FROM sbtest7 WHERE id=1548944
	-> Rows fetched before execution  (cost=0..0 rows=1)


table 8 : explain SELECT c FROM sbtest8 WHERE id=5409682
	-> Rows fetched before execution  (cost=0..0 rows=1)



for point_selects
table 1 : explain SELECT c FROM sbtest1 WHERE id=4909178
	-> Rows fetched before execution  (cost=0..0 rows=1)


table 2 : explain SELECT c FROM sbtest2 WHERE id=8917995
	-> Rows fetched before execution  (cost=0..0 rows=1)


table 3 : explain SELECT c FROM sbtest3 WHERE id=3531331
	-> Rows fetched before execution  (cost=0..0 rows=1)


table 4 : explain SELECT c FROM sbtest4 WHERE id=6354906
	-> Rows fetched before execution  (cost=0..0 rows=1)


table 5 : explain SELECT c FROM sbtest5 WHERE id=365350
	-> Rows fetched before execution  (cost=0..0 rows=1)


table 6 : explain SELECT c FROM sbtest6 WHERE id=4756356
	-> Rows fetched before execution  (cost=0..0 rows=1)


table 7 : explain SELECT c FROM sbtest7 WHERE id=3551994
	-> Rows fetched before execution  (cost=0..0 rows=1)


table 8 : explain SELECT c FROM sbtest8 WHERE id=4499639
	-> Rows fetched before execution  (cost=0..0 rows=1)


for point_selects
table 1 : explain SELECT c FROM sbtest1 WHERE id=3284703
	-> Rows fetched before execution  (cost=0..0 rows=1)


table 2 : explain SELECT c FROM sbtest2 WHERE id=9918414
	-> Rows fetched before execution  (cost=0..0 rows=1)


table 3 : explain SELECT c FROM sbtest3 WHERE id=5151533
	-> Rows fetched before execution  (cost=0..0 rows=1)


table 4 : explain SELECT c FROM sbtest4 WHERE id=9582449
	-> Rows fetched before execution  (cost=0..0 rows=1)


table 5 : explain SELECT c FROM sbtest5 WHERE id=5299095
	-> Rows fetched before execution  (cost=0..0 rows=1)


table 6 : explain SELECT c FROM sbtest6 WHERE id=1690885
	-> Rows fetched before execution  (cost=0..0 rows=1)


table 7 : explain SELECT c FROM sbtest7 WHERE id=7632604
	-> Rows fetched before execution  (cost=0..0 rows=1)


table 8 : explain SELECT c FROM sbtest8 WHERE id=2700806
	-> Rows fetched before execution  (cost=0..0 rows=1)



explain: for point_selects :: explain SELECT c FROM sbtest%u WHERE id=%u
for point_selects
table 1 : explain SELECT c FROM sbtest1 WHERE id=6639388
	-> Rows fetched before execution  (cost=0..0 rows=1)


table 2 : explain SELECT c FROM sbtest2 WHERE id=700583
	-> Rows fetched before execution  (cost=0..0 rows=1)


table 3 : explain SELECT c FROM sbtest3 WHERE id=3717499
	-> Rows fetched before execution  (cost=0..0 rows=1)


table 4 : explain SELECT c FROM sbtest4 WHERE id=1015351
	-> Rows fetched before execution  (cost=0..0 rows=1)


table 5 : explain SELECT c FROM sbtest5 WHERE id=3476982
	-> Rows fetched before execution  (cost=0..0 rows=1)


table 6 : explain SELECT c FROM sbtest6 WHERE id=5368050
	-> Rows fetched before execution  (cost=0..0 rows=1)


table 7 : explain SELECT c FROM sbtest7 WHERE id=9376997
	-> Rows fetched before execution  (cost=0..0 rows=1)


table 8 : explain SELECT c FROM sbtest8 WHERE id=6828088
	-> Rows fetched before execution  (cost=0..0 rows=1)



for point_selects
table 1 : explain SELECT c FROM sbtest1 WHERE id=6153145
	-> Rows fetched before execution  (cost=0..0 rows=1)


table 2 : explain SELECT c FROM sbtest2 WHERE id=2036184
	-> Rows fetched before execution  (cost=0..0 rows=1)


table 3 : explain SELECT c FROM sbtest3 WHERE id=4650769
	-> Rows fetched before execution  (cost=0..0 rows=1)


table 4 : explain SELECT c FROM sbtest4 WHERE id=6467782
	-> Rows fetched before execution  (cost=0..0 rows=1)


table 5 : explain SELECT c FROM sbtest5 WHERE id=1288358
	-> Rows fetched before execution  (cost=0..0 rows=1)


table 6 : explain SELECT c FROM sbtest6 WHERE id=3161972
	-> Rows fetched before execution  (cost=0..0 rows=1)


table 7 : explain SELECT c FROM sbtest7 WHERE id=4167241
	-> Rows fetched before execution  (cost=0..0 rows=1)


table 8 : explain SELECT c FROM sbtest8 WHERE id=3523254
	-> Rows fetched before execution  (cost=0..0 rows=1)

for point_selects
table 1 : explain SELECT c FROM sbtest1 WHERE id=2227663
	-> Rows fetched before execution  (cost=0..0 rows=1)


table 2 : explain SELECT c FROM sbtest2 WHERE id=8548153
	-> Rows fetched before execution  (cost=0..0 rows=1)


table 3 : explain SELECT c FROM sbtest3 WHERE id=5920024
	-> Rows fetched before execution  (cost=0..0 rows=1)


table 4 : explain SELECT c FROM sbtest4 WHERE id=5160140
	-> Rows fetched before execution  (cost=0..0 rows=1)


table 5 : explain SELECT c FROM sbtest5 WHERE id=7571943
	-> Rows fetched before execution  (cost=0..0 rows=1)


table 6 : explain SELECT c FROM sbtest6 WHERE id=1465700
	-> Rows fetched before execution  (cost=0..0 rows=1)


table 7 : explain SELECT c FROM sbtest7 WHERE id=7558287
	-> Rows fetched before execution  (cost=0..0 rows=1)


table 8 : explain SELECT c FROM sbtest8 WHERE id=566427
	-> Rows fetched before execution  (cost=0..0 rows=1)


for point_selects
table 1 : explain SELECT c FROM sbtest1 WHERE id=5369336
	-> Rows fetched before execution  (cost=0..0 rows=1)


table 2 : explain SELECT c FROM sbtest2 WHERE id=5223115
	-> Rows fetched before execution  (cost=0..0 rows=1)


table 3 : explain SELECT c FROM sbtest3 WHERE id=830422
	-> Rows fetched before execution  (cost=0..0 rows=1)


table 4 : explain SELECT c FROM sbtest4 WHERE id=6121357
	-> Rows fetched before execution  (cost=0..0 rows=1)


table 5 : explain SELECT c FROM sbtest5 WHERE id=6666412
	-> Rows fetched before execution  (cost=0..0 rows=1)


table 6 : explain SELECT c FROM sbtest6 WHERE id=4567652
	-> Rows fetched before execution  (cost=0..0 rows=1)


table 7 : explain SELECT c FROM sbtest7 WHERE id=1761846
	-> Rows fetched before execution  (cost=0..0 rows=1)


table 8 : explain SELECT c FROM sbtest8 WHERE id=3771579
	-> Rows fetched before execution  (cost=0..0 rows=1)


for point_selects
table 1 : explain SELECT c FROM sbtest1 WHERE id=5383433
	-> Rows fetched before execution  (cost=0..0 rows=1)


table 2 : explain SELECT c FROM sbtest2 WHERE id=2280757
	-> Rows fetched before execution  (cost=0..0 rows=1)


table 3 : explain SELECT c FROM sbtest3 WHERE id=9165825
	-> Rows fetched before execution  (cost=0..0 rows=1)


table 4 : explain SELECT c FROM sbtest4 WHERE id=7030419
	-> Rows fetched before execution  (cost=0..0 rows=1)


table 5 : explain SELECT c FROM sbtest5 WHERE id=9456635
	-> Rows fetched before execution  (cost=0..0 rows=1)


table 6 : explain SELECT c FROM sbtest6 WHERE id=554228
	-> Rows fetched before execution  (cost=0..0 rows=1)


table 7 : explain SELECT c FROM sbtest7 WHERE id=3820034
	-> Rows fetched before execution  (cost=0..0 rows=1)


table 8 : explain SELECT c FROM sbtest8 WHERE id=4087505
	-> Rows fetched before execution  (cost=0..0 rows=1)


for point_selects
table 1 : explain SELECT c FROM sbtest1 WHERE id=3662419
	-> Rows fetched before execution  (cost=0..0 rows=1)


table 2 : explain SELECT c FROM sbtest2 WHERE id=6696048
	-> Rows fetched before execution  (cost=0..0 rows=1)


table 3 : explain SELECT c FROM sbtest3 WHERE id=4530258
	-> Rows fetched before execution  (cost=0..0 rows=1)


table 4 : explain SELECT c FROM sbtest4 WHERE id=2298542
	-> Rows fetched before execution  (cost=0..0 rows=1)


table 5 : explain SELECT c FROM sbtest5 WHERE id=667480
	-> Rows fetched before execution  (cost=0..0 rows=1)


table 6 : explain SELECT c FROM sbtest6 WHERE id=3536283
	-> Rows fetched before execution  (cost=0..0 rows=1)


table 7 : explain SELECT c FROM sbtest7 WHERE id=3610885
	-> Rows fetched before execution  (cost=0..0 rows=1)


table 8 : explain SELECT c FROM sbtest8 WHERE id=1748386
	-> Rows fetched before execution  (cost=0..0 rows=1)


explain: for point_selects :: explain SELECT c FROM sbtest%u WHERE id=%u
for point_selects
table 1 : explain SELECT c FROM sbtest1 WHERE id=5959643
	-> Rows fetched before execution  (cost=0..0 rows=1)


table 2 : explain SELECT c FROM sbtest2 WHERE id=1754750
	-> Rows fetched before execution  (cost=0..0 rows=1)


table 3 : explain SELECT c FROM sbtest3 WHERE id=8877296
	-> Rows fetched before execution  (cost=0..0 rows=1)


table 4 : explain SELECT c FROM sbtest4 WHERE id=1741860
	-> Rows fetched before execution  (cost=0..0 rows=1)


table 5 : explain SELECT c FROM sbtest5 WHERE id=1510736
	-> Rows fetched before execution  (cost=0..0 rows=1)


table 6 : explain SELECT c FROM sbtest6 WHERE id=2798286
	-> Rows fetched before execution  (cost=0..0 rows=1)


table 7 : explain SELECT c FROM sbtest7 WHERE id=9572322
	-> Rows fetched before execution  (cost=0..0 rows=1)


table 8 : explain SELECT c FROM sbtest8 WHERE id=2997922
	-> Rows fetched before execution  (cost=0..0 rows=1)


for point_selects
table 1 : explain SELECT c FROM sbtest1 WHERE id=9063244
	-> Rows fetched before execution  (cost=0..0 rows=1)


table 2 : explain SELECT c FROM sbtest2 WHERE id=9915094
	-> Rows fetched before execution  (cost=0..0 rows=1)


table 3 : explain SELECT c FROM sbtest3 WHERE id=3605033
	-> Rows fetched before execution  (cost=0..0 rows=1)


table 4 : explain SELECT c FROM sbtest4 WHERE id=8103954
	-> Rows fetched before execution  (cost=0..0 rows=1)


table 5 : explain SELECT c FROM sbtest5 WHERE id=6488128
	-> Rows fetched before execution  (cost=0..0 rows=1)


table 6 : explain SELECT c FROM sbtest6 WHERE id=3280089
	-> Rows fetched before execution  (cost=0..0 rows=1)


table 7 : explain SELECT c FROM sbtest7 WHERE id=1571724
	-> Rows fetched before execution  (cost=0..0 rows=1)


table 8 : explain SELECT c FROM sbtest8 WHERE id=8819907
	-> Rows fetched before execution  (cost=0..0 rows=1)


for point_selects
table 1 : explain SELECT c FROM sbtest1 WHERE id=7324372
	-> Rows fetched before execution  (cost=0..0 rows=1)


table 2 : explain SELECT c FROM sbtest2 WHERE id=323056
	-> Rows fetched before execution  (cost=0..0 rows=1)


table 3 : explain SELECT c FROM sbtest3 WHERE id=3839140
	-> Rows fetched before execution  (cost=0..0 rows=1)


table 4 : explain SELECT c FROM sbtest4 WHERE id=4319208
	-> Rows fetched before execution  (cost=0..0 rows=1)


table 5 : explain SELECT c FROM sbtest5 WHERE id=1606741
	-> Rows fetched before execution  (cost=0..0 rows=1)


table 6 : explain SELECT c FROM sbtest6 WHERE id=9043636
	-> Rows fetched before execution  (cost=0..0 rows=1)


table 7 : explain SELECT c FROM sbtest7 WHERE id=1245844
	-> Rows fetched before execution  (cost=0..0 rows=1)


table 8 : explain SELECT c FROM sbtest8 WHERE id=4444762
	-> Rows fetched before execution  (cost=0..0 rows=1)


for point_selects
table 1 : explain SELECT c FROM sbtest1 WHERE id=2083180
	-> Rows fetched before execution  (cost=0..0 rows=1)


table 2 : explain SELECT c FROM sbtest2 WHERE id=5472528
	-> Rows fetched before execution  (cost=0..0 rows=1)


table 3 : explain SELECT c FROM sbtest3 WHERE id=404709
	-> Rows fetched before execution  (cost=0..0 rows=1)


table 4 : explain SELECT c FROM sbtest4 WHERE id=8015132
	-> Rows fetched before execution  (cost=0..0 rows=1)


table 5 : explain SELECT c FROM sbtest5 WHERE id=7850628
	-> Rows fetched before execution  (cost=0..0 rows=1)


table 6 : explain SELECT c FROM sbtest6 WHERE id=5336439
	-> Rows fetched before execution  (cost=0..0 rows=1)


table 7 : explain SELECT c FROM sbtest7 WHERE id=474121
	-> Rows fetched before execution  (cost=0..0 rows=1)


table 8 : explain SELECT c FROM sbtest8 WHERE id=1990762
	-> Rows fetched before execution  (cost=0..0 rows=1)


for point_selects
table 1 : explain SELECT c FROM sbtest1 WHERE id=1766996
	-> Rows fetched before execution  (cost=0..0 rows=1)


table 2 : explain SELECT c FROM sbtest2 WHERE id=328617
	-> Rows fetched before execution  (cost=0..0 rows=1)


table 3 : explain SELECT c FROM sbtest3 WHERE id=4853694
	-> Rows fetched before execution  (cost=0..0 rows=1)


table 4 : explain SELECT c FROM sbtest4 WHERE id=2538139
	-> Rows fetched before execution  (cost=0..0 rows=1)


table 5 : explain SELECT c FROM sbtest5 WHERE id=5443182
	-> Rows fetched before execution  (cost=0..0 rows=1)


table 6 : explain SELECT c FROM sbtest6 WHERE id=9562094
	-> Rows fetched before execution  (cost=0..0 rows=1)


table 7 : explain SELECT c FROM sbtest7 WHERE id=2407325
	-> Rows fetched before execution  (cost=0..0 rows=1)


table 8 : explain SELECT c FROM sbtest8 WHERE id=7895545
	-> Rows fetched before execution  (cost=0..0 rows=1)


for point_selects
table 1 : explain SELECT c FROM sbtest1 WHERE id=6884550
	-> Rows fetched before execution  (cost=0..0 rows=1)


table 2 : explain SELECT c FROM sbtest2 WHERE id=3714756
	-> Rows fetched before execution  (cost=0..0 rows=1)


table 3 : explain SELECT c FROM sbtest3 WHERE id=1458729
	-> Rows fetched before execution  (cost=0..0 rows=1)


table 4 : explain SELECT c FROM sbtest4 WHERE id=7008777
	-> Rows fetched before execution  (cost=0..0 rows=1)


table 5 : explain SELECT c FROM sbtest5 WHERE id=8961272
	-> Rows fetched before execution  (cost=0..0 rows=1)


table 6 : explain SELECT c FROM sbtest6 WHERE id=3800592
	-> Rows fetched before execution  (cost=0..0 rows=1)


table 7 : explain SELECT c FROM sbtest7 WHERE id=5683388
	-> Rows fetched before execution  (cost=0..0 rows=1)


table 8 : explain SELECT c FROM sbtest8 WHERE id=3978004
	-> Rows fetched before execution  (cost=0..0 rows=1)


for point_selects
table 1 : explain SELECT c FROM sbtest1 WHERE id=9932698
	-> Rows fetched before execution  (cost=0..0 rows=1)


table 2 : explain SELECT c FROM sbtest2 WHERE id=557222
	-> Rows fetched before execution  (cost=0..0 rows=1)


table 3 : explain SELECT c FROM sbtest3 WHERE id=6295341
	-> Rows fetched before execution  (cost=0..0 rows=1)


table 4 : explain SELECT c FROM sbtest4 WHERE id=5134629
	-> Rows fetched before execution  (cost=0..0 rows=1)


table 5 : explain SELECT c FROM sbtest5 WHERE id=8010648
	-> Rows fetched before execution  (cost=0..0 rows=1)


table 6 : explain SELECT c FROM sbtest6 WHERE id=8598227
	-> Rows fetched before execution  (cost=0..0 rows=1)


table 7 : explain SELECT c FROM sbtest7 WHERE id=6316138
	-> Rows fetched before execution  (cost=0..0 rows=1)


table 8 : explain SELECT c FROM sbtest8 WHERE id=4273777
	-> Rows fetched before execution  (cost=0..0 rows=1)


for: simple_ranges
table 1 : explain SELECT c FROM sbtest1 WHERE id BETWEEN 9985451 AND 9986450
	-> Filter: (sbtest1.id between 9985451 and 9986450)  (cost=371 rows=1838)
    -> Index range scan on sbtest1 using PRIMARY over (9985451 <= id <= 9986450)  (cost=371 rows=1838)


table 2 : explain SELECT c FROM sbtest2 WHERE id BETWEEN 5751599 AND 5752598
	-> Filter: (sbtest2.id between 5751599 and 5752598)  (cost=371 rows=1838)
    -> Index range scan on sbtest2 using PRIMARY over (5751599 <= id <= 5752598)  (cost=371 rows=1838)


table 3 : explain SELECT c FROM sbtest3 WHERE id BETWEEN 7364347 AND 7365346
	-> Filter: (sbtest3.id between 7364347 and 7365346)  (cost=371 rows=1838)
    -> Index range scan on sbtest3 using PRIMARY over (7364347 <= id <= 7365346)  (cost=371 rows=1838)


table 4 : explain SELECT c FROM sbtest4 WHERE id BETWEEN 5564150 AND 5565149
	-> Filter: (sbtest4.id between 5564150 and 5565149)  (cost=371 rows=1838)
    -> Index range scan on sbtest4 using PRIMARY over (5564150 <= id <= 5565149)  (cost=371 rows=1838)


table 5 : explain SELECT c FROM sbtest5 WHERE id BETWEEN 5579676 AND 5580675
	-> Filter: (sbtest5.id between 5579676 and 5580675)  (cost=371 rows=1838)
    -> Index range scan on sbtest5 using PRIMARY over (5579676 <= id <= 5580675)  (cost=371 rows=1838)


table 6 : explain SELECT c FROM sbtest6 WHERE id BETWEEN 7715688 AND 7716687
	-> Filter: (sbtest6.id between 7715688 and 7716687)  (cost=371 rows=1838)
    -> Index range scan on sbtest6 using PRIMARY over (7715688 <= id <= 7716687)  (cost=371 rows=1838)


table 7 : explain SELECT c FROM sbtest7 WHERE id BETWEEN 6434573 AND 6435572
	-> Filter: (sbtest7.id between 6434573 and 6435572)  (cost=371 rows=1838)
    -> Index range scan on sbtest7 using PRIMARY over (6434573 <= id <= 6435572)  (cost=371 rows=1838)


table 8 : explain SELECT c FROM sbtest8 WHERE id BETWEEN 5404282 AND 5405281
	-> Filter: (sbtest8.id between 5404282 and 5405281)  (cost=371 rows=1838)
    -> Index range scan on sbtest8 using PRIMARY over (5404282 <= id <= 5405281)  (cost=371 rows=1838)


explain: for point_selects :: explain SELECT c FROM sbtest%u WHERE id=%u
for point_selects
table 1 : explain SELECT c FROM sbtest1 WHERE id=6045698
	-> Rows fetched before execution  (cost=0..0 rows=1)


table 2 : explain SELECT c FROM sbtest2 WHERE id=3372691
	-> Rows fetched before execution  (cost=0..0 rows=1)


table 3 : explain SELECT c FROM sbtest3 WHERE id=8293644
	-> Rows fetched before execution  (cost=0..0 rows=1)


table 4 : explain SELECT c FROM sbtest4 WHERE id=1586463
	-> Rows fetched before execution  (cost=0..0 rows=1)


table 5 : explain SELECT c FROM sbtest5 WHERE id=4801914
	-> Rows fetched before execution  (cost=0..0 rows=1)


table 6 : explain SELECT c FROM sbtest6 WHERE id=9596612
	-> Rows fetched before execution  (cost=0..0 rows=1)


table 7 : explain SELECT c FROM sbtest7 WHERE id=3002020
	-> Rows fetched before execution  (cost=0..0 rows=1)


table 8 : explain SELECT c FROM sbtest8 WHERE id=9243476
	-> Rows fetched before execution  (cost=0..0 rows=1)



for point_selects
table 1 : explain SELECT c FROM sbtest1 WHERE id=2061467
	-> Rows fetched before execution  (cost=0..0 rows=1)


table 2 : explain SELECT c FROM sbtest2 WHERE id=8299140
	-> Rows fetched before execution  (cost=0..0 rows=1)


table 3 : explain SELECT c FROM sbtest3 WHERE id=868691
	-> Rows fetched before execution  (cost=0..0 rows=1)


table 4 : explain SELECT c FROM sbtest4 WHERE id=3305075
	-> Rows fetched before execution  (cost=0..0 rows=1)


table 5 : explain SELECT c FROM sbtest5 WHERE id=623313
	-> Rows fetched before execution  (cost=0..0 rows=1)


table 6 : explain SELECT c FROM sbtest6 WHERE id=3495850
	-> Rows fetched before execution  (cost=0..0 rows=1)


table 7 : explain SELECT c FROM sbtest7 WHERE id=1932053
	-> Rows fetched before execution  (cost=0..0 rows=1)


table 8 : explain SELECT c FROM sbtest8 WHERE id=7375184
	-> Rows fetched before execution  (cost=0..0 rows=1)


explain: for point_selects :: explain SELECT c FROM sbtest%u WHERE id=%u
for point_selects
table 1 : explain SELECT c FROM sbtest1 WHERE id=5703735
	-> Rows fetched before execution  (cost=0..0 rows=1)


table 2 : explain SELECT c FROM sbtest2 WHERE id=6705183
	-> Rows fetched before execution  (cost=0..0 rows=1)


table 3 : explain SELECT c FROM sbtest3 WHERE id=6856651
	-> Rows fetched before execution  (cost=0..0 rows=1)


table 4 : explain SELECT c FROM sbtest4 WHERE id=5254921
	-> Rows fetched before execution  (cost=0..0 rows=1)


table 5 : explain SELECT c FROM sbtest5 WHERE id=9525902
	-> Rows fetched before execution  (cost=0..0 rows=1)


table 6 : explain SELECT c FROM sbtest6 WHERE id=4844296
	-> Rows fetched before execution  (cost=0..0 rows=1)


table 7 : explain SELECT c FROM sbtest7 WHERE id=4765762
	-> Rows fetched before execution  (cost=0..0 rows=1)


table 8 : explain SELECT c FROM sbtest8 WHERE id=1622595
	-> Rows fetched before execution  (cost=0..0 rows=1)


for point_selects
table 1 : explain SELECT c FROM sbtest1 WHERE id=7875799
	-> Rows fetched before execution  (cost=0..0 rows=1)


table 2 : explain SELECT c FROM sbtest2 WHERE id=662908
	-> Rows fetched before execution  (cost=0..0 rows=1)


table 3 : explain SELECT c FROM sbtest3 WHERE id=692364
	-> Rows fetched before execution  (cost=0..0 rows=1)


table 4 : explain SELECT c FROM sbtest4 WHERE id=6732224
	-> Rows fetched before execution  (cost=0..0 rows=1)


table 5 : explain SELECT c FROM sbtest5 WHERE id=1632610
	-> Rows fetched before execution  (cost=0..0 rows=1)


table 6 : explain SELECT c FROM sbtest6 WHERE id=2235941
	-> Rows fetched before execution  (cost=0..0 rows=1)


table 7 : explain SELECT c FROM sbtest7 WHERE id=5988143
	-> Rows fetched before execution  (cost=0..0 rows=1)


table 8 : explain SELECT c FROM sbtest8 WHERE id=7443261
	-> Rows fetched before execution  (cost=0..0 rows=1)

for point_selects
table 1 : explain SELECT c FROM sbtest1 WHERE id=2872985
	-> Rows fetched before execution  (cost=0..0 rows=1)


table 2 : explain SELECT c FROM sbtest2 WHERE id=1039940
	-> Rows fetched before execution  (cost=0..0 rows=1)


table 3 : explain SELECT c FROM sbtest3 WHERE id=9073547
	-> Rows fetched before execution  (cost=0..0 rows=1)


table 4 : explain SELECT c FROM sbtest4 WHERE id=128865
	-> Rows fetched before execution  (cost=0..0 rows=1)


table 5 : explain SELECT c FROM sbtest5 WHERE id=4663075
	-> Rows fetched before execution  (cost=0..0 rows=1)


table 6 : explain SELECT c FROM sbtest6 WHERE id=4291960
	-> Rows fetched before execution  (cost=0..0 rows=1)


table 7 : explain SELECT c FROM sbtest7 WHERE id=143673
	-> Rows fetched before execution  (cost=0..0 rows=1)


table 8 : explain SELECT c FROM sbtest8 WHERE id=3088238
	-> Rows fetched before execution  (cost=0..0 rows=1)


for: simple_ranges
table 1 : explain SELECT c FROM sbtest1 WHERE id BETWEEN 6877329 AND 6878328
	-> Filter: (sbtest1.id between 6877329 and 6878328)  (cost=371 rows=1838)
    -> Index range scan on sbtest1 using PRIMARY over (6877329 <= id <= 6878328)  (cost=371 rows=1838)


table 2 : explain SELECT c FROM sbtest2 WHERE id BETWEEN 7806181 AND 7807180
	-> Filter: (sbtest2.id between 7806181 and 7807180)  (cost=371 rows=1838)
    -> Index range scan on sbtest2 using PRIMARY over (7806181 <= id <= 7807180)  (cost=371 rows=1838)


table 3 : explain SELECT c FROM sbtest3 WHERE id BETWEEN 8331620 AND 8332619
	-> Filter: (sbtest3.id between 8331620 and 8332619)  (cost=378 rows=1872)
    -> Index range scan on sbtest3 using PRIMARY over (8331620 <= id <= 8332619)  (cost=378 rows=1872)


table 4 : explain SELECT c FROM sbtest4 WHERE id BETWEEN 2989060 AND 2990059
	-> Filter: (sbtest4.id between 2989060 and 2990059)  (cost=371 rows=1838)
    -> Index range scan on sbtest4 using PRIMARY over (2989060 <= id <= 2990059)  (cost=371 rows=1838)


table 5 : explain SELECT c FROM sbtest5 WHERE id BETWEEN 7277815 AND 7278814
	-> Filter: (sbtest5.id between 7277815 and 7278814)  (cost=371 rows=1838)
    -> Index range scan on sbtest5 using PRIMARY over (7277815 <= id <= 7278814)  (cost=371 rows=1838)


table 6 : explain SELECT c FROM sbtest6 WHERE id BETWEEN 3349511 AND 3350510
	-> Filter: (sbtest6.id between 3349511 and 3350510)  (cost=378 rows=1872)
    -> Index range scan on sbtest6 using PRIMARY over (3349511 <= id <= 3350510)  (cost=378 rows=1872)


table 7 : explain SELECT c FROM sbtest7 WHERE id BETWEEN 9818182 AND 9819181
	-> Filter: (sbtest7.id between 9818182 and 9819181)  (cost=378 rows=1872)
    -> Index range scan on sbtest7 using PRIMARY over (9818182 <= id <= 9819181)  (cost=378 rows=1872)


table 8 : explain SELECT c FROM sbtest8 WHERE id BETWEEN 8803541 AND 8804540
	-> Filter: (sbtest8.id between 8803541 and 8804540)  (cost=371 rows=1838)
    -> Index range scan on sbtest8 using PRIMARY over (8803541 <= id <= 8804540)  (cost=371 rows=1838)


for point_selects
table 1 : explain SELECT c FROM sbtest1 WHERE id=4243953
	-> Rows fetched before execution  (cost=0..0 rows=1)


table 2 : explain SELECT c FROM sbtest2 WHERE id=673518
	-> Rows fetched before execution  (cost=0..0 rows=1)


table 3 : explain SELECT c FROM sbtest3 WHERE id=9045315
	-> Rows fetched before execution  (cost=0..0 rows=1)


table 4 : explain SELECT c FROM sbtest4 WHERE id=8495053
	-> Rows fetched before execution  (cost=0..0 rows=1)


table 5 : explain SELECT c FROM sbtest5 WHERE id=853454
	-> Rows fetched before execution  (cost=0..0 rows=1)


table 6 : explain SELECT c FROM sbtest6 WHERE id=4667612
	-> Rows fetched before execution  (cost=0..0 rows=1)


table 7 : explain SELECT c FROM sbtest7 WHERE id=3343167
	-> Rows fetched before execution  (cost=0..0 rows=1)


table 8 : explain SELECT c FROM sbtest8 WHERE id=9670602
	-> Rows fetched before execution  (cost=0..0 rows=1)



for: simple_ranges
table 1 : explain SELECT c FROM sbtest1 WHERE id BETWEEN 3281689 AND 3282688
	-> Filter: (sbtest1.id between 3281689 and 3282688)  (cost=378 rows=1872)
    -> Index range scan on sbtest1 using PRIMARY over (3281689 <= id <= 3282688)  (cost=378 rows=1872)


table 2 : explain SELECT c FROM sbtest2 WHERE id BETWEEN 3722010 AND 3723009
	-> Filter: (sbtest2.id between 3722010 and 3723009)  (cost=371 rows=1838)
    -> Index range scan on sbtest2 using PRIMARY over (3722010 <= id <= 3723009)  (cost=371 rows=1838)


table 3 : explain SELECT c FROM sbtest3 WHERE id BETWEEN 8495864 AND 8496863
	-> Filter: (sbtest3.id between 8495864 and 8496863)  (cost=378 rows=1872)
    -> Index range scan on sbtest3 using PRIMARY over (8495864 <= id <= 8496863)  (cost=378 rows=1872)


table 4 : explain SELECT c FROM sbtest4 WHERE id BETWEEN 8960411 AND 8961410
	-> Filter: (sbtest4.id between 8960411 and 8961410)  (cost=371 rows=1838)
    -> Index range scan on sbtest4 using PRIMARY over (8960411 <= id <= 8961410)  (cost=371 rows=1838)


table 5 : explain SELECT c FROM sbtest5 WHERE id BETWEEN 1689755 AND 1690754
	-> Filter: (sbtest5.id between 1689755 and 1690754)  (cost=371 rows=1838)
    -> Index range scan on sbtest5 using PRIMARY over (1689755 <= id <= 1690754)  (cost=371 rows=1838)


table 6 : explain SELECT c FROM sbtest6 WHERE id BETWEEN 7815816 AND 7816815
	-> Filter: (sbtest6.id between 7815816 and 7816815)  (cost=371 rows=1838)
    -> Index range scan on sbtest6 using PRIMARY over (7815816 <= id <= 7816815)  (cost=371 rows=1838)


table 7 : explain SELECT c FROM sbtest7 WHERE id BETWEEN 6998264 AND 6999263
	-> Filter: (sbtest7.id between 6998264 and 6999263)  (cost=378 rows=1872)
    -> Index range scan on sbtest7 using PRIMARY over (6998264 <= id <= 6999263)  (cost=378 rows=1872)


table 8 : explain SELECT c FROM sbtest8 WHERE id BETWEEN 3682050 AND 3683049
	-> Filter: (sbtest8.id between 3682050 and 3683049)  (cost=371 rows=1838)
    -> Index range scan on sbtest8 using PRIMARY over (3682050 <= id <= 3683049)  (cost=371 rows=1838)


for: simple_ranges
table 1 : explain SELECT c FROM sbtest1 WHERE id BETWEEN 6794747 AND 6795746
	-> Filter: (sbtest1.id between 6794747 and 6795746)  (cost=378 rows=1872)
    -> Index range scan on sbtest1 using PRIMARY over (6794747 <= id <= 6795746)  (cost=378 rows=1872)


table 2 : explain SELECT c FROM sbtest2 WHERE id BETWEEN 3620398 AND 3621397
	-> Filter: (sbtest2.id between 3620398 and 3621397)  (cost=371 rows=1838)
    -> Index range scan on sbtest2 using PRIMARY over (3620398 <= id <= 3621397)  (cost=371 rows=1838)


table 3 : explain SELECT c FROM sbtest3 WHERE id BETWEEN 3738417 AND 3739416
	-> Filter: (sbtest3.id between 3738417 and 3739416)  (cost=371 rows=1838)
    -> Index range scan on sbtest3 using PRIMARY over (3738417 <= id <= 3739416)  (cost=371 rows=1838)


table 4 : explain SELECT c FROM sbtest4 WHERE id BETWEEN 4403493 AND 4404492
	-> Filter: (sbtest4.id between 4403493 and 4404492)  (cost=371 rows=1838)
    -> Index range scan on sbtest4 using PRIMARY over (4403493 <= id <= 4404492)  (cost=371 rows=1838)


table 5 : explain SELECT c FROM sbtest5 WHERE id BETWEEN 6267992 AND 6268991
	-> Filter: (sbtest5.id between 6267992 and 6268991)  (cost=371 rows=1838)
    -> Index range scan on sbtest5 using PRIMARY over (6267992 <= id <= 6268991)  (cost=371 rows=1838)


table 6 : explain SELECT c FROM sbtest6 WHERE id BETWEEN 5445513 AND 5446512
	-> Filter: (sbtest6.id between 5445513 and 5446512)  (cost=371 rows=1838)
    -> Index range scan on sbtest6 using PRIMARY over (5445513 <= id <= 5446512)  (cost=371 rows=1838)


table 7 : explain SELECT c FROM sbtest7 WHERE id BETWEEN 3800831 AND 3801830
	-> Filter: (sbtest7.id between 3800831 and 3801830)  (cost=371 rows=1838)
    -> Index range scan on sbtest7 using PRIMARY over (3800831 <= id <= 3801830)  (cost=371 rows=1838)


table 8 : explain SELECT c FROM sbtest8 WHERE id BETWEEN 6173966 AND 6174965
	-> Filter: (sbtest8.id between 6173966 and 6174965)  (cost=371 rows=1838)
    -> Index range scan on sbtest8 using PRIMARY over (6173966 <= id <= 6174965)  (cost=371 rows=1838)


for: simple_ranges
table 1 : explain SELECT c FROM sbtest1 WHERE id BETWEEN 3296874 AND 3297873
	-> Filter: (sbtest1.id between 3296874 and 3297873)  (cost=378 rows=1872)
    -> Index range scan on sbtest1 using PRIMARY over (3296874 <= id <= 3297873)  (cost=378 rows=1872)


table 2 : explain SELECT c FROM sbtest2 WHERE id BETWEEN 6807564 AND 6808563
	-> Filter: (sbtest2.id between 6807564 and 6808563)  (cost=371 rows=1838)
    -> Index range scan on sbtest2 using PRIMARY over (6807564 <= id <= 6808563)  (cost=371 rows=1838)


table 3 : explain SELECT c FROM sbtest3 WHERE id BETWEEN 6217990 AND 6218989
	-> Filter: (sbtest3.id between 6217990 and 6218989)  (cost=371 rows=1838)
    -> Index range scan on sbtest3 using PRIMARY over (6217990 <= id <= 6218989)  (cost=371 rows=1838)


table 4 : explain SELECT c FROM sbtest4 WHERE id BETWEEN 2821131 AND 2822130
	-> Filter: (sbtest4.id between 2821131 and 2822130)  (cost=378 rows=1872)
    -> Index range scan on sbtest4 using PRIMARY over (2821131 <= id <= 2822130)  (cost=378 rows=1872)


table 5 : explain SELECT c FROM sbtest5 WHERE id BETWEEN 5965817 AND 5966816
	-> Filter: (sbtest5.id between 5965817 and 5966816)  (cost=378 rows=1872)
    -> Index range scan on sbtest5 using PRIMARY over (5965817 <= id <= 5966816)  (cost=378 rows=1872)


table 6 : explain SELECT c FROM sbtest6 WHERE id BETWEEN 7948122 AND 7949121
	-> Filter: (sbtest6.id between 7948122 and 7949121)  (cost=371 rows=1838)
    -> Index range scan on sbtest6 using PRIMARY over (7948122 <= id <= 7949121)  (cost=371 rows=1838)


table 7 : explain SELECT c FROM sbtest7 WHERE id BETWEEN 1824538 AND 1825537
	-> Filter: (sbtest7.id between 1824538 and 1825537)  (cost=378 rows=1872)
    -> Index range scan on sbtest7 using PRIMARY over (1824538 <= id <= 1825537)  (cost=378 rows=1872)


table 8 : explain SELECT c FROM sbtest8 WHERE id BETWEEN 1143371 AND 1144370
	-> Filter: (sbtest8.id between 1143371 and 1144370)  (cost=378 rows=1872)
    -> Index range scan on sbtest8 using PRIMARY over (1143371 <= id <= 1144370)  (cost=378 rows=1872)


for point_selects
table 1 : explain SELECT c FROM sbtest1 WHERE id=6024158
	-> Rows fetched before execution  (cost=0..0 rows=1)


table 2 : explain SELECT c FROM sbtest2 WHERE id=2726890
	-> Rows fetched before execution  (cost=0..0 rows=1)


table 3 : explain SELECT c FROM sbtest3 WHERE id=1793057
	-> Rows fetched before execution  (cost=0..0 rows=1)


table 4 : explain SELECT c FROM sbtest4 WHERE id=1051987
	-> Rows fetched before execution  (cost=0..0 rows=1)


table 5 : explain SELECT c FROM sbtest5 WHERE id=6212639
	-> Rows fetched before execution  (cost=0..0 rows=1)


table 6 : explain SELECT c FROM sbtest6 WHERE id=2498772
	-> Rows fetched before execution  (cost=0..0 rows=1)


table 7 : explain SELECT c FROM sbtest7 WHERE id=8298531
	-> Rows fetched before execution  (cost=0..0 rows=1)


table 8 : explain SELECT c FROM sbtest8 WHERE id=1230712
	-> Rows fetched before execution  (cost=0..0 rows=1)


for: simple_ranges
table 1 : explain SELECT c FROM sbtest1 WHERE id BETWEEN 5302119 AND 5303118
	-> Filter: (sbtest1.id between 5302119 and 5303118)  (cost=378 rows=1872)
    -> Index range scan on sbtest1 using PRIMARY over (5302119 <= id <= 5303118)  (cost=378 rows=1872)


table 2 : explain SELECT c FROM sbtest2 WHERE id BETWEEN 9264514 AND 9265513
	-> Filter: (sbtest2.id between 9264514 and 9265513)  (cost=371 rows=1838)
    -> Index range scan on sbtest2 using PRIMARY over (9264514 <= id <= 9265513)  (cost=371 rows=1838)


table 3 : explain SELECT c FROM sbtest3 WHERE id BETWEEN 5568082 AND 5569081
	-> Filter: (sbtest3.id between 5568082 and 5569081)  (cost=371 rows=1838)
    -> Index range scan on sbtest3 using PRIMARY over (5568082 <= id <= 5569081)  (cost=371 rows=1838)


table 4 : explain SELECT c FROM sbtest4 WHERE id BETWEEN 4966702 AND 4967701
	-> Filter: (sbtest4.id between 4966702 and 4967701)  (cost=371 rows=1838)
    -> Index range scan on sbtest4 using PRIMARY over (4966702 <= id <= 4967701)  (cost=371 rows=1838)


table 5 : explain SELECT c FROM sbtest5 WHERE id BETWEEN 4032412 AND 4033411
	-> Filter: (sbtest5.id between 4032412 and 4033411)  (cost=378 rows=1872)
    -> Index range scan on sbtest5 using PRIMARY over (4032412 <= id <= 4033411)  (cost=378 rows=1872)


table 6 : explain SELECT c FROM sbtest6 WHERE id BETWEEN 8067802 AND 8068801
	-> Filter: (sbtest6.id between 8067802 and 8068801)  (cost=371 rows=1838)
    -> Index range scan on sbtest6 using PRIMARY over (8067802 <= id <= 8068801)  (cost=371 rows=1838)


table 7 : explain SELECT c FROM sbtest7 WHERE id BETWEEN 244206 AND 245205
	-> Filter: (sbtest7.id between 244206 and 245205)  (cost=371 rows=1838)
    -> Index range scan on sbtest7 using PRIMARY over (244206 <= id <= 245205)  (cost=371 rows=1838)


table 8 : explain SELECT c FROM sbtest8 WHERE id BETWEEN 1843982 AND 1844981
	-> Filter: (sbtest8.id between 1843982 and 1844981)  (cost=371 rows=1838)
    -> Index range scan on sbtest8 using PRIMARY over (1843982 <= id <= 1844981)  (cost=371 rows=1838)


for: simple_ranges
table 1 : explain SELECT c FROM sbtest1 WHERE id BETWEEN 2548095 AND 2549094
	-> Filter: (sbtest1.id between 2548095 and 2549094)  (cost=371 rows=1838)
    -> Index range scan on sbtest1 using PRIMARY over (2548095 <= id <= 2549094)  (cost=371 rows=1838)


table 2 : explain SELECT c FROM sbtest2 WHERE id BETWEEN 2056115 AND 2057114
	-> Filter: (sbtest2.id between 2056115 and 2057114)  (cost=371 rows=1838)
    -> Index range scan on sbtest2 using PRIMARY over (2056115 <= id <= 2057114)  (cost=371 rows=1838)


table 3 : explain SELECT c FROM sbtest3 WHERE id BETWEEN 7611993 AND 7612992
	-> Filter: (sbtest3.id between 7611993 and 7612992)  (cost=371 rows=1838)
    -> Index range scan on sbtest3 using PRIMARY over (7611993 <= id <= 7612992)  (cost=371 rows=1838)


table 4 : explain SELECT c FROM sbtest4 WHERE id BETWEEN 8822377 AND 8823376
	-> Filter: (sbtest4.id between 8822377 and 8823376)  (cost=371 rows=1838)
    -> Index range scan on sbtest4 using PRIMARY over (8822377 <= id <= 8823376)  (cost=371 rows=1838)


table 5 : explain SELECT c FROM sbtest5 WHERE id BETWEEN 3297657 AND 3298656
	-> Filter: (sbtest5.id between 3297657 and 3298656)  (cost=371 rows=1838)
    -> Index range scan on sbtest5 using PRIMARY over (3297657 <= id <= 3298656)  (cost=371 rows=1838)


table 6 : explain SELECT c FROM sbtest6 WHERE id BETWEEN 8131208 AND 8132207
	-> Filter: (sbtest6.id between 8131208 and 8132207)  (cost=371 rows=1838)
    -> Index range scan on sbtest6 using PRIMARY over (8131208 <= id <= 8132207)  (cost=371 rows=1838)


table 7 : explain SELECT c FROM sbtest7 WHERE id BETWEEN 3848004 AND 3849003
	-> Filter: (sbtest7.id between 3848004 and 3849003)  (cost=371 rows=1838)
    -> Index range scan on sbtest7 using PRIMARY over (3848004 <= id <= 3849003)  (cost=371 rows=1838)


table 8 : explain SELECT c FROM sbtest8 WHERE id BETWEEN 758241 AND 759240
	-> Filter: (sbtest8.id between 758241 and 759240)  (cost=371 rows=1838)
    -> Index range scan on sbtest8 using PRIMARY over (758241 <= id <= 759240)  (cost=371 rows=1838)


for point_selects
table 1 : explain SELECT c FROM sbtest1 WHERE id=8045811
	-> Rows fetched before execution  (cost=0..0 rows=1)


table 2 : explain SELECT c FROM sbtest2 WHERE id=9720074
	-> Rows fetched before execution  (cost=0..0 rows=1)


table 3 : explain SELECT c FROM sbtest3 WHERE id=1508010
	-> Rows fetched before execution  (cost=0..0 rows=1)


table 4 : explain SELECT c FROM sbtest4 WHERE id=526039
	-> Rows fetched before execution  (cost=0..0 rows=1)


table 5 : explain SELECT c FROM sbtest5 WHERE id=4623060
	-> Rows fetched before execution  (cost=0..0 rows=1)


table 6 : explain SELECT c FROM sbtest6 WHERE id=2207716
	-> Rows fetched before execution  (cost=0..0 rows=1)


table 7 : explain SELECT c FROM sbtest7 WHERE id=776511
	-> Rows fetched before execution  (cost=0..0 rows=1)


table 8 : explain SELECT c FROM sbtest8 WHERE id=9660952
	-> Rows fetched before execution  (cost=0..0 rows=1)


for: simple_ranges
table 1 : explain SELECT c FROM sbtest1 WHERE id BETWEEN 9246003 AND 9247002
	-> Filter: (sbtest1.id between 9246003 and 9247002)  (cost=378 rows=1872)
    -> Index range scan on sbtest1 using PRIMARY over (9246003 <= id <= 9247002)  (cost=378 rows=1872)


table 2 : explain SELECT c FROM sbtest2 WHERE id BETWEEN 5583166 AND 5584165
	-> Filter: (sbtest2.id between 5583166 and 5584165)  (cost=378 rows=1872)
    -> Index range scan on sbtest2 using PRIMARY over (5583166 <= id <= 5584165)  (cost=378 rows=1872)


table 3 : explain SELECT c FROM sbtest3 WHERE id BETWEEN 6475575 AND 6476574
	-> Filter: (sbtest3.id between 6475575 and 6476574)  (cost=371 rows=1840)
    -> Index range scan on sbtest3 using PRIMARY over (6475575 <= id <= 6476574)  (cost=371 rows=1840)


table 4 : explain SELECT c FROM sbtest4 WHERE id BETWEEN 7693443 AND 7694442
	-> Filter: (sbtest4.id between 7693443 and 7694442)  (cost=378 rows=1872)
    -> Index range scan on sbtest4 using PRIMARY over (7693443 <= id <= 7694442)  (cost=378 rows=1872)


table 5 : explain SELECT c FROM sbtest5 WHERE id BETWEEN 7833193 AND 7834192
	-> Filter: (sbtest5.id between 7833193 and 7834192)  (cost=371 rows=1838)
    -> Index range scan on sbtest5 using PRIMARY over (7833193 <= id <= 7834192)  (cost=371 rows=1838)


table 6 : explain SELECT c FROM sbtest6 WHERE id BETWEEN 3785497 AND 3786496
	-> Filter: (sbtest6.id between 3785497 and 3786496)  (cost=371 rows=1838)
    -> Index range scan on sbtest6 using PRIMARY over (3785497 <= id <= 3786496)  (cost=371 rows=1838)


table 7 : explain SELECT c FROM sbtest7 WHERE id BETWEEN 2339309 AND 2340308
	-> Filter: (sbtest7.id between 2339309 and 2340308)  (cost=371 rows=1838)
    -> Index range scan on sbtest7 using PRIMARY over (2339309 <= id <= 2340308)  (cost=371 rows=1838)


table 8 : explain SELECT c FROM sbtest8 WHERE id BETWEEN 4832080 AND 4833079
	-> Filter: (sbtest8.id between 4832080 and 4833079)  (cost=371 rows=1838)
    -> Index range scan on sbtest8 using PRIMARY over (4832080 <= id <= 4833079)  (cost=371 rows=1838)


for: simple_ranges
table 1 : explain SELECT c FROM sbtest1 WHERE id BETWEEN 729567 AND 730566
	-> Filter: (sbtest1.id between 729567 and 730566)  (cost=371 rows=1838)
    -> Index range scan on sbtest1 using PRIMARY over (729567 <= id <= 730566)  (cost=371 rows=1838)


table 2 : explain SELECT c FROM sbtest2 WHERE id BETWEEN 7821856 AND 7822855
	-> Filter: (sbtest2.id between 7821856 and 7822855)  (cost=378 rows=1872)
    -> Index range scan on sbtest2 using PRIMARY over (7821856 <= id <= 7822855)  (cost=378 rows=1872)


table 3 : explain SELECT c FROM sbtest3 WHERE id BETWEEN 140750 AND 141749
	-> Filter: (sbtest3.id between 140750 and 141749)  (cost=371 rows=1838)
    -> Index range scan on sbtest3 using PRIMARY over (140750 <= id <= 141749)  (cost=371 rows=1838)


table 4 : explain SELECT c FROM sbtest4 WHERE id BETWEEN 5086140 AND 5087139
	-> Filter: (sbtest4.id between 5086140 and 5087139)  (cost=371 rows=1838)
    -> Index range scan on sbtest4 using PRIMARY over (5086140 <= id <= 5087139)  (cost=371 rows=1838)


table 5 : explain SELECT c FROM sbtest5 WHERE id BETWEEN 952138 AND 953137
	-> Filter: (sbtest5.id between 952138 and 953137)  (cost=371 rows=1838)
    -> Index range scan on sbtest5 using PRIMARY over (952138 <= id <= 953137)  (cost=371 rows=1838)


table 6 : explain SELECT c FROM sbtest6 WHERE id BETWEEN 8174371 AND 8175370
	-> Filter: (sbtest6.id between 8174371 and 8175370)  (cost=378 rows=1872)
    -> Index range scan on sbtest6 using PRIMARY over (8174371 <= id <= 8175370)  (cost=378 rows=1872)


table 7 : explain SELECT c FROM sbtest7 WHERE id BETWEEN 2117050 AND 2118049
	-> Filter: (sbtest7.id between 2117050 and 2118049)  (cost=378 rows=1872)
    -> Index range scan on sbtest7 using PRIMARY over (2117050 <= id <= 2118049)  (cost=378 rows=1872)


table 8 : explain SELECT c FROM sbtest8 WHERE id BETWEEN 6941171 AND 6942170
	-> Filter: (sbtest8.id between 6941171 and 6942170)  (cost=378 rows=1872)
    -> Index range scan on sbtest8 using PRIMARY over (6941171 <= id <= 6942170)  (cost=378 rows=1872)


for point_selects
table 1 : explain SELECT c FROM sbtest1 WHERE id=5746285
	-> Rows fetched before execution  (cost=0..0 rows=1)


table 2 : explain SELECT c FROM sbtest2 WHERE id=4050564
	-> Rows fetched before execution  (cost=0..0 rows=1)


table 3 : explain SELECT c FROM sbtest3 WHERE id=5448900
	-> Rows fetched before execution  (cost=0..0 rows=1)


table 4 : explain SELECT c FROM sbtest4 WHERE id=1717708
	-> Rows fetched before execution  (cost=0..0 rows=1)


table 5 : explain SELECT c FROM sbtest5 WHERE id=4559434
	-> Rows fetched before execution  (cost=0..0 rows=1)


table 6 : explain SELECT c FROM sbtest6 WHERE id=6367761
	-> Rows fetched before execution  (cost=0..0 rows=1)


table 7 : explain SELECT c FROM sbtest7 WHERE id=3438479
	-> Rows fetched before execution  (cost=0..0 rows=1)


table 8 : explain SELECT c FROM sbtest8 WHERE id=289500
	-> Rows fetched before execution  (cost=0..0 rows=1)


for: simple_ranges
table 1 : explain SELECT c FROM sbtest1 WHERE id BETWEEN 1249801 AND 1250800
	-> Filter: (sbtest1.id between 1249801 and 1250800)  (cost=378 rows=1872)
    -> Index range scan on sbtest1 using PRIMARY over (1249801 <= id <= 1250800)  (cost=378 rows=1872)


table 2 : explain SELECT c FROM sbtest2 WHERE id BETWEEN 7063186 AND 7064185
	-> Filter: (sbtest2.id between 7063186 and 7064185)  (cost=371 rows=1838)
    -> Index range scan on sbtest2 using PRIMARY over (7063186 <= id <= 7064185)  (cost=371 rows=1838)


table 3 : explain SELECT c FROM sbtest3 WHERE id BETWEEN 7261792 AND 7262791
	-> Filter: (sbtest3.id between 7261792 and 7262791)  (cost=378 rows=1872)
    -> Index range scan on sbtest3 using PRIMARY over (7261792 <= id <= 7262791)  (cost=378 rows=1872)


table 4 : explain SELECT c FROM sbtest4 WHERE id BETWEEN 7231003 AND 7232002
	-> Filter: (sbtest4.id between 7231003 and 7232002)  (cost=371 rows=1838)
    -> Index range scan on sbtest4 using PRIMARY over (7231003 <= id <= 7232002)  (cost=371 rows=1838)


table 5 : explain SELECT c FROM sbtest5 WHERE id BETWEEN 851933 AND 852932
	-> Filter: (sbtest5.id between 851933 and 852932)  (cost=371 rows=1838)
    -> Index range scan on sbtest5 using PRIMARY over (851933 <= id <= 852932)  (cost=371 rows=1838)


table 6 : explain SELECT c FROM sbtest6 WHERE id BETWEEN 4494983 AND 4495982
	-> Filter: (sbtest6.id between 4494983 and 4495982)  (cost=371 rows=1838)
    -> Index range scan on sbtest6 using PRIMARY over (4494983 <= id <= 4495982)  (cost=371 rows=1838)


table 7 : explain SELECT c FROM sbtest7 WHERE id BETWEEN 117606 AND 118605
	-> Filter: (sbtest7.id between 117606 and 118605)  (cost=371 rows=1838)
    -> Index range scan on sbtest7 using PRIMARY over (117606 <= id <= 118605)  (cost=371 rows=1838)


table 8 : explain SELECT c FROM sbtest8 WHERE id BETWEEN 3784414 AND 3785413
	-> Filter: (sbtest8.id between 3784414 and 3785413)  (cost=371 rows=1838)
    -> Index range scan on sbtest8 using PRIMARY over (3784414 <= id <= 3785413)  (cost=371 rows=1838)


for: simple_ranges
table 1 : explain SELECT c FROM sbtest1 WHERE id BETWEEN 2831274 AND 2832273
	-> Filter: (sbtest1.id between 2831274 and 2832273)  (cost=378 rows=1872)
    -> Index range scan on sbtest1 using PRIMARY over (2831274 <= id <= 2832273)  (cost=378 rows=1872)


table 2 : explain SELECT c FROM sbtest2 WHERE id BETWEEN 6390429 AND 6391428
	-> Filter: (sbtest2.id between 6390429 and 6391428)  (cost=371 rows=1838)
    -> Index range scan on sbtest2 using PRIMARY over (6390429 <= id <= 6391428)  (cost=371 rows=1838)


table 3 : explain SELECT c FROM sbtest3 WHERE id BETWEEN 3605963 AND 3606962
	-> Filter: (sbtest3.id between 3605963 and 3606962)  (cost=378 rows=1872)
    -> Index range scan on sbtest3 using PRIMARY over (3605963 <= id <= 3606962)  (cost=378 rows=1872)


table 4 : explain SELECT c FROM sbtest4 WHERE id BETWEEN 1311937 AND 1312936
	-> Filter: (sbtest4.id between 1311937 and 1312936)  (cost=378 rows=1872)
    -> Index range scan on sbtest4 using PRIMARY over (1311937 <= id <= 1312936)  (cost=378 rows=1872)


table 5 : explain SELECT c FROM sbtest5 WHERE id BETWEEN 5074059 AND 5075058
	-> Filter: (sbtest5.id between 5074059 and 5075058)  (cost=378 rows=1872)
    -> Index range scan on sbtest5 using PRIMARY over (5074059 <= id <= 5075058)  (cost=378 rows=1872)


table 6 : explain SELECT c FROM sbtest6 WHERE id BETWEEN 3656818 AND 3657817
	-> Filter: (sbtest6.id between 3656818 and 3657817)  (cost=371 rows=1838)
    -> Index range scan on sbtest6 using PRIMARY over (3656818 <= id <= 3657817)  (cost=371 rows=1838)


table 7 : explain SELECT c FROM sbtest7 WHERE id BETWEEN 935492 AND 936491
	-> Filter: (sbtest7.id between 935492 and 936491)  (cost=371 rows=1838)
    -> Index range scan on sbtest7 using PRIMARY over (935492 <= id <= 936491)  (cost=371 rows=1838)


table 8 : explain SELECT c FROM sbtest8 WHERE id BETWEEN 7579713 AND 7580712
	-> Filter: (sbtest8.id between 7579713 and 7580712)  (cost=378 rows=1872)
    -> Index range scan on sbtest8 using PRIMARY over (7579713 <= id <= 7580712)  (cost=378 rows=1872)


for: simple_ranges
table 1 : explain SELECT c FROM sbtest1 WHERE id BETWEEN 5258902 AND 5259901
	-> Filter: (sbtest1.id between 5258902 and 5259901)  (cost=378 rows=1872)
    -> Index range scan on sbtest1 using PRIMARY over (5258902 <= id <= 5259901)  (cost=378 rows=1872)


table 2 : explain SELECT c FROM sbtest2 WHERE id BETWEEN 3968448 AND 3969447
	-> Filter: (sbtest2.id between 3968448 and 3969447)  (cost=371 rows=1838)
    -> Index range scan on sbtest2 using PRIMARY over (3968448 <= id <= 3969447)  (cost=371 rows=1838)


table 3 : explain SELECT c FROM sbtest3 WHERE id BETWEEN 5904946 AND 5905945
	-> Filter: (sbtest3.id between 5904946 and 5905945)  (cost=378 rows=1872)
    -> Index range scan on sbtest3 using PRIMARY over (5904946 <= id <= 5905945)  (cost=378 rows=1872)


table 4 : explain SELECT c FROM sbtest4 WHERE id BETWEEN 3162900 AND 3163899
	-> Filter: (sbtest4.id between 3162900 and 3163899)  (cost=371 rows=1838)
    -> Index range scan on sbtest4 using PRIMARY over (3162900 <= id <= 3163899)  (cost=371 rows=1838)


table 5 : explain SELECT c FROM sbtest5 WHERE id BETWEEN 4510137 AND 4511136
	-> Filter: (sbtest5.id between 4510137 and 4511136)  (cost=378 rows=1872)
    -> Index range scan on sbtest5 using PRIMARY over (4510137 <= id <= 4511136)  (cost=378 rows=1872)


table 6 : explain SELECT c FROM sbtest6 WHERE id BETWEEN 5025816 AND 5026815
	-> Filter: (sbtest6.id between 5025816 and 5026815)  (cost=378 rows=1872)
    -> Index range scan on sbtest6 using PRIMARY over (5025816 <= id <= 5026815)  (cost=378 rows=1872)


table 7 : explain SELECT c FROM sbtest7 WHERE id BETWEEN 9259505 AND 9260504
	-> Filter: (sbtest7.id between 9259505 and 9260504)  (cost=378 rows=1872)
    -> Index range scan on sbtest7 using PRIMARY over (9259505 <= id <= 9260504)  (cost=378 rows=1872)


table 8 : explain SELECT c FROM sbtest8 WHERE id BETWEEN 2863087 AND 2864086
	-> Filter: (sbtest8.id between 2863087 and 2864086)  (cost=371 rows=1838)
    -> Index range scan on sbtest8 using PRIMARY over (2863087 <= id <= 2864086)  (cost=371 rows=1838)


for point_selects
table 1 : explain SELECT c FROM sbtest1 WHERE id=3782118
	-> Rows fetched before execution  (cost=0..0 rows=1)


table 2 : explain SELECT c FROM sbtest2 WHERE id=981053
	-> Rows fetched before execution  (cost=0..0 rows=1)


table 3 : explain SELECT c FROM sbtest3 WHERE id=6661556
	-> Rows fetched before execution  (cost=0..0 rows=1)


table 4 : explain SELECT c FROM sbtest4 WHERE id=3073461
	-> Rows fetched before execution  (cost=0..0 rows=1)


table 5 : explain SELECT c FROM sbtest5 WHERE id=4315233
	-> Rows fetched before execution  (cost=0..0 rows=1)


table 6 : explain SELECT c FROM sbtest6 WHERE id=7047814
	-> Rows fetched before execution  (cost=0..0 rows=1)


table 7 : explain SELECT c FROM sbtest7 WHERE id=7364073
	-> Rows fetched before execution  (cost=0..0 rows=1)


table 8 : explain SELECT c FROM sbtest8 WHERE id=7965999
	-> Rows fetched before execution  (cost=0..0 rows=1)


for: simple_ranges
table 1 : explain SELECT c FROM sbtest1 WHERE id BETWEEN 713833 AND 714832
	-> Filter: (sbtest1.id between 713833 and 714832)  (cost=378 rows=1872)
    -> Index range scan on sbtest1 using PRIMARY over (713833 <= id <= 714832)  (cost=378 rows=1872)


table 2 : explain SELECT c FROM sbtest2 WHERE id BETWEEN 806189 AND 807188
	-> Filter: (sbtest2.id between 806189 and 807188)  (cost=378 rows=1872)
    -> Index range scan on sbtest2 using PRIMARY over (806189 <= id <= 807188)  (cost=378 rows=1872)


table 3 : explain SELECT c FROM sbtest3 WHERE id BETWEEN 9459062 AND 9460061
	-> Filter: (sbtest3.id between 9459062 and 9460061)  (cost=371 rows=1838)
    -> Index range scan on sbtest3 using PRIMARY over (9459062 <= id <= 9460061)  (cost=371 rows=1838)


table 4 : explain SELECT c FROM sbtest4 WHERE id BETWEEN 2962292 AND 2963291
	-> Filter: (sbtest4.id between 2962292 and 2963291)  (cost=371 rows=1838)
    -> Index range scan on sbtest4 using PRIMARY over (2962292 <= id <= 2963291)  (cost=371 rows=1838)


table 5 : explain SELECT c FROM sbtest5 WHERE id BETWEEN 2858495 AND 2859494
	-> Filter: (sbtest5.id between 2858495 and 2859494)  (cost=371 rows=1838)
    -> Index range scan on sbtest5 using PRIMARY over (2858495 <= id <= 2859494)  (cost=371 rows=1838)


table 6 : explain SELECT c FROM sbtest6 WHERE id BETWEEN 8902248 AND 8903247
	-> Filter: (sbtest6.id between 8902248 and 8903247)  (cost=378 rows=1872)
    -> Index range scan on sbtest6 using PRIMARY over (8902248 <= id <= 8903247)  (cost=378 rows=1872)


table 7 : explain SELECT c FROM sbtest7 WHERE id BETWEEN 2690243 AND 2691242
	-> Filter: (sbtest7.id between 2690243 and 2691242)  (cost=378 rows=1872)
    -> Index range scan on sbtest7 using PRIMARY over (2690243 <= id <= 2691242)  (cost=378 rows=1872)


table 8 : explain SELECT c FROM sbtest8 WHERE id BETWEEN 8846988 AND 8847987
	-> Filter: (sbtest8.id between 8846988 and 8847987)  (cost=378 rows=1872)
    -> Index range scan on sbtest8 using PRIMARY over (8846988 <= id <= 8847987)  (cost=378 rows=1872)


for: simple_ranges
table 1 : explain SELECT c FROM sbtest1 WHERE id BETWEEN 7532215 AND 7533214
	-> Filter: (sbtest1.id between 7532215 and 7533214)  (cost=371 rows=1838)
    -> Index range scan on sbtest1 using PRIMARY over (7532215 <= id <= 7533214)  (cost=371 rows=1838)


table 2 : explain SELECT c FROM sbtest2 WHERE id BETWEEN 4765255 AND 4766254
	-> Filter: (sbtest2.id between 4765255 and 4766254)  (cost=371 rows=1838)
    -> Index range scan on sbtest2 using PRIMARY over (4765255 <= id <= 4766254)  (cost=371 rows=1838)


table 3 : explain SELECT c FROM sbtest3 WHERE id BETWEEN 5677506 AND 5678505
	-> Filter: (sbtest3.id between 5677506 and 5678505)  (cost=371 rows=1838)
    -> Index range scan on sbtest3 using PRIMARY over (5677506 <= id <= 5678505)  (cost=371 rows=1838)


table 4 : explain SELECT c FROM sbtest4 WHERE id BETWEEN 3384031 AND 3385030
	-> Filter: (sbtest4.id between 3384031 and 3385030)  (cost=378 rows=1872)
    -> Index range scan on sbtest4 using PRIMARY over (3384031 <= id <= 3385030)  (cost=378 rows=1872)


table 5 : explain SELECT c FROM sbtest5 WHERE id BETWEEN 7439307 AND 7440306
	-> Filter: (sbtest5.id between 7439307 and 7440306)  (cost=371 rows=1838)
    -> Index range scan on sbtest5 using PRIMARY over (7439307 <= id <= 7440306)  (cost=371 rows=1838)


table 6 : explain SELECT c FROM sbtest6 WHERE id BETWEEN 8553399 AND 8554398
	-> Filter: (sbtest6.id between 8553399 and 8554398)  (cost=371 rows=1838)
    -> Index range scan on sbtest6 using PRIMARY over (8553399 <= id <= 8554398)  (cost=371 rows=1838)


table 7 : explain SELECT c FROM sbtest7 WHERE id BETWEEN 5453188 AND 5454187
	-> Filter: (sbtest7.id between 5453188 and 5454187)  (cost=371 rows=1838)
    -> Index range scan on sbtest7 using PRIMARY over (5453188 <= id <= 5454187)  (cost=371 rows=1838)


table 8 : explain SELECT c FROM sbtest8 WHERE id BETWEEN 1509947 AND 1510946
	-> Filter: (sbtest8.id between 1509947 and 1510946)  (cost=371 rows=1838)
    -> Index range scan on sbtest8 using PRIMARY over (1509947 <= id <= 1510946)  (cost=371 rows=1838)


for point_selects
table 1 : explain SELECT c FROM sbtest1 WHERE id=2370741
	-> Rows fetched before execution  (cost=0..0 rows=1)


table 2 : explain SELECT c FROM sbtest2 WHERE id=3124975
	-> Rows fetched before execution  (cost=0..0 rows=1)


table 3 : explain SELECT c FROM sbtest3 WHERE id=7174223
	-> Rows fetched before execution  (cost=0..0 rows=1)


table 4 : explain SELECT c FROM sbtest4 WHERE id=3879522
	-> Rows fetched before execution  (cost=0..0 rows=1)


table 5 : explain SELECT c FROM sbtest5 WHERE id=8173809
	-> Rows fetched before execution  (cost=0..0 rows=1)


table 6 : explain SELECT c FROM sbtest6 WHERE id=8467625
	-> Rows fetched before execution  (cost=0..0 rows=1)


table 7 : explain SELECT c FROM sbtest7 WHERE id=2802179
	-> Rows fetched before execution  (cost=0..0 rows=1)


table 8 : explain SELECT c FROM sbtest8 WHERE id=6451074
	-> Rows fetched before execution  (cost=0..0 rows=1)


for: simple_ranges
table 1 : explain SELECT c FROM sbtest1 WHERE id BETWEEN 3768584 AND 3769583
	-> Filter: (sbtest1.id between 3768584 and 3769583)  (cost=371 rows=1838)
    -> Index range scan on sbtest1 using PRIMARY over (3768584 <= id <= 3769583)  (cost=371 rows=1838)


table 2 : explain SELECT c FROM sbtest2 WHERE id BETWEEN 977054 AND 978053
	-> Filter: (sbtest2.id between 977054 and 978053)  (cost=371 rows=1838)
    -> Index range scan on sbtest2 using PRIMARY over (977054 <= id <= 978053)  (cost=371 rows=1838)


table 3 : explain SELECT c FROM sbtest3 WHERE id BETWEEN 6602851 AND 6603850
	-> Filter: (sbtest3.id between 6602851 and 6603850)  (cost=371 rows=1838)
    -> Index range scan on sbtest3 using PRIMARY over (6602851 <= id <= 6603850)  (cost=371 rows=1838)


table 4 : explain SELECT c FROM sbtest4 WHERE id BETWEEN 907092 AND 908091
	-> Filter: (sbtest4.id between 907092 and 908091)  (cost=371 rows=1838)
    -> Index range scan on sbtest4 using PRIMARY over (907092 <= id <= 908091)  (cost=371 rows=1838)


table 5 : explain SELECT c FROM sbtest5 WHERE id BETWEEN 4142876 AND 4143875
	-> Filter: (sbtest5.id between 4142876 and 4143875)  (cost=378 rows=1872)
    -> Index range scan on sbtest5 using PRIMARY over (4142876 <= id <= 4143875)  (cost=378 rows=1872)


table 6 : explain SELECT c FROM sbtest6 WHERE id BETWEEN 1497280 AND 1498279
	-> Filter: (sbtest6.id between 1497280 and 1498279)  (cost=378 rows=1872)
    -> Index range scan on sbtest6 using PRIMARY over (1497280 <= id <= 1498279)  (cost=378 rows=1872)


table 7 : explain SELECT c FROM sbtest7 WHERE id BETWEEN 9093214 AND 9094213
	-> Filter: (sbtest7.id between 9093214 and 9094213)  (cost=378 rows=1872)
    -> Index range scan on sbtest7 using PRIMARY over (9093214 <= id <= 9094213)  (cost=378 rows=1872)


table 8 : explain SELECT c FROM sbtest8 WHERE id BETWEEN 6443486 AND 6444485
	-> Filter: (sbtest8.id between 6443486 and 6444485)  (cost=371 rows=1838)
    -> Index range scan on sbtest8 using PRIMARY over (6443486 <= id <= 6444485)  (cost=371 rows=1838)


for: simple_ranges
table 1 : explain SELECT c FROM sbtest1 WHERE id BETWEEN 7615633 AND 7616632
	-> Filter: (sbtest1.id between 7615633 and 7616632)  (cost=378 rows=1872)
    -> Index range scan on sbtest1 using PRIMARY over (7615633 <= id <= 7616632)  (cost=378 rows=1872)


table 2 : explain SELECT c FROM sbtest2 WHERE id BETWEEN 3711157 AND 3712156
	-> Filter: (sbtest2.id between 3711157 and 3712156)  (cost=378 rows=1872)
    -> Index range scan on sbtest2 using PRIMARY over (3711157 <= id <= 3712156)  (cost=378 rows=1872)


table 3 : explain SELECT c FROM sbtest3 WHERE id BETWEEN 8639773 AND 8640772
	-> Filter: (sbtest3.id between 8639773 and 8640772)  (cost=371 rows=1838)
    -> Index range scan on sbtest3 using PRIMARY over (8639773 <= id <= 8640772)  (cost=371 rows=1838)


table 4 : explain SELECT c FROM sbtest4 WHERE id BETWEEN 1673465 AND 1674464
	-> Filter: (sbtest4.id between 1673465 and 1674464)  (cost=371 rows=1838)
    -> Index range scan on sbtest4 using PRIMARY over (1673465 <= id <= 1674464)  (cost=371 rows=1838)


table 5 : explain SELECT c FROM sbtest5 WHERE id BETWEEN 9708790 AND 9709789
	-> Filter: (sbtest5.id between 9708790 and 9709789)  (cost=371 rows=1838)
    -> Index range scan on sbtest5 using PRIMARY over (9708790 <= id <= 9709789)  (cost=371 rows=1838)


table 6 : explain SELECT c FROM sbtest6 WHERE id BETWEEN 4546501 AND 4547500
	-> Filter: (sbtest6.id between 4546501 and 4547500)  (cost=371 rows=1838)
    -> Index range scan on sbtest6 using PRIMARY over (4546501 <= id <= 4547500)  (cost=371 rows=1838)


table 7 : explain SELECT c FROM sbtest7 WHERE id BETWEEN 5963651 AND 5964650
	-> Filter: (sbtest7.id between 5963651 and 5964650)  (cost=371 rows=1838)
    -> Index range scan on sbtest7 using PRIMARY over (5963651 <= id <= 5964650)  (cost=371 rows=1838)


table 8 : explain SELECT c FROM sbtest8 WHERE id BETWEEN 7665332 AND 7666331
	-> Filter: (sbtest8.id between 7665332 and 7666331)  (cost=378 rows=1872)
    -> Index range scan on sbtest8 using PRIMARY over (7665332 <= id <= 7666331)  (cost=378 rows=1872)


for: simple_ranges
table 1 : explain SELECT c FROM sbtest1 WHERE id BETWEEN 6893521 AND 6894520
	-> Filter: (sbtest1.id between 6893521 and 6894520)  (cost=378 rows=1872)
    -> Index range scan on sbtest1 using PRIMARY over (6893521 <= id <= 6894520)  (cost=378 rows=1872)


table 2 : explain SELECT c FROM sbtest2 WHERE id BETWEEN 5379413 AND 5380412
	-> Filter: (sbtest2.id between 5379413 and 5380412)  (cost=378 rows=1872)
    -> Index range scan on sbtest2 using PRIMARY over (5379413 <= id <= 5380412)  (cost=378 rows=1872)


table 3 : explain SELECT c FROM sbtest3 WHERE id BETWEEN 8074033 AND 8075032
	-> Filter: (sbtest3.id between 8074033 and 8075032)  (cost=371 rows=1838)
    -> Index range scan on sbtest3 using PRIMARY over (8074033 <= id <= 8075032)  (cost=371 rows=1838)


table 4 : explain SELECT c FROM sbtest4 WHERE id BETWEEN 5064255 AND 5065254
	-> Filter: (sbtest4.id between 5064255 and 5065254)  (cost=371 rows=1838)
    -> Index range scan on sbtest4 using PRIMARY over (5064255 <= id <= 5065254)  (cost=371 rows=1838)


table 5 : explain SELECT c FROM sbtest5 WHERE id BETWEEN 3324748 AND 3325747
	-> Filter: (sbtest5.id between 3324748 and 3325747)  (cost=371 rows=1838)
    -> Index range scan on sbtest5 using PRIMARY over (3324748 <= id <= 3325747)  (cost=371 rows=1838)


table 6 : explain SELECT c FROM sbtest6 WHERE id BETWEEN 3620791 AND 3621790
	-> Filter: (sbtest6.id between 3620791 and 3621790)  (cost=371 rows=1838)
    -> Index range scan on sbtest6 using PRIMARY over (3620791 <= id <= 3621790)  (cost=371 rows=1838)


table 7 : explain SELECT c FROM sbtest7 WHERE id BETWEEN 7537537 AND 7538536
	-> Filter: (sbtest7.id between 7537537 and 7538536)  (cost=371 rows=1838)
    -> Index range scan on sbtest7 using PRIMARY over (7537537 <= id <= 7538536)  (cost=371 rows=1838)


table 8 : explain SELECT c FROM sbtest8 WHERE id BETWEEN 3546337 AND 3547336
	-> Filter: (sbtest8.id between 3546337 and 3547336)  (cost=371 rows=1838)
    -> Index range scan on sbtest8 using PRIMARY over (3546337 <= id <= 3547336)  (cost=371 rows=1838)


for: simple_ranges
table 1 : explain SELECT c FROM sbtest1 WHERE id BETWEEN 7226582 AND 7227581
	-> Filter: (sbtest1.id between 7226582 and 7227581)  (cost=371 rows=1838)
    -> Index range scan on sbtest1 using PRIMARY over (7226582 <= id <= 7227581)  (cost=371 rows=1838)


table 2 : explain SELECT c FROM sbtest2 WHERE id BETWEEN 3851615 AND 3852614
	-> Filter: (sbtest2.id between 3851615 and 3852614)  (cost=371 rows=1838)
    -> Index range scan on sbtest2 using PRIMARY over (3851615 <= id <= 3852614)  (cost=371 rows=1838)


table 3 : explain SELECT c FROM sbtest3 WHERE id BETWEEN 3961705 AND 3962704
	-> Filter: (sbtest3.id between 3961705 and 3962704)  (cost=371 rows=1838)
    -> Index range scan on sbtest3 using PRIMARY over (3961705 <= id <= 3962704)  (cost=371 rows=1838)


table 4 : explain SELECT c FROM sbtest4 WHERE id BETWEEN 5331572 AND 5332571
	-> Filter: (sbtest4.id between 5331572 and 5332571)  (cost=371 rows=1838)
    -> Index range scan on sbtest4 using PRIMARY over (5331572 <= id <= 5332571)  (cost=371 rows=1838)


table 5 : explain SELECT c FROM sbtest5 WHERE id BETWEEN 9536380 AND 9537379
	-> Filter: (sbtest5.id between 9536380 and 9537379)  (cost=371 rows=1838)
    -> Index range scan on sbtest5 using PRIMARY over (9536380 <= id <= 9537379)  (cost=371 rows=1838)


table 6 : explain SELECT c FROM sbtest6 WHERE id BETWEEN 9953025 AND 9954024
	-> Filter: (sbtest6.id between 9953025 and 9954024)  (cost=378 rows=1872)
    -> Index range scan on sbtest6 using PRIMARY over (9953025 <= id <= 9954024)  (cost=378 rows=1872)


table 7 : explain SELECT c FROM sbtest7 WHERE id BETWEEN 9730578 AND 9731577
	-> Filter: (sbtest7.id between 9730578 and 9731577)  (cost=378 rows=1872)
    -> Index range scan on sbtest7 using PRIMARY over (9730578 <= id <= 9731577)  (cost=378 rows=1872)


table 8 : explain SELECT c FROM sbtest8 WHERE id BETWEEN 4930980 AND 4931979
	-> Filter: (sbtest8.id between 4930980 and 4931979)  (cost=378 rows=1872)
    -> Index range scan on sbtest8 using PRIMARY over (4930980 <= id <= 4931979)  (cost=378 rows=1872)


for: sum_ranges
table 1 : explain SELECT SUM(k) FROM sbtest1 WHERE id BETWEEN 9281529 AND 9282528
	-> Aggregate: sum(sbtest1.k)  (cost=794 rows=1)
    -> Filter: (sbtest1.id between 9281529 and 9282528)  (cost=371 rows=1838)
        -> Index range scan on sbtest1 using PRIMARY over (9281529 <= id <= 9282528)  (cost=371 rows=1838)


table 2 : explain SELECT SUM(k) FROM sbtest2 WHERE id BETWEEN 8159706 AND 8160705
	-> Aggregate: sum(sbtest2.k)  (cost=809 rows=1)
    -> Filter: (sbtest2.id between 8159706 and 8160705)  (cost=378 rows=1872)
        -> Index range scan on sbtest2 using PRIMARY over (8159706 <= id <= 8160705)  (cost=378 rows=1872)


table 3 : explain SELECT SUM(k) FROM sbtest3 WHERE id BETWEEN 3583258 AND 3584257
	-> Aggregate: sum(sbtest3.k)  (cost=809 rows=1)
    -> Filter: (sbtest3.id between 3583258 and 3584257)  (cost=378 rows=1872)
        -> Index range scan on sbtest3 using PRIMARY over (3583258 <= id <= 3584257)  (cost=378 rows=1872)


table 4 : explain SELECT SUM(k) FROM sbtest4 WHERE id BETWEEN 5989240 AND 5990239
	-> Aggregate: sum(sbtest4.k)  (cost=794 rows=1)
    -> Filter: (sbtest4.id between 5989240 and 5990239)  (cost=371 rows=1838)
        -> Index range scan on sbtest4 using PRIMARY over (5989240 <= id <= 5990239)  (cost=371 rows=1838)


table 5 : explain SELECT SUM(k) FROM sbtest5 WHERE id BETWEEN 5080755 AND 5081754
	-> Aggregate: sum(sbtest5.k)  (cost=794 rows=1)
    -> Filter: (sbtest5.id between 5080755 and 5081754)  (cost=371 rows=1838)
        -> Index range scan on sbtest5 using PRIMARY over (5080755 <= id <= 5081754)  (cost=371 rows=1838)


table 6 : explain SELECT SUM(k) FROM sbtest6 WHERE id BETWEEN 7501860 AND 7502859
	-> Aggregate: sum(sbtest6.k)  (cost=794 rows=1)
    -> Filter: (sbtest6.id between 7501860 and 7502859)  (cost=371 rows=1838)
        -> Index range scan on sbtest6 using PRIMARY over (7501860 <= id <= 7502859)  (cost=371 rows=1838)


table 7 : explain SELECT SUM(k) FROM sbtest7 WHERE id BETWEEN 1008460 AND 1009459
	-> Aggregate: sum(sbtest7.k)  (cost=809 rows=1)
    -> Filter: (sbtest7.id between 1008460 and 1009459)  (cost=378 rows=1872)
        -> Index range scan on sbtest7 using PRIMARY over (1008460 <= id <= 1009459)  (cost=378 rows=1872)


table 8 : explain SELECT SUM(k) FROM sbtest8 WHERE id BETWEEN 7967992 AND 7968991
	-> Aggregate: sum(sbtest8.k)  (cost=809 rows=1)
    -> Filter: (sbtest8.id between 7967992 and 7968991)  (cost=378 rows=1872)
        -> Index range scan on sbtest8 using PRIMARY over (7967992 <= id <= 7968991)  (cost=378 rows=1872)


for: simple_ranges
table 1 : explain SELECT c FROM sbtest1 WHERE id BETWEEN 1275474 AND 1276473
	-> Filter: (sbtest1.id between 1275474 and 1276473)  (cost=371 rows=1838)
    -> Index range scan on sbtest1 using PRIMARY over (1275474 <= id <= 1276473)  (cost=371 rows=1838)


table 2 : explain SELECT c FROM sbtest2 WHERE id BETWEEN 2266747 AND 2267746
	-> Filter: (sbtest2.id between 2266747 and 2267746)  (cost=371 rows=1838)
    -> Index range scan on sbtest2 using PRIMARY over (2266747 <= id <= 2267746)  (cost=371 rows=1838)


table 3 : explain SELECT c FROM sbtest3 WHERE id BETWEEN 2028774 AND 2029773
	-> Filter: (sbtest3.id between 2028774 and 2029773)  (cost=371 rows=1838)
    -> Index range scan on sbtest3 using PRIMARY over (2028774 <= id <= 2029773)  (cost=371 rows=1838)


table 4 : explain SELECT c FROM sbtest4 WHERE id BETWEEN 7338577 AND 7339576
	-> Filter: (sbtest4.id between 7338577 and 7339576)  (cost=371 rows=1838)
    -> Index range scan on sbtest4 using PRIMARY over (7338577 <= id <= 7339576)  (cost=371 rows=1838)


table 5 : explain SELECT c FROM sbtest5 WHERE id BETWEEN 2227088 AND 2228087
	-> Filter: (sbtest5.id between 2227088 and 2228087)  (cost=371 rows=1838)
    -> Index range scan on sbtest5 using PRIMARY over (2227088 <= id <= 2228087)  (cost=371 rows=1838)


table 6 : explain SELECT c FROM sbtest6 WHERE id BETWEEN 551889 AND 552888
	-> Filter: (sbtest6.id between 551889 and 552888)  (cost=371 rows=1838)
    -> Index range scan on sbtest6 using PRIMARY over (551889 <= id <= 552888)  (cost=371 rows=1838)


table 7 : explain SELECT c FROM sbtest7 WHERE id BETWEEN 5676874 AND 5677873
	-> Filter: (sbtest7.id between 5676874 and 5677873)  (cost=371 rows=1838)
    -> Index range scan on sbtest7 using PRIMARY over (5676874 <= id <= 5677873)  (cost=371 rows=1838)


table 8 : explain SELECT c FROM sbtest8 WHERE id BETWEEN 8363478 AND 8364477
	-> Filter: (sbtest8.id between 8363478 and 8364477)  (cost=371 rows=1838)
    -> Index range scan on sbtest8 using PRIMARY over (8363478 <= id <= 8364477)  (cost=371 rows=1838)


for: sum_ranges
table 1 : explain SELECT SUM(k) FROM sbtest1 WHERE id BETWEEN 918811 AND 919810
	-> Aggregate: sum(sbtest1.k)  (cost=794 rows=1)
    -> Filter: (sbtest1.id between 918811 and 919810)  (cost=371 rows=1838)
        -> Index range scan on sbtest1 using PRIMARY over (918811 <= id <= 919810)  (cost=371 rows=1838)


table 2 : explain SELECT SUM(k) FROM sbtest2 WHERE id BETWEEN 9354581 AND 9355580
	-> Aggregate: sum(sbtest2.k)  (cost=794 rows=1)
    -> Filter: (sbtest2.id between 9354581 and 9355580)  (cost=371 rows=1838)
        -> Index range scan on sbtest2 using PRIMARY over (9354581 <= id <= 9355580)  (cost=371 rows=1838)


table 3 : explain SELECT SUM(k) FROM sbtest3 WHERE id BETWEEN 5647984 AND 5648983
	-> Aggregate: sum(sbtest3.k)  (cost=809 rows=1)
    -> Filter: (sbtest3.id between 5647984 and 5648983)  (cost=378 rows=1872)
        -> Index range scan on sbtest3 using PRIMARY over (5647984 <= id <= 5648983)  (cost=378 rows=1872)


table 4 : explain SELECT SUM(k) FROM sbtest4 WHERE id BETWEEN 1708922 AND 1709921
	-> Aggregate: sum(sbtest4.k)  (cost=794 rows=1)
    -> Filter: (sbtest4.id between 1708922 and 1709921)  (cost=371 rows=1838)
        -> Index range scan on sbtest4 using PRIMARY over (1708922 <= id <= 1709921)  (cost=371 rows=1838)


table 5 : explain SELECT SUM(k) FROM sbtest5 WHERE id BETWEEN 6212138 AND 6213137
	-> Aggregate: sum(sbtest5.k)  (cost=809 rows=1)
    -> Filter: (sbtest5.id between 6212138 and 6213137)  (cost=378 rows=1872)
        -> Index range scan on sbtest5 using PRIMARY over (6212138 <= id <= 6213137)  (cost=378 rows=1872)


table 6 : explain SELECT SUM(k) FROM sbtest6 WHERE id BETWEEN 7450339 AND 7451338
	-> Aggregate: sum(sbtest6.k)  (cost=794 rows=1)
    -> Filter: (sbtest6.id between 7450339 and 7451338)  (cost=371 rows=1838)
        -> Index range scan on sbtest6 using PRIMARY over (7450339 <= id <= 7451338)  (cost=371 rows=1838)


table 7 : explain SELECT SUM(k) FROM sbtest7 WHERE id BETWEEN 9552776 AND 9553775
	-> Aggregate: sum(sbtest7.k)  (cost=794 rows=1)
    -> Filter: (sbtest7.id between 9552776 and 9553775)  (cost=371 rows=1838)
        -> Index range scan on sbtest7 using PRIMARY over (9552776 <= id <= 9553775)  (cost=371 rows=1838)


table 8 : explain SELECT SUM(k) FROM sbtest8 WHERE id BETWEEN 2077161 AND 2078160
	-> Aggregate: sum(sbtest8.k)  (cost=794 rows=1)
    -> Filter: (sbtest8.id between 2077161 and 2078160)  (cost=371 rows=1838)
        -> Index range scan on sbtest8 using PRIMARY over (2077161 <= id <= 2078160)  (cost=371 rows=1838)


for: simple_ranges
table 1 : explain SELECT c FROM sbtest1 WHERE id BETWEEN 4258082 AND 4259081
	-> Filter: (sbtest1.id between 4258082 and 4259081)  (cost=371 rows=1838)
    -> Index range scan on sbtest1 using PRIMARY over (4258082 <= id <= 4259081)  (cost=371 rows=1838)


table 2 : explain SELECT c FROM sbtest2 WHERE id BETWEEN 2579350 AND 2580349
	-> Filter: (sbtest2.id between 2579350 and 2580349)  (cost=378 rows=1872)
    -> Index range scan on sbtest2 using PRIMARY over (2579350 <= id <= 2580349)  (cost=378 rows=1872)


table 3 : explain SELECT c FROM sbtest3 WHERE id BETWEEN 7164789 AND 7165788
	-> Filter: (sbtest3.id between 7164789 and 7165788)  (cost=378 rows=1872)
    -> Index range scan on sbtest3 using PRIMARY over (7164789 <= id <= 7165788)  (cost=378 rows=1872)


table 4 : explain SELECT c FROM sbtest4 WHERE id BETWEEN 9793794 AND 9794793
	-> Filter: (sbtest4.id between 9793794 and 9794793)  (cost=378 rows=1872)
    -> Index range scan on sbtest4 using PRIMARY over (9793794 <= id <= 9794793)  (cost=378 rows=1872)


table 5 : explain SELECT c FROM sbtest5 WHERE id BETWEEN 5179666 AND 5180665
	-> Filter: (sbtest5.id between 5179666 and 5180665)  (cost=371 rows=1838)
    -> Index range scan on sbtest5 using PRIMARY over (5179666 <= id <= 5180665)  (cost=371 rows=1838)


table 6 : explain SELECT c FROM sbtest6 WHERE id BETWEEN 2827670 AND 2828669
	-> Filter: (sbtest6.id between 2827670 and 2828669)  (cost=371 rows=1838)
    -> Index range scan on sbtest6 using PRIMARY over (2827670 <= id <= 2828669)  (cost=371 rows=1838)


table 7 : explain SELECT c FROM sbtest7 WHERE id BETWEEN 8779420 AND 8780419
	-> Filter: (sbtest7.id between 8779420 and 8780419)  (cost=371 rows=1838)
    -> Index range scan on sbtest7 using PRIMARY over (8779420 <= id <= 8780419)  (cost=371 rows=1838)


table 8 : explain SELECT c FROM sbtest8 WHERE id BETWEEN 9270266 AND 9271265
	-> Filter: (sbtest8.id between 9270266 and 9271265)  (cost=371 rows=1838)
    -> Index range scan on sbtest8 using PRIMARY over (9270266 <= id <= 9271265)  (cost=371 rows=1838)


for: simple_ranges
table 1 : explain SELECT c FROM sbtest1 WHERE id BETWEEN 1192893 AND 1193892
	-> Filter: (sbtest1.id between 1192893 and 1193892)  (cost=371 rows=1838)
    -> Index range scan on sbtest1 using PRIMARY over (1192893 <= id <= 1193892)  (cost=371 rows=1838)


table 2 : explain SELECT c FROM sbtest2 WHERE id BETWEEN 7918799 AND 7919798
	-> Filter: (sbtest2.id between 7918799 and 7919798)  (cost=378 rows=1872)
    -> Index range scan on sbtest2 using PRIMARY over (7918799 <= id <= 7919798)  (cost=378 rows=1872)


table 3 : explain SELECT c FROM sbtest3 WHERE id BETWEEN 1747895 AND 1748894
	-> Filter: (sbtest3.id between 1747895 and 1748894)  (cost=378 rows=1872)
    -> Index range scan on sbtest3 using PRIMARY over (1747895 <= id <= 1748894)  (cost=378 rows=1872)


table 4 : explain SELECT c FROM sbtest4 WHERE id BETWEEN 4212938 AND 4213937
	-> Filter: (sbtest4.id between 4212938 and 4213937)  (cost=371 rows=1838)
    -> Index range scan on sbtest4 using PRIMARY over (4212938 <= id <= 4213937)  (cost=371 rows=1838)


table 5 : explain SELECT c FROM sbtest5 WHERE id BETWEEN 6673863 AND 6674862
	-> Filter: (sbtest5.id between 6673863 and 6674862)  (cost=378 rows=1872)
    -> Index range scan on sbtest5 using PRIMARY over (6673863 <= id <= 6674862)  (cost=378 rows=1872)


table 6 : explain SELECT c FROM sbtest6 WHERE id BETWEEN 7839958 AND 7840957
	-> Filter: (sbtest6.id between 7839958 and 7840957)  (cost=378 rows=1872)
    -> Index range scan on sbtest6 using PRIMARY over (7839958 <= id <= 7840957)  (cost=378 rows=1872)


table 7 : explain SELECT c FROM sbtest7 WHERE id BETWEEN 5185346 AND 5186345
	-> Filter: (sbtest7.id between 5185346 and 5186345)  (cost=371 rows=1838)
    -> Index range scan on sbtest7 using PRIMARY over (5185346 <= id <= 5186345)  (cost=371 rows=1838)


table 8 : explain SELECT c FROM sbtest8 WHERE id BETWEEN 1329373 AND 1330372
	-> Filter: (sbtest8.id between 1329373 and 1330372)  (cost=378 rows=1872)
    -> Index range scan on sbtest8 using PRIMARY over (1329373 <= id <= 1330372)  (cost=378 rows=1872)


for: simple_ranges
table 1 : explain SELECT c FROM sbtest1 WHERE id BETWEEN 1506809 AND 1507808
	-> Filter: (sbtest1.id between 1506809 and 1507808)  (cost=371 rows=1838)
    -> Index range scan on sbtest1 using PRIMARY over (1506809 <= id <= 1507808)  (cost=371 rows=1838)


table 2 : explain SELECT c FROM sbtest2 WHERE id BETWEEN 869570 AND 870569
	-> Filter: (sbtest2.id between 869570 and 870569)  (cost=371 rows=1838)
    -> Index range scan on sbtest2 using PRIMARY over (869570 <= id <= 870569)  (cost=371 rows=1838)


table 3 : explain SELECT c FROM sbtest3 WHERE id BETWEEN 8382916 AND 8383915
	-> Filter: (sbtest3.id between 8382916 and 8383915)  (cost=371 rows=1838)
    -> Index range scan on sbtest3 using PRIMARY over (8382916 <= id <= 8383915)  (cost=371 rows=1838)


table 4 : explain SELECT c FROM sbtest4 WHERE id BETWEEN 9656359 AND 9657358
	-> Filter: (sbtest4.id between 9656359 and 9657358)  (cost=371 rows=1838)
    -> Index range scan on sbtest4 using PRIMARY over (9656359 <= id <= 9657358)  (cost=371 rows=1838)


table 5 : explain SELECT c FROM sbtest5 WHERE id BETWEEN 9534757 AND 9535756
	-> Filter: (sbtest5.id between 9534757 and 9535756)  (cost=371 rows=1838)
    -> Index range scan on sbtest5 using PRIMARY over (9534757 <= id <= 9535756)  (cost=371 rows=1838)


table 6 : explain SELECT c FROM sbtest6 WHERE id BETWEEN 5377136 AND 5378135
	-> Filter: (sbtest6.id between 5377136 and 5378135)  (cost=371 rows=1838)
    -> Index range scan on sbtest6 using PRIMARY over (5377136 <= id <= 5378135)  (cost=371 rows=1838)


table 7 : explain SELECT c FROM sbtest7 WHERE id BETWEEN 1658504 AND 1659503
	-> Filter: (sbtest7.id between 1658504 and 1659503)  (cost=371 rows=1838)
    -> Index range scan on sbtest7 using PRIMARY over (1658504 <= id <= 1659503)  (cost=371 rows=1838)


table 8 : explain SELECT c FROM sbtest8 WHERE id BETWEEN 4367575 AND 4368574
	-> Filter: (sbtest8.id between 4367575 and 4368574)  (cost=378 rows=1872)
    -> Index range scan on sbtest8 using PRIMARY over (4367575 <= id <= 4368574)  (cost=378 rows=1872)


for: simple_ranges
table 1 : explain SELECT c FROM sbtest1 WHERE id BETWEEN 8570738 AND 8571737
	-> Filter: (sbtest1.id between 8570738 and 8571737)  (cost=371 rows=1838)
    -> Index range scan on sbtest1 using PRIMARY over (8570738 <= id <= 8571737)  (cost=371 rows=1838)


table 2 : explain SELECT c FROM sbtest2 WHERE id BETWEEN 3975770 AND 3976769
	-> Filter: (sbtest2.id between 3975770 and 3976769)  (cost=378 rows=1872)
    -> Index range scan on sbtest2 using PRIMARY over (3975770 <= id <= 3976769)  (cost=378 rows=1872)


table 3 : explain SELECT c FROM sbtest3 WHERE id BETWEEN 8974728 AND 8975727
	-> Filter: (sbtest3.id between 8974728 and 8975727)  (cost=371 rows=1838)
    -> Index range scan on sbtest3 using PRIMARY over (8974728 <= id <= 8975727)  (cost=371 rows=1838)


table 4 : explain SELECT c FROM sbtest4 WHERE id BETWEEN 5553143 AND 5554142
	-> Filter: (sbtest4.id between 5553143 and 5554142)  (cost=371 rows=1838)
    -> Index range scan on sbtest4 using PRIMARY over (5553143 <= id <= 5554142)  (cost=371 rows=1838)


table 5 : explain SELECT c FROM sbtest5 WHERE id BETWEEN 9251238 AND 9252237
	-> Filter: (sbtest5.id between 9251238 and 9252237)  (cost=371 rows=1838)
    -> Index range scan on sbtest5 using PRIMARY over (9251238 <= id <= 9252237)  (cost=371 rows=1838)


table 6 : explain SELECT c FROM sbtest6 WHERE id BETWEEN 5344270 AND 5345269
	-> Filter: (sbtest6.id between 5344270 and 5345269)  (cost=371 rows=1838)
    -> Index range scan on sbtest6 using PRIMARY over (5344270 <= id <= 5345269)  (cost=371 rows=1838)


table 7 : explain SELECT c FROM sbtest7 WHERE id BETWEEN 1413758 AND 1414757
	-> Filter: (sbtest7.id between 1413758 and 1414757)  (cost=378 rows=1872)
    -> Index range scan on sbtest7 using PRIMARY over (1413758 <= id <= 1414757)  (cost=378 rows=1872)


table 8 : explain SELECT c FROM sbtest8 WHERE id BETWEEN 1632259 AND 1633258
	-> Filter: (sbtest8.id between 1632259 and 1633258)  (cost=378 rows=1872)
    -> Index range scan on sbtest8 using PRIMARY over (1632259 <= id <= 1633258)  (cost=378 rows=1872)


for: simple_ranges
table 1 : explain SELECT c FROM sbtest1 WHERE id BETWEEN 673949 AND 674948
	-> Filter: (sbtest1.id between 673949 and 674948)  (cost=371 rows=1838)
    -> Index range scan on sbtest1 using PRIMARY over (673949 <= id <= 674948)  (cost=371 rows=1838)


table 2 : explain SELECT c FROM sbtest2 WHERE id BETWEEN 9484512 AND 9485511
	-> Filter: (sbtest2.id between 9484512 and 9485511)  (cost=371 rows=1838)
    -> Index range scan on sbtest2 using PRIMARY over (9484512 <= id <= 9485511)  (cost=371 rows=1838)


table 3 : explain SELECT c FROM sbtest3 WHERE id BETWEEN 5794427 AND 5795426
	-> Filter: (sbtest3.id between 5794427 and 5795426)  (cost=378 rows=1872)
    -> Index range scan on sbtest3 using PRIMARY over (5794427 <= id <= 5795426)  (cost=378 rows=1872)


table 4 : explain SELECT c FROM sbtest4 WHERE id BETWEEN 8427488 AND 8428487
	-> Filter: (sbtest4.id between 8427488 and 8428487)  (cost=371 rows=1838)
    -> Index range scan on sbtest4 using PRIMARY over (8427488 <= id <= 8428487)  (cost=371 rows=1838)


table 5 : explain SELECT c FROM sbtest5 WHERE id BETWEEN 8768878 AND 8769877
	-> Filter: (sbtest5.id between 8768878 and 8769877)  (cost=378 rows=1872)
    -> Index range scan on sbtest5 using PRIMARY over (8768878 <= id <= 8769877)  (cost=378 rows=1872)


table 6 : explain SELECT c FROM sbtest6 WHERE id BETWEEN 5195570 AND 5196569
	-> Filter: (sbtest6.id between 5195570 and 5196569)  (cost=371 rows=1838)
    -> Index range scan on sbtest6 using PRIMARY over (5195570 <= id <= 5196569)  (cost=371 rows=1838)


table 7 : explain SELECT c FROM sbtest7 WHERE id BETWEEN 1212772 AND 1213771
	-> Filter: (sbtest7.id between 1212772 and 1213771)  (cost=371 rows=1838)
    -> Index range scan on sbtest7 using PRIMARY over (1212772 <= id <= 1213771)  (cost=371 rows=1838)


table 8 : explain SELECT c FROM sbtest8 WHERE id BETWEEN 7011832 AND 7012831
	-> Filter: (sbtest8.id between 7011832 and 7012831)  (cost=371 rows=1838)
    -> Index range scan on sbtest8 using PRIMARY over (7011832 <= id <= 7012831)  (cost=371 rows=1838)


for: simple_ranges
table 1 : explain SELECT c FROM sbtest1 WHERE id BETWEEN 7212787 AND 7213786
	-> Filter: (sbtest1.id between 7212787 and 7213786)  (cost=371 rows=1838)
    -> Index range scan on sbtest1 using PRIMARY over (7212787 <= id <= 7213786)  (cost=371 rows=1838)


table 2 : explain SELECT c FROM sbtest2 WHERE id BETWEEN 2494732 AND 2495731
	-> Filter: (sbtest2.id between 2494732 and 2495731)  (cost=371 rows=1838)
    -> Index range scan on sbtest2 using PRIMARY over (2494732 <= id <= 2495731)  (cost=371 rows=1838)


table 3 : explain SELECT c FROM sbtest3 WHERE id BETWEEN 5089678 AND 5090677
	-> Filter: (sbtest3.id between 5089678 and 5090677)  (cost=378 rows=1872)
    -> Index range scan on sbtest3 using PRIMARY over (5089678 <= id <= 5090677)  (cost=378 rows=1872)


table 4 : explain SELECT c FROM sbtest4 WHERE id BETWEEN 6698318 AND 6699317
	-> Filter: (sbtest4.id between 6698318 and 6699317)  (cost=378 rows=1872)
    -> Index range scan on sbtest4 using PRIMARY over (6698318 <= id <= 6699317)  (cost=378 rows=1872)


table 5 : explain SELECT c FROM sbtest5 WHERE id BETWEEN 4561807 AND 4562806
	-> Filter: (sbtest5.id between 4561807 and 4562806)  (cost=371 rows=1840)
    -> Index range scan on sbtest5 using PRIMARY over (4561807 <= id <= 4562806)  (cost=371 rows=1840)


table 6 : explain SELECT c FROM sbtest6 WHERE id BETWEEN 3788163 AND 3789162
	-> Filter: (sbtest6.id between 3788163 and 3789162)  (cost=378 rows=1872)
    -> Index range scan on sbtest6 using PRIMARY over (3788163 <= id <= 3789162)  (cost=378 rows=1872)


table 7 : explain SELECT c FROM sbtest7 WHERE id BETWEEN 9127298 AND 9128297
	-> Filter: (sbtest7.id between 9127298 and 9128297)  (cost=371 rows=1838)
    -> Index range scan on sbtest7 using PRIMARY over (9127298 <= id <= 9128297)  (cost=371 rows=1838)


table 8 : explain SELECT c FROM sbtest8 WHERE id BETWEEN 1930776 AND 1931775
	-> Filter: (sbtest8.id between 1930776 and 1931775)  (cost=371 rows=1838)
    -> Index range scan on sbtest8 using PRIMARY over (1930776 <= id <= 1931775)  (cost=371 rows=1838)


for: simple_ranges
table 1 : explain SELECT c FROM sbtest1 WHERE id BETWEEN 9533198 AND 9534197
	-> Filter: (sbtest1.id between 9533198 and 9534197)  (cost=378 rows=1872)
    -> Index range scan on sbtest1 using PRIMARY over (9533198 <= id <= 9534197)  (cost=378 rows=1872)


table 2 : explain SELECT c FROM sbtest2 WHERE id BETWEEN 5517941 AND 5518940
	-> Filter: (sbtest2.id between 5517941 and 5518940)  (cost=371 rows=1838)
    -> Index range scan on sbtest2 using PRIMARY over (5517941 <= id <= 5518940)  (cost=371 rows=1838)


table 3 : explain SELECT c FROM sbtest3 WHERE id BETWEEN 7301370 AND 7302369
	-> Filter: (sbtest3.id between 7301370 and 7302369)  (cost=378 rows=1872)
    -> Index range scan on sbtest3 using PRIMARY over (7301370 <= id <= 7302369)  (cost=378 rows=1872)


table 4 : explain SELECT c FROM sbtest4 WHERE id BETWEEN 6727897 AND 6728896
	-> Filter: (sbtest4.id between 6727897 and 6728896)  (cost=371 rows=1838)
    -> Index range scan on sbtest4 using PRIMARY over (6727897 <= id <= 6728896)  (cost=371 rows=1838)


table 5 : explain SELECT c FROM sbtest5 WHERE id BETWEEN 7133575 AND 7134574
	-> Filter: (sbtest5.id between 7133575 and 7134574)  (cost=371 rows=1838)
    -> Index range scan on sbtest5 using PRIMARY over (7133575 <= id <= 7134574)  (cost=371 rows=1838)


table 6 : explain SELECT c FROM sbtest6 WHERE id BETWEEN 1271560 AND 1272559
	-> Filter: (sbtest6.id between 1271560 and 1272559)  (cost=378 rows=1872)
    -> Index range scan on sbtest6 using PRIMARY over (1271560 <= id <= 1272559)  (cost=378 rows=1872)


table 7 : explain SELECT c FROM sbtest7 WHERE id BETWEEN 6856141 AND 6857140
	-> Filter: (sbtest7.id between 6856141 and 6857140)  (cost=378 rows=1872)
    -> Index range scan on sbtest7 using PRIMARY over (6856141 <= id <= 6857140)  (cost=378 rows=1872)


table 8 : explain SELECT c FROM sbtest8 WHERE id BETWEEN 1838514 AND 1839513
	-> Filter: (sbtest8.id between 1838514 and 1839513)  (cost=371 rows=1838)
    -> Index range scan on sbtest8 using PRIMARY over (1838514 <= id <= 1839513)  (cost=371 rows=1838)


for: simple_ranges
table 1 : explain SELECT c FROM sbtest1 WHERE id BETWEEN 3229083 AND 3230082
	-> Filter: (sbtest1.id between 3229083 and 3230082)  (cost=371 rows=1838)
    -> Index range scan on sbtest1 using PRIMARY over (3229083 <= id <= 3230082)  (cost=371 rows=1838)


table 2 : explain SELECT c FROM sbtest2 WHERE id BETWEEN 8828212 AND 8829211
	-> Filter: (sbtest2.id between 8828212 and 8829211)  (cost=371 rows=1838)
    -> Index range scan on sbtest2 using PRIMARY over (8828212 <= id <= 8829211)  (cost=371 rows=1838)


table 3 : explain SELECT c FROM sbtest3 WHERE id BETWEEN 3063497 AND 3064496
	-> Filter: (sbtest3.id between 3063497 and 3064496)  (cost=378 rows=1872)
    -> Index range scan on sbtest3 using PRIMARY over (3063497 <= id <= 3064496)  (cost=378 rows=1872)


table 4 : explain SELECT c FROM sbtest4 WHERE id BETWEEN 1910937 AND 1911936
	-> Filter: (sbtest4.id between 1910937 and 1911936)  (cost=371 rows=1838)
    -> Index range scan on sbtest4 using PRIMARY over (1910937 <= id <= 1911936)  (cost=371 rows=1838)


table 5 : explain SELECT c FROM sbtest5 WHERE id BETWEEN 1854099 AND 1855098
	-> Filter: (sbtest5.id between 1854099 and 1855098)  (cost=378 rows=1872)
    -> Index range scan on sbtest5 using PRIMARY over (1854099 <= id <= 1855098)  (cost=378 rows=1872)


table 6 : explain SELECT c FROM sbtest6 WHERE id BETWEEN 6862704 AND 6863703
	-> Filter: (sbtest6.id between 6862704 and 6863703)  (cost=378 rows=1872)
    -> Index range scan on sbtest6 using PRIMARY over (6862704 <= id <= 6863703)  (cost=378 rows=1872)


table 7 : explain SELECT c FROM sbtest7 WHERE id BETWEEN 6131757 AND 6132756
	-> Filter: (sbtest7.id between 6131757 and 6132756)  (cost=378 rows=1872)
    -> Index range scan on sbtest7 using PRIMARY over (6131757 <= id <= 6132756)  (cost=378 rows=1872)


table 8 : explain SELECT c FROM sbtest8 WHERE id BETWEEN 8434076 AND 8435075
	-> Filter: (sbtest8.id between 8434076 and 8435075)  (cost=371 rows=1838)
    -> Index range scan on sbtest8 using PRIMARY over (8434076 <= id <= 8435075)  (cost=371 rows=1838)


for: sum_ranges
table 1 : explain SELECT SUM(k) FROM sbtest1 WHERE id BETWEEN 3203488 AND 3204487
	-> Aggregate: sum(sbtest1.k)  (cost=794 rows=1)
    -> Filter: (sbtest1.id between 3203488 and 3204487)  (cost=371 rows=1838)
        -> Index range scan on sbtest1 using PRIMARY over (3203488 <= id <= 3204487)  (cost=371 rows=1838)


table 2 : explain SELECT SUM(k) FROM sbtest2 WHERE id BETWEEN 4036245 AND 4037244
	-> Aggregate: sum(sbtest2.k)  (cost=794 rows=1)
    -> Filter: (sbtest2.id between 4036245 and 4037244)  (cost=371 rows=1838)
        -> Index range scan on sbtest2 using PRIMARY over (4036245 <= id <= 4037244)  (cost=371 rows=1838)


table 3 : explain SELECT SUM(k) FROM sbtest3 WHERE id BETWEEN 4629826 AND 4630825
	-> Aggregate: sum(sbtest3.k)  (cost=794 rows=1)
    -> Filter: (sbtest3.id between 4629826 and 4630825)  (cost=371 rows=1838)
        -> Index range scan on sbtest3 using PRIMARY over (4629826 <= id <= 4630825)  (cost=371 rows=1838)


table 4 : explain SELECT SUM(k) FROM sbtest4 WHERE id BETWEEN 9210864 AND 9211863
	-> Aggregate: sum(sbtest4.k)  (cost=794 rows=1)
    -> Filter: (sbtest4.id between 9210864 and 9211863)  (cost=371 rows=1838)
        -> Index range scan on sbtest4 using PRIMARY over (9210864 <= id <= 9211863)  (cost=371 rows=1838)


table 5 : explain SELECT SUM(k) FROM sbtest5 WHERE id BETWEEN 476604 AND 477603
	-> Aggregate: sum(sbtest5.k)  (cost=794 rows=1)
    -> Filter: (sbtest5.id between 476604 and 477603)  (cost=371 rows=1838)
        -> Index range scan on sbtest5 using PRIMARY over (476604 <= id <= 477603)  (cost=371 rows=1838)


table 6 : explain SELECT SUM(k) FROM sbtest6 WHERE id BETWEEN 446659 AND 447658
	-> Aggregate: sum(sbtest6.k)  (cost=809 rows=1)
    -> Filter: (sbtest6.id between 446659 and 447658)  (cost=378 rows=1872)
        -> Index range scan on sbtest6 using PRIMARY over (446659 <= id <= 447658)  (cost=378 rows=1872)


table 7 : explain SELECT SUM(k) FROM sbtest7 WHERE id BETWEEN 4692008 AND 4693007
	-> Aggregate: sum(sbtest7.k)  (cost=794 rows=1)
    -> Filter: (sbtest7.id between 4692008 and 4693007)  (cost=371 rows=1838)
        -> Index range scan on sbtest7 using PRIMARY over (4692008 <= id <= 4693007)  (cost=371 rows=1838)


table 8 : explain SELECT SUM(k) FROM sbtest8 WHERE id BETWEEN 4472252 AND 4473251
	-> Aggregate: sum(sbtest8.k)  (cost=809 rows=1)
    -> Filter: (sbtest8.id between 4472252 and 4473251)  (cost=378 rows=1872)
        -> Index range scan on sbtest8 using PRIMARY over (4472252 <= id <= 4473251)  (cost=378 rows=1872)


for: sum_ranges
table 1 : explain SELECT SUM(k) FROM sbtest1 WHERE id BETWEEN 4079624 AND 4080623
	-> Aggregate: sum(sbtest1.k)  (cost=794 rows=1)
    -> Filter: (sbtest1.id between 4079624 and 4080623)  (cost=371 rows=1838)
        -> Index range scan on sbtest1 using PRIMARY over (4079624 <= id <= 4080623)  (cost=371 rows=1838)


table 2 : explain SELECT SUM(k) FROM sbtest2 WHERE id BETWEEN 6152358 AND 6153357
	-> Aggregate: sum(sbtest2.k)  (cost=794 rows=1)
    -> Filter: (sbtest2.id between 6152358 and 6153357)  (cost=371 rows=1838)
        -> Index range scan on sbtest2 using PRIMARY over (6152358 <= id <= 6153357)  (cost=371 rows=1838)


table 3 : explain SELECT SUM(k) FROM sbtest3 WHERE id BETWEEN 9607861 AND 9608860
	-> Aggregate: sum(sbtest3.k)  (cost=809 rows=1)
    -> Filter: (sbtest3.id between 9607861 and 9608860)  (cost=378 rows=1872)
        -> Index range scan on sbtest3 using PRIMARY over (9607861 <= id <= 9608860)  (cost=378 rows=1872)


table 4 : explain SELECT SUM(k) FROM sbtest4 WHERE id BETWEEN 5694760 AND 5695759
	-> Aggregate: sum(sbtest4.k)  (cost=794 rows=1)
    -> Filter: (sbtest4.id between 5694760 and 5695759)  (cost=371 rows=1838)
        -> Index range scan on sbtest4 using PRIMARY over (5694760 <= id <= 5695759)  (cost=371 rows=1838)


table 5 : explain SELECT SUM(k) FROM sbtest5 WHERE id BETWEEN 6792181 AND 6793180
	-> Aggregate: sum(sbtest5.k)  (cost=809 rows=1)
    -> Filter: (sbtest5.id between 6792181 and 6793180)  (cost=378 rows=1872)
        -> Index range scan on sbtest5 using PRIMARY over (6792181 <= id <= 6793180)  (cost=378 rows=1872)


table 6 : explain SELECT SUM(k) FROM sbtest6 WHERE id BETWEEN 3496605 AND 3497604
	-> Aggregate: sum(sbtest6.k)  (cost=809 rows=1)
    -> Filter: (sbtest6.id between 3496605 and 3497604)  (cost=378 rows=1872)
        -> Index range scan on sbtest6 using PRIMARY over (3496605 <= id <= 3497604)  (cost=378 rows=1872)


table 7 : explain SELECT SUM(k) FROM sbtest7 WHERE id BETWEEN 1446592 AND 1447591
	-> Aggregate: sum(sbtest7.k)  (cost=794 rows=1)
    -> Filter: (sbtest7.id between 1446592 and 1447591)  (cost=371 rows=1838)
        -> Index range scan on sbtest7 using PRIMARY over (1446592 <= id <= 1447591)  (cost=371 rows=1838)


table 8 : explain SELECT SUM(k) FROM sbtest8 WHERE id BETWEEN 2567348 AND 2568347
	-> Aggregate: sum(sbtest8.k)  (cost=794 rows=1)
    -> Filter: (sbtest8.id between 2567348 and 2568347)  (cost=371 rows=1838)
        -> Index range scan on sbtest8 using PRIMARY over (2567348 <= id <= 2568347)  (cost=371 rows=1838)


for: sum_ranges
table 1 : explain SELECT SUM(k) FROM sbtest1 WHERE id BETWEEN 6376253 AND 6377252
	-> Aggregate: sum(sbtest1.k)  (cost=794 rows=1)
    -> Filter: (sbtest1.id between 6376253 and 6377252)  (cost=371 rows=1838)
        -> Index range scan on sbtest1 using PRIMARY over (6376253 <= id <= 6377252)  (cost=371 rows=1838)


table 2 : explain SELECT SUM(k) FROM sbtest2 WHERE id BETWEEN 5413582 AND 5414581
	-> Aggregate: sum(sbtest2.k)  (cost=809 rows=1)
    -> Filter: (sbtest2.id between 5413582 and 5414581)  (cost=378 rows=1872)
        -> Index range scan on sbtest2 using PRIMARY over (5413582 <= id <= 5414581)  (cost=378 rows=1872)


table 3 : explain SELECT SUM(k) FROM sbtest3 WHERE id BETWEEN 9043497 AND 9044496
	-> Aggregate: sum(sbtest3.k)  (cost=809 rows=1)
    -> Filter: (sbtest3.id between 9043497 and 9044496)  (cost=378 rows=1872)
        -> Index range scan on sbtest3 using PRIMARY over (9043497 <= id <= 9044496)  (cost=378 rows=1872)


table 4 : explain SELECT SUM(k) FROM sbtest4 WHERE id BETWEEN 4041205 AND 4042204
	-> Aggregate: sum(sbtest4.k)  (cost=794 rows=1)
    -> Filter: (sbtest4.id between 4041205 and 4042204)  (cost=371 rows=1838)
        -> Index range scan on sbtest4 using PRIMARY over (4041205 <= id <= 4042204)  (cost=371 rows=1838)


table 5 : explain SELECT SUM(k) FROM sbtest5 WHERE id BETWEEN 2787232 AND 2788231
	-> Aggregate: sum(sbtest5.k)  (cost=794 rows=1)
    -> Filter: (sbtest5.id between 2787232 and 2788231)  (cost=371 rows=1838)
        -> Index range scan on sbtest5 using PRIMARY over (2787232 <= id <= 2788231)  (cost=371 rows=1838)


table 6 : explain SELECT SUM(k) FROM sbtest6 WHERE id BETWEEN 1961490 AND 1962489
	-> Aggregate: sum(sbtest6.k)  (cost=809 rows=1)
    -> Filter: (sbtest6.id between 1961490 and 1962489)  (cost=378 rows=1872)
        -> Index range scan on sbtest6 using PRIMARY over (1961490 <= id <= 1962489)  (cost=378 rows=1872)


table 7 : explain SELECT SUM(k) FROM sbtest7 WHERE id BETWEEN 5526630 AND 5527629
	-> Aggregate: sum(sbtest7.k)  (cost=794 rows=1)
    -> Filter: (sbtest7.id between 5526630 and 5527629)  (cost=371 rows=1838)
        -> Index range scan on sbtest7 using PRIMARY over (5526630 <= id <= 5527629)  (cost=371 rows=1838)


table 8 : explain SELECT SUM(k) FROM sbtest8 WHERE id BETWEEN 3469437 AND 3470436
	-> Aggregate: sum(sbtest8.k)  (cost=809 rows=1)
    -> Filter: (sbtest8.id between 3469437 and 3470436)  (cost=378 rows=1872)
        -> Index range scan on sbtest8 using PRIMARY over (3469437 <= id <= 3470436)  (cost=378 rows=1872)


for: simple_ranges
table 1 : explain SELECT c FROM sbtest1 WHERE id BETWEEN 9373278 AND 9374277
	-> Filter: (sbtest1.id between 9373278 and 9374277)  (cost=371 rows=1838)
    -> Index range scan on sbtest1 using PRIMARY over (9373278 <= id <= 9374277)  (cost=371 rows=1838)


table 2 : explain SELECT c FROM sbtest2 WHERE id BETWEEN 6667305 AND 6668304
	-> Filter: (sbtest2.id between 6667305 and 6668304)  (cost=371 rows=1838)
    -> Index range scan on sbtest2 using PRIMARY over (6667305 <= id <= 6668304)  (cost=371 rows=1838)


table 3 : explain SELECT c FROM sbtest3 WHERE id BETWEEN 9440674 AND 9441673
	-> Filter: (sbtest3.id between 9440674 and 9441673)  (cost=371 rows=1838)
    -> Index range scan on sbtest3 using PRIMARY over (9440674 <= id <= 9441673)  (cost=371 rows=1838)


table 4 : explain SELECT c FROM sbtest4 WHERE id BETWEEN 3728046 AND 3729045
	-> Filter: (sbtest4.id between 3728046 and 3729045)  (cost=371 rows=1838)
    -> Index range scan on sbtest4 using PRIMARY over (3728046 <= id <= 3729045)  (cost=371 rows=1838)


table 5 : explain SELECT c FROM sbtest5 WHERE id BETWEEN 860997 AND 861996
	-> Filter: (sbtest5.id between 860997 and 861996)  (cost=371 rows=1838)
    -> Index range scan on sbtest5 using PRIMARY over (860997 <= id <= 861996)  (cost=371 rows=1838)


table 6 : explain SELECT c FROM sbtest6 WHERE id BETWEEN 5813245 AND 5814244
	-> Filter: (sbtest6.id between 5813245 and 5814244)  (cost=371 rows=1838)
    -> Index range scan on sbtest6 using PRIMARY over (5813245 <= id <= 5814244)  (cost=371 rows=1838)


table 7 : explain SELECT c FROM sbtest7 WHERE id BETWEEN 6315664 AND 6316663
	-> Filter: (sbtest7.id between 6315664 and 6316663)  (cost=371 rows=1838)
    -> Index range scan on sbtest7 using PRIMARY over (6315664 <= id <= 6316663)  (cost=371 rows=1838)


table 8 : explain SELECT c FROM sbtest8 WHERE id BETWEEN 9935163 AND 9936162
	-> Filter: (sbtest8.id between 9935163 and 9936162)  (cost=371 rows=1838)
    -> Index range scan on sbtest8 using PRIMARY over (9935163 <= id <= 9936162)  (cost=371 rows=1838)


for: simple_ranges
table 1 : explain SELECT c FROM sbtest1 WHERE id BETWEEN 8091945 AND 8092944
	-> Filter: (sbtest1.id between 8091945 and 8092944)  (cost=378 rows=1872)
    -> Index range scan on sbtest1 using PRIMARY over (8091945 <= id <= 8092944)  (cost=378 rows=1872)


table 2 : explain SELECT c FROM sbtest2 WHERE id BETWEEN 8052704 AND 8053703
	-> Filter: (sbtest2.id between 8052704 and 8053703)  (cost=371 rows=1838)
    -> Index range scan on sbtest2 using PRIMARY over (8052704 <= id <= 8053703)  (cost=371 rows=1838)


table 3 : explain SELECT c FROM sbtest3 WHERE id BETWEEN 4179828 AND 4180827
	-> Filter: (sbtest3.id between 4179828 and 4180827)  (cost=371 rows=1838)
    -> Index range scan on sbtest3 using PRIMARY over (4179828 <= id <= 4180827)  (cost=371 rows=1838)


table 4 : explain SELECT c FROM sbtest4 WHERE id BETWEEN 8082011 AND 8083010
	-> Filter: (sbtest4.id between 8082011 and 8083010)  (cost=371 rows=1838)
    -> Index range scan on sbtest4 using PRIMARY over (8082011 <= id <= 8083010)  (cost=371 rows=1838)


table 5 : explain SELECT c FROM sbtest5 WHERE id BETWEEN 744381 AND 745380
	-> Filter: (sbtest5.id between 744381 and 745380)  (cost=371 rows=1838)
    -> Index range scan on sbtest5 using PRIMARY over (744381 <= id <= 745380)  (cost=371 rows=1838)


table 6 : explain SELECT c FROM sbtest6 WHERE id BETWEEN 1726413 AND 1727412
	-> Filter: (sbtest6.id between 1726413 and 1727412)  (cost=371 rows=1838)
    -> Index range scan on sbtest6 using PRIMARY over (1726413 <= id <= 1727412)  (cost=371 rows=1838)


table 7 : explain SELECT c FROM sbtest7 WHERE id BETWEEN 2423236 AND 2424235
	-> Filter: (sbtest7.id between 2423236 and 2424235)  (cost=371 rows=1838)
    -> Index range scan on sbtest7 using PRIMARY over (2423236 <= id <= 2424235)  (cost=371 rows=1838)


table 8 : explain SELECT c FROM sbtest8 WHERE id BETWEEN 6268198 AND 6269197
	-> Filter: (sbtest8.id between 6268198 and 6269197)  (cost=378 rows=1872)
    -> Index range scan on sbtest8 using PRIMARY over (6268198 <= id <= 6269197)  (cost=378 rows=1872)


for: sum_ranges
table 1 : explain SELECT SUM(k) FROM sbtest1 WHERE id BETWEEN 5927416 AND 5928415
	-> Aggregate: sum(sbtest1.k)  (cost=794 rows=1)
    -> Filter: (sbtest1.id between 5927416 and 5928415)  (cost=371 rows=1838)
        -> Index range scan on sbtest1 using PRIMARY over (5927416 <= id <= 5928415)  (cost=371 rows=1838)


table 2 : explain SELECT SUM(k) FROM sbtest2 WHERE id BETWEEN 4374661 AND 4375660
	-> Aggregate: sum(sbtest2.k)  (cost=794 rows=1)
    -> Filter: (sbtest2.id between 4374661 and 4375660)  (cost=371 rows=1838)
        -> Index range scan on sbtest2 using PRIMARY over (4374661 <= id <= 4375660)  (cost=371 rows=1838)


table 3 : explain SELECT SUM(k) FROM sbtest3 WHERE id BETWEEN 6746620 AND 6747619
	-> Aggregate: sum(sbtest3.k)  (cost=794 rows=1)
    -> Filter: (sbtest3.id between 6746620 and 6747619)  (cost=371 rows=1838)
        -> Index range scan on sbtest3 using PRIMARY over (6746620 <= id <= 6747619)  (cost=371 rows=1838)


table 4 : explain SELECT SUM(k) FROM sbtest4 WHERE id BETWEEN 8171658 AND 8172657
	-> Aggregate: sum(sbtest4.k)  (cost=809 rows=1)
    -> Filter: (sbtest4.id between 8171658 and 8172657)  (cost=378 rows=1872)
        -> Index range scan on sbtest4 using PRIMARY over (8171658 <= id <= 8172657)  (cost=378 rows=1872)


table 5 : explain SELECT SUM(k) FROM sbtest5 WHERE id BETWEEN 4067078 AND 4068077
	-> Aggregate: sum(sbtest5.k)  (cost=794 rows=1)
    -> Filter: (sbtest5.id between 4067078 and 4068077)  (cost=371 rows=1838)
        -> Index range scan on sbtest5 using PRIMARY over (4067078 <= id <= 4068077)  (cost=371 rows=1838)


table 6 : explain SELECT SUM(k) FROM sbtest6 WHERE id BETWEEN 4631820 AND 4632819
	-> Aggregate: sum(sbtest6.k)  (cost=809 rows=1)
    -> Filter: (sbtest6.id between 4631820 and 4632819)  (cost=378 rows=1872)
        -> Index range scan on sbtest6 using PRIMARY over (4631820 <= id <= 4632819)  (cost=378 rows=1872)


table 7 : explain SELECT SUM(k) FROM sbtest7 WHERE id BETWEEN 6216742 AND 6217741
	-> Aggregate: sum(sbtest7.k)  (cost=794 rows=1)
    -> Filter: (sbtest7.id between 6216742 and 6217741)  (cost=371 rows=1838)
        -> Index range scan on sbtest7 using PRIMARY over (6216742 <= id <= 6217741)  (cost=371 rows=1838)


table 8 : explain SELECT SUM(k) FROM sbtest8 WHERE id BETWEEN 3691797 AND 3692796
	-> Aggregate: sum(sbtest8.k)  (cost=809 rows=1)
    -> Filter: (sbtest8.id between 3691797 and 3692796)  (cost=378 rows=1872)
        -> Index range scan on sbtest8 using PRIMARY over (3691797 <= id <= 3692796)  (cost=378 rows=1872)


for: simple_ranges
table 1 : explain SELECT c FROM sbtest1 WHERE id BETWEEN 6222221 AND 6223220
	-> Filter: (sbtest1.id between 6222221 and 6223220)  (cost=371 rows=1838)
    -> Index range scan on sbtest1 using PRIMARY over (6222221 <= id <= 6223220)  (cost=371 rows=1838)


table 2 : explain SELECT c FROM sbtest2 WHERE id BETWEEN 567300 AND 568299
	-> Filter: (sbtest2.id between 567300 and 568299)  (cost=371 rows=1838)
    -> Index range scan on sbtest2 using PRIMARY over (567300 <= id <= 568299)  (cost=371 rows=1838)


table 3 : explain SELECT c FROM sbtest3 WHERE id BETWEEN 1485520 AND 1486519
	-> Filter: (sbtest3.id between 1485520 and 1486519)  (cost=378 rows=1872)
    -> Index range scan on sbtest3 using PRIMARY over (1485520 <= id <= 1486519)  (cost=378 rows=1872)


table 4 : explain SELECT c FROM sbtest4 WHERE id BETWEEN 1291757 AND 1292756
	-> Filter: (sbtest4.id between 1291757 and 1292756)  (cost=371 rows=1838)
    -> Index range scan on sbtest4 using PRIMARY over (1291757 <= id <= 1292756)  (cost=371 rows=1838)


table 5 : explain SELECT c FROM sbtest5 WHERE id BETWEEN 2633712 AND 2634711
	-> Filter: (sbtest5.id between 2633712 and 2634711)  (cost=371 rows=1838)
    -> Index range scan on sbtest5 using PRIMARY over (2633712 <= id <= 2634711)  (cost=371 rows=1838)


table 6 : explain SELECT c FROM sbtest6 WHERE id BETWEEN 4198369 AND 4199368
	-> Filter: (sbtest6.id between 4198369 and 4199368)  (cost=371 rows=1838)
    -> Index range scan on sbtest6 using PRIMARY over (4198369 <= id <= 4199368)  (cost=371 rows=1838)


table 7 : explain SELECT c FROM sbtest7 WHERE id BETWEEN 2362118 AND 2363117
	-> Filter: (sbtest7.id between 2362118 and 2363117)  (cost=378 rows=1872)
    -> Index range scan on sbtest7 using PRIMARY over (2362118 <= id <= 2363117)  (cost=378 rows=1872)


table 8 : explain SELECT c FROM sbtest8 WHERE id BETWEEN 5091278 AND 5092277
	-> Filter: (sbtest8.id between 5091278 and 5092277)  (cost=378 rows=1872)
    -> Index range scan on sbtest8 using PRIMARY over (5091278 <= id <= 5092277)  (cost=378 rows=1872)


for: sum_ranges
table 1 : explain SELECT SUM(k) FROM sbtest1 WHERE id BETWEEN 4996780 AND 4997779
	-> Aggregate: sum(sbtest1.k)  (cost=794 rows=1)
    -> Filter: (sbtest1.id between 4996780 and 4997779)  (cost=371 rows=1838)
        -> Index range scan on sbtest1 using PRIMARY over (4996780 <= id <= 4997779)  (cost=371 rows=1838)


table 2 : explain SELECT SUM(k) FROM sbtest2 WHERE id BETWEEN 2949382 AND 2950381
	-> Aggregate: sum(sbtest2.k)  (cost=794 rows=1)
    -> Filter: (sbtest2.id between 2949382 and 2950381)  (cost=371 rows=1838)
        -> Index range scan on sbtest2 using PRIMARY over (2949382 <= id <= 2950381)  (cost=371 rows=1838)


table 3 : explain SELECT SUM(k) FROM sbtest3 WHERE id BETWEEN 9357860 AND 9358859
	-> Aggregate: sum(sbtest3.k)  (cost=794 rows=1)
    -> Filter: (sbtest3.id between 9357860 and 9358859)  (cost=371 rows=1838)
        -> Index range scan on sbtest3 using PRIMARY over (9357860 <= id <= 9358859)  (cost=371 rows=1838)


table 4 : explain SELECT SUM(k) FROM sbtest4 WHERE id BETWEEN 6486999 AND 6487998
	-> Aggregate: sum(sbtest4.k)  (cost=794 rows=1)
    -> Filter: (sbtest4.id between 6486999 and 6487998)  (cost=371 rows=1838)
        -> Index range scan on sbtest4 using PRIMARY over (6486999 <= id <= 6487998)  (cost=371 rows=1838)


table 5 : explain SELECT SUM(k) FROM sbtest5 WHERE id BETWEEN 6923984 AND 6924983
	-> Aggregate: sum(sbtest5.k)  (cost=794 rows=1)
    -> Filter: (sbtest5.id between 6923984 and 6924983)  (cost=371 rows=1838)
        -> Index range scan on sbtest5 using PRIMARY over (6923984 <= id <= 6924983)  (cost=371 rows=1838)


table 6 : explain SELECT SUM(k) FROM sbtest6 WHERE id BETWEEN 3897581 AND 3898580
	-> Aggregate: sum(sbtest6.k)  (cost=809 rows=1)
    -> Filter: (sbtest6.id between 3897581 and 3898580)  (cost=378 rows=1872)
        -> Index range scan on sbtest6 using PRIMARY over (3897581 <= id <= 3898580)  (cost=378 rows=1872)


table 7 : explain SELECT SUM(k) FROM sbtest7 WHERE id BETWEEN 9387563 AND 9388562
	-> Aggregate: sum(sbtest7.k)  (cost=809 rows=1)
    -> Filter: (sbtest7.id between 9387563 and 9388562)  (cost=378 rows=1872)
        -> Index range scan on sbtest7 using PRIMARY over (9387563 <= id <= 9388562)  (cost=378 rows=1872)


table 8 : explain SELECT SUM(k) FROM sbtest8 WHERE id BETWEEN 5800162 AND 5801161
	-> Aggregate: sum(sbtest8.k)  (cost=794 rows=1)
    -> Filter: (sbtest8.id between 5800162 and 5801161)  (cost=371 rows=1838)
        -> Index range scan on sbtest8 using PRIMARY over (5800162 <= id <= 5801161)  (cost=371 rows=1838)


for: sum_ranges
table 1 : explain SELECT SUM(k) FROM sbtest1 WHERE id BETWEEN 8562 AND 9561
	-> Aggregate: sum(sbtest1.k)  (cost=794 rows=1)
    -> Filter: (sbtest1.id between 8562 and 9561)  (cost=371 rows=1838)
        -> Index range scan on sbtest1 using PRIMARY over (8562 <= id <= 9561)  (cost=371 rows=1838)


table 2 : explain SELECT SUM(k) FROM sbtest2 WHERE id BETWEEN 4713814 AND 4714813
	-> Aggregate: sum(sbtest2.k)  (cost=809 rows=1)
    -> Filter: (sbtest2.id between 4713814 and 4714813)  (cost=378 rows=1872)
        -> Index range scan on sbtest2 using PRIMARY over (4713814 <= id <= 4714813)  (cost=378 rows=1872)


table 3 : explain SELECT SUM(k) FROM sbtest3 WHERE id BETWEEN 966670 AND 967669
	-> Aggregate: sum(sbtest3.k)  (cost=794 rows=1)
    -> Filter: (sbtest3.id between 966670 and 967669)  (cost=371 rows=1838)
        -> Index range scan on sbtest3 using PRIMARY over (966670 <= id <= 967669)  (cost=371 rows=1838)


table 4 : explain SELECT SUM(k) FROM sbtest4 WHERE id BETWEEN 3524435 AND 3525434
	-> Aggregate: sum(sbtest4.k)  (cost=794 rows=1)
    -> Filter: (sbtest4.id between 3524435 and 3525434)  (cost=371 rows=1838)
        -> Index range scan on sbtest4 using PRIMARY over (3524435 <= id <= 3525434)  (cost=371 rows=1838)


table 5 : explain SELECT SUM(k) FROM sbtest5 WHERE id BETWEEN 6316716 AND 6317715
	-> Aggregate: sum(sbtest5.k)  (cost=794 rows=1)
    -> Filter: (sbtest5.id between 6316716 and 6317715)  (cost=371 rows=1838)
        -> Index range scan on sbtest5 using PRIMARY over (6316716 <= id <= 6317715)  (cost=371 rows=1838)


table 6 : explain SELECT SUM(k) FROM sbtest6 WHERE id BETWEEN 9374303 AND 9375302
	-> Aggregate: sum(sbtest6.k)  (cost=794 rows=1)
    -> Filter: (sbtest6.id between 9374303 and 9375302)  (cost=371 rows=1838)
        -> Index range scan on sbtest6 using PRIMARY over (9374303 <= id <= 9375302)  (cost=371 rows=1838)


table 7 : explain SELECT SUM(k) FROM sbtest7 WHERE id BETWEEN 1837408 AND 1838407
	-> Aggregate: sum(sbtest7.k)  (cost=794 rows=1)
    -> Filter: (sbtest7.id between 1837408 and 1838407)  (cost=371 rows=1838)
        -> Index range scan on sbtest7 using PRIMARY over (1837408 <= id <= 1838407)  (cost=371 rows=1838)


table 8 : explain SELECT SUM(k) FROM sbtest8 WHERE id BETWEEN 9385312 AND 9386311
	-> Aggregate: sum(sbtest8.k)  (cost=794 rows=1)
    -> Filter: (sbtest8.id between 9385312 and 9386311)  (cost=371 rows=1838)
        -> Index range scan on sbtest8 using PRIMARY over (9385312 <= id <= 9386311)  (cost=371 rows=1838)


for: simple_ranges
table 1 : explain SELECT c FROM sbtest1 WHERE id BETWEEN 4246562 AND 4247561
	-> Filter: (sbtest1.id between 4246562 and 4247561)  (cost=371 rows=1838)
    -> Index range scan on sbtest1 using PRIMARY over (4246562 <= id <= 4247561)  (cost=371 rows=1838)


table 2 : explain SELECT c FROM sbtest2 WHERE id BETWEEN 8797558 AND 8798557
	-> Filter: (sbtest2.id between 8797558 and 8798557)  (cost=371 rows=1838)
    -> Index range scan on sbtest2 using PRIMARY over (8797558 <= id <= 8798557)  (cost=371 rows=1838)


table 3 : explain SELECT c FROM sbtest3 WHERE id BETWEEN 1820485 AND 1821484
	-> Filter: (sbtest3.id between 1820485 and 1821484)  (cost=371 rows=1838)
    -> Index range scan on sbtest3 using PRIMARY over (1820485 <= id <= 1821484)  (cost=371 rows=1838)


table 4 : explain SELECT c FROM sbtest4 WHERE id BETWEEN 2510288 AND 2511287
	-> Filter: (sbtest4.id between 2510288 and 2511287)  (cost=371 rows=1840)
    -> Index range scan on sbtest4 using PRIMARY over (2510288 <= id <= 2511287)  (cost=371 rows=1840)


table 5 : explain SELECT c FROM sbtest5 WHERE id BETWEEN 4786235 AND 4787234
	-> Filter: (sbtest5.id between 4786235 and 4787234)  (cost=371 rows=1838)
    -> Index range scan on sbtest5 using PRIMARY over (4786235 <= id <= 4787234)  (cost=371 rows=1838)


table 6 : explain SELECT c FROM sbtest6 WHERE id BETWEEN 3257522 AND 3258521
	-> Filter: (sbtest6.id between 3257522 and 3258521)  (cost=378 rows=1872)
    -> Index range scan on sbtest6 using PRIMARY over (3257522 <= id <= 3258521)  (cost=378 rows=1872)


table 7 : explain SELECT c FROM sbtest7 WHERE id BETWEEN 7975954 AND 7976953
	-> Filter: (sbtest7.id between 7975954 and 7976953)  (cost=378 rows=1872)
    -> Index range scan on sbtest7 using PRIMARY over (7975954 <= id <= 7976953)  (cost=378 rows=1872)


table 8 : explain SELECT c FROM sbtest8 WHERE id BETWEEN 1012901 AND 1013900
	-> Filter: (sbtest8.id between 1012901 and 1013900)  (cost=371 rows=1838)
    -> Index range scan on sbtest8 using PRIMARY over (1012901 <= id <= 1013900)  (cost=371 rows=1838)


for: simple_ranges
table 1 : explain SELECT c FROM sbtest1 WHERE id BETWEEN 2271455 AND 2272454
	-> Filter: (sbtest1.id between 2271455 and 2272454)  (cost=371 rows=1838)
    -> Index range scan on sbtest1 using PRIMARY over (2271455 <= id <= 2272454)  (cost=371 rows=1838)


table 2 : explain SELECT c FROM sbtest2 WHERE id BETWEEN 9472945 AND 9473944
	-> Filter: (sbtest2.id between 9472945 and 9473944)  (cost=371 rows=1838)
    -> Index range scan on sbtest2 using PRIMARY over (9472945 <= id <= 9473944)  (cost=371 rows=1838)


table 3 : explain SELECT c FROM sbtest3 WHERE id BETWEEN 8019854 AND 8020853
	-> Filter: (sbtest3.id between 8019854 and 8020853)  (cost=371 rows=1838)
    -> Index range scan on sbtest3 using PRIMARY over (8019854 <= id <= 8020853)  (cost=371 rows=1838)


table 4 : explain SELECT c FROM sbtest4 WHERE id BETWEEN 9385894 AND 9386893
	-> Filter: (sbtest4.id between 9385894 and 9386893)  (cost=371 rows=1838)
    -> Index range scan on sbtest4 using PRIMARY over (9385894 <= id <= 9386893)  (cost=371 rows=1838)


table 5 : explain SELECT c FROM sbtest5 WHERE id BETWEEN 1676981 AND 1677980
	-> Filter: (sbtest5.id between 1676981 and 1677980)  (cost=371 rows=1838)
    -> Index range scan on sbtest5 using PRIMARY over (1676981 <= id <= 1677980)  (cost=371 rows=1838)


table 6 : explain SELECT c FROM sbtest6 WHERE id BETWEEN 8177666 AND 8178665
	-> Filter: (sbtest6.id between 8177666 and 8178665)  (cost=371 rows=1838)
    -> Index range scan on sbtest6 using PRIMARY over (8177666 <= id <= 8178665)  (cost=371 rows=1838)


table 7 : explain SELECT c FROM sbtest7 WHERE id BETWEEN 3960674 AND 3961673
	-> Filter: (sbtest7.id between 3960674 and 3961673)  (cost=378 rows=1872)
    -> Index range scan on sbtest7 using PRIMARY over (3960674 <= id <= 3961673)  (cost=378 rows=1872)


table 8 : explain SELECT c FROM sbtest8 WHERE id BETWEEN 3942010 AND 3943009
	-> Filter: (sbtest8.id between 3942010 and 3943009)  (cost=371 rows=1838)
    -> Index range scan on sbtest8 using PRIMARY over (3942010 <= id <= 3943009)  (cost=371 rows=1838)


for: simple_ranges
table 1 : explain SELECT c FROM sbtest1 WHERE id BETWEEN 8287305 AND 8288304
	-> Filter: (sbtest1.id between 8287305 and 8288304)  (cost=378 rows=1872)
    -> Index range scan on sbtest1 using PRIMARY over (8287305 <= id <= 8288304)  (cost=378 rows=1872)


table 2 : explain SELECT c FROM sbtest2 WHERE id BETWEEN 3824038 AND 3825037
	-> Filter: (sbtest2.id between 3824038 and 3825037)  (cost=371 rows=1838)
    -> Index range scan on sbtest2 using PRIMARY over (3824038 <= id <= 3825037)  (cost=371 rows=1838)


table 3 : explain SELECT c FROM sbtest3 WHERE id BETWEEN 9487027 AND 9488026
	-> Filter: (sbtest3.id between 9487027 and 9488026)  (cost=371 rows=1838)
    -> Index range scan on sbtest3 using PRIMARY over (9487027 <= id <= 9488026)  (cost=371 rows=1838)


table 4 : explain SELECT c FROM sbtest4 WHERE id BETWEEN 7263640 AND 7264639
	-> Filter: (sbtest4.id between 7263640 and 7264639)  (cost=371 rows=1838)
    -> Index range scan on sbtest4 using PRIMARY over (7263640 <= id <= 7264639)  (cost=371 rows=1838)


table 5 : explain SELECT c FROM sbtest5 WHERE id BETWEEN 2699247 AND 2700246
	-> Filter: (sbtest5.id between 2699247 and 2700246)  (cost=371 rows=1838)
    -> Index range scan on sbtest5 using PRIMARY over (2699247 <= id <= 2700246)  (cost=371 rows=1838)


table 6 : explain SELECT c FROM sbtest6 WHERE id BETWEEN 2770484 AND 2771483
	-> Filter: (sbtest6.id between 2770484 and 2771483)  (cost=371 rows=1838)
    -> Index range scan on sbtest6 using PRIMARY over (2770484 <= id <= 2771483)  (cost=371 rows=1838)


table 7 : explain SELECT c FROM sbtest7 WHERE id BETWEEN 3768033 AND 3769032
	-> Filter: (sbtest7.id between 3768033 and 3769032)  (cost=371 rows=1838)
    -> Index range scan on sbtest7 using PRIMARY over (3768033 <= id <= 3769032)  (cost=371 rows=1838)


table 8 : explain SELECT c FROM sbtest8 WHERE id BETWEEN 1647690 AND 1648689
	-> Filter: (sbtest8.id between 1647690 and 1648689)  (cost=371 rows=1838)
    -> Index range scan on sbtest8 using PRIMARY over (1647690 <= id <= 1648689)  (cost=371 rows=1838)


for: simple_ranges
table 1 : explain SELECT c FROM sbtest1 WHERE id BETWEEN 8270134 AND 8271133
	-> Filter: (sbtest1.id between 8270134 and 8271133)  (cost=371 rows=1840)
    -> Index range scan on sbtest1 using PRIMARY over (8270134 <= id <= 8271133)  (cost=371 rows=1840)


table 2 : explain SELECT c FROM sbtest2 WHERE id BETWEEN 6484536 AND 6485535
	-> Filter: (sbtest2.id between 6484536 and 6485535)  (cost=371 rows=1838)
    -> Index range scan on sbtest2 using PRIMARY over (6484536 <= id <= 6485535)  (cost=371 rows=1838)


table 3 : explain SELECT c FROM sbtest3 WHERE id BETWEEN 4164060 AND 4165059
	-> Filter: (sbtest3.id between 4164060 and 4165059)  (cost=371 rows=1838)
    -> Index range scan on sbtest3 using PRIMARY over (4164060 <= id <= 4165059)  (cost=371 rows=1838)


table 4 : explain SELECT c FROM sbtest4 WHERE id BETWEEN 9895731 AND 9896730
	-> Filter: (sbtest4.id between 9895731 and 9896730)  (cost=371 rows=1838)
    -> Index range scan on sbtest4 using PRIMARY over (9895731 <= id <= 9896730)  (cost=371 rows=1838)


table 5 : explain SELECT c FROM sbtest5 WHERE id BETWEEN 8698422 AND 8699421
	-> Filter: (sbtest5.id between 8698422 and 8699421)  (cost=371 rows=1838)
    -> Index range scan on sbtest5 using PRIMARY over (8698422 <= id <= 8699421)  (cost=371 rows=1838)


table 6 : explain SELECT c FROM sbtest6 WHERE id BETWEEN 660235 AND 661234
	-> Filter: (sbtest6.id between 660235 and 661234)  (cost=371 rows=1838)
    -> Index range scan on sbtest6 using PRIMARY over (660235 <= id <= 661234)  (cost=371 rows=1838)


table 7 : explain SELECT c FROM sbtest7 WHERE id BETWEEN 7834449 AND 7835448
	-> Filter: (sbtest7.id between 7834449 and 7835448)  (cost=371 rows=1838)
    -> Index range scan on sbtest7 using PRIMARY over (7834449 <= id <= 7835448)  (cost=371 rows=1838)


table 8 : explain SELECT c FROM sbtest8 WHERE id BETWEEN 4590957 AND 4591956
	-> Filter: (sbtest8.id between 4590957 and 4591956)  (cost=371 rows=1838)
    -> Index range scan on sbtest8 using PRIMARY over (4590957 <= id <= 4591956)  (cost=371 rows=1838)


for: sum_ranges
table 1 : explain SELECT SUM(k) FROM sbtest1 WHERE id BETWEEN 1175438 AND 1176437
	-> Aggregate: sum(sbtest1.k)  (cost=794 rows=1)
    -> Filter: (sbtest1.id between 1175438 and 1176437)  (cost=371 rows=1838)
        -> Index range scan on sbtest1 using PRIMARY over (1175438 <= id <= 1176437)  (cost=371 rows=1838)


table 2 : explain SELECT SUM(k) FROM sbtest2 WHERE id BETWEEN 8838556 AND 8839555
	-> Aggregate: sum(sbtest2.k)  (cost=794 rows=1)
    -> Filter: (sbtest2.id between 8838556 and 8839555)  (cost=371 rows=1838)
        -> Index range scan on sbtest2 using PRIMARY over (8838556 <= id <= 8839555)  (cost=371 rows=1838)


table 3 : explain SELECT SUM(k) FROM sbtest3 WHERE id BETWEEN 7614954 AND 7615953
	-> Aggregate: sum(sbtest3.k)  (cost=794 rows=1)
    -> Filter: (sbtest3.id between 7614954 and 7615953)  (cost=371 rows=1838)
        -> Index range scan on sbtest3 using PRIMARY over (7614954 <= id <= 7615953)  (cost=371 rows=1838)


table 4 : explain SELECT SUM(k) FROM sbtest4 WHERE id BETWEEN 698303 AND 699302
	-> Aggregate: sum(sbtest4.k)  (cost=809 rows=1)
    -> Filter: (sbtest4.id between 698303 and 699302)  (cost=378 rows=1872)
        -> Index range scan on sbtest4 using PRIMARY over (698303 <= id <= 699302)  (cost=378 rows=1872)


table 5 : explain SELECT SUM(k) FROM sbtest5 WHERE id BETWEEN 8724914 AND 8725913
	-> Aggregate: sum(sbtest5.k)  (cost=794 rows=1)
    -> Filter: (sbtest5.id between 8724914 and 8725913)  (cost=371 rows=1838)
        -> Index range scan on sbtest5 using PRIMARY over (8724914 <= id <= 8725913)  (cost=371 rows=1838)


table 6 : explain SELECT SUM(k) FROM sbtest6 WHERE id BETWEEN 8451025 AND 8452024
	-> Aggregate: sum(sbtest6.k)  (cost=794 rows=1)
    -> Filter: (sbtest6.id between 8451025 and 8452024)  (cost=371 rows=1838)
        -> Index range scan on sbtest6 using PRIMARY over (8451025 <= id <= 8452024)  (cost=371 rows=1838)


table 7 : explain SELECT SUM(k) FROM sbtest7 WHERE id BETWEEN 1317072 AND 1318071
	-> Aggregate: sum(sbtest7.k)  (cost=794 rows=1)
    -> Filter: (sbtest7.id between 1317072 and 1318071)  (cost=371 rows=1838)
        -> Index range scan on sbtest7 using PRIMARY over (1317072 <= id <= 1318071)  (cost=371 rows=1838)


table 8 : explain SELECT SUM(k) FROM sbtest8 WHERE id BETWEEN 9970014 AND 9971013
	-> Aggregate: sum(sbtest8.k)  (cost=809 rows=1)
    -> Filter: (sbtest8.id between 9970014 and 9971013)  (cost=378 rows=1872)
        -> Index range scan on sbtest8 using PRIMARY over (9970014 <= id <= 9971013)  (cost=378 rows=1872)


for: simple_ranges
table 1 : explain SELECT c FROM sbtest1 WHERE id BETWEEN 877777 AND 878776
	-> Filter: (sbtest1.id between 877777 and 878776)  (cost=371 rows=1838)
    -> Index range scan on sbtest1 using PRIMARY over (877777 <= id <= 878776)  (cost=371 rows=1838)


table 2 : explain SELECT c FROM sbtest2 WHERE id BETWEEN 9331490 AND 9332489
	-> Filter: (sbtest2.id between 9331490 and 9332489)  (cost=378 rows=1872)
    -> Index range scan on sbtest2 using PRIMARY over (9331490 <= id <= 9332489)  (cost=378 rows=1872)


table 3 : explain SELECT c FROM sbtest3 WHERE id BETWEEN 1007951 AND 1008950
	-> Filter: (sbtest3.id between 1007951 and 1008950)  (cost=378 rows=1872)
    -> Index range scan on sbtest3 using PRIMARY over (1007951 <= id <= 1008950)  (cost=378 rows=1872)


table 4 : explain SELECT c FROM sbtest4 WHERE id BETWEEN 2763400 AND 2764399
	-> Filter: (sbtest4.id between 2763400 and 2764399)  (cost=378 rows=1872)
    -> Index range scan on sbtest4 using PRIMARY over (2763400 <= id <= 2764399)  (cost=378 rows=1872)


table 5 : explain SELECT c FROM sbtest5 WHERE id BETWEEN 8940864 AND 8941863
	-> Filter: (sbtest5.id between 8940864 and 8941863)  (cost=378 rows=1872)
    -> Index range scan on sbtest5 using PRIMARY over (8940864 <= id <= 8941863)  (cost=378 rows=1872)


table 6 : explain SELECT c FROM sbtest6 WHERE id BETWEEN 8196423 AND 8197422
	-> Filter: (sbtest6.id between 8196423 and 8197422)  (cost=378 rows=1872)
    -> Index range scan on sbtest6 using PRIMARY over (8196423 <= id <= 8197422)  (cost=378 rows=1872)


table 7 : explain SELECT c FROM sbtest7 WHERE id BETWEEN 28690 AND 29689
	-> Filter: (sbtest7.id between 28690 and 29689)  (cost=371 rows=1838)
    -> Index range scan on sbtest7 using PRIMARY over (28690 <= id <= 29689)  (cost=371 rows=1838)


table 8 : explain SELECT c FROM sbtest8 WHERE id BETWEEN 8512043 AND 8513042
	-> Filter: (sbtest8.id between 8512043 and 8513042)  (cost=371 rows=1838)
    -> Index range scan on sbtest8 using PRIMARY over (8512043 <= id <= 8513042)  (cost=371 rows=1838)


for: simple_ranges
table 1 : explain SELECT c FROM sbtest1 WHERE id BETWEEN 6369357 AND 6370356
	-> Filter: (sbtest1.id between 6369357 and 6370356)  (cost=371 rows=1838)
    -> Index range scan on sbtest1 using PRIMARY over (6369357 <= id <= 6370356)  (cost=371 rows=1838)


table 2 : explain SELECT c FROM sbtest2 WHERE id BETWEEN 3677423 AND 3678422
	-> Filter: (sbtest2.id between 3677423 and 3678422)  (cost=378 rows=1872)
    -> Index range scan on sbtest2 using PRIMARY over (3677423 <= id <= 3678422)  (cost=378 rows=1872)


table 3 : explain SELECT c FROM sbtest3 WHERE id BETWEEN 7175364 AND 7176363
	-> Filter: (sbtest3.id between 7175364 and 7176363)  (cost=378 rows=1872)
    -> Index range scan on sbtest3 using PRIMARY over (7175364 <= id <= 7176363)  (cost=378 rows=1872)


table 4 : explain SELECT c FROM sbtest4 WHERE id BETWEEN 5643693 AND 5644692
	-> Filter: (sbtest4.id between 5643693 and 5644692)  (cost=371 rows=1838)
    -> Index range scan on sbtest4 using PRIMARY over (5643693 <= id <= 5644692)  (cost=371 rows=1838)


table 5 : explain SELECT c FROM sbtest5 WHERE id BETWEEN 3799155 AND 3800154
	-> Filter: (sbtest5.id between 3799155 and 3800154)  (cost=371 rows=1838)
    -> Index range scan on sbtest5 using PRIMARY over (3799155 <= id <= 3800154)  (cost=371 rows=1838)


table 6 : explain SELECT c FROM sbtest6 WHERE id BETWEEN 3816889 AND 3817888
	-> Filter: (sbtest6.id between 3816889 and 3817888)  (cost=371 rows=1838)
    -> Index range scan on sbtest6 using PRIMARY over (3816889 <= id <= 3817888)  (cost=371 rows=1838)


table 7 : explain SELECT c FROM sbtest7 WHERE id BETWEEN 3237870 AND 3238869
	-> Filter: (sbtest7.id between 3237870 and 3238869)  (cost=371 rows=1838)
    -> Index range scan on sbtest7 using PRIMARY over (3237870 <= id <= 3238869)  (cost=371 rows=1838)


table 8 : explain SELECT c FROM sbtest8 WHERE id BETWEEN 4949952 AND 4950951
	-> Filter: (sbtest8.id between 4949952 and 4950951)  (cost=378 rows=1872)
    -> Index range scan on sbtest8 using PRIMARY over (4949952 <= id <= 4950951)  (cost=378 rows=1872)


for: sum_ranges
table 1 : explain SELECT SUM(k) FROM sbtest1 WHERE id BETWEEN 5154087 AND 5155086
	-> Aggregate: sum(sbtest1.k)  (cost=794 rows=1)
    -> Filter: (sbtest1.id between 5154087 and 5155086)  (cost=371 rows=1838)
        -> Index range scan on sbtest1 using PRIMARY over (5154087 <= id <= 5155086)  (cost=371 rows=1838)


table 2 : explain SELECT SUM(k) FROM sbtest2 WHERE id BETWEEN 422063 AND 423062
	-> Aggregate: sum(sbtest2.k)  (cost=809 rows=1)
    -> Filter: (sbtest2.id between 422063 and 423062)  (cost=378 rows=1872)
        -> Index range scan on sbtest2 using PRIMARY over (422063 <= id <= 423062)  (cost=378 rows=1872)


table 3 : explain SELECT SUM(k) FROM sbtest3 WHERE id BETWEEN 9172581 AND 9173580
	-> Aggregate: sum(sbtest3.k)  (cost=809 rows=1)
    -> Filter: (sbtest3.id between 9172581 and 9173580)  (cost=378 rows=1872)
        -> Index range scan on sbtest3 using PRIMARY over (9172581 <= id <= 9173580)  (cost=378 rows=1872)


table 4 : explain SELECT SUM(k) FROM sbtest4 WHERE id BETWEEN 3143462 AND 3144461
	-> Aggregate: sum(sbtest4.k)  (cost=794 rows=1)
    -> Filter: (sbtest4.id between 3143462 and 3144461)  (cost=371 rows=1838)
        -> Index range scan on sbtest4 using PRIMARY over (3143462 <= id <= 3144461)  (cost=371 rows=1838)


table 5 : explain SELECT SUM(k) FROM sbtest5 WHERE id BETWEEN 1003784 AND 1004783
	-> Aggregate: sum(sbtest5.k)  (cost=794 rows=1)
    -> Filter: (sbtest5.id between 1003784 and 1004783)  (cost=371 rows=1838)
        -> Index range scan on sbtest5 using PRIMARY over (1003784 <= id <= 1004783)  (cost=371 rows=1838)


table 6 : explain SELECT SUM(k) FROM sbtest6 WHERE id BETWEEN 5886335 AND 5887334
	-> Aggregate: sum(sbtest6.k)  (cost=809 rows=1)
    -> Filter: (sbtest6.id between 5886335 and 5887334)  (cost=378 rows=1872)
        -> Index range scan on sbtest6 using PRIMARY over (5886335 <= id <= 5887334)  (cost=378 rows=1872)


table 7 : explain SELECT SUM(k) FROM sbtest7 WHERE id BETWEEN 9160567 AND 9161566
	-> Aggregate: sum(sbtest7.k)  (cost=794 rows=1)
    -> Filter: (sbtest7.id between 9160567 and 9161566)  (cost=371 rows=1838)
        -> Index range scan on sbtest7 using PRIMARY over (9160567 <= id <= 9161566)  (cost=371 rows=1838)


table 8 : explain SELECT SUM(k) FROM sbtest8 WHERE id BETWEEN 1835173 AND 1836172
	-> Aggregate: sum(sbtest8.k)  (cost=794 rows=1)
    -> Filter: (sbtest8.id between 1835173 and 1836172)  (cost=371 rows=1838)
        -> Index range scan on sbtest8 using PRIMARY over (1835173 <= id <= 1836172)  (cost=371 rows=1838)


for: sum_ranges
table 1 : explain SELECT SUM(k) FROM sbtest1 WHERE id BETWEEN 6229194 AND 6230193
	-> Aggregate: sum(sbtest1.k)  (cost=794 rows=1)
    -> Filter: (sbtest1.id between 6229194 and 6230193)  (cost=371 rows=1838)
        -> Index range scan on sbtest1 using PRIMARY over (6229194 <= id <= 6230193)  (cost=371 rows=1838)


table 2 : explain SELECT SUM(k) FROM sbtest2 WHERE id BETWEEN 7846407 AND 7847406
	-> Aggregate: sum(sbtest2.k)  (cost=794 rows=1)
    -> Filter: (sbtest2.id between 7846407 and 7847406)  (cost=371 rows=1838)
        -> Index range scan on sbtest2 using PRIMARY over (7846407 <= id <= 7847406)  (cost=371 rows=1838)


table 3 : explain SELECT SUM(k) FROM sbtest3 WHERE id BETWEEN 7788888 AND 7789887
	-> Aggregate: sum(sbtest3.k)  (cost=794 rows=1)
    -> Filter: (sbtest3.id between 7788888 and 7789887)  (cost=371 rows=1838)
        -> Index range scan on sbtest3 using PRIMARY over (7788888 <= id <= 7789887)  (cost=371 rows=1838)


table 4 : explain SELECT SUM(k) FROM sbtest4 WHERE id BETWEEN 4380336 AND 4381335
	-> Aggregate: sum(sbtest4.k)  (cost=809 rows=1)
    -> Filter: (sbtest4.id between 4380336 and 4381335)  (cost=378 rows=1872)
        -> Index range scan on sbtest4 using PRIMARY over (4380336 <= id <= 4381335)  (cost=378 rows=1872)


table 5 : explain SELECT SUM(k) FROM sbtest5 WHERE id BETWEEN 5153338 AND 5154337
	-> Aggregate: sum(sbtest5.k)  (cost=809 rows=1)
    -> Filter: (sbtest5.id between 5153338 and 5154337)  (cost=378 rows=1872)
        -> Index range scan on sbtest5 using PRIMARY over (5153338 <= id <= 5154337)  (cost=378 rows=1872)


table 6 : explain SELECT SUM(k) FROM sbtest6 WHERE id BETWEEN 9157740 AND 9158739
	-> Aggregate: sum(sbtest6.k)  (cost=794 rows=1)
    -> Filter: (sbtest6.id between 9157740 and 9158739)  (cost=371 rows=1838)
        -> Index range scan on sbtest6 using PRIMARY over (9157740 <= id <= 9158739)  (cost=371 rows=1838)


table 7 : explain SELECT SUM(k) FROM sbtest7 WHERE id BETWEEN 2955967 AND 2956966
	-> Aggregate: sum(sbtest7.k)  (cost=809 rows=1)
    -> Filter: (sbtest7.id between 2955967 and 2956966)  (cost=378 rows=1872)
        -> Index range scan on sbtest7 using PRIMARY over (2955967 <= id <= 2956966)  (cost=378 rows=1872)


table 8 : explain SELECT SUM(k) FROM sbtest8 WHERE id BETWEEN 1086347 AND 1087346
	-> Aggregate: sum(sbtest8.k)  (cost=794 rows=1)
    -> Filter: (sbtest8.id between 1086347 and 1087346)  (cost=371 rows=1838)
        -> Index range scan on sbtest8 using PRIMARY over (1086347 <= id <= 1087346)  (cost=371 rows=1838)


for: simple_ranges
table 1 : explain SELECT c FROM sbtest1 WHERE id BETWEEN 9776408 AND 9777407
	-> Filter: (sbtest1.id between 9776408 and 9777407)  (cost=371 rows=1838)
    -> Index range scan on sbtest1 using PRIMARY over (9776408 <= id <= 9777407)  (cost=371 rows=1838)


table 2 : explain SELECT c FROM sbtest2 WHERE id BETWEEN 9396174 AND 9397173
	-> Filter: (sbtest2.id between 9396174 and 9397173)  (cost=378 rows=1872)
    -> Index range scan on sbtest2 using PRIMARY over (9396174 <= id <= 9397173)  (cost=378 rows=1872)


table 3 : explain SELECT c FROM sbtest3 WHERE id BETWEEN 9496537 AND 9497536
	-> Filter: (sbtest3.id between 9496537 and 9497536)  (cost=378 rows=1872)
    -> Index range scan on sbtest3 using PRIMARY over (9496537 <= id <= 9497536)  (cost=378 rows=1872)


table 4 : explain SELECT c FROM sbtest4 WHERE id BETWEEN 5833050 AND 5834049
	-> Filter: (sbtest4.id between 5833050 and 5834049)  (cost=378 rows=1872)
    -> Index range scan on sbtest4 using PRIMARY over (5833050 <= id <= 5834049)  (cost=378 rows=1872)


table 5 : explain SELECT c FROM sbtest5 WHERE id BETWEEN 4137278 AND 4138277
	-> Filter: (sbtest5.id between 4137278 and 4138277)  (cost=371 rows=1838)
    -> Index range scan on sbtest5 using PRIMARY over (4137278 <= id <= 4138277)  (cost=371 rows=1838)


table 6 : explain SELECT c FROM sbtest6 WHERE id BETWEEN 7345275 AND 7346274
	-> Filter: (sbtest6.id between 7345275 and 7346274)  (cost=371 rows=1838)
    -> Index range scan on sbtest6 using PRIMARY over (7345275 <= id <= 7346274)  (cost=371 rows=1838)


table 7 : explain SELECT c FROM sbtest7 WHERE id BETWEEN 766644 AND 767643
	-> Filter: (sbtest7.id between 766644 and 767643)  (cost=371 rows=1838)
    -> Index range scan on sbtest7 using PRIMARY over (766644 <= id <= 767643)  (cost=371 rows=1838)


table 8 : explain SELECT c FROM sbtest8 WHERE id BETWEEN 9581192 AND 9582191
	-> Filter: (sbtest8.id between 9581192 and 9582191)  (cost=371 rows=1838)
    -> Index range scan on sbtest8 using PRIMARY over (9581192 <= id <= 9582191)  (cost=371 rows=1838)


for: simple_ranges
table 1 : explain SELECT c FROM sbtest1 WHERE id BETWEEN 6770015 AND 6771014
	-> Filter: (sbtest1.id between 6770015 and 6771014)  (cost=371 rows=1838)
    -> Index range scan on sbtest1 using PRIMARY over (6770015 <= id <= 6771014)  (cost=371 rows=1838)


table 2 : explain SELECT c FROM sbtest2 WHERE id BETWEEN 2762108 AND 2763107
	-> Filter: (sbtest2.id between 2762108 and 2763107)  (cost=371 rows=1838)
    -> Index range scan on sbtest2 using PRIMARY over (2762108 <= id <= 2763107)  (cost=371 rows=1838)


table 3 : explain SELECT c FROM sbtest3 WHERE id BETWEEN 3798898 AND 3799897
	-> Filter: (sbtest3.id between 3798898 and 3799897)  (cost=378 rows=1872)
    -> Index range scan on sbtest3 using PRIMARY over (3798898 <= id <= 3799897)  (cost=378 rows=1872)


table 4 : explain SELECT c FROM sbtest4 WHERE id BETWEEN 4308694 AND 4309693
	-> Filter: (sbtest4.id between 4308694 and 4309693)  (cost=371 rows=1838)
    -> Index range scan on sbtest4 using PRIMARY over (4308694 <= id <= 4309693)  (cost=371 rows=1838)


table 5 : explain SELECT c FROM sbtest5 WHERE id BETWEEN 8946632 AND 8947631
	-> Filter: (sbtest5.id between 8946632 and 8947631)  (cost=378 rows=1872)
    -> Index range scan on sbtest5 using PRIMARY over (8946632 <= id <= 8947631)  (cost=378 rows=1872)


table 6 : explain SELECT c FROM sbtest6 WHERE id BETWEEN 5022694 AND 5023693
	-> Filter: (sbtest6.id between 5022694 and 5023693)  (cost=371 rows=1838)
    -> Index range scan on sbtest6 using PRIMARY over (5022694 <= id <= 5023693)  (cost=371 rows=1838)


table 7 : explain SELECT c FROM sbtest7 WHERE id BETWEEN 9589980 AND 9590979
	-> Filter: (sbtest7.id between 9589980 and 9590979)  (cost=378 rows=1872)
    -> Index range scan on sbtest7 using PRIMARY over (9589980 <= id <= 9590979)  (cost=378 rows=1872)


table 8 : explain SELECT c FROM sbtest8 WHERE id BETWEEN 4450341 AND 4451340
	-> Filter: (sbtest8.id between 4450341 and 4451340)  (cost=378 rows=1872)
    -> Index range scan on sbtest8 using PRIMARY over (4450341 <= id <= 4451340)  (cost=378 rows=1872)


for: sum_ranges
table 1 : explain SELECT SUM(k) FROM sbtest1 WHERE id BETWEEN 9205806 AND 9206805
	-> Aggregate: sum(sbtest1.k)  (cost=794 rows=1)
    -> Filter: (sbtest1.id between 9205806 and 9206805)  (cost=371 rows=1838)
        -> Index range scan on sbtest1 using PRIMARY over (9205806 <= id <= 9206805)  (cost=371 rows=1838)


table 2 : explain SELECT SUM(k) FROM sbtest2 WHERE id BETWEEN 5307695 AND 5308694
	-> Aggregate: sum(sbtest2.k)  (cost=794 rows=1)
    -> Filter: (sbtest2.id between 5307695 and 5308694)  (cost=371 rows=1838)
        -> Index range scan on sbtest2 using PRIMARY over (5307695 <= id <= 5308694)  (cost=371 rows=1838)


table 3 : explain SELECT SUM(k) FROM sbtest3 WHERE id BETWEEN 3057610 AND 3058609
	-> Aggregate: sum(sbtest3.k)  (cost=794 rows=1)
    -> Filter: (sbtest3.id between 3057610 and 3058609)  (cost=371 rows=1838)
        -> Index range scan on sbtest3 using PRIMARY over (3057610 <= id <= 3058609)  (cost=371 rows=1838)


table 4 : explain SELECT SUM(k) FROM sbtest4 WHERE id BETWEEN 9138421 AND 9139420
	-> Aggregate: sum(sbtest4.k)  (cost=794 rows=1)
    -> Filter: (sbtest4.id between 9138421 and 9139420)  (cost=371 rows=1838)
        -> Index range scan on sbtest4 using PRIMARY over (9138421 <= id <= 9139420)  (cost=371 rows=1838)


table 5 : explain SELECT SUM(k) FROM sbtest5 WHERE id BETWEEN 9065512 AND 9066511
	-> Aggregate: sum(sbtest5.k)  (cost=794 rows=1)
    -> Filter: (sbtest5.id between 9065512 and 9066511)  (cost=371 rows=1838)
        -> Index range scan on sbtest5 using PRIMARY over (9065512 <= id <= 9066511)  (cost=371 rows=1838)


table 6 : explain SELECT SUM(k) FROM sbtest6 WHERE id BETWEEN 3631611 AND 3632610
	-> Aggregate: sum(sbtest6.k)  (cost=794 rows=1)
    -> Filter: (sbtest6.id between 3631611 and 3632610)  (cost=371 rows=1838)
        -> Index range scan on sbtest6 using PRIMARY over (3631611 <= id <= 3632610)  (cost=371 rows=1838)


table 7 : explain SELECT SUM(k) FROM sbtest7 WHERE id BETWEEN 8736675 AND 8737674
	-> Aggregate: sum(sbtest7.k)  (cost=794 rows=1)
    -> Filter: (sbtest7.id between 8736675 and 8737674)  (cost=371 rows=1838)
        -> Index range scan on sbtest7 using PRIMARY over (8736675 <= id <= 8737674)  (cost=371 rows=1838)


table 8 : explain SELECT SUM(k) FROM sbtest8 WHERE id BETWEEN 9881752 AND 9882751
	-> Aggregate: sum(sbtest8.k)  (cost=794 rows=1)
    -> Filter: (sbtest8.id between 9881752 and 9882751)  (cost=371 rows=1838)
        -> Index range scan on sbtest8 using PRIMARY over (9881752 <= id <= 9882751)  (cost=371 rows=1838)


for: sum_ranges
table 1 : explain SELECT SUM(k) FROM sbtest1 WHERE id BETWEEN 8406981 AND 8407980
	-> Aggregate: sum(sbtest1.k)  (cost=794 rows=1)
    -> Filter: (sbtest1.id between 8406981 and 8407980)  (cost=371 rows=1838)
        -> Index range scan on sbtest1 using PRIMARY over (8406981 <= id <= 8407980)  (cost=371 rows=1838)


table 2 : explain SELECT SUM(k) FROM sbtest2 WHERE id BETWEEN 8345369 AND 8346368
	-> Aggregate: sum(sbtest2.k)  (cost=794 rows=1)
    -> Filter: (sbtest2.id between 8345369 and 8346368)  (cost=371 rows=1838)
        -> Index range scan on sbtest2 using PRIMARY over (8345369 <= id <= 8346368)  (cost=371 rows=1838)


table 3 : explain SELECT SUM(k) FROM sbtest3 WHERE id BETWEEN 2668734 AND 2669733
	-> Aggregate: sum(sbtest3.k)  (cost=794 rows=1)
    -> Filter: (sbtest3.id between 2668734 and 2669733)  (cost=371 rows=1838)
        -> Index range scan on sbtest3 using PRIMARY over (2668734 <= id <= 2669733)  (cost=371 rows=1838)


table 4 : explain SELECT SUM(k) FROM sbtest4 WHERE id BETWEEN 9614456 AND 9615455
	-> Aggregate: sum(sbtest4.k)  (cost=794 rows=1)
    -> Filter: (sbtest4.id between 9614456 and 9615455)  (cost=371 rows=1838)
        -> Index range scan on sbtest4 using PRIMARY over (9614456 <= id <= 9615455)  (cost=371 rows=1838)


table 5 : explain SELECT SUM(k) FROM sbtest5 WHERE id BETWEEN 7067681 AND 7068680
	-> Aggregate: sum(sbtest5.k)  (cost=809 rows=1)
    -> Filter: (sbtest5.id between 7067681 and 7068680)  (cost=378 rows=1872)
        -> Index range scan on sbtest5 using PRIMARY over (7067681 <= id <= 7068680)  (cost=378 rows=1872)


table 6 : explain SELECT SUM(k) FROM sbtest6 WHERE id BETWEEN 2940959 AND 2941958
	-> Aggregate: sum(sbtest6.k)  (cost=794 rows=1)
    -> Filter: (sbtest6.id between 2940959 and 2941958)  (cost=371 rows=1838)
        -> Index range scan on sbtest6 using PRIMARY over (2940959 <= id <= 2941958)  (cost=371 rows=1838)


table 7 : explain SELECT SUM(k) FROM sbtest7 WHERE id BETWEEN 2104580 AND 2105579
	-> Aggregate: sum(sbtest7.k)  (cost=794 rows=1)
    -> Filter: (sbtest7.id between 2104580 and 2105579)  (cost=371 rows=1838)
        -> Index range scan on sbtest7 using PRIMARY over (2104580 <= id <= 2105579)  (cost=371 rows=1838)


table 8 : explain SELECT SUM(k) FROM sbtest8 WHERE id BETWEEN 4762951 AND 4763950
	-> Aggregate: sum(sbtest8.k)  (cost=794 rows=1)
    -> Filter: (sbtest8.id between 4762951 and 4763950)  (cost=371 rows=1838)
        -> Index range scan on sbtest8 using PRIMARY over (4762951 <= id <= 4763950)  (cost=371 rows=1838)


for: sum_ranges
table 1 : explain SELECT SUM(k) FROM sbtest1 WHERE id BETWEEN 344966 AND 345965
	-> Aggregate: sum(sbtest1.k)  (cost=809 rows=1)
    -> Filter: (sbtest1.id between 344966 and 345965)  (cost=378 rows=1872)
        -> Index range scan on sbtest1 using PRIMARY over (344966 <= id <= 345965)  (cost=378 rows=1872)


table 2 : explain SELECT SUM(k) FROM sbtest2 WHERE id BETWEEN 8395968 AND 8396967
	-> Aggregate: sum(sbtest2.k)  (cost=794 rows=1)
    -> Filter: (sbtest2.id between 8395968 and 8396967)  (cost=371 rows=1838)
        -> Index range scan on sbtest2 using PRIMARY over (8395968 <= id <= 8396967)  (cost=371 rows=1838)


table 3 : explain SELECT SUM(k) FROM sbtest3 WHERE id BETWEEN 8091612 AND 8092611
	-> Aggregate: sum(sbtest3.k)  (cost=794 rows=1)
    -> Filter: (sbtest3.id between 8091612 and 8092611)  (cost=371 rows=1838)
        -> Index range scan on sbtest3 using PRIMARY over (8091612 <= id <= 8092611)  (cost=371 rows=1838)


table 4 : explain SELECT SUM(k) FROM sbtest4 WHERE id BETWEEN 10808 AND 11807
	-> Aggregate: sum(sbtest4.k)  (cost=794 rows=1)
    -> Filter: (sbtest4.id between 10808 and 11807)  (cost=371 rows=1838)
        -> Index range scan on sbtest4 using PRIMARY over (10808 <= id <= 11807)  (cost=371 rows=1838)


table 5 : explain SELECT SUM(k) FROM sbtest5 WHERE id BETWEEN 8959999 AND 8960998
	-> Aggregate: sum(sbtest5.k)  (cost=809 rows=1)
    -> Filter: (sbtest5.id between 8959999 and 8960998)  (cost=378 rows=1872)
        -> Index range scan on sbtest5 using PRIMARY over (8959999 <= id <= 8960998)  (cost=378 rows=1872)


table 6 : explain SELECT SUM(k) FROM sbtest6 WHERE id BETWEEN 7638055 AND 7639054
	-> Aggregate: sum(sbtest6.k)  (cost=794 rows=1)
    -> Filter: (sbtest6.id between 7638055 and 7639054)  (cost=371 rows=1838)
        -> Index range scan on sbtest6 using PRIMARY over (7638055 <= id <= 7639054)  (cost=371 rows=1838)


table 7 : explain SELECT SUM(k) FROM sbtest7 WHERE id BETWEEN 1475837 AND 1476836
	-> Aggregate: sum(sbtest7.k)  (cost=794 rows=1)
    -> Filter: (sbtest7.id between 1475837 and 1476836)  (cost=371 rows=1838)
        -> Index range scan on sbtest7 using PRIMARY over (1475837 <= id <= 1476836)  (cost=371 rows=1838)


table 8 : explain SELECT SUM(k) FROM sbtest8 WHERE id BETWEEN 6162034 AND 6163033
	-> Aggregate: sum(sbtest8.k)  (cost=794 rows=1)
    -> Filter: (sbtest8.id between 6162034 and 6163033)  (cost=371 rows=1838)
        -> Index range scan on sbtest8 using PRIMARY over (6162034 <= id <= 6163033)  (cost=371 rows=1838)


for: sum_ranges
table 1 : explain SELECT SUM(k) FROM sbtest1 WHERE id BETWEEN 2187031 AND 2188030
	-> Aggregate: sum(sbtest1.k)  (cost=794 rows=1)
    -> Filter: (sbtest1.id between 2187031 and 2188030)  (cost=371 rows=1838)
        -> Index range scan on sbtest1 using PRIMARY over (2187031 <= id <= 2188030)  (cost=371 rows=1838)


table 2 : explain SELECT SUM(k) FROM sbtest2 WHERE id BETWEEN 5162320 AND 5163319
	-> Aggregate: sum(sbtest2.k)  (cost=809 rows=1)
    -> Filter: (sbtest2.id between 5162320 and 5163319)  (cost=378 rows=1872)
        -> Index range scan on sbtest2 using PRIMARY over (5162320 <= id <= 5163319)  (cost=378 rows=1872)


table 3 : explain SELECT SUM(k) FROM sbtest3 WHERE id BETWEEN 4021178 AND 4022177
	-> Aggregate: sum(sbtest3.k)  (cost=809 rows=1)
    -> Filter: (sbtest3.id between 4021178 and 4022177)  (cost=378 rows=1872)
        -> Index range scan on sbtest3 using PRIMARY over (4021178 <= id <= 4022177)  (cost=378 rows=1872)


table 4 : explain SELECT SUM(k) FROM sbtest4 WHERE id BETWEEN 5284213 AND 5285212
	-> Aggregate: sum(sbtest4.k)  (cost=794 rows=1)
    -> Filter: (sbtest4.id between 5284213 and 5285212)  (cost=371 rows=1838)
        -> Index range scan on sbtest4 using PRIMARY over (5284213 <= id <= 5285212)  (cost=371 rows=1838)


table 5 : explain SELECT SUM(k) FROM sbtest5 WHERE id BETWEEN 4916951 AND 4917950
	-> Aggregate: sum(sbtest5.k)  (cost=794 rows=1)
    -> Filter: (sbtest5.id between 4916951 and 4917950)  (cost=371 rows=1838)
        -> Index range scan on sbtest5 using PRIMARY over (4916951 <= id <= 4917950)  (cost=371 rows=1838)


table 6 : explain SELECT SUM(k) FROM sbtest6 WHERE id BETWEEN 3845859 AND 3846858
	-> Aggregate: sum(sbtest6.k)  (cost=794 rows=1)
    -> Filter: (sbtest6.id between 3845859 and 3846858)  (cost=371 rows=1838)
        -> Index range scan on sbtest6 using PRIMARY over (3845859 <= id <= 3846858)  (cost=371 rows=1838)


table 7 : explain SELECT SUM(k) FROM sbtest7 WHERE id BETWEEN 1578737 AND 1579736
	-> Aggregate: sum(sbtest7.k)  (cost=809 rows=1)
    -> Filter: (sbtest7.id between 1578737 and 1579736)  (cost=378 rows=1872)
        -> Index range scan on sbtest7 using PRIMARY over (1578737 <= id <= 1579736)  (cost=378 rows=1872)


table 8 : explain SELECT SUM(k) FROM sbtest8 WHERE id BETWEEN 1629712 AND 1630711
	-> Aggregate: sum(sbtest8.k)  (cost=794 rows=1)
    -> Filter: (sbtest8.id between 1629712 and 1630711)  (cost=371 rows=1838)
        -> Index range scan on sbtest8 using PRIMARY over (1629712 <= id <= 1630711)  (cost=371 rows=1838)


for: sum_ranges
table 1 : explain SELECT SUM(k) FROM sbtest1 WHERE id BETWEEN 6679285 AND 6680284
	-> Aggregate: sum(sbtest1.k)  (cost=794 rows=1)
    -> Filter: (sbtest1.id between 6679285 and 6680284)  (cost=371 rows=1838)
        -> Index range scan on sbtest1 using PRIMARY over (6679285 <= id <= 6680284)  (cost=371 rows=1838)


table 2 : explain SELECT SUM(k) FROM sbtest2 WHERE id BETWEEN 1546745 AND 1547744
	-> Aggregate: sum(sbtest2.k)  (cost=794 rows=1)
    -> Filter: (sbtest2.id between 1546745 and 1547744)  (cost=371 rows=1838)
        -> Index range scan on sbtest2 using PRIMARY over (1546745 <= id <= 1547744)  (cost=371 rows=1838)


table 3 : explain SELECT SUM(k) FROM sbtest3 WHERE id BETWEEN 610874 AND 611873
	-> Aggregate: sum(sbtest3.k)  (cost=794 rows=1)
    -> Filter: (sbtest3.id between 610874 and 611873)  (cost=371 rows=1838)
        -> Index range scan on sbtest3 using PRIMARY over (610874 <= id <= 611873)  (cost=371 rows=1838)


table 4 : explain SELECT SUM(k) FROM sbtest4 WHERE id BETWEEN 5750068 AND 5751067
	-> Aggregate: sum(sbtest4.k)  (cost=794 rows=1)
    -> Filter: (sbtest4.id between 5750068 and 5751067)  (cost=371 rows=1838)
        -> Index range scan on sbtest4 using PRIMARY over (5750068 <= id <= 5751067)  (cost=371 rows=1838)


table 5 : explain SELECT SUM(k) FROM sbtest5 WHERE id BETWEEN 1004767 AND 1005766
	-> Aggregate: sum(sbtest5.k)  (cost=794 rows=1)
    -> Filter: (sbtest5.id between 1004767 and 1005766)  (cost=371 rows=1838)
        -> Index range scan on sbtest5 using PRIMARY over (1004767 <= id <= 1005766)  (cost=371 rows=1838)


table 6 : explain SELECT SUM(k) FROM sbtest6 WHERE id BETWEEN 4847616 AND 4848615
	-> Aggregate: sum(sbtest6.k)  (cost=809 rows=1)
    -> Filter: (sbtest6.id between 4847616 and 4848615)  (cost=378 rows=1872)
        -> Index range scan on sbtest6 using PRIMARY over (4847616 <= id <= 4848615)  (cost=378 rows=1872)


table 7 : explain SELECT SUM(k) FROM sbtest7 WHERE id BETWEEN 4682286 AND 4683285
	-> Aggregate: sum(sbtest7.k)  (cost=794 rows=1)
    -> Filter: (sbtest7.id between 4682286 and 4683285)  (cost=371 rows=1838)
        -> Index range scan on sbtest7 using PRIMARY over (4682286 <= id <= 4683285)  (cost=371 rows=1838)


table 8 : explain SELECT SUM(k) FROM sbtest8 WHERE id BETWEEN 4280888 AND 4281887
	-> Aggregate: sum(sbtest8.k)  (cost=794 rows=1)
    -> Filter: (sbtest8.id between 4280888 and 4281887)  (cost=371 rows=1838)
        -> Index range scan on sbtest8 using PRIMARY over (4280888 <= id <= 4281887)  (cost=371 rows=1838)


for: simple_ranges
table 1 : explain SELECT c FROM sbtest1 WHERE id BETWEEN 8899522 AND 8900521
	-> Filter: (sbtest1.id between 8899522 and 8900521)  (cost=371 rows=1838)
    -> Index range scan on sbtest1 using PRIMARY over (8899522 <= id <= 8900521)  (cost=371 rows=1838)


table 2 : explain SELECT c FROM sbtest2 WHERE id BETWEEN 3046012 AND 3047011
	-> Filter: (sbtest2.id between 3046012 and 3047011)  (cost=371 rows=1838)
    -> Index range scan on sbtest2 using PRIMARY over (3046012 <= id <= 3047011)  (cost=371 rows=1838)


table 3 : explain SELECT c FROM sbtest3 WHERE id BETWEEN 7118068 AND 7119067
	-> Filter: (sbtest3.id between 7118068 and 7119067)  (cost=378 rows=1872)
    -> Index range scan on sbtest3 using PRIMARY over (7118068 <= id <= 7119067)  (cost=378 rows=1872)


table 4 : explain SELECT c FROM sbtest4 WHERE id BETWEEN 5251235 AND 5252234
	-> Filter: (sbtest4.id between 5251235 and 5252234)  (cost=378 rows=1872)
    -> Index range scan on sbtest4 using PRIMARY over (5251235 <= id <= 5252234)  (cost=378 rows=1872)


table 5 : explain SELECT c FROM sbtest5 WHERE id BETWEEN 1112260 AND 1113259
	-> Filter: (sbtest5.id between 1112260 and 1113259)  (cost=371 rows=1838)
    -> Index range scan on sbtest5 using PRIMARY over (1112260 <= id <= 1113259)  (cost=371 rows=1838)


table 6 : explain SELECT c FROM sbtest6 WHERE id BETWEEN 4576925 AND 4577924
	-> Filter: (sbtest6.id between 4576925 and 4577924)  (cost=378 rows=1872)
    -> Index range scan on sbtest6 using PRIMARY over (4576925 <= id <= 4577924)  (cost=378 rows=1872)


table 7 : explain SELECT c FROM sbtest7 WHERE id BETWEEN 5221568 AND 5222567
	-> Filter: (sbtest7.id between 5221568 and 5222567)  (cost=371 rows=1838)
    -> Index range scan on sbtest7 using PRIMARY over (5221568 <= id <= 5222567)  (cost=371 rows=1838)


table 8 : explain SELECT c FROM sbtest8 WHERE id BETWEEN 8038705 AND 8039704
	-> Filter: (sbtest8.id between 8038705 and 8039704)  (cost=371 rows=1838)
    -> Index range scan on sbtest8 using PRIMARY over (8038705 <= id <= 8039704)  (cost=371 rows=1838)


for: sum_ranges
table 1 : explain SELECT SUM(k) FROM sbtest1 WHERE id BETWEEN 2993360 AND 2994359
	-> Aggregate: sum(sbtest1.k)  (cost=794 rows=1)
    -> Filter: (sbtest1.id between 2993360 and 2994359)  (cost=371 rows=1838)
        -> Index range scan on sbtest1 using PRIMARY over (2993360 <= id <= 2994359)  (cost=371 rows=1838)


table 2 : explain SELECT SUM(k) FROM sbtest2 WHERE id BETWEEN 3016222 AND 3017221
	-> Aggregate: sum(sbtest2.k)  (cost=794 rows=1)
    -> Filter: (sbtest2.id between 3016222 and 3017221)  (cost=371 rows=1838)
        -> Index range scan on sbtest2 using PRIMARY over (3016222 <= id <= 3017221)  (cost=371 rows=1838)


table 3 : explain SELECT SUM(k) FROM sbtest3 WHERE id BETWEEN 4342103 AND 4343102
	-> Aggregate: sum(sbtest3.k)  (cost=794 rows=1)
    -> Filter: (sbtest3.id between 4342103 and 4343102)  (cost=371 rows=1838)
        -> Index range scan on sbtest3 using PRIMARY over (4342103 <= id <= 4343102)  (cost=371 rows=1838)


table 4 : explain SELECT SUM(k) FROM sbtest4 WHERE id BETWEEN 2262190 AND 2263189
	-> Aggregate: sum(sbtest4.k)  (cost=794 rows=1)
    -> Filter: (sbtest4.id between 2262190 and 2263189)  (cost=371 rows=1838)
        -> Index range scan on sbtest4 using PRIMARY over (2262190 <= id <= 2263189)  (cost=371 rows=1838)


table 5 : explain SELECT SUM(k) FROM sbtest5 WHERE id BETWEEN 1863711 AND 1864710
	-> Aggregate: sum(sbtest5.k)  (cost=794 rows=1)
    -> Filter: (sbtest5.id between 1863711 and 1864710)  (cost=371 rows=1838)
        -> Index range scan on sbtest5 using PRIMARY over (1863711 <= id <= 1864710)  (cost=371 rows=1838)


table 6 : explain SELECT SUM(k) FROM sbtest6 WHERE id BETWEEN 989156 AND 990155
	-> Aggregate: sum(sbtest6.k)  (cost=794 rows=1)
    -> Filter: (sbtest6.id between 989156 and 990155)  (cost=371 rows=1838)
        -> Index range scan on sbtest6 using PRIMARY over (989156 <= id <= 990155)  (cost=371 rows=1838)


table 7 : explain SELECT SUM(k) FROM sbtest7 WHERE id BETWEEN 6927583 AND 6928582
	-> Aggregate: sum(sbtest7.k)  (cost=794 rows=1)
    -> Filter: (sbtest7.id between 6927583 and 6928582)  (cost=371 rows=1838)
        -> Index range scan on sbtest7 using PRIMARY over (6927583 <= id <= 6928582)  (cost=371 rows=1838)


table 8 : explain SELECT SUM(k) FROM sbtest8 WHERE id BETWEEN 4996327 AND 4997326
	-> Aggregate: sum(sbtest8.k)  (cost=794 rows=1)
    -> Filter: (sbtest8.id between 4996327 and 4997326)  (cost=371 rows=1838)
        -> Index range scan on sbtest8 using PRIMARY over (4996327 <= id <= 4997326)  (cost=371 rows=1838)


for: simple_ranges
table 1 : explain SELECT c FROM sbtest1 WHERE id BETWEEN 1443635 AND 1444634
	-> Filter: (sbtest1.id between 1443635 and 1444634)  (cost=371 rows=1838)
    -> Index range scan on sbtest1 using PRIMARY over (1443635 <= id <= 1444634)  (cost=371 rows=1838)


table 2 : explain SELECT c FROM sbtest2 WHERE id BETWEEN 1930933 AND 1931932
	-> Filter: (sbtest2.id between 1930933 and 1931932)  (cost=371 rows=1838)
    -> Index range scan on sbtest2 using PRIMARY over (1930933 <= id <= 1931932)  (cost=371 rows=1838)


table 3 : explain SELECT c FROM sbtest3 WHERE id BETWEEN 6092182 AND 6093181
	-> Filter: (sbtest3.id between 6092182 and 6093181)  (cost=378 rows=1872)
    -> Index range scan on sbtest3 using PRIMARY over (6092182 <= id <= 6093181)  (cost=378 rows=1872)


table 4 : explain SELECT c FROM sbtest4 WHERE id BETWEEN 3168690 AND 3169689
	-> Filter: (sbtest4.id between 3168690 and 3169689)  (cost=378 rows=1872)
    -> Index range scan on sbtest4 using PRIMARY over (3168690 <= id <= 3169689)  (cost=378 rows=1872)


table 5 : explain SELECT c FROM sbtest5 WHERE id BETWEEN 9871023 AND 9872022
	-> Filter: (sbtest5.id between 9871023 and 9872022)  (cost=371 rows=1838)
    -> Index range scan on sbtest5 using PRIMARY over (9871023 <= id <= 9872022)  (cost=371 rows=1838)


table 6 : explain SELECT c FROM sbtest6 WHERE id BETWEEN 771005 AND 772004
	-> Filter: (sbtest6.id between 771005 and 772004)  (cost=378 rows=1872)
    -> Index range scan on sbtest6 using PRIMARY over (771005 <= id <= 772004)  (cost=378 rows=1872)


table 7 : explain SELECT c FROM sbtest7 WHERE id BETWEEN 43984 AND 44983
	-> Filter: (sbtest7.id between 43984 and 44983)  (cost=378 rows=1872)
    -> Index range scan on sbtest7 using PRIMARY over (43984 <= id <= 44983)  (cost=378 rows=1872)


table 8 : explain SELECT c FROM sbtest8 WHERE id BETWEEN 9373907 AND 9374906
	-> Filter: (sbtest8.id between 9373907 and 9374906)  (cost=378 rows=1872)
    -> Index range scan on sbtest8 using PRIMARY over (9373907 <= id <= 9374906)  (cost=378 rows=1872)


for: sum_ranges
table 1 : explain SELECT SUM(k) FROM sbtest1 WHERE id BETWEEN 3994894 AND 3995893
	-> Aggregate: sum(sbtest1.k)  (cost=809 rows=1)
    -> Filter: (sbtest1.id between 3994894 and 3995893)  (cost=378 rows=1872)
        -> Index range scan on sbtest1 using PRIMARY over (3994894 <= id <= 3995893)  (cost=378 rows=1872)


table 2 : explain SELECT SUM(k) FROM sbtest2 WHERE id BETWEEN 9057824 AND 9058823
	-> Aggregate: sum(sbtest2.k)  (cost=809 rows=1)
    -> Filter: (sbtest2.id between 9057824 and 9058823)  (cost=378 rows=1872)
        -> Index range scan on sbtest2 using PRIMARY over (9057824 <= id <= 9058823)  (cost=378 rows=1872)


table 3 : explain SELECT SUM(k) FROM sbtest3 WHERE id BETWEEN 3764767 AND 3765766
	-> Aggregate: sum(sbtest3.k)  (cost=794 rows=1)
    -> Filter: (sbtest3.id between 3764767 and 3765766)  (cost=371 rows=1838)
        -> Index range scan on sbtest3 using PRIMARY over (3764767 <= id <= 3765766)  (cost=371 rows=1838)


table 4 : explain SELECT SUM(k) FROM sbtest4 WHERE id BETWEEN 6169667 AND 6170666
	-> Aggregate: sum(sbtest4.k)  (cost=794 rows=1)
    -> Filter: (sbtest4.id between 6169667 and 6170666)  (cost=371 rows=1838)
        -> Index range scan on sbtest4 using PRIMARY over (6169667 <= id <= 6170666)  (cost=371 rows=1838)


table 5 : explain SELECT SUM(k) FROM sbtest5 WHERE id BETWEEN 472706 AND 473705
	-> Aggregate: sum(sbtest5.k)  (cost=794 rows=1)
    -> Filter: (sbtest5.id between 472706 and 473705)  (cost=371 rows=1838)
        -> Index range scan on sbtest5 using PRIMARY over (472706 <= id <= 473705)  (cost=371 rows=1838)


table 6 : explain SELECT SUM(k) FROM sbtest6 WHERE id BETWEEN 2464236 AND 2465235
	-> Aggregate: sum(sbtest6.k)  (cost=809 rows=1)
    -> Filter: (sbtest6.id between 2464236 and 2465235)  (cost=378 rows=1872)
        -> Index range scan on sbtest6 using PRIMARY over (2464236 <= id <= 2465235)  (cost=378 rows=1872)


table 7 : explain SELECT SUM(k) FROM sbtest7 WHERE id BETWEEN 8379052 AND 8380051
	-> Aggregate: sum(sbtest7.k)  (cost=809 rows=1)
    -> Filter: (sbtest7.id between 8379052 and 8380051)  (cost=378 rows=1872)
        -> Index range scan on sbtest7 using PRIMARY over (8379052 <= id <= 8380051)  (cost=378 rows=1872)


table 8 : explain SELECT SUM(k) FROM sbtest8 WHERE id BETWEEN 4703876 AND 4704875
	-> Aggregate: sum(sbtest8.k)  (cost=809 rows=1)
    -> Filter: (sbtest8.id between 4703876 and 4704875)  (cost=378 rows=1872)
        -> Index range scan on sbtest8 using PRIMARY over (4703876 <= id <= 4704875)  (cost=378 rows=1872)


for: sum_ranges
table 1 : explain SELECT SUM(k) FROM sbtest1 WHERE id BETWEEN 5947715 AND 5948714
	-> Aggregate: sum(sbtest1.k)  (cost=809 rows=1)
    -> Filter: (sbtest1.id between 5947715 and 5948714)  (cost=378 rows=1872)
        -> Index range scan on sbtest1 using PRIMARY over (5947715 <= id <= 5948714)  (cost=378 rows=1872)


table 2 : explain SELECT SUM(k) FROM sbtest2 WHERE id BETWEEN 7054031 AND 7055030
	-> Aggregate: sum(sbtest2.k)  (cost=809 rows=1)
    -> Filter: (sbtest2.id between 7054031 and 7055030)  (cost=378 rows=1872)
        -> Index range scan on sbtest2 using PRIMARY over (7054031 <= id <= 7055030)  (cost=378 rows=1872)


table 3 : explain SELECT SUM(k) FROM sbtest3 WHERE id BETWEEN 9999340 AND 10000339
	-> Aggregate: sum(sbtest3.k)  (cost=286 rows=1)
    -> Filter: (sbtest3.id between 9999340 and 10000339)  (cost=134 rows=661)
        -> Index range scan on sbtest3 using PRIMARY over (9999340 <= id <= 10000339)  (cost=134 rows=661)


table 4 : explain SELECT SUM(k) FROM sbtest4 WHERE id BETWEEN 258458 AND 259457
	-> Aggregate: sum(sbtest4.k)  (cost=809 rows=1)
    -> Filter: (sbtest4.id between 258458 and 259457)  (cost=378 rows=1872)
        -> Index range scan on sbtest4 using PRIMARY over (258458 <= id <= 259457)  (cost=378 rows=1872)


table 5 : explain SELECT SUM(k) FROM sbtest5 WHERE id BETWEEN 5415986 AND 5416985
	-> Aggregate: sum(sbtest5.k)  (cost=809 rows=1)
    -> Filter: (sbtest5.id between 5415986 and 5416985)  (cost=378 rows=1872)
        -> Index range scan on sbtest5 using PRIMARY over (5415986 <= id <= 5416985)  (cost=378 rows=1872)


table 6 : explain SELECT SUM(k) FROM sbtest6 WHERE id BETWEEN 2053753 AND 2054752
	-> Aggregate: sum(sbtest6.k)  (cost=809 rows=1)
    -> Filter: (sbtest6.id between 2053753 and 2054752)  (cost=378 rows=1872)
        -> Index range scan on sbtest6 using PRIMARY over (2053753 <= id <= 2054752)  (cost=378 rows=1872)


table 7 : explain SELECT SUM(k) FROM sbtest7 WHERE id BETWEEN 129910 AND 130909
	-> Aggregate: sum(sbtest7.k)  (cost=809 rows=1)
    -> Filter: (sbtest7.id between 129910 and 130909)  (cost=378 rows=1872)
        -> Index range scan on sbtest7 using PRIMARY over (129910 <= id <= 130909)  (cost=378 rows=1872)


table 8 : explain SELECT SUM(k) FROM sbtest8 WHERE id BETWEEN 7540877 AND 7541876
	-> Aggregate: sum(sbtest8.k)  (cost=809 rows=1)
    -> Filter: (sbtest8.id between 7540877 and 7541876)  (cost=378 rows=1872)
        -> Index range scan on sbtest8 using PRIMARY over (7540877 <= id <= 7541876)  (cost=378 rows=1872)


for: sum_ranges
table 1 : explain SELECT SUM(k) FROM sbtest1 WHERE id BETWEEN 7705478 AND 7706477
	-> Aggregate: sum(sbtest1.k)  (cost=794 rows=1)
    -> Filter: (sbtest1.id between 7705478 and 7706477)  (cost=371 rows=1838)
        -> Index range scan on sbtest1 using PRIMARY over (7705478 <= id <= 7706477)  (cost=371 rows=1838)


table 2 : explain SELECT SUM(k) FROM sbtest2 WHERE id BETWEEN 1011316 AND 1012315
	-> Aggregate: sum(sbtest2.k)  (cost=809 rows=1)
    -> Filter: (sbtest2.id between 1011316 and 1012315)  (cost=378 rows=1872)
        -> Index range scan on sbtest2 using PRIMARY over (1011316 <= id <= 1012315)  (cost=378 rows=1872)


table 3 : explain SELECT SUM(k) FROM sbtest3 WHERE id BETWEEN 6132419 AND 6133418
	-> Aggregate: sum(sbtest3.k)  (cost=809 rows=1)
    -> Filter: (sbtest3.id between 6132419 and 6133418)  (cost=378 rows=1872)
        -> Index range scan on sbtest3 using PRIMARY over (6132419 <= id <= 6133418)  (cost=378 rows=1872)


table 4 : explain SELECT SUM(k) FROM sbtest4 WHERE id BETWEEN 2949976 AND 2950975
	-> Aggregate: sum(sbtest4.k)  (cost=809 rows=1)
    -> Filter: (sbtest4.id between 2949976 and 2950975)  (cost=378 rows=1872)
        -> Index range scan on sbtest4 using PRIMARY over (2949976 <= id <= 2950975)  (cost=378 rows=1872)


table 5 : explain SELECT SUM(k) FROM sbtest5 WHERE id BETWEEN 4975520 AND 4976519
	-> Aggregate: sum(sbtest5.k)  (cost=809 rows=1)
    -> Filter: (sbtest5.id between 4975520 and 4976519)  (cost=378 rows=1872)
        -> Index range scan on sbtest5 using PRIMARY over (4975520 <= id <= 4976519)  (cost=378 rows=1872)


table 6 : explain SELECT SUM(k) FROM sbtest6 WHERE id BETWEEN 4279048 AND 4280047
	-> Aggregate: sum(sbtest6.k)  (cost=794 rows=1)
    -> Filter: (sbtest6.id between 4279048 and 4280047)  (cost=371 rows=1838)
        -> Index range scan on sbtest6 using PRIMARY over (4279048 <= id <= 4280047)  (cost=371 rows=1838)


table 7 : explain SELECT SUM(k) FROM sbtest7 WHERE id BETWEEN 574736 AND 575735
	-> Aggregate: sum(sbtest7.k)  (cost=794 rows=1)
    -> Filter: (sbtest7.id between 574736 and 575735)  (cost=371 rows=1838)
        -> Index range scan on sbtest7 using PRIMARY over (574736 <= id <= 575735)  (cost=371 rows=1838)


table 8 : explain SELECT SUM(k) FROM sbtest8 WHERE id BETWEEN 2787748 AND 2788747
	-> Aggregate: sum(sbtest8.k)  (cost=794 rows=1)
    -> Filter: (sbtest8.id between 2787748 and 2788747)  (cost=371 rows=1838)
        -> Index range scan on sbtest8 using PRIMARY over (2787748 <= id <= 2788747)  (cost=371 rows=1838)


for: sum_ranges
table 1 : explain SELECT SUM(k) FROM sbtest1 WHERE id BETWEEN 2146764 AND 2147763
	-> Aggregate: sum(sbtest1.k)  (cost=809 rows=1)
    -> Filter: (sbtest1.id between 2146764 and 2147763)  (cost=378 rows=1872)
        -> Index range scan on sbtest1 using PRIMARY over (2146764 <= id <= 2147763)  (cost=378 rows=1872)


table 2 : explain SELECT SUM(k) FROM sbtest2 WHERE id BETWEEN 5593845 AND 5594844
	-> Aggregate: sum(sbtest2.k)  (cost=794 rows=1)
    -> Filter: (sbtest2.id between 5593845 and 5594844)  (cost=371 rows=1838)
        -> Index range scan on sbtest2 using PRIMARY over (5593845 <= id <= 5594844)  (cost=371 rows=1838)


table 3 : explain SELECT SUM(k) FROM sbtest3 WHERE id BETWEEN 8867899 AND 8868898
	-> Aggregate: sum(sbtest3.k)  (cost=794 rows=1)
    -> Filter: (sbtest3.id between 8867899 and 8868898)  (cost=371 rows=1838)
        -> Index range scan on sbtest3 using PRIMARY over (8867899 <= id <= 8868898)  (cost=371 rows=1838)


table 4 : explain SELECT SUM(k) FROM sbtest4 WHERE id BETWEEN 3744921 AND 3745920
	-> Aggregate: sum(sbtest4.k)  (cost=794 rows=1)
    -> Filter: (sbtest4.id between 3744921 and 3745920)  (cost=371 rows=1838)
        -> Index range scan on sbtest4 using PRIMARY over (3744921 <= id <= 3745920)  (cost=371 rows=1838)


table 5 : explain SELECT SUM(k) FROM sbtest5 WHERE id BETWEEN 2965828 AND 2966827
	-> Aggregate: sum(sbtest5.k)  (cost=809 rows=1)
    -> Filter: (sbtest5.id between 2965828 and 2966827)  (cost=378 rows=1872)
        -> Index range scan on sbtest5 using PRIMARY over (2965828 <= id <= 2966827)  (cost=378 rows=1872)


table 6 : explain SELECT SUM(k) FROM sbtest6 WHERE id BETWEEN 1004181 AND 1005180
	-> Aggregate: sum(sbtest6.k)  (cost=794 rows=1)
    -> Filter: (sbtest6.id between 1004181 and 1005180)  (cost=371 rows=1838)
        -> Index range scan on sbtest6 using PRIMARY over (1004181 <= id <= 1005180)  (cost=371 rows=1838)


table 7 : explain SELECT SUM(k) FROM sbtest7 WHERE id BETWEEN 6674076 AND 6675075
	-> Aggregate: sum(sbtest7.k)  (cost=809 rows=1)
    -> Filter: (sbtest7.id between 6674076 and 6675075)  (cost=378 rows=1872)
        -> Index range scan on sbtest7 using PRIMARY over (6674076 <= id <= 6675075)  (cost=378 rows=1872)


table 8 : explain SELECT SUM(k) FROM sbtest8 WHERE id BETWEEN 9326413 AND 9327412
	-> Aggregate: sum(sbtest8.k)  (cost=794 rows=1)
    -> Filter: (sbtest8.id between 9326413 and 9327412)  (cost=371 rows=1838)
        -> Index range scan on sbtest8 using PRIMARY over (9326413 <= id <= 9327412)  (cost=371 rows=1838)


for: sum_ranges
table 1 : explain SELECT SUM(k) FROM sbtest1 WHERE id BETWEEN 227579 AND 228578
	-> Aggregate: sum(sbtest1.k)  (cost=809 rows=1)
    -> Filter: (sbtest1.id between 227579 and 228578)  (cost=378 rows=1872)
        -> Index range scan on sbtest1 using PRIMARY over (227579 <= id <= 228578)  (cost=378 rows=1872)


table 2 : explain SELECT SUM(k) FROM sbtest2 WHERE id BETWEEN 8521281 AND 8522280
	-> Aggregate: sum(sbtest2.k)  (cost=794 rows=1)
    -> Filter: (sbtest2.id between 8521281 and 8522280)  (cost=371 rows=1838)
        -> Index range scan on sbtest2 using PRIMARY over (8521281 <= id <= 8522280)  (cost=371 rows=1838)


table 3 : explain SELECT SUM(k) FROM sbtest3 WHERE id BETWEEN 1322244 AND 1323243
	-> Aggregate: sum(sbtest3.k)  (cost=794 rows=1)
    -> Filter: (sbtest3.id between 1322244 and 1323243)  (cost=371 rows=1838)
        -> Index range scan on sbtest3 using PRIMARY over (1322244 <= id <= 1323243)  (cost=371 rows=1838)


table 4 : explain SELECT SUM(k) FROM sbtest4 WHERE id BETWEEN 123069 AND 124068
	-> Aggregate: sum(sbtest4.k)  (cost=794 rows=1)
    -> Filter: (sbtest4.id between 123069 and 124068)  (cost=371 rows=1838)
        -> Index range scan on sbtest4 using PRIMARY over (123069 <= id <= 124068)  (cost=371 rows=1838)


table 5 : explain SELECT SUM(k) FROM sbtest5 WHERE id BETWEEN 9985290 AND 9986289
	-> Aggregate: sum(sbtest5.k)  (cost=809 rows=1)
    -> Filter: (sbtest5.id between 9985290 and 9986289)  (cost=378 rows=1872)
        -> Index range scan on sbtest5 using PRIMARY over (9985290 <= id <= 9986289)  (cost=378 rows=1872)


table 6 : explain SELECT SUM(k) FROM sbtest6 WHERE id BETWEEN 6928301 AND 6929300
	-> Aggregate: sum(sbtest6.k)  (cost=794 rows=1)
    -> Filter: (sbtest6.id between 6928301 and 6929300)  (cost=371 rows=1838)
        -> Index range scan on sbtest6 using PRIMARY over (6928301 <= id <= 6929300)  (cost=371 rows=1838)


table 7 : explain SELECT SUM(k) FROM sbtest7 WHERE id BETWEEN 5184584 AND 5185583
	-> Aggregate: sum(sbtest7.k)  (cost=809 rows=1)
    -> Filter: (sbtest7.id between 5184584 and 5185583)  (cost=378 rows=1872)
        -> Index range scan on sbtest7 using PRIMARY over (5184584 <= id <= 5185583)  (cost=378 rows=1872)


table 8 : explain SELECT SUM(k) FROM sbtest8 WHERE id BETWEEN 1308059 AND 1309058
	-> Aggregate: sum(sbtest8.k)  (cost=809 rows=1)
    -> Filter: (sbtest8.id between 1308059 and 1309058)  (cost=378 rows=1872)
        -> Index range scan on sbtest8 using PRIMARY over (1308059 <= id <= 1309058)  (cost=378 rows=1872)


for: sum_ranges
table 1 : explain SELECT SUM(k) FROM sbtest1 WHERE id BETWEEN 7361849 AND 7362848
	-> Aggregate: sum(sbtest1.k)  (cost=794 rows=1)
    -> Filter: (sbtest1.id between 7361849 and 7362848)  (cost=371 rows=1838)
        -> Index range scan on sbtest1 using PRIMARY over (7361849 <= id <= 7362848)  (cost=371 rows=1838)


table 2 : explain SELECT SUM(k) FROM sbtest2 WHERE id BETWEEN 3961198 AND 3962197
	-> Aggregate: sum(sbtest2.k)  (cost=794 rows=1)
    -> Filter: (sbtest2.id between 3961198 and 3962197)  (cost=371 rows=1838)
        -> Index range scan on sbtest2 using PRIMARY over (3961198 <= id <= 3962197)  (cost=371 rows=1838)


table 3 : explain SELECT SUM(k) FROM sbtest3 WHERE id BETWEEN 2352967 AND 2353966
	-> Aggregate: sum(sbtest3.k)  (cost=794 rows=1)
    -> Filter: (sbtest3.id between 2352967 and 2353966)  (cost=371 rows=1838)
        -> Index range scan on sbtest3 using PRIMARY over (2352967 <= id <= 2353966)  (cost=371 rows=1838)


table 4 : explain SELECT SUM(k) FROM sbtest4 WHERE id BETWEEN 1370649 AND 1371648
	-> Aggregate: sum(sbtest4.k)  (cost=794 rows=1)
    -> Filter: (sbtest4.id between 1370649 and 1371648)  (cost=371 rows=1838)
        -> Index range scan on sbtest4 using PRIMARY over (1370649 <= id <= 1371648)  (cost=371 rows=1838)


table 5 : explain SELECT SUM(k) FROM sbtest5 WHERE id BETWEEN 9283086 AND 9284085
	-> Aggregate: sum(sbtest5.k)  (cost=809 rows=1)
    -> Filter: (sbtest5.id between 9283086 and 9284085)  (cost=378 rows=1872)
        -> Index range scan on sbtest5 using PRIMARY over (9283086 <= id <= 9284085)  (cost=378 rows=1872)


table 6 : explain SELECT SUM(k) FROM sbtest6 WHERE id BETWEEN 4586274 AND 4587273
	-> Aggregate: sum(sbtest6.k)  (cost=809 rows=1)
    -> Filter: (sbtest6.id between 4586274 and 4587273)  (cost=378 rows=1872)
        -> Index range scan on sbtest6 using PRIMARY over (4586274 <= id <= 4587273)  (cost=378 rows=1872)


table 7 : explain SELECT SUM(k) FROM sbtest7 WHERE id BETWEEN 3372779 AND 3373778
	-> Aggregate: sum(sbtest7.k)  (cost=794 rows=1)
    -> Filter: (sbtest7.id between 3372779 and 3373778)  (cost=371 rows=1838)
        -> Index range scan on sbtest7 using PRIMARY over (3372779 <= id <= 3373778)  (cost=371 rows=1838)


table 8 : explain SELECT SUM(k) FROM sbtest8 WHERE id BETWEEN 344519 AND 345518
	-> Aggregate: sum(sbtest8.k)  (cost=794 rows=1)
    -> Filter: (sbtest8.id between 344519 and 345518)  (cost=371 rows=1838)
        -> Index range scan on sbtest8 using PRIMARY over (344519 <= id <= 345518)  (cost=371 rows=1838)


for: sum_ranges
table 1 : explain SELECT SUM(k) FROM sbtest1 WHERE id BETWEEN 2803184 AND 2804183
	-> Aggregate: sum(sbtest1.k)  (cost=809 rows=1)
    -> Filter: (sbtest1.id between 2803184 and 2804183)  (cost=378 rows=1872)
        -> Index range scan on sbtest1 using PRIMARY over (2803184 <= id <= 2804183)  (cost=378 rows=1872)


table 2 : explain SELECT SUM(k) FROM sbtest2 WHERE id BETWEEN 9214964 AND 9215963
	-> Aggregate: sum(sbtest2.k)  (cost=794 rows=1)
    -> Filter: (sbtest2.id between 9214964 and 9215963)  (cost=371 rows=1838)
        -> Index range scan on sbtest2 using PRIMARY over (9214964 <= id <= 9215963)  (cost=371 rows=1838)


table 3 : explain SELECT SUM(k) FROM sbtest3 WHERE id BETWEEN 1540085 AND 1541084
	-> Aggregate: sum(sbtest3.k)  (cost=794 rows=1)
    -> Filter: (sbtest3.id between 1540085 and 1541084)  (cost=371 rows=1838)
        -> Index range scan on sbtest3 using PRIMARY over (1540085 <= id <= 1541084)  (cost=371 rows=1838)


table 4 : explain SELECT SUM(k) FROM sbtest4 WHERE id BETWEEN 5008607 AND 5009606
	-> Aggregate: sum(sbtest4.k)  (cost=794 rows=1)
    -> Filter: (sbtest4.id between 5008607 and 5009606)  (cost=371 rows=1838)
        -> Index range scan on sbtest4 using PRIMARY over (5008607 <= id <= 5009606)  (cost=371 rows=1838)


table 5 : explain SELECT SUM(k) FROM sbtest5 WHERE id BETWEEN 8770528 AND 8771527
	-> Aggregate: sum(sbtest5.k)  (cost=794 rows=1)
    -> Filter: (sbtest5.id between 8770528 and 8771527)  (cost=371 rows=1838)
        -> Index range scan on sbtest5 using PRIMARY over (8770528 <= id <= 8771527)  (cost=371 rows=1838)


table 6 : explain SELECT SUM(k) FROM sbtest6 WHERE id BETWEEN 6312961 AND 6313960
	-> Aggregate: sum(sbtest6.k)  (cost=794 rows=1)
    -> Filter: (sbtest6.id between 6312961 and 6313960)  (cost=371 rows=1838)
        -> Index range scan on sbtest6 using PRIMARY over (6312961 <= id <= 6313960)  (cost=371 rows=1838)


table 7 : explain SELECT SUM(k) FROM sbtest7 WHERE id BETWEEN 2881595 AND 2882594
	-> Aggregate: sum(sbtest7.k)  (cost=794 rows=1)
    -> Filter: (sbtest7.id between 2881595 and 2882594)  (cost=371 rows=1838)
        -> Index range scan on sbtest7 using PRIMARY over (2881595 <= id <= 2882594)  (cost=371 rows=1838)


table 8 : explain SELECT SUM(k) FROM sbtest8 WHERE id BETWEEN 4121562 AND 4122561
	-> Aggregate: sum(sbtest8.k)  (cost=809 rows=1)
    -> Filter: (sbtest8.id between 4121562 and 4122561)  (cost=378 rows=1872)
        -> Index range scan on sbtest8 using PRIMARY over (4121562 <= id <= 4122561)  (cost=378 rows=1872)


for: sum_ranges
table 1 : explain SELECT SUM(k) FROM sbtest1 WHERE id BETWEEN 4890156 AND 4891155
	-> Aggregate: sum(sbtest1.k)  (cost=794 rows=1)
    -> Filter: (sbtest1.id between 4890156 and 4891155)  (cost=371 rows=1838)
        -> Index range scan on sbtest1 using PRIMARY over (4890156 <= id <= 4891155)  (cost=371 rows=1838)


table 2 : explain SELECT SUM(k) FROM sbtest2 WHERE id BETWEEN 5210765 AND 5211764
	-> Aggregate: sum(sbtest2.k)  (cost=794 rows=1)
    -> Filter: (sbtest2.id between 5210765 and 5211764)  (cost=371 rows=1838)
        -> Index range scan on sbtest2 using PRIMARY over (5210765 <= id <= 5211764)  (cost=371 rows=1838)


table 3 : explain SELECT SUM(k) FROM sbtest3 WHERE id BETWEEN 390700 AND 391699
	-> Aggregate: sum(sbtest3.k)  (cost=794 rows=1)
    -> Filter: (sbtest3.id between 390700 and 391699)  (cost=371 rows=1838)
        -> Index range scan on sbtest3 using PRIMARY over (390700 <= id <= 391699)  (cost=371 rows=1838)


table 4 : explain SELECT SUM(k) FROM sbtest4 WHERE id BETWEEN 3355573 AND 3356572
	-> Aggregate: sum(sbtest4.k)  (cost=809 rows=1)
    -> Filter: (sbtest4.id between 3355573 and 3356572)  (cost=378 rows=1872)
        -> Index range scan on sbtest4 using PRIMARY over (3355573 <= id <= 3356572)  (cost=378 rows=1872)


table 5 : explain SELECT SUM(k) FROM sbtest5 WHERE id BETWEEN 4910239 AND 4911238
	-> Aggregate: sum(sbtest5.k)  (cost=809 rows=1)
    -> Filter: (sbtest5.id between 4910239 and 4911238)  (cost=378 rows=1872)
        -> Index range scan on sbtest5 using PRIMARY over (4910239 <= id <= 4911238)  (cost=378 rows=1872)


table 6 : explain SELECT SUM(k) FROM sbtest6 WHERE id BETWEEN 739516 AND 740515
	-> Aggregate: sum(sbtest6.k)  (cost=794 rows=1)
    -> Filter: (sbtest6.id between 739516 and 740515)  (cost=371 rows=1838)
        -> Index range scan on sbtest6 using PRIMARY over (739516 <= id <= 740515)  (cost=371 rows=1838)


table 7 : explain SELECT SUM(k) FROM sbtest7 WHERE id BETWEEN 1059754 AND 1060753
	-> Aggregate: sum(sbtest7.k)  (cost=794 rows=1)
    -> Filter: (sbtest7.id between 1059754 and 1060753)  (cost=371 rows=1838)
        -> Index range scan on sbtest7 using PRIMARY over (1059754 <= id <= 1060753)  (cost=371 rows=1838)


table 8 : explain SELECT SUM(k) FROM sbtest8 WHERE id BETWEEN 9105269 AND 9106268
	-> Aggregate: sum(sbtest8.k)  (cost=809 rows=1)
    -> Filter: (sbtest8.id between 9105269 and 9106268)  (cost=378 rows=1872)
        -> Index range scan on sbtest8 using PRIMARY over (9105269 <= id <= 9106268)  (cost=378 rows=1872)


for: order_ranges
table 1 : explain SELECT c FROM sbtest1 WHERE id BETWEEN 3270154 AND 3271153 ORDER BY c
	-> Sort: sbtest1.c  (cost=378 rows=1872)
    -> Filter: (sbtest1.id between 3270154 and 3271153)  (cost=378 rows=1872)
        -> Index range scan on sbtest1 using PRIMARY over (3270154 <= id <= 3271153)  (cost=378 rows=1872)


table 2 : explain SELECT c FROM sbtest2 WHERE id BETWEEN 9033982 AND 9034981 ORDER BY c
	-> Sort: sbtest2.c  (cost=371 rows=1838)
    -> Filter: (sbtest2.id between 9033982 and 9034981)  (cost=371 rows=1838)
        -> Index range scan on sbtest2 using PRIMARY over (9033982 <= id <= 9034981)  (cost=371 rows=1838)


table 3 : explain SELECT c FROM sbtest3 WHERE id BETWEEN 1579531 AND 1580530 ORDER BY c
	-> Sort: sbtest3.c  (cost=371 rows=1838)
    -> Filter: (sbtest3.id between 1579531 and 1580530)  (cost=371 rows=1838)
        -> Index range scan on sbtest3 using PRIMARY over (1579531 <= id <= 1580530)  (cost=371 rows=1838)


table 4 : explain SELECT c FROM sbtest4 WHERE id BETWEEN 1693450 AND 1694449 ORDER BY c
	-> Sort: sbtest4.c  (cost=371 rows=1838)
    -> Filter: (sbtest4.id between 1693450 and 1694449)  (cost=371 rows=1838)
        -> Index range scan on sbtest4 using PRIMARY over (1693450 <= id <= 1694449)  (cost=371 rows=1838)


table 5 : explain SELECT c FROM sbtest5 WHERE id BETWEEN 841884 AND 842883 ORDER BY c
	-> Sort: sbtest5.c  (cost=378 rows=1872)
    -> Filter: (sbtest5.id between 841884 and 842883)  (cost=378 rows=1872)
        -> Index range scan on sbtest5 using PRIMARY over (841884 <= id <= 842883)  (cost=378 rows=1872)


table 6 : explain SELECT c FROM sbtest6 WHERE id BETWEEN 1657787 AND 1658786 ORDER BY c
	-> Sort: sbtest6.c  (cost=371 rows=1838)
    -> Filter: (sbtest6.id between 1657787 and 1658786)  (cost=371 rows=1838)
        -> Index range scan on sbtest6 using PRIMARY over (1657787 <= id <= 1658786)  (cost=371 rows=1838)


table 7 : explain SELECT c FROM sbtest7 WHERE id BETWEEN 2687990 AND 2688989 ORDER BY c
	-> Sort: sbtest7.c  (cost=378 rows=1872)
    -> Filter: (sbtest7.id between 2687990 and 2688989)  (cost=378 rows=1872)
        -> Index range scan on sbtest7 using PRIMARY over (2687990 <= id <= 2688989)  (cost=378 rows=1872)


table 8 : explain SELECT c FROM sbtest8 WHERE id BETWEEN 1469930 AND 1470929 ORDER BY c
	-> Sort: sbtest8.c  (cost=371 rows=1838)
    -> Filter: (sbtest8.id between 1469930 and 1470929)  (cost=371 rows=1838)
        -> Index range scan on sbtest8 using PRIMARY over (1469930 <= id <= 1470929)  (cost=371 rows=1838)


for: sum_ranges
table 1 : explain SELECT SUM(k) FROM sbtest1 WHERE id BETWEEN 4940661 AND 4941660
	-> Aggregate: sum(sbtest1.k)  (cost=794 rows=1)
    -> Filter: (sbtest1.id between 4940661 and 4941660)  (cost=371 rows=1838)
        -> Index range scan on sbtest1 using PRIMARY over (4940661 <= id <= 4941660)  (cost=371 rows=1838)


table 2 : explain SELECT SUM(k) FROM sbtest2 WHERE id BETWEEN 4865870 AND 4866869
	-> Aggregate: sum(sbtest2.k)  (cost=809 rows=1)
    -> Filter: (sbtest2.id between 4865870 and 4866869)  (cost=378 rows=1872)
        -> Index range scan on sbtest2 using PRIMARY over (4865870 <= id <= 4866869)  (cost=378 rows=1872)


table 3 : explain SELECT SUM(k) FROM sbtest3 WHERE id BETWEEN 3211622 AND 3212621
	-> Aggregate: sum(sbtest3.k)  (cost=794 rows=1)
    -> Filter: (sbtest3.id between 3211622 and 3212621)  (cost=371 rows=1838)
        -> Index range scan on sbtest3 using PRIMARY over (3211622 <= id <= 3212621)  (cost=371 rows=1838)


table 4 : explain SELECT SUM(k) FROM sbtest4 WHERE id BETWEEN 6133161 AND 6134160
	-> Aggregate: sum(sbtest4.k)  (cost=794 rows=1)
    -> Filter: (sbtest4.id between 6133161 and 6134160)  (cost=371 rows=1838)
        -> Index range scan on sbtest4 using PRIMARY over (6133161 <= id <= 6134160)  (cost=371 rows=1838)


table 5 : explain SELECT SUM(k) FROM sbtest5 WHERE id BETWEEN 3964203 AND 3965202
	-> Aggregate: sum(sbtest5.k)  (cost=794 rows=1)
    -> Filter: (sbtest5.id between 3964203 and 3965202)  (cost=371 rows=1838)
        -> Index range scan on sbtest5 using PRIMARY over (3964203 <= id <= 3965202)  (cost=371 rows=1838)


table 6 : explain SELECT SUM(k) FROM sbtest6 WHERE id BETWEEN 9866492 AND 9867491
	-> Aggregate: sum(sbtest6.k)  (cost=794 rows=1)
    -> Filter: (sbtest6.id between 9866492 and 9867491)  (cost=371 rows=1838)
        -> Index range scan on sbtest6 using PRIMARY over (9866492 <= id <= 9867491)  (cost=371 rows=1838)


table 7 : explain SELECT SUM(k) FROM sbtest7 WHERE id BETWEEN 4700817 AND 4701816
	-> Aggregate: sum(sbtest7.k)  (cost=809 rows=1)
    -> Filter: (sbtest7.id between 4700817 and 4701816)  (cost=378 rows=1872)
        -> Index range scan on sbtest7 using PRIMARY over (4700817 <= id <= 4701816)  (cost=378 rows=1872)


table 8 : explain SELECT SUM(k) FROM sbtest8 WHERE id BETWEEN 3260647 AND 3261646
	-> Aggregate: sum(sbtest8.k)  (cost=794 rows=1)
    -> Filter: (sbtest8.id between 3260647 and 3261646)  (cost=371 rows=1838)
        -> Index range scan on sbtest8 using PRIMARY over (3260647 <= id <= 3261646)  (cost=371 rows=1838)


for: sum_ranges
table 1 : explain SELECT SUM(k) FROM sbtest1 WHERE id BETWEEN 4164500 AND 4165499
	-> Aggregate: sum(sbtest1.k)  (cost=794 rows=1)
    -> Filter: (sbtest1.id between 4164500 and 4165499)  (cost=371 rows=1838)
        -> Index range scan on sbtest1 using PRIMARY over (4164500 <= id <= 4165499)  (cost=371 rows=1838)


table 2 : explain SELECT SUM(k) FROM sbtest2 WHERE id BETWEEN 6850541 AND 6851540
	-> Aggregate: sum(sbtest2.k)  (cost=794 rows=1)
    -> Filter: (sbtest2.id between 6850541 and 6851540)  (cost=371 rows=1838)
        -> Index range scan on sbtest2 using PRIMARY over (6850541 <= id <= 6851540)  (cost=371 rows=1838)


table 3 : explain SELECT SUM(k) FROM sbtest3 WHERE id BETWEEN 3733483 AND 3734482
	-> Aggregate: sum(sbtest3.k)  (cost=809 rows=1)
    -> Filter: (sbtest3.id between 3733483 and 3734482)  (cost=378 rows=1872)
        -> Index range scan on sbtest3 using PRIMARY over (3733483 <= id <= 3734482)  (cost=378 rows=1872)


table 4 : explain SELECT SUM(k) FROM sbtest4 WHERE id BETWEEN 4875730 AND 4876729
	-> Aggregate: sum(sbtest4.k)  (cost=794 rows=1)
    -> Filter: (sbtest4.id between 4875730 and 4876729)  (cost=371 rows=1838)
        -> Index range scan on sbtest4 using PRIMARY over (4875730 <= id <= 4876729)  (cost=371 rows=1838)


table 5 : explain SELECT SUM(k) FROM sbtest5 WHERE id BETWEEN 5786770 AND 5787769
	-> Aggregate: sum(sbtest5.k)  (cost=794 rows=1)
    -> Filter: (sbtest5.id between 5786770 and 5787769)  (cost=371 rows=1838)
        -> Index range scan on sbtest5 using PRIMARY over (5786770 <= id <= 5787769)  (cost=371 rows=1838)


table 6 : explain SELECT SUM(k) FROM sbtest6 WHERE id BETWEEN 6573307 AND 6574306
	-> Aggregate: sum(sbtest6.k)  (cost=794 rows=1)
    -> Filter: (sbtest6.id between 6573307 and 6574306)  (cost=371 rows=1838)
        -> Index range scan on sbtest6 using PRIMARY over (6573307 <= id <= 6574306)  (cost=371 rows=1838)


table 7 : explain SELECT SUM(k) FROM sbtest7 WHERE id BETWEEN 4702428 AND 4703427
	-> Aggregate: sum(sbtest7.k)  (cost=794 rows=1)
    -> Filter: (sbtest7.id between 4702428 and 4703427)  (cost=371 rows=1838)
        -> Index range scan on sbtest7 using PRIMARY over (4702428 <= id <= 4703427)  (cost=371 rows=1838)


table 8 : explain SELECT SUM(k) FROM sbtest8 WHERE id BETWEEN 9758068 AND 9759067
	-> Aggregate: sum(sbtest8.k)  (cost=794 rows=1)
    -> Filter: (sbtest8.id between 9758068 and 9759067)  (cost=371 rows=1838)
        -> Index range scan on sbtest8 using PRIMARY over (9758068 <= id <= 9759067)  (cost=371 rows=1838)


for: sum_ranges
table 1 : explain SELECT SUM(k) FROM sbtest1 WHERE id BETWEEN 2471510 AND 2472509
	-> Aggregate: sum(sbtest1.k)  (cost=794 rows=1)
    -> Filter: (sbtest1.id between 2471510 and 2472509)  (cost=371 rows=1838)
        -> Index range scan on sbtest1 using PRIMARY over (2471510 <= id <= 2472509)  (cost=371 rows=1838)


table 2 : explain SELECT SUM(k) FROM sbtest2 WHERE id BETWEEN 9924107 AND 9925106
	-> Aggregate: sum(sbtest2.k)  (cost=809 rows=1)
    -> Filter: (sbtest2.id between 9924107 and 9925106)  (cost=378 rows=1872)
        -> Index range scan on sbtest2 using PRIMARY over (9924107 <= id <= 9925106)  (cost=378 rows=1872)


table 3 : explain SELECT SUM(k) FROM sbtest3 WHERE id BETWEEN 1399256 AND 1400255
	-> Aggregate: sum(sbtest3.k)  (cost=794 rows=1)
    -> Filter: (sbtest3.id between 1399256 and 1400255)  (cost=371 rows=1838)
        -> Index range scan on sbtest3 using PRIMARY over (1399256 <= id <= 1400255)  (cost=371 rows=1838)


table 4 : explain SELECT SUM(k) FROM sbtest4 WHERE id BETWEEN 616088 AND 617087
	-> Aggregate: sum(sbtest4.k)  (cost=809 rows=1)
    -> Filter: (sbtest4.id between 616088 and 617087)  (cost=378 rows=1872)
        -> Index range scan on sbtest4 using PRIMARY over (616088 <= id <= 617087)  (cost=378 rows=1872)


table 5 : explain SELECT SUM(k) FROM sbtest5 WHERE id BETWEEN 3676526 AND 3677525
	-> Aggregate: sum(sbtest5.k)  (cost=794 rows=1)
    -> Filter: (sbtest5.id between 3676526 and 3677525)  (cost=371 rows=1838)
        -> Index range scan on sbtest5 using PRIMARY over (3676526 <= id <= 3677525)  (cost=371 rows=1838)


table 6 : explain SELECT SUM(k) FROM sbtest6 WHERE id BETWEEN 3557372 AND 3558371
	-> Aggregate: sum(sbtest6.k)  (cost=794 rows=1)
    -> Filter: (sbtest6.id between 3557372 and 3558371)  (cost=371 rows=1838)
        -> Index range scan on sbtest6 using PRIMARY over (3557372 <= id <= 3558371)  (cost=371 rows=1838)


table 7 : explain SELECT SUM(k) FROM sbtest7 WHERE id BETWEEN 8580384 AND 8581383
	-> Aggregate: sum(sbtest7.k)  (cost=795 rows=1)
    -> Filter: (sbtest7.id between 8580384 and 8581383)  (cost=371 rows=1840)
        -> Index range scan on sbtest7 using PRIMARY over (8580384 <= id <= 8581383)  (cost=371 rows=1840)


table 8 : explain SELECT SUM(k) FROM sbtest8 WHERE id BETWEEN 4311827 AND 4312826
	-> Aggregate: sum(sbtest8.k)  (cost=794 rows=1)
    -> Filter: (sbtest8.id between 4311827 and 4312826)  (cost=371 rows=1838)
        -> Index range scan on sbtest8 using PRIMARY over (4311827 <= id <= 4312826)  (cost=371 rows=1838)


for: sum_ranges
table 1 : explain SELECT SUM(k) FROM sbtest1 WHERE id BETWEEN 6590917 AND 6591916
	-> Aggregate: sum(sbtest1.k)  (cost=809 rows=1)
    -> Filter: (sbtest1.id between 6590917 and 6591916)  (cost=378 rows=1872)
        -> Index range scan on sbtest1 using PRIMARY over (6590917 <= id <= 6591916)  (cost=378 rows=1872)


table 2 : explain SELECT SUM(k) FROM sbtest2 WHERE id BETWEEN 2959065 AND 2960064
	-> Aggregate: sum(sbtest2.k)  (cost=794 rows=1)
    -> Filter: (sbtest2.id between 2959065 and 2960064)  (cost=371 rows=1838)
        -> Index range scan on sbtest2 using PRIMARY over (2959065 <= id <= 2960064)  (cost=371 rows=1838)


table 3 : explain SELECT SUM(k) FROM sbtest3 WHERE id BETWEEN 7935418 AND 7936417
	-> Aggregate: sum(sbtest3.k)  (cost=794 rows=1)
    -> Filter: (sbtest3.id between 7935418 and 7936417)  (cost=371 rows=1838)
        -> Index range scan on sbtest3 using PRIMARY over (7935418 <= id <= 7936417)  (cost=371 rows=1838)


table 4 : explain SELECT SUM(k) FROM sbtest4 WHERE id BETWEEN 71062 AND 72061
	-> Aggregate: sum(sbtest4.k)  (cost=794 rows=1)
    -> Filter: (sbtest4.id between 71062 and 72061)  (cost=371 rows=1838)
        -> Index range scan on sbtest4 using PRIMARY over (71062 <= id <= 72061)  (cost=371 rows=1838)


table 5 : explain SELECT SUM(k) FROM sbtest5 WHERE id BETWEEN 9612163 AND 9613162
	-> Aggregate: sum(sbtest5.k)  (cost=794 rows=1)
    -> Filter: (sbtest5.id between 9612163 and 9613162)  (cost=371 rows=1838)
        -> Index range scan on sbtest5 using PRIMARY over (9612163 <= id <= 9613162)  (cost=371 rows=1838)


table 6 : explain SELECT SUM(k) FROM sbtest6 WHERE id BETWEEN 4901826 AND 4902825
	-> Aggregate: sum(sbtest6.k)  (cost=794 rows=1)
    -> Filter: (sbtest6.id between 4901826 and 4902825)  (cost=371 rows=1838)
        -> Index range scan on sbtest6 using PRIMARY over (4901826 <= id <= 4902825)  (cost=371 rows=1838)


table 7 : explain SELECT SUM(k) FROM sbtest7 WHERE id BETWEEN 4889830 AND 4890829
	-> Aggregate: sum(sbtest7.k)  (cost=794 rows=1)
    -> Filter: (sbtest7.id between 4889830 and 4890829)  (cost=371 rows=1838)
        -> Index range scan on sbtest7 using PRIMARY over (4889830 <= id <= 4890829)  (cost=371 rows=1838)


table 8 : explain SELECT SUM(k) FROM sbtest8 WHERE id BETWEEN 2767701 AND 2768700
	-> Aggregate: sum(sbtest8.k)  (cost=809 rows=1)
    -> Filter: (sbtest8.id between 2767701 and 2768700)  (cost=378 rows=1872)
        -> Index range scan on sbtest8 using PRIMARY over (2767701 <= id <= 2768700)  (cost=378 rows=1872)


for: sum_ranges
table 1 : explain SELECT SUM(k) FROM sbtest1 WHERE id BETWEEN 1606675 AND 1607674
	-> Aggregate: sum(sbtest1.k)  (cost=794 rows=1)
    -> Filter: (sbtest1.id between 1606675 and 1607674)  (cost=371 rows=1838)
        -> Index range scan on sbtest1 using PRIMARY over (1606675 <= id <= 1607674)  (cost=371 rows=1838)


table 2 : explain SELECT SUM(k) FROM sbtest2 WHERE id BETWEEN 6834476 AND 6835475
	-> Aggregate: sum(sbtest2.k)  (cost=794 rows=1)
    -> Filter: (sbtest2.id between 6834476 and 6835475)  (cost=371 rows=1838)
        -> Index range scan on sbtest2 using PRIMARY over (6834476 <= id <= 6835475)  (cost=371 rows=1838)


table 3 : explain SELECT SUM(k) FROM sbtest3 WHERE id BETWEEN 4552727 AND 4553726
	-> Aggregate: sum(sbtest3.k)  (cost=794 rows=1)
    -> Filter: (sbtest3.id between 4552727 and 4553726)  (cost=371 rows=1838)
        -> Index range scan on sbtest3 using PRIMARY over (4552727 <= id <= 4553726)  (cost=371 rows=1838)


table 4 : explain SELECT SUM(k) FROM sbtest4 WHERE id BETWEEN 3691572 AND 3692571
	-> Aggregate: sum(sbtest4.k)  (cost=794 rows=1)
    -> Filter: (sbtest4.id between 3691572 and 3692571)  (cost=371 rows=1838)
        -> Index range scan on sbtest4 using PRIMARY over (3691572 <= id <= 3692571)  (cost=371 rows=1838)


table 5 : explain SELECT SUM(k) FROM sbtest5 WHERE id BETWEEN 8579376 AND 8580375
	-> Aggregate: sum(sbtest5.k)  (cost=809 rows=1)
    -> Filter: (sbtest5.id between 8579376 and 8580375)  (cost=378 rows=1872)
        -> Index range scan on sbtest5 using PRIMARY over (8579376 <= id <= 8580375)  (cost=378 rows=1872)


table 6 : explain SELECT SUM(k) FROM sbtest6 WHERE id BETWEEN 3869089 AND 3870088
	-> Aggregate: sum(sbtest6.k)  (cost=794 rows=1)
    -> Filter: (sbtest6.id between 3869089 and 3870088)  (cost=371 rows=1838)
        -> Index range scan on sbtest6 using PRIMARY over (3869089 <= id <= 3870088)  (cost=371 rows=1838)


table 7 : explain SELECT SUM(k) FROM sbtest7 WHERE id BETWEEN 3446584 AND 3447583
	-> Aggregate: sum(sbtest7.k)  (cost=794 rows=1)
    -> Filter: (sbtest7.id between 3446584 and 3447583)  (cost=371 rows=1838)
        -> Index range scan on sbtest7 using PRIMARY over (3446584 <= id <= 3447583)  (cost=371 rows=1838)


table 8 : explain SELECT SUM(k) FROM sbtest8 WHERE id BETWEEN 2332854 AND 2333853
	-> Aggregate: sum(sbtest8.k)  (cost=794 rows=1)
    -> Filter: (sbtest8.id between 2332854 and 2333853)  (cost=371 rows=1838)
        -> Index range scan on sbtest8 using PRIMARY over (2332854 <= id <= 2333853)  (cost=371 rows=1838)


for: order_ranges
table 1 : explain SELECT c FROM sbtest1 WHERE id BETWEEN 4384918 AND 4385917 ORDER BY c
	-> Sort: sbtest1.c  (cost=371 rows=1838)
    -> Filter: (sbtest1.id between 4384918 and 4385917)  (cost=371 rows=1838)
        -> Index range scan on sbtest1 using PRIMARY over (4384918 <= id <= 4385917)  (cost=371 rows=1838)


table 2 : explain SELECT c FROM sbtest2 WHERE id BETWEEN 4227344 AND 4228343 ORDER BY c
	-> Sort: sbtest2.c  (cost=371 rows=1838)
    -> Filter: (sbtest2.id between 4227344 and 4228343)  (cost=371 rows=1838)
        -> Index range scan on sbtest2 using PRIMARY over (4227344 <= id <= 4228343)  (cost=371 rows=1838)


table 3 : explain SELECT c FROM sbtest3 WHERE id BETWEEN 6202187 AND 6203186 ORDER BY c
	-> Sort: sbtest3.c  (cost=371 rows=1838)
    -> Filter: (sbtest3.id between 6202187 and 6203186)  (cost=371 rows=1838)
        -> Index range scan on sbtest3 using PRIMARY over (6202187 <= id <= 6203186)  (cost=371 rows=1838)


table 4 : explain SELECT c FROM sbtest4 WHERE id BETWEEN 2191579 AND 2192578 ORDER BY c
	-> Sort: sbtest4.c  (cost=378 rows=1872)
    -> Filter: (sbtest4.id between 2191579 and 2192578)  (cost=378 rows=1872)
        -> Index range scan on sbtest4 using PRIMARY over (2191579 <= id <= 2192578)  (cost=378 rows=1872)


table 5 : explain SELECT c FROM sbtest5 WHERE id BETWEEN 9598512 AND 9599511 ORDER BY c
	-> Sort: sbtest5.c  (cost=371 rows=1838)
    -> Filter: (sbtest5.id between 9598512 and 9599511)  (cost=371 rows=1838)
        -> Index range scan on sbtest5 using PRIMARY over (9598512 <= id <= 9599511)  (cost=371 rows=1838)


table 6 : explain SELECT c FROM sbtest6 WHERE id BETWEEN 8524184 AND 8525183 ORDER BY c
	-> Sort: sbtest6.c  (cost=378 rows=1872)
    -> Filter: (sbtest6.id between 8524184 and 8525183)  (cost=378 rows=1872)
        -> Index range scan on sbtest6 using PRIMARY over (8524184 <= id <= 8525183)  (cost=378 rows=1872)


table 7 : explain SELECT c FROM sbtest7 WHERE id BETWEEN 2386903 AND 2387902 ORDER BY c
	-> Sort: sbtest7.c  (cost=371 rows=1838)
    -> Filter: (sbtest7.id between 2386903 and 2387902)  (cost=371 rows=1838)
        -> Index range scan on sbtest7 using PRIMARY over (2386903 <= id <= 2387902)  (cost=371 rows=1838)


table 8 : explain SELECT c FROM sbtest8 WHERE id BETWEEN 7153616 AND 7154615 ORDER BY c
	-> Sort: sbtest8.c  (cost=378 rows=1872)
    -> Filter: (sbtest8.id between 7153616 and 7154615)  (cost=378 rows=1872)
        -> Index range scan on sbtest8 using PRIMARY over (7153616 <= id <= 7154615)  (cost=378 rows=1872)


for: sum_ranges
table 1 : explain SELECT SUM(k) FROM sbtest1 WHERE id BETWEEN 9364326 AND 9365325
	-> Aggregate: sum(sbtest1.k)  (cost=794 rows=1)
    -> Filter: (sbtest1.id between 9364326 and 9365325)  (cost=371 rows=1838)
        -> Index range scan on sbtest1 using PRIMARY over (9364326 <= id <= 9365325)  (cost=371 rows=1838)


table 2 : explain SELECT SUM(k) FROM sbtest2 WHERE id BETWEEN 6111050 AND 6112049
	-> Aggregate: sum(sbtest2.k)  (cost=794 rows=1)
    -> Filter: (sbtest2.id between 6111050 and 6112049)  (cost=371 rows=1838)
        -> Index range scan on sbtest2 using PRIMARY over (6111050 <= id <= 6112049)  (cost=371 rows=1838)


table 3 : explain SELECT SUM(k) FROM sbtest3 WHERE id BETWEEN 5350777 AND 5351776
	-> Aggregate: sum(sbtest3.k)  (cost=794 rows=1)
    -> Filter: (sbtest3.id between 5350777 and 5351776)  (cost=371 rows=1838)
        -> Index range scan on sbtest3 using PRIMARY over (5350777 <= id <= 5351776)  (cost=371 rows=1838)


table 4 : explain SELECT SUM(k) FROM sbtest4 WHERE id BETWEEN 2756748 AND 2757747
	-> Aggregate: sum(sbtest4.k)  (cost=809 rows=1)
    -> Filter: (sbtest4.id between 2756748 and 2757747)  (cost=378 rows=1872)
        -> Index range scan on sbtest4 using PRIMARY over (2756748 <= id <= 2757747)  (cost=378 rows=1872)


table 5 : explain SELECT SUM(k) FROM sbtest5 WHERE id BETWEEN 9981481 AND 9982480
	-> Aggregate: sum(sbtest5.k)  (cost=809 rows=1)
    -> Filter: (sbtest5.id between 9981481 and 9982480)  (cost=378 rows=1872)
        -> Index range scan on sbtest5 using PRIMARY over (9981481 <= id <= 9982480)  (cost=378 rows=1872)


table 6 : explain SELECT SUM(k) FROM sbtest6 WHERE id BETWEEN 2445009 AND 2446008
	-> Aggregate: sum(sbtest6.k)  (cost=794 rows=1)
    -> Filter: (sbtest6.id between 2445009 and 2446008)  (cost=371 rows=1838)
        -> Index range scan on sbtest6 using PRIMARY over (2445009 <= id <= 2446008)  (cost=371 rows=1838)


table 7 : explain SELECT SUM(k) FROM sbtest7 WHERE id BETWEEN 2881379 AND 2882378
	-> Aggregate: sum(sbtest7.k)  (cost=794 rows=1)
    -> Filter: (sbtest7.id between 2881379 and 2882378)  (cost=371 rows=1838)
        -> Index range scan on sbtest7 using PRIMARY over (2881379 <= id <= 2882378)  (cost=371 rows=1838)


table 8 : explain SELECT SUM(k) FROM sbtest8 WHERE id BETWEEN 9013118 AND 9014117
	-> Aggregate: sum(sbtest8.k)  (cost=794 rows=1)
    -> Filter: (sbtest8.id between 9013118 and 9014117)  (cost=371 rows=1838)
        -> Index range scan on sbtest8 using PRIMARY over (9013118 <= id <= 9014117)  (cost=371 rows=1838)


for: sum_ranges
table 1 : explain SELECT SUM(k) FROM sbtest1 WHERE id BETWEEN 5927161 AND 5928160
	-> Aggregate: sum(sbtest1.k)  (cost=794 rows=1)
    -> Filter: (sbtest1.id between 5927161 and 5928160)  (cost=371 rows=1838)
        -> Index range scan on sbtest1 using PRIMARY over (5927161 <= id <= 5928160)  (cost=371 rows=1838)


table 2 : explain SELECT SUM(k) FROM sbtest2 WHERE id BETWEEN 3164729 AND 3165728
	-> Aggregate: sum(sbtest2.k)  (cost=794 rows=1)
    -> Filter: (sbtest2.id between 3164729 and 3165728)  (cost=371 rows=1838)
        -> Index range scan on sbtest2 using PRIMARY over (3164729 <= id <= 3165728)  (cost=371 rows=1838)


table 3 : explain SELECT SUM(k) FROM sbtest3 WHERE id BETWEEN 2743544 AND 2744543
	-> Aggregate: sum(sbtest3.k)  (cost=809 rows=1)
    -> Filter: (sbtest3.id between 2743544 and 2744543)  (cost=378 rows=1872)
        -> Index range scan on sbtest3 using PRIMARY over (2743544 <= id <= 2744543)  (cost=378 rows=1872)


table 4 : explain SELECT SUM(k) FROM sbtest4 WHERE id BETWEEN 2945240 AND 2946239
	-> Aggregate: sum(sbtest4.k)  (cost=809 rows=1)
    -> Filter: (sbtest4.id between 2945240 and 2946239)  (cost=378 rows=1872)
        -> Index range scan on sbtest4 using PRIMARY over (2945240 <= id <= 2946239)  (cost=378 rows=1872)


table 5 : explain SELECT SUM(k) FROM sbtest5 WHERE id BETWEEN 1341016 AND 1342015
	-> Aggregate: sum(sbtest5.k)  (cost=794 rows=1)
    -> Filter: (sbtest5.id between 1341016 and 1342015)  (cost=371 rows=1838)
        -> Index range scan on sbtest5 using PRIMARY over (1341016 <= id <= 1342015)  (cost=371 rows=1838)


table 6 : explain SELECT SUM(k) FROM sbtest6 WHERE id BETWEEN 7860769 AND 7861768
	-> Aggregate: sum(sbtest6.k)  (cost=809 rows=1)
    -> Filter: (sbtest6.id between 7860769 and 7861768)  (cost=378 rows=1872)
        -> Index range scan on sbtest6 using PRIMARY over (7860769 <= id <= 7861768)  (cost=378 rows=1872)


table 7 : explain SELECT SUM(k) FROM sbtest7 WHERE id BETWEEN 4553668 AND 4554667
	-> Aggregate: sum(sbtest7.k)  (cost=794 rows=1)
    -> Filter: (sbtest7.id between 4553668 and 4554667)  (cost=371 rows=1838)
        -> Index range scan on sbtest7 using PRIMARY over (4553668 <= id <= 4554667)  (cost=371 rows=1838)


table 8 : explain SELECT SUM(k) FROM sbtest8 WHERE id BETWEEN 5142861 AND 5143860
	-> Aggregate: sum(sbtest8.k)  (cost=794 rows=1)
    -> Filter: (sbtest8.id between 5142861 and 5143860)  (cost=371 rows=1838)
        -> Index range scan on sbtest8 using PRIMARY over (5142861 <= id <= 5143860)  (cost=371 rows=1838)


for: sum_ranges
table 1 : explain SELECT SUM(k) FROM sbtest1 WHERE id BETWEEN 6493968 AND 6494967
	-> Aggregate: sum(sbtest1.k)  (cost=794 rows=1)
    -> Filter: (sbtest1.id between 6493968 and 6494967)  (cost=371 rows=1838)
        -> Index range scan on sbtest1 using PRIMARY over (6493968 <= id <= 6494967)  (cost=371 rows=1838)


table 2 : explain SELECT SUM(k) FROM sbtest2 WHERE id BETWEEN 1680776 AND 1681775
	-> Aggregate: sum(sbtest2.k)  (cost=794 rows=1)
    -> Filter: (sbtest2.id between 1680776 and 1681775)  (cost=371 rows=1838)
        -> Index range scan on sbtest2 using PRIMARY over (1680776 <= id <= 1681775)  (cost=371 rows=1838)


table 3 : explain SELECT SUM(k) FROM sbtest3 WHERE id BETWEEN 9499703 AND 9500702
	-> Aggregate: sum(sbtest3.k)  (cost=794 rows=1)
    -> Filter: (sbtest3.id between 9499703 and 9500702)  (cost=371 rows=1838)
        -> Index range scan on sbtest3 using PRIMARY over (9499703 <= id <= 9500702)  (cost=371 rows=1838)


table 4 : explain SELECT SUM(k) FROM sbtest4 WHERE id BETWEEN 6433830 AND 6434829
	-> Aggregate: sum(sbtest4.k)  (cost=809 rows=1)
    -> Filter: (sbtest4.id between 6433830 and 6434829)  (cost=378 rows=1872)
        -> Index range scan on sbtest4 using PRIMARY over (6433830 <= id <= 6434829)  (cost=378 rows=1872)


table 5 : explain SELECT SUM(k) FROM sbtest5 WHERE id BETWEEN 5702697 AND 5703696
	-> Aggregate: sum(sbtest5.k)  (cost=794 rows=1)
    -> Filter: (sbtest5.id between 5702697 and 5703696)  (cost=371 rows=1838)
        -> Index range scan on sbtest5 using PRIMARY over (5702697 <= id <= 5703696)  (cost=371 rows=1838)


table 6 : explain SELECT SUM(k) FROM sbtest6 WHERE id BETWEEN 8420919 AND 8421918
	-> Aggregate: sum(sbtest6.k)  (cost=794 rows=1)
    -> Filter: (sbtest6.id between 8420919 and 8421918)  (cost=371 rows=1838)
        -> Index range scan on sbtest6 using PRIMARY over (8420919 <= id <= 8421918)  (cost=371 rows=1838)


table 7 : explain SELECT SUM(k) FROM sbtest7 WHERE id BETWEEN 848737 AND 849736
	-> Aggregate: sum(sbtest7.k)  (cost=809 rows=1)
    -> Filter: (sbtest7.id between 848737 and 849736)  (cost=378 rows=1872)
        -> Index range scan on sbtest7 using PRIMARY over (848737 <= id <= 849736)  (cost=378 rows=1872)


table 8 : explain SELECT SUM(k) FROM sbtest8 WHERE id BETWEEN 8934646 AND 8935645
	-> Aggregate: sum(sbtest8.k)  (cost=794 rows=1)
    -> Filter: (sbtest8.id between 8934646 and 8935645)  (cost=371 rows=1838)
        -> Index range scan on sbtest8 using PRIMARY over (8934646 <= id <= 8935645)  (cost=371 rows=1838)


for: sum_ranges
table 1 : explain SELECT SUM(k) FROM sbtest1 WHERE id BETWEEN 2189209 AND 2190208
	-> Aggregate: sum(sbtest1.k)  (cost=794 rows=1)
    -> Filter: (sbtest1.id between 2189209 and 2190208)  (cost=371 rows=1838)
        -> Index range scan on sbtest1 using PRIMARY over (2189209 <= id <= 2190208)  (cost=371 rows=1838)


table 2 : explain SELECT SUM(k) FROM sbtest2 WHERE id BETWEEN 5985635 AND 5986634
	-> Aggregate: sum(sbtest2.k)  (cost=794 rows=1)
    -> Filter: (sbtest2.id between 5985635 and 5986634)  (cost=371 rows=1838)
        -> Index range scan on sbtest2 using PRIMARY over (5985635 <= id <= 5986634)  (cost=371 rows=1838)


table 3 : explain SELECT SUM(k) FROM sbtest3 WHERE id BETWEEN 3746125 AND 3747124
	-> Aggregate: sum(sbtest3.k)  (cost=809 rows=1)
    -> Filter: (sbtest3.id between 3746125 and 3747124)  (cost=378 rows=1872)
        -> Index range scan on sbtest3 using PRIMARY over (3746125 <= id <= 3747124)  (cost=378 rows=1872)


table 4 : explain SELECT SUM(k) FROM sbtest4 WHERE id BETWEEN 7169611 AND 7170610
	-> Aggregate: sum(sbtest4.k)  (cost=794 rows=1)
    -> Filter: (sbtest4.id between 7169611 and 7170610)  (cost=371 rows=1838)
        -> Index range scan on sbtest4 using PRIMARY over (7169611 <= id <= 7170610)  (cost=371 rows=1838)


table 5 : explain SELECT SUM(k) FROM sbtest5 WHERE id BETWEEN 6564746 AND 6565745
	-> Aggregate: sum(sbtest5.k)  (cost=794 rows=1)
    -> Filter: (sbtest5.id between 6564746 and 6565745)  (cost=371 rows=1838)
        -> Index range scan on sbtest5 using PRIMARY over (6564746 <= id <= 6565745)  (cost=371 rows=1838)


table 6 : explain SELECT SUM(k) FROM sbtest6 WHERE id BETWEEN 8154172 AND 8155171
	-> Aggregate: sum(sbtest6.k)  (cost=794 rows=1)
    -> Filter: (sbtest6.id between 8154172 and 8155171)  (cost=371 rows=1838)
        -> Index range scan on sbtest6 using PRIMARY over (8154172 <= id <= 8155171)  (cost=371 rows=1838)


table 7 : explain SELECT SUM(k) FROM sbtest7 WHERE id BETWEEN 4789955 AND 4790954
	-> Aggregate: sum(sbtest7.k)  (cost=794 rows=1)
    -> Filter: (sbtest7.id between 4789955 and 4790954)  (cost=371 rows=1838)
        -> Index range scan on sbtest7 using PRIMARY over (4789955 <= id <= 4790954)  (cost=371 rows=1838)


table 8 : explain SELECT SUM(k) FROM sbtest8 WHERE id BETWEEN 4896854 AND 4897853
	-> Aggregate: sum(sbtest8.k)  (cost=794 rows=1)
    -> Filter: (sbtest8.id between 4896854 and 4897853)  (cost=371 rows=1838)
        -> Index range scan on sbtest8 using PRIMARY over (4896854 <= id <= 4897853)  (cost=371 rows=1838)

for: order_ranges
table 1 : explain SELECT c FROM sbtest1 WHERE id BETWEEN 6751421 AND 6752420 ORDER BY c
	-> Sort: sbtest1.c  (cost=371 rows=1838)
    -> Filter: (sbtest1.id between 6751421 and 6752420)  (cost=371 rows=1838)
        -> Index range scan on sbtest1 using PRIMARY over (6751421 <= id <= 6752420)  (cost=371 rows=1838)


table 2 : explain SELECT c FROM sbtest2 WHERE id BETWEEN 6888824 AND 6889823 ORDER BY c
	-> Sort: sbtest2.c  (cost=371 rows=1838)
    -> Filter: (sbtest2.id between 6888824 and 6889823)  (cost=371 rows=1838)
        -> Index range scan on sbtest2 using PRIMARY over (6888824 <= id <= 6889823)  (cost=371 rows=1838)


table 3 : explain SELECT c FROM sbtest3 WHERE id BETWEEN 7334315 AND 7335314 ORDER BY c
	-> Sort: sbtest3.c  (cost=371 rows=1838)
    -> Filter: (sbtest3.id between 7334315 and 7335314)  (cost=371 rows=1838)
        -> Index range scan on sbtest3 using PRIMARY over (7334315 <= id <= 7335314)  (cost=371 rows=1838)


table 4 : explain SELECT c FROM sbtest4 WHERE id BETWEEN 5967978 AND 5968977 ORDER BY c
	-> Sort: sbtest4.c  (cost=371 rows=1838)
    -> Filter: (sbtest4.id between 5967978 and 5968977)  (cost=371 rows=1838)
        -> Index range scan on sbtest4 using PRIMARY over (5967978 <= id <= 5968977)  (cost=371 rows=1838)


table 5 : explain SELECT c FROM sbtest5 WHERE id BETWEEN 7558102 AND 7559101 ORDER BY c
	-> Sort: sbtest5.c  (cost=378 rows=1872)
    -> Filter: (sbtest5.id between 7558102 and 7559101)  (cost=378 rows=1872)
        -> Index range scan on sbtest5 using PRIMARY over (7558102 <= id <= 7559101)  (cost=378 rows=1872)


table 6 : explain SELECT c FROM sbtest6 WHERE id BETWEEN 4721231 AND 4722230 ORDER BY c
	-> Sort: sbtest6.c  (cost=371 rows=1838)
    -> Filter: (sbtest6.id between 4721231 and 4722230)  (cost=371 rows=1838)
        -> Index range scan on sbtest6 using PRIMARY over (4721231 <= id <= 4722230)  (cost=371 rows=1838)


table 7 : explain SELECT c FROM sbtest7 WHERE id BETWEEN 8752858 AND 8753857 ORDER BY c
	-> Sort: sbtest7.c  (cost=371 rows=1838)
    -> Filter: (sbtest7.id between 8752858 and 8753857)  (cost=371 rows=1838)
        -> Index range scan on sbtest7 using PRIMARY over (8752858 <= id <= 8753857)  (cost=371 rows=1838)


table 8 : explain SELECT c FROM sbtest8 WHERE id BETWEEN 2422403 AND 2423402 ORDER BY c
	-> Sort: sbtest8.c  (cost=378 rows=1872)
    -> Filter: (sbtest8.id between 2422403 and 2423402)  (cost=378 rows=1872)
        -> Index range scan on sbtest8 using PRIMARY over (2422403 <= id <= 2423402)  (cost=378 rows=1872)



for: sum_ranges
table 1 : explain SELECT SUM(k) FROM sbtest1 WHERE id BETWEEN 1984120 AND 1985119
	-> Aggregate: sum(sbtest1.k)  (cost=809 rows=1)
    -> Filter: (sbtest1.id between 1984120 and 1985119)  (cost=378 rows=1872)
        -> Index range scan on sbtest1 using PRIMARY over (1984120 <= id <= 1985119)  (cost=378 rows=1872)


table 2 : explain SELECT SUM(k) FROM sbtest2 WHERE id BETWEEN 7193993 AND 7194992
	-> Aggregate: sum(sbtest2.k)  (cost=794 rows=1)
    -> Filter: (sbtest2.id between 7193993 and 7194992)  (cost=371 rows=1838)
        -> Index range scan on sbtest2 using PRIMARY over (7193993 <= id <= 7194992)  (cost=371 rows=1838)


table 3 : explain SELECT SUM(k) FROM sbtest3 WHERE id BETWEEN 7991328 AND 7992327
	-> Aggregate: sum(sbtest3.k)  (cost=794 rows=1)
    -> Filter: (sbtest3.id between 7991328 and 7992327)  (cost=371 rows=1838)
        -> Index range scan on sbtest3 using PRIMARY over (7991328 <= id <= 7992327)  (cost=371 rows=1838)


table 4 : explain SELECT SUM(k) FROM sbtest4 WHERE id BETWEEN 907863 AND 908862
	-> Aggregate: sum(sbtest4.k)  (cost=794 rows=1)
    -> Filter: (sbtest4.id between 907863 and 908862)  (cost=371 rows=1838)
        -> Index range scan on sbtest4 using PRIMARY over (907863 <= id <= 908862)  (cost=371 rows=1838)


table 5 : explain SELECT SUM(k) FROM sbtest5 WHERE id BETWEEN 7416733 AND 7417732
	-> Aggregate: sum(sbtest5.k)  (cost=794 rows=1)
    -> Filter: (sbtest5.id between 7416733 and 7417732)  (cost=371 rows=1838)
        -> Index range scan on sbtest5 using PRIMARY over (7416733 <= id <= 7417732)  (cost=371 rows=1838)


table 6 : explain SELECT SUM(k) FROM sbtest6 WHERE id BETWEEN 4569157 AND 4570156
	-> Aggregate: sum(sbtest6.k)  (cost=794 rows=1)
    -> Filter: (sbtest6.id between 4569157 and 4570156)  (cost=371 rows=1838)
        -> Index range scan on sbtest6 using PRIMARY over (4569157 <= id <= 4570156)  (cost=371 rows=1838)


table 7 : explain SELECT SUM(k) FROM sbtest7 WHERE id BETWEEN 2415399 AND 2416398
	-> Aggregate: sum(sbtest7.k)  (cost=809 rows=1)
    -> Filter: (sbtest7.id between 2415399 and 2416398)  (cost=378 rows=1872)
        -> Index range scan on sbtest7 using PRIMARY over (2415399 <= id <= 2416398)  (cost=378 rows=1872)


table 8 : explain SELECT SUM(k) FROM sbtest8 WHERE id BETWEEN 2098501 AND 2099500
	-> Aggregate: sum(sbtest8.k)  (cost=809 rows=1)
    -> Filter: (sbtest8.id between 2098501 and 2099500)  (cost=378 rows=1872)
        -> Index range scan on sbtest8 using PRIMARY over (2098501 <= id <= 2099500)  (cost=378 rows=1872)


for: order_ranges
table 1 : explain SELECT c FROM sbtest1 WHERE id BETWEEN 2052636 AND 2053635 ORDER BY c
	-> Sort: sbtest1.c  (cost=371 rows=1838)
    -> Filter: (sbtest1.id between 2052636 and 2053635)  (cost=371 rows=1838)
        -> Index range scan on sbtest1 using PRIMARY over (2052636 <= id <= 2053635)  (cost=371 rows=1838)


table 2 : explain SELECT c FROM sbtest2 WHERE id BETWEEN 9386412 AND 9387411 ORDER BY c
	-> Sort: sbtest2.c  (cost=371 rows=1838)
    -> Filter: (sbtest2.id between 9386412 and 9387411)  (cost=371 rows=1838)
        -> Index range scan on sbtest2 using PRIMARY over (9386412 <= id <= 9387411)  (cost=371 rows=1838)


table 3 : explain SELECT c FROM sbtest3 WHERE id BETWEEN 8970665 AND 8971664 ORDER BY c
	-> Sort: sbtest3.c  (cost=371 rows=1838)
    -> Filter: (sbtest3.id between 8970665 and 8971664)  (cost=371 rows=1838)
        -> Index range scan on sbtest3 using PRIMARY over (8970665 <= id <= 8971664)  (cost=371 rows=1838)


table 4 : explain SELECT c FROM sbtest4 WHERE id BETWEEN 6300379 AND 6301378 ORDER BY c
	-> Sort: sbtest4.c  (cost=378 rows=1872)
    -> Filter: (sbtest4.id between 6300379 and 6301378)  (cost=378 rows=1872)
        -> Index range scan on sbtest4 using PRIMARY over (6300379 <= id <= 6301378)  (cost=378 rows=1872)


table 5 : explain SELECT c FROM sbtest5 WHERE id BETWEEN 7020830 AND 7021829 ORDER BY c
	-> Sort: sbtest5.c  (cost=378 rows=1872)
    -> Filter: (sbtest5.id between 7020830 and 7021829)  (cost=378 rows=1872)
        -> Index range scan on sbtest5 using PRIMARY over (7020830 <= id <= 7021829)  (cost=378 rows=1872)


table 6 : explain SELECT c FROM sbtest6 WHERE id BETWEEN 5026797 AND 5027796 ORDER BY c
	-> Sort: sbtest6.c  (cost=371 rows=1838)
    -> Filter: (sbtest6.id between 5026797 and 5027796)  (cost=371 rows=1838)
        -> Index range scan on sbtest6 using PRIMARY over (5026797 <= id <= 5027796)  (cost=371 rows=1838)


table 7 : explain SELECT c FROM sbtest7 WHERE id BETWEEN 8431913 AND 8432912 ORDER BY c
	-> Sort: sbtest7.c  (cost=378 rows=1872)
    -> Filter: (sbtest7.id between 8431913 and 8432912)  (cost=378 rows=1872)
        -> Index range scan on sbtest7 using PRIMARY over (8431913 <= id <= 8432912)  (cost=378 rows=1872)


table 8 : explain SELECT c FROM sbtest8 WHERE id BETWEEN 9418360 AND 9419359 ORDER BY c
	-> Sort: sbtest8.c  (cost=378 rows=1872)
    -> Filter: (sbtest8.id between 9418360 and 9419359)  (cost=378 rows=1872)
        -> Index range scan on sbtest8 using PRIMARY over (9418360 <= id <= 9419359)  (cost=378 rows=1872)


for: sum_ranges
table 1 : explain SELECT SUM(k) FROM sbtest1 WHERE id BETWEEN 5746427 AND 5747426
	-> Aggregate: sum(sbtest1.k)  (cost=794 rows=1)
    -> Filter: (sbtest1.id between 5746427 and 5747426)  (cost=371 rows=1838)
        -> Index range scan on sbtest1 using PRIMARY over (5746427 <= id <= 5747426)  (cost=371 rows=1838)


table 2 : explain SELECT SUM(k) FROM sbtest2 WHERE id BETWEEN 6172904 AND 6173903
	-> Aggregate: sum(sbtest2.k)  (cost=794 rows=1)
    -> Filter: (sbtest2.id between 6172904 and 6173903)  (cost=371 rows=1838)
        -> Index range scan on sbtest2 using PRIMARY over (6172904 <= id <= 6173903)  (cost=371 rows=1838)


table 3 : explain SELECT SUM(k) FROM sbtest3 WHERE id BETWEEN 6125537 AND 6126536
	-> Aggregate: sum(sbtest3.k)  (cost=794 rows=1)
    -> Filter: (sbtest3.id between 6125537 and 6126536)  (cost=371 rows=1838)
        -> Index range scan on sbtest3 using PRIMARY over (6125537 <= id <= 6126536)  (cost=371 rows=1838)


table 4 : explain SELECT SUM(k) FROM sbtest4 WHERE id BETWEEN 9995568 AND 9996567
	-> Aggregate: sum(sbtest4.k)  (cost=809 rows=1)
    -> Filter: (sbtest4.id between 9995568 and 9996567)  (cost=378 rows=1872)
        -> Index range scan on sbtest4 using PRIMARY over (9995568 <= id <= 9996567)  (cost=378 rows=1872)


table 5 : explain SELECT SUM(k) FROM sbtest5 WHERE id BETWEEN 3668873 AND 3669872
	-> Aggregate: sum(sbtest5.k)  (cost=809 rows=1)
    -> Filter: (sbtest5.id between 3668873 and 3669872)  (cost=378 rows=1872)
        -> Index range scan on sbtest5 using PRIMARY over (3668873 <= id <= 3669872)  (cost=378 rows=1872)


table 6 : explain SELECT SUM(k) FROM sbtest6 WHERE id BETWEEN 9607608 AND 9608607
	-> Aggregate: sum(sbtest6.k)  (cost=794 rows=1)
    -> Filter: (sbtest6.id between 9607608 and 9608607)  (cost=371 rows=1838)
        -> Index range scan on sbtest6 using PRIMARY over (9607608 <= id <= 9608607)  (cost=371 rows=1838)


table 7 : explain SELECT SUM(k) FROM sbtest7 WHERE id BETWEEN 4001777 AND 4002776
	-> Aggregate: sum(sbtest7.k)  (cost=794 rows=1)
    -> Filter: (sbtest7.id between 4001777 and 4002776)  (cost=371 rows=1838)
        -> Index range scan on sbtest7 using PRIMARY over (4001777 <= id <= 4002776)  (cost=371 rows=1838)


table 8 : explain SELECT SUM(k) FROM sbtest8 WHERE id BETWEEN 9625237 AND 9626236
	-> Aggregate: sum(sbtest8.k)  (cost=809 rows=1)
    -> Filter: (sbtest8.id between 9625237 and 9626236)  (cost=378 rows=1872)
        -> Index range scan on sbtest8 using PRIMARY over (9625237 <= id <= 9626236)  (cost=378 rows=1872)


for: order_ranges
table 1 : explain SELECT c FROM sbtest1 WHERE id BETWEEN 4147677 AND 4148676 ORDER BY c
	-> Sort: sbtest1.c  (cost=371 rows=1838)
    -> Filter: (sbtest1.id between 4147677 and 4148676)  (cost=371 rows=1838)
        -> Index range scan on sbtest1 using PRIMARY over (4147677 <= id <= 4148676)  (cost=371 rows=1838)


table 2 : explain SELECT c FROM sbtest2 WHERE id BETWEEN 4612183 AND 4613182 ORDER BY c
	-> Sort: sbtest2.c  (cost=378 rows=1872)
    -> Filter: (sbtest2.id between 4612183 and 4613182)  (cost=378 rows=1872)
        -> Index range scan on sbtest2 using PRIMARY over (4612183 <= id <= 4613182)  (cost=378 rows=1872)


table 3 : explain SELECT c FROM sbtest3 WHERE id BETWEEN 9333691 AND 9334690 ORDER BY c
	-> Sort: sbtest3.c  (cost=378 rows=1872)
    -> Filter: (sbtest3.id between 9333691 and 9334690)  (cost=378 rows=1872)
        -> Index range scan on sbtest3 using PRIMARY over (9333691 <= id <= 9334690)  (cost=378 rows=1872)


table 4 : explain SELECT c FROM sbtest4 WHERE id BETWEEN 5081138 AND 5082137 ORDER BY c
	-> Sort: sbtest4.c  (cost=378 rows=1872)
    -> Filter: (sbtest4.id between 5081138 and 5082137)  (cost=378 rows=1872)
        -> Index range scan on sbtest4 using PRIMARY over (5081138 <= id <= 5082137)  (cost=378 rows=1872)


table 5 : explain SELECT c FROM sbtest5 WHERE id BETWEEN 9965799 AND 9966798 ORDER BY c
	-> Sort: sbtest5.c  (cost=378 rows=1872)
    -> Filter: (sbtest5.id between 9965799 and 9966798)  (cost=378 rows=1872)
        -> Index range scan on sbtest5 using PRIMARY over (9965799 <= id <= 9966798)  (cost=378 rows=1872)


table 6 : explain SELECT c FROM sbtest6 WHERE id BETWEEN 3688705 AND 3689704 ORDER BY c
	-> Sort: sbtest6.c  (cost=371 rows=1838)
    -> Filter: (sbtest6.id between 3688705 and 3689704)  (cost=371 rows=1838)
        -> Index range scan on sbtest6 using PRIMARY over (3688705 <= id <= 3689704)  (cost=371 rows=1838)


table 7 : explain SELECT c FROM sbtest7 WHERE id BETWEEN 9500746 AND 9501745 ORDER BY c
	-> Sort: sbtest7.c  (cost=371 rows=1838)
    -> Filter: (sbtest7.id between 9500746 and 9501745)  (cost=371 rows=1838)
        -> Index range scan on sbtest7 using PRIMARY over (9500746 <= id <= 9501745)  (cost=371 rows=1838)


table 8 : explain SELECT c FROM sbtest8 WHERE id BETWEEN 3101184 AND 3102183 ORDER BY c
	-> Sort: sbtest8.c  (cost=371 rows=1838)
    -> Filter: (sbtest8.id between 3101184 and 3102183)  (cost=371 rows=1838)
        -> Index range scan on sbtest8 using PRIMARY over (3101184 <= id <= 3102183)  (cost=371 rows=1838)


for: order_ranges
table 1 : explain SELECT c FROM sbtest1 WHERE id BETWEEN 2379225 AND 2380224 ORDER BY c
	-> Sort: sbtest1.c  (cost=371 rows=1838)
    -> Filter: (sbtest1.id between 2379225 and 2380224)  (cost=371 rows=1838)
        -> Index range scan on sbtest1 using PRIMARY over (2379225 <= id <= 2380224)  (cost=371 rows=1838)


table 2 : explain SELECT c FROM sbtest2 WHERE id BETWEEN 9424995 AND 9425994 ORDER BY c
	-> Sort: sbtest2.c  (cost=378 rows=1872)
    -> Filter: (sbtest2.id between 9424995 and 9425994)  (cost=378 rows=1872)
        -> Index range scan on sbtest2 using PRIMARY over (9424995 <= id <= 9425994)  (cost=378 rows=1872)


table 3 : explain SELECT c FROM sbtest3 WHERE id BETWEEN 4588456 AND 4589455 ORDER BY c
	-> Sort: sbtest3.c  (cost=378 rows=1872)
    -> Filter: (sbtest3.id between 4588456 and 4589455)  (cost=378 rows=1872)
        -> Index range scan on sbtest3 using PRIMARY over (4588456 <= id <= 4589455)  (cost=378 rows=1872)


table 4 : explain SELECT c FROM sbtest4 WHERE id BETWEEN 8677771 AND 8678770 ORDER BY c
	-> Sort: sbtest4.c  (cost=378 rows=1872)
    -> Filter: (sbtest4.id between 8677771 and 8678770)  (cost=378 rows=1872)
        -> Index range scan on sbtest4 using PRIMARY over (8677771 <= id <= 8678770)  (cost=378 rows=1872)


table 5 : explain SELECT c FROM sbtest5 WHERE id BETWEEN 8832662 AND 8833661 ORDER BY c
	-> Sort: sbtest5.c  (cost=371 rows=1838)
    -> Filter: (sbtest5.id between 8832662 and 8833661)  (cost=371 rows=1838)
        -> Index range scan on sbtest5 using PRIMARY over (8832662 <= id <= 8833661)  (cost=371 rows=1838)


table 6 : explain SELECT c FROM sbtest6 WHERE id BETWEEN 6566860 AND 6567859 ORDER BY c
	-> Sort: sbtest6.c  (cost=371 rows=1838)
    -> Filter: (sbtest6.id between 6566860 and 6567859)  (cost=371 rows=1838)
        -> Index range scan on sbtest6 using PRIMARY over (6566860 <= id <= 6567859)  (cost=371 rows=1838)


table 7 : explain SELECT c FROM sbtest7 WHERE id BETWEEN 8856917 AND 8857916 ORDER BY c
	-> Sort: sbtest7.c  (cost=378 rows=1872)
    -> Filter: (sbtest7.id between 8856917 and 8857916)  (cost=378 rows=1872)
        -> Index range scan on sbtest7 using PRIMARY over (8856917 <= id <= 8857916)  (cost=378 rows=1872)


table 8 : explain SELECT c FROM sbtest8 WHERE id BETWEEN 8364560 AND 8365559 ORDER BY c
	-> Sort: sbtest8.c  (cost=371 rows=1838)
    -> Filter: (sbtest8.id between 8364560 and 8365559)  (cost=371 rows=1838)
        -> Index range scan on sbtest8 using PRIMARY over (8364560 <= id <= 8365559)  (cost=371 rows=1838)


for: sum_ranges
table 1 : explain SELECT SUM(k) FROM sbtest1 WHERE id BETWEEN 8328044 AND 8329043
	-> Aggregate: sum(sbtest1.k)  (cost=809 rows=1)
    -> Filter: (sbtest1.id between 8328044 and 8329043)  (cost=378 rows=1872)
        -> Index range scan on sbtest1 using PRIMARY over (8328044 <= id <= 8329043)  (cost=378 rows=1872)


table 2 : explain SELECT SUM(k) FROM sbtest2 WHERE id BETWEEN 2215452 AND 2216451
	-> Aggregate: sum(sbtest2.k)  (cost=809 rows=1)
    -> Filter: (sbtest2.id between 2215452 and 2216451)  (cost=378 rows=1872)
        -> Index range scan on sbtest2 using PRIMARY over (2215452 <= id <= 2216451)  (cost=378 rows=1872)


table 3 : explain SELECT SUM(k) FROM sbtest3 WHERE id BETWEEN 7258896 AND 7259895
	-> Aggregate: sum(sbtest3.k)  (cost=794 rows=1)
    -> Filter: (sbtest3.id between 7258896 and 7259895)  (cost=371 rows=1838)
        -> Index range scan on sbtest3 using PRIMARY over (7258896 <= id <= 7259895)  (cost=371 rows=1838)


table 4 : explain SELECT SUM(k) FROM sbtest4 WHERE id BETWEEN 81319 AND 82318
	-> Aggregate: sum(sbtest4.k)  (cost=794 rows=1)
    -> Filter: (sbtest4.id between 81319 and 82318)  (cost=371 rows=1838)
        -> Index range scan on sbtest4 using PRIMARY over (81319 <= id <= 82318)  (cost=371 rows=1838)


table 5 : explain SELECT SUM(k) FROM sbtest5 WHERE id BETWEEN 5850997 AND 5851996
	-> Aggregate: sum(sbtest5.k)  (cost=809 rows=1)
    -> Filter: (sbtest5.id between 5850997 and 5851996)  (cost=378 rows=1872)
        -> Index range scan on sbtest5 using PRIMARY over (5850997 <= id <= 5851996)  (cost=378 rows=1872)


table 6 : explain SELECT SUM(k) FROM sbtest6 WHERE id BETWEEN 8931165 AND 8932164
	-> Aggregate: sum(sbtest6.k)  (cost=809 rows=1)
    -> Filter: (sbtest6.id between 8931165 and 8932164)  (cost=378 rows=1872)
        -> Index range scan on sbtest6 using PRIMARY over (8931165 <= id <= 8932164)  (cost=378 rows=1872)


table 7 : explain SELECT SUM(k) FROM sbtest7 WHERE id BETWEEN 2458993 AND 2459992
	-> Aggregate: sum(sbtest7.k)  (cost=794 rows=1)
    -> Filter: (sbtest7.id between 2458993 and 2459992)  (cost=371 rows=1838)
        -> Index range scan on sbtest7 using PRIMARY over (2458993 <= id <= 2459992)  (cost=371 rows=1838)


table 8 : explain SELECT SUM(k) FROM sbtest8 WHERE id BETWEEN 2512540 AND 2513539
	-> Aggregate: sum(sbtest8.k)  (cost=794 rows=1)
    -> Filter: (sbtest8.id between 2512540 and 2513539)  (cost=371 rows=1838)
        -> Index range scan on sbtest8 using PRIMARY over (2512540 <= id <= 2513539)  (cost=371 rows=1838)


for: order_ranges
table 1 : explain SELECT c FROM sbtest1 WHERE id BETWEEN 2156630 AND 2157629 ORDER BY c
	-> Sort: sbtest1.c  (cost=371 rows=1838)
    -> Filter: (sbtest1.id between 2156630 and 2157629)  (cost=371 rows=1838)
        -> Index range scan on sbtest1 using PRIMARY over (2156630 <= id <= 2157629)  (cost=371 rows=1838)


table 2 : explain SELECT c FROM sbtest2 WHERE id BETWEEN 3064195 AND 3065194 ORDER BY c
	-> Sort: sbtest2.c  (cost=371 rows=1838)
    -> Filter: (sbtest2.id between 3064195 and 3065194)  (cost=371 rows=1838)
        -> Index range scan on sbtest2 using PRIMARY over (3064195 <= id <= 3065194)  (cost=371 rows=1838)


table 3 : explain SELECT c FROM sbtest3 WHERE id BETWEEN 313261 AND 314260 ORDER BY c
	-> Sort: sbtest3.c  (cost=371 rows=1838)
    -> Filter: (sbtest3.id between 313261 and 314260)  (cost=371 rows=1838)
        -> Index range scan on sbtest3 using PRIMARY over (313261 <= id <= 314260)  (cost=371 rows=1838)


table 4 : explain SELECT c FROM sbtest4 WHERE id BETWEEN 6287132 AND 6288131 ORDER BY c
	-> Sort: sbtest4.c  (cost=371 rows=1838)
    -> Filter: (sbtest4.id between 6287132 and 6288131)  (cost=371 rows=1838)
        -> Index range scan on sbtest4 using PRIMARY over (6287132 <= id <= 6288131)  (cost=371 rows=1838)


table 5 : explain SELECT c FROM sbtest5 WHERE id BETWEEN 8923687 AND 8924686 ORDER BY c
	-> Sort: sbtest5.c  (cost=371 rows=1838)
    -> Filter: (sbtest5.id between 8923687 and 8924686)  (cost=371 rows=1838)
        -> Index range scan on sbtest5 using PRIMARY over (8923687 <= id <= 8924686)  (cost=371 rows=1838)


table 6 : explain SELECT c FROM sbtest6 WHERE id BETWEEN 6044642 AND 6045641 ORDER BY c
	-> Sort: sbtest6.c  (cost=371 rows=1838)
    -> Filter: (sbtest6.id between 6044642 and 6045641)  (cost=371 rows=1838)
        -> Index range scan on sbtest6 using PRIMARY over (6044642 <= id <= 6045641)  (cost=371 rows=1838)


table 7 : explain SELECT c FROM sbtest7 WHERE id BETWEEN 9646210 AND 9647209 ORDER BY c
	-> Sort: sbtest7.c  (cost=371 rows=1838)
    -> Filter: (sbtest7.id between 9646210 and 9647209)  (cost=371 rows=1838)
        -> Index range scan on sbtest7 using PRIMARY over (9646210 <= id <= 9647209)  (cost=371 rows=1838)


table 8 : explain SELECT c FROM sbtest8 WHERE id BETWEEN 2846474 AND 2847473 ORDER BY c
	-> Sort: sbtest8.c  (cost=378 rows=1872)
    -> Filter: (sbtest8.id between 2846474 and 2847473)  (cost=378 rows=1872)
        -> Index range scan on sbtest8 using PRIMARY over (2846474 <= id <= 2847473)  (cost=378 rows=1872)


for: sum_ranges
table 1 : explain SELECT SUM(k) FROM sbtest1 WHERE id BETWEEN 533591 AND 534590
	-> Aggregate: sum(sbtest1.k)  (cost=794 rows=1)
    -> Filter: (sbtest1.id between 533591 and 534590)  (cost=371 rows=1838)
        -> Index range scan on sbtest1 using PRIMARY over (533591 <= id <= 534590)  (cost=371 rows=1838)


table 2 : explain SELECT SUM(k) FROM sbtest2 WHERE id BETWEEN 8492602 AND 8493601
	-> Aggregate: sum(sbtest2.k)  (cost=794 rows=1)
    -> Filter: (sbtest2.id between 8492602 and 8493601)  (cost=371 rows=1838)
        -> Index range scan on sbtest2 using PRIMARY over (8492602 <= id <= 8493601)  (cost=371 rows=1838)


table 3 : explain SELECT SUM(k) FROM sbtest3 WHERE id BETWEEN 3722275 AND 3723274
	-> Aggregate: sum(sbtest3.k)  (cost=794 rows=1)
    -> Filter: (sbtest3.id between 3722275 and 3723274)  (cost=371 rows=1838)
        -> Index range scan on sbtest3 using PRIMARY over (3722275 <= id <= 3723274)  (cost=371 rows=1838)


table 4 : explain SELECT SUM(k) FROM sbtest4 WHERE id BETWEEN 1264593 AND 1265592
	-> Aggregate: sum(sbtest4.k)  (cost=794 rows=1)
    -> Filter: (sbtest4.id between 1264593 and 1265592)  (cost=371 rows=1838)
        -> Index range scan on sbtest4 using PRIMARY over (1264593 <= id <= 1265592)  (cost=371 rows=1838)


table 5 : explain SELECT SUM(k) FROM sbtest5 WHERE id BETWEEN 8017150 AND 8018149
	-> Aggregate: sum(sbtest5.k)  (cost=794 rows=1)
    -> Filter: (sbtest5.id between 8017150 and 8018149)  (cost=371 rows=1838)
        -> Index range scan on sbtest5 using PRIMARY over (8017150 <= id <= 8018149)  (cost=371 rows=1838)


table 6 : explain SELECT SUM(k) FROM sbtest6 WHERE id BETWEEN 430398 AND 431397
	-> Aggregate: sum(sbtest6.k)  (cost=794 rows=1)
    -> Filter: (sbtest6.id between 430398 and 431397)  (cost=371 rows=1838)
        -> Index range scan on sbtest6 using PRIMARY over (430398 <= id <= 431397)  (cost=371 rows=1838)


table 7 : explain SELECT SUM(k) FROM sbtest7 WHERE id BETWEEN 8676031 AND 8677030
	-> Aggregate: sum(sbtest7.k)  (cost=809 rows=1)
    -> Filter: (sbtest7.id between 8676031 and 8677030)  (cost=378 rows=1872)
        -> Index range scan on sbtest7 using PRIMARY over (8676031 <= id <= 8677030)  (cost=378 rows=1872)


table 8 : explain SELECT SUM(k) FROM sbtest8 WHERE id BETWEEN 7355704 AND 7356703
	-> Aggregate: sum(sbtest8.k)  (cost=794 rows=1)
    -> Filter: (sbtest8.id between 7355704 and 7356703)  (cost=371 rows=1838)
        -> Index range scan on sbtest8 using PRIMARY over (7355704 <= id <= 7356703)  (cost=371 rows=1838)


for: order_ranges
table 1 : explain SELECT c FROM sbtest1 WHERE id BETWEEN 9001769 AND 9002768 ORDER BY c
	-> Sort: sbtest1.c  (cost=371 rows=1838)
    -> Filter: (sbtest1.id between 9001769 and 9002768)  (cost=371 rows=1838)
        -> Index range scan on sbtest1 using PRIMARY over (9001769 <= id <= 9002768)  (cost=371 rows=1838)


table 2 : explain SELECT c FROM sbtest2 WHERE id BETWEEN 5521729 AND 5522728 ORDER BY c
	-> Sort: sbtest2.c  (cost=371 rows=1838)
    -> Filter: (sbtest2.id between 5521729 and 5522728)  (cost=371 rows=1838)
        -> Index range scan on sbtest2 using PRIMARY over (5521729 <= id <= 5522728)  (cost=371 rows=1838)


table 3 : explain SELECT c FROM sbtest3 WHERE id BETWEEN 7160541 AND 7161540 ORDER BY c
	-> Sort: sbtest3.c  (cost=378 rows=1872)
    -> Filter: (sbtest3.id between 7160541 and 7161540)  (cost=378 rows=1872)
        -> Index range scan on sbtest3 using PRIMARY over (7160541 <= id <= 7161540)  (cost=378 rows=1872)


table 4 : explain SELECT c FROM sbtest4 WHERE id BETWEEN 2336051 AND 2337050 ORDER BY c
	-> Sort: sbtest4.c  (cost=378 rows=1872)
    -> Filter: (sbtest4.id between 2336051 and 2337050)  (cost=378 rows=1872)
        -> Index range scan on sbtest4 using PRIMARY over (2336051 <= id <= 2337050)  (cost=378 rows=1872)


table 5 : explain SELECT c FROM sbtest5 WHERE id BETWEEN 5219816 AND 5220815 ORDER BY c
	-> Sort: sbtest5.c  (cost=371 rows=1838)
    -> Filter: (sbtest5.id between 5219816 and 5220815)  (cost=371 rows=1838)
        -> Index range scan on sbtest5 using PRIMARY over (5219816 <= id <= 5220815)  (cost=371 rows=1838)


table 6 : explain SELECT c FROM sbtest6 WHERE id BETWEEN 6630915 AND 6631914 ORDER BY c
	-> Sort: sbtest6.c  (cost=371 rows=1838)
    -> Filter: (sbtest6.id between 6630915 and 6631914)  (cost=371 rows=1838)
        -> Index range scan on sbtest6 using PRIMARY over (6630915 <= id <= 6631914)  (cost=371 rows=1838)


table 7 : explain SELECT c FROM sbtest7 WHERE id BETWEEN 3521950 AND 3522949 ORDER BY c
	-> Sort: sbtest7.c  (cost=371 rows=1838)
    -> Filter: (sbtest7.id between 3521950 and 3522949)  (cost=371 rows=1838)
        -> Index range scan on sbtest7 using PRIMARY over (3521950 <= id <= 3522949)  (cost=371 rows=1838)


table 8 : explain SELECT c FROM sbtest8 WHERE id BETWEEN 3131325 AND 3132324 ORDER BY c
	-> Sort: sbtest8.c  (cost=371 rows=1838)
    -> Filter: (sbtest8.id between 3131325 and 3132324)  (cost=371 rows=1838)
        -> Index range scan on sbtest8 using PRIMARY over (3131325 <= id <= 3132324)  (cost=371 rows=1838)


for: sum_ranges
table 1 : explain SELECT SUM(k) FROM sbtest1 WHERE id BETWEEN 3781315 AND 3782314
	-> Aggregate: sum(sbtest1.k)  (cost=794 rows=1)
    -> Filter: (sbtest1.id between 3781315 and 3782314)  (cost=371 rows=1838)
        -> Index range scan on sbtest1 using PRIMARY over (3781315 <= id <= 3782314)  (cost=371 rows=1838)


table 2 : explain SELECT SUM(k) FROM sbtest2 WHERE id BETWEEN 8121437 AND 8122436
	-> Aggregate: sum(sbtest2.k)  (cost=809 rows=1)
    -> Filter: (sbtest2.id between 8121437 and 8122436)  (cost=378 rows=1872)
        -> Index range scan on sbtest2 using PRIMARY over (8121437 <= id <= 8122436)  (cost=378 rows=1872)


table 3 : explain SELECT SUM(k) FROM sbtest3 WHERE id BETWEEN 772825 AND 773824
	-> Aggregate: sum(sbtest3.k)  (cost=809 rows=1)
    -> Filter: (sbtest3.id between 772825 and 773824)  (cost=378 rows=1872)
        -> Index range scan on sbtest3 using PRIMARY over (772825 <= id <= 773824)  (cost=378 rows=1872)


table 4 : explain SELECT SUM(k) FROM sbtest4 WHERE id BETWEEN 7319754 AND 7320753
	-> Aggregate: sum(sbtest4.k)  (cost=809 rows=1)
    -> Filter: (sbtest4.id between 7319754 and 7320753)  (cost=378 rows=1872)
        -> Index range scan on sbtest4 using PRIMARY over (7319754 <= id <= 7320753)  (cost=378 rows=1872)


table 5 : explain SELECT SUM(k) FROM sbtest5 WHERE id BETWEEN 9160044 AND 9161043
	-> Aggregate: sum(sbtest5.k)  (cost=794 rows=1)
    -> Filter: (sbtest5.id between 9160044 and 9161043)  (cost=371 rows=1838)
        -> Index range scan on sbtest5 using PRIMARY over (9160044 <= id <= 9161043)  (cost=371 rows=1838)


table 6 : explain SELECT SUM(k) FROM sbtest6 WHERE id BETWEEN 1479084 AND 1480083
	-> Aggregate: sum(sbtest6.k)  (cost=794 rows=1)
    -> Filter: (sbtest6.id between 1479084 and 1480083)  (cost=371 rows=1838)
        -> Index range scan on sbtest6 using PRIMARY over (1479084 <= id <= 1480083)  (cost=371 rows=1838)


table 7 : explain SELECT SUM(k) FROM sbtest7 WHERE id BETWEEN 7585621 AND 7586620
	-> Aggregate: sum(sbtest7.k)  (cost=809 rows=1)
    -> Filter: (sbtest7.id between 7585621 and 7586620)  (cost=378 rows=1872)
        -> Index range scan on sbtest7 using PRIMARY over (7585621 <= id <= 7586620)  (cost=378 rows=1872)


table 8 : explain SELECT SUM(k) FROM sbtest8 WHERE id BETWEEN 3993421 AND 3994420
	-> Aggregate: sum(sbtest8.k)  (cost=794 rows=1)
    -> Filter: (sbtest8.id between 3993421 and 3994420)  (cost=371 rows=1838)
        -> Index range scan on sbtest8 using PRIMARY over (3993421 <= id <= 3994420)  (cost=371 rows=1838)


for: order_ranges
table 1 : explain SELECT c FROM sbtest1 WHERE id BETWEEN 9054832 AND 9055831 ORDER BY c
	-> Sort: sbtest1.c  (cost=378 rows=1872)
    -> Filter: (sbtest1.id between 9054832 and 9055831)  (cost=378 rows=1872)
        -> Index range scan on sbtest1 using PRIMARY over (9054832 <= id <= 9055831)  (cost=378 rows=1872)


table 2 : explain SELECT c FROM sbtest2 WHERE id BETWEEN 9731191 AND 9732190 ORDER BY c
	-> Sort: sbtest2.c  (cost=371 rows=1838)
    -> Filter: (sbtest2.id between 9731191 and 9732190)  (cost=371 rows=1838)
        -> Index range scan on sbtest2 using PRIMARY over (9731191 <= id <= 9732190)  (cost=371 rows=1838)


table 3 : explain SELECT c FROM sbtest3 WHERE id BETWEEN 5271455 AND 5272454 ORDER BY c
	-> Sort: sbtest3.c  (cost=378 rows=1872)
    -> Filter: (sbtest3.id between 5271455 and 5272454)  (cost=378 rows=1872)
        -> Index range scan on sbtest3 using PRIMARY over (5271455 <= id <= 5272454)  (cost=378 rows=1872)


table 4 : explain SELECT c FROM sbtest4 WHERE id BETWEEN 1243776 AND 1244775 ORDER BY c
	-> Sort: sbtest4.c  (cost=371 rows=1838)
    -> Filter: (sbtest4.id between 1243776 and 1244775)  (cost=371 rows=1838)
        -> Index range scan on sbtest4 using PRIMARY over (1243776 <= id <= 1244775)  (cost=371 rows=1838)


table 5 : explain SELECT c FROM sbtest5 WHERE id BETWEEN 5823719 AND 5824718 ORDER BY c
	-> Sort: sbtest5.c  (cost=371 rows=1838)
    -> Filter: (sbtest5.id between 5823719 and 5824718)  (cost=371 rows=1838)
        -> Index range scan on sbtest5 using PRIMARY over (5823719 <= id <= 5824718)  (cost=371 rows=1838)


table 6 : explain SELECT c FROM sbtest6 WHERE id BETWEEN 2085535 AND 2086534 ORDER BY c
	-> Sort: sbtest6.c  (cost=371 rows=1838)
    -> Filter: (sbtest6.id between 2085535 and 2086534)  (cost=371 rows=1838)
        -> Index range scan on sbtest6 using PRIMARY over (2085535 <= id <= 2086534)  (cost=371 rows=1838)


table 7 : explain SELECT c FROM sbtest7 WHERE id BETWEEN 8461026 AND 8462025 ORDER BY c
	-> Sort: sbtest7.c  (cost=371 rows=1838)
    -> Filter: (sbtest7.id between 8461026 and 8462025)  (cost=371 rows=1838)
        -> Index range scan on sbtest7 using PRIMARY over (8461026 <= id <= 8462025)  (cost=371 rows=1838)


table 8 : explain SELECT c FROM sbtest8 WHERE id BETWEEN 9026964 AND 9027963 ORDER BY c
	-> Sort: sbtest8.c  (cost=371 rows=1838)
    -> Filter: (sbtest8.id between 9026964 and 9027963)  (cost=371 rows=1838)
        -> Index range scan on sbtest8 using PRIMARY over (9026964 <= id <= 9027963)  (cost=371 rows=1838)


for: sum_ranges
table 1 : explain SELECT SUM(k) FROM sbtest1 WHERE id BETWEEN 4968664 AND 4969663
	-> Aggregate: sum(sbtest1.k)  (cost=794 rows=1)
    -> Filter: (sbtest1.id between 4968664 and 4969663)  (cost=371 rows=1838)
        -> Index range scan on sbtest1 using PRIMARY over (4968664 <= id <= 4969663)  (cost=371 rows=1838)


table 2 : explain SELECT SUM(k) FROM sbtest2 WHERE id BETWEEN 4872056 AND 4873055
	-> Aggregate: sum(sbtest2.k)  (cost=794 rows=1)
    -> Filter: (sbtest2.id between 4872056 and 4873055)  (cost=371 rows=1838)
        -> Index range scan on sbtest2 using PRIMARY over (4872056 <= id <= 4873055)  (cost=371 rows=1838)


table 3 : explain SELECT SUM(k) FROM sbtest3 WHERE id BETWEEN 5930053 AND 5931052
	-> Aggregate: sum(sbtest3.k)  (cost=809 rows=1)
    -> Filter: (sbtest3.id between 5930053 and 5931052)  (cost=378 rows=1872)
        -> Index range scan on sbtest3 using PRIMARY over (5930053 <= id <= 5931052)  (cost=378 rows=1872)


table 4 : explain SELECT SUM(k) FROM sbtest4 WHERE id BETWEEN 9765194 AND 9766193
	-> Aggregate: sum(sbtest4.k)  (cost=809 rows=1)
    -> Filter: (sbtest4.id between 9765194 and 9766193)  (cost=378 rows=1872)
        -> Index range scan on sbtest4 using PRIMARY over (9765194 <= id <= 9766193)  (cost=378 rows=1872)


table 5 : explain SELECT SUM(k) FROM sbtest5 WHERE id BETWEEN 1679970 AND 1680969
	-> Aggregate: sum(sbtest5.k)  (cost=794 rows=1)
    -> Filter: (sbtest5.id between 1679970 and 1680969)  (cost=371 rows=1838)
        -> Index range scan on sbtest5 using PRIMARY over (1679970 <= id <= 1680969)  (cost=371 rows=1838)


table 6 : explain SELECT SUM(k) FROM sbtest6 WHERE id BETWEEN 8972086 AND 8973085
	-> Aggregate: sum(sbtest6.k)  (cost=794 rows=1)
    -> Filter: (sbtest6.id between 8972086 and 8973085)  (cost=371 rows=1838)
        -> Index range scan on sbtest6 using PRIMARY over (8972086 <= id <= 8973085)  (cost=371 rows=1838)


table 7 : explain SELECT SUM(k) FROM sbtest7 WHERE id BETWEEN 6666182 AND 6667181
	-> Aggregate: sum(sbtest7.k)  (cost=809 rows=1)
    -> Filter: (sbtest7.id between 6666182 and 6667181)  (cost=378 rows=1872)
        -> Index range scan on sbtest7 using PRIMARY over (6666182 <= id <= 6667181)  (cost=378 rows=1872)


table 8 : explain SELECT SUM(k) FROM sbtest8 WHERE id BETWEEN 3720173 AND 3721172
	-> Aggregate: sum(sbtest8.k)  (cost=794 rows=1)
    -> Filter: (sbtest8.id between 3720173 and 3721172)  (cost=371 rows=1838)
        -> Index range scan on sbtest8 using PRIMARY over (3720173 <= id <= 3721172)  (cost=371 rows=1838)


for: order_ranges
table 1 : explain SELECT c FROM sbtest1 WHERE id BETWEEN 4832225 AND 4833224 ORDER BY c
	-> Sort: sbtest1.c  (cost=371 rows=1838)
    -> Filter: (sbtest1.id between 4832225 and 4833224)  (cost=371 rows=1838)
        -> Index range scan on sbtest1 using PRIMARY over (4832225 <= id <= 4833224)  (cost=371 rows=1838)


table 2 : explain SELECT c FROM sbtest2 WHERE id BETWEEN 6649758 AND 6650757 ORDER BY c
	-> Sort: sbtest2.c  (cost=378 rows=1872)
    -> Filter: (sbtest2.id between 6649758 and 6650757)  (cost=378 rows=1872)
        -> Index range scan on sbtest2 using PRIMARY over (6649758 <= id <= 6650757)  (cost=378 rows=1872)


table 3 : explain SELECT c FROM sbtest3 WHERE id BETWEEN 9120159 AND 9121158 ORDER BY c
	-> Sort: sbtest3.c  (cost=378 rows=1872)
    -> Filter: (sbtest3.id between 9120159 and 9121158)  (cost=378 rows=1872)
        -> Index range scan on sbtest3 using PRIMARY over (9120159 <= id <= 9121158)  (cost=378 rows=1872)


table 4 : explain SELECT c FROM sbtest4 WHERE id BETWEEN 2608012 AND 2609011 ORDER BY c
	-> Sort: sbtest4.c  (cost=371 rows=1838)
    -> Filter: (sbtest4.id between 2608012 and 2609011)  (cost=371 rows=1838)
        -> Index range scan on sbtest4 using PRIMARY over (2608012 <= id <= 2609011)  (cost=371 rows=1838)


table 5 : explain SELECT c FROM sbtest5 WHERE id BETWEEN 2550409 AND 2551408 ORDER BY c
	-> Sort: sbtest5.c  (cost=371 rows=1838)
    -> Filter: (sbtest5.id between 2550409 and 2551408)  (cost=371 rows=1838)
        -> Index range scan on sbtest5 using PRIMARY over (2550409 <= id <= 2551408)  (cost=371 rows=1838)


table 6 : explain SELECT c FROM sbtest6 WHERE id BETWEEN 6164147 AND 6165146 ORDER BY c
	-> Sort: sbtest6.c  (cost=371 rows=1838)
    -> Filter: (sbtest6.id between 6164147 and 6165146)  (cost=371 rows=1838)
        -> Index range scan on sbtest6 using PRIMARY over (6164147 <= id <= 6165146)  (cost=371 rows=1838)


table 7 : explain SELECT c FROM sbtest7 WHERE id BETWEEN 1399134 AND 1400133 ORDER BY c
	-> Sort: sbtest7.c  (cost=371 rows=1838)
    -> Filter: (sbtest7.id between 1399134 and 1400133)  (cost=371 rows=1838)
        -> Index range scan on sbtest7 using PRIMARY over (1399134 <= id <= 1400133)  (cost=371 rows=1838)


table 8 : explain SELECT c FROM sbtest8 WHERE id BETWEEN 8419398 AND 8420397 ORDER BY c
	-> Sort: sbtest8.c  (cost=371 rows=1838)
    -> Filter: (sbtest8.id between 8419398 and 8420397)  (cost=371 rows=1838)
        -> Index range scan on sbtest8 using PRIMARY over (8419398 <= id <= 8420397)  (cost=371 rows=1838)


for: order_ranges
table 1 : explain SELECT c FROM sbtest1 WHERE id BETWEEN 674984 AND 675983 ORDER BY c
	-> Sort: sbtest1.c  (cost=371 rows=1838)
    -> Filter: (sbtest1.id between 674984 and 675983)  (cost=371 rows=1838)
        -> Index range scan on sbtest1 using PRIMARY over (674984 <= id <= 675983)  (cost=371 rows=1838)


table 2 : explain SELECT c FROM sbtest2 WHERE id BETWEEN 3945372 AND 3946371 ORDER BY c
	-> Sort: sbtest2.c  (cost=371 rows=1838)
    -> Filter: (sbtest2.id between 3945372 and 3946371)  (cost=371 rows=1838)
        -> Index range scan on sbtest2 using PRIMARY over (3945372 <= id <= 3946371)  (cost=371 rows=1838)


table 3 : explain SELECT c FROM sbtest3 WHERE id BETWEEN 3310972 AND 3311971 ORDER BY c
	-> Sort: sbtest3.c  (cost=378 rows=1872)
    -> Filter: (sbtest3.id between 3310972 and 3311971)  (cost=378 rows=1872)
        -> Index range scan on sbtest3 using PRIMARY over (3310972 <= id <= 3311971)  (cost=378 rows=1872)


table 4 : explain SELECT c FROM sbtest4 WHERE id BETWEEN 3357704 AND 3358703 ORDER BY c
	-> Sort: sbtest4.c  (cost=371 rows=1838)
    -> Filter: (sbtest4.id between 3357704 and 3358703)  (cost=371 rows=1838)
        -> Index range scan on sbtest4 using PRIMARY over (3357704 <= id <= 3358703)  (cost=371 rows=1838)


table 5 : explain SELECT c FROM sbtest5 WHERE id BETWEEN 8045820 AND 8046819 ORDER BY c
	-> Sort: sbtest5.c  (cost=378 rows=1872)
    -> Filter: (sbtest5.id between 8045820 and 8046819)  (cost=378 rows=1872)
        -> Index range scan on sbtest5 using PRIMARY over (8045820 <= id <= 8046819)  (cost=378 rows=1872)


table 6 : explain SELECT c FROM sbtest6 WHERE id BETWEEN 609130 AND 610129 ORDER BY c
	-> Sort: sbtest6.c  (cost=371 rows=1838)
    -> Filter: (sbtest6.id between 609130 and 610129)  (cost=371 rows=1838)
        -> Index range scan on sbtest6 using PRIMARY over (609130 <= id <= 610129)  (cost=371 rows=1838)


table 7 : explain SELECT c FROM sbtest7 WHERE id BETWEEN 8201529 AND 8202528 ORDER BY c
	-> Sort: sbtest7.c  (cost=378 rows=1872)
    -> Filter: (sbtest7.id between 8201529 and 8202528)  (cost=378 rows=1872)
        -> Index range scan on sbtest7 using PRIMARY over (8201529 <= id <= 8202528)  (cost=378 rows=1872)


table 8 : explain SELECT c FROM sbtest8 WHERE id BETWEEN 442955 AND 443954 ORDER BY c
	-> Sort: sbtest8.c  (cost=371 rows=1838)
    -> Filter: (sbtest8.id between 442955 and 443954)  (cost=371 rows=1838)
        -> Index range scan on sbtest8 using PRIMARY over (442955 <= id <= 443954)  (cost=371 rows=1838)


for: order_ranges
table 1 : explain SELECT c FROM sbtest1 WHERE id BETWEEN 335898 AND 336897 ORDER BY c
	-> Sort: sbtest1.c  (cost=371 rows=1838)
    -> Filter: (sbtest1.id between 335898 and 336897)  (cost=371 rows=1838)
        -> Index range scan on sbtest1 using PRIMARY over (335898 <= id <= 336897)  (cost=371 rows=1838)


table 2 : explain SELECT c FROM sbtest2 WHERE id BETWEEN 8959486 AND 8960485 ORDER BY c
	-> Sort: sbtest2.c  (cost=378 rows=1872)
    -> Filter: (sbtest2.id between 8959486 and 8960485)  (cost=378 rows=1872)
        -> Index range scan on sbtest2 using PRIMARY over (8959486 <= id <= 8960485)  (cost=378 rows=1872)


table 3 : explain SELECT c FROM sbtest3 WHERE id BETWEEN 8056884 AND 8057883 ORDER BY c
	-> Sort: sbtest3.c  (cost=371 rows=1838)
    -> Filter: (sbtest3.id between 8056884 and 8057883)  (cost=371 rows=1838)
        -> Index range scan on sbtest3 using PRIMARY over (8056884 <= id <= 8057883)  (cost=371 rows=1838)


table 4 : explain SELECT c FROM sbtest4 WHERE id BETWEEN 7045221 AND 7046220 ORDER BY c
	-> Sort: sbtest4.c  (cost=371 rows=1838)
    -> Filter: (sbtest4.id between 7045221 and 7046220)  (cost=371 rows=1838)
        -> Index range scan on sbtest4 using PRIMARY over (7045221 <= id <= 7046220)  (cost=371 rows=1838)


table 5 : explain SELECT c FROM sbtest5 WHERE id BETWEEN 3516777 AND 3517776 ORDER BY c
	-> Sort: sbtest5.c  (cost=371 rows=1838)
    -> Filter: (sbtest5.id between 3516777 and 3517776)  (cost=371 rows=1838)
        -> Index range scan on sbtest5 using PRIMARY over (3516777 <= id <= 3517776)  (cost=371 rows=1838)


table 6 : explain SELECT c FROM sbtest6 WHERE id BETWEEN 7669639 AND 7670638 ORDER BY c
	-> Sort: sbtest6.c  (cost=378 rows=1872)
    -> Filter: (sbtest6.id between 7669639 and 7670638)  (cost=378 rows=1872)
        -> Index range scan on sbtest6 using PRIMARY over (7669639 <= id <= 7670638)  (cost=378 rows=1872)


table 7 : explain SELECT c FROM sbtest7 WHERE id BETWEEN 8455385 AND 8456384 ORDER BY c
	-> Sort: sbtest7.c  (cost=371 rows=1838)
    -> Filter: (sbtest7.id between 8455385 and 8456384)  (cost=371 rows=1838)
        -> Index range scan on sbtest7 using PRIMARY over (8455385 <= id <= 8456384)  (cost=371 rows=1838)


table 8 : explain SELECT c FROM sbtest8 WHERE id BETWEEN 9651652 AND 9652651 ORDER BY c
	-> Sort: sbtest8.c  (cost=371 rows=1838)
    -> Filter: (sbtest8.id between 9651652 and 9652651)  (cost=371 rows=1838)
        -> Index range scan on sbtest8 using PRIMARY over (9651652 <= id <= 9652651)  (cost=371 rows=1838)


for: order_ranges
table 1 : explain SELECT c FROM sbtest1 WHERE id BETWEEN 1144654 AND 1145653 ORDER BY c
	-> Sort: sbtest1.c  (cost=371 rows=1838)
    -> Filter: (sbtest1.id between 1144654 and 1145653)  (cost=371 rows=1838)
        -> Index range scan on sbtest1 using PRIMARY over (1144654 <= id <= 1145653)  (cost=371 rows=1838)


table 2 : explain SELECT c FROM sbtest2 WHERE id BETWEEN 7271004 AND 7272003 ORDER BY c
	-> Sort: sbtest2.c  (cost=378 rows=1872)
    -> Filter: (sbtest2.id between 7271004 and 7272003)  (cost=378 rows=1872)
        -> Index range scan on sbtest2 using PRIMARY over (7271004 <= id <= 7272003)  (cost=378 rows=1872)


table 3 : explain SELECT c FROM sbtest3 WHERE id BETWEEN 265453 AND 266452 ORDER BY c
	-> Sort: sbtest3.c  (cost=371 rows=1838)
    -> Filter: (sbtest3.id between 265453 and 266452)  (cost=371 rows=1838)
        -> Index range scan on sbtest3 using PRIMARY over (265453 <= id <= 266452)  (cost=371 rows=1838)


table 4 : explain SELECT c FROM sbtest4 WHERE id BETWEEN 6702228 AND 6703227 ORDER BY c
	-> Sort: sbtest4.c  (cost=371 rows=1838)
    -> Filter: (sbtest4.id between 6702228 and 6703227)  (cost=371 rows=1838)
        -> Index range scan on sbtest4 using PRIMARY over (6702228 <= id <= 6703227)  (cost=371 rows=1838)


table 5 : explain SELECT c FROM sbtest5 WHERE id BETWEEN 2895320 AND 2896319 ORDER BY c
	-> Sort: sbtest5.c  (cost=371 rows=1838)
    -> Filter: (sbtest5.id between 2895320 and 2896319)  (cost=371 rows=1838)
        -> Index range scan on sbtest5 using PRIMARY over (2895320 <= id <= 2896319)  (cost=371 rows=1838)


table 6 : explain SELECT c FROM sbtest6 WHERE id BETWEEN 6230807 AND 6231806 ORDER BY c
	-> Sort: sbtest6.c  (cost=378 rows=1872)
    -> Filter: (sbtest6.id between 6230807 and 6231806)  (cost=378 rows=1872)
        -> Index range scan on sbtest6 using PRIMARY over (6230807 <= id <= 6231806)  (cost=378 rows=1872)


table 7 : explain SELECT c FROM sbtest7 WHERE id BETWEEN 9708864 AND 9709863 ORDER BY c
	-> Sort: sbtest7.c  (cost=371 rows=1838)
    -> Filter: (sbtest7.id between 9708864 and 9709863)  (cost=371 rows=1838)
        -> Index range scan on sbtest7 using PRIMARY over (9708864 <= id <= 9709863)  (cost=371 rows=1838)


table 8 : explain SELECT c FROM sbtest8 WHERE id BETWEEN 9491187 AND 9492186 ORDER BY c
	-> Sort: sbtest8.c  (cost=371 rows=1838)
    -> Filter: (sbtest8.id between 9491187 and 9492186)  (cost=371 rows=1838)
        -> Index range scan on sbtest8 using PRIMARY over (9491187 <= id <= 9492186)  (cost=371 rows=1838)


for: order_ranges
table 1 : explain SELECT c FROM sbtest1 WHERE id BETWEEN 3100647 AND 3101646 ORDER BY c
	-> Sort: sbtest1.c  (cost=378 rows=1872)
    -> Filter: (sbtest1.id between 3100647 and 3101646)  (cost=378 rows=1872)
        -> Index range scan on sbtest1 using PRIMARY over (3100647 <= id <= 3101646)  (cost=378 rows=1872)


table 2 : explain SELECT c FROM sbtest2 WHERE id BETWEEN 9137646 AND 9138645 ORDER BY c
	-> Sort: sbtest2.c  (cost=371 rows=1838)
    -> Filter: (sbtest2.id between 9137646 and 9138645)  (cost=371 rows=1838)
        -> Index range scan on sbtest2 using PRIMARY over (9137646 <= id <= 9138645)  (cost=371 rows=1838)


table 3 : explain SELECT c FROM sbtest3 WHERE id BETWEEN 4870679 AND 4871678 ORDER BY c
	-> Sort: sbtest3.c  (cost=378 rows=1872)
    -> Filter: (sbtest3.id between 4870679 and 4871678)  (cost=378 rows=1872)
        -> Index range scan on sbtest3 using PRIMARY over (4870679 <= id <= 4871678)  (cost=378 rows=1872)


table 4 : explain SELECT c FROM sbtest4 WHERE id BETWEEN 6289353 AND 6290352 ORDER BY c
	-> Sort: sbtest4.c  (cost=378 rows=1872)
    -> Filter: (sbtest4.id between 6289353 and 6290352)  (cost=378 rows=1872)
        -> Index range scan on sbtest4 using PRIMARY over (6289353 <= id <= 6290352)  (cost=378 rows=1872)


table 5 : explain SELECT c FROM sbtest5 WHERE id BETWEEN 6729558 AND 6730557 ORDER BY c
	-> Sort: sbtest5.c  (cost=378 rows=1872)
    -> Filter: (sbtest5.id between 6729558 and 6730557)  (cost=378 rows=1872)
        -> Index range scan on sbtest5 using PRIMARY over (6729558 <= id <= 6730557)  (cost=378 rows=1872)


table 6 : explain SELECT c FROM sbtest6 WHERE id BETWEEN 9870787 AND 9871786 ORDER BY c
	-> Sort: sbtest6.c  (cost=371 rows=1838)
    -> Filter: (sbtest6.id between 9870787 and 9871786)  (cost=371 rows=1838)
        -> Index range scan on sbtest6 using PRIMARY over (9870787 <= id <= 9871786)  (cost=371 rows=1838)


table 7 : explain SELECT c FROM sbtest7 WHERE id BETWEEN 7687823 AND 7688822 ORDER BY c
	-> Sort: sbtest7.c  (cost=378 rows=1872)
    -> Filter: (sbtest7.id between 7687823 and 7688822)  (cost=378 rows=1872)
        -> Index range scan on sbtest7 using PRIMARY over (7687823 <= id <= 7688822)  (cost=378 rows=1872)


table 8 : explain SELECT c FROM sbtest8 WHERE id BETWEEN 6597806 AND 6598805 ORDER BY c
	-> Sort: sbtest8.c  (cost=371 rows=1838)
    -> Filter: (sbtest8.id between 6597806 and 6598805)  (cost=371 rows=1838)
        -> Index range scan on sbtest8 using PRIMARY over (6597806 <= id <= 6598805)  (cost=371 rows=1838)


for: order_ranges
table 1 : explain SELECT c FROM sbtest1 WHERE id BETWEEN 4881278 AND 4882277 ORDER BY c
	-> Sort: sbtest1.c  (cost=371 rows=1838)
    -> Filter: (sbtest1.id between 4881278 and 4882277)  (cost=371 rows=1838)
        -> Index range scan on sbtest1 using PRIMARY over (4881278 <= id <= 4882277)  (cost=371 rows=1838)


table 2 : explain SELECT c FROM sbtest2 WHERE id BETWEEN 570632 AND 571631 ORDER BY c
	-> Sort: sbtest2.c  (cost=371 rows=1838)
    -> Filter: (sbtest2.id between 570632 and 571631)  (cost=371 rows=1838)
        -> Index range scan on sbtest2 using PRIMARY over (570632 <= id <= 571631)  (cost=371 rows=1838)


table 3 : explain SELECT c FROM sbtest3 WHERE id BETWEEN 664245 AND 665244 ORDER BY c
	-> Sort: sbtest3.c  (cost=371 rows=1838)
    -> Filter: (sbtest3.id between 664245 and 665244)  (cost=371 rows=1838)
        -> Index range scan on sbtest3 using PRIMARY over (664245 <= id <= 665244)  (cost=371 rows=1838)


table 4 : explain SELECT c FROM sbtest4 WHERE id BETWEEN 5043969 AND 5044968 ORDER BY c
	-> Sort: sbtest4.c  (cost=371 rows=1838)
    -> Filter: (sbtest4.id between 5043969 and 5044968)  (cost=371 rows=1838)
        -> Index range scan on sbtest4 using PRIMARY over (5043969 <= id <= 5044968)  (cost=371 rows=1838)


table 5 : explain SELECT c FROM sbtest5 WHERE id BETWEEN 6196361 AND 6197360 ORDER BY c
	-> Sort: sbtest5.c  (cost=378 rows=1872)
    -> Filter: (sbtest5.id between 6196361 and 6197360)  (cost=378 rows=1872)
        -> Index range scan on sbtest5 using PRIMARY over (6196361 <= id <= 6197360)  (cost=378 rows=1872)


table 6 : explain SELECT c FROM sbtest6 WHERE id BETWEEN 1049691 AND 1050690 ORDER BY c
	-> Sort: sbtest6.c  (cost=371 rows=1838)
    -> Filter: (sbtest6.id between 1049691 and 1050690)  (cost=371 rows=1838)
        -> Index range scan on sbtest6 using PRIMARY over (1049691 <= id <= 1050690)  (cost=371 rows=1838)


table 7 : explain SELECT c FROM sbtest7 WHERE id BETWEEN 1112660 AND 1113659 ORDER BY c
	-> Sort: sbtest7.c  (cost=371 rows=1838)
    -> Filter: (sbtest7.id between 1112660 and 1113659)  (cost=371 rows=1838)
        -> Index range scan on sbtest7 using PRIMARY over (1112660 <= id <= 1113659)  (cost=371 rows=1838)


table 8 : explain SELECT c FROM sbtest8 WHERE id BETWEEN 3679666 AND 3680665 ORDER BY c
	-> Sort: sbtest8.c  (cost=371 rows=1838)
    -> Filter: (sbtest8.id between 3679666 and 3680665)  (cost=371 rows=1838)
        -> Index range scan on sbtest8 using PRIMARY over (3679666 <= id <= 3680665)  (cost=371 rows=1838)


for: order_ranges
table 1 : explain SELECT c FROM sbtest1 WHERE id BETWEEN 3358048 AND 3359047 ORDER BY c
	-> Sort: sbtest1.c  (cost=378 rows=1872)
    -> Filter: (sbtest1.id between 3358048 and 3359047)  (cost=378 rows=1872)
        -> Index range scan on sbtest1 using PRIMARY over (3358048 <= id <= 3359047)  (cost=378 rows=1872)


table 2 : explain SELECT c FROM sbtest2 WHERE id BETWEEN 5466044 AND 5467043 ORDER BY c
	-> Sort: sbtest2.c  (cost=371 rows=1838)
    -> Filter: (sbtest2.id between 5466044 and 5467043)  (cost=371 rows=1838)
        -> Index range scan on sbtest2 using PRIMARY over (5466044 <= id <= 5467043)  (cost=371 rows=1838)


table 3 : explain SELECT c FROM sbtest3 WHERE id BETWEEN 6855783 AND 6856782 ORDER BY c
	-> Sort: sbtest3.c  (cost=371 rows=1838)
    -> Filter: (sbtest3.id between 6855783 and 6856782)  (cost=371 rows=1838)
        -> Index range scan on sbtest3 using PRIMARY over (6855783 <= id <= 6856782)  (cost=371 rows=1838)


table 4 : explain SELECT c FROM sbtest4 WHERE id BETWEEN 7634690 AND 7635689 ORDER BY c
	-> Sort: sbtest4.c  (cost=378 rows=1872)
    -> Filter: (sbtest4.id between 7634690 and 7635689)  (cost=378 rows=1872)
        -> Index range scan on sbtest4 using PRIMARY over (7634690 <= id <= 7635689)  (cost=378 rows=1872)


table 5 : explain SELECT c FROM sbtest5 WHERE id BETWEEN 2710059 AND 2711058 ORDER BY c
	-> Sort: sbtest5.c  (cost=371 rows=1838)
    -> Filter: (sbtest5.id between 2710059 and 2711058)  (cost=371 rows=1838)
        -> Index range scan on sbtest5 using PRIMARY over (2710059 <= id <= 2711058)  (cost=371 rows=1838)


table 6 : explain SELECT c FROM sbtest6 WHERE id BETWEEN 9512141 AND 9513140 ORDER BY c
	-> Sort: sbtest6.c  (cost=371 rows=1838)
    -> Filter: (sbtest6.id between 9512141 and 9513140)  (cost=371 rows=1838)
        -> Index range scan on sbtest6 using PRIMARY over (9512141 <= id <= 9513140)  (cost=371 rows=1838)


table 7 : explain SELECT c FROM sbtest7 WHERE id BETWEEN 4918455 AND 4919454 ORDER BY c
	-> Sort: sbtest7.c  (cost=371 rows=1838)
    -> Filter: (sbtest7.id between 4918455 and 4919454)  (cost=371 rows=1838)
        -> Index range scan on sbtest7 using PRIMARY over (4918455 <= id <= 4919454)  (cost=371 rows=1838)


table 8 : explain SELECT c FROM sbtest8 WHERE id BETWEEN 3102490 AND 3103489 ORDER BY c
	-> Sort: sbtest8.c  (cost=371 rows=1838)
    -> Filter: (sbtest8.id between 3102490 and 3103489)  (cost=371 rows=1838)
        -> Index range scan on sbtest8 using PRIMARY over (3102490 <= id <= 3103489)  (cost=371 rows=1838)


for: order_ranges
table 1 : explain SELECT c FROM sbtest1 WHERE id BETWEEN 4176851 AND 4177850 ORDER BY c
	-> Sort: sbtest1.c  (cost=371 rows=1838)
    -> Filter: (sbtest1.id between 4176851 and 4177850)  (cost=371 rows=1838)
        -> Index range scan on sbtest1 using PRIMARY over (4176851 <= id <= 4177850)  (cost=371 rows=1838)


table 2 : explain SELECT c FROM sbtest2 WHERE id BETWEEN 6828987 AND 6829986 ORDER BY c
	-> Sort: sbtest2.c  (cost=378 rows=1872)
    -> Filter: (sbtest2.id between 6828987 and 6829986)  (cost=378 rows=1872)
        -> Index range scan on sbtest2 using PRIMARY over (6828987 <= id <= 6829986)  (cost=378 rows=1872)


table 3 : explain SELECT c FROM sbtest3 WHERE id BETWEEN 8279989 AND 8280988 ORDER BY c
	-> Sort: sbtest3.c  (cost=371 rows=1840)
    -> Filter: (sbtest3.id between 8279989 and 8280988)  (cost=371 rows=1840)
        -> Index range scan on sbtest3 using PRIMARY over (8279989 <= id <= 8280988)  (cost=371 rows=1840)


table 4 : explain SELECT c FROM sbtest4 WHERE id BETWEEN 9465531 AND 9466530 ORDER BY c
	-> Sort: sbtest4.c  (cost=378 rows=1872)
    -> Filter: (sbtest4.id between 9465531 and 9466530)  (cost=378 rows=1872)
        -> Index range scan on sbtest4 using PRIMARY over (9465531 <= id <= 9466530)  (cost=378 rows=1872)


table 5 : explain SELECT c FROM sbtest5 WHERE id BETWEEN 2367248 AND 2368247 ORDER BY c
	-> Sort: sbtest5.c  (cost=371 rows=1838)
    -> Filter: (sbtest5.id between 2367248 and 2368247)  (cost=371 rows=1838)
        -> Index range scan on sbtest5 using PRIMARY over (2367248 <= id <= 2368247)  (cost=371 rows=1838)


table 6 : explain SELECT c FROM sbtest6 WHERE id BETWEEN 3905465 AND 3906464 ORDER BY c
	-> Sort: sbtest6.c  (cost=378 rows=1872)
    -> Filter: (sbtest6.id between 3905465 and 3906464)  (cost=378 rows=1872)
        -> Index range scan on sbtest6 using PRIMARY over (3905465 <= id <= 3906464)  (cost=378 rows=1872)


table 7 : explain SELECT c FROM sbtest7 WHERE id BETWEEN 4244214 AND 4245213 ORDER BY c
	-> Sort: sbtest7.c  (cost=371 rows=1838)
    -> Filter: (sbtest7.id between 4244214 and 4245213)  (cost=371 rows=1838)
        -> Index range scan on sbtest7 using PRIMARY over (4244214 <= id <= 4245213)  (cost=371 rows=1838)


table 8 : explain SELECT c FROM sbtest8 WHERE id BETWEEN 2458453 AND 2459452 ORDER BY c
	-> Sort: sbtest8.c  (cost=371 rows=1838)
    -> Filter: (sbtest8.id between 2458453 and 2459452)  (cost=371 rows=1838)
        -> Index range scan on sbtest8 using PRIMARY over (2458453 <= id <= 2459452)  (cost=371 rows=1838)


for: order_ranges
table 1 : explain SELECT c FROM sbtest1 WHERE id BETWEEN 2739051 AND 2740050 ORDER BY c
	-> Sort: sbtest1.c  (cost=371 rows=1838)
    -> Filter: (sbtest1.id between 2739051 and 2740050)  (cost=371 rows=1838)
        -> Index range scan on sbtest1 using PRIMARY over (2739051 <= id <= 2740050)  (cost=371 rows=1838)


table 2 : explain SELECT c FROM sbtest2 WHERE id BETWEEN 6530348 AND 6531347 ORDER BY c
	-> Sort: sbtest2.c  (cost=371 rows=1838)
    -> Filter: (sbtest2.id between 6530348 and 6531347)  (cost=371 rows=1838)
        -> Index range scan on sbtest2 using PRIMARY over (6530348 <= id <= 6531347)  (cost=371 rows=1838)


table 3 : explain SELECT c FROM sbtest3 WHERE id BETWEEN 9823036 AND 9824035 ORDER BY c
	-> Sort: sbtest3.c  (cost=371 rows=1838)
    -> Filter: (sbtest3.id between 9823036 and 9824035)  (cost=371 rows=1838)
        -> Index range scan on sbtest3 using PRIMARY over (9823036 <= id <= 9824035)  (cost=371 rows=1838)


table 4 : explain SELECT c FROM sbtest4 WHERE id BETWEEN 7809597 AND 7810596 ORDER BY c
	-> Sort: sbtest4.c  (cost=378 rows=1872)
    -> Filter: (sbtest4.id between 7809597 and 7810596)  (cost=378 rows=1872)
        -> Index range scan on sbtest4 using PRIMARY over (7809597 <= id <= 7810596)  (cost=378 rows=1872)


table 5 : explain SELECT c FROM sbtest5 WHERE id BETWEEN 2161614 AND 2162613 ORDER BY c
	-> Sort: sbtest5.c  (cost=371 rows=1838)
    -> Filter: (sbtest5.id between 2161614 and 2162613)  (cost=371 rows=1838)
        -> Index range scan on sbtest5 using PRIMARY over (2161614 <= id <= 2162613)  (cost=371 rows=1838)


table 6 : explain SELECT c FROM sbtest6 WHERE id BETWEEN 681169 AND 682168 ORDER BY c
	-> Sort: sbtest6.c  (cost=371 rows=1838)
    -> Filter: (sbtest6.id between 681169 and 682168)  (cost=371 rows=1838)
        -> Index range scan on sbtest6 using PRIMARY over (681169 <= id <= 682168)  (cost=371 rows=1838)


table 7 : explain SELECT c FROM sbtest7 WHERE id BETWEEN 8504492 AND 8505491 ORDER BY c
	-> Sort: sbtest7.c  (cost=371 rows=1838)
    -> Filter: (sbtest7.id between 8504492 and 8505491)  (cost=371 rows=1838)
        -> Index range scan on sbtest7 using PRIMARY over (8504492 <= id <= 8505491)  (cost=371 rows=1838)


table 8 : explain SELECT c FROM sbtest8 WHERE id BETWEEN 2447433 AND 2448432 ORDER BY c
	-> Sort: sbtest8.c  (cost=371 rows=1838)
    -> Filter: (sbtest8.id between 2447433 and 2448432)  (cost=371 rows=1838)
        -> Index range scan on sbtest8 using PRIMARY over (2447433 <= id <= 2448432)  (cost=371 rows=1838)


for: order_ranges
table 1 : explain SELECT c FROM sbtest1 WHERE id BETWEEN 7956540 AND 7957539 ORDER BY c
	-> Sort: sbtest1.c  (cost=378 rows=1872)
    -> Filter: (sbtest1.id between 7956540 and 7957539)  (cost=378 rows=1872)
        -> Index range scan on sbtest1 using PRIMARY over (7956540 <= id <= 7957539)  (cost=378 rows=1872)


table 2 : explain SELECT c FROM sbtest2 WHERE id BETWEEN 8907955 AND 8908954 ORDER BY c
	-> Sort: sbtest2.c  (cost=378 rows=1872)
    -> Filter: (sbtest2.id between 8907955 and 8908954)  (cost=378 rows=1872)
        -> Index range scan on sbtest2 using PRIMARY over (8907955 <= id <= 8908954)  (cost=378 rows=1872)


table 3 : explain SELECT c FROM sbtest3 WHERE id BETWEEN 5142291 AND 5143290 ORDER BY c
	-> Sort: sbtest3.c  (cost=371 rows=1838)
    -> Filter: (sbtest3.id between 5142291 and 5143290)  (cost=371 rows=1838)
        -> Index range scan on sbtest3 using PRIMARY over (5142291 <= id <= 5143290)  (cost=371 rows=1838)


table 4 : explain SELECT c FROM sbtest4 WHERE id BETWEEN 4176382 AND 4177381 ORDER BY c
	-> Sort: sbtest4.c  (cost=378 rows=1872)
    -> Filter: (sbtest4.id between 4176382 and 4177381)  (cost=378 rows=1872)
        -> Index range scan on sbtest4 using PRIMARY over (4176382 <= id <= 4177381)  (cost=378 rows=1872)


table 5 : explain SELECT c FROM sbtest5 WHERE id BETWEEN 6495639 AND 6496638 ORDER BY c
	-> Sort: sbtest5.c  (cost=371 rows=1838)
    -> Filter: (sbtest5.id between 6495639 and 6496638)  (cost=371 rows=1838)
        -> Index range scan on sbtest5 using PRIMARY over (6495639 <= id <= 6496638)  (cost=371 rows=1838)


table 6 : explain SELECT c FROM sbtest6 WHERE id BETWEEN 9694910 AND 9695909 ORDER BY c
	-> Sort: sbtest6.c  (cost=371 rows=1838)
    -> Filter: (sbtest6.id between 9694910 and 9695909)  (cost=371 rows=1838)
        -> Index range scan on sbtest6 using PRIMARY over (9694910 <= id <= 9695909)  (cost=371 rows=1838)


table 7 : explain SELECT c FROM sbtest7 WHERE id BETWEEN 3942808 AND 3943807 ORDER BY c
	-> Sort: sbtest7.c  (cost=371 rows=1838)
    -> Filter: (sbtest7.id between 3942808 and 3943807)  (cost=371 rows=1838)
        -> Index range scan on sbtest7 using PRIMARY over (3942808 <= id <= 3943807)  (cost=371 rows=1838)


table 8 : explain SELECT c FROM sbtest8 WHERE id BETWEEN 1537928 AND 1538927 ORDER BY c
	-> Sort: sbtest8.c  (cost=371 rows=1840)
    -> Filter: (sbtest8.id between 1537928 and 1538927)  (cost=371 rows=1840)
        -> Index range scan on sbtest8 using PRIMARY over (1537928 <= id <= 1538927)  (cost=371 rows=1840)


for: order_ranges
table 1 : explain SELECT c FROM sbtest1 WHERE id BETWEEN 7525571 AND 7526570 ORDER BY c
	-> Sort: sbtest1.c  (cost=371 rows=1838)
    -> Filter: (sbtest1.id between 7525571 and 7526570)  (cost=371 rows=1838)
        -> Index range scan on sbtest1 using PRIMARY over (7525571 <= id <= 7526570)  (cost=371 rows=1838)


table 2 : explain SELECT c FROM sbtest2 WHERE id BETWEEN 6864674 AND 6865673 ORDER BY c
	-> Sort: sbtest2.c  (cost=378 rows=1872)
    -> Filter: (sbtest2.id between 6864674 and 6865673)  (cost=378 rows=1872)
        -> Index range scan on sbtest2 using PRIMARY over (6864674 <= id <= 6865673)  (cost=378 rows=1872)


table 3 : explain SELECT c FROM sbtest3 WHERE id BETWEEN 187461 AND 188460 ORDER BY c
	-> Sort: sbtest3.c  (cost=371 rows=1838)
    -> Filter: (sbtest3.id between 187461 and 188460)  (cost=371 rows=1838)
        -> Index range scan on sbtest3 using PRIMARY over (187461 <= id <= 188460)  (cost=371 rows=1838)


table 4 : explain SELECT c FROM sbtest4 WHERE id BETWEEN 5073124 AND 5074123 ORDER BY c
	-> Sort: sbtest4.c  (cost=371 rows=1838)
    -> Filter: (sbtest4.id between 5073124 and 5074123)  (cost=371 rows=1838)
        -> Index range scan on sbtest4 using PRIMARY over (5073124 <= id <= 5074123)  (cost=371 rows=1838)


table 5 : explain SELECT c FROM sbtest5 WHERE id BETWEEN 3113144 AND 3114143 ORDER BY c
	-> Sort: sbtest5.c  (cost=378 rows=1872)
    -> Filter: (sbtest5.id between 3113144 and 3114143)  (cost=378 rows=1872)
        -> Index range scan on sbtest5 using PRIMARY over (3113144 <= id <= 3114143)  (cost=378 rows=1872)


table 6 : explain SELECT c FROM sbtest6 WHERE id BETWEEN 3881032 AND 3882031 ORDER BY c
	-> Sort: sbtest6.c  (cost=371 rows=1838)
    -> Filter: (sbtest6.id between 3881032 and 3882031)  (cost=371 rows=1838)
        -> Index range scan on sbtest6 using PRIMARY over (3881032 <= id <= 3882031)  (cost=371 rows=1838)


table 7 : explain SELECT c FROM sbtest7 WHERE id BETWEEN 2143499 AND 2144498 ORDER BY c
	-> Sort: sbtest7.c  (cost=371 rows=1838)
    -> Filter: (sbtest7.id between 2143499 and 2144498)  (cost=371 rows=1838)
        -> Index range scan on sbtest7 using PRIMARY over (2143499 <= id <= 2144498)  (cost=371 rows=1838)


table 8 : explain SELECT c FROM sbtest8 WHERE id BETWEEN 4764172 AND 4765171 ORDER BY c
	-> Sort: sbtest8.c  (cost=378 rows=1872)
    -> Filter: (sbtest8.id between 4764172 and 4765171)  (cost=378 rows=1872)
        -> Index range scan on sbtest8 using PRIMARY over (4764172 <= id <= 4765171)  (cost=378 rows=1872)


for: order_ranges
table 1 : explain SELECT c FROM sbtest1 WHERE id BETWEEN 4256838 AND 4257837 ORDER BY c
	-> Sort: sbtest1.c  (cost=371 rows=1838)
    -> Filter: (sbtest1.id between 4256838 and 4257837)  (cost=371 rows=1838)
        -> Index range scan on sbtest1 using PRIMARY over (4256838 <= id <= 4257837)  (cost=371 rows=1838)


table 2 : explain SELECT c FROM sbtest2 WHERE id BETWEEN 5380480 AND 5381479 ORDER BY c
	-> Sort: sbtest2.c  (cost=371 rows=1838)
    -> Filter: (sbtest2.id between 5380480 and 5381479)  (cost=371 rows=1838)
        -> Index range scan on sbtest2 using PRIMARY over (5380480 <= id <= 5381479)  (cost=371 rows=1838)


table 3 : explain SELECT c FROM sbtest3 WHERE id BETWEEN 8638789 AND 8639788 ORDER BY c
	-> Sort: sbtest3.c  (cost=378 rows=1872)
    -> Filter: (sbtest3.id between 8638789 and 8639788)  (cost=378 rows=1872)
        -> Index range scan on sbtest3 using PRIMARY over (8638789 <= id <= 8639788)  (cost=378 rows=1872)


table 4 : explain SELECT c FROM sbtest4 WHERE id BETWEEN 2365022 AND 2366021 ORDER BY c
	-> Sort: sbtest4.c  (cost=378 rows=1872)
    -> Filter: (sbtest4.id between 2365022 and 2366021)  (cost=378 rows=1872)
        -> Index range scan on sbtest4 using PRIMARY over (2365022 <= id <= 2366021)  (cost=378 rows=1872)


table 5 : explain SELECT c FROM sbtest5 WHERE id BETWEEN 7561628 AND 7562627 ORDER BY c
	-> Sort: sbtest5.c  (cost=371 rows=1838)
    -> Filter: (sbtest5.id between 7561628 and 7562627)  (cost=371 rows=1838)
        -> Index range scan on sbtest5 using PRIMARY over (7561628 <= id <= 7562627)  (cost=371 rows=1838)


table 6 : explain SELECT c FROM sbtest6 WHERE id BETWEEN 2506535 AND 2507534 ORDER BY c
	-> Sort: sbtest6.c  (cost=371 rows=1838)
    -> Filter: (sbtest6.id between 2506535 and 2507534)  (cost=371 rows=1838)
        -> Index range scan on sbtest6 using PRIMARY over (2506535 <= id <= 2507534)  (cost=371 rows=1838)


table 7 : explain SELECT c FROM sbtest7 WHERE id BETWEEN 7114942 AND 7115941 ORDER BY c
	-> Sort: sbtest7.c  (cost=371 rows=1838)
    -> Filter: (sbtest7.id between 7114942 and 7115941)  (cost=371 rows=1838)
        -> Index range scan on sbtest7 using PRIMARY over (7114942 <= id <= 7115941)  (cost=371 rows=1838)


table 8 : explain SELECT c FROM sbtest8 WHERE id BETWEEN 6695298 AND 6696297 ORDER BY c
	-> Sort: sbtest8.c  (cost=371 rows=1838)
    -> Filter: (sbtest8.id between 6695298 and 6696297)  (cost=371 rows=1838)
        -> Index range scan on sbtest8 using PRIMARY over (6695298 <= id <= 6696297)  (cost=371 rows=1838)


for: order_ranges
table 1 : explain SELECT c FROM sbtest1 WHERE id BETWEEN 9965306 AND 9966305 ORDER BY c
	-> Sort: sbtest1.c  (cost=371 rows=1838)
    -> Filter: (sbtest1.id between 9965306 and 9966305)  (cost=371 rows=1838)
        -> Index range scan on sbtest1 using PRIMARY over (9965306 <= id <= 9966305)  (cost=371 rows=1838)


table 2 : explain SELECT c FROM sbtest2 WHERE id BETWEEN 3850999 AND 3851998 ORDER BY c
	-> Sort: sbtest2.c  (cost=371 rows=1838)
    -> Filter: (sbtest2.id between 3850999 and 3851998)  (cost=371 rows=1838)
        -> Index range scan on sbtest2 using PRIMARY over (3850999 <= id <= 3851998)  (cost=371 rows=1838)


table 3 : explain SELECT c FROM sbtest3 WHERE id BETWEEN 4282348 AND 4283347 ORDER BY c
	-> Sort: sbtest3.c  (cost=371 rows=1838)
    -> Filter: (sbtest3.id between 4282348 and 4283347)  (cost=371 rows=1838)
        -> Index range scan on sbtest3 using PRIMARY over (4282348 <= id <= 4283347)  (cost=371 rows=1838)


table 4 : explain SELECT c FROM sbtest4 WHERE id BETWEEN 521568 AND 522567 ORDER BY c
	-> Sort: sbtest4.c  (cost=378 rows=1872)
    -> Filter: (sbtest4.id between 521568 and 522567)  (cost=378 rows=1872)
        -> Index range scan on sbtest4 using PRIMARY over (521568 <= id <= 522567)  (cost=378 rows=1872)


table 5 : explain SELECT c FROM sbtest5 WHERE id BETWEEN 2364168 AND 2365167 ORDER BY c
	-> Sort: sbtest5.c  (cost=371 rows=1838)
    -> Filter: (sbtest5.id between 2364168 and 2365167)  (cost=371 rows=1838)
        -> Index range scan on sbtest5 using PRIMARY over (2364168 <= id <= 2365167)  (cost=371 rows=1838)


table 6 : explain SELECT c FROM sbtest6 WHERE id BETWEEN 3645888 AND 3646887 ORDER BY c
	-> Sort: sbtest6.c  (cost=378 rows=1872)
    -> Filter: (sbtest6.id between 3645888 and 3646887)  (cost=378 rows=1872)
        -> Index range scan on sbtest6 using PRIMARY over (3645888 <= id <= 3646887)  (cost=378 rows=1872)


table 7 : explain SELECT c FROM sbtest7 WHERE id BETWEEN 8191077 AND 8192076 ORDER BY c
	-> Sort: sbtest7.c  (cost=378 rows=1872)
    -> Filter: (sbtest7.id between 8191077 and 8192076)  (cost=378 rows=1872)
        -> Index range scan on sbtest7 using PRIMARY over (8191077 <= id <= 8192076)  (cost=378 rows=1872)


table 8 : explain SELECT c FROM sbtest8 WHERE id BETWEEN 4700546 AND 4701545 ORDER BY c
	-> Sort: sbtest8.c  (cost=371 rows=1838)
    -> Filter: (sbtest8.id between 4700546 and 4701545)  (cost=371 rows=1838)
        -> Index range scan on sbtest8 using PRIMARY over (4700546 <= id <= 4701545)  (cost=371 rows=1838)


for: order_ranges
table 1 : explain SELECT c FROM sbtest1 WHERE id BETWEEN 8276111 AND 8277110 ORDER BY c
	-> Sort: sbtest1.c  (cost=371 rows=1838)
    -> Filter: (sbtest1.id between 8276111 and 8277110)  (cost=371 rows=1838)
        -> Index range scan on sbtest1 using PRIMARY over (8276111 <= id <= 8277110)  (cost=371 rows=1838)


table 2 : explain SELECT c FROM sbtest2 WHERE id BETWEEN 8683360 AND 8684359 ORDER BY c
	-> Sort: sbtest2.c  (cost=371 rows=1838)
    -> Filter: (sbtest2.id between 8683360 and 8684359)  (cost=371 rows=1838)
        -> Index range scan on sbtest2 using PRIMARY over (8683360 <= id <= 8684359)  (cost=371 rows=1838)


table 3 : explain SELECT c FROM sbtest3 WHERE id BETWEEN 5859099 AND 5860098 ORDER BY c
	-> Sort: sbtest3.c  (cost=378 rows=1872)
    -> Filter: (sbtest3.id between 5859099 and 5860098)  (cost=378 rows=1872)
        -> Index range scan on sbtest3 using PRIMARY over (5859099 <= id <= 5860098)  (cost=378 rows=1872)


table 4 : explain SELECT c FROM sbtest4 WHERE id BETWEEN 5948154 AND 5949153 ORDER BY c
	-> Sort: sbtest4.c  (cost=378 rows=1872)
    -> Filter: (sbtest4.id between 5948154 and 5949153)  (cost=378 rows=1872)
        -> Index range scan on sbtest4 using PRIMARY over (5948154 <= id <= 5949153)  (cost=378 rows=1872)


table 5 : explain SELECT c FROM sbtest5 WHERE id BETWEEN 8360704 AND 8361703 ORDER BY c
	-> Sort: sbtest5.c  (cost=371 rows=1838)
    -> Filter: (sbtest5.id between 8360704 and 8361703)  (cost=371 rows=1838)
        -> Index range scan on sbtest5 using PRIMARY over (8360704 <= id <= 8361703)  (cost=371 rows=1838)


table 6 : explain SELECT c FROM sbtest6 WHERE id BETWEEN 2639099 AND 2640098 ORDER BY c
	-> Sort: sbtest6.c  (cost=371 rows=1838)
    -> Filter: (sbtest6.id between 2639099 and 2640098)  (cost=371 rows=1838)
        -> Index range scan on sbtest6 using PRIMARY over (2639099 <= id <= 2640098)  (cost=371 rows=1838)


table 7 : explain SELECT c FROM sbtest7 WHERE id BETWEEN 5332497 AND 5333496 ORDER BY c
	-> Sort: sbtest7.c  (cost=371 rows=1838)
    -> Filter: (sbtest7.id between 5332497 and 5333496)  (cost=371 rows=1838)
        -> Index range scan on sbtest7 using PRIMARY over (5332497 <= id <= 5333496)  (cost=371 rows=1838)


table 8 : explain SELECT c FROM sbtest8 WHERE id BETWEEN 6515349 AND 6516348 ORDER BY c
	-> Sort: sbtest8.c  (cost=371 rows=1838)
    -> Filter: (sbtest8.id between 6515349 and 6516348)  (cost=371 rows=1838)
        -> Index range scan on sbtest8 using PRIMARY over (6515349 <= id <= 6516348)  (cost=371 rows=1838)


for: order_ranges
table 1 : explain SELECT c FROM sbtest1 WHERE id BETWEEN 986661 AND 987660 ORDER BY c
	-> Sort: sbtest1.c  (cost=371 rows=1838)
    -> Filter: (sbtest1.id between 986661 and 987660)  (cost=371 rows=1838)
        -> Index range scan on sbtest1 using PRIMARY over (986661 <= id <= 987660)  (cost=371 rows=1838)


table 2 : explain SELECT c FROM sbtest2 WHERE id BETWEEN 8309930 AND 8310929 ORDER BY c
	-> Sort: sbtest2.c  (cost=378 rows=1872)
    -> Filter: (sbtest2.id between 8309930 and 8310929)  (cost=378 rows=1872)
        -> Index range scan on sbtest2 using PRIMARY over (8309930 <= id <= 8310929)  (cost=378 rows=1872)


table 3 : explain SELECT c FROM sbtest3 WHERE id BETWEEN 7681896 AND 7682895 ORDER BY c
	-> Sort: sbtest3.c  (cost=371 rows=1838)
    -> Filter: (sbtest3.id between 7681896 and 7682895)  (cost=371 rows=1838)
        -> Index range scan on sbtest3 using PRIMARY over (7681896 <= id <= 7682895)  (cost=371 rows=1838)


table 4 : explain SELECT c FROM sbtest4 WHERE id BETWEEN 5386116 AND 5387115 ORDER BY c
	-> Sort: sbtest4.c  (cost=371 rows=1838)
    -> Filter: (sbtest4.id between 5386116 and 5387115)  (cost=371 rows=1838)
        -> Index range scan on sbtest4 using PRIMARY over (5386116 <= id <= 5387115)  (cost=371 rows=1838)


table 5 : explain SELECT c FROM sbtest5 WHERE id BETWEEN 6921090 AND 6922089 ORDER BY c
	-> Sort: sbtest5.c  (cost=371 rows=1838)
    -> Filter: (sbtest5.id between 6921090 and 6922089)  (cost=371 rows=1838)
        -> Index range scan on sbtest5 using PRIMARY over (6921090 <= id <= 6922089)  (cost=371 rows=1838)


table 6 : explain SELECT c FROM sbtest6 WHERE id BETWEEN 7659539 AND 7660538 ORDER BY c
	-> Sort: sbtest6.c  (cost=371 rows=1838)
    -> Filter: (sbtest6.id between 7659539 and 7660538)  (cost=371 rows=1838)
        -> Index range scan on sbtest6 using PRIMARY over (7659539 <= id <= 7660538)  (cost=371 rows=1838)


table 7 : explain SELECT c FROM sbtest7 WHERE id BETWEEN 5501424 AND 5502423 ORDER BY c
	-> Sort: sbtest7.c  (cost=371 rows=1838)
    -> Filter: (sbtest7.id between 5501424 and 5502423)  (cost=371 rows=1838)
        -> Index range scan on sbtest7 using PRIMARY over (5501424 <= id <= 5502423)  (cost=371 rows=1838)


table 8 : explain SELECT c FROM sbtest8 WHERE id BETWEEN 8574780 AND 8575779 ORDER BY c
	-> Sort: sbtest8.c  (cost=378 rows=1872)
    -> Filter: (sbtest8.id between 8574780 and 8575779)  (cost=378 rows=1872)
        -> Index range scan on sbtest8 using PRIMARY over (8574780 <= id <= 8575779)  (cost=378 rows=1872)


for: order_ranges
table 1 : explain SELECT c FROM sbtest1 WHERE id BETWEEN 7499404 AND 7500403 ORDER BY c
	-> Sort: sbtest1.c  (cost=378 rows=1872)
    -> Filter: (sbtest1.id between 7499404 and 7500403)  (cost=378 rows=1872)
        -> Index range scan on sbtest1 using PRIMARY over (7499404 <= id <= 7500403)  (cost=378 rows=1872)


table 2 : explain SELECT c FROM sbtest2 WHERE id BETWEEN 5487279 AND 5488278 ORDER BY c
	-> Sort: sbtest2.c  (cost=371 rows=1838)
    -> Filter: (sbtest2.id between 5487279 and 5488278)  (cost=371 rows=1838)
        -> Index range scan on sbtest2 using PRIMARY over (5487279 <= id <= 5488278)  (cost=371 rows=1838)


table 3 : explain SELECT c FROM sbtest3 WHERE id BETWEEN 6337514 AND 6338513 ORDER BY c
	-> Sort: sbtest3.c  (cost=371 rows=1838)
    -> Filter: (sbtest3.id between 6337514 and 6338513)  (cost=371 rows=1838)
        -> Index range scan on sbtest3 using PRIMARY over (6337514 <= id <= 6338513)  (cost=371 rows=1838)


table 4 : explain SELECT c FROM sbtest4 WHERE id BETWEEN 4725424 AND 4726423 ORDER BY c
	-> Sort: sbtest4.c  (cost=371 rows=1838)
    -> Filter: (sbtest4.id between 4725424 and 4726423)  (cost=371 rows=1838)
        -> Index range scan on sbtest4 using PRIMARY over (4725424 <= id <= 4726423)  (cost=371 rows=1838)


table 5 : explain SELECT c FROM sbtest5 WHERE id BETWEEN 4636831 AND 4637830 ORDER BY c
	-> Sort: sbtest5.c  (cost=371 rows=1838)
    -> Filter: (sbtest5.id between 4636831 and 4637830)  (cost=371 rows=1838)
        -> Index range scan on sbtest5 using PRIMARY over (4636831 <= id <= 4637830)  (cost=371 rows=1838)


table 6 : explain SELECT c FROM sbtest6 WHERE id BETWEEN 8164591 AND 8165590 ORDER BY c
	-> Sort: sbtest6.c  (cost=378 rows=1872)
    -> Filter: (sbtest6.id between 8164591 and 8165590)  (cost=378 rows=1872)
        -> Index range scan on sbtest6 using PRIMARY over (8164591 <= id <= 8165590)  (cost=378 rows=1872)


table 7 : explain SELECT c FROM sbtest7 WHERE id BETWEEN 9077946 AND 9078945 ORDER BY c
	-> Sort: sbtest7.c  (cost=371 rows=1838)
    -> Filter: (sbtest7.id between 9077946 and 9078945)  (cost=371 rows=1838)
        -> Index range scan on sbtest7 using PRIMARY over (9077946 <= id <= 9078945)  (cost=371 rows=1838)


table 8 : explain SELECT c FROM sbtest8 WHERE id BETWEEN 5082151 AND 5083150 ORDER BY c
	-> Sort: sbtest8.c  (cost=371 rows=1840)
    -> Filter: (sbtest8.id between 5082151 and 5083150)  (cost=371 rows=1840)
        -> Index range scan on sbtest8 using PRIMARY over (5082151 <= id <= 5083150)  (cost=371 rows=1840)


for: order_ranges
table 1 : explain SELECT c FROM sbtest1 WHERE id BETWEEN 5202917 AND 5203916 ORDER BY c
	-> Sort: sbtest1.c  (cost=371 rows=1838)
    -> Filter: (sbtest1.id between 5202917 and 5203916)  (cost=371 rows=1838)
        -> Index range scan on sbtest1 using PRIMARY over (5202917 <= id <= 5203916)  (cost=371 rows=1838)


table 2 : explain SELECT c FROM sbtest2 WHERE id BETWEEN 4203322 AND 4204321 ORDER BY c
	-> Sort: sbtest2.c  (cost=378 rows=1872)
    -> Filter: (sbtest2.id between 4203322 and 4204321)  (cost=378 rows=1872)
        -> Index range scan on sbtest2 using PRIMARY over (4203322 <= id <= 4204321)  (cost=378 rows=1872)


table 3 : explain SELECT c FROM sbtest3 WHERE id BETWEEN 9025434 AND 9026433 ORDER BY c
	-> Sort: sbtest3.c  (cost=371 rows=1838)
    -> Filter: (sbtest3.id between 9025434 and 9026433)  (cost=371 rows=1838)
        -> Index range scan on sbtest3 using PRIMARY over (9025434 <= id <= 9026433)  (cost=371 rows=1838)


table 4 : explain SELECT c FROM sbtest4 WHERE id BETWEEN 3538077 AND 3539076 ORDER BY c
	-> Sort: sbtest4.c  (cost=378 rows=1872)
    -> Filter: (sbtest4.id between 3538077 and 3539076)  (cost=378 rows=1872)
        -> Index range scan on sbtest4 using PRIMARY over (3538077 <= id <= 3539076)  (cost=378 rows=1872)


table 5 : explain SELECT c FROM sbtest5 WHERE id BETWEEN 8669994 AND 8670993 ORDER BY c
	-> Sort: sbtest5.c  (cost=371 rows=1838)
    -> Filter: (sbtest5.id between 8669994 and 8670993)  (cost=371 rows=1838)
        -> Index range scan on sbtest5 using PRIMARY over (8669994 <= id <= 8670993)  (cost=371 rows=1838)


table 6 : explain SELECT c FROM sbtest6 WHERE id BETWEEN 7522015 AND 7523014 ORDER BY c
	-> Sort: sbtest6.c  (cost=371 rows=1838)
    -> Filter: (sbtest6.id between 7522015 and 7523014)  (cost=371 rows=1838)
        -> Index range scan on sbtest6 using PRIMARY over (7522015 <= id <= 7523014)  (cost=371 rows=1838)


table 7 : explain SELECT c FROM sbtest7 WHERE id BETWEEN 2414693 AND 2415692 ORDER BY c
	-> Sort: sbtest7.c  (cost=371 rows=1838)
    -> Filter: (sbtest7.id between 2414693 and 2415692)  (cost=371 rows=1838)
        -> Index range scan on sbtest7 using PRIMARY over (2414693 <= id <= 2415692)  (cost=371 rows=1838)


table 8 : explain SELECT c FROM sbtest8 WHERE id BETWEEN 1557698 AND 1558697 ORDER BY c
	-> Sort: sbtest8.c  (cost=371 rows=1838)
    -> Filter: (sbtest8.id between 1557698 and 1558697)  (cost=371 rows=1838)
        -> Index range scan on sbtest8 using PRIMARY over (1557698 <= id <= 1558697)  (cost=371 rows=1838)


for: order_ranges
table 1 : explain SELECT c FROM sbtest1 WHERE id BETWEEN 7705642 AND 7706641 ORDER BY c
	-> Sort: sbtest1.c  (cost=378 rows=1872)
    -> Filter: (sbtest1.id between 7705642 and 7706641)  (cost=378 rows=1872)
        -> Index range scan on sbtest1 using PRIMARY over (7705642 <= id <= 7706641)  (cost=378 rows=1872)


table 2 : explain SELECT c FROM sbtest2 WHERE id BETWEEN 6321553 AND 6322552 ORDER BY c
	-> Sort: sbtest2.c  (cost=378 rows=1872)
    -> Filter: (sbtest2.id between 6321553 and 6322552)  (cost=378 rows=1872)
        -> Index range scan on sbtest2 using PRIMARY over (6321553 <= id <= 6322552)  (cost=378 rows=1872)


table 3 : explain SELECT c FROM sbtest3 WHERE id BETWEEN 9563243 AND 9564242 ORDER BY c
	-> Sort: sbtest3.c  (cost=371 rows=1838)
    -> Filter: (sbtest3.id between 9563243 and 9564242)  (cost=371 rows=1838)
        -> Index range scan on sbtest3 using PRIMARY over (9563243 <= id <= 9564242)  (cost=371 rows=1838)


table 4 : explain SELECT c FROM sbtest4 WHERE id BETWEEN 9005337 AND 9006336 ORDER BY c
	-> Sort: sbtest4.c  (cost=378 rows=1872)
    -> Filter: (sbtest4.id between 9005337 and 9006336)  (cost=378 rows=1872)
        -> Index range scan on sbtest4 using PRIMARY over (9005337 <= id <= 9006336)  (cost=378 rows=1872)


table 5 : explain SELECT c FROM sbtest5 WHERE id BETWEEN 4091934 AND 4092933 ORDER BY c
	-> Sort: sbtest5.c  (cost=371 rows=1838)
    -> Filter: (sbtest5.id between 4091934 and 4092933)  (cost=371 rows=1838)
        -> Index range scan on sbtest5 using PRIMARY over (4091934 <= id <= 4092933)  (cost=371 rows=1838)


table 6 : explain SELECT c FROM sbtest6 WHERE id BETWEEN 820131 AND 821130 ORDER BY c
	-> Sort: sbtest6.c  (cost=378 rows=1872)
    -> Filter: (sbtest6.id between 820131 and 821130)  (cost=378 rows=1872)
        -> Index range scan on sbtest6 using PRIMARY over (820131 <= id <= 821130)  (cost=378 rows=1872)


table 7 : explain SELECT c FROM sbtest7 WHERE id BETWEEN 1042429 AND 1043428 ORDER BY c
	-> Sort: sbtest7.c  (cost=371 rows=1838)
    -> Filter: (sbtest7.id between 1042429 and 1043428)  (cost=371 rows=1838)
        -> Index range scan on sbtest7 using PRIMARY over (1042429 <= id <= 1043428)  (cost=371 rows=1838)


table 8 : explain SELECT c FROM sbtest8 WHERE id BETWEEN 6564402 AND 6565401 ORDER BY c
	-> Sort: sbtest8.c  (cost=371 rows=1838)
    -> Filter: (sbtest8.id between 6564402 and 6565401)  (cost=371 rows=1838)
        -> Index range scan on sbtest8 using PRIMARY over (6564402 <= id <= 6565401)  (cost=371 rows=1838)


for: distinct_ranges
table 1 : explain SELECT DISTINCT c FROM sbtest1 WHERE id BETWEEN 2281339 AND 2282338 ORDER BY c
	-> Sort: sbtest1.c
    -> Table scan on <temporary>  (cost=794..820 rows=1838)
        -> Temporary table with deduplication  (cost=794..794 rows=1838)
            -> Filter: (sbtest1.id between 2281339 and 2282338)  (cost=371 rows=1838)
                -> Index range scan on sbtest1 using PRIMARY over (2281339 <= id <= 2282338)  (cost=371 rows=1838)


table 2 : explain SELECT DISTINCT c FROM sbtest2 WHERE id BETWEEN 4333407 AND 4334406 ORDER BY c
	-> Sort: sbtest2.c
    -> Table scan on <temporary>  (cost=809..835 rows=1872)
        -> Temporary table with deduplication  (cost=809..809 rows=1872)
            -> Filter: (sbtest2.id between 4333407 and 4334406)  (cost=378 rows=1872)
                -> Index range scan on sbtest2 using PRIMARY over (4333407 <= id <= 4334406)  (cost=378 rows=1872)


table 3 : explain SELECT DISTINCT c FROM sbtest3 WHERE id BETWEEN 7843914 AND 7844913 ORDER BY c
	-> Sort: sbtest3.c
    -> Table scan on <temporary>  (cost=794..820 rows=1838)
        -> Temporary table with deduplication  (cost=794..794 rows=1838)
            -> Filter: (sbtest3.id between 7843914 and 7844913)  (cost=371 rows=1838)
                -> Index range scan on sbtest3 using PRIMARY over (7843914 <= id <= 7844913)  (cost=371 rows=1838)


table 4 : explain SELECT DISTINCT c FROM sbtest4 WHERE id BETWEEN 9472966 AND 9473965 ORDER BY c
	-> Sort: sbtest4.c
    -> Table scan on <temporary>  (cost=809..835 rows=1872)
        -> Temporary table with deduplication  (cost=809..809 rows=1872)
            -> Filter: (sbtest4.id between 9472966 and 9473965)  (cost=378 rows=1872)
                -> Index range scan on sbtest4 using PRIMARY over (9472966 <= id <= 9473965)  (cost=378 rows=1872)


table 5 : explain SELECT DISTINCT c FROM sbtest5 WHERE id BETWEEN 1199147 AND 1200146 ORDER BY c
	-> Sort: sbtest5.c
    -> Table scan on <temporary>  (cost=809..835 rows=1872)
        -> Temporary table with deduplication  (cost=809..809 rows=1872)
            -> Filter: (sbtest5.id between 1199147 and 1200146)  (cost=378 rows=1872)
                -> Index range scan on sbtest5 using PRIMARY over (1199147 <= id <= 1200146)  (cost=378 rows=1872)


table 6 : explain SELECT DISTINCT c FROM sbtest6 WHERE id BETWEEN 9361279 AND 9362278 ORDER BY c
	-> Sort: sbtest6.c
    -> Table scan on <temporary>  (cost=809..835 rows=1872)
        -> Temporary table with deduplication  (cost=809..809 rows=1872)
            -> Filter: (sbtest6.id between 9361279 and 9362278)  (cost=378 rows=1872)
                -> Index range scan on sbtest6 using PRIMARY over (9361279 <= id <= 9362278)  (cost=378 rows=1872)


table 7 : explain SELECT DISTINCT c FROM sbtest7 WHERE id BETWEEN 3353744 AND 3354743 ORDER BY c
	-> Sort: sbtest7.c
    -> Table scan on <temporary>  (cost=809..835 rows=1872)
        -> Temporary table with deduplication  (cost=809..809 rows=1872)
            -> Filter: (sbtest7.id between 3353744 and 3354743)  (cost=378 rows=1872)
                -> Index range scan on sbtest7 using PRIMARY over (3353744 <= id <= 3354743)  (cost=378 rows=1872)


table 8 : explain SELECT DISTINCT c FROM sbtest8 WHERE id BETWEEN 4052624 AND 4053623 ORDER BY c
	-> Sort: sbtest8.c
    -> Table scan on <temporary>  (cost=794..820 rows=1838)
        -> Temporary table with deduplication  (cost=794..794 rows=1838)
            -> Filter: (sbtest8.id between 4052624 and 4053623)  (cost=371 rows=1838)
                -> Index range scan on sbtest8 using PRIMARY over (4052624 <= id <= 4053623)  (cost=371 rows=1838)

for: order_ranges
table 1 : explain SELECT c FROM sbtest1 WHERE id BETWEEN 3280497 AND 3281496 ORDER BY c
	-> Sort: sbtest1.c  (cost=371 rows=1838)
    -> Filter: (sbtest1.id between 3280497 and 3281496)  (cost=371 rows=1838)
        -> Index range scan on sbtest1 using PRIMARY over (3280497 <= id <= 3281496)  (cost=371 rows=1838)


table 2 : explain SELECT c FROM sbtest2 WHERE id BETWEEN 8735644 AND 8736643 ORDER BY c
	-> Sort: sbtest2.c  (cost=371 rows=1838)
    -> Filter: (sbtest2.id between 8735644 and 8736643)  (cost=371 rows=1838)
        -> Index range scan on sbtest2 using PRIMARY over (8735644 <= id <= 8736643)  (cost=371 rows=1838)


table 3 : explain SELECT c FROM sbtest3 WHERE id BETWEEN 1440548 AND 1441547 ORDER BY c
	-> Sort: sbtest3.c  (cost=378 rows=1872)
    -> Filter: (sbtest3.id between 1440548 and 1441547)  (cost=378 rows=1872)
        -> Index range scan on sbtest3 using PRIMARY over (1440548 <= id <= 1441547)  (cost=378 rows=1872)


table 4 : explain SELECT c FROM sbtest4 WHERE id BETWEEN 4445763 AND 4446762 ORDER BY c
	-> Sort: sbtest4.c  (cost=371 rows=1838)
    -> Filter: (sbtest4.id between 4445763 and 4446762)  (cost=371 rows=1838)
        -> Index range scan on sbtest4 using PRIMARY over (4445763 <= id <= 4446762)  (cost=371 rows=1838)


table 5 : explain SELECT c FROM sbtest5 WHERE id BETWEEN 8312695 AND 8313694 ORDER BY c
	-> Sort: sbtest5.c  (cost=378 rows=1872)
    -> Filter: (sbtest5.id between 8312695 and 8313694)  (cost=378 rows=1872)
        -> Index range scan on sbtest5 using PRIMARY over (8312695 <= id <= 8313694)  (cost=378 rows=1872)


table 6 : explain SELECT c FROM sbtest6 WHERE id BETWEEN 4866146 AND 4867145 ORDER BY c
	-> Sort: sbtest6.c  (cost=378 rows=1872)
    -> Filter: (sbtest6.id between 4866146 and 4867145)  (cost=378 rows=1872)
        -> Index range scan on sbtest6 using PRIMARY over (4866146 <= id <= 4867145)  (cost=378 rows=1872)


table 7 : explain SELECT c FROM sbtest7 WHERE id BETWEEN 8336510 AND 8337509 ORDER BY c
	-> Sort: sbtest7.c  (cost=378 rows=1872)
    -> Filter: (sbtest7.id between 8336510 and 8337509)  (cost=378 rows=1872)
        -> Index range scan on sbtest7 using PRIMARY over (8336510 <= id <= 8337509)  (cost=378 rows=1872)


table 8 : explain SELECT c FROM sbtest8 WHERE id BETWEEN 5308359 AND 5309358 ORDER BY c
	-> Sort: sbtest8.c  (cost=371 rows=1838)
    -> Filter: (sbtest8.id between 5308359 and 5309358)  (cost=371 rows=1838)
        -> Index range scan on sbtest8 using PRIMARY over (5308359 <= id <= 5309358)  (cost=371 rows=1838)

for: order_ranges
table 1 : explain SELECT c FROM sbtest1 WHERE id BETWEEN 7619343 AND 7620342 ORDER BY c
	-> Sort: sbtest1.c  (cost=378 rows=1872)
    -> Filter: (sbtest1.id between 7619343 and 7620342)  (cost=378 rows=1872)
        -> Index range scan on sbtest1 using PRIMARY over (7619343 <= id <= 7620342)  (cost=378 rows=1872)


table 2 : explain SELECT c FROM sbtest2 WHERE id BETWEEN 7754820 AND 7755819 ORDER BY c
	-> Sort: sbtest2.c  (cost=371 rows=1838)
    -> Filter: (sbtest2.id between 7754820 and 7755819)  (cost=371 rows=1838)
        -> Index range scan on sbtest2 using PRIMARY over (7754820 <= id <= 7755819)  (cost=371 rows=1838)


table 3 : explain SELECT c FROM sbtest3 WHERE id BETWEEN 5837441 AND 5838440 ORDER BY c
	-> Sort: sbtest3.c  (cost=371 rows=1838)
    -> Filter: (sbtest3.id between 5837441 and 5838440)  (cost=371 rows=1838)
        -> Index range scan on sbtest3 using PRIMARY over (5837441 <= id <= 5838440)  (cost=371 rows=1838)


table 4 : explain SELECT c FROM sbtest4 WHERE id BETWEEN 6781268 AND 6782267 ORDER BY c
	-> Sort: sbtest4.c  (cost=371 rows=1838)
    -> Filter: (sbtest4.id between 6781268 and 6782267)  (cost=371 rows=1838)
        -> Index range scan on sbtest4 using PRIMARY over (6781268 <= id <= 6782267)  (cost=371 rows=1838)


table 5 : explain SELECT c FROM sbtest5 WHERE id BETWEEN 47982 AND 48981 ORDER BY c
	-> Sort: sbtest5.c  (cost=371 rows=1838)
    -> Filter: (sbtest5.id between 47982 and 48981)  (cost=371 rows=1838)
        -> Index range scan on sbtest5 using PRIMARY over (47982 <= id <= 48981)  (cost=371 rows=1838)


table 6 : explain SELECT c FROM sbtest6 WHERE id BETWEEN 8623570 AND 8624569 ORDER BY c
	-> Sort: sbtest6.c  (cost=371 rows=1838)
    -> Filter: (sbtest6.id between 8623570 and 8624569)  (cost=371 rows=1838)
        -> Index range scan on sbtest6 using PRIMARY over (8623570 <= id <= 8624569)  (cost=371 rows=1838)


table 7 : explain SELECT c FROM sbtest7 WHERE id BETWEEN 8671395 AND 8672394 ORDER BY c
	-> Sort: sbtest7.c  (cost=371 rows=1838)
    -> Filter: (sbtest7.id between 8671395 and 8672394)  (cost=371 rows=1838)
        -> Index range scan on sbtest7 using PRIMARY over (8671395 <= id <= 8672394)  (cost=371 rows=1838)


table 8 : explain SELECT c FROM sbtest8 WHERE id BETWEEN 499631 AND 500630 ORDER BY c
	-> Sort: sbtest8.c  (cost=371 rows=1838)
    -> Filter: (sbtest8.id between 499631 and 500630)  (cost=371 rows=1838)
        -> Index range scan on sbtest8 using PRIMARY over (499631 <= id <= 500630)  (cost=371 rows=1838)




for: order_ranges
table 1 : explain SELECT c FROM sbtest1 WHERE id BETWEEN 3274464 AND 3275463 ORDER BY c
	-> Sort: sbtest1.c  (cost=378 rows=1872)
    -> Filter: (sbtest1.id between 3274464 and 3275463)  (cost=378 rows=1872)
        -> Index range scan on sbtest1 using PRIMARY over (3274464 <= id <= 3275463)  (cost=378 rows=1872)


table 2 : explain SELECT c FROM sbtest2 WHERE id BETWEEN 7398929 AND 7399928 ORDER BY c
	-> Sort: sbtest2.c  (cost=371 rows=1838)
    -> Filter: (sbtest2.id between 7398929 and 7399928)  (cost=371 rows=1838)
        -> Index range scan on sbtest2 using PRIMARY over (7398929 <= id <= 7399928)  (cost=371 rows=1838)


table 3 : explain SELECT c FROM sbtest3 WHERE id BETWEEN 4834142 AND 4835141 ORDER BY c
	-> Sort: sbtest3.c  (cost=371 rows=1838)
    -> Filter: (sbtest3.id between 4834142 and 4835141)  (cost=371 rows=1838)
        -> Index range scan on sbtest3 using PRIMARY over (4834142 <= id <= 4835141)  (cost=371 rows=1838)


table 4 : explain SELECT c FROM sbtest4 WHERE id BETWEEN 7670091 AND 7671090 ORDER BY c
	-> Sort: sbtest4.c  (cost=378 rows=1872)
    -> Filter: (sbtest4.id between 7670091 and 7671090)  (cost=378 rows=1872)
        -> Index range scan on sbtest4 using PRIMARY over (7670091 <= id <= 7671090)  (cost=378 rows=1872)


table 5 : explain SELECT c FROM sbtest5 WHERE id BETWEEN 6323874 AND 6324873 ORDER BY c
	-> Sort: sbtest5.c  (cost=371 rows=1838)
    -> Filter: (sbtest5.id between 6323874 and 6324873)  (cost=371 rows=1838)
        -> Index range scan on sbtest5 using PRIMARY over (6323874 <= id <= 6324873)  (cost=371 rows=1838)


table 6 : explain SELECT c FROM sbtest6 WHERE id BETWEEN 518704 AND 519703 ORDER BY c
	-> Sort: sbtest6.c  (cost=378 rows=1872)
    -> Filter: (sbtest6.id between 518704 and 519703)  (cost=378 rows=1872)
        -> Index range scan on sbtest6 using PRIMARY over (518704 <= id <= 519703)  (cost=378 rows=1872)


table 7 : explain SELECT c FROM sbtest7 WHERE id BETWEEN 2621629 AND 2622628 ORDER BY c
	-> Sort: sbtest7.c  (cost=378 rows=1872)
    -> Filter: (sbtest7.id between 2621629 and 2622628)  (cost=378 rows=1872)
        -> Index range scan on sbtest7 using PRIMARY over (2621629 <= id <= 2622628)  (cost=378 rows=1872)


table 8 : explain SELECT c FROM sbtest8 WHERE id BETWEEN 3583029 AND 3584028 ORDER BY c
	-> Sort: sbtest8.c  (cost=378 rows=1872)
    -> Filter: (sbtest8.id between 3583029 and 3584028)  (cost=378 rows=1872)
        -> Index range scan on sbtest8 using PRIMARY over (3583029 <= id <= 3584028)  (cost=378 rows=1872)


for: order_ranges
table 1 : explain SELECT c FROM sbtest1 WHERE id BETWEEN 2208005 AND 2209004 ORDER BY c
	-> Sort: sbtest1.c  (cost=378 rows=1872)
    -> Filter: (sbtest1.id between 2208005 and 2209004)  (cost=378 rows=1872)
        -> Index range scan on sbtest1 using PRIMARY over (2208005 <= id <= 2209004)  (cost=378 rows=1872)


table 2 : explain SELECT c FROM sbtest2 WHERE id BETWEEN 632409 AND 633408 ORDER BY c
	-> Sort: sbtest2.c  (cost=371 rows=1838)
    -> Filter: (sbtest2.id between 632409 and 633408)  (cost=371 rows=1838)
        -> Index range scan on sbtest2 using PRIMARY over (632409 <= id <= 633408)  (cost=371 rows=1838)


table 3 : explain SELECT c FROM sbtest3 WHERE id BETWEEN 3739431 AND 3740430 ORDER BY c
	-> Sort: sbtest3.c  (cost=371 rows=1838)
    -> Filter: (sbtest3.id between 3739431 and 3740430)  (cost=371 rows=1838)
        -> Index range scan on sbtest3 using PRIMARY over (3739431 <= id <= 3740430)  (cost=371 rows=1838)


table 4 : explain SELECT c FROM sbtest4 WHERE id BETWEEN 3391190 AND 3392189 ORDER BY c
	-> Sort: sbtest4.c  (cost=378 rows=1872)
    -> Filter: (sbtest4.id between 3391190 and 3392189)  (cost=378 rows=1872)
        -> Index range scan on sbtest4 using PRIMARY over (3391190 <= id <= 3392189)  (cost=378 rows=1872)


table 5 : explain SELECT c FROM sbtest5 WHERE id BETWEEN 9632129 AND 9633128 ORDER BY c
	-> Sort: sbtest5.c  (cost=371 rows=1838)
    -> Filter: (sbtest5.id between 9632129 and 9633128)  (cost=371 rows=1838)
        -> Index range scan on sbtest5 using PRIMARY over (9632129 <= id <= 9633128)  (cost=371 rows=1838)


table 6 : explain SELECT c FROM sbtest6 WHERE id BETWEEN 6047528 AND 6048527 ORDER BY c
	-> Sort: sbtest6.c  (cost=371 rows=1838)
    -> Filter: (sbtest6.id between 6047528 and 6048527)  (cost=371 rows=1838)
        -> Index range scan on sbtest6 using PRIMARY over (6047528 <= id <= 6048527)  (cost=371 rows=1838)


table 7 : explain SELECT c FROM sbtest7 WHERE id BETWEEN 7097875 AND 7098874 ORDER BY c
	-> Sort: sbtest7.c  (cost=371 rows=1838)
    -> Filter: (sbtest7.id between 7097875 and 7098874)  (cost=371 rows=1838)
        -> Index range scan on sbtest7 using PRIMARY over (7097875 <= id <= 7098874)  (cost=371 rows=1838)


table 8 : explain SELECT c FROM sbtest8 WHERE id BETWEEN 2143917 AND 2144916 ORDER BY c
	-> Sort: sbtest8.c  (cost=378 rows=1872)
    -> Filter: (sbtest8.id between 2143917 and 2144916)  (cost=378 rows=1872)
        -> Index range scan on sbtest8 using PRIMARY over (2143917 <= id <= 2144916)  (cost=378 rows=1872)


for: order_ranges
table 1 : explain SELECT c FROM sbtest1 WHERE id BETWEEN 3341226 AND 3342225 ORDER BY c
	-> Sort: sbtest1.c  (cost=371 rows=1838)
    -> Filter: (sbtest1.id between 3341226 and 3342225)  (cost=371 rows=1838)
        -> Index range scan on sbtest1 using PRIMARY over (3341226 <= id <= 3342225)  (cost=371 rows=1838)


table 2 : explain SELECT c FROM sbtest2 WHERE id BETWEEN 6510092 AND 6511091 ORDER BY c
	-> Sort: sbtest2.c  (cost=371 rows=1838)
    -> Filter: (sbtest2.id between 6510092 and 6511091)  (cost=371 rows=1838)
        -> Index range scan on sbtest2 using PRIMARY over (6510092 <= id <= 6511091)  (cost=371 rows=1838)


table 3 : explain SELECT c FROM sbtest3 WHERE id BETWEEN 1392240 AND 1393239 ORDER BY c
	-> Sort: sbtest3.c  (cost=378 rows=1872)
    -> Filter: (sbtest3.id between 1392240 and 1393239)  (cost=378 rows=1872)
        -> Index range scan on sbtest3 using PRIMARY over (1392240 <= id <= 1393239)  (cost=378 rows=1872)


table 4 : explain SELECT c FROM sbtest4 WHERE id BETWEEN 1113638 AND 1114637 ORDER BY c
	-> Sort: sbtest4.c  (cost=371 rows=1838)
    -> Filter: (sbtest4.id between 1113638 and 1114637)  (cost=371 rows=1838)
        -> Index range scan on sbtest4 using PRIMARY over (1113638 <= id <= 1114637)  (cost=371 rows=1838)


table 5 : explain SELECT c FROM sbtest5 WHERE id BETWEEN 6565192 AND 6566191 ORDER BY c
	-> Sort: sbtest5.c  (cost=371 rows=1838)
    -> Filter: (sbtest5.id between 6565192 and 6566191)  (cost=371 rows=1838)
        -> Index range scan on sbtest5 using PRIMARY over (6565192 <= id <= 6566191)  (cost=371 rows=1838)


table 6 : explain SELECT c FROM sbtest6 WHERE id BETWEEN 3992440 AND 3993439 ORDER BY c
	-> Sort: sbtest6.c  (cost=371 rows=1838)
    -> Filter: (sbtest6.id between 3992440 and 3993439)  (cost=371 rows=1838)
        -> Index range scan on sbtest6 using PRIMARY over (3992440 <= id <= 3993439)  (cost=371 rows=1838)


table 7 : explain SELECT c FROM sbtest7 WHERE id BETWEEN 620180 AND 621179 ORDER BY c
	-> Sort: sbtest7.c  (cost=378 rows=1872)
    -> Filter: (sbtest7.id between 620180 and 621179)  (cost=378 rows=1872)
        -> Index range scan on sbtest7 using PRIMARY over (620180 <= id <= 621179)  (cost=378 rows=1872)


table 8 : explain SELECT c FROM sbtest8 WHERE id BETWEEN 5674990 AND 5675989 ORDER BY c
	-> Sort: sbtest8.c  (cost=378 rows=1872)
    -> Filter: (sbtest8.id between 5674990 and 5675989)  (cost=378 rows=1872)
        -> Index range scan on sbtest8 using PRIMARY over (5674990 <= id <= 5675989)  (cost=378 rows=1872)


for: distinct_ranges
table 1 : explain SELECT DISTINCT c FROM sbtest1 WHERE id BETWEEN 6658551 AND 6659550 ORDER BY c
	-> Sort: sbtest1.c
    -> Table scan on <temporary>  (cost=794..820 rows=1838)
        -> Temporary table with deduplication  (cost=794..794 rows=1838)
            -> Filter: (sbtest1.id between 6658551 and 6659550)  (cost=371 rows=1838)
                -> Index range scan on sbtest1 using PRIMARY over (6658551 <= id <= 6659550)  (cost=371 rows=1838)


table 2 : explain SELECT DISTINCT c FROM sbtest2 WHERE id BETWEEN 7920626 AND 7921625 ORDER BY c
	-> Sort: sbtest2.c
    -> Table scan on <temporary>  (cost=809..835 rows=1872)
        -> Temporary table with deduplication  (cost=809..809 rows=1872)
            -> Filter: (sbtest2.id between 7920626 and 7921625)  (cost=378 rows=1872)
                -> Index range scan on sbtest2 using PRIMARY over (7920626 <= id <= 7921625)  (cost=378 rows=1872)


table 3 : explain SELECT DISTINCT c FROM sbtest3 WHERE id BETWEEN 3426297 AND 3427296 ORDER BY c
	-> Sort: sbtest3.c
    -> Table scan on <temporary>  (cost=809..835 rows=1872)
        -> Temporary table with deduplication  (cost=809..809 rows=1872)
            -> Filter: (sbtest3.id between 3426297 and 3427296)  (cost=378 rows=1872)
                -> Index range scan on sbtest3 using PRIMARY over (3426297 <= id <= 3427296)  (cost=378 rows=1872)


table 4 : explain SELECT DISTINCT c FROM sbtest4 WHERE id BETWEEN 9394001 AND 9395000 ORDER BY c
	-> Sort: sbtest4.c
    -> Table scan on <temporary>  (cost=794..820 rows=1838)
        -> Temporary table with deduplication  (cost=794..794 rows=1838)
            -> Filter: (sbtest4.id between 9394001 and 9395000)  (cost=371 rows=1838)
                -> Index range scan on sbtest4 using PRIMARY over (9394001 <= id <= 9395000)  (cost=371 rows=1838)


table 5 : explain SELECT DISTINCT c FROM sbtest5 WHERE id BETWEEN 8124037 AND 8125036 ORDER BY c
	-> Sort: sbtest5.c
    -> Table scan on <temporary>  (cost=794..820 rows=1838)
        -> Temporary table with deduplication  (cost=794..794 rows=1838)
            -> Filter: (sbtest5.id between 8124037 and 8125036)  (cost=371 rows=1838)
                -> Index range scan on sbtest5 using PRIMARY over (8124037 <= id <= 8125036)  (cost=371 rows=1838)


table 6 : explain SELECT DISTINCT c FROM sbtest6 WHERE id BETWEEN 8837376 AND 8838375 ORDER BY c
	-> Sort: sbtest6.c
    -> Table scan on <temporary>  (cost=794..820 rows=1838)
        -> Temporary table with deduplication  (cost=794..794 rows=1838)
            -> Filter: (sbtest6.id between 8837376 and 8838375)  (cost=371 rows=1838)
                -> Index range scan on sbtest6 using PRIMARY over (8837376 <= id <= 8838375)  (cost=371 rows=1838)


table 7 : explain SELECT DISTINCT c FROM sbtest7 WHERE id BETWEEN 7523058 AND 7524057 ORDER BY c
	-> Sort: sbtest7.c
    -> Table scan on <temporary>  (cost=809..835 rows=1872)
        -> Temporary table with deduplication  (cost=809..809 rows=1872)
            -> Filter: (sbtest7.id between 7523058 and 7524057)  (cost=378 rows=1872)
                -> Index range scan on sbtest7 using PRIMARY over (7523058 <= id <= 7524057)  (cost=378 rows=1872)


table 8 : explain SELECT DISTINCT c FROM sbtest8 WHERE id BETWEEN 3517683 AND 3518682 ORDER BY c
	-> Sort: sbtest8.c
    -> Table scan on <temporary>  (cost=794..820 rows=1838)
        -> Temporary table with deduplication  (cost=794..794 rows=1838)
            -> Filter: (sbtest8.id between 3517683 and 3518682)  (cost=371 rows=1838)
                -> Index range scan on sbtest8 using PRIMARY over (3517683 <= id <= 3518682)  (cost=371 rows=1838)


for: order_ranges
table 1 : explain SELECT c FROM sbtest1 WHERE id BETWEEN 2691200 AND 2692199 ORDER BY c
	-> Sort: sbtest1.c  (cost=378 rows=1872)
    -> Filter: (sbtest1.id between 2691200 and 2692199)  (cost=378 rows=1872)
        -> Index range scan on sbtest1 using PRIMARY over (2691200 <= id <= 2692199)  (cost=378 rows=1872)


table 2 : explain SELECT c FROM sbtest2 WHERE id BETWEEN 3201994 AND 3202993 ORDER BY c
	-> Sort: sbtest2.c  (cost=371 rows=1838)
    -> Filter: (sbtest2.id between 3201994 and 3202993)  (cost=371 rows=1838)
        -> Index range scan on sbtest2 using PRIMARY over (3201994 <= id <= 3202993)  (cost=371 rows=1838)


table 3 : explain SELECT c FROM sbtest3 WHERE id BETWEEN 7218152 AND 7219151 ORDER BY c
	-> Sort: sbtest3.c  (cost=378 rows=1872)
    -> Filter: (sbtest3.id between 7218152 and 7219151)  (cost=378 rows=1872)
        -> Index range scan on sbtest3 using PRIMARY over (7218152 <= id <= 7219151)  (cost=378 rows=1872)


table 4 : explain SELECT c FROM sbtest4 WHERE id BETWEEN 4375778 AND 4376777 ORDER BY c
	-> Sort: sbtest4.c  (cost=371 rows=1838)
    -> Filter: (sbtest4.id between 4375778 and 4376777)  (cost=371 rows=1838)
        -> Index range scan on sbtest4 using PRIMARY over (4375778 <= id <= 4376777)  (cost=371 rows=1838)


table 5 : explain SELECT c FROM sbtest5 WHERE id BETWEEN 1779337 AND 1780336 ORDER BY c
	-> Sort: sbtest5.c  (cost=371 rows=1838)
    -> Filter: (sbtest5.id between 1779337 and 1780336)  (cost=371 rows=1838)
        -> Index range scan on sbtest5 using PRIMARY over (1779337 <= id <= 1780336)  (cost=371 rows=1838)


table 6 : explain SELECT c FROM sbtest6 WHERE id BETWEEN 1758215 AND 1759214 ORDER BY c
	-> Sort: sbtest6.c  (cost=371 rows=1838)
    -> Filter: (sbtest6.id between 1758215 and 1759214)  (cost=371 rows=1838)
        -> Index range scan on sbtest6 using PRIMARY over (1758215 <= id <= 1759214)  (cost=371 rows=1838)


table 7 : explain SELECT c FROM sbtest7 WHERE id BETWEEN 7764416 AND 7765415 ORDER BY c
	-> Sort: sbtest7.c  (cost=371 rows=1838)
    -> Filter: (sbtest7.id between 7764416 and 7765415)  (cost=371 rows=1838)
        -> Index range scan on sbtest7 using PRIMARY over (7764416 <= id <= 7765415)  (cost=371 rows=1838)


table 8 : explain SELECT c FROM sbtest8 WHERE id BETWEEN 9402227 AND 9403226 ORDER BY c
	-> Sort: sbtest8.c  (cost=378 rows=1872)
    -> Filter: (sbtest8.id between 9402227 and 9403226)  (cost=378 rows=1872)
        -> Index range scan on sbtest8 using PRIMARY over (9402227 <= id <= 9403226)  (cost=378 rows=1872)


for: order_ranges
table 1 : explain SELECT c FROM sbtest1 WHERE id BETWEEN 4885060 AND 4886059 ORDER BY c
	-> Sort: sbtest1.c  (cost=378 rows=1872)
    -> Filter: (sbtest1.id between 4885060 and 4886059)  (cost=378 rows=1872)
        -> Index range scan on sbtest1 using PRIMARY over (4885060 <= id <= 4886059)  (cost=378 rows=1872)


table 2 : explain SELECT c FROM sbtest2 WHERE id BETWEEN 8824668 AND 8825667 ORDER BY c
	-> Sort: sbtest2.c  (cost=371 rows=1838)
    -> Filter: (sbtest2.id between 8824668 and 8825667)  (cost=371 rows=1838)
        -> Index range scan on sbtest2 using PRIMARY over (8824668 <= id <= 8825667)  (cost=371 rows=1838)


table 3 : explain SELECT c FROM sbtest3 WHERE id BETWEEN 4682516 AND 4683515 ORDER BY c
	-> Sort: sbtest3.c  (cost=371 rows=1838)
    -> Filter: (sbtest3.id between 4682516 and 4683515)  (cost=371 rows=1838)
        -> Index range scan on sbtest3 using PRIMARY over (4682516 <= id <= 4683515)  (cost=371 rows=1838)


table 4 : explain SELECT c FROM sbtest4 WHERE id BETWEEN 1106796 AND 1107795 ORDER BY c
	-> Sort: sbtest4.c  (cost=378 rows=1872)
    -> Filter: (sbtest4.id between 1106796 and 1107795)  (cost=378 rows=1872)
        -> Index range scan on sbtest4 using PRIMARY over (1106796 <= id <= 1107795)  (cost=378 rows=1872)


table 5 : explain SELECT c FROM sbtest5 WHERE id BETWEEN 2392424 AND 2393423 ORDER BY c
	-> Sort: sbtest5.c  (cost=371 rows=1838)
    -> Filter: (sbtest5.id between 2392424 and 2393423)  (cost=371 rows=1838)
        -> Index range scan on sbtest5 using PRIMARY over (2392424 <= id <= 2393423)  (cost=371 rows=1838)


table 6 : explain SELECT c FROM sbtest6 WHERE id BETWEEN 7262224 AND 7263223 ORDER BY c
	-> Sort: sbtest6.c  (cost=378 rows=1872)
    -> Filter: (sbtest6.id between 7262224 and 7263223)  (cost=378 rows=1872)
        -> Index range scan on sbtest6 using PRIMARY over (7262224 <= id <= 7263223)  (cost=378 rows=1872)


table 7 : explain SELECT c FROM sbtest7 WHERE id BETWEEN 4836103 AND 4837102 ORDER BY c
	-> Sort: sbtest7.c  (cost=371 rows=1838)
    -> Filter: (sbtest7.id between 4836103 and 4837102)  (cost=371 rows=1838)
        -> Index range scan on sbtest7 using PRIMARY over (4836103 <= id <= 4837102)  (cost=371 rows=1838)


table 8 : explain SELECT c FROM sbtest8 WHERE id BETWEEN 5964864 AND 5965863 ORDER BY c
	-> Sort: sbtest8.c  (cost=371 rows=1838)
    -> Filter: (sbtest8.id between 5964864 and 5965863)  (cost=371 rows=1838)
        -> Index range scan on sbtest8 using PRIMARY over (5964864 <= id <= 5965863)  (cost=371 rows=1838)


for: order_ranges
table 1 : explain SELECT c FROM sbtest1 WHERE id BETWEEN 4237811 AND 4238810 ORDER BY c
	-> Sort: sbtest1.c  (cost=371 rows=1838)
    -> Filter: (sbtest1.id between 4237811 and 4238810)  (cost=371 rows=1838)
        -> Index range scan on sbtest1 using PRIMARY over (4237811 <= id <= 4238810)  (cost=371 rows=1838)


table 2 : explain SELECT c FROM sbtest2 WHERE id BETWEEN 8249742 AND 8250741 ORDER BY c
	-> Sort: sbtest2.c  (cost=371 rows=1838)
    -> Filter: (sbtest2.id between 8249742 and 8250741)  (cost=371 rows=1838)
        -> Index range scan on sbtest2 using PRIMARY over (8249742 <= id <= 8250741)  (cost=371 rows=1838)


table 3 : explain SELECT c FROM sbtest3 WHERE id BETWEEN 2139597 AND 2140596 ORDER BY c
	-> Sort: sbtest3.c  (cost=378 rows=1872)
    -> Filter: (sbtest3.id between 2139597 and 2140596)  (cost=378 rows=1872)
        -> Index range scan on sbtest3 using PRIMARY over (2139597 <= id <= 2140596)  (cost=378 rows=1872)


table 4 : explain SELECT c FROM sbtest4 WHERE id BETWEEN 3432022 AND 3433021 ORDER BY c
	-> Sort: sbtest4.c  (cost=371 rows=1838)
    -> Filter: (sbtest4.id between 3432022 and 3433021)  (cost=371 rows=1838)
        -> Index range scan on sbtest4 using PRIMARY over (3432022 <= id <= 3433021)  (cost=371 rows=1838)


table 5 : explain SELECT c FROM sbtest5 WHERE id BETWEEN 7262621 AND 7263620 ORDER BY c
	-> Sort: sbtest5.c  (cost=371 rows=1838)
    -> Filter: (sbtest5.id between 7262621 and 7263620)  (cost=371 rows=1838)
        -> Index range scan on sbtest5 using PRIMARY over (7262621 <= id <= 7263620)  (cost=371 rows=1838)


table 6 : explain SELECT c FROM sbtest6 WHERE id BETWEEN 6810162 AND 6811161 ORDER BY c
	-> Sort: sbtest6.c  (cost=371 rows=1838)
    -> Filter: (sbtest6.id between 6810162 and 6811161)  (cost=371 rows=1838)
        -> Index range scan on sbtest6 using PRIMARY over (6810162 <= id <= 6811161)  (cost=371 rows=1838)


table 7 : explain SELECT c FROM sbtest7 WHERE id BETWEEN 4121183 AND 4122182 ORDER BY c
	-> Sort: sbtest7.c  (cost=378 rows=1872)
    -> Filter: (sbtest7.id between 4121183 and 4122182)  (cost=378 rows=1872)
        -> Index range scan on sbtest7 using PRIMARY over (4121183 <= id <= 4122182)  (cost=378 rows=1872)


table 8 : explain SELECT c FROM sbtest8 WHERE id BETWEEN 5549986 AND 5550985 ORDER BY c
	-> Sort: sbtest8.c  (cost=371 rows=1838)
    -> Filter: (sbtest8.id between 5549986 and 5550985)  (cost=371 rows=1838)
        -> Index range scan on sbtest8 using PRIMARY over (5549986 <= id <= 5550985)  (cost=371 rows=1838)


for: order_ranges
table 1 : explain SELECT c FROM sbtest1 WHERE id BETWEEN 405978 AND 406977 ORDER BY c
	-> Sort: sbtest1.c  (cost=371 rows=1838)
    -> Filter: (sbtest1.id between 405978 and 406977)  (cost=371 rows=1838)
        -> Index range scan on sbtest1 using PRIMARY over (405978 <= id <= 406977)  (cost=371 rows=1838)


table 2 : explain SELECT c FROM sbtest2 WHERE id BETWEEN 9315473 AND 9316472 ORDER BY c
	-> Sort: sbtest2.c  (cost=371 rows=1838)
    -> Filter: (sbtest2.id between 9315473 and 9316472)  (cost=371 rows=1838)
        -> Index range scan on sbtest2 using PRIMARY over (9315473 <= id <= 9316472)  (cost=371 rows=1838)


table 3 : explain SELECT c FROM sbtest3 WHERE id BETWEEN 3091018 AND 3092017 ORDER BY c
	-> Sort: sbtest3.c  (cost=378 rows=1872)
    -> Filter: (sbtest3.id between 3091018 and 3092017)  (cost=378 rows=1872)
        -> Index range scan on sbtest3 using PRIMARY over (3091018 <= id <= 3092017)  (cost=378 rows=1872)


table 4 : explain SELECT c FROM sbtest4 WHERE id BETWEEN 1214890 AND 1215889 ORDER BY c
	-> Sort: sbtest4.c  (cost=371 rows=1838)
    -> Filter: (sbtest4.id between 1214890 and 1215889)  (cost=371 rows=1838)
        -> Index range scan on sbtest4 using PRIMARY over (1214890 <= id <= 1215889)  (cost=371 rows=1838)


table 5 : explain SELECT c FROM sbtest5 WHERE id BETWEEN 9526501 AND 9527500 ORDER BY c
	-> Sort: sbtest5.c  (cost=371 rows=1838)
    -> Filter: (sbtest5.id between 9526501 and 9527500)  (cost=371 rows=1838)
        -> Index range scan on sbtest5 using PRIMARY over (9526501 <= id <= 9527500)  (cost=371 rows=1838)


table 6 : explain SELECT c FROM sbtest6 WHERE id BETWEEN 9814254 AND 9815253 ORDER BY c
	-> Sort: sbtest6.c  (cost=371 rows=1838)
    -> Filter: (sbtest6.id between 9814254 and 9815253)  (cost=371 rows=1838)
        -> Index range scan on sbtest6 using PRIMARY over (9814254 <= id <= 9815253)  (cost=371 rows=1838)


table 7 : explain SELECT c FROM sbtest7 WHERE id BETWEEN 9256494 AND 9257493 ORDER BY c
	-> Sort: sbtest7.c  (cost=371 rows=1838)
    -> Filter: (sbtest7.id between 9256494 and 9257493)  (cost=371 rows=1838)
        -> Index range scan on sbtest7 using PRIMARY over (9256494 <= id <= 9257493)  (cost=371 rows=1838)


table 8 : explain SELECT c FROM sbtest8 WHERE id BETWEEN 6817427 AND 6818426 ORDER BY c
	-> Sort: sbtest8.c  (cost=371 rows=1838)
    -> Filter: (sbtest8.id between 6817427 and 6818426)  (cost=371 rows=1838)
        -> Index range scan on sbtest8 using PRIMARY over (6817427 <= id <= 6818426)  (cost=371 rows=1838)


for: order_ranges
table 1 : explain SELECT c FROM sbtest1 WHERE id BETWEEN 634638 AND 635637 ORDER BY c
	-> Sort: sbtest1.c  (cost=378 rows=1872)
    -> Filter: (sbtest1.id between 634638 and 635637)  (cost=378 rows=1872)
        -> Index range scan on sbtest1 using PRIMARY over (634638 <= id <= 635637)  (cost=378 rows=1872)


table 2 : explain SELECT c FROM sbtest2 WHERE id BETWEEN 5185957 AND 5186956 ORDER BY c
	-> Sort: sbtest2.c  (cost=371 rows=1840)
    -> Filter: (sbtest2.id between 5185957 and 5186956)  (cost=371 rows=1840)
        -> Index range scan on sbtest2 using PRIMARY over (5185957 <= id <= 5186956)  (cost=371 rows=1840)


table 3 : explain SELECT c FROM sbtest3 WHERE id BETWEEN 135443 AND 136442 ORDER BY c
	-> Sort: sbtest3.c  (cost=371 rows=1838)
    -> Filter: (sbtest3.id between 135443 and 136442)  (cost=371 rows=1838)
        -> Index range scan on sbtest3 using PRIMARY over (135443 <= id <= 136442)  (cost=371 rows=1838)


table 4 : explain SELECT c FROM sbtest4 WHERE id BETWEEN 2644392 AND 2645391 ORDER BY c
	-> Sort: sbtest4.c  (cost=378 rows=1872)
    -> Filter: (sbtest4.id between 2644392 and 2645391)  (cost=378 rows=1872)
        -> Index range scan on sbtest4 using PRIMARY over (2644392 <= id <= 2645391)  (cost=378 rows=1872)


table 5 : explain SELECT c FROM sbtest5 WHERE id BETWEEN 8956749 AND 8957748 ORDER BY c
	-> Sort: sbtest5.c  (cost=371 rows=1838)
    -> Filter: (sbtest5.id between 8956749 and 8957748)  (cost=371 rows=1838)
        -> Index range scan on sbtest5 using PRIMARY over (8956749 <= id <= 8957748)  (cost=371 rows=1838)


table 6 : explain SELECT c FROM sbtest6 WHERE id BETWEEN 7890204 AND 7891203 ORDER BY c
	-> Sort: sbtest6.c  (cost=371 rows=1838)
    -> Filter: (sbtest6.id between 7890204 and 7891203)  (cost=371 rows=1838)
        -> Index range scan on sbtest6 using PRIMARY over (7890204 <= id <= 7891203)  (cost=371 rows=1838)


table 7 : explain SELECT c FROM sbtest7 WHERE id BETWEEN 5937982 AND 5938981 ORDER BY c
	-> Sort: sbtest7.c  (cost=371 rows=1838)
    -> Filter: (sbtest7.id between 5937982 and 5938981)  (cost=371 rows=1838)
        -> Index range scan on sbtest7 using PRIMARY over (5937982 <= id <= 5938981)  (cost=371 rows=1838)


table 8 : explain SELECT c FROM sbtest8 WHERE id BETWEEN 3264304 AND 3265303 ORDER BY c
	-> Sort: sbtest8.c  (cost=371 rows=1838)
    -> Filter: (sbtest8.id between 3264304 and 3265303)  (cost=371 rows=1838)
        -> Index range scan on sbtest8 using PRIMARY over (3264304 <= id <= 3265303)  (cost=371 rows=1838)


for: order_ranges
table 1 : explain SELECT c FROM sbtest1 WHERE id BETWEEN 74452 AND 75451 ORDER BY c
	-> Sort: sbtest1.c  (cost=371 rows=1838)
    -> Filter: (sbtest1.id between 74452 and 75451)  (cost=371 rows=1838)
        -> Index range scan on sbtest1 using PRIMARY over (74452 <= id <= 75451)  (cost=371 rows=1838)


table 2 : explain SELECT c FROM sbtest2 WHERE id BETWEEN 4977931 AND 4978930 ORDER BY c
	-> Sort: sbtest2.c  (cost=371 rows=1838)
    -> Filter: (sbtest2.id between 4977931 and 4978930)  (cost=371 rows=1838)
        -> Index range scan on sbtest2 using PRIMARY over (4977931 <= id <= 4978930)  (cost=371 rows=1838)


table 3 : explain SELECT c FROM sbtest3 WHERE id BETWEEN 8095140 AND 8096139 ORDER BY c
	-> Sort: sbtest3.c  (cost=371 rows=1838)
    -> Filter: (sbtest3.id between 8095140 and 8096139)  (cost=371 rows=1838)
        -> Index range scan on sbtest3 using PRIMARY over (8095140 <= id <= 8096139)  (cost=371 rows=1838)


table 4 : explain SELECT c FROM sbtest4 WHERE id BETWEEN 8368681 AND 8369680 ORDER BY c
	-> Sort: sbtest4.c  (cost=371 rows=1838)
    -> Filter: (sbtest4.id between 8368681 and 8369680)  (cost=371 rows=1838)
        -> Index range scan on sbtest4 using PRIMARY over (8368681 <= id <= 8369680)  (cost=371 rows=1838)


table 5 : explain SELECT c FROM sbtest5 WHERE id BETWEEN 6283398 AND 6284397 ORDER BY c
	-> Sort: sbtest5.c  (cost=371 rows=1838)
    -> Filter: (sbtest5.id between 6283398 and 6284397)  (cost=371 rows=1838)
        -> Index range scan on sbtest5 using PRIMARY over (6283398 <= id <= 6284397)  (cost=371 rows=1838)


table 6 : explain SELECT c FROM sbtest6 WHERE id BETWEEN 7686951 AND 7687950 ORDER BY c
	-> Sort: sbtest6.c  (cost=378 rows=1872)
    -> Filter: (sbtest6.id between 7686951 and 7687950)  (cost=378 rows=1872)
        -> Index range scan on sbtest6 using PRIMARY over (7686951 <= id <= 7687950)  (cost=378 rows=1872)


table 7 : explain SELECT c FROM sbtest7 WHERE id BETWEEN 1960803 AND 1961802 ORDER BY c
	-> Sort: sbtest7.c  (cost=371 rows=1838)
    -> Filter: (sbtest7.id between 1960803 and 1961802)  (cost=371 rows=1838)
        -> Index range scan on sbtest7 using PRIMARY over (1960803 <= id <= 1961802)  (cost=371 rows=1838)


table 8 : explain SELECT c FROM sbtest8 WHERE id BETWEEN 4732671 AND 4733670 ORDER BY c
	-> Sort: sbtest8.c  (cost=371 rows=1838)
    -> Filter: (sbtest8.id between 4732671 and 4733670)  (cost=371 rows=1838)
        -> Index range scan on sbtest8 using PRIMARY over (4732671 <= id <= 4733670)  (cost=371 rows=1838)


for: distinct_ranges
table 1 : explain SELECT DISTINCT c FROM sbtest1 WHERE id BETWEEN 513181 AND 514180 ORDER BY c
	-> Sort: sbtest1.c
    -> Table scan on <temporary>  (cost=794..820 rows=1838)
        -> Temporary table with deduplication  (cost=794..794 rows=1838)
            -> Filter: (sbtest1.id between 513181 and 514180)  (cost=371 rows=1838)
                -> Index range scan on sbtest1 using PRIMARY over (513181 <= id <= 514180)  (cost=371 rows=1838)


table 2 : explain SELECT DISTINCT c FROM sbtest2 WHERE id BETWEEN 4606326 AND 4607325 ORDER BY c
	-> Sort: sbtest2.c
    -> Table scan on <temporary>  (cost=794..820 rows=1838)
        -> Temporary table with deduplication  (cost=794..794 rows=1838)
            -> Filter: (sbtest2.id between 4606326 and 4607325)  (cost=371 rows=1838)
                -> Index range scan on sbtest2 using PRIMARY over (4606326 <= id <= 4607325)  (cost=371 rows=1838)


table 3 : explain SELECT DISTINCT c FROM sbtest3 WHERE id BETWEEN 4239442 AND 4240441 ORDER BY c
	-> Sort: sbtest3.c
    -> Table scan on <temporary>  (cost=809..835 rows=1872)
        -> Temporary table with deduplication  (cost=809..809 rows=1872)
            -> Filter: (sbtest3.id between 4239442 and 4240441)  (cost=378 rows=1872)
                -> Index range scan on sbtest3 using PRIMARY over (4239442 <= id <= 4240441)  (cost=378 rows=1872)


table 4 : explain SELECT DISTINCT c FROM sbtest4 WHERE id BETWEEN 7897528 AND 7898527 ORDER BY c
	-> Sort: sbtest4.c
    -> Table scan on <temporary>  (cost=794..820 rows=1838)
        -> Temporary table with deduplication  (cost=794..794 rows=1838)
            -> Filter: (sbtest4.id between 7897528 and 7898527)  (cost=371 rows=1838)
                -> Index range scan on sbtest4 using PRIMARY over (7897528 <= id <= 7898527)  (cost=371 rows=1838)


table 5 : explain SELECT DISTINCT c FROM sbtest5 WHERE id BETWEEN 4351847 AND 4352846 ORDER BY c
	-> Sort: sbtest5.c
    -> Table scan on <temporary>  (cost=794..820 rows=1838)
        -> Temporary table with deduplication  (cost=794..794 rows=1838)
            -> Filter: (sbtest5.id between 4351847 and 4352846)  (cost=371 rows=1838)
                -> Index range scan on sbtest5 using PRIMARY over (4351847 <= id <= 4352846)  (cost=371 rows=1838)


table 6 : explain SELECT DISTINCT c FROM sbtest6 WHERE id BETWEEN 5955954 AND 5956953 ORDER BY c
	-> Sort: sbtest6.c
    -> Table scan on <temporary>  (cost=794..820 rows=1838)
        -> Temporary table with deduplication  (cost=794..794 rows=1838)
            -> Filter: (sbtest6.id between 5955954 and 5956953)  (cost=371 rows=1838)
                -> Index range scan on sbtest6 using PRIMARY over (5955954 <= id <= 5956953)  (cost=371 rows=1838)


table 7 : explain SELECT DISTINCT c FROM sbtest7 WHERE id BETWEEN 2038826 AND 2039825 ORDER BY c
	-> Sort: sbtest7.c
    -> Table scan on <temporary>  (cost=794..820 rows=1838)
        -> Temporary table with deduplication  (cost=794..794 rows=1838)
            -> Filter: (sbtest7.id between 2038826 and 2039825)  (cost=371 rows=1838)
                -> Index range scan on sbtest7 using PRIMARY over (2038826 <= id <= 2039825)  (cost=371 rows=1838)


table 8 : explain SELECT DISTINCT c FROM sbtest8 WHERE id BETWEEN 2916493 AND 2917492 ORDER BY c
	-> Sort: sbtest8.c
    -> Table scan on <temporary>  (cost=794..820 rows=1838)
        -> Temporary table with deduplication  (cost=794..794 rows=1838)
            -> Filter: (sbtest8.id between 2916493 and 2917492)  (cost=371 rows=1838)
                -> Index range scan on sbtest8 using PRIMARY over (2916493 <= id <= 2917492)  (cost=371 rows=1838)


for: order_ranges
table 1 : explain SELECT c FROM sbtest1 WHERE id BETWEEN 8329708 AND 8330707 ORDER BY c
	-> Sort: sbtest1.c  (cost=378 rows=1872)
    -> Filter: (sbtest1.id between 8329708 and 8330707)  (cost=378 rows=1872)
        -> Index range scan on sbtest1 using PRIMARY over (8329708 <= id <= 8330707)  (cost=378 rows=1872)


table 2 : explain SELECT c FROM sbtest2 WHERE id BETWEEN 7807918 AND 7808917 ORDER BY c
	-> Sort: sbtest2.c  (cost=378 rows=1872)
    -> Filter: (sbtest2.id between 7807918 and 7808917)  (cost=378 rows=1872)
        -> Index range scan on sbtest2 using PRIMARY over (7807918 <= id <= 7808917)  (cost=378 rows=1872)


table 3 : explain SELECT c FROM sbtest3 WHERE id BETWEEN 6887380 AND 6888379 ORDER BY c
	-> Sort: sbtest3.c  (cost=378 rows=1872)
    -> Filter: (sbtest3.id between 6887380 and 6888379)  (cost=378 rows=1872)
        -> Index range scan on sbtest3 using PRIMARY over (6887380 <= id <= 6888379)  (cost=378 rows=1872)


table 4 : explain SELECT c FROM sbtest4 WHERE id BETWEEN 5757368 AND 5758367 ORDER BY c
	-> Sort: sbtest4.c  (cost=371 rows=1838)
    -> Filter: (sbtest4.id between 5757368 and 5758367)  (cost=371 rows=1838)
        -> Index range scan on sbtest4 using PRIMARY over (5757368 <= id <= 5758367)  (cost=371 rows=1838)


table 5 : explain SELECT c FROM sbtest5 WHERE id BETWEEN 1573270 AND 1574269 ORDER BY c
	-> Sort: sbtest5.c  (cost=378 rows=1872)
    -> Filter: (sbtest5.id between 1573270 and 1574269)  (cost=378 rows=1872)
        -> Index range scan on sbtest5 using PRIMARY over (1573270 <= id <= 1574269)  (cost=378 rows=1872)


table 6 : explain SELECT c FROM sbtest6 WHERE id BETWEEN 5597499 AND 5598498 ORDER BY c
	-> Sort: sbtest6.c  (cost=371 rows=1838)
    -> Filter: (sbtest6.id between 5597499 and 5598498)  (cost=371 rows=1838)
        -> Index range scan on sbtest6 using PRIMARY over (5597499 <= id <= 5598498)  (cost=371 rows=1838)


table 7 : explain SELECT c FROM sbtest7 WHERE id BETWEEN 1822963 AND 1823962 ORDER BY c
	-> Sort: sbtest7.c  (cost=371 rows=1838)
    -> Filter: (sbtest7.id between 1822963 and 1823962)  (cost=371 rows=1838)
        -> Index range scan on sbtest7 using PRIMARY over (1822963 <= id <= 1823962)  (cost=371 rows=1838)


table 8 : explain SELECT c FROM sbtest8 WHERE id BETWEEN 8754881 AND 8755880 ORDER BY c
	-> Sort: sbtest8.c  (cost=371 rows=1838)
    -> Filter: (sbtest8.id between 8754881 and 8755880)  (cost=371 rows=1838)
        -> Index range scan on sbtest8 using PRIMARY over (8754881 <= id <= 8755880)  (cost=371 rows=1838)

for: distinct_ranges
table 1 : explain SELECT DISTINCT c FROM sbtest1 WHERE id BETWEEN 7439376 AND 7440375 ORDER BY c
	-> Sort: sbtest1.c
    -> Table scan on <temporary>  (cost=794..820 rows=1838)
        -> Temporary table with deduplication  (cost=794..794 rows=1838)
            -> Filter: (sbtest1.id between 7439376 and 7440375)  (cost=371 rows=1838)
                -> Index range scan on sbtest1 using PRIMARY over (7439376 <= id <= 7440375)  (cost=371 rows=1838)


table 2 : explain SELECT DISTINCT c FROM sbtest2 WHERE id BETWEEN 5358571 AND 5359570 ORDER BY c
	-> Sort: sbtest2.c
    -> Table scan on <temporary>  (cost=794..820 rows=1838)
        -> Temporary table with deduplication  (cost=794..794 rows=1838)
            -> Filter: (sbtest2.id between 5358571 and 5359570)  (cost=371 rows=1838)
                -> Index range scan on sbtest2 using PRIMARY over (5358571 <= id <= 5359570)  (cost=371 rows=1838)


table 3 : explain SELECT DISTINCT c FROM sbtest3 WHERE id BETWEEN 6185594 AND 6186593 ORDER BY c
	-> Sort: sbtest3.c
    -> Table scan on <temporary>  (cost=794..820 rows=1838)
        -> Temporary table with deduplication  (cost=794..794 rows=1838)
            -> Filter: (sbtest3.id between 6185594 and 6186593)  (cost=371 rows=1838)
                -> Index range scan on sbtest3 using PRIMARY over (6185594 <= id <= 6186593)  (cost=371 rows=1838)


table 4 : explain SELECT DISTINCT c FROM sbtest4 WHERE id BETWEEN 1933030 AND 1934029 ORDER BY c
	-> Sort: sbtest4.c
    -> Table scan on <temporary>  (cost=794..820 rows=1838)
        -> Temporary table with deduplication  (cost=794..794 rows=1838)
            -> Filter: (sbtest4.id between 1933030 and 1934029)  (cost=371 rows=1838)
                -> Index range scan on sbtest4 using PRIMARY over (1933030 <= id <= 1934029)  (cost=371 rows=1838)


table 5 : explain SELECT DISTINCT c FROM sbtest5 WHERE id BETWEEN 7258118 AND 7259117 ORDER BY c
	-> Sort: sbtest5.c
    -> Table scan on <temporary>  (cost=794..820 rows=1838)
        -> Temporary table with deduplication  (cost=794..794 rows=1838)
            -> Filter: (sbtest5.id between 7258118 and 7259117)  (cost=371 rows=1838)
                -> Index range scan on sbtest5 using PRIMARY over (7258118 <= id <= 7259117)  (cost=371 rows=1838)


table 6 : explain SELECT DISTINCT c FROM sbtest6 WHERE id BETWEEN 1726481 AND 1727480 ORDER BY c
	-> Sort: sbtest6.c
    -> Table scan on <temporary>  (cost=794..820 rows=1838)
        -> Temporary table with deduplication  (cost=794..794 rows=1838)
            -> Filter: (sbtest6.id between 1726481 and 1727480)  (cost=371 rows=1838)
                -> Index range scan on sbtest6 using PRIMARY over (1726481 <= id <= 1727480)  (cost=371 rows=1838)


table 7 : explain SELECT DISTINCT c FROM sbtest7 WHERE id BETWEEN 1532912 AND 1533911 ORDER BY c
	-> Sort: sbtest7.c
    -> Table scan on <temporary>  (cost=809..835 rows=1872)
        -> Temporary table with deduplication  (cost=809..809 rows=1872)
            -> Filter: (sbtest7.id between 1532912 and 1533911)  (cost=378 rows=1872)
                -> Index range scan on sbtest7 using PRIMARY over (1532912 <= id <= 1533911)  (cost=378 rows=1872)


table 8 : explain SELECT DISTINCT c FROM sbtest8 WHERE id BETWEEN 8396591 AND 8397590 ORDER BY c
	-> Sort: sbtest8.c
    -> Table scan on <temporary>  (cost=809..835 rows=1872)
        -> Temporary table with deduplication  (cost=809..809 rows=1872)
            -> Filter: (sbtest8.id between 8396591 and 8397590)  (cost=378 rows=1872)
                -> Index range scan on sbtest8 using PRIMARY over (8396591 <= id <= 8397590)  (cost=378 rows=1872)



for: order_ranges
table 1 : explain SELECT c FROM sbtest1 WHERE id BETWEEN 7254699 AND 7255698 ORDER BY c
	-> Sort: sbtest1.c  (cost=371 rows=1838)
    -> Filter: (sbtest1.id between 7254699 and 7255698)  (cost=371 rows=1838)
        -> Index range scan on sbtest1 using PRIMARY over (7254699 <= id <= 7255698)  (cost=371 rows=1838)


table 2 : explain SELECT c FROM sbtest2 WHERE id BETWEEN 7651851 AND 7652850 ORDER BY c
	-> Sort: sbtest2.c  (cost=371 rows=1838)
    -> Filter: (sbtest2.id between 7651851 and 7652850)  (cost=371 rows=1838)
        -> Index range scan on sbtest2 using PRIMARY over (7651851 <= id <= 7652850)  (cost=371 rows=1838)


table 3 : explain SELECT c FROM sbtest3 WHERE id BETWEEN 1111909 AND 1112908 ORDER BY c
	-> Sort: sbtest3.c  (cost=378 rows=1872)
    -> Filter: (sbtest3.id between 1111909 and 1112908)  (cost=378 rows=1872)
        -> Index range scan on sbtest3 using PRIMARY over (1111909 <= id <= 1112908)  (cost=378 rows=1872)


table 4 : explain SELECT c FROM sbtest4 WHERE id BETWEEN 6354212 AND 6355211 ORDER BY c
	-> Sort: sbtest4.c  (cost=371 rows=1838)
    -> Filter: (sbtest4.id between 6354212 and 6355211)  (cost=371 rows=1838)
        -> Index range scan on sbtest4 using PRIMARY over (6354212 <= id <= 6355211)  (cost=371 rows=1838)


table 5 : explain SELECT c FROM sbtest5 WHERE id BETWEEN 4404137 AND 4405136 ORDER BY c
	-> Sort: sbtest5.c  (cost=378 rows=1872)
    -> Filter: (sbtest5.id between 4404137 and 4405136)  (cost=378 rows=1872)
        -> Index range scan on sbtest5 using PRIMARY over (4404137 <= id <= 4405136)  (cost=378 rows=1872)


table 6 : explain SELECT c FROM sbtest6 WHERE id BETWEEN 5769539 AND 5770538 ORDER BY c
	-> Sort: sbtest6.c  (cost=378 rows=1872)
    -> Filter: (sbtest6.id between 5769539 and 5770538)  (cost=378 rows=1872)
        -> Index range scan on sbtest6 using PRIMARY over (5769539 <= id <= 5770538)  (cost=378 rows=1872)


table 7 : explain SELECT c FROM sbtest7 WHERE id BETWEEN 5417655 AND 5418654 ORDER BY c
	-> Sort: sbtest7.c  (cost=371 rows=1838)
    -> Filter: (sbtest7.id between 5417655 and 5418654)  (cost=371 rows=1838)
        -> Index range scan on sbtest7 using PRIMARY over (5417655 <= id <= 5418654)  (cost=371 rows=1838)


table 8 : explain SELECT c FROM sbtest8 WHERE id BETWEEN 8497711 AND 8498710 ORDER BY c
	-> Sort: sbtest8.c  (cost=371 rows=1838)
    -> Filter: (sbtest8.id between 8497711 and 8498710)  (cost=371 rows=1838)
        -> Index range scan on sbtest8 using PRIMARY over (8497711 <= id <= 8498710)  (cost=371 rows=1838)


for: distinct_ranges
table 1 : explain SELECT DISTINCT c FROM sbtest1 WHERE id BETWEEN 3845357 AND 3846356 ORDER BY c
	-> Sort: sbtest1.c
    -> Table scan on <temporary>  (cost=794..820 rows=1838)
        -> Temporary table with deduplication  (cost=794..794 rows=1838)
            -> Filter: (sbtest1.id between 3845357 and 3846356)  (cost=371 rows=1838)
                -> Index range scan on sbtest1 using PRIMARY over (3845357 <= id <= 3846356)  (cost=371 rows=1838)


table 2 : explain SELECT DISTINCT c FROM sbtest2 WHERE id BETWEEN 2383759 AND 2384758 ORDER BY c
	-> Sort: sbtest2.c
    -> Table scan on <temporary>  (cost=794..820 rows=1838)
        -> Temporary table with deduplication  (cost=794..794 rows=1838)
            -> Filter: (sbtest2.id between 2383759 and 2384758)  (cost=371 rows=1838)
                -> Index range scan on sbtest2 using PRIMARY over (2383759 <= id <= 2384758)  (cost=371 rows=1838)


table 3 : explain SELECT DISTINCT c FROM sbtest3 WHERE id BETWEEN 7201093 AND 7202092 ORDER BY c
	-> Sort: sbtest3.c
    -> Table scan on <temporary>  (cost=794..820 rows=1838)
        -> Temporary table with deduplication  (cost=794..794 rows=1838)
            -> Filter: (sbtest3.id between 7201093 and 7202092)  (cost=371 rows=1838)
                -> Index range scan on sbtest3 using PRIMARY over (7201093 <= id <= 7202092)  (cost=371 rows=1838)


table 4 : explain SELECT DISTINCT c FROM sbtest4 WHERE id BETWEEN 9760034 AND 9761033 ORDER BY c
	-> Sort: sbtest4.c
    -> Table scan on <temporary>  (cost=794..820 rows=1838)
        -> Temporary table with deduplication  (cost=794..794 rows=1838)
            -> Filter: (sbtest4.id between 9760034 and 9761033)  (cost=371 rows=1838)
                -> Index range scan on sbtest4 using PRIMARY over (9760034 <= id <= 9761033)  (cost=371 rows=1838)


table 5 : explain SELECT DISTINCT c FROM sbtest5 WHERE id BETWEEN 3755114 AND 3756113 ORDER BY c
	-> Sort: sbtest5.c
    -> Table scan on <temporary>  (cost=794..820 rows=1838)
        -> Temporary table with deduplication  (cost=794..794 rows=1838)
            -> Filter: (sbtest5.id between 3755114 and 3756113)  (cost=371 rows=1838)
                -> Index range scan on sbtest5 using PRIMARY over (3755114 <= id <= 3756113)  (cost=371 rows=1838)


table 6 : explain SELECT DISTINCT c FROM sbtest6 WHERE id BETWEEN 5660673 AND 5661672 ORDER BY c
	-> Sort: sbtest6.c
    -> Table scan on <temporary>  (cost=794..820 rows=1838)
        -> Temporary table with deduplication  (cost=794..794 rows=1838)
            -> Filter: (sbtest6.id between 5660673 and 5661672)  (cost=371 rows=1838)
                -> Index range scan on sbtest6 using PRIMARY over (5660673 <= id <= 5661672)  (cost=371 rows=1838)


table 7 : explain SELECT DISTINCT c FROM sbtest7 WHERE id BETWEEN 4525480 AND 4526479 ORDER BY c
	-> Sort: sbtest7.c
    -> Table scan on <temporary>  (cost=794..820 rows=1838)
        -> Temporary table with deduplication  (cost=794..794 rows=1838)
            -> Filter: (sbtest7.id between 4525480 and 4526479)  (cost=371 rows=1838)
                -> Index range scan on sbtest7 using PRIMARY over (4525480 <= id <= 4526479)  (cost=371 rows=1838)


table 8 : explain SELECT DISTINCT c FROM sbtest8 WHERE id BETWEEN 4820302 AND 4821301 ORDER BY c
	-> Sort: sbtest8.c
    -> Table scan on <temporary>  (cost=809..835 rows=1872)
        -> Temporary table with deduplication  (cost=809..809 rows=1872)
            -> Filter: (sbtest8.id between 4820302 and 4821301)  (cost=378 rows=1872)
                -> Index range scan on sbtest8 using PRIMARY over (4820302 <= id <= 4821301)  (cost=378 rows=1872)


for: distinct_ranges
table 1 : explain SELECT DISTINCT c FROM sbtest1 WHERE id BETWEEN 7547841 AND 7548840 ORDER BY c
	-> Sort: sbtest1.c
    -> Table scan on <temporary>  (cost=794..820 rows=1838)
        -> Temporary table with deduplication  (cost=794..794 rows=1838)
            -> Filter: (sbtest1.id between 7547841 and 7548840)  (cost=371 rows=1838)
                -> Index range scan on sbtest1 using PRIMARY over (7547841 <= id <= 7548840)  (cost=371 rows=1838)


table 2 : explain SELECT DISTINCT c FROM sbtest2 WHERE id BETWEEN 8154011 AND 8155010 ORDER BY c
	-> Sort: sbtest2.c
    -> Table scan on <temporary>  (cost=809..835 rows=1872)
        -> Temporary table with deduplication  (cost=809..809 rows=1872)
            -> Filter: (sbtest2.id between 8154011 and 8155010)  (cost=378 rows=1872)
                -> Index range scan on sbtest2 using PRIMARY over (8154011 <= id <= 8155010)  (cost=378 rows=1872)


table 3 : explain SELECT DISTINCT c FROM sbtest3 WHERE id BETWEEN 6819800 AND 6820799 ORDER BY c
	-> Sort: sbtest3.c
    -> Table scan on <temporary>  (cost=794..820 rows=1838)
        -> Temporary table with deduplication  (cost=794..794 rows=1838)
            -> Filter: (sbtest3.id between 6819800 and 6820799)  (cost=371 rows=1838)
                -> Index range scan on sbtest3 using PRIMARY over (6819800 <= id <= 6820799)  (cost=371 rows=1838)


table 4 : explain SELECT DISTINCT c FROM sbtest4 WHERE id BETWEEN 7436542 AND 7437541 ORDER BY c
	-> Sort: sbtest4.c
    -> Table scan on <temporary>  (cost=794..820 rows=1838)
        -> Temporary table with deduplication  (cost=794..794 rows=1838)
            -> Filter: (sbtest4.id between 7436542 and 7437541)  (cost=371 rows=1838)
                -> Index range scan on sbtest4 using PRIMARY over (7436542 <= id <= 7437541)  (cost=371 rows=1838)


table 5 : explain SELECT DISTINCT c FROM sbtest5 WHERE id BETWEEN 7612749 AND 7613748 ORDER BY c
	-> Sort: sbtest5.c
    -> Table scan on <temporary>  (cost=794..820 rows=1838)
        -> Temporary table with deduplication  (cost=794..794 rows=1838)
            -> Filter: (sbtest5.id between 7612749 and 7613748)  (cost=371 rows=1838)
                -> Index range scan on sbtest5 using PRIMARY over (7612749 <= id <= 7613748)  (cost=371 rows=1838)


table 6 : explain SELECT DISTINCT c FROM sbtest6 WHERE id BETWEEN 4727829 AND 4728828 ORDER BY c
	-> Sort: sbtest6.c
    -> Table scan on <temporary>  (cost=809..835 rows=1872)
        -> Temporary table with deduplication  (cost=809..809 rows=1872)
            -> Filter: (sbtest6.id between 4727829 and 4728828)  (cost=378 rows=1872)
                -> Index range scan on sbtest6 using PRIMARY over (4727829 <= id <= 4728828)  (cost=378 rows=1872)


table 7 : explain SELECT DISTINCT c FROM sbtest7 WHERE id BETWEEN 6196833 AND 6197832 ORDER BY c
	-> Sort: sbtest7.c
    -> Table scan on <temporary>  (cost=794..820 rows=1838)
        -> Temporary table with deduplication  (cost=794..794 rows=1838)
            -> Filter: (sbtest7.id between 6196833 and 6197832)  (cost=371 rows=1838)
                -> Index range scan on sbtest7 using PRIMARY over (6196833 <= id <= 6197832)  (cost=371 rows=1838)


table 8 : explain SELECT DISTINCT c FROM sbtest8 WHERE id BETWEEN 8374701 AND 8375700 ORDER BY c
	-> Sort: sbtest8.c
    -> Table scan on <temporary>  (cost=794..820 rows=1838)
        -> Temporary table with deduplication  (cost=794..794 rows=1838)
            -> Filter: (sbtest8.id between 8374701 and 8375700)  (cost=371 rows=1838)
                -> Index range scan on sbtest8 using PRIMARY over (8374701 <= id <= 8375700)  (cost=371 rows=1838)


for: distinct_ranges
table 1 : explain SELECT DISTINCT c FROM sbtest1 WHERE id BETWEEN 4491940 AND 4492939 ORDER BY c
	-> Sort: sbtest1.c
    -> Table scan on <temporary>  (cost=794..820 rows=1838)
        -> Temporary table with deduplication  (cost=794..794 rows=1838)
            -> Filter: (sbtest1.id between 4491940 and 4492939)  (cost=371 rows=1838)
                -> Index range scan on sbtest1 using PRIMARY over (4491940 <= id <= 4492939)  (cost=371 rows=1838)


table 2 : explain SELECT DISTINCT c FROM sbtest2 WHERE id BETWEEN 3643620 AND 3644619 ORDER BY c
	-> Sort: sbtest2.c
    -> Table scan on <temporary>  (cost=809..835 rows=1872)
        -> Temporary table with deduplication  (cost=809..809 rows=1872)
            -> Filter: (sbtest2.id between 3643620 and 3644619)  (cost=378 rows=1872)
                -> Index range scan on sbtest2 using PRIMARY over (3643620 <= id <= 3644619)  (cost=378 rows=1872)


table 3 : explain SELECT DISTINCT c FROM sbtest3 WHERE id BETWEEN 8222857 AND 8223856 ORDER BY c
	-> Sort: sbtest3.c
    -> Table scan on <temporary>  (cost=794..820 rows=1838)
        -> Temporary table with deduplication  (cost=794..794 rows=1838)
            -> Filter: (sbtest3.id between 8222857 and 8223856)  (cost=371 rows=1838)
                -> Index range scan on sbtest3 using PRIMARY over (8222857 <= id <= 8223856)  (cost=371 rows=1838)


table 4 : explain SELECT DISTINCT c FROM sbtest4 WHERE id BETWEEN 2012584 AND 2013583 ORDER BY c
	-> Sort: sbtest4.c
    -> Table scan on <temporary>  (cost=809..835 rows=1872)
        -> Temporary table with deduplication  (cost=809..809 rows=1872)
            -> Filter: (sbtest4.id between 2012584 and 2013583)  (cost=378 rows=1872)
                -> Index range scan on sbtest4 using PRIMARY over (2012584 <= id <= 2013583)  (cost=378 rows=1872)


table 5 : explain SELECT DISTINCT c FROM sbtest5 WHERE id BETWEEN 5528847 AND 5529846 ORDER BY c
	-> Sort: sbtest5.c
    -> Table scan on <temporary>  (cost=809..835 rows=1872)
        -> Temporary table with deduplication  (cost=809..809 rows=1872)
            -> Filter: (sbtest5.id between 5528847 and 5529846)  (cost=378 rows=1872)
                -> Index range scan on sbtest5 using PRIMARY over (5528847 <= id <= 5529846)  (cost=378 rows=1872)


table 6 : explain SELECT DISTINCT c FROM sbtest6 WHERE id BETWEEN 8238627 AND 8239626 ORDER BY c
	-> Sort: sbtest6.c
    -> Table scan on <temporary>  (cost=794..820 rows=1838)
        -> Temporary table with deduplication  (cost=794..794 rows=1838)
            -> Filter: (sbtest6.id between 8238627 and 8239626)  (cost=371 rows=1838)
                -> Index range scan on sbtest6 using PRIMARY over (8238627 <= id <= 8239626)  (cost=371 rows=1838)


table 7 : explain SELECT DISTINCT c FROM sbtest7 WHERE id BETWEEN 8988440 AND 8989439 ORDER BY c
	-> Sort: sbtest7.c
    -> Table scan on <temporary>  (cost=794..820 rows=1838)
        -> Temporary table with deduplication  (cost=794..794 rows=1838)
            -> Filter: (sbtest7.id between 8988440 and 8989439)  (cost=371 rows=1838)
                -> Index range scan on sbtest7 using PRIMARY over (8988440 <= id <= 8989439)  (cost=371 rows=1838)


table 8 : explain SELECT DISTINCT c FROM sbtest8 WHERE id BETWEEN 6770576 AND 6771575 ORDER BY c
	-> Sort: sbtest8.c
    -> Table scan on <temporary>  (cost=809..835 rows=1872)
        -> Temporary table with deduplication  (cost=809..809 rows=1872)
            -> Filter: (sbtest8.id between 6770576 and 6771575)  (cost=378 rows=1872)
                -> Index range scan on sbtest8 using PRIMARY over (6770576 <= id <= 6771575)  (cost=378 rows=1872)


for: distinct_ranges
table 1 : explain SELECT DISTINCT c FROM sbtest1 WHERE id BETWEEN 2234989 AND 2235988 ORDER BY c
	-> Sort: sbtest1.c
    -> Table scan on <temporary>  (cost=794..820 rows=1838)
        -> Temporary table with deduplication  (cost=794..794 rows=1838)
            -> Filter: (sbtest1.id between 2234989 and 2235988)  (cost=371 rows=1838)
                -> Index range scan on sbtest1 using PRIMARY over (2234989 <= id <= 2235988)  (cost=371 rows=1838)


table 2 : explain SELECT DISTINCT c FROM sbtest2 WHERE id BETWEEN 2725807 AND 2726806 ORDER BY c
	-> Sort: sbtest2.c
    -> Table scan on <temporary>  (cost=794..820 rows=1838)
        -> Temporary table with deduplication  (cost=794..794 rows=1838)
            -> Filter: (sbtest2.id between 2725807 and 2726806)  (cost=371 rows=1838)
                -> Index range scan on sbtest2 using PRIMARY over (2725807 <= id <= 2726806)  (cost=371 rows=1838)


table 3 : explain SELECT DISTINCT c FROM sbtest3 WHERE id BETWEEN 9415448 AND 9416447 ORDER BY c
	-> Sort: sbtest3.c
    -> Table scan on <temporary>  (cost=809..835 rows=1872)
        -> Temporary table with deduplication  (cost=809..809 rows=1872)
            -> Filter: (sbtest3.id between 9415448 and 9416447)  (cost=378 rows=1872)
                -> Index range scan on sbtest3 using PRIMARY over (9415448 <= id <= 9416447)  (cost=378 rows=1872)


table 4 : explain SELECT DISTINCT c FROM sbtest4 WHERE id BETWEEN 4337544 AND 4338543 ORDER BY c
	-> Sort: sbtest4.c
    -> Table scan on <temporary>  (cost=794..820 rows=1838)
        -> Temporary table with deduplication  (cost=794..794 rows=1838)
            -> Filter: (sbtest4.id between 4337544 and 4338543)  (cost=371 rows=1838)
                -> Index range scan on sbtest4 using PRIMARY over (4337544 <= id <= 4338543)  (cost=371 rows=1838)


table 5 : explain SELECT DISTINCT c FROM sbtest5 WHERE id BETWEEN 8402501 AND 8403500 ORDER BY c
	-> Sort: sbtest5.c
    -> Table scan on <temporary>  (cost=809..835 rows=1872)
        -> Temporary table with deduplication  (cost=809..809 rows=1872)
            -> Filter: (sbtest5.id between 8402501 and 8403500)  (cost=378 rows=1872)
                -> Index range scan on sbtest5 using PRIMARY over (8402501 <= id <= 8403500)  (cost=378 rows=1872)


table 6 : explain SELECT DISTINCT c FROM sbtest6 WHERE id BETWEEN 6615090 AND 6616089 ORDER BY c
	-> Sort: sbtest6.c
    -> Table scan on <temporary>  (cost=809..835 rows=1872)
        -> Temporary table with deduplication  (cost=809..809 rows=1872)
            -> Filter: (sbtest6.id between 6615090 and 6616089)  (cost=378 rows=1872)
                -> Index range scan on sbtest6 using PRIMARY over (6615090 <= id <= 6616089)  (cost=378 rows=1872)


table 7 : explain SELECT DISTINCT c FROM sbtest7 WHERE id BETWEEN 5579719 AND 5580718 ORDER BY c
	-> Sort: sbtest7.c
    -> Table scan on <temporary>  (cost=795..821 rows=1840)
        -> Temporary table with deduplication  (cost=795..795 rows=1840)
            -> Filter: (sbtest7.id between 5579719 and 5580718)  (cost=371 rows=1840)
                -> Index range scan on sbtest7 using PRIMARY over (5579719 <= id <= 5580718)  (cost=371 rows=1840)


table 8 : explain SELECT DISTINCT c FROM sbtest8 WHERE id BETWEEN 725892 AND 726891 ORDER BY c
	-> Sort: sbtest8.c
    -> Table scan on <temporary>  (cost=809..835 rows=1872)
        -> Temporary table with deduplication  (cost=809..809 rows=1872)
            -> Filter: (sbtest8.id between 725892 and 726891)  (cost=378 rows=1872)
                -> Index range scan on sbtest8 using PRIMARY over (725892 <= id <= 726891)  (cost=378 rows=1872)


for: distinct_ranges
table 1 : explain SELECT DISTINCT c FROM sbtest1 WHERE id BETWEEN 2409282 AND 2410281 ORDER BY c
	-> Sort: sbtest1.c
    -> Table scan on <temporary>  (cost=794..820 rows=1838)
        -> Temporary table with deduplication  (cost=794..794 rows=1838)
            -> Filter: (sbtest1.id between 2409282 and 2410281)  (cost=371 rows=1838)
                -> Index range scan on sbtest1 using PRIMARY over (2409282 <= id <= 2410281)  (cost=371 rows=1838)


table 2 : explain SELECT DISTINCT c FROM sbtest2 WHERE id BETWEEN 8905269 AND 8906268 ORDER BY c
	-> Sort: sbtest2.c
    -> Table scan on <temporary>  (cost=794..820 rows=1838)
        -> Temporary table with deduplication  (cost=794..794 rows=1838)
            -> Filter: (sbtest2.id between 8905269 and 8906268)  (cost=371 rows=1838)
                -> Index range scan on sbtest2 using PRIMARY over (8905269 <= id <= 8906268)  (cost=371 rows=1838)


table 3 : explain SELECT DISTINCT c FROM sbtest3 WHERE id BETWEEN 9017754 AND 9018753 ORDER BY c
	-> Sort: sbtest3.c
    -> Table scan on <temporary>  (cost=794..820 rows=1838)
        -> Temporary table with deduplication  (cost=794..794 rows=1838)
            -> Filter: (sbtest3.id between 9017754 and 9018753)  (cost=371 rows=1838)
                -> Index range scan on sbtest3 using PRIMARY over (9017754 <= id <= 9018753)  (cost=371 rows=1838)


table 4 : explain SELECT DISTINCT c FROM sbtest4 WHERE id BETWEEN 8763586 AND 8764585 ORDER BY c
	-> Sort: sbtest4.c
    -> Table scan on <temporary>  (cost=794..820 rows=1838)
        -> Temporary table with deduplication  (cost=794..794 rows=1838)
            -> Filter: (sbtest4.id between 8763586 and 8764585)  (cost=371 rows=1838)
                -> Index range scan on sbtest4 using PRIMARY over (8763586 <= id <= 8764585)  (cost=371 rows=1838)


table 5 : explain SELECT DISTINCT c FROM sbtest5 WHERE id BETWEEN 431709 AND 432708 ORDER BY c
	-> Sort: sbtest5.c
    -> Table scan on <temporary>  (cost=794..820 rows=1838)
        -> Temporary table with deduplication  (cost=794..794 rows=1838)
            -> Filter: (sbtest5.id between 431709 and 432708)  (cost=371 rows=1838)
                -> Index range scan on sbtest5 using PRIMARY over (431709 <= id <= 432708)  (cost=371 rows=1838)


table 6 : explain SELECT DISTINCT c FROM sbtest6 WHERE id BETWEEN 1767005 AND 1768004 ORDER BY c
	-> Sort: sbtest6.c
    -> Table scan on <temporary>  (cost=809..835 rows=1872)
        -> Temporary table with deduplication  (cost=809..809 rows=1872)
            -> Filter: (sbtest6.id between 1767005 and 1768004)  (cost=378 rows=1872)
                -> Index range scan on sbtest6 using PRIMARY over (1767005 <= id <= 1768004)  (cost=378 rows=1872)


table 7 : explain SELECT DISTINCT c FROM sbtest7 WHERE id BETWEEN 4279911 AND 4280910 ORDER BY c
	-> Sort: sbtest7.c
    -> Table scan on <temporary>  (cost=794..820 rows=1838)
        -> Temporary table with deduplication  (cost=794..794 rows=1838)
            -> Filter: (sbtest7.id between 4279911 and 4280910)  (cost=371 rows=1838)
                -> Index range scan on sbtest7 using PRIMARY over (4279911 <= id <= 4280910)  (cost=371 rows=1838)


table 8 : explain SELECT DISTINCT c FROM sbtest8 WHERE id BETWEEN 6542207 AND 6543206 ORDER BY c
	-> Sort: sbtest8.c
    -> Table scan on <temporary>  (cost=794..820 rows=1838)
        -> Temporary table with deduplication  (cost=794..794 rows=1838)
            -> Filter: (sbtest8.id between 6542207 and 6543206)  (cost=371 rows=1838)
                -> Index range scan on sbtest8 using PRIMARY over (6542207 <= id <= 6543206)  (cost=371 rows=1838)


for: distinct_ranges
table 1 : explain SELECT DISTINCT c FROM sbtest1 WHERE id BETWEEN 3751359 AND 3752358 ORDER BY c
	-> Sort: sbtest1.c
    -> Table scan on <temporary>  (cost=794..820 rows=1838)
        -> Temporary table with deduplication  (cost=794..794 rows=1838)
            -> Filter: (sbtest1.id between 3751359 and 3752358)  (cost=371 rows=1838)
                -> Index range scan on sbtest1 using PRIMARY over (3751359 <= id <= 3752358)  (cost=371 rows=1838)


table 2 : explain SELECT DISTINCT c FROM sbtest2 WHERE id BETWEEN 5560116 AND 5561115 ORDER BY c
	-> Sort: sbtest2.c
    -> Table scan on <temporary>  (cost=794..820 rows=1838)
        -> Temporary table with deduplication  (cost=794..794 rows=1838)
            -> Filter: (sbtest2.id between 5560116 and 5561115)  (cost=371 rows=1838)
                -> Index range scan on sbtest2 using PRIMARY over (5560116 <= id <= 5561115)  (cost=371 rows=1838)


table 3 : explain SELECT DISTINCT c FROM sbtest3 WHERE id BETWEEN 6658959 AND 6659958 ORDER BY c
	-> Sort: sbtest3.c
    -> Table scan on <temporary>  (cost=809..835 rows=1872)
        -> Temporary table with deduplication  (cost=809..809 rows=1872)
            -> Filter: (sbtest3.id between 6658959 and 6659958)  (cost=378 rows=1872)
                -> Index range scan on sbtest3 using PRIMARY over (6658959 <= id <= 6659958)  (cost=378 rows=1872)


table 4 : explain SELECT DISTINCT c FROM sbtest4 WHERE id BETWEEN 8954955 AND 8955954 ORDER BY c
	-> Sort: sbtest4.c
    -> Table scan on <temporary>  (cost=809..835 rows=1872)
        -> Temporary table with deduplication  (cost=809..809 rows=1872)
            -> Filter: (sbtest4.id between 8954955 and 8955954)  (cost=378 rows=1872)
                -> Index range scan on sbtest4 using PRIMARY over (8954955 <= id <= 8955954)  (cost=378 rows=1872)


table 5 : explain SELECT DISTINCT c FROM sbtest5 WHERE id BETWEEN 8450263 AND 8451262 ORDER BY c
	-> Sort: sbtest5.c
    -> Table scan on <temporary>  (cost=794..820 rows=1838)
        -> Temporary table with deduplication  (cost=794..794 rows=1838)
            -> Filter: (sbtest5.id between 8450263 and 8451262)  (cost=371 rows=1838)
                -> Index range scan on sbtest5 using PRIMARY over (8450263 <= id <= 8451262)  (cost=371 rows=1838)


table 6 : explain SELECT DISTINCT c FROM sbtest6 WHERE id BETWEEN 7753824 AND 7754823 ORDER BY c
	-> Sort: sbtest6.c
    -> Table scan on <temporary>  (cost=809..835 rows=1872)
        -> Temporary table with deduplication  (cost=809..809 rows=1872)
            -> Filter: (sbtest6.id between 7753824 and 7754823)  (cost=378 rows=1872)
                -> Index range scan on sbtest6 using PRIMARY over (7753824 <= id <= 7754823)  (cost=378 rows=1872)


table 7 : explain SELECT DISTINCT c FROM sbtest7 WHERE id BETWEEN 5080174 AND 5081173 ORDER BY c
	-> Sort: sbtest7.c
    -> Table scan on <temporary>  (cost=794..820 rows=1838)
        -> Temporary table with deduplication  (cost=794..794 rows=1838)
            -> Filter: (sbtest7.id between 5080174 and 5081173)  (cost=371 rows=1838)
                -> Index range scan on sbtest7 using PRIMARY over (5080174 <= id <= 5081173)  (cost=371 rows=1838)


table 8 : explain SELECT DISTINCT c FROM sbtest8 WHERE id BETWEEN 2479851 AND 2480850 ORDER BY c
	-> Sort: sbtest8.c
    -> Table scan on <temporary>  (cost=809..835 rows=1872)
        -> Temporary table with deduplication  (cost=809..809 rows=1872)
            -> Filter: (sbtest8.id between 2479851 and 2480850)  (cost=378 rows=1872)
                -> Index range scan on sbtest8 using PRIMARY over (2479851 <= id <= 2480850)  (cost=378 rows=1872)


for: distinct_ranges
table 1 : explain SELECT DISTINCT c FROM sbtest1 WHERE id BETWEEN 9119190 AND 9120189 ORDER BY c
	-> Sort: sbtest1.c
    -> Table scan on <temporary>  (cost=794..820 rows=1838)
        -> Temporary table with deduplication  (cost=794..794 rows=1838)
            -> Filter: (sbtest1.id between 9119190 and 9120189)  (cost=371 rows=1838)
                -> Index range scan on sbtest1 using PRIMARY over (9119190 <= id <= 9120189)  (cost=371 rows=1838)


table 2 : explain SELECT DISTINCT c FROM sbtest2 WHERE id BETWEEN 2134512 AND 2135511 ORDER BY c
	-> Sort: sbtest2.c
    -> Table scan on <temporary>  (cost=794..820 rows=1838)
        -> Temporary table with deduplication  (cost=794..794 rows=1838)
            -> Filter: (sbtest2.id between 2134512 and 2135511)  (cost=371 rows=1838)
                -> Index range scan on sbtest2 using PRIMARY over (2134512 <= id <= 2135511)  (cost=371 rows=1838)


table 3 : explain SELECT DISTINCT c FROM sbtest3 WHERE id BETWEEN 2158819 AND 2159818 ORDER BY c
	-> Sort: sbtest3.c
    -> Table scan on <temporary>  (cost=794..820 rows=1838)
        -> Temporary table with deduplication  (cost=794..794 rows=1838)
            -> Filter: (sbtest3.id between 2158819 and 2159818)  (cost=371 rows=1838)
                -> Index range scan on sbtest3 using PRIMARY over (2158819 <= id <= 2159818)  (cost=371 rows=1838)


table 4 : explain SELECT DISTINCT c FROM sbtest4 WHERE id BETWEEN 9610745 AND 9611744 ORDER BY c
	-> Sort: sbtest4.c
    -> Table scan on <temporary>  (cost=794..820 rows=1838)
        -> Temporary table with deduplication  (cost=794..794 rows=1838)
            -> Filter: (sbtest4.id between 9610745 and 9611744)  (cost=371 rows=1838)
                -> Index range scan on sbtest4 using PRIMARY over (9610745 <= id <= 9611744)  (cost=371 rows=1838)


table 5 : explain SELECT DISTINCT c FROM sbtest5 WHERE id BETWEEN 2683383 AND 2684382 ORDER BY c
	-> Sort: sbtest5.c
    -> Table scan on <temporary>  (cost=809..835 rows=1872)
        -> Temporary table with deduplication  (cost=809..809 rows=1872)
            -> Filter: (sbtest5.id between 2683383 and 2684382)  (cost=378 rows=1872)
                -> Index range scan on sbtest5 using PRIMARY over (2683383 <= id <= 2684382)  (cost=378 rows=1872)


table 6 : explain SELECT DISTINCT c FROM sbtest6 WHERE id BETWEEN 1827211 AND 1828210 ORDER BY c
	-> Sort: sbtest6.c
    -> Table scan on <temporary>  (cost=794..820 rows=1838)
        -> Temporary table with deduplication  (cost=794..794 rows=1838)
            -> Filter: (sbtest6.id between 1827211 and 1828210)  (cost=371 rows=1838)
                -> Index range scan on sbtest6 using PRIMARY over (1827211 <= id <= 1828210)  (cost=371 rows=1838)


table 7 : explain SELECT DISTINCT c FROM sbtest7 WHERE id BETWEEN 3467880 AND 3468879 ORDER BY c
	-> Sort: sbtest7.c
    -> Table scan on <temporary>  (cost=794..820 rows=1838)
        -> Temporary table with deduplication  (cost=794..794 rows=1838)
            -> Filter: (sbtest7.id between 3467880 and 3468879)  (cost=371 rows=1838)
                -> Index range scan on sbtest7 using PRIMARY over (3467880 <= id <= 3468879)  (cost=371 rows=1838)


table 8 : explain SELECT DISTINCT c FROM sbtest8 WHERE id BETWEEN 2486339 AND 2487338 ORDER BY c
	-> Sort: sbtest8.c
    -> Table scan on <temporary>  (cost=794..820 rows=1838)
        -> Temporary table with deduplication  (cost=794..794 rows=1838)
            -> Filter: (sbtest8.id between 2486339 and 2487338)  (cost=371 rows=1838)
                -> Index range scan on sbtest8 using PRIMARY over (2486339 <= id <= 2487338)  (cost=371 rows=1838)


for: distinct_ranges
table 1 : explain SELECT DISTINCT c FROM sbtest1 WHERE id BETWEEN 6029533 AND 6030532 ORDER BY c
	-> Sort: sbtest1.c
    -> Table scan on <temporary>  (cost=794..820 rows=1838)
        -> Temporary table with deduplication  (cost=794..794 rows=1838)
            -> Filter: (sbtest1.id between 6029533 and 6030532)  (cost=371 rows=1838)
                -> Index range scan on sbtest1 using PRIMARY over (6029533 <= id <= 6030532)  (cost=371 rows=1838)


table 2 : explain SELECT DISTINCT c FROM sbtest2 WHERE id BETWEEN 9310281 AND 9311280 ORDER BY c
	-> Sort: sbtest2.c
    -> Table scan on <temporary>  (cost=794..820 rows=1838)
        -> Temporary table with deduplication  (cost=794..794 rows=1838)
            -> Filter: (sbtest2.id between 9310281 and 9311280)  (cost=371 rows=1838)
                -> Index range scan on sbtest2 using PRIMARY over (9310281 <= id <= 9311280)  (cost=371 rows=1838)


table 3 : explain SELECT DISTINCT c FROM sbtest3 WHERE id BETWEEN 436106 AND 437105 ORDER BY c
	-> Sort: sbtest3.c
    -> Table scan on <temporary>  (cost=794..820 rows=1838)
        -> Temporary table with deduplication  (cost=794..794 rows=1838)
            -> Filter: (sbtest3.id between 436106 and 437105)  (cost=371 rows=1838)
                -> Index range scan on sbtest3 using PRIMARY over (436106 <= id <= 437105)  (cost=371 rows=1838)


table 4 : explain SELECT DISTINCT c FROM sbtest4 WHERE id BETWEEN 1411409 AND 1412408 ORDER BY c
	-> Sort: sbtest4.c
    -> Table scan on <temporary>  (cost=794..820 rows=1838)
        -> Temporary table with deduplication  (cost=794..794 rows=1838)
            -> Filter: (sbtest4.id between 1411409 and 1412408)  (cost=371 rows=1838)
                -> Index range scan on sbtest4 using PRIMARY over (1411409 <= id <= 1412408)  (cost=371 rows=1838)


table 5 : explain SELECT DISTINCT c FROM sbtest5 WHERE id BETWEEN 7288486 AND 7289485 ORDER BY c
	-> Sort: sbtest5.c
    -> Table scan on <temporary>  (cost=794..820 rows=1838)
        -> Temporary table with deduplication  (cost=794..794 rows=1838)
            -> Filter: (sbtest5.id between 7288486 and 7289485)  (cost=371 rows=1838)
                -> Index range scan on sbtest5 using PRIMARY over (7288486 <= id <= 7289485)  (cost=371 rows=1838)


table 6 : explain SELECT DISTINCT c FROM sbtest6 WHERE id BETWEEN 6828717 AND 6829716 ORDER BY c
	-> Sort: sbtest6.c
    -> Table scan on <temporary>  (cost=794..820 rows=1838)
        -> Temporary table with deduplication  (cost=794..794 rows=1838)
            -> Filter: (sbtest6.id between 6828717 and 6829716)  (cost=371 rows=1838)
                -> Index range scan on sbtest6 using PRIMARY over (6828717 <= id <= 6829716)  (cost=371 rows=1838)


table 7 : explain SELECT DISTINCT c FROM sbtest7 WHERE id BETWEEN 7759379 AND 7760378 ORDER BY c
	-> Sort: sbtest7.c
    -> Table scan on <temporary>  (cost=794..820 rows=1838)
        -> Temporary table with deduplication  (cost=794..794 rows=1838)
            -> Filter: (sbtest7.id between 7759379 and 7760378)  (cost=371 rows=1838)
                -> Index range scan on sbtest7 using PRIMARY over (7759379 <= id <= 7760378)  (cost=371 rows=1838)


table 8 : explain SELECT DISTINCT c FROM sbtest8 WHERE id BETWEEN 1431958 AND 1432957 ORDER BY c
	-> Sort: sbtest8.c
    -> Table scan on <temporary>  (cost=794..820 rows=1838)
        -> Temporary table with deduplication  (cost=794..794 rows=1838)
            -> Filter: (sbtest8.id between 1431958 and 1432957)  (cost=371 rows=1838)
                -> Index range scan on sbtest8 using PRIMARY over (1431958 <= id <= 1432957)  (cost=371 rows=1838)


for: distinct_ranges
table 1 : explain SELECT DISTINCT c FROM sbtest1 WHERE id BETWEEN 5965548 AND 5966547 ORDER BY c
	-> Sort: sbtest1.c
    -> Table scan on <temporary>  (cost=794..820 rows=1838)
        -> Temporary table with deduplication  (cost=794..794 rows=1838)
            -> Filter: (sbtest1.id between 5965548 and 5966547)  (cost=371 rows=1838)
                -> Index range scan on sbtest1 using PRIMARY over (5965548 <= id <= 5966547)  (cost=371 rows=1838)


table 2 : explain SELECT DISTINCT c FROM sbtest2 WHERE id BETWEEN 1471588 AND 1472587 ORDER BY c
	-> Sort: sbtest2.c
    -> Table scan on <temporary>  (cost=809..835 rows=1872)
        -> Temporary table with deduplication  (cost=809..809 rows=1872)
            -> Filter: (sbtest2.id between 1471588 and 1472587)  (cost=378 rows=1872)
                -> Index range scan on sbtest2 using PRIMARY over (1471588 <= id <= 1472587)  (cost=378 rows=1872)


table 3 : explain SELECT DISTINCT c FROM sbtest3 WHERE id BETWEEN 2771528 AND 2772527 ORDER BY c
	-> Sort: sbtest3.c
    -> Table scan on <temporary>  (cost=794..820 rows=1838)
        -> Temporary table with deduplication  (cost=794..794 rows=1838)
            -> Filter: (sbtest3.id between 2771528 and 2772527)  (cost=371 rows=1838)
                -> Index range scan on sbtest3 using PRIMARY over (2771528 <= id <= 2772527)  (cost=371 rows=1838)


table 4 : explain SELECT DISTINCT c FROM sbtest4 WHERE id BETWEEN 4826829 AND 4827828 ORDER BY c
	-> Sort: sbtest4.c
    -> Table scan on <temporary>  (cost=794..820 rows=1838)
        -> Temporary table with deduplication  (cost=794..794 rows=1838)
            -> Filter: (sbtest4.id between 4826829 and 4827828)  (cost=371 rows=1838)
                -> Index range scan on sbtest4 using PRIMARY over (4826829 <= id <= 4827828)  (cost=371 rows=1838)


table 5 : explain SELECT DISTINCT c FROM sbtest5 WHERE id BETWEEN 8645986 AND 8646985 ORDER BY c
	-> Sort: sbtest5.c
    -> Table scan on <temporary>  (cost=794..820 rows=1838)
        -> Temporary table with deduplication  (cost=794..794 rows=1838)
            -> Filter: (sbtest5.id between 8645986 and 8646985)  (cost=371 rows=1838)
                -> Index range scan on sbtest5 using PRIMARY over (8645986 <= id <= 8646985)  (cost=371 rows=1838)


table 6 : explain SELECT DISTINCT c FROM sbtest6 WHERE id BETWEEN 7348475 AND 7349474 ORDER BY c
	-> Sort: sbtest6.c
    -> Table scan on <temporary>  (cost=794..820 rows=1838)
        -> Temporary table with deduplication  (cost=794..794 rows=1838)
            -> Filter: (sbtest6.id between 7348475 and 7349474)  (cost=371 rows=1838)
                -> Index range scan on sbtest6 using PRIMARY over (7348475 <= id <= 7349474)  (cost=371 rows=1838)


table 7 : explain SELECT DISTINCT c FROM sbtest7 WHERE id BETWEEN 1428330 AND 1429329 ORDER BY c
	-> Sort: sbtest7.c
    -> Table scan on <temporary>  (cost=794..820 rows=1838)
        -> Temporary table with deduplication  (cost=794..794 rows=1838)
            -> Filter: (sbtest7.id between 1428330 and 1429329)  (cost=371 rows=1838)
                -> Index range scan on sbtest7 using PRIMARY over (1428330 <= id <= 1429329)  (cost=371 rows=1838)


table 8 : explain SELECT DISTINCT c FROM sbtest8 WHERE id BETWEEN 7928017 AND 7929016 ORDER BY c
	-> Sort: sbtest8.c
    -> Table scan on <temporary>  (cost=794..820 rows=1838)
        -> Temporary table with deduplication  (cost=794..794 rows=1838)
            -> Filter: (sbtest8.id between 7928017 and 7929016)  (cost=371 rows=1838)
                -> Index range scan on sbtest8 using PRIMARY over (7928017 <= id <= 7929016)  (cost=371 rows=1838)


for: distinct_ranges
table 1 : explain SELECT DISTINCT c FROM sbtest1 WHERE id BETWEEN 695326 AND 696325 ORDER BY c
	-> Sort: sbtest1.c
    -> Table scan on <temporary>  (cost=794..820 rows=1838)
        -> Temporary table with deduplication  (cost=794..794 rows=1838)
            -> Filter: (sbtest1.id between 695326 and 696325)  (cost=371 rows=1838)
                -> Index range scan on sbtest1 using PRIMARY over (695326 <= id <= 696325)  (cost=371 rows=1838)


table 2 : explain SELECT DISTINCT c FROM sbtest2 WHERE id BETWEEN 6438394 AND 6439393 ORDER BY c
	-> Sort: sbtest2.c
    -> Table scan on <temporary>  (cost=794..820 rows=1838)
        -> Temporary table with deduplication  (cost=794..794 rows=1838)
            -> Filter: (sbtest2.id between 6438394 and 6439393)  (cost=371 rows=1838)
                -> Index range scan on sbtest2 using PRIMARY over (6438394 <= id <= 6439393)  (cost=371 rows=1838)


table 3 : explain SELECT DISTINCT c FROM sbtest3 WHERE id BETWEEN 9917817 AND 9918816 ORDER BY c
	-> Sort: sbtest3.c
    -> Table scan on <temporary>  (cost=795..821 rows=1840)
        -> Temporary table with deduplication  (cost=795..795 rows=1840)
            -> Filter: (sbtest3.id between 9917817 and 9918816)  (cost=371 rows=1840)
                -> Index range scan on sbtest3 using PRIMARY over (9917817 <= id <= 9918816)  (cost=371 rows=1840)


table 4 : explain SELECT DISTINCT c FROM sbtest4 WHERE id BETWEEN 3748942 AND 3749941 ORDER BY c
	-> Sort: sbtest4.c
    -> Table scan on <temporary>  (cost=794..820 rows=1838)
        -> Temporary table with deduplication  (cost=794..794 rows=1838)
            -> Filter: (sbtest4.id between 3748942 and 3749941)  (cost=371 rows=1838)
                -> Index range scan on sbtest4 using PRIMARY over (3748942 <= id <= 3749941)  (cost=371 rows=1838)


table 5 : explain SELECT DISTINCT c FROM sbtest5 WHERE id BETWEEN 1923798 AND 1924797 ORDER BY c
	-> Sort: sbtest5.c
    -> Table scan on <temporary>  (cost=794..820 rows=1838)
        -> Temporary table with deduplication  (cost=794..794 rows=1838)
            -> Filter: (sbtest5.id between 1923798 and 1924797)  (cost=371 rows=1838)
                -> Index range scan on sbtest5 using PRIMARY over (1923798 <= id <= 1924797)  (cost=371 rows=1838)


table 6 : explain SELECT DISTINCT c FROM sbtest6 WHERE id BETWEEN 3090531 AND 3091530 ORDER BY c
	-> Sort: sbtest6.c
    -> Table scan on <temporary>  (cost=794..820 rows=1838)
        -> Temporary table with deduplication  (cost=794..794 rows=1838)
            -> Filter: (sbtest6.id between 3090531 and 3091530)  (cost=371 rows=1838)
                -> Index range scan on sbtest6 using PRIMARY over (3090531 <= id <= 3091530)  (cost=371 rows=1838)


table 7 : explain SELECT DISTINCT c FROM sbtest7 WHERE id BETWEEN 5176752 AND 5177751 ORDER BY c
	-> Sort: sbtest7.c
    -> Table scan on <temporary>  (cost=794..820 rows=1838)
        -> Temporary table with deduplication  (cost=794..794 rows=1838)
            -> Filter: (sbtest7.id between 5176752 and 5177751)  (cost=371 rows=1838)
                -> Index range scan on sbtest7 using PRIMARY over (5176752 <= id <= 5177751)  (cost=371 rows=1838)


table 8 : explain SELECT DISTINCT c FROM sbtest8 WHERE id BETWEEN 9156088 AND 9157087 ORDER BY c
	-> Sort: sbtest8.c
    -> Table scan on <temporary>  (cost=794..820 rows=1838)
        -> Temporary table with deduplication  (cost=794..794 rows=1838)
            -> Filter: (sbtest8.id between 9156088 and 9157087)  (cost=371 rows=1838)
                -> Index range scan on sbtest8 using PRIMARY over (9156088 <= id <= 9157087)  (cost=371 rows=1838)


for: distinct_ranges
table 1 : explain SELECT DISTINCT c FROM sbtest1 WHERE id BETWEEN 9317674 AND 9318673 ORDER BY c
	-> Sort: sbtest1.c
    -> Table scan on <temporary>  (cost=794..820 rows=1838)
        -> Temporary table with deduplication  (cost=794..794 rows=1838)
            -> Filter: (sbtest1.id between 9317674 and 9318673)  (cost=371 rows=1838)
                -> Index range scan on sbtest1 using PRIMARY over (9317674 <= id <= 9318673)  (cost=371 rows=1838)


table 2 : explain SELECT DISTINCT c FROM sbtest2 WHERE id BETWEEN 5649852 AND 5650851 ORDER BY c
	-> Sort: sbtest2.c
    -> Table scan on <temporary>  (cost=794..820 rows=1838)
        -> Temporary table with deduplication  (cost=794..794 rows=1838)
            -> Filter: (sbtest2.id between 5649852 and 5650851)  (cost=371 rows=1838)
                -> Index range scan on sbtest2 using PRIMARY over (5649852 <= id <= 5650851)  (cost=371 rows=1838)


table 3 : explain SELECT DISTINCT c FROM sbtest3 WHERE id BETWEEN 6973257 AND 6974256 ORDER BY c
	-> Sort: sbtest3.c
    -> Table scan on <temporary>  (cost=794..820 rows=1838)
        -> Temporary table with deduplication  (cost=794..794 rows=1838)
            -> Filter: (sbtest3.id between 6973257 and 6974256)  (cost=371 rows=1838)
                -> Index range scan on sbtest3 using PRIMARY over (6973257 <= id <= 6974256)  (cost=371 rows=1838)


table 4 : explain SELECT DISTINCT c FROM sbtest4 WHERE id BETWEEN 4485531 AND 4486530 ORDER BY c
	-> Sort: sbtest4.c
    -> Table scan on <temporary>  (cost=809..835 rows=1872)
        -> Temporary table with deduplication  (cost=809..809 rows=1872)
            -> Filter: (sbtest4.id between 4485531 and 4486530)  (cost=378 rows=1872)
                -> Index range scan on sbtest4 using PRIMARY over (4485531 <= id <= 4486530)  (cost=378 rows=1872)


table 5 : explain SELECT DISTINCT c FROM sbtest5 WHERE id BETWEEN 3089153 AND 3090152 ORDER BY c
	-> Sort: sbtest5.c
    -> Table scan on <temporary>  (cost=794..820 rows=1838)
        -> Temporary table with deduplication  (cost=794..794 rows=1838)
            -> Filter: (sbtest5.id between 3089153 and 3090152)  (cost=371 rows=1838)
                -> Index range scan on sbtest5 using PRIMARY over (3089153 <= id <= 3090152)  (cost=371 rows=1838)


table 6 : explain SELECT DISTINCT c FROM sbtest6 WHERE id BETWEEN 7560632 AND 7561631 ORDER BY c
	-> Sort: sbtest6.c
    -> Table scan on <temporary>  (cost=794..820 rows=1838)
        -> Temporary table with deduplication  (cost=794..794 rows=1838)
            -> Filter: (sbtest6.id between 7560632 and 7561631)  (cost=371 rows=1838)
                -> Index range scan on sbtest6 using PRIMARY over (7560632 <= id <= 7561631)  (cost=371 rows=1838)


table 7 : explain SELECT DISTINCT c FROM sbtest7 WHERE id BETWEEN 1075813 AND 1076812 ORDER BY c
	-> Sort: sbtest7.c
    -> Table scan on <temporary>  (cost=794..820 rows=1838)
        -> Temporary table with deduplication  (cost=794..794 rows=1838)
            -> Filter: (sbtest7.id between 1075813 and 1076812)  (cost=371 rows=1838)
                -> Index range scan on sbtest7 using PRIMARY over (1075813 <= id <= 1076812)  (cost=371 rows=1838)


table 8 : explain SELECT DISTINCT c FROM sbtest8 WHERE id BETWEEN 7474931 AND 7475930 ORDER BY c
	-> Sort: sbtest8.c
    -> Table scan on <temporary>  (cost=794..820 rows=1838)
        -> Temporary table with deduplication  (cost=794..794 rows=1838)
            -> Filter: (sbtest8.id between 7474931 and 7475930)  (cost=371 rows=1838)
                -> Index range scan on sbtest8 using PRIMARY over (7474931 <= id <= 7475930)  (cost=371 rows=1838)


for: distinct_ranges
table 1 : explain SELECT DISTINCT c FROM sbtest1 WHERE id BETWEEN 7201356 AND 7202355 ORDER BY c
	-> Sort: sbtest1.c
    -> Table scan on <temporary>  (cost=809..835 rows=1872)
        -> Temporary table with deduplication  (cost=809..809 rows=1872)
            -> Filter: (sbtest1.id between 7201356 and 7202355)  (cost=378 rows=1872)
                -> Index range scan on sbtest1 using PRIMARY over (7201356 <= id <= 7202355)  (cost=378 rows=1872)


table 2 : explain SELECT DISTINCT c FROM sbtest2 WHERE id BETWEEN 1233574 AND 1234573 ORDER BY c
	-> Sort: sbtest2.c
    -> Table scan on <temporary>  (cost=794..820 rows=1838)
        -> Temporary table with deduplication  (cost=794..794 rows=1838)
            -> Filter: (sbtest2.id between 1233574 and 1234573)  (cost=371 rows=1838)
                -> Index range scan on sbtest2 using PRIMARY over (1233574 <= id <= 1234573)  (cost=371 rows=1838)


table 3 : explain SELECT DISTINCT c FROM sbtest3 WHERE id BETWEEN 5696076 AND 5697075 ORDER BY c
	-> Sort: sbtest3.c
    -> Table scan on <temporary>  (cost=794..820 rows=1838)
        -> Temporary table with deduplication  (cost=794..794 rows=1838)
            -> Filter: (sbtest3.id between 5696076 and 5697075)  (cost=371 rows=1838)
                -> Index range scan on sbtest3 using PRIMARY over (5696076 <= id <= 5697075)  (cost=371 rows=1838)


table 4 : explain SELECT DISTINCT c FROM sbtest4 WHERE id BETWEEN 7808358 AND 7809357 ORDER BY c
	-> Sort: sbtest4.c
    -> Table scan on <temporary>  (cost=809..835 rows=1872)
        -> Temporary table with deduplication  (cost=809..809 rows=1872)
            -> Filter: (sbtest4.id between 7808358 and 7809357)  (cost=378 rows=1872)
                -> Index range scan on sbtest4 using PRIMARY over (7808358 <= id <= 7809357)  (cost=378 rows=1872)


table 5 : explain SELECT DISTINCT c FROM sbtest5 WHERE id BETWEEN 1994593 AND 1995592 ORDER BY c
	-> Sort: sbtest5.c
    -> Table scan on <temporary>  (cost=794..820 rows=1838)
        -> Temporary table with deduplication  (cost=794..794 rows=1838)
            -> Filter: (sbtest5.id between 1994593 and 1995592)  (cost=371 rows=1838)
                -> Index range scan on sbtest5 using PRIMARY over (1994593 <= id <= 1995592)  (cost=371 rows=1838)


table 6 : explain SELECT DISTINCT c FROM sbtest6 WHERE id BETWEEN 1565509 AND 1566508 ORDER BY c
	-> Sort: sbtest6.c
    -> Table scan on <temporary>  (cost=794..820 rows=1838)
        -> Temporary table with deduplication  (cost=794..794 rows=1838)
            -> Filter: (sbtest6.id between 1565509 and 1566508)  (cost=371 rows=1838)
                -> Index range scan on sbtest6 using PRIMARY over (1565509 <= id <= 1566508)  (cost=371 rows=1838)


table 7 : explain SELECT DISTINCT c FROM sbtest7 WHERE id BETWEEN 4300282 AND 4301281 ORDER BY c
	-> Sort: sbtest7.c
    -> Table scan on <temporary>  (cost=794..820 rows=1838)
        -> Temporary table with deduplication  (cost=794..794 rows=1838)
            -> Filter: (sbtest7.id between 4300282 and 4301281)  (cost=371 rows=1838)
                -> Index range scan on sbtest7 using PRIMARY over (4300282 <= id <= 4301281)  (cost=371 rows=1838)


table 8 : explain SELECT DISTINCT c FROM sbtest8 WHERE id BETWEEN 1396249 AND 1397248 ORDER BY c
	-> Sort: sbtest8.c
    -> Table scan on <temporary>  (cost=809..835 rows=1872)
        -> Temporary table with deduplication  (cost=809..809 rows=1872)
            -> Filter: (sbtest8.id between 1396249 and 1397248)  (cost=378 rows=1872)
                -> Index range scan on sbtest8 using PRIMARY over (1396249 <= id <= 1397248)  (cost=378 rows=1872)


for: distinct_ranges
table 1 : explain SELECT DISTINCT c FROM sbtest1 WHERE id BETWEEN 872056 AND 873055 ORDER BY c
	-> Sort: sbtest1.c
    -> Table scan on <temporary>  (cost=794..820 rows=1838)
        -> Temporary table with deduplication  (cost=794..794 rows=1838)
            -> Filter: (sbtest1.id between 872056 and 873055)  (cost=371 rows=1838)
                -> Index range scan on sbtest1 using PRIMARY over (872056 <= id <= 873055)  (cost=371 rows=1838)


table 2 : explain SELECT DISTINCT c FROM sbtest2 WHERE id BETWEEN 229884 AND 230883 ORDER BY c
	-> Sort: sbtest2.c
    -> Table scan on <temporary>  (cost=794..820 rows=1838)
        -> Temporary table with deduplication  (cost=794..794 rows=1838)
            -> Filter: (sbtest2.id between 229884 and 230883)  (cost=371 rows=1838)
                -> Index range scan on sbtest2 using PRIMARY over (229884 <= id <= 230883)  (cost=371 rows=1838)


table 3 : explain SELECT DISTINCT c FROM sbtest3 WHERE id BETWEEN 6172350 AND 6173349 ORDER BY c
	-> Sort: sbtest3.c
    -> Table scan on <temporary>  (cost=809..835 rows=1872)
        -> Temporary table with deduplication  (cost=809..809 rows=1872)
            -> Filter: (sbtest3.id between 6172350 and 6173349)  (cost=378 rows=1872)
                -> Index range scan on sbtest3 using PRIMARY over (6172350 <= id <= 6173349)  (cost=378 rows=1872)


table 4 : explain SELECT DISTINCT c FROM sbtest4 WHERE id BETWEEN 1198261 AND 1199260 ORDER BY c
	-> Sort: sbtest4.c
    -> Table scan on <temporary>  (cost=809..835 rows=1872)
        -> Temporary table with deduplication  (cost=809..809 rows=1872)
            -> Filter: (sbtest4.id between 1198261 and 1199260)  (cost=378 rows=1872)
                -> Index range scan on sbtest4 using PRIMARY over (1198261 <= id <= 1199260)  (cost=378 rows=1872)


table 5 : explain SELECT DISTINCT c FROM sbtest5 WHERE id BETWEEN 2605430 AND 2606429 ORDER BY c
	-> Sort: sbtest5.c
    -> Table scan on <temporary>  (cost=794..820 rows=1838)
        -> Temporary table with deduplication  (cost=794..794 rows=1838)
            -> Filter: (sbtest5.id between 2605430 and 2606429)  (cost=371 rows=1838)
                -> Index range scan on sbtest5 using PRIMARY over (2605430 <= id <= 2606429)  (cost=371 rows=1838)


table 6 : explain SELECT DISTINCT c FROM sbtest6 WHERE id BETWEEN 3734360 AND 3735359 ORDER BY c
	-> Sort: sbtest6.c
    -> Table scan on <temporary>  (cost=809..835 rows=1872)
        -> Temporary table with deduplication  (cost=809..809 rows=1872)
            -> Filter: (sbtest6.id between 3734360 and 3735359)  (cost=378 rows=1872)
                -> Index range scan on sbtest6 using PRIMARY over (3734360 <= id <= 3735359)  (cost=378 rows=1872)


table 7 : explain SELECT DISTINCT c FROM sbtest7 WHERE id BETWEEN 773070 AND 774069 ORDER BY c
	-> Sort: sbtest7.c
    -> Table scan on <temporary>  (cost=794..820 rows=1838)
        -> Temporary table with deduplication  (cost=794..794 rows=1838)
            -> Filter: (sbtest7.id between 773070 and 774069)  (cost=371 rows=1838)
                -> Index range scan on sbtest7 using PRIMARY over (773070 <= id <= 774069)  (cost=371 rows=1838)


table 8 : explain SELECT DISTINCT c FROM sbtest8 WHERE id BETWEEN 2339482 AND 2340481 ORDER BY c
	-> Sort: sbtest8.c
    -> Table scan on <temporary>  (cost=809..835 rows=1872)
        -> Temporary table with deduplication  (cost=809..809 rows=1872)
            -> Filter: (sbtest8.id between 2339482 and 2340481)  (cost=378 rows=1872)
                -> Index range scan on sbtest8 using PRIMARY over (2339482 <= id <= 2340481)  (cost=378 rows=1872)


for: distinct_ranges
table 1 : explain SELECT DISTINCT c FROM sbtest1 WHERE id BETWEEN 125328 AND 126327 ORDER BY c
	-> Sort: sbtest1.c
    -> Table scan on <temporary>  (cost=794..820 rows=1838)
        -> Temporary table with deduplication  (cost=794..794 rows=1838)
            -> Filter: (sbtest1.id between 125328 and 126327)  (cost=371 rows=1838)
                -> Index range scan on sbtest1 using PRIMARY over (125328 <= id <= 126327)  (cost=371 rows=1838)


table 2 : explain SELECT DISTINCT c FROM sbtest2 WHERE id BETWEEN 1516454 AND 1517453 ORDER BY c
	-> Sort: sbtest2.c
    -> Table scan on <temporary>  (cost=794..820 rows=1838)
        -> Temporary table with deduplication  (cost=794..794 rows=1838)
            -> Filter: (sbtest2.id between 1516454 and 1517453)  (cost=371 rows=1838)
                -> Index range scan on sbtest2 using PRIMARY over (1516454 <= id <= 1517453)  (cost=371 rows=1838)


table 3 : explain SELECT DISTINCT c FROM sbtest3 WHERE id BETWEEN 3581364 AND 3582363 ORDER BY c
	-> Sort: sbtest3.c
    -> Table scan on <temporary>  (cost=809..835 rows=1872)
        -> Temporary table with deduplication  (cost=809..809 rows=1872)
            -> Filter: (sbtest3.id between 3581364 and 3582363)  (cost=378 rows=1872)
                -> Index range scan on sbtest3 using PRIMARY over (3581364 <= id <= 3582363)  (cost=378 rows=1872)


table 4 : explain SELECT DISTINCT c FROM sbtest4 WHERE id BETWEEN 3922050 AND 3923049 ORDER BY c
	-> Sort: sbtest4.c
    -> Table scan on <temporary>  (cost=809..835 rows=1872)
        -> Temporary table with deduplication  (cost=809..809 rows=1872)
            -> Filter: (sbtest4.id between 3922050 and 3923049)  (cost=378 rows=1872)
                -> Index range scan on sbtest4 using PRIMARY over (3922050 <= id <= 3923049)  (cost=378 rows=1872)


table 5 : explain SELECT DISTINCT c FROM sbtest5 WHERE id BETWEEN 3632066 AND 3633065 ORDER BY c
	-> Sort: sbtest5.c
    -> Table scan on <temporary>  (cost=794..820 rows=1838)
        -> Temporary table with deduplication  (cost=794..794 rows=1838)
            -> Filter: (sbtest5.id between 3632066 and 3633065)  (cost=371 rows=1838)
                -> Index range scan on sbtest5 using PRIMARY over (3632066 <= id <= 3633065)  (cost=371 rows=1838)


table 6 : explain SELECT DISTINCT c FROM sbtest6 WHERE id BETWEEN 6771118 AND 6772117 ORDER BY c
	-> Sort: sbtest6.c
    -> Table scan on <temporary>  (cost=794..820 rows=1838)
        -> Temporary table with deduplication  (cost=794..794 rows=1838)
            -> Filter: (sbtest6.id between 6771118 and 6772117)  (cost=371 rows=1838)
                -> Index range scan on sbtest6 using PRIMARY over (6771118 <= id <= 6772117)  (cost=371 rows=1838)


table 7 : explain SELECT DISTINCT c FROM sbtest7 WHERE id BETWEEN 1978480 AND 1979479 ORDER BY c
	-> Sort: sbtest7.c
    -> Table scan on <temporary>  (cost=794..820 rows=1838)
        -> Temporary table with deduplication  (cost=794..794 rows=1838)
            -> Filter: (sbtest7.id between 1978480 and 1979479)  (cost=371 rows=1838)
                -> Index range scan on sbtest7 using PRIMARY over (1978480 <= id <= 1979479)  (cost=371 rows=1838)


table 8 : explain SELECT DISTINCT c FROM sbtest8 WHERE id BETWEEN 4943095 AND 4944094 ORDER BY c
	-> Sort: sbtest8.c
    -> Table scan on <temporary>  (cost=809..835 rows=1872)
        -> Temporary table with deduplication  (cost=809..809 rows=1872)
            -> Filter: (sbtest8.id between 4943095 and 4944094)  (cost=378 rows=1872)
                -> Index range scan on sbtest8 using PRIMARY over (4943095 <= id <= 4944094)  (cost=378 rows=1872)


for: distinct_ranges
table 1 : explain SELECT DISTINCT c FROM sbtest1 WHERE id BETWEEN 6081141 AND 6082140 ORDER BY c
	-> Sort: sbtest1.c
    -> Table scan on <temporary>  (cost=794..820 rows=1838)
        -> Temporary table with deduplication  (cost=794..794 rows=1838)
            -> Filter: (sbtest1.id between 6081141 and 6082140)  (cost=371 rows=1838)
                -> Index range scan on sbtest1 using PRIMARY over (6081141 <= id <= 6082140)  (cost=371 rows=1838)


table 2 : explain SELECT DISTINCT c FROM sbtest2 WHERE id BETWEEN 3366483 AND 3367482 ORDER BY c
	-> Sort: sbtest2.c
    -> Table scan on <temporary>  (cost=794..820 rows=1838)
        -> Temporary table with deduplication  (cost=794..794 rows=1838)
            -> Filter: (sbtest2.id between 3366483 and 3367482)  (cost=371 rows=1838)
                -> Index range scan on sbtest2 using PRIMARY over (3366483 <= id <= 3367482)  (cost=371 rows=1838)


table 3 : explain SELECT DISTINCT c FROM sbtest3 WHERE id BETWEEN 6685950 AND 6686949 ORDER BY c
	-> Sort: sbtest3.c
    -> Table scan on <temporary>  (cost=794..820 rows=1838)
        -> Temporary table with deduplication  (cost=794..794 rows=1838)
            -> Filter: (sbtest3.id between 6685950 and 6686949)  (cost=371 rows=1838)
                -> Index range scan on sbtest3 using PRIMARY over (6685950 <= id <= 6686949)  (cost=371 rows=1838)


table 4 : explain SELECT DISTINCT c FROM sbtest4 WHERE id BETWEEN 9884831 AND 9885830 ORDER BY c
	-> Sort: sbtest4.c
    -> Table scan on <temporary>  (cost=809..835 rows=1872)
        -> Temporary table with deduplication  (cost=809..809 rows=1872)
            -> Filter: (sbtest4.id between 9884831 and 9885830)  (cost=378 rows=1872)
                -> Index range scan on sbtest4 using PRIMARY over (9884831 <= id <= 9885830)  (cost=378 rows=1872)


table 5 : explain SELECT DISTINCT c FROM sbtest5 WHERE id BETWEEN 5993055 AND 5994054 ORDER BY c
	-> Sort: sbtest5.c
    -> Table scan on <temporary>  (cost=809..835 rows=1872)
        -> Temporary table with deduplication  (cost=809..809 rows=1872)
            -> Filter: (sbtest5.id between 5993055 and 5994054)  (cost=378 rows=1872)
                -> Index range scan on sbtest5 using PRIMARY over (5993055 <= id <= 5994054)  (cost=378 rows=1872)


table 6 : explain SELECT DISTINCT c FROM sbtest6 WHERE id BETWEEN 845328 AND 846327 ORDER BY c
	-> Sort: sbtest6.c
    -> Table scan on <temporary>  (cost=794..820 rows=1838)
        -> Temporary table with deduplication  (cost=794..794 rows=1838)
            -> Filter: (sbtest6.id between 845328 and 846327)  (cost=371 rows=1838)
                -> Index range scan on sbtest6 using PRIMARY over (845328 <= id <= 846327)  (cost=371 rows=1838)


table 7 : explain SELECT DISTINCT c FROM sbtest7 WHERE id BETWEEN 4300432 AND 4301431 ORDER BY c
	-> Sort: sbtest7.c
    -> Table scan on <temporary>  (cost=794..820 rows=1838)
        -> Temporary table with deduplication  (cost=794..794 rows=1838)
            -> Filter: (sbtest7.id between 4300432 and 4301431)  (cost=371 rows=1838)
                -> Index range scan on sbtest7 using PRIMARY over (4300432 <= id <= 4301431)  (cost=371 rows=1838)


table 8 : explain SELECT DISTINCT c FROM sbtest8 WHERE id BETWEEN 7163243 AND 7164242 ORDER BY c
	-> Sort: sbtest8.c
    -> Table scan on <temporary>  (cost=809..835 rows=1872)
        -> Temporary table with deduplication  (cost=809..809 rows=1872)
            -> Filter: (sbtest8.id between 7163243 and 7164242)  (cost=378 rows=1872)
                -> Index range scan on sbtest8 using PRIMARY over (7163243 <= id <= 7164242)  (cost=378 rows=1872)


for: distinct_ranges
table 1 : explain SELECT DISTINCT c FROM sbtest1 WHERE id BETWEEN 7397996 AND 7398995 ORDER BY c
	-> Sort: sbtest1.c
    -> Table scan on <temporary>  (cost=794..820 rows=1838)
        -> Temporary table with deduplication  (cost=794..794 rows=1838)
            -> Filter: (sbtest1.id between 7397996 and 7398995)  (cost=371 rows=1838)
                -> Index range scan on sbtest1 using PRIMARY over (7397996 <= id <= 7398995)  (cost=371 rows=1838)


table 2 : explain SELECT DISTINCT c FROM sbtest2 WHERE id BETWEEN 8630701 AND 8631700 ORDER BY c
	-> Sort: sbtest2.c
    -> Table scan on <temporary>  (cost=809..835 rows=1872)
        -> Temporary table with deduplication  (cost=809..809 rows=1872)
            -> Filter: (sbtest2.id between 8630701 and 8631700)  (cost=378 rows=1872)
                -> Index range scan on sbtest2 using PRIMARY over (8630701 <= id <= 8631700)  (cost=378 rows=1872)


table 3 : explain SELECT DISTINCT c FROM sbtest3 WHERE id BETWEEN 1065906 AND 1066905 ORDER BY c
	-> Sort: sbtest3.c
    -> Table scan on <temporary>  (cost=794..820 rows=1838)
        -> Temporary table with deduplication  (cost=794..794 rows=1838)
            -> Filter: (sbtest3.id between 1065906 and 1066905)  (cost=371 rows=1838)
                -> Index range scan on sbtest3 using PRIMARY over (1065906 <= id <= 1066905)  (cost=371 rows=1838)


table 4 : explain SELECT DISTINCT c FROM sbtest4 WHERE id BETWEEN 7121335 AND 7122334 ORDER BY c
	-> Sort: sbtest4.c
    -> Table scan on <temporary>  (cost=809..835 rows=1872)
        -> Temporary table with deduplication  (cost=809..809 rows=1872)
            -> Filter: (sbtest4.id between 7121335 and 7122334)  (cost=378 rows=1872)
                -> Index range scan on sbtest4 using PRIMARY over (7121335 <= id <= 7122334)  (cost=378 rows=1872)


table 5 : explain SELECT DISTINCT c FROM sbtest5 WHERE id BETWEEN 7330735 AND 7331734 ORDER BY c
	-> Sort: sbtest5.c
    -> Table scan on <temporary>  (cost=794..820 rows=1838)
        -> Temporary table with deduplication  (cost=794..794 rows=1838)
            -> Filter: (sbtest5.id between 7330735 and 7331734)  (cost=371 rows=1838)
                -> Index range scan on sbtest5 using PRIMARY over (7330735 <= id <= 7331734)  (cost=371 rows=1838)


table 6 : explain SELECT DISTINCT c FROM sbtest6 WHERE id BETWEEN 7673356 AND 7674355 ORDER BY c
	-> Sort: sbtest6.c
    -> Table scan on <temporary>  (cost=794..820 rows=1838)
        -> Temporary table with deduplication  (cost=794..794 rows=1838)
            -> Filter: (sbtest6.id between 7673356 and 7674355)  (cost=371 rows=1838)
                -> Index range scan on sbtest6 using PRIMARY over (7673356 <= id <= 7674355)  (cost=371 rows=1838)


table 7 : explain SELECT DISTINCT c FROM sbtest7 WHERE id BETWEEN 6773018 AND 6774017 ORDER BY c
	-> Sort: sbtest7.c
    -> Table scan on <temporary>  (cost=794..820 rows=1838)
        -> Temporary table with deduplication  (cost=794..794 rows=1838)
            -> Filter: (sbtest7.id between 6773018 and 6774017)  (cost=371 rows=1838)
                -> Index range scan on sbtest7 using PRIMARY over (6773018 <= id <= 6774017)  (cost=371 rows=1838)


table 8 : explain SELECT DISTINCT c FROM sbtest8 WHERE id BETWEEN 2756017 AND 2757016 ORDER BY c
	-> Sort: sbtest8.c
    -> Table scan on <temporary>  (cost=809..835 rows=1872)
        -> Temporary table with deduplication  (cost=809..809 rows=1872)
            -> Filter: (sbtest8.id between 2756017 and 2757016)  (cost=378 rows=1872)
                -> Index range scan on sbtest8 using PRIMARY over (2756017 <= id <= 2757016)  (cost=378 rows=1872)


for: distinct_ranges
table 1 : explain SELECT DISTINCT c FROM sbtest1 WHERE id BETWEEN 5151233 AND 5152232 ORDER BY c
	-> Sort: sbtest1.c
    -> Table scan on <temporary>  (cost=794..820 rows=1838)
        -> Temporary table with deduplication  (cost=794..794 rows=1838)
            -> Filter: (sbtest1.id between 5151233 and 5152232)  (cost=371 rows=1838)
                -> Index range scan on sbtest1 using PRIMARY over (5151233 <= id <= 5152232)  (cost=371 rows=1838)


table 2 : explain SELECT DISTINCT c FROM sbtest2 WHERE id BETWEEN 7826288 AND 7827287 ORDER BY c
	-> Sort: sbtest2.c
    -> Table scan on <temporary>  (cost=794..820 rows=1838)
        -> Temporary table with deduplication  (cost=794..794 rows=1838)
            -> Filter: (sbtest2.id between 7826288 and 7827287)  (cost=371 rows=1838)
                -> Index range scan on sbtest2 using PRIMARY over (7826288 <= id <= 7827287)  (cost=371 rows=1838)


table 3 : explain SELECT DISTINCT c FROM sbtest3 WHERE id BETWEEN 7197020 AND 7198019 ORDER BY c
	-> Sort: sbtest3.c
    -> Table scan on <temporary>  (cost=794..820 rows=1838)
        -> Temporary table with deduplication  (cost=794..794 rows=1838)
            -> Filter: (sbtest3.id between 7197020 and 7198019)  (cost=371 rows=1838)
                -> Index range scan on sbtest3 using PRIMARY over (7197020 <= id <= 7198019)  (cost=371 rows=1838)


table 4 : explain SELECT DISTINCT c FROM sbtest4 WHERE id BETWEEN 6366228 AND 6367227 ORDER BY c
	-> Sort: sbtest4.c
    -> Table scan on <temporary>  (cost=809..835 rows=1872)
        -> Temporary table with deduplication  (cost=809..809 rows=1872)
            -> Filter: (sbtest4.id between 6366228 and 6367227)  (cost=378 rows=1872)
                -> Index range scan on sbtest4 using PRIMARY over (6366228 <= id <= 6367227)  (cost=378 rows=1872)


table 5 : explain SELECT DISTINCT c FROM sbtest5 WHERE id BETWEEN 3010132 AND 3011131 ORDER BY c
	-> Sort: sbtest5.c
    -> Table scan on <temporary>  (cost=809..835 rows=1872)
        -> Temporary table with deduplication  (cost=809..809 rows=1872)
            -> Filter: (sbtest5.id between 3010132 and 3011131)  (cost=378 rows=1872)
                -> Index range scan on sbtest5 using PRIMARY over (3010132 <= id <= 3011131)  (cost=378 rows=1872)


table 6 : explain SELECT DISTINCT c FROM sbtest6 WHERE id BETWEEN 2814203 AND 2815202 ORDER BY c
	-> Sort: sbtest6.c
    -> Table scan on <temporary>  (cost=809..835 rows=1872)
        -> Temporary table with deduplication  (cost=809..809 rows=1872)
            -> Filter: (sbtest6.id between 2814203 and 2815202)  (cost=378 rows=1872)
                -> Index range scan on sbtest6 using PRIMARY over (2814203 <= id <= 2815202)  (cost=378 rows=1872)


table 7 : explain SELECT DISTINCT c FROM sbtest7 WHERE id BETWEEN 5187414 AND 5188413 ORDER BY c
	-> Sort: sbtest7.c
    -> Table scan on <temporary>  (cost=794..820 rows=1838)
        -> Temporary table with deduplication  (cost=794..794 rows=1838)
            -> Filter: (sbtest7.id between 5187414 and 5188413)  (cost=371 rows=1838)
                -> Index range scan on sbtest7 using PRIMARY over (5187414 <= id <= 5188413)  (cost=371 rows=1838)


table 8 : explain SELECT DISTINCT c FROM sbtest8 WHERE id BETWEEN 8751578 AND 8752577 ORDER BY c
	-> Sort: sbtest8.c
    -> Table scan on <temporary>  (cost=809..835 rows=1872)
        -> Temporary table with deduplication  (cost=809..809 rows=1872)
            -> Filter: (sbtest8.id between 8751578 and 8752577)  (cost=378 rows=1872)
                -> Index range scan on sbtest8 using PRIMARY over (8751578 <= id <= 8752577)  (cost=378 rows=1872)


for: distinct_ranges
table 1 : explain SELECT DISTINCT c FROM sbtest1 WHERE id BETWEEN 9501020 AND 9502019 ORDER BY c
	-> Sort: sbtest1.c
    -> Table scan on <temporary>  (cost=794..820 rows=1838)
        -> Temporary table with deduplication  (cost=794..794 rows=1838)
            -> Filter: (sbtest1.id between 9501020 and 9502019)  (cost=371 rows=1838)
                -> Index range scan on sbtest1 using PRIMARY over (9501020 <= id <= 9502019)  (cost=371 rows=1838)


table 2 : explain SELECT DISTINCT c FROM sbtest2 WHERE id BETWEEN 9002004 AND 9003003 ORDER BY c
	-> Sort: sbtest2.c
    -> Table scan on <temporary>  (cost=794..820 rows=1838)
        -> Temporary table with deduplication  (cost=794..794 rows=1838)
            -> Filter: (sbtest2.id between 9002004 and 9003003)  (cost=371 rows=1838)
                -> Index range scan on sbtest2 using PRIMARY over (9002004 <= id <= 9003003)  (cost=371 rows=1838)


table 3 : explain SELECT DISTINCT c FROM sbtest3 WHERE id BETWEEN 7849429 AND 7850428 ORDER BY c
	-> Sort: sbtest3.c
    -> Table scan on <temporary>  (cost=794..820 rows=1838)
        -> Temporary table with deduplication  (cost=794..794 rows=1838)
            -> Filter: (sbtest3.id between 7849429 and 7850428)  (cost=371 rows=1838)
                -> Index range scan on sbtest3 using PRIMARY over (7849429 <= id <= 7850428)  (cost=371 rows=1838)


table 4 : explain SELECT DISTINCT c FROM sbtest4 WHERE id BETWEEN 9836366 AND 9837365 ORDER BY c
	-> Sort: sbtest4.c
    -> Table scan on <temporary>  (cost=809..835 rows=1872)
        -> Temporary table with deduplication  (cost=809..809 rows=1872)
            -> Filter: (sbtest4.id between 9836366 and 9837365)  (cost=378 rows=1872)
                -> Index range scan on sbtest4 using PRIMARY over (9836366 <= id <= 9837365)  (cost=378 rows=1872)


table 5 : explain SELECT DISTINCT c FROM sbtest5 WHERE id BETWEEN 5767803 AND 5768802 ORDER BY c
	-> Sort: sbtest5.c
    -> Table scan on <temporary>  (cost=794..820 rows=1838)
        -> Temporary table with deduplication  (cost=794..794 rows=1838)
            -> Filter: (sbtest5.id between 5767803 and 5768802)  (cost=371 rows=1838)
                -> Index range scan on sbtest5 using PRIMARY over (5767803 <= id <= 5768802)  (cost=371 rows=1838)


table 6 : explain SELECT DISTINCT c FROM sbtest6 WHERE id BETWEEN 3348422 AND 3349421 ORDER BY c
	-> Sort: sbtest6.c
    -> Table scan on <temporary>  (cost=809..835 rows=1872)
        -> Temporary table with deduplication  (cost=809..809 rows=1872)
            -> Filter: (sbtest6.id between 3348422 and 3349421)  (cost=378 rows=1872)
                -> Index range scan on sbtest6 using PRIMARY over (3348422 <= id <= 3349421)  (cost=378 rows=1872)


table 7 : explain SELECT DISTINCT c FROM sbtest7 WHERE id BETWEEN 768760 AND 769759 ORDER BY c
	-> Sort: sbtest7.c
    -> Table scan on <temporary>  (cost=794..820 rows=1838)
        -> Temporary table with deduplication  (cost=794..794 rows=1838)
            -> Filter: (sbtest7.id between 768760 and 769759)  (cost=371 rows=1838)
                -> Index range scan on sbtest7 using PRIMARY over (768760 <= id <= 769759)  (cost=371 rows=1838)


table 8 : explain SELECT DISTINCT c FROM sbtest8 WHERE id BETWEEN 6315356 AND 6316355 ORDER BY c
	-> Sort: sbtest8.c
    -> Table scan on <temporary>  (cost=809..835 rows=1872)
        -> Temporary table with deduplication  (cost=809..809 rows=1872)
            -> Filter: (sbtest8.id between 6315356 and 6316355)  (cost=378 rows=1872)
                -> Index range scan on sbtest8 using PRIMARY over (6315356 <= id <= 6316355)  (cost=378 rows=1872)


for: distinct_ranges
table 1 : explain SELECT DISTINCT c FROM sbtest1 WHERE id BETWEEN 3283389 AND 3284388 ORDER BY c
	-> Sort: sbtest1.c
    -> Table scan on <temporary>  (cost=794..820 rows=1838)
        -> Temporary table with deduplication  (cost=794..794 rows=1838)
            -> Filter: (sbtest1.id between 3283389 and 3284388)  (cost=371 rows=1838)
                -> Index range scan on sbtest1 using PRIMARY over (3283389 <= id <= 3284388)  (cost=371 rows=1838)


table 2 : explain SELECT DISTINCT c FROM sbtest2 WHERE id BETWEEN 6627687 AND 6628686 ORDER BY c
	-> Sort: sbtest2.c
    -> Table scan on <temporary>  (cost=794..820 rows=1838)
        -> Temporary table with deduplication  (cost=794..794 rows=1838)
            -> Filter: (sbtest2.id between 6627687 and 6628686)  (cost=371 rows=1838)
                -> Index range scan on sbtest2 using PRIMARY over (6627687 <= id <= 6628686)  (cost=371 rows=1838)


table 3 : explain SELECT DISTINCT c FROM sbtest3 WHERE id BETWEEN 9919247 AND 9920246 ORDER BY c
	-> Sort: sbtest3.c
    -> Table scan on <temporary>  (cost=794..820 rows=1838)
        -> Temporary table with deduplication  (cost=794..794 rows=1838)
            -> Filter: (sbtest3.id between 9919247 and 9920246)  (cost=371 rows=1838)
                -> Index range scan on sbtest3 using PRIMARY over (9919247 <= id <= 9920246)  (cost=371 rows=1838)


table 4 : explain SELECT DISTINCT c FROM sbtest4 WHERE id BETWEEN 9273154 AND 9274153 ORDER BY c
	-> Sort: sbtest4.c
    -> Table scan on <temporary>  (cost=795..821 rows=1840)
        -> Temporary table with deduplication  (cost=795..795 rows=1840)
            -> Filter: (sbtest4.id between 9273154 and 9274153)  (cost=371 rows=1840)
                -> Index range scan on sbtest4 using PRIMARY over (9273154 <= id <= 9274153)  (cost=371 rows=1840)


table 5 : explain SELECT DISTINCT c FROM sbtest5 WHERE id BETWEEN 2285574 AND 2286573 ORDER BY c
	-> Sort: sbtest5.c
    -> Table scan on <temporary>  (cost=794..820 rows=1838)
        -> Temporary table with deduplication  (cost=794..794 rows=1838)
            -> Filter: (sbtest5.id between 2285574 and 2286573)  (cost=371 rows=1838)
                -> Index range scan on sbtest5 using PRIMARY over (2285574 <= id <= 2286573)  (cost=371 rows=1838)


table 6 : explain SELECT DISTINCT c FROM sbtest6 WHERE id BETWEEN 6390815 AND 6391814 ORDER BY c
	-> Sort: sbtest6.c
    -> Table scan on <temporary>  (cost=794..820 rows=1838)
        -> Temporary table with deduplication  (cost=794..794 rows=1838)
            -> Filter: (sbtest6.id between 6390815 and 6391814)  (cost=371 rows=1838)
                -> Index range scan on sbtest6 using PRIMARY over (6390815 <= id <= 6391814)  (cost=371 rows=1838)


table 7 : explain SELECT DISTINCT c FROM sbtest7 WHERE id BETWEEN 1159323 AND 1160322 ORDER BY c
	-> Sort: sbtest7.c
    -> Table scan on <temporary>  (cost=794..820 rows=1838)
        -> Temporary table with deduplication  (cost=794..794 rows=1838)
            -> Filter: (sbtest7.id between 1159323 and 1160322)  (cost=371 rows=1838)
                -> Index range scan on sbtest7 using PRIMARY over (1159323 <= id <= 1160322)  (cost=371 rows=1838)


table 8 : explain SELECT DISTINCT c FROM sbtest8 WHERE id BETWEEN 1574130 AND 1575129 ORDER BY c
	-> Sort: sbtest8.c
    -> Table scan on <temporary>  (cost=794..820 rows=1838)
        -> Temporary table with deduplication  (cost=794..794 rows=1838)
            -> Filter: (sbtest8.id between 1574130 and 1575129)  (cost=371 rows=1838)
                -> Index range scan on sbtest8 using PRIMARY over (1574130 <= id <= 1575129)  (cost=371 rows=1838)


for: distinct_ranges
table 1 : explain SELECT DISTINCT c FROM sbtest1 WHERE id BETWEEN 3087436 AND 3088435 ORDER BY c
	-> Sort: sbtest1.c
    -> Table scan on <temporary>  (cost=809..835 rows=1872)
        -> Temporary table with deduplication  (cost=809..809 rows=1872)
            -> Filter: (sbtest1.id between 3087436 and 3088435)  (cost=378 rows=1872)
                -> Index range scan on sbtest1 using PRIMARY over (3087436 <= id <= 3088435)  (cost=378 rows=1872)


table 2 : explain SELECT DISTINCT c FROM sbtest2 WHERE id BETWEEN 1994130 AND 1995129 ORDER BY c
	-> Sort: sbtest2.c
    -> Table scan on <temporary>  (cost=794..820 rows=1838)
        -> Temporary table with deduplication  (cost=794..794 rows=1838)
            -> Filter: (sbtest2.id between 1994130 and 1995129)  (cost=371 rows=1838)
                -> Index range scan on sbtest2 using PRIMARY over (1994130 <= id <= 1995129)  (cost=371 rows=1838)


table 3 : explain SELECT DISTINCT c FROM sbtest3 WHERE id BETWEEN 5523285 AND 5524284 ORDER BY c
	-> Sort: sbtest3.c
    -> Table scan on <temporary>  (cost=794..820 rows=1838)
        -> Temporary table with deduplication  (cost=794..794 rows=1838)
            -> Filter: (sbtest3.id between 5523285 and 5524284)  (cost=371 rows=1838)
                -> Index range scan on sbtest3 using PRIMARY over (5523285 <= id <= 5524284)  (cost=371 rows=1838)


table 4 : explain SELECT DISTINCT c FROM sbtest4 WHERE id BETWEEN 7106404 AND 7107403 ORDER BY c
	-> Sort: sbtest4.c
    -> Table scan on <temporary>  (cost=794..820 rows=1838)
        -> Temporary table with deduplication  (cost=794..794 rows=1838)
            -> Filter: (sbtest4.id between 7106404 and 7107403)  (cost=371 rows=1838)
                -> Index range scan on sbtest4 using PRIMARY over (7106404 <= id <= 7107403)  (cost=371 rows=1838)


table 5 : explain SELECT DISTINCT c FROM sbtest5 WHERE id BETWEEN 1863621 AND 1864620 ORDER BY c
	-> Sort: sbtest5.c
    -> Table scan on <temporary>  (cost=794..820 rows=1838)
        -> Temporary table with deduplication  (cost=794..794 rows=1838)
            -> Filter: (sbtest5.id between 1863621 and 1864620)  (cost=371 rows=1838)
                -> Index range scan on sbtest5 using PRIMARY over (1863621 <= id <= 1864620)  (cost=371 rows=1838)


table 6 : explain SELECT DISTINCT c FROM sbtest6 WHERE id BETWEEN 4907310 AND 4908309 ORDER BY c
	-> Sort: sbtest6.c
    -> Table scan on <temporary>  (cost=794..820 rows=1838)
        -> Temporary table with deduplication  (cost=794..794 rows=1838)
            -> Filter: (sbtest6.id between 4907310 and 4908309)  (cost=371 rows=1838)
                -> Index range scan on sbtest6 using PRIMARY over (4907310 <= id <= 4908309)  (cost=371 rows=1838)


table 7 : explain SELECT DISTINCT c FROM sbtest7 WHERE id BETWEEN 3413517 AND 3414516 ORDER BY c
	-> Sort: sbtest7.c
    -> Table scan on <temporary>  (cost=795..821 rows=1840)
        -> Temporary table with deduplication  (cost=795..795 rows=1840)
            -> Filter: (sbtest7.id between 3413517 and 3414516)  (cost=371 rows=1840)
                -> Index range scan on sbtest7 using PRIMARY over (3413517 <= id <= 3414516)  (cost=371 rows=1840)


table 8 : explain SELECT DISTINCT c FROM sbtest8 WHERE id BETWEEN 5231191 AND 5232190 ORDER BY c
	-> Sort: sbtest8.c
    -> Table scan on <temporary>  (cost=794..820 rows=1838)
        -> Temporary table with deduplication  (cost=794..794 rows=1838)
            -> Filter: (sbtest8.id between 5231191 and 5232190)  (cost=371 rows=1838)
                -> Index range scan on sbtest8 using PRIMARY over (5231191 <= id <= 5232190)  (cost=371 rows=1838)


for: distinct_ranges
table 1 : explain SELECT DISTINCT c FROM sbtest1 WHERE id BETWEEN 1421611 AND 1422610 ORDER BY c
	-> Sort: sbtest1.c
    -> Table scan on <temporary>  (cost=794..820 rows=1838)
        -> Temporary table with deduplication  (cost=794..794 rows=1838)
            -> Filter: (sbtest1.id between 1421611 and 1422610)  (cost=371 rows=1838)
                -> Index range scan on sbtest1 using PRIMARY over (1421611 <= id <= 1422610)  (cost=371 rows=1838)


table 2 : explain SELECT DISTINCT c FROM sbtest2 WHERE id BETWEEN 488295 AND 489294 ORDER BY c
	-> Sort: sbtest2.c
    -> Table scan on <temporary>  (cost=794..820 rows=1838)
        -> Temporary table with deduplication  (cost=794..794 rows=1838)
            -> Filter: (sbtest2.id between 488295 and 489294)  (cost=371 rows=1838)
                -> Index range scan on sbtest2 using PRIMARY over (488295 <= id <= 489294)  (cost=371 rows=1838)


table 3 : explain SELECT DISTINCT c FROM sbtest3 WHERE id BETWEEN 2012360 AND 2013359 ORDER BY c
	-> Sort: sbtest3.c
    -> Table scan on <temporary>  (cost=809..835 rows=1872)
        -> Temporary table with deduplication  (cost=809..809 rows=1872)
            -> Filter: (sbtest3.id between 2012360 and 2013359)  (cost=378 rows=1872)
                -> Index range scan on sbtest3 using PRIMARY over (2012360 <= id <= 2013359)  (cost=378 rows=1872)


table 4 : explain SELECT DISTINCT c FROM sbtest4 WHERE id BETWEEN 4840428 AND 4841427 ORDER BY c
	-> Sort: sbtest4.c
    -> Table scan on <temporary>  (cost=794..820 rows=1838)
        -> Temporary table with deduplication  (cost=794..794 rows=1838)
            -> Filter: (sbtest4.id between 4840428 and 4841427)  (cost=371 rows=1838)
                -> Index range scan on sbtest4 using PRIMARY over (4840428 <= id <= 4841427)  (cost=371 rows=1838)


table 5 : explain SELECT DISTINCT c FROM sbtest5 WHERE id BETWEEN 2765157 AND 2766156 ORDER BY c
	-> Sort: sbtest5.c
    -> Table scan on <temporary>  (cost=794..820 rows=1838)
        -> Temporary table with deduplication  (cost=794..794 rows=1838)
            -> Filter: (sbtest5.id between 2765157 and 2766156)  (cost=371 rows=1838)
                -> Index range scan on sbtest5 using PRIMARY over (2765157 <= id <= 2766156)  (cost=371 rows=1838)


table 6 : explain SELECT DISTINCT c FROM sbtest6 WHERE id BETWEEN 4250895 AND 4251894 ORDER BY c
	-> Sort: sbtest6.c
    -> Table scan on <temporary>  (cost=794..820 rows=1838)
        -> Temporary table with deduplication  (cost=794..794 rows=1838)
            -> Filter: (sbtest6.id between 4250895 and 4251894)  (cost=371 rows=1838)
                -> Index range scan on sbtest6 using PRIMARY over (4250895 <= id <= 4251894)  (cost=371 rows=1838)


table 7 : explain SELECT DISTINCT c FROM sbtest7 WHERE id BETWEEN 9501220 AND 9502219 ORDER BY c
	-> Sort: sbtest7.c
    -> Table scan on <temporary>  (cost=809..835 rows=1872)
        -> Temporary table with deduplication  (cost=809..809 rows=1872)
            -> Filter: (sbtest7.id between 9501220 and 9502219)  (cost=378 rows=1872)
                -> Index range scan on sbtest7 using PRIMARY over (9501220 <= id <= 9502219)  (cost=378 rows=1872)


table 8 : explain SELECT DISTINCT c FROM sbtest8 WHERE id BETWEEN 496005 AND 497004 ORDER BY c
	-> Sort: sbtest8.c
    -> Table scan on <temporary>  (cost=809..835 rows=1872)
        -> Temporary table with deduplication  (cost=809..809 rows=1872)
            -> Filter: (sbtest8.id between 496005 and 497004)  (cost=378 rows=1872)
                -> Index range scan on sbtest8 using PRIMARY over (496005 <= id <= 497004)  (cost=378 rows=1872)


for: distinct_ranges
table 1 : explain SELECT DISTINCT c FROM sbtest1 WHERE id BETWEEN 8721311 AND 8722310 ORDER BY c
	-> Sort: sbtest1.c
    -> Table scan on <temporary>  (cost=794..820 rows=1838)
        -> Temporary table with deduplication  (cost=794..794 rows=1838)
            -> Filter: (sbtest1.id between 8721311 and 8722310)  (cost=371 rows=1838)
                -> Index range scan on sbtest1 using PRIMARY over (8721311 <= id <= 8722310)  (cost=371 rows=1838)


table 2 : explain SELECT DISTINCT c FROM sbtest2 WHERE id BETWEEN 6414297 AND 6415296 ORDER BY c
	-> Sort: sbtest2.c
    -> Table scan on <temporary>  (cost=794..820 rows=1838)
        -> Temporary table with deduplication  (cost=794..794 rows=1838)
            -> Filter: (sbtest2.id between 6414297 and 6415296)  (cost=371 rows=1838)
                -> Index range scan on sbtest2 using PRIMARY over (6414297 <= id <= 6415296)  (cost=371 rows=1838)


table 3 : explain SELECT DISTINCT c FROM sbtest3 WHERE id BETWEEN 2175333 AND 2176332 ORDER BY c
	-> Sort: sbtest3.c
    -> Table scan on <temporary>  (cost=794..820 rows=1838)
        -> Temporary table with deduplication  (cost=794..794 rows=1838)
            -> Filter: (sbtest3.id between 2175333 and 2176332)  (cost=371 rows=1838)
                -> Index range scan on sbtest3 using PRIMARY over (2175333 <= id <= 2176332)  (cost=371 rows=1838)


table 4 : explain SELECT DISTINCT c FROM sbtest4 WHERE id BETWEEN 8118577 AND 8119576 ORDER BY c
	-> Sort: sbtest4.c
    -> Table scan on <temporary>  (cost=794..820 rows=1838)
        -> Temporary table with deduplication  (cost=794..794 rows=1838)
            -> Filter: (sbtest4.id between 8118577 and 8119576)  (cost=371 rows=1838)
                -> Index range scan on sbtest4 using PRIMARY over (8118577 <= id <= 8119576)  (cost=371 rows=1838)


table 5 : explain SELECT DISTINCT c FROM sbtest5 WHERE id BETWEEN 7853738 AND 7854737 ORDER BY c
	-> Sort: sbtest5.c
    -> Table scan on <temporary>  (cost=794..820 rows=1838)
        -> Temporary table with deduplication  (cost=794..794 rows=1838)
            -> Filter: (sbtest5.id between 7853738 and 7854737)  (cost=371 rows=1838)
                -> Index range scan on sbtest5 using PRIMARY over (7853738 <= id <= 7854737)  (cost=371 rows=1838)


table 6 : explain SELECT DISTINCT c FROM sbtest6 WHERE id BETWEEN 8618017 AND 8619016 ORDER BY c
	-> Sort: sbtest6.c
    -> Table scan on <temporary>  (cost=794..820 rows=1838)
        -> Temporary table with deduplication  (cost=794..794 rows=1838)
            -> Filter: (sbtest6.id between 8618017 and 8619016)  (cost=371 rows=1838)
                -> Index range scan on sbtest6 using PRIMARY over (8618017 <= id <= 8619016)  (cost=371 rows=1838)


table 7 : explain SELECT DISTINCT c FROM sbtest7 WHERE id BETWEEN 6547914 AND 6548913 ORDER BY c
	-> Sort: sbtest7.c
    -> Table scan on <temporary>  (cost=794..820 rows=1838)
        -> Temporary table with deduplication  (cost=794..794 rows=1838)
            -> Filter: (sbtest7.id between 6547914 and 6548913)  (cost=371 rows=1838)
                -> Index range scan on sbtest7 using PRIMARY over (6547914 <= id <= 6548913)  (cost=371 rows=1838)


table 8 : explain SELECT DISTINCT c FROM sbtest8 WHERE id BETWEEN 5790696 AND 5791695 ORDER BY c
	-> Sort: sbtest8.c
    -> Table scan on <temporary>  (cost=809..835 rows=1872)
        -> Temporary table with deduplication  (cost=809..809 rows=1872)
            -> Filter: (sbtest8.id between 5790696 and 5791695)  (cost=378 rows=1872)
                -> Index range scan on sbtest8 using PRIMARY over (5790696 <= id <= 5791695)  (cost=378 rows=1872)


for: distinct_ranges
table 1 : explain SELECT DISTINCT c FROM sbtest1 WHERE id BETWEEN 6947955 AND 6948954 ORDER BY c
	-> Sort: sbtest1.c
    -> Table scan on <temporary>  (cost=794..820 rows=1838)
        -> Temporary table with deduplication  (cost=794..794 rows=1838)
            -> Filter: (sbtest1.id between 6947955 and 6948954)  (cost=371 rows=1838)
                -> Index range scan on sbtest1 using PRIMARY over (6947955 <= id <= 6948954)  (cost=371 rows=1838)


table 2 : explain SELECT DISTINCT c FROM sbtest2 WHERE id BETWEEN 2243935 AND 2244934 ORDER BY c
	-> Sort: sbtest2.c
    -> Table scan on <temporary>  (cost=794..820 rows=1838)
        -> Temporary table with deduplication  (cost=794..794 rows=1838)
            -> Filter: (sbtest2.id between 2243935 and 2244934)  (cost=371 rows=1838)
                -> Index range scan on sbtest2 using PRIMARY over (2243935 <= id <= 2244934)  (cost=371 rows=1838)


table 3 : explain SELECT DISTINCT c FROM sbtest3 WHERE id BETWEEN 3021410 AND 3022409 ORDER BY c
	-> Sort: sbtest3.c
    -> Table scan on <temporary>  (cost=794..820 rows=1838)
        -> Temporary table with deduplication  (cost=794..794 rows=1838)
            -> Filter: (sbtest3.id between 3021410 and 3022409)  (cost=371 rows=1838)
                -> Index range scan on sbtest3 using PRIMARY over (3021410 <= id <= 3022409)  (cost=371 rows=1838)


table 4 : explain SELECT DISTINCT c FROM sbtest4 WHERE id BETWEEN 53076 AND 54075 ORDER BY c
	-> Sort: sbtest4.c
    -> Table scan on <temporary>  (cost=794..820 rows=1838)
        -> Temporary table with deduplication  (cost=794..794 rows=1838)
            -> Filter: (sbtest4.id between 53076 and 54075)  (cost=371 rows=1838)
                -> Index range scan on sbtest4 using PRIMARY over (53076 <= id <= 54075)  (cost=371 rows=1838)


table 5 : explain SELECT DISTINCT c FROM sbtest5 WHERE id BETWEEN 4342681 AND 4343680 ORDER BY c
	-> Sort: sbtest5.c
    -> Table scan on <temporary>  (cost=809..835 rows=1872)
        -> Temporary table with deduplication  (cost=809..809 rows=1872)
            -> Filter: (sbtest5.id between 4342681 and 4343680)  (cost=378 rows=1872)
                -> Index range scan on sbtest5 using PRIMARY over (4342681 <= id <= 4343680)  (cost=378 rows=1872)


table 6 : explain SELECT DISTINCT c FROM sbtest6 WHERE id BETWEEN 8436244 AND 8437243 ORDER BY c
	-> Sort: sbtest6.c
    -> Table scan on <temporary>  (cost=794..820 rows=1838)
        -> Temporary table with deduplication  (cost=794..794 rows=1838)
            -> Filter: (sbtest6.id between 8436244 and 8437243)  (cost=371 rows=1838)
                -> Index range scan on sbtest6 using PRIMARY over (8436244 <= id <= 8437243)  (cost=371 rows=1838)


table 7 : explain SELECT DISTINCT c FROM sbtest7 WHERE id BETWEEN 2074235 AND 2075234 ORDER BY c
	-> Sort: sbtest7.c
    -> Table scan on <temporary>  (cost=794..820 rows=1838)
        -> Temporary table with deduplication  (cost=794..794 rows=1838)
            -> Filter: (sbtest7.id between 2074235 and 2075234)  (cost=371 rows=1838)
                -> Index range scan on sbtest7 using PRIMARY over (2074235 <= id <= 2075234)  (cost=371 rows=1838)


table 8 : explain SELECT DISTINCT c FROM sbtest8 WHERE id BETWEEN 3879842 AND 3880841 ORDER BY c
	-> Sort: sbtest8.c
    -> Table scan on <temporary>  (cost=809..835 rows=1872)
        -> Temporary table with deduplication  (cost=809..809 rows=1872)
            -> Filter: (sbtest8.id between 3879842 and 3880841)  (cost=378 rows=1872)
                -> Index range scan on sbtest8 using PRIMARY over (3879842 <= id <= 3880841)  (cost=378 rows=1872)


for: distinct_ranges
table 1 : explain SELECT DISTINCT c FROM sbtest1 WHERE id BETWEEN 8157408 AND 8158407 ORDER BY c
	-> Sort: sbtest1.c
    -> Table scan on <temporary>  (cost=794..820 rows=1838)
        -> Temporary table with deduplication  (cost=794..794 rows=1838)
            -> Filter: (sbtest1.id between 8157408 and 8158407)  (cost=371 rows=1838)
                -> Index range scan on sbtest1 using PRIMARY over (8157408 <= id <= 8158407)  (cost=371 rows=1838)


table 2 : explain SELECT DISTINCT c FROM sbtest2 WHERE id BETWEEN 1802126 AND 1803125 ORDER BY c
	-> Sort: sbtest2.c
    -> Table scan on <temporary>  (cost=809..835 rows=1872)
        -> Temporary table with deduplication  (cost=809..809 rows=1872)
            -> Filter: (sbtest2.id between 1802126 and 1803125)  (cost=378 rows=1872)
                -> Index range scan on sbtest2 using PRIMARY over (1802126 <= id <= 1803125)  (cost=378 rows=1872)


table 3 : explain SELECT DISTINCT c FROM sbtest3 WHERE id BETWEEN 459578 AND 460577 ORDER BY c
	-> Sort: sbtest3.c
    -> Table scan on <temporary>  (cost=809..835 rows=1872)
        -> Temporary table with deduplication  (cost=809..809 rows=1872)
            -> Filter: (sbtest3.id between 459578 and 460577)  (cost=378 rows=1872)
                -> Index range scan on sbtest3 using PRIMARY over (459578 <= id <= 460577)  (cost=378 rows=1872)


table 4 : explain SELECT DISTINCT c FROM sbtest4 WHERE id BETWEEN 7952799 AND 7953798 ORDER BY c
	-> Sort: sbtest4.c
    -> Table scan on <temporary>  (cost=794..820 rows=1838)
        -> Temporary table with deduplication  (cost=794..794 rows=1838)
            -> Filter: (sbtest4.id between 7952799 and 7953798)  (cost=371 rows=1838)
                -> Index range scan on sbtest4 using PRIMARY over (7952799 <= id <= 7953798)  (cost=371 rows=1838)


table 5 : explain SELECT DISTINCT c FROM sbtest5 WHERE id BETWEEN 9524392 AND 9525391 ORDER BY c
	-> Sort: sbtest5.c
    -> Table scan on <temporary>  (cost=794..820 rows=1838)
        -> Temporary table with deduplication  (cost=794..794 rows=1838)
            -> Filter: (sbtest5.id between 9524392 and 9525391)  (cost=371 rows=1838)
                -> Index range scan on sbtest5 using PRIMARY over (9524392 <= id <= 9525391)  (cost=371 rows=1838)


table 6 : explain SELECT DISTINCT c FROM sbtest6 WHERE id BETWEEN 4702501 AND 4703500 ORDER BY c
	-> Sort: sbtest6.c
    -> Table scan on <temporary>  (cost=794..820 rows=1838)
        -> Temporary table with deduplication  (cost=794..794 rows=1838)
            -> Filter: (sbtest6.id between 4702501 and 4703500)  (cost=371 rows=1838)
                -> Index range scan on sbtest6 using PRIMARY over (4702501 <= id <= 4703500)  (cost=371 rows=1838)


table 7 : explain SELECT DISTINCT c FROM sbtest7 WHERE id BETWEEN 3345146 AND 3346145 ORDER BY c
	-> Sort: sbtest7.c
    -> Table scan on <temporary>  (cost=794..820 rows=1838)
        -> Temporary table with deduplication  (cost=794..794 rows=1838)
            -> Filter: (sbtest7.id between 3345146 and 3346145)  (cost=371 rows=1838)
                -> Index range scan on sbtest7 using PRIMARY over (3345146 <= id <= 3346145)  (cost=371 rows=1838)


table 8 : explain SELECT DISTINCT c FROM sbtest8 WHERE id BETWEEN 4921255 AND 4922254 ORDER BY c
	-> Sort: sbtest8.c
    -> Table scan on <temporary>  (cost=794..820 rows=1838)
        -> Temporary table with deduplication  (cost=794..794 rows=1838)
            -> Filter: (sbtest8.id between 4921255 and 4922254)  (cost=371 rows=1838)
                -> Index range scan on sbtest8 using PRIMARY over (4921255 <= id <= 4922254)  (cost=371 rows=1838)


for: distinct_ranges
table 1 : explain SELECT DISTINCT c FROM sbtest1 WHERE id BETWEEN 9971789 AND 9972788 ORDER BY c
	-> Sort: sbtest1.c
    -> Table scan on <temporary>  (cost=794..820 rows=1838)
        -> Temporary table with deduplication  (cost=794..794 rows=1838)
            -> Filter: (sbtest1.id between 9971789 and 9972788)  (cost=371 rows=1838)
                -> Index range scan on sbtest1 using PRIMARY over (9971789 <= id <= 9972788)  (cost=371 rows=1838)


table 2 : explain SELECT DISTINCT c FROM sbtest2 WHERE id BETWEEN 4070718 AND 4071717 ORDER BY c
	-> Sort: sbtest2.c
    -> Table scan on <temporary>  (cost=794..820 rows=1838)
        -> Temporary table with deduplication  (cost=794..794 rows=1838)
            -> Filter: (sbtest2.id between 4070718 and 4071717)  (cost=371 rows=1838)
                -> Index range scan on sbtest2 using PRIMARY over (4070718 <= id <= 4071717)  (cost=371 rows=1838)


table 3 : explain SELECT DISTINCT c FROM sbtest3 WHERE id BETWEEN 131529 AND 132528 ORDER BY c
	-> Sort: sbtest3.c
    -> Table scan on <temporary>  (cost=809..835 rows=1872)
        -> Temporary table with deduplication  (cost=809..809 rows=1872)
            -> Filter: (sbtest3.id between 131529 and 132528)  (cost=378 rows=1872)
                -> Index range scan on sbtest3 using PRIMARY over (131529 <= id <= 132528)  (cost=378 rows=1872)


table 4 : explain SELECT DISTINCT c FROM sbtest4 WHERE id BETWEEN 7039752 AND 7040751 ORDER BY c
	-> Sort: sbtest4.c
    -> Table scan on <temporary>  (cost=794..820 rows=1838)
        -> Temporary table with deduplication  (cost=794..794 rows=1838)
            -> Filter: (sbtest4.id between 7039752 and 7040751)  (cost=371 rows=1838)
                -> Index range scan on sbtest4 using PRIMARY over (7039752 <= id <= 7040751)  (cost=371 rows=1838)


table 5 : explain SELECT DISTINCT c FROM sbtest5 WHERE id BETWEEN 5578636 AND 5579635 ORDER BY c
	-> Sort: sbtest5.c
    -> Table scan on <temporary>  (cost=809..835 rows=1872)
        -> Temporary table with deduplication  (cost=809..809 rows=1872)
            -> Filter: (sbtest5.id between 5578636 and 5579635)  (cost=378 rows=1872)
                -> Index range scan on sbtest5 using PRIMARY over (5578636 <= id <= 5579635)  (cost=378 rows=1872)


table 6 : explain SELECT DISTINCT c FROM sbtest6 WHERE id BETWEEN 6346665 AND 6347664 ORDER BY c
	-> Sort: sbtest6.c
    -> Table scan on <temporary>  (cost=809..835 rows=1872)
        -> Temporary table with deduplication  (cost=809..809 rows=1872)
            -> Filter: (sbtest6.id between 6346665 and 6347664)  (cost=378 rows=1872)
                -> Index range scan on sbtest6 using PRIMARY over (6346665 <= id <= 6347664)  (cost=378 rows=1872)


table 7 : explain SELECT DISTINCT c FROM sbtest7 WHERE id BETWEEN 2683720 AND 2684719 ORDER BY c
	-> Sort: sbtest7.c
    -> Table scan on <temporary>  (cost=794..820 rows=1838)
        -> Temporary table with deduplication  (cost=794..794 rows=1838)
            -> Filter: (sbtest7.id between 2683720 and 2684719)  (cost=371 rows=1838)
                -> Index range scan on sbtest7 using PRIMARY over (2683720 <= id <= 2684719)  (cost=371 rows=1838)


table 8 : explain SELECT DISTINCT c FROM sbtest8 WHERE id BETWEEN 6337819 AND 6338818 ORDER BY c
	-> Sort: sbtest8.c
    -> Table scan on <temporary>  (cost=794..820 rows=1838)
        -> Temporary table with deduplication  (cost=794..794 rows=1838)
            -> Filter: (sbtest8.id between 6337819 and 6338818)  (cost=371 rows=1838)
                -> Index range scan on sbtest8 using PRIMARY over (6337819 <= id <= 6338818)  (cost=371 rows=1838)


for: distinct_ranges
table 1 : explain SELECT DISTINCT c FROM sbtest1 WHERE id BETWEEN 3272699 AND 3273698 ORDER BY c
	-> Sort: sbtest1.c
    -> Table scan on <temporary>  (cost=794..820 rows=1838)
        -> Temporary table with deduplication  (cost=794..794 rows=1838)
            -> Filter: (sbtest1.id between 3272699 and 3273698)  (cost=371 rows=1838)
                -> Index range scan on sbtest1 using PRIMARY over (3272699 <= id <= 3273698)  (cost=371 rows=1838)


table 2 : explain SELECT DISTINCT c FROM sbtest2 WHERE id BETWEEN 5736219 AND 5737218 ORDER BY c
	-> Sort: sbtest2.c
    -> Table scan on <temporary>  (cost=794..820 rows=1838)
        -> Temporary table with deduplication  (cost=794..794 rows=1838)
            -> Filter: (sbtest2.id between 5736219 and 5737218)  (cost=371 rows=1838)
                -> Index range scan on sbtest2 using PRIMARY over (5736219 <= id <= 5737218)  (cost=371 rows=1838)


table 3 : explain SELECT DISTINCT c FROM sbtest3 WHERE id BETWEEN 5339228 AND 5340227 ORDER BY c
	-> Sort: sbtest3.c
    -> Table scan on <temporary>  (cost=794..820 rows=1838)
        -> Temporary table with deduplication  (cost=794..794 rows=1838)
            -> Filter: (sbtest3.id between 5339228 and 5340227)  (cost=371 rows=1838)
                -> Index range scan on sbtest3 using PRIMARY over (5339228 <= id <= 5340227)  (cost=371 rows=1838)


table 4 : explain SELECT DISTINCT c FROM sbtest4 WHERE id BETWEEN 6393171 AND 6394170 ORDER BY c
	-> Sort: sbtest4.c
    -> Table scan on <temporary>  (cost=809..835 rows=1872)
        -> Temporary table with deduplication  (cost=809..809 rows=1872)
            -> Filter: (sbtest4.id between 6393171 and 6394170)  (cost=378 rows=1872)
                -> Index range scan on sbtest4 using PRIMARY over (6393171 <= id <= 6394170)  (cost=378 rows=1872)


table 5 : explain SELECT DISTINCT c FROM sbtest5 WHERE id BETWEEN 22403 AND 23402 ORDER BY c
	-> Sort: sbtest5.c
    -> Table scan on <temporary>  (cost=794..820 rows=1838)
        -> Temporary table with deduplication  (cost=794..794 rows=1838)
            -> Filter: (sbtest5.id between 22403 and 23402)  (cost=371 rows=1838)
                -> Index range scan on sbtest5 using PRIMARY over (22403 <= id <= 23402)  (cost=371 rows=1838)


table 6 : explain SELECT DISTINCT c FROM sbtest6 WHERE id BETWEEN 9893114 AND 9894113 ORDER BY c
	-> Sort: sbtest6.c
    -> Table scan on <temporary>  (cost=794..820 rows=1838)
        -> Temporary table with deduplication  (cost=794..794 rows=1838)
            -> Filter: (sbtest6.id between 9893114 and 9894113)  (cost=371 rows=1838)
                -> Index range scan on sbtest6 using PRIMARY over (9893114 <= id <= 9894113)  (cost=371 rows=1838)


table 7 : explain SELECT DISTINCT c FROM sbtest7 WHERE id BETWEEN 6629819 AND 6630818 ORDER BY c
	-> Sort: sbtest7.c
    -> Table scan on <temporary>  (cost=794..820 rows=1838)
        -> Temporary table with deduplication  (cost=794..794 rows=1838)
            -> Filter: (sbtest7.id between 6629819 and 6630818)  (cost=371 rows=1838)
                -> Index range scan on sbtest7 using PRIMARY over (6629819 <= id <= 6630818)  (cost=371 rows=1838)


table 8 : explain SELECT DISTINCT c FROM sbtest8 WHERE id BETWEEN 3424435 AND 3425434 ORDER BY c
	-> Sort: sbtest8.c
    -> Table scan on <temporary>  (cost=794..820 rows=1838)
        -> Temporary table with deduplication  (cost=794..794 rows=1838)
            -> Filter: (sbtest8.id between 3424435 and 3425434)  (cost=371 rows=1838)
                -> Index range scan on sbtest8 using PRIMARY over (3424435 <= id <= 3425434)  (cost=371 rows=1838)


for: distinct_ranges
table 1 : explain SELECT DISTINCT c FROM sbtest1 WHERE id BETWEEN 228216 AND 229215 ORDER BY c
	-> Sort: sbtest1.c
    -> Table scan on <temporary>  (cost=794..820 rows=1838)
        -> Temporary table with deduplication  (cost=794..794 rows=1838)
            -> Filter: (sbtest1.id between 228216 and 229215)  (cost=371 rows=1838)
                -> Index range scan on sbtest1 using PRIMARY over (228216 <= id <= 229215)  (cost=371 rows=1838)


table 2 : explain SELECT DISTINCT c FROM sbtest2 WHERE id BETWEEN 9239318 AND 9240317 ORDER BY c
	-> Sort: sbtest2.c
    -> Table scan on <temporary>  (cost=794..820 rows=1838)
        -> Temporary table with deduplication  (cost=794..794 rows=1838)
            -> Filter: (sbtest2.id between 9239318 and 9240317)  (cost=371 rows=1838)
                -> Index range scan on sbtest2 using PRIMARY over (9239318 <= id <= 9240317)  (cost=371 rows=1838)


table 3 : explain SELECT DISTINCT c FROM sbtest3 WHERE id BETWEEN 9070376 AND 9071375 ORDER BY c
	-> Sort: sbtest3.c
    -> Table scan on <temporary>  (cost=809..835 rows=1872)
        -> Temporary table with deduplication  (cost=809..809 rows=1872)
            -> Filter: (sbtest3.id between 9070376 and 9071375)  (cost=378 rows=1872)
                -> Index range scan on sbtest3 using PRIMARY over (9070376 <= id <= 9071375)  (cost=378 rows=1872)


table 4 : explain SELECT DISTINCT c FROM sbtest4 WHERE id BETWEEN 5411244 AND 5412243 ORDER BY c
	-> Sort: sbtest4.c
    -> Table scan on <temporary>  (cost=809..835 rows=1872)
        -> Temporary table with deduplication  (cost=809..809 rows=1872)
            -> Filter: (sbtest4.id between 5411244 and 5412243)  (cost=378 rows=1872)
                -> Index range scan on sbtest4 using PRIMARY over (5411244 <= id <= 5412243)  (cost=378 rows=1872)


table 5 : explain SELECT DISTINCT c FROM sbtest5 WHERE id BETWEEN 1621814 AND 1622813 ORDER BY c
	-> Sort: sbtest5.c
    -> Table scan on <temporary>  (cost=809..835 rows=1872)
        -> Temporary table with deduplication  (cost=809..809 rows=1872)
            -> Filter: (sbtest5.id between 1621814 and 1622813)  (cost=378 rows=1872)
                -> Index range scan on sbtest5 using PRIMARY over (1621814 <= id <= 1622813)  (cost=378 rows=1872)


table 6 : explain SELECT DISTINCT c FROM sbtest6 WHERE id BETWEEN 3952796 AND 3953795 ORDER BY c
	-> Sort: sbtest6.c
    -> Table scan on <temporary>  (cost=794..820 rows=1838)
        -> Temporary table with deduplication  (cost=794..794 rows=1838)
            -> Filter: (sbtest6.id between 3952796 and 3953795)  (cost=371 rows=1838)
                -> Index range scan on sbtest6 using PRIMARY over (3952796 <= id <= 3953795)  (cost=371 rows=1838)


table 7 : explain SELECT DISTINCT c FROM sbtest7 WHERE id BETWEEN 8811933 AND 8812932 ORDER BY c
	-> Sort: sbtest7.c
    -> Table scan on <temporary>  (cost=794..820 rows=1838)
        -> Temporary table with deduplication  (cost=794..794 rows=1838)
            -> Filter: (sbtest7.id between 8811933 and 8812932)  (cost=371 rows=1838)
                -> Index range scan on sbtest7 using PRIMARY over (8811933 <= id <= 8812932)  (cost=371 rows=1838)


table 8 : explain SELECT DISTINCT c FROM sbtest8 WHERE id BETWEEN 3585316 AND 3586315 ORDER BY c
	-> Sort: sbtest8.c
    -> Table scan on <temporary>  (cost=794..820 rows=1838)
        -> Temporary table with deduplication  (cost=794..794 rows=1838)
            -> Filter: (sbtest8.id between 3585316 and 3586315)  (cost=371 rows=1838)
                -> Index range scan on sbtest8 using PRIMARY over (3585316 <= id <= 3586315)  (cost=371 rows=1838)


for: distinct_ranges
table 1 : explain SELECT DISTINCT c FROM sbtest1 WHERE id BETWEEN 4400554 AND 4401553 ORDER BY c
	-> Sort: sbtest1.c
    -> Table scan on <temporary>  (cost=809..835 rows=1872)
        -> Temporary table with deduplication  (cost=809..809 rows=1872)
            -> Filter: (sbtest1.id between 4400554 and 4401553)  (cost=378 rows=1872)
                -> Index range scan on sbtest1 using PRIMARY over (4400554 <= id <= 4401553)  (cost=378 rows=1872)


table 2 : explain SELECT DISTINCT c FROM sbtest2 WHERE id BETWEEN 5636779 AND 5637778 ORDER BY c
	-> Sort: sbtest2.c
    -> Table scan on <temporary>  (cost=794..820 rows=1838)
        -> Temporary table with deduplication  (cost=794..794 rows=1838)
            -> Filter: (sbtest2.id between 5636779 and 5637778)  (cost=371 rows=1838)
                -> Index range scan on sbtest2 using PRIMARY over (5636779 <= id <= 5637778)  (cost=371 rows=1838)


table 3 : explain SELECT DISTINCT c FROM sbtest3 WHERE id BETWEEN 2700314 AND 2701313 ORDER BY c
	-> Sort: sbtest3.c
    -> Table scan on <temporary>  (cost=809..835 rows=1872)
        -> Temporary table with deduplication  (cost=809..809 rows=1872)
            -> Filter: (sbtest3.id between 2700314 and 2701313)  (cost=378 rows=1872)
                -> Index range scan on sbtest3 using PRIMARY over (2700314 <= id <= 2701313)  (cost=378 rows=1872)


table 4 : explain SELECT DISTINCT c FROM sbtest4 WHERE id BETWEEN 4383599 AND 4384598 ORDER BY c
	-> Sort: sbtest4.c
    -> Table scan on <temporary>  (cost=794..820 rows=1838)
        -> Temporary table with deduplication  (cost=794..794 rows=1838)
            -> Filter: (sbtest4.id between 4383599 and 4384598)  (cost=371 rows=1838)
                -> Index range scan on sbtest4 using PRIMARY over (4383599 <= id <= 4384598)  (cost=371 rows=1838)


table 5 : explain SELECT DISTINCT c FROM sbtest5 WHERE id BETWEEN 1244123 AND 1245122 ORDER BY c
	-> Sort: sbtest5.c
    -> Table scan on <temporary>  (cost=809..835 rows=1872)
        -> Temporary table with deduplication  (cost=809..809 rows=1872)
            -> Filter: (sbtest5.id between 1244123 and 1245122)  (cost=378 rows=1872)
                -> Index range scan on sbtest5 using PRIMARY over (1244123 <= id <= 1245122)  (cost=378 rows=1872)


table 6 : explain SELECT DISTINCT c FROM sbtest6 WHERE id BETWEEN 566427 AND 567426 ORDER BY c
	-> Sort: sbtest6.c
    -> Table scan on <temporary>  (cost=794..820 rows=1838)
        -> Temporary table with deduplication  (cost=794..794 rows=1838)
            -> Filter: (sbtest6.id between 566427 and 567426)  (cost=371 rows=1838)
                -> Index range scan on sbtest6 using PRIMARY over (566427 <= id <= 567426)  (cost=371 rows=1838)


table 7 : explain SELECT DISTINCT c FROM sbtest7 WHERE id BETWEEN 3806909 AND 3807908 ORDER BY c
	-> Sort: sbtest7.c
    -> Table scan on <temporary>  (cost=794..820 rows=1838)
        -> Temporary table with deduplication  (cost=794..794 rows=1838)
            -> Filter: (sbtest7.id between 3806909 and 3807908)  (cost=371 rows=1838)
                -> Index range scan on sbtest7 using PRIMARY over (3806909 <= id <= 3807908)  (cost=371 rows=1838)


table 8 : explain SELECT DISTINCT c FROM sbtest8 WHERE id BETWEEN 3010432 AND 3011431 ORDER BY c
	-> Sort: sbtest8.c
    -> Table scan on <temporary>  (cost=809..835 rows=1872)
        -> Temporary table with deduplication  (cost=809..809 rows=1872)
            -> Filter: (sbtest8.id between 3010432 and 3011431)  (cost=378 rows=1872)
                -> Index range scan on sbtest8 using PRIMARY over (3010432 <= id <= 3011431)  (cost=378 rows=1872)


for: distinct_ranges
table 1 : explain SELECT DISTINCT c FROM sbtest1 WHERE id BETWEEN 1134912 AND 1135911 ORDER BY c
	-> Sort: sbtest1.c
    -> Table scan on <temporary>  (cost=809..835 rows=1872)
        -> Temporary table with deduplication  (cost=809..809 rows=1872)
            -> Filter: (sbtest1.id between 1134912 and 1135911)  (cost=378 rows=1872)
                -> Index range scan on sbtest1 using PRIMARY over (1134912 <= id <= 1135911)  (cost=378 rows=1872)


table 2 : explain SELECT DISTINCT c FROM sbtest2 WHERE id BETWEEN 790954 AND 791953 ORDER BY c
	-> Sort: sbtest2.c
    -> Table scan on <temporary>  (cost=794..820 rows=1838)
        -> Temporary table with deduplication  (cost=794..794 rows=1838)
            -> Filter: (sbtest2.id between 790954 and 791953)  (cost=371 rows=1838)
                -> Index range scan on sbtest2 using PRIMARY over (790954 <= id <= 791953)  (cost=371 rows=1838)


table 3 : explain SELECT DISTINCT c FROM sbtest3 WHERE id BETWEEN 4572093 AND 4573092 ORDER BY c
	-> Sort: sbtest3.c
    -> Table scan on <temporary>  (cost=794..820 rows=1838)
        -> Temporary table with deduplication  (cost=794..794 rows=1838)
            -> Filter: (sbtest3.id between 4572093 and 4573092)  (cost=371 rows=1838)
                -> Index range scan on sbtest3 using PRIMARY over (4572093 <= id <= 4573092)  (cost=371 rows=1838)


table 4 : explain SELECT DISTINCT c FROM sbtest4 WHERE id BETWEEN 1107897 AND 1108896 ORDER BY c
	-> Sort: sbtest4.c
    -> Table scan on <temporary>  (cost=809..835 rows=1872)
        -> Temporary table with deduplication  (cost=809..809 rows=1872)
            -> Filter: (sbtest4.id between 1107897 and 1108896)  (cost=378 rows=1872)
                -> Index range scan on sbtest4 using PRIMARY over (1107897 <= id <= 1108896)  (cost=378 rows=1872)


table 5 : explain SELECT DISTINCT c FROM sbtest5 WHERE id BETWEEN 8819057 AND 8820056 ORDER BY c
	-> Sort: sbtest5.c
    -> Table scan on <temporary>  (cost=794..820 rows=1838)
        -> Temporary table with deduplication  (cost=794..794 rows=1838)
            -> Filter: (sbtest5.id between 8819057 and 8820056)  (cost=371 rows=1838)
                -> Index range scan on sbtest5 using PRIMARY over (8819057 <= id <= 8820056)  (cost=371 rows=1838)


table 6 : explain SELECT DISTINCT c FROM sbtest6 WHERE id BETWEEN 7694619 AND 7695618 ORDER BY c
	-> Sort: sbtest6.c
    -> Table scan on <temporary>  (cost=809..835 rows=1872)
        -> Temporary table with deduplication  (cost=809..809 rows=1872)
            -> Filter: (sbtest6.id between 7694619 and 7695618)  (cost=378 rows=1872)
                -> Index range scan on sbtest6 using PRIMARY over (7694619 <= id <= 7695618)  (cost=378 rows=1872)


table 7 : explain SELECT DISTINCT c FROM sbtest7 WHERE id BETWEEN 7063507 AND 7064506 ORDER BY c
	-> Sort: sbtest7.c
    -> Table scan on <temporary>  (cost=794..820 rows=1838)
        -> Temporary table with deduplication  (cost=794..794 rows=1838)
            -> Filter: (sbtest7.id between 7063507 and 7064506)  (cost=371 rows=1838)
                -> Index range scan on sbtest7 using PRIMARY over (7063507 <= id <= 7064506)  (cost=371 rows=1838)


table 8 : explain SELECT DISTINCT c FROM sbtest8 WHERE id BETWEEN 2863746 AND 2864745 ORDER BY c
	-> Sort: sbtest8.c
    -> Table scan on <temporary>  (cost=794..820 rows=1838)
        -> Temporary table with deduplication  (cost=794..794 rows=1838)
            -> Filter: (sbtest8.id between 2863746 and 2864745)  (cost=371 rows=1838)
                -> Index range scan on sbtest8 using PRIMARY over (2863746 <= id <= 2864745)  (cost=371 rows=1838)


for: distinct_ranges
table 1 : explain SELECT DISTINCT c FROM sbtest1 WHERE id BETWEEN 4541214 AND 4542213 ORDER BY c
	-> Sort: sbtest1.c
    -> Table scan on <temporary>  (cost=794..820 rows=1838)
        -> Temporary table with deduplication  (cost=794..794 rows=1838)
            -> Filter: (sbtest1.id between 4541214 and 4542213)  (cost=371 rows=1838)
                -> Index range scan on sbtest1 using PRIMARY over (4541214 <= id <= 4542213)  (cost=371 rows=1838)


table 2 : explain SELECT DISTINCT c FROM sbtest2 WHERE id BETWEEN 4263905 AND 4264904 ORDER BY c
	-> Sort: sbtest2.c
    -> Table scan on <temporary>  (cost=809..835 rows=1872)
        -> Temporary table with deduplication  (cost=809..809 rows=1872)
            -> Filter: (sbtest2.id between 4263905 and 4264904)  (cost=378 rows=1872)
                -> Index range scan on sbtest2 using PRIMARY over (4263905 <= id <= 4264904)  (cost=378 rows=1872)


table 3 : explain SELECT DISTINCT c FROM sbtest3 WHERE id BETWEEN 1105139 AND 1106138 ORDER BY c
	-> Sort: sbtest3.c
    -> Table scan on <temporary>  (cost=794..820 rows=1838)
        -> Temporary table with deduplication  (cost=794..794 rows=1838)
            -> Filter: (sbtest3.id between 1105139 and 1106138)  (cost=371 rows=1838)
                -> Index range scan on sbtest3 using PRIMARY over (1105139 <= id <= 1106138)  (cost=371 rows=1838)


table 4 : explain SELECT DISTINCT c FROM sbtest4 WHERE id BETWEEN 6732567 AND 6733566 ORDER BY c
	-> Sort: sbtest4.c
    -> Table scan on <temporary>  (cost=794..820 rows=1838)
        -> Temporary table with deduplication  (cost=794..794 rows=1838)
            -> Filter: (sbtest4.id between 6732567 and 6733566)  (cost=371 rows=1838)
                -> Index range scan on sbtest4 using PRIMARY over (6732567 <= id <= 6733566)  (cost=371 rows=1838)


table 5 : explain SELECT DISTINCT c FROM sbtest5 WHERE id BETWEEN 6182672 AND 6183671 ORDER BY c
	-> Sort: sbtest5.c
    -> Table scan on <temporary>  (cost=794..820 rows=1838)
        -> Temporary table with deduplication  (cost=794..794 rows=1838)
            -> Filter: (sbtest5.id between 6182672 and 6183671)  (cost=371 rows=1838)
                -> Index range scan on sbtest5 using PRIMARY over (6182672 <= id <= 6183671)  (cost=371 rows=1838)


table 6 : explain SELECT DISTINCT c FROM sbtest6 WHERE id BETWEEN 1124796 AND 1125795 ORDER BY c
	-> Sort: sbtest6.c
    -> Table scan on <temporary>  (cost=794..820 rows=1838)
        -> Temporary table with deduplication  (cost=794..794 rows=1838)
            -> Filter: (sbtest6.id between 1124796 and 1125795)  (cost=371 rows=1838)
                -> Index range scan on sbtest6 using PRIMARY over (1124796 <= id <= 1125795)  (cost=371 rows=1838)


table 7 : explain SELECT DISTINCT c FROM sbtest7 WHERE id BETWEEN 6181029 AND 6182028 ORDER BY c
	-> Sort: sbtest7.c
    -> Table scan on <temporary>  (cost=809..835 rows=1872)
        -> Temporary table with deduplication  (cost=809..809 rows=1872)
            -> Filter: (sbtest7.id between 6181029 and 6182028)  (cost=378 rows=1872)
                -> Index range scan on sbtest7 using PRIMARY over (6181029 <= id <= 6182028)  (cost=378 rows=1872)


table 8 : explain SELECT DISTINCT c FROM sbtest8 WHERE id BETWEEN 2662629 AND 2663628 ORDER BY c
	-> Sort: sbtest8.c
    -> Table scan on <temporary>  (cost=794..820 rows=1838)
        -> Temporary table with deduplication  (cost=794..794 rows=1838)
            -> Filter: (sbtest8.id between 2662629 and 2663628)  (cost=371 rows=1838)
                -> Index range scan on sbtest8 using PRIMARY over (2662629 <= id <= 2663628)  (cost=371 rows=1838)


for: distinct_ranges
table 1 : explain SELECT DISTINCT c FROM sbtest1 WHERE id BETWEEN 8122854 AND 8123853 ORDER BY c
	-> Sort: sbtest1.c
    -> Table scan on <temporary>  (cost=794..820 rows=1838)
        -> Temporary table with deduplication  (cost=794..794 rows=1838)
            -> Filter: (sbtest1.id between 8122854 and 8123853)  (cost=371 rows=1838)
                -> Index range scan on sbtest1 using PRIMARY over (8122854 <= id <= 8123853)  (cost=371 rows=1838)


table 2 : explain SELECT DISTINCT c FROM sbtest2 WHERE id BETWEEN 8947454 AND 8948453 ORDER BY c
	-> Sort: sbtest2.c
    -> Table scan on <temporary>  (cost=794..820 rows=1838)
        -> Temporary table with deduplication  (cost=794..794 rows=1838)
            -> Filter: (sbtest2.id between 8947454 and 8948453)  (cost=371 rows=1838)
                -> Index range scan on sbtest2 using PRIMARY over (8947454 <= id <= 8948453)  (cost=371 rows=1838)


table 3 : explain SELECT DISTINCT c FROM sbtest3 WHERE id BETWEEN 7330217 AND 7331216 ORDER BY c
	-> Sort: sbtest3.c
    -> Table scan on <temporary>  (cost=794..820 rows=1838)
        -> Temporary table with deduplication  (cost=794..794 rows=1838)
            -> Filter: (sbtest3.id between 7330217 and 7331216)  (cost=371 rows=1838)
                -> Index range scan on sbtest3 using PRIMARY over (7330217 <= id <= 7331216)  (cost=371 rows=1838)


table 4 : explain SELECT DISTINCT c FROM sbtest4 WHERE id BETWEEN 1464873 AND 1465872 ORDER BY c
	-> Sort: sbtest4.c
    -> Table scan on <temporary>  (cost=809..835 rows=1872)
        -> Temporary table with deduplication  (cost=809..809 rows=1872)
            -> Filter: (sbtest4.id between 1464873 and 1465872)  (cost=378 rows=1872)
                -> Index range scan on sbtest4 using PRIMARY over (1464873 <= id <= 1465872)  (cost=378 rows=1872)


table 5 : explain SELECT DISTINCT c FROM sbtest5 WHERE id BETWEEN 250593 AND 251592 ORDER BY c
	-> Sort: sbtest5.c
    -> Table scan on <temporary>  (cost=809..835 rows=1872)
        -> Temporary table with deduplication  (cost=809..809 rows=1872)
            -> Filter: (sbtest5.id between 250593 and 251592)  (cost=378 rows=1872)
                -> Index range scan on sbtest5 using PRIMARY over (250593 <= id <= 251592)  (cost=378 rows=1872)


table 6 : explain SELECT DISTINCT c FROM sbtest6 WHERE id BETWEEN 3315140 AND 3316139 ORDER BY c
	-> Sort: sbtest6.c
    -> Table scan on <temporary>  (cost=794..820 rows=1838)
        -> Temporary table with deduplication  (cost=794..794 rows=1838)
            -> Filter: (sbtest6.id between 3315140 and 3316139)  (cost=371 rows=1838)
                -> Index range scan on sbtest6 using PRIMARY over (3315140 <= id <= 3316139)  (cost=371 rows=1838)


table 7 : explain SELECT DISTINCT c FROM sbtest7 WHERE id BETWEEN 2885879 AND 2886878 ORDER BY c
	-> Sort: sbtest7.c
    -> Table scan on <temporary>  (cost=809..835 rows=1872)
        -> Temporary table with deduplication  (cost=809..809 rows=1872)
            -> Filter: (sbtest7.id between 2885879 and 2886878)  (cost=378 rows=1872)
                -> Index range scan on sbtest7 using PRIMARY over (2885879 <= id <= 2886878)  (cost=378 rows=1872)


table 8 : explain SELECT DISTINCT c FROM sbtest8 WHERE id BETWEEN 8722870 AND 8723869 ORDER BY c
	-> Sort: sbtest8.c
    -> Table scan on <temporary>  (cost=794..820 rows=1838)
        -> Temporary table with deduplication  (cost=794..794 rows=1838)
            -> Filter: (sbtest8.id between 8722870 and 8723869)  (cost=371 rows=1838)
                -> Index range scan on sbtest8 using PRIMARY over (8722870 <= id <= 8723869)  (cost=371 rows=1838)


for: distinct_ranges
table 1 : explain SELECT DISTINCT c FROM sbtest1 WHERE id BETWEEN 1336924 AND 1337923 ORDER BY c
	-> Sort: sbtest1.c
    -> Table scan on <temporary>  (cost=794..820 rows=1838)
        -> Temporary table with deduplication  (cost=794..794 rows=1838)
            -> Filter: (sbtest1.id between 1336924 and 1337923)  (cost=371 rows=1838)
                -> Index range scan on sbtest1 using PRIMARY over (1336924 <= id <= 1337923)  (cost=371 rows=1838)


table 2 : explain SELECT DISTINCT c FROM sbtest2 WHERE id BETWEEN 8700075 AND 8701074 ORDER BY c
	-> Sort: sbtest2.c
    -> Table scan on <temporary>  (cost=794..820 rows=1838)
        -> Temporary table with deduplication  (cost=794..794 rows=1838)
            -> Filter: (sbtest2.id between 8700075 and 8701074)  (cost=371 rows=1838)
                -> Index range scan on sbtest2 using PRIMARY over (8700075 <= id <= 8701074)  (cost=371 rows=1838)


table 3 : explain SELECT DISTINCT c FROM sbtest3 WHERE id BETWEEN 4257867 AND 4258866 ORDER BY c
	-> Sort: sbtest3.c
    -> Table scan on <temporary>  (cost=794..820 rows=1838)
        -> Temporary table with deduplication  (cost=794..794 rows=1838)
            -> Filter: (sbtest3.id between 4257867 and 4258866)  (cost=371 rows=1838)
                -> Index range scan on sbtest3 using PRIMARY over (4257867 <= id <= 4258866)  (cost=371 rows=1838)


table 4 : explain SELECT DISTINCT c FROM sbtest4 WHERE id BETWEEN 7572856 AND 7573855 ORDER BY c
	-> Sort: sbtest4.c
    -> Table scan on <temporary>  (cost=809..835 rows=1872)
        -> Temporary table with deduplication  (cost=809..809 rows=1872)
            -> Filter: (sbtest4.id between 7572856 and 7573855)  (cost=378 rows=1872)
                -> Index range scan on sbtest4 using PRIMARY over (7572856 <= id <= 7573855)  (cost=378 rows=1872)


table 5 : explain SELECT DISTINCT c FROM sbtest5 WHERE id BETWEEN 5369808 AND 5370807 ORDER BY c
	-> Sort: sbtest5.c
    -> Table scan on <temporary>  (cost=794..820 rows=1838)
        -> Temporary table with deduplication  (cost=794..794 rows=1838)
            -> Filter: (sbtest5.id between 5369808 and 5370807)  (cost=371 rows=1838)
                -> Index range scan on sbtest5 using PRIMARY over (5369808 <= id <= 5370807)  (cost=371 rows=1838)


table 6 : explain SELECT DISTINCT c FROM sbtest6 WHERE id BETWEEN 2863019 AND 2864018 ORDER BY c
	-> Sort: sbtest6.c
    -> Table scan on <temporary>  (cost=794..820 rows=1838)
        -> Temporary table with deduplication  (cost=794..794 rows=1838)
            -> Filter: (sbtest6.id between 2863019 and 2864018)  (cost=371 rows=1838)
                -> Index range scan on sbtest6 using PRIMARY over (2863019 <= id <= 2864018)  (cost=371 rows=1838)


table 7 : explain SELECT DISTINCT c FROM sbtest7 WHERE id BETWEEN 8109600 AND 8110599 ORDER BY c
	-> Sort: sbtest7.c
    -> Table scan on <temporary>  (cost=794..820 rows=1838)
        -> Temporary table with deduplication  (cost=794..794 rows=1838)
            -> Filter: (sbtest7.id between 8109600 and 8110599)  (cost=371 rows=1838)
                -> Index range scan on sbtest7 using PRIMARY over (8109600 <= id <= 8110599)  (cost=371 rows=1838)


table 8 : explain SELECT DISTINCT c FROM sbtest8 WHERE id BETWEEN 8534683 AND 8535682 ORDER BY c
	-> Sort: sbtest8.c
    -> Table scan on <temporary>  (cost=794..820 rows=1838)
        -> Temporary table with deduplication  (cost=794..794 rows=1838)
            -> Filter: (sbtest8.id between 8534683 and 8535682)  (cost=371 rows=1838)
                -> Index range scan on sbtest8 using PRIMARY over (8534683 <= id <= 8535682)  (cost=371 rows=1838)


for: distinct_ranges
table 1 : explain SELECT DISTINCT c FROM sbtest1 WHERE id BETWEEN 7119262 AND 7120261 ORDER BY c
	-> Sort: sbtest1.c
    -> Table scan on <temporary>  (cost=794..820 rows=1838)
        -> Temporary table with deduplication  (cost=794..794 rows=1838)
            -> Filter: (sbtest1.id between 7119262 and 7120261)  (cost=371 rows=1838)
                -> Index range scan on sbtest1 using PRIMARY over (7119262 <= id <= 7120261)  (cost=371 rows=1838)


table 2 : explain SELECT DISTINCT c FROM sbtest2 WHERE id BETWEEN 6197354 AND 6198353 ORDER BY c
	-> Sort: sbtest2.c
    -> Table scan on <temporary>  (cost=794..820 rows=1838)
        -> Temporary table with deduplication  (cost=794..794 rows=1838)
            -> Filter: (sbtest2.id between 6197354 and 6198353)  (cost=371 rows=1838)
                -> Index range scan on sbtest2 using PRIMARY over (6197354 <= id <= 6198353)  (cost=371 rows=1838)


table 3 : explain SELECT DISTINCT c FROM sbtest3 WHERE id BETWEEN 1291948 AND 1292947 ORDER BY c
	-> Sort: sbtest3.c
    -> Table scan on <temporary>  (cost=794..820 rows=1838)
        -> Temporary table with deduplication  (cost=794..794 rows=1838)
            -> Filter: (sbtest3.id between 1291948 and 1292947)  (cost=371 rows=1838)
                -> Index range scan on sbtest3 using PRIMARY over (1291948 <= id <= 1292947)  (cost=371 rows=1838)


table 4 : explain SELECT DISTINCT c FROM sbtest4 WHERE id BETWEEN 2897098 AND 2898097 ORDER BY c
	-> Sort: sbtest4.c
    -> Table scan on <temporary>  (cost=794..820 rows=1838)
        -> Temporary table with deduplication  (cost=794..794 rows=1838)
            -> Filter: (sbtest4.id between 2897098 and 2898097)  (cost=371 rows=1838)
                -> Index range scan on sbtest4 using PRIMARY over (2897098 <= id <= 2898097)  (cost=371 rows=1838)


table 5 : explain SELECT DISTINCT c FROM sbtest5 WHERE id BETWEEN 5926938 AND 5927937 ORDER BY c
	-> Sort: sbtest5.c
    -> Table scan on <temporary>  (cost=794..820 rows=1838)
        -> Temporary table with deduplication  (cost=794..794 rows=1838)
            -> Filter: (sbtest5.id between 5926938 and 5927937)  (cost=371 rows=1838)
                -> Index range scan on sbtest5 using PRIMARY over (5926938 <= id <= 5927937)  (cost=371 rows=1838)


table 6 : explain SELECT DISTINCT c FROM sbtest6 WHERE id BETWEEN 1622037 AND 1623036 ORDER BY c
	-> Sort: sbtest6.c
    -> Table scan on <temporary>  (cost=809..835 rows=1872)
        -> Temporary table with deduplication  (cost=809..809 rows=1872)
            -> Filter: (sbtest6.id between 1622037 and 1623036)  (cost=378 rows=1872)
                -> Index range scan on sbtest6 using PRIMARY over (1622037 <= id <= 1623036)  (cost=378 rows=1872)


table 7 : explain SELECT DISTINCT c FROM sbtest7 WHERE id BETWEEN 2457130 AND 2458129 ORDER BY c
	-> Sort: sbtest7.c
    -> Table scan on <temporary>  (cost=794..820 rows=1838)
        -> Temporary table with deduplication  (cost=794..794 rows=1838)
            -> Filter: (sbtest7.id between 2457130 and 2458129)  (cost=371 rows=1838)
                -> Index range scan on sbtest7 using PRIMARY over (2457130 <= id <= 2458129)  (cost=371 rows=1838)


table 8 : explain SELECT DISTINCT c FROM sbtest8 WHERE id BETWEEN 27647 AND 28646 ORDER BY c
	-> Sort: sbtest8.c
    -> Table scan on <temporary>  (cost=809..835 rows=1872)
        -> Temporary table with deduplication  (cost=809..809 rows=1872)
            -> Filter: (sbtest8.id between 27647 and 28646)  (cost=378 rows=1872)
                -> Index range scan on sbtest8 using PRIMARY over (27647 <= id <= 28646)  (cost=378 rows=1872)


for: distinct_ranges
table 1 : explain SELECT DISTINCT c FROM sbtest1 WHERE id BETWEEN 5793083 AND 5794082 ORDER BY c
	-> Sort: sbtest1.c
    -> Table scan on <temporary>  (cost=794..820 rows=1838)
        -> Temporary table with deduplication  (cost=794..794 rows=1838)
            -> Filter: (sbtest1.id between 5793083 and 5794082)  (cost=371 rows=1838)
                -> Index range scan on sbtest1 using PRIMARY over (5793083 <= id <= 5794082)  (cost=371 rows=1838)


table 2 : explain SELECT DISTINCT c FROM sbtest2 WHERE id BETWEEN 5800780 AND 5801779 ORDER BY c
	-> Sort: sbtest2.c
    -> Table scan on <temporary>  (cost=809..835 rows=1872)
        -> Temporary table with deduplication  (cost=809..809 rows=1872)
            -> Filter: (sbtest2.id between 5800780 and 5801779)  (cost=378 rows=1872)
                -> Index range scan on sbtest2 using PRIMARY over (5800780 <= id <= 5801779)  (cost=378 rows=1872)


table 3 : explain SELECT DISTINCT c FROM sbtest3 WHERE id BETWEEN 3970637 AND 3971636 ORDER BY c
	-> Sort: sbtest3.c
    -> Table scan on <temporary>  (cost=794..820 rows=1838)
        -> Temporary table with deduplication  (cost=794..794 rows=1838)
            -> Filter: (sbtest3.id between 3970637 and 3971636)  (cost=371 rows=1838)
                -> Index range scan on sbtest3 using PRIMARY over (3970637 <= id <= 3971636)  (cost=371 rows=1838)


table 4 : explain SELECT DISTINCT c FROM sbtest4 WHERE id BETWEEN 2954767 AND 2955766 ORDER BY c
	-> Sort: sbtest4.c
    -> Table scan on <temporary>  (cost=794..820 rows=1838)
        -> Temporary table with deduplication  (cost=794..794 rows=1838)
            -> Filter: (sbtest4.id between 2954767 and 2955766)  (cost=371 rows=1838)
                -> Index range scan on sbtest4 using PRIMARY over (2954767 <= id <= 2955766)  (cost=371 rows=1838)


table 5 : explain SELECT DISTINCT c FROM sbtest5 WHERE id BETWEEN 753186 AND 754185 ORDER BY c
	-> Sort: sbtest5.c
    -> Table scan on <temporary>  (cost=809..835 rows=1872)
        -> Temporary table with deduplication  (cost=809..809 rows=1872)
            -> Filter: (sbtest5.id between 753186 and 754185)  (cost=378 rows=1872)
                -> Index range scan on sbtest5 using PRIMARY over (753186 <= id <= 754185)  (cost=378 rows=1872)


table 6 : explain SELECT DISTINCT c FROM sbtest6 WHERE id BETWEEN 1954831 AND 1955830 ORDER BY c
	-> Sort: sbtest6.c
    -> Table scan on <temporary>  (cost=795..821 rows=1840)
        -> Temporary table with deduplication  (cost=795..795 rows=1840)
            -> Filter: (sbtest6.id between 1954831 and 1955830)  (cost=371 rows=1840)
                -> Index range scan on sbtest6 using PRIMARY over (1954831 <= id <= 1955830)  (cost=371 rows=1840)


table 7 : explain SELECT DISTINCT c FROM sbtest7 WHERE id BETWEEN 7685256 AND 7686255 ORDER BY c
	-> Sort: sbtest7.c
    -> Table scan on <temporary>  (cost=794..820 rows=1838)
        -> Temporary table with deduplication  (cost=794..794 rows=1838)
            -> Filter: (sbtest7.id between 7685256 and 7686255)  (cost=371 rows=1838)
                -> Index range scan on sbtest7 using PRIMARY over (7685256 <= id <= 7686255)  (cost=371 rows=1838)


table 8 : explain SELECT DISTINCT c FROM sbtest8 WHERE id BETWEEN 2178761 AND 2179760 ORDER BY c
	-> Sort: sbtest8.c
    -> Table scan on <temporary>  (cost=794..820 rows=1838)
        -> Temporary table with deduplication  (cost=794..794 rows=1838)
            -> Filter: (sbtest8.id between 2178761 and 2179760)  (cost=371 rows=1838)
                -> Index range scan on sbtest8 using PRIMARY over (2178761 <= id <= 2179760)  (cost=371 rows=1838)


for: distinct_ranges
table 1 : explain SELECT DISTINCT c FROM sbtest1 WHERE id BETWEEN 419988 AND 420987 ORDER BY c
	-> Sort: sbtest1.c
    -> Table scan on <temporary>  (cost=794..820 rows=1838)
        -> Temporary table with deduplication  (cost=794..794 rows=1838)
            -> Filter: (sbtest1.id between 419988 and 420987)  (cost=371 rows=1838)
                -> Index range scan on sbtest1 using PRIMARY over (419988 <= id <= 420987)  (cost=371 rows=1838)


table 2 : explain SELECT DISTINCT c FROM sbtest2 WHERE id BETWEEN 644538 AND 645537 ORDER BY c
	-> Sort: sbtest2.c
    -> Table scan on <temporary>  (cost=794..820 rows=1838)
        -> Temporary table with deduplication  (cost=794..794 rows=1838)
            -> Filter: (sbtest2.id between 644538 and 645537)  (cost=371 rows=1838)
                -> Index range scan on sbtest2 using PRIMARY over (644538 <= id <= 645537)  (cost=371 rows=1838)


table 3 : explain SELECT DISTINCT c FROM sbtest3 WHERE id BETWEEN 4538903 AND 4539902 ORDER BY c
	-> Sort: sbtest3.c
    -> Table scan on <temporary>  (cost=809..835 rows=1872)
        -> Temporary table with deduplication  (cost=809..809 rows=1872)
            -> Filter: (sbtest3.id between 4538903 and 4539902)  (cost=378 rows=1872)
                -> Index range scan on sbtest3 using PRIMARY over (4538903 <= id <= 4539902)  (cost=378 rows=1872)


table 4 : explain SELECT DISTINCT c FROM sbtest4 WHERE id BETWEEN 5333078 AND 5334077 ORDER BY c
	-> Sort: sbtest4.c
    -> Table scan on <temporary>  (cost=794..820 rows=1838)
        -> Temporary table with deduplication  (cost=794..794 rows=1838)
            -> Filter: (sbtest4.id between 5333078 and 5334077)  (cost=371 rows=1838)
                -> Index range scan on sbtest4 using PRIMARY over (5333078 <= id <= 5334077)  (cost=371 rows=1838)


table 5 : explain SELECT DISTINCT c FROM sbtest5 WHERE id BETWEEN 9689230 AND 9690229 ORDER BY c
	-> Sort: sbtest5.c
    -> Table scan on <temporary>  (cost=794..820 rows=1838)
        -> Temporary table with deduplication  (cost=794..794 rows=1838)
            -> Filter: (sbtest5.id between 9689230 and 9690229)  (cost=371 rows=1838)
                -> Index range scan on sbtest5 using PRIMARY over (9689230 <= id <= 9690229)  (cost=371 rows=1838)


table 6 : explain SELECT DISTINCT c FROM sbtest6 WHERE id BETWEEN 1811256 AND 1812255 ORDER BY c
	-> Sort: sbtest6.c
    -> Table scan on <temporary>  (cost=809..835 rows=1872)
        -> Temporary table with deduplication  (cost=809..809 rows=1872)
            -> Filter: (sbtest6.id between 1811256 and 1812255)  (cost=378 rows=1872)
                -> Index range scan on sbtest6 using PRIMARY over (1811256 <= id <= 1812255)  (cost=378 rows=1872)


table 7 : explain SELECT DISTINCT c FROM sbtest7 WHERE id BETWEEN 1063292 AND 1064291 ORDER BY c
	-> Sort: sbtest7.c
    -> Table scan on <temporary>  (cost=809..835 rows=1872)
        -> Temporary table with deduplication  (cost=809..809 rows=1872)
            -> Filter: (sbtest7.id between 1063292 and 1064291)  (cost=378 rows=1872)
                -> Index range scan on sbtest7 using PRIMARY over (1063292 <= id <= 1064291)  (cost=378 rows=1872)


table 8 : explain SELECT DISTINCT c FROM sbtest8 WHERE id BETWEEN 7847498 AND 7848497 ORDER BY c
	-> Sort: sbtest8.c
    -> Table scan on <temporary>  (cost=794..820 rows=1838)
        -> Temporary table with deduplication  (cost=794..794 rows=1838)
            -> Filter: (sbtest8.id between 7847498 and 7848497)  (cost=371 rows=1838)
                -> Index range scan on sbtest8 using PRIMARY over (7847498 <= id <= 7848497)  (cost=371 rows=1838)


for: distinct_ranges
table 1 : explain SELECT DISTINCT c FROM sbtest1 WHERE id BETWEEN 2113060 AND 2114059 ORDER BY c
	-> Sort: sbtest1.c
    -> Table scan on <temporary>  (cost=794..820 rows=1838)
        -> Temporary table with deduplication  (cost=794..794 rows=1838)
            -> Filter: (sbtest1.id between 2113060 and 2114059)  (cost=371 rows=1838)
                -> Index range scan on sbtest1 using PRIMARY over (2113060 <= id <= 2114059)  (cost=371 rows=1838)


table 2 : explain SELECT DISTINCT c FROM sbtest2 WHERE id BETWEEN 4297835 AND 4298834 ORDER BY c
	-> Sort: sbtest2.c
    -> Table scan on <temporary>  (cost=794..820 rows=1838)
        -> Temporary table with deduplication  (cost=794..794 rows=1838)
            -> Filter: (sbtest2.id between 4297835 and 4298834)  (cost=371 rows=1838)
                -> Index range scan on sbtest2 using PRIMARY over (4297835 <= id <= 4298834)  (cost=371 rows=1838)


table 3 : explain SELECT DISTINCT c FROM sbtest3 WHERE id BETWEEN 5167432 AND 5168431 ORDER BY c
	-> Sort: sbtest3.c
    -> Table scan on <temporary>  (cost=809..835 rows=1872)
        -> Temporary table with deduplication  (cost=809..809 rows=1872)
            -> Filter: (sbtest3.id between 5167432 and 5168431)  (cost=378 rows=1872)
                -> Index range scan on sbtest3 using PRIMARY over (5167432 <= id <= 5168431)  (cost=378 rows=1872)


table 4 : explain SELECT DISTINCT c FROM sbtest4 WHERE id BETWEEN 4267071 AND 4268070 ORDER BY c
	-> Sort: sbtest4.c
    -> Table scan on <temporary>  (cost=794..820 rows=1838)
        -> Temporary table with deduplication  (cost=794..794 rows=1838)
            -> Filter: (sbtest4.id between 4267071 and 4268070)  (cost=371 rows=1838)
                -> Index range scan on sbtest4 using PRIMARY over (4267071 <= id <= 4268070)  (cost=371 rows=1838)


table 5 : explain SELECT DISTINCT c FROM sbtest5 WHERE id BETWEEN 4027272 AND 4028271 ORDER BY c
	-> Sort: sbtest5.c
    -> Table scan on <temporary>  (cost=794..820 rows=1838)
        -> Temporary table with deduplication  (cost=794..794 rows=1838)
            -> Filter: (sbtest5.id between 4027272 and 4028271)  (cost=371 rows=1838)
                -> Index range scan on sbtest5 using PRIMARY over (4027272 <= id <= 4028271)  (cost=371 rows=1838)


table 6 : explain SELECT DISTINCT c FROM sbtest6 WHERE id BETWEEN 2067868 AND 2068867 ORDER BY c
	-> Sort: sbtest6.c
    -> Table scan on <temporary>  (cost=794..820 rows=1838)
        -> Temporary table with deduplication  (cost=794..794 rows=1838)
            -> Filter: (sbtest6.id between 2067868 and 2068867)  (cost=371 rows=1838)
                -> Index range scan on sbtest6 using PRIMARY over (2067868 <= id <= 2068867)  (cost=371 rows=1838)


table 7 : explain SELECT DISTINCT c FROM sbtest7 WHERE id BETWEEN 6003415 AND 6004414 ORDER BY c
	-> Sort: sbtest7.c
    -> Table scan on <temporary>  (cost=809..835 rows=1872)
        -> Temporary table with deduplication  (cost=809..809 rows=1872)
            -> Filter: (sbtest7.id between 6003415 and 6004414)  (cost=378 rows=1872)
                -> Index range scan on sbtest7 using PRIMARY over (6003415 <= id <= 6004414)  (cost=378 rows=1872)


table 8 : explain SELECT DISTINCT c FROM sbtest8 WHERE id BETWEEN 178638 AND 179637 ORDER BY c
	-> Sort: sbtest8.c
    -> Table scan on <temporary>  (cost=794..820 rows=1838)
        -> Temporary table with deduplication  (cost=794..794 rows=1838)
            -> Filter: (sbtest8.id between 178638 and 179637)  (cost=371 rows=1838)
                -> Index range scan on sbtest8 using PRIMARY over (178638 <= id <= 179637)  (cost=371 rows=1838)


Threads started!

Warming up for 5 seconds...

SQL statistics:
    queries performed:
        read:                            199371170
        write:                           0
        other:                           36249322
        total:                           235620492
    transactions:                        18124681 (28768.68 per sec.)
    queries:                             235620492 (373992.29 per sec.)
    ignored errors:                      0      (0.00 per sec.)
    reconnects:                          0      (0.00 per sec.)

Throughput:
    events/s (eps):                      28768.6818
    time elapsed:                        630.0144s
    total number of events:              18124681

Latency (ms):
         min:                                    0.68
         avg:                                    1.39
         max:                                   24.84
         95th percentile:                        1.44
         sum:                             25181923.96

Threads fairness:
    events (avg/stddev):           453116.3250/1055.19
    execution time (avg/stddev):   629.5481/0.00

