LUA_PATH=/home/mdcallag/git/mytools/bench/sysbench.lua/lua/?.lua /home/mdcallag/git/mytools/bench/sysbench.lua/lua/sysbench --db-driver=mysql --range-size=10 --table-size=10000000 --tables=8 --threads=40 --events=0 --warmup-time=5 --time=630 /home/mdcallag/git/mytools/bench/sysbench.lua/lua/oltp_read_only.lua run --mysql-user=root --mysql-password=pw --mysql-host=127.0.0.1 --mysql-db=test --rand-type=uniform
48 CPUs
sysbench 1.1.0-9072687 (using bundled LuaJIT 2.1.0-beta3)

Running the test with following options:
Number of threads: 40
Warmup time: 5s
Initializing random number generator from current time


Initializing worker threads...

explain: for point_selects :: explain SELECT c FROM sbtest%u WHERE id=%u
explain: for point_selects :: explain SELECT c FROM sbtest%u WHERE id=%u
explain: for point_selects :: explain SELECT c FROM sbtest%u WHERE id=%u
explain: for point_selects :: explain SELECT c FROM sbtest%u WHERE id=%u
explain: for point_selects :: explain SELECT c FROM sbtest%u WHERE id=%u
explain: for point_selects :: explain SELECT c FROM sbtest%u WHERE id=%uexplain: for point_selects :: explain SELECT c FROM sbtest%u WHERE id=%u
explain: for point_selects :: explain SELECT c FROM sbtest%u WHERE id=%u
explain: for point_selects :: explain SELECT c FROM sbtest%u WHERE id=%u
explain: for point_selects :: explain SELECT c FROM sbtest%u WHERE id=%u
explain: for point_selects :: explain SELECT c FROM sbtest%u WHERE id=%u
explain: for point_selects :: explain SELECT c FROM sbtest%u WHERE id=%u
explain: for point_selects :: explain SELECT c FROM sbtest%u WHERE id=%u
explain: for point_selects :: explain SELECT c FROM sbtest%u WHERE id=%u
explain: for point_selects :: explain SELECT c FROM sbtest%u WHERE id=%u
explain: for point_selects :: explain SELECT c FROM sbtest%u WHERE id=%u
explain: for point_selects :: explain SELECT c FROM sbtest%u WHERE id=%u
explain: for point_selects :: explain SELECT c FROM sbtest%u WHERE id=%u
explain: for point_selects :: explain SELECT c FROM sbtest%u WHERE id=%u
explain: for point_selects :: explain SELECT c FROM sbtest%u WHERE id=%u
explain: for point_selects :: explain SELECT c FROM sbtest%u WHERE id=%u
for point_selects
table 1 : explain SELECT c FROM sbtest1 WHERE id=4576213
	-> Rows fetched before execution  (cost=0..0 rows=1)


table 2 : explain SELECT c FROM sbtest2 WHERE id=1483799
	-> Rows fetched before execution  (cost=0..0 rows=1)


table 3 : explain SELECT c FROM sbtest3 WHERE id=5863770
	-> Rows fetched before execution  (cost=0..0 rows=1)


table 4 : explain SELECT c FROM sbtest4 WHERE id=8106460
	-> Rows fetched before execution  (cost=0..0 rows=1)


table 5 : explain SELECT c FROM sbtest5 WHERE id=9309743
	-> Rows fetched before execution  (cost=0..0 rows=1)


table 6 : explain SELECT c FROM sbtest6 WHERE id=9399087
	-> Rows fetched before execution  (cost=0..0 rows=1)


table 7 : explain SELECT c FROM sbtest7 WHERE id=7777310
	-> Rows fetched before execution  (cost=0..0 rows=1)


table 8 : explain SELECT c FROM sbtest8 WHERE id=6137707
	-> Rows fetched before execution  (cost=0..0 rows=1)



explain: for point_selects :: explain SELECT c FROM sbtest%u WHERE id=%u
for point_selects
table 1 : explain SELECT c FROM sbtest1 WHERE id=4036826
	-> Rows fetched before execution  (cost=0..0 rows=1)


table 2 : explain SELECT c FROM sbtest2 WHERE id=1863050
	-> Rows fetched before execution  (cost=0..0 rows=1)


table 3 : explain SELECT c FROM sbtest3 WHERE id=3915285
	-> Rows fetched before execution  (cost=0..0 rows=1)


table 4 : explain SELECT c FROM sbtest4 WHERE id=8707096
	-> Rows fetched before execution  (cost=0..0 rows=1)


table 5 : explain SELECT c FROM sbtest5 WHERE id=1878468
	-> Rows fetched before execution  (cost=0..0 rows=1)


table 6 : explain SELECT c FROM sbtest6 WHERE id=5728202
	-> Rows fetched before execution  (cost=0..0 rows=1)


table 7 : explain SELECT c FROM sbtest7 WHERE id=9245030
	-> Rows fetched before execution  (cost=0..0 rows=1)


table 8 : explain SELECT c FROM sbtest8 WHERE id=2005974
	-> Rows fetched before execution  (cost=0..0 rows=1)


for point_selects
table 1 : explain SELECT c FROM sbtest1 WHERE id=6636109
	-> Rows fetched before execution  (cost=0..0 rows=1)


table 2 : explain SELECT c FROM sbtest2 WHERE id=1840584
	-> Rows fetched before execution  (cost=0..0 rows=1)


table 3 : explain SELECT c FROM sbtest3 WHERE id=8712726
	-> Rows fetched before execution  (cost=0..0 rows=1)


table 4 : explain SELECT c FROM sbtest4 WHERE id=6703819
	-> Rows fetched before execution  (cost=0..0 rows=1)


table 5 : explain SELECT c FROM sbtest5 WHERE id=5788437
	-> Rows fetched before execution  (cost=0..0 rows=1)


table 6 : explain SELECT c FROM sbtest6 WHERE id=2955401
	-> Rows fetched before execution  (cost=0..0 rows=1)


table 7 : explain SELECT c FROM sbtest7 WHERE id=6032902
	-> Rows fetched before execution  (cost=0..0 rows=1)


table 8 : explain SELECT c FROM sbtest8 WHERE id=3516303
	-> Rows fetched before execution  (cost=0..0 rows=1)


for point_selects
table 1 : explain SELECT c FROM sbtest1 WHERE id=7050615
	-> Rows fetched before execution  (cost=0..0 rows=1)


table 2 : explain SELECT c FROM sbtest2 WHERE id=8488953
	-> Rows fetched before execution  (cost=0..0 rows=1)


table 3 : explain SELECT c FROM sbtest3 WHERE id=7855833
	-> Rows fetched before execution  (cost=0..0 rows=1)


table 4 : explain SELECT c FROM sbtest4 WHERE id=1104744
	-> Rows fetched before execution  (cost=0..0 rows=1)


table 5 : explain SELECT c FROM sbtest5 WHERE id=3300360
	-> Rows fetched before execution  (cost=0..0 rows=1)


table 6 : explain SELECT c FROM sbtest6 WHERE id=5826630
	-> Rows fetched before execution  (cost=0..0 rows=1)


table 7 : explain SELECT c FROM sbtest7 WHERE id=3169683
	-> Rows fetched before execution  (cost=0..0 rows=1)


table 8 : explain SELECT c FROM sbtest8 WHERE id=2393308
	-> Rows fetched before execution  (cost=0..0 rows=1)


for point_selects
table 1 : explain SELECT c FROM sbtest1 WHERE id=7653327
	-> Rows fetched before execution  (cost=0..0 rows=1)


table 2 : explain SELECT c FROM sbtest2 WHERE id=6754016
	-> Rows fetched before execution  (cost=0..0 rows=1)


table 3 : explain SELECT c FROM sbtest3 WHERE id=8286612
	-> Rows fetched before execution  (cost=0..0 rows=1)


table 4 : explain SELECT c FROM sbtest4 WHERE id=2022414
	-> Rows fetched before execution  (cost=0..0 rows=1)


table 5 : explain SELECT c FROM sbtest5 WHERE id=4301536
	-> Rows fetched before execution  (cost=0..0 rows=1)


table 6 : explain SELECT c FROM sbtest6 WHERE id=4418388
	-> Rows fetched before execution  (cost=0..0 rows=1)


table 7 : explain SELECT c FROM sbtest7 WHERE id=711431
	-> Rows fetched before execution  (cost=0..0 rows=1)


table 8 : explain SELECT c FROM sbtest8 WHERE id=3115558
	-> Rows fetched before execution  (cost=0..0 rows=1)


for point_selects
table 1 : explain SELECT c FROM sbtest1 WHERE id=3193365
	-> Rows fetched before execution  (cost=0..0 rows=1)


table 2 : explain SELECT c FROM sbtest2 WHERE id=2839565
	-> Rows fetched before execution  (cost=0..0 rows=1)


table 3 : explain SELECT c FROM sbtest3 WHERE id=5272291
	-> Rows fetched before execution  (cost=0..0 rows=1)


table 4 : explain SELECT c FROM sbtest4 WHERE id=7556576
	-> Rows fetched before execution  (cost=0..0 rows=1)


table 5 : explain SELECT c FROM sbtest5 WHERE id=5231160
	-> Rows fetched before execution  (cost=0..0 rows=1)


table 6 : explain SELECT c FROM sbtest6 WHERE id=6398333
	-> Rows fetched before execution  (cost=0..0 rows=1)


table 7 : explain SELECT c FROM sbtest7 WHERE id=6410608
	-> Rows fetched before execution  (cost=0..0 rows=1)


table 8 : explain SELECT c FROM sbtest8 WHERE id=3560530
	-> Rows fetched before execution  (cost=0..0 rows=1)


for point_selects
table 1 : explain SELECT c FROM sbtest1 WHERE id=4670919
	-> Rows fetched before execution  (cost=0..0 rows=1)


table 2 : explain SELECT c FROM sbtest2 WHERE id=8424292
	-> Rows fetched before execution  (cost=0..0 rows=1)


table 3 : explain SELECT c FROM sbtest3 WHERE id=2040356
	-> Rows fetched before execution  (cost=0..0 rows=1)


table 4 : explain SELECT c FROM sbtest4 WHERE id=1845200
	-> Rows fetched before execution  (cost=0..0 rows=1)


table 5 : explain SELECT c FROM sbtest5 WHERE id=1335614
	-> Rows fetched before execution  (cost=0..0 rows=1)


table 6 : explain SELECT c FROM sbtest6 WHERE id=861496
	-> Rows fetched before execution  (cost=0..0 rows=1)


table 7 : explain SELECT c FROM sbtest7 WHERE id=909824
	-> Rows fetched before execution  (cost=0..0 rows=1)


table 8 : explain SELECT c FROM sbtest8 WHERE id=1671426
	-> Rows fetched before execution  (cost=0..0 rows=1)


explain: for point_selects :: explain SELECT c FROM sbtest%u WHERE id=%u
explain: for point_selects :: explain SELECT c FROM sbtest%u WHERE id=%u
for point_selects
table 1 : explain SELECT c FROM sbtest1 WHERE id=4085813
	-> Rows fetched before execution  (cost=0..0 rows=1)


table 2 : explain SELECT c FROM sbtest2 WHERE id=6668783
	-> Rows fetched before execution  (cost=0..0 rows=1)


table 3 : explain SELECT c FROM sbtest3 WHERE id=187220
	-> Rows fetched before execution  (cost=0..0 rows=1)


table 4 : explain SELECT c FROM sbtest4 WHERE id=136492
	-> Rows fetched before execution  (cost=0..0 rows=1)


table 5 : explain SELECT c FROM sbtest5 WHERE id=5226132
	-> Rows fetched before execution  (cost=0..0 rows=1)


table 6 : explain SELECT c FROM sbtest6 WHERE id=574394
	-> Rows fetched before execution  (cost=0..0 rows=1)


table 7 : explain SELECT c FROM sbtest7 WHERE id=5571641
	-> Rows fetched before execution  (cost=0..0 rows=1)


table 8 : explain SELECT c FROM sbtest8 WHERE id=3944213
	-> Rows fetched before execution  (cost=0..0 rows=1)


for point_selects
table 1 : explain SELECT c FROM sbtest1 WHERE id=5809638
	-> Rows fetched before execution  (cost=0..0 rows=1)


table 2 : explain SELECT c FROM sbtest2 WHERE id=8913820
	-> Rows fetched before execution  (cost=0..0 rows=1)


table 3 : explain SELECT c FROM sbtest3 WHERE id=6152633
	-> Rows fetched before execution  (cost=0..0 rows=1)


table 4 : explain SELECT c FROM sbtest4 WHERE id=8157459
	-> Rows fetched before execution  (cost=0..0 rows=1)


table 5 : explain SELECT c FROM sbtest5 WHERE id=7658494
	-> Rows fetched before execution  (cost=0..0 rows=1)


table 6 : explain SELECT c FROM sbtest6 WHERE id=2111432
	-> Rows fetched before execution  (cost=0..0 rows=1)


table 7 : explain SELECT c FROM sbtest7 WHERE id=2526134
	-> Rows fetched before execution  (cost=0..0 rows=1)


table 8 : explain SELECT c FROM sbtest8 WHERE id=4597234
	-> Rows fetched before execution  (cost=0..0 rows=1)


explain: for point_selects :: explain SELECT c FROM sbtest%u WHERE id=%u
for point_selects
table 1 : explain SELECT c FROM sbtest1 WHERE id=8153273
	-> Rows fetched before execution  (cost=0..0 rows=1)


table 2 : explain SELECT c FROM sbtest2 WHERE id=8227338
	-> Rows fetched before execution  (cost=0..0 rows=1)


table 3 : explain SELECT c FROM sbtest3 WHERE id=2617423
	-> Rows fetched before execution  (cost=0..0 rows=1)


table 4 : explain SELECT c FROM sbtest4 WHERE id=9492261
	-> Rows fetched before execution  (cost=0..0 rows=1)


table 5 : explain SELECT c FROM sbtest5 WHERE id=1892793
	-> Rows fetched before execution  (cost=0..0 rows=1)


table 6 : explain SELECT c FROM sbtest6 WHERE id=7940747
	-> Rows fetched before execution  (cost=0..0 rows=1)


table 7 : explain SELECT c FROM sbtest7 WHERE id=3693321
	-> Rows fetched before execution  (cost=0..0 rows=1)


table 8 : explain SELECT c FROM sbtest8 WHERE id=4979201
	-> Rows fetched before execution  (cost=0..0 rows=1)


for point_selects
table 1 : explain SELECT c FROM sbtest1 WHERE id=4915978
	-> Rows fetched before execution  (cost=0..0 rows=1)


table 2 : explain SELECT c FROM sbtest2 WHERE id=633736
	-> Rows fetched before execution  (cost=0..0 rows=1)


table 3 : explain SELECT c FROM sbtest3 WHERE id=2434996
	-> Rows fetched before execution  (cost=0..0 rows=1)


table 4 : explain SELECT c FROM sbtest4 WHERE id=3657647
	-> Rows fetched before execution  (cost=0..0 rows=1)


table 5 : explain SELECT c FROM sbtest5 WHERE id=6749525
	-> Rows fetched before execution  (cost=0..0 rows=1)


table 6 : explain SELECT c FROM sbtest6 WHERE id=9940584
	-> Rows fetched before execution  (cost=0..0 rows=1)


table 7 : explain SELECT c FROM sbtest7 WHERE id=5481416
	-> Rows fetched before execution  (cost=0..0 rows=1)


table 8 : explain SELECT c FROM sbtest8 WHERE id=5922582
	-> Rows fetched before execution  (cost=0..0 rows=1)


for point_selects
table 1 : explain SELECT c FROM sbtest1 WHERE id=4620232
	-> Rows fetched before execution  (cost=0..0 rows=1)


table 2 : explain SELECT c FROM sbtest2 WHERE id=3310450
	-> Rows fetched before execution  (cost=0..0 rows=1)


table 3 : explain SELECT c FROM sbtest3 WHERE id=6111586
	-> Rows fetched before execution  (cost=0..0 rows=1)


table 4 : explain SELECT c FROM sbtest4 WHERE id=9747171
	-> Rows fetched before execution  (cost=0..0 rows=1)


table 5 : explain SELECT c FROM sbtest5 WHERE id=9205566
	-> Rows fetched before execution  (cost=0..0 rows=1)


table 6 : explain SELECT c FROM sbtest6 WHERE id=6350560
	-> Rows fetched before execution  (cost=0..0 rows=1)


table 7 : explain SELECT c FROM sbtest7 WHERE id=8666565
	-> Rows fetched before execution  (cost=0..0 rows=1)


table 8 : explain SELECT c FROM sbtest8 WHERE id=4256272
	-> Rows fetched before execution  (cost=0..0 rows=1)


explain: for point_selects :: explain SELECT c FROM sbtest%u WHERE id=%u
for point_selects
table 1 : explain SELECT c FROM sbtest1 WHERE id=4404076
	-> Rows fetched before execution  (cost=0..0 rows=1)


table 2 : explain SELECT c FROM sbtest2 WHERE id=9736037
	-> Rows fetched before execution  (cost=0..0 rows=1)


table 3 : explain SELECT c FROM sbtest3 WHERE id=890922
	-> Rows fetched before execution  (cost=0..0 rows=1)


table 4 : explain SELECT c FROM sbtest4 WHERE id=8704222
	-> Rows fetched before execution  (cost=0..0 rows=1)


table 5 : explain SELECT c FROM sbtest5 WHERE id=9440651
	-> Rows fetched before execution  (cost=0..0 rows=1)


table 6 : explain SELECT c FROM sbtest6 WHERE id=1009017
	-> Rows fetched before execution  (cost=0..0 rows=1)


table 7 : explain SELECT c FROM sbtest7 WHERE id=7690860
	-> Rows fetched before execution  (cost=0..0 rows=1)


table 8 : explain SELECT c FROM sbtest8 WHERE id=807227
	-> Rows fetched before execution  (cost=0..0 rows=1)


explain: for point_selects :: explain SELECT c FROM sbtest%u WHERE id=%u
explain: for point_selects :: explain SELECT c FROM sbtest%u WHERE id=%u
for point_selects
table 1 : explain SELECT c FROM sbtest1 WHERE id=4680560
	-> Rows fetched before execution  (cost=0..0 rows=1)


table 2 : explain SELECT c FROM sbtest2 WHERE id=6807941
	-> Rows fetched before execution  (cost=0..0 rows=1)


table 3 : explain SELECT c FROM sbtest3 WHERE id=6712100
	-> Rows fetched before execution  (cost=0..0 rows=1)


table 4 : explain SELECT c FROM sbtest4 WHERE id=539056
	-> Rows fetched before execution  (cost=0..0 rows=1)


table 5 : explain SELECT c FROM sbtest5 WHERE id=1733600
	-> Rows fetched before execution  (cost=0..0 rows=1)


table 6 : explain SELECT c FROM sbtest6 WHERE id=9431926
	-> Rows fetched before execution  (cost=0..0 rows=1)


table 7 : explain SELECT c FROM sbtest7 WHERE id=6042284
	-> Rows fetched before execution  (cost=0..0 rows=1)


table 8 : explain SELECT c FROM sbtest8 WHERE id=5223908
	-> Rows fetched before execution  (cost=0..0 rows=1)


explain: for point_selects :: explain SELECT c FROM sbtest%u WHERE id=%u
for point_selects
table 1 : explain SELECT c FROM sbtest1 WHERE id=2899878
	-> Rows fetched before execution  (cost=0..0 rows=1)


table 2 : explain SELECT c FROM sbtest2 WHERE id=7307715
	-> Rows fetched before execution  (cost=0..0 rows=1)


table 3 : explain SELECT c FROM sbtest3 WHERE id=1807522
	-> Rows fetched before execution  (cost=0..0 rows=1)


table 4 : explain SELECT c FROM sbtest4 WHERE id=2498071
	-> Rows fetched before execution  (cost=0..0 rows=1)


table 5 : explain SELECT c FROM sbtest5 WHERE id=3115106
	-> Rows fetched before execution  (cost=0..0 rows=1)


table 6 : explain SELECT c FROM sbtest6 WHERE id=4377569
	-> Rows fetched before execution  (cost=0..0 rows=1)


table 7 : explain SELECT c FROM sbtest7 WHERE id=1959847
	-> Rows fetched before execution  (cost=0..0 rows=1)


table 8 : explain SELECT c FROM sbtest8 WHERE id=2449367
	-> Rows fetched before execution  (cost=0..0 rows=1)


for point_selects
table 1 : explain SELECT c FROM sbtest1 WHERE id=4383107
	-> Rows fetched before execution  (cost=0..0 rows=1)


table 2 : explain SELECT c FROM sbtest2 WHERE id=582804
	-> Rows fetched before execution  (cost=0..0 rows=1)


table 3 : explain SELECT c FROM sbtest3 WHERE id=6761769
	-> Rows fetched before execution  (cost=0..0 rows=1)


table 4 : explain SELECT c FROM sbtest4 WHERE id=3087794
	-> Rows fetched before execution  (cost=0..0 rows=1)


table 5 : explain SELECT c FROM sbtest5 WHERE id=640976
	-> Rows fetched before execution  (cost=0..0 rows=1)


table 6 : explain SELECT c FROM sbtest6 WHERE id=5011075
	-> Rows fetched before execution  (cost=0..0 rows=1)


table 7 : explain SELECT c FROM sbtest7 WHERE id=8604729
	-> Rows fetched before execution  (cost=0..0 rows=1)


table 8 : explain SELECT c FROM sbtest8 WHERE id=5565351
	-> Rows fetched before execution  (cost=0..0 rows=1)


for point_selects
table 1 : explain SELECT c FROM sbtest1 WHERE id=3778670
	-> Rows fetched before execution  (cost=0..0 rows=1)


table 2 : explain SELECT c FROM sbtest2 WHERE id=5408792
	-> Rows fetched before execution  (cost=0..0 rows=1)


table 3 : explain SELECT c FROM sbtest3 WHERE id=6556007
	-> Rows fetched before execution  (cost=0..0 rows=1)


table 4 : explain SELECT c FROM sbtest4 WHERE id=7384478
	-> Rows fetched before execution  (cost=0..0 rows=1)


table 5 : explain SELECT c FROM sbtest5 WHERE id=5070174
	-> Rows fetched before execution  (cost=0..0 rows=1)


table 6 : explain SELECT c FROM sbtest6 WHERE id=1820837
	-> Rows fetched before execution  (cost=0..0 rows=1)


table 7 : explain SELECT c FROM sbtest7 WHERE id=97503
	-> Rows fetched before execution  (cost=0..0 rows=1)


table 8 : explain SELECT c FROM sbtest8 WHERE id=8494105
	-> Rows fetched before execution  (cost=0..0 rows=1)


for point_selects
table 1 : explain SELECT c FROM sbtest1 WHERE id=3744472
	-> Rows fetched before execution  (cost=0..0 rows=1)


table 2 : explain SELECT c FROM sbtest2 WHERE id=3152876
	-> Rows fetched before execution  (cost=0..0 rows=1)


table 3 : explain SELECT c FROM sbtest3 WHERE id=2314884
	-> Rows fetched before execution  (cost=0..0 rows=1)


table 4 : explain SELECT c FROM sbtest4 WHERE id=4609195
	-> Rows fetched before execution  (cost=0..0 rows=1)


table 5 : explain SELECT c FROM sbtest5 WHERE id=4688618
	-> Rows fetched before execution  (cost=0..0 rows=1)


table 6 : explain SELECT c FROM sbtest6 WHERE id=8962138
	-> Rows fetched before execution  (cost=0..0 rows=1)


table 7 : explain SELECT c FROM sbtest7 WHERE id=2099187
	-> Rows fetched before execution  (cost=0..0 rows=1)


table 8 : explain SELECT c FROM sbtest8 WHERE id=6012311
	-> Rows fetched before execution  (cost=0..0 rows=1)


for point_selects
table 1 : explain SELECT c FROM sbtest1 WHERE id=5680744
	-> Rows fetched before execution  (cost=0..0 rows=1)


table 2 : explain SELECT c FROM sbtest2 WHERE id=845354
	-> Rows fetched before execution  (cost=0..0 rows=1)


table 3 : explain SELECT c FROM sbtest3 WHERE id=4748529
	-> Rows fetched before execution  (cost=0..0 rows=1)


table 4 : explain SELECT c FROM sbtest4 WHERE id=7632561
	-> Rows fetched before execution  (cost=0..0 rows=1)


table 5 : explain SELECT c FROM sbtest5 WHERE id=156213
	-> Rows fetched before execution  (cost=0..0 rows=1)


table 6 : explain SELECT c FROM sbtest6 WHERE id=7217683
	-> Rows fetched before execution  (cost=0..0 rows=1)


table 7 : explain SELECT c FROM sbtest7 WHERE id=8371797
	-> Rows fetched before execution  (cost=0..0 rows=1)


table 8 : explain SELECT c FROM sbtest8 WHERE id=392382
	-> Rows fetched before execution  (cost=0..0 rows=1)


for point_selects
table 1 : explain SELECT c FROM sbtest1 WHERE id=4107047
	-> Rows fetched before execution  (cost=0..0 rows=1)


table 2 : explain SELECT c FROM sbtest2 WHERE id=6194903
	-> Rows fetched before execution  (cost=0..0 rows=1)


table 3 : explain SELECT c FROM sbtest3 WHERE id=5273568
	-> Rows fetched before execution  (cost=0..0 rows=1)


table 4 : explain SELECT c FROM sbtest4 WHERE id=5409166
	-> Rows fetched before execution  (cost=0..0 rows=1)


table 5 : explain SELECT c FROM sbtest5 WHERE id=9425241
	-> Rows fetched before execution  (cost=0..0 rows=1)


table 6 : explain SELECT c FROM sbtest6 WHERE id=7478895
	-> Rows fetched before execution  (cost=0..0 rows=1)


table 7 : explain SELECT c FROM sbtest7 WHERE id=3111281
	-> Rows fetched before execution  (cost=0..0 rows=1)


table 8 : explain SELECT c FROM sbtest8 WHERE id=9172895
	-> Rows fetched before execution  (cost=0..0 rows=1)


for point_selects
table 1 : explain SELECT c FROM sbtest1 WHERE id=5186883
	-> Rows fetched before execution  (cost=0..0 rows=1)


table 2 : explain SELECT c FROM sbtest2 WHERE id=5288383
	-> Rows fetched before execution  (cost=0..0 rows=1)


table 3 : explain SELECT c FROM sbtest3 WHERE id=4354210
	-> Rows fetched before execution  (cost=0..0 rows=1)


table 4 : explain SELECT c FROM sbtest4 WHERE id=56168
	-> Rows fetched before execution  (cost=0..0 rows=1)


table 5 : explain SELECT c FROM sbtest5 WHERE id=9276635
	-> Rows fetched before execution  (cost=0..0 rows=1)


table 6 : explain SELECT c FROM sbtest6 WHERE id=3695358
	-> Rows fetched before execution  (cost=0..0 rows=1)


table 7 : explain SELECT c FROM sbtest7 WHERE id=743698
	-> Rows fetched before execution  (cost=0..0 rows=1)


table 8 : explain SELECT c FROM sbtest8 WHERE id=1192082
	-> Rows fetched before execution  (cost=0..0 rows=1)


for point_selects
table 1 : explain SELECT c FROM sbtest1 WHERE id=1224150
	-> Rows fetched before execution  (cost=0..0 rows=1)


table 2 : explain SELECT c FROM sbtest2 WHERE id=9814398
	-> Rows fetched before execution  (cost=0..0 rows=1)


table 3 : explain SELECT c FROM sbtest3 WHERE id=7518487
	-> Rows fetched before execution  (cost=0..0 rows=1)


table 4 : explain SELECT c FROM sbtest4 WHERE id=647623
	-> Rows fetched before execution  (cost=0..0 rows=1)


table 5 : explain SELECT c FROM sbtest5 WHERE id=440785
	-> Rows fetched before execution  (cost=0..0 rows=1)


table 6 : explain SELECT c FROM sbtest6 WHERE id=1225057
	-> Rows fetched before execution  (cost=0..0 rows=1)


table 7 : explain SELECT c FROM sbtest7 WHERE id=8739775
	-> Rows fetched before execution  (cost=0..0 rows=1)


table 8 : explain SELECT c FROM sbtest8 WHERE id=3568114
	-> Rows fetched before execution  (cost=0..0 rows=1)


explain: for point_selects :: explain SELECT c FROM sbtest%u WHERE id=%u
explain: for point_selects :: explain SELECT c FROM sbtest%u WHERE id=%u
explain: for point_selects :: explain SELECT c FROM sbtest%u WHERE id=%u
for point_selects
table 1 : explain SELECT c FROM sbtest1 WHERE id=3706962
	-> Rows fetched before execution  (cost=0..0 rows=1)


table 2 : explain SELECT c FROM sbtest2 WHERE id=8681497
	-> Rows fetched before execution  (cost=0..0 rows=1)


table 3 : explain SELECT c FROM sbtest3 WHERE id=5262669
	-> Rows fetched before execution  (cost=0..0 rows=1)


table 4 : explain SELECT c FROM sbtest4 WHERE id=6240415
	-> Rows fetched before execution  (cost=0..0 rows=1)


table 5 : explain SELECT c FROM sbtest5 WHERE id=6616663
	-> Rows fetched before execution  (cost=0..0 rows=1)


table 6 : explain SELECT c FROM sbtest6 WHERE id=6381193
	-> Rows fetched before execution  (cost=0..0 rows=1)


table 7 : explain SELECT c FROM sbtest7 WHERE id=9072589
	-> Rows fetched before execution  (cost=0..0 rows=1)


table 8 : explain SELECT c FROM sbtest8 WHERE id=1949595
	-> Rows fetched before execution  (cost=0..0 rows=1)


for point_selects
table 1 : explain SELECT c FROM sbtest1 WHERE id=5888920
	-> Rows fetched before execution  (cost=0..0 rows=1)


table 2 : explain SELECT c FROM sbtest2 WHERE id=6046656
	-> Rows fetched before execution  (cost=0..0 rows=1)


table 3 : explain SELECT c FROM sbtest3 WHERE id=1628425
	-> Rows fetched before execution  (cost=0..0 rows=1)


table 4 : explain SELECT c FROM sbtest4 WHERE id=2023723
	-> Rows fetched before execution  (cost=0..0 rows=1)


table 5 : explain SELECT c FROM sbtest5 WHERE id=806057
	-> Rows fetched before execution  (cost=0..0 rows=1)


table 6 : explain SELECT c FROM sbtest6 WHERE id=3798921
	-> Rows fetched before execution  (cost=0..0 rows=1)


table 7 : explain SELECT c FROM sbtest7 WHERE id=2334962
	-> Rows fetched before execution  (cost=0..0 rows=1)


table 8 : explain SELECT c FROM sbtest8 WHERE id=7256784
	-> Rows fetched before execution  (cost=0..0 rows=1)


for point_selects
table 1 : explain SELECT c FROM sbtest1 WHERE id=5931565
	-> Rows fetched before execution  (cost=0..0 rows=1)


table 2 : explain SELECT c FROM sbtest2 WHERE id=5030349
	-> Rows fetched before execution  (cost=0..0 rows=1)


table 3 : explain SELECT c FROM sbtest3 WHERE id=2059182
	-> Rows fetched before execution  (cost=0..0 rows=1)


table 4 : explain SELECT c FROM sbtest4 WHERE id=2404095
	-> Rows fetched before execution  (cost=0..0 rows=1)


table 5 : explain SELECT c FROM sbtest5 WHERE id=2493203
	-> Rows fetched before execution  (cost=0..0 rows=1)


table 6 : explain SELECT c FROM sbtest6 WHERE id=8150601
	-> Rows fetched before execution  (cost=0..0 rows=1)


table 7 : explain SELECT c FROM sbtest7 WHERE id=843924
	-> Rows fetched before execution  (cost=0..0 rows=1)


table 8 : explain SELECT c FROM sbtest8 WHERE id=377510
	-> Rows fetched before execution  (cost=0..0 rows=1)


for: simple_ranges
table 1 : explain SELECT c FROM sbtest1 WHERE id BETWEEN 1306996 AND 1307005
	-> Filter: (sbtest1.id between 1306996 and 1307005)  (cost=2.28 rows=10)
    -> Index range scan on sbtest1 using PRIMARY over (1306996 <= id <= 1307005)  (cost=2.28 rows=10)


table 2 : explain SELECT c FROM sbtest2 WHERE id BETWEEN 4359462 AND 4359471
	-> Filter: (sbtest2.id between 4359462 and 4359471)  (cost=2.28 rows=10)
    -> Index range scan on sbtest2 using PRIMARY over (4359462 <= id <= 4359471)  (cost=2.28 rows=10)


table 3 : explain SELECT c FROM sbtest3 WHERE id BETWEEN 822486 AND 822495
	-> Filter: (sbtest3.id between 822486 and 822495)  (cost=2.28 rows=10)
    -> Index range scan on sbtest3 using PRIMARY over (822486 <= id <= 822495)  (cost=2.28 rows=10)


table 4 : explain SELECT c FROM sbtest4 WHERE id BETWEEN 3976131 AND 3976140
	-> Filter: (sbtest4.id between 3976131 and 3976140)  (cost=2.28 rows=10)
    -> Index range scan on sbtest4 using PRIMARY over (3976131 <= id <= 3976140)  (cost=2.28 rows=10)


table 5 : explain SELECT c FROM sbtest5 WHERE id BETWEEN 9370492 AND 9370501
	-> Filter: (sbtest5.id between 9370492 and 9370501)  (cost=2.28 rows=10)
    -> Index range scan on sbtest5 using PRIMARY over (9370492 <= id <= 9370501)  (cost=2.28 rows=10)


table 6 : explain SELECT c FROM sbtest6 WHERE id BETWEEN 1332030 AND 1332039
	-> Filter: (sbtest6.id between 1332030 and 1332039)  (cost=2.28 rows=10)
    -> Index range scan on sbtest6 using PRIMARY over (1332030 <= id <= 1332039)  (cost=2.28 rows=10)


table 7 : explain SELECT c FROM sbtest7 WHERE id BETWEEN 7233188 AND 7233197
	-> Filter: (sbtest7.id between 7233188 and 7233197)  (cost=2.28 rows=10)
    -> Index range scan on sbtest7 using PRIMARY over (7233188 <= id <= 7233197)  (cost=2.28 rows=10)


table 8 : explain SELECT c FROM sbtest8 WHERE id BETWEEN 8829279 AND 8829288
	-> Filter: (sbtest8.id between 8829279 and 8829288)  (cost=2.28 rows=10)
    -> Index range scan on sbtest8 using PRIMARY over (8829279 <= id <= 8829288)  (cost=2.28 rows=10)


for point_selects
table 1 : explain SELECT c FROM sbtest1 WHERE id=3873340
	-> Rows fetched before execution  (cost=0..0 rows=1)


table 2 : explain SELECT c FROM sbtest2 WHERE id=8302002
	-> Rows fetched before execution  (cost=0..0 rows=1)


table 3 : explain SELECT c FROM sbtest3 WHERE id=1688229
	-> Rows fetched before execution  (cost=0..0 rows=1)


table 4 : explain SELECT c FROM sbtest4 WHERE id=5461254
	-> Rows fetched before execution  (cost=0..0 rows=1)


table 5 : explain SELECT c FROM sbtest5 WHERE id=1185476
	-> Rows fetched before execution  (cost=0..0 rows=1)


table 6 : explain SELECT c FROM sbtest6 WHERE id=4847255
	-> Rows fetched before execution  (cost=0..0 rows=1)


table 7 : explain SELECT c FROM sbtest7 WHERE id=6979156
	-> Rows fetched before execution  (cost=0..0 rows=1)


table 8 : explain SELECT c FROM sbtest8 WHERE id=9753917
	-> Rows fetched before execution  (cost=0..0 rows=1)


for: simple_ranges
table 1 : explain SELECT c FROM sbtest1 WHERE id BETWEEN 4784626 AND 4784635
	-> Filter: (sbtest1.id between 4784626 and 4784635)  (cost=2.28 rows=10)
    -> Index range scan on sbtest1 using PRIMARY over (4784626 <= id <= 4784635)  (cost=2.28 rows=10)


table 2 : explain SELECT c FROM sbtest2 WHERE id BETWEEN 5967411 AND 5967420
	-> Filter: (sbtest2.id between 5967411 and 5967420)  (cost=2.28 rows=10)
    -> Index range scan on sbtest2 using PRIMARY over (5967411 <= id <= 5967420)  (cost=2.28 rows=10)


table 3 : explain SELECT c FROM sbtest3 WHERE id BETWEEN 5102261 AND 5102270
	-> Filter: (sbtest3.id between 5102261 and 5102270)  (cost=2.28 rows=10)
    -> Index range scan on sbtest3 using PRIMARY over (5102261 <= id <= 5102270)  (cost=2.28 rows=10)


table 4 : explain SELECT c FROM sbtest4 WHERE id BETWEEN 4735180 AND 4735189
	-> Filter: (sbtest4.id between 4735180 and 4735189)  (cost=2.28 rows=10)
    -> Index range scan on sbtest4 using PRIMARY over (4735180 <= id <= 4735189)  (cost=2.28 rows=10)


table 5 : explain SELECT c FROM sbtest5 WHERE id BETWEEN 9084406 AND 9084415
	-> Filter: (sbtest5.id between 9084406 and 9084415)  (cost=2.28 rows=10)
    -> Index range scan on sbtest5 using PRIMARY over (9084406 <= id <= 9084415)  (cost=2.28 rows=10)


table 6 : explain SELECT c FROM sbtest6 WHERE id BETWEEN 8810493 AND 8810502
	-> Filter: (sbtest6.id between 8810493 and 8810502)  (cost=2.28 rows=10)
    -> Index range scan on sbtest6 using PRIMARY over (8810493 <= id <= 8810502)  (cost=2.28 rows=10)


table 7 : explain SELECT c FROM sbtest7 WHERE id BETWEEN 5107049 AND 5107058
	-> Filter: (sbtest7.id between 5107049 and 5107058)  (cost=2.28 rows=10)
    -> Index range scan on sbtest7 using PRIMARY over (5107049 <= id <= 5107058)  (cost=2.28 rows=10)


table 8 : explain SELECT c FROM sbtest8 WHERE id BETWEEN 1651010 AND 1651019
	-> Filter: (sbtest8.id between 1651010 and 1651019)  (cost=2.28 rows=10)
    -> Index range scan on sbtest8 using PRIMARY over (1651010 <= id <= 1651019)  (cost=2.28 rows=10)


explain: for point_selects :: explain SELECT c FROM sbtest%u WHERE id=%u
for point_selects
table 1 : explain SELECT c FROM sbtest1 WHERE id=8621198
	-> Rows fetched before execution  (cost=0..0 rows=1)


table 2 : explain SELECT c FROM sbtest2 WHERE id=2123282
	-> Rows fetched before execution  (cost=0..0 rows=1)


table 3 : explain SELECT c FROM sbtest3 WHERE id=7565980
	-> Rows fetched before execution  (cost=0..0 rows=1)


table 4 : explain SELECT c FROM sbtest4 WHERE id=6317308
	-> Rows fetched before execution  (cost=0..0 rows=1)


table 5 : explain SELECT c FROM sbtest5 WHERE id=4211024
	-> Rows fetched before execution  (cost=0..0 rows=1)


table 6 : explain SELECT c FROM sbtest6 WHERE id=2846959
	-> Rows fetched before execution  (cost=0..0 rows=1)


table 7 : explain SELECT c FROM sbtest7 WHERE id=5235389
	-> Rows fetched before execution  (cost=0..0 rows=1)


table 8 : explain SELECT c FROM sbtest8 WHERE id=9930025
	-> Rows fetched before execution  (cost=0..0 rows=1)


for: simple_ranges
table 1 : explain SELECT c FROM sbtest1 WHERE id BETWEEN 3059096 AND 3059105
	-> Filter: (sbtest1.id between 3059096 and 3059105)  (cost=2.28 rows=10)
    -> Index range scan on sbtest1 using PRIMARY over (3059096 <= id <= 3059105)  (cost=2.28 rows=10)


table 2 : explain SELECT c FROM sbtest2 WHERE id BETWEEN 4898723 AND 4898732
	-> Filter: (sbtest2.id between 4898723 and 4898732)  (cost=2.28 rows=10)
    -> Index range scan on sbtest2 using PRIMARY over (4898723 <= id <= 4898732)  (cost=2.28 rows=10)


table 3 : explain SELECT c FROM sbtest3 WHERE id BETWEEN 5344143 AND 5344152
	-> Filter: (sbtest3.id between 5344143 and 5344152)  (cost=2.28 rows=10)
    -> Index range scan on sbtest3 using PRIMARY over (5344143 <= id <= 5344152)  (cost=2.28 rows=10)


table 4 : explain SELECT c FROM sbtest4 WHERE id BETWEEN 5667848 AND 5667857
	-> Filter: (sbtest4.id between 5667848 and 5667857)  (cost=2.28 rows=10)
    -> Index range scan on sbtest4 using PRIMARY over (5667848 <= id <= 5667857)  (cost=2.28 rows=10)


table 5 : explain SELECT c FROM sbtest5 WHERE id BETWEEN 3872339 AND 3872348
	-> Filter: (sbtest5.id between 3872339 and 3872348)  (cost=2.28 rows=10)
    -> Index range scan on sbtest5 using PRIMARY over (3872339 <= id <= 3872348)  (cost=2.28 rows=10)


table 6 : explain SELECT c FROM sbtest6 WHERE id BETWEEN 2144753 AND 2144762
	-> Filter: (sbtest6.id between 2144753 and 2144762)  (cost=2.28 rows=10)
    -> Index range scan on sbtest6 using PRIMARY over (2144753 <= id <= 2144762)  (cost=2.28 rows=10)


table 7 : explain SELECT c FROM sbtest7 WHERE id BETWEEN 2816242 AND 2816251
	-> Filter: (sbtest7.id between 2816242 and 2816251)  (cost=2.28 rows=10)
    -> Index range scan on sbtest7 using PRIMARY over (2816242 <= id <= 2816251)  (cost=2.28 rows=10)


table 8 : explain SELECT c FROM sbtest8 WHERE id BETWEEN 4204373 AND 4204382
	-> Filter: (sbtest8.id between 4204373 and 4204382)  (cost=2.28 rows=10)
    -> Index range scan on sbtest8 using PRIMARY over (4204373 <= id <= 4204382)  (cost=2.28 rows=10)


for point_selects
table 1 : explain SELECT c FROM sbtest1 WHERE id=7011667
	-> Rows fetched before execution  (cost=0..0 rows=1)


table 2 : explain SELECT c FROM sbtest2 WHERE id=4697979
	-> Rows fetched before execution  (cost=0..0 rows=1)


table 3 : explain SELECT c FROM sbtest3 WHERE id=7963064
	-> Rows fetched before execution  (cost=0..0 rows=1)


table 4 : explain SELECT c FROM sbtest4 WHERE id=570819
	-> Rows fetched before execution  (cost=0..0 rows=1)


table 5 : explain SELECT c FROM sbtest5 WHERE id=808215
	-> Rows fetched before execution  (cost=0..0 rows=1)


table 6 : explain SELECT c FROM sbtest6 WHERE id=8505066
	-> Rows fetched before execution  (cost=0..0 rows=1)


table 7 : explain SELECT c FROM sbtest7 WHERE id=493043
	-> Rows fetched before execution  (cost=0..0 rows=1)


table 8 : explain SELECT c FROM sbtest8 WHERE id=5358673
	-> Rows fetched before execution  (cost=0..0 rows=1)


for: simple_ranges
table 1 : explain SELECT c FROM sbtest1 WHERE id BETWEEN 4834568 AND 4834577
	-> Filter: (sbtest1.id between 4834568 and 4834577)  (cost=2.28 rows=10)
    -> Index range scan on sbtest1 using PRIMARY over (4834568 <= id <= 4834577)  (cost=2.28 rows=10)


table 2 : explain SELECT c FROM sbtest2 WHERE id BETWEEN 6970641 AND 6970650
	-> Filter: (sbtest2.id between 6970641 and 6970650)  (cost=2.28 rows=10)
    -> Index range scan on sbtest2 using PRIMARY over (6970641 <= id <= 6970650)  (cost=2.28 rows=10)


table 3 : explain SELECT c FROM sbtest3 WHERE id BETWEEN 8170192 AND 8170201
	-> Filter: (sbtest3.id between 8170192 and 8170201)  (cost=2.28 rows=10)
    -> Index range scan on sbtest3 using PRIMARY over (8170192 <= id <= 8170201)  (cost=2.28 rows=10)


table 4 : explain SELECT c FROM sbtest4 WHERE id BETWEEN 359304 AND 359313
	-> Filter: (sbtest4.id between 359304 and 359313)  (cost=2.28 rows=10)
    -> Index range scan on sbtest4 using PRIMARY over (359304 <= id <= 359313)  (cost=2.28 rows=10)


table 5 : explain SELECT c FROM sbtest5 WHERE id BETWEEN 6623006 AND 6623015
	-> Filter: (sbtest5.id between 6623006 and 6623015)  (cost=2.28 rows=10)
    -> Index range scan on sbtest5 using PRIMARY over (6623006 <= id <= 6623015)  (cost=2.28 rows=10)


table 6 : explain SELECT c FROM sbtest6 WHERE id BETWEEN 844206 AND 844215
	-> Filter: (sbtest6.id between 844206 and 844215)  (cost=2.28 rows=10)
    -> Index range scan on sbtest6 using PRIMARY over (844206 <= id <= 844215)  (cost=2.28 rows=10)


table 7 : explain SELECT c FROM sbtest7 WHERE id BETWEEN 6865748 AND 6865757
	-> Filter: (sbtest7.id between 6865748 and 6865757)  (cost=2.28 rows=10)
    -> Index range scan on sbtest7 using PRIMARY over (6865748 <= id <= 6865757)  (cost=2.28 rows=10)


table 8 : explain SELECT c FROM sbtest8 WHERE id BETWEEN 5144059 AND 5144068
	-> Filter: (sbtest8.id between 5144059 and 5144068)  (cost=2.28 rows=10)
    -> Index range scan on sbtest8 using PRIMARY over (5144059 <= id <= 5144068)  (cost=2.28 rows=10)


for point_selects
table 1 : explain SELECT c FROM sbtest1 WHERE id=4945035
	-> Rows fetched before execution  (cost=0..0 rows=1)


table 2 : explain SELECT c FROM sbtest2 WHERE id=2243043
	-> Rows fetched before execution  (cost=0..0 rows=1)


table 3 : explain SELECT c FROM sbtest3 WHERE id=660024
	-> Rows fetched before execution  (cost=0..0 rows=1)


table 4 : explain SELECT c FROM sbtest4 WHERE id=8784554
	-> Rows fetched before execution  (cost=0..0 rows=1)


table 5 : explain SELECT c FROM sbtest5 WHERE id=7713825
	-> Rows fetched before execution  (cost=0..0 rows=1)


table 6 : explain SELECT c FROM sbtest6 WHERE id=6832187
	-> Rows fetched before execution  (cost=0..0 rows=1)


table 7 : explain SELECT c FROM sbtest7 WHERE id=6679064
	-> Rows fetched before execution  (cost=0..0 rows=1)


table 8 : explain SELECT c FROM sbtest8 WHERE id=4276005
	-> Rows fetched before execution  (cost=0..0 rows=1)


for: simple_ranges
table 1 : explain SELECT c FROM sbtest1 WHERE id BETWEEN 1518153 AND 1518162
	-> Filter: (sbtest1.id between 1518153 and 1518162)  (cost=2.28 rows=10)
    -> Index range scan on sbtest1 using PRIMARY over (1518153 <= id <= 1518162)  (cost=2.28 rows=10)


table 2 : explain SELECT c FROM sbtest2 WHERE id BETWEEN 3789213 AND 3789222
	-> Filter: (sbtest2.id between 3789213 and 3789222)  (cost=2.28 rows=10)
    -> Index range scan on sbtest2 using PRIMARY over (3789213 <= id <= 3789222)  (cost=2.28 rows=10)


table 3 : explain SELECT c FROM sbtest3 WHERE id BETWEEN 9616005 AND 9616014
	-> Filter: (sbtest3.id between 9616005 and 9616014)  (cost=2.28 rows=10)
    -> Index range scan on sbtest3 using PRIMARY over (9616005 <= id <= 9616014)  (cost=2.28 rows=10)


table 4 : explain SELECT c FROM sbtest4 WHERE id BETWEEN 7626288 AND 7626297
	-> Filter: (sbtest4.id between 7626288 and 7626297)  (cost=2.28 rows=10)
    -> Index range scan on sbtest4 using PRIMARY over (7626288 <= id <= 7626297)  (cost=2.28 rows=10)


table 5 : explain SELECT c FROM sbtest5 WHERE id BETWEEN 6248460 AND 6248469
	-> Filter: (sbtest5.id between 6248460 and 6248469)  (cost=2.28 rows=10)
    -> Index range scan on sbtest5 using PRIMARY over (6248460 <= id <= 6248469)  (cost=2.28 rows=10)


table 6 : explain SELECT c FROM sbtest6 WHERE id BETWEEN 615491 AND 615500
	-> Filter: (sbtest6.id between 615491 and 615500)  (cost=2.28 rows=10)
    -> Index range scan on sbtest6 using PRIMARY over (615491 <= id <= 615500)  (cost=2.28 rows=10)


table 7 : explain SELECT c FROM sbtest7 WHERE id BETWEEN 3654525 AND 3654534
	-> Filter: (sbtest7.id between 3654525 and 3654534)  (cost=2.28 rows=10)
    -> Index range scan on sbtest7 using PRIMARY over (3654525 <= id <= 3654534)  (cost=2.28 rows=10)


table 8 : explain SELECT c FROM sbtest8 WHERE id BETWEEN 7304203 AND 7304212
	-> Filter: (sbtest8.id between 7304203 and 7304212)  (cost=2.28 rows=10)
    -> Index range scan on sbtest8 using PRIMARY over (7304203 <= id <= 7304212)  (cost=2.28 rows=10)


explain: for point_selects :: explain SELECT c FROM sbtest%u WHERE id=%u
for point_selects
table 1 : explain SELECT c FROM sbtest1 WHERE id=3392114
	-> Rows fetched before execution  (cost=0..0 rows=1)


table 2 : explain SELECT c FROM sbtest2 WHERE id=8074858
	-> Rows fetched before execution  (cost=0..0 rows=1)


table 3 : explain SELECT c FROM sbtest3 WHERE id=7334521
	-> Rows fetched before execution  (cost=0..0 rows=1)


table 4 : explain SELECT c FROM sbtest4 WHERE id=2392496
	-> Rows fetched before execution  (cost=0..0 rows=1)


table 5 : explain SELECT c FROM sbtest5 WHERE id=2053907
	-> Rows fetched before execution  (cost=0..0 rows=1)


table 6 : explain SELECT c FROM sbtest6 WHERE id=166238
	-> Rows fetched before execution  (cost=0..0 rows=1)


table 7 : explain SELECT c FROM sbtest7 WHERE id=9238272
	-> Rows fetched before execution  (cost=0..0 rows=1)


table 8 : explain SELECT c FROM sbtest8 WHERE id=5485751
	-> Rows fetched before execution  (cost=0..0 rows=1)


for point_selects
table 1 : explain SELECT c FROM sbtest1 WHERE id=8450063
	-> Rows fetched before execution  (cost=0..0 rows=1)


table 2 : explain SELECT c FROM sbtest2 WHERE id=1694706
	-> Rows fetched before execution  (cost=0..0 rows=1)


table 3 : explain SELECT c FROM sbtest3 WHERE id=1939624
	-> Rows fetched before execution  (cost=0..0 rows=1)


table 4 : explain SELECT c FROM sbtest4 WHERE id=6380396
	-> Rows fetched before execution  (cost=0..0 rows=1)


table 5 : explain SELECT c FROM sbtest5 WHERE id=748960
	-> Rows fetched before execution  (cost=0..0 rows=1)


table 6 : explain SELECT c FROM sbtest6 WHERE id=8006225
	-> Rows fetched before execution  (cost=0..0 rows=1)


table 7 : explain SELECT c FROM sbtest7 WHERE id=2649085
	-> Rows fetched before execution  (cost=0..0 rows=1)


table 8 : explain SELECT c FROM sbtest8 WHERE id=8618414
	-> Rows fetched before execution  (cost=0..0 rows=1)


for point_selects
table 1 : explain SELECT c FROM sbtest1 WHERE id=5467226
	-> Rows fetched before execution  (cost=0..0 rows=1)


table 2 : explain SELECT c FROM sbtest2 WHERE id=5548113
	-> Rows fetched before execution  (cost=0..0 rows=1)


table 3 : explain SELECT c FROM sbtest3 WHERE id=837886
	-> Rows fetched before execution  (cost=0..0 rows=1)


table 4 : explain SELECT c FROM sbtest4 WHERE id=1536689
	-> Rows fetched before execution  (cost=0..0 rows=1)


table 5 : explain SELECT c FROM sbtest5 WHERE id=6993317
	-> Rows fetched before execution  (cost=0..0 rows=1)


table 6 : explain SELECT c FROM sbtest6 WHERE id=4773641
	-> Rows fetched before execution  (cost=0..0 rows=1)


table 7 : explain SELECT c FROM sbtest7 WHERE id=9801873
	-> Rows fetched before execution  (cost=0..0 rows=1)


table 8 : explain SELECT c FROM sbtest8 WHERE id=2214704
	-> Rows fetched before execution  (cost=0..0 rows=1)


explain: for point_selects :: explain SELECT c FROM sbtest%u WHERE id=%u
for: simple_ranges
table 1 : explain SELECT c FROM sbtest1 WHERE id BETWEEN 267830 AND 267839
	-> Filter: (sbtest1.id between 267830 and 267839)  (cost=2.28 rows=10)
    -> Index range scan on sbtest1 using PRIMARY over (267830 <= id <= 267839)  (cost=2.28 rows=10)


table 2 : explain SELECT c FROM sbtest2 WHERE id BETWEEN 6999383 AND 6999392
	-> Filter: (sbtest2.id between 6999383 and 6999392)  (cost=2.28 rows=10)
    -> Index range scan on sbtest2 using PRIMARY over (6999383 <= id <= 6999392)  (cost=2.28 rows=10)


table 3 : explain SELECT c FROM sbtest3 WHERE id BETWEEN 8772863 AND 8772872
	-> Filter: (sbtest3.id between 8772863 and 8772872)  (cost=2.28 rows=10)
    -> Index range scan on sbtest3 using PRIMARY over (8772863 <= id <= 8772872)  (cost=2.28 rows=10)


table 4 : explain SELECT c FROM sbtest4 WHERE id BETWEEN 638624 AND 638633
	-> Filter: (sbtest4.id between 638624 and 638633)  (cost=2.28 rows=10)
    -> Index range scan on sbtest4 using PRIMARY over (638624 <= id <= 638633)  (cost=2.28 rows=10)


table 5 : explain SELECT c FROM sbtest5 WHERE id BETWEEN 2545463 AND 2545472
	-> Filter: (sbtest5.id between 2545463 and 2545472)  (cost=2.28 rows=10)
    -> Index range scan on sbtest5 using PRIMARY over (2545463 <= id <= 2545472)  (cost=2.28 rows=10)


table 6 : explain SELECT c FROM sbtest6 WHERE id BETWEEN 3485644 AND 3485653
	-> Filter: (sbtest6.id between 3485644 and 3485653)  (cost=2.28 rows=10)
    -> Index range scan on sbtest6 using PRIMARY over (3485644 <= id <= 3485653)  (cost=2.28 rows=10)


table 7 : explain SELECT c FROM sbtest7 WHERE id BETWEEN 8557980 AND 8557989
	-> Filter: (sbtest7.id between 8557980 and 8557989)  (cost=2.28 rows=10)
    -> Index range scan on sbtest7 using PRIMARY over (8557980 <= id <= 8557989)  (cost=2.28 rows=10)


table 8 : explain SELECT c FROM sbtest8 WHERE id BETWEEN 4850251 AND 4850260
	-> Filter: (sbtest8.id between 4850251 and 4850260)  (cost=2.28 rows=10)
    -> Index range scan on sbtest8 using PRIMARY over (4850251 <= id <= 4850260)  (cost=2.28 rows=10)


for: simple_ranges
table 1 : explain SELECT c FROM sbtest1 WHERE id BETWEEN 43632 AND 43641
	-> Filter: (sbtest1.id between 43632 and 43641)  (cost=2.28 rows=10)
    -> Index range scan on sbtest1 using PRIMARY over (43632 <= id <= 43641)  (cost=2.28 rows=10)


table 2 : explain SELECT c FROM sbtest2 WHERE id BETWEEN 9825617 AND 9825626
	-> Filter: (sbtest2.id between 9825617 and 9825626)  (cost=2.28 rows=10)
    -> Index range scan on sbtest2 using PRIMARY over (9825617 <= id <= 9825626)  (cost=2.28 rows=10)


table 3 : explain SELECT c FROM sbtest3 WHERE id BETWEEN 9143481 AND 9143490
	-> Filter: (sbtest3.id between 9143481 and 9143490)  (cost=2.28 rows=10)
    -> Index range scan on sbtest3 using PRIMARY over (9143481 <= id <= 9143490)  (cost=2.28 rows=10)


table 4 : explain SELECT c FROM sbtest4 WHERE id BETWEEN 8853701 AND 8853710
	-> Filter: (sbtest4.id between 8853701 and 8853710)  (cost=2.28 rows=10)
    -> Index range scan on sbtest4 using PRIMARY over (8853701 <= id <= 8853710)  (cost=2.28 rows=10)


table 5 : explain SELECT c FROM sbtest5 WHERE id BETWEEN 3896417 AND 3896426
	-> Filter: (sbtest5.id between 3896417 and 3896426)  (cost=2.28 rows=10)
    -> Index range scan on sbtest5 using PRIMARY over (3896417 <= id <= 3896426)  (cost=2.28 rows=10)


table 6 : explain SELECT c FROM sbtest6 WHERE id BETWEEN 8500796 AND 8500805
	-> Filter: (sbtest6.id between 8500796 and 8500805)  (cost=2.28 rows=10)
    -> Index range scan on sbtest6 using PRIMARY over (8500796 <= id <= 8500805)  (cost=2.28 rows=10)


table 7 : explain SELECT c FROM sbtest7 WHERE id BETWEEN 5294441 AND 5294450
	-> Filter: (sbtest7.id between 5294441 and 5294450)  (cost=2.28 rows=10)
    -> Index range scan on sbtest7 using PRIMARY over (5294441 <= id <= 5294450)  (cost=2.28 rows=10)


table 8 : explain SELECT c FROM sbtest8 WHERE id BETWEEN 6551673 AND 6551682
	-> Filter: (sbtest8.id between 6551673 and 6551682)  (cost=2.28 rows=10)
    -> Index range scan on sbtest8 using PRIMARY over (6551673 <= id <= 6551682)  (cost=2.28 rows=10)


for: simple_ranges
table 1 : explain SELECT c FROM sbtest1 WHERE id BETWEEN 648876 AND 648885
	-> Filter: (sbtest1.id between 648876 and 648885)  (cost=2.28 rows=10)
    -> Index range scan on sbtest1 using PRIMARY over (648876 <= id <= 648885)  (cost=2.28 rows=10)


table 2 : explain SELECT c FROM sbtest2 WHERE id BETWEEN 3188639 AND 3188648
	-> Filter: (sbtest2.id between 3188639 and 3188648)  (cost=2.28 rows=10)
    -> Index range scan on sbtest2 using PRIMARY over (3188639 <= id <= 3188648)  (cost=2.28 rows=10)


table 3 : explain SELECT c FROM sbtest3 WHERE id BETWEEN 6357155 AND 6357164
	-> Filter: (sbtest3.id between 6357155 and 6357164)  (cost=2.28 rows=10)
    -> Index range scan on sbtest3 using PRIMARY over (6357155 <= id <= 6357164)  (cost=2.28 rows=10)


table 4 : explain SELECT c FROM sbtest4 WHERE id BETWEEN 6735315 AND 6735324
	-> Filter: (sbtest4.id between 6735315 and 6735324)  (cost=2.28 rows=10)
    -> Index range scan on sbtest4 using PRIMARY over (6735315 <= id <= 6735324)  (cost=2.28 rows=10)


table 5 : explain SELECT c FROM sbtest5 WHERE id BETWEEN 704925 AND 704934
	-> Filter: (sbtest5.id between 704925 and 704934)  (cost=2.28 rows=10)
    -> Index range scan on sbtest5 using PRIMARY over (704925 <= id <= 704934)  (cost=2.28 rows=10)


table 6 : explain SELECT c FROM sbtest6 WHERE id BETWEEN 5390865 AND 5390874
	-> Filter: (sbtest6.id between 5390865 and 5390874)  (cost=2.28 rows=10)
    -> Index range scan on sbtest6 using PRIMARY over (5390865 <= id <= 5390874)  (cost=2.28 rows=10)


table 7 : explain SELECT c FROM sbtest7 WHERE id BETWEEN 9299004 AND 9299013
	-> Filter: (sbtest7.id between 9299004 and 9299013)  (cost=2.28 rows=10)
    -> Index range scan on sbtest7 using PRIMARY over (9299004 <= id <= 9299013)  (cost=2.28 rows=10)


table 8 : explain SELECT c FROM sbtest8 WHERE id BETWEEN 154943 AND 154952
	-> Filter: (sbtest8.id between 154943 and 154952)  (cost=2.28 rows=10)
    -> Index range scan on sbtest8 using PRIMARY over (154943 <= id <= 154952)  (cost=2.28 rows=10)


explain: for point_selects :: explain SELECT c FROM sbtest%u WHERE id=%u
for: simple_ranges
table 1 : explain SELECT c FROM sbtest1 WHERE id BETWEEN 4001653 AND 4001662
	-> Filter: (sbtest1.id between 4001653 and 4001662)  (cost=2.28 rows=10)
    -> Index range scan on sbtest1 using PRIMARY over (4001653 <= id <= 4001662)  (cost=2.28 rows=10)


table 2 : explain SELECT c FROM sbtest2 WHERE id BETWEEN 8852867 AND 8852876
	-> Filter: (sbtest2.id between 8852867 and 8852876)  (cost=2.28 rows=10)
    -> Index range scan on sbtest2 using PRIMARY over (8852867 <= id <= 8852876)  (cost=2.28 rows=10)


table 3 : explain SELECT c FROM sbtest3 WHERE id BETWEEN 4383778 AND 4383787
	-> Filter: (sbtest3.id between 4383778 and 4383787)  (cost=2.28 rows=10)
    -> Index range scan on sbtest3 using PRIMARY over (4383778 <= id <= 4383787)  (cost=2.28 rows=10)


table 4 : explain SELECT c FROM sbtest4 WHERE id BETWEEN 9569849 AND 9569858
	-> Filter: (sbtest4.id between 9569849 and 9569858)  (cost=2.28 rows=10)
    -> Index range scan on sbtest4 using PRIMARY over (9569849 <= id <= 9569858)  (cost=2.28 rows=10)


table 5 : explain SELECT c FROM sbtest5 WHERE id BETWEEN 4744945 AND 4744954
	-> Filter: (sbtest5.id between 4744945 and 4744954)  (cost=2.28 rows=10)
    -> Index range scan on sbtest5 using PRIMARY over (4744945 <= id <= 4744954)  (cost=2.28 rows=10)


table 6 : explain SELECT c FROM sbtest6 WHERE id BETWEEN 6167794 AND 6167803
	-> Filter: (sbtest6.id between 6167794 and 6167803)  (cost=2.28 rows=10)
    -> Index range scan on sbtest6 using PRIMARY over (6167794 <= id <= 6167803)  (cost=2.28 rows=10)


table 7 : explain SELECT c FROM sbtest7 WHERE id BETWEEN 7003096 AND 7003105
	-> Filter: (sbtest7.id between 7003096 and 7003105)  (cost=2.28 rows=10)
    -> Index range scan on sbtest7 using PRIMARY over (7003096 <= id <= 7003105)  (cost=2.28 rows=10)


table 8 : explain SELECT c FROM sbtest8 WHERE id BETWEEN 7973650 AND 7973659
	-> Filter: (sbtest8.id between 7973650 and 7973659)  (cost=2.28 rows=10)
    -> Index range scan on sbtest8 using PRIMARY over (7973650 <= id <= 7973659)  (cost=2.28 rows=10)


for: simple_ranges
table 1 : explain SELECT c FROM sbtest1 WHERE id BETWEEN 8016494 AND 8016503
	-> Filter: (sbtest1.id between 8016494 and 8016503)  (cost=2.28 rows=10)
    -> Index range scan on sbtest1 using PRIMARY over (8016494 <= id <= 8016503)  (cost=2.28 rows=10)


table 2 : explain SELECT c FROM sbtest2 WHERE id BETWEEN 8564792 AND 8564801
	-> Filter: (sbtest2.id between 8564792 and 8564801)  (cost=2.28 rows=10)
    -> Index range scan on sbtest2 using PRIMARY over (8564792 <= id <= 8564801)  (cost=2.28 rows=10)


table 3 : explain SELECT c FROM sbtest3 WHERE id BETWEEN 2142566 AND 2142575
	-> Filter: (sbtest3.id between 2142566 and 2142575)  (cost=2.28 rows=10)
    -> Index range scan on sbtest3 using PRIMARY over (2142566 <= id <= 2142575)  (cost=2.28 rows=10)


table 4 : explain SELECT c FROM sbtest4 WHERE id BETWEEN 4872614 AND 4872623
	-> Filter: (sbtest4.id between 4872614 and 4872623)  (cost=2.28 rows=10)
    -> Index range scan on sbtest4 using PRIMARY over (4872614 <= id <= 4872623)  (cost=2.28 rows=10)


table 5 : explain SELECT c FROM sbtest5 WHERE id BETWEEN 3957851 AND 3957860
	-> Filter: (sbtest5.id between 3957851 and 3957860)  (cost=2.28 rows=10)
    -> Index range scan on sbtest5 using PRIMARY over (3957851 <= id <= 3957860)  (cost=2.28 rows=10)


table 6 : explain SELECT c FROM sbtest6 WHERE id BETWEEN 4578304 AND 4578313
	-> Filter: (sbtest6.id between 4578304 and 4578313)  (cost=2.28 rows=10)
    -> Index range scan on sbtest6 using PRIMARY over (4578304 <= id <= 4578313)  (cost=2.28 rows=10)


table 7 : explain SELECT c FROM sbtest7 WHERE id BETWEEN 8658684 AND 8658693
	-> Filter: (sbtest7.id between 8658684 and 8658693)  (cost=2.28 rows=10)
    -> Index range scan on sbtest7 using PRIMARY over (8658684 <= id <= 8658693)  (cost=2.28 rows=10)


table 8 : explain SELECT c FROM sbtest8 WHERE id BETWEEN 384342 AND 384351
	-> Filter: (sbtest8.id between 384342 and 384351)  (cost=2.28 rows=10)
    -> Index range scan on sbtest8 using PRIMARY over (384342 <= id <= 384351)  (cost=2.28 rows=10)


for: simple_ranges
table 1 : explain SELECT c FROM sbtest1 WHERE id BETWEEN 1584371 AND 1584380
	-> Filter: (sbtest1.id between 1584371 and 1584380)  (cost=2.28 rows=10)
    -> Index range scan on sbtest1 using PRIMARY over (1584371 <= id <= 1584380)  (cost=2.28 rows=10)


table 2 : explain SELECT c FROM sbtest2 WHERE id BETWEEN 2176997 AND 2177006
	-> Filter: (sbtest2.id between 2176997 and 2177006)  (cost=2.28 rows=10)
    -> Index range scan on sbtest2 using PRIMARY over (2176997 <= id <= 2177006)  (cost=2.28 rows=10)


table 3 : explain SELECT c FROM sbtest3 WHERE id BETWEEN 2349044 AND 2349053
	-> Filter: (sbtest3.id between 2349044 and 2349053)  (cost=2.28 rows=10)
    -> Index range scan on sbtest3 using PRIMARY over (2349044 <= id <= 2349053)  (cost=2.28 rows=10)


table 4 : explain SELECT c FROM sbtest4 WHERE id BETWEEN 1359521 AND 1359530
	-> Filter: (sbtest4.id between 1359521 and 1359530)  (cost=2.28 rows=10)
    -> Index range scan on sbtest4 using PRIMARY over (1359521 <= id <= 1359530)  (cost=2.28 rows=10)


table 5 : explain SELECT c FROM sbtest5 WHERE id BETWEEN 466790 AND 466799
	-> Filter: (sbtest5.id between 466790 and 466799)  (cost=2.28 rows=10)
    -> Index range scan on sbtest5 using PRIMARY over (466790 <= id <= 466799)  (cost=2.28 rows=10)


table 6 : explain SELECT c FROM sbtest6 WHERE id BETWEEN 5705859 AND 5705868
	-> Filter: (sbtest6.id between 5705859 and 5705868)  (cost=2.28 rows=10)
    -> Index range scan on sbtest6 using PRIMARY over (5705859 <= id <= 5705868)  (cost=2.28 rows=10)


table 7 : explain SELECT c FROM sbtest7 WHERE id BETWEEN 6893329 AND 6893338
	-> Filter: (sbtest7.id between 6893329 and 6893338)  (cost=2.28 rows=10)
    -> Index range scan on sbtest7 using PRIMARY over (6893329 <= id <= 6893338)  (cost=2.28 rows=10)


table 8 : explain SELECT c FROM sbtest8 WHERE id BETWEEN 4488837 AND 4488846
	-> Filter: (sbtest8.id between 4488837 and 4488846)  (cost=2.28 rows=10)
    -> Index range scan on sbtest8 using PRIMARY over (4488837 <= id <= 4488846)  (cost=2.28 rows=10)


for: simple_ranges
table 1 : explain SELECT c FROM sbtest1 WHERE id BETWEEN 5124266 AND 5124275
	-> Filter: (sbtest1.id between 5124266 and 5124275)  (cost=2.28 rows=10)
    -> Index range scan on sbtest1 using PRIMARY over (5124266 <= id <= 5124275)  (cost=2.28 rows=10)


table 2 : explain SELECT c FROM sbtest2 WHERE id BETWEEN 4156092 AND 4156101
	-> Filter: (sbtest2.id between 4156092 and 4156101)  (cost=2.28 rows=10)
    -> Index range scan on sbtest2 using PRIMARY over (4156092 <= id <= 4156101)  (cost=2.28 rows=10)


table 3 : explain SELECT c FROM sbtest3 WHERE id BETWEEN 1281742 AND 1281751
	-> Filter: (sbtest3.id between 1281742 and 1281751)  (cost=2.28 rows=10)
    -> Index range scan on sbtest3 using PRIMARY over (1281742 <= id <= 1281751)  (cost=2.28 rows=10)


table 4 : explain SELECT c FROM sbtest4 WHERE id BETWEEN 6822082 AND 6822091
	-> Filter: (sbtest4.id between 6822082 and 6822091)  (cost=2.28 rows=10)
    -> Index range scan on sbtest4 using PRIMARY over (6822082 <= id <= 6822091)  (cost=2.28 rows=10)


table 5 : explain SELECT c FROM sbtest5 WHERE id BETWEEN 8859594 AND 8859603
	-> Filter: (sbtest5.id between 8859594 and 8859603)  (cost=2.28 rows=10)
    -> Index range scan on sbtest5 using PRIMARY over (8859594 <= id <= 8859603)  (cost=2.28 rows=10)


table 6 : explain SELECT c FROM sbtest6 WHERE id BETWEEN 9973195 AND 9973204
	-> Filter: (sbtest6.id between 9973195 and 9973204)  (cost=2.28 rows=10)
    -> Index range scan on sbtest6 using PRIMARY over (9973195 <= id <= 9973204)  (cost=2.28 rows=10)


table 7 : explain SELECT c FROM sbtest7 WHERE id BETWEEN 9453277 AND 9453286
	-> Filter: (sbtest7.id between 9453277 and 9453286)  (cost=2.28 rows=10)
    -> Index range scan on sbtest7 using PRIMARY over (9453277 <= id <= 9453286)  (cost=2.28 rows=10)


table 8 : explain SELECT c FROM sbtest8 WHERE id BETWEEN 9856868 AND 9856877
	-> Filter: (sbtest8.id between 9856868 and 9856877)  (cost=2.28 rows=10)
    -> Index range scan on sbtest8 using PRIMARY over (9856868 <= id <= 9856877)  (cost=2.28 rows=10)


for: simple_ranges
table 1 : explain SELECT c FROM sbtest1 WHERE id BETWEEN 6279413 AND 6279422
	-> Filter: (sbtest1.id between 6279413 and 6279422)  (cost=2.28 rows=10)
    -> Index range scan on sbtest1 using PRIMARY over (6279413 <= id <= 6279422)  (cost=2.28 rows=10)


table 2 : explain SELECT c FROM sbtest2 WHERE id BETWEEN 9541967 AND 9541976
	-> Filter: (sbtest2.id between 9541967 and 9541976)  (cost=2.28 rows=10)
    -> Index range scan on sbtest2 using PRIMARY over (9541967 <= id <= 9541976)  (cost=2.28 rows=10)


table 3 : explain SELECT c FROM sbtest3 WHERE id BETWEEN 9127411 AND 9127420
	-> Filter: (sbtest3.id between 9127411 and 9127420)  (cost=2.28 rows=10)
    -> Index range scan on sbtest3 using PRIMARY over (9127411 <= id <= 9127420)  (cost=2.28 rows=10)


table 4 : explain SELECT c FROM sbtest4 WHERE id BETWEEN 4624950 AND 4624959
	-> Filter: (sbtest4.id between 4624950 and 4624959)  (cost=2.28 rows=10)
    -> Index range scan on sbtest4 using PRIMARY over (4624950 <= id <= 4624959)  (cost=2.28 rows=10)


table 5 : explain SELECT c FROM sbtest5 WHERE id BETWEEN 9366094 AND 9366103
	-> Filter: (sbtest5.id between 9366094 and 9366103)  (cost=2.28 rows=10)
    -> Index range scan on sbtest5 using PRIMARY over (9366094 <= id <= 9366103)  (cost=2.28 rows=10)


table 6 : explain SELECT c FROM sbtest6 WHERE id BETWEEN 6638945 AND 6638954
	-> Filter: (sbtest6.id between 6638945 and 6638954)  (cost=2.28 rows=10)
    -> Index range scan on sbtest6 using PRIMARY over (6638945 <= id <= 6638954)  (cost=2.28 rows=10)


table 7 : explain SELECT c FROM sbtest7 WHERE id BETWEEN 7324401 AND 7324410
	-> Filter: (sbtest7.id between 7324401 and 7324410)  (cost=2.28 rows=10)
    -> Index range scan on sbtest7 using PRIMARY over (7324401 <= id <= 7324410)  (cost=2.28 rows=10)


table 8 : explain SELECT c FROM sbtest8 WHERE id BETWEEN 1230816 AND 1230825
	-> Filter: (sbtest8.id between 1230816 and 1230825)  (cost=2.28 rows=10)
    -> Index range scan on sbtest8 using PRIMARY over (1230816 <= id <= 1230825)  (cost=2.28 rows=10)


for: simple_ranges
table 1 : explain SELECT c FROM sbtest1 WHERE id BETWEEN 934601 AND 934610
	-> Filter: (sbtest1.id between 934601 and 934610)  (cost=2.28 rows=10)
    -> Index range scan on sbtest1 using PRIMARY over (934601 <= id <= 934610)  (cost=2.28 rows=10)


table 2 : explain SELECT c FROM sbtest2 WHERE id BETWEEN 4408239 AND 4408248
	-> Filter: (sbtest2.id between 4408239 and 4408248)  (cost=2.28 rows=10)
    -> Index range scan on sbtest2 using PRIMARY over (4408239 <= id <= 4408248)  (cost=2.28 rows=10)


table 3 : explain SELECT c FROM sbtest3 WHERE id BETWEEN 734924 AND 734933
	-> Filter: (sbtest3.id between 734924 and 734933)  (cost=2.28 rows=10)
    -> Index range scan on sbtest3 using PRIMARY over (734924 <= id <= 734933)  (cost=2.28 rows=10)


table 4 : explain SELECT c FROM sbtest4 WHERE id BETWEEN 5022748 AND 5022757
	-> Filter: (sbtest4.id between 5022748 and 5022757)  (cost=2.28 rows=10)
    -> Index range scan on sbtest4 using PRIMARY over (5022748 <= id <= 5022757)  (cost=2.28 rows=10)


table 5 : explain SELECT c FROM sbtest5 WHERE id BETWEEN 619513 AND 619522
	-> Filter: (sbtest5.id between 619513 and 619522)  (cost=2.28 rows=10)
    -> Index range scan on sbtest5 using PRIMARY over (619513 <= id <= 619522)  (cost=2.28 rows=10)


table 6 : explain SELECT c FROM sbtest6 WHERE id BETWEEN 735159 AND 735168
	-> Filter: (sbtest6.id between 735159 and 735168)  (cost=2.28 rows=10)
    -> Index range scan on sbtest6 using PRIMARY over (735159 <= id <= 735168)  (cost=2.28 rows=10)


table 7 : explain SELECT c FROM sbtest7 WHERE id BETWEEN 1217381 AND 1217390
	-> Filter: (sbtest7.id between 1217381 and 1217390)  (cost=2.28 rows=10)
    -> Index range scan on sbtest7 using PRIMARY over (1217381 <= id <= 1217390)  (cost=2.28 rows=10)


table 8 : explain SELECT c FROM sbtest8 WHERE id BETWEEN 3016337 AND 3016346
	-> Filter: (sbtest8.id between 3016337 and 3016346)  (cost=2.28 rows=10)
    -> Index range scan on sbtest8 using PRIMARY over (3016337 <= id <= 3016346)  (cost=2.28 rows=10)


for: simple_ranges
table 1 : explain SELECT c FROM sbtest1 WHERE id BETWEEN 8730396 AND 8730405
	-> Filter: (sbtest1.id between 8730396 and 8730405)  (cost=2.28 rows=10)
    -> Index range scan on sbtest1 using PRIMARY over (8730396 <= id <= 8730405)  (cost=2.28 rows=10)


table 2 : explain SELECT c FROM sbtest2 WHERE id BETWEEN 9097957 AND 9097966
	-> Filter: (sbtest2.id between 9097957 and 9097966)  (cost=2.28 rows=10)
    -> Index range scan on sbtest2 using PRIMARY over (9097957 <= id <= 9097966)  (cost=2.28 rows=10)


table 3 : explain SELECT c FROM sbtest3 WHERE id BETWEEN 273171 AND 273180
	-> Filter: (sbtest3.id between 273171 and 273180)  (cost=2.28 rows=10)
    -> Index range scan on sbtest3 using PRIMARY over (273171 <= id <= 273180)  (cost=2.28 rows=10)


table 4 : explain SELECT c FROM sbtest4 WHERE id BETWEEN 1604997 AND 1605006
	-> Filter: (sbtest4.id between 1604997 and 1605006)  (cost=2.28 rows=10)
    -> Index range scan on sbtest4 using PRIMARY over (1604997 <= id <= 1605006)  (cost=2.28 rows=10)


table 5 : explain SELECT c FROM sbtest5 WHERE id BETWEEN 5569274 AND 5569283
	-> Filter: (sbtest5.id between 5569274 and 5569283)  (cost=2.28 rows=10)
    -> Index range scan on sbtest5 using PRIMARY over (5569274 <= id <= 5569283)  (cost=2.28 rows=10)


table 6 : explain SELECT c FROM sbtest6 WHERE id BETWEEN 2521477 AND 2521486
	-> Filter: (sbtest6.id between 2521477 and 2521486)  (cost=2.28 rows=10)
    -> Index range scan on sbtest6 using PRIMARY over (2521477 <= id <= 2521486)  (cost=2.28 rows=10)


table 7 : explain SELECT c FROM sbtest7 WHERE id BETWEEN 8010006 AND 8010015
	-> Filter: (sbtest7.id between 8010006 and 8010015)  (cost=2.28 rows=10)
    -> Index range scan on sbtest7 using PRIMARY over (8010006 <= id <= 8010015)  (cost=2.28 rows=10)


table 8 : explain SELECT c FROM sbtest8 WHERE id BETWEEN 8222479 AND 8222488
	-> Filter: (sbtest8.id between 8222479 and 8222488)  (cost=2.28 rows=10)
    -> Index range scan on sbtest8 using PRIMARY over (8222479 <= id <= 8222488)  (cost=2.28 rows=10)

explain: for point_selects :: explain SELECT c FROM sbtest%u WHERE id=%u

for point_selects
table 1 : explain SELECT c FROM sbtest1 WHERE id=5784828
	-> Rows fetched before execution  (cost=0..0 rows=1)


table 2 : explain SELECT c FROM sbtest2 WHERE id=9061626
	-> Rows fetched before execution  (cost=0..0 rows=1)


table 3 : explain SELECT c FROM sbtest3 WHERE id=8870949
	-> Rows fetched before execution  (cost=0..0 rows=1)


table 4 : explain SELECT c FROM sbtest4 WHERE id=9207593
	-> Rows fetched before execution  (cost=0..0 rows=1)


table 5 : explain SELECT c FROM sbtest5 WHERE id=1609297
	-> Rows fetched before execution  (cost=0..0 rows=1)


table 6 : explain SELECT c FROM sbtest6 WHERE id=2416122
	-> Rows fetched before execution  (cost=0..0 rows=1)


table 7 : explain SELECT c FROM sbtest7 WHERE id=4764994
	-> Rows fetched before execution  (cost=0..0 rows=1)


table 8 : explain SELECT c FROM sbtest8 WHERE id=4552942
	-> Rows fetched before execution  (cost=0..0 rows=1)


for: simple_ranges
table 1 : explain SELECT c FROM sbtest1 WHERE id BETWEEN 6779664 AND 6779673
	-> Filter: (sbtest1.id between 6779664 and 6779673)  (cost=2.28 rows=10)
    -> Index range scan on sbtest1 using PRIMARY over (6779664 <= id <= 6779673)  (cost=2.28 rows=10)


table 2 : explain SELECT c FROM sbtest2 WHERE id BETWEEN 8624313 AND 8624322
	-> Filter: (sbtest2.id between 8624313 and 8624322)  (cost=2.28 rows=10)
    -> Index range scan on sbtest2 using PRIMARY over (8624313 <= id <= 8624322)  (cost=2.28 rows=10)


table 3 : explain SELECT c FROM sbtest3 WHERE id BETWEEN 3121593 AND 3121602
	-> Filter: (sbtest3.id between 3121593 and 3121602)  (cost=2.28 rows=10)
    -> Index range scan on sbtest3 using PRIMARY over (3121593 <= id <= 3121602)  (cost=2.28 rows=10)


table 4 : explain SELECT c FROM sbtest4 WHERE id BETWEEN 7568061 AND 7568070
	-> Filter: (sbtest4.id between 7568061 and 7568070)  (cost=2.28 rows=10)
    -> Index range scan on sbtest4 using PRIMARY over (7568061 <= id <= 7568070)  (cost=2.28 rows=10)


table 5 : explain SELECT c FROM sbtest5 WHERE id BETWEEN 2094470 AND 2094479
	-> Filter: (sbtest5.id between 2094470 and 2094479)  (cost=2.28 rows=10)
    -> Index range scan on sbtest5 using PRIMARY over (2094470 <= id <= 2094479)  (cost=2.28 rows=10)


table 6 : explain SELECT c FROM sbtest6 WHERE id BETWEEN 63666 AND 63675
	-> Filter: (sbtest6.id between 63666 and 63675)  (cost=2.28 rows=10)
    -> Index range scan on sbtest6 using PRIMARY over (63666 <= id <= 63675)  (cost=2.28 rows=10)


table 7 : explain SELECT c FROM sbtest7 WHERE id BETWEEN 628294 AND 628303
	-> Filter: (sbtest7.id between 628294 and 628303)  (cost=2.28 rows=10)
    -> Index range scan on sbtest7 using PRIMARY over (628294 <= id <= 628303)  (cost=2.28 rows=10)


table 8 : explain SELECT c FROM sbtest8 WHERE id BETWEEN 3839503 AND 3839512
	-> Filter: (sbtest8.id between 3839503 and 3839512)  (cost=2.28 rows=10)
    -> Index range scan on sbtest8 using PRIMARY over (3839503 <= id <= 3839512)  (cost=2.28 rows=10)


for: simple_ranges
table 1 : explain SELECT c FROM sbtest1 WHERE id BETWEEN 7055061 AND 7055070
	-> Filter: (sbtest1.id between 7055061 and 7055070)  (cost=2.28 rows=10)
    -> Index range scan on sbtest1 using PRIMARY over (7055061 <= id <= 7055070)  (cost=2.28 rows=10)


table 2 : explain SELECT c FROM sbtest2 WHERE id BETWEEN 5052945 AND 5052954
	-> Filter: (sbtest2.id between 5052945 and 5052954)  (cost=2.28 rows=10)
    -> Index range scan on sbtest2 using PRIMARY over (5052945 <= id <= 5052954)  (cost=2.28 rows=10)


table 3 : explain SELECT c FROM sbtest3 WHERE id BETWEEN 3402387 AND 3402396
	-> Filter: (sbtest3.id between 3402387 and 3402396)  (cost=2.28 rows=10)
    -> Index range scan on sbtest3 using PRIMARY over (3402387 <= id <= 3402396)  (cost=2.28 rows=10)


table 4 : explain SELECT c FROM sbtest4 WHERE id BETWEEN 2111126 AND 2111135
	-> Filter: (sbtest4.id between 2111126 and 2111135)  (cost=2.28 rows=10)
    -> Index range scan on sbtest4 using PRIMARY over (2111126 <= id <= 2111135)  (cost=2.28 rows=10)


table 5 : explain SELECT c FROM sbtest5 WHERE id BETWEEN 485838 AND 485847
	-> Filter: (sbtest5.id between 485838 and 485847)  (cost=2.28 rows=10)
    -> Index range scan on sbtest5 using PRIMARY over (485838 <= id <= 485847)  (cost=2.28 rows=10)


table 6 : explain SELECT c FROM sbtest6 WHERE id BETWEEN 4350999 AND 4351008
	-> Filter: (sbtest6.id between 4350999 and 4351008)  (cost=2.28 rows=10)
    -> Index range scan on sbtest6 using PRIMARY over (4350999 <= id <= 4351008)  (cost=2.28 rows=10)


table 7 : explain SELECT c FROM sbtest7 WHERE id BETWEEN 2664002 AND 2664011
	-> Filter: (sbtest7.id between 2664002 and 2664011)  (cost=2.28 rows=10)
    -> Index range scan on sbtest7 using PRIMARY over (2664002 <= id <= 2664011)  (cost=2.28 rows=10)


table 8 : explain SELECT c FROM sbtest8 WHERE id BETWEEN 8798527 AND 8798536
	-> Filter: (sbtest8.id between 8798527 and 8798536)  (cost=2.28 rows=10)
    -> Index range scan on sbtest8 using PRIMARY over (8798527 <= id <= 8798536)  (cost=2.28 rows=10)


explain: for point_selects :: explain SELECT c FROM sbtest%u WHERE id=%u
for point_selects
table 1 : explain SELECT c FROM sbtest1 WHERE id=5967610
	-> Rows fetched before execution  (cost=0..0 rows=1)


table 2 : explain SELECT c FROM sbtest2 WHERE id=8177247
	-> Rows fetched before execution  (cost=0..0 rows=1)


table 3 : explain SELECT c FROM sbtest3 WHERE id=6064401
	-> Rows fetched before execution  (cost=0..0 rows=1)


table 4 : explain SELECT c FROM sbtest4 WHERE id=8073979
	-> Rows fetched before execution  (cost=0..0 rows=1)


table 5 : explain SELECT c FROM sbtest5 WHERE id=2156779
	-> Rows fetched before execution  (cost=0..0 rows=1)


table 6 : explain SELECT c FROM sbtest6 WHERE id=9030127
	-> Rows fetched before execution  (cost=0..0 rows=1)


table 7 : explain SELECT c FROM sbtest7 WHERE id=820563
	-> Rows fetched before execution  (cost=0..0 rows=1)


table 8 : explain SELECT c FROM sbtest8 WHERE id=6134866
	-> Rows fetched before execution  (cost=0..0 rows=1)


explain: for point_selects :: explain SELECT c FROM sbtest%u WHERE id=%u
for: sum_ranges
table 1 : explain SELECT SUM(k) FROM sbtest1 WHERE id BETWEEN 6580649 AND 6580658
	-> Aggregate: sum(sbtest1.k)  (cost=4.58 rows=1)
    -> Filter: (sbtest1.id between 6580649 and 6580658)  (cost=2.28 rows=10)
        -> Index range scan on sbtest1 using PRIMARY over (6580649 <= id <= 6580658)  (cost=2.28 rows=10)


table 2 : explain SELECT SUM(k) FROM sbtest2 WHERE id BETWEEN 2365696 AND 2365705
	-> Aggregate: sum(sbtest2.k)  (cost=4.58 rows=1)
    -> Filter: (sbtest2.id between 2365696 and 2365705)  (cost=2.28 rows=10)
        -> Index range scan on sbtest2 using PRIMARY over (2365696 <= id <= 2365705)  (cost=2.28 rows=10)


table 3 : explain SELECT SUM(k) FROM sbtest3 WHERE id BETWEEN 7017403 AND 7017412
	-> Aggregate: sum(sbtest3.k)  (cost=4.58 rows=1)
    -> Filter: (sbtest3.id between 7017403 and 7017412)  (cost=2.28 rows=10)
        -> Index range scan on sbtest3 using PRIMARY over (7017403 <= id <= 7017412)  (cost=2.28 rows=10)


table 4 : explain SELECT SUM(k) FROM sbtest4 WHERE id BETWEEN 5286562 AND 5286571
	-> Aggregate: sum(sbtest4.k)  (cost=4.58 rows=1)
    -> Filter: (sbtest4.id between 5286562 and 5286571)  (cost=2.28 rows=10)
        -> Index range scan on sbtest4 using PRIMARY over (5286562 <= id <= 5286571)  (cost=2.28 rows=10)


table 5 : explain SELECT SUM(k) FROM sbtest5 WHERE id BETWEEN 8533588 AND 8533597
	-> Aggregate: sum(sbtest5.k)  (cost=4.58 rows=1)
    -> Filter: (sbtest5.id between 8533588 and 8533597)  (cost=2.28 rows=10)
        -> Index range scan on sbtest5 using PRIMARY over (8533588 <= id <= 8533597)  (cost=2.28 rows=10)


table 6 : explain SELECT SUM(k) FROM sbtest6 WHERE id BETWEEN 1715254 AND 1715263
	-> Aggregate: sum(sbtest6.k)  (cost=4.58 rows=1)
    -> Filter: (sbtest6.id between 1715254 and 1715263)  (cost=2.28 rows=10)
        -> Index range scan on sbtest6 using PRIMARY over (1715254 <= id <= 1715263)  (cost=2.28 rows=10)


table 7 : explain SELECT SUM(k) FROM sbtest7 WHERE id BETWEEN 9863209 AND 9863218
	-> Aggregate: sum(sbtest7.k)  (cost=4.58 rows=1)
    -> Filter: (sbtest7.id between 9863209 and 9863218)  (cost=2.28 rows=10)
        -> Index range scan on sbtest7 using PRIMARY over (9863209 <= id <= 9863218)  (cost=2.28 rows=10)


table 8 : explain SELECT SUM(k) FROM sbtest8 WHERE id BETWEEN 2813163 AND 2813172
	-> Aggregate: sum(sbtest8.k)  (cost=4.58 rows=1)
    -> Filter: (sbtest8.id between 2813163 and 2813172)  (cost=2.28 rows=10)
        -> Index range scan on sbtest8 using PRIMARY over (2813163 <= id <= 2813172)  (cost=2.28 rows=10)


for: sum_ranges
table 1 : explain SELECT SUM(k) FROM sbtest1 WHERE id BETWEEN 8911236 AND 8911245
	-> Aggregate: sum(sbtest1.k)  (cost=4.58 rows=1)
    -> Filter: (sbtest1.id between 8911236 and 8911245)  (cost=2.28 rows=10)
        -> Index range scan on sbtest1 using PRIMARY over (8911236 <= id <= 8911245)  (cost=2.28 rows=10)


table 2 : explain SELECT SUM(k) FROM sbtest2 WHERE id BETWEEN 3842260 AND 3842269
	-> Aggregate: sum(sbtest2.k)  (cost=4.58 rows=1)
    -> Filter: (sbtest2.id between 3842260 and 3842269)  (cost=2.28 rows=10)
        -> Index range scan on sbtest2 using PRIMARY over (3842260 <= id <= 3842269)  (cost=2.28 rows=10)


table 3 : explain SELECT SUM(k) FROM sbtest3 WHERE id BETWEEN 9868198 AND 9868207
	-> Aggregate: sum(sbtest3.k)  (cost=4.58 rows=1)
    -> Filter: (sbtest3.id between 9868198 and 9868207)  (cost=2.28 rows=10)
        -> Index range scan on sbtest3 using PRIMARY over (9868198 <= id <= 9868207)  (cost=2.28 rows=10)


table 4 : explain SELECT SUM(k) FROM sbtest4 WHERE id BETWEEN 7885915 AND 7885924
	-> Aggregate: sum(sbtest4.k)  (cost=4.58 rows=1)
    -> Filter: (sbtest4.id between 7885915 and 7885924)  (cost=2.28 rows=10)
        -> Index range scan on sbtest4 using PRIMARY over (7885915 <= id <= 7885924)  (cost=2.28 rows=10)


table 5 : explain SELECT SUM(k) FROM sbtest5 WHERE id BETWEEN 5885203 AND 5885212
	-> Aggregate: sum(sbtest5.k)  (cost=4.58 rows=1)
    -> Filter: (sbtest5.id between 5885203 and 5885212)  (cost=2.28 rows=10)
        -> Index range scan on sbtest5 using PRIMARY over (5885203 <= id <= 5885212)  (cost=2.28 rows=10)


table 6 : explain SELECT SUM(k) FROM sbtest6 WHERE id BETWEEN 8896883 AND 8896892
	-> Aggregate: sum(sbtest6.k)  (cost=4.58 rows=1)
    -> Filter: (sbtest6.id between 8896883 and 8896892)  (cost=2.28 rows=10)
        -> Index range scan on sbtest6 using PRIMARY over (8896883 <= id <= 8896892)  (cost=2.28 rows=10)


table 7 : explain SELECT SUM(k) FROM sbtest7 WHERE id BETWEEN 6274307 AND 6274316
	-> Aggregate: sum(sbtest7.k)  (cost=4.58 rows=1)
    -> Filter: (sbtest7.id between 6274307 and 6274316)  (cost=2.28 rows=10)
        -> Index range scan on sbtest7 using PRIMARY over (6274307 <= id <= 6274316)  (cost=2.28 rows=10)


table 8 : explain SELECT SUM(k) FROM sbtest8 WHERE id BETWEEN 1653402 AND 1653411
	-> Aggregate: sum(sbtest8.k)  (cost=4.58 rows=1)
    -> Filter: (sbtest8.id between 1653402 and 1653411)  (cost=2.28 rows=10)
        -> Index range scan on sbtest8 using PRIMARY over (1653402 <= id <= 1653411)  (cost=2.28 rows=10)


for: simple_ranges
table 1 : explain SELECT c FROM sbtest1 WHERE id BETWEEN 2893255 AND 2893264
	-> Filter: (sbtest1.id between 2893255 and 2893264)  (cost=2.28 rows=10)
    -> Index range scan on sbtest1 using PRIMARY over (2893255 <= id <= 2893264)  (cost=2.28 rows=10)


table 2 : explain SELECT c FROM sbtest2 WHERE id BETWEEN 8740517 AND 8740526
	-> Filter: (sbtest2.id between 8740517 and 8740526)  (cost=2.28 rows=10)
    -> Index range scan on sbtest2 using PRIMARY over (8740517 <= id <= 8740526)  (cost=2.28 rows=10)


table 3 : explain SELECT c FROM sbtest3 WHERE id BETWEEN 1095926 AND 1095935
	-> Filter: (sbtest3.id between 1095926 and 1095935)  (cost=2.28 rows=10)
    -> Index range scan on sbtest3 using PRIMARY over (1095926 <= id <= 1095935)  (cost=2.28 rows=10)


table 4 : explain SELECT c FROM sbtest4 WHERE id BETWEEN 5784690 AND 5784699
	-> Filter: (sbtest4.id between 5784690 and 5784699)  (cost=2.28 rows=10)
    -> Index range scan on sbtest4 using PRIMARY over (5784690 <= id <= 5784699)  (cost=2.28 rows=10)


table 5 : explain SELECT c FROM sbtest5 WHERE id BETWEEN 7770417 AND 7770426
	-> Filter: (sbtest5.id between 7770417 and 7770426)  (cost=2.28 rows=10)
    -> Index range scan on sbtest5 using PRIMARY over (7770417 <= id <= 7770426)  (cost=2.28 rows=10)


table 6 : explain SELECT c FROM sbtest6 WHERE id BETWEEN 7152950 AND 7152959
	-> Filter: (sbtest6.id between 7152950 and 7152959)  (cost=2.28 rows=10)
    -> Index range scan on sbtest6 using PRIMARY over (7152950 <= id <= 7152959)  (cost=2.28 rows=10)


table 7 : explain SELECT c FROM sbtest7 WHERE id BETWEEN 9549878 AND 9549887
	-> Filter: (sbtest7.id between 9549878 and 9549887)  (cost=2.28 rows=10)
    -> Index range scan on sbtest7 using PRIMARY over (9549878 <= id <= 9549887)  (cost=2.28 rows=10)


table 8 : explain SELECT c FROM sbtest8 WHERE id BETWEEN 9466947 AND 9466956
	-> Filter: (sbtest8.id between 9466947 and 9466956)  (cost=2.28 rows=10)
    -> Index range scan on sbtest8 using PRIMARY over (9466947 <= id <= 9466956)  (cost=2.28 rows=10)


for: simple_ranges
table 1 : explain SELECT c FROM sbtest1 WHERE id BETWEEN 7513574 AND 7513583
	-> Filter: (sbtest1.id between 7513574 and 7513583)  (cost=2.28 rows=10)
    -> Index range scan on sbtest1 using PRIMARY over (7513574 <= id <= 7513583)  (cost=2.28 rows=10)


table 2 : explain SELECT c FROM sbtest2 WHERE id BETWEEN 674067 AND 674076
	-> Filter: (sbtest2.id between 674067 and 674076)  (cost=2.28 rows=10)
    -> Index range scan on sbtest2 using PRIMARY over (674067 <= id <= 674076)  (cost=2.28 rows=10)


table 3 : explain SELECT c FROM sbtest3 WHERE id BETWEEN 4983878 AND 4983887
	-> Filter: (sbtest3.id between 4983878 and 4983887)  (cost=2.28 rows=10)
    -> Index range scan on sbtest3 using PRIMARY over (4983878 <= id <= 4983887)  (cost=2.28 rows=10)


table 4 : explain SELECT c FROM sbtest4 WHERE id BETWEEN 1416092 AND 1416101
	-> Filter: (sbtest4.id between 1416092 and 1416101)  (cost=2.28 rows=10)
    -> Index range scan on sbtest4 using PRIMARY over (1416092 <= id <= 1416101)  (cost=2.28 rows=10)


table 5 : explain SELECT c FROM sbtest5 WHERE id BETWEEN 6160071 AND 6160080
	-> Filter: (sbtest5.id between 6160071 and 6160080)  (cost=2.28 rows=10)
    -> Index range scan on sbtest5 using PRIMARY over (6160071 <= id <= 6160080)  (cost=2.28 rows=10)


table 6 : explain SELECT c FROM sbtest6 WHERE id BETWEEN 8342612 AND 8342621
	-> Filter: (sbtest6.id between 8342612 and 8342621)  (cost=2.28 rows=10)
    -> Index range scan on sbtest6 using PRIMARY over (8342612 <= id <= 8342621)  (cost=2.28 rows=10)


table 7 : explain SELECT c FROM sbtest7 WHERE id BETWEEN 4826761 AND 4826770
	-> Filter: (sbtest7.id between 4826761 and 4826770)  (cost=2.28 rows=10)
    -> Index range scan on sbtest7 using PRIMARY over (4826761 <= id <= 4826770)  (cost=2.28 rows=10)


table 8 : explain SELECT c FROM sbtest8 WHERE id BETWEEN 7299934 AND 7299943
	-> Filter: (sbtest8.id between 7299934 and 7299943)  (cost=2.28 rows=10)
    -> Index range scan on sbtest8 using PRIMARY over (7299934 <= id <= 7299943)  (cost=2.28 rows=10)


for: sum_ranges
table 1 : explain SELECT SUM(k) FROM sbtest1 WHERE id BETWEEN 8668854 AND 8668863
	-> Aggregate: sum(sbtest1.k)  (cost=4.58 rows=1)
    -> Filter: (sbtest1.id between 8668854 and 8668863)  (cost=2.28 rows=10)
        -> Index range scan on sbtest1 using PRIMARY over (8668854 <= id <= 8668863)  (cost=2.28 rows=10)


table 2 : explain SELECT SUM(k) FROM sbtest2 WHERE id BETWEEN 6643525 AND 6643534
	-> Aggregate: sum(sbtest2.k)  (cost=4.58 rows=1)
    -> Filter: (sbtest2.id between 6643525 and 6643534)  (cost=2.28 rows=10)
        -> Index range scan on sbtest2 using PRIMARY over (6643525 <= id <= 6643534)  (cost=2.28 rows=10)


table 3 : explain SELECT SUM(k) FROM sbtest3 WHERE id BETWEEN 8593240 AND 8593249
	-> Aggregate: sum(sbtest3.k)  (cost=4.58 rows=1)
    -> Filter: (sbtest3.id between 8593240 and 8593249)  (cost=2.28 rows=10)
        -> Index range scan on sbtest3 using PRIMARY over (8593240 <= id <= 8593249)  (cost=2.28 rows=10)


table 4 : explain SELECT SUM(k) FROM sbtest4 WHERE id BETWEEN 5293932 AND 5293941
	-> Aggregate: sum(sbtest4.k)  (cost=4.58 rows=1)
    -> Filter: (sbtest4.id between 5293932 and 5293941)  (cost=2.28 rows=10)
        -> Index range scan on sbtest4 using PRIMARY over (5293932 <= id <= 5293941)  (cost=2.28 rows=10)


table 5 : explain SELECT SUM(k) FROM sbtest5 WHERE id BETWEEN 2227178 AND 2227187
	-> Aggregate: sum(sbtest5.k)  (cost=4.58 rows=1)
    -> Filter: (sbtest5.id between 2227178 and 2227187)  (cost=2.28 rows=10)
        -> Index range scan on sbtest5 using PRIMARY over (2227178 <= id <= 2227187)  (cost=2.28 rows=10)


table 6 : explain SELECT SUM(k) FROM sbtest6 WHERE id BETWEEN 8956540 AND 8956549
	-> Aggregate: sum(sbtest6.k)  (cost=4.58 rows=1)
    -> Filter: (sbtest6.id between 8956540 and 8956549)  (cost=2.28 rows=10)
        -> Index range scan on sbtest6 using PRIMARY over (8956540 <= id <= 8956549)  (cost=2.28 rows=10)


table 7 : explain SELECT SUM(k) FROM sbtest7 WHERE id BETWEEN 6720875 AND 6720884
	-> Aggregate: sum(sbtest7.k)  (cost=4.58 rows=1)
    -> Filter: (sbtest7.id between 6720875 and 6720884)  (cost=2.28 rows=10)
        -> Index range scan on sbtest7 using PRIMARY over (6720875 <= id <= 6720884)  (cost=2.28 rows=10)


table 8 : explain SELECT SUM(k) FROM sbtest8 WHERE id BETWEEN 3671270 AND 3671279
	-> Aggregate: sum(sbtest8.k)  (cost=4.58 rows=1)
    -> Filter: (sbtest8.id between 3671270 and 3671279)  (cost=2.28 rows=10)
        -> Index range scan on sbtest8 using PRIMARY over (3671270 <= id <= 3671279)  (cost=2.28 rows=10)


for point_selects
table 1 : explain SELECT c FROM sbtest1 WHERE id=7222408
	-> Rows fetched before execution  (cost=0..0 rows=1)


table 2 : explain SELECT c FROM sbtest2 WHERE id=1787017
	-> Rows fetched before execution  (cost=0..0 rows=1)


table 3 : explain SELECT c FROM sbtest3 WHERE id=8793473
	-> Rows fetched before execution  (cost=0..0 rows=1)


table 4 : explain SELECT c FROM sbtest4 WHERE id=7144561
	-> Rows fetched before execution  (cost=0..0 rows=1)


table 5 : explain SELECT c FROM sbtest5 WHERE id=6031955
	-> Rows fetched before execution  (cost=0..0 rows=1)


table 6 : explain SELECT c FROM sbtest6 WHERE id=5055738
	-> Rows fetched before execution  (cost=0..0 rows=1)


table 7 : explain SELECT c FROM sbtest7 WHERE id=1198303
	-> Rows fetched before execution  (cost=0..0 rows=1)


table 8 : explain SELECT c FROM sbtest8 WHERE id=558658
	-> Rows fetched before execution  (cost=0..0 rows=1)


for: simple_ranges
table 1 : explain SELECT c FROM sbtest1 WHERE id BETWEEN 7662781 AND 7662790
	-> Filter: (sbtest1.id between 7662781 and 7662790)  (cost=2.28 rows=10)
    -> Index range scan on sbtest1 using PRIMARY over (7662781 <= id <= 7662790)  (cost=2.28 rows=10)


table 2 : explain SELECT c FROM sbtest2 WHERE id BETWEEN 2312997 AND 2313006
	-> Filter: (sbtest2.id between 2312997 and 2313006)  (cost=2.28 rows=10)
    -> Index range scan on sbtest2 using PRIMARY over (2312997 <= id <= 2313006)  (cost=2.28 rows=10)


table 3 : explain SELECT c FROM sbtest3 WHERE id BETWEEN 4848136 AND 4848145
	-> Filter: (sbtest3.id between 4848136 and 4848145)  (cost=2.28 rows=10)
    -> Index range scan on sbtest3 using PRIMARY over (4848136 <= id <= 4848145)  (cost=2.28 rows=10)


table 4 : explain SELECT c FROM sbtest4 WHERE id BETWEEN 480449 AND 480458
	-> Filter: (sbtest4.id between 480449 and 480458)  (cost=2.28 rows=10)
    -> Index range scan on sbtest4 using PRIMARY over (480449 <= id <= 480458)  (cost=2.28 rows=10)


table 5 : explain SELECT c FROM sbtest5 WHERE id BETWEEN 6609855 AND 6609864
	-> Filter: (sbtest5.id between 6609855 and 6609864)  (cost=2.28 rows=10)
    -> Index range scan on sbtest5 using PRIMARY over (6609855 <= id <= 6609864)  (cost=2.28 rows=10)


table 6 : explain SELECT c FROM sbtest6 WHERE id BETWEEN 4622907 AND 4622916
	-> Filter: (sbtest6.id between 4622907 and 4622916)  (cost=2.28 rows=10)
    -> Index range scan on sbtest6 using PRIMARY over (4622907 <= id <= 4622916)  (cost=2.28 rows=10)


table 7 : explain SELECT c FROM sbtest7 WHERE id BETWEEN 9109951 AND 9109960
	-> Filter: (sbtest7.id between 9109951 and 9109960)  (cost=2.28 rows=10)
    -> Index range scan on sbtest7 using PRIMARY over (9109951 <= id <= 9109960)  (cost=2.28 rows=10)


table 8 : explain SELECT c FROM sbtest8 WHERE id BETWEEN 3400490 AND 3400499
	-> Filter: (sbtest8.id between 3400490 and 3400499)  (cost=2.28 rows=10)
    -> Index range scan on sbtest8 using PRIMARY over (3400490 <= id <= 3400499)  (cost=2.28 rows=10)


for: simple_ranges
table 1 : explain SELECT c FROM sbtest1 WHERE id BETWEEN 1970445 AND 1970454
	-> Filter: (sbtest1.id between 1970445 and 1970454)  (cost=2.28 rows=10)
    -> Index range scan on sbtest1 using PRIMARY over (1970445 <= id <= 1970454)  (cost=2.28 rows=10)


table 2 : explain SELECT c FROM sbtest2 WHERE id BETWEEN 7955818 AND 7955827
	-> Filter: (sbtest2.id between 7955818 and 7955827)  (cost=2.28 rows=10)
    -> Index range scan on sbtest2 using PRIMARY over (7955818 <= id <= 7955827)  (cost=2.28 rows=10)


table 3 : explain SELECT c FROM sbtest3 WHERE id BETWEEN 6373149 AND 6373158
	-> Filter: (sbtest3.id between 6373149 and 6373158)  (cost=2.28 rows=10)
    -> Index range scan on sbtest3 using PRIMARY over (6373149 <= id <= 6373158)  (cost=2.28 rows=10)


table 4 : explain SELECT c FROM sbtest4 WHERE id BETWEEN 5327191 AND 5327200
	-> Filter: (sbtest4.id between 5327191 and 5327200)  (cost=2.28 rows=10)
    -> Index range scan on sbtest4 using PRIMARY over (5327191 <= id <= 5327200)  (cost=2.28 rows=10)


table 5 : explain SELECT c FROM sbtest5 WHERE id BETWEEN 3071430 AND 3071439
	-> Filter: (sbtest5.id between 3071430 and 3071439)  (cost=2.28 rows=10)
    -> Index range scan on sbtest5 using PRIMARY over (3071430 <= id <= 3071439)  (cost=2.28 rows=10)


table 6 : explain SELECT c FROM sbtest6 WHERE id BETWEEN 323627 AND 323636
	-> Filter: (sbtest6.id between 323627 and 323636)  (cost=2.28 rows=10)
    -> Index range scan on sbtest6 using PRIMARY over (323627 <= id <= 323636)  (cost=2.28 rows=10)


table 7 : explain SELECT c FROM sbtest7 WHERE id BETWEEN 2413622 AND 2413631
	-> Filter: (sbtest7.id between 2413622 and 2413631)  (cost=2.28 rows=10)
    -> Index range scan on sbtest7 using PRIMARY over (2413622 <= id <= 2413631)  (cost=2.28 rows=10)


table 8 : explain SELECT c FROM sbtest8 WHERE id BETWEEN 7329849 AND 7329858
	-> Filter: (sbtest8.id between 7329849 and 7329858)  (cost=2.28 rows=10)
    -> Index range scan on sbtest8 using PRIMARY over (7329849 <= id <= 7329858)  (cost=2.28 rows=10)


for: simple_ranges
table 1 : explain SELECT c FROM sbtest1 WHERE id BETWEEN 2447125 AND 2447134
	-> Filter: (sbtest1.id between 2447125 and 2447134)  (cost=2.28 rows=10)
    -> Index range scan on sbtest1 using PRIMARY over (2447125 <= id <= 2447134)  (cost=2.28 rows=10)


table 2 : explain SELECT c FROM sbtest2 WHERE id BETWEEN 5666416 AND 5666425
	-> Filter: (sbtest2.id between 5666416 and 5666425)  (cost=2.28 rows=10)
    -> Index range scan on sbtest2 using PRIMARY over (5666416 <= id <= 5666425)  (cost=2.28 rows=10)


table 3 : explain SELECT c FROM sbtest3 WHERE id BETWEEN 585874 AND 585883
	-> Filter: (sbtest3.id between 585874 and 585883)  (cost=2.28 rows=10)
    -> Index range scan on sbtest3 using PRIMARY over (585874 <= id <= 585883)  (cost=2.28 rows=10)


table 4 : explain SELECT c FROM sbtest4 WHERE id BETWEEN 9354095 AND 9354104
	-> Filter: (sbtest4.id between 9354095 and 9354104)  (cost=2.28 rows=10)
    -> Index range scan on sbtest4 using PRIMARY over (9354095 <= id <= 9354104)  (cost=2.28 rows=10)


table 5 : explain SELECT c FROM sbtest5 WHERE id BETWEEN 9660078 AND 9660087
	-> Filter: (sbtest5.id between 9660078 and 9660087)  (cost=2.28 rows=10)
    -> Index range scan on sbtest5 using PRIMARY over (9660078 <= id <= 9660087)  (cost=2.28 rows=10)


table 6 : explain SELECT c FROM sbtest6 WHERE id BETWEEN 3811605 AND 3811614
	-> Filter: (sbtest6.id between 3811605 and 3811614)  (cost=2.28 rows=10)
    -> Index range scan on sbtest6 using PRIMARY over (3811605 <= id <= 3811614)  (cost=2.28 rows=10)


table 7 : explain SELECT c FROM sbtest7 WHERE id BETWEEN 6315416 AND 6315425
	-> Filter: (sbtest7.id between 6315416 and 6315425)  (cost=2.28 rows=10)
    -> Index range scan on sbtest7 using PRIMARY over (6315416 <= id <= 6315425)  (cost=2.28 rows=10)


table 8 : explain SELECT c FROM sbtest8 WHERE id BETWEEN 7965466 AND 7965475
	-> Filter: (sbtest8.id between 7965466 and 7965475)  (cost=2.28 rows=10)
    -> Index range scan on sbtest8 using PRIMARY over (7965466 <= id <= 7965475)  (cost=2.28 rows=10)


for: simple_ranges
table 1 : explain SELECT c FROM sbtest1 WHERE id BETWEEN 1013187 AND 1013196
	-> Filter: (sbtest1.id between 1013187 and 1013196)  (cost=2.28 rows=10)
    -> Index range scan on sbtest1 using PRIMARY over (1013187 <= id <= 1013196)  (cost=2.28 rows=10)


table 2 : explain SELECT c FROM sbtest2 WHERE id BETWEEN 9781790 AND 9781799
	-> Filter: (sbtest2.id between 9781790 and 9781799)  (cost=2.28 rows=10)
    -> Index range scan on sbtest2 using PRIMARY over (9781790 <= id <= 9781799)  (cost=2.28 rows=10)


table 3 : explain SELECT c FROM sbtest3 WHERE id BETWEEN 4799336 AND 4799345
	-> Filter: (sbtest3.id between 4799336 and 4799345)  (cost=2.28 rows=10)
    -> Index range scan on sbtest3 using PRIMARY over (4799336 <= id <= 4799345)  (cost=2.28 rows=10)


table 4 : explain SELECT c FROM sbtest4 WHERE id BETWEEN 6533192 AND 6533201
	-> Filter: (sbtest4.id between 6533192 and 6533201)  (cost=2.28 rows=10)
    -> Index range scan on sbtest4 using PRIMARY over (6533192 <= id <= 6533201)  (cost=2.28 rows=10)


table 5 : explain SELECT c FROM sbtest5 WHERE id BETWEEN 7625088 AND 7625097
	-> Filter: (sbtest5.id between 7625088 and 7625097)  (cost=2.28 rows=10)
    -> Index range scan on sbtest5 using PRIMARY over (7625088 <= id <= 7625097)  (cost=2.28 rows=10)


table 6 : explain SELECT c FROM sbtest6 WHERE id BETWEEN 2626765 AND 2626774
	-> Filter: (sbtest6.id between 2626765 and 2626774)  (cost=2.28 rows=10)
    -> Index range scan on sbtest6 using PRIMARY over (2626765 <= id <= 2626774)  (cost=2.28 rows=10)


table 7 : explain SELECT c FROM sbtest7 WHERE id BETWEEN 7733256 AND 7733265
	-> Filter: (sbtest7.id between 7733256 and 7733265)  (cost=2.28 rows=10)
    -> Index range scan on sbtest7 using PRIMARY over (7733256 <= id <= 7733265)  (cost=2.28 rows=10)


table 8 : explain SELECT c FROM sbtest8 WHERE id BETWEEN 7981946 AND 7981955
	-> Filter: (sbtest8.id between 7981946 and 7981955)  (cost=2.28 rows=10)
    -> Index range scan on sbtest8 using PRIMARY over (7981946 <= id <= 7981955)  (cost=2.28 rows=10)


for: simple_ranges
table 1 : explain SELECT c FROM sbtest1 WHERE id BETWEEN 3501923 AND 3501932
	-> Filter: (sbtest1.id between 3501923 and 3501932)  (cost=2.28 rows=10)
    -> Index range scan on sbtest1 using PRIMARY over (3501923 <= id <= 3501932)  (cost=2.28 rows=10)


table 2 : explain SELECT c FROM sbtest2 WHERE id BETWEEN 2231711 AND 2231720
	-> Filter: (sbtest2.id between 2231711 and 2231720)  (cost=2.28 rows=10)
    -> Index range scan on sbtest2 using PRIMARY over (2231711 <= id <= 2231720)  (cost=2.28 rows=10)


table 3 : explain SELECT c FROM sbtest3 WHERE id BETWEEN 9209233 AND 9209242
	-> Filter: (sbtest3.id between 9209233 and 9209242)  (cost=2.28 rows=10)
    -> Index range scan on sbtest3 using PRIMARY over (9209233 <= id <= 9209242)  (cost=2.28 rows=10)


table 4 : explain SELECT c FROM sbtest4 WHERE id BETWEEN 9735398 AND 9735407
	-> Filter: (sbtest4.id between 9735398 and 9735407)  (cost=2.28 rows=10)
    -> Index range scan on sbtest4 using PRIMARY over (9735398 <= id <= 9735407)  (cost=2.28 rows=10)


table 5 : explain SELECT c FROM sbtest5 WHERE id BETWEEN 9081808 AND 9081817
	-> Filter: (sbtest5.id between 9081808 and 9081817)  (cost=2.28 rows=10)
    -> Index range scan on sbtest5 using PRIMARY over (9081808 <= id <= 9081817)  (cost=2.28 rows=10)


table 6 : explain SELECT c FROM sbtest6 WHERE id BETWEEN 7745729 AND 7745738
	-> Filter: (sbtest6.id between 7745729 and 7745738)  (cost=2.28 rows=10)
    -> Index range scan on sbtest6 using PRIMARY over (7745729 <= id <= 7745738)  (cost=2.28 rows=10)


table 7 : explain SELECT c FROM sbtest7 WHERE id BETWEEN 8473968 AND 8473977
	-> Filter: (sbtest7.id between 8473968 and 8473977)  (cost=2.28 rows=10)
    -> Index range scan on sbtest7 using PRIMARY over (8473968 <= id <= 8473977)  (cost=2.28 rows=10)


table 8 : explain SELECT c FROM sbtest8 WHERE id BETWEEN 4632079 AND 4632088
	-> Filter: (sbtest8.id between 4632079 and 4632088)  (cost=2.28 rows=10)
    -> Index range scan on sbtest8 using PRIMARY over (4632079 <= id <= 4632088)  (cost=2.28 rows=10)


for point_selects
table 1 : explain SELECT c FROM sbtest1 WHERE id=5202886
	-> Rows fetched before execution  (cost=0..0 rows=1)


table 2 : explain SELECT c FROM sbtest2 WHERE id=3171305
	-> Rows fetched before execution  (cost=0..0 rows=1)


table 3 : explain SELECT c FROM sbtest3 WHERE id=455329
	-> Rows fetched before execution  (cost=0..0 rows=1)


table 4 : explain SELECT c FROM sbtest4 WHERE id=6269783
	-> Rows fetched before execution  (cost=0..0 rows=1)


table 5 : explain SELECT c FROM sbtest5 WHERE id=7856248
	-> Rows fetched before execution  (cost=0..0 rows=1)


table 6 : explain SELECT c FROM sbtest6 WHERE id=131135
	-> Rows fetched before execution  (cost=0..0 rows=1)


table 7 : explain SELECT c FROM sbtest7 WHERE id=1036131
	-> Rows fetched before execution  (cost=0..0 rows=1)


table 8 : explain SELECT c FROM sbtest8 WHERE id=5727916
	-> Rows fetched before execution  (cost=0..0 rows=1)


for point_selects
table 1 : explain SELECT c FROM sbtest1 WHERE id=5297403
	-> Rows fetched before execution  (cost=0..0 rows=1)


table 2 : explain SELECT c FROM sbtest2 WHERE id=4246471
	-> Rows fetched before execution  (cost=0..0 rows=1)


table 3 : explain SELECT c FROM sbtest3 WHERE id=2193550
	-> Rows fetched before execution  (cost=0..0 rows=1)


table 4 : explain SELECT c FROM sbtest4 WHERE id=1601112
	-> Rows fetched before execution  (cost=0..0 rows=1)


table 5 : explain SELECT c FROM sbtest5 WHERE id=4599889
	-> Rows fetched before execution  (cost=0..0 rows=1)


table 6 : explain SELECT c FROM sbtest6 WHERE id=8409660
	-> Rows fetched before execution  (cost=0..0 rows=1)


table 7 : explain SELECT c FROM sbtest7 WHERE id=2379439
	-> Rows fetched before execution  (cost=0..0 rows=1)


table 8 : explain SELECT c FROM sbtest8 WHERE id=151085
	-> Rows fetched before execution  (cost=0..0 rows=1)


explain: for point_selects :: explain SELECT c FROM sbtest%u WHERE id=%u
for: simple_ranges
table 1 : explain SELECT c FROM sbtest1 WHERE id BETWEEN 8754841 AND 8754850
	-> Filter: (sbtest1.id between 8754841 and 8754850)  (cost=2.28 rows=10)
    -> Index range scan on sbtest1 using PRIMARY over (8754841 <= id <= 8754850)  (cost=2.28 rows=10)


table 2 : explain SELECT c FROM sbtest2 WHERE id BETWEEN 5779691 AND 5779700
	-> Filter: (sbtest2.id between 5779691 and 5779700)  (cost=2.28 rows=10)
    -> Index range scan on sbtest2 using PRIMARY over (5779691 <= id <= 5779700)  (cost=2.28 rows=10)


table 3 : explain SELECT c FROM sbtest3 WHERE id BETWEEN 783442 AND 783451
	-> Filter: (sbtest3.id between 783442 and 783451)  (cost=2.28 rows=10)
    -> Index range scan on sbtest3 using PRIMARY over (783442 <= id <= 783451)  (cost=2.28 rows=10)


table 4 : explain SELECT c FROM sbtest4 WHERE id BETWEEN 7836978 AND 7836987
	-> Filter: (sbtest4.id between 7836978 and 7836987)  (cost=2.28 rows=10)
    -> Index range scan on sbtest4 using PRIMARY over (7836978 <= id <= 7836987)  (cost=2.28 rows=10)


table 5 : explain SELECT c FROM sbtest5 WHERE id BETWEEN 1484490 AND 1484499
	-> Filter: (sbtest5.id between 1484490 and 1484499)  (cost=2.28 rows=10)
    -> Index range scan on sbtest5 using PRIMARY over (1484490 <= id <= 1484499)  (cost=2.28 rows=10)


table 6 : explain SELECT c FROM sbtest6 WHERE id BETWEEN 5935590 AND 5935599
	-> Filter: (sbtest6.id between 5935590 and 5935599)  (cost=2.28 rows=10)
    -> Index range scan on sbtest6 using PRIMARY over (5935590 <= id <= 5935599)  (cost=2.28 rows=10)


table 7 : explain SELECT c FROM sbtest7 WHERE id BETWEEN 6942782 AND 6942791
	-> Filter: (sbtest7.id between 6942782 and 6942791)  (cost=2.28 rows=10)
    -> Index range scan on sbtest7 using PRIMARY over (6942782 <= id <= 6942791)  (cost=2.28 rows=10)


table 8 : explain SELECT c FROM sbtest8 WHERE id BETWEEN 7357726 AND 7357735
	-> Filter: (sbtest8.id between 7357726 and 7357735)  (cost=2.28 rows=10)
    -> Index range scan on sbtest8 using PRIMARY over (7357726 <= id <= 7357735)  (cost=2.28 rows=10)


for: simple_ranges
table 1 : explain SELECT c FROM sbtest1 WHERE id BETWEEN 1581623 AND 1581632
	-> Filter: (sbtest1.id between 1581623 and 1581632)  (cost=2.28 rows=10)
    -> Index range scan on sbtest1 using PRIMARY over (1581623 <= id <= 1581632)  (cost=2.28 rows=10)


table 2 : explain SELECT c FROM sbtest2 WHERE id BETWEEN 8838548 AND 8838557
	-> Filter: (sbtest2.id between 8838548 and 8838557)  (cost=2.28 rows=10)
    -> Index range scan on sbtest2 using PRIMARY over (8838548 <= id <= 8838557)  (cost=2.28 rows=10)


table 3 : explain SELECT c FROM sbtest3 WHERE id BETWEEN 3148408 AND 3148417
	-> Filter: (sbtest3.id between 3148408 and 3148417)  (cost=2.28 rows=10)
    -> Index range scan on sbtest3 using PRIMARY over (3148408 <= id <= 3148417)  (cost=2.28 rows=10)


table 4 : explain SELECT c FROM sbtest4 WHERE id BETWEEN 9034697 AND 9034706
	-> Filter: (sbtest4.id between 9034697 and 9034706)  (cost=2.28 rows=10)
    -> Index range scan on sbtest4 using PRIMARY over (9034697 <= id <= 9034706)  (cost=2.28 rows=10)


table 5 : explain SELECT c FROM sbtest5 WHERE id BETWEEN 605441 AND 605450
	-> Filter: (sbtest5.id between 605441 and 605450)  (cost=2.28 rows=10)
    -> Index range scan on sbtest5 using PRIMARY over (605441 <= id <= 605450)  (cost=2.28 rows=10)


table 6 : explain SELECT c FROM sbtest6 WHERE id BETWEEN 4414726 AND 4414735
	-> Filter: (sbtest6.id between 4414726 and 4414735)  (cost=2.28 rows=10)
    -> Index range scan on sbtest6 using PRIMARY over (4414726 <= id <= 4414735)  (cost=2.28 rows=10)


table 7 : explain SELECT c FROM sbtest7 WHERE id BETWEEN 8440833 AND 8440842
	-> Filter: (sbtest7.id between 8440833 and 8440842)  (cost=2.28 rows=10)
    -> Index range scan on sbtest7 using PRIMARY over (8440833 <= id <= 8440842)  (cost=2.28 rows=10)


table 8 : explain SELECT c FROM sbtest8 WHERE id BETWEEN 524057 AND 524066
	-> Filter: (sbtest8.id between 524057 and 524066)  (cost=2.28 rows=10)
    -> Index range scan on sbtest8 using PRIMARY over (524057 <= id <= 524066)  (cost=2.28 rows=10)


for point_selects
table 1 : explain SELECT c FROM sbtest1 WHERE id=3215981
	-> Rows fetched before execution  (cost=0..0 rows=1)


table 2 : explain SELECT c FROM sbtest2 WHERE id=728525
	-> Rows fetched before execution  (cost=0..0 rows=1)


table 3 : explain SELECT c FROM sbtest3 WHERE id=3365088
	-> Rows fetched before execution  (cost=0..0 rows=1)


table 4 : explain SELECT c FROM sbtest4 WHERE id=9409095
	-> Rows fetched before execution  (cost=0..0 rows=1)


table 5 : explain SELECT c FROM sbtest5 WHERE id=8951773
	-> Rows fetched before execution  (cost=0..0 rows=1)


table 6 : explain SELECT c FROM sbtest6 WHERE id=7164143
	-> Rows fetched before execution  (cost=0..0 rows=1)


table 7 : explain SELECT c FROM sbtest7 WHERE id=3100243
	-> Rows fetched before execution  (cost=0..0 rows=1)


table 8 : explain SELECT c FROM sbtest8 WHERE id=2277422
	-> Rows fetched before execution  (cost=0..0 rows=1)


for point_selects
table 1 : explain SELECT c FROM sbtest1 WHERE id=4830815
	-> Rows fetched before execution  (cost=0..0 rows=1)


table 2 : explain SELECT c FROM sbtest2 WHERE id=222478
	-> Rows fetched before execution  (cost=0..0 rows=1)


table 3 : explain SELECT c FROM sbtest3 WHERE id=5290851
	-> Rows fetched before execution  (cost=0..0 rows=1)


table 4 : explain SELECT c FROM sbtest4 WHERE id=2210819
	-> Rows fetched before execution  (cost=0..0 rows=1)


table 5 : explain SELECT c FROM sbtest5 WHERE id=3162038
	-> Rows fetched before execution  (cost=0..0 rows=1)


table 6 : explain SELECT c FROM sbtest6 WHERE id=464505
	-> Rows fetched before execution  (cost=0..0 rows=1)


table 7 : explain SELECT c FROM sbtest7 WHERE id=1135206
	-> Rows fetched before execution  (cost=0..0 rows=1)


table 8 : explain SELECT c FROM sbtest8 WHERE id=4469728
	-> Rows fetched before execution  (cost=0..0 rows=1)


for: simple_ranges
table 1 : explain SELECT c FROM sbtest1 WHERE id BETWEEN 6648067 AND 6648076
	-> Filter: (sbtest1.id between 6648067 and 6648076)  (cost=2.28 rows=10)
    -> Index range scan on sbtest1 using PRIMARY over (6648067 <= id <= 6648076)  (cost=2.28 rows=10)


table 2 : explain SELECT c FROM sbtest2 WHERE id BETWEEN 375646 AND 375655
	-> Filter: (sbtest2.id between 375646 and 375655)  (cost=2.28 rows=10)
    -> Index range scan on sbtest2 using PRIMARY over (375646 <= id <= 375655)  (cost=2.28 rows=10)


table 3 : explain SELECT c FROM sbtest3 WHERE id BETWEEN 1482310 AND 1482319
	-> Filter: (sbtest3.id between 1482310 and 1482319)  (cost=2.28 rows=10)
    -> Index range scan on sbtest3 using PRIMARY over (1482310 <= id <= 1482319)  (cost=2.28 rows=10)


table 4 : explain SELECT c FROM sbtest4 WHERE id BETWEEN 7887778 AND 7887787
	-> Filter: (sbtest4.id between 7887778 and 7887787)  (cost=2.28 rows=10)
    -> Index range scan on sbtest4 using PRIMARY over (7887778 <= id <= 7887787)  (cost=2.28 rows=10)


table 5 : explain SELECT c FROM sbtest5 WHERE id BETWEEN 2985986 AND 2985995
	-> Filter: (sbtest5.id between 2985986 and 2985995)  (cost=2.28 rows=10)
    -> Index range scan on sbtest5 using PRIMARY over (2985986 <= id <= 2985995)  (cost=2.28 rows=10)


table 6 : explain SELECT c FROM sbtest6 WHERE id BETWEEN 4977437 AND 4977446
	-> Filter: (sbtest6.id between 4977437 and 4977446)  (cost=2.28 rows=10)
    -> Index range scan on sbtest6 using PRIMARY over (4977437 <= id <= 4977446)  (cost=2.28 rows=10)


table 7 : explain SELECT c FROM sbtest7 WHERE id BETWEEN 5286256 AND 5286265
	-> Filter: (sbtest7.id between 5286256 and 5286265)  (cost=2.28 rows=10)
    -> Index range scan on sbtest7 using PRIMARY over (5286256 <= id <= 5286265)  (cost=2.28 rows=10)


table 8 : explain SELECT c FROM sbtest8 WHERE id BETWEEN 7544606 AND 7544615
	-> Filter: (sbtest8.id between 7544606 and 7544615)  (cost=2.28 rows=10)
    -> Index range scan on sbtest8 using PRIMARY over (7544606 <= id <= 7544615)  (cost=2.28 rows=10)


for: simple_ranges
table 1 : explain SELECT c FROM sbtest1 WHERE id BETWEEN 5932911 AND 5932920
	-> Filter: (sbtest1.id between 5932911 and 5932920)  (cost=2.28 rows=10)
    -> Index range scan on sbtest1 using PRIMARY over (5932911 <= id <= 5932920)  (cost=2.28 rows=10)


table 2 : explain SELECT c FROM sbtest2 WHERE id BETWEEN 4830697 AND 4830706
	-> Filter: (sbtest2.id between 4830697 and 4830706)  (cost=2.28 rows=10)
    -> Index range scan on sbtest2 using PRIMARY over (4830697 <= id <= 4830706)  (cost=2.28 rows=10)


table 3 : explain SELECT c FROM sbtest3 WHERE id BETWEEN 3988127 AND 3988136
	-> Filter: (sbtest3.id between 3988127 and 3988136)  (cost=2.28 rows=10)
    -> Index range scan on sbtest3 using PRIMARY over (3988127 <= id <= 3988136)  (cost=2.28 rows=10)


table 4 : explain SELECT c FROM sbtest4 WHERE id BETWEEN 2062894 AND 2062903
	-> Filter: (sbtest4.id between 2062894 and 2062903)  (cost=2.28 rows=10)
    -> Index range scan on sbtest4 using PRIMARY over (2062894 <= id <= 2062903)  (cost=2.28 rows=10)


table 5 : explain SELECT c FROM sbtest5 WHERE id BETWEEN 9045088 AND 9045097
	-> Filter: (sbtest5.id between 9045088 and 9045097)  (cost=2.28 rows=10)
    -> Index range scan on sbtest5 using PRIMARY over (9045088 <= id <= 9045097)  (cost=2.28 rows=10)


table 6 : explain SELECT c FROM sbtest6 WHERE id BETWEEN 7856963 AND 7856972
	-> Filter: (sbtest6.id between 7856963 and 7856972)  (cost=2.28 rows=10)
    -> Index range scan on sbtest6 using PRIMARY over (7856963 <= id <= 7856972)  (cost=2.28 rows=10)


table 7 : explain SELECT c FROM sbtest7 WHERE id BETWEEN 2793530 AND 2793539
	-> Filter: (sbtest7.id between 2793530 and 2793539)  (cost=2.28 rows=10)
    -> Index range scan on sbtest7 using PRIMARY over (2793530 <= id <= 2793539)  (cost=2.28 rows=10)


table 8 : explain SELECT c FROM sbtest8 WHERE id BETWEEN 8147240 AND 8147249
	-> Filter: (sbtest8.id between 8147240 and 8147249)  (cost=2.28 rows=10)
    -> Index range scan on sbtest8 using PRIMARY over (8147240 <= id <= 8147249)  (cost=2.28 rows=10)


for: sum_ranges
table 1 : explain SELECT SUM(k) FROM sbtest1 WHERE id BETWEEN 4068894 AND 4068903
	-> Aggregate: sum(sbtest1.k)  (cost=4.58 rows=1)
    -> Filter: (sbtest1.id between 4068894 and 4068903)  (cost=2.28 rows=10)
        -> Index range scan on sbtest1 using PRIMARY over (4068894 <= id <= 4068903)  (cost=2.28 rows=10)


table 2 : explain SELECT SUM(k) FROM sbtest2 WHERE id BETWEEN 1123931 AND 1123940
	-> Aggregate: sum(sbtest2.k)  (cost=4.58 rows=1)
    -> Filter: (sbtest2.id between 1123931 and 1123940)  (cost=2.28 rows=10)
        -> Index range scan on sbtest2 using PRIMARY over (1123931 <= id <= 1123940)  (cost=2.28 rows=10)


table 3 : explain SELECT SUM(k) FROM sbtest3 WHERE id BETWEEN 9481222 AND 9481231
	-> Aggregate: sum(sbtest3.k)  (cost=4.58 rows=1)
    -> Filter: (sbtest3.id between 9481222 and 9481231)  (cost=2.28 rows=10)
        -> Index range scan on sbtest3 using PRIMARY over (9481222 <= id <= 9481231)  (cost=2.28 rows=10)


table 4 : explain SELECT SUM(k) FROM sbtest4 WHERE id BETWEEN 2048758 AND 2048767
	-> Aggregate: sum(sbtest4.k)  (cost=4.58 rows=1)
    -> Filter: (sbtest4.id between 2048758 and 2048767)  (cost=2.28 rows=10)
        -> Index range scan on sbtest4 using PRIMARY over (2048758 <= id <= 2048767)  (cost=2.28 rows=10)


table 5 : explain SELECT SUM(k) FROM sbtest5 WHERE id BETWEEN 4431512 AND 4431521
	-> Aggregate: sum(sbtest5.k)  (cost=4.58 rows=1)
    -> Filter: (sbtest5.id between 4431512 and 4431521)  (cost=2.28 rows=10)
        -> Index range scan on sbtest5 using PRIMARY over (4431512 <= id <= 4431521)  (cost=2.28 rows=10)


table 6 : explain SELECT SUM(k) FROM sbtest6 WHERE id BETWEEN 4909573 AND 4909582
	-> Aggregate: sum(sbtest6.k)  (cost=4.58 rows=1)
    -> Filter: (sbtest6.id between 4909573 and 4909582)  (cost=2.28 rows=10)
        -> Index range scan on sbtest6 using PRIMARY over (4909573 <= id <= 4909582)  (cost=2.28 rows=10)


table 7 : explain SELECT SUM(k) FROM sbtest7 WHERE id BETWEEN 9818984 AND 9818993
	-> Aggregate: sum(sbtest7.k)  (cost=4.58 rows=1)
    -> Filter: (sbtest7.id between 9818984 and 9818993)  (cost=2.28 rows=10)
        -> Index range scan on sbtest7 using PRIMARY over (9818984 <= id <= 9818993)  (cost=2.28 rows=10)


table 8 : explain SELECT SUM(k) FROM sbtest8 WHERE id BETWEEN 2148541 AND 2148550
	-> Aggregate: sum(sbtest8.k)  (cost=4.58 rows=1)
    -> Filter: (sbtest8.id between 2148541 and 2148550)  (cost=2.28 rows=10)
        -> Index range scan on sbtest8 using PRIMARY over (2148541 <= id <= 2148550)  (cost=2.28 rows=10)


for: simple_ranges
table 1 : explain SELECT c FROM sbtest1 WHERE id BETWEEN 8467086 AND 8467095
	-> Filter: (sbtest1.id between 8467086 and 8467095)  (cost=2.28 rows=10)
    -> Index range scan on sbtest1 using PRIMARY over (8467086 <= id <= 8467095)  (cost=2.28 rows=10)


table 2 : explain SELECT c FROM sbtest2 WHERE id BETWEEN 6657729 AND 6657738
	-> Filter: (sbtest2.id between 6657729 and 6657738)  (cost=2.28 rows=10)
    -> Index range scan on sbtest2 using PRIMARY over (6657729 <= id <= 6657738)  (cost=2.28 rows=10)


table 3 : explain SELECT c FROM sbtest3 WHERE id BETWEEN 9907468 AND 9907477
	-> Filter: (sbtest3.id between 9907468 and 9907477)  (cost=2.28 rows=10)
    -> Index range scan on sbtest3 using PRIMARY over (9907468 <= id <= 9907477)  (cost=2.28 rows=10)


table 4 : explain SELECT c FROM sbtest4 WHERE id BETWEEN 8423857 AND 8423866
	-> Filter: (sbtest4.id between 8423857 and 8423866)  (cost=2.28 rows=10)
    -> Index range scan on sbtest4 using PRIMARY over (8423857 <= id <= 8423866)  (cost=2.28 rows=10)


table 5 : explain SELECT c FROM sbtest5 WHERE id BETWEEN 8758262 AND 8758271
	-> Filter: (sbtest5.id between 8758262 and 8758271)  (cost=2.28 rows=10)
    -> Index range scan on sbtest5 using PRIMARY over (8758262 <= id <= 8758271)  (cost=2.28 rows=10)


table 6 : explain SELECT c FROM sbtest6 WHERE id BETWEEN 5875173 AND 5875182
	-> Filter: (sbtest6.id between 5875173 and 5875182)  (cost=2.28 rows=10)
    -> Index range scan on sbtest6 using PRIMARY over (5875173 <= id <= 5875182)  (cost=2.28 rows=10)


table 7 : explain SELECT c FROM sbtest7 WHERE id BETWEEN 3765288 AND 3765297
	-> Filter: (sbtest7.id between 3765288 and 3765297)  (cost=2.28 rows=10)
    -> Index range scan on sbtest7 using PRIMARY over (3765288 <= id <= 3765297)  (cost=2.28 rows=10)


table 8 : explain SELECT c FROM sbtest8 WHERE id BETWEEN 8308225 AND 8308234
	-> Filter: (sbtest8.id between 8308225 and 8308234)  (cost=2.28 rows=10)
    -> Index range scan on sbtest8 using PRIMARY over (8308225 <= id <= 8308234)  (cost=2.28 rows=10)


for: sum_ranges
table 1 : explain SELECT SUM(k) FROM sbtest1 WHERE id BETWEEN 9028453 AND 9028462
	-> Aggregate: sum(sbtest1.k)  (cost=4.58 rows=1)
    -> Filter: (sbtest1.id between 9028453 and 9028462)  (cost=2.28 rows=10)
        -> Index range scan on sbtest1 using PRIMARY over (9028453 <= id <= 9028462)  (cost=2.28 rows=10)


table 2 : explain SELECT SUM(k) FROM sbtest2 WHERE id BETWEEN 7001298 AND 7001307
	-> Aggregate: sum(sbtest2.k)  (cost=4.58 rows=1)
    -> Filter: (sbtest2.id between 7001298 and 7001307)  (cost=2.28 rows=10)
        -> Index range scan on sbtest2 using PRIMARY over (7001298 <= id <= 7001307)  (cost=2.28 rows=10)


table 3 : explain SELECT SUM(k) FROM sbtest3 WHERE id BETWEEN 1142135 AND 1142144
	-> Aggregate: sum(sbtest3.k)  (cost=4.58 rows=1)
    -> Filter: (sbtest3.id between 1142135 and 1142144)  (cost=2.28 rows=10)
        -> Index range scan on sbtest3 using PRIMARY over (1142135 <= id <= 1142144)  (cost=2.28 rows=10)


table 4 : explain SELECT SUM(k) FROM sbtest4 WHERE id BETWEEN 2032915 AND 2032924
	-> Aggregate: sum(sbtest4.k)  (cost=4.58 rows=1)
    -> Filter: (sbtest4.id between 2032915 and 2032924)  (cost=2.28 rows=10)
        -> Index range scan on sbtest4 using PRIMARY over (2032915 <= id <= 2032924)  (cost=2.28 rows=10)


table 5 : explain SELECT SUM(k) FROM sbtest5 WHERE id BETWEEN 6883683 AND 6883692
	-> Aggregate: sum(sbtest5.k)  (cost=4.58 rows=1)
    -> Filter: (sbtest5.id between 6883683 and 6883692)  (cost=2.28 rows=10)
        -> Index range scan on sbtest5 using PRIMARY over (6883683 <= id <= 6883692)  (cost=2.28 rows=10)


table 6 : explain SELECT SUM(k) FROM sbtest6 WHERE id BETWEEN 2149879 AND 2149888
	-> Aggregate: sum(sbtest6.k)  (cost=4.58 rows=1)
    -> Filter: (sbtest6.id between 2149879 and 2149888)  (cost=2.28 rows=10)
        -> Index range scan on sbtest6 using PRIMARY over (2149879 <= id <= 2149888)  (cost=2.28 rows=10)


table 7 : explain SELECT SUM(k) FROM sbtest7 WHERE id BETWEEN 687129 AND 687138
	-> Aggregate: sum(sbtest7.k)  (cost=4.58 rows=1)
    -> Filter: (sbtest7.id between 687129 and 687138)  (cost=2.28 rows=10)
        -> Index range scan on sbtest7 using PRIMARY over (687129 <= id <= 687138)  (cost=2.28 rows=10)


table 8 : explain SELECT SUM(k) FROM sbtest8 WHERE id BETWEEN 3916893 AND 3916902
	-> Aggregate: sum(sbtest8.k)  (cost=4.58 rows=1)
    -> Filter: (sbtest8.id between 3916893 and 3916902)  (cost=2.28 rows=10)
        -> Index range scan on sbtest8 using PRIMARY over (3916893 <= id <= 3916902)  (cost=2.28 rows=10)


for: sum_ranges
table 1 : explain SELECT SUM(k) FROM sbtest1 WHERE id BETWEEN 1344425 AND 1344434
	-> Aggregate: sum(sbtest1.k)  (cost=4.58 rows=1)
    -> Filter: (sbtest1.id between 1344425 and 1344434)  (cost=2.28 rows=10)
        -> Index range scan on sbtest1 using PRIMARY over (1344425 <= id <= 1344434)  (cost=2.28 rows=10)


table 2 : explain SELECT SUM(k) FROM sbtest2 WHERE id BETWEEN 7017693 AND 7017702
	-> Aggregate: sum(sbtest2.k)  (cost=4.58 rows=1)
    -> Filter: (sbtest2.id between 7017693 and 7017702)  (cost=2.28 rows=10)
        -> Index range scan on sbtest2 using PRIMARY over (7017693 <= id <= 7017702)  (cost=2.28 rows=10)


table 3 : explain SELECT SUM(k) FROM sbtest3 WHERE id BETWEEN 2559312 AND 2559321
	-> Aggregate: sum(sbtest3.k)  (cost=4.58 rows=1)
    -> Filter: (sbtest3.id between 2559312 and 2559321)  (cost=2.28 rows=10)
        -> Index range scan on sbtest3 using PRIMARY over (2559312 <= id <= 2559321)  (cost=2.28 rows=10)


table 4 : explain SELECT SUM(k) FROM sbtest4 WHERE id BETWEEN 3634156 AND 3634165
	-> Aggregate: sum(sbtest4.k)  (cost=4.58 rows=1)
    -> Filter: (sbtest4.id between 3634156 and 3634165)  (cost=2.28 rows=10)
        -> Index range scan on sbtest4 using PRIMARY over (3634156 <= id <= 3634165)  (cost=2.28 rows=10)


table 5 : explain SELECT SUM(k) FROM sbtest5 WHERE id BETWEEN 6207381 AND 6207390
	-> Aggregate: sum(sbtest5.k)  (cost=4.58 rows=1)
    -> Filter: (sbtest5.id between 6207381 and 6207390)  (cost=2.28 rows=10)
        -> Index range scan on sbtest5 using PRIMARY over (6207381 <= id <= 6207390)  (cost=2.28 rows=10)


table 6 : explain SELECT SUM(k) FROM sbtest6 WHERE id BETWEEN 8647256 AND 8647265
	-> Aggregate: sum(sbtest6.k)  (cost=4.58 rows=1)
    -> Filter: (sbtest6.id between 8647256 and 8647265)  (cost=2.28 rows=10)
        -> Index range scan on sbtest6 using PRIMARY over (8647256 <= id <= 8647265)  (cost=2.28 rows=10)


table 7 : explain SELECT SUM(k) FROM sbtest7 WHERE id BETWEEN 4781234 AND 4781243
	-> Aggregate: sum(sbtest7.k)  (cost=4.58 rows=1)
    -> Filter: (sbtest7.id between 4781234 and 4781243)  (cost=2.28 rows=10)
        -> Index range scan on sbtest7 using PRIMARY over (4781234 <= id <= 4781243)  (cost=2.28 rows=10)


table 8 : explain SELECT SUM(k) FROM sbtest8 WHERE id BETWEEN 6772285 AND 6772294
	-> Aggregate: sum(sbtest8.k)  (cost=4.58 rows=1)
    -> Filter: (sbtest8.id between 6772285 and 6772294)  (cost=2.28 rows=10)
        -> Index range scan on sbtest8 using PRIMARY over (6772285 <= id <= 6772294)  (cost=2.28 rows=10)


for: simple_ranges
table 1 : explain SELECT c FROM sbtest1 WHERE id BETWEEN 3365553 AND 3365562
	-> Filter: (sbtest1.id between 3365553 and 3365562)  (cost=2.28 rows=10)
    -> Index range scan on sbtest1 using PRIMARY over (3365553 <= id <= 3365562)  (cost=2.28 rows=10)


table 2 : explain SELECT c FROM sbtest2 WHERE id BETWEEN 8003409 AND 8003418
	-> Filter: (sbtest2.id between 8003409 and 8003418)  (cost=2.28 rows=10)
    -> Index range scan on sbtest2 using PRIMARY over (8003409 <= id <= 8003418)  (cost=2.28 rows=10)


table 3 : explain SELECT c FROM sbtest3 WHERE id BETWEEN 5924025 AND 5924034
	-> Filter: (sbtest3.id between 5924025 and 5924034)  (cost=2.28 rows=10)
    -> Index range scan on sbtest3 using PRIMARY over (5924025 <= id <= 5924034)  (cost=2.28 rows=10)


table 4 : explain SELECT c FROM sbtest4 WHERE id BETWEEN 5579525 AND 5579534
	-> Filter: (sbtest4.id between 5579525 and 5579534)  (cost=2.28 rows=10)
    -> Index range scan on sbtest4 using PRIMARY over (5579525 <= id <= 5579534)  (cost=2.28 rows=10)


table 5 : explain SELECT c FROM sbtest5 WHERE id BETWEEN 8854123 AND 8854132
	-> Filter: (sbtest5.id between 8854123 and 8854132)  (cost=2.28 rows=10)
    -> Index range scan on sbtest5 using PRIMARY over (8854123 <= id <= 8854132)  (cost=2.28 rows=10)


table 6 : explain SELECT c FROM sbtest6 WHERE id BETWEEN 9017239 AND 9017248
	-> Filter: (sbtest6.id between 9017239 and 9017248)  (cost=2.28 rows=10)
    -> Index range scan on sbtest6 using PRIMARY over (9017239 <= id <= 9017248)  (cost=2.28 rows=10)


table 7 : explain SELECT c FROM sbtest7 WHERE id BETWEEN 2940733 AND 2940742
	-> Filter: (sbtest7.id between 2940733 and 2940742)  (cost=2.28 rows=10)
    -> Index range scan on sbtest7 using PRIMARY over (2940733 <= id <= 2940742)  (cost=2.28 rows=10)


table 8 : explain SELECT c FROM sbtest8 WHERE id BETWEEN 5392307 AND 5392316
	-> Filter: (sbtest8.id between 5392307 and 5392316)  (cost=2.28 rows=10)
    -> Index range scan on sbtest8 using PRIMARY over (5392307 <= id <= 5392316)  (cost=2.28 rows=10)


for: sum_ranges
table 1 : explain SELECT SUM(k) FROM sbtest1 WHERE id BETWEEN 419628 AND 419637
	-> Aggregate: sum(sbtest1.k)  (cost=4.58 rows=1)
    -> Filter: (sbtest1.id between 419628 and 419637)  (cost=2.28 rows=10)
        -> Index range scan on sbtest1 using PRIMARY over (419628 <= id <= 419637)  (cost=2.28 rows=10)


table 2 : explain SELECT SUM(k) FROM sbtest2 WHERE id BETWEEN 7030172 AND 7030181
	-> Aggregate: sum(sbtest2.k)  (cost=4.58 rows=1)
    -> Filter: (sbtest2.id between 7030172 and 7030181)  (cost=2.28 rows=10)
        -> Index range scan on sbtest2 using PRIMARY over (7030172 <= id <= 7030181)  (cost=2.28 rows=10)


table 3 : explain SELECT SUM(k) FROM sbtest3 WHERE id BETWEEN 642289 AND 642298
	-> Aggregate: sum(sbtest3.k)  (cost=4.58 rows=1)
    -> Filter: (sbtest3.id between 642289 and 642298)  (cost=2.28 rows=10)
        -> Index range scan on sbtest3 using PRIMARY over (642289 <= id <= 642298)  (cost=2.28 rows=10)


table 4 : explain SELECT SUM(k) FROM sbtest4 WHERE id BETWEEN 4272271 AND 4272280
	-> Aggregate: sum(sbtest4.k)  (cost=4.58 rows=1)
    -> Filter: (sbtest4.id between 4272271 and 4272280)  (cost=2.28 rows=10)
        -> Index range scan on sbtest4 using PRIMARY over (4272271 <= id <= 4272280)  (cost=2.28 rows=10)


table 5 : explain SELECT SUM(k) FROM sbtest5 WHERE id BETWEEN 251882 AND 251891
	-> Aggregate: sum(sbtest5.k)  (cost=4.58 rows=1)
    -> Filter: (sbtest5.id between 251882 and 251891)  (cost=2.28 rows=10)
        -> Index range scan on sbtest5 using PRIMARY over (251882 <= id <= 251891)  (cost=2.28 rows=10)


table 6 : explain SELECT SUM(k) FROM sbtest6 WHERE id BETWEEN 1512315 AND 1512324
	-> Aggregate: sum(sbtest6.k)  (cost=4.58 rows=1)
    -> Filter: (sbtest6.id between 1512315 and 1512324)  (cost=2.28 rows=10)
        -> Index range scan on sbtest6 using PRIMARY over (1512315 <= id <= 1512324)  (cost=2.28 rows=10)


table 7 : explain SELECT SUM(k) FROM sbtest7 WHERE id BETWEEN 4552051 AND 4552060
	-> Aggregate: sum(sbtest7.k)  (cost=4.58 rows=1)
    -> Filter: (sbtest7.id between 4552051 and 4552060)  (cost=2.28 rows=10)
        -> Index range scan on sbtest7 using PRIMARY over (4552051 <= id <= 4552060)  (cost=2.28 rows=10)


table 8 : explain SELECT SUM(k) FROM sbtest8 WHERE id BETWEEN 9627436 AND 9627445
	-> Aggregate: sum(sbtest8.k)  (cost=4.58 rows=1)
    -> Filter: (sbtest8.id between 9627436 and 9627445)  (cost=2.28 rows=10)
        -> Index range scan on sbtest8 using PRIMARY over (9627436 <= id <= 9627445)  (cost=2.28 rows=10)

for: sum_ranges
table 1 : explain SELECT SUM(k) FROM sbtest1 WHERE id BETWEEN 9084608 AND 9084617
	-> Aggregate: sum(sbtest1.k)  (cost=4.58 rows=1)
    -> Filter: (sbtest1.id between 9084608 and 9084617)  (cost=2.28 rows=10)
        -> Index range scan on sbtest1 using PRIMARY over (9084608 <= id <= 9084617)  (cost=2.28 rows=10)


table 2 : explain SELECT SUM(k) FROM sbtest2 WHERE id BETWEEN 1221617 AND 1221626
	-> Aggregate: sum(sbtest2.k)  (cost=4.58 rows=1)
    -> Filter: (sbtest2.id between 1221617 and 1221626)  (cost=2.28 rows=10)
        -> Index range scan on sbtest2 using PRIMARY over (1221617 <= id <= 1221626)  (cost=2.28 rows=10)


table 3 : explain SELECT SUM(k) FROM sbtest3 WHERE id BETWEEN 7500682 AND 7500691
	-> Aggregate: sum(sbtest3.k)  (cost=4.58 rows=1)
    -> Filter: (sbtest3.id between 7500682 and 7500691)  (cost=2.28 rows=10)
        -> Index range scan on sbtest3 using PRIMARY over (7500682 <= id <= 7500691)  (cost=2.28 rows=10)


table 4 : explain SELECT SUM(k) FROM sbtest4 WHERE id BETWEEN 6489749 AND 6489758
	-> Aggregate: sum(sbtest4.k)  (cost=4.58 rows=1)
    -> Filter: (sbtest4.id between 6489749 and 6489758)  (cost=2.28 rows=10)
        -> Index range scan on sbtest4 using PRIMARY over (6489749 <= id <= 6489758)  (cost=2.28 rows=10)


table 5 : explain SELECT SUM(k) FROM sbtest5 WHERE id BETWEEN 1981963 AND 1981972
	-> Aggregate: sum(sbtest5.k)  (cost=4.58 rows=1)
    -> Filter: (sbtest5.id between 1981963 and 1981972)  (cost=2.28 rows=10)
        -> Index range scan on sbtest5 using PRIMARY over (1981963 <= id <= 1981972)  (cost=2.28 rows=10)


table 6 : explain SELECT SUM(k) FROM sbtest6 WHERE id BETWEEN 3237051 AND 3237060
	-> Aggregate: sum(sbtest6.k)  (cost=4.58 rows=1)
    -> Filter: (sbtest6.id between 3237051 and 3237060)  (cost=2.28 rows=10)
        -> Index range scan on sbtest6 using PRIMARY over (3237051 <= id <= 3237060)  (cost=2.28 rows=10)


table 7 : explain SELECT SUM(k) FROM sbtest7 WHERE id BETWEEN 9183951 AND 9183960
	-> Aggregate: sum(sbtest7.k)  (cost=4.58 rows=1)
    -> Filter: (sbtest7.id between 9183951 and 9183960)  (cost=2.28 rows=10)
        -> Index range scan on sbtest7 using PRIMARY over (9183951 <= id <= 9183960)  (cost=2.28 rows=10)


table 8 : explain SELECT SUM(k) FROM sbtest8 WHERE id BETWEEN 457845 AND 457854
	-> Aggregate: sum(sbtest8.k)  (cost=4.58 rows=1)
    -> Filter: (sbtest8.id between 457845 and 457854)  (cost=2.28 rows=10)
        -> Index range scan on sbtest8 using PRIMARY over (457845 <= id <= 457854)  (cost=2.28 rows=10)


for: simple_ranges
table 1 : explain SELECT c FROM sbtest1 WHERE id BETWEEN 7335201 AND 7335210
	-> Filter: (sbtest1.id between 7335201 and 7335210)  (cost=2.28 rows=10)
    -> Index range scan on sbtest1 using PRIMARY over (7335201 <= id <= 7335210)  (cost=2.28 rows=10)


table 2 : explain SELECT c FROM sbtest2 WHERE id BETWEEN 2509116 AND 2509125
	-> Filter: (sbtest2.id between 2509116 and 2509125)  (cost=2.28 rows=10)
    -> Index range scan on sbtest2 using PRIMARY over (2509116 <= id <= 2509125)  (cost=2.28 rows=10)


table 3 : explain SELECT c FROM sbtest3 WHERE id BETWEEN 5243362 AND 5243371
	-> Filter: (sbtest3.id between 5243362 and 5243371)  (cost=2.28 rows=10)
    -> Index range scan on sbtest3 using PRIMARY over (5243362 <= id <= 5243371)  (cost=2.28 rows=10)


table 4 : explain SELECT c FROM sbtest4 WHERE id BETWEEN 7092295 AND 7092304
	-> Filter: (sbtest4.id between 7092295 and 7092304)  (cost=2.28 rows=10)
    -> Index range scan on sbtest4 using PRIMARY over (7092295 <= id <= 7092304)  (cost=2.28 rows=10)


table 5 : explain SELECT c FROM sbtest5 WHERE id BETWEEN 7544915 AND 7544924
	-> Filter: (sbtest5.id between 7544915 and 7544924)  (cost=2.28 rows=10)
    -> Index range scan on sbtest5 using PRIMARY over (7544915 <= id <= 7544924)  (cost=2.28 rows=10)


table 6 : explain SELECT c FROM sbtest6 WHERE id BETWEEN 3025131 AND 3025140
	-> Filter: (sbtest6.id between 3025131 and 3025140)  (cost=2.28 rows=10)
    -> Index range scan on sbtest6 using PRIMARY over (3025131 <= id <= 3025140)  (cost=2.28 rows=10)


table 7 : explain SELECT c FROM sbtest7 WHERE id BETWEEN 9338568 AND 9338577
	-> Filter: (sbtest7.id between 9338568 and 9338577)  (cost=2.28 rows=10)
    -> Index range scan on sbtest7 using PRIMARY over (9338568 <= id <= 9338577)  (cost=2.28 rows=10)


table 8 : explain SELECT c FROM sbtest8 WHERE id BETWEEN 3318976 AND 3318985
	-> Filter: (sbtest8.id between 3318976 and 3318985)  (cost=2.28 rows=10)
    -> Index range scan on sbtest8 using PRIMARY over (3318976 <= id <= 3318985)  (cost=2.28 rows=10)



for: sum_ranges
table 1 : explain SELECT SUM(k) FROM sbtest1 WHERE id BETWEEN 4479760 AND 4479769
	-> Aggregate: sum(sbtest1.k)  (cost=4.58 rows=1)
    -> Filter: (sbtest1.id between 4479760 and 4479769)  (cost=2.28 rows=10)
        -> Index range scan on sbtest1 using PRIMARY over (4479760 <= id <= 4479769)  (cost=2.28 rows=10)


table 2 : explain SELECT SUM(k) FROM sbtest2 WHERE id BETWEEN 4115499 AND 4115508
	-> Aggregate: sum(sbtest2.k)  (cost=4.58 rows=1)
    -> Filter: (sbtest2.id between 4115499 and 4115508)  (cost=2.28 rows=10)
        -> Index range scan on sbtest2 using PRIMARY over (4115499 <= id <= 4115508)  (cost=2.28 rows=10)


table 3 : explain SELECT SUM(k) FROM sbtest3 WHERE id BETWEEN 9788364 AND 9788373
	-> Aggregate: sum(sbtest3.k)  (cost=4.58 rows=1)
    -> Filter: (sbtest3.id between 9788364 and 9788373)  (cost=2.28 rows=10)
        -> Index range scan on sbtest3 using PRIMARY over (9788364 <= id <= 9788373)  (cost=2.28 rows=10)


table 4 : explain SELECT SUM(k) FROM sbtest4 WHERE id BETWEEN 1169599 AND 1169608
	-> Aggregate: sum(sbtest4.k)  (cost=4.58 rows=1)
    -> Filter: (sbtest4.id between 1169599 and 1169608)  (cost=2.28 rows=10)
        -> Index range scan on sbtest4 using PRIMARY over (1169599 <= id <= 1169608)  (cost=2.28 rows=10)


table 5 : explain SELECT SUM(k) FROM sbtest5 WHERE id BETWEEN 313596 AND 313605
	-> Aggregate: sum(sbtest5.k)  (cost=4.58 rows=1)
    -> Filter: (sbtest5.id between 313596 and 313605)  (cost=2.28 rows=10)
        -> Index range scan on sbtest5 using PRIMARY over (313596 <= id <= 313605)  (cost=2.28 rows=10)


table 6 : explain SELECT SUM(k) FROM sbtest6 WHERE id BETWEEN 2275105 AND 2275114
	-> Aggregate: sum(sbtest6.k)  (cost=4.58 rows=1)
    -> Filter: (sbtest6.id between 2275105 and 2275114)  (cost=2.28 rows=10)
        -> Index range scan on sbtest6 using PRIMARY over (2275105 <= id <= 2275114)  (cost=2.28 rows=10)


table 7 : explain SELECT SUM(k) FROM sbtest7 WHERE id BETWEEN 7377982 AND 7377991
	-> Aggregate: sum(sbtest7.k)  (cost=4.58 rows=1)
    -> Filter: (sbtest7.id between 7377982 and 7377991)  (cost=2.28 rows=10)
        -> Index range scan on sbtest7 using PRIMARY over (7377982 <= id <= 7377991)  (cost=2.28 rows=10)


table 8 : explain SELECT SUM(k) FROM sbtest8 WHERE id BETWEEN 8835275 AND 8835284
	-> Aggregate: sum(sbtest8.k)  (cost=4.58 rows=1)
    -> Filter: (sbtest8.id between 8835275 and 8835284)  (cost=2.28 rows=10)
        -> Index range scan on sbtest8 using PRIMARY over (8835275 <= id <= 8835284)  (cost=2.28 rows=10)


for: sum_ranges
table 1 : explain SELECT SUM(k) FROM sbtest1 WHERE id BETWEEN 1296174 AND 1296183
	-> Aggregate: sum(sbtest1.k)  (cost=4.58 rows=1)
    -> Filter: (sbtest1.id between 1296174 and 1296183)  (cost=2.28 rows=10)
        -> Index range scan on sbtest1 using PRIMARY over (1296174 <= id <= 1296183)  (cost=2.28 rows=10)


table 2 : explain SELECT SUM(k) FROM sbtest2 WHERE id BETWEEN 153199 AND 153208
	-> Aggregate: sum(sbtest2.k)  (cost=4.58 rows=1)
    -> Filter: (sbtest2.id between 153199 and 153208)  (cost=2.28 rows=10)
        -> Index range scan on sbtest2 using PRIMARY over (153199 <= id <= 153208)  (cost=2.28 rows=10)


table 3 : explain SELECT SUM(k) FROM sbtest3 WHERE id BETWEEN 6412062 AND 6412071
	-> Aggregate: sum(sbtest3.k)  (cost=4.58 rows=1)
    -> Filter: (sbtest3.id between 6412062 and 6412071)  (cost=2.28 rows=10)
        -> Index range scan on sbtest3 using PRIMARY over (6412062 <= id <= 6412071)  (cost=2.28 rows=10)


table 4 : explain SELECT SUM(k) FROM sbtest4 WHERE id BETWEEN 8564752 AND 8564761
	-> Aggregate: sum(sbtest4.k)  (cost=4.58 rows=1)
    -> Filter: (sbtest4.id between 8564752 and 8564761)  (cost=2.28 rows=10)
        -> Index range scan on sbtest4 using PRIMARY over (8564752 <= id <= 8564761)  (cost=2.28 rows=10)


table 5 : explain SELECT SUM(k) FROM sbtest5 WHERE id BETWEEN 7340404 AND 7340413
	-> Aggregate: sum(sbtest5.k)  (cost=4.58 rows=1)
    -> Filter: (sbtest5.id between 7340404 and 7340413)  (cost=2.28 rows=10)
        -> Index range scan on sbtest5 using PRIMARY over (7340404 <= id <= 7340413)  (cost=2.28 rows=10)


table 6 : explain SELECT SUM(k) FROM sbtest6 WHERE id BETWEEN 9970677 AND 9970686
	-> Aggregate: sum(sbtest6.k)  (cost=4.58 rows=1)
    -> Filter: (sbtest6.id between 9970677 and 9970686)  (cost=2.28 rows=10)
        -> Index range scan on sbtest6 using PRIMARY over (9970677 <= id <= 9970686)  (cost=2.28 rows=10)


table 7 : explain SELECT SUM(k) FROM sbtest7 WHERE id BETWEEN 6284918 AND 6284927
	-> Aggregate: sum(sbtest7.k)  (cost=4.58 rows=1)
    -> Filter: (sbtest7.id between 6284918 and 6284927)  (cost=2.28 rows=10)
        -> Index range scan on sbtest7 using PRIMARY over (6284918 <= id <= 6284927)  (cost=2.28 rows=10)


table 8 : explain SELECT SUM(k) FROM sbtest8 WHERE id BETWEEN 9961596 AND 9961605
	-> Aggregate: sum(sbtest8.k)  (cost=4.58 rows=1)
    -> Filter: (sbtest8.id between 9961596 and 9961605)  (cost=2.28 rows=10)
        -> Index range scan on sbtest8 using PRIMARY over (9961596 <= id <= 9961605)  (cost=2.28 rows=10)

for: sum_ranges
table 1 : explain SELECT SUM(k) FROM sbtest1 WHERE id BETWEEN 542183 AND 542192
	-> Aggregate: sum(sbtest1.k)  (cost=4.58 rows=1)
    -> Filter: (sbtest1.id between 542183 and 542192)  (cost=2.28 rows=10)
        -> Index range scan on sbtest1 using PRIMARY over (542183 <= id <= 542192)  (cost=2.28 rows=10)


table 2 : explain SELECT SUM(k) FROM sbtest2 WHERE id BETWEEN 3323217 AND 3323226
	-> Aggregate: sum(sbtest2.k)  (cost=4.58 rows=1)
    -> Filter: (sbtest2.id between 3323217 and 3323226)  (cost=2.28 rows=10)
        -> Index range scan on sbtest2 using PRIMARY over (3323217 <= id <= 3323226)  (cost=2.28 rows=10)


table 3 : explain SELECT SUM(k) FROM sbtest3 WHERE id BETWEEN 4193506 AND 4193515
	-> Aggregate: sum(sbtest3.k)  (cost=4.58 rows=1)
    -> Filter: (sbtest3.id between 4193506 and 4193515)  (cost=2.28 rows=10)
        -> Index range scan on sbtest3 using PRIMARY over (4193506 <= id <= 4193515)  (cost=2.28 rows=10)


table 4 : explain SELECT SUM(k) FROM sbtest4 WHERE id BETWEEN 5635203 AND 5635212
	-> Aggregate: sum(sbtest4.k)  (cost=4.58 rows=1)
    -> Filter: (sbtest4.id between 5635203 and 5635212)  (cost=2.28 rows=10)
        -> Index range scan on sbtest4 using PRIMARY over (5635203 <= id <= 5635212)  (cost=2.28 rows=10)


table 5 : explain SELECT SUM(k) FROM sbtest5 WHERE id BETWEEN 5963384 AND 5963393
	-> Aggregate: sum(sbtest5.k)  (cost=4.58 rows=1)
    -> Filter: (sbtest5.id between 5963384 and 5963393)  (cost=2.28 rows=10)
        -> Index range scan on sbtest5 using PRIMARY over (5963384 <= id <= 5963393)  (cost=2.28 rows=10)


table 6 : explain SELECT SUM(k) FROM sbtest6 WHERE id BETWEEN 4980585 AND 4980594
	-> Aggregate: sum(sbtest6.k)  (cost=4.58 rows=1)
    -> Filter: (sbtest6.id between 4980585 and 4980594)  (cost=2.28 rows=10)
        -> Index range scan on sbtest6 using PRIMARY over (4980585 <= id <= 4980594)  (cost=2.28 rows=10)


table 7 : explain SELECT SUM(k) FROM sbtest7 WHERE id BETWEEN 5506733 AND 5506742
	-> Aggregate: sum(sbtest7.k)  (cost=4.58 rows=1)
    -> Filter: (sbtest7.id between 5506733 and 5506742)  (cost=2.28 rows=10)
        -> Index range scan on sbtest7 using PRIMARY over (5506733 <= id <= 5506742)  (cost=2.28 rows=10)


table 8 : explain SELECT SUM(k) FROM sbtest8 WHERE id BETWEEN 3816166 AND 3816175
	-> Aggregate: sum(sbtest8.k)  (cost=4.58 rows=1)
    -> Filter: (sbtest8.id between 3816166 and 3816175)  (cost=2.28 rows=10)
        -> Index range scan on sbtest8 using PRIMARY over (3816166 <= id <= 3816175)  (cost=2.28 rows=10)



for: sum_ranges
table 1 : explain SELECT SUM(k) FROM sbtest1 WHERE id BETWEEN 2519664 AND 2519673
	-> Aggregate: sum(sbtest1.k)  (cost=4.58 rows=1)
    -> Filter: (sbtest1.id between 2519664 and 2519673)  (cost=2.28 rows=10)
        -> Index range scan on sbtest1 using PRIMARY over (2519664 <= id <= 2519673)  (cost=2.28 rows=10)


table 2 : explain SELECT SUM(k) FROM sbtest2 WHERE id BETWEEN 2738126 AND 2738135
	-> Aggregate: sum(sbtest2.k)  (cost=4.58 rows=1)
    -> Filter: (sbtest2.id between 2738126 and 2738135)  (cost=2.28 rows=10)
        -> Index range scan on sbtest2 using PRIMARY over (2738126 <= id <= 2738135)  (cost=2.28 rows=10)


table 3 : explain SELECT SUM(k) FROM sbtest3 WHERE id BETWEEN 6882498 AND 6882507
	-> Aggregate: sum(sbtest3.k)  (cost=4.58 rows=1)
    -> Filter: (sbtest3.id between 6882498 and 6882507)  (cost=2.28 rows=10)
        -> Index range scan on sbtest3 using PRIMARY over (6882498 <= id <= 6882507)  (cost=2.28 rows=10)


table 4 : explain SELECT SUM(k) FROM sbtest4 WHERE id BETWEEN 1047065 AND 1047074
	-> Aggregate: sum(sbtest4.k)  (cost=4.58 rows=1)
    -> Filter: (sbtest4.id between 1047065 and 1047074)  (cost=2.28 rows=10)
        -> Index range scan on sbtest4 using PRIMARY over (1047065 <= id <= 1047074)  (cost=2.28 rows=10)


table 5 : explain SELECT SUM(k) FROM sbtest5 WHERE id BETWEEN 1556171 AND 1556180
	-> Aggregate: sum(sbtest5.k)  (cost=4.58 rows=1)
    -> Filter: (sbtest5.id between 1556171 and 1556180)  (cost=2.28 rows=10)
        -> Index range scan on sbtest5 using PRIMARY over (1556171 <= id <= 1556180)  (cost=2.28 rows=10)


table 6 : explain SELECT SUM(k) FROM sbtest6 WHERE id BETWEEN 8479142 AND 8479151
	-> Aggregate: sum(sbtest6.k)  (cost=4.58 rows=1)
    -> Filter: (sbtest6.id between 8479142 and 8479151)  (cost=2.28 rows=10)
        -> Index range scan on sbtest6 using PRIMARY over (8479142 <= id <= 8479151)  (cost=2.28 rows=10)


table 7 : explain SELECT SUM(k) FROM sbtest7 WHERE id BETWEEN 3596208 AND 3596217
	-> Aggregate: sum(sbtest7.k)  (cost=4.58 rows=1)
    -> Filter: (sbtest7.id between 3596208 and 3596217)  (cost=2.28 rows=10)
        -> Index range scan on sbtest7 using PRIMARY over (3596208 <= id <= 3596217)  (cost=2.28 rows=10)


table 8 : explain SELECT SUM(k) FROM sbtest8 WHERE id BETWEEN 9695319 AND 9695328
	-> Aggregate: sum(sbtest8.k)  (cost=4.58 rows=1)
    -> Filter: (sbtest8.id between 9695319 and 9695328)  (cost=2.28 rows=10)
        -> Index range scan on sbtest8 using PRIMARY over (9695319 <= id <= 9695328)  (cost=2.28 rows=10)


for: simple_ranges
table 1 : explain SELECT c FROM sbtest1 WHERE id BETWEEN 1763950 AND 1763959
	-> Filter: (sbtest1.id between 1763950 and 1763959)  (cost=2.28 rows=10)
    -> Index range scan on sbtest1 using PRIMARY over (1763950 <= id <= 1763959)  (cost=2.28 rows=10)


table 2 : explain SELECT c FROM sbtest2 WHERE id BETWEEN 6461487 AND 6461496
	-> Filter: (sbtest2.id between 6461487 and 6461496)  (cost=2.28 rows=10)
    -> Index range scan on sbtest2 using PRIMARY over (6461487 <= id <= 6461496)  (cost=2.28 rows=10)


table 3 : explain SELECT c FROM sbtest3 WHERE id BETWEEN 5186610 AND 5186619
	-> Filter: (sbtest3.id between 5186610 and 5186619)  (cost=2.28 rows=10)
    -> Index range scan on sbtest3 using PRIMARY over (5186610 <= id <= 5186619)  (cost=2.28 rows=10)


table 4 : explain SELECT c FROM sbtest4 WHERE id BETWEEN 8269341 AND 8269350
	-> Filter: (sbtest4.id between 8269341 and 8269350)  (cost=2.28 rows=10)
    -> Index range scan on sbtest4 using PRIMARY over (8269341 <= id <= 8269350)  (cost=2.28 rows=10)


table 5 : explain SELECT c FROM sbtest5 WHERE id BETWEEN 8048317 AND 8048326
	-> Filter: (sbtest5.id between 8048317 and 8048326)  (cost=2.28 rows=10)
    -> Index range scan on sbtest5 using PRIMARY over (8048317 <= id <= 8048326)  (cost=2.28 rows=10)


table 6 : explain SELECT c FROM sbtest6 WHERE id BETWEEN 578669 AND 578678
	-> Filter: (sbtest6.id between 578669 and 578678)  (cost=2.28 rows=10)
    -> Index range scan on sbtest6 using PRIMARY over (578669 <= id <= 578678)  (cost=2.28 rows=10)


table 7 : explain SELECT c FROM sbtest7 WHERE id BETWEEN 3417388 AND 3417397
	-> Filter: (sbtest7.id between 3417388 and 3417397)  (cost=2.28 rows=10)
    -> Index range scan on sbtest7 using PRIMARY over (3417388 <= id <= 3417397)  (cost=2.28 rows=10)


table 8 : explain SELECT c FROM sbtest8 WHERE id BETWEEN 2551903 AND 2551912
	-> Filter: (sbtest8.id between 2551903 and 2551912)  (cost=2.28 rows=10)
    -> Index range scan on sbtest8 using PRIMARY over (2551903 <= id <= 2551912)  (cost=2.28 rows=10)


for: sum_ranges
table 1 : explain SELECT SUM(k) FROM sbtest1 WHERE id BETWEEN 8613881 AND 8613890
	-> Aggregate: sum(sbtest1.k)  (cost=4.58 rows=1)
    -> Filter: (sbtest1.id between 8613881 and 8613890)  (cost=2.28 rows=10)
        -> Index range scan on sbtest1 using PRIMARY over (8613881 <= id <= 8613890)  (cost=2.28 rows=10)


table 2 : explain SELECT SUM(k) FROM sbtest2 WHERE id BETWEEN 7362729 AND 7362738
	-> Aggregate: sum(sbtest2.k)  (cost=4.58 rows=1)
    -> Filter: (sbtest2.id between 7362729 and 7362738)  (cost=2.28 rows=10)
        -> Index range scan on sbtest2 using PRIMARY over (7362729 <= id <= 7362738)  (cost=2.28 rows=10)


table 3 : explain SELECT SUM(k) FROM sbtest3 WHERE id BETWEEN 9805611 AND 9805620
	-> Aggregate: sum(sbtest3.k)  (cost=4.58 rows=1)
    -> Filter: (sbtest3.id between 9805611 and 9805620)  (cost=2.28 rows=10)
        -> Index range scan on sbtest3 using PRIMARY over (9805611 <= id <= 9805620)  (cost=2.28 rows=10)


table 4 : explain SELECT SUM(k) FROM sbtest4 WHERE id BETWEEN 6207125 AND 6207134
	-> Aggregate: sum(sbtest4.k)  (cost=4.58 rows=1)
    -> Filter: (sbtest4.id between 6207125 and 6207134)  (cost=2.28 rows=10)
        -> Index range scan on sbtest4 using PRIMARY over (6207125 <= id <= 6207134)  (cost=2.28 rows=10)


table 5 : explain SELECT SUM(k) FROM sbtest5 WHERE id BETWEEN 4270238 AND 4270247
	-> Aggregate: sum(sbtest5.k)  (cost=4.58 rows=1)
    -> Filter: (sbtest5.id between 4270238 and 4270247)  (cost=2.28 rows=10)
        -> Index range scan on sbtest5 using PRIMARY over (4270238 <= id <= 4270247)  (cost=2.28 rows=10)


table 6 : explain SELECT SUM(k) FROM sbtest6 WHERE id BETWEEN 8330735 AND 8330744
	-> Aggregate: sum(sbtest6.k)  (cost=4.58 rows=1)
    -> Filter: (sbtest6.id between 8330735 and 8330744)  (cost=2.28 rows=10)
        -> Index range scan on sbtest6 using PRIMARY over (8330735 <= id <= 8330744)  (cost=2.28 rows=10)


table 7 : explain SELECT SUM(k) FROM sbtest7 WHERE id BETWEEN 7655585 AND 7655594
	-> Aggregate: sum(sbtest7.k)  (cost=4.58 rows=1)
    -> Filter: (sbtest7.id between 7655585 and 7655594)  (cost=2.28 rows=10)
        -> Index range scan on sbtest7 using PRIMARY over (7655585 <= id <= 7655594)  (cost=2.28 rows=10)


table 8 : explain SELECT SUM(k) FROM sbtest8 WHERE id BETWEEN 7969967 AND 7969976
	-> Aggregate: sum(sbtest8.k)  (cost=4.58 rows=1)
    -> Filter: (sbtest8.id between 7969967 and 7969976)  (cost=2.28 rows=10)
        -> Index range scan on sbtest8 using PRIMARY over (7969967 <= id <= 7969976)  (cost=2.28 rows=10)


for: sum_ranges
table 1 : explain SELECT SUM(k) FROM sbtest1 WHERE id BETWEEN 2352062 AND 2352071
	-> Aggregate: sum(sbtest1.k)  (cost=4.58 rows=1)
    -> Filter: (sbtest1.id between 2352062 and 2352071)  (cost=2.28 rows=10)
        -> Index range scan on sbtest1 using PRIMARY over (2352062 <= id <= 2352071)  (cost=2.28 rows=10)


table 2 : explain SELECT SUM(k) FROM sbtest2 WHERE id BETWEEN 8757455 AND 8757464
	-> Aggregate: sum(sbtest2.k)  (cost=4.58 rows=1)
    -> Filter: (sbtest2.id between 8757455 and 8757464)  (cost=2.28 rows=10)
        -> Index range scan on sbtest2 using PRIMARY over (8757455 <= id <= 8757464)  (cost=2.28 rows=10)


table 3 : explain SELECT SUM(k) FROM sbtest3 WHERE id BETWEEN 6631908 AND 6631917
	-> Aggregate: sum(sbtest3.k)  (cost=4.58 rows=1)
    -> Filter: (sbtest3.id between 6631908 and 6631917)  (cost=2.28 rows=10)
        -> Index range scan on sbtest3 using PRIMARY over (6631908 <= id <= 6631917)  (cost=2.28 rows=10)


table 4 : explain SELECT SUM(k) FROM sbtest4 WHERE id BETWEEN 2131221 AND 2131230
	-> Aggregate: sum(sbtest4.k)  (cost=4.58 rows=1)
    -> Filter: (sbtest4.id between 2131221 and 2131230)  (cost=2.28 rows=10)
        -> Index range scan on sbtest4 using PRIMARY over (2131221 <= id <= 2131230)  (cost=2.28 rows=10)


table 5 : explain SELECT SUM(k) FROM sbtest5 WHERE id BETWEEN 4401641 AND 4401650
	-> Aggregate: sum(sbtest5.k)  (cost=4.58 rows=1)
    -> Filter: (sbtest5.id between 4401641 and 4401650)  (cost=2.28 rows=10)
        -> Index range scan on sbtest5 using PRIMARY over (4401641 <= id <= 4401650)  (cost=2.28 rows=10)


table 6 : explain SELECT SUM(k) FROM sbtest6 WHERE id BETWEEN 4781389 AND 4781398
	-> Aggregate: sum(sbtest6.k)  (cost=4.58 rows=1)
    -> Filter: (sbtest6.id between 4781389 and 4781398)  (cost=2.28 rows=10)
        -> Index range scan on sbtest6 using PRIMARY over (4781389 <= id <= 4781398)  (cost=2.28 rows=10)


table 7 : explain SELECT SUM(k) FROM sbtest7 WHERE id BETWEEN 5346475 AND 5346484
	-> Aggregate: sum(sbtest7.k)  (cost=4.58 rows=1)
    -> Filter: (sbtest7.id between 5346475 and 5346484)  (cost=2.28 rows=10)
        -> Index range scan on sbtest7 using PRIMARY over (5346475 <= id <= 5346484)  (cost=2.28 rows=10)


table 8 : explain SELECT SUM(k) FROM sbtest8 WHERE id BETWEEN 8521951 AND 8521960
	-> Aggregate: sum(sbtest8.k)  (cost=4.58 rows=1)
    -> Filter: (sbtest8.id between 8521951 and 8521960)  (cost=2.28 rows=10)
        -> Index range scan on sbtest8 using PRIMARY over (8521951 <= id <= 8521960)  (cost=2.28 rows=10)


for: sum_ranges
table 1 : explain SELECT SUM(k) FROM sbtest1 WHERE id BETWEEN 2747640 AND 2747649
	-> Aggregate: sum(sbtest1.k)  (cost=4.58 rows=1)
    -> Filter: (sbtest1.id between 2747640 and 2747649)  (cost=2.28 rows=10)
        -> Index range scan on sbtest1 using PRIMARY over (2747640 <= id <= 2747649)  (cost=2.28 rows=10)


table 2 : explain SELECT SUM(k) FROM sbtest2 WHERE id BETWEEN 1366299 AND 1366308
	-> Aggregate: sum(sbtest2.k)  (cost=4.58 rows=1)
    -> Filter: (sbtest2.id between 1366299 and 1366308)  (cost=2.28 rows=10)
        -> Index range scan on sbtest2 using PRIMARY over (1366299 <= id <= 1366308)  (cost=2.28 rows=10)


table 3 : explain SELECT SUM(k) FROM sbtest3 WHERE id BETWEEN 7740110 AND 7740119
	-> Aggregate: sum(sbtest3.k)  (cost=4.58 rows=1)
    -> Filter: (sbtest3.id between 7740110 and 7740119)  (cost=2.28 rows=10)
        -> Index range scan on sbtest3 using PRIMARY over (7740110 <= id <= 7740119)  (cost=2.28 rows=10)


table 4 : explain SELECT SUM(k) FROM sbtest4 WHERE id BETWEEN 2943568 AND 2943577
	-> Aggregate: sum(sbtest4.k)  (cost=4.58 rows=1)
    -> Filter: (sbtest4.id between 2943568 and 2943577)  (cost=2.28 rows=10)
        -> Index range scan on sbtest4 using PRIMARY over (2943568 <= id <= 2943577)  (cost=2.28 rows=10)


table 5 : explain SELECT SUM(k) FROM sbtest5 WHERE id BETWEEN 9219719 AND 9219728
	-> Aggregate: sum(sbtest5.k)  (cost=4.58 rows=1)
    -> Filter: (sbtest5.id between 9219719 and 9219728)  (cost=2.28 rows=10)
        -> Index range scan on sbtest5 using PRIMARY over (9219719 <= id <= 9219728)  (cost=2.28 rows=10)


table 6 : explain SELECT SUM(k) FROM sbtest6 WHERE id BETWEEN 3321411 AND 3321420
	-> Aggregate: sum(sbtest6.k)  (cost=4.58 rows=1)
    -> Filter: (sbtest6.id between 3321411 and 3321420)  (cost=2.28 rows=10)
        -> Index range scan on sbtest6 using PRIMARY over (3321411 <= id <= 3321420)  (cost=2.28 rows=10)


table 7 : explain SELECT SUM(k) FROM sbtest7 WHERE id BETWEEN 3914394 AND 3914403
	-> Aggregate: sum(sbtest7.k)  (cost=4.58 rows=1)
    -> Filter: (sbtest7.id between 3914394 and 3914403)  (cost=2.28 rows=10)
        -> Index range scan on sbtest7 using PRIMARY over (3914394 <= id <= 3914403)  (cost=2.28 rows=10)


table 8 : explain SELECT SUM(k) FROM sbtest8 WHERE id BETWEEN 9955514 AND 9955523
	-> Aggregate: sum(sbtest8.k)  (cost=4.58 rows=1)
    -> Filter: (sbtest8.id between 9955514 and 9955523)  (cost=2.28 rows=10)
        -> Index range scan on sbtest8 using PRIMARY over (9955514 <= id <= 9955523)  (cost=2.28 rows=10)


for: sum_ranges
table 1 : explain SELECT SUM(k) FROM sbtest1 WHERE id BETWEEN 4772069 AND 4772078
	-> Aggregate: sum(sbtest1.k)  (cost=4.58 rows=1)
    -> Filter: (sbtest1.id between 4772069 and 4772078)  (cost=2.28 rows=10)
        -> Index range scan on sbtest1 using PRIMARY over (4772069 <= id <= 4772078)  (cost=2.28 rows=10)


table 2 : explain SELECT SUM(k) FROM sbtest2 WHERE id BETWEEN 6636894 AND 6636903
	-> Aggregate: sum(sbtest2.k)  (cost=4.58 rows=1)
    -> Filter: (sbtest2.id between 6636894 and 6636903)  (cost=2.28 rows=10)
        -> Index range scan on sbtest2 using PRIMARY over (6636894 <= id <= 6636903)  (cost=2.28 rows=10)


table 3 : explain SELECT SUM(k) FROM sbtest3 WHERE id BETWEEN 2068770 AND 2068779
	-> Aggregate: sum(sbtest3.k)  (cost=4.58 rows=1)
    -> Filter: (sbtest3.id between 2068770 and 2068779)  (cost=2.28 rows=10)
        -> Index range scan on sbtest3 using PRIMARY over (2068770 <= id <= 2068779)  (cost=2.28 rows=10)


table 4 : explain SELECT SUM(k) FROM sbtest4 WHERE id BETWEEN 6180897 AND 6180906
	-> Aggregate: sum(sbtest4.k)  (cost=4.58 rows=1)
    -> Filter: (sbtest4.id between 6180897 and 6180906)  (cost=2.28 rows=10)
        -> Index range scan on sbtest4 using PRIMARY over (6180897 <= id <= 6180906)  (cost=2.28 rows=10)


table 5 : explain SELECT SUM(k) FROM sbtest5 WHERE id BETWEEN 8151193 AND 8151202
	-> Aggregate: sum(sbtest5.k)  (cost=4.58 rows=1)
    -> Filter: (sbtest5.id between 8151193 and 8151202)  (cost=2.28 rows=10)
        -> Index range scan on sbtest5 using PRIMARY over (8151193 <= id <= 8151202)  (cost=2.28 rows=10)


table 6 : explain SELECT SUM(k) FROM sbtest6 WHERE id BETWEEN 4739214 AND 4739223
	-> Aggregate: sum(sbtest6.k)  (cost=4.58 rows=1)
    -> Filter: (sbtest6.id between 4739214 and 4739223)  (cost=2.28 rows=10)
        -> Index range scan on sbtest6 using PRIMARY over (4739214 <= id <= 4739223)  (cost=2.28 rows=10)


table 7 : explain SELECT SUM(k) FROM sbtest7 WHERE id BETWEEN 1582163 AND 1582172
	-> Aggregate: sum(sbtest7.k)  (cost=4.58 rows=1)
    -> Filter: (sbtest7.id between 1582163 and 1582172)  (cost=2.28 rows=10)
        -> Index range scan on sbtest7 using PRIMARY over (1582163 <= id <= 1582172)  (cost=2.28 rows=10)


table 8 : explain SELECT SUM(k) FROM sbtest8 WHERE id BETWEEN 9632382 AND 9632391
	-> Aggregate: sum(sbtest8.k)  (cost=4.58 rows=1)
    -> Filter: (sbtest8.id between 9632382 and 9632391)  (cost=2.28 rows=10)
        -> Index range scan on sbtest8 using PRIMARY over (9632382 <= id <= 9632391)  (cost=2.28 rows=10)


for: simple_ranges
table 1 : explain SELECT c FROM sbtest1 WHERE id BETWEEN 3427823 AND 3427832
	-> Filter: (sbtest1.id between 3427823 and 3427832)  (cost=2.28 rows=10)
    -> Index range scan on sbtest1 using PRIMARY over (3427823 <= id <= 3427832)  (cost=2.28 rows=10)


table 2 : explain SELECT c FROM sbtest2 WHERE id BETWEEN 9455560 AND 9455569
	-> Filter: (sbtest2.id between 9455560 and 9455569)  (cost=2.28 rows=10)
    -> Index range scan on sbtest2 using PRIMARY over (9455560 <= id <= 9455569)  (cost=2.28 rows=10)


table 3 : explain SELECT c FROM sbtest3 WHERE id BETWEEN 3881535 AND 3881544
	-> Filter: (sbtest3.id between 3881535 and 3881544)  (cost=2.28 rows=10)
    -> Index range scan on sbtest3 using PRIMARY over (3881535 <= id <= 3881544)  (cost=2.28 rows=10)


table 4 : explain SELECT c FROM sbtest4 WHERE id BETWEEN 419059 AND 419068
	-> Filter: (sbtest4.id between 419059 and 419068)  (cost=2.28 rows=10)
    -> Index range scan on sbtest4 using PRIMARY over (419059 <= id <= 419068)  (cost=2.28 rows=10)


table 5 : explain SELECT c FROM sbtest5 WHERE id BETWEEN 3404464 AND 3404473
	-> Filter: (sbtest5.id between 3404464 and 3404473)  (cost=2.28 rows=10)
    -> Index range scan on sbtest5 using PRIMARY over (3404464 <= id <= 3404473)  (cost=2.28 rows=10)


table 6 : explain SELECT c FROM sbtest6 WHERE id BETWEEN 2142739 AND 2142748
	-> Filter: (sbtest6.id between 2142739 and 2142748)  (cost=2.28 rows=10)
    -> Index range scan on sbtest6 using PRIMARY over (2142739 <= id <= 2142748)  (cost=2.28 rows=10)


table 7 : explain SELECT c FROM sbtest7 WHERE id BETWEEN 3626227 AND 3626236
	-> Filter: (sbtest7.id between 3626227 and 3626236)  (cost=2.28 rows=10)
    -> Index range scan on sbtest7 using PRIMARY over (3626227 <= id <= 3626236)  (cost=2.28 rows=10)


table 8 : explain SELECT c FROM sbtest8 WHERE id BETWEEN 9921401 AND 9921410
	-> Filter: (sbtest8.id between 9921401 and 9921410)  (cost=2.28 rows=10)
    -> Index range scan on sbtest8 using PRIMARY over (9921401 <= id <= 9921410)  (cost=2.28 rows=10)


for: sum_ranges
table 1 : explain SELECT SUM(k) FROM sbtest1 WHERE id BETWEEN 2339342 AND 2339351
	-> Aggregate: sum(sbtest1.k)  (cost=4.58 rows=1)
    -> Filter: (sbtest1.id between 2339342 and 2339351)  (cost=2.28 rows=10)
        -> Index range scan on sbtest1 using PRIMARY over (2339342 <= id <= 2339351)  (cost=2.28 rows=10)


table 2 : explain SELECT SUM(k) FROM sbtest2 WHERE id BETWEEN 3792522 AND 3792531
	-> Aggregate: sum(sbtest2.k)  (cost=4.58 rows=1)
    -> Filter: (sbtest2.id between 3792522 and 3792531)  (cost=2.28 rows=10)
        -> Index range scan on sbtest2 using PRIMARY over (3792522 <= id <= 3792531)  (cost=2.28 rows=10)


table 3 : explain SELECT SUM(k) FROM sbtest3 WHERE id BETWEEN 7992567 AND 7992576
	-> Aggregate: sum(sbtest3.k)  (cost=4.58 rows=1)
    -> Filter: (sbtest3.id between 7992567 and 7992576)  (cost=2.28 rows=10)
        -> Index range scan on sbtest3 using PRIMARY over (7992567 <= id <= 7992576)  (cost=2.28 rows=10)


table 4 : explain SELECT SUM(k) FROM sbtest4 WHERE id BETWEEN 1507164 AND 1507173
	-> Aggregate: sum(sbtest4.k)  (cost=4.58 rows=1)
    -> Filter: (sbtest4.id between 1507164 and 1507173)  (cost=2.28 rows=10)
        -> Index range scan on sbtest4 using PRIMARY over (1507164 <= id <= 1507173)  (cost=2.28 rows=10)


table 5 : explain SELECT SUM(k) FROM sbtest5 WHERE id BETWEEN 8063954 AND 8063963
	-> Aggregate: sum(sbtest5.k)  (cost=4.58 rows=1)
    -> Filter: (sbtest5.id between 8063954 and 8063963)  (cost=2.28 rows=10)
        -> Index range scan on sbtest5 using PRIMARY over (8063954 <= id <= 8063963)  (cost=2.28 rows=10)


table 6 : explain SELECT SUM(k) FROM sbtest6 WHERE id BETWEEN 125546 AND 125555
	-> Aggregate: sum(sbtest6.k)  (cost=4.58 rows=1)
    -> Filter: (sbtest6.id between 125546 and 125555)  (cost=2.28 rows=10)
        -> Index range scan on sbtest6 using PRIMARY over (125546 <= id <= 125555)  (cost=2.28 rows=10)


table 7 : explain SELECT SUM(k) FROM sbtest7 WHERE id BETWEEN 3663841 AND 3663850
	-> Aggregate: sum(sbtest7.k)  (cost=4.58 rows=1)
    -> Filter: (sbtest7.id between 3663841 and 3663850)  (cost=2.28 rows=10)
        -> Index range scan on sbtest7 using PRIMARY over (3663841 <= id <= 3663850)  (cost=2.28 rows=10)


table 8 : explain SELECT SUM(k) FROM sbtest8 WHERE id BETWEEN 2561283 AND 2561292
	-> Aggregate: sum(sbtest8.k)  (cost=4.58 rows=1)
    -> Filter: (sbtest8.id between 2561283 and 2561292)  (cost=2.28 rows=10)
        -> Index range scan on sbtest8 using PRIMARY over (2561283 <= id <= 2561292)  (cost=2.28 rows=10)


for: sum_ranges
table 1 : explain SELECT SUM(k) FROM sbtest1 WHERE id BETWEEN 9935808 AND 9935817
	-> Aggregate: sum(sbtest1.k)  (cost=4.58 rows=1)
    -> Filter: (sbtest1.id between 9935808 and 9935817)  (cost=2.28 rows=10)
        -> Index range scan on sbtest1 using PRIMARY over (9935808 <= id <= 9935817)  (cost=2.28 rows=10)


table 2 : explain SELECT SUM(k) FROM sbtest2 WHERE id BETWEEN 329797 AND 329806
	-> Aggregate: sum(sbtest2.k)  (cost=4.58 rows=1)
    -> Filter: (sbtest2.id between 329797 and 329806)  (cost=2.28 rows=10)
        -> Index range scan on sbtest2 using PRIMARY over (329797 <= id <= 329806)  (cost=2.28 rows=10)


table 3 : explain SELECT SUM(k) FROM sbtest3 WHERE id BETWEEN 5698381 AND 5698390
	-> Aggregate: sum(sbtest3.k)  (cost=4.58 rows=1)
    -> Filter: (sbtest3.id between 5698381 and 5698390)  (cost=2.28 rows=10)
        -> Index range scan on sbtest3 using PRIMARY over (5698381 <= id <= 5698390)  (cost=2.28 rows=10)


table 4 : explain SELECT SUM(k) FROM sbtest4 WHERE id BETWEEN 9460493 AND 9460502
	-> Aggregate: sum(sbtest4.k)  (cost=4.58 rows=1)
    -> Filter: (sbtest4.id between 9460493 and 9460502)  (cost=2.28 rows=10)
        -> Index range scan on sbtest4 using PRIMARY over (9460493 <= id <= 9460502)  (cost=2.28 rows=10)


table 5 : explain SELECT SUM(k) FROM sbtest5 WHERE id BETWEEN 838858 AND 838867
	-> Aggregate: sum(sbtest5.k)  (cost=4.58 rows=1)
    -> Filter: (sbtest5.id between 838858 and 838867)  (cost=2.28 rows=10)
        -> Index range scan on sbtest5 using PRIMARY over (838858 <= id <= 838867)  (cost=2.28 rows=10)


table 6 : explain SELECT SUM(k) FROM sbtest6 WHERE id BETWEEN 6952789 AND 6952798
	-> Aggregate: sum(sbtest6.k)  (cost=4.58 rows=1)
    -> Filter: (sbtest6.id between 6952789 and 6952798)  (cost=2.28 rows=10)
        -> Index range scan on sbtest6 using PRIMARY over (6952789 <= id <= 6952798)  (cost=2.28 rows=10)


table 7 : explain SELECT SUM(k) FROM sbtest7 WHERE id BETWEEN 1684625 AND 1684634
	-> Aggregate: sum(sbtest7.k)  (cost=4.58 rows=1)
    -> Filter: (sbtest7.id between 1684625 and 1684634)  (cost=2.28 rows=10)
        -> Index range scan on sbtest7 using PRIMARY over (1684625 <= id <= 1684634)  (cost=2.28 rows=10)


table 8 : explain SELECT SUM(k) FROM sbtest8 WHERE id BETWEEN 9999668 AND 9999677
	-> Aggregate: sum(sbtest8.k)  (cost=4.58 rows=1)
    -> Filter: (sbtest8.id between 9999668 and 9999677)  (cost=2.28 rows=10)
        -> Index range scan on sbtest8 using PRIMARY over (9999668 <= id <= 9999677)  (cost=2.28 rows=10)


for point_selects
table 1 : explain SELECT c FROM sbtest1 WHERE id=4987443
	-> Rows fetched before execution  (cost=0..0 rows=1)


table 2 : explain SELECT c FROM sbtest2 WHERE id=3096728
	-> Rows fetched before execution  (cost=0..0 rows=1)


table 3 : explain SELECT c FROM sbtest3 WHERE id=7524342
	-> Rows fetched before execution  (cost=0..0 rows=1)


table 4 : explain SELECT c FROM sbtest4 WHERE id=2801354
	-> Rows fetched before execution  (cost=0..0 rows=1)


table 5 : explain SELECT c FROM sbtest5 WHERE id=6112249
	-> Rows fetched before execution  (cost=0..0 rows=1)


table 6 : explain SELECT c FROM sbtest6 WHERE id=4070674
	-> Rows fetched before execution  (cost=0..0 rows=1)


table 7 : explain SELECT c FROM sbtest7 WHERE id=6905331
	-> Rows fetched before execution  (cost=0..0 rows=1)


table 8 : explain SELECT c FROM sbtest8 WHERE id=2475
	-> Rows fetched before execution  (cost=0..0 rows=1)


for: sum_ranges
table 1 : explain SELECT SUM(k) FROM sbtest1 WHERE id BETWEEN 7729907 AND 7729916
	-> Aggregate: sum(sbtest1.k)  (cost=4.58 rows=1)
    -> Filter: (sbtest1.id between 7729907 and 7729916)  (cost=2.28 rows=10)
        -> Index range scan on sbtest1 using PRIMARY over (7729907 <= id <= 7729916)  (cost=2.28 rows=10)


table 2 : explain SELECT SUM(k) FROM sbtest2 WHERE id BETWEEN 2873268 AND 2873277
	-> Aggregate: sum(sbtest2.k)  (cost=4.58 rows=1)
    -> Filter: (sbtest2.id between 2873268 and 2873277)  (cost=2.28 rows=10)
        -> Index range scan on sbtest2 using PRIMARY over (2873268 <= id <= 2873277)  (cost=2.28 rows=10)


table 3 : explain SELECT SUM(k) FROM sbtest3 WHERE id BETWEEN 2666508 AND 2666517
	-> Aggregate: sum(sbtest3.k)  (cost=4.58 rows=1)
    -> Filter: (sbtest3.id between 2666508 and 2666517)  (cost=2.28 rows=10)
        -> Index range scan on sbtest3 using PRIMARY over (2666508 <= id <= 2666517)  (cost=2.28 rows=10)


table 4 : explain SELECT SUM(k) FROM sbtest4 WHERE id BETWEEN 3311641 AND 3311650
	-> Aggregate: sum(sbtest4.k)  (cost=4.58 rows=1)
    -> Filter: (sbtest4.id between 3311641 and 3311650)  (cost=2.28 rows=10)
        -> Index range scan on sbtest4 using PRIMARY over (3311641 <= id <= 3311650)  (cost=2.28 rows=10)


table 5 : explain SELECT SUM(k) FROM sbtest5 WHERE id BETWEEN 7130023 AND 7130032
	-> Aggregate: sum(sbtest5.k)  (cost=4.58 rows=1)
    -> Filter: (sbtest5.id between 7130023 and 7130032)  (cost=2.28 rows=10)
        -> Index range scan on sbtest5 using PRIMARY over (7130023 <= id <= 7130032)  (cost=2.28 rows=10)


table 6 : explain SELECT SUM(k) FROM sbtest6 WHERE id BETWEEN 5950219 AND 5950228
	-> Aggregate: sum(sbtest6.k)  (cost=4.58 rows=1)
    -> Filter: (sbtest6.id between 5950219 and 5950228)  (cost=2.28 rows=10)
        -> Index range scan on sbtest6 using PRIMARY over (5950219 <= id <= 5950228)  (cost=2.28 rows=10)


table 7 : explain SELECT SUM(k) FROM sbtest7 WHERE id BETWEEN 6691856 AND 6691865
	-> Aggregate: sum(sbtest7.k)  (cost=4.58 rows=1)
    -> Filter: (sbtest7.id between 6691856 and 6691865)  (cost=2.28 rows=10)
        -> Index range scan on sbtest7 using PRIMARY over (6691856 <= id <= 6691865)  (cost=2.28 rows=10)


table 8 : explain SELECT SUM(k) FROM sbtest8 WHERE id BETWEEN 3518204 AND 3518213
	-> Aggregate: sum(sbtest8.k)  (cost=4.58 rows=1)
    -> Filter: (sbtest8.id between 3518204 and 3518213)  (cost=2.28 rows=10)
        -> Index range scan on sbtest8 using PRIMARY over (3518204 <= id <= 3518213)  (cost=2.28 rows=10)


for: sum_ranges
table 1 : explain SELECT SUM(k) FROM sbtest1 WHERE id BETWEEN 991512 AND 991521
	-> Aggregate: sum(sbtest1.k)  (cost=4.58 rows=1)
    -> Filter: (sbtest1.id between 991512 and 991521)  (cost=2.28 rows=10)
        -> Index range scan on sbtest1 using PRIMARY over (991512 <= id <= 991521)  (cost=2.28 rows=10)


table 2 : explain SELECT SUM(k) FROM sbtest2 WHERE id BETWEEN 7930430 AND 7930439
	-> Aggregate: sum(sbtest2.k)  (cost=4.58 rows=1)
    -> Filter: (sbtest2.id between 7930430 and 7930439)  (cost=2.28 rows=10)
        -> Index range scan on sbtest2 using PRIMARY over (7930430 <= id <= 7930439)  (cost=2.28 rows=10)


table 3 : explain SELECT SUM(k) FROM sbtest3 WHERE id BETWEEN 3649872 AND 3649881
	-> Aggregate: sum(sbtest3.k)  (cost=4.58 rows=1)
    -> Filter: (sbtest3.id between 3649872 and 3649881)  (cost=2.28 rows=10)
        -> Index range scan on sbtest3 using PRIMARY over (3649872 <= id <= 3649881)  (cost=2.28 rows=10)


table 4 : explain SELECT SUM(k) FROM sbtest4 WHERE id BETWEEN 9006909 AND 9006918
	-> Aggregate: sum(sbtest4.k)  (cost=4.58 rows=1)
    -> Filter: (sbtest4.id between 9006909 and 9006918)  (cost=2.28 rows=10)
        -> Index range scan on sbtest4 using PRIMARY over (9006909 <= id <= 9006918)  (cost=2.28 rows=10)


table 5 : explain SELECT SUM(k) FROM sbtest5 WHERE id BETWEEN 9119085 AND 9119094
	-> Aggregate: sum(sbtest5.k)  (cost=4.58 rows=1)
    -> Filter: (sbtest5.id between 9119085 and 9119094)  (cost=2.28 rows=10)
        -> Index range scan on sbtest5 using PRIMARY over (9119085 <= id <= 9119094)  (cost=2.28 rows=10)


table 6 : explain SELECT SUM(k) FROM sbtest6 WHERE id BETWEEN 6674690 AND 6674699
	-> Aggregate: sum(sbtest6.k)  (cost=4.58 rows=1)
    -> Filter: (sbtest6.id between 6674690 and 6674699)  (cost=2.28 rows=10)
        -> Index range scan on sbtest6 using PRIMARY over (6674690 <= id <= 6674699)  (cost=2.28 rows=10)


table 7 : explain SELECT SUM(k) FROM sbtest7 WHERE id BETWEEN 8779511 AND 8779520
	-> Aggregate: sum(sbtest7.k)  (cost=4.58 rows=1)
    -> Filter: (sbtest7.id between 8779511 and 8779520)  (cost=2.28 rows=10)
        -> Index range scan on sbtest7 using PRIMARY over (8779511 <= id <= 8779520)  (cost=2.28 rows=10)


table 8 : explain SELECT SUM(k) FROM sbtest8 WHERE id BETWEEN 2324523 AND 2324532
	-> Aggregate: sum(sbtest8.k)  (cost=4.58 rows=1)
    -> Filter: (sbtest8.id between 2324523 and 2324532)  (cost=2.28 rows=10)
        -> Index range scan on sbtest8 using PRIMARY over (2324523 <= id <= 2324532)  (cost=2.28 rows=10)


for: simple_ranges
table 1 : explain SELECT c FROM sbtest1 WHERE id BETWEEN 1787353 AND 1787362
	-> Filter: (sbtest1.id between 1787353 and 1787362)  (cost=2.28 rows=10)
    -> Index range scan on sbtest1 using PRIMARY over (1787353 <= id <= 1787362)  (cost=2.28 rows=10)


table 2 : explain SELECT c FROM sbtest2 WHERE id BETWEEN 9711913 AND 9711922
	-> Filter: (sbtest2.id between 9711913 and 9711922)  (cost=2.28 rows=10)
    -> Index range scan on sbtest2 using PRIMARY over (9711913 <= id <= 9711922)  (cost=2.28 rows=10)


table 3 : explain SELECT c FROM sbtest3 WHERE id BETWEEN 9352534 AND 9352543
	-> Filter: (sbtest3.id between 9352534 and 9352543)  (cost=2.28 rows=10)
    -> Index range scan on sbtest3 using PRIMARY over (9352534 <= id <= 9352543)  (cost=2.28 rows=10)


table 4 : explain SELECT c FROM sbtest4 WHERE id BETWEEN 7569363 AND 7569372
	-> Filter: (sbtest4.id between 7569363 and 7569372)  (cost=2.28 rows=10)
    -> Index range scan on sbtest4 using PRIMARY over (7569363 <= id <= 7569372)  (cost=2.28 rows=10)


table 5 : explain SELECT c FROM sbtest5 WHERE id BETWEEN 9421520 AND 9421529
	-> Filter: (sbtest5.id between 9421520 and 9421529)  (cost=2.28 rows=10)
    -> Index range scan on sbtest5 using PRIMARY over (9421520 <= id <= 9421529)  (cost=2.28 rows=10)


table 6 : explain SELECT c FROM sbtest6 WHERE id BETWEEN 9452701 AND 9452710
	-> Filter: (sbtest6.id between 9452701 and 9452710)  (cost=2.28 rows=10)
    -> Index range scan on sbtest6 using PRIMARY over (9452701 <= id <= 9452710)  (cost=2.28 rows=10)


table 7 : explain SELECT c FROM sbtest7 WHERE id BETWEEN 8977686 AND 8977695
	-> Filter: (sbtest7.id between 8977686 and 8977695)  (cost=2.28 rows=10)
    -> Index range scan on sbtest7 using PRIMARY over (8977686 <= id <= 8977695)  (cost=2.28 rows=10)


table 8 : explain SELECT c FROM sbtest8 WHERE id BETWEEN 1571010 AND 1571019
	-> Filter: (sbtest8.id between 1571010 and 1571019)  (cost=2.28 rows=10)
    -> Index range scan on sbtest8 using PRIMARY over (1571010 <= id <= 1571019)  (cost=2.28 rows=10)

for: simple_ranges
table 1 : explain SELECT c FROM sbtest1 WHERE id BETWEEN 1666519 AND 1666528
	-> Filter: (sbtest1.id between 1666519 and 1666528)  (cost=2.28 rows=10)
    -> Index range scan on sbtest1 using PRIMARY over (1666519 <= id <= 1666528)  (cost=2.28 rows=10)


table 2 : explain SELECT c FROM sbtest2 WHERE id BETWEEN 5870171 AND 5870180
	-> Filter: (sbtest2.id between 5870171 and 5870180)  (cost=2.28 rows=10)
    -> Index range scan on sbtest2 using PRIMARY over (5870171 <= id <= 5870180)  (cost=2.28 rows=10)


table 3 : explain SELECT c FROM sbtest3 WHERE id BETWEEN 2378624 AND 2378633
	-> Filter: (sbtest3.id between 2378624 and 2378633)  (cost=2.28 rows=10)
    -> Index range scan on sbtest3 using PRIMARY over (2378624 <= id <= 2378633)  (cost=2.28 rows=10)


table 4 : explain SELECT c FROM sbtest4 WHERE id BETWEEN 2255150 AND 2255159
	-> Filter: (sbtest4.id between 2255150 and 2255159)  (cost=2.28 rows=10)
    -> Index range scan on sbtest4 using PRIMARY over (2255150 <= id <= 2255159)  (cost=2.28 rows=10)


table 5 : explain SELECT c FROM sbtest5 WHERE id BETWEEN 7312873 AND 7312882
	-> Filter: (sbtest5.id between 7312873 and 7312882)  (cost=2.28 rows=10)
    -> Index range scan on sbtest5 using PRIMARY over (7312873 <= id <= 7312882)  (cost=2.28 rows=10)


table 6 : explain SELECT c FROM sbtest6 WHERE id BETWEEN 5541639 AND 5541648
	-> Filter: (sbtest6.id between 5541639 and 5541648)  (cost=2.28 rows=10)
    -> Index range scan on sbtest6 using PRIMARY over (5541639 <= id <= 5541648)  (cost=2.28 rows=10)


table 7 : explain SELECT c FROM sbtest7 WHERE id BETWEEN 8339535 AND 8339544
	-> Filter: (sbtest7.id between 8339535 and 8339544)  (cost=2.28 rows=10)
    -> Index range scan on sbtest7 using PRIMARY over (8339535 <= id <= 8339544)  (cost=2.28 rows=10)


table 8 : explain SELECT c FROM sbtest8 WHERE id BETWEEN 615549 AND 615558
	-> Filter: (sbtest8.id between 615549 and 615558)  (cost=2.28 rows=10)
    -> Index range scan on sbtest8 using PRIMARY over (615549 <= id <= 615558)  (cost=2.28 rows=10)



for: sum_ranges
table 1 : explain SELECT SUM(k) FROM sbtest1 WHERE id BETWEEN 4596905 AND 4596914
	-> Aggregate: sum(sbtest1.k)  (cost=4.58 rows=1)
    -> Filter: (sbtest1.id between 4596905 and 4596914)  (cost=2.28 rows=10)
        -> Index range scan on sbtest1 using PRIMARY over (4596905 <= id <= 4596914)  (cost=2.28 rows=10)


table 2 : explain SELECT SUM(k) FROM sbtest2 WHERE id BETWEEN 7370716 AND 7370725
	-> Aggregate: sum(sbtest2.k)  (cost=4.58 rows=1)
    -> Filter: (sbtest2.id between 7370716 and 7370725)  (cost=2.28 rows=10)
        -> Index range scan on sbtest2 using PRIMARY over (7370716 <= id <= 7370725)  (cost=2.28 rows=10)


table 3 : explain SELECT SUM(k) FROM sbtest3 WHERE id BETWEEN 3560686 AND 3560695
	-> Aggregate: sum(sbtest3.k)  (cost=4.58 rows=1)
    -> Filter: (sbtest3.id between 3560686 and 3560695)  (cost=2.28 rows=10)
        -> Index range scan on sbtest3 using PRIMARY over (3560686 <= id <= 3560695)  (cost=2.28 rows=10)


table 4 : explain SELECT SUM(k) FROM sbtest4 WHERE id BETWEEN 4266365 AND 4266374
	-> Aggregate: sum(sbtest4.k)  (cost=4.58 rows=1)
    -> Filter: (sbtest4.id between 4266365 and 4266374)  (cost=2.28 rows=10)
        -> Index range scan on sbtest4 using PRIMARY over (4266365 <= id <= 4266374)  (cost=2.28 rows=10)


table 5 : explain SELECT SUM(k) FROM sbtest5 WHERE id BETWEEN 4539706 AND 4539715
	-> Aggregate: sum(sbtest5.k)  (cost=4.58 rows=1)
    -> Filter: (sbtest5.id between 4539706 and 4539715)  (cost=2.28 rows=10)
        -> Index range scan on sbtest5 using PRIMARY over (4539706 <= id <= 4539715)  (cost=2.28 rows=10)


table 6 : explain SELECT SUM(k) FROM sbtest6 WHERE id BETWEEN 4706902 AND 4706911
	-> Aggregate: sum(sbtest6.k)  (cost=4.58 rows=1)
    -> Filter: (sbtest6.id between 4706902 and 4706911)  (cost=2.28 rows=10)
        -> Index range scan on sbtest6 using PRIMARY over (4706902 <= id <= 4706911)  (cost=2.28 rows=10)


table 7 : explain SELECT SUM(k) FROM sbtest7 WHERE id BETWEEN 6643590 AND 6643599
	-> Aggregate: sum(sbtest7.k)  (cost=4.58 rows=1)
    -> Filter: (sbtest7.id between 6643590 and 6643599)  (cost=2.28 rows=10)
        -> Index range scan on sbtest7 using PRIMARY over (6643590 <= id <= 6643599)  (cost=2.28 rows=10)


table 8 : explain SELECT SUM(k) FROM sbtest8 WHERE id BETWEEN 8655083 AND 8655092
	-> Aggregate: sum(sbtest8.k)  (cost=4.58 rows=1)
    -> Filter: (sbtest8.id between 8655083 and 8655092)  (cost=2.28 rows=10)
        -> Index range scan on sbtest8 using PRIMARY over (8655083 <= id <= 8655092)  (cost=2.28 rows=10)


for: sum_ranges
table 1 : explain SELECT SUM(k) FROM sbtest1 WHERE id BETWEEN 5028572 AND 5028581
	-> Aggregate: sum(sbtest1.k)  (cost=4.58 rows=1)
    -> Filter: (sbtest1.id between 5028572 and 5028581)  (cost=2.28 rows=10)
        -> Index range scan on sbtest1 using PRIMARY over (5028572 <= id <= 5028581)  (cost=2.28 rows=10)


table 2 : explain SELECT SUM(k) FROM sbtest2 WHERE id BETWEEN 4479143 AND 4479152
	-> Aggregate: sum(sbtest2.k)  (cost=4.58 rows=1)
    -> Filter: (sbtest2.id between 4479143 and 4479152)  (cost=2.28 rows=10)
        -> Index range scan on sbtest2 using PRIMARY over (4479143 <= id <= 4479152)  (cost=2.28 rows=10)


table 3 : explain SELECT SUM(k) FROM sbtest3 WHERE id BETWEEN 5963880 AND 5963889
	-> Aggregate: sum(sbtest3.k)  (cost=4.58 rows=1)
    -> Filter: (sbtest3.id between 5963880 and 5963889)  (cost=2.28 rows=10)
        -> Index range scan on sbtest3 using PRIMARY over (5963880 <= id <= 5963889)  (cost=2.28 rows=10)


table 4 : explain SELECT SUM(k) FROM sbtest4 WHERE id BETWEEN 1912989 AND 1912998
	-> Aggregate: sum(sbtest4.k)  (cost=4.58 rows=1)
    -> Filter: (sbtest4.id between 1912989 and 1912998)  (cost=2.28 rows=10)
        -> Index range scan on sbtest4 using PRIMARY over (1912989 <= id <= 1912998)  (cost=2.28 rows=10)


table 5 : explain SELECT SUM(k) FROM sbtest5 WHERE id BETWEEN 7857237 AND 7857246
	-> Aggregate: sum(sbtest5.k)  (cost=4.58 rows=1)
    -> Filter: (sbtest5.id between 7857237 and 7857246)  (cost=2.28 rows=10)
        -> Index range scan on sbtest5 using PRIMARY over (7857237 <= id <= 7857246)  (cost=2.28 rows=10)


table 6 : explain SELECT SUM(k) FROM sbtest6 WHERE id BETWEEN 9116638 AND 9116647
	-> Aggregate: sum(sbtest6.k)  (cost=4.58 rows=1)
    -> Filter: (sbtest6.id between 9116638 and 9116647)  (cost=2.28 rows=10)
        -> Index range scan on sbtest6 using PRIMARY over (9116638 <= id <= 9116647)  (cost=2.28 rows=10)


table 7 : explain SELECT SUM(k) FROM sbtest7 WHERE id BETWEEN 6110922 AND 6110931
	-> Aggregate: sum(sbtest7.k)  (cost=4.58 rows=1)
    -> Filter: (sbtest7.id between 6110922 and 6110931)  (cost=2.28 rows=10)
        -> Index range scan on sbtest7 using PRIMARY over (6110922 <= id <= 6110931)  (cost=2.28 rows=10)


table 8 : explain SELECT SUM(k) FROM sbtest8 WHERE id BETWEEN 9444529 AND 9444538
	-> Aggregate: sum(sbtest8.k)  (cost=4.58 rows=1)
    -> Filter: (sbtest8.id between 9444529 and 9444538)  (cost=2.28 rows=10)
        -> Index range scan on sbtest8 using PRIMARY over (9444529 <= id <= 9444538)  (cost=2.28 rows=10)


for: sum_ranges
table 1 : explain SELECT SUM(k) FROM sbtest1 WHERE id BETWEEN 3059533 AND 3059542
	-> Aggregate: sum(sbtest1.k)  (cost=4.58 rows=1)
    -> Filter: (sbtest1.id between 3059533 and 3059542)  (cost=2.28 rows=10)
        -> Index range scan on sbtest1 using PRIMARY over (3059533 <= id <= 3059542)  (cost=2.28 rows=10)


table 2 : explain SELECT SUM(k) FROM sbtest2 WHERE id BETWEEN 7995902 AND 7995911
	-> Aggregate: sum(sbtest2.k)  (cost=4.58 rows=1)
    -> Filter: (sbtest2.id between 7995902 and 7995911)  (cost=2.28 rows=10)
        -> Index range scan on sbtest2 using PRIMARY over (7995902 <= id <= 7995911)  (cost=2.28 rows=10)


table 3 : explain SELECT SUM(k) FROM sbtest3 WHERE id BETWEEN 4872510 AND 4872519
	-> Aggregate: sum(sbtest3.k)  (cost=4.58 rows=1)
    -> Filter: (sbtest3.id between 4872510 and 4872519)  (cost=2.28 rows=10)
        -> Index range scan on sbtest3 using PRIMARY over (4872510 <= id <= 4872519)  (cost=2.28 rows=10)


table 4 : explain SELECT SUM(k) FROM sbtest4 WHERE id BETWEEN 2438083 AND 2438092
	-> Aggregate: sum(sbtest4.k)  (cost=4.58 rows=1)
    -> Filter: (sbtest4.id between 2438083 and 2438092)  (cost=2.28 rows=10)
        -> Index range scan on sbtest4 using PRIMARY over (2438083 <= id <= 2438092)  (cost=2.28 rows=10)


table 5 : explain SELECT SUM(k) FROM sbtest5 WHERE id BETWEEN 6434349 AND 6434358
	-> Aggregate: sum(sbtest5.k)  (cost=4.58 rows=1)
    -> Filter: (sbtest5.id between 6434349 and 6434358)  (cost=2.28 rows=10)
        -> Index range scan on sbtest5 using PRIMARY over (6434349 <= id <= 6434358)  (cost=2.28 rows=10)


table 6 : explain SELECT SUM(k) FROM sbtest6 WHERE id BETWEEN 3434309 AND 3434318
	-> Aggregate: sum(sbtest6.k)  (cost=4.58 rows=1)
    -> Filter: (sbtest6.id between 3434309 and 3434318)  (cost=2.28 rows=10)
        -> Index range scan on sbtest6 using PRIMARY over (3434309 <= id <= 3434318)  (cost=2.28 rows=10)


table 7 : explain SELECT SUM(k) FROM sbtest7 WHERE id BETWEEN 7864945 AND 7864954
	-> Aggregate: sum(sbtest7.k)  (cost=4.58 rows=1)
    -> Filter: (sbtest7.id between 7864945 and 7864954)  (cost=2.28 rows=10)
        -> Index range scan on sbtest7 using PRIMARY over (7864945 <= id <= 7864954)  (cost=2.28 rows=10)


table 8 : explain SELECT SUM(k) FROM sbtest8 WHERE id BETWEEN 2945734 AND 2945743
	-> Aggregate: sum(sbtest8.k)  (cost=4.58 rows=1)
    -> Filter: (sbtest8.id between 2945734 and 2945743)  (cost=2.28 rows=10)
        -> Index range scan on sbtest8 using PRIMARY over (2945734 <= id <= 2945743)  (cost=2.28 rows=10)


for: sum_ranges
table 1 : explain SELECT SUM(k) FROM sbtest1 WHERE id BETWEEN 1751641 AND 1751650
	-> Aggregate: sum(sbtest1.k)  (cost=4.58 rows=1)
    -> Filter: (sbtest1.id between 1751641 and 1751650)  (cost=2.28 rows=10)
        -> Index range scan on sbtest1 using PRIMARY over (1751641 <= id <= 1751650)  (cost=2.28 rows=10)


table 2 : explain SELECT SUM(k) FROM sbtest2 WHERE id BETWEEN 7628901 AND 7628910
	-> Aggregate: sum(sbtest2.k)  (cost=4.58 rows=1)
    -> Filter: (sbtest2.id between 7628901 and 7628910)  (cost=2.28 rows=10)
        -> Index range scan on sbtest2 using PRIMARY over (7628901 <= id <= 7628910)  (cost=2.28 rows=10)


table 3 : explain SELECT SUM(k) FROM sbtest3 WHERE id BETWEEN 6471809 AND 6471818
	-> Aggregate: sum(sbtest3.k)  (cost=4.58 rows=1)
    -> Filter: (sbtest3.id between 6471809 and 6471818)  (cost=2.28 rows=10)
        -> Index range scan on sbtest3 using PRIMARY over (6471809 <= id <= 6471818)  (cost=2.28 rows=10)


table 4 : explain SELECT SUM(k) FROM sbtest4 WHERE id BETWEEN 9968589 AND 9968598
	-> Aggregate: sum(sbtest4.k)  (cost=4.58 rows=1)
    -> Filter: (sbtest4.id between 9968589 and 9968598)  (cost=2.28 rows=10)
        -> Index range scan on sbtest4 using PRIMARY over (9968589 <= id <= 9968598)  (cost=2.28 rows=10)


table 5 : explain SELECT SUM(k) FROM sbtest5 WHERE id BETWEEN 1621299 AND 1621308
	-> Aggregate: sum(sbtest5.k)  (cost=4.58 rows=1)
    -> Filter: (sbtest5.id between 1621299 and 1621308)  (cost=2.28 rows=10)
        -> Index range scan on sbtest5 using PRIMARY over (1621299 <= id <= 1621308)  (cost=2.28 rows=10)


table 6 : explain SELECT SUM(k) FROM sbtest6 WHERE id BETWEEN 9970589 AND 9970598
	-> Aggregate: sum(sbtest6.k)  (cost=4.58 rows=1)
    -> Filter: (sbtest6.id between 9970589 and 9970598)  (cost=2.28 rows=10)
        -> Index range scan on sbtest6 using PRIMARY over (9970589 <= id <= 9970598)  (cost=2.28 rows=10)


table 7 : explain SELECT SUM(k) FROM sbtest7 WHERE id BETWEEN 6481382 AND 6481391
	-> Aggregate: sum(sbtest7.k)  (cost=4.58 rows=1)
    -> Filter: (sbtest7.id between 6481382 and 6481391)  (cost=2.28 rows=10)
        -> Index range scan on sbtest7 using PRIMARY over (6481382 <= id <= 6481391)  (cost=2.28 rows=10)


table 8 : explain SELECT SUM(k) FROM sbtest8 WHERE id BETWEEN 5306032 AND 5306041
	-> Aggregate: sum(sbtest8.k)  (cost=4.58 rows=1)
    -> Filter: (sbtest8.id between 5306032 and 5306041)  (cost=2.28 rows=10)
        -> Index range scan on sbtest8 using PRIMARY over (5306032 <= id <= 5306041)  (cost=2.28 rows=10)


for: simple_ranges
table 1 : explain SELECT c FROM sbtest1 WHERE id BETWEEN 2905893 AND 2905902
	-> Filter: (sbtest1.id between 2905893 and 2905902)  (cost=2.28 rows=10)
    -> Index range scan on sbtest1 using PRIMARY over (2905893 <= id <= 2905902)  (cost=2.28 rows=10)


table 2 : explain SELECT c FROM sbtest2 WHERE id BETWEEN 1849685 AND 1849694
	-> Filter: (sbtest2.id between 1849685 and 1849694)  (cost=2.28 rows=10)
    -> Index range scan on sbtest2 using PRIMARY over (1849685 <= id <= 1849694)  (cost=2.28 rows=10)


table 3 : explain SELECT c FROM sbtest3 WHERE id BETWEEN 4171682 AND 4171691
	-> Filter: (sbtest3.id between 4171682 and 4171691)  (cost=2.28 rows=10)
    -> Index range scan on sbtest3 using PRIMARY over (4171682 <= id <= 4171691)  (cost=2.28 rows=10)


table 4 : explain SELECT c FROM sbtest4 WHERE id BETWEEN 4756039 AND 4756048
	-> Filter: (sbtest4.id between 4756039 and 4756048)  (cost=2.28 rows=10)
    -> Index range scan on sbtest4 using PRIMARY over (4756039 <= id <= 4756048)  (cost=2.28 rows=10)


table 5 : explain SELECT c FROM sbtest5 WHERE id BETWEEN 5541873 AND 5541882
	-> Filter: (sbtest5.id between 5541873 and 5541882)  (cost=2.28 rows=10)
    -> Index range scan on sbtest5 using PRIMARY over (5541873 <= id <= 5541882)  (cost=2.28 rows=10)


table 6 : explain SELECT c FROM sbtest6 WHERE id BETWEEN 1756415 AND 1756424
	-> Filter: (sbtest6.id between 1756415 and 1756424)  (cost=2.28 rows=10)
    -> Index range scan on sbtest6 using PRIMARY over (1756415 <= id <= 1756424)  (cost=2.28 rows=10)


table 7 : explain SELECT c FROM sbtest7 WHERE id BETWEEN 3808914 AND 3808923
	-> Filter: (sbtest7.id between 3808914 and 3808923)  (cost=2.28 rows=10)
    -> Index range scan on sbtest7 using PRIMARY over (3808914 <= id <= 3808923)  (cost=2.28 rows=10)


table 8 : explain SELECT c FROM sbtest8 WHERE id BETWEEN 3404265 AND 3404274
	-> Filter: (sbtest8.id between 3404265 and 3404274)  (cost=2.28 rows=10)
    -> Index range scan on sbtest8 using PRIMARY over (3404265 <= id <= 3404274)  (cost=2.28 rows=10)


for: order_ranges
table 1 : explain SELECT c FROM sbtest1 WHERE id BETWEEN 3353218 AND 3353227 ORDER BY c
	-> Sort: sbtest1.c  (cost=2.28 rows=10)
    -> Filter: (sbtest1.id between 3353218 and 3353227)  (cost=2.28 rows=10)
        -> Index range scan on sbtest1 using PRIMARY over (3353218 <= id <= 3353227)  (cost=2.28 rows=10)


table 2 : explain SELECT c FROM sbtest2 WHERE id BETWEEN 9656622 AND 9656631 ORDER BY c
	-> Sort: sbtest2.c  (cost=2.28 rows=10)
    -> Filter: (sbtest2.id between 9656622 and 9656631)  (cost=2.28 rows=10)
        -> Index range scan on sbtest2 using PRIMARY over (9656622 <= id <= 9656631)  (cost=2.28 rows=10)


table 3 : explain SELECT c FROM sbtest3 WHERE id BETWEEN 8855537 AND 8855546 ORDER BY c
	-> Sort: sbtest3.c  (cost=2.28 rows=10)
    -> Filter: (sbtest3.id between 8855537 and 8855546)  (cost=2.28 rows=10)
        -> Index range scan on sbtest3 using PRIMARY over (8855537 <= id <= 8855546)  (cost=2.28 rows=10)


table 4 : explain SELECT c FROM sbtest4 WHERE id BETWEEN 7828233 AND 7828242 ORDER BY c
	-> Sort: sbtest4.c  (cost=2.28 rows=10)
    -> Filter: (sbtest4.id between 7828233 and 7828242)  (cost=2.28 rows=10)
        -> Index range scan on sbtest4 using PRIMARY over (7828233 <= id <= 7828242)  (cost=2.28 rows=10)


table 5 : explain SELECT c FROM sbtest5 WHERE id BETWEEN 8874234 AND 8874243 ORDER BY c
	-> Sort: sbtest5.c  (cost=2.28 rows=10)
    -> Filter: (sbtest5.id between 8874234 and 8874243)  (cost=2.28 rows=10)
        -> Index range scan on sbtest5 using PRIMARY over (8874234 <= id <= 8874243)  (cost=2.28 rows=10)


table 6 : explain SELECT c FROM sbtest6 WHERE id BETWEEN 9757379 AND 9757388 ORDER BY c
	-> Sort: sbtest6.c  (cost=2.28 rows=10)
    -> Filter: (sbtest6.id between 9757379 and 9757388)  (cost=2.28 rows=10)
        -> Index range scan on sbtest6 using PRIMARY over (9757379 <= id <= 9757388)  (cost=2.28 rows=10)


table 7 : explain SELECT c FROM sbtest7 WHERE id BETWEEN 1986190 AND 1986199 ORDER BY c
	-> Sort: sbtest7.c  (cost=2.28 rows=10)
    -> Filter: (sbtest7.id between 1986190 and 1986199)  (cost=2.28 rows=10)
        -> Index range scan on sbtest7 using PRIMARY over (1986190 <= id <= 1986199)  (cost=2.28 rows=10)


table 8 : explain SELECT c FROM sbtest8 WHERE id BETWEEN 548953 AND 548962 ORDER BY c
	-> Sort: sbtest8.c  (cost=2.28 rows=10)
    -> Filter: (sbtest8.id between 548953 and 548962)  (cost=2.28 rows=10)
        -> Index range scan on sbtest8 using PRIMARY over (548953 <= id <= 548962)  (cost=2.28 rows=10)


for: order_ranges
table 1 : explain SELECT c FROM sbtest1 WHERE id BETWEEN 7874158 AND 7874167 ORDER BY c
	-> Sort: sbtest1.c  (cost=2.28 rows=10)
    -> Filter: (sbtest1.id between 7874158 and 7874167)  (cost=2.28 rows=10)
        -> Index range scan on sbtest1 using PRIMARY over (7874158 <= id <= 7874167)  (cost=2.28 rows=10)


table 2 : explain SELECT c FROM sbtest2 WHERE id BETWEEN 6996109 AND 6996118 ORDER BY c
	-> Sort: sbtest2.c  (cost=2.28 rows=10)
    -> Filter: (sbtest2.id between 6996109 and 6996118)  (cost=2.28 rows=10)
        -> Index range scan on sbtest2 using PRIMARY over (6996109 <= id <= 6996118)  (cost=2.28 rows=10)


table 3 : explain SELECT c FROM sbtest3 WHERE id BETWEEN 801554 AND 801563 ORDER BY c
	-> Sort: sbtest3.c  (cost=2.28 rows=10)
    -> Filter: (sbtest3.id between 801554 and 801563)  (cost=2.28 rows=10)
        -> Index range scan on sbtest3 using PRIMARY over (801554 <= id <= 801563)  (cost=2.28 rows=10)


table 4 : explain SELECT c FROM sbtest4 WHERE id BETWEEN 789065 AND 789074 ORDER BY c
	-> Sort: sbtest4.c  (cost=2.28 rows=10)
    -> Filter: (sbtest4.id between 789065 and 789074)  (cost=2.28 rows=10)
        -> Index range scan on sbtest4 using PRIMARY over (789065 <= id <= 789074)  (cost=2.28 rows=10)


table 5 : explain SELECT c FROM sbtest5 WHERE id BETWEEN 5247779 AND 5247788 ORDER BY c
	-> Sort: sbtest5.c  (cost=2.28 rows=10)
    -> Filter: (sbtest5.id between 5247779 and 5247788)  (cost=2.28 rows=10)
        -> Index range scan on sbtest5 using PRIMARY over (5247779 <= id <= 5247788)  (cost=2.28 rows=10)


table 6 : explain SELECT c FROM sbtest6 WHERE id BETWEEN 2109268 AND 2109277 ORDER BY c
	-> Sort: sbtest6.c  (cost=2.28 rows=10)
    -> Filter: (sbtest6.id between 2109268 and 2109277)  (cost=2.28 rows=10)
        -> Index range scan on sbtest6 using PRIMARY over (2109268 <= id <= 2109277)  (cost=2.28 rows=10)


table 7 : explain SELECT c FROM sbtest7 WHERE id BETWEEN 5670278 AND 5670287 ORDER BY c
	-> Sort: sbtest7.c  (cost=2.28 rows=10)
    -> Filter: (sbtest7.id between 5670278 and 5670287)  (cost=2.28 rows=10)
        -> Index range scan on sbtest7 using PRIMARY over (5670278 <= id <= 5670287)  (cost=2.28 rows=10)


table 8 : explain SELECT c FROM sbtest8 WHERE id BETWEEN 6010859 AND 6010868 ORDER BY c
	-> Sort: sbtest8.c  (cost=2.28 rows=10)
    -> Filter: (sbtest8.id between 6010859 and 6010868)  (cost=2.28 rows=10)
        -> Index range scan on sbtest8 using PRIMARY over (6010859 <= id <= 6010868)  (cost=2.28 rows=10)


for: sum_ranges
table 1 : explain SELECT SUM(k) FROM sbtest1 WHERE id BETWEEN 1760356 AND 1760365
	-> Aggregate: sum(sbtest1.k)  (cost=4.58 rows=1)
    -> Filter: (sbtest1.id between 1760356 and 1760365)  (cost=2.28 rows=10)
        -> Index range scan on sbtest1 using PRIMARY over (1760356 <= id <= 1760365)  (cost=2.28 rows=10)


table 2 : explain SELECT SUM(k) FROM sbtest2 WHERE id BETWEEN 7192785 AND 7192794
	-> Aggregate: sum(sbtest2.k)  (cost=4.58 rows=1)
    -> Filter: (sbtest2.id between 7192785 and 7192794)  (cost=2.28 rows=10)
        -> Index range scan on sbtest2 using PRIMARY over (7192785 <= id <= 7192794)  (cost=2.28 rows=10)


table 3 : explain SELECT SUM(k) FROM sbtest3 WHERE id BETWEEN 4422660 AND 4422669
	-> Aggregate: sum(sbtest3.k)  (cost=4.58 rows=1)
    -> Filter: (sbtest3.id between 4422660 and 4422669)  (cost=2.28 rows=10)
        -> Index range scan on sbtest3 using PRIMARY over (4422660 <= id <= 4422669)  (cost=2.28 rows=10)


table 4 : explain SELECT SUM(k) FROM sbtest4 WHERE id BETWEEN 2716650 AND 2716659
	-> Aggregate: sum(sbtest4.k)  (cost=4.58 rows=1)
    -> Filter: (sbtest4.id between 2716650 and 2716659)  (cost=2.28 rows=10)
        -> Index range scan on sbtest4 using PRIMARY over (2716650 <= id <= 2716659)  (cost=2.28 rows=10)


table 5 : explain SELECT SUM(k) FROM sbtest5 WHERE id BETWEEN 5476859 AND 5476868
	-> Aggregate: sum(sbtest5.k)  (cost=4.58 rows=1)
    -> Filter: (sbtest5.id between 5476859 and 5476868)  (cost=2.28 rows=10)
        -> Index range scan on sbtest5 using PRIMARY over (5476859 <= id <= 5476868)  (cost=2.28 rows=10)


table 6 : explain SELECT SUM(k) FROM sbtest6 WHERE id BETWEEN 159108 AND 159117
	-> Aggregate: sum(sbtest6.k)  (cost=4.58 rows=1)
    -> Filter: (sbtest6.id between 159108 and 159117)  (cost=2.28 rows=10)
        -> Index range scan on sbtest6 using PRIMARY over (159108 <= id <= 159117)  (cost=2.28 rows=10)


table 7 : explain SELECT SUM(k) FROM sbtest7 WHERE id BETWEEN 729427 AND 729436
	-> Aggregate: sum(sbtest7.k)  (cost=4.58 rows=1)
    -> Filter: (sbtest7.id between 729427 and 729436)  (cost=2.28 rows=10)
        -> Index range scan on sbtest7 using PRIMARY over (729427 <= id <= 729436)  (cost=2.28 rows=10)


table 8 : explain SELECT SUM(k) FROM sbtest8 WHERE id BETWEEN 7884899 AND 7884908
	-> Aggregate: sum(sbtest8.k)  (cost=4.58 rows=1)
    -> Filter: (sbtest8.id between 7884899 and 7884908)  (cost=2.28 rows=10)
        -> Index range scan on sbtest8 using PRIMARY over (7884899 <= id <= 7884908)  (cost=2.28 rows=10)


for: sum_ranges
table 1 : explain SELECT SUM(k) FROM sbtest1 WHERE id BETWEEN 8308474 AND 8308483
	-> Aggregate: sum(sbtest1.k)  (cost=4.58 rows=1)
    -> Filter: (sbtest1.id between 8308474 and 8308483)  (cost=2.28 rows=10)
        -> Index range scan on sbtest1 using PRIMARY over (8308474 <= id <= 8308483)  (cost=2.28 rows=10)


table 2 : explain SELECT SUM(k) FROM sbtest2 WHERE id BETWEEN 185400 AND 185409
	-> Aggregate: sum(sbtest2.k)  (cost=4.58 rows=1)
    -> Filter: (sbtest2.id between 185400 and 185409)  (cost=2.28 rows=10)
        -> Index range scan on sbtest2 using PRIMARY over (185400 <= id <= 185409)  (cost=2.28 rows=10)


table 3 : explain SELECT SUM(k) FROM sbtest3 WHERE id BETWEEN 4341631 AND 4341640
	-> Aggregate: sum(sbtest3.k)  (cost=4.58 rows=1)
    -> Filter: (sbtest3.id between 4341631 and 4341640)  (cost=2.28 rows=10)
        -> Index range scan on sbtest3 using PRIMARY over (4341631 <= id <= 4341640)  (cost=2.28 rows=10)


table 4 : explain SELECT SUM(k) FROM sbtest4 WHERE id BETWEEN 3342530 AND 3342539
	-> Aggregate: sum(sbtest4.k)  (cost=4.58 rows=1)
    -> Filter: (sbtest4.id between 3342530 and 3342539)  (cost=2.28 rows=10)
        -> Index range scan on sbtest4 using PRIMARY over (3342530 <= id <= 3342539)  (cost=2.28 rows=10)


table 5 : explain SELECT SUM(k) FROM sbtest5 WHERE id BETWEEN 716131 AND 716140
	-> Aggregate: sum(sbtest5.k)  (cost=4.58 rows=1)
    -> Filter: (sbtest5.id between 716131 and 716140)  (cost=2.28 rows=10)
        -> Index range scan on sbtest5 using PRIMARY over (716131 <= id <= 716140)  (cost=2.28 rows=10)


table 6 : explain SELECT SUM(k) FROM sbtest6 WHERE id BETWEEN 5629740 AND 5629749
	-> Aggregate: sum(sbtest6.k)  (cost=4.58 rows=1)
    -> Filter: (sbtest6.id between 5629740 and 5629749)  (cost=2.28 rows=10)
        -> Index range scan on sbtest6 using PRIMARY over (5629740 <= id <= 5629749)  (cost=2.28 rows=10)


table 7 : explain SELECT SUM(k) FROM sbtest7 WHERE id BETWEEN 3936164 AND 3936173
	-> Aggregate: sum(sbtest7.k)  (cost=4.58 rows=1)
    -> Filter: (sbtest7.id between 3936164 and 3936173)  (cost=2.28 rows=10)
        -> Index range scan on sbtest7 using PRIMARY over (3936164 <= id <= 3936173)  (cost=2.28 rows=10)


table 8 : explain SELECT SUM(k) FROM sbtest8 WHERE id BETWEEN 409697 AND 409706
	-> Aggregate: sum(sbtest8.k)  (cost=4.58 rows=1)
    -> Filter: (sbtest8.id between 409697 and 409706)  (cost=2.28 rows=10)
        -> Index range scan on sbtest8 using PRIMARY over (409697 <= id <= 409706)  (cost=2.28 rows=10)

for: sum_ranges
table 1 : explain SELECT SUM(k) FROM sbtest1 WHERE id BETWEEN 8438973 AND 8438982
	-> Aggregate: sum(sbtest1.k)  (cost=4.58 rows=1)
    -> Filter: (sbtest1.id between 8438973 and 8438982)  (cost=2.28 rows=10)
        -> Index range scan on sbtest1 using PRIMARY over (8438973 <= id <= 8438982)  (cost=2.28 rows=10)


table 2 : explain SELECT SUM(k) FROM sbtest2 WHERE id BETWEEN 8513041 AND 8513050
	-> Aggregate: sum(sbtest2.k)  (cost=4.58 rows=1)
    -> Filter: (sbtest2.id between 8513041 and 8513050)  (cost=2.28 rows=10)
        -> Index range scan on sbtest2 using PRIMARY over (8513041 <= id <= 8513050)  (cost=2.28 rows=10)


table 3 : explain SELECT SUM(k) FROM sbtest3 WHERE id BETWEEN 6643076 AND 6643085
	-> Aggregate: sum(sbtest3.k)  (cost=4.58 rows=1)
    -> Filter: (sbtest3.id between 6643076 and 6643085)  (cost=2.28 rows=10)
        -> Index range scan on sbtest3 using PRIMARY over (6643076 <= id <= 6643085)  (cost=2.28 rows=10)


table 4 : explain SELECT SUM(k) FROM sbtest4 WHERE id BETWEEN 8896665 AND 8896674
	-> Aggregate: sum(sbtest4.k)  (cost=4.58 rows=1)
    -> Filter: (sbtest4.id between 8896665 and 8896674)  (cost=2.28 rows=10)
        -> Index range scan on sbtest4 using PRIMARY over (8896665 <= id <= 8896674)  (cost=2.28 rows=10)


table 5 : explain SELECT SUM(k) FROM sbtest5 WHERE id BETWEEN 3367637 AND 3367646
	-> Aggregate: sum(sbtest5.k)  (cost=4.58 rows=1)
    -> Filter: (sbtest5.id between 3367637 and 3367646)  (cost=2.28 rows=10)
        -> Index range scan on sbtest5 using PRIMARY over (3367637 <= id <= 3367646)  (cost=2.28 rows=10)


table 6 : explain SELECT SUM(k) FROM sbtest6 WHERE id BETWEEN 4738471 AND 4738480
	-> Aggregate: sum(sbtest6.k)  (cost=4.58 rows=1)
    -> Filter: (sbtest6.id between 4738471 and 4738480)  (cost=2.28 rows=10)
        -> Index range scan on sbtest6 using PRIMARY over (4738471 <= id <= 4738480)  (cost=2.28 rows=10)


table 7 : explain SELECT SUM(k) FROM sbtest7 WHERE id BETWEEN 7562550 AND 7562559
	-> Aggregate: sum(sbtest7.k)  (cost=4.58 rows=1)
    -> Filter: (sbtest7.id between 7562550 and 7562559)  (cost=2.28 rows=10)
        -> Index range scan on sbtest7 using PRIMARY over (7562550 <= id <= 7562559)  (cost=2.28 rows=10)


table 8 : explain SELECT SUM(k) FROM sbtest8 WHERE id BETWEEN 9386580 AND 9386589
	-> Aggregate: sum(sbtest8.k)  (cost=4.58 rows=1)
    -> Filter: (sbtest8.id between 9386580 and 9386589)  (cost=2.28 rows=10)
        -> Index range scan on sbtest8 using PRIMARY over (9386580 <= id <= 9386589)  (cost=2.28 rows=10)



for: simple_ranges
table 1 : explain SELECT c FROM sbtest1 WHERE id BETWEEN 65832 AND 65841
	-> Filter: (sbtest1.id between 65832 and 65841)  (cost=2.28 rows=10)
    -> Index range scan on sbtest1 using PRIMARY over (65832 <= id <= 65841)  (cost=2.28 rows=10)


table 2 : explain SELECT c FROM sbtest2 WHERE id BETWEEN 1525207 AND 1525216
	-> Filter: (sbtest2.id between 1525207 and 1525216)  (cost=2.28 rows=10)
    -> Index range scan on sbtest2 using PRIMARY over (1525207 <= id <= 1525216)  (cost=2.28 rows=10)


table 3 : explain SELECT c FROM sbtest3 WHERE id BETWEEN 1113717 AND 1113726
	-> Filter: (sbtest3.id between 1113717 and 1113726)  (cost=2.28 rows=10)
    -> Index range scan on sbtest3 using PRIMARY over (1113717 <= id <= 1113726)  (cost=2.28 rows=10)


table 4 : explain SELECT c FROM sbtest4 WHERE id BETWEEN 1298406 AND 1298415
	-> Filter: (sbtest4.id between 1298406 and 1298415)  (cost=2.28 rows=10)
    -> Index range scan on sbtest4 using PRIMARY over (1298406 <= id <= 1298415)  (cost=2.28 rows=10)


table 5 : explain SELECT c FROM sbtest5 WHERE id BETWEEN 2944652 AND 2944661
	-> Filter: (sbtest5.id between 2944652 and 2944661)  (cost=2.28 rows=10)
    -> Index range scan on sbtest5 using PRIMARY over (2944652 <= id <= 2944661)  (cost=2.28 rows=10)


table 6 : explain SELECT c FROM sbtest6 WHERE id BETWEEN 6835552 AND 6835561
	-> Filter: (sbtest6.id between 6835552 and 6835561)  (cost=2.28 rows=10)
    -> Index range scan on sbtest6 using PRIMARY over (6835552 <= id <= 6835561)  (cost=2.28 rows=10)


table 7 : explain SELECT c FROM sbtest7 WHERE id BETWEEN 6287278 AND 6287287
	-> Filter: (sbtest7.id between 6287278 and 6287287)  (cost=2.28 rows=10)
    -> Index range scan on sbtest7 using PRIMARY over (6287278 <= id <= 6287287)  (cost=2.28 rows=10)


table 8 : explain SELECT c FROM sbtest8 WHERE id BETWEEN 4455894 AND 4455903
	-> Filter: (sbtest8.id between 4455894 and 4455903)  (cost=2.28 rows=10)
    -> Index range scan on sbtest8 using PRIMARY over (4455894 <= id <= 4455903)  (cost=2.28 rows=10)


for: sum_ranges
table 1 : explain SELECT SUM(k) FROM sbtest1 WHERE id BETWEEN 4534575 AND 4534584
	-> Aggregate: sum(sbtest1.k)  (cost=4.58 rows=1)
    -> Filter: (sbtest1.id between 4534575 and 4534584)  (cost=2.28 rows=10)
        -> Index range scan on sbtest1 using PRIMARY over (4534575 <= id <= 4534584)  (cost=2.28 rows=10)


table 2 : explain SELECT SUM(k) FROM sbtest2 WHERE id BETWEEN 3939410 AND 3939419
	-> Aggregate: sum(sbtest2.k)  (cost=4.58 rows=1)
    -> Filter: (sbtest2.id between 3939410 and 3939419)  (cost=2.28 rows=10)
        -> Index range scan on sbtest2 using PRIMARY over (3939410 <= id <= 3939419)  (cost=2.28 rows=10)


table 3 : explain SELECT SUM(k) FROM sbtest3 WHERE id BETWEEN 66502 AND 66511
	-> Aggregate: sum(sbtest3.k)  (cost=4.58 rows=1)
    -> Filter: (sbtest3.id between 66502 and 66511)  (cost=2.28 rows=10)
        -> Index range scan on sbtest3 using PRIMARY over (66502 <= id <= 66511)  (cost=2.28 rows=10)


table 4 : explain SELECT SUM(k) FROM sbtest4 WHERE id BETWEEN 707179 AND 707188
	-> Aggregate: sum(sbtest4.k)  (cost=4.58 rows=1)
    -> Filter: (sbtest4.id between 707179 and 707188)  (cost=2.28 rows=10)
        -> Index range scan on sbtest4 using PRIMARY over (707179 <= id <= 707188)  (cost=2.28 rows=10)


table 5 : explain SELECT SUM(k) FROM sbtest5 WHERE id BETWEEN 1371041 AND 1371050
	-> Aggregate: sum(sbtest5.k)  (cost=4.58 rows=1)
    -> Filter: (sbtest5.id between 1371041 and 1371050)  (cost=2.28 rows=10)
        -> Index range scan on sbtest5 using PRIMARY over (1371041 <= id <= 1371050)  (cost=2.28 rows=10)


table 6 : explain SELECT SUM(k) FROM sbtest6 WHERE id BETWEEN 6415608 AND 6415617
	-> Aggregate: sum(sbtest6.k)  (cost=4.58 rows=1)
    -> Filter: (sbtest6.id between 6415608 and 6415617)  (cost=2.28 rows=10)
        -> Index range scan on sbtest6 using PRIMARY over (6415608 <= id <= 6415617)  (cost=2.28 rows=10)


table 7 : explain SELECT SUM(k) FROM sbtest7 WHERE id BETWEEN 4645920 AND 4645929
	-> Aggregate: sum(sbtest7.k)  (cost=4.58 rows=1)
    -> Filter: (sbtest7.id between 4645920 and 4645929)  (cost=2.28 rows=10)
        -> Index range scan on sbtest7 using PRIMARY over (4645920 <= id <= 4645929)  (cost=2.28 rows=10)


table 8 : explain SELECT SUM(k) FROM sbtest8 WHERE id BETWEEN 1487110 AND 1487119
	-> Aggregate: sum(sbtest8.k)  (cost=4.58 rows=1)
    -> Filter: (sbtest8.id between 1487110 and 1487119)  (cost=2.28 rows=10)
        -> Index range scan on sbtest8 using PRIMARY over (1487110 <= id <= 1487119)  (cost=2.28 rows=10)


for: order_ranges
table 1 : explain SELECT c FROM sbtest1 WHERE id BETWEEN 7160509 AND 7160518 ORDER BY c
	-> Sort: sbtest1.c  (cost=2.28 rows=10)
    -> Filter: (sbtest1.id between 7160509 and 7160518)  (cost=2.28 rows=10)
        -> Index range scan on sbtest1 using PRIMARY over (7160509 <= id <= 7160518)  (cost=2.28 rows=10)


table 2 : explain SELECT c FROM sbtest2 WHERE id BETWEEN 1322906 AND 1322915 ORDER BY c
	-> Sort: sbtest2.c  (cost=2.28 rows=10)
    -> Filter: (sbtest2.id between 1322906 and 1322915)  (cost=2.28 rows=10)
        -> Index range scan on sbtest2 using PRIMARY over (1322906 <= id <= 1322915)  (cost=2.28 rows=10)


table 3 : explain SELECT c FROM sbtest3 WHERE id BETWEEN 2390898 AND 2390907 ORDER BY c
	-> Sort: sbtest3.c  (cost=2.28 rows=10)
    -> Filter: (sbtest3.id between 2390898 and 2390907)  (cost=2.28 rows=10)
        -> Index range scan on sbtest3 using PRIMARY over (2390898 <= id <= 2390907)  (cost=2.28 rows=10)


table 4 : explain SELECT c FROM sbtest4 WHERE id BETWEEN 858321 AND 858330 ORDER BY c
	-> Sort: sbtest4.c  (cost=2.28 rows=10)
    -> Filter: (sbtest4.id between 858321 and 858330)  (cost=2.28 rows=10)
        -> Index range scan on sbtest4 using PRIMARY over (858321 <= id <= 858330)  (cost=2.28 rows=10)


table 5 : explain SELECT c FROM sbtest5 WHERE id BETWEEN 8106687 AND 8106696 ORDER BY c
	-> Sort: sbtest5.c  (cost=2.28 rows=10)
    -> Filter: (sbtest5.id between 8106687 and 8106696)  (cost=2.28 rows=10)
        -> Index range scan on sbtest5 using PRIMARY over (8106687 <= id <= 8106696)  (cost=2.28 rows=10)


table 6 : explain SELECT c FROM sbtest6 WHERE id BETWEEN 3483332 AND 3483341 ORDER BY c
	-> Sort: sbtest6.c  (cost=2.28 rows=10)
    -> Filter: (sbtest6.id between 3483332 and 3483341)  (cost=2.28 rows=10)
        -> Index range scan on sbtest6 using PRIMARY over (3483332 <= id <= 3483341)  (cost=2.28 rows=10)


table 7 : explain SELECT c FROM sbtest7 WHERE id BETWEEN 542791 AND 542800 ORDER BY c
	-> Sort: sbtest7.c  (cost=2.28 rows=10)
    -> Filter: (sbtest7.id between 542791 and 542800)  (cost=2.28 rows=10)
        -> Index range scan on sbtest7 using PRIMARY over (542791 <= id <= 542800)  (cost=2.28 rows=10)


table 8 : explain SELECT c FROM sbtest8 WHERE id BETWEEN 3111070 AND 3111079 ORDER BY c
	-> Sort: sbtest8.c  (cost=2.28 rows=10)
    -> Filter: (sbtest8.id between 3111070 and 3111079)  (cost=2.28 rows=10)
        -> Index range scan on sbtest8 using PRIMARY over (3111070 <= id <= 3111079)  (cost=2.28 rows=10)


for: sum_ranges
table 1 : explain SELECT SUM(k) FROM sbtest1 WHERE id BETWEEN 4578385 AND 4578394
	-> Aggregate: sum(sbtest1.k)  (cost=4.58 rows=1)
    -> Filter: (sbtest1.id between 4578385 and 4578394)  (cost=2.28 rows=10)
        -> Index range scan on sbtest1 using PRIMARY over (4578385 <= id <= 4578394)  (cost=2.28 rows=10)


table 2 : explain SELECT SUM(k) FROM sbtest2 WHERE id BETWEEN 9798855 AND 9798864
	-> Aggregate: sum(sbtest2.k)  (cost=4.58 rows=1)
    -> Filter: (sbtest2.id between 9798855 and 9798864)  (cost=2.28 rows=10)
        -> Index range scan on sbtest2 using PRIMARY over (9798855 <= id <= 9798864)  (cost=2.28 rows=10)


table 3 : explain SELECT SUM(k) FROM sbtest3 WHERE id BETWEEN 2136924 AND 2136933
	-> Aggregate: sum(sbtest3.k)  (cost=4.58 rows=1)
    -> Filter: (sbtest3.id between 2136924 and 2136933)  (cost=2.28 rows=10)
        -> Index range scan on sbtest3 using PRIMARY over (2136924 <= id <= 2136933)  (cost=2.28 rows=10)


table 4 : explain SELECT SUM(k) FROM sbtest4 WHERE id BETWEEN 7307413 AND 7307422
	-> Aggregate: sum(sbtest4.k)  (cost=4.58 rows=1)
    -> Filter: (sbtest4.id between 7307413 and 7307422)  (cost=2.28 rows=10)
        -> Index range scan on sbtest4 using PRIMARY over (7307413 <= id <= 7307422)  (cost=2.28 rows=10)


table 5 : explain SELECT SUM(k) FROM sbtest5 WHERE id BETWEEN 6137515 AND 6137524
	-> Aggregate: sum(sbtest5.k)  (cost=4.58 rows=1)
    -> Filter: (sbtest5.id between 6137515 and 6137524)  (cost=2.28 rows=10)
        -> Index range scan on sbtest5 using PRIMARY over (6137515 <= id <= 6137524)  (cost=2.28 rows=10)


table 6 : explain SELECT SUM(k) FROM sbtest6 WHERE id BETWEEN 4168608 AND 4168617
	-> Aggregate: sum(sbtest6.k)  (cost=4.58 rows=1)
    -> Filter: (sbtest6.id between 4168608 and 4168617)  (cost=2.28 rows=10)
        -> Index range scan on sbtest6 using PRIMARY over (4168608 <= id <= 4168617)  (cost=2.28 rows=10)


table 7 : explain SELECT SUM(k) FROM sbtest7 WHERE id BETWEEN 1382943 AND 1382952
	-> Aggregate: sum(sbtest7.k)  (cost=4.58 rows=1)
    -> Filter: (sbtest7.id between 1382943 and 1382952)  (cost=2.28 rows=10)
        -> Index range scan on sbtest7 using PRIMARY over (1382943 <= id <= 1382952)  (cost=2.28 rows=10)


table 8 : explain SELECT SUM(k) FROM sbtest8 WHERE id BETWEEN 2207848 AND 2207857
	-> Aggregate: sum(sbtest8.k)  (cost=4.58 rows=1)
    -> Filter: (sbtest8.id between 2207848 and 2207857)  (cost=2.28 rows=10)
        -> Index range scan on sbtest8 using PRIMARY over (2207848 <= id <= 2207857)  (cost=2.28 rows=10)


for: order_ranges
table 1 : explain SELECT c FROM sbtest1 WHERE id BETWEEN 1267111 AND 1267120 ORDER BY c
	-> Sort: sbtest1.c  (cost=2.28 rows=10)
    -> Filter: (sbtest1.id between 1267111 and 1267120)  (cost=2.28 rows=10)
        -> Index range scan on sbtest1 using PRIMARY over (1267111 <= id <= 1267120)  (cost=2.28 rows=10)


table 2 : explain SELECT c FROM sbtest2 WHERE id BETWEEN 5619435 AND 5619444 ORDER BY c
	-> Sort: sbtest2.c  (cost=2.28 rows=10)
    -> Filter: (sbtest2.id between 5619435 and 5619444)  (cost=2.28 rows=10)
        -> Index range scan on sbtest2 using PRIMARY over (5619435 <= id <= 5619444)  (cost=2.28 rows=10)


table 3 : explain SELECT c FROM sbtest3 WHERE id BETWEEN 4792327 AND 4792336 ORDER BY c
	-> Sort: sbtest3.c  (cost=2.28 rows=10)
    -> Filter: (sbtest3.id between 4792327 and 4792336)  (cost=2.28 rows=10)
        -> Index range scan on sbtest3 using PRIMARY over (4792327 <= id <= 4792336)  (cost=2.28 rows=10)


table 4 : explain SELECT c FROM sbtest4 WHERE id BETWEEN 7066682 AND 7066691 ORDER BY c
	-> Sort: sbtest4.c  (cost=2.28 rows=10)
    -> Filter: (sbtest4.id between 7066682 and 7066691)  (cost=2.28 rows=10)
        -> Index range scan on sbtest4 using PRIMARY over (7066682 <= id <= 7066691)  (cost=2.28 rows=10)


table 5 : explain SELECT c FROM sbtest5 WHERE id BETWEEN 1902465 AND 1902474 ORDER BY c
	-> Sort: sbtest5.c  (cost=2.28 rows=10)
    -> Filter: (sbtest5.id between 1902465 and 1902474)  (cost=2.28 rows=10)
        -> Index range scan on sbtest5 using PRIMARY over (1902465 <= id <= 1902474)  (cost=2.28 rows=10)


table 6 : explain SELECT c FROM sbtest6 WHERE id BETWEEN 8608509 AND 8608518 ORDER BY c
	-> Sort: sbtest6.c  (cost=2.28 rows=10)
    -> Filter: (sbtest6.id between 8608509 and 8608518)  (cost=2.28 rows=10)
        -> Index range scan on sbtest6 using PRIMARY over (8608509 <= id <= 8608518)  (cost=2.28 rows=10)


table 7 : explain SELECT c FROM sbtest7 WHERE id BETWEEN 6972999 AND 6973008 ORDER BY c
	-> Sort: sbtest7.c  (cost=2.28 rows=10)
    -> Filter: (sbtest7.id between 6972999 and 6973008)  (cost=2.28 rows=10)
        -> Index range scan on sbtest7 using PRIMARY over (6972999 <= id <= 6973008)  (cost=2.28 rows=10)


table 8 : explain SELECT c FROM sbtest8 WHERE id BETWEEN 733385 AND 733394 ORDER BY c
	-> Sort: sbtest8.c  (cost=2.28 rows=10)
    -> Filter: (sbtest8.id between 733385 and 733394)  (cost=2.28 rows=10)
        -> Index range scan on sbtest8 using PRIMARY over (733385 <= id <= 733394)  (cost=2.28 rows=10)


for: simple_ranges
table 1 : explain SELECT c FROM sbtest1 WHERE id BETWEEN 9397301 AND 9397310
	-> Filter: (sbtest1.id between 9397301 and 9397310)  (cost=2.28 rows=10)
    -> Index range scan on sbtest1 using PRIMARY over (9397301 <= id <= 9397310)  (cost=2.28 rows=10)


table 2 : explain SELECT c FROM sbtest2 WHERE id BETWEEN 9307992 AND 9308001
	-> Filter: (sbtest2.id between 9307992 and 9308001)  (cost=2.28 rows=10)
    -> Index range scan on sbtest2 using PRIMARY over (9307992 <= id <= 9308001)  (cost=2.28 rows=10)


table 3 : explain SELECT c FROM sbtest3 WHERE id BETWEEN 9168618 AND 9168627
	-> Filter: (sbtest3.id between 9168618 and 9168627)  (cost=2.28 rows=10)
    -> Index range scan on sbtest3 using PRIMARY over (9168618 <= id <= 9168627)  (cost=2.28 rows=10)


table 4 : explain SELECT c FROM sbtest4 WHERE id BETWEEN 4958188 AND 4958197
	-> Filter: (sbtest4.id between 4958188 and 4958197)  (cost=2.28 rows=10)
    -> Index range scan on sbtest4 using PRIMARY over (4958188 <= id <= 4958197)  (cost=2.28 rows=10)


table 5 : explain SELECT c FROM sbtest5 WHERE id BETWEEN 8873757 AND 8873766
	-> Filter: (sbtest5.id between 8873757 and 8873766)  (cost=2.28 rows=10)
    -> Index range scan on sbtest5 using PRIMARY over (8873757 <= id <= 8873766)  (cost=2.28 rows=10)


table 6 : explain SELECT c FROM sbtest6 WHERE id BETWEEN 3271671 AND 3271680
	-> Filter: (sbtest6.id between 3271671 and 3271680)  (cost=2.28 rows=10)
    -> Index range scan on sbtest6 using PRIMARY over (3271671 <= id <= 3271680)  (cost=2.28 rows=10)


table 7 : explain SELECT c FROM sbtest7 WHERE id BETWEEN 9925445 AND 9925454
	-> Filter: (sbtest7.id between 9925445 and 9925454)  (cost=2.28 rows=10)
    -> Index range scan on sbtest7 using PRIMARY over (9925445 <= id <= 9925454)  (cost=2.28 rows=10)


table 8 : explain SELECT c FROM sbtest8 WHERE id BETWEEN 409455 AND 409464
	-> Filter: (sbtest8.id between 409455 and 409464)  (cost=2.28 rows=10)
    -> Index range scan on sbtest8 using PRIMARY over (409455 <= id <= 409464)  (cost=2.28 rows=10)


for: simple_ranges
table 1 : explain SELECT c FROM sbtest1 WHERE id BETWEEN 2594932 AND 2594941
	-> Filter: (sbtest1.id between 2594932 and 2594941)  (cost=2.28 rows=10)
    -> Index range scan on sbtest1 using PRIMARY over (2594932 <= id <= 2594941)  (cost=2.28 rows=10)


table 2 : explain SELECT c FROM sbtest2 WHERE id BETWEEN 9662073 AND 9662082
	-> Filter: (sbtest2.id between 9662073 and 9662082)  (cost=2.28 rows=10)
    -> Index range scan on sbtest2 using PRIMARY over (9662073 <= id <= 9662082)  (cost=2.28 rows=10)


table 3 : explain SELECT c FROM sbtest3 WHERE id BETWEEN 8756941 AND 8756950
	-> Filter: (sbtest3.id between 8756941 and 8756950)  (cost=2.28 rows=10)
    -> Index range scan on sbtest3 using PRIMARY over (8756941 <= id <= 8756950)  (cost=2.28 rows=10)


table 4 : explain SELECT c FROM sbtest4 WHERE id BETWEEN 9072586 AND 9072595
	-> Filter: (sbtest4.id between 9072586 and 9072595)  (cost=2.28 rows=10)
    -> Index range scan on sbtest4 using PRIMARY over (9072586 <= id <= 9072595)  (cost=2.28 rows=10)


table 5 : explain SELECT c FROM sbtest5 WHERE id BETWEEN 2230827 AND 2230836
	-> Filter: (sbtest5.id between 2230827 and 2230836)  (cost=2.28 rows=10)
    -> Index range scan on sbtest5 using PRIMARY over (2230827 <= id <= 2230836)  (cost=2.28 rows=10)


table 6 : explain SELECT c FROM sbtest6 WHERE id BETWEEN 892575 AND 892584
	-> Filter: (sbtest6.id between 892575 and 892584)  (cost=2.28 rows=10)
    -> Index range scan on sbtest6 using PRIMARY over (892575 <= id <= 892584)  (cost=2.28 rows=10)


table 7 : explain SELECT c FROM sbtest7 WHERE id BETWEEN 1601239 AND 1601248
	-> Filter: (sbtest7.id between 1601239 and 1601248)  (cost=2.28 rows=10)
    -> Index range scan on sbtest7 using PRIMARY over (1601239 <= id <= 1601248)  (cost=2.28 rows=10)


table 8 : explain SELECT c FROM sbtest8 WHERE id BETWEEN 8806321 AND 8806330
	-> Filter: (sbtest8.id between 8806321 and 8806330)  (cost=2.28 rows=10)
    -> Index range scan on sbtest8 using PRIMARY over (8806321 <= id <= 8806330)  (cost=2.28 rows=10)


for: sum_ranges
table 1 : explain SELECT SUM(k) FROM sbtest1 WHERE id BETWEEN 6173955 AND 6173964
	-> Aggregate: sum(sbtest1.k)  (cost=4.58 rows=1)
    -> Filter: (sbtest1.id between 6173955 and 6173964)  (cost=2.28 rows=10)
        -> Index range scan on sbtest1 using PRIMARY over (6173955 <= id <= 6173964)  (cost=2.28 rows=10)


table 2 : explain SELECT SUM(k) FROM sbtest2 WHERE id BETWEEN 1982996 AND 1983005
	-> Aggregate: sum(sbtest2.k)  (cost=4.58 rows=1)
    -> Filter: (sbtest2.id between 1982996 and 1983005)  (cost=2.28 rows=10)
        -> Index range scan on sbtest2 using PRIMARY over (1982996 <= id <= 1983005)  (cost=2.28 rows=10)


table 3 : explain SELECT SUM(k) FROM sbtest3 WHERE id BETWEEN 1665084 AND 1665093
	-> Aggregate: sum(sbtest3.k)  (cost=4.58 rows=1)
    -> Filter: (sbtest3.id between 1665084 and 1665093)  (cost=2.28 rows=10)
        -> Index range scan on sbtest3 using PRIMARY over (1665084 <= id <= 1665093)  (cost=2.28 rows=10)


table 4 : explain SELECT SUM(k) FROM sbtest4 WHERE id BETWEEN 6246735 AND 6246744
	-> Aggregate: sum(sbtest4.k)  (cost=4.58 rows=1)
    -> Filter: (sbtest4.id between 6246735 and 6246744)  (cost=2.28 rows=10)
        -> Index range scan on sbtest4 using PRIMARY over (6246735 <= id <= 6246744)  (cost=2.28 rows=10)


table 5 : explain SELECT SUM(k) FROM sbtest5 WHERE id BETWEEN 3910353 AND 3910362
	-> Aggregate: sum(sbtest5.k)  (cost=4.58 rows=1)
    -> Filter: (sbtest5.id between 3910353 and 3910362)  (cost=2.28 rows=10)
        -> Index range scan on sbtest5 using PRIMARY over (3910353 <= id <= 3910362)  (cost=2.28 rows=10)


table 6 : explain SELECT SUM(k) FROM sbtest6 WHERE id BETWEEN 8890440 AND 8890449
	-> Aggregate: sum(sbtest6.k)  (cost=4.58 rows=1)
    -> Filter: (sbtest6.id between 8890440 and 8890449)  (cost=2.28 rows=10)
        -> Index range scan on sbtest6 using PRIMARY over (8890440 <= id <= 8890449)  (cost=2.28 rows=10)


table 7 : explain SELECT SUM(k) FROM sbtest7 WHERE id BETWEEN 8052219 AND 8052228
	-> Aggregate: sum(sbtest7.k)  (cost=4.58 rows=1)
    -> Filter: (sbtest7.id between 8052219 and 8052228)  (cost=2.28 rows=10)
        -> Index range scan on sbtest7 using PRIMARY over (8052219 <= id <= 8052228)  (cost=2.28 rows=10)


table 8 : explain SELECT SUM(k) FROM sbtest8 WHERE id BETWEEN 558600 AND 558609
	-> Aggregate: sum(sbtest8.k)  (cost=4.58 rows=1)
    -> Filter: (sbtest8.id between 558600 and 558609)  (cost=2.28 rows=10)
        -> Index range scan on sbtest8 using PRIMARY over (558600 <= id <= 558609)  (cost=2.28 rows=10)


for: order_ranges
table 1 : explain SELECT c FROM sbtest1 WHERE id BETWEEN 8527595 AND 8527604 ORDER BY c
	-> Sort: sbtest1.c  (cost=2.28 rows=10)
    -> Filter: (sbtest1.id between 8527595 and 8527604)  (cost=2.28 rows=10)
        -> Index range scan on sbtest1 using PRIMARY over (8527595 <= id <= 8527604)  (cost=2.28 rows=10)


table 2 : explain SELECT c FROM sbtest2 WHERE id BETWEEN 8247450 AND 8247459 ORDER BY c
	-> Sort: sbtest2.c  (cost=2.28 rows=10)
    -> Filter: (sbtest2.id between 8247450 and 8247459)  (cost=2.28 rows=10)
        -> Index range scan on sbtest2 using PRIMARY over (8247450 <= id <= 8247459)  (cost=2.28 rows=10)


table 3 : explain SELECT c FROM sbtest3 WHERE id BETWEEN 225293 AND 225302 ORDER BY c
	-> Sort: sbtest3.c  (cost=2.28 rows=10)
    -> Filter: (sbtest3.id between 225293 and 225302)  (cost=2.28 rows=10)
        -> Index range scan on sbtest3 using PRIMARY over (225293 <= id <= 225302)  (cost=2.28 rows=10)


table 4 : explain SELECT c FROM sbtest4 WHERE id BETWEEN 6366974 AND 6366983 ORDER BY c
	-> Sort: sbtest4.c  (cost=2.28 rows=10)
    -> Filter: (sbtest4.id between 6366974 and 6366983)  (cost=2.28 rows=10)
        -> Index range scan on sbtest4 using PRIMARY over (6366974 <= id <= 6366983)  (cost=2.28 rows=10)


table 5 : explain SELECT c FROM sbtest5 WHERE id BETWEEN 8881277 AND 8881286 ORDER BY c
	-> Sort: sbtest5.c  (cost=2.28 rows=10)
    -> Filter: (sbtest5.id between 8881277 and 8881286)  (cost=2.28 rows=10)
        -> Index range scan on sbtest5 using PRIMARY over (8881277 <= id <= 8881286)  (cost=2.28 rows=10)


table 6 : explain SELECT c FROM sbtest6 WHERE id BETWEEN 3163389 AND 3163398 ORDER BY c
	-> Sort: sbtest6.c  (cost=2.28 rows=10)
    -> Filter: (sbtest6.id between 3163389 and 3163398)  (cost=2.28 rows=10)
        -> Index range scan on sbtest6 using PRIMARY over (3163389 <= id <= 3163398)  (cost=2.28 rows=10)


table 7 : explain SELECT c FROM sbtest7 WHERE id BETWEEN 2601612 AND 2601621 ORDER BY c
	-> Sort: sbtest7.c  (cost=2.28 rows=10)
    -> Filter: (sbtest7.id between 2601612 and 2601621)  (cost=2.28 rows=10)
        -> Index range scan on sbtest7 using PRIMARY over (2601612 <= id <= 2601621)  (cost=2.28 rows=10)


table 8 : explain SELECT c FROM sbtest8 WHERE id BETWEEN 7808915 AND 7808924 ORDER BY c
	-> Sort: sbtest8.c  (cost=2.28 rows=10)
    -> Filter: (sbtest8.id between 7808915 and 7808924)  (cost=2.28 rows=10)
        -> Index range scan on sbtest8 using PRIMARY over (7808915 <= id <= 7808924)  (cost=2.28 rows=10)

for: order_ranges
table 1 : explain SELECT c FROM sbtest1 WHERE id BETWEEN 3079329 AND 3079338 ORDER BY c
	-> Sort: sbtest1.c  (cost=2.28 rows=10)
    -> Filter: (sbtest1.id between 3079329 and 3079338)  (cost=2.28 rows=10)
        -> Index range scan on sbtest1 using PRIMARY over (3079329 <= id <= 3079338)  (cost=2.28 rows=10)


table 2 : explain SELECT c FROM sbtest2 WHERE id BETWEEN 2182597 AND 2182606 ORDER BY c
	-> Sort: sbtest2.c  (cost=2.28 rows=10)
    -> Filter: (sbtest2.id between 2182597 and 2182606)  (cost=2.28 rows=10)
        -> Index range scan on sbtest2 using PRIMARY over (2182597 <= id <= 2182606)  (cost=2.28 rows=10)


table 3 : explain SELECT c FROM sbtest3 WHERE id BETWEEN 4494124 AND 4494133 ORDER BY c
	-> Sort: sbtest3.c  (cost=2.28 rows=10)
    -> Filter: (sbtest3.id between 4494124 and 4494133)  (cost=2.28 rows=10)
        -> Index range scan on sbtest3 using PRIMARY over (4494124 <= id <= 4494133)  (cost=2.28 rows=10)


table 4 : explain SELECT c FROM sbtest4 WHERE id BETWEEN 6293352 AND 6293361 ORDER BY c
	-> Sort: sbtest4.c  (cost=2.28 rows=10)
    -> Filter: (sbtest4.id between 6293352 and 6293361)  (cost=2.28 rows=10)
        -> Index range scan on sbtest4 using PRIMARY over (6293352 <= id <= 6293361)  (cost=2.28 rows=10)


table 5 : explain SELECT c FROM sbtest5 WHERE id BETWEEN 4676626 AND 4676635 ORDER BY c
	-> Sort: sbtest5.c  (cost=2.28 rows=10)
    -> Filter: (sbtest5.id between 4676626 and 4676635)  (cost=2.28 rows=10)
        -> Index range scan on sbtest5 using PRIMARY over (4676626 <= id <= 4676635)  (cost=2.28 rows=10)


table 6 : explain SELECT c FROM sbtest6 WHERE id BETWEEN 5399377 AND 5399386 ORDER BY c
	-> Sort: sbtest6.c  (cost=2.28 rows=10)
    -> Filter: (sbtest6.id between 5399377 and 5399386)  (cost=2.28 rows=10)
        -> Index range scan on sbtest6 using PRIMARY over (5399377 <= id <= 5399386)  (cost=2.28 rows=10)


table 7 : explain SELECT c FROM sbtest7 WHERE id BETWEEN 898453 AND 898462 ORDER BY c
	-> Sort: sbtest7.c  (cost=2.28 rows=10)
    -> Filter: (sbtest7.id between 898453 and 898462)  (cost=2.28 rows=10)
        -> Index range scan on sbtest7 using PRIMARY over (898453 <= id <= 898462)  (cost=2.28 rows=10)


table 8 : explain SELECT c FROM sbtest8 WHERE id BETWEEN 9445871 AND 9445880 ORDER BY c
	-> Sort: sbtest8.c  (cost=2.28 rows=10)
    -> Filter: (sbtest8.id between 9445871 and 9445880)  (cost=2.28 rows=10)
        -> Index range scan on sbtest8 using PRIMARY over (9445871 <= id <= 9445880)  (cost=2.28 rows=10)


for: order_ranges
table 1 : explain SELECT c FROM sbtest1 WHERE id BETWEEN 6098993 AND 6099002 ORDER BY c
	-> Sort: sbtest1.c  (cost=2.28 rows=10)
    -> Filter: (sbtest1.id between 6098993 and 6099002)  (cost=2.28 rows=10)
        -> Index range scan on sbtest1 using PRIMARY over (6098993 <= id <= 6099002)  (cost=2.28 rows=10)


table 2 : explain SELECT c FROM sbtest2 WHERE id BETWEEN 5116664 AND 5116673 ORDER BY c
	-> Sort: sbtest2.c  (cost=2.28 rows=10)
    -> Filter: (sbtest2.id between 5116664 and 5116673)  (cost=2.28 rows=10)
        -> Index range scan on sbtest2 using PRIMARY over (5116664 <= id <= 5116673)  (cost=2.28 rows=10)


table 3 : explain SELECT c FROM sbtest3 WHERE id BETWEEN 48086 AND 48095 ORDER BY c
	-> Sort: sbtest3.c  (cost=2.28 rows=10)
    -> Filter: (sbtest3.id between 48086 and 48095)  (cost=2.28 rows=10)
        -> Index range scan on sbtest3 using PRIMARY over (48086 <= id <= 48095)  (cost=2.28 rows=10)


table 4 : explain SELECT c FROM sbtest4 WHERE id BETWEEN 1639736 AND 1639745 ORDER BY c
	-> Sort: sbtest4.c  (cost=2.28 rows=10)
    -> Filter: (sbtest4.id between 1639736 and 1639745)  (cost=2.28 rows=10)
        -> Index range scan on sbtest4 using PRIMARY over (1639736 <= id <= 1639745)  (cost=2.28 rows=10)


table 5 : explain SELECT c FROM sbtest5 WHERE id BETWEEN 7304958 AND 7304967 ORDER BY c
	-> Sort: sbtest5.c  (cost=2.28 rows=10)
    -> Filter: (sbtest5.id between 7304958 and 7304967)  (cost=2.28 rows=10)
        -> Index range scan on sbtest5 using PRIMARY over (7304958 <= id <= 7304967)  (cost=2.28 rows=10)


table 6 : explain SELECT c FROM sbtest6 WHERE id BETWEEN 9995865 AND 9995874 ORDER BY c
	-> Sort: sbtest6.c  (cost=2.28 rows=10)
    -> Filter: (sbtest6.id between 9995865 and 9995874)  (cost=2.28 rows=10)
        -> Index range scan on sbtest6 using PRIMARY over (9995865 <= id <= 9995874)  (cost=2.28 rows=10)


table 7 : explain SELECT c FROM sbtest7 WHERE id BETWEEN 2320734 AND 2320743 ORDER BY c
	-> Sort: sbtest7.c  (cost=2.28 rows=10)
    -> Filter: (sbtest7.id between 2320734 and 2320743)  (cost=2.28 rows=10)
        -> Index range scan on sbtest7 using PRIMARY over (2320734 <= id <= 2320743)  (cost=2.28 rows=10)


table 8 : explain SELECT c FROM sbtest8 WHERE id BETWEEN 7056403 AND 7056412 ORDER BY c
	-> Sort: sbtest8.c  (cost=2.28 rows=10)
    -> Filter: (sbtest8.id between 7056403 and 7056412)  (cost=2.28 rows=10)
        -> Index range scan on sbtest8 using PRIMARY over (7056403 <= id <= 7056412)  (cost=2.28 rows=10)



for: order_ranges
table 1 : explain SELECT c FROM sbtest1 WHERE id BETWEEN 2460236 AND 2460245 ORDER BY c
	-> Sort: sbtest1.c  (cost=2.28 rows=10)
    -> Filter: (sbtest1.id between 2460236 and 2460245)  (cost=2.28 rows=10)
        -> Index range scan on sbtest1 using PRIMARY over (2460236 <= id <= 2460245)  (cost=2.28 rows=10)


table 2 : explain SELECT c FROM sbtest2 WHERE id BETWEEN 4357314 AND 4357323 ORDER BY c
	-> Sort: sbtest2.c  (cost=2.28 rows=10)
    -> Filter: (sbtest2.id between 4357314 and 4357323)  (cost=2.28 rows=10)
        -> Index range scan on sbtest2 using PRIMARY over (4357314 <= id <= 4357323)  (cost=2.28 rows=10)


table 3 : explain SELECT c FROM sbtest3 WHERE id BETWEEN 7791955 AND 7791964 ORDER BY c
	-> Sort: sbtest3.c  (cost=2.28 rows=10)
    -> Filter: (sbtest3.id between 7791955 and 7791964)  (cost=2.28 rows=10)
        -> Index range scan on sbtest3 using PRIMARY over (7791955 <= id <= 7791964)  (cost=2.28 rows=10)


table 4 : explain SELECT c FROM sbtest4 WHERE id BETWEEN 9283202 AND 9283211 ORDER BY c
	-> Sort: sbtest4.c  (cost=2.28 rows=10)
    -> Filter: (sbtest4.id between 9283202 and 9283211)  (cost=2.28 rows=10)
        -> Index range scan on sbtest4 using PRIMARY over (9283202 <= id <= 9283211)  (cost=2.28 rows=10)


table 5 : explain SELECT c FROM sbtest5 WHERE id BETWEEN 8564919 AND 8564928 ORDER BY c
	-> Sort: sbtest5.c  (cost=2.28 rows=10)
    -> Filter: (sbtest5.id between 8564919 and 8564928)  (cost=2.28 rows=10)
        -> Index range scan on sbtest5 using PRIMARY over (8564919 <= id <= 8564928)  (cost=2.28 rows=10)


table 6 : explain SELECT c FROM sbtest6 WHERE id BETWEEN 9724956 AND 9724965 ORDER BY c
	-> Sort: sbtest6.c  (cost=2.28 rows=10)
    -> Filter: (sbtest6.id between 9724956 and 9724965)  (cost=2.28 rows=10)
        -> Index range scan on sbtest6 using PRIMARY over (9724956 <= id <= 9724965)  (cost=2.28 rows=10)


table 7 : explain SELECT c FROM sbtest7 WHERE id BETWEEN 6358796 AND 6358805 ORDER BY c
	-> Sort: sbtest7.c  (cost=2.28 rows=10)
    -> Filter: (sbtest7.id between 6358796 and 6358805)  (cost=2.28 rows=10)
        -> Index range scan on sbtest7 using PRIMARY over (6358796 <= id <= 6358805)  (cost=2.28 rows=10)


table 8 : explain SELECT c FROM sbtest8 WHERE id BETWEEN 6126476 AND 6126485 ORDER BY c
	-> Sort: sbtest8.c  (cost=2.28 rows=10)
    -> Filter: (sbtest8.id between 6126476 and 6126485)  (cost=2.28 rows=10)
        -> Index range scan on sbtest8 using PRIMARY over (6126476 <= id <= 6126485)  (cost=2.28 rows=10)


for: order_ranges
table 1 : explain SELECT c FROM sbtest1 WHERE id BETWEEN 7770647 AND 7770656 ORDER BY c
	-> Sort: sbtest1.c  (cost=2.28 rows=10)
    -> Filter: (sbtest1.id between 7770647 and 7770656)  (cost=2.28 rows=10)
        -> Index range scan on sbtest1 using PRIMARY over (7770647 <= id <= 7770656)  (cost=2.28 rows=10)


table 2 : explain SELECT c FROM sbtest2 WHERE id BETWEEN 6943660 AND 6943669 ORDER BY c
	-> Sort: sbtest2.c  (cost=2.28 rows=10)
    -> Filter: (sbtest2.id between 6943660 and 6943669)  (cost=2.28 rows=10)
        -> Index range scan on sbtest2 using PRIMARY over (6943660 <= id <= 6943669)  (cost=2.28 rows=10)


table 3 : explain SELECT c FROM sbtest3 WHERE id BETWEEN 7595112 AND 7595121 ORDER BY c
	-> Sort: sbtest3.c  (cost=2.28 rows=10)
    -> Filter: (sbtest3.id between 7595112 and 7595121)  (cost=2.28 rows=10)
        -> Index range scan on sbtest3 using PRIMARY over (7595112 <= id <= 7595121)  (cost=2.28 rows=10)


table 4 : explain SELECT c FROM sbtest4 WHERE id BETWEEN 4824711 AND 4824720 ORDER BY c
	-> Sort: sbtest4.c  (cost=2.28 rows=10)
    -> Filter: (sbtest4.id between 4824711 and 4824720)  (cost=2.28 rows=10)
        -> Index range scan on sbtest4 using PRIMARY over (4824711 <= id <= 4824720)  (cost=2.28 rows=10)


table 5 : explain SELECT c FROM sbtest5 WHERE id BETWEEN 6360653 AND 6360662 ORDER BY c
	-> Sort: sbtest5.c  (cost=2.28 rows=10)
    -> Filter: (sbtest5.id between 6360653 and 6360662)  (cost=2.28 rows=10)
        -> Index range scan on sbtest5 using PRIMARY over (6360653 <= id <= 6360662)  (cost=2.28 rows=10)


table 6 : explain SELECT c FROM sbtest6 WHERE id BETWEEN 7018815 AND 7018824 ORDER BY c
	-> Sort: sbtest6.c  (cost=2.28 rows=10)
    -> Filter: (sbtest6.id between 7018815 and 7018824)  (cost=2.28 rows=10)
        -> Index range scan on sbtest6 using PRIMARY over (7018815 <= id <= 7018824)  (cost=2.28 rows=10)


table 7 : explain SELECT c FROM sbtest7 WHERE id BETWEEN 5660992 AND 5661001 ORDER BY c
	-> Sort: sbtest7.c  (cost=2.28 rows=10)
    -> Filter: (sbtest7.id between 5660992 and 5661001)  (cost=2.28 rows=10)
        -> Index range scan on sbtest7 using PRIMARY over (5660992 <= id <= 5661001)  (cost=2.28 rows=10)


table 8 : explain SELECT c FROM sbtest8 WHERE id BETWEEN 4162117 AND 4162126 ORDER BY c
	-> Sort: sbtest8.c  (cost=2.28 rows=10)
    -> Filter: (sbtest8.id between 4162117 and 4162126)  (cost=2.28 rows=10)
        -> Index range scan on sbtest8 using PRIMARY over (4162117 <= id <= 4162126)  (cost=2.28 rows=10)


for: sum_ranges
table 1 : explain SELECT SUM(k) FROM sbtest1 WHERE id BETWEEN 2764082 AND 2764091
	-> Aggregate: sum(sbtest1.k)  (cost=4.58 rows=1)
    -> Filter: (sbtest1.id between 2764082 and 2764091)  (cost=2.28 rows=10)
        -> Index range scan on sbtest1 using PRIMARY over (2764082 <= id <= 2764091)  (cost=2.28 rows=10)


table 2 : explain SELECT SUM(k) FROM sbtest2 WHERE id BETWEEN 5178342 AND 5178351
	-> Aggregate: sum(sbtest2.k)  (cost=4.58 rows=1)
    -> Filter: (sbtest2.id between 5178342 and 5178351)  (cost=2.28 rows=10)
        -> Index range scan on sbtest2 using PRIMARY over (5178342 <= id <= 5178351)  (cost=2.28 rows=10)


table 3 : explain SELECT SUM(k) FROM sbtest3 WHERE id BETWEEN 7325952 AND 7325961
	-> Aggregate: sum(sbtest3.k)  (cost=4.58 rows=1)
    -> Filter: (sbtest3.id between 7325952 and 7325961)  (cost=2.28 rows=10)
        -> Index range scan on sbtest3 using PRIMARY over (7325952 <= id <= 7325961)  (cost=2.28 rows=10)


table 4 : explain SELECT SUM(k) FROM sbtest4 WHERE id BETWEEN 8167318 AND 8167327
	-> Aggregate: sum(sbtest4.k)  (cost=4.58 rows=1)
    -> Filter: (sbtest4.id between 8167318 and 8167327)  (cost=2.28 rows=10)
        -> Index range scan on sbtest4 using PRIMARY over (8167318 <= id <= 8167327)  (cost=2.28 rows=10)


table 5 : explain SELECT SUM(k) FROM sbtest5 WHERE id BETWEEN 1971292 AND 1971301
	-> Aggregate: sum(sbtest5.k)  (cost=4.58 rows=1)
    -> Filter: (sbtest5.id between 1971292 and 1971301)  (cost=2.28 rows=10)
        -> Index range scan on sbtest5 using PRIMARY over (1971292 <= id <= 1971301)  (cost=2.28 rows=10)


table 6 : explain SELECT SUM(k) FROM sbtest6 WHERE id BETWEEN 266064 AND 266073
	-> Aggregate: sum(sbtest6.k)  (cost=4.58 rows=1)
    -> Filter: (sbtest6.id between 266064 and 266073)  (cost=2.28 rows=10)
        -> Index range scan on sbtest6 using PRIMARY over (266064 <= id <= 266073)  (cost=2.28 rows=10)


table 7 : explain SELECT SUM(k) FROM sbtest7 WHERE id BETWEEN 7028127 AND 7028136
	-> Aggregate: sum(sbtest7.k)  (cost=4.58 rows=1)
    -> Filter: (sbtest7.id between 7028127 and 7028136)  (cost=2.28 rows=10)
        -> Index range scan on sbtest7 using PRIMARY over (7028127 <= id <= 7028136)  (cost=2.28 rows=10)


table 8 : explain SELECT SUM(k) FROM sbtest8 WHERE id BETWEEN 877357 AND 877366
	-> Aggregate: sum(sbtest8.k)  (cost=4.58 rows=1)
    -> Filter: (sbtest8.id between 877357 and 877366)  (cost=2.28 rows=10)
        -> Index range scan on sbtest8 using PRIMARY over (877357 <= id <= 877366)  (cost=2.28 rows=10)


for: order_ranges
table 1 : explain SELECT c FROM sbtest1 WHERE id BETWEEN 4817796 AND 4817805 ORDER BY c
	-> Sort: sbtest1.c  (cost=2.28 rows=10)
    -> Filter: (sbtest1.id between 4817796 and 4817805)  (cost=2.28 rows=10)
        -> Index range scan on sbtest1 using PRIMARY over (4817796 <= id <= 4817805)  (cost=2.28 rows=10)


table 2 : explain SELECT c FROM sbtest2 WHERE id BETWEEN 9800721 AND 9800730 ORDER BY c
	-> Sort: sbtest2.c  (cost=2.28 rows=10)
    -> Filter: (sbtest2.id between 9800721 and 9800730)  (cost=2.28 rows=10)
        -> Index range scan on sbtest2 using PRIMARY over (9800721 <= id <= 9800730)  (cost=2.28 rows=10)


table 3 : explain SELECT c FROM sbtest3 WHERE id BETWEEN 9514893 AND 9514902 ORDER BY c
	-> Sort: sbtest3.c  (cost=2.28 rows=10)
    -> Filter: (sbtest3.id between 9514893 and 9514902)  (cost=2.28 rows=10)
        -> Index range scan on sbtest3 using PRIMARY over (9514893 <= id <= 9514902)  (cost=2.28 rows=10)


table 4 : explain SELECT c FROM sbtest4 WHERE id BETWEEN 3418941 AND 3418950 ORDER BY c
	-> Sort: sbtest4.c  (cost=2.28 rows=10)
    -> Filter: (sbtest4.id between 3418941 and 3418950)  (cost=2.28 rows=10)
        -> Index range scan on sbtest4 using PRIMARY over (3418941 <= id <= 3418950)  (cost=2.28 rows=10)


table 5 : explain SELECT c FROM sbtest5 WHERE id BETWEEN 6451322 AND 6451331 ORDER BY c
	-> Sort: sbtest5.c  (cost=2.28 rows=10)
    -> Filter: (sbtest5.id between 6451322 and 6451331)  (cost=2.28 rows=10)
        -> Index range scan on sbtest5 using PRIMARY over (6451322 <= id <= 6451331)  (cost=2.28 rows=10)


table 6 : explain SELECT c FROM sbtest6 WHERE id BETWEEN 9341580 AND 9341589 ORDER BY c
	-> Sort: sbtest6.c  (cost=2.28 rows=10)
    -> Filter: (sbtest6.id between 9341580 and 9341589)  (cost=2.28 rows=10)
        -> Index range scan on sbtest6 using PRIMARY over (9341580 <= id <= 9341589)  (cost=2.28 rows=10)


table 7 : explain SELECT c FROM sbtest7 WHERE id BETWEEN 4887233 AND 4887242 ORDER BY c
	-> Sort: sbtest7.c  (cost=2.28 rows=10)
    -> Filter: (sbtest7.id between 4887233 and 4887242)  (cost=2.28 rows=10)
        -> Index range scan on sbtest7 using PRIMARY over (4887233 <= id <= 4887242)  (cost=2.28 rows=10)


table 8 : explain SELECT c FROM sbtest8 WHERE id BETWEEN 5379811 AND 5379820 ORDER BY c
	-> Sort: sbtest8.c  (cost=2.28 rows=10)
    -> Filter: (sbtest8.id between 5379811 and 5379820)  (cost=2.28 rows=10)
        -> Index range scan on sbtest8 using PRIMARY over (5379811 <= id <= 5379820)  (cost=2.28 rows=10)


for: sum_ranges
table 1 : explain SELECT SUM(k) FROM sbtest1 WHERE id BETWEEN 8175002 AND 8175011
	-> Aggregate: sum(sbtest1.k)  (cost=4.58 rows=1)
    -> Filter: (sbtest1.id between 8175002 and 8175011)  (cost=2.28 rows=10)
        -> Index range scan on sbtest1 using PRIMARY over (8175002 <= id <= 8175011)  (cost=2.28 rows=10)


table 2 : explain SELECT SUM(k) FROM sbtest2 WHERE id BETWEEN 6547378 AND 6547387
	-> Aggregate: sum(sbtest2.k)  (cost=4.58 rows=1)
    -> Filter: (sbtest2.id between 6547378 and 6547387)  (cost=2.28 rows=10)
        -> Index range scan on sbtest2 using PRIMARY over (6547378 <= id <= 6547387)  (cost=2.28 rows=10)


table 3 : explain SELECT SUM(k) FROM sbtest3 WHERE id BETWEEN 1855520 AND 1855529
	-> Aggregate: sum(sbtest3.k)  (cost=4.58 rows=1)
    -> Filter: (sbtest3.id between 1855520 and 1855529)  (cost=2.28 rows=10)
        -> Index range scan on sbtest3 using PRIMARY over (1855520 <= id <= 1855529)  (cost=2.28 rows=10)


table 4 : explain SELECT SUM(k) FROM sbtest4 WHERE id BETWEEN 9444395 AND 9444404
	-> Aggregate: sum(sbtest4.k)  (cost=4.58 rows=1)
    -> Filter: (sbtest4.id between 9444395 and 9444404)  (cost=2.28 rows=10)
        -> Index range scan on sbtest4 using PRIMARY over (9444395 <= id <= 9444404)  (cost=2.28 rows=10)


table 5 : explain SELECT SUM(k) FROM sbtest5 WHERE id BETWEEN 1455848 AND 1455857
	-> Aggregate: sum(sbtest5.k)  (cost=4.58 rows=1)
    -> Filter: (sbtest5.id between 1455848 and 1455857)  (cost=2.28 rows=10)
        -> Index range scan on sbtest5 using PRIMARY over (1455848 <= id <= 1455857)  (cost=2.28 rows=10)


table 6 : explain SELECT SUM(k) FROM sbtest6 WHERE id BETWEEN 3054108 AND 3054117
	-> Aggregate: sum(sbtest6.k)  (cost=4.58 rows=1)
    -> Filter: (sbtest6.id between 3054108 and 3054117)  (cost=2.28 rows=10)
        -> Index range scan on sbtest6 using PRIMARY over (3054108 <= id <= 3054117)  (cost=2.28 rows=10)


table 7 : explain SELECT SUM(k) FROM sbtest7 WHERE id BETWEEN 2258322 AND 2258331
	-> Aggregate: sum(sbtest7.k)  (cost=4.58 rows=1)
    -> Filter: (sbtest7.id between 2258322 and 2258331)  (cost=2.28 rows=10)
        -> Index range scan on sbtest7 using PRIMARY over (2258322 <= id <= 2258331)  (cost=2.28 rows=10)


table 8 : explain SELECT SUM(k) FROM sbtest8 WHERE id BETWEEN 6108582 AND 6108591
	-> Aggregate: sum(sbtest8.k)  (cost=4.58 rows=1)
    -> Filter: (sbtest8.id between 6108582 and 6108591)  (cost=2.28 rows=10)
        -> Index range scan on sbtest8 using PRIMARY over (6108582 <= id <= 6108591)  (cost=2.28 rows=10)


for: order_ranges
table 1 : explain SELECT c FROM sbtest1 WHERE id BETWEEN 4883806 AND 4883815 ORDER BY c
	-> Sort: sbtest1.c  (cost=2.28 rows=10)
    -> Filter: (sbtest1.id between 4883806 and 4883815)  (cost=2.28 rows=10)
        -> Index range scan on sbtest1 using PRIMARY over (4883806 <= id <= 4883815)  (cost=2.28 rows=10)


table 2 : explain SELECT c FROM sbtest2 WHERE id BETWEEN 1708007 AND 1708016 ORDER BY c
	-> Sort: sbtest2.c  (cost=2.28 rows=10)
    -> Filter: (sbtest2.id between 1708007 and 1708016)  (cost=2.28 rows=10)
        -> Index range scan on sbtest2 using PRIMARY over (1708007 <= id <= 1708016)  (cost=2.28 rows=10)


table 3 : explain SELECT c FROM sbtest3 WHERE id BETWEEN 6521344 AND 6521353 ORDER BY c
	-> Sort: sbtest3.c  (cost=2.28 rows=10)
    -> Filter: (sbtest3.id between 6521344 and 6521353)  (cost=2.28 rows=10)
        -> Index range scan on sbtest3 using PRIMARY over (6521344 <= id <= 6521353)  (cost=2.28 rows=10)


table 4 : explain SELECT c FROM sbtest4 WHERE id BETWEEN 6699564 AND 6699573 ORDER BY c
	-> Sort: sbtest4.c  (cost=2.28 rows=10)
    -> Filter: (sbtest4.id between 6699564 and 6699573)  (cost=2.28 rows=10)
        -> Index range scan on sbtest4 using PRIMARY over (6699564 <= id <= 6699573)  (cost=2.28 rows=10)


table 5 : explain SELECT c FROM sbtest5 WHERE id BETWEEN 8136948 AND 8136957 ORDER BY c
	-> Sort: sbtest5.c  (cost=2.28 rows=10)
    -> Filter: (sbtest5.id between 8136948 and 8136957)  (cost=2.28 rows=10)
        -> Index range scan on sbtest5 using PRIMARY over (8136948 <= id <= 8136957)  (cost=2.28 rows=10)


table 6 : explain SELECT c FROM sbtest6 WHERE id BETWEEN 6832782 AND 6832791 ORDER BY c
	-> Sort: sbtest6.c  (cost=2.28 rows=10)
    -> Filter: (sbtest6.id between 6832782 and 6832791)  (cost=2.28 rows=10)
        -> Index range scan on sbtest6 using PRIMARY over (6832782 <= id <= 6832791)  (cost=2.28 rows=10)


table 7 : explain SELECT c FROM sbtest7 WHERE id BETWEEN 2599341 AND 2599350 ORDER BY c
	-> Sort: sbtest7.c  (cost=2.28 rows=10)
    -> Filter: (sbtest7.id between 2599341 and 2599350)  (cost=2.28 rows=10)
        -> Index range scan on sbtest7 using PRIMARY over (2599341 <= id <= 2599350)  (cost=2.28 rows=10)


table 8 : explain SELECT c FROM sbtest8 WHERE id BETWEEN 1919671 AND 1919680 ORDER BY c
	-> Sort: sbtest8.c  (cost=2.28 rows=10)
    -> Filter: (sbtest8.id between 1919671 and 1919680)  (cost=2.28 rows=10)
        -> Index range scan on sbtest8 using PRIMARY over (1919671 <= id <= 1919680)  (cost=2.28 rows=10)


for: order_ranges
table 1 : explain SELECT c FROM sbtest1 WHERE id BETWEEN 2435160 AND 2435169 ORDER BY c
	-> Sort: sbtest1.c  (cost=2.28 rows=10)
    -> Filter: (sbtest1.id between 2435160 and 2435169)  (cost=2.28 rows=10)
        -> Index range scan on sbtest1 using PRIMARY over (2435160 <= id <= 2435169)  (cost=2.28 rows=10)


table 2 : explain SELECT c FROM sbtest2 WHERE id BETWEEN 7206146 AND 7206155 ORDER BY c
	-> Sort: sbtest2.c  (cost=2.28 rows=10)
    -> Filter: (sbtest2.id between 7206146 and 7206155)  (cost=2.28 rows=10)
        -> Index range scan on sbtest2 using PRIMARY over (7206146 <= id <= 7206155)  (cost=2.28 rows=10)


table 3 : explain SELECT c FROM sbtest3 WHERE id BETWEEN 6937583 AND 6937592 ORDER BY c
	-> Sort: sbtest3.c  (cost=2.28 rows=10)
    -> Filter: (sbtest3.id between 6937583 and 6937592)  (cost=2.28 rows=10)
        -> Index range scan on sbtest3 using PRIMARY over (6937583 <= id <= 6937592)  (cost=2.28 rows=10)


table 4 : explain SELECT c FROM sbtest4 WHERE id BETWEEN 1878136 AND 1878145 ORDER BY c
	-> Sort: sbtest4.c  (cost=2.28 rows=10)
    -> Filter: (sbtest4.id between 1878136 and 1878145)  (cost=2.28 rows=10)
        -> Index range scan on sbtest4 using PRIMARY over (1878136 <= id <= 1878145)  (cost=2.28 rows=10)


table 5 : explain SELECT c FROM sbtest5 WHERE id BETWEEN 1271210 AND 1271219 ORDER BY c
	-> Sort: sbtest5.c  (cost=2.28 rows=10)
    -> Filter: (sbtest5.id between 1271210 and 1271219)  (cost=2.28 rows=10)
        -> Index range scan on sbtest5 using PRIMARY over (1271210 <= id <= 1271219)  (cost=2.28 rows=10)


table 6 : explain SELECT c FROM sbtest6 WHERE id BETWEEN 6746239 AND 6746248 ORDER BY c
	-> Sort: sbtest6.c  (cost=2.28 rows=10)
    -> Filter: (sbtest6.id between 6746239 and 6746248)  (cost=2.28 rows=10)
        -> Index range scan on sbtest6 using PRIMARY over (6746239 <= id <= 6746248)  (cost=2.28 rows=10)


table 7 : explain SELECT c FROM sbtest7 WHERE id BETWEEN 3926110 AND 3926119 ORDER BY c
	-> Sort: sbtest7.c  (cost=2.28 rows=10)
    -> Filter: (sbtest7.id between 3926110 and 3926119)  (cost=2.28 rows=10)
        -> Index range scan on sbtest7 using PRIMARY over (3926110 <= id <= 3926119)  (cost=2.28 rows=10)


table 8 : explain SELECT c FROM sbtest8 WHERE id BETWEEN 2431007 AND 2431016 ORDER BY c
	-> Sort: sbtest8.c  (cost=2.28 rows=10)
    -> Filter: (sbtest8.id between 2431007 and 2431016)  (cost=2.28 rows=10)
        -> Index range scan on sbtest8 using PRIMARY over (2431007 <= id <= 2431016)  (cost=2.28 rows=10)


for: order_ranges
table 1 : explain SELECT c FROM sbtest1 WHERE id BETWEEN 5633083 AND 5633092 ORDER BY c
	-> Sort: sbtest1.c  (cost=2.28 rows=10)
    -> Filter: (sbtest1.id between 5633083 and 5633092)  (cost=2.28 rows=10)
        -> Index range scan on sbtest1 using PRIMARY over (5633083 <= id <= 5633092)  (cost=2.28 rows=10)


table 2 : explain SELECT c FROM sbtest2 WHERE id BETWEEN 2200422 AND 2200431 ORDER BY c
	-> Sort: sbtest2.c  (cost=2.28 rows=10)
    -> Filter: (sbtest2.id between 2200422 and 2200431)  (cost=2.28 rows=10)
        -> Index range scan on sbtest2 using PRIMARY over (2200422 <= id <= 2200431)  (cost=2.28 rows=10)


table 3 : explain SELECT c FROM sbtest3 WHERE id BETWEEN 872934 AND 872943 ORDER BY c
	-> Sort: sbtest3.c  (cost=2.28 rows=10)
    -> Filter: (sbtest3.id between 872934 and 872943)  (cost=2.28 rows=10)
        -> Index range scan on sbtest3 using PRIMARY over (872934 <= id <= 872943)  (cost=2.28 rows=10)


table 4 : explain SELECT c FROM sbtest4 WHERE id BETWEEN 3306028 AND 3306037 ORDER BY c
	-> Sort: sbtest4.c  (cost=2.28 rows=10)
    -> Filter: (sbtest4.id between 3306028 and 3306037)  (cost=2.28 rows=10)
        -> Index range scan on sbtest4 using PRIMARY over (3306028 <= id <= 3306037)  (cost=2.28 rows=10)


table 5 : explain SELECT c FROM sbtest5 WHERE id BETWEEN 6982265 AND 6982274 ORDER BY c
	-> Sort: sbtest5.c  (cost=2.28 rows=10)
    -> Filter: (sbtest5.id between 6982265 and 6982274)  (cost=2.28 rows=10)
        -> Index range scan on sbtest5 using PRIMARY over (6982265 <= id <= 6982274)  (cost=2.28 rows=10)


table 6 : explain SELECT c FROM sbtest6 WHERE id BETWEEN 2087150 AND 2087159 ORDER BY c
	-> Sort: sbtest6.c  (cost=2.28 rows=10)
    -> Filter: (sbtest6.id between 2087150 and 2087159)  (cost=2.28 rows=10)
        -> Index range scan on sbtest6 using PRIMARY over (2087150 <= id <= 2087159)  (cost=2.28 rows=10)


table 7 : explain SELECT c FROM sbtest7 WHERE id BETWEEN 5911656 AND 5911665 ORDER BY c
	-> Sort: sbtest7.c  (cost=2.28 rows=10)
    -> Filter: (sbtest7.id between 5911656 and 5911665)  (cost=2.28 rows=10)
        -> Index range scan on sbtest7 using PRIMARY over (5911656 <= id <= 5911665)  (cost=2.28 rows=10)


table 8 : explain SELECT c FROM sbtest8 WHERE id BETWEEN 6062422 AND 6062431 ORDER BY c
	-> Sort: sbtest8.c  (cost=2.28 rows=10)
    -> Filter: (sbtest8.id between 6062422 and 6062431)  (cost=2.28 rows=10)
        -> Index range scan on sbtest8 using PRIMARY over (6062422 <= id <= 6062431)  (cost=2.28 rows=10)


for: simple_ranges
table 1 : explain SELECT c FROM sbtest1 WHERE id BETWEEN 6048295 AND 6048304
	-> Filter: (sbtest1.id between 6048295 and 6048304)  (cost=2.28 rows=10)
    -> Index range scan on sbtest1 using PRIMARY over (6048295 <= id <= 6048304)  (cost=2.28 rows=10)


table 2 : explain SELECT c FROM sbtest2 WHERE id BETWEEN 2277655 AND 2277664
	-> Filter: (sbtest2.id between 2277655 and 2277664)  (cost=2.28 rows=10)
    -> Index range scan on sbtest2 using PRIMARY over (2277655 <= id <= 2277664)  (cost=2.28 rows=10)


table 3 : explain SELECT c FROM sbtest3 WHERE id BETWEEN 3814558 AND 3814567
	-> Filter: (sbtest3.id between 3814558 and 3814567)  (cost=2.28 rows=10)
    -> Index range scan on sbtest3 using PRIMARY over (3814558 <= id <= 3814567)  (cost=2.28 rows=10)


table 4 : explain SELECT c FROM sbtest4 WHERE id BETWEEN 7312016 AND 7312025
	-> Filter: (sbtest4.id between 7312016 and 7312025)  (cost=2.28 rows=10)
    -> Index range scan on sbtest4 using PRIMARY over (7312016 <= id <= 7312025)  (cost=2.28 rows=10)


table 5 : explain SELECT c FROM sbtest5 WHERE id BETWEEN 6934671 AND 6934680
	-> Filter: (sbtest5.id between 6934671 and 6934680)  (cost=2.28 rows=10)
    -> Index range scan on sbtest5 using PRIMARY over (6934671 <= id <= 6934680)  (cost=2.28 rows=10)


table 6 : explain SELECT c FROM sbtest6 WHERE id BETWEEN 2800186 AND 2800195
	-> Filter: (sbtest6.id between 2800186 and 2800195)  (cost=2.28 rows=10)
    -> Index range scan on sbtest6 using PRIMARY over (2800186 <= id <= 2800195)  (cost=2.28 rows=10)


table 7 : explain SELECT c FROM sbtest7 WHERE id BETWEEN 8414142 AND 8414151
	-> Filter: (sbtest7.id between 8414142 and 8414151)  (cost=2.28 rows=10)
    -> Index range scan on sbtest7 using PRIMARY over (8414142 <= id <= 8414151)  (cost=2.28 rows=10)


table 8 : explain SELECT c FROM sbtest8 WHERE id BETWEEN 6165485 AND 6165494
	-> Filter: (sbtest8.id between 6165485 and 6165494)  (cost=2.28 rows=10)
    -> Index range scan on sbtest8 using PRIMARY over (6165485 <= id <= 6165494)  (cost=2.28 rows=10)


for: order_ranges
table 1 : explain SELECT c FROM sbtest1 WHERE id BETWEEN 3233572 AND 3233581 ORDER BY c
	-> Sort: sbtest1.c  (cost=2.28 rows=10)
    -> Filter: (sbtest1.id between 3233572 and 3233581)  (cost=2.28 rows=10)
        -> Index range scan on sbtest1 using PRIMARY over (3233572 <= id <= 3233581)  (cost=2.28 rows=10)


table 2 : explain SELECT c FROM sbtest2 WHERE id BETWEEN 6627200 AND 6627209 ORDER BY c
	-> Sort: sbtest2.c  (cost=2.28 rows=10)
    -> Filter: (sbtest2.id between 6627200 and 6627209)  (cost=2.28 rows=10)
        -> Index range scan on sbtest2 using PRIMARY over (6627200 <= id <= 6627209)  (cost=2.28 rows=10)


table 3 : explain SELECT c FROM sbtest3 WHERE id BETWEEN 1433328 AND 1433337 ORDER BY c
	-> Sort: sbtest3.c  (cost=2.28 rows=10)
    -> Filter: (sbtest3.id between 1433328 and 1433337)  (cost=2.28 rows=10)
        -> Index range scan on sbtest3 using PRIMARY over (1433328 <= id <= 1433337)  (cost=2.28 rows=10)


table 4 : explain SELECT c FROM sbtest4 WHERE id BETWEEN 6549592 AND 6549601 ORDER BY c
	-> Sort: sbtest4.c  (cost=2.28 rows=10)
    -> Filter: (sbtest4.id between 6549592 and 6549601)  (cost=2.28 rows=10)
        -> Index range scan on sbtest4 using PRIMARY over (6549592 <= id <= 6549601)  (cost=2.28 rows=10)


table 5 : explain SELECT c FROM sbtest5 WHERE id BETWEEN 2928353 AND 2928362 ORDER BY c
	-> Sort: sbtest5.c  (cost=2.28 rows=10)
    -> Filter: (sbtest5.id between 2928353 and 2928362)  (cost=2.28 rows=10)
        -> Index range scan on sbtest5 using PRIMARY over (2928353 <= id <= 2928362)  (cost=2.28 rows=10)


table 6 : explain SELECT c FROM sbtest6 WHERE id BETWEEN 3081197 AND 3081206 ORDER BY c
	-> Sort: sbtest6.c  (cost=2.28 rows=10)
    -> Filter: (sbtest6.id between 3081197 and 3081206)  (cost=2.28 rows=10)
        -> Index range scan on sbtest6 using PRIMARY over (3081197 <= id <= 3081206)  (cost=2.28 rows=10)


table 7 : explain SELECT c FROM sbtest7 WHERE id BETWEEN 4797112 AND 4797121 ORDER BY c
	-> Sort: sbtest7.c  (cost=2.28 rows=10)
    -> Filter: (sbtest7.id between 4797112 and 4797121)  (cost=2.28 rows=10)
        -> Index range scan on sbtest7 using PRIMARY over (4797112 <= id <= 4797121)  (cost=2.28 rows=10)


table 8 : explain SELECT c FROM sbtest8 WHERE id BETWEEN 7770664 AND 7770673 ORDER BY c
	-> Sort: sbtest8.c  (cost=2.28 rows=10)
    -> Filter: (sbtest8.id between 7770664 and 7770673)  (cost=2.28 rows=10)
        -> Index range scan on sbtest8 using PRIMARY over (7770664 <= id <= 7770673)  (cost=2.28 rows=10)

for: order_ranges
table 1 : explain SELECT c FROM sbtest1 WHERE id BETWEEN 7642657 AND 7642666 ORDER BY c
	-> Sort: sbtest1.c  (cost=2.28 rows=10)
    -> Filter: (sbtest1.id between 7642657 and 7642666)  (cost=2.28 rows=10)
        -> Index range scan on sbtest1 using PRIMARY over (7642657 <= id <= 7642666)  (cost=2.28 rows=10)


table 2 : explain SELECT c FROM sbtest2 WHERE id BETWEEN 8395930 AND 8395939 ORDER BY c
	-> Sort: sbtest2.c  (cost=2.28 rows=10)
    -> Filter: (sbtest2.id between 8395930 and 8395939)  (cost=2.28 rows=10)
        -> Index range scan on sbtest2 using PRIMARY over (8395930 <= id <= 8395939)  (cost=2.28 rows=10)


table 3 : explain SELECT c FROM sbtest3 WHERE id BETWEEN 2223333 AND 2223342 ORDER BY c
	-> Sort: sbtest3.c  (cost=2.28 rows=10)
    -> Filter: (sbtest3.id between 2223333 and 2223342)  (cost=2.28 rows=10)
        -> Index range scan on sbtest3 using PRIMARY over (2223333 <= id <= 2223342)  (cost=2.28 rows=10)


table 4 : explain SELECT c FROM sbtest4 WHERE id BETWEEN 2992102 AND 2992111 ORDER BY c
	-> Sort: sbtest4.c  (cost=2.28 rows=10)
    -> Filter: (sbtest4.id between 2992102 and 2992111)  (cost=2.28 rows=10)
        -> Index range scan on sbtest4 using PRIMARY over (2992102 <= id <= 2992111)  (cost=2.28 rows=10)


table 5 : explain SELECT c FROM sbtest5 WHERE id BETWEEN 6323273 AND 6323282 ORDER BY c
	-> Sort: sbtest5.c  (cost=2.28 rows=10)
    -> Filter: (sbtest5.id between 6323273 and 6323282)  (cost=2.28 rows=10)
        -> Index range scan on sbtest5 using PRIMARY over (6323273 <= id <= 6323282)  (cost=2.28 rows=10)


table 6 : explain SELECT c FROM sbtest6 WHERE id BETWEEN 3839621 AND 3839630 ORDER BY c
	-> Sort: sbtest6.c  (cost=2.28 rows=10)
    -> Filter: (sbtest6.id between 3839621 and 3839630)  (cost=2.28 rows=10)
        -> Index range scan on sbtest6 using PRIMARY over (3839621 <= id <= 3839630)  (cost=2.28 rows=10)


table 7 : explain SELECT c FROM sbtest7 WHERE id BETWEEN 116368 AND 116377 ORDER BY c
	-> Sort: sbtest7.c  (cost=2.28 rows=10)
    -> Filter: (sbtest7.id between 116368 and 116377)  (cost=2.28 rows=10)
        -> Index range scan on sbtest7 using PRIMARY over (116368 <= id <= 116377)  (cost=2.28 rows=10)


table 8 : explain SELECT c FROM sbtest8 WHERE id BETWEEN 4993089 AND 4993098 ORDER BY c
	-> Sort: sbtest8.c  (cost=2.28 rows=10)
    -> Filter: (sbtest8.id between 4993089 and 4993098)  (cost=2.28 rows=10)
        -> Index range scan on sbtest8 using PRIMARY over (4993089 <= id <= 4993098)  (cost=2.28 rows=10)



for: order_ranges
table 1 : explain SELECT c FROM sbtest1 WHERE id BETWEEN 8505308 AND 8505317 ORDER BY c
	-> Sort: sbtest1.c  (cost=2.28 rows=10)
    -> Filter: (sbtest1.id between 8505308 and 8505317)  (cost=2.28 rows=10)
        -> Index range scan on sbtest1 using PRIMARY over (8505308 <= id <= 8505317)  (cost=2.28 rows=10)


table 2 : explain SELECT c FROM sbtest2 WHERE id BETWEEN 9128202 AND 9128211 ORDER BY c
	-> Sort: sbtest2.c  (cost=2.28 rows=10)
    -> Filter: (sbtest2.id between 9128202 and 9128211)  (cost=2.28 rows=10)
        -> Index range scan on sbtest2 using PRIMARY over (9128202 <= id <= 9128211)  (cost=2.28 rows=10)


table 3 : explain SELECT c FROM sbtest3 WHERE id BETWEEN 7378055 AND 7378064 ORDER BY c
	-> Sort: sbtest3.c  (cost=2.28 rows=10)
    -> Filter: (sbtest3.id between 7378055 and 7378064)  (cost=2.28 rows=10)
        -> Index range scan on sbtest3 using PRIMARY over (7378055 <= id <= 7378064)  (cost=2.28 rows=10)


table 4 : explain SELECT c FROM sbtest4 WHERE id BETWEEN 6653165 AND 6653174 ORDER BY c
	-> Sort: sbtest4.c  (cost=2.28 rows=10)
    -> Filter: (sbtest4.id between 6653165 and 6653174)  (cost=2.28 rows=10)
        -> Index range scan on sbtest4 using PRIMARY over (6653165 <= id <= 6653174)  (cost=2.28 rows=10)


table 5 : explain SELECT c FROM sbtest5 WHERE id BETWEEN 2539603 AND 2539612 ORDER BY c
	-> Sort: sbtest5.c  (cost=2.28 rows=10)
    -> Filter: (sbtest5.id between 2539603 and 2539612)  (cost=2.28 rows=10)
        -> Index range scan on sbtest5 using PRIMARY over (2539603 <= id <= 2539612)  (cost=2.28 rows=10)


table 6 : explain SELECT c FROM sbtest6 WHERE id BETWEEN 5843573 AND 5843582 ORDER BY c
	-> Sort: sbtest6.c  (cost=2.28 rows=10)
    -> Filter: (sbtest6.id between 5843573 and 5843582)  (cost=2.28 rows=10)
        -> Index range scan on sbtest6 using PRIMARY over (5843573 <= id <= 5843582)  (cost=2.28 rows=10)


table 7 : explain SELECT c FROM sbtest7 WHERE id BETWEEN 4043244 AND 4043253 ORDER BY c
	-> Sort: sbtest7.c  (cost=2.28 rows=10)
    -> Filter: (sbtest7.id between 4043244 and 4043253)  (cost=2.28 rows=10)
        -> Index range scan on sbtest7 using PRIMARY over (4043244 <= id <= 4043253)  (cost=2.28 rows=10)


table 8 : explain SELECT c FROM sbtest8 WHERE id BETWEEN 3398926 AND 3398935 ORDER BY c
	-> Sort: sbtest8.c  (cost=2.28 rows=10)
    -> Filter: (sbtest8.id between 3398926 and 3398935)  (cost=2.28 rows=10)
        -> Index range scan on sbtest8 using PRIMARY over (3398926 <= id <= 3398935)  (cost=2.28 rows=10)


for: sum_ranges
table 1 : explain SELECT SUM(k) FROM sbtest1 WHERE id BETWEEN 8731508 AND 8731517
	-> Aggregate: sum(sbtest1.k)  (cost=4.58 rows=1)
    -> Filter: (sbtest1.id between 8731508 and 8731517)  (cost=2.28 rows=10)
        -> Index range scan on sbtest1 using PRIMARY over (8731508 <= id <= 8731517)  (cost=2.28 rows=10)


table 2 : explain SELECT SUM(k) FROM sbtest2 WHERE id BETWEEN 8854063 AND 8854072
	-> Aggregate: sum(sbtest2.k)  (cost=4.58 rows=1)
    -> Filter: (sbtest2.id between 8854063 and 8854072)  (cost=2.28 rows=10)
        -> Index range scan on sbtest2 using PRIMARY over (8854063 <= id <= 8854072)  (cost=2.28 rows=10)


table 3 : explain SELECT SUM(k) FROM sbtest3 WHERE id BETWEEN 5575669 AND 5575678
	-> Aggregate: sum(sbtest3.k)  (cost=4.58 rows=1)
    -> Filter: (sbtest3.id between 5575669 and 5575678)  (cost=2.28 rows=10)
        -> Index range scan on sbtest3 using PRIMARY over (5575669 <= id <= 5575678)  (cost=2.28 rows=10)


table 4 : explain SELECT SUM(k) FROM sbtest4 WHERE id BETWEEN 277840 AND 277849
	-> Aggregate: sum(sbtest4.k)  (cost=4.58 rows=1)
    -> Filter: (sbtest4.id between 277840 and 277849)  (cost=2.28 rows=10)
        -> Index range scan on sbtest4 using PRIMARY over (277840 <= id <= 277849)  (cost=2.28 rows=10)


table 5 : explain SELECT SUM(k) FROM sbtest5 WHERE id BETWEEN 1968495 AND 1968504
	-> Aggregate: sum(sbtest5.k)  (cost=4.58 rows=1)
    -> Filter: (sbtest5.id between 1968495 and 1968504)  (cost=2.28 rows=10)
        -> Index range scan on sbtest5 using PRIMARY over (1968495 <= id <= 1968504)  (cost=2.28 rows=10)


table 6 : explain SELECT SUM(k) FROM sbtest6 WHERE id BETWEEN 1481328 AND 1481337
	-> Aggregate: sum(sbtest6.k)  (cost=4.58 rows=1)
    -> Filter: (sbtest6.id between 1481328 and 1481337)  (cost=2.28 rows=10)
        -> Index range scan on sbtest6 using PRIMARY over (1481328 <= id <= 1481337)  (cost=2.28 rows=10)


table 7 : explain SELECT SUM(k) FROM sbtest7 WHERE id BETWEEN 5256153 AND 5256162
	-> Aggregate: sum(sbtest7.k)  (cost=4.58 rows=1)
    -> Filter: (sbtest7.id between 5256153 and 5256162)  (cost=2.28 rows=10)
        -> Index range scan on sbtest7 using PRIMARY over (5256153 <= id <= 5256162)  (cost=2.28 rows=10)


table 8 : explain SELECT SUM(k) FROM sbtest8 WHERE id BETWEEN 9836652 AND 9836661
	-> Aggregate: sum(sbtest8.k)  (cost=4.58 rows=1)
    -> Filter: (sbtest8.id between 9836652 and 9836661)  (cost=2.28 rows=10)
        -> Index range scan on sbtest8 using PRIMARY over (9836652 <= id <= 9836661)  (cost=2.28 rows=10)


for: order_ranges
table 1 : explain SELECT c FROM sbtest1 WHERE id BETWEEN 1692862 AND 1692871 ORDER BY c
	-> Sort: sbtest1.c  (cost=2.28 rows=10)
    -> Filter: (sbtest1.id between 1692862 and 1692871)  (cost=2.28 rows=10)
        -> Index range scan on sbtest1 using PRIMARY over (1692862 <= id <= 1692871)  (cost=2.28 rows=10)


table 2 : explain SELECT c FROM sbtest2 WHERE id BETWEEN 5407735 AND 5407744 ORDER BY c
	-> Sort: sbtest2.c  (cost=2.28 rows=10)
    -> Filter: (sbtest2.id between 5407735 and 5407744)  (cost=2.28 rows=10)
        -> Index range scan on sbtest2 using PRIMARY over (5407735 <= id <= 5407744)  (cost=2.28 rows=10)


table 3 : explain SELECT c FROM sbtest3 WHERE id BETWEEN 9778921 AND 9778930 ORDER BY c
	-> Sort: sbtest3.c  (cost=2.28 rows=10)
    -> Filter: (sbtest3.id between 9778921 and 9778930)  (cost=2.28 rows=10)
        -> Index range scan on sbtest3 using PRIMARY over (9778921 <= id <= 9778930)  (cost=2.28 rows=10)


table 4 : explain SELECT c FROM sbtest4 WHERE id BETWEEN 9946311 AND 9946320 ORDER BY c
	-> Sort: sbtest4.c  (cost=2.28 rows=10)
    -> Filter: (sbtest4.id between 9946311 and 9946320)  (cost=2.28 rows=10)
        -> Index range scan on sbtest4 using PRIMARY over (9946311 <= id <= 9946320)  (cost=2.28 rows=10)


table 5 : explain SELECT c FROM sbtest5 WHERE id BETWEEN 609554 AND 609563 ORDER BY c
	-> Sort: sbtest5.c  (cost=2.28 rows=10)
    -> Filter: (sbtest5.id between 609554 and 609563)  (cost=2.28 rows=10)
        -> Index range scan on sbtest5 using PRIMARY over (609554 <= id <= 609563)  (cost=2.28 rows=10)


table 6 : explain SELECT c FROM sbtest6 WHERE id BETWEEN 9281471 AND 9281480 ORDER BY c
	-> Sort: sbtest6.c  (cost=2.28 rows=10)
    -> Filter: (sbtest6.id between 9281471 and 9281480)  (cost=2.28 rows=10)
        -> Index range scan on sbtest6 using PRIMARY over (9281471 <= id <= 9281480)  (cost=2.28 rows=10)


table 7 : explain SELECT c FROM sbtest7 WHERE id BETWEEN 1076451 AND 1076460 ORDER BY c
	-> Sort: sbtest7.c  (cost=2.28 rows=10)
    -> Filter: (sbtest7.id between 1076451 and 1076460)  (cost=2.28 rows=10)
        -> Index range scan on sbtest7 using PRIMARY over (1076451 <= id <= 1076460)  (cost=2.28 rows=10)


table 8 : explain SELECT c FROM sbtest8 WHERE id BETWEEN 2376373 AND 2376382 ORDER BY c
	-> Sort: sbtest8.c  (cost=2.28 rows=10)
    -> Filter: (sbtest8.id between 2376373 and 2376382)  (cost=2.28 rows=10)
        -> Index range scan on sbtest8 using PRIMARY over (2376373 <= id <= 2376382)  (cost=2.28 rows=10)


for: order_ranges
table 1 : explain SELECT c FROM sbtest1 WHERE id BETWEEN 9605789 AND 9605798 ORDER BY c
	-> Sort: sbtest1.c  (cost=2.28 rows=10)
    -> Filter: (sbtest1.id between 9605789 and 9605798)  (cost=2.28 rows=10)
        -> Index range scan on sbtest1 using PRIMARY over (9605789 <= id <= 9605798)  (cost=2.28 rows=10)


table 2 : explain SELECT c FROM sbtest2 WHERE id BETWEEN 1320217 AND 1320226 ORDER BY c
	-> Sort: sbtest2.c  (cost=2.28 rows=10)
    -> Filter: (sbtest2.id between 1320217 and 1320226)  (cost=2.28 rows=10)
        -> Index range scan on sbtest2 using PRIMARY over (1320217 <= id <= 1320226)  (cost=2.28 rows=10)


table 3 : explain SELECT c FROM sbtest3 WHERE id BETWEEN 3259937 AND 3259946 ORDER BY c
	-> Sort: sbtest3.c  (cost=2.28 rows=10)
    -> Filter: (sbtest3.id between 3259937 and 3259946)  (cost=2.28 rows=10)
        -> Index range scan on sbtest3 using PRIMARY over (3259937 <= id <= 3259946)  (cost=2.28 rows=10)


table 4 : explain SELECT c FROM sbtest4 WHERE id BETWEEN 880503 AND 880512 ORDER BY c
	-> Sort: sbtest4.c  (cost=2.28 rows=10)
    -> Filter: (sbtest4.id between 880503 and 880512)  (cost=2.28 rows=10)
        -> Index range scan on sbtest4 using PRIMARY over (880503 <= id <= 880512)  (cost=2.28 rows=10)


table 5 : explain SELECT c FROM sbtest5 WHERE id BETWEEN 9575383 AND 9575392 ORDER BY c
	-> Sort: sbtest5.c  (cost=2.28 rows=10)
    -> Filter: (sbtest5.id between 9575383 and 9575392)  (cost=2.28 rows=10)
        -> Index range scan on sbtest5 using PRIMARY over (9575383 <= id <= 9575392)  (cost=2.28 rows=10)


table 6 : explain SELECT c FROM sbtest6 WHERE id BETWEEN 5090964 AND 5090973 ORDER BY c
	-> Sort: sbtest6.c  (cost=2.28 rows=10)
    -> Filter: (sbtest6.id between 5090964 and 5090973)  (cost=2.28 rows=10)
        -> Index range scan on sbtest6 using PRIMARY over (5090964 <= id <= 5090973)  (cost=2.28 rows=10)


table 7 : explain SELECT c FROM sbtest7 WHERE id BETWEEN 9378819 AND 9378828 ORDER BY c
	-> Sort: sbtest7.c  (cost=2.28 rows=10)
    -> Filter: (sbtest7.id between 9378819 and 9378828)  (cost=2.28 rows=10)
        -> Index range scan on sbtest7 using PRIMARY over (9378819 <= id <= 9378828)  (cost=2.28 rows=10)


table 8 : explain SELECT c FROM sbtest8 WHERE id BETWEEN 3515963 AND 3515972 ORDER BY c
	-> Sort: sbtest8.c  (cost=2.28 rows=10)
    -> Filter: (sbtest8.id between 3515963 and 3515972)  (cost=2.28 rows=10)
        -> Index range scan on sbtest8 using PRIMARY over (3515963 <= id <= 3515972)  (cost=2.28 rows=10)


for: order_ranges
table 1 : explain SELECT c FROM sbtest1 WHERE id BETWEEN 3486379 AND 3486388 ORDER BY c
	-> Sort: sbtest1.c  (cost=2.28 rows=10)
    -> Filter: (sbtest1.id between 3486379 and 3486388)  (cost=2.28 rows=10)
        -> Index range scan on sbtest1 using PRIMARY over (3486379 <= id <= 3486388)  (cost=2.28 rows=10)


table 2 : explain SELECT c FROM sbtest2 WHERE id BETWEEN 935240 AND 935249 ORDER BY c
	-> Sort: sbtest2.c  (cost=2.28 rows=10)
    -> Filter: (sbtest2.id between 935240 and 935249)  (cost=2.28 rows=10)
        -> Index range scan on sbtest2 using PRIMARY over (935240 <= id <= 935249)  (cost=2.28 rows=10)


table 3 : explain SELECT c FROM sbtest3 WHERE id BETWEEN 5212698 AND 5212707 ORDER BY c
	-> Sort: sbtest3.c  (cost=2.28 rows=10)
    -> Filter: (sbtest3.id between 5212698 and 5212707)  (cost=2.28 rows=10)
        -> Index range scan on sbtest3 using PRIMARY over (5212698 <= id <= 5212707)  (cost=2.28 rows=10)


table 4 : explain SELECT c FROM sbtest4 WHERE id BETWEEN 4231142 AND 4231151 ORDER BY c
	-> Sort: sbtest4.c  (cost=2.28 rows=10)
    -> Filter: (sbtest4.id between 4231142 and 4231151)  (cost=2.28 rows=10)
        -> Index range scan on sbtest4 using PRIMARY over (4231142 <= id <= 4231151)  (cost=2.28 rows=10)


table 5 : explain SELECT c FROM sbtest5 WHERE id BETWEEN 9484168 AND 9484177 ORDER BY c
	-> Sort: sbtest5.c  (cost=2.28 rows=10)
    -> Filter: (sbtest5.id between 9484168 and 9484177)  (cost=2.28 rows=10)
        -> Index range scan on sbtest5 using PRIMARY over (9484168 <= id <= 9484177)  (cost=2.28 rows=10)


table 6 : explain SELECT c FROM sbtest6 WHERE id BETWEEN 8911634 AND 8911643 ORDER BY c
	-> Sort: sbtest6.c  (cost=2.28 rows=10)
    -> Filter: (sbtest6.id between 8911634 and 8911643)  (cost=2.28 rows=10)
        -> Index range scan on sbtest6 using PRIMARY over (8911634 <= id <= 8911643)  (cost=2.28 rows=10)


table 7 : explain SELECT c FROM sbtest7 WHERE id BETWEEN 1392657 AND 1392666 ORDER BY c
	-> Sort: sbtest7.c  (cost=2.28 rows=10)
    -> Filter: (sbtest7.id between 1392657 and 1392666)  (cost=2.28 rows=10)
        -> Index range scan on sbtest7 using PRIMARY over (1392657 <= id <= 1392666)  (cost=2.28 rows=10)


table 8 : explain SELECT c FROM sbtest8 WHERE id BETWEEN 5474219 AND 5474228 ORDER BY c
	-> Sort: sbtest8.c  (cost=2.28 rows=10)
    -> Filter: (sbtest8.id between 5474219 and 5474228)  (cost=2.28 rows=10)
        -> Index range scan on sbtest8 using PRIMARY over (5474219 <= id <= 5474228)  (cost=2.28 rows=10)


for: order_ranges
table 1 : explain SELECT c FROM sbtest1 WHERE id BETWEEN 218515 AND 218524 ORDER BY c
	-> Sort: sbtest1.c  (cost=2.28 rows=10)
    -> Filter: (sbtest1.id between 218515 and 218524)  (cost=2.28 rows=10)
        -> Index range scan on sbtest1 using PRIMARY over (218515 <= id <= 218524)  (cost=2.28 rows=10)


table 2 : explain SELECT c FROM sbtest2 WHERE id BETWEEN 1279259 AND 1279268 ORDER BY c
	-> Sort: sbtest2.c  (cost=2.28 rows=10)
    -> Filter: (sbtest2.id between 1279259 and 1279268)  (cost=2.28 rows=10)
        -> Index range scan on sbtest2 using PRIMARY over (1279259 <= id <= 1279268)  (cost=2.28 rows=10)


table 3 : explain SELECT c FROM sbtest3 WHERE id BETWEEN 947632 AND 947641 ORDER BY c
	-> Sort: sbtest3.c  (cost=2.28 rows=10)
    -> Filter: (sbtest3.id between 947632 and 947641)  (cost=2.28 rows=10)
        -> Index range scan on sbtest3 using PRIMARY over (947632 <= id <= 947641)  (cost=2.28 rows=10)


table 4 : explain SELECT c FROM sbtest4 WHERE id BETWEEN 9877309 AND 9877318 ORDER BY c
	-> Sort: sbtest4.c  (cost=2.28 rows=10)
    -> Filter: (sbtest4.id between 9877309 and 9877318)  (cost=2.28 rows=10)
        -> Index range scan on sbtest4 using PRIMARY over (9877309 <= id <= 9877318)  (cost=2.28 rows=10)


table 5 : explain SELECT c FROM sbtest5 WHERE id BETWEEN 5415603 AND 5415612 ORDER BY c
	-> Sort: sbtest5.c  (cost=2.28 rows=10)
    -> Filter: (sbtest5.id between 5415603 and 5415612)  (cost=2.28 rows=10)
        -> Index range scan on sbtest5 using PRIMARY over (5415603 <= id <= 5415612)  (cost=2.28 rows=10)


table 6 : explain SELECT c FROM sbtest6 WHERE id BETWEEN 9881529 AND 9881538 ORDER BY c
	-> Sort: sbtest6.c  (cost=2.28 rows=10)
    -> Filter: (sbtest6.id between 9881529 and 9881538)  (cost=2.28 rows=10)
        -> Index range scan on sbtest6 using PRIMARY over (9881529 <= id <= 9881538)  (cost=2.28 rows=10)


table 7 : explain SELECT c FROM sbtest7 WHERE id BETWEEN 3050639 AND 3050648 ORDER BY c
	-> Sort: sbtest7.c  (cost=2.28 rows=10)
    -> Filter: (sbtest7.id between 3050639 and 3050648)  (cost=2.28 rows=10)
        -> Index range scan on sbtest7 using PRIMARY over (3050639 <= id <= 3050648)  (cost=2.28 rows=10)


table 8 : explain SELECT c FROM sbtest8 WHERE id BETWEEN 9486880 AND 9486889 ORDER BY c
	-> Sort: sbtest8.c  (cost=2.28 rows=10)
    -> Filter: (sbtest8.id between 9486880 and 9486889)  (cost=2.28 rows=10)
        -> Index range scan on sbtest8 using PRIMARY over (9486880 <= id <= 9486889)  (cost=2.28 rows=10)


for: sum_ranges
table 1 : explain SELECT SUM(k) FROM sbtest1 WHERE id BETWEEN 8709262 AND 8709271
	-> Aggregate: sum(sbtest1.k)  (cost=4.58 rows=1)
    -> Filter: (sbtest1.id between 8709262 and 8709271)  (cost=2.28 rows=10)
        -> Index range scan on sbtest1 using PRIMARY over (8709262 <= id <= 8709271)  (cost=2.28 rows=10)


table 2 : explain SELECT SUM(k) FROM sbtest2 WHERE id BETWEEN 7953542 AND 7953551
	-> Aggregate: sum(sbtest2.k)  (cost=4.58 rows=1)
    -> Filter: (sbtest2.id between 7953542 and 7953551)  (cost=2.28 rows=10)
        -> Index range scan on sbtest2 using PRIMARY over (7953542 <= id <= 7953551)  (cost=2.28 rows=10)


table 3 : explain SELECT SUM(k) FROM sbtest3 WHERE id BETWEEN 3619554 AND 3619563
	-> Aggregate: sum(sbtest3.k)  (cost=4.58 rows=1)
    -> Filter: (sbtest3.id between 3619554 and 3619563)  (cost=2.28 rows=10)
        -> Index range scan on sbtest3 using PRIMARY over (3619554 <= id <= 3619563)  (cost=2.28 rows=10)


table 4 : explain SELECT SUM(k) FROM sbtest4 WHERE id BETWEEN 6170553 AND 6170562
	-> Aggregate: sum(sbtest4.k)  (cost=4.58 rows=1)
    -> Filter: (sbtest4.id between 6170553 and 6170562)  (cost=2.28 rows=10)
        -> Index range scan on sbtest4 using PRIMARY over (6170553 <= id <= 6170562)  (cost=2.28 rows=10)


table 5 : explain SELECT SUM(k) FROM sbtest5 WHERE id BETWEEN 678597 AND 678606
	-> Aggregate: sum(sbtest5.k)  (cost=4.58 rows=1)
    -> Filter: (sbtest5.id between 678597 and 678606)  (cost=2.28 rows=10)
        -> Index range scan on sbtest5 using PRIMARY over (678597 <= id <= 678606)  (cost=2.28 rows=10)


table 6 : explain SELECT SUM(k) FROM sbtest6 WHERE id BETWEEN 5520484 AND 5520493
	-> Aggregate: sum(sbtest6.k)  (cost=4.58 rows=1)
    -> Filter: (sbtest6.id between 5520484 and 5520493)  (cost=2.28 rows=10)
        -> Index range scan on sbtest6 using PRIMARY over (5520484 <= id <= 5520493)  (cost=2.28 rows=10)


table 7 : explain SELECT SUM(k) FROM sbtest7 WHERE id BETWEEN 81141 AND 81150
	-> Aggregate: sum(sbtest7.k)  (cost=4.58 rows=1)
    -> Filter: (sbtest7.id between 81141 and 81150)  (cost=2.28 rows=10)
        -> Index range scan on sbtest7 using PRIMARY over (81141 <= id <= 81150)  (cost=2.28 rows=10)


table 8 : explain SELECT SUM(k) FROM sbtest8 WHERE id BETWEEN 1977277 AND 1977286
	-> Aggregate: sum(sbtest8.k)  (cost=4.58 rows=1)
    -> Filter: (sbtest8.id between 1977277 and 1977286)  (cost=2.28 rows=10)
        -> Index range scan on sbtest8 using PRIMARY over (1977277 <= id <= 1977286)  (cost=2.28 rows=10)


for: order_ranges
table 1 : explain SELECT c FROM sbtest1 WHERE id BETWEEN 8072637 AND 8072646 ORDER BY c
	-> Sort: sbtest1.c  (cost=2.28 rows=10)
    -> Filter: (sbtest1.id between 8072637 and 8072646)  (cost=2.28 rows=10)
        -> Index range scan on sbtest1 using PRIMARY over (8072637 <= id <= 8072646)  (cost=2.28 rows=10)


table 2 : explain SELECT c FROM sbtest2 WHERE id BETWEEN 2582661 AND 2582670 ORDER BY c
	-> Sort: sbtest2.c  (cost=2.28 rows=10)
    -> Filter: (sbtest2.id between 2582661 and 2582670)  (cost=2.28 rows=10)
        -> Index range scan on sbtest2 using PRIMARY over (2582661 <= id <= 2582670)  (cost=2.28 rows=10)


table 3 : explain SELECT c FROM sbtest3 WHERE id BETWEEN 5783277 AND 5783286 ORDER BY c
	-> Sort: sbtest3.c  (cost=2.28 rows=10)
    -> Filter: (sbtest3.id between 5783277 and 5783286)  (cost=2.28 rows=10)
        -> Index range scan on sbtest3 using PRIMARY over (5783277 <= id <= 5783286)  (cost=2.28 rows=10)


table 4 : explain SELECT c FROM sbtest4 WHERE id BETWEEN 6509705 AND 6509714 ORDER BY c
	-> Sort: sbtest4.c  (cost=2.28 rows=10)
    -> Filter: (sbtest4.id between 6509705 and 6509714)  (cost=2.28 rows=10)
        -> Index range scan on sbtest4 using PRIMARY over (6509705 <= id <= 6509714)  (cost=2.28 rows=10)


table 5 : explain SELECT c FROM sbtest5 WHERE id BETWEEN 2730971 AND 2730980 ORDER BY c
	-> Sort: sbtest5.c  (cost=2.28 rows=10)
    -> Filter: (sbtest5.id between 2730971 and 2730980)  (cost=2.28 rows=10)
        -> Index range scan on sbtest5 using PRIMARY over (2730971 <= id <= 2730980)  (cost=2.28 rows=10)


table 6 : explain SELECT c FROM sbtest6 WHERE id BETWEEN 3933128 AND 3933137 ORDER BY c
	-> Sort: sbtest6.c  (cost=2.28 rows=10)
    -> Filter: (sbtest6.id between 3933128 and 3933137)  (cost=2.28 rows=10)
        -> Index range scan on sbtest6 using PRIMARY over (3933128 <= id <= 3933137)  (cost=2.28 rows=10)


table 7 : explain SELECT c FROM sbtest7 WHERE id BETWEEN 9989684 AND 9989693 ORDER BY c
	-> Sort: sbtest7.c  (cost=2.28 rows=10)
    -> Filter: (sbtest7.id between 9989684 and 9989693)  (cost=2.28 rows=10)
        -> Index range scan on sbtest7 using PRIMARY over (9989684 <= id <= 9989693)  (cost=2.28 rows=10)


table 8 : explain SELECT c FROM sbtest8 WHERE id BETWEEN 5218585 AND 5218594 ORDER BY c
	-> Sort: sbtest8.c  (cost=2.28 rows=10)
    -> Filter: (sbtest8.id between 5218585 and 5218594)  (cost=2.28 rows=10)
        -> Index range scan on sbtest8 using PRIMARY over (5218585 <= id <= 5218594)  (cost=2.28 rows=10)


for: order_ranges
table 1 : explain SELECT c FROM sbtest1 WHERE id BETWEEN 1734520 AND 1734529 ORDER BY c
	-> Sort: sbtest1.c  (cost=2.28 rows=10)
    -> Filter: (sbtest1.id between 1734520 and 1734529)  (cost=2.28 rows=10)
        -> Index range scan on sbtest1 using PRIMARY over (1734520 <= id <= 1734529)  (cost=2.28 rows=10)


table 2 : explain SELECT c FROM sbtest2 WHERE id BETWEEN 8164537 AND 8164546 ORDER BY c
	-> Sort: sbtest2.c  (cost=2.28 rows=10)
    -> Filter: (sbtest2.id between 8164537 and 8164546)  (cost=2.28 rows=10)
        -> Index range scan on sbtest2 using PRIMARY over (8164537 <= id <= 8164546)  (cost=2.28 rows=10)


table 3 : explain SELECT c FROM sbtest3 WHERE id BETWEEN 5011291 AND 5011300 ORDER BY c
	-> Sort: sbtest3.c  (cost=2.28 rows=10)
    -> Filter: (sbtest3.id between 5011291 and 5011300)  (cost=2.28 rows=10)
        -> Index range scan on sbtest3 using PRIMARY over (5011291 <= id <= 5011300)  (cost=2.28 rows=10)


table 4 : explain SELECT c FROM sbtest4 WHERE id BETWEEN 6232545 AND 6232554 ORDER BY c
	-> Sort: sbtest4.c  (cost=2.28 rows=10)
    -> Filter: (sbtest4.id between 6232545 and 6232554)  (cost=2.28 rows=10)
        -> Index range scan on sbtest4 using PRIMARY over (6232545 <= id <= 6232554)  (cost=2.28 rows=10)


table 5 : explain SELECT c FROM sbtest5 WHERE id BETWEEN 3934329 AND 3934338 ORDER BY c
	-> Sort: sbtest5.c  (cost=2.28 rows=10)
    -> Filter: (sbtest5.id between 3934329 and 3934338)  (cost=2.28 rows=10)
        -> Index range scan on sbtest5 using PRIMARY over (3934329 <= id <= 3934338)  (cost=2.28 rows=10)


table 6 : explain SELECT c FROM sbtest6 WHERE id BETWEEN 5924106 AND 5924115 ORDER BY c
	-> Sort: sbtest6.c  (cost=2.28 rows=10)
    -> Filter: (sbtest6.id between 5924106 and 5924115)  (cost=2.28 rows=10)
        -> Index range scan on sbtest6 using PRIMARY over (5924106 <= id <= 5924115)  (cost=2.28 rows=10)


table 7 : explain SELECT c FROM sbtest7 WHERE id BETWEEN 5176494 AND 5176503 ORDER BY c
	-> Sort: sbtest7.c  (cost=2.28 rows=10)
    -> Filter: (sbtest7.id between 5176494 and 5176503)  (cost=2.28 rows=10)
        -> Index range scan on sbtest7 using PRIMARY over (5176494 <= id <= 5176503)  (cost=2.28 rows=10)


table 8 : explain SELECT c FROM sbtest8 WHERE id BETWEEN 6450887 AND 6450896 ORDER BY c
	-> Sort: sbtest8.c  (cost=2.28 rows=10)
    -> Filter: (sbtest8.id between 6450887 and 6450896)  (cost=2.28 rows=10)
        -> Index range scan on sbtest8 using PRIMARY over (6450887 <= id <= 6450896)  (cost=2.28 rows=10)


for: order_ranges
table 1 : explain SELECT c FROM sbtest1 WHERE id BETWEEN 4223653 AND 4223662 ORDER BY c
	-> Sort: sbtest1.c  (cost=2.28 rows=10)
    -> Filter: (sbtest1.id between 4223653 and 4223662)  (cost=2.28 rows=10)
        -> Index range scan on sbtest1 using PRIMARY over (4223653 <= id <= 4223662)  (cost=2.28 rows=10)


table 2 : explain SELECT c FROM sbtest2 WHERE id BETWEEN 8065754 AND 8065763 ORDER BY c
	-> Sort: sbtest2.c  (cost=2.28 rows=10)
    -> Filter: (sbtest2.id between 8065754 and 8065763)  (cost=2.28 rows=10)
        -> Index range scan on sbtest2 using PRIMARY over (8065754 <= id <= 8065763)  (cost=2.28 rows=10)


table 3 : explain SELECT c FROM sbtest3 WHERE id BETWEEN 6845188 AND 6845197 ORDER BY c
	-> Sort: sbtest3.c  (cost=2.28 rows=10)
    -> Filter: (sbtest3.id between 6845188 and 6845197)  (cost=2.28 rows=10)
        -> Index range scan on sbtest3 using PRIMARY over (6845188 <= id <= 6845197)  (cost=2.28 rows=10)


table 4 : explain SELECT c FROM sbtest4 WHERE id BETWEEN 9232344 AND 9232353 ORDER BY c
	-> Sort: sbtest4.c  (cost=2.28 rows=10)
    -> Filter: (sbtest4.id between 9232344 and 9232353)  (cost=2.28 rows=10)
        -> Index range scan on sbtest4 using PRIMARY over (9232344 <= id <= 9232353)  (cost=2.28 rows=10)


table 5 : explain SELECT c FROM sbtest5 WHERE id BETWEEN 6867189 AND 6867198 ORDER BY c
	-> Sort: sbtest5.c  (cost=2.28 rows=10)
    -> Filter: (sbtest5.id between 6867189 and 6867198)  (cost=2.28 rows=10)
        -> Index range scan on sbtest5 using PRIMARY over (6867189 <= id <= 6867198)  (cost=2.28 rows=10)


table 6 : explain SELECT c FROM sbtest6 WHERE id BETWEEN 3820779 AND 3820788 ORDER BY c
	-> Sort: sbtest6.c  (cost=2.28 rows=10)
    -> Filter: (sbtest6.id between 3820779 and 3820788)  (cost=2.28 rows=10)
        -> Index range scan on sbtest6 using PRIMARY over (3820779 <= id <= 3820788)  (cost=2.28 rows=10)


table 7 : explain SELECT c FROM sbtest7 WHERE id BETWEEN 5494917 AND 5494926 ORDER BY c
	-> Sort: sbtest7.c  (cost=2.28 rows=10)
    -> Filter: (sbtest7.id between 5494917 and 5494926)  (cost=2.28 rows=10)
        -> Index range scan on sbtest7 using PRIMARY over (5494917 <= id <= 5494926)  (cost=2.28 rows=10)


table 8 : explain SELECT c FROM sbtest8 WHERE id BETWEEN 666685 AND 666694 ORDER BY c
	-> Sort: sbtest8.c  (cost=2.28 rows=10)
    -> Filter: (sbtest8.id between 666685 and 666694)  (cost=2.28 rows=10)
        -> Index range scan on sbtest8 using PRIMARY over (666685 <= id <= 666694)  (cost=2.28 rows=10)


for: sum_ranges
table 1 : explain SELECT SUM(k) FROM sbtest1 WHERE id BETWEEN 1375784 AND 1375793
	-> Aggregate: sum(sbtest1.k)  (cost=4.58 rows=1)
    -> Filter: (sbtest1.id between 1375784 and 1375793)  (cost=2.28 rows=10)
        -> Index range scan on sbtest1 using PRIMARY over (1375784 <= id <= 1375793)  (cost=2.28 rows=10)


table 2 : explain SELECT SUM(k) FROM sbtest2 WHERE id BETWEEN 1141480 AND 1141489
	-> Aggregate: sum(sbtest2.k)  (cost=4.58 rows=1)
    -> Filter: (sbtest2.id between 1141480 and 1141489)  (cost=2.28 rows=10)
        -> Index range scan on sbtest2 using PRIMARY over (1141480 <= id <= 1141489)  (cost=2.28 rows=10)


table 3 : explain SELECT SUM(k) FROM sbtest3 WHERE id BETWEEN 7703299 AND 7703308
	-> Aggregate: sum(sbtest3.k)  (cost=4.58 rows=1)
    -> Filter: (sbtest3.id between 7703299 and 7703308)  (cost=2.28 rows=10)
        -> Index range scan on sbtest3 using PRIMARY over (7703299 <= id <= 7703308)  (cost=2.28 rows=10)


table 4 : explain SELECT SUM(k) FROM sbtest4 WHERE id BETWEEN 3845633 AND 3845642
	-> Aggregate: sum(sbtest4.k)  (cost=4.58 rows=1)
    -> Filter: (sbtest4.id between 3845633 and 3845642)  (cost=2.28 rows=10)
        -> Index range scan on sbtest4 using PRIMARY over (3845633 <= id <= 3845642)  (cost=2.28 rows=10)


table 5 : explain SELECT SUM(k) FROM sbtest5 WHERE id BETWEEN 3779872 AND 3779881
	-> Aggregate: sum(sbtest5.k)  (cost=4.58 rows=1)
    -> Filter: (sbtest5.id between 3779872 and 3779881)  (cost=2.28 rows=10)
        -> Index range scan on sbtest5 using PRIMARY over (3779872 <= id <= 3779881)  (cost=2.28 rows=10)


table 6 : explain SELECT SUM(k) FROM sbtest6 WHERE id BETWEEN 1530852 AND 1530861
	-> Aggregate: sum(sbtest6.k)  (cost=4.58 rows=1)
    -> Filter: (sbtest6.id between 1530852 and 1530861)  (cost=2.28 rows=10)
        -> Index range scan on sbtest6 using PRIMARY over (1530852 <= id <= 1530861)  (cost=2.28 rows=10)


table 7 : explain SELECT SUM(k) FROM sbtest7 WHERE id BETWEEN 2521920 AND 2521929
	-> Aggregate: sum(sbtest7.k)  (cost=4.58 rows=1)
    -> Filter: (sbtest7.id between 2521920 and 2521929)  (cost=2.28 rows=10)
        -> Index range scan on sbtest7 using PRIMARY over (2521920 <= id <= 2521929)  (cost=2.28 rows=10)


table 8 : explain SELECT SUM(k) FROM sbtest8 WHERE id BETWEEN 677669 AND 677678
	-> Aggregate: sum(sbtest8.k)  (cost=4.58 rows=1)
    -> Filter: (sbtest8.id between 677669 and 677678)  (cost=2.28 rows=10)
        -> Index range scan on sbtest8 using PRIMARY over (677669 <= id <= 677678)  (cost=2.28 rows=10)


for: sum_ranges
table 1 : explain SELECT SUM(k) FROM sbtest1 WHERE id BETWEEN 7100606 AND 7100615
	-> Aggregate: sum(sbtest1.k)  (cost=4.58 rows=1)
    -> Filter: (sbtest1.id between 7100606 and 7100615)  (cost=2.28 rows=10)
        -> Index range scan on sbtest1 using PRIMARY over (7100606 <= id <= 7100615)  (cost=2.28 rows=10)


table 2 : explain SELECT SUM(k) FROM sbtest2 WHERE id BETWEEN 2195613 AND 2195622
	-> Aggregate: sum(sbtest2.k)  (cost=4.58 rows=1)
    -> Filter: (sbtest2.id between 2195613 and 2195622)  (cost=2.28 rows=10)
        -> Index range scan on sbtest2 using PRIMARY over (2195613 <= id <= 2195622)  (cost=2.28 rows=10)


table 3 : explain SELECT SUM(k) FROM sbtest3 WHERE id BETWEEN 2870588 AND 2870597
	-> Aggregate: sum(sbtest3.k)  (cost=4.58 rows=1)
    -> Filter: (sbtest3.id between 2870588 and 2870597)  (cost=2.28 rows=10)
        -> Index range scan on sbtest3 using PRIMARY over (2870588 <= id <= 2870597)  (cost=2.28 rows=10)


table 4 : explain SELECT SUM(k) FROM sbtest4 WHERE id BETWEEN 1062480 AND 1062489
	-> Aggregate: sum(sbtest4.k)  (cost=4.58 rows=1)
    -> Filter: (sbtest4.id between 1062480 and 1062489)  (cost=2.28 rows=10)
        -> Index range scan on sbtest4 using PRIMARY over (1062480 <= id <= 1062489)  (cost=2.28 rows=10)


table 5 : explain SELECT SUM(k) FROM sbtest5 WHERE id BETWEEN 7052632 AND 7052641
	-> Aggregate: sum(sbtest5.k)  (cost=4.58 rows=1)
    -> Filter: (sbtest5.id between 7052632 and 7052641)  (cost=2.28 rows=10)
        -> Index range scan on sbtest5 using PRIMARY over (7052632 <= id <= 7052641)  (cost=2.28 rows=10)


table 6 : explain SELECT SUM(k) FROM sbtest6 WHERE id BETWEEN 8893373 AND 8893382
	-> Aggregate: sum(sbtest6.k)  (cost=4.58 rows=1)
    -> Filter: (sbtest6.id between 8893373 and 8893382)  (cost=2.28 rows=10)
        -> Index range scan on sbtest6 using PRIMARY over (8893373 <= id <= 8893382)  (cost=2.28 rows=10)


table 7 : explain SELECT SUM(k) FROM sbtest7 WHERE id BETWEEN 9615908 AND 9615917
	-> Aggregate: sum(sbtest7.k)  (cost=4.58 rows=1)
    -> Filter: (sbtest7.id between 9615908 and 9615917)  (cost=2.28 rows=10)
        -> Index range scan on sbtest7 using PRIMARY over (9615908 <= id <= 9615917)  (cost=2.28 rows=10)


table 8 : explain SELECT SUM(k) FROM sbtest8 WHERE id BETWEEN 6153971 AND 6153980
	-> Aggregate: sum(sbtest8.k)  (cost=4.58 rows=1)
    -> Filter: (sbtest8.id between 6153971 and 6153980)  (cost=2.28 rows=10)
        -> Index range scan on sbtest8 using PRIMARY over (6153971 <= id <= 6153980)  (cost=2.28 rows=10)


for: order_ranges
table 1 : explain SELECT c FROM sbtest1 WHERE id BETWEEN 6365209 AND 6365218 ORDER BY c
	-> Sort: sbtest1.c  (cost=2.28 rows=10)
    -> Filter: (sbtest1.id between 6365209 and 6365218)  (cost=2.28 rows=10)
        -> Index range scan on sbtest1 using PRIMARY over (6365209 <= id <= 6365218)  (cost=2.28 rows=10)


table 2 : explain SELECT c FROM sbtest2 WHERE id BETWEEN 4764717 AND 4764726 ORDER BY c
	-> Sort: sbtest2.c  (cost=2.28 rows=10)
    -> Filter: (sbtest2.id between 4764717 and 4764726)  (cost=2.28 rows=10)
        -> Index range scan on sbtest2 using PRIMARY over (4764717 <= id <= 4764726)  (cost=2.28 rows=10)


table 3 : explain SELECT c FROM sbtest3 WHERE id BETWEEN 3506191 AND 3506200 ORDER BY c
	-> Sort: sbtest3.c  (cost=2.28 rows=10)
    -> Filter: (sbtest3.id between 3506191 and 3506200)  (cost=2.28 rows=10)
        -> Index range scan on sbtest3 using PRIMARY over (3506191 <= id <= 3506200)  (cost=2.28 rows=10)


table 4 : explain SELECT c FROM sbtest4 WHERE id BETWEEN 2014865 AND 2014874 ORDER BY c
	-> Sort: sbtest4.c  (cost=2.28 rows=10)
    -> Filter: (sbtest4.id between 2014865 and 2014874)  (cost=2.28 rows=10)
        -> Index range scan on sbtest4 using PRIMARY over (2014865 <= id <= 2014874)  (cost=2.28 rows=10)


table 5 : explain SELECT c FROM sbtest5 WHERE id BETWEEN 2478093 AND 2478102 ORDER BY c
	-> Sort: sbtest5.c  (cost=2.28 rows=10)
    -> Filter: (sbtest5.id between 2478093 and 2478102)  (cost=2.28 rows=10)
        -> Index range scan on sbtest5 using PRIMARY over (2478093 <= id <= 2478102)  (cost=2.28 rows=10)


table 6 : explain SELECT c FROM sbtest6 WHERE id BETWEEN 4220977 AND 4220986 ORDER BY c
	-> Sort: sbtest6.c  (cost=2.28 rows=10)
    -> Filter: (sbtest6.id between 4220977 and 4220986)  (cost=2.28 rows=10)
        -> Index range scan on sbtest6 using PRIMARY over (4220977 <= id <= 4220986)  (cost=2.28 rows=10)


table 7 : explain SELECT c FROM sbtest7 WHERE id BETWEEN 3802980 AND 3802989 ORDER BY c
	-> Sort: sbtest7.c  (cost=2.28 rows=10)
    -> Filter: (sbtest7.id between 3802980 and 3802989)  (cost=2.28 rows=10)
        -> Index range scan on sbtest7 using PRIMARY over (3802980 <= id <= 3802989)  (cost=2.28 rows=10)


table 8 : explain SELECT c FROM sbtest8 WHERE id BETWEEN 3297912 AND 3297921 ORDER BY c
	-> Sort: sbtest8.c  (cost=2.28 rows=10)
    -> Filter: (sbtest8.id between 3297912 and 3297921)  (cost=2.28 rows=10)
        -> Index range scan on sbtest8 using PRIMARY over (3297912 <= id <= 3297921)  (cost=2.28 rows=10)


for: order_ranges
table 1 : explain SELECT c FROM sbtest1 WHERE id BETWEEN 6779276 AND 6779285 ORDER BY c
	-> Sort: sbtest1.c  (cost=2.28 rows=10)
    -> Filter: (sbtest1.id between 6779276 and 6779285)  (cost=2.28 rows=10)
        -> Index range scan on sbtest1 using PRIMARY over (6779276 <= id <= 6779285)  (cost=2.28 rows=10)


table 2 : explain SELECT c FROM sbtest2 WHERE id BETWEEN 6758172 AND 6758181 ORDER BY c
	-> Sort: sbtest2.c  (cost=2.28 rows=10)
    -> Filter: (sbtest2.id between 6758172 and 6758181)  (cost=2.28 rows=10)
        -> Index range scan on sbtest2 using PRIMARY over (6758172 <= id <= 6758181)  (cost=2.28 rows=10)


table 3 : explain SELECT c FROM sbtest3 WHERE id BETWEEN 8033463 AND 8033472 ORDER BY c
	-> Sort: sbtest3.c  (cost=2.28 rows=10)
    -> Filter: (sbtest3.id between 8033463 and 8033472)  (cost=2.28 rows=10)
        -> Index range scan on sbtest3 using PRIMARY over (8033463 <= id <= 8033472)  (cost=2.28 rows=10)


table 4 : explain SELECT c FROM sbtest4 WHERE id BETWEEN 1838388 AND 1838397 ORDER BY c
	-> Sort: sbtest4.c  (cost=2.28 rows=10)
    -> Filter: (sbtest4.id between 1838388 and 1838397)  (cost=2.28 rows=10)
        -> Index range scan on sbtest4 using PRIMARY over (1838388 <= id <= 1838397)  (cost=2.28 rows=10)


table 5 : explain SELECT c FROM sbtest5 WHERE id BETWEEN 9403209 AND 9403218 ORDER BY c
	-> Sort: sbtest5.c  (cost=2.28 rows=10)
    -> Filter: (sbtest5.id between 9403209 and 9403218)  (cost=2.28 rows=10)
        -> Index range scan on sbtest5 using PRIMARY over (9403209 <= id <= 9403218)  (cost=2.28 rows=10)


table 6 : explain SELECT c FROM sbtest6 WHERE id BETWEEN 894723 AND 894732 ORDER BY c
	-> Sort: sbtest6.c  (cost=2.28 rows=10)
    -> Filter: (sbtest6.id between 894723 and 894732)  (cost=2.28 rows=10)
        -> Index range scan on sbtest6 using PRIMARY over (894723 <= id <= 894732)  (cost=2.28 rows=10)


table 7 : explain SELECT c FROM sbtest7 WHERE id BETWEEN 4815362 AND 4815371 ORDER BY c
	-> Sort: sbtest7.c  (cost=2.28 rows=10)
    -> Filter: (sbtest7.id between 4815362 and 4815371)  (cost=2.28 rows=10)
        -> Index range scan on sbtest7 using PRIMARY over (4815362 <= id <= 4815371)  (cost=2.28 rows=10)


table 8 : explain SELECT c FROM sbtest8 WHERE id BETWEEN 3287444 AND 3287453 ORDER BY c
	-> Sort: sbtest8.c  (cost=2.28 rows=10)
    -> Filter: (sbtest8.id between 3287444 and 3287453)  (cost=2.28 rows=10)
        -> Index range scan on sbtest8 using PRIMARY over (3287444 <= id <= 3287453)  (cost=2.28 rows=10)


for: order_ranges
table 1 : explain SELECT c FROM sbtest1 WHERE id BETWEEN 5231142 AND 5231151 ORDER BY c
	-> Sort: sbtest1.c  (cost=2.28 rows=10)
    -> Filter: (sbtest1.id between 5231142 and 5231151)  (cost=2.28 rows=10)
        -> Index range scan on sbtest1 using PRIMARY over (5231142 <= id <= 5231151)  (cost=2.28 rows=10)


table 2 : explain SELECT c FROM sbtest2 WHERE id BETWEEN 6948677 AND 6948686 ORDER BY c
	-> Sort: sbtest2.c  (cost=2.28 rows=10)
    -> Filter: (sbtest2.id between 6948677 and 6948686)  (cost=2.28 rows=10)
        -> Index range scan on sbtest2 using PRIMARY over (6948677 <= id <= 6948686)  (cost=2.28 rows=10)


table 3 : explain SELECT c FROM sbtest3 WHERE id BETWEEN 8757241 AND 8757250 ORDER BY c
	-> Sort: sbtest3.c  (cost=2.28 rows=10)
    -> Filter: (sbtest3.id between 8757241 and 8757250)  (cost=2.28 rows=10)
        -> Index range scan on sbtest3 using PRIMARY over (8757241 <= id <= 8757250)  (cost=2.28 rows=10)


table 4 : explain SELECT c FROM sbtest4 WHERE id BETWEEN 7920324 AND 7920333 ORDER BY c
	-> Sort: sbtest4.c  (cost=2.28 rows=10)
    -> Filter: (sbtest4.id between 7920324 and 7920333)  (cost=2.28 rows=10)
        -> Index range scan on sbtest4 using PRIMARY over (7920324 <= id <= 7920333)  (cost=2.28 rows=10)


table 5 : explain SELECT c FROM sbtest5 WHERE id BETWEEN 6811219 AND 6811228 ORDER BY c
	-> Sort: sbtest5.c  (cost=2.28 rows=10)
    -> Filter: (sbtest5.id between 6811219 and 6811228)  (cost=2.28 rows=10)
        -> Index range scan on sbtest5 using PRIMARY over (6811219 <= id <= 6811228)  (cost=2.28 rows=10)


table 6 : explain SELECT c FROM sbtest6 WHERE id BETWEEN 386075 AND 386084 ORDER BY c
	-> Sort: sbtest6.c  (cost=2.28 rows=10)
    -> Filter: (sbtest6.id between 386075 and 386084)  (cost=2.28 rows=10)
        -> Index range scan on sbtest6 using PRIMARY over (386075 <= id <= 386084)  (cost=2.28 rows=10)


table 7 : explain SELECT c FROM sbtest7 WHERE id BETWEEN 1612928 AND 1612937 ORDER BY c
	-> Sort: sbtest7.c  (cost=2.28 rows=10)
    -> Filter: (sbtest7.id between 1612928 and 1612937)  (cost=2.28 rows=10)
        -> Index range scan on sbtest7 using PRIMARY over (1612928 <= id <= 1612937)  (cost=2.28 rows=10)


table 8 : explain SELECT c FROM sbtest8 WHERE id BETWEEN 6601753 AND 6601762 ORDER BY c
	-> Sort: sbtest8.c  (cost=2.28 rows=10)
    -> Filter: (sbtest8.id between 6601753 and 6601762)  (cost=2.28 rows=10)
        -> Index range scan on sbtest8 using PRIMARY over (6601753 <= id <= 6601762)  (cost=2.28 rows=10)


for: order_ranges
table 1 : explain SELECT c FROM sbtest1 WHERE id BETWEEN 1635280 AND 1635289 ORDER BY c
	-> Sort: sbtest1.c  (cost=2.28 rows=10)
    -> Filter: (sbtest1.id between 1635280 and 1635289)  (cost=2.28 rows=10)
        -> Index range scan on sbtest1 using PRIMARY over (1635280 <= id <= 1635289)  (cost=2.28 rows=10)


table 2 : explain SELECT c FROM sbtest2 WHERE id BETWEEN 7631202 AND 7631211 ORDER BY c
	-> Sort: sbtest2.c  (cost=2.28 rows=10)
    -> Filter: (sbtest2.id between 7631202 and 7631211)  (cost=2.28 rows=10)
        -> Index range scan on sbtest2 using PRIMARY over (7631202 <= id <= 7631211)  (cost=2.28 rows=10)


table 3 : explain SELECT c FROM sbtest3 WHERE id BETWEEN 7288264 AND 7288273 ORDER BY c
	-> Sort: sbtest3.c  (cost=2.28 rows=10)
    -> Filter: (sbtest3.id between 7288264 and 7288273)  (cost=2.28 rows=10)
        -> Index range scan on sbtest3 using PRIMARY over (7288264 <= id <= 7288273)  (cost=2.28 rows=10)


table 4 : explain SELECT c FROM sbtest4 WHERE id BETWEEN 8552166 AND 8552175 ORDER BY c
	-> Sort: sbtest4.c  (cost=2.28 rows=10)
    -> Filter: (sbtest4.id between 8552166 and 8552175)  (cost=2.28 rows=10)
        -> Index range scan on sbtest4 using PRIMARY over (8552166 <= id <= 8552175)  (cost=2.28 rows=10)


table 5 : explain SELECT c FROM sbtest5 WHERE id BETWEEN 488551 AND 488560 ORDER BY c
	-> Sort: sbtest5.c  (cost=2.28 rows=10)
    -> Filter: (sbtest5.id between 488551 and 488560)  (cost=2.28 rows=10)
        -> Index range scan on sbtest5 using PRIMARY over (488551 <= id <= 488560)  (cost=2.28 rows=10)


table 6 : explain SELECT c FROM sbtest6 WHERE id BETWEEN 3104548 AND 3104557 ORDER BY c
	-> Sort: sbtest6.c  (cost=2.28 rows=10)
    -> Filter: (sbtest6.id between 3104548 and 3104557)  (cost=2.28 rows=10)
        -> Index range scan on sbtest6 using PRIMARY over (3104548 <= id <= 3104557)  (cost=2.28 rows=10)


table 7 : explain SELECT c FROM sbtest7 WHERE id BETWEEN 3698568 AND 3698577 ORDER BY c
	-> Sort: sbtest7.c  (cost=2.28 rows=10)
    -> Filter: (sbtest7.id between 3698568 and 3698577)  (cost=2.28 rows=10)
        -> Index range scan on sbtest7 using PRIMARY over (3698568 <= id <= 3698577)  (cost=2.28 rows=10)


table 8 : explain SELECT c FROM sbtest8 WHERE id BETWEEN 3156271 AND 3156280 ORDER BY c
	-> Sort: sbtest8.c  (cost=2.28 rows=10)
    -> Filter: (sbtest8.id between 3156271 and 3156280)  (cost=2.28 rows=10)
        -> Index range scan on sbtest8 using PRIMARY over (3156271 <= id <= 3156280)  (cost=2.28 rows=10)


for: order_ranges
table 1 : explain SELECT c FROM sbtest1 WHERE id BETWEEN 6229675 AND 6229684 ORDER BY c
	-> Sort: sbtest1.c  (cost=2.28 rows=10)
    -> Filter: (sbtest1.id between 6229675 and 6229684)  (cost=2.28 rows=10)
        -> Index range scan on sbtest1 using PRIMARY over (6229675 <= id <= 6229684)  (cost=2.28 rows=10)


table 2 : explain SELECT c FROM sbtest2 WHERE id BETWEEN 2414915 AND 2414924 ORDER BY c
	-> Sort: sbtest2.c  (cost=2.28 rows=10)
    -> Filter: (sbtest2.id between 2414915 and 2414924)  (cost=2.28 rows=10)
        -> Index range scan on sbtest2 using PRIMARY over (2414915 <= id <= 2414924)  (cost=2.28 rows=10)


table 3 : explain SELECT c FROM sbtest3 WHERE id BETWEEN 7935592 AND 7935601 ORDER BY c
	-> Sort: sbtest3.c  (cost=2.28 rows=10)
    -> Filter: (sbtest3.id between 7935592 and 7935601)  (cost=2.28 rows=10)
        -> Index range scan on sbtest3 using PRIMARY over (7935592 <= id <= 7935601)  (cost=2.28 rows=10)


table 4 : explain SELECT c FROM sbtest4 WHERE id BETWEEN 5007049 AND 5007058 ORDER BY c
	-> Sort: sbtest4.c  (cost=2.28 rows=10)
    -> Filter: (sbtest4.id between 5007049 and 5007058)  (cost=2.28 rows=10)
        -> Index range scan on sbtest4 using PRIMARY over (5007049 <= id <= 5007058)  (cost=2.28 rows=10)


table 5 : explain SELECT c FROM sbtest5 WHERE id BETWEEN 7663821 AND 7663830 ORDER BY c
	-> Sort: sbtest5.c  (cost=2.28 rows=10)
    -> Filter: (sbtest5.id between 7663821 and 7663830)  (cost=2.28 rows=10)
        -> Index range scan on sbtest5 using PRIMARY over (7663821 <= id <= 7663830)  (cost=2.28 rows=10)


table 6 : explain SELECT c FROM sbtest6 WHERE id BETWEEN 3331490 AND 3331499 ORDER BY c
	-> Sort: sbtest6.c  (cost=2.28 rows=10)
    -> Filter: (sbtest6.id between 3331490 and 3331499)  (cost=2.28 rows=10)
        -> Index range scan on sbtest6 using PRIMARY over (3331490 <= id <= 3331499)  (cost=2.28 rows=10)


table 7 : explain SELECT c FROM sbtest7 WHERE id BETWEEN 7744006 AND 7744015 ORDER BY c
	-> Sort: sbtest7.c  (cost=2.28 rows=10)
    -> Filter: (sbtest7.id between 7744006 and 7744015)  (cost=2.28 rows=10)
        -> Index range scan on sbtest7 using PRIMARY over (7744006 <= id <= 7744015)  (cost=2.28 rows=10)


table 8 : explain SELECT c FROM sbtest8 WHERE id BETWEEN 3573087 AND 3573096 ORDER BY c
	-> Sort: sbtest8.c  (cost=2.28 rows=10)
    -> Filter: (sbtest8.id between 3573087 and 3573096)  (cost=2.28 rows=10)
        -> Index range scan on sbtest8 using PRIMARY over (3573087 <= id <= 3573096)  (cost=2.28 rows=10)


for: sum_ranges
table 1 : explain SELECT SUM(k) FROM sbtest1 WHERE id BETWEEN 8092760 AND 8092769
	-> Aggregate: sum(sbtest1.k)  (cost=4.58 rows=1)
    -> Filter: (sbtest1.id between 8092760 and 8092769)  (cost=2.28 rows=10)
        -> Index range scan on sbtest1 using PRIMARY over (8092760 <= id <= 8092769)  (cost=2.28 rows=10)


table 2 : explain SELECT SUM(k) FROM sbtest2 WHERE id BETWEEN 2687009 AND 2687018
	-> Aggregate: sum(sbtest2.k)  (cost=4.58 rows=1)
    -> Filter: (sbtest2.id between 2687009 and 2687018)  (cost=2.28 rows=10)
        -> Index range scan on sbtest2 using PRIMARY over (2687009 <= id <= 2687018)  (cost=2.28 rows=10)


table 3 : explain SELECT SUM(k) FROM sbtest3 WHERE id BETWEEN 7532190 AND 7532199
	-> Aggregate: sum(sbtest3.k)  (cost=4.58 rows=1)
    -> Filter: (sbtest3.id between 7532190 and 7532199)  (cost=2.28 rows=10)
        -> Index range scan on sbtest3 using PRIMARY over (7532190 <= id <= 7532199)  (cost=2.28 rows=10)


table 4 : explain SELECT SUM(k) FROM sbtest4 WHERE id BETWEEN 4128966 AND 4128975
	-> Aggregate: sum(sbtest4.k)  (cost=4.58 rows=1)
    -> Filter: (sbtest4.id between 4128966 and 4128975)  (cost=2.28 rows=10)
        -> Index range scan on sbtest4 using PRIMARY over (4128966 <= id <= 4128975)  (cost=2.28 rows=10)


table 5 : explain SELECT SUM(k) FROM sbtest5 WHERE id BETWEEN 81132 AND 81141
	-> Aggregate: sum(sbtest5.k)  (cost=4.58 rows=1)
    -> Filter: (sbtest5.id between 81132 and 81141)  (cost=2.28 rows=10)
        -> Index range scan on sbtest5 using PRIMARY over (81132 <= id <= 81141)  (cost=2.28 rows=10)


table 6 : explain SELECT SUM(k) FROM sbtest6 WHERE id BETWEEN 4004772 AND 4004781
	-> Aggregate: sum(sbtest6.k)  (cost=4.58 rows=1)
    -> Filter: (sbtest6.id between 4004772 and 4004781)  (cost=2.28 rows=10)
        -> Index range scan on sbtest6 using PRIMARY over (4004772 <= id <= 4004781)  (cost=2.28 rows=10)


table 7 : explain SELECT SUM(k) FROM sbtest7 WHERE id BETWEEN 5005675 AND 5005684
	-> Aggregate: sum(sbtest7.k)  (cost=4.58 rows=1)
    -> Filter: (sbtest7.id between 5005675 and 5005684)  (cost=2.28 rows=10)
        -> Index range scan on sbtest7 using PRIMARY over (5005675 <= id <= 5005684)  (cost=2.28 rows=10)


table 8 : explain SELECT SUM(k) FROM sbtest8 WHERE id BETWEEN 8608564 AND 8608573
	-> Aggregate: sum(sbtest8.k)  (cost=4.58 rows=1)
    -> Filter: (sbtest8.id between 8608564 and 8608573)  (cost=2.28 rows=10)
        -> Index range scan on sbtest8 using PRIMARY over (8608564 <= id <= 8608573)  (cost=2.28 rows=10)


for: sum_ranges
table 1 : explain SELECT SUM(k) FROM sbtest1 WHERE id BETWEEN 7811500 AND 7811509
	-> Aggregate: sum(sbtest1.k)  (cost=4.58 rows=1)
    -> Filter: (sbtest1.id between 7811500 and 7811509)  (cost=2.28 rows=10)
        -> Index range scan on sbtest1 using PRIMARY over (7811500 <= id <= 7811509)  (cost=2.28 rows=10)


table 2 : explain SELECT SUM(k) FROM sbtest2 WHERE id BETWEEN 3501824 AND 3501833
	-> Aggregate: sum(sbtest2.k)  (cost=4.58 rows=1)
    -> Filter: (sbtest2.id between 3501824 and 3501833)  (cost=2.28 rows=10)
        -> Index range scan on sbtest2 using PRIMARY over (3501824 <= id <= 3501833)  (cost=2.28 rows=10)


table 3 : explain SELECT SUM(k) FROM sbtest3 WHERE id BETWEEN 5632911 AND 5632920
	-> Aggregate: sum(sbtest3.k)  (cost=4.58 rows=1)
    -> Filter: (sbtest3.id between 5632911 and 5632920)  (cost=2.28 rows=10)
        -> Index range scan on sbtest3 using PRIMARY over (5632911 <= id <= 5632920)  (cost=2.28 rows=10)


table 4 : explain SELECT SUM(k) FROM sbtest4 WHERE id BETWEEN 2583681 AND 2583690
	-> Aggregate: sum(sbtest4.k)  (cost=4.58 rows=1)
    -> Filter: (sbtest4.id between 2583681 and 2583690)  (cost=2.28 rows=10)
        -> Index range scan on sbtest4 using PRIMARY over (2583681 <= id <= 2583690)  (cost=2.28 rows=10)


table 5 : explain SELECT SUM(k) FROM sbtest5 WHERE id BETWEEN 1798553 AND 1798562
	-> Aggregate: sum(sbtest5.k)  (cost=4.58 rows=1)
    -> Filter: (sbtest5.id between 1798553 and 1798562)  (cost=2.28 rows=10)
        -> Index range scan on sbtest5 using PRIMARY over (1798553 <= id <= 1798562)  (cost=2.28 rows=10)


table 6 : explain SELECT SUM(k) FROM sbtest6 WHERE id BETWEEN 6493718 AND 6493727
	-> Aggregate: sum(sbtest6.k)  (cost=4.58 rows=1)
    -> Filter: (sbtest6.id between 6493718 and 6493727)  (cost=2.28 rows=10)
        -> Index range scan on sbtest6 using PRIMARY over (6493718 <= id <= 6493727)  (cost=2.28 rows=10)


table 7 : explain SELECT SUM(k) FROM sbtest7 WHERE id BETWEEN 3952143 AND 3952152
	-> Aggregate: sum(sbtest7.k)  (cost=4.58 rows=1)
    -> Filter: (sbtest7.id between 3952143 and 3952152)  (cost=2.28 rows=10)
        -> Index range scan on sbtest7 using PRIMARY over (3952143 <= id <= 3952152)  (cost=2.28 rows=10)


table 8 : explain SELECT SUM(k) FROM sbtest8 WHERE id BETWEEN 9140693 AND 9140702
	-> Aggregate: sum(sbtest8.k)  (cost=4.58 rows=1)
    -> Filter: (sbtest8.id between 9140693 and 9140702)  (cost=2.28 rows=10)
        -> Index range scan on sbtest8 using PRIMARY over (9140693 <= id <= 9140702)  (cost=2.28 rows=10)


for: sum_ranges
table 1 : explain SELECT SUM(k) FROM sbtest1 WHERE id BETWEEN 727956 AND 727965
	-> Aggregate: sum(sbtest1.k)  (cost=4.58 rows=1)
    -> Filter: (sbtest1.id between 727956 and 727965)  (cost=2.28 rows=10)
        -> Index range scan on sbtest1 using PRIMARY over (727956 <= id <= 727965)  (cost=2.28 rows=10)


table 2 : explain SELECT SUM(k) FROM sbtest2 WHERE id BETWEEN 6763603 AND 6763612
	-> Aggregate: sum(sbtest2.k)  (cost=4.58 rows=1)
    -> Filter: (sbtest2.id between 6763603 and 6763612)  (cost=2.28 rows=10)
        -> Index range scan on sbtest2 using PRIMARY over (6763603 <= id <= 6763612)  (cost=2.28 rows=10)


table 3 : explain SELECT SUM(k) FROM sbtest3 WHERE id BETWEEN 3822659 AND 3822668
	-> Aggregate: sum(sbtest3.k)  (cost=4.58 rows=1)
    -> Filter: (sbtest3.id between 3822659 and 3822668)  (cost=2.28 rows=10)
        -> Index range scan on sbtest3 using PRIMARY over (3822659 <= id <= 3822668)  (cost=2.28 rows=10)


table 4 : explain SELECT SUM(k) FROM sbtest4 WHERE id BETWEEN 5437551 AND 5437560
	-> Aggregate: sum(sbtest4.k)  (cost=4.58 rows=1)
    -> Filter: (sbtest4.id between 5437551 and 5437560)  (cost=2.28 rows=10)
        -> Index range scan on sbtest4 using PRIMARY over (5437551 <= id <= 5437560)  (cost=2.28 rows=10)


table 5 : explain SELECT SUM(k) FROM sbtest5 WHERE id BETWEEN 3554561 AND 3554570
	-> Aggregate: sum(sbtest5.k)  (cost=4.58 rows=1)
    -> Filter: (sbtest5.id between 3554561 and 3554570)  (cost=2.28 rows=10)
        -> Index range scan on sbtest5 using PRIMARY over (3554561 <= id <= 3554570)  (cost=2.28 rows=10)


table 6 : explain SELECT SUM(k) FROM sbtest6 WHERE id BETWEEN 7691239 AND 7691248
	-> Aggregate: sum(sbtest6.k)  (cost=4.58 rows=1)
    -> Filter: (sbtest6.id between 7691239 and 7691248)  (cost=2.28 rows=10)
        -> Index range scan on sbtest6 using PRIMARY over (7691239 <= id <= 7691248)  (cost=2.28 rows=10)


table 7 : explain SELECT SUM(k) FROM sbtest7 WHERE id BETWEEN 4189238 AND 4189247
	-> Aggregate: sum(sbtest7.k)  (cost=4.58 rows=1)
    -> Filter: (sbtest7.id between 4189238 and 4189247)  (cost=2.28 rows=10)
        -> Index range scan on sbtest7 using PRIMARY over (4189238 <= id <= 4189247)  (cost=2.28 rows=10)


table 8 : explain SELECT SUM(k) FROM sbtest8 WHERE id BETWEEN 8679953 AND 8679962
	-> Aggregate: sum(sbtest8.k)  (cost=4.58 rows=1)
    -> Filter: (sbtest8.id between 8679953 and 8679962)  (cost=2.28 rows=10)
        -> Index range scan on sbtest8 using PRIMARY over (8679953 <= id <= 8679962)  (cost=2.28 rows=10)


for: order_ranges
table 1 : explain SELECT c FROM sbtest1 WHERE id BETWEEN 2191347 AND 2191356 ORDER BY c
	-> Sort: sbtest1.c  (cost=2.28 rows=10)
    -> Filter: (sbtest1.id between 2191347 and 2191356)  (cost=2.28 rows=10)
        -> Index range scan on sbtest1 using PRIMARY over (2191347 <= id <= 2191356)  (cost=2.28 rows=10)


table 2 : explain SELECT c FROM sbtest2 WHERE id BETWEEN 5042681 AND 5042690 ORDER BY c
	-> Sort: sbtest2.c  (cost=2.28 rows=10)
    -> Filter: (sbtest2.id between 5042681 and 5042690)  (cost=2.28 rows=10)
        -> Index range scan on sbtest2 using PRIMARY over (5042681 <= id <= 5042690)  (cost=2.28 rows=10)


table 3 : explain SELECT c FROM sbtest3 WHERE id BETWEEN 6521812 AND 6521821 ORDER BY c
	-> Sort: sbtest3.c  (cost=2.28 rows=10)
    -> Filter: (sbtest3.id between 6521812 and 6521821)  (cost=2.28 rows=10)
        -> Index range scan on sbtest3 using PRIMARY over (6521812 <= id <= 6521821)  (cost=2.28 rows=10)


table 4 : explain SELECT c FROM sbtest4 WHERE id BETWEEN 6197856 AND 6197865 ORDER BY c
	-> Sort: sbtest4.c  (cost=2.28 rows=10)
    -> Filter: (sbtest4.id between 6197856 and 6197865)  (cost=2.28 rows=10)
        -> Index range scan on sbtest4 using PRIMARY over (6197856 <= id <= 6197865)  (cost=2.28 rows=10)


table 5 : explain SELECT c FROM sbtest5 WHERE id BETWEEN 2083449 AND 2083458 ORDER BY c
	-> Sort: sbtest5.c  (cost=2.28 rows=10)
    -> Filter: (sbtest5.id between 2083449 and 2083458)  (cost=2.28 rows=10)
        -> Index range scan on sbtest5 using PRIMARY over (2083449 <= id <= 2083458)  (cost=2.28 rows=10)


table 6 : explain SELECT c FROM sbtest6 WHERE id BETWEEN 4381686 AND 4381695 ORDER BY c
	-> Sort: sbtest6.c  (cost=2.28 rows=10)
    -> Filter: (sbtest6.id between 4381686 and 4381695)  (cost=2.28 rows=10)
        -> Index range scan on sbtest6 using PRIMARY over (4381686 <= id <= 4381695)  (cost=2.28 rows=10)


table 7 : explain SELECT c FROM sbtest7 WHERE id BETWEEN 5648429 AND 5648438 ORDER BY c
	-> Sort: sbtest7.c  (cost=2.28 rows=10)
    -> Filter: (sbtest7.id between 5648429 and 5648438)  (cost=2.28 rows=10)
        -> Index range scan on sbtest7 using PRIMARY over (5648429 <= id <= 5648438)  (cost=2.28 rows=10)


table 8 : explain SELECT c FROM sbtest8 WHERE id BETWEEN 9884752 AND 9884761 ORDER BY c
	-> Sort: sbtest8.c  (cost=2.28 rows=10)
    -> Filter: (sbtest8.id between 9884752 and 9884761)  (cost=2.28 rows=10)
        -> Index range scan on sbtest8 using PRIMARY over (9884752 <= id <= 9884761)  (cost=2.28 rows=10)


for: order_ranges
table 1 : explain SELECT c FROM sbtest1 WHERE id BETWEEN 8946986 AND 8946995 ORDER BY c
	-> Sort: sbtest1.c  (cost=2.28 rows=10)
    -> Filter: (sbtest1.id between 8946986 and 8946995)  (cost=2.28 rows=10)
        -> Index range scan on sbtest1 using PRIMARY over (8946986 <= id <= 8946995)  (cost=2.28 rows=10)


table 2 : explain SELECT c FROM sbtest2 WHERE id BETWEEN 9845279 AND 9845288 ORDER BY c
	-> Sort: sbtest2.c  (cost=2.28 rows=10)
    -> Filter: (sbtest2.id between 9845279 and 9845288)  (cost=2.28 rows=10)
        -> Index range scan on sbtest2 using PRIMARY over (9845279 <= id <= 9845288)  (cost=2.28 rows=10)


table 3 : explain SELECT c FROM sbtest3 WHERE id BETWEEN 3776584 AND 3776593 ORDER BY c
	-> Sort: sbtest3.c  (cost=2.28 rows=10)
    -> Filter: (sbtest3.id between 3776584 and 3776593)  (cost=2.28 rows=10)
        -> Index range scan on sbtest3 using PRIMARY over (3776584 <= id <= 3776593)  (cost=2.28 rows=10)


table 4 : explain SELECT c FROM sbtest4 WHERE id BETWEEN 7832847 AND 7832856 ORDER BY c
	-> Sort: sbtest4.c  (cost=2.28 rows=10)
    -> Filter: (sbtest4.id between 7832847 and 7832856)  (cost=2.28 rows=10)
        -> Index range scan on sbtest4 using PRIMARY over (7832847 <= id <= 7832856)  (cost=2.28 rows=10)


table 5 : explain SELECT c FROM sbtest5 WHERE id BETWEEN 1229098 AND 1229107 ORDER BY c
	-> Sort: sbtest5.c  (cost=2.28 rows=10)
    -> Filter: (sbtest5.id between 1229098 and 1229107)  (cost=2.28 rows=10)
        -> Index range scan on sbtest5 using PRIMARY over (1229098 <= id <= 1229107)  (cost=2.28 rows=10)


table 6 : explain SELECT c FROM sbtest6 WHERE id BETWEEN 5816185 AND 5816194 ORDER BY c
	-> Sort: sbtest6.c  (cost=2.28 rows=10)
    -> Filter: (sbtest6.id between 5816185 and 5816194)  (cost=2.28 rows=10)
        -> Index range scan on sbtest6 using PRIMARY over (5816185 <= id <= 5816194)  (cost=2.28 rows=10)


table 7 : explain SELECT c FROM sbtest7 WHERE id BETWEEN 8406787 AND 8406796 ORDER BY c
	-> Sort: sbtest7.c  (cost=2.28 rows=10)
    -> Filter: (sbtest7.id between 8406787 and 8406796)  (cost=2.28 rows=10)
        -> Index range scan on sbtest7 using PRIMARY over (8406787 <= id <= 8406796)  (cost=2.28 rows=10)


table 8 : explain SELECT c FROM sbtest8 WHERE id BETWEEN 4540819 AND 4540828 ORDER BY c
	-> Sort: sbtest8.c  (cost=2.28 rows=10)
    -> Filter: (sbtest8.id between 4540819 and 4540828)  (cost=2.28 rows=10)
        -> Index range scan on sbtest8 using PRIMARY over (4540819 <= id <= 4540828)  (cost=2.28 rows=10)


for: sum_ranges
table 1 : explain SELECT SUM(k) FROM sbtest1 WHERE id BETWEEN 4370237 AND 4370246
	-> Aggregate: sum(sbtest1.k)  (cost=4.58 rows=1)
    -> Filter: (sbtest1.id between 4370237 and 4370246)  (cost=2.28 rows=10)
        -> Index range scan on sbtest1 using PRIMARY over (4370237 <= id <= 4370246)  (cost=2.28 rows=10)


table 2 : explain SELECT SUM(k) FROM sbtest2 WHERE id BETWEEN 7215640 AND 7215649
	-> Aggregate: sum(sbtest2.k)  (cost=4.58 rows=1)
    -> Filter: (sbtest2.id between 7215640 and 7215649)  (cost=2.28 rows=10)
        -> Index range scan on sbtest2 using PRIMARY over (7215640 <= id <= 7215649)  (cost=2.28 rows=10)


table 3 : explain SELECT SUM(k) FROM sbtest3 WHERE id BETWEEN 8598120 AND 8598129
	-> Aggregate: sum(sbtest3.k)  (cost=4.58 rows=1)
    -> Filter: (sbtest3.id between 8598120 and 8598129)  (cost=2.28 rows=10)
        -> Index range scan on sbtest3 using PRIMARY over (8598120 <= id <= 8598129)  (cost=2.28 rows=10)


table 4 : explain SELECT SUM(k) FROM sbtest4 WHERE id BETWEEN 5503596 AND 5503605
	-> Aggregate: sum(sbtest4.k)  (cost=4.58 rows=1)
    -> Filter: (sbtest4.id between 5503596 and 5503605)  (cost=2.28 rows=10)
        -> Index range scan on sbtest4 using PRIMARY over (5503596 <= id <= 5503605)  (cost=2.28 rows=10)


table 5 : explain SELECT SUM(k) FROM sbtest5 WHERE id BETWEEN 3382867 AND 3382876
	-> Aggregate: sum(sbtest5.k)  (cost=4.58 rows=1)
    -> Filter: (sbtest5.id between 3382867 and 3382876)  (cost=2.28 rows=10)
        -> Index range scan on sbtest5 using PRIMARY over (3382867 <= id <= 3382876)  (cost=2.28 rows=10)


table 6 : explain SELECT SUM(k) FROM sbtest6 WHERE id BETWEEN 7900075 AND 7900084
	-> Aggregate: sum(sbtest6.k)  (cost=4.58 rows=1)
    -> Filter: (sbtest6.id between 7900075 and 7900084)  (cost=2.28 rows=10)
        -> Index range scan on sbtest6 using PRIMARY over (7900075 <= id <= 7900084)  (cost=2.28 rows=10)


table 7 : explain SELECT SUM(k) FROM sbtest7 WHERE id BETWEEN 6708243 AND 6708252
	-> Aggregate: sum(sbtest7.k)  (cost=4.58 rows=1)
    -> Filter: (sbtest7.id between 6708243 and 6708252)  (cost=2.28 rows=10)
        -> Index range scan on sbtest7 using PRIMARY over (6708243 <= id <= 6708252)  (cost=2.28 rows=10)


table 8 : explain SELECT SUM(k) FROM sbtest8 WHERE id BETWEEN 1937630 AND 1937639
	-> Aggregate: sum(sbtest8.k)  (cost=4.58 rows=1)
    -> Filter: (sbtest8.id between 1937630 and 1937639)  (cost=2.28 rows=10)
        -> Index range scan on sbtest8 using PRIMARY over (1937630 <= id <= 1937639)  (cost=2.28 rows=10)


for: order_ranges
table 1 : explain SELECT c FROM sbtest1 WHERE id BETWEEN 380918 AND 380927 ORDER BY c
	-> Sort: sbtest1.c  (cost=2.28 rows=10)
    -> Filter: (sbtest1.id between 380918 and 380927)  (cost=2.28 rows=10)
        -> Index range scan on sbtest1 using PRIMARY over (380918 <= id <= 380927)  (cost=2.28 rows=10)


table 2 : explain SELECT c FROM sbtest2 WHERE id BETWEEN 1816677 AND 1816686 ORDER BY c
	-> Sort: sbtest2.c  (cost=2.28 rows=10)
    -> Filter: (sbtest2.id between 1816677 and 1816686)  (cost=2.28 rows=10)
        -> Index range scan on sbtest2 using PRIMARY over (1816677 <= id <= 1816686)  (cost=2.28 rows=10)


table 3 : explain SELECT c FROM sbtest3 WHERE id BETWEEN 1469044 AND 1469053 ORDER BY c
	-> Sort: sbtest3.c  (cost=2.28 rows=10)
    -> Filter: (sbtest3.id between 1469044 and 1469053)  (cost=2.28 rows=10)
        -> Index range scan on sbtest3 using PRIMARY over (1469044 <= id <= 1469053)  (cost=2.28 rows=10)


table 4 : explain SELECT c FROM sbtest4 WHERE id BETWEEN 9758869 AND 9758878 ORDER BY c
	-> Sort: sbtest4.c  (cost=2.28 rows=10)
    -> Filter: (sbtest4.id between 9758869 and 9758878)  (cost=2.28 rows=10)
        -> Index range scan on sbtest4 using PRIMARY over (9758869 <= id <= 9758878)  (cost=2.28 rows=10)


table 5 : explain SELECT c FROM sbtest5 WHERE id BETWEEN 6733007 AND 6733016 ORDER BY c
	-> Sort: sbtest5.c  (cost=2.28 rows=10)
    -> Filter: (sbtest5.id between 6733007 and 6733016)  (cost=2.28 rows=10)
        -> Index range scan on sbtest5 using PRIMARY over (6733007 <= id <= 6733016)  (cost=2.28 rows=10)


table 6 : explain SELECT c FROM sbtest6 WHERE id BETWEEN 7512679 AND 7512688 ORDER BY c
	-> Sort: sbtest6.c  (cost=2.28 rows=10)
    -> Filter: (sbtest6.id between 7512679 and 7512688)  (cost=2.28 rows=10)
        -> Index range scan on sbtest6 using PRIMARY over (7512679 <= id <= 7512688)  (cost=2.28 rows=10)


table 7 : explain SELECT c FROM sbtest7 WHERE id BETWEEN 6761420 AND 6761429 ORDER BY c
	-> Sort: sbtest7.c  (cost=2.28 rows=10)
    -> Filter: (sbtest7.id between 6761420 and 6761429)  (cost=2.28 rows=10)
        -> Index range scan on sbtest7 using PRIMARY over (6761420 <= id <= 6761429)  (cost=2.28 rows=10)


table 8 : explain SELECT c FROM sbtest8 WHERE id BETWEEN 9505962 AND 9505971 ORDER BY c
	-> Sort: sbtest8.c  (cost=2.28 rows=10)
    -> Filter: (sbtest8.id between 9505962 and 9505971)  (cost=2.28 rows=10)
        -> Index range scan on sbtest8 using PRIMARY over (9505962 <= id <= 9505971)  (cost=2.28 rows=10)


for: distinct_ranges
table 1 : explain SELECT DISTINCT c FROM sbtest1 WHERE id BETWEEN 9973697 AND 9973706 ORDER BY c
	-> Sort: sbtest1.c
    -> Table scan on <temporary>  (cost=4.84..7.2 rows=10)
        -> Temporary table with deduplication  (cost=4.58..4.58 rows=10)
            -> Filter: (sbtest1.id between 9973697 and 9973706)  (cost=2.28 rows=10)
                -> Index range scan on sbtest1 using PRIMARY over (9973697 <= id <= 9973706)  (cost=2.28 rows=10)


table 2 : explain SELECT DISTINCT c FROM sbtest2 WHERE id BETWEEN 1778890 AND 1778899 ORDER BY c
	-> Sort: sbtest2.c
    -> Table scan on <temporary>  (cost=4.84..7.2 rows=10)
        -> Temporary table with deduplication  (cost=4.58..4.58 rows=10)
            -> Filter: (sbtest2.id between 1778890 and 1778899)  (cost=2.28 rows=10)
                -> Index range scan on sbtest2 using PRIMARY over (1778890 <= id <= 1778899)  (cost=2.28 rows=10)


table 3 : explain SELECT DISTINCT c FROM sbtest3 WHERE id BETWEEN 1792271 AND 1792280 ORDER BY c
	-> Sort: sbtest3.c
    -> Table scan on <temporary>  (cost=4.84..7.2 rows=10)
        -> Temporary table with deduplication  (cost=4.58..4.58 rows=10)
            -> Filter: (sbtest3.id between 1792271 and 1792280)  (cost=2.28 rows=10)
                -> Index range scan on sbtest3 using PRIMARY over (1792271 <= id <= 1792280)  (cost=2.28 rows=10)


table 4 : explain SELECT DISTINCT c FROM sbtest4 WHERE id BETWEEN 3092277 AND 3092286 ORDER BY c
	-> Sort: sbtest4.c
    -> Table scan on <temporary>  (cost=4.84..7.2 rows=10)
        -> Temporary table with deduplication  (cost=4.58..4.58 rows=10)
            -> Filter: (sbtest4.id between 3092277 and 3092286)  (cost=2.28 rows=10)
                -> Index range scan on sbtest4 using PRIMARY over (3092277 <= id <= 3092286)  (cost=2.28 rows=10)


table 5 : explain SELECT DISTINCT c FROM sbtest5 WHERE id BETWEEN 6325162 AND 6325171 ORDER BY c
	-> Sort: sbtest5.c
    -> Table scan on <temporary>  (cost=4.84..7.2 rows=10)
        -> Temporary table with deduplication  (cost=4.58..4.58 rows=10)
            -> Filter: (sbtest5.id between 6325162 and 6325171)  (cost=2.28 rows=10)
                -> Index range scan on sbtest5 using PRIMARY over (6325162 <= id <= 6325171)  (cost=2.28 rows=10)


table 6 : explain SELECT DISTINCT c FROM sbtest6 WHERE id BETWEEN 9958589 AND 9958598 ORDER BY c
	-> Sort: sbtest6.c
    -> Table scan on <temporary>  (cost=4.84..7.2 rows=10)
        -> Temporary table with deduplication  (cost=4.58..4.58 rows=10)
            -> Filter: (sbtest6.id between 9958589 and 9958598)  (cost=2.28 rows=10)
                -> Index range scan on sbtest6 using PRIMARY over (9958589 <= id <= 9958598)  (cost=2.28 rows=10)


table 7 : explain SELECT DISTINCT c FROM sbtest7 WHERE id BETWEEN 9030480 AND 9030489 ORDER BY c
	-> Sort: sbtest7.c
    -> Table scan on <temporary>  (cost=4.84..7.2 rows=10)
        -> Temporary table with deduplication  (cost=4.58..4.58 rows=10)
            -> Filter: (sbtest7.id between 9030480 and 9030489)  (cost=2.28 rows=10)
                -> Index range scan on sbtest7 using PRIMARY over (9030480 <= id <= 9030489)  (cost=2.28 rows=10)


table 8 : explain SELECT DISTINCT c FROM sbtest8 WHERE id BETWEEN 5690055 AND 5690064 ORDER BY c
	-> Sort: sbtest8.c
    -> Table scan on <temporary>  (cost=4.84..7.2 rows=10)
        -> Temporary table with deduplication  (cost=4.58..4.58 rows=10)
            -> Filter: (sbtest8.id between 5690055 and 5690064)  (cost=2.28 rows=10)
                -> Index range scan on sbtest8 using PRIMARY over (5690055 <= id <= 5690064)  (cost=2.28 rows=10)


for: distinct_ranges
table 1 : explain SELECT DISTINCT c FROM sbtest1 WHERE id BETWEEN 3163016 AND 3163025 ORDER BY c
	-> Sort: sbtest1.c
    -> Table scan on <temporary>  (cost=4.84..7.2 rows=10)
        -> Temporary table with deduplication  (cost=4.58..4.58 rows=10)
            -> Filter: (sbtest1.id between 3163016 and 3163025)  (cost=2.28 rows=10)
                -> Index range scan on sbtest1 using PRIMARY over (3163016 <= id <= 3163025)  (cost=2.28 rows=10)


table 2 : explain SELECT DISTINCT c FROM sbtest2 WHERE id BETWEEN 7541459 AND 7541468 ORDER BY c
	-> Sort: sbtest2.c
    -> Table scan on <temporary>  (cost=4.84..7.2 rows=10)
        -> Temporary table with deduplication  (cost=4.58..4.58 rows=10)
            -> Filter: (sbtest2.id between 7541459 and 7541468)  (cost=2.28 rows=10)
                -> Index range scan on sbtest2 using PRIMARY over (7541459 <= id <= 7541468)  (cost=2.28 rows=10)


table 3 : explain SELECT DISTINCT c FROM sbtest3 WHERE id BETWEEN 7028258 AND 7028267 ORDER BY c
	-> Sort: sbtest3.c
    -> Table scan on <temporary>  (cost=4.84..7.2 rows=10)
        -> Temporary table with deduplication  (cost=4.58..4.58 rows=10)
            -> Filter: (sbtest3.id between 7028258 and 7028267)  (cost=2.28 rows=10)
                -> Index range scan on sbtest3 using PRIMARY over (7028258 <= id <= 7028267)  (cost=2.28 rows=10)


table 4 : explain SELECT DISTINCT c FROM sbtest4 WHERE id BETWEEN 8445166 AND 8445175 ORDER BY c
	-> Sort: sbtest4.c
    -> Table scan on <temporary>  (cost=4.84..7.2 rows=10)
        -> Temporary table with deduplication  (cost=4.58..4.58 rows=10)
            -> Filter: (sbtest4.id between 8445166 and 8445175)  (cost=2.28 rows=10)
                -> Index range scan on sbtest4 using PRIMARY over (8445166 <= id <= 8445175)  (cost=2.28 rows=10)


table 5 : explain SELECT DISTINCT c FROM sbtest5 WHERE id BETWEEN 9661733 AND 9661742 ORDER BY c
	-> Sort: sbtest5.c
    -> Table scan on <temporary>  (cost=4.84..7.2 rows=10)
        -> Temporary table with deduplication  (cost=4.58..4.58 rows=10)
            -> Filter: (sbtest5.id between 9661733 and 9661742)  (cost=2.28 rows=10)
                -> Index range scan on sbtest5 using PRIMARY over (9661733 <= id <= 9661742)  (cost=2.28 rows=10)


table 6 : explain SELECT DISTINCT c FROM sbtest6 WHERE id BETWEEN 6235826 AND 6235835 ORDER BY c
	-> Sort: sbtest6.c
    -> Table scan on <temporary>  (cost=4.84..7.2 rows=10)
        -> Temporary table with deduplication  (cost=4.58..4.58 rows=10)
            -> Filter: (sbtest6.id between 6235826 and 6235835)  (cost=2.28 rows=10)
                -> Index range scan on sbtest6 using PRIMARY over (6235826 <= id <= 6235835)  (cost=2.28 rows=10)


table 7 : explain SELECT DISTINCT c FROM sbtest7 WHERE id BETWEEN 5349480 AND 5349489 ORDER BY c
	-> Sort: sbtest7.c
    -> Table scan on <temporary>  (cost=4.84..7.2 rows=10)
        -> Temporary table with deduplication  (cost=4.58..4.58 rows=10)
            -> Filter: (sbtest7.id between 5349480 and 5349489)  (cost=2.28 rows=10)
                -> Index range scan on sbtest7 using PRIMARY over (5349480 <= id <= 5349489)  (cost=2.28 rows=10)


table 8 : explain SELECT DISTINCT c FROM sbtest8 WHERE id BETWEEN 1765342 AND 1765351 ORDER BY c
	-> Sort: sbtest8.c
    -> Table scan on <temporary>  (cost=4.84..7.2 rows=10)
        -> Temporary table with deduplication  (cost=4.58..4.58 rows=10)
            -> Filter: (sbtest8.id between 1765342 and 1765351)  (cost=2.28 rows=10)
                -> Index range scan on sbtest8 using PRIMARY over (1765342 <= id <= 1765351)  (cost=2.28 rows=10)


for: order_ranges
table 1 : explain SELECT c FROM sbtest1 WHERE id BETWEEN 1813846 AND 1813855 ORDER BY c
	-> Sort: sbtest1.c  (cost=2.28 rows=10)
    -> Filter: (sbtest1.id between 1813846 and 1813855)  (cost=2.28 rows=10)
        -> Index range scan on sbtest1 using PRIMARY over (1813846 <= id <= 1813855)  (cost=2.28 rows=10)


table 2 : explain SELECT c FROM sbtest2 WHERE id BETWEEN 3418660 AND 3418669 ORDER BY c
	-> Sort: sbtest2.c  (cost=2.28 rows=10)
    -> Filter: (sbtest2.id between 3418660 and 3418669)  (cost=2.28 rows=10)
        -> Index range scan on sbtest2 using PRIMARY over (3418660 <= id <= 3418669)  (cost=2.28 rows=10)


table 3 : explain SELECT c FROM sbtest3 WHERE id BETWEEN 3076415 AND 3076424 ORDER BY c
	-> Sort: sbtest3.c  (cost=2.28 rows=10)
    -> Filter: (sbtest3.id between 3076415 and 3076424)  (cost=2.28 rows=10)
        -> Index range scan on sbtest3 using PRIMARY over (3076415 <= id <= 3076424)  (cost=2.28 rows=10)


table 4 : explain SELECT c FROM sbtest4 WHERE id BETWEEN 8911130 AND 8911139 ORDER BY c
	-> Sort: sbtest4.c  (cost=2.28 rows=10)
    -> Filter: (sbtest4.id between 8911130 and 8911139)  (cost=2.28 rows=10)
        -> Index range scan on sbtest4 using PRIMARY over (8911130 <= id <= 8911139)  (cost=2.28 rows=10)


table 5 : explain SELECT c FROM sbtest5 WHERE id BETWEEN 787687 AND 787696 ORDER BY c
	-> Sort: sbtest5.c  (cost=2.28 rows=10)
    -> Filter: (sbtest5.id between 787687 and 787696)  (cost=2.28 rows=10)
        -> Index range scan on sbtest5 using PRIMARY over (787687 <= id <= 787696)  (cost=2.28 rows=10)


table 6 : explain SELECT c FROM sbtest6 WHERE id BETWEEN 3846901 AND 3846910 ORDER BY c
	-> Sort: sbtest6.c  (cost=2.28 rows=10)
    -> Filter: (sbtest6.id between 3846901 and 3846910)  (cost=2.28 rows=10)
        -> Index range scan on sbtest6 using PRIMARY over (3846901 <= id <= 3846910)  (cost=2.28 rows=10)


table 7 : explain SELECT c FROM sbtest7 WHERE id BETWEEN 4671423 AND 4671432 ORDER BY c
	-> Sort: sbtest7.c  (cost=2.28 rows=10)
    -> Filter: (sbtest7.id between 4671423 and 4671432)  (cost=2.28 rows=10)
        -> Index range scan on sbtest7 using PRIMARY over (4671423 <= id <= 4671432)  (cost=2.28 rows=10)


table 8 : explain SELECT c FROM sbtest8 WHERE id BETWEEN 9088067 AND 9088076 ORDER BY c
	-> Sort: sbtest8.c  (cost=2.28 rows=10)
    -> Filter: (sbtest8.id between 9088067 and 9088076)  (cost=2.28 rows=10)
        -> Index range scan on sbtest8 using PRIMARY over (9088067 <= id <= 9088076)  (cost=2.28 rows=10)


for: distinct_ranges
table 1 : explain SELECT DISTINCT c FROM sbtest1 WHERE id BETWEEN 9199619 AND 9199628 ORDER BY c
	-> Sort: sbtest1.c
    -> Table scan on <temporary>  (cost=4.84..7.2 rows=10)
        -> Temporary table with deduplication  (cost=4.58..4.58 rows=10)
            -> Filter: (sbtest1.id between 9199619 and 9199628)  (cost=2.28 rows=10)
                -> Index range scan on sbtest1 using PRIMARY over (9199619 <= id <= 9199628)  (cost=2.28 rows=10)


table 2 : explain SELECT DISTINCT c FROM sbtest2 WHERE id BETWEEN 2810079 AND 2810088 ORDER BY c
	-> Sort: sbtest2.c
    -> Table scan on <temporary>  (cost=4.84..7.2 rows=10)
        -> Temporary table with deduplication  (cost=4.58..4.58 rows=10)
            -> Filter: (sbtest2.id between 2810079 and 2810088)  (cost=2.28 rows=10)
                -> Index range scan on sbtest2 using PRIMARY over (2810079 <= id <= 2810088)  (cost=2.28 rows=10)


table 3 : explain SELECT DISTINCT c FROM sbtest3 WHERE id BETWEEN 9225184 AND 9225193 ORDER BY c
	-> Sort: sbtest3.c
    -> Table scan on <temporary>  (cost=4.84..7.2 rows=10)
        -> Temporary table with deduplication  (cost=4.58..4.58 rows=10)
            -> Filter: (sbtest3.id between 9225184 and 9225193)  (cost=2.28 rows=10)
                -> Index range scan on sbtest3 using PRIMARY over (9225184 <= id <= 9225193)  (cost=2.28 rows=10)


table 4 : explain SELECT DISTINCT c FROM sbtest4 WHERE id BETWEEN 1695618 AND 1695627 ORDER BY c
	-> Sort: sbtest4.c
    -> Table scan on <temporary>  (cost=4.84..7.2 rows=10)
        -> Temporary table with deduplication  (cost=4.58..4.58 rows=10)
            -> Filter: (sbtest4.id between 1695618 and 1695627)  (cost=2.28 rows=10)
                -> Index range scan on sbtest4 using PRIMARY over (1695618 <= id <= 1695627)  (cost=2.28 rows=10)


table 5 : explain SELECT DISTINCT c FROM sbtest5 WHERE id BETWEEN 1240561 AND 1240570 ORDER BY c
	-> Sort: sbtest5.c
    -> Table scan on <temporary>  (cost=4.84..7.2 rows=10)
        -> Temporary table with deduplication  (cost=4.58..4.58 rows=10)
            -> Filter: (sbtest5.id between 1240561 and 1240570)  (cost=2.28 rows=10)
                -> Index range scan on sbtest5 using PRIMARY over (1240561 <= id <= 1240570)  (cost=2.28 rows=10)


table 6 : explain SELECT DISTINCT c FROM sbtest6 WHERE id BETWEEN 1206470 AND 1206479 ORDER BY c
	-> Sort: sbtest6.c
    -> Table scan on <temporary>  (cost=4.84..7.2 rows=10)
        -> Temporary table with deduplication  (cost=4.58..4.58 rows=10)
            -> Filter: (sbtest6.id between 1206470 and 1206479)  (cost=2.28 rows=10)
                -> Index range scan on sbtest6 using PRIMARY over (1206470 <= id <= 1206479)  (cost=2.28 rows=10)


table 7 : explain SELECT DISTINCT c FROM sbtest7 WHERE id BETWEEN 2805954 AND 2805963 ORDER BY c
	-> Sort: sbtest7.c
    -> Table scan on <temporary>  (cost=4.84..7.2 rows=10)
        -> Temporary table with deduplication  (cost=4.58..4.58 rows=10)
            -> Filter: (sbtest7.id between 2805954 and 2805963)  (cost=2.28 rows=10)
                -> Index range scan on sbtest7 using PRIMARY over (2805954 <= id <= 2805963)  (cost=2.28 rows=10)


table 8 : explain SELECT DISTINCT c FROM sbtest8 WHERE id BETWEEN 9581350 AND 9581359 ORDER BY c
	-> Sort: sbtest8.c
    -> Table scan on <temporary>  (cost=4.84..7.2 rows=10)
        -> Temporary table with deduplication  (cost=4.58..4.58 rows=10)
            -> Filter: (sbtest8.id between 9581350 and 9581359)  (cost=2.28 rows=10)
                -> Index range scan on sbtest8 using PRIMARY over (9581350 <= id <= 9581359)  (cost=2.28 rows=10)


for: order_ranges
table 1 : explain SELECT c FROM sbtest1 WHERE id BETWEEN 346668 AND 346677 ORDER BY c
	-> Sort: sbtest1.c  (cost=2.28 rows=10)
    -> Filter: (sbtest1.id between 346668 and 346677)  (cost=2.28 rows=10)
        -> Index range scan on sbtest1 using PRIMARY over (346668 <= id <= 346677)  (cost=2.28 rows=10)


table 2 : explain SELECT c FROM sbtest2 WHERE id BETWEEN 3597713 AND 3597722 ORDER BY c
	-> Sort: sbtest2.c  (cost=2.28 rows=10)
    -> Filter: (sbtest2.id between 3597713 and 3597722)  (cost=2.28 rows=10)
        -> Index range scan on sbtest2 using PRIMARY over (3597713 <= id <= 3597722)  (cost=2.28 rows=10)


table 3 : explain SELECT c FROM sbtest3 WHERE id BETWEEN 9872730 AND 9872739 ORDER BY c
	-> Sort: sbtest3.c  (cost=2.28 rows=10)
    -> Filter: (sbtest3.id between 9872730 and 9872739)  (cost=2.28 rows=10)
        -> Index range scan on sbtest3 using PRIMARY over (9872730 <= id <= 9872739)  (cost=2.28 rows=10)


table 4 : explain SELECT c FROM sbtest4 WHERE id BETWEEN 6284693 AND 6284702 ORDER BY c
	-> Sort: sbtest4.c  (cost=2.28 rows=10)
    -> Filter: (sbtest4.id between 6284693 and 6284702)  (cost=2.28 rows=10)
        -> Index range scan on sbtest4 using PRIMARY over (6284693 <= id <= 6284702)  (cost=2.28 rows=10)


table 5 : explain SELECT c FROM sbtest5 WHERE id BETWEEN 3234104 AND 3234113 ORDER BY c
	-> Sort: sbtest5.c  (cost=2.28 rows=10)
    -> Filter: (sbtest5.id between 3234104 and 3234113)  (cost=2.28 rows=10)
        -> Index range scan on sbtest5 using PRIMARY over (3234104 <= id <= 3234113)  (cost=2.28 rows=10)


table 6 : explain SELECT c FROM sbtest6 WHERE id BETWEEN 9586331 AND 9586340 ORDER BY c
	-> Sort: sbtest6.c  (cost=2.28 rows=10)
    -> Filter: (sbtest6.id between 9586331 and 9586340)  (cost=2.28 rows=10)
        -> Index range scan on sbtest6 using PRIMARY over (9586331 <= id <= 9586340)  (cost=2.28 rows=10)


table 7 : explain SELECT c FROM sbtest7 WHERE id BETWEEN 1475301 AND 1475310 ORDER BY c
	-> Sort: sbtest7.c  (cost=2.28 rows=10)
    -> Filter: (sbtest7.id between 1475301 and 1475310)  (cost=2.28 rows=10)
        -> Index range scan on sbtest7 using PRIMARY over (1475301 <= id <= 1475310)  (cost=2.28 rows=10)


table 8 : explain SELECT c FROM sbtest8 WHERE id BETWEEN 1604326 AND 1604335 ORDER BY c
	-> Sort: sbtest8.c  (cost=2.28 rows=10)
    -> Filter: (sbtest8.id between 1604326 and 1604335)  (cost=2.28 rows=10)
        -> Index range scan on sbtest8 using PRIMARY over (1604326 <= id <= 1604335)  (cost=2.28 rows=10)


for: distinct_ranges
table 1 : explain SELECT DISTINCT c FROM sbtest1 WHERE id BETWEEN 3155445 AND 3155454 ORDER BY c
	-> Sort: sbtest1.c
    -> Table scan on <temporary>  (cost=4.84..7.2 rows=10)
        -> Temporary table with deduplication  (cost=4.58..4.58 rows=10)
            -> Filter: (sbtest1.id between 3155445 and 3155454)  (cost=2.28 rows=10)
                -> Index range scan on sbtest1 using PRIMARY over (3155445 <= id <= 3155454)  (cost=2.28 rows=10)


table 2 : explain SELECT DISTINCT c FROM sbtest2 WHERE id BETWEEN 9935803 AND 9935812 ORDER BY c
	-> Sort: sbtest2.c
    -> Table scan on <temporary>  (cost=4.84..7.2 rows=10)
        -> Temporary table with deduplication  (cost=4.58..4.58 rows=10)
            -> Filter: (sbtest2.id between 9935803 and 9935812)  (cost=2.28 rows=10)
                -> Index range scan on sbtest2 using PRIMARY over (9935803 <= id <= 9935812)  (cost=2.28 rows=10)


table 3 : explain SELECT DISTINCT c FROM sbtest3 WHERE id BETWEEN 84992 AND 85001 ORDER BY c
	-> Sort: sbtest3.c
    -> Table scan on <temporary>  (cost=4.84..7.2 rows=10)
        -> Temporary table with deduplication  (cost=4.58..4.58 rows=10)
            -> Filter: (sbtest3.id between 84992 and 85001)  (cost=2.28 rows=10)
                -> Index range scan on sbtest3 using PRIMARY over (84992 <= id <= 85001)  (cost=2.28 rows=10)


table 4 : explain SELECT DISTINCT c FROM sbtest4 WHERE id BETWEEN 8217148 AND 8217157 ORDER BY c
	-> Sort: sbtest4.c
    -> Table scan on <temporary>  (cost=4.84..7.2 rows=10)
        -> Temporary table with deduplication  (cost=4.58..4.58 rows=10)
            -> Filter: (sbtest4.id between 8217148 and 8217157)  (cost=2.28 rows=10)
                -> Index range scan on sbtest4 using PRIMARY over (8217148 <= id <= 8217157)  (cost=2.28 rows=10)


table 5 : explain SELECT DISTINCT c FROM sbtest5 WHERE id BETWEEN 4408827 AND 4408836 ORDER BY c
	-> Sort: sbtest5.c
    -> Table scan on <temporary>  (cost=4.84..7.2 rows=10)
        -> Temporary table with deduplication  (cost=4.58..4.58 rows=10)
            -> Filter: (sbtest5.id between 4408827 and 4408836)  (cost=2.28 rows=10)
                -> Index range scan on sbtest5 using PRIMARY over (4408827 <= id <= 4408836)  (cost=2.28 rows=10)


table 6 : explain SELECT DISTINCT c FROM sbtest6 WHERE id BETWEEN 5660371 AND 5660380 ORDER BY c
	-> Sort: sbtest6.c
    -> Table scan on <temporary>  (cost=4.84..7.2 rows=10)
        -> Temporary table with deduplication  (cost=4.58..4.58 rows=10)
            -> Filter: (sbtest6.id between 5660371 and 5660380)  (cost=2.28 rows=10)
                -> Index range scan on sbtest6 using PRIMARY over (5660371 <= id <= 5660380)  (cost=2.28 rows=10)


table 7 : explain SELECT DISTINCT c FROM sbtest7 WHERE id BETWEEN 9873028 AND 9873037 ORDER BY c
	-> Sort: sbtest7.c
    -> Table scan on <temporary>  (cost=4.84..7.2 rows=10)
        -> Temporary table with deduplication  (cost=4.58..4.58 rows=10)
            -> Filter: (sbtest7.id between 9873028 and 9873037)  (cost=2.28 rows=10)
                -> Index range scan on sbtest7 using PRIMARY over (9873028 <= id <= 9873037)  (cost=2.28 rows=10)


table 8 : explain SELECT DISTINCT c FROM sbtest8 WHERE id BETWEEN 1539584 AND 1539593 ORDER BY c
	-> Sort: sbtest8.c
    -> Table scan on <temporary>  (cost=4.84..7.2 rows=10)
        -> Temporary table with deduplication  (cost=4.58..4.58 rows=10)
            -> Filter: (sbtest8.id between 1539584 and 1539593)  (cost=2.28 rows=10)
                -> Index range scan on sbtest8 using PRIMARY over (1539584 <= id <= 1539593)  (cost=2.28 rows=10)


for: distinct_ranges
table 1 : explain SELECT DISTINCT c FROM sbtest1 WHERE id BETWEEN 7781780 AND 7781789 ORDER BY c
	-> Sort: sbtest1.c
    -> Table scan on <temporary>  (cost=4.84..7.2 rows=10)
        -> Temporary table with deduplication  (cost=4.58..4.58 rows=10)
            -> Filter: (sbtest1.id between 7781780 and 7781789)  (cost=2.28 rows=10)
                -> Index range scan on sbtest1 using PRIMARY over (7781780 <= id <= 7781789)  (cost=2.28 rows=10)


table 2 : explain SELECT DISTINCT c FROM sbtest2 WHERE id BETWEEN 6039126 AND 6039135 ORDER BY c
	-> Sort: sbtest2.c
    -> Table scan on <temporary>  (cost=4.84..7.2 rows=10)
        -> Temporary table with deduplication  (cost=4.58..4.58 rows=10)
            -> Filter: (sbtest2.id between 6039126 and 6039135)  (cost=2.28 rows=10)
                -> Index range scan on sbtest2 using PRIMARY over (6039126 <= id <= 6039135)  (cost=2.28 rows=10)


table 3 : explain SELECT DISTINCT c FROM sbtest3 WHERE id BETWEEN 9867625 AND 9867634 ORDER BY c
	-> Sort: sbtest3.c
    -> Table scan on <temporary>  (cost=4.84..7.2 rows=10)
        -> Temporary table with deduplication  (cost=4.58..4.58 rows=10)
            -> Filter: (sbtest3.id between 9867625 and 9867634)  (cost=2.28 rows=10)
                -> Index range scan on sbtest3 using PRIMARY over (9867625 <= id <= 9867634)  (cost=2.28 rows=10)


table 4 : explain SELECT DISTINCT c FROM sbtest4 WHERE id BETWEEN 6601050 AND 6601059 ORDER BY c
	-> Sort: sbtest4.c
    -> Table scan on <temporary>  (cost=4.84..7.2 rows=10)
        -> Temporary table with deduplication  (cost=4.58..4.58 rows=10)
            -> Filter: (sbtest4.id between 6601050 and 6601059)  (cost=2.28 rows=10)
                -> Index range scan on sbtest4 using PRIMARY over (6601050 <= id <= 6601059)  (cost=2.28 rows=10)


table 5 : explain SELECT DISTINCT c FROM sbtest5 WHERE id BETWEEN 3814360 AND 3814369 ORDER BY c
	-> Sort: sbtest5.c
    -> Table scan on <temporary>  (cost=4.84..7.2 rows=10)
        -> Temporary table with deduplication  (cost=4.58..4.58 rows=10)
            -> Filter: (sbtest5.id between 3814360 and 3814369)  (cost=2.28 rows=10)
                -> Index range scan on sbtest5 using PRIMARY over (3814360 <= id <= 3814369)  (cost=2.28 rows=10)


table 6 : explain SELECT DISTINCT c FROM sbtest6 WHERE id BETWEEN 9344459 AND 9344468 ORDER BY c
	-> Sort: sbtest6.c
    -> Table scan on <temporary>  (cost=4.84..7.2 rows=10)
        -> Temporary table with deduplication  (cost=4.58..4.58 rows=10)
            -> Filter: (sbtest6.id between 9344459 and 9344468)  (cost=2.28 rows=10)
                -> Index range scan on sbtest6 using PRIMARY over (9344459 <= id <= 9344468)  (cost=2.28 rows=10)


table 7 : explain SELECT DISTINCT c FROM sbtest7 WHERE id BETWEEN 1737046 AND 1737055 ORDER BY c
	-> Sort: sbtest7.c
    -> Table scan on <temporary>  (cost=4.84..7.2 rows=10)
        -> Temporary table with deduplication  (cost=4.58..4.58 rows=10)
            -> Filter: (sbtest7.id between 1737046 and 1737055)  (cost=2.28 rows=10)
                -> Index range scan on sbtest7 using PRIMARY over (1737046 <= id <= 1737055)  (cost=2.28 rows=10)


table 8 : explain SELECT DISTINCT c FROM sbtest8 WHERE id BETWEEN 9518752 AND 9518761 ORDER BY c
	-> Sort: sbtest8.c
    -> Table scan on <temporary>  (cost=4.84..7.2 rows=10)
        -> Temporary table with deduplication  (cost=4.58..4.58 rows=10)
            -> Filter: (sbtest8.id between 9518752 and 9518761)  (cost=2.28 rows=10)
                -> Index range scan on sbtest8 using PRIMARY over (9518752 <= id <= 9518761)  (cost=2.28 rows=10)


for: distinct_ranges
table 1 : explain SELECT DISTINCT c FROM sbtest1 WHERE id BETWEEN 4607408 AND 4607417 ORDER BY c
	-> Sort: sbtest1.c
    -> Table scan on <temporary>  (cost=4.84..7.2 rows=10)
        -> Temporary table with deduplication  (cost=4.58..4.58 rows=10)
            -> Filter: (sbtest1.id between 4607408 and 4607417)  (cost=2.28 rows=10)
                -> Index range scan on sbtest1 using PRIMARY over (4607408 <= id <= 4607417)  (cost=2.28 rows=10)


table 2 : explain SELECT DISTINCT c FROM sbtest2 WHERE id BETWEEN 9255932 AND 9255941 ORDER BY c
	-> Sort: sbtest2.c
    -> Table scan on <temporary>  (cost=4.84..7.2 rows=10)
        -> Temporary table with deduplication  (cost=4.58..4.58 rows=10)
            -> Filter: (sbtest2.id between 9255932 and 9255941)  (cost=2.28 rows=10)
                -> Index range scan on sbtest2 using PRIMARY over (9255932 <= id <= 9255941)  (cost=2.28 rows=10)


table 3 : explain SELECT DISTINCT c FROM sbtest3 WHERE id BETWEEN 7982495 AND 7982504 ORDER BY c
	-> Sort: sbtest3.c
    -> Table scan on <temporary>  (cost=4.84..7.2 rows=10)
        -> Temporary table with deduplication  (cost=4.58..4.58 rows=10)
            -> Filter: (sbtest3.id between 7982495 and 7982504)  (cost=2.28 rows=10)
                -> Index range scan on sbtest3 using PRIMARY over (7982495 <= id <= 7982504)  (cost=2.28 rows=10)


table 4 : explain SELECT DISTINCT c FROM sbtest4 WHERE id BETWEEN 9836355 AND 9836364 ORDER BY c
	-> Sort: sbtest4.c
    -> Table scan on <temporary>  (cost=4.84..7.2 rows=10)
        -> Temporary table with deduplication  (cost=4.58..4.58 rows=10)
            -> Filter: (sbtest4.id between 9836355 and 9836364)  (cost=2.28 rows=10)
                -> Index range scan on sbtest4 using PRIMARY over (9836355 <= id <= 9836364)  (cost=2.28 rows=10)


table 5 : explain SELECT DISTINCT c FROM sbtest5 WHERE id BETWEEN 4640590 AND 4640599 ORDER BY c
	-> Sort: sbtest5.c
    -> Table scan on <temporary>  (cost=4.84..7.2 rows=10)
        -> Temporary table with deduplication  (cost=4.58..4.58 rows=10)
            -> Filter: (sbtest5.id between 4640590 and 4640599)  (cost=2.28 rows=10)
                -> Index range scan on sbtest5 using PRIMARY over (4640590 <= id <= 4640599)  (cost=2.28 rows=10)


table 6 : explain SELECT DISTINCT c FROM sbtest6 WHERE id BETWEEN 8082332 AND 8082341 ORDER BY c
	-> Sort: sbtest6.c
    -> Table scan on <temporary>  (cost=4.84..7.2 rows=10)
        -> Temporary table with deduplication  (cost=4.58..4.58 rows=10)
            -> Filter: (sbtest6.id between 8082332 and 8082341)  (cost=2.28 rows=10)
                -> Index range scan on sbtest6 using PRIMARY over (8082332 <= id <= 8082341)  (cost=2.28 rows=10)


table 7 : explain SELECT DISTINCT c FROM sbtest7 WHERE id BETWEEN 8224604 AND 8224613 ORDER BY c
	-> Sort: sbtest7.c
    -> Table scan on <temporary>  (cost=4.84..7.2 rows=10)
        -> Temporary table with deduplication  (cost=4.58..4.58 rows=10)
            -> Filter: (sbtest7.id between 8224604 and 8224613)  (cost=2.28 rows=10)
                -> Index range scan on sbtest7 using PRIMARY over (8224604 <= id <= 8224613)  (cost=2.28 rows=10)


table 8 : explain SELECT DISTINCT c FROM sbtest8 WHERE id BETWEEN 6903267 AND 6903276 ORDER BY c
	-> Sort: sbtest8.c
    -> Table scan on <temporary>  (cost=4.84..7.2 rows=10)
        -> Temporary table with deduplication  (cost=4.58..4.58 rows=10)
            -> Filter: (sbtest8.id between 6903267 and 6903276)  (cost=2.28 rows=10)
                -> Index range scan on sbtest8 using PRIMARY over (6903267 <= id <= 6903276)  (cost=2.28 rows=10)


for: distinct_ranges
table 1 : explain SELECT DISTINCT c FROM sbtest1 WHERE id BETWEEN 9635001 AND 9635010 ORDER BY c
	-> Sort: sbtest1.c
    -> Table scan on <temporary>  (cost=4.84..7.2 rows=10)
        -> Temporary table with deduplication  (cost=4.58..4.58 rows=10)
            -> Filter: (sbtest1.id between 9635001 and 9635010)  (cost=2.28 rows=10)
                -> Index range scan on sbtest1 using PRIMARY over (9635001 <= id <= 9635010)  (cost=2.28 rows=10)


table 2 : explain SELECT DISTINCT c FROM sbtest2 WHERE id BETWEEN 5030374 AND 5030383 ORDER BY c
	-> Sort: sbtest2.c
    -> Table scan on <temporary>  (cost=4.84..7.2 rows=10)
        -> Temporary table with deduplication  (cost=4.58..4.58 rows=10)
            -> Filter: (sbtest2.id between 5030374 and 5030383)  (cost=2.28 rows=10)
                -> Index range scan on sbtest2 using PRIMARY over (5030374 <= id <= 5030383)  (cost=2.28 rows=10)


table 3 : explain SELECT DISTINCT c FROM sbtest3 WHERE id BETWEEN 6592579 AND 6592588 ORDER BY c
	-> Sort: sbtest3.c
    -> Table scan on <temporary>  (cost=4.84..7.2 rows=10)
        -> Temporary table with deduplication  (cost=4.58..4.58 rows=10)
            -> Filter: (sbtest3.id between 6592579 and 6592588)  (cost=2.28 rows=10)
                -> Index range scan on sbtest3 using PRIMARY over (6592579 <= id <= 6592588)  (cost=2.28 rows=10)


table 4 : explain SELECT DISTINCT c FROM sbtest4 WHERE id BETWEEN 1567898 AND 1567907 ORDER BY c
	-> Sort: sbtest4.c
    -> Table scan on <temporary>  (cost=4.84..7.2 rows=10)
        -> Temporary table with deduplication  (cost=4.58..4.58 rows=10)
            -> Filter: (sbtest4.id between 1567898 and 1567907)  (cost=2.28 rows=10)
                -> Index range scan on sbtest4 using PRIMARY over (1567898 <= id <= 1567907)  (cost=2.28 rows=10)


table 5 : explain SELECT DISTINCT c FROM sbtest5 WHERE id BETWEEN 9987990 AND 9987999 ORDER BY c
	-> Sort: sbtest5.c
    -> Table scan on <temporary>  (cost=4.84..7.2 rows=10)
        -> Temporary table with deduplication  (cost=4.58..4.58 rows=10)
            -> Filter: (sbtest5.id between 9987990 and 9987999)  (cost=2.28 rows=10)
                -> Index range scan on sbtest5 using PRIMARY over (9987990 <= id <= 9987999)  (cost=2.28 rows=10)


table 6 : explain SELECT DISTINCT c FROM sbtest6 WHERE id BETWEEN 5957645 AND 5957654 ORDER BY c
	-> Sort: sbtest6.c
    -> Table scan on <temporary>  (cost=4.84..7.2 rows=10)
        -> Temporary table with deduplication  (cost=4.58..4.58 rows=10)
            -> Filter: (sbtest6.id between 5957645 and 5957654)  (cost=2.28 rows=10)
                -> Index range scan on sbtest6 using PRIMARY over (5957645 <= id <= 5957654)  (cost=2.28 rows=10)


table 7 : explain SELECT DISTINCT c FROM sbtest7 WHERE id BETWEEN 6586246 AND 6586255 ORDER BY c
	-> Sort: sbtest7.c
    -> Table scan on <temporary>  (cost=4.84..7.2 rows=10)
        -> Temporary table with deduplication  (cost=4.58..4.58 rows=10)
            -> Filter: (sbtest7.id between 6586246 and 6586255)  (cost=2.28 rows=10)
                -> Index range scan on sbtest7 using PRIMARY over (6586246 <= id <= 6586255)  (cost=2.28 rows=10)


table 8 : explain SELECT DISTINCT c FROM sbtest8 WHERE id BETWEEN 2150538 AND 2150547 ORDER BY c
	-> Sort: sbtest8.c
    -> Table scan on <temporary>  (cost=4.84..7.2 rows=10)
        -> Temporary table with deduplication  (cost=4.58..4.58 rows=10)
            -> Filter: (sbtest8.id between 2150538 and 2150547)  (cost=2.28 rows=10)
                -> Index range scan on sbtest8 using PRIMARY over (2150538 <= id <= 2150547)  (cost=2.28 rows=10)


for: distinct_ranges
table 1 : explain SELECT DISTINCT c FROM sbtest1 WHERE id BETWEEN 3403181 AND 3403190 ORDER BY c
	-> Sort: sbtest1.c
    -> Table scan on <temporary>  (cost=4.84..7.2 rows=10)
        -> Temporary table with deduplication  (cost=4.58..4.58 rows=10)
            -> Filter: (sbtest1.id between 3403181 and 3403190)  (cost=2.28 rows=10)
                -> Index range scan on sbtest1 using PRIMARY over (3403181 <= id <= 3403190)  (cost=2.28 rows=10)


table 2 : explain SELECT DISTINCT c FROM sbtest2 WHERE id BETWEEN 88160 AND 88169 ORDER BY c
	-> Sort: sbtest2.c
    -> Table scan on <temporary>  (cost=4.84..7.2 rows=10)
        -> Temporary table with deduplication  (cost=4.58..4.58 rows=10)
            -> Filter: (sbtest2.id between 88160 and 88169)  (cost=2.28 rows=10)
                -> Index range scan on sbtest2 using PRIMARY over (88160 <= id <= 88169)  (cost=2.28 rows=10)


table 3 : explain SELECT DISTINCT c FROM sbtest3 WHERE id BETWEEN 437441 AND 437450 ORDER BY c
	-> Sort: sbtest3.c
    -> Table scan on <temporary>  (cost=4.84..7.2 rows=10)
        -> Temporary table with deduplication  (cost=4.58..4.58 rows=10)
            -> Filter: (sbtest3.id between 437441 and 437450)  (cost=2.28 rows=10)
                -> Index range scan on sbtest3 using PRIMARY over (437441 <= id <= 437450)  (cost=2.28 rows=10)


table 4 : explain SELECT DISTINCT c FROM sbtest4 WHERE id BETWEEN 4505807 AND 4505816 ORDER BY c
	-> Sort: sbtest4.c
    -> Table scan on <temporary>  (cost=4.84..7.2 rows=10)
        -> Temporary table with deduplication  (cost=4.58..4.58 rows=10)
            -> Filter: (sbtest4.id between 4505807 and 4505816)  (cost=2.28 rows=10)
                -> Index range scan on sbtest4 using PRIMARY over (4505807 <= id <= 4505816)  (cost=2.28 rows=10)


table 5 : explain SELECT DISTINCT c FROM sbtest5 WHERE id BETWEEN 9670038 AND 9670047 ORDER BY c
	-> Sort: sbtest5.c
    -> Table scan on <temporary>  (cost=4.84..7.2 rows=10)
        -> Temporary table with deduplication  (cost=4.58..4.58 rows=10)
            -> Filter: (sbtest5.id between 9670038 and 9670047)  (cost=2.28 rows=10)
                -> Index range scan on sbtest5 using PRIMARY over (9670038 <= id <= 9670047)  (cost=2.28 rows=10)


table 6 : explain SELECT DISTINCT c FROM sbtest6 WHERE id BETWEEN 9982472 AND 9982481 ORDER BY c
	-> Sort: sbtest6.c
    -> Table scan on <temporary>  (cost=4.84..7.2 rows=10)
        -> Temporary table with deduplication  (cost=4.58..4.58 rows=10)
            -> Filter: (sbtest6.id between 9982472 and 9982481)  (cost=2.28 rows=10)
                -> Index range scan on sbtest6 using PRIMARY over (9982472 <= id <= 9982481)  (cost=2.28 rows=10)


table 7 : explain SELECT DISTINCT c FROM sbtest7 WHERE id BETWEEN 9536889 AND 9536898 ORDER BY c
	-> Sort: sbtest7.c
    -> Table scan on <temporary>  (cost=4.84..7.2 rows=10)
        -> Temporary table with deduplication  (cost=4.58..4.58 rows=10)
            -> Filter: (sbtest7.id between 9536889 and 9536898)  (cost=2.28 rows=10)
                -> Index range scan on sbtest7 using PRIMARY over (9536889 <= id <= 9536898)  (cost=2.28 rows=10)


table 8 : explain SELECT DISTINCT c FROM sbtest8 WHERE id BETWEEN 7316628 AND 7316637 ORDER BY c
	-> Sort: sbtest8.c
    -> Table scan on <temporary>  (cost=4.84..7.2 rows=10)
        -> Temporary table with deduplication  (cost=4.58..4.58 rows=10)
            -> Filter: (sbtest8.id between 7316628 and 7316637)  (cost=2.28 rows=10)
                -> Index range scan on sbtest8 using PRIMARY over (7316628 <= id <= 7316637)  (cost=2.28 rows=10)


for: distinct_ranges
table 1 : explain SELECT DISTINCT c FROM sbtest1 WHERE id BETWEEN 6569002 AND 6569011 ORDER BY c
	-> Sort: sbtest1.c
    -> Table scan on <temporary>  (cost=4.84..7.2 rows=10)
        -> Temporary table with deduplication  (cost=4.58..4.58 rows=10)
            -> Filter: (sbtest1.id between 6569002 and 6569011)  (cost=2.28 rows=10)
                -> Index range scan on sbtest1 using PRIMARY over (6569002 <= id <= 6569011)  (cost=2.28 rows=10)


table 2 : explain SELECT DISTINCT c FROM sbtest2 WHERE id BETWEEN 4088022 AND 4088031 ORDER BY c
	-> Sort: sbtest2.c
    -> Table scan on <temporary>  (cost=4.84..7.2 rows=10)
        -> Temporary table with deduplication  (cost=4.58..4.58 rows=10)
            -> Filter: (sbtest2.id between 4088022 and 4088031)  (cost=2.28 rows=10)
                -> Index range scan on sbtest2 using PRIMARY over (4088022 <= id <= 4088031)  (cost=2.28 rows=10)


table 3 : explain SELECT DISTINCT c FROM sbtest3 WHERE id BETWEEN 109287 AND 109296 ORDER BY c
	-> Sort: sbtest3.c
    -> Table scan on <temporary>  (cost=4.84..7.2 rows=10)
        -> Temporary table with deduplication  (cost=4.58..4.58 rows=10)
            -> Filter: (sbtest3.id between 109287 and 109296)  (cost=2.28 rows=10)
                -> Index range scan on sbtest3 using PRIMARY over (109287 <= id <= 109296)  (cost=2.28 rows=10)


table 4 : explain SELECT DISTINCT c FROM sbtest4 WHERE id BETWEEN 4359229 AND 4359238 ORDER BY c
	-> Sort: sbtest4.c
    -> Table scan on <temporary>  (cost=4.84..7.2 rows=10)
        -> Temporary table with deduplication  (cost=4.58..4.58 rows=10)
            -> Filter: (sbtest4.id between 4359229 and 4359238)  (cost=2.28 rows=10)
                -> Index range scan on sbtest4 using PRIMARY over (4359229 <= id <= 4359238)  (cost=2.28 rows=10)


table 5 : explain SELECT DISTINCT c FROM sbtest5 WHERE id BETWEEN 7609683 AND 7609692 ORDER BY c
	-> Sort: sbtest5.c
    -> Table scan on <temporary>  (cost=4.84..7.2 rows=10)
        -> Temporary table with deduplication  (cost=4.58..4.58 rows=10)
            -> Filter: (sbtest5.id between 7609683 and 7609692)  (cost=2.28 rows=10)
                -> Index range scan on sbtest5 using PRIMARY over (7609683 <= id <= 7609692)  (cost=2.28 rows=10)


table 6 : explain SELECT DISTINCT c FROM sbtest6 WHERE id BETWEEN 9205267 AND 9205276 ORDER BY c
	-> Sort: sbtest6.c
    -> Table scan on <temporary>  (cost=4.84..7.2 rows=10)
        -> Temporary table with deduplication  (cost=4.58..4.58 rows=10)
            -> Filter: (sbtest6.id between 9205267 and 9205276)  (cost=2.28 rows=10)
                -> Index range scan on sbtest6 using PRIMARY over (9205267 <= id <= 9205276)  (cost=2.28 rows=10)


table 7 : explain SELECT DISTINCT c FROM sbtest7 WHERE id BETWEEN 9526756 AND 9526765 ORDER BY c
	-> Sort: sbtest7.c
    -> Table scan on <temporary>  (cost=4.84..7.2 rows=10)
        -> Temporary table with deduplication  (cost=4.58..4.58 rows=10)
            -> Filter: (sbtest7.id between 9526756 and 9526765)  (cost=2.28 rows=10)
                -> Index range scan on sbtest7 using PRIMARY over (9526756 <= id <= 9526765)  (cost=2.28 rows=10)


table 8 : explain SELECT DISTINCT c FROM sbtest8 WHERE id BETWEEN 8731215 AND 8731224 ORDER BY c
	-> Sort: sbtest8.c
    -> Table scan on <temporary>  (cost=4.84..7.2 rows=10)
        -> Temporary table with deduplication  (cost=4.58..4.58 rows=10)
            -> Filter: (sbtest8.id between 8731215 and 8731224)  (cost=2.28 rows=10)
                -> Index range scan on sbtest8 using PRIMARY over (8731215 <= id <= 8731224)  (cost=2.28 rows=10)


for: distinct_ranges
table 1 : explain SELECT DISTINCT c FROM sbtest1 WHERE id BETWEEN 7997208 AND 7997217 ORDER BY c
	-> Sort: sbtest1.c
    -> Table scan on <temporary>  (cost=4.84..7.2 rows=10)
        -> Temporary table with deduplication  (cost=4.58..4.58 rows=10)
            -> Filter: (sbtest1.id between 7997208 and 7997217)  (cost=2.28 rows=10)
                -> Index range scan on sbtest1 using PRIMARY over (7997208 <= id <= 7997217)  (cost=2.28 rows=10)


table 2 : explain SELECT DISTINCT c FROM sbtest2 WHERE id BETWEEN 522236 AND 522245 ORDER BY c
	-> Sort: sbtest2.c
    -> Table scan on <temporary>  (cost=4.84..7.2 rows=10)
        -> Temporary table with deduplication  (cost=4.58..4.58 rows=10)
            -> Filter: (sbtest2.id between 522236 and 522245)  (cost=2.28 rows=10)
                -> Index range scan on sbtest2 using PRIMARY over (522236 <= id <= 522245)  (cost=2.28 rows=10)


table 3 : explain SELECT DISTINCT c FROM sbtest3 WHERE id BETWEEN 907105 AND 907114 ORDER BY c
	-> Sort: sbtest3.c
    -> Table scan on <temporary>  (cost=4.84..7.2 rows=10)
        -> Temporary table with deduplication  (cost=4.58..4.58 rows=10)
            -> Filter: (sbtest3.id between 907105 and 907114)  (cost=2.28 rows=10)
                -> Index range scan on sbtest3 using PRIMARY over (907105 <= id <= 907114)  (cost=2.28 rows=10)


table 4 : explain SELECT DISTINCT c FROM sbtest4 WHERE id BETWEEN 9758007 AND 9758016 ORDER BY c
	-> Sort: sbtest4.c
    -> Table scan on <temporary>  (cost=4.84..7.2 rows=10)
        -> Temporary table with deduplication  (cost=4.58..4.58 rows=10)
            -> Filter: (sbtest4.id between 9758007 and 9758016)  (cost=2.28 rows=10)
                -> Index range scan on sbtest4 using PRIMARY over (9758007 <= id <= 9758016)  (cost=2.28 rows=10)


table 5 : explain SELECT DISTINCT c FROM sbtest5 WHERE id BETWEEN 8600959 AND 8600968 ORDER BY c
	-> Sort: sbtest5.c
    -> Table scan on <temporary>  (cost=4.84..7.2 rows=10)
        -> Temporary table with deduplication  (cost=4.58..4.58 rows=10)
            -> Filter: (sbtest5.id between 8600959 and 8600968)  (cost=2.28 rows=10)
                -> Index range scan on sbtest5 using PRIMARY over (8600959 <= id <= 8600968)  (cost=2.28 rows=10)


table 6 : explain SELECT DISTINCT c FROM sbtest6 WHERE id BETWEEN 8763488 AND 8763497 ORDER BY c
	-> Sort: sbtest6.c
    -> Table scan on <temporary>  (cost=4.84..7.2 rows=10)
        -> Temporary table with deduplication  (cost=4.58..4.58 rows=10)
            -> Filter: (sbtest6.id between 8763488 and 8763497)  (cost=2.28 rows=10)
                -> Index range scan on sbtest6 using PRIMARY over (8763488 <= id <= 8763497)  (cost=2.28 rows=10)


table 7 : explain SELECT DISTINCT c FROM sbtest7 WHERE id BETWEEN 5755746 AND 5755755 ORDER BY c
	-> Sort: sbtest7.c
    -> Table scan on <temporary>  (cost=4.84..7.2 rows=10)
        -> Temporary table with deduplication  (cost=4.58..4.58 rows=10)
            -> Filter: (sbtest7.id between 5755746 and 5755755)  (cost=2.28 rows=10)
                -> Index range scan on sbtest7 using PRIMARY over (5755746 <= id <= 5755755)  (cost=2.28 rows=10)


table 8 : explain SELECT DISTINCT c FROM sbtest8 WHERE id BETWEEN 1114346 AND 1114355 ORDER BY c
	-> Sort: sbtest8.c
    -> Table scan on <temporary>  (cost=4.84..7.2 rows=10)
        -> Temporary table with deduplication  (cost=4.58..4.58 rows=10)
            -> Filter: (sbtest8.id between 1114346 and 1114355)  (cost=2.28 rows=10)
                -> Index range scan on sbtest8 using PRIMARY over (1114346 <= id <= 1114355)  (cost=2.28 rows=10)


for: distinct_ranges
table 1 : explain SELECT DISTINCT c FROM sbtest1 WHERE id BETWEEN 6986780 AND 6986789 ORDER BY c
	-> Sort: sbtest1.c
    -> Table scan on <temporary>  (cost=4.84..7.2 rows=10)
        -> Temporary table with deduplication  (cost=4.58..4.58 rows=10)
            -> Filter: (sbtest1.id between 6986780 and 6986789)  (cost=2.28 rows=10)
                -> Index range scan on sbtest1 using PRIMARY over (6986780 <= id <= 6986789)  (cost=2.28 rows=10)


table 2 : explain SELECT DISTINCT c FROM sbtest2 WHERE id BETWEEN 8377683 AND 8377692 ORDER BY c
	-> Sort: sbtest2.c
    -> Table scan on <temporary>  (cost=4.84..7.2 rows=10)
        -> Temporary table with deduplication  (cost=4.58..4.58 rows=10)
            -> Filter: (sbtest2.id between 8377683 and 8377692)  (cost=2.28 rows=10)
                -> Index range scan on sbtest2 using PRIMARY over (8377683 <= id <= 8377692)  (cost=2.28 rows=10)


table 3 : explain SELECT DISTINCT c FROM sbtest3 WHERE id BETWEEN 2474919 AND 2474928 ORDER BY c
	-> Sort: sbtest3.c
    -> Table scan on <temporary>  (cost=4.84..7.2 rows=10)
        -> Temporary table with deduplication  (cost=4.58..4.58 rows=10)
            -> Filter: (sbtest3.id between 2474919 and 2474928)  (cost=2.28 rows=10)
                -> Index range scan on sbtest3 using PRIMARY over (2474919 <= id <= 2474928)  (cost=2.28 rows=10)


table 4 : explain SELECT DISTINCT c FROM sbtest4 WHERE id BETWEEN 9018656 AND 9018665 ORDER BY c
	-> Sort: sbtest4.c
    -> Table scan on <temporary>  (cost=4.84..7.2 rows=10)
        -> Temporary table with deduplication  (cost=4.58..4.58 rows=10)
            -> Filter: (sbtest4.id between 9018656 and 9018665)  (cost=2.28 rows=10)
                -> Index range scan on sbtest4 using PRIMARY over (9018656 <= id <= 9018665)  (cost=2.28 rows=10)


table 5 : explain SELECT DISTINCT c FROM sbtest5 WHERE id BETWEEN 3590067 AND 3590076 ORDER BY c
	-> Sort: sbtest5.c
    -> Table scan on <temporary>  (cost=4.84..7.2 rows=10)
        -> Temporary table with deduplication  (cost=4.58..4.58 rows=10)
            -> Filter: (sbtest5.id between 3590067 and 3590076)  (cost=2.28 rows=10)
                -> Index range scan on sbtest5 using PRIMARY over (3590067 <= id <= 3590076)  (cost=2.28 rows=10)


table 6 : explain SELECT DISTINCT c FROM sbtest6 WHERE id BETWEEN 1137478 AND 1137487 ORDER BY c
	-> Sort: sbtest6.c
    -> Table scan on <temporary>  (cost=4.84..7.2 rows=10)
        -> Temporary table with deduplication  (cost=4.58..4.58 rows=10)
            -> Filter: (sbtest6.id between 1137478 and 1137487)  (cost=2.28 rows=10)
                -> Index range scan on sbtest6 using PRIMARY over (1137478 <= id <= 1137487)  (cost=2.28 rows=10)


table 7 : explain SELECT DISTINCT c FROM sbtest7 WHERE id BETWEEN 3264298 AND 3264307 ORDER BY c
	-> Sort: sbtest7.c
    -> Table scan on <temporary>  (cost=4.84..7.2 rows=10)
        -> Temporary table with deduplication  (cost=4.58..4.58 rows=10)
            -> Filter: (sbtest7.id between 3264298 and 3264307)  (cost=2.28 rows=10)
                -> Index range scan on sbtest7 using PRIMARY over (3264298 <= id <= 3264307)  (cost=2.28 rows=10)


table 8 : explain SELECT DISTINCT c FROM sbtest8 WHERE id BETWEEN 5140236 AND 5140245 ORDER BY c
	-> Sort: sbtest8.c
    -> Table scan on <temporary>  (cost=4.84..7.2 rows=10)
        -> Temporary table with deduplication  (cost=4.58..4.58 rows=10)
            -> Filter: (sbtest8.id between 5140236 and 5140245)  (cost=2.28 rows=10)
                -> Index range scan on sbtest8 using PRIMARY over (5140236 <= id <= 5140245)  (cost=2.28 rows=10)


for: order_ranges
table 1 : explain SELECT c FROM sbtest1 WHERE id BETWEEN 7130251 AND 7130260 ORDER BY c
	-> Sort: sbtest1.c  (cost=2.28 rows=10)
    -> Filter: (sbtest1.id between 7130251 and 7130260)  (cost=2.28 rows=10)
        -> Index range scan on sbtest1 using PRIMARY over (7130251 <= id <= 7130260)  (cost=2.28 rows=10)


table 2 : explain SELECT c FROM sbtest2 WHERE id BETWEEN 1779232 AND 1779241 ORDER BY c
	-> Sort: sbtest2.c  (cost=2.28 rows=10)
    -> Filter: (sbtest2.id between 1779232 and 1779241)  (cost=2.28 rows=10)
        -> Index range scan on sbtest2 using PRIMARY over (1779232 <= id <= 1779241)  (cost=2.28 rows=10)


table 3 : explain SELECT c FROM sbtest3 WHERE id BETWEEN 5328538 AND 5328547 ORDER BY c
	-> Sort: sbtest3.c  (cost=2.28 rows=10)
    -> Filter: (sbtest3.id between 5328538 and 5328547)  (cost=2.28 rows=10)
        -> Index range scan on sbtest3 using PRIMARY over (5328538 <= id <= 5328547)  (cost=2.28 rows=10)


table 4 : explain SELECT c FROM sbtest4 WHERE id BETWEEN 1907940 AND 1907949 ORDER BY c
	-> Sort: sbtest4.c  (cost=2.28 rows=10)
    -> Filter: (sbtest4.id between 1907940 and 1907949)  (cost=2.28 rows=10)
        -> Index range scan on sbtest4 using PRIMARY over (1907940 <= id <= 1907949)  (cost=2.28 rows=10)


table 5 : explain SELECT c FROM sbtest5 WHERE id BETWEEN 6365499 AND 6365508 ORDER BY c
	-> Sort: sbtest5.c  (cost=2.28 rows=10)
    -> Filter: (sbtest5.id between 6365499 and 6365508)  (cost=2.28 rows=10)
        -> Index range scan on sbtest5 using PRIMARY over (6365499 <= id <= 6365508)  (cost=2.28 rows=10)


table 6 : explain SELECT c FROM sbtest6 WHERE id BETWEEN 5860732 AND 5860741 ORDER BY c
	-> Sort: sbtest6.c  (cost=2.28 rows=10)
    -> Filter: (sbtest6.id between 5860732 and 5860741)  (cost=2.28 rows=10)
        -> Index range scan on sbtest6 using PRIMARY over (5860732 <= id <= 5860741)  (cost=2.28 rows=10)


table 7 : explain SELECT c FROM sbtest7 WHERE id BETWEEN 9336466 AND 9336475 ORDER BY c
	-> Sort: sbtest7.c  (cost=2.28 rows=10)
    -> Filter: (sbtest7.id between 9336466 and 9336475)  (cost=2.28 rows=10)
        -> Index range scan on sbtest7 using PRIMARY over (9336466 <= id <= 9336475)  (cost=2.28 rows=10)


table 8 : explain SELECT c FROM sbtest8 WHERE id BETWEEN 7916182 AND 7916191 ORDER BY c
	-> Sort: sbtest8.c  (cost=2.28 rows=10)
    -> Filter: (sbtest8.id between 7916182 and 7916191)  (cost=2.28 rows=10)
        -> Index range scan on sbtest8 using PRIMARY over (7916182 <= id <= 7916191)  (cost=2.28 rows=10)


for: order_ranges
table 1 : explain SELECT c FROM sbtest1 WHERE id BETWEEN 7119082 AND 7119091 ORDER BY c
	-> Sort: sbtest1.c  (cost=2.28 rows=10)
    -> Filter: (sbtest1.id between 7119082 and 7119091)  (cost=2.28 rows=10)
        -> Index range scan on sbtest1 using PRIMARY over (7119082 <= id <= 7119091)  (cost=2.28 rows=10)


table 2 : explain SELECT c FROM sbtest2 WHERE id BETWEEN 1845027 AND 1845036 ORDER BY c
	-> Sort: sbtest2.c  (cost=2.28 rows=10)
    -> Filter: (sbtest2.id between 1845027 and 1845036)  (cost=2.28 rows=10)
        -> Index range scan on sbtest2 using PRIMARY over (1845027 <= id <= 1845036)  (cost=2.28 rows=10)


table 3 : explain SELECT c FROM sbtest3 WHERE id BETWEEN 8461258 AND 8461267 ORDER BY c
	-> Sort: sbtest3.c  (cost=2.28 rows=10)
    -> Filter: (sbtest3.id between 8461258 and 8461267)  (cost=2.28 rows=10)
        -> Index range scan on sbtest3 using PRIMARY over (8461258 <= id <= 8461267)  (cost=2.28 rows=10)


table 4 : explain SELECT c FROM sbtest4 WHERE id BETWEEN 418053 AND 418062 ORDER BY c
	-> Sort: sbtest4.c  (cost=2.28 rows=10)
    -> Filter: (sbtest4.id between 418053 and 418062)  (cost=2.28 rows=10)
        -> Index range scan on sbtest4 using PRIMARY over (418053 <= id <= 418062)  (cost=2.28 rows=10)


table 5 : explain SELECT c FROM sbtest5 WHERE id BETWEEN 9958552 AND 9958561 ORDER BY c
	-> Sort: sbtest5.c  (cost=2.28 rows=10)
    -> Filter: (sbtest5.id between 9958552 and 9958561)  (cost=2.28 rows=10)
        -> Index range scan on sbtest5 using PRIMARY over (9958552 <= id <= 9958561)  (cost=2.28 rows=10)


table 6 : explain SELECT c FROM sbtest6 WHERE id BETWEEN 5699646 AND 5699655 ORDER BY c
	-> Sort: sbtest6.c  (cost=2.28 rows=10)
    -> Filter: (sbtest6.id between 5699646 and 5699655)  (cost=2.28 rows=10)
        -> Index range scan on sbtest6 using PRIMARY over (5699646 <= id <= 5699655)  (cost=2.28 rows=10)


table 7 : explain SELECT c FROM sbtest7 WHERE id BETWEEN 6009357 AND 6009366 ORDER BY c
	-> Sort: sbtest7.c  (cost=2.28 rows=10)
    -> Filter: (sbtest7.id between 6009357 and 6009366)  (cost=2.28 rows=10)
        -> Index range scan on sbtest7 using PRIMARY over (6009357 <= id <= 6009366)  (cost=2.28 rows=10)


table 8 : explain SELECT c FROM sbtest8 WHERE id BETWEEN 7537805 AND 7537814 ORDER BY c
	-> Sort: sbtest8.c  (cost=2.28 rows=10)
    -> Filter: (sbtest8.id between 7537805 and 7537814)  (cost=2.28 rows=10)
        -> Index range scan on sbtest8 using PRIMARY over (7537805 <= id <= 7537814)  (cost=2.28 rows=10)


for: distinct_ranges
table 1 : explain SELECT DISTINCT c FROM sbtest1 WHERE id BETWEEN 8652183 AND 8652192 ORDER BY c
	-> Sort: sbtest1.c
    -> Table scan on <temporary>  (cost=4.84..7.2 rows=10)
        -> Temporary table with deduplication  (cost=4.58..4.58 rows=10)
            -> Filter: (sbtest1.id between 8652183 and 8652192)  (cost=2.28 rows=10)
                -> Index range scan on sbtest1 using PRIMARY over (8652183 <= id <= 8652192)  (cost=2.28 rows=10)


table 2 : explain SELECT DISTINCT c FROM sbtest2 WHERE id BETWEEN 9326753 AND 9326762 ORDER BY c
	-> Sort: sbtest2.c
    -> Table scan on <temporary>  (cost=4.84..7.2 rows=10)
        -> Temporary table with deduplication  (cost=4.58..4.58 rows=10)
            -> Filter: (sbtest2.id between 9326753 and 9326762)  (cost=2.28 rows=10)
                -> Index range scan on sbtest2 using PRIMARY over (9326753 <= id <= 9326762)  (cost=2.28 rows=10)


table 3 : explain SELECT DISTINCT c FROM sbtest3 WHERE id BETWEEN 3581786 AND 3581795 ORDER BY c
	-> Sort: sbtest3.c
    -> Table scan on <temporary>  (cost=4.84..7.2 rows=10)
        -> Temporary table with deduplication  (cost=4.58..4.58 rows=10)
            -> Filter: (sbtest3.id between 3581786 and 3581795)  (cost=2.28 rows=10)
                -> Index range scan on sbtest3 using PRIMARY over (3581786 <= id <= 3581795)  (cost=2.28 rows=10)


table 4 : explain SELECT DISTINCT c FROM sbtest4 WHERE id BETWEEN 2498169 AND 2498178 ORDER BY c
	-> Sort: sbtest4.c
    -> Table scan on <temporary>  (cost=4.84..7.2 rows=10)
        -> Temporary table with deduplication  (cost=4.58..4.58 rows=10)
            -> Filter: (sbtest4.id between 2498169 and 2498178)  (cost=2.28 rows=10)
                -> Index range scan on sbtest4 using PRIMARY over (2498169 <= id <= 2498178)  (cost=2.28 rows=10)


table 5 : explain SELECT DISTINCT c FROM sbtest5 WHERE id BETWEEN 6423936 AND 6423945 ORDER BY c
	-> Sort: sbtest5.c
    -> Table scan on <temporary>  (cost=4.84..7.2 rows=10)
        -> Temporary table with deduplication  (cost=4.58..4.58 rows=10)
            -> Filter: (sbtest5.id between 6423936 and 6423945)  (cost=2.28 rows=10)
                -> Index range scan on sbtest5 using PRIMARY over (6423936 <= id <= 6423945)  (cost=2.28 rows=10)


table 6 : explain SELECT DISTINCT c FROM sbtest6 WHERE id BETWEEN 8070252 AND 8070261 ORDER BY c
	-> Sort: sbtest6.c
    -> Table scan on <temporary>  (cost=4.84..7.2 rows=10)
        -> Temporary table with deduplication  (cost=4.58..4.58 rows=10)
            -> Filter: (sbtest6.id between 8070252 and 8070261)  (cost=2.28 rows=10)
                -> Index range scan on sbtest6 using PRIMARY over (8070252 <= id <= 8070261)  (cost=2.28 rows=10)


table 7 : explain SELECT DISTINCT c FROM sbtest7 WHERE id BETWEEN 5863612 AND 5863621 ORDER BY c
	-> Sort: sbtest7.c
    -> Table scan on <temporary>  (cost=4.84..7.2 rows=10)
        -> Temporary table with deduplication  (cost=4.58..4.58 rows=10)
            -> Filter: (sbtest7.id between 5863612 and 5863621)  (cost=2.28 rows=10)
                -> Index range scan on sbtest7 using PRIMARY over (5863612 <= id <= 5863621)  (cost=2.28 rows=10)


table 8 : explain SELECT DISTINCT c FROM sbtest8 WHERE id BETWEEN 1733860 AND 1733869 ORDER BY c
	-> Sort: sbtest8.c
    -> Table scan on <temporary>  (cost=4.84..7.2 rows=10)
        -> Temporary table with deduplication  (cost=4.58..4.58 rows=10)
            -> Filter: (sbtest8.id between 1733860 and 1733869)  (cost=2.28 rows=10)
                -> Index range scan on sbtest8 using PRIMARY over (1733860 <= id <= 1733869)  (cost=2.28 rows=10)


for: distinct_ranges
table 1 : explain SELECT DISTINCT c FROM sbtest1 WHERE id BETWEEN 1343071 AND 1343080 ORDER BY c
	-> Sort: sbtest1.c
    -> Table scan on <temporary>  (cost=4.84..7.2 rows=10)
        -> Temporary table with deduplication  (cost=4.58..4.58 rows=10)
            -> Filter: (sbtest1.id between 1343071 and 1343080)  (cost=2.28 rows=10)
                -> Index range scan on sbtest1 using PRIMARY over (1343071 <= id <= 1343080)  (cost=2.28 rows=10)


table 2 : explain SELECT DISTINCT c FROM sbtest2 WHERE id BETWEEN 7885324 AND 7885333 ORDER BY c
	-> Sort: sbtest2.c
    -> Table scan on <temporary>  (cost=4.84..7.2 rows=10)
        -> Temporary table with deduplication  (cost=4.58..4.58 rows=10)
            -> Filter: (sbtest2.id between 7885324 and 7885333)  (cost=2.28 rows=10)
                -> Index range scan on sbtest2 using PRIMARY over (7885324 <= id <= 7885333)  (cost=2.28 rows=10)


table 3 : explain SELECT DISTINCT c FROM sbtest3 WHERE id BETWEEN 1830765 AND 1830774 ORDER BY c
	-> Sort: sbtest3.c
    -> Table scan on <temporary>  (cost=4.84..7.2 rows=10)
        -> Temporary table with deduplication  (cost=4.58..4.58 rows=10)
            -> Filter: (sbtest3.id between 1830765 and 1830774)  (cost=2.28 rows=10)
                -> Index range scan on sbtest3 using PRIMARY over (1830765 <= id <= 1830774)  (cost=2.28 rows=10)


table 4 : explain SELECT DISTINCT c FROM sbtest4 WHERE id BETWEEN 3583625 AND 3583634 ORDER BY c
	-> Sort: sbtest4.c
    -> Table scan on <temporary>  (cost=4.84..7.2 rows=10)
        -> Temporary table with deduplication  (cost=4.58..4.58 rows=10)
            -> Filter: (sbtest4.id between 3583625 and 3583634)  (cost=2.28 rows=10)
                -> Index range scan on sbtest4 using PRIMARY over (3583625 <= id <= 3583634)  (cost=2.28 rows=10)


table 5 : explain SELECT DISTINCT c FROM sbtest5 WHERE id BETWEEN 7453387 AND 7453396 ORDER BY c
	-> Sort: sbtest5.c
    -> Table scan on <temporary>  (cost=4.84..7.2 rows=10)
        -> Temporary table with deduplication  (cost=4.58..4.58 rows=10)
            -> Filter: (sbtest5.id between 7453387 and 7453396)  (cost=2.28 rows=10)
                -> Index range scan on sbtest5 using PRIMARY over (7453387 <= id <= 7453396)  (cost=2.28 rows=10)


table 6 : explain SELECT DISTINCT c FROM sbtest6 WHERE id BETWEEN 6758904 AND 6758913 ORDER BY c
	-> Sort: sbtest6.c
    -> Table scan on <temporary>  (cost=4.84..7.2 rows=10)
        -> Temporary table with deduplication  (cost=4.58..4.58 rows=10)
            -> Filter: (sbtest6.id between 6758904 and 6758913)  (cost=2.28 rows=10)
                -> Index range scan on sbtest6 using PRIMARY over (6758904 <= id <= 6758913)  (cost=2.28 rows=10)


table 7 : explain SELECT DISTINCT c FROM sbtest7 WHERE id BETWEEN 1993950 AND 1993959 ORDER BY c
	-> Sort: sbtest7.c
    -> Table scan on <temporary>  (cost=4.84..7.2 rows=10)
        -> Temporary table with deduplication  (cost=4.58..4.58 rows=10)
            -> Filter: (sbtest7.id between 1993950 and 1993959)  (cost=2.28 rows=10)
                -> Index range scan on sbtest7 using PRIMARY over (1993950 <= id <= 1993959)  (cost=2.28 rows=10)


table 8 : explain SELECT DISTINCT c FROM sbtest8 WHERE id BETWEEN 7867965 AND 7867974 ORDER BY c
	-> Sort: sbtest8.c
    -> Table scan on <temporary>  (cost=4.84..7.2 rows=10)
        -> Temporary table with deduplication  (cost=4.58..4.58 rows=10)
            -> Filter: (sbtest8.id between 7867965 and 7867974)  (cost=2.28 rows=10)
                -> Index range scan on sbtest8 using PRIMARY over (7867965 <= id <= 7867974)  (cost=2.28 rows=10)


for: order_ranges
table 1 : explain SELECT c FROM sbtest1 WHERE id BETWEEN 7664788 AND 7664797 ORDER BY c
	-> Sort: sbtest1.c  (cost=2.28 rows=10)
    -> Filter: (sbtest1.id between 7664788 and 7664797)  (cost=2.28 rows=10)
        -> Index range scan on sbtest1 using PRIMARY over (7664788 <= id <= 7664797)  (cost=2.28 rows=10)


table 2 : explain SELECT c FROM sbtest2 WHERE id BETWEEN 9820451 AND 9820460 ORDER BY c
	-> Sort: sbtest2.c  (cost=2.28 rows=10)
    -> Filter: (sbtest2.id between 9820451 and 9820460)  (cost=2.28 rows=10)
        -> Index range scan on sbtest2 using PRIMARY over (9820451 <= id <= 9820460)  (cost=2.28 rows=10)


table 3 : explain SELECT c FROM sbtest3 WHERE id BETWEEN 2655975 AND 2655984 ORDER BY c
	-> Sort: sbtest3.c  (cost=2.28 rows=10)
    -> Filter: (sbtest3.id between 2655975 and 2655984)  (cost=2.28 rows=10)
        -> Index range scan on sbtest3 using PRIMARY over (2655975 <= id <= 2655984)  (cost=2.28 rows=10)


table 4 : explain SELECT c FROM sbtest4 WHERE id BETWEEN 4127793 AND 4127802 ORDER BY c
	-> Sort: sbtest4.c  (cost=2.28 rows=10)
    -> Filter: (sbtest4.id between 4127793 and 4127802)  (cost=2.28 rows=10)
        -> Index range scan on sbtest4 using PRIMARY over (4127793 <= id <= 4127802)  (cost=2.28 rows=10)


table 5 : explain SELECT c FROM sbtest5 WHERE id BETWEEN 5950354 AND 5950363 ORDER BY c
	-> Sort: sbtest5.c  (cost=2.28 rows=10)
    -> Filter: (sbtest5.id between 5950354 and 5950363)  (cost=2.28 rows=10)
        -> Index range scan on sbtest5 using PRIMARY over (5950354 <= id <= 5950363)  (cost=2.28 rows=10)


table 6 : explain SELECT c FROM sbtest6 WHERE id BETWEEN 9546886 AND 9546895 ORDER BY c
	-> Sort: sbtest6.c  (cost=2.28 rows=10)
    -> Filter: (sbtest6.id between 9546886 and 9546895)  (cost=2.28 rows=10)
        -> Index range scan on sbtest6 using PRIMARY over (9546886 <= id <= 9546895)  (cost=2.28 rows=10)


table 7 : explain SELECT c FROM sbtest7 WHERE id BETWEEN 2376966 AND 2376975 ORDER BY c
	-> Sort: sbtest7.c  (cost=2.28 rows=10)
    -> Filter: (sbtest7.id between 2376966 and 2376975)  (cost=2.28 rows=10)
        -> Index range scan on sbtest7 using PRIMARY over (2376966 <= id <= 2376975)  (cost=2.28 rows=10)


table 8 : explain SELECT c FROM sbtest8 WHERE id BETWEEN 8817857 AND 8817866 ORDER BY c
	-> Sort: sbtest8.c  (cost=2.28 rows=10)
    -> Filter: (sbtest8.id between 8817857 and 8817866)  (cost=2.28 rows=10)
        -> Index range scan on sbtest8 using PRIMARY over (8817857 <= id <= 8817866)  (cost=2.28 rows=10)


for: order_ranges
table 1 : explain SELECT c FROM sbtest1 WHERE id BETWEEN 980746 AND 980755 ORDER BY c
	-> Sort: sbtest1.c  (cost=2.28 rows=10)
    -> Filter: (sbtest1.id between 980746 and 980755)  (cost=2.28 rows=10)
        -> Index range scan on sbtest1 using PRIMARY over (980746 <= id <= 980755)  (cost=2.28 rows=10)


table 2 : explain SELECT c FROM sbtest2 WHERE id BETWEEN 4492459 AND 4492468 ORDER BY c
	-> Sort: sbtest2.c  (cost=2.28 rows=10)
    -> Filter: (sbtest2.id between 4492459 and 4492468)  (cost=2.28 rows=10)
        -> Index range scan on sbtest2 using PRIMARY over (4492459 <= id <= 4492468)  (cost=2.28 rows=10)


table 3 : explain SELECT c FROM sbtest3 WHERE id BETWEEN 5868884 AND 5868893 ORDER BY c
	-> Sort: sbtest3.c  (cost=2.28 rows=10)
    -> Filter: (sbtest3.id between 5868884 and 5868893)  (cost=2.28 rows=10)
        -> Index range scan on sbtest3 using PRIMARY over (5868884 <= id <= 5868893)  (cost=2.28 rows=10)


table 4 : explain SELECT c FROM sbtest4 WHERE id BETWEEN 2056185 AND 2056194 ORDER BY c
	-> Sort: sbtest4.c  (cost=2.28 rows=10)
    -> Filter: (sbtest4.id between 2056185 and 2056194)  (cost=2.28 rows=10)
        -> Index range scan on sbtest4 using PRIMARY over (2056185 <= id <= 2056194)  (cost=2.28 rows=10)


table 5 : explain SELECT c FROM sbtest5 WHERE id BETWEEN 7441552 AND 7441561 ORDER BY c
	-> Sort: sbtest5.c  (cost=2.28 rows=10)
    -> Filter: (sbtest5.id between 7441552 and 7441561)  (cost=2.28 rows=10)
        -> Index range scan on sbtest5 using PRIMARY over (7441552 <= id <= 7441561)  (cost=2.28 rows=10)


table 6 : explain SELECT c FROM sbtest6 WHERE id BETWEEN 3178056 AND 3178065 ORDER BY c
	-> Sort: sbtest6.c  (cost=2.28 rows=10)
    -> Filter: (sbtest6.id between 3178056 and 3178065)  (cost=2.28 rows=10)
        -> Index range scan on sbtest6 using PRIMARY over (3178056 <= id <= 3178065)  (cost=2.28 rows=10)


table 7 : explain SELECT c FROM sbtest7 WHERE id BETWEEN 3073823 AND 3073832 ORDER BY c
	-> Sort: sbtest7.c  (cost=2.28 rows=10)
    -> Filter: (sbtest7.id between 3073823 and 3073832)  (cost=2.28 rows=10)
        -> Index range scan on sbtest7 using PRIMARY over (3073823 <= id <= 3073832)  (cost=2.28 rows=10)


table 8 : explain SELECT c FROM sbtest8 WHERE id BETWEEN 1504301 AND 1504310 ORDER BY c
	-> Sort: sbtest8.c  (cost=2.28 rows=10)
    -> Filter: (sbtest8.id between 1504301 and 1504310)  (cost=2.28 rows=10)
        -> Index range scan on sbtest8 using PRIMARY over (1504301 <= id <= 1504310)  (cost=2.28 rows=10)


for: distinct_ranges
table 1 : explain SELECT DISTINCT c FROM sbtest1 WHERE id BETWEEN 9110410 AND 9110419 ORDER BY c
	-> Sort: sbtest1.c
    -> Table scan on <temporary>  (cost=4.84..7.2 rows=10)
        -> Temporary table with deduplication  (cost=4.58..4.58 rows=10)
            -> Filter: (sbtest1.id between 9110410 and 9110419)  (cost=2.28 rows=10)
                -> Index range scan on sbtest1 using PRIMARY over (9110410 <= id <= 9110419)  (cost=2.28 rows=10)


table 2 : explain SELECT DISTINCT c FROM sbtest2 WHERE id BETWEEN 9667888 AND 9667897 ORDER BY c
	-> Sort: sbtest2.c
    -> Table scan on <temporary>  (cost=4.84..7.2 rows=10)
        -> Temporary table with deduplication  (cost=4.58..4.58 rows=10)
            -> Filter: (sbtest2.id between 9667888 and 9667897)  (cost=2.28 rows=10)
                -> Index range scan on sbtest2 using PRIMARY over (9667888 <= id <= 9667897)  (cost=2.28 rows=10)


table 3 : explain SELECT DISTINCT c FROM sbtest3 WHERE id BETWEEN 1623311 AND 1623320 ORDER BY c
	-> Sort: sbtest3.c
    -> Table scan on <temporary>  (cost=4.84..7.2 rows=10)
        -> Temporary table with deduplication  (cost=4.58..4.58 rows=10)
            -> Filter: (sbtest3.id between 1623311 and 1623320)  (cost=2.28 rows=10)
                -> Index range scan on sbtest3 using PRIMARY over (1623311 <= id <= 1623320)  (cost=2.28 rows=10)


table 4 : explain SELECT DISTINCT c FROM sbtest4 WHERE id BETWEEN 3699850 AND 3699859 ORDER BY c
	-> Sort: sbtest4.c
    -> Table scan on <temporary>  (cost=4.84..7.2 rows=10)
        -> Temporary table with deduplication  (cost=4.58..4.58 rows=10)
            -> Filter: (sbtest4.id between 3699850 and 3699859)  (cost=2.28 rows=10)
                -> Index range scan on sbtest4 using PRIMARY over (3699850 <= id <= 3699859)  (cost=2.28 rows=10)


table 5 : explain SELECT DISTINCT c FROM sbtest5 WHERE id BETWEEN 7591799 AND 7591808 ORDER BY c
	-> Sort: sbtest5.c
    -> Table scan on <temporary>  (cost=4.84..7.2 rows=10)
        -> Temporary table with deduplication  (cost=4.58..4.58 rows=10)
            -> Filter: (sbtest5.id between 7591799 and 7591808)  (cost=2.28 rows=10)
                -> Index range scan on sbtest5 using PRIMARY over (7591799 <= id <= 7591808)  (cost=2.28 rows=10)


table 6 : explain SELECT DISTINCT c FROM sbtest6 WHERE id BETWEEN 7746841 AND 7746850 ORDER BY c
	-> Sort: sbtest6.c
    -> Table scan on <temporary>  (cost=4.84..7.2 rows=10)
        -> Temporary table with deduplication  (cost=4.58..4.58 rows=10)
            -> Filter: (sbtest6.id between 7746841 and 7746850)  (cost=2.28 rows=10)
                -> Index range scan on sbtest6 using PRIMARY over (7746841 <= id <= 7746850)  (cost=2.28 rows=10)


table 7 : explain SELECT DISTINCT c FROM sbtest7 WHERE id BETWEEN 4626362 AND 4626371 ORDER BY c
	-> Sort: sbtest7.c
    -> Table scan on <temporary>  (cost=4.84..7.2 rows=10)
        -> Temporary table with deduplication  (cost=4.58..4.58 rows=10)
            -> Filter: (sbtest7.id between 4626362 and 4626371)  (cost=2.28 rows=10)
                -> Index range scan on sbtest7 using PRIMARY over (4626362 <= id <= 4626371)  (cost=2.28 rows=10)


table 8 : explain SELECT DISTINCT c FROM sbtest8 WHERE id BETWEEN 7182575 AND 7182584 ORDER BY c
	-> Sort: sbtest8.c
    -> Table scan on <temporary>  (cost=4.84..7.2 rows=10)
        -> Temporary table with deduplication  (cost=4.58..4.58 rows=10)
            -> Filter: (sbtest8.id between 7182575 and 7182584)  (cost=2.28 rows=10)
                -> Index range scan on sbtest8 using PRIMARY over (7182575 <= id <= 7182584)  (cost=2.28 rows=10)


for: distinct_ranges
table 1 : explain SELECT DISTINCT c FROM sbtest1 WHERE id BETWEEN 3170301 AND 3170310 ORDER BY c
	-> Sort: sbtest1.c
    -> Table scan on <temporary>  (cost=4.84..7.2 rows=10)
        -> Temporary table with deduplication  (cost=4.58..4.58 rows=10)
            -> Filter: (sbtest1.id between 3170301 and 3170310)  (cost=2.28 rows=10)
                -> Index range scan on sbtest1 using PRIMARY over (3170301 <= id <= 3170310)  (cost=2.28 rows=10)


table 2 : explain SELECT DISTINCT c FROM sbtest2 WHERE id BETWEEN 6031970 AND 6031979 ORDER BY c
	-> Sort: sbtest2.c
    -> Table scan on <temporary>  (cost=4.84..7.2 rows=10)
        -> Temporary table with deduplication  (cost=4.58..4.58 rows=10)
            -> Filter: (sbtest2.id between 6031970 and 6031979)  (cost=2.28 rows=10)
                -> Index range scan on sbtest2 using PRIMARY over (6031970 <= id <= 6031979)  (cost=2.28 rows=10)


table 3 : explain SELECT DISTINCT c FROM sbtest3 WHERE id BETWEEN 2757076 AND 2757085 ORDER BY c
	-> Sort: sbtest3.c
    -> Table scan on <temporary>  (cost=4.84..7.2 rows=10)
        -> Temporary table with deduplication  (cost=4.58..4.58 rows=10)
            -> Filter: (sbtest3.id between 2757076 and 2757085)  (cost=2.28 rows=10)
                -> Index range scan on sbtest3 using PRIMARY over (2757076 <= id <= 2757085)  (cost=2.28 rows=10)


table 4 : explain SELECT DISTINCT c FROM sbtest4 WHERE id BETWEEN 3944652 AND 3944661 ORDER BY c
	-> Sort: sbtest4.c
    -> Table scan on <temporary>  (cost=4.84..7.2 rows=10)
        -> Temporary table with deduplication  (cost=4.58..4.58 rows=10)
            -> Filter: (sbtest4.id between 3944652 and 3944661)  (cost=2.28 rows=10)
                -> Index range scan on sbtest4 using PRIMARY over (3944652 <= id <= 3944661)  (cost=2.28 rows=10)


table 5 : explain SELECT DISTINCT c FROM sbtest5 WHERE id BETWEEN 6809628 AND 6809637 ORDER BY c
	-> Sort: sbtest5.c
    -> Table scan on <temporary>  (cost=4.84..7.2 rows=10)
        -> Temporary table with deduplication  (cost=4.58..4.58 rows=10)
            -> Filter: (sbtest5.id between 6809628 and 6809637)  (cost=2.28 rows=10)
                -> Index range scan on sbtest5 using PRIMARY over (6809628 <= id <= 6809637)  (cost=2.28 rows=10)


table 6 : explain SELECT DISTINCT c FROM sbtest6 WHERE id BETWEEN 5015627 AND 5015636 ORDER BY c
	-> Sort: sbtest6.c
    -> Table scan on <temporary>  (cost=4.84..7.2 rows=10)
        -> Temporary table with deduplication  (cost=4.58..4.58 rows=10)
            -> Filter: (sbtest6.id between 5015627 and 5015636)  (cost=2.28 rows=10)
                -> Index range scan on sbtest6 using PRIMARY over (5015627 <= id <= 5015636)  (cost=2.28 rows=10)


table 7 : explain SELECT DISTINCT c FROM sbtest7 WHERE id BETWEEN 8339709 AND 8339718 ORDER BY c
	-> Sort: sbtest7.c
    -> Table scan on <temporary>  (cost=4.84..7.2 rows=10)
        -> Temporary table with deduplication  (cost=4.58..4.58 rows=10)
            -> Filter: (sbtest7.id between 8339709 and 8339718)  (cost=2.28 rows=10)
                -> Index range scan on sbtest7 using PRIMARY over (8339709 <= id <= 8339718)  (cost=2.28 rows=10)


table 8 : explain SELECT DISTINCT c FROM sbtest8 WHERE id BETWEEN 6630148 AND 6630157 ORDER BY c
	-> Sort: sbtest8.c
    -> Table scan on <temporary>  (cost=4.84..7.2 rows=10)
        -> Temporary table with deduplication  (cost=4.58..4.58 rows=10)
            -> Filter: (sbtest8.id between 6630148 and 6630157)  (cost=2.28 rows=10)
                -> Index range scan on sbtest8 using PRIMARY over (6630148 <= id <= 6630157)  (cost=2.28 rows=10)


for: distinct_ranges
table 1 : explain SELECT DISTINCT c FROM sbtest1 WHERE id BETWEEN 1750042 AND 1750051 ORDER BY c
	-> Sort: sbtest1.c
    -> Table scan on <temporary>  (cost=4.84..7.2 rows=10)
        -> Temporary table with deduplication  (cost=4.58..4.58 rows=10)
            -> Filter: (sbtest1.id between 1750042 and 1750051)  (cost=2.28 rows=10)
                -> Index range scan on sbtest1 using PRIMARY over (1750042 <= id <= 1750051)  (cost=2.28 rows=10)


table 2 : explain SELECT DISTINCT c FROM sbtest2 WHERE id BETWEEN 9886431 AND 9886440 ORDER BY c
	-> Sort: sbtest2.c
    -> Table scan on <temporary>  (cost=4.84..7.2 rows=10)
        -> Temporary table with deduplication  (cost=4.58..4.58 rows=10)
            -> Filter: (sbtest2.id between 9886431 and 9886440)  (cost=2.28 rows=10)
                -> Index range scan on sbtest2 using PRIMARY over (9886431 <= id <= 9886440)  (cost=2.28 rows=10)


table 3 : explain SELECT DISTINCT c FROM sbtest3 WHERE id BETWEEN 7906559 AND 7906568 ORDER BY c
	-> Sort: sbtest3.c
    -> Table scan on <temporary>  (cost=4.84..7.2 rows=10)
        -> Temporary table with deduplication  (cost=4.58..4.58 rows=10)
            -> Filter: (sbtest3.id between 7906559 and 7906568)  (cost=2.28 rows=10)
                -> Index range scan on sbtest3 using PRIMARY over (7906559 <= id <= 7906568)  (cost=2.28 rows=10)


table 4 : explain SELECT DISTINCT c FROM sbtest4 WHERE id BETWEEN 8077106 AND 8077115 ORDER BY c
	-> Sort: sbtest4.c
    -> Table scan on <temporary>  (cost=4.84..7.2 rows=10)
        -> Temporary table with deduplication  (cost=4.58..4.58 rows=10)
            -> Filter: (sbtest4.id between 8077106 and 8077115)  (cost=2.28 rows=10)
                -> Index range scan on sbtest4 using PRIMARY over (8077106 <= id <= 8077115)  (cost=2.28 rows=10)


table 5 : explain SELECT DISTINCT c FROM sbtest5 WHERE id BETWEEN 1490943 AND 1490952 ORDER BY c
	-> Sort: sbtest5.c
    -> Table scan on <temporary>  (cost=4.84..7.2 rows=10)
        -> Temporary table with deduplication  (cost=4.58..4.58 rows=10)
            -> Filter: (sbtest5.id between 1490943 and 1490952)  (cost=2.28 rows=10)
                -> Index range scan on sbtest5 using PRIMARY over (1490943 <= id <= 1490952)  (cost=2.28 rows=10)


table 6 : explain SELECT DISTINCT c FROM sbtest6 WHERE id BETWEEN 7906020 AND 7906029 ORDER BY c
	-> Sort: sbtest6.c
    -> Table scan on <temporary>  (cost=4.84..7.2 rows=10)
        -> Temporary table with deduplication  (cost=4.58..4.58 rows=10)
            -> Filter: (sbtest6.id between 7906020 and 7906029)  (cost=2.28 rows=10)
                -> Index range scan on sbtest6 using PRIMARY over (7906020 <= id <= 7906029)  (cost=2.28 rows=10)


table 7 : explain SELECT DISTINCT c FROM sbtest7 WHERE id BETWEEN 9730270 AND 9730279 ORDER BY c
	-> Sort: sbtest7.c
    -> Table scan on <temporary>  (cost=4.84..7.2 rows=10)
        -> Temporary table with deduplication  (cost=4.58..4.58 rows=10)
            -> Filter: (sbtest7.id between 9730270 and 9730279)  (cost=2.28 rows=10)
                -> Index range scan on sbtest7 using PRIMARY over (9730270 <= id <= 9730279)  (cost=2.28 rows=10)


table 8 : explain SELECT DISTINCT c FROM sbtest8 WHERE id BETWEEN 9660081 AND 9660090 ORDER BY c
	-> Sort: sbtest8.c
    -> Table scan on <temporary>  (cost=4.84..7.2 rows=10)
        -> Temporary table with deduplication  (cost=4.58..4.58 rows=10)
            -> Filter: (sbtest8.id between 9660081 and 9660090)  (cost=2.28 rows=10)
                -> Index range scan on sbtest8 using PRIMARY over (9660081 <= id <= 9660090)  (cost=2.28 rows=10)


for: distinct_ranges
table 1 : explain SELECT DISTINCT c FROM sbtest1 WHERE id BETWEEN 1040699 AND 1040708 ORDER BY c
	-> Sort: sbtest1.c
    -> Table scan on <temporary>  (cost=4.84..7.2 rows=10)
        -> Temporary table with deduplication  (cost=4.58..4.58 rows=10)
            -> Filter: (sbtest1.id between 1040699 and 1040708)  (cost=2.28 rows=10)
                -> Index range scan on sbtest1 using PRIMARY over (1040699 <= id <= 1040708)  (cost=2.28 rows=10)


table 2 : explain SELECT DISTINCT c FROM sbtest2 WHERE id BETWEEN 6733551 AND 6733560 ORDER BY c
	-> Sort: sbtest2.c
    -> Table scan on <temporary>  (cost=4.84..7.2 rows=10)
        -> Temporary table with deduplication  (cost=4.58..4.58 rows=10)
            -> Filter: (sbtest2.id between 6733551 and 6733560)  (cost=2.28 rows=10)
                -> Index range scan on sbtest2 using PRIMARY over (6733551 <= id <= 6733560)  (cost=2.28 rows=10)


table 3 : explain SELECT DISTINCT c FROM sbtest3 WHERE id BETWEEN 9457479 AND 9457488 ORDER BY c
	-> Sort: sbtest3.c
    -> Table scan on <temporary>  (cost=4.84..7.2 rows=10)
        -> Temporary table with deduplication  (cost=4.58..4.58 rows=10)
            -> Filter: (sbtest3.id between 9457479 and 9457488)  (cost=2.28 rows=10)
                -> Index range scan on sbtest3 using PRIMARY over (9457479 <= id <= 9457488)  (cost=2.28 rows=10)


table 4 : explain SELECT DISTINCT c FROM sbtest4 WHERE id BETWEEN 4891315 AND 4891324 ORDER BY c
	-> Sort: sbtest4.c
    -> Table scan on <temporary>  (cost=4.84..7.2 rows=10)
        -> Temporary table with deduplication  (cost=4.58..4.58 rows=10)
            -> Filter: (sbtest4.id between 4891315 and 4891324)  (cost=2.28 rows=10)
                -> Index range scan on sbtest4 using PRIMARY over (4891315 <= id <= 4891324)  (cost=2.28 rows=10)


table 5 : explain SELECT DISTINCT c FROM sbtest5 WHERE id BETWEEN 3149822 AND 3149831 ORDER BY c
	-> Sort: sbtest5.c
    -> Table scan on <temporary>  (cost=4.84..7.2 rows=10)
        -> Temporary table with deduplication  (cost=4.58..4.58 rows=10)
            -> Filter: (sbtest5.id between 3149822 and 3149831)  (cost=2.28 rows=10)
                -> Index range scan on sbtest5 using PRIMARY over (3149822 <= id <= 3149831)  (cost=2.28 rows=10)


table 6 : explain SELECT DISTINCT c FROM sbtest6 WHERE id BETWEEN 4544449 AND 4544458 ORDER BY c
	-> Sort: sbtest6.c
    -> Table scan on <temporary>  (cost=4.84..7.2 rows=10)
        -> Temporary table with deduplication  (cost=4.58..4.58 rows=10)
            -> Filter: (sbtest6.id between 4544449 and 4544458)  (cost=2.28 rows=10)
                -> Index range scan on sbtest6 using PRIMARY over (4544449 <= id <= 4544458)  (cost=2.28 rows=10)


table 7 : explain SELECT DISTINCT c FROM sbtest7 WHERE id BETWEEN 7116219 AND 7116228 ORDER BY c
	-> Sort: sbtest7.c
    -> Table scan on <temporary>  (cost=4.84..7.2 rows=10)
        -> Temporary table with deduplication  (cost=4.58..4.58 rows=10)
            -> Filter: (sbtest7.id between 7116219 and 7116228)  (cost=2.28 rows=10)
                -> Index range scan on sbtest7 using PRIMARY over (7116219 <= id <= 7116228)  (cost=2.28 rows=10)


table 8 : explain SELECT DISTINCT c FROM sbtest8 WHERE id BETWEEN 799803 AND 799812 ORDER BY c
	-> Sort: sbtest8.c
    -> Table scan on <temporary>  (cost=4.84..7.2 rows=10)
        -> Temporary table with deduplication  (cost=4.58..4.58 rows=10)
            -> Filter: (sbtest8.id between 799803 and 799812)  (cost=2.28 rows=10)
                -> Index range scan on sbtest8 using PRIMARY over (799803 <= id <= 799812)  (cost=2.28 rows=10)


for: distinct_ranges
table 1 : explain SELECT DISTINCT c FROM sbtest1 WHERE id BETWEEN 7994691 AND 7994700 ORDER BY c
	-> Sort: sbtest1.c
    -> Table scan on <temporary>  (cost=4.84..7.2 rows=10)
        -> Temporary table with deduplication  (cost=4.58..4.58 rows=10)
            -> Filter: (sbtest1.id between 7994691 and 7994700)  (cost=2.28 rows=10)
                -> Index range scan on sbtest1 using PRIMARY over (7994691 <= id <= 7994700)  (cost=2.28 rows=10)


table 2 : explain SELECT DISTINCT c FROM sbtest2 WHERE id BETWEEN 6127539 AND 6127548 ORDER BY c
	-> Sort: sbtest2.c
    -> Table scan on <temporary>  (cost=4.84..7.2 rows=10)
        -> Temporary table with deduplication  (cost=4.58..4.58 rows=10)
            -> Filter: (sbtest2.id between 6127539 and 6127548)  (cost=2.28 rows=10)
                -> Index range scan on sbtest2 using PRIMARY over (6127539 <= id <= 6127548)  (cost=2.28 rows=10)


table 3 : explain SELECT DISTINCT c FROM sbtest3 WHERE id BETWEEN 1913215 AND 1913224 ORDER BY c
	-> Sort: sbtest3.c
    -> Table scan on <temporary>  (cost=4.84..7.2 rows=10)
        -> Temporary table with deduplication  (cost=4.58..4.58 rows=10)
            -> Filter: (sbtest3.id between 1913215 and 1913224)  (cost=2.28 rows=10)
                -> Index range scan on sbtest3 using PRIMARY over (1913215 <= id <= 1913224)  (cost=2.28 rows=10)


table 4 : explain SELECT DISTINCT c FROM sbtest4 WHERE id BETWEEN 3368789 AND 3368798 ORDER BY c
	-> Sort: sbtest4.c
    -> Table scan on <temporary>  (cost=4.84..7.2 rows=10)
        -> Temporary table with deduplication  (cost=4.58..4.58 rows=10)
            -> Filter: (sbtest4.id between 3368789 and 3368798)  (cost=2.28 rows=10)
                -> Index range scan on sbtest4 using PRIMARY over (3368789 <= id <= 3368798)  (cost=2.28 rows=10)


table 5 : explain SELECT DISTINCT c FROM sbtest5 WHERE id BETWEEN 6613088 AND 6613097 ORDER BY c
	-> Sort: sbtest5.c
    -> Table scan on <temporary>  (cost=4.84..7.2 rows=10)
        -> Temporary table with deduplication  (cost=4.58..4.58 rows=10)
            -> Filter: (sbtest5.id between 6613088 and 6613097)  (cost=2.28 rows=10)
                -> Index range scan on sbtest5 using PRIMARY over (6613088 <= id <= 6613097)  (cost=2.28 rows=10)


table 6 : explain SELECT DISTINCT c FROM sbtest6 WHERE id BETWEEN 3080087 AND 3080096 ORDER BY c
	-> Sort: sbtest6.c
    -> Table scan on <temporary>  (cost=4.84..7.2 rows=10)
        -> Temporary table with deduplication  (cost=4.58..4.58 rows=10)
            -> Filter: (sbtest6.id between 3080087 and 3080096)  (cost=2.28 rows=10)
                -> Index range scan on sbtest6 using PRIMARY over (3080087 <= id <= 3080096)  (cost=2.28 rows=10)


table 7 : explain SELECT DISTINCT c FROM sbtest7 WHERE id BETWEEN 3153666 AND 3153675 ORDER BY c
	-> Sort: sbtest7.c
    -> Table scan on <temporary>  (cost=4.84..7.2 rows=10)
        -> Temporary table with deduplication  (cost=4.58..4.58 rows=10)
            -> Filter: (sbtest7.id between 3153666 and 3153675)  (cost=2.28 rows=10)
                -> Index range scan on sbtest7 using PRIMARY over (3153666 <= id <= 3153675)  (cost=2.28 rows=10)


table 8 : explain SELECT DISTINCT c FROM sbtest8 WHERE id BETWEEN 1702799 AND 1702808 ORDER BY c
	-> Sort: sbtest8.c
    -> Table scan on <temporary>  (cost=4.84..7.2 rows=10)
        -> Temporary table with deduplication  (cost=4.58..4.58 rows=10)
            -> Filter: (sbtest8.id between 1702799 and 1702808)  (cost=2.28 rows=10)
                -> Index range scan on sbtest8 using PRIMARY over (1702799 <= id <= 1702808)  (cost=2.28 rows=10)


for: distinct_ranges
table 1 : explain SELECT DISTINCT c FROM sbtest1 WHERE id BETWEEN 8314808 AND 8314817 ORDER BY c
	-> Sort: sbtest1.c
    -> Table scan on <temporary>  (cost=4.84..7.2 rows=10)
        -> Temporary table with deduplication  (cost=4.58..4.58 rows=10)
            -> Filter: (sbtest1.id between 8314808 and 8314817)  (cost=2.28 rows=10)
                -> Index range scan on sbtest1 using PRIMARY over (8314808 <= id <= 8314817)  (cost=2.28 rows=10)


table 2 : explain SELECT DISTINCT c FROM sbtest2 WHERE id BETWEEN 4905587 AND 4905596 ORDER BY c
	-> Sort: sbtest2.c
    -> Table scan on <temporary>  (cost=4.84..7.2 rows=10)
        -> Temporary table with deduplication  (cost=4.58..4.58 rows=10)
            -> Filter: (sbtest2.id between 4905587 and 4905596)  (cost=2.28 rows=10)
                -> Index range scan on sbtest2 using PRIMARY over (4905587 <= id <= 4905596)  (cost=2.28 rows=10)


table 3 : explain SELECT DISTINCT c FROM sbtest3 WHERE id BETWEEN 4814872 AND 4814881 ORDER BY c
	-> Sort: sbtest3.c
    -> Table scan on <temporary>  (cost=4.84..7.2 rows=10)
        -> Temporary table with deduplication  (cost=4.58..4.58 rows=10)
            -> Filter: (sbtest3.id between 4814872 and 4814881)  (cost=2.28 rows=10)
                -> Index range scan on sbtest3 using PRIMARY over (4814872 <= id <= 4814881)  (cost=2.28 rows=10)


table 4 : explain SELECT DISTINCT c FROM sbtest4 WHERE id BETWEEN 941664 AND 941673 ORDER BY c
	-> Sort: sbtest4.c
    -> Table scan on <temporary>  (cost=4.84..7.2 rows=10)
        -> Temporary table with deduplication  (cost=4.58..4.58 rows=10)
            -> Filter: (sbtest4.id between 941664 and 941673)  (cost=2.28 rows=10)
                -> Index range scan on sbtest4 using PRIMARY over (941664 <= id <= 941673)  (cost=2.28 rows=10)


table 5 : explain SELECT DISTINCT c FROM sbtest5 WHERE id BETWEEN 7007425 AND 7007434 ORDER BY c
	-> Sort: sbtest5.c
    -> Table scan on <temporary>  (cost=4.84..7.2 rows=10)
        -> Temporary table with deduplication  (cost=4.58..4.58 rows=10)
            -> Filter: (sbtest5.id between 7007425 and 7007434)  (cost=2.28 rows=10)
                -> Index range scan on sbtest5 using PRIMARY over (7007425 <= id <= 7007434)  (cost=2.28 rows=10)


table 6 : explain SELECT DISTINCT c FROM sbtest6 WHERE id BETWEEN 7158399 AND 7158408 ORDER BY c
	-> Sort: sbtest6.c
    -> Table scan on <temporary>  (cost=4.84..7.2 rows=10)
        -> Temporary table with deduplication  (cost=4.58..4.58 rows=10)
            -> Filter: (sbtest6.id between 7158399 and 7158408)  (cost=2.28 rows=10)
                -> Index range scan on sbtest6 using PRIMARY over (7158399 <= id <= 7158408)  (cost=2.28 rows=10)


table 7 : explain SELECT DISTINCT c FROM sbtest7 WHERE id BETWEEN 9450069 AND 9450078 ORDER BY c
	-> Sort: sbtest7.c
    -> Table scan on <temporary>  (cost=4.84..7.2 rows=10)
        -> Temporary table with deduplication  (cost=4.58..4.58 rows=10)
            -> Filter: (sbtest7.id between 9450069 and 9450078)  (cost=2.28 rows=10)
                -> Index range scan on sbtest7 using PRIMARY over (9450069 <= id <= 9450078)  (cost=2.28 rows=10)


table 8 : explain SELECT DISTINCT c FROM sbtest8 WHERE id BETWEEN 1758968 AND 1758977 ORDER BY c
	-> Sort: sbtest8.c
    -> Table scan on <temporary>  (cost=4.84..7.2 rows=10)
        -> Temporary table with deduplication  (cost=4.58..4.58 rows=10)
            -> Filter: (sbtest8.id between 1758968 and 1758977)  (cost=2.28 rows=10)
                -> Index range scan on sbtest8 using PRIMARY over (1758968 <= id <= 1758977)  (cost=2.28 rows=10)


for: distinct_ranges
table 1 : explain SELECT DISTINCT c FROM sbtest1 WHERE id BETWEEN 4982036 AND 4982045 ORDER BY c
	-> Sort: sbtest1.c
    -> Table scan on <temporary>  (cost=4.84..7.2 rows=10)
        -> Temporary table with deduplication  (cost=4.58..4.58 rows=10)
            -> Filter: (sbtest1.id between 4982036 and 4982045)  (cost=2.28 rows=10)
                -> Index range scan on sbtest1 using PRIMARY over (4982036 <= id <= 4982045)  (cost=2.28 rows=10)


table 2 : explain SELECT DISTINCT c FROM sbtest2 WHERE id BETWEEN 8862186 AND 8862195 ORDER BY c
	-> Sort: sbtest2.c
    -> Table scan on <temporary>  (cost=4.84..7.2 rows=10)
        -> Temporary table with deduplication  (cost=4.58..4.58 rows=10)
            -> Filter: (sbtest2.id between 8862186 and 8862195)  (cost=2.28 rows=10)
                -> Index range scan on sbtest2 using PRIMARY over (8862186 <= id <= 8862195)  (cost=2.28 rows=10)


table 3 : explain SELECT DISTINCT c FROM sbtest3 WHERE id BETWEEN 71551 AND 71560 ORDER BY c
	-> Sort: sbtest3.c
    -> Table scan on <temporary>  (cost=4.84..7.2 rows=10)
        -> Temporary table with deduplication  (cost=4.58..4.58 rows=10)
            -> Filter: (sbtest3.id between 71551 and 71560)  (cost=2.28 rows=10)
                -> Index range scan on sbtest3 using PRIMARY over (71551 <= id <= 71560)  (cost=2.28 rows=10)


table 4 : explain SELECT DISTINCT c FROM sbtest4 WHERE id BETWEEN 4158755 AND 4158764 ORDER BY c
	-> Sort: sbtest4.c
    -> Table scan on <temporary>  (cost=4.84..7.2 rows=10)
        -> Temporary table with deduplication  (cost=4.58..4.58 rows=10)
            -> Filter: (sbtest4.id between 4158755 and 4158764)  (cost=2.28 rows=10)
                -> Index range scan on sbtest4 using PRIMARY over (4158755 <= id <= 4158764)  (cost=2.28 rows=10)


table 5 : explain SELECT DISTINCT c FROM sbtest5 WHERE id BETWEEN 4254836 AND 4254845 ORDER BY c
	-> Sort: sbtest5.c
    -> Table scan on <temporary>  (cost=4.84..7.2 rows=10)
        -> Temporary table with deduplication  (cost=4.58..4.58 rows=10)
            -> Filter: (sbtest5.id between 4254836 and 4254845)  (cost=2.28 rows=10)
                -> Index range scan on sbtest5 using PRIMARY over (4254836 <= id <= 4254845)  (cost=2.28 rows=10)


table 6 : explain SELECT DISTINCT c FROM sbtest6 WHERE id BETWEEN 508712 AND 508721 ORDER BY c
	-> Sort: sbtest6.c
    -> Table scan on <temporary>  (cost=4.84..7.2 rows=10)
        -> Temporary table with deduplication  (cost=4.58..4.58 rows=10)
            -> Filter: (sbtest6.id between 508712 and 508721)  (cost=2.28 rows=10)
                -> Index range scan on sbtest6 using PRIMARY over (508712 <= id <= 508721)  (cost=2.28 rows=10)


table 7 : explain SELECT DISTINCT c FROM sbtest7 WHERE id BETWEEN 8468252 AND 8468261 ORDER BY c
	-> Sort: sbtest7.c
    -> Table scan on <temporary>  (cost=4.84..7.2 rows=10)
        -> Temporary table with deduplication  (cost=4.58..4.58 rows=10)
            -> Filter: (sbtest7.id between 8468252 and 8468261)  (cost=2.28 rows=10)
                -> Index range scan on sbtest7 using PRIMARY over (8468252 <= id <= 8468261)  (cost=2.28 rows=10)


table 8 : explain SELECT DISTINCT c FROM sbtest8 WHERE id BETWEEN 5983035 AND 5983044 ORDER BY c
	-> Sort: sbtest8.c
    -> Table scan on <temporary>  (cost=4.84..7.2 rows=10)
        -> Temporary table with deduplication  (cost=4.58..4.58 rows=10)
            -> Filter: (sbtest8.id between 5983035 and 5983044)  (cost=2.28 rows=10)
                -> Index range scan on sbtest8 using PRIMARY over (5983035 <= id <= 5983044)  (cost=2.28 rows=10)


for: distinct_ranges
table 1 : explain SELECT DISTINCT c FROM sbtest1 WHERE id BETWEEN 5265668 AND 5265677 ORDER BY c
	-> Sort: sbtest1.c
    -> Table scan on <temporary>  (cost=4.84..7.2 rows=10)
        -> Temporary table with deduplication  (cost=4.58..4.58 rows=10)
            -> Filter: (sbtest1.id between 5265668 and 5265677)  (cost=2.28 rows=10)
                -> Index range scan on sbtest1 using PRIMARY over (5265668 <= id <= 5265677)  (cost=2.28 rows=10)


table 2 : explain SELECT DISTINCT c FROM sbtest2 WHERE id BETWEEN 2414766 AND 2414775 ORDER BY c
	-> Sort: sbtest2.c
    -> Table scan on <temporary>  (cost=4.84..7.2 rows=10)
        -> Temporary table with deduplication  (cost=4.58..4.58 rows=10)
            -> Filter: (sbtest2.id between 2414766 and 2414775)  (cost=2.28 rows=10)
                -> Index range scan on sbtest2 using PRIMARY over (2414766 <= id <= 2414775)  (cost=2.28 rows=10)


table 3 : explain SELECT DISTINCT c FROM sbtest3 WHERE id BETWEEN 4373386 AND 4373395 ORDER BY c
	-> Sort: sbtest3.c
    -> Table scan on <temporary>  (cost=4.84..7.2 rows=10)
        -> Temporary table with deduplication  (cost=4.58..4.58 rows=10)
            -> Filter: (sbtest3.id between 4373386 and 4373395)  (cost=2.28 rows=10)
                -> Index range scan on sbtest3 using PRIMARY over (4373386 <= id <= 4373395)  (cost=2.28 rows=10)


table 4 : explain SELECT DISTINCT c FROM sbtest4 WHERE id BETWEEN 4542568 AND 4542577 ORDER BY c
	-> Sort: sbtest4.c
    -> Table scan on <temporary>  (cost=4.84..7.2 rows=10)
        -> Temporary table with deduplication  (cost=4.58..4.58 rows=10)
            -> Filter: (sbtest4.id between 4542568 and 4542577)  (cost=2.28 rows=10)
                -> Index range scan on sbtest4 using PRIMARY over (4542568 <= id <= 4542577)  (cost=2.28 rows=10)


table 5 : explain SELECT DISTINCT c FROM sbtest5 WHERE id BETWEEN 4022045 AND 4022054 ORDER BY c
	-> Sort: sbtest5.c
    -> Table scan on <temporary>  (cost=4.84..7.2 rows=10)
        -> Temporary table with deduplication  (cost=4.58..4.58 rows=10)
            -> Filter: (sbtest5.id between 4022045 and 4022054)  (cost=2.28 rows=10)
                -> Index range scan on sbtest5 using PRIMARY over (4022045 <= id <= 4022054)  (cost=2.28 rows=10)


table 6 : explain SELECT DISTINCT c FROM sbtest6 WHERE id BETWEEN 2763408 AND 2763417 ORDER BY c
	-> Sort: sbtest6.c
    -> Table scan on <temporary>  (cost=4.84..7.2 rows=10)
        -> Temporary table with deduplication  (cost=4.58..4.58 rows=10)
            -> Filter: (sbtest6.id between 2763408 and 2763417)  (cost=2.28 rows=10)
                -> Index range scan on sbtest6 using PRIMARY over (2763408 <= id <= 2763417)  (cost=2.28 rows=10)


table 7 : explain SELECT DISTINCT c FROM sbtest7 WHERE id BETWEEN 901285 AND 901294 ORDER BY c
	-> Sort: sbtest7.c
    -> Table scan on <temporary>  (cost=4.84..7.2 rows=10)
        -> Temporary table with deduplication  (cost=4.58..4.58 rows=10)
            -> Filter: (sbtest7.id between 901285 and 901294)  (cost=2.28 rows=10)
                -> Index range scan on sbtest7 using PRIMARY over (901285 <= id <= 901294)  (cost=2.28 rows=10)


table 8 : explain SELECT DISTINCT c FROM sbtest8 WHERE id BETWEEN 6552155 AND 6552164 ORDER BY c
	-> Sort: sbtest8.c
    -> Table scan on <temporary>  (cost=4.84..7.2 rows=10)
        -> Temporary table with deduplication  (cost=4.58..4.58 rows=10)
            -> Filter: (sbtest8.id between 6552155 and 6552164)  (cost=2.28 rows=10)
                -> Index range scan on sbtest8 using PRIMARY over (6552155 <= id <= 6552164)  (cost=2.28 rows=10)


for: distinct_ranges
table 1 : explain SELECT DISTINCT c FROM sbtest1 WHERE id BETWEEN 2957668 AND 2957677 ORDER BY c
	-> Sort: sbtest1.c
    -> Table scan on <temporary>  (cost=4.84..7.2 rows=10)
        -> Temporary table with deduplication  (cost=4.58..4.58 rows=10)
            -> Filter: (sbtest1.id between 2957668 and 2957677)  (cost=2.28 rows=10)
                -> Index range scan on sbtest1 using PRIMARY over (2957668 <= id <= 2957677)  (cost=2.28 rows=10)


table 2 : explain SELECT DISTINCT c FROM sbtest2 WHERE id BETWEEN 9677499 AND 9677508 ORDER BY c
	-> Sort: sbtest2.c
    -> Table scan on <temporary>  (cost=4.84..7.2 rows=10)
        -> Temporary table with deduplication  (cost=4.58..4.58 rows=10)
            -> Filter: (sbtest2.id between 9677499 and 9677508)  (cost=2.28 rows=10)
                -> Index range scan on sbtest2 using PRIMARY over (9677499 <= id <= 9677508)  (cost=2.28 rows=10)


table 3 : explain SELECT DISTINCT c FROM sbtest3 WHERE id BETWEEN 9531612 AND 9531621 ORDER BY c
	-> Sort: sbtest3.c
    -> Table scan on <temporary>  (cost=4.84..7.2 rows=10)
        -> Temporary table with deduplication  (cost=4.58..4.58 rows=10)
            -> Filter: (sbtest3.id between 9531612 and 9531621)  (cost=2.28 rows=10)
                -> Index range scan on sbtest3 using PRIMARY over (9531612 <= id <= 9531621)  (cost=2.28 rows=10)


table 4 : explain SELECT DISTINCT c FROM sbtest4 WHERE id BETWEEN 9617655 AND 9617664 ORDER BY c
	-> Sort: sbtest4.c
    -> Table scan on <temporary>  (cost=4.84..7.2 rows=10)
        -> Temporary table with deduplication  (cost=4.58..4.58 rows=10)
            -> Filter: (sbtest4.id between 9617655 and 9617664)  (cost=2.28 rows=10)
                -> Index range scan on sbtest4 using PRIMARY over (9617655 <= id <= 9617664)  (cost=2.28 rows=10)


table 5 : explain SELECT DISTINCT c FROM sbtest5 WHERE id BETWEEN 165554 AND 165563 ORDER BY c
	-> Sort: sbtest5.c
    -> Table scan on <temporary>  (cost=4.84..7.2 rows=10)
        -> Temporary table with deduplication  (cost=4.58..4.58 rows=10)
            -> Filter: (sbtest5.id between 165554 and 165563)  (cost=2.28 rows=10)
                -> Index range scan on sbtest5 using PRIMARY over (165554 <= id <= 165563)  (cost=2.28 rows=10)


table 6 : explain SELECT DISTINCT c FROM sbtest6 WHERE id BETWEEN 5957029 AND 5957038 ORDER BY c
	-> Sort: sbtest6.c
    -> Table scan on <temporary>  (cost=4.84..7.2 rows=10)
        -> Temporary table with deduplication  (cost=4.58..4.58 rows=10)
            -> Filter: (sbtest6.id between 5957029 and 5957038)  (cost=2.28 rows=10)
                -> Index range scan on sbtest6 using PRIMARY over (5957029 <= id <= 5957038)  (cost=2.28 rows=10)


table 7 : explain SELECT DISTINCT c FROM sbtest7 WHERE id BETWEEN 1857355 AND 1857364 ORDER BY c
	-> Sort: sbtest7.c
    -> Table scan on <temporary>  (cost=4.84..7.2 rows=10)
        -> Temporary table with deduplication  (cost=4.58..4.58 rows=10)
            -> Filter: (sbtest7.id between 1857355 and 1857364)  (cost=2.28 rows=10)
                -> Index range scan on sbtest7 using PRIMARY over (1857355 <= id <= 1857364)  (cost=2.28 rows=10)


table 8 : explain SELECT DISTINCT c FROM sbtest8 WHERE id BETWEEN 4533350 AND 4533359 ORDER BY c
	-> Sort: sbtest8.c
    -> Table scan on <temporary>  (cost=4.84..7.2 rows=10)
        -> Temporary table with deduplication  (cost=4.58..4.58 rows=10)
            -> Filter: (sbtest8.id between 4533350 and 4533359)  (cost=2.28 rows=10)
                -> Index range scan on sbtest8 using PRIMARY over (4533350 <= id <= 4533359)  (cost=2.28 rows=10)


for: distinct_ranges
table 1 : explain SELECT DISTINCT c FROM sbtest1 WHERE id BETWEEN 8609827 AND 8609836 ORDER BY c
	-> Sort: sbtest1.c
    -> Table scan on <temporary>  (cost=4.84..7.2 rows=10)
        -> Temporary table with deduplication  (cost=4.58..4.58 rows=10)
            -> Filter: (sbtest1.id between 8609827 and 8609836)  (cost=2.28 rows=10)
                -> Index range scan on sbtest1 using PRIMARY over (8609827 <= id <= 8609836)  (cost=2.28 rows=10)


table 2 : explain SELECT DISTINCT c FROM sbtest2 WHERE id BETWEEN 6315936 AND 6315945 ORDER BY c
	-> Sort: sbtest2.c
    -> Table scan on <temporary>  (cost=4.84..7.2 rows=10)
        -> Temporary table with deduplication  (cost=4.58..4.58 rows=10)
            -> Filter: (sbtest2.id between 6315936 and 6315945)  (cost=2.28 rows=10)
                -> Index range scan on sbtest2 using PRIMARY over (6315936 <= id <= 6315945)  (cost=2.28 rows=10)


table 3 : explain SELECT DISTINCT c FROM sbtest3 WHERE id BETWEEN 1048826 AND 1048835 ORDER BY c
	-> Sort: sbtest3.c
    -> Table scan on <temporary>  (cost=4.84..7.2 rows=10)
        -> Temporary table with deduplication  (cost=4.58..4.58 rows=10)
            -> Filter: (sbtest3.id between 1048826 and 1048835)  (cost=2.28 rows=10)
                -> Index range scan on sbtest3 using PRIMARY over (1048826 <= id <= 1048835)  (cost=2.28 rows=10)


table 4 : explain SELECT DISTINCT c FROM sbtest4 WHERE id BETWEEN 399689 AND 399698 ORDER BY c
	-> Sort: sbtest4.c
    -> Table scan on <temporary>  (cost=4.84..7.2 rows=10)
        -> Temporary table with deduplication  (cost=4.58..4.58 rows=10)
            -> Filter: (sbtest4.id between 399689 and 399698)  (cost=2.28 rows=10)
                -> Index range scan on sbtest4 using PRIMARY over (399689 <= id <= 399698)  (cost=2.28 rows=10)


table 5 : explain SELECT DISTINCT c FROM sbtest5 WHERE id BETWEEN 7510109 AND 7510118 ORDER BY c
	-> Sort: sbtest5.c
    -> Table scan on <temporary>  (cost=4.84..7.2 rows=10)
        -> Temporary table with deduplication  (cost=4.58..4.58 rows=10)
            -> Filter: (sbtest5.id between 7510109 and 7510118)  (cost=2.28 rows=10)
                -> Index range scan on sbtest5 using PRIMARY over (7510109 <= id <= 7510118)  (cost=2.28 rows=10)


table 6 : explain SELECT DISTINCT c FROM sbtest6 WHERE id BETWEEN 5531659 AND 5531668 ORDER BY c
	-> Sort: sbtest6.c
    -> Table scan on <temporary>  (cost=4.84..7.2 rows=10)
        -> Temporary table with deduplication  (cost=4.58..4.58 rows=10)
            -> Filter: (sbtest6.id between 5531659 and 5531668)  (cost=2.28 rows=10)
                -> Index range scan on sbtest6 using PRIMARY over (5531659 <= id <= 5531668)  (cost=2.28 rows=10)


table 7 : explain SELECT DISTINCT c FROM sbtest7 WHERE id BETWEEN 2845762 AND 2845771 ORDER BY c
	-> Sort: sbtest7.c
    -> Table scan on <temporary>  (cost=4.84..7.2 rows=10)
        -> Temporary table with deduplication  (cost=4.58..4.58 rows=10)
            -> Filter: (sbtest7.id between 2845762 and 2845771)  (cost=2.28 rows=10)
                -> Index range scan on sbtest7 using PRIMARY over (2845762 <= id <= 2845771)  (cost=2.28 rows=10)


table 8 : explain SELECT DISTINCT c FROM sbtest8 WHERE id BETWEEN 1037971 AND 1037980 ORDER BY c
	-> Sort: sbtest8.c
    -> Table scan on <temporary>  (cost=4.84..7.2 rows=10)
        -> Temporary table with deduplication  (cost=4.58..4.58 rows=10)
            -> Filter: (sbtest8.id between 1037971 and 1037980)  (cost=2.28 rows=10)
                -> Index range scan on sbtest8 using PRIMARY over (1037971 <= id <= 1037980)  (cost=2.28 rows=10)


for: order_ranges
table 1 : explain SELECT c FROM sbtest1 WHERE id BETWEEN 5623022 AND 5623031 ORDER BY c
	-> Sort: sbtest1.c  (cost=2.28 rows=10)
    -> Filter: (sbtest1.id between 5623022 and 5623031)  (cost=2.28 rows=10)
        -> Index range scan on sbtest1 using PRIMARY over (5623022 <= id <= 5623031)  (cost=2.28 rows=10)


table 2 : explain SELECT c FROM sbtest2 WHERE id BETWEEN 106497 AND 106506 ORDER BY c
	-> Sort: sbtest2.c  (cost=2.28 rows=10)
    -> Filter: (sbtest2.id between 106497 and 106506)  (cost=2.28 rows=10)
        -> Index range scan on sbtest2 using PRIMARY over (106497 <= id <= 106506)  (cost=2.28 rows=10)


table 3 : explain SELECT c FROM sbtest3 WHERE id BETWEEN 3765443 AND 3765452 ORDER BY c
	-> Sort: sbtest3.c  (cost=2.28 rows=10)
    -> Filter: (sbtest3.id between 3765443 and 3765452)  (cost=2.28 rows=10)
        -> Index range scan on sbtest3 using PRIMARY over (3765443 <= id <= 3765452)  (cost=2.28 rows=10)


table 4 : explain SELECT c FROM sbtest4 WHERE id BETWEEN 4075525 AND 4075534 ORDER BY c
	-> Sort: sbtest4.c  (cost=2.28 rows=10)
    -> Filter: (sbtest4.id between 4075525 and 4075534)  (cost=2.28 rows=10)
        -> Index range scan on sbtest4 using PRIMARY over (4075525 <= id <= 4075534)  (cost=2.28 rows=10)


table 5 : explain SELECT c FROM sbtest5 WHERE id BETWEEN 2762359 AND 2762368 ORDER BY c
	-> Sort: sbtest5.c  (cost=2.28 rows=10)
    -> Filter: (sbtest5.id between 2762359 and 2762368)  (cost=2.28 rows=10)
        -> Index range scan on sbtest5 using PRIMARY over (2762359 <= id <= 2762368)  (cost=2.28 rows=10)


table 6 : explain SELECT c FROM sbtest6 WHERE id BETWEEN 8332062 AND 8332071 ORDER BY c
	-> Sort: sbtest6.c  (cost=2.28 rows=10)
    -> Filter: (sbtest6.id between 8332062 and 8332071)  (cost=2.28 rows=10)
        -> Index range scan on sbtest6 using PRIMARY over (8332062 <= id <= 8332071)  (cost=2.28 rows=10)


table 7 : explain SELECT c FROM sbtest7 WHERE id BETWEEN 5516685 AND 5516694 ORDER BY c
	-> Sort: sbtest7.c  (cost=2.28 rows=10)
    -> Filter: (sbtest7.id between 5516685 and 5516694)  (cost=2.28 rows=10)
        -> Index range scan on sbtest7 using PRIMARY over (5516685 <= id <= 5516694)  (cost=2.28 rows=10)


table 8 : explain SELECT c FROM sbtest8 WHERE id BETWEEN 9693385 AND 9693394 ORDER BY c
	-> Sort: sbtest8.c  (cost=2.28 rows=10)
    -> Filter: (sbtest8.id between 9693385 and 9693394)  (cost=2.28 rows=10)
        -> Index range scan on sbtest8 using PRIMARY over (9693385 <= id <= 9693394)  (cost=2.28 rows=10)


for: distinct_ranges
table 1 : explain SELECT DISTINCT c FROM sbtest1 WHERE id BETWEEN 7103769 AND 7103778 ORDER BY c
	-> Sort: sbtest1.c
    -> Table scan on <temporary>  (cost=4.84..7.2 rows=10)
        -> Temporary table with deduplication  (cost=4.58..4.58 rows=10)
            -> Filter: (sbtest1.id between 7103769 and 7103778)  (cost=2.28 rows=10)
                -> Index range scan on sbtest1 using PRIMARY over (7103769 <= id <= 7103778)  (cost=2.28 rows=10)


table 2 : explain SELECT DISTINCT c FROM sbtest2 WHERE id BETWEEN 800482 AND 800491 ORDER BY c
	-> Sort: sbtest2.c
    -> Table scan on <temporary>  (cost=4.84..7.2 rows=10)
        -> Temporary table with deduplication  (cost=4.58..4.58 rows=10)
            -> Filter: (sbtest2.id between 800482 and 800491)  (cost=2.28 rows=10)
                -> Index range scan on sbtest2 using PRIMARY over (800482 <= id <= 800491)  (cost=2.28 rows=10)


table 3 : explain SELECT DISTINCT c FROM sbtest3 WHERE id BETWEEN 7664854 AND 7664863 ORDER BY c
	-> Sort: sbtest3.c
    -> Table scan on <temporary>  (cost=4.84..7.2 rows=10)
        -> Temporary table with deduplication  (cost=4.58..4.58 rows=10)
            -> Filter: (sbtest3.id between 7664854 and 7664863)  (cost=2.28 rows=10)
                -> Index range scan on sbtest3 using PRIMARY over (7664854 <= id <= 7664863)  (cost=2.28 rows=10)


table 4 : explain SELECT DISTINCT c FROM sbtest4 WHERE id BETWEEN 4186794 AND 4186803 ORDER BY c
	-> Sort: sbtest4.c
    -> Table scan on <temporary>  (cost=4.84..7.2 rows=10)
        -> Temporary table with deduplication  (cost=4.58..4.58 rows=10)
            -> Filter: (sbtest4.id between 4186794 and 4186803)  (cost=2.28 rows=10)
                -> Index range scan on sbtest4 using PRIMARY over (4186794 <= id <= 4186803)  (cost=2.28 rows=10)


table 5 : explain SELECT DISTINCT c FROM sbtest5 WHERE id BETWEEN 5063893 AND 5063902 ORDER BY c
	-> Sort: sbtest5.c
    -> Table scan on <temporary>  (cost=4.84..7.2 rows=10)
        -> Temporary table with deduplication  (cost=4.58..4.58 rows=10)
            -> Filter: (sbtest5.id between 5063893 and 5063902)  (cost=2.28 rows=10)
                -> Index range scan on sbtest5 using PRIMARY over (5063893 <= id <= 5063902)  (cost=2.28 rows=10)


table 6 : explain SELECT DISTINCT c FROM sbtest6 WHERE id BETWEEN 9483019 AND 9483028 ORDER BY c
	-> Sort: sbtest6.c
    -> Table scan on <temporary>  (cost=4.84..7.2 rows=10)
        -> Temporary table with deduplication  (cost=4.58..4.58 rows=10)
            -> Filter: (sbtest6.id between 9483019 and 9483028)  (cost=2.28 rows=10)
                -> Index range scan on sbtest6 using PRIMARY over (9483019 <= id <= 9483028)  (cost=2.28 rows=10)


table 7 : explain SELECT DISTINCT c FROM sbtest7 WHERE id BETWEEN 7755422 AND 7755431 ORDER BY c
	-> Sort: sbtest7.c
    -> Table scan on <temporary>  (cost=4.84..7.2 rows=10)
        -> Temporary table with deduplication  (cost=4.58..4.58 rows=10)
            -> Filter: (sbtest7.id between 7755422 and 7755431)  (cost=2.28 rows=10)
                -> Index range scan on sbtest7 using PRIMARY over (7755422 <= id <= 7755431)  (cost=2.28 rows=10)


table 8 : explain SELECT DISTINCT c FROM sbtest8 WHERE id BETWEEN 8137002 AND 8137011 ORDER BY c
	-> Sort: sbtest8.c
    -> Table scan on <temporary>  (cost=4.84..7.2 rows=10)
        -> Temporary table with deduplication  (cost=4.58..4.58 rows=10)
            -> Filter: (sbtest8.id between 8137002 and 8137011)  (cost=2.28 rows=10)
                -> Index range scan on sbtest8 using PRIMARY over (8137002 <= id <= 8137011)  (cost=2.28 rows=10)


for: distinct_ranges
table 1 : explain SELECT DISTINCT c FROM sbtest1 WHERE id BETWEEN 3603892 AND 3603901 ORDER BY c
	-> Sort: sbtest1.c
    -> Table scan on <temporary>  (cost=4.84..7.2 rows=10)
        -> Temporary table with deduplication  (cost=4.58..4.58 rows=10)
            -> Filter: (sbtest1.id between 3603892 and 3603901)  (cost=2.28 rows=10)
                -> Index range scan on sbtest1 using PRIMARY over (3603892 <= id <= 3603901)  (cost=2.28 rows=10)


table 2 : explain SELECT DISTINCT c FROM sbtest2 WHERE id BETWEEN 4178660 AND 4178669 ORDER BY c
	-> Sort: sbtest2.c
    -> Table scan on <temporary>  (cost=4.84..7.2 rows=10)
        -> Temporary table with deduplication  (cost=4.58..4.58 rows=10)
            -> Filter: (sbtest2.id between 4178660 and 4178669)  (cost=2.28 rows=10)
                -> Index range scan on sbtest2 using PRIMARY over (4178660 <= id <= 4178669)  (cost=2.28 rows=10)


table 3 : explain SELECT DISTINCT c FROM sbtest3 WHERE id BETWEEN 3539982 AND 3539991 ORDER BY c
	-> Sort: sbtest3.c
    -> Table scan on <temporary>  (cost=4.84..7.2 rows=10)
        -> Temporary table with deduplication  (cost=4.58..4.58 rows=10)
            -> Filter: (sbtest3.id between 3539982 and 3539991)  (cost=2.28 rows=10)
                -> Index range scan on sbtest3 using PRIMARY over (3539982 <= id <= 3539991)  (cost=2.28 rows=10)


table 4 : explain SELECT DISTINCT c FROM sbtest4 WHERE id BETWEEN 9792123 AND 9792132 ORDER BY c
	-> Sort: sbtest4.c
    -> Table scan on <temporary>  (cost=4.84..7.2 rows=10)
        -> Temporary table with deduplication  (cost=4.58..4.58 rows=10)
            -> Filter: (sbtest4.id between 9792123 and 9792132)  (cost=2.28 rows=10)
                -> Index range scan on sbtest4 using PRIMARY over (9792123 <= id <= 9792132)  (cost=2.28 rows=10)


table 5 : explain SELECT DISTINCT c FROM sbtest5 WHERE id BETWEEN 7260199 AND 7260208 ORDER BY c
	-> Sort: sbtest5.c
    -> Table scan on <temporary>  (cost=4.84..7.2 rows=10)
        -> Temporary table with deduplication  (cost=4.58..4.58 rows=10)
            -> Filter: (sbtest5.id between 7260199 and 7260208)  (cost=2.28 rows=10)
                -> Index range scan on sbtest5 using PRIMARY over (7260199 <= id <= 7260208)  (cost=2.28 rows=10)


table 6 : explain SELECT DISTINCT c FROM sbtest6 WHERE id BETWEEN 4467957 AND 4467966 ORDER BY c
	-> Sort: sbtest6.c
    -> Table scan on <temporary>  (cost=4.84..7.2 rows=10)
        -> Temporary table with deduplication  (cost=4.58..4.58 rows=10)
            -> Filter: (sbtest6.id between 4467957 and 4467966)  (cost=2.28 rows=10)
                -> Index range scan on sbtest6 using PRIMARY over (4467957 <= id <= 4467966)  (cost=2.28 rows=10)


table 7 : explain SELECT DISTINCT c FROM sbtest7 WHERE id BETWEEN 4828597 AND 4828606 ORDER BY c
	-> Sort: sbtest7.c
    -> Table scan on <temporary>  (cost=4.84..7.2 rows=10)
        -> Temporary table with deduplication  (cost=4.58..4.58 rows=10)
            -> Filter: (sbtest7.id between 4828597 and 4828606)  (cost=2.28 rows=10)
                -> Index range scan on sbtest7 using PRIMARY over (4828597 <= id <= 4828606)  (cost=2.28 rows=10)


table 8 : explain SELECT DISTINCT c FROM sbtest8 WHERE id BETWEEN 6841577 AND 6841586 ORDER BY c
	-> Sort: sbtest8.c
    -> Table scan on <temporary>  (cost=4.84..7.2 rows=10)
        -> Temporary table with deduplication  (cost=4.58..4.58 rows=10)
            -> Filter: (sbtest8.id between 6841577 and 6841586)  (cost=2.28 rows=10)
                -> Index range scan on sbtest8 using PRIMARY over (6841577 <= id <= 6841586)  (cost=2.28 rows=10)


for: distinct_ranges
table 1 : explain SELECT DISTINCT c FROM sbtest1 WHERE id BETWEEN 9070761 AND 9070770 ORDER BY c
	-> Sort: sbtest1.c
    -> Table scan on <temporary>  (cost=4.84..7.2 rows=10)
        -> Temporary table with deduplication  (cost=4.58..4.58 rows=10)
            -> Filter: (sbtest1.id between 9070761 and 9070770)  (cost=2.28 rows=10)
                -> Index range scan on sbtest1 using PRIMARY over (9070761 <= id <= 9070770)  (cost=2.28 rows=10)


table 2 : explain SELECT DISTINCT c FROM sbtest2 WHERE id BETWEEN 5733557 AND 5733566 ORDER BY c
	-> Sort: sbtest2.c
    -> Table scan on <temporary>  (cost=4.84..7.2 rows=10)
        -> Temporary table with deduplication  (cost=4.58..4.58 rows=10)
            -> Filter: (sbtest2.id between 5733557 and 5733566)  (cost=2.28 rows=10)
                -> Index range scan on sbtest2 using PRIMARY over (5733557 <= id <= 5733566)  (cost=2.28 rows=10)


table 3 : explain SELECT DISTINCT c FROM sbtest3 WHERE id BETWEEN 6173540 AND 6173549 ORDER BY c
	-> Sort: sbtest3.c
    -> Table scan on <temporary>  (cost=4.84..7.2 rows=10)
        -> Temporary table with deduplication  (cost=4.58..4.58 rows=10)
            -> Filter: (sbtest3.id between 6173540 and 6173549)  (cost=2.28 rows=10)
                -> Index range scan on sbtest3 using PRIMARY over (6173540 <= id <= 6173549)  (cost=2.28 rows=10)


table 4 : explain SELECT DISTINCT c FROM sbtest4 WHERE id BETWEEN 6826141 AND 6826150 ORDER BY c
	-> Sort: sbtest4.c
    -> Table scan on <temporary>  (cost=4.84..7.2 rows=10)
        -> Temporary table with deduplication  (cost=4.58..4.58 rows=10)
            -> Filter: (sbtest4.id between 6826141 and 6826150)  (cost=2.28 rows=10)
                -> Index range scan on sbtest4 using PRIMARY over (6826141 <= id <= 6826150)  (cost=2.28 rows=10)


table 5 : explain SELECT DISTINCT c FROM sbtest5 WHERE id BETWEEN 8233742 AND 8233751 ORDER BY c
	-> Sort: sbtest5.c
    -> Table scan on <temporary>  (cost=4.84..7.2 rows=10)
        -> Temporary table with deduplication  (cost=4.58..4.58 rows=10)
            -> Filter: (sbtest5.id between 8233742 and 8233751)  (cost=2.28 rows=10)
                -> Index range scan on sbtest5 using PRIMARY over (8233742 <= id <= 8233751)  (cost=2.28 rows=10)


table 6 : explain SELECT DISTINCT c FROM sbtest6 WHERE id BETWEEN 3510684 AND 3510693 ORDER BY c
	-> Sort: sbtest6.c
    -> Table scan on <temporary>  (cost=4.84..7.2 rows=10)
        -> Temporary table with deduplication  (cost=4.58..4.58 rows=10)
            -> Filter: (sbtest6.id between 3510684 and 3510693)  (cost=2.28 rows=10)
                -> Index range scan on sbtest6 using PRIMARY over (3510684 <= id <= 3510693)  (cost=2.28 rows=10)


table 7 : explain SELECT DISTINCT c FROM sbtest7 WHERE id BETWEEN 6428223 AND 6428232 ORDER BY c
	-> Sort: sbtest7.c
    -> Table scan on <temporary>  (cost=4.84..7.2 rows=10)
        -> Temporary table with deduplication  (cost=4.58..4.58 rows=10)
            -> Filter: (sbtest7.id between 6428223 and 6428232)  (cost=2.28 rows=10)
                -> Index range scan on sbtest7 using PRIMARY over (6428223 <= id <= 6428232)  (cost=2.28 rows=10)


table 8 : explain SELECT DISTINCT c FROM sbtest8 WHERE id BETWEEN 1387886 AND 1387895 ORDER BY c
	-> Sort: sbtest8.c
    -> Table scan on <temporary>  (cost=4.84..7.2 rows=10)
        -> Temporary table with deduplication  (cost=4.58..4.58 rows=10)
            -> Filter: (sbtest8.id between 1387886 and 1387895)  (cost=2.28 rows=10)
                -> Index range scan on sbtest8 using PRIMARY over (1387886 <= id <= 1387895)  (cost=2.28 rows=10)


for: distinct_ranges
table 1 : explain SELECT DISTINCT c FROM sbtest1 WHERE id BETWEEN 8315661 AND 8315670 ORDER BY c
	-> Sort: sbtest1.c
    -> Table scan on <temporary>  (cost=4.84..7.2 rows=10)
        -> Temporary table with deduplication  (cost=4.58..4.58 rows=10)
            -> Filter: (sbtest1.id between 8315661 and 8315670)  (cost=2.28 rows=10)
                -> Index range scan on sbtest1 using PRIMARY over (8315661 <= id <= 8315670)  (cost=2.28 rows=10)


table 2 : explain SELECT DISTINCT c FROM sbtest2 WHERE id BETWEEN 9914444 AND 9914453 ORDER BY c
	-> Sort: sbtest2.c
    -> Table scan on <temporary>  (cost=4.84..7.2 rows=10)
        -> Temporary table with deduplication  (cost=4.58..4.58 rows=10)
            -> Filter: (sbtest2.id between 9914444 and 9914453)  (cost=2.28 rows=10)
                -> Index range scan on sbtest2 using PRIMARY over (9914444 <= id <= 9914453)  (cost=2.28 rows=10)


table 3 : explain SELECT DISTINCT c FROM sbtest3 WHERE id BETWEEN 7199999 AND 7200008 ORDER BY c
	-> Sort: sbtest3.c
    -> Table scan on <temporary>  (cost=4.84..7.2 rows=10)
        -> Temporary table with deduplication  (cost=4.58..4.58 rows=10)
            -> Filter: (sbtest3.id between 7199999 and 7200008)  (cost=2.28 rows=10)
                -> Index range scan on sbtest3 using PRIMARY over (7199999 <= id <= 7200008)  (cost=2.28 rows=10)


table 4 : explain SELECT DISTINCT c FROM sbtest4 WHERE id BETWEEN 4623966 AND 4623975 ORDER BY c
	-> Sort: sbtest4.c
    -> Table scan on <temporary>  (cost=4.84..7.2 rows=10)
        -> Temporary table with deduplication  (cost=4.58..4.58 rows=10)
            -> Filter: (sbtest4.id between 4623966 and 4623975)  (cost=2.28 rows=10)
                -> Index range scan on sbtest4 using PRIMARY over (4623966 <= id <= 4623975)  (cost=2.28 rows=10)


table 5 : explain SELECT DISTINCT c FROM sbtest5 WHERE id BETWEEN 8024072 AND 8024081 ORDER BY c
	-> Sort: sbtest5.c
    -> Table scan on <temporary>  (cost=4.84..7.2 rows=10)
        -> Temporary table with deduplication  (cost=4.58..4.58 rows=10)
            -> Filter: (sbtest5.id between 8024072 and 8024081)  (cost=2.28 rows=10)
                -> Index range scan on sbtest5 using PRIMARY over (8024072 <= id <= 8024081)  (cost=2.28 rows=10)


table 6 : explain SELECT DISTINCT c FROM sbtest6 WHERE id BETWEEN 271342 AND 271351 ORDER BY c
	-> Sort: sbtest6.c
    -> Table scan on <temporary>  (cost=4.84..7.2 rows=10)
        -> Temporary table with deduplication  (cost=4.58..4.58 rows=10)
            -> Filter: (sbtest6.id between 271342 and 271351)  (cost=2.28 rows=10)
                -> Index range scan on sbtest6 using PRIMARY over (271342 <= id <= 271351)  (cost=2.28 rows=10)


table 7 : explain SELECT DISTINCT c FROM sbtest7 WHERE id BETWEEN 5341663 AND 5341672 ORDER BY c
	-> Sort: sbtest7.c
    -> Table scan on <temporary>  (cost=4.84..7.2 rows=10)
        -> Temporary table with deduplication  (cost=4.58..4.58 rows=10)
            -> Filter: (sbtest7.id between 5341663 and 5341672)  (cost=2.28 rows=10)
                -> Index range scan on sbtest7 using PRIMARY over (5341663 <= id <= 5341672)  (cost=2.28 rows=10)


table 8 : explain SELECT DISTINCT c FROM sbtest8 WHERE id BETWEEN 563682 AND 563691 ORDER BY c
	-> Sort: sbtest8.c
    -> Table scan on <temporary>  (cost=4.84..7.2 rows=10)
        -> Temporary table with deduplication  (cost=4.58..4.58 rows=10)
            -> Filter: (sbtest8.id between 563682 and 563691)  (cost=2.28 rows=10)
                -> Index range scan on sbtest8 using PRIMARY over (563682 <= id <= 563691)  (cost=2.28 rows=10)


for: distinct_ranges
table 1 : explain SELECT DISTINCT c FROM sbtest1 WHERE id BETWEEN 8816854 AND 8816863 ORDER BY c
	-> Sort: sbtest1.c
    -> Table scan on <temporary>  (cost=4.84..7.2 rows=10)
        -> Temporary table with deduplication  (cost=4.58..4.58 rows=10)
            -> Filter: (sbtest1.id between 8816854 and 8816863)  (cost=2.28 rows=10)
                -> Index range scan on sbtest1 using PRIMARY over (8816854 <= id <= 8816863)  (cost=2.28 rows=10)


table 2 : explain SELECT DISTINCT c FROM sbtest2 WHERE id BETWEEN 7133459 AND 7133468 ORDER BY c
	-> Sort: sbtest2.c
    -> Table scan on <temporary>  (cost=4.84..7.2 rows=10)
        -> Temporary table with deduplication  (cost=4.58..4.58 rows=10)
            -> Filter: (sbtest2.id between 7133459 and 7133468)  (cost=2.28 rows=10)
                -> Index range scan on sbtest2 using PRIMARY over (7133459 <= id <= 7133468)  (cost=2.28 rows=10)


table 3 : explain SELECT DISTINCT c FROM sbtest3 WHERE id BETWEEN 9496031 AND 9496040 ORDER BY c
	-> Sort: sbtest3.c
    -> Table scan on <temporary>  (cost=4.84..7.2 rows=10)
        -> Temporary table with deduplication  (cost=4.58..4.58 rows=10)
            -> Filter: (sbtest3.id between 9496031 and 9496040)  (cost=2.28 rows=10)
                -> Index range scan on sbtest3 using PRIMARY over (9496031 <= id <= 9496040)  (cost=2.28 rows=10)


table 4 : explain SELECT DISTINCT c FROM sbtest4 WHERE id BETWEEN 9425194 AND 9425203 ORDER BY c
	-> Sort: sbtest4.c
    -> Table scan on <temporary>  (cost=4.84..7.2 rows=10)
        -> Temporary table with deduplication  (cost=4.58..4.58 rows=10)
            -> Filter: (sbtest4.id between 9425194 and 9425203)  (cost=2.28 rows=10)
                -> Index range scan on sbtest4 using PRIMARY over (9425194 <= id <= 9425203)  (cost=2.28 rows=10)


table 5 : explain SELECT DISTINCT c FROM sbtest5 WHERE id BETWEEN 4566151 AND 4566160 ORDER BY c
	-> Sort: sbtest5.c
    -> Table scan on <temporary>  (cost=4.84..7.2 rows=10)
        -> Temporary table with deduplication  (cost=4.58..4.58 rows=10)
            -> Filter: (sbtest5.id between 4566151 and 4566160)  (cost=2.28 rows=10)
                -> Index range scan on sbtest5 using PRIMARY over (4566151 <= id <= 4566160)  (cost=2.28 rows=10)


table 6 : explain SELECT DISTINCT c FROM sbtest6 WHERE id BETWEEN 5935824 AND 5935833 ORDER BY c
	-> Sort: sbtest6.c
    -> Table scan on <temporary>  (cost=4.84..7.2 rows=10)
        -> Temporary table with deduplication  (cost=4.58..4.58 rows=10)
            -> Filter: (sbtest6.id between 5935824 and 5935833)  (cost=2.28 rows=10)
                -> Index range scan on sbtest6 using PRIMARY over (5935824 <= id <= 5935833)  (cost=2.28 rows=10)


table 7 : explain SELECT DISTINCT c FROM sbtest7 WHERE id BETWEEN 9177235 AND 9177244 ORDER BY c
	-> Sort: sbtest7.c
    -> Table scan on <temporary>  (cost=4.84..7.2 rows=10)
        -> Temporary table with deduplication  (cost=4.58..4.58 rows=10)
            -> Filter: (sbtest7.id between 9177235 and 9177244)  (cost=2.28 rows=10)
                -> Index range scan on sbtest7 using PRIMARY over (9177235 <= id <= 9177244)  (cost=2.28 rows=10)


table 8 : explain SELECT DISTINCT c FROM sbtest8 WHERE id BETWEEN 7515247 AND 7515256 ORDER BY c
	-> Sort: sbtest8.c
    -> Table scan on <temporary>  (cost=4.84..7.2 rows=10)
        -> Temporary table with deduplication  (cost=4.58..4.58 rows=10)
            -> Filter: (sbtest8.id between 7515247 and 7515256)  (cost=2.28 rows=10)
                -> Index range scan on sbtest8 using PRIMARY over (7515247 <= id <= 7515256)  (cost=2.28 rows=10)


for: order_ranges
table 1 : explain SELECT c FROM sbtest1 WHERE id BETWEEN 2898362 AND 2898371 ORDER BY c
	-> Sort: sbtest1.c  (cost=2.28 rows=10)
    -> Filter: (sbtest1.id between 2898362 and 2898371)  (cost=2.28 rows=10)
        -> Index range scan on sbtest1 using PRIMARY over (2898362 <= id <= 2898371)  (cost=2.28 rows=10)


table 2 : explain SELECT c FROM sbtest2 WHERE id BETWEEN 2469011 AND 2469020 ORDER BY c
	-> Sort: sbtest2.c  (cost=2.28 rows=10)
    -> Filter: (sbtest2.id between 2469011 and 2469020)  (cost=2.28 rows=10)
        -> Index range scan on sbtest2 using PRIMARY over (2469011 <= id <= 2469020)  (cost=2.28 rows=10)


table 3 : explain SELECT c FROM sbtest3 WHERE id BETWEEN 373180 AND 373189 ORDER BY c
	-> Sort: sbtest3.c  (cost=2.28 rows=10)
    -> Filter: (sbtest3.id between 373180 and 373189)  (cost=2.28 rows=10)
        -> Index range scan on sbtest3 using PRIMARY over (373180 <= id <= 373189)  (cost=2.28 rows=10)


table 4 : explain SELECT c FROM sbtest4 WHERE id BETWEEN 5320016 AND 5320025 ORDER BY c
	-> Sort: sbtest4.c  (cost=2.28 rows=10)
    -> Filter: (sbtest4.id between 5320016 and 5320025)  (cost=2.28 rows=10)
        -> Index range scan on sbtest4 using PRIMARY over (5320016 <= id <= 5320025)  (cost=2.28 rows=10)


table 5 : explain SELECT c FROM sbtest5 WHERE id BETWEEN 1506740 AND 1506749 ORDER BY c
	-> Sort: sbtest5.c  (cost=2.28 rows=10)
    -> Filter: (sbtest5.id between 1506740 and 1506749)  (cost=2.28 rows=10)
        -> Index range scan on sbtest5 using PRIMARY over (1506740 <= id <= 1506749)  (cost=2.28 rows=10)


table 6 : explain SELECT c FROM sbtest6 WHERE id BETWEEN 2555911 AND 2555920 ORDER BY c
	-> Sort: sbtest6.c  (cost=2.28 rows=10)
    -> Filter: (sbtest6.id between 2555911 and 2555920)  (cost=2.28 rows=10)
        -> Index range scan on sbtest6 using PRIMARY over (2555911 <= id <= 2555920)  (cost=2.28 rows=10)


table 7 : explain SELECT c FROM sbtest7 WHERE id BETWEEN 9389203 AND 9389212 ORDER BY c
	-> Sort: sbtest7.c  (cost=2.28 rows=10)
    -> Filter: (sbtest7.id between 9389203 and 9389212)  (cost=2.28 rows=10)
        -> Index range scan on sbtest7 using PRIMARY over (9389203 <= id <= 9389212)  (cost=2.28 rows=10)


table 8 : explain SELECT c FROM sbtest8 WHERE id BETWEEN 2800089 AND 2800098 ORDER BY c
	-> Sort: sbtest8.c  (cost=2.28 rows=10)
    -> Filter: (sbtest8.id between 2800089 and 2800098)  (cost=2.28 rows=10)
        -> Index range scan on sbtest8 using PRIMARY over (2800089 <= id <= 2800098)  (cost=2.28 rows=10)


for: distinct_ranges
table 1 : explain SELECT DISTINCT c FROM sbtest1 WHERE id BETWEEN 8362527 AND 8362536 ORDER BY c
	-> Sort: sbtest1.c
    -> Table scan on <temporary>  (cost=4.84..7.2 rows=10)
        -> Temporary table with deduplication  (cost=4.58..4.58 rows=10)
            -> Filter: (sbtest1.id between 8362527 and 8362536)  (cost=2.28 rows=10)
                -> Index range scan on sbtest1 using PRIMARY over (8362527 <= id <= 8362536)  (cost=2.28 rows=10)


table 2 : explain SELECT DISTINCT c FROM sbtest2 WHERE id BETWEEN 2604030 AND 2604039 ORDER BY c
	-> Sort: sbtest2.c
    -> Table scan on <temporary>  (cost=4.84..7.2 rows=10)
        -> Temporary table with deduplication  (cost=4.58..4.58 rows=10)
            -> Filter: (sbtest2.id between 2604030 and 2604039)  (cost=2.28 rows=10)
                -> Index range scan on sbtest2 using PRIMARY over (2604030 <= id <= 2604039)  (cost=2.28 rows=10)


table 3 : explain SELECT DISTINCT c FROM sbtest3 WHERE id BETWEEN 7224321 AND 7224330 ORDER BY c
	-> Sort: sbtest3.c
    -> Table scan on <temporary>  (cost=4.84..7.2 rows=10)
        -> Temporary table with deduplication  (cost=4.58..4.58 rows=10)
            -> Filter: (sbtest3.id between 7224321 and 7224330)  (cost=2.28 rows=10)
                -> Index range scan on sbtest3 using PRIMARY over (7224321 <= id <= 7224330)  (cost=2.28 rows=10)


table 4 : explain SELECT DISTINCT c FROM sbtest4 WHERE id BETWEEN 6455927 AND 6455936 ORDER BY c
	-> Sort: sbtest4.c
    -> Table scan on <temporary>  (cost=4.84..7.2 rows=10)
        -> Temporary table with deduplication  (cost=4.58..4.58 rows=10)
            -> Filter: (sbtest4.id between 6455927 and 6455936)  (cost=2.28 rows=10)
                -> Index range scan on sbtest4 using PRIMARY over (6455927 <= id <= 6455936)  (cost=2.28 rows=10)


table 5 : explain SELECT DISTINCT c FROM sbtest5 WHERE id BETWEEN 7932222 AND 7932231 ORDER BY c
	-> Sort: sbtest5.c
    -> Table scan on <temporary>  (cost=4.84..7.2 rows=10)
        -> Temporary table with deduplication  (cost=4.58..4.58 rows=10)
            -> Filter: (sbtest5.id between 7932222 and 7932231)  (cost=2.28 rows=10)
                -> Index range scan on sbtest5 using PRIMARY over (7932222 <= id <= 7932231)  (cost=2.28 rows=10)


table 6 : explain SELECT DISTINCT c FROM sbtest6 WHERE id BETWEEN 454576 AND 454585 ORDER BY c
	-> Sort: sbtest6.c
    -> Table scan on <temporary>  (cost=4.84..7.2 rows=10)
        -> Temporary table with deduplication  (cost=4.58..4.58 rows=10)
            -> Filter: (sbtest6.id between 454576 and 454585)  (cost=2.28 rows=10)
                -> Index range scan on sbtest6 using PRIMARY over (454576 <= id <= 454585)  (cost=2.28 rows=10)


table 7 : explain SELECT DISTINCT c FROM sbtest7 WHERE id BETWEEN 4998399 AND 4998408 ORDER BY c
	-> Sort: sbtest7.c
    -> Table scan on <temporary>  (cost=4.84..7.2 rows=10)
        -> Temporary table with deduplication  (cost=4.58..4.58 rows=10)
            -> Filter: (sbtest7.id between 4998399 and 4998408)  (cost=2.28 rows=10)
                -> Index range scan on sbtest7 using PRIMARY over (4998399 <= id <= 4998408)  (cost=2.28 rows=10)


table 8 : explain SELECT DISTINCT c FROM sbtest8 WHERE id BETWEEN 7373153 AND 7373162 ORDER BY c
	-> Sort: sbtest8.c
    -> Table scan on <temporary>  (cost=4.84..7.2 rows=10)
        -> Temporary table with deduplication  (cost=4.58..4.58 rows=10)
            -> Filter: (sbtest8.id between 7373153 and 7373162)  (cost=2.28 rows=10)
                -> Index range scan on sbtest8 using PRIMARY over (7373153 <= id <= 7373162)  (cost=2.28 rows=10)


for: distinct_ranges
table 1 : explain SELECT DISTINCT c FROM sbtest1 WHERE id BETWEEN 3610537 AND 3610546 ORDER BY c
	-> Sort: sbtest1.c
    -> Table scan on <temporary>  (cost=4.84..7.2 rows=10)
        -> Temporary table with deduplication  (cost=4.58..4.58 rows=10)
            -> Filter: (sbtest1.id between 3610537 and 3610546)  (cost=2.28 rows=10)
                -> Index range scan on sbtest1 using PRIMARY over (3610537 <= id <= 3610546)  (cost=2.28 rows=10)


table 2 : explain SELECT DISTINCT c FROM sbtest2 WHERE id BETWEEN 2436755 AND 2436764 ORDER BY c
	-> Sort: sbtest2.c
    -> Table scan on <temporary>  (cost=4.84..7.2 rows=10)
        -> Temporary table with deduplication  (cost=4.58..4.58 rows=10)
            -> Filter: (sbtest2.id between 2436755 and 2436764)  (cost=2.28 rows=10)
                -> Index range scan on sbtest2 using PRIMARY over (2436755 <= id <= 2436764)  (cost=2.28 rows=10)


table 3 : explain SELECT DISTINCT c FROM sbtest3 WHERE id BETWEEN 1809435 AND 1809444 ORDER BY c
	-> Sort: sbtest3.c
    -> Table scan on <temporary>  (cost=4.84..7.2 rows=10)
        -> Temporary table with deduplication  (cost=4.58..4.58 rows=10)
            -> Filter: (sbtest3.id between 1809435 and 1809444)  (cost=2.28 rows=10)
                -> Index range scan on sbtest3 using PRIMARY over (1809435 <= id <= 1809444)  (cost=2.28 rows=10)


table 4 : explain SELECT DISTINCT c FROM sbtest4 WHERE id BETWEEN 2064891 AND 2064900 ORDER BY c
	-> Sort: sbtest4.c
    -> Table scan on <temporary>  (cost=4.84..7.2 rows=10)
        -> Temporary table with deduplication  (cost=4.58..4.58 rows=10)
            -> Filter: (sbtest4.id between 2064891 and 2064900)  (cost=2.28 rows=10)
                -> Index range scan on sbtest4 using PRIMARY over (2064891 <= id <= 2064900)  (cost=2.28 rows=10)


table 5 : explain SELECT DISTINCT c FROM sbtest5 WHERE id BETWEEN 4661255 AND 4661264 ORDER BY c
	-> Sort: sbtest5.c
    -> Table scan on <temporary>  (cost=4.84..7.2 rows=10)
        -> Temporary table with deduplication  (cost=4.58..4.58 rows=10)
            -> Filter: (sbtest5.id between 4661255 and 4661264)  (cost=2.28 rows=10)
                -> Index range scan on sbtest5 using PRIMARY over (4661255 <= id <= 4661264)  (cost=2.28 rows=10)


table 6 : explain SELECT DISTINCT c FROM sbtest6 WHERE id BETWEEN 3648104 AND 3648113 ORDER BY c
	-> Sort: sbtest6.c
    -> Table scan on <temporary>  (cost=4.84..7.2 rows=10)
        -> Temporary table with deduplication  (cost=4.58..4.58 rows=10)
            -> Filter: (sbtest6.id between 3648104 and 3648113)  (cost=2.28 rows=10)
                -> Index range scan on sbtest6 using PRIMARY over (3648104 <= id <= 3648113)  (cost=2.28 rows=10)


table 7 : explain SELECT DISTINCT c FROM sbtest7 WHERE id BETWEEN 6023346 AND 6023355 ORDER BY c
	-> Sort: sbtest7.c
    -> Table scan on <temporary>  (cost=4.84..7.2 rows=10)
        -> Temporary table with deduplication  (cost=4.58..4.58 rows=10)
            -> Filter: (sbtest7.id between 6023346 and 6023355)  (cost=2.28 rows=10)
                -> Index range scan on sbtest7 using PRIMARY over (6023346 <= id <= 6023355)  (cost=2.28 rows=10)


table 8 : explain SELECT DISTINCT c FROM sbtest8 WHERE id BETWEEN 384627 AND 384636 ORDER BY c
	-> Sort: sbtest8.c
    -> Table scan on <temporary>  (cost=4.84..7.2 rows=10)
        -> Temporary table with deduplication  (cost=4.58..4.58 rows=10)
            -> Filter: (sbtest8.id between 384627 and 384636)  (cost=2.28 rows=10)
                -> Index range scan on sbtest8 using PRIMARY over (384627 <= id <= 384636)  (cost=2.28 rows=10)


for: distinct_ranges
table 1 : explain SELECT DISTINCT c FROM sbtest1 WHERE id BETWEEN 87425 AND 87434 ORDER BY c
	-> Sort: sbtest1.c
    -> Table scan on <temporary>  (cost=4.84..7.2 rows=10)
        -> Temporary table with deduplication  (cost=4.58..4.58 rows=10)
            -> Filter: (sbtest1.id between 87425 and 87434)  (cost=2.28 rows=10)
                -> Index range scan on sbtest1 using PRIMARY over (87425 <= id <= 87434)  (cost=2.28 rows=10)


table 2 : explain SELECT DISTINCT c FROM sbtest2 WHERE id BETWEEN 82551 AND 82560 ORDER BY c
	-> Sort: sbtest2.c
    -> Table scan on <temporary>  (cost=4.84..7.2 rows=10)
        -> Temporary table with deduplication  (cost=4.58..4.58 rows=10)
            -> Filter: (sbtest2.id between 82551 and 82560)  (cost=2.28 rows=10)
                -> Index range scan on sbtest2 using PRIMARY over (82551 <= id <= 82560)  (cost=2.28 rows=10)


table 3 : explain SELECT DISTINCT c FROM sbtest3 WHERE id BETWEEN 494430 AND 494439 ORDER BY c
	-> Sort: sbtest3.c
    -> Table scan on <temporary>  (cost=4.84..7.2 rows=10)
        -> Temporary table with deduplication  (cost=4.58..4.58 rows=10)
            -> Filter: (sbtest3.id between 494430 and 494439)  (cost=2.28 rows=10)
                -> Index range scan on sbtest3 using PRIMARY over (494430 <= id <= 494439)  (cost=2.28 rows=10)


table 4 : explain SELECT DISTINCT c FROM sbtest4 WHERE id BETWEEN 1539265 AND 1539274 ORDER BY c
	-> Sort: sbtest4.c
    -> Table scan on <temporary>  (cost=4.84..7.2 rows=10)
        -> Temporary table with deduplication  (cost=4.58..4.58 rows=10)
            -> Filter: (sbtest4.id between 1539265 and 1539274)  (cost=2.28 rows=10)
                -> Index range scan on sbtest4 using PRIMARY over (1539265 <= id <= 1539274)  (cost=2.28 rows=10)


table 5 : explain SELECT DISTINCT c FROM sbtest5 WHERE id BETWEEN 9460598 AND 9460607 ORDER BY c
	-> Sort: sbtest5.c
    -> Table scan on <temporary>  (cost=4.84..7.2 rows=10)
        -> Temporary table with deduplication  (cost=4.58..4.58 rows=10)
            -> Filter: (sbtest5.id between 9460598 and 9460607)  (cost=2.28 rows=10)
                -> Index range scan on sbtest5 using PRIMARY over (9460598 <= id <= 9460607)  (cost=2.28 rows=10)


table 6 : explain SELECT DISTINCT c FROM sbtest6 WHERE id BETWEEN 3635145 AND 3635154 ORDER BY c
	-> Sort: sbtest6.c
    -> Table scan on <temporary>  (cost=4.84..7.2 rows=10)
        -> Temporary table with deduplication  (cost=4.58..4.58 rows=10)
            -> Filter: (sbtest6.id between 3635145 and 3635154)  (cost=2.28 rows=10)
                -> Index range scan on sbtest6 using PRIMARY over (3635145 <= id <= 3635154)  (cost=2.28 rows=10)


table 7 : explain SELECT DISTINCT c FROM sbtest7 WHERE id BETWEEN 3911268 AND 3911277 ORDER BY c
	-> Sort: sbtest7.c
    -> Table scan on <temporary>  (cost=4.84..7.2 rows=10)
        -> Temporary table with deduplication  (cost=4.58..4.58 rows=10)
            -> Filter: (sbtest7.id between 3911268 and 3911277)  (cost=2.28 rows=10)
                -> Index range scan on sbtest7 using PRIMARY over (3911268 <= id <= 3911277)  (cost=2.28 rows=10)


table 8 : explain SELECT DISTINCT c FROM sbtest8 WHERE id BETWEEN 8477071 AND 8477080 ORDER BY c
	-> Sort: sbtest8.c
    -> Table scan on <temporary>  (cost=4.84..7.2 rows=10)
        -> Temporary table with deduplication  (cost=4.58..4.58 rows=10)
            -> Filter: (sbtest8.id between 8477071 and 8477080)  (cost=2.28 rows=10)
                -> Index range scan on sbtest8 using PRIMARY over (8477071 <= id <= 8477080)  (cost=2.28 rows=10)


for: distinct_ranges
table 1 : explain SELECT DISTINCT c FROM sbtest1 WHERE id BETWEEN 1054161 AND 1054170 ORDER BY c
	-> Sort: sbtest1.c
    -> Table scan on <temporary>  (cost=4.84..7.2 rows=10)
        -> Temporary table with deduplication  (cost=4.58..4.58 rows=10)
            -> Filter: (sbtest1.id between 1054161 and 1054170)  (cost=2.28 rows=10)
                -> Index range scan on sbtest1 using PRIMARY over (1054161 <= id <= 1054170)  (cost=2.28 rows=10)


table 2 : explain SELECT DISTINCT c FROM sbtest2 WHERE id BETWEEN 2286994 AND 2287003 ORDER BY c
	-> Sort: sbtest2.c
    -> Table scan on <temporary>  (cost=4.84..7.2 rows=10)
        -> Temporary table with deduplication  (cost=4.58..4.58 rows=10)
            -> Filter: (sbtest2.id between 2286994 and 2287003)  (cost=2.28 rows=10)
                -> Index range scan on sbtest2 using PRIMARY over (2286994 <= id <= 2287003)  (cost=2.28 rows=10)


table 3 : explain SELECT DISTINCT c FROM sbtest3 WHERE id BETWEEN 6412049 AND 6412058 ORDER BY c
	-> Sort: sbtest3.c
    -> Table scan on <temporary>  (cost=4.84..7.2 rows=10)
        -> Temporary table with deduplication  (cost=4.58..4.58 rows=10)
            -> Filter: (sbtest3.id between 6412049 and 6412058)  (cost=2.28 rows=10)
                -> Index range scan on sbtest3 using PRIMARY over (6412049 <= id <= 6412058)  (cost=2.28 rows=10)


table 4 : explain SELECT DISTINCT c FROM sbtest4 WHERE id BETWEEN 5723668 AND 5723677 ORDER BY c
	-> Sort: sbtest4.c
    -> Table scan on <temporary>  (cost=4.84..7.2 rows=10)
        -> Temporary table with deduplication  (cost=4.58..4.58 rows=10)
            -> Filter: (sbtest4.id between 5723668 and 5723677)  (cost=2.28 rows=10)
                -> Index range scan on sbtest4 using PRIMARY over (5723668 <= id <= 5723677)  (cost=2.28 rows=10)


table 5 : explain SELECT DISTINCT c FROM sbtest5 WHERE id BETWEEN 2875078 AND 2875087 ORDER BY c
	-> Sort: sbtest5.c
    -> Table scan on <temporary>  (cost=4.84..7.2 rows=10)
        -> Temporary table with deduplication  (cost=4.58..4.58 rows=10)
            -> Filter: (sbtest5.id between 2875078 and 2875087)  (cost=2.28 rows=10)
                -> Index range scan on sbtest5 using PRIMARY over (2875078 <= id <= 2875087)  (cost=2.28 rows=10)


table 6 : explain SELECT DISTINCT c FROM sbtest6 WHERE id BETWEEN 6515655 AND 6515664 ORDER BY c
	-> Sort: sbtest6.c
    -> Table scan on <temporary>  (cost=4.84..7.2 rows=10)
        -> Temporary table with deduplication  (cost=4.58..4.58 rows=10)
            -> Filter: (sbtest6.id between 6515655 and 6515664)  (cost=2.28 rows=10)
                -> Index range scan on sbtest6 using PRIMARY over (6515655 <= id <= 6515664)  (cost=2.28 rows=10)


table 7 : explain SELECT DISTINCT c FROM sbtest7 WHERE id BETWEEN 7828412 AND 7828421 ORDER BY c
	-> Sort: sbtest7.c
    -> Table scan on <temporary>  (cost=4.84..7.2 rows=10)
        -> Temporary table with deduplication  (cost=4.58..4.58 rows=10)
            -> Filter: (sbtest7.id between 7828412 and 7828421)  (cost=2.28 rows=10)
                -> Index range scan on sbtest7 using PRIMARY over (7828412 <= id <= 7828421)  (cost=2.28 rows=10)


table 8 : explain SELECT DISTINCT c FROM sbtest8 WHERE id BETWEEN 6504559 AND 6504568 ORDER BY c
	-> Sort: sbtest8.c
    -> Table scan on <temporary>  (cost=4.84..7.2 rows=10)
        -> Temporary table with deduplication  (cost=4.58..4.58 rows=10)
            -> Filter: (sbtest8.id between 6504559 and 6504568)  (cost=2.28 rows=10)
                -> Index range scan on sbtest8 using PRIMARY over (6504559 <= id <= 6504568)  (cost=2.28 rows=10)


for: distinct_ranges
table 1 : explain SELECT DISTINCT c FROM sbtest1 WHERE id BETWEEN 8851338 AND 8851347 ORDER BY c
	-> Sort: sbtest1.c
    -> Table scan on <temporary>  (cost=4.84..7.2 rows=10)
        -> Temporary table with deduplication  (cost=4.58..4.58 rows=10)
            -> Filter: (sbtest1.id between 8851338 and 8851347)  (cost=2.28 rows=10)
                -> Index range scan on sbtest1 using PRIMARY over (8851338 <= id <= 8851347)  (cost=2.28 rows=10)


table 2 : explain SELECT DISTINCT c FROM sbtest2 WHERE id BETWEEN 8269702 AND 8269711 ORDER BY c
	-> Sort: sbtest2.c
    -> Table scan on <temporary>  (cost=4.84..7.2 rows=10)
        -> Temporary table with deduplication  (cost=4.58..4.58 rows=10)
            -> Filter: (sbtest2.id between 8269702 and 8269711)  (cost=2.28 rows=10)
                -> Index range scan on sbtest2 using PRIMARY over (8269702 <= id <= 8269711)  (cost=2.28 rows=10)


table 3 : explain SELECT DISTINCT c FROM sbtest3 WHERE id BETWEEN 950382 AND 950391 ORDER BY c
	-> Sort: sbtest3.c
    -> Table scan on <temporary>  (cost=4.84..7.2 rows=10)
        -> Temporary table with deduplication  (cost=4.58..4.58 rows=10)
            -> Filter: (sbtest3.id between 950382 and 950391)  (cost=2.28 rows=10)
                -> Index range scan on sbtest3 using PRIMARY over (950382 <= id <= 950391)  (cost=2.28 rows=10)


table 4 : explain SELECT DISTINCT c FROM sbtest4 WHERE id BETWEEN 7267595 AND 7267604 ORDER BY c
	-> Sort: sbtest4.c
    -> Table scan on <temporary>  (cost=4.84..7.2 rows=10)
        -> Temporary table with deduplication  (cost=4.58..4.58 rows=10)
            -> Filter: (sbtest4.id between 7267595 and 7267604)  (cost=2.28 rows=10)
                -> Index range scan on sbtest4 using PRIMARY over (7267595 <= id <= 7267604)  (cost=2.28 rows=10)


table 5 : explain SELECT DISTINCT c FROM sbtest5 WHERE id BETWEEN 1728031 AND 1728040 ORDER BY c
	-> Sort: sbtest5.c
    -> Table scan on <temporary>  (cost=4.84..7.2 rows=10)
        -> Temporary table with deduplication  (cost=4.58..4.58 rows=10)
            -> Filter: (sbtest5.id between 1728031 and 1728040)  (cost=2.28 rows=10)
                -> Index range scan on sbtest5 using PRIMARY over (1728031 <= id <= 1728040)  (cost=2.28 rows=10)


table 6 : explain SELECT DISTINCT c FROM sbtest6 WHERE id BETWEEN 2440249 AND 2440258 ORDER BY c
	-> Sort: sbtest6.c
    -> Table scan on <temporary>  (cost=4.84..7.2 rows=10)
        -> Temporary table with deduplication  (cost=4.58..4.58 rows=10)
            -> Filter: (sbtest6.id between 2440249 and 2440258)  (cost=2.28 rows=10)
                -> Index range scan on sbtest6 using PRIMARY over (2440249 <= id <= 2440258)  (cost=2.28 rows=10)


table 7 : explain SELECT DISTINCT c FROM sbtest7 WHERE id BETWEEN 777004 AND 777013 ORDER BY c
	-> Sort: sbtest7.c
    -> Table scan on <temporary>  (cost=4.84..7.2 rows=10)
        -> Temporary table with deduplication  (cost=4.58..4.58 rows=10)
            -> Filter: (sbtest7.id between 777004 and 777013)  (cost=2.28 rows=10)
                -> Index range scan on sbtest7 using PRIMARY over (777004 <= id <= 777013)  (cost=2.28 rows=10)


table 8 : explain SELECT DISTINCT c FROM sbtest8 WHERE id BETWEEN 5207742 AND 5207751 ORDER BY c
	-> Sort: sbtest8.c
    -> Table scan on <temporary>  (cost=4.84..7.2 rows=10)
        -> Temporary table with deduplication  (cost=4.58..4.58 rows=10)
            -> Filter: (sbtest8.id between 5207742 and 5207751)  (cost=2.28 rows=10)
                -> Index range scan on sbtest8 using PRIMARY over (5207742 <= id <= 5207751)  (cost=2.28 rows=10)


for: order_ranges
table 1 : explain SELECT c FROM sbtest1 WHERE id BETWEEN 1816377 AND 1816386 ORDER BY c
	-> Sort: sbtest1.c  (cost=2.28 rows=10)
    -> Filter: (sbtest1.id between 1816377 and 1816386)  (cost=2.28 rows=10)
        -> Index range scan on sbtest1 using PRIMARY over (1816377 <= id <= 1816386)  (cost=2.28 rows=10)


table 2 : explain SELECT c FROM sbtest2 WHERE id BETWEEN 2396807 AND 2396816 ORDER BY c
	-> Sort: sbtest2.c  (cost=2.28 rows=10)
    -> Filter: (sbtest2.id between 2396807 and 2396816)  (cost=2.28 rows=10)
        -> Index range scan on sbtest2 using PRIMARY over (2396807 <= id <= 2396816)  (cost=2.28 rows=10)


table 3 : explain SELECT c FROM sbtest3 WHERE id BETWEEN 240748 AND 240757 ORDER BY c
	-> Sort: sbtest3.c  (cost=2.28 rows=10)
    -> Filter: (sbtest3.id between 240748 and 240757)  (cost=2.28 rows=10)
        -> Index range scan on sbtest3 using PRIMARY over (240748 <= id <= 240757)  (cost=2.28 rows=10)


table 4 : explain SELECT c FROM sbtest4 WHERE id BETWEEN 4428638 AND 4428647 ORDER BY c
	-> Sort: sbtest4.c  (cost=2.28 rows=10)
    -> Filter: (sbtest4.id between 4428638 and 4428647)  (cost=2.28 rows=10)
        -> Index range scan on sbtest4 using PRIMARY over (4428638 <= id <= 4428647)  (cost=2.28 rows=10)


table 5 : explain SELECT c FROM sbtest5 WHERE id BETWEEN 9625639 AND 9625648 ORDER BY c
	-> Sort: sbtest5.c  (cost=2.28 rows=10)
    -> Filter: (sbtest5.id between 9625639 and 9625648)  (cost=2.28 rows=10)
        -> Index range scan on sbtest5 using PRIMARY over (9625639 <= id <= 9625648)  (cost=2.28 rows=10)


table 6 : explain SELECT c FROM sbtest6 WHERE id BETWEEN 6543332 AND 6543341 ORDER BY c
	-> Sort: sbtest6.c  (cost=2.28 rows=10)
    -> Filter: (sbtest6.id between 6543332 and 6543341)  (cost=2.28 rows=10)
        -> Index range scan on sbtest6 using PRIMARY over (6543332 <= id <= 6543341)  (cost=2.28 rows=10)


table 7 : explain SELECT c FROM sbtest7 WHERE id BETWEEN 5090669 AND 5090678 ORDER BY c
	-> Sort: sbtest7.c  (cost=2.28 rows=10)
    -> Filter: (sbtest7.id between 5090669 and 5090678)  (cost=2.28 rows=10)
        -> Index range scan on sbtest7 using PRIMARY over (5090669 <= id <= 5090678)  (cost=2.28 rows=10)


table 8 : explain SELECT c FROM sbtest8 WHERE id BETWEEN 3941266 AND 3941275 ORDER BY c
	-> Sort: sbtest8.c  (cost=2.28 rows=10)
    -> Filter: (sbtest8.id between 3941266 and 3941275)  (cost=2.28 rows=10)
        -> Index range scan on sbtest8 using PRIMARY over (3941266 <= id <= 3941275)  (cost=2.28 rows=10)


for: distinct_ranges
table 1 : explain SELECT DISTINCT c FROM sbtest1 WHERE id BETWEEN 7141070 AND 7141079 ORDER BY c
	-> Sort: sbtest1.c
    -> Table scan on <temporary>  (cost=4.84..7.2 rows=10)
        -> Temporary table with deduplication  (cost=4.58..4.58 rows=10)
            -> Filter: (sbtest1.id between 7141070 and 7141079)  (cost=2.28 rows=10)
                -> Index range scan on sbtest1 using PRIMARY over (7141070 <= id <= 7141079)  (cost=2.28 rows=10)


table 2 : explain SELECT DISTINCT c FROM sbtest2 WHERE id BETWEEN 6295159 AND 6295168 ORDER BY c
	-> Sort: sbtest2.c
    -> Table scan on <temporary>  (cost=4.84..7.2 rows=10)
        -> Temporary table with deduplication  (cost=4.58..4.58 rows=10)
            -> Filter: (sbtest2.id between 6295159 and 6295168)  (cost=2.28 rows=10)
                -> Index range scan on sbtest2 using PRIMARY over (6295159 <= id <= 6295168)  (cost=2.28 rows=10)


table 3 : explain SELECT DISTINCT c FROM sbtest3 WHERE id BETWEEN 6800051 AND 6800060 ORDER BY c
	-> Sort: sbtest3.c
    -> Table scan on <temporary>  (cost=4.84..7.2 rows=10)
        -> Temporary table with deduplication  (cost=4.58..4.58 rows=10)
            -> Filter: (sbtest3.id between 6800051 and 6800060)  (cost=2.28 rows=10)
                -> Index range scan on sbtest3 using PRIMARY over (6800051 <= id <= 6800060)  (cost=2.28 rows=10)


table 4 : explain SELECT DISTINCT c FROM sbtest4 WHERE id BETWEEN 3782267 AND 3782276 ORDER BY c
	-> Sort: sbtest4.c
    -> Table scan on <temporary>  (cost=4.84..7.2 rows=10)
        -> Temporary table with deduplication  (cost=4.58..4.58 rows=10)
            -> Filter: (sbtest4.id between 3782267 and 3782276)  (cost=2.28 rows=10)
                -> Index range scan on sbtest4 using PRIMARY over (3782267 <= id <= 3782276)  (cost=2.28 rows=10)


table 5 : explain SELECT DISTINCT c FROM sbtest5 WHERE id BETWEEN 1181503 AND 1181512 ORDER BY c
	-> Sort: sbtest5.c
    -> Table scan on <temporary>  (cost=4.84..7.2 rows=10)
        -> Temporary table with deduplication  (cost=4.58..4.58 rows=10)
            -> Filter: (sbtest5.id between 1181503 and 1181512)  (cost=2.28 rows=10)
                -> Index range scan on sbtest5 using PRIMARY over (1181503 <= id <= 1181512)  (cost=2.28 rows=10)


table 6 : explain SELECT DISTINCT c FROM sbtest6 WHERE id BETWEEN 8263051 AND 8263060 ORDER BY c
	-> Sort: sbtest6.c
    -> Table scan on <temporary>  (cost=4.84..7.2 rows=10)
        -> Temporary table with deduplication  (cost=4.58..4.58 rows=10)
            -> Filter: (sbtest6.id between 8263051 and 8263060)  (cost=2.28 rows=10)
                -> Index range scan on sbtest6 using PRIMARY over (8263051 <= id <= 8263060)  (cost=2.28 rows=10)


table 7 : explain SELECT DISTINCT c FROM sbtest7 WHERE id BETWEEN 2628166 AND 2628175 ORDER BY c
	-> Sort: sbtest7.c
    -> Table scan on <temporary>  (cost=4.84..7.2 rows=10)
        -> Temporary table with deduplication  (cost=4.58..4.58 rows=10)
            -> Filter: (sbtest7.id between 2628166 and 2628175)  (cost=2.28 rows=10)
                -> Index range scan on sbtest7 using PRIMARY over (2628166 <= id <= 2628175)  (cost=2.28 rows=10)


table 8 : explain SELECT DISTINCT c FROM sbtest8 WHERE id BETWEEN 4041971 AND 4041980 ORDER BY c
	-> Sort: sbtest8.c
    -> Table scan on <temporary>  (cost=4.84..7.2 rows=10)
        -> Temporary table with deduplication  (cost=4.58..4.58 rows=10)
            -> Filter: (sbtest8.id between 4041971 and 4041980)  (cost=2.28 rows=10)
                -> Index range scan on sbtest8 using PRIMARY over (4041971 <= id <= 4041980)  (cost=2.28 rows=10)


for: distinct_ranges
table 1 : explain SELECT DISTINCT c FROM sbtest1 WHERE id BETWEEN 9953083 AND 9953092 ORDER BY c
	-> Sort: sbtest1.c
    -> Table scan on <temporary>  (cost=4.84..7.2 rows=10)
        -> Temporary table with deduplication  (cost=4.58..4.58 rows=10)
            -> Filter: (sbtest1.id between 9953083 and 9953092)  (cost=2.28 rows=10)
                -> Index range scan on sbtest1 using PRIMARY over (9953083 <= id <= 9953092)  (cost=2.28 rows=10)


table 2 : explain SELECT DISTINCT c FROM sbtest2 WHERE id BETWEEN 6935454 AND 6935463 ORDER BY c
	-> Sort: sbtest2.c
    -> Table scan on <temporary>  (cost=4.84..7.2 rows=10)
        -> Temporary table with deduplication  (cost=4.58..4.58 rows=10)
            -> Filter: (sbtest2.id between 6935454 and 6935463)  (cost=2.28 rows=10)
                -> Index range scan on sbtest2 using PRIMARY over (6935454 <= id <= 6935463)  (cost=2.28 rows=10)


table 3 : explain SELECT DISTINCT c FROM sbtest3 WHERE id BETWEEN 229485 AND 229494 ORDER BY c
	-> Sort: sbtest3.c
    -> Table scan on <temporary>  (cost=4.84..7.2 rows=10)
        -> Temporary table with deduplication  (cost=4.58..4.58 rows=10)
            -> Filter: (sbtest3.id between 229485 and 229494)  (cost=2.28 rows=10)
                -> Index range scan on sbtest3 using PRIMARY over (229485 <= id <= 229494)  (cost=2.28 rows=10)


table 4 : explain SELECT DISTINCT c FROM sbtest4 WHERE id BETWEEN 6727786 AND 6727795 ORDER BY c
	-> Sort: sbtest4.c
    -> Table scan on <temporary>  (cost=4.84..7.2 rows=10)
        -> Temporary table with deduplication  (cost=4.58..4.58 rows=10)
            -> Filter: (sbtest4.id between 6727786 and 6727795)  (cost=2.28 rows=10)
                -> Index range scan on sbtest4 using PRIMARY over (6727786 <= id <= 6727795)  (cost=2.28 rows=10)


table 5 : explain SELECT DISTINCT c FROM sbtest5 WHERE id BETWEEN 960356 AND 960365 ORDER BY c
	-> Sort: sbtest5.c
    -> Table scan on <temporary>  (cost=4.84..7.2 rows=10)
        -> Temporary table with deduplication  (cost=4.58..4.58 rows=10)
            -> Filter: (sbtest5.id between 960356 and 960365)  (cost=2.28 rows=10)
                -> Index range scan on sbtest5 using PRIMARY over (960356 <= id <= 960365)  (cost=2.28 rows=10)


table 6 : explain SELECT DISTINCT c FROM sbtest6 WHERE id BETWEEN 3731355 AND 3731364 ORDER BY c
	-> Sort: sbtest6.c
    -> Table scan on <temporary>  (cost=4.84..7.2 rows=10)
        -> Temporary table with deduplication  (cost=4.58..4.58 rows=10)
            -> Filter: (sbtest6.id between 3731355 and 3731364)  (cost=2.28 rows=10)
                -> Index range scan on sbtest6 using PRIMARY over (3731355 <= id <= 3731364)  (cost=2.28 rows=10)


table 7 : explain SELECT DISTINCT c FROM sbtest7 WHERE id BETWEEN 9044263 AND 9044272 ORDER BY c
	-> Sort: sbtest7.c
    -> Table scan on <temporary>  (cost=4.84..7.2 rows=10)
        -> Temporary table with deduplication  (cost=4.58..4.58 rows=10)
            -> Filter: (sbtest7.id between 9044263 and 9044272)  (cost=2.28 rows=10)
                -> Index range scan on sbtest7 using PRIMARY over (9044263 <= id <= 9044272)  (cost=2.28 rows=10)


table 8 : explain SELECT DISTINCT c FROM sbtest8 WHERE id BETWEEN 9662711 AND 9662720 ORDER BY c
	-> Sort: sbtest8.c
    -> Table scan on <temporary>  (cost=4.84..7.2 rows=10)
        -> Temporary table with deduplication  (cost=4.58..4.58 rows=10)
            -> Filter: (sbtest8.id between 9662711 and 9662720)  (cost=2.28 rows=10)
                -> Index range scan on sbtest8 using PRIMARY over (9662711 <= id <= 9662720)  (cost=2.28 rows=10)


for: distinct_ranges
table 1 : explain SELECT DISTINCT c FROM sbtest1 WHERE id BETWEEN 1709235 AND 1709244 ORDER BY c
	-> Sort: sbtest1.c
    -> Table scan on <temporary>  (cost=4.84..7.2 rows=10)
        -> Temporary table with deduplication  (cost=4.58..4.58 rows=10)
            -> Filter: (sbtest1.id between 1709235 and 1709244)  (cost=2.28 rows=10)
                -> Index range scan on sbtest1 using PRIMARY over (1709235 <= id <= 1709244)  (cost=2.28 rows=10)


table 2 : explain SELECT DISTINCT c FROM sbtest2 WHERE id BETWEEN 7287505 AND 7287514 ORDER BY c
	-> Sort: sbtest2.c
    -> Table scan on <temporary>  (cost=4.84..7.2 rows=10)
        -> Temporary table with deduplication  (cost=4.58..4.58 rows=10)
            -> Filter: (sbtest2.id between 7287505 and 7287514)  (cost=2.28 rows=10)
                -> Index range scan on sbtest2 using PRIMARY over (7287505 <= id <= 7287514)  (cost=2.28 rows=10)


table 3 : explain SELECT DISTINCT c FROM sbtest3 WHERE id BETWEEN 4214886 AND 4214895 ORDER BY c
	-> Sort: sbtest3.c
    -> Table scan on <temporary>  (cost=4.84..7.2 rows=10)
        -> Temporary table with deduplication  (cost=4.58..4.58 rows=10)
            -> Filter: (sbtest3.id between 4214886 and 4214895)  (cost=2.28 rows=10)
                -> Index range scan on sbtest3 using PRIMARY over (4214886 <= id <= 4214895)  (cost=2.28 rows=10)


table 4 : explain SELECT DISTINCT c FROM sbtest4 WHERE id BETWEEN 2426084 AND 2426093 ORDER BY c
	-> Sort: sbtest4.c
    -> Table scan on <temporary>  (cost=4.84..7.2 rows=10)
        -> Temporary table with deduplication  (cost=4.58..4.58 rows=10)
            -> Filter: (sbtest4.id between 2426084 and 2426093)  (cost=2.28 rows=10)
                -> Index range scan on sbtest4 using PRIMARY over (2426084 <= id <= 2426093)  (cost=2.28 rows=10)


table 5 : explain SELECT DISTINCT c FROM sbtest5 WHERE id BETWEEN 7028770 AND 7028779 ORDER BY c
	-> Sort: sbtest5.c
    -> Table scan on <temporary>  (cost=4.84..7.2 rows=10)
        -> Temporary table with deduplication  (cost=4.58..4.58 rows=10)
            -> Filter: (sbtest5.id between 7028770 and 7028779)  (cost=2.28 rows=10)
                -> Index range scan on sbtest5 using PRIMARY over (7028770 <= id <= 7028779)  (cost=2.28 rows=10)


table 6 : explain SELECT DISTINCT c FROM sbtest6 WHERE id BETWEEN 2319022 AND 2319031 ORDER BY c
	-> Sort: sbtest6.c
    -> Table scan on <temporary>  (cost=4.84..7.2 rows=10)
        -> Temporary table with deduplication  (cost=4.58..4.58 rows=10)
            -> Filter: (sbtest6.id between 2319022 and 2319031)  (cost=2.28 rows=10)
                -> Index range scan on sbtest6 using PRIMARY over (2319022 <= id <= 2319031)  (cost=2.28 rows=10)


table 7 : explain SELECT DISTINCT c FROM sbtest7 WHERE id BETWEEN 9715007 AND 9715016 ORDER BY c
	-> Sort: sbtest7.c
    -> Table scan on <temporary>  (cost=4.84..7.2 rows=10)
        -> Temporary table with deduplication  (cost=4.58..4.58 rows=10)
            -> Filter: (sbtest7.id between 9715007 and 9715016)  (cost=2.28 rows=10)
                -> Index range scan on sbtest7 using PRIMARY over (9715007 <= id <= 9715016)  (cost=2.28 rows=10)


table 8 : explain SELECT DISTINCT c FROM sbtest8 WHERE id BETWEEN 3328504 AND 3328513 ORDER BY c
	-> Sort: sbtest8.c
    -> Table scan on <temporary>  (cost=4.84..7.2 rows=10)
        -> Temporary table with deduplication  (cost=4.58..4.58 rows=10)
            -> Filter: (sbtest8.id between 3328504 and 3328513)  (cost=2.28 rows=10)
                -> Index range scan on sbtest8 using PRIMARY over (3328504 <= id <= 3328513)  (cost=2.28 rows=10)


for: distinct_ranges
table 1 : explain SELECT DISTINCT c FROM sbtest1 WHERE id BETWEEN 8983367 AND 8983376 ORDER BY c
	-> Sort: sbtest1.c
    -> Table scan on <temporary>  (cost=4.84..7.2 rows=10)
        -> Temporary table with deduplication  (cost=4.58..4.58 rows=10)
            -> Filter: (sbtest1.id between 8983367 and 8983376)  (cost=2.28 rows=10)
                -> Index range scan on sbtest1 using PRIMARY over (8983367 <= id <= 8983376)  (cost=2.28 rows=10)


table 2 : explain SELECT DISTINCT c FROM sbtest2 WHERE id BETWEEN 6046684 AND 6046693 ORDER BY c
	-> Sort: sbtest2.c
    -> Table scan on <temporary>  (cost=4.84..7.2 rows=10)
        -> Temporary table with deduplication  (cost=4.58..4.58 rows=10)
            -> Filter: (sbtest2.id between 6046684 and 6046693)  (cost=2.28 rows=10)
                -> Index range scan on sbtest2 using PRIMARY over (6046684 <= id <= 6046693)  (cost=2.28 rows=10)


table 3 : explain SELECT DISTINCT c FROM sbtest3 WHERE id BETWEEN 5488508 AND 5488517 ORDER BY c
	-> Sort: sbtest3.c
    -> Table scan on <temporary>  (cost=4.84..7.2 rows=10)
        -> Temporary table with deduplication  (cost=4.58..4.58 rows=10)
            -> Filter: (sbtest3.id between 5488508 and 5488517)  (cost=2.28 rows=10)
                -> Index range scan on sbtest3 using PRIMARY over (5488508 <= id <= 5488517)  (cost=2.28 rows=10)


table 4 : explain SELECT DISTINCT c FROM sbtest4 WHERE id BETWEEN 1926472 AND 1926481 ORDER BY c
	-> Sort: sbtest4.c
    -> Table scan on <temporary>  (cost=4.84..7.2 rows=10)
        -> Temporary table with deduplication  (cost=4.58..4.58 rows=10)
            -> Filter: (sbtest4.id between 1926472 and 1926481)  (cost=2.28 rows=10)
                -> Index range scan on sbtest4 using PRIMARY over (1926472 <= id <= 1926481)  (cost=2.28 rows=10)


table 5 : explain SELECT DISTINCT c FROM sbtest5 WHERE id BETWEEN 9328746 AND 9328755 ORDER BY c
	-> Sort: sbtest5.c
    -> Table scan on <temporary>  (cost=4.84..7.2 rows=10)
        -> Temporary table with deduplication  (cost=4.58..4.58 rows=10)
            -> Filter: (sbtest5.id between 9328746 and 9328755)  (cost=2.28 rows=10)
                -> Index range scan on sbtest5 using PRIMARY over (9328746 <= id <= 9328755)  (cost=2.28 rows=10)


table 6 : explain SELECT DISTINCT c FROM sbtest6 WHERE id BETWEEN 573886 AND 573895 ORDER BY c
	-> Sort: sbtest6.c
    -> Table scan on <temporary>  (cost=4.84..7.2 rows=10)
        -> Temporary table with deduplication  (cost=4.58..4.58 rows=10)
            -> Filter: (sbtest6.id between 573886 and 573895)  (cost=2.28 rows=10)
                -> Index range scan on sbtest6 using PRIMARY over (573886 <= id <= 573895)  (cost=2.28 rows=10)


table 7 : explain SELECT DISTINCT c FROM sbtest7 WHERE id BETWEEN 5466583 AND 5466592 ORDER BY c
	-> Sort: sbtest7.c
    -> Table scan on <temporary>  (cost=4.84..7.2 rows=10)
        -> Temporary table with deduplication  (cost=4.58..4.58 rows=10)
            -> Filter: (sbtest7.id between 5466583 and 5466592)  (cost=2.28 rows=10)
                -> Index range scan on sbtest7 using PRIMARY over (5466583 <= id <= 5466592)  (cost=2.28 rows=10)


table 8 : explain SELECT DISTINCT c FROM sbtest8 WHERE id BETWEEN 8091374 AND 8091383 ORDER BY c
	-> Sort: sbtest8.c
    -> Table scan on <temporary>  (cost=4.84..7.2 rows=10)
        -> Temporary table with deduplication  (cost=4.58..4.58 rows=10)
            -> Filter: (sbtest8.id between 8091374 and 8091383)  (cost=2.28 rows=10)
                -> Index range scan on sbtest8 using PRIMARY over (8091374 <= id <= 8091383)  (cost=2.28 rows=10)


for: distinct_ranges
table 1 : explain SELECT DISTINCT c FROM sbtest1 WHERE id BETWEEN 1430125 AND 1430134 ORDER BY c
	-> Sort: sbtest1.c
    -> Table scan on <temporary>  (cost=4.84..7.2 rows=10)
        -> Temporary table with deduplication  (cost=4.58..4.58 rows=10)
            -> Filter: (sbtest1.id between 1430125 and 1430134)  (cost=2.28 rows=10)
                -> Index range scan on sbtest1 using PRIMARY over (1430125 <= id <= 1430134)  (cost=2.28 rows=10)


table 2 : explain SELECT DISTINCT c FROM sbtest2 WHERE id BETWEEN 8440506 AND 8440515 ORDER BY c
	-> Sort: sbtest2.c
    -> Table scan on <temporary>  (cost=4.84..7.2 rows=10)
        -> Temporary table with deduplication  (cost=4.58..4.58 rows=10)
            -> Filter: (sbtest2.id between 8440506 and 8440515)  (cost=2.28 rows=10)
                -> Index range scan on sbtest2 using PRIMARY over (8440506 <= id <= 8440515)  (cost=2.28 rows=10)


table 3 : explain SELECT DISTINCT c FROM sbtest3 WHERE id BETWEEN 6198539 AND 6198548 ORDER BY c
	-> Sort: sbtest3.c
    -> Table scan on <temporary>  (cost=4.84..7.2 rows=10)
        -> Temporary table with deduplication  (cost=4.58..4.58 rows=10)
            -> Filter: (sbtest3.id between 6198539 and 6198548)  (cost=2.28 rows=10)
                -> Index range scan on sbtest3 using PRIMARY over (6198539 <= id <= 6198548)  (cost=2.28 rows=10)


table 4 : explain SELECT DISTINCT c FROM sbtest4 WHERE id BETWEEN 392203 AND 392212 ORDER BY c
	-> Sort: sbtest4.c
    -> Table scan on <temporary>  (cost=4.84..7.2 rows=10)
        -> Temporary table with deduplication  (cost=4.58..4.58 rows=10)
            -> Filter: (sbtest4.id between 392203 and 392212)  (cost=2.28 rows=10)
                -> Index range scan on sbtest4 using PRIMARY over (392203 <= id <= 392212)  (cost=2.28 rows=10)


table 5 : explain SELECT DISTINCT c FROM sbtest5 WHERE id BETWEEN 4886641 AND 4886650 ORDER BY c
	-> Sort: sbtest5.c
    -> Table scan on <temporary>  (cost=4.84..7.2 rows=10)
        -> Temporary table with deduplication  (cost=4.58..4.58 rows=10)
            -> Filter: (sbtest5.id between 4886641 and 4886650)  (cost=2.28 rows=10)
                -> Index range scan on sbtest5 using PRIMARY over (4886641 <= id <= 4886650)  (cost=2.28 rows=10)


table 6 : explain SELECT DISTINCT c FROM sbtest6 WHERE id BETWEEN 936681 AND 936690 ORDER BY c
	-> Sort: sbtest6.c
    -> Table scan on <temporary>  (cost=4.84..7.2 rows=10)
        -> Temporary table with deduplication  (cost=4.58..4.58 rows=10)
            -> Filter: (sbtest6.id between 936681 and 936690)  (cost=2.28 rows=10)
                -> Index range scan on sbtest6 using PRIMARY over (936681 <= id <= 936690)  (cost=2.28 rows=10)


table 7 : explain SELECT DISTINCT c FROM sbtest7 WHERE id BETWEEN 5251376 AND 5251385 ORDER BY c
	-> Sort: sbtest7.c
    -> Table scan on <temporary>  (cost=4.84..7.2 rows=10)
        -> Temporary table with deduplication  (cost=4.58..4.58 rows=10)
            -> Filter: (sbtest7.id between 5251376 and 5251385)  (cost=2.28 rows=10)
                -> Index range scan on sbtest7 using PRIMARY over (5251376 <= id <= 5251385)  (cost=2.28 rows=10)


table 8 : explain SELECT DISTINCT c FROM sbtest8 WHERE id BETWEEN 8525942 AND 8525951 ORDER BY c
	-> Sort: sbtest8.c
    -> Table scan on <temporary>  (cost=4.84..7.2 rows=10)
        -> Temporary table with deduplication  (cost=4.58..4.58 rows=10)
            -> Filter: (sbtest8.id between 8525942 and 8525951)  (cost=2.28 rows=10)
                -> Index range scan on sbtest8 using PRIMARY over (8525942 <= id <= 8525951)  (cost=2.28 rows=10)


for: distinct_ranges
table 1 : explain SELECT DISTINCT c FROM sbtest1 WHERE id BETWEEN 833331 AND 833340 ORDER BY c
	-> Sort: sbtest1.c
    -> Table scan on <temporary>  (cost=4.84..7.2 rows=10)
        -> Temporary table with deduplication  (cost=4.58..4.58 rows=10)
            -> Filter: (sbtest1.id between 833331 and 833340)  (cost=2.28 rows=10)
                -> Index range scan on sbtest1 using PRIMARY over (833331 <= id <= 833340)  (cost=2.28 rows=10)


table 2 : explain SELECT DISTINCT c FROM sbtest2 WHERE id BETWEEN 4798748 AND 4798757 ORDER BY c
	-> Sort: sbtest2.c
    -> Table scan on <temporary>  (cost=4.84..7.2 rows=10)
        -> Temporary table with deduplication  (cost=4.58..4.58 rows=10)
            -> Filter: (sbtest2.id between 4798748 and 4798757)  (cost=2.28 rows=10)
                -> Index range scan on sbtest2 using PRIMARY over (4798748 <= id <= 4798757)  (cost=2.28 rows=10)


table 3 : explain SELECT DISTINCT c FROM sbtest3 WHERE id BETWEEN 75845 AND 75854 ORDER BY c
	-> Sort: sbtest3.c
    -> Table scan on <temporary>  (cost=4.84..7.2 rows=10)
        -> Temporary table with deduplication  (cost=4.58..4.58 rows=10)
            -> Filter: (sbtest3.id between 75845 and 75854)  (cost=2.28 rows=10)
                -> Index range scan on sbtest3 using PRIMARY over (75845 <= id <= 75854)  (cost=2.28 rows=10)


table 4 : explain SELECT DISTINCT c FROM sbtest4 WHERE id BETWEEN 922295 AND 922304 ORDER BY c
	-> Sort: sbtest4.c
    -> Table scan on <temporary>  (cost=4.84..7.2 rows=10)
        -> Temporary table with deduplication  (cost=4.58..4.58 rows=10)
            -> Filter: (sbtest4.id between 922295 and 922304)  (cost=2.28 rows=10)
                -> Index range scan on sbtest4 using PRIMARY over (922295 <= id <= 922304)  (cost=2.28 rows=10)


table 5 : explain SELECT DISTINCT c FROM sbtest5 WHERE id BETWEEN 3068880 AND 3068889 ORDER BY c
	-> Sort: sbtest5.c
    -> Table scan on <temporary>  (cost=4.84..7.2 rows=10)
        -> Temporary table with deduplication  (cost=4.58..4.58 rows=10)
            -> Filter: (sbtest5.id between 3068880 and 3068889)  (cost=2.28 rows=10)
                -> Index range scan on sbtest5 using PRIMARY over (3068880 <= id <= 3068889)  (cost=2.28 rows=10)


table 6 : explain SELECT DISTINCT c FROM sbtest6 WHERE id BETWEEN 3675534 AND 3675543 ORDER BY c
	-> Sort: sbtest6.c
    -> Table scan on <temporary>  (cost=4.84..7.2 rows=10)
        -> Temporary table with deduplication  (cost=4.58..4.58 rows=10)
            -> Filter: (sbtest6.id between 3675534 and 3675543)  (cost=2.28 rows=10)
                -> Index range scan on sbtest6 using PRIMARY over (3675534 <= id <= 3675543)  (cost=2.28 rows=10)


table 7 : explain SELECT DISTINCT c FROM sbtest7 WHERE id BETWEEN 2941383 AND 2941392 ORDER BY c
	-> Sort: sbtest7.c
    -> Table scan on <temporary>  (cost=4.84..7.2 rows=10)
        -> Temporary table with deduplication  (cost=4.58..4.58 rows=10)
            -> Filter: (sbtest7.id between 2941383 and 2941392)  (cost=2.28 rows=10)
                -> Index range scan on sbtest7 using PRIMARY over (2941383 <= id <= 2941392)  (cost=2.28 rows=10)


table 8 : explain SELECT DISTINCT c FROM sbtest8 WHERE id BETWEEN 7861678 AND 7861687 ORDER BY c
	-> Sort: sbtest8.c
    -> Table scan on <temporary>  (cost=4.84..7.2 rows=10)
        -> Temporary table with deduplication  (cost=4.58..4.58 rows=10)
            -> Filter: (sbtest8.id between 7861678 and 7861687)  (cost=2.28 rows=10)
                -> Index range scan on sbtest8 using PRIMARY over (7861678 <= id <= 7861687)  (cost=2.28 rows=10)


for: distinct_ranges
table 1 : explain SELECT DISTINCT c FROM sbtest1 WHERE id BETWEEN 2379052 AND 2379061 ORDER BY c
	-> Sort: sbtest1.c
    -> Table scan on <temporary>  (cost=4.84..7.2 rows=10)
        -> Temporary table with deduplication  (cost=4.58..4.58 rows=10)
            -> Filter: (sbtest1.id between 2379052 and 2379061)  (cost=2.28 rows=10)
                -> Index range scan on sbtest1 using PRIMARY over (2379052 <= id <= 2379061)  (cost=2.28 rows=10)


table 2 : explain SELECT DISTINCT c FROM sbtest2 WHERE id BETWEEN 1879709 AND 1879718 ORDER BY c
	-> Sort: sbtest2.c
    -> Table scan on <temporary>  (cost=4.84..7.2 rows=10)
        -> Temporary table with deduplication  (cost=4.58..4.58 rows=10)
            -> Filter: (sbtest2.id between 1879709 and 1879718)  (cost=2.28 rows=10)
                -> Index range scan on sbtest2 using PRIMARY over (1879709 <= id <= 1879718)  (cost=2.28 rows=10)


table 3 : explain SELECT DISTINCT c FROM sbtest3 WHERE id BETWEEN 2625061 AND 2625070 ORDER BY c
	-> Sort: sbtest3.c
    -> Table scan on <temporary>  (cost=4.84..7.2 rows=10)
        -> Temporary table with deduplication  (cost=4.58..4.58 rows=10)
            -> Filter: (sbtest3.id between 2625061 and 2625070)  (cost=2.28 rows=10)
                -> Index range scan on sbtest3 using PRIMARY over (2625061 <= id <= 2625070)  (cost=2.28 rows=10)


table 4 : explain SELECT DISTINCT c FROM sbtest4 WHERE id BETWEEN 8930944 AND 8930953 ORDER BY c
	-> Sort: sbtest4.c
    -> Table scan on <temporary>  (cost=4.84..7.2 rows=10)
        -> Temporary table with deduplication  (cost=4.58..4.58 rows=10)
            -> Filter: (sbtest4.id between 8930944 and 8930953)  (cost=2.28 rows=10)
                -> Index range scan on sbtest4 using PRIMARY over (8930944 <= id <= 8930953)  (cost=2.28 rows=10)


table 5 : explain SELECT DISTINCT c FROM sbtest5 WHERE id BETWEEN 8001264 AND 8001273 ORDER BY c
	-> Sort: sbtest5.c
    -> Table scan on <temporary>  (cost=4.84..7.2 rows=10)
        -> Temporary table with deduplication  (cost=4.58..4.58 rows=10)
            -> Filter: (sbtest5.id between 8001264 and 8001273)  (cost=2.28 rows=10)
                -> Index range scan on sbtest5 using PRIMARY over (8001264 <= id <= 8001273)  (cost=2.28 rows=10)


table 6 : explain SELECT DISTINCT c FROM sbtest6 WHERE id BETWEEN 7717699 AND 7717708 ORDER BY c
	-> Sort: sbtest6.c
    -> Table scan on <temporary>  (cost=4.84..7.2 rows=10)
        -> Temporary table with deduplication  (cost=4.58..4.58 rows=10)
            -> Filter: (sbtest6.id between 7717699 and 7717708)  (cost=2.28 rows=10)
                -> Index range scan on sbtest6 using PRIMARY over (7717699 <= id <= 7717708)  (cost=2.28 rows=10)


table 7 : explain SELECT DISTINCT c FROM sbtest7 WHERE id BETWEEN 58740 AND 58749 ORDER BY c
	-> Sort: sbtest7.c
    -> Table scan on <temporary>  (cost=4.84..7.2 rows=10)
        -> Temporary table with deduplication  (cost=4.58..4.58 rows=10)
            -> Filter: (sbtest7.id between 58740 and 58749)  (cost=2.28 rows=10)
                -> Index range scan on sbtest7 using PRIMARY over (58740 <= id <= 58749)  (cost=2.28 rows=10)


table 8 : explain SELECT DISTINCT c FROM sbtest8 WHERE id BETWEEN 8322552 AND 8322561 ORDER BY c
	-> Sort: sbtest8.c
    -> Table scan on <temporary>  (cost=4.84..7.2 rows=10)
        -> Temporary table with deduplication  (cost=4.58..4.58 rows=10)
            -> Filter: (sbtest8.id between 8322552 and 8322561)  (cost=2.28 rows=10)
                -> Index range scan on sbtest8 using PRIMARY over (8322552 <= id <= 8322561)  (cost=2.28 rows=10)


Threads started!

Warming up for 5 seconds...

SQL statistics:
    queries performed:
        read:                            340897317
        write:                           0
        other:                           48699626
        total:                           389596943
    transactions:                        24349832 (38650.16 per sec.)
    queries:                             389596943 (618402.01 per sec.)
    ignored errors:                      0      (0.00 per sec.)
    reconnects:                          0      (0.00 per sec.)

Throughput:
    events/s (eps):                      38650.1622
    time elapsed:                        630.0060s
    total number of events:              24349832

Latency (ms):
         min:                                    0.92
         avg:                                    1.03
         max:                                   17.14
         95th percentile:                        1.08
         sum:                             25174845.72

Threads fairness:
    events (avg/stddev):           608745.0000/2192.98
    execution time (avg/stddev):   629.3711/0.01

