LUA_PATH=/home/mdcallag/git/mytools/bench/sysbench.lua/lua/?.lua /home/mdcallag/git/mytools/bench/sysbench.lua/lua/sysbench --db-driver=mysql --range-size=1000 --table-size=10000000 --tables=8 --threads=40 --events=0 --warmup-time=5 --time=630 /home/mdcallag/git/mytools/bench/sysbench.lua/lua/oltp_read_only.lua run --mysql-user=root --mysql-password=pw --mysql-host=127.0.0.1 --mysql-db=test --rand-type=uniform --simple-ranges=1 --sum-ranges=0 --order-ranges=0 --distinct-ranges=0
48 CPUs
sysbench 1.1.0-9072687 (using bundled LuaJIT 2.1.0-beta3)

Running the test with following options:
Number of threads: 40
Warmup time: 5s
Initializing random number generator from current time


Initializing worker threads...

explain: for point_selects :: explain SELECT c FROM sbtest%u WHERE id=%u
explain: for point_selects :: explain SELECT c FROM sbtest%u WHERE id=%uexplain: for point_selects :: explain SELECT c FROM sbtest%u WHERE id=%u
explain: for point_selects :: explain SELECT c FROM sbtest%u WHERE id=%u
explain: for point_selects :: explain SELECT c FROM sbtest%u WHERE id=%u
explain: for point_selects :: explain SELECT c FROM sbtest%u WHERE id=%u
explain: for point_selects :: explain SELECT c FROM sbtest%u WHERE id=%u
explain: for point_selects :: explain SELECT c FROM sbtest%u WHERE id=%u

explain: for point_selects :: explain SELECT c FROM sbtest%u WHERE id=%u
explain: for point_selects :: explain SELECT c FROM sbtest%u WHERE id=%u
explain: for point_selects :: explain SELECT c FROM sbtest%u WHERE id=%u
explain: for point_selects :: explain SELECT c FROM sbtest%u WHERE id=%u
explain: for point_selects :: explain SELECT c FROM sbtest%u WHERE id=%u
explain: for point_selects :: explain SELECT c FROM sbtest%u WHERE id=%u
for point_selects
table 1 : explain SELECT c FROM sbtest1 WHERE id=4903617
	-> Rows fetched before execution  (cost=0..0 rows=1)


table 2 : explain SELECT c FROM sbtest2 WHERE id=9771606
	-> Rows fetched before execution  (cost=0..0 rows=1)


table 3 : explain SELECT c FROM sbtest3 WHERE id=9739815
	-> Rows fetched before execution  (cost=0..0 rows=1)


table 4 : explain SELECT c FROM sbtest4 WHERE id=6429931
	-> Rows fetched before execution  (cost=0..0 rows=1)


table 5 : explain SELECT c FROM sbtest5 WHERE id=2894332
	-> Rows fetched before execution  (cost=0..0 rows=1)


table 6 : explain SELECT c FROM sbtest6 WHERE id=3830573
	-> Rows fetched before execution  (cost=0..0 rows=1)


table 7 : explain SELECT c FROM sbtest7 WHERE id=6442983
	-> Rows fetched before execution  (cost=0..0 rows=1)


table 8 : explain SELECT c FROM sbtest8 WHERE id=6381677
	-> Rows fetched before execution  (cost=0..0 rows=1)


explain: for point_selects :: explain SELECT c FROM sbtest%u WHERE id=%u
explain: for point_selects :: explain SELECT c FROM sbtest%u WHERE id=%u
explain: for point_selects :: explain SELECT c FROM sbtest%u WHERE id=%u
for point_selects
table 1 : explain SELECT c FROM sbtest1 WHERE id=4398471
	-> Rows fetched before execution  (cost=0..0 rows=1)


table 2 : explain SELECT c FROM sbtest2 WHERE id=9047858
	-> Rows fetched before execution  (cost=0..0 rows=1)


table 3 : explain SELECT c FROM sbtest3 WHERE id=1442535
	-> Rows fetched before execution  (cost=0..0 rows=1)


table 4 : explain SELECT c FROM sbtest4 WHERE id=2701210
	-> Rows fetched before execution  (cost=0..0 rows=1)


table 5 : explain SELECT c FROM sbtest5 WHERE id=4787999
	-> Rows fetched before execution  (cost=0..0 rows=1)


table 6 : explain SELECT c FROM sbtest6 WHERE id=1488464
	-> Rows fetched before execution  (cost=0..0 rows=1)


table 7 : explain SELECT c FROM sbtest7 WHERE id=7297045
	-> Rows fetched before execution  (cost=0..0 rows=1)


table 8 : explain SELECT c FROM sbtest8 WHERE id=9597012
	-> Rows fetched before execution  (cost=0..0 rows=1)


explain: for point_selects :: explain SELECT c FROM sbtest%u WHERE id=%u
explain: for point_selects :: explain SELECT c FROM sbtest%u WHERE id=%u
for point_selects
table 1 : explain SELECT c FROM sbtest1 WHERE id=2160470
	-> Rows fetched before execution  (cost=0..0 rows=1)


table 2 : explain SELECT c FROM sbtest2 WHERE id=1638286
	-> Rows fetched before execution  (cost=0..0 rows=1)


table 3 : explain SELECT c FROM sbtest3 WHERE id=327092
	-> Rows fetched before execution  (cost=0..0 rows=1)


table 4 : explain SELECT c FROM sbtest4 WHERE id=4863021
	-> Rows fetched before execution  (cost=0..0 rows=1)


table 5 : explain SELECT c FROM sbtest5 WHERE id=8665207
	-> Rows fetched before execution  (cost=0..0 rows=1)


table 6 : explain SELECT c FROM sbtest6 WHERE id=191748
	-> Rows fetched before execution  (cost=0..0 rows=1)


table 7 : explain SELECT c FROM sbtest7 WHERE id=7480875
	-> Rows fetched before execution  (cost=0..0 rows=1)


table 8 : explain SELECT c FROM sbtest8 WHERE id=8596853
	-> Rows fetched before execution  (cost=0..0 rows=1)


for point_selects
table 1 : explain SELECT c FROM sbtest1 WHERE id=4286849
	-> Rows fetched before execution  (cost=0..0 rows=1)


table 2 : explain SELECT c FROM sbtest2 WHERE id=888238
	-> Rows fetched before execution  (cost=0..0 rows=1)


table 3 : explain SELECT c FROM sbtest3 WHERE id=6322019
	-> Rows fetched before execution  (cost=0..0 rows=1)


table 4 : explain SELECT c FROM sbtest4 WHERE id=6824044
	-> Rows fetched before execution  (cost=0..0 rows=1)


table 5 : explain SELECT c FROM sbtest5 WHERE id=7457482
	-> Rows fetched before execution  (cost=0..0 rows=1)


table 6 : explain SELECT c FROM sbtest6 WHERE id=6516275
	-> Rows fetched before execution  (cost=0..0 rows=1)


table 7 : explain SELECT c FROM sbtest7 WHERE id=1092047
	-> Rows fetched before execution  (cost=0..0 rows=1)


table 8 : explain SELECT c FROM sbtest8 WHERE id=3389305
	-> Rows fetched before execution  (cost=0..0 rows=1)


explain: for point_selects :: explain SELECT c FROM sbtest%u WHERE id=%u
explain: for point_selects :: explain SELECT c FROM sbtest%u WHERE id=%u
for point_selects
table 1 : explain SELECT c FROM sbtest1 WHERE id=5850611
	-> Rows fetched before execution  (cost=0..0 rows=1)


table 2 : explain SELECT c FROM sbtest2 WHERE id=1208360
	-> Rows fetched before execution  (cost=0..0 rows=1)


table 3 : explain SELECT c FROM sbtest3 WHERE id=3737757
	-> Rows fetched before execution  (cost=0..0 rows=1)


table 4 : explain SELECT c FROM sbtest4 WHERE id=889028
	-> Rows fetched before execution  (cost=0..0 rows=1)


table 5 : explain SELECT c FROM sbtest5 WHERE id=6752001
	-> Rows fetched before execution  (cost=0..0 rows=1)


table 6 : explain SELECT c FROM sbtest6 WHERE id=5885580
	-> Rows fetched before execution  (cost=0..0 rows=1)


table 7 : explain SELECT c FROM sbtest7 WHERE id=1868008
	-> Rows fetched before execution  (cost=0..0 rows=1)


table 8 : explain SELECT c FROM sbtest8 WHERE id=5553988
	-> Rows fetched before execution  (cost=0..0 rows=1)


for point_selects
table 1 : explain SELECT c FROM sbtest1 WHERE id=9497262
	-> Rows fetched before execution  (cost=0..0 rows=1)


table 2 : explain SELECT c FROM sbtest2 WHERE id=8203857
	-> Rows fetched before execution  (cost=0..0 rows=1)


table 3 : explain SELECT c FROM sbtest3 WHERE id=4649861
	-> Rows fetched before execution  (cost=0..0 rows=1)


table 4 : explain SELECT c FROM sbtest4 WHERE id=2628208
	-> Rows fetched before execution  (cost=0..0 rows=1)


table 5 : explain SELECT c FROM sbtest5 WHERE id=4277776
	-> Rows fetched before execution  (cost=0..0 rows=1)


table 6 : explain SELECT c FROM sbtest6 WHERE id=9414163
	-> Rows fetched before execution  (cost=0..0 rows=1)


table 7 : explain SELECT c FROM sbtest7 WHERE id=2348196
	-> Rows fetched before execution  (cost=0..0 rows=1)


table 8 : explain SELECT c FROM sbtest8 WHERE id=9844201
	-> Rows fetched before execution  (cost=0..0 rows=1)


for point_selects
table 1 : explain SELECT c FROM sbtest1 WHERE id=5995887
	-> Rows fetched before execution  (cost=0..0 rows=1)


table 2 : explain SELECT c FROM sbtest2 WHERE id=5846921
	-> Rows fetched before execution  (cost=0..0 rows=1)


table 3 : explain SELECT c FROM sbtest3 WHERE id=9555778
	-> Rows fetched before execution  (cost=0..0 rows=1)


table 4 : explain SELECT c FROM sbtest4 WHERE id=8689592
	-> Rows fetched before execution  (cost=0..0 rows=1)


table 5 : explain SELECT c FROM sbtest5 WHERE id=5076131
	-> Rows fetched before execution  (cost=0..0 rows=1)


table 6 : explain SELECT c FROM sbtest6 WHERE id=4282366
	-> Rows fetched before execution  (cost=0..0 rows=1)


table 7 : explain SELECT c FROM sbtest7 WHERE id=7321935
	-> Rows fetched before execution  (cost=0..0 rows=1)


table 8 : explain SELECT c FROM sbtest8 WHERE id=1740035
	-> Rows fetched before execution  (cost=0..0 rows=1)


explain: for point_selects :: explain SELECT c FROM sbtest%u WHERE id=%u
for point_selects
table 1 : explain SELECT c FROM sbtest1 WHERE id=3898093
	-> Rows fetched before execution  (cost=0..0 rows=1)


table 2 : explain SELECT c FROM sbtest2 WHERE id=549949
	-> Rows fetched before execution  (cost=0..0 rows=1)


table 3 : explain SELECT c FROM sbtest3 WHERE id=54527
	-> Rows fetched before execution  (cost=0..0 rows=1)


table 4 : explain SELECT c FROM sbtest4 WHERE id=749582
	-> Rows fetched before execution  (cost=0..0 rows=1)


table 5 : explain SELECT c FROM sbtest5 WHERE id=1652502
	-> Rows fetched before execution  (cost=0..0 rows=1)


table 6 : explain SELECT c FROM sbtest6 WHERE id=992448
	-> Rows fetched before execution  (cost=0..0 rows=1)


table 7 : explain SELECT c FROM sbtest7 WHERE id=9462436
	-> Rows fetched before execution  (cost=0..0 rows=1)


table 8 : explain SELECT c FROM sbtest8 WHERE id=27808
	-> Rows fetched before execution  (cost=0..0 rows=1)


explain: for point_selects :: explain SELECT c FROM sbtest%u WHERE id=%u
explain: for point_selects :: explain SELECT c FROM sbtest%u WHERE id=%ufor point_selects
table 1 : explain SELECT c FROM sbtest1 WHERE id=3956624
	-> Rows fetched before execution  (cost=0..0 rows=1)


table 2 : explain SELECT c FROM sbtest2 WHERE id=2440572
	-> Rows fetched before execution  (cost=0..0 rows=1)


table 3 : explain SELECT c FROM sbtest3 WHERE id=7016690
	-> Rows fetched before execution  (cost=0..0 rows=1)


table 4 : explain SELECT c FROM sbtest4 WHERE id=1364077
	-> Rows fetched before execution  (cost=0..0 rows=1)


table 5 : explain SELECT c FROM sbtest5 WHERE id=3860016
	-> Rows fetched before execution  (cost=0..0 rows=1)


table 6 : explain SELECT c FROM sbtest6 WHERE id=5407946
	-> Rows fetched before execution  (cost=0..0 rows=1)


table 7 : explain SELECT c FROM sbtest7 WHERE id=1078614
	-> Rows fetched before execution  (cost=0..0 rows=1)


table 8 : explain SELECT c FROM sbtest8 WHERE id=4928935
	-> Rows fetched before execution  (cost=0..0 rows=1)

for point_selects
table 1 : explain SELECT c FROM sbtest1 WHERE id=2660708
	-> Rows fetched before execution  (cost=0..0 rows=1)


table 2 : explain SELECT c FROM sbtest2 WHERE id=4282691
	-> Rows fetched before execution  (cost=0..0 rows=1)


table 3 : explain SELECT c FROM sbtest3 WHERE id=1659341
	-> Rows fetched before execution  (cost=0..0 rows=1)


table 4 : explain SELECT c FROM sbtest4 WHERE id=8122293
	-> Rows fetched before execution  (cost=0..0 rows=1)


table 5 : explain SELECT c FROM sbtest5 WHERE id=7671137
	-> Rows fetched before execution  (cost=0..0 rows=1)


table 6 : explain SELECT c FROM sbtest6 WHERE id=6959896
	-> Rows fetched before execution  (cost=0..0 rows=1)


table 7 : explain SELECT c FROM sbtest7 WHERE id=2188085
	-> Rows fetched before execution  (cost=0..0 rows=1)


table 8 : explain SELECT c FROM sbtest8 WHERE id=5312737
	-> Rows fetched before execution  (cost=0..0 rows=1)




for point_selects
table 1 : explain SELECT c FROM sbtest1 WHERE id=2383702
	-> Rows fetched before execution  (cost=0..0 rows=1)


table 2 : explain SELECT c FROM sbtest2 WHERE id=6178392
	-> Rows fetched before execution  (cost=0..0 rows=1)


table 3 : explain SELECT c FROM sbtest3 WHERE id=6418609
	-> Rows fetched before execution  (cost=0..0 rows=1)


table 4 : explain SELECT c FROM sbtest4 WHERE id=4346894
	-> Rows fetched before execution  (cost=0..0 rows=1)


table 5 : explain SELECT c FROM sbtest5 WHERE id=3908334
	-> Rows fetched before execution  (cost=0..0 rows=1)


table 6 : explain SELECT c FROM sbtest6 WHERE id=2244605
	-> Rows fetched before execution  (cost=0..0 rows=1)


table 7 : explain SELECT c FROM sbtest7 WHERE id=9247848
	-> Rows fetched before execution  (cost=0..0 rows=1)


table 8 : explain SELECT c FROM sbtest8 WHERE id=8520758
	-> Rows fetched before execution  (cost=0..0 rows=1)


for point_selects
table 1 : explain SELECT c FROM sbtest1 WHERE id=377978
	-> Rows fetched before execution  (cost=0..0 rows=1)


table 2 : explain SELECT c FROM sbtest2 WHERE id=7775476
	-> Rows fetched before execution  (cost=0..0 rows=1)


table 3 : explain SELECT c FROM sbtest3 WHERE id=9903531
	-> Rows fetched before execution  (cost=0..0 rows=1)


table 4 : explain SELECT c FROM sbtest4 WHERE id=7355648
	-> Rows fetched before execution  (cost=0..0 rows=1)


table 5 : explain SELECT c FROM sbtest5 WHERE id=2113542
	-> Rows fetched before execution  (cost=0..0 rows=1)


table 6 : explain SELECT c FROM sbtest6 WHERE id=5844204
	-> Rows fetched before execution  (cost=0..0 rows=1)


table 7 : explain SELECT c FROM sbtest7 WHERE id=2356768
	-> Rows fetched before execution  (cost=0..0 rows=1)


table 8 : explain SELECT c FROM sbtest8 WHERE id=2988594
	-> Rows fetched before execution  (cost=0..0 rows=1)


explain: for point_selects :: explain SELECT c FROM sbtest%u WHERE id=%u
for point_selects
table 1 : explain SELECT c FROM sbtest1 WHERE id=6877727
	-> Rows fetched before execution  (cost=0..0 rows=1)


table 2 : explain SELECT c FROM sbtest2 WHERE id=2885484
	-> Rows fetched before execution  (cost=0..0 rows=1)


table 3 : explain SELECT c FROM sbtest3 WHERE id=6266341
	-> Rows fetched before execution  (cost=0..0 rows=1)


table 4 : explain SELECT c FROM sbtest4 WHERE id=9155187
	-> Rows fetched before execution  (cost=0..0 rows=1)


table 5 : explain SELECT c FROM sbtest5 WHERE id=1766122
	-> Rows fetched before execution  (cost=0..0 rows=1)


table 6 : explain SELECT c FROM sbtest6 WHERE id=5174685
	-> Rows fetched before execution  (cost=0..0 rows=1)


table 7 : explain SELECT c FROM sbtest7 WHERE id=2966371
	-> Rows fetched before execution  (cost=0..0 rows=1)


table 8 : explain SELECT c FROM sbtest8 WHERE id=8150652
	-> Rows fetched before execution  (cost=0..0 rows=1)


for point_selects
table 1 : explain SELECT c FROM sbtest1 WHERE id=9053945
	-> Rows fetched before execution  (cost=0..0 rows=1)


table 2 : explain SELECT c FROM sbtest2 WHERE id=1453110
	-> Rows fetched before execution  (cost=0..0 rows=1)


table 3 : explain SELECT c FROM sbtest3 WHERE id=5133032
	-> Rows fetched before execution  (cost=0..0 rows=1)


table 4 : explain SELECT c FROM sbtest4 WHERE id=4296365
	-> Rows fetched before execution  (cost=0..0 rows=1)


table 5 : explain SELECT c FROM sbtest5 WHERE id=5698901
	-> Rows fetched before execution  (cost=0..0 rows=1)


table 6 : explain SELECT c FROM sbtest6 WHERE id=4971638
	-> Rows fetched before execution  (cost=0..0 rows=1)


table 7 : explain SELECT c FROM sbtest7 WHERE id=7121699
	-> Rows fetched before execution  (cost=0..0 rows=1)


table 8 : explain SELECT c FROM sbtest8 WHERE id=4909495
	-> Rows fetched before execution  (cost=0..0 rows=1)


explain: for point_selects :: explain SELECT c FROM sbtest%u WHERE id=%u
for point_selects
table 1 : explain SELECT c FROM sbtest1 WHERE id=7734410
	-> Rows fetched before execution  (cost=0..0 rows=1)


table 2 : explain SELECT c FROM sbtest2 WHERE id=5096973
	-> Rows fetched before execution  (cost=0..0 rows=1)


table 3 : explain SELECT c FROM sbtest3 WHERE id=6821444
	-> Rows fetched before execution  (cost=0..0 rows=1)


table 4 : explain SELECT c FROM sbtest4 WHERE id=8625026
	-> Rows fetched before execution  (cost=0..0 rows=1)


table 5 : explain SELECT c FROM sbtest5 WHERE id=7936602
	-> Rows fetched before execution  (cost=0..0 rows=1)


table 6 : explain SELECT c FROM sbtest6 WHERE id=1146704
	-> Rows fetched before execution  (cost=0..0 rows=1)


table 7 : explain SELECT c FROM sbtest7 WHERE id=5096398
	-> Rows fetched before execution  (cost=0..0 rows=1)


table 8 : explain SELECT c FROM sbtest8 WHERE id=315092
	-> Rows fetched before execution  (cost=0..0 rows=1)


explain: for point_selects :: explain SELECT c FROM sbtest%u WHERE id=%u
explain: for point_selects :: explain SELECT c FROM sbtest%u WHERE id=%uexplain: for point_selects :: explain SELECT c FROM sbtest%u WHERE id=%u
for point_selects
table 1 : explain SELECT c FROM sbtest1 WHERE id=7276027
	-> Rows fetched before execution  (cost=0..0 rows=1)


table 2 : explain SELECT c FROM sbtest2 WHERE id=2462162
	-> Rows fetched before execution  (cost=0..0 rows=1)


table 3 : explain SELECT c FROM sbtest3 WHERE id=5933991
	-> Rows fetched before execution  (cost=0..0 rows=1)


table 4 : explain SELECT c FROM sbtest4 WHERE id=5172885
	-> Rows fetched before execution  (cost=0..0 rows=1)


table 5 : explain SELECT c FROM sbtest5 WHERE id=840801
	-> Rows fetched before execution  (cost=0..0 rows=1)


table 6 : explain SELECT c FROM sbtest6 WHERE id=3892366
	-> Rows fetched before execution  (cost=0..0 rows=1)


table 7 : explain SELECT c FROM sbtest7 WHERE id=3837036
	-> Rows fetched before execution  (cost=0..0 rows=1)


table 8 : explain SELECT c FROM sbtest8 WHERE id=7273071
	-> Rows fetched before execution  (cost=0..0 rows=1)


explain: for point_selects :: explain SELECT c FROM sbtest%u WHERE id=%u
explain: for point_selects :: explain SELECT c FROM sbtest%u WHERE id=%u
explain: for point_selects :: explain SELECT c FROM sbtest%u WHERE id=%u
explain: for point_selects :: explain SELECT c FROM sbtest%u WHERE id=%u
for point_selects
table 1 : explain SELECT c FROM sbtest1 WHERE id=4533855
	-> Rows fetched before execution  (cost=0..0 rows=1)


table 2 : explain SELECT c FROM sbtest2 WHERE id=7995449
	-> Rows fetched before execution  (cost=0..0 rows=1)


table 3 : explain SELECT c FROM sbtest3 WHERE id=9353700
	-> Rows fetched before execution  (cost=0..0 rows=1)


table 4 : explain SELECT c FROM sbtest4 WHERE id=6075470
	-> Rows fetched before execution  (cost=0..0 rows=1)


table 5 : explain SELECT c FROM sbtest5 WHERE id=3719823
	-> Rows fetched before execution  (cost=0..0 rows=1)


table 6 : explain SELECT c FROM sbtest6 WHERE id=7946710
	-> Rows fetched before execution  (cost=0..0 rows=1)


table 7 : explain SELECT c FROM sbtest7 WHERE id=7883634
	-> Rows fetched before execution  (cost=0..0 rows=1)


table 8 : explain SELECT c FROM sbtest8 WHERE id=9354894
	-> Rows fetched before execution  (cost=0..0 rows=1)


for point_selects
table 1 : explain SELECT c FROM sbtest1 WHERE id=7524553
	-> Rows fetched before execution  (cost=0..0 rows=1)


table 2 : explain SELECT c FROM sbtest2 WHERE id=3658826
	-> Rows fetched before execution  (cost=0..0 rows=1)


table 3 : explain SELECT c FROM sbtest3 WHERE id=550260
	-> Rows fetched before execution  (cost=0..0 rows=1)


table 4 : explain SELECT c FROM sbtest4 WHERE id=6588527
	-> Rows fetched before execution  (cost=0..0 rows=1)


table 5 : explain SELECT c FROM sbtest5 WHERE id=3888245
	-> Rows fetched before execution  (cost=0..0 rows=1)


table 6 : explain SELECT c FROM sbtest6 WHERE id=5908018
	-> Rows fetched before execution  (cost=0..0 rows=1)


table 7 : explain SELECT c FROM sbtest7 WHERE id=1816052
	-> Rows fetched before execution  (cost=0..0 rows=1)


table 8 : explain SELECT c FROM sbtest8 WHERE id=8519055
	-> Rows fetched before execution  (cost=0..0 rows=1)


explain: for point_selects :: explain SELECT c FROM sbtest%u WHERE id=%u

explain: for point_selects :: explain SELECT c FROM sbtest%u WHERE id=%u
for point_selects
table 1 : explain SELECT c FROM sbtest1 WHERE id=6044236
	-> Rows fetched before execution  (cost=0..0 rows=1)


table 2 : explain SELECT c FROM sbtest2 WHERE id=6707401
	-> Rows fetched before execution  (cost=0..0 rows=1)


table 3 : explain SELECT c FROM sbtest3 WHERE id=6844278
	-> Rows fetched before execution  (cost=0..0 rows=1)


table 4 : explain SELECT c FROM sbtest4 WHERE id=1504203
	-> Rows fetched before execution  (cost=0..0 rows=1)


table 5 : explain SELECT c FROM sbtest5 WHERE id=2466676
	-> Rows fetched before execution  (cost=0..0 rows=1)


table 6 : explain SELECT c FROM sbtest6 WHERE id=7538338
	-> Rows fetched before execution  (cost=0..0 rows=1)


table 7 : explain SELECT c FROM sbtest7 WHERE id=2804976
	-> Rows fetched before execution  (cost=0..0 rows=1)


table 8 : explain SELECT c FROM sbtest8 WHERE id=2728049
	-> Rows fetched before execution  (cost=0..0 rows=1)


for point_selects
table 1 : explain SELECT c FROM sbtest1 WHERE id=5312404
	-> Rows fetched before execution  (cost=0..0 rows=1)


table 2 : explain SELECT c FROM sbtest2 WHERE id=7462591
	-> Rows fetched before execution  (cost=0..0 rows=1)


table 3 : explain SELECT c FROM sbtest3 WHERE id=7505503
	-> Rows fetched before execution  (cost=0..0 rows=1)


table 4 : explain SELECT c FROM sbtest4 WHERE id=734193
	-> Rows fetched before execution  (cost=0..0 rows=1)


table 5 : explain SELECT c FROM sbtest5 WHERE id=4109563
	-> Rows fetched before execution  (cost=0..0 rows=1)


table 6 : explain SELECT c FROM sbtest6 WHERE id=2280046
	-> Rows fetched before execution  (cost=0..0 rows=1)


table 7 : explain SELECT c FROM sbtest7 WHERE id=9838435
	-> Rows fetched before execution  (cost=0..0 rows=1)


table 8 : explain SELECT c FROM sbtest8 WHERE id=2260186
	-> Rows fetched before execution  (cost=0..0 rows=1)


for point_selects
table 1 : explain SELECT c FROM sbtest1 WHERE id=4238327
	-> Rows fetched before execution  (cost=0..0 rows=1)


table 2 : explain SELECT c FROM sbtest2 WHERE id=8203753
	-> Rows fetched before execution  (cost=0..0 rows=1)


table 3 : explain SELECT c FROM sbtest3 WHERE id=8900823
	-> Rows fetched before execution  (cost=0..0 rows=1)


table 4 : explain SELECT c FROM sbtest4 WHERE id=1482261
	-> Rows fetched before execution  (cost=0..0 rows=1)


table 5 : explain SELECT c FROM sbtest5 WHERE id=1555103
	-> Rows fetched before execution  (cost=0..0 rows=1)


table 6 : explain SELECT c FROM sbtest6 WHERE id=5204365
	-> Rows fetched before execution  (cost=0..0 rows=1)


table 7 : explain SELECT c FROM sbtest7 WHERE id=3092668
	-> Rows fetched before execution  (cost=0..0 rows=1)


table 8 : explain SELECT c FROM sbtest8 WHERE id=4768703
	-> Rows fetched before execution  (cost=0..0 rows=1)


explain: for point_selects :: explain SELECT c FROM sbtest%u WHERE id=%u
for point_selects
table 1 : explain SELECT c FROM sbtest1 WHERE id=2423599
	-> Rows fetched before execution  (cost=0..0 rows=1)


table 2 : explain SELECT c FROM sbtest2 WHERE id=5874033
	-> Rows fetched before execution  (cost=0..0 rows=1)


table 3 : explain SELECT c FROM sbtest3 WHERE id=8432983
	-> Rows fetched before execution  (cost=0..0 rows=1)


table 4 : explain SELECT c FROM sbtest4 WHERE id=2985396
	-> Rows fetched before execution  (cost=0..0 rows=1)


table 5 : explain SELECT c FROM sbtest5 WHERE id=2472552
	-> Rows fetched before execution  (cost=0..0 rows=1)


table 6 : explain SELECT c FROM sbtest6 WHERE id=9688600
	-> Rows fetched before execution  (cost=0..0 rows=1)


table 7 : explain SELECT c FROM sbtest7 WHERE id=9494199
	-> Rows fetched before execution  (cost=0..0 rows=1)


table 8 : explain SELECT c FROM sbtest8 WHERE id=6769094
	-> Rows fetched before execution  (cost=0..0 rows=1)

for point_selects
table 1 : explain SELECT c FROM sbtest1 WHERE id=4363821
	-> Rows fetched before execution  (cost=0..0 rows=1)


table 2 : explain SELECT c FROM sbtest2 WHERE id=1644278
	-> Rows fetched before execution  (cost=0..0 rows=1)


table 3 : explain SELECT c FROM sbtest3 WHERE id=9241418
	-> Rows fetched before execution  (cost=0..0 rows=1)


table 4 : explain SELECT c FROM sbtest4 WHERE id=8064766
	-> Rows fetched before execution  (cost=0..0 rows=1)


table 5 : explain SELECT c FROM sbtest5 WHERE id=4130871
	-> Rows fetched before execution  (cost=0..0 rows=1)


table 6 : explain SELECT c FROM sbtest6 WHERE id=1417290
	-> Rows fetched before execution  (cost=0..0 rows=1)


table 7 : explain SELECT c FROM sbtest7 WHERE id=6212109
	-> Rows fetched before execution  (cost=0..0 rows=1)


table 8 : explain SELECT c FROM sbtest8 WHERE id=4807797
	-> Rows fetched before execution  (cost=0..0 rows=1)


for point_selects
table 1 : explain SELECT c FROM sbtest1 WHERE id=5370982
	-> Rows fetched before execution  (cost=0..0 rows=1)


table 2 : explain SELECT c FROM sbtest2 WHERE id=1513596
	-> Rows fetched before execution  (cost=0..0 rows=1)


table 3 : explain SELECT c FROM sbtest3 WHERE id=351166
	-> Rows fetched before execution  (cost=0..0 rows=1)


table 4 : explain SELECT c FROM sbtest4 WHERE id=3036601
	-> Rows fetched before execution  (cost=0..0 rows=1)


table 5 : explain SELECT c FROM sbtest5 WHERE id=4738292
	-> Rows fetched before execution  (cost=0..0 rows=1)


table 6 : explain SELECT c FROM sbtest6 WHERE id=4806591
	-> Rows fetched before execution  (cost=0..0 rows=1)


table 7 : explain SELECT c FROM sbtest7 WHERE id=9960165
	-> Rows fetched before execution  (cost=0..0 rows=1)


table 8 : explain SELECT c FROM sbtest8 WHERE id=6381281
	-> Rows fetched before execution  (cost=0..0 rows=1)


explain: for point_selects :: explain SELECT c FROM sbtest%u WHERE id=%u

for point_selects
table 1 : explain SELECT c FROM sbtest1 WHERE id=2216178
	-> Rows fetched before execution  (cost=0..0 rows=1)


table 2 : explain SELECT c FROM sbtest2 WHERE id=2906542
	-> Rows fetched before execution  (cost=0..0 rows=1)


table 3 : explain SELECT c FROM sbtest3 WHERE id=108154
	-> Rows fetched before execution  (cost=0..0 rows=1)


table 4 : explain SELECT c FROM sbtest4 WHERE id=9794732
	-> Rows fetched before execution  (cost=0..0 rows=1)


table 5 : explain SELECT c FROM sbtest5 WHERE id=2888743
	-> Rows fetched before execution  (cost=0..0 rows=1)


table 6 : explain SELECT c FROM sbtest6 WHERE id=2774066
	-> Rows fetched before execution  (cost=0..0 rows=1)


table 7 : explain SELECT c FROM sbtest7 WHERE id=8059379
	-> Rows fetched before execution  (cost=0..0 rows=1)


table 8 : explain SELECT c FROM sbtest8 WHERE id=503360
	-> Rows fetched before execution  (cost=0..0 rows=1)

for: simple_ranges
table 1 : explain SELECT c FROM sbtest1 WHERE id BETWEEN 4430069 AND 4431068
	-> Filter: (sbtest1.id between 4430069 and 4431068)  (cost=371 rows=1838)
    -> Index range scan on sbtest1 using PRIMARY over (4430069 <= id <= 4431068)  (cost=371 rows=1838)


table 2 : explain SELECT c FROM sbtest2 WHERE id BETWEEN 7777079 AND 7778078
	-> Filter: (sbtest2.id between 7777079 and 7778078)  (cost=371 rows=1838)
    -> Index range scan on sbtest2 using PRIMARY over (7777079 <= id <= 7778078)  (cost=371 rows=1838)


table 3 : explain SELECT c FROM sbtest3 WHERE id BETWEEN 4401738 AND 4402737
	-> Filter: (sbtest3.id between 4401738 and 4402737)  (cost=378 rows=1872)
    -> Index range scan on sbtest3 using PRIMARY over (4401738 <= id <= 4402737)  (cost=378 rows=1872)


table 4 : explain SELECT c FROM sbtest4 WHERE id BETWEEN 4826159 AND 4827158
	-> Filter: (sbtest4.id between 4826159 and 4827158)  (cost=378 rows=1872)
    -> Index range scan on sbtest4 using PRIMARY over (4826159 <= id <= 4827158)  (cost=378 rows=1872)


table 5 : explain SELECT c FROM sbtest5 WHERE id BETWEEN 8424706 AND 8425705
	-> Filter: (sbtest5.id between 8424706 and 8425705)  (cost=371 rows=1838)
    -> Index range scan on sbtest5 using PRIMARY over (8424706 <= id <= 8425705)  (cost=371 rows=1838)


table 6 : explain SELECT c FROM sbtest6 WHERE id BETWEEN 1896341 AND 1897340
	-> Filter: (sbtest6.id between 1896341 and 1897340)  (cost=371 rows=1838)
    -> Index range scan on sbtest6 using PRIMARY over (1896341 <= id <= 1897340)  (cost=371 rows=1838)


table 7 : explain SELECT c FROM sbtest7 WHERE id BETWEEN 4611416 AND 4612415
	-> Filter: (sbtest7.id between 4611416 and 4612415)  (cost=371 rows=1838)
    -> Index range scan on sbtest7 using PRIMARY over (4611416 <= id <= 4612415)  (cost=371 rows=1838)


table 8 : explain SELECT c FROM sbtest8 WHERE id BETWEEN 4267445 AND 4268444
	-> Filter: (sbtest8.id between 4267445 and 4268444)  (cost=371 rows=1838)
    -> Index range scan on sbtest8 using PRIMARY over (4267445 <= id <= 4268444)  (cost=371 rows=1838)


for: simple_ranges
table 1 : explain SELECT c FROM sbtest1 WHERE id BETWEEN 5121100 AND 5122099
	-> Filter: (sbtest1.id between 5121100 and 5122099)  (cost=371 rows=1838)
    -> Index range scan on sbtest1 using PRIMARY over (5121100 <= id <= 5122099)  (cost=371 rows=1838)


table 2 : explain SELECT c FROM sbtest2 WHERE id BETWEEN 6707495 AND 6708494
	-> Filter: (sbtest2.id between 6707495 and 6708494)  (cost=371 rows=1838)
    -> Index range scan on sbtest2 using PRIMARY over (6707495 <= id <= 6708494)  (cost=371 rows=1838)


table 3 : explain SELECT c FROM sbtest3 WHERE id BETWEEN 6773099 AND 6774098
	-> Filter: (sbtest3.id between 6773099 and 6774098)  (cost=371 rows=1838)
    -> Index range scan on sbtest3 using PRIMARY over (6773099 <= id <= 6774098)  (cost=371 rows=1838)


table 4 : explain SELECT c FROM sbtest4 WHERE id BETWEEN 1021163 AND 1022162
	-> Filter: (sbtest4.id between 1021163 and 1022162)  (cost=378 rows=1872)
    -> Index range scan on sbtest4 using PRIMARY over (1021163 <= id <= 1022162)  (cost=378 rows=1872)


table 5 : explain SELECT c FROM sbtest5 WHERE id BETWEEN 5746177 AND 5747176
	-> Filter: (sbtest5.id between 5746177 and 5747176)  (cost=378 rows=1872)
    -> Index range scan on sbtest5 using PRIMARY over (5746177 <= id <= 5747176)  (cost=378 rows=1872)


table 6 : explain SELECT c FROM sbtest6 WHERE id BETWEEN 2257559 AND 2258558
	-> Filter: (sbtest6.id between 2257559 and 2258558)  (cost=371 rows=1838)
    -> Index range scan on sbtest6 using PRIMARY over (2257559 <= id <= 2258558)  (cost=371 rows=1838)


table 7 : explain SELECT c FROM sbtest7 WHERE id BETWEEN 6243551 AND 6244550
	-> Filter: (sbtest7.id between 6243551 and 6244550)  (cost=371 rows=1838)
    -> Index range scan on sbtest7 using PRIMARY over (6243551 <= id <= 6244550)  (cost=371 rows=1838)


table 8 : explain SELECT c FROM sbtest8 WHERE id BETWEEN 8831987 AND 8832986
	-> Filter: (sbtest8.id between 8831987 and 8832986)  (cost=371 rows=1838)
    -> Index range scan on sbtest8 using PRIMARY over (8831987 <= id <= 8832986)  (cost=371 rows=1838)

for: simple_ranges
table 1 : explain SELECT c FROM sbtest1 WHERE id BETWEEN 8415977 AND 8416976
	-> Filter: (sbtest1.id between 8415977 and 8416976)  (cost=371 rows=1838)
    -> Index range scan on sbtest1 using PRIMARY over (8415977 <= id <= 8416976)  (cost=371 rows=1838)


table 2 : explain SELECT c FROM sbtest2 WHERE id BETWEEN 4341753 AND 4342752
	-> Filter: (sbtest2.id between 4341753 and 4342752)  (cost=371 rows=1838)
    -> Index range scan on sbtest2 using PRIMARY over (4341753 <= id <= 4342752)  (cost=371 rows=1838)


table 3 : explain SELECT c FROM sbtest3 WHERE id BETWEEN 6537604 AND 6538603
	-> Filter: (sbtest3.id between 6537604 and 6538603)  (cost=371 rows=1838)
    -> Index range scan on sbtest3 using PRIMARY over (6537604 <= id <= 6538603)  (cost=371 rows=1838)


table 4 : explain SELECT c FROM sbtest4 WHERE id BETWEEN 9911282 AND 9912281
	-> Filter: (sbtest4.id between 9911282 and 9912281)  (cost=371 rows=1838)
    -> Index range scan on sbtest4 using PRIMARY over (9911282 <= id <= 9912281)  (cost=371 rows=1838)


table 5 : explain SELECT c FROM sbtest5 WHERE id BETWEEN 1373512 AND 1374511
	-> Filter: (sbtest5.id between 1373512 and 1374511)  (cost=371 rows=1838)
    -> Index range scan on sbtest5 using PRIMARY over (1373512 <= id <= 1374511)  (cost=371 rows=1838)


table 6 : explain SELECT c FROM sbtest6 WHERE id BETWEEN 6898216 AND 6899215
	-> Filter: (sbtest6.id between 6898216 and 6899215)  (cost=371 rows=1838)
    -> Index range scan on sbtest6 using PRIMARY over (6898216 <= id <= 6899215)  (cost=371 rows=1838)


table 7 : explain SELECT c FROM sbtest7 WHERE id BETWEEN 7212558 AND 7213557
	-> Filter: (sbtest7.id between 7212558 and 7213557)  (cost=371 rows=1838)
    -> Index range scan on sbtest7 using PRIMARY over (7212558 <= id <= 7213557)  (cost=371 rows=1838)


table 8 : explain SELECT c FROM sbtest8 WHERE id BETWEEN 5703781 AND 5704780
	-> Filter: (sbtest8.id between 5703781 and 5704780)  (cost=371 rows=1838)
    -> Index range scan on sbtest8 using PRIMARY over (5703781 <= id <= 5704780)  (cost=371 rows=1838)


explain: for point_selects :: explain SELECT c FROM sbtest%u WHERE id=%u

explain: for point_selects :: explain SELECT c FROM sbtest%u WHERE id=%u
for: simple_ranges
table 1 : explain SELECT c FROM sbtest1 WHERE id BETWEEN 8896543 AND 8897542
	-> Filter: (sbtest1.id between 8896543 and 8897542)  (cost=371 rows=1838)
    -> Index range scan on sbtest1 using PRIMARY over (8896543 <= id <= 8897542)  (cost=371 rows=1838)


table 2 : explain SELECT c FROM sbtest2 WHERE id BETWEEN 6170498 AND 6171497
	-> Filter: (sbtest2.id between 6170498 and 6171497)  (cost=371 rows=1838)
    -> Index range scan on sbtest2 using PRIMARY over (6170498 <= id <= 6171497)  (cost=371 rows=1838)


table 3 : explain SELECT c FROM sbtest3 WHERE id BETWEEN 2578239 AND 2579238
	-> Filter: (sbtest3.id between 2578239 and 2579238)  (cost=371 rows=1838)
    -> Index range scan on sbtest3 using PRIMARY over (2578239 <= id <= 2579238)  (cost=371 rows=1838)


table 4 : explain SELECT c FROM sbtest4 WHERE id BETWEEN 4053269 AND 4054268
	-> Filter: (sbtest4.id between 4053269 and 4054268)  (cost=371 rows=1838)
    -> Index range scan on sbtest4 using PRIMARY over (4053269 <= id <= 4054268)  (cost=371 rows=1838)


table 5 : explain SELECT c FROM sbtest5 WHERE id BETWEEN 9972992 AND 9973991
	-> Filter: (sbtest5.id between 9972992 and 9973991)  (cost=371 rows=1838)
    -> Index range scan on sbtest5 using PRIMARY over (9972992 <= id <= 9973991)  (cost=371 rows=1838)


table 6 : explain SELECT c FROM sbtest6 WHERE id BETWEEN 6780014 AND 6781013
	-> Filter: (sbtest6.id between 6780014 and 6781013)  (cost=371 rows=1838)
    -> Index range scan on sbtest6 using PRIMARY over (6780014 <= id <= 6781013)  (cost=371 rows=1838)


table 7 : explain SELECT c FROM sbtest7 WHERE id BETWEEN 5235037 AND 5236036
	-> Filter: (sbtest7.id between 5235037 and 5236036)  (cost=371 rows=1838)
    -> Index range scan on sbtest7 using PRIMARY over (5235037 <= id <= 5236036)  (cost=371 rows=1838)


table 8 : explain SELECT c FROM sbtest8 WHERE id BETWEEN 4457183 AND 4458182
	-> Filter: (sbtest8.id between 4457183 and 4458182)  (cost=371 rows=1838)
    -> Index range scan on sbtest8 using PRIMARY over (4457183 <= id <= 4458182)  (cost=371 rows=1838)



explain: for point_selects :: explain SELECT c FROM sbtest%u WHERE id=%u
for: simple_ranges
table 1 : explain SELECT c FROM sbtest1 WHERE id BETWEEN 1847979 AND 1848978
	-> Filter: (sbtest1.id between 1847979 and 1848978)  (cost=378 rows=1872)
    -> Index range scan on sbtest1 using PRIMARY over (1847979 <= id <= 1848978)  (cost=378 rows=1872)


table 2 : explain SELECT c FROM sbtest2 WHERE id BETWEEN 3286055 AND 3287054
	-> Filter: (sbtest2.id between 3286055 and 3287054)  (cost=371 rows=1838)
    -> Index range scan on sbtest2 using PRIMARY over (3286055 <= id <= 3287054)  (cost=371 rows=1838)


table 3 : explain SELECT c FROM sbtest3 WHERE id BETWEEN 741555 AND 742554
	-> Filter: (sbtest3.id between 741555 and 742554)  (cost=371 rows=1838)
    -> Index range scan on sbtest3 using PRIMARY over (741555 <= id <= 742554)  (cost=371 rows=1838)


table 4 : explain SELECT c FROM sbtest4 WHERE id BETWEEN 4567572 AND 4568571
	-> Filter: (sbtest4.id between 4567572 and 4568571)  (cost=371 rows=1838)
    -> Index range scan on sbtest4 using PRIMARY over (4567572 <= id <= 4568571)  (cost=371 rows=1838)


table 5 : explain SELECT c FROM sbtest5 WHERE id BETWEEN 4248329 AND 4249328
	-> Filter: (sbtest5.id between 4248329 and 4249328)  (cost=371 rows=1838)
    -> Index range scan on sbtest5 using PRIMARY over (4248329 <= id <= 4249328)  (cost=371 rows=1838)


table 6 : explain SELECT c FROM sbtest6 WHERE id BETWEEN 7723855 AND 7724854
	-> Filter: (sbtest6.id between 7723855 and 7724854)  (cost=371 rows=1838)
    -> Index range scan on sbtest6 using PRIMARY over (7723855 <= id <= 7724854)  (cost=371 rows=1838)


table 7 : explain SELECT c FROM sbtest7 WHERE id BETWEEN 8813088 AND 8814087
	-> Filter: (sbtest7.id between 8813088 and 8814087)  (cost=371 rows=1838)
    -> Index range scan on sbtest7 using PRIMARY over (8813088 <= id <= 8814087)  (cost=371 rows=1838)


table 8 : explain SELECT c FROM sbtest8 WHERE id BETWEEN 1253759 AND 1254758
	-> Filter: (sbtest8.id between 1253759 and 1254758)  (cost=378 rows=1872)
    -> Index range scan on sbtest8 using PRIMARY over (1253759 <= id <= 1254758)  (cost=378 rows=1872)

for: simple_ranges
table 1 : explain SELECT c FROM sbtest1 WHERE id BETWEEN 7690999 AND 7691998
	-> Filter: (sbtest1.id between 7690999 and 7691998)  (cost=371 rows=1838)
    -> Index range scan on sbtest1 using PRIMARY over (7690999 <= id <= 7691998)  (cost=371 rows=1838)


table 2 : explain SELECT c FROM sbtest2 WHERE id BETWEEN 8217356 AND 8218355
	-> Filter: (sbtest2.id between 8217356 and 8218355)  (cost=378 rows=1872)
    -> Index range scan on sbtest2 using PRIMARY over (8217356 <= id <= 8218355)  (cost=378 rows=1872)


table 3 : explain SELECT c FROM sbtest3 WHERE id BETWEEN 1033758 AND 1034757
	-> Filter: (sbtest3.id between 1033758 and 1034757)  (cost=371 rows=1838)
    -> Index range scan on sbtest3 using PRIMARY over (1033758 <= id <= 1034757)  (cost=371 rows=1838)


table 4 : explain SELECT c FROM sbtest4 WHERE id BETWEEN 7483173 AND 7484172
	-> Filter: (sbtest4.id between 7483173 and 7484172)  (cost=371 rows=1838)
    -> Index range scan on sbtest4 using PRIMARY over (7483173 <= id <= 7484172)  (cost=371 rows=1838)


table 5 : explain SELECT c FROM sbtest5 WHERE id BETWEEN 6085260 AND 6086259
	-> Filter: (sbtest5.id between 6085260 and 6086259)  (cost=378 rows=1872)
    -> Index range scan on sbtest5 using PRIMARY over (6085260 <= id <= 6086259)  (cost=378 rows=1872)


table 6 : explain SELECT c FROM sbtest6 WHERE id BETWEEN 9268344 AND 9269343
	-> Filter: (sbtest6.id between 9268344 and 9269343)  (cost=378 rows=1872)
    -> Index range scan on sbtest6 using PRIMARY over (9268344 <= id <= 9269343)  (cost=378 rows=1872)


table 7 : explain SELECT c FROM sbtest7 WHERE id BETWEEN 8368728 AND 8369727
	-> Filter: (sbtest7.id between 8368728 and 8369727)  (cost=371 rows=1838)
    -> Index range scan on sbtest7 using PRIMARY over (8368728 <= id <= 8369727)  (cost=371 rows=1838)


table 8 : explain SELECT c FROM sbtest8 WHERE id BETWEEN 601741 AND 602740
	-> Filter: (sbtest8.id between 601741 and 602740)  (cost=371 rows=1838)
    -> Index range scan on sbtest8 using PRIMARY over (601741 <= id <= 602740)  (cost=371 rows=1838)


for: simple_ranges
table 1 : explain SELECT c FROM sbtest1 WHERE id BETWEEN 6670410 AND 6671409
	-> Filter: (sbtest1.id between 6670410 and 6671409)  (cost=371 rows=1838)
    -> Index range scan on sbtest1 using PRIMARY over (6670410 <= id <= 6671409)  (cost=371 rows=1838)


table 2 : explain SELECT c FROM sbtest2 WHERE id BETWEEN 8673061 AND 8674060
	-> Filter: (sbtest2.id between 8673061 and 8674060)  (cost=371 rows=1838)
    -> Index range scan on sbtest2 using PRIMARY over (8673061 <= id <= 8674060)  (cost=371 rows=1838)


table 3 : explain SELECT c FROM sbtest3 WHERE id BETWEEN 4193002 AND 4194001
	-> Filter: (sbtest3.id between 4193002 and 4194001)  (cost=371 rows=1838)
    -> Index range scan on sbtest3 using PRIMARY over (4193002 <= id <= 4194001)  (cost=371 rows=1838)


table 4 : explain SELECT c FROM sbtest4 WHERE id BETWEEN 7989805 AND 7990804
	-> Filter: (sbtest4.id between 7989805 and 7990804)  (cost=371 rows=1838)
    -> Index range scan on sbtest4 using PRIMARY over (7989805 <= id <= 7990804)  (cost=371 rows=1838)


table 5 : explain SELECT c FROM sbtest5 WHERE id BETWEEN 64321 AND 65320
	-> Filter: (sbtest5.id between 64321 and 65320)  (cost=371 rows=1838)
    -> Index range scan on sbtest5 using PRIMARY over (64321 <= id <= 65320)  (cost=371 rows=1838)


table 6 : explain SELECT c FROM sbtest6 WHERE id BETWEEN 179485 AND 180484
	-> Filter: (sbtest6.id between 179485 and 180484)  (cost=378 rows=1872)
    -> Index range scan on sbtest6 using PRIMARY over (179485 <= id <= 180484)  (cost=378 rows=1872)


table 7 : explain SELECT c FROM sbtest7 WHERE id BETWEEN 6683932 AND 6684931
	-> Filter: (sbtest7.id between 6683932 and 6684931)  (cost=378 rows=1872)
    -> Index range scan on sbtest7 using PRIMARY over (6683932 <= id <= 6684931)  (cost=378 rows=1872)


table 8 : explain SELECT c FROM sbtest8 WHERE id BETWEEN 1239457 AND 1240456
	-> Filter: (sbtest8.id between 1239457 and 1240456)  (cost=371 rows=1838)
    -> Index range scan on sbtest8 using PRIMARY over (1239457 <= id <= 1240456)  (cost=371 rows=1838)


for point_selects
table 1 : explain SELECT c FROM sbtest1 WHERE id=3861011
	-> Rows fetched before execution  (cost=0..0 rows=1)


table 2 : explain SELECT c FROM sbtest2 WHERE id=4663194
	-> Rows fetched before execution  (cost=0..0 rows=1)


table 3 : explain SELECT c FROM sbtest3 WHERE id=2117353
	-> Rows fetched before execution  (cost=0..0 rows=1)


table 4 : explain SELECT c FROM sbtest4 WHERE id=1974157
	-> Rows fetched before execution  (cost=0..0 rows=1)


table 5 : explain SELECT c FROM sbtest5 WHERE id=4493948
	-> Rows fetched before execution  (cost=0..0 rows=1)


table 6 : explain SELECT c FROM sbtest6 WHERE id=9962314
	-> Rows fetched before execution  (cost=0..0 rows=1)


table 7 : explain SELECT c FROM sbtest7 WHERE id=7196295
	-> Rows fetched before execution  (cost=0..0 rows=1)


table 8 : explain SELECT c FROM sbtest8 WHERE id=4946575
	-> Rows fetched before execution  (cost=0..0 rows=1)


for point_selects
table 1 : explain SELECT c FROM sbtest1 WHERE id=3527771
	-> Rows fetched before execution  (cost=0..0 rows=1)


table 2 : explain SELECT c FROM sbtest2 WHERE id=9175739
	-> Rows fetched before execution  (cost=0..0 rows=1)


table 3 : explain SELECT c FROM sbtest3 WHERE id=7607612
	-> Rows fetched before execution  (cost=0..0 rows=1)


table 4 : explain SELECT c FROM sbtest4 WHERE id=8010963
	-> Rows fetched before execution  (cost=0..0 rows=1)


table 5 : explain SELECT c FROM sbtest5 WHERE id=5383258
	-> Rows fetched before execution  (cost=0..0 rows=1)


table 6 : explain SELECT c FROM sbtest6 WHERE id=4983020
	-> Rows fetched before execution  (cost=0..0 rows=1)


table 7 : explain SELECT c FROM sbtest7 WHERE id=2464349
	-> Rows fetched before execution  (cost=0..0 rows=1)


table 8 : explain SELECT c FROM sbtest8 WHERE id=4708879
	-> Rows fetched before execution  (cost=0..0 rows=1)



for point_selects
table 1 : explain SELECT c FROM sbtest1 WHERE id=7146378
	-> Rows fetched before execution  (cost=0..0 rows=1)


table 2 : explain SELECT c FROM sbtest2 WHERE id=1816662
	-> Rows fetched before execution  (cost=0..0 rows=1)


table 3 : explain SELECT c FROM sbtest3 WHERE id=8754519
	-> Rows fetched before execution  (cost=0..0 rows=1)


table 4 : explain SELECT c FROM sbtest4 WHERE id=6017654
	-> Rows fetched before execution  (cost=0..0 rows=1)


table 5 : explain SELECT c FROM sbtest5 WHERE id=6024609
	-> Rows fetched before execution  (cost=0..0 rows=1)


table 6 : explain SELECT c FROM sbtest6 WHERE id=6712518
	-> Rows fetched before execution  (cost=0..0 rows=1)


table 7 : explain SELECT c FROM sbtest7 WHERE id=2464866
	-> Rows fetched before execution  (cost=0..0 rows=1)


table 8 : explain SELECT c FROM sbtest8 WHERE id=951473
	-> Rows fetched before execution  (cost=0..0 rows=1)


for: simple_ranges
table 1 : explain SELECT c FROM sbtest1 WHERE id BETWEEN 5521515 AND 5522514
	-> Filter: (sbtest1.id between 5521515 and 5522514)  (cost=371 rows=1838)
    -> Index range scan on sbtest1 using PRIMARY over (5521515 <= id <= 5522514)  (cost=371 rows=1838)


table 2 : explain SELECT c FROM sbtest2 WHERE id BETWEEN 7419603 AND 7420602
	-> Filter: (sbtest2.id between 7419603 and 7420602)  (cost=371 rows=1838)
    -> Index range scan on sbtest2 using PRIMARY over (7419603 <= id <= 7420602)  (cost=371 rows=1838)


table 3 : explain SELECT c FROM sbtest3 WHERE id BETWEEN 1077948 AND 1078947
	-> Filter: (sbtest3.id between 1077948 and 1078947)  (cost=371 rows=1838)
    -> Index range scan on sbtest3 using PRIMARY over (1077948 <= id <= 1078947)  (cost=371 rows=1838)


table 4 : explain SELECT c FROM sbtest4 WHERE id BETWEEN 895868 AND 896867
	-> Filter: (sbtest4.id between 895868 and 896867)  (cost=371 rows=1838)
    -> Index range scan on sbtest4 using PRIMARY over (895868 <= id <= 896867)  (cost=371 rows=1838)


table 5 : explain SELECT c FROM sbtest5 WHERE id BETWEEN 7487964 AND 7488963
	-> Filter: (sbtest5.id between 7487964 and 7488963)  (cost=371 rows=1838)
    -> Index range scan on sbtest5 using PRIMARY over (7487964 <= id <= 7488963)  (cost=371 rows=1838)


table 6 : explain SELECT c FROM sbtest6 WHERE id BETWEEN 3482145 AND 3483144
	-> Filter: (sbtest6.id between 3482145 and 3483144)  (cost=378 rows=1872)
    -> Index range scan on sbtest6 using PRIMARY over (3482145 <= id <= 3483144)  (cost=378 rows=1872)


table 7 : explain SELECT c FROM sbtest7 WHERE id BETWEEN 8506460 AND 8507459
	-> Filter: (sbtest7.id between 8506460 and 8507459)  (cost=371 rows=1838)
    -> Index range scan on sbtest7 using PRIMARY over (8506460 <= id <= 8507459)  (cost=371 rows=1838)


table 8 : explain SELECT c FROM sbtest8 WHERE id BETWEEN 347028 AND 348027
	-> Filter: (sbtest8.id between 347028 and 348027)  (cost=378 rows=1872)
    -> Index range scan on sbtest8 using PRIMARY over (347028 <= id <= 348027)  (cost=378 rows=1872)


for point_selects
table 1 : explain SELECT c FROM sbtest1 WHERE id=5991278
	-> Rows fetched before execution  (cost=0..0 rows=1)


table 2 : explain SELECT c FROM sbtest2 WHERE id=6252802
	-> Rows fetched before execution  (cost=0..0 rows=1)


table 3 : explain SELECT c FROM sbtest3 WHERE id=7947828
	-> Rows fetched before execution  (cost=0..0 rows=1)


table 4 : explain SELECT c FROM sbtest4 WHERE id=3858063
	-> Rows fetched before execution  (cost=0..0 rows=1)


table 5 : explain SELECT c FROM sbtest5 WHERE id=2082030
	-> Rows fetched before execution  (cost=0..0 rows=1)


table 6 : explain SELECT c FROM sbtest6 WHERE id=6791757
	-> Rows fetched before execution  (cost=0..0 rows=1)


table 7 : explain SELECT c FROM sbtest7 WHERE id=4872753
	-> Rows fetched before execution  (cost=0..0 rows=1)


table 8 : explain SELECT c FROM sbtest8 WHERE id=8852136
	-> Rows fetched before execution  (cost=0..0 rows=1)


for point_selects
table 1 : explain SELECT c FROM sbtest1 WHERE id=5364005
	-> Rows fetched before execution  (cost=0..0 rows=1)


table 2 : explain SELECT c FROM sbtest2 WHERE id=2437225
	-> Rows fetched before execution  (cost=0..0 rows=1)


table 3 : explain SELECT c FROM sbtest3 WHERE id=2348965
	-> Rows fetched before execution  (cost=0..0 rows=1)


table 4 : explain SELECT c FROM sbtest4 WHERE id=4026282
	-> Rows fetched before execution  (cost=0..0 rows=1)


table 5 : explain SELECT c FROM sbtest5 WHERE id=3315272
	-> Rows fetched before execution  (cost=0..0 rows=1)


table 6 : explain SELECT c FROM sbtest6 WHERE id=918227
	-> Rows fetched before execution  (cost=0..0 rows=1)


table 7 : explain SELECT c FROM sbtest7 WHERE id=8819480
	-> Rows fetched before execution  (cost=0..0 rows=1)


table 8 : explain SELECT c FROM sbtest8 WHERE id=1951041
	-> Rows fetched before execution  (cost=0..0 rows=1)


for: simple_ranges
table 1 : explain SELECT c FROM sbtest1 WHERE id BETWEEN 7484543 AND 7485542
	-> Filter: (sbtest1.id between 7484543 and 7485542)  (cost=371 rows=1838)
    -> Index range scan on sbtest1 using PRIMARY over (7484543 <= id <= 7485542)  (cost=371 rows=1838)


table 2 : explain SELECT c FROM sbtest2 WHERE id BETWEEN 1681903 AND 1682902
	-> Filter: (sbtest2.id between 1681903 and 1682902)  (cost=378 rows=1872)
    -> Index range scan on sbtest2 using PRIMARY over (1681903 <= id <= 1682902)  (cost=378 rows=1872)


table 3 : explain SELECT c FROM sbtest3 WHERE id BETWEEN 1143635 AND 1144634
	-> Filter: (sbtest3.id between 1143635 and 1144634)  (cost=371 rows=1838)
    -> Index range scan on sbtest3 using PRIMARY over (1143635 <= id <= 1144634)  (cost=371 rows=1838)


table 4 : explain SELECT c FROM sbtest4 WHERE id BETWEEN 705735 AND 706734
	-> Filter: (sbtest4.id between 705735 and 706734)  (cost=378 rows=1872)
    -> Index range scan on sbtest4 using PRIMARY over (705735 <= id <= 706734)  (cost=378 rows=1872)


table 5 : explain SELECT c FROM sbtest5 WHERE id BETWEEN 7182678 AND 7183677
	-> Filter: (sbtest5.id between 7182678 and 7183677)  (cost=371 rows=1838)
    -> Index range scan on sbtest5 using PRIMARY over (7182678 <= id <= 7183677)  (cost=371 rows=1838)


table 6 : explain SELECT c FROM sbtest6 WHERE id BETWEEN 5400654 AND 5401653
	-> Filter: (sbtest6.id between 5400654 and 5401653)  (cost=378 rows=1872)
    -> Index range scan on sbtest6 using PRIMARY over (5400654 <= id <= 5401653)  (cost=378 rows=1872)


table 7 : explain SELECT c FROM sbtest7 WHERE id BETWEEN 7576201 AND 7577200
	-> Filter: (sbtest7.id between 7576201 and 7577200)  (cost=378 rows=1872)
    -> Index range scan on sbtest7 using PRIMARY over (7576201 <= id <= 7577200)  (cost=378 rows=1872)


table 8 : explain SELECT c FROM sbtest8 WHERE id BETWEEN 7715077 AND 7716076
	-> Filter: (sbtest8.id between 7715077 and 7716076)  (cost=371 rows=1838)
    -> Index range scan on sbtest8 using PRIMARY over (7715077 <= id <= 7716076)  (cost=371 rows=1838)


for point_selects
table 1 : explain SELECT c FROM sbtest1 WHERE id=6020571
	-> Rows fetched before execution  (cost=0..0 rows=1)


table 2 : explain SELECT c FROM sbtest2 WHERE id=59248
	-> Rows fetched before execution  (cost=0..0 rows=1)


table 3 : explain SELECT c FROM sbtest3 WHERE id=2170253
	-> Rows fetched before execution  (cost=0..0 rows=1)


table 4 : explain SELECT c FROM sbtest4 WHERE id=4497807
	-> Rows fetched before execution  (cost=0..0 rows=1)


table 5 : explain SELECT c FROM sbtest5 WHERE id=7429500
	-> Rows fetched before execution  (cost=0..0 rows=1)


table 6 : explain SELECT c FROM sbtest6 WHERE id=6613725
	-> Rows fetched before execution  (cost=0..0 rows=1)


table 7 : explain SELECT c FROM sbtest7 WHERE id=4558531
	-> Rows fetched before execution  (cost=0..0 rows=1)


table 8 : explain SELECT c FROM sbtest8 WHERE id=7705300
	-> Rows fetched before execution  (cost=0..0 rows=1)


for point_selects
table 1 : explain SELECT c FROM sbtest1 WHERE id=5998919
	-> Rows fetched before execution  (cost=0..0 rows=1)


table 2 : explain SELECT c FROM sbtest2 WHERE id=6321767
	-> Rows fetched before execution  (cost=0..0 rows=1)


table 3 : explain SELECT c FROM sbtest3 WHERE id=8899575
	-> Rows fetched before execution  (cost=0..0 rows=1)


table 4 : explain SELECT c FROM sbtest4 WHERE id=9808999
	-> Rows fetched before execution  (cost=0..0 rows=1)


table 5 : explain SELECT c FROM sbtest5 WHERE id=9477653
	-> Rows fetched before execution  (cost=0..0 rows=1)


table 6 : explain SELECT c FROM sbtest6 WHERE id=2648146
	-> Rows fetched before execution  (cost=0..0 rows=1)


table 7 : explain SELECT c FROM sbtest7 WHERE id=2280229
	-> Rows fetched before execution  (cost=0..0 rows=1)


table 8 : explain SELECT c FROM sbtest8 WHERE id=7411189
	-> Rows fetched before execution  (cost=0..0 rows=1)


for: simple_ranges
table 1 : explain SELECT c FROM sbtest1 WHERE id BETWEEN 2916610 AND 2917609
	-> Filter: (sbtest1.id between 2916610 and 2917609)  (cost=378 rows=1872)
    -> Index range scan on sbtest1 using PRIMARY over (2916610 <= id <= 2917609)  (cost=378 rows=1872)


table 2 : explain SELECT c FROM sbtest2 WHERE id BETWEEN 9432742 AND 9433741
	-> Filter: (sbtest2.id between 9432742 and 9433741)  (cost=378 rows=1872)
    -> Index range scan on sbtest2 using PRIMARY over (9432742 <= id <= 9433741)  (cost=378 rows=1872)


table 3 : explain SELECT c FROM sbtest3 WHERE id BETWEEN 2423097 AND 2424096
	-> Filter: (sbtest3.id between 2423097 and 2424096)  (cost=371 rows=1838)
    -> Index range scan on sbtest3 using PRIMARY over (2423097 <= id <= 2424096)  (cost=371 rows=1838)


table 4 : explain SELECT c FROM sbtest4 WHERE id BETWEEN 5135468 AND 5136467
	-> Filter: (sbtest4.id between 5135468 and 5136467)  (cost=371 rows=1838)
    -> Index range scan on sbtest4 using PRIMARY over (5135468 <= id <= 5136467)  (cost=371 rows=1838)


table 5 : explain SELECT c FROM sbtest5 WHERE id BETWEEN 1139234 AND 1140233
	-> Filter: (sbtest5.id between 1139234 and 1140233)  (cost=371 rows=1838)
    -> Index range scan on sbtest5 using PRIMARY over (1139234 <= id <= 1140233)  (cost=371 rows=1838)


table 6 : explain SELECT c FROM sbtest6 WHERE id BETWEEN 8713741 AND 8714740
	-> Filter: (sbtest6.id between 8713741 and 8714740)  (cost=371 rows=1838)
    -> Index range scan on sbtest6 using PRIMARY over (8713741 <= id <= 8714740)  (cost=371 rows=1838)


table 7 : explain SELECT c FROM sbtest7 WHERE id BETWEEN 4707418 AND 4708417
	-> Filter: (sbtest7.id between 4707418 and 4708417)  (cost=371 rows=1838)
    -> Index range scan on sbtest7 using PRIMARY over (4707418 <= id <= 4708417)  (cost=371 rows=1838)


table 8 : explain SELECT c FROM sbtest8 WHERE id BETWEEN 446087 AND 447086
	-> Filter: (sbtest8.id between 446087 and 447086)  (cost=378 rows=1872)
    -> Index range scan on sbtest8 using PRIMARY over (446087 <= id <= 447086)  (cost=378 rows=1872)

for: simple_ranges
table 1 : explain SELECT c FROM sbtest1 WHERE id BETWEEN 5676842 AND 5677841
	-> Filter: (sbtest1.id between 5676842 and 5677841)  (cost=371 rows=1838)
    -> Index range scan on sbtest1 using PRIMARY over (5676842 <= id <= 5677841)  (cost=371 rows=1838)


table 2 : explain SELECT c FROM sbtest2 WHERE id BETWEEN 1374729 AND 1375728
	-> Filter: (sbtest2.id between 1374729 and 1375728)  (cost=371 rows=1838)
    -> Index range scan on sbtest2 using PRIMARY over (1374729 <= id <= 1375728)  (cost=371 rows=1838)


table 3 : explain SELECT c FROM sbtest3 WHERE id BETWEEN 9537629 AND 9538628
	-> Filter: (sbtest3.id between 9537629 and 9538628)  (cost=371 rows=1838)
    -> Index range scan on sbtest3 using PRIMARY over (9537629 <= id <= 9538628)  (cost=371 rows=1838)


table 4 : explain SELECT c FROM sbtest4 WHERE id BETWEEN 8905346 AND 8906345
	-> Filter: (sbtest4.id between 8905346 and 8906345)  (cost=371 rows=1838)
    -> Index range scan on sbtest4 using PRIMARY over (8905346 <= id <= 8906345)  (cost=371 rows=1838)


table 5 : explain SELECT c FROM sbtest5 WHERE id BETWEEN 2671400 AND 2672399
	-> Filter: (sbtest5.id between 2671400 and 2672399)  (cost=378 rows=1872)
    -> Index range scan on sbtest5 using PRIMARY over (2671400 <= id <= 2672399)  (cost=378 rows=1872)


table 6 : explain SELECT c FROM sbtest6 WHERE id BETWEEN 5086182 AND 5087181
	-> Filter: (sbtest6.id between 5086182 and 5087181)  (cost=378 rows=1872)
    -> Index range scan on sbtest6 using PRIMARY over (5086182 <= id <= 5087181)  (cost=378 rows=1872)


table 7 : explain SELECT c FROM sbtest7 WHERE id BETWEEN 8829896 AND 8830895
	-> Filter: (sbtest7.id between 8829896 and 8830895)  (cost=371 rows=1838)
    -> Index range scan on sbtest7 using PRIMARY over (8829896 <= id <= 8830895)  (cost=371 rows=1838)


table 8 : explain SELECT c FROM sbtest8 WHERE id BETWEEN 8184953 AND 8185952
	-> Filter: (sbtest8.id between 8184953 and 8185952)  (cost=378 rows=1872)
    -> Index range scan on sbtest8 using PRIMARY over (8184953 <= id <= 8185952)  (cost=378 rows=1872)

for point_selects
table 1 : explain SELECT c FROM sbtest1 WHERE id=8729464
	-> Rows fetched before execution  (cost=0..0 rows=1)


table 2 : explain SELECT c FROM sbtest2 WHERE id=7536323
	-> Rows fetched before execution  (cost=0..0 rows=1)


table 3 : explain SELECT c FROM sbtest3 WHERE id=9437185
	-> Rows fetched before execution  (cost=0..0 rows=1)


table 4 : explain SELECT c FROM sbtest4 WHERE id=3738657
	-> Rows fetched before execution  (cost=0..0 rows=1)


table 5 : explain SELECT c FROM sbtest5 WHERE id=5666583
	-> Rows fetched before execution  (cost=0..0 rows=1)


table 6 : explain SELECT c FROM sbtest6 WHERE id=8091536
	-> Rows fetched before execution  (cost=0..0 rows=1)


table 7 : explain SELECT c FROM sbtest7 WHERE id=8162994
	-> Rows fetched before execution  (cost=0..0 rows=1)


table 8 : explain SELECT c FROM sbtest8 WHERE id=6995145
	-> Rows fetched before execution  (cost=0..0 rows=1)


for point_selects
table 1 : explain SELECT c FROM sbtest1 WHERE id=3027586
	-> Rows fetched before execution  (cost=0..0 rows=1)


table 2 : explain SELECT c FROM sbtest2 WHERE id=2529198
	-> Rows fetched before execution  (cost=0..0 rows=1)


table 3 : explain SELECT c FROM sbtest3 WHERE id=1519350
	-> Rows fetched before execution  (cost=0..0 rows=1)


table 4 : explain SELECT c FROM sbtest4 WHERE id=4030938
	-> Rows fetched before execution  (cost=0..0 rows=1)


table 5 : explain SELECT c FROM sbtest5 WHERE id=457547
	-> Rows fetched before execution  (cost=0..0 rows=1)


table 6 : explain SELECT c FROM sbtest6 WHERE id=311987
	-> Rows fetched before execution  (cost=0..0 rows=1)


table 7 : explain SELECT c FROM sbtest7 WHERE id=156693
	-> Rows fetched before execution  (cost=0..0 rows=1)


table 8 : explain SELECT c FROM sbtest8 WHERE id=7744223
	-> Rows fetched before execution  (cost=0..0 rows=1)


for: simple_ranges
table 1 : explain SELECT c FROM sbtest1 WHERE id BETWEEN 5181485 AND 5182484
	-> Filter: (sbtest1.id between 5181485 and 5182484)  (cost=371 rows=1838)
    -> Index range scan on sbtest1 using PRIMARY over (5181485 <= id <= 5182484)  (cost=371 rows=1838)


table 2 : explain SELECT c FROM sbtest2 WHERE id BETWEEN 6666940 AND 6667939
	-> Filter: (sbtest2.id between 6666940 and 6667939)  (cost=371 rows=1838)
    -> Index range scan on sbtest2 using PRIMARY over (6666940 <= id <= 6667939)  (cost=371 rows=1838)


table 3 : explain SELECT c FROM sbtest3 WHERE id BETWEEN 3899538 AND 3900537
	-> Filter: (sbtest3.id between 3899538 and 3900537)  (cost=371 rows=1838)
    -> Index range scan on sbtest3 using PRIMARY over (3899538 <= id <= 3900537)  (cost=371 rows=1838)


table 4 : explain SELECT c FROM sbtest4 WHERE id BETWEEN 4338934 AND 4339933
	-> Filter: (sbtest4.id between 4338934 and 4339933)  (cost=371 rows=1838)
    -> Index range scan on sbtest4 using PRIMARY over (4338934 <= id <= 4339933)  (cost=371 rows=1838)


table 5 : explain SELECT c FROM sbtest5 WHERE id BETWEEN 9759146 AND 9760145
	-> Filter: (sbtest5.id between 9759146 and 9760145)  (cost=371 rows=1838)
    -> Index range scan on sbtest5 using PRIMARY over (9759146 <= id <= 9760145)  (cost=371 rows=1838)


table 6 : explain SELECT c FROM sbtest6 WHERE id BETWEEN 4733540 AND 4734539
	-> Filter: (sbtest6.id between 4733540 and 4734539)  (cost=371 rows=1838)
    -> Index range scan on sbtest6 using PRIMARY over (4733540 <= id <= 4734539)  (cost=371 rows=1838)


table 7 : explain SELECT c FROM sbtest7 WHERE id BETWEEN 7425291 AND 7426290
	-> Filter: (sbtest7.id between 7425291 and 7426290)  (cost=371 rows=1838)
    -> Index range scan on sbtest7 using PRIMARY over (7425291 <= id <= 7426290)  (cost=371 rows=1838)


table 8 : explain SELECT c FROM sbtest8 WHERE id BETWEEN 2830709 AND 2831708
	-> Filter: (sbtest8.id between 2830709 and 2831708)  (cost=371 rows=1838)
    -> Index range scan on sbtest8 using PRIMARY over (2830709 <= id <= 2831708)  (cost=371 rows=1838)


for point_selects
table 1 : explain SELECT c FROM sbtest1 WHERE id=5213448
	-> Rows fetched before execution  (cost=0..0 rows=1)


table 2 : explain SELECT c FROM sbtest2 WHERE id=7372545
	-> Rows fetched before execution  (cost=0..0 rows=1)


table 3 : explain SELECT c FROM sbtest3 WHERE id=9489349
	-> Rows fetched before execution  (cost=0..0 rows=1)


table 4 : explain SELECT c FROM sbtest4 WHERE id=9961340
	-> Rows fetched before execution  (cost=0..0 rows=1)


table 5 : explain SELECT c FROM sbtest5 WHERE id=1415446
	-> Rows fetched before execution  (cost=0..0 rows=1)


table 6 : explain SELECT c FROM sbtest6 WHERE id=7604464
	-> Rows fetched before execution  (cost=0..0 rows=1)


table 7 : explain SELECT c FROM sbtest7 WHERE id=3323801
	-> Rows fetched before execution  (cost=0..0 rows=1)


table 8 : explain SELECT c FROM sbtest8 WHERE id=3070691
	-> Rows fetched before execution  (cost=0..0 rows=1)




for point_selects
table 1 : explain SELECT c FROM sbtest1 WHERE id=5501612
	-> Rows fetched before execution  (cost=0..0 rows=1)


table 2 : explain SELECT c FROM sbtest2 WHERE id=2411840
	-> Rows fetched before execution  (cost=0..0 rows=1)


table 3 : explain SELECT c FROM sbtest3 WHERE id=943729
	-> Rows fetched before execution  (cost=0..0 rows=1)


table 4 : explain SELECT c FROM sbtest4 WHERE id=8852263
	-> Rows fetched before execution  (cost=0..0 rows=1)


table 5 : explain SELECT c FROM sbtest5 WHERE id=1677692
	-> Rows fetched before execution  (cost=0..0 rows=1)


table 6 : explain SELECT c FROM sbtest6 WHERE id=301439
	-> Rows fetched before execution  (cost=0..0 rows=1)


table 7 : explain SELECT c FROM sbtest7 WHERE id=6516336
	-> Rows fetched before execution  (cost=0..0 rows=1)


table 8 : explain SELECT c FROM sbtest8 WHERE id=7218653
	-> Rows fetched before execution  (cost=0..0 rows=1)


for: simple_ranges
table 1 : explain SELECT c FROM sbtest1 WHERE id BETWEEN 9231250 AND 9232249
	-> Filter: (sbtest1.id between 9231250 and 9232249)  (cost=371 rows=1838)
    -> Index range scan on sbtest1 using PRIMARY over (9231250 <= id <= 9232249)  (cost=371 rows=1838)


table 2 : explain SELECT c FROM sbtest2 WHERE id BETWEEN 7727332 AND 7728331
	-> Filter: (sbtest2.id between 7727332 and 7728331)  (cost=371 rows=1838)
    -> Index range scan on sbtest2 using PRIMARY over (7727332 <= id <= 7728331)  (cost=371 rows=1838)


table 3 : explain SELECT c FROM sbtest3 WHERE id BETWEEN 3320990 AND 3321989
	-> Filter: (sbtest3.id between 3320990 and 3321989)  (cost=371 rows=1838)
    -> Index range scan on sbtest3 using PRIMARY over (3320990 <= id <= 3321989)  (cost=371 rows=1838)


table 4 : explain SELECT c FROM sbtest4 WHERE id BETWEEN 4090829 AND 4091828
	-> Filter: (sbtest4.id between 4090829 and 4091828)  (cost=378 rows=1872)
    -> Index range scan on sbtest4 using PRIMARY over (4090829 <= id <= 4091828)  (cost=378 rows=1872)


table 5 : explain SELECT c FROM sbtest5 WHERE id BETWEEN 6320950 AND 6321949
	-> Filter: (sbtest5.id between 6320950 and 6321949)  (cost=371 rows=1838)
    -> Index range scan on sbtest5 using PRIMARY over (6320950 <= id <= 6321949)  (cost=371 rows=1838)


table 6 : explain SELECT c FROM sbtest6 WHERE id BETWEEN 1563407 AND 1564406
	-> Filter: (sbtest6.id between 1563407 and 1564406)  (cost=378 rows=1872)
    -> Index range scan on sbtest6 using PRIMARY over (1563407 <= id <= 1564406)  (cost=378 rows=1872)


table 7 : explain SELECT c FROM sbtest7 WHERE id BETWEEN 8903631 AND 8904630
	-> Filter: (sbtest7.id between 8903631 and 8904630)  (cost=378 rows=1872)
    -> Index range scan on sbtest7 using PRIMARY over (8903631 <= id <= 8904630)  (cost=378 rows=1872)


table 8 : explain SELECT c FROM sbtest8 WHERE id BETWEEN 302506 AND 303505
	-> Filter: (sbtest8.id between 302506 and 303505)  (cost=371 rows=1838)
    -> Index range scan on sbtest8 using PRIMARY over (302506 <= id <= 303505)  (cost=371 rows=1838)


for point_selects
table 1 : explain SELECT c FROM sbtest1 WHERE id=5334237
	-> Rows fetched before execution  (cost=0..0 rows=1)


table 2 : explain SELECT c FROM sbtest2 WHERE id=691768
	-> Rows fetched before execution  (cost=0..0 rows=1)


table 3 : explain SELECT c FROM sbtest3 WHERE id=6215632
	-> Rows fetched before execution  (cost=0..0 rows=1)


table 4 : explain SELECT c FROM sbtest4 WHERE id=9583763
	-> Rows fetched before execution  (cost=0..0 rows=1)


table 5 : explain SELECT c FROM sbtest5 WHERE id=5751673
	-> Rows fetched before execution  (cost=0..0 rows=1)


table 6 : explain SELECT c FROM sbtest6 WHERE id=2644084
	-> Rows fetched before execution  (cost=0..0 rows=1)


table 7 : explain SELECT c FROM sbtest7 WHERE id=3591000
	-> Rows fetched before execution  (cost=0..0 rows=1)


table 8 : explain SELECT c FROM sbtest8 WHERE id=9210595
	-> Rows fetched before execution  (cost=0..0 rows=1)


for point_selects
table 1 : explain SELECT c FROM sbtest1 WHERE id=2604650
	-> Rows fetched before execution  (cost=0..0 rows=1)


table 2 : explain SELECT c FROM sbtest2 WHERE id=4394692
	-> Rows fetched before execution  (cost=0..0 rows=1)


table 3 : explain SELECT c FROM sbtest3 WHERE id=9360525
	-> Rows fetched before execution  (cost=0..0 rows=1)


table 4 : explain SELECT c FROM sbtest4 WHERE id=1073
	-> Rows fetched before execution  (cost=0..0 rows=1)


table 5 : explain SELECT c FROM sbtest5 WHERE id=8758346
	-> Rows fetched before execution  (cost=0..0 rows=1)


table 6 : explain SELECT c FROM sbtest6 WHERE id=5906419
	-> Rows fetched before execution  (cost=0..0 rows=1)


table 7 : explain SELECT c FROM sbtest7 WHERE id=1799041
	-> Rows fetched before execution  (cost=0..0 rows=1)


table 8 : explain SELECT c FROM sbtest8 WHERE id=7082144
	-> Rows fetched before execution  (cost=0..0 rows=1)


for point_selects
table 1 : explain SELECT c FROM sbtest1 WHERE id=6590573
	-> Rows fetched before execution  (cost=0..0 rows=1)


table 2 : explain SELECT c FROM sbtest2 WHERE id=6798483
	-> Rows fetched before execution  (cost=0..0 rows=1)


table 3 : explain SELECT c FROM sbtest3 WHERE id=1079173
	-> Rows fetched before execution  (cost=0..0 rows=1)


table 4 : explain SELECT c FROM sbtest4 WHERE id=5826707
	-> Rows fetched before execution  (cost=0..0 rows=1)


table 5 : explain SELECT c FROM sbtest5 WHERE id=2751844
	-> Rows fetched before execution  (cost=0..0 rows=1)


table 6 : explain SELECT c FROM sbtest6 WHERE id=1123990
	-> Rows fetched before execution  (cost=0..0 rows=1)


table 7 : explain SELECT c FROM sbtest7 WHERE id=1234038
	-> Rows fetched before execution  (cost=0..0 rows=1)


table 8 : explain SELECT c FROM sbtest8 WHERE id=3205544
	-> Rows fetched before execution  (cost=0..0 rows=1)


for point_selects
table 1 : explain SELECT c FROM sbtest1 WHERE id=3617174
	-> Rows fetched before execution  (cost=0..0 rows=1)


table 2 : explain SELECT c FROM sbtest2 WHERE id=8249280
	-> Rows fetched before execution  (cost=0..0 rows=1)


table 3 : explain SELECT c FROM sbtest3 WHERE id=2334350
	-> Rows fetched before execution  (cost=0..0 rows=1)


table 4 : explain SELECT c FROM sbtest4 WHERE id=3385899
	-> Rows fetched before execution  (cost=0..0 rows=1)


table 5 : explain SELECT c FROM sbtest5 WHERE id=4290342
	-> Rows fetched before execution  (cost=0..0 rows=1)


table 6 : explain SELECT c FROM sbtest6 WHERE id=3940054
	-> Rows fetched before execution  (cost=0..0 rows=1)


table 7 : explain SELECT c FROM sbtest7 WHERE id=5651223
	-> Rows fetched before execution  (cost=0..0 rows=1)


table 8 : explain SELECT c FROM sbtest8 WHERE id=3678824
	-> Rows fetched before execution  (cost=0..0 rows=1)


for: simple_ranges
table 1 : explain SELECT c FROM sbtest1 WHERE id BETWEEN 129332 AND 130331
	-> Filter: (sbtest1.id between 129332 and 130331)  (cost=378 rows=1872)
    -> Index range scan on sbtest1 using PRIMARY over (129332 <= id <= 130331)  (cost=378 rows=1872)


table 2 : explain SELECT c FROM sbtest2 WHERE id BETWEEN 5427190 AND 5428189
	-> Filter: (sbtest2.id between 5427190 and 5428189)  (cost=371 rows=1838)
    -> Index range scan on sbtest2 using PRIMARY over (5427190 <= id <= 5428189)  (cost=371 rows=1838)


table 3 : explain SELECT c FROM sbtest3 WHERE id BETWEEN 4814050 AND 4815049
	-> Filter: (sbtest3.id between 4814050 and 4815049)  (cost=371 rows=1838)
    -> Index range scan on sbtest3 using PRIMARY over (4814050 <= id <= 4815049)  (cost=371 rows=1838)


table 4 : explain SELECT c FROM sbtest4 WHERE id BETWEEN 7725915 AND 7726914
	-> Filter: (sbtest4.id between 7725915 and 7726914)  (cost=371 rows=1838)
    -> Index range scan on sbtest4 using PRIMARY over (7725915 <= id <= 7726914)  (cost=371 rows=1838)


table 5 : explain SELECT c FROM sbtest5 WHERE id BETWEEN 4267541 AND 4268540
	-> Filter: (sbtest5.id between 4267541 and 4268540)  (cost=371 rows=1838)
    -> Index range scan on sbtest5 using PRIMARY over (4267541 <= id <= 4268540)  (cost=371 rows=1838)


table 6 : explain SELECT c FROM sbtest6 WHERE id BETWEEN 8763873 AND 8764872
	-> Filter: (sbtest6.id between 8763873 and 8764872)  (cost=371 rows=1838)
    -> Index range scan on sbtest6 using PRIMARY over (8763873 <= id <= 8764872)  (cost=371 rows=1838)


table 7 : explain SELECT c FROM sbtest7 WHERE id BETWEEN 321052 AND 322051
	-> Filter: (sbtest7.id between 321052 and 322051)  (cost=371 rows=1838)
    -> Index range scan on sbtest7 using PRIMARY over (321052 <= id <= 322051)  (cost=371 rows=1838)


table 8 : explain SELECT c FROM sbtest8 WHERE id BETWEEN 3967392 AND 3968391
	-> Filter: (sbtest8.id between 3967392 and 3968391)  (cost=371 rows=1838)
    -> Index range scan on sbtest8 using PRIMARY over (3967392 <= id <= 3968391)  (cost=371 rows=1838)


for: simple_ranges
table 1 : explain SELECT c FROM sbtest1 WHERE id BETWEEN 5301435 AND 5302434
	-> Filter: (sbtest1.id between 5301435 and 5302434)  (cost=371 rows=1838)
    -> Index range scan on sbtest1 using PRIMARY over (5301435 <= id <= 5302434)  (cost=371 rows=1838)


table 2 : explain SELECT c FROM sbtest2 WHERE id BETWEEN 6801292 AND 6802291
	-> Filter: (sbtest2.id between 6801292 and 6802291)  (cost=371 rows=1838)
    -> Index range scan on sbtest2 using PRIMARY over (6801292 <= id <= 6802291)  (cost=371 rows=1838)


table 3 : explain SELECT c FROM sbtest3 WHERE id BETWEEN 4862823 AND 4863822
	-> Filter: (sbtest3.id between 4862823 and 4863822)  (cost=371 rows=1838)
    -> Index range scan on sbtest3 using PRIMARY over (4862823 <= id <= 4863822)  (cost=371 rows=1838)


table 4 : explain SELECT c FROM sbtest4 WHERE id BETWEEN 8792823 AND 8793822
	-> Filter: (sbtest4.id between 8792823 and 8793822)  (cost=378 rows=1872)
    -> Index range scan on sbtest4 using PRIMARY over (8792823 <= id <= 8793822)  (cost=378 rows=1872)


table 5 : explain SELECT c FROM sbtest5 WHERE id BETWEEN 8661969 AND 8662968
	-> Filter: (sbtest5.id between 8661969 and 8662968)  (cost=371 rows=1838)
    -> Index range scan on sbtest5 using PRIMARY over (8661969 <= id <= 8662968)  (cost=371 rows=1838)


table 6 : explain SELECT c FROM sbtest6 WHERE id BETWEEN 7189763 AND 7190762
	-> Filter: (sbtest6.id between 7189763 and 7190762)  (cost=371 rows=1838)
    -> Index range scan on sbtest6 using PRIMARY over (7189763 <= id <= 7190762)  (cost=371 rows=1838)


table 7 : explain SELECT c FROM sbtest7 WHERE id BETWEEN 6086761 AND 6087760
	-> Filter: (sbtest7.id between 6086761 and 6087760)  (cost=371 rows=1838)
    -> Index range scan on sbtest7 using PRIMARY over (6086761 <= id <= 6087760)  (cost=371 rows=1838)


table 8 : explain SELECT c FROM sbtest8 WHERE id BETWEEN 8004635 AND 8005634
	-> Filter: (sbtest8.id between 8004635 and 8005634)  (cost=378 rows=1872)
    -> Index range scan on sbtest8 using PRIMARY over (8004635 <= id <= 8005634)  (cost=378 rows=1872)


for: simple_ranges
table 1 : explain SELECT c FROM sbtest1 WHERE id BETWEEN 7261428 AND 7262427
	-> Filter: (sbtest1.id between 7261428 and 7262427)  (cost=378 rows=1872)
    -> Index range scan on sbtest1 using PRIMARY over (7261428 <= id <= 7262427)  (cost=378 rows=1872)


table 2 : explain SELECT c FROM sbtest2 WHERE id BETWEEN 5637640 AND 5638639
	-> Filter: (sbtest2.id between 5637640 and 5638639)  (cost=371 rows=1838)
    -> Index range scan on sbtest2 using PRIMARY over (5637640 <= id <= 5638639)  (cost=371 rows=1838)


table 3 : explain SELECT c FROM sbtest3 WHERE id BETWEEN 3052105 AND 3053104
	-> Filter: (sbtest3.id between 3052105 and 3053104)  (cost=378 rows=1872)
    -> Index range scan on sbtest3 using PRIMARY over (3052105 <= id <= 3053104)  (cost=378 rows=1872)


table 4 : explain SELECT c FROM sbtest4 WHERE id BETWEEN 7522506 AND 7523505
	-> Filter: (sbtest4.id between 7522506 and 7523505)  (cost=371 rows=1838)
    -> Index range scan on sbtest4 using PRIMARY over (7522506 <= id <= 7523505)  (cost=371 rows=1838)


table 5 : explain SELECT c FROM sbtest5 WHERE id BETWEEN 1784985 AND 1785984
	-> Filter: (sbtest5.id between 1784985 and 1785984)  (cost=371 rows=1838)
    -> Index range scan on sbtest5 using PRIMARY over (1784985 <= id <= 1785984)  (cost=371 rows=1838)


table 6 : explain SELECT c FROM sbtest6 WHERE id BETWEEN 7981198 AND 7982197
	-> Filter: (sbtest6.id between 7981198 and 7982197)  (cost=371 rows=1838)
    -> Index range scan on sbtest6 using PRIMARY over (7981198 <= id <= 7982197)  (cost=371 rows=1838)


table 7 : explain SELECT c FROM sbtest7 WHERE id BETWEEN 7840449 AND 7841448
	-> Filter: (sbtest7.id between 7840449 and 7841448)  (cost=371 rows=1838)
    -> Index range scan on sbtest7 using PRIMARY over (7840449 <= id <= 7841448)  (cost=371 rows=1838)


table 8 : explain SELECT c FROM sbtest8 WHERE id BETWEEN 2248306 AND 2249305
	-> Filter: (sbtest8.id between 2248306 and 2249305)  (cost=378 rows=1872)
    -> Index range scan on sbtest8 using PRIMARY over (2248306 <= id <= 2249305)  (cost=378 rows=1872)


for: simple_ranges
table 1 : explain SELECT c FROM sbtest1 WHERE id BETWEEN 7134252 AND 7135251
	-> Filter: (sbtest1.id between 7134252 and 7135251)  (cost=371 rows=1838)
    -> Index range scan on sbtest1 using PRIMARY over (7134252 <= id <= 7135251)  (cost=371 rows=1838)


table 2 : explain SELECT c FROM sbtest2 WHERE id BETWEEN 848257 AND 849256
	-> Filter: (sbtest2.id between 848257 and 849256)  (cost=371 rows=1838)
    -> Index range scan on sbtest2 using PRIMARY over (848257 <= id <= 849256)  (cost=371 rows=1838)


table 3 : explain SELECT c FROM sbtest3 WHERE id BETWEEN 1947059 AND 1948058
	-> Filter: (sbtest3.id between 1947059 and 1948058)  (cost=371 rows=1838)
    -> Index range scan on sbtest3 using PRIMARY over (1947059 <= id <= 1948058)  (cost=371 rows=1838)


table 4 : explain SELECT c FROM sbtest4 WHERE id BETWEEN 5232070 AND 5233069
	-> Filter: (sbtest4.id between 5232070 and 5233069)  (cost=371 rows=1838)
    -> Index range scan on sbtest4 using PRIMARY over (5232070 <= id <= 5233069)  (cost=371 rows=1838)


table 5 : explain SELECT c FROM sbtest5 WHERE id BETWEEN 692610 AND 693609
	-> Filter: (sbtest5.id between 692610 and 693609)  (cost=378 rows=1872)
    -> Index range scan on sbtest5 using PRIMARY over (692610 <= id <= 693609)  (cost=378 rows=1872)


table 6 : explain SELECT c FROM sbtest6 WHERE id BETWEEN 5181536 AND 5182535
	-> Filter: (sbtest6.id between 5181536 and 5182535)  (cost=371 rows=1838)
    -> Index range scan on sbtest6 using PRIMARY over (5181536 <= id <= 5182535)  (cost=371 rows=1838)


table 7 : explain SELECT c FROM sbtest7 WHERE id BETWEEN 2988577 AND 2989576
	-> Filter: (sbtest7.id between 2988577 and 2989576)  (cost=371 rows=1838)
    -> Index range scan on sbtest7 using PRIMARY over (2988577 <= id <= 2989576)  (cost=371 rows=1838)


table 8 : explain SELECT c FROM sbtest8 WHERE id BETWEEN 2778237 AND 2779236
	-> Filter: (sbtest8.id between 2778237 and 2779236)  (cost=371 rows=1838)
    -> Index range scan on sbtest8 using PRIMARY over (2778237 <= id <= 2779236)  (cost=371 rows=1838)


for: simple_ranges
table 1 : explain SELECT c FROM sbtest1 WHERE id BETWEEN 1859001 AND 1860000
	-> Filter: (sbtest1.id between 1859001 and 1860000)  (cost=378 rows=1872)
    -> Index range scan on sbtest1 using PRIMARY over (1859001 <= id <= 1860000)  (cost=378 rows=1872)


table 2 : explain SELECT c FROM sbtest2 WHERE id BETWEEN 9062695 AND 9063694
	-> Filter: (sbtest2.id between 9062695 and 9063694)  (cost=371 rows=1840)
    -> Index range scan on sbtest2 using PRIMARY over (9062695 <= id <= 9063694)  (cost=371 rows=1840)


table 3 : explain SELECT c FROM sbtest3 WHERE id BETWEEN 5569576 AND 5570575
	-> Filter: (sbtest3.id between 5569576 and 5570575)  (cost=378 rows=1872)
    -> Index range scan on sbtest3 using PRIMARY over (5569576 <= id <= 5570575)  (cost=378 rows=1872)


table 4 : explain SELECT c FROM sbtest4 WHERE id BETWEEN 4683173 AND 4684172
	-> Filter: (sbtest4.id between 4683173 and 4684172)  (cost=371 rows=1838)
    -> Index range scan on sbtest4 using PRIMARY over (4683173 <= id <= 4684172)  (cost=371 rows=1838)


table 5 : explain SELECT c FROM sbtest5 WHERE id BETWEEN 5237340 AND 5238339
	-> Filter: (sbtest5.id between 5237340 and 5238339)  (cost=371 rows=1838)
    -> Index range scan on sbtest5 using PRIMARY over (5237340 <= id <= 5238339)  (cost=371 rows=1838)


table 6 : explain SELECT c FROM sbtest6 WHERE id BETWEEN 5166162 AND 5167161
	-> Filter: (sbtest6.id between 5166162 and 5167161)  (cost=371 rows=1838)
    -> Index range scan on sbtest6 using PRIMARY over (5166162 <= id <= 5167161)  (cost=371 rows=1838)


table 7 : explain SELECT c FROM sbtest7 WHERE id BETWEEN 4640731 AND 4641730
	-> Filter: (sbtest7.id between 4640731 and 4641730)  (cost=378 rows=1872)
    -> Index range scan on sbtest7 using PRIMARY over (4640731 <= id <= 4641730)  (cost=378 rows=1872)


table 8 : explain SELECT c FROM sbtest8 WHERE id BETWEEN 2410142 AND 2411141
	-> Filter: (sbtest8.id between 2410142 and 2411141)  (cost=378 rows=1872)
    -> Index range scan on sbtest8 using PRIMARY over (2410142 <= id <= 2411141)  (cost=378 rows=1872)


for: simple_ranges
table 1 : explain SELECT c FROM sbtest1 WHERE id BETWEEN 1446999 AND 1447998
	-> Filter: (sbtest1.id between 1446999 and 1447998)  (cost=371 rows=1838)
    -> Index range scan on sbtest1 using PRIMARY over (1446999 <= id <= 1447998)  (cost=371 rows=1838)


table 2 : explain SELECT c FROM sbtest2 WHERE id BETWEEN 7240035 AND 7241034
	-> Filter: (sbtest2.id between 7240035 and 7241034)  (cost=378 rows=1872)
    -> Index range scan on sbtest2 using PRIMARY over (7240035 <= id <= 7241034)  (cost=378 rows=1872)


table 3 : explain SELECT c FROM sbtest3 WHERE id BETWEEN 7742477 AND 7743476
	-> Filter: (sbtest3.id between 7742477 and 7743476)  (cost=371 rows=1838)
    -> Index range scan on sbtest3 using PRIMARY over (7742477 <= id <= 7743476)  (cost=371 rows=1838)


table 4 : explain SELECT c FROM sbtest4 WHERE id BETWEEN 9700691 AND 9701690
	-> Filter: (sbtest4.id between 9700691 and 9701690)  (cost=371 rows=1838)
    -> Index range scan on sbtest4 using PRIMARY over (9700691 <= id <= 9701690)  (cost=371 rows=1838)


table 5 : explain SELECT c FROM sbtest5 WHERE id BETWEEN 4614956 AND 4615955
	-> Filter: (sbtest5.id between 4614956 and 4615955)  (cost=378 rows=1872)
    -> Index range scan on sbtest5 using PRIMARY over (4614956 <= id <= 4615955)  (cost=378 rows=1872)


table 6 : explain SELECT c FROM sbtest6 WHERE id BETWEEN 4236710 AND 4237709
	-> Filter: (sbtest6.id between 4236710 and 4237709)  (cost=371 rows=1838)
    -> Index range scan on sbtest6 using PRIMARY over (4236710 <= id <= 4237709)  (cost=371 rows=1838)


table 7 : explain SELECT c FROM sbtest7 WHERE id BETWEEN 4375246 AND 4376245
	-> Filter: (sbtest7.id between 4375246 and 4376245)  (cost=371 rows=1838)
    -> Index range scan on sbtest7 using PRIMARY over (4375246 <= id <= 4376245)  (cost=371 rows=1838)


table 8 : explain SELECT c FROM sbtest8 WHERE id BETWEEN 8350559 AND 8351558
	-> Filter: (sbtest8.id between 8350559 and 8351558)  (cost=371 rows=1838)
    -> Index range scan on sbtest8 using PRIMARY over (8350559 <= id <= 8351558)  (cost=371 rows=1838)


for: sum_ranges
table 1 : explain SELECT SUM(k) FROM sbtest1 WHERE id BETWEEN 4851781 AND 4852780
	-> Aggregate: sum(sbtest1.k)  (cost=809 rows=1)
    -> Filter: (sbtest1.id between 4851781 and 4852780)  (cost=378 rows=1872)
        -> Index range scan on sbtest1 using PRIMARY over (4851781 <= id <= 4852780)  (cost=378 rows=1872)


table 2 : explain SELECT SUM(k) FROM sbtest2 WHERE id BETWEEN 9636922 AND 9637921
	-> Aggregate: sum(sbtest2.k)  (cost=809 rows=1)
    -> Filter: (sbtest2.id between 9636922 and 9637921)  (cost=378 rows=1872)
        -> Index range scan on sbtest2 using PRIMARY over (9636922 <= id <= 9637921)  (cost=378 rows=1872)


table 3 : explain SELECT SUM(k) FROM sbtest3 WHERE id BETWEEN 8496126 AND 8497125
	-> Aggregate: sum(sbtest3.k)  (cost=794 rows=1)
    -> Filter: (sbtest3.id between 8496126 and 8497125)  (cost=371 rows=1838)
        -> Index range scan on sbtest3 using PRIMARY over (8496126 <= id <= 8497125)  (cost=371 rows=1838)


table 4 : explain SELECT SUM(k) FROM sbtest4 WHERE id BETWEEN 6518691 AND 6519690
	-> Aggregate: sum(sbtest4.k)  (cost=794 rows=1)
    -> Filter: (sbtest4.id between 6518691 and 6519690)  (cost=371 rows=1838)
        -> Index range scan on sbtest4 using PRIMARY over (6518691 <= id <= 6519690)  (cost=371 rows=1838)


table 5 : explain SELECT SUM(k) FROM sbtest5 WHERE id BETWEEN 3350393 AND 3351392
	-> Aggregate: sum(sbtest5.k)  (cost=809 rows=1)
    -> Filter: (sbtest5.id between 3350393 and 3351392)  (cost=378 rows=1872)
        -> Index range scan on sbtest5 using PRIMARY over (3350393 <= id <= 3351392)  (cost=378 rows=1872)


table 6 : explain SELECT SUM(k) FROM sbtest6 WHERE id BETWEEN 7896784 AND 7897783
	-> Aggregate: sum(sbtest6.k)  (cost=794 rows=1)
    -> Filter: (sbtest6.id between 7896784 and 7897783)  (cost=371 rows=1838)
        -> Index range scan on sbtest6 using PRIMARY over (7896784 <= id <= 7897783)  (cost=371 rows=1838)


table 7 : explain SELECT SUM(k) FROM sbtest7 WHERE id BETWEEN 5503292 AND 5504291
	-> Aggregate: sum(sbtest7.k)  (cost=809 rows=1)
    -> Filter: (sbtest7.id between 5503292 and 5504291)  (cost=378 rows=1872)
        -> Index range scan on sbtest7 using PRIMARY over (5503292 <= id <= 5504291)  (cost=378 rows=1872)


table 8 : explain SELECT SUM(k) FROM sbtest8 WHERE id BETWEEN 7572840 AND 7573839
	-> Aggregate: sum(sbtest8.k)  (cost=809 rows=1)
    -> Filter: (sbtest8.id between 7572840 and 7573839)  (cost=378 rows=1872)
        -> Index range scan on sbtest8 using PRIMARY over (7572840 <= id <= 7573839)  (cost=378 rows=1872)


for: simple_ranges
table 1 : explain SELECT c FROM sbtest1 WHERE id BETWEEN 4951025 AND 4952024
	-> Filter: (sbtest1.id between 4951025 and 4952024)  (cost=371 rows=1838)
    -> Index range scan on sbtest1 using PRIMARY over (4951025 <= id <= 4952024)  (cost=371 rows=1838)


table 2 : explain SELECT c FROM sbtest2 WHERE id BETWEEN 7184352 AND 7185351
	-> Filter: (sbtest2.id between 7184352 and 7185351)  (cost=378 rows=1872)
    -> Index range scan on sbtest2 using PRIMARY over (7184352 <= id <= 7185351)  (cost=378 rows=1872)


table 3 : explain SELECT c FROM sbtest3 WHERE id BETWEEN 3060807 AND 3061806
	-> Filter: (sbtest3.id between 3060807 and 3061806)  (cost=371 rows=1838)
    -> Index range scan on sbtest3 using PRIMARY over (3060807 <= id <= 3061806)  (cost=371 rows=1838)


table 4 : explain SELECT c FROM sbtest4 WHERE id BETWEEN 6036149 AND 6037148
	-> Filter: (sbtest4.id between 6036149 and 6037148)  (cost=371 rows=1838)
    -> Index range scan on sbtest4 using PRIMARY over (6036149 <= id <= 6037148)  (cost=371 rows=1838)


table 5 : explain SELECT c FROM sbtest5 WHERE id BETWEEN 7562525 AND 7563524
	-> Filter: (sbtest5.id between 7562525 and 7563524)  (cost=371 rows=1838)
    -> Index range scan on sbtest5 using PRIMARY over (7562525 <= id <= 7563524)  (cost=371 rows=1838)


table 6 : explain SELECT c FROM sbtest6 WHERE id BETWEEN 313947 AND 314946
	-> Filter: (sbtest6.id between 313947 and 314946)  (cost=378 rows=1872)
    -> Index range scan on sbtest6 using PRIMARY over (313947 <= id <= 314946)  (cost=378 rows=1872)


table 7 : explain SELECT c FROM sbtest7 WHERE id BETWEEN 2253874 AND 2254873
	-> Filter: (sbtest7.id between 2253874 and 2254873)  (cost=371 rows=1838)
    -> Index range scan on sbtest7 using PRIMARY over (2253874 <= id <= 2254873)  (cost=371 rows=1838)


table 8 : explain SELECT c FROM sbtest8 WHERE id BETWEEN 5229683 AND 5230682
	-> Filter: (sbtest8.id between 5229683 and 5230682)  (cost=371 rows=1838)
    -> Index range scan on sbtest8 using PRIMARY over (5229683 <= id <= 5230682)  (cost=371 rows=1838)


for: simple_ranges
table 1 : explain SELECT c FROM sbtest1 WHERE id BETWEEN 7602552 AND 7603551
	-> Filter: (sbtest1.id between 7602552 and 7603551)  (cost=378 rows=1872)
    -> Index range scan on sbtest1 using PRIMARY over (7602552 <= id <= 7603551)  (cost=378 rows=1872)


table 2 : explain SELECT c FROM sbtest2 WHERE id BETWEEN 8091858 AND 8092857
	-> Filter: (sbtest2.id between 8091858 and 8092857)  (cost=371 rows=1838)
    -> Index range scan on sbtest2 using PRIMARY over (8091858 <= id <= 8092857)  (cost=371 rows=1838)


table 3 : explain SELECT c FROM sbtest3 WHERE id BETWEEN 6148148 AND 6149147
	-> Filter: (sbtest3.id between 6148148 and 6149147)  (cost=371 rows=1838)
    -> Index range scan on sbtest3 using PRIMARY over (6148148 <= id <= 6149147)  (cost=371 rows=1838)


table 4 : explain SELECT c FROM sbtest4 WHERE id BETWEEN 6703995 AND 6704994
	-> Filter: (sbtest4.id between 6703995 and 6704994)  (cost=378 rows=1872)
    -> Index range scan on sbtest4 using PRIMARY over (6703995 <= id <= 6704994)  (cost=378 rows=1872)


table 5 : explain SELECT c FROM sbtest5 WHERE id BETWEEN 664981 AND 665980
	-> Filter: (sbtest5.id between 664981 and 665980)  (cost=371 rows=1838)
    -> Index range scan on sbtest5 using PRIMARY over (664981 <= id <= 665980)  (cost=371 rows=1838)


table 6 : explain SELECT c FROM sbtest6 WHERE id BETWEEN 6187575 AND 6188574
	-> Filter: (sbtest6.id between 6187575 and 6188574)  (cost=371 rows=1838)
    -> Index range scan on sbtest6 using PRIMARY over (6187575 <= id <= 6188574)  (cost=371 rows=1838)


table 7 : explain SELECT c FROM sbtest7 WHERE id BETWEEN 6087903 AND 6088902
	-> Filter: (sbtest7.id between 6087903 and 6088902)  (cost=371 rows=1838)
    -> Index range scan on sbtest7 using PRIMARY over (6087903 <= id <= 6088902)  (cost=371 rows=1838)


table 8 : explain SELECT c FROM sbtest8 WHERE id BETWEEN 6937777 AND 6938776
	-> Filter: (sbtest8.id between 6937777 and 6938776)  (cost=371 rows=1838)
    -> Index range scan on sbtest8 using PRIMARY over (6937777 <= id <= 6938776)  (cost=371 rows=1838)

for: simple_ranges
table 1 : explain SELECT c FROM sbtest1 WHERE id BETWEEN 7331011 AND 7332010
	-> Filter: (sbtest1.id between 7331011 and 7332010)  (cost=378 rows=1872)
    -> Index range scan on sbtest1 using PRIMARY over (7331011 <= id <= 7332010)  (cost=378 rows=1872)


table 2 : explain SELECT c FROM sbtest2 WHERE id BETWEEN 6660401 AND 6661400
	-> Filter: (sbtest2.id between 6660401 and 6661400)  (cost=371 rows=1838)
    -> Index range scan on sbtest2 using PRIMARY over (6660401 <= id <= 6661400)  (cost=371 rows=1838)


table 3 : explain SELECT c FROM sbtest3 WHERE id BETWEEN 8418261 AND 8419260
	-> Filter: (sbtest3.id between 8418261 and 8419260)  (cost=378 rows=1872)
    -> Index range scan on sbtest3 using PRIMARY over (8418261 <= id <= 8419260)  (cost=378 rows=1872)


table 4 : explain SELECT c FROM sbtest4 WHERE id BETWEEN 9084612 AND 9085611
	-> Filter: (sbtest4.id between 9084612 and 9085611)  (cost=378 rows=1872)
    -> Index range scan on sbtest4 using PRIMARY over (9084612 <= id <= 9085611)  (cost=378 rows=1872)


table 5 : explain SELECT c FROM sbtest5 WHERE id BETWEEN 4355587 AND 4356586
	-> Filter: (sbtest5.id between 4355587 and 4356586)  (cost=378 rows=1872)
    -> Index range scan on sbtest5 using PRIMARY over (4355587 <= id <= 4356586)  (cost=378 rows=1872)


table 6 : explain SELECT c FROM sbtest6 WHERE id BETWEEN 6451240 AND 6452239
	-> Filter: (sbtest6.id between 6451240 and 6452239)  (cost=371 rows=1838)
    -> Index range scan on sbtest6 using PRIMARY over (6451240 <= id <= 6452239)  (cost=371 rows=1838)


table 7 : explain SELECT c FROM sbtest7 WHERE id BETWEEN 300778 AND 301777
	-> Filter: (sbtest7.id between 300778 and 301777)  (cost=371 rows=1838)
    -> Index range scan on sbtest7 using PRIMARY over (300778 <= id <= 301777)  (cost=371 rows=1838)


table 8 : explain SELECT c FROM sbtest8 WHERE id BETWEEN 6662681 AND 6663680
	-> Filter: (sbtest8.id between 6662681 and 6663680)  (cost=378 rows=1872)
    -> Index range scan on sbtest8 using PRIMARY over (6662681 <= id <= 6663680)  (cost=378 rows=1872)


for: sum_ranges
table 1 : explain SELECT SUM(k) FROM sbtest1 WHERE id BETWEEN 3562897 AND 3563896
	-> Aggregate: sum(sbtest1.k)  (cost=809 rows=1)
    -> Filter: (sbtest1.id between 3562897 and 3563896)  (cost=378 rows=1872)
        -> Index range scan on sbtest1 using PRIMARY over (3562897 <= id <= 3563896)  (cost=378 rows=1872)


table 2 : explain SELECT SUM(k) FROM sbtest2 WHERE id BETWEEN 9369670 AND 9370669
	-> Aggregate: sum(sbtest2.k)  (cost=809 rows=1)
    -> Filter: (sbtest2.id between 9369670 and 9370669)  (cost=378 rows=1872)
        -> Index range scan on sbtest2 using PRIMARY over (9369670 <= id <= 9370669)  (cost=378 rows=1872)


table 3 : explain SELECT SUM(k) FROM sbtest3 WHERE id BETWEEN 6955616 AND 6956615
	-> Aggregate: sum(sbtest3.k)  (cost=794 rows=1)
    -> Filter: (sbtest3.id between 6955616 and 6956615)  (cost=371 rows=1838)
        -> Index range scan on sbtest3 using PRIMARY over (6955616 <= id <= 6956615)  (cost=371 rows=1838)


table 4 : explain SELECT SUM(k) FROM sbtest4 WHERE id BETWEEN 4708684 AND 4709683
	-> Aggregate: sum(sbtest4.k)  (cost=809 rows=1)
    -> Filter: (sbtest4.id between 4708684 and 4709683)  (cost=378 rows=1872)
        -> Index range scan on sbtest4 using PRIMARY over (4708684 <= id <= 4709683)  (cost=378 rows=1872)


table 5 : explain SELECT SUM(k) FROM sbtest5 WHERE id BETWEEN 7432815 AND 7433814
	-> Aggregate: sum(sbtest5.k)  (cost=794 rows=1)
    -> Filter: (sbtest5.id between 7432815 and 7433814)  (cost=371 rows=1838)
        -> Index range scan on sbtest5 using PRIMARY over (7432815 <= id <= 7433814)  (cost=371 rows=1838)


table 6 : explain SELECT SUM(k) FROM sbtest6 WHERE id BETWEEN 9832150 AND 9833149
	-> Aggregate: sum(sbtest6.k)  (cost=794 rows=1)
    -> Filter: (sbtest6.id between 9832150 and 9833149)  (cost=371 rows=1838)
        -> Index range scan on sbtest6 using PRIMARY over (9832150 <= id <= 9833149)  (cost=371 rows=1838)


table 7 : explain SELECT SUM(k) FROM sbtest7 WHERE id BETWEEN 2535917 AND 2536916
	-> Aggregate: sum(sbtest7.k)  (cost=809 rows=1)
    -> Filter: (sbtest7.id between 2535917 and 2536916)  (cost=378 rows=1872)
        -> Index range scan on sbtest7 using PRIMARY over (2535917 <= id <= 2536916)  (cost=378 rows=1872)


table 8 : explain SELECT SUM(k) FROM sbtest8 WHERE id BETWEEN 6108657 AND 6109656
	-> Aggregate: sum(sbtest8.k)  (cost=794 rows=1)
    -> Filter: (sbtest8.id between 6108657 and 6109656)  (cost=371 rows=1838)
        -> Index range scan on sbtest8 using PRIMARY over (6108657 <= id <= 6109656)  (cost=371 rows=1838)


for: sum_ranges
table 1 : explain SELECT SUM(k) FROM sbtest1 WHERE id BETWEEN 6202962 AND 6203961
	-> Aggregate: sum(sbtest1.k)  (cost=794 rows=1)
    -> Filter: (sbtest1.id between 6202962 and 6203961)  (cost=371 rows=1838)
        -> Index range scan on sbtest1 using PRIMARY over (6202962 <= id <= 6203961)  (cost=371 rows=1838)


table 2 : explain SELECT SUM(k) FROM sbtest2 WHERE id BETWEEN 475302 AND 476301
	-> Aggregate: sum(sbtest2.k)  (cost=794 rows=1)
    -> Filter: (sbtest2.id between 475302 and 476301)  (cost=371 rows=1838)
        -> Index range scan on sbtest2 using PRIMARY over (475302 <= id <= 476301)  (cost=371 rows=1838)


table 3 : explain SELECT SUM(k) FROM sbtest3 WHERE id BETWEEN 9842830 AND 9843829
	-> Aggregate: sum(sbtest3.k)  (cost=794 rows=1)
    -> Filter: (sbtest3.id between 9842830 and 9843829)  (cost=371 rows=1838)
        -> Index range scan on sbtest3 using PRIMARY over (9842830 <= id <= 9843829)  (cost=371 rows=1838)


table 4 : explain SELECT SUM(k) FROM sbtest4 WHERE id BETWEEN 2722688 AND 2723687
	-> Aggregate: sum(sbtest4.k)  (cost=794 rows=1)
    -> Filter: (sbtest4.id between 2722688 and 2723687)  (cost=371 rows=1838)
        -> Index range scan on sbtest4 using PRIMARY over (2722688 <= id <= 2723687)  (cost=371 rows=1838)


table 5 : explain SELECT SUM(k) FROM sbtest5 WHERE id BETWEEN 2743662 AND 2744661
	-> Aggregate: sum(sbtest5.k)  (cost=794 rows=1)
    -> Filter: (sbtest5.id between 2743662 and 2744661)  (cost=371 rows=1838)
        -> Index range scan on sbtest5 using PRIMARY over (2743662 <= id <= 2744661)  (cost=371 rows=1838)


table 6 : explain SELECT SUM(k) FROM sbtest6 WHERE id BETWEEN 6071516 AND 6072515
	-> Aggregate: sum(sbtest6.k)  (cost=794 rows=1)
    -> Filter: (sbtest6.id between 6071516 and 6072515)  (cost=371 rows=1838)
        -> Index range scan on sbtest6 using PRIMARY over (6071516 <= id <= 6072515)  (cost=371 rows=1838)


table 7 : explain SELECT SUM(k) FROM sbtest7 WHERE id BETWEEN 3510877 AND 3511876
	-> Aggregate: sum(sbtest7.k)  (cost=794 rows=1)
    -> Filter: (sbtest7.id between 3510877 and 3511876)  (cost=371 rows=1838)
        -> Index range scan on sbtest7 using PRIMARY over (3510877 <= id <= 3511876)  (cost=371 rows=1838)


table 8 : explain SELECT SUM(k) FROM sbtest8 WHERE id BETWEEN 8027697 AND 8028696
	-> Aggregate: sum(sbtest8.k)  (cost=794 rows=1)
    -> Filter: (sbtest8.id between 8027697 and 8028696)  (cost=371 rows=1838)
        -> Index range scan on sbtest8 using PRIMARY over (8027697 <= id <= 8028696)  (cost=371 rows=1838)



for: simple_ranges
table 1 : explain SELECT c FROM sbtest1 WHERE id BETWEEN 6531187 AND 6532186
	-> Filter: (sbtest1.id between 6531187 and 6532186)  (cost=371 rows=1838)
    -> Index range scan on sbtest1 using PRIMARY over (6531187 <= id <= 6532186)  (cost=371 rows=1838)


table 2 : explain SELECT c FROM sbtest2 WHERE id BETWEEN 2754641 AND 2755640
	-> Filter: (sbtest2.id between 2754641 and 2755640)  (cost=378 rows=1872)
    -> Index range scan on sbtest2 using PRIMARY over (2754641 <= id <= 2755640)  (cost=378 rows=1872)


table 3 : explain SELECT c FROM sbtest3 WHERE id BETWEEN 9607970 AND 9608969
	-> Filter: (sbtest3.id between 9607970 and 9608969)  (cost=371 rows=1838)
    -> Index range scan on sbtest3 using PRIMARY over (9607970 <= id <= 9608969)  (cost=371 rows=1838)


table 4 : explain SELECT c FROM sbtest4 WHERE id BETWEEN 7070251 AND 7071250
	-> Filter: (sbtest4.id between 7070251 and 7071250)  (cost=378 rows=1872)
    -> Index range scan on sbtest4 using PRIMARY over (7070251 <= id <= 7071250)  (cost=378 rows=1872)


table 5 : explain SELECT c FROM sbtest5 WHERE id BETWEEN 2308163 AND 2309162
	-> Filter: (sbtest5.id between 2308163 and 2309162)  (cost=378 rows=1872)
    -> Index range scan on sbtest5 using PRIMARY over (2308163 <= id <= 2309162)  (cost=378 rows=1872)


table 6 : explain SELECT c FROM sbtest6 WHERE id BETWEEN 4988686 AND 4989685
	-> Filter: (sbtest6.id between 4988686 and 4989685)  (cost=371 rows=1838)
    -> Index range scan on sbtest6 using PRIMARY over (4988686 <= id <= 4989685)  (cost=371 rows=1838)


table 7 : explain SELECT c FROM sbtest7 WHERE id BETWEEN 7905258 AND 7906257
	-> Filter: (sbtest7.id between 7905258 and 7906257)  (cost=371 rows=1838)
    -> Index range scan on sbtest7 using PRIMARY over (7905258 <= id <= 7906257)  (cost=371 rows=1838)


table 8 : explain SELECT c FROM sbtest8 WHERE id BETWEEN 3517583 AND 3518582
	-> Filter: (sbtest8.id between 3517583 and 3518582)  (cost=371 rows=1838)
    -> Index range scan on sbtest8 using PRIMARY over (3517583 <= id <= 3518582)  (cost=371 rows=1838)


for: sum_ranges
table 1 : explain SELECT SUM(k) FROM sbtest1 WHERE id BETWEEN 9310215 AND 9311214
	-> Aggregate: sum(sbtest1.k)  (cost=794 rows=1)
    -> Filter: (sbtest1.id between 9310215 and 9311214)  (cost=371 rows=1838)
        -> Index range scan on sbtest1 using PRIMARY over (9310215 <= id <= 9311214)  (cost=371 rows=1838)


table 2 : explain SELECT SUM(k) FROM sbtest2 WHERE id BETWEEN 2011512 AND 2012511
	-> Aggregate: sum(sbtest2.k)  (cost=794 rows=1)
    -> Filter: (sbtest2.id between 2011512 and 2012511)  (cost=371 rows=1838)
        -> Index range scan on sbtest2 using PRIMARY over (2011512 <= id <= 2012511)  (cost=371 rows=1838)


table 3 : explain SELECT SUM(k) FROM sbtest3 WHERE id BETWEEN 2212703 AND 2213702
	-> Aggregate: sum(sbtest3.k)  (cost=794 rows=1)
    -> Filter: (sbtest3.id between 2212703 and 2213702)  (cost=371 rows=1838)
        -> Index range scan on sbtest3 using PRIMARY over (2212703 <= id <= 2213702)  (cost=371 rows=1838)


table 4 : explain SELECT SUM(k) FROM sbtest4 WHERE id BETWEEN 3249741 AND 3250740
	-> Aggregate: sum(sbtest4.k)  (cost=794 rows=1)
    -> Filter: (sbtest4.id between 3249741 and 3250740)  (cost=371 rows=1838)
        -> Index range scan on sbtest4 using PRIMARY over (3249741 <= id <= 3250740)  (cost=371 rows=1838)


table 5 : explain SELECT SUM(k) FROM sbtest5 WHERE id BETWEEN 732738 AND 733737
	-> Aggregate: sum(sbtest5.k)  (cost=795 rows=1)
    -> Filter: (sbtest5.id between 732738 and 733737)  (cost=371 rows=1840)
        -> Index range scan on sbtest5 using PRIMARY over (732738 <= id <= 733737)  (cost=371 rows=1840)


table 6 : explain SELECT SUM(k) FROM sbtest6 WHERE id BETWEEN 4016137 AND 4017136
	-> Aggregate: sum(sbtest6.k)  (cost=809 rows=1)
    -> Filter: (sbtest6.id between 4016137 and 4017136)  (cost=378 rows=1872)
        -> Index range scan on sbtest6 using PRIMARY over (4016137 <= id <= 4017136)  (cost=378 rows=1872)


table 7 : explain SELECT SUM(k) FROM sbtest7 WHERE id BETWEEN 2917989 AND 2918988
	-> Aggregate: sum(sbtest7.k)  (cost=794 rows=1)
    -> Filter: (sbtest7.id between 2917989 and 2918988)  (cost=371 rows=1838)
        -> Index range scan on sbtest7 using PRIMARY over (2917989 <= id <= 2918988)  (cost=371 rows=1838)


table 8 : explain SELECT SUM(k) FROM sbtest8 WHERE id BETWEEN 3903174 AND 3904173
	-> Aggregate: sum(sbtest8.k)  (cost=794 rows=1)
    -> Filter: (sbtest8.id between 3903174 and 3904173)  (cost=371 rows=1838)
        -> Index range scan on sbtest8 using PRIMARY over (3903174 <= id <= 3904173)  (cost=371 rows=1838)


for: sum_ranges
table 1 : explain SELECT SUM(k) FROM sbtest1 WHERE id BETWEEN 704114 AND 705113
	-> Aggregate: sum(sbtest1.k)  (cost=794 rows=1)
    -> Filter: (sbtest1.id between 704114 and 705113)  (cost=371 rows=1838)
        -> Index range scan on sbtest1 using PRIMARY over (704114 <= id <= 705113)  (cost=371 rows=1838)


table 2 : explain SELECT SUM(k) FROM sbtest2 WHERE id BETWEEN 5329738 AND 5330737
	-> Aggregate: sum(sbtest2.k)  (cost=794 rows=1)
    -> Filter: (sbtest2.id between 5329738 and 5330737)  (cost=371 rows=1838)
        -> Index range scan on sbtest2 using PRIMARY over (5329738 <= id <= 5330737)  (cost=371 rows=1838)


table 3 : explain SELECT SUM(k) FROM sbtest3 WHERE id BETWEEN 162898 AND 163897
	-> Aggregate: sum(sbtest3.k)  (cost=794 rows=1)
    -> Filter: (sbtest3.id between 162898 and 163897)  (cost=371 rows=1838)
        -> Index range scan on sbtest3 using PRIMARY over (162898 <= id <= 163897)  (cost=371 rows=1838)


table 4 : explain SELECT SUM(k) FROM sbtest4 WHERE id BETWEEN 2594779 AND 2595778
	-> Aggregate: sum(sbtest4.k)  (cost=794 rows=1)
    -> Filter: (sbtest4.id between 2594779 and 2595778)  (cost=371 rows=1838)
        -> Index range scan on sbtest4 using PRIMARY over (2594779 <= id <= 2595778)  (cost=371 rows=1838)


table 5 : explain SELECT SUM(k) FROM sbtest5 WHERE id BETWEEN 2512645 AND 2513644
	-> Aggregate: sum(sbtest5.k)  (cost=809 rows=1)
    -> Filter: (sbtest5.id between 2512645 and 2513644)  (cost=378 rows=1872)
        -> Index range scan on sbtest5 using PRIMARY over (2512645 <= id <= 2513644)  (cost=378 rows=1872)


table 6 : explain SELECT SUM(k) FROM sbtest6 WHERE id BETWEEN 4941256 AND 4942255
	-> Aggregate: sum(sbtest6.k)  (cost=794 rows=1)
    -> Filter: (sbtest6.id between 4941256 and 4942255)  (cost=371 rows=1838)
        -> Index range scan on sbtest6 using PRIMARY over (4941256 <= id <= 4942255)  (cost=371 rows=1838)


table 7 : explain SELECT SUM(k) FROM sbtest7 WHERE id BETWEEN 2143270 AND 2144269
	-> Aggregate: sum(sbtest7.k)  (cost=794 rows=1)
    -> Filter: (sbtest7.id between 2143270 and 2144269)  (cost=371 rows=1838)
        -> Index range scan on sbtest7 using PRIMARY over (2143270 <= id <= 2144269)  (cost=371 rows=1838)


table 8 : explain SELECT SUM(k) FROM sbtest8 WHERE id BETWEEN 8877328 AND 8878327
	-> Aggregate: sum(sbtest8.k)  (cost=794 rows=1)
    -> Filter: (sbtest8.id between 8877328 and 8878327)  (cost=371 rows=1838)
        -> Index range scan on sbtest8 using PRIMARY over (8877328 <= id <= 8878327)  (cost=371 rows=1838)


for: sum_ranges
table 1 : explain SELECT SUM(k) FROM sbtest1 WHERE id BETWEEN 3183535 AND 3184534
	-> Aggregate: sum(sbtest1.k)  (cost=794 rows=1)
    -> Filter: (sbtest1.id between 3183535 and 3184534)  (cost=371 rows=1838)
        -> Index range scan on sbtest1 using PRIMARY over (3183535 <= id <= 3184534)  (cost=371 rows=1838)


table 2 : explain SELECT SUM(k) FROM sbtest2 WHERE id BETWEEN 3784947 AND 3785946
	-> Aggregate: sum(sbtest2.k)  (cost=809 rows=1)
    -> Filter: (sbtest2.id between 3784947 and 3785946)  (cost=378 rows=1872)
        -> Index range scan on sbtest2 using PRIMARY over (3784947 <= id <= 3785946)  (cost=378 rows=1872)


table 3 : explain SELECT SUM(k) FROM sbtest3 WHERE id BETWEEN 5568279 AND 5569278
	-> Aggregate: sum(sbtest3.k)  (cost=809 rows=1)
    -> Filter: (sbtest3.id between 5568279 and 5569278)  (cost=378 rows=1872)
        -> Index range scan on sbtest3 using PRIMARY over (5568279 <= id <= 5569278)  (cost=378 rows=1872)


table 4 : explain SELECT SUM(k) FROM sbtest4 WHERE id BETWEEN 3869813 AND 3870812
	-> Aggregate: sum(sbtest4.k)  (cost=794 rows=1)
    -> Filter: (sbtest4.id between 3869813 and 3870812)  (cost=371 rows=1838)
        -> Index range scan on sbtest4 using PRIMARY over (3869813 <= id <= 3870812)  (cost=371 rows=1838)


table 5 : explain SELECT SUM(k) FROM sbtest5 WHERE id BETWEEN 6408313 AND 6409312
	-> Aggregate: sum(sbtest5.k)  (cost=794 rows=1)
    -> Filter: (sbtest5.id between 6408313 and 6409312)  (cost=371 rows=1838)
        -> Index range scan on sbtest5 using PRIMARY over (6408313 <= id <= 6409312)  (cost=371 rows=1838)


table 6 : explain SELECT SUM(k) FROM sbtest6 WHERE id BETWEEN 3552159 AND 3553158
	-> Aggregate: sum(sbtest6.k)  (cost=809 rows=1)
    -> Filter: (sbtest6.id between 3552159 and 3553158)  (cost=378 rows=1872)
        -> Index range scan on sbtest6 using PRIMARY over (3552159 <= id <= 3553158)  (cost=378 rows=1872)


table 7 : explain SELECT SUM(k) FROM sbtest7 WHERE id BETWEEN 1816780 AND 1817779
	-> Aggregate: sum(sbtest7.k)  (cost=794 rows=1)
    -> Filter: (sbtest7.id between 1816780 and 1817779)  (cost=371 rows=1838)
        -> Index range scan on sbtest7 using PRIMARY over (1816780 <= id <= 1817779)  (cost=371 rows=1838)


table 8 : explain SELECT SUM(k) FROM sbtest8 WHERE id BETWEEN 4086062 AND 4087061
	-> Aggregate: sum(sbtest8.k)  (cost=794 rows=1)
    -> Filter: (sbtest8.id between 4086062 and 4087061)  (cost=371 rows=1838)
        -> Index range scan on sbtest8 using PRIMARY over (4086062 <= id <= 4087061)  (cost=371 rows=1838)


for: sum_ranges
table 1 : explain SELECT SUM(k) FROM sbtest1 WHERE id BETWEEN 389627 AND 390626
	-> Aggregate: sum(sbtest1.k)  (cost=794 rows=1)
    -> Filter: (sbtest1.id between 389627 and 390626)  (cost=371 rows=1838)
        -> Index range scan on sbtest1 using PRIMARY over (389627 <= id <= 390626)  (cost=371 rows=1838)


table 2 : explain SELECT SUM(k) FROM sbtest2 WHERE id BETWEEN 9232148 AND 9233147
	-> Aggregate: sum(sbtest2.k)  (cost=809 rows=1)
    -> Filter: (sbtest2.id between 9232148 and 9233147)  (cost=378 rows=1872)
        -> Index range scan on sbtest2 using PRIMARY over (9232148 <= id <= 9233147)  (cost=378 rows=1872)


table 3 : explain SELECT SUM(k) FROM sbtest3 WHERE id BETWEEN 2494778 AND 2495777
	-> Aggregate: sum(sbtest3.k)  (cost=794 rows=1)
    -> Filter: (sbtest3.id between 2494778 and 2495777)  (cost=371 rows=1838)
        -> Index range scan on sbtest3 using PRIMARY over (2494778 <= id <= 2495777)  (cost=371 rows=1838)


table 4 : explain SELECT SUM(k) FROM sbtest4 WHERE id BETWEEN 9482673 AND 9483672
	-> Aggregate: sum(sbtest4.k)  (cost=809 rows=1)
    -> Filter: (sbtest4.id between 9482673 and 9483672)  (cost=378 rows=1872)
        -> Index range scan on sbtest4 using PRIMARY over (9482673 <= id <= 9483672)  (cost=378 rows=1872)


table 5 : explain SELECT SUM(k) FROM sbtest5 WHERE id BETWEEN 4600429 AND 4601428
	-> Aggregate: sum(sbtest5.k)  (cost=809 rows=1)
    -> Filter: (sbtest5.id between 4600429 and 4601428)  (cost=378 rows=1872)
        -> Index range scan on sbtest5 using PRIMARY over (4600429 <= id <= 4601428)  (cost=378 rows=1872)


table 6 : explain SELECT SUM(k) FROM sbtest6 WHERE id BETWEEN 5211723 AND 5212722
	-> Aggregate: sum(sbtest6.k)  (cost=794 rows=1)
    -> Filter: (sbtest6.id between 5211723 and 5212722)  (cost=371 rows=1838)
        -> Index range scan on sbtest6 using PRIMARY over (5211723 <= id <= 5212722)  (cost=371 rows=1838)


table 7 : explain SELECT SUM(k) FROM sbtest7 WHERE id BETWEEN 8942267 AND 8943266
	-> Aggregate: sum(sbtest7.k)  (cost=809 rows=1)
    -> Filter: (sbtest7.id between 8942267 and 8943266)  (cost=378 rows=1872)
        -> Index range scan on sbtest7 using PRIMARY over (8942267 <= id <= 8943266)  (cost=378 rows=1872)


table 8 : explain SELECT SUM(k) FROM sbtest8 WHERE id BETWEEN 9497620 AND 9498619
	-> Aggregate: sum(sbtest8.k)  (cost=794 rows=1)
    -> Filter: (sbtest8.id between 9497620 and 9498619)  (cost=371 rows=1838)
        -> Index range scan on sbtest8 using PRIMARY over (9497620 <= id <= 9498619)  (cost=371 rows=1838)


for: simple_ranges
table 1 : explain SELECT c FROM sbtest1 WHERE id BETWEEN 6837273 AND 6838272
	-> Filter: (sbtest1.id between 6837273 and 6838272)  (cost=371 rows=1838)
    -> Index range scan on sbtest1 using PRIMARY over (6837273 <= id <= 6838272)  (cost=371 rows=1838)


table 2 : explain SELECT c FROM sbtest2 WHERE id BETWEEN 9835259 AND 9836258
	-> Filter: (sbtest2.id between 9835259 and 9836258)  (cost=378 rows=1872)
    -> Index range scan on sbtest2 using PRIMARY over (9835259 <= id <= 9836258)  (cost=378 rows=1872)


table 3 : explain SELECT c FROM sbtest3 WHERE id BETWEEN 3440800 AND 3441799
	-> Filter: (sbtest3.id between 3440800 and 3441799)  (cost=371 rows=1838)
    -> Index range scan on sbtest3 using PRIMARY over (3440800 <= id <= 3441799)  (cost=371 rows=1838)


table 4 : explain SELECT c FROM sbtest4 WHERE id BETWEEN 6902963 AND 6903962
	-> Filter: (sbtest4.id between 6902963 and 6903962)  (cost=371 rows=1838)
    -> Index range scan on sbtest4 using PRIMARY over (6902963 <= id <= 6903962)  (cost=371 rows=1838)


table 5 : explain SELECT c FROM sbtest5 WHERE id BETWEEN 1612512 AND 1613511
	-> Filter: (sbtest5.id between 1612512 and 1613511)  (cost=371 rows=1838)
    -> Index range scan on sbtest5 using PRIMARY over (1612512 <= id <= 1613511)  (cost=371 rows=1838)


table 6 : explain SELECT c FROM sbtest6 WHERE id BETWEEN 3654464 AND 3655463
	-> Filter: (sbtest6.id between 3654464 and 3655463)  (cost=371 rows=1838)
    -> Index range scan on sbtest6 using PRIMARY over (3654464 <= id <= 3655463)  (cost=371 rows=1838)


table 7 : explain SELECT c FROM sbtest7 WHERE id BETWEEN 6412789 AND 6413788
	-> Filter: (sbtest7.id between 6412789 and 6413788)  (cost=371 rows=1838)
    -> Index range scan on sbtest7 using PRIMARY over (6412789 <= id <= 6413788)  (cost=371 rows=1838)


table 8 : explain SELECT c FROM sbtest8 WHERE id BETWEEN 3302540 AND 3303539
	-> Filter: (sbtest8.id between 3302540 and 3303539)  (cost=371 rows=1838)
    -> Index range scan on sbtest8 using PRIMARY over (3302540 <= id <= 3303539)  (cost=371 rows=1838)


for: simple_ranges
table 1 : explain SELECT c FROM sbtest1 WHERE id BETWEEN 1403152 AND 1404151
	-> Filter: (sbtest1.id between 1403152 and 1404151)  (cost=371 rows=1838)
    -> Index range scan on sbtest1 using PRIMARY over (1403152 <= id <= 1404151)  (cost=371 rows=1838)


table 2 : explain SELECT c FROM sbtest2 WHERE id BETWEEN 2803093 AND 2804092
	-> Filter: (sbtest2.id between 2803093 and 2804092)  (cost=378 rows=1872)
    -> Index range scan on sbtest2 using PRIMARY over (2803093 <= id <= 2804092)  (cost=378 rows=1872)


table 3 : explain SELECT c FROM sbtest3 WHERE id BETWEEN 28656 AND 29655
	-> Filter: (sbtest3.id between 28656 and 29655)  (cost=378 rows=1872)
    -> Index range scan on sbtest3 using PRIMARY over (28656 <= id <= 29655)  (cost=378 rows=1872)


table 4 : explain SELECT c FROM sbtest4 WHERE id BETWEEN 3764517 AND 3765516
	-> Filter: (sbtest4.id between 3764517 and 3765516)  (cost=378 rows=1872)
    -> Index range scan on sbtest4 using PRIMARY over (3764517 <= id <= 3765516)  (cost=378 rows=1872)


table 5 : explain SELECT c FROM sbtest5 WHERE id BETWEEN 4144429 AND 4145428
	-> Filter: (sbtest5.id between 4144429 and 4145428)  (cost=371 rows=1838)
    -> Index range scan on sbtest5 using PRIMARY over (4144429 <= id <= 4145428)  (cost=371 rows=1838)


table 6 : explain SELECT c FROM sbtest6 WHERE id BETWEEN 8473225 AND 8474224
	-> Filter: (sbtest6.id between 8473225 and 8474224)  (cost=378 rows=1872)
    -> Index range scan on sbtest6 using PRIMARY over (8473225 <= id <= 8474224)  (cost=378 rows=1872)


table 7 : explain SELECT c FROM sbtest7 WHERE id BETWEEN 270914 AND 271913
	-> Filter: (sbtest7.id between 270914 and 271913)  (cost=371 rows=1838)
    -> Index range scan on sbtest7 using PRIMARY over (270914 <= id <= 271913)  (cost=371 rows=1838)


table 8 : explain SELECT c FROM sbtest8 WHERE id BETWEEN 4066094 AND 4067093
	-> Filter: (sbtest8.id between 4066094 and 4067093)  (cost=371 rows=1838)
    -> Index range scan on sbtest8 using PRIMARY over (4066094 <= id <= 4067093)  (cost=371 rows=1838)


for: simple_ranges
table 1 : explain SELECT c FROM sbtest1 WHERE id BETWEEN 7566456 AND 7567455
	-> Filter: (sbtest1.id between 7566456 and 7567455)  (cost=371 rows=1838)
    -> Index range scan on sbtest1 using PRIMARY over (7566456 <= id <= 7567455)  (cost=371 rows=1838)


table 2 : explain SELECT c FROM sbtest2 WHERE id BETWEEN 5086575 AND 5087574
	-> Filter: (sbtest2.id between 5086575 and 5087574)  (cost=371 rows=1838)
    -> Index range scan on sbtest2 using PRIMARY over (5086575 <= id <= 5087574)  (cost=371 rows=1838)


table 3 : explain SELECT c FROM sbtest3 WHERE id BETWEEN 7463825 AND 7464824
	-> Filter: (sbtest3.id between 7463825 and 7464824)  (cost=371 rows=1838)
    -> Index range scan on sbtest3 using PRIMARY over (7463825 <= id <= 7464824)  (cost=371 rows=1838)


table 4 : explain SELECT c FROM sbtest4 WHERE id BETWEEN 4042972 AND 4043971
	-> Filter: (sbtest4.id between 4042972 and 4043971)  (cost=371 rows=1838)
    -> Index range scan on sbtest4 using PRIMARY over (4042972 <= id <= 4043971)  (cost=371 rows=1838)


table 5 : explain SELECT c FROM sbtest5 WHERE id BETWEEN 7547212 AND 7548211
	-> Filter: (sbtest5.id between 7547212 and 7548211)  (cost=371 rows=1838)
    -> Index range scan on sbtest5 using PRIMARY over (7547212 <= id <= 7548211)  (cost=371 rows=1838)


table 6 : explain SELECT c FROM sbtest6 WHERE id BETWEEN 3241805 AND 3242804
	-> Filter: (sbtest6.id between 3241805 and 3242804)  (cost=371 rows=1838)
    -> Index range scan on sbtest6 using PRIMARY over (3241805 <= id <= 3242804)  (cost=371 rows=1838)


table 7 : explain SELECT c FROM sbtest7 WHERE id BETWEEN 3363051 AND 3364050
	-> Filter: (sbtest7.id between 3363051 and 3364050)  (cost=371 rows=1838)
    -> Index range scan on sbtest7 using PRIMARY over (3363051 <= id <= 3364050)  (cost=371 rows=1838)


table 8 : explain SELECT c FROM sbtest8 WHERE id BETWEEN 9577045 AND 9578044
	-> Filter: (sbtest8.id between 9577045 and 9578044)  (cost=371 rows=1838)
    -> Index range scan on sbtest8 using PRIMARY over (9577045 <= id <= 9578044)  (cost=371 rows=1838)


for: simple_ranges
table 1 : explain SELECT c FROM sbtest1 WHERE id BETWEEN 7963623 AND 7964622
	-> Filter: (sbtest1.id between 7963623 and 7964622)  (cost=378 rows=1872)
    -> Index range scan on sbtest1 using PRIMARY over (7963623 <= id <= 7964622)  (cost=378 rows=1872)


table 2 : explain SELECT c FROM sbtest2 WHERE id BETWEEN 5637691 AND 5638690
	-> Filter: (sbtest2.id between 5637691 and 5638690)  (cost=378 rows=1872)
    -> Index range scan on sbtest2 using PRIMARY over (5637691 <= id <= 5638690)  (cost=378 rows=1872)


table 3 : explain SELECT c FROM sbtest3 WHERE id BETWEEN 5948146 AND 5949145
	-> Filter: (sbtest3.id between 5948146 and 5949145)  (cost=371 rows=1838)
    -> Index range scan on sbtest3 using PRIMARY over (5948146 <= id <= 5949145)  (cost=371 rows=1838)


table 4 : explain SELECT c FROM sbtest4 WHERE id BETWEEN 8899548 AND 8900547
	-> Filter: (sbtest4.id between 8899548 and 8900547)  (cost=378 rows=1872)
    -> Index range scan on sbtest4 using PRIMARY over (8899548 <= id <= 8900547)  (cost=378 rows=1872)


table 5 : explain SELECT c FROM sbtest5 WHERE id BETWEEN 7940809 AND 7941808
	-> Filter: (sbtest5.id between 7940809 and 7941808)  (cost=371 rows=1838)
    -> Index range scan on sbtest5 using PRIMARY over (7940809 <= id <= 7941808)  (cost=371 rows=1838)


table 6 : explain SELECT c FROM sbtest6 WHERE id BETWEEN 7537263 AND 7538262
	-> Filter: (sbtest6.id between 7537263 and 7538262)  (cost=371 rows=1838)
    -> Index range scan on sbtest6 using PRIMARY over (7537263 <= id <= 7538262)  (cost=371 rows=1838)


table 7 : explain SELECT c FROM sbtest7 WHERE id BETWEEN 2784539 AND 2785538
	-> Filter: (sbtest7.id between 2784539 and 2785538)  (cost=371 rows=1838)
    -> Index range scan on sbtest7 using PRIMARY over (2784539 <= id <= 2785538)  (cost=371 rows=1838)


table 8 : explain SELECT c FROM sbtest8 WHERE id BETWEEN 4630481 AND 4631480
	-> Filter: (sbtest8.id between 4630481 and 4631480)  (cost=371 rows=1838)
    -> Index range scan on sbtest8 using PRIMARY over (4630481 <= id <= 4631480)  (cost=371 rows=1838)


for: simple_ranges
table 1 : explain SELECT c FROM sbtest1 WHERE id BETWEEN 2546188 AND 2547187
	-> Filter: (sbtest1.id between 2546188 and 2547187)  (cost=371 rows=1838)
    -> Index range scan on sbtest1 using PRIMARY over (2546188 <= id <= 2547187)  (cost=371 rows=1838)


table 2 : explain SELECT c FROM sbtest2 WHERE id BETWEEN 8447124 AND 8448123
	-> Filter: (sbtest2.id between 8447124 and 8448123)  (cost=371 rows=1838)
    -> Index range scan on sbtest2 using PRIMARY over (8447124 <= id <= 8448123)  (cost=371 rows=1838)


table 3 : explain SELECT c FROM sbtest3 WHERE id BETWEEN 610810 AND 611809
	-> Filter: (sbtest3.id between 610810 and 611809)  (cost=371 rows=1838)
    -> Index range scan on sbtest3 using PRIMARY over (610810 <= id <= 611809)  (cost=371 rows=1838)


table 4 : explain SELECT c FROM sbtest4 WHERE id BETWEEN 2366963 AND 2367962
	-> Filter: (sbtest4.id between 2366963 and 2367962)  (cost=371 rows=1838)
    -> Index range scan on sbtest4 using PRIMARY over (2366963 <= id <= 2367962)  (cost=371 rows=1838)


table 5 : explain SELECT c FROM sbtest5 WHERE id BETWEEN 2013544 AND 2014543
	-> Filter: (sbtest5.id between 2013544 and 2014543)  (cost=378 rows=1872)
    -> Index range scan on sbtest5 using PRIMARY over (2013544 <= id <= 2014543)  (cost=378 rows=1872)


table 6 : explain SELECT c FROM sbtest6 WHERE id BETWEEN 1231376 AND 1232375
	-> Filter: (sbtest6.id between 1231376 and 1232375)  (cost=371 rows=1838)
    -> Index range scan on sbtest6 using PRIMARY over (1231376 <= id <= 1232375)  (cost=371 rows=1838)


table 7 : explain SELECT c FROM sbtest7 WHERE id BETWEEN 7375555 AND 7376554
	-> Filter: (sbtest7.id between 7375555 and 7376554)  (cost=371 rows=1838)
    -> Index range scan on sbtest7 using PRIMARY over (7375555 <= id <= 7376554)  (cost=371 rows=1838)


table 8 : explain SELECT c FROM sbtest8 WHERE id BETWEEN 4623824 AND 4624823
	-> Filter: (sbtest8.id between 4623824 and 4624823)  (cost=371 rows=1838)
    -> Index range scan on sbtest8 using PRIMARY over (4623824 <= id <= 4624823)  (cost=371 rows=1838)


for: sum_ranges
table 1 : explain SELECT SUM(k) FROM sbtest1 WHERE id BETWEEN 8891244 AND 8892243
	-> Aggregate: sum(sbtest1.k)  (cost=794 rows=1)
    -> Filter: (sbtest1.id between 8891244 and 8892243)  (cost=371 rows=1838)
        -> Index range scan on sbtest1 using PRIMARY over (8891244 <= id <= 8892243)  (cost=371 rows=1838)


table 2 : explain SELECT SUM(k) FROM sbtest2 WHERE id BETWEEN 5563808 AND 5564807
	-> Aggregate: sum(sbtest2.k)  (cost=809 rows=1)
    -> Filter: (sbtest2.id between 5563808 and 5564807)  (cost=378 rows=1872)
        -> Index range scan on sbtest2 using PRIMARY over (5563808 <= id <= 5564807)  (cost=378 rows=1872)


table 3 : explain SELECT SUM(k) FROM sbtest3 WHERE id BETWEEN 5651680 AND 5652679
	-> Aggregate: sum(sbtest3.k)  (cost=794 rows=1)
    -> Filter: (sbtest3.id between 5651680 and 5652679)  (cost=371 rows=1838)
        -> Index range scan on sbtest3 using PRIMARY over (5651680 <= id <= 5652679)  (cost=371 rows=1838)


table 4 : explain SELECT SUM(k) FROM sbtest4 WHERE id BETWEEN 605682 AND 606681
	-> Aggregate: sum(sbtest4.k)  (cost=794 rows=1)
    -> Filter: (sbtest4.id between 605682 and 606681)  (cost=371 rows=1838)
        -> Index range scan on sbtest4 using PRIMARY over (605682 <= id <= 606681)  (cost=371 rows=1838)


table 5 : explain SELECT SUM(k) FROM sbtest5 WHERE id BETWEEN 3190059 AND 3191058
	-> Aggregate: sum(sbtest5.k)  (cost=794 rows=1)
    -> Filter: (sbtest5.id between 3190059 and 3191058)  (cost=371 rows=1838)
        -> Index range scan on sbtest5 using PRIMARY over (3190059 <= id <= 3191058)  (cost=371 rows=1838)


table 6 : explain SELECT SUM(k) FROM sbtest6 WHERE id BETWEEN 159744 AND 160743
	-> Aggregate: sum(sbtest6.k)  (cost=794 rows=1)
    -> Filter: (sbtest6.id between 159744 and 160743)  (cost=371 rows=1838)
        -> Index range scan on sbtest6 using PRIMARY over (159744 <= id <= 160743)  (cost=371 rows=1838)


table 7 : explain SELECT SUM(k) FROM sbtest7 WHERE id BETWEEN 4207765 AND 4208764
	-> Aggregate: sum(sbtest7.k)  (cost=809 rows=1)
    -> Filter: (sbtest7.id between 4207765 and 4208764)  (cost=378 rows=1872)
        -> Index range scan on sbtest7 using PRIMARY over (4207765 <= id <= 4208764)  (cost=378 rows=1872)


table 8 : explain SELECT SUM(k) FROM sbtest8 WHERE id BETWEEN 859801 AND 860800
	-> Aggregate: sum(sbtest8.k)  (cost=794 rows=1)
    -> Filter: (sbtest8.id between 859801 and 860800)  (cost=371 rows=1838)
        -> Index range scan on sbtest8 using PRIMARY over (859801 <= id <= 860800)  (cost=371 rows=1838)


for: sum_ranges
table 1 : explain SELECT SUM(k) FROM sbtest1 WHERE id BETWEEN 4757345 AND 4758344
	-> Aggregate: sum(sbtest1.k)  (cost=794 rows=1)
    -> Filter: (sbtest1.id between 4757345 and 4758344)  (cost=371 rows=1838)
        -> Index range scan on sbtest1 using PRIMARY over (4757345 <= id <= 4758344)  (cost=371 rows=1838)


table 2 : explain SELECT SUM(k) FROM sbtest2 WHERE id BETWEEN 9239352 AND 9240351
	-> Aggregate: sum(sbtest2.k)  (cost=794 rows=1)
    -> Filter: (sbtest2.id between 9239352 and 9240351)  (cost=371 rows=1838)
        -> Index range scan on sbtest2 using PRIMARY over (9239352 <= id <= 9240351)  (cost=371 rows=1838)


table 3 : explain SELECT SUM(k) FROM sbtest3 WHERE id BETWEEN 716634 AND 717633
	-> Aggregate: sum(sbtest3.k)  (cost=794 rows=1)
    -> Filter: (sbtest3.id between 716634 and 717633)  (cost=371 rows=1838)
        -> Index range scan on sbtest3 using PRIMARY over (716634 <= id <= 717633)  (cost=371 rows=1838)


table 4 : explain SELECT SUM(k) FROM sbtest4 WHERE id BETWEEN 2262649 AND 2263648
	-> Aggregate: sum(sbtest4.k)  (cost=794 rows=1)
    -> Filter: (sbtest4.id between 2262649 and 2263648)  (cost=371 rows=1838)
        -> Index range scan on sbtest4 using PRIMARY over (2262649 <= id <= 2263648)  (cost=371 rows=1838)


table 5 : explain SELECT SUM(k) FROM sbtest5 WHERE id BETWEEN 2211653 AND 2212652
	-> Aggregate: sum(sbtest5.k)  (cost=809 rows=1)
    -> Filter: (sbtest5.id between 2211653 and 2212652)  (cost=378 rows=1872)
        -> Index range scan on sbtest5 using PRIMARY over (2211653 <= id <= 2212652)  (cost=378 rows=1872)


table 6 : explain SELECT SUM(k) FROM sbtest6 WHERE id BETWEEN 7057959 AND 7058958
	-> Aggregate: sum(sbtest6.k)  (cost=794 rows=1)
    -> Filter: (sbtest6.id between 7057959 and 7058958)  (cost=371 rows=1838)
        -> Index range scan on sbtest6 using PRIMARY over (7057959 <= id <= 7058958)  (cost=371 rows=1838)


table 7 : explain SELECT SUM(k) FROM sbtest7 WHERE id BETWEEN 6769005 AND 6770004
	-> Aggregate: sum(sbtest7.k)  (cost=794 rows=1)
    -> Filter: (sbtest7.id between 6769005 and 6770004)  (cost=371 rows=1838)
        -> Index range scan on sbtest7 using PRIMARY over (6769005 <= id <= 6770004)  (cost=371 rows=1838)


table 8 : explain SELECT SUM(k) FROM sbtest8 WHERE id BETWEEN 4584016 AND 4585015
	-> Aggregate: sum(sbtest8.k)  (cost=809 rows=1)
    -> Filter: (sbtest8.id between 4584016 and 4585015)  (cost=378 rows=1872)
        -> Index range scan on sbtest8 using PRIMARY over (4584016 <= id <= 4585015)  (cost=378 rows=1872)


for: sum_ranges
table 1 : explain SELECT SUM(k) FROM sbtest1 WHERE id BETWEEN 8344858 AND 8345857
	-> Aggregate: sum(sbtest1.k)  (cost=794 rows=1)
    -> Filter: (sbtest1.id between 8344858 and 8345857)  (cost=371 rows=1838)
        -> Index range scan on sbtest1 using PRIMARY over (8344858 <= id <= 8345857)  (cost=371 rows=1838)


table 2 : explain SELECT SUM(k) FROM sbtest2 WHERE id BETWEEN 8456707 AND 8457706
	-> Aggregate: sum(sbtest2.k)  (cost=794 rows=1)
    -> Filter: (sbtest2.id between 8456707 and 8457706)  (cost=371 rows=1838)
        -> Index range scan on sbtest2 using PRIMARY over (8456707 <= id <= 8457706)  (cost=371 rows=1838)


table 3 : explain SELECT SUM(k) FROM sbtest3 WHERE id BETWEEN 7463634 AND 7464633
	-> Aggregate: sum(sbtest3.k)  (cost=809 rows=1)
    -> Filter: (sbtest3.id between 7463634 and 7464633)  (cost=378 rows=1872)
        -> Index range scan on sbtest3 using PRIMARY over (7463634 <= id <= 7464633)  (cost=378 rows=1872)


table 4 : explain SELECT SUM(k) FROM sbtest4 WHERE id BETWEEN 932484 AND 933483
	-> Aggregate: sum(sbtest4.k)  (cost=809 rows=1)
    -> Filter: (sbtest4.id between 932484 and 933483)  (cost=378 rows=1872)
        -> Index range scan on sbtest4 using PRIMARY over (932484 <= id <= 933483)  (cost=378 rows=1872)


table 5 : explain SELECT SUM(k) FROM sbtest5 WHERE id BETWEEN 7802406 AND 7803405
	-> Aggregate: sum(sbtest5.k)  (cost=794 rows=1)
    -> Filter: (sbtest5.id between 7802406 and 7803405)  (cost=371 rows=1838)
        -> Index range scan on sbtest5 using PRIMARY over (7802406 <= id <= 7803405)  (cost=371 rows=1838)


table 6 : explain SELECT SUM(k) FROM sbtest6 WHERE id BETWEEN 2967335 AND 2968334
	-> Aggregate: sum(sbtest6.k)  (cost=794 rows=1)
    -> Filter: (sbtest6.id between 2967335 and 2968334)  (cost=371 rows=1838)
        -> Index range scan on sbtest6 using PRIMARY over (2967335 <= id <= 2968334)  (cost=371 rows=1838)


table 7 : explain SELECT SUM(k) FROM sbtest7 WHERE id BETWEEN 4332284 AND 4333283
	-> Aggregate: sum(sbtest7.k)  (cost=794 rows=1)
    -> Filter: (sbtest7.id between 4332284 and 4333283)  (cost=371 rows=1838)
        -> Index range scan on sbtest7 using PRIMARY over (4332284 <= id <= 4333283)  (cost=371 rows=1838)


table 8 : explain SELECT SUM(k) FROM sbtest8 WHERE id BETWEEN 9213300 AND 9214299
	-> Aggregate: sum(sbtest8.k)  (cost=809 rows=1)
    -> Filter: (sbtest8.id between 9213300 and 9214299)  (cost=378 rows=1872)
        -> Index range scan on sbtest8 using PRIMARY over (9213300 <= id <= 9214299)  (cost=378 rows=1872)


for: simple_ranges
table 1 : explain SELECT c FROM sbtest1 WHERE id BETWEEN 3262278 AND 3263277
	-> Filter: (sbtest1.id between 3262278 and 3263277)  (cost=378 rows=1872)
    -> Index range scan on sbtest1 using PRIMARY over (3262278 <= id <= 3263277)  (cost=378 rows=1872)


table 2 : explain SELECT c FROM sbtest2 WHERE id BETWEEN 9581680 AND 9582679
	-> Filter: (sbtest2.id between 9581680 and 9582679)  (cost=371 rows=1838)
    -> Index range scan on sbtest2 using PRIMARY over (9581680 <= id <= 9582679)  (cost=371 rows=1838)


table 3 : explain SELECT c FROM sbtest3 WHERE id BETWEEN 6976061 AND 6977060
	-> Filter: (sbtest3.id between 6976061 and 6977060)  (cost=371 rows=1838)
    -> Index range scan on sbtest3 using PRIMARY over (6976061 <= id <= 6977060)  (cost=371 rows=1838)


table 4 : explain SELECT c FROM sbtest4 WHERE id BETWEEN 7412849 AND 7413848
	-> Filter: (sbtest4.id between 7412849 and 7413848)  (cost=371 rows=1838)
    -> Index range scan on sbtest4 using PRIMARY over (7412849 <= id <= 7413848)  (cost=371 rows=1838)


table 5 : explain SELECT c FROM sbtest5 WHERE id BETWEEN 2254695 AND 2255694
	-> Filter: (sbtest5.id between 2254695 and 2255694)  (cost=371 rows=1838)
    -> Index range scan on sbtest5 using PRIMARY over (2254695 <= id <= 2255694)  (cost=371 rows=1838)


table 6 : explain SELECT c FROM sbtest6 WHERE id BETWEEN 2337896 AND 2338895
	-> Filter: (sbtest6.id between 2337896 and 2338895)  (cost=371 rows=1838)
    -> Index range scan on sbtest6 using PRIMARY over (2337896 <= id <= 2338895)  (cost=371 rows=1838)


table 7 : explain SELECT c FROM sbtest7 WHERE id BETWEEN 1226539 AND 1227538
	-> Filter: (sbtest7.id between 1226539 and 1227538)  (cost=371 rows=1838)
    -> Index range scan on sbtest7 using PRIMARY over (1226539 <= id <= 1227538)  (cost=371 rows=1838)


table 8 : explain SELECT c FROM sbtest8 WHERE id BETWEEN 5477873 AND 5478872
	-> Filter: (sbtest8.id between 5477873 and 5478872)  (cost=371 rows=1838)
    -> Index range scan on sbtest8 using PRIMARY over (5477873 <= id <= 5478872)  (cost=371 rows=1838)


for: simple_ranges
table 1 : explain SELECT c FROM sbtest1 WHERE id BETWEEN 6383203 AND 6384202
	-> Filter: (sbtest1.id between 6383203 and 6384202)  (cost=371 rows=1838)
    -> Index range scan on sbtest1 using PRIMARY over (6383203 <= id <= 6384202)  (cost=371 rows=1838)


table 2 : explain SELECT c FROM sbtest2 WHERE id BETWEEN 5290769 AND 5291768
	-> Filter: (sbtest2.id between 5290769 and 5291768)  (cost=371 rows=1838)
    -> Index range scan on sbtest2 using PRIMARY over (5290769 <= id <= 5291768)  (cost=371 rows=1838)


table 3 : explain SELECT c FROM sbtest3 WHERE id BETWEEN 8564490 AND 8565489
	-> Filter: (sbtest3.id between 8564490 and 8565489)  (cost=378 rows=1872)
    -> Index range scan on sbtest3 using PRIMARY over (8564490 <= id <= 8565489)  (cost=378 rows=1872)


table 4 : explain SELECT c FROM sbtest4 WHERE id BETWEEN 185958 AND 186957
	-> Filter: (sbtest4.id between 185958 and 186957)  (cost=371 rows=1838)
    -> Index range scan on sbtest4 using PRIMARY over (185958 <= id <= 186957)  (cost=371 rows=1838)


table 5 : explain SELECT c FROM sbtest5 WHERE id BETWEEN 7172519 AND 7173518
	-> Filter: (sbtest5.id between 7172519 and 7173518)  (cost=378 rows=1872)
    -> Index range scan on sbtest5 using PRIMARY over (7172519 <= id <= 7173518)  (cost=378 rows=1872)


table 6 : explain SELECT c FROM sbtest6 WHERE id BETWEEN 5873728 AND 5874727
	-> Filter: (sbtest6.id between 5873728 and 5874727)  (cost=371 rows=1838)
    -> Index range scan on sbtest6 using PRIMARY over (5873728 <= id <= 5874727)  (cost=371 rows=1838)


table 7 : explain SELECT c FROM sbtest7 WHERE id BETWEEN 2425355 AND 2426354
	-> Filter: (sbtest7.id between 2425355 and 2426354)  (cost=371 rows=1838)
    -> Index range scan on sbtest7 using PRIMARY over (2425355 <= id <= 2426354)  (cost=371 rows=1838)


table 8 : explain SELECT c FROM sbtest8 WHERE id BETWEEN 718800 AND 719799
	-> Filter: (sbtest8.id between 718800 and 719799)  (cost=378 rows=1872)
    -> Index range scan on sbtest8 using PRIMARY over (718800 <= id <= 719799)  (cost=378 rows=1872)


for: simple_ranges
table 1 : explain SELECT c FROM sbtest1 WHERE id BETWEEN 8426028 AND 8427027
	-> Filter: (sbtest1.id between 8426028 and 8427027)  (cost=371 rows=1838)
    -> Index range scan on sbtest1 using PRIMARY over (8426028 <= id <= 8427027)  (cost=371 rows=1838)


table 2 : explain SELECT c FROM sbtest2 WHERE id BETWEEN 3572492 AND 3573491
	-> Filter: (sbtest2.id between 3572492 and 3573491)  (cost=371 rows=1838)
    -> Index range scan on sbtest2 using PRIMARY over (3572492 <= id <= 3573491)  (cost=371 rows=1838)


table 3 : explain SELECT c FROM sbtest3 WHERE id BETWEEN 1758505 AND 1759504
	-> Filter: (sbtest3.id between 1758505 and 1759504)  (cost=371 rows=1838)
    -> Index range scan on sbtest3 using PRIMARY over (1758505 <= id <= 1759504)  (cost=371 rows=1838)


table 4 : explain SELECT c FROM sbtest4 WHERE id BETWEEN 9963848 AND 9964847
	-> Filter: (sbtest4.id between 9963848 and 9964847)  (cost=371 rows=1838)
    -> Index range scan on sbtest4 using PRIMARY over (9963848 <= id <= 9964847)  (cost=371 rows=1838)


table 5 : explain SELECT c FROM sbtest5 WHERE id BETWEEN 456466 AND 457465
	-> Filter: (sbtest5.id between 456466 and 457465)  (cost=371 rows=1838)
    -> Index range scan on sbtest5 using PRIMARY over (456466 <= id <= 457465)  (cost=371 rows=1838)


table 6 : explain SELECT c FROM sbtest6 WHERE id BETWEEN 4579199 AND 4580198
	-> Filter: (sbtest6.id between 4579199 and 4580198)  (cost=378 rows=1872)
    -> Index range scan on sbtest6 using PRIMARY over (4579199 <= id <= 4580198)  (cost=378 rows=1872)


table 7 : explain SELECT c FROM sbtest7 WHERE id BETWEEN 7403339 AND 7404338
	-> Filter: (sbtest7.id between 7403339 and 7404338)  (cost=378 rows=1872)
    -> Index range scan on sbtest7 using PRIMARY over (7403339 <= id <= 7404338)  (cost=378 rows=1872)


table 8 : explain SELECT c FROM sbtest8 WHERE id BETWEEN 6937648 AND 6938647
	-> Filter: (sbtest8.id between 6937648 and 6938647)  (cost=371 rows=1838)
    -> Index range scan on sbtest8 using PRIMARY over (6937648 <= id <= 6938647)  (cost=371 rows=1838)


for: simple_ranges
table 1 : explain SELECT c FROM sbtest1 WHERE id BETWEEN 7636321 AND 7637320
	-> Filter: (sbtest1.id between 7636321 and 7637320)  (cost=371 rows=1838)
    -> Index range scan on sbtest1 using PRIMARY over (7636321 <= id <= 7637320)  (cost=371 rows=1838)


table 2 : explain SELECT c FROM sbtest2 WHERE id BETWEEN 7560536 AND 7561535
	-> Filter: (sbtest2.id between 7560536 and 7561535)  (cost=371 rows=1838)
    -> Index range scan on sbtest2 using PRIMARY over (7560536 <= id <= 7561535)  (cost=371 rows=1838)


table 3 : explain SELECT c FROM sbtest3 WHERE id BETWEEN 9089882 AND 9090881
	-> Filter: (sbtest3.id between 9089882 and 9090881)  (cost=371 rows=1838)
    -> Index range scan on sbtest3 using PRIMARY over (9089882 <= id <= 9090881)  (cost=371 rows=1838)


table 4 : explain SELECT c FROM sbtest4 WHERE id BETWEEN 7198485 AND 7199484
	-> Filter: (sbtest4.id between 7198485 and 7199484)  (cost=371 rows=1838)
    -> Index range scan on sbtest4 using PRIMARY over (7198485 <= id <= 7199484)  (cost=371 rows=1838)


table 5 : explain SELECT c FROM sbtest5 WHERE id BETWEEN 394618 AND 395617
	-> Filter: (sbtest5.id between 394618 and 395617)  (cost=378 rows=1872)
    -> Index range scan on sbtest5 using PRIMARY over (394618 <= id <= 395617)  (cost=378 rows=1872)


table 6 : explain SELECT c FROM sbtest6 WHERE id BETWEEN 1713302 AND 1714301
	-> Filter: (sbtest6.id between 1713302 and 1714301)  (cost=371 rows=1838)
    -> Index range scan on sbtest6 using PRIMARY over (1713302 <= id <= 1714301)  (cost=371 rows=1838)


table 7 : explain SELECT c FROM sbtest7 WHERE id BETWEEN 5902750 AND 5903749
	-> Filter: (sbtest7.id between 5902750 and 5903749)  (cost=378 rows=1872)
    -> Index range scan on sbtest7 using PRIMARY over (5902750 <= id <= 5903749)  (cost=378 rows=1872)


table 8 : explain SELECT c FROM sbtest8 WHERE id BETWEEN 90682 AND 91681
	-> Filter: (sbtest8.id between 90682 and 91681)  (cost=371 rows=1838)
    -> Index range scan on sbtest8 using PRIMARY over (90682 <= id <= 91681)  (cost=371 rows=1838)


for: simple_ranges
table 1 : explain SELECT c FROM sbtest1 WHERE id BETWEEN 5235823 AND 5236822
	-> Filter: (sbtest1.id between 5235823 and 5236822)  (cost=378 rows=1872)
    -> Index range scan on sbtest1 using PRIMARY over (5235823 <= id <= 5236822)  (cost=378 rows=1872)


table 2 : explain SELECT c FROM sbtest2 WHERE id BETWEEN 5251527 AND 5252526
	-> Filter: (sbtest2.id between 5251527 and 5252526)  (cost=378 rows=1872)
    -> Index range scan on sbtest2 using PRIMARY over (5251527 <= id <= 5252526)  (cost=378 rows=1872)


table 3 : explain SELECT c FROM sbtest3 WHERE id BETWEEN 1142424 AND 1143423
	-> Filter: (sbtest3.id between 1142424 and 1143423)  (cost=378 rows=1872)
    -> Index range scan on sbtest3 using PRIMARY over (1142424 <= id <= 1143423)  (cost=378 rows=1872)


table 4 : explain SELECT c FROM sbtest4 WHERE id BETWEEN 9711303 AND 9712302
	-> Filter: (sbtest4.id between 9711303 and 9712302)  (cost=378 rows=1872)
    -> Index range scan on sbtest4 using PRIMARY over (9711303 <= id <= 9712302)  (cost=378 rows=1872)


table 5 : explain SELECT c FROM sbtest5 WHERE id BETWEEN 4010728 AND 4011727
	-> Filter: (sbtest5.id between 4010728 and 4011727)  (cost=371 rows=1838)
    -> Index range scan on sbtest5 using PRIMARY over (4010728 <= id <= 4011727)  (cost=371 rows=1838)


table 6 : explain SELECT c FROM sbtest6 WHERE id BETWEEN 1840299 AND 1841298
	-> Filter: (sbtest6.id between 1840299 and 1841298)  (cost=378 rows=1872)
    -> Index range scan on sbtest6 using PRIMARY over (1840299 <= id <= 1841298)  (cost=378 rows=1872)


table 7 : explain SELECT c FROM sbtest7 WHERE id BETWEEN 3509138 AND 3510137
	-> Filter: (sbtest7.id between 3509138 and 3510137)  (cost=371 rows=1838)
    -> Index range scan on sbtest7 using PRIMARY over (3509138 <= id <= 3510137)  (cost=371 rows=1838)


table 8 : explain SELECT c FROM sbtest8 WHERE id BETWEEN 6994488 AND 6995487
	-> Filter: (sbtest8.id between 6994488 and 6995487)  (cost=371 rows=1838)
    -> Index range scan on sbtest8 using PRIMARY over (6994488 <= id <= 6995487)  (cost=371 rows=1838)


for: simple_ranges
table 1 : explain SELECT c FROM sbtest1 WHERE id BETWEEN 1549018 AND 1550017
	-> Filter: (sbtest1.id between 1549018 and 1550017)  (cost=371 rows=1838)
    -> Index range scan on sbtest1 using PRIMARY over (1549018 <= id <= 1550017)  (cost=371 rows=1838)


table 2 : explain SELECT c FROM sbtest2 WHERE id BETWEEN 3057818 AND 3058817
	-> Filter: (sbtest2.id between 3057818 and 3058817)  (cost=371 rows=1838)
    -> Index range scan on sbtest2 using PRIMARY over (3057818 <= id <= 3058817)  (cost=371 rows=1838)


table 3 : explain SELECT c FROM sbtest3 WHERE id BETWEEN 907191 AND 908190
	-> Filter: (sbtest3.id between 907191 and 908190)  (cost=371 rows=1838)
    -> Index range scan on sbtest3 using PRIMARY over (907191 <= id <= 908190)  (cost=371 rows=1838)


table 4 : explain SELECT c FROM sbtest4 WHERE id BETWEEN 7409152 AND 7410151
	-> Filter: (sbtest4.id between 7409152 and 7410151)  (cost=371 rows=1838)
    -> Index range scan on sbtest4 using PRIMARY over (7409152 <= id <= 7410151)  (cost=371 rows=1838)


table 5 : explain SELECT c FROM sbtest5 WHERE id BETWEEN 1663042 AND 1664041
	-> Filter: (sbtest5.id between 1663042 and 1664041)  (cost=371 rows=1838)
    -> Index range scan on sbtest5 using PRIMARY over (1663042 <= id <= 1664041)  (cost=371 rows=1838)


table 6 : explain SELECT c FROM sbtest6 WHERE id BETWEEN 4370271 AND 4371270
	-> Filter: (sbtest6.id between 4370271 and 4371270)  (cost=378 rows=1872)
    -> Index range scan on sbtest6 using PRIMARY over (4370271 <= id <= 4371270)  (cost=378 rows=1872)


table 7 : explain SELECT c FROM sbtest7 WHERE id BETWEEN 8757299 AND 8758298
	-> Filter: (sbtest7.id between 8757299 and 8758298)  (cost=371 rows=1838)
    -> Index range scan on sbtest7 using PRIMARY over (8757299 <= id <= 8758298)  (cost=371 rows=1838)


table 8 : explain SELECT c FROM sbtest8 WHERE id BETWEEN 3071273 AND 3072272
	-> Filter: (sbtest8.id between 3071273 and 3072272)  (cost=371 rows=1838)
    -> Index range scan on sbtest8 using PRIMARY over (3071273 <= id <= 3072272)  (cost=371 rows=1838)


for: simple_ranges
table 1 : explain SELECT c FROM sbtest1 WHERE id BETWEEN 211614 AND 212613
	-> Filter: (sbtest1.id between 211614 and 212613)  (cost=371 rows=1838)
    -> Index range scan on sbtest1 using PRIMARY over (211614 <= id <= 212613)  (cost=371 rows=1838)


table 2 : explain SELECT c FROM sbtest2 WHERE id BETWEEN 3895108 AND 3896107
	-> Filter: (sbtest2.id between 3895108 and 3896107)  (cost=378 rows=1872)
    -> Index range scan on sbtest2 using PRIMARY over (3895108 <= id <= 3896107)  (cost=378 rows=1872)


table 3 : explain SELECT c FROM sbtest3 WHERE id BETWEEN 9317316 AND 9318315
	-> Filter: (sbtest3.id between 9317316 and 9318315)  (cost=371 rows=1838)
    -> Index range scan on sbtest3 using PRIMARY over (9317316 <= id <= 9318315)  (cost=371 rows=1838)


table 4 : explain SELECT c FROM sbtest4 WHERE id BETWEEN 1534718 AND 1535717
	-> Filter: (sbtest4.id between 1534718 and 1535717)  (cost=378 rows=1872)
    -> Index range scan on sbtest4 using PRIMARY over (1534718 <= id <= 1535717)  (cost=378 rows=1872)


table 5 : explain SELECT c FROM sbtest5 WHERE id BETWEEN 6427392 AND 6428391
	-> Filter: (sbtest5.id between 6427392 and 6428391)  (cost=371 rows=1838)
    -> Index range scan on sbtest5 using PRIMARY over (6427392 <= id <= 6428391)  (cost=371 rows=1838)


table 6 : explain SELECT c FROM sbtest6 WHERE id BETWEEN 9261395 AND 9262394
	-> Filter: (sbtest6.id between 9261395 and 9262394)  (cost=371 rows=1838)
    -> Index range scan on sbtest6 using PRIMARY over (9261395 <= id <= 9262394)  (cost=371 rows=1838)


table 7 : explain SELECT c FROM sbtest7 WHERE id BETWEEN 101928 AND 102927
	-> Filter: (sbtest7.id between 101928 and 102927)  (cost=371 rows=1838)
    -> Index range scan on sbtest7 using PRIMARY over (101928 <= id <= 102927)  (cost=371 rows=1838)


table 8 : explain SELECT c FROM sbtest8 WHERE id BETWEEN 544205 AND 545204
	-> Filter: (sbtest8.id between 544205 and 545204)  (cost=371 rows=1838)
    -> Index range scan on sbtest8 using PRIMARY over (544205 <= id <= 545204)  (cost=371 rows=1838)


for: simple_ranges
table 1 : explain SELECT c FROM sbtest1 WHERE id BETWEEN 1865636 AND 1866635
	-> Filter: (sbtest1.id between 1865636 and 1866635)  (cost=378 rows=1872)
    -> Index range scan on sbtest1 using PRIMARY over (1865636 <= id <= 1866635)  (cost=378 rows=1872)


table 2 : explain SELECT c FROM sbtest2 WHERE id BETWEEN 4578193 AND 4579192
	-> Filter: (sbtest2.id between 4578193 and 4579192)  (cost=371 rows=1838)
    -> Index range scan on sbtest2 using PRIMARY over (4578193 <= id <= 4579192)  (cost=371 rows=1838)


table 3 : explain SELECT c FROM sbtest3 WHERE id BETWEEN 1553085 AND 1554084
	-> Filter: (sbtest3.id between 1553085 and 1554084)  (cost=371 rows=1838)
    -> Index range scan on sbtest3 using PRIMARY over (1553085 <= id <= 1554084)  (cost=371 rows=1838)


table 4 : explain SELECT c FROM sbtest4 WHERE id BETWEEN 8529737 AND 8530736
	-> Filter: (sbtest4.id between 8529737 and 8530736)  (cost=378 rows=1872)
    -> Index range scan on sbtest4 using PRIMARY over (8529737 <= id <= 8530736)  (cost=378 rows=1872)


table 5 : explain SELECT c FROM sbtest5 WHERE id BETWEEN 53402 AND 54401
	-> Filter: (sbtest5.id between 53402 and 54401)  (cost=378 rows=1872)
    -> Index range scan on sbtest5 using PRIMARY over (53402 <= id <= 54401)  (cost=378 rows=1872)


table 6 : explain SELECT c FROM sbtest6 WHERE id BETWEEN 3793143 AND 3794142
	-> Filter: (sbtest6.id between 3793143 and 3794142)  (cost=371 rows=1838)
    -> Index range scan on sbtest6 using PRIMARY over (3793143 <= id <= 3794142)  (cost=371 rows=1838)


table 7 : explain SELECT c FROM sbtest7 WHERE id BETWEEN 9746486 AND 9747485
	-> Filter: (sbtest7.id between 9746486 and 9747485)  (cost=371 rows=1840)
    -> Index range scan on sbtest7 using PRIMARY over (9746486 <= id <= 9747485)  (cost=371 rows=1840)


table 8 : explain SELECT c FROM sbtest8 WHERE id BETWEEN 7638197 AND 7639196
	-> Filter: (sbtest8.id between 7638197 and 7639196)  (cost=371 rows=1838)
    -> Index range scan on sbtest8 using PRIMARY over (7638197 <= id <= 7639196)  (cost=371 rows=1838)


for: simple_ranges
table 1 : explain SELECT c FROM sbtest1 WHERE id BETWEEN 6166204 AND 6167203
	-> Filter: (sbtest1.id between 6166204 and 6167203)  (cost=378 rows=1872)
    -> Index range scan on sbtest1 using PRIMARY over (6166204 <= id <= 6167203)  (cost=378 rows=1872)


table 2 : explain SELECT c FROM sbtest2 WHERE id BETWEEN 1270591 AND 1271590
	-> Filter: (sbtest2.id between 1270591 and 1271590)  (cost=371 rows=1838)
    -> Index range scan on sbtest2 using PRIMARY over (1270591 <= id <= 1271590)  (cost=371 rows=1838)


table 3 : explain SELECT c FROM sbtest3 WHERE id BETWEEN 7165600 AND 7166599
	-> Filter: (sbtest3.id between 7165600 and 7166599)  (cost=371 rows=1838)
    -> Index range scan on sbtest3 using PRIMARY over (7165600 <= id <= 7166599)  (cost=371 rows=1838)


table 4 : explain SELECT c FROM sbtest4 WHERE id BETWEEN 610303 AND 611302
	-> Filter: (sbtest4.id between 610303 and 611302)  (cost=371 rows=1838)
    -> Index range scan on sbtest4 using PRIMARY over (610303 <= id <= 611302)  (cost=371 rows=1838)


table 5 : explain SELECT c FROM sbtest5 WHERE id BETWEEN 6840752 AND 6841751
	-> Filter: (sbtest5.id between 6840752 and 6841751)  (cost=371 rows=1838)
    -> Index range scan on sbtest5 using PRIMARY over (6840752 <= id <= 6841751)  (cost=371 rows=1838)


table 6 : explain SELECT c FROM sbtest6 WHERE id BETWEEN 525767 AND 526766
	-> Filter: (sbtest6.id between 525767 and 526766)  (cost=371 rows=1838)
    -> Index range scan on sbtest6 using PRIMARY over (525767 <= id <= 526766)  (cost=371 rows=1838)


table 7 : explain SELECT c FROM sbtest7 WHERE id BETWEEN 8272184 AND 8273183
	-> Filter: (sbtest7.id between 8272184 and 8273183)  (cost=378 rows=1872)
    -> Index range scan on sbtest7 using PRIMARY over (8272184 <= id <= 8273183)  (cost=378 rows=1872)


table 8 : explain SELECT c FROM sbtest8 WHERE id BETWEEN 2285318 AND 2286317
	-> Filter: (sbtest8.id between 2285318 and 2286317)  (cost=378 rows=1872)
    -> Index range scan on sbtest8 using PRIMARY over (2285318 <= id <= 2286317)  (cost=378 rows=1872)


for: sum_ranges
table 1 : explain SELECT SUM(k) FROM sbtest1 WHERE id BETWEEN 4353977 AND 4354976
	-> Aggregate: sum(sbtest1.k)  (cost=809 rows=1)
    -> Filter: (sbtest1.id between 4353977 and 4354976)  (cost=378 rows=1872)
        -> Index range scan on sbtest1 using PRIMARY over (4353977 <= id <= 4354976)  (cost=378 rows=1872)


table 2 : explain SELECT SUM(k) FROM sbtest2 WHERE id BETWEEN 4351236 AND 4352235
	-> Aggregate: sum(sbtest2.k)  (cost=794 rows=1)
    -> Filter: (sbtest2.id between 4351236 and 4352235)  (cost=371 rows=1838)
        -> Index range scan on sbtest2 using PRIMARY over (4351236 <= id <= 4352235)  (cost=371 rows=1838)


table 3 : explain SELECT SUM(k) FROM sbtest3 WHERE id BETWEEN 3213075 AND 3214074
	-> Aggregate: sum(sbtest3.k)  (cost=809 rows=1)
    -> Filter: (sbtest3.id between 3213075 and 3214074)  (cost=378 rows=1872)
        -> Index range scan on sbtest3 using PRIMARY over (3213075 <= id <= 3214074)  (cost=378 rows=1872)


table 4 : explain SELECT SUM(k) FROM sbtest4 WHERE id BETWEEN 5065704 AND 5066703
	-> Aggregate: sum(sbtest4.k)  (cost=794 rows=1)
    -> Filter: (sbtest4.id between 5065704 and 5066703)  (cost=371 rows=1838)
        -> Index range scan on sbtest4 using PRIMARY over (5065704 <= id <= 5066703)  (cost=371 rows=1838)


table 5 : explain SELECT SUM(k) FROM sbtest5 WHERE id BETWEEN 1655284 AND 1656283
	-> Aggregate: sum(sbtest5.k)  (cost=794 rows=1)
    -> Filter: (sbtest5.id between 1655284 and 1656283)  (cost=371 rows=1838)
        -> Index range scan on sbtest5 using PRIMARY over (1655284 <= id <= 1656283)  (cost=371 rows=1838)


table 6 : explain SELECT SUM(k) FROM sbtest6 WHERE id BETWEEN 1509376 AND 1510375
	-> Aggregate: sum(sbtest6.k)  (cost=794 rows=1)
    -> Filter: (sbtest6.id between 1509376 and 1510375)  (cost=371 rows=1838)
        -> Index range scan on sbtest6 using PRIMARY over (1509376 <= id <= 1510375)  (cost=371 rows=1838)


table 7 : explain SELECT SUM(k) FROM sbtest7 WHERE id BETWEEN 3512419 AND 3513418
	-> Aggregate: sum(sbtest7.k)  (cost=794 rows=1)
    -> Filter: (sbtest7.id between 3512419 and 3513418)  (cost=371 rows=1838)
        -> Index range scan on sbtest7 using PRIMARY over (3512419 <= id <= 3513418)  (cost=371 rows=1838)


table 8 : explain SELECT SUM(k) FROM sbtest8 WHERE id BETWEEN 3570111 AND 3571110
	-> Aggregate: sum(sbtest8.k)  (cost=809 rows=1)
    -> Filter: (sbtest8.id between 3570111 and 3571110)  (cost=378 rows=1872)
        -> Index range scan on sbtest8 using PRIMARY over (3570111 <= id <= 3571110)  (cost=378 rows=1872)


for: sum_ranges
table 1 : explain SELECT SUM(k) FROM sbtest1 WHERE id BETWEEN 1967122 AND 1968121
	-> Aggregate: sum(sbtest1.k)  (cost=794 rows=1)
    -> Filter: (sbtest1.id between 1967122 and 1968121)  (cost=371 rows=1838)
        -> Index range scan on sbtest1 using PRIMARY over (1967122 <= id <= 1968121)  (cost=371 rows=1838)


table 2 : explain SELECT SUM(k) FROM sbtest2 WHERE id BETWEEN 7360465 AND 7361464
	-> Aggregate: sum(sbtest2.k)  (cost=794 rows=1)
    -> Filter: (sbtest2.id between 7360465 and 7361464)  (cost=371 rows=1838)
        -> Index range scan on sbtest2 using PRIMARY over (7360465 <= id <= 7361464)  (cost=371 rows=1838)


table 3 : explain SELECT SUM(k) FROM sbtest3 WHERE id BETWEEN 2928682 AND 2929681
	-> Aggregate: sum(sbtest3.k)  (cost=794 rows=1)
    -> Filter: (sbtest3.id between 2928682 and 2929681)  (cost=371 rows=1838)
        -> Index range scan on sbtest3 using PRIMARY over (2928682 <= id <= 2929681)  (cost=371 rows=1838)


table 4 : explain SELECT SUM(k) FROM sbtest4 WHERE id BETWEEN 7485679 AND 7486678
	-> Aggregate: sum(sbtest4.k)  (cost=809 rows=1)
    -> Filter: (sbtest4.id between 7485679 and 7486678)  (cost=378 rows=1872)
        -> Index range scan on sbtest4 using PRIMARY over (7485679 <= id <= 7486678)  (cost=378 rows=1872)


table 5 : explain SELECT SUM(k) FROM sbtest5 WHERE id BETWEEN 3745349 AND 3746348
	-> Aggregate: sum(sbtest5.k)  (cost=794 rows=1)
    -> Filter: (sbtest5.id between 3745349 and 3746348)  (cost=371 rows=1838)
        -> Index range scan on sbtest5 using PRIMARY over (3745349 <= id <= 3746348)  (cost=371 rows=1838)


table 6 : explain SELECT SUM(k) FROM sbtest6 WHERE id BETWEEN 1662060 AND 1663059
	-> Aggregate: sum(sbtest6.k)  (cost=794 rows=1)
    -> Filter: (sbtest6.id between 1662060 and 1663059)  (cost=371 rows=1838)
        -> Index range scan on sbtest6 using PRIMARY over (1662060 <= id <= 1663059)  (cost=371 rows=1838)


table 7 : explain SELECT SUM(k) FROM sbtest7 WHERE id BETWEEN 2663874 AND 2664873
	-> Aggregate: sum(sbtest7.k)  (cost=794 rows=1)
    -> Filter: (sbtest7.id between 2663874 and 2664873)  (cost=371 rows=1838)
        -> Index range scan on sbtest7 using PRIMARY over (2663874 <= id <= 2664873)  (cost=371 rows=1838)


table 8 : explain SELECT SUM(k) FROM sbtest8 WHERE id BETWEEN 1644508 AND 1645507
	-> Aggregate: sum(sbtest8.k)  (cost=795 rows=1)
    -> Filter: (sbtest8.id between 1644508 and 1645507)  (cost=371 rows=1840)
        -> Index range scan on sbtest8 using PRIMARY over (1644508 <= id <= 1645507)  (cost=371 rows=1840)


for: simple_ranges
table 1 : explain SELECT c FROM sbtest1 WHERE id BETWEEN 757177 AND 758176
	-> Filter: (sbtest1.id between 757177 and 758176)  (cost=371 rows=1838)
    -> Index range scan on sbtest1 using PRIMARY over (757177 <= id <= 758176)  (cost=371 rows=1838)


table 2 : explain SELECT c FROM sbtest2 WHERE id BETWEEN 2565564 AND 2566563
	-> Filter: (sbtest2.id between 2565564 and 2566563)  (cost=378 rows=1872)
    -> Index range scan on sbtest2 using PRIMARY over (2565564 <= id <= 2566563)  (cost=378 rows=1872)


table 3 : explain SELECT c FROM sbtest3 WHERE id BETWEEN 6319776 AND 6320775
	-> Filter: (sbtest3.id between 6319776 and 6320775)  (cost=371 rows=1838)
    -> Index range scan on sbtest3 using PRIMARY over (6319776 <= id <= 6320775)  (cost=371 rows=1838)


table 4 : explain SELECT c FROM sbtest4 WHERE id BETWEEN 2535893 AND 2536892
	-> Filter: (sbtest4.id between 2535893 and 2536892)  (cost=371 rows=1838)
    -> Index range scan on sbtest4 using PRIMARY over (2535893 <= id <= 2536892)  (cost=371 rows=1838)


table 5 : explain SELECT c FROM sbtest5 WHERE id BETWEEN 7281810 AND 7282809
	-> Filter: (sbtest5.id between 7281810 and 7282809)  (cost=371 rows=1838)
    -> Index range scan on sbtest5 using PRIMARY over (7281810 <= id <= 7282809)  (cost=371 rows=1838)


table 6 : explain SELECT c FROM sbtest6 WHERE id BETWEEN 8858350 AND 8859349
	-> Filter: (sbtest6.id between 8858350 and 8859349)  (cost=371 rows=1838)
    -> Index range scan on sbtest6 using PRIMARY over (8858350 <= id <= 8859349)  (cost=371 rows=1838)


table 7 : explain SELECT c FROM sbtest7 WHERE id BETWEEN 7732508 AND 7733507
	-> Filter: (sbtest7.id between 7732508 and 7733507)  (cost=378 rows=1872)
    -> Index range scan on sbtest7 using PRIMARY over (7732508 <= id <= 7733507)  (cost=378 rows=1872)


table 8 : explain SELECT c FROM sbtest8 WHERE id BETWEEN 9409761 AND 9410760
	-> Filter: (sbtest8.id between 9409761 and 9410760)  (cost=371 rows=1838)
    -> Index range scan on sbtest8 using PRIMARY over (9409761 <= id <= 9410760)  (cost=371 rows=1838)


for: simple_ranges
table 1 : explain SELECT c FROM sbtest1 WHERE id BETWEEN 519009 AND 520008
	-> Filter: (sbtest1.id between 519009 and 520008)  (cost=378 rows=1872)
    -> Index range scan on sbtest1 using PRIMARY over (519009 <= id <= 520008)  (cost=378 rows=1872)


table 2 : explain SELECT c FROM sbtest2 WHERE id BETWEEN 521052 AND 522051
	-> Filter: (sbtest2.id between 521052 and 522051)  (cost=378 rows=1872)
    -> Index range scan on sbtest2 using PRIMARY over (521052 <= id <= 522051)  (cost=378 rows=1872)


table 3 : explain SELECT c FROM sbtest3 WHERE id BETWEEN 719788 AND 720787
	-> Filter: (sbtest3.id between 719788 and 720787)  (cost=371 rows=1838)
    -> Index range scan on sbtest3 using PRIMARY over (719788 <= id <= 720787)  (cost=371 rows=1838)


table 4 : explain SELECT c FROM sbtest4 WHERE id BETWEEN 5219530 AND 5220529
	-> Filter: (sbtest4.id between 5219530 and 5220529)  (cost=371 rows=1838)
    -> Index range scan on sbtest4 using PRIMARY over (5219530 <= id <= 5220529)  (cost=371 rows=1838)


table 5 : explain SELECT c FROM sbtest5 WHERE id BETWEEN 3992862 AND 3993861
	-> Filter: (sbtest5.id between 3992862 and 3993861)  (cost=378 rows=1872)
    -> Index range scan on sbtest5 using PRIMARY over (3992862 <= id <= 3993861)  (cost=378 rows=1872)


table 6 : explain SELECT c FROM sbtest6 WHERE id BETWEEN 4224905 AND 4225904
	-> Filter: (sbtest6.id between 4224905 and 4225904)  (cost=371 rows=1838)
    -> Index range scan on sbtest6 using PRIMARY over (4224905 <= id <= 4225904)  (cost=371 rows=1838)


table 7 : explain SELECT c FROM sbtest7 WHERE id BETWEEN 2602496 AND 2603495
	-> Filter: (sbtest7.id between 2602496 and 2603495)  (cost=378 rows=1872)
    -> Index range scan on sbtest7 using PRIMARY over (2602496 <= id <= 2603495)  (cost=378 rows=1872)


table 8 : explain SELECT c FROM sbtest8 WHERE id BETWEEN 9569574 AND 9570573
	-> Filter: (sbtest8.id between 9569574 and 9570573)  (cost=371 rows=1838)
    -> Index range scan on sbtest8 using PRIMARY over (9569574 <= id <= 9570573)  (cost=371 rows=1838)


for: sum_ranges
table 1 : explain SELECT SUM(k) FROM sbtest1 WHERE id BETWEEN 838493 AND 839492
	-> Aggregate: sum(sbtest1.k)  (cost=794 rows=1)
    -> Filter: (sbtest1.id between 838493 and 839492)  (cost=371 rows=1838)
        -> Index range scan on sbtest1 using PRIMARY over (838493 <= id <= 839492)  (cost=371 rows=1838)


table 2 : explain SELECT SUM(k) FROM sbtest2 WHERE id BETWEEN 9632982 AND 9633981
	-> Aggregate: sum(sbtest2.k)  (cost=809 rows=1)
    -> Filter: (sbtest2.id between 9632982 and 9633981)  (cost=378 rows=1872)
        -> Index range scan on sbtest2 using PRIMARY over (9632982 <= id <= 9633981)  (cost=378 rows=1872)


table 3 : explain SELECT SUM(k) FROM sbtest3 WHERE id BETWEEN 7089158 AND 7090157
	-> Aggregate: sum(sbtest3.k)  (cost=809 rows=1)
    -> Filter: (sbtest3.id between 7089158 and 7090157)  (cost=378 rows=1872)
        -> Index range scan on sbtest3 using PRIMARY over (7089158 <= id <= 7090157)  (cost=378 rows=1872)


table 4 : explain SELECT SUM(k) FROM sbtest4 WHERE id BETWEEN 2818865 AND 2819864
	-> Aggregate: sum(sbtest4.k)  (cost=809 rows=1)
    -> Filter: (sbtest4.id between 2818865 and 2819864)  (cost=378 rows=1872)
        -> Index range scan on sbtest4 using PRIMARY over (2818865 <= id <= 2819864)  (cost=378 rows=1872)


table 5 : explain SELECT SUM(k) FROM sbtest5 WHERE id BETWEEN 4696404 AND 4697403
	-> Aggregate: sum(sbtest5.k)  (cost=794 rows=1)
    -> Filter: (sbtest5.id between 4696404 and 4697403)  (cost=371 rows=1838)
        -> Index range scan on sbtest5 using PRIMARY over (4696404 <= id <= 4697403)  (cost=371 rows=1838)


table 6 : explain SELECT SUM(k) FROM sbtest6 WHERE id BETWEEN 5859440 AND 5860439
	-> Aggregate: sum(sbtest6.k)  (cost=794 rows=1)
    -> Filter: (sbtest6.id between 5859440 and 5860439)  (cost=371 rows=1838)
        -> Index range scan on sbtest6 using PRIMARY over (5859440 <= id <= 5860439)  (cost=371 rows=1838)


table 7 : explain SELECT SUM(k) FROM sbtest7 WHERE id BETWEEN 8556788 AND 8557787
	-> Aggregate: sum(sbtest7.k)  (cost=794 rows=1)
    -> Filter: (sbtest7.id between 8556788 and 8557787)  (cost=371 rows=1838)
        -> Index range scan on sbtest7 using PRIMARY over (8556788 <= id <= 8557787)  (cost=371 rows=1838)


table 8 : explain SELECT SUM(k) FROM sbtest8 WHERE id BETWEEN 3842771 AND 3843770
	-> Aggregate: sum(sbtest8.k)  (cost=809 rows=1)
    -> Filter: (sbtest8.id between 3842771 and 3843770)  (cost=378 rows=1872)
        -> Index range scan on sbtest8 using PRIMARY over (3842771 <= id <= 3843770)  (cost=378 rows=1872)


for: sum_ranges
table 1 : explain SELECT SUM(k) FROM sbtest1 WHERE id BETWEEN 9949761 AND 9950760
	-> Aggregate: sum(sbtest1.k)  (cost=794 rows=1)
    -> Filter: (sbtest1.id between 9949761 and 9950760)  (cost=371 rows=1838)
        -> Index range scan on sbtest1 using PRIMARY over (9949761 <= id <= 9950760)  (cost=371 rows=1838)


table 2 : explain SELECT SUM(k) FROM sbtest2 WHERE id BETWEEN 3224637 AND 3225636
	-> Aggregate: sum(sbtest2.k)  (cost=794 rows=1)
    -> Filter: (sbtest2.id between 3224637 and 3225636)  (cost=371 rows=1838)
        -> Index range scan on sbtest2 using PRIMARY over (3224637 <= id <= 3225636)  (cost=371 rows=1838)


table 3 : explain SELECT SUM(k) FROM sbtest3 WHERE id BETWEEN 2519008 AND 2520007
	-> Aggregate: sum(sbtest3.k)  (cost=794 rows=1)
    -> Filter: (sbtest3.id between 2519008 and 2520007)  (cost=371 rows=1838)
        -> Index range scan on sbtest3 using PRIMARY over (2519008 <= id <= 2520007)  (cost=371 rows=1838)


table 4 : explain SELECT SUM(k) FROM sbtest4 WHERE id BETWEEN 2093569 AND 2094568
	-> Aggregate: sum(sbtest4.k)  (cost=794 rows=1)
    -> Filter: (sbtest4.id between 2093569 and 2094568)  (cost=371 rows=1838)
        -> Index range scan on sbtest4 using PRIMARY over (2093569 <= id <= 2094568)  (cost=371 rows=1838)


table 5 : explain SELECT SUM(k) FROM sbtest5 WHERE id BETWEEN 8657410 AND 8658409
	-> Aggregate: sum(sbtest5.k)  (cost=809 rows=1)
    -> Filter: (sbtest5.id between 8657410 and 8658409)  (cost=378 rows=1872)
        -> Index range scan on sbtest5 using PRIMARY over (8657410 <= id <= 8658409)  (cost=378 rows=1872)


table 6 : explain SELECT SUM(k) FROM sbtest6 WHERE id BETWEEN 516987 AND 517986
	-> Aggregate: sum(sbtest6.k)  (cost=794 rows=1)
    -> Filter: (sbtest6.id between 516987 and 517986)  (cost=371 rows=1838)
        -> Index range scan on sbtest6 using PRIMARY over (516987 <= id <= 517986)  (cost=371 rows=1838)


table 7 : explain SELECT SUM(k) FROM sbtest7 WHERE id BETWEEN 2812952 AND 2813951
	-> Aggregate: sum(sbtest7.k)  (cost=809 rows=1)
    -> Filter: (sbtest7.id between 2812952 and 2813951)  (cost=378 rows=1872)
        -> Index range scan on sbtest7 using PRIMARY over (2812952 <= id <= 2813951)  (cost=378 rows=1872)


table 8 : explain SELECT SUM(k) FROM sbtest8 WHERE id BETWEEN 109515 AND 110514
	-> Aggregate: sum(sbtest8.k)  (cost=794 rows=1)
    -> Filter: (sbtest8.id between 109515 and 110514)  (cost=371 rows=1838)
        -> Index range scan on sbtest8 using PRIMARY over (109515 <= id <= 110514)  (cost=371 rows=1838)


for: sum_ranges
table 1 : explain SELECT SUM(k) FROM sbtest1 WHERE id BETWEEN 6293426 AND 6294425
	-> Aggregate: sum(sbtest1.k)  (cost=794 rows=1)
    -> Filter: (sbtest1.id between 6293426 and 6294425)  (cost=371 rows=1838)
        -> Index range scan on sbtest1 using PRIMARY over (6293426 <= id <= 6294425)  (cost=371 rows=1838)


table 2 : explain SELECT SUM(k) FROM sbtest2 WHERE id BETWEEN 9102107 AND 9103106
	-> Aggregate: sum(sbtest2.k)  (cost=794 rows=1)
    -> Filter: (sbtest2.id between 9102107 and 9103106)  (cost=371 rows=1838)
        -> Index range scan on sbtest2 using PRIMARY over (9102107 <= id <= 9103106)  (cost=371 rows=1838)


table 3 : explain SELECT SUM(k) FROM sbtest3 WHERE id BETWEEN 8785137 AND 8786136
	-> Aggregate: sum(sbtest3.k)  (cost=794 rows=1)
    -> Filter: (sbtest3.id between 8785137 and 8786136)  (cost=371 rows=1838)
        -> Index range scan on sbtest3 using PRIMARY over (8785137 <= id <= 8786136)  (cost=371 rows=1838)


table 4 : explain SELECT SUM(k) FROM sbtest4 WHERE id BETWEEN 5940234 AND 5941233
	-> Aggregate: sum(sbtest4.k)  (cost=794 rows=1)
    -> Filter: (sbtest4.id between 5940234 and 5941233)  (cost=371 rows=1838)
        -> Index range scan on sbtest4 using PRIMARY over (5940234 <= id <= 5941233)  (cost=371 rows=1838)


table 5 : explain SELECT SUM(k) FROM sbtest5 WHERE id BETWEEN 9708617 AND 9709616
	-> Aggregate: sum(sbtest5.k)  (cost=809 rows=1)
    -> Filter: (sbtest5.id between 9708617 and 9709616)  (cost=378 rows=1872)
        -> Index range scan on sbtest5 using PRIMARY over (9708617 <= id <= 9709616)  (cost=378 rows=1872)


table 6 : explain SELECT SUM(k) FROM sbtest6 WHERE id BETWEEN 5806550 AND 5807549
	-> Aggregate: sum(sbtest6.k)  (cost=809 rows=1)
    -> Filter: (sbtest6.id between 5806550 and 5807549)  (cost=378 rows=1872)
        -> Index range scan on sbtest6 using PRIMARY over (5806550 <= id <= 5807549)  (cost=378 rows=1872)


table 7 : explain SELECT SUM(k) FROM sbtest7 WHERE id BETWEEN 416919 AND 417918
	-> Aggregate: sum(sbtest7.k)  (cost=794 rows=1)
    -> Filter: (sbtest7.id between 416919 and 417918)  (cost=371 rows=1838)
        -> Index range scan on sbtest7 using PRIMARY over (416919 <= id <= 417918)  (cost=371 rows=1838)


table 8 : explain SELECT SUM(k) FROM sbtest8 WHERE id BETWEEN 8457609 AND 8458608
	-> Aggregate: sum(sbtest8.k)  (cost=809 rows=1)
    -> Filter: (sbtest8.id between 8457609 and 8458608)  (cost=378 rows=1872)
        -> Index range scan on sbtest8 using PRIMARY over (8457609 <= id <= 8458608)  (cost=378 rows=1872)


for: simple_ranges
table 1 : explain SELECT c FROM sbtest1 WHERE id BETWEEN 426075 AND 427074
	-> Filter: (sbtest1.id between 426075 and 427074)  (cost=378 rows=1872)
    -> Index range scan on sbtest1 using PRIMARY over (426075 <= id <= 427074)  (cost=378 rows=1872)


table 2 : explain SELECT c FROM sbtest2 WHERE id BETWEEN 7036122 AND 7037121
	-> Filter: (sbtest2.id between 7036122 and 7037121)  (cost=371 rows=1838)
    -> Index range scan on sbtest2 using PRIMARY over (7036122 <= id <= 7037121)  (cost=371 rows=1838)


table 3 : explain SELECT c FROM sbtest3 WHERE id BETWEEN 5407046 AND 5408045
	-> Filter: (sbtest3.id between 5407046 and 5408045)  (cost=371 rows=1838)
    -> Index range scan on sbtest3 using PRIMARY over (5407046 <= id <= 5408045)  (cost=371 rows=1838)


table 4 : explain SELECT c FROM sbtest4 WHERE id BETWEEN 2583183 AND 2584182
	-> Filter: (sbtest4.id between 2583183 and 2584182)  (cost=371 rows=1838)
    -> Index range scan on sbtest4 using PRIMARY over (2583183 <= id <= 2584182)  (cost=371 rows=1838)


table 5 : explain SELECT c FROM sbtest5 WHERE id BETWEEN 9243219 AND 9244218
	-> Filter: (sbtest5.id between 9243219 and 9244218)  (cost=371 rows=1838)
    -> Index range scan on sbtest5 using PRIMARY over (9243219 <= id <= 9244218)  (cost=371 rows=1838)


table 6 : explain SELECT c FROM sbtest6 WHERE id BETWEEN 8318801 AND 8319800
	-> Filter: (sbtest6.id between 8318801 and 8319800)  (cost=371 rows=1838)
    -> Index range scan on sbtest6 using PRIMARY over (8318801 <= id <= 8319800)  (cost=371 rows=1838)


table 7 : explain SELECT c FROM sbtest7 WHERE id BETWEEN 4146872 AND 4147871
	-> Filter: (sbtest7.id between 4146872 and 4147871)  (cost=371 rows=1838)
    -> Index range scan on sbtest7 using PRIMARY over (4146872 <= id <= 4147871)  (cost=371 rows=1838)


table 8 : explain SELECT c FROM sbtest8 WHERE id BETWEEN 2664040 AND 2665039
	-> Filter: (sbtest8.id between 2664040 and 2665039)  (cost=378 rows=1872)
    -> Index range scan on sbtest8 using PRIMARY over (2664040 <= id <= 2665039)  (cost=378 rows=1872)


for: sum_ranges
table 1 : explain SELECT SUM(k) FROM sbtest1 WHERE id BETWEEN 2572754 AND 2573753
	-> Aggregate: sum(sbtest1.k)  (cost=794 rows=1)
    -> Filter: (sbtest1.id between 2572754 and 2573753)  (cost=371 rows=1838)
        -> Index range scan on sbtest1 using PRIMARY over (2572754 <= id <= 2573753)  (cost=371 rows=1838)


table 2 : explain SELECT SUM(k) FROM sbtest2 WHERE id BETWEEN 621396 AND 622395
	-> Aggregate: sum(sbtest2.k)  (cost=794 rows=1)
    -> Filter: (sbtest2.id between 621396 and 622395)  (cost=371 rows=1838)
        -> Index range scan on sbtest2 using PRIMARY over (621396 <= id <= 622395)  (cost=371 rows=1838)


table 3 : explain SELECT SUM(k) FROM sbtest3 WHERE id BETWEEN 7446317 AND 7447316
	-> Aggregate: sum(sbtest3.k)  (cost=794 rows=1)
    -> Filter: (sbtest3.id between 7446317 and 7447316)  (cost=371 rows=1838)
        -> Index range scan on sbtest3 using PRIMARY over (7446317 <= id <= 7447316)  (cost=371 rows=1838)


table 4 : explain SELECT SUM(k) FROM sbtest4 WHERE id BETWEEN 2285829 AND 2286828
	-> Aggregate: sum(sbtest4.k)  (cost=809 rows=1)
    -> Filter: (sbtest4.id between 2285829 and 2286828)  (cost=378 rows=1872)
        -> Index range scan on sbtest4 using PRIMARY over (2285829 <= id <= 2286828)  (cost=378 rows=1872)


table 5 : explain SELECT SUM(k) FROM sbtest5 WHERE id BETWEEN 8316677 AND 8317676
	-> Aggregate: sum(sbtest5.k)  (cost=794 rows=1)
    -> Filter: (sbtest5.id between 8316677 and 8317676)  (cost=371 rows=1838)
        -> Index range scan on sbtest5 using PRIMARY over (8316677 <= id <= 8317676)  (cost=371 rows=1838)


table 6 : explain SELECT SUM(k) FROM sbtest6 WHERE id BETWEEN 1599714 AND 1600713
	-> Aggregate: sum(sbtest6.k)  (cost=794 rows=1)
    -> Filter: (sbtest6.id between 1599714 and 1600713)  (cost=371 rows=1838)
        -> Index range scan on sbtest6 using PRIMARY over (1599714 <= id <= 1600713)  (cost=371 rows=1838)


table 7 : explain SELECT SUM(k) FROM sbtest7 WHERE id BETWEEN 9026641 AND 9027640
	-> Aggregate: sum(sbtest7.k)  (cost=809 rows=1)
    -> Filter: (sbtest7.id between 9026641 and 9027640)  (cost=378 rows=1872)
        -> Index range scan on sbtest7 using PRIMARY over (9026641 <= id <= 9027640)  (cost=378 rows=1872)


table 8 : explain SELECT SUM(k) FROM sbtest8 WHERE id BETWEEN 4525227 AND 4526226
	-> Aggregate: sum(sbtest8.k)  (cost=794 rows=1)
    -> Filter: (sbtest8.id between 4525227 and 4526226)  (cost=371 rows=1838)
        -> Index range scan on sbtest8 using PRIMARY over (4525227 <= id <= 4526226)  (cost=371 rows=1838)


for: sum_ranges
table 1 : explain SELECT SUM(k) FROM sbtest1 WHERE id BETWEEN 1762904 AND 1763903
	-> Aggregate: sum(sbtest1.k)  (cost=794 rows=1)
    -> Filter: (sbtest1.id between 1762904 and 1763903)  (cost=371 rows=1838)
        -> Index range scan on sbtest1 using PRIMARY over (1762904 <= id <= 1763903)  (cost=371 rows=1838)


table 2 : explain SELECT SUM(k) FROM sbtest2 WHERE id BETWEEN 4409121 AND 4410120
	-> Aggregate: sum(sbtest2.k)  (cost=794 rows=1)
    -> Filter: (sbtest2.id between 4409121 and 4410120)  (cost=371 rows=1838)
        -> Index range scan on sbtest2 using PRIMARY over (4409121 <= id <= 4410120)  (cost=371 rows=1838)


table 3 : explain SELECT SUM(k) FROM sbtest3 WHERE id BETWEEN 5195779 AND 5196778
	-> Aggregate: sum(sbtest3.k)  (cost=794 rows=1)
    -> Filter: (sbtest3.id between 5195779 and 5196778)  (cost=371 rows=1838)
        -> Index range scan on sbtest3 using PRIMARY over (5195779 <= id <= 5196778)  (cost=371 rows=1838)


table 4 : explain SELECT SUM(k) FROM sbtest4 WHERE id BETWEEN 565067 AND 566066
	-> Aggregate: sum(sbtest4.k)  (cost=809 rows=1)
    -> Filter: (sbtest4.id between 565067 and 566066)  (cost=378 rows=1872)
        -> Index range scan on sbtest4 using PRIMARY over (565067 <= id <= 566066)  (cost=378 rows=1872)


table 5 : explain SELECT SUM(k) FROM sbtest5 WHERE id BETWEEN 1975203 AND 1976202
	-> Aggregate: sum(sbtest5.k)  (cost=809 rows=1)
    -> Filter: (sbtest5.id between 1975203 and 1976202)  (cost=378 rows=1872)
        -> Index range scan on sbtest5 using PRIMARY over (1975203 <= id <= 1976202)  (cost=378 rows=1872)


table 6 : explain SELECT SUM(k) FROM sbtest6 WHERE id BETWEEN 113046 AND 114045
	-> Aggregate: sum(sbtest6.k)  (cost=809 rows=1)
    -> Filter: (sbtest6.id between 113046 and 114045)  (cost=378 rows=1872)
        -> Index range scan on sbtest6 using PRIMARY over (113046 <= id <= 114045)  (cost=378 rows=1872)


table 7 : explain SELECT SUM(k) FROM sbtest7 WHERE id BETWEEN 8790569 AND 8791568
	-> Aggregate: sum(sbtest7.k)  (cost=809 rows=1)
    -> Filter: (sbtest7.id between 8790569 and 8791568)  (cost=378 rows=1872)
        -> Index range scan on sbtest7 using PRIMARY over (8790569 <= id <= 8791568)  (cost=378 rows=1872)


table 8 : explain SELECT SUM(k) FROM sbtest8 WHERE id BETWEEN 3849065 AND 3850064
	-> Aggregate: sum(sbtest8.k)  (cost=794 rows=1)
    -> Filter: (sbtest8.id between 3849065 and 3850064)  (cost=371 rows=1838)
        -> Index range scan on sbtest8 using PRIMARY over (3849065 <= id <= 3850064)  (cost=371 rows=1838)


for: sum_ranges
table 1 : explain SELECT SUM(k) FROM sbtest1 WHERE id BETWEEN 9471743 AND 9472742
	-> Aggregate: sum(sbtest1.k)  (cost=794 rows=1)
    -> Filter: (sbtest1.id between 9471743 and 9472742)  (cost=371 rows=1838)
        -> Index range scan on sbtest1 using PRIMARY over (9471743 <= id <= 9472742)  (cost=371 rows=1838)


table 2 : explain SELECT SUM(k) FROM sbtest2 WHERE id BETWEEN 3731563 AND 3732562
	-> Aggregate: sum(sbtest2.k)  (cost=794 rows=1)
    -> Filter: (sbtest2.id between 3731563 and 3732562)  (cost=371 rows=1838)
        -> Index range scan on sbtest2 using PRIMARY over (3731563 <= id <= 3732562)  (cost=371 rows=1838)


table 3 : explain SELECT SUM(k) FROM sbtest3 WHERE id BETWEEN 2813225 AND 2814224
	-> Aggregate: sum(sbtest3.k)  (cost=794 rows=1)
    -> Filter: (sbtest3.id between 2813225 and 2814224)  (cost=371 rows=1838)
        -> Index range scan on sbtest3 using PRIMARY over (2813225 <= id <= 2814224)  (cost=371 rows=1838)


table 4 : explain SELECT SUM(k) FROM sbtest4 WHERE id BETWEEN 3278778 AND 3279777
	-> Aggregate: sum(sbtest4.k)  (cost=809 rows=1)
    -> Filter: (sbtest4.id between 3278778 and 3279777)  (cost=378 rows=1872)
        -> Index range scan on sbtest4 using PRIMARY over (3278778 <= id <= 3279777)  (cost=378 rows=1872)


table 5 : explain SELECT SUM(k) FROM sbtest5 WHERE id BETWEEN 8326231 AND 8327230
	-> Aggregate: sum(sbtest5.k)  (cost=794 rows=1)
    -> Filter: (sbtest5.id between 8326231 and 8327230)  (cost=371 rows=1838)
        -> Index range scan on sbtest5 using PRIMARY over (8326231 <= id <= 8327230)  (cost=371 rows=1838)


table 6 : explain SELECT SUM(k) FROM sbtest6 WHERE id BETWEEN 8453947 AND 8454946
	-> Aggregate: sum(sbtest6.k)  (cost=794 rows=1)
    -> Filter: (sbtest6.id between 8453947 and 8454946)  (cost=371 rows=1838)
        -> Index range scan on sbtest6 using PRIMARY over (8453947 <= id <= 8454946)  (cost=371 rows=1838)


table 7 : explain SELECT SUM(k) FROM sbtest7 WHERE id BETWEEN 7237689 AND 7238688
	-> Aggregate: sum(sbtest7.k)  (cost=794 rows=1)
    -> Filter: (sbtest7.id between 7237689 and 7238688)  (cost=371 rows=1838)
        -> Index range scan on sbtest7 using PRIMARY over (7237689 <= id <= 7238688)  (cost=371 rows=1838)


table 8 : explain SELECT SUM(k) FROM sbtest8 WHERE id BETWEEN 9827459 AND 9828458
	-> Aggregate: sum(sbtest8.k)  (cost=809 rows=1)
    -> Filter: (sbtest8.id between 9827459 and 9828458)  (cost=378 rows=1872)
        -> Index range scan on sbtest8 using PRIMARY over (9827459 <= id <= 9828458)  (cost=378 rows=1872)


for: sum_ranges
table 1 : explain SELECT SUM(k) FROM sbtest1 WHERE id BETWEEN 1414170 AND 1415169
	-> Aggregate: sum(sbtest1.k)  (cost=794 rows=1)
    -> Filter: (sbtest1.id between 1414170 and 1415169)  (cost=371 rows=1838)
        -> Index range scan on sbtest1 using PRIMARY over (1414170 <= id <= 1415169)  (cost=371 rows=1838)


table 2 : explain SELECT SUM(k) FROM sbtest2 WHERE id BETWEEN 9817423 AND 9818422
	-> Aggregate: sum(sbtest2.k)  (cost=794 rows=1)
    -> Filter: (sbtest2.id between 9817423 and 9818422)  (cost=371 rows=1838)
        -> Index range scan on sbtest2 using PRIMARY over (9817423 <= id <= 9818422)  (cost=371 rows=1838)


table 3 : explain SELECT SUM(k) FROM sbtest3 WHERE id BETWEEN 8363426 AND 8364425
	-> Aggregate: sum(sbtest3.k)  (cost=794 rows=1)
    -> Filter: (sbtest3.id between 8363426 and 8364425)  (cost=371 rows=1838)
        -> Index range scan on sbtest3 using PRIMARY over (8363426 <= id <= 8364425)  (cost=371 rows=1838)


table 4 : explain SELECT SUM(k) FROM sbtest4 WHERE id BETWEEN 2723131 AND 2724130
	-> Aggregate: sum(sbtest4.k)  (cost=794 rows=1)
    -> Filter: (sbtest4.id between 2723131 and 2724130)  (cost=371 rows=1838)
        -> Index range scan on sbtest4 using PRIMARY over (2723131 <= id <= 2724130)  (cost=371 rows=1838)


table 5 : explain SELECT SUM(k) FROM sbtest5 WHERE id BETWEEN 3044685 AND 3045684
	-> Aggregate: sum(sbtest5.k)  (cost=794 rows=1)
    -> Filter: (sbtest5.id between 3044685 and 3045684)  (cost=371 rows=1838)
        -> Index range scan on sbtest5 using PRIMARY over (3044685 <= id <= 3045684)  (cost=371 rows=1838)


table 6 : explain SELECT SUM(k) FROM sbtest6 WHERE id BETWEEN 6325473 AND 6326472
	-> Aggregate: sum(sbtest6.k)  (cost=794 rows=1)
    -> Filter: (sbtest6.id between 6325473 and 6326472)  (cost=371 rows=1838)
        -> Index range scan on sbtest6 using PRIMARY over (6325473 <= id <= 6326472)  (cost=371 rows=1838)


table 7 : explain SELECT SUM(k) FROM sbtest7 WHERE id BETWEEN 8839175 AND 8840174
	-> Aggregate: sum(sbtest7.k)  (cost=809 rows=1)
    -> Filter: (sbtest7.id between 8839175 and 8840174)  (cost=378 rows=1872)
        -> Index range scan on sbtest7 using PRIMARY over (8839175 <= id <= 8840174)  (cost=378 rows=1872)


table 8 : explain SELECT SUM(k) FROM sbtest8 WHERE id BETWEEN 56345 AND 57344
	-> Aggregate: sum(sbtest8.k)  (cost=794 rows=1)
    -> Filter: (sbtest8.id between 56345 and 57344)  (cost=371 rows=1838)
        -> Index range scan on sbtest8 using PRIMARY over (56345 <= id <= 57344)  (cost=371 rows=1838)


for: sum_ranges
table 1 : explain SELECT SUM(k) FROM sbtest1 WHERE id BETWEEN 7534112 AND 7535111
	-> Aggregate: sum(sbtest1.k)  (cost=794 rows=1)
    -> Filter: (sbtest1.id between 7534112 and 7535111)  (cost=371 rows=1838)
        -> Index range scan on sbtest1 using PRIMARY over (7534112 <= id <= 7535111)  (cost=371 rows=1838)


table 2 : explain SELECT SUM(k) FROM sbtest2 WHERE id BETWEEN 353103 AND 354102
	-> Aggregate: sum(sbtest2.k)  (cost=794 rows=1)
    -> Filter: (sbtest2.id between 353103 and 354102)  (cost=371 rows=1838)
        -> Index range scan on sbtest2 using PRIMARY over (353103 <= id <= 354102)  (cost=371 rows=1838)


table 3 : explain SELECT SUM(k) FROM sbtest3 WHERE id BETWEEN 7601703 AND 7602702
	-> Aggregate: sum(sbtest3.k)  (cost=794 rows=1)
    -> Filter: (sbtest3.id between 7601703 and 7602702)  (cost=371 rows=1838)
        -> Index range scan on sbtest3 using PRIMARY over (7601703 <= id <= 7602702)  (cost=371 rows=1838)


table 4 : explain SELECT SUM(k) FROM sbtest4 WHERE id BETWEEN 3216064 AND 3217063
	-> Aggregate: sum(sbtest4.k)  (cost=809 rows=1)
    -> Filter: (sbtest4.id between 3216064 and 3217063)  (cost=378 rows=1872)
        -> Index range scan on sbtest4 using PRIMARY over (3216064 <= id <= 3217063)  (cost=378 rows=1872)


table 5 : explain SELECT SUM(k) FROM sbtest5 WHERE id BETWEEN 9286075 AND 9287074
	-> Aggregate: sum(sbtest5.k)  (cost=795 rows=1)
    -> Filter: (sbtest5.id between 9286075 and 9287074)  (cost=371 rows=1840)
        -> Index range scan on sbtest5 using PRIMARY over (9286075 <= id <= 9287074)  (cost=371 rows=1840)


table 6 : explain SELECT SUM(k) FROM sbtest6 WHERE id BETWEEN 3638840 AND 3639839
	-> Aggregate: sum(sbtest6.k)  (cost=794 rows=1)
    -> Filter: (sbtest6.id between 3638840 and 3639839)  (cost=371 rows=1838)
        -> Index range scan on sbtest6 using PRIMARY over (3638840 <= id <= 3639839)  (cost=371 rows=1838)


table 7 : explain SELECT SUM(k) FROM sbtest7 WHERE id BETWEEN 6004496 AND 6005495
	-> Aggregate: sum(sbtest7.k)  (cost=794 rows=1)
    -> Filter: (sbtest7.id between 6004496 and 6005495)  (cost=371 rows=1838)
        -> Index range scan on sbtest7 using PRIMARY over (6004496 <= id <= 6005495)  (cost=371 rows=1838)


table 8 : explain SELECT SUM(k) FROM sbtest8 WHERE id BETWEEN 9667837 AND 9668836
	-> Aggregate: sum(sbtest8.k)  (cost=794 rows=1)
    -> Filter: (sbtest8.id between 9667837 and 9668836)  (cost=371 rows=1838)
        -> Index range scan on sbtest8 using PRIMARY over (9667837 <= id <= 9668836)  (cost=371 rows=1838)


for: sum_ranges
table 1 : explain SELECT SUM(k) FROM sbtest1 WHERE id BETWEEN 7777601 AND 7778600
	-> Aggregate: sum(sbtest1.k)  (cost=794 rows=1)
    -> Filter: (sbtest1.id between 7777601 and 7778600)  (cost=371 rows=1838)
        -> Index range scan on sbtest1 using PRIMARY over (7777601 <= id <= 7778600)  (cost=371 rows=1838)


table 2 : explain SELECT SUM(k) FROM sbtest2 WHERE id BETWEEN 7291147 AND 7292146
	-> Aggregate: sum(sbtest2.k)  (cost=809 rows=1)
    -> Filter: (sbtest2.id between 7291147 and 7292146)  (cost=378 rows=1872)
        -> Index range scan on sbtest2 using PRIMARY over (7291147 <= id <= 7292146)  (cost=378 rows=1872)


table 3 : explain SELECT SUM(k) FROM sbtest3 WHERE id BETWEEN 1199739 AND 1200738
	-> Aggregate: sum(sbtest3.k)  (cost=809 rows=1)
    -> Filter: (sbtest3.id between 1199739 and 1200738)  (cost=378 rows=1872)
        -> Index range scan on sbtest3 using PRIMARY over (1199739 <= id <= 1200738)  (cost=378 rows=1872)


table 4 : explain SELECT SUM(k) FROM sbtest4 WHERE id BETWEEN 6368538 AND 6369537
	-> Aggregate: sum(sbtest4.k)  (cost=794 rows=1)
    -> Filter: (sbtest4.id between 6368538 and 6369537)  (cost=371 rows=1838)
        -> Index range scan on sbtest4 using PRIMARY over (6368538 <= id <= 6369537)  (cost=371 rows=1838)


table 5 : explain SELECT SUM(k) FROM sbtest5 WHERE id BETWEEN 9095193 AND 9096192
	-> Aggregate: sum(sbtest5.k)  (cost=809 rows=1)
    -> Filter: (sbtest5.id between 9095193 and 9096192)  (cost=378 rows=1872)
        -> Index range scan on sbtest5 using PRIMARY over (9095193 <= id <= 9096192)  (cost=378 rows=1872)


table 6 : explain SELECT SUM(k) FROM sbtest6 WHERE id BETWEEN 7644693 AND 7645692
	-> Aggregate: sum(sbtest6.k)  (cost=794 rows=1)
    -> Filter: (sbtest6.id between 7644693 and 7645692)  (cost=371 rows=1838)
        -> Index range scan on sbtest6 using PRIMARY over (7644693 <= id <= 7645692)  (cost=371 rows=1838)


table 7 : explain SELECT SUM(k) FROM sbtest7 WHERE id BETWEEN 154760 AND 155759
	-> Aggregate: sum(sbtest7.k)  (cost=794 rows=1)
    -> Filter: (sbtest7.id between 154760 and 155759)  (cost=371 rows=1838)
        -> Index range scan on sbtest7 using PRIMARY over (154760 <= id <= 155759)  (cost=371 rows=1838)


table 8 : explain SELECT SUM(k) FROM sbtest8 WHERE id BETWEEN 8088690 AND 8089689
	-> Aggregate: sum(sbtest8.k)  (cost=794 rows=1)
    -> Filter: (sbtest8.id between 8088690 and 8089689)  (cost=371 rows=1838)
        -> Index range scan on sbtest8 using PRIMARY over (8088690 <= id <= 8089689)  (cost=371 rows=1838)


for: order_ranges
table 1 : explain SELECT c FROM sbtest1 WHERE id BETWEEN 6753104 AND 6754103 ORDER BY c
	-> Sort: sbtest1.c  (cost=371 rows=1838)
    -> Filter: (sbtest1.id between 6753104 and 6754103)  (cost=371 rows=1838)
        -> Index range scan on sbtest1 using PRIMARY over (6753104 <= id <= 6754103)  (cost=371 rows=1838)


table 2 : explain SELECT c FROM sbtest2 WHERE id BETWEEN 4320749 AND 4321748 ORDER BY c
	-> Sort: sbtest2.c  (cost=371 rows=1838)
    -> Filter: (sbtest2.id between 4320749 and 4321748)  (cost=371 rows=1838)
        -> Index range scan on sbtest2 using PRIMARY over (4320749 <= id <= 4321748)  (cost=371 rows=1838)


table 3 : explain SELECT c FROM sbtest3 WHERE id BETWEEN 4667353 AND 4668352 ORDER BY c
	-> Sort: sbtest3.c  (cost=371 rows=1838)
    -> Filter: (sbtest3.id between 4667353 and 4668352)  (cost=371 rows=1838)
        -> Index range scan on sbtest3 using PRIMARY over (4667353 <= id <= 4668352)  (cost=371 rows=1838)


table 4 : explain SELECT c FROM sbtest4 WHERE id BETWEEN 9680776 AND 9681775 ORDER BY c
	-> Sort: sbtest4.c  (cost=371 rows=1838)
    -> Filter: (sbtest4.id between 9680776 and 9681775)  (cost=371 rows=1838)
        -> Index range scan on sbtest4 using PRIMARY over (9680776 <= id <= 9681775)  (cost=371 rows=1838)


table 5 : explain SELECT c FROM sbtest5 WHERE id BETWEEN 211068 AND 212067 ORDER BY c
	-> Sort: sbtest5.c  (cost=371 rows=1838)
    -> Filter: (sbtest5.id between 211068 and 212067)  (cost=371 rows=1838)
        -> Index range scan on sbtest5 using PRIMARY over (211068 <= id <= 212067)  (cost=371 rows=1838)


table 6 : explain SELECT c FROM sbtest6 WHERE id BETWEEN 9250787 AND 9251786 ORDER BY c
	-> Sort: sbtest6.c  (cost=371 rows=1838)
    -> Filter: (sbtest6.id between 9250787 and 9251786)  (cost=371 rows=1838)
        -> Index range scan on sbtest6 using PRIMARY over (9250787 <= id <= 9251786)  (cost=371 rows=1838)


table 7 : explain SELECT c FROM sbtest7 WHERE id BETWEEN 6586284 AND 6587283 ORDER BY c
	-> Sort: sbtest7.c  (cost=371 rows=1838)
    -> Filter: (sbtest7.id between 6586284 and 6587283)  (cost=371 rows=1838)
        -> Index range scan on sbtest7 using PRIMARY over (6586284 <= id <= 6587283)  (cost=371 rows=1838)


table 8 : explain SELECT c FROM sbtest8 WHERE id BETWEEN 4925451 AND 4926450 ORDER BY c
	-> Sort: sbtest8.c  (cost=371 rows=1838)
    -> Filter: (sbtest8.id between 4925451 and 4926450)  (cost=371 rows=1838)
        -> Index range scan on sbtest8 using PRIMARY over (4925451 <= id <= 4926450)  (cost=371 rows=1838)


for: sum_ranges
table 1 : explain SELECT SUM(k) FROM sbtest1 WHERE id BETWEEN 7120797 AND 7121796
	-> Aggregate: sum(sbtest1.k)  (cost=794 rows=1)
    -> Filter: (sbtest1.id between 7120797 and 7121796)  (cost=371 rows=1838)
        -> Index range scan on sbtest1 using PRIMARY over (7120797 <= id <= 7121796)  (cost=371 rows=1838)


table 2 : explain SELECT SUM(k) FROM sbtest2 WHERE id BETWEEN 7344620 AND 7345619
	-> Aggregate: sum(sbtest2.k)  (cost=794 rows=1)
    -> Filter: (sbtest2.id between 7344620 and 7345619)  (cost=371 rows=1838)
        -> Index range scan on sbtest2 using PRIMARY over (7344620 <= id <= 7345619)  (cost=371 rows=1838)


table 3 : explain SELECT SUM(k) FROM sbtest3 WHERE id BETWEEN 90922 AND 91921
	-> Aggregate: sum(sbtest3.k)  (cost=795 rows=1)
    -> Filter: (sbtest3.id between 90922 and 91921)  (cost=371 rows=1840)
        -> Index range scan on sbtest3 using PRIMARY over (90922 <= id <= 91921)  (cost=371 rows=1840)


table 4 : explain SELECT SUM(k) FROM sbtest4 WHERE id BETWEEN 6632698 AND 6633697
	-> Aggregate: sum(sbtest4.k)  (cost=794 rows=1)
    -> Filter: (sbtest4.id between 6632698 and 6633697)  (cost=371 rows=1838)
        -> Index range scan on sbtest4 using PRIMARY over (6632698 <= id <= 6633697)  (cost=371 rows=1838)


table 5 : explain SELECT SUM(k) FROM sbtest5 WHERE id BETWEEN 2791388 AND 2792387
	-> Aggregate: sum(sbtest5.k)  (cost=794 rows=1)
    -> Filter: (sbtest5.id between 2791388 and 2792387)  (cost=371 rows=1838)
        -> Index range scan on sbtest5 using PRIMARY over (2791388 <= id <= 2792387)  (cost=371 rows=1838)


table 6 : explain SELECT SUM(k) FROM sbtest6 WHERE id BETWEEN 255521 AND 256520
	-> Aggregate: sum(sbtest6.k)  (cost=794 rows=1)
    -> Filter: (sbtest6.id between 255521 and 256520)  (cost=371 rows=1838)
        -> Index range scan on sbtest6 using PRIMARY over (255521 <= id <= 256520)  (cost=371 rows=1838)


table 7 : explain SELECT SUM(k) FROM sbtest7 WHERE id BETWEEN 6542175 AND 6543174
	-> Aggregate: sum(sbtest7.k)  (cost=794 rows=1)
    -> Filter: (sbtest7.id between 6542175 and 6543174)  (cost=371 rows=1838)
        -> Index range scan on sbtest7 using PRIMARY over (6542175 <= id <= 6543174)  (cost=371 rows=1838)


table 8 : explain SELECT SUM(k) FROM sbtest8 WHERE id BETWEEN 2671011 AND 2672010
	-> Aggregate: sum(sbtest8.k)  (cost=794 rows=1)
    -> Filter: (sbtest8.id between 2671011 and 2672010)  (cost=371 rows=1838)
        -> Index range scan on sbtest8 using PRIMARY over (2671011 <= id <= 2672010)  (cost=371 rows=1838)


for: sum_ranges
table 1 : explain SELECT SUM(k) FROM sbtest1 WHERE id BETWEEN 7726559 AND 7727558
	-> Aggregate: sum(sbtest1.k)  (cost=794 rows=1)
    -> Filter: (sbtest1.id between 7726559 and 7727558)  (cost=371 rows=1838)
        -> Index range scan on sbtest1 using PRIMARY over (7726559 <= id <= 7727558)  (cost=371 rows=1838)


table 2 : explain SELECT SUM(k) FROM sbtest2 WHERE id BETWEEN 6611156 AND 6612155
	-> Aggregate: sum(sbtest2.k)  (cost=809 rows=1)
    -> Filter: (sbtest2.id between 6611156 and 6612155)  (cost=378 rows=1872)
        -> Index range scan on sbtest2 using PRIMARY over (6611156 <= id <= 6612155)  (cost=378 rows=1872)


table 3 : explain SELECT SUM(k) FROM sbtest3 WHERE id BETWEEN 2203671 AND 2204670
	-> Aggregate: sum(sbtest3.k)  (cost=794 rows=1)
    -> Filter: (sbtest3.id between 2203671 and 2204670)  (cost=371 rows=1838)
        -> Index range scan on sbtest3 using PRIMARY over (2203671 <= id <= 2204670)  (cost=371 rows=1838)


table 4 : explain SELECT SUM(k) FROM sbtest4 WHERE id BETWEEN 4410273 AND 4411272
	-> Aggregate: sum(sbtest4.k)  (cost=809 rows=1)
    -> Filter: (sbtest4.id between 4410273 and 4411272)  (cost=378 rows=1872)
        -> Index range scan on sbtest4 using PRIMARY over (4410273 <= id <= 4411272)  (cost=378 rows=1872)


table 5 : explain SELECT SUM(k) FROM sbtest5 WHERE id BETWEEN 5282973 AND 5283972
	-> Aggregate: sum(sbtest5.k)  (cost=794 rows=1)
    -> Filter: (sbtest5.id between 5282973 and 5283972)  (cost=371 rows=1838)
        -> Index range scan on sbtest5 using PRIMARY over (5282973 <= id <= 5283972)  (cost=371 rows=1838)


table 6 : explain SELECT SUM(k) FROM sbtest6 WHERE id BETWEEN 6285527 AND 6286526
	-> Aggregate: sum(sbtest6.k)  (cost=794 rows=1)
    -> Filter: (sbtest6.id between 6285527 and 6286526)  (cost=371 rows=1838)
        -> Index range scan on sbtest6 using PRIMARY over (6285527 <= id <= 6286526)  (cost=371 rows=1838)


table 7 : explain SELECT SUM(k) FROM sbtest7 WHERE id BETWEEN 2395213 AND 2396212
	-> Aggregate: sum(sbtest7.k)  (cost=794 rows=1)
    -> Filter: (sbtest7.id between 2395213 and 2396212)  (cost=371 rows=1838)
        -> Index range scan on sbtest7 using PRIMARY over (2395213 <= id <= 2396212)  (cost=371 rows=1838)


table 8 : explain SELECT SUM(k) FROM sbtest8 WHERE id BETWEEN 2794502 AND 2795501
	-> Aggregate: sum(sbtest8.k)  (cost=794 rows=1)
    -> Filter: (sbtest8.id between 2794502 and 2795501)  (cost=371 rows=1838)
        -> Index range scan on sbtest8 using PRIMARY over (2794502 <= id <= 2795501)  (cost=371 rows=1838)


for: sum_ranges
table 1 : explain SELECT SUM(k) FROM sbtest1 WHERE id BETWEEN 2880893 AND 2881892
	-> Aggregate: sum(sbtest1.k)  (cost=794 rows=1)
    -> Filter: (sbtest1.id between 2880893 and 2881892)  (cost=371 rows=1838)
        -> Index range scan on sbtest1 using PRIMARY over (2880893 <= id <= 2881892)  (cost=371 rows=1838)


table 2 : explain SELECT SUM(k) FROM sbtest2 WHERE id BETWEEN 3526181 AND 3527180
	-> Aggregate: sum(sbtest2.k)  (cost=794 rows=1)
    -> Filter: (sbtest2.id between 3526181 and 3527180)  (cost=371 rows=1838)
        -> Index range scan on sbtest2 using PRIMARY over (3526181 <= id <= 3527180)  (cost=371 rows=1838)


table 3 : explain SELECT SUM(k) FROM sbtest3 WHERE id BETWEEN 4717968 AND 4718967
	-> Aggregate: sum(sbtest3.k)  (cost=809 rows=1)
    -> Filter: (sbtest3.id between 4717968 and 4718967)  (cost=378 rows=1872)
        -> Index range scan on sbtest3 using PRIMARY over (4717968 <= id <= 4718967)  (cost=378 rows=1872)


table 4 : explain SELECT SUM(k) FROM sbtest4 WHERE id BETWEEN 5165779 AND 5166778
	-> Aggregate: sum(sbtest4.k)  (cost=794 rows=1)
    -> Filter: (sbtest4.id between 5165779 and 5166778)  (cost=371 rows=1838)
        -> Index range scan on sbtest4 using PRIMARY over (5165779 <= id <= 5166778)  (cost=371 rows=1838)


table 5 : explain SELECT SUM(k) FROM sbtest5 WHERE id BETWEEN 8720815 AND 8721814
	-> Aggregate: sum(sbtest5.k)  (cost=794 rows=1)
    -> Filter: (sbtest5.id between 8720815 and 8721814)  (cost=371 rows=1838)
        -> Index range scan on sbtest5 using PRIMARY over (8720815 <= id <= 8721814)  (cost=371 rows=1838)


table 6 : explain SELECT SUM(k) FROM sbtest6 WHERE id BETWEEN 4126552 AND 4127551
	-> Aggregate: sum(sbtest6.k)  (cost=794 rows=1)
    -> Filter: (sbtest6.id between 4126552 and 4127551)  (cost=371 rows=1838)
        -> Index range scan on sbtest6 using PRIMARY over (4126552 <= id <= 4127551)  (cost=371 rows=1838)


table 7 : explain SELECT SUM(k) FROM sbtest7 WHERE id BETWEEN 4685780 AND 4686779
	-> Aggregate: sum(sbtest7.k)  (cost=809 rows=1)
    -> Filter: (sbtest7.id between 4685780 and 4686779)  (cost=378 rows=1872)
        -> Index range scan on sbtest7 using PRIMARY over (4685780 <= id <= 4686779)  (cost=378 rows=1872)


table 8 : explain SELECT SUM(k) FROM sbtest8 WHERE id BETWEEN 3312921 AND 3313920
	-> Aggregate: sum(sbtest8.k)  (cost=794 rows=1)
    -> Filter: (sbtest8.id between 3312921 and 3313920)  (cost=371 rows=1838)
        -> Index range scan on sbtest8 using PRIMARY over (3312921 <= id <= 3313920)  (cost=371 rows=1838)


for: sum_ranges
table 1 : explain SELECT SUM(k) FROM sbtest1 WHERE id BETWEEN 311743 AND 312742
	-> Aggregate: sum(sbtest1.k)  (cost=794 rows=1)
    -> Filter: (sbtest1.id between 311743 and 312742)  (cost=371 rows=1838)
        -> Index range scan on sbtest1 using PRIMARY over (311743 <= id <= 312742)  (cost=371 rows=1838)


table 2 : explain SELECT SUM(k) FROM sbtest2 WHERE id BETWEEN 6651070 AND 6652069
	-> Aggregate: sum(sbtest2.k)  (cost=809 rows=1)
    -> Filter: (sbtest2.id between 6651070 and 6652069)  (cost=378 rows=1872)
        -> Index range scan on sbtest2 using PRIMARY over (6651070 <= id <= 6652069)  (cost=378 rows=1872)


table 3 : explain SELECT SUM(k) FROM sbtest3 WHERE id BETWEEN 3468835 AND 3469834
	-> Aggregate: sum(sbtest3.k)  (cost=794 rows=1)
    -> Filter: (sbtest3.id between 3468835 and 3469834)  (cost=371 rows=1838)
        -> Index range scan on sbtest3 using PRIMARY over (3468835 <= id <= 3469834)  (cost=371 rows=1838)


table 4 : explain SELECT SUM(k) FROM sbtest4 WHERE id BETWEEN 6228005 AND 6229004
	-> Aggregate: sum(sbtest4.k)  (cost=794 rows=1)
    -> Filter: (sbtest4.id between 6228005 and 6229004)  (cost=371 rows=1838)
        -> Index range scan on sbtest4 using PRIMARY over (6228005 <= id <= 6229004)  (cost=371 rows=1838)


table 5 : explain SELECT SUM(k) FROM sbtest5 WHERE id BETWEEN 2303524 AND 2304523
	-> Aggregate: sum(sbtest5.k)  (cost=794 rows=1)
    -> Filter: (sbtest5.id between 2303524 and 2304523)  (cost=371 rows=1838)
        -> Index range scan on sbtest5 using PRIMARY over (2303524 <= id <= 2304523)  (cost=371 rows=1838)


table 6 : explain SELECT SUM(k) FROM sbtest6 WHERE id BETWEEN 4697493 AND 4698492
	-> Aggregate: sum(sbtest6.k)  (cost=794 rows=1)
    -> Filter: (sbtest6.id between 4697493 and 4698492)  (cost=371 rows=1838)
        -> Index range scan on sbtest6 using PRIMARY over (4697493 <= id <= 4698492)  (cost=371 rows=1838)


table 7 : explain SELECT SUM(k) FROM sbtest7 WHERE id BETWEEN 6891211 AND 6892210
	-> Aggregate: sum(sbtest7.k)  (cost=794 rows=1)
    -> Filter: (sbtest7.id between 6891211 and 6892210)  (cost=371 rows=1838)
        -> Index range scan on sbtest7 using PRIMARY over (6891211 <= id <= 6892210)  (cost=371 rows=1838)


table 8 : explain SELECT SUM(k) FROM sbtest8 WHERE id BETWEEN 8882861 AND 8883860
	-> Aggregate: sum(sbtest8.k)  (cost=794 rows=1)
    -> Filter: (sbtest8.id between 8882861 and 8883860)  (cost=371 rows=1838)
        -> Index range scan on sbtest8 using PRIMARY over (8882861 <= id <= 8883860)  (cost=371 rows=1838)


for: sum_ranges
table 1 : explain SELECT SUM(k) FROM sbtest1 WHERE id BETWEEN 7732901 AND 7733900
	-> Aggregate: sum(sbtest1.k)  (cost=794 rows=1)
    -> Filter: (sbtest1.id between 7732901 and 7733900)  (cost=371 rows=1838)
        -> Index range scan on sbtest1 using PRIMARY over (7732901 <= id <= 7733900)  (cost=371 rows=1838)


table 2 : explain SELECT SUM(k) FROM sbtest2 WHERE id BETWEEN 3521989 AND 3522988
	-> Aggregate: sum(sbtest2.k)  (cost=794 rows=1)
    -> Filter: (sbtest2.id between 3521989 and 3522988)  (cost=371 rows=1838)
        -> Index range scan on sbtest2 using PRIMARY over (3521989 <= id <= 3522988)  (cost=371 rows=1838)


table 3 : explain SELECT SUM(k) FROM sbtest3 WHERE id BETWEEN 4005351 AND 4006350
	-> Aggregate: sum(sbtest3.k)  (cost=794 rows=1)
    -> Filter: (sbtest3.id between 4005351 and 4006350)  (cost=371 rows=1838)
        -> Index range scan on sbtest3 using PRIMARY over (4005351 <= id <= 4006350)  (cost=371 rows=1838)


table 4 : explain SELECT SUM(k) FROM sbtest4 WHERE id BETWEEN 3169182 AND 3170181
	-> Aggregate: sum(sbtest4.k)  (cost=794 rows=1)
    -> Filter: (sbtest4.id between 3169182 and 3170181)  (cost=371 rows=1838)
        -> Index range scan on sbtest4 using PRIMARY over (3169182 <= id <= 3170181)  (cost=371 rows=1838)


table 5 : explain SELECT SUM(k) FROM sbtest5 WHERE id BETWEEN 5345995 AND 5346994
	-> Aggregate: sum(sbtest5.k)  (cost=809 rows=1)
    -> Filter: (sbtest5.id between 5345995 and 5346994)  (cost=378 rows=1872)
        -> Index range scan on sbtest5 using PRIMARY over (5345995 <= id <= 5346994)  (cost=378 rows=1872)


table 6 : explain SELECT SUM(k) FROM sbtest6 WHERE id BETWEEN 8635028 AND 8636027
	-> Aggregate: sum(sbtest6.k)  (cost=794 rows=1)
    -> Filter: (sbtest6.id between 8635028 and 8636027)  (cost=371 rows=1838)
        -> Index range scan on sbtest6 using PRIMARY over (8635028 <= id <= 8636027)  (cost=371 rows=1838)


table 7 : explain SELECT SUM(k) FROM sbtest7 WHERE id BETWEEN 7470184 AND 7471183
	-> Aggregate: sum(sbtest7.k)  (cost=794 rows=1)
    -> Filter: (sbtest7.id between 7470184 and 7471183)  (cost=371 rows=1838)
        -> Index range scan on sbtest7 using PRIMARY over (7470184 <= id <= 7471183)  (cost=371 rows=1838)


table 8 : explain SELECT SUM(k) FROM sbtest8 WHERE id BETWEEN 5774569 AND 5775568
	-> Aggregate: sum(sbtest8.k)  (cost=809 rows=1)
    -> Filter: (sbtest8.id between 5774569 and 5775568)  (cost=378 rows=1872)
        -> Index range scan on sbtest8 using PRIMARY over (5774569 <= id <= 5775568)  (cost=378 rows=1872)


for: sum_ranges
table 1 : explain SELECT SUM(k) FROM sbtest1 WHERE id BETWEEN 3121089 AND 3122088
	-> Aggregate: sum(sbtest1.k)  (cost=809 rows=1)
    -> Filter: (sbtest1.id between 3121089 and 3122088)  (cost=378 rows=1872)
        -> Index range scan on sbtest1 using PRIMARY over (3121089 <= id <= 3122088)  (cost=378 rows=1872)


table 2 : explain SELECT SUM(k) FROM sbtest2 WHERE id BETWEEN 2905929 AND 2906928
	-> Aggregate: sum(sbtest2.k)  (cost=794 rows=1)
    -> Filter: (sbtest2.id between 2905929 and 2906928)  (cost=371 rows=1838)
        -> Index range scan on sbtest2 using PRIMARY over (2905929 <= id <= 2906928)  (cost=371 rows=1838)


table 3 : explain SELECT SUM(k) FROM sbtest3 WHERE id BETWEEN 6175857 AND 6176856
	-> Aggregate: sum(sbtest3.k)  (cost=809 rows=1)
    -> Filter: (sbtest3.id between 6175857 and 6176856)  (cost=378 rows=1872)
        -> Index range scan on sbtest3 using PRIMARY over (6175857 <= id <= 6176856)  (cost=378 rows=1872)


table 4 : explain SELECT SUM(k) FROM sbtest4 WHERE id BETWEEN 2060907 AND 2061906
	-> Aggregate: sum(sbtest4.k)  (cost=809 rows=1)
    -> Filter: (sbtest4.id between 2060907 and 2061906)  (cost=378 rows=1872)
        -> Index range scan on sbtest4 using PRIMARY over (2060907 <= id <= 2061906)  (cost=378 rows=1872)


table 5 : explain SELECT SUM(k) FROM sbtest5 WHERE id BETWEEN 1980053 AND 1981052
	-> Aggregate: sum(sbtest5.k)  (cost=794 rows=1)
    -> Filter: (sbtest5.id between 1980053 and 1981052)  (cost=371 rows=1838)
        -> Index range scan on sbtest5 using PRIMARY over (1980053 <= id <= 1981052)  (cost=371 rows=1838)


table 6 : explain SELECT SUM(k) FROM sbtest6 WHERE id BETWEEN 7201707 AND 7202706
	-> Aggregate: sum(sbtest6.k)  (cost=809 rows=1)
    -> Filter: (sbtest6.id between 7201707 and 7202706)  (cost=378 rows=1872)
        -> Index range scan on sbtest6 using PRIMARY over (7201707 <= id <= 7202706)  (cost=378 rows=1872)


table 7 : explain SELECT SUM(k) FROM sbtest7 WHERE id BETWEEN 8012072 AND 8013071
	-> Aggregate: sum(sbtest7.k)  (cost=794 rows=1)
    -> Filter: (sbtest7.id between 8012072 and 8013071)  (cost=371 rows=1838)
        -> Index range scan on sbtest7 using PRIMARY over (8012072 <= id <= 8013071)  (cost=371 rows=1838)


table 8 : explain SELECT SUM(k) FROM sbtest8 WHERE id BETWEEN 7430872 AND 7431871
	-> Aggregate: sum(sbtest8.k)  (cost=809 rows=1)
    -> Filter: (sbtest8.id between 7430872 and 7431871)  (cost=378 rows=1872)
        -> Index range scan on sbtest8 using PRIMARY over (7430872 <= id <= 7431871)  (cost=378 rows=1872)


for: order_ranges
table 1 : explain SELECT c FROM sbtest1 WHERE id BETWEEN 6556363 AND 6557362 ORDER BY c
	-> Sort: sbtest1.c  (cost=371 rows=1838)
    -> Filter: (sbtest1.id between 6556363 and 6557362)  (cost=371 rows=1838)
        -> Index range scan on sbtest1 using PRIMARY over (6556363 <= id <= 6557362)  (cost=371 rows=1838)


table 2 : explain SELECT c FROM sbtest2 WHERE id BETWEEN 8617763 AND 8618762 ORDER BY c
	-> Sort: sbtest2.c  (cost=378 rows=1872)
    -> Filter: (sbtest2.id between 8617763 and 8618762)  (cost=378 rows=1872)
        -> Index range scan on sbtest2 using PRIMARY over (8617763 <= id <= 8618762)  (cost=378 rows=1872)


table 3 : explain SELECT c FROM sbtest3 WHERE id BETWEEN 626811 AND 627810 ORDER BY c
	-> Sort: sbtest3.c  (cost=371 rows=1838)
    -> Filter: (sbtest3.id between 626811 and 627810)  (cost=371 rows=1838)
        -> Index range scan on sbtest3 using PRIMARY over (626811 <= id <= 627810)  (cost=371 rows=1838)


table 4 : explain SELECT c FROM sbtest4 WHERE id BETWEEN 8504327 AND 8505326 ORDER BY c
	-> Sort: sbtest4.c  (cost=378 rows=1872)
    -> Filter: (sbtest4.id between 8504327 and 8505326)  (cost=378 rows=1872)
        -> Index range scan on sbtest4 using PRIMARY over (8504327 <= id <= 8505326)  (cost=378 rows=1872)


table 5 : explain SELECT c FROM sbtest5 WHERE id BETWEEN 284663 AND 285662 ORDER BY c
	-> Sort: sbtest5.c  (cost=371 rows=1838)
    -> Filter: (sbtest5.id between 284663 and 285662)  (cost=371 rows=1838)
        -> Index range scan on sbtest5 using PRIMARY over (284663 <= id <= 285662)  (cost=371 rows=1838)


table 6 : explain SELECT c FROM sbtest6 WHERE id BETWEEN 7159684 AND 7160683 ORDER BY c
	-> Sort: sbtest6.c  (cost=371 rows=1838)
    -> Filter: (sbtest6.id between 7159684 and 7160683)  (cost=371 rows=1838)
        -> Index range scan on sbtest6 using PRIMARY over (7159684 <= id <= 7160683)  (cost=371 rows=1838)


table 7 : explain SELECT c FROM sbtest7 WHERE id BETWEEN 7260571 AND 7261570 ORDER BY c
	-> Sort: sbtest7.c  (cost=371 rows=1838)
    -> Filter: (sbtest7.id between 7260571 and 7261570)  (cost=371 rows=1838)
        -> Index range scan on sbtest7 using PRIMARY over (7260571 <= id <= 7261570)  (cost=371 rows=1838)


table 8 : explain SELECT c FROM sbtest8 WHERE id BETWEEN 6816902 AND 6817901 ORDER BY c
	-> Sort: sbtest8.c  (cost=371 rows=1838)
    -> Filter: (sbtest8.id between 6816902 and 6817901)  (cost=371 rows=1838)
        -> Index range scan on sbtest8 using PRIMARY over (6816902 <= id <= 6817901)  (cost=371 rows=1838)


for: order_ranges
table 1 : explain SELECT c FROM sbtest1 WHERE id BETWEEN 7759762 AND 7760761 ORDER BY c
	-> Sort: sbtest1.c  (cost=371 rows=1838)
    -> Filter: (sbtest1.id between 7759762 and 7760761)  (cost=371 rows=1838)
        -> Index range scan on sbtest1 using PRIMARY over (7759762 <= id <= 7760761)  (cost=371 rows=1838)


table 2 : explain SELECT c FROM sbtest2 WHERE id BETWEEN 5183493 AND 5184492 ORDER BY c
	-> Sort: sbtest2.c  (cost=378 rows=1872)
    -> Filter: (sbtest2.id between 5183493 and 5184492)  (cost=378 rows=1872)
        -> Index range scan on sbtest2 using PRIMARY over (5183493 <= id <= 5184492)  (cost=378 rows=1872)


table 3 : explain SELECT c FROM sbtest3 WHERE id BETWEEN 8354686 AND 8355685 ORDER BY c
	-> Sort: sbtest3.c  (cost=378 rows=1872)
    -> Filter: (sbtest3.id between 8354686 and 8355685)  (cost=378 rows=1872)
        -> Index range scan on sbtest3 using PRIMARY over (8354686 <= id <= 8355685)  (cost=378 rows=1872)


table 4 : explain SELECT c FROM sbtest4 WHERE id BETWEEN 432261 AND 433260 ORDER BY c
	-> Sort: sbtest4.c  (cost=371 rows=1838)
    -> Filter: (sbtest4.id between 432261 and 433260)  (cost=371 rows=1838)
        -> Index range scan on sbtest4 using PRIMARY over (432261 <= id <= 433260)  (cost=371 rows=1838)


table 5 : explain SELECT c FROM sbtest5 WHERE id BETWEEN 3166441 AND 3167440 ORDER BY c
	-> Sort: sbtest5.c  (cost=371 rows=1838)
    -> Filter: (sbtest5.id between 3166441 and 3167440)  (cost=371 rows=1838)
        -> Index range scan on sbtest5 using PRIMARY over (3166441 <= id <= 3167440)  (cost=371 rows=1838)


table 6 : explain SELECT c FROM sbtest6 WHERE id BETWEEN 3329434 AND 3330433 ORDER BY c
	-> Sort: sbtest6.c  (cost=378 rows=1872)
    -> Filter: (sbtest6.id between 3329434 and 3330433)  (cost=378 rows=1872)
        -> Index range scan on sbtest6 using PRIMARY over (3329434 <= id <= 3330433)  (cost=378 rows=1872)


table 7 : explain SELECT c FROM sbtest7 WHERE id BETWEEN 6995771 AND 6996770 ORDER BY c
	-> Sort: sbtest7.c  (cost=371 rows=1838)
    -> Filter: (sbtest7.id between 6995771 and 6996770)  (cost=371 rows=1838)
        -> Index range scan on sbtest7 using PRIMARY over (6995771 <= id <= 6996770)  (cost=371 rows=1838)


table 8 : explain SELECT c FROM sbtest8 WHERE id BETWEEN 3758631 AND 3759630 ORDER BY c
	-> Sort: sbtest8.c  (cost=371 rows=1838)
    -> Filter: (sbtest8.id between 3758631 and 3759630)  (cost=371 rows=1838)
        -> Index range scan on sbtest8 using PRIMARY over (3758631 <= id <= 3759630)  (cost=371 rows=1838)


for: sum_ranges
table 1 : explain SELECT SUM(k) FROM sbtest1 WHERE id BETWEEN 909178 AND 910177
	-> Aggregate: sum(sbtest1.k)  (cost=794 rows=1)
    -> Filter: (sbtest1.id between 909178 and 910177)  (cost=371 rows=1838)
        -> Index range scan on sbtest1 using PRIMARY over (909178 <= id <= 910177)  (cost=371 rows=1838)


table 2 : explain SELECT SUM(k) FROM sbtest2 WHERE id BETWEEN 5716830 AND 5717829
	-> Aggregate: sum(sbtest2.k)  (cost=809 rows=1)
    -> Filter: (sbtest2.id between 5716830 and 5717829)  (cost=378 rows=1872)
        -> Index range scan on sbtest2 using PRIMARY over (5716830 <= id <= 5717829)  (cost=378 rows=1872)


table 3 : explain SELECT SUM(k) FROM sbtest3 WHERE id BETWEEN 8440927 AND 8441926
	-> Aggregate: sum(sbtest3.k)  (cost=794 rows=1)
    -> Filter: (sbtest3.id between 8440927 and 8441926)  (cost=371 rows=1838)
        -> Index range scan on sbtest3 using PRIMARY over (8440927 <= id <= 8441926)  (cost=371 rows=1838)


table 4 : explain SELECT SUM(k) FROM sbtest4 WHERE id BETWEEN 4148452 AND 4149451
	-> Aggregate: sum(sbtest4.k)  (cost=794 rows=1)
    -> Filter: (sbtest4.id between 4148452 and 4149451)  (cost=371 rows=1838)
        -> Index range scan on sbtest4 using PRIMARY over (4148452 <= id <= 4149451)  (cost=371 rows=1838)


table 5 : explain SELECT SUM(k) FROM sbtest5 WHERE id BETWEEN 8738961 AND 8739960
	-> Aggregate: sum(sbtest5.k)  (cost=809 rows=1)
    -> Filter: (sbtest5.id between 8738961 and 8739960)  (cost=378 rows=1872)
        -> Index range scan on sbtest5 using PRIMARY over (8738961 <= id <= 8739960)  (cost=378 rows=1872)


table 6 : explain SELECT SUM(k) FROM sbtest6 WHERE id BETWEEN 3248114 AND 3249113
	-> Aggregate: sum(sbtest6.k)  (cost=809 rows=1)
    -> Filter: (sbtest6.id between 3248114 and 3249113)  (cost=378 rows=1872)
        -> Index range scan on sbtest6 using PRIMARY over (3248114 <= id <= 3249113)  (cost=378 rows=1872)


table 7 : explain SELECT SUM(k) FROM sbtest7 WHERE id BETWEEN 3578112 AND 3579111
	-> Aggregate: sum(sbtest7.k)  (cost=794 rows=1)
    -> Filter: (sbtest7.id between 3578112 and 3579111)  (cost=371 rows=1838)
        -> Index range scan on sbtest7 using PRIMARY over (3578112 <= id <= 3579111)  (cost=371 rows=1838)


table 8 : explain SELECT SUM(k) FROM sbtest8 WHERE id BETWEEN 669735 AND 670734
	-> Aggregate: sum(sbtest8.k)  (cost=794 rows=1)
    -> Filter: (sbtest8.id between 669735 and 670734)  (cost=371 rows=1838)
        -> Index range scan on sbtest8 using PRIMARY over (669735 <= id <= 670734)  (cost=371 rows=1838)


for: sum_ranges
table 1 : explain SELECT SUM(k) FROM sbtest1 WHERE id BETWEEN 6920843 AND 6921842
	-> Aggregate: sum(sbtest1.k)  (cost=794 rows=1)
    -> Filter: (sbtest1.id between 6920843 and 6921842)  (cost=371 rows=1838)
        -> Index range scan on sbtest1 using PRIMARY over (6920843 <= id <= 6921842)  (cost=371 rows=1838)


table 2 : explain SELECT SUM(k) FROM sbtest2 WHERE id BETWEEN 5364021 AND 5365020
	-> Aggregate: sum(sbtest2.k)  (cost=809 rows=1)
    -> Filter: (sbtest2.id between 5364021 and 5365020)  (cost=378 rows=1872)
        -> Index range scan on sbtest2 using PRIMARY over (5364021 <= id <= 5365020)  (cost=378 rows=1872)


table 3 : explain SELECT SUM(k) FROM sbtest3 WHERE id BETWEEN 1468835 AND 1469834
	-> Aggregate: sum(sbtest3.k)  (cost=794 rows=1)
    -> Filter: (sbtest3.id between 1468835 and 1469834)  (cost=371 rows=1838)
        -> Index range scan on sbtest3 using PRIMARY over (1468835 <= id <= 1469834)  (cost=371 rows=1838)


table 4 : explain SELECT SUM(k) FROM sbtest4 WHERE id BETWEEN 6919112 AND 6920111
	-> Aggregate: sum(sbtest4.k)  (cost=794 rows=1)
    -> Filter: (sbtest4.id between 6919112 and 6920111)  (cost=371 rows=1838)
        -> Index range scan on sbtest4 using PRIMARY over (6919112 <= id <= 6920111)  (cost=371 rows=1838)


table 5 : explain SELECT SUM(k) FROM sbtest5 WHERE id BETWEEN 8534060 AND 8535059
	-> Aggregate: sum(sbtest5.k)  (cost=794 rows=1)
    -> Filter: (sbtest5.id between 8534060 and 8535059)  (cost=371 rows=1838)
        -> Index range scan on sbtest5 using PRIMARY over (8534060 <= id <= 8535059)  (cost=371 rows=1838)


table 6 : explain SELECT SUM(k) FROM sbtest6 WHERE id BETWEEN 9431444 AND 9432443
	-> Aggregate: sum(sbtest6.k)  (cost=794 rows=1)
    -> Filter: (sbtest6.id between 9431444 and 9432443)  (cost=371 rows=1838)
        -> Index range scan on sbtest6 using PRIMARY over (9431444 <= id <= 9432443)  (cost=371 rows=1838)


table 7 : explain SELECT SUM(k) FROM sbtest7 WHERE id BETWEEN 2629063 AND 2630062
	-> Aggregate: sum(sbtest7.k)  (cost=809 rows=1)
    -> Filter: (sbtest7.id between 2629063 and 2630062)  (cost=378 rows=1872)
        -> Index range scan on sbtest7 using PRIMARY over (2629063 <= id <= 2630062)  (cost=378 rows=1872)


table 8 : explain SELECT SUM(k) FROM sbtest8 WHERE id BETWEEN 1865712 AND 1866711
	-> Aggregate: sum(sbtest8.k)  (cost=809 rows=1)
    -> Filter: (sbtest8.id between 1865712 and 1866711)  (cost=378 rows=1872)
        -> Index range scan on sbtest8 using PRIMARY over (1865712 <= id <= 1866711)  (cost=378 rows=1872)


for: order_ranges
table 1 : explain SELECT c FROM sbtest1 WHERE id BETWEEN 6596645 AND 6597644 ORDER BY c
	-> Sort: sbtest1.c  (cost=371 rows=1838)
    -> Filter: (sbtest1.id between 6596645 and 6597644)  (cost=371 rows=1838)
        -> Index range scan on sbtest1 using PRIMARY over (6596645 <= id <= 6597644)  (cost=371 rows=1838)


table 2 : explain SELECT c FROM sbtest2 WHERE id BETWEEN 7745509 AND 7746508 ORDER BY c
	-> Sort: sbtest2.c  (cost=371 rows=1838)
    -> Filter: (sbtest2.id between 7745509 and 7746508)  (cost=371 rows=1838)
        -> Index range scan on sbtest2 using PRIMARY over (7745509 <= id <= 7746508)  (cost=371 rows=1838)


table 3 : explain SELECT c FROM sbtest3 WHERE id BETWEEN 3133397 AND 3134396 ORDER BY c
	-> Sort: sbtest3.c  (cost=371 rows=1838)
    -> Filter: (sbtest3.id between 3133397 and 3134396)  (cost=371 rows=1838)
        -> Index range scan on sbtest3 using PRIMARY over (3133397 <= id <= 3134396)  (cost=371 rows=1838)


table 4 : explain SELECT c FROM sbtest4 WHERE id BETWEEN 8503271 AND 8504270 ORDER BY c
	-> Sort: sbtest4.c  (cost=371 rows=1838)
    -> Filter: (sbtest4.id between 8503271 and 8504270)  (cost=371 rows=1838)
        -> Index range scan on sbtest4 using PRIMARY over (8503271 <= id <= 8504270)  (cost=371 rows=1838)


table 5 : explain SELECT c FROM sbtest5 WHERE id BETWEEN 1194930 AND 1195929 ORDER BY c
	-> Sort: sbtest5.c  (cost=371 rows=1838)
    -> Filter: (sbtest5.id between 1194930 and 1195929)  (cost=371 rows=1838)
        -> Index range scan on sbtest5 using PRIMARY over (1194930 <= id <= 1195929)  (cost=371 rows=1838)


table 6 : explain SELECT c FROM sbtest6 WHERE id BETWEEN 5023886 AND 5024885 ORDER BY c
	-> Sort: sbtest6.c  (cost=371 rows=1838)
    -> Filter: (sbtest6.id between 5023886 and 5024885)  (cost=371 rows=1838)
        -> Index range scan on sbtest6 using PRIMARY over (5023886 <= id <= 5024885)  (cost=371 rows=1838)


table 7 : explain SELECT c FROM sbtest7 WHERE id BETWEEN 5075512 AND 5076511 ORDER BY c
	-> Sort: sbtest7.c  (cost=378 rows=1872)
    -> Filter: (sbtest7.id between 5075512 and 5076511)  (cost=378 rows=1872)
        -> Index range scan on sbtest7 using PRIMARY over (5075512 <= id <= 5076511)  (cost=378 rows=1872)


table 8 : explain SELECT c FROM sbtest8 WHERE id BETWEEN 1051547 AND 1052546 ORDER BY c
	-> Sort: sbtest8.c  (cost=378 rows=1872)
    -> Filter: (sbtest8.id between 1051547 and 1052546)  (cost=378 rows=1872)
        -> Index range scan on sbtest8 using PRIMARY over (1051547 <= id <= 1052546)  (cost=378 rows=1872)


for: sum_ranges
table 1 : explain SELECT SUM(k) FROM sbtest1 WHERE id BETWEEN 8777733 AND 8778732
	-> Aggregate: sum(sbtest1.k)  (cost=794 rows=1)
    -> Filter: (sbtest1.id between 8777733 and 8778732)  (cost=371 rows=1838)
        -> Index range scan on sbtest1 using PRIMARY over (8777733 <= id <= 8778732)  (cost=371 rows=1838)


table 2 : explain SELECT SUM(k) FROM sbtest2 WHERE id BETWEEN 8356615 AND 8357614
	-> Aggregate: sum(sbtest2.k)  (cost=794 rows=1)
    -> Filter: (sbtest2.id between 8356615 and 8357614)  (cost=371 rows=1838)
        -> Index range scan on sbtest2 using PRIMARY over (8356615 <= id <= 8357614)  (cost=371 rows=1838)


table 3 : explain SELECT SUM(k) FROM sbtest3 WHERE id BETWEEN 5867807 AND 5868806
	-> Aggregate: sum(sbtest3.k)  (cost=794 rows=1)
    -> Filter: (sbtest3.id between 5867807 and 5868806)  (cost=371 rows=1838)
        -> Index range scan on sbtest3 using PRIMARY over (5867807 <= id <= 5868806)  (cost=371 rows=1838)


table 4 : explain SELECT SUM(k) FROM sbtest4 WHERE id BETWEEN 1136616 AND 1137615
	-> Aggregate: sum(sbtest4.k)  (cost=794 rows=1)
    -> Filter: (sbtest4.id between 1136616 and 1137615)  (cost=371 rows=1838)
        -> Index range scan on sbtest4 using PRIMARY over (1136616 <= id <= 1137615)  (cost=371 rows=1838)


table 5 : explain SELECT SUM(k) FROM sbtest5 WHERE id BETWEEN 9279628 AND 9280627
	-> Aggregate: sum(sbtest5.k)  (cost=794 rows=1)
    -> Filter: (sbtest5.id between 9279628 and 9280627)  (cost=371 rows=1838)
        -> Index range scan on sbtest5 using PRIMARY over (9279628 <= id <= 9280627)  (cost=371 rows=1838)


table 6 : explain SELECT SUM(k) FROM sbtest6 WHERE id BETWEEN 9747231 AND 9748230
	-> Aggregate: sum(sbtest6.k)  (cost=809 rows=1)
    -> Filter: (sbtest6.id between 9747231 and 9748230)  (cost=378 rows=1872)
        -> Index range scan on sbtest6 using PRIMARY over (9747231 <= id <= 9748230)  (cost=378 rows=1872)


table 7 : explain SELECT SUM(k) FROM sbtest7 WHERE id BETWEEN 7473414 AND 7474413
	-> Aggregate: sum(sbtest7.k)  (cost=809 rows=1)
    -> Filter: (sbtest7.id between 7473414 and 7474413)  (cost=378 rows=1872)
        -> Index range scan on sbtest7 using PRIMARY over (7473414 <= id <= 7474413)  (cost=378 rows=1872)


table 8 : explain SELECT SUM(k) FROM sbtest8 WHERE id BETWEEN 6649814 AND 6650813
	-> Aggregate: sum(sbtest8.k)  (cost=794 rows=1)
    -> Filter: (sbtest8.id between 6649814 and 6650813)  (cost=371 rows=1838)
        -> Index range scan on sbtest8 using PRIMARY over (6649814 <= id <= 6650813)  (cost=371 rows=1838)


for: order_ranges
table 1 : explain SELECT c FROM sbtest1 WHERE id BETWEEN 3634563 AND 3635562 ORDER BY c
	-> Sort: sbtest1.c  (cost=378 rows=1872)
    -> Filter: (sbtest1.id between 3634563 and 3635562)  (cost=378 rows=1872)
        -> Index range scan on sbtest1 using PRIMARY over (3634563 <= id <= 3635562)  (cost=378 rows=1872)


table 2 : explain SELECT c FROM sbtest2 WHERE id BETWEEN 3543835 AND 3544834 ORDER BY c
	-> Sort: sbtest2.c  (cost=378 rows=1872)
    -> Filter: (sbtest2.id between 3543835 and 3544834)  (cost=378 rows=1872)
        -> Index range scan on sbtest2 using PRIMARY over (3543835 <= id <= 3544834)  (cost=378 rows=1872)


table 3 : explain SELECT c FROM sbtest3 WHERE id BETWEEN 3117079 AND 3118078 ORDER BY c
	-> Sort: sbtest3.c  (cost=378 rows=1872)
    -> Filter: (sbtest3.id between 3117079 and 3118078)  (cost=378 rows=1872)
        -> Index range scan on sbtest3 using PRIMARY over (3117079 <= id <= 3118078)  (cost=378 rows=1872)


table 4 : explain SELECT c FROM sbtest4 WHERE id BETWEEN 3640094 AND 3641093 ORDER BY c
	-> Sort: sbtest4.c  (cost=371 rows=1838)
    -> Filter: (sbtest4.id between 3640094 and 3641093)  (cost=371 rows=1838)
        -> Index range scan on sbtest4 using PRIMARY over (3640094 <= id <= 3641093)  (cost=371 rows=1838)


table 5 : explain SELECT c FROM sbtest5 WHERE id BETWEEN 2841572 AND 2842571 ORDER BY c
	-> Sort: sbtest5.c  (cost=378 rows=1872)
    -> Filter: (sbtest5.id between 2841572 and 2842571)  (cost=378 rows=1872)
        -> Index range scan on sbtest5 using PRIMARY over (2841572 <= id <= 2842571)  (cost=378 rows=1872)


table 6 : explain SELECT c FROM sbtest6 WHERE id BETWEEN 8369191 AND 8370190 ORDER BY c
	-> Sort: sbtest6.c  (cost=371 rows=1838)
    -> Filter: (sbtest6.id between 8369191 and 8370190)  (cost=371 rows=1838)
        -> Index range scan on sbtest6 using PRIMARY over (8369191 <= id <= 8370190)  (cost=371 rows=1838)


table 7 : explain SELECT c FROM sbtest7 WHERE id BETWEEN 824561 AND 825560 ORDER BY c
	-> Sort: sbtest7.c  (cost=371 rows=1838)
    -> Filter: (sbtest7.id between 824561 and 825560)  (cost=371 rows=1838)
        -> Index range scan on sbtest7 using PRIMARY over (824561 <= id <= 825560)  (cost=371 rows=1838)


table 8 : explain SELECT c FROM sbtest8 WHERE id BETWEEN 1064171 AND 1065170 ORDER BY c
	-> Sort: sbtest8.c  (cost=378 rows=1872)
    -> Filter: (sbtest8.id between 1064171 and 1065170)  (cost=378 rows=1872)
        -> Index range scan on sbtest8 using PRIMARY over (1064171 <= id <= 1065170)  (cost=378 rows=1872)


for: sum_ranges
table 1 : explain SELECT SUM(k) FROM sbtest1 WHERE id BETWEEN 338142 AND 339141
	-> Aggregate: sum(sbtest1.k)  (cost=794 rows=1)
    -> Filter: (sbtest1.id between 338142 and 339141)  (cost=371 rows=1838)
        -> Index range scan on sbtest1 using PRIMARY over (338142 <= id <= 339141)  (cost=371 rows=1838)


table 2 : explain SELECT SUM(k) FROM sbtest2 WHERE id BETWEEN 3242364 AND 3243363
	-> Aggregate: sum(sbtest2.k)  (cost=794 rows=1)
    -> Filter: (sbtest2.id between 3242364 and 3243363)  (cost=371 rows=1838)
        -> Index range scan on sbtest2 using PRIMARY over (3242364 <= id <= 3243363)  (cost=371 rows=1838)


table 3 : explain SELECT SUM(k) FROM sbtest3 WHERE id BETWEEN 4916484 AND 4917483
	-> Aggregate: sum(sbtest3.k)  (cost=794 rows=1)
    -> Filter: (sbtest3.id between 4916484 and 4917483)  (cost=371 rows=1838)
        -> Index range scan on sbtest3 using PRIMARY over (4916484 <= id <= 4917483)  (cost=371 rows=1838)


table 4 : explain SELECT SUM(k) FROM sbtest4 WHERE id BETWEEN 7599918 AND 7600917
	-> Aggregate: sum(sbtest4.k)  (cost=794 rows=1)
    -> Filter: (sbtest4.id between 7599918 and 7600917)  (cost=371 rows=1838)
        -> Index range scan on sbtest4 using PRIMARY over (7599918 <= id <= 7600917)  (cost=371 rows=1838)


table 5 : explain SELECT SUM(k) FROM sbtest5 WHERE id BETWEEN 6814358 AND 6815357
	-> Aggregate: sum(sbtest5.k)  (cost=794 rows=1)
    -> Filter: (sbtest5.id between 6814358 and 6815357)  (cost=371 rows=1838)
        -> Index range scan on sbtest5 using PRIMARY over (6814358 <= id <= 6815357)  (cost=371 rows=1838)


table 6 : explain SELECT SUM(k) FROM sbtest6 WHERE id BETWEEN 1843540 AND 1844539
	-> Aggregate: sum(sbtest6.k)  (cost=794 rows=1)
    -> Filter: (sbtest6.id between 1843540 and 1844539)  (cost=371 rows=1838)
        -> Index range scan on sbtest6 using PRIMARY over (1843540 <= id <= 1844539)  (cost=371 rows=1838)


table 7 : explain SELECT SUM(k) FROM sbtest7 WHERE id BETWEEN 3636846 AND 3637845
	-> Aggregate: sum(sbtest7.k)  (cost=809 rows=1)
    -> Filter: (sbtest7.id between 3636846 and 3637845)  (cost=378 rows=1872)
        -> Index range scan on sbtest7 using PRIMARY over (3636846 <= id <= 3637845)  (cost=378 rows=1872)


table 8 : explain SELECT SUM(k) FROM sbtest8 WHERE id BETWEEN 5682255 AND 5683254
	-> Aggregate: sum(sbtest8.k)  (cost=794 rows=1)
    -> Filter: (sbtest8.id between 5682255 and 5683254)  (cost=371 rows=1838)
        -> Index range scan on sbtest8 using PRIMARY over (5682255 <= id <= 5683254)  (cost=371 rows=1838)


for: sum_ranges
table 1 : explain SELECT SUM(k) FROM sbtest1 WHERE id BETWEEN 9970050 AND 9971049
	-> Aggregate: sum(sbtest1.k)  (cost=794 rows=1)
    -> Filter: (sbtest1.id between 9970050 and 9971049)  (cost=371 rows=1838)
        -> Index range scan on sbtest1 using PRIMARY over (9970050 <= id <= 9971049)  (cost=371 rows=1838)


table 2 : explain SELECT SUM(k) FROM sbtest2 WHERE id BETWEEN 294187 AND 295186
	-> Aggregate: sum(sbtest2.k)  (cost=794 rows=1)
    -> Filter: (sbtest2.id between 294187 and 295186)  (cost=371 rows=1838)
        -> Index range scan on sbtest2 using PRIMARY over (294187 <= id <= 295186)  (cost=371 rows=1838)


table 3 : explain SELECT SUM(k) FROM sbtest3 WHERE id BETWEEN 3277728 AND 3278727
	-> Aggregate: sum(sbtest3.k)  (cost=794 rows=1)
    -> Filter: (sbtest3.id between 3277728 and 3278727)  (cost=371 rows=1838)
        -> Index range scan on sbtest3 using PRIMARY over (3277728 <= id <= 3278727)  (cost=371 rows=1838)


table 4 : explain SELECT SUM(k) FROM sbtest4 WHERE id BETWEEN 3543962 AND 3544961
	-> Aggregate: sum(sbtest4.k)  (cost=794 rows=1)
    -> Filter: (sbtest4.id between 3543962 and 3544961)  (cost=371 rows=1838)
        -> Index range scan on sbtest4 using PRIMARY over (3543962 <= id <= 3544961)  (cost=371 rows=1838)


table 5 : explain SELECT SUM(k) FROM sbtest5 WHERE id BETWEEN 593049 AND 594048
	-> Aggregate: sum(sbtest5.k)  (cost=794 rows=1)
    -> Filter: (sbtest5.id between 593049 and 594048)  (cost=371 rows=1838)
        -> Index range scan on sbtest5 using PRIMARY over (593049 <= id <= 594048)  (cost=371 rows=1838)


table 6 : explain SELECT SUM(k) FROM sbtest6 WHERE id BETWEEN 8858246 AND 8859245
	-> Aggregate: sum(sbtest6.k)  (cost=794 rows=1)
    -> Filter: (sbtest6.id between 8858246 and 8859245)  (cost=371 rows=1838)
        -> Index range scan on sbtest6 using PRIMARY over (8858246 <= id <= 8859245)  (cost=371 rows=1838)


table 7 : explain SELECT SUM(k) FROM sbtest7 WHERE id BETWEEN 7121115 AND 7122114
	-> Aggregate: sum(sbtest7.k)  (cost=809 rows=1)
    -> Filter: (sbtest7.id between 7121115 and 7122114)  (cost=378 rows=1872)
        -> Index range scan on sbtest7 using PRIMARY over (7121115 <= id <= 7122114)  (cost=378 rows=1872)


table 8 : explain SELECT SUM(k) FROM sbtest8 WHERE id BETWEEN 4156796 AND 4157795
	-> Aggregate: sum(sbtest8.k)  (cost=794 rows=1)
    -> Filter: (sbtest8.id between 4156796 and 4157795)  (cost=371 rows=1838)
        -> Index range scan on sbtest8 using PRIMARY over (4156796 <= id <= 4157795)  (cost=371 rows=1838)


for: sum_ranges
table 1 : explain SELECT SUM(k) FROM sbtest1 WHERE id BETWEEN 2722746 AND 2723745
	-> Aggregate: sum(sbtest1.k)  (cost=794 rows=1)
    -> Filter: (sbtest1.id between 2722746 and 2723745)  (cost=371 rows=1838)
        -> Index range scan on sbtest1 using PRIMARY over (2722746 <= id <= 2723745)  (cost=371 rows=1838)


table 2 : explain SELECT SUM(k) FROM sbtest2 WHERE id BETWEEN 3712292 AND 3713291
	-> Aggregate: sum(sbtest2.k)  (cost=794 rows=1)
    -> Filter: (sbtest2.id between 3712292 and 3713291)  (cost=371 rows=1838)
        -> Index range scan on sbtest2 using PRIMARY over (3712292 <= id <= 3713291)  (cost=371 rows=1838)


table 3 : explain SELECT SUM(k) FROM sbtest3 WHERE id BETWEEN 8841452 AND 8842451
	-> Aggregate: sum(sbtest3.k)  (cost=809 rows=1)
    -> Filter: (sbtest3.id between 8841452 and 8842451)  (cost=378 rows=1872)
        -> Index range scan on sbtest3 using PRIMARY over (8841452 <= id <= 8842451)  (cost=378 rows=1872)


table 4 : explain SELECT SUM(k) FROM sbtest4 WHERE id BETWEEN 8041255 AND 8042254
	-> Aggregate: sum(sbtest4.k)  (cost=794 rows=1)
    -> Filter: (sbtest4.id between 8041255 and 8042254)  (cost=371 rows=1838)
        -> Index range scan on sbtest4 using PRIMARY over (8041255 <= id <= 8042254)  (cost=371 rows=1838)


table 5 : explain SELECT SUM(k) FROM sbtest5 WHERE id BETWEEN 7766690 AND 7767689
	-> Aggregate: sum(sbtest5.k)  (cost=794 rows=1)
    -> Filter: (sbtest5.id between 7766690 and 7767689)  (cost=371 rows=1838)
        -> Index range scan on sbtest5 using PRIMARY over (7766690 <= id <= 7767689)  (cost=371 rows=1838)


table 6 : explain SELECT SUM(k) FROM sbtest6 WHERE id BETWEEN 2867973 AND 2868972
	-> Aggregate: sum(sbtest6.k)  (cost=794 rows=1)
    -> Filter: (sbtest6.id between 2867973 and 2868972)  (cost=371 rows=1838)
        -> Index range scan on sbtest6 using PRIMARY over (2867973 <= id <= 2868972)  (cost=371 rows=1838)


table 7 : explain SELECT SUM(k) FROM sbtest7 WHERE id BETWEEN 7111336 AND 7112335
	-> Aggregate: sum(sbtest7.k)  (cost=809 rows=1)
    -> Filter: (sbtest7.id between 7111336 and 7112335)  (cost=378 rows=1872)
        -> Index range scan on sbtest7 using PRIMARY over (7111336 <= id <= 7112335)  (cost=378 rows=1872)


table 8 : explain SELECT SUM(k) FROM sbtest8 WHERE id BETWEEN 8163042 AND 8164041
	-> Aggregate: sum(sbtest8.k)  (cost=794 rows=1)
    -> Filter: (sbtest8.id between 8163042 and 8164041)  (cost=371 rows=1838)
        -> Index range scan on sbtest8 using PRIMARY over (8163042 <= id <= 8164041)  (cost=371 rows=1838)


for: sum_ranges
table 1 : explain SELECT SUM(k) FROM sbtest1 WHERE id BETWEEN 5656723 AND 5657722
	-> Aggregate: sum(sbtest1.k)  (cost=794 rows=1)
    -> Filter: (sbtest1.id between 5656723 and 5657722)  (cost=371 rows=1838)
        -> Index range scan on sbtest1 using PRIMARY over (5656723 <= id <= 5657722)  (cost=371 rows=1838)


table 2 : explain SELECT SUM(k) FROM sbtest2 WHERE id BETWEEN 1574431 AND 1575430
	-> Aggregate: sum(sbtest2.k)  (cost=809 rows=1)
    -> Filter: (sbtest2.id between 1574431 and 1575430)  (cost=378 rows=1872)
        -> Index range scan on sbtest2 using PRIMARY over (1574431 <= id <= 1575430)  (cost=378 rows=1872)


table 3 : explain SELECT SUM(k) FROM sbtest3 WHERE id BETWEEN 4799807 AND 4800806
	-> Aggregate: sum(sbtest3.k)  (cost=809 rows=1)
    -> Filter: (sbtest3.id between 4799807 and 4800806)  (cost=378 rows=1872)
        -> Index range scan on sbtest3 using PRIMARY over (4799807 <= id <= 4800806)  (cost=378 rows=1872)


table 4 : explain SELECT SUM(k) FROM sbtest4 WHERE id BETWEEN 8026290 AND 8027289
	-> Aggregate: sum(sbtest4.k)  (cost=794 rows=1)
    -> Filter: (sbtest4.id between 8026290 and 8027289)  (cost=371 rows=1838)
        -> Index range scan on sbtest4 using PRIMARY over (8026290 <= id <= 8027289)  (cost=371 rows=1838)


table 5 : explain SELECT SUM(k) FROM sbtest5 WHERE id BETWEEN 1283330 AND 1284329
	-> Aggregate: sum(sbtest5.k)  (cost=794 rows=1)
    -> Filter: (sbtest5.id between 1283330 and 1284329)  (cost=371 rows=1838)
        -> Index range scan on sbtest5 using PRIMARY over (1283330 <= id <= 1284329)  (cost=371 rows=1838)


table 6 : explain SELECT SUM(k) FROM sbtest6 WHERE id BETWEEN 3420919 AND 3421918
	-> Aggregate: sum(sbtest6.k)  (cost=794 rows=1)
    -> Filter: (sbtest6.id between 3420919 and 3421918)  (cost=371 rows=1838)
        -> Index range scan on sbtest6 using PRIMARY over (3420919 <= id <= 3421918)  (cost=371 rows=1838)


table 7 : explain SELECT SUM(k) FROM sbtest7 WHERE id BETWEEN 2462111 AND 2463110
	-> Aggregate: sum(sbtest7.k)  (cost=809 rows=1)
    -> Filter: (sbtest7.id between 2462111 and 2463110)  (cost=378 rows=1872)
        -> Index range scan on sbtest7 using PRIMARY over (2462111 <= id <= 2463110)  (cost=378 rows=1872)


table 8 : explain SELECT SUM(k) FROM sbtest8 WHERE id BETWEEN 73591 AND 74590
	-> Aggregate: sum(sbtest8.k)  (cost=794 rows=1)
    -> Filter: (sbtest8.id between 73591 and 74590)  (cost=371 rows=1838)
        -> Index range scan on sbtest8 using PRIMARY over (73591 <= id <= 74590)  (cost=371 rows=1838)


for: order_ranges
table 1 : explain SELECT c FROM sbtest1 WHERE id BETWEEN 1718046 AND 1719045 ORDER BY c
	-> Sort: sbtest1.c  (cost=371 rows=1838)
    -> Filter: (sbtest1.id between 1718046 and 1719045)  (cost=371 rows=1838)
        -> Index range scan on sbtest1 using PRIMARY over (1718046 <= id <= 1719045)  (cost=371 rows=1838)


table 2 : explain SELECT c FROM sbtest2 WHERE id BETWEEN 7365051 AND 7366050 ORDER BY c
	-> Sort: sbtest2.c  (cost=371 rows=1838)
    -> Filter: (sbtest2.id between 7365051 and 7366050)  (cost=371 rows=1838)
        -> Index range scan on sbtest2 using PRIMARY over (7365051 <= id <= 7366050)  (cost=371 rows=1838)


table 3 : explain SELECT c FROM sbtest3 WHERE id BETWEEN 7108535 AND 7109534 ORDER BY c
	-> Sort: sbtest3.c  (cost=371 rows=1838)
    -> Filter: (sbtest3.id between 7108535 and 7109534)  (cost=371 rows=1838)
        -> Index range scan on sbtest3 using PRIMARY over (7108535 <= id <= 7109534)  (cost=371 rows=1838)


table 4 : explain SELECT c FROM sbtest4 WHERE id BETWEEN 1436452 AND 1437451 ORDER BY c
	-> Sort: sbtest4.c  (cost=371 rows=1838)
    -> Filter: (sbtest4.id between 1436452 and 1437451)  (cost=371 rows=1838)
        -> Index range scan on sbtest4 using PRIMARY over (1436452 <= id <= 1437451)  (cost=371 rows=1838)


table 5 : explain SELECT c FROM sbtest5 WHERE id BETWEEN 1084412 AND 1085411 ORDER BY c
	-> Sort: sbtest5.c  (cost=371 rows=1838)
    -> Filter: (sbtest5.id between 1084412 and 1085411)  (cost=371 rows=1838)
        -> Index range scan on sbtest5 using PRIMARY over (1084412 <= id <= 1085411)  (cost=371 rows=1838)


table 6 : explain SELECT c FROM sbtest6 WHERE id BETWEEN 6517213 AND 6518212 ORDER BY c
	-> Sort: sbtest6.c  (cost=371 rows=1838)
    -> Filter: (sbtest6.id between 6517213 and 6518212)  (cost=371 rows=1838)
        -> Index range scan on sbtest6 using PRIMARY over (6517213 <= id <= 6518212)  (cost=371 rows=1838)


table 7 : explain SELECT c FROM sbtest7 WHERE id BETWEEN 5423046 AND 5424045 ORDER BY c
	-> Sort: sbtest7.c  (cost=371 rows=1838)
    -> Filter: (sbtest7.id between 5423046 and 5424045)  (cost=371 rows=1838)
        -> Index range scan on sbtest7 using PRIMARY over (5423046 <= id <= 5424045)  (cost=371 rows=1838)


table 8 : explain SELECT c FROM sbtest8 WHERE id BETWEEN 1315580 AND 1316579 ORDER BY c
	-> Sort: sbtest8.c  (cost=378 rows=1872)
    -> Filter: (sbtest8.id between 1315580 and 1316579)  (cost=378 rows=1872)
        -> Index range scan on sbtest8 using PRIMARY over (1315580 <= id <= 1316579)  (cost=378 rows=1872)


for: order_ranges
table 1 : explain SELECT c FROM sbtest1 WHERE id BETWEEN 3751322 AND 3752321 ORDER BY c
	-> Sort: sbtest1.c  (cost=371 rows=1838)
    -> Filter: (sbtest1.id between 3751322 and 3752321)  (cost=371 rows=1838)
        -> Index range scan on sbtest1 using PRIMARY over (3751322 <= id <= 3752321)  (cost=371 rows=1838)


table 2 : explain SELECT c FROM sbtest2 WHERE id BETWEEN 3687132 AND 3688131 ORDER BY c
	-> Sort: sbtest2.c  (cost=378 rows=1872)
    -> Filter: (sbtest2.id between 3687132 and 3688131)  (cost=378 rows=1872)
        -> Index range scan on sbtest2 using PRIMARY over (3687132 <= id <= 3688131)  (cost=378 rows=1872)


table 3 : explain SELECT c FROM sbtest3 WHERE id BETWEEN 5389880 AND 5390879 ORDER BY c
	-> Sort: sbtest3.c  (cost=371 rows=1838)
    -> Filter: (sbtest3.id between 5389880 and 5390879)  (cost=371 rows=1838)
        -> Index range scan on sbtest3 using PRIMARY over (5389880 <= id <= 5390879)  (cost=371 rows=1838)


table 4 : explain SELECT c FROM sbtest4 WHERE id BETWEEN 7538594 AND 7539593 ORDER BY c
	-> Sort: sbtest4.c  (cost=371 rows=1838)
    -> Filter: (sbtest4.id between 7538594 and 7539593)  (cost=371 rows=1838)
        -> Index range scan on sbtest4 using PRIMARY over (7538594 <= id <= 7539593)  (cost=371 rows=1838)


table 5 : explain SELECT c FROM sbtest5 WHERE id BETWEEN 7964523 AND 7965522 ORDER BY c
	-> Sort: sbtest5.c  (cost=371 rows=1838)
    -> Filter: (sbtest5.id between 7964523 and 7965522)  (cost=371 rows=1838)
        -> Index range scan on sbtest5 using PRIMARY over (7964523 <= id <= 7965522)  (cost=371 rows=1838)


table 6 : explain SELECT c FROM sbtest6 WHERE id BETWEEN 2661985 AND 2662984 ORDER BY c
	-> Sort: sbtest6.c  (cost=378 rows=1872)
    -> Filter: (sbtest6.id between 2661985 and 2662984)  (cost=378 rows=1872)
        -> Index range scan on sbtest6 using PRIMARY over (2661985 <= id <= 2662984)  (cost=378 rows=1872)


table 7 : explain SELECT c FROM sbtest7 WHERE id BETWEEN 6593754 AND 6594753 ORDER BY c
	-> Sort: sbtest7.c  (cost=371 rows=1838)
    -> Filter: (sbtest7.id between 6593754 and 6594753)  (cost=371 rows=1838)
        -> Index range scan on sbtest7 using PRIMARY over (6593754 <= id <= 6594753)  (cost=371 rows=1838)


table 8 : explain SELECT c FROM sbtest8 WHERE id BETWEEN 1676937 AND 1677936 ORDER BY c
	-> Sort: sbtest8.c  (cost=378 rows=1872)
    -> Filter: (sbtest8.id between 1676937 and 1677936)  (cost=378 rows=1872)
        -> Index range scan on sbtest8 using PRIMARY over (1676937 <= id <= 1677936)  (cost=378 rows=1872)


for: sum_ranges
table 1 : explain SELECT SUM(k) FROM sbtest1 WHERE id BETWEEN 2816405 AND 2817404
	-> Aggregate: sum(sbtest1.k)  (cost=794 rows=1)
    -> Filter: (sbtest1.id between 2816405 and 2817404)  (cost=371 rows=1838)
        -> Index range scan on sbtest1 using PRIMARY over (2816405 <= id <= 2817404)  (cost=371 rows=1838)


table 2 : explain SELECT SUM(k) FROM sbtest2 WHERE id BETWEEN 8766766 AND 8767765
	-> Aggregate: sum(sbtest2.k)  (cost=809 rows=1)
    -> Filter: (sbtest2.id between 8766766 and 8767765)  (cost=378 rows=1872)
        -> Index range scan on sbtest2 using PRIMARY over (8766766 <= id <= 8767765)  (cost=378 rows=1872)


table 3 : explain SELECT SUM(k) FROM sbtest3 WHERE id BETWEEN 4064413 AND 4065412
	-> Aggregate: sum(sbtest3.k)  (cost=794 rows=1)
    -> Filter: (sbtest3.id between 4064413 and 4065412)  (cost=371 rows=1838)
        -> Index range scan on sbtest3 using PRIMARY over (4064413 <= id <= 4065412)  (cost=371 rows=1838)


table 4 : explain SELECT SUM(k) FROM sbtest4 WHERE id BETWEEN 4040901 AND 4041900
	-> Aggregate: sum(sbtest4.k)  (cost=809 rows=1)
    -> Filter: (sbtest4.id between 4040901 and 4041900)  (cost=378 rows=1872)
        -> Index range scan on sbtest4 using PRIMARY over (4040901 <= id <= 4041900)  (cost=378 rows=1872)


table 5 : explain SELECT SUM(k) FROM sbtest5 WHERE id BETWEEN 7601714 AND 7602713
	-> Aggregate: sum(sbtest5.k)  (cost=794 rows=1)
    -> Filter: (sbtest5.id between 7601714 and 7602713)  (cost=371 rows=1838)
        -> Index range scan on sbtest5 using PRIMARY over (7601714 <= id <= 7602713)  (cost=371 rows=1838)


table 6 : explain SELECT SUM(k) FROM sbtest6 WHERE id BETWEEN 5105908 AND 5106907
	-> Aggregate: sum(sbtest6.k)  (cost=794 rows=1)
    -> Filter: (sbtest6.id between 5105908 and 5106907)  (cost=371 rows=1838)
        -> Index range scan on sbtest6 using PRIMARY over (5105908 <= id <= 5106907)  (cost=371 rows=1838)


table 7 : explain SELECT SUM(k) FROM sbtest7 WHERE id BETWEEN 1145021 AND 1146020
	-> Aggregate: sum(sbtest7.k)  (cost=794 rows=1)
    -> Filter: (sbtest7.id between 1145021 and 1146020)  (cost=371 rows=1838)
        -> Index range scan on sbtest7 using PRIMARY over (1145021 <= id <= 1146020)  (cost=371 rows=1838)


table 8 : explain SELECT SUM(k) FROM sbtest8 WHERE id BETWEEN 5637304 AND 5638303
	-> Aggregate: sum(sbtest8.k)  (cost=794 rows=1)
    -> Filter: (sbtest8.id between 5637304 and 5638303)  (cost=371 rows=1838)
        -> Index range scan on sbtest8 using PRIMARY over (5637304 <= id <= 5638303)  (cost=371 rows=1838)


for: order_ranges
table 1 : explain SELECT c FROM sbtest1 WHERE id BETWEEN 2386405 AND 2387404 ORDER BY c
	-> Sort: sbtest1.c  (cost=371 rows=1838)
    -> Filter: (sbtest1.id between 2386405 and 2387404)  (cost=371 rows=1838)
        -> Index range scan on sbtest1 using PRIMARY over (2386405 <= id <= 2387404)  (cost=371 rows=1838)


table 2 : explain SELECT c FROM sbtest2 WHERE id BETWEEN 5711936 AND 5712935 ORDER BY c
	-> Sort: sbtest2.c  (cost=378 rows=1872)
    -> Filter: (sbtest2.id between 5711936 and 5712935)  (cost=378 rows=1872)
        -> Index range scan on sbtest2 using PRIMARY over (5711936 <= id <= 5712935)  (cost=378 rows=1872)


table 3 : explain SELECT c FROM sbtest3 WHERE id BETWEEN 888677 AND 889676 ORDER BY c
	-> Sort: sbtest3.c  (cost=378 rows=1872)
    -> Filter: (sbtest3.id between 888677 and 889676)  (cost=378 rows=1872)
        -> Index range scan on sbtest3 using PRIMARY over (888677 <= id <= 889676)  (cost=378 rows=1872)


table 4 : explain SELECT c FROM sbtest4 WHERE id BETWEEN 4978762 AND 4979761 ORDER BY c
	-> Sort: sbtest4.c  (cost=371 rows=1838)
    -> Filter: (sbtest4.id between 4978762 and 4979761)  (cost=371 rows=1838)
        -> Index range scan on sbtest4 using PRIMARY over (4978762 <= id <= 4979761)  (cost=371 rows=1838)


table 5 : explain SELECT c FROM sbtest5 WHERE id BETWEEN 5764753 AND 5765752 ORDER BY c
	-> Sort: sbtest5.c  (cost=371 rows=1838)
    -> Filter: (sbtest5.id between 5764753 and 5765752)  (cost=371 rows=1838)
        -> Index range scan on sbtest5 using PRIMARY over (5764753 <= id <= 5765752)  (cost=371 rows=1838)


table 6 : explain SELECT c FROM sbtest6 WHERE id BETWEEN 6669205 AND 6670204 ORDER BY c
	-> Sort: sbtest6.c  (cost=371 rows=1838)
    -> Filter: (sbtest6.id between 6669205 and 6670204)  (cost=371 rows=1838)
        -> Index range scan on sbtest6 using PRIMARY over (6669205 <= id <= 6670204)  (cost=371 rows=1838)


table 7 : explain SELECT c FROM sbtest7 WHERE id BETWEEN 9536764 AND 9537763 ORDER BY c
	-> Sort: sbtest7.c  (cost=378 rows=1872)
    -> Filter: (sbtest7.id between 9536764 and 9537763)  (cost=378 rows=1872)
        -> Index range scan on sbtest7 using PRIMARY over (9536764 <= id <= 9537763)  (cost=378 rows=1872)


table 8 : explain SELECT c FROM sbtest8 WHERE id BETWEEN 3159997 AND 3160996 ORDER BY c
	-> Sort: sbtest8.c  (cost=378 rows=1872)
    -> Filter: (sbtest8.id between 3159997 and 3160996)  (cost=378 rows=1872)
        -> Index range scan on sbtest8 using PRIMARY over (3159997 <= id <= 3160996)  (cost=378 rows=1872)


for: sum_ranges
table 1 : explain SELECT SUM(k) FROM sbtest1 WHERE id BETWEEN 9595929 AND 9596928
	-> Aggregate: sum(sbtest1.k)  (cost=794 rows=1)
    -> Filter: (sbtest1.id between 9595929 and 9596928)  (cost=371 rows=1838)
        -> Index range scan on sbtest1 using PRIMARY over (9595929 <= id <= 9596928)  (cost=371 rows=1838)


table 2 : explain SELECT SUM(k) FROM sbtest2 WHERE id BETWEEN 4927748 AND 4928747
	-> Aggregate: sum(sbtest2.k)  (cost=794 rows=1)
    -> Filter: (sbtest2.id between 4927748 and 4928747)  (cost=371 rows=1838)
        -> Index range scan on sbtest2 using PRIMARY over (4927748 <= id <= 4928747)  (cost=371 rows=1838)


table 3 : explain SELECT SUM(k) FROM sbtest3 WHERE id BETWEEN 469337 AND 470336
	-> Aggregate: sum(sbtest3.k)  (cost=794 rows=1)
    -> Filter: (sbtest3.id between 469337 and 470336)  (cost=371 rows=1838)
        -> Index range scan on sbtest3 using PRIMARY over (469337 <= id <= 470336)  (cost=371 rows=1838)


table 4 : explain SELECT SUM(k) FROM sbtest4 WHERE id BETWEEN 419077 AND 420076
	-> Aggregate: sum(sbtest4.k)  (cost=809 rows=1)
    -> Filter: (sbtest4.id between 419077 and 420076)  (cost=378 rows=1872)
        -> Index range scan on sbtest4 using PRIMARY over (419077 <= id <= 420076)  (cost=378 rows=1872)


table 5 : explain SELECT SUM(k) FROM sbtest5 WHERE id BETWEEN 1739352 AND 1740351
	-> Aggregate: sum(sbtest5.k)  (cost=809 rows=1)
    -> Filter: (sbtest5.id between 1739352 and 1740351)  (cost=378 rows=1872)
        -> Index range scan on sbtest5 using PRIMARY over (1739352 <= id <= 1740351)  (cost=378 rows=1872)


table 6 : explain SELECT SUM(k) FROM sbtest6 WHERE id BETWEEN 5860130 AND 5861129
	-> Aggregate: sum(sbtest6.k)  (cost=809 rows=1)
    -> Filter: (sbtest6.id between 5860130 and 5861129)  (cost=378 rows=1872)
        -> Index range scan on sbtest6 using PRIMARY over (5860130 <= id <= 5861129)  (cost=378 rows=1872)


table 7 : explain SELECT SUM(k) FROM sbtest7 WHERE id BETWEEN 6088740 AND 6089739
	-> Aggregate: sum(sbtest7.k)  (cost=794 rows=1)
    -> Filter: (sbtest7.id between 6088740 and 6089739)  (cost=371 rows=1838)
        -> Index range scan on sbtest7 using PRIMARY over (6088740 <= id <= 6089739)  (cost=371 rows=1838)


table 8 : explain SELECT SUM(k) FROM sbtest8 WHERE id BETWEEN 2411123 AND 2412122
	-> Aggregate: sum(sbtest8.k)  (cost=794 rows=1)
    -> Filter: (sbtest8.id between 2411123 and 2412122)  (cost=371 rows=1838)
        -> Index range scan on sbtest8 using PRIMARY over (2411123 <= id <= 2412122)  (cost=371 rows=1838)


for: order_ranges
table 1 : explain SELECT c FROM sbtest1 WHERE id BETWEEN 5611727 AND 5612726 ORDER BY c
	-> Sort: sbtest1.c  (cost=371 rows=1838)
    -> Filter: (sbtest1.id between 5611727 and 5612726)  (cost=371 rows=1838)
        -> Index range scan on sbtest1 using PRIMARY over (5611727 <= id <= 5612726)  (cost=371 rows=1838)


table 2 : explain SELECT c FROM sbtest2 WHERE id BETWEEN 9129827 AND 9130826 ORDER BY c
	-> Sort: sbtest2.c  (cost=371 rows=1838)
    -> Filter: (sbtest2.id between 9129827 and 9130826)  (cost=371 rows=1838)
        -> Index range scan on sbtest2 using PRIMARY over (9129827 <= id <= 9130826)  (cost=371 rows=1838)


table 3 : explain SELECT c FROM sbtest3 WHERE id BETWEEN 3888855 AND 3889854 ORDER BY c
	-> Sort: sbtest3.c  (cost=371 rows=1838)
    -> Filter: (sbtest3.id between 3888855 and 3889854)  (cost=371 rows=1838)
        -> Index range scan on sbtest3 using PRIMARY over (3888855 <= id <= 3889854)  (cost=371 rows=1838)


table 4 : explain SELECT c FROM sbtest4 WHERE id BETWEEN 4746496 AND 4747495 ORDER BY c
	-> Sort: sbtest4.c  (cost=371 rows=1838)
    -> Filter: (sbtest4.id between 4746496 and 4747495)  (cost=371 rows=1838)
        -> Index range scan on sbtest4 using PRIMARY over (4746496 <= id <= 4747495)  (cost=371 rows=1838)


table 5 : explain SELECT c FROM sbtest5 WHERE id BETWEEN 8741858 AND 8742857 ORDER BY c
	-> Sort: sbtest5.c  (cost=371 rows=1838)
    -> Filter: (sbtest5.id between 8741858 and 8742857)  (cost=371 rows=1838)
        -> Index range scan on sbtest5 using PRIMARY over (8741858 <= id <= 8742857)  (cost=371 rows=1838)


table 6 : explain SELECT c FROM sbtest6 WHERE id BETWEEN 9889126 AND 9890125 ORDER BY c
	-> Sort: sbtest6.c  (cost=371 rows=1838)
    -> Filter: (sbtest6.id between 9889126 and 9890125)  (cost=371 rows=1838)
        -> Index range scan on sbtest6 using PRIMARY over (9889126 <= id <= 9890125)  (cost=371 rows=1838)


table 7 : explain SELECT c FROM sbtest7 WHERE id BETWEEN 4391368 AND 4392367 ORDER BY c
	-> Sort: sbtest7.c  (cost=378 rows=1872)
    -> Filter: (sbtest7.id between 4391368 and 4392367)  (cost=378 rows=1872)
        -> Index range scan on sbtest7 using PRIMARY over (4391368 <= id <= 4392367)  (cost=378 rows=1872)


table 8 : explain SELECT c FROM sbtest8 WHERE id BETWEEN 8931401 AND 8932400 ORDER BY c
	-> Sort: sbtest8.c  (cost=371 rows=1838)
    -> Filter: (sbtest8.id between 8931401 and 8932400)  (cost=371 rows=1838)
        -> Index range scan on sbtest8 using PRIMARY over (8931401 <= id <= 8932400)  (cost=371 rows=1838)


for: order_ranges
table 1 : explain SELECT c FROM sbtest1 WHERE id BETWEEN 9664770 AND 9665769 ORDER BY c
	-> Sort: sbtest1.c  (cost=371 rows=1838)
    -> Filter: (sbtest1.id between 9664770 and 9665769)  (cost=371 rows=1838)
        -> Index range scan on sbtest1 using PRIMARY over (9664770 <= id <= 9665769)  (cost=371 rows=1838)


table 2 : explain SELECT c FROM sbtest2 WHERE id BETWEEN 1121183 AND 1122182 ORDER BY c
	-> Sort: sbtest2.c  (cost=378 rows=1872)
    -> Filter: (sbtest2.id between 1121183 and 1122182)  (cost=378 rows=1872)
        -> Index range scan on sbtest2 using PRIMARY over (1121183 <= id <= 1122182)  (cost=378 rows=1872)


table 3 : explain SELECT c FROM sbtest3 WHERE id BETWEEN 3711065 AND 3712064 ORDER BY c
	-> Sort: sbtest3.c  (cost=371 rows=1840)
    -> Filter: (sbtest3.id between 3711065 and 3712064)  (cost=371 rows=1840)
        -> Index range scan on sbtest3 using PRIMARY over (3711065 <= id <= 3712064)  (cost=371 rows=1840)


table 4 : explain SELECT c FROM sbtest4 WHERE id BETWEEN 8471228 AND 8472227 ORDER BY c
	-> Sort: sbtest4.c  (cost=371 rows=1838)
    -> Filter: (sbtest4.id between 8471228 and 8472227)  (cost=371 rows=1838)
        -> Index range scan on sbtest4 using PRIMARY over (8471228 <= id <= 8472227)  (cost=371 rows=1838)


table 5 : explain SELECT c FROM sbtest5 WHERE id BETWEEN 9183482 AND 9184481 ORDER BY c
	-> Sort: sbtest5.c  (cost=371 rows=1838)
    -> Filter: (sbtest5.id between 9183482 and 9184481)  (cost=371 rows=1838)
        -> Index range scan on sbtest5 using PRIMARY over (9183482 <= id <= 9184481)  (cost=371 rows=1838)


table 6 : explain SELECT c FROM sbtest6 WHERE id BETWEEN 3316923 AND 3317922 ORDER BY c
	-> Sort: sbtest6.c  (cost=371 rows=1838)
    -> Filter: (sbtest6.id between 3316923 and 3317922)  (cost=371 rows=1838)
        -> Index range scan on sbtest6 using PRIMARY over (3316923 <= id <= 3317922)  (cost=371 rows=1838)


table 7 : explain SELECT c FROM sbtest7 WHERE id BETWEEN 9191820 AND 9192819 ORDER BY c
	-> Sort: sbtest7.c  (cost=371 rows=1838)
    -> Filter: (sbtest7.id between 9191820 and 9192819)  (cost=371 rows=1838)
        -> Index range scan on sbtest7 using PRIMARY over (9191820 <= id <= 9192819)  (cost=371 rows=1838)


table 8 : explain SELECT c FROM sbtest8 WHERE id BETWEEN 5862319 AND 5863318 ORDER BY c
	-> Sort: sbtest8.c  (cost=378 rows=1872)
    -> Filter: (sbtest8.id between 5862319 and 5863318)  (cost=378 rows=1872)
        -> Index range scan on sbtest8 using PRIMARY over (5862319 <= id <= 5863318)  (cost=378 rows=1872)


for: sum_ranges
table 1 : explain SELECT SUM(k) FROM sbtest1 WHERE id BETWEEN 1474218 AND 1475217
	-> Aggregate: sum(sbtest1.k)  (cost=809 rows=1)
    -> Filter: (sbtest1.id between 1474218 and 1475217)  (cost=378 rows=1872)
        -> Index range scan on sbtest1 using PRIMARY over (1474218 <= id <= 1475217)  (cost=378 rows=1872)


table 2 : explain SELECT SUM(k) FROM sbtest2 WHERE id BETWEEN 3627456 AND 3628455
	-> Aggregate: sum(sbtest2.k)  (cost=794 rows=1)
    -> Filter: (sbtest2.id between 3627456 and 3628455)  (cost=371 rows=1838)
        -> Index range scan on sbtest2 using PRIMARY over (3627456 <= id <= 3628455)  (cost=371 rows=1838)


table 3 : explain SELECT SUM(k) FROM sbtest3 WHERE id BETWEEN 1177543 AND 1178542
	-> Aggregate: sum(sbtest3.k)  (cost=809 rows=1)
    -> Filter: (sbtest3.id between 1177543 and 1178542)  (cost=378 rows=1872)
        -> Index range scan on sbtest3 using PRIMARY over (1177543 <= id <= 1178542)  (cost=378 rows=1872)


table 4 : explain SELECT SUM(k) FROM sbtest4 WHERE id BETWEEN 4971554 AND 4972553
	-> Aggregate: sum(sbtest4.k)  (cost=794 rows=1)
    -> Filter: (sbtest4.id between 4971554 and 4972553)  (cost=371 rows=1838)
        -> Index range scan on sbtest4 using PRIMARY over (4971554 <= id <= 4972553)  (cost=371 rows=1838)


table 5 : explain SELECT SUM(k) FROM sbtest5 WHERE id BETWEEN 5162196 AND 5163195
	-> Aggregate: sum(sbtest5.k)  (cost=794 rows=1)
    -> Filter: (sbtest5.id between 5162196 and 5163195)  (cost=371 rows=1838)
        -> Index range scan on sbtest5 using PRIMARY over (5162196 <= id <= 5163195)  (cost=371 rows=1838)


table 6 : explain SELECT SUM(k) FROM sbtest6 WHERE id BETWEEN 7497479 AND 7498478
	-> Aggregate: sum(sbtest6.k)  (cost=794 rows=1)
    -> Filter: (sbtest6.id between 7497479 and 7498478)  (cost=371 rows=1838)
        -> Index range scan on sbtest6 using PRIMARY over (7497479 <= id <= 7498478)  (cost=371 rows=1838)


table 7 : explain SELECT SUM(k) FROM sbtest7 WHERE id BETWEEN 4520993 AND 4521992
	-> Aggregate: sum(sbtest7.k)  (cost=794 rows=1)
    -> Filter: (sbtest7.id between 4520993 and 4521992)  (cost=371 rows=1838)
        -> Index range scan on sbtest7 using PRIMARY over (4520993 <= id <= 4521992)  (cost=371 rows=1838)


table 8 : explain SELECT SUM(k) FROM sbtest8 WHERE id BETWEEN 7332825 AND 7333824
	-> Aggregate: sum(sbtest8.k)  (cost=809 rows=1)
    -> Filter: (sbtest8.id between 7332825 and 7333824)  (cost=378 rows=1872)
        -> Index range scan on sbtest8 using PRIMARY over (7332825 <= id <= 7333824)  (cost=378 rows=1872)


for: sum_ranges
table 1 : explain SELECT SUM(k) FROM sbtest1 WHERE id BETWEEN 3278660 AND 3279659
	-> Aggregate: sum(sbtest1.k)  (cost=794 rows=1)
    -> Filter: (sbtest1.id between 3278660 and 3279659)  (cost=371 rows=1838)
        -> Index range scan on sbtest1 using PRIMARY over (3278660 <= id <= 3279659)  (cost=371 rows=1838)


table 2 : explain SELECT SUM(k) FROM sbtest2 WHERE id BETWEEN 264825 AND 265824
	-> Aggregate: sum(sbtest2.k)  (cost=809 rows=1)
    -> Filter: (sbtest2.id between 264825 and 265824)  (cost=378 rows=1872)
        -> Index range scan on sbtest2 using PRIMARY over (264825 <= id <= 265824)  (cost=378 rows=1872)


table 3 : explain SELECT SUM(k) FROM sbtest3 WHERE id BETWEEN 6291536 AND 6292535
	-> Aggregate: sum(sbtest3.k)  (cost=794 rows=1)
    -> Filter: (sbtest3.id between 6291536 and 6292535)  (cost=371 rows=1838)
        -> Index range scan on sbtest3 using PRIMARY over (6291536 <= id <= 6292535)  (cost=371 rows=1838)


table 4 : explain SELECT SUM(k) FROM sbtest4 WHERE id BETWEEN 2146916 AND 2147915
	-> Aggregate: sum(sbtest4.k)  (cost=809 rows=1)
    -> Filter: (sbtest4.id between 2146916 and 2147915)  (cost=378 rows=1872)
        -> Index range scan on sbtest4 using PRIMARY over (2146916 <= id <= 2147915)  (cost=378 rows=1872)


table 5 : explain SELECT SUM(k) FROM sbtest5 WHERE id BETWEEN 7121691 AND 7122690
	-> Aggregate: sum(sbtest5.k)  (cost=794 rows=1)
    -> Filter: (sbtest5.id between 7121691 and 7122690)  (cost=371 rows=1838)
        -> Index range scan on sbtest5 using PRIMARY over (7121691 <= id <= 7122690)  (cost=371 rows=1838)


table 6 : explain SELECT SUM(k) FROM sbtest6 WHERE id BETWEEN 8799495 AND 8800494
	-> Aggregate: sum(sbtest6.k)  (cost=794 rows=1)
    -> Filter: (sbtest6.id between 8799495 and 8800494)  (cost=371 rows=1838)
        -> Index range scan on sbtest6 using PRIMARY over (8799495 <= id <= 8800494)  (cost=371 rows=1838)


table 7 : explain SELECT SUM(k) FROM sbtest7 WHERE id BETWEEN 3571809 AND 3572808
	-> Aggregate: sum(sbtest7.k)  (cost=794 rows=1)
    -> Filter: (sbtest7.id between 3571809 and 3572808)  (cost=371 rows=1838)
        -> Index range scan on sbtest7 using PRIMARY over (3571809 <= id <= 3572808)  (cost=371 rows=1838)


table 8 : explain SELECT SUM(k) FROM sbtest8 WHERE id BETWEEN 5319902 AND 5320901
	-> Aggregate: sum(sbtest8.k)  (cost=794 rows=1)
    -> Filter: (sbtest8.id between 5319902 and 5320901)  (cost=371 rows=1838)
        -> Index range scan on sbtest8 using PRIMARY over (5319902 <= id <= 5320901)  (cost=371 rows=1838)


for: sum_ranges
table 1 : explain SELECT SUM(k) FROM sbtest1 WHERE id BETWEEN 4030530 AND 4031529
	-> Aggregate: sum(sbtest1.k)  (cost=809 rows=1)
    -> Filter: (sbtest1.id between 4030530 and 4031529)  (cost=378 rows=1872)
        -> Index range scan on sbtest1 using PRIMARY over (4030530 <= id <= 4031529)  (cost=378 rows=1872)


table 2 : explain SELECT SUM(k) FROM sbtest2 WHERE id BETWEEN 5879743 AND 5880742
	-> Aggregate: sum(sbtest2.k)  (cost=794 rows=1)
    -> Filter: (sbtest2.id between 5879743 and 5880742)  (cost=371 rows=1838)
        -> Index range scan on sbtest2 using PRIMARY over (5879743 <= id <= 5880742)  (cost=371 rows=1838)


table 3 : explain SELECT SUM(k) FROM sbtest3 WHERE id BETWEEN 8111580 AND 8112579
	-> Aggregate: sum(sbtest3.k)  (cost=809 rows=1)
    -> Filter: (sbtest3.id between 8111580 and 8112579)  (cost=378 rows=1872)
        -> Index range scan on sbtest3 using PRIMARY over (8111580 <= id <= 8112579)  (cost=378 rows=1872)


table 4 : explain SELECT SUM(k) FROM sbtest4 WHERE id BETWEEN 8670380 AND 8671379
	-> Aggregate: sum(sbtest4.k)  (cost=794 rows=1)
    -> Filter: (sbtest4.id between 8670380 and 8671379)  (cost=371 rows=1838)
        -> Index range scan on sbtest4 using PRIMARY over (8670380 <= id <= 8671379)  (cost=371 rows=1838)


table 5 : explain SELECT SUM(k) FROM sbtest5 WHERE id BETWEEN 7673451 AND 7674450
	-> Aggregate: sum(sbtest5.k)  (cost=809 rows=1)
    -> Filter: (sbtest5.id between 7673451 and 7674450)  (cost=378 rows=1872)
        -> Index range scan on sbtest5 using PRIMARY over (7673451 <= id <= 7674450)  (cost=378 rows=1872)


table 6 : explain SELECT SUM(k) FROM sbtest6 WHERE id BETWEEN 7516566 AND 7517565
	-> Aggregate: sum(sbtest6.k)  (cost=809 rows=1)
    -> Filter: (sbtest6.id between 7516566 and 7517565)  (cost=378 rows=1872)
        -> Index range scan on sbtest6 using PRIMARY over (7516566 <= id <= 7517565)  (cost=378 rows=1872)


table 7 : explain SELECT SUM(k) FROM sbtest7 WHERE id BETWEEN 6535851 AND 6536850
	-> Aggregate: sum(sbtest7.k)  (cost=794 rows=1)
    -> Filter: (sbtest7.id between 6535851 and 6536850)  (cost=371 rows=1838)
        -> Index range scan on sbtest7 using PRIMARY over (6535851 <= id <= 6536850)  (cost=371 rows=1838)


table 8 : explain SELECT SUM(k) FROM sbtest8 WHERE id BETWEEN 6003265 AND 6004264
	-> Aggregate: sum(sbtest8.k)  (cost=795 rows=1)
    -> Filter: (sbtest8.id between 6003265 and 6004264)  (cost=371 rows=1840)
        -> Index range scan on sbtest8 using PRIMARY over (6003265 <= id <= 6004264)  (cost=371 rows=1840)


for: order_ranges
table 1 : explain SELECT c FROM sbtest1 WHERE id BETWEEN 8379316 AND 8380315 ORDER BY c
	-> Sort: sbtest1.c  (cost=371 rows=1838)
    -> Filter: (sbtest1.id between 8379316 and 8380315)  (cost=371 rows=1838)
        -> Index range scan on sbtest1 using PRIMARY over (8379316 <= id <= 8380315)  (cost=371 rows=1838)


table 2 : explain SELECT c FROM sbtest2 WHERE id BETWEEN 3313947 AND 3314946 ORDER BY c
	-> Sort: sbtest2.c  (cost=378 rows=1872)
    -> Filter: (sbtest2.id between 3313947 and 3314946)  (cost=378 rows=1872)
        -> Index range scan on sbtest2 using PRIMARY over (3313947 <= id <= 3314946)  (cost=378 rows=1872)


table 3 : explain SELECT c FROM sbtest3 WHERE id BETWEEN 6287261 AND 6288260 ORDER BY c
	-> Sort: sbtest3.c  (cost=371 rows=1838)
    -> Filter: (sbtest3.id between 6287261 and 6288260)  (cost=371 rows=1838)
        -> Index range scan on sbtest3 using PRIMARY over (6287261 <= id <= 6288260)  (cost=371 rows=1838)


table 4 : explain SELECT c FROM sbtest4 WHERE id BETWEEN 8943609 AND 8944608 ORDER BY c
	-> Sort: sbtest4.c  (cost=371 rows=1838)
    -> Filter: (sbtest4.id between 8943609 and 8944608)  (cost=371 rows=1838)
        -> Index range scan on sbtest4 using PRIMARY over (8943609 <= id <= 8944608)  (cost=371 rows=1838)


table 5 : explain SELECT c FROM sbtest5 WHERE id BETWEEN 1540699 AND 1541698 ORDER BY c
	-> Sort: sbtest5.c  (cost=371 rows=1838)
    -> Filter: (sbtest5.id between 1540699 and 1541698)  (cost=371 rows=1838)
        -> Index range scan on sbtest5 using PRIMARY over (1540699 <= id <= 1541698)  (cost=371 rows=1838)


table 6 : explain SELECT c FROM sbtest6 WHERE id BETWEEN 9116485 AND 9117484 ORDER BY c
	-> Sort: sbtest6.c  (cost=371 rows=1838)
    -> Filter: (sbtest6.id between 9116485 and 9117484)  (cost=371 rows=1838)
        -> Index range scan on sbtest6 using PRIMARY over (9116485 <= id <= 9117484)  (cost=371 rows=1838)


table 7 : explain SELECT c FROM sbtest7 WHERE id BETWEEN 6407726 AND 6408725 ORDER BY c
	-> Sort: sbtest7.c  (cost=371 rows=1838)
    -> Filter: (sbtest7.id between 6407726 and 6408725)  (cost=371 rows=1838)
        -> Index range scan on sbtest7 using PRIMARY over (6407726 <= id <= 6408725)  (cost=371 rows=1838)


table 8 : explain SELECT c FROM sbtest8 WHERE id BETWEEN 6062483 AND 6063482 ORDER BY c
	-> Sort: sbtest8.c  (cost=378 rows=1872)
    -> Filter: (sbtest8.id between 6062483 and 6063482)  (cost=378 rows=1872)
        -> Index range scan on sbtest8 using PRIMARY over (6062483 <= id <= 6063482)  (cost=378 rows=1872)


for: sum_ranges
table 1 : explain SELECT SUM(k) FROM sbtest1 WHERE id BETWEEN 5639944 AND 5640943
	-> Aggregate: sum(sbtest1.k)  (cost=795 rows=1)
    -> Filter: (sbtest1.id between 5639944 and 5640943)  (cost=371 rows=1840)
        -> Index range scan on sbtest1 using PRIMARY over (5639944 <= id <= 5640943)  (cost=371 rows=1840)


table 2 : explain SELECT SUM(k) FROM sbtest2 WHERE id BETWEEN 3382596 AND 3383595
	-> Aggregate: sum(sbtest2.k)  (cost=794 rows=1)
    -> Filter: (sbtest2.id between 3382596 and 3383595)  (cost=371 rows=1838)
        -> Index range scan on sbtest2 using PRIMARY over (3382596 <= id <= 3383595)  (cost=371 rows=1838)


table 3 : explain SELECT SUM(k) FROM sbtest3 WHERE id BETWEEN 5734722 AND 5735721
	-> Aggregate: sum(sbtest3.k)  (cost=794 rows=1)
    -> Filter: (sbtest3.id between 5734722 and 5735721)  (cost=371 rows=1838)
        -> Index range scan on sbtest3 using PRIMARY over (5734722 <= id <= 5735721)  (cost=371 rows=1838)


table 4 : explain SELECT SUM(k) FROM sbtest4 WHERE id BETWEEN 5272267 AND 5273266
	-> Aggregate: sum(sbtest4.k)  (cost=794 rows=1)
    -> Filter: (sbtest4.id between 5272267 and 5273266)  (cost=371 rows=1838)
        -> Index range scan on sbtest4 using PRIMARY over (5272267 <= id <= 5273266)  (cost=371 rows=1838)


table 5 : explain SELECT SUM(k) FROM sbtest5 WHERE id BETWEEN 366455 AND 367454
	-> Aggregate: sum(sbtest5.k)  (cost=794 rows=1)
    -> Filter: (sbtest5.id between 366455 and 367454)  (cost=371 rows=1838)
        -> Index range scan on sbtest5 using PRIMARY over (366455 <= id <= 367454)  (cost=371 rows=1838)


table 6 : explain SELECT SUM(k) FROM sbtest6 WHERE id BETWEEN 2723257 AND 2724256
	-> Aggregate: sum(sbtest6.k)  (cost=794 rows=1)
    -> Filter: (sbtest6.id between 2723257 and 2724256)  (cost=371 rows=1838)
        -> Index range scan on sbtest6 using PRIMARY over (2723257 <= id <= 2724256)  (cost=371 rows=1838)


table 7 : explain SELECT SUM(k) FROM sbtest7 WHERE id BETWEEN 7482039 AND 7483038
	-> Aggregate: sum(sbtest7.k)  (cost=809 rows=1)
    -> Filter: (sbtest7.id between 7482039 and 7483038)  (cost=378 rows=1872)
        -> Index range scan on sbtest7 using PRIMARY over (7482039 <= id <= 7483038)  (cost=378 rows=1872)


table 8 : explain SELECT SUM(k) FROM sbtest8 WHERE id BETWEEN 4915128 AND 4916127
	-> Aggregate: sum(sbtest8.k)  (cost=809 rows=1)
    -> Filter: (sbtest8.id between 4915128 and 4916127)  (cost=378 rows=1872)
        -> Index range scan on sbtest8 using PRIMARY over (4915128 <= id <= 4916127)  (cost=378 rows=1872)


for: order_ranges
table 1 : explain SELECT c FROM sbtest1 WHERE id BETWEEN 8955622 AND 8956621 ORDER BY c
	-> Sort: sbtest1.c  (cost=378 rows=1872)
    -> Filter: (sbtest1.id between 8955622 and 8956621)  (cost=378 rows=1872)
        -> Index range scan on sbtest1 using PRIMARY over (8955622 <= id <= 8956621)  (cost=378 rows=1872)


table 2 : explain SELECT c FROM sbtest2 WHERE id BETWEEN 8361441 AND 8362440 ORDER BY c
	-> Sort: sbtest2.c  (cost=371 rows=1838)
    -> Filter: (sbtest2.id between 8361441 and 8362440)  (cost=371 rows=1838)
        -> Index range scan on sbtest2 using PRIMARY over (8361441 <= id <= 8362440)  (cost=371 rows=1838)


table 3 : explain SELECT c FROM sbtest3 WHERE id BETWEEN 8025169 AND 8026168 ORDER BY c
	-> Sort: sbtest3.c  (cost=371 rows=1838)
    -> Filter: (sbtest3.id between 8025169 and 8026168)  (cost=371 rows=1838)
        -> Index range scan on sbtest3 using PRIMARY over (8025169 <= id <= 8026168)  (cost=371 rows=1838)


table 4 : explain SELECT c FROM sbtest4 WHERE id BETWEEN 304291 AND 305290 ORDER BY c
	-> Sort: sbtest4.c  (cost=371 rows=1838)
    -> Filter: (sbtest4.id between 304291 and 305290)  (cost=371 rows=1838)
        -> Index range scan on sbtest4 using PRIMARY over (304291 <= id <= 305290)  (cost=371 rows=1838)


table 5 : explain SELECT c FROM sbtest5 WHERE id BETWEEN 5049914 AND 5050913 ORDER BY c
	-> Sort: sbtest5.c  (cost=371 rows=1838)
    -> Filter: (sbtest5.id between 5049914 and 5050913)  (cost=371 rows=1838)
        -> Index range scan on sbtest5 using PRIMARY over (5049914 <= id <= 5050913)  (cost=371 rows=1838)


table 6 : explain SELECT c FROM sbtest6 WHERE id BETWEEN 54607 AND 55606 ORDER BY c
	-> Sort: sbtest6.c  (cost=371 rows=1838)
    -> Filter: (sbtest6.id between 54607 and 55606)  (cost=371 rows=1838)
        -> Index range scan on sbtest6 using PRIMARY over (54607 <= id <= 55606)  (cost=371 rows=1838)


table 7 : explain SELECT c FROM sbtest7 WHERE id BETWEEN 8717932 AND 8718931 ORDER BY c
	-> Sort: sbtest7.c  (cost=378 rows=1872)
    -> Filter: (sbtest7.id between 8717932 and 8718931)  (cost=378 rows=1872)
        -> Index range scan on sbtest7 using PRIMARY over (8717932 <= id <= 8718931)  (cost=378 rows=1872)


table 8 : explain SELECT c FROM sbtest8 WHERE id BETWEEN 5675960 AND 5676959 ORDER BY c
	-> Sort: sbtest8.c  (cost=371 rows=1838)
    -> Filter: (sbtest8.id between 5675960 and 5676959)  (cost=371 rows=1838)
        -> Index range scan on sbtest8 using PRIMARY over (5675960 <= id <= 5676959)  (cost=371 rows=1838)


for: order_ranges
table 1 : explain SELECT c FROM sbtest1 WHERE id BETWEEN 5199287 AND 5200286 ORDER BY c
	-> Sort: sbtest1.c  (cost=371 rows=1838)
    -> Filter: (sbtest1.id between 5199287 and 5200286)  (cost=371 rows=1838)
        -> Index range scan on sbtest1 using PRIMARY over (5199287 <= id <= 5200286)  (cost=371 rows=1838)


table 2 : explain SELECT c FROM sbtest2 WHERE id BETWEEN 9863996 AND 9864995 ORDER BY c
	-> Sort: sbtest2.c  (cost=371 rows=1838)
    -> Filter: (sbtest2.id between 9863996 and 9864995)  (cost=371 rows=1838)
        -> Index range scan on sbtest2 using PRIMARY over (9863996 <= id <= 9864995)  (cost=371 rows=1838)


table 3 : explain SELECT c FROM sbtest3 WHERE id BETWEEN 6912549 AND 6913548 ORDER BY c
	-> Sort: sbtest3.c  (cost=371 rows=1838)
    -> Filter: (sbtest3.id between 6912549 and 6913548)  (cost=371 rows=1838)
        -> Index range scan on sbtest3 using PRIMARY over (6912549 <= id <= 6913548)  (cost=371 rows=1838)


table 4 : explain SELECT c FROM sbtest4 WHERE id BETWEEN 3066705 AND 3067704 ORDER BY c
	-> Sort: sbtest4.c  (cost=378 rows=1872)
    -> Filter: (sbtest4.id between 3066705 and 3067704)  (cost=378 rows=1872)
        -> Index range scan on sbtest4 using PRIMARY over (3066705 <= id <= 3067704)  (cost=378 rows=1872)


table 5 : explain SELECT c FROM sbtest5 WHERE id BETWEEN 4417989 AND 4418988 ORDER BY c
	-> Sort: sbtest5.c  (cost=371 rows=1838)
    -> Filter: (sbtest5.id between 4417989 and 4418988)  (cost=371 rows=1838)
        -> Index range scan on sbtest5 using PRIMARY over (4417989 <= id <= 4418988)  (cost=371 rows=1838)


table 6 : explain SELECT c FROM sbtest6 WHERE id BETWEEN 1767715 AND 1768714 ORDER BY c
	-> Sort: sbtest6.c  (cost=371 rows=1838)
    -> Filter: (sbtest6.id between 1767715 and 1768714)  (cost=371 rows=1838)
        -> Index range scan on sbtest6 using PRIMARY over (1767715 <= id <= 1768714)  (cost=371 rows=1838)


table 7 : explain SELECT c FROM sbtest7 WHERE id BETWEEN 3291538 AND 3292537 ORDER BY c
	-> Sort: sbtest7.c  (cost=378 rows=1872)
    -> Filter: (sbtest7.id between 3291538 and 3292537)  (cost=378 rows=1872)
        -> Index range scan on sbtest7 using PRIMARY over (3291538 <= id <= 3292537)  (cost=378 rows=1872)


table 8 : explain SELECT c FROM sbtest8 WHERE id BETWEEN 3335129 AND 3336128 ORDER BY c
	-> Sort: sbtest8.c  (cost=378 rows=1872)
    -> Filter: (sbtest8.id between 3335129 and 3336128)  (cost=378 rows=1872)
        -> Index range scan on sbtest8 using PRIMARY over (3335129 <= id <= 3336128)  (cost=378 rows=1872)


for: order_ranges
table 1 : explain SELECT c FROM sbtest1 WHERE id BETWEEN 2815349 AND 2816348 ORDER BY c
	-> Sort: sbtest1.c  (cost=371 rows=1838)
    -> Filter: (sbtest1.id between 2815349 and 2816348)  (cost=371 rows=1838)
        -> Index range scan on sbtest1 using PRIMARY over (2815349 <= id <= 2816348)  (cost=371 rows=1838)


table 2 : explain SELECT c FROM sbtest2 WHERE id BETWEEN 7830601 AND 7831600 ORDER BY c
	-> Sort: sbtest2.c  (cost=371 rows=1840)
    -> Filter: (sbtest2.id between 7830601 and 7831600)  (cost=371 rows=1840)
        -> Index range scan on sbtest2 using PRIMARY over (7830601 <= id <= 7831600)  (cost=371 rows=1840)


table 3 : explain SELECT c FROM sbtest3 WHERE id BETWEEN 1084497 AND 1085496 ORDER BY c
	-> Sort: sbtest3.c  (cost=371 rows=1838)
    -> Filter: (sbtest3.id between 1084497 and 1085496)  (cost=371 rows=1838)
        -> Index range scan on sbtest3 using PRIMARY over (1084497 <= id <= 1085496)  (cost=371 rows=1838)


table 4 : explain SELECT c FROM sbtest4 WHERE id BETWEEN 3384467 AND 3385466 ORDER BY c
	-> Sort: sbtest4.c  (cost=378 rows=1872)
    -> Filter: (sbtest4.id between 3384467 and 3385466)  (cost=378 rows=1872)
        -> Index range scan on sbtest4 using PRIMARY over (3384467 <= id <= 3385466)  (cost=378 rows=1872)


table 5 : explain SELECT c FROM sbtest5 WHERE id BETWEEN 719638 AND 720637 ORDER BY c
	-> Sort: sbtest5.c  (cost=371 rows=1838)
    -> Filter: (sbtest5.id between 719638 and 720637)  (cost=371 rows=1838)
        -> Index range scan on sbtest5 using PRIMARY over (719638 <= id <= 720637)  (cost=371 rows=1838)


table 6 : explain SELECT c FROM sbtest6 WHERE id BETWEEN 7494146 AND 7495145 ORDER BY c
	-> Sort: sbtest6.c  (cost=378 rows=1872)
    -> Filter: (sbtest6.id between 7494146 and 7495145)  (cost=378 rows=1872)
        -> Index range scan on sbtest6 using PRIMARY over (7494146 <= id <= 7495145)  (cost=378 rows=1872)


table 7 : explain SELECT c FROM sbtest7 WHERE id BETWEEN 5874097 AND 5875096 ORDER BY c
	-> Sort: sbtest7.c  (cost=371 rows=1838)
    -> Filter: (sbtest7.id between 5874097 and 5875096)  (cost=371 rows=1838)
        -> Index range scan on sbtest7 using PRIMARY over (5874097 <= id <= 5875096)  (cost=371 rows=1838)


table 8 : explain SELECT c FROM sbtest8 WHERE id BETWEEN 5371259 AND 5372258 ORDER BY c
	-> Sort: sbtest8.c  (cost=371 rows=1838)
    -> Filter: (sbtest8.id between 5371259 and 5372258)  (cost=371 rows=1838)
        -> Index range scan on sbtest8 using PRIMARY over (5371259 <= id <= 5372258)  (cost=371 rows=1838)


for: distinct_ranges
table 1 : explain SELECT DISTINCT c FROM sbtest1 WHERE id BETWEEN 5102863 AND 5103862 ORDER BY c
	-> Sort: sbtest1.c
    -> Table scan on <temporary>  (cost=794..820 rows=1838)
        -> Temporary table with deduplication  (cost=794..794 rows=1838)
            -> Filter: (sbtest1.id between 5102863 and 5103862)  (cost=371 rows=1838)
                -> Index range scan on sbtest1 using PRIMARY over (5102863 <= id <= 5103862)  (cost=371 rows=1838)


table 2 : explain SELECT DISTINCT c FROM sbtest2 WHERE id BETWEEN 8213751 AND 8214750 ORDER BY c
	-> Sort: sbtest2.c
    -> Table scan on <temporary>  (cost=794..820 rows=1838)
        -> Temporary table with deduplication  (cost=794..794 rows=1838)
            -> Filter: (sbtest2.id between 8213751 and 8214750)  (cost=371 rows=1838)
                -> Index range scan on sbtest2 using PRIMARY over (8213751 <= id <= 8214750)  (cost=371 rows=1838)


table 3 : explain SELECT DISTINCT c FROM sbtest3 WHERE id BETWEEN 256175 AND 257174 ORDER BY c
	-> Sort: sbtest3.c
    -> Table scan on <temporary>  (cost=794..820 rows=1838)
        -> Temporary table with deduplication  (cost=794..794 rows=1838)
            -> Filter: (sbtest3.id between 256175 and 257174)  (cost=371 rows=1838)
                -> Index range scan on sbtest3 using PRIMARY over (256175 <= id <= 257174)  (cost=371 rows=1838)


table 4 : explain SELECT DISTINCT c FROM sbtest4 WHERE id BETWEEN 1609561 AND 1610560 ORDER BY c
	-> Sort: sbtest4.c
    -> Table scan on <temporary>  (cost=809..835 rows=1872)
        -> Temporary table with deduplication  (cost=809..809 rows=1872)
            -> Filter: (sbtest4.id between 1609561 and 1610560)  (cost=378 rows=1872)
                -> Index range scan on sbtest4 using PRIMARY over (1609561 <= id <= 1610560)  (cost=378 rows=1872)


table 5 : explain SELECT DISTINCT c FROM sbtest5 WHERE id BETWEEN 8414405 AND 8415404 ORDER BY c
	-> Sort: sbtest5.c
    -> Table scan on <temporary>  (cost=794..820 rows=1838)
        -> Temporary table with deduplication  (cost=794..794 rows=1838)
            -> Filter: (sbtest5.id between 8414405 and 8415404)  (cost=371 rows=1838)
                -> Index range scan on sbtest5 using PRIMARY over (8414405 <= id <= 8415404)  (cost=371 rows=1838)


table 6 : explain SELECT DISTINCT c FROM sbtest6 WHERE id BETWEEN 3019586 AND 3020585 ORDER BY c
	-> Sort: sbtest6.c
    -> Table scan on <temporary>  (cost=794..820 rows=1838)
        -> Temporary table with deduplication  (cost=794..794 rows=1838)
            -> Filter: (sbtest6.id between 3019586 and 3020585)  (cost=371 rows=1838)
                -> Index range scan on sbtest6 using PRIMARY over (3019586 <= id <= 3020585)  (cost=371 rows=1838)


table 7 : explain SELECT DISTINCT c FROM sbtest7 WHERE id BETWEEN 6905946 AND 6906945 ORDER BY c
	-> Sort: sbtest7.c
    -> Table scan on <temporary>  (cost=794..820 rows=1838)
        -> Temporary table with deduplication  (cost=794..794 rows=1838)
            -> Filter: (sbtest7.id between 6905946 and 6906945)  (cost=371 rows=1838)
                -> Index range scan on sbtest7 using PRIMARY over (6905946 <= id <= 6906945)  (cost=371 rows=1838)


table 8 : explain SELECT DISTINCT c FROM sbtest8 WHERE id BETWEEN 4857051 AND 4858050 ORDER BY c
	-> Sort: sbtest8.c
    -> Table scan on <temporary>  (cost=794..820 rows=1838)
        -> Temporary table with deduplication  (cost=794..794 rows=1838)
            -> Filter: (sbtest8.id between 4857051 and 4858050)  (cost=371 rows=1838)
                -> Index range scan on sbtest8 using PRIMARY over (4857051 <= id <= 4858050)  (cost=371 rows=1838)


for: order_ranges
table 1 : explain SELECT c FROM sbtest1 WHERE id BETWEEN 420265 AND 421264 ORDER BY c
	-> Sort: sbtest1.c  (cost=371 rows=1838)
    -> Filter: (sbtest1.id between 420265 and 421264)  (cost=371 rows=1838)
        -> Index range scan on sbtest1 using PRIMARY over (420265 <= id <= 421264)  (cost=371 rows=1838)


table 2 : explain SELECT c FROM sbtest2 WHERE id BETWEEN 741818 AND 742817 ORDER BY c
	-> Sort: sbtest2.c  (cost=371 rows=1838)
    -> Filter: (sbtest2.id between 741818 and 742817)  (cost=371 rows=1838)
        -> Index range scan on sbtest2 using PRIMARY over (741818 <= id <= 742817)  (cost=371 rows=1838)


table 3 : explain SELECT c FROM sbtest3 WHERE id BETWEEN 1218675 AND 1219674 ORDER BY c
	-> Sort: sbtest3.c  (cost=371 rows=1838)
    -> Filter: (sbtest3.id between 1218675 and 1219674)  (cost=371 rows=1838)
        -> Index range scan on sbtest3 using PRIMARY over (1218675 <= id <= 1219674)  (cost=371 rows=1838)


table 4 : explain SELECT c FROM sbtest4 WHERE id BETWEEN 8213334 AND 8214333 ORDER BY c
	-> Sort: sbtest4.c  (cost=371 rows=1838)
    -> Filter: (sbtest4.id between 8213334 and 8214333)  (cost=371 rows=1838)
        -> Index range scan on sbtest4 using PRIMARY over (8213334 <= id <= 8214333)  (cost=371 rows=1838)


table 5 : explain SELECT c FROM sbtest5 WHERE id BETWEEN 4568341 AND 4569340 ORDER BY c
	-> Sort: sbtest5.c  (cost=371 rows=1838)
    -> Filter: (sbtest5.id between 4568341 and 4569340)  (cost=371 rows=1838)
        -> Index range scan on sbtest5 using PRIMARY over (4568341 <= id <= 4569340)  (cost=371 rows=1838)


table 6 : explain SELECT c FROM sbtest6 WHERE id BETWEEN 3871701 AND 3872700 ORDER BY c
	-> Sort: sbtest6.c  (cost=371 rows=1838)
    -> Filter: (sbtest6.id between 3871701 and 3872700)  (cost=371 rows=1838)
        -> Index range scan on sbtest6 using PRIMARY over (3871701 <= id <= 3872700)  (cost=371 rows=1838)


table 7 : explain SELECT c FROM sbtest7 WHERE id BETWEEN 8792934 AND 8793933 ORDER BY c
	-> Sort: sbtest7.c  (cost=371 rows=1838)
    -> Filter: (sbtest7.id between 8792934 and 8793933)  (cost=371 rows=1838)
        -> Index range scan on sbtest7 using PRIMARY over (8792934 <= id <= 8793933)  (cost=371 rows=1838)


table 8 : explain SELECT c FROM sbtest8 WHERE id BETWEEN 5159343 AND 5160342 ORDER BY c
	-> Sort: sbtest8.c  (cost=371 rows=1838)
    -> Filter: (sbtest8.id between 5159343 and 5160342)  (cost=371 rows=1838)
        -> Index range scan on sbtest8 using PRIMARY over (5159343 <= id <= 5160342)  (cost=371 rows=1838)


for: order_ranges
table 1 : explain SELECT c FROM sbtest1 WHERE id BETWEEN 8106110 AND 8107109 ORDER BY c
	-> Sort: sbtest1.c  (cost=378 rows=1872)
    -> Filter: (sbtest1.id between 8106110 and 8107109)  (cost=378 rows=1872)
        -> Index range scan on sbtest1 using PRIMARY over (8106110 <= id <= 8107109)  (cost=378 rows=1872)


table 2 : explain SELECT c FROM sbtest2 WHERE id BETWEEN 3451817 AND 3452816 ORDER BY c
	-> Sort: sbtest2.c  (cost=371 rows=1838)
    -> Filter: (sbtest2.id between 3451817 and 3452816)  (cost=371 rows=1838)
        -> Index range scan on sbtest2 using PRIMARY over (3451817 <= id <= 3452816)  (cost=371 rows=1838)


table 3 : explain SELECT c FROM sbtest3 WHERE id BETWEEN 9225672 AND 9226671 ORDER BY c
	-> Sort: sbtest3.c  (cost=371 rows=1838)
    -> Filter: (sbtest3.id between 9225672 and 9226671)  (cost=371 rows=1838)
        -> Index range scan on sbtest3 using PRIMARY over (9225672 <= id <= 9226671)  (cost=371 rows=1838)


table 4 : explain SELECT c FROM sbtest4 WHERE id BETWEEN 2209510 AND 2210509 ORDER BY c
	-> Sort: sbtest4.c  (cost=371 rows=1838)
    -> Filter: (sbtest4.id between 2209510 and 2210509)  (cost=371 rows=1838)
        -> Index range scan on sbtest4 using PRIMARY over (2209510 <= id <= 2210509)  (cost=371 rows=1838)


table 5 : explain SELECT c FROM sbtest5 WHERE id BETWEEN 6902744 AND 6903743 ORDER BY c
	-> Sort: sbtest5.c  (cost=371 rows=1838)
    -> Filter: (sbtest5.id between 6902744 and 6903743)  (cost=371 rows=1838)
        -> Index range scan on sbtest5 using PRIMARY over (6902744 <= id <= 6903743)  (cost=371 rows=1838)


table 6 : explain SELECT c FROM sbtest6 WHERE id BETWEEN 3487036 AND 3488035 ORDER BY c
	-> Sort: sbtest6.c  (cost=378 rows=1872)
    -> Filter: (sbtest6.id between 3487036 and 3488035)  (cost=378 rows=1872)
        -> Index range scan on sbtest6 using PRIMARY over (3487036 <= id <= 3488035)  (cost=378 rows=1872)


table 7 : explain SELECT c FROM sbtest7 WHERE id BETWEEN 5744327 AND 5745326 ORDER BY c
	-> Sort: sbtest7.c  (cost=371 rows=1838)
    -> Filter: (sbtest7.id between 5744327 and 5745326)  (cost=371 rows=1838)
        -> Index range scan on sbtest7 using PRIMARY over (5744327 <= id <= 5745326)  (cost=371 rows=1838)


table 8 : explain SELECT c FROM sbtest8 WHERE id BETWEEN 8116177 AND 8117176 ORDER BY c
	-> Sort: sbtest8.c  (cost=371 rows=1840)
    -> Filter: (sbtest8.id between 8116177 and 8117176)  (cost=371 rows=1840)
        -> Index range scan on sbtest8 using PRIMARY over (8116177 <= id <= 8117176)  (cost=371 rows=1840)


for: order_ranges
table 1 : explain SELECT c FROM sbtest1 WHERE id BETWEEN 8685291 AND 8686290 ORDER BY c
	-> Sort: sbtest1.c  (cost=378 rows=1872)
    -> Filter: (sbtest1.id between 8685291 and 8686290)  (cost=378 rows=1872)
        -> Index range scan on sbtest1 using PRIMARY over (8685291 <= id <= 8686290)  (cost=378 rows=1872)


table 2 : explain SELECT c FROM sbtest2 WHERE id BETWEEN 6745553 AND 6746552 ORDER BY c
	-> Sort: sbtest2.c  (cost=371 rows=1838)
    -> Filter: (sbtest2.id between 6745553 and 6746552)  (cost=371 rows=1838)
        -> Index range scan on sbtest2 using PRIMARY over (6745553 <= id <= 6746552)  (cost=371 rows=1838)


table 3 : explain SELECT c FROM sbtest3 WHERE id BETWEEN 8795107 AND 8796106 ORDER BY c
	-> Sort: sbtest3.c  (cost=371 rows=1838)
    -> Filter: (sbtest3.id between 8795107 and 8796106)  (cost=371 rows=1838)
        -> Index range scan on sbtest3 using PRIMARY over (8795107 <= id <= 8796106)  (cost=371 rows=1838)


table 4 : explain SELECT c FROM sbtest4 WHERE id BETWEEN 8176219 AND 8177218 ORDER BY c
	-> Sort: sbtest4.c  (cost=371 rows=1838)
    -> Filter: (sbtest4.id between 8176219 and 8177218)  (cost=371 rows=1838)
        -> Index range scan on sbtest4 using PRIMARY over (8176219 <= id <= 8177218)  (cost=371 rows=1838)


table 5 : explain SELECT c FROM sbtest5 WHERE id BETWEEN 7339132 AND 7340131 ORDER BY c
	-> Sort: sbtest5.c  (cost=371 rows=1838)
    -> Filter: (sbtest5.id between 7339132 and 7340131)  (cost=371 rows=1838)
        -> Index range scan on sbtest5 using PRIMARY over (7339132 <= id <= 7340131)  (cost=371 rows=1838)


table 6 : explain SELECT c FROM sbtest6 WHERE id BETWEEN 6728331 AND 6729330 ORDER BY c
	-> Sort: sbtest6.c  (cost=371 rows=1838)
    -> Filter: (sbtest6.id between 6728331 and 6729330)  (cost=371 rows=1838)
        -> Index range scan on sbtest6 using PRIMARY over (6728331 <= id <= 6729330)  (cost=371 rows=1838)


table 7 : explain SELECT c FROM sbtest7 WHERE id BETWEEN 8418956 AND 8419955 ORDER BY c
	-> Sort: sbtest7.c  (cost=371 rows=1838)
    -> Filter: (sbtest7.id between 8418956 and 8419955)  (cost=371 rows=1838)
        -> Index range scan on sbtest7 using PRIMARY over (8418956 <= id <= 8419955)  (cost=371 rows=1838)


table 8 : explain SELECT c FROM sbtest8 WHERE id BETWEEN 4590854 AND 4591853 ORDER BY c
	-> Sort: sbtest8.c  (cost=371 rows=1838)
    -> Filter: (sbtest8.id between 4590854 and 4591853)  (cost=371 rows=1838)
        -> Index range scan on sbtest8 using PRIMARY over (4590854 <= id <= 4591853)  (cost=371 rows=1838)


for: order_ranges
table 1 : explain SELECT c FROM sbtest1 WHERE id BETWEEN 8443655 AND 8444654 ORDER BY c
	-> Sort: sbtest1.c  (cost=371 rows=1840)
    -> Filter: (sbtest1.id between 8443655 and 8444654)  (cost=371 rows=1840)
        -> Index range scan on sbtest1 using PRIMARY over (8443655 <= id <= 8444654)  (cost=371 rows=1840)


table 2 : explain SELECT c FROM sbtest2 WHERE id BETWEEN 3826484 AND 3827483 ORDER BY c
	-> Sort: sbtest2.c  (cost=378 rows=1872)
    -> Filter: (sbtest2.id between 3826484 and 3827483)  (cost=378 rows=1872)
        -> Index range scan on sbtest2 using PRIMARY over (3826484 <= id <= 3827483)  (cost=378 rows=1872)


table 3 : explain SELECT c FROM sbtest3 WHERE id BETWEEN 1590692 AND 1591691 ORDER BY c
	-> Sort: sbtest3.c  (cost=371 rows=1838)
    -> Filter: (sbtest3.id between 1590692 and 1591691)  (cost=371 rows=1838)
        -> Index range scan on sbtest3 using PRIMARY over (1590692 <= id <= 1591691)  (cost=371 rows=1838)


table 4 : explain SELECT c FROM sbtest4 WHERE id BETWEEN 2579671 AND 2580670 ORDER BY c
	-> Sort: sbtest4.c  (cost=371 rows=1838)
    -> Filter: (sbtest4.id between 2579671 and 2580670)  (cost=371 rows=1838)
        -> Index range scan on sbtest4 using PRIMARY over (2579671 <= id <= 2580670)  (cost=371 rows=1838)


table 5 : explain SELECT c FROM sbtest5 WHERE id BETWEEN 4947935 AND 4948934 ORDER BY c
	-> Sort: sbtest5.c  (cost=371 rows=1838)
    -> Filter: (sbtest5.id between 4947935 and 4948934)  (cost=371 rows=1838)
        -> Index range scan on sbtest5 using PRIMARY over (4947935 <= id <= 4948934)  (cost=371 rows=1838)


table 6 : explain SELECT c FROM sbtest6 WHERE id BETWEEN 91299 AND 92298 ORDER BY c
	-> Sort: sbtest6.c  (cost=378 rows=1872)
    -> Filter: (sbtest6.id between 91299 and 92298)  (cost=378 rows=1872)
        -> Index range scan on sbtest6 using PRIMARY over (91299 <= id <= 92298)  (cost=378 rows=1872)


table 7 : explain SELECT c FROM sbtest7 WHERE id BETWEEN 7189100 AND 7190099 ORDER BY c
	-> Sort: sbtest7.c  (cost=371 rows=1838)
    -> Filter: (sbtest7.id between 7189100 and 7190099)  (cost=371 rows=1838)
        -> Index range scan on sbtest7 using PRIMARY over (7189100 <= id <= 7190099)  (cost=371 rows=1838)


table 8 : explain SELECT c FROM sbtest8 WHERE id BETWEEN 1259925 AND 1260924 ORDER BY c
	-> Sort: sbtest8.c  (cost=371 rows=1838)
    -> Filter: (sbtest8.id between 1259925 and 1260924)  (cost=371 rows=1838)
        -> Index range scan on sbtest8 using PRIMARY over (1259925 <= id <= 1260924)  (cost=371 rows=1838)


for: order_ranges
table 1 : explain SELECT c FROM sbtest1 WHERE id BETWEEN 2277190 AND 2278189 ORDER BY c
	-> Sort: sbtest1.c  (cost=371 rows=1838)
    -> Filter: (sbtest1.id between 2277190 and 2278189)  (cost=371 rows=1838)
        -> Index range scan on sbtest1 using PRIMARY over (2277190 <= id <= 2278189)  (cost=371 rows=1838)


table 2 : explain SELECT c FROM sbtest2 WHERE id BETWEEN 3249490 AND 3250489 ORDER BY c
	-> Sort: sbtest2.c  (cost=378 rows=1872)
    -> Filter: (sbtest2.id between 3249490 and 3250489)  (cost=378 rows=1872)
        -> Index range scan on sbtest2 using PRIMARY over (3249490 <= id <= 3250489)  (cost=378 rows=1872)


table 3 : explain SELECT c FROM sbtest3 WHERE id BETWEEN 1265420 AND 1266419 ORDER BY c
	-> Sort: sbtest3.c  (cost=378 rows=1872)
    -> Filter: (sbtest3.id between 1265420 and 1266419)  (cost=378 rows=1872)
        -> Index range scan on sbtest3 using PRIMARY over (1265420 <= id <= 1266419)  (cost=378 rows=1872)


table 4 : explain SELECT c FROM sbtest4 WHERE id BETWEEN 8191131 AND 8192130 ORDER BY c
	-> Sort: sbtest4.c  (cost=371 rows=1838)
    -> Filter: (sbtest4.id between 8191131 and 8192130)  (cost=371 rows=1838)
        -> Index range scan on sbtest4 using PRIMARY over (8191131 <= id <= 8192130)  (cost=371 rows=1838)


table 5 : explain SELECT c FROM sbtest5 WHERE id BETWEEN 1600784 AND 1601783 ORDER BY c
	-> Sort: sbtest5.c  (cost=378 rows=1872)
    -> Filter: (sbtest5.id between 1600784 and 1601783)  (cost=378 rows=1872)
        -> Index range scan on sbtest5 using PRIMARY over (1600784 <= id <= 1601783)  (cost=378 rows=1872)


table 6 : explain SELECT c FROM sbtest6 WHERE id BETWEEN 8349749 AND 8350748 ORDER BY c
	-> Sort: sbtest6.c  (cost=371 rows=1838)
    -> Filter: (sbtest6.id between 8349749 and 8350748)  (cost=371 rows=1838)
        -> Index range scan on sbtest6 using PRIMARY over (8349749 <= id <= 8350748)  (cost=371 rows=1838)


table 7 : explain SELECT c FROM sbtest7 WHERE id BETWEEN 3346714 AND 3347713 ORDER BY c
	-> Sort: sbtest7.c  (cost=371 rows=1838)
    -> Filter: (sbtest7.id between 3346714 and 3347713)  (cost=371 rows=1838)
        -> Index range scan on sbtest7 using PRIMARY over (3346714 <= id <= 3347713)  (cost=371 rows=1838)


table 8 : explain SELECT c FROM sbtest8 WHERE id BETWEEN 1180068 AND 1181067 ORDER BY c
	-> Sort: sbtest8.c  (cost=371 rows=1838)
    -> Filter: (sbtest8.id between 1180068 and 1181067)  (cost=371 rows=1838)
        -> Index range scan on sbtest8 using PRIMARY over (1180068 <= id <= 1181067)  (cost=371 rows=1838)


for: order_ranges
table 1 : explain SELECT c FROM sbtest1 WHERE id BETWEEN 1148952 AND 1149951 ORDER BY c
	-> Sort: sbtest1.c  (cost=371 rows=1838)
    -> Filter: (sbtest1.id between 1148952 and 1149951)  (cost=371 rows=1838)
        -> Index range scan on sbtest1 using PRIMARY over (1148952 <= id <= 1149951)  (cost=371 rows=1838)


table 2 : explain SELECT c FROM sbtest2 WHERE id BETWEEN 935623 AND 936622 ORDER BY c
	-> Sort: sbtest2.c  (cost=378 rows=1872)
    -> Filter: (sbtest2.id between 935623 and 936622)  (cost=378 rows=1872)
        -> Index range scan on sbtest2 using PRIMARY over (935623 <= id <= 936622)  (cost=378 rows=1872)


table 3 : explain SELECT c FROM sbtest3 WHERE id BETWEEN 484497 AND 485496 ORDER BY c
	-> Sort: sbtest3.c  (cost=371 rows=1838)
    -> Filter: (sbtest3.id between 484497 and 485496)  (cost=371 rows=1838)
        -> Index range scan on sbtest3 using PRIMARY over (484497 <= id <= 485496)  (cost=371 rows=1838)


table 4 : explain SELECT c FROM sbtest4 WHERE id BETWEEN 1143505 AND 1144504 ORDER BY c
	-> Sort: sbtest4.c  (cost=371 rows=1838)
    -> Filter: (sbtest4.id between 1143505 and 1144504)  (cost=371 rows=1838)
        -> Index range scan on sbtest4 using PRIMARY over (1143505 <= id <= 1144504)  (cost=371 rows=1838)


table 5 : explain SELECT c FROM sbtest5 WHERE id BETWEEN 6701357 AND 6702356 ORDER BY c
	-> Sort: sbtest5.c  (cost=371 rows=1838)
    -> Filter: (sbtest5.id between 6701357 and 6702356)  (cost=371 rows=1838)
        -> Index range scan on sbtest5 using PRIMARY over (6701357 <= id <= 6702356)  (cost=371 rows=1838)


table 6 : explain SELECT c FROM sbtest6 WHERE id BETWEEN 3356666 AND 3357665 ORDER BY c
	-> Sort: sbtest6.c  (cost=378 rows=1872)
    -> Filter: (sbtest6.id between 3356666 and 3357665)  (cost=378 rows=1872)
        -> Index range scan on sbtest6 using PRIMARY over (3356666 <= id <= 3357665)  (cost=378 rows=1872)


table 7 : explain SELECT c FROM sbtest7 WHERE id BETWEEN 700062 AND 701061 ORDER BY c
	-> Sort: sbtest7.c  (cost=371 rows=1838)
    -> Filter: (sbtest7.id between 700062 and 701061)  (cost=371 rows=1838)
        -> Index range scan on sbtest7 using PRIMARY over (700062 <= id <= 701061)  (cost=371 rows=1838)


table 8 : explain SELECT c FROM sbtest8 WHERE id BETWEEN 1704569 AND 1705568 ORDER BY c
	-> Sort: sbtest8.c  (cost=371 rows=1838)
    -> Filter: (sbtest8.id between 1704569 and 1705568)  (cost=371 rows=1838)
        -> Index range scan on sbtest8 using PRIMARY over (1704569 <= id <= 1705568)  (cost=371 rows=1838)


for: order_ranges
table 1 : explain SELECT c FROM sbtest1 WHERE id BETWEEN 1660914 AND 1661913 ORDER BY c
	-> Sort: sbtest1.c  (cost=371 rows=1838)
    -> Filter: (sbtest1.id between 1660914 and 1661913)  (cost=371 rows=1838)
        -> Index range scan on sbtest1 using PRIMARY over (1660914 <= id <= 1661913)  (cost=371 rows=1838)


table 2 : explain SELECT c FROM sbtest2 WHERE id BETWEEN 7535570 AND 7536569 ORDER BY c
	-> Sort: sbtest2.c  (cost=371 rows=1838)
    -> Filter: (sbtest2.id between 7535570 and 7536569)  (cost=371 rows=1838)
        -> Index range scan on sbtest2 using PRIMARY over (7535570 <= id <= 7536569)  (cost=371 rows=1838)


table 3 : explain SELECT c FROM sbtest3 WHERE id BETWEEN 8829087 AND 8830086 ORDER BY c
	-> Sort: sbtest3.c  (cost=371 rows=1838)
    -> Filter: (sbtest3.id between 8829087 and 8830086)  (cost=371 rows=1838)
        -> Index range scan on sbtest3 using PRIMARY over (8829087 <= id <= 8830086)  (cost=371 rows=1838)


table 4 : explain SELECT c FROM sbtest4 WHERE id BETWEEN 912730 AND 913729 ORDER BY c
	-> Sort: sbtest4.c  (cost=371 rows=1838)
    -> Filter: (sbtest4.id between 912730 and 913729)  (cost=371 rows=1838)
        -> Index range scan on sbtest4 using PRIMARY over (912730 <= id <= 913729)  (cost=371 rows=1838)


table 5 : explain SELECT c FROM sbtest5 WHERE id BETWEEN 3111404 AND 3112403 ORDER BY c
	-> Sort: sbtest5.c  (cost=371 rows=1838)
    -> Filter: (sbtest5.id between 3111404 and 3112403)  (cost=371 rows=1838)
        -> Index range scan on sbtest5 using PRIMARY over (3111404 <= id <= 3112403)  (cost=371 rows=1838)


table 6 : explain SELECT c FROM sbtest6 WHERE id BETWEEN 1073161 AND 1074160 ORDER BY c
	-> Sort: sbtest6.c  (cost=371 rows=1838)
    -> Filter: (sbtest6.id between 1073161 and 1074160)  (cost=371 rows=1838)
        -> Index range scan on sbtest6 using PRIMARY over (1073161 <= id <= 1074160)  (cost=371 rows=1838)


table 7 : explain SELECT c FROM sbtest7 WHERE id BETWEEN 9878204 AND 9879203 ORDER BY c
	-> Sort: sbtest7.c  (cost=371 rows=1838)
    -> Filter: (sbtest7.id between 9878204 and 9879203)  (cost=371 rows=1838)
        -> Index range scan on sbtest7 using PRIMARY over (9878204 <= id <= 9879203)  (cost=371 rows=1838)


table 8 : explain SELECT c FROM sbtest8 WHERE id BETWEEN 9617180 AND 9618179 ORDER BY c
	-> Sort: sbtest8.c  (cost=371 rows=1838)
    -> Filter: (sbtest8.id between 9617180 and 9618179)  (cost=371 rows=1838)
        -> Index range scan on sbtest8 using PRIMARY over (9617180 <= id <= 9618179)  (cost=371 rows=1838)


for: order_ranges
table 1 : explain SELECT c FROM sbtest1 WHERE id BETWEEN 3106738 AND 3107737 ORDER BY c
	-> Sort: sbtest1.c  (cost=371 rows=1838)
    -> Filter: (sbtest1.id between 3106738 and 3107737)  (cost=371 rows=1838)
        -> Index range scan on sbtest1 using PRIMARY over (3106738 <= id <= 3107737)  (cost=371 rows=1838)


table 2 : explain SELECT c FROM sbtest2 WHERE id BETWEEN 9616935 AND 9617934 ORDER BY c
	-> Sort: sbtest2.c  (cost=371 rows=1838)
    -> Filter: (sbtest2.id between 9616935 and 9617934)  (cost=371 rows=1838)
        -> Index range scan on sbtest2 using PRIMARY over (9616935 <= id <= 9617934)  (cost=371 rows=1838)


table 3 : explain SELECT c FROM sbtest3 WHERE id BETWEEN 6059377 AND 6060376 ORDER BY c
	-> Sort: sbtest3.c  (cost=371 rows=1838)
    -> Filter: (sbtest3.id between 6059377 and 6060376)  (cost=371 rows=1838)
        -> Index range scan on sbtest3 using PRIMARY over (6059377 <= id <= 6060376)  (cost=371 rows=1838)


table 4 : explain SELECT c FROM sbtest4 WHERE id BETWEEN 8130855 AND 8131854 ORDER BY c
	-> Sort: sbtest4.c  (cost=378 rows=1872)
    -> Filter: (sbtest4.id between 8130855 and 8131854)  (cost=378 rows=1872)
        -> Index range scan on sbtest4 using PRIMARY over (8130855 <= id <= 8131854)  (cost=378 rows=1872)


table 5 : explain SELECT c FROM sbtest5 WHERE id BETWEEN 5314557 AND 5315556 ORDER BY c
	-> Sort: sbtest5.c  (cost=371 rows=1838)
    -> Filter: (sbtest5.id between 5314557 and 5315556)  (cost=371 rows=1838)
        -> Index range scan on sbtest5 using PRIMARY over (5314557 <= id <= 5315556)  (cost=371 rows=1838)


table 6 : explain SELECT c FROM sbtest6 WHERE id BETWEEN 8083833 AND 8084832 ORDER BY c
	-> Sort: sbtest6.c  (cost=371 rows=1838)
    -> Filter: (sbtest6.id between 8083833 and 8084832)  (cost=371 rows=1838)
        -> Index range scan on sbtest6 using PRIMARY over (8083833 <= id <= 8084832)  (cost=371 rows=1838)


table 7 : explain SELECT c FROM sbtest7 WHERE id BETWEEN 8633871 AND 8634870 ORDER BY c
	-> Sort: sbtest7.c  (cost=371 rows=1838)
    -> Filter: (sbtest7.id between 8633871 and 8634870)  (cost=371 rows=1838)
        -> Index range scan on sbtest7 using PRIMARY over (8633871 <= id <= 8634870)  (cost=371 rows=1838)


table 8 : explain SELECT c FROM sbtest8 WHERE id BETWEEN 5550274 AND 5551273 ORDER BY c
	-> Sort: sbtest8.c  (cost=371 rows=1838)
    -> Filter: (sbtest8.id between 5550274 and 5551273)  (cost=371 rows=1838)
        -> Index range scan on sbtest8 using PRIMARY over (5550274 <= id <= 5551273)  (cost=371 rows=1838)


for: order_ranges
table 1 : explain SELECT c FROM sbtest1 WHERE id BETWEEN 1191732 AND 1192731 ORDER BY c
	-> Sort: sbtest1.c  (cost=371 rows=1838)
    -> Filter: (sbtest1.id between 1191732 and 1192731)  (cost=371 rows=1838)
        -> Index range scan on sbtest1 using PRIMARY over (1191732 <= id <= 1192731)  (cost=371 rows=1838)


table 2 : explain SELECT c FROM sbtest2 WHERE id BETWEEN 6723716 AND 6724715 ORDER BY c
	-> Sort: sbtest2.c  (cost=378 rows=1872)
    -> Filter: (sbtest2.id between 6723716 and 6724715)  (cost=378 rows=1872)
        -> Index range scan on sbtest2 using PRIMARY over (6723716 <= id <= 6724715)  (cost=378 rows=1872)


table 3 : explain SELECT c FROM sbtest3 WHERE id BETWEEN 3657610 AND 3658609 ORDER BY c
	-> Sort: sbtest3.c  (cost=371 rows=1838)
    -> Filter: (sbtest3.id between 3657610 and 3658609)  (cost=371 rows=1838)
        -> Index range scan on sbtest3 using PRIMARY over (3657610 <= id <= 3658609)  (cost=371 rows=1838)


table 4 : explain SELECT c FROM sbtest4 WHERE id BETWEEN 9874097 AND 9875096 ORDER BY c
	-> Sort: sbtest4.c  (cost=378 rows=1872)
    -> Filter: (sbtest4.id between 9874097 and 9875096)  (cost=378 rows=1872)
        -> Index range scan on sbtest4 using PRIMARY over (9874097 <= id <= 9875096)  (cost=378 rows=1872)


table 5 : explain SELECT c FROM sbtest5 WHERE id BETWEEN 6812682 AND 6813681 ORDER BY c
	-> Sort: sbtest5.c  (cost=371 rows=1838)
    -> Filter: (sbtest5.id between 6812682 and 6813681)  (cost=371 rows=1838)
        -> Index range scan on sbtest5 using PRIMARY over (6812682 <= id <= 6813681)  (cost=371 rows=1838)


table 6 : explain SELECT c FROM sbtest6 WHERE id BETWEEN 3202387 AND 3203386 ORDER BY c
	-> Sort: sbtest6.c  (cost=371 rows=1838)
    -> Filter: (sbtest6.id between 3202387 and 3203386)  (cost=371 rows=1838)
        -> Index range scan on sbtest6 using PRIMARY over (3202387 <= id <= 3203386)  (cost=371 rows=1838)


table 7 : explain SELECT c FROM sbtest7 WHERE id BETWEEN 2587723 AND 2588722 ORDER BY c
	-> Sort: sbtest7.c  (cost=371 rows=1838)
    -> Filter: (sbtest7.id between 2587723 and 2588722)  (cost=371 rows=1838)
        -> Index range scan on sbtest7 using PRIMARY over (2587723 <= id <= 2588722)  (cost=371 rows=1838)


table 8 : explain SELECT c FROM sbtest8 WHERE id BETWEEN 7704491 AND 7705490 ORDER BY c
	-> Sort: sbtest8.c  (cost=371 rows=1838)
    -> Filter: (sbtest8.id between 7704491 and 7705490)  (cost=371 rows=1838)
        -> Index range scan on sbtest8 using PRIMARY over (7704491 <= id <= 7705490)  (cost=371 rows=1838)


for: order_ranges
table 1 : explain SELECT c FROM sbtest1 WHERE id BETWEEN 2607532 AND 2608531 ORDER BY c
	-> Sort: sbtest1.c  (cost=378 rows=1872)
    -> Filter: (sbtest1.id between 2607532 and 2608531)  (cost=378 rows=1872)
        -> Index range scan on sbtest1 using PRIMARY over (2607532 <= id <= 2608531)  (cost=378 rows=1872)


table 2 : explain SELECT c FROM sbtest2 WHERE id BETWEEN 1374169 AND 1375168 ORDER BY c
	-> Sort: sbtest2.c  (cost=371 rows=1838)
    -> Filter: (sbtest2.id between 1374169 and 1375168)  (cost=371 rows=1838)
        -> Index range scan on sbtest2 using PRIMARY over (1374169 <= id <= 1375168)  (cost=371 rows=1838)


table 3 : explain SELECT c FROM sbtest3 WHERE id BETWEEN 7424942 AND 7425941 ORDER BY c
	-> Sort: sbtest3.c  (cost=378 rows=1872)
    -> Filter: (sbtest3.id between 7424942 and 7425941)  (cost=378 rows=1872)
        -> Index range scan on sbtest3 using PRIMARY over (7424942 <= id <= 7425941)  (cost=378 rows=1872)


table 4 : explain SELECT c FROM sbtest4 WHERE id BETWEEN 1162873 AND 1163872 ORDER BY c
	-> Sort: sbtest4.c  (cost=378 rows=1872)
    -> Filter: (sbtest4.id between 1162873 and 1163872)  (cost=378 rows=1872)
        -> Index range scan on sbtest4 using PRIMARY over (1162873 <= id <= 1163872)  (cost=378 rows=1872)


table 5 : explain SELECT c FROM sbtest5 WHERE id BETWEEN 6907930 AND 6908929 ORDER BY c
	-> Sort: sbtest5.c  (cost=371 rows=1838)
    -> Filter: (sbtest5.id between 6907930 and 6908929)  (cost=371 rows=1838)
        -> Index range scan on sbtest5 using PRIMARY over (6907930 <= id <= 6908929)  (cost=371 rows=1838)


table 6 : explain SELECT c FROM sbtest6 WHERE id BETWEEN 7021709 AND 7022708 ORDER BY c
	-> Sort: sbtest6.c  (cost=378 rows=1872)
    -> Filter: (sbtest6.id between 7021709 and 7022708)  (cost=378 rows=1872)
        -> Index range scan on sbtest6 using PRIMARY over (7021709 <= id <= 7022708)  (cost=378 rows=1872)


table 7 : explain SELECT c FROM sbtest7 WHERE id BETWEEN 3720616 AND 3721615 ORDER BY c
	-> Sort: sbtest7.c  (cost=371 rows=1838)
    -> Filter: (sbtest7.id between 3720616 and 3721615)  (cost=371 rows=1838)
        -> Index range scan on sbtest7 using PRIMARY over (3720616 <= id <= 3721615)  (cost=371 rows=1838)


table 8 : explain SELECT c FROM sbtest8 WHERE id BETWEEN 7910534 AND 7911533 ORDER BY c
	-> Sort: sbtest8.c  (cost=371 rows=1838)
    -> Filter: (sbtest8.id between 7910534 and 7911533)  (cost=371 rows=1838)
        -> Index range scan on sbtest8 using PRIMARY over (7910534 <= id <= 7911533)  (cost=371 rows=1838)


for: order_ranges
table 1 : explain SELECT c FROM sbtest1 WHERE id BETWEEN 8400869 AND 8401868 ORDER BY c
	-> Sort: sbtest1.c  (cost=371 rows=1838)
    -> Filter: (sbtest1.id between 8400869 and 8401868)  (cost=371 rows=1838)
        -> Index range scan on sbtest1 using PRIMARY over (8400869 <= id <= 8401868)  (cost=371 rows=1838)


table 2 : explain SELECT c FROM sbtest2 WHERE id BETWEEN 3029957 AND 3030956 ORDER BY c
	-> Sort: sbtest2.c  (cost=371 rows=1838)
    -> Filter: (sbtest2.id between 3029957 and 3030956)  (cost=371 rows=1838)
        -> Index range scan on sbtest2 using PRIMARY over (3029957 <= id <= 3030956)  (cost=371 rows=1838)


table 3 : explain SELECT c FROM sbtest3 WHERE id BETWEEN 5418177 AND 5419176 ORDER BY c
	-> Sort: sbtest3.c  (cost=378 rows=1872)
    -> Filter: (sbtest3.id between 5418177 and 5419176)  (cost=378 rows=1872)
        -> Index range scan on sbtest3 using PRIMARY over (5418177 <= id <= 5419176)  (cost=378 rows=1872)


table 4 : explain SELECT c FROM sbtest4 WHERE id BETWEEN 9706902 AND 9707901 ORDER BY c
	-> Sort: sbtest4.c  (cost=371 rows=1838)
    -> Filter: (sbtest4.id between 9706902 and 9707901)  (cost=371 rows=1838)
        -> Index range scan on sbtest4 using PRIMARY over (9706902 <= id <= 9707901)  (cost=371 rows=1838)


table 5 : explain SELECT c FROM sbtest5 WHERE id BETWEEN 79744 AND 80743 ORDER BY c
	-> Sort: sbtest5.c  (cost=371 rows=1838)
    -> Filter: (sbtest5.id between 79744 and 80743)  (cost=371 rows=1838)
        -> Index range scan on sbtest5 using PRIMARY over (79744 <= id <= 80743)  (cost=371 rows=1838)


table 6 : explain SELECT c FROM sbtest6 WHERE id BETWEEN 4599497 AND 4600496 ORDER BY c
	-> Sort: sbtest6.c  (cost=378 rows=1872)
    -> Filter: (sbtest6.id between 4599497 and 4600496)  (cost=378 rows=1872)
        -> Index range scan on sbtest6 using PRIMARY over (4599497 <= id <= 4600496)  (cost=378 rows=1872)


table 7 : explain SELECT c FROM sbtest7 WHERE id BETWEEN 6575616 AND 6576615 ORDER BY c
	-> Sort: sbtest7.c  (cost=371 rows=1838)
    -> Filter: (sbtest7.id between 6575616 and 6576615)  (cost=371 rows=1838)
        -> Index range scan on sbtest7 using PRIMARY over (6575616 <= id <= 6576615)  (cost=371 rows=1838)


table 8 : explain SELECT c FROM sbtest8 WHERE id BETWEEN 3819819 AND 3820818 ORDER BY c
	-> Sort: sbtest8.c  (cost=371 rows=1838)
    -> Filter: (sbtest8.id between 3819819 and 3820818)  (cost=371 rows=1838)
        -> Index range scan on sbtest8 using PRIMARY over (3819819 <= id <= 3820818)  (cost=371 rows=1838)


for: order_ranges
table 1 : explain SELECT c FROM sbtest1 WHERE id BETWEEN 3614160 AND 3615159 ORDER BY c
	-> Sort: sbtest1.c  (cost=371 rows=1838)
    -> Filter: (sbtest1.id between 3614160 and 3615159)  (cost=371 rows=1838)
        -> Index range scan on sbtest1 using PRIMARY over (3614160 <= id <= 3615159)  (cost=371 rows=1838)


table 2 : explain SELECT c FROM sbtest2 WHERE id BETWEEN 7203296 AND 7204295 ORDER BY c
	-> Sort: sbtest2.c  (cost=371 rows=1838)
    -> Filter: (sbtest2.id between 7203296 and 7204295)  (cost=371 rows=1838)
        -> Index range scan on sbtest2 using PRIMARY over (7203296 <= id <= 7204295)  (cost=371 rows=1838)


table 3 : explain SELECT c FROM sbtest3 WHERE id BETWEEN 7832976 AND 7833975 ORDER BY c
	-> Sort: sbtest3.c  (cost=371 rows=1838)
    -> Filter: (sbtest3.id between 7832976 and 7833975)  (cost=371 rows=1838)
        -> Index range scan on sbtest3 using PRIMARY over (7832976 <= id <= 7833975)  (cost=371 rows=1838)


table 4 : explain SELECT c FROM sbtest4 WHERE id BETWEEN 3893162 AND 3894161 ORDER BY c
	-> Sort: sbtest4.c  (cost=371 rows=1838)
    -> Filter: (sbtest4.id between 3893162 and 3894161)  (cost=371 rows=1838)
        -> Index range scan on sbtest4 using PRIMARY over (3893162 <= id <= 3894161)  (cost=371 rows=1838)


table 5 : explain SELECT c FROM sbtest5 WHERE id BETWEEN 329658 AND 330657 ORDER BY c
	-> Sort: sbtest5.c  (cost=371 rows=1838)
    -> Filter: (sbtest5.id between 329658 and 330657)  (cost=371 rows=1838)
        -> Index range scan on sbtest5 using PRIMARY over (329658 <= id <= 330657)  (cost=371 rows=1838)


table 6 : explain SELECT c FROM sbtest6 WHERE id BETWEEN 3950888 AND 3951887 ORDER BY c
	-> Sort: sbtest6.c  (cost=378 rows=1872)
    -> Filter: (sbtest6.id between 3950888 and 3951887)  (cost=378 rows=1872)
        -> Index range scan on sbtest6 using PRIMARY over (3950888 <= id <= 3951887)  (cost=378 rows=1872)


table 7 : explain SELECT c FROM sbtest7 WHERE id BETWEEN 6937711 AND 6938710 ORDER BY c
	-> Sort: sbtest7.c  (cost=371 rows=1838)
    -> Filter: (sbtest7.id between 6937711 and 6938710)  (cost=371 rows=1838)
        -> Index range scan on sbtest7 using PRIMARY over (6937711 <= id <= 6938710)  (cost=371 rows=1838)


table 8 : explain SELECT c FROM sbtest8 WHERE id BETWEEN 9648022 AND 9649021 ORDER BY c
	-> Sort: sbtest8.c  (cost=378 rows=1872)
    -> Filter: (sbtest8.id between 9648022 and 9649021)  (cost=378 rows=1872)
        -> Index range scan on sbtest8 using PRIMARY over (9648022 <= id <= 9649021)  (cost=378 rows=1872)


for: order_ranges
table 1 : explain SELECT c FROM sbtest1 WHERE id BETWEEN 7105441 AND 7106440 ORDER BY c
	-> Sort: sbtest1.c  (cost=378 rows=1872)
    -> Filter: (sbtest1.id between 7105441 and 7106440)  (cost=378 rows=1872)
        -> Index range scan on sbtest1 using PRIMARY over (7105441 <= id <= 7106440)  (cost=378 rows=1872)


table 2 : explain SELECT c FROM sbtest2 WHERE id BETWEEN 1130021 AND 1131020 ORDER BY c
	-> Sort: sbtest2.c  (cost=378 rows=1872)
    -> Filter: (sbtest2.id between 1130021 and 1131020)  (cost=378 rows=1872)
        -> Index range scan on sbtest2 using PRIMARY over (1130021 <= id <= 1131020)  (cost=378 rows=1872)


table 3 : explain SELECT c FROM sbtest3 WHERE id BETWEEN 108424 AND 109423 ORDER BY c
	-> Sort: sbtest3.c  (cost=371 rows=1838)
    -> Filter: (sbtest3.id between 108424 and 109423)  (cost=371 rows=1838)
        -> Index range scan on sbtest3 using PRIMARY over (108424 <= id <= 109423)  (cost=371 rows=1838)


table 4 : explain SELECT c FROM sbtest4 WHERE id BETWEEN 8555667 AND 8556666 ORDER BY c
	-> Sort: sbtest4.c  (cost=371 rows=1838)
    -> Filter: (sbtest4.id between 8555667 and 8556666)  (cost=371 rows=1838)
        -> Index range scan on sbtest4 using PRIMARY over (8555667 <= id <= 8556666)  (cost=371 rows=1838)


table 5 : explain SELECT c FROM sbtest5 WHERE id BETWEEN 4542624 AND 4543623 ORDER BY c
	-> Sort: sbtest5.c  (cost=378 rows=1872)
    -> Filter: (sbtest5.id between 4542624 and 4543623)  (cost=378 rows=1872)
        -> Index range scan on sbtest5 using PRIMARY over (4542624 <= id <= 4543623)  (cost=378 rows=1872)


table 6 : explain SELECT c FROM sbtest6 WHERE id BETWEEN 8797876 AND 8798875 ORDER BY c
	-> Sort: sbtest6.c  (cost=371 rows=1838)
    -> Filter: (sbtest6.id between 8797876 and 8798875)  (cost=371 rows=1838)
        -> Index range scan on sbtest6 using PRIMARY over (8797876 <= id <= 8798875)  (cost=371 rows=1838)


table 7 : explain SELECT c FROM sbtest7 WHERE id BETWEEN 5352738 AND 5353737 ORDER BY c
	-> Sort: sbtest7.c  (cost=371 rows=1838)
    -> Filter: (sbtest7.id between 5352738 and 5353737)  (cost=371 rows=1838)
        -> Index range scan on sbtest7 using PRIMARY over (5352738 <= id <= 5353737)  (cost=371 rows=1838)


table 8 : explain SELECT c FROM sbtest8 WHERE id BETWEEN 7670882 AND 7671881 ORDER BY c
	-> Sort: sbtest8.c  (cost=378 rows=1872)
    -> Filter: (sbtest8.id between 7670882 and 7671881)  (cost=378 rows=1872)
        -> Index range scan on sbtest8 using PRIMARY over (7670882 <= id <= 7671881)  (cost=378 rows=1872)


for: order_ranges
table 1 : explain SELECT c FROM sbtest1 WHERE id BETWEEN 9595948 AND 9596947 ORDER BY c
	-> Sort: sbtest1.c  (cost=371 rows=1838)
    -> Filter: (sbtest1.id between 9595948 and 9596947)  (cost=371 rows=1838)
        -> Index range scan on sbtest1 using PRIMARY over (9595948 <= id <= 9596947)  (cost=371 rows=1838)


table 2 : explain SELECT c FROM sbtest2 WHERE id BETWEEN 2953895 AND 2954894 ORDER BY c
	-> Sort: sbtest2.c  (cost=371 rows=1838)
    -> Filter: (sbtest2.id between 2953895 and 2954894)  (cost=371 rows=1838)
        -> Index range scan on sbtest2 using PRIMARY over (2953895 <= id <= 2954894)  (cost=371 rows=1838)


table 3 : explain SELECT c FROM sbtest3 WHERE id BETWEEN 9922768 AND 9923767 ORDER BY c
	-> Sort: sbtest3.c  (cost=371 rows=1838)
    -> Filter: (sbtest3.id between 9922768 and 9923767)  (cost=371 rows=1838)
        -> Index range scan on sbtest3 using PRIMARY over (9922768 <= id <= 9923767)  (cost=371 rows=1838)


table 4 : explain SELECT c FROM sbtest4 WHERE id BETWEEN 7981277 AND 7982276 ORDER BY c
	-> Sort: sbtest4.c  (cost=378 rows=1872)
    -> Filter: (sbtest4.id between 7981277 and 7982276)  (cost=378 rows=1872)
        -> Index range scan on sbtest4 using PRIMARY over (7981277 <= id <= 7982276)  (cost=378 rows=1872)


table 5 : explain SELECT c FROM sbtest5 WHERE id BETWEEN 9174975 AND 9175974 ORDER BY c
	-> Sort: sbtest5.c  (cost=378 rows=1872)
    -> Filter: (sbtest5.id between 9174975 and 9175974)  (cost=378 rows=1872)
        -> Index range scan on sbtest5 using PRIMARY over (9174975 <= id <= 9175974)  (cost=378 rows=1872)


table 6 : explain SELECT c FROM sbtest6 WHERE id BETWEEN 9251974 AND 9252973 ORDER BY c
	-> Sort: sbtest6.c  (cost=371 rows=1838)
    -> Filter: (sbtest6.id between 9251974 and 9252973)  (cost=371 rows=1838)
        -> Index range scan on sbtest6 using PRIMARY over (9251974 <= id <= 9252973)  (cost=371 rows=1838)


table 7 : explain SELECT c FROM sbtest7 WHERE id BETWEEN 6379733 AND 6380732 ORDER BY c
	-> Sort: sbtest7.c  (cost=378 rows=1872)
    -> Filter: (sbtest7.id between 6379733 and 6380732)  (cost=378 rows=1872)
        -> Index range scan on sbtest7 using PRIMARY over (6379733 <= id <= 6380732)  (cost=378 rows=1872)


table 8 : explain SELECT c FROM sbtest8 WHERE id BETWEEN 1021581 AND 1022580 ORDER BY c
	-> Sort: sbtest8.c  (cost=371 rows=1838)
    -> Filter: (sbtest8.id between 1021581 and 1022580)  (cost=371 rows=1838)
        -> Index range scan on sbtest8 using PRIMARY over (1021581 <= id <= 1022580)  (cost=371 rows=1838)


for: order_ranges
table 1 : explain SELECT c FROM sbtest1 WHERE id BETWEEN 6843914 AND 6844913 ORDER BY c
	-> Sort: sbtest1.c  (cost=371 rows=1838)
    -> Filter: (sbtest1.id between 6843914 and 6844913)  (cost=371 rows=1838)
        -> Index range scan on sbtest1 using PRIMARY over (6843914 <= id <= 6844913)  (cost=371 rows=1838)


table 2 : explain SELECT c FROM sbtest2 WHERE id BETWEEN 1742806 AND 1743805 ORDER BY c
	-> Sort: sbtest2.c  (cost=371 rows=1838)
    -> Filter: (sbtest2.id between 1742806 and 1743805)  (cost=371 rows=1838)
        -> Index range scan on sbtest2 using PRIMARY over (1742806 <= id <= 1743805)  (cost=371 rows=1838)


table 3 : explain SELECT c FROM sbtest3 WHERE id BETWEEN 6477644 AND 6478643 ORDER BY c
	-> Sort: sbtest3.c  (cost=371 rows=1838)
    -> Filter: (sbtest3.id between 6477644 and 6478643)  (cost=371 rows=1838)
        -> Index range scan on sbtest3 using PRIMARY over (6477644 <= id <= 6478643)  (cost=371 rows=1838)


table 4 : explain SELECT c FROM sbtest4 WHERE id BETWEEN 6952294 AND 6953293 ORDER BY c
	-> Sort: sbtest4.c  (cost=371 rows=1838)
    -> Filter: (sbtest4.id between 6952294 and 6953293)  (cost=371 rows=1838)
        -> Index range scan on sbtest4 using PRIMARY over (6952294 <= id <= 6953293)  (cost=371 rows=1838)


table 5 : explain SELECT c FROM sbtest5 WHERE id BETWEEN 5988576 AND 5989575 ORDER BY c
	-> Sort: sbtest5.c  (cost=371 rows=1838)
    -> Filter: (sbtest5.id between 5988576 and 5989575)  (cost=371 rows=1838)
        -> Index range scan on sbtest5 using PRIMARY over (5988576 <= id <= 5989575)  (cost=371 rows=1838)


table 6 : explain SELECT c FROM sbtest6 WHERE id BETWEEN 555656 AND 556655 ORDER BY c
	-> Sort: sbtest6.c  (cost=378 rows=1872)
    -> Filter: (sbtest6.id between 555656 and 556655)  (cost=378 rows=1872)
        -> Index range scan on sbtest6 using PRIMARY over (555656 <= id <= 556655)  (cost=378 rows=1872)


table 7 : explain SELECT c FROM sbtest7 WHERE id BETWEEN 2404079 AND 2405078 ORDER BY c
	-> Sort: sbtest7.c  (cost=378 rows=1872)
    -> Filter: (sbtest7.id between 2404079 and 2405078)  (cost=378 rows=1872)
        -> Index range scan on sbtest7 using PRIMARY over (2404079 <= id <= 2405078)  (cost=378 rows=1872)


table 8 : explain SELECT c FROM sbtest8 WHERE id BETWEEN 8369193 AND 8370192 ORDER BY c
	-> Sort: sbtest8.c  (cost=371 rows=1838)
    -> Filter: (sbtest8.id between 8369193 and 8370192)  (cost=371 rows=1838)
        -> Index range scan on sbtest8 using PRIMARY over (8369193 <= id <= 8370192)  (cost=371 rows=1838)


for: order_ranges
table 1 : explain SELECT c FROM sbtest1 WHERE id BETWEEN 5047834 AND 5048833 ORDER BY c
	-> Sort: sbtest1.c  (cost=371 rows=1838)
    -> Filter: (sbtest1.id between 5047834 and 5048833)  (cost=371 rows=1838)
        -> Index range scan on sbtest1 using PRIMARY over (5047834 <= id <= 5048833)  (cost=371 rows=1838)


table 2 : explain SELECT c FROM sbtest2 WHERE id BETWEEN 2796010 AND 2797009 ORDER BY c
	-> Sort: sbtest2.c  (cost=371 rows=1840)
    -> Filter: (sbtest2.id between 2796010 and 2797009)  (cost=371 rows=1840)
        -> Index range scan on sbtest2 using PRIMARY over (2796010 <= id <= 2797009)  (cost=371 rows=1840)


table 3 : explain SELECT c FROM sbtest3 WHERE id BETWEEN 6832693 AND 6833692 ORDER BY c
	-> Sort: sbtest3.c  (cost=378 rows=1872)
    -> Filter: (sbtest3.id between 6832693 and 6833692)  (cost=378 rows=1872)
        -> Index range scan on sbtest3 using PRIMARY over (6832693 <= id <= 6833692)  (cost=378 rows=1872)


table 4 : explain SELECT c FROM sbtest4 WHERE id BETWEEN 5320785 AND 5321784 ORDER BY c
	-> Sort: sbtest4.c  (cost=371 rows=1838)
    -> Filter: (sbtest4.id between 5320785 and 5321784)  (cost=371 rows=1838)
        -> Index range scan on sbtest4 using PRIMARY over (5320785 <= id <= 5321784)  (cost=371 rows=1838)


table 5 : explain SELECT c FROM sbtest5 WHERE id BETWEEN 2556502 AND 2557501 ORDER BY c
	-> Sort: sbtest5.c  (cost=378 rows=1872)
    -> Filter: (sbtest5.id between 2556502 and 2557501)  (cost=378 rows=1872)
        -> Index range scan on sbtest5 using PRIMARY over (2556502 <= id <= 2557501)  (cost=378 rows=1872)


table 6 : explain SELECT c FROM sbtest6 WHERE id BETWEEN 3673308 AND 3674307 ORDER BY c
	-> Sort: sbtest6.c  (cost=371 rows=1838)
    -> Filter: (sbtest6.id between 3673308 and 3674307)  (cost=371 rows=1838)
        -> Index range scan on sbtest6 using PRIMARY over (3673308 <= id <= 3674307)  (cost=371 rows=1838)


table 7 : explain SELECT c FROM sbtest7 WHERE id BETWEEN 7244660 AND 7245659 ORDER BY c
	-> Sort: sbtest7.c  (cost=371 rows=1838)
    -> Filter: (sbtest7.id between 7244660 and 7245659)  (cost=371 rows=1838)
        -> Index range scan on sbtest7 using PRIMARY over (7244660 <= id <= 7245659)  (cost=371 rows=1838)


table 8 : explain SELECT c FROM sbtest8 WHERE id BETWEEN 8507486 AND 8508485 ORDER BY c
	-> Sort: sbtest8.c  (cost=371 rows=1838)
    -> Filter: (sbtest8.id between 8507486 and 8508485)  (cost=371 rows=1838)
        -> Index range scan on sbtest8 using PRIMARY over (8507486 <= id <= 8508485)  (cost=371 rows=1838)


for: order_ranges
table 1 : explain SELECT c FROM sbtest1 WHERE id BETWEEN 4096760 AND 4097759 ORDER BY c
	-> Sort: sbtest1.c  (cost=371 rows=1838)
    -> Filter: (sbtest1.id between 4096760 and 4097759)  (cost=371 rows=1838)
        -> Index range scan on sbtest1 using PRIMARY over (4096760 <= id <= 4097759)  (cost=371 rows=1838)


table 2 : explain SELECT c FROM sbtest2 WHERE id BETWEEN 2157244 AND 2158243 ORDER BY c
	-> Sort: sbtest2.c  (cost=371 rows=1838)
    -> Filter: (sbtest2.id between 2157244 and 2158243)  (cost=371 rows=1838)
        -> Index range scan on sbtest2 using PRIMARY over (2157244 <= id <= 2158243)  (cost=371 rows=1838)


table 3 : explain SELECT c FROM sbtest3 WHERE id BETWEEN 3415019 AND 3416018 ORDER BY c
	-> Sort: sbtest3.c  (cost=371 rows=1838)
    -> Filter: (sbtest3.id between 3415019 and 3416018)  (cost=371 rows=1838)
        -> Index range scan on sbtest3 using PRIMARY over (3415019 <= id <= 3416018)  (cost=371 rows=1838)


table 4 : explain SELECT c FROM sbtest4 WHERE id BETWEEN 934453 AND 935452 ORDER BY c
	-> Sort: sbtest4.c  (cost=378 rows=1872)
    -> Filter: (sbtest4.id between 934453 and 935452)  (cost=378 rows=1872)
        -> Index range scan on sbtest4 using PRIMARY over (934453 <= id <= 935452)  (cost=378 rows=1872)


table 5 : explain SELECT c FROM sbtest5 WHERE id BETWEEN 5050504 AND 5051503 ORDER BY c
	-> Sort: sbtest5.c  (cost=371 rows=1838)
    -> Filter: (sbtest5.id between 5050504 and 5051503)  (cost=371 rows=1838)
        -> Index range scan on sbtest5 using PRIMARY over (5050504 <= id <= 5051503)  (cost=371 rows=1838)


table 6 : explain SELECT c FROM sbtest6 WHERE id BETWEEN 816771 AND 817770 ORDER BY c
	-> Sort: sbtest6.c  (cost=378 rows=1872)
    -> Filter: (sbtest6.id between 816771 and 817770)  (cost=378 rows=1872)
        -> Index range scan on sbtest6 using PRIMARY over (816771 <= id <= 817770)  (cost=378 rows=1872)


table 7 : explain SELECT c FROM sbtest7 WHERE id BETWEEN 8765793 AND 8766792 ORDER BY c
	-> Sort: sbtest7.c  (cost=371 rows=1838)
    -> Filter: (sbtest7.id between 8765793 and 8766792)  (cost=371 rows=1838)
        -> Index range scan on sbtest7 using PRIMARY over (8765793 <= id <= 8766792)  (cost=371 rows=1838)


table 8 : explain SELECT c FROM sbtest8 WHERE id BETWEEN 8998734 AND 8999733 ORDER BY c
	-> Sort: sbtest8.c  (cost=371 rows=1838)
    -> Filter: (sbtest8.id between 8998734 and 8999733)  (cost=371 rows=1838)
        -> Index range scan on sbtest8 using PRIMARY over (8998734 <= id <= 8999733)  (cost=371 rows=1838)


for: order_ranges
table 1 : explain SELECT c FROM sbtest1 WHERE id BETWEEN 8419767 AND 8420766 ORDER BY c
	-> Sort: sbtest1.c  (cost=371 rows=1838)
    -> Filter: (sbtest1.id between 8419767 and 8420766)  (cost=371 rows=1838)
        -> Index range scan on sbtest1 using PRIMARY over (8419767 <= id <= 8420766)  (cost=371 rows=1838)


table 2 : explain SELECT c FROM sbtest2 WHERE id BETWEEN 3535325 AND 3536324 ORDER BY c
	-> Sort: sbtest2.c  (cost=371 rows=1838)
    -> Filter: (sbtest2.id between 3535325 and 3536324)  (cost=371 rows=1838)
        -> Index range scan on sbtest2 using PRIMARY over (3535325 <= id <= 3536324)  (cost=371 rows=1838)


table 3 : explain SELECT c FROM sbtest3 WHERE id BETWEEN 2611820 AND 2612819 ORDER BY c
	-> Sort: sbtest3.c  (cost=371 rows=1838)
    -> Filter: (sbtest3.id between 2611820 and 2612819)  (cost=371 rows=1838)
        -> Index range scan on sbtest3 using PRIMARY over (2611820 <= id <= 2612819)  (cost=371 rows=1838)


table 4 : explain SELECT c FROM sbtest4 WHERE id BETWEEN 6382361 AND 6383360 ORDER BY c
	-> Sort: sbtest4.c  (cost=378 rows=1872)
    -> Filter: (sbtest4.id between 6382361 and 6383360)  (cost=378 rows=1872)
        -> Index range scan on sbtest4 using PRIMARY over (6382361 <= id <= 6383360)  (cost=378 rows=1872)


table 5 : explain SELECT c FROM sbtest5 WHERE id BETWEEN 9590207 AND 9591206 ORDER BY c
	-> Sort: sbtest5.c  (cost=378 rows=1872)
    -> Filter: (sbtest5.id between 9590207 and 9591206)  (cost=378 rows=1872)
        -> Index range scan on sbtest5 using PRIMARY over (9590207 <= id <= 9591206)  (cost=378 rows=1872)


table 6 : explain SELECT c FROM sbtest6 WHERE id BETWEEN 4441787 AND 4442786 ORDER BY c
	-> Sort: sbtest6.c  (cost=371 rows=1838)
    -> Filter: (sbtest6.id between 4441787 and 4442786)  (cost=371 rows=1838)
        -> Index range scan on sbtest6 using PRIMARY over (4441787 <= id <= 4442786)  (cost=371 rows=1838)


table 7 : explain SELECT c FROM sbtest7 WHERE id BETWEEN 4890610 AND 4891609 ORDER BY c
	-> Sort: sbtest7.c  (cost=378 rows=1872)
    -> Filter: (sbtest7.id between 4890610 and 4891609)  (cost=378 rows=1872)
        -> Index range scan on sbtest7 using PRIMARY over (4890610 <= id <= 4891609)  (cost=378 rows=1872)


table 8 : explain SELECT c FROM sbtest8 WHERE id BETWEEN 8960385 AND 8961384 ORDER BY c
	-> Sort: sbtest8.c  (cost=371 rows=1838)
    -> Filter: (sbtest8.id between 8960385 and 8961384)  (cost=371 rows=1838)
        -> Index range scan on sbtest8 using PRIMARY over (8960385 <= id <= 8961384)  (cost=371 rows=1838)


for: order_ranges
table 1 : explain SELECT c FROM sbtest1 WHERE id BETWEEN 7643083 AND 7644082 ORDER BY c
	-> Sort: sbtest1.c  (cost=378 rows=1872)
    -> Filter: (sbtest1.id between 7643083 and 7644082)  (cost=378 rows=1872)
        -> Index range scan on sbtest1 using PRIMARY over (7643083 <= id <= 7644082)  (cost=378 rows=1872)


table 2 : explain SELECT c FROM sbtest2 WHERE id BETWEEN 2064678 AND 2065677 ORDER BY c
	-> Sort: sbtest2.c  (cost=371 rows=1838)
    -> Filter: (sbtest2.id between 2064678 and 2065677)  (cost=371 rows=1838)
        -> Index range scan on sbtest2 using PRIMARY over (2064678 <= id <= 2065677)  (cost=371 rows=1838)


table 3 : explain SELECT c FROM sbtest3 WHERE id BETWEEN 8709011 AND 8710010 ORDER BY c
	-> Sort: sbtest3.c  (cost=378 rows=1872)
    -> Filter: (sbtest3.id between 8709011 and 8710010)  (cost=378 rows=1872)
        -> Index range scan on sbtest3 using PRIMARY over (8709011 <= id <= 8710010)  (cost=378 rows=1872)


table 4 : explain SELECT c FROM sbtest4 WHERE id BETWEEN 7679867 AND 7680866 ORDER BY c
	-> Sort: sbtest4.c  (cost=378 rows=1872)
    -> Filter: (sbtest4.id between 7679867 and 7680866)  (cost=378 rows=1872)
        -> Index range scan on sbtest4 using PRIMARY over (7679867 <= id <= 7680866)  (cost=378 rows=1872)


table 5 : explain SELECT c FROM sbtest5 WHERE id BETWEEN 4459579 AND 4460578 ORDER BY c
	-> Sort: sbtest5.c  (cost=371 rows=1838)
    -> Filter: (sbtest5.id between 4459579 and 4460578)  (cost=371 rows=1838)
        -> Index range scan on sbtest5 using PRIMARY over (4459579 <= id <= 4460578)  (cost=371 rows=1838)


table 6 : explain SELECT c FROM sbtest6 WHERE id BETWEEN 5641560 AND 5642559 ORDER BY c
	-> Sort: sbtest6.c  (cost=378 rows=1872)
    -> Filter: (sbtest6.id between 5641560 and 5642559)  (cost=378 rows=1872)
        -> Index range scan on sbtest6 using PRIMARY over (5641560 <= id <= 5642559)  (cost=378 rows=1872)


table 7 : explain SELECT c FROM sbtest7 WHERE id BETWEEN 9744084 AND 9745083 ORDER BY c
	-> Sort: sbtest7.c  (cost=378 rows=1872)
    -> Filter: (sbtest7.id between 9744084 and 9745083)  (cost=378 rows=1872)
        -> Index range scan on sbtest7 using PRIMARY over (9744084 <= id <= 9745083)  (cost=378 rows=1872)


table 8 : explain SELECT c FROM sbtest8 WHERE id BETWEEN 1320585 AND 1321584 ORDER BY c
	-> Sort: sbtest8.c  (cost=371 rows=1838)
    -> Filter: (sbtest8.id between 1320585 and 1321584)  (cost=371 rows=1838)
        -> Index range scan on sbtest8 using PRIMARY over (1320585 <= id <= 1321584)  (cost=371 rows=1838)


for: order_ranges
table 1 : explain SELECT c FROM sbtest1 WHERE id BETWEEN 9875662 AND 9876661 ORDER BY c
	-> Sort: sbtest1.c  (cost=371 rows=1838)
    -> Filter: (sbtest1.id between 9875662 and 9876661)  (cost=371 rows=1838)
        -> Index range scan on sbtest1 using PRIMARY over (9875662 <= id <= 9876661)  (cost=371 rows=1838)


table 2 : explain SELECT c FROM sbtest2 WHERE id BETWEEN 6447215 AND 6448214 ORDER BY c
	-> Sort: sbtest2.c  (cost=371 rows=1838)
    -> Filter: (sbtest2.id between 6447215 and 6448214)  (cost=371 rows=1838)
        -> Index range scan on sbtest2 using PRIMARY over (6447215 <= id <= 6448214)  (cost=371 rows=1838)


table 3 : explain SELECT c FROM sbtest3 WHERE id BETWEEN 2715749 AND 2716748 ORDER BY c
	-> Sort: sbtest3.c  (cost=371 rows=1838)
    -> Filter: (sbtest3.id between 2715749 and 2716748)  (cost=371 rows=1838)
        -> Index range scan on sbtest3 using PRIMARY over (2715749 <= id <= 2716748)  (cost=371 rows=1838)


table 4 : explain SELECT c FROM sbtest4 WHERE id BETWEEN 6330051 AND 6331050 ORDER BY c
	-> Sort: sbtest4.c  (cost=371 rows=1838)
    -> Filter: (sbtest4.id between 6330051 and 6331050)  (cost=371 rows=1838)
        -> Index range scan on sbtest4 using PRIMARY over (6330051 <= id <= 6331050)  (cost=371 rows=1838)


table 5 : explain SELECT c FROM sbtest5 WHERE id BETWEEN 504012 AND 505011 ORDER BY c
	-> Sort: sbtest5.c  (cost=371 rows=1838)
    -> Filter: (sbtest5.id between 504012 and 505011)  (cost=371 rows=1838)
        -> Index range scan on sbtest5 using PRIMARY over (504012 <= id <= 505011)  (cost=371 rows=1838)


table 6 : explain SELECT c FROM sbtest6 WHERE id BETWEEN 9815325 AND 9816324 ORDER BY c
	-> Sort: sbtest6.c  (cost=371 rows=1840)
    -> Filter: (sbtest6.id between 9815325 and 9816324)  (cost=371 rows=1840)
        -> Index range scan on sbtest6 using PRIMARY over (9815325 <= id <= 9816324)  (cost=371 rows=1840)


table 7 : explain SELECT c FROM sbtest7 WHERE id BETWEEN 4293896 AND 4294895 ORDER BY c
	-> Sort: sbtest7.c  (cost=371 rows=1838)
    -> Filter: (sbtest7.id between 4293896 and 4294895)  (cost=371 rows=1838)
        -> Index range scan on sbtest7 using PRIMARY over (4293896 <= id <= 4294895)  (cost=371 rows=1838)


table 8 : explain SELECT c FROM sbtest8 WHERE id BETWEEN 4371432 AND 4372431 ORDER BY c
	-> Sort: sbtest8.c  (cost=378 rows=1872)
    -> Filter: (sbtest8.id between 4371432 and 4372431)  (cost=378 rows=1872)
        -> Index range scan on sbtest8 using PRIMARY over (4371432 <= id <= 4372431)  (cost=378 rows=1872)


for: order_ranges
table 1 : explain SELECT c FROM sbtest1 WHERE id BETWEEN 4466542 AND 4467541 ORDER BY c
	-> Sort: sbtest1.c  (cost=371 rows=1840)
    -> Filter: (sbtest1.id between 4466542 and 4467541)  (cost=371 rows=1840)
        -> Index range scan on sbtest1 using PRIMARY over (4466542 <= id <= 4467541)  (cost=371 rows=1840)


table 2 : explain SELECT c FROM sbtest2 WHERE id BETWEEN 9069506 AND 9070505 ORDER BY c
	-> Sort: sbtest2.c  (cost=378 rows=1872)
    -> Filter: (sbtest2.id between 9069506 and 9070505)  (cost=378 rows=1872)
        -> Index range scan on sbtest2 using PRIMARY over (9069506 <= id <= 9070505)  (cost=378 rows=1872)


table 3 : explain SELECT c FROM sbtest3 WHERE id BETWEEN 4541450 AND 4542449 ORDER BY c
	-> Sort: sbtest3.c  (cost=378 rows=1872)
    -> Filter: (sbtest3.id between 4541450 and 4542449)  (cost=378 rows=1872)
        -> Index range scan on sbtest3 using PRIMARY over (4541450 <= id <= 4542449)  (cost=378 rows=1872)


table 4 : explain SELECT c FROM sbtest4 WHERE id BETWEEN 4644405 AND 4645404 ORDER BY c
	-> Sort: sbtest4.c  (cost=371 rows=1838)
    -> Filter: (sbtest4.id between 4644405 and 4645404)  (cost=371 rows=1838)
        -> Index range scan on sbtest4 using PRIMARY over (4644405 <= id <= 4645404)  (cost=371 rows=1838)


table 5 : explain SELECT c FROM sbtest5 WHERE id BETWEEN 9210897 AND 9211896 ORDER BY c
	-> Sort: sbtest5.c  (cost=378 rows=1872)
    -> Filter: (sbtest5.id between 9210897 and 9211896)  (cost=378 rows=1872)
        -> Index range scan on sbtest5 using PRIMARY over (9210897 <= id <= 9211896)  (cost=378 rows=1872)


table 6 : explain SELECT c FROM sbtest6 WHERE id BETWEEN 4047619 AND 4048618 ORDER BY c
	-> Sort: sbtest6.c  (cost=371 rows=1838)
    -> Filter: (sbtest6.id between 4047619 and 4048618)  (cost=371 rows=1838)
        -> Index range scan on sbtest6 using PRIMARY over (4047619 <= id <= 4048618)  (cost=371 rows=1838)


table 7 : explain SELECT c FROM sbtest7 WHERE id BETWEEN 5279741 AND 5280740 ORDER BY c
	-> Sort: sbtest7.c  (cost=371 rows=1838)
    -> Filter: (sbtest7.id between 5279741 and 5280740)  (cost=371 rows=1838)
        -> Index range scan on sbtest7 using PRIMARY over (5279741 <= id <= 5280740)  (cost=371 rows=1838)


table 8 : explain SELECT c FROM sbtest8 WHERE id BETWEEN 613844 AND 614843 ORDER BY c
	-> Sort: sbtest8.c  (cost=371 rows=1838)
    -> Filter: (sbtest8.id between 613844 and 614843)  (cost=371 rows=1838)
        -> Index range scan on sbtest8 using PRIMARY over (613844 <= id <= 614843)  (cost=371 rows=1838)


for: order_ranges
table 1 : explain SELECT c FROM sbtest1 WHERE id BETWEEN 2839653 AND 2840652 ORDER BY c
	-> Sort: sbtest1.c  (cost=371 rows=1838)
    -> Filter: (sbtest1.id between 2839653 and 2840652)  (cost=371 rows=1838)
        -> Index range scan on sbtest1 using PRIMARY over (2839653 <= id <= 2840652)  (cost=371 rows=1838)


table 2 : explain SELECT c FROM sbtest2 WHERE id BETWEEN 4657951 AND 4658950 ORDER BY c
	-> Sort: sbtest2.c  (cost=378 rows=1872)
    -> Filter: (sbtest2.id between 4657951 and 4658950)  (cost=378 rows=1872)
        -> Index range scan on sbtest2 using PRIMARY over (4657951 <= id <= 4658950)  (cost=378 rows=1872)


table 3 : explain SELECT c FROM sbtest3 WHERE id BETWEEN 5186634 AND 5187633 ORDER BY c
	-> Sort: sbtest3.c  (cost=378 rows=1872)
    -> Filter: (sbtest3.id between 5186634 and 5187633)  (cost=378 rows=1872)
        -> Index range scan on sbtest3 using PRIMARY over (5186634 <= id <= 5187633)  (cost=378 rows=1872)


table 4 : explain SELECT c FROM sbtest4 WHERE id BETWEEN 1232259 AND 1233258 ORDER BY c
	-> Sort: sbtest4.c  (cost=371 rows=1838)
    -> Filter: (sbtest4.id between 1232259 and 1233258)  (cost=371 rows=1838)
        -> Index range scan on sbtest4 using PRIMARY over (1232259 <= id <= 1233258)  (cost=371 rows=1838)


table 5 : explain SELECT c FROM sbtest5 WHERE id BETWEEN 122704 AND 123703 ORDER BY c
	-> Sort: sbtest5.c  (cost=371 rows=1838)
    -> Filter: (sbtest5.id between 122704 and 123703)  (cost=371 rows=1838)
        -> Index range scan on sbtest5 using PRIMARY over (122704 <= id <= 123703)  (cost=371 rows=1838)


table 6 : explain SELECT c FROM sbtest6 WHERE id BETWEEN 4875775 AND 4876774 ORDER BY c
	-> Sort: sbtest6.c  (cost=371 rows=1838)
    -> Filter: (sbtest6.id between 4875775 and 4876774)  (cost=371 rows=1838)
        -> Index range scan on sbtest6 using PRIMARY over (4875775 <= id <= 4876774)  (cost=371 rows=1838)


table 7 : explain SELECT c FROM sbtest7 WHERE id BETWEEN 2490003 AND 2491002 ORDER BY c
	-> Sort: sbtest7.c  (cost=378 rows=1872)
    -> Filter: (sbtest7.id between 2490003 and 2491002)  (cost=378 rows=1872)
        -> Index range scan on sbtest7 using PRIMARY over (2490003 <= id <= 2491002)  (cost=378 rows=1872)


table 8 : explain SELECT c FROM sbtest8 WHERE id BETWEEN 184620 AND 185619 ORDER BY c
	-> Sort: sbtest8.c  (cost=371 rows=1838)
    -> Filter: (sbtest8.id between 184620 and 185619)  (cost=371 rows=1838)
        -> Index range scan on sbtest8 using PRIMARY over (184620 <= id <= 185619)  (cost=371 rows=1838)


for: distinct_ranges
table 1 : explain SELECT DISTINCT c FROM sbtest1 WHERE id BETWEEN 3635567 AND 3636566 ORDER BY c
	-> Sort: sbtest1.c
    -> Table scan on <temporary>  (cost=794..820 rows=1838)
        -> Temporary table with deduplication  (cost=794..794 rows=1838)
            -> Filter: (sbtest1.id between 3635567 and 3636566)  (cost=371 rows=1838)
                -> Index range scan on sbtest1 using PRIMARY over (3635567 <= id <= 3636566)  (cost=371 rows=1838)


table 2 : explain SELECT DISTINCT c FROM sbtest2 WHERE id BETWEEN 2746380 AND 2747379 ORDER BY c
	-> Sort: sbtest2.c
    -> Table scan on <temporary>  (cost=809..835 rows=1872)
        -> Temporary table with deduplication  (cost=809..809 rows=1872)
            -> Filter: (sbtest2.id between 2746380 and 2747379)  (cost=378 rows=1872)
                -> Index range scan on sbtest2 using PRIMARY over (2746380 <= id <= 2747379)  (cost=378 rows=1872)


table 3 : explain SELECT DISTINCT c FROM sbtest3 WHERE id BETWEEN 5027459 AND 5028458 ORDER BY c
	-> Sort: sbtest3.c
    -> Table scan on <temporary>  (cost=794..820 rows=1838)
        -> Temporary table with deduplication  (cost=794..794 rows=1838)
            -> Filter: (sbtest3.id between 5027459 and 5028458)  (cost=371 rows=1838)
                -> Index range scan on sbtest3 using PRIMARY over (5027459 <= id <= 5028458)  (cost=371 rows=1838)


table 4 : explain SELECT DISTINCT c FROM sbtest4 WHERE id BETWEEN 1488092 AND 1489091 ORDER BY c
	-> Sort: sbtest4.c
    -> Table scan on <temporary>  (cost=794..820 rows=1838)
        -> Temporary table with deduplication  (cost=794..794 rows=1838)
            -> Filter: (sbtest4.id between 1488092 and 1489091)  (cost=371 rows=1838)
                -> Index range scan on sbtest4 using PRIMARY over (1488092 <= id <= 1489091)  (cost=371 rows=1838)


table 5 : explain SELECT DISTINCT c FROM sbtest5 WHERE id BETWEEN 2173960 AND 2174959 ORDER BY c
	-> Sort: sbtest5.c
    -> Table scan on <temporary>  (cost=794..820 rows=1838)
        -> Temporary table with deduplication  (cost=794..794 rows=1838)
            -> Filter: (sbtest5.id between 2173960 and 2174959)  (cost=371 rows=1838)
                -> Index range scan on sbtest5 using PRIMARY over (2173960 <= id <= 2174959)  (cost=371 rows=1838)


table 6 : explain SELECT DISTINCT c FROM sbtest6 WHERE id BETWEEN 793317 AND 794316 ORDER BY c
	-> Sort: sbtest6.c
    -> Table scan on <temporary>  (cost=794..820 rows=1838)
        -> Temporary table with deduplication  (cost=794..794 rows=1838)
            -> Filter: (sbtest6.id between 793317 and 794316)  (cost=371 rows=1838)
                -> Index range scan on sbtest6 using PRIMARY over (793317 <= id <= 794316)  (cost=371 rows=1838)


table 7 : explain SELECT DISTINCT c FROM sbtest7 WHERE id BETWEEN 1449434 AND 1450433 ORDER BY c
	-> Sort: sbtest7.c
    -> Table scan on <temporary>  (cost=794..820 rows=1838)
        -> Temporary table with deduplication  (cost=794..794 rows=1838)
            -> Filter: (sbtest7.id between 1449434 and 1450433)  (cost=371 rows=1838)
                -> Index range scan on sbtest7 using PRIMARY over (1449434 <= id <= 1450433)  (cost=371 rows=1838)


table 8 : explain SELECT DISTINCT c FROM sbtest8 WHERE id BETWEEN 7254497 AND 7255496 ORDER BY c
	-> Sort: sbtest8.c
    -> Table scan on <temporary>  (cost=809..835 rows=1872)
        -> Temporary table with deduplication  (cost=809..809 rows=1872)
            -> Filter: (sbtest8.id between 7254497 and 7255496)  (cost=378 rows=1872)
                -> Index range scan on sbtest8 using PRIMARY over (7254497 <= id <= 7255496)  (cost=378 rows=1872)


for: distinct_ranges
table 1 : explain SELECT DISTINCT c FROM sbtest1 WHERE id BETWEEN 784041 AND 785040 ORDER BY c
	-> Sort: sbtest1.c
    -> Table scan on <temporary>  (cost=794..820 rows=1838)
        -> Temporary table with deduplication  (cost=794..794 rows=1838)
            -> Filter: (sbtest1.id between 784041 and 785040)  (cost=371 rows=1838)
                -> Index range scan on sbtest1 using PRIMARY over (784041 <= id <= 785040)  (cost=371 rows=1838)


table 2 : explain SELECT DISTINCT c FROM sbtest2 WHERE id BETWEEN 1551706 AND 1552705 ORDER BY c
	-> Sort: sbtest2.c
    -> Table scan on <temporary>  (cost=794..820 rows=1838)
        -> Temporary table with deduplication  (cost=794..794 rows=1838)
            -> Filter: (sbtest2.id between 1551706 and 1552705)  (cost=371 rows=1838)
                -> Index range scan on sbtest2 using PRIMARY over (1551706 <= id <= 1552705)  (cost=371 rows=1838)


table 3 : explain SELECT DISTINCT c FROM sbtest3 WHERE id BETWEEN 1315519 AND 1316518 ORDER BY c
	-> Sort: sbtest3.c
    -> Table scan on <temporary>  (cost=809..835 rows=1872)
        -> Temporary table with deduplication  (cost=809..809 rows=1872)
            -> Filter: (sbtest3.id between 1315519 and 1316518)  (cost=378 rows=1872)
                -> Index range scan on sbtest3 using PRIMARY over (1315519 <= id <= 1316518)  (cost=378 rows=1872)


table 4 : explain SELECT DISTINCT c FROM sbtest4 WHERE id BETWEEN 4702396 AND 4703395 ORDER BY c
	-> Sort: sbtest4.c
    -> Table scan on <temporary>  (cost=794..820 rows=1838)
        -> Temporary table with deduplication  (cost=794..794 rows=1838)
            -> Filter: (sbtest4.id between 4702396 and 4703395)  (cost=371 rows=1838)
                -> Index range scan on sbtest4 using PRIMARY over (4702396 <= id <= 4703395)  (cost=371 rows=1838)


table 5 : explain SELECT DISTINCT c FROM sbtest5 WHERE id BETWEEN 4489847 AND 4490846 ORDER BY c
	-> Sort: sbtest5.c
    -> Table scan on <temporary>  (cost=809..835 rows=1872)
        -> Temporary table with deduplication  (cost=809..809 rows=1872)
            -> Filter: (sbtest5.id between 4489847 and 4490846)  (cost=378 rows=1872)
                -> Index range scan on sbtest5 using PRIMARY over (4489847 <= id <= 4490846)  (cost=378 rows=1872)


table 6 : explain SELECT DISTINCT c FROM sbtest6 WHERE id BETWEEN 3663282 AND 3664281 ORDER BY c
	-> Sort: sbtest6.c
    -> Table scan on <temporary>  (cost=794..820 rows=1838)
        -> Temporary table with deduplication  (cost=794..794 rows=1838)
            -> Filter: (sbtest6.id between 3663282 and 3664281)  (cost=371 rows=1838)
                -> Index range scan on sbtest6 using PRIMARY over (3663282 <= id <= 3664281)  (cost=371 rows=1838)


table 7 : explain SELECT DISTINCT c FROM sbtest7 WHERE id BETWEEN 3567792 AND 3568791 ORDER BY c
	-> Sort: sbtest7.c
    -> Table scan on <temporary>  (cost=794..820 rows=1838)
        -> Temporary table with deduplication  (cost=794..794 rows=1838)
            -> Filter: (sbtest7.id between 3567792 and 3568791)  (cost=371 rows=1838)
                -> Index range scan on sbtest7 using PRIMARY over (3567792 <= id <= 3568791)  (cost=371 rows=1838)


table 8 : explain SELECT DISTINCT c FROM sbtest8 WHERE id BETWEEN 4379922 AND 4380921 ORDER BY c
	-> Sort: sbtest8.c
    -> Table scan on <temporary>  (cost=794..820 rows=1838)
        -> Temporary table with deduplication  (cost=794..794 rows=1838)
            -> Filter: (sbtest8.id between 4379922 and 4380921)  (cost=371 rows=1838)
                -> Index range scan on sbtest8 using PRIMARY over (4379922 <= id <= 4380921)  (cost=371 rows=1838)


for: distinct_ranges
table 1 : explain SELECT DISTINCT c FROM sbtest1 WHERE id BETWEEN 6831931 AND 6832930 ORDER BY c
	-> Sort: sbtest1.c
    -> Table scan on <temporary>  (cost=794..820 rows=1838)
        -> Temporary table with deduplication  (cost=794..794 rows=1838)
            -> Filter: (sbtest1.id between 6831931 and 6832930)  (cost=371 rows=1838)
                -> Index range scan on sbtest1 using PRIMARY over (6831931 <= id <= 6832930)  (cost=371 rows=1838)


table 2 : explain SELECT DISTINCT c FROM sbtest2 WHERE id BETWEEN 6008374 AND 6009373 ORDER BY c
	-> Sort: sbtest2.c
    -> Table scan on <temporary>  (cost=794..820 rows=1838)
        -> Temporary table with deduplication  (cost=794..794 rows=1838)
            -> Filter: (sbtest2.id between 6008374 and 6009373)  (cost=371 rows=1838)
                -> Index range scan on sbtest2 using PRIMARY over (6008374 <= id <= 6009373)  (cost=371 rows=1838)


table 3 : explain SELECT DISTINCT c FROM sbtest3 WHERE id BETWEEN 933853 AND 934852 ORDER BY c
	-> Sort: sbtest3.c
    -> Table scan on <temporary>  (cost=795..821 rows=1840)
        -> Temporary table with deduplication  (cost=795..795 rows=1840)
            -> Filter: (sbtest3.id between 933853 and 934852)  (cost=371 rows=1840)
                -> Index range scan on sbtest3 using PRIMARY over (933853 <= id <= 934852)  (cost=371 rows=1840)


table 4 : explain SELECT DISTINCT c FROM sbtest4 WHERE id BETWEEN 9588012 AND 9589011 ORDER BY c
	-> Sort: sbtest4.c
    -> Table scan on <temporary>  (cost=809..835 rows=1872)
        -> Temporary table with deduplication  (cost=809..809 rows=1872)
            -> Filter: (sbtest4.id between 9588012 and 9589011)  (cost=378 rows=1872)
                -> Index range scan on sbtest4 using PRIMARY over (9588012 <= id <= 9589011)  (cost=378 rows=1872)


table 5 : explain SELECT DISTINCT c FROM sbtest5 WHERE id BETWEEN 7743462 AND 7744461 ORDER BY c
	-> Sort: sbtest5.c
    -> Table scan on <temporary>  (cost=794..820 rows=1838)
        -> Temporary table with deduplication  (cost=794..794 rows=1838)
            -> Filter: (sbtest5.id between 7743462 and 7744461)  (cost=371 rows=1838)
                -> Index range scan on sbtest5 using PRIMARY over (7743462 <= id <= 7744461)  (cost=371 rows=1838)


table 6 : explain SELECT DISTINCT c FROM sbtest6 WHERE id BETWEEN 397468 AND 398467 ORDER BY c
	-> Sort: sbtest6.c
    -> Table scan on <temporary>  (cost=809..835 rows=1872)
        -> Temporary table with deduplication  (cost=809..809 rows=1872)
            -> Filter: (sbtest6.id between 397468 and 398467)  (cost=378 rows=1872)
                -> Index range scan on sbtest6 using PRIMARY over (397468 <= id <= 398467)  (cost=378 rows=1872)


table 7 : explain SELECT DISTINCT c FROM sbtest7 WHERE id BETWEEN 9274974 AND 9275973 ORDER BY c
	-> Sort: sbtest7.c
    -> Table scan on <temporary>  (cost=794..820 rows=1838)
        -> Temporary table with deduplication  (cost=794..794 rows=1838)
            -> Filter: (sbtest7.id between 9274974 and 9275973)  (cost=371 rows=1838)
                -> Index range scan on sbtest7 using PRIMARY over (9274974 <= id <= 9275973)  (cost=371 rows=1838)


table 8 : explain SELECT DISTINCT c FROM sbtest8 WHERE id BETWEEN 9096004 AND 9097003 ORDER BY c
	-> Sort: sbtest8.c
    -> Table scan on <temporary>  (cost=809..835 rows=1872)
        -> Temporary table with deduplication  (cost=809..809 rows=1872)
            -> Filter: (sbtest8.id between 9096004 and 9097003)  (cost=378 rows=1872)
                -> Index range scan on sbtest8 using PRIMARY over (9096004 <= id <= 9097003)  (cost=378 rows=1872)


for: distinct_ranges
table 1 : explain SELECT DISTINCT c FROM sbtest1 WHERE id BETWEEN 7650892 AND 7651891 ORDER BY c
	-> Sort: sbtest1.c
    -> Table scan on <temporary>  (cost=809..835 rows=1872)
        -> Temporary table with deduplication  (cost=809..809 rows=1872)
            -> Filter: (sbtest1.id between 7650892 and 7651891)  (cost=378 rows=1872)
                -> Index range scan on sbtest1 using PRIMARY over (7650892 <= id <= 7651891)  (cost=378 rows=1872)


table 2 : explain SELECT DISTINCT c FROM sbtest2 WHERE id BETWEEN 2840274 AND 2841273 ORDER BY c
	-> Sort: sbtest2.c
    -> Table scan on <temporary>  (cost=794..820 rows=1838)
        -> Temporary table with deduplication  (cost=794..794 rows=1838)
            -> Filter: (sbtest2.id between 2840274 and 2841273)  (cost=371 rows=1838)
                -> Index range scan on sbtest2 using PRIMARY over (2840274 <= id <= 2841273)  (cost=371 rows=1838)


table 3 : explain SELECT DISTINCT c FROM sbtest3 WHERE id BETWEEN 9144906 AND 9145905 ORDER BY c
	-> Sort: sbtest3.c
    -> Table scan on <temporary>  (cost=809..835 rows=1872)
        -> Temporary table with deduplication  (cost=809..809 rows=1872)
            -> Filter: (sbtest3.id between 9144906 and 9145905)  (cost=378 rows=1872)
                -> Index range scan on sbtest3 using PRIMARY over (9144906 <= id <= 9145905)  (cost=378 rows=1872)


table 4 : explain SELECT DISTINCT c FROM sbtest4 WHERE id BETWEEN 5239819 AND 5240818 ORDER BY c
	-> Sort: sbtest4.c
    -> Table scan on <temporary>  (cost=794..820 rows=1838)
        -> Temporary table with deduplication  (cost=794..794 rows=1838)
            -> Filter: (sbtest4.id between 5239819 and 5240818)  (cost=371 rows=1838)
                -> Index range scan on sbtest4 using PRIMARY over (5239819 <= id <= 5240818)  (cost=371 rows=1838)


table 5 : explain SELECT DISTINCT c FROM sbtest5 WHERE id BETWEEN 9809503 AND 9810502 ORDER BY c
	-> Sort: sbtest5.c
    -> Table scan on <temporary>  (cost=809..835 rows=1872)
        -> Temporary table with deduplication  (cost=809..809 rows=1872)
            -> Filter: (sbtest5.id between 9809503 and 9810502)  (cost=378 rows=1872)
                -> Index range scan on sbtest5 using PRIMARY over (9809503 <= id <= 9810502)  (cost=378 rows=1872)


table 6 : explain SELECT DISTINCT c FROM sbtest6 WHERE id BETWEEN 1240767 AND 1241766 ORDER BY c
	-> Sort: sbtest6.c
    -> Table scan on <temporary>  (cost=809..835 rows=1872)
        -> Temporary table with deduplication  (cost=809..809 rows=1872)
            -> Filter: (sbtest6.id between 1240767 and 1241766)  (cost=378 rows=1872)
                -> Index range scan on sbtest6 using PRIMARY over (1240767 <= id <= 1241766)  (cost=378 rows=1872)


table 7 : explain SELECT DISTINCT c FROM sbtest7 WHERE id BETWEEN 6616151 AND 6617150 ORDER BY c
	-> Sort: sbtest7.c
    -> Table scan on <temporary>  (cost=794..820 rows=1838)
        -> Temporary table with deduplication  (cost=794..794 rows=1838)
            -> Filter: (sbtest7.id between 6616151 and 6617150)  (cost=371 rows=1838)
                -> Index range scan on sbtest7 using PRIMARY over (6616151 <= id <= 6617150)  (cost=371 rows=1838)


table 8 : explain SELECT DISTINCT c FROM sbtest8 WHERE id BETWEEN 8960675 AND 8961674 ORDER BY c
	-> Sort: sbtest8.c
    -> Table scan on <temporary>  (cost=794..820 rows=1838)
        -> Temporary table with deduplication  (cost=794..794 rows=1838)
            -> Filter: (sbtest8.id between 8960675 and 8961674)  (cost=371 rows=1838)
                -> Index range scan on sbtest8 using PRIMARY over (8960675 <= id <= 8961674)  (cost=371 rows=1838)


for: order_ranges
table 1 : explain SELECT c FROM sbtest1 WHERE id BETWEEN 8558172 AND 8559171 ORDER BY c
	-> Sort: sbtest1.c  (cost=371 rows=1838)
    -> Filter: (sbtest1.id between 8558172 and 8559171)  (cost=371 rows=1838)
        -> Index range scan on sbtest1 using PRIMARY over (8558172 <= id <= 8559171)  (cost=371 rows=1838)


table 2 : explain SELECT c FROM sbtest2 WHERE id BETWEEN 9902412 AND 9903411 ORDER BY c
	-> Sort: sbtest2.c  (cost=371 rows=1838)
    -> Filter: (sbtest2.id between 9902412 and 9903411)  (cost=371 rows=1838)
        -> Index range scan on sbtest2 using PRIMARY over (9902412 <= id <= 9903411)  (cost=371 rows=1838)


table 3 : explain SELECT c FROM sbtest3 WHERE id BETWEEN 2885583 AND 2886582 ORDER BY c
	-> Sort: sbtest3.c  (cost=378 rows=1872)
    -> Filter: (sbtest3.id between 2885583 and 2886582)  (cost=378 rows=1872)
        -> Index range scan on sbtest3 using PRIMARY over (2885583 <= id <= 2886582)  (cost=378 rows=1872)


table 4 : explain SELECT c FROM sbtest4 WHERE id BETWEEN 8328935 AND 8329934 ORDER BY c
	-> Sort: sbtest4.c  (cost=371 rows=1838)
    -> Filter: (sbtest4.id between 8328935 and 8329934)  (cost=371 rows=1838)
        -> Index range scan on sbtest4 using PRIMARY over (8328935 <= id <= 8329934)  (cost=371 rows=1838)


table 5 : explain SELECT c FROM sbtest5 WHERE id BETWEEN 9183816 AND 9184815 ORDER BY c
	-> Sort: sbtest5.c  (cost=378 rows=1872)
    -> Filter: (sbtest5.id between 9183816 and 9184815)  (cost=378 rows=1872)
        -> Index range scan on sbtest5 using PRIMARY over (9183816 <= id <= 9184815)  (cost=378 rows=1872)


table 6 : explain SELECT c FROM sbtest6 WHERE id BETWEEN 8773384 AND 8774383 ORDER BY c
	-> Sort: sbtest6.c  (cost=371 rows=1838)
    -> Filter: (sbtest6.id between 8773384 and 8774383)  (cost=371 rows=1838)
        -> Index range scan on sbtest6 using PRIMARY over (8773384 <= id <= 8774383)  (cost=371 rows=1838)


table 7 : explain SELECT c FROM sbtest7 WHERE id BETWEEN 1752963 AND 1753962 ORDER BY c
	-> Sort: sbtest7.c  (cost=371 rows=1838)
    -> Filter: (sbtest7.id between 1752963 and 1753962)  (cost=371 rows=1838)
        -> Index range scan on sbtest7 using PRIMARY over (1752963 <= id <= 1753962)  (cost=371 rows=1838)


table 8 : explain SELECT c FROM sbtest8 WHERE id BETWEEN 5903735 AND 5904734 ORDER BY c
	-> Sort: sbtest8.c  (cost=371 rows=1838)
    -> Filter: (sbtest8.id between 5903735 and 5904734)  (cost=371 rows=1838)
        -> Index range scan on sbtest8 using PRIMARY over (5903735 <= id <= 5904734)  (cost=371 rows=1838)


for: distinct_ranges
table 1 : explain SELECT DISTINCT c FROM sbtest1 WHERE id BETWEEN 338638 AND 339637 ORDER BY c
	-> Sort: sbtest1.c
    -> Table scan on <temporary>  (cost=794..820 rows=1838)
        -> Temporary table with deduplication  (cost=794..794 rows=1838)
            -> Filter: (sbtest1.id between 338638 and 339637)  (cost=371 rows=1838)
                -> Index range scan on sbtest1 using PRIMARY over (338638 <= id <= 339637)  (cost=371 rows=1838)


table 2 : explain SELECT DISTINCT c FROM sbtest2 WHERE id BETWEEN 7829753 AND 7830752 ORDER BY c
	-> Sort: sbtest2.c
    -> Table scan on <temporary>  (cost=794..820 rows=1838)
        -> Temporary table with deduplication  (cost=794..794 rows=1838)
            -> Filter: (sbtest2.id between 7829753 and 7830752)  (cost=371 rows=1838)
                -> Index range scan on sbtest2 using PRIMARY over (7829753 <= id <= 7830752)  (cost=371 rows=1838)


table 3 : explain SELECT DISTINCT c FROM sbtest3 WHERE id BETWEEN 337853 AND 338852 ORDER BY c
	-> Sort: sbtest3.c
    -> Table scan on <temporary>  (cost=794..820 rows=1838)
        -> Temporary table with deduplication  (cost=794..794 rows=1838)
            -> Filter: (sbtest3.id between 337853 and 338852)  (cost=371 rows=1838)
                -> Index range scan on sbtest3 using PRIMARY over (337853 <= id <= 338852)  (cost=371 rows=1838)


table 4 : explain SELECT DISTINCT c FROM sbtest4 WHERE id BETWEEN 3580221 AND 3581220 ORDER BY c
	-> Sort: sbtest4.c
    -> Table scan on <temporary>  (cost=794..820 rows=1838)
        -> Temporary table with deduplication  (cost=794..794 rows=1838)
            -> Filter: (sbtest4.id between 3580221 and 3581220)  (cost=371 rows=1838)
                -> Index range scan on sbtest4 using PRIMARY over (3580221 <= id <= 3581220)  (cost=371 rows=1838)


table 5 : explain SELECT DISTINCT c FROM sbtest5 WHERE id BETWEEN 292545 AND 293544 ORDER BY c
	-> Sort: sbtest5.c
    -> Table scan on <temporary>  (cost=794..820 rows=1838)
        -> Temporary table with deduplication  (cost=794..794 rows=1838)
            -> Filter: (sbtest5.id between 292545 and 293544)  (cost=371 rows=1838)
                -> Index range scan on sbtest5 using PRIMARY over (292545 <= id <= 293544)  (cost=371 rows=1838)


table 6 : explain SELECT DISTINCT c FROM sbtest6 WHERE id BETWEEN 8637968 AND 8638967 ORDER BY c
	-> Sort: sbtest6.c
    -> Table scan on <temporary>  (cost=794..820 rows=1838)
        -> Temporary table with deduplication  (cost=794..794 rows=1838)
            -> Filter: (sbtest6.id between 8637968 and 8638967)  (cost=371 rows=1838)
                -> Index range scan on sbtest6 using PRIMARY over (8637968 <= id <= 8638967)  (cost=371 rows=1838)


table 7 : explain SELECT DISTINCT c FROM sbtest7 WHERE id BETWEEN 3772612 AND 3773611 ORDER BY c
	-> Sort: sbtest7.c
    -> Table scan on <temporary>  (cost=809..835 rows=1872)
        -> Temporary table with deduplication  (cost=809..809 rows=1872)
            -> Filter: (sbtest7.id between 3772612 and 3773611)  (cost=378 rows=1872)
                -> Index range scan on sbtest7 using PRIMARY over (3772612 <= id <= 3773611)  (cost=378 rows=1872)


table 8 : explain SELECT DISTINCT c FROM sbtest8 WHERE id BETWEEN 3692769 AND 3693768 ORDER BY c
	-> Sort: sbtest8.c
    -> Table scan on <temporary>  (cost=794..820 rows=1838)
        -> Temporary table with deduplication  (cost=794..794 rows=1838)
            -> Filter: (sbtest8.id between 3692769 and 3693768)  (cost=371 rows=1838)
                -> Index range scan on sbtest8 using PRIMARY over (3692769 <= id <= 3693768)  (cost=371 rows=1838)


for: distinct_ranges
table 1 : explain SELECT DISTINCT c FROM sbtest1 WHERE id BETWEEN 703425 AND 704424 ORDER BY c
	-> Sort: sbtest1.c
    -> Table scan on <temporary>  (cost=794..820 rows=1838)
        -> Temporary table with deduplication  (cost=794..794 rows=1838)
            -> Filter: (sbtest1.id between 703425 and 704424)  (cost=371 rows=1838)
                -> Index range scan on sbtest1 using PRIMARY over (703425 <= id <= 704424)  (cost=371 rows=1838)


table 2 : explain SELECT DISTINCT c FROM sbtest2 WHERE id BETWEEN 1480483 AND 1481482 ORDER BY c
	-> Sort: sbtest2.c
    -> Table scan on <temporary>  (cost=809..835 rows=1872)
        -> Temporary table with deduplication  (cost=809..809 rows=1872)
            -> Filter: (sbtest2.id between 1480483 and 1481482)  (cost=378 rows=1872)
                -> Index range scan on sbtest2 using PRIMARY over (1480483 <= id <= 1481482)  (cost=378 rows=1872)


table 3 : explain SELECT DISTINCT c FROM sbtest3 WHERE id BETWEEN 6882428 AND 6883427 ORDER BY c
	-> Sort: sbtest3.c
    -> Table scan on <temporary>  (cost=794..820 rows=1838)
        -> Temporary table with deduplication  (cost=794..794 rows=1838)
            -> Filter: (sbtest3.id between 6882428 and 6883427)  (cost=371 rows=1838)
                -> Index range scan on sbtest3 using PRIMARY over (6882428 <= id <= 6883427)  (cost=371 rows=1838)


table 4 : explain SELECT DISTINCT c FROM sbtest4 WHERE id BETWEEN 8158676 AND 8159675 ORDER BY c
	-> Sort: sbtest4.c
    -> Table scan on <temporary>  (cost=809..835 rows=1872)
        -> Temporary table with deduplication  (cost=809..809 rows=1872)
            -> Filter: (sbtest4.id between 8158676 and 8159675)  (cost=378 rows=1872)
                -> Index range scan on sbtest4 using PRIMARY over (8158676 <= id <= 8159675)  (cost=378 rows=1872)


table 5 : explain SELECT DISTINCT c FROM sbtest5 WHERE id BETWEEN 1758543 AND 1759542 ORDER BY c
	-> Sort: sbtest5.c
    -> Table scan on <temporary>  (cost=809..835 rows=1872)
        -> Temporary table with deduplication  (cost=809..809 rows=1872)
            -> Filter: (sbtest5.id between 1758543 and 1759542)  (cost=378 rows=1872)
                -> Index range scan on sbtest5 using PRIMARY over (1758543 <= id <= 1759542)  (cost=378 rows=1872)


table 6 : explain SELECT DISTINCT c FROM sbtest6 WHERE id BETWEEN 7099891 AND 7100890 ORDER BY c
	-> Sort: sbtest6.c
    -> Table scan on <temporary>  (cost=809..835 rows=1872)
        -> Temporary table with deduplication  (cost=809..809 rows=1872)
            -> Filter: (sbtest6.id between 7099891 and 7100890)  (cost=378 rows=1872)
                -> Index range scan on sbtest6 using PRIMARY over (7099891 <= id <= 7100890)  (cost=378 rows=1872)


table 7 : explain SELECT DISTINCT c FROM sbtest7 WHERE id BETWEEN 7485053 AND 7486052 ORDER BY c
	-> Sort: sbtest7.c
    -> Table scan on <temporary>  (cost=794..820 rows=1838)
        -> Temporary table with deduplication  (cost=794..794 rows=1838)
            -> Filter: (sbtest7.id between 7485053 and 7486052)  (cost=371 rows=1838)
                -> Index range scan on sbtest7 using PRIMARY over (7485053 <= id <= 7486052)  (cost=371 rows=1838)


table 8 : explain SELECT DISTINCT c FROM sbtest8 WHERE id BETWEEN 3091204 AND 3092203 ORDER BY c
	-> Sort: sbtest8.c
    -> Table scan on <temporary>  (cost=794..820 rows=1838)
        -> Temporary table with deduplication  (cost=794..794 rows=1838)
            -> Filter: (sbtest8.id between 3091204 and 3092203)  (cost=371 rows=1838)
                -> Index range scan on sbtest8 using PRIMARY over (3091204 <= id <= 3092203)  (cost=371 rows=1838)


for: distinct_ranges
table 1 : explain SELECT DISTINCT c FROM sbtest1 WHERE id BETWEEN 5542652 AND 5543651 ORDER BY c
	-> Sort: sbtest1.c
    -> Table scan on <temporary>  (cost=809..835 rows=1872)
        -> Temporary table with deduplication  (cost=809..809 rows=1872)
            -> Filter: (sbtest1.id between 5542652 and 5543651)  (cost=378 rows=1872)
                -> Index range scan on sbtest1 using PRIMARY over (5542652 <= id <= 5543651)  (cost=378 rows=1872)


table 2 : explain SELECT DISTINCT c FROM sbtest2 WHERE id BETWEEN 4025830 AND 4026829 ORDER BY c
	-> Sort: sbtest2.c
    -> Table scan on <temporary>  (cost=794..820 rows=1838)
        -> Temporary table with deduplication  (cost=794..794 rows=1838)
            -> Filter: (sbtest2.id between 4025830 and 4026829)  (cost=371 rows=1838)
                -> Index range scan on sbtest2 using PRIMARY over (4025830 <= id <= 4026829)  (cost=371 rows=1838)


table 3 : explain SELECT DISTINCT c FROM sbtest3 WHERE id BETWEEN 8089837 AND 8090836 ORDER BY c
	-> Sort: sbtest3.c
    -> Table scan on <temporary>  (cost=809..835 rows=1872)
        -> Temporary table with deduplication  (cost=809..809 rows=1872)
            -> Filter: (sbtest3.id between 8089837 and 8090836)  (cost=378 rows=1872)
                -> Index range scan on sbtest3 using PRIMARY over (8089837 <= id <= 8090836)  (cost=378 rows=1872)


table 4 : explain SELECT DISTINCT c FROM sbtest4 WHERE id BETWEEN 993882 AND 994881 ORDER BY c
	-> Sort: sbtest4.c
    -> Table scan on <temporary>  (cost=794..820 rows=1838)
        -> Temporary table with deduplication  (cost=794..794 rows=1838)
            -> Filter: (sbtest4.id between 993882 and 994881)  (cost=371 rows=1838)
                -> Index range scan on sbtest4 using PRIMARY over (993882 <= id <= 994881)  (cost=371 rows=1838)


table 5 : explain SELECT DISTINCT c FROM sbtest5 WHERE id BETWEEN 2461680 AND 2462679 ORDER BY c
	-> Sort: sbtest5.c
    -> Table scan on <temporary>  (cost=809..835 rows=1872)
        -> Temporary table with deduplication  (cost=809..809 rows=1872)
            -> Filter: (sbtest5.id between 2461680 and 2462679)  (cost=378 rows=1872)
                -> Index range scan on sbtest5 using PRIMARY over (2461680 <= id <= 2462679)  (cost=378 rows=1872)


table 6 : explain SELECT DISTINCT c FROM sbtest6 WHERE id BETWEEN 423988 AND 424987 ORDER BY c
	-> Sort: sbtest6.c
    -> Table scan on <temporary>  (cost=794..820 rows=1838)
        -> Temporary table with deduplication  (cost=794..794 rows=1838)
            -> Filter: (sbtest6.id between 423988 and 424987)  (cost=371 rows=1838)
                -> Index range scan on sbtest6 using PRIMARY over (423988 <= id <= 424987)  (cost=371 rows=1838)


table 7 : explain SELECT DISTINCT c FROM sbtest7 WHERE id BETWEEN 922569 AND 923568 ORDER BY c
	-> Sort: sbtest7.c
    -> Table scan on <temporary>  (cost=794..820 rows=1838)
        -> Temporary table with deduplication  (cost=794..794 rows=1838)
            -> Filter: (sbtest7.id between 922569 and 923568)  (cost=371 rows=1838)
                -> Index range scan on sbtest7 using PRIMARY over (922569 <= id <= 923568)  (cost=371 rows=1838)


table 8 : explain SELECT DISTINCT c FROM sbtest8 WHERE id BETWEEN 941765 AND 942764 ORDER BY c
	-> Sort: sbtest8.c
    -> Table scan on <temporary>  (cost=794..820 rows=1838)
        -> Temporary table with deduplication  (cost=794..794 rows=1838)
            -> Filter: (sbtest8.id between 941765 and 942764)  (cost=371 rows=1838)
                -> Index range scan on sbtest8 using PRIMARY over (941765 <= id <= 942764)  (cost=371 rows=1838)


for: distinct_ranges
table 1 : explain SELECT DISTINCT c FROM sbtest1 WHERE id BETWEEN 8559550 AND 8560549 ORDER BY c
	-> Sort: sbtest1.c
    -> Table scan on <temporary>  (cost=794..820 rows=1838)
        -> Temporary table with deduplication  (cost=794..794 rows=1838)
            -> Filter: (sbtest1.id between 8559550 and 8560549)  (cost=371 rows=1838)
                -> Index range scan on sbtest1 using PRIMARY over (8559550 <= id <= 8560549)  (cost=371 rows=1838)


table 2 : explain SELECT DISTINCT c FROM sbtest2 WHERE id BETWEEN 654141 AND 655140 ORDER BY c
	-> Sort: sbtest2.c
    -> Table scan on <temporary>  (cost=794..820 rows=1838)
        -> Temporary table with deduplication  (cost=794..794 rows=1838)
            -> Filter: (sbtest2.id between 654141 and 655140)  (cost=371 rows=1838)
                -> Index range scan on sbtest2 using PRIMARY over (654141 <= id <= 655140)  (cost=371 rows=1838)


table 3 : explain SELECT DISTINCT c FROM sbtest3 WHERE id BETWEEN 8206706 AND 8207705 ORDER BY c
	-> Sort: sbtest3.c
    -> Table scan on <temporary>  (cost=809..835 rows=1872)
        -> Temporary table with deduplication  (cost=809..809 rows=1872)
            -> Filter: (sbtest3.id between 8206706 and 8207705)  (cost=378 rows=1872)
                -> Index range scan on sbtest3 using PRIMARY over (8206706 <= id <= 8207705)  (cost=378 rows=1872)


table 4 : explain SELECT DISTINCT c FROM sbtest4 WHERE id BETWEEN 526947 AND 527946 ORDER BY c
	-> Sort: sbtest4.c
    -> Table scan on <temporary>  (cost=794..820 rows=1838)
        -> Temporary table with deduplication  (cost=794..794 rows=1838)
            -> Filter: (sbtest4.id between 526947 and 527946)  (cost=371 rows=1838)
                -> Index range scan on sbtest4 using PRIMARY over (526947 <= id <= 527946)  (cost=371 rows=1838)


table 5 : explain SELECT DISTINCT c FROM sbtest5 WHERE id BETWEEN 8992696 AND 8993695 ORDER BY c
	-> Sort: sbtest5.c
    -> Table scan on <temporary>  (cost=809..835 rows=1872)
        -> Temporary table with deduplication  (cost=809..809 rows=1872)
            -> Filter: (sbtest5.id between 8992696 and 8993695)  (cost=378 rows=1872)
                -> Index range scan on sbtest5 using PRIMARY over (8992696 <= id <= 8993695)  (cost=378 rows=1872)


table 6 : explain SELECT DISTINCT c FROM sbtest6 WHERE id BETWEEN 5486718 AND 5487717 ORDER BY c
	-> Sort: sbtest6.c
    -> Table scan on <temporary>  (cost=809..835 rows=1872)
        -> Temporary table with deduplication  (cost=809..809 rows=1872)
            -> Filter: (sbtest6.id between 5486718 and 5487717)  (cost=378 rows=1872)
                -> Index range scan on sbtest6 using PRIMARY over (5486718 <= id <= 5487717)  (cost=378 rows=1872)


table 7 : explain SELECT DISTINCT c FROM sbtest7 WHERE id BETWEEN 3995746 AND 3996745 ORDER BY c
	-> Sort: sbtest7.c
    -> Table scan on <temporary>  (cost=794..820 rows=1838)
        -> Temporary table with deduplication  (cost=794..794 rows=1838)
            -> Filter: (sbtest7.id between 3995746 and 3996745)  (cost=371 rows=1838)
                -> Index range scan on sbtest7 using PRIMARY over (3995746 <= id <= 3996745)  (cost=371 rows=1838)


table 8 : explain SELECT DISTINCT c FROM sbtest8 WHERE id BETWEEN 1960828 AND 1961827 ORDER BY c
	-> Sort: sbtest8.c
    -> Table scan on <temporary>  (cost=809..835 rows=1872)
        -> Temporary table with deduplication  (cost=809..809 rows=1872)
            -> Filter: (sbtest8.id between 1960828 and 1961827)  (cost=378 rows=1872)
                -> Index range scan on sbtest8 using PRIMARY over (1960828 <= id <= 1961827)  (cost=378 rows=1872)


for: order_ranges
table 1 : explain SELECT c FROM sbtest1 WHERE id BETWEEN 2032104 AND 2033103 ORDER BY c
	-> Sort: sbtest1.c  (cost=371 rows=1838)
    -> Filter: (sbtest1.id between 2032104 and 2033103)  (cost=371 rows=1838)
        -> Index range scan on sbtest1 using PRIMARY over (2032104 <= id <= 2033103)  (cost=371 rows=1838)


table 2 : explain SELECT c FROM sbtest2 WHERE id BETWEEN 5906136 AND 5907135 ORDER BY c
	-> Sort: sbtest2.c  (cost=371 rows=1838)
    -> Filter: (sbtest2.id between 5906136 and 5907135)  (cost=371 rows=1838)
        -> Index range scan on sbtest2 using PRIMARY over (5906136 <= id <= 5907135)  (cost=371 rows=1838)


table 3 : explain SELECT c FROM sbtest3 WHERE id BETWEEN 9412609 AND 9413608 ORDER BY c
	-> Sort: sbtest3.c  (cost=371 rows=1838)
    -> Filter: (sbtest3.id between 9412609 and 9413608)  (cost=371 rows=1838)
        -> Index range scan on sbtest3 using PRIMARY over (9412609 <= id <= 9413608)  (cost=371 rows=1838)


table 4 : explain SELECT c FROM sbtest4 WHERE id BETWEEN 2009201 AND 2010200 ORDER BY c
	-> Sort: sbtest4.c  (cost=371 rows=1838)
    -> Filter: (sbtest4.id between 2009201 and 2010200)  (cost=371 rows=1838)
        -> Index range scan on sbtest4 using PRIMARY over (2009201 <= id <= 2010200)  (cost=371 rows=1838)


table 5 : explain SELECT c FROM sbtest5 WHERE id BETWEEN 2479089 AND 2480088 ORDER BY c
	-> Sort: sbtest5.c  (cost=371 rows=1838)
    -> Filter: (sbtest5.id between 2479089 and 2480088)  (cost=371 rows=1838)
        -> Index range scan on sbtest5 using PRIMARY over (2479089 <= id <= 2480088)  (cost=371 rows=1838)


table 6 : explain SELECT c FROM sbtest6 WHERE id BETWEEN 119170 AND 120169 ORDER BY c
	-> Sort: sbtest6.c  (cost=371 rows=1838)
    -> Filter: (sbtest6.id between 119170 and 120169)  (cost=371 rows=1838)
        -> Index range scan on sbtest6 using PRIMARY over (119170 <= id <= 120169)  (cost=371 rows=1838)


table 7 : explain SELECT c FROM sbtest7 WHERE id BETWEEN 145485 AND 146484 ORDER BY c
	-> Sort: sbtest7.c  (cost=371 rows=1838)
    -> Filter: (sbtest7.id between 145485 and 146484)  (cost=371 rows=1838)
        -> Index range scan on sbtest7 using PRIMARY over (145485 <= id <= 146484)  (cost=371 rows=1838)


table 8 : explain SELECT c FROM sbtest8 WHERE id BETWEEN 8384802 AND 8385801 ORDER BY c
	-> Sort: sbtest8.c  (cost=371 rows=1838)
    -> Filter: (sbtest8.id between 8384802 and 8385801)  (cost=371 rows=1838)
        -> Index range scan on sbtest8 using PRIMARY over (8384802 <= id <= 8385801)  (cost=371 rows=1838)


for: order_ranges
table 1 : explain SELECT c FROM sbtest1 WHERE id BETWEEN 6501309 AND 6502308 ORDER BY c
	-> Sort: sbtest1.c  (cost=371 rows=1838)
    -> Filter: (sbtest1.id between 6501309 and 6502308)  (cost=371 rows=1838)
        -> Index range scan on sbtest1 using PRIMARY over (6501309 <= id <= 6502308)  (cost=371 rows=1838)


table 2 : explain SELECT c FROM sbtest2 WHERE id BETWEEN 4316343 AND 4317342 ORDER BY c
	-> Sort: sbtest2.c  (cost=371 rows=1838)
    -> Filter: (sbtest2.id between 4316343 and 4317342)  (cost=371 rows=1838)
        -> Index range scan on sbtest2 using PRIMARY over (4316343 <= id <= 4317342)  (cost=371 rows=1838)


table 3 : explain SELECT c FROM sbtest3 WHERE id BETWEEN 1948122 AND 1949121 ORDER BY c
	-> Sort: sbtest3.c  (cost=378 rows=1872)
    -> Filter: (sbtest3.id between 1948122 and 1949121)  (cost=378 rows=1872)
        -> Index range scan on sbtest3 using PRIMARY over (1948122 <= id <= 1949121)  (cost=378 rows=1872)


table 4 : explain SELECT c FROM sbtest4 WHERE id BETWEEN 2315278 AND 2316277 ORDER BY c
	-> Sort: sbtest4.c  (cost=371 rows=1838)
    -> Filter: (sbtest4.id between 2315278 and 2316277)  (cost=371 rows=1838)
        -> Index range scan on sbtest4 using PRIMARY over (2315278 <= id <= 2316277)  (cost=371 rows=1838)


table 5 : explain SELECT c FROM sbtest5 WHERE id BETWEEN 6374978 AND 6375977 ORDER BY c
	-> Sort: sbtest5.c  (cost=371 rows=1838)
    -> Filter: (sbtest5.id between 6374978 and 6375977)  (cost=371 rows=1838)
        -> Index range scan on sbtest5 using PRIMARY over (6374978 <= id <= 6375977)  (cost=371 rows=1838)


table 6 : explain SELECT c FROM sbtest6 WHERE id BETWEEN 5334291 AND 5335290 ORDER BY c
	-> Sort: sbtest6.c  (cost=371 rows=1838)
    -> Filter: (sbtest6.id between 5334291 and 5335290)  (cost=371 rows=1838)
        -> Index range scan on sbtest6 using PRIMARY over (5334291 <= id <= 5335290)  (cost=371 rows=1838)


table 7 : explain SELECT c FROM sbtest7 WHERE id BETWEEN 7946455 AND 7947454 ORDER BY c
	-> Sort: sbtest7.c  (cost=378 rows=1872)
    -> Filter: (sbtest7.id between 7946455 and 7947454)  (cost=378 rows=1872)
        -> Index range scan on sbtest7 using PRIMARY over (7946455 <= id <= 7947454)  (cost=378 rows=1872)


table 8 : explain SELECT c FROM sbtest8 WHERE id BETWEEN 4408527 AND 4409526 ORDER BY c
	-> Sort: sbtest8.c  (cost=378 rows=1872)
    -> Filter: (sbtest8.id between 4408527 and 4409526)  (cost=378 rows=1872)
        -> Index range scan on sbtest8 using PRIMARY over (4408527 <= id <= 4409526)  (cost=378 rows=1872)


for: order_ranges
table 1 : explain SELECT c FROM sbtest1 WHERE id BETWEEN 7142520 AND 7143519 ORDER BY c
	-> Sort: sbtest1.c  (cost=378 rows=1872)
    -> Filter: (sbtest1.id between 7142520 and 7143519)  (cost=378 rows=1872)
        -> Index range scan on sbtest1 using PRIMARY over (7142520 <= id <= 7143519)  (cost=378 rows=1872)


table 2 : explain SELECT c FROM sbtest2 WHERE id BETWEEN 7991603 AND 7992602 ORDER BY c
	-> Sort: sbtest2.c  (cost=371 rows=1838)
    -> Filter: (sbtest2.id between 7991603 and 7992602)  (cost=371 rows=1838)
        -> Index range scan on sbtest2 using PRIMARY over (7991603 <= id <= 7992602)  (cost=371 rows=1838)


table 3 : explain SELECT c FROM sbtest3 WHERE id BETWEEN 9923755 AND 9924754 ORDER BY c
	-> Sort: sbtest3.c  (cost=371 rows=1838)
    -> Filter: (sbtest3.id between 9923755 and 9924754)  (cost=371 rows=1838)
        -> Index range scan on sbtest3 using PRIMARY over (9923755 <= id <= 9924754)  (cost=371 rows=1838)


table 4 : explain SELECT c FROM sbtest4 WHERE id BETWEEN 2176996 AND 2177995 ORDER BY c
	-> Sort: sbtest4.c  (cost=371 rows=1838)
    -> Filter: (sbtest4.id between 2176996 and 2177995)  (cost=371 rows=1838)
        -> Index range scan on sbtest4 using PRIMARY over (2176996 <= id <= 2177995)  (cost=371 rows=1838)


table 5 : explain SELECT c FROM sbtest5 WHERE id BETWEEN 1496927 AND 1497926 ORDER BY c
	-> Sort: sbtest5.c  (cost=371 rows=1838)
    -> Filter: (sbtest5.id between 1496927 and 1497926)  (cost=371 rows=1838)
        -> Index range scan on sbtest5 using PRIMARY over (1496927 <= id <= 1497926)  (cost=371 rows=1838)


table 6 : explain SELECT c FROM sbtest6 WHERE id BETWEEN 8045603 AND 8046602 ORDER BY c
	-> Sort: sbtest6.c  (cost=378 rows=1872)
    -> Filter: (sbtest6.id between 8045603 and 8046602)  (cost=378 rows=1872)
        -> Index range scan on sbtest6 using PRIMARY over (8045603 <= id <= 8046602)  (cost=378 rows=1872)


table 7 : explain SELECT c FROM sbtest7 WHERE id BETWEEN 1691539 AND 1692538 ORDER BY c
	-> Sort: sbtest7.c  (cost=378 rows=1872)
    -> Filter: (sbtest7.id between 1691539 and 1692538)  (cost=378 rows=1872)
        -> Index range scan on sbtest7 using PRIMARY over (1691539 <= id <= 1692538)  (cost=378 rows=1872)


table 8 : explain SELECT c FROM sbtest8 WHERE id BETWEEN 7282779 AND 7283778 ORDER BY c
	-> Sort: sbtest8.c  (cost=371 rows=1838)
    -> Filter: (sbtest8.id between 7282779 and 7283778)  (cost=371 rows=1838)
        -> Index range scan on sbtest8 using PRIMARY over (7282779 <= id <= 7283778)  (cost=371 rows=1838)


for: distinct_ranges
table 1 : explain SELECT DISTINCT c FROM sbtest1 WHERE id BETWEEN 9539179 AND 9540178 ORDER BY c
	-> Sort: sbtest1.c
    -> Table scan on <temporary>  (cost=809..835 rows=1872)
        -> Temporary table with deduplication  (cost=809..809 rows=1872)
            -> Filter: (sbtest1.id between 9539179 and 9540178)  (cost=378 rows=1872)
                -> Index range scan on sbtest1 using PRIMARY over (9539179 <= id <= 9540178)  (cost=378 rows=1872)


table 2 : explain SELECT DISTINCT c FROM sbtest2 WHERE id BETWEEN 440544 AND 441543 ORDER BY c
	-> Sort: sbtest2.c
    -> Table scan on <temporary>  (cost=794..820 rows=1838)
        -> Temporary table with deduplication  (cost=794..794 rows=1838)
            -> Filter: (sbtest2.id between 440544 and 441543)  (cost=371 rows=1838)
                -> Index range scan on sbtest2 using PRIMARY over (440544 <= id <= 441543)  (cost=371 rows=1838)


table 3 : explain SELECT DISTINCT c FROM sbtest3 WHERE id BETWEEN 960797 AND 961796 ORDER BY c
	-> Sort: sbtest3.c
    -> Table scan on <temporary>  (cost=809..835 rows=1872)
        -> Temporary table with deduplication  (cost=809..809 rows=1872)
            -> Filter: (sbtest3.id between 960797 and 961796)  (cost=378 rows=1872)
                -> Index range scan on sbtest3 using PRIMARY over (960797 <= id <= 961796)  (cost=378 rows=1872)


table 4 : explain SELECT DISTINCT c FROM sbtest4 WHERE id BETWEEN 793435 AND 794434 ORDER BY c
	-> Sort: sbtest4.c
    -> Table scan on <temporary>  (cost=794..820 rows=1838)
        -> Temporary table with deduplication  (cost=794..794 rows=1838)
            -> Filter: (sbtest4.id between 793435 and 794434)  (cost=371 rows=1838)
                -> Index range scan on sbtest4 using PRIMARY over (793435 <= id <= 794434)  (cost=371 rows=1838)


table 5 : explain SELECT DISTINCT c FROM sbtest5 WHERE id BETWEEN 6822632 AND 6823631 ORDER BY c
	-> Sort: sbtest5.c
    -> Table scan on <temporary>  (cost=809..835 rows=1872)
        -> Temporary table with deduplication  (cost=809..809 rows=1872)
            -> Filter: (sbtest5.id between 6822632 and 6823631)  (cost=378 rows=1872)
                -> Index range scan on sbtest5 using PRIMARY over (6822632 <= id <= 6823631)  (cost=378 rows=1872)


table 6 : explain SELECT DISTINCT c FROM sbtest6 WHERE id BETWEEN 765194 AND 766193 ORDER BY c
	-> Sort: sbtest6.c
    -> Table scan on <temporary>  (cost=794..820 rows=1838)
        -> Temporary table with deduplication  (cost=794..794 rows=1838)
            -> Filter: (sbtest6.id between 765194 and 766193)  (cost=371 rows=1838)
                -> Index range scan on sbtest6 using PRIMARY over (765194 <= id <= 766193)  (cost=371 rows=1838)


table 7 : explain SELECT DISTINCT c FROM sbtest7 WHERE id BETWEEN 5562469 AND 5563468 ORDER BY c
	-> Sort: sbtest7.c
    -> Table scan on <temporary>  (cost=794..820 rows=1838)
        -> Temporary table with deduplication  (cost=794..794 rows=1838)
            -> Filter: (sbtest7.id between 5562469 and 5563468)  (cost=371 rows=1838)
                -> Index range scan on sbtest7 using PRIMARY over (5562469 <= id <= 5563468)  (cost=371 rows=1838)


table 8 : explain SELECT DISTINCT c FROM sbtest8 WHERE id BETWEEN 2036453 AND 2037452 ORDER BY c
	-> Sort: sbtest8.c
    -> Table scan on <temporary>  (cost=809..835 rows=1872)
        -> Temporary table with deduplication  (cost=809..809 rows=1872)
            -> Filter: (sbtest8.id between 2036453 and 2037452)  (cost=378 rows=1872)
                -> Index range scan on sbtest8 using PRIMARY over (2036453 <= id <= 2037452)  (cost=378 rows=1872)


for: distinct_ranges
table 1 : explain SELECT DISTINCT c FROM sbtest1 WHERE id BETWEEN 1521265 AND 1522264 ORDER BY c
	-> Sort: sbtest1.c
    -> Table scan on <temporary>  (cost=794..820 rows=1838)
        -> Temporary table with deduplication  (cost=794..794 rows=1838)
            -> Filter: (sbtest1.id between 1521265 and 1522264)  (cost=371 rows=1838)
                -> Index range scan on sbtest1 using PRIMARY over (1521265 <= id <= 1522264)  (cost=371 rows=1838)


table 2 : explain SELECT DISTINCT c FROM sbtest2 WHERE id BETWEEN 4548286 AND 4549285 ORDER BY c
	-> Sort: sbtest2.c
    -> Table scan on <temporary>  (cost=794..820 rows=1838)
        -> Temporary table with deduplication  (cost=794..794 rows=1838)
            -> Filter: (sbtest2.id between 4548286 and 4549285)  (cost=371 rows=1838)
                -> Index range scan on sbtest2 using PRIMARY over (4548286 <= id <= 4549285)  (cost=371 rows=1838)


table 3 : explain SELECT DISTINCT c FROM sbtest3 WHERE id BETWEEN 9304280 AND 9305279 ORDER BY c
	-> Sort: sbtest3.c
    -> Table scan on <temporary>  (cost=794..820 rows=1838)
        -> Temporary table with deduplication  (cost=794..794 rows=1838)
            -> Filter: (sbtest3.id between 9304280 and 9305279)  (cost=371 rows=1838)
                -> Index range scan on sbtest3 using PRIMARY over (9304280 <= id <= 9305279)  (cost=371 rows=1838)


table 4 : explain SELECT DISTINCT c FROM sbtest4 WHERE id BETWEEN 6098823 AND 6099822 ORDER BY c
	-> Sort: sbtest4.c
    -> Table scan on <temporary>  (cost=809..835 rows=1872)
        -> Temporary table with deduplication  (cost=809..809 rows=1872)
            -> Filter: (sbtest4.id between 6098823 and 6099822)  (cost=378 rows=1872)
                -> Index range scan on sbtest4 using PRIMARY over (6098823 <= id <= 6099822)  (cost=378 rows=1872)


table 5 : explain SELECT DISTINCT c FROM sbtest5 WHERE id BETWEEN 1063152 AND 1064151 ORDER BY c
	-> Sort: sbtest5.c
    -> Table scan on <temporary>  (cost=809..835 rows=1872)
        -> Temporary table with deduplication  (cost=809..809 rows=1872)
            -> Filter: (sbtest5.id between 1063152 and 1064151)  (cost=378 rows=1872)
                -> Index range scan on sbtest5 using PRIMARY over (1063152 <= id <= 1064151)  (cost=378 rows=1872)


table 6 : explain SELECT DISTINCT c FROM sbtest6 WHERE id BETWEEN 8091325 AND 8092324 ORDER BY c
	-> Sort: sbtest6.c
    -> Table scan on <temporary>  (cost=794..820 rows=1838)
        -> Temporary table with deduplication  (cost=794..794 rows=1838)
            -> Filter: (sbtest6.id between 8091325 and 8092324)  (cost=371 rows=1838)
                -> Index range scan on sbtest6 using PRIMARY over (8091325 <= id <= 8092324)  (cost=371 rows=1838)


table 7 : explain SELECT DISTINCT c FROM sbtest7 WHERE id BETWEEN 2869718 AND 2870717 ORDER BY c
	-> Sort: sbtest7.c
    -> Table scan on <temporary>  (cost=794..820 rows=1838)
        -> Temporary table with deduplication  (cost=794..794 rows=1838)
            -> Filter: (sbtest7.id between 2869718 and 2870717)  (cost=371 rows=1838)
                -> Index range scan on sbtest7 using PRIMARY over (2869718 <= id <= 2870717)  (cost=371 rows=1838)


table 8 : explain SELECT DISTINCT c FROM sbtest8 WHERE id BETWEEN 4805093 AND 4806092 ORDER BY c
	-> Sort: sbtest8.c
    -> Table scan on <temporary>  (cost=794..820 rows=1838)
        -> Temporary table with deduplication  (cost=794..794 rows=1838)
            -> Filter: (sbtest8.id between 4805093 and 4806092)  (cost=371 rows=1838)
                -> Index range scan on sbtest8 using PRIMARY over (4805093 <= id <= 4806092)  (cost=371 rows=1838)


for: distinct_ranges
table 1 : explain SELECT DISTINCT c FROM sbtest1 WHERE id BETWEEN 5153863 AND 5154862 ORDER BY c
	-> Sort: sbtest1.c
    -> Table scan on <temporary>  (cost=794..820 rows=1838)
        -> Temporary table with deduplication  (cost=794..794 rows=1838)
            -> Filter: (sbtest1.id between 5153863 and 5154862)  (cost=371 rows=1838)
                -> Index range scan on sbtest1 using PRIMARY over (5153863 <= id <= 5154862)  (cost=371 rows=1838)


table 2 : explain SELECT DISTINCT c FROM sbtest2 WHERE id BETWEEN 902026 AND 903025 ORDER BY c
	-> Sort: sbtest2.c
    -> Table scan on <temporary>  (cost=809..835 rows=1872)
        -> Temporary table with deduplication  (cost=809..809 rows=1872)
            -> Filter: (sbtest2.id between 902026 and 903025)  (cost=378 rows=1872)
                -> Index range scan on sbtest2 using PRIMARY over (902026 <= id <= 903025)  (cost=378 rows=1872)


table 3 : explain SELECT DISTINCT c FROM sbtest3 WHERE id BETWEEN 2798603 AND 2799602 ORDER BY c
	-> Sort: sbtest3.c
    -> Table scan on <temporary>  (cost=794..820 rows=1838)
        -> Temporary table with deduplication  (cost=794..794 rows=1838)
            -> Filter: (sbtest3.id between 2798603 and 2799602)  (cost=371 rows=1838)
                -> Index range scan on sbtest3 using PRIMARY over (2798603 <= id <= 2799602)  (cost=371 rows=1838)


table 4 : explain SELECT DISTINCT c FROM sbtest4 WHERE id BETWEEN 6011984 AND 6012983 ORDER BY c
	-> Sort: sbtest4.c
    -> Table scan on <temporary>  (cost=794..820 rows=1838)
        -> Temporary table with deduplication  (cost=794..794 rows=1838)
            -> Filter: (sbtest4.id between 6011984 and 6012983)  (cost=371 rows=1838)
                -> Index range scan on sbtest4 using PRIMARY over (6011984 <= id <= 6012983)  (cost=371 rows=1838)


table 5 : explain SELECT DISTINCT c FROM sbtest5 WHERE id BETWEEN 7178068 AND 7179067 ORDER BY c
	-> Sort: sbtest5.c
    -> Table scan on <temporary>  (cost=809..835 rows=1872)
        -> Temporary table with deduplication  (cost=809..809 rows=1872)
            -> Filter: (sbtest5.id between 7178068 and 7179067)  (cost=378 rows=1872)
                -> Index range scan on sbtest5 using PRIMARY over (7178068 <= id <= 7179067)  (cost=378 rows=1872)


table 6 : explain SELECT DISTINCT c FROM sbtest6 WHERE id BETWEEN 4998461 AND 4999460 ORDER BY c
	-> Sort: sbtest6.c
    -> Table scan on <temporary>  (cost=794..820 rows=1838)
        -> Temporary table with deduplication  (cost=794..794 rows=1838)
            -> Filter: (sbtest6.id between 4998461 and 4999460)  (cost=371 rows=1838)
                -> Index range scan on sbtest6 using PRIMARY over (4998461 <= id <= 4999460)  (cost=371 rows=1838)


table 7 : explain SELECT DISTINCT c FROM sbtest7 WHERE id BETWEEN 5808909 AND 5809908 ORDER BY c
	-> Sort: sbtest7.c
    -> Table scan on <temporary>  (cost=794..820 rows=1838)
        -> Temporary table with deduplication  (cost=794..794 rows=1838)
            -> Filter: (sbtest7.id between 5808909 and 5809908)  (cost=371 rows=1838)
                -> Index range scan on sbtest7 using PRIMARY over (5808909 <= id <= 5809908)  (cost=371 rows=1838)


table 8 : explain SELECT DISTINCT c FROM sbtest8 WHERE id BETWEEN 4712051 AND 4713050 ORDER BY c
	-> Sort: sbtest8.c
    -> Table scan on <temporary>  (cost=809..835 rows=1872)
        -> Temporary table with deduplication  (cost=809..809 rows=1872)
            -> Filter: (sbtest8.id between 4712051 and 4713050)  (cost=378 rows=1872)
                -> Index range scan on sbtest8 using PRIMARY over (4712051 <= id <= 4713050)  (cost=378 rows=1872)


for: distinct_ranges
table 1 : explain SELECT DISTINCT c FROM sbtest1 WHERE id BETWEEN 808193 AND 809192 ORDER BY c
	-> Sort: sbtest1.c
    -> Table scan on <temporary>  (cost=794..820 rows=1838)
        -> Temporary table with deduplication  (cost=794..794 rows=1838)
            -> Filter: (sbtest1.id between 808193 and 809192)  (cost=371 rows=1838)
                -> Index range scan on sbtest1 using PRIMARY over (808193 <= id <= 809192)  (cost=371 rows=1838)


table 2 : explain SELECT DISTINCT c FROM sbtest2 WHERE id BETWEEN 3207811 AND 3208810 ORDER BY c
	-> Sort: sbtest2.c
    -> Table scan on <temporary>  (cost=809..835 rows=1872)
        -> Temporary table with deduplication  (cost=809..809 rows=1872)
            -> Filter: (sbtest2.id between 3207811 and 3208810)  (cost=378 rows=1872)
                -> Index range scan on sbtest2 using PRIMARY over (3207811 <= id <= 3208810)  (cost=378 rows=1872)


table 3 : explain SELECT DISTINCT c FROM sbtest3 WHERE id BETWEEN 9054871 AND 9055870 ORDER BY c
	-> Sort: sbtest3.c
    -> Table scan on <temporary>  (cost=794..820 rows=1838)
        -> Temporary table with deduplication  (cost=794..794 rows=1838)
            -> Filter: (sbtest3.id between 9054871 and 9055870)  (cost=371 rows=1838)
                -> Index range scan on sbtest3 using PRIMARY over (9054871 <= id <= 9055870)  (cost=371 rows=1838)


table 4 : explain SELECT DISTINCT c FROM sbtest4 WHERE id BETWEEN 231172 AND 232171 ORDER BY c
	-> Sort: sbtest4.c
    -> Table scan on <temporary>  (cost=809..835 rows=1872)
        -> Temporary table with deduplication  (cost=809..809 rows=1872)
            -> Filter: (sbtest4.id between 231172 and 232171)  (cost=378 rows=1872)
                -> Index range scan on sbtest4 using PRIMARY over (231172 <= id <= 232171)  (cost=378 rows=1872)


table 5 : explain SELECT DISTINCT c FROM sbtest5 WHERE id BETWEEN 3005810 AND 3006809 ORDER BY c
	-> Sort: sbtest5.c
    -> Table scan on <temporary>  (cost=794..820 rows=1838)
        -> Temporary table with deduplication  (cost=794..794 rows=1838)
            -> Filter: (sbtest5.id between 3005810 and 3006809)  (cost=371 rows=1838)
                -> Index range scan on sbtest5 using PRIMARY over (3005810 <= id <= 3006809)  (cost=371 rows=1838)


table 6 : explain SELECT DISTINCT c FROM sbtest6 WHERE id BETWEEN 9235417 AND 9236416 ORDER BY c
	-> Sort: sbtest6.c
    -> Table scan on <temporary>  (cost=809..835 rows=1872)
        -> Temporary table with deduplication  (cost=809..809 rows=1872)
            -> Filter: (sbtest6.id between 9235417 and 9236416)  (cost=378 rows=1872)
                -> Index range scan on sbtest6 using PRIMARY over (9235417 <= id <= 9236416)  (cost=378 rows=1872)


table 7 : explain SELECT DISTINCT c FROM sbtest7 WHERE id BETWEEN 2235956 AND 2236955 ORDER BY c
	-> Sort: sbtest7.c
    -> Table scan on <temporary>  (cost=809..835 rows=1872)
        -> Temporary table with deduplication  (cost=809..809 rows=1872)
            -> Filter: (sbtest7.id between 2235956 and 2236955)  (cost=378 rows=1872)
                -> Index range scan on sbtest7 using PRIMARY over (2235956 <= id <= 2236955)  (cost=378 rows=1872)


table 8 : explain SELECT DISTINCT c FROM sbtest8 WHERE id BETWEEN 5432698 AND 5433697 ORDER BY c
	-> Sort: sbtest8.c
    -> Table scan on <temporary>  (cost=809..835 rows=1872)
        -> Temporary table with deduplication  (cost=809..809 rows=1872)
            -> Filter: (sbtest8.id between 5432698 and 5433697)  (cost=378 rows=1872)
                -> Index range scan on sbtest8 using PRIMARY over (5432698 <= id <= 5433697)  (cost=378 rows=1872)


for: distinct_ranges
table 1 : explain SELECT DISTINCT c FROM sbtest1 WHERE id BETWEEN 4713397 AND 4714396 ORDER BY c
	-> Sort: sbtest1.c
    -> Table scan on <temporary>  (cost=794..820 rows=1838)
        -> Temporary table with deduplication  (cost=794..794 rows=1838)
            -> Filter: (sbtest1.id between 4713397 and 4714396)  (cost=371 rows=1838)
                -> Index range scan on sbtest1 using PRIMARY over (4713397 <= id <= 4714396)  (cost=371 rows=1838)


table 2 : explain SELECT DISTINCT c FROM sbtest2 WHERE id BETWEEN 199823 AND 200822 ORDER BY c
	-> Sort: sbtest2.c
    -> Table scan on <temporary>  (cost=794..820 rows=1838)
        -> Temporary table with deduplication  (cost=794..794 rows=1838)
            -> Filter: (sbtest2.id between 199823 and 200822)  (cost=371 rows=1838)
                -> Index range scan on sbtest2 using PRIMARY over (199823 <= id <= 200822)  (cost=371 rows=1838)


table 3 : explain SELECT DISTINCT c FROM sbtest3 WHERE id BETWEEN 3083202 AND 3084201 ORDER BY c
	-> Sort: sbtest3.c
    -> Table scan on <temporary>  (cost=809..835 rows=1872)
        -> Temporary table with deduplication  (cost=809..809 rows=1872)
            -> Filter: (sbtest3.id between 3083202 and 3084201)  (cost=378 rows=1872)
                -> Index range scan on sbtest3 using PRIMARY over (3083202 <= id <= 3084201)  (cost=378 rows=1872)


table 4 : explain SELECT DISTINCT c FROM sbtest4 WHERE id BETWEEN 2149008 AND 2150007 ORDER BY c
	-> Sort: sbtest4.c
    -> Table scan on <temporary>  (cost=794..820 rows=1838)
        -> Temporary table with deduplication  (cost=794..794 rows=1838)
            -> Filter: (sbtest4.id between 2149008 and 2150007)  (cost=371 rows=1838)
                -> Index range scan on sbtest4 using PRIMARY over (2149008 <= id <= 2150007)  (cost=371 rows=1838)


table 5 : explain SELECT DISTINCT c FROM sbtest5 WHERE id BETWEEN 1357791 AND 1358790 ORDER BY c
	-> Sort: sbtest5.c
    -> Table scan on <temporary>  (cost=794..820 rows=1838)
        -> Temporary table with deduplication  (cost=794..794 rows=1838)
            -> Filter: (sbtest5.id between 1357791 and 1358790)  (cost=371 rows=1838)
                -> Index range scan on sbtest5 using PRIMARY over (1357791 <= id <= 1358790)  (cost=371 rows=1838)


table 6 : explain SELECT DISTINCT c FROM sbtest6 WHERE id BETWEEN 7288935 AND 7289934 ORDER BY c
	-> Sort: sbtest6.c
    -> Table scan on <temporary>  (cost=794..820 rows=1838)
        -> Temporary table with deduplication  (cost=794..794 rows=1838)
            -> Filter: (sbtest6.id between 7288935 and 7289934)  (cost=371 rows=1838)
                -> Index range scan on sbtest6 using PRIMARY over (7288935 <= id <= 7289934)  (cost=371 rows=1838)


table 7 : explain SELECT DISTINCT c FROM sbtest7 WHERE id BETWEEN 9066958 AND 9067957 ORDER BY c
	-> Sort: sbtest7.c
    -> Table scan on <temporary>  (cost=794..820 rows=1838)
        -> Temporary table with deduplication  (cost=794..794 rows=1838)
            -> Filter: (sbtest7.id between 9066958 and 9067957)  (cost=371 rows=1838)
                -> Index range scan on sbtest7 using PRIMARY over (9066958 <= id <= 9067957)  (cost=371 rows=1838)


table 8 : explain SELECT DISTINCT c FROM sbtest8 WHERE id BETWEEN 4104092 AND 4105091 ORDER BY c
	-> Sort: sbtest8.c
    -> Table scan on <temporary>  (cost=794..820 rows=1838)
        -> Temporary table with deduplication  (cost=794..794 rows=1838)
            -> Filter: (sbtest8.id between 4104092 and 4105091)  (cost=371 rows=1838)
                -> Index range scan on sbtest8 using PRIMARY over (4104092 <= id <= 4105091)  (cost=371 rows=1838)


for: distinct_ranges
table 1 : explain SELECT DISTINCT c FROM sbtest1 WHERE id BETWEEN 9874447 AND 9875446 ORDER BY c
	-> Sort: sbtest1.c
    -> Table scan on <temporary>  (cost=794..820 rows=1838)
        -> Temporary table with deduplication  (cost=794..794 rows=1838)
            -> Filter: (sbtest1.id between 9874447 and 9875446)  (cost=371 rows=1838)
                -> Index range scan on sbtest1 using PRIMARY over (9874447 <= id <= 9875446)  (cost=371 rows=1838)


table 2 : explain SELECT DISTINCT c FROM sbtest2 WHERE id BETWEEN 1806750 AND 1807749 ORDER BY c
	-> Sort: sbtest2.c
    -> Table scan on <temporary>  (cost=794..820 rows=1838)
        -> Temporary table with deduplication  (cost=794..794 rows=1838)
            -> Filter: (sbtest2.id between 1806750 and 1807749)  (cost=371 rows=1838)
                -> Index range scan on sbtest2 using PRIMARY over (1806750 <= id <= 1807749)  (cost=371 rows=1838)


table 3 : explain SELECT DISTINCT c FROM sbtest3 WHERE id BETWEEN 2808438 AND 2809437 ORDER BY c
	-> Sort: sbtest3.c
    -> Table scan on <temporary>  (cost=809..835 rows=1872)
        -> Temporary table with deduplication  (cost=809..809 rows=1872)
            -> Filter: (sbtest3.id between 2808438 and 2809437)  (cost=378 rows=1872)
                -> Index range scan on sbtest3 using PRIMARY over (2808438 <= id <= 2809437)  (cost=378 rows=1872)


table 4 : explain SELECT DISTINCT c FROM sbtest4 WHERE id BETWEEN 3724126 AND 3725125 ORDER BY c
	-> Sort: sbtest4.c
    -> Table scan on <temporary>  (cost=794..820 rows=1838)
        -> Temporary table with deduplication  (cost=794..794 rows=1838)
            -> Filter: (sbtest4.id between 3724126 and 3725125)  (cost=371 rows=1838)
                -> Index range scan on sbtest4 using PRIMARY over (3724126 <= id <= 3725125)  (cost=371 rows=1838)


table 5 : explain SELECT DISTINCT c FROM sbtest5 WHERE id BETWEEN 1260315 AND 1261314 ORDER BY c
	-> Sort: sbtest5.c
    -> Table scan on <temporary>  (cost=809..835 rows=1872)
        -> Temporary table with deduplication  (cost=809..809 rows=1872)
            -> Filter: (sbtest5.id between 1260315 and 1261314)  (cost=378 rows=1872)
                -> Index range scan on sbtest5 using PRIMARY over (1260315 <= id <= 1261314)  (cost=378 rows=1872)


table 6 : explain SELECT DISTINCT c FROM sbtest6 WHERE id BETWEEN 5284539 AND 5285538 ORDER BY c
	-> Sort: sbtest6.c
    -> Table scan on <temporary>  (cost=794..820 rows=1838)
        -> Temporary table with deduplication  (cost=794..794 rows=1838)
            -> Filter: (sbtest6.id between 5284539 and 5285538)  (cost=371 rows=1838)
                -> Index range scan on sbtest6 using PRIMARY over (5284539 <= id <= 5285538)  (cost=371 rows=1838)


table 7 : explain SELECT DISTINCT c FROM sbtest7 WHERE id BETWEEN 1265916 AND 1266915 ORDER BY c
	-> Sort: sbtest7.c
    -> Table scan on <temporary>  (cost=794..820 rows=1838)
        -> Temporary table with deduplication  (cost=794..794 rows=1838)
            -> Filter: (sbtest7.id between 1265916 and 1266915)  (cost=371 rows=1838)
                -> Index range scan on sbtest7 using PRIMARY over (1265916 <= id <= 1266915)  (cost=371 rows=1838)


table 8 : explain SELECT DISTINCT c FROM sbtest8 WHERE id BETWEEN 8220909 AND 8221908 ORDER BY c
	-> Sort: sbtest8.c
    -> Table scan on <temporary>  (cost=794..820 rows=1838)
        -> Temporary table with deduplication  (cost=794..794 rows=1838)
            -> Filter: (sbtest8.id between 8220909 and 8221908)  (cost=371 rows=1838)
                -> Index range scan on sbtest8 using PRIMARY over (8220909 <= id <= 8221908)  (cost=371 rows=1838)


for: distinct_ranges
table 1 : explain SELECT DISTINCT c FROM sbtest1 WHERE id BETWEEN 4303339 AND 4304338 ORDER BY c
	-> Sort: sbtest1.c
    -> Table scan on <temporary>  (cost=794..820 rows=1838)
        -> Temporary table with deduplication  (cost=794..794 rows=1838)
            -> Filter: (sbtest1.id between 4303339 and 4304338)  (cost=371 rows=1838)
                -> Index range scan on sbtest1 using PRIMARY over (4303339 <= id <= 4304338)  (cost=371 rows=1838)


table 2 : explain SELECT DISTINCT c FROM sbtest2 WHERE id BETWEEN 5157597 AND 5158596 ORDER BY c
	-> Sort: sbtest2.c
    -> Table scan on <temporary>  (cost=794..820 rows=1838)
        -> Temporary table with deduplication  (cost=794..794 rows=1838)
            -> Filter: (sbtest2.id between 5157597 and 5158596)  (cost=371 rows=1838)
                -> Index range scan on sbtest2 using PRIMARY over (5157597 <= id <= 5158596)  (cost=371 rows=1838)


table 3 : explain SELECT DISTINCT c FROM sbtest3 WHERE id BETWEEN 1349163 AND 1350162 ORDER BY c
	-> Sort: sbtest3.c
    -> Table scan on <temporary>  (cost=809..835 rows=1872)
        -> Temporary table with deduplication  (cost=809..809 rows=1872)
            -> Filter: (sbtest3.id between 1349163 and 1350162)  (cost=378 rows=1872)
                -> Index range scan on sbtest3 using PRIMARY over (1349163 <= id <= 1350162)  (cost=378 rows=1872)


table 4 : explain SELECT DISTINCT c FROM sbtest4 WHERE id BETWEEN 5702392 AND 5703391 ORDER BY c
	-> Sort: sbtest4.c
    -> Table scan on <temporary>  (cost=794..820 rows=1838)
        -> Temporary table with deduplication  (cost=794..794 rows=1838)
            -> Filter: (sbtest4.id between 5702392 and 5703391)  (cost=371 rows=1838)
                -> Index range scan on sbtest4 using PRIMARY over (5702392 <= id <= 5703391)  (cost=371 rows=1838)


table 5 : explain SELECT DISTINCT c FROM sbtest5 WHERE id BETWEEN 974454 AND 975453 ORDER BY c
	-> Sort: sbtest5.c
    -> Table scan on <temporary>  (cost=809..835 rows=1872)
        -> Temporary table with deduplication  (cost=809..809 rows=1872)
            -> Filter: (sbtest5.id between 974454 and 975453)  (cost=378 rows=1872)
                -> Index range scan on sbtest5 using PRIMARY over (974454 <= id <= 975453)  (cost=378 rows=1872)


table 6 : explain SELECT DISTINCT c FROM sbtest6 WHERE id BETWEEN 8274642 AND 8275641 ORDER BY c
	-> Sort: sbtest6.c
    -> Table scan on <temporary>  (cost=794..820 rows=1838)
        -> Temporary table with deduplication  (cost=794..794 rows=1838)
            -> Filter: (sbtest6.id between 8274642 and 8275641)  (cost=371 rows=1838)
                -> Index range scan on sbtest6 using PRIMARY over (8274642 <= id <= 8275641)  (cost=371 rows=1838)


table 7 : explain SELECT DISTINCT c FROM sbtest7 WHERE id BETWEEN 55107 AND 56106 ORDER BY c
	-> Sort: sbtest7.c
    -> Table scan on <temporary>  (cost=794..820 rows=1838)
        -> Temporary table with deduplication  (cost=794..794 rows=1838)
            -> Filter: (sbtest7.id between 55107 and 56106)  (cost=371 rows=1838)
                -> Index range scan on sbtest7 using PRIMARY over (55107 <= id <= 56106)  (cost=371 rows=1838)


table 8 : explain SELECT DISTINCT c FROM sbtest8 WHERE id BETWEEN 7518888 AND 7519887 ORDER BY c
	-> Sort: sbtest8.c
    -> Table scan on <temporary>  (cost=794..820 rows=1838)
        -> Temporary table with deduplication  (cost=794..794 rows=1838)
            -> Filter: (sbtest8.id between 7518888 and 7519887)  (cost=371 rows=1838)
                -> Index range scan on sbtest8 using PRIMARY over (7518888 <= id <= 7519887)  (cost=371 rows=1838)


for: distinct_ranges
table 1 : explain SELECT DISTINCT c FROM sbtest1 WHERE id BETWEEN 7218562 AND 7219561 ORDER BY c
	-> Sort: sbtest1.c
    -> Table scan on <temporary>  (cost=794..820 rows=1838)
        -> Temporary table with deduplication  (cost=794..794 rows=1838)
            -> Filter: (sbtest1.id between 7218562 and 7219561)  (cost=371 rows=1838)
                -> Index range scan on sbtest1 using PRIMARY over (7218562 <= id <= 7219561)  (cost=371 rows=1838)


table 2 : explain SELECT DISTINCT c FROM sbtest2 WHERE id BETWEEN 4280508 AND 4281507 ORDER BY c
	-> Sort: sbtest2.c
    -> Table scan on <temporary>  (cost=794..820 rows=1838)
        -> Temporary table with deduplication  (cost=794..794 rows=1838)
            -> Filter: (sbtest2.id between 4280508 and 4281507)  (cost=371 rows=1838)
                -> Index range scan on sbtest2 using PRIMARY over (4280508 <= id <= 4281507)  (cost=371 rows=1838)


table 3 : explain SELECT DISTINCT c FROM sbtest3 WHERE id BETWEEN 3082689 AND 3083688 ORDER BY c
	-> Sort: sbtest3.c
    -> Table scan on <temporary>  (cost=809..835 rows=1872)
        -> Temporary table with deduplication  (cost=809..809 rows=1872)
            -> Filter: (sbtest3.id between 3082689 and 3083688)  (cost=378 rows=1872)
                -> Index range scan on sbtest3 using PRIMARY over (3082689 <= id <= 3083688)  (cost=378 rows=1872)


table 4 : explain SELECT DISTINCT c FROM sbtest4 WHERE id BETWEEN 4670052 AND 4671051 ORDER BY c
	-> Sort: sbtest4.c
    -> Table scan on <temporary>  (cost=794..820 rows=1838)
        -> Temporary table with deduplication  (cost=794..794 rows=1838)
            -> Filter: (sbtest4.id between 4670052 and 4671051)  (cost=371 rows=1838)
                -> Index range scan on sbtest4 using PRIMARY over (4670052 <= id <= 4671051)  (cost=371 rows=1838)


table 5 : explain SELECT DISTINCT c FROM sbtest5 WHERE id BETWEEN 306562 AND 307561 ORDER BY c
	-> Sort: sbtest5.c
    -> Table scan on <temporary>  (cost=794..820 rows=1838)
        -> Temporary table with deduplication  (cost=794..794 rows=1838)
            -> Filter: (sbtest5.id between 306562 and 307561)  (cost=371 rows=1838)
                -> Index range scan on sbtest5 using PRIMARY over (306562 <= id <= 307561)  (cost=371 rows=1838)


table 6 : explain SELECT DISTINCT c FROM sbtest6 WHERE id BETWEEN 9303957 AND 9304956 ORDER BY c
	-> Sort: sbtest6.c
    -> Table scan on <temporary>  (cost=794..820 rows=1838)
        -> Temporary table with deduplication  (cost=794..794 rows=1838)
            -> Filter: (sbtest6.id between 9303957 and 9304956)  (cost=371 rows=1838)
                -> Index range scan on sbtest6 using PRIMARY over (9303957 <= id <= 9304956)  (cost=371 rows=1838)


table 7 : explain SELECT DISTINCT c FROM sbtest7 WHERE id BETWEEN 4699267 AND 4700266 ORDER BY c
	-> Sort: sbtest7.c
    -> Table scan on <temporary>  (cost=809..835 rows=1872)
        -> Temporary table with deduplication  (cost=809..809 rows=1872)
            -> Filter: (sbtest7.id between 4699267 and 4700266)  (cost=378 rows=1872)
                -> Index range scan on sbtest7 using PRIMARY over (4699267 <= id <= 4700266)  (cost=378 rows=1872)


table 8 : explain SELECT DISTINCT c FROM sbtest8 WHERE id BETWEEN 304852 AND 305851 ORDER BY c
	-> Sort: sbtest8.c
    -> Table scan on <temporary>  (cost=794..820 rows=1838)
        -> Temporary table with deduplication  (cost=794..794 rows=1838)
            -> Filter: (sbtest8.id between 304852 and 305851)  (cost=371 rows=1838)
                -> Index range scan on sbtest8 using PRIMARY over (304852 <= id <= 305851)  (cost=371 rows=1838)


for: distinct_ranges
table 1 : explain SELECT DISTINCT c FROM sbtest1 WHERE id BETWEEN 5356113 AND 5357112 ORDER BY c
	-> Sort: sbtest1.c
    -> Table scan on <temporary>  (cost=794..820 rows=1838)
        -> Temporary table with deduplication  (cost=794..794 rows=1838)
            -> Filter: (sbtest1.id between 5356113 and 5357112)  (cost=371 rows=1838)
                -> Index range scan on sbtest1 using PRIMARY over (5356113 <= id <= 5357112)  (cost=371 rows=1838)


table 2 : explain SELECT DISTINCT c FROM sbtest2 WHERE id BETWEEN 502105 AND 503104 ORDER BY c
	-> Sort: sbtest2.c
    -> Table scan on <temporary>  (cost=794..820 rows=1838)
        -> Temporary table with deduplication  (cost=794..794 rows=1838)
            -> Filter: (sbtest2.id between 502105 and 503104)  (cost=371 rows=1838)
                -> Index range scan on sbtest2 using PRIMARY over (502105 <= id <= 503104)  (cost=371 rows=1838)


table 3 : explain SELECT DISTINCT c FROM sbtest3 WHERE id BETWEEN 7747885 AND 7748884 ORDER BY c
	-> Sort: sbtest3.c
    -> Table scan on <temporary>  (cost=794..820 rows=1838)
        -> Temporary table with deduplication  (cost=794..794 rows=1838)
            -> Filter: (sbtest3.id between 7747885 and 7748884)  (cost=371 rows=1838)
                -> Index range scan on sbtest3 using PRIMARY over (7747885 <= id <= 7748884)  (cost=371 rows=1838)


table 4 : explain SELECT DISTINCT c FROM sbtest4 WHERE id BETWEEN 3918947 AND 3919946 ORDER BY c
	-> Sort: sbtest4.c
    -> Table scan on <temporary>  (cost=794..820 rows=1838)
        -> Temporary table with deduplication  (cost=794..794 rows=1838)
            -> Filter: (sbtest4.id between 3918947 and 3919946)  (cost=371 rows=1838)
                -> Index range scan on sbtest4 using PRIMARY over (3918947 <= id <= 3919946)  (cost=371 rows=1838)


table 5 : explain SELECT DISTINCT c FROM sbtest5 WHERE id BETWEEN 3562376 AND 3563375 ORDER BY c
	-> Sort: sbtest5.c
    -> Table scan on <temporary>  (cost=809..835 rows=1872)
        -> Temporary table with deduplication  (cost=809..809 rows=1872)
            -> Filter: (sbtest5.id between 3562376 and 3563375)  (cost=378 rows=1872)
                -> Index range scan on sbtest5 using PRIMARY over (3562376 <= id <= 3563375)  (cost=378 rows=1872)


table 6 : explain SELECT DISTINCT c FROM sbtest6 WHERE id BETWEEN 7243577 AND 7244576 ORDER BY c
	-> Sort: sbtest6.c
    -> Table scan on <temporary>  (cost=794..820 rows=1838)
        -> Temporary table with deduplication  (cost=794..794 rows=1838)
            -> Filter: (sbtest6.id between 7243577 and 7244576)  (cost=371 rows=1838)
                -> Index range scan on sbtest6 using PRIMARY over (7243577 <= id <= 7244576)  (cost=371 rows=1838)


table 7 : explain SELECT DISTINCT c FROM sbtest7 WHERE id BETWEEN 459535 AND 460534 ORDER BY c
	-> Sort: sbtest7.c
    -> Table scan on <temporary>  (cost=794..820 rows=1838)
        -> Temporary table with deduplication  (cost=794..794 rows=1838)
            -> Filter: (sbtest7.id between 459535 and 460534)  (cost=371 rows=1838)
                -> Index range scan on sbtest7 using PRIMARY over (459535 <= id <= 460534)  (cost=371 rows=1838)


table 8 : explain SELECT DISTINCT c FROM sbtest8 WHERE id BETWEEN 6840157 AND 6841156 ORDER BY c
	-> Sort: sbtest8.c
    -> Table scan on <temporary>  (cost=809..835 rows=1872)
        -> Temporary table with deduplication  (cost=809..809 rows=1872)
            -> Filter: (sbtest8.id between 6840157 and 6841156)  (cost=378 rows=1872)
                -> Index range scan on sbtest8 using PRIMARY over (6840157 <= id <= 6841156)  (cost=378 rows=1872)


for: distinct_ranges
table 1 : explain SELECT DISTINCT c FROM sbtest1 WHERE id BETWEEN 7294750 AND 7295749 ORDER BY c
	-> Sort: sbtest1.c
    -> Table scan on <temporary>  (cost=794..820 rows=1838)
        -> Temporary table with deduplication  (cost=794..794 rows=1838)
            -> Filter: (sbtest1.id between 7294750 and 7295749)  (cost=371 rows=1838)
                -> Index range scan on sbtest1 using PRIMARY over (7294750 <= id <= 7295749)  (cost=371 rows=1838)


table 2 : explain SELECT DISTINCT c FROM sbtest2 WHERE id BETWEEN 7377780 AND 7378779 ORDER BY c
	-> Sort: sbtest2.c
    -> Table scan on <temporary>  (cost=794..820 rows=1838)
        -> Temporary table with deduplication  (cost=794..794 rows=1838)
            -> Filter: (sbtest2.id between 7377780 and 7378779)  (cost=371 rows=1838)
                -> Index range scan on sbtest2 using PRIMARY over (7377780 <= id <= 7378779)  (cost=371 rows=1838)


table 3 : explain SELECT DISTINCT c FROM sbtest3 WHERE id BETWEEN 6651332 AND 6652331 ORDER BY c
	-> Sort: sbtest3.c
    -> Table scan on <temporary>  (cost=794..820 rows=1838)
        -> Temporary table with deduplication  (cost=794..794 rows=1838)
            -> Filter: (sbtest3.id between 6651332 and 6652331)  (cost=371 rows=1838)
                -> Index range scan on sbtest3 using PRIMARY over (6651332 <= id <= 6652331)  (cost=371 rows=1838)


table 4 : explain SELECT DISTINCT c FROM sbtest4 WHERE id BETWEEN 5714313 AND 5715312 ORDER BY c
	-> Sort: sbtest4.c
    -> Table scan on <temporary>  (cost=794..820 rows=1838)
        -> Temporary table with deduplication  (cost=794..794 rows=1838)
            -> Filter: (sbtest4.id between 5714313 and 5715312)  (cost=371 rows=1838)
                -> Index range scan on sbtest4 using PRIMARY over (5714313 <= id <= 5715312)  (cost=371 rows=1838)


table 5 : explain SELECT DISTINCT c FROM sbtest5 WHERE id BETWEEN 524065 AND 525064 ORDER BY c
	-> Sort: sbtest5.c
    -> Table scan on <temporary>  (cost=794..820 rows=1838)
        -> Temporary table with deduplication  (cost=794..794 rows=1838)
            -> Filter: (sbtest5.id between 524065 and 525064)  (cost=371 rows=1838)
                -> Index range scan on sbtest5 using PRIMARY over (524065 <= id <= 525064)  (cost=371 rows=1838)


table 6 : explain SELECT DISTINCT c FROM sbtest6 WHERE id BETWEEN 5587854 AND 5588853 ORDER BY c
	-> Sort: sbtest6.c
    -> Table scan on <temporary>  (cost=794..820 rows=1838)
        -> Temporary table with deduplication  (cost=794..794 rows=1838)
            -> Filter: (sbtest6.id between 5587854 and 5588853)  (cost=371 rows=1838)
                -> Index range scan on sbtest6 using PRIMARY over (5587854 <= id <= 5588853)  (cost=371 rows=1838)


table 7 : explain SELECT DISTINCT c FROM sbtest7 WHERE id BETWEEN 6580039 AND 6581038 ORDER BY c
	-> Sort: sbtest7.c
    -> Table scan on <temporary>  (cost=809..835 rows=1872)
        -> Temporary table with deduplication  (cost=809..809 rows=1872)
            -> Filter: (sbtest7.id between 6580039 and 6581038)  (cost=378 rows=1872)
                -> Index range scan on sbtest7 using PRIMARY over (6580039 <= id <= 6581038)  (cost=378 rows=1872)


table 8 : explain SELECT DISTINCT c FROM sbtest8 WHERE id BETWEEN 3008489 AND 3009488 ORDER BY c
	-> Sort: sbtest8.c
    -> Table scan on <temporary>  (cost=794..820 rows=1838)
        -> Temporary table with deduplication  (cost=794..794 rows=1838)
            -> Filter: (sbtest8.id between 3008489 and 3009488)  (cost=371 rows=1838)
                -> Index range scan on sbtest8 using PRIMARY over (3008489 <= id <= 3009488)  (cost=371 rows=1838)


for: distinct_ranges
table 1 : explain SELECT DISTINCT c FROM sbtest1 WHERE id BETWEEN 6594429 AND 6595428 ORDER BY c
	-> Sort: sbtest1.c
    -> Table scan on <temporary>  (cost=809..835 rows=1872)
        -> Temporary table with deduplication  (cost=809..809 rows=1872)
            -> Filter: (sbtest1.id between 6594429 and 6595428)  (cost=378 rows=1872)
                -> Index range scan on sbtest1 using PRIMARY over (6594429 <= id <= 6595428)  (cost=378 rows=1872)


table 2 : explain SELECT DISTINCT c FROM sbtest2 WHERE id BETWEEN 4964483 AND 4965482 ORDER BY c
	-> Sort: sbtest2.c
    -> Table scan on <temporary>  (cost=809..835 rows=1872)
        -> Temporary table with deduplication  (cost=809..809 rows=1872)
            -> Filter: (sbtest2.id between 4964483 and 4965482)  (cost=378 rows=1872)
                -> Index range scan on sbtest2 using PRIMARY over (4964483 <= id <= 4965482)  (cost=378 rows=1872)


table 3 : explain SELECT DISTINCT c FROM sbtest3 WHERE id BETWEEN 4972984 AND 4973983 ORDER BY c
	-> Sort: sbtest3.c
    -> Table scan on <temporary>  (cost=794..820 rows=1838)
        -> Temporary table with deduplication  (cost=794..794 rows=1838)
            -> Filter: (sbtest3.id between 4972984 and 4973983)  (cost=371 rows=1838)
                -> Index range scan on sbtest3 using PRIMARY over (4972984 <= id <= 4973983)  (cost=371 rows=1838)


table 4 : explain SELECT DISTINCT c FROM sbtest4 WHERE id BETWEEN 2870889 AND 2871888 ORDER BY c
	-> Sort: sbtest4.c
    -> Table scan on <temporary>  (cost=794..820 rows=1838)
        -> Temporary table with deduplication  (cost=794..794 rows=1838)
            -> Filter: (sbtest4.id between 2870889 and 2871888)  (cost=371 rows=1838)
                -> Index range scan on sbtest4 using PRIMARY over (2870889 <= id <= 2871888)  (cost=371 rows=1838)


table 5 : explain SELECT DISTINCT c FROM sbtest5 WHERE id BETWEEN 2278815 AND 2279814 ORDER BY c
	-> Sort: sbtest5.c
    -> Table scan on <temporary>  (cost=809..835 rows=1872)
        -> Temporary table with deduplication  (cost=809..809 rows=1872)
            -> Filter: (sbtest5.id between 2278815 and 2279814)  (cost=378 rows=1872)
                -> Index range scan on sbtest5 using PRIMARY over (2278815 <= id <= 2279814)  (cost=378 rows=1872)


table 6 : explain SELECT DISTINCT c FROM sbtest6 WHERE id BETWEEN 4954755 AND 4955754 ORDER BY c
	-> Sort: sbtest6.c
    -> Table scan on <temporary>  (cost=794..820 rows=1838)
        -> Temporary table with deduplication  (cost=794..794 rows=1838)
            -> Filter: (sbtest6.id between 4954755 and 4955754)  (cost=371 rows=1838)
                -> Index range scan on sbtest6 using PRIMARY over (4954755 <= id <= 4955754)  (cost=371 rows=1838)


table 7 : explain SELECT DISTINCT c FROM sbtest7 WHERE id BETWEEN 3616851 AND 3617850 ORDER BY c
	-> Sort: sbtest7.c
    -> Table scan on <temporary>  (cost=794..820 rows=1838)
        -> Temporary table with deduplication  (cost=794..794 rows=1838)
            -> Filter: (sbtest7.id between 3616851 and 3617850)  (cost=371 rows=1838)
                -> Index range scan on sbtest7 using PRIMARY over (3616851 <= id <= 3617850)  (cost=371 rows=1838)


table 8 : explain SELECT DISTINCT c FROM sbtest8 WHERE id BETWEEN 7837458 AND 7838457 ORDER BY c
	-> Sort: sbtest8.c
    -> Table scan on <temporary>  (cost=794..820 rows=1838)
        -> Temporary table with deduplication  (cost=794..794 rows=1838)
            -> Filter: (sbtest8.id between 7837458 and 7838457)  (cost=371 rows=1838)
                -> Index range scan on sbtest8 using PRIMARY over (7837458 <= id <= 7838457)  (cost=371 rows=1838)


for: distinct_ranges
table 1 : explain SELECT DISTINCT c FROM sbtest1 WHERE id BETWEEN 6574562 AND 6575561 ORDER BY c
	-> Sort: sbtest1.c
    -> Table scan on <temporary>  (cost=794..820 rows=1838)
        -> Temporary table with deduplication  (cost=794..794 rows=1838)
            -> Filter: (sbtest1.id between 6574562 and 6575561)  (cost=371 rows=1838)
                -> Index range scan on sbtest1 using PRIMARY over (6574562 <= id <= 6575561)  (cost=371 rows=1838)


table 2 : explain SELECT DISTINCT c FROM sbtest2 WHERE id BETWEEN 1088552 AND 1089551 ORDER BY c
	-> Sort: sbtest2.c
    -> Table scan on <temporary>  (cost=809..835 rows=1872)
        -> Temporary table with deduplication  (cost=809..809 rows=1872)
            -> Filter: (sbtest2.id between 1088552 and 1089551)  (cost=378 rows=1872)
                -> Index range scan on sbtest2 using PRIMARY over (1088552 <= id <= 1089551)  (cost=378 rows=1872)


table 3 : explain SELECT DISTINCT c FROM sbtest3 WHERE id BETWEEN 3866020 AND 3867019 ORDER BY c
	-> Sort: sbtest3.c
    -> Table scan on <temporary>  (cost=794..820 rows=1838)
        -> Temporary table with deduplication  (cost=794..794 rows=1838)
            -> Filter: (sbtest3.id between 3866020 and 3867019)  (cost=371 rows=1838)
                -> Index range scan on sbtest3 using PRIMARY over (3866020 <= id <= 3867019)  (cost=371 rows=1838)


table 4 : explain SELECT DISTINCT c FROM sbtest4 WHERE id BETWEEN 5934859 AND 5935858 ORDER BY c
	-> Sort: sbtest4.c
    -> Table scan on <temporary>  (cost=794..820 rows=1838)
        -> Temporary table with deduplication  (cost=794..794 rows=1838)
            -> Filter: (sbtest4.id between 5934859 and 5935858)  (cost=371 rows=1838)
                -> Index range scan on sbtest4 using PRIMARY over (5934859 <= id <= 5935858)  (cost=371 rows=1838)


table 5 : explain SELECT DISTINCT c FROM sbtest5 WHERE id BETWEEN 6212261 AND 6213260 ORDER BY c
	-> Sort: sbtest5.c
    -> Table scan on <temporary>  (cost=794..820 rows=1838)
        -> Temporary table with deduplication  (cost=794..794 rows=1838)
            -> Filter: (sbtest5.id between 6212261 and 6213260)  (cost=371 rows=1838)
                -> Index range scan on sbtest5 using PRIMARY over (6212261 <= id <= 6213260)  (cost=371 rows=1838)


table 6 : explain SELECT DISTINCT c FROM sbtest6 WHERE id BETWEEN 2622032 AND 2623031 ORDER BY c
	-> Sort: sbtest6.c
    -> Table scan on <temporary>  (cost=794..820 rows=1838)
        -> Temporary table with deduplication  (cost=794..794 rows=1838)
            -> Filter: (sbtest6.id between 2622032 and 2623031)  (cost=371 rows=1838)
                -> Index range scan on sbtest6 using PRIMARY over (2622032 <= id <= 2623031)  (cost=371 rows=1838)


table 7 : explain SELECT DISTINCT c FROM sbtest7 WHERE id BETWEEN 343138 AND 344137 ORDER BY c
	-> Sort: sbtest7.c
    -> Table scan on <temporary>  (cost=809..835 rows=1872)
        -> Temporary table with deduplication  (cost=809..809 rows=1872)
            -> Filter: (sbtest7.id between 343138 and 344137)  (cost=378 rows=1872)
                -> Index range scan on sbtest7 using PRIMARY over (343138 <= id <= 344137)  (cost=378 rows=1872)


table 8 : explain SELECT DISTINCT c FROM sbtest8 WHERE id BETWEEN 723663 AND 724662 ORDER BY c
	-> Sort: sbtest8.c
    -> Table scan on <temporary>  (cost=794..820 rows=1838)
        -> Temporary table with deduplication  (cost=794..794 rows=1838)
            -> Filter: (sbtest8.id between 723663 and 724662)  (cost=371 rows=1838)
                -> Index range scan on sbtest8 using PRIMARY over (723663 <= id <= 724662)  (cost=371 rows=1838)


for: distinct_ranges
table 1 : explain SELECT DISTINCT c FROM sbtest1 WHERE id BETWEEN 6567690 AND 6568689 ORDER BY c
	-> Sort: sbtest1.c
    -> Table scan on <temporary>  (cost=794..820 rows=1838)
        -> Temporary table with deduplication  (cost=794..794 rows=1838)
            -> Filter: (sbtest1.id between 6567690 and 6568689)  (cost=371 rows=1838)
                -> Index range scan on sbtest1 using PRIMARY over (6567690 <= id <= 6568689)  (cost=371 rows=1838)


table 2 : explain SELECT DISTINCT c FROM sbtest2 WHERE id BETWEEN 9192643 AND 9193642 ORDER BY c
	-> Sort: sbtest2.c
    -> Table scan on <temporary>  (cost=809..835 rows=1872)
        -> Temporary table with deduplication  (cost=809..809 rows=1872)
            -> Filter: (sbtest2.id between 9192643 and 9193642)  (cost=378 rows=1872)
                -> Index range scan on sbtest2 using PRIMARY over (9192643 <= id <= 9193642)  (cost=378 rows=1872)


table 3 : explain SELECT DISTINCT c FROM sbtest3 WHERE id BETWEEN 6564361 AND 6565360 ORDER BY c
	-> Sort: sbtest3.c
    -> Table scan on <temporary>  (cost=809..835 rows=1872)
        -> Temporary table with deduplication  (cost=809..809 rows=1872)
            -> Filter: (sbtest3.id between 6564361 and 6565360)  (cost=378 rows=1872)
                -> Index range scan on sbtest3 using PRIMARY over (6564361 <= id <= 6565360)  (cost=378 rows=1872)


table 4 : explain SELECT DISTINCT c FROM sbtest4 WHERE id BETWEEN 4991056 AND 4992055 ORDER BY c
	-> Sort: sbtest4.c
    -> Table scan on <temporary>  (cost=809..835 rows=1872)
        -> Temporary table with deduplication  (cost=809..809 rows=1872)
            -> Filter: (sbtest4.id between 4991056 and 4992055)  (cost=378 rows=1872)
                -> Index range scan on sbtest4 using PRIMARY over (4991056 <= id <= 4992055)  (cost=378 rows=1872)


table 5 : explain SELECT DISTINCT c FROM sbtest5 WHERE id BETWEEN 849992 AND 850991 ORDER BY c
	-> Sort: sbtest5.c
    -> Table scan on <temporary>  (cost=809..835 rows=1872)
        -> Temporary table with deduplication  (cost=809..809 rows=1872)
            -> Filter: (sbtest5.id between 849992 and 850991)  (cost=378 rows=1872)
                -> Index range scan on sbtest5 using PRIMARY over (849992 <= id <= 850991)  (cost=378 rows=1872)


table 6 : explain SELECT DISTINCT c FROM sbtest6 WHERE id BETWEEN 980678 AND 981677 ORDER BY c
	-> Sort: sbtest6.c
    -> Table scan on <temporary>  (cost=794..820 rows=1838)
        -> Temporary table with deduplication  (cost=794..794 rows=1838)
            -> Filter: (sbtest6.id between 980678 and 981677)  (cost=371 rows=1838)
                -> Index range scan on sbtest6 using PRIMARY over (980678 <= id <= 981677)  (cost=371 rows=1838)


table 7 : explain SELECT DISTINCT c FROM sbtest7 WHERE id BETWEEN 4205311 AND 4206310 ORDER BY c
	-> Sort: sbtest7.c
    -> Table scan on <temporary>  (cost=794..820 rows=1838)
        -> Temporary table with deduplication  (cost=794..794 rows=1838)
            -> Filter: (sbtest7.id between 4205311 and 4206310)  (cost=371 rows=1838)
                -> Index range scan on sbtest7 using PRIMARY over (4205311 <= id <= 4206310)  (cost=371 rows=1838)


table 8 : explain SELECT DISTINCT c FROM sbtest8 WHERE id BETWEEN 7237503 AND 7238502 ORDER BY c
	-> Sort: sbtest8.c
    -> Table scan on <temporary>  (cost=794..820 rows=1838)
        -> Temporary table with deduplication  (cost=794..794 rows=1838)
            -> Filter: (sbtest8.id between 7237503 and 7238502)  (cost=371 rows=1838)
                -> Index range scan on sbtest8 using PRIMARY over (7237503 <= id <= 7238502)  (cost=371 rows=1838)


for: distinct_ranges
table 1 : explain SELECT DISTINCT c FROM sbtest1 WHERE id BETWEEN 3814784 AND 3815783 ORDER BY c
	-> Sort: sbtest1.c
    -> Table scan on <temporary>  (cost=794..820 rows=1838)
        -> Temporary table with deduplication  (cost=794..794 rows=1838)
            -> Filter: (sbtest1.id between 3814784 and 3815783)  (cost=371 rows=1838)
                -> Index range scan on sbtest1 using PRIMARY over (3814784 <= id <= 3815783)  (cost=371 rows=1838)


table 2 : explain SELECT DISTINCT c FROM sbtest2 WHERE id BETWEEN 5549618 AND 5550617 ORDER BY c
	-> Sort: sbtest2.c
    -> Table scan on <temporary>  (cost=794..820 rows=1838)
        -> Temporary table with deduplication  (cost=794..794 rows=1838)
            -> Filter: (sbtest2.id between 5549618 and 5550617)  (cost=371 rows=1838)
                -> Index range scan on sbtest2 using PRIMARY over (5549618 <= id <= 5550617)  (cost=371 rows=1838)


table 3 : explain SELECT DISTINCT c FROM sbtest3 WHERE id BETWEEN 3194181 AND 3195180 ORDER BY c
	-> Sort: sbtest3.c
    -> Table scan on <temporary>  (cost=794..820 rows=1838)
        -> Temporary table with deduplication  (cost=794..794 rows=1838)
            -> Filter: (sbtest3.id between 3194181 and 3195180)  (cost=371 rows=1838)
                -> Index range scan on sbtest3 using PRIMARY over (3194181 <= id <= 3195180)  (cost=371 rows=1838)


table 4 : explain SELECT DISTINCT c FROM sbtest4 WHERE id BETWEEN 7255838 AND 7256837 ORDER BY c
	-> Sort: sbtest4.c
    -> Table scan on <temporary>  (cost=794..820 rows=1838)
        -> Temporary table with deduplication  (cost=794..794 rows=1838)
            -> Filter: (sbtest4.id between 7255838 and 7256837)  (cost=371 rows=1838)
                -> Index range scan on sbtest4 using PRIMARY over (7255838 <= id <= 7256837)  (cost=371 rows=1838)


table 5 : explain SELECT DISTINCT c FROM sbtest5 WHERE id BETWEEN 6985875 AND 6986874 ORDER BY c
	-> Sort: sbtest5.c
    -> Table scan on <temporary>  (cost=794..820 rows=1838)
        -> Temporary table with deduplication  (cost=794..794 rows=1838)
            -> Filter: (sbtest5.id between 6985875 and 6986874)  (cost=371 rows=1838)
                -> Index range scan on sbtest5 using PRIMARY over (6985875 <= id <= 6986874)  (cost=371 rows=1838)


table 6 : explain SELECT DISTINCT c FROM sbtest6 WHERE id BETWEEN 8940946 AND 8941945 ORDER BY c
	-> Sort: sbtest6.c
    -> Table scan on <temporary>  (cost=809..835 rows=1872)
        -> Temporary table with deduplication  (cost=809..809 rows=1872)
            -> Filter: (sbtest6.id between 8940946 and 8941945)  (cost=378 rows=1872)
                -> Index range scan on sbtest6 using PRIMARY over (8940946 <= id <= 8941945)  (cost=378 rows=1872)


table 7 : explain SELECT DISTINCT c FROM sbtest7 WHERE id BETWEEN 2515464 AND 2516463 ORDER BY c
	-> Sort: sbtest7.c
    -> Table scan on <temporary>  (cost=794..820 rows=1838)
        -> Temporary table with deduplication  (cost=794..794 rows=1838)
            -> Filter: (sbtest7.id between 2515464 and 2516463)  (cost=371 rows=1838)
                -> Index range scan on sbtest7 using PRIMARY over (2515464 <= id <= 2516463)  (cost=371 rows=1838)


table 8 : explain SELECT DISTINCT c FROM sbtest8 WHERE id BETWEEN 3163291 AND 3164290 ORDER BY c
	-> Sort: sbtest8.c
    -> Table scan on <temporary>  (cost=809..835 rows=1872)
        -> Temporary table with deduplication  (cost=809..809 rows=1872)
            -> Filter: (sbtest8.id between 3163291 and 3164290)  (cost=378 rows=1872)
                -> Index range scan on sbtest8 using PRIMARY over (3163291 <= id <= 3164290)  (cost=378 rows=1872)


for: distinct_ranges
table 1 : explain SELECT DISTINCT c FROM sbtest1 WHERE id BETWEEN 8679960 AND 8680959 ORDER BY c
	-> Sort: sbtest1.c
    -> Table scan on <temporary>  (cost=809..835 rows=1872)
        -> Temporary table with deduplication  (cost=809..809 rows=1872)
            -> Filter: (sbtest1.id between 8679960 and 8680959)  (cost=378 rows=1872)
                -> Index range scan on sbtest1 using PRIMARY over (8679960 <= id <= 8680959)  (cost=378 rows=1872)


table 2 : explain SELECT DISTINCT c FROM sbtest2 WHERE id BETWEEN 4492350 AND 4493349 ORDER BY c
	-> Sort: sbtest2.c
    -> Table scan on <temporary>  (cost=794..820 rows=1838)
        -> Temporary table with deduplication  (cost=794..794 rows=1838)
            -> Filter: (sbtest2.id between 4492350 and 4493349)  (cost=371 rows=1838)
                -> Index range scan on sbtest2 using PRIMARY over (4492350 <= id <= 4493349)  (cost=371 rows=1838)


table 3 : explain SELECT DISTINCT c FROM sbtest3 WHERE id BETWEEN 7570696 AND 7571695 ORDER BY c
	-> Sort: sbtest3.c
    -> Table scan on <temporary>  (cost=794..820 rows=1838)
        -> Temporary table with deduplication  (cost=794..794 rows=1838)
            -> Filter: (sbtest3.id between 7570696 and 7571695)  (cost=371 rows=1838)
                -> Index range scan on sbtest3 using PRIMARY over (7570696 <= id <= 7571695)  (cost=371 rows=1838)


table 4 : explain SELECT DISTINCT c FROM sbtest4 WHERE id BETWEEN 323213 AND 324212 ORDER BY c
	-> Sort: sbtest4.c
    -> Table scan on <temporary>  (cost=809..835 rows=1872)
        -> Temporary table with deduplication  (cost=809..809 rows=1872)
            -> Filter: (sbtest4.id between 323213 and 324212)  (cost=378 rows=1872)
                -> Index range scan on sbtest4 using PRIMARY over (323213 <= id <= 324212)  (cost=378 rows=1872)


table 5 : explain SELECT DISTINCT c FROM sbtest5 WHERE id BETWEEN 3654048 AND 3655047 ORDER BY c
	-> Sort: sbtest5.c
    -> Table scan on <temporary>  (cost=794..820 rows=1838)
        -> Temporary table with deduplication  (cost=794..794 rows=1838)
            -> Filter: (sbtest5.id between 3654048 and 3655047)  (cost=371 rows=1838)
                -> Index range scan on sbtest5 using PRIMARY over (3654048 <= id <= 3655047)  (cost=371 rows=1838)


table 6 : explain SELECT DISTINCT c FROM sbtest6 WHERE id BETWEEN 4946604 AND 4947603 ORDER BY c
	-> Sort: sbtest6.c
    -> Table scan on <temporary>  (cost=809..835 rows=1872)
        -> Temporary table with deduplication  (cost=809..809 rows=1872)
            -> Filter: (sbtest6.id between 4946604 and 4947603)  (cost=378 rows=1872)
                -> Index range scan on sbtest6 using PRIMARY over (4946604 <= id <= 4947603)  (cost=378 rows=1872)


table 7 : explain SELECT DISTINCT c FROM sbtest7 WHERE id BETWEEN 6590387 AND 6591386 ORDER BY c
	-> Sort: sbtest7.c
    -> Table scan on <temporary>  (cost=794..820 rows=1838)
        -> Temporary table with deduplication  (cost=794..794 rows=1838)
            -> Filter: (sbtest7.id between 6590387 and 6591386)  (cost=371 rows=1838)
                -> Index range scan on sbtest7 using PRIMARY over (6590387 <= id <= 6591386)  (cost=371 rows=1838)


table 8 : explain SELECT DISTINCT c FROM sbtest8 WHERE id BETWEEN 6555410 AND 6556409 ORDER BY c
	-> Sort: sbtest8.c
    -> Table scan on <temporary>  (cost=794..820 rows=1838)
        -> Temporary table with deduplication  (cost=794..794 rows=1838)
            -> Filter: (sbtest8.id between 6555410 and 6556409)  (cost=371 rows=1838)
                -> Index range scan on sbtest8 using PRIMARY over (6555410 <= id <= 6556409)  (cost=371 rows=1838)


for: distinct_ranges
table 1 : explain SELECT DISTINCT c FROM sbtest1 WHERE id BETWEEN 6162937 AND 6163936 ORDER BY c
	-> Sort: sbtest1.c
    -> Table scan on <temporary>  (cost=809..835 rows=1872)
        -> Temporary table with deduplication  (cost=809..809 rows=1872)
            -> Filter: (sbtest1.id between 6162937 and 6163936)  (cost=378 rows=1872)
                -> Index range scan on sbtest1 using PRIMARY over (6162937 <= id <= 6163936)  (cost=378 rows=1872)


table 2 : explain SELECT DISTINCT c FROM sbtest2 WHERE id BETWEEN 4369723 AND 4370722 ORDER BY c
	-> Sort: sbtest2.c
    -> Table scan on <temporary>  (cost=794..820 rows=1838)
        -> Temporary table with deduplication  (cost=794..794 rows=1838)
            -> Filter: (sbtest2.id between 4369723 and 4370722)  (cost=371 rows=1838)
                -> Index range scan on sbtest2 using PRIMARY over (4369723 <= id <= 4370722)  (cost=371 rows=1838)


table 3 : explain SELECT DISTINCT c FROM sbtest3 WHERE id BETWEEN 1071900 AND 1072899 ORDER BY c
	-> Sort: sbtest3.c
    -> Table scan on <temporary>  (cost=809..835 rows=1872)
        -> Temporary table with deduplication  (cost=809..809 rows=1872)
            -> Filter: (sbtest3.id between 1071900 and 1072899)  (cost=378 rows=1872)
                -> Index range scan on sbtest3 using PRIMARY over (1071900 <= id <= 1072899)  (cost=378 rows=1872)


table 4 : explain SELECT DISTINCT c FROM sbtest4 WHERE id BETWEEN 2092100 AND 2093099 ORDER BY c
	-> Sort: sbtest4.c
    -> Table scan on <temporary>  (cost=794..820 rows=1838)
        -> Temporary table with deduplication  (cost=794..794 rows=1838)
            -> Filter: (sbtest4.id between 2092100 and 2093099)  (cost=371 rows=1838)
                -> Index range scan on sbtest4 using PRIMARY over (2092100 <= id <= 2093099)  (cost=371 rows=1838)


table 5 : explain SELECT DISTINCT c FROM sbtest5 WHERE id BETWEEN 415994 AND 416993 ORDER BY c
	-> Sort: sbtest5.c
    -> Table scan on <temporary>  (cost=809..835 rows=1872)
        -> Temporary table with deduplication  (cost=809..809 rows=1872)
            -> Filter: (sbtest5.id between 415994 and 416993)  (cost=378 rows=1872)
                -> Index range scan on sbtest5 using PRIMARY over (415994 <= id <= 416993)  (cost=378 rows=1872)


table 6 : explain SELECT DISTINCT c FROM sbtest6 WHERE id BETWEEN 9635629 AND 9636628 ORDER BY c
	-> Sort: sbtest6.c
    -> Table scan on <temporary>  (cost=794..820 rows=1838)
        -> Temporary table with deduplication  (cost=794..794 rows=1838)
            -> Filter: (sbtest6.id between 9635629 and 9636628)  (cost=371 rows=1838)
                -> Index range scan on sbtest6 using PRIMARY over (9635629 <= id <= 9636628)  (cost=371 rows=1838)


table 7 : explain SELECT DISTINCT c FROM sbtest7 WHERE id BETWEEN 6118448 AND 6119447 ORDER BY c
	-> Sort: sbtest7.c
    -> Table scan on <temporary>  (cost=794..820 rows=1838)
        -> Temporary table with deduplication  (cost=794..794 rows=1838)
            -> Filter: (sbtest7.id between 6118448 and 6119447)  (cost=371 rows=1838)
                -> Index range scan on sbtest7 using PRIMARY over (6118448 <= id <= 6119447)  (cost=371 rows=1838)


table 8 : explain SELECT DISTINCT c FROM sbtest8 WHERE id BETWEEN 7323756 AND 7324755 ORDER BY c
	-> Sort: sbtest8.c
    -> Table scan on <temporary>  (cost=794..820 rows=1838)
        -> Temporary table with deduplication  (cost=794..794 rows=1838)
            -> Filter: (sbtest8.id between 7323756 and 7324755)  (cost=371 rows=1838)
                -> Index range scan on sbtest8 using PRIMARY over (7323756 <= id <= 7324755)  (cost=371 rows=1838)


for: distinct_ranges
table 1 : explain SELECT DISTINCT c FROM sbtest1 WHERE id BETWEEN 9037879 AND 9038878 ORDER BY c
	-> Sort: sbtest1.c
    -> Table scan on <temporary>  (cost=809..835 rows=1872)
        -> Temporary table with deduplication  (cost=809..809 rows=1872)
            -> Filter: (sbtest1.id between 9037879 and 9038878)  (cost=378 rows=1872)
                -> Index range scan on sbtest1 using PRIMARY over (9037879 <= id <= 9038878)  (cost=378 rows=1872)


table 2 : explain SELECT DISTINCT c FROM sbtest2 WHERE id BETWEEN 3183554 AND 3184553 ORDER BY c
	-> Sort: sbtest2.c
    -> Table scan on <temporary>  (cost=794..820 rows=1838)
        -> Temporary table with deduplication  (cost=794..794 rows=1838)
            -> Filter: (sbtest2.id between 3183554 and 3184553)  (cost=371 rows=1838)
                -> Index range scan on sbtest2 using PRIMARY over (3183554 <= id <= 3184553)  (cost=371 rows=1838)


table 3 : explain SELECT DISTINCT c FROM sbtest3 WHERE id BETWEEN 3938656 AND 3939655 ORDER BY c
	-> Sort: sbtest3.c
    -> Table scan on <temporary>  (cost=794..820 rows=1838)
        -> Temporary table with deduplication  (cost=794..794 rows=1838)
            -> Filter: (sbtest3.id between 3938656 and 3939655)  (cost=371 rows=1838)
                -> Index range scan on sbtest3 using PRIMARY over (3938656 <= id <= 3939655)  (cost=371 rows=1838)


table 4 : explain SELECT DISTINCT c FROM sbtest4 WHERE id BETWEEN 1144302 AND 1145301 ORDER BY c
	-> Sort: sbtest4.c
    -> Table scan on <temporary>  (cost=794..820 rows=1838)
        -> Temporary table with deduplication  (cost=794..794 rows=1838)
            -> Filter: (sbtest4.id between 1144302 and 1145301)  (cost=371 rows=1838)
                -> Index range scan on sbtest4 using PRIMARY over (1144302 <= id <= 1145301)  (cost=371 rows=1838)


table 5 : explain SELECT DISTINCT c FROM sbtest5 WHERE id BETWEEN 9848877 AND 9849876 ORDER BY c
	-> Sort: sbtest5.c
    -> Table scan on <temporary>  (cost=794..820 rows=1838)
        -> Temporary table with deduplication  (cost=794..794 rows=1838)
            -> Filter: (sbtest5.id between 9848877 and 9849876)  (cost=371 rows=1838)
                -> Index range scan on sbtest5 using PRIMARY over (9848877 <= id <= 9849876)  (cost=371 rows=1838)


table 6 : explain SELECT DISTINCT c FROM sbtest6 WHERE id BETWEEN 6671592 AND 6672591 ORDER BY c
	-> Sort: sbtest6.c
    -> Table scan on <temporary>  (cost=809..835 rows=1872)
        -> Temporary table with deduplication  (cost=809..809 rows=1872)
            -> Filter: (sbtest6.id between 6671592 and 6672591)  (cost=378 rows=1872)
                -> Index range scan on sbtest6 using PRIMARY over (6671592 <= id <= 6672591)  (cost=378 rows=1872)


table 7 : explain SELECT DISTINCT c FROM sbtest7 WHERE id BETWEEN 6008391 AND 6009390 ORDER BY c
	-> Sort: sbtest7.c
    -> Table scan on <temporary>  (cost=809..835 rows=1872)
        -> Temporary table with deduplication  (cost=809..809 rows=1872)
            -> Filter: (sbtest7.id between 6008391 and 6009390)  (cost=378 rows=1872)
                -> Index range scan on sbtest7 using PRIMARY over (6008391 <= id <= 6009390)  (cost=378 rows=1872)


table 8 : explain SELECT DISTINCT c FROM sbtest8 WHERE id BETWEEN 1362099 AND 1363098 ORDER BY c
	-> Sort: sbtest8.c
    -> Table scan on <temporary>  (cost=794..820 rows=1838)
        -> Temporary table with deduplication  (cost=794..794 rows=1838)
            -> Filter: (sbtest8.id between 1362099 and 1363098)  (cost=371 rows=1838)
                -> Index range scan on sbtest8 using PRIMARY over (1362099 <= id <= 1363098)  (cost=371 rows=1838)


for: distinct_ranges
table 1 : explain SELECT DISTINCT c FROM sbtest1 WHERE id BETWEEN 8731568 AND 8732567 ORDER BY c
	-> Sort: sbtest1.c
    -> Table scan on <temporary>  (cost=809..835 rows=1872)
        -> Temporary table with deduplication  (cost=809..809 rows=1872)
            -> Filter: (sbtest1.id between 8731568 and 8732567)  (cost=378 rows=1872)
                -> Index range scan on sbtest1 using PRIMARY over (8731568 <= id <= 8732567)  (cost=378 rows=1872)


table 2 : explain SELECT DISTINCT c FROM sbtest2 WHERE id BETWEEN 3910318 AND 3911317 ORDER BY c
	-> Sort: sbtest2.c
    -> Table scan on <temporary>  (cost=794..820 rows=1838)
        -> Temporary table with deduplication  (cost=794..794 rows=1838)
            -> Filter: (sbtest2.id between 3910318 and 3911317)  (cost=371 rows=1838)
                -> Index range scan on sbtest2 using PRIMARY over (3910318 <= id <= 3911317)  (cost=371 rows=1838)


table 3 : explain SELECT DISTINCT c FROM sbtest3 WHERE id BETWEEN 561619 AND 562618 ORDER BY c
	-> Sort: sbtest3.c
    -> Table scan on <temporary>  (cost=794..820 rows=1838)
        -> Temporary table with deduplication  (cost=794..794 rows=1838)
            -> Filter: (sbtest3.id between 561619 and 562618)  (cost=371 rows=1838)
                -> Index range scan on sbtest3 using PRIMARY over (561619 <= id <= 562618)  (cost=371 rows=1838)


table 4 : explain SELECT DISTINCT c FROM sbtest4 WHERE id BETWEEN 3807751 AND 3808750 ORDER BY c
	-> Sort: sbtest4.c
    -> Table scan on <temporary>  (cost=794..820 rows=1838)
        -> Temporary table with deduplication  (cost=794..794 rows=1838)
            -> Filter: (sbtest4.id between 3807751 and 3808750)  (cost=371 rows=1838)
                -> Index range scan on sbtest4 using PRIMARY over (3807751 <= id <= 3808750)  (cost=371 rows=1838)


table 5 : explain SELECT DISTINCT c FROM sbtest5 WHERE id BETWEEN 3579598 AND 3580597 ORDER BY c
	-> Sort: sbtest5.c
    -> Table scan on <temporary>  (cost=809..835 rows=1872)
        -> Temporary table with deduplication  (cost=809..809 rows=1872)
            -> Filter: (sbtest5.id between 3579598 and 3580597)  (cost=378 rows=1872)
                -> Index range scan on sbtest5 using PRIMARY over (3579598 <= id <= 3580597)  (cost=378 rows=1872)


table 6 : explain SELECT DISTINCT c FROM sbtest6 WHERE id BETWEEN 7490270 AND 7491269 ORDER BY c
	-> Sort: sbtest6.c
    -> Table scan on <temporary>  (cost=794..820 rows=1838)
        -> Temporary table with deduplication  (cost=794..794 rows=1838)
            -> Filter: (sbtest6.id between 7490270 and 7491269)  (cost=371 rows=1838)
                -> Index range scan on sbtest6 using PRIMARY over (7490270 <= id <= 7491269)  (cost=371 rows=1838)


table 7 : explain SELECT DISTINCT c FROM sbtest7 WHERE id BETWEEN 1100778 AND 1101777 ORDER BY c
	-> Sort: sbtest7.c
    -> Table scan on <temporary>  (cost=794..820 rows=1838)
        -> Temporary table with deduplication  (cost=794..794 rows=1838)
            -> Filter: (sbtest7.id between 1100778 and 1101777)  (cost=371 rows=1838)
                -> Index range scan on sbtest7 using PRIMARY over (1100778 <= id <= 1101777)  (cost=371 rows=1838)


table 8 : explain SELECT DISTINCT c FROM sbtest8 WHERE id BETWEEN 8388622 AND 8389621 ORDER BY c
	-> Sort: sbtest8.c
    -> Table scan on <temporary>  (cost=809..835 rows=1872)
        -> Temporary table with deduplication  (cost=809..809 rows=1872)
            -> Filter: (sbtest8.id between 8388622 and 8389621)  (cost=378 rows=1872)
                -> Index range scan on sbtest8 using PRIMARY over (8388622 <= id <= 8389621)  (cost=378 rows=1872)

for: distinct_ranges
table 1 : explain SELECT DISTINCT c FROM sbtest1 WHERE id BETWEEN 1483056 AND 1484055 ORDER BY c
	-> Sort: sbtest1.c
    -> Table scan on <temporary>  (cost=794..820 rows=1838)
        -> Temporary table with deduplication  (cost=794..794 rows=1838)
            -> Filter: (sbtest1.id between 1483056 and 1484055)  (cost=371 rows=1838)
                -> Index range scan on sbtest1 using PRIMARY over (1483056 <= id <= 1484055)  (cost=371 rows=1838)


table 2 : explain SELECT DISTINCT c FROM sbtest2 WHERE id BETWEEN 5039816 AND 5040815 ORDER BY c
	-> Sort: sbtest2.c
    -> Table scan on <temporary>  (cost=809..835 rows=1872)
        -> Temporary table with deduplication  (cost=809..809 rows=1872)
            -> Filter: (sbtest2.id between 5039816 and 5040815)  (cost=378 rows=1872)
                -> Index range scan on sbtest2 using PRIMARY over (5039816 <= id <= 5040815)  (cost=378 rows=1872)


table 3 : explain SELECT DISTINCT c FROM sbtest3 WHERE id BETWEEN 9774834 AND 9775833 ORDER BY c
	-> Sort: sbtest3.c
    -> Table scan on <temporary>  (cost=794..820 rows=1838)
        -> Temporary table with deduplication  (cost=794..794 rows=1838)
            -> Filter: (sbtest3.id between 9774834 and 9775833)  (cost=371 rows=1838)
                -> Index range scan on sbtest3 using PRIMARY over (9774834 <= id <= 9775833)  (cost=371 rows=1838)


table 4 : explain SELECT DISTINCT c FROM sbtest4 WHERE id BETWEEN 1142259 AND 1143258 ORDER BY c
	-> Sort: sbtest4.c
    -> Table scan on <temporary>  (cost=794..820 rows=1838)
        -> Temporary table with deduplication  (cost=794..794 rows=1838)
            -> Filter: (sbtest4.id between 1142259 and 1143258)  (cost=371 rows=1838)
                -> Index range scan on sbtest4 using PRIMARY over (1142259 <= id <= 1143258)  (cost=371 rows=1838)


table 5 : explain SELECT DISTINCT c FROM sbtest5 WHERE id BETWEEN 2796809 AND 2797808 ORDER BY c
	-> Sort: sbtest5.c
    -> Table scan on <temporary>  (cost=794..820 rows=1838)
        -> Temporary table with deduplication  (cost=794..794 rows=1838)
            -> Filter: (sbtest5.id between 2796809 and 2797808)  (cost=371 rows=1838)
                -> Index range scan on sbtest5 using PRIMARY over (2796809 <= id <= 2797808)  (cost=371 rows=1838)


table 6 : explain SELECT DISTINCT c FROM sbtest6 WHERE id BETWEEN 5437931 AND 5438930 ORDER BY c
	-> Sort: sbtest6.c
    -> Table scan on <temporary>  (cost=794..820 rows=1838)
        -> Temporary table with deduplication  (cost=794..794 rows=1838)
            -> Filter: (sbtest6.id between 5437931 and 5438930)  (cost=371 rows=1838)
                -> Index range scan on sbtest6 using PRIMARY over (5437931 <= id <= 5438930)  (cost=371 rows=1838)


table 7 : explain SELECT DISTINCT c FROM sbtest7 WHERE id BETWEEN 7480522 AND 7481521 ORDER BY c
	-> Sort: sbtest7.c
    -> Table scan on <temporary>  (cost=794..820 rows=1838)
        -> Temporary table with deduplication  (cost=794..794 rows=1838)
            -> Filter: (sbtest7.id between 7480522 and 7481521)  (cost=371 rows=1838)
                -> Index range scan on sbtest7 using PRIMARY over (7480522 <= id <= 7481521)  (cost=371 rows=1838)


table 8 : explain SELECT DISTINCT c FROM sbtest8 WHERE id BETWEEN 9763035 AND 9764034 ORDER BY c
	-> Sort: sbtest8.c
    -> Table scan on <temporary>  (cost=794..820 rows=1838)
        -> Temporary table with deduplication  (cost=794..794 rows=1838)
            -> Filter: (sbtest8.id between 9763035 and 9764034)  (cost=371 rows=1838)
                -> Index range scan on sbtest8 using PRIMARY over (9763035 <= id <= 9764034)  (cost=371 rows=1838)



for: distinct_ranges
table 1 : explain SELECT DISTINCT c FROM sbtest1 WHERE id BETWEEN 1502793 AND 1503792 ORDER BY c
	-> Sort: sbtest1.c
    -> Table scan on <temporary>  (cost=794..820 rows=1838)
        -> Temporary table with deduplication  (cost=794..794 rows=1838)
            -> Filter: (sbtest1.id between 1502793 and 1503792)  (cost=371 rows=1838)
                -> Index range scan on sbtest1 using PRIMARY over (1502793 <= id <= 1503792)  (cost=371 rows=1838)


table 2 : explain SELECT DISTINCT c FROM sbtest2 WHERE id BETWEEN 947984 AND 948983 ORDER BY c
	-> Sort: sbtest2.c
    -> Table scan on <temporary>  (cost=794..820 rows=1838)
        -> Temporary table with deduplication  (cost=794..794 rows=1838)
            -> Filter: (sbtest2.id between 947984 and 948983)  (cost=371 rows=1838)
                -> Index range scan on sbtest2 using PRIMARY over (947984 <= id <= 948983)  (cost=371 rows=1838)


table 3 : explain SELECT DISTINCT c FROM sbtest3 WHERE id BETWEEN 8939053 AND 8940052 ORDER BY c
	-> Sort: sbtest3.c
    -> Table scan on <temporary>  (cost=809..835 rows=1872)
        -> Temporary table with deduplication  (cost=809..809 rows=1872)
            -> Filter: (sbtest3.id between 8939053 and 8940052)  (cost=378 rows=1872)
                -> Index range scan on sbtest3 using PRIMARY over (8939053 <= id <= 8940052)  (cost=378 rows=1872)


table 4 : explain SELECT DISTINCT c FROM sbtest4 WHERE id BETWEEN 7644187 AND 7645186 ORDER BY c
	-> Sort: sbtest4.c
    -> Table scan on <temporary>  (cost=794..820 rows=1838)
        -> Temporary table with deduplication  (cost=794..794 rows=1838)
            -> Filter: (sbtest4.id between 7644187 and 7645186)  (cost=371 rows=1838)
                -> Index range scan on sbtest4 using PRIMARY over (7644187 <= id <= 7645186)  (cost=371 rows=1838)


table 5 : explain SELECT DISTINCT c FROM sbtest5 WHERE id BETWEEN 8786235 AND 8787234 ORDER BY c
	-> Sort: sbtest5.c
    -> Table scan on <temporary>  (cost=794..820 rows=1838)
        -> Temporary table with deduplication  (cost=794..794 rows=1838)
            -> Filter: (sbtest5.id between 8786235 and 8787234)  (cost=371 rows=1838)
                -> Index range scan on sbtest5 using PRIMARY over (8786235 <= id <= 8787234)  (cost=371 rows=1838)


table 6 : explain SELECT DISTINCT c FROM sbtest6 WHERE id BETWEEN 8907505 AND 8908504 ORDER BY c
	-> Sort: sbtest6.c
    -> Table scan on <temporary>  (cost=809..835 rows=1872)
        -> Temporary table with deduplication  (cost=809..809 rows=1872)
            -> Filter: (sbtest6.id between 8907505 and 8908504)  (cost=378 rows=1872)
                -> Index range scan on sbtest6 using PRIMARY over (8907505 <= id <= 8908504)  (cost=378 rows=1872)


table 7 : explain SELECT DISTINCT c FROM sbtest7 WHERE id BETWEEN 4834874 AND 4835873 ORDER BY c
	-> Sort: sbtest7.c
    -> Table scan on <temporary>  (cost=794..820 rows=1838)
        -> Temporary table with deduplication  (cost=794..794 rows=1838)
            -> Filter: (sbtest7.id between 4834874 and 4835873)  (cost=371 rows=1838)
                -> Index range scan on sbtest7 using PRIMARY over (4834874 <= id <= 4835873)  (cost=371 rows=1838)


table 8 : explain SELECT DISTINCT c FROM sbtest8 WHERE id BETWEEN 6798781 AND 6799780 ORDER BY c
	-> Sort: sbtest8.c
    -> Table scan on <temporary>  (cost=794..820 rows=1838)
        -> Temporary table with deduplication  (cost=794..794 rows=1838)
            -> Filter: (sbtest8.id between 6798781 and 6799780)  (cost=371 rows=1838)
                -> Index range scan on sbtest8 using PRIMARY over (6798781 <= id <= 6799780)  (cost=371 rows=1838)


for: distinct_ranges
table 1 : explain SELECT DISTINCT c FROM sbtest1 WHERE id BETWEEN 6670878 AND 6671877 ORDER BY c
	-> Sort: sbtest1.c
    -> Table scan on <temporary>  (cost=794..820 rows=1838)
        -> Temporary table with deduplication  (cost=794..794 rows=1838)
            -> Filter: (sbtest1.id between 6670878 and 6671877)  (cost=371 rows=1838)
                -> Index range scan on sbtest1 using PRIMARY over (6670878 <= id <= 6671877)  (cost=371 rows=1838)


table 2 : explain SELECT DISTINCT c FROM sbtest2 WHERE id BETWEEN 7883566 AND 7884565 ORDER BY c
	-> Sort: sbtest2.c
    -> Table scan on <temporary>  (cost=794..820 rows=1838)
        -> Temporary table with deduplication  (cost=794..794 rows=1838)
            -> Filter: (sbtest2.id between 7883566 and 7884565)  (cost=371 rows=1838)
                -> Index range scan on sbtest2 using PRIMARY over (7883566 <= id <= 7884565)  (cost=371 rows=1838)


table 3 : explain SELECT DISTINCT c FROM sbtest3 WHERE id BETWEEN 8479990 AND 8480989 ORDER BY c
	-> Sort: sbtest3.c
    -> Table scan on <temporary>  (cost=794..820 rows=1838)
        -> Temporary table with deduplication  (cost=794..794 rows=1838)
            -> Filter: (sbtest3.id between 8479990 and 8480989)  (cost=371 rows=1838)
                -> Index range scan on sbtest3 using PRIMARY over (8479990 <= id <= 8480989)  (cost=371 rows=1838)


table 4 : explain SELECT DISTINCT c FROM sbtest4 WHERE id BETWEEN 7828831 AND 7829830 ORDER BY c
	-> Sort: sbtest4.c
    -> Table scan on <temporary>  (cost=794..820 rows=1838)
        -> Temporary table with deduplication  (cost=794..794 rows=1838)
            -> Filter: (sbtest4.id between 7828831 and 7829830)  (cost=371 rows=1838)
                -> Index range scan on sbtest4 using PRIMARY over (7828831 <= id <= 7829830)  (cost=371 rows=1838)


table 5 : explain SELECT DISTINCT c FROM sbtest5 WHERE id BETWEEN 183650 AND 184649 ORDER BY c
	-> Sort: sbtest5.c
    -> Table scan on <temporary>  (cost=809..835 rows=1872)
        -> Temporary table with deduplication  (cost=809..809 rows=1872)
            -> Filter: (sbtest5.id between 183650 and 184649)  (cost=378 rows=1872)
                -> Index range scan on sbtest5 using PRIMARY over (183650 <= id <= 184649)  (cost=378 rows=1872)


table 6 : explain SELECT DISTINCT c FROM sbtest6 WHERE id BETWEEN 3468375 AND 3469374 ORDER BY c
	-> Sort: sbtest6.c
    -> Table scan on <temporary>  (cost=794..820 rows=1838)
        -> Temporary table with deduplication  (cost=794..794 rows=1838)
            -> Filter: (sbtest6.id between 3468375 and 3469374)  (cost=371 rows=1838)
                -> Index range scan on sbtest6 using PRIMARY over (3468375 <= id <= 3469374)  (cost=371 rows=1838)


table 7 : explain SELECT DISTINCT c FROM sbtest7 WHERE id BETWEEN 4333931 AND 4334930 ORDER BY c
	-> Sort: sbtest7.c
    -> Table scan on <temporary>  (cost=794..820 rows=1838)
        -> Temporary table with deduplication  (cost=794..794 rows=1838)
            -> Filter: (sbtest7.id between 4333931 and 4334930)  (cost=371 rows=1838)
                -> Index range scan on sbtest7 using PRIMARY over (4333931 <= id <= 4334930)  (cost=371 rows=1838)


table 8 : explain SELECT DISTINCT c FROM sbtest8 WHERE id BETWEEN 9348262 AND 9349261 ORDER BY c
	-> Sort: sbtest8.c
    -> Table scan on <temporary>  (cost=794..820 rows=1838)
        -> Temporary table with deduplication  (cost=794..794 rows=1838)
            -> Filter: (sbtest8.id between 9348262 and 9349261)  (cost=371 rows=1838)
                -> Index range scan on sbtest8 using PRIMARY over (9348262 <= id <= 9349261)  (cost=371 rows=1838)


for: distinct_ranges
table 1 : explain SELECT DISTINCT c FROM sbtest1 WHERE id BETWEEN 5213810 AND 5214809 ORDER BY c
	-> Sort: sbtest1.c
    -> Table scan on <temporary>  (cost=794..820 rows=1838)
        -> Temporary table with deduplication  (cost=794..794 rows=1838)
            -> Filter: (sbtest1.id between 5213810 and 5214809)  (cost=371 rows=1838)
                -> Index range scan on sbtest1 using PRIMARY over (5213810 <= id <= 5214809)  (cost=371 rows=1838)


table 2 : explain SELECT DISTINCT c FROM sbtest2 WHERE id BETWEEN 5912457 AND 5913456 ORDER BY c
	-> Sort: sbtest2.c
    -> Table scan on <temporary>  (cost=809..835 rows=1872)
        -> Temporary table with deduplication  (cost=809..809 rows=1872)
            -> Filter: (sbtest2.id between 5912457 and 5913456)  (cost=378 rows=1872)
                -> Index range scan on sbtest2 using PRIMARY over (5912457 <= id <= 5913456)  (cost=378 rows=1872)


table 3 : explain SELECT DISTINCT c FROM sbtest3 WHERE id BETWEEN 1032236 AND 1033235 ORDER BY c
	-> Sort: sbtest3.c
    -> Table scan on <temporary>  (cost=794..820 rows=1838)
        -> Temporary table with deduplication  (cost=794..794 rows=1838)
            -> Filter: (sbtest3.id between 1032236 and 1033235)  (cost=371 rows=1838)
                -> Index range scan on sbtest3 using PRIMARY over (1032236 <= id <= 1033235)  (cost=371 rows=1838)


table 4 : explain SELECT DISTINCT c FROM sbtest4 WHERE id BETWEEN 9644949 AND 9645948 ORDER BY c
	-> Sort: sbtest4.c
    -> Table scan on <temporary>  (cost=809..835 rows=1872)
        -> Temporary table with deduplication  (cost=809..809 rows=1872)
            -> Filter: (sbtest4.id between 9644949 and 9645948)  (cost=378 rows=1872)
                -> Index range scan on sbtest4 using PRIMARY over (9644949 <= id <= 9645948)  (cost=378 rows=1872)


table 5 : explain SELECT DISTINCT c FROM sbtest5 WHERE id BETWEEN 4158412 AND 4159411 ORDER BY c
	-> Sort: sbtest5.c
    -> Table scan on <temporary>  (cost=809..835 rows=1872)
        -> Temporary table with deduplication  (cost=809..809 rows=1872)
            -> Filter: (sbtest5.id between 4158412 and 4159411)  (cost=378 rows=1872)
                -> Index range scan on sbtest5 using PRIMARY over (4158412 <= id <= 4159411)  (cost=378 rows=1872)


table 6 : explain SELECT DISTINCT c FROM sbtest6 WHERE id BETWEEN 471918 AND 472917 ORDER BY c
	-> Sort: sbtest6.c
    -> Table scan on <temporary>  (cost=809..835 rows=1872)
        -> Temporary table with deduplication  (cost=809..809 rows=1872)
            -> Filter: (sbtest6.id between 471918 and 472917)  (cost=378 rows=1872)
                -> Index range scan on sbtest6 using PRIMARY over (471918 <= id <= 472917)  (cost=378 rows=1872)


table 7 : explain SELECT DISTINCT c FROM sbtest7 WHERE id BETWEEN 2818631 AND 2819630 ORDER BY c
	-> Sort: sbtest7.c
    -> Table scan on <temporary>  (cost=794..820 rows=1838)
        -> Temporary table with deduplication  (cost=794..794 rows=1838)
            -> Filter: (sbtest7.id between 2818631 and 2819630)  (cost=371 rows=1838)
                -> Index range scan on sbtest7 using PRIMARY over (2818631 <= id <= 2819630)  (cost=371 rows=1838)


table 8 : explain SELECT DISTINCT c FROM sbtest8 WHERE id BETWEEN 622695 AND 623694 ORDER BY c
	-> Sort: sbtest8.c
    -> Table scan on <temporary>  (cost=794..820 rows=1838)
        -> Temporary table with deduplication  (cost=794..794 rows=1838)
            -> Filter: (sbtest8.id between 622695 and 623694)  (cost=371 rows=1838)
                -> Index range scan on sbtest8 using PRIMARY over (622695 <= id <= 623694)  (cost=371 rows=1838)


for: distinct_ranges
table 1 : explain SELECT DISTINCT c FROM sbtest1 WHERE id BETWEEN 6212487 AND 6213486 ORDER BY c
	-> Sort: sbtest1.c
    -> Table scan on <temporary>  (cost=809..835 rows=1872)
        -> Temporary table with deduplication  (cost=809..809 rows=1872)
            -> Filter: (sbtest1.id between 6212487 and 6213486)  (cost=378 rows=1872)
                -> Index range scan on sbtest1 using PRIMARY over (6212487 <= id <= 6213486)  (cost=378 rows=1872)


table 2 : explain SELECT DISTINCT c FROM sbtest2 WHERE id BETWEEN 1653589 AND 1654588 ORDER BY c
	-> Sort: sbtest2.c
    -> Table scan on <temporary>  (cost=794..820 rows=1838)
        -> Temporary table with deduplication  (cost=794..794 rows=1838)
            -> Filter: (sbtest2.id between 1653589 and 1654588)  (cost=371 rows=1838)
                -> Index range scan on sbtest2 using PRIMARY over (1653589 <= id <= 1654588)  (cost=371 rows=1838)


table 3 : explain SELECT DISTINCT c FROM sbtest3 WHERE id BETWEEN 1829499 AND 1830498 ORDER BY c
	-> Sort: sbtest3.c
    -> Table scan on <temporary>  (cost=809..835 rows=1872)
        -> Temporary table with deduplication  (cost=809..809 rows=1872)
            -> Filter: (sbtest3.id between 1829499 and 1830498)  (cost=378 rows=1872)
                -> Index range scan on sbtest3 using PRIMARY over (1829499 <= id <= 1830498)  (cost=378 rows=1872)


table 4 : explain SELECT DISTINCT c FROM sbtest4 WHERE id BETWEEN 3529146 AND 3530145 ORDER BY c
	-> Sort: sbtest4.c
    -> Table scan on <temporary>  (cost=794..820 rows=1838)
        -> Temporary table with deduplication  (cost=794..794 rows=1838)
            -> Filter: (sbtest4.id between 3529146 and 3530145)  (cost=371 rows=1838)
                -> Index range scan on sbtest4 using PRIMARY over (3529146 <= id <= 3530145)  (cost=371 rows=1838)


table 5 : explain SELECT DISTINCT c FROM sbtest5 WHERE id BETWEEN 6167233 AND 6168232 ORDER BY c
	-> Sort: sbtest5.c
    -> Table scan on <temporary>  (cost=809..835 rows=1872)
        -> Temporary table with deduplication  (cost=809..809 rows=1872)
            -> Filter: (sbtest5.id between 6167233 and 6168232)  (cost=378 rows=1872)
                -> Index range scan on sbtest5 using PRIMARY over (6167233 <= id <= 6168232)  (cost=378 rows=1872)


table 6 : explain SELECT DISTINCT c FROM sbtest6 WHERE id BETWEEN 8148253 AND 8149252 ORDER BY c
	-> Sort: sbtest6.c
    -> Table scan on <temporary>  (cost=794..820 rows=1838)
        -> Temporary table with deduplication  (cost=794..794 rows=1838)
            -> Filter: (sbtest6.id between 8148253 and 8149252)  (cost=371 rows=1838)
                -> Index range scan on sbtest6 using PRIMARY over (8148253 <= id <= 8149252)  (cost=371 rows=1838)


table 7 : explain SELECT DISTINCT c FROM sbtest7 WHERE id BETWEEN 7975899 AND 7976898 ORDER BY c
	-> Sort: sbtest7.c
    -> Table scan on <temporary>  (cost=794..820 rows=1838)
        -> Temporary table with deduplication  (cost=794..794 rows=1838)
            -> Filter: (sbtest7.id between 7975899 and 7976898)  (cost=371 rows=1838)
                -> Index range scan on sbtest7 using PRIMARY over (7975899 <= id <= 7976898)  (cost=371 rows=1838)


table 8 : explain SELECT DISTINCT c FROM sbtest8 WHERE id BETWEEN 8817141 AND 8818140 ORDER BY c
	-> Sort: sbtest8.c
    -> Table scan on <temporary>  (cost=809..835 rows=1872)
        -> Temporary table with deduplication  (cost=809..809 rows=1872)
            -> Filter: (sbtest8.id between 8817141 and 8818140)  (cost=378 rows=1872)
                -> Index range scan on sbtest8 using PRIMARY over (8817141 <= id <= 8818140)  (cost=378 rows=1872)


for: distinct_ranges
table 1 : explain SELECT DISTINCT c FROM sbtest1 WHERE id BETWEEN 8838439 AND 8839438 ORDER BY c
	-> Sort: sbtest1.c
    -> Table scan on <temporary>  (cost=795..821 rows=1840)
        -> Temporary table with deduplication  (cost=795..795 rows=1840)
            -> Filter: (sbtest1.id between 8838439 and 8839438)  (cost=371 rows=1840)
                -> Index range scan on sbtest1 using PRIMARY over (8838439 <= id <= 8839438)  (cost=371 rows=1840)


table 2 : explain SELECT DISTINCT c FROM sbtest2 WHERE id BETWEEN 2154101 AND 2155100 ORDER BY c
	-> Sort: sbtest2.c
    -> Table scan on <temporary>  (cost=794..820 rows=1838)
        -> Temporary table with deduplication  (cost=794..794 rows=1838)
            -> Filter: (sbtest2.id between 2154101 and 2155100)  (cost=371 rows=1838)
                -> Index range scan on sbtest2 using PRIMARY over (2154101 <= id <= 2155100)  (cost=371 rows=1838)


table 3 : explain SELECT DISTINCT c FROM sbtest3 WHERE id BETWEEN 78961 AND 79960 ORDER BY c
	-> Sort: sbtest3.c
    -> Table scan on <temporary>  (cost=809..835 rows=1872)
        -> Temporary table with deduplication  (cost=809..809 rows=1872)
            -> Filter: (sbtest3.id between 78961 and 79960)  (cost=378 rows=1872)
                -> Index range scan on sbtest3 using PRIMARY over (78961 <= id <= 79960)  (cost=378 rows=1872)


table 4 : explain SELECT DISTINCT c FROM sbtest4 WHERE id BETWEEN 5301468 AND 5302467 ORDER BY c
	-> Sort: sbtest4.c
    -> Table scan on <temporary>  (cost=794..820 rows=1838)
        -> Temporary table with deduplication  (cost=794..794 rows=1838)
            -> Filter: (sbtest4.id between 5301468 and 5302467)  (cost=371 rows=1838)
                -> Index range scan on sbtest4 using PRIMARY over (5301468 <= id <= 5302467)  (cost=371 rows=1838)


table 5 : explain SELECT DISTINCT c FROM sbtest5 WHERE id BETWEEN 3098800 AND 3099799 ORDER BY c
	-> Sort: sbtest5.c
    -> Table scan on <temporary>  (cost=794..820 rows=1838)
        -> Temporary table with deduplication  (cost=794..794 rows=1838)
            -> Filter: (sbtest5.id between 3098800 and 3099799)  (cost=371 rows=1838)
                -> Index range scan on sbtest5 using PRIMARY over (3098800 <= id <= 3099799)  (cost=371 rows=1838)


table 6 : explain SELECT DISTINCT c FROM sbtest6 WHERE id BETWEEN 5468104 AND 5469103 ORDER BY c
	-> Sort: sbtest6.c
    -> Table scan on <temporary>  (cost=809..835 rows=1872)
        -> Temporary table with deduplication  (cost=809..809 rows=1872)
            -> Filter: (sbtest6.id between 5468104 and 5469103)  (cost=378 rows=1872)
                -> Index range scan on sbtest6 using PRIMARY over (5468104 <= id <= 5469103)  (cost=378 rows=1872)


table 7 : explain SELECT DISTINCT c FROM sbtest7 WHERE id BETWEEN 5929113 AND 5930112 ORDER BY c
	-> Sort: sbtest7.c
    -> Table scan on <temporary>  (cost=809..835 rows=1872)
        -> Temporary table with deduplication  (cost=809..809 rows=1872)
            -> Filter: (sbtest7.id between 5929113 and 5930112)  (cost=378 rows=1872)
                -> Index range scan on sbtest7 using PRIMARY over (5929113 <= id <= 5930112)  (cost=378 rows=1872)


table 8 : explain SELECT DISTINCT c FROM sbtest8 WHERE id BETWEEN 4365037 AND 4366036 ORDER BY c
	-> Sort: sbtest8.c
    -> Table scan on <temporary>  (cost=794..820 rows=1838)
        -> Temporary table with deduplication  (cost=794..794 rows=1838)
            -> Filter: (sbtest8.id between 4365037 and 4366036)  (cost=371 rows=1838)
                -> Index range scan on sbtest8 using PRIMARY over (4365037 <= id <= 4366036)  (cost=371 rows=1838)


for: distinct_ranges
table 1 : explain SELECT DISTINCT c FROM sbtest1 WHERE id BETWEEN 8419673 AND 8420672 ORDER BY c
	-> Sort: sbtest1.c
    -> Table scan on <temporary>  (cost=794..820 rows=1838)
        -> Temporary table with deduplication  (cost=794..794 rows=1838)
            -> Filter: (sbtest1.id between 8419673 and 8420672)  (cost=371 rows=1838)
                -> Index range scan on sbtest1 using PRIMARY over (8419673 <= id <= 8420672)  (cost=371 rows=1838)


table 2 : explain SELECT DISTINCT c FROM sbtest2 WHERE id BETWEEN 8208779 AND 8209778 ORDER BY c
	-> Sort: sbtest2.c
    -> Table scan on <temporary>  (cost=794..820 rows=1838)
        -> Temporary table with deduplication  (cost=794..794 rows=1838)
            -> Filter: (sbtest2.id between 8208779 and 8209778)  (cost=371 rows=1838)
                -> Index range scan on sbtest2 using PRIMARY over (8208779 <= id <= 8209778)  (cost=371 rows=1838)


table 3 : explain SELECT DISTINCT c FROM sbtest3 WHERE id BETWEEN 7258544 AND 7259543 ORDER BY c
	-> Sort: sbtest3.c
    -> Table scan on <temporary>  (cost=794..820 rows=1838)
        -> Temporary table with deduplication  (cost=794..794 rows=1838)
            -> Filter: (sbtest3.id between 7258544 and 7259543)  (cost=371 rows=1838)
                -> Index range scan on sbtest3 using PRIMARY over (7258544 <= id <= 7259543)  (cost=371 rows=1838)


table 4 : explain SELECT DISTINCT c FROM sbtest4 WHERE id BETWEEN 2880979 AND 2881978 ORDER BY c
	-> Sort: sbtest4.c
    -> Table scan on <temporary>  (cost=794..820 rows=1838)
        -> Temporary table with deduplication  (cost=794..794 rows=1838)
            -> Filter: (sbtest4.id between 2880979 and 2881978)  (cost=371 rows=1838)
                -> Index range scan on sbtest4 using PRIMARY over (2880979 <= id <= 2881978)  (cost=371 rows=1838)


table 5 : explain SELECT DISTINCT c FROM sbtest5 WHERE id BETWEEN 7653947 AND 7654946 ORDER BY c
	-> Sort: sbtest5.c
    -> Table scan on <temporary>  (cost=809..835 rows=1872)
        -> Temporary table with deduplication  (cost=809..809 rows=1872)
            -> Filter: (sbtest5.id between 7653947 and 7654946)  (cost=378 rows=1872)
                -> Index range scan on sbtest5 using PRIMARY over (7653947 <= id <= 7654946)  (cost=378 rows=1872)


table 6 : explain SELECT DISTINCT c FROM sbtest6 WHERE id BETWEEN 8019331 AND 8020330 ORDER BY c
	-> Sort: sbtest6.c
    -> Table scan on <temporary>  (cost=794..820 rows=1838)
        -> Temporary table with deduplication  (cost=794..794 rows=1838)
            -> Filter: (sbtest6.id between 8019331 and 8020330)  (cost=371 rows=1838)
                -> Index range scan on sbtest6 using PRIMARY over (8019331 <= id <= 8020330)  (cost=371 rows=1838)


table 7 : explain SELECT DISTINCT c FROM sbtest7 WHERE id BETWEEN 1935375 AND 1936374 ORDER BY c
	-> Sort: sbtest7.c
    -> Table scan on <temporary>  (cost=794..820 rows=1838)
        -> Temporary table with deduplication  (cost=794..794 rows=1838)
            -> Filter: (sbtest7.id between 1935375 and 1936374)  (cost=371 rows=1838)
                -> Index range scan on sbtest7 using PRIMARY over (1935375 <= id <= 1936374)  (cost=371 rows=1838)


table 8 : explain SELECT DISTINCT c FROM sbtest8 WHERE id BETWEEN 9642654 AND 9643653 ORDER BY c
	-> Sort: sbtest8.c
    -> Table scan on <temporary>  (cost=794..820 rows=1838)
        -> Temporary table with deduplication  (cost=794..794 rows=1838)
            -> Filter: (sbtest8.id between 9642654 and 9643653)  (cost=371 rows=1838)
                -> Index range scan on sbtest8 using PRIMARY over (9642654 <= id <= 9643653)  (cost=371 rows=1838)


for: distinct_ranges
table 1 : explain SELECT DISTINCT c FROM sbtest1 WHERE id BETWEEN 6677268 AND 6678267 ORDER BY c
	-> Sort: sbtest1.c
    -> Table scan on <temporary>  (cost=794..820 rows=1838)
        -> Temporary table with deduplication  (cost=794..794 rows=1838)
            -> Filter: (sbtest1.id between 6677268 and 6678267)  (cost=371 rows=1838)
                -> Index range scan on sbtest1 using PRIMARY over (6677268 <= id <= 6678267)  (cost=371 rows=1838)


table 2 : explain SELECT DISTINCT c FROM sbtest2 WHERE id BETWEEN 9636361 AND 9637360 ORDER BY c
	-> Sort: sbtest2.c
    -> Table scan on <temporary>  (cost=794..820 rows=1838)
        -> Temporary table with deduplication  (cost=794..794 rows=1838)
            -> Filter: (sbtest2.id between 9636361 and 9637360)  (cost=371 rows=1838)
                -> Index range scan on sbtest2 using PRIMARY over (9636361 <= id <= 9637360)  (cost=371 rows=1838)


table 3 : explain SELECT DISTINCT c FROM sbtest3 WHERE id BETWEEN 9613607 AND 9614606 ORDER BY c
	-> Sort: sbtest3.c
    -> Table scan on <temporary>  (cost=794..820 rows=1838)
        -> Temporary table with deduplication  (cost=794..794 rows=1838)
            -> Filter: (sbtest3.id between 9613607 and 9614606)  (cost=371 rows=1838)
                -> Index range scan on sbtest3 using PRIMARY over (9613607 <= id <= 9614606)  (cost=371 rows=1838)


table 4 : explain SELECT DISTINCT c FROM sbtest4 WHERE id BETWEEN 5175416 AND 5176415 ORDER BY c
	-> Sort: sbtest4.c
    -> Table scan on <temporary>  (cost=794..820 rows=1838)
        -> Temporary table with deduplication  (cost=794..794 rows=1838)
            -> Filter: (sbtest4.id between 5175416 and 5176415)  (cost=371 rows=1838)
                -> Index range scan on sbtest4 using PRIMARY over (5175416 <= id <= 5176415)  (cost=371 rows=1838)


table 5 : explain SELECT DISTINCT c FROM sbtest5 WHERE id BETWEEN 7660465 AND 7661464 ORDER BY c
	-> Sort: sbtest5.c
    -> Table scan on <temporary>  (cost=794..820 rows=1838)
        -> Temporary table with deduplication  (cost=794..794 rows=1838)
            -> Filter: (sbtest5.id between 7660465 and 7661464)  (cost=371 rows=1838)
                -> Index range scan on sbtest5 using PRIMARY over (7660465 <= id <= 7661464)  (cost=371 rows=1838)


table 6 : explain SELECT DISTINCT c FROM sbtest6 WHERE id BETWEEN 7917768 AND 7918767 ORDER BY c
	-> Sort: sbtest6.c
    -> Table scan on <temporary>  (cost=809..835 rows=1872)
        -> Temporary table with deduplication  (cost=809..809 rows=1872)
            -> Filter: (sbtest6.id between 7917768 and 7918767)  (cost=378 rows=1872)
                -> Index range scan on sbtest6 using PRIMARY over (7917768 <= id <= 7918767)  (cost=378 rows=1872)


table 7 : explain SELECT DISTINCT c FROM sbtest7 WHERE id BETWEEN 2773629 AND 2774628 ORDER BY c
	-> Sort: sbtest7.c
    -> Table scan on <temporary>  (cost=794..820 rows=1838)
        -> Temporary table with deduplication  (cost=794..794 rows=1838)
            -> Filter: (sbtest7.id between 2773629 and 2774628)  (cost=371 rows=1838)
                -> Index range scan on sbtest7 using PRIMARY over (2773629 <= id <= 2774628)  (cost=371 rows=1838)


table 8 : explain SELECT DISTINCT c FROM sbtest8 WHERE id BETWEEN 7650502 AND 7651501 ORDER BY c
	-> Sort: sbtest8.c
    -> Table scan on <temporary>  (cost=794..820 rows=1838)
        -> Temporary table with deduplication  (cost=794..794 rows=1838)
            -> Filter: (sbtest8.id between 7650502 and 7651501)  (cost=371 rows=1838)
                -> Index range scan on sbtest8 using PRIMARY over (7650502 <= id <= 7651501)  (cost=371 rows=1838)


for: distinct_ranges
table 1 : explain SELECT DISTINCT c FROM sbtest1 WHERE id BETWEEN 9077681 AND 9078680 ORDER BY c
	-> Sort: sbtest1.c
    -> Table scan on <temporary>  (cost=809..835 rows=1872)
        -> Temporary table with deduplication  (cost=809..809 rows=1872)
            -> Filter: (sbtest1.id between 9077681 and 9078680)  (cost=378 rows=1872)
                -> Index range scan on sbtest1 using PRIMARY over (9077681 <= id <= 9078680)  (cost=378 rows=1872)


table 2 : explain SELECT DISTINCT c FROM sbtest2 WHERE id BETWEEN 3563811 AND 3564810 ORDER BY c
	-> Sort: sbtest2.c
    -> Table scan on <temporary>  (cost=794..820 rows=1838)
        -> Temporary table with deduplication  (cost=794..794 rows=1838)
            -> Filter: (sbtest2.id between 3563811 and 3564810)  (cost=371 rows=1838)
                -> Index range scan on sbtest2 using PRIMARY over (3563811 <= id <= 3564810)  (cost=371 rows=1838)


table 3 : explain SELECT DISTINCT c FROM sbtest3 WHERE id BETWEEN 9136779 AND 9137778 ORDER BY c
	-> Sort: sbtest3.c
    -> Table scan on <temporary>  (cost=794..820 rows=1838)
        -> Temporary table with deduplication  (cost=794..794 rows=1838)
            -> Filter: (sbtest3.id between 9136779 and 9137778)  (cost=371 rows=1838)
                -> Index range scan on sbtest3 using PRIMARY over (9136779 <= id <= 9137778)  (cost=371 rows=1838)


table 4 : explain SELECT DISTINCT c FROM sbtest4 WHERE id BETWEEN 3678141 AND 3679140 ORDER BY c
	-> Sort: sbtest4.c
    -> Table scan on <temporary>  (cost=794..820 rows=1838)
        -> Temporary table with deduplication  (cost=794..794 rows=1838)
            -> Filter: (sbtest4.id between 3678141 and 3679140)  (cost=371 rows=1838)
                -> Index range scan on sbtest4 using PRIMARY over (3678141 <= id <= 3679140)  (cost=371 rows=1838)


table 5 : explain SELECT DISTINCT c FROM sbtest5 WHERE id BETWEEN 2037046 AND 2038045 ORDER BY c
	-> Sort: sbtest5.c
    -> Table scan on <temporary>  (cost=809..835 rows=1872)
        -> Temporary table with deduplication  (cost=809..809 rows=1872)
            -> Filter: (sbtest5.id between 2037046 and 2038045)  (cost=378 rows=1872)
                -> Index range scan on sbtest5 using PRIMARY over (2037046 <= id <= 2038045)  (cost=378 rows=1872)


table 6 : explain SELECT DISTINCT c FROM sbtest6 WHERE id BETWEEN 3918068 AND 3919067 ORDER BY c
	-> Sort: sbtest6.c
    -> Table scan on <temporary>  (cost=794..820 rows=1838)
        -> Temporary table with deduplication  (cost=794..794 rows=1838)
            -> Filter: (sbtest6.id between 3918068 and 3919067)  (cost=371 rows=1838)
                -> Index range scan on sbtest6 using PRIMARY over (3918068 <= id <= 3919067)  (cost=371 rows=1838)


table 7 : explain SELECT DISTINCT c FROM sbtest7 WHERE id BETWEEN 2720516 AND 2721515 ORDER BY c
	-> Sort: sbtest7.c
    -> Table scan on <temporary>  (cost=794..820 rows=1838)
        -> Temporary table with deduplication  (cost=794..794 rows=1838)
            -> Filter: (sbtest7.id between 2720516 and 2721515)  (cost=371 rows=1838)
                -> Index range scan on sbtest7 using PRIMARY over (2720516 <= id <= 2721515)  (cost=371 rows=1838)


table 8 : explain SELECT DISTINCT c FROM sbtest8 WHERE id BETWEEN 8924637 AND 8925636 ORDER BY c
	-> Sort: sbtest8.c
    -> Table scan on <temporary>  (cost=794..820 rows=1838)
        -> Temporary table with deduplication  (cost=794..794 rows=1838)
            -> Filter: (sbtest8.id between 8924637 and 8925636)  (cost=371 rows=1838)
                -> Index range scan on sbtest8 using PRIMARY over (8924637 <= id <= 8925636)  (cost=371 rows=1838)


for: distinct_ranges
table 1 : explain SELECT DISTINCT c FROM sbtest1 WHERE id BETWEEN 8441082 AND 8442081 ORDER BY c
	-> Sort: sbtest1.c
    -> Table scan on <temporary>  (cost=794..820 rows=1838)
        -> Temporary table with deduplication  (cost=794..794 rows=1838)
            -> Filter: (sbtest1.id between 8441082 and 8442081)  (cost=371 rows=1838)
                -> Index range scan on sbtest1 using PRIMARY over (8441082 <= id <= 8442081)  (cost=371 rows=1838)


table 2 : explain SELECT DISTINCT c FROM sbtest2 WHERE id BETWEEN 4728084 AND 4729083 ORDER BY c
	-> Sort: sbtest2.c
    -> Table scan on <temporary>  (cost=794..820 rows=1838)
        -> Temporary table with deduplication  (cost=794..794 rows=1838)
            -> Filter: (sbtest2.id between 4728084 and 4729083)  (cost=371 rows=1838)
                -> Index range scan on sbtest2 using PRIMARY over (4728084 <= id <= 4729083)  (cost=371 rows=1838)


table 3 : explain SELECT DISTINCT c FROM sbtest3 WHERE id BETWEEN 3960417 AND 3961416 ORDER BY c
	-> Sort: sbtest3.c
    -> Table scan on <temporary>  (cost=794..820 rows=1838)
        -> Temporary table with deduplication  (cost=794..794 rows=1838)
            -> Filter: (sbtest3.id between 3960417 and 3961416)  (cost=371 rows=1838)
                -> Index range scan on sbtest3 using PRIMARY over (3960417 <= id <= 3961416)  (cost=371 rows=1838)


table 4 : explain SELECT DISTINCT c FROM sbtest4 WHERE id BETWEEN 2241984 AND 2242983 ORDER BY c
	-> Sort: sbtest4.c
    -> Table scan on <temporary>  (cost=794..820 rows=1838)
        -> Temporary table with deduplication  (cost=794..794 rows=1838)
            -> Filter: (sbtest4.id between 2241984 and 2242983)  (cost=371 rows=1838)
                -> Index range scan on sbtest4 using PRIMARY over (2241984 <= id <= 2242983)  (cost=371 rows=1838)


table 5 : explain SELECT DISTINCT c FROM sbtest5 WHERE id BETWEEN 5991461 AND 5992460 ORDER BY c
	-> Sort: sbtest5.c
    -> Table scan on <temporary>  (cost=809..835 rows=1872)
        -> Temporary table with deduplication  (cost=809..809 rows=1872)
            -> Filter: (sbtest5.id between 5991461 and 5992460)  (cost=378 rows=1872)
                -> Index range scan on sbtest5 using PRIMARY over (5991461 <= id <= 5992460)  (cost=378 rows=1872)


table 6 : explain SELECT DISTINCT c FROM sbtest6 WHERE id BETWEEN 5984286 AND 5985285 ORDER BY c
	-> Sort: sbtest6.c
    -> Table scan on <temporary>  (cost=809..835 rows=1872)
        -> Temporary table with deduplication  (cost=809..809 rows=1872)
            -> Filter: (sbtest6.id between 5984286 and 5985285)  (cost=378 rows=1872)
                -> Index range scan on sbtest6 using PRIMARY over (5984286 <= id <= 5985285)  (cost=378 rows=1872)


table 7 : explain SELECT DISTINCT c FROM sbtest7 WHERE id BETWEEN 209283 AND 210282 ORDER BY c
	-> Sort: sbtest7.c
    -> Table scan on <temporary>  (cost=794..820 rows=1838)
        -> Temporary table with deduplication  (cost=794..794 rows=1838)
            -> Filter: (sbtest7.id between 209283 and 210282)  (cost=371 rows=1838)
                -> Index range scan on sbtest7 using PRIMARY over (209283 <= id <= 210282)  (cost=371 rows=1838)


table 8 : explain SELECT DISTINCT c FROM sbtest8 WHERE id BETWEEN 6350137 AND 6351136 ORDER BY c
	-> Sort: sbtest8.c
    -> Table scan on <temporary>  (cost=794..820 rows=1838)
        -> Temporary table with deduplication  (cost=794..794 rows=1838)
            -> Filter: (sbtest8.id between 6350137 and 6351136)  (cost=371 rows=1838)
                -> Index range scan on sbtest8 using PRIMARY over (6350137 <= id <= 6351136)  (cost=371 rows=1838)


for: distinct_ranges
table 1 : explain SELECT DISTINCT c FROM sbtest1 WHERE id BETWEEN 7720182 AND 7721181 ORDER BY c
	-> Sort: sbtest1.c
    -> Table scan on <temporary>  (cost=794..820 rows=1838)
        -> Temporary table with deduplication  (cost=794..794 rows=1838)
            -> Filter: (sbtest1.id between 7720182 and 7721181)  (cost=371 rows=1838)
                -> Index range scan on sbtest1 using PRIMARY over (7720182 <= id <= 7721181)  (cost=371 rows=1838)


table 2 : explain SELECT DISTINCT c FROM sbtest2 WHERE id BETWEEN 4187461 AND 4188460 ORDER BY c
	-> Sort: sbtest2.c
    -> Table scan on <temporary>  (cost=794..820 rows=1838)
        -> Temporary table with deduplication  (cost=794..794 rows=1838)
            -> Filter: (sbtest2.id between 4187461 and 4188460)  (cost=371 rows=1838)
                -> Index range scan on sbtest2 using PRIMARY over (4187461 <= id <= 4188460)  (cost=371 rows=1838)


table 3 : explain SELECT DISTINCT c FROM sbtest3 WHERE id BETWEEN 682937 AND 683936 ORDER BY c
	-> Sort: sbtest3.c
    -> Table scan on <temporary>  (cost=794..820 rows=1838)
        -> Temporary table with deduplication  (cost=794..794 rows=1838)
            -> Filter: (sbtest3.id between 682937 and 683936)  (cost=371 rows=1838)
                -> Index range scan on sbtest3 using PRIMARY over (682937 <= id <= 683936)  (cost=371 rows=1838)


table 4 : explain SELECT DISTINCT c FROM sbtest4 WHERE id BETWEEN 828227 AND 829226 ORDER BY c
	-> Sort: sbtest4.c
    -> Table scan on <temporary>  (cost=809..835 rows=1872)
        -> Temporary table with deduplication  (cost=809..809 rows=1872)
            -> Filter: (sbtest4.id between 828227 and 829226)  (cost=378 rows=1872)
                -> Index range scan on sbtest4 using PRIMARY over (828227 <= id <= 829226)  (cost=378 rows=1872)


table 5 : explain SELECT DISTINCT c FROM sbtest5 WHERE id BETWEEN 5461429 AND 5462428 ORDER BY c
	-> Sort: sbtest5.c
    -> Table scan on <temporary>  (cost=794..820 rows=1838)
        -> Temporary table with deduplication  (cost=794..794 rows=1838)
            -> Filter: (sbtest5.id between 5461429 and 5462428)  (cost=371 rows=1838)
                -> Index range scan on sbtest5 using PRIMARY over (5461429 <= id <= 5462428)  (cost=371 rows=1838)


table 6 : explain SELECT DISTINCT c FROM sbtest6 WHERE id BETWEEN 3571619 AND 3572618 ORDER BY c
	-> Sort: sbtest6.c
    -> Table scan on <temporary>  (cost=794..820 rows=1838)
        -> Temporary table with deduplication  (cost=794..794 rows=1838)
            -> Filter: (sbtest6.id between 3571619 and 3572618)  (cost=371 rows=1838)
                -> Index range scan on sbtest6 using PRIMARY over (3571619 <= id <= 3572618)  (cost=371 rows=1838)


table 7 : explain SELECT DISTINCT c FROM sbtest7 WHERE id BETWEEN 9947122 AND 9948121 ORDER BY c
	-> Sort: sbtest7.c
    -> Table scan on <temporary>  (cost=794..820 rows=1838)
        -> Temporary table with deduplication  (cost=794..794 rows=1838)
            -> Filter: (sbtest7.id between 9947122 and 9948121)  (cost=371 rows=1838)
                -> Index range scan on sbtest7 using PRIMARY over (9947122 <= id <= 9948121)  (cost=371 rows=1838)


table 8 : explain SELECT DISTINCT c FROM sbtest8 WHERE id BETWEEN 4588327 AND 4589326 ORDER BY c
	-> Sort: sbtest8.c
    -> Table scan on <temporary>  (cost=809..835 rows=1872)
        -> Temporary table with deduplication  (cost=809..809 rows=1872)
            -> Filter: (sbtest8.id between 4588327 and 4589326)  (cost=378 rows=1872)
                -> Index range scan on sbtest8 using PRIMARY over (4588327 <= id <= 4589326)  (cost=378 rows=1872)


for: distinct_ranges
table 1 : explain SELECT DISTINCT c FROM sbtest1 WHERE id BETWEEN 9230932 AND 9231931 ORDER BY c
	-> Sort: sbtest1.c
    -> Table scan on <temporary>  (cost=794..820 rows=1838)
        -> Temporary table with deduplication  (cost=794..794 rows=1838)
            -> Filter: (sbtest1.id between 9230932 and 9231931)  (cost=371 rows=1838)
                -> Index range scan on sbtest1 using PRIMARY over (9230932 <= id <= 9231931)  (cost=371 rows=1838)


table 2 : explain SELECT DISTINCT c FROM sbtest2 WHERE id BETWEEN 2077834 AND 2078833 ORDER BY c
	-> Sort: sbtest2.c
    -> Table scan on <temporary>  (cost=794..820 rows=1838)
        -> Temporary table with deduplication  (cost=794..794 rows=1838)
            -> Filter: (sbtest2.id between 2077834 and 2078833)  (cost=371 rows=1838)
                -> Index range scan on sbtest2 using PRIMARY over (2077834 <= id <= 2078833)  (cost=371 rows=1838)


table 3 : explain SELECT DISTINCT c FROM sbtest3 WHERE id BETWEEN 6973429 AND 6974428 ORDER BY c
	-> Sort: sbtest3.c
    -> Table scan on <temporary>  (cost=794..820 rows=1838)
        -> Temporary table with deduplication  (cost=794..794 rows=1838)
            -> Filter: (sbtest3.id between 6973429 and 6974428)  (cost=371 rows=1838)
                -> Index range scan on sbtest3 using PRIMARY over (6973429 <= id <= 6974428)  (cost=371 rows=1838)


table 4 : explain SELECT DISTINCT c FROM sbtest4 WHERE id BETWEEN 683096 AND 684095 ORDER BY c
	-> Sort: sbtest4.c
    -> Table scan on <temporary>  (cost=794..820 rows=1838)
        -> Temporary table with deduplication  (cost=794..794 rows=1838)
            -> Filter: (sbtest4.id between 683096 and 684095)  (cost=371 rows=1838)
                -> Index range scan on sbtest4 using PRIMARY over (683096 <= id <= 684095)  (cost=371 rows=1838)


table 5 : explain SELECT DISTINCT c FROM sbtest5 WHERE id BETWEEN 3221786 AND 3222785 ORDER BY c
	-> Sort: sbtest5.c
    -> Table scan on <temporary>  (cost=794..820 rows=1838)
        -> Temporary table with deduplication  (cost=794..794 rows=1838)
            -> Filter: (sbtest5.id between 3221786 and 3222785)  (cost=371 rows=1838)
                -> Index range scan on sbtest5 using PRIMARY over (3221786 <= id <= 3222785)  (cost=371 rows=1838)


table 6 : explain SELECT DISTINCT c FROM sbtest6 WHERE id BETWEEN 3384628 AND 3385627 ORDER BY c
	-> Sort: sbtest6.c
    -> Table scan on <temporary>  (cost=809..835 rows=1872)
        -> Temporary table with deduplication  (cost=809..809 rows=1872)
            -> Filter: (sbtest6.id between 3384628 and 3385627)  (cost=378 rows=1872)
                -> Index range scan on sbtest6 using PRIMARY over (3384628 <= id <= 3385627)  (cost=378 rows=1872)


table 7 : explain SELECT DISTINCT c FROM sbtest7 WHERE id BETWEEN 4646397 AND 4647396 ORDER BY c
	-> Sort: sbtest7.c
    -> Table scan on <temporary>  (cost=794..820 rows=1838)
        -> Temporary table with deduplication  (cost=794..794 rows=1838)
            -> Filter: (sbtest7.id between 4646397 and 4647396)  (cost=371 rows=1838)
                -> Index range scan on sbtest7 using PRIMARY over (4646397 <= id <= 4647396)  (cost=371 rows=1838)


table 8 : explain SELECT DISTINCT c FROM sbtest8 WHERE id BETWEEN 6248893 AND 6249892 ORDER BY c
	-> Sort: sbtest8.c
    -> Table scan on <temporary>  (cost=794..820 rows=1838)
        -> Temporary table with deduplication  (cost=794..794 rows=1838)
            -> Filter: (sbtest8.id between 6248893 and 6249892)  (cost=371 rows=1838)
                -> Index range scan on sbtest8 using PRIMARY over (6248893 <= id <= 6249892)  (cost=371 rows=1838)


for: distinct_ranges
table 1 : explain SELECT DISTINCT c FROM sbtest1 WHERE id BETWEEN 6959704 AND 6960703 ORDER BY c
	-> Sort: sbtest1.c
    -> Table scan on <temporary>  (cost=794..820 rows=1838)
        -> Temporary table with deduplication  (cost=794..794 rows=1838)
            -> Filter: (sbtest1.id between 6959704 and 6960703)  (cost=371 rows=1838)
                -> Index range scan on sbtest1 using PRIMARY over (6959704 <= id <= 6960703)  (cost=371 rows=1838)


table 2 : explain SELECT DISTINCT c FROM sbtest2 WHERE id BETWEEN 3540288 AND 3541287 ORDER BY c
	-> Sort: sbtest2.c
    -> Table scan on <temporary>  (cost=794..820 rows=1838)
        -> Temporary table with deduplication  (cost=794..794 rows=1838)
            -> Filter: (sbtest2.id between 3540288 and 3541287)  (cost=371 rows=1838)
                -> Index range scan on sbtest2 using PRIMARY over (3540288 <= id <= 3541287)  (cost=371 rows=1838)


table 3 : explain SELECT DISTINCT c FROM sbtest3 WHERE id BETWEEN 6642768 AND 6643767 ORDER BY c
	-> Sort: sbtest3.c
    -> Table scan on <temporary>  (cost=794..820 rows=1838)
        -> Temporary table with deduplication  (cost=794..794 rows=1838)
            -> Filter: (sbtest3.id between 6642768 and 6643767)  (cost=371 rows=1838)
                -> Index range scan on sbtest3 using PRIMARY over (6642768 <= id <= 6643767)  (cost=371 rows=1838)


table 4 : explain SELECT DISTINCT c FROM sbtest4 WHERE id BETWEEN 6354116 AND 6355115 ORDER BY c
	-> Sort: sbtest4.c
    -> Table scan on <temporary>  (cost=809..835 rows=1872)
        -> Temporary table with deduplication  (cost=809..809 rows=1872)
            -> Filter: (sbtest4.id between 6354116 and 6355115)  (cost=378 rows=1872)
                -> Index range scan on sbtest4 using PRIMARY over (6354116 <= id <= 6355115)  (cost=378 rows=1872)


table 5 : explain SELECT DISTINCT c FROM sbtest5 WHERE id BETWEEN 24235 AND 25234 ORDER BY c
	-> Sort: sbtest5.c
    -> Table scan on <temporary>  (cost=794..820 rows=1838)
        -> Temporary table with deduplication  (cost=794..794 rows=1838)
            -> Filter: (sbtest5.id between 24235 and 25234)  (cost=371 rows=1838)
                -> Index range scan on sbtest5 using PRIMARY over (24235 <= id <= 25234)  (cost=371 rows=1838)


table 6 : explain SELECT DISTINCT c FROM sbtest6 WHERE id BETWEEN 1784925 AND 1785924 ORDER BY c
	-> Sort: sbtest6.c
    -> Table scan on <temporary>  (cost=794..820 rows=1838)
        -> Temporary table with deduplication  (cost=794..794 rows=1838)
            -> Filter: (sbtest6.id between 1784925 and 1785924)  (cost=371 rows=1838)
                -> Index range scan on sbtest6 using PRIMARY over (1784925 <= id <= 1785924)  (cost=371 rows=1838)


table 7 : explain SELECT DISTINCT c FROM sbtest7 WHERE id BETWEEN 7378059 AND 7379058 ORDER BY c
	-> Sort: sbtest7.c
    -> Table scan on <temporary>  (cost=794..820 rows=1838)
        -> Temporary table with deduplication  (cost=794..794 rows=1838)
            -> Filter: (sbtest7.id between 7378059 and 7379058)  (cost=371 rows=1838)
                -> Index range scan on sbtest7 using PRIMARY over (7378059 <= id <= 7379058)  (cost=371 rows=1838)


table 8 : explain SELECT DISTINCT c FROM sbtest8 WHERE id BETWEEN 1515070 AND 1516069 ORDER BY c
	-> Sort: sbtest8.c
    -> Table scan on <temporary>  (cost=794..820 rows=1838)
        -> Temporary table with deduplication  (cost=794..794 rows=1838)
            -> Filter: (sbtest8.id between 1515070 and 1516069)  (cost=371 rows=1838)
                -> Index range scan on sbtest8 using PRIMARY over (1515070 <= id <= 1516069)  (cost=371 rows=1838)


Threads started!

Warming up for 5 seconds...

SQL statistics:
    queries performed:
        read:                            240709034
        write:                           0
        other:                           43765292
        total:                           284474326
    transactions:                        21882666 (34733.59 per sec.)
    queries:                             284474326 (451536.10 per sec.)
    ignored errors:                      0      (0.00 per sec.)
    reconnects:                          0      (0.00 per sec.)

Throughput:
    events/s (eps):                      34733.5865
    time elapsed:                        630.0147s
    total number of events:              21882666

Latency (ms):
         min:                                    0.66
         avg:                                    1.15
         max:                                   28.79
         95th percentile:                        1.21
         sum:                             25179187.84

Threads fairness:
    events (avg/stddev):           547065.8750/2635.31
    execution time (avg/stddev):   629.4797/0.00

