LUA_PATH=/home/mdcallag/git/mytools/bench/sysbench.lua/lua/?.lua /home/mdcallag/git/mytools/bench/sysbench.lua/lua/sysbench --db-driver=mysql --range-size=1000 --table-size=10000000 --tables=8 --threads=40 --events=0 --warmup-time=5 --time=630 /home/mdcallag/git/mytools/bench/sysbench.lua/lua/oltp_read_only.lua run --mysql-user=root --mysql-password=pw --mysql-host=127.0.0.1 --mysql-db=test --rand-type=uniform --simple-ranges=0 --sum-ranges=1 --order-ranges=0 --distinct-ranges=0
48 CPUs
sysbench 1.1.0-9072687 (using bundled LuaJIT 2.1.0-beta3)

Running the test with following options:
Number of threads: 40
Warmup time: 5s
Initializing random number generator from current time


Initializing worker threads...

explain: for point_selects :: explain SELECT c FROM sbtest%u WHERE id=%u
explain: for point_selects :: explain SELECT c FROM sbtest%u WHERE id=%u
explain: for point_selects :: explain SELECT c FROM sbtest%u WHERE id=%u
explain: for point_selects :: explain SELECT c FROM sbtest%u WHERE id=%u
explain: for point_selects :: explain SELECT c FROM sbtest%u WHERE id=%u
explain: for point_selects :: explain SELECT c FROM sbtest%u WHERE id=%u
explain: for point_selects :: explain SELECT c FROM sbtest%u WHERE id=%u
explain: for point_selects :: explain SELECT c FROM sbtest%u WHERE id=%u
explain: for point_selects :: explain SELECT c FROM sbtest%u WHERE id=%u
explain: for point_selects :: explain SELECT c FROM sbtest%u WHERE id=%u
explain: for point_selects :: explain SELECT c FROM sbtest%u WHERE id=%u
for point_selects
table 1 : explain SELECT c FROM sbtest1 WHERE id=8355531
	-> Rows fetched before execution  (cost=0..0 rows=1)


table 2 : explain SELECT c FROM sbtest2 WHERE id=2208503
	-> Rows fetched before execution  (cost=0..0 rows=1)


table 3 : explain SELECT c FROM sbtest3 WHERE id=6416486
	-> Rows fetched before execution  (cost=0..0 rows=1)


table 4 : explain SELECT c FROM sbtest4 WHERE id=2436623
	-> Rows fetched before execution  (cost=0..0 rows=1)


table 5 : explain SELECT c FROM sbtest5 WHERE id=1185809
	-> Rows fetched before execution  (cost=0..0 rows=1)


table 6 : explain SELECT c FROM sbtest6 WHERE id=7840171
	-> Rows fetched before execution  (cost=0..0 rows=1)


table 7 : explain SELECT c FROM sbtest7 WHERE id=7604579
	-> Rows fetched before execution  (cost=0..0 rows=1)


table 8 : explain SELECT c FROM sbtest8 WHERE id=5136122
	-> Rows fetched before execution  (cost=0..0 rows=1)


explain: for point_selects :: explain SELECT c FROM sbtest%u WHERE id=%u
for point_selects
table 1 : explain SELECT c FROM sbtest1 WHERE id=6946186
	-> Rows fetched before execution  (cost=0..0 rows=1)


table 2 : explain SELECT c FROM sbtest2 WHERE id=6201340
	-> Rows fetched before execution  (cost=0..0 rows=1)


table 3 : explain SELECT c FROM sbtest3 WHERE id=2514196
	-> Rows fetched before execution  (cost=0..0 rows=1)


table 4 : explain SELECT c FROM sbtest4 WHERE id=1005727
	-> Rows fetched before execution  (cost=0..0 rows=1)


table 5 : explain SELECT c FROM sbtest5 WHERE id=3311690
	-> Rows fetched before execution  (cost=0..0 rows=1)


table 6 : explain SELECT c FROM sbtest6 WHERE id=2583342
	-> Rows fetched before execution  (cost=0..0 rows=1)


table 7 : explain SELECT c FROM sbtest7 WHERE id=8437736
	-> Rows fetched before execution  (cost=0..0 rows=1)


table 8 : explain SELECT c FROM sbtest8 WHERE id=5686614
	-> Rows fetched before execution  (cost=0..0 rows=1)


for point_selects
table 1 : explain SELECT c FROM sbtest1 WHERE id=2346975
	-> Rows fetched before execution  (cost=0..0 rows=1)


table 2 : explain SELECT c FROM sbtest2 WHERE id=3916827
	-> Rows fetched before execution  (cost=0..0 rows=1)


table 3 : explain SELECT c FROM sbtest3 WHERE id=449912
	-> Rows fetched before execution  (cost=0..0 rows=1)


table 4 : explain SELECT c FROM sbtest4 WHERE id=7576969
	-> Rows fetched before execution  (cost=0..0 rows=1)


table 5 : explain SELECT c FROM sbtest5 WHERE id=4646710
	-> Rows fetched before execution  (cost=0..0 rows=1)


table 6 : explain SELECT c FROM sbtest6 WHERE id=348881
	-> Rows fetched before execution  (cost=0..0 rows=1)


table 7 : explain SELECT c FROM sbtest7 WHERE id=1373419
	-> Rows fetched before execution  (cost=0..0 rows=1)


table 8 : explain SELECT c FROM sbtest8 WHERE id=9049424
	-> Rows fetched before execution  (cost=0..0 rows=1)


for point_selects
table 1 : explain SELECT c FROM sbtest1 WHERE id=8929619
	-> Rows fetched before execution  (cost=0..0 rows=1)


table 2 : explain SELECT c FROM sbtest2 WHERE id=6120934
	-> Rows fetched before execution  (cost=0..0 rows=1)


table 3 : explain SELECT c FROM sbtest3 WHERE id=2392000
	-> Rows fetched before execution  (cost=0..0 rows=1)


table 4 : explain SELECT c FROM sbtest4 WHERE id=4023123
	-> Rows fetched before execution  (cost=0..0 rows=1)


table 5 : explain SELECT c FROM sbtest5 WHERE id=2687688
	-> Rows fetched before execution  (cost=0..0 rows=1)


table 6 : explain SELECT c FROM sbtest6 WHERE id=2972552
	-> Rows fetched before execution  (cost=0..0 rows=1)


table 7 : explain SELECT c FROM sbtest7 WHERE id=4735757
	-> Rows fetched before execution  (cost=0..0 rows=1)


table 8 : explain SELECT c FROM sbtest8 WHERE id=8755850
	-> Rows fetched before execution  (cost=0..0 rows=1)


for point_selects
table 1 : explain SELECT c FROM sbtest1 WHERE id=6899131
	-> Rows fetched before execution  (cost=0..0 rows=1)


table 2 : explain SELECT c FROM sbtest2 WHERE id=1800373
	-> Rows fetched before execution  (cost=0..0 rows=1)


table 3 : explain SELECT c FROM sbtest3 WHERE id=9771441
	-> Rows fetched before execution  (cost=0..0 rows=1)


table 4 : explain SELECT c FROM sbtest4 WHERE id=2815725
	-> Rows fetched before execution  (cost=0..0 rows=1)


table 5 : explain SELECT c FROM sbtest5 WHERE id=4618895
	-> Rows fetched before execution  (cost=0..0 rows=1)


table 6 : explain SELECT c FROM sbtest6 WHERE id=5431344
	-> Rows fetched before execution  (cost=0..0 rows=1)


table 7 : explain SELECT c FROM sbtest7 WHERE id=2771384
	-> Rows fetched before execution  (cost=0..0 rows=1)


table 8 : explain SELECT c FROM sbtest8 WHERE id=7550549
	-> Rows fetched before execution  (cost=0..0 rows=1)


for point_selects
table 1 : explain SELECT c FROM sbtest1 WHERE id=6309375
	-> Rows fetched before execution  (cost=0..0 rows=1)


table 2 : explain SELECT c FROM sbtest2 WHERE id=2447782
	-> Rows fetched before execution  (cost=0..0 rows=1)


table 3 : explain SELECT c FROM sbtest3 WHERE id=5385783
	-> Rows fetched before execution  (cost=0..0 rows=1)


table 4 : explain SELECT c FROM sbtest4 WHERE id=2167324
	-> Rows fetched before execution  (cost=0..0 rows=1)


table 5 : explain SELECT c FROM sbtest5 WHERE id=3613249
	-> Rows fetched before execution  (cost=0..0 rows=1)


table 6 : explain SELECT c FROM sbtest6 WHERE id=1655075
	-> Rows fetched before execution  (cost=0..0 rows=1)


table 7 : explain SELECT c FROM sbtest7 WHERE id=4311333
	-> Rows fetched before execution  (cost=0..0 rows=1)


table 8 : explain SELECT c FROM sbtest8 WHERE id=3510204
	-> Rows fetched before execution  (cost=0..0 rows=1)


for point_selects
table 1 : explain SELECT c FROM sbtest1 WHERE id=5297765
	-> Rows fetched before execution  (cost=0..0 rows=1)


table 2 : explain SELECT c FROM sbtest2 WHERE id=5529046
	-> Rows fetched before execution  (cost=0..0 rows=1)


table 3 : explain SELECT c FROM sbtest3 WHERE id=4986342
	-> Rows fetched before execution  (cost=0..0 rows=1)


table 4 : explain SELECT c FROM sbtest4 WHERE id=4984467
	-> Rows fetched before execution  (cost=0..0 rows=1)


table 5 : explain SELECT c FROM sbtest5 WHERE id=8462706
	-> Rows fetched before execution  (cost=0..0 rows=1)


table 6 : explain SELECT c FROM sbtest6 WHERE id=5134638
	-> Rows fetched before execution  (cost=0..0 rows=1)


table 7 : explain SELECT c FROM sbtest7 WHERE id=3741088
	-> Rows fetched before execution  (cost=0..0 rows=1)


table 8 : explain SELECT c FROM sbtest8 WHERE id=2903939
	-> Rows fetched before execution  (cost=0..0 rows=1)


for point_selects
table 1 : explain SELECT c FROM sbtest1 WHERE id=2826869
	-> Rows fetched before execution  (cost=0..0 rows=1)


table 2 : explain SELECT c FROM sbtest2 WHERE id=6746320
	-> Rows fetched before execution  (cost=0..0 rows=1)


table 3 : explain SELECT c FROM sbtest3 WHERE id=8576000
	-> Rows fetched before execution  (cost=0..0 rows=1)


table 4 : explain SELECT c FROM sbtest4 WHERE id=6338729
	-> Rows fetched before execution  (cost=0..0 rows=1)


table 5 : explain SELECT c FROM sbtest5 WHERE id=420875
	-> Rows fetched before execution  (cost=0..0 rows=1)


table 6 : explain SELECT c FROM sbtest6 WHERE id=2659126
	-> Rows fetched before execution  (cost=0..0 rows=1)


table 7 : explain SELECT c FROM sbtest7 WHERE id=3144324
	-> Rows fetched before execution  (cost=0..0 rows=1)


table 8 : explain SELECT c FROM sbtest8 WHERE id=2705500
	-> Rows fetched before execution  (cost=0..0 rows=1)


explain: for point_selects :: explain SELECT c FROM sbtest%u WHERE id=%u
explain: for point_selects :: explain SELECT c FROM sbtest%u WHERE id=%u
for point_selects
table 1 : explain SELECT c FROM sbtest1 WHERE id=3874982
	-> Rows fetched before execution  (cost=0..0 rows=1)


table 2 : explain SELECT c FROM sbtest2 WHERE id=1710464
	-> Rows fetched before execution  (cost=0..0 rows=1)


table 3 : explain SELECT c FROM sbtest3 WHERE id=8503890
	-> Rows fetched before execution  (cost=0..0 rows=1)


table 4 : explain SELECT c FROM sbtest4 WHERE id=4727763
	-> Rows fetched before execution  (cost=0..0 rows=1)


table 5 : explain SELECT c FROM sbtest5 WHERE id=2803333
	-> Rows fetched before execution  (cost=0..0 rows=1)


table 6 : explain SELECT c FROM sbtest6 WHERE id=8876028
	-> Rows fetched before execution  (cost=0..0 rows=1)


table 7 : explain SELECT c FROM sbtest7 WHERE id=6706327
	-> Rows fetched before execution  (cost=0..0 rows=1)


table 8 : explain SELECT c FROM sbtest8 WHERE id=5683314
	-> Rows fetched before execution  (cost=0..0 rows=1)

explain: for point_selects :: explain SELECT c FROM sbtest%u WHERE id=%u
for point_selects
table 1 : explain SELECT c FROM sbtest1 WHERE id=8844505
	-> Rows fetched before execution  (cost=0..0 rows=1)


table 2 : explain SELECT c FROM sbtest2 WHERE id=1052348
	-> Rows fetched before execution  (cost=0..0 rows=1)


table 3 : explain SELECT c FROM sbtest3 WHERE id=16018
	-> Rows fetched before execution  (cost=0..0 rows=1)


table 4 : explain SELECT c FROM sbtest4 WHERE id=5346822
	-> Rows fetched before execution  (cost=0..0 rows=1)


table 5 : explain SELECT c FROM sbtest5 WHERE id=5817936
	-> Rows fetched before execution  (cost=0..0 rows=1)


table 6 : explain SELECT c FROM sbtest6 WHERE id=8212314
	-> Rows fetched before execution  (cost=0..0 rows=1)


table 7 : explain SELECT c FROM sbtest7 WHERE id=156898
	-> Rows fetched before execution  (cost=0..0 rows=1)


table 8 : explain SELECT c FROM sbtest8 WHERE id=8657229
	-> Rows fetched before execution  (cost=0..0 rows=1)


for point_selects
table 1 : explain SELECT c FROM sbtest1 WHERE id=7456500
	-> Rows fetched before execution  (cost=0..0 rows=1)


table 2 : explain SELECT c FROM sbtest2 WHERE id=4733887
	-> Rows fetched before execution  (cost=0..0 rows=1)


table 3 : explain SELECT c FROM sbtest3 WHERE id=1688154
	-> Rows fetched before execution  (cost=0..0 rows=1)


table 4 : explain SELECT c FROM sbtest4 WHERE id=6565673
	-> Rows fetched before execution  (cost=0..0 rows=1)


table 5 : explain SELECT c FROM sbtest5 WHERE id=6512951
	-> Rows fetched before execution  (cost=0..0 rows=1)


table 6 : explain SELECT c FROM sbtest6 WHERE id=2297769
	-> Rows fetched before execution  (cost=0..0 rows=1)


table 7 : explain SELECT c FROM sbtest7 WHERE id=8327038
	-> Rows fetched before execution  (cost=0..0 rows=1)


table 8 : explain SELECT c FROM sbtest8 WHERE id=2140006
	-> Rows fetched before execution  (cost=0..0 rows=1)


explain: for point_selects :: explain SELECT c FROM sbtest%u WHERE id=%u

for point_selects
table 1 : explain SELECT c FROM sbtest1 WHERE id=4533908
	-> Rows fetched before execution  (cost=0..0 rows=1)


table 2 : explain SELECT c FROM sbtest2 WHERE id=7741450
	-> Rows fetched before execution  (cost=0..0 rows=1)


table 3 : explain SELECT c FROM sbtest3 WHERE id=5441950
	-> Rows fetched before execution  (cost=0..0 rows=1)


table 4 : explain SELECT c FROM sbtest4 WHERE id=7740712
	-> Rows fetched before execution  (cost=0..0 rows=1)


table 5 : explain SELECT c FROM sbtest5 WHERE id=5367696
	-> Rows fetched before execution  (cost=0..0 rows=1)


table 6 : explain SELECT c FROM sbtest6 WHERE id=8538887
	-> Rows fetched before execution  (cost=0..0 rows=1)


table 7 : explain SELECT c FROM sbtest7 WHERE id=1515007
	-> Rows fetched before execution  (cost=0..0 rows=1)


table 8 : explain SELECT c FROM sbtest8 WHERE id=7906903
	-> Rows fetched before execution  (cost=0..0 rows=1)


explain: for point_selects :: explain SELECT c FROM sbtest%u WHERE id=%u
explain: for point_selects :: explain SELECT c FROM sbtest%u WHERE id=%u
explain: for point_selects :: explain SELECT c FROM sbtest%u WHERE id=%u
explain: for point_selects :: explain SELECT c FROM sbtest%u WHERE id=%u
explain: for point_selects :: explain SELECT c FROM sbtest%u WHERE id=%u
for point_selects
table 1 : explain SELECT c FROM sbtest1 WHERE id=3184026
	-> Rows fetched before execution  (cost=0..0 rows=1)


table 2 : explain SELECT c FROM sbtest2 WHERE id=3697435
	-> Rows fetched before execution  (cost=0..0 rows=1)


table 3 : explain SELECT c FROM sbtest3 WHERE id=1914810
	-> Rows fetched before execution  (cost=0..0 rows=1)


table 4 : explain SELECT c FROM sbtest4 WHERE id=4430954
	-> Rows fetched before execution  (cost=0..0 rows=1)


table 5 : explain SELECT c FROM sbtest5 WHERE id=4237166
	-> Rows fetched before execution  (cost=0..0 rows=1)


table 6 : explain SELECT c FROM sbtest6 WHERE id=6124935
	-> Rows fetched before execution  (cost=0..0 rows=1)


table 7 : explain SELECT c FROM sbtest7 WHERE id=5805533
	-> Rows fetched before execution  (cost=0..0 rows=1)


table 8 : explain SELECT c FROM sbtest8 WHERE id=1780923
	-> Rows fetched before execution  (cost=0..0 rows=1)


for: simple_ranges
table 1 : explain SELECT c FROM sbtest1 WHERE id BETWEEN 8407468 AND 8408467
	-> Filter: (sbtest1.id between 8407468 and 8408467)  (cost=378 rows=1872)
    -> Index range scan on sbtest1 using PRIMARY over (8407468 <= id <= 8408467)  (cost=378 rows=1872)


table 2 : explain SELECT c FROM sbtest2 WHERE id BETWEEN 9970444 AND 9971443
	-> Filter: (sbtest2.id between 9970444 and 9971443)  (cost=371 rows=1838)
    -> Index range scan on sbtest2 using PRIMARY over (9970444 <= id <= 9971443)  (cost=371 rows=1838)


table 3 : explain SELECT c FROM sbtest3 WHERE id BETWEEN 4506766 AND 4507765
	-> Filter: (sbtest3.id between 4506766 and 4507765)  (cost=378 rows=1872)
    -> Index range scan on sbtest3 using PRIMARY over (4506766 <= id <= 4507765)  (cost=378 rows=1872)


table 4 : explain SELECT c FROM sbtest4 WHERE id BETWEEN 6845147 AND 6846146
	-> Filter: (sbtest4.id between 6845147 and 6846146)  (cost=371 rows=1838)
    -> Index range scan on sbtest4 using PRIMARY over (6845147 <= id <= 6846146)  (cost=371 rows=1838)


table 5 : explain SELECT c FROM sbtest5 WHERE id BETWEEN 8976669 AND 8977668
	-> Filter: (sbtest5.id between 8976669 and 8977668)  (cost=371 rows=1838)
    -> Index range scan on sbtest5 using PRIMARY over (8976669 <= id <= 8977668)  (cost=371 rows=1838)


table 6 : explain SELECT c FROM sbtest6 WHERE id BETWEEN 846447 AND 847446
	-> Filter: (sbtest6.id between 846447 and 847446)  (cost=371 rows=1838)
    -> Index range scan on sbtest6 using PRIMARY over (846447 <= id <= 847446)  (cost=371 rows=1838)


table 7 : explain SELECT c FROM sbtest7 WHERE id BETWEEN 1362252 AND 1363251
	-> Filter: (sbtest7.id between 1362252 and 1363251)  (cost=371 rows=1838)
    -> Index range scan on sbtest7 using PRIMARY over (1362252 <= id <= 1363251)  (cost=371 rows=1838)


table 8 : explain SELECT c FROM sbtest8 WHERE id BETWEEN 3121627 AND 3122626
	-> Filter: (sbtest8.id between 3121627 and 3122626)  (cost=371 rows=1838)
    -> Index range scan on sbtest8 using PRIMARY over (3121627 <= id <= 3122626)  (cost=371 rows=1838)


explain: for point_selects :: explain SELECT c FROM sbtest%u WHERE id=%u
for point_selects
table 1 : explain SELECT c FROM sbtest1 WHERE id=5808451
	-> Rows fetched before execution  (cost=0..0 rows=1)


table 2 : explain SELECT c FROM sbtest2 WHERE id=5181236
	-> Rows fetched before execution  (cost=0..0 rows=1)


table 3 : explain SELECT c FROM sbtest3 WHERE id=1090796
	-> Rows fetched before execution  (cost=0..0 rows=1)


table 4 : explain SELECT c FROM sbtest4 WHERE id=4241093
	-> Rows fetched before execution  (cost=0..0 rows=1)


table 5 : explain SELECT c FROM sbtest5 WHERE id=1007495
	-> Rows fetched before execution  (cost=0..0 rows=1)


table 6 : explain SELECT c FROM sbtest6 WHERE id=7676511
	-> Rows fetched before execution  (cost=0..0 rows=1)


table 7 : explain SELECT c FROM sbtest7 WHERE id=8259754
	-> Rows fetched before execution  (cost=0..0 rows=1)


table 8 : explain SELECT c FROM sbtest8 WHERE id=9973468
	-> Rows fetched before execution  (cost=0..0 rows=1)


explain: for point_selects :: explain SELECT c FROM sbtest%u WHERE id=%u
for: simple_ranges
table 1 : explain SELECT c FROM sbtest1 WHERE id BETWEEN 6399874 AND 6400873
	-> Filter: (sbtest1.id between 6399874 and 6400873)  (cost=371 rows=1840)
    -> Index range scan on sbtest1 using PRIMARY over (6399874 <= id <= 6400873)  (cost=371 rows=1840)


table 2 : explain SELECT c FROM sbtest2 WHERE id BETWEEN 2147283 AND 2148282
	-> Filter: (sbtest2.id between 2147283 and 2148282)  (cost=371 rows=1838)
    -> Index range scan on sbtest2 using PRIMARY over (2147283 <= id <= 2148282)  (cost=371 rows=1838)


table 3 : explain SELECT c FROM sbtest3 WHERE id BETWEEN 6685993 AND 6686992
	-> Filter: (sbtest3.id between 6685993 and 6686992)  (cost=371 rows=1838)
    -> Index range scan on sbtest3 using PRIMARY over (6685993 <= id <= 6686992)  (cost=371 rows=1838)


table 4 : explain SELECT c FROM sbtest4 WHERE id BETWEEN 2346793 AND 2347792
	-> Filter: (sbtest4.id between 2346793 and 2347792)  (cost=371 rows=1838)
    -> Index range scan on sbtest4 using PRIMARY over (2346793 <= id <= 2347792)  (cost=371 rows=1838)


table 5 : explain SELECT c FROM sbtest5 WHERE id BETWEEN 6350791 AND 6351790
	-> Filter: (sbtest5.id between 6350791 and 6351790)  (cost=371 rows=1838)
    -> Index range scan on sbtest5 using PRIMARY over (6350791 <= id <= 6351790)  (cost=371 rows=1838)


table 6 : explain SELECT c FROM sbtest6 WHERE id BETWEEN 3532302 AND 3533301
	-> Filter: (sbtest6.id between 3532302 and 3533301)  (cost=378 rows=1872)
    -> Index range scan on sbtest6 using PRIMARY over (3532302 <= id <= 3533301)  (cost=378 rows=1872)


table 7 : explain SELECT c FROM sbtest7 WHERE id BETWEEN 9618102 AND 9619101
	-> Filter: (sbtest7.id between 9618102 and 9619101)  (cost=371 rows=1838)
    -> Index range scan on sbtest7 using PRIMARY over (9618102 <= id <= 9619101)  (cost=371 rows=1838)


table 8 : explain SELECT c FROM sbtest8 WHERE id BETWEEN 705538 AND 706537
	-> Filter: (sbtest8.id between 705538 and 706537)  (cost=371 rows=1838)
    -> Index range scan on sbtest8 using PRIMARY over (705538 <= id <= 706537)  (cost=371 rows=1838)


explain: for point_selects :: explain SELECT c FROM sbtest%u WHERE id=%u
explain: for point_selects :: explain SELECT c FROM sbtest%u WHERE id=%ufor: simple_ranges
table 1 : explain SELECT c FROM sbtest1 WHERE id BETWEEN 5421118 AND 5422117
	-> Filter: (sbtest1.id between 5421118 and 5422117)  (cost=371 rows=1838)
    -> Index range scan on sbtest1 using PRIMARY over (5421118 <= id <= 5422117)  (cost=371 rows=1838)


table 2 : explain SELECT c FROM sbtest2 WHERE id BETWEEN 8941203 AND 8942202
	-> Filter: (sbtest2.id between 8941203 and 8942202)  (cost=371 rows=1838)
    -> Index range scan on sbtest2 using PRIMARY over (8941203 <= id <= 8942202)  (cost=371 rows=1838)


table 3 : explain SELECT c FROM sbtest3 WHERE id BETWEEN 5812333 AND 5813332
	-> Filter: (sbtest3.id between 5812333 and 5813332)  (cost=371 rows=1838)
    -> Index range scan on sbtest3 using PRIMARY over (5812333 <= id <= 5813332)  (cost=371 rows=1838)


table 4 : explain SELECT c FROM sbtest4 WHERE id BETWEEN 2772794 AND 2773793
	-> Filter: (sbtest4.id between 2772794 and 2773793)  (cost=371 rows=1838)
    -> Index range scan on sbtest4 using PRIMARY over (2772794 <= id <= 2773793)  (cost=371 rows=1838)


table 5 : explain SELECT c FROM sbtest5 WHERE id BETWEEN 9120138 AND 9121137
	-> Filter: (sbtest5.id between 9120138 and 9121137)  (cost=371 rows=1838)
    -> Index range scan on sbtest5 using PRIMARY over (9120138 <= id <= 9121137)  (cost=371 rows=1838)


table 6 : explain SELECT c FROM sbtest6 WHERE id BETWEEN 4072233 AND 4073232
	-> Filter: (sbtest6.id between 4072233 and 4073232)  (cost=371 rows=1838)
    -> Index range scan on sbtest6 using PRIMARY over (4072233 <= id <= 4073232)  (cost=371 rows=1838)


table 7 : explain SELECT c FROM sbtest7 WHERE id BETWEEN 6594023 AND 6595022
	-> Filter: (sbtest7.id between 6594023 and 6595022)  (cost=371 rows=1838)
    -> Index range scan on sbtest7 using PRIMARY over (6594023 <= id <= 6595022)  (cost=371 rows=1838)


table 8 : explain SELECT c FROM sbtest8 WHERE id BETWEEN 6093017 AND 6094016
	-> Filter: (sbtest8.id between 6093017 and 6094016)  (cost=371 rows=1838)
    -> Index range scan on sbtest8 using PRIMARY over (6093017 <= id <= 6094016)  (cost=371 rows=1838)


explain: for point_selects :: explain SELECT c FROM sbtest%u WHERE id=%u
for point_selects
table 1 : explain SELECT c FROM sbtest1 WHERE id=6077775
	-> Rows fetched before execution  (cost=0..0 rows=1)


table 2 : explain SELECT c FROM sbtest2 WHERE id=4615674
	-> Rows fetched before execution  (cost=0..0 rows=1)


table 3 : explain SELECT c FROM sbtest3 WHERE id=4547552
	-> Rows fetched before execution  (cost=0..0 rows=1)


table 4 : explain SELECT c FROM sbtest4 WHERE id=8457290
	-> Rows fetched before execution  (cost=0..0 rows=1)


table 5 : explain SELECT c FROM sbtest5 WHERE id=9957605
	-> Rows fetched before execution  (cost=0..0 rows=1)


table 6 : explain SELECT c FROM sbtest6 WHERE id=2663254
	-> Rows fetched before execution  (cost=0..0 rows=1)


table 7 : explain SELECT c FROM sbtest7 WHERE id=3321349
	-> Rows fetched before execution  (cost=0..0 rows=1)


table 8 : explain SELECT c FROM sbtest8 WHERE id=8143858
	-> Rows fetched before execution  (cost=0..0 rows=1)


explain: for point_selects :: explain SELECT c FROM sbtest%u WHERE id=%u
for point_selects
table 1 : explain SELECT c FROM sbtest1 WHERE id=6278915
	-> Rows fetched before execution  (cost=0..0 rows=1)


table 2 : explain SELECT c FROM sbtest2 WHERE id=328905
	-> Rows fetched before execution  (cost=0..0 rows=1)


table 3 : explain SELECT c FROM sbtest3 WHERE id=2298902
	-> Rows fetched before execution  (cost=0..0 rows=1)


table 4 : explain SELECT c FROM sbtest4 WHERE id=7920522
	-> Rows fetched before execution  (cost=0..0 rows=1)


table 5 : explain SELECT c FROM sbtest5 WHERE id=3615663
	-> Rows fetched before execution  (cost=0..0 rows=1)


table 6 : explain SELECT c FROM sbtest6 WHERE id=9247868
	-> Rows fetched before execution  (cost=0..0 rows=1)


table 7 : explain SELECT c FROM sbtest7 WHERE id=899652
	-> Rows fetched before execution  (cost=0..0 rows=1)


table 8 : explain SELECT c FROM sbtest8 WHERE id=468867
	-> Rows fetched before execution  (cost=0..0 rows=1)


explain: for point_selects :: explain SELECT c FROM sbtest%u WHERE id=%u
explain: for point_selects :: explain SELECT c FROM sbtest%u WHERE id=%u
explain: for point_selects :: explain SELECT c FROM sbtest%u WHERE id=%u
for: simple_ranges
table 1 : explain SELECT c FROM sbtest1 WHERE id BETWEEN 7416927 AND 7417926
	-> Filter: (sbtest1.id between 7416927 and 7417926)  (cost=378 rows=1872)
    -> Index range scan on sbtest1 using PRIMARY over (7416927 <= id <= 7417926)  (cost=378 rows=1872)


table 2 : explain SELECT c FROM sbtest2 WHERE id BETWEEN 504837 AND 505836
	-> Filter: (sbtest2.id between 504837 and 505836)  (cost=378 rows=1872)
    -> Index range scan on sbtest2 using PRIMARY over (504837 <= id <= 505836)  (cost=378 rows=1872)


table 3 : explain SELECT c FROM sbtest3 WHERE id BETWEEN 9953407 AND 9954406
	-> Filter: (sbtest3.id between 9953407 and 9954406)  (cost=371 rows=1838)
    -> Index range scan on sbtest3 using PRIMARY over (9953407 <= id <= 9954406)  (cost=371 rows=1838)


table 4 : explain SELECT c FROM sbtest4 WHERE id BETWEEN 7530144 AND 7531143
	-> Filter: (sbtest4.id between 7530144 and 7531143)  (cost=378 rows=1872)
    -> Index range scan on sbtest4 using PRIMARY over (7530144 <= id <= 7531143)  (cost=378 rows=1872)


table 5 : explain SELECT c FROM sbtest5 WHERE id BETWEEN 2358261 AND 2359260
	-> Filter: (sbtest5.id between 2358261 and 2359260)  (cost=371 rows=1838)
    -> Index range scan on sbtest5 using PRIMARY over (2358261 <= id <= 2359260)  (cost=371 rows=1838)


table 6 : explain SELECT c FROM sbtest6 WHERE id BETWEEN 8096154 AND 8097153
	-> Filter: (sbtest6.id between 8096154 and 8097153)  (cost=371 rows=1838)
    -> Index range scan on sbtest6 using PRIMARY over (8096154 <= id <= 8097153)  (cost=371 rows=1838)


table 7 : explain SELECT c FROM sbtest7 WHERE id BETWEEN 3109208 AND 3110207
	-> Filter: (sbtest7.id between 3109208 and 3110207)  (cost=371 rows=1838)
    -> Index range scan on sbtest7 using PRIMARY over (3109208 <= id <= 3110207)  (cost=371 rows=1838)


table 8 : explain SELECT c FROM sbtest8 WHERE id BETWEEN 5927595 AND 5928594
	-> Filter: (sbtest8.id between 5927595 and 5928594)  (cost=371 rows=1838)
    -> Index range scan on sbtest8 using PRIMARY over (5927595 <= id <= 5928594)  (cost=371 rows=1838)


for: simple_ranges
table 1 : explain SELECT c FROM sbtest1 WHERE id BETWEEN 5701853 AND 5702852
	-> Filter: (sbtest1.id between 5701853 and 5702852)  (cost=378 rows=1872)
    -> Index range scan on sbtest1 using PRIMARY over (5701853 <= id <= 5702852)  (cost=378 rows=1872)


table 2 : explain SELECT c FROM sbtest2 WHERE id BETWEEN 6615884 AND 6616883
	-> Filter: (sbtest2.id between 6615884 and 6616883)  (cost=378 rows=1872)
    -> Index range scan on sbtest2 using PRIMARY over (6615884 <= id <= 6616883)  (cost=378 rows=1872)


table 3 : explain SELECT c FROM sbtest3 WHERE id BETWEEN 1069601 AND 1070600
	-> Filter: (sbtest3.id between 1069601 and 1070600)  (cost=371 rows=1838)
    -> Index range scan on sbtest3 using PRIMARY over (1069601 <= id <= 1070600)  (cost=371 rows=1838)


table 4 : explain SELECT c FROM sbtest4 WHERE id BETWEEN 505008 AND 506007
	-> Filter: (sbtest4.id between 505008 and 506007)  (cost=371 rows=1838)
    -> Index range scan on sbtest4 using PRIMARY over (505008 <= id <= 506007)  (cost=371 rows=1838)


table 5 : explain SELECT c FROM sbtest5 WHERE id BETWEEN 6722913 AND 6723912
	-> Filter: (sbtest5.id between 6722913 and 6723912)  (cost=378 rows=1872)
    -> Index range scan on sbtest5 using PRIMARY over (6722913 <= id <= 6723912)  (cost=378 rows=1872)


table 6 : explain SELECT c FROM sbtest6 WHERE id BETWEEN 6499724 AND 6500723
	-> Filter: (sbtest6.id between 6499724 and 6500723)  (cost=371 rows=1838)
    -> Index range scan on sbtest6 using PRIMARY over (6499724 <= id <= 6500723)  (cost=371 rows=1838)


table 7 : explain SELECT c FROM sbtest7 WHERE id BETWEEN 4930607 AND 4931606
	-> Filter: (sbtest7.id between 4930607 and 4931606)  (cost=378 rows=1872)
    -> Index range scan on sbtest7 using PRIMARY over (4930607 <= id <= 4931606)  (cost=378 rows=1872)


table 8 : explain SELECT c FROM sbtest8 WHERE id BETWEEN 373964 AND 374963
	-> Filter: (sbtest8.id between 373964 and 374963)  (cost=378 rows=1872)
    -> Index range scan on sbtest8 using PRIMARY over (373964 <= id <= 374963)  (cost=378 rows=1872)


explain: for point_selects :: explain SELECT c FROM sbtest%u WHERE id=%u
for point_selects
table 1 : explain SELECT c FROM sbtest1 WHERE id=2578894
	-> Rows fetched before execution  (cost=0..0 rows=1)


table 2 : explain SELECT c FROM sbtest2 WHERE id=9666446
	-> Rows fetched before execution  (cost=0..0 rows=1)


table 3 : explain SELECT c FROM sbtest3 WHERE id=3154682
	-> Rows fetched before execution  (cost=0..0 rows=1)


table 4 : explain SELECT c FROM sbtest4 WHERE id=7449526
	-> Rows fetched before execution  (cost=0..0 rows=1)


table 5 : explain SELECT c FROM sbtest5 WHERE id=2147363
	-> Rows fetched before execution  (cost=0..0 rows=1)


table 6 : explain SELECT c FROM sbtest6 WHERE id=5233719
	-> Rows fetched before execution  (cost=0..0 rows=1)


table 7 : explain SELECT c FROM sbtest7 WHERE id=217925
	-> Rows fetched before execution  (cost=0..0 rows=1)


table 8 : explain SELECT c FROM sbtest8 WHERE id=5208263
	-> Rows fetched before execution  (cost=0..0 rows=1)



explain: for point_selects :: explain SELECT c FROM sbtest%u WHERE id=%u
explain: for point_selects :: explain SELECT c FROM sbtest%u WHERE id=%u
for: simple_ranges
table 1 : explain SELECT c FROM sbtest1 WHERE id BETWEEN 1556544 AND 1557543
	-> Filter: (sbtest1.id between 1556544 and 1557543)  (cost=378 rows=1872)
    -> Index range scan on sbtest1 using PRIMARY over (1556544 <= id <= 1557543)  (cost=378 rows=1872)


table 2 : explain SELECT c FROM sbtest2 WHERE id BETWEEN 304001 AND 305000
	-> Filter: (sbtest2.id between 304001 and 305000)  (cost=371 rows=1838)
    -> Index range scan on sbtest2 using PRIMARY over (304001 <= id <= 305000)  (cost=371 rows=1838)


table 3 : explain SELECT c FROM sbtest3 WHERE id BETWEEN 365112 AND 366111
	-> Filter: (sbtest3.id between 365112 and 366111)  (cost=378 rows=1872)
    -> Index range scan on sbtest3 using PRIMARY over (365112 <= id <= 366111)  (cost=378 rows=1872)


table 4 : explain SELECT c FROM sbtest4 WHERE id BETWEEN 8297951 AND 8298950
	-> Filter: (sbtest4.id between 8297951 and 8298950)  (cost=378 rows=1872)
    -> Index range scan on sbtest4 using PRIMARY over (8297951 <= id <= 8298950)  (cost=378 rows=1872)


table 5 : explain SELECT c FROM sbtest5 WHERE id BETWEEN 916783 AND 917782
	-> Filter: (sbtest5.id between 916783 and 917782)  (cost=378 rows=1872)
    -> Index range scan on sbtest5 using PRIMARY over (916783 <= id <= 917782)  (cost=378 rows=1872)


table 6 : explain SELECT c FROM sbtest6 WHERE id BETWEEN 372223 AND 373222
	-> Filter: (sbtest6.id between 372223 and 373222)  (cost=371 rows=1838)
    -> Index range scan on sbtest6 using PRIMARY over (372223 <= id <= 373222)  (cost=371 rows=1838)


table 7 : explain SELECT c FROM sbtest7 WHERE id BETWEEN 3070298 AND 3071297
	-> Filter: (sbtest7.id between 3070298 and 3071297)  (cost=371 rows=1838)
    -> Index range scan on sbtest7 using PRIMARY over (3070298 <= id <= 3071297)  (cost=371 rows=1838)


table 8 : explain SELECT c FROM sbtest8 WHERE id BETWEEN 7182272 AND 7183271
	-> Filter: (sbtest8.id between 7182272 and 7183271)  (cost=371 rows=1838)
    -> Index range scan on sbtest8 using PRIMARY over (7182272 <= id <= 7183271)  (cost=371 rows=1838)


for point_selects
table 1 : explain SELECT c FROM sbtest1 WHERE id=3928878
	-> Rows fetched before execution  (cost=0..0 rows=1)


table 2 : explain SELECT c FROM sbtest2 WHERE id=3162098
	-> Rows fetched before execution  (cost=0..0 rows=1)


table 3 : explain SELECT c FROM sbtest3 WHERE id=1879767
	-> Rows fetched before execution  (cost=0..0 rows=1)


table 4 : explain SELECT c FROM sbtest4 WHERE id=1594341
	-> Rows fetched before execution  (cost=0..0 rows=1)


table 5 : explain SELECT c FROM sbtest5 WHERE id=4957352
	-> Rows fetched before execution  (cost=0..0 rows=1)


table 6 : explain SELECT c FROM sbtest6 WHERE id=5728005
	-> Rows fetched before execution  (cost=0..0 rows=1)


table 7 : explain SELECT c FROM sbtest7 WHERE id=2345958
	-> Rows fetched before execution  (cost=0..0 rows=1)


table 8 : explain SELECT c FROM sbtest8 WHERE id=3678090
	-> Rows fetched before execution  (cost=0..0 rows=1)


for: simple_ranges
table 1 : explain SELECT c FROM sbtest1 WHERE id BETWEEN 4160217 AND 4161216
	-> Filter: (sbtest1.id between 4160217 and 4161216)  (cost=371 rows=1838)
    -> Index range scan on sbtest1 using PRIMARY over (4160217 <= id <= 4161216)  (cost=371 rows=1838)


table 2 : explain SELECT c FROM sbtest2 WHERE id BETWEEN 9863104 AND 9864103
	-> Filter: (sbtest2.id between 9863104 and 9864103)  (cost=371 rows=1838)
    -> Index range scan on sbtest2 using PRIMARY over (9863104 <= id <= 9864103)  (cost=371 rows=1838)


table 3 : explain SELECT c FROM sbtest3 WHERE id BETWEEN 6803641 AND 6804640
	-> Filter: (sbtest3.id between 6803641 and 6804640)  (cost=378 rows=1872)
    -> Index range scan on sbtest3 using PRIMARY over (6803641 <= id <= 6804640)  (cost=378 rows=1872)


table 4 : explain SELECT c FROM sbtest4 WHERE id BETWEEN 4046392 AND 4047391
	-> Filter: (sbtest4.id between 4046392 and 4047391)  (cost=371 rows=1838)
    -> Index range scan on sbtest4 using PRIMARY over (4046392 <= id <= 4047391)  (cost=371 rows=1838)


table 5 : explain SELECT c FROM sbtest5 WHERE id BETWEEN 6391357 AND 6392356
	-> Filter: (sbtest5.id between 6391357 and 6392356)  (cost=371 rows=1838)
    -> Index range scan on sbtest5 using PRIMARY over (6391357 <= id <= 6392356)  (cost=371 rows=1838)


table 6 : explain SELECT c FROM sbtest6 WHERE id BETWEEN 4369847 AND 4370846
	-> Filter: (sbtest6.id between 4369847 and 4370846)  (cost=371 rows=1838)
    -> Index range scan on sbtest6 using PRIMARY over (4369847 <= id <= 4370846)  (cost=371 rows=1838)


table 7 : explain SELECT c FROM sbtest7 WHERE id BETWEEN 9232799 AND 9233798
	-> Filter: (sbtest7.id between 9232799 and 9233798)  (cost=378 rows=1872)
    -> Index range scan on sbtest7 using PRIMARY over (9232799 <= id <= 9233798)  (cost=378 rows=1872)


table 8 : explain SELECT c FROM sbtest8 WHERE id BETWEEN 1207449 AND 1208448
	-> Filter: (sbtest8.id between 1207449 and 1208448)  (cost=371 rows=1838)
    -> Index range scan on sbtest8 using PRIMARY over (1207449 <= id <= 1208448)  (cost=371 rows=1838)


for point_selects
table 1 : explain SELECT c FROM sbtest1 WHERE id=3371891
	-> Rows fetched before execution  (cost=0..0 rows=1)


table 2 : explain SELECT c FROM sbtest2 WHERE id=4045025
	-> Rows fetched before execution  (cost=0..0 rows=1)


table 3 : explain SELECT c FROM sbtest3 WHERE id=4925502
	-> Rows fetched before execution  (cost=0..0 rows=1)


table 4 : explain SELECT c FROM sbtest4 WHERE id=8878777
	-> Rows fetched before execution  (cost=0..0 rows=1)


table 5 : explain SELECT c FROM sbtest5 WHERE id=2237472
	-> Rows fetched before execution  (cost=0..0 rows=1)


table 6 : explain SELECT c FROM sbtest6 WHERE id=6567062
	-> Rows fetched before execution  (cost=0..0 rows=1)


table 7 : explain SELECT c FROM sbtest7 WHERE id=8990571
	-> Rows fetched before execution  (cost=0..0 rows=1)


table 8 : explain SELECT c FROM sbtest8 WHERE id=8013440
	-> Rows fetched before execution  (cost=0..0 rows=1)


explain: for point_selects :: explain SELECT c FROM sbtest%u WHERE id=%u
explain: for point_selects :: explain SELECT c FROM sbtest%u WHERE id=%u
for: simple_ranges
table 1 : explain SELECT c FROM sbtest1 WHERE id BETWEEN 7152693 AND 7153692
	-> Filter: (sbtest1.id between 7152693 and 7153692)  (cost=371 rows=1838)
    -> Index range scan on sbtest1 using PRIMARY over (7152693 <= id <= 7153692)  (cost=371 rows=1838)


table 2 : explain SELECT c FROM sbtest2 WHERE id BETWEEN 5193329 AND 5194328
	-> Filter: (sbtest2.id between 5193329 and 5194328)  (cost=371 rows=1838)
    -> Index range scan on sbtest2 using PRIMARY over (5193329 <= id <= 5194328)  (cost=371 rows=1838)


table 3 : explain SELECT c FROM sbtest3 WHERE id BETWEEN 5291 AND 6290
	-> Filter: (sbtest3.id between 5291 and 6290)  (cost=371 rows=1838)
    -> Index range scan on sbtest3 using PRIMARY over (5291 <= id <= 6290)  (cost=371 rows=1838)


table 4 : explain SELECT c FROM sbtest4 WHERE id BETWEEN 5468373 AND 5469372
	-> Filter: (sbtest4.id between 5468373 and 5469372)  (cost=371 rows=1838)
    -> Index range scan on sbtest4 using PRIMARY over (5468373 <= id <= 5469372)  (cost=371 rows=1838)


table 5 : explain SELECT c FROM sbtest5 WHERE id BETWEEN 6017161 AND 6018160
	-> Filter: (sbtest5.id between 6017161 and 6018160)  (cost=371 rows=1838)
    -> Index range scan on sbtest5 using PRIMARY over (6017161 <= id <= 6018160)  (cost=371 rows=1838)


table 6 : explain SELECT c FROM sbtest6 WHERE id BETWEEN 2159984 AND 2160983
	-> Filter: (sbtest6.id between 2159984 and 2160983)  (cost=371 rows=1838)
    -> Index range scan on sbtest6 using PRIMARY over (2159984 <= id <= 2160983)  (cost=371 rows=1838)


table 7 : explain SELECT c FROM sbtest7 WHERE id BETWEEN 3276610 AND 3277609
	-> Filter: (sbtest7.id between 3276610 and 3277609)  (cost=371 rows=1838)
    -> Index range scan on sbtest7 using PRIMARY over (3276610 <= id <= 3277609)  (cost=371 rows=1838)


table 8 : explain SELECT c FROM sbtest8 WHERE id BETWEEN 6516717 AND 6517716
	-> Filter: (sbtest8.id between 6516717 and 6517716)  (cost=371 rows=1838)
    -> Index range scan on sbtest8 using PRIMARY over (6516717 <= id <= 6517716)  (cost=371 rows=1838)

explain: for point_selects :: explain SELECT c FROM sbtest%u WHERE id=%u
explain: for point_selects :: explain SELECT c FROM sbtest%u WHERE id=%u
for point_selects
table 1 : explain SELECT c FROM sbtest1 WHERE id=5400793
	-> Rows fetched before execution  (cost=0..0 rows=1)


table 2 : explain SELECT c FROM sbtest2 WHERE id=6777736
	-> Rows fetched before execution  (cost=0..0 rows=1)


table 3 : explain SELECT c FROM sbtest3 WHERE id=6939485
	-> Rows fetched before execution  (cost=0..0 rows=1)


table 4 : explain SELECT c FROM sbtest4 WHERE id=3097903
	-> Rows fetched before execution  (cost=0..0 rows=1)


table 5 : explain SELECT c FROM sbtest5 WHERE id=1531378
	-> Rows fetched before execution  (cost=0..0 rows=1)


table 6 : explain SELECT c FROM sbtest6 WHERE id=3387033
	-> Rows fetched before execution  (cost=0..0 rows=1)


table 7 : explain SELECT c FROM sbtest7 WHERE id=5391754
	-> Rows fetched before execution  (cost=0..0 rows=1)


table 8 : explain SELECT c FROM sbtest8 WHERE id=7731864
	-> Rows fetched before execution  (cost=0..0 rows=1)


explain: for point_selects :: explain SELECT c FROM sbtest%u WHERE id=%u
for: simple_ranges
table 1 : explain SELECT c FROM sbtest1 WHERE id BETWEEN 8626255 AND 8627254
	-> Filter: (sbtest1.id between 8626255 and 8627254)  (cost=371 rows=1838)
    -> Index range scan on sbtest1 using PRIMARY over (8626255 <= id <= 8627254)  (cost=371 rows=1838)


table 2 : explain SELECT c FROM sbtest2 WHERE id BETWEEN 3503461 AND 3504460
	-> Filter: (sbtest2.id between 3503461 and 3504460)  (cost=378 rows=1872)
    -> Index range scan on sbtest2 using PRIMARY over (3503461 <= id <= 3504460)  (cost=378 rows=1872)


table 3 : explain SELECT c FROM sbtest3 WHERE id BETWEEN 1729775 AND 1730774
	-> Filter: (sbtest3.id between 1729775 and 1730774)  (cost=378 rows=1872)
    -> Index range scan on sbtest3 using PRIMARY over (1729775 <= id <= 1730774)  (cost=378 rows=1872)


table 4 : explain SELECT c FROM sbtest4 WHERE id BETWEEN 6259164 AND 6260163
	-> Filter: (sbtest4.id between 6259164 and 6260163)  (cost=371 rows=1838)
    -> Index range scan on sbtest4 using PRIMARY over (6259164 <= id <= 6260163)  (cost=371 rows=1838)


table 5 : explain SELECT c FROM sbtest5 WHERE id BETWEEN 9024519 AND 9025518
	-> Filter: (sbtest5.id between 9024519 and 9025518)  (cost=378 rows=1872)
    -> Index range scan on sbtest5 using PRIMARY over (9024519 <= id <= 9025518)  (cost=378 rows=1872)


table 6 : explain SELECT c FROM sbtest6 WHERE id BETWEEN 3426651 AND 3427650
	-> Filter: (sbtest6.id between 3426651 and 3427650)  (cost=371 rows=1838)
    -> Index range scan on sbtest6 using PRIMARY over (3426651 <= id <= 3427650)  (cost=371 rows=1838)


table 7 : explain SELECT c FROM sbtest7 WHERE id BETWEEN 4701664 AND 4702663
	-> Filter: (sbtest7.id between 4701664 and 4702663)  (cost=371 rows=1838)
    -> Index range scan on sbtest7 using PRIMARY over (4701664 <= id <= 4702663)  (cost=371 rows=1838)


table 8 : explain SELECT c FROM sbtest8 WHERE id BETWEEN 6061760 AND 6062759
	-> Filter: (sbtest8.id between 6061760 and 6062759)  (cost=378 rows=1872)
    -> Index range scan on sbtest8 using PRIMARY over (6061760 <= id <= 6062759)  (cost=378 rows=1872)


for point_selects
table 1 : explain SELECT c FROM sbtest1 WHERE id=4643894
	-> Rows fetched before execution  (cost=0..0 rows=1)


table 2 : explain SELECT c FROM sbtest2 WHERE id=5145315
	-> Rows fetched before execution  (cost=0..0 rows=1)


table 3 : explain SELECT c FROM sbtest3 WHERE id=8434740
	-> Rows fetched before execution  (cost=0..0 rows=1)


table 4 : explain SELECT c FROM sbtest4 WHERE id=4569225
	-> Rows fetched before execution  (cost=0..0 rows=1)


table 5 : explain SELECT c FROM sbtest5 WHERE id=2782974
	-> Rows fetched before execution  (cost=0..0 rows=1)


table 6 : explain SELECT c FROM sbtest6 WHERE id=3770907
	-> Rows fetched before execution  (cost=0..0 rows=1)


table 7 : explain SELECT c FROM sbtest7 WHERE id=3671836
	-> Rows fetched before execution  (cost=0..0 rows=1)


table 8 : explain SELECT c FROM sbtest8 WHERE id=9803843
	-> Rows fetched before execution  (cost=0..0 rows=1)


for point_selects
table 1 : explain SELECT c FROM sbtest1 WHERE id=4606304
	-> Rows fetched before execution  (cost=0..0 rows=1)


table 2 : explain SELECT c FROM sbtest2 WHERE id=7375715
	-> Rows fetched before execution  (cost=0..0 rows=1)


table 3 : explain SELECT c FROM sbtest3 WHERE id=3289201
	-> Rows fetched before execution  (cost=0..0 rows=1)


table 4 : explain SELECT c FROM sbtest4 WHERE id=4788228
	-> Rows fetched before execution  (cost=0..0 rows=1)


table 5 : explain SELECT c FROM sbtest5 WHERE id=9357562
	-> Rows fetched before execution  (cost=0..0 rows=1)


table 6 : explain SELECT c FROM sbtest6 WHERE id=9679353
	-> Rows fetched before execution  (cost=0..0 rows=1)


table 7 : explain SELECT c FROM sbtest7 WHERE id=3465248
	-> Rows fetched before execution  (cost=0..0 rows=1)


table 8 : explain SELECT c FROM sbtest8 WHERE id=5839183
	-> Rows fetched before execution  (cost=0..0 rows=1)


for point_selects
table 1 : explain SELECT c FROM sbtest1 WHERE id=2954242
	-> Rows fetched before execution  (cost=0..0 rows=1)


table 2 : explain SELECT c FROM sbtest2 WHERE id=3793536
	-> Rows fetched before execution  (cost=0..0 rows=1)


table 3 : explain SELECT c FROM sbtest3 WHERE id=8056832
	-> Rows fetched before execution  (cost=0..0 rows=1)


table 4 : explain SELECT c FROM sbtest4 WHERE id=1692213
	-> Rows fetched before execution  (cost=0..0 rows=1)


table 5 : explain SELECT c FROM sbtest5 WHERE id=319402
	-> Rows fetched before execution  (cost=0..0 rows=1)


table 6 : explain SELECT c FROM sbtest6 WHERE id=6196854
	-> Rows fetched before execution  (cost=0..0 rows=1)


table 7 : explain SELECT c FROM sbtest7 WHERE id=9885087
	-> Rows fetched before execution  (cost=0..0 rows=1)


table 8 : explain SELECT c FROM sbtest8 WHERE id=240730
	-> Rows fetched before execution  (cost=0..0 rows=1)


for: simple_ranges
table 1 : explain SELECT c FROM sbtest1 WHERE id BETWEEN 579432 AND 580431
	-> Filter: (sbtest1.id between 579432 and 580431)  (cost=371 rows=1838)
    -> Index range scan on sbtest1 using PRIMARY over (579432 <= id <= 580431)  (cost=371 rows=1838)


table 2 : explain SELECT c FROM sbtest2 WHERE id BETWEEN 6908537 AND 6909536
	-> Filter: (sbtest2.id between 6908537 and 6909536)  (cost=371 rows=1838)
    -> Index range scan on sbtest2 using PRIMARY over (6908537 <= id <= 6909536)  (cost=371 rows=1838)


table 3 : explain SELECT c FROM sbtest3 WHERE id BETWEEN 3308050 AND 3309049
	-> Filter: (sbtest3.id between 3308050 and 3309049)  (cost=378 rows=1872)
    -> Index range scan on sbtest3 using PRIMARY over (3308050 <= id <= 3309049)  (cost=378 rows=1872)


table 4 : explain SELECT c FROM sbtest4 WHERE id BETWEEN 1349105 AND 1350104
	-> Filter: (sbtest4.id between 1349105 and 1350104)  (cost=371 rows=1838)
    -> Index range scan on sbtest4 using PRIMARY over (1349105 <= id <= 1350104)  (cost=371 rows=1838)


table 5 : explain SELECT c FROM sbtest5 WHERE id BETWEEN 828318 AND 829317
	-> Filter: (sbtest5.id between 828318 and 829317)  (cost=371 rows=1838)
    -> Index range scan on sbtest5 using PRIMARY over (828318 <= id <= 829317)  (cost=371 rows=1838)


table 6 : explain SELECT c FROM sbtest6 WHERE id BETWEEN 6275518 AND 6276517
	-> Filter: (sbtest6.id between 6275518 and 6276517)  (cost=371 rows=1838)
    -> Index range scan on sbtest6 using PRIMARY over (6275518 <= id <= 6276517)  (cost=371 rows=1838)


table 7 : explain SELECT c FROM sbtest7 WHERE id BETWEEN 8372673 AND 8373672
	-> Filter: (sbtest7.id between 8372673 and 8373672)  (cost=371 rows=1838)
    -> Index range scan on sbtest7 using PRIMARY over (8372673 <= id <= 8373672)  (cost=371 rows=1838)


table 8 : explain SELECT c FROM sbtest8 WHERE id BETWEEN 2197697 AND 2198696
	-> Filter: (sbtest8.id between 2197697 and 2198696)  (cost=371 rows=1838)
    -> Index range scan on sbtest8 using PRIMARY over (2197697 <= id <= 2198696)  (cost=371 rows=1838)


for point_selects
table 1 : explain SELECT c FROM sbtest1 WHERE id=3626402
	-> Rows fetched before execution  (cost=0..0 rows=1)


table 2 : explain SELECT c FROM sbtest2 WHERE id=7188227
	-> Rows fetched before execution  (cost=0..0 rows=1)


table 3 : explain SELECT c FROM sbtest3 WHERE id=9806183
	-> Rows fetched before execution  (cost=0..0 rows=1)


table 4 : explain SELECT c FROM sbtest4 WHERE id=2859979
	-> Rows fetched before execution  (cost=0..0 rows=1)


table 5 : explain SELECT c FROM sbtest5 WHERE id=5273683
	-> Rows fetched before execution  (cost=0..0 rows=1)


table 6 : explain SELECT c FROM sbtest6 WHERE id=1031568
	-> Rows fetched before execution  (cost=0..0 rows=1)


table 7 : explain SELECT c FROM sbtest7 WHERE id=2426111
	-> Rows fetched before execution  (cost=0..0 rows=1)


table 8 : explain SELECT c FROM sbtest8 WHERE id=5860505
	-> Rows fetched before execution  (cost=0..0 rows=1)


for: simple_ranges
table 1 : explain SELECT c FROM sbtest1 WHERE id BETWEEN 6099611 AND 6100610
	-> Filter: (sbtest1.id between 6099611 and 6100610)  (cost=371 rows=1838)
    -> Index range scan on sbtest1 using PRIMARY over (6099611 <= id <= 6100610)  (cost=371 rows=1838)


table 2 : explain SELECT c FROM sbtest2 WHERE id BETWEEN 2007240 AND 2008239
	-> Filter: (sbtest2.id between 2007240 and 2008239)  (cost=371 rows=1838)
    -> Index range scan on sbtest2 using PRIMARY over (2007240 <= id <= 2008239)  (cost=371 rows=1838)


table 3 : explain SELECT c FROM sbtest3 WHERE id BETWEEN 4635067 AND 4636066
	-> Filter: (sbtest3.id between 4635067 and 4636066)  (cost=371 rows=1838)
    -> Index range scan on sbtest3 using PRIMARY over (4635067 <= id <= 4636066)  (cost=371 rows=1838)


table 4 : explain SELECT c FROM sbtest4 WHERE id BETWEEN 369593 AND 370592
	-> Filter: (sbtest4.id between 369593 and 370592)  (cost=371 rows=1838)
    -> Index range scan on sbtest4 using PRIMARY over (369593 <= id <= 370592)  (cost=371 rows=1838)


table 5 : explain SELECT c FROM sbtest5 WHERE id BETWEEN 6366391 AND 6367390
	-> Filter: (sbtest5.id between 6366391 and 6367390)  (cost=371 rows=1838)
    -> Index range scan on sbtest5 using PRIMARY over (6366391 <= id <= 6367390)  (cost=371 rows=1838)


table 6 : explain SELECT c FROM sbtest6 WHERE id BETWEEN 4395892 AND 4396891
	-> Filter: (sbtest6.id between 4395892 and 4396891)  (cost=378 rows=1872)
    -> Index range scan on sbtest6 using PRIMARY over (4395892 <= id <= 4396891)  (cost=378 rows=1872)


table 7 : explain SELECT c FROM sbtest7 WHERE id BETWEEN 9022420 AND 9023419
	-> Filter: (sbtest7.id between 9022420 and 9023419)  (cost=378 rows=1872)
    -> Index range scan on sbtest7 using PRIMARY over (9022420 <= id <= 9023419)  (cost=378 rows=1872)


table 8 : explain SELECT c FROM sbtest8 WHERE id BETWEEN 4720888 AND 4721887
	-> Filter: (sbtest8.id between 4720888 and 4721887)  (cost=378 rows=1872)
    -> Index range scan on sbtest8 using PRIMARY over (4720888 <= id <= 4721887)  (cost=378 rows=1872)


explain: for point_selects :: explain SELECT c FROM sbtest%u WHERE id=%u
explain: for point_selects :: explain SELECT c FROM sbtest%u WHERE id=%ufor point_selects
table 1 : explain SELECT c FROM sbtest1 WHERE id=5052253
	-> Rows fetched before execution  (cost=0..0 rows=1)


table 2 : explain SELECT c FROM sbtest2 WHERE id=8434589
	-> Rows fetched before execution  (cost=0..0 rows=1)


table 3 : explain SELECT c FROM sbtest3 WHERE id=5036324
	-> Rows fetched before execution  (cost=0..0 rows=1)


table 4 : explain SELECT c FROM sbtest4 WHERE id=9650184
	-> Rows fetched before execution  (cost=0..0 rows=1)


table 5 : explain SELECT c FROM sbtest5 WHERE id=6499158
	-> Rows fetched before execution  (cost=0..0 rows=1)


table 6 : explain SELECT c FROM sbtest6 WHERE id=6621805
	-> Rows fetched before execution  (cost=0..0 rows=1)


table 7 : explain SELECT c FROM sbtest7 WHERE id=6813438
	-> Rows fetched before execution  (cost=0..0 rows=1)


table 8 : explain SELECT c FROM sbtest8 WHERE id=6246226
	-> Rows fetched before execution  (cost=0..0 rows=1)



for point_selects
table 1 : explain SELECT c FROM sbtest1 WHERE id=5499802
	-> Rows fetched before execution  (cost=0..0 rows=1)


table 2 : explain SELECT c FROM sbtest2 WHERE id=6877183
	-> Rows fetched before execution  (cost=0..0 rows=1)


table 3 : explain SELECT c FROM sbtest3 WHERE id=1297388
	-> Rows fetched before execution  (cost=0..0 rows=1)


table 4 : explain SELECT c FROM sbtest4 WHERE id=6107399
	-> Rows fetched before execution  (cost=0..0 rows=1)


table 5 : explain SELECT c FROM sbtest5 WHERE id=1542320
	-> Rows fetched before execution  (cost=0..0 rows=1)


table 6 : explain SELECT c FROM sbtest6 WHERE id=9166538
	-> Rows fetched before execution  (cost=0..0 rows=1)


table 7 : explain SELECT c FROM sbtest7 WHERE id=149086
	-> Rows fetched before execution  (cost=0..0 rows=1)


table 8 : explain SELECT c FROM sbtest8 WHERE id=4572098
	-> Rows fetched before execution  (cost=0..0 rows=1)


for point_selects
table 1 : explain SELECT c FROM sbtest1 WHERE id=3711364
	-> Rows fetched before execution  (cost=0..0 rows=1)


table 2 : explain SELECT c FROM sbtest2 WHERE id=8001788
	-> Rows fetched before execution  (cost=0..0 rows=1)


table 3 : explain SELECT c FROM sbtest3 WHERE id=251828
	-> Rows fetched before execution  (cost=0..0 rows=1)


table 4 : explain SELECT c FROM sbtest4 WHERE id=5896835
	-> Rows fetched before execution  (cost=0..0 rows=1)


table 5 : explain SELECT c FROM sbtest5 WHERE id=8020766
	-> Rows fetched before execution  (cost=0..0 rows=1)


table 6 : explain SELECT c FROM sbtest6 WHERE id=9056901
	-> Rows fetched before execution  (cost=0..0 rows=1)


table 7 : explain SELECT c FROM sbtest7 WHERE id=1698904
	-> Rows fetched before execution  (cost=0..0 rows=1)


table 8 : explain SELECT c FROM sbtest8 WHERE id=8837486
	-> Rows fetched before execution  (cost=0..0 rows=1)


for point_selects
table 1 : explain SELECT c FROM sbtest1 WHERE id=3540584
	-> Rows fetched before execution  (cost=0..0 rows=1)


table 2 : explain SELECT c FROM sbtest2 WHERE id=1373912
	-> Rows fetched before execution  (cost=0..0 rows=1)


table 3 : explain SELECT c FROM sbtest3 WHERE id=9587430
	-> Rows fetched before execution  (cost=0..0 rows=1)


table 4 : explain SELECT c FROM sbtest4 WHERE id=7635072
	-> Rows fetched before execution  (cost=0..0 rows=1)


table 5 : explain SELECT c FROM sbtest5 WHERE id=4898161
	-> Rows fetched before execution  (cost=0..0 rows=1)


table 6 : explain SELECT c FROM sbtest6 WHERE id=1048145
	-> Rows fetched before execution  (cost=0..0 rows=1)


table 7 : explain SELECT c FROM sbtest7 WHERE id=6439074
	-> Rows fetched before execution  (cost=0..0 rows=1)


table 8 : explain SELECT c FROM sbtest8 WHERE id=1958113
	-> Rows fetched before execution  (cost=0..0 rows=1)


for point_selects
table 1 : explain SELECT c FROM sbtest1 WHERE id=7948289
	-> Rows fetched before execution  (cost=0..0 rows=1)


table 2 : explain SELECT c FROM sbtest2 WHERE id=2603252
	-> Rows fetched before execution  (cost=0..0 rows=1)


table 3 : explain SELECT c FROM sbtest3 WHERE id=5969017
	-> Rows fetched before execution  (cost=0..0 rows=1)


table 4 : explain SELECT c FROM sbtest4 WHERE id=8581890
	-> Rows fetched before execution  (cost=0..0 rows=1)


table 5 : explain SELECT c FROM sbtest5 WHERE id=7414981
	-> Rows fetched before execution  (cost=0..0 rows=1)


table 6 : explain SELECT c FROM sbtest6 WHERE id=9807429
	-> Rows fetched before execution  (cost=0..0 rows=1)


table 7 : explain SELECT c FROM sbtest7 WHERE id=9711289
	-> Rows fetched before execution  (cost=0..0 rows=1)


table 8 : explain SELECT c FROM sbtest8 WHERE id=5226111
	-> Rows fetched before execution  (cost=0..0 rows=1)


for point_selects
table 1 : explain SELECT c FROM sbtest1 WHERE id=5546485
	-> Rows fetched before execution  (cost=0..0 rows=1)


table 2 : explain SELECT c FROM sbtest2 WHERE id=776460
	-> Rows fetched before execution  (cost=0..0 rows=1)


table 3 : explain SELECT c FROM sbtest3 WHERE id=7655294
	-> Rows fetched before execution  (cost=0..0 rows=1)


table 4 : explain SELECT c FROM sbtest4 WHERE id=6431661
	-> Rows fetched before execution  (cost=0..0 rows=1)


table 5 : explain SELECT c FROM sbtest5 WHERE id=9113662
	-> Rows fetched before execution  (cost=0..0 rows=1)


table 6 : explain SELECT c FROM sbtest6 WHERE id=5267501
	-> Rows fetched before execution  (cost=0..0 rows=1)


table 7 : explain SELECT c FROM sbtest7 WHERE id=7275182
	-> Rows fetched before execution  (cost=0..0 rows=1)


table 8 : explain SELECT c FROM sbtest8 WHERE id=4550100
	-> Rows fetched before execution  (cost=0..0 rows=1)


for point_selects
table 1 : explain SELECT c FROM sbtest1 WHERE id=8431351
	-> Rows fetched before execution  (cost=0..0 rows=1)


table 2 : explain SELECT c FROM sbtest2 WHERE id=8080139
	-> Rows fetched before execution  (cost=0..0 rows=1)


table 3 : explain SELECT c FROM sbtest3 WHERE id=8851579
	-> Rows fetched before execution  (cost=0..0 rows=1)


table 4 : explain SELECT c FROM sbtest4 WHERE id=3424334
	-> Rows fetched before execution  (cost=0..0 rows=1)


table 5 : explain SELECT c FROM sbtest5 WHERE id=2746563
	-> Rows fetched before execution  (cost=0..0 rows=1)


table 6 : explain SELECT c FROM sbtest6 WHERE id=1559262
	-> Rows fetched before execution  (cost=0..0 rows=1)


table 7 : explain SELECT c FROM sbtest7 WHERE id=8075039
	-> Rows fetched before execution  (cost=0..0 rows=1)


table 8 : explain SELECT c FROM sbtest8 WHERE id=6495288
	-> Rows fetched before execution  (cost=0..0 rows=1)


for: simple_ranges
table 1 : explain SELECT c FROM sbtest1 WHERE id BETWEEN 5609594 AND 5610593
	-> Filter: (sbtest1.id between 5609594 and 5610593)  (cost=378 rows=1872)
    -> Index range scan on sbtest1 using PRIMARY over (5609594 <= id <= 5610593)  (cost=378 rows=1872)


table 2 : explain SELECT c FROM sbtest2 WHERE id BETWEEN 5084702 AND 5085701
	-> Filter: (sbtest2.id between 5084702 and 5085701)  (cost=371 rows=1838)
    -> Index range scan on sbtest2 using PRIMARY over (5084702 <= id <= 5085701)  (cost=371 rows=1838)


table 3 : explain SELECT c FROM sbtest3 WHERE id BETWEEN 5017834 AND 5018833
	-> Filter: (sbtest3.id between 5017834 and 5018833)  (cost=371 rows=1838)
    -> Index range scan on sbtest3 using PRIMARY over (5017834 <= id <= 5018833)  (cost=371 rows=1838)


table 4 : explain SELECT c FROM sbtest4 WHERE id BETWEEN 5073314 AND 5074313
	-> Filter: (sbtest4.id between 5073314 and 5074313)  (cost=371 rows=1838)
    -> Index range scan on sbtest4 using PRIMARY over (5073314 <= id <= 5074313)  (cost=371 rows=1838)


table 5 : explain SELECT c FROM sbtest5 WHERE id BETWEEN 774035 AND 775034
	-> Filter: (sbtest5.id between 774035 and 775034)  (cost=371 rows=1838)
    -> Index range scan on sbtest5 using PRIMARY over (774035 <= id <= 775034)  (cost=371 rows=1838)


table 6 : explain SELECT c FROM sbtest6 WHERE id BETWEEN 5143663 AND 5144662
	-> Filter: (sbtest6.id between 5143663 and 5144662)  (cost=371 rows=1838)
    -> Index range scan on sbtest6 using PRIMARY over (5143663 <= id <= 5144662)  (cost=371 rows=1838)


table 7 : explain SELECT c FROM sbtest7 WHERE id BETWEEN 8261916 AND 8262915
	-> Filter: (sbtest7.id between 8261916 and 8262915)  (cost=371 rows=1838)
    -> Index range scan on sbtest7 using PRIMARY over (8261916 <= id <= 8262915)  (cost=371 rows=1838)


table 8 : explain SELECT c FROM sbtest8 WHERE id BETWEEN 2236494 AND 2237493
	-> Filter: (sbtest8.id between 2236494 and 2237493)  (cost=371 rows=1838)
    -> Index range scan on sbtest8 using PRIMARY over (2236494 <= id <= 2237493)  (cost=371 rows=1838)


for point_selects
table 1 : explain SELECT c FROM sbtest1 WHERE id=6635082
	-> Rows fetched before execution  (cost=0..0 rows=1)


table 2 : explain SELECT c FROM sbtest2 WHERE id=3592713
	-> Rows fetched before execution  (cost=0..0 rows=1)


table 3 : explain SELECT c FROM sbtest3 WHERE id=4950126
	-> Rows fetched before execution  (cost=0..0 rows=1)


table 4 : explain SELECT c FROM sbtest4 WHERE id=9104418
	-> Rows fetched before execution  (cost=0..0 rows=1)


table 5 : explain SELECT c FROM sbtest5 WHERE id=324596
	-> Rows fetched before execution  (cost=0..0 rows=1)


table 6 : explain SELECT c FROM sbtest6 WHERE id=1430106
	-> Rows fetched before execution  (cost=0..0 rows=1)


table 7 : explain SELECT c FROM sbtest7 WHERE id=2676559
	-> Rows fetched before execution  (cost=0..0 rows=1)


table 8 : explain SELECT c FROM sbtest8 WHERE id=1757338
	-> Rows fetched before execution  (cost=0..0 rows=1)


for: simple_ranges
table 1 : explain SELECT c FROM sbtest1 WHERE id BETWEEN 1725154 AND 1726153
	-> Filter: (sbtest1.id between 1725154 and 1726153)  (cost=371 rows=1838)
    -> Index range scan on sbtest1 using PRIMARY over (1725154 <= id <= 1726153)  (cost=371 rows=1838)


table 2 : explain SELECT c FROM sbtest2 WHERE id BETWEEN 8199589 AND 8200588
	-> Filter: (sbtest2.id between 8199589 and 8200588)  (cost=371 rows=1838)
    -> Index range scan on sbtest2 using PRIMARY over (8199589 <= id <= 8200588)  (cost=371 rows=1838)


table 3 : explain SELECT c FROM sbtest3 WHERE id BETWEEN 538814 AND 539813
	-> Filter: (sbtest3.id between 538814 and 539813)  (cost=371 rows=1838)
    -> Index range scan on sbtest3 using PRIMARY over (538814 <= id <= 539813)  (cost=371 rows=1838)


table 4 : explain SELECT c FROM sbtest4 WHERE id BETWEEN 1906565 AND 1907564
	-> Filter: (sbtest4.id between 1906565 and 1907564)  (cost=371 rows=1838)
    -> Index range scan on sbtest4 using PRIMARY over (1906565 <= id <= 1907564)  (cost=371 rows=1838)


table 5 : explain SELECT c FROM sbtest5 WHERE id BETWEEN 9336541 AND 9337540
	-> Filter: (sbtest5.id between 9336541 and 9337540)  (cost=371 rows=1838)
    -> Index range scan on sbtest5 using PRIMARY over (9336541 <= id <= 9337540)  (cost=371 rows=1838)


table 6 : explain SELECT c FROM sbtest6 WHERE id BETWEEN 4499270 AND 4500269
	-> Filter: (sbtest6.id between 4499270 and 4500269)  (cost=371 rows=1838)
    -> Index range scan on sbtest6 using PRIMARY over (4499270 <= id <= 4500269)  (cost=371 rows=1838)


table 7 : explain SELECT c FROM sbtest7 WHERE id BETWEEN 6947278 AND 6948277
	-> Filter: (sbtest7.id between 6947278 and 6948277)  (cost=371 rows=1838)
    -> Index range scan on sbtest7 using PRIMARY over (6947278 <= id <= 6948277)  (cost=371 rows=1838)


table 8 : explain SELECT c FROM sbtest8 WHERE id BETWEEN 5404615 AND 5405614
	-> Filter: (sbtest8.id between 5404615 and 5405614)  (cost=371 rows=1838)
    -> Index range scan on sbtest8 using PRIMARY over (5404615 <= id <= 5405614)  (cost=371 rows=1838)



for point_selects
table 1 : explain SELECT c FROM sbtest1 WHERE id=4055652
	-> Rows fetched before execution  (cost=0..0 rows=1)


table 2 : explain SELECT c FROM sbtest2 WHERE id=301055
	-> Rows fetched before execution  (cost=0..0 rows=1)


table 3 : explain SELECT c FROM sbtest3 WHERE id=4680659
	-> Rows fetched before execution  (cost=0..0 rows=1)


table 4 : explain SELECT c FROM sbtest4 WHERE id=9278757
	-> Rows fetched before execution  (cost=0..0 rows=1)


table 5 : explain SELECT c FROM sbtest5 WHERE id=6683176
	-> Rows fetched before execution  (cost=0..0 rows=1)


table 6 : explain SELECT c FROM sbtest6 WHERE id=5520998
	-> Rows fetched before execution  (cost=0..0 rows=1)


table 7 : explain SELECT c FROM sbtest7 WHERE id=7245081
	-> Rows fetched before execution  (cost=0..0 rows=1)


table 8 : explain SELECT c FROM sbtest8 WHERE id=2583437
	-> Rows fetched before execution  (cost=0..0 rows=1)


for: simple_ranges
table 1 : explain SELECT c FROM sbtest1 WHERE id BETWEEN 1966187 AND 1967186
	-> Filter: (sbtest1.id between 1966187 and 1967186)  (cost=371 rows=1838)
    -> Index range scan on sbtest1 using PRIMARY over (1966187 <= id <= 1967186)  (cost=371 rows=1838)


table 2 : explain SELECT c FROM sbtest2 WHERE id BETWEEN 8961592 AND 8962591
	-> Filter: (sbtest2.id between 8961592 and 8962591)  (cost=378 rows=1872)
    -> Index range scan on sbtest2 using PRIMARY over (8961592 <= id <= 8962591)  (cost=378 rows=1872)


table 3 : explain SELECT c FROM sbtest3 WHERE id BETWEEN 9260587 AND 9261586
	-> Filter: (sbtest3.id between 9260587 and 9261586)  (cost=371 rows=1838)
    -> Index range scan on sbtest3 using PRIMARY over (9260587 <= id <= 9261586)  (cost=371 rows=1838)


table 4 : explain SELECT c FROM sbtest4 WHERE id BETWEEN 746743 AND 747742
	-> Filter: (sbtest4.id between 746743 and 747742)  (cost=371 rows=1838)
    -> Index range scan on sbtest4 using PRIMARY over (746743 <= id <= 747742)  (cost=371 rows=1838)


table 5 : explain SELECT c FROM sbtest5 WHERE id BETWEEN 5860711 AND 5861710
	-> Filter: (sbtest5.id between 5860711 and 5861710)  (cost=378 rows=1872)
    -> Index range scan on sbtest5 using PRIMARY over (5860711 <= id <= 5861710)  (cost=378 rows=1872)


table 6 : explain SELECT c FROM sbtest6 WHERE id BETWEEN 848584 AND 849583
	-> Filter: (sbtest6.id between 848584 and 849583)  (cost=371 rows=1838)
    -> Index range scan on sbtest6 using PRIMARY over (848584 <= id <= 849583)  (cost=371 rows=1838)


table 7 : explain SELECT c FROM sbtest7 WHERE id BETWEEN 8202502 AND 8203501
	-> Filter: (sbtest7.id between 8202502 and 8203501)  (cost=371 rows=1838)
    -> Index range scan on sbtest7 using PRIMARY over (8202502 <= id <= 8203501)  (cost=371 rows=1838)


table 8 : explain SELECT c FROM sbtest8 WHERE id BETWEEN 2486137 AND 2487136
	-> Filter: (sbtest8.id between 2486137 and 2487136)  (cost=378 rows=1872)
    -> Index range scan on sbtest8 using PRIMARY over (2486137 <= id <= 2487136)  (cost=378 rows=1872)


for point_selects
table 1 : explain SELECT c FROM sbtest1 WHERE id=6940874
	-> Rows fetched before execution  (cost=0..0 rows=1)


table 2 : explain SELECT c FROM sbtest2 WHERE id=6434660
	-> Rows fetched before execution  (cost=0..0 rows=1)


table 3 : explain SELECT c FROM sbtest3 WHERE id=9531541
	-> Rows fetched before execution  (cost=0..0 rows=1)


table 4 : explain SELECT c FROM sbtest4 WHERE id=3161825
	-> Rows fetched before execution  (cost=0..0 rows=1)


table 5 : explain SELECT c FROM sbtest5 WHERE id=1245848
	-> Rows fetched before execution  (cost=0..0 rows=1)


table 6 : explain SELECT c FROM sbtest6 WHERE id=1030704
	-> Rows fetched before execution  (cost=0..0 rows=1)


table 7 : explain SELECT c FROM sbtest7 WHERE id=5998176
	-> Rows fetched before execution  (cost=0..0 rows=1)


table 8 : explain SELECT c FROM sbtest8 WHERE id=9504449
	-> Rows fetched before execution  (cost=0..0 rows=1)


for point_selects
table 1 : explain SELECT c FROM sbtest1 WHERE id=1522581
	-> Rows fetched before execution  (cost=0..0 rows=1)


table 2 : explain SELECT c FROM sbtest2 WHERE id=504234
	-> Rows fetched before execution  (cost=0..0 rows=1)


table 3 : explain SELECT c FROM sbtest3 WHERE id=6767086
	-> Rows fetched before execution  (cost=0..0 rows=1)


table 4 : explain SELECT c FROM sbtest4 WHERE id=4286730
	-> Rows fetched before execution  (cost=0..0 rows=1)


table 5 : explain SELECT c FROM sbtest5 WHERE id=4170696
	-> Rows fetched before execution  (cost=0..0 rows=1)


table 6 : explain SELECT c FROM sbtest6 WHERE id=3628445
	-> Rows fetched before execution  (cost=0..0 rows=1)


table 7 : explain SELECT c FROM sbtest7 WHERE id=3130917
	-> Rows fetched before execution  (cost=0..0 rows=1)


table 8 : explain SELECT c FROM sbtest8 WHERE id=7632089
	-> Rows fetched before execution  (cost=0..0 rows=1)


for point_selects
table 1 : explain SELECT c FROM sbtest1 WHERE id=6918944
	-> Rows fetched before execution  (cost=0..0 rows=1)


table 2 : explain SELECT c FROM sbtest2 WHERE id=9264692
	-> Rows fetched before execution  (cost=0..0 rows=1)


table 3 : explain SELECT c FROM sbtest3 WHERE id=3219755
	-> Rows fetched before execution  (cost=0..0 rows=1)


table 4 : explain SELECT c FROM sbtest4 WHERE id=7237111
	-> Rows fetched before execution  (cost=0..0 rows=1)


table 5 : explain SELECT c FROM sbtest5 WHERE id=6566095
	-> Rows fetched before execution  (cost=0..0 rows=1)


table 6 : explain SELECT c FROM sbtest6 WHERE id=7394861
	-> Rows fetched before execution  (cost=0..0 rows=1)


table 7 : explain SELECT c FROM sbtest7 WHERE id=4473193
	-> Rows fetched before execution  (cost=0..0 rows=1)


table 8 : explain SELECT c FROM sbtest8 WHERE id=6457152
	-> Rows fetched before execution  (cost=0..0 rows=1)

for: simple_ranges
table 1 : explain SELECT c FROM sbtest1 WHERE id BETWEEN 1652094 AND 1653093
	-> Filter: (sbtest1.id between 1652094 and 1653093)  (cost=371 rows=1838)
    -> Index range scan on sbtest1 using PRIMARY over (1652094 <= id <= 1653093)  (cost=371 rows=1838)


table 2 : explain SELECT c FROM sbtest2 WHERE id BETWEEN 8853213 AND 8854212
	-> Filter: (sbtest2.id between 8853213 and 8854212)  (cost=371 rows=1838)
    -> Index range scan on sbtest2 using PRIMARY over (8853213 <= id <= 8854212)  (cost=371 rows=1838)


table 3 : explain SELECT c FROM sbtest3 WHERE id BETWEEN 8315129 AND 8316128
	-> Filter: (sbtest3.id between 8315129 and 8316128)  (cost=371 rows=1838)
    -> Index range scan on sbtest3 using PRIMARY over (8315129 <= id <= 8316128)  (cost=371 rows=1838)


table 4 : explain SELECT c FROM sbtest4 WHERE id BETWEEN 765308 AND 766307
	-> Filter: (sbtest4.id between 765308 and 766307)  (cost=378 rows=1872)
    -> Index range scan on sbtest4 using PRIMARY over (765308 <= id <= 766307)  (cost=378 rows=1872)


table 5 : explain SELECT c FROM sbtest5 WHERE id BETWEEN 12340 AND 13339
	-> Filter: (sbtest5.id between 12340 and 13339)  (cost=371 rows=1838)
    -> Index range scan on sbtest5 using PRIMARY over (12340 <= id <= 13339)  (cost=371 rows=1838)


table 6 : explain SELECT c FROM sbtest6 WHERE id BETWEEN 3941007 AND 3942006
	-> Filter: (sbtest6.id between 3941007 and 3942006)  (cost=371 rows=1838)
    -> Index range scan on sbtest6 using PRIMARY over (3941007 <= id <= 3942006)  (cost=371 rows=1838)


table 7 : explain SELECT c FROM sbtest7 WHERE id BETWEEN 3415665 AND 3416664
	-> Filter: (sbtest7.id between 3415665 and 3416664)  (cost=371 rows=1838)
    -> Index range scan on sbtest7 using PRIMARY over (3415665 <= id <= 3416664)  (cost=371 rows=1838)


table 8 : explain SELECT c FROM sbtest8 WHERE id BETWEEN 7658041 AND 7659040
	-> Filter: (sbtest8.id between 7658041 and 7659040)  (cost=378 rows=1872)
    -> Index range scan on sbtest8 using PRIMARY over (7658041 <= id <= 7659040)  (cost=378 rows=1872)



for point_selects
table 1 : explain SELECT c FROM sbtest1 WHERE id=3990501
	-> Rows fetched before execution  (cost=0..0 rows=1)


table 2 : explain SELECT c FROM sbtest2 WHERE id=8485674
	-> Rows fetched before execution  (cost=0..0 rows=1)


table 3 : explain SELECT c FROM sbtest3 WHERE id=299981
	-> Rows fetched before execution  (cost=0..0 rows=1)


table 4 : explain SELECT c FROM sbtest4 WHERE id=4095323
	-> Rows fetched before execution  (cost=0..0 rows=1)


table 5 : explain SELECT c FROM sbtest5 WHERE id=3521872
	-> Rows fetched before execution  (cost=0..0 rows=1)


table 6 : explain SELECT c FROM sbtest6 WHERE id=5545135
	-> Rows fetched before execution  (cost=0..0 rows=1)


table 7 : explain SELECT c FROM sbtest7 WHERE id=7221392
	-> Rows fetched before execution  (cost=0..0 rows=1)


table 8 : explain SELECT c FROM sbtest8 WHERE id=379337
	-> Rows fetched before execution  (cost=0..0 rows=1)


for point_selects
table 1 : explain SELECT c FROM sbtest1 WHERE id=5987504
	-> Rows fetched before execution  (cost=0..0 rows=1)


table 2 : explain SELECT c FROM sbtest2 WHERE id=5263280
	-> Rows fetched before execution  (cost=0..0 rows=1)


table 3 : explain SELECT c FROM sbtest3 WHERE id=1912058
	-> Rows fetched before execution  (cost=0..0 rows=1)


table 4 : explain SELECT c FROM sbtest4 WHERE id=6758214
	-> Rows fetched before execution  (cost=0..0 rows=1)


table 5 : explain SELECT c FROM sbtest5 WHERE id=2883575
	-> Rows fetched before execution  (cost=0..0 rows=1)


table 6 : explain SELECT c FROM sbtest6 WHERE id=938393
	-> Rows fetched before execution  (cost=0..0 rows=1)


table 7 : explain SELECT c FROM sbtest7 WHERE id=2057841
	-> Rows fetched before execution  (cost=0..0 rows=1)


table 8 : explain SELECT c FROM sbtest8 WHERE id=5119031
	-> Rows fetched before execution  (cost=0..0 rows=1)


for: simple_ranges
table 1 : explain SELECT c FROM sbtest1 WHERE id BETWEEN 1072576 AND 1073575
	-> Filter: (sbtest1.id between 1072576 and 1073575)  (cost=371 rows=1838)
    -> Index range scan on sbtest1 using PRIMARY over (1072576 <= id <= 1073575)  (cost=371 rows=1838)


table 2 : explain SELECT c FROM sbtest2 WHERE id BETWEEN 7213148 AND 7214147
	-> Filter: (sbtest2.id between 7213148 and 7214147)  (cost=371 rows=1838)
    -> Index range scan on sbtest2 using PRIMARY over (7213148 <= id <= 7214147)  (cost=371 rows=1838)


table 3 : explain SELECT c FROM sbtest3 WHERE id BETWEEN 1677815 AND 1678814
	-> Filter: (sbtest3.id between 1677815 and 1678814)  (cost=378 rows=1872)
    -> Index range scan on sbtest3 using PRIMARY over (1677815 <= id <= 1678814)  (cost=378 rows=1872)


table 4 : explain SELECT c FROM sbtest4 WHERE id BETWEEN 894993 AND 895992
	-> Filter: (sbtest4.id between 894993 and 895992)  (cost=371 rows=1838)
    -> Index range scan on sbtest4 using PRIMARY over (894993 <= id <= 895992)  (cost=371 rows=1838)


table 5 : explain SELECT c FROM sbtest5 WHERE id BETWEEN 4893568 AND 4894567
	-> Filter: (sbtest5.id between 4893568 and 4894567)  (cost=371 rows=1838)
    -> Index range scan on sbtest5 using PRIMARY over (4893568 <= id <= 4894567)  (cost=371 rows=1838)


table 6 : explain SELECT c FROM sbtest6 WHERE id BETWEEN 9424856 AND 9425855
	-> Filter: (sbtest6.id between 9424856 and 9425855)  (cost=378 rows=1872)
    -> Index range scan on sbtest6 using PRIMARY over (9424856 <= id <= 9425855)  (cost=378 rows=1872)


table 7 : explain SELECT c FROM sbtest7 WHERE id BETWEEN 4508490 AND 4509489
	-> Filter: (sbtest7.id between 4508490 and 4509489)  (cost=371 rows=1838)
    -> Index range scan on sbtest7 using PRIMARY over (4508490 <= id <= 4509489)  (cost=371 rows=1838)


table 8 : explain SELECT c FROM sbtest8 WHERE id BETWEEN 9852890 AND 9853889
	-> Filter: (sbtest8.id between 9852890 and 9853889)  (cost=371 rows=1838)
    -> Index range scan on sbtest8 using PRIMARY over (9852890 <= id <= 9853889)  (cost=371 rows=1838)


for point_selects
table 1 : explain SELECT c FROM sbtest1 WHERE id=7850545
	-> Rows fetched before execution  (cost=0..0 rows=1)


table 2 : explain SELECT c FROM sbtest2 WHERE id=4389875
	-> Rows fetched before execution  (cost=0..0 rows=1)


table 3 : explain SELECT c FROM sbtest3 WHERE id=5820960
	-> Rows fetched before execution  (cost=0..0 rows=1)


table 4 : explain SELECT c FROM sbtest4 WHERE id=6604785
	-> Rows fetched before execution  (cost=0..0 rows=1)


table 5 : explain SELECT c FROM sbtest5 WHERE id=2630180
	-> Rows fetched before execution  (cost=0..0 rows=1)


table 6 : explain SELECT c FROM sbtest6 WHERE id=9868674
	-> Rows fetched before execution  (cost=0..0 rows=1)


table 7 : explain SELECT c FROM sbtest7 WHERE id=2482255
	-> Rows fetched before execution  (cost=0..0 rows=1)


table 8 : explain SELECT c FROM sbtest8 WHERE id=5042930
	-> Rows fetched before execution  (cost=0..0 rows=1)


for: simple_ranges
table 1 : explain SELECT c FROM sbtest1 WHERE id BETWEEN 1921918 AND 1922917
	-> Filter: (sbtest1.id between 1921918 and 1922917)  (cost=378 rows=1872)
    -> Index range scan on sbtest1 using PRIMARY over (1921918 <= id <= 1922917)  (cost=378 rows=1872)


table 2 : explain SELECT c FROM sbtest2 WHERE id BETWEEN 3146085 AND 3147084
	-> Filter: (sbtest2.id between 3146085 and 3147084)  (cost=371 rows=1838)
    -> Index range scan on sbtest2 using PRIMARY over (3146085 <= id <= 3147084)  (cost=371 rows=1838)


table 3 : explain SELECT c FROM sbtest3 WHERE id BETWEEN 1024206 AND 1025205
	-> Filter: (sbtest3.id between 1024206 and 1025205)  (cost=371 rows=1838)
    -> Index range scan on sbtest3 using PRIMARY over (1024206 <= id <= 1025205)  (cost=371 rows=1838)


table 4 : explain SELECT c FROM sbtest4 WHERE id BETWEEN 1876050 AND 1877049
	-> Filter: (sbtest4.id between 1876050 and 1877049)  (cost=371 rows=1838)
    -> Index range scan on sbtest4 using PRIMARY over (1876050 <= id <= 1877049)  (cost=371 rows=1838)


table 5 : explain SELECT c FROM sbtest5 WHERE id BETWEEN 7572936 AND 7573935
	-> Filter: (sbtest5.id between 7572936 and 7573935)  (cost=371 rows=1838)
    -> Index range scan on sbtest5 using PRIMARY over (7572936 <= id <= 7573935)  (cost=371 rows=1838)


table 6 : explain SELECT c FROM sbtest6 WHERE id BETWEEN 9326929 AND 9327928
	-> Filter: (sbtest6.id between 9326929 and 9327928)  (cost=371 rows=1838)
    -> Index range scan on sbtest6 using PRIMARY over (9326929 <= id <= 9327928)  (cost=371 rows=1838)


table 7 : explain SELECT c FROM sbtest7 WHERE id BETWEEN 3964357 AND 3965356
	-> Filter: (sbtest7.id between 3964357 and 3965356)  (cost=371 rows=1838)
    -> Index range scan on sbtest7 using PRIMARY over (3964357 <= id <= 3965356)  (cost=371 rows=1838)


table 8 : explain SELECT c FROM sbtest8 WHERE id BETWEEN 8001280 AND 8002279
	-> Filter: (sbtest8.id between 8001280 and 8002279)  (cost=378 rows=1872)
    -> Index range scan on sbtest8 using PRIMARY over (8001280 <= id <= 8002279)  (cost=378 rows=1872)


for: sum_ranges
table 1 : explain SELECT SUM(k) FROM sbtest1 WHERE id BETWEEN 6714607 AND 6715606
	-> Aggregate: sum(sbtest1.k)  (cost=794 rows=1)
    -> Filter: (sbtest1.id between 6714607 and 6715606)  (cost=371 rows=1838)
        -> Index range scan on sbtest1 using PRIMARY over (6714607 <= id <= 6715606)  (cost=371 rows=1838)


table 2 : explain SELECT SUM(k) FROM sbtest2 WHERE id BETWEEN 1357886 AND 1358885
	-> Aggregate: sum(sbtest2.k)  (cost=794 rows=1)
    -> Filter: (sbtest2.id between 1357886 and 1358885)  (cost=371 rows=1838)
        -> Index range scan on sbtest2 using PRIMARY over (1357886 <= id <= 1358885)  (cost=371 rows=1838)


table 3 : explain SELECT SUM(k) FROM sbtest3 WHERE id BETWEEN 9044840 AND 9045839
	-> Aggregate: sum(sbtest3.k)  (cost=794 rows=1)
    -> Filter: (sbtest3.id between 9044840 and 9045839)  (cost=371 rows=1838)
        -> Index range scan on sbtest3 using PRIMARY over (9044840 <= id <= 9045839)  (cost=371 rows=1838)


table 4 : explain SELECT SUM(k) FROM sbtest4 WHERE id BETWEEN 4534679 AND 4535678
	-> Aggregate: sum(sbtest4.k)  (cost=794 rows=1)
    -> Filter: (sbtest4.id between 4534679 and 4535678)  (cost=371 rows=1838)
        -> Index range scan on sbtest4 using PRIMARY over (4534679 <= id <= 4535678)  (cost=371 rows=1838)


table 5 : explain SELECT SUM(k) FROM sbtest5 WHERE id BETWEEN 9732968 AND 9733967
	-> Aggregate: sum(sbtest5.k)  (cost=794 rows=1)
    -> Filter: (sbtest5.id between 9732968 and 9733967)  (cost=371 rows=1838)
        -> Index range scan on sbtest5 using PRIMARY over (9732968 <= id <= 9733967)  (cost=371 rows=1838)


table 6 : explain SELECT SUM(k) FROM sbtest6 WHERE id BETWEEN 6068079 AND 6069078
	-> Aggregate: sum(sbtest6.k)  (cost=794 rows=1)
    -> Filter: (sbtest6.id between 6068079 and 6069078)  (cost=371 rows=1838)
        -> Index range scan on sbtest6 using PRIMARY over (6068079 <= id <= 6069078)  (cost=371 rows=1838)


table 7 : explain SELECT SUM(k) FROM sbtest7 WHERE id BETWEEN 4946722 AND 4947721
	-> Aggregate: sum(sbtest7.k)  (cost=794 rows=1)
    -> Filter: (sbtest7.id between 4946722 and 4947721)  (cost=371 rows=1838)
        -> Index range scan on sbtest7 using PRIMARY over (4946722 <= id <= 4947721)  (cost=371 rows=1838)


table 8 : explain SELECT SUM(k) FROM sbtest8 WHERE id BETWEEN 4274162 AND 4275161
	-> Aggregate: sum(sbtest8.k)  (cost=794 rows=1)
    -> Filter: (sbtest8.id between 4274162 and 4275161)  (cost=371 rows=1838)
        -> Index range scan on sbtest8 using PRIMARY over (4274162 <= id <= 4275161)  (cost=371 rows=1838)


for: simple_ranges
table 1 : explain SELECT c FROM sbtest1 WHERE id BETWEEN 8713514 AND 8714513
	-> Filter: (sbtest1.id between 8713514 and 8714513)  (cost=371 rows=1838)
    -> Index range scan on sbtest1 using PRIMARY over (8713514 <= id <= 8714513)  (cost=371 rows=1838)


table 2 : explain SELECT c FROM sbtest2 WHERE id BETWEEN 865063 AND 866062
	-> Filter: (sbtest2.id between 865063 and 866062)  (cost=371 rows=1838)
    -> Index range scan on sbtest2 using PRIMARY over (865063 <= id <= 866062)  (cost=371 rows=1838)


table 3 : explain SELECT c FROM sbtest3 WHERE id BETWEEN 2427906 AND 2428905
	-> Filter: (sbtest3.id between 2427906 and 2428905)  (cost=371 rows=1838)
    -> Index range scan on sbtest3 using PRIMARY over (2427906 <= id <= 2428905)  (cost=371 rows=1838)


table 4 : explain SELECT c FROM sbtest4 WHERE id BETWEEN 6867342 AND 6868341
	-> Filter: (sbtest4.id between 6867342 and 6868341)  (cost=371 rows=1838)
    -> Index range scan on sbtest4 using PRIMARY over (6867342 <= id <= 6868341)  (cost=371 rows=1838)


table 5 : explain SELECT c FROM sbtest5 WHERE id BETWEEN 4671300 AND 4672299
	-> Filter: (sbtest5.id between 4671300 and 4672299)  (cost=371 rows=1838)
    -> Index range scan on sbtest5 using PRIMARY over (4671300 <= id <= 4672299)  (cost=371 rows=1838)


table 6 : explain SELECT c FROM sbtest6 WHERE id BETWEEN 203824 AND 204823
	-> Filter: (sbtest6.id between 203824 and 204823)  (cost=371 rows=1838)
    -> Index range scan on sbtest6 using PRIMARY over (203824 <= id <= 204823)  (cost=371 rows=1838)


table 7 : explain SELECT c FROM sbtest7 WHERE id BETWEEN 2433959 AND 2434958
	-> Filter: (sbtest7.id between 2433959 and 2434958)  (cost=371 rows=1838)
    -> Index range scan on sbtest7 using PRIMARY over (2433959 <= id <= 2434958)  (cost=371 rows=1838)


table 8 : explain SELECT c FROM sbtest8 WHERE id BETWEEN 1634366 AND 1635365
	-> Filter: (sbtest8.id between 1634366 and 1635365)  (cost=378 rows=1872)
    -> Index range scan on sbtest8 using PRIMARY over (1634366 <= id <= 1635365)  (cost=378 rows=1872)


for: sum_ranges
table 1 : explain SELECT SUM(k) FROM sbtest1 WHERE id BETWEEN 4987284 AND 4988283
	-> Aggregate: sum(sbtest1.k)  (cost=794 rows=1)
    -> Filter: (sbtest1.id between 4987284 and 4988283)  (cost=371 rows=1838)
        -> Index range scan on sbtest1 using PRIMARY over (4987284 <= id <= 4988283)  (cost=371 rows=1838)


table 2 : explain SELECT SUM(k) FROM sbtest2 WHERE id BETWEEN 8500190 AND 8501189
	-> Aggregate: sum(sbtest2.k)  (cost=794 rows=1)
    -> Filter: (sbtest2.id between 8500190 and 8501189)  (cost=371 rows=1838)
        -> Index range scan on sbtest2 using PRIMARY over (8500190 <= id <= 8501189)  (cost=371 rows=1838)


table 3 : explain SELECT SUM(k) FROM sbtest3 WHERE id BETWEEN 388370 AND 389369
	-> Aggregate: sum(sbtest3.k)  (cost=794 rows=1)
    -> Filter: (sbtest3.id between 388370 and 389369)  (cost=371 rows=1838)
        -> Index range scan on sbtest3 using PRIMARY over (388370 <= id <= 389369)  (cost=371 rows=1838)


table 4 : explain SELECT SUM(k) FROM sbtest4 WHERE id BETWEEN 7015289 AND 7016288
	-> Aggregate: sum(sbtest4.k)  (cost=794 rows=1)
    -> Filter: (sbtest4.id between 7015289 and 7016288)  (cost=371 rows=1838)
        -> Index range scan on sbtest4 using PRIMARY over (7015289 <= id <= 7016288)  (cost=371 rows=1838)


table 5 : explain SELECT SUM(k) FROM sbtest5 WHERE id BETWEEN 5168212 AND 5169211
	-> Aggregate: sum(sbtest5.k)  (cost=794 rows=1)
    -> Filter: (sbtest5.id between 5168212 and 5169211)  (cost=371 rows=1838)
        -> Index range scan on sbtest5 using PRIMARY over (5168212 <= id <= 5169211)  (cost=371 rows=1838)


table 6 : explain SELECT SUM(k) FROM sbtest6 WHERE id BETWEEN 5321821 AND 5322820
	-> Aggregate: sum(sbtest6.k)  (cost=809 rows=1)
    -> Filter: (sbtest6.id between 5321821 and 5322820)  (cost=378 rows=1872)
        -> Index range scan on sbtest6 using PRIMARY over (5321821 <= id <= 5322820)  (cost=378 rows=1872)


table 7 : explain SELECT SUM(k) FROM sbtest7 WHERE id BETWEEN 2233293 AND 2234292
	-> Aggregate: sum(sbtest7.k)  (cost=794 rows=1)
    -> Filter: (sbtest7.id between 2233293 and 2234292)  (cost=371 rows=1838)
        -> Index range scan on sbtest7 using PRIMARY over (2233293 <= id <= 2234292)  (cost=371 rows=1838)


table 8 : explain SELECT SUM(k) FROM sbtest8 WHERE id BETWEEN 1252575 AND 1253574
	-> Aggregate: sum(sbtest8.k)  (cost=809 rows=1)
    -> Filter: (sbtest8.id between 1252575 and 1253574)  (cost=378 rows=1872)
        -> Index range scan on sbtest8 using PRIMARY over (1252575 <= id <= 1253574)  (cost=378 rows=1872)


for: sum_ranges
table 1 : explain SELECT SUM(k) FROM sbtest1 WHERE id BETWEEN 3148351 AND 3149350
	-> Aggregate: sum(sbtest1.k)  (cost=794 rows=1)
    -> Filter: (sbtest1.id between 3148351 and 3149350)  (cost=371 rows=1838)
        -> Index range scan on sbtest1 using PRIMARY over (3148351 <= id <= 3149350)  (cost=371 rows=1838)


table 2 : explain SELECT SUM(k) FROM sbtest2 WHERE id BETWEEN 259758 AND 260757
	-> Aggregate: sum(sbtest2.k)  (cost=794 rows=1)
    -> Filter: (sbtest2.id between 259758 and 260757)  (cost=371 rows=1838)
        -> Index range scan on sbtest2 using PRIMARY over (259758 <= id <= 260757)  (cost=371 rows=1838)


table 3 : explain SELECT SUM(k) FROM sbtest3 WHERE id BETWEEN 2562596 AND 2563595
	-> Aggregate: sum(sbtest3.k)  (cost=794 rows=1)
    -> Filter: (sbtest3.id between 2562596 and 2563595)  (cost=371 rows=1838)
        -> Index range scan on sbtest3 using PRIMARY over (2562596 <= id <= 2563595)  (cost=371 rows=1838)


table 4 : explain SELECT SUM(k) FROM sbtest4 WHERE id BETWEEN 3741946 AND 3742945
	-> Aggregate: sum(sbtest4.k)  (cost=809 rows=1)
    -> Filter: (sbtest4.id between 3741946 and 3742945)  (cost=378 rows=1872)
        -> Index range scan on sbtest4 using PRIMARY over (3741946 <= id <= 3742945)  (cost=378 rows=1872)


table 5 : explain SELECT SUM(k) FROM sbtest5 WHERE id BETWEEN 1022264 AND 1023263
	-> Aggregate: sum(sbtest5.k)  (cost=809 rows=1)
    -> Filter: (sbtest5.id between 1022264 and 1023263)  (cost=378 rows=1872)
        -> Index range scan on sbtest5 using PRIMARY over (1022264 <= id <= 1023263)  (cost=378 rows=1872)


table 6 : explain SELECT SUM(k) FROM sbtest6 WHERE id BETWEEN 1062768 AND 1063767
	-> Aggregate: sum(sbtest6.k)  (cost=794 rows=1)
    -> Filter: (sbtest6.id between 1062768 and 1063767)  (cost=371 rows=1838)
        -> Index range scan on sbtest6 using PRIMARY over (1062768 <= id <= 1063767)  (cost=371 rows=1838)


table 7 : explain SELECT SUM(k) FROM sbtest7 WHERE id BETWEEN 5753905 AND 5754904
	-> Aggregate: sum(sbtest7.k)  (cost=809 rows=1)
    -> Filter: (sbtest7.id between 5753905 and 5754904)  (cost=378 rows=1872)
        -> Index range scan on sbtest7 using PRIMARY over (5753905 <= id <= 5754904)  (cost=378 rows=1872)


table 8 : explain SELECT SUM(k) FROM sbtest8 WHERE id BETWEEN 3734082 AND 3735081
	-> Aggregate: sum(sbtest8.k)  (cost=809 rows=1)
    -> Filter: (sbtest8.id between 3734082 and 3735081)  (cost=378 rows=1872)
        -> Index range scan on sbtest8 using PRIMARY over (3734082 <= id <= 3735081)  (cost=378 rows=1872)


for: sum_ranges
table 1 : explain SELECT SUM(k) FROM sbtest1 WHERE id BETWEEN 7039329 AND 7040328
	-> Aggregate: sum(sbtest1.k)  (cost=794 rows=1)
    -> Filter: (sbtest1.id between 7039329 and 7040328)  (cost=371 rows=1838)
        -> Index range scan on sbtest1 using PRIMARY over (7039329 <= id <= 7040328)  (cost=371 rows=1838)


table 2 : explain SELECT SUM(k) FROM sbtest2 WHERE id BETWEEN 3170572 AND 3171571
	-> Aggregate: sum(sbtest2.k)  (cost=794 rows=1)
    -> Filter: (sbtest2.id between 3170572 and 3171571)  (cost=371 rows=1838)
        -> Index range scan on sbtest2 using PRIMARY over (3170572 <= id <= 3171571)  (cost=371 rows=1838)


table 3 : explain SELECT SUM(k) FROM sbtest3 WHERE id BETWEEN 3672070 AND 3673069
	-> Aggregate: sum(sbtest3.k)  (cost=794 rows=1)
    -> Filter: (sbtest3.id between 3672070 and 3673069)  (cost=371 rows=1838)
        -> Index range scan on sbtest3 using PRIMARY over (3672070 <= id <= 3673069)  (cost=371 rows=1838)


table 4 : explain SELECT SUM(k) FROM sbtest4 WHERE id BETWEEN 3910484 AND 3911483
	-> Aggregate: sum(sbtest4.k)  (cost=794 rows=1)
    -> Filter: (sbtest4.id between 3910484 and 3911483)  (cost=371 rows=1838)
        -> Index range scan on sbtest4 using PRIMARY over (3910484 <= id <= 3911483)  (cost=371 rows=1838)


table 5 : explain SELECT SUM(k) FROM sbtest5 WHERE id BETWEEN 2065838 AND 2066837
	-> Aggregate: sum(sbtest5.k)  (cost=794 rows=1)
    -> Filter: (sbtest5.id between 2065838 and 2066837)  (cost=371 rows=1838)
        -> Index range scan on sbtest5 using PRIMARY over (2065838 <= id <= 2066837)  (cost=371 rows=1838)


table 6 : explain SELECT SUM(k) FROM sbtest6 WHERE id BETWEEN 7914873 AND 7915872
	-> Aggregate: sum(sbtest6.k)  (cost=794 rows=1)
    -> Filter: (sbtest6.id between 7914873 and 7915872)  (cost=371 rows=1838)
        -> Index range scan on sbtest6 using PRIMARY over (7914873 <= id <= 7915872)  (cost=371 rows=1838)


table 7 : explain SELECT SUM(k) FROM sbtest7 WHERE id BETWEEN 4773208 AND 4774207
	-> Aggregate: sum(sbtest7.k)  (cost=794 rows=1)
    -> Filter: (sbtest7.id between 4773208 and 4774207)  (cost=371 rows=1838)
        -> Index range scan on sbtest7 using PRIMARY over (4773208 <= id <= 4774207)  (cost=371 rows=1838)


table 8 : explain SELECT SUM(k) FROM sbtest8 WHERE id BETWEEN 5083414 AND 5084413
	-> Aggregate: sum(sbtest8.k)  (cost=809 rows=1)
    -> Filter: (sbtest8.id between 5083414 and 5084413)  (cost=378 rows=1872)
        -> Index range scan on sbtest8 using PRIMARY over (5083414 <= id <= 5084413)  (cost=378 rows=1872)


for: sum_ranges
table 1 : explain SELECT SUM(k) FROM sbtest1 WHERE id BETWEEN 7811221 AND 7812220
	-> Aggregate: sum(sbtest1.k)  (cost=794 rows=1)
    -> Filter: (sbtest1.id between 7811221 and 7812220)  (cost=371 rows=1838)
        -> Index range scan on sbtest1 using PRIMARY over (7811221 <= id <= 7812220)  (cost=371 rows=1838)


table 2 : explain SELECT SUM(k) FROM sbtest2 WHERE id BETWEEN 7715638 AND 7716637
	-> Aggregate: sum(sbtest2.k)  (cost=809 rows=1)
    -> Filter: (sbtest2.id between 7715638 and 7716637)  (cost=378 rows=1872)
        -> Index range scan on sbtest2 using PRIMARY over (7715638 <= id <= 7716637)  (cost=378 rows=1872)


table 3 : explain SELECT SUM(k) FROM sbtest3 WHERE id BETWEEN 6908932 AND 6909931
	-> Aggregate: sum(sbtest3.k)  (cost=794 rows=1)
    -> Filter: (sbtest3.id between 6908932 and 6909931)  (cost=371 rows=1838)
        -> Index range scan on sbtest3 using PRIMARY over (6908932 <= id <= 6909931)  (cost=371 rows=1838)


table 4 : explain SELECT SUM(k) FROM sbtest4 WHERE id BETWEEN 3581686 AND 3582685
	-> Aggregate: sum(sbtest4.k)  (cost=794 rows=1)
    -> Filter: (sbtest4.id between 3581686 and 3582685)  (cost=371 rows=1838)
        -> Index range scan on sbtest4 using PRIMARY over (3581686 <= id <= 3582685)  (cost=371 rows=1838)


table 5 : explain SELECT SUM(k) FROM sbtest5 WHERE id BETWEEN 4414425 AND 4415424
	-> Aggregate: sum(sbtest5.k)  (cost=809 rows=1)
    -> Filter: (sbtest5.id between 4414425 and 4415424)  (cost=378 rows=1872)
        -> Index range scan on sbtest5 using PRIMARY over (4414425 <= id <= 4415424)  (cost=378 rows=1872)


table 6 : explain SELECT SUM(k) FROM sbtest6 WHERE id BETWEEN 4464934 AND 4465933
	-> Aggregate: sum(sbtest6.k)  (cost=794 rows=1)
    -> Filter: (sbtest6.id between 4464934 and 4465933)  (cost=371 rows=1838)
        -> Index range scan on sbtest6 using PRIMARY over (4464934 <= id <= 4465933)  (cost=371 rows=1838)


table 7 : explain SELECT SUM(k) FROM sbtest7 WHERE id BETWEEN 1729331 AND 1730330
	-> Aggregate: sum(sbtest7.k)  (cost=794 rows=1)
    -> Filter: (sbtest7.id between 1729331 and 1730330)  (cost=371 rows=1838)
        -> Index range scan on sbtest7 using PRIMARY over (1729331 <= id <= 1730330)  (cost=371 rows=1838)


table 8 : explain SELECT SUM(k) FROM sbtest8 WHERE id BETWEEN 4401582 AND 4402581
	-> Aggregate: sum(sbtest8.k)  (cost=809 rows=1)
    -> Filter: (sbtest8.id between 4401582 and 4402581)  (cost=378 rows=1872)
        -> Index range scan on sbtest8 using PRIMARY over (4401582 <= id <= 4402581)  (cost=378 rows=1872)

for: simple_ranges
table 1 : explain SELECT c FROM sbtest1 WHERE id BETWEEN 2756399 AND 2757398
	-> Filter: (sbtest1.id between 2756399 and 2757398)  (cost=371 rows=1838)
    -> Index range scan on sbtest1 using PRIMARY over (2756399 <= id <= 2757398)  (cost=371 rows=1838)


table 2 : explain SELECT c FROM sbtest2 WHERE id BETWEEN 2860732 AND 2861731
	-> Filter: (sbtest2.id between 2860732 and 2861731)  (cost=371 rows=1838)
    -> Index range scan on sbtest2 using PRIMARY over (2860732 <= id <= 2861731)  (cost=371 rows=1838)


table 3 : explain SELECT c FROM sbtest3 WHERE id BETWEEN 2100801 AND 2101800
	-> Filter: (sbtest3.id between 2100801 and 2101800)  (cost=371 rows=1838)
    -> Index range scan on sbtest3 using PRIMARY over (2100801 <= id <= 2101800)  (cost=371 rows=1838)


table 4 : explain SELECT c FROM sbtest4 WHERE id BETWEEN 1098102 AND 1099101
	-> Filter: (sbtest4.id between 1098102 and 1099101)  (cost=371 rows=1838)
    -> Index range scan on sbtest4 using PRIMARY over (1098102 <= id <= 1099101)  (cost=371 rows=1838)


table 5 : explain SELECT c FROM sbtest5 WHERE id BETWEEN 7908317 AND 7909316
	-> Filter: (sbtest5.id between 7908317 and 7909316)  (cost=371 rows=1838)
    -> Index range scan on sbtest5 using PRIMARY over (7908317 <= id <= 7909316)  (cost=371 rows=1838)


table 6 : explain SELECT c FROM sbtest6 WHERE id BETWEEN 8012400 AND 8013399
	-> Filter: (sbtest6.id between 8012400 and 8013399)  (cost=371 rows=1838)
    -> Index range scan on sbtest6 using PRIMARY over (8012400 <= id <= 8013399)  (cost=371 rows=1838)


table 7 : explain SELECT c FROM sbtest7 WHERE id BETWEEN 5851970 AND 5852969
	-> Filter: (sbtest7.id between 5851970 and 5852969)  (cost=371 rows=1838)
    -> Index range scan on sbtest7 using PRIMARY over (5851970 <= id <= 5852969)  (cost=371 rows=1838)


table 8 : explain SELECT c FROM sbtest8 WHERE id BETWEEN 4110038 AND 4111037
	-> Filter: (sbtest8.id between 4110038 and 4111037)  (cost=371 rows=1838)
    -> Index range scan on sbtest8 using PRIMARY over (4110038 <= id <= 4111037)  (cost=371 rows=1838)



for: simple_ranges
table 1 : explain SELECT c FROM sbtest1 WHERE id BETWEEN 9653959 AND 9654958
	-> Filter: (sbtest1.id between 9653959 and 9654958)  (cost=371 rows=1838)
    -> Index range scan on sbtest1 using PRIMARY over (9653959 <= id <= 9654958)  (cost=371 rows=1838)


table 2 : explain SELECT c FROM sbtest2 WHERE id BETWEEN 8270136 AND 8271135
	-> Filter: (sbtest2.id between 8270136 and 8271135)  (cost=378 rows=1872)
    -> Index range scan on sbtest2 using PRIMARY over (8270136 <= id <= 8271135)  (cost=378 rows=1872)


table 3 : explain SELECT c FROM sbtest3 WHERE id BETWEEN 1096101 AND 1097100
	-> Filter: (sbtest3.id between 1096101 and 1097100)  (cost=371 rows=1838)
    -> Index range scan on sbtest3 using PRIMARY over (1096101 <= id <= 1097100)  (cost=371 rows=1838)


table 4 : explain SELECT c FROM sbtest4 WHERE id BETWEEN 225976 AND 226975
	-> Filter: (sbtest4.id between 225976 and 226975)  (cost=378 rows=1872)
    -> Index range scan on sbtest4 using PRIMARY over (225976 <= id <= 226975)  (cost=378 rows=1872)


table 5 : explain SELECT c FROM sbtest5 WHERE id BETWEEN 4583015 AND 4584014
	-> Filter: (sbtest5.id between 4583015 and 4584014)  (cost=371 rows=1838)
    -> Index range scan on sbtest5 using PRIMARY over (4583015 <= id <= 4584014)  (cost=371 rows=1838)


table 6 : explain SELECT c FROM sbtest6 WHERE id BETWEEN 1721308 AND 1722307
	-> Filter: (sbtest6.id between 1721308 and 1722307)  (cost=378 rows=1872)
    -> Index range scan on sbtest6 using PRIMARY over (1721308 <= id <= 1722307)  (cost=378 rows=1872)


table 7 : explain SELECT c FROM sbtest7 WHERE id BETWEEN 6868621 AND 6869620
	-> Filter: (sbtest7.id between 6868621 and 6869620)  (cost=378 rows=1872)
    -> Index range scan on sbtest7 using PRIMARY over (6868621 <= id <= 6869620)  (cost=378 rows=1872)


table 8 : explain SELECT c FROM sbtest8 WHERE id BETWEEN 3870685 AND 3871684
	-> Filter: (sbtest8.id between 3870685 and 3871684)  (cost=371 rows=1838)
    -> Index range scan on sbtest8 using PRIMARY over (3870685 <= id <= 3871684)  (cost=371 rows=1838)


for: sum_ranges
table 1 : explain SELECT SUM(k) FROM sbtest1 WHERE id BETWEEN 7334903 AND 7335902
	-> Aggregate: sum(sbtest1.k)  (cost=794 rows=1)
    -> Filter: (sbtest1.id between 7334903 and 7335902)  (cost=371 rows=1838)
        -> Index range scan on sbtest1 using PRIMARY over (7334903 <= id <= 7335902)  (cost=371 rows=1838)


table 2 : explain SELECT SUM(k) FROM sbtest2 WHERE id BETWEEN 5556515 AND 5557514
	-> Aggregate: sum(sbtest2.k)  (cost=809 rows=1)
    -> Filter: (sbtest2.id between 5556515 and 5557514)  (cost=378 rows=1872)
        -> Index range scan on sbtest2 using PRIMARY over (5556515 <= id <= 5557514)  (cost=378 rows=1872)


table 3 : explain SELECT SUM(k) FROM sbtest3 WHERE id BETWEEN 9174120 AND 9175119
	-> Aggregate: sum(sbtest3.k)  (cost=794 rows=1)
    -> Filter: (sbtest3.id between 9174120 and 9175119)  (cost=371 rows=1838)
        -> Index range scan on sbtest3 using PRIMARY over (9174120 <= id <= 9175119)  (cost=371 rows=1838)


table 4 : explain SELECT SUM(k) FROM sbtest4 WHERE id BETWEEN 2304917 AND 2305916
	-> Aggregate: sum(sbtest4.k)  (cost=794 rows=1)
    -> Filter: (sbtest4.id between 2304917 and 2305916)  (cost=371 rows=1838)
        -> Index range scan on sbtest4 using PRIMARY over (2304917 <= id <= 2305916)  (cost=371 rows=1838)


table 5 : explain SELECT SUM(k) FROM sbtest5 WHERE id BETWEEN 5036994 AND 5037993
	-> Aggregate: sum(sbtest5.k)  (cost=794 rows=1)
    -> Filter: (sbtest5.id between 5036994 and 5037993)  (cost=371 rows=1838)
        -> Index range scan on sbtest5 using PRIMARY over (5036994 <= id <= 5037993)  (cost=371 rows=1838)


table 6 : explain SELECT SUM(k) FROM sbtest6 WHERE id BETWEEN 5486140 AND 5487139
	-> Aggregate: sum(sbtest6.k)  (cost=809 rows=1)
    -> Filter: (sbtest6.id between 5486140 and 5487139)  (cost=378 rows=1872)
        -> Index range scan on sbtest6 using PRIMARY over (5486140 <= id <= 5487139)  (cost=378 rows=1872)


table 7 : explain SELECT SUM(k) FROM sbtest7 WHERE id BETWEEN 4995257 AND 4996256
	-> Aggregate: sum(sbtest7.k)  (cost=794 rows=1)
    -> Filter: (sbtest7.id between 4995257 and 4996256)  (cost=371 rows=1838)
        -> Index range scan on sbtest7 using PRIMARY over (4995257 <= id <= 4996256)  (cost=371 rows=1838)


table 8 : explain SELECT SUM(k) FROM sbtest8 WHERE id BETWEEN 4094362 AND 4095361
	-> Aggregate: sum(sbtest8.k)  (cost=794 rows=1)
    -> Filter: (sbtest8.id between 4094362 and 4095361)  (cost=371 rows=1838)
        -> Index range scan on sbtest8 using PRIMARY over (4094362 <= id <= 4095361)  (cost=371 rows=1838)


for point_selects
table 1 : explain SELECT c FROM sbtest1 WHERE id=5554792
	-> Rows fetched before execution  (cost=0..0 rows=1)


table 2 : explain SELECT c FROM sbtest2 WHERE id=8372818
	-> Rows fetched before execution  (cost=0..0 rows=1)


table 3 : explain SELECT c FROM sbtest3 WHERE id=9458112
	-> Rows fetched before execution  (cost=0..0 rows=1)


table 4 : explain SELECT c FROM sbtest4 WHERE id=96036
	-> Rows fetched before execution  (cost=0..0 rows=1)


table 5 : explain SELECT c FROM sbtest5 WHERE id=1120370
	-> Rows fetched before execution  (cost=0..0 rows=1)


table 6 : explain SELECT c FROM sbtest6 WHERE id=2096590
	-> Rows fetched before execution  (cost=0..0 rows=1)


table 7 : explain SELECT c FROM sbtest7 WHERE id=463108
	-> Rows fetched before execution  (cost=0..0 rows=1)


table 8 : explain SELECT c FROM sbtest8 WHERE id=7949973
	-> Rows fetched before execution  (cost=0..0 rows=1)


for: simple_ranges
table 1 : explain SELECT c FROM sbtest1 WHERE id BETWEEN 8089923 AND 8090922
	-> Filter: (sbtest1.id between 8089923 and 8090922)  (cost=371 rows=1838)
    -> Index range scan on sbtest1 using PRIMARY over (8089923 <= id <= 8090922)  (cost=371 rows=1838)


table 2 : explain SELECT c FROM sbtest2 WHERE id BETWEEN 9548585 AND 9549584
	-> Filter: (sbtest2.id between 9548585 and 9549584)  (cost=378 rows=1872)
    -> Index range scan on sbtest2 using PRIMARY over (9548585 <= id <= 9549584)  (cost=378 rows=1872)


table 3 : explain SELECT c FROM sbtest3 WHERE id BETWEEN 6332686 AND 6333685
	-> Filter: (sbtest3.id between 6332686 and 6333685)  (cost=371 rows=1838)
    -> Index range scan on sbtest3 using PRIMARY over (6332686 <= id <= 6333685)  (cost=371 rows=1838)


table 4 : explain SELECT c FROM sbtest4 WHERE id BETWEEN 9891296 AND 9892295
	-> Filter: (sbtest4.id between 9891296 and 9892295)  (cost=371 rows=1838)
    -> Index range scan on sbtest4 using PRIMARY over (9891296 <= id <= 9892295)  (cost=371 rows=1838)


table 5 : explain SELECT c FROM sbtest5 WHERE id BETWEEN 3872193 AND 3873192
	-> Filter: (sbtest5.id between 3872193 and 3873192)  (cost=378 rows=1872)
    -> Index range scan on sbtest5 using PRIMARY over (3872193 <= id <= 3873192)  (cost=378 rows=1872)


table 6 : explain SELECT c FROM sbtest6 WHERE id BETWEEN 3440169 AND 3441168
	-> Filter: (sbtest6.id between 3440169 and 3441168)  (cost=378 rows=1872)
    -> Index range scan on sbtest6 using PRIMARY over (3440169 <= id <= 3441168)  (cost=378 rows=1872)


table 7 : explain SELECT c FROM sbtest7 WHERE id BETWEEN 6581772 AND 6582771
	-> Filter: (sbtest7.id between 6581772 and 6582771)  (cost=371 rows=1838)
    -> Index range scan on sbtest7 using PRIMARY over (6581772 <= id <= 6582771)  (cost=371 rows=1838)


table 8 : explain SELECT c FROM sbtest8 WHERE id BETWEEN 5379902 AND 5380901
	-> Filter: (sbtest8.id between 5379902 and 5380901)  (cost=371 rows=1838)
    -> Index range scan on sbtest8 using PRIMARY over (5379902 <= id <= 5380901)  (cost=371 rows=1838)


for: sum_ranges
table 1 : explain SELECT SUM(k) FROM sbtest1 WHERE id BETWEEN 1505465 AND 1506464
	-> Aggregate: sum(sbtest1.k)  (cost=809 rows=1)
    -> Filter: (sbtest1.id between 1505465 and 1506464)  (cost=378 rows=1872)
        -> Index range scan on sbtest1 using PRIMARY over (1505465 <= id <= 1506464)  (cost=378 rows=1872)


table 2 : explain SELECT SUM(k) FROM sbtest2 WHERE id BETWEEN 6122527 AND 6123526
	-> Aggregate: sum(sbtest2.k)  (cost=794 rows=1)
    -> Filter: (sbtest2.id between 6122527 and 6123526)  (cost=371 rows=1838)
        -> Index range scan on sbtest2 using PRIMARY over (6122527 <= id <= 6123526)  (cost=371 rows=1838)


table 3 : explain SELECT SUM(k) FROM sbtest3 WHERE id BETWEEN 488280 AND 489279
	-> Aggregate: sum(sbtest3.k)  (cost=809 rows=1)
    -> Filter: (sbtest3.id between 488280 and 489279)  (cost=378 rows=1872)
        -> Index range scan on sbtest3 using PRIMARY over (488280 <= id <= 489279)  (cost=378 rows=1872)


table 4 : explain SELECT SUM(k) FROM sbtest4 WHERE id BETWEEN 8832258 AND 8833257
	-> Aggregate: sum(sbtest4.k)  (cost=794 rows=1)
    -> Filter: (sbtest4.id between 8832258 and 8833257)  (cost=371 rows=1838)
        -> Index range scan on sbtest4 using PRIMARY over (8832258 <= id <= 8833257)  (cost=371 rows=1838)


table 5 : explain SELECT SUM(k) FROM sbtest5 WHERE id BETWEEN 9529342 AND 9530341
	-> Aggregate: sum(sbtest5.k)  (cost=794 rows=1)
    -> Filter: (sbtest5.id between 9529342 and 9530341)  (cost=371 rows=1838)
        -> Index range scan on sbtest5 using PRIMARY over (9529342 <= id <= 9530341)  (cost=371 rows=1838)


table 6 : explain SELECT SUM(k) FROM sbtest6 WHERE id BETWEEN 2837607 AND 2838606
	-> Aggregate: sum(sbtest6.k)  (cost=794 rows=1)
    -> Filter: (sbtest6.id between 2837607 and 2838606)  (cost=371 rows=1838)
        -> Index range scan on sbtest6 using PRIMARY over (2837607 <= id <= 2838606)  (cost=371 rows=1838)


table 7 : explain SELECT SUM(k) FROM sbtest7 WHERE id BETWEEN 220091 AND 221090
	-> Aggregate: sum(sbtest7.k)  (cost=794 rows=1)
    -> Filter: (sbtest7.id between 220091 and 221090)  (cost=371 rows=1838)
        -> Index range scan on sbtest7 using PRIMARY over (220091 <= id <= 221090)  (cost=371 rows=1838)


table 8 : explain SELECT SUM(k) FROM sbtest8 WHERE id BETWEEN 6787774 AND 6788773
	-> Aggregate: sum(sbtest8.k)  (cost=794 rows=1)
    -> Filter: (sbtest8.id between 6787774 and 6788773)  (cost=371 rows=1838)
        -> Index range scan on sbtest8 using PRIMARY over (6787774 <= id <= 6788773)  (cost=371 rows=1838)


for: simple_ranges
table 1 : explain SELECT c FROM sbtest1 WHERE id BETWEEN 7650729 AND 7651728
	-> Filter: (sbtest1.id between 7650729 and 7651728)  (cost=371 rows=1840)
    -> Index range scan on sbtest1 using PRIMARY over (7650729 <= id <= 7651728)  (cost=371 rows=1840)


table 2 : explain SELECT c FROM sbtest2 WHERE id BETWEEN 3714220 AND 3715219
	-> Filter: (sbtest2.id between 3714220 and 3715219)  (cost=378 rows=1872)
    -> Index range scan on sbtest2 using PRIMARY over (3714220 <= id <= 3715219)  (cost=378 rows=1872)


table 3 : explain SELECT c FROM sbtest3 WHERE id BETWEEN 8710067 AND 8711066
	-> Filter: (sbtest3.id between 8710067 and 8711066)  (cost=371 rows=1838)
    -> Index range scan on sbtest3 using PRIMARY over (8710067 <= id <= 8711066)  (cost=371 rows=1838)


table 4 : explain SELECT c FROM sbtest4 WHERE id BETWEEN 3032428 AND 3033427
	-> Filter: (sbtest4.id between 3032428 and 3033427)  (cost=371 rows=1838)
    -> Index range scan on sbtest4 using PRIMARY over (3032428 <= id <= 3033427)  (cost=371 rows=1838)


table 5 : explain SELECT c FROM sbtest5 WHERE id BETWEEN 9188209 AND 9189208
	-> Filter: (sbtest5.id between 9188209 and 9189208)  (cost=371 rows=1838)
    -> Index range scan on sbtest5 using PRIMARY over (9188209 <= id <= 9189208)  (cost=371 rows=1838)


table 6 : explain SELECT c FROM sbtest6 WHERE id BETWEEN 7175370 AND 7176369
	-> Filter: (sbtest6.id between 7175370 and 7176369)  (cost=378 rows=1872)
    -> Index range scan on sbtest6 using PRIMARY over (7175370 <= id <= 7176369)  (cost=378 rows=1872)


table 7 : explain SELECT c FROM sbtest7 WHERE id BETWEEN 9533750 AND 9534749
	-> Filter: (sbtest7.id between 9533750 and 9534749)  (cost=371 rows=1838)
    -> Index range scan on sbtest7 using PRIMARY over (9533750 <= id <= 9534749)  (cost=371 rows=1838)


table 8 : explain SELECT c FROM sbtest8 WHERE id BETWEEN 3682964 AND 3683963
	-> Filter: (sbtest8.id between 3682964 and 3683963)  (cost=378 rows=1872)
    -> Index range scan on sbtest8 using PRIMARY over (3682964 <= id <= 3683963)  (cost=378 rows=1872)


for: sum_ranges
table 1 : explain SELECT SUM(k) FROM sbtest1 WHERE id BETWEEN 4593618 AND 4594617
	-> Aggregate: sum(sbtest1.k)  (cost=794 rows=1)
    -> Filter: (sbtest1.id between 4593618 and 4594617)  (cost=371 rows=1838)
        -> Index range scan on sbtest1 using PRIMARY over (4593618 <= id <= 4594617)  (cost=371 rows=1838)


table 2 : explain SELECT SUM(k) FROM sbtest2 WHERE id BETWEEN 8062525 AND 8063524
	-> Aggregate: sum(sbtest2.k)  (cost=809 rows=1)
    -> Filter: (sbtest2.id between 8062525 and 8063524)  (cost=378 rows=1872)
        -> Index range scan on sbtest2 using PRIMARY over (8062525 <= id <= 8063524)  (cost=378 rows=1872)


table 3 : explain SELECT SUM(k) FROM sbtest3 WHERE id BETWEEN 9766435 AND 9767434
	-> Aggregate: sum(sbtest3.k)  (cost=809 rows=1)
    -> Filter: (sbtest3.id between 9766435 and 9767434)  (cost=378 rows=1872)
        -> Index range scan on sbtest3 using PRIMARY over (9766435 <= id <= 9767434)  (cost=378 rows=1872)


table 4 : explain SELECT SUM(k) FROM sbtest4 WHERE id BETWEEN 3286831 AND 3287830
	-> Aggregate: sum(sbtest4.k)  (cost=794 rows=1)
    -> Filter: (sbtest4.id between 3286831 and 3287830)  (cost=371 rows=1838)
        -> Index range scan on sbtest4 using PRIMARY over (3286831 <= id <= 3287830)  (cost=371 rows=1838)


table 5 : explain SELECT SUM(k) FROM sbtest5 WHERE id BETWEEN 3594647 AND 3595646
	-> Aggregate: sum(sbtest5.k)  (cost=809 rows=1)
    -> Filter: (sbtest5.id between 3594647 and 3595646)  (cost=378 rows=1872)
        -> Index range scan on sbtest5 using PRIMARY over (3594647 <= id <= 3595646)  (cost=378 rows=1872)


table 6 : explain SELECT SUM(k) FROM sbtest6 WHERE id BETWEEN 8357015 AND 8358014
	-> Aggregate: sum(sbtest6.k)  (cost=809 rows=1)
    -> Filter: (sbtest6.id between 8357015 and 8358014)  (cost=378 rows=1872)
        -> Index range scan on sbtest6 using PRIMARY over (8357015 <= id <= 8358014)  (cost=378 rows=1872)


table 7 : explain SELECT SUM(k) FROM sbtest7 WHERE id BETWEEN 2471681 AND 2472680
	-> Aggregate: sum(sbtest7.k)  (cost=809 rows=1)
    -> Filter: (sbtest7.id between 2471681 and 2472680)  (cost=378 rows=1872)
        -> Index range scan on sbtest7 using PRIMARY over (2471681 <= id <= 2472680)  (cost=378 rows=1872)


table 8 : explain SELECT SUM(k) FROM sbtest8 WHERE id BETWEEN 9194296 AND 9195295
	-> Aggregate: sum(sbtest8.k)  (cost=794 rows=1)
    -> Filter: (sbtest8.id between 9194296 and 9195295)  (cost=371 rows=1838)
        -> Index range scan on sbtest8 using PRIMARY over (9194296 <= id <= 9195295)  (cost=371 rows=1838)


for: sum_ranges
table 1 : explain SELECT SUM(k) FROM sbtest1 WHERE id BETWEEN 3674691 AND 3675690
	-> Aggregate: sum(sbtest1.k)  (cost=794 rows=1)
    -> Filter: (sbtest1.id between 3674691 and 3675690)  (cost=371 rows=1838)
        -> Index range scan on sbtest1 using PRIMARY over (3674691 <= id <= 3675690)  (cost=371 rows=1838)


table 2 : explain SELECT SUM(k) FROM sbtest2 WHERE id BETWEEN 7462426 AND 7463425
	-> Aggregate: sum(sbtest2.k)  (cost=794 rows=1)
    -> Filter: (sbtest2.id between 7462426 and 7463425)  (cost=371 rows=1838)
        -> Index range scan on sbtest2 using PRIMARY over (7462426 <= id <= 7463425)  (cost=371 rows=1838)


table 3 : explain SELECT SUM(k) FROM sbtest3 WHERE id BETWEEN 3172223 AND 3173222
	-> Aggregate: sum(sbtest3.k)  (cost=794 rows=1)
    -> Filter: (sbtest3.id between 3172223 and 3173222)  (cost=371 rows=1838)
        -> Index range scan on sbtest3 using PRIMARY over (3172223 <= id <= 3173222)  (cost=371 rows=1838)


table 4 : explain SELECT SUM(k) FROM sbtest4 WHERE id BETWEEN 6135732 AND 6136731
	-> Aggregate: sum(sbtest4.k)  (cost=794 rows=1)
    -> Filter: (sbtest4.id between 6135732 and 6136731)  (cost=371 rows=1838)
        -> Index range scan on sbtest4 using PRIMARY over (6135732 <= id <= 6136731)  (cost=371 rows=1838)


table 5 : explain SELECT SUM(k) FROM sbtest5 WHERE id BETWEEN 3128102 AND 3129101
	-> Aggregate: sum(sbtest5.k)  (cost=809 rows=1)
    -> Filter: (sbtest5.id between 3128102 and 3129101)  (cost=378 rows=1872)
        -> Index range scan on sbtest5 using PRIMARY over (3128102 <= id <= 3129101)  (cost=378 rows=1872)


table 6 : explain SELECT SUM(k) FROM sbtest6 WHERE id BETWEEN 7912612 AND 7913611
	-> Aggregate: sum(sbtest6.k)  (cost=794 rows=1)
    -> Filter: (sbtest6.id between 7912612 and 7913611)  (cost=371 rows=1838)
        -> Index range scan on sbtest6 using PRIMARY over (7912612 <= id <= 7913611)  (cost=371 rows=1838)


table 7 : explain SELECT SUM(k) FROM sbtest7 WHERE id BETWEEN 4800430 AND 4801429
	-> Aggregate: sum(sbtest7.k)  (cost=794 rows=1)
    -> Filter: (sbtest7.id between 4800430 and 4801429)  (cost=371 rows=1838)
        -> Index range scan on sbtest7 using PRIMARY over (4800430 <= id <= 4801429)  (cost=371 rows=1838)


table 8 : explain SELECT SUM(k) FROM sbtest8 WHERE id BETWEEN 3019464 AND 3020463
	-> Aggregate: sum(sbtest8.k)  (cost=809 rows=1)
    -> Filter: (sbtest8.id between 3019464 and 3020463)  (cost=378 rows=1872)
        -> Index range scan on sbtest8 using PRIMARY over (3019464 <= id <= 3020463)  (cost=378 rows=1872)


for: simple_ranges
table 1 : explain SELECT c FROM sbtest1 WHERE id BETWEEN 5777523 AND 5778522
	-> Filter: (sbtest1.id between 5777523 and 5778522)  (cost=371 rows=1838)
    -> Index range scan on sbtest1 using PRIMARY over (5777523 <= id <= 5778522)  (cost=371 rows=1838)


table 2 : explain SELECT c FROM sbtest2 WHERE id BETWEEN 6721414 AND 6722413
	-> Filter: (sbtest2.id between 6721414 and 6722413)  (cost=371 rows=1838)
    -> Index range scan on sbtest2 using PRIMARY over (6721414 <= id <= 6722413)  (cost=371 rows=1838)


table 3 : explain SELECT c FROM sbtest3 WHERE id BETWEEN 7428081 AND 7429080
	-> Filter: (sbtest3.id between 7428081 and 7429080)  (cost=378 rows=1872)
    -> Index range scan on sbtest3 using PRIMARY over (7428081 <= id <= 7429080)  (cost=378 rows=1872)


table 4 : explain SELECT c FROM sbtest4 WHERE id BETWEEN 5986552 AND 5987551
	-> Filter: (sbtest4.id between 5986552 and 5987551)  (cost=378 rows=1872)
    -> Index range scan on sbtest4 using PRIMARY over (5986552 <= id <= 5987551)  (cost=378 rows=1872)


table 5 : explain SELECT c FROM sbtest5 WHERE id BETWEEN 2561161 AND 2562160
	-> Filter: (sbtest5.id between 2561161 and 2562160)  (cost=371 rows=1838)
    -> Index range scan on sbtest5 using PRIMARY over (2561161 <= id <= 2562160)  (cost=371 rows=1838)


table 6 : explain SELECT c FROM sbtest6 WHERE id BETWEEN 9725723 AND 9726722
	-> Filter: (sbtest6.id between 9725723 and 9726722)  (cost=371 rows=1838)
    -> Index range scan on sbtest6 using PRIMARY over (9725723 <= id <= 9726722)  (cost=371 rows=1838)


table 7 : explain SELECT c FROM sbtest7 WHERE id BETWEEN 8073075 AND 8074074
	-> Filter: (sbtest7.id between 8073075 and 8074074)  (cost=371 rows=1838)
    -> Index range scan on sbtest7 using PRIMARY over (8073075 <= id <= 8074074)  (cost=371 rows=1838)


table 8 : explain SELECT c FROM sbtest8 WHERE id BETWEEN 4430339 AND 4431338
	-> Filter: (sbtest8.id between 4430339 and 4431338)  (cost=378 rows=1872)
    -> Index range scan on sbtest8 using PRIMARY over (4430339 <= id <= 4431338)  (cost=378 rows=1872)


for: simple_ranges
table 1 : explain SELECT c FROM sbtest1 WHERE id BETWEEN 2692544 AND 2693543
	-> Filter: (sbtest1.id between 2692544 and 2693543)  (cost=371 rows=1838)
    -> Index range scan on sbtest1 using PRIMARY over (2692544 <= id <= 2693543)  (cost=371 rows=1838)


table 2 : explain SELECT c FROM sbtest2 WHERE id BETWEEN 5208856 AND 5209855
	-> Filter: (sbtest2.id between 5208856 and 5209855)  (cost=371 rows=1838)
    -> Index range scan on sbtest2 using PRIMARY over (5208856 <= id <= 5209855)  (cost=371 rows=1838)


table 3 : explain SELECT c FROM sbtest3 WHERE id BETWEEN 662867 AND 663866
	-> Filter: (sbtest3.id between 662867 and 663866)  (cost=371 rows=1838)
    -> Index range scan on sbtest3 using PRIMARY over (662867 <= id <= 663866)  (cost=371 rows=1838)


table 4 : explain SELECT c FROM sbtest4 WHERE id BETWEEN 6880150 AND 6881149
	-> Filter: (sbtest4.id between 6880150 and 6881149)  (cost=378 rows=1872)
    -> Index range scan on sbtest4 using PRIMARY over (6880150 <= id <= 6881149)  (cost=378 rows=1872)


table 5 : explain SELECT c FROM sbtest5 WHERE id BETWEEN 9601100 AND 9602099
	-> Filter: (sbtest5.id between 9601100 and 9602099)  (cost=371 rows=1838)
    -> Index range scan on sbtest5 using PRIMARY over (9601100 <= id <= 9602099)  (cost=371 rows=1838)


table 6 : explain SELECT c FROM sbtest6 WHERE id BETWEEN 7389607 AND 7390606
	-> Filter: (sbtest6.id between 7389607 and 7390606)  (cost=371 rows=1838)
    -> Index range scan on sbtest6 using PRIMARY over (7389607 <= id <= 7390606)  (cost=371 rows=1838)


table 7 : explain SELECT c FROM sbtest7 WHERE id BETWEEN 6097453 AND 6098452
	-> Filter: (sbtest7.id between 6097453 and 6098452)  (cost=378 rows=1872)
    -> Index range scan on sbtest7 using PRIMARY over (6097453 <= id <= 6098452)  (cost=378 rows=1872)


table 8 : explain SELECT c FROM sbtest8 WHERE id BETWEEN 8142619 AND 8143618
	-> Filter: (sbtest8.id between 8142619 and 8143618)  (cost=378 rows=1872)
    -> Index range scan on sbtest8 using PRIMARY over (8142619 <= id <= 8143618)  (cost=378 rows=1872)


for: sum_ranges
table 1 : explain SELECT SUM(k) FROM sbtest1 WHERE id BETWEEN 3959286 AND 3960285
	-> Aggregate: sum(sbtest1.k)  (cost=809 rows=1)
    -> Filter: (sbtest1.id between 3959286 and 3960285)  (cost=378 rows=1872)
        -> Index range scan on sbtest1 using PRIMARY over (3959286 <= id <= 3960285)  (cost=378 rows=1872)


table 2 : explain SELECT SUM(k) FROM sbtest2 WHERE id BETWEEN 4648544 AND 4649543
	-> Aggregate: sum(sbtest2.k)  (cost=809 rows=1)
    -> Filter: (sbtest2.id between 4648544 and 4649543)  (cost=378 rows=1872)
        -> Index range scan on sbtest2 using PRIMARY over (4648544 <= id <= 4649543)  (cost=378 rows=1872)


table 3 : explain SELECT SUM(k) FROM sbtest3 WHERE id BETWEEN 5004628 AND 5005627
	-> Aggregate: sum(sbtest3.k)  (cost=809 rows=1)
    -> Filter: (sbtest3.id between 5004628 and 5005627)  (cost=378 rows=1872)
        -> Index range scan on sbtest3 using PRIMARY over (5004628 <= id <= 5005627)  (cost=378 rows=1872)


table 4 : explain SELECT SUM(k) FROM sbtest4 WHERE id BETWEEN 3148636 AND 3149635
	-> Aggregate: sum(sbtest4.k)  (cost=794 rows=1)
    -> Filter: (sbtest4.id between 3148636 and 3149635)  (cost=371 rows=1838)
        -> Index range scan on sbtest4 using PRIMARY over (3148636 <= id <= 3149635)  (cost=371 rows=1838)


table 5 : explain SELECT SUM(k) FROM sbtest5 WHERE id BETWEEN 7876761 AND 7877760
	-> Aggregate: sum(sbtest5.k)  (cost=794 rows=1)
    -> Filter: (sbtest5.id between 7876761 and 7877760)  (cost=371 rows=1838)
        -> Index range scan on sbtest5 using PRIMARY over (7876761 <= id <= 7877760)  (cost=371 rows=1838)


table 6 : explain SELECT SUM(k) FROM sbtest6 WHERE id BETWEEN 8853075 AND 8854074
	-> Aggregate: sum(sbtest6.k)  (cost=794 rows=1)
    -> Filter: (sbtest6.id between 8853075 and 8854074)  (cost=371 rows=1838)
        -> Index range scan on sbtest6 using PRIMARY over (8853075 <= id <= 8854074)  (cost=371 rows=1838)


table 7 : explain SELECT SUM(k) FROM sbtest7 WHERE id BETWEEN 1490964 AND 1491963
	-> Aggregate: sum(sbtest7.k)  (cost=794 rows=1)
    -> Filter: (sbtest7.id between 1490964 and 1491963)  (cost=371 rows=1838)
        -> Index range scan on sbtest7 using PRIMARY over (1490964 <= id <= 1491963)  (cost=371 rows=1838)


table 8 : explain SELECT SUM(k) FROM sbtest8 WHERE id BETWEEN 5132213 AND 5133212
	-> Aggregate: sum(sbtest8.k)  (cost=794 rows=1)
    -> Filter: (sbtest8.id between 5132213 and 5133212)  (cost=371 rows=1838)
        -> Index range scan on sbtest8 using PRIMARY over (5132213 <= id <= 5133212)  (cost=371 rows=1838)


for: simple_ranges
table 1 : explain SELECT c FROM sbtest1 WHERE id BETWEEN 2445223 AND 2446222
	-> Filter: (sbtest1.id between 2445223 and 2446222)  (cost=371 rows=1838)
    -> Index range scan on sbtest1 using PRIMARY over (2445223 <= id <= 2446222)  (cost=371 rows=1838)


table 2 : explain SELECT c FROM sbtest2 WHERE id BETWEEN 4241810 AND 4242809
	-> Filter: (sbtest2.id between 4241810 and 4242809)  (cost=371 rows=1838)
    -> Index range scan on sbtest2 using PRIMARY over (4241810 <= id <= 4242809)  (cost=371 rows=1838)


table 3 : explain SELECT c FROM sbtest3 WHERE id BETWEEN 8264659 AND 8265658
	-> Filter: (sbtest3.id between 8264659 and 8265658)  (cost=371 rows=1840)
    -> Index range scan on sbtest3 using PRIMARY over (8264659 <= id <= 8265658)  (cost=371 rows=1840)


table 4 : explain SELECT c FROM sbtest4 WHERE id BETWEEN 1474921 AND 1475920
	-> Filter: (sbtest4.id between 1474921 and 1475920)  (cost=371 rows=1838)
    -> Index range scan on sbtest4 using PRIMARY over (1474921 <= id <= 1475920)  (cost=371 rows=1838)


table 5 : explain SELECT c FROM sbtest5 WHERE id BETWEEN 8352329 AND 8353328
	-> Filter: (sbtest5.id between 8352329 and 8353328)  (cost=371 rows=1838)
    -> Index range scan on sbtest5 using PRIMARY over (8352329 <= id <= 8353328)  (cost=371 rows=1838)


table 6 : explain SELECT c FROM sbtest6 WHERE id BETWEEN 229815 AND 230814
	-> Filter: (sbtest6.id between 229815 and 230814)  (cost=371 rows=1838)
    -> Index range scan on sbtest6 using PRIMARY over (229815 <= id <= 230814)  (cost=371 rows=1838)


table 7 : explain SELECT c FROM sbtest7 WHERE id BETWEEN 8087754 AND 8088753
	-> Filter: (sbtest7.id between 8087754 and 8088753)  (cost=371 rows=1838)
    -> Index range scan on sbtest7 using PRIMARY over (8087754 <= id <= 8088753)  (cost=371 rows=1838)


table 8 : explain SELECT c FROM sbtest8 WHERE id BETWEEN 9232413 AND 9233412
	-> Filter: (sbtest8.id between 9232413 and 9233412)  (cost=371 rows=1838)
    -> Index range scan on sbtest8 using PRIMARY over (9232413 <= id <= 9233412)  (cost=371 rows=1838)

for: simple_ranges
table 1 : explain SELECT c FROM sbtest1 WHERE id BETWEEN 6114102 AND 6115101
	-> Filter: (sbtest1.id between 6114102 and 6115101)  (cost=371 rows=1838)
    -> Index range scan on sbtest1 using PRIMARY over (6114102 <= id <= 6115101)  (cost=371 rows=1838)


table 2 : explain SELECT c FROM sbtest2 WHERE id BETWEEN 9909551 AND 9910550
	-> Filter: (sbtest2.id between 9909551 and 9910550)  (cost=371 rows=1838)
    -> Index range scan on sbtest2 using PRIMARY over (9909551 <= id <= 9910550)  (cost=371 rows=1838)


table 3 : explain SELECT c FROM sbtest3 WHERE id BETWEEN 2367415 AND 2368414
	-> Filter: (sbtest3.id between 2367415 and 2368414)  (cost=371 rows=1838)
    -> Index range scan on sbtest3 using PRIMARY over (2367415 <= id <= 2368414)  (cost=371 rows=1838)


table 4 : explain SELECT c FROM sbtest4 WHERE id BETWEEN 564158 AND 565157
	-> Filter: (sbtest4.id between 564158 and 565157)  (cost=371 rows=1838)
    -> Index range scan on sbtest4 using PRIMARY over (564158 <= id <= 565157)  (cost=371 rows=1838)


table 5 : explain SELECT c FROM sbtest5 WHERE id BETWEEN 1095640 AND 1096639
	-> Filter: (sbtest5.id between 1095640 and 1096639)  (cost=378 rows=1872)
    -> Index range scan on sbtest5 using PRIMARY over (1095640 <= id <= 1096639)  (cost=378 rows=1872)


table 6 : explain SELECT c FROM sbtest6 WHERE id BETWEEN 9105856 AND 9106855
	-> Filter: (sbtest6.id between 9105856 and 9106855)  (cost=378 rows=1872)
    -> Index range scan on sbtest6 using PRIMARY over (9105856 <= id <= 9106855)  (cost=378 rows=1872)


table 7 : explain SELECT c FROM sbtest7 WHERE id BETWEEN 5164423 AND 5165422
	-> Filter: (sbtest7.id between 5164423 and 5165422)  (cost=378 rows=1872)
    -> Index range scan on sbtest7 using PRIMARY over (5164423 <= id <= 5165422)  (cost=378 rows=1872)


table 8 : explain SELECT c FROM sbtest8 WHERE id BETWEEN 5511507 AND 5512506
	-> Filter: (sbtest8.id between 5511507 and 5512506)  (cost=371 rows=1838)
    -> Index range scan on sbtest8 using PRIMARY over (5511507 <= id <= 5512506)  (cost=371 rows=1838)



for: simple_ranges
table 1 : explain SELECT c FROM sbtest1 WHERE id BETWEEN 5647737 AND 5648736
	-> Filter: (sbtest1.id between 5647737 and 5648736)  (cost=371 rows=1838)
    -> Index range scan on sbtest1 using PRIMARY over (5647737 <= id <= 5648736)  (cost=371 rows=1838)


table 2 : explain SELECT c FROM sbtest2 WHERE id BETWEEN 4037515 AND 4038514
	-> Filter: (sbtest2.id between 4037515 and 4038514)  (cost=371 rows=1838)
    -> Index range scan on sbtest2 using PRIMARY over (4037515 <= id <= 4038514)  (cost=371 rows=1838)


table 3 : explain SELECT c FROM sbtest3 WHERE id BETWEEN 7108005 AND 7109004
	-> Filter: (sbtest3.id between 7108005 and 7109004)  (cost=371 rows=1838)
    -> Index range scan on sbtest3 using PRIMARY over (7108005 <= id <= 7109004)  (cost=371 rows=1838)


table 4 : explain SELECT c FROM sbtest4 WHERE id BETWEEN 3092969 AND 3093968
	-> Filter: (sbtest4.id between 3092969 and 3093968)  (cost=371 rows=1838)
    -> Index range scan on sbtest4 using PRIMARY over (3092969 <= id <= 3093968)  (cost=371 rows=1838)


table 5 : explain SELECT c FROM sbtest5 WHERE id BETWEEN 6468226 AND 6469225
	-> Filter: (sbtest5.id between 6468226 and 6469225)  (cost=371 rows=1838)
    -> Index range scan on sbtest5 using PRIMARY over (6468226 <= id <= 6469225)  (cost=371 rows=1838)


table 6 : explain SELECT c FROM sbtest6 WHERE id BETWEEN 4623574 AND 4624573
	-> Filter: (sbtest6.id between 4623574 and 4624573)  (cost=378 rows=1872)
    -> Index range scan on sbtest6 using PRIMARY over (4623574 <= id <= 4624573)  (cost=378 rows=1872)


table 7 : explain SELECT c FROM sbtest7 WHERE id BETWEEN 6494430 AND 6495429
	-> Filter: (sbtest7.id between 6494430 and 6495429)  (cost=378 rows=1872)
    -> Index range scan on sbtest7 using PRIMARY over (6494430 <= id <= 6495429)  (cost=378 rows=1872)


table 8 : explain SELECT c FROM sbtest8 WHERE id BETWEEN 3907122 AND 3908121
	-> Filter: (sbtest8.id between 3907122 and 3908121)  (cost=371 rows=1838)
    -> Index range scan on sbtest8 using PRIMARY over (3907122 <= id <= 3908121)  (cost=371 rows=1838)


for: simple_ranges
table 1 : explain SELECT c FROM sbtest1 WHERE id BETWEEN 4174365 AND 4175364
	-> Filter: (sbtest1.id between 4174365 and 4175364)  (cost=371 rows=1838)
    -> Index range scan on sbtest1 using PRIMARY over (4174365 <= id <= 4175364)  (cost=371 rows=1838)


table 2 : explain SELECT c FROM sbtest2 WHERE id BETWEEN 2611115 AND 2612114
	-> Filter: (sbtest2.id between 2611115 and 2612114)  (cost=378 rows=1872)
    -> Index range scan on sbtest2 using PRIMARY over (2611115 <= id <= 2612114)  (cost=378 rows=1872)


table 3 : explain SELECT c FROM sbtest3 WHERE id BETWEEN 9925834 AND 9926833
	-> Filter: (sbtest3.id between 9925834 and 9926833)  (cost=371 rows=1838)
    -> Index range scan on sbtest3 using PRIMARY over (9925834 <= id <= 9926833)  (cost=371 rows=1838)


table 4 : explain SELECT c FROM sbtest4 WHERE id BETWEEN 3208969 AND 3209968
	-> Filter: (sbtest4.id between 3208969 and 3209968)  (cost=371 rows=1838)
    -> Index range scan on sbtest4 using PRIMARY over (3208969 <= id <= 3209968)  (cost=371 rows=1838)


table 5 : explain SELECT c FROM sbtest5 WHERE id BETWEEN 3539752 AND 3540751
	-> Filter: (sbtest5.id between 3539752 and 3540751)  (cost=378 rows=1872)
    -> Index range scan on sbtest5 using PRIMARY over (3539752 <= id <= 3540751)  (cost=378 rows=1872)


table 6 : explain SELECT c FROM sbtest6 WHERE id BETWEEN 5521330 AND 5522329
	-> Filter: (sbtest6.id between 5521330 and 5522329)  (cost=378 rows=1872)
    -> Index range scan on sbtest6 using PRIMARY over (5521330 <= id <= 5522329)  (cost=378 rows=1872)


table 7 : explain SELECT c FROM sbtest7 WHERE id BETWEEN 1937780 AND 1938779
	-> Filter: (sbtest7.id between 1937780 and 1938779)  (cost=371 rows=1838)
    -> Index range scan on sbtest7 using PRIMARY over (1937780 <= id <= 1938779)  (cost=371 rows=1838)


table 8 : explain SELECT c FROM sbtest8 WHERE id BETWEEN 698982 AND 699981
	-> Filter: (sbtest8.id between 698982 and 699981)  (cost=371 rows=1838)
    -> Index range scan on sbtest8 using PRIMARY over (698982 <= id <= 699981)  (cost=371 rows=1838)


for: simple_ranges
table 1 : explain SELECT c FROM sbtest1 WHERE id BETWEEN 4897194 AND 4898193
	-> Filter: (sbtest1.id between 4897194 and 4898193)  (cost=371 rows=1838)
    -> Index range scan on sbtest1 using PRIMARY over (4897194 <= id <= 4898193)  (cost=371 rows=1838)


table 2 : explain SELECT c FROM sbtest2 WHERE id BETWEEN 5035875 AND 5036874
	-> Filter: (sbtest2.id between 5035875 and 5036874)  (cost=378 rows=1872)
    -> Index range scan on sbtest2 using PRIMARY over (5035875 <= id <= 5036874)  (cost=378 rows=1872)


table 3 : explain SELECT c FROM sbtest3 WHERE id BETWEEN 5336197 AND 5337196
	-> Filter: (sbtest3.id between 5336197 and 5337196)  (cost=378 rows=1872)
    -> Index range scan on sbtest3 using PRIMARY over (5336197 <= id <= 5337196)  (cost=378 rows=1872)


table 4 : explain SELECT c FROM sbtest4 WHERE id BETWEEN 4205602 AND 4206601
	-> Filter: (sbtest4.id between 4205602 and 4206601)  (cost=371 rows=1838)
    -> Index range scan on sbtest4 using PRIMARY over (4205602 <= id <= 4206601)  (cost=371 rows=1838)


table 5 : explain SELECT c FROM sbtest5 WHERE id BETWEEN 7311910 AND 7312909
	-> Filter: (sbtest5.id between 7311910 and 7312909)  (cost=371 rows=1838)
    -> Index range scan on sbtest5 using PRIMARY over (7311910 <= id <= 7312909)  (cost=371 rows=1838)


table 6 : explain SELECT c FROM sbtest6 WHERE id BETWEEN 9262536 AND 9263535
	-> Filter: (sbtest6.id between 9262536 and 9263535)  (cost=371 rows=1838)
    -> Index range scan on sbtest6 using PRIMARY over (9262536 <= id <= 9263535)  (cost=371 rows=1838)


table 7 : explain SELECT c FROM sbtest7 WHERE id BETWEEN 5980395 AND 5981394
	-> Filter: (sbtest7.id between 5980395 and 5981394)  (cost=371 rows=1838)
    -> Index range scan on sbtest7 using PRIMARY over (5980395 <= id <= 5981394)  (cost=371 rows=1838)


table 8 : explain SELECT c FROM sbtest8 WHERE id BETWEEN 6082805 AND 6083804
	-> Filter: (sbtest8.id between 6082805 and 6083804)  (cost=371 rows=1838)
    -> Index range scan on sbtest8 using PRIMARY over (6082805 <= id <= 6083804)  (cost=371 rows=1838)


for: simple_ranges
table 1 : explain SELECT c FROM sbtest1 WHERE id BETWEEN 1360411 AND 1361410
	-> Filter: (sbtest1.id between 1360411 and 1361410)  (cost=378 rows=1872)
    -> Index range scan on sbtest1 using PRIMARY over (1360411 <= id <= 1361410)  (cost=378 rows=1872)


table 2 : explain SELECT c FROM sbtest2 WHERE id BETWEEN 7237503 AND 7238502
	-> Filter: (sbtest2.id between 7237503 and 7238502)  (cost=371 rows=1838)
    -> Index range scan on sbtest2 using PRIMARY over (7237503 <= id <= 7238502)  (cost=371 rows=1838)


table 3 : explain SELECT c FROM sbtest3 WHERE id BETWEEN 877881 AND 878880
	-> Filter: (sbtest3.id between 877881 and 878880)  (cost=378 rows=1872)
    -> Index range scan on sbtest3 using PRIMARY over (877881 <= id <= 878880)  (cost=378 rows=1872)


table 4 : explain SELECT c FROM sbtest4 WHERE id BETWEEN 2039904 AND 2040903
	-> Filter: (sbtest4.id between 2039904 and 2040903)  (cost=371 rows=1838)
    -> Index range scan on sbtest4 using PRIMARY over (2039904 <= id <= 2040903)  (cost=371 rows=1838)


table 5 : explain SELECT c FROM sbtest5 WHERE id BETWEEN 3269661 AND 3270660
	-> Filter: (sbtest5.id between 3269661 and 3270660)  (cost=371 rows=1838)
    -> Index range scan on sbtest5 using PRIMARY over (3269661 <= id <= 3270660)  (cost=371 rows=1838)


table 6 : explain SELECT c FROM sbtest6 WHERE id BETWEEN 2592751 AND 2593750
	-> Filter: (sbtest6.id between 2592751 and 2593750)  (cost=371 rows=1838)
    -> Index range scan on sbtest6 using PRIMARY over (2592751 <= id <= 2593750)  (cost=371 rows=1838)


table 7 : explain SELECT c FROM sbtest7 WHERE id BETWEEN 5265267 AND 5266266
	-> Filter: (sbtest7.id between 5265267 and 5266266)  (cost=371 rows=1838)
    -> Index range scan on sbtest7 using PRIMARY over (5265267 <= id <= 5266266)  (cost=371 rows=1838)


table 8 : explain SELECT c FROM sbtest8 WHERE id BETWEEN 797940 AND 798939
	-> Filter: (sbtest8.id between 797940 and 798939)  (cost=378 rows=1872)
    -> Index range scan on sbtest8 using PRIMARY over (797940 <= id <= 798939)  (cost=378 rows=1872)


for: sum_ranges
table 1 : explain SELECT SUM(k) FROM sbtest1 WHERE id BETWEEN 643869 AND 644868
	-> Aggregate: sum(sbtest1.k)  (cost=794 rows=1)
    -> Filter: (sbtest1.id between 643869 and 644868)  (cost=371 rows=1838)
        -> Index range scan on sbtest1 using PRIMARY over (643869 <= id <= 644868)  (cost=371 rows=1838)


table 2 : explain SELECT SUM(k) FROM sbtest2 WHERE id BETWEEN 9950656 AND 9951655
	-> Aggregate: sum(sbtest2.k)  (cost=794 rows=1)
    -> Filter: (sbtest2.id between 9950656 and 9951655)  (cost=371 rows=1838)
        -> Index range scan on sbtest2 using PRIMARY over (9950656 <= id <= 9951655)  (cost=371 rows=1838)


table 3 : explain SELECT SUM(k) FROM sbtest3 WHERE id BETWEEN 3498833 AND 3499832
	-> Aggregate: sum(sbtest3.k)  (cost=794 rows=1)
    -> Filter: (sbtest3.id between 3498833 and 3499832)  (cost=371 rows=1838)
        -> Index range scan on sbtest3 using PRIMARY over (3498833 <= id <= 3499832)  (cost=371 rows=1838)


table 4 : explain SELECT SUM(k) FROM sbtest4 WHERE id BETWEEN 117273 AND 118272
	-> Aggregate: sum(sbtest4.k)  (cost=794 rows=1)
    -> Filter: (sbtest4.id between 117273 and 118272)  (cost=371 rows=1838)
        -> Index range scan on sbtest4 using PRIMARY over (117273 <= id <= 118272)  (cost=371 rows=1838)


table 5 : explain SELECT SUM(k) FROM sbtest5 WHERE id BETWEEN 7762678 AND 7763677
	-> Aggregate: sum(sbtest5.k)  (cost=794 rows=1)
    -> Filter: (sbtest5.id between 7762678 and 7763677)  (cost=371 rows=1838)
        -> Index range scan on sbtest5 using PRIMARY over (7762678 <= id <= 7763677)  (cost=371 rows=1838)


table 6 : explain SELECT SUM(k) FROM sbtest6 WHERE id BETWEEN 3803054 AND 3804053
	-> Aggregate: sum(sbtest6.k)  (cost=809 rows=1)
    -> Filter: (sbtest6.id between 3803054 and 3804053)  (cost=378 rows=1872)
        -> Index range scan on sbtest6 using PRIMARY over (3803054 <= id <= 3804053)  (cost=378 rows=1872)


table 7 : explain SELECT SUM(k) FROM sbtest7 WHERE id BETWEEN 4357351 AND 4358350
	-> Aggregate: sum(sbtest7.k)  (cost=809 rows=1)
    -> Filter: (sbtest7.id between 4357351 and 4358350)  (cost=378 rows=1872)
        -> Index range scan on sbtest7 using PRIMARY over (4357351 <= id <= 4358350)  (cost=378 rows=1872)


table 8 : explain SELECT SUM(k) FROM sbtest8 WHERE id BETWEEN 7810768 AND 7811767
	-> Aggregate: sum(sbtest8.k)  (cost=794 rows=1)
    -> Filter: (sbtest8.id between 7810768 and 7811767)  (cost=371 rows=1838)
        -> Index range scan on sbtest8 using PRIMARY over (7810768 <= id <= 7811767)  (cost=371 rows=1838)


for: sum_ranges
table 1 : explain SELECT SUM(k) FROM sbtest1 WHERE id BETWEEN 7766432 AND 7767431
	-> Aggregate: sum(sbtest1.k)  (cost=794 rows=1)
    -> Filter: (sbtest1.id between 7766432 and 7767431)  (cost=371 rows=1838)
        -> Index range scan on sbtest1 using PRIMARY over (7766432 <= id <= 7767431)  (cost=371 rows=1838)


table 2 : explain SELECT SUM(k) FROM sbtest2 WHERE id BETWEEN 3036046 AND 3037045
	-> Aggregate: sum(sbtest2.k)  (cost=809 rows=1)
    -> Filter: (sbtest2.id between 3036046 and 3037045)  (cost=378 rows=1872)
        -> Index range scan on sbtest2 using PRIMARY over (3036046 <= id <= 3037045)  (cost=378 rows=1872)


table 3 : explain SELECT SUM(k) FROM sbtest3 WHERE id BETWEEN 9003993 AND 9004992
	-> Aggregate: sum(sbtest3.k)  (cost=794 rows=1)
    -> Filter: (sbtest3.id between 9003993 and 9004992)  (cost=371 rows=1838)
        -> Index range scan on sbtest3 using PRIMARY over (9003993 <= id <= 9004992)  (cost=371 rows=1838)


table 4 : explain SELECT SUM(k) FROM sbtest4 WHERE id BETWEEN 413710 AND 414709
	-> Aggregate: sum(sbtest4.k)  (cost=794 rows=1)
    -> Filter: (sbtest4.id between 413710 and 414709)  (cost=371 rows=1838)
        -> Index range scan on sbtest4 using PRIMARY over (413710 <= id <= 414709)  (cost=371 rows=1838)


table 5 : explain SELECT SUM(k) FROM sbtest5 WHERE id BETWEEN 4008857 AND 4009856
	-> Aggregate: sum(sbtest5.k)  (cost=794 rows=1)
    -> Filter: (sbtest5.id between 4008857 and 4009856)  (cost=371 rows=1838)
        -> Index range scan on sbtest5 using PRIMARY over (4008857 <= id <= 4009856)  (cost=371 rows=1838)


table 6 : explain SELECT SUM(k) FROM sbtest6 WHERE id BETWEEN 2326807 AND 2327806
	-> Aggregate: sum(sbtest6.k)  (cost=794 rows=1)
    -> Filter: (sbtest6.id between 2326807 and 2327806)  (cost=371 rows=1838)
        -> Index range scan on sbtest6 using PRIMARY over (2326807 <= id <= 2327806)  (cost=371 rows=1838)


table 7 : explain SELECT SUM(k) FROM sbtest7 WHERE id BETWEEN 3325830 AND 3326829
	-> Aggregate: sum(sbtest7.k)  (cost=794 rows=1)
    -> Filter: (sbtest7.id between 3325830 and 3326829)  (cost=371 rows=1838)
        -> Index range scan on sbtest7 using PRIMARY over (3325830 <= id <= 3326829)  (cost=371 rows=1838)


table 8 : explain SELECT SUM(k) FROM sbtest8 WHERE id BETWEEN 4685367 AND 4686366
	-> Aggregate: sum(sbtest8.k)  (cost=794 rows=1)
    -> Filter: (sbtest8.id between 4685367 and 4686366)  (cost=371 rows=1838)
        -> Index range scan on sbtest8 using PRIMARY over (4685367 <= id <= 4686366)  (cost=371 rows=1838)


for: simple_ranges
table 1 : explain SELECT c FROM sbtest1 WHERE id BETWEEN 3819917 AND 3820916
	-> Filter: (sbtest1.id between 3819917 and 3820916)  (cost=378 rows=1872)
    -> Index range scan on sbtest1 using PRIMARY over (3819917 <= id <= 3820916)  (cost=378 rows=1872)


table 2 : explain SELECT c FROM sbtest2 WHERE id BETWEEN 4386817 AND 4387816
	-> Filter: (sbtest2.id between 4386817 and 4387816)  (cost=371 rows=1838)
    -> Index range scan on sbtest2 using PRIMARY over (4386817 <= id <= 4387816)  (cost=371 rows=1838)


table 3 : explain SELECT c FROM sbtest3 WHERE id BETWEEN 7895874 AND 7896873
	-> Filter: (sbtest3.id between 7895874 and 7896873)  (cost=378 rows=1872)
    -> Index range scan on sbtest3 using PRIMARY over (7895874 <= id <= 7896873)  (cost=378 rows=1872)


table 4 : explain SELECT c FROM sbtest4 WHERE id BETWEEN 8167067 AND 8168066
	-> Filter: (sbtest4.id between 8167067 and 8168066)  (cost=378 rows=1872)
    -> Index range scan on sbtest4 using PRIMARY over (8167067 <= id <= 8168066)  (cost=378 rows=1872)


table 5 : explain SELECT c FROM sbtest5 WHERE id BETWEEN 5391864 AND 5392863
	-> Filter: (sbtest5.id between 5391864 and 5392863)  (cost=371 rows=1838)
    -> Index range scan on sbtest5 using PRIMARY over (5391864 <= id <= 5392863)  (cost=371 rows=1838)


table 6 : explain SELECT c FROM sbtest6 WHERE id BETWEEN 3567426 AND 3568425
	-> Filter: (sbtest6.id between 3567426 and 3568425)  (cost=371 rows=1838)
    -> Index range scan on sbtest6 using PRIMARY over (3567426 <= id <= 3568425)  (cost=371 rows=1838)


table 7 : explain SELECT c FROM sbtest7 WHERE id BETWEEN 167925 AND 168924
	-> Filter: (sbtest7.id between 167925 and 168924)  (cost=371 rows=1838)
    -> Index range scan on sbtest7 using PRIMARY over (167925 <= id <= 168924)  (cost=371 rows=1838)


table 8 : explain SELECT c FROM sbtest8 WHERE id BETWEEN 611566 AND 612565
	-> Filter: (sbtest8.id between 611566 and 612565)  (cost=378 rows=1872)
    -> Index range scan on sbtest8 using PRIMARY over (611566 <= id <= 612565)  (cost=378 rows=1872)


for: sum_ranges
table 1 : explain SELECT SUM(k) FROM sbtest1 WHERE id BETWEEN 986430 AND 987429
	-> Aggregate: sum(sbtest1.k)  (cost=809 rows=1)
    -> Filter: (sbtest1.id between 986430 and 987429)  (cost=378 rows=1872)
        -> Index range scan on sbtest1 using PRIMARY over (986430 <= id <= 987429)  (cost=378 rows=1872)


table 2 : explain SELECT SUM(k) FROM sbtest2 WHERE id BETWEEN 3978575 AND 3979574
	-> Aggregate: sum(sbtest2.k)  (cost=794 rows=1)
    -> Filter: (sbtest2.id between 3978575 and 3979574)  (cost=371 rows=1838)
        -> Index range scan on sbtest2 using PRIMARY over (3978575 <= id <= 3979574)  (cost=371 rows=1838)


table 3 : explain SELECT SUM(k) FROM sbtest3 WHERE id BETWEEN 6358466 AND 6359465
	-> Aggregate: sum(sbtest3.k)  (cost=794 rows=1)
    -> Filter: (sbtest3.id between 6358466 and 6359465)  (cost=371 rows=1838)
        -> Index range scan on sbtest3 using PRIMARY over (6358466 <= id <= 6359465)  (cost=371 rows=1838)


table 4 : explain SELECT SUM(k) FROM sbtest4 WHERE id BETWEEN 3265668 AND 3266667
	-> Aggregate: sum(sbtest4.k)  (cost=794 rows=1)
    -> Filter: (sbtest4.id between 3265668 and 3266667)  (cost=371 rows=1838)
        -> Index range scan on sbtest4 using PRIMARY over (3265668 <= id <= 3266667)  (cost=371 rows=1838)


table 5 : explain SELECT SUM(k) FROM sbtest5 WHERE id BETWEEN 1321620 AND 1322619
	-> Aggregate: sum(sbtest5.k)  (cost=794 rows=1)
    -> Filter: (sbtest5.id between 1321620 and 1322619)  (cost=371 rows=1838)
        -> Index range scan on sbtest5 using PRIMARY over (1321620 <= id <= 1322619)  (cost=371 rows=1838)


table 6 : explain SELECT SUM(k) FROM sbtest6 WHERE id BETWEEN 3564247 AND 3565246
	-> Aggregate: sum(sbtest6.k)  (cost=794 rows=1)
    -> Filter: (sbtest6.id between 3564247 and 3565246)  (cost=371 rows=1838)
        -> Index range scan on sbtest6 using PRIMARY over (3564247 <= id <= 3565246)  (cost=371 rows=1838)


table 7 : explain SELECT SUM(k) FROM sbtest7 WHERE id BETWEEN 3917605 AND 3918604
	-> Aggregate: sum(sbtest7.k)  (cost=794 rows=1)
    -> Filter: (sbtest7.id between 3917605 and 3918604)  (cost=371 rows=1838)
        -> Index range scan on sbtest7 using PRIMARY over (3917605 <= id <= 3918604)  (cost=371 rows=1838)


table 8 : explain SELECT SUM(k) FROM sbtest8 WHERE id BETWEEN 7569403 AND 7570402
	-> Aggregate: sum(sbtest8.k)  (cost=794 rows=1)
    -> Filter: (sbtest8.id between 7569403 and 7570402)  (cost=371 rows=1838)
        -> Index range scan on sbtest8 using PRIMARY over (7569403 <= id <= 7570402)  (cost=371 rows=1838)


for: simple_ranges
table 1 : explain SELECT c FROM sbtest1 WHERE id BETWEEN 6451278 AND 6452277
	-> Filter: (sbtest1.id between 6451278 and 6452277)  (cost=378 rows=1872)
    -> Index range scan on sbtest1 using PRIMARY over (6451278 <= id <= 6452277)  (cost=378 rows=1872)


table 2 : explain SELECT c FROM sbtest2 WHERE id BETWEEN 1067585 AND 1068584
	-> Filter: (sbtest2.id between 1067585 and 1068584)  (cost=371 rows=1838)
    -> Index range scan on sbtest2 using PRIMARY over (1067585 <= id <= 1068584)  (cost=371 rows=1838)


table 3 : explain SELECT c FROM sbtest3 WHERE id BETWEEN 5486121 AND 5487120
	-> Filter: (sbtest3.id between 5486121 and 5487120)  (cost=371 rows=1838)
    -> Index range scan on sbtest3 using PRIMARY over (5486121 <= id <= 5487120)  (cost=371 rows=1838)


table 4 : explain SELECT c FROM sbtest4 WHERE id BETWEEN 8012418 AND 8013417
	-> Filter: (sbtest4.id between 8012418 and 8013417)  (cost=371 rows=1838)
    -> Index range scan on sbtest4 using PRIMARY over (8012418 <= id <= 8013417)  (cost=371 rows=1838)


table 5 : explain SELECT c FROM sbtest5 WHERE id BETWEEN 9101290 AND 9102289
	-> Filter: (sbtest5.id between 9101290 and 9102289)  (cost=371 rows=1838)
    -> Index range scan on sbtest5 using PRIMARY over (9101290 <= id <= 9102289)  (cost=371 rows=1838)


table 6 : explain SELECT c FROM sbtest6 WHERE id BETWEEN 8080358 AND 8081357
	-> Filter: (sbtest6.id between 8080358 and 8081357)  (cost=371 rows=1838)
    -> Index range scan on sbtest6 using PRIMARY over (8080358 <= id <= 8081357)  (cost=371 rows=1838)


table 7 : explain SELECT c FROM sbtest7 WHERE id BETWEEN 4840930 AND 4841929
	-> Filter: (sbtest7.id between 4840930 and 4841929)  (cost=371 rows=1838)
    -> Index range scan on sbtest7 using PRIMARY over (4840930 <= id <= 4841929)  (cost=371 rows=1838)


table 8 : explain SELECT c FROM sbtest8 WHERE id BETWEEN 4625317 AND 4626316
	-> Filter: (sbtest8.id between 4625317 and 4626316)  (cost=371 rows=1840)
    -> Index range scan on sbtest8 using PRIMARY over (4625317 <= id <= 4626316)  (cost=371 rows=1840)


for: simple_ranges
table 1 : explain SELECT c FROM sbtest1 WHERE id BETWEEN 1843843 AND 1844842
	-> Filter: (sbtest1.id between 1843843 and 1844842)  (cost=371 rows=1838)
    -> Index range scan on sbtest1 using PRIMARY over (1843843 <= id <= 1844842)  (cost=371 rows=1838)


table 2 : explain SELECT c FROM sbtest2 WHERE id BETWEEN 5227963 AND 5228962
	-> Filter: (sbtest2.id between 5227963 and 5228962)  (cost=371 rows=1838)
    -> Index range scan on sbtest2 using PRIMARY over (5227963 <= id <= 5228962)  (cost=371 rows=1838)


table 3 : explain SELECT c FROM sbtest3 WHERE id BETWEEN 7002553 AND 7003552
	-> Filter: (sbtest3.id between 7002553 and 7003552)  (cost=371 rows=1838)
    -> Index range scan on sbtest3 using PRIMARY over (7002553 <= id <= 7003552)  (cost=371 rows=1838)


table 4 : explain SELECT c FROM sbtest4 WHERE id BETWEEN 5001414 AND 5002413
	-> Filter: (sbtest4.id between 5001414 and 5002413)  (cost=378 rows=1872)
    -> Index range scan on sbtest4 using PRIMARY over (5001414 <= id <= 5002413)  (cost=378 rows=1872)


table 5 : explain SELECT c FROM sbtest5 WHERE id BETWEEN 2103259 AND 2104258
	-> Filter: (sbtest5.id between 2103259 and 2104258)  (cost=378 rows=1872)
    -> Index range scan on sbtest5 using PRIMARY over (2103259 <= id <= 2104258)  (cost=378 rows=1872)


table 6 : explain SELECT c FROM sbtest6 WHERE id BETWEEN 3787624 AND 3788623
	-> Filter: (sbtest6.id between 3787624 and 3788623)  (cost=371 rows=1838)
    -> Index range scan on sbtest6 using PRIMARY over (3787624 <= id <= 3788623)  (cost=371 rows=1838)


table 7 : explain SELECT c FROM sbtest7 WHERE id BETWEEN 1681814 AND 1682813
	-> Filter: (sbtest7.id between 1681814 and 1682813)  (cost=378 rows=1872)
    -> Index range scan on sbtest7 using PRIMARY over (1681814 <= id <= 1682813)  (cost=378 rows=1872)


table 8 : explain SELECT c FROM sbtest8 WHERE id BETWEEN 1834085 AND 1835084
	-> Filter: (sbtest8.id between 1834085 and 1835084)  (cost=371 rows=1838)
    -> Index range scan on sbtest8 using PRIMARY over (1834085 <= id <= 1835084)  (cost=371 rows=1838)


for: simple_ranges
table 1 : explain SELECT c FROM sbtest1 WHERE id BETWEEN 6637815 AND 6638814
	-> Filter: (sbtest1.id between 6637815 and 6638814)  (cost=371 rows=1838)
    -> Index range scan on sbtest1 using PRIMARY over (6637815 <= id <= 6638814)  (cost=371 rows=1838)


table 2 : explain SELECT c FROM sbtest2 WHERE id BETWEEN 6006978 AND 6007977
	-> Filter: (sbtest2.id between 6006978 and 6007977)  (cost=371 rows=1838)
    -> Index range scan on sbtest2 using PRIMARY over (6006978 <= id <= 6007977)  (cost=371 rows=1838)


table 3 : explain SELECT c FROM sbtest3 WHERE id BETWEEN 7670913 AND 7671912
	-> Filter: (sbtest3.id between 7670913 and 7671912)  (cost=371 rows=1838)
    -> Index range scan on sbtest3 using PRIMARY over (7670913 <= id <= 7671912)  (cost=371 rows=1838)


table 4 : explain SELECT c FROM sbtest4 WHERE id BETWEEN 1184793 AND 1185792
	-> Filter: (sbtest4.id between 1184793 and 1185792)  (cost=371 rows=1838)
    -> Index range scan on sbtest4 using PRIMARY over (1184793 <= id <= 1185792)  (cost=371 rows=1838)


table 5 : explain SELECT c FROM sbtest5 WHERE id BETWEEN 1449315 AND 1450314
	-> Filter: (sbtest5.id between 1449315 and 1450314)  (cost=378 rows=1872)
    -> Index range scan on sbtest5 using PRIMARY over (1449315 <= id <= 1450314)  (cost=378 rows=1872)


table 6 : explain SELECT c FROM sbtest6 WHERE id BETWEEN 2105564 AND 2106563
	-> Filter: (sbtest6.id between 2105564 and 2106563)  (cost=371 rows=1838)
    -> Index range scan on sbtest6 using PRIMARY over (2105564 <= id <= 2106563)  (cost=371 rows=1838)


table 7 : explain SELECT c FROM sbtest7 WHERE id BETWEEN 3377554 AND 3378553
	-> Filter: (sbtest7.id between 3377554 and 3378553)  (cost=371 rows=1838)
    -> Index range scan on sbtest7 using PRIMARY over (3377554 <= id <= 3378553)  (cost=371 rows=1838)


table 8 : explain SELECT c FROM sbtest8 WHERE id BETWEEN 3738437 AND 3739436
	-> Filter: (sbtest8.id between 3738437 and 3739436)  (cost=371 rows=1838)
    -> Index range scan on sbtest8 using PRIMARY over (3738437 <= id <= 3739436)  (cost=371 rows=1838)


for: sum_ranges
table 1 : explain SELECT SUM(k) FROM sbtest1 WHERE id BETWEEN 713151 AND 714150
	-> Aggregate: sum(sbtest1.k)  (cost=794 rows=1)
    -> Filter: (sbtest1.id between 713151 and 714150)  (cost=371 rows=1838)
        -> Index range scan on sbtest1 using PRIMARY over (713151 <= id <= 714150)  (cost=371 rows=1838)


table 2 : explain SELECT SUM(k) FROM sbtest2 WHERE id BETWEEN 3355788 AND 3356787
	-> Aggregate: sum(sbtest2.k)  (cost=809 rows=1)
    -> Filter: (sbtest2.id between 3355788 and 3356787)  (cost=378 rows=1872)
        -> Index range scan on sbtest2 using PRIMARY over (3355788 <= id <= 3356787)  (cost=378 rows=1872)


table 3 : explain SELECT SUM(k) FROM sbtest3 WHERE id BETWEEN 3456067 AND 3457066
	-> Aggregate: sum(sbtest3.k)  (cost=794 rows=1)
    -> Filter: (sbtest3.id between 3456067 and 3457066)  (cost=371 rows=1838)
        -> Index range scan on sbtest3 using PRIMARY over (3456067 <= id <= 3457066)  (cost=371 rows=1838)


table 4 : explain SELECT SUM(k) FROM sbtest4 WHERE id BETWEEN 9320508 AND 9321507
	-> Aggregate: sum(sbtest4.k)  (cost=794 rows=1)
    -> Filter: (sbtest4.id between 9320508 and 9321507)  (cost=371 rows=1838)
        -> Index range scan on sbtest4 using PRIMARY over (9320508 <= id <= 9321507)  (cost=371 rows=1838)


table 5 : explain SELECT SUM(k) FROM sbtest5 WHERE id BETWEEN 6413488 AND 6414487
	-> Aggregate: sum(sbtest5.k)  (cost=794 rows=1)
    -> Filter: (sbtest5.id between 6413488 and 6414487)  (cost=371 rows=1838)
        -> Index range scan on sbtest5 using PRIMARY over (6413488 <= id <= 6414487)  (cost=371 rows=1838)


table 6 : explain SELECT SUM(k) FROM sbtest6 WHERE id BETWEEN 2809882 AND 2810881
	-> Aggregate: sum(sbtest6.k)  (cost=809 rows=1)
    -> Filter: (sbtest6.id between 2809882 and 2810881)  (cost=378 rows=1872)
        -> Index range scan on sbtest6 using PRIMARY over (2809882 <= id <= 2810881)  (cost=378 rows=1872)


table 7 : explain SELECT SUM(k) FROM sbtest7 WHERE id BETWEEN 9339165 AND 9340164
	-> Aggregate: sum(sbtest7.k)  (cost=809 rows=1)
    -> Filter: (sbtest7.id between 9339165 and 9340164)  (cost=378 rows=1872)
        -> Index range scan on sbtest7 using PRIMARY over (9339165 <= id <= 9340164)  (cost=378 rows=1872)


table 8 : explain SELECT SUM(k) FROM sbtest8 WHERE id BETWEEN 9773936 AND 9774935
	-> Aggregate: sum(sbtest8.k)  (cost=809 rows=1)
    -> Filter: (sbtest8.id between 9773936 and 9774935)  (cost=378 rows=1872)
        -> Index range scan on sbtest8 using PRIMARY over (9773936 <= id <= 9774935)  (cost=378 rows=1872)


for: simple_ranges
table 1 : explain SELECT c FROM sbtest1 WHERE id BETWEEN 5665692 AND 5666691
	-> Filter: (sbtest1.id between 5665692 and 5666691)  (cost=371 rows=1838)
    -> Index range scan on sbtest1 using PRIMARY over (5665692 <= id <= 5666691)  (cost=371 rows=1838)


table 2 : explain SELECT c FROM sbtest2 WHERE id BETWEEN 8907315 AND 8908314
	-> Filter: (sbtest2.id between 8907315 and 8908314)  (cost=371 rows=1838)
    -> Index range scan on sbtest2 using PRIMARY over (8907315 <= id <= 8908314)  (cost=371 rows=1838)


table 3 : explain SELECT c FROM sbtest3 WHERE id BETWEEN 7372432 AND 7373431
	-> Filter: (sbtest3.id between 7372432 and 7373431)  (cost=371 rows=1838)
    -> Index range scan on sbtest3 using PRIMARY over (7372432 <= id <= 7373431)  (cost=371 rows=1838)


table 4 : explain SELECT c FROM sbtest4 WHERE id BETWEEN 4124135 AND 4125134
	-> Filter: (sbtest4.id between 4124135 and 4125134)  (cost=371 rows=1838)
    -> Index range scan on sbtest4 using PRIMARY over (4124135 <= id <= 4125134)  (cost=371 rows=1838)


table 5 : explain SELECT c FROM sbtest5 WHERE id BETWEEN 2872250 AND 2873249
	-> Filter: (sbtest5.id between 2872250 and 2873249)  (cost=371 rows=1838)
    -> Index range scan on sbtest5 using PRIMARY over (2872250 <= id <= 2873249)  (cost=371 rows=1838)


table 6 : explain SELECT c FROM sbtest6 WHERE id BETWEEN 9344832 AND 9345831
	-> Filter: (sbtest6.id between 9344832 and 9345831)  (cost=371 rows=1838)
    -> Index range scan on sbtest6 using PRIMARY over (9344832 <= id <= 9345831)  (cost=371 rows=1838)


table 7 : explain SELECT c FROM sbtest7 WHERE id BETWEEN 7706256 AND 7707255
	-> Filter: (sbtest7.id between 7706256 and 7707255)  (cost=371 rows=1838)
    -> Index range scan on sbtest7 using PRIMARY over (7706256 <= id <= 7707255)  (cost=371 rows=1838)


table 8 : explain SELECT c FROM sbtest8 WHERE id BETWEEN 419014 AND 420013
	-> Filter: (sbtest8.id between 419014 and 420013)  (cost=371 rows=1838)
    -> Index range scan on sbtest8 using PRIMARY over (419014 <= id <= 420013)  (cost=371 rows=1838)


for: sum_ranges
table 1 : explain SELECT SUM(k) FROM sbtest1 WHERE id BETWEEN 4283894 AND 4284893
	-> Aggregate: sum(sbtest1.k)  (cost=794 rows=1)
    -> Filter: (sbtest1.id between 4283894 and 4284893)  (cost=371 rows=1838)
        -> Index range scan on sbtest1 using PRIMARY over (4283894 <= id <= 4284893)  (cost=371 rows=1838)


table 2 : explain SELECT SUM(k) FROM sbtest2 WHERE id BETWEEN 9104624 AND 9105623
	-> Aggregate: sum(sbtest2.k)  (cost=794 rows=1)
    -> Filter: (sbtest2.id between 9104624 and 9105623)  (cost=371 rows=1838)
        -> Index range scan on sbtest2 using PRIMARY over (9104624 <= id <= 9105623)  (cost=371 rows=1838)


table 3 : explain SELECT SUM(k) FROM sbtest3 WHERE id BETWEEN 9082237 AND 9083236
	-> Aggregate: sum(sbtest3.k)  (cost=794 rows=1)
    -> Filter: (sbtest3.id between 9082237 and 9083236)  (cost=371 rows=1838)
        -> Index range scan on sbtest3 using PRIMARY over (9082237 <= id <= 9083236)  (cost=371 rows=1838)


table 4 : explain SELECT SUM(k) FROM sbtest4 WHERE id BETWEEN 6993938 AND 6994937
	-> Aggregate: sum(sbtest4.k)  (cost=794 rows=1)
    -> Filter: (sbtest4.id between 6993938 and 6994937)  (cost=371 rows=1838)
        -> Index range scan on sbtest4 using PRIMARY over (6993938 <= id <= 6994937)  (cost=371 rows=1838)


table 5 : explain SELECT SUM(k) FROM sbtest5 WHERE id BETWEEN 9536321 AND 9537320
	-> Aggregate: sum(sbtest5.k)  (cost=809 rows=1)
    -> Filter: (sbtest5.id between 9536321 and 9537320)  (cost=378 rows=1872)
        -> Index range scan on sbtest5 using PRIMARY over (9536321 <= id <= 9537320)  (cost=378 rows=1872)


table 6 : explain SELECT SUM(k) FROM sbtest6 WHERE id BETWEEN 7635852 AND 7636851
	-> Aggregate: sum(sbtest6.k)  (cost=809 rows=1)
    -> Filter: (sbtest6.id between 7635852 and 7636851)  (cost=378 rows=1872)
        -> Index range scan on sbtest6 using PRIMARY over (7635852 <= id <= 7636851)  (cost=378 rows=1872)


table 7 : explain SELECT SUM(k) FROM sbtest7 WHERE id BETWEEN 943236 AND 944235
	-> Aggregate: sum(sbtest7.k)  (cost=794 rows=1)
    -> Filter: (sbtest7.id between 943236 and 944235)  (cost=371 rows=1838)
        -> Index range scan on sbtest7 using PRIMARY over (943236 <= id <= 944235)  (cost=371 rows=1838)


table 8 : explain SELECT SUM(k) FROM sbtest8 WHERE id BETWEEN 7273997 AND 7274996
	-> Aggregate: sum(sbtest8.k)  (cost=809 rows=1)
    -> Filter: (sbtest8.id between 7273997 and 7274996)  (cost=378 rows=1872)
        -> Index range scan on sbtest8 using PRIMARY over (7273997 <= id <= 7274996)  (cost=378 rows=1872)


for: simple_ranges
table 1 : explain SELECT c FROM sbtest1 WHERE id BETWEEN 7782711 AND 7783710
	-> Filter: (sbtest1.id between 7782711 and 7783710)  (cost=371 rows=1838)
    -> Index range scan on sbtest1 using PRIMARY over (7782711 <= id <= 7783710)  (cost=371 rows=1838)


table 2 : explain SELECT c FROM sbtest2 WHERE id BETWEEN 7361944 AND 7362943
	-> Filter: (sbtest2.id between 7361944 and 7362943)  (cost=378 rows=1872)
    -> Index range scan on sbtest2 using PRIMARY over (7361944 <= id <= 7362943)  (cost=378 rows=1872)


table 3 : explain SELECT c FROM sbtest3 WHERE id BETWEEN 6165861 AND 6166860
	-> Filter: (sbtest3.id between 6165861 and 6166860)  (cost=371 rows=1838)
    -> Index range scan on sbtest3 using PRIMARY over (6165861 <= id <= 6166860)  (cost=371 rows=1838)


table 4 : explain SELECT c FROM sbtest4 WHERE id BETWEEN 289298 AND 290297
	-> Filter: (sbtest4.id between 289298 and 290297)  (cost=371 rows=1838)
    -> Index range scan on sbtest4 using PRIMARY over (289298 <= id <= 290297)  (cost=371 rows=1838)


table 5 : explain SELECT c FROM sbtest5 WHERE id BETWEEN 498368 AND 499367
	-> Filter: (sbtest5.id between 498368 and 499367)  (cost=371 rows=1838)
    -> Index range scan on sbtest5 using PRIMARY over (498368 <= id <= 499367)  (cost=371 rows=1838)


table 6 : explain SELECT c FROM sbtest6 WHERE id BETWEEN 2495390 AND 2496389
	-> Filter: (sbtest6.id between 2495390 and 2496389)  (cost=371 rows=1838)
    -> Index range scan on sbtest6 using PRIMARY over (2495390 <= id <= 2496389)  (cost=371 rows=1838)


table 7 : explain SELECT c FROM sbtest7 WHERE id BETWEEN 9001384 AND 9002383
	-> Filter: (sbtest7.id between 9001384 and 9002383)  (cost=378 rows=1872)
    -> Index range scan on sbtest7 using PRIMARY over (9001384 <= id <= 9002383)  (cost=378 rows=1872)


table 8 : explain SELECT c FROM sbtest8 WHERE id BETWEEN 5483638 AND 5484637
	-> Filter: (sbtest8.id between 5483638 and 5484637)  (cost=371 rows=1838)
    -> Index range scan on sbtest8 using PRIMARY over (5483638 <= id <= 5484637)  (cost=371 rows=1838)


for: simple_ranges
table 1 : explain SELECT c FROM sbtest1 WHERE id BETWEEN 8374838 AND 8375837
	-> Filter: (sbtest1.id between 8374838 and 8375837)  (cost=378 rows=1872)
    -> Index range scan on sbtest1 using PRIMARY over (8374838 <= id <= 8375837)  (cost=378 rows=1872)


table 2 : explain SELECT c FROM sbtest2 WHERE id BETWEEN 9447434 AND 9448433
	-> Filter: (sbtest2.id between 9447434 and 9448433)  (cost=371 rows=1838)
    -> Index range scan on sbtest2 using PRIMARY over (9447434 <= id <= 9448433)  (cost=371 rows=1838)


table 3 : explain SELECT c FROM sbtest3 WHERE id BETWEEN 7542735 AND 7543734
	-> Filter: (sbtest3.id between 7542735 and 7543734)  (cost=371 rows=1838)
    -> Index range scan on sbtest3 using PRIMARY over (7542735 <= id <= 7543734)  (cost=371 rows=1838)


table 4 : explain SELECT c FROM sbtest4 WHERE id BETWEEN 5650331 AND 5651330
	-> Filter: (sbtest4.id between 5650331 and 5651330)  (cost=378 rows=1872)
    -> Index range scan on sbtest4 using PRIMARY over (5650331 <= id <= 5651330)  (cost=378 rows=1872)


table 5 : explain SELECT c FROM sbtest5 WHERE id BETWEEN 7427181 AND 7428180
	-> Filter: (sbtest5.id between 7427181 and 7428180)  (cost=371 rows=1838)
    -> Index range scan on sbtest5 using PRIMARY over (7427181 <= id <= 7428180)  (cost=371 rows=1838)


table 6 : explain SELECT c FROM sbtest6 WHERE id BETWEEN 1953684 AND 1954683
	-> Filter: (sbtest6.id between 1953684 and 1954683)  (cost=378 rows=1872)
    -> Index range scan on sbtest6 using PRIMARY over (1953684 <= id <= 1954683)  (cost=378 rows=1872)


table 7 : explain SELECT c FROM sbtest7 WHERE id BETWEEN 1104586 AND 1105585
	-> Filter: (sbtest7.id between 1104586 and 1105585)  (cost=371 rows=1838)
    -> Index range scan on sbtest7 using PRIMARY over (1104586 <= id <= 1105585)  (cost=371 rows=1838)


table 8 : explain SELECT c FROM sbtest8 WHERE id BETWEEN 5435895 AND 5436894
	-> Filter: (sbtest8.id between 5435895 and 5436894)  (cost=371 rows=1838)
    -> Index range scan on sbtest8 using PRIMARY over (5435895 <= id <= 5436894)  (cost=371 rows=1838)


for: sum_ranges
table 1 : explain SELECT SUM(k) FROM sbtest1 WHERE id BETWEEN 7746668 AND 7747667
	-> Aggregate: sum(sbtest1.k)  (cost=809 rows=1)
    -> Filter: (sbtest1.id between 7746668 and 7747667)  (cost=378 rows=1872)
        -> Index range scan on sbtest1 using PRIMARY over (7746668 <= id <= 7747667)  (cost=378 rows=1872)


table 2 : explain SELECT SUM(k) FROM sbtest2 WHERE id BETWEEN 6200368 AND 6201367
	-> Aggregate: sum(sbtest2.k)  (cost=809 rows=1)
    -> Filter: (sbtest2.id between 6200368 and 6201367)  (cost=378 rows=1872)
        -> Index range scan on sbtest2 using PRIMARY over (6200368 <= id <= 6201367)  (cost=378 rows=1872)


table 3 : explain SELECT SUM(k) FROM sbtest3 WHERE id BETWEEN 7083870 AND 7084869
	-> Aggregate: sum(sbtest3.k)  (cost=794 rows=1)
    -> Filter: (sbtest3.id between 7083870 and 7084869)  (cost=371 rows=1838)
        -> Index range scan on sbtest3 using PRIMARY over (7083870 <= id <= 7084869)  (cost=371 rows=1838)


table 4 : explain SELECT SUM(k) FROM sbtest4 WHERE id BETWEEN 9795410 AND 9796409
	-> Aggregate: sum(sbtest4.k)  (cost=809 rows=1)
    -> Filter: (sbtest4.id between 9795410 and 9796409)  (cost=378 rows=1872)
        -> Index range scan on sbtest4 using PRIMARY over (9795410 <= id <= 9796409)  (cost=378 rows=1872)


table 5 : explain SELECT SUM(k) FROM sbtest5 WHERE id BETWEEN 949040 AND 950039
	-> Aggregate: sum(sbtest5.k)  (cost=809 rows=1)
    -> Filter: (sbtest5.id between 949040 and 950039)  (cost=378 rows=1872)
        -> Index range scan on sbtest5 using PRIMARY over (949040 <= id <= 950039)  (cost=378 rows=1872)


table 6 : explain SELECT SUM(k) FROM sbtest6 WHERE id BETWEEN 7328616 AND 7329615
	-> Aggregate: sum(sbtest6.k)  (cost=794 rows=1)
    -> Filter: (sbtest6.id between 7328616 and 7329615)  (cost=371 rows=1838)
        -> Index range scan on sbtest6 using PRIMARY over (7328616 <= id <= 7329615)  (cost=371 rows=1838)


table 7 : explain SELECT SUM(k) FROM sbtest7 WHERE id BETWEEN 8167561 AND 8168560
	-> Aggregate: sum(sbtest7.k)  (cost=794 rows=1)
    -> Filter: (sbtest7.id between 8167561 and 8168560)  (cost=371 rows=1838)
        -> Index range scan on sbtest7 using PRIMARY over (8167561 <= id <= 8168560)  (cost=371 rows=1838)


table 8 : explain SELECT SUM(k) FROM sbtest8 WHERE id BETWEEN 2469924 AND 2470923
	-> Aggregate: sum(sbtest8.k)  (cost=809 rows=1)
    -> Filter: (sbtest8.id between 2469924 and 2470923)  (cost=378 rows=1872)
        -> Index range scan on sbtest8 using PRIMARY over (2469924 <= id <= 2470923)  (cost=378 rows=1872)


for: sum_ranges
table 1 : explain SELECT SUM(k) FROM sbtest1 WHERE id BETWEEN 1731197 AND 1732196
	-> Aggregate: sum(sbtest1.k)  (cost=794 rows=1)
    -> Filter: (sbtest1.id between 1731197 and 1732196)  (cost=371 rows=1838)
        -> Index range scan on sbtest1 using PRIMARY over (1731197 <= id <= 1732196)  (cost=371 rows=1838)


table 2 : explain SELECT SUM(k) FROM sbtest2 WHERE id BETWEEN 8340861 AND 8341860
	-> Aggregate: sum(sbtest2.k)  (cost=794 rows=1)
    -> Filter: (sbtest2.id between 8340861 and 8341860)  (cost=371 rows=1838)
        -> Index range scan on sbtest2 using PRIMARY over (8340861 <= id <= 8341860)  (cost=371 rows=1838)


table 3 : explain SELECT SUM(k) FROM sbtest3 WHERE id BETWEEN 2067931 AND 2068930
	-> Aggregate: sum(sbtest3.k)  (cost=794 rows=1)
    -> Filter: (sbtest3.id between 2067931 and 2068930)  (cost=371 rows=1838)
        -> Index range scan on sbtest3 using PRIMARY over (2067931 <= id <= 2068930)  (cost=371 rows=1838)


table 4 : explain SELECT SUM(k) FROM sbtest4 WHERE id BETWEEN 7862091 AND 7863090
	-> Aggregate: sum(sbtest4.k)  (cost=794 rows=1)
    -> Filter: (sbtest4.id between 7862091 and 7863090)  (cost=371 rows=1838)
        -> Index range scan on sbtest4 using PRIMARY over (7862091 <= id <= 7863090)  (cost=371 rows=1838)


table 5 : explain SELECT SUM(k) FROM sbtest5 WHERE id BETWEEN 8741766 AND 8742765
	-> Aggregate: sum(sbtest5.k)  (cost=794 rows=1)
    -> Filter: (sbtest5.id between 8741766 and 8742765)  (cost=371 rows=1838)
        -> Index range scan on sbtest5 using PRIMARY over (8741766 <= id <= 8742765)  (cost=371 rows=1838)


table 6 : explain SELECT SUM(k) FROM sbtest6 WHERE id BETWEEN 2149949 AND 2150948
	-> Aggregate: sum(sbtest6.k)  (cost=794 rows=1)
    -> Filter: (sbtest6.id between 2149949 and 2150948)  (cost=371 rows=1838)
        -> Index range scan on sbtest6 using PRIMARY over (2149949 <= id <= 2150948)  (cost=371 rows=1838)


table 7 : explain SELECT SUM(k) FROM sbtest7 WHERE id BETWEEN 2114089 AND 2115088
	-> Aggregate: sum(sbtest7.k)  (cost=794 rows=1)
    -> Filter: (sbtest7.id between 2114089 and 2115088)  (cost=371 rows=1838)
        -> Index range scan on sbtest7 using PRIMARY over (2114089 <= id <= 2115088)  (cost=371 rows=1838)


table 8 : explain SELECT SUM(k) FROM sbtest8 WHERE id BETWEEN 8240051 AND 8241050
	-> Aggregate: sum(sbtest8.k)  (cost=794 rows=1)
    -> Filter: (sbtest8.id between 8240051 and 8241050)  (cost=371 rows=1838)
        -> Index range scan on sbtest8 using PRIMARY over (8240051 <= id <= 8241050)  (cost=371 rows=1838)


for: order_ranges
table 1 : explain SELECT c FROM sbtest1 WHERE id BETWEEN 8098820 AND 8099819 ORDER BY c
	-> Sort: sbtest1.c  (cost=378 rows=1872)
    -> Filter: (sbtest1.id between 8098820 and 8099819)  (cost=378 rows=1872)
        -> Index range scan on sbtest1 using PRIMARY over (8098820 <= id <= 8099819)  (cost=378 rows=1872)


table 2 : explain SELECT c FROM sbtest2 WHERE id BETWEEN 7197058 AND 7198057 ORDER BY c
	-> Sort: sbtest2.c  (cost=371 rows=1838)
    -> Filter: (sbtest2.id between 7197058 and 7198057)  (cost=371 rows=1838)
        -> Index range scan on sbtest2 using PRIMARY over (7197058 <= id <= 7198057)  (cost=371 rows=1838)


table 3 : explain SELECT c FROM sbtest3 WHERE id BETWEEN 1355465 AND 1356464 ORDER BY c
	-> Sort: sbtest3.c  (cost=371 rows=1838)
    -> Filter: (sbtest3.id between 1355465 and 1356464)  (cost=371 rows=1838)
        -> Index range scan on sbtest3 using PRIMARY over (1355465 <= id <= 1356464)  (cost=371 rows=1838)


table 4 : explain SELECT c FROM sbtest4 WHERE id BETWEEN 7644677 AND 7645676 ORDER BY c
	-> Sort: sbtest4.c  (cost=378 rows=1872)
    -> Filter: (sbtest4.id between 7644677 and 7645676)  (cost=378 rows=1872)
        -> Index range scan on sbtest4 using PRIMARY over (7644677 <= id <= 7645676)  (cost=378 rows=1872)


table 5 : explain SELECT c FROM sbtest5 WHERE id BETWEEN 1562454 AND 1563453 ORDER BY c
	-> Sort: sbtest5.c  (cost=371 rows=1838)
    -> Filter: (sbtest5.id between 1562454 and 1563453)  (cost=371 rows=1838)
        -> Index range scan on sbtest5 using PRIMARY over (1562454 <= id <= 1563453)  (cost=371 rows=1838)


table 6 : explain SELECT c FROM sbtest6 WHERE id BETWEEN 9715696 AND 9716695 ORDER BY c
	-> Sort: sbtest6.c  (cost=378 rows=1872)
    -> Filter: (sbtest6.id between 9715696 and 9716695)  (cost=378 rows=1872)
        -> Index range scan on sbtest6 using PRIMARY over (9715696 <= id <= 9716695)  (cost=378 rows=1872)


table 7 : explain SELECT c FROM sbtest7 WHERE id BETWEEN 4655315 AND 4656314 ORDER BY c
	-> Sort: sbtest7.c  (cost=371 rows=1838)
    -> Filter: (sbtest7.id between 4655315 and 4656314)  (cost=371 rows=1838)
        -> Index range scan on sbtest7 using PRIMARY over (4655315 <= id <= 4656314)  (cost=371 rows=1838)


table 8 : explain SELECT c FROM sbtest8 WHERE id BETWEEN 5672577 AND 5673576 ORDER BY c
	-> Sort: sbtest8.c  (cost=378 rows=1872)
    -> Filter: (sbtest8.id between 5672577 and 5673576)  (cost=378 rows=1872)
        -> Index range scan on sbtest8 using PRIMARY over (5672577 <= id <= 5673576)  (cost=378 rows=1872)


for: sum_ranges
table 1 : explain SELECT SUM(k) FROM sbtest1 WHERE id BETWEEN 9820076 AND 9821075
	-> Aggregate: sum(sbtest1.k)  (cost=809 rows=1)
    -> Filter: (sbtest1.id between 9820076 and 9821075)  (cost=378 rows=1872)
        -> Index range scan on sbtest1 using PRIMARY over (9820076 <= id <= 9821075)  (cost=378 rows=1872)


table 2 : explain SELECT SUM(k) FROM sbtest2 WHERE id BETWEEN 1718033 AND 1719032
	-> Aggregate: sum(sbtest2.k)  (cost=809 rows=1)
    -> Filter: (sbtest2.id between 1718033 and 1719032)  (cost=378 rows=1872)
        -> Index range scan on sbtest2 using PRIMARY over (1718033 <= id <= 1719032)  (cost=378 rows=1872)


table 3 : explain SELECT SUM(k) FROM sbtest3 WHERE id BETWEEN 6794098 AND 6795097
	-> Aggregate: sum(sbtest3.k)  (cost=794 rows=1)
    -> Filter: (sbtest3.id between 6794098 and 6795097)  (cost=371 rows=1838)
        -> Index range scan on sbtest3 using PRIMARY over (6794098 <= id <= 6795097)  (cost=371 rows=1838)


table 4 : explain SELECT SUM(k) FROM sbtest4 WHERE id BETWEEN 1703100 AND 1704099
	-> Aggregate: sum(sbtest4.k)  (cost=794 rows=1)
    -> Filter: (sbtest4.id between 1703100 and 1704099)  (cost=371 rows=1838)
        -> Index range scan on sbtest4 using PRIMARY over (1703100 <= id <= 1704099)  (cost=371 rows=1838)


table 5 : explain SELECT SUM(k) FROM sbtest5 WHERE id BETWEEN 806600 AND 807599
	-> Aggregate: sum(sbtest5.k)  (cost=794 rows=1)
    -> Filter: (sbtest5.id between 806600 and 807599)  (cost=371 rows=1838)
        -> Index range scan on sbtest5 using PRIMARY over (806600 <= id <= 807599)  (cost=371 rows=1838)


table 6 : explain SELECT SUM(k) FROM sbtest6 WHERE id BETWEEN 2555694 AND 2556693
	-> Aggregate: sum(sbtest6.k)  (cost=795 rows=1)
    -> Filter: (sbtest6.id between 2555694 and 2556693)  (cost=371 rows=1840)
        -> Index range scan on sbtest6 using PRIMARY over (2555694 <= id <= 2556693)  (cost=371 rows=1840)


table 7 : explain SELECT SUM(k) FROM sbtest7 WHERE id BETWEEN 2630236 AND 2631235
	-> Aggregate: sum(sbtest7.k)  (cost=809 rows=1)
    -> Filter: (sbtest7.id between 2630236 and 2631235)  (cost=378 rows=1872)
        -> Index range scan on sbtest7 using PRIMARY over (2630236 <= id <= 2631235)  (cost=378 rows=1872)


table 8 : explain SELECT SUM(k) FROM sbtest8 WHERE id BETWEEN 4225467 AND 4226466
	-> Aggregate: sum(sbtest8.k)  (cost=794 rows=1)
    -> Filter: (sbtest8.id between 4225467 and 4226466)  (cost=371 rows=1838)
        -> Index range scan on sbtest8 using PRIMARY over (4225467 <= id <= 4226466)  (cost=371 rows=1838)


for: simple_ranges
table 1 : explain SELECT c FROM sbtest1 WHERE id BETWEEN 9275755 AND 9276754
	-> Filter: (sbtest1.id between 9275755 and 9276754)  (cost=371 rows=1838)
    -> Index range scan on sbtest1 using PRIMARY over (9275755 <= id <= 9276754)  (cost=371 rows=1838)


table 2 : explain SELECT c FROM sbtest2 WHERE id BETWEEN 2393527 AND 2394526
	-> Filter: (sbtest2.id between 2393527 and 2394526)  (cost=371 rows=1838)
    -> Index range scan on sbtest2 using PRIMARY over (2393527 <= id <= 2394526)  (cost=371 rows=1838)


table 3 : explain SELECT c FROM sbtest3 WHERE id BETWEEN 1432958 AND 1433957
	-> Filter: (sbtest3.id between 1432958 and 1433957)  (cost=378 rows=1872)
    -> Index range scan on sbtest3 using PRIMARY over (1432958 <= id <= 1433957)  (cost=378 rows=1872)


table 4 : explain SELECT c FROM sbtest4 WHERE id BETWEEN 8205113 AND 8206112
	-> Filter: (sbtest4.id between 8205113 and 8206112)  (cost=378 rows=1872)
    -> Index range scan on sbtest4 using PRIMARY over (8205113 <= id <= 8206112)  (cost=378 rows=1872)


table 5 : explain SELECT c FROM sbtest5 WHERE id BETWEEN 8328851 AND 8329850
	-> Filter: (sbtest5.id between 8328851 and 8329850)  (cost=371 rows=1838)
    -> Index range scan on sbtest5 using PRIMARY over (8328851 <= id <= 8329850)  (cost=371 rows=1838)


table 6 : explain SELECT c FROM sbtest6 WHERE id BETWEEN 8094154 AND 8095153
	-> Filter: (sbtest6.id between 8094154 and 8095153)  (cost=371 rows=1838)
    -> Index range scan on sbtest6 using PRIMARY over (8094154 <= id <= 8095153)  (cost=371 rows=1838)


table 7 : explain SELECT c FROM sbtest7 WHERE id BETWEEN 5328799 AND 5329798
	-> Filter: (sbtest7.id between 5328799 and 5329798)  (cost=371 rows=1838)
    -> Index range scan on sbtest7 using PRIMARY over (5328799 <= id <= 5329798)  (cost=371 rows=1838)


table 8 : explain SELECT c FROM sbtest8 WHERE id BETWEEN 2081401 AND 2082400
	-> Filter: (sbtest8.id between 2081401 and 2082400)  (cost=371 rows=1838)
    -> Index range scan on sbtest8 using PRIMARY over (2081401 <= id <= 2082400)  (cost=371 rows=1838)


for: sum_ranges
table 1 : explain SELECT SUM(k) FROM sbtest1 WHERE id BETWEEN 9241078 AND 9242077
	-> Aggregate: sum(sbtest1.k)  (cost=794 rows=1)
    -> Filter: (sbtest1.id between 9241078 and 9242077)  (cost=371 rows=1838)
        -> Index range scan on sbtest1 using PRIMARY over (9241078 <= id <= 9242077)  (cost=371 rows=1838)


table 2 : explain SELECT SUM(k) FROM sbtest2 WHERE id BETWEEN 1996751 AND 1997750
	-> Aggregate: sum(sbtest2.k)  (cost=809 rows=1)
    -> Filter: (sbtest2.id between 1996751 and 1997750)  (cost=378 rows=1872)
        -> Index range scan on sbtest2 using PRIMARY over (1996751 <= id <= 1997750)  (cost=378 rows=1872)


table 3 : explain SELECT SUM(k) FROM sbtest3 WHERE id BETWEEN 1012441 AND 1013440
	-> Aggregate: sum(sbtest3.k)  (cost=794 rows=1)
    -> Filter: (sbtest3.id between 1012441 and 1013440)  (cost=371 rows=1838)
        -> Index range scan on sbtest3 using PRIMARY over (1012441 <= id <= 1013440)  (cost=371 rows=1838)


table 4 : explain SELECT SUM(k) FROM sbtest4 WHERE id BETWEEN 8351695 AND 8352694
	-> Aggregate: sum(sbtest4.k)  (cost=809 rows=1)
    -> Filter: (sbtest4.id between 8351695 and 8352694)  (cost=378 rows=1872)
        -> Index range scan on sbtest4 using PRIMARY over (8351695 <= id <= 8352694)  (cost=378 rows=1872)


table 5 : explain SELECT SUM(k) FROM sbtest5 WHERE id BETWEEN 1847266 AND 1848265
	-> Aggregate: sum(sbtest5.k)  (cost=794 rows=1)
    -> Filter: (sbtest5.id between 1847266 and 1848265)  (cost=371 rows=1838)
        -> Index range scan on sbtest5 using PRIMARY over (1847266 <= id <= 1848265)  (cost=371 rows=1838)


table 6 : explain SELECT SUM(k) FROM sbtest6 WHERE id BETWEEN 269228 AND 270227
	-> Aggregate: sum(sbtest6.k)  (cost=794 rows=1)
    -> Filter: (sbtest6.id between 269228 and 270227)  (cost=371 rows=1838)
        -> Index range scan on sbtest6 using PRIMARY over (269228 <= id <= 270227)  (cost=371 rows=1838)


table 7 : explain SELECT SUM(k) FROM sbtest7 WHERE id BETWEEN 65569 AND 66568
	-> Aggregate: sum(sbtest7.k)  (cost=794 rows=1)
    -> Filter: (sbtest7.id between 65569 and 66568)  (cost=371 rows=1838)
        -> Index range scan on sbtest7 using PRIMARY over (65569 <= id <= 66568)  (cost=371 rows=1838)


table 8 : explain SELECT SUM(k) FROM sbtest8 WHERE id BETWEEN 173889 AND 174888
	-> Aggregate: sum(sbtest8.k)  (cost=794 rows=1)
    -> Filter: (sbtest8.id between 173889 and 174888)  (cost=371 rows=1838)
        -> Index range scan on sbtest8 using PRIMARY over (173889 <= id <= 174888)  (cost=371 rows=1838)


for: simple_ranges
table 1 : explain SELECT c FROM sbtest1 WHERE id BETWEEN 6594721 AND 6595720
	-> Filter: (sbtest1.id between 6594721 and 6595720)  (cost=378 rows=1872)
    -> Index range scan on sbtest1 using PRIMARY over (6594721 <= id <= 6595720)  (cost=378 rows=1872)


table 2 : explain SELECT c FROM sbtest2 WHERE id BETWEEN 4504186 AND 4505185
	-> Filter: (sbtest2.id between 4504186 and 4505185)  (cost=371 rows=1838)
    -> Index range scan on sbtest2 using PRIMARY over (4504186 <= id <= 4505185)  (cost=371 rows=1838)


table 3 : explain SELECT c FROM sbtest3 WHERE id BETWEEN 1801154 AND 1802153
	-> Filter: (sbtest3.id between 1801154 and 1802153)  (cost=371 rows=1838)
    -> Index range scan on sbtest3 using PRIMARY over (1801154 <= id <= 1802153)  (cost=371 rows=1838)


table 4 : explain SELECT c FROM sbtest4 WHERE id BETWEEN 3199410 AND 3200409
	-> Filter: (sbtest4.id between 3199410 and 3200409)  (cost=378 rows=1872)
    -> Index range scan on sbtest4 using PRIMARY over (3199410 <= id <= 3200409)  (cost=378 rows=1872)


table 5 : explain SELECT c FROM sbtest5 WHERE id BETWEEN 5316843 AND 5317842
	-> Filter: (sbtest5.id between 5316843 and 5317842)  (cost=371 rows=1838)
    -> Index range scan on sbtest5 using PRIMARY over (5316843 <= id <= 5317842)  (cost=371 rows=1838)


table 6 : explain SELECT c FROM sbtest6 WHERE id BETWEEN 6931417 AND 6932416
	-> Filter: (sbtest6.id between 6931417 and 6932416)  (cost=371 rows=1838)
    -> Index range scan on sbtest6 using PRIMARY over (6931417 <= id <= 6932416)  (cost=371 rows=1838)


table 7 : explain SELECT c FROM sbtest7 WHERE id BETWEEN 6856496 AND 6857495
	-> Filter: (sbtest7.id between 6856496 and 6857495)  (cost=378 rows=1872)
    -> Index range scan on sbtest7 using PRIMARY over (6856496 <= id <= 6857495)  (cost=378 rows=1872)


table 8 : explain SELECT c FROM sbtest8 WHERE id BETWEEN 1794941 AND 1795940
	-> Filter: (sbtest8.id between 1794941 and 1795940)  (cost=371 rows=1838)
    -> Index range scan on sbtest8 using PRIMARY over (1794941 <= id <= 1795940)  (cost=371 rows=1838)


for: sum_ranges
table 1 : explain SELECT SUM(k) FROM sbtest1 WHERE id BETWEEN 4956173 AND 4957172
	-> Aggregate: sum(sbtest1.k)  (cost=809 rows=1)
    -> Filter: (sbtest1.id between 4956173 and 4957172)  (cost=378 rows=1872)
        -> Index range scan on sbtest1 using PRIMARY over (4956173 <= id <= 4957172)  (cost=378 rows=1872)


table 2 : explain SELECT SUM(k) FROM sbtest2 WHERE id BETWEEN 7773097 AND 7774096
	-> Aggregate: sum(sbtest2.k)  (cost=809 rows=1)
    -> Filter: (sbtest2.id between 7773097 and 7774096)  (cost=378 rows=1872)
        -> Index range scan on sbtest2 using PRIMARY over (7773097 <= id <= 7774096)  (cost=378 rows=1872)


table 3 : explain SELECT SUM(k) FROM sbtest3 WHERE id BETWEEN 6896223 AND 6897222
	-> Aggregate: sum(sbtest3.k)  (cost=809 rows=1)
    -> Filter: (sbtest3.id between 6896223 and 6897222)  (cost=378 rows=1872)
        -> Index range scan on sbtest3 using PRIMARY over (6896223 <= id <= 6897222)  (cost=378 rows=1872)


table 4 : explain SELECT SUM(k) FROM sbtest4 WHERE id BETWEEN 8548447 AND 8549446
	-> Aggregate: sum(sbtest4.k)  (cost=794 rows=1)
    -> Filter: (sbtest4.id between 8548447 and 8549446)  (cost=371 rows=1838)
        -> Index range scan on sbtest4 using PRIMARY over (8548447 <= id <= 8549446)  (cost=371 rows=1838)


table 5 : explain SELECT SUM(k) FROM sbtest5 WHERE id BETWEEN 6487528 AND 6488527
	-> Aggregate: sum(sbtest5.k)  (cost=794 rows=1)
    -> Filter: (sbtest5.id between 6487528 and 6488527)  (cost=371 rows=1838)
        -> Index range scan on sbtest5 using PRIMARY over (6487528 <= id <= 6488527)  (cost=371 rows=1838)


table 6 : explain SELECT SUM(k) FROM sbtest6 WHERE id BETWEEN 6666040 AND 6667039
	-> Aggregate: sum(sbtest6.k)  (cost=809 rows=1)
    -> Filter: (sbtest6.id between 6666040 and 6667039)  (cost=378 rows=1872)
        -> Index range scan on sbtest6 using PRIMARY over (6666040 <= id <= 6667039)  (cost=378 rows=1872)


table 7 : explain SELECT SUM(k) FROM sbtest7 WHERE id BETWEEN 7160131 AND 7161130
	-> Aggregate: sum(sbtest7.k)  (cost=794 rows=1)
    -> Filter: (sbtest7.id between 7160131 and 7161130)  (cost=371 rows=1838)
        -> Index range scan on sbtest7 using PRIMARY over (7160131 <= id <= 7161130)  (cost=371 rows=1838)


table 8 : explain SELECT SUM(k) FROM sbtest8 WHERE id BETWEEN 6423292 AND 6424291
	-> Aggregate: sum(sbtest8.k)  (cost=794 rows=1)
    -> Filter: (sbtest8.id between 6423292 and 6424291)  (cost=371 rows=1838)
        -> Index range scan on sbtest8 using PRIMARY over (6423292 <= id <= 6424291)  (cost=371 rows=1838)


for: order_ranges
table 1 : explain SELECT c FROM sbtest1 WHERE id BETWEEN 1756914 AND 1757913 ORDER BY c
	-> Sort: sbtest1.c  (cost=371 rows=1838)
    -> Filter: (sbtest1.id between 1756914 and 1757913)  (cost=371 rows=1838)
        -> Index range scan on sbtest1 using PRIMARY over (1756914 <= id <= 1757913)  (cost=371 rows=1838)


table 2 : explain SELECT c FROM sbtest2 WHERE id BETWEEN 8644655 AND 8645654 ORDER BY c
	-> Sort: sbtest2.c  (cost=371 rows=1838)
    -> Filter: (sbtest2.id between 8644655 and 8645654)  (cost=371 rows=1838)
        -> Index range scan on sbtest2 using PRIMARY over (8644655 <= id <= 8645654)  (cost=371 rows=1838)


table 3 : explain SELECT c FROM sbtest3 WHERE id BETWEEN 9525095 AND 9526094 ORDER BY c
	-> Sort: sbtest3.c  (cost=378 rows=1872)
    -> Filter: (sbtest3.id between 9525095 and 9526094)  (cost=378 rows=1872)
        -> Index range scan on sbtest3 using PRIMARY over (9525095 <= id <= 9526094)  (cost=378 rows=1872)


table 4 : explain SELECT c FROM sbtest4 WHERE id BETWEEN 9305153 AND 9306152 ORDER BY c
	-> Sort: sbtest4.c  (cost=371 rows=1838)
    -> Filter: (sbtest4.id between 9305153 and 9306152)  (cost=371 rows=1838)
        -> Index range scan on sbtest4 using PRIMARY over (9305153 <= id <= 9306152)  (cost=371 rows=1838)


table 5 : explain SELECT c FROM sbtest5 WHERE id BETWEEN 4793495 AND 4794494 ORDER BY c
	-> Sort: sbtest5.c  (cost=371 rows=1838)
    -> Filter: (sbtest5.id between 4793495 and 4794494)  (cost=371 rows=1838)
        -> Index range scan on sbtest5 using PRIMARY over (4793495 <= id <= 4794494)  (cost=371 rows=1838)


table 6 : explain SELECT c FROM sbtest6 WHERE id BETWEEN 18152 AND 19151 ORDER BY c
	-> Sort: sbtest6.c  (cost=378 rows=1872)
    -> Filter: (sbtest6.id between 18152 and 19151)  (cost=378 rows=1872)
        -> Index range scan on sbtest6 using PRIMARY over (18152 <= id <= 19151)  (cost=378 rows=1872)


table 7 : explain SELECT c FROM sbtest7 WHERE id BETWEEN 5860029 AND 5861028 ORDER BY c
	-> Sort: sbtest7.c  (cost=371 rows=1838)
    -> Filter: (sbtest7.id between 5860029 and 5861028)  (cost=371 rows=1838)
        -> Index range scan on sbtest7 using PRIMARY over (5860029 <= id <= 5861028)  (cost=371 rows=1838)


table 8 : explain SELECT c FROM sbtest8 WHERE id BETWEEN 9998904 AND 9999903 ORDER BY c
	-> Sort: sbtest8.c  (cost=371 rows=1838)
    -> Filter: (sbtest8.id between 9998904 and 9999903)  (cost=371 rows=1838)
        -> Index range scan on sbtest8 using PRIMARY over (9998904 <= id <= 9999903)  (cost=371 rows=1838)


for: simple_ranges
table 1 : explain SELECT c FROM sbtest1 WHERE id BETWEEN 8166146 AND 8167145
	-> Filter: (sbtest1.id between 8166146 and 8167145)  (cost=371 rows=1838)
    -> Index range scan on sbtest1 using PRIMARY over (8166146 <= id <= 8167145)  (cost=371 rows=1838)


table 2 : explain SELECT c FROM sbtest2 WHERE id BETWEEN 2161010 AND 2162009
	-> Filter: (sbtest2.id between 2161010 and 2162009)  (cost=371 rows=1838)
    -> Index range scan on sbtest2 using PRIMARY over (2161010 <= id <= 2162009)  (cost=371 rows=1838)


table 3 : explain SELECT c FROM sbtest3 WHERE id BETWEEN 9379721 AND 9380720
	-> Filter: (sbtest3.id between 9379721 and 9380720)  (cost=371 rows=1838)
    -> Index range scan on sbtest3 using PRIMARY over (9379721 <= id <= 9380720)  (cost=371 rows=1838)


table 4 : explain SELECT c FROM sbtest4 WHERE id BETWEEN 1383887 AND 1384886
	-> Filter: (sbtest4.id between 1383887 and 1384886)  (cost=371 rows=1838)
    -> Index range scan on sbtest4 using PRIMARY over (1383887 <= id <= 1384886)  (cost=371 rows=1838)


table 5 : explain SELECT c FROM sbtest5 WHERE id BETWEEN 1404282 AND 1405281
	-> Filter: (sbtest5.id between 1404282 and 1405281)  (cost=378 rows=1872)
    -> Index range scan on sbtest5 using PRIMARY over (1404282 <= id <= 1405281)  (cost=378 rows=1872)


table 6 : explain SELECT c FROM sbtest6 WHERE id BETWEEN 3335036 AND 3336035
	-> Filter: (sbtest6.id between 3335036 and 3336035)  (cost=371 rows=1838)
    -> Index range scan on sbtest6 using PRIMARY over (3335036 <= id <= 3336035)  (cost=371 rows=1838)


table 7 : explain SELECT c FROM sbtest7 WHERE id BETWEEN 6247563 AND 6248562
	-> Filter: (sbtest7.id between 6247563 and 6248562)  (cost=371 rows=1838)
    -> Index range scan on sbtest7 using PRIMARY over (6247563 <= id <= 6248562)  (cost=371 rows=1838)


table 8 : explain SELECT c FROM sbtest8 WHERE id BETWEEN 4964942 AND 4965941
	-> Filter: (sbtest8.id between 4964942 and 4965941)  (cost=371 rows=1838)
    -> Index range scan on sbtest8 using PRIMARY over (4964942 <= id <= 4965941)  (cost=371 rows=1838)


for: order_ranges
table 1 : explain SELECT c FROM sbtest1 WHERE id BETWEEN 4018148 AND 4019147 ORDER BY c
	-> Sort: sbtest1.c  (cost=371 rows=1838)
    -> Filter: (sbtest1.id between 4018148 and 4019147)  (cost=371 rows=1838)
        -> Index range scan on sbtest1 using PRIMARY over (4018148 <= id <= 4019147)  (cost=371 rows=1838)


table 2 : explain SELECT c FROM sbtest2 WHERE id BETWEEN 2975093 AND 2976092 ORDER BY c
	-> Sort: sbtest2.c  (cost=378 rows=1872)
    -> Filter: (sbtest2.id between 2975093 and 2976092)  (cost=378 rows=1872)
        -> Index range scan on sbtest2 using PRIMARY over (2975093 <= id <= 2976092)  (cost=378 rows=1872)


table 3 : explain SELECT c FROM sbtest3 WHERE id BETWEEN 8423660 AND 8424659 ORDER BY c
	-> Sort: sbtest3.c  (cost=378 rows=1872)
    -> Filter: (sbtest3.id between 8423660 and 8424659)  (cost=378 rows=1872)
        -> Index range scan on sbtest3 using PRIMARY over (8423660 <= id <= 8424659)  (cost=378 rows=1872)


table 4 : explain SELECT c FROM sbtest4 WHERE id BETWEEN 4018347 AND 4019346 ORDER BY c
	-> Sort: sbtest4.c  (cost=371 rows=1838)
    -> Filter: (sbtest4.id between 4018347 and 4019346)  (cost=371 rows=1838)
        -> Index range scan on sbtest4 using PRIMARY over (4018347 <= id <= 4019346)  (cost=371 rows=1838)


table 5 : explain SELECT c FROM sbtest5 WHERE id BETWEEN 6449480 AND 6450479 ORDER BY c
	-> Sort: sbtest5.c  (cost=371 rows=1838)
    -> Filter: (sbtest5.id between 6449480 and 6450479)  (cost=371 rows=1838)
        -> Index range scan on sbtest5 using PRIMARY over (6449480 <= id <= 6450479)  (cost=371 rows=1838)


table 6 : explain SELECT c FROM sbtest6 WHERE id BETWEEN 9975197 AND 9976196 ORDER BY c
	-> Sort: sbtest6.c  (cost=378 rows=1872)
    -> Filter: (sbtest6.id between 9975197 and 9976196)  (cost=378 rows=1872)
        -> Index range scan on sbtest6 using PRIMARY over (9975197 <= id <= 9976196)  (cost=378 rows=1872)


table 7 : explain SELECT c FROM sbtest7 WHERE id BETWEEN 8617755 AND 8618754 ORDER BY c
	-> Sort: sbtest7.c  (cost=371 rows=1838)
    -> Filter: (sbtest7.id between 8617755 and 8618754)  (cost=371 rows=1838)
        -> Index range scan on sbtest7 using PRIMARY over (8617755 <= id <= 8618754)  (cost=371 rows=1838)


table 8 : explain SELECT c FROM sbtest8 WHERE id BETWEEN 921733 AND 922732 ORDER BY c
	-> Sort: sbtest8.c  (cost=371 rows=1838)
    -> Filter: (sbtest8.id between 921733 and 922732)  (cost=371 rows=1838)
        -> Index range scan on sbtest8 using PRIMARY over (921733 <= id <= 922732)  (cost=371 rows=1838)


for: sum_ranges
table 1 : explain SELECT SUM(k) FROM sbtest1 WHERE id BETWEEN 826933 AND 827932
	-> Aggregate: sum(sbtest1.k)  (cost=794 rows=1)
    -> Filter: (sbtest1.id between 826933 and 827932)  (cost=371 rows=1838)
        -> Index range scan on sbtest1 using PRIMARY over (826933 <= id <= 827932)  (cost=371 rows=1838)


table 2 : explain SELECT SUM(k) FROM sbtest2 WHERE id BETWEEN 5169682 AND 5170681
	-> Aggregate: sum(sbtest2.k)  (cost=809 rows=1)
    -> Filter: (sbtest2.id between 5169682 and 5170681)  (cost=378 rows=1872)
        -> Index range scan on sbtest2 using PRIMARY over (5169682 <= id <= 5170681)  (cost=378 rows=1872)


table 3 : explain SELECT SUM(k) FROM sbtest3 WHERE id BETWEEN 7690536 AND 7691535
	-> Aggregate: sum(sbtest3.k)  (cost=809 rows=1)
    -> Filter: (sbtest3.id between 7690536 and 7691535)  (cost=378 rows=1872)
        -> Index range scan on sbtest3 using PRIMARY over (7690536 <= id <= 7691535)  (cost=378 rows=1872)


table 4 : explain SELECT SUM(k) FROM sbtest4 WHERE id BETWEEN 3238882 AND 3239881
	-> Aggregate: sum(sbtest4.k)  (cost=794 rows=1)
    -> Filter: (sbtest4.id between 3238882 and 3239881)  (cost=371 rows=1838)
        -> Index range scan on sbtest4 using PRIMARY over (3238882 <= id <= 3239881)  (cost=371 rows=1838)


table 5 : explain SELECT SUM(k) FROM sbtest5 WHERE id BETWEEN 891336 AND 892335
	-> Aggregate: sum(sbtest5.k)  (cost=794 rows=1)
    -> Filter: (sbtest5.id between 891336 and 892335)  (cost=371 rows=1838)
        -> Index range scan on sbtest5 using PRIMARY over (891336 <= id <= 892335)  (cost=371 rows=1838)


table 6 : explain SELECT SUM(k) FROM sbtest6 WHERE id BETWEEN 2518849 AND 2519848
	-> Aggregate: sum(sbtest6.k)  (cost=809 rows=1)
    -> Filter: (sbtest6.id between 2518849 and 2519848)  (cost=378 rows=1872)
        -> Index range scan on sbtest6 using PRIMARY over (2518849 <= id <= 2519848)  (cost=378 rows=1872)


table 7 : explain SELECT SUM(k) FROM sbtest7 WHERE id BETWEEN 762068 AND 763067
	-> Aggregate: sum(sbtest7.k)  (cost=794 rows=1)
    -> Filter: (sbtest7.id between 762068 and 763067)  (cost=371 rows=1838)
        -> Index range scan on sbtest7 using PRIMARY over (762068 <= id <= 763067)  (cost=371 rows=1838)


table 8 : explain SELECT SUM(k) FROM sbtest8 WHERE id BETWEEN 775220 AND 776219
	-> Aggregate: sum(sbtest8.k)  (cost=794 rows=1)
    -> Filter: (sbtest8.id between 775220 and 776219)  (cost=371 rows=1838)
        -> Index range scan on sbtest8 using PRIMARY over (775220 <= id <= 776219)  (cost=371 rows=1838)


for: sum_ranges
table 1 : explain SELECT SUM(k) FROM sbtest1 WHERE id BETWEEN 8161723 AND 8162722
	-> Aggregate: sum(sbtest1.k)  (cost=794 rows=1)
    -> Filter: (sbtest1.id between 8161723 and 8162722)  (cost=371 rows=1838)
        -> Index range scan on sbtest1 using PRIMARY over (8161723 <= id <= 8162722)  (cost=371 rows=1838)


table 2 : explain SELECT SUM(k) FROM sbtest2 WHERE id BETWEEN 8351022 AND 8352021
	-> Aggregate: sum(sbtest2.k)  (cost=809 rows=1)
    -> Filter: (sbtest2.id between 8351022 and 8352021)  (cost=378 rows=1872)
        -> Index range scan on sbtest2 using PRIMARY over (8351022 <= id <= 8352021)  (cost=378 rows=1872)


table 3 : explain SELECT SUM(k) FROM sbtest3 WHERE id BETWEEN 6889336 AND 6890335
	-> Aggregate: sum(sbtest3.k)  (cost=794 rows=1)
    -> Filter: (sbtest3.id between 6889336 and 6890335)  (cost=371 rows=1838)
        -> Index range scan on sbtest3 using PRIMARY over (6889336 <= id <= 6890335)  (cost=371 rows=1838)


table 4 : explain SELECT SUM(k) FROM sbtest4 WHERE id BETWEEN 8992788 AND 8993787
	-> Aggregate: sum(sbtest4.k)  (cost=794 rows=1)
    -> Filter: (sbtest4.id between 8992788 and 8993787)  (cost=371 rows=1838)
        -> Index range scan on sbtest4 using PRIMARY over (8992788 <= id <= 8993787)  (cost=371 rows=1838)


table 5 : explain SELECT SUM(k) FROM sbtest5 WHERE id BETWEEN 3540561 AND 3541560
	-> Aggregate: sum(sbtest5.k)  (cost=794 rows=1)
    -> Filter: (sbtest5.id between 3540561 and 3541560)  (cost=371 rows=1838)
        -> Index range scan on sbtest5 using PRIMARY over (3540561 <= id <= 3541560)  (cost=371 rows=1838)


table 6 : explain SELECT SUM(k) FROM sbtest6 WHERE id BETWEEN 9825522 AND 9826521
	-> Aggregate: sum(sbtest6.k)  (cost=794 rows=1)
    -> Filter: (sbtest6.id between 9825522 and 9826521)  (cost=371 rows=1838)
        -> Index range scan on sbtest6 using PRIMARY over (9825522 <= id <= 9826521)  (cost=371 rows=1838)


table 7 : explain SELECT SUM(k) FROM sbtest7 WHERE id BETWEEN 374205 AND 375204
	-> Aggregate: sum(sbtest7.k)  (cost=794 rows=1)
    -> Filter: (sbtest7.id between 374205 and 375204)  (cost=371 rows=1838)
        -> Index range scan on sbtest7 using PRIMARY over (374205 <= id <= 375204)  (cost=371 rows=1838)


table 8 : explain SELECT SUM(k) FROM sbtest8 WHERE id BETWEEN 9745810 AND 9746809
	-> Aggregate: sum(sbtest8.k)  (cost=794 rows=1)
    -> Filter: (sbtest8.id between 9745810 and 9746809)  (cost=371 rows=1838)
        -> Index range scan on sbtest8 using PRIMARY over (9745810 <= id <= 9746809)  (cost=371 rows=1838)


for: sum_ranges
table 1 : explain SELECT SUM(k) FROM sbtest1 WHERE id BETWEEN 4344999 AND 4345998
	-> Aggregate: sum(sbtest1.k)  (cost=809 rows=1)
    -> Filter: (sbtest1.id between 4344999 and 4345998)  (cost=378 rows=1872)
        -> Index range scan on sbtest1 using PRIMARY over (4344999 <= id <= 4345998)  (cost=378 rows=1872)


table 2 : explain SELECT SUM(k) FROM sbtest2 WHERE id BETWEEN 4027425 AND 4028424
	-> Aggregate: sum(sbtest2.k)  (cost=794 rows=1)
    -> Filter: (sbtest2.id between 4027425 and 4028424)  (cost=371 rows=1838)
        -> Index range scan on sbtest2 using PRIMARY over (4027425 <= id <= 4028424)  (cost=371 rows=1838)


table 3 : explain SELECT SUM(k) FROM sbtest3 WHERE id BETWEEN 1957266 AND 1958265
	-> Aggregate: sum(sbtest3.k)  (cost=794 rows=1)
    -> Filter: (sbtest3.id between 1957266 and 1958265)  (cost=371 rows=1838)
        -> Index range scan on sbtest3 using PRIMARY over (1957266 <= id <= 1958265)  (cost=371 rows=1838)


table 4 : explain SELECT SUM(k) FROM sbtest4 WHERE id BETWEEN 5471742 AND 5472741
	-> Aggregate: sum(sbtest4.k)  (cost=794 rows=1)
    -> Filter: (sbtest4.id between 5471742 and 5472741)  (cost=371 rows=1838)
        -> Index range scan on sbtest4 using PRIMARY over (5471742 <= id <= 5472741)  (cost=371 rows=1838)


table 5 : explain SELECT SUM(k) FROM sbtest5 WHERE id BETWEEN 340751 AND 341750
	-> Aggregate: sum(sbtest5.k)  (cost=794 rows=1)
    -> Filter: (sbtest5.id between 340751 and 341750)  (cost=371 rows=1838)
        -> Index range scan on sbtest5 using PRIMARY over (340751 <= id <= 341750)  (cost=371 rows=1838)


table 6 : explain SELECT SUM(k) FROM sbtest6 WHERE id BETWEEN 2422835 AND 2423834
	-> Aggregate: sum(sbtest6.k)  (cost=809 rows=1)
    -> Filter: (sbtest6.id between 2422835 and 2423834)  (cost=378 rows=1872)
        -> Index range scan on sbtest6 using PRIMARY over (2422835 <= id <= 2423834)  (cost=378 rows=1872)


table 7 : explain SELECT SUM(k) FROM sbtest7 WHERE id BETWEEN 4376356 AND 4377355
	-> Aggregate: sum(sbtest7.k)  (cost=794 rows=1)
    -> Filter: (sbtest7.id between 4376356 and 4377355)  (cost=371 rows=1838)
        -> Index range scan on sbtest7 using PRIMARY over (4376356 <= id <= 4377355)  (cost=371 rows=1838)


table 8 : explain SELECT SUM(k) FROM sbtest8 WHERE id BETWEEN 2759207 AND 2760206
	-> Aggregate: sum(sbtest8.k)  (cost=794 rows=1)
    -> Filter: (sbtest8.id between 2759207 and 2760206)  (cost=371 rows=1838)
        -> Index range scan on sbtest8 using PRIMARY over (2759207 <= id <= 2760206)  (cost=371 rows=1838)


for: sum_ranges
table 1 : explain SELECT SUM(k) FROM sbtest1 WHERE id BETWEEN 5516274 AND 5517273
	-> Aggregate: sum(sbtest1.k)  (cost=794 rows=1)
    -> Filter: (sbtest1.id between 5516274 and 5517273)  (cost=371 rows=1838)
        -> Index range scan on sbtest1 using PRIMARY over (5516274 <= id <= 5517273)  (cost=371 rows=1838)


table 2 : explain SELECT SUM(k) FROM sbtest2 WHERE id BETWEEN 7773684 AND 7774683
	-> Aggregate: sum(sbtest2.k)  (cost=794 rows=1)
    -> Filter: (sbtest2.id between 7773684 and 7774683)  (cost=371 rows=1838)
        -> Index range scan on sbtest2 using PRIMARY over (7773684 <= id <= 7774683)  (cost=371 rows=1838)


table 3 : explain SELECT SUM(k) FROM sbtest3 WHERE id BETWEEN 6218067 AND 6219066
	-> Aggregate: sum(sbtest3.k)  (cost=794 rows=1)
    -> Filter: (sbtest3.id between 6218067 and 6219066)  (cost=371 rows=1838)
        -> Index range scan on sbtest3 using PRIMARY over (6218067 <= id <= 6219066)  (cost=371 rows=1838)


table 4 : explain SELECT SUM(k) FROM sbtest4 WHERE id BETWEEN 603941 AND 604940
	-> Aggregate: sum(sbtest4.k)  (cost=794 rows=1)
    -> Filter: (sbtest4.id between 603941 and 604940)  (cost=371 rows=1838)
        -> Index range scan on sbtest4 using PRIMARY over (603941 <= id <= 604940)  (cost=371 rows=1838)


table 5 : explain SELECT SUM(k) FROM sbtest5 WHERE id BETWEEN 7280597 AND 7281596
	-> Aggregate: sum(sbtest5.k)  (cost=794 rows=1)
    -> Filter: (sbtest5.id between 7280597 and 7281596)  (cost=371 rows=1838)
        -> Index range scan on sbtest5 using PRIMARY over (7280597 <= id <= 7281596)  (cost=371 rows=1838)


table 6 : explain SELECT SUM(k) FROM sbtest6 WHERE id BETWEEN 9884802 AND 9885801
	-> Aggregate: sum(sbtest6.k)  (cost=794 rows=1)
    -> Filter: (sbtest6.id between 9884802 and 9885801)  (cost=371 rows=1838)
        -> Index range scan on sbtest6 using PRIMARY over (9884802 <= id <= 9885801)  (cost=371 rows=1838)


table 7 : explain SELECT SUM(k) FROM sbtest7 WHERE id BETWEEN 4068976 AND 4069975
	-> Aggregate: sum(sbtest7.k)  (cost=794 rows=1)
    -> Filter: (sbtest7.id between 4068976 and 4069975)  (cost=371 rows=1838)
        -> Index range scan on sbtest7 using PRIMARY over (4068976 <= id <= 4069975)  (cost=371 rows=1838)


table 8 : explain SELECT SUM(k) FROM sbtest8 WHERE id BETWEEN 5429541 AND 5430540
	-> Aggregate: sum(sbtest8.k)  (cost=794 rows=1)
    -> Filter: (sbtest8.id between 5429541 and 5430540)  (cost=371 rows=1838)
        -> Index range scan on sbtest8 using PRIMARY over (5429541 <= id <= 5430540)  (cost=371 rows=1838)


for: order_ranges
table 1 : explain SELECT c FROM sbtest1 WHERE id BETWEEN 1999730 AND 2000729 ORDER BY c
	-> Sort: sbtest1.c  (cost=378 rows=1872)
    -> Filter: (sbtest1.id between 1999730 and 2000729)  (cost=378 rows=1872)
        -> Index range scan on sbtest1 using PRIMARY over (1999730 <= id <= 2000729)  (cost=378 rows=1872)


table 2 : explain SELECT c FROM sbtest2 WHERE id BETWEEN 4389844 AND 4390843 ORDER BY c
	-> Sort: sbtest2.c  (cost=371 rows=1838)
    -> Filter: (sbtest2.id between 4389844 and 4390843)  (cost=371 rows=1838)
        -> Index range scan on sbtest2 using PRIMARY over (4389844 <= id <= 4390843)  (cost=371 rows=1838)


table 3 : explain SELECT c FROM sbtest3 WHERE id BETWEEN 500929 AND 501928 ORDER BY c
	-> Sort: sbtest3.c  (cost=371 rows=1838)
    -> Filter: (sbtest3.id between 500929 and 501928)  (cost=371 rows=1838)
        -> Index range scan on sbtest3 using PRIMARY over (500929 <= id <= 501928)  (cost=371 rows=1838)


table 4 : explain SELECT c FROM sbtest4 WHERE id BETWEEN 5938805 AND 5939804 ORDER BY c
	-> Sort: sbtest4.c  (cost=371 rows=1838)
    -> Filter: (sbtest4.id between 5938805 and 5939804)  (cost=371 rows=1838)
        -> Index range scan on sbtest4 using PRIMARY over (5938805 <= id <= 5939804)  (cost=371 rows=1838)


table 5 : explain SELECT c FROM sbtest5 WHERE id BETWEEN 7782204 AND 7783203 ORDER BY c
	-> Sort: sbtest5.c  (cost=378 rows=1872)
    -> Filter: (sbtest5.id between 7782204 and 7783203)  (cost=378 rows=1872)
        -> Index range scan on sbtest5 using PRIMARY over (7782204 <= id <= 7783203)  (cost=378 rows=1872)


table 6 : explain SELECT c FROM sbtest6 WHERE id BETWEEN 5208003 AND 5209002 ORDER BY c
	-> Sort: sbtest6.c  (cost=371 rows=1840)
    -> Filter: (sbtest6.id between 5208003 and 5209002)  (cost=371 rows=1840)
        -> Index range scan on sbtest6 using PRIMARY over (5208003 <= id <= 5209002)  (cost=371 rows=1840)


table 7 : explain SELECT c FROM sbtest7 WHERE id BETWEEN 7684333 AND 7685332 ORDER BY c
	-> Sort: sbtest7.c  (cost=371 rows=1838)
    -> Filter: (sbtest7.id between 7684333 and 7685332)  (cost=371 rows=1838)
        -> Index range scan on sbtest7 using PRIMARY over (7684333 <= id <= 7685332)  (cost=371 rows=1838)


table 8 : explain SELECT c FROM sbtest8 WHERE id BETWEEN 7549386 AND 7550385 ORDER BY c
	-> Sort: sbtest8.c  (cost=371 rows=1838)
    -> Filter: (sbtest8.id between 7549386 and 7550385)  (cost=371 rows=1838)
        -> Index range scan on sbtest8 using PRIMARY over (7549386 <= id <= 7550385)  (cost=371 rows=1838)


for: sum_ranges
table 1 : explain SELECT SUM(k) FROM sbtest1 WHERE id BETWEEN 7510827 AND 7511826
	-> Aggregate: sum(sbtest1.k)  (cost=794 rows=1)
    -> Filter: (sbtest1.id between 7510827 and 7511826)  (cost=371 rows=1838)
        -> Index range scan on sbtest1 using PRIMARY over (7510827 <= id <= 7511826)  (cost=371 rows=1838)


table 2 : explain SELECT SUM(k) FROM sbtest2 WHERE id BETWEEN 7816040 AND 7817039
	-> Aggregate: sum(sbtest2.k)  (cost=794 rows=1)
    -> Filter: (sbtest2.id between 7816040 and 7817039)  (cost=371 rows=1838)
        -> Index range scan on sbtest2 using PRIMARY over (7816040 <= id <= 7817039)  (cost=371 rows=1838)


table 3 : explain SELECT SUM(k) FROM sbtest3 WHERE id BETWEEN 8302220 AND 8303219
	-> Aggregate: sum(sbtest3.k)  (cost=794 rows=1)
    -> Filter: (sbtest3.id between 8302220 and 8303219)  (cost=371 rows=1838)
        -> Index range scan on sbtest3 using PRIMARY over (8302220 <= id <= 8303219)  (cost=371 rows=1838)


table 4 : explain SELECT SUM(k) FROM sbtest4 WHERE id BETWEEN 3103638 AND 3104637
	-> Aggregate: sum(sbtest4.k)  (cost=809 rows=1)
    -> Filter: (sbtest4.id between 3103638 and 3104637)  (cost=378 rows=1872)
        -> Index range scan on sbtest4 using PRIMARY over (3103638 <= id <= 3104637)  (cost=378 rows=1872)


table 5 : explain SELECT SUM(k) FROM sbtest5 WHERE id BETWEEN 9771583 AND 9772582
	-> Aggregate: sum(sbtest5.k)  (cost=794 rows=1)
    -> Filter: (sbtest5.id between 9771583 and 9772582)  (cost=371 rows=1838)
        -> Index range scan on sbtest5 using PRIMARY over (9771583 <= id <= 9772582)  (cost=371 rows=1838)


table 6 : explain SELECT SUM(k) FROM sbtest6 WHERE id BETWEEN 9457349 AND 9458348
	-> Aggregate: sum(sbtest6.k)  (cost=809 rows=1)
    -> Filter: (sbtest6.id between 9457349 and 9458348)  (cost=378 rows=1872)
        -> Index range scan on sbtest6 using PRIMARY over (9457349 <= id <= 9458348)  (cost=378 rows=1872)


table 7 : explain SELECT SUM(k) FROM sbtest7 WHERE id BETWEEN 9629522 AND 9630521
	-> Aggregate: sum(sbtest7.k)  (cost=794 rows=1)
    -> Filter: (sbtest7.id between 9629522 and 9630521)  (cost=371 rows=1838)
        -> Index range scan on sbtest7 using PRIMARY over (9629522 <= id <= 9630521)  (cost=371 rows=1838)


table 8 : explain SELECT SUM(k) FROM sbtest8 WHERE id BETWEEN 4192770 AND 4193769
	-> Aggregate: sum(sbtest8.k)  (cost=794 rows=1)
    -> Filter: (sbtest8.id between 4192770 and 4193769)  (cost=371 rows=1838)
        -> Index range scan on sbtest8 using PRIMARY over (4192770 <= id <= 4193769)  (cost=371 rows=1838)


for: sum_ranges
table 1 : explain SELECT SUM(k) FROM sbtest1 WHERE id BETWEEN 1573824 AND 1574823
	-> Aggregate: sum(sbtest1.k)  (cost=794 rows=1)
    -> Filter: (sbtest1.id between 1573824 and 1574823)  (cost=371 rows=1838)
        -> Index range scan on sbtest1 using PRIMARY over (1573824 <= id <= 1574823)  (cost=371 rows=1838)


table 2 : explain SELECT SUM(k) FROM sbtest2 WHERE id BETWEEN 7917072 AND 7918071
	-> Aggregate: sum(sbtest2.k)  (cost=794 rows=1)
    -> Filter: (sbtest2.id between 7917072 and 7918071)  (cost=371 rows=1838)
        -> Index range scan on sbtest2 using PRIMARY over (7917072 <= id <= 7918071)  (cost=371 rows=1838)


table 3 : explain SELECT SUM(k) FROM sbtest3 WHERE id BETWEEN 5779159 AND 5780158
	-> Aggregate: sum(sbtest3.k)  (cost=809 rows=1)
    -> Filter: (sbtest3.id between 5779159 and 5780158)  (cost=378 rows=1872)
        -> Index range scan on sbtest3 using PRIMARY over (5779159 <= id <= 5780158)  (cost=378 rows=1872)


table 4 : explain SELECT SUM(k) FROM sbtest4 WHERE id BETWEEN 4695250 AND 4696249
	-> Aggregate: sum(sbtest4.k)  (cost=794 rows=1)
    -> Filter: (sbtest4.id between 4695250 and 4696249)  (cost=371 rows=1838)
        -> Index range scan on sbtest4 using PRIMARY over (4695250 <= id <= 4696249)  (cost=371 rows=1838)


table 5 : explain SELECT SUM(k) FROM sbtest5 WHERE id BETWEEN 5416505 AND 5417504
	-> Aggregate: sum(sbtest5.k)  (cost=809 rows=1)
    -> Filter: (sbtest5.id between 5416505 and 5417504)  (cost=378 rows=1872)
        -> Index range scan on sbtest5 using PRIMARY over (5416505 <= id <= 5417504)  (cost=378 rows=1872)


table 6 : explain SELECT SUM(k) FROM sbtest6 WHERE id BETWEEN 1968612 AND 1969611
	-> Aggregate: sum(sbtest6.k)  (cost=794 rows=1)
    -> Filter: (sbtest6.id between 1968612 and 1969611)  (cost=371 rows=1838)
        -> Index range scan on sbtest6 using PRIMARY over (1968612 <= id <= 1969611)  (cost=371 rows=1838)


table 7 : explain SELECT SUM(k) FROM sbtest7 WHERE id BETWEEN 6424489 AND 6425488
	-> Aggregate: sum(sbtest7.k)  (cost=809 rows=1)
    -> Filter: (sbtest7.id between 6424489 and 6425488)  (cost=378 rows=1872)
        -> Index range scan on sbtest7 using PRIMARY over (6424489 <= id <= 6425488)  (cost=378 rows=1872)


table 8 : explain SELECT SUM(k) FROM sbtest8 WHERE id BETWEEN 6864823 AND 6865822
	-> Aggregate: sum(sbtest8.k)  (cost=809 rows=1)
    -> Filter: (sbtest8.id between 6864823 and 6865822)  (cost=378 rows=1872)
        -> Index range scan on sbtest8 using PRIMARY over (6864823 <= id <= 6865822)  (cost=378 rows=1872)


for: sum_ranges
table 1 : explain SELECT SUM(k) FROM sbtest1 WHERE id BETWEEN 1575092 AND 1576091
	-> Aggregate: sum(sbtest1.k)  (cost=809 rows=1)
    -> Filter: (sbtest1.id between 1575092 and 1576091)  (cost=378 rows=1872)
        -> Index range scan on sbtest1 using PRIMARY over (1575092 <= id <= 1576091)  (cost=378 rows=1872)


table 2 : explain SELECT SUM(k) FROM sbtest2 WHERE id BETWEEN 3665980 AND 3666979
	-> Aggregate: sum(sbtest2.k)  (cost=794 rows=1)
    -> Filter: (sbtest2.id between 3665980 and 3666979)  (cost=371 rows=1838)
        -> Index range scan on sbtest2 using PRIMARY over (3665980 <= id <= 3666979)  (cost=371 rows=1838)


table 3 : explain SELECT SUM(k) FROM sbtest3 WHERE id BETWEEN 9910500 AND 9911499
	-> Aggregate: sum(sbtest3.k)  (cost=794 rows=1)
    -> Filter: (sbtest3.id between 9910500 and 9911499)  (cost=371 rows=1838)
        -> Index range scan on sbtest3 using PRIMARY over (9910500 <= id <= 9911499)  (cost=371 rows=1838)


table 4 : explain SELECT SUM(k) FROM sbtest4 WHERE id BETWEEN 5444048 AND 5445047
	-> Aggregate: sum(sbtest4.k)  (cost=794 rows=1)
    -> Filter: (sbtest4.id between 5444048 and 5445047)  (cost=371 rows=1838)
        -> Index range scan on sbtest4 using PRIMARY over (5444048 <= id <= 5445047)  (cost=371 rows=1838)


table 5 : explain SELECT SUM(k) FROM sbtest5 WHERE id BETWEEN 7905068 AND 7906067
	-> Aggregate: sum(sbtest5.k)  (cost=809 rows=1)
    -> Filter: (sbtest5.id between 7905068 and 7906067)  (cost=378 rows=1872)
        -> Index range scan on sbtest5 using PRIMARY over (7905068 <= id <= 7906067)  (cost=378 rows=1872)


table 6 : explain SELECT SUM(k) FROM sbtest6 WHERE id BETWEEN 225721 AND 226720
	-> Aggregate: sum(sbtest6.k)  (cost=794 rows=1)
    -> Filter: (sbtest6.id between 225721 and 226720)  (cost=371 rows=1838)
        -> Index range scan on sbtest6 using PRIMARY over (225721 <= id <= 226720)  (cost=371 rows=1838)


table 7 : explain SELECT SUM(k) FROM sbtest7 WHERE id BETWEEN 523049 AND 524048
	-> Aggregate: sum(sbtest7.k)  (cost=794 rows=1)
    -> Filter: (sbtest7.id between 523049 and 524048)  (cost=371 rows=1838)
        -> Index range scan on sbtest7 using PRIMARY over (523049 <= id <= 524048)  (cost=371 rows=1838)


table 8 : explain SELECT SUM(k) FROM sbtest8 WHERE id BETWEEN 6036212 AND 6037211
	-> Aggregate: sum(sbtest8.k)  (cost=794 rows=1)
    -> Filter: (sbtest8.id between 6036212 and 6037211)  (cost=371 rows=1838)
        -> Index range scan on sbtest8 using PRIMARY over (6036212 <= id <= 6037211)  (cost=371 rows=1838)


for: sum_ranges
table 1 : explain SELECT SUM(k) FROM sbtest1 WHERE id BETWEEN 4674298 AND 4675297
	-> Aggregate: sum(sbtest1.k)  (cost=794 rows=1)
    -> Filter: (sbtest1.id between 4674298 and 4675297)  (cost=371 rows=1838)
        -> Index range scan on sbtest1 using PRIMARY over (4674298 <= id <= 4675297)  (cost=371 rows=1838)


table 2 : explain SELECT SUM(k) FROM sbtest2 WHERE id BETWEEN 8184945 AND 8185944
	-> Aggregate: sum(sbtest2.k)  (cost=809 rows=1)
    -> Filter: (sbtest2.id between 8184945 and 8185944)  (cost=378 rows=1872)
        -> Index range scan on sbtest2 using PRIMARY over (8184945 <= id <= 8185944)  (cost=378 rows=1872)


table 3 : explain SELECT SUM(k) FROM sbtest3 WHERE id BETWEEN 9691738 AND 9692737
	-> Aggregate: sum(sbtest3.k)  (cost=809 rows=1)
    -> Filter: (sbtest3.id between 9691738 and 9692737)  (cost=378 rows=1872)
        -> Index range scan on sbtest3 using PRIMARY over (9691738 <= id <= 9692737)  (cost=378 rows=1872)


table 4 : explain SELECT SUM(k) FROM sbtest4 WHERE id BETWEEN 6067535 AND 6068534
	-> Aggregate: sum(sbtest4.k)  (cost=794 rows=1)
    -> Filter: (sbtest4.id between 6067535 and 6068534)  (cost=371 rows=1838)
        -> Index range scan on sbtest4 using PRIMARY over (6067535 <= id <= 6068534)  (cost=371 rows=1838)


table 5 : explain SELECT SUM(k) FROM sbtest5 WHERE id BETWEEN 5659114 AND 5660113
	-> Aggregate: sum(sbtest5.k)  (cost=794 rows=1)
    -> Filter: (sbtest5.id between 5659114 and 5660113)  (cost=371 rows=1838)
        -> Index range scan on sbtest5 using PRIMARY over (5659114 <= id <= 5660113)  (cost=371 rows=1838)


table 6 : explain SELECT SUM(k) FROM sbtest6 WHERE id BETWEEN 5164685 AND 5165684
	-> Aggregate: sum(sbtest6.k)  (cost=794 rows=1)
    -> Filter: (sbtest6.id between 5164685 and 5165684)  (cost=371 rows=1838)
        -> Index range scan on sbtest6 using PRIMARY over (5164685 <= id <= 5165684)  (cost=371 rows=1838)


table 7 : explain SELECT SUM(k) FROM sbtest7 WHERE id BETWEEN 3830716 AND 3831715
	-> Aggregate: sum(sbtest7.k)  (cost=809 rows=1)
    -> Filter: (sbtest7.id between 3830716 and 3831715)  (cost=378 rows=1872)
        -> Index range scan on sbtest7 using PRIMARY over (3830716 <= id <= 3831715)  (cost=378 rows=1872)


table 8 : explain SELECT SUM(k) FROM sbtest8 WHERE id BETWEEN 2549466 AND 2550465
	-> Aggregate: sum(sbtest8.k)  (cost=794 rows=1)
    -> Filter: (sbtest8.id between 2549466 and 2550465)  (cost=371 rows=1838)
        -> Index range scan on sbtest8 using PRIMARY over (2549466 <= id <= 2550465)  (cost=371 rows=1838)


for: order_ranges
table 1 : explain SELECT c FROM sbtest1 WHERE id BETWEEN 7390537 AND 7391536 ORDER BY c
	-> Sort: sbtest1.c  (cost=371 rows=1838)
    -> Filter: (sbtest1.id between 7390537 and 7391536)  (cost=371 rows=1838)
        -> Index range scan on sbtest1 using PRIMARY over (7390537 <= id <= 7391536)  (cost=371 rows=1838)


table 2 : explain SELECT c FROM sbtest2 WHERE id BETWEEN 5642514 AND 5643513 ORDER BY c
	-> Sort: sbtest2.c  (cost=378 rows=1872)
    -> Filter: (sbtest2.id between 5642514 and 5643513)  (cost=378 rows=1872)
        -> Index range scan on sbtest2 using PRIMARY over (5642514 <= id <= 5643513)  (cost=378 rows=1872)


table 3 : explain SELECT c FROM sbtest3 WHERE id BETWEEN 8556274 AND 8557273 ORDER BY c
	-> Sort: sbtest3.c  (cost=371 rows=1838)
    -> Filter: (sbtest3.id between 8556274 and 8557273)  (cost=371 rows=1838)
        -> Index range scan on sbtest3 using PRIMARY over (8556274 <= id <= 8557273)  (cost=371 rows=1838)


table 4 : explain SELECT c FROM sbtest4 WHERE id BETWEEN 7709581 AND 7710580 ORDER BY c
	-> Sort: sbtest4.c  (cost=378 rows=1872)
    -> Filter: (sbtest4.id between 7709581 and 7710580)  (cost=378 rows=1872)
        -> Index range scan on sbtest4 using PRIMARY over (7709581 <= id <= 7710580)  (cost=378 rows=1872)


table 5 : explain SELECT c FROM sbtest5 WHERE id BETWEEN 5743014 AND 5744013 ORDER BY c
	-> Sort: sbtest5.c  (cost=371 rows=1838)
    -> Filter: (sbtest5.id between 5743014 and 5744013)  (cost=371 rows=1838)
        -> Index range scan on sbtest5 using PRIMARY over (5743014 <= id <= 5744013)  (cost=371 rows=1838)


table 6 : explain SELECT c FROM sbtest6 WHERE id BETWEEN 5786798 AND 5787797 ORDER BY c
	-> Sort: sbtest6.c  (cost=371 rows=1838)
    -> Filter: (sbtest6.id between 5786798 and 5787797)  (cost=371 rows=1838)
        -> Index range scan on sbtest6 using PRIMARY over (5786798 <= id <= 5787797)  (cost=371 rows=1838)


table 7 : explain SELECT c FROM sbtest7 WHERE id BETWEEN 9892558 AND 9893557 ORDER BY c
	-> Sort: sbtest7.c  (cost=371 rows=1838)
    -> Filter: (sbtest7.id between 9892558 and 9893557)  (cost=371 rows=1838)
        -> Index range scan on sbtest7 using PRIMARY over (9892558 <= id <= 9893557)  (cost=371 rows=1838)


table 8 : explain SELECT c FROM sbtest8 WHERE id BETWEEN 4125641 AND 4126640 ORDER BY c
	-> Sort: sbtest8.c  (cost=378 rows=1872)
    -> Filter: (sbtest8.id between 4125641 and 4126640)  (cost=378 rows=1872)
        -> Index range scan on sbtest8 using PRIMARY over (4125641 <= id <= 4126640)  (cost=378 rows=1872)


for: sum_ranges
table 1 : explain SELECT SUM(k) FROM sbtest1 WHERE id BETWEEN 735204 AND 736203
	-> Aggregate: sum(sbtest1.k)  (cost=794 rows=1)
    -> Filter: (sbtest1.id between 735204 and 736203)  (cost=371 rows=1838)
        -> Index range scan on sbtest1 using PRIMARY over (735204 <= id <= 736203)  (cost=371 rows=1838)


table 2 : explain SELECT SUM(k) FROM sbtest2 WHERE id BETWEEN 6381706 AND 6382705
	-> Aggregate: sum(sbtest2.k)  (cost=809 rows=1)
    -> Filter: (sbtest2.id between 6381706 and 6382705)  (cost=378 rows=1872)
        -> Index range scan on sbtest2 using PRIMARY over (6381706 <= id <= 6382705)  (cost=378 rows=1872)


table 3 : explain SELECT SUM(k) FROM sbtest3 WHERE id BETWEEN 7021058 AND 7022057
	-> Aggregate: sum(sbtest3.k)  (cost=794 rows=1)
    -> Filter: (sbtest3.id between 7021058 and 7022057)  (cost=371 rows=1838)
        -> Index range scan on sbtest3 using PRIMARY over (7021058 <= id <= 7022057)  (cost=371 rows=1838)


table 4 : explain SELECT SUM(k) FROM sbtest4 WHERE id BETWEEN 7953146 AND 7954145
	-> Aggregate: sum(sbtest4.k)  (cost=794 rows=1)
    -> Filter: (sbtest4.id between 7953146 and 7954145)  (cost=371 rows=1838)
        -> Index range scan on sbtest4 using PRIMARY over (7953146 <= id <= 7954145)  (cost=371 rows=1838)


table 5 : explain SELECT SUM(k) FROM sbtest5 WHERE id BETWEEN 5268983 AND 5269982
	-> Aggregate: sum(sbtest5.k)  (cost=794 rows=1)
    -> Filter: (sbtest5.id between 5268983 and 5269982)  (cost=371 rows=1838)
        -> Index range scan on sbtest5 using PRIMARY over (5268983 <= id <= 5269982)  (cost=371 rows=1838)


table 6 : explain SELECT SUM(k) FROM sbtest6 WHERE id BETWEEN 7920001 AND 7921000
	-> Aggregate: sum(sbtest6.k)  (cost=794 rows=1)
    -> Filter: (sbtest6.id between 7920001 and 7921000)  (cost=371 rows=1838)
        -> Index range scan on sbtest6 using PRIMARY over (7920001 <= id <= 7921000)  (cost=371 rows=1838)


table 7 : explain SELECT SUM(k) FROM sbtest7 WHERE id BETWEEN 5974109 AND 5975108
	-> Aggregate: sum(sbtest7.k)  (cost=794 rows=1)
    -> Filter: (sbtest7.id between 5974109 and 5975108)  (cost=371 rows=1838)
        -> Index range scan on sbtest7 using PRIMARY over (5974109 <= id <= 5975108)  (cost=371 rows=1838)


table 8 : explain SELECT SUM(k) FROM sbtest8 WHERE id BETWEEN 5892974 AND 5893973
	-> Aggregate: sum(sbtest8.k)  (cost=809 rows=1)
    -> Filter: (sbtest8.id between 5892974 and 5893973)  (cost=378 rows=1872)
        -> Index range scan on sbtest8 using PRIMARY over (5892974 <= id <= 5893973)  (cost=378 rows=1872)


for: order_ranges
table 1 : explain SELECT c FROM sbtest1 WHERE id BETWEEN 9872072 AND 9873071 ORDER BY c
	-> Sort: sbtest1.c  (cost=371 rows=1838)
    -> Filter: (sbtest1.id between 9872072 and 9873071)  (cost=371 rows=1838)
        -> Index range scan on sbtest1 using PRIMARY over (9872072 <= id <= 9873071)  (cost=371 rows=1838)


table 2 : explain SELECT c FROM sbtest2 WHERE id BETWEEN 860253 AND 861252 ORDER BY c
	-> Sort: sbtest2.c  (cost=371 rows=1838)
    -> Filter: (sbtest2.id between 860253 and 861252)  (cost=371 rows=1838)
        -> Index range scan on sbtest2 using PRIMARY over (860253 <= id <= 861252)  (cost=371 rows=1838)


table 3 : explain SELECT c FROM sbtest3 WHERE id BETWEEN 4771831 AND 4772830 ORDER BY c
	-> Sort: sbtest3.c  (cost=378 rows=1872)
    -> Filter: (sbtest3.id between 4771831 and 4772830)  (cost=378 rows=1872)
        -> Index range scan on sbtest3 using PRIMARY over (4771831 <= id <= 4772830)  (cost=378 rows=1872)


table 4 : explain SELECT c FROM sbtest4 WHERE id BETWEEN 3802358 AND 3803357 ORDER BY c
	-> Sort: sbtest4.c  (cost=371 rows=1838)
    -> Filter: (sbtest4.id between 3802358 and 3803357)  (cost=371 rows=1838)
        -> Index range scan on sbtest4 using PRIMARY over (3802358 <= id <= 3803357)  (cost=371 rows=1838)


table 5 : explain SELECT c FROM sbtest5 WHERE id BETWEEN 1233347 AND 1234346 ORDER BY c
	-> Sort: sbtest5.c  (cost=371 rows=1838)
    -> Filter: (sbtest5.id between 1233347 and 1234346)  (cost=371 rows=1838)
        -> Index range scan on sbtest5 using PRIMARY over (1233347 <= id <= 1234346)  (cost=371 rows=1838)


table 6 : explain SELECT c FROM sbtest6 WHERE id BETWEEN 6735824 AND 6736823 ORDER BY c
	-> Sort: sbtest6.c  (cost=378 rows=1872)
    -> Filter: (sbtest6.id between 6735824 and 6736823)  (cost=378 rows=1872)
        -> Index range scan on sbtest6 using PRIMARY over (6735824 <= id <= 6736823)  (cost=378 rows=1872)


table 7 : explain SELECT c FROM sbtest7 WHERE id BETWEEN 6668681 AND 6669680 ORDER BY c
	-> Sort: sbtest7.c  (cost=378 rows=1872)
    -> Filter: (sbtest7.id between 6668681 and 6669680)  (cost=378 rows=1872)
        -> Index range scan on sbtest7 using PRIMARY over (6668681 <= id <= 6669680)  (cost=378 rows=1872)


table 8 : explain SELECT c FROM sbtest8 WHERE id BETWEEN 4694017 AND 4695016 ORDER BY c
	-> Sort: sbtest8.c  (cost=378 rows=1872)
    -> Filter: (sbtest8.id between 4694017 and 4695016)  (cost=378 rows=1872)
        -> Index range scan on sbtest8 using PRIMARY over (4694017 <= id <= 4695016)  (cost=378 rows=1872)


for: sum_ranges
table 1 : explain SELECT SUM(k) FROM sbtest1 WHERE id BETWEEN 2202524 AND 2203523
	-> Aggregate: sum(sbtest1.k)  (cost=809 rows=1)
    -> Filter: (sbtest1.id between 2202524 and 2203523)  (cost=378 rows=1872)
        -> Index range scan on sbtest1 using PRIMARY over (2202524 <= id <= 2203523)  (cost=378 rows=1872)


table 2 : explain SELECT SUM(k) FROM sbtest2 WHERE id BETWEEN 8396770 AND 8397769
	-> Aggregate: sum(sbtest2.k)  (cost=794 rows=1)
    -> Filter: (sbtest2.id between 8396770 and 8397769)  (cost=371 rows=1838)
        -> Index range scan on sbtest2 using PRIMARY over (8396770 <= id <= 8397769)  (cost=371 rows=1838)


table 3 : explain SELECT SUM(k) FROM sbtest3 WHERE id BETWEEN 5935688 AND 5936687
	-> Aggregate: sum(sbtest3.k)  (cost=809 rows=1)
    -> Filter: (sbtest3.id between 5935688 and 5936687)  (cost=378 rows=1872)
        -> Index range scan on sbtest3 using PRIMARY over (5935688 <= id <= 5936687)  (cost=378 rows=1872)


table 4 : explain SELECT SUM(k) FROM sbtest4 WHERE id BETWEEN 767030 AND 768029
	-> Aggregate: sum(sbtest4.k)  (cost=794 rows=1)
    -> Filter: (sbtest4.id between 767030 and 768029)  (cost=371 rows=1838)
        -> Index range scan on sbtest4 using PRIMARY over (767030 <= id <= 768029)  (cost=371 rows=1838)


table 5 : explain SELECT SUM(k) FROM sbtest5 WHERE id BETWEEN 3548674 AND 3549673
	-> Aggregate: sum(sbtest5.k)  (cost=794 rows=1)
    -> Filter: (sbtest5.id between 3548674 and 3549673)  (cost=371 rows=1838)
        -> Index range scan on sbtest5 using PRIMARY over (3548674 <= id <= 3549673)  (cost=371 rows=1838)


table 6 : explain SELECT SUM(k) FROM sbtest6 WHERE id BETWEEN 4597606 AND 4598605
	-> Aggregate: sum(sbtest6.k)  (cost=794 rows=1)
    -> Filter: (sbtest6.id between 4597606 and 4598605)  (cost=371 rows=1838)
        -> Index range scan on sbtest6 using PRIMARY over (4597606 <= id <= 4598605)  (cost=371 rows=1838)


table 7 : explain SELECT SUM(k) FROM sbtest7 WHERE id BETWEEN 3814502 AND 3815501
	-> Aggregate: sum(sbtest7.k)  (cost=794 rows=1)
    -> Filter: (sbtest7.id between 3814502 and 3815501)  (cost=371 rows=1838)
        -> Index range scan on sbtest7 using PRIMARY over (3814502 <= id <= 3815501)  (cost=371 rows=1838)


table 8 : explain SELECT SUM(k) FROM sbtest8 WHERE id BETWEEN 2179727 AND 2180726
	-> Aggregate: sum(sbtest8.k)  (cost=794 rows=1)
    -> Filter: (sbtest8.id between 2179727 and 2180726)  (cost=371 rows=1838)
        -> Index range scan on sbtest8 using PRIMARY over (2179727 <= id <= 2180726)  (cost=371 rows=1838)


for: sum_ranges
table 1 : explain SELECT SUM(k) FROM sbtest1 WHERE id BETWEEN 3336478 AND 3337477
	-> Aggregate: sum(sbtest1.k)  (cost=794 rows=1)
    -> Filter: (sbtest1.id between 3336478 and 3337477)  (cost=371 rows=1838)
        -> Index range scan on sbtest1 using PRIMARY over (3336478 <= id <= 3337477)  (cost=371 rows=1838)


table 2 : explain SELECT SUM(k) FROM sbtest2 WHERE id BETWEEN 9046813 AND 9047812
	-> Aggregate: sum(sbtest2.k)  (cost=794 rows=1)
    -> Filter: (sbtest2.id between 9046813 and 9047812)  (cost=371 rows=1838)
        -> Index range scan on sbtest2 using PRIMARY over (9046813 <= id <= 9047812)  (cost=371 rows=1838)


table 3 : explain SELECT SUM(k) FROM sbtest3 WHERE id BETWEEN 71871 AND 72870
	-> Aggregate: sum(sbtest3.k)  (cost=809 rows=1)
    -> Filter: (sbtest3.id between 71871 and 72870)  (cost=378 rows=1872)
        -> Index range scan on sbtest3 using PRIMARY over (71871 <= id <= 72870)  (cost=378 rows=1872)


table 4 : explain SELECT SUM(k) FROM sbtest4 WHERE id BETWEEN 2901061 AND 2902060
	-> Aggregate: sum(sbtest4.k)  (cost=809 rows=1)
    -> Filter: (sbtest4.id between 2901061 and 2902060)  (cost=378 rows=1872)
        -> Index range scan on sbtest4 using PRIMARY over (2901061 <= id <= 2902060)  (cost=378 rows=1872)


table 5 : explain SELECT SUM(k) FROM sbtest5 WHERE id BETWEEN 4918288 AND 4919287
	-> Aggregate: sum(sbtest5.k)  (cost=809 rows=1)
    -> Filter: (sbtest5.id between 4918288 and 4919287)  (cost=378 rows=1872)
        -> Index range scan on sbtest5 using PRIMARY over (4918288 <= id <= 4919287)  (cost=378 rows=1872)


table 6 : explain SELECT SUM(k) FROM sbtest6 WHERE id BETWEEN 6301973 AND 6302972
	-> Aggregate: sum(sbtest6.k)  (cost=794 rows=1)
    -> Filter: (sbtest6.id between 6301973 and 6302972)  (cost=371 rows=1838)
        -> Index range scan on sbtest6 using PRIMARY over (6301973 <= id <= 6302972)  (cost=371 rows=1838)


table 7 : explain SELECT SUM(k) FROM sbtest7 WHERE id BETWEEN 8605355 AND 8606354
	-> Aggregate: sum(sbtest7.k)  (cost=809 rows=1)
    -> Filter: (sbtest7.id between 8605355 and 8606354)  (cost=378 rows=1872)
        -> Index range scan on sbtest7 using PRIMARY over (8605355 <= id <= 8606354)  (cost=378 rows=1872)


table 8 : explain SELECT SUM(k) FROM sbtest8 WHERE id BETWEEN 2010501 AND 2011500
	-> Aggregate: sum(sbtest8.k)  (cost=794 rows=1)
    -> Filter: (sbtest8.id between 2010501 and 2011500)  (cost=371 rows=1838)
        -> Index range scan on sbtest8 using PRIMARY over (2010501 <= id <= 2011500)  (cost=371 rows=1838)


for: order_ranges
table 1 : explain SELECT c FROM sbtest1 WHERE id BETWEEN 120484 AND 121483 ORDER BY c
	-> Sort: sbtest1.c  (cost=371 rows=1838)
    -> Filter: (sbtest1.id between 120484 and 121483)  (cost=371 rows=1838)
        -> Index range scan on sbtest1 using PRIMARY over (120484 <= id <= 121483)  (cost=371 rows=1838)


table 2 : explain SELECT c FROM sbtest2 WHERE id BETWEEN 2703856 AND 2704855 ORDER BY c
	-> Sort: sbtest2.c  (cost=371 rows=1838)
    -> Filter: (sbtest2.id between 2703856 and 2704855)  (cost=371 rows=1838)
        -> Index range scan on sbtest2 using PRIMARY over (2703856 <= id <= 2704855)  (cost=371 rows=1838)


table 3 : explain SELECT c FROM sbtest3 WHERE id BETWEEN 5150071 AND 5151070 ORDER BY c
	-> Sort: sbtest3.c  (cost=371 rows=1838)
    -> Filter: (sbtest3.id between 5150071 and 5151070)  (cost=371 rows=1838)
        -> Index range scan on sbtest3 using PRIMARY over (5150071 <= id <= 5151070)  (cost=371 rows=1838)


table 4 : explain SELECT c FROM sbtest4 WHERE id BETWEEN 6152659 AND 6153658 ORDER BY c
	-> Sort: sbtest4.c  (cost=371 rows=1838)
    -> Filter: (sbtest4.id between 6152659 and 6153658)  (cost=371 rows=1838)
        -> Index range scan on sbtest4 using PRIMARY over (6152659 <= id <= 6153658)  (cost=371 rows=1838)


table 5 : explain SELECT c FROM sbtest5 WHERE id BETWEEN 5193213 AND 5194212 ORDER BY c
	-> Sort: sbtest5.c  (cost=371 rows=1838)
    -> Filter: (sbtest5.id between 5193213 and 5194212)  (cost=371 rows=1838)
        -> Index range scan on sbtest5 using PRIMARY over (5193213 <= id <= 5194212)  (cost=371 rows=1838)


table 6 : explain SELECT c FROM sbtest6 WHERE id BETWEEN 6722421 AND 6723420 ORDER BY c
	-> Sort: sbtest6.c  (cost=371 rows=1838)
    -> Filter: (sbtest6.id between 6722421 and 6723420)  (cost=371 rows=1838)
        -> Index range scan on sbtest6 using PRIMARY over (6722421 <= id <= 6723420)  (cost=371 rows=1838)


table 7 : explain SELECT c FROM sbtest7 WHERE id BETWEEN 8627998 AND 8628997 ORDER BY c
	-> Sort: sbtest7.c  (cost=378 rows=1872)
    -> Filter: (sbtest7.id between 8627998 and 8628997)  (cost=378 rows=1872)
        -> Index range scan on sbtest7 using PRIMARY over (8627998 <= id <= 8628997)  (cost=378 rows=1872)


table 8 : explain SELECT c FROM sbtest8 WHERE id BETWEEN 844657 AND 845656 ORDER BY c
	-> Sort: sbtest8.c  (cost=378 rows=1872)
    -> Filter: (sbtest8.id between 844657 and 845656)  (cost=378 rows=1872)
        -> Index range scan on sbtest8 using PRIMARY over (844657 <= id <= 845656)  (cost=378 rows=1872)


for: order_ranges
table 1 : explain SELECT c FROM sbtest1 WHERE id BETWEEN 4748591 AND 4749590 ORDER BY c
	-> Sort: sbtest1.c  (cost=371 rows=1838)
    -> Filter: (sbtest1.id between 4748591 and 4749590)  (cost=371 rows=1838)
        -> Index range scan on sbtest1 using PRIMARY over (4748591 <= id <= 4749590)  (cost=371 rows=1838)


table 2 : explain SELECT c FROM sbtest2 WHERE id BETWEEN 359612 AND 360611 ORDER BY c
	-> Sort: sbtest2.c  (cost=371 rows=1838)
    -> Filter: (sbtest2.id between 359612 and 360611)  (cost=371 rows=1838)
        -> Index range scan on sbtest2 using PRIMARY over (359612 <= id <= 360611)  (cost=371 rows=1838)


table 3 : explain SELECT c FROM sbtest3 WHERE id BETWEEN 7766932 AND 7767931 ORDER BY c
	-> Sort: sbtest3.c  (cost=371 rows=1838)
    -> Filter: (sbtest3.id between 7766932 and 7767931)  (cost=371 rows=1838)
        -> Index range scan on sbtest3 using PRIMARY over (7766932 <= id <= 7767931)  (cost=371 rows=1838)


table 4 : explain SELECT c FROM sbtest4 WHERE id BETWEEN 4246471 AND 4247470 ORDER BY c
	-> Sort: sbtest4.c  (cost=371 rows=1838)
    -> Filter: (sbtest4.id between 4246471 and 4247470)  (cost=371 rows=1838)
        -> Index range scan on sbtest4 using PRIMARY over (4246471 <= id <= 4247470)  (cost=371 rows=1838)


table 5 : explain SELECT c FROM sbtest5 WHERE id BETWEEN 4489332 AND 4490331 ORDER BY c
	-> Sort: sbtest5.c  (cost=378 rows=1872)
    -> Filter: (sbtest5.id between 4489332 and 4490331)  (cost=378 rows=1872)
        -> Index range scan on sbtest5 using PRIMARY over (4489332 <= id <= 4490331)  (cost=378 rows=1872)


table 6 : explain SELECT c FROM sbtest6 WHERE id BETWEEN 9556566 AND 9557565 ORDER BY c
	-> Sort: sbtest6.c  (cost=371 rows=1838)
    -> Filter: (sbtest6.id between 9556566 and 9557565)  (cost=371 rows=1838)
        -> Index range scan on sbtest6 using PRIMARY over (9556566 <= id <= 9557565)  (cost=371 rows=1838)


table 7 : explain SELECT c FROM sbtest7 WHERE id BETWEEN 9117968 AND 9118967 ORDER BY c
	-> Sort: sbtest7.c  (cost=378 rows=1872)
    -> Filter: (sbtest7.id between 9117968 and 9118967)  (cost=378 rows=1872)
        -> Index range scan on sbtest7 using PRIMARY over (9117968 <= id <= 9118967)  (cost=378 rows=1872)


table 8 : explain SELECT c FROM sbtest8 WHERE id BETWEEN 1059989 AND 1060988 ORDER BY c
	-> Sort: sbtest8.c  (cost=371 rows=1838)
    -> Filter: (sbtest8.id between 1059989 and 1060988)  (cost=371 rows=1838)
        -> Index range scan on sbtest8 using PRIMARY over (1059989 <= id <= 1060988)  (cost=371 rows=1838)


for: order_ranges
table 1 : explain SELECT c FROM sbtest1 WHERE id BETWEEN 5840080 AND 5841079 ORDER BY c
	-> Sort: sbtest1.c  (cost=371 rows=1838)
    -> Filter: (sbtest1.id between 5840080 and 5841079)  (cost=371 rows=1838)
        -> Index range scan on sbtest1 using PRIMARY over (5840080 <= id <= 5841079)  (cost=371 rows=1838)


table 2 : explain SELECT c FROM sbtest2 WHERE id BETWEEN 2728352 AND 2729351 ORDER BY c
	-> Sort: sbtest2.c  (cost=378 rows=1872)
    -> Filter: (sbtest2.id between 2728352 and 2729351)  (cost=378 rows=1872)
        -> Index range scan on sbtest2 using PRIMARY over (2728352 <= id <= 2729351)  (cost=378 rows=1872)


table 3 : explain SELECT c FROM sbtest3 WHERE id BETWEEN 7249575 AND 7250574 ORDER BY c
	-> Sort: sbtest3.c  (cost=371 rows=1838)
    -> Filter: (sbtest3.id between 7249575 and 7250574)  (cost=371 rows=1838)
        -> Index range scan on sbtest3 using PRIMARY over (7249575 <= id <= 7250574)  (cost=371 rows=1838)


table 4 : explain SELECT c FROM sbtest4 WHERE id BETWEEN 6621957 AND 6622956 ORDER BY c
	-> Sort: sbtest4.c  (cost=378 rows=1872)
    -> Filter: (sbtest4.id between 6621957 and 6622956)  (cost=378 rows=1872)
        -> Index range scan on sbtest4 using PRIMARY over (6621957 <= id <= 6622956)  (cost=378 rows=1872)


table 5 : explain SELECT c FROM sbtest5 WHERE id BETWEEN 9136110 AND 9137109 ORDER BY c
	-> Sort: sbtest5.c  (cost=371 rows=1838)
    -> Filter: (sbtest5.id between 9136110 and 9137109)  (cost=371 rows=1838)
        -> Index range scan on sbtest5 using PRIMARY over (9136110 <= id <= 9137109)  (cost=371 rows=1838)


table 6 : explain SELECT c FROM sbtest6 WHERE id BETWEEN 4605203 AND 4606202 ORDER BY c
	-> Sort: sbtest6.c  (cost=371 rows=1838)
    -> Filter: (sbtest6.id between 4605203 and 4606202)  (cost=371 rows=1838)
        -> Index range scan on sbtest6 using PRIMARY over (4605203 <= id <= 4606202)  (cost=371 rows=1838)


table 7 : explain SELECT c FROM sbtest7 WHERE id BETWEEN 7740411 AND 7741410 ORDER BY c
	-> Sort: sbtest7.c  (cost=371 rows=1838)
    -> Filter: (sbtest7.id between 7740411 and 7741410)  (cost=371 rows=1838)
        -> Index range scan on sbtest7 using PRIMARY over (7740411 <= id <= 7741410)  (cost=371 rows=1838)


table 8 : explain SELECT c FROM sbtest8 WHERE id BETWEEN 7139185 AND 7140184 ORDER BY c
	-> Sort: sbtest8.c  (cost=371 rows=1838)
    -> Filter: (sbtest8.id between 7139185 and 7140184)  (cost=371 rows=1838)
        -> Index range scan on sbtest8 using PRIMARY over (7139185 <= id <= 7140184)  (cost=371 rows=1838)


for: sum_ranges
table 1 : explain SELECT SUM(k) FROM sbtest1 WHERE id BETWEEN 8725186 AND 8726185
	-> Aggregate: sum(sbtest1.k)  (cost=794 rows=1)
    -> Filter: (sbtest1.id between 8725186 and 8726185)  (cost=371 rows=1838)
        -> Index range scan on sbtest1 using PRIMARY over (8725186 <= id <= 8726185)  (cost=371 rows=1838)


table 2 : explain SELECT SUM(k) FROM sbtest2 WHERE id BETWEEN 7785284 AND 7786283
	-> Aggregate: sum(sbtest2.k)  (cost=809 rows=1)
    -> Filter: (sbtest2.id between 7785284 and 7786283)  (cost=378 rows=1872)
        -> Index range scan on sbtest2 using PRIMARY over (7785284 <= id <= 7786283)  (cost=378 rows=1872)


table 3 : explain SELECT SUM(k) FROM sbtest3 WHERE id BETWEEN 6331143 AND 6332142
	-> Aggregate: sum(sbtest3.k)  (cost=794 rows=1)
    -> Filter: (sbtest3.id between 6331143 and 6332142)  (cost=371 rows=1838)
        -> Index range scan on sbtest3 using PRIMARY over (6331143 <= id <= 6332142)  (cost=371 rows=1838)


table 4 : explain SELECT SUM(k) FROM sbtest4 WHERE id BETWEEN 3897126 AND 3898125
	-> Aggregate: sum(sbtest4.k)  (cost=794 rows=1)
    -> Filter: (sbtest4.id between 3897126 and 3898125)  (cost=371 rows=1838)
        -> Index range scan on sbtest4 using PRIMARY over (3897126 <= id <= 3898125)  (cost=371 rows=1838)


table 5 : explain SELECT SUM(k) FROM sbtest5 WHERE id BETWEEN 9266899 AND 9267898
	-> Aggregate: sum(sbtest5.k)  (cost=794 rows=1)
    -> Filter: (sbtest5.id between 9266899 and 9267898)  (cost=371 rows=1838)
        -> Index range scan on sbtest5 using PRIMARY over (9266899 <= id <= 9267898)  (cost=371 rows=1838)


table 6 : explain SELECT SUM(k) FROM sbtest6 WHERE id BETWEEN 9373623 AND 9374622
	-> Aggregate: sum(sbtest6.k)  (cost=809 rows=1)
    -> Filter: (sbtest6.id between 9373623 and 9374622)  (cost=378 rows=1872)
        -> Index range scan on sbtest6 using PRIMARY over (9373623 <= id <= 9374622)  (cost=378 rows=1872)


table 7 : explain SELECT SUM(k) FROM sbtest7 WHERE id BETWEEN 8829034 AND 8830033
	-> Aggregate: sum(sbtest7.k)  (cost=809 rows=1)
    -> Filter: (sbtest7.id between 8829034 and 8830033)  (cost=378 rows=1872)
        -> Index range scan on sbtest7 using PRIMARY over (8829034 <= id <= 8830033)  (cost=378 rows=1872)


table 8 : explain SELECT SUM(k) FROM sbtest8 WHERE id BETWEEN 205262 AND 206261
	-> Aggregate: sum(sbtest8.k)  (cost=809 rows=1)
    -> Filter: (sbtest8.id between 205262 and 206261)  (cost=378 rows=1872)
        -> Index range scan on sbtest8 using PRIMARY over (205262 <= id <= 206261)  (cost=378 rows=1872)


for: order_ranges
table 1 : explain SELECT c FROM sbtest1 WHERE id BETWEEN 314663 AND 315662 ORDER BY c
	-> Sort: sbtest1.c  (cost=371 rows=1838)
    -> Filter: (sbtest1.id between 314663 and 315662)  (cost=371 rows=1838)
        -> Index range scan on sbtest1 using PRIMARY over (314663 <= id <= 315662)  (cost=371 rows=1838)


table 2 : explain SELECT c FROM sbtest2 WHERE id BETWEEN 6040841 AND 6041840 ORDER BY c
	-> Sort: sbtest2.c  (cost=371 rows=1838)
    -> Filter: (sbtest2.id between 6040841 and 6041840)  (cost=371 rows=1838)
        -> Index range scan on sbtest2 using PRIMARY over (6040841 <= id <= 6041840)  (cost=371 rows=1838)


table 3 : explain SELECT c FROM sbtest3 WHERE id BETWEEN 3449123 AND 3450122 ORDER BY c
	-> Sort: sbtest3.c  (cost=371 rows=1838)
    -> Filter: (sbtest3.id between 3449123 and 3450122)  (cost=371 rows=1838)
        -> Index range scan on sbtest3 using PRIMARY over (3449123 <= id <= 3450122)  (cost=371 rows=1838)


table 4 : explain SELECT c FROM sbtest4 WHERE id BETWEEN 8199822 AND 8200821 ORDER BY c
	-> Sort: sbtest4.c  (cost=371 rows=1838)
    -> Filter: (sbtest4.id between 8199822 and 8200821)  (cost=371 rows=1838)
        -> Index range scan on sbtest4 using PRIMARY over (8199822 <= id <= 8200821)  (cost=371 rows=1838)


table 5 : explain SELECT c FROM sbtest5 WHERE id BETWEEN 7207939 AND 7208938 ORDER BY c
	-> Sort: sbtest5.c  (cost=371 rows=1838)
    -> Filter: (sbtest5.id between 7207939 and 7208938)  (cost=371 rows=1838)
        -> Index range scan on sbtest5 using PRIMARY over (7207939 <= id <= 7208938)  (cost=371 rows=1838)


table 6 : explain SELECT c FROM sbtest6 WHERE id BETWEEN 5912172 AND 5913171 ORDER BY c
	-> Sort: sbtest6.c  (cost=378 rows=1872)
    -> Filter: (sbtest6.id between 5912172 and 5913171)  (cost=378 rows=1872)
        -> Index range scan on sbtest6 using PRIMARY over (5912172 <= id <= 5913171)  (cost=378 rows=1872)


table 7 : explain SELECT c FROM sbtest7 WHERE id BETWEEN 5611728 AND 5612727 ORDER BY c
	-> Sort: sbtest7.c  (cost=371 rows=1838)
    -> Filter: (sbtest7.id between 5611728 and 5612727)  (cost=371 rows=1838)
        -> Index range scan on sbtest7 using PRIMARY over (5611728 <= id <= 5612727)  (cost=371 rows=1838)


table 8 : explain SELECT c FROM sbtest8 WHERE id BETWEEN 5347543 AND 5348542 ORDER BY c
	-> Sort: sbtest8.c  (cost=371 rows=1838)
    -> Filter: (sbtest8.id between 5347543 and 5348542)  (cost=371 rows=1838)
        -> Index range scan on sbtest8 using PRIMARY over (5347543 <= id <= 5348542)  (cost=371 rows=1838)


for: sum_ranges
table 1 : explain SELECT SUM(k) FROM sbtest1 WHERE id BETWEEN 8467436 AND 8468435
	-> Aggregate: sum(sbtest1.k)  (cost=794 rows=1)
    -> Filter: (sbtest1.id between 8467436 and 8468435)  (cost=371 rows=1838)
        -> Index range scan on sbtest1 using PRIMARY over (8467436 <= id <= 8468435)  (cost=371 rows=1838)


table 2 : explain SELECT SUM(k) FROM sbtest2 WHERE id BETWEEN 5956084 AND 5957083
	-> Aggregate: sum(sbtest2.k)  (cost=794 rows=1)
    -> Filter: (sbtest2.id between 5956084 and 5957083)  (cost=371 rows=1838)
        -> Index range scan on sbtest2 using PRIMARY over (5956084 <= id <= 5957083)  (cost=371 rows=1838)


table 3 : explain SELECT SUM(k) FROM sbtest3 WHERE id BETWEEN 9575390 AND 9576389
	-> Aggregate: sum(sbtest3.k)  (cost=809 rows=1)
    -> Filter: (sbtest3.id between 9575390 and 9576389)  (cost=378 rows=1872)
        -> Index range scan on sbtest3 using PRIMARY over (9575390 <= id <= 9576389)  (cost=378 rows=1872)


table 4 : explain SELECT SUM(k) FROM sbtest4 WHERE id BETWEEN 2942324 AND 2943323
	-> Aggregate: sum(sbtest4.k)  (cost=809 rows=1)
    -> Filter: (sbtest4.id between 2942324 and 2943323)  (cost=378 rows=1872)
        -> Index range scan on sbtest4 using PRIMARY over (2942324 <= id <= 2943323)  (cost=378 rows=1872)


table 5 : explain SELECT SUM(k) FROM sbtest5 WHERE id BETWEEN 6893550 AND 6894549
	-> Aggregate: sum(sbtest5.k)  (cost=794 rows=1)
    -> Filter: (sbtest5.id between 6893550 and 6894549)  (cost=371 rows=1838)
        -> Index range scan on sbtest5 using PRIMARY over (6893550 <= id <= 6894549)  (cost=371 rows=1838)


table 6 : explain SELECT SUM(k) FROM sbtest6 WHERE id BETWEEN 6781667 AND 6782666
	-> Aggregate: sum(sbtest6.k)  (cost=809 rows=1)
    -> Filter: (sbtest6.id between 6781667 and 6782666)  (cost=378 rows=1872)
        -> Index range scan on sbtest6 using PRIMARY over (6781667 <= id <= 6782666)  (cost=378 rows=1872)


table 7 : explain SELECT SUM(k) FROM sbtest7 WHERE id BETWEEN 2379650 AND 2380649
	-> Aggregate: sum(sbtest7.k)  (cost=794 rows=1)
    -> Filter: (sbtest7.id between 2379650 and 2380649)  (cost=371 rows=1838)
        -> Index range scan on sbtest7 using PRIMARY over (2379650 <= id <= 2380649)  (cost=371 rows=1838)


table 8 : explain SELECT SUM(k) FROM sbtest8 WHERE id BETWEEN 4571863 AND 4572862
	-> Aggregate: sum(sbtest8.k)  (cost=794 rows=1)
    -> Filter: (sbtest8.id between 4571863 and 4572862)  (cost=371 rows=1838)
        -> Index range scan on sbtest8 using PRIMARY over (4571863 <= id <= 4572862)  (cost=371 rows=1838)


for: sum_ranges
table 1 : explain SELECT SUM(k) FROM sbtest1 WHERE id BETWEEN 2366163 AND 2367162
	-> Aggregate: sum(sbtest1.k)  (cost=794 rows=1)
    -> Filter: (sbtest1.id between 2366163 and 2367162)  (cost=371 rows=1838)
        -> Index range scan on sbtest1 using PRIMARY over (2366163 <= id <= 2367162)  (cost=371 rows=1838)


table 2 : explain SELECT SUM(k) FROM sbtest2 WHERE id BETWEEN 6535770 AND 6536769
	-> Aggregate: sum(sbtest2.k)  (cost=794 rows=1)
    -> Filter: (sbtest2.id between 6535770 and 6536769)  (cost=371 rows=1838)
        -> Index range scan on sbtest2 using PRIMARY over (6535770 <= id <= 6536769)  (cost=371 rows=1838)


table 3 : explain SELECT SUM(k) FROM sbtest3 WHERE id BETWEEN 4112079 AND 4113078
	-> Aggregate: sum(sbtest3.k)  (cost=794 rows=1)
    -> Filter: (sbtest3.id between 4112079 and 4113078)  (cost=371 rows=1838)
        -> Index range scan on sbtest3 using PRIMARY over (4112079 <= id <= 4113078)  (cost=371 rows=1838)


table 4 : explain SELECT SUM(k) FROM sbtest4 WHERE id BETWEEN 2788629 AND 2789628
	-> Aggregate: sum(sbtest4.k)  (cost=794 rows=1)
    -> Filter: (sbtest4.id between 2788629 and 2789628)  (cost=371 rows=1838)
        -> Index range scan on sbtest4 using PRIMARY over (2788629 <= id <= 2789628)  (cost=371 rows=1838)


table 5 : explain SELECT SUM(k) FROM sbtest5 WHERE id BETWEEN 1388295 AND 1389294
	-> Aggregate: sum(sbtest5.k)  (cost=809 rows=1)
    -> Filter: (sbtest5.id between 1388295 and 1389294)  (cost=378 rows=1872)
        -> Index range scan on sbtest5 using PRIMARY over (1388295 <= id <= 1389294)  (cost=378 rows=1872)


table 6 : explain SELECT SUM(k) FROM sbtest6 WHERE id BETWEEN 5638307 AND 5639306
	-> Aggregate: sum(sbtest6.k)  (cost=794 rows=1)
    -> Filter: (sbtest6.id between 5638307 and 5639306)  (cost=371 rows=1838)
        -> Index range scan on sbtest6 using PRIMARY over (5638307 <= id <= 5639306)  (cost=371 rows=1838)


table 7 : explain SELECT SUM(k) FROM sbtest7 WHERE id BETWEEN 1800919 AND 1801918
	-> Aggregate: sum(sbtest7.k)  (cost=794 rows=1)
    -> Filter: (sbtest7.id between 1800919 and 1801918)  (cost=371 rows=1838)
        -> Index range scan on sbtest7 using PRIMARY over (1800919 <= id <= 1801918)  (cost=371 rows=1838)


table 8 : explain SELECT SUM(k) FROM sbtest8 WHERE id BETWEEN 6459580 AND 6460579
	-> Aggregate: sum(sbtest8.k)  (cost=794 rows=1)
    -> Filter: (sbtest8.id between 6459580 and 6460579)  (cost=371 rows=1838)
        -> Index range scan on sbtest8 using PRIMARY over (6459580 <= id <= 6460579)  (cost=371 rows=1838)


for: order_ranges
table 1 : explain SELECT c FROM sbtest1 WHERE id BETWEEN 2681887 AND 2682886 ORDER BY c
	-> Sort: sbtest1.c  (cost=371 rows=1838)
    -> Filter: (sbtest1.id between 2681887 and 2682886)  (cost=371 rows=1838)
        -> Index range scan on sbtest1 using PRIMARY over (2681887 <= id <= 2682886)  (cost=371 rows=1838)


table 2 : explain SELECT c FROM sbtest2 WHERE id BETWEEN 3986174 AND 3987173 ORDER BY c
	-> Sort: sbtest2.c  (cost=371 rows=1838)
    -> Filter: (sbtest2.id between 3986174 and 3987173)  (cost=371 rows=1838)
        -> Index range scan on sbtest2 using PRIMARY over (3986174 <= id <= 3987173)  (cost=371 rows=1838)


table 3 : explain SELECT c FROM sbtest3 WHERE id BETWEEN 4719667 AND 4720666 ORDER BY c
	-> Sort: sbtest3.c  (cost=371 rows=1838)
    -> Filter: (sbtest3.id between 4719667 and 4720666)  (cost=371 rows=1838)
        -> Index range scan on sbtest3 using PRIMARY over (4719667 <= id <= 4720666)  (cost=371 rows=1838)


table 4 : explain SELECT c FROM sbtest4 WHERE id BETWEEN 5056278 AND 5057277 ORDER BY c
	-> Sort: sbtest4.c  (cost=371 rows=1838)
    -> Filter: (sbtest4.id between 5056278 and 5057277)  (cost=371 rows=1838)
        -> Index range scan on sbtest4 using PRIMARY over (5056278 <= id <= 5057277)  (cost=371 rows=1838)


table 5 : explain SELECT c FROM sbtest5 WHERE id BETWEEN 6376583 AND 6377582 ORDER BY c
	-> Sort: sbtest5.c  (cost=371 rows=1838)
    -> Filter: (sbtest5.id between 6376583 and 6377582)  (cost=371 rows=1838)
        -> Index range scan on sbtest5 using PRIMARY over (6376583 <= id <= 6377582)  (cost=371 rows=1838)


table 6 : explain SELECT c FROM sbtest6 WHERE id BETWEEN 2027885 AND 2028884 ORDER BY c
	-> Sort: sbtest6.c  (cost=371 rows=1838)
    -> Filter: (sbtest6.id between 2027885 and 2028884)  (cost=371 rows=1838)
        -> Index range scan on sbtest6 using PRIMARY over (2027885 <= id <= 2028884)  (cost=371 rows=1838)


table 7 : explain SELECT c FROM sbtest7 WHERE id BETWEEN 3754422 AND 3755421 ORDER BY c
	-> Sort: sbtest7.c  (cost=371 rows=1838)
    -> Filter: (sbtest7.id between 3754422 and 3755421)  (cost=371 rows=1838)
        -> Index range scan on sbtest7 using PRIMARY over (3754422 <= id <= 3755421)  (cost=371 rows=1838)


table 8 : explain SELECT c FROM sbtest8 WHERE id BETWEEN 467132 AND 468131 ORDER BY c
	-> Sort: sbtest8.c  (cost=371 rows=1838)
    -> Filter: (sbtest8.id between 467132 and 468131)  (cost=371 rows=1838)
        -> Index range scan on sbtest8 using PRIMARY over (467132 <= id <= 468131)  (cost=371 rows=1838)


for: sum_ranges
table 1 : explain SELECT SUM(k) FROM sbtest1 WHERE id BETWEEN 6793886 AND 6794885
	-> Aggregate: sum(sbtest1.k)  (cost=794 rows=1)
    -> Filter: (sbtest1.id between 6793886 and 6794885)  (cost=371 rows=1838)
        -> Index range scan on sbtest1 using PRIMARY over (6793886 <= id <= 6794885)  (cost=371 rows=1838)


table 2 : explain SELECT SUM(k) FROM sbtest2 WHERE id BETWEEN 81599 AND 82598
	-> Aggregate: sum(sbtest2.k)  (cost=809 rows=1)
    -> Filter: (sbtest2.id between 81599 and 82598)  (cost=378 rows=1872)
        -> Index range scan on sbtest2 using PRIMARY over (81599 <= id <= 82598)  (cost=378 rows=1872)


table 3 : explain SELECT SUM(k) FROM sbtest3 WHERE id BETWEEN 67766 AND 68765
	-> Aggregate: sum(sbtest3.k)  (cost=794 rows=1)
    -> Filter: (sbtest3.id between 67766 and 68765)  (cost=371 rows=1838)
        -> Index range scan on sbtest3 using PRIMARY over (67766 <= id <= 68765)  (cost=371 rows=1838)


table 4 : explain SELECT SUM(k) FROM sbtest4 WHERE id BETWEEN 5006475 AND 5007474
	-> Aggregate: sum(sbtest4.k)  (cost=794 rows=1)
    -> Filter: (sbtest4.id between 5006475 and 5007474)  (cost=371 rows=1838)
        -> Index range scan on sbtest4 using PRIMARY over (5006475 <= id <= 5007474)  (cost=371 rows=1838)


table 5 : explain SELECT SUM(k) FROM sbtest5 WHERE id BETWEEN 1605180 AND 1606179
	-> Aggregate: sum(sbtest5.k)  (cost=809 rows=1)
    -> Filter: (sbtest5.id between 1605180 and 1606179)  (cost=378 rows=1872)
        -> Index range scan on sbtest5 using PRIMARY over (1605180 <= id <= 1606179)  (cost=378 rows=1872)


table 6 : explain SELECT SUM(k) FROM sbtest6 WHERE id BETWEEN 5321562 AND 5322561
	-> Aggregate: sum(sbtest6.k)  (cost=794 rows=1)
    -> Filter: (sbtest6.id between 5321562 and 5322561)  (cost=371 rows=1838)
        -> Index range scan on sbtest6 using PRIMARY over (5321562 <= id <= 5322561)  (cost=371 rows=1838)


table 7 : explain SELECT SUM(k) FROM sbtest7 WHERE id BETWEEN 8164081 AND 8165080
	-> Aggregate: sum(sbtest7.k)  (cost=809 rows=1)
    -> Filter: (sbtest7.id between 8164081 and 8165080)  (cost=378 rows=1872)
        -> Index range scan on sbtest7 using PRIMARY over (8164081 <= id <= 8165080)  (cost=378 rows=1872)


table 8 : explain SELECT SUM(k) FROM sbtest8 WHERE id BETWEEN 25124 AND 26123
	-> Aggregate: sum(sbtest8.k)  (cost=794 rows=1)
    -> Filter: (sbtest8.id between 25124 and 26123)  (cost=371 rows=1838)
        -> Index range scan on sbtest8 using PRIMARY over (25124 <= id <= 26123)  (cost=371 rows=1838)


for: sum_ranges
table 1 : explain SELECT SUM(k) FROM sbtest1 WHERE id BETWEEN 8246861 AND 8247860
	-> Aggregate: sum(sbtest1.k)  (cost=809 rows=1)
    -> Filter: (sbtest1.id between 8246861 and 8247860)  (cost=378 rows=1872)
        -> Index range scan on sbtest1 using PRIMARY over (8246861 <= id <= 8247860)  (cost=378 rows=1872)


table 2 : explain SELECT SUM(k) FROM sbtest2 WHERE id BETWEEN 5362886 AND 5363885
	-> Aggregate: sum(sbtest2.k)  (cost=794 rows=1)
    -> Filter: (sbtest2.id between 5362886 and 5363885)  (cost=371 rows=1838)
        -> Index range scan on sbtest2 using PRIMARY over (5362886 <= id <= 5363885)  (cost=371 rows=1838)


table 3 : explain SELECT SUM(k) FROM sbtest3 WHERE id BETWEEN 9308740 AND 9309739
	-> Aggregate: sum(sbtest3.k)  (cost=794 rows=1)
    -> Filter: (sbtest3.id between 9308740 and 9309739)  (cost=371 rows=1838)
        -> Index range scan on sbtest3 using PRIMARY over (9308740 <= id <= 9309739)  (cost=371 rows=1838)


table 4 : explain SELECT SUM(k) FROM sbtest4 WHERE id BETWEEN 8915150 AND 8916149
	-> Aggregate: sum(sbtest4.k)  (cost=794 rows=1)
    -> Filter: (sbtest4.id between 8915150 and 8916149)  (cost=371 rows=1838)
        -> Index range scan on sbtest4 using PRIMARY over (8915150 <= id <= 8916149)  (cost=371 rows=1838)


table 5 : explain SELECT SUM(k) FROM sbtest5 WHERE id BETWEEN 668445 AND 669444
	-> Aggregate: sum(sbtest5.k)  (cost=809 rows=1)
    -> Filter: (sbtest5.id between 668445 and 669444)  (cost=378 rows=1872)
        -> Index range scan on sbtest5 using PRIMARY over (668445 <= id <= 669444)  (cost=378 rows=1872)


table 6 : explain SELECT SUM(k) FROM sbtest6 WHERE id BETWEEN 3942756 AND 3943755
	-> Aggregate: sum(sbtest6.k)  (cost=794 rows=1)
    -> Filter: (sbtest6.id between 3942756 and 3943755)  (cost=371 rows=1838)
        -> Index range scan on sbtest6 using PRIMARY over (3942756 <= id <= 3943755)  (cost=371 rows=1838)


table 7 : explain SELECT SUM(k) FROM sbtest7 WHERE id BETWEEN 5010963 AND 5011962
	-> Aggregate: sum(sbtest7.k)  (cost=794 rows=1)
    -> Filter: (sbtest7.id between 5010963 and 5011962)  (cost=371 rows=1838)
        -> Index range scan on sbtest7 using PRIMARY over (5010963 <= id <= 5011962)  (cost=371 rows=1838)


table 8 : explain SELECT SUM(k) FROM sbtest8 WHERE id BETWEEN 7210832 AND 7211831
	-> Aggregate: sum(sbtest8.k)  (cost=809 rows=1)
    -> Filter: (sbtest8.id between 7210832 and 7211831)  (cost=378 rows=1872)
        -> Index range scan on sbtest8 using PRIMARY over (7210832 <= id <= 7211831)  (cost=378 rows=1872)


for: sum_ranges
table 1 : explain SELECT SUM(k) FROM sbtest1 WHERE id BETWEEN 6241590 AND 6242589
	-> Aggregate: sum(sbtest1.k)  (cost=794 rows=1)
    -> Filter: (sbtest1.id between 6241590 and 6242589)  (cost=371 rows=1838)
        -> Index range scan on sbtest1 using PRIMARY over (6241590 <= id <= 6242589)  (cost=371 rows=1838)


table 2 : explain SELECT SUM(k) FROM sbtest2 WHERE id BETWEEN 8563941 AND 8564940
	-> Aggregate: sum(sbtest2.k)  (cost=794 rows=1)
    -> Filter: (sbtest2.id between 8563941 and 8564940)  (cost=371 rows=1838)
        -> Index range scan on sbtest2 using PRIMARY over (8563941 <= id <= 8564940)  (cost=371 rows=1838)


table 3 : explain SELECT SUM(k) FROM sbtest3 WHERE id BETWEEN 5337082 AND 5338081
	-> Aggregate: sum(sbtest3.k)  (cost=809 rows=1)
    -> Filter: (sbtest3.id between 5337082 and 5338081)  (cost=378 rows=1872)
        -> Index range scan on sbtest3 using PRIMARY over (5337082 <= id <= 5338081)  (cost=378 rows=1872)


table 4 : explain SELECT SUM(k) FROM sbtest4 WHERE id BETWEEN 40243 AND 41242
	-> Aggregate: sum(sbtest4.k)  (cost=794 rows=1)
    -> Filter: (sbtest4.id between 40243 and 41242)  (cost=371 rows=1838)
        -> Index range scan on sbtest4 using PRIMARY over (40243 <= id <= 41242)  (cost=371 rows=1838)


table 5 : explain SELECT SUM(k) FROM sbtest5 WHERE id BETWEEN 7582344 AND 7583343
	-> Aggregate: sum(sbtest5.k)  (cost=809 rows=1)
    -> Filter: (sbtest5.id between 7582344 and 7583343)  (cost=378 rows=1872)
        -> Index range scan on sbtest5 using PRIMARY over (7582344 <= id <= 7583343)  (cost=378 rows=1872)


table 6 : explain SELECT SUM(k) FROM sbtest6 WHERE id BETWEEN 8522601 AND 8523600
	-> Aggregate: sum(sbtest6.k)  (cost=794 rows=1)
    -> Filter: (sbtest6.id between 8522601 and 8523600)  (cost=371 rows=1838)
        -> Index range scan on sbtest6 using PRIMARY over (8522601 <= id <= 8523600)  (cost=371 rows=1838)


table 7 : explain SELECT SUM(k) FROM sbtest7 WHERE id BETWEEN 4665807 AND 4666806
	-> Aggregate: sum(sbtest7.k)  (cost=794 rows=1)
    -> Filter: (sbtest7.id between 4665807 and 4666806)  (cost=371 rows=1838)
        -> Index range scan on sbtest7 using PRIMARY over (4665807 <= id <= 4666806)  (cost=371 rows=1838)


table 8 : explain SELECT SUM(k) FROM sbtest8 WHERE id BETWEEN 8839044 AND 8840043
	-> Aggregate: sum(sbtest8.k)  (cost=809 rows=1)
    -> Filter: (sbtest8.id between 8839044 and 8840043)  (cost=378 rows=1872)
        -> Index range scan on sbtest8 using PRIMARY over (8839044 <= id <= 8840043)  (cost=378 rows=1872)


for: sum_ranges
table 1 : explain SELECT SUM(k) FROM sbtest1 WHERE id BETWEEN 7871980 AND 7872979
	-> Aggregate: sum(sbtest1.k)  (cost=794 rows=1)
    -> Filter: (sbtest1.id between 7871980 and 7872979)  (cost=371 rows=1838)
        -> Index range scan on sbtest1 using PRIMARY over (7871980 <= id <= 7872979)  (cost=371 rows=1838)


table 2 : explain SELECT SUM(k) FROM sbtest2 WHERE id BETWEEN 7964456 AND 7965455
	-> Aggregate: sum(sbtest2.k)  (cost=794 rows=1)
    -> Filter: (sbtest2.id between 7964456 and 7965455)  (cost=371 rows=1838)
        -> Index range scan on sbtest2 using PRIMARY over (7964456 <= id <= 7965455)  (cost=371 rows=1838)


table 3 : explain SELECT SUM(k) FROM sbtest3 WHERE id BETWEEN 488930 AND 489929
	-> Aggregate: sum(sbtest3.k)  (cost=809 rows=1)
    -> Filter: (sbtest3.id between 488930 and 489929)  (cost=378 rows=1872)
        -> Index range scan on sbtest3 using PRIMARY over (488930 <= id <= 489929)  (cost=378 rows=1872)


table 4 : explain SELECT SUM(k) FROM sbtest4 WHERE id BETWEEN 8047842 AND 8048841
	-> Aggregate: sum(sbtest4.k)  (cost=794 rows=1)
    -> Filter: (sbtest4.id between 8047842 and 8048841)  (cost=371 rows=1838)
        -> Index range scan on sbtest4 using PRIMARY over (8047842 <= id <= 8048841)  (cost=371 rows=1838)


table 5 : explain SELECT SUM(k) FROM sbtest5 WHERE id BETWEEN 4410243 AND 4411242
	-> Aggregate: sum(sbtest5.k)  (cost=794 rows=1)
    -> Filter: (sbtest5.id between 4410243 and 4411242)  (cost=371 rows=1838)
        -> Index range scan on sbtest5 using PRIMARY over (4410243 <= id <= 4411242)  (cost=371 rows=1838)


table 6 : explain SELECT SUM(k) FROM sbtest6 WHERE id BETWEEN 1187264 AND 1188263
	-> Aggregate: sum(sbtest6.k)  (cost=794 rows=1)
    -> Filter: (sbtest6.id between 1187264 and 1188263)  (cost=371 rows=1838)
        -> Index range scan on sbtest6 using PRIMARY over (1187264 <= id <= 1188263)  (cost=371 rows=1838)


table 7 : explain SELECT SUM(k) FROM sbtest7 WHERE id BETWEEN 3750385 AND 3751384
	-> Aggregate: sum(sbtest7.k)  (cost=794 rows=1)
    -> Filter: (sbtest7.id between 3750385 and 3751384)  (cost=371 rows=1838)
        -> Index range scan on sbtest7 using PRIMARY over (3750385 <= id <= 3751384)  (cost=371 rows=1838)


table 8 : explain SELECT SUM(k) FROM sbtest8 WHERE id BETWEEN 1602901 AND 1603900
	-> Aggregate: sum(sbtest8.k)  (cost=809 rows=1)
    -> Filter: (sbtest8.id between 1602901 and 1603900)  (cost=378 rows=1872)
        -> Index range scan on sbtest8 using PRIMARY over (1602901 <= id <= 1603900)  (cost=378 rows=1872)


for: sum_ranges
table 1 : explain SELECT SUM(k) FROM sbtest1 WHERE id BETWEEN 3893603 AND 3894602
	-> Aggregate: sum(sbtest1.k)  (cost=794 rows=1)
    -> Filter: (sbtest1.id between 3893603 and 3894602)  (cost=371 rows=1838)
        -> Index range scan on sbtest1 using PRIMARY over (3893603 <= id <= 3894602)  (cost=371 rows=1838)


table 2 : explain SELECT SUM(k) FROM sbtest2 WHERE id BETWEEN 758748 AND 759747
	-> Aggregate: sum(sbtest2.k)  (cost=809 rows=1)
    -> Filter: (sbtest2.id between 758748 and 759747)  (cost=378 rows=1872)
        -> Index range scan on sbtest2 using PRIMARY over (758748 <= id <= 759747)  (cost=378 rows=1872)


table 3 : explain SELECT SUM(k) FROM sbtest3 WHERE id BETWEEN 16748 AND 17747
	-> Aggregate: sum(sbtest3.k)  (cost=794 rows=1)
    -> Filter: (sbtest3.id between 16748 and 17747)  (cost=371 rows=1838)
        -> Index range scan on sbtest3 using PRIMARY over (16748 <= id <= 17747)  (cost=371 rows=1838)


table 4 : explain SELECT SUM(k) FROM sbtest4 WHERE id BETWEEN 9883331 AND 9884330
	-> Aggregate: sum(sbtest4.k)  (cost=794 rows=1)
    -> Filter: (sbtest4.id between 9883331 and 9884330)  (cost=371 rows=1838)
        -> Index range scan on sbtest4 using PRIMARY over (9883331 <= id <= 9884330)  (cost=371 rows=1838)


table 5 : explain SELECT SUM(k) FROM sbtest5 WHERE id BETWEEN 3979997 AND 3980996
	-> Aggregate: sum(sbtest5.k)  (cost=795 rows=1)
    -> Filter: (sbtest5.id between 3979997 and 3980996)  (cost=371 rows=1840)
        -> Index range scan on sbtest5 using PRIMARY over (3979997 <= id <= 3980996)  (cost=371 rows=1840)


table 6 : explain SELECT SUM(k) FROM sbtest6 WHERE id BETWEEN 2236931 AND 2237930
	-> Aggregate: sum(sbtest6.k)  (cost=794 rows=1)
    -> Filter: (sbtest6.id between 2236931 and 2237930)  (cost=371 rows=1838)
        -> Index range scan on sbtest6 using PRIMARY over (2236931 <= id <= 2237930)  (cost=371 rows=1838)


table 7 : explain SELECT SUM(k) FROM sbtest7 WHERE id BETWEEN 1050444 AND 1051443
	-> Aggregate: sum(sbtest7.k)  (cost=809 rows=1)
    -> Filter: (sbtest7.id between 1050444 and 1051443)  (cost=378 rows=1872)
        -> Index range scan on sbtest7 using PRIMARY over (1050444 <= id <= 1051443)  (cost=378 rows=1872)


table 8 : explain SELECT SUM(k) FROM sbtest8 WHERE id BETWEEN 249163 AND 250162
	-> Aggregate: sum(sbtest8.k)  (cost=794 rows=1)
    -> Filter: (sbtest8.id between 249163 and 250162)  (cost=371 rows=1838)
        -> Index range scan on sbtest8 using PRIMARY over (249163 <= id <= 250162)  (cost=371 rows=1838)


for: order_ranges
table 1 : explain SELECT c FROM sbtest1 WHERE id BETWEEN 3460279 AND 3461278 ORDER BY c
	-> Sort: sbtest1.c  (cost=371 rows=1838)
    -> Filter: (sbtest1.id between 3460279 and 3461278)  (cost=371 rows=1838)
        -> Index range scan on sbtest1 using PRIMARY over (3460279 <= id <= 3461278)  (cost=371 rows=1838)


table 2 : explain SELECT c FROM sbtest2 WHERE id BETWEEN 9170990 AND 9171989 ORDER BY c
	-> Sort: sbtest2.c  (cost=371 rows=1838)
    -> Filter: (sbtest2.id between 9170990 and 9171989)  (cost=371 rows=1838)
        -> Index range scan on sbtest2 using PRIMARY over (9170990 <= id <= 9171989)  (cost=371 rows=1838)


table 3 : explain SELECT c FROM sbtest3 WHERE id BETWEEN 5901976 AND 5902975 ORDER BY c
	-> Sort: sbtest3.c  (cost=371 rows=1838)
    -> Filter: (sbtest3.id between 5901976 and 5902975)  (cost=371 rows=1838)
        -> Index range scan on sbtest3 using PRIMARY over (5901976 <= id <= 5902975)  (cost=371 rows=1838)


table 4 : explain SELECT c FROM sbtest4 WHERE id BETWEEN 7214834 AND 7215833 ORDER BY c
	-> Sort: sbtest4.c  (cost=371 rows=1838)
    -> Filter: (sbtest4.id between 7214834 and 7215833)  (cost=371 rows=1838)
        -> Index range scan on sbtest4 using PRIMARY over (7214834 <= id <= 7215833)  (cost=371 rows=1838)


table 5 : explain SELECT c FROM sbtest5 WHERE id BETWEEN 1132160 AND 1133159 ORDER BY c
	-> Sort: sbtest5.c  (cost=371 rows=1838)
    -> Filter: (sbtest5.id between 1132160 and 1133159)  (cost=371 rows=1838)
        -> Index range scan on sbtest5 using PRIMARY over (1132160 <= id <= 1133159)  (cost=371 rows=1838)


table 6 : explain SELECT c FROM sbtest6 WHERE id BETWEEN 5411116 AND 5412115 ORDER BY c
	-> Sort: sbtest6.c  (cost=371 rows=1838)
    -> Filter: (sbtest6.id between 5411116 and 5412115)  (cost=371 rows=1838)
        -> Index range scan on sbtest6 using PRIMARY over (5411116 <= id <= 5412115)  (cost=371 rows=1838)


table 7 : explain SELECT c FROM sbtest7 WHERE id BETWEEN 1663419 AND 1664418 ORDER BY c
	-> Sort: sbtest7.c  (cost=378 rows=1872)
    -> Filter: (sbtest7.id between 1663419 and 1664418)  (cost=378 rows=1872)
        -> Index range scan on sbtest7 using PRIMARY over (1663419 <= id <= 1664418)  (cost=378 rows=1872)


table 8 : explain SELECT c FROM sbtest8 WHERE id BETWEEN 10358 AND 11357 ORDER BY c
	-> Sort: sbtest8.c  (cost=371 rows=1838)
    -> Filter: (sbtest8.id between 10358 and 11357)  (cost=371 rows=1838)
        -> Index range scan on sbtest8 using PRIMARY over (10358 <= id <= 11357)  (cost=371 rows=1838)


for: order_ranges
table 1 : explain SELECT c FROM sbtest1 WHERE id BETWEEN 5183168 AND 5184167 ORDER BY c
	-> Sort: sbtest1.c  (cost=371 rows=1838)
    -> Filter: (sbtest1.id between 5183168 and 5184167)  (cost=371 rows=1838)
        -> Index range scan on sbtest1 using PRIMARY over (5183168 <= id <= 5184167)  (cost=371 rows=1838)


table 2 : explain SELECT c FROM sbtest2 WHERE id BETWEEN 657095 AND 658094 ORDER BY c
	-> Sort: sbtest2.c  (cost=371 rows=1838)
    -> Filter: (sbtest2.id between 657095 and 658094)  (cost=371 rows=1838)
        -> Index range scan on sbtest2 using PRIMARY over (657095 <= id <= 658094)  (cost=371 rows=1838)


table 3 : explain SELECT c FROM sbtest3 WHERE id BETWEEN 6315230 AND 6316229 ORDER BY c
	-> Sort: sbtest3.c  (cost=371 rows=1838)
    -> Filter: (sbtest3.id between 6315230 and 6316229)  (cost=371 rows=1838)
        -> Index range scan on sbtest3 using PRIMARY over (6315230 <= id <= 6316229)  (cost=371 rows=1838)


table 4 : explain SELECT c FROM sbtest4 WHERE id BETWEEN 1661146 AND 1662145 ORDER BY c
	-> Sort: sbtest4.c  (cost=371 rows=1838)
    -> Filter: (sbtest4.id between 1661146 and 1662145)  (cost=371 rows=1838)
        -> Index range scan on sbtest4 using PRIMARY over (1661146 <= id <= 1662145)  (cost=371 rows=1838)


table 5 : explain SELECT c FROM sbtest5 WHERE id BETWEEN 8365089 AND 8366088 ORDER BY c
	-> Sort: sbtest5.c  (cost=371 rows=1838)
    -> Filter: (sbtest5.id between 8365089 and 8366088)  (cost=371 rows=1838)
        -> Index range scan on sbtest5 using PRIMARY over (8365089 <= id <= 8366088)  (cost=371 rows=1838)


table 6 : explain SELECT c FROM sbtest6 WHERE id BETWEEN 3288307 AND 3289306 ORDER BY c
	-> Sort: sbtest6.c  (cost=371 rows=1838)
    -> Filter: (sbtest6.id between 3288307 and 3289306)  (cost=371 rows=1838)
        -> Index range scan on sbtest6 using PRIMARY over (3288307 <= id <= 3289306)  (cost=371 rows=1838)


table 7 : explain SELECT c FROM sbtest7 WHERE id BETWEEN 9979050 AND 9980049 ORDER BY c
	-> Sort: sbtest7.c  (cost=371 rows=1838)
    -> Filter: (sbtest7.id between 9979050 and 9980049)  (cost=371 rows=1838)
        -> Index range scan on sbtest7 using PRIMARY over (9979050 <= id <= 9980049)  (cost=371 rows=1838)


table 8 : explain SELECT c FROM sbtest8 WHERE id BETWEEN 8843056 AND 8844055 ORDER BY c
	-> Sort: sbtest8.c  (cost=378 rows=1872)
    -> Filter: (sbtest8.id between 8843056 and 8844055)  (cost=378 rows=1872)
        -> Index range scan on sbtest8 using PRIMARY over (8843056 <= id <= 8844055)  (cost=378 rows=1872)


for: order_ranges
table 1 : explain SELECT c FROM sbtest1 WHERE id BETWEEN 7817835 AND 7818834 ORDER BY c
	-> Sort: sbtest1.c  (cost=378 rows=1872)
    -> Filter: (sbtest1.id between 7817835 and 7818834)  (cost=378 rows=1872)
        -> Index range scan on sbtest1 using PRIMARY over (7817835 <= id <= 7818834)  (cost=378 rows=1872)


table 2 : explain SELECT c FROM sbtest2 WHERE id BETWEEN 2108081 AND 2109080 ORDER BY c
	-> Sort: sbtest2.c  (cost=371 rows=1838)
    -> Filter: (sbtest2.id between 2108081 and 2109080)  (cost=371 rows=1838)
        -> Index range scan on sbtest2 using PRIMARY over (2108081 <= id <= 2109080)  (cost=371 rows=1838)


table 3 : explain SELECT c FROM sbtest3 WHERE id BETWEEN 5419433 AND 5420432 ORDER BY c
	-> Sort: sbtest3.c  (cost=378 rows=1872)
    -> Filter: (sbtest3.id between 5419433 and 5420432)  (cost=378 rows=1872)
        -> Index range scan on sbtest3 using PRIMARY over (5419433 <= id <= 5420432)  (cost=378 rows=1872)


table 4 : explain SELECT c FROM sbtest4 WHERE id BETWEEN 5623382 AND 5624381 ORDER BY c
	-> Sort: sbtest4.c  (cost=378 rows=1872)
    -> Filter: (sbtest4.id between 5623382 and 5624381)  (cost=378 rows=1872)
        -> Index range scan on sbtest4 using PRIMARY over (5623382 <= id <= 5624381)  (cost=378 rows=1872)


table 5 : explain SELECT c FROM sbtest5 WHERE id BETWEEN 5890836 AND 5891835 ORDER BY c
	-> Sort: sbtest5.c  (cost=371 rows=1838)
    -> Filter: (sbtest5.id between 5890836 and 5891835)  (cost=371 rows=1838)
        -> Index range scan on sbtest5 using PRIMARY over (5890836 <= id <= 5891835)  (cost=371 rows=1838)


table 6 : explain SELECT c FROM sbtest6 WHERE id BETWEEN 4936209 AND 4937208 ORDER BY c
	-> Sort: sbtest6.c  (cost=371 rows=1838)
    -> Filter: (sbtest6.id between 4936209 and 4937208)  (cost=371 rows=1838)
        -> Index range scan on sbtest6 using PRIMARY over (4936209 <= id <= 4937208)  (cost=371 rows=1838)


table 7 : explain SELECT c FROM sbtest7 WHERE id BETWEEN 2207728 AND 2208727 ORDER BY c
	-> Sort: sbtest7.c  (cost=371 rows=1838)
    -> Filter: (sbtest7.id between 2207728 and 2208727)  (cost=371 rows=1838)
        -> Index range scan on sbtest7 using PRIMARY over (2207728 <= id <= 2208727)  (cost=371 rows=1838)


table 8 : explain SELECT c FROM sbtest8 WHERE id BETWEEN 7161613 AND 7162612 ORDER BY c
	-> Sort: sbtest8.c  (cost=371 rows=1838)
    -> Filter: (sbtest8.id between 7161613 and 7162612)  (cost=371 rows=1838)
        -> Index range scan on sbtest8 using PRIMARY over (7161613 <= id <= 7162612)  (cost=371 rows=1838)


for: order_ranges
table 1 : explain SELECT c FROM sbtest1 WHERE id BETWEEN 8833308 AND 8834307 ORDER BY c
	-> Sort: sbtest1.c  (cost=371 rows=1838)
    -> Filter: (sbtest1.id between 8833308 and 8834307)  (cost=371 rows=1838)
        -> Index range scan on sbtest1 using PRIMARY over (8833308 <= id <= 8834307)  (cost=371 rows=1838)


table 2 : explain SELECT c FROM sbtest2 WHERE id BETWEEN 4149343 AND 4150342 ORDER BY c
	-> Sort: sbtest2.c  (cost=371 rows=1838)
    -> Filter: (sbtest2.id between 4149343 and 4150342)  (cost=371 rows=1838)
        -> Index range scan on sbtest2 using PRIMARY over (4149343 <= id <= 4150342)  (cost=371 rows=1838)


table 3 : explain SELECT c FROM sbtest3 WHERE id BETWEEN 4669692 AND 4670691 ORDER BY c
	-> Sort: sbtest3.c  (cost=371 rows=1838)
    -> Filter: (sbtest3.id between 4669692 and 4670691)  (cost=371 rows=1838)
        -> Index range scan on sbtest3 using PRIMARY over (4669692 <= id <= 4670691)  (cost=371 rows=1838)


table 4 : explain SELECT c FROM sbtest4 WHERE id BETWEEN 2955116 AND 2956115 ORDER BY c
	-> Sort: sbtest4.c  (cost=371 rows=1838)
    -> Filter: (sbtest4.id between 2955116 and 2956115)  (cost=371 rows=1838)
        -> Index range scan on sbtest4 using PRIMARY over (2955116 <= id <= 2956115)  (cost=371 rows=1838)


table 5 : explain SELECT c FROM sbtest5 WHERE id BETWEEN 9157072 AND 9158071 ORDER BY c
	-> Sort: sbtest5.c  (cost=371 rows=1838)
    -> Filter: (sbtest5.id between 9157072 and 9158071)  (cost=371 rows=1838)
        -> Index range scan on sbtest5 using PRIMARY over (9157072 <= id <= 9158071)  (cost=371 rows=1838)


table 6 : explain SELECT c FROM sbtest6 WHERE id BETWEEN 7754252 AND 7755251 ORDER BY c
	-> Sort: sbtest6.c  (cost=378 rows=1872)
    -> Filter: (sbtest6.id between 7754252 and 7755251)  (cost=378 rows=1872)
        -> Index range scan on sbtest6 using PRIMARY over (7754252 <= id <= 7755251)  (cost=378 rows=1872)


table 7 : explain SELECT c FROM sbtest7 WHERE id BETWEEN 865437 AND 866436 ORDER BY c
	-> Sort: sbtest7.c  (cost=371 rows=1838)
    -> Filter: (sbtest7.id between 865437 and 866436)  (cost=371 rows=1838)
        -> Index range scan on sbtest7 using PRIMARY over (865437 <= id <= 866436)  (cost=371 rows=1838)


table 8 : explain SELECT c FROM sbtest8 WHERE id BETWEEN 4972726 AND 4973725 ORDER BY c
	-> Sort: sbtest8.c  (cost=378 rows=1872)
    -> Filter: (sbtest8.id between 4972726 and 4973725)  (cost=378 rows=1872)
        -> Index range scan on sbtest8 using PRIMARY over (4972726 <= id <= 4973725)  (cost=378 rows=1872)


for: order_ranges
table 1 : explain SELECT c FROM sbtest1 WHERE id BETWEEN 4510608 AND 4511607 ORDER BY c
	-> Sort: sbtest1.c  (cost=371 rows=1838)
    -> Filter: (sbtest1.id between 4510608 and 4511607)  (cost=371 rows=1838)
        -> Index range scan on sbtest1 using PRIMARY over (4510608 <= id <= 4511607)  (cost=371 rows=1838)


table 2 : explain SELECT c FROM sbtest2 WHERE id BETWEEN 6644740 AND 6645739 ORDER BY c
	-> Sort: sbtest2.c  (cost=371 rows=1838)
    -> Filter: (sbtest2.id between 6644740 and 6645739)  (cost=371 rows=1838)
        -> Index range scan on sbtest2 using PRIMARY over (6644740 <= id <= 6645739)  (cost=371 rows=1838)


table 3 : explain SELECT c FROM sbtest3 WHERE id BETWEEN 702934 AND 703933 ORDER BY c
	-> Sort: sbtest3.c  (cost=371 rows=1838)
    -> Filter: (sbtest3.id between 702934 and 703933)  (cost=371 rows=1838)
        -> Index range scan on sbtest3 using PRIMARY over (702934 <= id <= 703933)  (cost=371 rows=1838)


table 4 : explain SELECT c FROM sbtest4 WHERE id BETWEEN 4882292 AND 4883291 ORDER BY c
	-> Sort: sbtest4.c  (cost=378 rows=1872)
    -> Filter: (sbtest4.id between 4882292 and 4883291)  (cost=378 rows=1872)
        -> Index range scan on sbtest4 using PRIMARY over (4882292 <= id <= 4883291)  (cost=378 rows=1872)


table 5 : explain SELECT c FROM sbtest5 WHERE id BETWEEN 6002959 AND 6003958 ORDER BY c
	-> Sort: sbtest5.c  (cost=371 rows=1838)
    -> Filter: (sbtest5.id between 6002959 and 6003958)  (cost=371 rows=1838)
        -> Index range scan on sbtest5 using PRIMARY over (6002959 <= id <= 6003958)  (cost=371 rows=1838)


table 6 : explain SELECT c FROM sbtest6 WHERE id BETWEEN 6606430 AND 6607429 ORDER BY c
	-> Sort: sbtest6.c  (cost=371 rows=1838)
    -> Filter: (sbtest6.id between 6606430 and 6607429)  (cost=371 rows=1838)
        -> Index range scan on sbtest6 using PRIMARY over (6606430 <= id <= 6607429)  (cost=371 rows=1838)


table 7 : explain SELECT c FROM sbtest7 WHERE id BETWEEN 4056759 AND 4057758 ORDER BY c
	-> Sort: sbtest7.c  (cost=371 rows=1838)
    -> Filter: (sbtest7.id between 4056759 and 4057758)  (cost=371 rows=1838)
        -> Index range scan on sbtest7 using PRIMARY over (4056759 <= id <= 4057758)  (cost=371 rows=1838)


table 8 : explain SELECT c FROM sbtest8 WHERE id BETWEEN 8888170 AND 8889169 ORDER BY c
	-> Sort: sbtest8.c  (cost=378 rows=1872)
    -> Filter: (sbtest8.id between 8888170 and 8889169)  (cost=378 rows=1872)
        -> Index range scan on sbtest8 using PRIMARY over (8888170 <= id <= 8889169)  (cost=378 rows=1872)

for: order_ranges
table 1 : explain SELECT c FROM sbtest1 WHERE id BETWEEN 2218738 AND 2219737 ORDER BY c
	-> Sort: sbtest1.c  (cost=378 rows=1872)
    -> Filter: (sbtest1.id between 2218738 and 2219737)  (cost=378 rows=1872)
        -> Index range scan on sbtest1 using PRIMARY over (2218738 <= id <= 2219737)  (cost=378 rows=1872)


table 2 : explain SELECT c FROM sbtest2 WHERE id BETWEEN 1320108 AND 1321107 ORDER BY c
	-> Sort: sbtest2.c  (cost=378 rows=1872)
    -> Filter: (sbtest2.id between 1320108 and 1321107)  (cost=378 rows=1872)
        -> Index range scan on sbtest2 using PRIMARY over (1320108 <= id <= 1321107)  (cost=378 rows=1872)


table 3 : explain SELECT c FROM sbtest3 WHERE id BETWEEN 996322 AND 997321 ORDER BY c
	-> Sort: sbtest3.c  (cost=371 rows=1838)
    -> Filter: (sbtest3.id between 996322 and 997321)  (cost=371 rows=1838)
        -> Index range scan on sbtest3 using PRIMARY over (996322 <= id <= 997321)  (cost=371 rows=1838)


table 4 : explain SELECT c FROM sbtest4 WHERE id BETWEEN 6410707 AND 6411706 ORDER BY c
	-> Sort: sbtest4.c  (cost=371 rows=1838)
    -> Filter: (sbtest4.id between 6410707 and 6411706)  (cost=371 rows=1838)
        -> Index range scan on sbtest4 using PRIMARY over (6410707 <= id <= 6411706)  (cost=371 rows=1838)


table 5 : explain SELECT c FROM sbtest5 WHERE id BETWEEN 6312718 AND 6313717 ORDER BY c
	-> Sort: sbtest5.c  (cost=378 rows=1872)
    -> Filter: (sbtest5.id between 6312718 and 6313717)  (cost=378 rows=1872)
        -> Index range scan on sbtest5 using PRIMARY over (6312718 <= id <= 6313717)  (cost=378 rows=1872)


table 6 : explain SELECT c FROM sbtest6 WHERE id BETWEEN 2985181 AND 2986180 ORDER BY c
	-> Sort: sbtest6.c  (cost=371 rows=1838)
    -> Filter: (sbtest6.id between 2985181 and 2986180)  (cost=371 rows=1838)
        -> Index range scan on sbtest6 using PRIMARY over (2985181 <= id <= 2986180)  (cost=371 rows=1838)


table 7 : explain SELECT c FROM sbtest7 WHERE id BETWEEN 7589442 AND 7590441 ORDER BY c
	-> Sort: sbtest7.c  (cost=371 rows=1838)
    -> Filter: (sbtest7.id between 7589442 and 7590441)  (cost=371 rows=1838)
        -> Index range scan on sbtest7 using PRIMARY over (7589442 <= id <= 7590441)  (cost=371 rows=1838)


table 8 : explain SELECT c FROM sbtest8 WHERE id BETWEEN 7848037 AND 7849036 ORDER BY c
	-> Sort: sbtest8.c  (cost=371 rows=1838)
    -> Filter: (sbtest8.id between 7848037 and 7849036)  (cost=371 rows=1838)
        -> Index range scan on sbtest8 using PRIMARY over (7848037 <= id <= 7849036)  (cost=371 rows=1838)



for: order_ranges
table 1 : explain SELECT c FROM sbtest1 WHERE id BETWEEN 5159881 AND 5160880 ORDER BY c
	-> Sort: sbtest1.c  (cost=371 rows=1838)
    -> Filter: (sbtest1.id between 5159881 and 5160880)  (cost=371 rows=1838)
        -> Index range scan on sbtest1 using PRIMARY over (5159881 <= id <= 5160880)  (cost=371 rows=1838)


table 2 : explain SELECT c FROM sbtest2 WHERE id BETWEEN 1530594 AND 1531593 ORDER BY c
	-> Sort: sbtest2.c  (cost=371 rows=1838)
    -> Filter: (sbtest2.id between 1530594 and 1531593)  (cost=371 rows=1838)
        -> Index range scan on sbtest2 using PRIMARY over (1530594 <= id <= 1531593)  (cost=371 rows=1838)


table 3 : explain SELECT c FROM sbtest3 WHERE id BETWEEN 1402162 AND 1403161 ORDER BY c
	-> Sort: sbtest3.c  (cost=378 rows=1872)
    -> Filter: (sbtest3.id between 1402162 and 1403161)  (cost=378 rows=1872)
        -> Index range scan on sbtest3 using PRIMARY over (1402162 <= id <= 1403161)  (cost=378 rows=1872)


table 4 : explain SELECT c FROM sbtest4 WHERE id BETWEEN 8844784 AND 8845783 ORDER BY c
	-> Sort: sbtest4.c  (cost=371 rows=1838)
    -> Filter: (sbtest4.id between 8844784 and 8845783)  (cost=371 rows=1838)
        -> Index range scan on sbtest4 using PRIMARY over (8844784 <= id <= 8845783)  (cost=371 rows=1838)


table 5 : explain SELECT c FROM sbtest5 WHERE id BETWEEN 2380252 AND 2381251 ORDER BY c
	-> Sort: sbtest5.c  (cost=371 rows=1838)
    -> Filter: (sbtest5.id between 2380252 and 2381251)  (cost=371 rows=1838)
        -> Index range scan on sbtest5 using PRIMARY over (2380252 <= id <= 2381251)  (cost=371 rows=1838)


table 6 : explain SELECT c FROM sbtest6 WHERE id BETWEEN 9669809 AND 9670808 ORDER BY c
	-> Sort: sbtest6.c  (cost=371 rows=1838)
    -> Filter: (sbtest6.id between 9669809 and 9670808)  (cost=371 rows=1838)
        -> Index range scan on sbtest6 using PRIMARY over (9669809 <= id <= 9670808)  (cost=371 rows=1838)


table 7 : explain SELECT c FROM sbtest7 WHERE id BETWEEN 1780199 AND 1781198 ORDER BY c
	-> Sort: sbtest7.c  (cost=371 rows=1838)
    -> Filter: (sbtest7.id between 1780199 and 1781198)  (cost=371 rows=1838)
        -> Index range scan on sbtest7 using PRIMARY over (1780199 <= id <= 1781198)  (cost=371 rows=1838)


table 8 : explain SELECT c FROM sbtest8 WHERE id BETWEEN 2170339 AND 2171338 ORDER BY c
	-> Sort: sbtest8.c  (cost=378 rows=1872)
    -> Filter: (sbtest8.id between 2170339 and 2171338)  (cost=378 rows=1872)
        -> Index range scan on sbtest8 using PRIMARY over (2170339 <= id <= 2171338)  (cost=378 rows=1872)


for: order_ranges
table 1 : explain SELECT c FROM sbtest1 WHERE id BETWEEN 9252847 AND 9253846 ORDER BY c
	-> Sort: sbtest1.c  (cost=371 rows=1838)
    -> Filter: (sbtest1.id between 9252847 and 9253846)  (cost=371 rows=1838)
        -> Index range scan on sbtest1 using PRIMARY over (9252847 <= id <= 9253846)  (cost=371 rows=1838)


table 2 : explain SELECT c FROM sbtest2 WHERE id BETWEEN 9454406 AND 9455405 ORDER BY c
	-> Sort: sbtest2.c  (cost=371 rows=1838)
    -> Filter: (sbtest2.id between 9454406 and 9455405)  (cost=371 rows=1838)
        -> Index range scan on sbtest2 using PRIMARY over (9454406 <= id <= 9455405)  (cost=371 rows=1838)


table 3 : explain SELECT c FROM sbtest3 WHERE id BETWEEN 715414 AND 716413 ORDER BY c
	-> Sort: sbtest3.c  (cost=371 rows=1838)
    -> Filter: (sbtest3.id between 715414 and 716413)  (cost=371 rows=1838)
        -> Index range scan on sbtest3 using PRIMARY over (715414 <= id <= 716413)  (cost=371 rows=1838)


table 4 : explain SELECT c FROM sbtest4 WHERE id BETWEEN 7640180 AND 7641179 ORDER BY c
	-> Sort: sbtest4.c  (cost=371 rows=1838)
    -> Filter: (sbtest4.id between 7640180 and 7641179)  (cost=371 rows=1838)
        -> Index range scan on sbtest4 using PRIMARY over (7640180 <= id <= 7641179)  (cost=371 rows=1838)


table 5 : explain SELECT c FROM sbtest5 WHERE id BETWEEN 632987 AND 633986 ORDER BY c
	-> Sort: sbtest5.c  (cost=371 rows=1838)
    -> Filter: (sbtest5.id between 632987 and 633986)  (cost=371 rows=1838)
        -> Index range scan on sbtest5 using PRIMARY over (632987 <= id <= 633986)  (cost=371 rows=1838)


table 6 : explain SELECT c FROM sbtest6 WHERE id BETWEEN 6479165 AND 6480164 ORDER BY c
	-> Sort: sbtest6.c  (cost=378 rows=1872)
    -> Filter: (sbtest6.id between 6479165 and 6480164)  (cost=378 rows=1872)
        -> Index range scan on sbtest6 using PRIMARY over (6479165 <= id <= 6480164)  (cost=378 rows=1872)


table 7 : explain SELECT c FROM sbtest7 WHERE id BETWEEN 400084 AND 401083 ORDER BY c
	-> Sort: sbtest7.c  (cost=378 rows=1872)
    -> Filter: (sbtest7.id between 400084 and 401083)  (cost=378 rows=1872)
        -> Index range scan on sbtest7 using PRIMARY over (400084 <= id <= 401083)  (cost=378 rows=1872)


table 8 : explain SELECT c FROM sbtest8 WHERE id BETWEEN 3693768 AND 3694767 ORDER BY c
	-> Sort: sbtest8.c  (cost=378 rows=1872)
    -> Filter: (sbtest8.id between 3693768 and 3694767)  (cost=378 rows=1872)
        -> Index range scan on sbtest8 using PRIMARY over (3693768 <= id <= 3694767)  (cost=378 rows=1872)


for: sum_ranges
table 1 : explain SELECT SUM(k) FROM sbtest1 WHERE id BETWEEN 2310189 AND 2311188
	-> Aggregate: sum(sbtest1.k)  (cost=794 rows=1)
    -> Filter: (sbtest1.id between 2310189 and 2311188)  (cost=371 rows=1838)
        -> Index range scan on sbtest1 using PRIMARY over (2310189 <= id <= 2311188)  (cost=371 rows=1838)


table 2 : explain SELECT SUM(k) FROM sbtest2 WHERE id BETWEEN 1565866 AND 1566865
	-> Aggregate: sum(sbtest2.k)  (cost=794 rows=1)
    -> Filter: (sbtest2.id between 1565866 and 1566865)  (cost=371 rows=1838)
        -> Index range scan on sbtest2 using PRIMARY over (1565866 <= id <= 1566865)  (cost=371 rows=1838)


table 3 : explain SELECT SUM(k) FROM sbtest3 WHERE id BETWEEN 1157586 AND 1158585
	-> Aggregate: sum(sbtest3.k)  (cost=794 rows=1)
    -> Filter: (sbtest3.id between 1157586 and 1158585)  (cost=371 rows=1838)
        -> Index range scan on sbtest3 using PRIMARY over (1157586 <= id <= 1158585)  (cost=371 rows=1838)


table 4 : explain SELECT SUM(k) FROM sbtest4 WHERE id BETWEEN 7141572 AND 7142571
	-> Aggregate: sum(sbtest4.k)  (cost=809 rows=1)
    -> Filter: (sbtest4.id between 7141572 and 7142571)  (cost=378 rows=1872)
        -> Index range scan on sbtest4 using PRIMARY over (7141572 <= id <= 7142571)  (cost=378 rows=1872)


table 5 : explain SELECT SUM(k) FROM sbtest5 WHERE id BETWEEN 5301538 AND 5302537
	-> Aggregate: sum(sbtest5.k)  (cost=809 rows=1)
    -> Filter: (sbtest5.id between 5301538 and 5302537)  (cost=378 rows=1872)
        -> Index range scan on sbtest5 using PRIMARY over (5301538 <= id <= 5302537)  (cost=378 rows=1872)


table 6 : explain SELECT SUM(k) FROM sbtest6 WHERE id BETWEEN 6403355 AND 6404354
	-> Aggregate: sum(sbtest6.k)  (cost=794 rows=1)
    -> Filter: (sbtest6.id between 6403355 and 6404354)  (cost=371 rows=1838)
        -> Index range scan on sbtest6 using PRIMARY over (6403355 <= id <= 6404354)  (cost=371 rows=1838)


table 7 : explain SELECT SUM(k) FROM sbtest7 WHERE id BETWEEN 8369976 AND 8370975
	-> Aggregate: sum(sbtest7.k)  (cost=794 rows=1)
    -> Filter: (sbtest7.id between 8369976 and 8370975)  (cost=371 rows=1838)
        -> Index range scan on sbtest7 using PRIMARY over (8369976 <= id <= 8370975)  (cost=371 rows=1838)


table 8 : explain SELECT SUM(k) FROM sbtest8 WHERE id BETWEEN 1315502 AND 1316501
	-> Aggregate: sum(sbtest8.k)  (cost=809 rows=1)
    -> Filter: (sbtest8.id between 1315502 and 1316501)  (cost=378 rows=1872)
        -> Index range scan on sbtest8 using PRIMARY over (1315502 <= id <= 1316501)  (cost=378 rows=1872)


for: order_ranges
table 1 : explain SELECT c FROM sbtest1 WHERE id BETWEEN 6468287 AND 6469286 ORDER BY c
	-> Sort: sbtest1.c  (cost=378 rows=1872)
    -> Filter: (sbtest1.id between 6468287 and 6469286)  (cost=378 rows=1872)
        -> Index range scan on sbtest1 using PRIMARY over (6468287 <= id <= 6469286)  (cost=378 rows=1872)


table 2 : explain SELECT c FROM sbtest2 WHERE id BETWEEN 1719958 AND 1720957 ORDER BY c
	-> Sort: sbtest2.c  (cost=371 rows=1838)
    -> Filter: (sbtest2.id between 1719958 and 1720957)  (cost=371 rows=1838)
        -> Index range scan on sbtest2 using PRIMARY over (1719958 <= id <= 1720957)  (cost=371 rows=1838)


table 3 : explain SELECT c FROM sbtest3 WHERE id BETWEEN 2537852 AND 2538851 ORDER BY c
	-> Sort: sbtest3.c  (cost=371 rows=1838)
    -> Filter: (sbtest3.id between 2537852 and 2538851)  (cost=371 rows=1838)
        -> Index range scan on sbtest3 using PRIMARY over (2537852 <= id <= 2538851)  (cost=371 rows=1838)


table 4 : explain SELECT c FROM sbtest4 WHERE id BETWEEN 7004338 AND 7005337 ORDER BY c
	-> Sort: sbtest4.c  (cost=371 rows=1838)
    -> Filter: (sbtest4.id between 7004338 and 7005337)  (cost=371 rows=1838)
        -> Index range scan on sbtest4 using PRIMARY over (7004338 <= id <= 7005337)  (cost=371 rows=1838)


table 5 : explain SELECT c FROM sbtest5 WHERE id BETWEEN 1172486 AND 1173485 ORDER BY c
	-> Sort: sbtest5.c  (cost=371 rows=1838)
    -> Filter: (sbtest5.id between 1172486 and 1173485)  (cost=371 rows=1838)
        -> Index range scan on sbtest5 using PRIMARY over (1172486 <= id <= 1173485)  (cost=371 rows=1838)


table 6 : explain SELECT c FROM sbtest6 WHERE id BETWEEN 4737935 AND 4738934 ORDER BY c
	-> Sort: sbtest6.c  (cost=371 rows=1838)
    -> Filter: (sbtest6.id between 4737935 and 4738934)  (cost=371 rows=1838)
        -> Index range scan on sbtest6 using PRIMARY over (4737935 <= id <= 4738934)  (cost=371 rows=1838)


table 7 : explain SELECT c FROM sbtest7 WHERE id BETWEEN 8148095 AND 8149094 ORDER BY c
	-> Sort: sbtest7.c  (cost=378 rows=1872)
    -> Filter: (sbtest7.id between 8148095 and 8149094)  (cost=378 rows=1872)
        -> Index range scan on sbtest7 using PRIMARY over (8148095 <= id <= 8149094)  (cost=378 rows=1872)


table 8 : explain SELECT c FROM sbtest8 WHERE id BETWEEN 9440415 AND 9441414 ORDER BY c
	-> Sort: sbtest8.c  (cost=378 rows=1872)
    -> Filter: (sbtest8.id between 9440415 and 9441414)  (cost=378 rows=1872)
        -> Index range scan on sbtest8 using PRIMARY over (9440415 <= id <= 9441414)  (cost=378 rows=1872)


for: order_ranges
table 1 : explain SELECT c FROM sbtest1 WHERE id BETWEEN 2296608 AND 2297607 ORDER BY c
	-> Sort: sbtest1.c  (cost=371 rows=1838)
    -> Filter: (sbtest1.id between 2296608 and 2297607)  (cost=371 rows=1838)
        -> Index range scan on sbtest1 using PRIMARY over (2296608 <= id <= 2297607)  (cost=371 rows=1838)


table 2 : explain SELECT c FROM sbtest2 WHERE id BETWEEN 8809925 AND 8810924 ORDER BY c
	-> Sort: sbtest2.c  (cost=371 rows=1838)
    -> Filter: (sbtest2.id between 8809925 and 8810924)  (cost=371 rows=1838)
        -> Index range scan on sbtest2 using PRIMARY over (8809925 <= id <= 8810924)  (cost=371 rows=1838)


table 3 : explain SELECT c FROM sbtest3 WHERE id BETWEEN 8310984 AND 8311983 ORDER BY c
	-> Sort: sbtest3.c  (cost=371 rows=1838)
    -> Filter: (sbtest3.id between 8310984 and 8311983)  (cost=371 rows=1838)
        -> Index range scan on sbtest3 using PRIMARY over (8310984 <= id <= 8311983)  (cost=371 rows=1838)


table 4 : explain SELECT c FROM sbtest4 WHERE id BETWEEN 1865315 AND 1866314 ORDER BY c
	-> Sort: sbtest4.c  (cost=371 rows=1838)
    -> Filter: (sbtest4.id between 1865315 and 1866314)  (cost=371 rows=1838)
        -> Index range scan on sbtest4 using PRIMARY over (1865315 <= id <= 1866314)  (cost=371 rows=1838)


table 5 : explain SELECT c FROM sbtest5 WHERE id BETWEEN 1567825 AND 1568824 ORDER BY c
	-> Sort: sbtest5.c  (cost=371 rows=1838)
    -> Filter: (sbtest5.id between 1567825 and 1568824)  (cost=371 rows=1838)
        -> Index range scan on sbtest5 using PRIMARY over (1567825 <= id <= 1568824)  (cost=371 rows=1838)


table 6 : explain SELECT c FROM sbtest6 WHERE id BETWEEN 4558087 AND 4559086 ORDER BY c
	-> Sort: sbtest6.c  (cost=378 rows=1872)
    -> Filter: (sbtest6.id between 4558087 and 4559086)  (cost=378 rows=1872)
        -> Index range scan on sbtest6 using PRIMARY over (4558087 <= id <= 4559086)  (cost=378 rows=1872)


table 7 : explain SELECT c FROM sbtest7 WHERE id BETWEEN 8968348 AND 8969347 ORDER BY c
	-> Sort: sbtest7.c  (cost=371 rows=1838)
    -> Filter: (sbtest7.id between 8968348 and 8969347)  (cost=371 rows=1838)
        -> Index range scan on sbtest7 using PRIMARY over (8968348 <= id <= 8969347)  (cost=371 rows=1838)


table 8 : explain SELECT c FROM sbtest8 WHERE id BETWEEN 4636803 AND 4637802 ORDER BY c
	-> Sort: sbtest8.c  (cost=371 rows=1838)
    -> Filter: (sbtest8.id between 4636803 and 4637802)  (cost=371 rows=1838)
        -> Index range scan on sbtest8 using PRIMARY over (4636803 <= id <= 4637802)  (cost=371 rows=1838)


for: order_ranges
table 1 : explain SELECT c FROM sbtest1 WHERE id BETWEEN 3784084 AND 3785083 ORDER BY c
	-> Sort: sbtest1.c  (cost=378 rows=1872)
    -> Filter: (sbtest1.id between 3784084 and 3785083)  (cost=378 rows=1872)
        -> Index range scan on sbtest1 using PRIMARY over (3784084 <= id <= 3785083)  (cost=378 rows=1872)


table 2 : explain SELECT c FROM sbtest2 WHERE id BETWEEN 4969759 AND 4970758 ORDER BY c
	-> Sort: sbtest2.c  (cost=371 rows=1838)
    -> Filter: (sbtest2.id between 4969759 and 4970758)  (cost=371 rows=1838)
        -> Index range scan on sbtest2 using PRIMARY over (4969759 <= id <= 4970758)  (cost=371 rows=1838)


table 3 : explain SELECT c FROM sbtest3 WHERE id BETWEEN 7617967 AND 7618966 ORDER BY c
	-> Sort: sbtest3.c  (cost=378 rows=1872)
    -> Filter: (sbtest3.id between 7617967 and 7618966)  (cost=378 rows=1872)
        -> Index range scan on sbtest3 using PRIMARY over (7617967 <= id <= 7618966)  (cost=378 rows=1872)


table 4 : explain SELECT c FROM sbtest4 WHERE id BETWEEN 3033526 AND 3034525 ORDER BY c
	-> Sort: sbtest4.c  (cost=371 rows=1838)
    -> Filter: (sbtest4.id between 3033526 and 3034525)  (cost=371 rows=1838)
        -> Index range scan on sbtest4 using PRIMARY over (3033526 <= id <= 3034525)  (cost=371 rows=1838)


table 5 : explain SELECT c FROM sbtest5 WHERE id BETWEEN 4819851 AND 4820850 ORDER BY c
	-> Sort: sbtest5.c  (cost=371 rows=1838)
    -> Filter: (sbtest5.id between 4819851 and 4820850)  (cost=371 rows=1838)
        -> Index range scan on sbtest5 using PRIMARY over (4819851 <= id <= 4820850)  (cost=371 rows=1838)


table 6 : explain SELECT c FROM sbtest6 WHERE id BETWEEN 675003 AND 676002 ORDER BY c
	-> Sort: sbtest6.c  (cost=378 rows=1872)
    -> Filter: (sbtest6.id between 675003 and 676002)  (cost=378 rows=1872)
        -> Index range scan on sbtest6 using PRIMARY over (675003 <= id <= 676002)  (cost=378 rows=1872)


table 7 : explain SELECT c FROM sbtest7 WHERE id BETWEEN 6161247 AND 6162246 ORDER BY c
	-> Sort: sbtest7.c  (cost=378 rows=1872)
    -> Filter: (sbtest7.id between 6161247 and 6162246)  (cost=378 rows=1872)
        -> Index range scan on sbtest7 using PRIMARY over (6161247 <= id <= 6162246)  (cost=378 rows=1872)


table 8 : explain SELECT c FROM sbtest8 WHERE id BETWEEN 882001 AND 883000 ORDER BY c
	-> Sort: sbtest8.c  (cost=371 rows=1838)
    -> Filter: (sbtest8.id between 882001 and 883000)  (cost=371 rows=1838)
        -> Index range scan on sbtest8 using PRIMARY over (882001 <= id <= 883000)  (cost=371 rows=1838)


for: order_ranges
table 1 : explain SELECT c FROM sbtest1 WHERE id BETWEEN 8781855 AND 8782854 ORDER BY c
	-> Sort: sbtest1.c  (cost=371 rows=1838)
    -> Filter: (sbtest1.id between 8781855 and 8782854)  (cost=371 rows=1838)
        -> Index range scan on sbtest1 using PRIMARY over (8781855 <= id <= 8782854)  (cost=371 rows=1838)


table 2 : explain SELECT c FROM sbtest2 WHERE id BETWEEN 2495313 AND 2496312 ORDER BY c
	-> Sort: sbtest2.c  (cost=371 rows=1838)
    -> Filter: (sbtest2.id between 2495313 and 2496312)  (cost=371 rows=1838)
        -> Index range scan on sbtest2 using PRIMARY over (2495313 <= id <= 2496312)  (cost=371 rows=1838)


table 3 : explain SELECT c FROM sbtest3 WHERE id BETWEEN 6624312 AND 6625311 ORDER BY c
	-> Sort: sbtest3.c  (cost=371 rows=1838)
    -> Filter: (sbtest3.id between 6624312 and 6625311)  (cost=371 rows=1838)
        -> Index range scan on sbtest3 using PRIMARY over (6624312 <= id <= 6625311)  (cost=371 rows=1838)


table 4 : explain SELECT c FROM sbtest4 WHERE id BETWEEN 5144295 AND 5145294 ORDER BY c
	-> Sort: sbtest4.c  (cost=378 rows=1872)
    -> Filter: (sbtest4.id between 5144295 and 5145294)  (cost=378 rows=1872)
        -> Index range scan on sbtest4 using PRIMARY over (5144295 <= id <= 5145294)  (cost=378 rows=1872)


table 5 : explain SELECT c FROM sbtest5 WHERE id BETWEEN 4273397 AND 4274396 ORDER BY c
	-> Sort: sbtest5.c  (cost=378 rows=1872)
    -> Filter: (sbtest5.id between 4273397 and 4274396)  (cost=378 rows=1872)
        -> Index range scan on sbtest5 using PRIMARY over (4273397 <= id <= 4274396)  (cost=378 rows=1872)


table 6 : explain SELECT c FROM sbtest6 WHERE id BETWEEN 3744562 AND 3745561 ORDER BY c
	-> Sort: sbtest6.c  (cost=371 rows=1838)
    -> Filter: (sbtest6.id between 3744562 and 3745561)  (cost=371 rows=1838)
        -> Index range scan on sbtest6 using PRIMARY over (3744562 <= id <= 3745561)  (cost=371 rows=1838)


table 7 : explain SELECT c FROM sbtest7 WHERE id BETWEEN 4851617 AND 4852616 ORDER BY c
	-> Sort: sbtest7.c  (cost=371 rows=1840)
    -> Filter: (sbtest7.id between 4851617 and 4852616)  (cost=371 rows=1840)
        -> Index range scan on sbtest7 using PRIMARY over (4851617 <= id <= 4852616)  (cost=371 rows=1840)


table 8 : explain SELECT c FROM sbtest8 WHERE id BETWEEN 8112579 AND 8113578 ORDER BY c
	-> Sort: sbtest8.c  (cost=371 rows=1838)
    -> Filter: (sbtest8.id between 8112579 and 8113578)  (cost=371 rows=1838)
        -> Index range scan on sbtest8 using PRIMARY over (8112579 <= id <= 8113578)  (cost=371 rows=1838)


for: order_ranges
table 1 : explain SELECT c FROM sbtest1 WHERE id BETWEEN 4587978 AND 4588977 ORDER BY c
	-> Sort: sbtest1.c  (cost=371 rows=1838)
    -> Filter: (sbtest1.id between 4587978 and 4588977)  (cost=371 rows=1838)
        -> Index range scan on sbtest1 using PRIMARY over (4587978 <= id <= 4588977)  (cost=371 rows=1838)


table 2 : explain SELECT c FROM sbtest2 WHERE id BETWEEN 6036511 AND 6037510 ORDER BY c
	-> Sort: sbtest2.c  (cost=371 rows=1838)
    -> Filter: (sbtest2.id between 6036511 and 6037510)  (cost=371 rows=1838)
        -> Index range scan on sbtest2 using PRIMARY over (6036511 <= id <= 6037510)  (cost=371 rows=1838)


table 3 : explain SELECT c FROM sbtest3 WHERE id BETWEEN 8251019 AND 8252018 ORDER BY c
	-> Sort: sbtest3.c  (cost=378 rows=1872)
    -> Filter: (sbtest3.id between 8251019 and 8252018)  (cost=378 rows=1872)
        -> Index range scan on sbtest3 using PRIMARY over (8251019 <= id <= 8252018)  (cost=378 rows=1872)


table 4 : explain SELECT c FROM sbtest4 WHERE id BETWEEN 8138411 AND 8139410 ORDER BY c
	-> Sort: sbtest4.c  (cost=371 rows=1838)
    -> Filter: (sbtest4.id between 8138411 and 8139410)  (cost=371 rows=1838)
        -> Index range scan on sbtest4 using PRIMARY over (8138411 <= id <= 8139410)  (cost=371 rows=1838)


table 5 : explain SELECT c FROM sbtest5 WHERE id BETWEEN 1390250 AND 1391249 ORDER BY c
	-> Sort: sbtest5.c  (cost=378 rows=1872)
    -> Filter: (sbtest5.id between 1390250 and 1391249)  (cost=378 rows=1872)
        -> Index range scan on sbtest5 using PRIMARY over (1390250 <= id <= 1391249)  (cost=378 rows=1872)


table 6 : explain SELECT c FROM sbtest6 WHERE id BETWEEN 2697581 AND 2698580 ORDER BY c
	-> Sort: sbtest6.c  (cost=371 rows=1838)
    -> Filter: (sbtest6.id between 2697581 and 2698580)  (cost=371 rows=1838)
        -> Index range scan on sbtest6 using PRIMARY over (2697581 <= id <= 2698580)  (cost=371 rows=1838)


table 7 : explain SELECT c FROM sbtest7 WHERE id BETWEEN 7570829 AND 7571828 ORDER BY c
	-> Sort: sbtest7.c  (cost=371 rows=1838)
    -> Filter: (sbtest7.id between 7570829 and 7571828)  (cost=371 rows=1838)
        -> Index range scan on sbtest7 using PRIMARY over (7570829 <= id <= 7571828)  (cost=371 rows=1838)


table 8 : explain SELECT c FROM sbtest8 WHERE id BETWEEN 8621013 AND 8622012 ORDER BY c
	-> Sort: sbtest8.c  (cost=371 rows=1838)
    -> Filter: (sbtest8.id between 8621013 and 8622012)  (cost=371 rows=1838)
        -> Index range scan on sbtest8 using PRIMARY over (8621013 <= id <= 8622012)  (cost=371 rows=1838)


for: order_ranges
table 1 : explain SELECT c FROM sbtest1 WHERE id BETWEEN 2196629 AND 2197628 ORDER BY c
	-> Sort: sbtest1.c  (cost=378 rows=1872)
    -> Filter: (sbtest1.id between 2196629 and 2197628)  (cost=378 rows=1872)
        -> Index range scan on sbtest1 using PRIMARY over (2196629 <= id <= 2197628)  (cost=378 rows=1872)


table 2 : explain SELECT c FROM sbtest2 WHERE id BETWEEN 5363505 AND 5364504 ORDER BY c
	-> Sort: sbtest2.c  (cost=378 rows=1872)
    -> Filter: (sbtest2.id between 5363505 and 5364504)  (cost=378 rows=1872)
        -> Index range scan on sbtest2 using PRIMARY over (5363505 <= id <= 5364504)  (cost=378 rows=1872)


table 3 : explain SELECT c FROM sbtest3 WHERE id BETWEEN 4242412 AND 4243411 ORDER BY c
	-> Sort: sbtest3.c  (cost=371 rows=1838)
    -> Filter: (sbtest3.id between 4242412 and 4243411)  (cost=371 rows=1838)
        -> Index range scan on sbtest3 using PRIMARY over (4242412 <= id <= 4243411)  (cost=371 rows=1838)


table 4 : explain SELECT c FROM sbtest4 WHERE id BETWEEN 2345893 AND 2346892 ORDER BY c
	-> Sort: sbtest4.c  (cost=378 rows=1872)
    -> Filter: (sbtest4.id between 2345893 and 2346892)  (cost=378 rows=1872)
        -> Index range scan on sbtest4 using PRIMARY over (2345893 <= id <= 2346892)  (cost=378 rows=1872)


table 5 : explain SELECT c FROM sbtest5 WHERE id BETWEEN 1983924 AND 1984923 ORDER BY c
	-> Sort: sbtest5.c  (cost=371 rows=1838)
    -> Filter: (sbtest5.id between 1983924 and 1984923)  (cost=371 rows=1838)
        -> Index range scan on sbtest5 using PRIMARY over (1983924 <= id <= 1984923)  (cost=371 rows=1838)


table 6 : explain SELECT c FROM sbtest6 WHERE id BETWEEN 2670574 AND 2671573 ORDER BY c
	-> Sort: sbtest6.c  (cost=371 rows=1838)
    -> Filter: (sbtest6.id between 2670574 and 2671573)  (cost=371 rows=1838)
        -> Index range scan on sbtest6 using PRIMARY over (2670574 <= id <= 2671573)  (cost=371 rows=1838)


table 7 : explain SELECT c FROM sbtest7 WHERE id BETWEEN 5646775 AND 5647774 ORDER BY c
	-> Sort: sbtest7.c  (cost=371 rows=1838)
    -> Filter: (sbtest7.id between 5646775 and 5647774)  (cost=371 rows=1838)
        -> Index range scan on sbtest7 using PRIMARY over (5646775 <= id <= 5647774)  (cost=371 rows=1838)


table 8 : explain SELECT c FROM sbtest8 WHERE id BETWEEN 272144 AND 273143 ORDER BY c
	-> Sort: sbtest8.c  (cost=371 rows=1838)
    -> Filter: (sbtest8.id between 272144 and 273143)  (cost=371 rows=1838)
        -> Index range scan on sbtest8 using PRIMARY over (272144 <= id <= 273143)  (cost=371 rows=1838)

for: order_ranges
table 1 : explain SELECT c FROM sbtest1 WHERE id BETWEEN 7217561 AND 7218560 ORDER BY c
	-> Sort: sbtest1.c  (cost=378 rows=1872)
    -> Filter: (sbtest1.id between 7217561 and 7218560)  (cost=378 rows=1872)
        -> Index range scan on sbtest1 using PRIMARY over (7217561 <= id <= 7218560)  (cost=378 rows=1872)


table 2 : explain SELECT c FROM sbtest2 WHERE id BETWEEN 2506411 AND 2507410 ORDER BY c
	-> Sort: sbtest2.c  (cost=371 rows=1838)
    -> Filter: (sbtest2.id between 2506411 and 2507410)  (cost=371 rows=1838)
        -> Index range scan on sbtest2 using PRIMARY over (2506411 <= id <= 2507410)  (cost=371 rows=1838)


table 3 : explain SELECT c FROM sbtest3 WHERE id BETWEEN 478492 AND 479491 ORDER BY c
	-> Sort: sbtest3.c  (cost=378 rows=1872)
    -> Filter: (sbtest3.id between 478492 and 479491)  (cost=378 rows=1872)
        -> Index range scan on sbtest3 using PRIMARY over (478492 <= id <= 479491)  (cost=378 rows=1872)


table 4 : explain SELECT c FROM sbtest4 WHERE id BETWEEN 7306389 AND 7307388 ORDER BY c
	-> Sort: sbtest4.c  (cost=378 rows=1872)
    -> Filter: (sbtest4.id between 7306389 and 7307388)  (cost=378 rows=1872)
        -> Index range scan on sbtest4 using PRIMARY over (7306389 <= id <= 7307388)  (cost=378 rows=1872)


table 5 : explain SELECT c FROM sbtest5 WHERE id BETWEEN 2977749 AND 2978748 ORDER BY c
	-> Sort: sbtest5.c  (cost=371 rows=1838)
    -> Filter: (sbtest5.id between 2977749 and 2978748)  (cost=371 rows=1838)
        -> Index range scan on sbtest5 using PRIMARY over (2977749 <= id <= 2978748)  (cost=371 rows=1838)


table 6 : explain SELECT c FROM sbtest6 WHERE id BETWEEN 6569383 AND 6570382 ORDER BY c
	-> Sort: sbtest6.c  (cost=378 rows=1872)
    -> Filter: (sbtest6.id between 6569383 and 6570382)  (cost=378 rows=1872)
        -> Index range scan on sbtest6 using PRIMARY over (6569383 <= id <= 6570382)  (cost=378 rows=1872)


table 7 : explain SELECT c FROM sbtest7 WHERE id BETWEEN 387002 AND 388001 ORDER BY c
	-> Sort: sbtest7.c  (cost=371 rows=1838)
    -> Filter: (sbtest7.id between 387002 and 388001)  (cost=371 rows=1838)
        -> Index range scan on sbtest7 using PRIMARY over (387002 <= id <= 388001)  (cost=371 rows=1838)


table 8 : explain SELECT c FROM sbtest8 WHERE id BETWEEN 1530182 AND 1531181 ORDER BY c
	-> Sort: sbtest8.c  (cost=371 rows=1838)
    -> Filter: (sbtest8.id between 1530182 and 1531181)  (cost=371 rows=1838)
        -> Index range scan on sbtest8 using PRIMARY over (1530182 <= id <= 1531181)  (cost=371 rows=1838)


for: order_ranges
table 1 : explain SELECT c FROM sbtest1 WHERE id BETWEEN 7611427 AND 7612426 ORDER BY c
	-> Sort: sbtest1.c  (cost=371 rows=1838)
    -> Filter: (sbtest1.id between 7611427 and 7612426)  (cost=371 rows=1838)
        -> Index range scan on sbtest1 using PRIMARY over (7611427 <= id <= 7612426)  (cost=371 rows=1838)


table 2 : explain SELECT c FROM sbtest2 WHERE id BETWEEN 7254899 AND 7255898 ORDER BY c
	-> Sort: sbtest2.c  (cost=371 rows=1838)
    -> Filter: (sbtest2.id between 7254899 and 7255898)  (cost=371 rows=1838)
        -> Index range scan on sbtest2 using PRIMARY over (7254899 <= id <= 7255898)  (cost=371 rows=1838)


table 3 : explain SELECT c FROM sbtest3 WHERE id BETWEEN 4887101 AND 4888100 ORDER BY c
	-> Sort: sbtest3.c  (cost=378 rows=1872)
    -> Filter: (sbtest3.id between 4887101 and 4888100)  (cost=378 rows=1872)
        -> Index range scan on sbtest3 using PRIMARY over (4887101 <= id <= 4888100)  (cost=378 rows=1872)


table 4 : explain SELECT c FROM sbtest4 WHERE id BETWEEN 435964 AND 436963 ORDER BY c
	-> Sort: sbtest4.c  (cost=371 rows=1838)
    -> Filter: (sbtest4.id between 435964 and 436963)  (cost=371 rows=1838)
        -> Index range scan on sbtest4 using PRIMARY over (435964 <= id <= 436963)  (cost=371 rows=1838)


table 5 : explain SELECT c FROM sbtest5 WHERE id BETWEEN 2252823 AND 2253822 ORDER BY c
	-> Sort: sbtest5.c  (cost=378 rows=1872)
    -> Filter: (sbtest5.id between 2252823 and 2253822)  (cost=378 rows=1872)
        -> Index range scan on sbtest5 using PRIMARY over (2252823 <= id <= 2253822)  (cost=378 rows=1872)


table 6 : explain SELECT c FROM sbtest6 WHERE id BETWEEN 1940386 AND 1941385 ORDER BY c
	-> Sort: sbtest6.c  (cost=378 rows=1872)
    -> Filter: (sbtest6.id between 1940386 and 1941385)  (cost=378 rows=1872)
        -> Index range scan on sbtest6 using PRIMARY over (1940386 <= id <= 1941385)  (cost=378 rows=1872)


table 7 : explain SELECT c FROM sbtest7 WHERE id BETWEEN 1305632 AND 1306631 ORDER BY c
	-> Sort: sbtest7.c  (cost=371 rows=1838)
    -> Filter: (sbtest7.id between 1305632 and 1306631)  (cost=371 rows=1838)
        -> Index range scan on sbtest7 using PRIMARY over (1305632 <= id <= 1306631)  (cost=371 rows=1838)


table 8 : explain SELECT c FROM sbtest8 WHERE id BETWEEN 7403657 AND 7404656 ORDER BY c
	-> Sort: sbtest8.c  (cost=371 rows=1838)
    -> Filter: (sbtest8.id between 7403657 and 7404656)  (cost=371 rows=1838)
        -> Index range scan on sbtest8 using PRIMARY over (7403657 <= id <= 7404656)  (cost=371 rows=1838)



for: order_ranges
table 1 : explain SELECT c FROM sbtest1 WHERE id BETWEEN 2090427 AND 2091426 ORDER BY c
	-> Sort: sbtest1.c  (cost=371 rows=1838)
    -> Filter: (sbtest1.id between 2090427 and 2091426)  (cost=371 rows=1838)
        -> Index range scan on sbtest1 using PRIMARY over (2090427 <= id <= 2091426)  (cost=371 rows=1838)


table 2 : explain SELECT c FROM sbtest2 WHERE id BETWEEN 353094 AND 354093 ORDER BY c
	-> Sort: sbtest2.c  (cost=371 rows=1838)
    -> Filter: (sbtest2.id between 353094 and 354093)  (cost=371 rows=1838)
        -> Index range scan on sbtest2 using PRIMARY over (353094 <= id <= 354093)  (cost=371 rows=1838)


table 3 : explain SELECT c FROM sbtest3 WHERE id BETWEEN 6644488 AND 6645487 ORDER BY c
	-> Sort: sbtest3.c  (cost=371 rows=1838)
    -> Filter: (sbtest3.id between 6644488 and 6645487)  (cost=371 rows=1838)
        -> Index range scan on sbtest3 using PRIMARY over (6644488 <= id <= 6645487)  (cost=371 rows=1838)


table 4 : explain SELECT c FROM sbtest4 WHERE id BETWEEN 7913436 AND 7914435 ORDER BY c
	-> Sort: sbtest4.c  (cost=371 rows=1838)
    -> Filter: (sbtest4.id between 7913436 and 7914435)  (cost=371 rows=1838)
        -> Index range scan on sbtest4 using PRIMARY over (7913436 <= id <= 7914435)  (cost=371 rows=1838)


table 5 : explain SELECT c FROM sbtest5 WHERE id BETWEEN 2984195 AND 2985194 ORDER BY c
	-> Sort: sbtest5.c  (cost=371 rows=1838)
    -> Filter: (sbtest5.id between 2984195 and 2985194)  (cost=371 rows=1838)
        -> Index range scan on sbtest5 using PRIMARY over (2984195 <= id <= 2985194)  (cost=371 rows=1838)


table 6 : explain SELECT c FROM sbtest6 WHERE id BETWEEN 8318333 AND 8319332 ORDER BY c
	-> Sort: sbtest6.c  (cost=378 rows=1872)
    -> Filter: (sbtest6.id between 8318333 and 8319332)  (cost=378 rows=1872)
        -> Index range scan on sbtest6 using PRIMARY over (8318333 <= id <= 8319332)  (cost=378 rows=1872)


table 7 : explain SELECT c FROM sbtest7 WHERE id BETWEEN 9529114 AND 9530113 ORDER BY c
	-> Sort: sbtest7.c  (cost=378 rows=1872)
    -> Filter: (sbtest7.id between 9529114 and 9530113)  (cost=378 rows=1872)
        -> Index range scan on sbtest7 using PRIMARY over (9529114 <= id <= 9530113)  (cost=378 rows=1872)


table 8 : explain SELECT c FROM sbtest8 WHERE id BETWEEN 5299518 AND 5300517 ORDER BY c
	-> Sort: sbtest8.c  (cost=371 rows=1838)
    -> Filter: (sbtest8.id between 5299518 and 5300517)  (cost=371 rows=1838)
        -> Index range scan on sbtest8 using PRIMARY over (5299518 <= id <= 5300517)  (cost=371 rows=1838)


for: order_ranges
table 1 : explain SELECT c FROM sbtest1 WHERE id BETWEEN 4856652 AND 4857651 ORDER BY c
	-> Sort: sbtest1.c  (cost=371 rows=1838)
    -> Filter: (sbtest1.id between 4856652 and 4857651)  (cost=371 rows=1838)
        -> Index range scan on sbtest1 using PRIMARY over (4856652 <= id <= 4857651)  (cost=371 rows=1838)


table 2 : explain SELECT c FROM sbtest2 WHERE id BETWEEN 2965308 AND 2966307 ORDER BY c
	-> Sort: sbtest2.c  (cost=378 rows=1872)
    -> Filter: (sbtest2.id between 2965308 and 2966307)  (cost=378 rows=1872)
        -> Index range scan on sbtest2 using PRIMARY over (2965308 <= id <= 2966307)  (cost=378 rows=1872)


table 3 : explain SELECT c FROM sbtest3 WHERE id BETWEEN 4590009 AND 4591008 ORDER BY c
	-> Sort: sbtest3.c  (cost=371 rows=1838)
    -> Filter: (sbtest3.id between 4590009 and 4591008)  (cost=371 rows=1838)
        -> Index range scan on sbtest3 using PRIMARY over (4590009 <= id <= 4591008)  (cost=371 rows=1838)


table 4 : explain SELECT c FROM sbtest4 WHERE id BETWEEN 212919 AND 213918 ORDER BY c
	-> Sort: sbtest4.c  (cost=378 rows=1872)
    -> Filter: (sbtest4.id between 212919 and 213918)  (cost=378 rows=1872)
        -> Index range scan on sbtest4 using PRIMARY over (212919 <= id <= 213918)  (cost=378 rows=1872)


table 5 : explain SELECT c FROM sbtest5 WHERE id BETWEEN 2036251 AND 2037250 ORDER BY c
	-> Sort: sbtest5.c  (cost=371 rows=1838)
    -> Filter: (sbtest5.id between 2036251 and 2037250)  (cost=371 rows=1838)
        -> Index range scan on sbtest5 using PRIMARY over (2036251 <= id <= 2037250)  (cost=371 rows=1838)


table 6 : explain SELECT c FROM sbtest6 WHERE id BETWEEN 7649921 AND 7650920 ORDER BY c
	-> Sort: sbtest6.c  (cost=371 rows=1838)
    -> Filter: (sbtest6.id between 7649921 and 7650920)  (cost=371 rows=1838)
        -> Index range scan on sbtest6 using PRIMARY over (7649921 <= id <= 7650920)  (cost=371 rows=1838)


table 7 : explain SELECT c FROM sbtest7 WHERE id BETWEEN 6209910 AND 6210909 ORDER BY c
	-> Sort: sbtest7.c  (cost=371 rows=1838)
    -> Filter: (sbtest7.id between 6209910 and 6210909)  (cost=371 rows=1838)
        -> Index range scan on sbtest7 using PRIMARY over (6209910 <= id <= 6210909)  (cost=371 rows=1838)


table 8 : explain SELECT c FROM sbtest8 WHERE id BETWEEN 4027029 AND 4028028 ORDER BY c
	-> Sort: sbtest8.c  (cost=378 rows=1872)
    -> Filter: (sbtest8.id between 4027029 and 4028028)  (cost=378 rows=1872)
        -> Index range scan on sbtest8 using PRIMARY over (4027029 <= id <= 4028028)  (cost=378 rows=1872)


for: order_ranges
table 1 : explain SELECT c FROM sbtest1 WHERE id BETWEEN 4004595 AND 4005594 ORDER BY c
	-> Sort: sbtest1.c  (cost=371 rows=1838)
    -> Filter: (sbtest1.id between 4004595 and 4005594)  (cost=371 rows=1838)
        -> Index range scan on sbtest1 using PRIMARY over (4004595 <= id <= 4005594)  (cost=371 rows=1838)


table 2 : explain SELECT c FROM sbtest2 WHERE id BETWEEN 5155577 AND 5156576 ORDER BY c
	-> Sort: sbtest2.c  (cost=371 rows=1838)
    -> Filter: (sbtest2.id between 5155577 and 5156576)  (cost=371 rows=1838)
        -> Index range scan on sbtest2 using PRIMARY over (5155577 <= id <= 5156576)  (cost=371 rows=1838)


table 3 : explain SELECT c FROM sbtest3 WHERE id BETWEEN 8265630 AND 8266629 ORDER BY c
	-> Sort: sbtest3.c  (cost=378 rows=1872)
    -> Filter: (sbtest3.id between 8265630 and 8266629)  (cost=378 rows=1872)
        -> Index range scan on sbtest3 using PRIMARY over (8265630 <= id <= 8266629)  (cost=378 rows=1872)


table 4 : explain SELECT c FROM sbtest4 WHERE id BETWEEN 654679 AND 655678 ORDER BY c
	-> Sort: sbtest4.c  (cost=371 rows=1838)
    -> Filter: (sbtest4.id between 654679 and 655678)  (cost=371 rows=1838)
        -> Index range scan on sbtest4 using PRIMARY over (654679 <= id <= 655678)  (cost=371 rows=1838)


table 5 : explain SELECT c FROM sbtest5 WHERE id BETWEEN 593963 AND 594962 ORDER BY c
	-> Sort: sbtest5.c  (cost=371 rows=1838)
    -> Filter: (sbtest5.id between 593963 and 594962)  (cost=371 rows=1838)
        -> Index range scan on sbtest5 using PRIMARY over (593963 <= id <= 594962)  (cost=371 rows=1838)


table 6 : explain SELECT c FROM sbtest6 WHERE id BETWEEN 6950006 AND 6951005 ORDER BY c
	-> Sort: sbtest6.c  (cost=378 rows=1872)
    -> Filter: (sbtest6.id between 6950006 and 6951005)  (cost=378 rows=1872)
        -> Index range scan on sbtest6 using PRIMARY over (6950006 <= id <= 6951005)  (cost=378 rows=1872)


table 7 : explain SELECT c FROM sbtest7 WHERE id BETWEEN 286120 AND 287119 ORDER BY c
	-> Sort: sbtest7.c  (cost=371 rows=1838)
    -> Filter: (sbtest7.id between 286120 and 287119)  (cost=371 rows=1838)
        -> Index range scan on sbtest7 using PRIMARY over (286120 <= id <= 287119)  (cost=371 rows=1838)


table 8 : explain SELECT c FROM sbtest8 WHERE id BETWEEN 7941185 AND 7942184 ORDER BY c
	-> Sort: sbtest8.c  (cost=371 rows=1838)
    -> Filter: (sbtest8.id between 7941185 and 7942184)  (cost=371 rows=1838)
        -> Index range scan on sbtest8 using PRIMARY over (7941185 <= id <= 7942184)  (cost=371 rows=1838)


for: distinct_ranges
table 1 : explain SELECT DISTINCT c FROM sbtest1 WHERE id BETWEEN 7154688 AND 7155687 ORDER BY c
	-> Sort: sbtest1.c
    -> Table scan on <temporary>  (cost=794..820 rows=1838)
        -> Temporary table with deduplication  (cost=794..794 rows=1838)
            -> Filter: (sbtest1.id between 7154688 and 7155687)  (cost=371 rows=1838)
                -> Index range scan on sbtest1 using PRIMARY over (7154688 <= id <= 7155687)  (cost=371 rows=1838)


table 2 : explain SELECT DISTINCT c FROM sbtest2 WHERE id BETWEEN 646434 AND 647433 ORDER BY c
	-> Sort: sbtest2.c
    -> Table scan on <temporary>  (cost=794..820 rows=1838)
        -> Temporary table with deduplication  (cost=794..794 rows=1838)
            -> Filter: (sbtest2.id between 646434 and 647433)  (cost=371 rows=1838)
                -> Index range scan on sbtest2 using PRIMARY over (646434 <= id <= 647433)  (cost=371 rows=1838)


table 3 : explain SELECT DISTINCT c FROM sbtest3 WHERE id BETWEEN 3508670 AND 3509669 ORDER BY c
	-> Sort: sbtest3.c
    -> Table scan on <temporary>  (cost=794..820 rows=1838)
        -> Temporary table with deduplication  (cost=794..794 rows=1838)
            -> Filter: (sbtest3.id between 3508670 and 3509669)  (cost=371 rows=1838)
                -> Index range scan on sbtest3 using PRIMARY over (3508670 <= id <= 3509669)  (cost=371 rows=1838)


table 4 : explain SELECT DISTINCT c FROM sbtest4 WHERE id BETWEEN 2733235 AND 2734234 ORDER BY c
	-> Sort: sbtest4.c
    -> Table scan on <temporary>  (cost=809..835 rows=1872)
        -> Temporary table with deduplication  (cost=809..809 rows=1872)
            -> Filter: (sbtest4.id between 2733235 and 2734234)  (cost=378 rows=1872)
                -> Index range scan on sbtest4 using PRIMARY over (2733235 <= id <= 2734234)  (cost=378 rows=1872)


table 5 : explain SELECT DISTINCT c FROM sbtest5 WHERE id BETWEEN 1140081 AND 1141080 ORDER BY c
	-> Sort: sbtest5.c
    -> Table scan on <temporary>  (cost=809..835 rows=1872)
        -> Temporary table with deduplication  (cost=809..809 rows=1872)
            -> Filter: (sbtest5.id between 1140081 and 1141080)  (cost=378 rows=1872)
                -> Index range scan on sbtest5 using PRIMARY over (1140081 <= id <= 1141080)  (cost=378 rows=1872)


table 6 : explain SELECT DISTINCT c FROM sbtest6 WHERE id BETWEEN 3800422 AND 3801421 ORDER BY c
	-> Sort: sbtest6.c
    -> Table scan on <temporary>  (cost=809..835 rows=1872)
        -> Temporary table with deduplication  (cost=809..809 rows=1872)
            -> Filter: (sbtest6.id between 3800422 and 3801421)  (cost=378 rows=1872)
                -> Index range scan on sbtest6 using PRIMARY over (3800422 <= id <= 3801421)  (cost=378 rows=1872)


table 7 : explain SELECT DISTINCT c FROM sbtest7 WHERE id BETWEEN 6489392 AND 6490391 ORDER BY c
	-> Sort: sbtest7.c
    -> Table scan on <temporary>  (cost=809..835 rows=1872)
        -> Temporary table with deduplication  (cost=809..809 rows=1872)
            -> Filter: (sbtest7.id between 6489392 and 6490391)  (cost=378 rows=1872)
                -> Index range scan on sbtest7 using PRIMARY over (6489392 <= id <= 6490391)  (cost=378 rows=1872)


table 8 : explain SELECT DISTINCT c FROM sbtest8 WHERE id BETWEEN 4408737 AND 4409736 ORDER BY c
	-> Sort: sbtest8.c
    -> Table scan on <temporary>  (cost=809..835 rows=1872)
        -> Temporary table with deduplication  (cost=809..809 rows=1872)
            -> Filter: (sbtest8.id between 4408737 and 4409736)  (cost=378 rows=1872)
                -> Index range scan on sbtest8 using PRIMARY over (4408737 <= id <= 4409736)  (cost=378 rows=1872)


for: order_ranges
table 1 : explain SELECT c FROM sbtest1 WHERE id BETWEEN 3691981 AND 3692980 ORDER BY c
	-> Sort: sbtest1.c  (cost=371 rows=1838)
    -> Filter: (sbtest1.id between 3691981 and 3692980)  (cost=371 rows=1838)
        -> Index range scan on sbtest1 using PRIMARY over (3691981 <= id <= 3692980)  (cost=371 rows=1838)


table 2 : explain SELECT c FROM sbtest2 WHERE id BETWEEN 6157574 AND 6158573 ORDER BY c
	-> Sort: sbtest2.c  (cost=371 rows=1838)
    -> Filter: (sbtest2.id between 6157574 and 6158573)  (cost=371 rows=1838)
        -> Index range scan on sbtest2 using PRIMARY over (6157574 <= id <= 6158573)  (cost=371 rows=1838)


table 3 : explain SELECT c FROM sbtest3 WHERE id BETWEEN 1988193 AND 1989192 ORDER BY c
	-> Sort: sbtest3.c  (cost=378 rows=1872)
    -> Filter: (sbtest3.id between 1988193 and 1989192)  (cost=378 rows=1872)
        -> Index range scan on sbtest3 using PRIMARY over (1988193 <= id <= 1989192)  (cost=378 rows=1872)


table 4 : explain SELECT c FROM sbtest4 WHERE id BETWEEN 4406648 AND 4407647 ORDER BY c
	-> Sort: sbtest4.c  (cost=371 rows=1838)
    -> Filter: (sbtest4.id between 4406648 and 4407647)  (cost=371 rows=1838)
        -> Index range scan on sbtest4 using PRIMARY over (4406648 <= id <= 4407647)  (cost=371 rows=1838)


table 5 : explain SELECT c FROM sbtest5 WHERE id BETWEEN 8174605 AND 8175604 ORDER BY c
	-> Sort: sbtest5.c  (cost=371 rows=1838)
    -> Filter: (sbtest5.id between 8174605 and 8175604)  (cost=371 rows=1838)
        -> Index range scan on sbtest5 using PRIMARY over (8174605 <= id <= 8175604)  (cost=371 rows=1838)


table 6 : explain SELECT c FROM sbtest6 WHERE id BETWEEN 4746440 AND 4747439 ORDER BY c
	-> Sort: sbtest6.c  (cost=378 rows=1872)
    -> Filter: (sbtest6.id between 4746440 and 4747439)  (cost=378 rows=1872)
        -> Index range scan on sbtest6 using PRIMARY over (4746440 <= id <= 4747439)  (cost=378 rows=1872)


table 7 : explain SELECT c FROM sbtest7 WHERE id BETWEEN 8141620 AND 8142619 ORDER BY c
	-> Sort: sbtest7.c  (cost=371 rows=1838)
    -> Filter: (sbtest7.id between 8141620 and 8142619)  (cost=371 rows=1838)
        -> Index range scan on sbtest7 using PRIMARY over (8141620 <= id <= 8142619)  (cost=371 rows=1838)


table 8 : explain SELECT c FROM sbtest8 WHERE id BETWEEN 4386763 AND 4387762 ORDER BY c
	-> Sort: sbtest8.c  (cost=378 rows=1872)
    -> Filter: (sbtest8.id between 4386763 and 4387762)  (cost=378 rows=1872)
        -> Index range scan on sbtest8 using PRIMARY over (4386763 <= id <= 4387762)  (cost=378 rows=1872)


for: order_ranges
table 1 : explain SELECT c FROM sbtest1 WHERE id BETWEEN 5278502 AND 5279501 ORDER BY c
	-> Sort: sbtest1.c  (cost=371 rows=1838)
    -> Filter: (sbtest1.id between 5278502 and 5279501)  (cost=371 rows=1838)
        -> Index range scan on sbtest1 using PRIMARY over (5278502 <= id <= 5279501)  (cost=371 rows=1838)


table 2 : explain SELECT c FROM sbtest2 WHERE id BETWEEN 4941401 AND 4942400 ORDER BY c
	-> Sort: sbtest2.c  (cost=371 rows=1838)
    -> Filter: (sbtest2.id between 4941401 and 4942400)  (cost=371 rows=1838)
        -> Index range scan on sbtest2 using PRIMARY over (4941401 <= id <= 4942400)  (cost=371 rows=1838)


table 3 : explain SELECT c FROM sbtest3 WHERE id BETWEEN 4134349 AND 4135348 ORDER BY c
	-> Sort: sbtest3.c  (cost=371 rows=1838)
    -> Filter: (sbtest3.id between 4134349 and 4135348)  (cost=371 rows=1838)
        -> Index range scan on sbtest3 using PRIMARY over (4134349 <= id <= 4135348)  (cost=371 rows=1838)


table 4 : explain SELECT c FROM sbtest4 WHERE id BETWEEN 4000764 AND 4001763 ORDER BY c
	-> Sort: sbtest4.c  (cost=371 rows=1838)
    -> Filter: (sbtest4.id between 4000764 and 4001763)  (cost=371 rows=1838)
        -> Index range scan on sbtest4 using PRIMARY over (4000764 <= id <= 4001763)  (cost=371 rows=1838)


table 5 : explain SELECT c FROM sbtest5 WHERE id BETWEEN 7663780 AND 7664779 ORDER BY c
	-> Sort: sbtest5.c  (cost=371 rows=1838)
    -> Filter: (sbtest5.id between 7663780 and 7664779)  (cost=371 rows=1838)
        -> Index range scan on sbtest5 using PRIMARY over (7663780 <= id <= 7664779)  (cost=371 rows=1838)


table 6 : explain SELECT c FROM sbtest6 WHERE id BETWEEN 8439076 AND 8440075 ORDER BY c
	-> Sort: sbtest6.c  (cost=378 rows=1872)
    -> Filter: (sbtest6.id between 8439076 and 8440075)  (cost=378 rows=1872)
        -> Index range scan on sbtest6 using PRIMARY over (8439076 <= id <= 8440075)  (cost=378 rows=1872)


table 7 : explain SELECT c FROM sbtest7 WHERE id BETWEEN 9548403 AND 9549402 ORDER BY c
	-> Sort: sbtest7.c  (cost=371 rows=1838)
    -> Filter: (sbtest7.id between 9548403 and 9549402)  (cost=371 rows=1838)
        -> Index range scan on sbtest7 using PRIMARY over (9548403 <= id <= 9549402)  (cost=371 rows=1838)


table 8 : explain SELECT c FROM sbtest8 WHERE id BETWEEN 3162371 AND 3163370 ORDER BY c
	-> Sort: sbtest8.c  (cost=371 rows=1838)
    -> Filter: (sbtest8.id between 3162371 and 3163370)  (cost=371 rows=1838)
        -> Index range scan on sbtest8 using PRIMARY over (3162371 <= id <= 3163370)  (cost=371 rows=1838)


for: distinct_ranges
table 1 : explain SELECT DISTINCT c FROM sbtest1 WHERE id BETWEEN 2531515 AND 2532514 ORDER BY c
	-> Sort: sbtest1.c
    -> Table scan on <temporary>  (cost=794..820 rows=1838)
        -> Temporary table with deduplication  (cost=794..794 rows=1838)
            -> Filter: (sbtest1.id between 2531515 and 2532514)  (cost=371 rows=1838)
                -> Index range scan on sbtest1 using PRIMARY over (2531515 <= id <= 2532514)  (cost=371 rows=1838)


table 2 : explain SELECT DISTINCT c FROM sbtest2 WHERE id BETWEEN 5564173 AND 5565172 ORDER BY c
	-> Sort: sbtest2.c
    -> Table scan on <temporary>  (cost=809..835 rows=1872)
        -> Temporary table with deduplication  (cost=809..809 rows=1872)
            -> Filter: (sbtest2.id between 5564173 and 5565172)  (cost=378 rows=1872)
                -> Index range scan on sbtest2 using PRIMARY over (5564173 <= id <= 5565172)  (cost=378 rows=1872)


table 3 : explain SELECT DISTINCT c FROM sbtest3 WHERE id BETWEEN 9973872 AND 9974871 ORDER BY c
	-> Sort: sbtest3.c
    -> Table scan on <temporary>  (cost=794..820 rows=1838)
        -> Temporary table with deduplication  (cost=794..794 rows=1838)
            -> Filter: (sbtest3.id between 9973872 and 9974871)  (cost=371 rows=1838)
                -> Index range scan on sbtest3 using PRIMARY over (9973872 <= id <= 9974871)  (cost=371 rows=1838)


table 4 : explain SELECT DISTINCT c FROM sbtest4 WHERE id BETWEEN 1913319 AND 1914318 ORDER BY c
	-> Sort: sbtest4.c
    -> Table scan on <temporary>  (cost=794..820 rows=1838)
        -> Temporary table with deduplication  (cost=794..794 rows=1838)
            -> Filter: (sbtest4.id between 1913319 and 1914318)  (cost=371 rows=1838)
                -> Index range scan on sbtest4 using PRIMARY over (1913319 <= id <= 1914318)  (cost=371 rows=1838)


table 5 : explain SELECT DISTINCT c FROM sbtest5 WHERE id BETWEEN 6262013 AND 6263012 ORDER BY c
	-> Sort: sbtest5.c
    -> Table scan on <temporary>  (cost=794..820 rows=1838)
        -> Temporary table with deduplication  (cost=794..794 rows=1838)
            -> Filter: (sbtest5.id between 6262013 and 6263012)  (cost=371 rows=1838)
                -> Index range scan on sbtest5 using PRIMARY over (6262013 <= id <= 6263012)  (cost=371 rows=1838)


table 6 : explain SELECT DISTINCT c FROM sbtest6 WHERE id BETWEEN 9387142 AND 9388141 ORDER BY c
	-> Sort: sbtest6.c
    -> Table scan on <temporary>  (cost=794..820 rows=1838)
        -> Temporary table with deduplication  (cost=794..794 rows=1838)
            -> Filter: (sbtest6.id between 9387142 and 9388141)  (cost=371 rows=1838)
                -> Index range scan on sbtest6 using PRIMARY over (9387142 <= id <= 9388141)  (cost=371 rows=1838)


table 7 : explain SELECT DISTINCT c FROM sbtest7 WHERE id BETWEEN 2774739 AND 2775738 ORDER BY c
	-> Sort: sbtest7.c
    -> Table scan on <temporary>  (cost=794..820 rows=1838)
        -> Temporary table with deduplication  (cost=794..794 rows=1838)
            -> Filter: (sbtest7.id between 2774739 and 2775738)  (cost=371 rows=1838)
                -> Index range scan on sbtest7 using PRIMARY over (2774739 <= id <= 2775738)  (cost=371 rows=1838)


table 8 : explain SELECT DISTINCT c FROM sbtest8 WHERE id BETWEEN 8231772 AND 8232771 ORDER BY c
	-> Sort: sbtest8.c
    -> Table scan on <temporary>  (cost=794..820 rows=1838)
        -> Temporary table with deduplication  (cost=794..794 rows=1838)
            -> Filter: (sbtest8.id between 8231772 and 8232771)  (cost=371 rows=1838)
                -> Index range scan on sbtest8 using PRIMARY over (8231772 <= id <= 8232771)  (cost=371 rows=1838)


for: distinct_ranges
table 1 : explain SELECT DISTINCT c FROM sbtest1 WHERE id BETWEEN 7097278 AND 7098277 ORDER BY c
	-> Sort: sbtest1.c
    -> Table scan on <temporary>  (cost=794..820 rows=1838)
        -> Temporary table with deduplication  (cost=794..794 rows=1838)
            -> Filter: (sbtest1.id between 7097278 and 7098277)  (cost=371 rows=1838)
                -> Index range scan on sbtest1 using PRIMARY over (7097278 <= id <= 7098277)  (cost=371 rows=1838)


table 2 : explain SELECT DISTINCT c FROM sbtest2 WHERE id BETWEEN 1149446 AND 1150445 ORDER BY c
	-> Sort: sbtest2.c
    -> Table scan on <temporary>  (cost=794..820 rows=1838)
        -> Temporary table with deduplication  (cost=794..794 rows=1838)
            -> Filter: (sbtest2.id between 1149446 and 1150445)  (cost=371 rows=1838)
                -> Index range scan on sbtest2 using PRIMARY over (1149446 <= id <= 1150445)  (cost=371 rows=1838)


table 3 : explain SELECT DISTINCT c FROM sbtest3 WHERE id BETWEEN 1721664 AND 1722663 ORDER BY c
	-> Sort: sbtest3.c
    -> Table scan on <temporary>  (cost=794..820 rows=1838)
        -> Temporary table with deduplication  (cost=794..794 rows=1838)
            -> Filter: (sbtest3.id between 1721664 and 1722663)  (cost=371 rows=1838)
                -> Index range scan on sbtest3 using PRIMARY over (1721664 <= id <= 1722663)  (cost=371 rows=1838)


table 4 : explain SELECT DISTINCT c FROM sbtest4 WHERE id BETWEEN 1438364 AND 1439363 ORDER BY c
	-> Sort: sbtest4.c
    -> Table scan on <temporary>  (cost=809..835 rows=1872)
        -> Temporary table with deduplication  (cost=809..809 rows=1872)
            -> Filter: (sbtest4.id between 1438364 and 1439363)  (cost=378 rows=1872)
                -> Index range scan on sbtest4 using PRIMARY over (1438364 <= id <= 1439363)  (cost=378 rows=1872)


table 5 : explain SELECT DISTINCT c FROM sbtest5 WHERE id BETWEEN 9360888 AND 9361887 ORDER BY c
	-> Sort: sbtest5.c
    -> Table scan on <temporary>  (cost=794..820 rows=1838)
        -> Temporary table with deduplication  (cost=794..794 rows=1838)
            -> Filter: (sbtest5.id between 9360888 and 9361887)  (cost=371 rows=1838)
                -> Index range scan on sbtest5 using PRIMARY over (9360888 <= id <= 9361887)  (cost=371 rows=1838)


table 6 : explain SELECT DISTINCT c FROM sbtest6 WHERE id BETWEEN 8357833 AND 8358832 ORDER BY c
	-> Sort: sbtest6.c
    -> Table scan on <temporary>  (cost=794..820 rows=1838)
        -> Temporary table with deduplication  (cost=794..794 rows=1838)
            -> Filter: (sbtest6.id between 8357833 and 8358832)  (cost=371 rows=1838)
                -> Index range scan on sbtest6 using PRIMARY over (8357833 <= id <= 8358832)  (cost=371 rows=1838)


table 7 : explain SELECT DISTINCT c FROM sbtest7 WHERE id BETWEEN 9336244 AND 9337243 ORDER BY c
	-> Sort: sbtest7.c
    -> Table scan on <temporary>  (cost=809..835 rows=1872)
        -> Temporary table with deduplication  (cost=809..809 rows=1872)
            -> Filter: (sbtest7.id between 9336244 and 9337243)  (cost=378 rows=1872)
                -> Index range scan on sbtest7 using PRIMARY over (9336244 <= id <= 9337243)  (cost=378 rows=1872)


table 8 : explain SELECT DISTINCT c FROM sbtest8 WHERE id BETWEEN 3912413 AND 3913412 ORDER BY c
	-> Sort: sbtest8.c
    -> Table scan on <temporary>  (cost=809..835 rows=1872)
        -> Temporary table with deduplication  (cost=809..809 rows=1872)
            -> Filter: (sbtest8.id between 3912413 and 3913412)  (cost=378 rows=1872)
                -> Index range scan on sbtest8 using PRIMARY over (3912413 <= id <= 3913412)  (cost=378 rows=1872)


for: distinct_ranges
table 1 : explain SELECT DISTINCT c FROM sbtest1 WHERE id BETWEEN 6530146 AND 6531145 ORDER BY c
	-> Sort: sbtest1.c
    -> Table scan on <temporary>  (cost=794..820 rows=1838)
        -> Temporary table with deduplication  (cost=794..794 rows=1838)
            -> Filter: (sbtest1.id between 6530146 and 6531145)  (cost=371 rows=1838)
                -> Index range scan on sbtest1 using PRIMARY over (6530146 <= id <= 6531145)  (cost=371 rows=1838)


table 2 : explain SELECT DISTINCT c FROM sbtest2 WHERE id BETWEEN 6921979 AND 6922978 ORDER BY c
	-> Sort: sbtest2.c
    -> Table scan on <temporary>  (cost=809..835 rows=1872)
        -> Temporary table with deduplication  (cost=809..809 rows=1872)
            -> Filter: (sbtest2.id between 6921979 and 6922978)  (cost=378 rows=1872)
                -> Index range scan on sbtest2 using PRIMARY over (6921979 <= id <= 6922978)  (cost=378 rows=1872)


table 3 : explain SELECT DISTINCT c FROM sbtest3 WHERE id BETWEEN 709627 AND 710626 ORDER BY c
	-> Sort: sbtest3.c
    -> Table scan on <temporary>  (cost=794..820 rows=1838)
        -> Temporary table with deduplication  (cost=794..794 rows=1838)
            -> Filter: (sbtest3.id between 709627 and 710626)  (cost=371 rows=1838)
                -> Index range scan on sbtest3 using PRIMARY over (709627 <= id <= 710626)  (cost=371 rows=1838)


table 4 : explain SELECT DISTINCT c FROM sbtest4 WHERE id BETWEEN 6233288 AND 6234287 ORDER BY c
	-> Sort: sbtest4.c
    -> Table scan on <temporary>  (cost=795..821 rows=1840)
        -> Temporary table with deduplication  (cost=795..795 rows=1840)
            -> Filter: (sbtest4.id between 6233288 and 6234287)  (cost=371 rows=1840)
                -> Index range scan on sbtest4 using PRIMARY over (6233288 <= id <= 6234287)  (cost=371 rows=1840)


table 5 : explain SELECT DISTINCT c FROM sbtest5 WHERE id BETWEEN 4078471 AND 4079470 ORDER BY c
	-> Sort: sbtest5.c
    -> Table scan on <temporary>  (cost=794..820 rows=1838)
        -> Temporary table with deduplication  (cost=794..794 rows=1838)
            -> Filter: (sbtest5.id between 4078471 and 4079470)  (cost=371 rows=1838)
                -> Index range scan on sbtest5 using PRIMARY over (4078471 <= id <= 4079470)  (cost=371 rows=1838)


table 6 : explain SELECT DISTINCT c FROM sbtest6 WHERE id BETWEEN 4111928 AND 4112927 ORDER BY c
	-> Sort: sbtest6.c
    -> Table scan on <temporary>  (cost=809..835 rows=1872)
        -> Temporary table with deduplication  (cost=809..809 rows=1872)
            -> Filter: (sbtest6.id between 4111928 and 4112927)  (cost=378 rows=1872)
                -> Index range scan on sbtest6 using PRIMARY over (4111928 <= id <= 4112927)  (cost=378 rows=1872)


table 7 : explain SELECT DISTINCT c FROM sbtest7 WHERE id BETWEEN 5254634 AND 5255633 ORDER BY c
	-> Sort: sbtest7.c
    -> Table scan on <temporary>  (cost=794..820 rows=1838)
        -> Temporary table with deduplication  (cost=794..794 rows=1838)
            -> Filter: (sbtest7.id between 5254634 and 5255633)  (cost=371 rows=1838)
                -> Index range scan on sbtest7 using PRIMARY over (5254634 <= id <= 5255633)  (cost=371 rows=1838)


table 8 : explain SELECT DISTINCT c FROM sbtest8 WHERE id BETWEEN 1470482 AND 1471481 ORDER BY c
	-> Sort: sbtest8.c
    -> Table scan on <temporary>  (cost=809..835 rows=1872)
        -> Temporary table with deduplication  (cost=809..809 rows=1872)
            -> Filter: (sbtest8.id between 1470482 and 1471481)  (cost=378 rows=1872)
                -> Index range scan on sbtest8 using PRIMARY over (1470482 <= id <= 1471481)  (cost=378 rows=1872)


for: order_ranges
table 1 : explain SELECT c FROM sbtest1 WHERE id BETWEEN 3808558 AND 3809557 ORDER BY c
	-> Sort: sbtest1.c  (cost=371 rows=1838)
    -> Filter: (sbtest1.id between 3808558 and 3809557)  (cost=371 rows=1838)
        -> Index range scan on sbtest1 using PRIMARY over (3808558 <= id <= 3809557)  (cost=371 rows=1838)


table 2 : explain SELECT c FROM sbtest2 WHERE id BETWEEN 1677252 AND 1678251 ORDER BY c
	-> Sort: sbtest2.c  (cost=371 rows=1838)
    -> Filter: (sbtest2.id between 1677252 and 1678251)  (cost=371 rows=1838)
        -> Index range scan on sbtest2 using PRIMARY over (1677252 <= id <= 1678251)  (cost=371 rows=1838)


table 3 : explain SELECT c FROM sbtest3 WHERE id BETWEEN 2013848 AND 2014847 ORDER BY c
	-> Sort: sbtest3.c  (cost=371 rows=1838)
    -> Filter: (sbtest3.id between 2013848 and 2014847)  (cost=371 rows=1838)
        -> Index range scan on sbtest3 using PRIMARY over (2013848 <= id <= 2014847)  (cost=371 rows=1838)


table 4 : explain SELECT c FROM sbtest4 WHERE id BETWEEN 308723 AND 309722 ORDER BY c
	-> Sort: sbtest4.c  (cost=371 rows=1838)
    -> Filter: (sbtest4.id between 308723 and 309722)  (cost=371 rows=1838)
        -> Index range scan on sbtest4 using PRIMARY over (308723 <= id <= 309722)  (cost=371 rows=1838)


table 5 : explain SELECT c FROM sbtest5 WHERE id BETWEEN 1636773 AND 1637772 ORDER BY c
	-> Sort: sbtest5.c  (cost=378 rows=1872)
    -> Filter: (sbtest5.id between 1636773 and 1637772)  (cost=378 rows=1872)
        -> Index range scan on sbtest5 using PRIMARY over (1636773 <= id <= 1637772)  (cost=378 rows=1872)


table 6 : explain SELECT c FROM sbtest6 WHERE id BETWEEN 7123570 AND 7124569 ORDER BY c
	-> Sort: sbtest6.c  (cost=371 rows=1838)
    -> Filter: (sbtest6.id between 7123570 and 7124569)  (cost=371 rows=1838)
        -> Index range scan on sbtest6 using PRIMARY over (7123570 <= id <= 7124569)  (cost=371 rows=1838)


table 7 : explain SELECT c FROM sbtest7 WHERE id BETWEEN 1146340 AND 1147339 ORDER BY c
	-> Sort: sbtest7.c  (cost=371 rows=1838)
    -> Filter: (sbtest7.id between 1146340 and 1147339)  (cost=371 rows=1838)
        -> Index range scan on sbtest7 using PRIMARY over (1146340 <= id <= 1147339)  (cost=371 rows=1838)


table 8 : explain SELECT c FROM sbtest8 WHERE id BETWEEN 1175250 AND 1176249 ORDER BY c
	-> Sort: sbtest8.c  (cost=371 rows=1838)
    -> Filter: (sbtest8.id between 1175250 and 1176249)  (cost=371 rows=1838)
        -> Index range scan on sbtest8 using PRIMARY over (1175250 <= id <= 1176249)  (cost=371 rows=1838)


for: order_ranges
table 1 : explain SELECT c FROM sbtest1 WHERE id BETWEEN 2756018 AND 2757017 ORDER BY c
	-> Sort: sbtest1.c  (cost=378 rows=1872)
    -> Filter: (sbtest1.id between 2756018 and 2757017)  (cost=378 rows=1872)
        -> Index range scan on sbtest1 using PRIMARY over (2756018 <= id <= 2757017)  (cost=378 rows=1872)


table 2 : explain SELECT c FROM sbtest2 WHERE id BETWEEN 1296859 AND 1297858 ORDER BY c
	-> Sort: sbtest2.c  (cost=371 rows=1838)
    -> Filter: (sbtest2.id between 1296859 and 1297858)  (cost=371 rows=1838)
        -> Index range scan on sbtest2 using PRIMARY over (1296859 <= id <= 1297858)  (cost=371 rows=1838)


table 3 : explain SELECT c FROM sbtest3 WHERE id BETWEEN 1494456 AND 1495455 ORDER BY c
	-> Sort: sbtest3.c  (cost=371 rows=1838)
    -> Filter: (sbtest3.id between 1494456 and 1495455)  (cost=371 rows=1838)
        -> Index range scan on sbtest3 using PRIMARY over (1494456 <= id <= 1495455)  (cost=371 rows=1838)


table 4 : explain SELECT c FROM sbtest4 WHERE id BETWEEN 4052396 AND 4053395 ORDER BY c
	-> Sort: sbtest4.c  (cost=371 rows=1838)
    -> Filter: (sbtest4.id between 4052396 and 4053395)  (cost=371 rows=1838)
        -> Index range scan on sbtest4 using PRIMARY over (4052396 <= id <= 4053395)  (cost=371 rows=1838)


table 5 : explain SELECT c FROM sbtest5 WHERE id BETWEEN 7336427 AND 7337426 ORDER BY c
	-> Sort: sbtest5.c  (cost=371 rows=1838)
    -> Filter: (sbtest5.id between 7336427 and 7337426)  (cost=371 rows=1838)
        -> Index range scan on sbtest5 using PRIMARY over (7336427 <= id <= 7337426)  (cost=371 rows=1838)


table 6 : explain SELECT c FROM sbtest6 WHERE id BETWEEN 1280763 AND 1281762 ORDER BY c
	-> Sort: sbtest6.c  (cost=378 rows=1872)
    -> Filter: (sbtest6.id between 1280763 and 1281762)  (cost=378 rows=1872)
        -> Index range scan on sbtest6 using PRIMARY over (1280763 <= id <= 1281762)  (cost=378 rows=1872)


table 7 : explain SELECT c FROM sbtest7 WHERE id BETWEEN 3704283 AND 3705282 ORDER BY c
	-> Sort: sbtest7.c  (cost=378 rows=1872)
    -> Filter: (sbtest7.id between 3704283 and 3705282)  (cost=378 rows=1872)
        -> Index range scan on sbtest7 using PRIMARY over (3704283 <= id <= 3705282)  (cost=378 rows=1872)


table 8 : explain SELECT c FROM sbtest8 WHERE id BETWEEN 6189689 AND 6190688 ORDER BY c
	-> Sort: sbtest8.c  (cost=371 rows=1838)
    -> Filter: (sbtest8.id between 6189689 and 6190688)  (cost=371 rows=1838)
        -> Index range scan on sbtest8 using PRIMARY over (6189689 <= id <= 6190688)  (cost=371 rows=1838)


for: distinct_ranges
table 1 : explain SELECT DISTINCT c FROM sbtest1 WHERE id BETWEEN 4218889 AND 4219888 ORDER BY c
	-> Sort: sbtest1.c
    -> Table scan on <temporary>  (cost=794..820 rows=1838)
        -> Temporary table with deduplication  (cost=794..794 rows=1838)
            -> Filter: (sbtest1.id between 4218889 and 4219888)  (cost=371 rows=1838)
                -> Index range scan on sbtest1 using PRIMARY over (4218889 <= id <= 4219888)  (cost=371 rows=1838)


table 2 : explain SELECT DISTINCT c FROM sbtest2 WHERE id BETWEEN 8730137 AND 8731136 ORDER BY c
	-> Sort: sbtest2.c
    -> Table scan on <temporary>  (cost=794..820 rows=1838)
        -> Temporary table with deduplication  (cost=794..794 rows=1838)
            -> Filter: (sbtest2.id between 8730137 and 8731136)  (cost=371 rows=1838)
                -> Index range scan on sbtest2 using PRIMARY over (8730137 <= id <= 8731136)  (cost=371 rows=1838)


table 3 : explain SELECT DISTINCT c FROM sbtest3 WHERE id BETWEEN 102763 AND 103762 ORDER BY c
	-> Sort: sbtest3.c
    -> Table scan on <temporary>  (cost=809..835 rows=1872)
        -> Temporary table with deduplication  (cost=809..809 rows=1872)
            -> Filter: (sbtest3.id between 102763 and 103762)  (cost=378 rows=1872)
                -> Index range scan on sbtest3 using PRIMARY over (102763 <= id <= 103762)  (cost=378 rows=1872)


table 4 : explain SELECT DISTINCT c FROM sbtest4 WHERE id BETWEEN 142583 AND 143582 ORDER BY c
	-> Sort: sbtest4.c
    -> Table scan on <temporary>  (cost=794..820 rows=1838)
        -> Temporary table with deduplication  (cost=794..794 rows=1838)
            -> Filter: (sbtest4.id between 142583 and 143582)  (cost=371 rows=1838)
                -> Index range scan on sbtest4 using PRIMARY over (142583 <= id <= 143582)  (cost=371 rows=1838)


table 5 : explain SELECT DISTINCT c FROM sbtest5 WHERE id BETWEEN 1123178 AND 1124177 ORDER BY c
	-> Sort: sbtest5.c
    -> Table scan on <temporary>  (cost=794..820 rows=1838)
        -> Temporary table with deduplication  (cost=794..794 rows=1838)
            -> Filter: (sbtest5.id between 1123178 and 1124177)  (cost=371 rows=1838)
                -> Index range scan on sbtest5 using PRIMARY over (1123178 <= id <= 1124177)  (cost=371 rows=1838)


table 6 : explain SELECT DISTINCT c FROM sbtest6 WHERE id BETWEEN 9105868 AND 9106867 ORDER BY c
	-> Sort: sbtest6.c
    -> Table scan on <temporary>  (cost=794..820 rows=1838)
        -> Temporary table with deduplication  (cost=794..794 rows=1838)
            -> Filter: (sbtest6.id between 9105868 and 9106867)  (cost=371 rows=1838)
                -> Index range scan on sbtest6 using PRIMARY over (9105868 <= id <= 9106867)  (cost=371 rows=1838)


table 7 : explain SELECT DISTINCT c FROM sbtest7 WHERE id BETWEEN 2572036 AND 2573035 ORDER BY c
	-> Sort: sbtest7.c
    -> Table scan on <temporary>  (cost=794..820 rows=1838)
        -> Temporary table with deduplication  (cost=794..794 rows=1838)
            -> Filter: (sbtest7.id between 2572036 and 2573035)  (cost=371 rows=1838)
                -> Index range scan on sbtest7 using PRIMARY over (2572036 <= id <= 2573035)  (cost=371 rows=1838)


table 8 : explain SELECT DISTINCT c FROM sbtest8 WHERE id BETWEEN 3213375 AND 3214374 ORDER BY c
	-> Sort: sbtest8.c
    -> Table scan on <temporary>  (cost=794..820 rows=1838)
        -> Temporary table with deduplication  (cost=794..794 rows=1838)
            -> Filter: (sbtest8.id between 3213375 and 3214374)  (cost=371 rows=1838)
                -> Index range scan on sbtest8 using PRIMARY over (3213375 <= id <= 3214374)  (cost=371 rows=1838)


for: distinct_ranges
table 1 : explain SELECT DISTINCT c FROM sbtest1 WHERE id BETWEEN 1978392 AND 1979391 ORDER BY c
	-> Sort: sbtest1.c
    -> Table scan on <temporary>  (cost=794..820 rows=1838)
        -> Temporary table with deduplication  (cost=794..794 rows=1838)
            -> Filter: (sbtest1.id between 1978392 and 1979391)  (cost=371 rows=1838)
                -> Index range scan on sbtest1 using PRIMARY over (1978392 <= id <= 1979391)  (cost=371 rows=1838)


table 2 : explain SELECT DISTINCT c FROM sbtest2 WHERE id BETWEEN 1801223 AND 1802222 ORDER BY c
	-> Sort: sbtest2.c
    -> Table scan on <temporary>  (cost=794..820 rows=1838)
        -> Temporary table with deduplication  (cost=794..794 rows=1838)
            -> Filter: (sbtest2.id between 1801223 and 1802222)  (cost=371 rows=1838)
                -> Index range scan on sbtest2 using PRIMARY over (1801223 <= id <= 1802222)  (cost=371 rows=1838)


table 3 : explain SELECT DISTINCT c FROM sbtest3 WHERE id BETWEEN 8266840 AND 8267839 ORDER BY c
	-> Sort: sbtest3.c
    -> Table scan on <temporary>  (cost=794..820 rows=1838)
        -> Temporary table with deduplication  (cost=794..794 rows=1838)
            -> Filter: (sbtest3.id between 8266840 and 8267839)  (cost=371 rows=1838)
                -> Index range scan on sbtest3 using PRIMARY over (8266840 <= id <= 8267839)  (cost=371 rows=1838)


table 4 : explain SELECT DISTINCT c FROM sbtest4 WHERE id BETWEEN 500913 AND 501912 ORDER BY c
	-> Sort: sbtest4.c
    -> Table scan on <temporary>  (cost=794..820 rows=1838)
        -> Temporary table with deduplication  (cost=794..794 rows=1838)
            -> Filter: (sbtest4.id between 500913 and 501912)  (cost=371 rows=1838)
                -> Index range scan on sbtest4 using PRIMARY over (500913 <= id <= 501912)  (cost=371 rows=1838)


table 5 : explain SELECT DISTINCT c FROM sbtest5 WHERE id BETWEEN 9959498 AND 9960497 ORDER BY c
	-> Sort: sbtest5.c
    -> Table scan on <temporary>  (cost=794..820 rows=1838)
        -> Temporary table with deduplication  (cost=794..794 rows=1838)
            -> Filter: (sbtest5.id between 9959498 and 9960497)  (cost=371 rows=1838)
                -> Index range scan on sbtest5 using PRIMARY over (9959498 <= id <= 9960497)  (cost=371 rows=1838)


table 6 : explain SELECT DISTINCT c FROM sbtest6 WHERE id BETWEEN 2904227 AND 2905226 ORDER BY c
	-> Sort: sbtest6.c
    -> Table scan on <temporary>  (cost=794..820 rows=1838)
        -> Temporary table with deduplication  (cost=794..794 rows=1838)
            -> Filter: (sbtest6.id between 2904227 and 2905226)  (cost=371 rows=1838)
                -> Index range scan on sbtest6 using PRIMARY over (2904227 <= id <= 2905226)  (cost=371 rows=1838)


table 7 : explain SELECT DISTINCT c FROM sbtest7 WHERE id BETWEEN 8520160 AND 8521159 ORDER BY c
	-> Sort: sbtest7.c
    -> Table scan on <temporary>  (cost=809..835 rows=1872)
        -> Temporary table with deduplication  (cost=809..809 rows=1872)
            -> Filter: (sbtest7.id between 8520160 and 8521159)  (cost=378 rows=1872)
                -> Index range scan on sbtest7 using PRIMARY over (8520160 <= id <= 8521159)  (cost=378 rows=1872)


table 8 : explain SELECT DISTINCT c FROM sbtest8 WHERE id BETWEEN 5256453 AND 5257452 ORDER BY c
	-> Sort: sbtest8.c
    -> Table scan on <temporary>  (cost=794..820 rows=1838)
        -> Temporary table with deduplication  (cost=794..794 rows=1838)
            -> Filter: (sbtest8.id between 5256453 and 5257452)  (cost=371 rows=1838)
                -> Index range scan on sbtest8 using PRIMARY over (5256453 <= id <= 5257452)  (cost=371 rows=1838)


for: distinct_ranges
table 1 : explain SELECT DISTINCT c FROM sbtest1 WHERE id BETWEEN 5857400 AND 5858399 ORDER BY c
	-> Sort: sbtest1.c
    -> Table scan on <temporary>  (cost=794..820 rows=1838)
        -> Temporary table with deduplication  (cost=794..794 rows=1838)
            -> Filter: (sbtest1.id between 5857400 and 5858399)  (cost=371 rows=1838)
                -> Index range scan on sbtest1 using PRIMARY over (5857400 <= id <= 5858399)  (cost=371 rows=1838)


table 2 : explain SELECT DISTINCT c FROM sbtest2 WHERE id BETWEEN 3464362 AND 3465361 ORDER BY c
	-> Sort: sbtest2.c
    -> Table scan on <temporary>  (cost=794..820 rows=1838)
        -> Temporary table with deduplication  (cost=794..794 rows=1838)
            -> Filter: (sbtest2.id between 3464362 and 3465361)  (cost=371 rows=1838)
                -> Index range scan on sbtest2 using PRIMARY over (3464362 <= id <= 3465361)  (cost=371 rows=1838)


table 3 : explain SELECT DISTINCT c FROM sbtest3 WHERE id BETWEEN 3769980 AND 3770979 ORDER BY c
	-> Sort: sbtest3.c
    -> Table scan on <temporary>  (cost=809..835 rows=1872)
        -> Temporary table with deduplication  (cost=809..809 rows=1872)
            -> Filter: (sbtest3.id between 3769980 and 3770979)  (cost=378 rows=1872)
                -> Index range scan on sbtest3 using PRIMARY over (3769980 <= id <= 3770979)  (cost=378 rows=1872)


table 4 : explain SELECT DISTINCT c FROM sbtest4 WHERE id BETWEEN 571746 AND 572745 ORDER BY c
	-> Sort: sbtest4.c
    -> Table scan on <temporary>  (cost=794..820 rows=1838)
        -> Temporary table with deduplication  (cost=794..794 rows=1838)
            -> Filter: (sbtest4.id between 571746 and 572745)  (cost=371 rows=1838)
                -> Index range scan on sbtest4 using PRIMARY over (571746 <= id <= 572745)  (cost=371 rows=1838)


table 5 : explain SELECT DISTINCT c FROM sbtest5 WHERE id BETWEEN 5505423 AND 5506422 ORDER BY c
	-> Sort: sbtest5.c
    -> Table scan on <temporary>  (cost=809..835 rows=1872)
        -> Temporary table with deduplication  (cost=809..809 rows=1872)
            -> Filter: (sbtest5.id between 5505423 and 5506422)  (cost=378 rows=1872)
                -> Index range scan on sbtest5 using PRIMARY over (5505423 <= id <= 5506422)  (cost=378 rows=1872)


table 6 : explain SELECT DISTINCT c FROM sbtest6 WHERE id BETWEEN 9973214 AND 9974213 ORDER BY c
	-> Sort: sbtest6.c
    -> Table scan on <temporary>  (cost=794..820 rows=1838)
        -> Temporary table with deduplication  (cost=794..794 rows=1838)
            -> Filter: (sbtest6.id between 9973214 and 9974213)  (cost=371 rows=1838)
                -> Index range scan on sbtest6 using PRIMARY over (9973214 <= id <= 9974213)  (cost=371 rows=1838)


table 7 : explain SELECT DISTINCT c FROM sbtest7 WHERE id BETWEEN 2536324 AND 2537323 ORDER BY c
	-> Sort: sbtest7.c
    -> Table scan on <temporary>  (cost=794..820 rows=1838)
        -> Temporary table with deduplication  (cost=794..794 rows=1838)
            -> Filter: (sbtest7.id between 2536324 and 2537323)  (cost=371 rows=1838)
                -> Index range scan on sbtest7 using PRIMARY over (2536324 <= id <= 2537323)  (cost=371 rows=1838)


table 8 : explain SELECT DISTINCT c FROM sbtest8 WHERE id BETWEEN 598432 AND 599431 ORDER BY c
	-> Sort: sbtest8.c
    -> Table scan on <temporary>  (cost=809..835 rows=1872)
        -> Temporary table with deduplication  (cost=809..809 rows=1872)
            -> Filter: (sbtest8.id between 598432 and 599431)  (cost=378 rows=1872)
                -> Index range scan on sbtest8 using PRIMARY over (598432 <= id <= 599431)  (cost=378 rows=1872)


for: order_ranges
table 1 : explain SELECT c FROM sbtest1 WHERE id BETWEEN 5957273 AND 5958272 ORDER BY c
	-> Sort: sbtest1.c  (cost=371 rows=1838)
    -> Filter: (sbtest1.id between 5957273 and 5958272)  (cost=371 rows=1838)
        -> Index range scan on sbtest1 using PRIMARY over (5957273 <= id <= 5958272)  (cost=371 rows=1838)


table 2 : explain SELECT c FROM sbtest2 WHERE id BETWEEN 6149222 AND 6150221 ORDER BY c
	-> Sort: sbtest2.c  (cost=371 rows=1838)
    -> Filter: (sbtest2.id between 6149222 and 6150221)  (cost=371 rows=1838)
        -> Index range scan on sbtest2 using PRIMARY over (6149222 <= id <= 6150221)  (cost=371 rows=1838)


table 3 : explain SELECT c FROM sbtest3 WHERE id BETWEEN 4218531 AND 4219530 ORDER BY c
	-> Sort: sbtest3.c  (cost=371 rows=1838)
    -> Filter: (sbtest3.id between 4218531 and 4219530)  (cost=371 rows=1838)
        -> Index range scan on sbtest3 using PRIMARY over (4218531 <= id <= 4219530)  (cost=371 rows=1838)


table 4 : explain SELECT c FROM sbtest4 WHERE id BETWEEN 5468676 AND 5469675 ORDER BY c
	-> Sort: sbtest4.c  (cost=371 rows=1838)
    -> Filter: (sbtest4.id between 5468676 and 5469675)  (cost=371 rows=1838)
        -> Index range scan on sbtest4 using PRIMARY over (5468676 <= id <= 5469675)  (cost=371 rows=1838)


table 5 : explain SELECT c FROM sbtest5 WHERE id BETWEEN 1885911 AND 1886910 ORDER BY c
	-> Sort: sbtest5.c  (cost=371 rows=1838)
    -> Filter: (sbtest5.id between 1885911 and 1886910)  (cost=371 rows=1838)
        -> Index range scan on sbtest5 using PRIMARY over (1885911 <= id <= 1886910)  (cost=371 rows=1838)


table 6 : explain SELECT c FROM sbtest6 WHERE id BETWEEN 127760 AND 128759 ORDER BY c
	-> Sort: sbtest6.c  (cost=371 rows=1838)
    -> Filter: (sbtest6.id between 127760 and 128759)  (cost=371 rows=1838)
        -> Index range scan on sbtest6 using PRIMARY over (127760 <= id <= 128759)  (cost=371 rows=1838)


table 7 : explain SELECT c FROM sbtest7 WHERE id BETWEEN 3577532 AND 3578531 ORDER BY c
	-> Sort: sbtest7.c  (cost=371 rows=1838)
    -> Filter: (sbtest7.id between 3577532 and 3578531)  (cost=371 rows=1838)
        -> Index range scan on sbtest7 using PRIMARY over (3577532 <= id <= 3578531)  (cost=371 rows=1838)


table 8 : explain SELECT c FROM sbtest8 WHERE id BETWEEN 1925030 AND 1926029 ORDER BY c
	-> Sort: sbtest8.c  (cost=371 rows=1838)
    -> Filter: (sbtest8.id between 1925030 and 1926029)  (cost=371 rows=1838)
        -> Index range scan on sbtest8 using PRIMARY over (1925030 <= id <= 1926029)  (cost=371 rows=1838)


for: distinct_ranges
table 1 : explain SELECT DISTINCT c FROM sbtest1 WHERE id BETWEEN 7191507 AND 7192506 ORDER BY c
	-> Sort: sbtest1.c
    -> Table scan on <temporary>  (cost=809..835 rows=1872)
        -> Temporary table with deduplication  (cost=809..809 rows=1872)
            -> Filter: (sbtest1.id between 7191507 and 7192506)  (cost=378 rows=1872)
                -> Index range scan on sbtest1 using PRIMARY over (7191507 <= id <= 7192506)  (cost=378 rows=1872)


table 2 : explain SELECT DISTINCT c FROM sbtest2 WHERE id BETWEEN 7527346 AND 7528345 ORDER BY c
	-> Sort: sbtest2.c
    -> Table scan on <temporary>  (cost=794..820 rows=1838)
        -> Temporary table with deduplication  (cost=794..794 rows=1838)
            -> Filter: (sbtest2.id between 7527346 and 7528345)  (cost=371 rows=1838)
                -> Index range scan on sbtest2 using PRIMARY over (7527346 <= id <= 7528345)  (cost=371 rows=1838)


table 3 : explain SELECT DISTINCT c FROM sbtest3 WHERE id BETWEEN 4284025 AND 4285024 ORDER BY c
	-> Sort: sbtest3.c
    -> Table scan on <temporary>  (cost=794..820 rows=1838)
        -> Temporary table with deduplication  (cost=794..794 rows=1838)
            -> Filter: (sbtest3.id between 4284025 and 4285024)  (cost=371 rows=1838)
                -> Index range scan on sbtest3 using PRIMARY over (4284025 <= id <= 4285024)  (cost=371 rows=1838)


table 4 : explain SELECT DISTINCT c FROM sbtest4 WHERE id BETWEEN 6977703 AND 6978702 ORDER BY c
	-> Sort: sbtest4.c
    -> Table scan on <temporary>  (cost=794..820 rows=1838)
        -> Temporary table with deduplication  (cost=794..794 rows=1838)
            -> Filter: (sbtest4.id between 6977703 and 6978702)  (cost=371 rows=1838)
                -> Index range scan on sbtest4 using PRIMARY over (6977703 <= id <= 6978702)  (cost=371 rows=1838)


table 5 : explain SELECT DISTINCT c FROM sbtest5 WHERE id BETWEEN 1475777 AND 1476776 ORDER BY c
	-> Sort: sbtest5.c
    -> Table scan on <temporary>  (cost=794..820 rows=1838)
        -> Temporary table with deduplication  (cost=794..794 rows=1838)
            -> Filter: (sbtest5.id between 1475777 and 1476776)  (cost=371 rows=1838)
                -> Index range scan on sbtest5 using PRIMARY over (1475777 <= id <= 1476776)  (cost=371 rows=1838)


table 6 : explain SELECT DISTINCT c FROM sbtest6 WHERE id BETWEEN 7550309 AND 7551308 ORDER BY c
	-> Sort: sbtest6.c
    -> Table scan on <temporary>  (cost=794..820 rows=1838)
        -> Temporary table with deduplication  (cost=794..794 rows=1838)
            -> Filter: (sbtest6.id between 7550309 and 7551308)  (cost=371 rows=1838)
                -> Index range scan on sbtest6 using PRIMARY over (7550309 <= id <= 7551308)  (cost=371 rows=1838)


table 7 : explain SELECT DISTINCT c FROM sbtest7 WHERE id BETWEEN 8906375 AND 8907374 ORDER BY c
	-> Sort: sbtest7.c
    -> Table scan on <temporary>  (cost=794..820 rows=1838)
        -> Temporary table with deduplication  (cost=794..794 rows=1838)
            -> Filter: (sbtest7.id between 8906375 and 8907374)  (cost=371 rows=1838)
                -> Index range scan on sbtest7 using PRIMARY over (8906375 <= id <= 8907374)  (cost=371 rows=1838)


table 8 : explain SELECT DISTINCT c FROM sbtest8 WHERE id BETWEEN 8994010 AND 8995009 ORDER BY c
	-> Sort: sbtest8.c
    -> Table scan on <temporary>  (cost=809..835 rows=1872)
        -> Temporary table with deduplication  (cost=809..809 rows=1872)
            -> Filter: (sbtest8.id between 8994010 and 8995009)  (cost=378 rows=1872)
                -> Index range scan on sbtest8 using PRIMARY over (8994010 <= id <= 8995009)  (cost=378 rows=1872)


for: order_ranges
table 1 : explain SELECT c FROM sbtest1 WHERE id BETWEEN 6934098 AND 6935097 ORDER BY c
	-> Sort: sbtest1.c  (cost=378 rows=1872)
    -> Filter: (sbtest1.id between 6934098 and 6935097)  (cost=378 rows=1872)
        -> Index range scan on sbtest1 using PRIMARY over (6934098 <= id <= 6935097)  (cost=378 rows=1872)


table 2 : explain SELECT c FROM sbtest2 WHERE id BETWEEN 4759194 AND 4760193 ORDER BY c
	-> Sort: sbtest2.c  (cost=371 rows=1838)
    -> Filter: (sbtest2.id between 4759194 and 4760193)  (cost=371 rows=1838)
        -> Index range scan on sbtest2 using PRIMARY over (4759194 <= id <= 4760193)  (cost=371 rows=1838)


table 3 : explain SELECT c FROM sbtest3 WHERE id BETWEEN 1854828 AND 1855827 ORDER BY c
	-> Sort: sbtest3.c  (cost=378 rows=1872)
    -> Filter: (sbtest3.id between 1854828 and 1855827)  (cost=378 rows=1872)
        -> Index range scan on sbtest3 using PRIMARY over (1854828 <= id <= 1855827)  (cost=378 rows=1872)


table 4 : explain SELECT c FROM sbtest4 WHERE id BETWEEN 6485739 AND 6486738 ORDER BY c
	-> Sort: sbtest4.c  (cost=378 rows=1872)
    -> Filter: (sbtest4.id between 6485739 and 6486738)  (cost=378 rows=1872)
        -> Index range scan on sbtest4 using PRIMARY over (6485739 <= id <= 6486738)  (cost=378 rows=1872)


table 5 : explain SELECT c FROM sbtest5 WHERE id BETWEEN 7445562 AND 7446561 ORDER BY c
	-> Sort: sbtest5.c  (cost=371 rows=1838)
    -> Filter: (sbtest5.id between 7445562 and 7446561)  (cost=371 rows=1838)
        -> Index range scan on sbtest5 using PRIMARY over (7445562 <= id <= 7446561)  (cost=371 rows=1838)


table 6 : explain SELECT c FROM sbtest6 WHERE id BETWEEN 9165940 AND 9166939 ORDER BY c
	-> Sort: sbtest6.c  (cost=371 rows=1838)
    -> Filter: (sbtest6.id between 9165940 and 9166939)  (cost=371 rows=1838)
        -> Index range scan on sbtest6 using PRIMARY over (9165940 <= id <= 9166939)  (cost=371 rows=1838)


table 7 : explain SELECT c FROM sbtest7 WHERE id BETWEEN 5954424 AND 5955423 ORDER BY c
	-> Sort: sbtest7.c  (cost=371 rows=1838)
    -> Filter: (sbtest7.id between 5954424 and 5955423)  (cost=371 rows=1838)
        -> Index range scan on sbtest7 using PRIMARY over (5954424 <= id <= 5955423)  (cost=371 rows=1838)


table 8 : explain SELECT c FROM sbtest8 WHERE id BETWEEN 9418975 AND 9419974 ORDER BY c
	-> Sort: sbtest8.c  (cost=371 rows=1838)
    -> Filter: (sbtest8.id between 9418975 and 9419974)  (cost=371 rows=1838)
        -> Index range scan on sbtest8 using PRIMARY over (9418975 <= id <= 9419974)  (cost=371 rows=1838)


for: distinct_ranges
table 1 : explain SELECT DISTINCT c FROM sbtest1 WHERE id BETWEEN 7949808 AND 7950807 ORDER BY c
	-> Sort: sbtest1.c
    -> Table scan on <temporary>  (cost=794..820 rows=1838)
        -> Temporary table with deduplication  (cost=794..794 rows=1838)
            -> Filter: (sbtest1.id between 7949808 and 7950807)  (cost=371 rows=1838)
                -> Index range scan on sbtest1 using PRIMARY over (7949808 <= id <= 7950807)  (cost=371 rows=1838)


table 2 : explain SELECT DISTINCT c FROM sbtest2 WHERE id BETWEEN 2577463 AND 2578462 ORDER BY c
	-> Sort: sbtest2.c
    -> Table scan on <temporary>  (cost=809..835 rows=1872)
        -> Temporary table with deduplication  (cost=809..809 rows=1872)
            -> Filter: (sbtest2.id between 2577463 and 2578462)  (cost=378 rows=1872)
                -> Index range scan on sbtest2 using PRIMARY over (2577463 <= id <= 2578462)  (cost=378 rows=1872)


table 3 : explain SELECT DISTINCT c FROM sbtest3 WHERE id BETWEEN 2998916 AND 2999915 ORDER BY c
	-> Sort: sbtest3.c
    -> Table scan on <temporary>  (cost=794..820 rows=1838)
        -> Temporary table with deduplication  (cost=794..794 rows=1838)
            -> Filter: (sbtest3.id between 2998916 and 2999915)  (cost=371 rows=1838)
                -> Index range scan on sbtest3 using PRIMARY over (2998916 <= id <= 2999915)  (cost=371 rows=1838)


table 4 : explain SELECT DISTINCT c FROM sbtest4 WHERE id BETWEEN 494555 AND 495554 ORDER BY c
	-> Sort: sbtest4.c
    -> Table scan on <temporary>  (cost=809..835 rows=1872)
        -> Temporary table with deduplication  (cost=809..809 rows=1872)
            -> Filter: (sbtest4.id between 494555 and 495554)  (cost=378 rows=1872)
                -> Index range scan on sbtest4 using PRIMARY over (494555 <= id <= 495554)  (cost=378 rows=1872)


table 5 : explain SELECT DISTINCT c FROM sbtest5 WHERE id BETWEEN 3514534 AND 3515533 ORDER BY c
	-> Sort: sbtest5.c
    -> Table scan on <temporary>  (cost=794..820 rows=1838)
        -> Temporary table with deduplication  (cost=794..794 rows=1838)
            -> Filter: (sbtest5.id between 3514534 and 3515533)  (cost=371 rows=1838)
                -> Index range scan on sbtest5 using PRIMARY over (3514534 <= id <= 3515533)  (cost=371 rows=1838)


table 6 : explain SELECT DISTINCT c FROM sbtest6 WHERE id BETWEEN 4365610 AND 4366609 ORDER BY c
	-> Sort: sbtest6.c
    -> Table scan on <temporary>  (cost=794..820 rows=1838)
        -> Temporary table with deduplication  (cost=794..794 rows=1838)
            -> Filter: (sbtest6.id between 4365610 and 4366609)  (cost=371 rows=1838)
                -> Index range scan on sbtest6 using PRIMARY over (4365610 <= id <= 4366609)  (cost=371 rows=1838)


table 7 : explain SELECT DISTINCT c FROM sbtest7 WHERE id BETWEEN 8325910 AND 8326909 ORDER BY c
	-> Sort: sbtest7.c
    -> Table scan on <temporary>  (cost=809..835 rows=1872)
        -> Temporary table with deduplication  (cost=809..809 rows=1872)
            -> Filter: (sbtest7.id between 8325910 and 8326909)  (cost=378 rows=1872)
                -> Index range scan on sbtest7 using PRIMARY over (8325910 <= id <= 8326909)  (cost=378 rows=1872)


table 8 : explain SELECT DISTINCT c FROM sbtest8 WHERE id BETWEEN 9434053 AND 9435052 ORDER BY c
	-> Sort: sbtest8.c
    -> Table scan on <temporary>  (cost=809..835 rows=1872)
        -> Temporary table with deduplication  (cost=809..809 rows=1872)
            -> Filter: (sbtest8.id between 9434053 and 9435052)  (cost=378 rows=1872)
                -> Index range scan on sbtest8 using PRIMARY over (9434053 <= id <= 9435052)  (cost=378 rows=1872)


for: distinct_ranges
table 1 : explain SELECT DISTINCT c FROM sbtest1 WHERE id BETWEEN 8046086 AND 8047085 ORDER BY c
	-> Sort: sbtest1.c
    -> Table scan on <temporary>  (cost=794..820 rows=1838)
        -> Temporary table with deduplication  (cost=794..794 rows=1838)
            -> Filter: (sbtest1.id between 8046086 and 8047085)  (cost=371 rows=1838)
                -> Index range scan on sbtest1 using PRIMARY over (8046086 <= id <= 8047085)  (cost=371 rows=1838)


table 2 : explain SELECT DISTINCT c FROM sbtest2 WHERE id BETWEEN 5566764 AND 5567763 ORDER BY c
	-> Sort: sbtest2.c
    -> Table scan on <temporary>  (cost=794..820 rows=1838)
        -> Temporary table with deduplication  (cost=794..794 rows=1838)
            -> Filter: (sbtest2.id between 5566764 and 5567763)  (cost=371 rows=1838)
                -> Index range scan on sbtest2 using PRIMARY over (5566764 <= id <= 5567763)  (cost=371 rows=1838)


table 3 : explain SELECT DISTINCT c FROM sbtest3 WHERE id BETWEEN 1205708 AND 1206707 ORDER BY c
	-> Sort: sbtest3.c
    -> Table scan on <temporary>  (cost=809..835 rows=1872)
        -> Temporary table with deduplication  (cost=809..809 rows=1872)
            -> Filter: (sbtest3.id between 1205708 and 1206707)  (cost=378 rows=1872)
                -> Index range scan on sbtest3 using PRIMARY over (1205708 <= id <= 1206707)  (cost=378 rows=1872)


table 4 : explain SELECT DISTINCT c FROM sbtest4 WHERE id BETWEEN 2647449 AND 2648448 ORDER BY c
	-> Sort: sbtest4.c
    -> Table scan on <temporary>  (cost=794..820 rows=1838)
        -> Temporary table with deduplication  (cost=794..794 rows=1838)
            -> Filter: (sbtest4.id between 2647449 and 2648448)  (cost=371 rows=1838)
                -> Index range scan on sbtest4 using PRIMARY over (2647449 <= id <= 2648448)  (cost=371 rows=1838)


table 5 : explain SELECT DISTINCT c FROM sbtest5 WHERE id BETWEEN 6105482 AND 6106481 ORDER BY c
	-> Sort: sbtest5.c
    -> Table scan on <temporary>  (cost=809..835 rows=1872)
        -> Temporary table with deduplication  (cost=809..809 rows=1872)
            -> Filter: (sbtest5.id between 6105482 and 6106481)  (cost=378 rows=1872)
                -> Index range scan on sbtest5 using PRIMARY over (6105482 <= id <= 6106481)  (cost=378 rows=1872)


table 6 : explain SELECT DISTINCT c FROM sbtest6 WHERE id BETWEEN 3862841 AND 3863840 ORDER BY c
	-> Sort: sbtest6.c
    -> Table scan on <temporary>  (cost=809..835 rows=1872)
        -> Temporary table with deduplication  (cost=809..809 rows=1872)
            -> Filter: (sbtest6.id between 3862841 and 3863840)  (cost=378 rows=1872)
                -> Index range scan on sbtest6 using PRIMARY over (3862841 <= id <= 3863840)  (cost=378 rows=1872)


table 7 : explain SELECT DISTINCT c FROM sbtest7 WHERE id BETWEEN 6639162 AND 6640161 ORDER BY c
	-> Sort: sbtest7.c
    -> Table scan on <temporary>  (cost=794..820 rows=1838)
        -> Temporary table with deduplication  (cost=794..794 rows=1838)
            -> Filter: (sbtest7.id between 6639162 and 6640161)  (cost=371 rows=1838)
                -> Index range scan on sbtest7 using PRIMARY over (6639162 <= id <= 6640161)  (cost=371 rows=1838)


table 8 : explain SELECT DISTINCT c FROM sbtest8 WHERE id BETWEEN 4850458 AND 4851457 ORDER BY c
	-> Sort: sbtest8.c
    -> Table scan on <temporary>  (cost=809..835 rows=1872)
        -> Temporary table with deduplication  (cost=809..809 rows=1872)
            -> Filter: (sbtest8.id between 4850458 and 4851457)  (cost=378 rows=1872)
                -> Index range scan on sbtest8 using PRIMARY over (4850458 <= id <= 4851457)  (cost=378 rows=1872)


for: order_ranges
table 1 : explain SELECT c FROM sbtest1 WHERE id BETWEEN 6408686 AND 6409685 ORDER BY c
	-> Sort: sbtest1.c  (cost=371 rows=1838)
    -> Filter: (sbtest1.id between 6408686 and 6409685)  (cost=371 rows=1838)
        -> Index range scan on sbtest1 using PRIMARY over (6408686 <= id <= 6409685)  (cost=371 rows=1838)


table 2 : explain SELECT c FROM sbtest2 WHERE id BETWEEN 2035300 AND 2036299 ORDER BY c
	-> Sort: sbtest2.c  (cost=371 rows=1838)
    -> Filter: (sbtest2.id between 2035300 and 2036299)  (cost=371 rows=1838)
        -> Index range scan on sbtest2 using PRIMARY over (2035300 <= id <= 2036299)  (cost=371 rows=1838)


table 3 : explain SELECT c FROM sbtest3 WHERE id BETWEEN 4365442 AND 4366441 ORDER BY c
	-> Sort: sbtest3.c  (cost=378 rows=1872)
    -> Filter: (sbtest3.id between 4365442 and 4366441)  (cost=378 rows=1872)
        -> Index range scan on sbtest3 using PRIMARY over (4365442 <= id <= 4366441)  (cost=378 rows=1872)


table 4 : explain SELECT c FROM sbtest4 WHERE id BETWEEN 6272529 AND 6273528 ORDER BY c
	-> Sort: sbtest4.c  (cost=371 rows=1838)
    -> Filter: (sbtest4.id between 6272529 and 6273528)  (cost=371 rows=1838)
        -> Index range scan on sbtest4 using PRIMARY over (6272529 <= id <= 6273528)  (cost=371 rows=1838)


table 5 : explain SELECT c FROM sbtest5 WHERE id BETWEEN 9040926 AND 9041925 ORDER BY c
	-> Sort: sbtest5.c  (cost=371 rows=1838)
    -> Filter: (sbtest5.id between 9040926 and 9041925)  (cost=371 rows=1838)
        -> Index range scan on sbtest5 using PRIMARY over (9040926 <= id <= 9041925)  (cost=371 rows=1838)


table 6 : explain SELECT c FROM sbtest6 WHERE id BETWEEN 3489422 AND 3490421 ORDER BY c
	-> Sort: sbtest6.c  (cost=371 rows=1838)
    -> Filter: (sbtest6.id between 3489422 and 3490421)  (cost=371 rows=1838)
        -> Index range scan on sbtest6 using PRIMARY over (3489422 <= id <= 3490421)  (cost=371 rows=1838)


table 7 : explain SELECT c FROM sbtest7 WHERE id BETWEEN 424214 AND 425213 ORDER BY c
	-> Sort: sbtest7.c  (cost=371 rows=1838)
    -> Filter: (sbtest7.id between 424214 and 425213)  (cost=371 rows=1838)
        -> Index range scan on sbtest7 using PRIMARY over (424214 <= id <= 425213)  (cost=371 rows=1838)


table 8 : explain SELECT c FROM sbtest8 WHERE id BETWEEN 1360505 AND 1361504 ORDER BY c
	-> Sort: sbtest8.c  (cost=371 rows=1838)
    -> Filter: (sbtest8.id between 1360505 and 1361504)  (cost=371 rows=1838)
        -> Index range scan on sbtest8 using PRIMARY over (1360505 <= id <= 1361504)  (cost=371 rows=1838)


for: order_ranges
table 1 : explain SELECT c FROM sbtest1 WHERE id BETWEEN 7132805 AND 7133804 ORDER BY c
	-> Sort: sbtest1.c  (cost=378 rows=1872)
    -> Filter: (sbtest1.id between 7132805 and 7133804)  (cost=378 rows=1872)
        -> Index range scan on sbtest1 using PRIMARY over (7132805 <= id <= 7133804)  (cost=378 rows=1872)


table 2 : explain SELECT c FROM sbtest2 WHERE id BETWEEN 6941764 AND 6942763 ORDER BY c
	-> Sort: sbtest2.c  (cost=378 rows=1872)
    -> Filter: (sbtest2.id between 6941764 and 6942763)  (cost=378 rows=1872)
        -> Index range scan on sbtest2 using PRIMARY over (6941764 <= id <= 6942763)  (cost=378 rows=1872)


table 3 : explain SELECT c FROM sbtest3 WHERE id BETWEEN 4006496 AND 4007495 ORDER BY c
	-> Sort: sbtest3.c  (cost=371 rows=1840)
    -> Filter: (sbtest3.id between 4006496 and 4007495)  (cost=371 rows=1840)
        -> Index range scan on sbtest3 using PRIMARY over (4006496 <= id <= 4007495)  (cost=371 rows=1840)


table 4 : explain SELECT c FROM sbtest4 WHERE id BETWEEN 1020682 AND 1021681 ORDER BY c
	-> Sort: sbtest4.c  (cost=371 rows=1838)
    -> Filter: (sbtest4.id between 1020682 and 1021681)  (cost=371 rows=1838)
        -> Index range scan on sbtest4 using PRIMARY over (1020682 <= id <= 1021681)  (cost=371 rows=1838)


table 5 : explain SELECT c FROM sbtest5 WHERE id BETWEEN 1974048 AND 1975047 ORDER BY c
	-> Sort: sbtest5.c  (cost=378 rows=1872)
    -> Filter: (sbtest5.id between 1974048 and 1975047)  (cost=378 rows=1872)
        -> Index range scan on sbtest5 using PRIMARY over (1974048 <= id <= 1975047)  (cost=378 rows=1872)


table 6 : explain SELECT c FROM sbtest6 WHERE id BETWEEN 896974 AND 897973 ORDER BY c
	-> Sort: sbtest6.c  (cost=371 rows=1838)
    -> Filter: (sbtest6.id between 896974 and 897973)  (cost=371 rows=1838)
        -> Index range scan on sbtest6 using PRIMARY over (896974 <= id <= 897973)  (cost=371 rows=1838)


table 7 : explain SELECT c FROM sbtest7 WHERE id BETWEEN 4334111 AND 4335110 ORDER BY c
	-> Sort: sbtest7.c  (cost=371 rows=1838)
    -> Filter: (sbtest7.id between 4334111 and 4335110)  (cost=371 rows=1838)
        -> Index range scan on sbtest7 using PRIMARY over (4334111 <= id <= 4335110)  (cost=371 rows=1838)


table 8 : explain SELECT c FROM sbtest8 WHERE id BETWEEN 171744 AND 172743 ORDER BY c
	-> Sort: sbtest8.c  (cost=378 rows=1872)
    -> Filter: (sbtest8.id between 171744 and 172743)  (cost=378 rows=1872)
        -> Index range scan on sbtest8 using PRIMARY over (171744 <= id <= 172743)  (cost=378 rows=1872)


for: order_ranges
table 1 : explain SELECT c FROM sbtest1 WHERE id BETWEEN 5423337 AND 5424336 ORDER BY c
	-> Sort: sbtest1.c  (cost=371 rows=1838)
    -> Filter: (sbtest1.id between 5423337 and 5424336)  (cost=371 rows=1838)
        -> Index range scan on sbtest1 using PRIMARY over (5423337 <= id <= 5424336)  (cost=371 rows=1838)


table 2 : explain SELECT c FROM sbtest2 WHERE id BETWEEN 8696748 AND 8697747 ORDER BY c
	-> Sort: sbtest2.c  (cost=378 rows=1872)
    -> Filter: (sbtest2.id between 8696748 and 8697747)  (cost=378 rows=1872)
        -> Index range scan on sbtest2 using PRIMARY over (8696748 <= id <= 8697747)  (cost=378 rows=1872)


table 3 : explain SELECT c FROM sbtest3 WHERE id BETWEEN 7860183 AND 7861182 ORDER BY c
	-> Sort: sbtest3.c  (cost=378 rows=1872)
    -> Filter: (sbtest3.id between 7860183 and 7861182)  (cost=378 rows=1872)
        -> Index range scan on sbtest3 using PRIMARY over (7860183 <= id <= 7861182)  (cost=378 rows=1872)


table 4 : explain SELECT c FROM sbtest4 WHERE id BETWEEN 1329088 AND 1330087 ORDER BY c
	-> Sort: sbtest4.c  (cost=378 rows=1872)
    -> Filter: (sbtest4.id between 1329088 and 1330087)  (cost=378 rows=1872)
        -> Index range scan on sbtest4 using PRIMARY over (1329088 <= id <= 1330087)  (cost=378 rows=1872)


table 5 : explain SELECT c FROM sbtest5 WHERE id BETWEEN 9617059 AND 9618058 ORDER BY c
	-> Sort: sbtest5.c  (cost=378 rows=1872)
    -> Filter: (sbtest5.id between 9617059 and 9618058)  (cost=378 rows=1872)
        -> Index range scan on sbtest5 using PRIMARY over (9617059 <= id <= 9618058)  (cost=378 rows=1872)


table 6 : explain SELECT c FROM sbtest6 WHERE id BETWEEN 4379682 AND 4380681 ORDER BY c
	-> Sort: sbtest6.c  (cost=378 rows=1872)
    -> Filter: (sbtest6.id between 4379682 and 4380681)  (cost=378 rows=1872)
        -> Index range scan on sbtest6 using PRIMARY over (4379682 <= id <= 4380681)  (cost=378 rows=1872)


table 7 : explain SELECT c FROM sbtest7 WHERE id BETWEEN 1805685 AND 1806684 ORDER BY c
	-> Sort: sbtest7.c  (cost=371 rows=1838)
    -> Filter: (sbtest7.id between 1805685 and 1806684)  (cost=371 rows=1838)
        -> Index range scan on sbtest7 using PRIMARY over (1805685 <= id <= 1806684)  (cost=371 rows=1838)


table 8 : explain SELECT c FROM sbtest8 WHERE id BETWEEN 9579150 AND 9580149 ORDER BY c
	-> Sort: sbtest8.c  (cost=371 rows=1838)
    -> Filter: (sbtest8.id between 9579150 and 9580149)  (cost=371 rows=1838)
        -> Index range scan on sbtest8 using PRIMARY over (9579150 <= id <= 9580149)  (cost=371 rows=1838)


for: distinct_ranges
table 1 : explain SELECT DISTINCT c FROM sbtest1 WHERE id BETWEEN 7514219 AND 7515218 ORDER BY c
	-> Sort: sbtest1.c
    -> Table scan on <temporary>  (cost=795..821 rows=1840)
        -> Temporary table with deduplication  (cost=795..795 rows=1840)
            -> Filter: (sbtest1.id between 7514219 and 7515218)  (cost=371 rows=1840)
                -> Index range scan on sbtest1 using PRIMARY over (7514219 <= id <= 7515218)  (cost=371 rows=1840)


table 2 : explain SELECT DISTINCT c FROM sbtest2 WHERE id BETWEEN 7759057 AND 7760056 ORDER BY c
	-> Sort: sbtest2.c
    -> Table scan on <temporary>  (cost=794..820 rows=1838)
        -> Temporary table with deduplication  (cost=794..794 rows=1838)
            -> Filter: (sbtest2.id between 7759057 and 7760056)  (cost=371 rows=1838)
                -> Index range scan on sbtest2 using PRIMARY over (7759057 <= id <= 7760056)  (cost=371 rows=1838)


table 3 : explain SELECT DISTINCT c FROM sbtest3 WHERE id BETWEEN 6557624 AND 6558623 ORDER BY c
	-> Sort: sbtest3.c
    -> Table scan on <temporary>  (cost=794..820 rows=1838)
        -> Temporary table with deduplication  (cost=794..794 rows=1838)
            -> Filter: (sbtest3.id between 6557624 and 6558623)  (cost=371 rows=1838)
                -> Index range scan on sbtest3 using PRIMARY over (6557624 <= id <= 6558623)  (cost=371 rows=1838)


table 4 : explain SELECT DISTINCT c FROM sbtest4 WHERE id BETWEEN 6553859 AND 6554858 ORDER BY c
	-> Sort: sbtest4.c
    -> Table scan on <temporary>  (cost=794..820 rows=1838)
        -> Temporary table with deduplication  (cost=794..794 rows=1838)
            -> Filter: (sbtest4.id between 6553859 and 6554858)  (cost=371 rows=1838)
                -> Index range scan on sbtest4 using PRIMARY over (6553859 <= id <= 6554858)  (cost=371 rows=1838)


table 5 : explain SELECT DISTINCT c FROM sbtest5 WHERE id BETWEEN 493042 AND 494041 ORDER BY c
	-> Sort: sbtest5.c
    -> Table scan on <temporary>  (cost=794..820 rows=1838)
        -> Temporary table with deduplication  (cost=794..794 rows=1838)
            -> Filter: (sbtest5.id between 493042 and 494041)  (cost=371 rows=1838)
                -> Index range scan on sbtest5 using PRIMARY over (493042 <= id <= 494041)  (cost=371 rows=1838)


table 6 : explain SELECT DISTINCT c FROM sbtest6 WHERE id BETWEEN 8580723 AND 8581722 ORDER BY c
	-> Sort: sbtest6.c
    -> Table scan on <temporary>  (cost=794..820 rows=1838)
        -> Temporary table with deduplication  (cost=794..794 rows=1838)
            -> Filter: (sbtest6.id between 8580723 and 8581722)  (cost=371 rows=1838)
                -> Index range scan on sbtest6 using PRIMARY over (8580723 <= id <= 8581722)  (cost=371 rows=1838)


table 7 : explain SELECT DISTINCT c FROM sbtest7 WHERE id BETWEEN 115468 AND 116467 ORDER BY c
	-> Sort: sbtest7.c
    -> Table scan on <temporary>  (cost=809..835 rows=1872)
        -> Temporary table with deduplication  (cost=809..809 rows=1872)
            -> Filter: (sbtest7.id between 115468 and 116467)  (cost=378 rows=1872)
                -> Index range scan on sbtest7 using PRIMARY over (115468 <= id <= 116467)  (cost=378 rows=1872)


table 8 : explain SELECT DISTINCT c FROM sbtest8 WHERE id BETWEEN 3710393 AND 3711392 ORDER BY c
	-> Sort: sbtest8.c
    -> Table scan on <temporary>  (cost=794..820 rows=1838)
        -> Temporary table with deduplication  (cost=794..794 rows=1838)
            -> Filter: (sbtest8.id between 3710393 and 3711392)  (cost=371 rows=1838)
                -> Index range scan on sbtest8 using PRIMARY over (3710393 <= id <= 3711392)  (cost=371 rows=1838)


for: distinct_ranges
table 1 : explain SELECT DISTINCT c FROM sbtest1 WHERE id BETWEEN 6838977 AND 6839976 ORDER BY c
	-> Sort: sbtest1.c
    -> Table scan on <temporary>  (cost=809..835 rows=1872)
        -> Temporary table with deduplication  (cost=809..809 rows=1872)
            -> Filter: (sbtest1.id between 6838977 and 6839976)  (cost=378 rows=1872)
                -> Index range scan on sbtest1 using PRIMARY over (6838977 <= id <= 6839976)  (cost=378 rows=1872)


table 2 : explain SELECT DISTINCT c FROM sbtest2 WHERE id BETWEEN 6491958 AND 6492957 ORDER BY c
	-> Sort: sbtest2.c
    -> Table scan on <temporary>  (cost=794..820 rows=1838)
        -> Temporary table with deduplication  (cost=794..794 rows=1838)
            -> Filter: (sbtest2.id between 6491958 and 6492957)  (cost=371 rows=1838)
                -> Index range scan on sbtest2 using PRIMARY over (6491958 <= id <= 6492957)  (cost=371 rows=1838)


table 3 : explain SELECT DISTINCT c FROM sbtest3 WHERE id BETWEEN 6945474 AND 6946473 ORDER BY c
	-> Sort: sbtest3.c
    -> Table scan on <temporary>  (cost=794..820 rows=1838)
        -> Temporary table with deduplication  (cost=794..794 rows=1838)
            -> Filter: (sbtest3.id between 6945474 and 6946473)  (cost=371 rows=1838)
                -> Index range scan on sbtest3 using PRIMARY over (6945474 <= id <= 6946473)  (cost=371 rows=1838)


table 4 : explain SELECT DISTINCT c FROM sbtest4 WHERE id BETWEEN 6514989 AND 6515988 ORDER BY c
	-> Sort: sbtest4.c
    -> Table scan on <temporary>  (cost=794..820 rows=1838)
        -> Temporary table with deduplication  (cost=794..794 rows=1838)
            -> Filter: (sbtest4.id between 6514989 and 6515988)  (cost=371 rows=1838)
                -> Index range scan on sbtest4 using PRIMARY over (6514989 <= id <= 6515988)  (cost=371 rows=1838)


table 5 : explain SELECT DISTINCT c FROM sbtest5 WHERE id BETWEEN 4732900 AND 4733899 ORDER BY c
	-> Sort: sbtest5.c
    -> Table scan on <temporary>  (cost=794..820 rows=1838)
        -> Temporary table with deduplication  (cost=794..794 rows=1838)
            -> Filter: (sbtest5.id between 4732900 and 4733899)  (cost=371 rows=1838)
                -> Index range scan on sbtest5 using PRIMARY over (4732900 <= id <= 4733899)  (cost=371 rows=1838)


table 6 : explain SELECT DISTINCT c FROM sbtest6 WHERE id BETWEEN 8301642 AND 8302641 ORDER BY c
	-> Sort: sbtest6.c
    -> Table scan on <temporary>  (cost=794..820 rows=1838)
        -> Temporary table with deduplication  (cost=794..794 rows=1838)
            -> Filter: (sbtest6.id between 8301642 and 8302641)  (cost=371 rows=1838)
                -> Index range scan on sbtest6 using PRIMARY over (8301642 <= id <= 8302641)  (cost=371 rows=1838)


table 7 : explain SELECT DISTINCT c FROM sbtest7 WHERE id BETWEEN 5731185 AND 5732184 ORDER BY c
	-> Sort: sbtest7.c
    -> Table scan on <temporary>  (cost=794..820 rows=1838)
        -> Temporary table with deduplication  (cost=794..794 rows=1838)
            -> Filter: (sbtest7.id between 5731185 and 5732184)  (cost=371 rows=1838)
                -> Index range scan on sbtest7 using PRIMARY over (5731185 <= id <= 5732184)  (cost=371 rows=1838)


table 8 : explain SELECT DISTINCT c FROM sbtest8 WHERE id BETWEEN 3051320 AND 3052319 ORDER BY c
	-> Sort: sbtest8.c
    -> Table scan on <temporary>  (cost=794..820 rows=1838)
        -> Temporary table with deduplication  (cost=794..794 rows=1838)
            -> Filter: (sbtest8.id between 3051320 and 3052319)  (cost=371 rows=1838)
                -> Index range scan on sbtest8 using PRIMARY over (3051320 <= id <= 3052319)  (cost=371 rows=1838)


for: distinct_ranges
table 1 : explain SELECT DISTINCT c FROM sbtest1 WHERE id BETWEEN 7918444 AND 7919443 ORDER BY c
	-> Sort: sbtest1.c
    -> Table scan on <temporary>  (cost=794..820 rows=1838)
        -> Temporary table with deduplication  (cost=794..794 rows=1838)
            -> Filter: (sbtest1.id between 7918444 and 7919443)  (cost=371 rows=1838)
                -> Index range scan on sbtest1 using PRIMARY over (7918444 <= id <= 7919443)  (cost=371 rows=1838)


table 2 : explain SELECT DISTINCT c FROM sbtest2 WHERE id BETWEEN 5455663 AND 5456662 ORDER BY c
	-> Sort: sbtest2.c
    -> Table scan on <temporary>  (cost=794..820 rows=1838)
        -> Temporary table with deduplication  (cost=794..794 rows=1838)
            -> Filter: (sbtest2.id between 5455663 and 5456662)  (cost=371 rows=1838)
                -> Index range scan on sbtest2 using PRIMARY over (5455663 <= id <= 5456662)  (cost=371 rows=1838)


table 3 : explain SELECT DISTINCT c FROM sbtest3 WHERE id BETWEEN 833140 AND 834139 ORDER BY c
	-> Sort: sbtest3.c
    -> Table scan on <temporary>  (cost=794..820 rows=1838)
        -> Temporary table with deduplication  (cost=794..794 rows=1838)
            -> Filter: (sbtest3.id between 833140 and 834139)  (cost=371 rows=1838)
                -> Index range scan on sbtest3 using PRIMARY over (833140 <= id <= 834139)  (cost=371 rows=1838)


table 4 : explain SELECT DISTINCT c FROM sbtest4 WHERE id BETWEEN 9150489 AND 9151488 ORDER BY c
	-> Sort: sbtest4.c
    -> Table scan on <temporary>  (cost=794..820 rows=1838)
        -> Temporary table with deduplication  (cost=794..794 rows=1838)
            -> Filter: (sbtest4.id between 9150489 and 9151488)  (cost=371 rows=1838)
                -> Index range scan on sbtest4 using PRIMARY over (9150489 <= id <= 9151488)  (cost=371 rows=1838)


table 5 : explain SELECT DISTINCT c FROM sbtest5 WHERE id BETWEEN 5236654 AND 5237653 ORDER BY c
	-> Sort: sbtest5.c
    -> Table scan on <temporary>  (cost=794..820 rows=1838)
        -> Temporary table with deduplication  (cost=794..794 rows=1838)
            -> Filter: (sbtest5.id between 5236654 and 5237653)  (cost=371 rows=1838)
                -> Index range scan on sbtest5 using PRIMARY over (5236654 <= id <= 5237653)  (cost=371 rows=1838)


table 6 : explain SELECT DISTINCT c FROM sbtest6 WHERE id BETWEEN 4887545 AND 4888544 ORDER BY c
	-> Sort: sbtest6.c
    -> Table scan on <temporary>  (cost=809..835 rows=1872)
        -> Temporary table with deduplication  (cost=809..809 rows=1872)
            -> Filter: (sbtest6.id between 4887545 and 4888544)  (cost=378 rows=1872)
                -> Index range scan on sbtest6 using PRIMARY over (4887545 <= id <= 4888544)  (cost=378 rows=1872)


table 7 : explain SELECT DISTINCT c FROM sbtest7 WHERE id BETWEEN 3036860 AND 3037859 ORDER BY c
	-> Sort: sbtest7.c
    -> Table scan on <temporary>  (cost=794..820 rows=1838)
        -> Temporary table with deduplication  (cost=794..794 rows=1838)
            -> Filter: (sbtest7.id between 3036860 and 3037859)  (cost=371 rows=1838)
                -> Index range scan on sbtest7 using PRIMARY over (3036860 <= id <= 3037859)  (cost=371 rows=1838)


table 8 : explain SELECT DISTINCT c FROM sbtest8 WHERE id BETWEEN 9757833 AND 9758832 ORDER BY c
	-> Sort: sbtest8.c
    -> Table scan on <temporary>  (cost=794..820 rows=1838)
        -> Temporary table with deduplication  (cost=794..794 rows=1838)
            -> Filter: (sbtest8.id between 9757833 and 9758832)  (cost=371 rows=1838)
                -> Index range scan on sbtest8 using PRIMARY over (9757833 <= id <= 9758832)  (cost=371 rows=1838)


for: distinct_ranges
table 1 : explain SELECT DISTINCT c FROM sbtest1 WHERE id BETWEEN 3028555 AND 3029554 ORDER BY c
	-> Sort: sbtest1.c
    -> Table scan on <temporary>  (cost=794..820 rows=1838)
        -> Temporary table with deduplication  (cost=794..794 rows=1838)
            -> Filter: (sbtest1.id between 3028555 and 3029554)  (cost=371 rows=1838)
                -> Index range scan on sbtest1 using PRIMARY over (3028555 <= id <= 3029554)  (cost=371 rows=1838)


table 2 : explain SELECT DISTINCT c FROM sbtest2 WHERE id BETWEEN 7185907 AND 7186906 ORDER BY c
	-> Sort: sbtest2.c
    -> Table scan on <temporary>  (cost=794..820 rows=1838)
        -> Temporary table with deduplication  (cost=794..794 rows=1838)
            -> Filter: (sbtest2.id between 7185907 and 7186906)  (cost=371 rows=1838)
                -> Index range scan on sbtest2 using PRIMARY over (7185907 <= id <= 7186906)  (cost=371 rows=1838)


table 3 : explain SELECT DISTINCT c FROM sbtest3 WHERE id BETWEEN 4059934 AND 4060933 ORDER BY c
	-> Sort: sbtest3.c
    -> Table scan on <temporary>  (cost=809..835 rows=1872)
        -> Temporary table with deduplication  (cost=809..809 rows=1872)
            -> Filter: (sbtest3.id between 4059934 and 4060933)  (cost=378 rows=1872)
                -> Index range scan on sbtest3 using PRIMARY over (4059934 <= id <= 4060933)  (cost=378 rows=1872)


table 4 : explain SELECT DISTINCT c FROM sbtest4 WHERE id BETWEEN 727098 AND 728097 ORDER BY c
	-> Sort: sbtest4.c
    -> Table scan on <temporary>  (cost=794..820 rows=1838)
        -> Temporary table with deduplication  (cost=794..794 rows=1838)
            -> Filter: (sbtest4.id between 727098 and 728097)  (cost=371 rows=1838)
                -> Index range scan on sbtest4 using PRIMARY over (727098 <= id <= 728097)  (cost=371 rows=1838)


table 5 : explain SELECT DISTINCT c FROM sbtest5 WHERE id BETWEEN 9770874 AND 9771873 ORDER BY c
	-> Sort: sbtest5.c
    -> Table scan on <temporary>  (cost=809..835 rows=1872)
        -> Temporary table with deduplication  (cost=809..809 rows=1872)
            -> Filter: (sbtest5.id between 9770874 and 9771873)  (cost=378 rows=1872)
                -> Index range scan on sbtest5 using PRIMARY over (9770874 <= id <= 9771873)  (cost=378 rows=1872)


table 6 : explain SELECT DISTINCT c FROM sbtest6 WHERE id BETWEEN 3025294 AND 3026293 ORDER BY c
	-> Sort: sbtest6.c
    -> Table scan on <temporary>  (cost=794..820 rows=1838)
        -> Temporary table with deduplication  (cost=794..794 rows=1838)
            -> Filter: (sbtest6.id between 3025294 and 3026293)  (cost=371 rows=1838)
                -> Index range scan on sbtest6 using PRIMARY over (3025294 <= id <= 3026293)  (cost=371 rows=1838)


table 7 : explain SELECT DISTINCT c FROM sbtest7 WHERE id BETWEEN 2473630 AND 2474629 ORDER BY c
	-> Sort: sbtest7.c
    -> Table scan on <temporary>  (cost=794..820 rows=1838)
        -> Temporary table with deduplication  (cost=794..794 rows=1838)
            -> Filter: (sbtest7.id between 2473630 and 2474629)  (cost=371 rows=1838)
                -> Index range scan on sbtest7 using PRIMARY over (2473630 <= id <= 2474629)  (cost=371 rows=1838)


table 8 : explain SELECT DISTINCT c FROM sbtest8 WHERE id BETWEEN 7184744 AND 7185743 ORDER BY c
	-> Sort: sbtest8.c
    -> Table scan on <temporary>  (cost=794..820 rows=1838)
        -> Temporary table with deduplication  (cost=794..794 rows=1838)
            -> Filter: (sbtest8.id between 7184744 and 7185743)  (cost=371 rows=1838)
                -> Index range scan on sbtest8 using PRIMARY over (7184744 <= id <= 7185743)  (cost=371 rows=1838)


for: distinct_ranges
table 1 : explain SELECT DISTINCT c FROM sbtest1 WHERE id BETWEEN 9559563 AND 9560562 ORDER BY c
	-> Sort: sbtest1.c
    -> Table scan on <temporary>  (cost=794..820 rows=1838)
        -> Temporary table with deduplication  (cost=794..794 rows=1838)
            -> Filter: (sbtest1.id between 9559563 and 9560562)  (cost=371 rows=1838)
                -> Index range scan on sbtest1 using PRIMARY over (9559563 <= id <= 9560562)  (cost=371 rows=1838)


table 2 : explain SELECT DISTINCT c FROM sbtest2 WHERE id BETWEEN 3739330 AND 3740329 ORDER BY c
	-> Sort: sbtest2.c
    -> Table scan on <temporary>  (cost=809..835 rows=1872)
        -> Temporary table with deduplication  (cost=809..809 rows=1872)
            -> Filter: (sbtest2.id between 3739330 and 3740329)  (cost=378 rows=1872)
                -> Index range scan on sbtest2 using PRIMARY over (3739330 <= id <= 3740329)  (cost=378 rows=1872)


table 3 : explain SELECT DISTINCT c FROM sbtest3 WHERE id BETWEEN 1405859 AND 1406858 ORDER BY c
	-> Sort: sbtest3.c
    -> Table scan on <temporary>  (cost=794..820 rows=1838)
        -> Temporary table with deduplication  (cost=794..794 rows=1838)
            -> Filter: (sbtest3.id between 1405859 and 1406858)  (cost=371 rows=1838)
                -> Index range scan on sbtest3 using PRIMARY over (1405859 <= id <= 1406858)  (cost=371 rows=1838)


table 4 : explain SELECT DISTINCT c FROM sbtest4 WHERE id BETWEEN 197476 AND 198475 ORDER BY c
	-> Sort: sbtest4.c
    -> Table scan on <temporary>  (cost=794..820 rows=1838)
        -> Temporary table with deduplication  (cost=794..794 rows=1838)
            -> Filter: (sbtest4.id between 197476 and 198475)  (cost=371 rows=1838)
                -> Index range scan on sbtest4 using PRIMARY over (197476 <= id <= 198475)  (cost=371 rows=1838)


table 5 : explain SELECT DISTINCT c FROM sbtest5 WHERE id BETWEEN 1382118 AND 1383117 ORDER BY c
	-> Sort: sbtest5.c
    -> Table scan on <temporary>  (cost=794..820 rows=1838)
        -> Temporary table with deduplication  (cost=794..794 rows=1838)
            -> Filter: (sbtest5.id between 1382118 and 1383117)  (cost=371 rows=1838)
                -> Index range scan on sbtest5 using PRIMARY over (1382118 <= id <= 1383117)  (cost=371 rows=1838)


table 6 : explain SELECT DISTINCT c FROM sbtest6 WHERE id BETWEEN 8858695 AND 8859694 ORDER BY c
	-> Sort: sbtest6.c
    -> Table scan on <temporary>  (cost=794..820 rows=1838)
        -> Temporary table with deduplication  (cost=794..794 rows=1838)
            -> Filter: (sbtest6.id between 8858695 and 8859694)  (cost=371 rows=1838)
                -> Index range scan on sbtest6 using PRIMARY over (8858695 <= id <= 8859694)  (cost=371 rows=1838)


table 7 : explain SELECT DISTINCT c FROM sbtest7 WHERE id BETWEEN 2201046 AND 2202045 ORDER BY c
	-> Sort: sbtest7.c
    -> Table scan on <temporary>  (cost=794..820 rows=1838)
        -> Temporary table with deduplication  (cost=794..794 rows=1838)
            -> Filter: (sbtest7.id between 2201046 and 2202045)  (cost=371 rows=1838)
                -> Index range scan on sbtest7 using PRIMARY over (2201046 <= id <= 2202045)  (cost=371 rows=1838)


table 8 : explain SELECT DISTINCT c FROM sbtest8 WHERE id BETWEEN 4523574 AND 4524573 ORDER BY c
	-> Sort: sbtest8.c
    -> Table scan on <temporary>  (cost=809..835 rows=1872)
        -> Temporary table with deduplication  (cost=809..809 rows=1872)
            -> Filter: (sbtest8.id between 4523574 and 4524573)  (cost=378 rows=1872)
                -> Index range scan on sbtest8 using PRIMARY over (4523574 <= id <= 4524573)  (cost=378 rows=1872)


for: distinct_ranges
table 1 : explain SELECT DISTINCT c FROM sbtest1 WHERE id BETWEEN 8536720 AND 8537719 ORDER BY c
	-> Sort: sbtest1.c
    -> Table scan on <temporary>  (cost=794..820 rows=1838)
        -> Temporary table with deduplication  (cost=794..794 rows=1838)
            -> Filter: (sbtest1.id between 8536720 and 8537719)  (cost=371 rows=1838)
                -> Index range scan on sbtest1 using PRIMARY over (8536720 <= id <= 8537719)  (cost=371 rows=1838)


table 2 : explain SELECT DISTINCT c FROM sbtest2 WHERE id BETWEEN 8573330 AND 8574329 ORDER BY c
	-> Sort: sbtest2.c
    -> Table scan on <temporary>  (cost=794..820 rows=1838)
        -> Temporary table with deduplication  (cost=794..794 rows=1838)
            -> Filter: (sbtest2.id between 8573330 and 8574329)  (cost=371 rows=1838)
                -> Index range scan on sbtest2 using PRIMARY over (8573330 <= id <= 8574329)  (cost=371 rows=1838)


table 3 : explain SELECT DISTINCT c FROM sbtest3 WHERE id BETWEEN 9100813 AND 9101812 ORDER BY c
	-> Sort: sbtest3.c
    -> Table scan on <temporary>  (cost=809..835 rows=1872)
        -> Temporary table with deduplication  (cost=809..809 rows=1872)
            -> Filter: (sbtest3.id between 9100813 and 9101812)  (cost=378 rows=1872)
                -> Index range scan on sbtest3 using PRIMARY over (9100813 <= id <= 9101812)  (cost=378 rows=1872)


table 4 : explain SELECT DISTINCT c FROM sbtest4 WHERE id BETWEEN 3704439 AND 3705438 ORDER BY c
	-> Sort: sbtest4.c
    -> Table scan on <temporary>  (cost=809..835 rows=1872)
        -> Temporary table with deduplication  (cost=809..809 rows=1872)
            -> Filter: (sbtest4.id between 3704439 and 3705438)  (cost=378 rows=1872)
                -> Index range scan on sbtest4 using PRIMARY over (3704439 <= id <= 3705438)  (cost=378 rows=1872)


table 5 : explain SELECT DISTINCT c FROM sbtest5 WHERE id BETWEEN 1910377 AND 1911376 ORDER BY c
	-> Sort: sbtest5.c
    -> Table scan on <temporary>  (cost=809..835 rows=1872)
        -> Temporary table with deduplication  (cost=809..809 rows=1872)
            -> Filter: (sbtest5.id between 1910377 and 1911376)  (cost=378 rows=1872)
                -> Index range scan on sbtest5 using PRIMARY over (1910377 <= id <= 1911376)  (cost=378 rows=1872)


table 6 : explain SELECT DISTINCT c FROM sbtest6 WHERE id BETWEEN 9100540 AND 9101539 ORDER BY c
	-> Sort: sbtest6.c
    -> Table scan on <temporary>  (cost=794..820 rows=1838)
        -> Temporary table with deduplication  (cost=794..794 rows=1838)
            -> Filter: (sbtest6.id between 9100540 and 9101539)  (cost=371 rows=1838)
                -> Index range scan on sbtest6 using PRIMARY over (9100540 <= id <= 9101539)  (cost=371 rows=1838)


table 7 : explain SELECT DISTINCT c FROM sbtest7 WHERE id BETWEEN 3038425 AND 3039424 ORDER BY c
	-> Sort: sbtest7.c
    -> Table scan on <temporary>  (cost=794..820 rows=1838)
        -> Temporary table with deduplication  (cost=794..794 rows=1838)
            -> Filter: (sbtest7.id between 3038425 and 3039424)  (cost=371 rows=1838)
                -> Index range scan on sbtest7 using PRIMARY over (3038425 <= id <= 3039424)  (cost=371 rows=1838)


table 8 : explain SELECT DISTINCT c FROM sbtest8 WHERE id BETWEEN 3469878 AND 3470877 ORDER BY c
	-> Sort: sbtest8.c
    -> Table scan on <temporary>  (cost=809..835 rows=1872)
        -> Temporary table with deduplication  (cost=809..809 rows=1872)
            -> Filter: (sbtest8.id between 3469878 and 3470877)  (cost=378 rows=1872)
                -> Index range scan on sbtest8 using PRIMARY over (3469878 <= id <= 3470877)  (cost=378 rows=1872)


for: distinct_ranges
table 1 : explain SELECT DISTINCT c FROM sbtest1 WHERE id BETWEEN 2262756 AND 2263755 ORDER BY c
	-> Sort: sbtest1.c
    -> Table scan on <temporary>  (cost=809..835 rows=1872)
        -> Temporary table with deduplication  (cost=809..809 rows=1872)
            -> Filter: (sbtest1.id between 2262756 and 2263755)  (cost=378 rows=1872)
                -> Index range scan on sbtest1 using PRIMARY over (2262756 <= id <= 2263755)  (cost=378 rows=1872)


table 2 : explain SELECT DISTINCT c FROM sbtest2 WHERE id BETWEEN 4800009 AND 4801008 ORDER BY c
	-> Sort: sbtest2.c
    -> Table scan on <temporary>  (cost=809..835 rows=1872)
        -> Temporary table with deduplication  (cost=809..809 rows=1872)
            -> Filter: (sbtest2.id between 4800009 and 4801008)  (cost=378 rows=1872)
                -> Index range scan on sbtest2 using PRIMARY over (4800009 <= id <= 4801008)  (cost=378 rows=1872)


table 3 : explain SELECT DISTINCT c FROM sbtest3 WHERE id BETWEEN 9286888 AND 9287887 ORDER BY c
	-> Sort: sbtest3.c
    -> Table scan on <temporary>  (cost=809..835 rows=1872)
        -> Temporary table with deduplication  (cost=809..809 rows=1872)
            -> Filter: (sbtest3.id between 9286888 and 9287887)  (cost=378 rows=1872)
                -> Index range scan on sbtest3 using PRIMARY over (9286888 <= id <= 9287887)  (cost=378 rows=1872)


table 4 : explain SELECT DISTINCT c FROM sbtest4 WHERE id BETWEEN 6084282 AND 6085281 ORDER BY c
	-> Sort: sbtest4.c
    -> Table scan on <temporary>  (cost=794..820 rows=1838)
        -> Temporary table with deduplication  (cost=794..794 rows=1838)
            -> Filter: (sbtest4.id between 6084282 and 6085281)  (cost=371 rows=1838)
                -> Index range scan on sbtest4 using PRIMARY over (6084282 <= id <= 6085281)  (cost=371 rows=1838)


table 5 : explain SELECT DISTINCT c FROM sbtest5 WHERE id BETWEEN 9242783 AND 9243782 ORDER BY c
	-> Sort: sbtest5.c
    -> Table scan on <temporary>  (cost=794..820 rows=1838)
        -> Temporary table with deduplication  (cost=794..794 rows=1838)
            -> Filter: (sbtest5.id between 9242783 and 9243782)  (cost=371 rows=1838)
                -> Index range scan on sbtest5 using PRIMARY over (9242783 <= id <= 9243782)  (cost=371 rows=1838)


table 6 : explain SELECT DISTINCT c FROM sbtest6 WHERE id BETWEEN 1075130 AND 1076129 ORDER BY c
	-> Sort: sbtest6.c
    -> Table scan on <temporary>  (cost=809..835 rows=1872)
        -> Temporary table with deduplication  (cost=809..809 rows=1872)
            -> Filter: (sbtest6.id between 1075130 and 1076129)  (cost=378 rows=1872)
                -> Index range scan on sbtest6 using PRIMARY over (1075130 <= id <= 1076129)  (cost=378 rows=1872)


table 7 : explain SELECT DISTINCT c FROM sbtest7 WHERE id BETWEEN 1476300 AND 1477299 ORDER BY c
	-> Sort: sbtest7.c
    -> Table scan on <temporary>  (cost=794..820 rows=1838)
        -> Temporary table with deduplication  (cost=794..794 rows=1838)
            -> Filter: (sbtest7.id between 1476300 and 1477299)  (cost=371 rows=1838)
                -> Index range scan on sbtest7 using PRIMARY over (1476300 <= id <= 1477299)  (cost=371 rows=1838)


table 8 : explain SELECT DISTINCT c FROM sbtest8 WHERE id BETWEEN 838853 AND 839852 ORDER BY c
	-> Sort: sbtest8.c
    -> Table scan on <temporary>  (cost=794..820 rows=1838)
        -> Temporary table with deduplication  (cost=794..794 rows=1838)
            -> Filter: (sbtest8.id between 838853 and 839852)  (cost=371 rows=1838)
                -> Index range scan on sbtest8 using PRIMARY over (838853 <= id <= 839852)  (cost=371 rows=1838)


for: distinct_ranges
table 1 : explain SELECT DISTINCT c FROM sbtest1 WHERE id BETWEEN 950399 AND 951398 ORDER BY c
	-> Sort: sbtest1.c
    -> Table scan on <temporary>  (cost=794..820 rows=1838)
        -> Temporary table with deduplication  (cost=794..794 rows=1838)
            -> Filter: (sbtest1.id between 950399 and 951398)  (cost=371 rows=1838)
                -> Index range scan on sbtest1 using PRIMARY over (950399 <= id <= 951398)  (cost=371 rows=1838)


table 2 : explain SELECT DISTINCT c FROM sbtest2 WHERE id BETWEEN 150806 AND 151805 ORDER BY c
	-> Sort: sbtest2.c
    -> Table scan on <temporary>  (cost=794..820 rows=1838)
        -> Temporary table with deduplication  (cost=794..794 rows=1838)
            -> Filter: (sbtest2.id between 150806 and 151805)  (cost=371 rows=1838)
                -> Index range scan on sbtest2 using PRIMARY over (150806 <= id <= 151805)  (cost=371 rows=1838)


table 3 : explain SELECT DISTINCT c FROM sbtest3 WHERE id BETWEEN 7180181 AND 7181180 ORDER BY c
	-> Sort: sbtest3.c
    -> Table scan on <temporary>  (cost=809..835 rows=1872)
        -> Temporary table with deduplication  (cost=809..809 rows=1872)
            -> Filter: (sbtest3.id between 7180181 and 7181180)  (cost=378 rows=1872)
                -> Index range scan on sbtest3 using PRIMARY over (7180181 <= id <= 7181180)  (cost=378 rows=1872)


table 4 : explain SELECT DISTINCT c FROM sbtest4 WHERE id BETWEEN 6342293 AND 6343292 ORDER BY c
	-> Sort: sbtest4.c
    -> Table scan on <temporary>  (cost=809..835 rows=1872)
        -> Temporary table with deduplication  (cost=809..809 rows=1872)
            -> Filter: (sbtest4.id between 6342293 and 6343292)  (cost=378 rows=1872)
                -> Index range scan on sbtest4 using PRIMARY over (6342293 <= id <= 6343292)  (cost=378 rows=1872)


table 5 : explain SELECT DISTINCT c FROM sbtest5 WHERE id BETWEEN 2085760 AND 2086759 ORDER BY c
	-> Sort: sbtest5.c
    -> Table scan on <temporary>  (cost=794..820 rows=1838)
        -> Temporary table with deduplication  (cost=794..794 rows=1838)
            -> Filter: (sbtest5.id between 2085760 and 2086759)  (cost=371 rows=1838)
                -> Index range scan on sbtest5 using PRIMARY over (2085760 <= id <= 2086759)  (cost=371 rows=1838)


table 6 : explain SELECT DISTINCT c FROM sbtest6 WHERE id BETWEEN 2046540 AND 2047539 ORDER BY c
	-> Sort: sbtest6.c
    -> Table scan on <temporary>  (cost=809..835 rows=1872)
        -> Temporary table with deduplication  (cost=809..809 rows=1872)
            -> Filter: (sbtest6.id between 2046540 and 2047539)  (cost=378 rows=1872)
                -> Index range scan on sbtest6 using PRIMARY over (2046540 <= id <= 2047539)  (cost=378 rows=1872)


table 7 : explain SELECT DISTINCT c FROM sbtest7 WHERE id BETWEEN 4540671 AND 4541670 ORDER BY c
	-> Sort: sbtest7.c
    -> Table scan on <temporary>  (cost=794..820 rows=1838)
        -> Temporary table with deduplication  (cost=794..794 rows=1838)
            -> Filter: (sbtest7.id between 4540671 and 4541670)  (cost=371 rows=1838)
                -> Index range scan on sbtest7 using PRIMARY over (4540671 <= id <= 4541670)  (cost=371 rows=1838)


table 8 : explain SELECT DISTINCT c FROM sbtest8 WHERE id BETWEEN 1006872 AND 1007871 ORDER BY c
	-> Sort: sbtest8.c
    -> Table scan on <temporary>  (cost=809..835 rows=1872)
        -> Temporary table with deduplication  (cost=809..809 rows=1872)
            -> Filter: (sbtest8.id between 1006872 and 1007871)  (cost=378 rows=1872)
                -> Index range scan on sbtest8 using PRIMARY over (1006872 <= id <= 1007871)  (cost=378 rows=1872)


for: distinct_ranges
table 1 : explain SELECT DISTINCT c FROM sbtest1 WHERE id BETWEEN 6236909 AND 6237908 ORDER BY c
	-> Sort: sbtest1.c
    -> Table scan on <temporary>  (cost=794..820 rows=1838)
        -> Temporary table with deduplication  (cost=794..794 rows=1838)
            -> Filter: (sbtest1.id between 6236909 and 6237908)  (cost=371 rows=1838)
                -> Index range scan on sbtest1 using PRIMARY over (6236909 <= id <= 6237908)  (cost=371 rows=1838)


table 2 : explain SELECT DISTINCT c FROM sbtest2 WHERE id BETWEEN 7400195 AND 7401194 ORDER BY c
	-> Sort: sbtest2.c
    -> Table scan on <temporary>  (cost=809..835 rows=1872)
        -> Temporary table with deduplication  (cost=809..809 rows=1872)
            -> Filter: (sbtest2.id between 7400195 and 7401194)  (cost=378 rows=1872)
                -> Index range scan on sbtest2 using PRIMARY over (7400195 <= id <= 7401194)  (cost=378 rows=1872)


table 3 : explain SELECT DISTINCT c FROM sbtest3 WHERE id BETWEEN 4533498 AND 4534497 ORDER BY c
	-> Sort: sbtest3.c
    -> Table scan on <temporary>  (cost=809..835 rows=1872)
        -> Temporary table with deduplication  (cost=809..809 rows=1872)
            -> Filter: (sbtest3.id between 4533498 and 4534497)  (cost=378 rows=1872)
                -> Index range scan on sbtest3 using PRIMARY over (4533498 <= id <= 4534497)  (cost=378 rows=1872)


table 4 : explain SELECT DISTINCT c FROM sbtest4 WHERE id BETWEEN 2293046 AND 2294045 ORDER BY c
	-> Sort: sbtest4.c
    -> Table scan on <temporary>  (cost=809..835 rows=1872)
        -> Temporary table with deduplication  (cost=809..809 rows=1872)
            -> Filter: (sbtest4.id between 2293046 and 2294045)  (cost=378 rows=1872)
                -> Index range scan on sbtest4 using PRIMARY over (2293046 <= id <= 2294045)  (cost=378 rows=1872)


table 5 : explain SELECT DISTINCT c FROM sbtest5 WHERE id BETWEEN 768868 AND 769867 ORDER BY c
	-> Sort: sbtest5.c
    -> Table scan on <temporary>  (cost=794..820 rows=1838)
        -> Temporary table with deduplication  (cost=794..794 rows=1838)
            -> Filter: (sbtest5.id between 768868 and 769867)  (cost=371 rows=1838)
                -> Index range scan on sbtest5 using PRIMARY over (768868 <= id <= 769867)  (cost=371 rows=1838)


table 6 : explain SELECT DISTINCT c FROM sbtest6 WHERE id BETWEEN 5999335 AND 6000334 ORDER BY c
	-> Sort: sbtest6.c
    -> Table scan on <temporary>  (cost=809..835 rows=1872)
        -> Temporary table with deduplication  (cost=809..809 rows=1872)
            -> Filter: (sbtest6.id between 5999335 and 6000334)  (cost=378 rows=1872)
                -> Index range scan on sbtest6 using PRIMARY over (5999335 <= id <= 6000334)  (cost=378 rows=1872)


table 7 : explain SELECT DISTINCT c FROM sbtest7 WHERE id BETWEEN 4818959 AND 4819958 ORDER BY c
	-> Sort: sbtest7.c
    -> Table scan on <temporary>  (cost=794..820 rows=1838)
        -> Temporary table with deduplication  (cost=794..794 rows=1838)
            -> Filter: (sbtest7.id between 4818959 and 4819958)  (cost=371 rows=1838)
                -> Index range scan on sbtest7 using PRIMARY over (4818959 <= id <= 4819958)  (cost=371 rows=1838)


table 8 : explain SELECT DISTINCT c FROM sbtest8 WHERE id BETWEEN 596788 AND 597787 ORDER BY c
	-> Sort: sbtest8.c
    -> Table scan on <temporary>  (cost=794..820 rows=1838)
        -> Temporary table with deduplication  (cost=794..794 rows=1838)
            -> Filter: (sbtest8.id between 596788 and 597787)  (cost=371 rows=1838)
                -> Index range scan on sbtest8 using PRIMARY over (596788 <= id <= 597787)  (cost=371 rows=1838)


for: distinct_ranges
table 1 : explain SELECT DISTINCT c FROM sbtest1 WHERE id BETWEEN 4518643 AND 4519642 ORDER BY c
	-> Sort: sbtest1.c
    -> Table scan on <temporary>  (cost=794..820 rows=1838)
        -> Temporary table with deduplication  (cost=794..794 rows=1838)
            -> Filter: (sbtest1.id between 4518643 and 4519642)  (cost=371 rows=1838)
                -> Index range scan on sbtest1 using PRIMARY over (4518643 <= id <= 4519642)  (cost=371 rows=1838)


table 2 : explain SELECT DISTINCT c FROM sbtest2 WHERE id BETWEEN 1997274 AND 1998273 ORDER BY c
	-> Sort: sbtest2.c
    -> Table scan on <temporary>  (cost=794..820 rows=1838)
        -> Temporary table with deduplication  (cost=794..794 rows=1838)
            -> Filter: (sbtest2.id between 1997274 and 1998273)  (cost=371 rows=1838)
                -> Index range scan on sbtest2 using PRIMARY over (1997274 <= id <= 1998273)  (cost=371 rows=1838)


table 3 : explain SELECT DISTINCT c FROM sbtest3 WHERE id BETWEEN 8942102 AND 8943101 ORDER BY c
	-> Sort: sbtest3.c
    -> Table scan on <temporary>  (cost=809..835 rows=1872)
        -> Temporary table with deduplication  (cost=809..809 rows=1872)
            -> Filter: (sbtest3.id between 8942102 and 8943101)  (cost=378 rows=1872)
                -> Index range scan on sbtest3 using PRIMARY over (8942102 <= id <= 8943101)  (cost=378 rows=1872)


table 4 : explain SELECT DISTINCT c FROM sbtest4 WHERE id BETWEEN 2221853 AND 2222852 ORDER BY c
	-> Sort: sbtest4.c
    -> Table scan on <temporary>  (cost=794..820 rows=1838)
        -> Temporary table with deduplication  (cost=794..794 rows=1838)
            -> Filter: (sbtest4.id between 2221853 and 2222852)  (cost=371 rows=1838)
                -> Index range scan on sbtest4 using PRIMARY over (2221853 <= id <= 2222852)  (cost=371 rows=1838)


table 5 : explain SELECT DISTINCT c FROM sbtest5 WHERE id BETWEEN 4743013 AND 4744012 ORDER BY c
	-> Sort: sbtest5.c
    -> Table scan on <temporary>  (cost=809..835 rows=1872)
        -> Temporary table with deduplication  (cost=809..809 rows=1872)
            -> Filter: (sbtest5.id between 4743013 and 4744012)  (cost=378 rows=1872)
                -> Index range scan on sbtest5 using PRIMARY over (4743013 <= id <= 4744012)  (cost=378 rows=1872)


table 6 : explain SELECT DISTINCT c FROM sbtest6 WHERE id BETWEEN 102602 AND 103601 ORDER BY c
	-> Sort: sbtest6.c
    -> Table scan on <temporary>  (cost=795..821 rows=1840)
        -> Temporary table with deduplication  (cost=795..795 rows=1840)
            -> Filter: (sbtest6.id between 102602 and 103601)  (cost=371 rows=1840)
                -> Index range scan on sbtest6 using PRIMARY over (102602 <= id <= 103601)  (cost=371 rows=1840)


table 7 : explain SELECT DISTINCT c FROM sbtest7 WHERE id BETWEEN 9202708 AND 9203707 ORDER BY c
	-> Sort: sbtest7.c
    -> Table scan on <temporary>  (cost=794..820 rows=1838)
        -> Temporary table with deduplication  (cost=794..794 rows=1838)
            -> Filter: (sbtest7.id between 9202708 and 9203707)  (cost=371 rows=1838)
                -> Index range scan on sbtest7 using PRIMARY over (9202708 <= id <= 9203707)  (cost=371 rows=1838)


table 8 : explain SELECT DISTINCT c FROM sbtest8 WHERE id BETWEEN 4601060 AND 4602059 ORDER BY c
	-> Sort: sbtest8.c
    -> Table scan on <temporary>  (cost=794..820 rows=1838)
        -> Temporary table with deduplication  (cost=794..794 rows=1838)
            -> Filter: (sbtest8.id between 4601060 and 4602059)  (cost=371 rows=1838)
                -> Index range scan on sbtest8 using PRIMARY over (4601060 <= id <= 4602059)  (cost=371 rows=1838)


for: order_ranges
table 1 : explain SELECT c FROM sbtest1 WHERE id BETWEEN 4573575 AND 4574574 ORDER BY c
	-> Sort: sbtest1.c  (cost=378 rows=1872)
    -> Filter: (sbtest1.id between 4573575 and 4574574)  (cost=378 rows=1872)
        -> Index range scan on sbtest1 using PRIMARY over (4573575 <= id <= 4574574)  (cost=378 rows=1872)


table 2 : explain SELECT c FROM sbtest2 WHERE id BETWEEN 4100597 AND 4101596 ORDER BY c
	-> Sort: sbtest2.c  (cost=378 rows=1872)
    -> Filter: (sbtest2.id between 4100597 and 4101596)  (cost=378 rows=1872)
        -> Index range scan on sbtest2 using PRIMARY over (4100597 <= id <= 4101596)  (cost=378 rows=1872)


table 3 : explain SELECT c FROM sbtest3 WHERE id BETWEEN 197944 AND 198943 ORDER BY c
	-> Sort: sbtest3.c  (cost=378 rows=1872)
    -> Filter: (sbtest3.id between 197944 and 198943)  (cost=378 rows=1872)
        -> Index range scan on sbtest3 using PRIMARY over (197944 <= id <= 198943)  (cost=378 rows=1872)


table 4 : explain SELECT c FROM sbtest4 WHERE id BETWEEN 8320439 AND 8321438 ORDER BY c
	-> Sort: sbtest4.c  (cost=378 rows=1872)
    -> Filter: (sbtest4.id between 8320439 and 8321438)  (cost=378 rows=1872)
        -> Index range scan on sbtest4 using PRIMARY over (8320439 <= id <= 8321438)  (cost=378 rows=1872)


table 5 : explain SELECT c FROM sbtest5 WHERE id BETWEEN 7305674 AND 7306673 ORDER BY c
	-> Sort: sbtest5.c  (cost=378 rows=1872)
    -> Filter: (sbtest5.id between 7305674 and 7306673)  (cost=378 rows=1872)
        -> Index range scan on sbtest5 using PRIMARY over (7305674 <= id <= 7306673)  (cost=378 rows=1872)


table 6 : explain SELECT c FROM sbtest6 WHERE id BETWEEN 8746063 AND 8747062 ORDER BY c
	-> Sort: sbtest6.c  (cost=371 rows=1838)
    -> Filter: (sbtest6.id between 8746063 and 8747062)  (cost=371 rows=1838)
        -> Index range scan on sbtest6 using PRIMARY over (8746063 <= id <= 8747062)  (cost=371 rows=1838)


table 7 : explain SELECT c FROM sbtest7 WHERE id BETWEEN 9689590 AND 9690589 ORDER BY c
	-> Sort: sbtest7.c  (cost=371 rows=1838)
    -> Filter: (sbtest7.id between 9689590 and 9690589)  (cost=371 rows=1838)
        -> Index range scan on sbtest7 using PRIMARY over (9689590 <= id <= 9690589)  (cost=371 rows=1838)


table 8 : explain SELECT c FROM sbtest8 WHERE id BETWEEN 8449718 AND 8450717 ORDER BY c
	-> Sort: sbtest8.c  (cost=378 rows=1872)
    -> Filter: (sbtest8.id between 8449718 and 8450717)  (cost=378 rows=1872)
        -> Index range scan on sbtest8 using PRIMARY over (8449718 <= id <= 8450717)  (cost=378 rows=1872)


for: distinct_ranges
table 1 : explain SELECT DISTINCT c FROM sbtest1 WHERE id BETWEEN 9571819 AND 9572818 ORDER BY c
	-> Sort: sbtest1.c
    -> Table scan on <temporary>  (cost=809..835 rows=1872)
        -> Temporary table with deduplication  (cost=809..809 rows=1872)
            -> Filter: (sbtest1.id between 9571819 and 9572818)  (cost=378 rows=1872)
                -> Index range scan on sbtest1 using PRIMARY over (9571819 <= id <= 9572818)  (cost=378 rows=1872)


table 2 : explain SELECT DISTINCT c FROM sbtest2 WHERE id BETWEEN 1293530 AND 1294529 ORDER BY c
	-> Sort: sbtest2.c
    -> Table scan on <temporary>  (cost=809..835 rows=1872)
        -> Temporary table with deduplication  (cost=809..809 rows=1872)
            -> Filter: (sbtest2.id between 1293530 and 1294529)  (cost=378 rows=1872)
                -> Index range scan on sbtest2 using PRIMARY over (1293530 <= id <= 1294529)  (cost=378 rows=1872)


table 3 : explain SELECT DISTINCT c FROM sbtest3 WHERE id BETWEEN 8317047 AND 8318046 ORDER BY c
	-> Sort: sbtest3.c
    -> Table scan on <temporary>  (cost=794..820 rows=1838)
        -> Temporary table with deduplication  (cost=794..794 rows=1838)
            -> Filter: (sbtest3.id between 8317047 and 8318046)  (cost=371 rows=1838)
                -> Index range scan on sbtest3 using PRIMARY over (8317047 <= id <= 8318046)  (cost=371 rows=1838)


table 4 : explain SELECT DISTINCT c FROM sbtest4 WHERE id BETWEEN 2620027 AND 2621026 ORDER BY c
	-> Sort: sbtest4.c
    -> Table scan on <temporary>  (cost=809..835 rows=1872)
        -> Temporary table with deduplication  (cost=809..809 rows=1872)
            -> Filter: (sbtest4.id between 2620027 and 2621026)  (cost=378 rows=1872)
                -> Index range scan on sbtest4 using PRIMARY over (2620027 <= id <= 2621026)  (cost=378 rows=1872)


table 5 : explain SELECT DISTINCT c FROM sbtest5 WHERE id BETWEEN 1975967 AND 1976966 ORDER BY c
	-> Sort: sbtest5.c
    -> Table scan on <temporary>  (cost=794..820 rows=1838)
        -> Temporary table with deduplication  (cost=794..794 rows=1838)
            -> Filter: (sbtest5.id between 1975967 and 1976966)  (cost=371 rows=1838)
                -> Index range scan on sbtest5 using PRIMARY over (1975967 <= id <= 1976966)  (cost=371 rows=1838)


table 6 : explain SELECT DISTINCT c FROM sbtest6 WHERE id BETWEEN 4404593 AND 4405592 ORDER BY c
	-> Sort: sbtest6.c
    -> Table scan on <temporary>  (cost=794..820 rows=1838)
        -> Temporary table with deduplication  (cost=794..794 rows=1838)
            -> Filter: (sbtest6.id between 4404593 and 4405592)  (cost=371 rows=1838)
                -> Index range scan on sbtest6 using PRIMARY over (4404593 <= id <= 4405592)  (cost=371 rows=1838)


table 7 : explain SELECT DISTINCT c FROM sbtest7 WHERE id BETWEEN 6778327 AND 6779326 ORDER BY c
	-> Sort: sbtest7.c
    -> Table scan on <temporary>  (cost=809..835 rows=1872)
        -> Temporary table with deduplication  (cost=809..809 rows=1872)
            -> Filter: (sbtest7.id between 6778327 and 6779326)  (cost=378 rows=1872)
                -> Index range scan on sbtest7 using PRIMARY over (6778327 <= id <= 6779326)  (cost=378 rows=1872)


table 8 : explain SELECT DISTINCT c FROM sbtest8 WHERE id BETWEEN 3478031 AND 3479030 ORDER BY c
	-> Sort: sbtest8.c
    -> Table scan on <temporary>  (cost=794..820 rows=1838)
        -> Temporary table with deduplication  (cost=794..794 rows=1838)
            -> Filter: (sbtest8.id between 3478031 and 3479030)  (cost=371 rows=1838)
                -> Index range scan on sbtest8 using PRIMARY over (3478031 <= id <= 3479030)  (cost=371 rows=1838)


for: distinct_ranges
table 1 : explain SELECT DISTINCT c FROM sbtest1 WHERE id BETWEEN 6146061 AND 6147060 ORDER BY c
	-> Sort: sbtest1.c
    -> Table scan on <temporary>  (cost=809..835 rows=1872)
        -> Temporary table with deduplication  (cost=809..809 rows=1872)
            -> Filter: (sbtest1.id between 6146061 and 6147060)  (cost=378 rows=1872)
                -> Index range scan on sbtest1 using PRIMARY over (6146061 <= id <= 6147060)  (cost=378 rows=1872)


table 2 : explain SELECT DISTINCT c FROM sbtest2 WHERE id BETWEEN 8521381 AND 8522380 ORDER BY c
	-> Sort: sbtest2.c
    -> Table scan on <temporary>  (cost=794..820 rows=1838)
        -> Temporary table with deduplication  (cost=794..794 rows=1838)
            -> Filter: (sbtest2.id between 8521381 and 8522380)  (cost=371 rows=1838)
                -> Index range scan on sbtest2 using PRIMARY over (8521381 <= id <= 8522380)  (cost=371 rows=1838)


table 3 : explain SELECT DISTINCT c FROM sbtest3 WHERE id BETWEEN 8883548 AND 8884547 ORDER BY c
	-> Sort: sbtest3.c
    -> Table scan on <temporary>  (cost=794..820 rows=1838)
        -> Temporary table with deduplication  (cost=794..794 rows=1838)
            -> Filter: (sbtest3.id between 8883548 and 8884547)  (cost=371 rows=1838)
                -> Index range scan on sbtest3 using PRIMARY over (8883548 <= id <= 8884547)  (cost=371 rows=1838)


table 4 : explain SELECT DISTINCT c FROM sbtest4 WHERE id BETWEEN 7759726 AND 7760725 ORDER BY c
	-> Sort: sbtest4.c
    -> Table scan on <temporary>  (cost=809..835 rows=1872)
        -> Temporary table with deduplication  (cost=809..809 rows=1872)
            -> Filter: (sbtest4.id between 7759726 and 7760725)  (cost=378 rows=1872)
                -> Index range scan on sbtest4 using PRIMARY over (7759726 <= id <= 7760725)  (cost=378 rows=1872)


table 5 : explain SELECT DISTINCT c FROM sbtest5 WHERE id BETWEEN 3083715 AND 3084714 ORDER BY c
	-> Sort: sbtest5.c
    -> Table scan on <temporary>  (cost=809..835 rows=1872)
        -> Temporary table with deduplication  (cost=809..809 rows=1872)
            -> Filter: (sbtest5.id between 3083715 and 3084714)  (cost=378 rows=1872)
                -> Index range scan on sbtest5 using PRIMARY over (3083715 <= id <= 3084714)  (cost=378 rows=1872)


table 6 : explain SELECT DISTINCT c FROM sbtest6 WHERE id BETWEEN 6483346 AND 6484345 ORDER BY c
	-> Sort: sbtest6.c
    -> Table scan on <temporary>  (cost=794..820 rows=1838)
        -> Temporary table with deduplication  (cost=794..794 rows=1838)
            -> Filter: (sbtest6.id between 6483346 and 6484345)  (cost=371 rows=1838)
                -> Index range scan on sbtest6 using PRIMARY over (6483346 <= id <= 6484345)  (cost=371 rows=1838)


table 7 : explain SELECT DISTINCT c FROM sbtest7 WHERE id BETWEEN 6640595 AND 6641594 ORDER BY c
	-> Sort: sbtest7.c
    -> Table scan on <temporary>  (cost=794..820 rows=1838)
        -> Temporary table with deduplication  (cost=794..794 rows=1838)
            -> Filter: (sbtest7.id between 6640595 and 6641594)  (cost=371 rows=1838)
                -> Index range scan on sbtest7 using PRIMARY over (6640595 <= id <= 6641594)  (cost=371 rows=1838)


table 8 : explain SELECT DISTINCT c FROM sbtest8 WHERE id BETWEEN 8303076 AND 8304075 ORDER BY c
	-> Sort: sbtest8.c
    -> Table scan on <temporary>  (cost=809..835 rows=1872)
        -> Temporary table with deduplication  (cost=809..809 rows=1872)
            -> Filter: (sbtest8.id between 8303076 and 8304075)  (cost=378 rows=1872)
                -> Index range scan on sbtest8 using PRIMARY over (8303076 <= id <= 8304075)  (cost=378 rows=1872)


for: distinct_ranges
table 1 : explain SELECT DISTINCT c FROM sbtest1 WHERE id BETWEEN 319620 AND 320619 ORDER BY c
	-> Sort: sbtest1.c
    -> Table scan on <temporary>  (cost=794..820 rows=1838)
        -> Temporary table with deduplication  (cost=794..794 rows=1838)
            -> Filter: (sbtest1.id between 319620 and 320619)  (cost=371 rows=1838)
                -> Index range scan on sbtest1 using PRIMARY over (319620 <= id <= 320619)  (cost=371 rows=1838)


table 2 : explain SELECT DISTINCT c FROM sbtest2 WHERE id BETWEEN 4150731 AND 4151730 ORDER BY c
	-> Sort: sbtest2.c
    -> Table scan on <temporary>  (cost=794..820 rows=1838)
        -> Temporary table with deduplication  (cost=794..794 rows=1838)
            -> Filter: (sbtest2.id between 4150731 and 4151730)  (cost=371 rows=1838)
                -> Index range scan on sbtest2 using PRIMARY over (4150731 <= id <= 4151730)  (cost=371 rows=1838)


table 3 : explain SELECT DISTINCT c FROM sbtest3 WHERE id BETWEEN 6322318 AND 6323317 ORDER BY c
	-> Sort: sbtest3.c
    -> Table scan on <temporary>  (cost=794..820 rows=1838)
        -> Temporary table with deduplication  (cost=794..794 rows=1838)
            -> Filter: (sbtest3.id between 6322318 and 6323317)  (cost=371 rows=1838)
                -> Index range scan on sbtest3 using PRIMARY over (6322318 <= id <= 6323317)  (cost=371 rows=1838)


table 4 : explain SELECT DISTINCT c FROM sbtest4 WHERE id BETWEEN 7251777 AND 7252776 ORDER BY c
	-> Sort: sbtest4.c
    -> Table scan on <temporary>  (cost=794..820 rows=1838)
        -> Temporary table with deduplication  (cost=794..794 rows=1838)
            -> Filter: (sbtest4.id between 7251777 and 7252776)  (cost=371 rows=1838)
                -> Index range scan on sbtest4 using PRIMARY over (7251777 <= id <= 7252776)  (cost=371 rows=1838)


table 5 : explain SELECT DISTINCT c FROM sbtest5 WHERE id BETWEEN 9768254 AND 9769253 ORDER BY c
	-> Sort: sbtest5.c
    -> Table scan on <temporary>  (cost=809..835 rows=1872)
        -> Temporary table with deduplication  (cost=809..809 rows=1872)
            -> Filter: (sbtest5.id between 9768254 and 9769253)  (cost=378 rows=1872)
                -> Index range scan on sbtest5 using PRIMARY over (9768254 <= id <= 9769253)  (cost=378 rows=1872)


table 6 : explain SELECT DISTINCT c FROM sbtest6 WHERE id BETWEEN 6043282 AND 6044281 ORDER BY c
	-> Sort: sbtest6.c
    -> Table scan on <temporary>  (cost=809..835 rows=1872)
        -> Temporary table with deduplication  (cost=809..809 rows=1872)
            -> Filter: (sbtest6.id between 6043282 and 6044281)  (cost=378 rows=1872)
                -> Index range scan on sbtest6 using PRIMARY over (6043282 <= id <= 6044281)  (cost=378 rows=1872)


table 7 : explain SELECT DISTINCT c FROM sbtest7 WHERE id BETWEEN 1567260 AND 1568259 ORDER BY c
	-> Sort: sbtest7.c
    -> Table scan on <temporary>  (cost=794..820 rows=1838)
        -> Temporary table with deduplication  (cost=794..794 rows=1838)
            -> Filter: (sbtest7.id between 1567260 and 1568259)  (cost=371 rows=1838)
                -> Index range scan on sbtest7 using PRIMARY over (1567260 <= id <= 1568259)  (cost=371 rows=1838)


table 8 : explain SELECT DISTINCT c FROM sbtest8 WHERE id BETWEEN 2954036 AND 2955035 ORDER BY c
	-> Sort: sbtest8.c
    -> Table scan on <temporary>  (cost=794..820 rows=1838)
        -> Temporary table with deduplication  (cost=794..794 rows=1838)
            -> Filter: (sbtest8.id between 2954036 and 2955035)  (cost=371 rows=1838)
                -> Index range scan on sbtest8 using PRIMARY over (2954036 <= id <= 2955035)  (cost=371 rows=1838)


for: distinct_ranges
table 1 : explain SELECT DISTINCT c FROM sbtest1 WHERE id BETWEEN 2112237 AND 2113236 ORDER BY c
	-> Sort: sbtest1.c
    -> Table scan on <temporary>  (cost=809..835 rows=1872)
        -> Temporary table with deduplication  (cost=809..809 rows=1872)
            -> Filter: (sbtest1.id between 2112237 and 2113236)  (cost=378 rows=1872)
                -> Index range scan on sbtest1 using PRIMARY over (2112237 <= id <= 2113236)  (cost=378 rows=1872)


table 2 : explain SELECT DISTINCT c FROM sbtest2 WHERE id BETWEEN 1811773 AND 1812772 ORDER BY c
	-> Sort: sbtest2.c
    -> Table scan on <temporary>  (cost=809..835 rows=1872)
        -> Temporary table with deduplication  (cost=809..809 rows=1872)
            -> Filter: (sbtest2.id between 1811773 and 1812772)  (cost=378 rows=1872)
                -> Index range scan on sbtest2 using PRIMARY over (1811773 <= id <= 1812772)  (cost=378 rows=1872)


table 3 : explain SELECT DISTINCT c FROM sbtest3 WHERE id BETWEEN 2642606 AND 2643605 ORDER BY c
	-> Sort: sbtest3.c
    -> Table scan on <temporary>  (cost=794..820 rows=1838)
        -> Temporary table with deduplication  (cost=794..794 rows=1838)
            -> Filter: (sbtest3.id between 2642606 and 2643605)  (cost=371 rows=1838)
                -> Index range scan on sbtest3 using PRIMARY over (2642606 <= id <= 2643605)  (cost=371 rows=1838)


table 4 : explain SELECT DISTINCT c FROM sbtest4 WHERE id BETWEEN 4227974 AND 4228973 ORDER BY c
	-> Sort: sbtest4.c
    -> Table scan on <temporary>  (cost=794..820 rows=1838)
        -> Temporary table with deduplication  (cost=794..794 rows=1838)
            -> Filter: (sbtest4.id between 4227974 and 4228973)  (cost=371 rows=1838)
                -> Index range scan on sbtest4 using PRIMARY over (4227974 <= id <= 4228973)  (cost=371 rows=1838)


table 5 : explain SELECT DISTINCT c FROM sbtest5 WHERE id BETWEEN 6652748 AND 6653747 ORDER BY c
	-> Sort: sbtest5.c
    -> Table scan on <temporary>  (cost=809..835 rows=1872)
        -> Temporary table with deduplication  (cost=809..809 rows=1872)
            -> Filter: (sbtest5.id between 6652748 and 6653747)  (cost=378 rows=1872)
                -> Index range scan on sbtest5 using PRIMARY over (6652748 <= id <= 6653747)  (cost=378 rows=1872)


table 6 : explain SELECT DISTINCT c FROM sbtest6 WHERE id BETWEEN 9767209 AND 9768208 ORDER BY c
	-> Sort: sbtest6.c
    -> Table scan on <temporary>  (cost=794..820 rows=1838)
        -> Temporary table with deduplication  (cost=794..794 rows=1838)
            -> Filter: (sbtest6.id between 9767209 and 9768208)  (cost=371 rows=1838)
                -> Index range scan on sbtest6 using PRIMARY over (9767209 <= id <= 9768208)  (cost=371 rows=1838)


table 7 : explain SELECT DISTINCT c FROM sbtest7 WHERE id BETWEEN 5524969 AND 5525968 ORDER BY c
	-> Sort: sbtest7.c
    -> Table scan on <temporary>  (cost=795..821 rows=1840)
        -> Temporary table with deduplication  (cost=795..795 rows=1840)
            -> Filter: (sbtest7.id between 5524969 and 5525968)  (cost=371 rows=1840)
                -> Index range scan on sbtest7 using PRIMARY over (5524969 <= id <= 5525968)  (cost=371 rows=1840)


table 8 : explain SELECT DISTINCT c FROM sbtest8 WHERE id BETWEEN 3778390 AND 3779389 ORDER BY c
	-> Sort: sbtest8.c
    -> Table scan on <temporary>  (cost=809..835 rows=1872)
        -> Temporary table with deduplication  (cost=809..809 rows=1872)
            -> Filter: (sbtest8.id between 3778390 and 3779389)  (cost=378 rows=1872)
                -> Index range scan on sbtest8 using PRIMARY over (3778390 <= id <= 3779389)  (cost=378 rows=1872)


for: distinct_ranges
table 1 : explain SELECT DISTINCT c FROM sbtest1 WHERE id BETWEEN 4759951 AND 4760950 ORDER BY c
	-> Sort: sbtest1.c
    -> Table scan on <temporary>  (cost=809..835 rows=1872)
        -> Temporary table with deduplication  (cost=809..809 rows=1872)
            -> Filter: (sbtest1.id between 4759951 and 4760950)  (cost=378 rows=1872)
                -> Index range scan on sbtest1 using PRIMARY over (4759951 <= id <= 4760950)  (cost=378 rows=1872)


table 2 : explain SELECT DISTINCT c FROM sbtest2 WHERE id BETWEEN 6187228 AND 6188227 ORDER BY c
	-> Sort: sbtest2.c
    -> Table scan on <temporary>  (cost=809..835 rows=1872)
        -> Temporary table with deduplication  (cost=809..809 rows=1872)
            -> Filter: (sbtest2.id between 6187228 and 6188227)  (cost=378 rows=1872)
                -> Index range scan on sbtest2 using PRIMARY over (6187228 <= id <= 6188227)  (cost=378 rows=1872)


table 3 : explain SELECT DISTINCT c FROM sbtest3 WHERE id BETWEEN 5686183 AND 5687182 ORDER BY c
	-> Sort: sbtest3.c
    -> Table scan on <temporary>  (cost=794..820 rows=1838)
        -> Temporary table with deduplication  (cost=794..794 rows=1838)
            -> Filter: (sbtest3.id between 5686183 and 5687182)  (cost=371 rows=1838)
                -> Index range scan on sbtest3 using PRIMARY over (5686183 <= id <= 5687182)  (cost=371 rows=1838)


table 4 : explain SELECT DISTINCT c FROM sbtest4 WHERE id BETWEEN 9411157 AND 9412156 ORDER BY c
	-> Sort: sbtest4.c
    -> Table scan on <temporary>  (cost=794..820 rows=1838)
        -> Temporary table with deduplication  (cost=794..794 rows=1838)
            -> Filter: (sbtest4.id between 9411157 and 9412156)  (cost=371 rows=1838)
                -> Index range scan on sbtest4 using PRIMARY over (9411157 <= id <= 9412156)  (cost=371 rows=1838)


table 5 : explain SELECT DISTINCT c FROM sbtest5 WHERE id BETWEEN 416920 AND 417919 ORDER BY c
	-> Sort: sbtest5.c
    -> Table scan on <temporary>  (cost=794..820 rows=1838)
        -> Temporary table with deduplication  (cost=794..794 rows=1838)
            -> Filter: (sbtest5.id between 416920 and 417919)  (cost=371 rows=1838)
                -> Index range scan on sbtest5 using PRIMARY over (416920 <= id <= 417919)  (cost=371 rows=1838)


table 6 : explain SELECT DISTINCT c FROM sbtest6 WHERE id BETWEEN 5923220 AND 5924219 ORDER BY c
	-> Sort: sbtest6.c
    -> Table scan on <temporary>  (cost=794..820 rows=1838)
        -> Temporary table with deduplication  (cost=794..794 rows=1838)
            -> Filter: (sbtest6.id between 5923220 and 5924219)  (cost=371 rows=1838)
                -> Index range scan on sbtest6 using PRIMARY over (5923220 <= id <= 5924219)  (cost=371 rows=1838)


table 7 : explain SELECT DISTINCT c FROM sbtest7 WHERE id BETWEEN 3815233 AND 3816232 ORDER BY c
	-> Sort: sbtest7.c
    -> Table scan on <temporary>  (cost=794..820 rows=1838)
        -> Temporary table with deduplication  (cost=794..794 rows=1838)
            -> Filter: (sbtest7.id between 3815233 and 3816232)  (cost=371 rows=1838)
                -> Index range scan on sbtest7 using PRIMARY over (3815233 <= id <= 3816232)  (cost=371 rows=1838)


table 8 : explain SELECT DISTINCT c FROM sbtest8 WHERE id BETWEEN 2988047 AND 2989046 ORDER BY c
	-> Sort: sbtest8.c
    -> Table scan on <temporary>  (cost=794..820 rows=1838)
        -> Temporary table with deduplication  (cost=794..794 rows=1838)
            -> Filter: (sbtest8.id between 2988047 and 2989046)  (cost=371 rows=1838)
                -> Index range scan on sbtest8 using PRIMARY over (2988047 <= id <= 2989046)  (cost=371 rows=1838)


for: distinct_ranges
table 1 : explain SELECT DISTINCT c FROM sbtest1 WHERE id BETWEEN 6228040 AND 6229039 ORDER BY c
	-> Sort: sbtest1.c
    -> Table scan on <temporary>  (cost=809..835 rows=1872)
        -> Temporary table with deduplication  (cost=809..809 rows=1872)
            -> Filter: (sbtest1.id between 6228040 and 6229039)  (cost=378 rows=1872)
                -> Index range scan on sbtest1 using PRIMARY over (6228040 <= id <= 6229039)  (cost=378 rows=1872)


table 2 : explain SELECT DISTINCT c FROM sbtest2 WHERE id BETWEEN 2049507 AND 2050506 ORDER BY c
	-> Sort: sbtest2.c
    -> Table scan on <temporary>  (cost=794..820 rows=1838)
        -> Temporary table with deduplication  (cost=794..794 rows=1838)
            -> Filter: (sbtest2.id between 2049507 and 2050506)  (cost=371 rows=1838)
                -> Index range scan on sbtest2 using PRIMARY over (2049507 <= id <= 2050506)  (cost=371 rows=1838)


table 3 : explain SELECT DISTINCT c FROM sbtest3 WHERE id BETWEEN 2900567 AND 2901566 ORDER BY c
	-> Sort: sbtest3.c
    -> Table scan on <temporary>  (cost=809..835 rows=1872)
        -> Temporary table with deduplication  (cost=809..809 rows=1872)
            -> Filter: (sbtest3.id between 2900567 and 2901566)  (cost=378 rows=1872)
                -> Index range scan on sbtest3 using PRIMARY over (2900567 <= id <= 2901566)  (cost=378 rows=1872)


table 4 : explain SELECT DISTINCT c FROM sbtest4 WHERE id BETWEEN 8579124 AND 8580123 ORDER BY c
	-> Sort: sbtest4.c
    -> Table scan on <temporary>  (cost=794..820 rows=1838)
        -> Temporary table with deduplication  (cost=794..794 rows=1838)
            -> Filter: (sbtest4.id between 8579124 and 8580123)  (cost=371 rows=1838)
                -> Index range scan on sbtest4 using PRIMARY over (8579124 <= id <= 8580123)  (cost=371 rows=1838)


table 5 : explain SELECT DISTINCT c FROM sbtest5 WHERE id BETWEEN 26570 AND 27569 ORDER BY c
	-> Sort: sbtest5.c
    -> Table scan on <temporary>  (cost=794..820 rows=1838)
        -> Temporary table with deduplication  (cost=794..794 rows=1838)
            -> Filter: (sbtest5.id between 26570 and 27569)  (cost=371 rows=1838)
                -> Index range scan on sbtest5 using PRIMARY over (26570 <= id <= 27569)  (cost=371 rows=1838)


table 6 : explain SELECT DISTINCT c FROM sbtest6 WHERE id BETWEEN 9493211 AND 9494210 ORDER BY c
	-> Sort: sbtest6.c
    -> Table scan on <temporary>  (cost=794..820 rows=1838)
        -> Temporary table with deduplication  (cost=794..794 rows=1838)
            -> Filter: (sbtest6.id between 9493211 and 9494210)  (cost=371 rows=1838)
                -> Index range scan on sbtest6 using PRIMARY over (9493211 <= id <= 9494210)  (cost=371 rows=1838)


table 7 : explain SELECT DISTINCT c FROM sbtest7 WHERE id BETWEEN 2357505 AND 2358504 ORDER BY c
	-> Sort: sbtest7.c
    -> Table scan on <temporary>  (cost=809..835 rows=1872)
        -> Temporary table with deduplication  (cost=809..809 rows=1872)
            -> Filter: (sbtest7.id between 2357505 and 2358504)  (cost=378 rows=1872)
                -> Index range scan on sbtest7 using PRIMARY over (2357505 <= id <= 2358504)  (cost=378 rows=1872)


table 8 : explain SELECT DISTINCT c FROM sbtest8 WHERE id BETWEEN 611164 AND 612163 ORDER BY c
	-> Sort: sbtest8.c
    -> Table scan on <temporary>  (cost=794..820 rows=1838)
        -> Temporary table with deduplication  (cost=794..794 rows=1838)
            -> Filter: (sbtest8.id between 611164 and 612163)  (cost=371 rows=1838)
                -> Index range scan on sbtest8 using PRIMARY over (611164 <= id <= 612163)  (cost=371 rows=1838)


for: distinct_ranges
table 1 : explain SELECT DISTINCT c FROM sbtest1 WHERE id BETWEEN 2257813 AND 2258812 ORDER BY c
	-> Sort: sbtest1.c
    -> Table scan on <temporary>  (cost=794..820 rows=1838)
        -> Temporary table with deduplication  (cost=794..794 rows=1838)
            -> Filter: (sbtest1.id between 2257813 and 2258812)  (cost=371 rows=1838)
                -> Index range scan on sbtest1 using PRIMARY over (2257813 <= id <= 2258812)  (cost=371 rows=1838)


table 2 : explain SELECT DISTINCT c FROM sbtest2 WHERE id BETWEEN 2198679 AND 2199678 ORDER BY c
	-> Sort: sbtest2.c
    -> Table scan on <temporary>  (cost=794..820 rows=1838)
        -> Temporary table with deduplication  (cost=794..794 rows=1838)
            -> Filter: (sbtest2.id between 2198679 and 2199678)  (cost=371 rows=1838)
                -> Index range scan on sbtest2 using PRIMARY over (2198679 <= id <= 2199678)  (cost=371 rows=1838)


table 3 : explain SELECT DISTINCT c FROM sbtest3 WHERE id BETWEEN 3734243 AND 3735242 ORDER BY c
	-> Sort: sbtest3.c
    -> Table scan on <temporary>  (cost=794..820 rows=1838)
        -> Temporary table with deduplication  (cost=794..794 rows=1838)
            -> Filter: (sbtest3.id between 3734243 and 3735242)  (cost=371 rows=1838)
                -> Index range scan on sbtest3 using PRIMARY over (3734243 <= id <= 3735242)  (cost=371 rows=1838)


table 4 : explain SELECT DISTINCT c FROM sbtest4 WHERE id BETWEEN 6256574 AND 6257573 ORDER BY c
	-> Sort: sbtest4.c
    -> Table scan on <temporary>  (cost=794..820 rows=1838)
        -> Temporary table with deduplication  (cost=794..794 rows=1838)
            -> Filter: (sbtest4.id between 6256574 and 6257573)  (cost=371 rows=1838)
                -> Index range scan on sbtest4 using PRIMARY over (6256574 <= id <= 6257573)  (cost=371 rows=1838)


table 5 : explain SELECT DISTINCT c FROM sbtest5 WHERE id BETWEEN 6653821 AND 6654820 ORDER BY c
	-> Sort: sbtest5.c
    -> Table scan on <temporary>  (cost=794..820 rows=1838)
        -> Temporary table with deduplication  (cost=794..794 rows=1838)
            -> Filter: (sbtest5.id between 6653821 and 6654820)  (cost=371 rows=1838)
                -> Index range scan on sbtest5 using PRIMARY over (6653821 <= id <= 6654820)  (cost=371 rows=1838)


table 6 : explain SELECT DISTINCT c FROM sbtest6 WHERE id BETWEEN 7130624 AND 7131623 ORDER BY c
	-> Sort: sbtest6.c
    -> Table scan on <temporary>  (cost=809..835 rows=1872)
        -> Temporary table with deduplication  (cost=809..809 rows=1872)
            -> Filter: (sbtest6.id between 7130624 and 7131623)  (cost=378 rows=1872)
                -> Index range scan on sbtest6 using PRIMARY over (7130624 <= id <= 7131623)  (cost=378 rows=1872)


table 7 : explain SELECT DISTINCT c FROM sbtest7 WHERE id BETWEEN 911632 AND 912631 ORDER BY c
	-> Sort: sbtest7.c
    -> Table scan on <temporary>  (cost=794..820 rows=1838)
        -> Temporary table with deduplication  (cost=794..794 rows=1838)
            -> Filter: (sbtest7.id between 911632 and 912631)  (cost=371 rows=1838)
                -> Index range scan on sbtest7 using PRIMARY over (911632 <= id <= 912631)  (cost=371 rows=1838)


table 8 : explain SELECT DISTINCT c FROM sbtest8 WHERE id BETWEEN 7325997 AND 7326996 ORDER BY c
	-> Sort: sbtest8.c
    -> Table scan on <temporary>  (cost=794..820 rows=1838)
        -> Temporary table with deduplication  (cost=794..794 rows=1838)
            -> Filter: (sbtest8.id between 7325997 and 7326996)  (cost=371 rows=1838)
                -> Index range scan on sbtest8 using PRIMARY over (7325997 <= id <= 7326996)  (cost=371 rows=1838)


for: distinct_ranges
table 1 : explain SELECT DISTINCT c FROM sbtest1 WHERE id BETWEEN 470883 AND 471882 ORDER BY c
	-> Sort: sbtest1.c
    -> Table scan on <temporary>  (cost=794..820 rows=1838)
        -> Temporary table with deduplication  (cost=794..794 rows=1838)
            -> Filter: (sbtest1.id between 470883 and 471882)  (cost=371 rows=1838)
                -> Index range scan on sbtest1 using PRIMARY over (470883 <= id <= 471882)  (cost=371 rows=1838)


table 2 : explain SELECT DISTINCT c FROM sbtest2 WHERE id BETWEEN 3178755 AND 3179754 ORDER BY c
	-> Sort: sbtest2.c
    -> Table scan on <temporary>  (cost=809..835 rows=1872)
        -> Temporary table with deduplication  (cost=809..809 rows=1872)
            -> Filter: (sbtest2.id between 3178755 and 3179754)  (cost=378 rows=1872)
                -> Index range scan on sbtest2 using PRIMARY over (3178755 <= id <= 3179754)  (cost=378 rows=1872)


table 3 : explain SELECT DISTINCT c FROM sbtest3 WHERE id BETWEEN 1465092 AND 1466091 ORDER BY c
	-> Sort: sbtest3.c
    -> Table scan on <temporary>  (cost=809..835 rows=1872)
        -> Temporary table with deduplication  (cost=809..809 rows=1872)
            -> Filter: (sbtest3.id between 1465092 and 1466091)  (cost=378 rows=1872)
                -> Index range scan on sbtest3 using PRIMARY over (1465092 <= id <= 1466091)  (cost=378 rows=1872)


table 4 : explain SELECT DISTINCT c FROM sbtest4 WHERE id BETWEEN 6209253 AND 6210252 ORDER BY c
	-> Sort: sbtest4.c
    -> Table scan on <temporary>  (cost=794..820 rows=1838)
        -> Temporary table with deduplication  (cost=794..794 rows=1838)
            -> Filter: (sbtest4.id between 6209253 and 6210252)  (cost=371 rows=1838)
                -> Index range scan on sbtest4 using PRIMARY over (6209253 <= id <= 6210252)  (cost=371 rows=1838)


table 5 : explain SELECT DISTINCT c FROM sbtest5 WHERE id BETWEEN 8437745 AND 8438744 ORDER BY c
	-> Sort: sbtest5.c
    -> Table scan on <temporary>  (cost=809..835 rows=1872)
        -> Temporary table with deduplication  (cost=809..809 rows=1872)
            -> Filter: (sbtest5.id between 8437745 and 8438744)  (cost=378 rows=1872)
                -> Index range scan on sbtest5 using PRIMARY over (8437745 <= id <= 8438744)  (cost=378 rows=1872)


table 6 : explain SELECT DISTINCT c FROM sbtest6 WHERE id BETWEEN 6134331 AND 6135330 ORDER BY c
	-> Sort: sbtest6.c
    -> Table scan on <temporary>  (cost=794..820 rows=1838)
        -> Temporary table with deduplication  (cost=794..794 rows=1838)
            -> Filter: (sbtest6.id between 6134331 and 6135330)  (cost=371 rows=1838)
                -> Index range scan on sbtest6 using PRIMARY over (6134331 <= id <= 6135330)  (cost=371 rows=1838)


table 7 : explain SELECT DISTINCT c FROM sbtest7 WHERE id BETWEEN 6903810 AND 6904809 ORDER BY c
	-> Sort: sbtest7.c
    -> Table scan on <temporary>  (cost=809..835 rows=1872)
        -> Temporary table with deduplication  (cost=809..809 rows=1872)
            -> Filter: (sbtest7.id between 6903810 and 6904809)  (cost=378 rows=1872)
                -> Index range scan on sbtest7 using PRIMARY over (6903810 <= id <= 6904809)  (cost=378 rows=1872)


table 8 : explain SELECT DISTINCT c FROM sbtest8 WHERE id BETWEEN 1475749 AND 1476748 ORDER BY c
	-> Sort: sbtest8.c
    -> Table scan on <temporary>  (cost=809..835 rows=1872)
        -> Temporary table with deduplication  (cost=809..809 rows=1872)
            -> Filter: (sbtest8.id between 1475749 and 1476748)  (cost=378 rows=1872)
                -> Index range scan on sbtest8 using PRIMARY over (1475749 <= id <= 1476748)  (cost=378 rows=1872)


for: distinct_ranges
table 1 : explain SELECT DISTINCT c FROM sbtest1 WHERE id BETWEEN 2746149 AND 2747148 ORDER BY c
	-> Sort: sbtest1.c
    -> Table scan on <temporary>  (cost=794..820 rows=1838)
        -> Temporary table with deduplication  (cost=794..794 rows=1838)
            -> Filter: (sbtest1.id between 2746149 and 2747148)  (cost=371 rows=1838)
                -> Index range scan on sbtest1 using PRIMARY over (2746149 <= id <= 2747148)  (cost=371 rows=1838)


table 2 : explain SELECT DISTINCT c FROM sbtest2 WHERE id BETWEEN 5568346 AND 5569345 ORDER BY c
	-> Sort: sbtest2.c
    -> Table scan on <temporary>  (cost=809..835 rows=1872)
        -> Temporary table with deduplication  (cost=809..809 rows=1872)
            -> Filter: (sbtest2.id between 5568346 and 5569345)  (cost=378 rows=1872)
                -> Index range scan on sbtest2 using PRIMARY over (5568346 <= id <= 5569345)  (cost=378 rows=1872)


table 3 : explain SELECT DISTINCT c FROM sbtest3 WHERE id BETWEEN 7827380 AND 7828379 ORDER BY c
	-> Sort: sbtest3.c
    -> Table scan on <temporary>  (cost=794..820 rows=1838)
        -> Temporary table with deduplication  (cost=794..794 rows=1838)
            -> Filter: (sbtest3.id between 7827380 and 7828379)  (cost=371 rows=1838)
                -> Index range scan on sbtest3 using PRIMARY over (7827380 <= id <= 7828379)  (cost=371 rows=1838)


table 4 : explain SELECT DISTINCT c FROM sbtest4 WHERE id BETWEEN 9328635 AND 9329634 ORDER BY c
	-> Sort: sbtest4.c
    -> Table scan on <temporary>  (cost=809..835 rows=1872)
        -> Temporary table with deduplication  (cost=809..809 rows=1872)
            -> Filter: (sbtest4.id between 9328635 and 9329634)  (cost=378 rows=1872)
                -> Index range scan on sbtest4 using PRIMARY over (9328635 <= id <= 9329634)  (cost=378 rows=1872)


table 5 : explain SELECT DISTINCT c FROM sbtest5 WHERE id BETWEEN 7110920 AND 7111919 ORDER BY c
	-> Sort: sbtest5.c
    -> Table scan on <temporary>  (cost=794..820 rows=1838)
        -> Temporary table with deduplication  (cost=794..794 rows=1838)
            -> Filter: (sbtest5.id between 7110920 and 7111919)  (cost=371 rows=1838)
                -> Index range scan on sbtest5 using PRIMARY over (7110920 <= id <= 7111919)  (cost=371 rows=1838)


table 6 : explain SELECT DISTINCT c FROM sbtest6 WHERE id BETWEEN 506561 AND 507560 ORDER BY c
	-> Sort: sbtest6.c
    -> Table scan on <temporary>  (cost=794..820 rows=1838)
        -> Temporary table with deduplication  (cost=794..794 rows=1838)
            -> Filter: (sbtest6.id between 506561 and 507560)  (cost=371 rows=1838)
                -> Index range scan on sbtest6 using PRIMARY over (506561 <= id <= 507560)  (cost=371 rows=1838)


table 7 : explain SELECT DISTINCT c FROM sbtest7 WHERE id BETWEEN 9178297 AND 9179296 ORDER BY c
	-> Sort: sbtest7.c
    -> Table scan on <temporary>  (cost=794..820 rows=1838)
        -> Temporary table with deduplication  (cost=794..794 rows=1838)
            -> Filter: (sbtest7.id between 9178297 and 9179296)  (cost=371 rows=1838)
                -> Index range scan on sbtest7 using PRIMARY over (9178297 <= id <= 9179296)  (cost=371 rows=1838)


table 8 : explain SELECT DISTINCT c FROM sbtest8 WHERE id BETWEEN 3715785 AND 3716784 ORDER BY c
	-> Sort: sbtest8.c
    -> Table scan on <temporary>  (cost=794..820 rows=1838)
        -> Temporary table with deduplication  (cost=794..794 rows=1838)
            -> Filter: (sbtest8.id between 3715785 and 3716784)  (cost=371 rows=1838)
                -> Index range scan on sbtest8 using PRIMARY over (3715785 <= id <= 3716784)  (cost=371 rows=1838)


for: distinct_ranges
table 1 : explain SELECT DISTINCT c FROM sbtest1 WHERE id BETWEEN 7718370 AND 7719369 ORDER BY c
	-> Sort: sbtest1.c
    -> Table scan on <temporary>  (cost=794..820 rows=1838)
        -> Temporary table with deduplication  (cost=794..794 rows=1838)
            -> Filter: (sbtest1.id between 7718370 and 7719369)  (cost=371 rows=1838)
                -> Index range scan on sbtest1 using PRIMARY over (7718370 <= id <= 7719369)  (cost=371 rows=1838)


table 2 : explain SELECT DISTINCT c FROM sbtest2 WHERE id BETWEEN 9820121 AND 9821120 ORDER BY c
	-> Sort: sbtest2.c
    -> Table scan on <temporary>  (cost=794..820 rows=1838)
        -> Temporary table with deduplication  (cost=794..794 rows=1838)
            -> Filter: (sbtest2.id between 9820121 and 9821120)  (cost=371 rows=1838)
                -> Index range scan on sbtest2 using PRIMARY over (9820121 <= id <= 9821120)  (cost=371 rows=1838)


table 3 : explain SELECT DISTINCT c FROM sbtest3 WHERE id BETWEEN 2923142 AND 2924141 ORDER BY c
	-> Sort: sbtest3.c
    -> Table scan on <temporary>  (cost=794..820 rows=1838)
        -> Temporary table with deduplication  (cost=794..794 rows=1838)
            -> Filter: (sbtest3.id between 2923142 and 2924141)  (cost=371 rows=1838)
                -> Index range scan on sbtest3 using PRIMARY over (2923142 <= id <= 2924141)  (cost=371 rows=1838)


table 4 : explain SELECT DISTINCT c FROM sbtest4 WHERE id BETWEEN 641416 AND 642415 ORDER BY c
	-> Sort: sbtest4.c
    -> Table scan on <temporary>  (cost=809..835 rows=1872)
        -> Temporary table with deduplication  (cost=809..809 rows=1872)
            -> Filter: (sbtest4.id between 641416 and 642415)  (cost=378 rows=1872)
                -> Index range scan on sbtest4 using PRIMARY over (641416 <= id <= 642415)  (cost=378 rows=1872)


table 5 : explain SELECT DISTINCT c FROM sbtest5 WHERE id BETWEEN 7971124 AND 7972123 ORDER BY c
	-> Sort: sbtest5.c
    -> Table scan on <temporary>  (cost=794..820 rows=1838)
        -> Temporary table with deduplication  (cost=794..794 rows=1838)
            -> Filter: (sbtest5.id between 7971124 and 7972123)  (cost=371 rows=1838)
                -> Index range scan on sbtest5 using PRIMARY over (7971124 <= id <= 7972123)  (cost=371 rows=1838)


table 6 : explain SELECT DISTINCT c FROM sbtest6 WHERE id BETWEEN 5877752 AND 5878751 ORDER BY c
	-> Sort: sbtest6.c
    -> Table scan on <temporary>  (cost=794..820 rows=1838)
        -> Temporary table with deduplication  (cost=794..794 rows=1838)
            -> Filter: (sbtest6.id between 5877752 and 5878751)  (cost=371 rows=1838)
                -> Index range scan on sbtest6 using PRIMARY over (5877752 <= id <= 5878751)  (cost=371 rows=1838)


table 7 : explain SELECT DISTINCT c FROM sbtest7 WHERE id BETWEEN 6698884 AND 6699883 ORDER BY c
	-> Sort: sbtest7.c
    -> Table scan on <temporary>  (cost=809..835 rows=1872)
        -> Temporary table with deduplication  (cost=809..809 rows=1872)
            -> Filter: (sbtest7.id between 6698884 and 6699883)  (cost=378 rows=1872)
                -> Index range scan on sbtest7 using PRIMARY over (6698884 <= id <= 6699883)  (cost=378 rows=1872)


table 8 : explain SELECT DISTINCT c FROM sbtest8 WHERE id BETWEEN 8909857 AND 8910856 ORDER BY c
	-> Sort: sbtest8.c
    -> Table scan on <temporary>  (cost=794..820 rows=1838)
        -> Temporary table with deduplication  (cost=794..794 rows=1838)
            -> Filter: (sbtest8.id between 8909857 and 8910856)  (cost=371 rows=1838)
                -> Index range scan on sbtest8 using PRIMARY over (8909857 <= id <= 8910856)  (cost=371 rows=1838)


for: distinct_ranges
table 1 : explain SELECT DISTINCT c FROM sbtest1 WHERE id BETWEEN 2568795 AND 2569794 ORDER BY c
	-> Sort: sbtest1.c
    -> Table scan on <temporary>  (cost=794..820 rows=1838)
        -> Temporary table with deduplication  (cost=794..794 rows=1838)
            -> Filter: (sbtest1.id between 2568795 and 2569794)  (cost=371 rows=1838)
                -> Index range scan on sbtest1 using PRIMARY over (2568795 <= id <= 2569794)  (cost=371 rows=1838)


table 2 : explain SELECT DISTINCT c FROM sbtest2 WHERE id BETWEEN 3279934 AND 3280933 ORDER BY c
	-> Sort: sbtest2.c
    -> Table scan on <temporary>  (cost=809..835 rows=1872)
        -> Temporary table with deduplication  (cost=809..809 rows=1872)
            -> Filter: (sbtest2.id between 3279934 and 3280933)  (cost=378 rows=1872)
                -> Index range scan on sbtest2 using PRIMARY over (3279934 <= id <= 3280933)  (cost=378 rows=1872)


table 3 : explain SELECT DISTINCT c FROM sbtest3 WHERE id BETWEEN 8307744 AND 8308743 ORDER BY c
	-> Sort: sbtest3.c
    -> Table scan on <temporary>  (cost=809..835 rows=1872)
        -> Temporary table with deduplication  (cost=809..809 rows=1872)
            -> Filter: (sbtest3.id between 8307744 and 8308743)  (cost=378 rows=1872)
                -> Index range scan on sbtest3 using PRIMARY over (8307744 <= id <= 8308743)  (cost=378 rows=1872)


table 4 : explain SELECT DISTINCT c FROM sbtest4 WHERE id BETWEEN 9695327 AND 9696326 ORDER BY c
	-> Sort: sbtest4.c
    -> Table scan on <temporary>  (cost=809..835 rows=1872)
        -> Temporary table with deduplication  (cost=809..809 rows=1872)
            -> Filter: (sbtest4.id between 9695327 and 9696326)  (cost=378 rows=1872)
                -> Index range scan on sbtest4 using PRIMARY over (9695327 <= id <= 9696326)  (cost=378 rows=1872)


table 5 : explain SELECT DISTINCT c FROM sbtest5 WHERE id BETWEEN 7875337 AND 7876336 ORDER BY c
	-> Sort: sbtest5.c
    -> Table scan on <temporary>  (cost=794..820 rows=1838)
        -> Temporary table with deduplication  (cost=794..794 rows=1838)
            -> Filter: (sbtest5.id between 7875337 and 7876336)  (cost=371 rows=1838)
                -> Index range scan on sbtest5 using PRIMARY over (7875337 <= id <= 7876336)  (cost=371 rows=1838)


table 6 : explain SELECT DISTINCT c FROM sbtest6 WHERE id BETWEEN 646575 AND 647574 ORDER BY c
	-> Sort: sbtest6.c
    -> Table scan on <temporary>  (cost=794..820 rows=1838)
        -> Temporary table with deduplication  (cost=794..794 rows=1838)
            -> Filter: (sbtest6.id between 646575 and 647574)  (cost=371 rows=1838)
                -> Index range scan on sbtest6 using PRIMARY over (646575 <= id <= 647574)  (cost=371 rows=1838)


table 7 : explain SELECT DISTINCT c FROM sbtest7 WHERE id BETWEEN 9422981 AND 9423980 ORDER BY c
	-> Sort: sbtest7.c
    -> Table scan on <temporary>  (cost=794..820 rows=1838)
        -> Temporary table with deduplication  (cost=794..794 rows=1838)
            -> Filter: (sbtest7.id between 9422981 and 9423980)  (cost=371 rows=1838)
                -> Index range scan on sbtest7 using PRIMARY over (9422981 <= id <= 9423980)  (cost=371 rows=1838)


table 8 : explain SELECT DISTINCT c FROM sbtest8 WHERE id BETWEEN 6734856 AND 6735855 ORDER BY c
	-> Sort: sbtest8.c
    -> Table scan on <temporary>  (cost=794..820 rows=1838)
        -> Temporary table with deduplication  (cost=794..794 rows=1838)
            -> Filter: (sbtest8.id between 6734856 and 6735855)  (cost=371 rows=1838)
                -> Index range scan on sbtest8 using PRIMARY over (6734856 <= id <= 6735855)  (cost=371 rows=1838)


for: distinct_ranges
table 1 : explain SELECT DISTINCT c FROM sbtest1 WHERE id BETWEEN 8341285 AND 8342284 ORDER BY c
	-> Sort: sbtest1.c
    -> Table scan on <temporary>  (cost=794..820 rows=1838)
        -> Temporary table with deduplication  (cost=794..794 rows=1838)
            -> Filter: (sbtest1.id between 8341285 and 8342284)  (cost=371 rows=1838)
                -> Index range scan on sbtest1 using PRIMARY over (8341285 <= id <= 8342284)  (cost=371 rows=1838)


table 2 : explain SELECT DISTINCT c FROM sbtest2 WHERE id BETWEEN 7859329 AND 7860328 ORDER BY c
	-> Sort: sbtest2.c
    -> Table scan on <temporary>  (cost=794..820 rows=1838)
        -> Temporary table with deduplication  (cost=794..794 rows=1838)
            -> Filter: (sbtest2.id between 7859329 and 7860328)  (cost=371 rows=1838)
                -> Index range scan on sbtest2 using PRIMARY over (7859329 <= id <= 7860328)  (cost=371 rows=1838)


table 3 : explain SELECT DISTINCT c FROM sbtest3 WHERE id BETWEEN 5310793 AND 5311792 ORDER BY c
	-> Sort: sbtest3.c
    -> Table scan on <temporary>  (cost=809..835 rows=1872)
        -> Temporary table with deduplication  (cost=809..809 rows=1872)
            -> Filter: (sbtest3.id between 5310793 and 5311792)  (cost=378 rows=1872)
                -> Index range scan on sbtest3 using PRIMARY over (5310793 <= id <= 5311792)  (cost=378 rows=1872)


table 4 : explain SELECT DISTINCT c FROM sbtest4 WHERE id BETWEEN 6344118 AND 6345117 ORDER BY c
	-> Sort: sbtest4.c
    -> Table scan on <temporary>  (cost=809..835 rows=1872)
        -> Temporary table with deduplication  (cost=809..809 rows=1872)
            -> Filter: (sbtest4.id between 6344118 and 6345117)  (cost=378 rows=1872)
                -> Index range scan on sbtest4 using PRIMARY over (6344118 <= id <= 6345117)  (cost=378 rows=1872)


table 5 : explain SELECT DISTINCT c FROM sbtest5 WHERE id BETWEEN 9251183 AND 9252182 ORDER BY c
	-> Sort: sbtest5.c
    -> Table scan on <temporary>  (cost=809..835 rows=1872)
        -> Temporary table with deduplication  (cost=809..809 rows=1872)
            -> Filter: (sbtest5.id between 9251183 and 9252182)  (cost=378 rows=1872)
                -> Index range scan on sbtest5 using PRIMARY over (9251183 <= id <= 9252182)  (cost=378 rows=1872)


table 6 : explain SELECT DISTINCT c FROM sbtest6 WHERE id BETWEEN 6801553 AND 6802552 ORDER BY c
	-> Sort: sbtest6.c
    -> Table scan on <temporary>  (cost=794..820 rows=1838)
        -> Temporary table with deduplication  (cost=794..794 rows=1838)
            -> Filter: (sbtest6.id between 6801553 and 6802552)  (cost=371 rows=1838)
                -> Index range scan on sbtest6 using PRIMARY over (6801553 <= id <= 6802552)  (cost=371 rows=1838)


table 7 : explain SELECT DISTINCT c FROM sbtest7 WHERE id BETWEEN 4383354 AND 4384353 ORDER BY c
	-> Sort: sbtest7.c
    -> Table scan on <temporary>  (cost=794..820 rows=1838)
        -> Temporary table with deduplication  (cost=794..794 rows=1838)
            -> Filter: (sbtest7.id between 4383354 and 4384353)  (cost=371 rows=1838)
                -> Index range scan on sbtest7 using PRIMARY over (4383354 <= id <= 4384353)  (cost=371 rows=1838)


table 8 : explain SELECT DISTINCT c FROM sbtest8 WHERE id BETWEEN 1867898 AND 1868897 ORDER BY c
	-> Sort: sbtest8.c
    -> Table scan on <temporary>  (cost=809..835 rows=1872)
        -> Temporary table with deduplication  (cost=809..809 rows=1872)
            -> Filter: (sbtest8.id between 1867898 and 1868897)  (cost=378 rows=1872)
                -> Index range scan on sbtest8 using PRIMARY over (1867898 <= id <= 1868897)  (cost=378 rows=1872)


for: distinct_ranges
table 1 : explain SELECT DISTINCT c FROM sbtest1 WHERE id BETWEEN 4285266 AND 4286265 ORDER BY c
	-> Sort: sbtest1.c
    -> Table scan on <temporary>  (cost=794..820 rows=1838)
        -> Temporary table with deduplication  (cost=794..794 rows=1838)
            -> Filter: (sbtest1.id between 4285266 and 4286265)  (cost=371 rows=1838)
                -> Index range scan on sbtest1 using PRIMARY over (4285266 <= id <= 4286265)  (cost=371 rows=1838)


table 2 : explain SELECT DISTINCT c FROM sbtest2 WHERE id BETWEEN 6080742 AND 6081741 ORDER BY c
	-> Sort: sbtest2.c
    -> Table scan on <temporary>  (cost=794..820 rows=1838)
        -> Temporary table with deduplication  (cost=794..794 rows=1838)
            -> Filter: (sbtest2.id between 6080742 and 6081741)  (cost=371 rows=1838)
                -> Index range scan on sbtest2 using PRIMARY over (6080742 <= id <= 6081741)  (cost=371 rows=1838)


table 3 : explain SELECT DISTINCT c FROM sbtest3 WHERE id BETWEEN 8308756 AND 8309755 ORDER BY c
	-> Sort: sbtest3.c
    -> Table scan on <temporary>  (cost=809..835 rows=1872)
        -> Temporary table with deduplication  (cost=809..809 rows=1872)
            -> Filter: (sbtest3.id between 8308756 and 8309755)  (cost=378 rows=1872)
                -> Index range scan on sbtest3 using PRIMARY over (8308756 <= id <= 8309755)  (cost=378 rows=1872)


table 4 : explain SELECT DISTINCT c FROM sbtest4 WHERE id BETWEEN 5032050 AND 5033049 ORDER BY c
	-> Sort: sbtest4.c
    -> Table scan on <temporary>  (cost=794..820 rows=1838)
        -> Temporary table with deduplication  (cost=794..794 rows=1838)
            -> Filter: (sbtest4.id between 5032050 and 5033049)  (cost=371 rows=1838)
                -> Index range scan on sbtest4 using PRIMARY over (5032050 <= id <= 5033049)  (cost=371 rows=1838)


table 5 : explain SELECT DISTINCT c FROM sbtest5 WHERE id BETWEEN 242211 AND 243210 ORDER BY c
	-> Sort: sbtest5.c
    -> Table scan on <temporary>  (cost=794..820 rows=1838)
        -> Temporary table with deduplication  (cost=794..794 rows=1838)
            -> Filter: (sbtest5.id between 242211 and 243210)  (cost=371 rows=1838)
                -> Index range scan on sbtest5 using PRIMARY over (242211 <= id <= 243210)  (cost=371 rows=1838)


table 6 : explain SELECT DISTINCT c FROM sbtest6 WHERE id BETWEEN 3899872 AND 3900871 ORDER BY c
	-> Sort: sbtest6.c
    -> Table scan on <temporary>  (cost=794..820 rows=1838)
        -> Temporary table with deduplication  (cost=794..794 rows=1838)
            -> Filter: (sbtest6.id between 3899872 and 3900871)  (cost=371 rows=1838)
                -> Index range scan on sbtest6 using PRIMARY over (3899872 <= id <= 3900871)  (cost=371 rows=1838)


table 7 : explain SELECT DISTINCT c FROM sbtest7 WHERE id BETWEEN 5089848 AND 5090847 ORDER BY c
	-> Sort: sbtest7.c
    -> Table scan on <temporary>  (cost=794..820 rows=1838)
        -> Temporary table with deduplication  (cost=794..794 rows=1838)
            -> Filter: (sbtest7.id between 5089848 and 5090847)  (cost=371 rows=1838)
                -> Index range scan on sbtest7 using PRIMARY over (5089848 <= id <= 5090847)  (cost=371 rows=1838)


table 8 : explain SELECT DISTINCT c FROM sbtest8 WHERE id BETWEEN 8459949 AND 8460948 ORDER BY c
	-> Sort: sbtest8.c
    -> Table scan on <temporary>  (cost=809..835 rows=1872)
        -> Temporary table with deduplication  (cost=809..809 rows=1872)
            -> Filter: (sbtest8.id between 8459949 and 8460948)  (cost=378 rows=1872)
                -> Index range scan on sbtest8 using PRIMARY over (8459949 <= id <= 8460948)  (cost=378 rows=1872)


for: distinct_ranges
table 1 : explain SELECT DISTINCT c FROM sbtest1 WHERE id BETWEEN 7322185 AND 7323184 ORDER BY c
	-> Sort: sbtest1.c
    -> Table scan on <temporary>  (cost=794..820 rows=1838)
        -> Temporary table with deduplication  (cost=794..794 rows=1838)
            -> Filter: (sbtest1.id between 7322185 and 7323184)  (cost=371 rows=1838)
                -> Index range scan on sbtest1 using PRIMARY over (7322185 <= id <= 7323184)  (cost=371 rows=1838)


table 2 : explain SELECT DISTINCT c FROM sbtest2 WHERE id BETWEEN 6227310 AND 6228309 ORDER BY c
	-> Sort: sbtest2.c
    -> Table scan on <temporary>  (cost=809..835 rows=1872)
        -> Temporary table with deduplication  (cost=809..809 rows=1872)
            -> Filter: (sbtest2.id between 6227310 and 6228309)  (cost=378 rows=1872)
                -> Index range scan on sbtest2 using PRIMARY over (6227310 <= id <= 6228309)  (cost=378 rows=1872)


table 3 : explain SELECT DISTINCT c FROM sbtest3 WHERE id BETWEEN 2141019 AND 2142018 ORDER BY c
	-> Sort: sbtest3.c
    -> Table scan on <temporary>  (cost=794..820 rows=1838)
        -> Temporary table with deduplication  (cost=794..794 rows=1838)
            -> Filter: (sbtest3.id between 2141019 and 2142018)  (cost=371 rows=1838)
                -> Index range scan on sbtest3 using PRIMARY over (2141019 <= id <= 2142018)  (cost=371 rows=1838)


table 4 : explain SELECT DISTINCT c FROM sbtest4 WHERE id BETWEEN 7410078 AND 7411077 ORDER BY c
	-> Sort: sbtest4.c
    -> Table scan on <temporary>  (cost=794..820 rows=1838)
        -> Temporary table with deduplication  (cost=794..794 rows=1838)
            -> Filter: (sbtest4.id between 7410078 and 7411077)  (cost=371 rows=1838)
                -> Index range scan on sbtest4 using PRIMARY over (7410078 <= id <= 7411077)  (cost=371 rows=1838)


table 5 : explain SELECT DISTINCT c FROM sbtest5 WHERE id BETWEEN 6263906 AND 6264905 ORDER BY c
	-> Sort: sbtest5.c
    -> Table scan on <temporary>  (cost=794..820 rows=1838)
        -> Temporary table with deduplication  (cost=794..794 rows=1838)
            -> Filter: (sbtest5.id between 6263906 and 6264905)  (cost=371 rows=1838)
                -> Index range scan on sbtest5 using PRIMARY over (6263906 <= id <= 6264905)  (cost=371 rows=1838)


table 6 : explain SELECT DISTINCT c FROM sbtest6 WHERE id BETWEEN 3835254 AND 3836253 ORDER BY c
	-> Sort: sbtest6.c
    -> Table scan on <temporary>  (cost=809..835 rows=1872)
        -> Temporary table with deduplication  (cost=809..809 rows=1872)
            -> Filter: (sbtest6.id between 3835254 and 3836253)  (cost=378 rows=1872)
                -> Index range scan on sbtest6 using PRIMARY over (3835254 <= id <= 3836253)  (cost=378 rows=1872)


table 7 : explain SELECT DISTINCT c FROM sbtest7 WHERE id BETWEEN 2550607 AND 2551606 ORDER BY c
	-> Sort: sbtest7.c
    -> Table scan on <temporary>  (cost=794..820 rows=1838)
        -> Temporary table with deduplication  (cost=794..794 rows=1838)
            -> Filter: (sbtest7.id between 2550607 and 2551606)  (cost=371 rows=1838)
                -> Index range scan on sbtest7 using PRIMARY over (2550607 <= id <= 2551606)  (cost=371 rows=1838)


table 8 : explain SELECT DISTINCT c FROM sbtest8 WHERE id BETWEEN 7675424 AND 7676423 ORDER BY c
	-> Sort: sbtest8.c
    -> Table scan on <temporary>  (cost=809..835 rows=1872)
        -> Temporary table with deduplication  (cost=809..809 rows=1872)
            -> Filter: (sbtest8.id between 7675424 and 7676423)  (cost=378 rows=1872)
                -> Index range scan on sbtest8 using PRIMARY over (7675424 <= id <= 7676423)  (cost=378 rows=1872)


for: distinct_ranges
table 1 : explain SELECT DISTINCT c FROM sbtest1 WHERE id BETWEEN 797716 AND 798715 ORDER BY c
	-> Sort: sbtest1.c
    -> Table scan on <temporary>  (cost=809..835 rows=1872)
        -> Temporary table with deduplication  (cost=809..809 rows=1872)
            -> Filter: (sbtest1.id between 797716 and 798715)  (cost=378 rows=1872)
                -> Index range scan on sbtest1 using PRIMARY over (797716 <= id <= 798715)  (cost=378 rows=1872)


table 2 : explain SELECT DISTINCT c FROM sbtest2 WHERE id BETWEEN 4149964 AND 4150963 ORDER BY c
	-> Sort: sbtest2.c
    -> Table scan on <temporary>  (cost=794..820 rows=1838)
        -> Temporary table with deduplication  (cost=794..794 rows=1838)
            -> Filter: (sbtest2.id between 4149964 and 4150963)  (cost=371 rows=1838)
                -> Index range scan on sbtest2 using PRIMARY over (4149964 <= id <= 4150963)  (cost=371 rows=1838)


table 3 : explain SELECT DISTINCT c FROM sbtest3 WHERE id BETWEEN 2652552 AND 2653551 ORDER BY c
	-> Sort: sbtest3.c
    -> Table scan on <temporary>  (cost=794..820 rows=1838)
        -> Temporary table with deduplication  (cost=794..794 rows=1838)
            -> Filter: (sbtest3.id between 2652552 and 2653551)  (cost=371 rows=1838)
                -> Index range scan on sbtest3 using PRIMARY over (2652552 <= id <= 2653551)  (cost=371 rows=1838)


table 4 : explain SELECT DISTINCT c FROM sbtest4 WHERE id BETWEEN 6236242 AND 6237241 ORDER BY c
	-> Sort: sbtest4.c
    -> Table scan on <temporary>  (cost=794..820 rows=1838)
        -> Temporary table with deduplication  (cost=794..794 rows=1838)
            -> Filter: (sbtest4.id between 6236242 and 6237241)  (cost=371 rows=1838)
                -> Index range scan on sbtest4 using PRIMARY over (6236242 <= id <= 6237241)  (cost=371 rows=1838)


table 5 : explain SELECT DISTINCT c FROM sbtest5 WHERE id BETWEEN 8991643 AND 8992642 ORDER BY c
	-> Sort: sbtest5.c
    -> Table scan on <temporary>  (cost=794..820 rows=1838)
        -> Temporary table with deduplication  (cost=794..794 rows=1838)
            -> Filter: (sbtest5.id between 8991643 and 8992642)  (cost=371 rows=1838)
                -> Index range scan on sbtest5 using PRIMARY over (8991643 <= id <= 8992642)  (cost=371 rows=1838)


table 6 : explain SELECT DISTINCT c FROM sbtest6 WHERE id BETWEEN 4478144 AND 4479143 ORDER BY c
	-> Sort: sbtest6.c
    -> Table scan on <temporary>  (cost=794..820 rows=1838)
        -> Temporary table with deduplication  (cost=794..794 rows=1838)
            -> Filter: (sbtest6.id between 4478144 and 4479143)  (cost=371 rows=1838)
                -> Index range scan on sbtest6 using PRIMARY over (4478144 <= id <= 4479143)  (cost=371 rows=1838)


table 7 : explain SELECT DISTINCT c FROM sbtest7 WHERE id BETWEEN 7721873 AND 7722872 ORDER BY c
	-> Sort: sbtest7.c
    -> Table scan on <temporary>  (cost=794..820 rows=1838)
        -> Temporary table with deduplication  (cost=794..794 rows=1838)
            -> Filter: (sbtest7.id between 7721873 and 7722872)  (cost=371 rows=1838)
                -> Index range scan on sbtest7 using PRIMARY over (7721873 <= id <= 7722872)  (cost=371 rows=1838)


table 8 : explain SELECT DISTINCT c FROM sbtest8 WHERE id BETWEEN 8865024 AND 8866023 ORDER BY c
	-> Sort: sbtest8.c
    -> Table scan on <temporary>  (cost=809..835 rows=1872)
        -> Temporary table with deduplication  (cost=809..809 rows=1872)
            -> Filter: (sbtest8.id between 8865024 and 8866023)  (cost=378 rows=1872)
                -> Index range scan on sbtest8 using PRIMARY over (8865024 <= id <= 8866023)  (cost=378 rows=1872)


for: distinct_ranges
table 1 : explain SELECT DISTINCT c FROM sbtest1 WHERE id BETWEEN 2828388 AND 2829387 ORDER BY c
	-> Sort: sbtest1.c
    -> Table scan on <temporary>  (cost=794..820 rows=1838)
        -> Temporary table with deduplication  (cost=794..794 rows=1838)
            -> Filter: (sbtest1.id between 2828388 and 2829387)  (cost=371 rows=1838)
                -> Index range scan on sbtest1 using PRIMARY over (2828388 <= id <= 2829387)  (cost=371 rows=1838)


table 2 : explain SELECT DISTINCT c FROM sbtest2 WHERE id BETWEEN 5509713 AND 5510712 ORDER BY c
	-> Sort: sbtest2.c
    -> Table scan on <temporary>  (cost=809..835 rows=1872)
        -> Temporary table with deduplication  (cost=809..809 rows=1872)
            -> Filter: (sbtest2.id between 5509713 and 5510712)  (cost=378 rows=1872)
                -> Index range scan on sbtest2 using PRIMARY over (5509713 <= id <= 5510712)  (cost=378 rows=1872)


table 3 : explain SELECT DISTINCT c FROM sbtest3 WHERE id BETWEEN 8234183 AND 8235182 ORDER BY c
	-> Sort: sbtest3.c
    -> Table scan on <temporary>  (cost=794..820 rows=1838)
        -> Temporary table with deduplication  (cost=794..794 rows=1838)
            -> Filter: (sbtest3.id between 8234183 and 8235182)  (cost=371 rows=1838)
                -> Index range scan on sbtest3 using PRIMARY over (8234183 <= id <= 8235182)  (cost=371 rows=1838)


table 4 : explain SELECT DISTINCT c FROM sbtest4 WHERE id BETWEEN 6273093 AND 6274092 ORDER BY c
	-> Sort: sbtest4.c
    -> Table scan on <temporary>  (cost=809..835 rows=1872)
        -> Temporary table with deduplication  (cost=809..809 rows=1872)
            -> Filter: (sbtest4.id between 6273093 and 6274092)  (cost=378 rows=1872)
                -> Index range scan on sbtest4 using PRIMARY over (6273093 <= id <= 6274092)  (cost=378 rows=1872)


table 5 : explain SELECT DISTINCT c FROM sbtest5 WHERE id BETWEEN 2811207 AND 2812206 ORDER BY c
	-> Sort: sbtest5.c
    -> Table scan on <temporary>  (cost=809..835 rows=1872)
        -> Temporary table with deduplication  (cost=809..809 rows=1872)
            -> Filter: (sbtest5.id between 2811207 and 2812206)  (cost=378 rows=1872)
                -> Index range scan on sbtest5 using PRIMARY over (2811207 <= id <= 2812206)  (cost=378 rows=1872)


table 6 : explain SELECT DISTINCT c FROM sbtest6 WHERE id BETWEEN 4325600 AND 4326599 ORDER BY c
	-> Sort: sbtest6.c
    -> Table scan on <temporary>  (cost=809..835 rows=1872)
        -> Temporary table with deduplication  (cost=809..809 rows=1872)
            -> Filter: (sbtest6.id between 4325600 and 4326599)  (cost=378 rows=1872)
                -> Index range scan on sbtest6 using PRIMARY over (4325600 <= id <= 4326599)  (cost=378 rows=1872)


table 7 : explain SELECT DISTINCT c FROM sbtest7 WHERE id BETWEEN 6562011 AND 6563010 ORDER BY c
	-> Sort: sbtest7.c
    -> Table scan on <temporary>  (cost=809..835 rows=1872)
        -> Temporary table with deduplication  (cost=809..809 rows=1872)
            -> Filter: (sbtest7.id between 6562011 and 6563010)  (cost=378 rows=1872)
                -> Index range scan on sbtest7 using PRIMARY over (6562011 <= id <= 6563010)  (cost=378 rows=1872)


table 8 : explain SELECT DISTINCT c FROM sbtest8 WHERE id BETWEEN 209043 AND 210042 ORDER BY c
	-> Sort: sbtest8.c
    -> Table scan on <temporary>  (cost=809..835 rows=1872)
        -> Temporary table with deduplication  (cost=809..809 rows=1872)
            -> Filter: (sbtest8.id between 209043 and 210042)  (cost=378 rows=1872)
                -> Index range scan on sbtest8 using PRIMARY over (209043 <= id <= 210042)  (cost=378 rows=1872)


for: distinct_ranges
table 1 : explain SELECT DISTINCT c FROM sbtest1 WHERE id BETWEEN 2305644 AND 2306643 ORDER BY c
	-> Sort: sbtest1.c
    -> Table scan on <temporary>  (cost=794..820 rows=1838)
        -> Temporary table with deduplication  (cost=794..794 rows=1838)
            -> Filter: (sbtest1.id between 2305644 and 2306643)  (cost=371 rows=1838)
                -> Index range scan on sbtest1 using PRIMARY over (2305644 <= id <= 2306643)  (cost=371 rows=1838)


table 2 : explain SELECT DISTINCT c FROM sbtest2 WHERE id BETWEEN 1569211 AND 1570210 ORDER BY c
	-> Sort: sbtest2.c
    -> Table scan on <temporary>  (cost=794..820 rows=1838)
        -> Temporary table with deduplication  (cost=794..794 rows=1838)
            -> Filter: (sbtest2.id between 1569211 and 1570210)  (cost=371 rows=1838)
                -> Index range scan on sbtest2 using PRIMARY over (1569211 <= id <= 1570210)  (cost=371 rows=1838)


table 3 : explain SELECT DISTINCT c FROM sbtest3 WHERE id BETWEEN 6810403 AND 6811402 ORDER BY c
	-> Sort: sbtest3.c
    -> Table scan on <temporary>  (cost=794..820 rows=1838)
        -> Temporary table with deduplication  (cost=794..794 rows=1838)
            -> Filter: (sbtest3.id between 6810403 and 6811402)  (cost=371 rows=1838)
                -> Index range scan on sbtest3 using PRIMARY over (6810403 <= id <= 6811402)  (cost=371 rows=1838)


table 4 : explain SELECT DISTINCT c FROM sbtest4 WHERE id BETWEEN 8217066 AND 8218065 ORDER BY c
	-> Sort: sbtest4.c
    -> Table scan on <temporary>  (cost=809..835 rows=1872)
        -> Temporary table with deduplication  (cost=809..809 rows=1872)
            -> Filter: (sbtest4.id between 8217066 and 8218065)  (cost=378 rows=1872)
                -> Index range scan on sbtest4 using PRIMARY over (8217066 <= id <= 8218065)  (cost=378 rows=1872)


table 5 : explain SELECT DISTINCT c FROM sbtest5 WHERE id BETWEEN 5289376 AND 5290375 ORDER BY c
	-> Sort: sbtest5.c
    -> Table scan on <temporary>  (cost=794..820 rows=1838)
        -> Temporary table with deduplication  (cost=794..794 rows=1838)
            -> Filter: (sbtest5.id between 5289376 and 5290375)  (cost=371 rows=1838)
                -> Index range scan on sbtest5 using PRIMARY over (5289376 <= id <= 5290375)  (cost=371 rows=1838)


table 6 : explain SELECT DISTINCT c FROM sbtest6 WHERE id BETWEEN 2433414 AND 2434413 ORDER BY c
	-> Sort: sbtest6.c
    -> Table scan on <temporary>  (cost=794..820 rows=1838)
        -> Temporary table with deduplication  (cost=794..794 rows=1838)
            -> Filter: (sbtest6.id between 2433414 and 2434413)  (cost=371 rows=1838)
                -> Index range scan on sbtest6 using PRIMARY over (2433414 <= id <= 2434413)  (cost=371 rows=1838)


table 7 : explain SELECT DISTINCT c FROM sbtest7 WHERE id BETWEEN 3294861 AND 3295860 ORDER BY c
	-> Sort: sbtest7.c
    -> Table scan on <temporary>  (cost=794..820 rows=1838)
        -> Temporary table with deduplication  (cost=794..794 rows=1838)
            -> Filter: (sbtest7.id between 3294861 and 3295860)  (cost=371 rows=1838)
                -> Index range scan on sbtest7 using PRIMARY over (3294861 <= id <= 3295860)  (cost=371 rows=1838)


table 8 : explain SELECT DISTINCT c FROM sbtest8 WHERE id BETWEEN 2678828 AND 2679827 ORDER BY c
	-> Sort: sbtest8.c
    -> Table scan on <temporary>  (cost=794..820 rows=1838)
        -> Temporary table with deduplication  (cost=794..794 rows=1838)
            -> Filter: (sbtest8.id between 2678828 and 2679827)  (cost=371 rows=1838)
                -> Index range scan on sbtest8 using PRIMARY over (2678828 <= id <= 2679827)  (cost=371 rows=1838)


for: distinct_ranges
table 1 : explain SELECT DISTINCT c FROM sbtest1 WHERE id BETWEEN 6506151 AND 6507150 ORDER BY c
	-> Sort: sbtest1.c
    -> Table scan on <temporary>  (cost=794..820 rows=1838)
        -> Temporary table with deduplication  (cost=794..794 rows=1838)
            -> Filter: (sbtest1.id between 6506151 and 6507150)  (cost=371 rows=1838)
                -> Index range scan on sbtest1 using PRIMARY over (6506151 <= id <= 6507150)  (cost=371 rows=1838)


table 2 : explain SELECT DISTINCT c FROM sbtest2 WHERE id BETWEEN 8702674 AND 8703673 ORDER BY c
	-> Sort: sbtest2.c
    -> Table scan on <temporary>  (cost=809..835 rows=1872)
        -> Temporary table with deduplication  (cost=809..809 rows=1872)
            -> Filter: (sbtest2.id between 8702674 and 8703673)  (cost=378 rows=1872)
                -> Index range scan on sbtest2 using PRIMARY over (8702674 <= id <= 8703673)  (cost=378 rows=1872)


table 3 : explain SELECT DISTINCT c FROM sbtest3 WHERE id BETWEEN 8523306 AND 8524305 ORDER BY c
	-> Sort: sbtest3.c
    -> Table scan on <temporary>  (cost=809..835 rows=1872)
        -> Temporary table with deduplication  (cost=809..809 rows=1872)
            -> Filter: (sbtest3.id between 8523306 and 8524305)  (cost=378 rows=1872)
                -> Index range scan on sbtest3 using PRIMARY over (8523306 <= id <= 8524305)  (cost=378 rows=1872)


table 4 : explain SELECT DISTINCT c FROM sbtest4 WHERE id BETWEEN 4247772 AND 4248771 ORDER BY c
	-> Sort: sbtest4.c
    -> Table scan on <temporary>  (cost=809..835 rows=1872)
        -> Temporary table with deduplication  (cost=809..809 rows=1872)
            -> Filter: (sbtest4.id between 4247772 and 4248771)  (cost=378 rows=1872)
                -> Index range scan on sbtest4 using PRIMARY over (4247772 <= id <= 4248771)  (cost=378 rows=1872)


table 5 : explain SELECT DISTINCT c FROM sbtest5 WHERE id BETWEEN 3925661 AND 3926660 ORDER BY c
	-> Sort: sbtest5.c
    -> Table scan on <temporary>  (cost=794..820 rows=1838)
        -> Temporary table with deduplication  (cost=794..794 rows=1838)
            -> Filter: (sbtest5.id between 3925661 and 3926660)  (cost=371 rows=1838)
                -> Index range scan on sbtest5 using PRIMARY over (3925661 <= id <= 3926660)  (cost=371 rows=1838)


table 6 : explain SELECT DISTINCT c FROM sbtest6 WHERE id BETWEEN 6769379 AND 6770378 ORDER BY c
	-> Sort: sbtest6.c
    -> Table scan on <temporary>  (cost=794..820 rows=1838)
        -> Temporary table with deduplication  (cost=794..794 rows=1838)
            -> Filter: (sbtest6.id between 6769379 and 6770378)  (cost=371 rows=1838)
                -> Index range scan on sbtest6 using PRIMARY over (6769379 <= id <= 6770378)  (cost=371 rows=1838)


table 7 : explain SELECT DISTINCT c FROM sbtest7 WHERE id BETWEEN 8820848 AND 8821847 ORDER BY c
	-> Sort: sbtest7.c
    -> Table scan on <temporary>  (cost=809..835 rows=1872)
        -> Temporary table with deduplication  (cost=809..809 rows=1872)
            -> Filter: (sbtest7.id between 8820848 and 8821847)  (cost=378 rows=1872)
                -> Index range scan on sbtest7 using PRIMARY over (8820848 <= id <= 8821847)  (cost=378 rows=1872)


table 8 : explain SELECT DISTINCT c FROM sbtest8 WHERE id BETWEEN 8870771 AND 8871770 ORDER BY c
	-> Sort: sbtest8.c
    -> Table scan on <temporary>  (cost=794..820 rows=1838)
        -> Temporary table with deduplication  (cost=794..794 rows=1838)
            -> Filter: (sbtest8.id between 8870771 and 8871770)  (cost=371 rows=1838)
                -> Index range scan on sbtest8 using PRIMARY over (8870771 <= id <= 8871770)  (cost=371 rows=1838)


for: distinct_ranges
table 1 : explain SELECT DISTINCT c FROM sbtest1 WHERE id BETWEEN 2665367 AND 2666366 ORDER BY c
	-> Sort: sbtest1.c
    -> Table scan on <temporary>  (cost=794..820 rows=1838)
        -> Temporary table with deduplication  (cost=794..794 rows=1838)
            -> Filter: (sbtest1.id between 2665367 and 2666366)  (cost=371 rows=1838)
                -> Index range scan on sbtest1 using PRIMARY over (2665367 <= id <= 2666366)  (cost=371 rows=1838)


table 2 : explain SELECT DISTINCT c FROM sbtest2 WHERE id BETWEEN 524717 AND 525716 ORDER BY c
	-> Sort: sbtest2.c
    -> Table scan on <temporary>  (cost=794..820 rows=1838)
        -> Temporary table with deduplication  (cost=794..794 rows=1838)
            -> Filter: (sbtest2.id between 524717 and 525716)  (cost=371 rows=1838)
                -> Index range scan on sbtest2 using PRIMARY over (524717 <= id <= 525716)  (cost=371 rows=1838)


table 3 : explain SELECT DISTINCT c FROM sbtest3 WHERE id BETWEEN 6343492 AND 6344491 ORDER BY c
	-> Sort: sbtest3.c
    -> Table scan on <temporary>  (cost=794..820 rows=1838)
        -> Temporary table with deduplication  (cost=794..794 rows=1838)
            -> Filter: (sbtest3.id between 6343492 and 6344491)  (cost=371 rows=1838)
                -> Index range scan on sbtest3 using PRIMARY over (6343492 <= id <= 6344491)  (cost=371 rows=1838)


table 4 : explain SELECT DISTINCT c FROM sbtest4 WHERE id BETWEEN 1528539 AND 1529538 ORDER BY c
	-> Sort: sbtest4.c
    -> Table scan on <temporary>  (cost=794..820 rows=1838)
        -> Temporary table with deduplication  (cost=794..794 rows=1838)
            -> Filter: (sbtest4.id between 1528539 and 1529538)  (cost=371 rows=1838)
                -> Index range scan on sbtest4 using PRIMARY over (1528539 <= id <= 1529538)  (cost=371 rows=1838)


table 5 : explain SELECT DISTINCT c FROM sbtest5 WHERE id BETWEEN 5478802 AND 5479801 ORDER BY c
	-> Sort: sbtest5.c
    -> Table scan on <temporary>  (cost=794..820 rows=1838)
        -> Temporary table with deduplication  (cost=794..794 rows=1838)
            -> Filter: (sbtest5.id between 5478802 and 5479801)  (cost=371 rows=1838)
                -> Index range scan on sbtest5 using PRIMARY over (5478802 <= id <= 5479801)  (cost=371 rows=1838)


table 6 : explain SELECT DISTINCT c FROM sbtest6 WHERE id BETWEEN 7272638 AND 7273637 ORDER BY c
	-> Sort: sbtest6.c
    -> Table scan on <temporary>  (cost=794..820 rows=1838)
        -> Temporary table with deduplication  (cost=794..794 rows=1838)
            -> Filter: (sbtest6.id between 7272638 and 7273637)  (cost=371 rows=1838)
                -> Index range scan on sbtest6 using PRIMARY over (7272638 <= id <= 7273637)  (cost=371 rows=1838)


table 7 : explain SELECT DISTINCT c FROM sbtest7 WHERE id BETWEEN 6609112 AND 6610111 ORDER BY c
	-> Sort: sbtest7.c
    -> Table scan on <temporary>  (cost=809..835 rows=1872)
        -> Temporary table with deduplication  (cost=809..809 rows=1872)
            -> Filter: (sbtest7.id between 6609112 and 6610111)  (cost=378 rows=1872)
                -> Index range scan on sbtest7 using PRIMARY over (6609112 <= id <= 6610111)  (cost=378 rows=1872)


table 8 : explain SELECT DISTINCT c FROM sbtest8 WHERE id BETWEEN 5587499 AND 5588498 ORDER BY c
	-> Sort: sbtest8.c
    -> Table scan on <temporary>  (cost=794..820 rows=1838)
        -> Temporary table with deduplication  (cost=794..794 rows=1838)
            -> Filter: (sbtest8.id between 5587499 and 5588498)  (cost=371 rows=1838)
                -> Index range scan on sbtest8 using PRIMARY over (5587499 <= id <= 5588498)  (cost=371 rows=1838)


for: distinct_ranges
table 1 : explain SELECT DISTINCT c FROM sbtest1 WHERE id BETWEEN 7832038 AND 7833037 ORDER BY c
	-> Sort: sbtest1.c
    -> Table scan on <temporary>  (cost=794..820 rows=1838)
        -> Temporary table with deduplication  (cost=794..794 rows=1838)
            -> Filter: (sbtest1.id between 7832038 and 7833037)  (cost=371 rows=1838)
                -> Index range scan on sbtest1 using PRIMARY over (7832038 <= id <= 7833037)  (cost=371 rows=1838)


table 2 : explain SELECT DISTINCT c FROM sbtest2 WHERE id BETWEEN 2020676 AND 2021675 ORDER BY c
	-> Sort: sbtest2.c
    -> Table scan on <temporary>  (cost=794..820 rows=1838)
        -> Temporary table with deduplication  (cost=794..794 rows=1838)
            -> Filter: (sbtest2.id between 2020676 and 2021675)  (cost=371 rows=1838)
                -> Index range scan on sbtest2 using PRIMARY over (2020676 <= id <= 2021675)  (cost=371 rows=1838)


table 3 : explain SELECT DISTINCT c FROM sbtest3 WHERE id BETWEEN 3298963 AND 3299962 ORDER BY c
	-> Sort: sbtest3.c
    -> Table scan on <temporary>  (cost=794..820 rows=1838)
        -> Temporary table with deduplication  (cost=794..794 rows=1838)
            -> Filter: (sbtest3.id between 3298963 and 3299962)  (cost=371 rows=1838)
                -> Index range scan on sbtest3 using PRIMARY over (3298963 <= id <= 3299962)  (cost=371 rows=1838)


table 4 : explain SELECT DISTINCT c FROM sbtest4 WHERE id BETWEEN 6857099 AND 6858098 ORDER BY c
	-> Sort: sbtest4.c
    -> Table scan on <temporary>  (cost=794..820 rows=1838)
        -> Temporary table with deduplication  (cost=794..794 rows=1838)
            -> Filter: (sbtest4.id between 6857099 and 6858098)  (cost=371 rows=1838)
                -> Index range scan on sbtest4 using PRIMARY over (6857099 <= id <= 6858098)  (cost=371 rows=1838)


table 5 : explain SELECT DISTINCT c FROM sbtest5 WHERE id BETWEEN 7752783 AND 7753782 ORDER BY c
	-> Sort: sbtest5.c
    -> Table scan on <temporary>  (cost=795..821 rows=1840)
        -> Temporary table with deduplication  (cost=795..795 rows=1840)
            -> Filter: (sbtest5.id between 7752783 and 7753782)  (cost=371 rows=1840)
                -> Index range scan on sbtest5 using PRIMARY over (7752783 <= id <= 7753782)  (cost=371 rows=1840)


table 6 : explain SELECT DISTINCT c FROM sbtest6 WHERE id BETWEEN 2828068 AND 2829067 ORDER BY c
	-> Sort: sbtest6.c
    -> Table scan on <temporary>  (cost=809..835 rows=1872)
        -> Temporary table with deduplication  (cost=809..809 rows=1872)
            -> Filter: (sbtest6.id between 2828068 and 2829067)  (cost=378 rows=1872)
                -> Index range scan on sbtest6 using PRIMARY over (2828068 <= id <= 2829067)  (cost=378 rows=1872)


table 7 : explain SELECT DISTINCT c FROM sbtest7 WHERE id BETWEEN 6391391 AND 6392390 ORDER BY c
	-> Sort: sbtest7.c
    -> Table scan on <temporary>  (cost=794..820 rows=1838)
        -> Temporary table with deduplication  (cost=794..794 rows=1838)
            -> Filter: (sbtest7.id between 6391391 and 6392390)  (cost=371 rows=1838)
                -> Index range scan on sbtest7 using PRIMARY over (6391391 <= id <= 6392390)  (cost=371 rows=1838)


table 8 : explain SELECT DISTINCT c FROM sbtest8 WHERE id BETWEEN 4386148 AND 4387147 ORDER BY c
	-> Sort: sbtest8.c
    -> Table scan on <temporary>  (cost=794..820 rows=1838)
        -> Temporary table with deduplication  (cost=794..794 rows=1838)
            -> Filter: (sbtest8.id between 4386148 and 4387147)  (cost=371 rows=1838)
                -> Index range scan on sbtest8 using PRIMARY over (4386148 <= id <= 4387147)  (cost=371 rows=1838)


Threads started!

Warming up for 5 seconds...

SQL statistics:
    queries performed:
        read:                            288114737
        write:                           0
        other:                           52384509
        total:                           340499246
    transactions:                        26192273 (41574.67 per sec.)
    queries:                             340499246 (540470.20 per sec.)
    ignored errors:                      0      (0.00 per sec.)
    reconnects:                          0      (0.00 per sec.)

Throughput:
    events/s (eps):                      41574.6676
    time elapsed:                        630.0057s
    total number of events:              26192273

Latency (ms):
         min:                                    0.66
         avg:                                    0.96
         max:                                   24.99
         95th percentile:                        1.01
         sum:                             25174671.38

Threads fairness:
    events (avg/stddev):           654806.0250/2329.77
    execution time (avg/stddev):   629.3668/0.00

