LUA_PATH=/home/mdcallag/git/mytools/bench/sysbench.lua/lua/?.lua /home/mdcallag/git/mytools/bench/sysbench.lua/lua/sysbench --db-driver=pgsql --range-size=100 --table-size=10000000 --tables=8 --threads=40 --events=0 --warmup-time=5 --time=630 --pgsql_conn_id=true /home/mdcallag/git/mytools/bench/sysbench.lua/lua/oltp_range_covered.lua run --pgsql-user=root --pgsql-password=pw --pgsql-host=127.0.0.1 --pgsql-db=ib --rand-type=uniform --random-points=100 --skip-trx
48 CPUs
sysbench 1.1.0-9072687 (using bundled LuaJIT 2.1.0-beta3)

Running the test with following options:
Number of threads: 40
Warmup time: 5s
Initializing random number generator from current time


Initializing worker threads...

explain: for range-covered :: explain SELECT id FROM sbtest%d WHERE id BETWEEN 992087 AND 992187
explain: for range-covered :: explain SELECT id FROM sbtest%d WHERE id BETWEEN 3522442 AND 3522542
explain: for range-covered :: explain SELECT id FROM sbtest%d WHERE id BETWEEN 5258973 AND 5259073
explain: for range-covered :: explain SELECT id FROM sbtest%d WHERE id BETWEEN 5824619 AND 5824719
for range-covered
table 1 : explain SELECT id FROM sbtest1 WHERE id BETWEEN 5258973 AND 5259073
	Index Only Scan using sbtest1_pkey on sbtest1  (cost=0.43..10.46 rows=101 width=4)
	  Index Cond: ((id >= 5258973) AND (id <= 5259073))

table 2 : explain SELECT id FROM sbtest2 WHERE id BETWEEN 5258973 AND 5259073
	Index Only Scan using sbtest2_pkey on sbtest2  (cost=0.43..10.36 rows=96 width=4)
	  Index Cond: ((id >= 5258973) AND (id <= 5259073))

table 3 : explain SELECT id FROM sbtest3 WHERE id BETWEEN 5258973 AND 5259073
	Index Only Scan using sbtest3_pkey on sbtest3  (cost=0.43..10.68 rows=112 width=4)
	  Index Cond: ((id >= 5258973) AND (id <= 5259073))

table 4 : explain SELECT id FROM sbtest4 WHERE id BETWEEN 5258973 AND 5259073
	Index Only Scan using sbtest4_pkey on sbtest4  (cost=0.43..10.22 rows=89 width=4)
	  Index Cond: ((id >= 5258973) AND (id <= 5259073))

table 5 : explain SELECT id FROM sbtest5 WHERE id BETWEEN 5258973 AND 5259073
	Index Only Scan using sbtest5_pkey on sbtest5  (cost=0.43..10.36 rows=96 width=4)
	  Index Cond: ((id >= 5258973) AND (id <= 5259073))

table 6 : explain SELECT id FROM sbtest6 WHERE id BETWEEN 5258973 AND 5259073
	Index Only Scan using sbtest6_pkey on sbtest6  (cost=0.43..10.29 rows=93 width=4)
	  Index Cond: ((id >= 5258973) AND (id <= 5259073))

table 7 : explain SELECT id FROM sbtest7 WHERE id BETWEEN 5258973 AND 5259073
	Index Only Scan using sbtest7_pkey on sbtest7  (cost=0.43..10.15 rows=86 width=4)
	  Index Cond: ((id >= 5258973) AND (id <= 5259073))

table 8 : explain SELECT id FROM sbtest8 WHERE id BETWEEN 5258973 AND 5259073
	Index Only Scan using sbtest8_pkey on sbtest8  (cost=0.43..10.65 rows=111 width=4)
	  Index Cond: ((id >= 5258973) AND (id <= 5259073))

explain: for range-covered :: explain SELECT id FROM sbtest%d WHERE id BETWEEN 5258973 AND 5259073
for range-covered
table 1 : explain SELECT id FROM sbtest1 WHERE id BETWEEN 992087 AND 992187
	Index Only Scan using sbtest1_pkey on sbtest1  (cost=0.43..10.42 rows=99 width=4)
	  Index Cond: ((id >= 992087) AND (id <= 992187))

table 2 : explain SELECT id FROM sbtest2 WHERE id BETWEEN 992087 AND 992187
	Index Only Scan using sbtest2_pkey on sbtest2  (cost=0.43..10.38 rows=97 width=4)
	  Index Cond: ((id >= 992087) AND (id <= 992187))

table 3 : explain SELECT id FROM sbtest3 WHERE id BETWEEN 992087 AND 992187
	Index Only Scan using sbtest3_pkey on sbtest3  (cost=0.43..10.50 rows=103 width=4)
	  Index Cond: ((id >= 992087) AND (id <= 992187))

table 4 : explain SELECT id FROM sbtest4 WHERE id BETWEEN 992087 AND 992187
	Index Only Scan using sbtest4_pkey on sbtest4  (cost=0.43..10.60 rows=108 width=4)
	  Index Cond: ((id >= 992087) AND (id <= 992187))

table 5 : explain SELECT id FROM sbtest5 WHERE id BETWEEN 992087 AND 992187
	Index Only Scan using sbtest5_pkey on sbtest5  (cost=0.43..10.32 rows=94 width=4)
	  Index Cond: ((id >= 992087) AND (id <= 992187))

table 6 : explain SELECT id FROM sbtest6 WHERE id BETWEEN 992087 AND 992187
	Index Only Scan using sbtest6_pkey on sbtest6  (cost=0.43..10.36 rows=96 width=4)
	  Index Cond: ((id >= 992087) AND (id <= 992187))

table 7 : explain SELECT id FROM sbtest7 WHERE id BETWEEN 992087 AND 992187
	Index Only Scan using sbtest7_pkey on sbtest7  (cost=0.43..10.32 rows=94 width=4)
	  Index Cond: ((id >= 992087) AND (id <= 992187))

table 8 : explain SELECT id FROM sbtest8 WHERE id BETWEEN 992087 AND 992187
	Index Only Scan using sbtest8_pkey on sbtest8  (cost=0.43..10.50 rows=103 width=4)
	  Index Cond: ((id >= 992087) AND (id <= 992187))

explain: for range-covered :: explain SELECT id FROM sbtest%d WHERE id BETWEEN 992087 AND 992187
explain: for range-covered :: explain SELECT id FROM sbtest%d WHERE id BETWEEN 1857519 AND 1857619
for range-covered
table 1 : explain SELECT id FROM sbtest1 WHERE id BETWEEN 5258973 AND 5259073
	Index Only Scan using sbtest1_pkey on sbtest1  (cost=0.43..10.46 rows=101 width=4)
	  Index Cond: ((id >= 5258973) AND (id <= 5259073))

table 2 : explain SELECT id FROM sbtest2 WHERE id BETWEEN 5258973 AND 5259073
	Index Only Scan using sbtest2_pkey on sbtest2  (cost=0.43..10.36 rows=96 width=4)
	  Index Cond: ((id >= 5258973) AND (id <= 5259073))

table 3 : explain SELECT id FROM sbtest3 WHERE id BETWEEN 5258973 AND 5259073
	Index Only Scan using sbtest3_pkey on sbtest3  (cost=0.43..10.68 rows=112 width=4)
	  Index Cond: ((id >= 5258973) AND (id <= 5259073))

table 4 : explain SELECT id FROM sbtest4 WHERE id BETWEEN 5258973 AND 5259073
	Index Only Scan using sbtest4_pkey on sbtest4  (cost=0.43..10.22 rows=89 width=4)
	  Index Cond: ((id >= 5258973) AND (id <= 5259073))

table 5 : explain SELECT id FROM sbtest5 WHERE id BETWEEN 5258973 AND 5259073
	Index Only Scan using sbtest5_pkey on sbtest5  (cost=0.43..10.36 rows=96 width=4)
	  Index Cond: ((id >= 5258973) AND (id <= 5259073))

table 6 : explain SELECT id FROM sbtest6 WHERE id BETWEEN 5258973 AND 5259073
	Index Only Scan using sbtest6_pkey on sbtest6  (cost=0.43..10.29 rows=93 width=4)
	  Index Cond: ((id >= 5258973) AND (id <= 5259073))

table 7 : explain SELECT id FROM sbtest7 WHERE id BETWEEN 5258973 AND 5259073
	Index Only Scan using sbtest7_pkey on sbtest7  (cost=0.43..10.15 rows=86 width=4)
	  Index Cond: ((id >= 5258973) AND (id <= 5259073))

table 8 : explain SELECT id FROM sbtest8 WHERE id BETWEEN 5258973 AND 5259073
	Index Only Scan using sbtest8_pkey on sbtest8  (cost=0.43..10.65 rows=111 width=4)
	  Index Cond: ((id >= 5258973) AND (id <= 5259073))

explain: for range-covered :: explain SELECT id FROM sbtest%d WHERE id BETWEEN 5258973 AND 5259073
for range-covered
table 1 : explain SELECT id FROM sbtest1 WHERE id BETWEEN 5258973 AND 5259073
	Index Only Scan using sbtest1_pkey on sbtest1  (cost=0.43..10.46 rows=101 width=4)
	  Index Cond: ((id >= 5258973) AND (id <= 5259073))

table 2 : explain SELECT id FROM sbtest2 WHERE id BETWEEN 5258973 AND 5259073
	Index Only Scan using sbtest2_pkey on sbtest2  (cost=0.43..10.36 rows=96 width=4)
	  Index Cond: ((id >= 5258973) AND (id <= 5259073))

table 3 : explain SELECT id FROM sbtest3 WHERE id BETWEEN 5258973 AND 5259073
	Index Only Scan using sbtest3_pkey on sbtest3  (cost=0.43..10.68 rows=112 width=4)
	  Index Cond: ((id >= 5258973) AND (id <= 5259073))

table 4 : explain SELECT id FROM sbtest4 WHERE id BETWEEN 5258973 AND 5259073
	Index Only Scan using sbtest4_pkey on sbtest4  (cost=0.43..10.22 rows=89 width=4)
	  Index Cond: ((id >= 5258973) AND (id <= 5259073))

table 5 : explain SELECT id FROM sbtest5 WHERE id BETWEEN 5258973 AND 5259073
	Index Only Scan using sbtest5_pkey on sbtest5  (cost=0.43..10.36 rows=96 width=4)
	  Index Cond: ((id >= 5258973) AND (id <= 5259073))

table 6 : explain SELECT id FROM sbtest6 WHERE id BETWEEN 5258973 AND 5259073
	Index Only Scan using sbtest6_pkey on sbtest6  (cost=0.43..10.29 rows=93 width=4)
	  Index Cond: ((id >= 5258973) AND (id <= 5259073))

table 7 : explain SELECT id FROM sbtest7 WHERE id BETWEEN 5258973 AND 5259073
	Index Only Scan using sbtest7_pkey on sbtest7  (cost=0.43..10.15 rows=86 width=4)
	  Index Cond: ((id >= 5258973) AND (id <= 5259073))

table 8 : explain SELECT id FROM sbtest8 WHERE id BETWEEN 5258973 AND 5259073
	Index Only Scan using sbtest8_pkey on sbtest8  (cost=0.43..10.65 rows=111 width=4)
	  Index Cond: ((id >= 5258973) AND (id <= 5259073))

explain: for range-covered :: explain SELECT id FROM sbtest%d WHERE id BETWEEN 5258973 AND 5259073
for range-covered
table 1 : explain SELECT id FROM sbtest1 WHERE id BETWEEN 3522442 AND 3522542
	Index Only Scan using sbtest1_pkey on sbtest1  (cost=0.43..10.68 rows=112 width=4)
	  Index Cond: ((id >= 3522442) AND (id <= 3522542))

table 2 : explain SELECT id FROM sbtest2 WHERE id BETWEEN 3522442 AND 3522542
	Index Only Scan using sbtest2_pkey on sbtest2  (cost=0.43..10.36 rows=96 width=4)
	  Index Cond: ((id >= 3522442) AND (id <= 3522542))

table 3 : explain SELECT id FROM sbtest3 WHERE id BETWEEN 3522442 AND 3522542
	Index Only Scan using sbtest3_pkey on sbtest3  (cost=0.43..10.40 rows=98 width=4)
	  Index Cond: ((id >= 3522442) AND (id <= 3522542))

table 4 : explain SELECT id FROM sbtest4 WHERE id BETWEEN 3522442 AND 3522542
	Index Only Scan using sbtest4_pkey on sbtest4  (cost=0.43..10.44 rows=100 width=4)
	  Index Cond: ((id >= 3522442) AND (id <= 3522542))

table 5 : explain SELECT id FROM sbtest5 WHERE id BETWEEN 3522442 AND 3522542
	Index Only Scan using sbtest5_pkey on sbtest5  (cost=0.43..10.38 rows=97 width=4)
	  Index Cond: ((id >= 3522442) AND (id <= 3522542))

table 6 : explain SELECT id FROM sbtest6 WHERE id BETWEEN 3522442 AND 3522542
	Index Only Scan using sbtest6_pkey on sbtest6  (cost=0.43..10.36 rows=96 width=4)
	  Index Cond: ((id >= 3522442) AND (id <= 3522542))

table 7 : explain SELECT id FROM sbtest7 WHERE id BETWEEN 3522442 AND 3522542
	Index Only Scan using sbtest7_pkey on sbtest7  (cost=0.43..10.47 rows=102 width=4)
	  Index Cond: ((id >= 3522442) AND (id <= 3522542))

table 8 : explain SELECT id FROM sbtest8 WHERE id BETWEEN 3522442 AND 3522542
	Index Only Scan using sbtest8_pkey on sbtest8  (cost=0.43..10.29 rows=93 width=4)
	  Index Cond: ((id >= 3522442) AND (id <= 3522542))

for range-covered
table 1 : explain SELECT id FROM sbtest1 WHERE id BETWEEN 5824619 AND 5824719
	Index Only Scan using sbtest1_pkey on sbtest1  (cost=0.43..10.46 rows=101 width=4)
	  Index Cond: ((id >= 5824619) AND (id <= 5824719))

table 2 : explain SELECT id FROM sbtest2 WHERE id BETWEEN 5824619 AND 5824719
	Index Only Scan using sbtest2_pkey on sbtest2  (cost=0.43..10.20 rows=88 width=4)
	  Index Cond: ((id >= 5824619) AND (id <= 5824719))

table 3 : explain SELECT id FROM sbtest3 WHERE id BETWEEN 5824619 AND 5824719
	Index Only Scan using sbtest3_pkey on sbtest3  (cost=0.43..10.40 rows=98 width=4)
	  Index Cond: ((id >= 5824619) AND (id <= 5824719))

table 4 : explain SELECT id FROM sbtest4 WHERE id BETWEEN 5824619 AND 5824719
	Index Only Scan using sbtest4_pkey on sbtest4  (cost=0.43..10.46 rows=101 width=4)
	  Index Cond: ((id >= 5824619) AND (id <= 5824719))

table 5 : explain SELECT id FROM sbtest5 WHERE id BETWEEN 5824619 AND 5824719
	Index Only Scan using sbtest5_pkey on sbtest5  (cost=0.43..10.32 rows=94 width=4)
	  Index Cond: ((id >= 5824619) AND (id <= 5824719))

table 6 : explain SELECT id FROM sbtest6 WHERE id BETWEEN 5824619 AND 5824719
	Index Only Scan using sbtest6_pkey on sbtest6  (cost=0.43..10.24 rows=90 width=4)
	  Index Cond: ((id >= 5824619) AND (id <= 5824719))

table 7 : explain SELECT id FROM sbtest7 WHERE id BETWEEN 5824619 AND 5824719
	Index Only Scan using sbtest7_pkey on sbtest7  (cost=0.43..10.26 rows=91 width=4)
	  Index Cond: ((id >= 5824619) AND (id <= 5824719))

table 8 : explain SELECT id FROM sbtest8 WHERE id BETWEEN 5824619 AND 5824719
	Index Only Scan using sbtest8_pkey on sbtest8  (cost=0.43..10.42 rows=99 width=4)
	  Index Cond: ((id >= 5824619) AND (id <= 5824719))

explain: for range-covered :: explain SELECT id FROM sbtest%d WHERE id BETWEEN 5824619 AND 5824719
explain: for range-covered :: explain SELECT id FROM sbtest%d WHERE id BETWEEN 3522442 AND 3522542
for range-covered
table 1 : explain SELECT id FROM sbtest1 WHERE id BETWEEN 992087 AND 992187
	Index Only Scan using sbtest1_pkey on sbtest1  (cost=0.43..10.42 rows=99 width=4)
	  Index Cond: ((id >= 992087) AND (id <= 992187))

table 2 : explain SELECT id FROM sbtest2 WHERE id BETWEEN 992087 AND 992187
	Index Only Scan using sbtest2_pkey on sbtest2  (cost=0.43..10.38 rows=97 width=4)
	  Index Cond: ((id >= 992087) AND (id <= 992187))

table 3 : explain SELECT id FROM sbtest3 WHERE id BETWEEN 992087 AND 992187
	Index Only Scan using sbtest3_pkey on sbtest3  (cost=0.43..10.50 rows=103 width=4)
	  Index Cond: ((id >= 992087) AND (id <= 992187))

table 4 : explain SELECT id FROM sbtest4 WHERE id BETWEEN 992087 AND 992187
	Index Only Scan using sbtest4_pkey on sbtest4  (cost=0.43..10.60 rows=108 width=4)
	  Index Cond: ((id >= 992087) AND (id <= 992187))

table 5 : explain SELECT id FROM sbtest5 WHERE id BETWEEN 992087 AND 992187
	Index Only Scan using sbtest5_pkey on sbtest5  (cost=0.43..10.32 rows=94 width=4)
	  Index Cond: ((id >= 992087) AND (id <= 992187))

table 6 : explain SELECT id FROM sbtest6 WHERE id BETWEEN 992087 AND 992187
	Index Only Scan using sbtest6_pkey on sbtest6  (cost=0.43..10.36 rows=96 width=4)
	  Index Cond: ((id >= 992087) AND (id <= 992187))

table 7 : explain SELECT id FROM sbtest7 WHERE id BETWEEN 992087 AND 992187
	Index Only Scan using sbtest7_pkey on sbtest7  (cost=0.43..10.32 rows=94 width=4)
	  Index Cond: ((id >= 992087) AND (id <= 992187))

table 8 : explain SELECT id FROM sbtest8 WHERE id BETWEEN 992087 AND 992187
	Index Only Scan using sbtest8_pkey on sbtest8  (cost=0.43..10.50 rows=103 width=4)
	  Index Cond: ((id >= 992087) AND (id <= 992187))

explain: for range-covered :: explain SELECT id FROM sbtest%d WHERE id BETWEEN 992087 AND 992187
for range-covered
table 1 : explain SELECT id FROM sbtest1 WHERE id BETWEEN 5824619 AND 5824719
	Index Only Scan using sbtest1_pkey on sbtest1  (cost=0.43..10.46 rows=101 width=4)
	  Index Cond: ((id >= 5824619) AND (id <= 5824719))

table 2 : explain SELECT id FROM sbtest2 WHERE id BETWEEN 5824619 AND 5824719
	Index Only Scan using sbtest2_pkey on sbtest2  (cost=0.43..10.20 rows=88 width=4)
	  Index Cond: ((id >= 5824619) AND (id <= 5824719))

table 3 : explain SELECT id FROM sbtest3 WHERE id BETWEEN 5824619 AND 5824719
	Index Only Scan using sbtest3_pkey on sbtest3  (cost=0.43..10.40 rows=98 width=4)
	  Index Cond: ((id >= 5824619) AND (id <= 5824719))

table 4 : explain SELECT id FROM sbtest4 WHERE id BETWEEN 5824619 AND 5824719
	Index Only Scan using sbtest4_pkey on sbtest4  (cost=0.43..10.46 rows=101 width=4)
	  Index Cond: ((id >= 5824619) AND (id <= 5824719))

table 5 : explain SELECT id FROM sbtest5 WHERE id BETWEEN 5824619 AND 5824719
	Index Only Scan using sbtest5_pkey on sbtest5  (cost=0.43..10.32 rows=94 width=4)
	  Index Cond: ((id >= 5824619) AND (id <= 5824719))

table 6 : explain SELECT id FROM sbtest6 WHERE id BETWEEN 5824619 AND 5824719
	Index Only Scan using sbtest6_pkey on sbtest6  (cost=0.43..10.24 rows=90 width=4)
	  Index Cond: ((id >= 5824619) AND (id <= 5824719))

table 7 : explain SELECT id FROM sbtest7 WHERE id BETWEEN 5824619 AND 5824719
	Index Only Scan using sbtest7_pkey on sbtest7  (cost=0.43..10.26 rows=91 width=4)
	  Index Cond: ((id >= 5824619) AND (id <= 5824719))

table 8 : explain SELECT id FROM sbtest8 WHERE id BETWEEN 5824619 AND 5824719
	Index Only Scan using sbtest8_pkey on sbtest8  (cost=0.43..10.42 rows=99 width=4)
	  Index Cond: ((id >= 5824619) AND (id <= 5824719))

explain: for range-covered :: explain SELECT id FROM sbtest%d WHERE id BETWEEN 5824619 AND 5824719
for range-covered
table 1 : explain SELECT id FROM sbtest1 WHERE id BETWEEN 3522442 AND 3522542
	Index Only Scan using sbtest1_pkey on sbtest1  (cost=0.43..10.68 rows=112 width=4)
	  Index Cond: ((id >= 3522442) AND (id <= 3522542))

table 2 : explain SELECT id FROM sbtest2 WHERE id BETWEEN 3522442 AND 3522542
	Index Only Scan using sbtest2_pkey on sbtest2  (cost=0.43..10.36 rows=96 width=4)
	  Index Cond: ((id >= 3522442) AND (id <= 3522542))

table 3 : explain SELECT id FROM sbtest3 WHERE id BETWEEN 3522442 AND 3522542
	Index Only Scan using sbtest3_pkey on sbtest3  (cost=0.43..10.40 rows=98 width=4)
	  Index Cond: ((id >= 3522442) AND (id <= 3522542))

table 4 : explain SELECT id FROM sbtest4 WHERE id BETWEEN 3522442 AND 3522542
	Index Only Scan using sbtest4_pkey on sbtest4  (cost=0.43..10.44 rows=100 width=4)
	  Index Cond: ((id >= 3522442) AND (id <= 3522542))

table 5 : explain SELECT id FROM sbtest5 WHERE id BETWEEN 3522442 AND 3522542
	Index Only Scan using sbtest5_pkey on sbtest5  (cost=0.43..10.38 rows=97 width=4)
	  Index Cond: ((id >= 3522442) AND (id <= 3522542))

table 6 : explain SELECT id FROM sbtest6 WHERE id BETWEEN 3522442 AND 3522542
	Index Only Scan using sbtest6_pkey on sbtest6  (cost=0.43..10.36 rows=96 width=4)
	  Index Cond: ((id >= 3522442) AND (id <= 3522542))

table 7 : explain SELECT id FROM sbtest7 WHERE id BETWEEN 3522442 AND 3522542
	Index Only Scan using sbtest7_pkey on sbtest7  (cost=0.43..10.47 rows=102 width=4)
	  Index Cond: ((id >= 3522442) AND (id <= 3522542))

table 8 : explain SELECT id FROM sbtest8 WHERE id BETWEEN 3522442 AND 3522542
	Index Only Scan using sbtest8_pkey on sbtest8  (cost=0.43..10.29 rows=93 width=4)
	  Index Cond: ((id >= 3522442) AND (id <= 3522542))

explain: for range-covered :: explain SELECT id FROM sbtest%d WHERE id BETWEEN 3522442 AND 3522542
for range-covered
table 1 : explain SELECT id FROM sbtest1 WHERE id BETWEEN 992087 AND 992187
	Index Only Scan using sbtest1_pkey on sbtest1  (cost=0.43..10.42 rows=99 width=4)
	  Index Cond: ((id >= 992087) AND (id <= 992187))

table 2 : explain SELECT id FROM sbtest2 WHERE id BETWEEN 992087 AND 992187
	Index Only Scan using sbtest2_pkey on sbtest2  (cost=0.43..10.38 rows=97 width=4)
	  Index Cond: ((id >= 992087) AND (id <= 992187))

table 3 : explain SELECT id FROM sbtest3 WHERE id BETWEEN 992087 AND 992187
	Index Only Scan using sbtest3_pkey on sbtest3  (cost=0.43..10.50 rows=103 width=4)
	  Index Cond: ((id >= 992087) AND (id <= 992187))

table 4 : explain SELECT id FROM sbtest4 WHERE id BETWEEN 992087 AND 992187
	Index Only Scan using sbtest4_pkey on sbtest4  (cost=0.43..10.60 rows=108 width=4)
	  Index Cond: ((id >= 992087) AND (id <= 992187))

table 5 : explain SELECT id FROM sbtest5 WHERE id BETWEEN 992087 AND 992187
	Index Only Scan using sbtest5_pkey on sbtest5  (cost=0.43..10.32 rows=94 width=4)
	  Index Cond: ((id >= 992087) AND (id <= 992187))

table 6 : explain SELECT id FROM sbtest6 WHERE id BETWEEN 992087 AND 992187
	Index Only Scan using sbtest6_pkey on sbtest6  (cost=0.43..10.36 rows=96 width=4)
	  Index Cond: ((id >= 992087) AND (id <= 992187))

table 7 : explain SELECT id FROM sbtest7 WHERE id BETWEEN 992087 AND 992187
	Index Only Scan using sbtest7_pkey on sbtest7  (cost=0.43..10.32 rows=94 width=4)
	  Index Cond: ((id >= 992087) AND (id <= 992187))

table 8 : explain SELECT id FROM sbtest8 WHERE id BETWEEN 992087 AND 992187
	Index Only Scan using sbtest8_pkey on sbtest8  (cost=0.43..10.50 rows=103 width=4)
	  Index Cond: ((id >= 992087) AND (id <= 992187))

explain: for range-covered :: explain SELECT id FROM sbtest%d WHERE id BETWEEN 992087 AND 992187
for range-covered
table 1 : explain SELECT id FROM sbtest1 WHERE id BETWEEN 5824619 AND 5824719
	Index Only Scan using sbtest1_pkey on sbtest1  (cost=0.43..10.46 rows=101 width=4)
	  Index Cond: ((id >= 5824619) AND (id <= 5824719))

table 2 : explain SELECT id FROM sbtest2 WHERE id BETWEEN 5824619 AND 5824719
	Index Only Scan using sbtest2_pkey on sbtest2  (cost=0.43..10.20 rows=88 width=4)
	  Index Cond: ((id >= 5824619) AND (id <= 5824719))

table 3 : explain SELECT id FROM sbtest3 WHERE id BETWEEN 5824619 AND 5824719
	Index Only Scan using sbtest3_pkey on sbtest3  (cost=0.43..10.40 rows=98 width=4)
	  Index Cond: ((id >= 5824619) AND (id <= 5824719))

table 4 : explain SELECT id FROM sbtest4 WHERE id BETWEEN 5824619 AND 5824719
	Index Only Scan using sbtest4_pkey on sbtest4  (cost=0.43..10.46 rows=101 width=4)
	  Index Cond: ((id >= 5824619) AND (id <= 5824719))

table 5 : explain SELECT id FROM sbtest5 WHERE id BETWEEN 5824619 AND 5824719
	Index Only Scan using sbtest5_pkey on sbtest5  (cost=0.43..10.32 rows=94 width=4)
	  Index Cond: ((id >= 5824619) AND (id <= 5824719))

table 6 : explain SELECT id FROM sbtest6 WHERE id BETWEEN 5824619 AND 5824719
	Index Only Scan using sbtest6_pkey on sbtest6  (cost=0.43..10.24 rows=90 width=4)
	  Index Cond: ((id >= 5824619) AND (id <= 5824719))

table 7 : explain SELECT id FROM sbtest7 WHERE id BETWEEN 5824619 AND 5824719
	Index Only Scan using sbtest7_pkey on sbtest7  (cost=0.43..10.26 rows=91 width=4)
	  Index Cond: ((id >= 5824619) AND (id <= 5824719))

table 8 : explain SELECT id FROM sbtest8 WHERE id BETWEEN 5824619 AND 5824719
	Index Only Scan using sbtest8_pkey on sbtest8  (cost=0.43..10.42 rows=99 width=4)
	  Index Cond: ((id >= 5824619) AND (id <= 5824719))

explain: for range-covered :: explain SELECT id FROM sbtest%d WHERE id BETWEEN 5824619 AND 5824719
for range-covered
table 1 : explain SELECT id FROM sbtest1 WHERE id BETWEEN 3522442 AND 3522542
	Index Only Scan using sbtest1_pkey on sbtest1  (cost=0.43..10.68 rows=112 width=4)
	  Index Cond: ((id >= 3522442) AND (id <= 3522542))

table 2 : explain SELECT id FROM sbtest2 WHERE id BETWEEN 3522442 AND 3522542
	Index Only Scan using sbtest2_pkey on sbtest2  (cost=0.43..10.36 rows=96 width=4)
	  Index Cond: ((id >= 3522442) AND (id <= 3522542))

table 3 : explain SELECT id FROM sbtest3 WHERE id BETWEEN 3522442 AND 3522542
	Index Only Scan using sbtest3_pkey on sbtest3  (cost=0.43..10.40 rows=98 width=4)
	  Index Cond: ((id >= 3522442) AND (id <= 3522542))

table 4 : explain SELECT id FROM sbtest4 WHERE id BETWEEN 3522442 AND 3522542
	Index Only Scan using sbtest4_pkey on sbtest4  (cost=0.43..10.44 rows=100 width=4)
	  Index Cond: ((id >= 3522442) AND (id <= 3522542))

table 5 : explain SELECT id FROM sbtest5 WHERE id BETWEEN 3522442 AND 3522542
	Index Only Scan using sbtest5_pkey on sbtest5  (cost=0.43..10.38 rows=97 width=4)
	  Index Cond: ((id >= 3522442) AND (id <= 3522542))

table 6 : explain SELECT id FROM sbtest6 WHERE id BETWEEN 3522442 AND 3522542
	Index Only Scan using sbtest6_pkey on sbtest6  (cost=0.43..10.36 rows=96 width=4)
	  Index Cond: ((id >= 3522442) AND (id <= 3522542))

table 7 : explain SELECT id FROM sbtest7 WHERE id BETWEEN 3522442 AND 3522542
	Index Only Scan using sbtest7_pkey on sbtest7  (cost=0.43..10.47 rows=102 width=4)
	  Index Cond: ((id >= 3522442) AND (id <= 3522542))

table 8 : explain SELECT id FROM sbtest8 WHERE id BETWEEN 3522442 AND 3522542
	Index Only Scan using sbtest8_pkey on sbtest8  (cost=0.43..10.29 rows=93 width=4)
	  Index Cond: ((id >= 3522442) AND (id <= 3522542))

explain: for range-covered :: explain SELECT id FROM sbtest%d WHERE id BETWEEN 3522442 AND 3522542
for range-covered
table 1 : explain SELECT id FROM sbtest1 WHERE id BETWEEN 5258973 AND 5259073
	Index Only Scan using sbtest1_pkey on sbtest1  (cost=0.43..10.46 rows=101 width=4)
	  Index Cond: ((id >= 5258973) AND (id <= 5259073))

table 2 : explain SELECT id FROM sbtest2 WHERE id BETWEEN 5258973 AND 5259073
	Index Only Scan using sbtest2_pkey on sbtest2  (cost=0.43..10.36 rows=96 width=4)
	  Index Cond: ((id >= 5258973) AND (id <= 5259073))

table 3 : explain SELECT id FROM sbtest3 WHERE id BETWEEN 5258973 AND 5259073
	Index Only Scan using sbtest3_pkey on sbtest3  (cost=0.43..10.68 rows=112 width=4)
	  Index Cond: ((id >= 5258973) AND (id <= 5259073))

table 4 : explain SELECT id FROM sbtest4 WHERE id BETWEEN 5258973 AND 5259073
	Index Only Scan using sbtest4_pkey on sbtest4  (cost=0.43..10.22 rows=89 width=4)
	  Index Cond: ((id >= 5258973) AND (id <= 5259073))

table 5 : explain SELECT id FROM sbtest5 WHERE id BETWEEN 5258973 AND 5259073
	Index Only Scan using sbtest5_pkey on sbtest5  (cost=0.43..10.36 rows=96 width=4)
	  Index Cond: ((id >= 5258973) AND (id <= 5259073))

table 6 : explain SELECT id FROM sbtest6 WHERE id BETWEEN 5258973 AND 5259073
	Index Only Scan using sbtest6_pkey on sbtest6  (cost=0.43..10.29 rows=93 width=4)
	  Index Cond: ((id >= 5258973) AND (id <= 5259073))

table 7 : explain SELECT id FROM sbtest7 WHERE id BETWEEN 5258973 AND 5259073
	Index Only Scan using sbtest7_pkey on sbtest7  (cost=0.43..10.15 rows=86 width=4)
	  Index Cond: ((id >= 5258973) AND (id <= 5259073))

table 8 : explain SELECT id FROM sbtest8 WHERE id BETWEEN 5258973 AND 5259073
	Index Only Scan using sbtest8_pkey on sbtest8  (cost=0.43..10.65 rows=111 width=4)
	  Index Cond: ((id >= 5258973) AND (id <= 5259073))

explain: for range-covered :: explain SELECT id FROM sbtest%d WHERE id BETWEEN 5258973 AND 5259073
for range-covered
table 1 : explain SELECT id FROM sbtest1 WHERE id BETWEEN 992087 AND 992187
	Index Only Scan using sbtest1_pkey on sbtest1  (cost=0.43..10.42 rows=99 width=4)
	  Index Cond: ((id >= 992087) AND (id <= 992187))

table 2 : explain SELECT id FROM sbtest2 WHERE id BETWEEN 992087 AND 992187
	Index Only Scan using sbtest2_pkey on sbtest2  (cost=0.43..10.38 rows=97 width=4)
	  Index Cond: ((id >= 992087) AND (id <= 992187))

table 3 : explain SELECT id FROM sbtest3 WHERE id BETWEEN 992087 AND 992187
	Index Only Scan using sbtest3_pkey on sbtest3  (cost=0.43..10.50 rows=103 width=4)
	  Index Cond: ((id >= 992087) AND (id <= 992187))

table 4 : explain SELECT id FROM sbtest4 WHERE id BETWEEN 992087 AND 992187
	Index Only Scan using sbtest4_pkey on sbtest4  (cost=0.43..10.60 rows=108 width=4)
	  Index Cond: ((id >= 992087) AND (id <= 992187))

table 5 : explain SELECT id FROM sbtest5 WHERE id BETWEEN 992087 AND 992187
	Index Only Scan using sbtest5_pkey on sbtest5  (cost=0.43..10.32 rows=94 width=4)
	  Index Cond: ((id >= 992087) AND (id <= 992187))

table 6 : explain SELECT id FROM sbtest6 WHERE id BETWEEN 992087 AND 992187
	Index Only Scan using sbtest6_pkey on sbtest6  (cost=0.43..10.36 rows=96 width=4)
	  Index Cond: ((id >= 992087) AND (id <= 992187))

table 7 : explain SELECT id FROM sbtest7 WHERE id BETWEEN 992087 AND 992187
	Index Only Scan using sbtest7_pkey on sbtest7  (cost=0.43..10.32 rows=94 width=4)
	  Index Cond: ((id >= 992087) AND (id <= 992187))

table 8 : explain SELECT id FROM sbtest8 WHERE id BETWEEN 992087 AND 992187
	Index Only Scan using sbtest8_pkey on sbtest8  (cost=0.43..10.50 rows=103 width=4)
	  Index Cond: ((id >= 992087) AND (id <= 992187))

explain: for range-covered :: explain SELECT id FROM sbtest%d WHERE id BETWEEN 992087 AND 992187
for range-covered
table 1 : explain SELECT id FROM sbtest1 WHERE id BETWEEN 5824619 AND 5824719
	Index Only Scan using sbtest1_pkey on sbtest1  (cost=0.43..10.46 rows=101 width=4)
	  Index Cond: ((id >= 5824619) AND (id <= 5824719))

table 2 : explain SELECT id FROM sbtest2 WHERE id BETWEEN 5824619 AND 5824719
	Index Only Scan using sbtest2_pkey on sbtest2  (cost=0.43..10.20 rows=88 width=4)
	  Index Cond: ((id >= 5824619) AND (id <= 5824719))

table 3 : explain SELECT id FROM sbtest3 WHERE id BETWEEN 5824619 AND 5824719
	Index Only Scan using sbtest3_pkey on sbtest3  (cost=0.43..10.40 rows=98 width=4)
	  Index Cond: ((id >= 5824619) AND (id <= 5824719))

table 4 : explain SELECT id FROM sbtest4 WHERE id BETWEEN 5824619 AND 5824719
	Index Only Scan using sbtest4_pkey on sbtest4  (cost=0.43..10.46 rows=101 width=4)
	  Index Cond: ((id >= 5824619) AND (id <= 5824719))

table 5 : explain SELECT id FROM sbtest5 WHERE id BETWEEN 5824619 AND 5824719
	Index Only Scan using sbtest5_pkey on sbtest5  (cost=0.43..10.32 rows=94 width=4)
	  Index Cond: ((id >= 5824619) AND (id <= 5824719))

table 6 : explain SELECT id FROM sbtest6 WHERE id BETWEEN 5824619 AND 5824719
	Index Only Scan using sbtest6_pkey on sbtest6  (cost=0.43..10.24 rows=90 width=4)
	  Index Cond: ((id >= 5824619) AND (id <= 5824719))

table 7 : explain SELECT id FROM sbtest7 WHERE id BETWEEN 5824619 AND 5824719
	Index Only Scan using sbtest7_pkey on sbtest7  (cost=0.43..10.26 rows=91 width=4)
	  Index Cond: ((id >= 5824619) AND (id <= 5824719))

table 8 : explain SELECT id FROM sbtest8 WHERE id BETWEEN 5824619 AND 5824719
	Index Only Scan using sbtest8_pkey on sbtest8  (cost=0.43..10.42 rows=99 width=4)
	  Index Cond: ((id >= 5824619) AND (id <= 5824719))

explain: for range-covered :: explain SELECT id FROM sbtest%d WHERE id BETWEEN 5824619 AND 5824719
for range-covered
table 1 : explain SELECT id FROM sbtest1 WHERE id BETWEEN 3522442 AND 3522542
	Index Only Scan using sbtest1_pkey on sbtest1  (cost=0.43..10.68 rows=112 width=4)
	  Index Cond: ((id >= 3522442) AND (id <= 3522542))

table 2 : explain SELECT id FROM sbtest2 WHERE id BETWEEN 3522442 AND 3522542
	Index Only Scan using sbtest2_pkey on sbtest2  (cost=0.43..10.36 rows=96 width=4)
	  Index Cond: ((id >= 3522442) AND (id <= 3522542))

table 3 : explain SELECT id FROM sbtest3 WHERE id BETWEEN 3522442 AND 3522542
	Index Only Scan using sbtest3_pkey on sbtest3  (cost=0.43..10.40 rows=98 width=4)
	  Index Cond: ((id >= 3522442) AND (id <= 3522542))

table 4 : explain SELECT id FROM sbtest4 WHERE id BETWEEN 3522442 AND 3522542
	Index Only Scan using sbtest4_pkey on sbtest4  (cost=0.43..10.44 rows=100 width=4)
	  Index Cond: ((id >= 3522442) AND (id <= 3522542))

table 5 : explain SELECT id FROM sbtest5 WHERE id BETWEEN 3522442 AND 3522542
	Index Only Scan using sbtest5_pkey on sbtest5  (cost=0.43..10.38 rows=97 width=4)
	  Index Cond: ((id >= 3522442) AND (id <= 3522542))

table 6 : explain SELECT id FROM sbtest6 WHERE id BETWEEN 3522442 AND 3522542
	Index Only Scan using sbtest6_pkey on sbtest6  (cost=0.43..10.36 rows=96 width=4)
	  Index Cond: ((id >= 3522442) AND (id <= 3522542))

table 7 : explain SELECT id FROM sbtest7 WHERE id BETWEEN 3522442 AND 3522542
	Index Only Scan using sbtest7_pkey on sbtest7  (cost=0.43..10.47 rows=102 width=4)
	  Index Cond: ((id >= 3522442) AND (id <= 3522542))

table 8 : explain SELECT id FROM sbtest8 WHERE id BETWEEN 3522442 AND 3522542
	Index Only Scan using sbtest8_pkey on sbtest8  (cost=0.43..10.29 rows=93 width=4)
	  Index Cond: ((id >= 3522442) AND (id <= 3522542))

explain: for range-covered :: explain SELECT id FROM sbtest%d WHERE id BETWEEN 3522442 AND 3522542
for range-covered
table 1 : explain SELECT id FROM sbtest1 WHERE id BETWEEN 5258973 AND 5259073
	Index Only Scan using sbtest1_pkey on sbtest1  (cost=0.43..10.46 rows=101 width=4)
	  Index Cond: ((id >= 5258973) AND (id <= 5259073))

table 2 : explain SELECT id FROM sbtest2 WHERE id BETWEEN 5258973 AND 5259073
	Index Only Scan using sbtest2_pkey on sbtest2  (cost=0.43..10.36 rows=96 width=4)
	  Index Cond: ((id >= 5258973) AND (id <= 5259073))

table 3 : explain SELECT id FROM sbtest3 WHERE id BETWEEN 5258973 AND 5259073
	Index Only Scan using sbtest3_pkey on sbtest3  (cost=0.43..10.68 rows=112 width=4)
	  Index Cond: ((id >= 5258973) AND (id <= 5259073))

table 4 : explain SELECT id FROM sbtest4 WHERE id BETWEEN 5258973 AND 5259073
	Index Only Scan using sbtest4_pkey on sbtest4  (cost=0.43..10.22 rows=89 width=4)
	  Index Cond: ((id >= 5258973) AND (id <= 5259073))

table 5 : explain SELECT id FROM sbtest5 WHERE id BETWEEN 5258973 AND 5259073
	Index Only Scan using sbtest5_pkey on sbtest5  (cost=0.43..10.36 rows=96 width=4)
	  Index Cond: ((id >= 5258973) AND (id <= 5259073))

table 6 : explain SELECT id FROM sbtest6 WHERE id BETWEEN 5258973 AND 5259073
	Index Only Scan using sbtest6_pkey on sbtest6  (cost=0.43..10.29 rows=93 width=4)
	  Index Cond: ((id >= 5258973) AND (id <= 5259073))

table 7 : explain SELECT id FROM sbtest7 WHERE id BETWEEN 5258973 AND 5259073
	Index Only Scan using sbtest7_pkey on sbtest7  (cost=0.43..10.15 rows=86 width=4)
	  Index Cond: ((id >= 5258973) AND (id <= 5259073))

table 8 : explain SELECT id FROM sbtest8 WHERE id BETWEEN 5258973 AND 5259073
	Index Only Scan using sbtest8_pkey on sbtest8  (cost=0.43..10.65 rows=111 width=4)
	  Index Cond: ((id >= 5258973) AND (id <= 5259073))

explain: for range-covered :: explain SELECT id FROM sbtest%d WHERE id BETWEEN 5258973 AND 5259073
for range-covered
table 1 : explain SELECT id FROM sbtest1 WHERE id BETWEEN 992087 AND 992187
	Index Only Scan using sbtest1_pkey on sbtest1  (cost=0.43..10.42 rows=99 width=4)
	  Index Cond: ((id >= 992087) AND (id <= 992187))

table 2 : explain SELECT id FROM sbtest2 WHERE id BETWEEN 992087 AND 992187
	Index Only Scan using sbtest2_pkey on sbtest2  (cost=0.43..10.38 rows=97 width=4)
	  Index Cond: ((id >= 992087) AND (id <= 992187))

table 3 : explain SELECT id FROM sbtest3 WHERE id BETWEEN 992087 AND 992187
	Index Only Scan using sbtest3_pkey on sbtest3  (cost=0.43..10.50 rows=103 width=4)
	  Index Cond: ((id >= 992087) AND (id <= 992187))

table 4 : explain SELECT id FROM sbtest4 WHERE id BETWEEN 992087 AND 992187
	Index Only Scan using sbtest4_pkey on sbtest4  (cost=0.43..10.60 rows=108 width=4)
	  Index Cond: ((id >= 992087) AND (id <= 992187))

table 5 : explain SELECT id FROM sbtest5 WHERE id BETWEEN 992087 AND 992187
	Index Only Scan using sbtest5_pkey on sbtest5  (cost=0.43..10.32 rows=94 width=4)
	  Index Cond: ((id >= 992087) AND (id <= 992187))

table 6 : explain SELECT id FROM sbtest6 WHERE id BETWEEN 992087 AND 992187
	Index Only Scan using sbtest6_pkey on sbtest6  (cost=0.43..10.36 rows=96 width=4)
	  Index Cond: ((id >= 992087) AND (id <= 992187))

table 7 : explain SELECT id FROM sbtest7 WHERE id BETWEEN 992087 AND 992187
	Index Only Scan using sbtest7_pkey on sbtest7  (cost=0.43..10.32 rows=94 width=4)
	  Index Cond: ((id >= 992087) AND (id <= 992187))

table 8 : explain SELECT id FROM sbtest8 WHERE id BETWEEN 992087 AND 992187
	Index Only Scan using sbtest8_pkey on sbtest8  (cost=0.43..10.50 rows=103 width=4)
	  Index Cond: ((id >= 992087) AND (id <= 992187))

explain: for range-covered :: explain SELECT id FROM sbtest%d WHERE id BETWEEN 992087 AND 992187
for range-covered
table 1 : explain SELECT id FROM sbtest1 WHERE id BETWEEN 5824619 AND 5824719
	Index Only Scan using sbtest1_pkey on sbtest1  (cost=0.43..10.46 rows=101 width=4)
	  Index Cond: ((id >= 5824619) AND (id <= 5824719))

table 2 : explain SELECT id FROM sbtest2 WHERE id BETWEEN 5824619 AND 5824719
	Index Only Scan using sbtest2_pkey on sbtest2  (cost=0.43..10.20 rows=88 width=4)
	  Index Cond: ((id >= 5824619) AND (id <= 5824719))

table 3 : explain SELECT id FROM sbtest3 WHERE id BETWEEN 5824619 AND 5824719
	Index Only Scan using sbtest3_pkey on sbtest3  (cost=0.43..10.40 rows=98 width=4)
	  Index Cond: ((id >= 5824619) AND (id <= 5824719))

table 4 : explain SELECT id FROM sbtest4 WHERE id BETWEEN 5824619 AND 5824719
	Index Only Scan using sbtest4_pkey on sbtest4  (cost=0.43..10.46 rows=101 width=4)
	  Index Cond: ((id >= 5824619) AND (id <= 5824719))

table 5 : explain SELECT id FROM sbtest5 WHERE id BETWEEN 5824619 AND 5824719
	Index Only Scan using sbtest5_pkey on sbtest5  (cost=0.43..10.32 rows=94 width=4)
	  Index Cond: ((id >= 5824619) AND (id <= 5824719))

table 6 : explain SELECT id FROM sbtest6 WHERE id BETWEEN 5824619 AND 5824719
	Index Only Scan using sbtest6_pkey on sbtest6  (cost=0.43..10.24 rows=90 width=4)
	  Index Cond: ((id >= 5824619) AND (id <= 5824719))

table 7 : explain SELECT id FROM sbtest7 WHERE id BETWEEN 5824619 AND 5824719
	Index Only Scan using sbtest7_pkey on sbtest7  (cost=0.43..10.26 rows=91 width=4)
	  Index Cond: ((id >= 5824619) AND (id <= 5824719))

table 8 : explain SELECT id FROM sbtest8 WHERE id BETWEEN 5824619 AND 5824719
	Index Only Scan using sbtest8_pkey on sbtest8  (cost=0.43..10.42 rows=99 width=4)
	  Index Cond: ((id >= 5824619) AND (id <= 5824719))

explain: for range-covered :: explain SELECT id FROM sbtest%d WHERE id BETWEEN 5824619 AND 5824719
for range-covered
table 1 : explain SELECT id FROM sbtest1 WHERE id BETWEEN 3522442 AND 3522542
	Index Only Scan using sbtest1_pkey on sbtest1  (cost=0.43..10.68 rows=112 width=4)
	  Index Cond: ((id >= 3522442) AND (id <= 3522542))

table 2 : explain SELECT id FROM sbtest2 WHERE id BETWEEN 3522442 AND 3522542
	Index Only Scan using sbtest2_pkey on sbtest2  (cost=0.43..10.36 rows=96 width=4)
	  Index Cond: ((id >= 3522442) AND (id <= 3522542))

table 3 : explain SELECT id FROM sbtest3 WHERE id BETWEEN 3522442 AND 3522542
	Index Only Scan using sbtest3_pkey on sbtest3  (cost=0.43..10.40 rows=98 width=4)
	  Index Cond: ((id >= 3522442) AND (id <= 3522542))

table 4 : explain SELECT id FROM sbtest4 WHERE id BETWEEN 3522442 AND 3522542
	Index Only Scan using sbtest4_pkey on sbtest4  (cost=0.43..10.44 rows=100 width=4)
	  Index Cond: ((id >= 3522442) AND (id <= 3522542))

table 5 : explain SELECT id FROM sbtest5 WHERE id BETWEEN 3522442 AND 3522542
	Index Only Scan using sbtest5_pkey on sbtest5  (cost=0.43..10.38 rows=97 width=4)
	  Index Cond: ((id >= 3522442) AND (id <= 3522542))

table 6 : explain SELECT id FROM sbtest6 WHERE id BETWEEN 3522442 AND 3522542
	Index Only Scan using sbtest6_pkey on sbtest6  (cost=0.43..10.36 rows=96 width=4)
	  Index Cond: ((id >= 3522442) AND (id <= 3522542))

table 7 : explain SELECT id FROM sbtest7 WHERE id BETWEEN 3522442 AND 3522542
	Index Only Scan using sbtest7_pkey on sbtest7  (cost=0.43..10.47 rows=102 width=4)
	  Index Cond: ((id >= 3522442) AND (id <= 3522542))

table 8 : explain SELECT id FROM sbtest8 WHERE id BETWEEN 3522442 AND 3522542
	Index Only Scan using sbtest8_pkey on sbtest8  (cost=0.43..10.29 rows=93 width=4)
	  Index Cond: ((id >= 3522442) AND (id <= 3522542))

explain: for range-covered :: explain SELECT id FROM sbtest%d WHERE id BETWEEN 3522442 AND 3522542
for range-covered
table 1 : explain SELECT id FROM sbtest1 WHERE id BETWEEN 5258973 AND 5259073
	Index Only Scan using sbtest1_pkey on sbtest1  (cost=0.43..10.46 rows=101 width=4)
	  Index Cond: ((id >= 5258973) AND (id <= 5259073))

table 2 : explain SELECT id FROM sbtest2 WHERE id BETWEEN 5258973 AND 5259073
	Index Only Scan using sbtest2_pkey on sbtest2  (cost=0.43..10.36 rows=96 width=4)
	  Index Cond: ((id >= 5258973) AND (id <= 5259073))

table 3 : explain SELECT id FROM sbtest3 WHERE id BETWEEN 5258973 AND 5259073
	Index Only Scan using sbtest3_pkey on sbtest3  (cost=0.43..10.68 rows=112 width=4)
	  Index Cond: ((id >= 5258973) AND (id <= 5259073))

table 4 : explain SELECT id FROM sbtest4 WHERE id BETWEEN 5258973 AND 5259073
	Index Only Scan using sbtest4_pkey on sbtest4  (cost=0.43..10.22 rows=89 width=4)
	  Index Cond: ((id >= 5258973) AND (id <= 5259073))

table 5 : explain SELECT id FROM sbtest5 WHERE id BETWEEN 5258973 AND 5259073
	Index Only Scan using sbtest5_pkey on sbtest5  (cost=0.43..10.36 rows=96 width=4)
	  Index Cond: ((id >= 5258973) AND (id <= 5259073))

table 6 : explain SELECT id FROM sbtest6 WHERE id BETWEEN 5258973 AND 5259073
	Index Only Scan using sbtest6_pkey on sbtest6  (cost=0.43..10.29 rows=93 width=4)
	  Index Cond: ((id >= 5258973) AND (id <= 5259073))

table 7 : explain SELECT id FROM sbtest7 WHERE id BETWEEN 5258973 AND 5259073
	Index Only Scan using sbtest7_pkey on sbtest7  (cost=0.43..10.15 rows=86 width=4)
	  Index Cond: ((id >= 5258973) AND (id <= 5259073))

table 8 : explain SELECT id FROM sbtest8 WHERE id BETWEEN 5258973 AND 5259073
	Index Only Scan using sbtest8_pkey on sbtest8  (cost=0.43..10.65 rows=111 width=4)
	  Index Cond: ((id >= 5258973) AND (id <= 5259073))

explain: for range-covered :: explain SELECT id FROM sbtest%d WHERE id BETWEEN 5258973 AND 5259073
for range-covered
table 1 : explain SELECT id FROM sbtest1 WHERE id BETWEEN 992087 AND 992187
	Index Only Scan using sbtest1_pkey on sbtest1  (cost=0.43..10.42 rows=99 width=4)
	  Index Cond: ((id >= 992087) AND (id <= 992187))

table 2 : explain SELECT id FROM sbtest2 WHERE id BETWEEN 992087 AND 992187
	Index Only Scan using sbtest2_pkey on sbtest2  (cost=0.43..10.38 rows=97 width=4)
	  Index Cond: ((id >= 992087) AND (id <= 992187))

table 3 : explain SELECT id FROM sbtest3 WHERE id BETWEEN 992087 AND 992187
	Index Only Scan using sbtest3_pkey on sbtest3  (cost=0.43..10.50 rows=103 width=4)
	  Index Cond: ((id >= 992087) AND (id <= 992187))

table 4 : explain SELECT id FROM sbtest4 WHERE id BETWEEN 992087 AND 992187
	Index Only Scan using sbtest4_pkey on sbtest4  (cost=0.43..10.60 rows=108 width=4)
	  Index Cond: ((id >= 992087) AND (id <= 992187))

table 5 : explain SELECT id FROM sbtest5 WHERE id BETWEEN 992087 AND 992187
	Index Only Scan using sbtest5_pkey on sbtest5  (cost=0.43..10.32 rows=94 width=4)
	  Index Cond: ((id >= 992087) AND (id <= 992187))

table 6 : explain SELECT id FROM sbtest6 WHERE id BETWEEN 992087 AND 992187
	Index Only Scan using sbtest6_pkey on sbtest6  (cost=0.43..10.36 rows=96 width=4)
	  Index Cond: ((id >= 992087) AND (id <= 992187))

table 7 : explain SELECT id FROM sbtest7 WHERE id BETWEEN 992087 AND 992187
	Index Only Scan using sbtest7_pkey on sbtest7  (cost=0.43..10.32 rows=94 width=4)
	  Index Cond: ((id >= 992087) AND (id <= 992187))

table 8 : explain SELECT id FROM sbtest8 WHERE id BETWEEN 992087 AND 992187
	Index Only Scan using sbtest8_pkey on sbtest8  (cost=0.43..10.50 rows=103 width=4)
	  Index Cond: ((id >= 992087) AND (id <= 992187))

explain: for range-covered :: explain SELECT id FROM sbtest%d WHERE id BETWEEN 992087 AND 992187
for range-covered
table 1 : explain SELECT id FROM sbtest1 WHERE id BETWEEN 5824619 AND 5824719
	Index Only Scan using sbtest1_pkey on sbtest1  (cost=0.43..10.46 rows=101 width=4)
	  Index Cond: ((id >= 5824619) AND (id <= 5824719))

table 2 : explain SELECT id FROM sbtest2 WHERE id BETWEEN 5824619 AND 5824719
	Index Only Scan using sbtest2_pkey on sbtest2  (cost=0.43..10.20 rows=88 width=4)
	  Index Cond: ((id >= 5824619) AND (id <= 5824719))

table 3 : explain SELECT id FROM sbtest3 WHERE id BETWEEN 5824619 AND 5824719
	Index Only Scan using sbtest3_pkey on sbtest3  (cost=0.43..10.40 rows=98 width=4)
	  Index Cond: ((id >= 5824619) AND (id <= 5824719))

table 4 : explain SELECT id FROM sbtest4 WHERE id BETWEEN 5824619 AND 5824719
	Index Only Scan using sbtest4_pkey on sbtest4  (cost=0.43..10.46 rows=101 width=4)
	  Index Cond: ((id >= 5824619) AND (id <= 5824719))

table 5 : explain SELECT id FROM sbtest5 WHERE id BETWEEN 5824619 AND 5824719
	Index Only Scan using sbtest5_pkey on sbtest5  (cost=0.43..10.32 rows=94 width=4)
	  Index Cond: ((id >= 5824619) AND (id <= 5824719))

table 6 : explain SELECT id FROM sbtest6 WHERE id BETWEEN 5824619 AND 5824719
	Index Only Scan using sbtest6_pkey on sbtest6  (cost=0.43..10.24 rows=90 width=4)
	  Index Cond: ((id >= 5824619) AND (id <= 5824719))

table 7 : explain SELECT id FROM sbtest7 WHERE id BETWEEN 5824619 AND 5824719
	Index Only Scan using sbtest7_pkey on sbtest7  (cost=0.43..10.26 rows=91 width=4)
	  Index Cond: ((id >= 5824619) AND (id <= 5824719))

table 8 : explain SELECT id FROM sbtest8 WHERE id BETWEEN 5824619 AND 5824719
	Index Only Scan using sbtest8_pkey on sbtest8  (cost=0.43..10.42 rows=99 width=4)
	  Index Cond: ((id >= 5824619) AND (id <= 5824719))

explain: for range-covered :: explain SELECT id FROM sbtest%d WHERE id BETWEEN 5824619 AND 5824719
for range-covered
table 1 : explain SELECT id FROM sbtest1 WHERE id BETWEEN 3522442 AND 3522542
	Index Only Scan using sbtest1_pkey on sbtest1  (cost=0.43..10.68 rows=112 width=4)
	  Index Cond: ((id >= 3522442) AND (id <= 3522542))

table 2 : explain SELECT id FROM sbtest2 WHERE id BETWEEN 3522442 AND 3522542
	Index Only Scan using sbtest2_pkey on sbtest2  (cost=0.43..10.36 rows=96 width=4)
	  Index Cond: ((id >= 3522442) AND (id <= 3522542))

table 3 : explain SELECT id FROM sbtest3 WHERE id BETWEEN 3522442 AND 3522542
	Index Only Scan using sbtest3_pkey on sbtest3  (cost=0.43..10.40 rows=98 width=4)
	  Index Cond: ((id >= 3522442) AND (id <= 3522542))

table 4 : explain SELECT id FROM sbtest4 WHERE id BETWEEN 3522442 AND 3522542
	Index Only Scan using sbtest4_pkey on sbtest4  (cost=0.43..10.44 rows=100 width=4)
	  Index Cond: ((id >= 3522442) AND (id <= 3522542))

table 5 : explain SELECT id FROM sbtest5 WHERE id BETWEEN 3522442 AND 3522542
	Index Only Scan using sbtest5_pkey on sbtest5  (cost=0.43..10.38 rows=97 width=4)
	  Index Cond: ((id >= 3522442) AND (id <= 3522542))

table 6 : explain SELECT id FROM sbtest6 WHERE id BETWEEN 3522442 AND 3522542
	Index Only Scan using sbtest6_pkey on sbtest6  (cost=0.43..10.36 rows=96 width=4)
	  Index Cond: ((id >= 3522442) AND (id <= 3522542))

table 7 : explain SELECT id FROM sbtest7 WHERE id BETWEEN 3522442 AND 3522542
	Index Only Scan using sbtest7_pkey on sbtest7  (cost=0.43..10.47 rows=102 width=4)
	  Index Cond: ((id >= 3522442) AND (id <= 3522542))

table 8 : explain SELECT id FROM sbtest8 WHERE id BETWEEN 3522442 AND 3522542
	Index Only Scan using sbtest8_pkey on sbtest8  (cost=0.43..10.29 rows=93 width=4)
	  Index Cond: ((id >= 3522442) AND (id <= 3522542))

explain: for range-covered :: explain SELECT id FROM sbtest%d WHERE id BETWEEN 3522442 AND 3522542
for range-covered
table 1 : explain SELECT id FROM sbtest1 WHERE id BETWEEN 5258973 AND 5259073
	Index Only Scan using sbtest1_pkey on sbtest1  (cost=0.43..10.46 rows=101 width=4)
	  Index Cond: ((id >= 5258973) AND (id <= 5259073))

table 2 : explain SELECT id FROM sbtest2 WHERE id BETWEEN 5258973 AND 5259073
	Index Only Scan using sbtest2_pkey on sbtest2  (cost=0.43..10.36 rows=96 width=4)
	  Index Cond: ((id >= 5258973) AND (id <= 5259073))

table 3 : explain SELECT id FROM sbtest3 WHERE id BETWEEN 5258973 AND 5259073
	Index Only Scan using sbtest3_pkey on sbtest3  (cost=0.43..10.68 rows=112 width=4)
	  Index Cond: ((id >= 5258973) AND (id <= 5259073))

table 4 : explain SELECT id FROM sbtest4 WHERE id BETWEEN 5258973 AND 5259073
	Index Only Scan using sbtest4_pkey on sbtest4  (cost=0.43..10.22 rows=89 width=4)
	  Index Cond: ((id >= 5258973) AND (id <= 5259073))

table 5 : explain SELECT id FROM sbtest5 WHERE id BETWEEN 5258973 AND 5259073
	Index Only Scan using sbtest5_pkey on sbtest5  (cost=0.43..10.36 rows=96 width=4)
	  Index Cond: ((id >= 5258973) AND (id <= 5259073))

table 6 : explain SELECT id FROM sbtest6 WHERE id BETWEEN 5258973 AND 5259073
	Index Only Scan using sbtest6_pkey on sbtest6  (cost=0.43..10.29 rows=93 width=4)
	  Index Cond: ((id >= 5258973) AND (id <= 5259073))

table 7 : explain SELECT id FROM sbtest7 WHERE id BETWEEN 5258973 AND 5259073
	Index Only Scan using sbtest7_pkey on sbtest7  (cost=0.43..10.15 rows=86 width=4)
	  Index Cond: ((id >= 5258973) AND (id <= 5259073))

table 8 : explain SELECT id FROM sbtest8 WHERE id BETWEEN 5258973 AND 5259073
	Index Only Scan using sbtest8_pkey on sbtest8  (cost=0.43..10.65 rows=111 width=4)
	  Index Cond: ((id >= 5258973) AND (id <= 5259073))

explain: for range-covered :: explain SELECT id FROM sbtest%d WHERE id BETWEEN 5258973 AND 5259073
for range-covered
table 1 : explain SELECT id FROM sbtest1 WHERE id BETWEEN 992087 AND 992187
	Index Only Scan using sbtest1_pkey on sbtest1  (cost=0.43..10.42 rows=99 width=4)
	  Index Cond: ((id >= 992087) AND (id <= 992187))

table 2 : explain SELECT id FROM sbtest2 WHERE id BETWEEN 992087 AND 992187
	Index Only Scan using sbtest2_pkey on sbtest2  (cost=0.43..10.38 rows=97 width=4)
	  Index Cond: ((id >= 992087) AND (id <= 992187))

table 3 : explain SELECT id FROM sbtest3 WHERE id BETWEEN 992087 AND 992187
	Index Only Scan using sbtest3_pkey on sbtest3  (cost=0.43..10.50 rows=103 width=4)
	  Index Cond: ((id >= 992087) AND (id <= 992187))

table 4 : explain SELECT id FROM sbtest4 WHERE id BETWEEN 992087 AND 992187
	Index Only Scan using sbtest4_pkey on sbtest4  (cost=0.43..10.60 rows=108 width=4)
	  Index Cond: ((id >= 992087) AND (id <= 992187))

table 5 : explain SELECT id FROM sbtest5 WHERE id BETWEEN 992087 AND 992187
	Index Only Scan using sbtest5_pkey on sbtest5  (cost=0.43..10.32 rows=94 width=4)
	  Index Cond: ((id >= 992087) AND (id <= 992187))

table 6 : explain SELECT id FROM sbtest6 WHERE id BETWEEN 992087 AND 992187
	Index Only Scan using sbtest6_pkey on sbtest6  (cost=0.43..10.36 rows=96 width=4)
	  Index Cond: ((id >= 992087) AND (id <= 992187))

table 7 : explain SELECT id FROM sbtest7 WHERE id BETWEEN 992087 AND 992187
	Index Only Scan using sbtest7_pkey on sbtest7  (cost=0.43..10.32 rows=94 width=4)
	  Index Cond: ((id >= 992087) AND (id <= 992187))

table 8 : explain SELECT id FROM sbtest8 WHERE id BETWEEN 992087 AND 992187
	Index Only Scan using sbtest8_pkey on sbtest8  (cost=0.43..10.50 rows=103 width=4)
	  Index Cond: ((id >= 992087) AND (id <= 992187))

for range-covered
table 1 : explain SELECT id FROM sbtest1 WHERE id BETWEEN 5824619 AND 5824719
	Index Only Scan using sbtest1_pkey on sbtest1  (cost=0.43..10.46 rows=101 width=4)
	  Index Cond: ((id >= 5824619) AND (id <= 5824719))

table 2 : explain SELECT id FROM sbtest2 WHERE id BETWEEN 5824619 AND 5824719
	Index Only Scan using sbtest2_pkey on sbtest2  (cost=0.43..10.20 rows=88 width=4)
	  Index Cond: ((id >= 5824619) AND (id <= 5824719))

table 3 : explain SELECT id FROM sbtest3 WHERE id BETWEEN 5824619 AND 5824719
	Index Only Scan using sbtest3_pkey on sbtest3  (cost=0.43..10.40 rows=98 width=4)
	  Index Cond: ((id >= 5824619) AND (id <= 5824719))

table 4 : explain SELECT id FROM sbtest4 WHERE id BETWEEN 5824619 AND 5824719
	Index Only Scan using sbtest4_pkey on sbtest4  (cost=0.43..10.46 rows=101 width=4)
	  Index Cond: ((id >= 5824619) AND (id <= 5824719))

table 5 : explain SELECT id FROM sbtest5 WHERE id BETWEEN 5824619 AND 5824719
	Index Only Scan using sbtest5_pkey on sbtest5  (cost=0.43..10.32 rows=94 width=4)
	  Index Cond: ((id >= 5824619) AND (id <= 5824719))

table 6 : explain SELECT id FROM sbtest6 WHERE id BETWEEN 5824619 AND 5824719
	Index Only Scan using sbtest6_pkey on sbtest6  (cost=0.43..10.24 rows=90 width=4)
	  Index Cond: ((id >= 5824619) AND (id <= 5824719))

table 7 : explain SELECT id FROM sbtest7 WHERE id BETWEEN 5824619 AND 5824719
	Index Only Scan using sbtest7_pkey on sbtest7  (cost=0.43..10.26 rows=91 width=4)
	  Index Cond: ((id >= 5824619) AND (id <= 5824719))

table 8 : explain SELECT id FROM sbtest8 WHERE id BETWEEN 5824619 AND 5824719
	Index Only Scan using sbtest8_pkey on sbtest8  (cost=0.43..10.42 rows=99 width=4)
	  Index Cond: ((id >= 5824619) AND (id <= 5824719))

explain: for range-covered :: explain SELECT id FROM sbtest%d WHERE id BETWEEN 5824619 AND 5824719
for range-covered
table 1 : explain SELECT id FROM sbtest1 WHERE id BETWEEN 3522442 AND 3522542
	Index Only Scan using sbtest1_pkey on sbtest1  (cost=0.43..10.68 rows=112 width=4)
	  Index Cond: ((id >= 3522442) AND (id <= 3522542))

table 2 : explain SELECT id FROM sbtest2 WHERE id BETWEEN 3522442 AND 3522542
	Index Only Scan using sbtest2_pkey on sbtest2  (cost=0.43..10.36 rows=96 width=4)
	  Index Cond: ((id >= 3522442) AND (id <= 3522542))

table 3 : explain SELECT id FROM sbtest3 WHERE id BETWEEN 3522442 AND 3522542
	Index Only Scan using sbtest3_pkey on sbtest3  (cost=0.43..10.40 rows=98 width=4)
	  Index Cond: ((id >= 3522442) AND (id <= 3522542))

table 4 : explain SELECT id FROM sbtest4 WHERE id BETWEEN 3522442 AND 3522542
	Index Only Scan using sbtest4_pkey on sbtest4  (cost=0.43..10.44 rows=100 width=4)
	  Index Cond: ((id >= 3522442) AND (id <= 3522542))

table 5 : explain SELECT id FROM sbtest5 WHERE id BETWEEN 3522442 AND 3522542
	Index Only Scan using sbtest5_pkey on sbtest5  (cost=0.43..10.38 rows=97 width=4)
	  Index Cond: ((id >= 3522442) AND (id <= 3522542))

table 6 : explain SELECT id FROM sbtest6 WHERE id BETWEEN 3522442 AND 3522542
	Index Only Scan using sbtest6_pkey on sbtest6  (cost=0.43..10.36 rows=96 width=4)
	  Index Cond: ((id >= 3522442) AND (id <= 3522542))

table 7 : explain SELECT id FROM sbtest7 WHERE id BETWEEN 3522442 AND 3522542
	Index Only Scan using sbtest7_pkey on sbtest7  (cost=0.43..10.47 rows=102 width=4)
	  Index Cond: ((id >= 3522442) AND (id <= 3522542))

table 8 : explain SELECT id FROM sbtest8 WHERE id BETWEEN 3522442 AND 3522542
	Index Only Scan using sbtest8_pkey on sbtest8  (cost=0.43..10.29 rows=93 width=4)
	  Index Cond: ((id >= 3522442) AND (id <= 3522542))

explain: for range-covered :: explain SELECT id FROM sbtest%d WHERE id BETWEEN 3522442 AND 3522542
explain: for range-covered :: explain SELECT id FROM sbtest%d WHERE id BETWEEN 3337203 AND 3337303
explain: for range-covered :: explain SELECT id FROM sbtest%d WHERE id BETWEEN 992087 AND 992187
for range-covered
table 1 : explain SELECT id FROM sbtest1 WHERE id BETWEEN 5824619 AND 5824719
	Index Only Scan using sbtest1_pkey on sbtest1  (cost=0.43..10.46 rows=101 width=4)
	  Index Cond: ((id >= 5824619) AND (id <= 5824719))

table 2 : explain SELECT id FROM sbtest2 WHERE id BETWEEN 5824619 AND 5824719
	Index Only Scan using sbtest2_pkey on sbtest2  (cost=0.43..10.20 rows=88 width=4)
	  Index Cond: ((id >= 5824619) AND (id <= 5824719))

table 3 : explain SELECT id FROM sbtest3 WHERE id BETWEEN 5824619 AND 5824719
	Index Only Scan using sbtest3_pkey on sbtest3  (cost=0.43..10.40 rows=98 width=4)
	  Index Cond: ((id >= 5824619) AND (id <= 5824719))

table 4 : explain SELECT id FROM sbtest4 WHERE id BETWEEN 5824619 AND 5824719
	Index Only Scan using sbtest4_pkey on sbtest4  (cost=0.43..10.46 rows=101 width=4)
	  Index Cond: ((id >= 5824619) AND (id <= 5824719))

table 5 : explain SELECT id FROM sbtest5 WHERE id BETWEEN 5824619 AND 5824719
	Index Only Scan using sbtest5_pkey on sbtest5  (cost=0.43..10.32 rows=94 width=4)
	  Index Cond: ((id >= 5824619) AND (id <= 5824719))

table 6 : explain SELECT id FROM sbtest6 WHERE id BETWEEN 5824619 AND 5824719
	Index Only Scan using sbtest6_pkey on sbtest6  (cost=0.43..10.24 rows=90 width=4)
	  Index Cond: ((id >= 5824619) AND (id <= 5824719))

table 7 : explain SELECT id FROM sbtest7 WHERE id BETWEEN 5824619 AND 5824719
	Index Only Scan using sbtest7_pkey on sbtest7  (cost=0.43..10.26 rows=91 width=4)
	  Index Cond: ((id >= 5824619) AND (id <= 5824719))

table 8 : explain SELECT id FROM sbtest8 WHERE id BETWEEN 5824619 AND 5824719
	Index Only Scan using sbtest8_pkey on sbtest8  (cost=0.43..10.42 rows=99 width=4)
	  Index Cond: ((id >= 5824619) AND (id <= 5824719))

for range-covered
table 1 : explain SELECT id FROM sbtest1 WHERE id BETWEEN 3522442 AND 3522542
	Index Only Scan using sbtest1_pkey on sbtest1  (cost=0.43..10.68 rows=112 width=4)
	  Index Cond: ((id >= 3522442) AND (id <= 3522542))

table 2 : explain SELECT id FROM sbtest2 WHERE id BETWEEN 3522442 AND 3522542
	Index Only Scan using sbtest2_pkey on sbtest2  (cost=0.43..10.36 rows=96 width=4)
	  Index Cond: ((id >= 3522442) AND (id <= 3522542))

table 3 : explain SELECT id FROM sbtest3 WHERE id BETWEEN 3522442 AND 3522542
	Index Only Scan using sbtest3_pkey on sbtest3  (cost=0.43..10.40 rows=98 width=4)
	  Index Cond: ((id >= 3522442) AND (id <= 3522542))

table 4 : explain SELECT id FROM sbtest4 WHERE id BETWEEN 3522442 AND 3522542
	Index Only Scan using sbtest4_pkey on sbtest4  (cost=0.43..10.44 rows=100 width=4)
	  Index Cond: ((id >= 3522442) AND (id <= 3522542))

table 5 : explain SELECT id FROM sbtest5 WHERE id BETWEEN 3522442 AND 3522542
	Index Only Scan using sbtest5_pkey on sbtest5  (cost=0.43..10.38 rows=97 width=4)
	  Index Cond: ((id >= 3522442) AND (id <= 3522542))

table 6 : explain SELECT id FROM sbtest6 WHERE id BETWEEN 3522442 AND 3522542
	Index Only Scan using sbtest6_pkey on sbtest6  (cost=0.43..10.36 rows=96 width=4)
	  Index Cond: ((id >= 3522442) AND (id <= 3522542))

table 7 : explain SELECT id FROM sbtest7 WHERE id BETWEEN 3522442 AND 3522542
	Index Only Scan using sbtest7_pkey on sbtest7  (cost=0.43..10.47 rows=102 width=4)
	  Index Cond: ((id >= 3522442) AND (id <= 3522542))

table 8 : explain SELECT id FROM sbtest8 WHERE id BETWEEN 3522442 AND 3522542
	Index Only Scan using sbtest8_pkey on sbtest8  (cost=0.43..10.29 rows=93 width=4)
	  Index Cond: ((id >= 3522442) AND (id <= 3522542))

for range-covered
table 1 : explain SELECT id FROM sbtest1 WHERE id BETWEEN 5258973 AND 5259073
	Index Only Scan using sbtest1_pkey on sbtest1  (cost=0.43..10.46 rows=101 width=4)
	  Index Cond: ((id >= 5258973) AND (id <= 5259073))

table 2 : explain SELECT id FROM sbtest2 WHERE id BETWEEN 5258973 AND 5259073
	Index Only Scan using sbtest2_pkey on sbtest2  (cost=0.43..10.36 rows=96 width=4)
	  Index Cond: ((id >= 5258973) AND (id <= 5259073))

table 3 : explain SELECT id FROM sbtest3 WHERE id BETWEEN 5258973 AND 5259073
	Index Only Scan using sbtest3_pkey on sbtest3  (cost=0.43..10.68 rows=112 width=4)
	  Index Cond: ((id >= 5258973) AND (id <= 5259073))

table 4 : explain SELECT id FROM sbtest4 WHERE id BETWEEN 5258973 AND 5259073
	Index Only Scan using sbtest4_pkey on sbtest4  (cost=0.43..10.22 rows=89 width=4)
	  Index Cond: ((id >= 5258973) AND (id <= 5259073))

table 5 : explain SELECT id FROM sbtest5 WHERE id BETWEEN 5258973 AND 5259073
	Index Only Scan using sbtest5_pkey on sbtest5  (cost=0.43..10.36 rows=96 width=4)
	  Index Cond: ((id >= 5258973) AND (id <= 5259073))

table 6 : explain SELECT id FROM sbtest6 WHERE id BETWEEN 5258973 AND 5259073
	Index Only Scan using sbtest6_pkey on sbtest6  (cost=0.43..10.29 rows=93 width=4)
	  Index Cond: ((id >= 5258973) AND (id <= 5259073))

table 7 : explain SELECT id FROM sbtest7 WHERE id BETWEEN 5258973 AND 5259073
	Index Only Scan using sbtest7_pkey on sbtest7  (cost=0.43..10.15 rows=86 width=4)
	  Index Cond: ((id >= 5258973) AND (id <= 5259073))

table 8 : explain SELECT id FROM sbtest8 WHERE id BETWEEN 5258973 AND 5259073
	Index Only Scan using sbtest8_pkey on sbtest8  (cost=0.43..10.65 rows=111 width=4)
	  Index Cond: ((id >= 5258973) AND (id <= 5259073))

for range-covered
table 1 : explain SELECT id FROM sbtest1 WHERE id BETWEEN 992087 AND 992187
	Index Only Scan using sbtest1_pkey on sbtest1  (cost=0.43..10.42 rows=99 width=4)
	  Index Cond: ((id >= 992087) AND (id <= 992187))

table 2 : explain SELECT id FROM sbtest2 WHERE id BETWEEN 992087 AND 992187
	Index Only Scan using sbtest2_pkey on sbtest2  (cost=0.43..10.38 rows=97 width=4)
	  Index Cond: ((id >= 992087) AND (id <= 992187))

table 3 : explain SELECT id FROM sbtest3 WHERE id BETWEEN 992087 AND 992187
	Index Only Scan using sbtest3_pkey on sbtest3  (cost=0.43..10.50 rows=103 width=4)
	  Index Cond: ((id >= 992087) AND (id <= 992187))

table 4 : explain SELECT id FROM sbtest4 WHERE id BETWEEN 992087 AND 992187
	Index Only Scan using sbtest4_pkey on sbtest4  (cost=0.43..10.60 rows=108 width=4)
	  Index Cond: ((id >= 992087) AND (id <= 992187))

table 5 : explain SELECT id FROM sbtest5 WHERE id BETWEEN 992087 AND 992187
	Index Only Scan using sbtest5_pkey on sbtest5  (cost=0.43..10.32 rows=94 width=4)
	  Index Cond: ((id >= 992087) AND (id <= 992187))

table 6 : explain SELECT id FROM sbtest6 WHERE id BETWEEN 992087 AND 992187
	Index Only Scan using sbtest6_pkey on sbtest6  (cost=0.43..10.36 rows=96 width=4)
	  Index Cond: ((id >= 992087) AND (id <= 992187))

table 7 : explain SELECT id FROM sbtest7 WHERE id BETWEEN 992087 AND 992187
	Index Only Scan using sbtest7_pkey on sbtest7  (cost=0.43..10.32 rows=94 width=4)
	  Index Cond: ((id >= 992087) AND (id <= 992187))

table 8 : explain SELECT id FROM sbtest8 WHERE id BETWEEN 992087 AND 992187
	Index Only Scan using sbtest8_pkey on sbtest8  (cost=0.43..10.50 rows=103 width=4)
	  Index Cond: ((id >= 992087) AND (id <= 992187))

for range-covered
table 1 : explain SELECT id FROM sbtest1 WHERE id BETWEEN 1857519 AND 1857619
	Index Only Scan using sbtest1_pkey on sbtest1  (cost=0.43..10.36 rows=96 width=4)
	  Index Cond: ((id >= 1857519) AND (id <= 1857619))

table 2 : explain SELECT id FROM sbtest2 WHERE id BETWEEN 1857519 AND 1857619
	Index Only Scan using sbtest2_pkey on sbtest2  (cost=0.43..10.38 rows=97 width=4)
	  Index Cond: ((id >= 1857519) AND (id <= 1857619))

table 3 : explain SELECT id FROM sbtest3 WHERE id BETWEEN 1857519 AND 1857619
	Index Only Scan using sbtest3_pkey on sbtest3  (cost=0.43..10.62 rows=109 width=4)
	  Index Cond: ((id >= 1857519) AND (id <= 1857619))

table 4 : explain SELECT id FROM sbtest4 WHERE id BETWEEN 1857519 AND 1857619
	Index Only Scan using sbtest4_pkey on sbtest4  (cost=0.43..10.54 rows=105 width=4)
	  Index Cond: ((id >= 1857519) AND (id <= 1857619))

table 5 : explain SELECT id FROM sbtest5 WHERE id BETWEEN 1857519 AND 1857619
	Index Only Scan using sbtest5_pkey on sbtest5  (cost=0.43..10.60 rows=108 width=4)
	  Index Cond: ((id >= 1857519) AND (id <= 1857619))

table 6 : explain SELECT id FROM sbtest6 WHERE id BETWEEN 1857519 AND 1857619
	Index Only Scan using sbtest6_pkey on sbtest6  (cost=0.43..10.38 rows=97 width=4)
	  Index Cond: ((id >= 1857519) AND (id <= 1857619))

table 7 : explain SELECT id FROM sbtest7 WHERE id BETWEEN 1857519 AND 1857619
	Index Only Scan using sbtest7_pkey on sbtest7  (cost=0.43..10.54 rows=105 width=4)
	  Index Cond: ((id >= 1857519) AND (id <= 1857619))

table 8 : explain SELECT id FROM sbtest8 WHERE id BETWEEN 1857519 AND 1857619
	Index Only Scan using sbtest8_pkey on sbtest8  (cost=0.43..10.44 rows=100 width=4)
	  Index Cond: ((id >= 1857519) AND (id <= 1857619))

explain: for range-covered :: explain SELECT id FROM sbtest%d WHERE id BETWEEN 1857519 AND 1857619
for range-covered
table 1 : explain SELECT id FROM sbtest1 WHERE id BETWEEN 3337203 AND 3337303
	Index Only Scan using sbtest1_pkey on sbtest1  (cost=0.43..10.38 rows=97 width=4)
	  Index Cond: ((id >= 3337203) AND (id <= 3337303))

table 2 : explain SELECT id FROM sbtest2 WHERE id BETWEEN 3337203 AND 3337303
	Index Only Scan using sbtest2_pkey on sbtest2  (cost=0.43..10.13 rows=85 width=4)
	  Index Cond: ((id >= 3337203) AND (id <= 3337303))

table 3 : explain SELECT id FROM sbtest3 WHERE id BETWEEN 3337203 AND 3337303
	Index Only Scan using sbtest3_pkey on sbtest3  (cost=0.43..10.60 rows=108 width=4)
	  Index Cond: ((id >= 3337203) AND (id <= 3337303))

table 4 : explain SELECT id FROM sbtest4 WHERE id BETWEEN 3337203 AND 3337303
	Index Only Scan using sbtest4_pkey on sbtest4  (cost=0.43..10.33 rows=95 width=4)
	  Index Cond: ((id >= 3337203) AND (id <= 3337303))

table 5 : explain SELECT id FROM sbtest5 WHERE id BETWEEN 3337203 AND 3337303
	Index Only Scan using sbtest5_pkey on sbtest5  (cost=0.43..10.58 rows=107 width=4)
	  Index Cond: ((id >= 3337203) AND (id <= 3337303))

table 6 : explain SELECT id FROM sbtest6 WHERE id BETWEEN 3337203 AND 3337303
	Index Only Scan using sbtest6_pkey on sbtest6  (cost=0.43..10.38 rows=97 width=4)
	  Index Cond: ((id >= 3337203) AND (id <= 3337303))

table 7 : explain SELECT id FROM sbtest7 WHERE id BETWEEN 3337203 AND 3337303
	Index Only Scan using sbtest7_pkey on sbtest7  (cost=0.43..10.42 rows=99 width=4)
	  Index Cond: ((id >= 3337203) AND (id <= 3337303))

table 8 : explain SELECT id FROM sbtest8 WHERE id BETWEEN 3337203 AND 3337303
	Index Only Scan using sbtest8_pkey on sbtest8  (cost=0.43..10.42 rows=99 width=4)
	  Index Cond: ((id >= 3337203) AND (id <= 3337303))

explain: for range-covered :: explain SELECT id FROM sbtest%d WHERE id BETWEEN 3337203 AND 3337303
for range-covered
table 1 : explain SELECT id FROM sbtest1 WHERE id BETWEEN 1857519 AND 1857619
	Index Only Scan using sbtest1_pkey on sbtest1  (cost=0.43..10.36 rows=96 width=4)
	  Index Cond: ((id >= 1857519) AND (id <= 1857619))

table 2 : explain SELECT id FROM sbtest2 WHERE id BETWEEN 1857519 AND 1857619
	Index Only Scan using sbtest2_pkey on sbtest2  (cost=0.43..10.38 rows=97 width=4)
	  Index Cond: ((id >= 1857519) AND (id <= 1857619))

table 3 : explain SELECT id FROM sbtest3 WHERE id BETWEEN 1857519 AND 1857619
	Index Only Scan using sbtest3_pkey on sbtest3  (cost=0.43..10.62 rows=109 width=4)
	  Index Cond: ((id >= 1857519) AND (id <= 1857619))

table 4 : explain SELECT id FROM sbtest4 WHERE id BETWEEN 1857519 AND 1857619
	Index Only Scan using sbtest4_pkey on sbtest4  (cost=0.43..10.54 rows=105 width=4)
	  Index Cond: ((id >= 1857519) AND (id <= 1857619))

table 5 : explain SELECT id FROM sbtest5 WHERE id BETWEEN 1857519 AND 1857619
	Index Only Scan using sbtest5_pkey on sbtest5  (cost=0.43..10.60 rows=108 width=4)
	  Index Cond: ((id >= 1857519) AND (id <= 1857619))

table 6 : explain SELECT id FROM sbtest6 WHERE id BETWEEN 1857519 AND 1857619
	Index Only Scan using sbtest6_pkey on sbtest6  (cost=0.43..10.38 rows=97 width=4)
	  Index Cond: ((id >= 1857519) AND (id <= 1857619))

table 7 : explain SELECT id FROM sbtest7 WHERE id BETWEEN 1857519 AND 1857619
	Index Only Scan using sbtest7_pkey on sbtest7  (cost=0.43..10.54 rows=105 width=4)
	  Index Cond: ((id >= 1857519) AND (id <= 1857619))

table 8 : explain SELECT id FROM sbtest8 WHERE id BETWEEN 1857519 AND 1857619
	Index Only Scan using sbtest8_pkey on sbtest8  (cost=0.43..10.44 rows=100 width=4)
	  Index Cond: ((id >= 1857519) AND (id <= 1857619))

explain: for range-covered :: explain SELECT id FROM sbtest%d WHERE id BETWEEN 1857519 AND 1857619
for range-covered
table 1 : explain SELECT id FROM sbtest1 WHERE id BETWEEN 1857519 AND 1857619
	Index Only Scan using sbtest1_pkey on sbtest1  (cost=0.43..10.36 rows=96 width=4)
	  Index Cond: ((id >= 1857519) AND (id <= 1857619))

table 2 : explain SELECT id FROM sbtest2 WHERE id BETWEEN 1857519 AND 1857619
	Index Only Scan using sbtest2_pkey on sbtest2  (cost=0.43..10.38 rows=97 width=4)
	  Index Cond: ((id >= 1857519) AND (id <= 1857619))

table 3 : explain SELECT id FROM sbtest3 WHERE id BETWEEN 1857519 AND 1857619
	Index Only Scan using sbtest3_pkey on sbtest3  (cost=0.43..10.62 rows=109 width=4)
	  Index Cond: ((id >= 1857519) AND (id <= 1857619))

table 4 : explain SELECT id FROM sbtest4 WHERE id BETWEEN 1857519 AND 1857619
	Index Only Scan using sbtest4_pkey on sbtest4  (cost=0.43..10.54 rows=105 width=4)
	  Index Cond: ((id >= 1857519) AND (id <= 1857619))

table 5 : explain SELECT id FROM sbtest5 WHERE id BETWEEN 1857519 AND 1857619
	Index Only Scan using sbtest5_pkey on sbtest5  (cost=0.43..10.60 rows=108 width=4)
	  Index Cond: ((id >= 1857519) AND (id <= 1857619))

table 6 : explain SELECT id FROM sbtest6 WHERE id BETWEEN 1857519 AND 1857619
	Index Only Scan using sbtest6_pkey on sbtest6  (cost=0.43..10.38 rows=97 width=4)
	  Index Cond: ((id >= 1857519) AND (id <= 1857619))

table 7 : explain SELECT id FROM sbtest7 WHERE id BETWEEN 1857519 AND 1857619
	Index Only Scan using sbtest7_pkey on sbtest7  (cost=0.43..10.54 rows=105 width=4)
	  Index Cond: ((id >= 1857519) AND (id <= 1857619))

table 8 : explain SELECT id FROM sbtest8 WHERE id BETWEEN 1857519 AND 1857619
	Index Only Scan using sbtest8_pkey on sbtest8  (cost=0.43..10.44 rows=100 width=4)
	  Index Cond: ((id >= 1857519) AND (id <= 1857619))

explain: for range-covered :: explain SELECT id FROM sbtest%d WHERE id BETWEEN 1857519 AND 1857619
for range-covered
table 1 : explain SELECT id FROM sbtest1 WHERE id BETWEEN 3337203 AND 3337303
	Index Only Scan using sbtest1_pkey on sbtest1  (cost=0.43..10.38 rows=97 width=4)
	  Index Cond: ((id >= 3337203) AND (id <= 3337303))

table 2 : explain SELECT id FROM sbtest2 WHERE id BETWEEN 3337203 AND 3337303
	Index Only Scan using sbtest2_pkey on sbtest2  (cost=0.43..10.13 rows=85 width=4)
	  Index Cond: ((id >= 3337203) AND (id <= 3337303))

table 3 : explain SELECT id FROM sbtest3 WHERE id BETWEEN 3337203 AND 3337303
	Index Only Scan using sbtest3_pkey on sbtest3  (cost=0.43..10.60 rows=108 width=4)
	  Index Cond: ((id >= 3337203) AND (id <= 3337303))

table 4 : explain SELECT id FROM sbtest4 WHERE id BETWEEN 3337203 AND 3337303
	Index Only Scan using sbtest4_pkey on sbtest4  (cost=0.43..10.33 rows=95 width=4)
	  Index Cond: ((id >= 3337203) AND (id <= 3337303))

table 5 : explain SELECT id FROM sbtest5 WHERE id BETWEEN 3337203 AND 3337303
	Index Only Scan using sbtest5_pkey on sbtest5  (cost=0.43..10.58 rows=107 width=4)
	  Index Cond: ((id >= 3337203) AND (id <= 3337303))

table 6 : explain SELECT id FROM sbtest6 WHERE id BETWEEN 3337203 AND 3337303
	Index Only Scan using sbtest6_pkey on sbtest6  (cost=0.43..10.38 rows=97 width=4)
	  Index Cond: ((id >= 3337203) AND (id <= 3337303))

table 7 : explain SELECT id FROM sbtest7 WHERE id BETWEEN 3337203 AND 3337303
	Index Only Scan using sbtest7_pkey on sbtest7  (cost=0.43..10.42 rows=99 width=4)
	  Index Cond: ((id >= 3337203) AND (id <= 3337303))

table 8 : explain SELECT id FROM sbtest8 WHERE id BETWEEN 3337203 AND 3337303
	Index Only Scan using sbtest8_pkey on sbtest8  (cost=0.43..10.42 rows=99 width=4)
	  Index Cond: ((id >= 3337203) AND (id <= 3337303))

explain: for range-covered :: explain SELECT id FROM sbtest%d WHERE id BETWEEN 4543549 AND 4543649
explain: for range-covered :: explain SELECT id FROM sbtest%d WHERE id BETWEEN 3337203 AND 3337303
for range-covered
table 1 : explain SELECT id FROM sbtest1 WHERE id BETWEEN 1857519 AND 1857619
	Index Only Scan using sbtest1_pkey on sbtest1  (cost=0.43..10.36 rows=96 width=4)
	  Index Cond: ((id >= 1857519) AND (id <= 1857619))

table 2 : explain SELECT id FROM sbtest2 WHERE id BETWEEN 1857519 AND 1857619
	Index Only Scan using sbtest2_pkey on sbtest2  (cost=0.43..10.38 rows=97 width=4)
	  Index Cond: ((id >= 1857519) AND (id <= 1857619))

table 3 : explain SELECT id FROM sbtest3 WHERE id BETWEEN 1857519 AND 1857619
	Index Only Scan using sbtest3_pkey on sbtest3  (cost=0.43..10.62 rows=109 width=4)
	  Index Cond: ((id >= 1857519) AND (id <= 1857619))

table 4 : explain SELECT id FROM sbtest4 WHERE id BETWEEN 1857519 AND 1857619
	Index Only Scan using sbtest4_pkey on sbtest4  (cost=0.43..10.54 rows=105 width=4)
	  Index Cond: ((id >= 1857519) AND (id <= 1857619))

table 5 : explain SELECT id FROM sbtest5 WHERE id BETWEEN 1857519 AND 1857619
	Index Only Scan using sbtest5_pkey on sbtest5  (cost=0.43..10.60 rows=108 width=4)
	  Index Cond: ((id >= 1857519) AND (id <= 1857619))

table 6 : explain SELECT id FROM sbtest6 WHERE id BETWEEN 1857519 AND 1857619
	Index Only Scan using sbtest6_pkey on sbtest6  (cost=0.43..10.38 rows=97 width=4)
	  Index Cond: ((id >= 1857519) AND (id <= 1857619))

table 7 : explain SELECT id FROM sbtest7 WHERE id BETWEEN 1857519 AND 1857619
	Index Only Scan using sbtest7_pkey on sbtest7  (cost=0.43..10.54 rows=105 width=4)
	  Index Cond: ((id >= 1857519) AND (id <= 1857619))

table 8 : explain SELECT id FROM sbtest8 WHERE id BETWEEN 1857519 AND 1857619
	Index Only Scan using sbtest8_pkey on sbtest8  (cost=0.43..10.44 rows=100 width=4)
	  Index Cond: ((id >= 1857519) AND (id <= 1857619))

explain: for range-covered :: explain SELECT id FROM sbtest%d WHERE id BETWEEN 1857519 AND 1857619
for range-covered
table 1 : explain SELECT id FROM sbtest1 WHERE id BETWEEN 3337203 AND 3337303
	Index Only Scan using sbtest1_pkey on sbtest1  (cost=0.43..10.38 rows=97 width=4)
	  Index Cond: ((id >= 3337203) AND (id <= 3337303))

table 2 : explain SELECT id FROM sbtest2 WHERE id BETWEEN 3337203 AND 3337303
	Index Only Scan using sbtest2_pkey on sbtest2  (cost=0.43..10.13 rows=85 width=4)
	  Index Cond: ((id >= 3337203) AND (id <= 3337303))

table 3 : explain SELECT id FROM sbtest3 WHERE id BETWEEN 3337203 AND 3337303
	Index Only Scan using sbtest3_pkey on sbtest3  (cost=0.43..10.60 rows=108 width=4)
	  Index Cond: ((id >= 3337203) AND (id <= 3337303))

table 4 : explain SELECT id FROM sbtest4 WHERE id BETWEEN 3337203 AND 3337303
	Index Only Scan using sbtest4_pkey on sbtest4  (cost=0.43..10.33 rows=95 width=4)
	  Index Cond: ((id >= 3337203) AND (id <= 3337303))

table 5 : explain SELECT id FROM sbtest5 WHERE id BETWEEN 3337203 AND 3337303
	Index Only Scan using sbtest5_pkey on sbtest5  (cost=0.43..10.58 rows=107 width=4)
	  Index Cond: ((id >= 3337203) AND (id <= 3337303))

table 6 : explain SELECT id FROM sbtest6 WHERE id BETWEEN 3337203 AND 3337303
	Index Only Scan using sbtest6_pkey on sbtest6  (cost=0.43..10.38 rows=97 width=4)
	  Index Cond: ((id >= 3337203) AND (id <= 3337303))

table 7 : explain SELECT id FROM sbtest7 WHERE id BETWEEN 3337203 AND 3337303
	Index Only Scan using sbtest7_pkey on sbtest7  (cost=0.43..10.42 rows=99 width=4)
	  Index Cond: ((id >= 3337203) AND (id <= 3337303))

table 8 : explain SELECT id FROM sbtest8 WHERE id BETWEEN 3337203 AND 3337303
	Index Only Scan using sbtest8_pkey on sbtest8  (cost=0.43..10.42 rows=99 width=4)
	  Index Cond: ((id >= 3337203) AND (id <= 3337303))

explain: for range-covered :: explain SELECT id FROM sbtest%d WHERE id BETWEEN 3337203 AND 3337303
for range-covered
table 1 : explain SELECT id FROM sbtest1 WHERE id BETWEEN 1857519 AND 1857619
	Index Only Scan using sbtest1_pkey on sbtest1  (cost=0.43..10.36 rows=96 width=4)
	  Index Cond: ((id >= 1857519) AND (id <= 1857619))

table 2 : explain SELECT id FROM sbtest2 WHERE id BETWEEN 1857519 AND 1857619
	Index Only Scan using sbtest2_pkey on sbtest2  (cost=0.43..10.38 rows=97 width=4)
	  Index Cond: ((id >= 1857519) AND (id <= 1857619))

table 3 : explain SELECT id FROM sbtest3 WHERE id BETWEEN 1857519 AND 1857619
	Index Only Scan using sbtest3_pkey on sbtest3  (cost=0.43..10.62 rows=109 width=4)
	  Index Cond: ((id >= 1857519) AND (id <= 1857619))

table 4 : explain SELECT id FROM sbtest4 WHERE id BETWEEN 1857519 AND 1857619
	Index Only Scan using sbtest4_pkey on sbtest4  (cost=0.43..10.54 rows=105 width=4)
	  Index Cond: ((id >= 1857519) AND (id <= 1857619))

table 5 : explain SELECT id FROM sbtest5 WHERE id BETWEEN 1857519 AND 1857619
	Index Only Scan using sbtest5_pkey on sbtest5  (cost=0.43..10.60 rows=108 width=4)
	  Index Cond: ((id >= 1857519) AND (id <= 1857619))

table 6 : explain SELECT id FROM sbtest6 WHERE id BETWEEN 1857519 AND 1857619
	Index Only Scan using sbtest6_pkey on sbtest6  (cost=0.43..10.38 rows=97 width=4)
	  Index Cond: ((id >= 1857519) AND (id <= 1857619))

table 7 : explain SELECT id FROM sbtest7 WHERE id BETWEEN 1857519 AND 1857619
	Index Only Scan using sbtest7_pkey on sbtest7  (cost=0.43..10.54 rows=105 width=4)
	  Index Cond: ((id >= 1857519) AND (id <= 1857619))

table 8 : explain SELECT id FROM sbtest8 WHERE id BETWEEN 1857519 AND 1857619
	Index Only Scan using sbtest8_pkey on sbtest8  (cost=0.43..10.44 rows=100 width=4)
	  Index Cond: ((id >= 1857519) AND (id <= 1857619))

explain: for range-covered :: explain SELECT id FROM sbtest%d WHERE id BETWEEN 1857519 AND 1857619
for range-covered
table 1 : explain SELECT id FROM sbtest1 WHERE id BETWEEN 3337203 AND 3337303
	Index Only Scan using sbtest1_pkey on sbtest1  (cost=0.43..10.38 rows=97 width=4)
	  Index Cond: ((id >= 3337203) AND (id <= 3337303))

table 2 : explain SELECT id FROM sbtest2 WHERE id BETWEEN 3337203 AND 3337303
	Index Only Scan using sbtest2_pkey on sbtest2  (cost=0.43..10.13 rows=85 width=4)
	  Index Cond: ((id >= 3337203) AND (id <= 3337303))

table 3 : explain SELECT id FROM sbtest3 WHERE id BETWEEN 3337203 AND 3337303
	Index Only Scan using sbtest3_pkey on sbtest3  (cost=0.43..10.60 rows=108 width=4)
	  Index Cond: ((id >= 3337203) AND (id <= 3337303))

table 4 : explain SELECT id FROM sbtest4 WHERE id BETWEEN 3337203 AND 3337303
	Index Only Scan using sbtest4_pkey on sbtest4  (cost=0.43..10.33 rows=95 width=4)
	  Index Cond: ((id >= 3337203) AND (id <= 3337303))

table 5 : explain SELECT id FROM sbtest5 WHERE id BETWEEN 3337203 AND 3337303
	Index Only Scan using sbtest5_pkey on sbtest5  (cost=0.43..10.58 rows=107 width=4)
	  Index Cond: ((id >= 3337203) AND (id <= 3337303))

table 6 : explain SELECT id FROM sbtest6 WHERE id BETWEEN 3337203 AND 3337303
	Index Only Scan using sbtest6_pkey on sbtest6  (cost=0.43..10.38 rows=97 width=4)
	  Index Cond: ((id >= 3337203) AND (id <= 3337303))

table 7 : explain SELECT id FROM sbtest7 WHERE id BETWEEN 3337203 AND 3337303
	Index Only Scan using sbtest7_pkey on sbtest7  (cost=0.43..10.42 rows=99 width=4)
	  Index Cond: ((id >= 3337203) AND (id <= 3337303))

table 8 : explain SELECT id FROM sbtest8 WHERE id BETWEEN 3337203 AND 3337303
	Index Only Scan using sbtest8_pkey on sbtest8  (cost=0.43..10.42 rows=99 width=4)
	  Index Cond: ((id >= 3337203) AND (id <= 3337303))

explain: for range-covered :: explain SELECT id FROM sbtest%d WHERE id BETWEEN 3337203 AND 3337303
explain: for range-covered :: explain SELECT id FROM sbtest%d WHERE id BETWEEN 5875678 AND 5875778
for range-covered
table 1 : explain SELECT id FROM sbtest1 WHERE id BETWEEN 1857519 AND 1857619
	Index Only Scan using sbtest1_pkey on sbtest1  (cost=0.43..10.36 rows=96 width=4)
	  Index Cond: ((id >= 1857519) AND (id <= 1857619))

table 2 : explain SELECT id FROM sbtest2 WHERE id BETWEEN 1857519 AND 1857619
	Index Only Scan using sbtest2_pkey on sbtest2  (cost=0.43..10.38 rows=97 width=4)
	  Index Cond: ((id >= 1857519) AND (id <= 1857619))

table 3 : explain SELECT id FROM sbtest3 WHERE id BETWEEN 1857519 AND 1857619
	Index Only Scan using sbtest3_pkey on sbtest3  (cost=0.43..10.62 rows=109 width=4)
	  Index Cond: ((id >= 1857519) AND (id <= 1857619))

table 4 : explain SELECT id FROM sbtest4 WHERE id BETWEEN 1857519 AND 1857619
	Index Only Scan using sbtest4_pkey on sbtest4  (cost=0.43..10.54 rows=105 width=4)
	  Index Cond: ((id >= 1857519) AND (id <= 1857619))

table 5 : explain SELECT id FROM sbtest5 WHERE id BETWEEN 1857519 AND 1857619
	Index Only Scan using sbtest5_pkey on sbtest5  (cost=0.43..10.60 rows=108 width=4)
	  Index Cond: ((id >= 1857519) AND (id <= 1857619))

table 6 : explain SELECT id FROM sbtest6 WHERE id BETWEEN 1857519 AND 1857619
	Index Only Scan using sbtest6_pkey on sbtest6  (cost=0.43..10.38 rows=97 width=4)
	  Index Cond: ((id >= 1857519) AND (id <= 1857619))

table 7 : explain SELECT id FROM sbtest7 WHERE id BETWEEN 1857519 AND 1857619
	Index Only Scan using sbtest7_pkey on sbtest7  (cost=0.43..10.54 rows=105 width=4)
	  Index Cond: ((id >= 1857519) AND (id <= 1857619))

table 8 : explain SELECT id FROM sbtest8 WHERE id BETWEEN 1857519 AND 1857619
	Index Only Scan using sbtest8_pkey on sbtest8  (cost=0.43..10.44 rows=100 width=4)
	  Index Cond: ((id >= 1857519) AND (id <= 1857619))

explain: for range-covered :: explain SELECT id FROM sbtest%d WHERE id BETWEEN 1857519 AND 1857619
for range-covered
table 1 : explain SELECT id FROM sbtest1 WHERE id BETWEEN 3337203 AND 3337303
	Index Only Scan using sbtest1_pkey on sbtest1  (cost=0.43..10.38 rows=97 width=4)
	  Index Cond: ((id >= 3337203) AND (id <= 3337303))

table 2 : explain SELECT id FROM sbtest2 WHERE id BETWEEN 3337203 AND 3337303
	Index Only Scan using sbtest2_pkey on sbtest2  (cost=0.43..10.13 rows=85 width=4)
	  Index Cond: ((id >= 3337203) AND (id <= 3337303))

table 3 : explain SELECT id FROM sbtest3 WHERE id BETWEEN 3337203 AND 3337303
	Index Only Scan using sbtest3_pkey on sbtest3  (cost=0.43..10.60 rows=108 width=4)
	  Index Cond: ((id >= 3337203) AND (id <= 3337303))

table 4 : explain SELECT id FROM sbtest4 WHERE id BETWEEN 3337203 AND 3337303
	Index Only Scan using sbtest4_pkey on sbtest4  (cost=0.43..10.33 rows=95 width=4)
	  Index Cond: ((id >= 3337203) AND (id <= 3337303))

table 5 : explain SELECT id FROM sbtest5 WHERE id BETWEEN 3337203 AND 3337303
	Index Only Scan using sbtest5_pkey on sbtest5  (cost=0.43..10.58 rows=107 width=4)
	  Index Cond: ((id >= 3337203) AND (id <= 3337303))

table 6 : explain SELECT id FROM sbtest6 WHERE id BETWEEN 3337203 AND 3337303
	Index Only Scan using sbtest6_pkey on sbtest6  (cost=0.43..10.38 rows=97 width=4)
	  Index Cond: ((id >= 3337203) AND (id <= 3337303))

table 7 : explain SELECT id FROM sbtest7 WHERE id BETWEEN 3337203 AND 3337303
	Index Only Scan using sbtest7_pkey on sbtest7  (cost=0.43..10.42 rows=99 width=4)
	  Index Cond: ((id >= 3337203) AND (id <= 3337303))

table 8 : explain SELECT id FROM sbtest8 WHERE id BETWEEN 3337203 AND 3337303
	Index Only Scan using sbtest8_pkey on sbtest8  (cost=0.43..10.42 rows=99 width=4)
	  Index Cond: ((id >= 3337203) AND (id <= 3337303))

for range-covered
table 1 : explain SELECT id FROM sbtest1 WHERE id BETWEEN 1857519 AND 1857619
	Index Only Scan using sbtest1_pkey on sbtest1  (cost=0.43..10.36 rows=96 width=4)
	  Index Cond: ((id >= 1857519) AND (id <= 1857619))

table 2 : explain SELECT id FROM sbtest2 WHERE id BETWEEN 1857519 AND 1857619
	Index Only Scan using sbtest2_pkey on sbtest2  (cost=0.43..10.38 rows=97 width=4)
	  Index Cond: ((id >= 1857519) AND (id <= 1857619))

table 3 : explain SELECT id FROM sbtest3 WHERE id BETWEEN 1857519 AND 1857619
	Index Only Scan using sbtest3_pkey on sbtest3  (cost=0.43..10.62 rows=109 width=4)
	  Index Cond: ((id >= 1857519) AND (id <= 1857619))

table 4 : explain SELECT id FROM sbtest4 WHERE id BETWEEN 1857519 AND 1857619
	Index Only Scan using sbtest4_pkey on sbtest4  (cost=0.43..10.54 rows=105 width=4)
	  Index Cond: ((id >= 1857519) AND (id <= 1857619))

table 5 : explain SELECT id FROM sbtest5 WHERE id BETWEEN 1857519 AND 1857619
	Index Only Scan using sbtest5_pkey on sbtest5  (cost=0.43..10.60 rows=108 width=4)
	  Index Cond: ((id >= 1857519) AND (id <= 1857619))

table 6 : explain SELECT id FROM sbtest6 WHERE id BETWEEN 1857519 AND 1857619
	Index Only Scan using sbtest6_pkey on sbtest6  (cost=0.43..10.38 rows=97 width=4)
	  Index Cond: ((id >= 1857519) AND (id <= 1857619))

table 7 : explain SELECT id FROM sbtest7 WHERE id BETWEEN 1857519 AND 1857619
	Index Only Scan using sbtest7_pkey on sbtest7  (cost=0.43..10.54 rows=105 width=4)
	  Index Cond: ((id >= 1857519) AND (id <= 1857619))

table 8 : explain SELECT id FROM sbtest8 WHERE id BETWEEN 1857519 AND 1857619
	Index Only Scan using sbtest8_pkey on sbtest8  (cost=0.43..10.44 rows=100 width=4)
	  Index Cond: ((id >= 1857519) AND (id <= 1857619))

explain: for range-covered :: explain SELECT id FROM sbtest%d WHERE id BETWEEN 3337203 AND 3337303
explain: for range-covered :: explain SELECT id FROM sbtest%d WHERE id BETWEEN 1857519 AND 1857619
for range-covered
table 1 : explain SELECT id FROM sbtest1 WHERE id BETWEEN 3337203 AND 3337303
	Index Only Scan using sbtest1_pkey on sbtest1  (cost=0.43..10.38 rows=97 width=4)
	  Index Cond: ((id >= 3337203) AND (id <= 3337303))

table 2 : explain SELECT id FROM sbtest2 WHERE id BETWEEN 3337203 AND 3337303
	Index Only Scan using sbtest2_pkey on sbtest2  (cost=0.43..10.13 rows=85 width=4)
	  Index Cond: ((id >= 3337203) AND (id <= 3337303))

table 3 : explain SELECT id FROM sbtest3 WHERE id BETWEEN 3337203 AND 3337303
	Index Only Scan using sbtest3_pkey on sbtest3  (cost=0.43..10.60 rows=108 width=4)
	  Index Cond: ((id >= 3337203) AND (id <= 3337303))

table 4 : explain SELECT id FROM sbtest4 WHERE id BETWEEN 3337203 AND 3337303
	Index Only Scan using sbtest4_pkey on sbtest4  (cost=0.43..10.33 rows=95 width=4)
	  Index Cond: ((id >= 3337203) AND (id <= 3337303))

table 5 : explain SELECT id FROM sbtest5 WHERE id BETWEEN 3337203 AND 3337303
	Index Only Scan using sbtest5_pkey on sbtest5  (cost=0.43..10.58 rows=107 width=4)
	  Index Cond: ((id >= 3337203) AND (id <= 3337303))

table 6 : explain SELECT id FROM sbtest6 WHERE id BETWEEN 3337203 AND 3337303
	Index Only Scan using sbtest6_pkey on sbtest6  (cost=0.43..10.38 rows=97 width=4)
	  Index Cond: ((id >= 3337203) AND (id <= 3337303))

table 7 : explain SELECT id FROM sbtest7 WHERE id BETWEEN 3337203 AND 3337303
	Index Only Scan using sbtest7_pkey on sbtest7  (cost=0.43..10.42 rows=99 width=4)
	  Index Cond: ((id >= 3337203) AND (id <= 3337303))

table 8 : explain SELECT id FROM sbtest8 WHERE id BETWEEN 3337203 AND 3337303
	Index Only Scan using sbtest8_pkey on sbtest8  (cost=0.43..10.42 rows=99 width=4)
	  Index Cond: ((id >= 3337203) AND (id <= 3337303))

explain: for range-covered :: explain SELECT id FROM sbtest%d WHERE id BETWEEN 3337203 AND 3337303
for range-covered
table 1 : explain SELECT id FROM sbtest1 WHERE id BETWEEN 1857519 AND 1857619
	Index Only Scan using sbtest1_pkey on sbtest1  (cost=0.43..10.36 rows=96 width=4)
	  Index Cond: ((id >= 1857519) AND (id <= 1857619))

table 2 : explain SELECT id FROM sbtest2 WHERE id BETWEEN 1857519 AND 1857619
	Index Only Scan using sbtest2_pkey on sbtest2  (cost=0.43..10.38 rows=97 width=4)
	  Index Cond: ((id >= 1857519) AND (id <= 1857619))

table 3 : explain SELECT id FROM sbtest3 WHERE id BETWEEN 1857519 AND 1857619
	Index Only Scan using sbtest3_pkey on sbtest3  (cost=0.43..10.62 rows=109 width=4)
	  Index Cond: ((id >= 1857519) AND (id <= 1857619))

table 4 : explain SELECT id FROM sbtest4 WHERE id BETWEEN 1857519 AND 1857619
	Index Only Scan using sbtest4_pkey on sbtest4  (cost=0.43..10.54 rows=105 width=4)
	  Index Cond: ((id >= 1857519) AND (id <= 1857619))

table 5 : explain SELECT id FROM sbtest5 WHERE id BETWEEN 1857519 AND 1857619
	Index Only Scan using sbtest5_pkey on sbtest5  (cost=0.43..10.60 rows=108 width=4)
	  Index Cond: ((id >= 1857519) AND (id <= 1857619))

table 6 : explain SELECT id FROM sbtest6 WHERE id BETWEEN 1857519 AND 1857619
	Index Only Scan using sbtest6_pkey on sbtest6  (cost=0.43..10.38 rows=97 width=4)
	  Index Cond: ((id >= 1857519) AND (id <= 1857619))

table 7 : explain SELECT id FROM sbtest7 WHERE id BETWEEN 1857519 AND 1857619
	Index Only Scan using sbtest7_pkey on sbtest7  (cost=0.43..10.54 rows=105 width=4)
	  Index Cond: ((id >= 1857519) AND (id <= 1857619))

table 8 : explain SELECT id FROM sbtest8 WHERE id BETWEEN 1857519 AND 1857619
	Index Only Scan using sbtest8_pkey on sbtest8  (cost=0.43..10.44 rows=100 width=4)
	  Index Cond: ((id >= 1857519) AND (id <= 1857619))

for range-covered
table 1 : explain SELECT id FROM sbtest1 WHERE id BETWEEN 4543549 AND 4543649
	Index Only Scan using sbtest1_pkey on sbtest1  (cost=0.43..10.33 rows=95 width=4)
	  Index Cond: ((id >= 4543549) AND (id <= 4543649))

table 2 : explain SELECT id FROM sbtest2 WHERE id BETWEEN 4543549 AND 4543649
	Index Only Scan using sbtest2_pkey on sbtest2  (cost=0.43..10.47 rows=102 width=4)
	  Index Cond: ((id >= 4543549) AND (id <= 4543649))

table 3 : explain SELECT id FROM sbtest3 WHERE id BETWEEN 4543549 AND 4543649
	Index Only Scan using sbtest3_pkey on sbtest3  (cost=0.43..10.40 rows=98 width=4)
	  Index Cond: ((id >= 4543549) AND (id <= 4543649))

table 4 : explain SELECT id FROM sbtest4 WHERE id BETWEEN 4543549 AND 4543649
	Index Only Scan using sbtest4_pkey on sbtest4  (cost=0.43..10.50 rows=103 width=4)
	  Index Cond: ((id >= 4543549) AND (id <= 4543649))

table 5 : explain SELECT id FROM sbtest5 WHERE id BETWEEN 4543549 AND 4543649
	Index Only Scan using sbtest5_pkey on sbtest5  (cost=0.43..10.50 rows=103 width=4)
	  Index Cond: ((id >= 4543549) AND (id <= 4543649))

table 6 : explain SELECT id FROM sbtest6 WHERE id BETWEEN 4543549 AND 4543649
	Index Only Scan using sbtest6_pkey on sbtest6  (cost=0.43..10.40 rows=98 width=4)
	  Index Cond: ((id >= 4543549) AND (id <= 4543649))

table 7 : explain SELECT id FROM sbtest7 WHERE id BETWEEN 4543549 AND 4543649
	Index Only Scan using sbtest7_pkey on sbtest7  (cost=0.43..10.42 rows=99 width=4)
	  Index Cond: ((id >= 4543549) AND (id <= 4543649))

table 8 : explain SELECT id FROM sbtest8 WHERE id BETWEEN 4543549 AND 4543649
	Index Only Scan using sbtest8_pkey on sbtest8  (cost=0.43..10.56 rows=106 width=4)
	  Index Cond: ((id >= 4543549) AND (id <= 4543649))

explain: for range-covered :: explain SELECT id FROM sbtest%d WHERE id BETWEEN 4543549 AND 4543649
for range-covered
table 1 : explain SELECT id FROM sbtest1 WHERE id BETWEEN 5875678 AND 5875778
	Index Only Scan using sbtest1_pkey on sbtest1  (cost=0.43..10.46 rows=101 width=4)
	  Index Cond: ((id >= 5875678) AND (id <= 5875778))

table 2 : explain SELECT id FROM sbtest2 WHERE id BETWEEN 5875678 AND 5875778
	Index Only Scan using sbtest2_pkey on sbtest2  (cost=0.43..10.50 rows=103 width=4)
	  Index Cond: ((id >= 5875678) AND (id <= 5875778))

table 3 : explain SELECT id FROM sbtest3 WHERE id BETWEEN 5875678 AND 5875778
	Index Only Scan using sbtest3_pkey on sbtest3  (cost=0.43..10.62 rows=109 width=4)
	  Index Cond: ((id >= 5875678) AND (id <= 5875778))

table 4 : explain SELECT id FROM sbtest4 WHERE id BETWEEN 5875678 AND 5875778
	Index Only Scan using sbtest4_pkey on sbtest4  (cost=0.43..10.46 rows=101 width=4)
	  Index Cond: ((id >= 5875678) AND (id <= 5875778))

table 5 : explain SELECT id FROM sbtest5 WHERE id BETWEEN 5875678 AND 5875778
	Index Only Scan using sbtest5_pkey on sbtest5  (cost=0.43..10.47 rows=102 width=4)
	  Index Cond: ((id >= 5875678) AND (id <= 5875778))

table 6 : explain SELECT id FROM sbtest6 WHERE id BETWEEN 5875678 AND 5875778
	Index Only Scan using sbtest6_pkey on sbtest6  (cost=0.43..10.24 rows=90 width=4)
	  Index Cond: ((id >= 5875678) AND (id <= 5875778))

table 7 : explain SELECT id FROM sbtest7 WHERE id BETWEEN 5875678 AND 5875778
	Index Only Scan using sbtest7_pkey on sbtest7  (cost=0.43..10.62 rows=109 width=4)
	  Index Cond: ((id >= 5875678) AND (id <= 5875778))

table 8 : explain SELECT id FROM sbtest8 WHERE id BETWEEN 5875678 AND 5875778
	Index Only Scan using sbtest8_pkey on sbtest8  (cost=0.43..10.42 rows=99 width=4)
	  Index Cond: ((id >= 5875678) AND (id <= 5875778))

explain: for range-covered :: explain SELECT id FROM sbtest%d WHERE id BETWEEN 5875678 AND 5875778
for range-covered
table 1 : explain SELECT id FROM sbtest1 WHERE id BETWEEN 3337203 AND 3337303
	Index Only Scan using sbtest1_pkey on sbtest1  (cost=0.43..10.38 rows=97 width=4)
	  Index Cond: ((id >= 3337203) AND (id <= 3337303))

table 2 : explain SELECT id FROM sbtest2 WHERE id BETWEEN 3337203 AND 3337303
	Index Only Scan using sbtest2_pkey on sbtest2  (cost=0.43..10.13 rows=85 width=4)
	  Index Cond: ((id >= 3337203) AND (id <= 3337303))

table 3 : explain SELECT id FROM sbtest3 WHERE id BETWEEN 3337203 AND 3337303
	Index Only Scan using sbtest3_pkey on sbtest3  (cost=0.43..10.60 rows=108 width=4)
	  Index Cond: ((id >= 3337203) AND (id <= 3337303))

table 4 : explain SELECT id FROM sbtest4 WHERE id BETWEEN 3337203 AND 3337303
	Index Only Scan using sbtest4_pkey on sbtest4  (cost=0.43..10.33 rows=95 width=4)
	  Index Cond: ((id >= 3337203) AND (id <= 3337303))

table 5 : explain SELECT id FROM sbtest5 WHERE id BETWEEN 3337203 AND 3337303
	Index Only Scan using sbtest5_pkey on sbtest5  (cost=0.43..10.58 rows=107 width=4)
	  Index Cond: ((id >= 3337203) AND (id <= 3337303))

table 6 : explain SELECT id FROM sbtest6 WHERE id BETWEEN 3337203 AND 3337303
	Index Only Scan using sbtest6_pkey on sbtest6  (cost=0.43..10.38 rows=97 width=4)
	  Index Cond: ((id >= 3337203) AND (id <= 3337303))

table 7 : explain SELECT id FROM sbtest7 WHERE id BETWEEN 3337203 AND 3337303
	Index Only Scan using sbtest7_pkey on sbtest7  (cost=0.43..10.42 rows=99 width=4)
	  Index Cond: ((id >= 3337203) AND (id <= 3337303))

table 8 : explain SELECT id FROM sbtest8 WHERE id BETWEEN 3337203 AND 3337303
	Index Only Scan using sbtest8_pkey on sbtest8  (cost=0.43..10.42 rows=99 width=4)
	  Index Cond: ((id >= 3337203) AND (id <= 3337303))

explain: for range-covered :: explain SELECT id FROM sbtest%d WHERE id BETWEEN 3337203 AND 3337303
explain: for range-covered :: explain SELECT id FROM sbtest%d WHERE id BETWEEN 7285462 AND 7285562
for range-covered
table 1 : explain SELECT id FROM sbtest1 WHERE id BETWEEN 4543549 AND 4543649
	Index Only Scan using sbtest1_pkey on sbtest1  (cost=0.43..10.33 rows=95 width=4)
	  Index Cond: ((id >= 4543549) AND (id <= 4543649))

table 2 : explain SELECT id FROM sbtest2 WHERE id BETWEEN 4543549 AND 4543649
	Index Only Scan using sbtest2_pkey on sbtest2  (cost=0.43..10.47 rows=102 width=4)
	  Index Cond: ((id >= 4543549) AND (id <= 4543649))

table 3 : explain SELECT id FROM sbtest3 WHERE id BETWEEN 4543549 AND 4543649
	Index Only Scan using sbtest3_pkey on sbtest3  (cost=0.43..10.40 rows=98 width=4)
	  Index Cond: ((id >= 4543549) AND (id <= 4543649))

table 4 : explain SELECT id FROM sbtest4 WHERE id BETWEEN 4543549 AND 4543649
	Index Only Scan using sbtest4_pkey on sbtest4  (cost=0.43..10.50 rows=103 width=4)
	  Index Cond: ((id >= 4543549) AND (id <= 4543649))

table 5 : explain SELECT id FROM sbtest5 WHERE id BETWEEN 4543549 AND 4543649
	Index Only Scan using sbtest5_pkey on sbtest5  (cost=0.43..10.50 rows=103 width=4)
	  Index Cond: ((id >= 4543549) AND (id <= 4543649))

table 6 : explain SELECT id FROM sbtest6 WHERE id BETWEEN 4543549 AND 4543649
	Index Only Scan using sbtest6_pkey on sbtest6  (cost=0.43..10.40 rows=98 width=4)
	  Index Cond: ((id >= 4543549) AND (id <= 4543649))

table 7 : explain SELECT id FROM sbtest7 WHERE id BETWEEN 4543549 AND 4543649
	Index Only Scan using sbtest7_pkey on sbtest7  (cost=0.43..10.42 rows=99 width=4)
	  Index Cond: ((id >= 4543549) AND (id <= 4543649))

table 8 : explain SELECT id FROM sbtest8 WHERE id BETWEEN 4543549 AND 4543649
	Index Only Scan using sbtest8_pkey on sbtest8  (cost=0.43..10.56 rows=106 width=4)
	  Index Cond: ((id >= 4543549) AND (id <= 4543649))

for range-covered
table 1 : explain SELECT id FROM sbtest1 WHERE id BETWEEN 5875678 AND 5875778
	Index Only Scan using sbtest1_pkey on sbtest1  (cost=0.43..10.46 rows=101 width=4)
	  Index Cond: ((id >= 5875678) AND (id <= 5875778))

table 2 : explain SELECT id FROM sbtest2 WHERE id BETWEEN 5875678 AND 5875778
	Index Only Scan using sbtest2_pkey on sbtest2  (cost=0.43..10.50 rows=103 width=4)
	  Index Cond: ((id >= 5875678) AND (id <= 5875778))

table 3 : explain SELECT id FROM sbtest3 WHERE id BETWEEN 5875678 AND 5875778
	Index Only Scan using sbtest3_pkey on sbtest3  (cost=0.43..10.62 rows=109 width=4)
	  Index Cond: ((id >= 5875678) AND (id <= 5875778))

table 4 : explain SELECT id FROM sbtest4 WHERE id BETWEEN 5875678 AND 5875778
	Index Only Scan using sbtest4_pkey on sbtest4  (cost=0.43..10.46 rows=101 width=4)
	  Index Cond: ((id >= 5875678) AND (id <= 5875778))

table 5 : explain SELECT id FROM sbtest5 WHERE id BETWEEN 5875678 AND 5875778
	Index Only Scan using sbtest5_pkey on sbtest5  (cost=0.43..10.47 rows=102 width=4)
	  Index Cond: ((id >= 5875678) AND (id <= 5875778))

table 6 : explain SELECT id FROM sbtest6 WHERE id BETWEEN 5875678 AND 5875778
	Index Only Scan using sbtest6_pkey on sbtest6  (cost=0.43..10.24 rows=90 width=4)
	  Index Cond: ((id >= 5875678) AND (id <= 5875778))

table 7 : explain SELECT id FROM sbtest7 WHERE id BETWEEN 5875678 AND 5875778
	Index Only Scan using sbtest7_pkey on sbtest7  (cost=0.43..10.62 rows=109 width=4)
	  Index Cond: ((id >= 5875678) AND (id <= 5875778))

table 8 : explain SELECT id FROM sbtest8 WHERE id BETWEEN 5875678 AND 5875778
	Index Only Scan using sbtest8_pkey on sbtest8  (cost=0.43..10.42 rows=99 width=4)
	  Index Cond: ((id >= 5875678) AND (id <= 5875778))

explain: for range-covered :: explain SELECT id FROM sbtest%d WHERE id BETWEEN 4543549 AND 4543649
explain: for range-covered :: explain SELECT id FROM sbtest%d WHERE id BETWEEN 5875678 AND 5875778
explain: for range-covered :: explain SELECT id FROM sbtest%d WHERE id BETWEEN 3007038 AND 3007138
for range-covered
table 1 : explain SELECT id FROM sbtest1 WHERE id BETWEEN 5875678 AND 5875778
	Index Only Scan using sbtest1_pkey on sbtest1  (cost=0.43..10.46 rows=101 width=4)
	  Index Cond: ((id >= 5875678) AND (id <= 5875778))

table 2 : explain SELECT id FROM sbtest2 WHERE id BETWEEN 5875678 AND 5875778
	Index Only Scan using sbtest2_pkey on sbtest2  (cost=0.43..10.50 rows=103 width=4)
	  Index Cond: ((id >= 5875678) AND (id <= 5875778))

table 3 : explain SELECT id FROM sbtest3 WHERE id BETWEEN 5875678 AND 5875778
	Index Only Scan using sbtest3_pkey on sbtest3  (cost=0.43..10.62 rows=109 width=4)
	  Index Cond: ((id >= 5875678) AND (id <= 5875778))

table 4 : explain SELECT id FROM sbtest4 WHERE id BETWEEN 5875678 AND 5875778
	Index Only Scan using sbtest4_pkey on sbtest4  (cost=0.43..10.46 rows=101 width=4)
	  Index Cond: ((id >= 5875678) AND (id <= 5875778))

table 5 : explain SELECT id FROM sbtest5 WHERE id BETWEEN 5875678 AND 5875778
	Index Only Scan using sbtest5_pkey on sbtest5  (cost=0.43..10.47 rows=102 width=4)
	  Index Cond: ((id >= 5875678) AND (id <= 5875778))

table 6 : explain SELECT id FROM sbtest6 WHERE id BETWEEN 5875678 AND 5875778
	Index Only Scan using sbtest6_pkey on sbtest6  (cost=0.43..10.24 rows=90 width=4)
	  Index Cond: ((id >= 5875678) AND (id <= 5875778))

table 7 : explain SELECT id FROM sbtest7 WHERE id BETWEEN 5875678 AND 5875778
	Index Only Scan using sbtest7_pkey on sbtest7  (cost=0.43..10.62 rows=109 width=4)
	  Index Cond: ((id >= 5875678) AND (id <= 5875778))

table 8 : explain SELECT id FROM sbtest8 WHERE id BETWEEN 5875678 AND 5875778
	Index Only Scan using sbtest8_pkey on sbtest8  (cost=0.43..10.42 rows=99 width=4)
	  Index Cond: ((id >= 5875678) AND (id <= 5875778))

explain: for range-covered :: explain SELECT id FROM sbtest%d WHERE id BETWEEN 5875678 AND 5875778
for range-covered
table 1 : explain SELECT id FROM sbtest1 WHERE id BETWEEN 4543549 AND 4543649
	Index Only Scan using sbtest1_pkey on sbtest1  (cost=0.43..10.33 rows=95 width=4)
	  Index Cond: ((id >= 4543549) AND (id <= 4543649))

table 2 : explain SELECT id FROM sbtest2 WHERE id BETWEEN 4543549 AND 4543649
	Index Only Scan using sbtest2_pkey on sbtest2  (cost=0.43..10.47 rows=102 width=4)
	  Index Cond: ((id >= 4543549) AND (id <= 4543649))

table 3 : explain SELECT id FROM sbtest3 WHERE id BETWEEN 4543549 AND 4543649
	Index Only Scan using sbtest3_pkey on sbtest3  (cost=0.43..10.40 rows=98 width=4)
	  Index Cond: ((id >= 4543549) AND (id <= 4543649))

table 4 : explain SELECT id FROM sbtest4 WHERE id BETWEEN 4543549 AND 4543649
	Index Only Scan using sbtest4_pkey on sbtest4  (cost=0.43..10.50 rows=103 width=4)
	  Index Cond: ((id >= 4543549) AND (id <= 4543649))

table 5 : explain SELECT id FROM sbtest5 WHERE id BETWEEN 4543549 AND 4543649
	Index Only Scan using sbtest5_pkey on sbtest5  (cost=0.43..10.50 rows=103 width=4)
	  Index Cond: ((id >= 4543549) AND (id <= 4543649))

table 6 : explain SELECT id FROM sbtest6 WHERE id BETWEEN 4543549 AND 4543649
	Index Only Scan using sbtest6_pkey on sbtest6  (cost=0.43..10.40 rows=98 width=4)
	  Index Cond: ((id >= 4543549) AND (id <= 4543649))

table 7 : explain SELECT id FROM sbtest7 WHERE id BETWEEN 4543549 AND 4543649
	Index Only Scan using sbtest7_pkey on sbtest7  (cost=0.43..10.42 rows=99 width=4)
	  Index Cond: ((id >= 4543549) AND (id <= 4543649))

table 8 : explain SELECT id FROM sbtest8 WHERE id BETWEEN 4543549 AND 4543649
	Index Only Scan using sbtest8_pkey on sbtest8  (cost=0.43..10.56 rows=106 width=4)
	  Index Cond: ((id >= 4543549) AND (id <= 4543649))

explain: for range-covered :: explain SELECT id FROM sbtest%d WHERE id BETWEEN 4543549 AND 4543649
explain: for range-covered :: explain SELECT id FROM sbtest%d WHERE id BETWEEN 2427499 AND 2427599
for range-covered
table 1 : explain SELECT id FROM sbtest1 WHERE id BETWEEN 5875678 AND 5875778
	Index Only Scan using sbtest1_pkey on sbtest1  (cost=0.43..10.46 rows=101 width=4)
	  Index Cond: ((id >= 5875678) AND (id <= 5875778))

table 2 : explain SELECT id FROM sbtest2 WHERE id BETWEEN 5875678 AND 5875778
	Index Only Scan using sbtest2_pkey on sbtest2  (cost=0.43..10.50 rows=103 width=4)
	  Index Cond: ((id >= 5875678) AND (id <= 5875778))

table 3 : explain SELECT id FROM sbtest3 WHERE id BETWEEN 5875678 AND 5875778
	Index Only Scan using sbtest3_pkey on sbtest3  (cost=0.43..10.62 rows=109 width=4)
	  Index Cond: ((id >= 5875678) AND (id <= 5875778))

table 4 : explain SELECT id FROM sbtest4 WHERE id BETWEEN 5875678 AND 5875778
	Index Only Scan using sbtest4_pkey on sbtest4  (cost=0.43..10.46 rows=101 width=4)
	  Index Cond: ((id >= 5875678) AND (id <= 5875778))

table 5 : explain SELECT id FROM sbtest5 WHERE id BETWEEN 5875678 AND 5875778
	Index Only Scan using sbtest5_pkey on sbtest5  (cost=0.43..10.47 rows=102 width=4)
	  Index Cond: ((id >= 5875678) AND (id <= 5875778))

table 6 : explain SELECT id FROM sbtest6 WHERE id BETWEEN 5875678 AND 5875778
	Index Only Scan using sbtest6_pkey on sbtest6  (cost=0.43..10.24 rows=90 width=4)
	  Index Cond: ((id >= 5875678) AND (id <= 5875778))

table 7 : explain SELECT id FROM sbtest7 WHERE id BETWEEN 5875678 AND 5875778
	Index Only Scan using sbtest7_pkey on sbtest7  (cost=0.43..10.62 rows=109 width=4)
	  Index Cond: ((id >= 5875678) AND (id <= 5875778))

table 8 : explain SELECT id FROM sbtest8 WHERE id BETWEEN 5875678 AND 5875778
	Index Only Scan using sbtest8_pkey on sbtest8  (cost=0.43..10.42 rows=99 width=4)
	  Index Cond: ((id >= 5875678) AND (id <= 5875778))

explain: for range-covered :: explain SELECT id FROM sbtest%d WHERE id BETWEEN 5875678 AND 5875778
for range-covered
table 1 : explain SELECT id FROM sbtest1 WHERE id BETWEEN 4543549 AND 4543649
	Index Only Scan using sbtest1_pkey on sbtest1  (cost=0.43..10.33 rows=95 width=4)
	  Index Cond: ((id >= 4543549) AND (id <= 4543649))

table 2 : explain SELECT id FROM sbtest2 WHERE id BETWEEN 4543549 AND 4543649
	Index Only Scan using sbtest2_pkey on sbtest2  (cost=0.43..10.47 rows=102 width=4)
	  Index Cond: ((id >= 4543549) AND (id <= 4543649))

table 3 : explain SELECT id FROM sbtest3 WHERE id BETWEEN 4543549 AND 4543649
	Index Only Scan using sbtest3_pkey on sbtest3  (cost=0.43..10.40 rows=98 width=4)
	  Index Cond: ((id >= 4543549) AND (id <= 4543649))

table 4 : explain SELECT id FROM sbtest4 WHERE id BETWEEN 4543549 AND 4543649
	Index Only Scan using sbtest4_pkey on sbtest4  (cost=0.43..10.50 rows=103 width=4)
	  Index Cond: ((id >= 4543549) AND (id <= 4543649))

table 5 : explain SELECT id FROM sbtest5 WHERE id BETWEEN 4543549 AND 4543649
	Index Only Scan using sbtest5_pkey on sbtest5  (cost=0.43..10.50 rows=103 width=4)
	  Index Cond: ((id >= 4543549) AND (id <= 4543649))

table 6 : explain SELECT id FROM sbtest6 WHERE id BETWEEN 4543549 AND 4543649
	Index Only Scan using sbtest6_pkey on sbtest6  (cost=0.43..10.40 rows=98 width=4)
	  Index Cond: ((id >= 4543549) AND (id <= 4543649))

table 7 : explain SELECT id FROM sbtest7 WHERE id BETWEEN 4543549 AND 4543649
	Index Only Scan using sbtest7_pkey on sbtest7  (cost=0.43..10.42 rows=99 width=4)
	  Index Cond: ((id >= 4543549) AND (id <= 4543649))

table 8 : explain SELECT id FROM sbtest8 WHERE id BETWEEN 4543549 AND 4543649
	Index Only Scan using sbtest8_pkey on sbtest8  (cost=0.43..10.56 rows=106 width=4)
	  Index Cond: ((id >= 4543549) AND (id <= 4543649))

explain: for range-covered :: explain SELECT id FROM sbtest%d WHERE id BETWEEN 4543549 AND 4543649
for range-covered
table 1 : explain SELECT id FROM sbtest1 WHERE id BETWEEN 5875678 AND 5875778
	Index Only Scan using sbtest1_pkey on sbtest1  (cost=0.43..10.46 rows=101 width=4)
	  Index Cond: ((id >= 5875678) AND (id <= 5875778))

table 2 : explain SELECT id FROM sbtest2 WHERE id BETWEEN 5875678 AND 5875778
	Index Only Scan using sbtest2_pkey on sbtest2  (cost=0.43..10.50 rows=103 width=4)
	  Index Cond: ((id >= 5875678) AND (id <= 5875778))

table 3 : explain SELECT id FROM sbtest3 WHERE id BETWEEN 5875678 AND 5875778
	Index Only Scan using sbtest3_pkey on sbtest3  (cost=0.43..10.62 rows=109 width=4)
	  Index Cond: ((id >= 5875678) AND (id <= 5875778))

table 4 : explain SELECT id FROM sbtest4 WHERE id BETWEEN 5875678 AND 5875778
	Index Only Scan using sbtest4_pkey on sbtest4  (cost=0.43..10.46 rows=101 width=4)
	  Index Cond: ((id >= 5875678) AND (id <= 5875778))

table 5 : explain SELECT id FROM sbtest5 WHERE id BETWEEN 5875678 AND 5875778
	Index Only Scan using sbtest5_pkey on sbtest5  (cost=0.43..10.47 rows=102 width=4)
	  Index Cond: ((id >= 5875678) AND (id <= 5875778))

table 6 : explain SELECT id FROM sbtest6 WHERE id BETWEEN 5875678 AND 5875778
	Index Only Scan using sbtest6_pkey on sbtest6  (cost=0.43..10.24 rows=90 width=4)
	  Index Cond: ((id >= 5875678) AND (id <= 5875778))

table 7 : explain SELECT id FROM sbtest7 WHERE id BETWEEN 5875678 AND 5875778
	Index Only Scan using sbtest7_pkey on sbtest7  (cost=0.43..10.62 rows=109 width=4)
	  Index Cond: ((id >= 5875678) AND (id <= 5875778))

table 8 : explain SELECT id FROM sbtest8 WHERE id BETWEEN 5875678 AND 5875778
	Index Only Scan using sbtest8_pkey on sbtest8  (cost=0.43..10.42 rows=99 width=4)
	  Index Cond: ((id >= 5875678) AND (id <= 5875778))

explain: for range-covered :: explain SELECT id FROM sbtest%d WHERE id BETWEEN 5875678 AND 5875778
for range-covered
table 1 : explain SELECT id FROM sbtest1 WHERE id BETWEEN 4543549 AND 4543649
	Index Only Scan using sbtest1_pkey on sbtest1  (cost=0.43..10.33 rows=95 width=4)
	  Index Cond: ((id >= 4543549) AND (id <= 4543649))

table 2 : explain SELECT id FROM sbtest2 WHERE id BETWEEN 4543549 AND 4543649
	Index Only Scan using sbtest2_pkey on sbtest2  (cost=0.43..10.47 rows=102 width=4)
	  Index Cond: ((id >= 4543549) AND (id <= 4543649))

table 3 : explain SELECT id FROM sbtest3 WHERE id BETWEEN 4543549 AND 4543649
	Index Only Scan using sbtest3_pkey on sbtest3  (cost=0.43..10.40 rows=98 width=4)
	  Index Cond: ((id >= 4543549) AND (id <= 4543649))

table 4 : explain SELECT id FROM sbtest4 WHERE id BETWEEN 4543549 AND 4543649
	Index Only Scan using sbtest4_pkey on sbtest4  (cost=0.43..10.50 rows=103 width=4)
	  Index Cond: ((id >= 4543549) AND (id <= 4543649))

table 5 : explain SELECT id FROM sbtest5 WHERE id BETWEEN 4543549 AND 4543649
	Index Only Scan using sbtest5_pkey on sbtest5  (cost=0.43..10.50 rows=103 width=4)
	  Index Cond: ((id >= 4543549) AND (id <= 4543649))

table 6 : explain SELECT id FROM sbtest6 WHERE id BETWEEN 4543549 AND 4543649
	Index Only Scan using sbtest6_pkey on sbtest6  (cost=0.43..10.40 rows=98 width=4)
	  Index Cond: ((id >= 4543549) AND (id <= 4543649))

table 7 : explain SELECT id FROM sbtest7 WHERE id BETWEEN 4543549 AND 4543649
	Index Only Scan using sbtest7_pkey on sbtest7  (cost=0.43..10.42 rows=99 width=4)
	  Index Cond: ((id >= 4543549) AND (id <= 4543649))

table 8 : explain SELECT id FROM sbtest8 WHERE id BETWEEN 4543549 AND 4543649
	Index Only Scan using sbtest8_pkey on sbtest8  (cost=0.43..10.56 rows=106 width=4)
	  Index Cond: ((id >= 4543549) AND (id <= 4543649))

explain: for range-covered :: explain SELECT id FROM sbtest%d WHERE id BETWEEN 4543549 AND 4543649
explain: for range-covered :: explain SELECT id FROM sbtest%d WHERE id BETWEEN 4460848 AND 4460948
for range-covered
table 1 : explain SELECT id FROM sbtest1 WHERE id BETWEEN 5875678 AND 5875778
	Index Only Scan using sbtest1_pkey on sbtest1  (cost=0.43..10.46 rows=101 width=4)
	  Index Cond: ((id >= 5875678) AND (id <= 5875778))

table 2 : explain SELECT id FROM sbtest2 WHERE id BETWEEN 5875678 AND 5875778
	Index Only Scan using sbtest2_pkey on sbtest2  (cost=0.43..10.50 rows=103 width=4)
	  Index Cond: ((id >= 5875678) AND (id <= 5875778))

table 3 : explain SELECT id FROM sbtest3 WHERE id BETWEEN 5875678 AND 5875778
	Index Only Scan using sbtest3_pkey on sbtest3  (cost=0.43..10.62 rows=109 width=4)
	  Index Cond: ((id >= 5875678) AND (id <= 5875778))

table 4 : explain SELECT id FROM sbtest4 WHERE id BETWEEN 5875678 AND 5875778
	Index Only Scan using sbtest4_pkey on sbtest4  (cost=0.43..10.46 rows=101 width=4)
	  Index Cond: ((id >= 5875678) AND (id <= 5875778))

table 5 : explain SELECT id FROM sbtest5 WHERE id BETWEEN 5875678 AND 5875778
	Index Only Scan using sbtest5_pkey on sbtest5  (cost=0.43..10.47 rows=102 width=4)
	  Index Cond: ((id >= 5875678) AND (id <= 5875778))

table 6 : explain SELECT id FROM sbtest6 WHERE id BETWEEN 5875678 AND 5875778
	Index Only Scan using sbtest6_pkey on sbtest6  (cost=0.43..10.24 rows=90 width=4)
	  Index Cond: ((id >= 5875678) AND (id <= 5875778))

table 7 : explain SELECT id FROM sbtest7 WHERE id BETWEEN 5875678 AND 5875778
	Index Only Scan using sbtest7_pkey on sbtest7  (cost=0.43..10.62 rows=109 width=4)
	  Index Cond: ((id >= 5875678) AND (id <= 5875778))

table 8 : explain SELECT id FROM sbtest8 WHERE id BETWEEN 5875678 AND 5875778
	Index Only Scan using sbtest8_pkey on sbtest8  (cost=0.43..10.42 rows=99 width=4)
	  Index Cond: ((id >= 5875678) AND (id <= 5875778))

explain: for range-covered :: explain SELECT id FROM sbtest%d WHERE id BETWEEN 5875678 AND 5875778
for range-covered
table 1 : explain SELECT id FROM sbtest1 WHERE id BETWEEN 4543549 AND 4543649
	Index Only Scan using sbtest1_pkey on sbtest1  (cost=0.43..10.33 rows=95 width=4)
	  Index Cond: ((id >= 4543549) AND (id <= 4543649))

table 2 : explain SELECT id FROM sbtest2 WHERE id BETWEEN 4543549 AND 4543649
	Index Only Scan using sbtest2_pkey on sbtest2  (cost=0.43..10.47 rows=102 width=4)
	  Index Cond: ((id >= 4543549) AND (id <= 4543649))

table 3 : explain SELECT id FROM sbtest3 WHERE id BETWEEN 4543549 AND 4543649
	Index Only Scan using sbtest3_pkey on sbtest3  (cost=0.43..10.40 rows=98 width=4)
	  Index Cond: ((id >= 4543549) AND (id <= 4543649))

table 4 : explain SELECT id FROM sbtest4 WHERE id BETWEEN 4543549 AND 4543649
	Index Only Scan using sbtest4_pkey on sbtest4  (cost=0.43..10.50 rows=103 width=4)
	  Index Cond: ((id >= 4543549) AND (id <= 4543649))

table 5 : explain SELECT id FROM sbtest5 WHERE id BETWEEN 4543549 AND 4543649
	Index Only Scan using sbtest5_pkey on sbtest5  (cost=0.43..10.50 rows=103 width=4)
	  Index Cond: ((id >= 4543549) AND (id <= 4543649))

table 6 : explain SELECT id FROM sbtest6 WHERE id BETWEEN 4543549 AND 4543649
	Index Only Scan using sbtest6_pkey on sbtest6  (cost=0.43..10.40 rows=98 width=4)
	  Index Cond: ((id >= 4543549) AND (id <= 4543649))

table 7 : explain SELECT id FROM sbtest7 WHERE id BETWEEN 4543549 AND 4543649
	Index Only Scan using sbtest7_pkey on sbtest7  (cost=0.43..10.42 rows=99 width=4)
	  Index Cond: ((id >= 4543549) AND (id <= 4543649))

table 8 : explain SELECT id FROM sbtest8 WHERE id BETWEEN 4543549 AND 4543649
	Index Only Scan using sbtest8_pkey on sbtest8  (cost=0.43..10.56 rows=106 width=4)
	  Index Cond: ((id >= 4543549) AND (id <= 4543649))

explain: for range-covered :: explain SELECT id FROM sbtest%d WHERE id BETWEEN 4543549 AND 4543649
explain: for range-covered :: explain SELECT id FROM sbtest%d WHERE id BETWEEN 5033742 AND 5033842
for range-covered
table 1 : explain SELECT id FROM sbtest1 WHERE id BETWEEN 5875678 AND 5875778
	Index Only Scan using sbtest1_pkey on sbtest1  (cost=0.43..10.46 rows=101 width=4)
	  Index Cond: ((id >= 5875678) AND (id <= 5875778))

table 2 : explain SELECT id FROM sbtest2 WHERE id BETWEEN 5875678 AND 5875778
	Index Only Scan using sbtest2_pkey on sbtest2  (cost=0.43..10.50 rows=103 width=4)
	  Index Cond: ((id >= 5875678) AND (id <= 5875778))

table 3 : explain SELECT id FROM sbtest3 WHERE id BETWEEN 5875678 AND 5875778
	Index Only Scan using sbtest3_pkey on sbtest3  (cost=0.43..10.62 rows=109 width=4)
	  Index Cond: ((id >= 5875678) AND (id <= 5875778))

table 4 : explain SELECT id FROM sbtest4 WHERE id BETWEEN 5875678 AND 5875778
	Index Only Scan using sbtest4_pkey on sbtest4  (cost=0.43..10.46 rows=101 width=4)
	  Index Cond: ((id >= 5875678) AND (id <= 5875778))

table 5 : explain SELECT id FROM sbtest5 WHERE id BETWEEN 5875678 AND 5875778
	Index Only Scan using sbtest5_pkey on sbtest5  (cost=0.43..10.47 rows=102 width=4)
	  Index Cond: ((id >= 5875678) AND (id <= 5875778))

table 6 : explain SELECT id FROM sbtest6 WHERE id BETWEEN 5875678 AND 5875778
	Index Only Scan using sbtest6_pkey on sbtest6  (cost=0.43..10.24 rows=90 width=4)
	  Index Cond: ((id >= 5875678) AND (id <= 5875778))

table 7 : explain SELECT id FROM sbtest7 WHERE id BETWEEN 5875678 AND 5875778
	Index Only Scan using sbtest7_pkey on sbtest7  (cost=0.43..10.62 rows=109 width=4)
	  Index Cond: ((id >= 5875678) AND (id <= 5875778))

table 8 : explain SELECT id FROM sbtest8 WHERE id BETWEEN 5875678 AND 5875778
	Index Only Scan using sbtest8_pkey on sbtest8  (cost=0.43..10.42 rows=99 width=4)
	  Index Cond: ((id >= 5875678) AND (id <= 5875778))

explain: for range-covered :: explain SELECT id FROM sbtest%d WHERE id BETWEEN 5875678 AND 5875778
for range-covered
table 1 : explain SELECT id FROM sbtest1 WHERE id BETWEEN 4543549 AND 4543649
	Index Only Scan using sbtest1_pkey on sbtest1  (cost=0.43..10.33 rows=95 width=4)
	  Index Cond: ((id >= 4543549) AND (id <= 4543649))

table 2 : explain SELECT id FROM sbtest2 WHERE id BETWEEN 4543549 AND 4543649
	Index Only Scan using sbtest2_pkey on sbtest2  (cost=0.43..10.47 rows=102 width=4)
	  Index Cond: ((id >= 4543549) AND (id <= 4543649))

table 3 : explain SELECT id FROM sbtest3 WHERE id BETWEEN 4543549 AND 4543649
	Index Only Scan using sbtest3_pkey on sbtest3  (cost=0.43..10.40 rows=98 width=4)
	  Index Cond: ((id >= 4543549) AND (id <= 4543649))

table 4 : explain SELECT id FROM sbtest4 WHERE id BETWEEN 4543549 AND 4543649
	Index Only Scan using sbtest4_pkey on sbtest4  (cost=0.43..10.50 rows=103 width=4)
	  Index Cond: ((id >= 4543549) AND (id <= 4543649))

table 5 : explain SELECT id FROM sbtest5 WHERE id BETWEEN 4543549 AND 4543649
	Index Only Scan using sbtest5_pkey on sbtest5  (cost=0.43..10.50 rows=103 width=4)
	  Index Cond: ((id >= 4543549) AND (id <= 4543649))

table 6 : explain SELECT id FROM sbtest6 WHERE id BETWEEN 4543549 AND 4543649
	Index Only Scan using sbtest6_pkey on sbtest6  (cost=0.43..10.40 rows=98 width=4)
	  Index Cond: ((id >= 4543549) AND (id <= 4543649))

table 7 : explain SELECT id FROM sbtest7 WHERE id BETWEEN 4543549 AND 4543649
	Index Only Scan using sbtest7_pkey on sbtest7  (cost=0.43..10.42 rows=99 width=4)
	  Index Cond: ((id >= 4543549) AND (id <= 4543649))

table 8 : explain SELECT id FROM sbtest8 WHERE id BETWEEN 4543549 AND 4543649
	Index Only Scan using sbtest8_pkey on sbtest8  (cost=0.43..10.56 rows=106 width=4)
	  Index Cond: ((id >= 4543549) AND (id <= 4543649))

for range-covered
table 1 : explain SELECT id FROM sbtest1 WHERE id BETWEEN 7285462 AND 7285562
	Index Only Scan using sbtest1_pkey on sbtest1  (cost=0.43..10.42 rows=99 width=4)
	  Index Cond: ((id >= 7285462) AND (id <= 7285562))

table 2 : explain SELECT id FROM sbtest2 WHERE id BETWEEN 7285462 AND 7285562
	Index Only Scan using sbtest2_pkey on sbtest2  (cost=0.43..10.68 rows=112 width=4)
	  Index Cond: ((id >= 7285462) AND (id <= 7285562))

table 3 : explain SELECT id FROM sbtest3 WHERE id BETWEEN 7285462 AND 7285562
	Index Only Scan using sbtest3_pkey on sbtest3  (cost=0.43..10.46 rows=101 width=4)
	  Index Cond: ((id >= 7285462) AND (id <= 7285562))

table 4 : explain SELECT id FROM sbtest4 WHERE id BETWEEN 7285462 AND 7285562
	Index Only Scan using sbtest4_pkey on sbtest4  (cost=0.43..10.33 rows=95 width=4)
	  Index Cond: ((id >= 7285462) AND (id <= 7285562))

table 5 : explain SELECT id FROM sbtest5 WHERE id BETWEEN 7285462 AND 7285562
	Index Only Scan using sbtest5_pkey on sbtest5  (cost=0.43..10.70 rows=113 width=4)
	  Index Cond: ((id >= 7285462) AND (id <= 7285562))

table 6 : explain SELECT id FROM sbtest6 WHERE id BETWEEN 7285462 AND 7285562
	Index Only Scan using sbtest6_pkey on sbtest6  (cost=0.43..10.46 rows=101 width=4)
	  Index Cond: ((id >= 7285462) AND (id <= 7285562))

table 7 : explain SELECT id FROM sbtest7 WHERE id BETWEEN 7285462 AND 7285562
	Index Only Scan using sbtest7_pkey on sbtest7  (cost=0.43..10.33 rows=95 width=4)
	  Index Cond: ((id >= 7285462) AND (id <= 7285562))

table 8 : explain SELECT id FROM sbtest8 WHERE id BETWEEN 7285462 AND 7285562
	Index Only Scan using sbtest8_pkey on sbtest8  (cost=0.43..10.50 rows=103 width=4)
	  Index Cond: ((id >= 7285462) AND (id <= 7285562))

explain: for range-covered :: explain SELECT id FROM sbtest%d WHERE id BETWEEN 7285462 AND 7285562
explain: for range-covered :: explain SELECT id FROM sbtest%d WHERE id BETWEEN 4543549 AND 4543649
for range-covered
table 1 : explain SELECT id FROM sbtest1 WHERE id BETWEEN 3337203 AND 3337303
	Index Only Scan using sbtest1_pkey on sbtest1  (cost=0.43..10.38 rows=97 width=4)
	  Index Cond: ((id >= 3337203) AND (id <= 3337303))

table 2 : explain SELECT id FROM sbtest2 WHERE id BETWEEN 3337203 AND 3337303
	Index Only Scan using sbtest2_pkey on sbtest2  (cost=0.43..10.13 rows=85 width=4)
	  Index Cond: ((id >= 3337203) AND (id <= 3337303))

table 3 : explain SELECT id FROM sbtest3 WHERE id BETWEEN 3337203 AND 3337303
	Index Only Scan using sbtest3_pkey on sbtest3  (cost=0.43..10.60 rows=108 width=4)
	  Index Cond: ((id >= 3337203) AND (id <= 3337303))

table 4 : explain SELECT id FROM sbtest4 WHERE id BETWEEN 3337203 AND 3337303
	Index Only Scan using sbtest4_pkey on sbtest4  (cost=0.43..10.33 rows=95 width=4)
	  Index Cond: ((id >= 3337203) AND (id <= 3337303))

table 5 : explain SELECT id FROM sbtest5 WHERE id BETWEEN 3337203 AND 3337303
	Index Only Scan using sbtest5_pkey on sbtest5  (cost=0.43..10.58 rows=107 width=4)
	  Index Cond: ((id >= 3337203) AND (id <= 3337303))

table 6 : explain SELECT id FROM sbtest6 WHERE id BETWEEN 3337203 AND 3337303
	Index Only Scan using sbtest6_pkey on sbtest6  (cost=0.43..10.38 rows=97 width=4)
	  Index Cond: ((id >= 3337203) AND (id <= 3337303))

table 7 : explain SELECT id FROM sbtest7 WHERE id BETWEEN 3337203 AND 3337303
	Index Only Scan using sbtest7_pkey on sbtest7  (cost=0.43..10.42 rows=99 width=4)
	  Index Cond: ((id >= 3337203) AND (id <= 3337303))

table 8 : explain SELECT id FROM sbtest8 WHERE id BETWEEN 3337203 AND 3337303
	Index Only Scan using sbtest8_pkey on sbtest8  (cost=0.43..10.42 rows=99 width=4)
	  Index Cond: ((id >= 3337203) AND (id <= 3337303))

for range-covered
table 1 : explain SELECT id FROM sbtest1 WHERE id BETWEEN 7285462 AND 7285562
	Index Only Scan using sbtest1_pkey on sbtest1  (cost=0.43..10.42 rows=99 width=4)
	  Index Cond: ((id >= 7285462) AND (id <= 7285562))

table 2 : explain SELECT id FROM sbtest2 WHERE id BETWEEN 7285462 AND 7285562
	Index Only Scan using sbtest2_pkey on sbtest2  (cost=0.43..10.68 rows=112 width=4)
	  Index Cond: ((id >= 7285462) AND (id <= 7285562))

table 3 : explain SELECT id FROM sbtest3 WHERE id BETWEEN 7285462 AND 7285562
	Index Only Scan using sbtest3_pkey on sbtest3  (cost=0.43..10.46 rows=101 width=4)
	  Index Cond: ((id >= 7285462) AND (id <= 7285562))

table 4 : explain SELECT id FROM sbtest4 WHERE id BETWEEN 7285462 AND 7285562
	Index Only Scan using sbtest4_pkey on sbtest4  (cost=0.43..10.33 rows=95 width=4)
	  Index Cond: ((id >= 7285462) AND (id <= 7285562))

table 5 : explain SELECT id FROM sbtest5 WHERE id BETWEEN 7285462 AND 7285562
	Index Only Scan using sbtest5_pkey on sbtest5  (cost=0.43..10.70 rows=113 width=4)
	  Index Cond: ((id >= 7285462) AND (id <= 7285562))

table 6 : explain SELECT id FROM sbtest6 WHERE id BETWEEN 7285462 AND 7285562
	Index Only Scan using sbtest6_pkey on sbtest6  (cost=0.43..10.46 rows=101 width=4)
	  Index Cond: ((id >= 7285462) AND (id <= 7285562))

table 7 : explain SELECT id FROM sbtest7 WHERE id BETWEEN 7285462 AND 7285562
	Index Only Scan using sbtest7_pkey on sbtest7  (cost=0.43..10.33 rows=95 width=4)
	  Index Cond: ((id >= 7285462) AND (id <= 7285562))

table 8 : explain SELECT id FROM sbtest8 WHERE id BETWEEN 7285462 AND 7285562
	Index Only Scan using sbtest8_pkey on sbtest8  (cost=0.43..10.50 rows=103 width=4)
	  Index Cond: ((id >= 7285462) AND (id <= 7285562))

explain: for range-covered :: explain SELECT id FROM sbtest%d WHERE id BETWEEN 7285462 AND 7285562
for range-covered
table 1 : explain SELECT id FROM sbtest1 WHERE id BETWEEN 2427499 AND 2427599
	Index Only Scan using sbtest1_pkey on sbtest1  (cost=0.43..10.44 rows=100 width=4)
	  Index Cond: ((id >= 2427499) AND (id <= 2427599))

table 2 : explain SELECT id FROM sbtest2 WHERE id BETWEEN 2427499 AND 2427599
	Index Only Scan using sbtest2_pkey on sbtest2  (cost=0.43..10.47 rows=102 width=4)
	  Index Cond: ((id >= 2427499) AND (id <= 2427599))

table 3 : explain SELECT id FROM sbtest3 WHERE id BETWEEN 2427499 AND 2427599
	Index Only Scan using sbtest3_pkey on sbtest3  (cost=0.43..10.51 rows=104 width=4)
	  Index Cond: ((id >= 2427499) AND (id <= 2427599))

table 4 : explain SELECT id FROM sbtest4 WHERE id BETWEEN 2427499 AND 2427599
	Index Only Scan using sbtest4_pkey on sbtest4  (cost=0.43..10.46 rows=101 width=4)
	  Index Cond: ((id >= 2427499) AND (id <= 2427599))

table 5 : explain SELECT id FROM sbtest5 WHERE id BETWEEN 2427499 AND 2427599
	Index Only Scan using sbtest5_pkey on sbtest5  (cost=0.43..10.38 rows=97 width=4)
	  Index Cond: ((id >= 2427499) AND (id <= 2427599))

table 6 : explain SELECT id FROM sbtest6 WHERE id BETWEEN 2427499 AND 2427599
	Index Only Scan using sbtest6_pkey on sbtest6  (cost=0.43..10.40 rows=98 width=4)
	  Index Cond: ((id >= 2427499) AND (id <= 2427599))

table 7 : explain SELECT id FROM sbtest7 WHERE id BETWEEN 2427499 AND 2427599
	Index Only Scan using sbtest7_pkey on sbtest7  (cost=0.43..10.40 rows=98 width=4)
	  Index Cond: ((id >= 2427499) AND (id <= 2427599))

table 8 : explain SELECT id FROM sbtest8 WHERE id BETWEEN 2427499 AND 2427599
	Index Only Scan using sbtest8_pkey on sbtest8  (cost=0.43..10.28 rows=92 width=4)
	  Index Cond: ((id >= 2427499) AND (id <= 2427599))

explain: for range-covered :: explain SELECT id FROM sbtest%d WHERE id BETWEEN 2427499 AND 2427599
for range-covered
table 1 : explain SELECT id FROM sbtest1 WHERE id BETWEEN 7285462 AND 7285562
	Index Only Scan using sbtest1_pkey on sbtest1  (cost=0.43..10.42 rows=99 width=4)
	  Index Cond: ((id >= 7285462) AND (id <= 7285562))

table 2 : explain SELECT id FROM sbtest2 WHERE id BETWEEN 7285462 AND 7285562
	Index Only Scan using sbtest2_pkey on sbtest2  (cost=0.43..10.68 rows=112 width=4)
	  Index Cond: ((id >= 7285462) AND (id <= 7285562))

table 3 : explain SELECT id FROM sbtest3 WHERE id BETWEEN 7285462 AND 7285562
	Index Only Scan using sbtest3_pkey on sbtest3  (cost=0.43..10.46 rows=101 width=4)
	  Index Cond: ((id >= 7285462) AND (id <= 7285562))

table 4 : explain SELECT id FROM sbtest4 WHERE id BETWEEN 7285462 AND 7285562
	Index Only Scan using sbtest4_pkey on sbtest4  (cost=0.43..10.33 rows=95 width=4)
	  Index Cond: ((id >= 7285462) AND (id <= 7285562))

table 5 : explain SELECT id FROM sbtest5 WHERE id BETWEEN 7285462 AND 7285562
	Index Only Scan using sbtest5_pkey on sbtest5  (cost=0.43..10.70 rows=113 width=4)
	  Index Cond: ((id >= 7285462) AND (id <= 7285562))

table 6 : explain SELECT id FROM sbtest6 WHERE id BETWEEN 7285462 AND 7285562
	Index Only Scan using sbtest6_pkey on sbtest6  (cost=0.43..10.46 rows=101 width=4)
	  Index Cond: ((id >= 7285462) AND (id <= 7285562))

table 7 : explain SELECT id FROM sbtest7 WHERE id BETWEEN 7285462 AND 7285562
	Index Only Scan using sbtest7_pkey on sbtest7  (cost=0.43..10.33 rows=95 width=4)
	  Index Cond: ((id >= 7285462) AND (id <= 7285562))

table 8 : explain SELECT id FROM sbtest8 WHERE id BETWEEN 7285462 AND 7285562
	Index Only Scan using sbtest8_pkey on sbtest8  (cost=0.43..10.50 rows=103 width=4)
	  Index Cond: ((id >= 7285462) AND (id <= 7285562))

explain: for range-covered :: explain SELECT id FROM sbtest%d WHERE id BETWEEN 7285462 AND 7285562
for range-covered
table 1 : explain SELECT id FROM sbtest1 WHERE id BETWEEN 5875678 AND 5875778
	Index Only Scan using sbtest1_pkey on sbtest1  (cost=0.43..10.46 rows=101 width=4)
	  Index Cond: ((id >= 5875678) AND (id <= 5875778))

table 2 : explain SELECT id FROM sbtest2 WHERE id BETWEEN 5875678 AND 5875778
	Index Only Scan using sbtest2_pkey on sbtest2  (cost=0.43..10.50 rows=103 width=4)
	  Index Cond: ((id >= 5875678) AND (id <= 5875778))

table 3 : explain SELECT id FROM sbtest3 WHERE id BETWEEN 5875678 AND 5875778
	Index Only Scan using sbtest3_pkey on sbtest3  (cost=0.43..10.62 rows=109 width=4)
	  Index Cond: ((id >= 5875678) AND (id <= 5875778))

table 4 : explain SELECT id FROM sbtest4 WHERE id BETWEEN 5875678 AND 5875778
	Index Only Scan using sbtest4_pkey on sbtest4  (cost=0.43..10.46 rows=101 width=4)
	  Index Cond: ((id >= 5875678) AND (id <= 5875778))

table 5 : explain SELECT id FROM sbtest5 WHERE id BETWEEN 5875678 AND 5875778
	Index Only Scan using sbtest5_pkey on sbtest5  (cost=0.43..10.47 rows=102 width=4)
	  Index Cond: ((id >= 5875678) AND (id <= 5875778))

table 6 : explain SELECT id FROM sbtest6 WHERE id BETWEEN 5875678 AND 5875778
	Index Only Scan using sbtest6_pkey on sbtest6  (cost=0.43..10.24 rows=90 width=4)
	  Index Cond: ((id >= 5875678) AND (id <= 5875778))

table 7 : explain SELECT id FROM sbtest7 WHERE id BETWEEN 5875678 AND 5875778
	Index Only Scan using sbtest7_pkey on sbtest7  (cost=0.43..10.62 rows=109 width=4)
	  Index Cond: ((id >= 5875678) AND (id <= 5875778))

table 8 : explain SELECT id FROM sbtest8 WHERE id BETWEEN 5875678 AND 5875778
	Index Only Scan using sbtest8_pkey on sbtest8  (cost=0.43..10.42 rows=99 width=4)
	  Index Cond: ((id >= 5875678) AND (id <= 5875778))

for range-covered
table 1 : explain SELECT id FROM sbtest1 WHERE id BETWEEN 4543549 AND 4543649
	Index Only Scan using sbtest1_pkey on sbtest1  (cost=0.43..10.33 rows=95 width=4)
	  Index Cond: ((id >= 4543549) AND (id <= 4543649))

table 2 : explain SELECT id FROM sbtest2 WHERE id BETWEEN 4543549 AND 4543649
	Index Only Scan using sbtest2_pkey on sbtest2  (cost=0.43..10.47 rows=102 width=4)
	  Index Cond: ((id >= 4543549) AND (id <= 4543649))

table 3 : explain SELECT id FROM sbtest3 WHERE id BETWEEN 4543549 AND 4543649
	Index Only Scan using sbtest3_pkey on sbtest3  (cost=0.43..10.40 rows=98 width=4)
	  Index Cond: ((id >= 4543549) AND (id <= 4543649))

table 4 : explain SELECT id FROM sbtest4 WHERE id BETWEEN 4543549 AND 4543649
	Index Only Scan using sbtest4_pkey on sbtest4  (cost=0.43..10.50 rows=103 width=4)
	  Index Cond: ((id >= 4543549) AND (id <= 4543649))

table 5 : explain SELECT id FROM sbtest5 WHERE id BETWEEN 4543549 AND 4543649
	Index Only Scan using sbtest5_pkey on sbtest5  (cost=0.43..10.50 rows=103 width=4)
	  Index Cond: ((id >= 4543549) AND (id <= 4543649))

table 6 : explain SELECT id FROM sbtest6 WHERE id BETWEEN 4543549 AND 4543649
	Index Only Scan using sbtest6_pkey on sbtest6  (cost=0.43..10.40 rows=98 width=4)
	  Index Cond: ((id >= 4543549) AND (id <= 4543649))

table 7 : explain SELECT id FROM sbtest7 WHERE id BETWEEN 4543549 AND 4543649
	Index Only Scan using sbtest7_pkey on sbtest7  (cost=0.43..10.42 rows=99 width=4)
	  Index Cond: ((id >= 4543549) AND (id <= 4543649))

table 8 : explain SELECT id FROM sbtest8 WHERE id BETWEEN 4543549 AND 4543649
	Index Only Scan using sbtest8_pkey on sbtest8  (cost=0.43..10.56 rows=106 width=4)
	  Index Cond: ((id >= 4543549) AND (id <= 4543649))

for range-covered
table 1 : explain SELECT id FROM sbtest1 WHERE id BETWEEN 2427499 AND 2427599
	Index Only Scan using sbtest1_pkey on sbtest1  (cost=0.43..10.44 rows=100 width=4)
	  Index Cond: ((id >= 2427499) AND (id <= 2427599))

table 2 : explain SELECT id FROM sbtest2 WHERE id BETWEEN 2427499 AND 2427599
	Index Only Scan using sbtest2_pkey on sbtest2  (cost=0.43..10.47 rows=102 width=4)
	  Index Cond: ((id >= 2427499) AND (id <= 2427599))

table 3 : explain SELECT id FROM sbtest3 WHERE id BETWEEN 2427499 AND 2427599
	Index Only Scan using sbtest3_pkey on sbtest3  (cost=0.43..10.51 rows=104 width=4)
	  Index Cond: ((id >= 2427499) AND (id <= 2427599))

table 4 : explain SELECT id FROM sbtest4 WHERE id BETWEEN 2427499 AND 2427599
	Index Only Scan using sbtest4_pkey on sbtest4  (cost=0.43..10.46 rows=101 width=4)
	  Index Cond: ((id >= 2427499) AND (id <= 2427599))

table 5 : explain SELECT id FROM sbtest5 WHERE id BETWEEN 2427499 AND 2427599
	Index Only Scan using sbtest5_pkey on sbtest5  (cost=0.43..10.38 rows=97 width=4)
	  Index Cond: ((id >= 2427499) AND (id <= 2427599))

table 6 : explain SELECT id FROM sbtest6 WHERE id BETWEEN 2427499 AND 2427599
	Index Only Scan using sbtest6_pkey on sbtest6  (cost=0.43..10.40 rows=98 width=4)
	  Index Cond: ((id >= 2427499) AND (id <= 2427599))

table 7 : explain SELECT id FROM sbtest7 WHERE id BETWEEN 2427499 AND 2427599
	Index Only Scan using sbtest7_pkey on sbtest7  (cost=0.43..10.40 rows=98 width=4)
	  Index Cond: ((id >= 2427499) AND (id <= 2427599))

table 8 : explain SELECT id FROM sbtest8 WHERE id BETWEEN 2427499 AND 2427599
	Index Only Scan using sbtest8_pkey on sbtest8  (cost=0.43..10.28 rows=92 width=4)
	  Index Cond: ((id >= 2427499) AND (id <= 2427599))

explain: for range-covered :: explain SELECT id FROM sbtest%d WHERE id BETWEEN 2427499 AND 2427599
for range-covered
table 1 : explain SELECT id FROM sbtest1 WHERE id BETWEEN 4460848 AND 4460948
	Index Only Scan using sbtest1_pkey on sbtest1  (cost=0.43..10.51 rows=104 width=4)
	  Index Cond: ((id >= 4460848) AND (id <= 4460948))

table 2 : explain SELECT id FROM sbtest2 WHERE id BETWEEN 4460848 AND 4460948
	Index Only Scan using sbtest2_pkey on sbtest2  (cost=0.43..10.50 rows=103 width=4)
	  Index Cond: ((id >= 4460848) AND (id <= 4460948))

table 3 : explain SELECT id FROM sbtest3 WHERE id BETWEEN 4460848 AND 4460948
	Index Only Scan using sbtest3_pkey on sbtest3  (cost=0.43..10.40 rows=98 width=4)
	  Index Cond: ((id >= 4460848) AND (id <= 4460948))

table 4 : explain SELECT id FROM sbtest4 WHERE id BETWEEN 4460848 AND 4460948
	Index Only Scan using sbtest4_pkey on sbtest4  (cost=0.43..10.24 rows=90 width=4)
	  Index Cond: ((id >= 4460848) AND (id <= 4460948))

table 5 : explain SELECT id FROM sbtest5 WHERE id BETWEEN 4460848 AND 4460948
	Index Only Scan using sbtest5_pkey on sbtest5  (cost=0.43..10.36 rows=96 width=4)
	  Index Cond: ((id >= 4460848) AND (id <= 4460948))

table 6 : explain SELECT id FROM sbtest6 WHERE id BETWEEN 4460848 AND 4460948
	Index Only Scan using sbtest6_pkey on sbtest6  (cost=0.43..10.62 rows=109 width=4)
	  Index Cond: ((id >= 4460848) AND (id <= 4460948))

table 7 : explain SELECT id FROM sbtest7 WHERE id BETWEEN 4460848 AND 4460948
	Index Only Scan using sbtest7_pkey on sbtest7  (cost=0.43..10.42 rows=99 width=4)
	  Index Cond: ((id >= 4460848) AND (id <= 4460948))

table 8 : explain SELECT id FROM sbtest8 WHERE id BETWEEN 4460848 AND 4460948
	Index Only Scan using sbtest8_pkey on sbtest8  (cost=0.43..10.46 rows=101 width=4)
	  Index Cond: ((id >= 4460848) AND (id <= 4460948))

for range-covered
table 1 : explain SELECT id FROM sbtest1 WHERE id BETWEEN 7285462 AND 7285562
	Index Only Scan using sbtest1_pkey on sbtest1  (cost=0.43..10.42 rows=99 width=4)
	  Index Cond: ((id >= 7285462) AND (id <= 7285562))

table 2 : explain SELECT id FROM sbtest2 WHERE id BETWEEN 7285462 AND 7285562
	Index Only Scan using sbtest2_pkey on sbtest2  (cost=0.43..10.68 rows=112 width=4)
	  Index Cond: ((id >= 7285462) AND (id <= 7285562))

table 3 : explain SELECT id FROM sbtest3 WHERE id BETWEEN 7285462 AND 7285562
	Index Only Scan using sbtest3_pkey on sbtest3  (cost=0.43..10.46 rows=101 width=4)
	  Index Cond: ((id >= 7285462) AND (id <= 7285562))

table 4 : explain SELECT id FROM sbtest4 WHERE id BETWEEN 7285462 AND 7285562
	Index Only Scan using sbtest4_pkey on sbtest4  (cost=0.43..10.33 rows=95 width=4)
	  Index Cond: ((id >= 7285462) AND (id <= 7285562))

table 5 : explain SELECT id FROM sbtest5 WHERE id BETWEEN 7285462 AND 7285562
	Index Only Scan using sbtest5_pkey on sbtest5  (cost=0.43..10.70 rows=113 width=4)
	  Index Cond: ((id >= 7285462) AND (id <= 7285562))

table 6 : explain SELECT id FROM sbtest6 WHERE id BETWEEN 7285462 AND 7285562
	Index Only Scan using sbtest6_pkey on sbtest6  (cost=0.43..10.46 rows=101 width=4)
	  Index Cond: ((id >= 7285462) AND (id <= 7285562))

table 7 : explain SELECT id FROM sbtest7 WHERE id BETWEEN 7285462 AND 7285562
	Index Only Scan using sbtest7_pkey on sbtest7  (cost=0.43..10.33 rows=95 width=4)
	  Index Cond: ((id >= 7285462) AND (id <= 7285562))

table 8 : explain SELECT id FROM sbtest8 WHERE id BETWEEN 7285462 AND 7285562
	Index Only Scan using sbtest8_pkey on sbtest8  (cost=0.43..10.50 rows=103 width=4)
	  Index Cond: ((id >= 7285462) AND (id <= 7285562))

explain: for range-covered :: explain SELECT id FROM sbtest%d WHERE id BETWEEN 4460848 AND 4460948
explain: for range-covered :: explain SELECT id FROM sbtest%d WHERE id BETWEEN 7285462 AND 7285562
for range-covered
table 1 : explain SELECT id FROM sbtest1 WHERE id BETWEEN 5033742 AND 5033842
	Index Only Scan using sbtest1_pkey on sbtest1  (cost=0.43..10.40 rows=98 width=4)
	  Index Cond: ((id >= 5033742) AND (id <= 5033842))

table 2 : explain SELECT id FROM sbtest2 WHERE id BETWEEN 5033742 AND 5033842
	Index Only Scan using sbtest2_pkey on sbtest2  (cost=0.43..10.36 rows=96 width=4)
	  Index Cond: ((id >= 5033742) AND (id <= 5033842))

table 3 : explain SELECT id FROM sbtest3 WHERE id BETWEEN 5033742 AND 5033842
	Index Only Scan using sbtest3_pkey on sbtest3  (cost=0.43..10.63 rows=110 width=4)
	  Index Cond: ((id >= 5033742) AND (id <= 5033842))

table 4 : explain SELECT id FROM sbtest4 WHERE id BETWEEN 5033742 AND 5033842
	Index Only Scan using sbtest4_pkey on sbtest4  (cost=0.43..10.38 rows=97 width=4)
	  Index Cond: ((id >= 5033742) AND (id <= 5033842))

table 5 : explain SELECT id FROM sbtest5 WHERE id BETWEEN 5033742 AND 5033842
	Index Only Scan using sbtest5_pkey on sbtest5  (cost=0.43..10.50 rows=103 width=4)
	  Index Cond: ((id >= 5033742) AND (id <= 5033842))

table 6 : explain SELECT id FROM sbtest6 WHERE id BETWEEN 5033742 AND 5033842
	Index Only Scan using sbtest6_pkey on sbtest6  (cost=0.43..10.29 rows=93 width=4)
	  Index Cond: ((id >= 5033742) AND (id <= 5033842))

table 7 : explain SELECT id FROM sbtest7 WHERE id BETWEEN 5033742 AND 5033842
	Index Only Scan using sbtest7_pkey on sbtest7  (cost=0.43..10.47 rows=102 width=4)
	  Index Cond: ((id >= 5033742) AND (id <= 5033842))

table 8 : explain SELECT id FROM sbtest8 WHERE id BETWEEN 5033742 AND 5033842
	Index Only Scan using sbtest8_pkey on sbtest8  (cost=0.43..10.29 rows=93 width=4)
	  Index Cond: ((id >= 5033742) AND (id <= 5033842))

explain: for range-covered :: explain SELECT id FROM sbtest%d WHERE id BETWEEN 5033742 AND 5033842
for range-covered
table 1 : explain SELECT id FROM sbtest1 WHERE id BETWEEN 2427499 AND 2427599
	Index Only Scan using sbtest1_pkey on sbtest1  (cost=0.43..10.44 rows=100 width=4)
	  Index Cond: ((id >= 2427499) AND (id <= 2427599))

table 2 : explain SELECT id FROM sbtest2 WHERE id BETWEEN 2427499 AND 2427599
	Index Only Scan using sbtest2_pkey on sbtest2  (cost=0.43..10.47 rows=102 width=4)
	  Index Cond: ((id >= 2427499) AND (id <= 2427599))

table 3 : explain SELECT id FROM sbtest3 WHERE id BETWEEN 2427499 AND 2427599
	Index Only Scan using sbtest3_pkey on sbtest3  (cost=0.43..10.51 rows=104 width=4)
	  Index Cond: ((id >= 2427499) AND (id <= 2427599))

table 4 : explain SELECT id FROM sbtest4 WHERE id BETWEEN 2427499 AND 2427599
	Index Only Scan using sbtest4_pkey on sbtest4  (cost=0.43..10.46 rows=101 width=4)
	  Index Cond: ((id >= 2427499) AND (id <= 2427599))

table 5 : explain SELECT id FROM sbtest5 WHERE id BETWEEN 2427499 AND 2427599
	Index Only Scan using sbtest5_pkey on sbtest5  (cost=0.43..10.38 rows=97 width=4)
	  Index Cond: ((id >= 2427499) AND (id <= 2427599))

table 6 : explain SELECT id FROM sbtest6 WHERE id BETWEEN 2427499 AND 2427599
	Index Only Scan using sbtest6_pkey on sbtest6  (cost=0.43..10.40 rows=98 width=4)
	  Index Cond: ((id >= 2427499) AND (id <= 2427599))

table 7 : explain SELECT id FROM sbtest7 WHERE id BETWEEN 2427499 AND 2427599
	Index Only Scan using sbtest7_pkey on sbtest7  (cost=0.43..10.40 rows=98 width=4)
	  Index Cond: ((id >= 2427499) AND (id <= 2427599))

table 8 : explain SELECT id FROM sbtest8 WHERE id BETWEEN 2427499 AND 2427599
	Index Only Scan using sbtest8_pkey on sbtest8  (cost=0.43..10.28 rows=92 width=4)
	  Index Cond: ((id >= 2427499) AND (id <= 2427599))

explain: for range-covered :: explain SELECT id FROM sbtest%d WHERE id BETWEEN 2427499 AND 2427599
for range-covered
table 1 : explain SELECT id FROM sbtest1 WHERE id BETWEEN 7285462 AND 7285562
	Index Only Scan using sbtest1_pkey on sbtest1  (cost=0.43..10.42 rows=99 width=4)
	  Index Cond: ((id >= 7285462) AND (id <= 7285562))

table 2 : explain SELECT id FROM sbtest2 WHERE id BETWEEN 7285462 AND 7285562
	Index Only Scan using sbtest2_pkey on sbtest2  (cost=0.43..10.68 rows=112 width=4)
	  Index Cond: ((id >= 7285462) AND (id <= 7285562))

table 3 : explain SELECT id FROM sbtest3 WHERE id BETWEEN 7285462 AND 7285562
	Index Only Scan using sbtest3_pkey on sbtest3  (cost=0.43..10.46 rows=101 width=4)
	  Index Cond: ((id >= 7285462) AND (id <= 7285562))

table 4 : explain SELECT id FROM sbtest4 WHERE id BETWEEN 7285462 AND 7285562
	Index Only Scan using sbtest4_pkey on sbtest4  (cost=0.43..10.33 rows=95 width=4)
	  Index Cond: ((id >= 7285462) AND (id <= 7285562))

table 5 : explain SELECT id FROM sbtest5 WHERE id BETWEEN 7285462 AND 7285562
	Index Only Scan using sbtest5_pkey on sbtest5  (cost=0.43..10.70 rows=113 width=4)
	  Index Cond: ((id >= 7285462) AND (id <= 7285562))

table 6 : explain SELECT id FROM sbtest6 WHERE id BETWEEN 7285462 AND 7285562
	Index Only Scan using sbtest6_pkey on sbtest6  (cost=0.43..10.46 rows=101 width=4)
	  Index Cond: ((id >= 7285462) AND (id <= 7285562))

table 7 : explain SELECT id FROM sbtest7 WHERE id BETWEEN 7285462 AND 7285562
	Index Only Scan using sbtest7_pkey on sbtest7  (cost=0.43..10.33 rows=95 width=4)
	  Index Cond: ((id >= 7285462) AND (id <= 7285562))

table 8 : explain SELECT id FROM sbtest8 WHERE id BETWEEN 7285462 AND 7285562
	Index Only Scan using sbtest8_pkey on sbtest8  (cost=0.43..10.50 rows=103 width=4)
	  Index Cond: ((id >= 7285462) AND (id <= 7285562))

for range-covered
table 1 : explain SELECT id FROM sbtest1 WHERE id BETWEEN 4460848 AND 4460948
	Index Only Scan using sbtest1_pkey on sbtest1  (cost=0.43..10.51 rows=104 width=4)
	  Index Cond: ((id >= 4460848) AND (id <= 4460948))

table 2 : explain SELECT id FROM sbtest2 WHERE id BETWEEN 4460848 AND 4460948
	Index Only Scan using sbtest2_pkey on sbtest2  (cost=0.43..10.50 rows=103 width=4)
	  Index Cond: ((id >= 4460848) AND (id <= 4460948))

table 3 : explain SELECT id FROM sbtest3 WHERE id BETWEEN 4460848 AND 4460948
	Index Only Scan using sbtest3_pkey on sbtest3  (cost=0.43..10.40 rows=98 width=4)
	  Index Cond: ((id >= 4460848) AND (id <= 4460948))

table 4 : explain SELECT id FROM sbtest4 WHERE id BETWEEN 4460848 AND 4460948
	Index Only Scan using sbtest4_pkey on sbtest4  (cost=0.43..10.24 rows=90 width=4)
	  Index Cond: ((id >= 4460848) AND (id <= 4460948))

table 5 : explain SELECT id FROM sbtest5 WHERE id BETWEEN 4460848 AND 4460948
	Index Only Scan using sbtest5_pkey on sbtest5  (cost=0.43..10.36 rows=96 width=4)
	  Index Cond: ((id >= 4460848) AND (id <= 4460948))

table 6 : explain SELECT id FROM sbtest6 WHERE id BETWEEN 4460848 AND 4460948
	Index Only Scan using sbtest6_pkey on sbtest6  (cost=0.43..10.62 rows=109 width=4)
	  Index Cond: ((id >= 4460848) AND (id <= 4460948))

table 7 : explain SELECT id FROM sbtest7 WHERE id BETWEEN 4460848 AND 4460948
	Index Only Scan using sbtest7_pkey on sbtest7  (cost=0.43..10.42 rows=99 width=4)
	  Index Cond: ((id >= 4460848) AND (id <= 4460948))

table 8 : explain SELECT id FROM sbtest8 WHERE id BETWEEN 4460848 AND 4460948
	Index Only Scan using sbtest8_pkey on sbtest8  (cost=0.43..10.46 rows=101 width=4)
	  Index Cond: ((id >= 4460848) AND (id <= 4460948))

explain: for range-covered :: explain SELECT id FROM sbtest%d WHERE id BETWEEN 7285462 AND 7285562for range-covered
table 1 : explain SELECT id FROM sbtest1 WHERE id BETWEEN 3007038 AND 3007138
	Index Only Scan using sbtest1_pkey on sbtest1  (cost=0.43..10.47 rows=102 width=4)
	  Index Cond: ((id >= 3007038) AND (id <= 3007138))

table 2 : explain SELECT id FROM sbtest2 WHERE id BETWEEN 3007038 AND 3007138
	Index Only Scan using sbtest2_pkey on sbtest2  (cost=0.43..10.46 rows=101 width=4)
	  Index Cond: ((id >= 3007038) AND (id <= 3007138))

table 3 : explain SELECT id FROM sbtest3 WHERE id BETWEEN 3007038 AND 3007138
	Index Only Scan using sbtest3_pkey on sbtest3  (cost=0.43..10.33 rows=95 width=4)
	  Index Cond: ((id >= 3007038) AND (id <= 3007138))

table 4 : explain SELECT id FROM sbtest4 WHERE id BETWEEN 3007038 AND 3007138
	Index Only Scan using sbtest4_pkey on sbtest4  (cost=0.43..10.86 rows=121 width=4)
	  Index Cond: ((id >= 3007038) AND (id <= 3007138))

table 5 : explain SELECT id FROM sbtest5 WHERE id BETWEEN 3007038 AND 3007138
	Index Only Scan using sbtest5_pkey on sbtest5  (cost=0.43..10.46 rows=101 width=4)
	  Index Cond: ((id >= 3007038) AND (id <= 3007138))

table 6 : explain SELECT id FROM sbtest6 WHERE id BETWEEN 3007038 AND 3007138
	Index Only Scan using sbtest6_pkey on sbtest6  (cost=0.43..10.47 rows=102 width=4)
	  Index Cond: ((id >= 3007038) AND (id <= 3007138))

table 7 : explain SELECT id FROM sbtest7 WHERE id BETWEEN 3007038 AND 3007138
	Index Only Scan using sbtest7_pkey on sbtest7  (cost=0.43..10.33 rows=95 width=4)
	  Index Cond: ((id >= 3007038) AND (id <= 3007138))

table 8 : explain SELECT id FROM sbtest8 WHERE id BETWEEN 3007038 AND 3007138
	Index Only Scan using sbtest8_pkey on sbtest8  (cost=0.43..10.46 rows=101 width=4)
	  Index Cond: ((id >= 3007038) AND (id <= 3007138))

explain: for range-covered :: explain SELECT id FROM sbtest%d WHERE id BETWEEN 4460848 AND 4460948

explain: for range-covered :: explain SELECT id FROM sbtest%d WHERE id BETWEEN 3007038 AND 3007138
for range-covered
table 1 : explain SELECT id FROM sbtest1 WHERE id BETWEEN 5033742 AND 5033842
	Index Only Scan using sbtest1_pkey on sbtest1  (cost=0.43..10.40 rows=98 width=4)
	  Index Cond: ((id >= 5033742) AND (id <= 5033842))

table 2 : explain SELECT id FROM sbtest2 WHERE id BETWEEN 5033742 AND 5033842
	Index Only Scan using sbtest2_pkey on sbtest2  (cost=0.43..10.36 rows=96 width=4)
	  Index Cond: ((id >= 5033742) AND (id <= 5033842))

table 3 : explain SELECT id FROM sbtest3 WHERE id BETWEEN 5033742 AND 5033842
	Index Only Scan using sbtest3_pkey on sbtest3  (cost=0.43..10.63 rows=110 width=4)
	  Index Cond: ((id >= 5033742) AND (id <= 5033842))

table 4 : explain SELECT id FROM sbtest4 WHERE id BETWEEN 5033742 AND 5033842
	Index Only Scan using sbtest4_pkey on sbtest4  (cost=0.43..10.38 rows=97 width=4)
	  Index Cond: ((id >= 5033742) AND (id <= 5033842))

table 5 : explain SELECT id FROM sbtest5 WHERE id BETWEEN 5033742 AND 5033842
	Index Only Scan using sbtest5_pkey on sbtest5  (cost=0.43..10.50 rows=103 width=4)
	  Index Cond: ((id >= 5033742) AND (id <= 5033842))

table 6 : explain SELECT id FROM sbtest6 WHERE id BETWEEN 5033742 AND 5033842
	Index Only Scan using sbtest6_pkey on sbtest6  (cost=0.43..10.29 rows=93 width=4)
	  Index Cond: ((id >= 5033742) AND (id <= 5033842))

table 7 : explain SELECT id FROM sbtest7 WHERE id BETWEEN 5033742 AND 5033842
	Index Only Scan using sbtest7_pkey on sbtest7  (cost=0.43..10.47 rows=102 width=4)
	  Index Cond: ((id >= 5033742) AND (id <= 5033842))

table 8 : explain SELECT id FROM sbtest8 WHERE id BETWEEN 5033742 AND 5033842
	Index Only Scan using sbtest8_pkey on sbtest8  (cost=0.43..10.29 rows=93 width=4)
	  Index Cond: ((id >= 5033742) AND (id <= 5033842))

explain: for range-covered :: explain SELECT id FROM sbtest%d WHERE id BETWEEN 5033742 AND 5033842
for range-covered
table 1 : explain SELECT id FROM sbtest1 WHERE id BETWEEN 2427499 AND 2427599
	Index Only Scan using sbtest1_pkey on sbtest1  (cost=0.43..10.44 rows=100 width=4)
	  Index Cond: ((id >= 2427499) AND (id <= 2427599))

table 2 : explain SELECT id FROM sbtest2 WHERE id BETWEEN 2427499 AND 2427599
	Index Only Scan using sbtest2_pkey on sbtest2  (cost=0.43..10.47 rows=102 width=4)
	  Index Cond: ((id >= 2427499) AND (id <= 2427599))

table 3 : explain SELECT id FROM sbtest3 WHERE id BETWEEN 2427499 AND 2427599
	Index Only Scan using sbtest3_pkey on sbtest3  (cost=0.43..10.51 rows=104 width=4)
	  Index Cond: ((id >= 2427499) AND (id <= 2427599))

table 4 : explain SELECT id FROM sbtest4 WHERE id BETWEEN 2427499 AND 2427599
	Index Only Scan using sbtest4_pkey on sbtest4  (cost=0.43..10.46 rows=101 width=4)
	  Index Cond: ((id >= 2427499) AND (id <= 2427599))

table 5 : explain SELECT id FROM sbtest5 WHERE id BETWEEN 2427499 AND 2427599
	Index Only Scan using sbtest5_pkey on sbtest5  (cost=0.43..10.38 rows=97 width=4)
	  Index Cond: ((id >= 2427499) AND (id <= 2427599))

table 6 : explain SELECT id FROM sbtest6 WHERE id BETWEEN 2427499 AND 2427599
	Index Only Scan using sbtest6_pkey on sbtest6  (cost=0.43..10.40 rows=98 width=4)
	  Index Cond: ((id >= 2427499) AND (id <= 2427599))

table 7 : explain SELECT id FROM sbtest7 WHERE id BETWEEN 2427499 AND 2427599
	Index Only Scan using sbtest7_pkey on sbtest7  (cost=0.43..10.40 rows=98 width=4)
	  Index Cond: ((id >= 2427499) AND (id <= 2427599))

table 8 : explain SELECT id FROM sbtest8 WHERE id BETWEEN 2427499 AND 2427599
	Index Only Scan using sbtest8_pkey on sbtest8  (cost=0.43..10.28 rows=92 width=4)
	  Index Cond: ((id >= 2427499) AND (id <= 2427599))

explain: for range-covered :: explain SELECT id FROM sbtest%d WHERE id BETWEEN 2427499 AND 2427599
for range-covered
table 1 : explain SELECT id FROM sbtest1 WHERE id BETWEEN 4460848 AND 4460948
	Index Only Scan using sbtest1_pkey on sbtest1  (cost=0.43..10.51 rows=104 width=4)
	  Index Cond: ((id >= 4460848) AND (id <= 4460948))

table 2 : explain SELECT id FROM sbtest2 WHERE id BETWEEN 4460848 AND 4460948
	Index Only Scan using sbtest2_pkey on sbtest2  (cost=0.43..10.50 rows=103 width=4)
	  Index Cond: ((id >= 4460848) AND (id <= 4460948))

table 3 : explain SELECT id FROM sbtest3 WHERE id BETWEEN 4460848 AND 4460948
	Index Only Scan using sbtest3_pkey on sbtest3  (cost=0.43..10.40 rows=98 width=4)
	  Index Cond: ((id >= 4460848) AND (id <= 4460948))

table 4 : explain SELECT id FROM sbtest4 WHERE id BETWEEN 4460848 AND 4460948
	Index Only Scan using sbtest4_pkey on sbtest4  (cost=0.43..10.24 rows=90 width=4)
	  Index Cond: ((id >= 4460848) AND (id <= 4460948))

table 5 : explain SELECT id FROM sbtest5 WHERE id BETWEEN 4460848 AND 4460948
	Index Only Scan using sbtest5_pkey on sbtest5  (cost=0.43..10.36 rows=96 width=4)
	  Index Cond: ((id >= 4460848) AND (id <= 4460948))

table 6 : explain SELECT id FROM sbtest6 WHERE id BETWEEN 4460848 AND 4460948
	Index Only Scan using sbtest6_pkey on sbtest6  (cost=0.43..10.62 rows=109 width=4)
	  Index Cond: ((id >= 4460848) AND (id <= 4460948))

table 7 : explain SELECT id FROM sbtest7 WHERE id BETWEEN 4460848 AND 4460948
	Index Only Scan using sbtest7_pkey on sbtest7  (cost=0.43..10.42 rows=99 width=4)
	  Index Cond: ((id >= 4460848) AND (id <= 4460948))

table 8 : explain SELECT id FROM sbtest8 WHERE id BETWEEN 4460848 AND 4460948
	Index Only Scan using sbtest8_pkey on sbtest8  (cost=0.43..10.46 rows=101 width=4)
	  Index Cond: ((id >= 4460848) AND (id <= 4460948))

explain: for range-covered :: explain SELECT id FROM sbtest%d WHERE id BETWEEN 3088084 AND 3088184
for range-covered
table 1 : explain SELECT id FROM sbtest1 WHERE id BETWEEN 7285462 AND 7285562
	Index Only Scan using sbtest1_pkey on sbtest1  (cost=0.43..10.42 rows=99 width=4)
	  Index Cond: ((id >= 7285462) AND (id <= 7285562))

table 2 : explain SELECT id FROM sbtest2 WHERE id BETWEEN 7285462 AND 7285562
	Index Only Scan using sbtest2_pkey on sbtest2  (cost=0.43..10.68 rows=112 width=4)
	  Index Cond: ((id >= 7285462) AND (id <= 7285562))

table 3 : explain SELECT id FROM sbtest3 WHERE id BETWEEN 7285462 AND 7285562
	Index Only Scan using sbtest3_pkey on sbtest3  (cost=0.43..10.46 rows=101 width=4)
	  Index Cond: ((id >= 7285462) AND (id <= 7285562))

table 4 : explain SELECT id FROM sbtest4 WHERE id BETWEEN 7285462 AND 7285562
	Index Only Scan using sbtest4_pkey on sbtest4  (cost=0.43..10.33 rows=95 width=4)
	  Index Cond: ((id >= 7285462) AND (id <= 7285562))

table 5 : explain SELECT id FROM sbtest5 WHERE id BETWEEN 7285462 AND 7285562
	Index Only Scan using sbtest5_pkey on sbtest5  (cost=0.43..10.70 rows=113 width=4)
	  Index Cond: ((id >= 7285462) AND (id <= 7285562))

table 6 : explain SELECT id FROM sbtest6 WHERE id BETWEEN 7285462 AND 7285562
	Index Only Scan using sbtest6_pkey on sbtest6  (cost=0.43..10.46 rows=101 width=4)
	  Index Cond: ((id >= 7285462) AND (id <= 7285562))

table 7 : explain SELECT id FROM sbtest7 WHERE id BETWEEN 7285462 AND 7285562
	Index Only Scan using sbtest7_pkey on sbtest7  (cost=0.43..10.33 rows=95 width=4)
	  Index Cond: ((id >= 7285462) AND (id <= 7285562))

table 8 : explain SELECT id FROM sbtest8 WHERE id BETWEEN 7285462 AND 7285562
	Index Only Scan using sbtest8_pkey on sbtest8  (cost=0.43..10.50 rows=103 width=4)
	  Index Cond: ((id >= 7285462) AND (id <= 7285562))

explain: for range-covered :: explain SELECT id FROM sbtest%d WHERE id BETWEEN 4460848 AND 4460948
explain: for range-covered :: explain SELECT id FROM sbtest%d WHERE id BETWEEN 7285462 AND 7285562
for range-covered
table 1 : explain SELECT id FROM sbtest1 WHERE id BETWEEN 3007038 AND 3007138
	Index Only Scan using sbtest1_pkey on sbtest1  (cost=0.43..10.47 rows=102 width=4)
	  Index Cond: ((id >= 3007038) AND (id <= 3007138))

table 2 : explain SELECT id FROM sbtest2 WHERE id BETWEEN 3007038 AND 3007138
	Index Only Scan using sbtest2_pkey on sbtest2  (cost=0.43..10.46 rows=101 width=4)
	  Index Cond: ((id >= 3007038) AND (id <= 3007138))

table 3 : explain SELECT id FROM sbtest3 WHERE id BETWEEN 3007038 AND 3007138
	Index Only Scan using sbtest3_pkey on sbtest3  (cost=0.43..10.33 rows=95 width=4)
	  Index Cond: ((id >= 3007038) AND (id <= 3007138))

table 4 : explain SELECT id FROM sbtest4 WHERE id BETWEEN 3007038 AND 3007138
	Index Only Scan using sbtest4_pkey on sbtest4  (cost=0.43..10.86 rows=121 width=4)
	  Index Cond: ((id >= 3007038) AND (id <= 3007138))

table 5 : explain SELECT id FROM sbtest5 WHERE id BETWEEN 3007038 AND 3007138
	Index Only Scan using sbtest5_pkey on sbtest5  (cost=0.43..10.46 rows=101 width=4)
	  Index Cond: ((id >= 3007038) AND (id <= 3007138))

table 6 : explain SELECT id FROM sbtest6 WHERE id BETWEEN 3007038 AND 3007138
	Index Only Scan using sbtest6_pkey on sbtest6  (cost=0.43..10.47 rows=102 width=4)
	  Index Cond: ((id >= 3007038) AND (id <= 3007138))

table 7 : explain SELECT id FROM sbtest7 WHERE id BETWEEN 3007038 AND 3007138
	Index Only Scan using sbtest7_pkey on sbtest7  (cost=0.43..10.33 rows=95 width=4)
	  Index Cond: ((id >= 3007038) AND (id <= 3007138))

table 8 : explain SELECT id FROM sbtest8 WHERE id BETWEEN 3007038 AND 3007138
	Index Only Scan using sbtest8_pkey on sbtest8  (cost=0.43..10.46 rows=101 width=4)
	  Index Cond: ((id >= 3007038) AND (id <= 3007138))

explain: for range-covered :: explain SELECT id FROM sbtest%d WHERE id BETWEEN 3007038 AND 3007138
for range-covered
table 1 : explain SELECT id FROM sbtest1 WHERE id BETWEEN 5033742 AND 5033842
	Index Only Scan using sbtest1_pkey on sbtest1  (cost=0.43..10.40 rows=98 width=4)
	  Index Cond: ((id >= 5033742) AND (id <= 5033842))

table 2 : explain SELECT id FROM sbtest2 WHERE id BETWEEN 5033742 AND 5033842
	Index Only Scan using sbtest2_pkey on sbtest2  (cost=0.43..10.36 rows=96 width=4)
	  Index Cond: ((id >= 5033742) AND (id <= 5033842))

table 3 : explain SELECT id FROM sbtest3 WHERE id BETWEEN 5033742 AND 5033842
	Index Only Scan using sbtest3_pkey on sbtest3  (cost=0.43..10.63 rows=110 width=4)
	  Index Cond: ((id >= 5033742) AND (id <= 5033842))

table 4 : explain SELECT id FROM sbtest4 WHERE id BETWEEN 5033742 AND 5033842
	Index Only Scan using sbtest4_pkey on sbtest4  (cost=0.43..10.38 rows=97 width=4)
	  Index Cond: ((id >= 5033742) AND (id <= 5033842))

table 5 : explain SELECT id FROM sbtest5 WHERE id BETWEEN 5033742 AND 5033842
	Index Only Scan using sbtest5_pkey on sbtest5  (cost=0.43..10.50 rows=103 width=4)
	  Index Cond: ((id >= 5033742) AND (id <= 5033842))

table 6 : explain SELECT id FROM sbtest6 WHERE id BETWEEN 5033742 AND 5033842
	Index Only Scan using sbtest6_pkey on sbtest6  (cost=0.43..10.29 rows=93 width=4)
	  Index Cond: ((id >= 5033742) AND (id <= 5033842))

table 7 : explain SELECT id FROM sbtest7 WHERE id BETWEEN 5033742 AND 5033842
	Index Only Scan using sbtest7_pkey on sbtest7  (cost=0.43..10.47 rows=102 width=4)
	  Index Cond: ((id >= 5033742) AND (id <= 5033842))

table 8 : explain SELECT id FROM sbtest8 WHERE id BETWEEN 5033742 AND 5033842
	Index Only Scan using sbtest8_pkey on sbtest8  (cost=0.43..10.29 rows=93 width=4)
	  Index Cond: ((id >= 5033742) AND (id <= 5033842))

explain: for range-covered :: explain SELECT id FROM sbtest%d WHERE id BETWEEN 5033742 AND 5033842
for range-covered
table 1 : explain SELECT id FROM sbtest1 WHERE id BETWEEN 2427499 AND 2427599
	Index Only Scan using sbtest1_pkey on sbtest1  (cost=0.43..10.44 rows=100 width=4)
	  Index Cond: ((id >= 2427499) AND (id <= 2427599))

table 2 : explain SELECT id FROM sbtest2 WHERE id BETWEEN 2427499 AND 2427599
	Index Only Scan using sbtest2_pkey on sbtest2  (cost=0.43..10.47 rows=102 width=4)
	  Index Cond: ((id >= 2427499) AND (id <= 2427599))

table 3 : explain SELECT id FROM sbtest3 WHERE id BETWEEN 2427499 AND 2427599
	Index Only Scan using sbtest3_pkey on sbtest3  (cost=0.43..10.51 rows=104 width=4)
	  Index Cond: ((id >= 2427499) AND (id <= 2427599))

table 4 : explain SELECT id FROM sbtest4 WHERE id BETWEEN 2427499 AND 2427599
	Index Only Scan using sbtest4_pkey on sbtest4  (cost=0.43..10.46 rows=101 width=4)
	  Index Cond: ((id >= 2427499) AND (id <= 2427599))

table 5 : explain SELECT id FROM sbtest5 WHERE id BETWEEN 2427499 AND 2427599
	Index Only Scan using sbtest5_pkey on sbtest5  (cost=0.43..10.38 rows=97 width=4)
	  Index Cond: ((id >= 2427499) AND (id <= 2427599))

table 6 : explain SELECT id FROM sbtest6 WHERE id BETWEEN 2427499 AND 2427599
	Index Only Scan using sbtest6_pkey on sbtest6  (cost=0.43..10.40 rows=98 width=4)
	  Index Cond: ((id >= 2427499) AND (id <= 2427599))

table 7 : explain SELECT id FROM sbtest7 WHERE id BETWEEN 2427499 AND 2427599
	Index Only Scan using sbtest7_pkey on sbtest7  (cost=0.43..10.40 rows=98 width=4)
	  Index Cond: ((id >= 2427499) AND (id <= 2427599))

table 8 : explain SELECT id FROM sbtest8 WHERE id BETWEEN 2427499 AND 2427599
	Index Only Scan using sbtest8_pkey on sbtest8  (cost=0.43..10.28 rows=92 width=4)
	  Index Cond: ((id >= 2427499) AND (id <= 2427599))

explain: for range-covered :: explain SELECT id FROM sbtest%d WHERE id BETWEEN 2427499 AND 2427599
for range-covered
table 1 : explain SELECT id FROM sbtest1 WHERE id BETWEEN 4460848 AND 4460948
	Index Only Scan using sbtest1_pkey on sbtest1  (cost=0.43..10.51 rows=104 width=4)
	  Index Cond: ((id >= 4460848) AND (id <= 4460948))

table 2 : explain SELECT id FROM sbtest2 WHERE id BETWEEN 4460848 AND 4460948
	Index Only Scan using sbtest2_pkey on sbtest2  (cost=0.43..10.50 rows=103 width=4)
	  Index Cond: ((id >= 4460848) AND (id <= 4460948))

table 3 : explain SELECT id FROM sbtest3 WHERE id BETWEEN 4460848 AND 4460948
	Index Only Scan using sbtest3_pkey on sbtest3  (cost=0.43..10.40 rows=98 width=4)
	  Index Cond: ((id >= 4460848) AND (id <= 4460948))

table 4 : explain SELECT id FROM sbtest4 WHERE id BETWEEN 4460848 AND 4460948
	Index Only Scan using sbtest4_pkey on sbtest4  (cost=0.43..10.24 rows=90 width=4)
	  Index Cond: ((id >= 4460848) AND (id <= 4460948))

table 5 : explain SELECT id FROM sbtest5 WHERE id BETWEEN 4460848 AND 4460948
	Index Only Scan using sbtest5_pkey on sbtest5  (cost=0.43..10.36 rows=96 width=4)
	  Index Cond: ((id >= 4460848) AND (id <= 4460948))

table 6 : explain SELECT id FROM sbtest6 WHERE id BETWEEN 4460848 AND 4460948
	Index Only Scan using sbtest6_pkey on sbtest6  (cost=0.43..10.62 rows=109 width=4)
	  Index Cond: ((id >= 4460848) AND (id <= 4460948))

table 7 : explain SELECT id FROM sbtest7 WHERE id BETWEEN 4460848 AND 4460948
	Index Only Scan using sbtest7_pkey on sbtest7  (cost=0.43..10.42 rows=99 width=4)
	  Index Cond: ((id >= 4460848) AND (id <= 4460948))

table 8 : explain SELECT id FROM sbtest8 WHERE id BETWEEN 4460848 AND 4460948
	Index Only Scan using sbtest8_pkey on sbtest8  (cost=0.43..10.46 rows=101 width=4)
	  Index Cond: ((id >= 4460848) AND (id <= 4460948))

for range-covered
table 1 : explain SELECT id FROM sbtest1 WHERE id BETWEEN 7285462 AND 7285562
	Index Only Scan using sbtest1_pkey on sbtest1  (cost=0.43..10.42 rows=99 width=4)
	  Index Cond: ((id >= 7285462) AND (id <= 7285562))

table 2 : explain SELECT id FROM sbtest2 WHERE id BETWEEN 7285462 AND 7285562
	Index Only Scan using sbtest2_pkey on sbtest2  (cost=0.43..10.68 rows=112 width=4)
	  Index Cond: ((id >= 7285462) AND (id <= 7285562))

table 3 : explain SELECT id FROM sbtest3 WHERE id BETWEEN 7285462 AND 7285562
	Index Only Scan using sbtest3_pkey on sbtest3  (cost=0.43..10.46 rows=101 width=4)
	  Index Cond: ((id >= 7285462) AND (id <= 7285562))

table 4 : explain SELECT id FROM sbtest4 WHERE id BETWEEN 7285462 AND 7285562
	Index Only Scan using sbtest4_pkey on sbtest4  (cost=0.43..10.33 rows=95 width=4)
	  Index Cond: ((id >= 7285462) AND (id <= 7285562))

table 5 : explain SELECT id FROM sbtest5 WHERE id BETWEEN 7285462 AND 7285562
	Index Only Scan using sbtest5_pkey on sbtest5  (cost=0.43..10.70 rows=113 width=4)
	  Index Cond: ((id >= 7285462) AND (id <= 7285562))

table 6 : explain SELECT id FROM sbtest6 WHERE id BETWEEN 7285462 AND 7285562
	Index Only Scan using sbtest6_pkey on sbtest6  (cost=0.43..10.46 rows=101 width=4)
	  Index Cond: ((id >= 7285462) AND (id <= 7285562))

table 7 : explain SELECT id FROM sbtest7 WHERE id BETWEEN 7285462 AND 7285562
	Index Only Scan using sbtest7_pkey on sbtest7  (cost=0.43..10.33 rows=95 width=4)
	  Index Cond: ((id >= 7285462) AND (id <= 7285562))

table 8 : explain SELECT id FROM sbtest8 WHERE id BETWEEN 7285462 AND 7285562
	Index Only Scan using sbtest8_pkey on sbtest8  (cost=0.43..10.50 rows=103 width=4)
	  Index Cond: ((id >= 7285462) AND (id <= 7285562))

explain: for range-covered :: explain SELECT id FROM sbtest%d WHERE id BETWEEN 4460848 AND 4460948
explain: for range-covered :: explain SELECT id FROM sbtest%d WHERE id BETWEEN 7285462 AND 7285562
for range-covered
table 1 : explain SELECT id FROM sbtest1 WHERE id BETWEEN 3007038 AND 3007138
	Index Only Scan using sbtest1_pkey on sbtest1  (cost=0.43..10.47 rows=102 width=4)
	  Index Cond: ((id >= 3007038) AND (id <= 3007138))

table 2 : explain SELECT id FROM sbtest2 WHERE id BETWEEN 3007038 AND 3007138
	Index Only Scan using sbtest2_pkey on sbtest2  (cost=0.43..10.46 rows=101 width=4)
	  Index Cond: ((id >= 3007038) AND (id <= 3007138))

table 3 : explain SELECT id FROM sbtest3 WHERE id BETWEEN 3007038 AND 3007138
	Index Only Scan using sbtest3_pkey on sbtest3  (cost=0.43..10.33 rows=95 width=4)
	  Index Cond: ((id >= 3007038) AND (id <= 3007138))

table 4 : explain SELECT id FROM sbtest4 WHERE id BETWEEN 3007038 AND 3007138
	Index Only Scan using sbtest4_pkey on sbtest4  (cost=0.43..10.86 rows=121 width=4)
	  Index Cond: ((id >= 3007038) AND (id <= 3007138))

table 5 : explain SELECT id FROM sbtest5 WHERE id BETWEEN 3007038 AND 3007138
	Index Only Scan using sbtest5_pkey on sbtest5  (cost=0.43..10.46 rows=101 width=4)
	  Index Cond: ((id >= 3007038) AND (id <= 3007138))

table 6 : explain SELECT id FROM sbtest6 WHERE id BETWEEN 3007038 AND 3007138
	Index Only Scan using sbtest6_pkey on sbtest6  (cost=0.43..10.47 rows=102 width=4)
	  Index Cond: ((id >= 3007038) AND (id <= 3007138))

table 7 : explain SELECT id FROM sbtest7 WHERE id BETWEEN 3007038 AND 3007138
	Index Only Scan using sbtest7_pkey on sbtest7  (cost=0.43..10.33 rows=95 width=4)
	  Index Cond: ((id >= 3007038) AND (id <= 3007138))

table 8 : explain SELECT id FROM sbtest8 WHERE id BETWEEN 3007038 AND 3007138
	Index Only Scan using sbtest8_pkey on sbtest8  (cost=0.43..10.46 rows=101 width=4)
	  Index Cond: ((id >= 3007038) AND (id <= 3007138))

explain: for range-covered :: explain SELECT id FROM sbtest%d WHERE id BETWEEN 3007038 AND 3007138
for range-covered
table 1 : explain SELECT id FROM sbtest1 WHERE id BETWEEN 5033742 AND 5033842
	Index Only Scan using sbtest1_pkey on sbtest1  (cost=0.43..10.40 rows=98 width=4)
	  Index Cond: ((id >= 5033742) AND (id <= 5033842))

table 2 : explain SELECT id FROM sbtest2 WHERE id BETWEEN 5033742 AND 5033842
	Index Only Scan using sbtest2_pkey on sbtest2  (cost=0.43..10.36 rows=96 width=4)
	  Index Cond: ((id >= 5033742) AND (id <= 5033842))

table 3 : explain SELECT id FROM sbtest3 WHERE id BETWEEN 5033742 AND 5033842
	Index Only Scan using sbtest3_pkey on sbtest3  (cost=0.43..10.63 rows=110 width=4)
	  Index Cond: ((id >= 5033742) AND (id <= 5033842))

table 4 : explain SELECT id FROM sbtest4 WHERE id BETWEEN 5033742 AND 5033842
	Index Only Scan using sbtest4_pkey on sbtest4  (cost=0.43..10.38 rows=97 width=4)
	  Index Cond: ((id >= 5033742) AND (id <= 5033842))

table 5 : explain SELECT id FROM sbtest5 WHERE id BETWEEN 5033742 AND 5033842
	Index Only Scan using sbtest5_pkey on sbtest5  (cost=0.43..10.50 rows=103 width=4)
	  Index Cond: ((id >= 5033742) AND (id <= 5033842))

table 6 : explain SELECT id FROM sbtest6 WHERE id BETWEEN 5033742 AND 5033842
	Index Only Scan using sbtest6_pkey on sbtest6  (cost=0.43..10.29 rows=93 width=4)
	  Index Cond: ((id >= 5033742) AND (id <= 5033842))

table 7 : explain SELECT id FROM sbtest7 WHERE id BETWEEN 5033742 AND 5033842
	Index Only Scan using sbtest7_pkey on sbtest7  (cost=0.43..10.47 rows=102 width=4)
	  Index Cond: ((id >= 5033742) AND (id <= 5033842))

table 8 : explain SELECT id FROM sbtest8 WHERE id BETWEEN 5033742 AND 5033842
	Index Only Scan using sbtest8_pkey on sbtest8  (cost=0.43..10.29 rows=93 width=4)
	  Index Cond: ((id >= 5033742) AND (id <= 5033842))

explain: for range-covered :: explain SELECT id FROM sbtest%d WHERE id BETWEEN 5033742 AND 5033842
explain: for range-covered :: explain SELECT id FROM sbtest%d WHERE id BETWEEN 8128619 AND 8128719
for range-covered
table 1 : explain SELECT id FROM sbtest1 WHERE id BETWEEN 2427499 AND 2427599
	Index Only Scan using sbtest1_pkey on sbtest1  (cost=0.43..10.44 rows=100 width=4)
	  Index Cond: ((id >= 2427499) AND (id <= 2427599))

table 2 : explain SELECT id FROM sbtest2 WHERE id BETWEEN 2427499 AND 2427599
	Index Only Scan using sbtest2_pkey on sbtest2  (cost=0.43..10.47 rows=102 width=4)
	  Index Cond: ((id >= 2427499) AND (id <= 2427599))

table 3 : explain SELECT id FROM sbtest3 WHERE id BETWEEN 2427499 AND 2427599
	Index Only Scan using sbtest3_pkey on sbtest3  (cost=0.43..10.51 rows=104 width=4)
	  Index Cond: ((id >= 2427499) AND (id <= 2427599))

table 4 : explain SELECT id FROM sbtest4 WHERE id BETWEEN 2427499 AND 2427599
	Index Only Scan using sbtest4_pkey on sbtest4  (cost=0.43..10.46 rows=101 width=4)
	  Index Cond: ((id >= 2427499) AND (id <= 2427599))

table 5 : explain SELECT id FROM sbtest5 WHERE id BETWEEN 2427499 AND 2427599
	Index Only Scan using sbtest5_pkey on sbtest5  (cost=0.43..10.38 rows=97 width=4)
	  Index Cond: ((id >= 2427499) AND (id <= 2427599))

table 6 : explain SELECT id FROM sbtest6 WHERE id BETWEEN 2427499 AND 2427599
	Index Only Scan using sbtest6_pkey on sbtest6  (cost=0.43..10.40 rows=98 width=4)
	  Index Cond: ((id >= 2427499) AND (id <= 2427599))

table 7 : explain SELECT id FROM sbtest7 WHERE id BETWEEN 2427499 AND 2427599
	Index Only Scan using sbtest7_pkey on sbtest7  (cost=0.43..10.40 rows=98 width=4)
	  Index Cond: ((id >= 2427499) AND (id <= 2427599))

table 8 : explain SELECT id FROM sbtest8 WHERE id BETWEEN 2427499 AND 2427599
	Index Only Scan using sbtest8_pkey on sbtest8  (cost=0.43..10.28 rows=92 width=4)
	  Index Cond: ((id >= 2427499) AND (id <= 2427599))

explain: for range-covered :: explain SELECT id FROM sbtest%d WHERE id BETWEEN 2427499 AND 2427599
for range-covered
table 1 : explain SELECT id FROM sbtest1 WHERE id BETWEEN 4460848 AND 4460948
	Index Only Scan using sbtest1_pkey on sbtest1  (cost=0.43..10.51 rows=104 width=4)
	  Index Cond: ((id >= 4460848) AND (id <= 4460948))

table 2 : explain SELECT id FROM sbtest2 WHERE id BETWEEN 4460848 AND 4460948
	Index Only Scan using sbtest2_pkey on sbtest2  (cost=0.43..10.50 rows=103 width=4)
	  Index Cond: ((id >= 4460848) AND (id <= 4460948))

table 3 : explain SELECT id FROM sbtest3 WHERE id BETWEEN 4460848 AND 4460948
	Index Only Scan using sbtest3_pkey on sbtest3  (cost=0.43..10.40 rows=98 width=4)
	  Index Cond: ((id >= 4460848) AND (id <= 4460948))

table 4 : explain SELECT id FROM sbtest4 WHERE id BETWEEN 4460848 AND 4460948
	Index Only Scan using sbtest4_pkey on sbtest4  (cost=0.43..10.24 rows=90 width=4)
	  Index Cond: ((id >= 4460848) AND (id <= 4460948))

table 5 : explain SELECT id FROM sbtest5 WHERE id BETWEEN 4460848 AND 4460948
	Index Only Scan using sbtest5_pkey on sbtest5  (cost=0.43..10.36 rows=96 width=4)
	  Index Cond: ((id >= 4460848) AND (id <= 4460948))

table 6 : explain SELECT id FROM sbtest6 WHERE id BETWEEN 4460848 AND 4460948
	Index Only Scan using sbtest6_pkey on sbtest6  (cost=0.43..10.62 rows=109 width=4)
	  Index Cond: ((id >= 4460848) AND (id <= 4460948))

table 7 : explain SELECT id FROM sbtest7 WHERE id BETWEEN 4460848 AND 4460948
	Index Only Scan using sbtest7_pkey on sbtest7  (cost=0.43..10.42 rows=99 width=4)
	  Index Cond: ((id >= 4460848) AND (id <= 4460948))

table 8 : explain SELECT id FROM sbtest8 WHERE id BETWEEN 4460848 AND 4460948
	Index Only Scan using sbtest8_pkey on sbtest8  (cost=0.43..10.46 rows=101 width=4)
	  Index Cond: ((id >= 4460848) AND (id <= 4460948))

for range-covered
table 1 : explain SELECT id FROM sbtest1 WHERE id BETWEEN 7285462 AND 7285562
	Index Only Scan using sbtest1_pkey on sbtest1  (cost=0.43..10.42 rows=99 width=4)
	  Index Cond: ((id >= 7285462) AND (id <= 7285562))

table 2 : explain SELECT id FROM sbtest2 WHERE id BETWEEN 7285462 AND 7285562
	Index Only Scan using sbtest2_pkey on sbtest2  (cost=0.43..10.68 rows=112 width=4)
	  Index Cond: ((id >= 7285462) AND (id <= 7285562))

table 3 : explain SELECT id FROM sbtest3 WHERE id BETWEEN 7285462 AND 7285562
	Index Only Scan using sbtest3_pkey on sbtest3  (cost=0.43..10.46 rows=101 width=4)
	  Index Cond: ((id >= 7285462) AND (id <= 7285562))

table 4 : explain SELECT id FROM sbtest4 WHERE id BETWEEN 7285462 AND 7285562
	Index Only Scan using sbtest4_pkey on sbtest4  (cost=0.43..10.33 rows=95 width=4)
	  Index Cond: ((id >= 7285462) AND (id <= 7285562))

table 5 : explain SELECT id FROM sbtest5 WHERE id BETWEEN 7285462 AND 7285562
	Index Only Scan using sbtest5_pkey on sbtest5  (cost=0.43..10.70 rows=113 width=4)
	  Index Cond: ((id >= 7285462) AND (id <= 7285562))

table 6 : explain SELECT id FROM sbtest6 WHERE id BETWEEN 7285462 AND 7285562
	Index Only Scan using sbtest6_pkey on sbtest6  (cost=0.43..10.46 rows=101 width=4)
	  Index Cond: ((id >= 7285462) AND (id <= 7285562))

table 7 : explain SELECT id FROM sbtest7 WHERE id BETWEEN 7285462 AND 7285562
	Index Only Scan using sbtest7_pkey on sbtest7  (cost=0.43..10.33 rows=95 width=4)
	  Index Cond: ((id >= 7285462) AND (id <= 7285562))

table 8 : explain SELECT id FROM sbtest8 WHERE id BETWEEN 7285462 AND 7285562
	Index Only Scan using sbtest8_pkey on sbtest8  (cost=0.43..10.50 rows=103 width=4)
	  Index Cond: ((id >= 7285462) AND (id <= 7285562))

explain: for range-covered :: explain SELECT id FROM sbtest%d WHERE id BETWEEN 4460848 AND 4460948
for range-covered
table 1 : explain SELECT id FROM sbtest1 WHERE id BETWEEN 3007038 AND 3007138
	Index Only Scan using sbtest1_pkey on sbtest1  (cost=0.43..10.47 rows=102 width=4)
	  Index Cond: ((id >= 3007038) AND (id <= 3007138))

table 2 : explain SELECT id FROM sbtest2 WHERE id BETWEEN 3007038 AND 3007138
	Index Only Scan using sbtest2_pkey on sbtest2  (cost=0.43..10.46 rows=101 width=4)
	  Index Cond: ((id >= 3007038) AND (id <= 3007138))

table 3 : explain SELECT id FROM sbtest3 WHERE id BETWEEN 3007038 AND 3007138
	Index Only Scan using sbtest3_pkey on sbtest3  (cost=0.43..10.33 rows=95 width=4)
	  Index Cond: ((id >= 3007038) AND (id <= 3007138))

table 4 : explain SELECT id FROM sbtest4 WHERE id BETWEEN 3007038 AND 3007138
	Index Only Scan using sbtest4_pkey on sbtest4  (cost=0.43..10.86 rows=121 width=4)
	  Index Cond: ((id >= 3007038) AND (id <= 3007138))

table 5 : explain SELECT id FROM sbtest5 WHERE id BETWEEN 3007038 AND 3007138
	Index Only Scan using sbtest5_pkey on sbtest5  (cost=0.43..10.46 rows=101 width=4)
	  Index Cond: ((id >= 3007038) AND (id <= 3007138))

table 6 : explain SELECT id FROM sbtest6 WHERE id BETWEEN 3007038 AND 3007138
	Index Only Scan using sbtest6_pkey on sbtest6  (cost=0.43..10.47 rows=102 width=4)
	  Index Cond: ((id >= 3007038) AND (id <= 3007138))

table 7 : explain SELECT id FROM sbtest7 WHERE id BETWEEN 3007038 AND 3007138
	Index Only Scan using sbtest7_pkey on sbtest7  (cost=0.43..10.33 rows=95 width=4)
	  Index Cond: ((id >= 3007038) AND (id <= 3007138))

table 8 : explain SELECT id FROM sbtest8 WHERE id BETWEEN 3007038 AND 3007138
	Index Only Scan using sbtest8_pkey on sbtest8  (cost=0.43..10.46 rows=101 width=4)
	  Index Cond: ((id >= 3007038) AND (id <= 3007138))

explain: for range-covered :: explain SELECT id FROM sbtest%d WHERE id BETWEEN 3007038 AND 3007138
explain: for range-covered :: explain SELECT id FROM sbtest%d WHERE id BETWEEN 2028135 AND 2028235
for range-covered
table 1 : explain SELECT id FROM sbtest1 WHERE id BETWEEN 5033742 AND 5033842
	Index Only Scan using sbtest1_pkey on sbtest1  (cost=0.43..10.40 rows=98 width=4)
	  Index Cond: ((id >= 5033742) AND (id <= 5033842))

table 2 : explain SELECT id FROM sbtest2 WHERE id BETWEEN 5033742 AND 5033842
	Index Only Scan using sbtest2_pkey on sbtest2  (cost=0.43..10.36 rows=96 width=4)
	  Index Cond: ((id >= 5033742) AND (id <= 5033842))

table 3 : explain SELECT id FROM sbtest3 WHERE id BETWEEN 5033742 AND 5033842
	Index Only Scan using sbtest3_pkey on sbtest3  (cost=0.43..10.63 rows=110 width=4)
	  Index Cond: ((id >= 5033742) AND (id <= 5033842))

table 4 : explain SELECT id FROM sbtest4 WHERE id BETWEEN 5033742 AND 5033842
	Index Only Scan using sbtest4_pkey on sbtest4  (cost=0.43..10.38 rows=97 width=4)
	  Index Cond: ((id >= 5033742) AND (id <= 5033842))

table 5 : explain SELECT id FROM sbtest5 WHERE id BETWEEN 5033742 AND 5033842
	Index Only Scan using sbtest5_pkey on sbtest5  (cost=0.43..10.50 rows=103 width=4)
	  Index Cond: ((id >= 5033742) AND (id <= 5033842))

table 6 : explain SELECT id FROM sbtest6 WHERE id BETWEEN 5033742 AND 5033842
	Index Only Scan using sbtest6_pkey on sbtest6  (cost=0.43..10.29 rows=93 width=4)
	  Index Cond: ((id >= 5033742) AND (id <= 5033842))

table 7 : explain SELECT id FROM sbtest7 WHERE id BETWEEN 5033742 AND 5033842
	Index Only Scan using sbtest7_pkey on sbtest7  (cost=0.43..10.47 rows=102 width=4)
	  Index Cond: ((id >= 5033742) AND (id <= 5033842))

table 8 : explain SELECT id FROM sbtest8 WHERE id BETWEEN 5033742 AND 5033842
	Index Only Scan using sbtest8_pkey on sbtest8  (cost=0.43..10.29 rows=93 width=4)
	  Index Cond: ((id >= 5033742) AND (id <= 5033842))

explain: for range-covered :: explain SELECT id FROM sbtest%d WHERE id BETWEEN 5033742 AND 5033842
for range-covered
table 1 : explain SELECT id FROM sbtest1 WHERE id BETWEEN 2427499 AND 2427599
	Index Only Scan using sbtest1_pkey on sbtest1  (cost=0.43..10.44 rows=100 width=4)
	  Index Cond: ((id >= 2427499) AND (id <= 2427599))

table 2 : explain SELECT id FROM sbtest2 WHERE id BETWEEN 2427499 AND 2427599
	Index Only Scan using sbtest2_pkey on sbtest2  (cost=0.43..10.47 rows=102 width=4)
	  Index Cond: ((id >= 2427499) AND (id <= 2427599))

table 3 : explain SELECT id FROM sbtest3 WHERE id BETWEEN 2427499 AND 2427599
	Index Only Scan using sbtest3_pkey on sbtest3  (cost=0.43..10.51 rows=104 width=4)
	  Index Cond: ((id >= 2427499) AND (id <= 2427599))

table 4 : explain SELECT id FROM sbtest4 WHERE id BETWEEN 2427499 AND 2427599
	Index Only Scan using sbtest4_pkey on sbtest4  (cost=0.43..10.46 rows=101 width=4)
	  Index Cond: ((id >= 2427499) AND (id <= 2427599))

table 5 : explain SELECT id FROM sbtest5 WHERE id BETWEEN 2427499 AND 2427599
	Index Only Scan using sbtest5_pkey on sbtest5  (cost=0.43..10.38 rows=97 width=4)
	  Index Cond: ((id >= 2427499) AND (id <= 2427599))

table 6 : explain SELECT id FROM sbtest6 WHERE id BETWEEN 2427499 AND 2427599
	Index Only Scan using sbtest6_pkey on sbtest6  (cost=0.43..10.40 rows=98 width=4)
	  Index Cond: ((id >= 2427499) AND (id <= 2427599))

table 7 : explain SELECT id FROM sbtest7 WHERE id BETWEEN 2427499 AND 2427599
	Index Only Scan using sbtest7_pkey on sbtest7  (cost=0.43..10.40 rows=98 width=4)
	  Index Cond: ((id >= 2427499) AND (id <= 2427599))

table 8 : explain SELECT id FROM sbtest8 WHERE id BETWEEN 2427499 AND 2427599
	Index Only Scan using sbtest8_pkey on sbtest8  (cost=0.43..10.28 rows=92 width=4)
	  Index Cond: ((id >= 2427499) AND (id <= 2427599))

for range-covered
table 1 : explain SELECT id FROM sbtest1 WHERE id BETWEEN 4460848 AND 4460948
	Index Only Scan using sbtest1_pkey on sbtest1  (cost=0.43..10.51 rows=104 width=4)
	  Index Cond: ((id >= 4460848) AND (id <= 4460948))

table 2 : explain SELECT id FROM sbtest2 WHERE id BETWEEN 4460848 AND 4460948
	Index Only Scan using sbtest2_pkey on sbtest2  (cost=0.43..10.50 rows=103 width=4)
	  Index Cond: ((id >= 4460848) AND (id <= 4460948))

table 3 : explain SELECT id FROM sbtest3 WHERE id BETWEEN 4460848 AND 4460948
	Index Only Scan using sbtest3_pkey on sbtest3  (cost=0.43..10.40 rows=98 width=4)
	  Index Cond: ((id >= 4460848) AND (id <= 4460948))

table 4 : explain SELECT id FROM sbtest4 WHERE id BETWEEN 4460848 AND 4460948
	Index Only Scan using sbtest4_pkey on sbtest4  (cost=0.43..10.24 rows=90 width=4)
	  Index Cond: ((id >= 4460848) AND (id <= 4460948))

table 5 : explain SELECT id FROM sbtest5 WHERE id BETWEEN 4460848 AND 4460948
	Index Only Scan using sbtest5_pkey on sbtest5  (cost=0.43..10.36 rows=96 width=4)
	  Index Cond: ((id >= 4460848) AND (id <= 4460948))

table 6 : explain SELECT id FROM sbtest6 WHERE id BETWEEN 4460848 AND 4460948
	Index Only Scan using sbtest6_pkey on sbtest6  (cost=0.43..10.62 rows=109 width=4)
	  Index Cond: ((id >= 4460848) AND (id <= 4460948))

table 7 : explain SELECT id FROM sbtest7 WHERE id BETWEEN 4460848 AND 4460948
	Index Only Scan using sbtest7_pkey on sbtest7  (cost=0.43..10.42 rows=99 width=4)
	  Index Cond: ((id >= 4460848) AND (id <= 4460948))

table 8 : explain SELECT id FROM sbtest8 WHERE id BETWEEN 4460848 AND 4460948
	Index Only Scan using sbtest8_pkey on sbtest8  (cost=0.43..10.46 rows=101 width=4)
	  Index Cond: ((id >= 4460848) AND (id <= 4460948))
explain: for range-covered :: explain SELECT id FROM sbtest%d WHERE id BETWEEN 7042496 AND 7042596

for range-covered
table 1 : explain SELECT id FROM sbtest1 WHERE id BETWEEN 3007038 AND 3007138
	Index Only Scan using sbtest1_pkey on sbtest1  (cost=0.43..10.47 rows=102 width=4)
	  Index Cond: ((id >= 3007038) AND (id <= 3007138))

table 2 : explain SELECT id FROM sbtest2 WHERE id BETWEEN 3007038 AND 3007138
	Index Only Scan using sbtest2_pkey on sbtest2  (cost=0.43..10.46 rows=101 width=4)
	  Index Cond: ((id >= 3007038) AND (id <= 3007138))

table 3 : explain SELECT id FROM sbtest3 WHERE id BETWEEN 3007038 AND 3007138
	Index Only Scan using sbtest3_pkey on sbtest3  (cost=0.43..10.33 rows=95 width=4)
	  Index Cond: ((id >= 3007038) AND (id <= 3007138))

table 4 : explain SELECT id FROM sbtest4 WHERE id BETWEEN 3007038 AND 3007138
	Index Only Scan using sbtest4_pkey on sbtest4  (cost=0.43..10.86 rows=121 width=4)
	  Index Cond: ((id >= 3007038) AND (id <= 3007138))

table 5 : explain SELECT id FROM sbtest5 WHERE id BETWEEN 3007038 AND 3007138
	Index Only Scan using sbtest5_pkey on sbtest5  (cost=0.43..10.46 rows=101 width=4)
	  Index Cond: ((id >= 3007038) AND (id <= 3007138))

table 6 : explain SELECT id FROM sbtest6 WHERE id BETWEEN 3007038 AND 3007138
	Index Only Scan using sbtest6_pkey on sbtest6  (cost=0.43..10.47 rows=102 width=4)
	  Index Cond: ((id >= 3007038) AND (id <= 3007138))

table 7 : explain SELECT id FROM sbtest7 WHERE id BETWEEN 3007038 AND 3007138
	Index Only Scan using sbtest7_pkey on sbtest7  (cost=0.43..10.33 rows=95 width=4)
	  Index Cond: ((id >= 3007038) AND (id <= 3007138))

table 8 : explain SELECT id FROM sbtest8 WHERE id BETWEEN 3007038 AND 3007138
	Index Only Scan using sbtest8_pkey on sbtest8  (cost=0.43..10.46 rows=101 width=4)
	  Index Cond: ((id >= 3007038) AND (id <= 3007138))

explain: for range-covered :: explain SELECT id FROM sbtest%d WHERE id BETWEEN 2427499 AND 2427599
explain: for range-covered :: explain SELECT id FROM sbtest%d WHERE id BETWEEN 4460848 AND 4460948
explain: for range-covered :: explain SELECT id FROM sbtest%d WHERE id BETWEEN 3007038 AND 3007138
for range-covered
table 1 : explain SELECT id FROM sbtest1 WHERE id BETWEEN 5033742 AND 5033842
	Index Only Scan using sbtest1_pkey on sbtest1  (cost=0.43..10.40 rows=98 width=4)
	  Index Cond: ((id >= 5033742) AND (id <= 5033842))

table 2 : explain SELECT id FROM sbtest2 WHERE id BETWEEN 5033742 AND 5033842
	Index Only Scan using sbtest2_pkey on sbtest2  (cost=0.43..10.36 rows=96 width=4)
	  Index Cond: ((id >= 5033742) AND (id <= 5033842))

table 3 : explain SELECT id FROM sbtest3 WHERE id BETWEEN 5033742 AND 5033842
	Index Only Scan using sbtest3_pkey on sbtest3  (cost=0.43..10.63 rows=110 width=4)
	  Index Cond: ((id >= 5033742) AND (id <= 5033842))

table 4 : explain SELECT id FROM sbtest4 WHERE id BETWEEN 5033742 AND 5033842
	Index Only Scan using sbtest4_pkey on sbtest4  (cost=0.43..10.38 rows=97 width=4)
	  Index Cond: ((id >= 5033742) AND (id <= 5033842))

table 5 : explain SELECT id FROM sbtest5 WHERE id BETWEEN 5033742 AND 5033842
	Index Only Scan using sbtest5_pkey on sbtest5  (cost=0.43..10.50 rows=103 width=4)
	  Index Cond: ((id >= 5033742) AND (id <= 5033842))

table 6 : explain SELECT id FROM sbtest6 WHERE id BETWEEN 5033742 AND 5033842
	Index Only Scan using sbtest6_pkey on sbtest6  (cost=0.43..10.29 rows=93 width=4)
	  Index Cond: ((id >= 5033742) AND (id <= 5033842))

table 7 : explain SELECT id FROM sbtest7 WHERE id BETWEEN 5033742 AND 5033842
	Index Only Scan using sbtest7_pkey on sbtest7  (cost=0.43..10.47 rows=102 width=4)
	  Index Cond: ((id >= 5033742) AND (id <= 5033842))

table 8 : explain SELECT id FROM sbtest8 WHERE id BETWEEN 5033742 AND 5033842
	Index Only Scan using sbtest8_pkey on sbtest8  (cost=0.43..10.29 rows=93 width=4)
	  Index Cond: ((id >= 5033742) AND (id <= 5033842))

explain: for range-covered :: explain SELECT id FROM sbtest%d WHERE id BETWEEN 5033742 AND 5033842
for range-covered
table 1 : explain SELECT id FROM sbtest1 WHERE id BETWEEN 4460848 AND 4460948
	Index Only Scan using sbtest1_pkey on sbtest1  (cost=0.43..10.51 rows=104 width=4)
	  Index Cond: ((id >= 4460848) AND (id <= 4460948))

table 2 : explain SELECT id FROM sbtest2 WHERE id BETWEEN 4460848 AND 4460948
	Index Only Scan using sbtest2_pkey on sbtest2  (cost=0.43..10.50 rows=103 width=4)
	  Index Cond: ((id >= 4460848) AND (id <= 4460948))

table 3 : explain SELECT id FROM sbtest3 WHERE id BETWEEN 4460848 AND 4460948
	Index Only Scan using sbtest3_pkey on sbtest3  (cost=0.43..10.40 rows=98 width=4)
	  Index Cond: ((id >= 4460848) AND (id <= 4460948))

table 4 : explain SELECT id FROM sbtest4 WHERE id BETWEEN 4460848 AND 4460948
	Index Only Scan using sbtest4_pkey on sbtest4  (cost=0.43..10.24 rows=90 width=4)
	  Index Cond: ((id >= 4460848) AND (id <= 4460948))

table 5 : explain SELECT id FROM sbtest5 WHERE id BETWEEN 4460848 AND 4460948
	Index Only Scan using sbtest5_pkey on sbtest5  (cost=0.43..10.36 rows=96 width=4)
	  Index Cond: ((id >= 4460848) AND (id <= 4460948))

table 6 : explain SELECT id FROM sbtest6 WHERE id BETWEEN 4460848 AND 4460948
	Index Only Scan using sbtest6_pkey on sbtest6  (cost=0.43..10.62 rows=109 width=4)
	  Index Cond: ((id >= 4460848) AND (id <= 4460948))

table 7 : explain SELECT id FROM sbtest7 WHERE id BETWEEN 4460848 AND 4460948
	Index Only Scan using sbtest7_pkey on sbtest7  (cost=0.43..10.42 rows=99 width=4)
	  Index Cond: ((id >= 4460848) AND (id <= 4460948))

table 8 : explain SELECT id FROM sbtest8 WHERE id BETWEEN 4460848 AND 4460948
	Index Only Scan using sbtest8_pkey on sbtest8  (cost=0.43..10.46 rows=101 width=4)
	  Index Cond: ((id >= 4460848) AND (id <= 4460948))

for range-covered
table 1 : explain SELECT id FROM sbtest1 WHERE id BETWEEN 3007038 AND 3007138
	Index Only Scan using sbtest1_pkey on sbtest1  (cost=0.43..10.47 rows=102 width=4)
	  Index Cond: ((id >= 3007038) AND (id <= 3007138))

table 2 : explain SELECT id FROM sbtest2 WHERE id BETWEEN 3007038 AND 3007138
	Index Only Scan using sbtest2_pkey on sbtest2  (cost=0.43..10.46 rows=101 width=4)
	  Index Cond: ((id >= 3007038) AND (id <= 3007138))

table 3 : explain SELECT id FROM sbtest3 WHERE id BETWEEN 3007038 AND 3007138
	Index Only Scan using sbtest3_pkey on sbtest3  (cost=0.43..10.33 rows=95 width=4)
	  Index Cond: ((id >= 3007038) AND (id <= 3007138))

table 4 : explain SELECT id FROM sbtest4 WHERE id BETWEEN 3007038 AND 3007138
	Index Only Scan using sbtest4_pkey on sbtest4  (cost=0.43..10.86 rows=121 width=4)
	  Index Cond: ((id >= 3007038) AND (id <= 3007138))

table 5 : explain SELECT id FROM sbtest5 WHERE id BETWEEN 3007038 AND 3007138
	Index Only Scan using sbtest5_pkey on sbtest5  (cost=0.43..10.46 rows=101 width=4)
	  Index Cond: ((id >= 3007038) AND (id <= 3007138))

table 6 : explain SELECT id FROM sbtest6 WHERE id BETWEEN 3007038 AND 3007138
	Index Only Scan using sbtest6_pkey on sbtest6  (cost=0.43..10.47 rows=102 width=4)
	  Index Cond: ((id >= 3007038) AND (id <= 3007138))

table 7 : explain SELECT id FROM sbtest7 WHERE id BETWEEN 3007038 AND 3007138
	Index Only Scan using sbtest7_pkey on sbtest7  (cost=0.43..10.33 rows=95 width=4)
	  Index Cond: ((id >= 3007038) AND (id <= 3007138))

table 8 : explain SELECT id FROM sbtest8 WHERE id BETWEEN 3007038 AND 3007138
	Index Only Scan using sbtest8_pkey on sbtest8  (cost=0.43..10.46 rows=101 width=4)
	  Index Cond: ((id >= 3007038) AND (id <= 3007138))

for range-covered
table 1 : explain SELECT id FROM sbtest1 WHERE id BETWEEN 2427499 AND 2427599
	Index Only Scan using sbtest1_pkey on sbtest1  (cost=0.43..10.44 rows=100 width=4)
	  Index Cond: ((id >= 2427499) AND (id <= 2427599))

table 2 : explain SELECT id FROM sbtest2 WHERE id BETWEEN 2427499 AND 2427599
	Index Only Scan using sbtest2_pkey on sbtest2  (cost=0.43..10.47 rows=102 width=4)
	  Index Cond: ((id >= 2427499) AND (id <= 2427599))

table 3 : explain SELECT id FROM sbtest3 WHERE id BETWEEN 2427499 AND 2427599
	Index Only Scan using sbtest3_pkey on sbtest3  (cost=0.43..10.51 rows=104 width=4)
	  Index Cond: ((id >= 2427499) AND (id <= 2427599))

table 4 : explain SELECT id FROM sbtest4 WHERE id BETWEEN 2427499 AND 2427599
	Index Only Scan using sbtest4_pkey on sbtest4  (cost=0.43..10.46 rows=101 width=4)
	  Index Cond: ((id >= 2427499) AND (id <= 2427599))

table 5 : explain SELECT id FROM sbtest5 WHERE id BETWEEN 2427499 AND 2427599
	Index Only Scan using sbtest5_pkey on sbtest5  (cost=0.43..10.38 rows=97 width=4)
	  Index Cond: ((id >= 2427499) AND (id <= 2427599))

table 6 : explain SELECT id FROM sbtest6 WHERE id BETWEEN 2427499 AND 2427599
	Index Only Scan using sbtest6_pkey on sbtest6  (cost=0.43..10.40 rows=98 width=4)
	  Index Cond: ((id >= 2427499) AND (id <= 2427599))

table 7 : explain SELECT id FROM sbtest7 WHERE id BETWEEN 2427499 AND 2427599
	Index Only Scan using sbtest7_pkey on sbtest7  (cost=0.43..10.40 rows=98 width=4)
	  Index Cond: ((id >= 2427499) AND (id <= 2427599))

table 8 : explain SELECT id FROM sbtest8 WHERE id BETWEEN 2427499 AND 2427599
	Index Only Scan using sbtest8_pkey on sbtest8  (cost=0.43..10.28 rows=92 width=4)
	  Index Cond: ((id >= 2427499) AND (id <= 2427599))

explain: for range-covered :: explain SELECT id FROM sbtest%d WHERE id BETWEEN 4460848 AND 4460948
explain: for range-covered :: explain SELECT id FROM sbtest%d WHERE id BETWEEN 3007038 AND 3007138
explain: for range-covered :: explain SELECT id FROM sbtest%d WHERE id BETWEEN 2549493 AND 2549593
for range-covered
table 1 : explain SELECT id FROM sbtest1 WHERE id BETWEEN 5033742 AND 5033842
	Index Only Scan using sbtest1_pkey on sbtest1  (cost=0.43..10.40 rows=98 width=4)
	  Index Cond: ((id >= 5033742) AND (id <= 5033842))

table 2 : explain SELECT id FROM sbtest2 WHERE id BETWEEN 5033742 AND 5033842
	Index Only Scan using sbtest2_pkey on sbtest2  (cost=0.43..10.36 rows=96 width=4)
	  Index Cond: ((id >= 5033742) AND (id <= 5033842))

table 3 : explain SELECT id FROM sbtest3 WHERE id BETWEEN 5033742 AND 5033842
	Index Only Scan using sbtest3_pkey on sbtest3  (cost=0.43..10.63 rows=110 width=4)
	  Index Cond: ((id >= 5033742) AND (id <= 5033842))

table 4 : explain SELECT id FROM sbtest4 WHERE id BETWEEN 5033742 AND 5033842
	Index Only Scan using sbtest4_pkey on sbtest4  (cost=0.43..10.38 rows=97 width=4)
	  Index Cond: ((id >= 5033742) AND (id <= 5033842))

table 5 : explain SELECT id FROM sbtest5 WHERE id BETWEEN 5033742 AND 5033842
	Index Only Scan using sbtest5_pkey on sbtest5  (cost=0.43..10.50 rows=103 width=4)
	  Index Cond: ((id >= 5033742) AND (id <= 5033842))

table 6 : explain SELECT id FROM sbtest6 WHERE id BETWEEN 5033742 AND 5033842
	Index Only Scan using sbtest6_pkey on sbtest6  (cost=0.43..10.29 rows=93 width=4)
	  Index Cond: ((id >= 5033742) AND (id <= 5033842))

table 7 : explain SELECT id FROM sbtest7 WHERE id BETWEEN 5033742 AND 5033842
	Index Only Scan using sbtest7_pkey on sbtest7  (cost=0.43..10.47 rows=102 width=4)
	  Index Cond: ((id >= 5033742) AND (id <= 5033842))

table 8 : explain SELECT id FROM sbtest8 WHERE id BETWEEN 5033742 AND 5033842
	Index Only Scan using sbtest8_pkey on sbtest8  (cost=0.43..10.29 rows=93 width=4)
	  Index Cond: ((id >= 5033742) AND (id <= 5033842))

explain: for range-covered :: explain SELECT id FROM sbtest%d WHERE id BETWEEN 5033742 AND 5033842
for range-covered
table 1 : explain SELECT id FROM sbtest1 WHERE id BETWEEN 4460848 AND 4460948
	Index Only Scan using sbtest1_pkey on sbtest1  (cost=0.43..10.51 rows=104 width=4)
	  Index Cond: ((id >= 4460848) AND (id <= 4460948))

table 2 : explain SELECT id FROM sbtest2 WHERE id BETWEEN 4460848 AND 4460948
	Index Only Scan using sbtest2_pkey on sbtest2  (cost=0.43..10.50 rows=103 width=4)
	  Index Cond: ((id >= 4460848) AND (id <= 4460948))

table 3 : explain SELECT id FROM sbtest3 WHERE id BETWEEN 4460848 AND 4460948
	Index Only Scan using sbtest3_pkey on sbtest3  (cost=0.43..10.40 rows=98 width=4)
	  Index Cond: ((id >= 4460848) AND (id <= 4460948))

table 4 : explain SELECT id FROM sbtest4 WHERE id BETWEEN 4460848 AND 4460948
	Index Only Scan using sbtest4_pkey on sbtest4  (cost=0.43..10.24 rows=90 width=4)
	  Index Cond: ((id >= 4460848) AND (id <= 4460948))

table 5 : explain SELECT id FROM sbtest5 WHERE id BETWEEN 4460848 AND 4460948
	Index Only Scan using sbtest5_pkey on sbtest5  (cost=0.43..10.36 rows=96 width=4)
	  Index Cond: ((id >= 4460848) AND (id <= 4460948))

table 6 : explain SELECT id FROM sbtest6 WHERE id BETWEEN 4460848 AND 4460948
	Index Only Scan using sbtest6_pkey on sbtest6  (cost=0.43..10.62 rows=109 width=4)
	  Index Cond: ((id >= 4460848) AND (id <= 4460948))

table 7 : explain SELECT id FROM sbtest7 WHERE id BETWEEN 4460848 AND 4460948
	Index Only Scan using sbtest7_pkey on sbtest7  (cost=0.43..10.42 rows=99 width=4)
	  Index Cond: ((id >= 4460848) AND (id <= 4460948))

table 8 : explain SELECT id FROM sbtest8 WHERE id BETWEEN 4460848 AND 4460948
	Index Only Scan using sbtest8_pkey on sbtest8  (cost=0.43..10.46 rows=101 width=4)
	  Index Cond: ((id >= 4460848) AND (id <= 4460948))

for range-covered
table 1 : explain SELECT id FROM sbtest1 WHERE id BETWEEN 3007038 AND 3007138
	Index Only Scan using sbtest1_pkey on sbtest1  (cost=0.43..10.47 rows=102 width=4)
	  Index Cond: ((id >= 3007038) AND (id <= 3007138))

table 2 : explain SELECT id FROM sbtest2 WHERE id BETWEEN 3007038 AND 3007138
	Index Only Scan using sbtest2_pkey on sbtest2  (cost=0.43..10.46 rows=101 width=4)
	  Index Cond: ((id >= 3007038) AND (id <= 3007138))

table 3 : explain SELECT id FROM sbtest3 WHERE id BETWEEN 3007038 AND 3007138
	Index Only Scan using sbtest3_pkey on sbtest3  (cost=0.43..10.33 rows=95 width=4)
	  Index Cond: ((id >= 3007038) AND (id <= 3007138))

table 4 : explain SELECT id FROM sbtest4 WHERE id BETWEEN 3007038 AND 3007138
	Index Only Scan using sbtest4_pkey on sbtest4  (cost=0.43..10.86 rows=121 width=4)
	  Index Cond: ((id >= 3007038) AND (id <= 3007138))

table 5 : explain SELECT id FROM sbtest5 WHERE id BETWEEN 3007038 AND 3007138
	Index Only Scan using sbtest5_pkey on sbtest5  (cost=0.43..10.46 rows=101 width=4)
	  Index Cond: ((id >= 3007038) AND (id <= 3007138))

table 6 : explain SELECT id FROM sbtest6 WHERE id BETWEEN 3007038 AND 3007138
	Index Only Scan using sbtest6_pkey on sbtest6  (cost=0.43..10.47 rows=102 width=4)
	  Index Cond: ((id >= 3007038) AND (id <= 3007138))

table 7 : explain SELECT id FROM sbtest7 WHERE id BETWEEN 3007038 AND 3007138
	Index Only Scan using sbtest7_pkey on sbtest7  (cost=0.43..10.33 rows=95 width=4)
	  Index Cond: ((id >= 3007038) AND (id <= 3007138))

table 8 : explain SELECT id FROM sbtest8 WHERE id BETWEEN 3007038 AND 3007138
	Index Only Scan using sbtest8_pkey on sbtest8  (cost=0.43..10.46 rows=101 width=4)
	  Index Cond: ((id >= 3007038) AND (id <= 3007138))

explain: for range-covered :: explain SELECT id FROM sbtest%d WHERE id BETWEEN 3007038 AND 3007138
for range-covered
table 1 : explain SELECT id FROM sbtest1 WHERE id BETWEEN 5033742 AND 5033842
	Index Only Scan using sbtest1_pkey on sbtest1  (cost=0.43..10.40 rows=98 width=4)
	  Index Cond: ((id >= 5033742) AND (id <= 5033842))

table 2 : explain SELECT id FROM sbtest2 WHERE id BETWEEN 5033742 AND 5033842
	Index Only Scan using sbtest2_pkey on sbtest2  (cost=0.43..10.36 rows=96 width=4)
	  Index Cond: ((id >= 5033742) AND (id <= 5033842))

table 3 : explain SELECT id FROM sbtest3 WHERE id BETWEEN 5033742 AND 5033842
	Index Only Scan using sbtest3_pkey on sbtest3  (cost=0.43..10.63 rows=110 width=4)
	  Index Cond: ((id >= 5033742) AND (id <= 5033842))

table 4 : explain SELECT id FROM sbtest4 WHERE id BETWEEN 5033742 AND 5033842
	Index Only Scan using sbtest4_pkey on sbtest4  (cost=0.43..10.38 rows=97 width=4)
	  Index Cond: ((id >= 5033742) AND (id <= 5033842))

table 5 : explain SELECT id FROM sbtest5 WHERE id BETWEEN 5033742 AND 5033842
	Index Only Scan using sbtest5_pkey on sbtest5  (cost=0.43..10.50 rows=103 width=4)
	  Index Cond: ((id >= 5033742) AND (id <= 5033842))

table 6 : explain SELECT id FROM sbtest6 WHERE id BETWEEN 5033742 AND 5033842
	Index Only Scan using sbtest6_pkey on sbtest6  (cost=0.43..10.29 rows=93 width=4)
	  Index Cond: ((id >= 5033742) AND (id <= 5033842))

table 7 : explain SELECT id FROM sbtest7 WHERE id BETWEEN 5033742 AND 5033842
	Index Only Scan using sbtest7_pkey on sbtest7  (cost=0.43..10.47 rows=102 width=4)
	  Index Cond: ((id >= 5033742) AND (id <= 5033842))

table 8 : explain SELECT id FROM sbtest8 WHERE id BETWEEN 5033742 AND 5033842
	Index Only Scan using sbtest8_pkey on sbtest8  (cost=0.43..10.29 rows=93 width=4)
	  Index Cond: ((id >= 5033742) AND (id <= 5033842))

for range-covered
table 1 : explain SELECT id FROM sbtest1 WHERE id BETWEEN 3088084 AND 3088184
	Index Only Scan using sbtest1_pkey on sbtest1  (cost=0.43..10.65 rows=111 width=4)
	  Index Cond: ((id >= 3088084) AND (id <= 3088184))

table 2 : explain SELECT id FROM sbtest2 WHERE id BETWEEN 3088084 AND 3088184
	Index Only Scan using sbtest2_pkey on sbtest2  (cost=0.43..10.47 rows=102 width=4)
	  Index Cond: ((id >= 3088084) AND (id <= 3088184))

table 3 : explain SELECT id FROM sbtest3 WHERE id BETWEEN 3088084 AND 3088184
	Index Only Scan using sbtest3_pkey on sbtest3  (cost=0.43..10.33 rows=95 width=4)
	  Index Cond: ((id >= 3088084) AND (id <= 3088184))

table 4 : explain SELECT id FROM sbtest4 WHERE id BETWEEN 3088084 AND 3088184
	Index Only Scan using sbtest4_pkey on sbtest4  (cost=0.43..10.44 rows=100 width=4)
	  Index Cond: ((id >= 3088084) AND (id <= 3088184))

table 5 : explain SELECT id FROM sbtest5 WHERE id BETWEEN 3088084 AND 3088184
	Index Only Scan using sbtest5_pkey on sbtest5  (cost=0.43..10.42 rows=99 width=4)
	  Index Cond: ((id >= 3088084) AND (id <= 3088184))

table 6 : explain SELECT id FROM sbtest6 WHERE id BETWEEN 3088084 AND 3088184
	Index Only Scan using sbtest6_pkey on sbtest6  (cost=0.43..10.42 rows=99 width=4)
	  Index Cond: ((id >= 3088084) AND (id <= 3088184))

table 7 : explain SELECT id FROM sbtest7 WHERE id BETWEEN 3088084 AND 3088184
	Index Only Scan using sbtest7_pkey on sbtest7  (cost=0.43..10.46 rows=101 width=4)
	  Index Cond: ((id >= 3088084) AND (id <= 3088184))

table 8 : explain SELECT id FROM sbtest8 WHERE id BETWEEN 3088084 AND 3088184
	Index Only Scan using sbtest8_pkey on sbtest8  (cost=0.43..10.40 rows=98 width=4)
	  Index Cond: ((id >= 3088084) AND (id <= 3088184))

explain: for range-covered :: explain SELECT id FROM sbtest%d WHERE id BETWEEN 3088084 AND 3088184
for range-covered
table 1 : explain SELECT id FROM sbtest1 WHERE id BETWEEN 3007038 AND 3007138
	Index Only Scan using sbtest1_pkey on sbtest1  (cost=0.43..10.47 rows=102 width=4)
	  Index Cond: ((id >= 3007038) AND (id <= 3007138))

table 2 : explain SELECT id FROM sbtest2 WHERE id BETWEEN 3007038 AND 3007138
	Index Only Scan using sbtest2_pkey on sbtest2  (cost=0.43..10.46 rows=101 width=4)
	  Index Cond: ((id >= 3007038) AND (id <= 3007138))

table 3 : explain SELECT id FROM sbtest3 WHERE id BETWEEN 3007038 AND 3007138
	Index Only Scan using sbtest3_pkey on sbtest3  (cost=0.43..10.33 rows=95 width=4)
	  Index Cond: ((id >= 3007038) AND (id <= 3007138))

table 4 : explain SELECT id FROM sbtest4 WHERE id BETWEEN 3007038 AND 3007138
	Index Only Scan using sbtest4_pkey on sbtest4  (cost=0.43..10.86 rows=121 width=4)
	  Index Cond: ((id >= 3007038) AND (id <= 3007138))

table 5 : explain SELECT id FROM sbtest5 WHERE id BETWEEN 3007038 AND 3007138
	Index Only Scan using sbtest5_pkey on sbtest5  (cost=0.43..10.46 rows=101 width=4)
	  Index Cond: ((id >= 3007038) AND (id <= 3007138))

table 6 : explain SELECT id FROM sbtest6 WHERE id BETWEEN 3007038 AND 3007138
	Index Only Scan using sbtest6_pkey on sbtest6  (cost=0.43..10.47 rows=102 width=4)
	  Index Cond: ((id >= 3007038) AND (id <= 3007138))

table 7 : explain SELECT id FROM sbtest7 WHERE id BETWEEN 3007038 AND 3007138
	Index Only Scan using sbtest7_pkey on sbtest7  (cost=0.43..10.33 rows=95 width=4)
	  Index Cond: ((id >= 3007038) AND (id <= 3007138))

table 8 : explain SELECT id FROM sbtest8 WHERE id BETWEEN 3007038 AND 3007138
	Index Only Scan using sbtest8_pkey on sbtest8  (cost=0.43..10.46 rows=101 width=4)
	  Index Cond: ((id >= 3007038) AND (id <= 3007138))

for range-covered
table 1 : explain SELECT id FROM sbtest1 WHERE id BETWEEN 7042496 AND 7042596
	Index Only Scan using sbtest1_pkey on sbtest1  (cost=0.43..10.40 rows=98 width=4)
	  Index Cond: ((id >= 7042496) AND (id <= 7042596))

table 2 : explain SELECT id FROM sbtest2 WHERE id BETWEEN 7042496 AND 7042596
	Index Only Scan using sbtest2_pkey on sbtest2  (cost=0.43..10.51 rows=104 width=4)
	  Index Cond: ((id >= 7042496) AND (id <= 7042596))

table 3 : explain SELECT id FROM sbtest3 WHERE id BETWEEN 7042496 AND 7042596
	Index Only Scan using sbtest3_pkey on sbtest3  (cost=0.43..10.33 rows=95 width=4)
	  Index Cond: ((id >= 7042496) AND (id <= 7042596))

table 4 : explain SELECT id FROM sbtest4 WHERE id BETWEEN 7042496 AND 7042596
	Index Only Scan using sbtest4_pkey on sbtest4  (cost=0.43..10.81 rows=119 width=4)
	  Index Cond: ((id >= 7042496) AND (id <= 7042596))

table 5 : explain SELECT id FROM sbtest5 WHERE id BETWEEN 7042496 AND 7042596
	Index Only Scan using sbtest5_pkey on sbtest5  (cost=0.43..10.63 rows=110 width=4)
	  Index Cond: ((id >= 7042496) AND (id <= 7042596))

table 6 : explain SELECT id FROM sbtest6 WHERE id BETWEEN 7042496 AND 7042596
	Index Only Scan using sbtest6_pkey on sbtest6  (cost=0.43..10.54 rows=105 width=4)
	  Index Cond: ((id >= 7042496) AND (id <= 7042596))

table 7 : explain SELECT id FROM sbtest7 WHERE id BETWEEN 7042496 AND 7042596
	Index Only Scan using sbtest7_pkey on sbtest7  (cost=0.43..10.40 rows=98 width=4)
	  Index Cond: ((id >= 7042496) AND (id <= 7042596))

table 8 : explain SELECT id FROM sbtest8 WHERE id BETWEEN 7042496 AND 7042596
	Index Only Scan using sbtest8_pkey on sbtest8  (cost=0.43..10.68 rows=112 width=4)
	  Index Cond: ((id >= 7042496) AND (id <= 7042596))

explain: for range-covered :: explain SELECT id FROM sbtest%d WHERE id BETWEEN 7042496 AND 7042596
for range-covered
table 1 : explain SELECT id FROM sbtest1 WHERE id BETWEEN 3088084 AND 3088184
	Index Only Scan using sbtest1_pkey on sbtest1  (cost=0.43..10.65 rows=111 width=4)
	  Index Cond: ((id >= 3088084) AND (id <= 3088184))

table 2 : explain SELECT id FROM sbtest2 WHERE id BETWEEN 3088084 AND 3088184
	Index Only Scan using sbtest2_pkey on sbtest2  (cost=0.43..10.47 rows=102 width=4)
	  Index Cond: ((id >= 3088084) AND (id <= 3088184))

table 3 : explain SELECT id FROM sbtest3 WHERE id BETWEEN 3088084 AND 3088184
	Index Only Scan using sbtest3_pkey on sbtest3  (cost=0.43..10.33 rows=95 width=4)
	  Index Cond: ((id >= 3088084) AND (id <= 3088184))

table 4 : explain SELECT id FROM sbtest4 WHERE id BETWEEN 3088084 AND 3088184
	Index Only Scan using sbtest4_pkey on sbtest4  (cost=0.43..10.44 rows=100 width=4)
	  Index Cond: ((id >= 3088084) AND (id <= 3088184))

table 5 : explain SELECT id FROM sbtest5 WHERE id BETWEEN 3088084 AND 3088184
	Index Only Scan using sbtest5_pkey on sbtest5  (cost=0.43..10.42 rows=99 width=4)
	  Index Cond: ((id >= 3088084) AND (id <= 3088184))

table 6 : explain SELECT id FROM sbtest6 WHERE id BETWEEN 3088084 AND 3088184
	Index Only Scan using sbtest6_pkey on sbtest6  (cost=0.43..10.42 rows=99 width=4)
	  Index Cond: ((id >= 3088084) AND (id <= 3088184))

table 7 : explain SELECT id FROM sbtest7 WHERE id BETWEEN 3088084 AND 3088184
	Index Only Scan using sbtest7_pkey on sbtest7  (cost=0.43..10.46 rows=101 width=4)
	  Index Cond: ((id >= 3088084) AND (id <= 3088184))

table 8 : explain SELECT id FROM sbtest8 WHERE id BETWEEN 3088084 AND 3088184
	Index Only Scan using sbtest8_pkey on sbtest8  (cost=0.43..10.40 rows=98 width=4)
	  Index Cond: ((id >= 3088084) AND (id <= 3088184))

explain: for range-covered :: explain SELECT id FROM sbtest%d WHERE id BETWEEN 3088084 AND 3088184
for range-covered
table 1 : explain SELECT id FROM sbtest1 WHERE id BETWEEN 7042496 AND 7042596
	Index Only Scan using sbtest1_pkey on sbtest1  (cost=0.43..10.40 rows=98 width=4)
	  Index Cond: ((id >= 7042496) AND (id <= 7042596))

table 2 : explain SELECT id FROM sbtest2 WHERE id BETWEEN 7042496 AND 7042596
	Index Only Scan using sbtest2_pkey on sbtest2  (cost=0.43..10.51 rows=104 width=4)
	  Index Cond: ((id >= 7042496) AND (id <= 7042596))

table 3 : explain SELECT id FROM sbtest3 WHERE id BETWEEN 7042496 AND 7042596
	Index Only Scan using sbtest3_pkey on sbtest3  (cost=0.43..10.33 rows=95 width=4)
	  Index Cond: ((id >= 7042496) AND (id <= 7042596))

table 4 : explain SELECT id FROM sbtest4 WHERE id BETWEEN 7042496 AND 7042596
	Index Only Scan using sbtest4_pkey on sbtest4  (cost=0.43..10.81 rows=119 width=4)
	  Index Cond: ((id >= 7042496) AND (id <= 7042596))

table 5 : explain SELECT id FROM sbtest5 WHERE id BETWEEN 7042496 AND 7042596
	Index Only Scan using sbtest5_pkey on sbtest5  (cost=0.43..10.63 rows=110 width=4)
	  Index Cond: ((id >= 7042496) AND (id <= 7042596))

table 6 : explain SELECT id FROM sbtest6 WHERE id BETWEEN 7042496 AND 7042596
	Index Only Scan using sbtest6_pkey on sbtest6  (cost=0.43..10.54 rows=105 width=4)
	  Index Cond: ((id >= 7042496) AND (id <= 7042596))

table 7 : explain SELECT id FROM sbtest7 WHERE id BETWEEN 7042496 AND 7042596
	Index Only Scan using sbtest7_pkey on sbtest7  (cost=0.43..10.40 rows=98 width=4)
	  Index Cond: ((id >= 7042496) AND (id <= 7042596))

table 8 : explain SELECT id FROM sbtest8 WHERE id BETWEEN 7042496 AND 7042596
	Index Only Scan using sbtest8_pkey on sbtest8  (cost=0.43..10.68 rows=112 width=4)
	  Index Cond: ((id >= 7042496) AND (id <= 7042596))

explain: for range-covered :: explain SELECT id FROM sbtest%d WHERE id BETWEEN 3877830 AND 3877930
explain: for range-covered :: explain SELECT id FROM sbtest%d WHERE id BETWEEN 7042496 AND 7042596
for range-covered
table 1 : explain SELECT id FROM sbtest1 WHERE id BETWEEN 3088084 AND 3088184
	Index Only Scan using sbtest1_pkey on sbtest1  (cost=0.43..10.65 rows=111 width=4)
	  Index Cond: ((id >= 3088084) AND (id <= 3088184))

table 2 : explain SELECT id FROM sbtest2 WHERE id BETWEEN 3088084 AND 3088184
	Index Only Scan using sbtest2_pkey on sbtest2  (cost=0.43..10.47 rows=102 width=4)
	  Index Cond: ((id >= 3088084) AND (id <= 3088184))

table 3 : explain SELECT id FROM sbtest3 WHERE id BETWEEN 3088084 AND 3088184
	Index Only Scan using sbtest3_pkey on sbtest3  (cost=0.43..10.33 rows=95 width=4)
	  Index Cond: ((id >= 3088084) AND (id <= 3088184))

table 4 : explain SELECT id FROM sbtest4 WHERE id BETWEEN 3088084 AND 3088184
	Index Only Scan using sbtest4_pkey on sbtest4  (cost=0.43..10.44 rows=100 width=4)
	  Index Cond: ((id >= 3088084) AND (id <= 3088184))

table 5 : explain SELECT id FROM sbtest5 WHERE id BETWEEN 3088084 AND 3088184
	Index Only Scan using sbtest5_pkey on sbtest5  (cost=0.43..10.42 rows=99 width=4)
	  Index Cond: ((id >= 3088084) AND (id <= 3088184))

table 6 : explain SELECT id FROM sbtest6 WHERE id BETWEEN 3088084 AND 3088184
	Index Only Scan using sbtest6_pkey on sbtest6  (cost=0.43..10.42 rows=99 width=4)
	  Index Cond: ((id >= 3088084) AND (id <= 3088184))

table 7 : explain SELECT id FROM sbtest7 WHERE id BETWEEN 3088084 AND 3088184
	Index Only Scan using sbtest7_pkey on sbtest7  (cost=0.43..10.46 rows=101 width=4)
	  Index Cond: ((id >= 3088084) AND (id <= 3088184))

table 8 : explain SELECT id FROM sbtest8 WHERE id BETWEEN 3088084 AND 3088184
	Index Only Scan using sbtest8_pkey on sbtest8  (cost=0.43..10.40 rows=98 width=4)
	  Index Cond: ((id >= 3088084) AND (id <= 3088184))

explain: for range-covered :: explain SELECT id FROM sbtest%d WHERE id BETWEEN 3088084 AND 3088184
for range-covered
table 1 : explain SELECT id FROM sbtest1 WHERE id BETWEEN 8128619 AND 8128719
	Index Only Scan using sbtest1_pkey on sbtest1  (cost=0.43..10.65 rows=111 width=4)
	  Index Cond: ((id >= 8128619) AND (id <= 8128719))

table 2 : explain SELECT id FROM sbtest2 WHERE id BETWEEN 8128619 AND 8128719
	Index Only Scan using sbtest2_pkey on sbtest2  (cost=0.43..10.50 rows=103 width=4)
	  Index Cond: ((id >= 8128619) AND (id <= 8128719))

table 3 : explain SELECT id FROM sbtest3 WHERE id BETWEEN 8128619 AND 8128719
	Index Only Scan using sbtest3_pkey on sbtest3  (cost=0.43..10.47 rows=102 width=4)
	  Index Cond: ((id >= 8128619) AND (id <= 8128719))

table 4 : explain SELECT id FROM sbtest4 WHERE id BETWEEN 8128619 AND 8128719
	Index Only Scan using sbtest4_pkey on sbtest4  (cost=0.43..10.40 rows=98 width=4)
	  Index Cond: ((id >= 8128619) AND (id <= 8128719))

table 5 : explain SELECT id FROM sbtest5 WHERE id BETWEEN 8128619 AND 8128719
	Index Only Scan using sbtest5_pkey on sbtest5  (cost=0.43..10.51 rows=104 width=4)
	  Index Cond: ((id >= 8128619) AND (id <= 8128719))

table 6 : explain SELECT id FROM sbtest6 WHERE id BETWEEN 8128619 AND 8128719
	Index Only Scan using sbtest6_pkey on sbtest6  (cost=0.43..10.38 rows=97 width=4)
	  Index Cond: ((id >= 8128619) AND (id <= 8128719))

table 7 : explain SELECT id FROM sbtest7 WHERE id BETWEEN 8128619 AND 8128719
	Index Only Scan using sbtest7_pkey on sbtest7  (cost=0.43..10.44 rows=100 width=4)
	  Index Cond: ((id >= 8128619) AND (id <= 8128719))

table 8 : explain SELECT id FROM sbtest8 WHERE id BETWEEN 8128619 AND 8128719
	Index Only Scan using sbtest8_pkey on sbtest8  (cost=0.43..10.56 rows=106 width=4)
	  Index Cond: ((id >= 8128619) AND (id <= 8128719))

explain: for range-covered :: explain SELECT id FROM sbtest%d WHERE id BETWEEN 3777052 AND 3777152
for range-covered
table 1 : explain SELECT id FROM sbtest1 WHERE id BETWEEN 7042496 AND 7042596
	Index Only Scan using sbtest1_pkey on sbtest1  (cost=0.43..10.40 rows=98 width=4)
	  Index Cond: ((id >= 7042496) AND (id <= 7042596))

table 2 : explain SELECT id FROM sbtest2 WHERE id BETWEEN 7042496 AND 7042596
	Index Only Scan using sbtest2_pkey on sbtest2  (cost=0.43..10.51 rows=104 width=4)
	  Index Cond: ((id >= 7042496) AND (id <= 7042596))

table 3 : explain SELECT id FROM sbtest3 WHERE id BETWEEN 7042496 AND 7042596
	Index Only Scan using sbtest3_pkey on sbtest3  (cost=0.43..10.33 rows=95 width=4)
	  Index Cond: ((id >= 7042496) AND (id <= 7042596))

table 4 : explain SELECT id FROM sbtest4 WHERE id BETWEEN 7042496 AND 7042596
	Index Only Scan using sbtest4_pkey on sbtest4  (cost=0.43..10.81 rows=119 width=4)
	  Index Cond: ((id >= 7042496) AND (id <= 7042596))

table 5 : explain SELECT id FROM sbtest5 WHERE id BETWEEN 7042496 AND 7042596
	Index Only Scan using sbtest5_pkey on sbtest5  (cost=0.43..10.63 rows=110 width=4)
	  Index Cond: ((id >= 7042496) AND (id <= 7042596))

table 6 : explain SELECT id FROM sbtest6 WHERE id BETWEEN 7042496 AND 7042596
	Index Only Scan using sbtest6_pkey on sbtest6  (cost=0.43..10.54 rows=105 width=4)
	  Index Cond: ((id >= 7042496) AND (id <= 7042596))

table 7 : explain SELECT id FROM sbtest7 WHERE id BETWEEN 7042496 AND 7042596
	Index Only Scan using sbtest7_pkey on sbtest7  (cost=0.43..10.40 rows=98 width=4)
	  Index Cond: ((id >= 7042496) AND (id <= 7042596))

table 8 : explain SELECT id FROM sbtest8 WHERE id BETWEEN 7042496 AND 7042596
	Index Only Scan using sbtest8_pkey on sbtest8  (cost=0.43..10.68 rows=112 width=4)
	  Index Cond: ((id >= 7042496) AND (id <= 7042596))

for range-covered
table 1 : explain SELECT id FROM sbtest1 WHERE id BETWEEN 2028135 AND 2028235
	Index Only Scan using sbtest1_pkey on sbtest1  (cost=0.43..10.46 rows=101 width=4)
	  Index Cond: ((id >= 2028135) AND (id <= 2028235))

table 2 : explain SELECT id FROM sbtest2 WHERE id BETWEEN 2028135 AND 2028235
	Index Only Scan using sbtest2_pkey on sbtest2  (cost=0.43..10.58 rows=107 width=4)
	  Index Cond: ((id >= 2028135) AND (id <= 2028235))

table 3 : explain SELECT id FROM sbtest3 WHERE id BETWEEN 2028135 AND 2028235
	Index Only Scan using sbtest3_pkey on sbtest3  (cost=0.43..10.65 rows=111 width=4)
	  Index Cond: ((id >= 2028135) AND (id <= 2028235))

table 4 : explain SELECT id FROM sbtest4 WHERE id BETWEEN 2028135 AND 2028235
	Index Only Scan using sbtest4_pkey on sbtest4  (cost=0.43..10.36 rows=96 width=4)
	  Index Cond: ((id >= 2028135) AND (id <= 2028235))

table 5 : explain SELECT id FROM sbtest5 WHERE id BETWEEN 2028135 AND 2028235
	Index Only Scan using sbtest5_pkey on sbtest5  (cost=0.43..10.20 rows=88 width=4)
	  Index Cond: ((id >= 2028135) AND (id <= 2028235))

table 6 : explain SELECT id FROM sbtest6 WHERE id BETWEEN 2028135 AND 2028235
	Index Only Scan using sbtest6_pkey on sbtest6  (cost=0.43..10.42 rows=99 width=4)
	  Index Cond: ((id >= 2028135) AND (id <= 2028235))

table 7 : explain SELECT id FROM sbtest7 WHERE id BETWEEN 2028135 AND 2028235
	Index Only Scan using sbtest7_pkey on sbtest7  (cost=0.43..10.40 rows=98 width=4)
	  Index Cond: ((id >= 2028135) AND (id <= 2028235))

table 8 : explain SELECT id FROM sbtest8 WHERE id BETWEEN 2028135 AND 2028235
	Index Only Scan using sbtest8_pkey on sbtest8  (cost=0.43..10.32 rows=94 width=4)
	  Index Cond: ((id >= 2028135) AND (id <= 2028235))

explain: for range-covered :: explain SELECT id FROM sbtest%d WHERE id BETWEEN 7042496 AND 7042596
explain: for range-covered :: explain SELECT id FROM sbtest%d WHERE id BETWEEN 5005212 AND 5005312
explain: for range-covered :: explain SELECT id FROM sbtest%d WHERE id BETWEEN 8128619 AND 8128719
for range-covered
table 1 : explain SELECT id FROM sbtest1 WHERE id BETWEEN 3088084 AND 3088184
	Index Only Scan using sbtest1_pkey on sbtest1  (cost=0.43..10.65 rows=111 width=4)
	  Index Cond: ((id >= 3088084) AND (id <= 3088184))

table 2 : explain SELECT id FROM sbtest2 WHERE id BETWEEN 3088084 AND 3088184
	Index Only Scan using sbtest2_pkey on sbtest2  (cost=0.43..10.47 rows=102 width=4)
	  Index Cond: ((id >= 3088084) AND (id <= 3088184))

table 3 : explain SELECT id FROM sbtest3 WHERE id BETWEEN 3088084 AND 3088184
	Index Only Scan using sbtest3_pkey on sbtest3  (cost=0.43..10.33 rows=95 width=4)
	  Index Cond: ((id >= 3088084) AND (id <= 3088184))

table 4 : explain SELECT id FROM sbtest4 WHERE id BETWEEN 3088084 AND 3088184
	Index Only Scan using sbtest4_pkey on sbtest4  (cost=0.43..10.44 rows=100 width=4)
	  Index Cond: ((id >= 3088084) AND (id <= 3088184))

table 5 : explain SELECT id FROM sbtest5 WHERE id BETWEEN 3088084 AND 3088184
	Index Only Scan using sbtest5_pkey on sbtest5  (cost=0.43..10.42 rows=99 width=4)
	  Index Cond: ((id >= 3088084) AND (id <= 3088184))

table 6 : explain SELECT id FROM sbtest6 WHERE id BETWEEN 3088084 AND 3088184
	Index Only Scan using sbtest6_pkey on sbtest6  (cost=0.43..10.42 rows=99 width=4)
	  Index Cond: ((id >= 3088084) AND (id <= 3088184))

table 7 : explain SELECT id FROM sbtest7 WHERE id BETWEEN 3088084 AND 3088184
	Index Only Scan using sbtest7_pkey on sbtest7  (cost=0.43..10.46 rows=101 width=4)
	  Index Cond: ((id >= 3088084) AND (id <= 3088184))

table 8 : explain SELECT id FROM sbtest8 WHERE id BETWEEN 3088084 AND 3088184
	Index Only Scan using sbtest8_pkey on sbtest8  (cost=0.43..10.40 rows=98 width=4)
	  Index Cond: ((id >= 3088084) AND (id <= 3088184))

explain: for range-covered :: explain SELECT id FROM sbtest%d WHERE id BETWEEN 2028135 AND 2028235
explain: for range-covered :: explain SELECT id FROM sbtest%d WHERE id BETWEEN 3088084 AND 3088184
for range-covered
table 1 : explain SELECT id FROM sbtest1 WHERE id BETWEEN 7042496 AND 7042596
	Index Only Scan using sbtest1_pkey on sbtest1  (cost=0.43..10.40 rows=98 width=4)
	  Index Cond: ((id >= 7042496) AND (id <= 7042596))

table 2 : explain SELECT id FROM sbtest2 WHERE id BETWEEN 7042496 AND 7042596
	Index Only Scan using sbtest2_pkey on sbtest2  (cost=0.43..10.51 rows=104 width=4)
	  Index Cond: ((id >= 7042496) AND (id <= 7042596))

table 3 : explain SELECT id FROM sbtest3 WHERE id BETWEEN 7042496 AND 7042596
	Index Only Scan using sbtest3_pkey on sbtest3  (cost=0.43..10.33 rows=95 width=4)
	  Index Cond: ((id >= 7042496) AND (id <= 7042596))

table 4 : explain SELECT id FROM sbtest4 WHERE id BETWEEN 7042496 AND 7042596
	Index Only Scan using sbtest4_pkey on sbtest4  (cost=0.43..10.81 rows=119 width=4)
	  Index Cond: ((id >= 7042496) AND (id <= 7042596))

table 5 : explain SELECT id FROM sbtest5 WHERE id BETWEEN 7042496 AND 7042596
	Index Only Scan using sbtest5_pkey on sbtest5  (cost=0.43..10.63 rows=110 width=4)
	  Index Cond: ((id >= 7042496) AND (id <= 7042596))

table 6 : explain SELECT id FROM sbtest6 WHERE id BETWEEN 7042496 AND 7042596
	Index Only Scan using sbtest6_pkey on sbtest6  (cost=0.43..10.54 rows=105 width=4)
	  Index Cond: ((id >= 7042496) AND (id <= 7042596))

table 7 : explain SELECT id FROM sbtest7 WHERE id BETWEEN 7042496 AND 7042596
	Index Only Scan using sbtest7_pkey on sbtest7  (cost=0.43..10.40 rows=98 width=4)
	  Index Cond: ((id >= 7042496) AND (id <= 7042596))

table 8 : explain SELECT id FROM sbtest8 WHERE id BETWEEN 7042496 AND 7042596
	Index Only Scan using sbtest8_pkey on sbtest8  (cost=0.43..10.68 rows=112 width=4)
	  Index Cond: ((id >= 7042496) AND (id <= 7042596))

explain: for range-covered :: explain SELECT id FROM sbtest%d WHERE id BETWEEN 2769102 AND 2769202
explain: for range-covered :: explain SELECT id FROM sbtest%d WHERE id BETWEEN 7042496 AND 7042596
for range-covered
table 1 : explain SELECT id FROM sbtest1 WHERE id BETWEEN 3088084 AND 3088184
	Index Only Scan using sbtest1_pkey on sbtest1  (cost=0.43..10.65 rows=111 width=4)
	  Index Cond: ((id >= 3088084) AND (id <= 3088184))

table 2 : explain SELECT id FROM sbtest2 WHERE id BETWEEN 3088084 AND 3088184
	Index Only Scan using sbtest2_pkey on sbtest2  (cost=0.43..10.47 rows=102 width=4)
	  Index Cond: ((id >= 3088084) AND (id <= 3088184))

table 3 : explain SELECT id FROM sbtest3 WHERE id BETWEEN 3088084 AND 3088184
	Index Only Scan using sbtest3_pkey on sbtest3  (cost=0.43..10.33 rows=95 width=4)
	  Index Cond: ((id >= 3088084) AND (id <= 3088184))

table 4 : explain SELECT id FROM sbtest4 WHERE id BETWEEN 3088084 AND 3088184
	Index Only Scan using sbtest4_pkey on sbtest4  (cost=0.43..10.44 rows=100 width=4)
	  Index Cond: ((id >= 3088084) AND (id <= 3088184))

table 5 : explain SELECT id FROM sbtest5 WHERE id BETWEEN 3088084 AND 3088184
	Index Only Scan using sbtest5_pkey on sbtest5  (cost=0.43..10.42 rows=99 width=4)
	  Index Cond: ((id >= 3088084) AND (id <= 3088184))

table 6 : explain SELECT id FROM sbtest6 WHERE id BETWEEN 3088084 AND 3088184
	Index Only Scan using sbtest6_pkey on sbtest6  (cost=0.43..10.42 rows=99 width=4)
	  Index Cond: ((id >= 3088084) AND (id <= 3088184))

table 7 : explain SELECT id FROM sbtest7 WHERE id BETWEEN 3088084 AND 3088184
	Index Only Scan using sbtest7_pkey on sbtest7  (cost=0.43..10.46 rows=101 width=4)
	  Index Cond: ((id >= 3088084) AND (id <= 3088184))

table 8 : explain SELECT id FROM sbtest8 WHERE id BETWEEN 3088084 AND 3088184
	Index Only Scan using sbtest8_pkey on sbtest8  (cost=0.43..10.40 rows=98 width=4)
	  Index Cond: ((id >= 3088084) AND (id <= 3088184))

explain: for range-covered :: explain SELECT id FROM sbtest%d WHERE id BETWEEN 3088084 AND 3088184
for range-covered
table 1 : explain SELECT id FROM sbtest1 WHERE id BETWEEN 2549493 AND 2549593
	Index Only Scan using sbtest1_pkey on sbtest1  (cost=0.43..10.51 rows=104 width=4)
	  Index Cond: ((id >= 2549493) AND (id <= 2549593))

table 2 : explain SELECT id FROM sbtest2 WHERE id BETWEEN 2549493 AND 2549593
	Index Only Scan using sbtest2_pkey on sbtest2  (cost=0.43..10.58 rows=107 width=4)
	  Index Cond: ((id >= 2549493) AND (id <= 2549593))

table 3 : explain SELECT id FROM sbtest3 WHERE id BETWEEN 2549493 AND 2549593
	Index Only Scan using sbtest3_pkey on sbtest3  (cost=0.43..10.46 rows=101 width=4)
	  Index Cond: ((id >= 2549493) AND (id <= 2549593))

table 4 : explain SELECT id FROM sbtest4 WHERE id BETWEEN 2549493 AND 2549593
	Index Only Scan using sbtest4_pkey on sbtest4  (cost=0.43..10.54 rows=105 width=4)
	  Index Cond: ((id >= 2549493) AND (id <= 2549593))

table 5 : explain SELECT id FROM sbtest5 WHERE id BETWEEN 2549493 AND 2549593
	Index Only Scan using sbtest5_pkey on sbtest5  (cost=0.43..10.46 rows=101 width=4)
	  Index Cond: ((id >= 2549493) AND (id <= 2549593))

table 6 : explain SELECT id FROM sbtest6 WHERE id BETWEEN 2549493 AND 2549593
	Index Only Scan using sbtest6_pkey on sbtest6  (cost=0.43..10.46 rows=101 width=4)
	  Index Cond: ((id >= 2549493) AND (id <= 2549593))

table 7 : explain SELECT id FROM sbtest7 WHERE id BETWEEN 2549493 AND 2549593
	Index Only Scan using sbtest7_pkey on sbtest7  (cost=0.43..10.51 rows=104 width=4)
	  Index Cond: ((id >= 2549493) AND (id <= 2549593))

table 8 : explain SELECT id FROM sbtest8 WHERE id BETWEEN 2549493 AND 2549593
	Index Only Scan using sbtest8_pkey on sbtest8  (cost=0.43..10.29 rows=93 width=4)
	  Index Cond: ((id >= 2549493) AND (id <= 2549593))

explain: for range-covered :: explain SELECT id FROM sbtest%d WHERE id BETWEEN 4226748 AND 4226848
explain: for range-covered :: explain SELECT id FROM sbtest%d WHERE id BETWEEN 2549493 AND 2549593
for range-covered
table 1 : explain SELECT id FROM sbtest1 WHERE id BETWEEN 7042496 AND 7042596
	Index Only Scan using sbtest1_pkey on sbtest1  (cost=0.43..10.40 rows=98 width=4)
	  Index Cond: ((id >= 7042496) AND (id <= 7042596))

table 2 : explain SELECT id FROM sbtest2 WHERE id BETWEEN 7042496 AND 7042596
	Index Only Scan using sbtest2_pkey on sbtest2  (cost=0.43..10.51 rows=104 width=4)
	  Index Cond: ((id >= 7042496) AND (id <= 7042596))

table 3 : explain SELECT id FROM sbtest3 WHERE id BETWEEN 7042496 AND 7042596
	Index Only Scan using sbtest3_pkey on sbtest3  (cost=0.43..10.33 rows=95 width=4)
	  Index Cond: ((id >= 7042496) AND (id <= 7042596))

table 4 : explain SELECT id FROM sbtest4 WHERE id BETWEEN 7042496 AND 7042596
	Index Only Scan using sbtest4_pkey on sbtest4  (cost=0.43..10.81 rows=119 width=4)
	  Index Cond: ((id >= 7042496) AND (id <= 7042596))

table 5 : explain SELECT id FROM sbtest5 WHERE id BETWEEN 7042496 AND 7042596
	Index Only Scan using sbtest5_pkey on sbtest5  (cost=0.43..10.63 rows=110 width=4)
	  Index Cond: ((id >= 7042496) AND (id <= 7042596))

table 6 : explain SELECT id FROM sbtest6 WHERE id BETWEEN 7042496 AND 7042596
	Index Only Scan using sbtest6_pkey on sbtest6  (cost=0.43..10.54 rows=105 width=4)
	  Index Cond: ((id >= 7042496) AND (id <= 7042596))

table 7 : explain SELECT id FROM sbtest7 WHERE id BETWEEN 7042496 AND 7042596
	Index Only Scan using sbtest7_pkey on sbtest7  (cost=0.43..10.40 rows=98 width=4)
	  Index Cond: ((id >= 7042496) AND (id <= 7042596))

table 8 : explain SELECT id FROM sbtest8 WHERE id BETWEEN 7042496 AND 7042596
	Index Only Scan using sbtest8_pkey on sbtest8  (cost=0.43..10.68 rows=112 width=4)
	  Index Cond: ((id >= 7042496) AND (id <= 7042596))

explain: for range-covered :: explain SELECT id FROM sbtest%d WHERE id BETWEEN 7042496 AND 7042596
for range-covered
table 1 : explain SELECT id FROM sbtest1 WHERE id BETWEEN 2028135 AND 2028235
	Index Only Scan using sbtest1_pkey on sbtest1  (cost=0.43..10.46 rows=101 width=4)
	  Index Cond: ((id >= 2028135) AND (id <= 2028235))

table 2 : explain SELECT id FROM sbtest2 WHERE id BETWEEN 2028135 AND 2028235
	Index Only Scan using sbtest2_pkey on sbtest2  (cost=0.43..10.58 rows=107 width=4)
	  Index Cond: ((id >= 2028135) AND (id <= 2028235))

table 3 : explain SELECT id FROM sbtest3 WHERE id BETWEEN 2028135 AND 2028235
	Index Only Scan using sbtest3_pkey on sbtest3  (cost=0.43..10.65 rows=111 width=4)
	  Index Cond: ((id >= 2028135) AND (id <= 2028235))

table 4 : explain SELECT id FROM sbtest4 WHERE id BETWEEN 2028135 AND 2028235
	Index Only Scan using sbtest4_pkey on sbtest4  (cost=0.43..10.36 rows=96 width=4)
	  Index Cond: ((id >= 2028135) AND (id <= 2028235))

table 5 : explain SELECT id FROM sbtest5 WHERE id BETWEEN 2028135 AND 2028235
	Index Only Scan using sbtest5_pkey on sbtest5  (cost=0.43..10.20 rows=88 width=4)
	  Index Cond: ((id >= 2028135) AND (id <= 2028235))

table 6 : explain SELECT id FROM sbtest6 WHERE id BETWEEN 2028135 AND 2028235
	Index Only Scan using sbtest6_pkey on sbtest6  (cost=0.43..10.42 rows=99 width=4)
	  Index Cond: ((id >= 2028135) AND (id <= 2028235))

table 7 : explain SELECT id FROM sbtest7 WHERE id BETWEEN 2028135 AND 2028235
	Index Only Scan using sbtest7_pkey on sbtest7  (cost=0.43..10.40 rows=98 width=4)
	  Index Cond: ((id >= 2028135) AND (id <= 2028235))

table 8 : explain SELECT id FROM sbtest8 WHERE id BETWEEN 2028135 AND 2028235
	Index Only Scan using sbtest8_pkey on sbtest8  (cost=0.43..10.32 rows=94 width=4)
	  Index Cond: ((id >= 2028135) AND (id <= 2028235))

for range-covered
table 1 : explain SELECT id FROM sbtest1 WHERE id BETWEEN 3088084 AND 3088184
	Index Only Scan using sbtest1_pkey on sbtest1  (cost=0.43..10.65 rows=111 width=4)
	  Index Cond: ((id >= 3088084) AND (id <= 3088184))

table 2 : explain SELECT id FROM sbtest2 WHERE id BETWEEN 3088084 AND 3088184
	Index Only Scan using sbtest2_pkey on sbtest2  (cost=0.43..10.47 rows=102 width=4)
	  Index Cond: ((id >= 3088084) AND (id <= 3088184))

table 3 : explain SELECT id FROM sbtest3 WHERE id BETWEEN 3088084 AND 3088184
	Index Only Scan using sbtest3_pkey on sbtest3  (cost=0.43..10.33 rows=95 width=4)
	  Index Cond: ((id >= 3088084) AND (id <= 3088184))

table 4 : explain SELECT id FROM sbtest4 WHERE id BETWEEN 3088084 AND 3088184
	Index Only Scan using sbtest4_pkey on sbtest4  (cost=0.43..10.44 rows=100 width=4)
	  Index Cond: ((id >= 3088084) AND (id <= 3088184))

table 5 : explain SELECT id FROM sbtest5 WHERE id BETWEEN 3088084 AND 3088184
	Index Only Scan using sbtest5_pkey on sbtest5  (cost=0.43..10.42 rows=99 width=4)
	  Index Cond: ((id >= 3088084) AND (id <= 3088184))

table 6 : explain SELECT id FROM sbtest6 WHERE id BETWEEN 3088084 AND 3088184
	Index Only Scan using sbtest6_pkey on sbtest6  (cost=0.43..10.42 rows=99 width=4)
	  Index Cond: ((id >= 3088084) AND (id <= 3088184))

table 7 : explain SELECT id FROM sbtest7 WHERE id BETWEEN 3088084 AND 3088184
	Index Only Scan using sbtest7_pkey on sbtest7  (cost=0.43..10.46 rows=101 width=4)
	  Index Cond: ((id >= 3088084) AND (id <= 3088184))

table 8 : explain SELECT id FROM sbtest8 WHERE id BETWEEN 3088084 AND 3088184
	Index Only Scan using sbtest8_pkey on sbtest8  (cost=0.43..10.40 rows=98 width=4)
	  Index Cond: ((id >= 3088084) AND (id <= 3088184))

for range-covered
table 1 : explain SELECT id FROM sbtest1 WHERE id BETWEEN 8128619 AND 8128719
	Index Only Scan using sbtest1_pkey on sbtest1  (cost=0.43..10.65 rows=111 width=4)
	  Index Cond: ((id >= 8128619) AND (id <= 8128719))

table 2 : explain SELECT id FROM sbtest2 WHERE id BETWEEN 8128619 AND 8128719
	Index Only Scan using sbtest2_pkey on sbtest2  (cost=0.43..10.50 rows=103 width=4)
	  Index Cond: ((id >= 8128619) AND (id <= 8128719))

table 3 : explain SELECT id FROM sbtest3 WHERE id BETWEEN 8128619 AND 8128719
	Index Only Scan using sbtest3_pkey on sbtest3  (cost=0.43..10.47 rows=102 width=4)
	  Index Cond: ((id >= 8128619) AND (id <= 8128719))

table 4 : explain SELECT id FROM sbtest4 WHERE id BETWEEN 8128619 AND 8128719
	Index Only Scan using sbtest4_pkey on sbtest4  (cost=0.43..10.40 rows=98 width=4)
	  Index Cond: ((id >= 8128619) AND (id <= 8128719))

table 5 : explain SELECT id FROM sbtest5 WHERE id BETWEEN 8128619 AND 8128719
	Index Only Scan using sbtest5_pkey on sbtest5  (cost=0.43..10.51 rows=104 width=4)
	  Index Cond: ((id >= 8128619) AND (id <= 8128719))

table 6 : explain SELECT id FROM sbtest6 WHERE id BETWEEN 8128619 AND 8128719
	Index Only Scan using sbtest6_pkey on sbtest6  (cost=0.43..10.38 rows=97 width=4)
	  Index Cond: ((id >= 8128619) AND (id <= 8128719))

table 7 : explain SELECT id FROM sbtest7 WHERE id BETWEEN 8128619 AND 8128719
	Index Only Scan using sbtest7_pkey on sbtest7  (cost=0.43..10.44 rows=100 width=4)
	  Index Cond: ((id >= 8128619) AND (id <= 8128719))

table 8 : explain SELECT id FROM sbtest8 WHERE id BETWEEN 8128619 AND 8128719
	Index Only Scan using sbtest8_pkey on sbtest8  (cost=0.43..10.56 rows=106 width=4)
	  Index Cond: ((id >= 8128619) AND (id <= 8128719))

explain: for range-covered :: explain SELECT id FROM sbtest%d WHERE id BETWEEN 3088084 AND 3088184
explain: for range-covered :: explain SELECT id FROM sbtest%d WHERE id BETWEEN 2028135 AND 2028235
explain: for range-covered :: explain SELECT id FROM sbtest%d WHERE id BETWEEN 8128619 AND 8128719
for range-covered
table 1 : explain SELECT id FROM sbtest1 WHERE id BETWEEN 2549493 AND 2549593
	Index Only Scan using sbtest1_pkey on sbtest1  (cost=0.43..10.51 rows=104 width=4)
	  Index Cond: ((id >= 2549493) AND (id <= 2549593))

table 2 : explain SELECT id FROM sbtest2 WHERE id BETWEEN 2549493 AND 2549593
	Index Only Scan using sbtest2_pkey on sbtest2  (cost=0.43..10.58 rows=107 width=4)
	  Index Cond: ((id >= 2549493) AND (id <= 2549593))

table 3 : explain SELECT id FROM sbtest3 WHERE id BETWEEN 2549493 AND 2549593
	Index Only Scan using sbtest3_pkey on sbtest3  (cost=0.43..10.46 rows=101 width=4)
	  Index Cond: ((id >= 2549493) AND (id <= 2549593))

table 4 : explain SELECT id FROM sbtest4 WHERE id BETWEEN 2549493 AND 2549593
	Index Only Scan using sbtest4_pkey on sbtest4  (cost=0.43..10.54 rows=105 width=4)
	  Index Cond: ((id >= 2549493) AND (id <= 2549593))

table 5 : explain SELECT id FROM sbtest5 WHERE id BETWEEN 2549493 AND 2549593
	Index Only Scan using sbtest5_pkey on sbtest5  (cost=0.43..10.46 rows=101 width=4)
	  Index Cond: ((id >= 2549493) AND (id <= 2549593))

table 6 : explain SELECT id FROM sbtest6 WHERE id BETWEEN 2549493 AND 2549593
	Index Only Scan using sbtest6_pkey on sbtest6  (cost=0.43..10.46 rows=101 width=4)
	  Index Cond: ((id >= 2549493) AND (id <= 2549593))

table 7 : explain SELECT id FROM sbtest7 WHERE id BETWEEN 2549493 AND 2549593
	Index Only Scan using sbtest7_pkey on sbtest7  (cost=0.43..10.51 rows=104 width=4)
	  Index Cond: ((id >= 2549493) AND (id <= 2549593))

table 8 : explain SELECT id FROM sbtest8 WHERE id BETWEEN 2549493 AND 2549593
	Index Only Scan using sbtest8_pkey on sbtest8  (cost=0.43..10.29 rows=93 width=4)
	  Index Cond: ((id >= 2549493) AND (id <= 2549593))
for range-covered
table 1 : explain SELECT id FROM sbtest1 WHERE id BETWEEN 3777052 AND 3777152
	Index Only Scan using sbtest1_pkey on sbtest1  (cost=0.43..10.29 rows=93 width=4)
	  Index Cond: ((id >= 3777052) AND (id <= 3777152))

table 2 : explain SELECT id FROM sbtest2 WHERE id BETWEEN 3777052 AND 3777152
	Index Only Scan using sbtest2_pkey on sbtest2  (cost=0.43..10.29 rows=93 width=4)
	  Index Cond: ((id >= 3777052) AND (id <= 3777152))

table 3 : explain SELECT id FROM sbtest3 WHERE id BETWEEN 3777052 AND 3777152
	Index Only Scan using sbtest3_pkey on sbtest3  (cost=0.43..10.72 rows=114 width=4)
	  Index Cond: ((id >= 3777052) AND (id <= 3777152))

table 4 : explain SELECT id FROM sbtest4 WHERE id BETWEEN 3777052 AND 3777152
	Index Only Scan using sbtest4_pkey on sbtest4  (cost=0.43..10.56 rows=106 width=4)
	  Index Cond: ((id >= 3777052) AND (id <= 3777152))

table 5 : explain SELECT id FROM sbtest5 WHERE id BETWEEN 3777052 AND 3777152
	Index Only Scan using sbtest5_pkey on sbtest5  (cost=0.43..10.44 rows=100 width=4)
	  Index Cond: ((id >= 3777052) AND (id <= 3777152))

table 6 : explain SELECT id FROM sbtest6 WHERE id BETWEEN 3777052 AND 3777152
	Index Only Scan using sbtest6_pkey on sbtest6  (cost=0.43..10.58 rows=107 width=4)
	  Index Cond: ((id >= 3777052) AND (id <= 3777152))

table 7 : explain SELECT id FROM sbtest7 WHERE id BETWEEN 3777052 AND 3777152
	Index Only Scan using sbtest7_pkey on sbtest7  (cost=0.43..10.50 rows=103 width=4)
	  Index Cond: ((id >= 3777052) AND (id <= 3777152))

table 8 : explain SELECT id FROM sbtest8 WHERE id BETWEEN 3777052 AND 3777152
	Index Only Scan using sbtest8_pkey on sbtest8  (cost=0.43..10.74 rows=115 width=4)
	  Index Cond: ((id >= 3777052) AND (id <= 3777152))


explain: for range-covered :: explain SELECT id FROM sbtest%d WHERE id BETWEEN 2549493 AND 2549593
explain: for range-covered :: explain SELECT id FROM sbtest%d WHERE id BETWEEN 3777052 AND 3777152
for range-covered
table 1 : explain SELECT id FROM sbtest1 WHERE id BETWEEN 7042496 AND 7042596
	Index Only Scan using sbtest1_pkey on sbtest1  (cost=0.43..10.40 rows=98 width=4)
	  Index Cond: ((id >= 7042496) AND (id <= 7042596))

table 2 : explain SELECT id FROM sbtest2 WHERE id BETWEEN 7042496 AND 7042596
	Index Only Scan using sbtest2_pkey on sbtest2  (cost=0.43..10.51 rows=104 width=4)
	  Index Cond: ((id >= 7042496) AND (id <= 7042596))

table 3 : explain SELECT id FROM sbtest3 WHERE id BETWEEN 7042496 AND 7042596
	Index Only Scan using sbtest3_pkey on sbtest3  (cost=0.43..10.33 rows=95 width=4)
	  Index Cond: ((id >= 7042496) AND (id <= 7042596))

table 4 : explain SELECT id FROM sbtest4 WHERE id BETWEEN 7042496 AND 7042596
	Index Only Scan using sbtest4_pkey on sbtest4  (cost=0.43..10.81 rows=119 width=4)
	  Index Cond: ((id >= 7042496) AND (id <= 7042596))

table 5 : explain SELECT id FROM sbtest5 WHERE id BETWEEN 7042496 AND 7042596
	Index Only Scan using sbtest5_pkey on sbtest5  (cost=0.43..10.63 rows=110 width=4)
	  Index Cond: ((id >= 7042496) AND (id <= 7042596))

table 6 : explain SELECT id FROM sbtest6 WHERE id BETWEEN 7042496 AND 7042596
	Index Only Scan using sbtest6_pkey on sbtest6  (cost=0.43..10.54 rows=105 width=4)
	  Index Cond: ((id >= 7042496) AND (id <= 7042596))

table 7 : explain SELECT id FROM sbtest7 WHERE id BETWEEN 7042496 AND 7042596
	Index Only Scan using sbtest7_pkey on sbtest7  (cost=0.43..10.40 rows=98 width=4)
	  Index Cond: ((id >= 7042496) AND (id <= 7042596))

table 8 : explain SELECT id FROM sbtest8 WHERE id BETWEEN 7042496 AND 7042596
	Index Only Scan using sbtest8_pkey on sbtest8  (cost=0.43..10.68 rows=112 width=4)
	  Index Cond: ((id >= 7042496) AND (id <= 7042596))

explain: for range-covered :: explain SELECT id FROM sbtest%d WHERE id BETWEEN 7042496 AND 7042596
for range-covered
table 1 : explain SELECT id FROM sbtest1 WHERE id BETWEEN 3088084 AND 3088184
	Index Only Scan using sbtest1_pkey on sbtest1  (cost=0.43..10.65 rows=111 width=4)
	  Index Cond: ((id >= 3088084) AND (id <= 3088184))

table 2 : explain SELECT id FROM sbtest2 WHERE id BETWEEN 3088084 AND 3088184
	Index Only Scan using sbtest2_pkey on sbtest2  (cost=0.43..10.47 rows=102 width=4)
	  Index Cond: ((id >= 3088084) AND (id <= 3088184))

table 3 : explain SELECT id FROM sbtest3 WHERE id BETWEEN 3088084 AND 3088184
	Index Only Scan using sbtest3_pkey on sbtest3  (cost=0.43..10.33 rows=95 width=4)
	  Index Cond: ((id >= 3088084) AND (id <= 3088184))

table 4 : explain SELECT id FROM sbtest4 WHERE id BETWEEN 3088084 AND 3088184
	Index Only Scan using sbtest4_pkey on sbtest4  (cost=0.43..10.44 rows=100 width=4)
	  Index Cond: ((id >= 3088084) AND (id <= 3088184))

table 5 : explain SELECT id FROM sbtest5 WHERE id BETWEEN 3088084 AND 3088184
	Index Only Scan using sbtest5_pkey on sbtest5  (cost=0.43..10.42 rows=99 width=4)
	  Index Cond: ((id >= 3088084) AND (id <= 3088184))

table 6 : explain SELECT id FROM sbtest6 WHERE id BETWEEN 3088084 AND 3088184
	Index Only Scan using sbtest6_pkey on sbtest6  (cost=0.43..10.42 rows=99 width=4)
	  Index Cond: ((id >= 3088084) AND (id <= 3088184))

table 7 : explain SELECT id FROM sbtest7 WHERE id BETWEEN 3088084 AND 3088184
	Index Only Scan using sbtest7_pkey on sbtest7  (cost=0.43..10.46 rows=101 width=4)
	  Index Cond: ((id >= 3088084) AND (id <= 3088184))

table 8 : explain SELECT id FROM sbtest8 WHERE id BETWEEN 3088084 AND 3088184
	Index Only Scan using sbtest8_pkey on sbtest8  (cost=0.43..10.40 rows=98 width=4)
	  Index Cond: ((id >= 3088084) AND (id <= 3088184))

explain: for range-covered :: explain SELECT id FROM sbtest%d WHERE id BETWEEN 3088084 AND 3088184
for range-covered
table 1 : explain SELECT id FROM sbtest1 WHERE id BETWEEN 5005212 AND 5005312
	Index Only Scan using sbtest1_pkey on sbtest1  (cost=0.43..10.40 rows=98 width=4)
	  Index Cond: ((id >= 5005212) AND (id <= 5005312))

table 2 : explain SELECT id FROM sbtest2 WHERE id BETWEEN 5005212 AND 5005312
	Index Only Scan using sbtest2_pkey on sbtest2  (cost=0.43..10.36 rows=96 width=4)
	  Index Cond: ((id >= 5005212) AND (id <= 5005312))

table 3 : explain SELECT id FROM sbtest3 WHERE id BETWEEN 5005212 AND 5005312
	Index Only Scan using sbtest3_pkey on sbtest3  (cost=0.43..10.63 rows=110 width=4)
	  Index Cond: ((id >= 5005212) AND (id <= 5005312))

table 4 : explain SELECT id FROM sbtest4 WHERE id BETWEEN 5005212 AND 5005312
	Index Only Scan using sbtest4_pkey on sbtest4  (cost=0.43..10.38 rows=97 width=4)
	  Index Cond: ((id >= 5005212) AND (id <= 5005312))

table 5 : explain SELECT id FROM sbtest5 WHERE id BETWEEN 5005212 AND 5005312
	Index Only Scan using sbtest5_pkey on sbtest5  (cost=0.43..10.50 rows=103 width=4)
	  Index Cond: ((id >= 5005212) AND (id <= 5005312))

table 6 : explain SELECT id FROM sbtest6 WHERE id BETWEEN 5005212 AND 5005312
	Index Only Scan using sbtest6_pkey on sbtest6  (cost=0.43..10.29 rows=93 width=4)
	  Index Cond: ((id >= 5005212) AND (id <= 5005312))

table 7 : explain SELECT id FROM sbtest7 WHERE id BETWEEN 5005212 AND 5005312
	Index Only Scan using sbtest7_pkey on sbtest7  (cost=0.43..10.46 rows=101 width=4)
	  Index Cond: ((id >= 5005212) AND (id <= 5005312))

table 8 : explain SELECT id FROM sbtest8 WHERE id BETWEEN 5005212 AND 5005312
	Index Only Scan using sbtest8_pkey on sbtest8  (cost=0.43..10.54 rows=105 width=4)
	  Index Cond: ((id >= 5005212) AND (id <= 5005312))

explain: for range-covered :: explain SELECT id FROM sbtest%d WHERE id BETWEEN 5005212 AND 5005312
for range-covered
table 1 : explain SELECT id FROM sbtest1 WHERE id BETWEEN 3777052 AND 3777152
	Index Only Scan using sbtest1_pkey on sbtest1  (cost=0.43..10.29 rows=93 width=4)
	  Index Cond: ((id >= 3777052) AND (id <= 3777152))

table 2 : explain SELECT id FROM sbtest2 WHERE id BETWEEN 3777052 AND 3777152
	Index Only Scan using sbtest2_pkey on sbtest2  (cost=0.43..10.29 rows=93 width=4)
	  Index Cond: ((id >= 3777052) AND (id <= 3777152))

table 3 : explain SELECT id FROM sbtest3 WHERE id BETWEEN 3777052 AND 3777152
	Index Only Scan using sbtest3_pkey on sbtest3  (cost=0.43..10.72 rows=114 width=4)
	  Index Cond: ((id >= 3777052) AND (id <= 3777152))

table 4 : explain SELECT id FROM sbtest4 WHERE id BETWEEN 3777052 AND 3777152
	Index Only Scan using sbtest4_pkey on sbtest4  (cost=0.43..10.56 rows=106 width=4)
	  Index Cond: ((id >= 3777052) AND (id <= 3777152))

table 5 : explain SELECT id FROM sbtest5 WHERE id BETWEEN 3777052 AND 3777152
	Index Only Scan using sbtest5_pkey on sbtest5  (cost=0.43..10.44 rows=100 width=4)
	  Index Cond: ((id >= 3777052) AND (id <= 3777152))

table 6 : explain SELECT id FROM sbtest6 WHERE id BETWEEN 3777052 AND 3777152
	Index Only Scan using sbtest6_pkey on sbtest6  (cost=0.43..10.58 rows=107 width=4)
	  Index Cond: ((id >= 3777052) AND (id <= 3777152))

table 7 : explain SELECT id FROM sbtest7 WHERE id BETWEEN 3777052 AND 3777152
	Index Only Scan using sbtest7_pkey on sbtest7  (cost=0.43..10.50 rows=103 width=4)
	  Index Cond: ((id >= 3777052) AND (id <= 3777152))

table 8 : explain SELECT id FROM sbtest8 WHERE id BETWEEN 3777052 AND 3777152
	Index Only Scan using sbtest8_pkey on sbtest8  (cost=0.43..10.74 rows=115 width=4)
	  Index Cond: ((id >= 3777052) AND (id <= 3777152))

for range-covered
table 1 : explain SELECT id FROM sbtest1 WHERE id BETWEEN 7042496 AND 7042596
	Index Only Scan using sbtest1_pkey on sbtest1  (cost=0.43..10.40 rows=98 width=4)
	  Index Cond: ((id >= 7042496) AND (id <= 7042596))

table 2 : explain SELECT id FROM sbtest2 WHERE id BETWEEN 7042496 AND 7042596
	Index Only Scan using sbtest2_pkey on sbtest2  (cost=0.43..10.51 rows=104 width=4)
	  Index Cond: ((id >= 7042496) AND (id <= 7042596))

table 3 : explain SELECT id FROM sbtest3 WHERE id BETWEEN 7042496 AND 7042596
	Index Only Scan using sbtest3_pkey on sbtest3  (cost=0.43..10.33 rows=95 width=4)
	  Index Cond: ((id >= 7042496) AND (id <= 7042596))

table 4 : explain SELECT id FROM sbtest4 WHERE id BETWEEN 7042496 AND 7042596
	Index Only Scan using sbtest4_pkey on sbtest4  (cost=0.43..10.81 rows=119 width=4)
	  Index Cond: ((id >= 7042496) AND (id <= 7042596))

table 5 : explain SELECT id FROM sbtest5 WHERE id BETWEEN 7042496 AND 7042596
	Index Only Scan using sbtest5_pkey on sbtest5  (cost=0.43..10.63 rows=110 width=4)
	  Index Cond: ((id >= 7042496) AND (id <= 7042596))

table 6 : explain SELECT id FROM sbtest6 WHERE id BETWEEN 7042496 AND 7042596
	Index Only Scan using sbtest6_pkey on sbtest6  (cost=0.43..10.54 rows=105 width=4)
	  Index Cond: ((id >= 7042496) AND (id <= 7042596))

table 7 : explain SELECT id FROM sbtest7 WHERE id BETWEEN 7042496 AND 7042596
	Index Only Scan using sbtest7_pkey on sbtest7  (cost=0.43..10.40 rows=98 width=4)
	  Index Cond: ((id >= 7042496) AND (id <= 7042596))

table 8 : explain SELECT id FROM sbtest8 WHERE id BETWEEN 7042496 AND 7042596
	Index Only Scan using sbtest8_pkey on sbtest8  (cost=0.43..10.68 rows=112 width=4)
	  Index Cond: ((id >= 7042496) AND (id <= 7042596))

explain: for range-covered :: explain SELECT id FROM sbtest%d WHERE id BETWEEN 5665200 AND 5665300
explain: for range-covered :: explain SELECT id FROM sbtest%d WHERE id BETWEEN 3777052 AND 3777152
explain: for range-covered :: explain SELECT id FROM sbtest%d WHERE id BETWEEN 7042496 AND 7042596
for range-covered
table 1 : explain SELECT id FROM sbtest1 WHERE id BETWEEN 2028135 AND 2028235
	Index Only Scan using sbtest1_pkey on sbtest1  (cost=0.43..10.46 rows=101 width=4)
	  Index Cond: ((id >= 2028135) AND (id <= 2028235))

table 2 : explain SELECT id FROM sbtest2 WHERE id BETWEEN 2028135 AND 2028235
	Index Only Scan using sbtest2_pkey on sbtest2  (cost=0.43..10.58 rows=107 width=4)
	  Index Cond: ((id >= 2028135) AND (id <= 2028235))

table 3 : explain SELECT id FROM sbtest3 WHERE id BETWEEN 2028135 AND 2028235
	Index Only Scan using sbtest3_pkey on sbtest3  (cost=0.43..10.65 rows=111 width=4)
	  Index Cond: ((id >= 2028135) AND (id <= 2028235))

table 4 : explain SELECT id FROM sbtest4 WHERE id BETWEEN 2028135 AND 2028235
	Index Only Scan using sbtest4_pkey on sbtest4  (cost=0.43..10.36 rows=96 width=4)
	  Index Cond: ((id >= 2028135) AND (id <= 2028235))

table 5 : explain SELECT id FROM sbtest5 WHERE id BETWEEN 2028135 AND 2028235
	Index Only Scan using sbtest5_pkey on sbtest5  (cost=0.43..10.20 rows=88 width=4)
	  Index Cond: ((id >= 2028135) AND (id <= 2028235))

table 6 : explain SELECT id FROM sbtest6 WHERE id BETWEEN 2028135 AND 2028235
	Index Only Scan using sbtest6_pkey on sbtest6  (cost=0.43..10.42 rows=99 width=4)
	  Index Cond: ((id >= 2028135) AND (id <= 2028235))

table 7 : explain SELECT id FROM sbtest7 WHERE id BETWEEN 2028135 AND 2028235
	Index Only Scan using sbtest7_pkey on sbtest7  (cost=0.43..10.40 rows=98 width=4)
	  Index Cond: ((id >= 2028135) AND (id <= 2028235))

table 8 : explain SELECT id FROM sbtest8 WHERE id BETWEEN 2028135 AND 2028235
	Index Only Scan using sbtest8_pkey on sbtest8  (cost=0.43..10.32 rows=94 width=4)
	  Index Cond: ((id >= 2028135) AND (id <= 2028235))

for range-covered
table 1 : explain SELECT id FROM sbtest1 WHERE id BETWEEN 3088084 AND 3088184
	Index Only Scan using sbtest1_pkey on sbtest1  (cost=0.43..10.65 rows=111 width=4)
	  Index Cond: ((id >= 3088084) AND (id <= 3088184))

table 2 : explain SELECT id FROM sbtest2 WHERE id BETWEEN 3088084 AND 3088184
	Index Only Scan using sbtest2_pkey on sbtest2  (cost=0.43..10.47 rows=102 width=4)
	  Index Cond: ((id >= 3088084) AND (id <= 3088184))

table 3 : explain SELECT id FROM sbtest3 WHERE id BETWEEN 3088084 AND 3088184
	Index Only Scan using sbtest3_pkey on sbtest3  (cost=0.43..10.33 rows=95 width=4)
	  Index Cond: ((id >= 3088084) AND (id <= 3088184))

table 4 : explain SELECT id FROM sbtest4 WHERE id BETWEEN 3088084 AND 3088184
	Index Only Scan using sbtest4_pkey on sbtest4  (cost=0.43..10.44 rows=100 width=4)
	  Index Cond: ((id >= 3088084) AND (id <= 3088184))

table 5 : explain SELECT id FROM sbtest5 WHERE id BETWEEN 3088084 AND 3088184
	Index Only Scan using sbtest5_pkey on sbtest5  (cost=0.43..10.42 rows=99 width=4)
	  Index Cond: ((id >= 3088084) AND (id <= 3088184))

table 6 : explain SELECT id FROM sbtest6 WHERE id BETWEEN 3088084 AND 3088184
	Index Only Scan using sbtest6_pkey on sbtest6  (cost=0.43..10.42 rows=99 width=4)
	  Index Cond: ((id >= 3088084) AND (id <= 3088184))

table 7 : explain SELECT id FROM sbtest7 WHERE id BETWEEN 3088084 AND 3088184
	Index Only Scan using sbtest7_pkey on sbtest7  (cost=0.43..10.46 rows=101 width=4)
	  Index Cond: ((id >= 3088084) AND (id <= 3088184))

table 8 : explain SELECT id FROM sbtest8 WHERE id BETWEEN 3088084 AND 3088184
	Index Only Scan using sbtest8_pkey on sbtest8  (cost=0.43..10.40 rows=98 width=4)
	  Index Cond: ((id >= 3088084) AND (id <= 3088184))

for range-covered
table 1 : explain SELECT id FROM sbtest1 WHERE id BETWEEN 8128619 AND 8128719
	Index Only Scan using sbtest1_pkey on sbtest1  (cost=0.43..10.65 rows=111 width=4)
	  Index Cond: ((id >= 8128619) AND (id <= 8128719))

table 2 : explain SELECT id FROM sbtest2 WHERE id BETWEEN 8128619 AND 8128719
	Index Only Scan using sbtest2_pkey on sbtest2  (cost=0.43..10.50 rows=103 width=4)
	  Index Cond: ((id >= 8128619) AND (id <= 8128719))

table 3 : explain SELECT id FROM sbtest3 WHERE id BETWEEN 8128619 AND 8128719
	Index Only Scan using sbtest3_pkey on sbtest3  (cost=0.43..10.47 rows=102 width=4)
	  Index Cond: ((id >= 8128619) AND (id <= 8128719))

table 4 : explain SELECT id FROM sbtest4 WHERE id BETWEEN 8128619 AND 8128719
	Index Only Scan using sbtest4_pkey on sbtest4  (cost=0.43..10.40 rows=98 width=4)
	  Index Cond: ((id >= 8128619) AND (id <= 8128719))

table 5 : explain SELECT id FROM sbtest5 WHERE id BETWEEN 8128619 AND 8128719
	Index Only Scan using sbtest5_pkey on sbtest5  (cost=0.43..10.51 rows=104 width=4)
	  Index Cond: ((id >= 8128619) AND (id <= 8128719))

table 6 : explain SELECT id FROM sbtest6 WHERE id BETWEEN 8128619 AND 8128719
	Index Only Scan using sbtest6_pkey on sbtest6  (cost=0.43..10.38 rows=97 width=4)
	  Index Cond: ((id >= 8128619) AND (id <= 8128719))

table 7 : explain SELECT id FROM sbtest7 WHERE id BETWEEN 8128619 AND 8128719
	Index Only Scan using sbtest7_pkey on sbtest7  (cost=0.43..10.44 rows=100 width=4)
	  Index Cond: ((id >= 8128619) AND (id <= 8128719))

table 8 : explain SELECT id FROM sbtest8 WHERE id BETWEEN 8128619 AND 8128719
	Index Only Scan using sbtest8_pkey on sbtest8  (cost=0.43..10.56 rows=106 width=4)
	  Index Cond: ((id >= 8128619) AND (id <= 8128719))

explain: for range-covered :: explain SELECT id FROM sbtest%d WHERE id BETWEEN 2028135 AND 2028235
explain: for range-covered :: explain SELECT id FROM sbtest%d WHERE id BETWEEN 8128619 AND 8128719
for range-covered
table 1 : explain SELECT id FROM sbtest1 WHERE id BETWEEN 5005212 AND 5005312
	Index Only Scan using sbtest1_pkey on sbtest1  (cost=0.43..10.40 rows=98 width=4)
	  Index Cond: ((id >= 5005212) AND (id <= 5005312))

table 2 : explain SELECT id FROM sbtest2 WHERE id BETWEEN 5005212 AND 5005312
	Index Only Scan using sbtest2_pkey on sbtest2  (cost=0.43..10.36 rows=96 width=4)
	  Index Cond: ((id >= 5005212) AND (id <= 5005312))

table 3 : explain SELECT id FROM sbtest3 WHERE id BETWEEN 5005212 AND 5005312
	Index Only Scan using sbtest3_pkey on sbtest3  (cost=0.43..10.63 rows=110 width=4)
	  Index Cond: ((id >= 5005212) AND (id <= 5005312))

table 4 : explain SELECT id FROM sbtest4 WHERE id BETWEEN 5005212 AND 5005312
	Index Only Scan using sbtest4_pkey on sbtest4  (cost=0.43..10.38 rows=97 width=4)
	  Index Cond: ((id >= 5005212) AND (id <= 5005312))

table 5 : explain SELECT id FROM sbtest5 WHERE id BETWEEN 5005212 AND 5005312
	Index Only Scan using sbtest5_pkey on sbtest5  (cost=0.43..10.50 rows=103 width=4)
	  Index Cond: ((id >= 5005212) AND (id <= 5005312))

table 6 : explain SELECT id FROM sbtest6 WHERE id BETWEEN 5005212 AND 5005312
	Index Only Scan using sbtest6_pkey on sbtest6  (cost=0.43..10.29 rows=93 width=4)
	  Index Cond: ((id >= 5005212) AND (id <= 5005312))

table 7 : explain SELECT id FROM sbtest7 WHERE id BETWEEN 5005212 AND 5005312
	Index Only Scan using sbtest7_pkey on sbtest7  (cost=0.43..10.46 rows=101 width=4)
	  Index Cond: ((id >= 5005212) AND (id <= 5005312))

table 8 : explain SELECT id FROM sbtest8 WHERE id BETWEEN 5005212 AND 5005312
	Index Only Scan using sbtest8_pkey on sbtest8  (cost=0.43..10.54 rows=105 width=4)
	  Index Cond: ((id >= 5005212) AND (id <= 5005312))

explain: for range-covered :: explain SELECT id FROM sbtest%d WHERE id BETWEEN 5005212 AND 5005312
for range-covered
table 1 : explain SELECT id FROM sbtest1 WHERE id BETWEEN 2549493 AND 2549593
	Index Only Scan using sbtest1_pkey on sbtest1  (cost=0.43..10.51 rows=104 width=4)
	  Index Cond: ((id >= 2549493) AND (id <= 2549593))

table 2 : explain SELECT id FROM sbtest2 WHERE id BETWEEN 2549493 AND 2549593
	Index Only Scan using sbtest2_pkey on sbtest2  (cost=0.43..10.58 rows=107 width=4)
	  Index Cond: ((id >= 2549493) AND (id <= 2549593))

table 3 : explain SELECT id FROM sbtest3 WHERE id BETWEEN 2549493 AND 2549593
	Index Only Scan using sbtest3_pkey on sbtest3  (cost=0.43..10.46 rows=101 width=4)
	  Index Cond: ((id >= 2549493) AND (id <= 2549593))

table 4 : explain SELECT id FROM sbtest4 WHERE id BETWEEN 2549493 AND 2549593
	Index Only Scan using sbtest4_pkey on sbtest4  (cost=0.43..10.54 rows=105 width=4)
	  Index Cond: ((id >= 2549493) AND (id <= 2549593))

table 5 : explain SELECT id FROM sbtest5 WHERE id BETWEEN 2549493 AND 2549593
	Index Only Scan using sbtest5_pkey on sbtest5  (cost=0.43..10.46 rows=101 width=4)
	  Index Cond: ((id >= 2549493) AND (id <= 2549593))

table 6 : explain SELECT id FROM sbtest6 WHERE id BETWEEN 2549493 AND 2549593
	Index Only Scan using sbtest6_pkey on sbtest6  (cost=0.43..10.46 rows=101 width=4)
	  Index Cond: ((id >= 2549493) AND (id <= 2549593))

table 7 : explain SELECT id FROM sbtest7 WHERE id BETWEEN 2549493 AND 2549593
	Index Only Scan using sbtest7_pkey on sbtest7  (cost=0.43..10.51 rows=104 width=4)
	  Index Cond: ((id >= 2549493) AND (id <= 2549593))

table 8 : explain SELECT id FROM sbtest8 WHERE id BETWEEN 2549493 AND 2549593
	Index Only Scan using sbtest8_pkey on sbtest8  (cost=0.43..10.29 rows=93 width=4)
	  Index Cond: ((id >= 2549493) AND (id <= 2549593))

explain: for range-covered :: explain SELECT id FROM sbtest%d WHERE id BETWEEN 2549493 AND 2549593
for range-covered
table 1 : explain SELECT id FROM sbtest1 WHERE id BETWEEN 3777052 AND 3777152
	Index Only Scan using sbtest1_pkey on sbtest1  (cost=0.43..10.29 rows=93 width=4)
	  Index Cond: ((id >= 3777052) AND (id <= 3777152))

table 2 : explain SELECT id FROM sbtest2 WHERE id BETWEEN 3777052 AND 3777152
	Index Only Scan using sbtest2_pkey on sbtest2  (cost=0.43..10.29 rows=93 width=4)
	  Index Cond: ((id >= 3777052) AND (id <= 3777152))

table 3 : explain SELECT id FROM sbtest3 WHERE id BETWEEN 3777052 AND 3777152
	Index Only Scan using sbtest3_pkey on sbtest3  (cost=0.43..10.72 rows=114 width=4)
	  Index Cond: ((id >= 3777052) AND (id <= 3777152))

table 4 : explain SELECT id FROM sbtest4 WHERE id BETWEEN 3777052 AND 3777152
	Index Only Scan using sbtest4_pkey on sbtest4  (cost=0.43..10.56 rows=106 width=4)
	  Index Cond: ((id >= 3777052) AND (id <= 3777152))

table 5 : explain SELECT id FROM sbtest5 WHERE id BETWEEN 3777052 AND 3777152
	Index Only Scan using sbtest5_pkey on sbtest5  (cost=0.43..10.44 rows=100 width=4)
	  Index Cond: ((id >= 3777052) AND (id <= 3777152))

table 6 : explain SELECT id FROM sbtest6 WHERE id BETWEEN 3777052 AND 3777152
	Index Only Scan using sbtest6_pkey on sbtest6  (cost=0.43..10.58 rows=107 width=4)
	  Index Cond: ((id >= 3777052) AND (id <= 3777152))

table 7 : explain SELECT id FROM sbtest7 WHERE id BETWEEN 3777052 AND 3777152
	Index Only Scan using sbtest7_pkey on sbtest7  (cost=0.43..10.50 rows=103 width=4)
	  Index Cond: ((id >= 3777052) AND (id <= 3777152))

table 8 : explain SELECT id FROM sbtest8 WHERE id BETWEEN 3777052 AND 3777152
	Index Only Scan using sbtest8_pkey on sbtest8  (cost=0.43..10.74 rows=115 width=4)
	  Index Cond: ((id >= 3777052) AND (id <= 3777152))

explain: for range-covered :: explain SELECT id FROM sbtest%d WHERE id BETWEEN 3777052 AND 3777152
for range-covered
table 1 : explain SELECT id FROM sbtest1 WHERE id BETWEEN 7042496 AND 7042596
	Index Only Scan using sbtest1_pkey on sbtest1  (cost=0.43..10.40 rows=98 width=4)
	  Index Cond: ((id >= 7042496) AND (id <= 7042596))

table 2 : explain SELECT id FROM sbtest2 WHERE id BETWEEN 7042496 AND 7042596
	Index Only Scan using sbtest2_pkey on sbtest2  (cost=0.43..10.51 rows=104 width=4)
	  Index Cond: ((id >= 7042496) AND (id <= 7042596))

table 3 : explain SELECT id FROM sbtest3 WHERE id BETWEEN 7042496 AND 7042596
	Index Only Scan using sbtest3_pkey on sbtest3  (cost=0.43..10.33 rows=95 width=4)
	  Index Cond: ((id >= 7042496) AND (id <= 7042596))

table 4 : explain SELECT id FROM sbtest4 WHERE id BETWEEN 7042496 AND 7042596
	Index Only Scan using sbtest4_pkey on sbtest4  (cost=0.43..10.81 rows=119 width=4)
	  Index Cond: ((id >= 7042496) AND (id <= 7042596))

table 5 : explain SELECT id FROM sbtest5 WHERE id BETWEEN 7042496 AND 7042596
	Index Only Scan using sbtest5_pkey on sbtest5  (cost=0.43..10.63 rows=110 width=4)
	  Index Cond: ((id >= 7042496) AND (id <= 7042596))

table 6 : explain SELECT id FROM sbtest6 WHERE id BETWEEN 7042496 AND 7042596
	Index Only Scan using sbtest6_pkey on sbtest6  (cost=0.43..10.54 rows=105 width=4)
	  Index Cond: ((id >= 7042496) AND (id <= 7042596))

table 7 : explain SELECT id FROM sbtest7 WHERE id BETWEEN 7042496 AND 7042596
	Index Only Scan using sbtest7_pkey on sbtest7  (cost=0.43..10.40 rows=98 width=4)
	  Index Cond: ((id >= 7042496) AND (id <= 7042596))

table 8 : explain SELECT id FROM sbtest8 WHERE id BETWEEN 7042496 AND 7042596
	Index Only Scan using sbtest8_pkey on sbtest8  (cost=0.43..10.68 rows=112 width=4)
	  Index Cond: ((id >= 7042496) AND (id <= 7042596))

for range-covered
table 1 : explain SELECT id FROM sbtest1 WHERE id BETWEEN 5005212 AND 5005312
	Index Only Scan using sbtest1_pkey on sbtest1  (cost=0.43..10.40 rows=98 width=4)
	  Index Cond: ((id >= 5005212) AND (id <= 5005312))

table 2 : explain SELECT id FROM sbtest2 WHERE id BETWEEN 5005212 AND 5005312
	Index Only Scan using sbtest2_pkey on sbtest2  (cost=0.43..10.36 rows=96 width=4)
	  Index Cond: ((id >= 5005212) AND (id <= 5005312))

table 3 : explain SELECT id FROM sbtest3 WHERE id BETWEEN 5005212 AND 5005312
	Index Only Scan using sbtest3_pkey on sbtest3  (cost=0.43..10.63 rows=110 width=4)
	  Index Cond: ((id >= 5005212) AND (id <= 5005312))

table 4 : explain SELECT id FROM sbtest4 WHERE id BETWEEN 5005212 AND 5005312
	Index Only Scan using sbtest4_pkey on sbtest4  (cost=0.43..10.38 rows=97 width=4)
	  Index Cond: ((id >= 5005212) AND (id <= 5005312))

table 5 : explain SELECT id FROM sbtest5 WHERE id BETWEEN 5005212 AND 5005312
	Index Only Scan using sbtest5_pkey on sbtest5  (cost=0.43..10.50 rows=103 width=4)
	  Index Cond: ((id >= 5005212) AND (id <= 5005312))

table 6 : explain SELECT id FROM sbtest6 WHERE id BETWEEN 5005212 AND 5005312
	Index Only Scan using sbtest6_pkey on sbtest6  (cost=0.43..10.29 rows=93 width=4)
	  Index Cond: ((id >= 5005212) AND (id <= 5005312))

table 7 : explain SELECT id FROM sbtest7 WHERE id BETWEEN 5005212 AND 5005312
	Index Only Scan using sbtest7_pkey on sbtest7  (cost=0.43..10.46 rows=101 width=4)
	  Index Cond: ((id >= 5005212) AND (id <= 5005312))

table 8 : explain SELECT id FROM sbtest8 WHERE id BETWEEN 5005212 AND 5005312
	Index Only Scan using sbtest8_pkey on sbtest8  (cost=0.43..10.54 rows=105 width=4)
	  Index Cond: ((id >= 5005212) AND (id <= 5005312))

explain: for range-covered :: explain SELECT id FROM sbtest%d WHERE id BETWEEN 5005212 AND 5005312
for range-covered
table 1 : explain SELECT id FROM sbtest1 WHERE id BETWEEN 3777052 AND 3777152
	Index Only Scan using sbtest1_pkey on sbtest1  (cost=0.43..10.29 rows=93 width=4)
	  Index Cond: ((id >= 3777052) AND (id <= 3777152))

table 2 : explain SELECT id FROM sbtest2 WHERE id BETWEEN 3777052 AND 3777152
	Index Only Scan using sbtest2_pkey on sbtest2  (cost=0.43..10.29 rows=93 width=4)
	  Index Cond: ((id >= 3777052) AND (id <= 3777152))

table 3 : explain SELECT id FROM sbtest3 WHERE id BETWEEN 3777052 AND 3777152
	Index Only Scan using sbtest3_pkey on sbtest3  (cost=0.43..10.72 rows=114 width=4)
	  Index Cond: ((id >= 3777052) AND (id <= 3777152))

table 4 : explain SELECT id FROM sbtest4 WHERE id BETWEEN 3777052 AND 3777152
	Index Only Scan using sbtest4_pkey on sbtest4  (cost=0.43..10.56 rows=106 width=4)
	  Index Cond: ((id >= 3777052) AND (id <= 3777152))

table 5 : explain SELECT id FROM sbtest5 WHERE id BETWEEN 3777052 AND 3777152
	Index Only Scan using sbtest5_pkey on sbtest5  (cost=0.43..10.44 rows=100 width=4)
	  Index Cond: ((id >= 3777052) AND (id <= 3777152))

table 6 : explain SELECT id FROM sbtest6 WHERE id BETWEEN 3777052 AND 3777152
	Index Only Scan using sbtest6_pkey on sbtest6  (cost=0.43..10.58 rows=107 width=4)
	  Index Cond: ((id >= 3777052) AND (id <= 3777152))

table 7 : explain SELECT id FROM sbtest7 WHERE id BETWEEN 3777052 AND 3777152
	Index Only Scan using sbtest7_pkey on sbtest7  (cost=0.43..10.50 rows=103 width=4)
	  Index Cond: ((id >= 3777052) AND (id <= 3777152))

table 8 : explain SELECT id FROM sbtest8 WHERE id BETWEEN 3777052 AND 3777152
	Index Only Scan using sbtest8_pkey on sbtest8  (cost=0.43..10.74 rows=115 width=4)
	  Index Cond: ((id >= 3777052) AND (id <= 3777152))

explain: for range-covered :: explain SELECT id FROM sbtest%d WHERE id BETWEEN 3777052 AND 3777152
for range-covered
table 1 : explain SELECT id FROM sbtest1 WHERE id BETWEEN 2028135 AND 2028235
	Index Only Scan using sbtest1_pkey on sbtest1  (cost=0.43..10.46 rows=101 width=4)
	  Index Cond: ((id >= 2028135) AND (id <= 2028235))

table 2 : explain SELECT id FROM sbtest2 WHERE id BETWEEN 2028135 AND 2028235
	Index Only Scan using sbtest2_pkey on sbtest2  (cost=0.43..10.58 rows=107 width=4)
	  Index Cond: ((id >= 2028135) AND (id <= 2028235))

table 3 : explain SELECT id FROM sbtest3 WHERE id BETWEEN 2028135 AND 2028235
	Index Only Scan using sbtest3_pkey on sbtest3  (cost=0.43..10.65 rows=111 width=4)
	  Index Cond: ((id >= 2028135) AND (id <= 2028235))

table 4 : explain SELECT id FROM sbtest4 WHERE id BETWEEN 2028135 AND 2028235
	Index Only Scan using sbtest4_pkey on sbtest4  (cost=0.43..10.36 rows=96 width=4)
	  Index Cond: ((id >= 2028135) AND (id <= 2028235))

table 5 : explain SELECT id FROM sbtest5 WHERE id BETWEEN 2028135 AND 2028235
	Index Only Scan using sbtest5_pkey on sbtest5  (cost=0.43..10.20 rows=88 width=4)
	  Index Cond: ((id >= 2028135) AND (id <= 2028235))

table 6 : explain SELECT id FROM sbtest6 WHERE id BETWEEN 2028135 AND 2028235
	Index Only Scan using sbtest6_pkey on sbtest6  (cost=0.43..10.42 rows=99 width=4)
	  Index Cond: ((id >= 2028135) AND (id <= 2028235))

table 7 : explain SELECT id FROM sbtest7 WHERE id BETWEEN 2028135 AND 2028235
	Index Only Scan using sbtest7_pkey on sbtest7  (cost=0.43..10.40 rows=98 width=4)
	  Index Cond: ((id >= 2028135) AND (id <= 2028235))

table 8 : explain SELECT id FROM sbtest8 WHERE id BETWEEN 2028135 AND 2028235
	Index Only Scan using sbtest8_pkey on sbtest8  (cost=0.43..10.32 rows=94 width=4)
	  Index Cond: ((id >= 2028135) AND (id <= 2028235))

for range-covered
table 1 : explain SELECT id FROM sbtest1 WHERE id BETWEEN 8128619 AND 8128719
	Index Only Scan using sbtest1_pkey on sbtest1  (cost=0.43..10.65 rows=111 width=4)
	  Index Cond: ((id >= 8128619) AND (id <= 8128719))

table 2 : explain SELECT id FROM sbtest2 WHERE id BETWEEN 8128619 AND 8128719
	Index Only Scan using sbtest2_pkey on sbtest2  (cost=0.43..10.50 rows=103 width=4)
	  Index Cond: ((id >= 8128619) AND (id <= 8128719))

table 3 : explain SELECT id FROM sbtest3 WHERE id BETWEEN 8128619 AND 8128719
	Index Only Scan using sbtest3_pkey on sbtest3  (cost=0.43..10.47 rows=102 width=4)
	  Index Cond: ((id >= 8128619) AND (id <= 8128719))

table 4 : explain SELECT id FROM sbtest4 WHERE id BETWEEN 8128619 AND 8128719
	Index Only Scan using sbtest4_pkey on sbtest4  (cost=0.43..10.40 rows=98 width=4)
	  Index Cond: ((id >= 8128619) AND (id <= 8128719))

table 5 : explain SELECT id FROM sbtest5 WHERE id BETWEEN 8128619 AND 8128719
	Index Only Scan using sbtest5_pkey on sbtest5  (cost=0.43..10.51 rows=104 width=4)
	  Index Cond: ((id >= 8128619) AND (id <= 8128719))

table 6 : explain SELECT id FROM sbtest6 WHERE id BETWEEN 8128619 AND 8128719
	Index Only Scan using sbtest6_pkey on sbtest6  (cost=0.43..10.38 rows=97 width=4)
	  Index Cond: ((id >= 8128619) AND (id <= 8128719))

table 7 : explain SELECT id FROM sbtest7 WHERE id BETWEEN 8128619 AND 8128719
	Index Only Scan using sbtest7_pkey on sbtest7  (cost=0.43..10.44 rows=100 width=4)
	  Index Cond: ((id >= 8128619) AND (id <= 8128719))

table 8 : explain SELECT id FROM sbtest8 WHERE id BETWEEN 8128619 AND 8128719
	Index Only Scan using sbtest8_pkey on sbtest8  (cost=0.43..10.56 rows=106 width=4)
	  Index Cond: ((id >= 8128619) AND (id <= 8128719))

explain: for range-covered :: explain SELECT id FROM sbtest%d WHERE id BETWEEN 2028135 AND 2028235
explain: for range-covered :: explain SELECT id FROM sbtest%d WHERE id BETWEEN 8128619 AND 8128719
for range-covered
table 1 : explain SELECT id FROM sbtest1 WHERE id BETWEEN 5005212 AND 5005312
	Index Only Scan using sbtest1_pkey on sbtest1  (cost=0.43..10.40 rows=98 width=4)
	  Index Cond: ((id >= 5005212) AND (id <= 5005312))

table 2 : explain SELECT id FROM sbtest2 WHERE id BETWEEN 5005212 AND 5005312
	Index Only Scan using sbtest2_pkey on sbtest2  (cost=0.43..10.36 rows=96 width=4)
	  Index Cond: ((id >= 5005212) AND (id <= 5005312))

table 3 : explain SELECT id FROM sbtest3 WHERE id BETWEEN 5005212 AND 5005312
	Index Only Scan using sbtest3_pkey on sbtest3  (cost=0.43..10.63 rows=110 width=4)
	  Index Cond: ((id >= 5005212) AND (id <= 5005312))

table 4 : explain SELECT id FROM sbtest4 WHERE id BETWEEN 5005212 AND 5005312
	Index Only Scan using sbtest4_pkey on sbtest4  (cost=0.43..10.38 rows=97 width=4)
	  Index Cond: ((id >= 5005212) AND (id <= 5005312))

table 5 : explain SELECT id FROM sbtest5 WHERE id BETWEEN 5005212 AND 5005312
	Index Only Scan using sbtest5_pkey on sbtest5  (cost=0.43..10.50 rows=103 width=4)
	  Index Cond: ((id >= 5005212) AND (id <= 5005312))

table 6 : explain SELECT id FROM sbtest6 WHERE id BETWEEN 5005212 AND 5005312
	Index Only Scan using sbtest6_pkey on sbtest6  (cost=0.43..10.29 rows=93 width=4)
	  Index Cond: ((id >= 5005212) AND (id <= 5005312))

table 7 : explain SELECT id FROM sbtest7 WHERE id BETWEEN 5005212 AND 5005312
	Index Only Scan using sbtest7_pkey on sbtest7  (cost=0.43..10.46 rows=101 width=4)
	  Index Cond: ((id >= 5005212) AND (id <= 5005312))

table 8 : explain SELECT id FROM sbtest8 WHERE id BETWEEN 5005212 AND 5005312
	Index Only Scan using sbtest8_pkey on sbtest8  (cost=0.43..10.54 rows=105 width=4)
	  Index Cond: ((id >= 5005212) AND (id <= 5005312))

for range-covered
table 1 : explain SELECT id FROM sbtest1 WHERE id BETWEEN 2549493 AND 2549593
	Index Only Scan using sbtest1_pkey on sbtest1  (cost=0.43..10.51 rows=104 width=4)
	  Index Cond: ((id >= 2549493) AND (id <= 2549593))

table 2 : explain SELECT id FROM sbtest2 WHERE id BETWEEN 2549493 AND 2549593
	Index Only Scan using sbtest2_pkey on sbtest2  (cost=0.43..10.58 rows=107 width=4)
	  Index Cond: ((id >= 2549493) AND (id <= 2549593))

table 3 : explain SELECT id FROM sbtest3 WHERE id BETWEEN 2549493 AND 2549593
	Index Only Scan using sbtest3_pkey on sbtest3  (cost=0.43..10.46 rows=101 width=4)
	  Index Cond: ((id >= 2549493) AND (id <= 2549593))

table 4 : explain SELECT id FROM sbtest4 WHERE id BETWEEN 2549493 AND 2549593
	Index Only Scan using sbtest4_pkey on sbtest4  (cost=0.43..10.54 rows=105 width=4)
	  Index Cond: ((id >= 2549493) AND (id <= 2549593))

table 5 : explain SELECT id FROM sbtest5 WHERE id BETWEEN 2549493 AND 2549593
	Index Only Scan using sbtest5_pkey on sbtest5  (cost=0.43..10.46 rows=101 width=4)
	  Index Cond: ((id >= 2549493) AND (id <= 2549593))

table 6 : explain SELECT id FROM sbtest6 WHERE id BETWEEN 2549493 AND 2549593
	Index Only Scan using sbtest6_pkey on sbtest6  (cost=0.43..10.46 rows=101 width=4)
	  Index Cond: ((id >= 2549493) AND (id <= 2549593))

table 7 : explain SELECT id FROM sbtest7 WHERE id BETWEEN 2549493 AND 2549593
	Index Only Scan using sbtest7_pkey on sbtest7  (cost=0.43..10.51 rows=104 width=4)
	  Index Cond: ((id >= 2549493) AND (id <= 2549593))

table 8 : explain SELECT id FROM sbtest8 WHERE id BETWEEN 2549493 AND 2549593
	Index Only Scan using sbtest8_pkey on sbtest8  (cost=0.43..10.29 rows=93 width=4)
	  Index Cond: ((id >= 2549493) AND (id <= 2549593))

explain: for range-covered :: explain SELECT id FROM sbtest%d WHERE id BETWEEN 5005212 AND 5005312
explain: for range-covered :: explain SELECT id FROM sbtest%d WHERE id BETWEEN 2549493 AND 2549593
for range-covered
table 1 : explain SELECT id FROM sbtest1 WHERE id BETWEEN 3777052 AND 3777152
	Index Only Scan using sbtest1_pkey on sbtest1  (cost=0.43..10.29 rows=93 width=4)
	  Index Cond: ((id >= 3777052) AND (id <= 3777152))

table 2 : explain SELECT id FROM sbtest2 WHERE id BETWEEN 3777052 AND 3777152
	Index Only Scan using sbtest2_pkey on sbtest2  (cost=0.43..10.29 rows=93 width=4)
	  Index Cond: ((id >= 3777052) AND (id <= 3777152))

table 3 : explain SELECT id FROM sbtest3 WHERE id BETWEEN 3777052 AND 3777152
	Index Only Scan using sbtest3_pkey on sbtest3  (cost=0.43..10.72 rows=114 width=4)
	  Index Cond: ((id >= 3777052) AND (id <= 3777152))

table 4 : explain SELECT id FROM sbtest4 WHERE id BETWEEN 3777052 AND 3777152
	Index Only Scan using sbtest4_pkey on sbtest4  (cost=0.43..10.56 rows=106 width=4)
	  Index Cond: ((id >= 3777052) AND (id <= 3777152))

table 5 : explain SELECT id FROM sbtest5 WHERE id BETWEEN 3777052 AND 3777152
	Index Only Scan using sbtest5_pkey on sbtest5  (cost=0.43..10.44 rows=100 width=4)
	  Index Cond: ((id >= 3777052) AND (id <= 3777152))

table 6 : explain SELECT id FROM sbtest6 WHERE id BETWEEN 3777052 AND 3777152
	Index Only Scan using sbtest6_pkey on sbtest6  (cost=0.43..10.58 rows=107 width=4)
	  Index Cond: ((id >= 3777052) AND (id <= 3777152))

table 7 : explain SELECT id FROM sbtest7 WHERE id BETWEEN 3777052 AND 3777152
	Index Only Scan using sbtest7_pkey on sbtest7  (cost=0.43..10.50 rows=103 width=4)
	  Index Cond: ((id >= 3777052) AND (id <= 3777152))

table 8 : explain SELECT id FROM sbtest8 WHERE id BETWEEN 3777052 AND 3777152
	Index Only Scan using sbtest8_pkey on sbtest8  (cost=0.43..10.74 rows=115 width=4)
	  Index Cond: ((id >= 3777052) AND (id <= 3777152))

explain: for range-covered :: explain SELECT id FROM sbtest%d WHERE id BETWEEN 3777052 AND 3777152
for range-covered
table 1 : explain SELECT id FROM sbtest1 WHERE id BETWEEN 5005212 AND 5005312
	Index Only Scan using sbtest1_pkey on sbtest1  (cost=0.43..10.40 rows=98 width=4)
	  Index Cond: ((id >= 5005212) AND (id <= 5005312))

table 2 : explain SELECT id FROM sbtest2 WHERE id BETWEEN 5005212 AND 5005312
	Index Only Scan using sbtest2_pkey on sbtest2  (cost=0.43..10.36 rows=96 width=4)
	  Index Cond: ((id >= 5005212) AND (id <= 5005312))

table 3 : explain SELECT id FROM sbtest3 WHERE id BETWEEN 5005212 AND 5005312
	Index Only Scan using sbtest3_pkey on sbtest3  (cost=0.43..10.63 rows=110 width=4)
	  Index Cond: ((id >= 5005212) AND (id <= 5005312))

table 4 : explain SELECT id FROM sbtest4 WHERE id BETWEEN 5005212 AND 5005312
	Index Only Scan using sbtest4_pkey on sbtest4  (cost=0.43..10.38 rows=97 width=4)
	  Index Cond: ((id >= 5005212) AND (id <= 5005312))

table 5 : explain SELECT id FROM sbtest5 WHERE id BETWEEN 5005212 AND 5005312
	Index Only Scan using sbtest5_pkey on sbtest5  (cost=0.43..10.50 rows=103 width=4)
	  Index Cond: ((id >= 5005212) AND (id <= 5005312))

table 6 : explain SELECT id FROM sbtest6 WHERE id BETWEEN 5005212 AND 5005312
	Index Only Scan using sbtest6_pkey on sbtest6  (cost=0.43..10.29 rows=93 width=4)
	  Index Cond: ((id >= 5005212) AND (id <= 5005312))

table 7 : explain SELECT id FROM sbtest7 WHERE id BETWEEN 5005212 AND 5005312
	Index Only Scan using sbtest7_pkey on sbtest7  (cost=0.43..10.46 rows=101 width=4)
	  Index Cond: ((id >= 5005212) AND (id <= 5005312))

table 8 : explain SELECT id FROM sbtest8 WHERE id BETWEEN 5005212 AND 5005312
	Index Only Scan using sbtest8_pkey on sbtest8  (cost=0.43..10.54 rows=105 width=4)
	  Index Cond: ((id >= 5005212) AND (id <= 5005312))

for range-covered
table 1 : explain SELECT id FROM sbtest1 WHERE id BETWEEN 4226748 AND 4226848
	Index Only Scan using sbtest1_pkey on sbtest1  (cost=0.43..10.70 rows=113 width=4)
	  Index Cond: ((id >= 4226748) AND (id <= 4226848))

table 2 : explain SELECT id FROM sbtest2 WHERE id BETWEEN 4226748 AND 4226848
	Index Only Scan using sbtest2_pkey on sbtest2  (cost=0.43..10.54 rows=105 width=4)
	  Index Cond: ((id >= 4226748) AND (id <= 4226848))

table 3 : explain SELECT id FROM sbtest3 WHERE id BETWEEN 4226748 AND 4226848
	Index Only Scan using sbtest3_pkey on sbtest3  (cost=0.43..10.40 rows=98 width=4)
	  Index Cond: ((id >= 4226748) AND (id <= 4226848))

table 4 : explain SELECT id FROM sbtest4 WHERE id BETWEEN 4226748 AND 4226848
	Index Only Scan using sbtest4_pkey on sbtest4  (cost=0.43..10.28 rows=92 width=4)
	  Index Cond: ((id >= 4226748) AND (id <= 4226848))

table 5 : explain SELECT id FROM sbtest5 WHERE id BETWEEN 4226748 AND 4226848
	Index Only Scan using sbtest5_pkey on sbtest5  (cost=0.43..10.28 rows=92 width=4)
	  Index Cond: ((id >= 4226748) AND (id <= 4226848))

table 6 : explain SELECT id FROM sbtest6 WHERE id BETWEEN 4226748 AND 4226848
	Index Only Scan using sbtest6_pkey on sbtest6  (cost=0.43..10.50 rows=103 width=4)
	  Index Cond: ((id >= 4226748) AND (id <= 4226848))

table 7 : explain SELECT id FROM sbtest7 WHERE id BETWEEN 4226748 AND 4226848
	Index Only Scan using sbtest7_pkey on sbtest7  (cost=0.43..10.50 rows=103 width=4)
	  Index Cond: ((id >= 4226748) AND (id <= 4226848))

table 8 : explain SELECT id FROM sbtest8 WHERE id BETWEEN 4226748 AND 4226848
	Index Only Scan using sbtest8_pkey on sbtest8  (cost=0.43..10.62 rows=109 width=4)
	  Index Cond: ((id >= 4226748) AND (id <= 4226848))

explain: for range-covered :: explain SELECT id FROM sbtest%d WHERE id BETWEEN 5005212 AND 5005312
for range-covered
table 1 : explain SELECT id FROM sbtest1 WHERE id BETWEEN 3777052 AND 3777152
	Index Only Scan using sbtest1_pkey on sbtest1  (cost=0.43..10.29 rows=93 width=4)
	  Index Cond: ((id >= 3777052) AND (id <= 3777152))

table 2 : explain SELECT id FROM sbtest2 WHERE id BETWEEN 3777052 AND 3777152
	Index Only Scan using sbtest2_pkey on sbtest2  (cost=0.43..10.29 rows=93 width=4)
	  Index Cond: ((id >= 3777052) AND (id <= 3777152))

table 3 : explain SELECT id FROM sbtest3 WHERE id BETWEEN 3777052 AND 3777152
	Index Only Scan using sbtest3_pkey on sbtest3  (cost=0.43..10.72 rows=114 width=4)
	  Index Cond: ((id >= 3777052) AND (id <= 3777152))

table 4 : explain SELECT id FROM sbtest4 WHERE id BETWEEN 3777052 AND 3777152
	Index Only Scan using sbtest4_pkey on sbtest4  (cost=0.43..10.56 rows=106 width=4)
	  Index Cond: ((id >= 3777052) AND (id <= 3777152))

table 5 : explain SELECT id FROM sbtest5 WHERE id BETWEEN 3777052 AND 3777152
	Index Only Scan using sbtest5_pkey on sbtest5  (cost=0.43..10.44 rows=100 width=4)
	  Index Cond: ((id >= 3777052) AND (id <= 3777152))

table 6 : explain SELECT id FROM sbtest6 WHERE id BETWEEN 3777052 AND 3777152
	Index Only Scan using sbtest6_pkey on sbtest6  (cost=0.43..10.58 rows=107 width=4)
	  Index Cond: ((id >= 3777052) AND (id <= 3777152))

table 7 : explain SELECT id FROM sbtest7 WHERE id BETWEEN 3777052 AND 3777152
	Index Only Scan using sbtest7_pkey on sbtest7  (cost=0.43..10.50 rows=103 width=4)
	  Index Cond: ((id >= 3777052) AND (id <= 3777152))

table 8 : explain SELECT id FROM sbtest8 WHERE id BETWEEN 3777052 AND 3777152
	Index Only Scan using sbtest8_pkey on sbtest8  (cost=0.43..10.74 rows=115 width=4)
	  Index Cond: ((id >= 3777052) AND (id <= 3777152))

for range-covered
table 1 : explain SELECT id FROM sbtest1 WHERE id BETWEEN 2769102 AND 2769202
	Index Only Scan using sbtest1_pkey on sbtest1  (cost=0.43..10.50 rows=103 width=4)
	  Index Cond: ((id >= 2769102) AND (id <= 2769202))

table 2 : explain SELECT id FROM sbtest2 WHERE id BETWEEN 2769102 AND 2769202
	Index Only Scan using sbtest2_pkey on sbtest2  (cost=0.43..10.42 rows=99 width=4)
	  Index Cond: ((id >= 2769102) AND (id <= 2769202))

table 3 : explain SELECT id FROM sbtest3 WHERE id BETWEEN 2769102 AND 2769202
	Index Only Scan using sbtest3_pkey on sbtest3  (cost=0.43..10.51 rows=104 width=4)
	  Index Cond: ((id >= 2769102) AND (id <= 2769202))

table 4 : explain SELECT id FROM sbtest4 WHERE id BETWEEN 2769102 AND 2769202
	Index Only Scan using sbtest4_pkey on sbtest4  (cost=0.43..10.44 rows=100 width=4)
	  Index Cond: ((id >= 2769102) AND (id <= 2769202))

table 5 : explain SELECT id FROM sbtest5 WHERE id BETWEEN 2769102 AND 2769202
	Index Only Scan using sbtest5_pkey on sbtest5  (cost=0.43..10.54 rows=105 width=4)
	  Index Cond: ((id >= 2769102) AND (id <= 2769202))

table 6 : explain SELECT id FROM sbtest6 WHERE id BETWEEN 2769102 AND 2769202
	Index Only Scan using sbtest6_pkey on sbtest6  (cost=0.43..10.47 rows=102 width=4)
	  Index Cond: ((id >= 2769102) AND (id <= 2769202))

table 7 : explain SELECT id FROM sbtest7 WHERE id BETWEEN 2769102 AND 2769202
	Index Only Scan using sbtest7_pkey on sbtest7  (cost=0.43..10.47 rows=102 width=4)
	  Index Cond: ((id >= 2769102) AND (id <= 2769202))

table 8 : explain SELECT id FROM sbtest8 WHERE id BETWEEN 2769102 AND 2769202
	Index Only Scan using sbtest8_pkey on sbtest8  (cost=0.43..10.40 rows=98 width=4)
	  Index Cond: ((id >= 2769102) AND (id <= 2769202))

for range-covered
table 1 : explain SELECT id FROM sbtest1 WHERE id BETWEEN 2549493 AND 2549593
	Index Only Scan using sbtest1_pkey on sbtest1  (cost=0.43..10.51 rows=104 width=4)
	  Index Cond: ((id >= 2549493) AND (id <= 2549593))

table 2 : explain SELECT id FROM sbtest2 WHERE id BETWEEN 2549493 AND 2549593
	Index Only Scan using sbtest2_pkey on sbtest2  (cost=0.43..10.58 rows=107 width=4)
	  Index Cond: ((id >= 2549493) AND (id <= 2549593))

table 3 : explain SELECT id FROM sbtest3 WHERE id BETWEEN 2549493 AND 2549593
	Index Only Scan using sbtest3_pkey on sbtest3  (cost=0.43..10.46 rows=101 width=4)
	  Index Cond: ((id >= 2549493) AND (id <= 2549593))

table 4 : explain SELECT id FROM sbtest4 WHERE id BETWEEN 2549493 AND 2549593
	Index Only Scan using sbtest4_pkey on sbtest4  (cost=0.43..10.54 rows=105 width=4)
	  Index Cond: ((id >= 2549493) AND (id <= 2549593))

table 5 : explain SELECT id FROM sbtest5 WHERE id BETWEEN 2549493 AND 2549593
	Index Only Scan using sbtest5_pkey on sbtest5  (cost=0.43..10.46 rows=101 width=4)
	  Index Cond: ((id >= 2549493) AND (id <= 2549593))

table 6 : explain SELECT id FROM sbtest6 WHERE id BETWEEN 2549493 AND 2549593
	Index Only Scan using sbtest6_pkey on sbtest6  (cost=0.43..10.46 rows=101 width=4)
	  Index Cond: ((id >= 2549493) AND (id <= 2549593))

table 7 : explain SELECT id FROM sbtest7 WHERE id BETWEEN 2549493 AND 2549593
	Index Only Scan using sbtest7_pkey on sbtest7  (cost=0.43..10.51 rows=104 width=4)
	  Index Cond: ((id >= 2549493) AND (id <= 2549593))

table 8 : explain SELECT id FROM sbtest8 WHERE id BETWEEN 2549493 AND 2549593
	Index Only Scan using sbtest8_pkey on sbtest8  (cost=0.43..10.29 rows=93 width=4)
	  Index Cond: ((id >= 2549493) AND (id <= 2549593))

explain: for range-covered :: explain SELECT id FROM sbtest%d WHERE id BETWEEN 3777052 AND 3777152
explain: for range-covered :: explain SELECT id FROM sbtest%d WHERE id BETWEEN 2549493 AND 2549593
explain: for range-covered :: explain SELECT id FROM sbtest%d WHERE id BETWEEN 4226748 AND 4226848
explain: for range-covered :: explain SELECT id FROM sbtest%d WHERE id BETWEEN 2769102 AND 2769202
for range-covered
table 1 : explain SELECT id FROM sbtest1 WHERE id BETWEEN 8128619 AND 8128719
	Index Only Scan using sbtest1_pkey on sbtest1  (cost=0.43..10.65 rows=111 width=4)
	  Index Cond: ((id >= 8128619) AND (id <= 8128719))

table 2 : explain SELECT id FROM sbtest2 WHERE id BETWEEN 8128619 AND 8128719
	Index Only Scan using sbtest2_pkey on sbtest2  (cost=0.43..10.50 rows=103 width=4)
	  Index Cond: ((id >= 8128619) AND (id <= 8128719))

table 3 : explain SELECT id FROM sbtest3 WHERE id BETWEEN 8128619 AND 8128719
	Index Only Scan using sbtest3_pkey on sbtest3  (cost=0.43..10.47 rows=102 width=4)
	  Index Cond: ((id >= 8128619) AND (id <= 8128719))

table 4 : explain SELECT id FROM sbtest4 WHERE id BETWEEN 8128619 AND 8128719
	Index Only Scan using sbtest4_pkey on sbtest4  (cost=0.43..10.40 rows=98 width=4)
	  Index Cond: ((id >= 8128619) AND (id <= 8128719))

table 5 : explain SELECT id FROM sbtest5 WHERE id BETWEEN 8128619 AND 8128719
	Index Only Scan using sbtest5_pkey on sbtest5  (cost=0.43..10.51 rows=104 width=4)
	  Index Cond: ((id >= 8128619) AND (id <= 8128719))

table 6 : explain SELECT id FROM sbtest6 WHERE id BETWEEN 8128619 AND 8128719
	Index Only Scan using sbtest6_pkey on sbtest6  (cost=0.43..10.38 rows=97 width=4)
	  Index Cond: ((id >= 8128619) AND (id <= 8128719))

table 7 : explain SELECT id FROM sbtest7 WHERE id BETWEEN 8128619 AND 8128719
	Index Only Scan using sbtest7_pkey on sbtest7  (cost=0.43..10.44 rows=100 width=4)
	  Index Cond: ((id >= 8128619) AND (id <= 8128719))

table 8 : explain SELECT id FROM sbtest8 WHERE id BETWEEN 8128619 AND 8128719
	Index Only Scan using sbtest8_pkey on sbtest8  (cost=0.43..10.56 rows=106 width=4)
	  Index Cond: ((id >= 8128619) AND (id <= 8128719))

for range-covered
table 1 : explain SELECT id FROM sbtest1 WHERE id BETWEEN 2028135 AND 2028235
	Index Only Scan using sbtest1_pkey on sbtest1  (cost=0.43..10.46 rows=101 width=4)
	  Index Cond: ((id >= 2028135) AND (id <= 2028235))

table 2 : explain SELECT id FROM sbtest2 WHERE id BETWEEN 2028135 AND 2028235
	Index Only Scan using sbtest2_pkey on sbtest2  (cost=0.43..10.58 rows=107 width=4)
	  Index Cond: ((id >= 2028135) AND (id <= 2028235))

table 3 : explain SELECT id FROM sbtest3 WHERE id BETWEEN 2028135 AND 2028235
	Index Only Scan using sbtest3_pkey on sbtest3  (cost=0.43..10.65 rows=111 width=4)
	  Index Cond: ((id >= 2028135) AND (id <= 2028235))

table 4 : explain SELECT id FROM sbtest4 WHERE id BETWEEN 2028135 AND 2028235
	Index Only Scan using sbtest4_pkey on sbtest4  (cost=0.43..10.36 rows=96 width=4)
	  Index Cond: ((id >= 2028135) AND (id <= 2028235))

table 5 : explain SELECT id FROM sbtest5 WHERE id BETWEEN 2028135 AND 2028235
	Index Only Scan using sbtest5_pkey on sbtest5  (cost=0.43..10.20 rows=88 width=4)
	  Index Cond: ((id >= 2028135) AND (id <= 2028235))

table 6 : explain SELECT id FROM sbtest6 WHERE id BETWEEN 2028135 AND 2028235
	Index Only Scan using sbtest6_pkey on sbtest6  (cost=0.43..10.42 rows=99 width=4)
	  Index Cond: ((id >= 2028135) AND (id <= 2028235))

table 7 : explain SELECT id FROM sbtest7 WHERE id BETWEEN 2028135 AND 2028235
	Index Only Scan using sbtest7_pkey on sbtest7  (cost=0.43..10.40 rows=98 width=4)
	  Index Cond: ((id >= 2028135) AND (id <= 2028235))

table 8 : explain SELECT id FROM sbtest8 WHERE id BETWEEN 2028135 AND 2028235
	Index Only Scan using sbtest8_pkey on sbtest8  (cost=0.43..10.32 rows=94 width=4)
	  Index Cond: ((id >= 2028135) AND (id <= 2028235))

explain: for range-covered :: explain SELECT id FROM sbtest%d WHERE id BETWEEN 8128619 AND 8128719
explain: for range-covered :: explain SELECT id FROM sbtest%d WHERE id BETWEEN 2028135 AND 2028235
for range-covered
table 1 : explain SELECT id FROM sbtest1 WHERE id BETWEEN 5005212 AND 5005312
	Index Only Scan using sbtest1_pkey on sbtest1  (cost=0.43..10.40 rows=98 width=4)
	  Index Cond: ((id >= 5005212) AND (id <= 5005312))

table 2 : explain SELECT id FROM sbtest2 WHERE id BETWEEN 5005212 AND 5005312
	Index Only Scan using sbtest2_pkey on sbtest2  (cost=0.43..10.36 rows=96 width=4)
	  Index Cond: ((id >= 5005212) AND (id <= 5005312))

table 3 : explain SELECT id FROM sbtest3 WHERE id BETWEEN 5005212 AND 5005312
	Index Only Scan using sbtest3_pkey on sbtest3  (cost=0.43..10.63 rows=110 width=4)
	  Index Cond: ((id >= 5005212) AND (id <= 5005312))

table 4 : explain SELECT id FROM sbtest4 WHERE id BETWEEN 5005212 AND 5005312
	Index Only Scan using sbtest4_pkey on sbtest4  (cost=0.43..10.38 rows=97 width=4)
	  Index Cond: ((id >= 5005212) AND (id <= 5005312))

table 5 : explain SELECT id FROM sbtest5 WHERE id BETWEEN 5005212 AND 5005312
	Index Only Scan using sbtest5_pkey on sbtest5  (cost=0.43..10.50 rows=103 width=4)
	  Index Cond: ((id >= 5005212) AND (id <= 5005312))

table 6 : explain SELECT id FROM sbtest6 WHERE id BETWEEN 5005212 AND 5005312
	Index Only Scan using sbtest6_pkey on sbtest6  (cost=0.43..10.29 rows=93 width=4)
	  Index Cond: ((id >= 5005212) AND (id <= 5005312))

table 7 : explain SELECT id FROM sbtest7 WHERE id BETWEEN 5005212 AND 5005312
	Index Only Scan using sbtest7_pkey on sbtest7  (cost=0.43..10.46 rows=101 width=4)
	  Index Cond: ((id >= 5005212) AND (id <= 5005312))

table 8 : explain SELECT id FROM sbtest8 WHERE id BETWEEN 5005212 AND 5005312
	Index Only Scan using sbtest8_pkey on sbtest8  (cost=0.43..10.54 rows=105 width=4)
	  Index Cond: ((id >= 5005212) AND (id <= 5005312))

explain: for range-covered :: explain SELECT id FROM sbtest%d WHERE id BETWEEN 5005212 AND 5005312
explain: for range-covered :: explain SELECT id FROM sbtest%d WHERE id BETWEEN 7309123 AND 7309223
for range-covered
table 1 : explain SELECT id FROM sbtest1 WHERE id BETWEEN 3777052 AND 3777152
	Index Only Scan using sbtest1_pkey on sbtest1  (cost=0.43..10.29 rows=93 width=4)
	  Index Cond: ((id >= 3777052) AND (id <= 3777152))

table 2 : explain SELECT id FROM sbtest2 WHERE id BETWEEN 3777052 AND 3777152
	Index Only Scan using sbtest2_pkey on sbtest2  (cost=0.43..10.29 rows=93 width=4)
	  Index Cond: ((id >= 3777052) AND (id <= 3777152))

table 3 : explain SELECT id FROM sbtest3 WHERE id BETWEEN 3777052 AND 3777152
	Index Only Scan using sbtest3_pkey on sbtest3  (cost=0.43..10.72 rows=114 width=4)
	  Index Cond: ((id >= 3777052) AND (id <= 3777152))

table 4 : explain SELECT id FROM sbtest4 WHERE id BETWEEN 3777052 AND 3777152
	Index Only Scan using sbtest4_pkey on sbtest4  (cost=0.43..10.56 rows=106 width=4)
	  Index Cond: ((id >= 3777052) AND (id <= 3777152))

table 5 : explain SELECT id FROM sbtest5 WHERE id BETWEEN 3777052 AND 3777152
	Index Only Scan using sbtest5_pkey on sbtest5  (cost=0.43..10.44 rows=100 width=4)
	  Index Cond: ((id >= 3777052) AND (id <= 3777152))

table 6 : explain SELECT id FROM sbtest6 WHERE id BETWEEN 3777052 AND 3777152
	Index Only Scan using sbtest6_pkey on sbtest6  (cost=0.43..10.58 rows=107 width=4)
	  Index Cond: ((id >= 3777052) AND (id <= 3777152))

table 7 : explain SELECT id FROM sbtest7 WHERE id BETWEEN 3777052 AND 3777152
	Index Only Scan using sbtest7_pkey on sbtest7  (cost=0.43..10.50 rows=103 width=4)
	  Index Cond: ((id >= 3777052) AND (id <= 3777152))

table 8 : explain SELECT id FROM sbtest8 WHERE id BETWEEN 3777052 AND 3777152
	Index Only Scan using sbtest8_pkey on sbtest8  (cost=0.43..10.74 rows=115 width=4)
	  Index Cond: ((id >= 3777052) AND (id <= 3777152))

explain: for range-covered :: explain SELECT id FROM sbtest%d WHERE id BETWEEN 3777052 AND 3777152
for range-covered
table 1 : explain SELECT id FROM sbtest1 WHERE id BETWEEN 5005212 AND 5005312
	Index Only Scan using sbtest1_pkey on sbtest1  (cost=0.43..10.40 rows=98 width=4)
	  Index Cond: ((id >= 5005212) AND (id <= 5005312))

table 2 : explain SELECT id FROM sbtest2 WHERE id BETWEEN 5005212 AND 5005312
	Index Only Scan using sbtest2_pkey on sbtest2  (cost=0.43..10.36 rows=96 width=4)
	  Index Cond: ((id >= 5005212) AND (id <= 5005312))

table 3 : explain SELECT id FROM sbtest3 WHERE id BETWEEN 5005212 AND 5005312
	Index Only Scan using sbtest3_pkey on sbtest3  (cost=0.43..10.63 rows=110 width=4)
	  Index Cond: ((id >= 5005212) AND (id <= 5005312))

table 4 : explain SELECT id FROM sbtest4 WHERE id BETWEEN 5005212 AND 5005312
	Index Only Scan using sbtest4_pkey on sbtest4  (cost=0.43..10.38 rows=97 width=4)
	  Index Cond: ((id >= 5005212) AND (id <= 5005312))

table 5 : explain SELECT id FROM sbtest5 WHERE id BETWEEN 5005212 AND 5005312
	Index Only Scan using sbtest5_pkey on sbtest5  (cost=0.43..10.50 rows=103 width=4)
	  Index Cond: ((id >= 5005212) AND (id <= 5005312))

table 6 : explain SELECT id FROM sbtest6 WHERE id BETWEEN 5005212 AND 5005312
	Index Only Scan using sbtest6_pkey on sbtest6  (cost=0.43..10.29 rows=93 width=4)
	  Index Cond: ((id >= 5005212) AND (id <= 5005312))

table 7 : explain SELECT id FROM sbtest7 WHERE id BETWEEN 5005212 AND 5005312
	Index Only Scan using sbtest7_pkey on sbtest7  (cost=0.43..10.46 rows=101 width=4)
	  Index Cond: ((id >= 5005212) AND (id <= 5005312))

table 8 : explain SELECT id FROM sbtest8 WHERE id BETWEEN 5005212 AND 5005312
	Index Only Scan using sbtest8_pkey on sbtest8  (cost=0.43..10.54 rows=105 width=4)
	  Index Cond: ((id >= 5005212) AND (id <= 5005312))

explain: for range-covered :: explain SELECT id FROM sbtest%d WHERE id BETWEEN 5005212 AND 5005312
for range-covered
table 1 : explain SELECT id FROM sbtest1 WHERE id BETWEEN 2549493 AND 2549593
	Index Only Scan using sbtest1_pkey on sbtest1  (cost=0.43..10.51 rows=104 width=4)
	  Index Cond: ((id >= 2549493) AND (id <= 2549593))

table 2 : explain SELECT id FROM sbtest2 WHERE id BETWEEN 2549493 AND 2549593
	Index Only Scan using sbtest2_pkey on sbtest2  (cost=0.43..10.58 rows=107 width=4)
	  Index Cond: ((id >= 2549493) AND (id <= 2549593))

table 3 : explain SELECT id FROM sbtest3 WHERE id BETWEEN 2549493 AND 2549593
	Index Only Scan using sbtest3_pkey on sbtest3  (cost=0.43..10.46 rows=101 width=4)
	  Index Cond: ((id >= 2549493) AND (id <= 2549593))

table 4 : explain SELECT id FROM sbtest4 WHERE id BETWEEN 2549493 AND 2549593
	Index Only Scan using sbtest4_pkey on sbtest4  (cost=0.43..10.54 rows=105 width=4)
	  Index Cond: ((id >= 2549493) AND (id <= 2549593))

table 5 : explain SELECT id FROM sbtest5 WHERE id BETWEEN 2549493 AND 2549593
	Index Only Scan using sbtest5_pkey on sbtest5  (cost=0.43..10.46 rows=101 width=4)
	  Index Cond: ((id >= 2549493) AND (id <= 2549593))

table 6 : explain SELECT id FROM sbtest6 WHERE id BETWEEN 2549493 AND 2549593
	Index Only Scan using sbtest6_pkey on sbtest6  (cost=0.43..10.46 rows=101 width=4)
	  Index Cond: ((id >= 2549493) AND (id <= 2549593))

table 7 : explain SELECT id FROM sbtest7 WHERE id BETWEEN 2549493 AND 2549593
	Index Only Scan using sbtest7_pkey on sbtest7  (cost=0.43..10.51 rows=104 width=4)
	  Index Cond: ((id >= 2549493) AND (id <= 2549593))

table 8 : explain SELECT id FROM sbtest8 WHERE id BETWEEN 2549493 AND 2549593
	Index Only Scan using sbtest8_pkey on sbtest8  (cost=0.43..10.29 rows=93 width=4)
	  Index Cond: ((id >= 2549493) AND (id <= 2549593))

explain: for range-covered :: explain SELECT id FROM sbtest%d WHERE id BETWEEN 6422810 AND 6422910
explain: for range-covered :: explain SELECT id FROM sbtest%d WHERE id BETWEEN 2549493 AND 2549593
for range-covered
table 1 : explain SELECT id FROM sbtest1 WHERE id BETWEEN 3777052 AND 3777152
	Index Only Scan using sbtest1_pkey on sbtest1  (cost=0.43..10.29 rows=93 width=4)
	  Index Cond: ((id >= 3777052) AND (id <= 3777152))

table 2 : explain SELECT id FROM sbtest2 WHERE id BETWEEN 3777052 AND 3777152
	Index Only Scan using sbtest2_pkey on sbtest2  (cost=0.43..10.29 rows=93 width=4)
	  Index Cond: ((id >= 3777052) AND (id <= 3777152))

table 3 : explain SELECT id FROM sbtest3 WHERE id BETWEEN 3777052 AND 3777152
	Index Only Scan using sbtest3_pkey on sbtest3  (cost=0.43..10.72 rows=114 width=4)
	  Index Cond: ((id >= 3777052) AND (id <= 3777152))

table 4 : explain SELECT id FROM sbtest4 WHERE id BETWEEN 3777052 AND 3777152
	Index Only Scan using sbtest4_pkey on sbtest4  (cost=0.43..10.56 rows=106 width=4)
	  Index Cond: ((id >= 3777052) AND (id <= 3777152))

table 5 : explain SELECT id FROM sbtest5 WHERE id BETWEEN 3777052 AND 3777152
	Index Only Scan using sbtest5_pkey on sbtest5  (cost=0.43..10.44 rows=100 width=4)
	  Index Cond: ((id >= 3777052) AND (id <= 3777152))

table 6 : explain SELECT id FROM sbtest6 WHERE id BETWEEN 3777052 AND 3777152
	Index Only Scan using sbtest6_pkey on sbtest6  (cost=0.43..10.58 rows=107 width=4)
	  Index Cond: ((id >= 3777052) AND (id <= 3777152))

table 7 : explain SELECT id FROM sbtest7 WHERE id BETWEEN 3777052 AND 3777152
	Index Only Scan using sbtest7_pkey on sbtest7  (cost=0.43..10.50 rows=103 width=4)
	  Index Cond: ((id >= 3777052) AND (id <= 3777152))

table 8 : explain SELECT id FROM sbtest8 WHERE id BETWEEN 3777052 AND 3777152
	Index Only Scan using sbtest8_pkey on sbtest8  (cost=0.43..10.74 rows=115 width=4)
	  Index Cond: ((id >= 3777052) AND (id <= 3777152))

for range-covered
table 1 : explain SELECT id FROM sbtest1 WHERE id BETWEEN 2769102 AND 2769202
	Index Only Scan using sbtest1_pkey on sbtest1  (cost=0.43..10.50 rows=103 width=4)
	  Index Cond: ((id >= 2769102) AND (id <= 2769202))

table 2 : explain SELECT id FROM sbtest2 WHERE id BETWEEN 2769102 AND 2769202
	Index Only Scan using sbtest2_pkey on sbtest2  (cost=0.43..10.42 rows=99 width=4)
	  Index Cond: ((id >= 2769102) AND (id <= 2769202))

table 3 : explain SELECT id FROM sbtest3 WHERE id BETWEEN 2769102 AND 2769202
	Index Only Scan using sbtest3_pkey on sbtest3  (cost=0.43..10.51 rows=104 width=4)
	  Index Cond: ((id >= 2769102) AND (id <= 2769202))

table 4 : explain SELECT id FROM sbtest4 WHERE id BETWEEN 2769102 AND 2769202
	Index Only Scan using sbtest4_pkey on sbtest4  (cost=0.43..10.44 rows=100 width=4)
	  Index Cond: ((id >= 2769102) AND (id <= 2769202))

table 5 : explain SELECT id FROM sbtest5 WHERE id BETWEEN 2769102 AND 2769202
	Index Only Scan using sbtest5_pkey on sbtest5  (cost=0.43..10.54 rows=105 width=4)
	  Index Cond: ((id >= 2769102) AND (id <= 2769202))

table 6 : explain SELECT id FROM sbtest6 WHERE id BETWEEN 2769102 AND 2769202
	Index Only Scan using sbtest6_pkey on sbtest6  (cost=0.43..10.47 rows=102 width=4)
	  Index Cond: ((id >= 2769102) AND (id <= 2769202))

table 7 : explain SELECT id FROM sbtest7 WHERE id BETWEEN 2769102 AND 2769202
	Index Only Scan using sbtest7_pkey on sbtest7  (cost=0.43..10.47 rows=102 width=4)
	  Index Cond: ((id >= 2769102) AND (id <= 2769202))

table 8 : explain SELECT id FROM sbtest8 WHERE id BETWEEN 2769102 AND 2769202
	Index Only Scan using sbtest8_pkey on sbtest8  (cost=0.43..10.40 rows=98 width=4)
	  Index Cond: ((id >= 2769102) AND (id <= 2769202))

for range-covered
table 1 : explain SELECT id FROM sbtest1 WHERE id BETWEEN 4226748 AND 4226848
	Index Only Scan using sbtest1_pkey on sbtest1  (cost=0.43..10.70 rows=113 width=4)
	  Index Cond: ((id >= 4226748) AND (id <= 4226848))

table 2 : explain SELECT id FROM sbtest2 WHERE id BETWEEN 4226748 AND 4226848
	Index Only Scan using sbtest2_pkey on sbtest2  (cost=0.43..10.54 rows=105 width=4)
	  Index Cond: ((id >= 4226748) AND (id <= 4226848))

table 3 : explain SELECT id FROM sbtest3 WHERE id BETWEEN 4226748 AND 4226848
	Index Only Scan using sbtest3_pkey on sbtest3  (cost=0.43..10.40 rows=98 width=4)
	  Index Cond: ((id >= 4226748) AND (id <= 4226848))

table 4 : explain SELECT id FROM sbtest4 WHERE id BETWEEN 4226748 AND 4226848
	Index Only Scan using sbtest4_pkey on sbtest4  (cost=0.43..10.28 rows=92 width=4)
	  Index Cond: ((id >= 4226748) AND (id <= 4226848))

table 5 : explain SELECT id FROM sbtest5 WHERE id BETWEEN 4226748 AND 4226848
	Index Only Scan using sbtest5_pkey on sbtest5  (cost=0.43..10.28 rows=92 width=4)
	  Index Cond: ((id >= 4226748) AND (id <= 4226848))

table 6 : explain SELECT id FROM sbtest6 WHERE id BETWEEN 4226748 AND 4226848
	Index Only Scan using sbtest6_pkey on sbtest6  (cost=0.43..10.50 rows=103 width=4)
	  Index Cond: ((id >= 4226748) AND (id <= 4226848))

table 7 : explain SELECT id FROM sbtest7 WHERE id BETWEEN 4226748 AND 4226848
	Index Only Scan using sbtest7_pkey on sbtest7  (cost=0.43..10.50 rows=103 width=4)
	  Index Cond: ((id >= 4226748) AND (id <= 4226848))

table 8 : explain SELECT id FROM sbtest8 WHERE id BETWEEN 4226748 AND 4226848
	Index Only Scan using sbtest8_pkey on sbtest8  (cost=0.43..10.62 rows=109 width=4)
	  Index Cond: ((id >= 4226748) AND (id <= 4226848))

for range-covered
table 1 : explain SELECT id FROM sbtest1 WHERE id BETWEEN 2028135 AND 2028235
	Index Only Scan using sbtest1_pkey on sbtest1  (cost=0.43..10.46 rows=101 width=4)
	  Index Cond: ((id >= 2028135) AND (id <= 2028235))

table 2 : explain SELECT id FROM sbtest2 WHERE id BETWEEN 2028135 AND 2028235
	Index Only Scan using sbtest2_pkey on sbtest2  (cost=0.43..10.58 rows=107 width=4)
	  Index Cond: ((id >= 2028135) AND (id <= 2028235))

table 3 : explain SELECT id FROM sbtest3 WHERE id BETWEEN 2028135 AND 2028235
	Index Only Scan using sbtest3_pkey on sbtest3  (cost=0.43..10.65 rows=111 width=4)
	  Index Cond: ((id >= 2028135) AND (id <= 2028235))

table 4 : explain SELECT id FROM sbtest4 WHERE id BETWEEN 2028135 AND 2028235
	Index Only Scan using sbtest4_pkey on sbtest4  (cost=0.43..10.36 rows=96 width=4)
	  Index Cond: ((id >= 2028135) AND (id <= 2028235))

table 5 : explain SELECT id FROM sbtest5 WHERE id BETWEEN 2028135 AND 2028235
	Index Only Scan using sbtest5_pkey on sbtest5  (cost=0.43..10.20 rows=88 width=4)
	  Index Cond: ((id >= 2028135) AND (id <= 2028235))

table 6 : explain SELECT id FROM sbtest6 WHERE id BETWEEN 2028135 AND 2028235
	Index Only Scan using sbtest6_pkey on sbtest6  (cost=0.43..10.42 rows=99 width=4)
	  Index Cond: ((id >= 2028135) AND (id <= 2028235))

table 7 : explain SELECT id FROM sbtest7 WHERE id BETWEEN 2028135 AND 2028235
	Index Only Scan using sbtest7_pkey on sbtest7  (cost=0.43..10.40 rows=98 width=4)
	  Index Cond: ((id >= 2028135) AND (id <= 2028235))

table 8 : explain SELECT id FROM sbtest8 WHERE id BETWEEN 2028135 AND 2028235
	Index Only Scan using sbtest8_pkey on sbtest8  (cost=0.43..10.32 rows=94 width=4)
	  Index Cond: ((id >= 2028135) AND (id <= 2028235))

explain: for range-covered :: explain SELECT id FROM sbtest%d WHERE id BETWEEN 2769102 AND 2769202
explain: for range-covered :: explain SELECT id FROM sbtest%d WHERE id BETWEEN 4226748 AND 4226848
for range-covered
table 1 : explain SELECT id FROM sbtest1 WHERE id BETWEEN 8128619 AND 8128719
	Index Only Scan using sbtest1_pkey on sbtest1  (cost=0.43..10.65 rows=111 width=4)
	  Index Cond: ((id >= 8128619) AND (id <= 8128719))

table 2 : explain SELECT id FROM sbtest2 WHERE id BETWEEN 8128619 AND 8128719
	Index Only Scan using sbtest2_pkey on sbtest2  (cost=0.43..10.50 rows=103 width=4)
	  Index Cond: ((id >= 8128619) AND (id <= 8128719))

table 3 : explain SELECT id FROM sbtest3 WHERE id BETWEEN 8128619 AND 8128719
	Index Only Scan using sbtest3_pkey on sbtest3  (cost=0.43..10.47 rows=102 width=4)
	  Index Cond: ((id >= 8128619) AND (id <= 8128719))

table 4 : explain SELECT id FROM sbtest4 WHERE id BETWEEN 8128619 AND 8128719
	Index Only Scan using sbtest4_pkey on sbtest4  (cost=0.43..10.40 rows=98 width=4)
	  Index Cond: ((id >= 8128619) AND (id <= 8128719))

table 5 : explain SELECT id FROM sbtest5 WHERE id BETWEEN 8128619 AND 8128719
	Index Only Scan using sbtest5_pkey on sbtest5  (cost=0.43..10.51 rows=104 width=4)
	  Index Cond: ((id >= 8128619) AND (id <= 8128719))

table 6 : explain SELECT id FROM sbtest6 WHERE id BETWEEN 8128619 AND 8128719
	Index Only Scan using sbtest6_pkey on sbtest6  (cost=0.43..10.38 rows=97 width=4)
	  Index Cond: ((id >= 8128619) AND (id <= 8128719))

table 7 : explain SELECT id FROM sbtest7 WHERE id BETWEEN 8128619 AND 8128719
	Index Only Scan using sbtest7_pkey on sbtest7  (cost=0.43..10.44 rows=100 width=4)
	  Index Cond: ((id >= 8128619) AND (id <= 8128719))

table 8 : explain SELECT id FROM sbtest8 WHERE id BETWEEN 8128619 AND 8128719
	Index Only Scan using sbtest8_pkey on sbtest8  (cost=0.43..10.56 rows=106 width=4)
	  Index Cond: ((id >= 8128619) AND (id <= 8128719))

explain: for range-covered :: explain SELECT id FROM sbtest%d WHERE id BETWEEN 2028135 AND 2028235
for range-covered
table 1 : explain SELECT id FROM sbtest1 WHERE id BETWEEN 5005212 AND 5005312
	Index Only Scan using sbtest1_pkey on sbtest1  (cost=0.43..10.40 rows=98 width=4)
	  Index Cond: ((id >= 5005212) AND (id <= 5005312))

table 2 : explain SELECT id FROM sbtest2 WHERE id BETWEEN 5005212 AND 5005312
	Index Only Scan using sbtest2_pkey on sbtest2  (cost=0.43..10.36 rows=96 width=4)
	  Index Cond: ((id >= 5005212) AND (id <= 5005312))

table 3 : explain SELECT id FROM sbtest3 WHERE id BETWEEN 5005212 AND 5005312
	Index Only Scan using sbtest3_pkey on sbtest3  (cost=0.43..10.63 rows=110 width=4)
	  Index Cond: ((id >= 5005212) AND (id <= 5005312))

table 4 : explain SELECT id FROM sbtest4 WHERE id BETWEEN 5005212 AND 5005312
	Index Only Scan using sbtest4_pkey on sbtest4  (cost=0.43..10.38 rows=97 width=4)
	  Index Cond: ((id >= 5005212) AND (id <= 5005312))

table 5 : explain SELECT id FROM sbtest5 WHERE id BETWEEN 5005212 AND 5005312
	Index Only Scan using sbtest5_pkey on sbtest5  (cost=0.43..10.50 rows=103 width=4)
	  Index Cond: ((id >= 5005212) AND (id <= 5005312))

table 6 : explain SELECT id FROM sbtest6 WHERE id BETWEEN 5005212 AND 5005312
	Index Only Scan using sbtest6_pkey on sbtest6  (cost=0.43..10.29 rows=93 width=4)
	  Index Cond: ((id >= 5005212) AND (id <= 5005312))

table 7 : explain SELECT id FROM sbtest7 WHERE id BETWEEN 5005212 AND 5005312
	Index Only Scan using sbtest7_pkey on sbtest7  (cost=0.43..10.46 rows=101 width=4)
	  Index Cond: ((id >= 5005212) AND (id <= 5005312))

table 8 : explain SELECT id FROM sbtest8 WHERE id BETWEEN 5005212 AND 5005312
	Index Only Scan using sbtest8_pkey on sbtest8  (cost=0.43..10.54 rows=105 width=4)
	  Index Cond: ((id >= 5005212) AND (id <= 5005312))

explain: for range-covered :: explain SELECT id FROM sbtest%d WHERE id BETWEEN 8128619 AND 8128719
for range-covered
table 1 : explain SELECT id FROM sbtest1 WHERE id BETWEEN 2549493 AND 2549593
	Index Only Scan using sbtest1_pkey on sbtest1  (cost=0.43..10.51 rows=104 width=4)
	  Index Cond: ((id >= 2549493) AND (id <= 2549593))

table 2 : explain SELECT id FROM sbtest2 WHERE id BETWEEN 2549493 AND 2549593
	Index Only Scan using sbtest2_pkey on sbtest2  (cost=0.43..10.58 rows=107 width=4)
	  Index Cond: ((id >= 2549493) AND (id <= 2549593))

table 3 : explain SELECT id FROM sbtest3 WHERE id BETWEEN 2549493 AND 2549593
	Index Only Scan using sbtest3_pkey on sbtest3  (cost=0.43..10.46 rows=101 width=4)
	  Index Cond: ((id >= 2549493) AND (id <= 2549593))

table 4 : explain SELECT id FROM sbtest4 WHERE id BETWEEN 2549493 AND 2549593
	Index Only Scan using sbtest4_pkey on sbtest4  (cost=0.43..10.54 rows=105 width=4)
	  Index Cond: ((id >= 2549493) AND (id <= 2549593))

table 5 : explain SELECT id FROM sbtest5 WHERE id BETWEEN 2549493 AND 2549593
	Index Only Scan using sbtest5_pkey on sbtest5  (cost=0.43..10.46 rows=101 width=4)
	  Index Cond: ((id >= 2549493) AND (id <= 2549593))

table 6 : explain SELECT id FROM sbtest6 WHERE id BETWEEN 2549493 AND 2549593
	Index Only Scan using sbtest6_pkey on sbtest6  (cost=0.43..10.46 rows=101 width=4)
	  Index Cond: ((id >= 2549493) AND (id <= 2549593))

table 7 : explain SELECT id FROM sbtest7 WHERE id BETWEEN 2549493 AND 2549593
	Index Only Scan using sbtest7_pkey on sbtest7  (cost=0.43..10.51 rows=104 width=4)
	  Index Cond: ((id >= 2549493) AND (id <= 2549593))

table 8 : explain SELECT id FROM sbtest8 WHERE id BETWEEN 2549493 AND 2549593
	Index Only Scan using sbtest8_pkey on sbtest8  (cost=0.43..10.29 rows=93 width=4)
	  Index Cond: ((id >= 2549493) AND (id <= 2549593))

explain: for range-covered :: explain SELECT id FROM sbtest%d WHERE id BETWEEN 2549493 AND 2549593
for range-covered
table 1 : explain SELECT id FROM sbtest1 WHERE id BETWEEN 2769102 AND 2769202
	Index Only Scan using sbtest1_pkey on sbtest1  (cost=0.43..10.50 rows=103 width=4)
	  Index Cond: ((id >= 2769102) AND (id <= 2769202))

table 2 : explain SELECT id FROM sbtest2 WHERE id BETWEEN 2769102 AND 2769202
	Index Only Scan using sbtest2_pkey on sbtest2  (cost=0.43..10.42 rows=99 width=4)
	  Index Cond: ((id >= 2769102) AND (id <= 2769202))

table 3 : explain SELECT id FROM sbtest3 WHERE id BETWEEN 2769102 AND 2769202
	Index Only Scan using sbtest3_pkey on sbtest3  (cost=0.43..10.51 rows=104 width=4)
	  Index Cond: ((id >= 2769102) AND (id <= 2769202))

table 4 : explain SELECT id FROM sbtest4 WHERE id BETWEEN 2769102 AND 2769202
	Index Only Scan using sbtest4_pkey on sbtest4  (cost=0.43..10.44 rows=100 width=4)
	  Index Cond: ((id >= 2769102) AND (id <= 2769202))

table 5 : explain SELECT id FROM sbtest5 WHERE id BETWEEN 2769102 AND 2769202
	Index Only Scan using sbtest5_pkey on sbtest5  (cost=0.43..10.54 rows=105 width=4)
	  Index Cond: ((id >= 2769102) AND (id <= 2769202))

table 6 : explain SELECT id FROM sbtest6 WHERE id BETWEEN 2769102 AND 2769202
	Index Only Scan using sbtest6_pkey on sbtest6  (cost=0.43..10.47 rows=102 width=4)
	  Index Cond: ((id >= 2769102) AND (id <= 2769202))

table 7 : explain SELECT id FROM sbtest7 WHERE id BETWEEN 2769102 AND 2769202
	Index Only Scan using sbtest7_pkey on sbtest7  (cost=0.43..10.47 rows=102 width=4)
	  Index Cond: ((id >= 2769102) AND (id <= 2769202))

table 8 : explain SELECT id FROM sbtest8 WHERE id BETWEEN 2769102 AND 2769202
	Index Only Scan using sbtest8_pkey on sbtest8  (cost=0.43..10.40 rows=98 width=4)
	  Index Cond: ((id >= 2769102) AND (id <= 2769202))

for range-covered
table 1 : explain SELECT id FROM sbtest1 WHERE id BETWEEN 7309123 AND 7309223
	Index Only Scan using sbtest1_pkey on sbtest1  (cost=0.43..10.47 rows=102 width=4)
	  Index Cond: ((id >= 7309123) AND (id <= 7309223))

table 2 : explain SELECT id FROM sbtest2 WHERE id BETWEEN 7309123 AND 7309223
	Index Only Scan using sbtest2_pkey on sbtest2  (cost=0.43..10.51 rows=104 width=4)
	  Index Cond: ((id >= 7309123) AND (id <= 7309223))

table 3 : explain SELECT id FROM sbtest3 WHERE id BETWEEN 7309123 AND 7309223
	Index Only Scan using sbtest3_pkey on sbtest3  (cost=0.43..10.46 rows=101 width=4)
	  Index Cond: ((id >= 7309123) AND (id <= 7309223))

table 4 : explain SELECT id FROM sbtest4 WHERE id BETWEEN 7309123 AND 7309223
	Index Only Scan using sbtest4_pkey on sbtest4  (cost=0.43..10.58 rows=107 width=4)
	  Index Cond: ((id >= 7309123) AND (id <= 7309223))

table 5 : explain SELECT id FROM sbtest5 WHERE id BETWEEN 7309123 AND 7309223
	Index Only Scan using sbtest5_pkey on sbtest5  (cost=0.43..10.60 rows=108 width=4)
	  Index Cond: ((id >= 7309123) AND (id <= 7309223))

table 6 : explain SELECT id FROM sbtest6 WHERE id BETWEEN 7309123 AND 7309223
	Index Only Scan using sbtest6_pkey on sbtest6  (cost=0.43..10.46 rows=101 width=4)
	  Index Cond: ((id >= 7309123) AND (id <= 7309223))

table 7 : explain SELECT id FROM sbtest7 WHERE id BETWEEN 7309123 AND 7309223
	Index Only Scan using sbtest7_pkey on sbtest7  (cost=0.43..10.33 rows=95 width=4)
	  Index Cond: ((id >= 7309123) AND (id <= 7309223))

table 8 : explain SELECT id FROM sbtest8 WHERE id BETWEEN 7309123 AND 7309223
	Index Only Scan using sbtest8_pkey on sbtest8  (cost=0.43..10.50 rows=103 width=4)
	  Index Cond: ((id >= 7309123) AND (id <= 7309223))

for range-covered
table 1 : explain SELECT id FROM sbtest1 WHERE id BETWEEN 4226748 AND 4226848
	Index Only Scan using sbtest1_pkey on sbtest1  (cost=0.43..10.70 rows=113 width=4)
	  Index Cond: ((id >= 4226748) AND (id <= 4226848))

table 2 : explain SELECT id FROM sbtest2 WHERE id BETWEEN 4226748 AND 4226848
	Index Only Scan using sbtest2_pkey on sbtest2  (cost=0.43..10.54 rows=105 width=4)
	  Index Cond: ((id >= 4226748) AND (id <= 4226848))

table 3 : explain SELECT id FROM sbtest3 WHERE id BETWEEN 4226748 AND 4226848
	Index Only Scan using sbtest3_pkey on sbtest3  (cost=0.43..10.40 rows=98 width=4)
	  Index Cond: ((id >= 4226748) AND (id <= 4226848))

table 4 : explain SELECT id FROM sbtest4 WHERE id BETWEEN 4226748 AND 4226848
	Index Only Scan using sbtest4_pkey on sbtest4  (cost=0.43..10.28 rows=92 width=4)
	  Index Cond: ((id >= 4226748) AND (id <= 4226848))

table 5 : explain SELECT id FROM sbtest5 WHERE id BETWEEN 4226748 AND 4226848
	Index Only Scan using sbtest5_pkey on sbtest5  (cost=0.43..10.28 rows=92 width=4)
	  Index Cond: ((id >= 4226748) AND (id <= 4226848))

table 6 : explain SELECT id FROM sbtest6 WHERE id BETWEEN 4226748 AND 4226848
	Index Only Scan using sbtest6_pkey on sbtest6  (cost=0.43..10.50 rows=103 width=4)
	  Index Cond: ((id >= 4226748) AND (id <= 4226848))

table 7 : explain SELECT id FROM sbtest7 WHERE id BETWEEN 4226748 AND 4226848
	Index Only Scan using sbtest7_pkey on sbtest7  (cost=0.43..10.50 rows=103 width=4)
	  Index Cond: ((id >= 4226748) AND (id <= 4226848))

table 8 : explain SELECT id FROM sbtest8 WHERE id BETWEEN 4226748 AND 4226848
	Index Only Scan using sbtest8_pkey on sbtest8  (cost=0.43..10.62 rows=109 width=4)
	  Index Cond: ((id >= 4226748) AND (id <= 4226848))

explain: for range-covered :: explain SELECT id FROM sbtest%d WHERE id BETWEEN 7309123 AND 7309223
for range-covered
table 1 : explain SELECT id FROM sbtest1 WHERE id BETWEEN 2028135 AND 2028235
	Index Only Scan using sbtest1_pkey on sbtest1  (cost=0.43..10.46 rows=101 width=4)
	  Index Cond: ((id >= 2028135) AND (id <= 2028235))

table 2 : explain SELECT id FROM sbtest2 WHERE id BETWEEN 2028135 AND 2028235
	Index Only Scan using sbtest2_pkey on sbtest2  (cost=0.43..10.58 rows=107 width=4)
	  Index Cond: ((id >= 2028135) AND (id <= 2028235))

table 3 : explain SELECT id FROM sbtest3 WHERE id BETWEEN 2028135 AND 2028235
	Index Only Scan using sbtest3_pkey on sbtest3  (cost=0.43..10.65 rows=111 width=4)
	  Index Cond: ((id >= 2028135) AND (id <= 2028235))

table 4 : explain SELECT id FROM sbtest4 WHERE id BETWEEN 2028135 AND 2028235
	Index Only Scan using sbtest4_pkey on sbtest4  (cost=0.43..10.36 rows=96 width=4)
	  Index Cond: ((id >= 2028135) AND (id <= 2028235))

table 5 : explain SELECT id FROM sbtest5 WHERE id BETWEEN 2028135 AND 2028235
	Index Only Scan using sbtest5_pkey on sbtest5  (cost=0.43..10.20 rows=88 width=4)
	  Index Cond: ((id >= 2028135) AND (id <= 2028235))

table 6 : explain SELECT id FROM sbtest6 WHERE id BETWEEN 2028135 AND 2028235
	Index Only Scan using sbtest6_pkey on sbtest6  (cost=0.43..10.42 rows=99 width=4)
	  Index Cond: ((id >= 2028135) AND (id <= 2028235))

table 7 : explain SELECT id FROM sbtest7 WHERE id BETWEEN 2028135 AND 2028235
	Index Only Scan using sbtest7_pkey on sbtest7  (cost=0.43..10.40 rows=98 width=4)
	  Index Cond: ((id >= 2028135) AND (id <= 2028235))

table 8 : explain SELECT id FROM sbtest8 WHERE id BETWEEN 2028135 AND 2028235
	Index Only Scan using sbtest8_pkey on sbtest8  (cost=0.43..10.32 rows=94 width=4)
	  Index Cond: ((id >= 2028135) AND (id <= 2028235))

explain: for range-covered :: explain SELECT id FROM sbtest%d WHERE id BETWEEN 2769102 AND 2769202
explain: for range-covered :: explain SELECT id FROM sbtest%d WHERE id BETWEEN 4226748 AND 4226848
for range-covered
table 1 : explain SELECT id FROM sbtest1 WHERE id BETWEEN 2549493 AND 2549593
	Index Only Scan using sbtest1_pkey on sbtest1  (cost=0.43..10.51 rows=104 width=4)
	  Index Cond: ((id >= 2549493) AND (id <= 2549593))

table 2 : explain SELECT id FROM sbtest2 WHERE id BETWEEN 2549493 AND 2549593
	Index Only Scan using sbtest2_pkey on sbtest2  (cost=0.43..10.58 rows=107 width=4)
	  Index Cond: ((id >= 2549493) AND (id <= 2549593))

table 3 : explain SELECT id FROM sbtest3 WHERE id BETWEEN 2549493 AND 2549593
	Index Only Scan using sbtest3_pkey on sbtest3  (cost=0.43..10.46 rows=101 width=4)
	  Index Cond: ((id >= 2549493) AND (id <= 2549593))

table 4 : explain SELECT id FROM sbtest4 WHERE id BETWEEN 2549493 AND 2549593
	Index Only Scan using sbtest4_pkey on sbtest4  (cost=0.43..10.54 rows=105 width=4)
	  Index Cond: ((id >= 2549493) AND (id <= 2549593))

table 5 : explain SELECT id FROM sbtest5 WHERE id BETWEEN 2549493 AND 2549593
	Index Only Scan using sbtest5_pkey on sbtest5  (cost=0.43..10.46 rows=101 width=4)
	  Index Cond: ((id >= 2549493) AND (id <= 2549593))

table 6 : explain SELECT id FROM sbtest6 WHERE id BETWEEN 2549493 AND 2549593
	Index Only Scan using sbtest6_pkey on sbtest6  (cost=0.43..10.46 rows=101 width=4)
	  Index Cond: ((id >= 2549493) AND (id <= 2549593))

table 7 : explain SELECT id FROM sbtest7 WHERE id BETWEEN 2549493 AND 2549593
	Index Only Scan using sbtest7_pkey on sbtest7  (cost=0.43..10.51 rows=104 width=4)
	  Index Cond: ((id >= 2549493) AND (id <= 2549593))

table 8 : explain SELECT id FROM sbtest8 WHERE id BETWEEN 2549493 AND 2549593
	Index Only Scan using sbtest8_pkey on sbtest8  (cost=0.43..10.29 rows=93 width=4)
	  Index Cond: ((id >= 2549493) AND (id <= 2549593))

for range-covered
table 1 : explain SELECT id FROM sbtest1 WHERE id BETWEEN 8128619 AND 8128719
	Index Only Scan using sbtest1_pkey on sbtest1  (cost=0.43..10.65 rows=111 width=4)
	  Index Cond: ((id >= 8128619) AND (id <= 8128719))

table 2 : explain SELECT id FROM sbtest2 WHERE id BETWEEN 8128619 AND 8128719
	Index Only Scan using sbtest2_pkey on sbtest2  (cost=0.43..10.50 rows=103 width=4)
	  Index Cond: ((id >= 8128619) AND (id <= 8128719))

table 3 : explain SELECT id FROM sbtest3 WHERE id BETWEEN 8128619 AND 8128719
	Index Only Scan using sbtest3_pkey on sbtest3  (cost=0.43..10.47 rows=102 width=4)
	  Index Cond: ((id >= 8128619) AND (id <= 8128719))

table 4 : explain SELECT id FROM sbtest4 WHERE id BETWEEN 8128619 AND 8128719
	Index Only Scan using sbtest4_pkey on sbtest4  (cost=0.43..10.40 rows=98 width=4)
	  Index Cond: ((id >= 8128619) AND (id <= 8128719))

table 5 : explain SELECT id FROM sbtest5 WHERE id BETWEEN 8128619 AND 8128719
	Index Only Scan using sbtest5_pkey on sbtest5  (cost=0.43..10.51 rows=104 width=4)
	  Index Cond: ((id >= 8128619) AND (id <= 8128719))

table 6 : explain SELECT id FROM sbtest6 WHERE id BETWEEN 8128619 AND 8128719
	Index Only Scan using sbtest6_pkey on sbtest6  (cost=0.43..10.38 rows=97 width=4)
	  Index Cond: ((id >= 8128619) AND (id <= 8128719))

table 7 : explain SELECT id FROM sbtest7 WHERE id BETWEEN 8128619 AND 8128719
	Index Only Scan using sbtest7_pkey on sbtest7  (cost=0.43..10.44 rows=100 width=4)
	  Index Cond: ((id >= 8128619) AND (id <= 8128719))

table 8 : explain SELECT id FROM sbtest8 WHERE id BETWEEN 8128619 AND 8128719
	Index Only Scan using sbtest8_pkey on sbtest8  (cost=0.43..10.56 rows=106 width=4)
	  Index Cond: ((id >= 8128619) AND (id <= 8128719))

explain: for range-covered :: explain SELECT id FROM sbtest%d WHERE id BETWEEN 2028135 AND 2028235
explain: for range-covered :: explain SELECT id FROM sbtest%d WHERE id BETWEEN 8128619 AND 8128719
for range-covered
table 1 : explain SELECT id FROM sbtest1 WHERE id BETWEEN 6422810 AND 6422910
	Index Only Scan using sbtest1_pkey on sbtest1  (cost=0.43..10.36 rows=96 width=4)
	  Index Cond: ((id >= 6422810) AND (id <= 6422910))

table 2 : explain SELECT id FROM sbtest2 WHERE id BETWEEN 6422810 AND 6422910
	Index Only Scan using sbtest2_pkey on sbtest2  (cost=0.43..10.60 rows=108 width=4)
	  Index Cond: ((id >= 6422810) AND (id <= 6422910))

table 3 : explain SELECT id FROM sbtest3 WHERE id BETWEEN 6422810 AND 6422910
	Index Only Scan using sbtest3_pkey on sbtest3  (cost=0.43..10.42 rows=99 width=4)
	  Index Cond: ((id >= 6422810) AND (id <= 6422910))

table 4 : explain SELECT id FROM sbtest4 WHERE id BETWEEN 6422810 AND 6422910
	Index Only Scan using sbtest4_pkey on sbtest4  (cost=0.43..10.50 rows=103 width=4)
	  Index Cond: ((id >= 6422810) AND (id <= 6422910))

table 5 : explain SELECT id FROM sbtest5 WHERE id BETWEEN 6422810 AND 6422910
	Index Only Scan using sbtest5_pkey on sbtest5  (cost=0.43..10.44 rows=100 width=4)
	  Index Cond: ((id >= 6422810) AND (id <= 6422910))

table 6 : explain SELECT id FROM sbtest6 WHERE id BETWEEN 6422810 AND 6422910
	Index Only Scan using sbtest6_pkey on sbtest6  (cost=0.43..10.24 rows=90 width=4)
	  Index Cond: ((id >= 6422810) AND (id <= 6422910))

table 7 : explain SELECT id FROM sbtest7 WHERE id BETWEEN 6422810 AND 6422910
	Index Only Scan using sbtest7_pkey on sbtest7  (cost=0.43..10.46 rows=101 width=4)
	  Index Cond: ((id >= 6422810) AND (id <= 6422910))

table 8 : explain SELECT id FROM sbtest8 WHERE id BETWEEN 6422810 AND 6422910
	Index Only Scan using sbtest8_pkey on sbtest8  (cost=0.43..10.50 rows=103 width=4)
	  Index Cond: ((id >= 6422810) AND (id <= 6422910))

explain: for range-covered :: explain SELECT id FROM sbtest%d WHERE id BETWEEN 6422810 AND 6422910
for range-covered
table 1 : explain SELECT id FROM sbtest1 WHERE id BETWEEN 7309123 AND 7309223
	Index Only Scan using sbtest1_pkey on sbtest1  (cost=0.43..10.47 rows=102 width=4)
	  Index Cond: ((id >= 7309123) AND (id <= 7309223))

table 2 : explain SELECT id FROM sbtest2 WHERE id BETWEEN 7309123 AND 7309223
	Index Only Scan using sbtest2_pkey on sbtest2  (cost=0.43..10.51 rows=104 width=4)
	  Index Cond: ((id >= 7309123) AND (id <= 7309223))

table 3 : explain SELECT id FROM sbtest3 WHERE id BETWEEN 7309123 AND 7309223
	Index Only Scan using sbtest3_pkey on sbtest3  (cost=0.43..10.46 rows=101 width=4)
	  Index Cond: ((id >= 7309123) AND (id <= 7309223))

table 4 : explain SELECT id FROM sbtest4 WHERE id BETWEEN 7309123 AND 7309223
	Index Only Scan using sbtest4_pkey on sbtest4  (cost=0.43..10.58 rows=107 width=4)
	  Index Cond: ((id >= 7309123) AND (id <= 7309223))

table 5 : explain SELECT id FROM sbtest5 WHERE id BETWEEN 7309123 AND 7309223
	Index Only Scan using sbtest5_pkey on sbtest5  (cost=0.43..10.60 rows=108 width=4)
	  Index Cond: ((id >= 7309123) AND (id <= 7309223))

table 6 : explain SELECT id FROM sbtest6 WHERE id BETWEEN 7309123 AND 7309223
	Index Only Scan using sbtest6_pkey on sbtest6  (cost=0.43..10.46 rows=101 width=4)
	  Index Cond: ((id >= 7309123) AND (id <= 7309223))

table 7 : explain SELECT id FROM sbtest7 WHERE id BETWEEN 7309123 AND 7309223
	Index Only Scan using sbtest7_pkey on sbtest7  (cost=0.43..10.33 rows=95 width=4)
	  Index Cond: ((id >= 7309123) AND (id <= 7309223))

table 8 : explain SELECT id FROM sbtest8 WHERE id BETWEEN 7309123 AND 7309223
	Index Only Scan using sbtest8_pkey on sbtest8  (cost=0.43..10.50 rows=103 width=4)
	  Index Cond: ((id >= 7309123) AND (id <= 7309223))

explain: for range-covered :: explain SELECT id FROM sbtest%d WHERE id BETWEEN 7309123 AND 7309223
explain: for range-covered :: explain SELECT id FROM sbtest%d WHERE id BETWEEN 4488544 AND 4488644
for range-covered
table 1 : explain SELECT id FROM sbtest1 WHERE id BETWEEN 6422810 AND 6422910
	Index Only Scan using sbtest1_pkey on sbtest1  (cost=0.43..10.36 rows=96 width=4)
	  Index Cond: ((id >= 6422810) AND (id <= 6422910))

table 2 : explain SELECT id FROM sbtest2 WHERE id BETWEEN 6422810 AND 6422910
	Index Only Scan using sbtest2_pkey on sbtest2  (cost=0.43..10.60 rows=108 width=4)
	  Index Cond: ((id >= 6422810) AND (id <= 6422910))

table 3 : explain SELECT id FROM sbtest3 WHERE id BETWEEN 6422810 AND 6422910
	Index Only Scan using sbtest3_pkey on sbtest3  (cost=0.43..10.42 rows=99 width=4)
	  Index Cond: ((id >= 6422810) AND (id <= 6422910))

table 4 : explain SELECT id FROM sbtest4 WHERE id BETWEEN 6422810 AND 6422910
	Index Only Scan using sbtest4_pkey on sbtest4  (cost=0.43..10.50 rows=103 width=4)
	  Index Cond: ((id >= 6422810) AND (id <= 6422910))

table 5 : explain SELECT id FROM sbtest5 WHERE id BETWEEN 6422810 AND 6422910
	Index Only Scan using sbtest5_pkey on sbtest5  (cost=0.43..10.44 rows=100 width=4)
	  Index Cond: ((id >= 6422810) AND (id <= 6422910))

table 6 : explain SELECT id FROM sbtest6 WHERE id BETWEEN 6422810 AND 6422910
	Index Only Scan using sbtest6_pkey on sbtest6  (cost=0.43..10.24 rows=90 width=4)
	  Index Cond: ((id >= 6422810) AND (id <= 6422910))

table 7 : explain SELECT id FROM sbtest7 WHERE id BETWEEN 6422810 AND 6422910
	Index Only Scan using sbtest7_pkey on sbtest7  (cost=0.43..10.46 rows=101 width=4)
	  Index Cond: ((id >= 6422810) AND (id <= 6422910))

table 8 : explain SELECT id FROM sbtest8 WHERE id BETWEEN 6422810 AND 6422910
	Index Only Scan using sbtest8_pkey on sbtest8  (cost=0.43..10.50 rows=103 width=4)
	  Index Cond: ((id >= 6422810) AND (id <= 6422910))

explain: for range-covered :: explain SELECT id FROM sbtest%d WHERE id BETWEEN 6422810 AND 6422910
for range-covered
table 1 : explain SELECT id FROM sbtest1 WHERE id BETWEEN 2769102 AND 2769202
	Index Only Scan using sbtest1_pkey on sbtest1  (cost=0.43..10.50 rows=103 width=4)
	  Index Cond: ((id >= 2769102) AND (id <= 2769202))

table 2 : explain SELECT id FROM sbtest2 WHERE id BETWEEN 2769102 AND 2769202
	Index Only Scan using sbtest2_pkey on sbtest2  (cost=0.43..10.42 rows=99 width=4)
	  Index Cond: ((id >= 2769102) AND (id <= 2769202))

table 3 : explain SELECT id FROM sbtest3 WHERE id BETWEEN 2769102 AND 2769202
	Index Only Scan using sbtest3_pkey on sbtest3  (cost=0.43..10.51 rows=104 width=4)
	  Index Cond: ((id >= 2769102) AND (id <= 2769202))

table 4 : explain SELECT id FROM sbtest4 WHERE id BETWEEN 2769102 AND 2769202
	Index Only Scan using sbtest4_pkey on sbtest4  (cost=0.43..10.44 rows=100 width=4)
	  Index Cond: ((id >= 2769102) AND (id <= 2769202))

table 5 : explain SELECT id FROM sbtest5 WHERE id BETWEEN 2769102 AND 2769202
	Index Only Scan using sbtest5_pkey on sbtest5  (cost=0.43..10.54 rows=105 width=4)
	  Index Cond: ((id >= 2769102) AND (id <= 2769202))

table 6 : explain SELECT id FROM sbtest6 WHERE id BETWEEN 2769102 AND 2769202
	Index Only Scan using sbtest6_pkey on sbtest6  (cost=0.43..10.47 rows=102 width=4)
	  Index Cond: ((id >= 2769102) AND (id <= 2769202))

table 7 : explain SELECT id FROM sbtest7 WHERE id BETWEEN 2769102 AND 2769202
	Index Only Scan using sbtest7_pkey on sbtest7  (cost=0.43..10.47 rows=102 width=4)
	  Index Cond: ((id >= 2769102) AND (id <= 2769202))

table 8 : explain SELECT id FROM sbtest8 WHERE id BETWEEN 2769102 AND 2769202
	Index Only Scan using sbtest8_pkey on sbtest8  (cost=0.43..10.40 rows=98 width=4)
	  Index Cond: ((id >= 2769102) AND (id <= 2769202))

for range-covered
table 1 : explain SELECT id FROM sbtest1 WHERE id BETWEEN 4226748 AND 4226848
	Index Only Scan using sbtest1_pkey on sbtest1  (cost=0.43..10.70 rows=113 width=4)
	  Index Cond: ((id >= 4226748) AND (id <= 4226848))

table 2 : explain SELECT id FROM sbtest2 WHERE id BETWEEN 4226748 AND 4226848
	Index Only Scan using sbtest2_pkey on sbtest2  (cost=0.43..10.54 rows=105 width=4)
	  Index Cond: ((id >= 4226748) AND (id <= 4226848))

table 3 : explain SELECT id FROM sbtest3 WHERE id BETWEEN 4226748 AND 4226848
	Index Only Scan using sbtest3_pkey on sbtest3  (cost=0.43..10.40 rows=98 width=4)
	  Index Cond: ((id >= 4226748) AND (id <= 4226848))

table 4 : explain SELECT id FROM sbtest4 WHERE id BETWEEN 4226748 AND 4226848
	Index Only Scan using sbtest4_pkey on sbtest4  (cost=0.43..10.28 rows=92 width=4)
	  Index Cond: ((id >= 4226748) AND (id <= 4226848))

table 5 : explain SELECT id FROM sbtest5 WHERE id BETWEEN 4226748 AND 4226848
	Index Only Scan using sbtest5_pkey on sbtest5  (cost=0.43..10.28 rows=92 width=4)
	  Index Cond: ((id >= 4226748) AND (id <= 4226848))

table 6 : explain SELECT id FROM sbtest6 WHERE id BETWEEN 4226748 AND 4226848
	Index Only Scan using sbtest6_pkey on sbtest6  (cost=0.43..10.50 rows=103 width=4)
	  Index Cond: ((id >= 4226748) AND (id <= 4226848))

table 7 : explain SELECT id FROM sbtest7 WHERE id BETWEEN 4226748 AND 4226848
	Index Only Scan using sbtest7_pkey on sbtest7  (cost=0.43..10.50 rows=103 width=4)
	  Index Cond: ((id >= 4226748) AND (id <= 4226848))

table 8 : explain SELECT id FROM sbtest8 WHERE id BETWEEN 4226748 AND 4226848
	Index Only Scan using sbtest8_pkey on sbtest8  (cost=0.43..10.62 rows=109 width=4)
	  Index Cond: ((id >= 4226748) AND (id <= 4226848))

explain: for range-covered :: explain SELECT id FROM sbtest%d WHERE id BETWEEN 2769102 AND 2769202
explain: for range-covered :: explain SELECT id FROM sbtest%d WHERE id BETWEEN 4226748 AND 4226848
for range-covered
table 1 : explain SELECT id FROM sbtest1 WHERE id BETWEEN 7309123 AND 7309223
	Index Only Scan using sbtest1_pkey on sbtest1  (cost=0.43..10.47 rows=102 width=4)
	  Index Cond: ((id >= 7309123) AND (id <= 7309223))

table 2 : explain SELECT id FROM sbtest2 WHERE id BETWEEN 7309123 AND 7309223
	Index Only Scan using sbtest2_pkey on sbtest2  (cost=0.43..10.51 rows=104 width=4)
	  Index Cond: ((id >= 7309123) AND (id <= 7309223))

table 3 : explain SELECT id FROM sbtest3 WHERE id BETWEEN 7309123 AND 7309223
	Index Only Scan using sbtest3_pkey on sbtest3  (cost=0.43..10.46 rows=101 width=4)
	  Index Cond: ((id >= 7309123) AND (id <= 7309223))

table 4 : explain SELECT id FROM sbtest4 WHERE id BETWEEN 7309123 AND 7309223
	Index Only Scan using sbtest4_pkey on sbtest4  (cost=0.43..10.58 rows=107 width=4)
	  Index Cond: ((id >= 7309123) AND (id <= 7309223))

table 5 : explain SELECT id FROM sbtest5 WHERE id BETWEEN 7309123 AND 7309223
	Index Only Scan using sbtest5_pkey on sbtest5  (cost=0.43..10.60 rows=108 width=4)
	  Index Cond: ((id >= 7309123) AND (id <= 7309223))

table 6 : explain SELECT id FROM sbtest6 WHERE id BETWEEN 7309123 AND 7309223
	Index Only Scan using sbtest6_pkey on sbtest6  (cost=0.43..10.46 rows=101 width=4)
	  Index Cond: ((id >= 7309123) AND (id <= 7309223))

table 7 : explain SELECT id FROM sbtest7 WHERE id BETWEEN 7309123 AND 7309223
	Index Only Scan using sbtest7_pkey on sbtest7  (cost=0.43..10.33 rows=95 width=4)
	  Index Cond: ((id >= 7309123) AND (id <= 7309223))

table 8 : explain SELECT id FROM sbtest8 WHERE id BETWEEN 7309123 AND 7309223
	Index Only Scan using sbtest8_pkey on sbtest8  (cost=0.43..10.50 rows=103 width=4)
	  Index Cond: ((id >= 7309123) AND (id <= 7309223))

for range-covered
table 1 : explain SELECT id FROM sbtest1 WHERE id BETWEEN 2028135 AND 2028235
	Index Only Scan using sbtest1_pkey on sbtest1  (cost=0.43..10.46 rows=101 width=4)
	  Index Cond: ((id >= 2028135) AND (id <= 2028235))

table 2 : explain SELECT id FROM sbtest2 WHERE id BETWEEN 2028135 AND 2028235
	Index Only Scan using sbtest2_pkey on sbtest2  (cost=0.43..10.58 rows=107 width=4)
	  Index Cond: ((id >= 2028135) AND (id <= 2028235))

table 3 : explain SELECT id FROM sbtest3 WHERE id BETWEEN 2028135 AND 2028235
	Index Only Scan using sbtest3_pkey on sbtest3  (cost=0.43..10.65 rows=111 width=4)
	  Index Cond: ((id >= 2028135) AND (id <= 2028235))

table 4 : explain SELECT id FROM sbtest4 WHERE id BETWEEN 2028135 AND 2028235
	Index Only Scan using sbtest4_pkey on sbtest4  (cost=0.43..10.36 rows=96 width=4)
	  Index Cond: ((id >= 2028135) AND (id <= 2028235))

table 5 : explain SELECT id FROM sbtest5 WHERE id BETWEEN 2028135 AND 2028235
	Index Only Scan using sbtest5_pkey on sbtest5  (cost=0.43..10.20 rows=88 width=4)
	  Index Cond: ((id >= 2028135) AND (id <= 2028235))

table 6 : explain SELECT id FROM sbtest6 WHERE id BETWEEN 2028135 AND 2028235
	Index Only Scan using sbtest6_pkey on sbtest6  (cost=0.43..10.42 rows=99 width=4)
	  Index Cond: ((id >= 2028135) AND (id <= 2028235))

table 7 : explain SELECT id FROM sbtest7 WHERE id BETWEEN 2028135 AND 2028235
	Index Only Scan using sbtest7_pkey on sbtest7  (cost=0.43..10.40 rows=98 width=4)
	  Index Cond: ((id >= 2028135) AND (id <= 2028235))

table 8 : explain SELECT id FROM sbtest8 WHERE id BETWEEN 2028135 AND 2028235
	Index Only Scan using sbtest8_pkey on sbtest8  (cost=0.43..10.32 rows=94 width=4)
	  Index Cond: ((id >= 2028135) AND (id <= 2028235))

explain: for range-covered :: explain SELECT id FROM sbtest%d WHERE id BETWEEN 7309123 AND 7309223
for range-covered
table 1 : explain SELECT id FROM sbtest1 WHERE id BETWEEN 8128619 AND 8128719
	Index Only Scan using sbtest1_pkey on sbtest1  (cost=0.43..10.65 rows=111 width=4)
	  Index Cond: ((id >= 8128619) AND (id <= 8128719))

table 2 : explain SELECT id FROM sbtest2 WHERE id BETWEEN 8128619 AND 8128719
	Index Only Scan using sbtest2_pkey on sbtest2  (cost=0.43..10.50 rows=103 width=4)
	  Index Cond: ((id >= 8128619) AND (id <= 8128719))

table 3 : explain SELECT id FROM sbtest3 WHERE id BETWEEN 8128619 AND 8128719
	Index Only Scan using sbtest3_pkey on sbtest3  (cost=0.43..10.47 rows=102 width=4)
	  Index Cond: ((id >= 8128619) AND (id <= 8128719))

table 4 : explain SELECT id FROM sbtest4 WHERE id BETWEEN 8128619 AND 8128719
	Index Only Scan using sbtest4_pkey on sbtest4  (cost=0.43..10.40 rows=98 width=4)
	  Index Cond: ((id >= 8128619) AND (id <= 8128719))

table 5 : explain SELECT id FROM sbtest5 WHERE id BETWEEN 8128619 AND 8128719
	Index Only Scan using sbtest5_pkey on sbtest5  (cost=0.43..10.51 rows=104 width=4)
	  Index Cond: ((id >= 8128619) AND (id <= 8128719))

table 6 : explain SELECT id FROM sbtest6 WHERE id BETWEEN 8128619 AND 8128719
	Index Only Scan using sbtest6_pkey on sbtest6  (cost=0.43..10.38 rows=97 width=4)
	  Index Cond: ((id >= 8128619) AND (id <= 8128719))

table 7 : explain SELECT id FROM sbtest7 WHERE id BETWEEN 8128619 AND 8128719
	Index Only Scan using sbtest7_pkey on sbtest7  (cost=0.43..10.44 rows=100 width=4)
	  Index Cond: ((id >= 8128619) AND (id <= 8128719))

table 8 : explain SELECT id FROM sbtest8 WHERE id BETWEEN 8128619 AND 8128719
	Index Only Scan using sbtest8_pkey on sbtest8  (cost=0.43..10.56 rows=106 width=4)
	  Index Cond: ((id >= 8128619) AND (id <= 8128719))

explain: for range-covered :: explain SELECT id FROM sbtest%d WHERE id BETWEEN 3694580 AND 3694680
for range-covered
table 1 : explain SELECT id FROM sbtest1 WHERE id BETWEEN 6422810 AND 6422910
	Index Only Scan using sbtest1_pkey on sbtest1  (cost=0.43..10.36 rows=96 width=4)
	  Index Cond: ((id >= 6422810) AND (id <= 6422910))

table 2 : explain SELECT id FROM sbtest2 WHERE id BETWEEN 6422810 AND 6422910
	Index Only Scan using sbtest2_pkey on sbtest2  (cost=0.43..10.60 rows=108 width=4)
	  Index Cond: ((id >= 6422810) AND (id <= 6422910))

table 3 : explain SELECT id FROM sbtest3 WHERE id BETWEEN 6422810 AND 6422910
	Index Only Scan using sbtest3_pkey on sbtest3  (cost=0.43..10.42 rows=99 width=4)
	  Index Cond: ((id >= 6422810) AND (id <= 6422910))

table 4 : explain SELECT id FROM sbtest4 WHERE id BETWEEN 6422810 AND 6422910
	Index Only Scan using sbtest4_pkey on sbtest4  (cost=0.43..10.50 rows=103 width=4)
	  Index Cond: ((id >= 6422810) AND (id <= 6422910))

table 5 : explain SELECT id FROM sbtest5 WHERE id BETWEEN 6422810 AND 6422910
	Index Only Scan using sbtest5_pkey on sbtest5  (cost=0.43..10.44 rows=100 width=4)
	  Index Cond: ((id >= 6422810) AND (id <= 6422910))

table 6 : explain SELECT id FROM sbtest6 WHERE id BETWEEN 6422810 AND 6422910
	Index Only Scan using sbtest6_pkey on sbtest6  (cost=0.43..10.24 rows=90 width=4)
	  Index Cond: ((id >= 6422810) AND (id <= 6422910))

table 7 : explain SELECT id FROM sbtest7 WHERE id BETWEEN 6422810 AND 6422910
	Index Only Scan using sbtest7_pkey on sbtest7  (cost=0.43..10.46 rows=101 width=4)
	  Index Cond: ((id >= 6422810) AND (id <= 6422910))

table 8 : explain SELECT id FROM sbtest8 WHERE id BETWEEN 6422810 AND 6422910
	Index Only Scan using sbtest8_pkey on sbtest8  (cost=0.43..10.50 rows=103 width=4)
	  Index Cond: ((id >= 6422810) AND (id <= 6422910))

explain: for range-covered :: explain SELECT id FROM sbtest%d WHERE id BETWEEN 6422810 AND 6422910
for range-covered
table 1 : explain SELECT id FROM sbtest1 WHERE id BETWEEN 7309123 AND 7309223
	Index Only Scan using sbtest1_pkey on sbtest1  (cost=0.43..10.47 rows=102 width=4)
	  Index Cond: ((id >= 7309123) AND (id <= 7309223))

table 2 : explain SELECT id FROM sbtest2 WHERE id BETWEEN 7309123 AND 7309223
	Index Only Scan using sbtest2_pkey on sbtest2  (cost=0.43..10.51 rows=104 width=4)
	  Index Cond: ((id >= 7309123) AND (id <= 7309223))

table 3 : explain SELECT id FROM sbtest3 WHERE id BETWEEN 7309123 AND 7309223
	Index Only Scan using sbtest3_pkey on sbtest3  (cost=0.43..10.46 rows=101 width=4)
	  Index Cond: ((id >= 7309123) AND (id <= 7309223))

table 4 : explain SELECT id FROM sbtest4 WHERE id BETWEEN 7309123 AND 7309223
	Index Only Scan using sbtest4_pkey on sbtest4  (cost=0.43..10.58 rows=107 width=4)
	  Index Cond: ((id >= 7309123) AND (id <= 7309223))

table 5 : explain SELECT id FROM sbtest5 WHERE id BETWEEN 7309123 AND 7309223
	Index Only Scan using sbtest5_pkey on sbtest5  (cost=0.43..10.60 rows=108 width=4)
	  Index Cond: ((id >= 7309123) AND (id <= 7309223))

table 6 : explain SELECT id FROM sbtest6 WHERE id BETWEEN 7309123 AND 7309223
	Index Only Scan using sbtest6_pkey on sbtest6  (cost=0.43..10.46 rows=101 width=4)
	  Index Cond: ((id >= 7309123) AND (id <= 7309223))

table 7 : explain SELECT id FROM sbtest7 WHERE id BETWEEN 7309123 AND 7309223
	Index Only Scan using sbtest7_pkey on sbtest7  (cost=0.43..10.33 rows=95 width=4)
	  Index Cond: ((id >= 7309123) AND (id <= 7309223))

table 8 : explain SELECT id FROM sbtest8 WHERE id BETWEEN 7309123 AND 7309223
	Index Only Scan using sbtest8_pkey on sbtest8  (cost=0.43..10.50 rows=103 width=4)
	  Index Cond: ((id >= 7309123) AND (id <= 7309223))

explain: for range-covered :: explain SELECT id FROM sbtest%d WHERE id BETWEEN 7309123 AND 7309223
for range-covered
table 1 : explain SELECT id FROM sbtest1 WHERE id BETWEEN 6422810 AND 6422910
	Index Only Scan using sbtest1_pkey on sbtest1  (cost=0.43..10.36 rows=96 width=4)
	  Index Cond: ((id >= 6422810) AND (id <= 6422910))

table 2 : explain SELECT id FROM sbtest2 WHERE id BETWEEN 6422810 AND 6422910
	Index Only Scan using sbtest2_pkey on sbtest2  (cost=0.43..10.60 rows=108 width=4)
	  Index Cond: ((id >= 6422810) AND (id <= 6422910))

table 3 : explain SELECT id FROM sbtest3 WHERE id BETWEEN 6422810 AND 6422910
	Index Only Scan using sbtest3_pkey on sbtest3  (cost=0.43..10.42 rows=99 width=4)
	  Index Cond: ((id >= 6422810) AND (id <= 6422910))

table 4 : explain SELECT id FROM sbtest4 WHERE id BETWEEN 6422810 AND 6422910
	Index Only Scan using sbtest4_pkey on sbtest4  (cost=0.43..10.50 rows=103 width=4)
	  Index Cond: ((id >= 6422810) AND (id <= 6422910))

table 5 : explain SELECT id FROM sbtest5 WHERE id BETWEEN 6422810 AND 6422910
	Index Only Scan using sbtest5_pkey on sbtest5  (cost=0.43..10.44 rows=100 width=4)
	  Index Cond: ((id >= 6422810) AND (id <= 6422910))

table 6 : explain SELECT id FROM sbtest6 WHERE id BETWEEN 6422810 AND 6422910
	Index Only Scan using sbtest6_pkey on sbtest6  (cost=0.43..10.24 rows=90 width=4)
	  Index Cond: ((id >= 6422810) AND (id <= 6422910))

table 7 : explain SELECT id FROM sbtest7 WHERE id BETWEEN 6422810 AND 6422910
	Index Only Scan using sbtest7_pkey on sbtest7  (cost=0.43..10.46 rows=101 width=4)
	  Index Cond: ((id >= 6422810) AND (id <= 6422910))

table 8 : explain SELECT id FROM sbtest8 WHERE id BETWEEN 6422810 AND 6422910
	Index Only Scan using sbtest8_pkey on sbtest8  (cost=0.43..10.50 rows=103 width=4)
	  Index Cond: ((id >= 6422810) AND (id <= 6422910))

explain: for range-covered :: explain SELECT id FROM sbtest%d WHERE id BETWEEN 6422810 AND 6422910
for range-covered
table 1 : explain SELECT id FROM sbtest1 WHERE id BETWEEN 2769102 AND 2769202
	Index Only Scan using sbtest1_pkey on sbtest1  (cost=0.43..10.50 rows=103 width=4)
	  Index Cond: ((id >= 2769102) AND (id <= 2769202))

table 2 : explain SELECT id FROM sbtest2 WHERE id BETWEEN 2769102 AND 2769202
	Index Only Scan using sbtest2_pkey on sbtest2  (cost=0.43..10.42 rows=99 width=4)
	  Index Cond: ((id >= 2769102) AND (id <= 2769202))

table 3 : explain SELECT id FROM sbtest3 WHERE id BETWEEN 2769102 AND 2769202
	Index Only Scan using sbtest3_pkey on sbtest3  (cost=0.43..10.51 rows=104 width=4)
	  Index Cond: ((id >= 2769102) AND (id <= 2769202))

table 4 : explain SELECT id FROM sbtest4 WHERE id BETWEEN 2769102 AND 2769202
	Index Only Scan using sbtest4_pkey on sbtest4  (cost=0.43..10.44 rows=100 width=4)
	  Index Cond: ((id >= 2769102) AND (id <= 2769202))

table 5 : explain SELECT id FROM sbtest5 WHERE id BETWEEN 2769102 AND 2769202
	Index Only Scan using sbtest5_pkey on sbtest5  (cost=0.43..10.54 rows=105 width=4)
	  Index Cond: ((id >= 2769102) AND (id <= 2769202))

table 6 : explain SELECT id FROM sbtest6 WHERE id BETWEEN 2769102 AND 2769202
	Index Only Scan using sbtest6_pkey on sbtest6  (cost=0.43..10.47 rows=102 width=4)
	  Index Cond: ((id >= 2769102) AND (id <= 2769202))

table 7 : explain SELECT id FROM sbtest7 WHERE id BETWEEN 2769102 AND 2769202
	Index Only Scan using sbtest7_pkey on sbtest7  (cost=0.43..10.47 rows=102 width=4)
	  Index Cond: ((id >= 2769102) AND (id <= 2769202))

table 8 : explain SELECT id FROM sbtest8 WHERE id BETWEEN 2769102 AND 2769202
	Index Only Scan using sbtest8_pkey on sbtest8  (cost=0.43..10.40 rows=98 width=4)
	  Index Cond: ((id >= 2769102) AND (id <= 2769202))

for range-covered
table 1 : explain SELECT id FROM sbtest1 WHERE id BETWEEN 3877830 AND 3877930
	Index Only Scan using sbtest1_pkey on sbtest1  (cost=0.43..10.29 rows=93 width=4)
	  Index Cond: ((id >= 3877830) AND (id <= 3877930))

table 2 : explain SELECT id FROM sbtest2 WHERE id BETWEEN 3877830 AND 3877930
	Index Only Scan using sbtest2_pkey on sbtest2  (cost=0.43..10.40 rows=98 width=4)
	  Index Cond: ((id >= 3877830) AND (id <= 3877930))

table 3 : explain SELECT id FROM sbtest3 WHERE id BETWEEN 3877830 AND 3877930
	Index Only Scan using sbtest3_pkey on sbtest3  (cost=0.43..10.28 rows=92 width=4)
	  Index Cond: ((id >= 3877830) AND (id <= 3877930))

table 4 : explain SELECT id FROM sbtest4 WHERE id BETWEEN 3877830 AND 3877930
	Index Only Scan using sbtest4_pkey on sbtest4  (cost=0.43..10.56 rows=106 width=4)
	  Index Cond: ((id >= 3877830) AND (id <= 3877930))

table 5 : explain SELECT id FROM sbtest5 WHERE id BETWEEN 3877830 AND 3877930
	Index Only Scan using sbtest5_pkey on sbtest5  (cost=0.43..10.70 rows=113 width=4)
	  Index Cond: ((id >= 3877830) AND (id <= 3877930))

table 6 : explain SELECT id FROM sbtest6 WHERE id BETWEEN 3877830 AND 3877930
	Index Only Scan using sbtest6_pkey on sbtest6  (cost=0.43..10.33 rows=95 width=4)
	  Index Cond: ((id >= 3877830) AND (id <= 3877930))

table 7 : explain SELECT id FROM sbtest7 WHERE id BETWEEN 3877830 AND 3877930
	Index Only Scan using sbtest7_pkey on sbtest7  (cost=0.43..10.46 rows=101 width=4)
	  Index Cond: ((id >= 3877830) AND (id <= 3877930))

table 8 : explain SELECT id FROM sbtest8 WHERE id BETWEEN 3877830 AND 3877930
	Index Only Scan using sbtest8_pkey on sbtest8  (cost=0.43..10.60 rows=108 width=4)
	  Index Cond: ((id >= 3877830) AND (id <= 3877930))

for range-covered
table 1 : explain SELECT id FROM sbtest1 WHERE id BETWEEN 4226748 AND 4226848
	Index Only Scan using sbtest1_pkey on sbtest1  (cost=0.43..10.70 rows=113 width=4)
	  Index Cond: ((id >= 4226748) AND (id <= 4226848))

table 2 : explain SELECT id FROM sbtest2 WHERE id BETWEEN 4226748 AND 4226848
	Index Only Scan using sbtest2_pkey on sbtest2  (cost=0.43..10.54 rows=105 width=4)
	  Index Cond: ((id >= 4226748) AND (id <= 4226848))

table 3 : explain SELECT id FROM sbtest3 WHERE id BETWEEN 4226748 AND 4226848
	Index Only Scan using sbtest3_pkey on sbtest3  (cost=0.43..10.40 rows=98 width=4)
	  Index Cond: ((id >= 4226748) AND (id <= 4226848))

table 4 : explain SELECT id FROM sbtest4 WHERE id BETWEEN 4226748 AND 4226848
	Index Only Scan using sbtest4_pkey on sbtest4  (cost=0.43..10.28 rows=92 width=4)
	  Index Cond: ((id >= 4226748) AND (id <= 4226848))

table 5 : explain SELECT id FROM sbtest5 WHERE id BETWEEN 4226748 AND 4226848
	Index Only Scan using sbtest5_pkey on sbtest5  (cost=0.43..10.28 rows=92 width=4)
	  Index Cond: ((id >= 4226748) AND (id <= 4226848))

table 6 : explain SELECT id FROM sbtest6 WHERE id BETWEEN 4226748 AND 4226848
	Index Only Scan using sbtest6_pkey on sbtest6  (cost=0.43..10.50 rows=103 width=4)
	  Index Cond: ((id >= 4226748) AND (id <= 4226848))

table 7 : explain SELECT id FROM sbtest7 WHERE id BETWEEN 4226748 AND 4226848
	Index Only Scan using sbtest7_pkey on sbtest7  (cost=0.43..10.50 rows=103 width=4)
	  Index Cond: ((id >= 4226748) AND (id <= 4226848))

table 8 : explain SELECT id FROM sbtest8 WHERE id BETWEEN 4226748 AND 4226848
	Index Only Scan using sbtest8_pkey on sbtest8  (cost=0.43..10.62 rows=109 width=4)
	  Index Cond: ((id >= 4226748) AND (id <= 4226848))

explain: for range-covered :: explain SELECT id FROM sbtest%d WHERE id BETWEEN 3877830 AND 3877930
explain: for range-covered :: explain SELECT id FROM sbtest%d WHERE id BETWEEN 2769102 AND 2769202
explain: for range-covered :: explain SELECT id FROM sbtest%d WHERE id BETWEEN 4226748 AND 4226848
for range-covered
table 1 : explain SELECT id FROM sbtest1 WHERE id BETWEEN 7309123 AND 7309223
	Index Only Scan using sbtest1_pkey on sbtest1  (cost=0.43..10.47 rows=102 width=4)
	  Index Cond: ((id >= 7309123) AND (id <= 7309223))

table 2 : explain SELECT id FROM sbtest2 WHERE id BETWEEN 7309123 AND 7309223
	Index Only Scan using sbtest2_pkey on sbtest2  (cost=0.43..10.51 rows=104 width=4)
	  Index Cond: ((id >= 7309123) AND (id <= 7309223))

table 3 : explain SELECT id FROM sbtest3 WHERE id BETWEEN 7309123 AND 7309223
	Index Only Scan using sbtest3_pkey on sbtest3  (cost=0.43..10.46 rows=101 width=4)
	  Index Cond: ((id >= 7309123) AND (id <= 7309223))

table 4 : explain SELECT id FROM sbtest4 WHERE id BETWEEN 7309123 AND 7309223
	Index Only Scan using sbtest4_pkey on sbtest4  (cost=0.43..10.58 rows=107 width=4)
	  Index Cond: ((id >= 7309123) AND (id <= 7309223))

table 5 : explain SELECT id FROM sbtest5 WHERE id BETWEEN 7309123 AND 7309223
	Index Only Scan using sbtest5_pkey on sbtest5  (cost=0.43..10.60 rows=108 width=4)
	  Index Cond: ((id >= 7309123) AND (id <= 7309223))

table 6 : explain SELECT id FROM sbtest6 WHERE id BETWEEN 7309123 AND 7309223
	Index Only Scan using sbtest6_pkey on sbtest6  (cost=0.43..10.46 rows=101 width=4)
	  Index Cond: ((id >= 7309123) AND (id <= 7309223))

table 7 : explain SELECT id FROM sbtest7 WHERE id BETWEEN 7309123 AND 7309223
	Index Only Scan using sbtest7_pkey on sbtest7  (cost=0.43..10.33 rows=95 width=4)
	  Index Cond: ((id >= 7309123) AND (id <= 7309223))

table 8 : explain SELECT id FROM sbtest8 WHERE id BETWEEN 7309123 AND 7309223
	Index Only Scan using sbtest8_pkey on sbtest8  (cost=0.43..10.50 rows=103 width=4)
	  Index Cond: ((id >= 7309123) AND (id <= 7309223))

explain: for range-covered :: explain SELECT id FROM sbtest%d WHERE id BETWEEN 7309123 AND 7309223
for range-covered
table 1 : explain SELECT id FROM sbtest1 WHERE id BETWEEN 6422810 AND 6422910
	Index Only Scan using sbtest1_pkey on sbtest1  (cost=0.43..10.36 rows=96 width=4)
	  Index Cond: ((id >= 6422810) AND (id <= 6422910))

table 2 : explain SELECT id FROM sbtest2 WHERE id BETWEEN 6422810 AND 6422910
	Index Only Scan using sbtest2_pkey on sbtest2  (cost=0.43..10.60 rows=108 width=4)
	  Index Cond: ((id >= 6422810) AND (id <= 6422910))

table 3 : explain SELECT id FROM sbtest3 WHERE id BETWEEN 6422810 AND 6422910
	Index Only Scan using sbtest3_pkey on sbtest3  (cost=0.43..10.42 rows=99 width=4)
	  Index Cond: ((id >= 6422810) AND (id <= 6422910))

table 4 : explain SELECT id FROM sbtest4 WHERE id BETWEEN 6422810 AND 6422910
	Index Only Scan using sbtest4_pkey on sbtest4  (cost=0.43..10.50 rows=103 width=4)
	  Index Cond: ((id >= 6422810) AND (id <= 6422910))

table 5 : explain SELECT id FROM sbtest5 WHERE id BETWEEN 6422810 AND 6422910
	Index Only Scan using sbtest5_pkey on sbtest5  (cost=0.43..10.44 rows=100 width=4)
	  Index Cond: ((id >= 6422810) AND (id <= 6422910))

table 6 : explain SELECT id FROM sbtest6 WHERE id BETWEEN 6422810 AND 6422910
	Index Only Scan using sbtest6_pkey on sbtest6  (cost=0.43..10.24 rows=90 width=4)
	  Index Cond: ((id >= 6422810) AND (id <= 6422910))

table 7 : explain SELECT id FROM sbtest7 WHERE id BETWEEN 6422810 AND 6422910
	Index Only Scan using sbtest7_pkey on sbtest7  (cost=0.43..10.46 rows=101 width=4)
	  Index Cond: ((id >= 6422810) AND (id <= 6422910))

table 8 : explain SELECT id FROM sbtest8 WHERE id BETWEEN 6422810 AND 6422910
	Index Only Scan using sbtest8_pkey on sbtest8  (cost=0.43..10.50 rows=103 width=4)
	  Index Cond: ((id >= 6422810) AND (id <= 6422910))

explain: for range-covered :: explain SELECT id FROM sbtest%d WHERE id BETWEEN 6422810 AND 6422910
for range-covered
table 1 : explain SELECT id FROM sbtest1 WHERE id BETWEEN 4488544 AND 4488644
	Index Only Scan using sbtest1_pkey on sbtest1  (cost=0.43..10.33 rows=95 width=4)
	  Index Cond: ((id >= 4488544) AND (id <= 4488644))

table 2 : explain SELECT id FROM sbtest2 WHERE id BETWEEN 4488544 AND 4488644
	Index Only Scan using sbtest2_pkey on sbtest2  (cost=0.43..10.50 rows=103 width=4)
	  Index Cond: ((id >= 4488544) AND (id <= 4488644))

table 3 : explain SELECT id FROM sbtest3 WHERE id BETWEEN 4488544 AND 4488644
	Index Only Scan using sbtest3_pkey on sbtest3  (cost=0.43..10.40 rows=98 width=4)
	  Index Cond: ((id >= 4488544) AND (id <= 4488644))

table 4 : explain SELECT id FROM sbtest4 WHERE id BETWEEN 4488544 AND 4488644
	Index Only Scan using sbtest4_pkey on sbtest4  (cost=0.43..10.24 rows=90 width=4)
	  Index Cond: ((id >= 4488544) AND (id <= 4488644))

table 5 : explain SELECT id FROM sbtest5 WHERE id BETWEEN 4488544 AND 4488644
	Index Only Scan using sbtest5_pkey on sbtest5  (cost=0.43..10.36 rows=96 width=4)
	  Index Cond: ((id >= 4488544) AND (id <= 4488644))

table 6 : explain SELECT id FROM sbtest6 WHERE id BETWEEN 4488544 AND 4488644
	Index Only Scan using sbtest6_pkey on sbtest6  (cost=0.43..10.40 rows=98 width=4)
	  Index Cond: ((id >= 4488544) AND (id <= 4488644))

table 7 : explain SELECT id FROM sbtest7 WHERE id BETWEEN 4488544 AND 4488644
	Index Only Scan using sbtest7_pkey on sbtest7  (cost=0.43..10.42 rows=99 width=4)
	  Index Cond: ((id >= 4488544) AND (id <= 4488644))

table 8 : explain SELECT id FROM sbtest8 WHERE id BETWEEN 4488544 AND 4488644
	Index Only Scan using sbtest8_pkey on sbtest8  (cost=0.43..10.46 rows=101 width=4)
	  Index Cond: ((id >= 4488544) AND (id <= 4488644))

for range-covered
table 1 : explain SELECT id FROM sbtest1 WHERE id BETWEEN 3877830 AND 3877930
	Index Only Scan using sbtest1_pkey on sbtest1  (cost=0.43..10.29 rows=93 width=4)
	  Index Cond: ((id >= 3877830) AND (id <= 3877930))

table 2 : explain SELECT id FROM sbtest2 WHERE id BETWEEN 3877830 AND 3877930
	Index Only Scan using sbtest2_pkey on sbtest2  (cost=0.43..10.40 rows=98 width=4)
	  Index Cond: ((id >= 3877830) AND (id <= 3877930))

table 3 : explain SELECT id FROM sbtest3 WHERE id BETWEEN 3877830 AND 3877930
	Index Only Scan using sbtest3_pkey on sbtest3  (cost=0.43..10.28 rows=92 width=4)
	  Index Cond: ((id >= 3877830) AND (id <= 3877930))

table 4 : explain SELECT id FROM sbtest4 WHERE id BETWEEN 3877830 AND 3877930
	Index Only Scan using sbtest4_pkey on sbtest4  (cost=0.43..10.56 rows=106 width=4)
	  Index Cond: ((id >= 3877830) AND (id <= 3877930))

table 5 : explain SELECT id FROM sbtest5 WHERE id BETWEEN 3877830 AND 3877930
	Index Only Scan using sbtest5_pkey on sbtest5  (cost=0.43..10.70 rows=113 width=4)
	  Index Cond: ((id >= 3877830) AND (id <= 3877930))

table 6 : explain SELECT id FROM sbtest6 WHERE id BETWEEN 3877830 AND 3877930
	Index Only Scan using sbtest6_pkey on sbtest6  (cost=0.43..10.33 rows=95 width=4)
	  Index Cond: ((id >= 3877830) AND (id <= 3877930))

table 7 : explain SELECT id FROM sbtest7 WHERE id BETWEEN 3877830 AND 3877930
	Index Only Scan using sbtest7_pkey on sbtest7  (cost=0.43..10.46 rows=101 width=4)
	  Index Cond: ((id >= 3877830) AND (id <= 3877930))

table 8 : explain SELECT id FROM sbtest8 WHERE id BETWEEN 3877830 AND 3877930
	Index Only Scan using sbtest8_pkey on sbtest8  (cost=0.43..10.60 rows=108 width=4)
	  Index Cond: ((id >= 3877830) AND (id <= 3877930))

explain: for range-covered :: explain SELECT id FROM sbtest%d WHERE id BETWEEN 4488544 AND 4488644
explain: for range-covered :: explain SELECT id FROM sbtest%d WHERE id BETWEEN 3877830 AND 3877930
for range-covered
table 1 : explain SELECT id FROM sbtest1 WHERE id BETWEEN 7309123 AND 7309223
	Index Only Scan using sbtest1_pkey on sbtest1  (cost=0.43..10.47 rows=102 width=4)
	  Index Cond: ((id >= 7309123) AND (id <= 7309223))

table 2 : explain SELECT id FROM sbtest2 WHERE id BETWEEN 7309123 AND 7309223
	Index Only Scan using sbtest2_pkey on sbtest2  (cost=0.43..10.51 rows=104 width=4)
	  Index Cond: ((id >= 7309123) AND (id <= 7309223))

table 3 : explain SELECT id FROM sbtest3 WHERE id BETWEEN 7309123 AND 7309223
	Index Only Scan using sbtest3_pkey on sbtest3  (cost=0.43..10.46 rows=101 width=4)
	  Index Cond: ((id >= 7309123) AND (id <= 7309223))

table 4 : explain SELECT id FROM sbtest4 WHERE id BETWEEN 7309123 AND 7309223
	Index Only Scan using sbtest4_pkey on sbtest4  (cost=0.43..10.58 rows=107 width=4)
	  Index Cond: ((id >= 7309123) AND (id <= 7309223))

table 5 : explain SELECT id FROM sbtest5 WHERE id BETWEEN 7309123 AND 7309223
	Index Only Scan using sbtest5_pkey on sbtest5  (cost=0.43..10.60 rows=108 width=4)
	  Index Cond: ((id >= 7309123) AND (id <= 7309223))

table 6 : explain SELECT id FROM sbtest6 WHERE id BETWEEN 7309123 AND 7309223
	Index Only Scan using sbtest6_pkey on sbtest6  (cost=0.43..10.46 rows=101 width=4)
	  Index Cond: ((id >= 7309123) AND (id <= 7309223))

table 7 : explain SELECT id FROM sbtest7 WHERE id BETWEEN 7309123 AND 7309223
	Index Only Scan using sbtest7_pkey on sbtest7  (cost=0.43..10.33 rows=95 width=4)
	  Index Cond: ((id >= 7309123) AND (id <= 7309223))

table 8 : explain SELECT id FROM sbtest8 WHERE id BETWEEN 7309123 AND 7309223
	Index Only Scan using sbtest8_pkey on sbtest8  (cost=0.43..10.50 rows=103 width=4)
	  Index Cond: ((id >= 7309123) AND (id <= 7309223))

explain: for range-covered :: explain SELECT id FROM sbtest%d WHERE id BETWEEN 7309123 AND 7309223
for range-covered
table 1 : explain SELECT id FROM sbtest1 WHERE id BETWEEN 6422810 AND 6422910
	Index Only Scan using sbtest1_pkey on sbtest1  (cost=0.43..10.36 rows=96 width=4)
	  Index Cond: ((id >= 6422810) AND (id <= 6422910))

table 2 : explain SELECT id FROM sbtest2 WHERE id BETWEEN 6422810 AND 6422910
	Index Only Scan using sbtest2_pkey on sbtest2  (cost=0.43..10.60 rows=108 width=4)
	  Index Cond: ((id >= 6422810) AND (id <= 6422910))

table 3 : explain SELECT id FROM sbtest3 WHERE id BETWEEN 6422810 AND 6422910
	Index Only Scan using sbtest3_pkey on sbtest3  (cost=0.43..10.42 rows=99 width=4)
	  Index Cond: ((id >= 6422810) AND (id <= 6422910))

table 4 : explain SELECT id FROM sbtest4 WHERE id BETWEEN 6422810 AND 6422910
	Index Only Scan using sbtest4_pkey on sbtest4  (cost=0.43..10.50 rows=103 width=4)
	  Index Cond: ((id >= 6422810) AND (id <= 6422910))

table 5 : explain SELECT id FROM sbtest5 WHERE id BETWEEN 6422810 AND 6422910
	Index Only Scan using sbtest5_pkey on sbtest5  (cost=0.43..10.44 rows=100 width=4)
	  Index Cond: ((id >= 6422810) AND (id <= 6422910))

table 6 : explain SELECT id FROM sbtest6 WHERE id BETWEEN 6422810 AND 6422910
	Index Only Scan using sbtest6_pkey on sbtest6  (cost=0.43..10.24 rows=90 width=4)
	  Index Cond: ((id >= 6422810) AND (id <= 6422910))

table 7 : explain SELECT id FROM sbtest7 WHERE id BETWEEN 6422810 AND 6422910
	Index Only Scan using sbtest7_pkey on sbtest7  (cost=0.43..10.46 rows=101 width=4)
	  Index Cond: ((id >= 6422810) AND (id <= 6422910))

table 8 : explain SELECT id FROM sbtest8 WHERE id BETWEEN 6422810 AND 6422910
	Index Only Scan using sbtest8_pkey on sbtest8  (cost=0.43..10.50 rows=103 width=4)
	  Index Cond: ((id >= 6422810) AND (id <= 6422910))

explain: for range-covered :: explain SELECT id FROM sbtest%d WHERE id BETWEEN 6422810 AND 6422910
for range-covered
table 1 : explain SELECT id FROM sbtest1 WHERE id BETWEEN 3694580 AND 3694680
	Index Only Scan using sbtest1_pkey on sbtest1  (cost=0.43..10.26 rows=91 width=4)
	  Index Cond: ((id >= 3694580) AND (id <= 3694680))

table 2 : explain SELECT id FROM sbtest2 WHERE id BETWEEN 3694580 AND 3694680
	Index Only Scan using sbtest2_pkey on sbtest2  (cost=0.43..10.50 rows=103 width=4)
	  Index Cond: ((id >= 3694580) AND (id <= 3694680))

table 3 : explain SELECT id FROM sbtest3 WHERE id BETWEEN 3694580 AND 3694680
	Index Only Scan using sbtest3_pkey on sbtest3  (cost=0.43..10.72 rows=114 width=4)
	  Index Cond: ((id >= 3694580) AND (id <= 3694680))

table 4 : explain SELECT id FROM sbtest4 WHERE id BETWEEN 3694580 AND 3694680
	Index Only Scan using sbtest4_pkey on sbtest4  (cost=0.43..10.51 rows=104 width=4)
	  Index Cond: ((id >= 3694580) AND (id <= 3694680))

table 5 : explain SELECT id FROM sbtest5 WHERE id BETWEEN 3694580 AND 3694680
	Index Only Scan using sbtest5_pkey on sbtest5  (cost=0.43..10.36 rows=96 width=4)
	  Index Cond: ((id >= 3694580) AND (id <= 3694680))

table 6 : explain SELECT id FROM sbtest6 WHERE id BETWEEN 3694580 AND 3694680
	Index Only Scan using sbtest6_pkey on sbtest6  (cost=0.43..10.58 rows=107 width=4)
	  Index Cond: ((id >= 3694580) AND (id <= 3694680))

table 7 : explain SELECT id FROM sbtest7 WHERE id BETWEEN 3694580 AND 3694680
	Index Only Scan using sbtest7_pkey on sbtest7  (cost=0.43..10.29 rows=93 width=4)
	  Index Cond: ((id >= 3694580) AND (id <= 3694680))

table 8 : explain SELECT id FROM sbtest8 WHERE id BETWEEN 3694580 AND 3694680
	Index Only Scan using sbtest8_pkey on sbtest8  (cost=0.43..10.44 rows=100 width=4)
	  Index Cond: ((id >= 3694580) AND (id <= 3694680))

explain: for range-covered :: explain SELECT id FROM sbtest%d WHERE id BETWEEN 3694580 AND 3694680
for range-covered
table 1 : explain SELECT id FROM sbtest1 WHERE id BETWEEN 4226748 AND 4226848
	Index Only Scan using sbtest1_pkey on sbtest1  (cost=0.43..10.70 rows=113 width=4)
	  Index Cond: ((id >= 4226748) AND (id <= 4226848))

table 2 : explain SELECT id FROM sbtest2 WHERE id BETWEEN 4226748 AND 4226848
	Index Only Scan using sbtest2_pkey on sbtest2  (cost=0.43..10.54 rows=105 width=4)
	  Index Cond: ((id >= 4226748) AND (id <= 4226848))

table 3 : explain SELECT id FROM sbtest3 WHERE id BETWEEN 4226748 AND 4226848
	Index Only Scan using sbtest3_pkey on sbtest3  (cost=0.43..10.40 rows=98 width=4)
	  Index Cond: ((id >= 4226748) AND (id <= 4226848))

table 4 : explain SELECT id FROM sbtest4 WHERE id BETWEEN 4226748 AND 4226848
	Index Only Scan using sbtest4_pkey on sbtest4  (cost=0.43..10.28 rows=92 width=4)
	  Index Cond: ((id >= 4226748) AND (id <= 4226848))

table 5 : explain SELECT id FROM sbtest5 WHERE id BETWEEN 4226748 AND 4226848
	Index Only Scan using sbtest5_pkey on sbtest5  (cost=0.43..10.28 rows=92 width=4)
	  Index Cond: ((id >= 4226748) AND (id <= 4226848))

table 6 : explain SELECT id FROM sbtest6 WHERE id BETWEEN 4226748 AND 4226848
	Index Only Scan using sbtest6_pkey on sbtest6  (cost=0.43..10.50 rows=103 width=4)
	  Index Cond: ((id >= 4226748) AND (id <= 4226848))

table 7 : explain SELECT id FROM sbtest7 WHERE id BETWEEN 4226748 AND 4226848
	Index Only Scan using sbtest7_pkey on sbtest7  (cost=0.43..10.50 rows=103 width=4)
	  Index Cond: ((id >= 4226748) AND (id <= 4226848))

table 8 : explain SELECT id FROM sbtest8 WHERE id BETWEEN 4226748 AND 4226848
	Index Only Scan using sbtest8_pkey on sbtest8  (cost=0.43..10.62 rows=109 width=4)
	  Index Cond: ((id >= 4226748) AND (id <= 4226848))

for range-covered
table 1 : explain SELECT id FROM sbtest1 WHERE id BETWEEN 3877830 AND 3877930
	Index Only Scan using sbtest1_pkey on sbtest1  (cost=0.43..10.29 rows=93 width=4)
	  Index Cond: ((id >= 3877830) AND (id <= 3877930))

table 2 : explain SELECT id FROM sbtest2 WHERE id BETWEEN 3877830 AND 3877930
	Index Only Scan using sbtest2_pkey on sbtest2  (cost=0.43..10.40 rows=98 width=4)
	  Index Cond: ((id >= 3877830) AND (id <= 3877930))

table 3 : explain SELECT id FROM sbtest3 WHERE id BETWEEN 3877830 AND 3877930
	Index Only Scan using sbtest3_pkey on sbtest3  (cost=0.43..10.28 rows=92 width=4)
	  Index Cond: ((id >= 3877830) AND (id <= 3877930))

table 4 : explain SELECT id FROM sbtest4 WHERE id BETWEEN 3877830 AND 3877930
	Index Only Scan using sbtest4_pkey on sbtest4  (cost=0.43..10.56 rows=106 width=4)
	  Index Cond: ((id >= 3877830) AND (id <= 3877930))

table 5 : explain SELECT id FROM sbtest5 WHERE id BETWEEN 3877830 AND 3877930
	Index Only Scan using sbtest5_pkey on sbtest5  (cost=0.43..10.70 rows=113 width=4)
	  Index Cond: ((id >= 3877830) AND (id <= 3877930))

table 6 : explain SELECT id FROM sbtest6 WHERE id BETWEEN 3877830 AND 3877930
	Index Only Scan using sbtest6_pkey on sbtest6  (cost=0.43..10.33 rows=95 width=4)
	  Index Cond: ((id >= 3877830) AND (id <= 3877930))

table 7 : explain SELECT id FROM sbtest7 WHERE id BETWEEN 3877830 AND 3877930
	Index Only Scan using sbtest7_pkey on sbtest7  (cost=0.43..10.46 rows=101 width=4)
	  Index Cond: ((id >= 3877830) AND (id <= 3877930))

table 8 : explain SELECT id FROM sbtest8 WHERE id BETWEEN 3877830 AND 3877930
	Index Only Scan using sbtest8_pkey on sbtest8  (cost=0.43..10.60 rows=108 width=4)
	  Index Cond: ((id >= 3877830) AND (id <= 3877930))

for range-covered
table 1 : explain SELECT id FROM sbtest1 WHERE id BETWEEN 2769102 AND 2769202
	Index Only Scan using sbtest1_pkey on sbtest1  (cost=0.43..10.50 rows=103 width=4)
	  Index Cond: ((id >= 2769102) AND (id <= 2769202))

table 2 : explain SELECT id FROM sbtest2 WHERE id BETWEEN 2769102 AND 2769202
	Index Only Scan using sbtest2_pkey on sbtest2  (cost=0.43..10.42 rows=99 width=4)
	  Index Cond: ((id >= 2769102) AND (id <= 2769202))

table 3 : explain SELECT id FROM sbtest3 WHERE id BETWEEN 2769102 AND 2769202
	Index Only Scan using sbtest3_pkey on sbtest3  (cost=0.43..10.51 rows=104 width=4)
	  Index Cond: ((id >= 2769102) AND (id <= 2769202))

table 4 : explain SELECT id FROM sbtest4 WHERE id BETWEEN 2769102 AND 2769202
	Index Only Scan using sbtest4_pkey on sbtest4  (cost=0.43..10.44 rows=100 width=4)
	  Index Cond: ((id >= 2769102) AND (id <= 2769202))

table 5 : explain SELECT id FROM sbtest5 WHERE id BETWEEN 2769102 AND 2769202
	Index Only Scan using sbtest5_pkey on sbtest5  (cost=0.43..10.54 rows=105 width=4)
	  Index Cond: ((id >= 2769102) AND (id <= 2769202))

table 6 : explain SELECT id FROM sbtest6 WHERE id BETWEEN 2769102 AND 2769202
	Index Only Scan using sbtest6_pkey on sbtest6  (cost=0.43..10.47 rows=102 width=4)
	  Index Cond: ((id >= 2769102) AND (id <= 2769202))

table 7 : explain SELECT id FROM sbtest7 WHERE id BETWEEN 2769102 AND 2769202
	Index Only Scan using sbtest7_pkey on sbtest7  (cost=0.43..10.47 rows=102 width=4)
	  Index Cond: ((id >= 2769102) AND (id <= 2769202))

table 8 : explain SELECT id FROM sbtest8 WHERE id BETWEEN 2769102 AND 2769202
	Index Only Scan using sbtest8_pkey on sbtest8  (cost=0.43..10.40 rows=98 width=4)
	  Index Cond: ((id >= 2769102) AND (id <= 2769202))

explain: for range-covered :: explain SELECT id FROM sbtest%d WHERE id BETWEEN 3877830 AND 3877930
for range-covered
table 1 : explain SELECT id FROM sbtest1 WHERE id BETWEEN 4488544 AND 4488644
	Index Only Scan using sbtest1_pkey on sbtest1  (cost=0.43..10.33 rows=95 width=4)
	  Index Cond: ((id >= 4488544) AND (id <= 4488644))

table 2 : explain SELECT id FROM sbtest2 WHERE id BETWEEN 4488544 AND 4488644
	Index Only Scan using sbtest2_pkey on sbtest2  (cost=0.43..10.50 rows=103 width=4)
	  Index Cond: ((id >= 4488544) AND (id <= 4488644))

table 3 : explain SELECT id FROM sbtest3 WHERE id BETWEEN 4488544 AND 4488644
	Index Only Scan using sbtest3_pkey on sbtest3  (cost=0.43..10.40 rows=98 width=4)
	  Index Cond: ((id >= 4488544) AND (id <= 4488644))

table 4 : explain SELECT id FROM sbtest4 WHERE id BETWEEN 4488544 AND 4488644
	Index Only Scan using sbtest4_pkey on sbtest4  (cost=0.43..10.24 rows=90 width=4)
	  Index Cond: ((id >= 4488544) AND (id <= 4488644))

table 5 : explain SELECT id FROM sbtest5 WHERE id BETWEEN 4488544 AND 4488644
	Index Only Scan using sbtest5_pkey on sbtest5  (cost=0.43..10.36 rows=96 width=4)
	  Index Cond: ((id >= 4488544) AND (id <= 4488644))

table 6 : explain SELECT id FROM sbtest6 WHERE id BETWEEN 4488544 AND 4488644
	Index Only Scan using sbtest6_pkey on sbtest6  (cost=0.43..10.40 rows=98 width=4)
	  Index Cond: ((id >= 4488544) AND (id <= 4488644))

table 7 : explain SELECT id FROM sbtest7 WHERE id BETWEEN 4488544 AND 4488644
	Index Only Scan using sbtest7_pkey on sbtest7  (cost=0.43..10.42 rows=99 width=4)
	  Index Cond: ((id >= 4488544) AND (id <= 4488644))

table 8 : explain SELECT id FROM sbtest8 WHERE id BETWEEN 4488544 AND 4488644
	Index Only Scan using sbtest8_pkey on sbtest8  (cost=0.43..10.46 rows=101 width=4)
	  Index Cond: ((id >= 4488544) AND (id <= 4488644))

explain: for range-covered :: explain SELECT id FROM sbtest%d WHERE id BETWEEN 4226748 AND 4226848
explain: for range-covered :: explain SELECT id FROM sbtest%d WHERE id BETWEEN 4488544 AND 4488644
explain: for range-covered :: explain SELECT id FROM sbtest%d WHERE id BETWEEN 2769102 AND 2769202for range-covered
table 1 : explain SELECT id FROM sbtest1 WHERE id BETWEEN 7309123 AND 7309223
	Index Only Scan using sbtest1_pkey on sbtest1  (cost=0.43..10.47 rows=102 width=4)
	  Index Cond: ((id >= 7309123) AND (id <= 7309223))

table 2 : explain SELECT id FROM sbtest2 WHERE id BETWEEN 7309123 AND 7309223
	Index Only Scan using sbtest2_pkey on sbtest2  (cost=0.43..10.51 rows=104 width=4)
	  Index Cond: ((id >= 7309123) AND (id <= 7309223))

table 3 : explain SELECT id FROM sbtest3 WHERE id BETWEEN 7309123 AND 7309223
	Index Only Scan using sbtest3_pkey on sbtest3  (cost=0.43..10.46 rows=101 width=4)
	  Index Cond: ((id >= 7309123) AND (id <= 7309223))

table 4 : explain SELECT id FROM sbtest4 WHERE id BETWEEN 7309123 AND 7309223
	Index Only Scan using sbtest4_pkey on sbtest4  (cost=0.43..10.58 rows=107 width=4)
	  Index Cond: ((id >= 7309123) AND (id <= 7309223))

table 5 : explain SELECT id FROM sbtest5 WHERE id BETWEEN 7309123 AND 7309223
	Index Only Scan using sbtest5_pkey on sbtest5  (cost=0.43..10.60 rows=108 width=4)
	  Index Cond: ((id >= 7309123) AND (id <= 7309223))

table 6 : explain SELECT id FROM sbtest6 WHERE id BETWEEN 7309123 AND 7309223
	Index Only Scan using sbtest6_pkey on sbtest6  (cost=0.43..10.46 rows=101 width=4)
	  Index Cond: ((id >= 7309123) AND (id <= 7309223))

table 7 : explain SELECT id FROM sbtest7 WHERE id BETWEEN 7309123 AND 7309223
	Index Only Scan using sbtest7_pkey on sbtest7  (cost=0.43..10.33 rows=95 width=4)
	  Index Cond: ((id >= 7309123) AND (id <= 7309223))

table 8 : explain SELECT id FROM sbtest8 WHERE id BETWEEN 7309123 AND 7309223
	Index Only Scan using sbtest8_pkey on sbtest8  (cost=0.43..10.50 rows=103 width=4)
	  Index Cond: ((id >= 7309123) AND (id <= 7309223))


explain: for range-covered :: explain SELECT id FROM sbtest%d WHERE id BETWEEN 7309123 AND 7309223
for range-covered
table 1 : explain SELECT id FROM sbtest1 WHERE id BETWEEN 6422810 AND 6422910
	Index Only Scan using sbtest1_pkey on sbtest1  (cost=0.43..10.36 rows=96 width=4)
	  Index Cond: ((id >= 6422810) AND (id <= 6422910))

table 2 : explain SELECT id FROM sbtest2 WHERE id BETWEEN 6422810 AND 6422910
	Index Only Scan using sbtest2_pkey on sbtest2  (cost=0.43..10.60 rows=108 width=4)
	  Index Cond: ((id >= 6422810) AND (id <= 6422910))

table 3 : explain SELECT id FROM sbtest3 WHERE id BETWEEN 6422810 AND 6422910
	Index Only Scan using sbtest3_pkey on sbtest3  (cost=0.43..10.42 rows=99 width=4)
	  Index Cond: ((id >= 6422810) AND (id <= 6422910))

table 4 : explain SELECT id FROM sbtest4 WHERE id BETWEEN 6422810 AND 6422910
	Index Only Scan using sbtest4_pkey on sbtest4  (cost=0.43..10.50 rows=103 width=4)
	  Index Cond: ((id >= 6422810) AND (id <= 6422910))

table 5 : explain SELECT id FROM sbtest5 WHERE id BETWEEN 6422810 AND 6422910
	Index Only Scan using sbtest5_pkey on sbtest5  (cost=0.43..10.44 rows=100 width=4)
	  Index Cond: ((id >= 6422810) AND (id <= 6422910))

table 6 : explain SELECT id FROM sbtest6 WHERE id BETWEEN 6422810 AND 6422910
	Index Only Scan using sbtest6_pkey on sbtest6  (cost=0.43..10.24 rows=90 width=4)
	  Index Cond: ((id >= 6422810) AND (id <= 6422910))

table 7 : explain SELECT id FROM sbtest7 WHERE id BETWEEN 6422810 AND 6422910
	Index Only Scan using sbtest7_pkey on sbtest7  (cost=0.43..10.46 rows=101 width=4)
	  Index Cond: ((id >= 6422810) AND (id <= 6422910))

table 8 : explain SELECT id FROM sbtest8 WHERE id BETWEEN 6422810 AND 6422910
	Index Only Scan using sbtest8_pkey on sbtest8  (cost=0.43..10.50 rows=103 width=4)
	  Index Cond: ((id >= 6422810) AND (id <= 6422910))

explain: for range-covered :: explain SELECT id FROM sbtest%d WHERE id BETWEEN 6422810 AND 6422910
for range-covered
table 1 : explain SELECT id FROM sbtest1 WHERE id BETWEEN 3694580 AND 3694680
	Index Only Scan using sbtest1_pkey on sbtest1  (cost=0.43..10.26 rows=91 width=4)
	  Index Cond: ((id >= 3694580) AND (id <= 3694680))

table 2 : explain SELECT id FROM sbtest2 WHERE id BETWEEN 3694580 AND 3694680
	Index Only Scan using sbtest2_pkey on sbtest2  (cost=0.43..10.50 rows=103 width=4)
	  Index Cond: ((id >= 3694580) AND (id <= 3694680))

table 3 : explain SELECT id FROM sbtest3 WHERE id BETWEEN 3694580 AND 3694680
	Index Only Scan using sbtest3_pkey on sbtest3  (cost=0.43..10.72 rows=114 width=4)
	  Index Cond: ((id >= 3694580) AND (id <= 3694680))

table 4 : explain SELECT id FROM sbtest4 WHERE id BETWEEN 3694580 AND 3694680
	Index Only Scan using sbtest4_pkey on sbtest4  (cost=0.43..10.51 rows=104 width=4)
	  Index Cond: ((id >= 3694580) AND (id <= 3694680))

table 5 : explain SELECT id FROM sbtest5 WHERE id BETWEEN 3694580 AND 3694680
	Index Only Scan using sbtest5_pkey on sbtest5  (cost=0.43..10.36 rows=96 width=4)
	  Index Cond: ((id >= 3694580) AND (id <= 3694680))

table 6 : explain SELECT id FROM sbtest6 WHERE id BETWEEN 3694580 AND 3694680
	Index Only Scan using sbtest6_pkey on sbtest6  (cost=0.43..10.58 rows=107 width=4)
	  Index Cond: ((id >= 3694580) AND (id <= 3694680))

table 7 : explain SELECT id FROM sbtest7 WHERE id BETWEEN 3694580 AND 3694680
	Index Only Scan using sbtest7_pkey on sbtest7  (cost=0.43..10.29 rows=93 width=4)
	  Index Cond: ((id >= 3694580) AND (id <= 3694680))

table 8 : explain SELECT id FROM sbtest8 WHERE id BETWEEN 3694580 AND 3694680
	Index Only Scan using sbtest8_pkey on sbtest8  (cost=0.43..10.44 rows=100 width=4)
	  Index Cond: ((id >= 3694580) AND (id <= 3694680))

explain: for range-covered :: explain SELECT id FROM sbtest%d WHERE id BETWEEN 3694580 AND 3694680
for range-covered
table 1 : explain SELECT id FROM sbtest1 WHERE id BETWEEN 3877830 AND 3877930
	Index Only Scan using sbtest1_pkey on sbtest1  (cost=0.43..10.29 rows=93 width=4)
	  Index Cond: ((id >= 3877830) AND (id <= 3877930))

table 2 : explain SELECT id FROM sbtest2 WHERE id BETWEEN 3877830 AND 3877930
	Index Only Scan using sbtest2_pkey on sbtest2  (cost=0.43..10.40 rows=98 width=4)
	  Index Cond: ((id >= 3877830) AND (id <= 3877930))

table 3 : explain SELECT id FROM sbtest3 WHERE id BETWEEN 3877830 AND 3877930
	Index Only Scan using sbtest3_pkey on sbtest3  (cost=0.43..10.28 rows=92 width=4)
	  Index Cond: ((id >= 3877830) AND (id <= 3877930))

table 4 : explain SELECT id FROM sbtest4 WHERE id BETWEEN 3877830 AND 3877930
	Index Only Scan using sbtest4_pkey on sbtest4  (cost=0.43..10.56 rows=106 width=4)
	  Index Cond: ((id >= 3877830) AND (id <= 3877930))

table 5 : explain SELECT id FROM sbtest5 WHERE id BETWEEN 3877830 AND 3877930
	Index Only Scan using sbtest5_pkey on sbtest5  (cost=0.43..10.70 rows=113 width=4)
	  Index Cond: ((id >= 3877830) AND (id <= 3877930))

table 6 : explain SELECT id FROM sbtest6 WHERE id BETWEEN 3877830 AND 3877930
	Index Only Scan using sbtest6_pkey on sbtest6  (cost=0.43..10.33 rows=95 width=4)
	  Index Cond: ((id >= 3877830) AND (id <= 3877930))

table 7 : explain SELECT id FROM sbtest7 WHERE id BETWEEN 3877830 AND 3877930
	Index Only Scan using sbtest7_pkey on sbtest7  (cost=0.43..10.46 rows=101 width=4)
	  Index Cond: ((id >= 3877830) AND (id <= 3877930))

table 8 : explain SELECT id FROM sbtest8 WHERE id BETWEEN 3877830 AND 3877930
	Index Only Scan using sbtest8_pkey on sbtest8  (cost=0.43..10.60 rows=108 width=4)
	  Index Cond: ((id >= 3877830) AND (id <= 3877930))

for range-covered
table 1 : explain SELECT id FROM sbtest1 WHERE id BETWEEN 4488544 AND 4488644
	Index Only Scan using sbtest1_pkey on sbtest1  (cost=0.43..10.33 rows=95 width=4)
	  Index Cond: ((id >= 4488544) AND (id <= 4488644))

table 2 : explain SELECT id FROM sbtest2 WHERE id BETWEEN 4488544 AND 4488644
	Index Only Scan using sbtest2_pkey on sbtest2  (cost=0.43..10.50 rows=103 width=4)
	  Index Cond: ((id >= 4488544) AND (id <= 4488644))

table 3 : explain SELECT id FROM sbtest3 WHERE id BETWEEN 4488544 AND 4488644
	Index Only Scan using sbtest3_pkey on sbtest3  (cost=0.43..10.40 rows=98 width=4)
	  Index Cond: ((id >= 4488544) AND (id <= 4488644))

table 4 : explain SELECT id FROM sbtest4 WHERE id BETWEEN 4488544 AND 4488644
	Index Only Scan using sbtest4_pkey on sbtest4  (cost=0.43..10.24 rows=90 width=4)
	  Index Cond: ((id >= 4488544) AND (id <= 4488644))

table 5 : explain SELECT id FROM sbtest5 WHERE id BETWEEN 4488544 AND 4488644
	Index Only Scan using sbtest5_pkey on sbtest5  (cost=0.43..10.36 rows=96 width=4)
	  Index Cond: ((id >= 4488544) AND (id <= 4488644))

table 6 : explain SELECT id FROM sbtest6 WHERE id BETWEEN 4488544 AND 4488644
	Index Only Scan using sbtest6_pkey on sbtest6  (cost=0.43..10.40 rows=98 width=4)
	  Index Cond: ((id >= 4488544) AND (id <= 4488644))

table 7 : explain SELECT id FROM sbtest7 WHERE id BETWEEN 4488544 AND 4488644
	Index Only Scan using sbtest7_pkey on sbtest7  (cost=0.43..10.42 rows=99 width=4)
	  Index Cond: ((id >= 4488544) AND (id <= 4488644))

table 8 : explain SELECT id FROM sbtest8 WHERE id BETWEEN 4488544 AND 4488644
	Index Only Scan using sbtest8_pkey on sbtest8  (cost=0.43..10.46 rows=101 width=4)
	  Index Cond: ((id >= 4488544) AND (id <= 4488644))

explain: for range-covered :: explain SELECT id FROM sbtest%d WHERE id BETWEEN 3877830 AND 3877930
explain: for range-covered :: explain SELECT id FROM sbtest%d WHERE id BETWEEN 4488544 AND 4488644
for range-covered
table 1 : explain SELECT id FROM sbtest1 WHERE id BETWEEN 6422810 AND 6422910
	Index Only Scan using sbtest1_pkey on sbtest1  (cost=0.43..10.36 rows=96 width=4)
	  Index Cond: ((id >= 6422810) AND (id <= 6422910))

table 2 : explain SELECT id FROM sbtest2 WHERE id BETWEEN 6422810 AND 6422910
	Index Only Scan using sbtest2_pkey on sbtest2  (cost=0.43..10.60 rows=108 width=4)
	  Index Cond: ((id >= 6422810) AND (id <= 6422910))

table 3 : explain SELECT id FROM sbtest3 WHERE id BETWEEN 6422810 AND 6422910
	Index Only Scan using sbtest3_pkey on sbtest3  (cost=0.43..10.42 rows=99 width=4)
	  Index Cond: ((id >= 6422810) AND (id <= 6422910))

table 4 : explain SELECT id FROM sbtest4 WHERE id BETWEEN 6422810 AND 6422910
	Index Only Scan using sbtest4_pkey on sbtest4  (cost=0.43..10.50 rows=103 width=4)
	  Index Cond: ((id >= 6422810) AND (id <= 6422910))

table 5 : explain SELECT id FROM sbtest5 WHERE id BETWEEN 6422810 AND 6422910
	Index Only Scan using sbtest5_pkey on sbtest5  (cost=0.43..10.44 rows=100 width=4)
	  Index Cond: ((id >= 6422810) AND (id <= 6422910))

table 6 : explain SELECT id FROM sbtest6 WHERE id BETWEEN 6422810 AND 6422910
	Index Only Scan using sbtest6_pkey on sbtest6  (cost=0.43..10.24 rows=90 width=4)
	  Index Cond: ((id >= 6422810) AND (id <= 6422910))

table 7 : explain SELECT id FROM sbtest7 WHERE id BETWEEN 6422810 AND 6422910
	Index Only Scan using sbtest7_pkey on sbtest7  (cost=0.43..10.46 rows=101 width=4)
	  Index Cond: ((id >= 6422810) AND (id <= 6422910))

table 8 : explain SELECT id FROM sbtest8 WHERE id BETWEEN 6422810 AND 6422910
	Index Only Scan using sbtest8_pkey on sbtest8  (cost=0.43..10.50 rows=103 width=4)
	  Index Cond: ((id >= 6422810) AND (id <= 6422910))

for range-covered
table 1 : explain SELECT id FROM sbtest1 WHERE id BETWEEN 7309123 AND 7309223
	Index Only Scan using sbtest1_pkey on sbtest1  (cost=0.43..10.47 rows=102 width=4)
	  Index Cond: ((id >= 7309123) AND (id <= 7309223))

table 2 : explain SELECT id FROM sbtest2 WHERE id BETWEEN 7309123 AND 7309223
	Index Only Scan using sbtest2_pkey on sbtest2  (cost=0.43..10.51 rows=104 width=4)
	  Index Cond: ((id >= 7309123) AND (id <= 7309223))

table 3 : explain SELECT id FROM sbtest3 WHERE id BETWEEN 7309123 AND 7309223
	Index Only Scan using sbtest3_pkey on sbtest3  (cost=0.43..10.46 rows=101 width=4)
	  Index Cond: ((id >= 7309123) AND (id <= 7309223))

table 4 : explain SELECT id FROM sbtest4 WHERE id BETWEEN 7309123 AND 7309223
	Index Only Scan using sbtest4_pkey on sbtest4  (cost=0.43..10.58 rows=107 width=4)
	  Index Cond: ((id >= 7309123) AND (id <= 7309223))

table 5 : explain SELECT id FROM sbtest5 WHERE id BETWEEN 7309123 AND 7309223
	Index Only Scan using sbtest5_pkey on sbtest5  (cost=0.43..10.60 rows=108 width=4)
	  Index Cond: ((id >= 7309123) AND (id <= 7309223))

table 6 : explain SELECT id FROM sbtest6 WHERE id BETWEEN 7309123 AND 7309223
	Index Only Scan using sbtest6_pkey on sbtest6  (cost=0.43..10.46 rows=101 width=4)
	  Index Cond: ((id >= 7309123) AND (id <= 7309223))

table 7 : explain SELECT id FROM sbtest7 WHERE id BETWEEN 7309123 AND 7309223
	Index Only Scan using sbtest7_pkey on sbtest7  (cost=0.43..10.33 rows=95 width=4)
	  Index Cond: ((id >= 7309123) AND (id <= 7309223))

table 8 : explain SELECT id FROM sbtest8 WHERE id BETWEEN 7309123 AND 7309223
	Index Only Scan using sbtest8_pkey on sbtest8  (cost=0.43..10.50 rows=103 width=4)
	  Index Cond: ((id >= 7309123) AND (id <= 7309223))

for range-covered
table 1 : explain SELECT id FROM sbtest1 WHERE id BETWEEN 4226748 AND 4226848
	Index Only Scan using sbtest1_pkey on sbtest1  (cost=0.43..10.70 rows=113 width=4)
	  Index Cond: ((id >= 4226748) AND (id <= 4226848))

table 2 : explain SELECT id FROM sbtest2 WHERE id BETWEEN 4226748 AND 4226848
	Index Only Scan using sbtest2_pkey on sbtest2  (cost=0.43..10.54 rows=105 width=4)
	  Index Cond: ((id >= 4226748) AND (id <= 4226848))

table 3 : explain SELECT id FROM sbtest3 WHERE id BETWEEN 4226748 AND 4226848
	Index Only Scan using sbtest3_pkey on sbtest3  (cost=0.43..10.40 rows=98 width=4)
	  Index Cond: ((id >= 4226748) AND (id <= 4226848))

table 4 : explain SELECT id FROM sbtest4 WHERE id BETWEEN 4226748 AND 4226848
	Index Only Scan using sbtest4_pkey on sbtest4  (cost=0.43..10.28 rows=92 width=4)
	  Index Cond: ((id >= 4226748) AND (id <= 4226848))

table 5 : explain SELECT id FROM sbtest5 WHERE id BETWEEN 4226748 AND 4226848
	Index Only Scan using sbtest5_pkey on sbtest5  (cost=0.43..10.28 rows=92 width=4)
	  Index Cond: ((id >= 4226748) AND (id <= 4226848))

table 6 : explain SELECT id FROM sbtest6 WHERE id BETWEEN 4226748 AND 4226848
	Index Only Scan using sbtest6_pkey on sbtest6  (cost=0.43..10.50 rows=103 width=4)
	  Index Cond: ((id >= 4226748) AND (id <= 4226848))

table 7 : explain SELECT id FROM sbtest7 WHERE id BETWEEN 4226748 AND 4226848
	Index Only Scan using sbtest7_pkey on sbtest7  (cost=0.43..10.50 rows=103 width=4)
	  Index Cond: ((id >= 4226748) AND (id <= 4226848))

table 8 : explain SELECT id FROM sbtest8 WHERE id BETWEEN 4226748 AND 4226848
	Index Only Scan using sbtest8_pkey on sbtest8  (cost=0.43..10.62 rows=109 width=4)
	  Index Cond: ((id >= 4226748) AND (id <= 4226848))

for range-covered
table 1 : explain SELECT id FROM sbtest1 WHERE id BETWEEN 3694580 AND 3694680
	Index Only Scan using sbtest1_pkey on sbtest1  (cost=0.43..10.26 rows=91 width=4)
	  Index Cond: ((id >= 3694580) AND (id <= 3694680))

table 2 : explain SELECT id FROM sbtest2 WHERE id BETWEEN 3694580 AND 3694680
	Index Only Scan using sbtest2_pkey on sbtest2  (cost=0.43..10.50 rows=103 width=4)
	  Index Cond: ((id >= 3694580) AND (id <= 3694680))

table 3 : explain SELECT id FROM sbtest3 WHERE id BETWEEN 3694580 AND 3694680
	Index Only Scan using sbtest3_pkey on sbtest3  (cost=0.43..10.72 rows=114 width=4)
	  Index Cond: ((id >= 3694580) AND (id <= 3694680))

table 4 : explain SELECT id FROM sbtest4 WHERE id BETWEEN 3694580 AND 3694680
	Index Only Scan using sbtest4_pkey on sbtest4  (cost=0.43..10.51 rows=104 width=4)
	  Index Cond: ((id >= 3694580) AND (id <= 3694680))

table 5 : explain SELECT id FROM sbtest5 WHERE id BETWEEN 3694580 AND 3694680
	Index Only Scan using sbtest5_pkey on sbtest5  (cost=0.43..10.36 rows=96 width=4)
	  Index Cond: ((id >= 3694580) AND (id <= 3694680))

table 6 : explain SELECT id FROM sbtest6 WHERE id BETWEEN 3694580 AND 3694680
	Index Only Scan using sbtest6_pkey on sbtest6  (cost=0.43..10.58 rows=107 width=4)
	  Index Cond: ((id >= 3694580) AND (id <= 3694680))

table 7 : explain SELECT id FROM sbtest7 WHERE id BETWEEN 3694580 AND 3694680
	Index Only Scan using sbtest7_pkey on sbtest7  (cost=0.43..10.29 rows=93 width=4)
	  Index Cond: ((id >= 3694580) AND (id <= 3694680))

table 8 : explain SELECT id FROM sbtest8 WHERE id BETWEEN 3694580 AND 3694680
	Index Only Scan using sbtest8_pkey on sbtest8  (cost=0.43..10.44 rows=100 width=4)
	  Index Cond: ((id >= 3694580) AND (id <= 3694680))

explain: for range-covered :: explain SELECT id FROM sbtest%d WHERE id BETWEEN 3694580 AND 3694680
explain: for range-covered :: explain SELECT id FROM sbtest%d WHERE id BETWEEN 4226748 AND 4226848
for range-covered
table 1 : explain SELECT id FROM sbtest1 WHERE id BETWEEN 3877830 AND 3877930
	Index Only Scan using sbtest1_pkey on sbtest1  (cost=0.43..10.29 rows=93 width=4)
	  Index Cond: ((id >= 3877830) AND (id <= 3877930))

table 2 : explain SELECT id FROM sbtest2 WHERE id BETWEEN 3877830 AND 3877930
	Index Only Scan using sbtest2_pkey on sbtest2  (cost=0.43..10.40 rows=98 width=4)
	  Index Cond: ((id >= 3877830) AND (id <= 3877930))

table 3 : explain SELECT id FROM sbtest3 WHERE id BETWEEN 3877830 AND 3877930
	Index Only Scan using sbtest3_pkey on sbtest3  (cost=0.43..10.28 rows=92 width=4)
	  Index Cond: ((id >= 3877830) AND (id <= 3877930))

table 4 : explain SELECT id FROM sbtest4 WHERE id BETWEEN 3877830 AND 3877930
	Index Only Scan using sbtest4_pkey on sbtest4  (cost=0.43..10.56 rows=106 width=4)
	  Index Cond: ((id >= 3877830) AND (id <= 3877930))

table 5 : explain SELECT id FROM sbtest5 WHERE id BETWEEN 3877830 AND 3877930
	Index Only Scan using sbtest5_pkey on sbtest5  (cost=0.43..10.70 rows=113 width=4)
	  Index Cond: ((id >= 3877830) AND (id <= 3877930))

table 6 : explain SELECT id FROM sbtest6 WHERE id BETWEEN 3877830 AND 3877930
	Index Only Scan using sbtest6_pkey on sbtest6  (cost=0.43..10.33 rows=95 width=4)
	  Index Cond: ((id >= 3877830) AND (id <= 3877930))

table 7 : explain SELECT id FROM sbtest7 WHERE id BETWEEN 3877830 AND 3877930
	Index Only Scan using sbtest7_pkey on sbtest7  (cost=0.43..10.46 rows=101 width=4)
	  Index Cond: ((id >= 3877830) AND (id <= 3877930))

table 8 : explain SELECT id FROM sbtest8 WHERE id BETWEEN 3877830 AND 3877930
	Index Only Scan using sbtest8_pkey on sbtest8  (cost=0.43..10.60 rows=108 width=4)
	  Index Cond: ((id >= 3877830) AND (id <= 3877930))

for range-covered
table 1 : explain SELECT id FROM sbtest1 WHERE id BETWEEN 4488544 AND 4488644
	Index Only Scan using sbtest1_pkey on sbtest1  (cost=0.43..10.33 rows=95 width=4)
	  Index Cond: ((id >= 4488544) AND (id <= 4488644))

table 2 : explain SELECT id FROM sbtest2 WHERE id BETWEEN 4488544 AND 4488644
	Index Only Scan using sbtest2_pkey on sbtest2  (cost=0.43..10.50 rows=103 width=4)
	  Index Cond: ((id >= 4488544) AND (id <= 4488644))

table 3 : explain SELECT id FROM sbtest3 WHERE id BETWEEN 4488544 AND 4488644
	Index Only Scan using sbtest3_pkey on sbtest3  (cost=0.43..10.40 rows=98 width=4)
	  Index Cond: ((id >= 4488544) AND (id <= 4488644))

table 4 : explain SELECT id FROM sbtest4 WHERE id BETWEEN 4488544 AND 4488644
	Index Only Scan using sbtest4_pkey on sbtest4  (cost=0.43..10.24 rows=90 width=4)
	  Index Cond: ((id >= 4488544) AND (id <= 4488644))

table 5 : explain SELECT id FROM sbtest5 WHERE id BETWEEN 4488544 AND 4488644
	Index Only Scan using sbtest5_pkey on sbtest5  (cost=0.43..10.36 rows=96 width=4)
	  Index Cond: ((id >= 4488544) AND (id <= 4488644))

table 6 : explain SELECT id FROM sbtest6 WHERE id BETWEEN 4488544 AND 4488644
	Index Only Scan using sbtest6_pkey on sbtest6  (cost=0.43..10.40 rows=98 width=4)
	  Index Cond: ((id >= 4488544) AND (id <= 4488644))

table 7 : explain SELECT id FROM sbtest7 WHERE id BETWEEN 4488544 AND 4488644
	Index Only Scan using sbtest7_pkey on sbtest7  (cost=0.43..10.42 rows=99 width=4)
	  Index Cond: ((id >= 4488544) AND (id <= 4488644))

table 8 : explain SELECT id FROM sbtest8 WHERE id BETWEEN 4488544 AND 4488644
	Index Only Scan using sbtest8_pkey on sbtest8  (cost=0.43..10.46 rows=101 width=4)
	  Index Cond: ((id >= 4488544) AND (id <= 4488644))

explain: for range-covered :: explain SELECT id FROM sbtest%d WHERE id BETWEEN 3877830 AND 3877930
explain: for range-covered :: explain SELECT id FROM sbtest%d WHERE id BETWEEN 4488544 AND 4488644
for range-covered
table 1 : explain SELECT id FROM sbtest1 WHERE id BETWEEN 2769102 AND 2769202
	Index Only Scan using sbtest1_pkey on sbtest1  (cost=0.43..10.50 rows=103 width=4)
	  Index Cond: ((id >= 2769102) AND (id <= 2769202))

table 2 : explain SELECT id FROM sbtest2 WHERE id BETWEEN 2769102 AND 2769202
	Index Only Scan using sbtest2_pkey on sbtest2  (cost=0.43..10.42 rows=99 width=4)
	  Index Cond: ((id >= 2769102) AND (id <= 2769202))

table 3 : explain SELECT id FROM sbtest3 WHERE id BETWEEN 2769102 AND 2769202
	Index Only Scan using sbtest3_pkey on sbtest3  (cost=0.43..10.51 rows=104 width=4)
	  Index Cond: ((id >= 2769102) AND (id <= 2769202))

table 4 : explain SELECT id FROM sbtest4 WHERE id BETWEEN 2769102 AND 2769202
	Index Only Scan using sbtest4_pkey on sbtest4  (cost=0.43..10.44 rows=100 width=4)
	  Index Cond: ((id >= 2769102) AND (id <= 2769202))

table 5 : explain SELECT id FROM sbtest5 WHERE id BETWEEN 2769102 AND 2769202
	Index Only Scan using sbtest5_pkey on sbtest5  (cost=0.43..10.54 rows=105 width=4)
	  Index Cond: ((id >= 2769102) AND (id <= 2769202))

table 6 : explain SELECT id FROM sbtest6 WHERE id BETWEEN 2769102 AND 2769202
	Index Only Scan using sbtest6_pkey on sbtest6  (cost=0.43..10.47 rows=102 width=4)
	  Index Cond: ((id >= 2769102) AND (id <= 2769202))

table 7 : explain SELECT id FROM sbtest7 WHERE id BETWEEN 2769102 AND 2769202
	Index Only Scan using sbtest7_pkey on sbtest7  (cost=0.43..10.47 rows=102 width=4)
	  Index Cond: ((id >= 2769102) AND (id <= 2769202))

table 8 : explain SELECT id FROM sbtest8 WHERE id BETWEEN 2769102 AND 2769202
	Index Only Scan using sbtest8_pkey on sbtest8  (cost=0.43..10.40 rows=98 width=4)
	  Index Cond: ((id >= 2769102) AND (id <= 2769202))

explain: for range-covered :: explain SELECT id FROM sbtest%d WHERE id BETWEEN 2769102 AND 2769202
for range-covered
table 1 : explain SELECT id FROM sbtest1 WHERE id BETWEEN 3694580 AND 3694680
	Index Only Scan using sbtest1_pkey on sbtest1  (cost=0.43..10.26 rows=91 width=4)
	  Index Cond: ((id >= 3694580) AND (id <= 3694680))

table 2 : explain SELECT id FROM sbtest2 WHERE id BETWEEN 3694580 AND 3694680
	Index Only Scan using sbtest2_pkey on sbtest2  (cost=0.43..10.50 rows=103 width=4)
	  Index Cond: ((id >= 3694580) AND (id <= 3694680))

table 3 : explain SELECT id FROM sbtest3 WHERE id BETWEEN 3694580 AND 3694680
	Index Only Scan using sbtest3_pkey on sbtest3  (cost=0.43..10.72 rows=114 width=4)
	  Index Cond: ((id >= 3694580) AND (id <= 3694680))

table 4 : explain SELECT id FROM sbtest4 WHERE id BETWEEN 3694580 AND 3694680
	Index Only Scan using sbtest4_pkey on sbtest4  (cost=0.43..10.51 rows=104 width=4)
	  Index Cond: ((id >= 3694580) AND (id <= 3694680))

table 5 : explain SELECT id FROM sbtest5 WHERE id BETWEEN 3694580 AND 3694680
	Index Only Scan using sbtest5_pkey on sbtest5  (cost=0.43..10.36 rows=96 width=4)
	  Index Cond: ((id >= 3694580) AND (id <= 3694680))

table 6 : explain SELECT id FROM sbtest6 WHERE id BETWEEN 3694580 AND 3694680
	Index Only Scan using sbtest6_pkey on sbtest6  (cost=0.43..10.58 rows=107 width=4)
	  Index Cond: ((id >= 3694580) AND (id <= 3694680))

table 7 : explain SELECT id FROM sbtest7 WHERE id BETWEEN 3694580 AND 3694680
	Index Only Scan using sbtest7_pkey on sbtest7  (cost=0.43..10.29 rows=93 width=4)
	  Index Cond: ((id >= 3694580) AND (id <= 3694680))

table 8 : explain SELECT id FROM sbtest8 WHERE id BETWEEN 3694580 AND 3694680
	Index Only Scan using sbtest8_pkey on sbtest8  (cost=0.43..10.44 rows=100 width=4)
	  Index Cond: ((id >= 3694580) AND (id <= 3694680))

explain: for range-covered :: explain SELECT id FROM sbtest%d WHERE id BETWEEN 3694580 AND 3694680
for range-covered
table 1 : explain SELECT id FROM sbtest1 WHERE id BETWEEN 3877830 AND 3877930
	Index Only Scan using sbtest1_pkey on sbtest1  (cost=0.43..10.29 rows=93 width=4)
	  Index Cond: ((id >= 3877830) AND (id <= 3877930))

table 2 : explain SELECT id FROM sbtest2 WHERE id BETWEEN 3877830 AND 3877930
	Index Only Scan using sbtest2_pkey on sbtest2  (cost=0.43..10.40 rows=98 width=4)
	  Index Cond: ((id >= 3877830) AND (id <= 3877930))

table 3 : explain SELECT id FROM sbtest3 WHERE id BETWEEN 3877830 AND 3877930
	Index Only Scan using sbtest3_pkey on sbtest3  (cost=0.43..10.28 rows=92 width=4)
	  Index Cond: ((id >= 3877830) AND (id <= 3877930))

table 4 : explain SELECT id FROM sbtest4 WHERE id BETWEEN 3877830 AND 3877930
	Index Only Scan using sbtest4_pkey on sbtest4  (cost=0.43..10.56 rows=106 width=4)
	  Index Cond: ((id >= 3877830) AND (id <= 3877930))

table 5 : explain SELECT id FROM sbtest5 WHERE id BETWEEN 3877830 AND 3877930
	Index Only Scan using sbtest5_pkey on sbtest5  (cost=0.43..10.70 rows=113 width=4)
	  Index Cond: ((id >= 3877830) AND (id <= 3877930))

table 6 : explain SELECT id FROM sbtest6 WHERE id BETWEEN 3877830 AND 3877930
	Index Only Scan using sbtest6_pkey on sbtest6  (cost=0.43..10.33 rows=95 width=4)
	  Index Cond: ((id >= 3877830) AND (id <= 3877930))

table 7 : explain SELECT id FROM sbtest7 WHERE id BETWEEN 3877830 AND 3877930
	Index Only Scan using sbtest7_pkey on sbtest7  (cost=0.43..10.46 rows=101 width=4)
	  Index Cond: ((id >= 3877830) AND (id <= 3877930))

table 8 : explain SELECT id FROM sbtest8 WHERE id BETWEEN 3877830 AND 3877930
	Index Only Scan using sbtest8_pkey on sbtest8  (cost=0.43..10.60 rows=108 width=4)
	  Index Cond: ((id >= 3877830) AND (id <= 3877930))

for range-covered
table 1 : explain SELECT id FROM sbtest1 WHERE id BETWEEN 4488544 AND 4488644
	Index Only Scan using sbtest1_pkey on sbtest1  (cost=0.43..10.33 rows=95 width=4)
	  Index Cond: ((id >= 4488544) AND (id <= 4488644))

table 2 : explain SELECT id FROM sbtest2 WHERE id BETWEEN 4488544 AND 4488644
	Index Only Scan using sbtest2_pkey on sbtest2  (cost=0.43..10.50 rows=103 width=4)
	  Index Cond: ((id >= 4488544) AND (id <= 4488644))

table 3 : explain SELECT id FROM sbtest3 WHERE id BETWEEN 4488544 AND 4488644
	Index Only Scan using sbtest3_pkey on sbtest3  (cost=0.43..10.40 rows=98 width=4)
	  Index Cond: ((id >= 4488544) AND (id <= 4488644))

table 4 : explain SELECT id FROM sbtest4 WHERE id BETWEEN 4488544 AND 4488644
	Index Only Scan using sbtest4_pkey on sbtest4  (cost=0.43..10.24 rows=90 width=4)
	  Index Cond: ((id >= 4488544) AND (id <= 4488644))

table 5 : explain SELECT id FROM sbtest5 WHERE id BETWEEN 4488544 AND 4488644
	Index Only Scan using sbtest5_pkey on sbtest5  (cost=0.43..10.36 rows=96 width=4)
	  Index Cond: ((id >= 4488544) AND (id <= 4488644))

table 6 : explain SELECT id FROM sbtest6 WHERE id BETWEEN 4488544 AND 4488644
	Index Only Scan using sbtest6_pkey on sbtest6  (cost=0.43..10.40 rows=98 width=4)
	  Index Cond: ((id >= 4488544) AND (id <= 4488644))

table 7 : explain SELECT id FROM sbtest7 WHERE id BETWEEN 4488544 AND 4488644
	Index Only Scan using sbtest7_pkey on sbtest7  (cost=0.43..10.42 rows=99 width=4)
	  Index Cond: ((id >= 4488544) AND (id <= 4488644))

table 8 : explain SELECT id FROM sbtest8 WHERE id BETWEEN 4488544 AND 4488644
	Index Only Scan using sbtest8_pkey on sbtest8  (cost=0.43..10.46 rows=101 width=4)
	  Index Cond: ((id >= 4488544) AND (id <= 4488644))

explain: for range-covered :: explain SELECT id FROM sbtest%d WHERE id BETWEEN 3877830 AND 3877930
explain: for range-covered :: explain SELECT id FROM sbtest%d WHERE id BETWEEN 4488544 AND 4488644
for range-covered
table 1 : explain SELECT id FROM sbtest1 WHERE id BETWEEN 4226748 AND 4226848
	Index Only Scan using sbtest1_pkey on sbtest1  (cost=0.43..10.70 rows=113 width=4)
	  Index Cond: ((id >= 4226748) AND (id <= 4226848))

table 2 : explain SELECT id FROM sbtest2 WHERE id BETWEEN 4226748 AND 4226848
	Index Only Scan using sbtest2_pkey on sbtest2  (cost=0.43..10.54 rows=105 width=4)
	  Index Cond: ((id >= 4226748) AND (id <= 4226848))

table 3 : explain SELECT id FROM sbtest3 WHERE id BETWEEN 4226748 AND 4226848
	Index Only Scan using sbtest3_pkey on sbtest3  (cost=0.43..10.40 rows=98 width=4)
	  Index Cond: ((id >= 4226748) AND (id <= 4226848))

table 4 : explain SELECT id FROM sbtest4 WHERE id BETWEEN 4226748 AND 4226848
	Index Only Scan using sbtest4_pkey on sbtest4  (cost=0.43..10.28 rows=92 width=4)
	  Index Cond: ((id >= 4226748) AND (id <= 4226848))

table 5 : explain SELECT id FROM sbtest5 WHERE id BETWEEN 4226748 AND 4226848
	Index Only Scan using sbtest5_pkey on sbtest5  (cost=0.43..10.28 rows=92 width=4)
	  Index Cond: ((id >= 4226748) AND (id <= 4226848))

table 6 : explain SELECT id FROM sbtest6 WHERE id BETWEEN 4226748 AND 4226848
	Index Only Scan using sbtest6_pkey on sbtest6  (cost=0.43..10.50 rows=103 width=4)
	  Index Cond: ((id >= 4226748) AND (id <= 4226848))

table 7 : explain SELECT id FROM sbtest7 WHERE id BETWEEN 4226748 AND 4226848
	Index Only Scan using sbtest7_pkey on sbtest7  (cost=0.43..10.50 rows=103 width=4)
	  Index Cond: ((id >= 4226748) AND (id <= 4226848))

table 8 : explain SELECT id FROM sbtest8 WHERE id BETWEEN 4226748 AND 4226848
	Index Only Scan using sbtest8_pkey on sbtest8  (cost=0.43..10.62 rows=109 width=4)
	  Index Cond: ((id >= 4226748) AND (id <= 4226848))

for range-covered
table 1 : explain SELECT id FROM sbtest1 WHERE id BETWEEN 5665200 AND 5665300
	Index Only Scan using sbtest1_pkey on sbtest1  (cost=0.43..10.33 rows=95 width=4)
	  Index Cond: ((id >= 5665200) AND (id <= 5665300))

table 2 : explain SELECT id FROM sbtest2 WHERE id BETWEEN 5665200 AND 5665300
	Index Only Scan using sbtest2_pkey on sbtest2  (cost=0.43..10.36 rows=96 width=4)
	  Index Cond: ((id >= 5665200) AND (id <= 5665300))

table 3 : explain SELECT id FROM sbtest3 WHERE id BETWEEN 5665200 AND 5665300
	Index Only Scan using sbtest3_pkey on sbtest3  (cost=0.43..10.40 rows=98 width=4)
	  Index Cond: ((id >= 5665200) AND (id <= 5665300))

table 4 : explain SELECT id FROM sbtest4 WHERE id BETWEEN 5665200 AND 5665300
	Index Only Scan using sbtest4_pkey on sbtest4  (cost=0.43..10.46 rows=101 width=4)
	  Index Cond: ((id >= 5665200) AND (id <= 5665300))

table 5 : explain SELECT id FROM sbtest5 WHERE id BETWEEN 5665200 AND 5665300
	Index Only Scan using sbtest5_pkey on sbtest5  (cost=0.43..10.54 rows=105 width=4)
	  Index Cond: ((id >= 5665200) AND (id <= 5665300))

table 6 : explain SELECT id FROM sbtest6 WHERE id BETWEEN 5665200 AND 5665300
	Index Only Scan using sbtest6_pkey on sbtest6  (cost=0.43..10.46 rows=101 width=4)
	  Index Cond: ((id >= 5665200) AND (id <= 5665300))

table 7 : explain SELECT id FROM sbtest7 WHERE id BETWEEN 5665200 AND 5665300
	Index Only Scan using sbtest7_pkey on sbtest7  (cost=0.43..10.36 rows=96 width=4)
	  Index Cond: ((id >= 5665200) AND (id <= 5665300))

table 8 : explain SELECT id FROM sbtest8 WHERE id BETWEEN 5665200 AND 5665300
	Index Only Scan using sbtest8_pkey on sbtest8  (cost=0.43..10.26 rows=91 width=4)
	  Index Cond: ((id >= 5665200) AND (id <= 5665300))

for range-covered
table 1 : explain SELECT id FROM sbtest1 WHERE id BETWEEN 3694580 AND 3694680
	Index Only Scan using sbtest1_pkey on sbtest1  (cost=0.43..10.26 rows=91 width=4)
	  Index Cond: ((id >= 3694580) AND (id <= 3694680))

table 2 : explain SELECT id FROM sbtest2 WHERE id BETWEEN 3694580 AND 3694680
	Index Only Scan using sbtest2_pkey on sbtest2  (cost=0.43..10.50 rows=103 width=4)
	  Index Cond: ((id >= 3694580) AND (id <= 3694680))

table 3 : explain SELECT id FROM sbtest3 WHERE id BETWEEN 3694580 AND 3694680
	Index Only Scan using sbtest3_pkey on sbtest3  (cost=0.43..10.72 rows=114 width=4)
	  Index Cond: ((id >= 3694580) AND (id <= 3694680))

table 4 : explain SELECT id FROM sbtest4 WHERE id BETWEEN 3694580 AND 3694680
	Index Only Scan using sbtest4_pkey on sbtest4  (cost=0.43..10.51 rows=104 width=4)
	  Index Cond: ((id >= 3694580) AND (id <= 3694680))

table 5 : explain SELECT id FROM sbtest5 WHERE id BETWEEN 3694580 AND 3694680
	Index Only Scan using sbtest5_pkey on sbtest5  (cost=0.43..10.36 rows=96 width=4)
	  Index Cond: ((id >= 3694580) AND (id <= 3694680))

table 6 : explain SELECT id FROM sbtest6 WHERE id BETWEEN 3694580 AND 3694680
	Index Only Scan using sbtest6_pkey on sbtest6  (cost=0.43..10.58 rows=107 width=4)
	  Index Cond: ((id >= 3694580) AND (id <= 3694680))

table 7 : explain SELECT id FROM sbtest7 WHERE id BETWEEN 3694580 AND 3694680
	Index Only Scan using sbtest7_pkey on sbtest7  (cost=0.43..10.29 rows=93 width=4)
	  Index Cond: ((id >= 3694580) AND (id <= 3694680))

table 8 : explain SELECT id FROM sbtest8 WHERE id BETWEEN 3694580 AND 3694680
	Index Only Scan using sbtest8_pkey on sbtest8  (cost=0.43..10.44 rows=100 width=4)
	  Index Cond: ((id >= 3694580) AND (id <= 3694680))

explain: for range-covered :: explain SELECT id FROM sbtest%d WHERE id BETWEEN 5665200 AND 5665300
explain: for range-covered :: explain SELECT id FROM sbtest%d WHERE id BETWEEN 3694580 AND 3694680
for range-covered
table 1 : explain SELECT id FROM sbtest1 WHERE id BETWEEN 3877830 AND 3877930
	Index Only Scan using sbtest1_pkey on sbtest1  (cost=0.43..10.29 rows=93 width=4)
	  Index Cond: ((id >= 3877830) AND (id <= 3877930))

table 2 : explain SELECT id FROM sbtest2 WHERE id BETWEEN 3877830 AND 3877930
	Index Only Scan using sbtest2_pkey on sbtest2  (cost=0.43..10.40 rows=98 width=4)
	  Index Cond: ((id >= 3877830) AND (id <= 3877930))

table 3 : explain SELECT id FROM sbtest3 WHERE id BETWEEN 3877830 AND 3877930
	Index Only Scan using sbtest3_pkey on sbtest3  (cost=0.43..10.28 rows=92 width=4)
	  Index Cond: ((id >= 3877830) AND (id <= 3877930))

table 4 : explain SELECT id FROM sbtest4 WHERE id BETWEEN 3877830 AND 3877930
	Index Only Scan using sbtest4_pkey on sbtest4  (cost=0.43..10.56 rows=106 width=4)
	  Index Cond: ((id >= 3877830) AND (id <= 3877930))

table 5 : explain SELECT id FROM sbtest5 WHERE id BETWEEN 3877830 AND 3877930
	Index Only Scan using sbtest5_pkey on sbtest5  (cost=0.43..10.70 rows=113 width=4)
	  Index Cond: ((id >= 3877830) AND (id <= 3877930))

table 6 : explain SELECT id FROM sbtest6 WHERE id BETWEEN 3877830 AND 3877930
	Index Only Scan using sbtest6_pkey on sbtest6  (cost=0.43..10.33 rows=95 width=4)
	  Index Cond: ((id >= 3877830) AND (id <= 3877930))

table 7 : explain SELECT id FROM sbtest7 WHERE id BETWEEN 3877830 AND 3877930
	Index Only Scan using sbtest7_pkey on sbtest7  (cost=0.43..10.46 rows=101 width=4)
	  Index Cond: ((id >= 3877830) AND (id <= 3877930))

table 8 : explain SELECT id FROM sbtest8 WHERE id BETWEEN 3877830 AND 3877930
	Index Only Scan using sbtest8_pkey on sbtest8  (cost=0.43..10.60 rows=108 width=4)
	  Index Cond: ((id >= 3877830) AND (id <= 3877930))

for range-covered
table 1 : explain SELECT id FROM sbtest1 WHERE id BETWEEN 4488544 AND 4488644
	Index Only Scan using sbtest1_pkey on sbtest1  (cost=0.43..10.33 rows=95 width=4)
	  Index Cond: ((id >= 4488544) AND (id <= 4488644))

table 2 : explain SELECT id FROM sbtest2 WHERE id BETWEEN 4488544 AND 4488644
	Index Only Scan using sbtest2_pkey on sbtest2  (cost=0.43..10.50 rows=103 width=4)
	  Index Cond: ((id >= 4488544) AND (id <= 4488644))

table 3 : explain SELECT id FROM sbtest3 WHERE id BETWEEN 4488544 AND 4488644
	Index Only Scan using sbtest3_pkey on sbtest3  (cost=0.43..10.40 rows=98 width=4)
	  Index Cond: ((id >= 4488544) AND (id <= 4488644))

table 4 : explain SELECT id FROM sbtest4 WHERE id BETWEEN 4488544 AND 4488644
	Index Only Scan using sbtest4_pkey on sbtest4  (cost=0.43..10.24 rows=90 width=4)
	  Index Cond: ((id >= 4488544) AND (id <= 4488644))

table 5 : explain SELECT id FROM sbtest5 WHERE id BETWEEN 4488544 AND 4488644
	Index Only Scan using sbtest5_pkey on sbtest5  (cost=0.43..10.36 rows=96 width=4)
	  Index Cond: ((id >= 4488544) AND (id <= 4488644))

table 6 : explain SELECT id FROM sbtest6 WHERE id BETWEEN 4488544 AND 4488644
	Index Only Scan using sbtest6_pkey on sbtest6  (cost=0.43..10.40 rows=98 width=4)
	  Index Cond: ((id >= 4488544) AND (id <= 4488644))

table 7 : explain SELECT id FROM sbtest7 WHERE id BETWEEN 4488544 AND 4488644
	Index Only Scan using sbtest7_pkey on sbtest7  (cost=0.43..10.42 rows=99 width=4)
	  Index Cond: ((id >= 4488544) AND (id <= 4488644))

table 8 : explain SELECT id FROM sbtest8 WHERE id BETWEEN 4488544 AND 4488644
	Index Only Scan using sbtest8_pkey on sbtest8  (cost=0.43..10.46 rows=101 width=4)
	  Index Cond: ((id >= 4488544) AND (id <= 4488644))

explain: for range-covered :: explain SELECT id FROM sbtest%d WHERE id BETWEEN 3877830 AND 3877930
explain: for range-covered :: explain SELECT id FROM sbtest%d WHERE id BETWEEN 4488544 AND 4488644
for range-covered
table 1 : explain SELECT id FROM sbtest1 WHERE id BETWEEN 2769102 AND 2769202
	Index Only Scan using sbtest1_pkey on sbtest1  (cost=0.43..10.50 rows=103 width=4)
	  Index Cond: ((id >= 2769102) AND (id <= 2769202))

table 2 : explain SELECT id FROM sbtest2 WHERE id BETWEEN 2769102 AND 2769202
	Index Only Scan using sbtest2_pkey on sbtest2  (cost=0.43..10.42 rows=99 width=4)
	  Index Cond: ((id >= 2769102) AND (id <= 2769202))

table 3 : explain SELECT id FROM sbtest3 WHERE id BETWEEN 2769102 AND 2769202
	Index Only Scan using sbtest3_pkey on sbtest3  (cost=0.43..10.51 rows=104 width=4)
	  Index Cond: ((id >= 2769102) AND (id <= 2769202))

table 4 : explain SELECT id FROM sbtest4 WHERE id BETWEEN 2769102 AND 2769202
	Index Only Scan using sbtest4_pkey on sbtest4  (cost=0.43..10.44 rows=100 width=4)
	  Index Cond: ((id >= 2769102) AND (id <= 2769202))

table 5 : explain SELECT id FROM sbtest5 WHERE id BETWEEN 2769102 AND 2769202
	Index Only Scan using sbtest5_pkey on sbtest5  (cost=0.43..10.54 rows=105 width=4)
	  Index Cond: ((id >= 2769102) AND (id <= 2769202))

table 6 : explain SELECT id FROM sbtest6 WHERE id BETWEEN 2769102 AND 2769202
	Index Only Scan using sbtest6_pkey on sbtest6  (cost=0.43..10.47 rows=102 width=4)
	  Index Cond: ((id >= 2769102) AND (id <= 2769202))

table 7 : explain SELECT id FROM sbtest7 WHERE id BETWEEN 2769102 AND 2769202
	Index Only Scan using sbtest7_pkey on sbtest7  (cost=0.43..10.47 rows=102 width=4)
	  Index Cond: ((id >= 2769102) AND (id <= 2769202))

table 8 : explain SELECT id FROM sbtest8 WHERE id BETWEEN 2769102 AND 2769202
	Index Only Scan using sbtest8_pkey on sbtest8  (cost=0.43..10.40 rows=98 width=4)
	  Index Cond: ((id >= 2769102) AND (id <= 2769202))

for range-covered
table 1 : explain SELECT id FROM sbtest1 WHERE id BETWEEN 3694580 AND 3694680
	Index Only Scan using sbtest1_pkey on sbtest1  (cost=0.43..10.26 rows=91 width=4)
	  Index Cond: ((id >= 3694580) AND (id <= 3694680))

table 2 : explain SELECT id FROM sbtest2 WHERE id BETWEEN 3694580 AND 3694680
	Index Only Scan using sbtest2_pkey on sbtest2  (cost=0.43..10.50 rows=103 width=4)
	  Index Cond: ((id >= 3694580) AND (id <= 3694680))

table 3 : explain SELECT id FROM sbtest3 WHERE id BETWEEN 3694580 AND 3694680
	Index Only Scan using sbtest3_pkey on sbtest3  (cost=0.43..10.72 rows=114 width=4)
	  Index Cond: ((id >= 3694580) AND (id <= 3694680))

table 4 : explain SELECT id FROM sbtest4 WHERE id BETWEEN 3694580 AND 3694680
	Index Only Scan using sbtest4_pkey on sbtest4  (cost=0.43..10.51 rows=104 width=4)
	  Index Cond: ((id >= 3694580) AND (id <= 3694680))

table 5 : explain SELECT id FROM sbtest5 WHERE id BETWEEN 3694580 AND 3694680
	Index Only Scan using sbtest5_pkey on sbtest5  (cost=0.43..10.36 rows=96 width=4)
	  Index Cond: ((id >= 3694580) AND (id <= 3694680))

table 6 : explain SELECT id FROM sbtest6 WHERE id BETWEEN 3694580 AND 3694680
	Index Only Scan using sbtest6_pkey on sbtest6  (cost=0.43..10.58 rows=107 width=4)
	  Index Cond: ((id >= 3694580) AND (id <= 3694680))

table 7 : explain SELECT id FROM sbtest7 WHERE id BETWEEN 3694580 AND 3694680
	Index Only Scan using sbtest7_pkey on sbtest7  (cost=0.43..10.29 rows=93 width=4)
	  Index Cond: ((id >= 3694580) AND (id <= 3694680))

table 8 : explain SELECT id FROM sbtest8 WHERE id BETWEEN 3694580 AND 3694680
	Index Only Scan using sbtest8_pkey on sbtest8  (cost=0.43..10.44 rows=100 width=4)
	  Index Cond: ((id >= 3694580) AND (id <= 3694680))

for range-covered
table 1 : explain SELECT id FROM sbtest1 WHERE id BETWEEN 5665200 AND 5665300
	Index Only Scan using sbtest1_pkey on sbtest1  (cost=0.43..10.33 rows=95 width=4)
	  Index Cond: ((id >= 5665200) AND (id <= 5665300))

table 2 : explain SELECT id FROM sbtest2 WHERE id BETWEEN 5665200 AND 5665300
	Index Only Scan using sbtest2_pkey on sbtest2  (cost=0.43..10.36 rows=96 width=4)
	  Index Cond: ((id >= 5665200) AND (id <= 5665300))

table 3 : explain SELECT id FROM sbtest3 WHERE id BETWEEN 5665200 AND 5665300
	Index Only Scan using sbtest3_pkey on sbtest3  (cost=0.43..10.40 rows=98 width=4)
	  Index Cond: ((id >= 5665200) AND (id <= 5665300))

table 4 : explain SELECT id FROM sbtest4 WHERE id BETWEEN 5665200 AND 5665300
	Index Only Scan using sbtest4_pkey on sbtest4  (cost=0.43..10.46 rows=101 width=4)
	  Index Cond: ((id >= 5665200) AND (id <= 5665300))

table 5 : explain SELECT id FROM sbtest5 WHERE id BETWEEN 5665200 AND 5665300
	Index Only Scan using sbtest5_pkey on sbtest5  (cost=0.43..10.54 rows=105 width=4)
	  Index Cond: ((id >= 5665200) AND (id <= 5665300))

table 6 : explain SELECT id FROM sbtest6 WHERE id BETWEEN 5665200 AND 5665300
	Index Only Scan using sbtest6_pkey on sbtest6  (cost=0.43..10.46 rows=101 width=4)
	  Index Cond: ((id >= 5665200) AND (id <= 5665300))

table 7 : explain SELECT id FROM sbtest7 WHERE id BETWEEN 5665200 AND 5665300
	Index Only Scan using sbtest7_pkey on sbtest7  (cost=0.43..10.36 rows=96 width=4)
	  Index Cond: ((id >= 5665200) AND (id <= 5665300))

table 8 : explain SELECT id FROM sbtest8 WHERE id BETWEEN 5665200 AND 5665300
	Index Only Scan using sbtest8_pkey on sbtest8  (cost=0.43..10.26 rows=91 width=4)
	  Index Cond: ((id >= 5665200) AND (id <= 5665300))

explain: for range-covered :: explain SELECT id FROM sbtest%d WHERE id BETWEEN 3694580 AND 3694680
explain: for range-covered :: explain SELECT id FROM sbtest%d WHERE id BETWEEN 5665200 AND 5665300
for range-covered
table 1 : explain SELECT id FROM sbtest1 WHERE id BETWEEN 3877830 AND 3877930
	Index Only Scan using sbtest1_pkey on sbtest1  (cost=0.43..10.29 rows=93 width=4)
	  Index Cond: ((id >= 3877830) AND (id <= 3877930))

table 2 : explain SELECT id FROM sbtest2 WHERE id BETWEEN 3877830 AND 3877930
	Index Only Scan using sbtest2_pkey on sbtest2  (cost=0.43..10.40 rows=98 width=4)
	  Index Cond: ((id >= 3877830) AND (id <= 3877930))

table 3 : explain SELECT id FROM sbtest3 WHERE id BETWEEN 3877830 AND 3877930
	Index Only Scan using sbtest3_pkey on sbtest3  (cost=0.43..10.28 rows=92 width=4)
	  Index Cond: ((id >= 3877830) AND (id <= 3877930))

table 4 : explain SELECT id FROM sbtest4 WHERE id BETWEEN 3877830 AND 3877930
	Index Only Scan using sbtest4_pkey on sbtest4  (cost=0.43..10.56 rows=106 width=4)
	  Index Cond: ((id >= 3877830) AND (id <= 3877930))

table 5 : explain SELECT id FROM sbtest5 WHERE id BETWEEN 3877830 AND 3877930
	Index Only Scan using sbtest5_pkey on sbtest5  (cost=0.43..10.70 rows=113 width=4)
	  Index Cond: ((id >= 3877830) AND (id <= 3877930))

table 6 : explain SELECT id FROM sbtest6 WHERE id BETWEEN 3877830 AND 3877930
	Index Only Scan using sbtest6_pkey on sbtest6  (cost=0.43..10.33 rows=95 width=4)
	  Index Cond: ((id >= 3877830) AND (id <= 3877930))

table 7 : explain SELECT id FROM sbtest7 WHERE id BETWEEN 3877830 AND 3877930
	Index Only Scan using sbtest7_pkey on sbtest7  (cost=0.43..10.46 rows=101 width=4)
	  Index Cond: ((id >= 3877830) AND (id <= 3877930))

table 8 : explain SELECT id FROM sbtest8 WHERE id BETWEEN 3877830 AND 3877930
	Index Only Scan using sbtest8_pkey on sbtest8  (cost=0.43..10.60 rows=108 width=4)
	  Index Cond: ((id >= 3877830) AND (id <= 3877930))

for range-covered
table 1 : explain SELECT id FROM sbtest1 WHERE id BETWEEN 4488544 AND 4488644
	Index Only Scan using sbtest1_pkey on sbtest1  (cost=0.43..10.33 rows=95 width=4)
	  Index Cond: ((id >= 4488544) AND (id <= 4488644))

table 2 : explain SELECT id FROM sbtest2 WHERE id BETWEEN 4488544 AND 4488644
	Index Only Scan using sbtest2_pkey on sbtest2  (cost=0.43..10.50 rows=103 width=4)
	  Index Cond: ((id >= 4488544) AND (id <= 4488644))

table 3 : explain SELECT id FROM sbtest3 WHERE id BETWEEN 4488544 AND 4488644
	Index Only Scan using sbtest3_pkey on sbtest3  (cost=0.43..10.40 rows=98 width=4)
	  Index Cond: ((id >= 4488544) AND (id <= 4488644))

table 4 : explain SELECT id FROM sbtest4 WHERE id BETWEEN 4488544 AND 4488644
	Index Only Scan using sbtest4_pkey on sbtest4  (cost=0.43..10.24 rows=90 width=4)
	  Index Cond: ((id >= 4488544) AND (id <= 4488644))

table 5 : explain SELECT id FROM sbtest5 WHERE id BETWEEN 4488544 AND 4488644
	Index Only Scan using sbtest5_pkey on sbtest5  (cost=0.43..10.36 rows=96 width=4)
	  Index Cond: ((id >= 4488544) AND (id <= 4488644))

table 6 : explain SELECT id FROM sbtest6 WHERE id BETWEEN 4488544 AND 4488644
	Index Only Scan using sbtest6_pkey on sbtest6  (cost=0.43..10.40 rows=98 width=4)
	  Index Cond: ((id >= 4488544) AND (id <= 4488644))

table 7 : explain SELECT id FROM sbtest7 WHERE id BETWEEN 4488544 AND 4488644
	Index Only Scan using sbtest7_pkey on sbtest7  (cost=0.43..10.42 rows=99 width=4)
	  Index Cond: ((id >= 4488544) AND (id <= 4488644))

table 8 : explain SELECT id FROM sbtest8 WHERE id BETWEEN 4488544 AND 4488644
	Index Only Scan using sbtest8_pkey on sbtest8  (cost=0.43..10.46 rows=101 width=4)
	  Index Cond: ((id >= 4488544) AND (id <= 4488644))

explain: for range-covered :: explain SELECT id FROM sbtest%d WHERE id BETWEEN 4488544 AND 4488644
for range-covered
table 1 : explain SELECT id FROM sbtest1 WHERE id BETWEEN 3694580 AND 3694680
	Index Only Scan using sbtest1_pkey on sbtest1  (cost=0.43..10.26 rows=91 width=4)
	  Index Cond: ((id >= 3694580) AND (id <= 3694680))

table 2 : explain SELECT id FROM sbtest2 WHERE id BETWEEN 3694580 AND 3694680
	Index Only Scan using sbtest2_pkey on sbtest2  (cost=0.43..10.50 rows=103 width=4)
	  Index Cond: ((id >= 3694580) AND (id <= 3694680))

table 3 : explain SELECT id FROM sbtest3 WHERE id BETWEEN 3694580 AND 3694680
	Index Only Scan using sbtest3_pkey on sbtest3  (cost=0.43..10.72 rows=114 width=4)
	  Index Cond: ((id >= 3694580) AND (id <= 3694680))

table 4 : explain SELECT id FROM sbtest4 WHERE id BETWEEN 3694580 AND 3694680
	Index Only Scan using sbtest4_pkey on sbtest4  (cost=0.43..10.51 rows=104 width=4)
	  Index Cond: ((id >= 3694580) AND (id <= 3694680))

table 5 : explain SELECT id FROM sbtest5 WHERE id BETWEEN 3694580 AND 3694680
	Index Only Scan using sbtest5_pkey on sbtest5  (cost=0.43..10.36 rows=96 width=4)
	  Index Cond: ((id >= 3694580) AND (id <= 3694680))

table 6 : explain SELECT id FROM sbtest6 WHERE id BETWEEN 3694580 AND 3694680
	Index Only Scan using sbtest6_pkey on sbtest6  (cost=0.43..10.58 rows=107 width=4)
	  Index Cond: ((id >= 3694580) AND (id <= 3694680))

table 7 : explain SELECT id FROM sbtest7 WHERE id BETWEEN 3694580 AND 3694680
	Index Only Scan using sbtest7_pkey on sbtest7  (cost=0.43..10.29 rows=93 width=4)
	  Index Cond: ((id >= 3694580) AND (id <= 3694680))

table 8 : explain SELECT id FROM sbtest8 WHERE id BETWEEN 3694580 AND 3694680
	Index Only Scan using sbtest8_pkey on sbtest8  (cost=0.43..10.44 rows=100 width=4)
	  Index Cond: ((id >= 3694580) AND (id <= 3694680))

for range-covered
table 1 : explain SELECT id FROM sbtest1 WHERE id BETWEEN 5665200 AND 5665300
	Index Only Scan using sbtest1_pkey on sbtest1  (cost=0.43..10.33 rows=95 width=4)
	  Index Cond: ((id >= 5665200) AND (id <= 5665300))

table 2 : explain SELECT id FROM sbtest2 WHERE id BETWEEN 5665200 AND 5665300
	Index Only Scan using sbtest2_pkey on sbtest2  (cost=0.43..10.36 rows=96 width=4)
	  Index Cond: ((id >= 5665200) AND (id <= 5665300))

table 3 : explain SELECT id FROM sbtest3 WHERE id BETWEEN 5665200 AND 5665300
	Index Only Scan using sbtest3_pkey on sbtest3  (cost=0.43..10.40 rows=98 width=4)
	  Index Cond: ((id >= 5665200) AND (id <= 5665300))

table 4 : explain SELECT id FROM sbtest4 WHERE id BETWEEN 5665200 AND 5665300
	Index Only Scan using sbtest4_pkey on sbtest4  (cost=0.43..10.46 rows=101 width=4)
	  Index Cond: ((id >= 5665200) AND (id <= 5665300))

table 5 : explain SELECT id FROM sbtest5 WHERE id BETWEEN 5665200 AND 5665300
	Index Only Scan using sbtest5_pkey on sbtest5  (cost=0.43..10.54 rows=105 width=4)
	  Index Cond: ((id >= 5665200) AND (id <= 5665300))

table 6 : explain SELECT id FROM sbtest6 WHERE id BETWEEN 5665200 AND 5665300
	Index Only Scan using sbtest6_pkey on sbtest6  (cost=0.43..10.46 rows=101 width=4)
	  Index Cond: ((id >= 5665200) AND (id <= 5665300))

table 7 : explain SELECT id FROM sbtest7 WHERE id BETWEEN 5665200 AND 5665300
	Index Only Scan using sbtest7_pkey on sbtest7  (cost=0.43..10.36 rows=96 width=4)
	  Index Cond: ((id >= 5665200) AND (id <= 5665300))

table 8 : explain SELECT id FROM sbtest8 WHERE id BETWEEN 5665200 AND 5665300
	Index Only Scan using sbtest8_pkey on sbtest8  (cost=0.43..10.26 rows=91 width=4)
	  Index Cond: ((id >= 5665200) AND (id <= 5665300))

explain: for range-covered :: explain SELECT id FROM sbtest%d WHERE id BETWEEN 3694580 AND 3694680
explain: for range-covered :: explain SELECT id FROM sbtest%d WHERE id BETWEEN 5665200 AND 5665300
for range-covered
table 1 : explain SELECT id FROM sbtest1 WHERE id BETWEEN 4488544 AND 4488644
	Index Only Scan using sbtest1_pkey on sbtest1  (cost=0.43..10.33 rows=95 width=4)
	  Index Cond: ((id >= 4488544) AND (id <= 4488644))

table 2 : explain SELECT id FROM sbtest2 WHERE id BETWEEN 4488544 AND 4488644
	Index Only Scan using sbtest2_pkey on sbtest2  (cost=0.43..10.50 rows=103 width=4)
	  Index Cond: ((id >= 4488544) AND (id <= 4488644))

table 3 : explain SELECT id FROM sbtest3 WHERE id BETWEEN 4488544 AND 4488644
	Index Only Scan using sbtest3_pkey on sbtest3  (cost=0.43..10.40 rows=98 width=4)
	  Index Cond: ((id >= 4488544) AND (id <= 4488644))

table 4 : explain SELECT id FROM sbtest4 WHERE id BETWEEN 4488544 AND 4488644
	Index Only Scan using sbtest4_pkey on sbtest4  (cost=0.43..10.24 rows=90 width=4)
	  Index Cond: ((id >= 4488544) AND (id <= 4488644))

table 5 : explain SELECT id FROM sbtest5 WHERE id BETWEEN 4488544 AND 4488644
	Index Only Scan using sbtest5_pkey on sbtest5  (cost=0.43..10.36 rows=96 width=4)
	  Index Cond: ((id >= 4488544) AND (id <= 4488644))

table 6 : explain SELECT id FROM sbtest6 WHERE id BETWEEN 4488544 AND 4488644
	Index Only Scan using sbtest6_pkey on sbtest6  (cost=0.43..10.40 rows=98 width=4)
	  Index Cond: ((id >= 4488544) AND (id <= 4488644))

table 7 : explain SELECT id FROM sbtest7 WHERE id BETWEEN 4488544 AND 4488644
	Index Only Scan using sbtest7_pkey on sbtest7  (cost=0.43..10.42 rows=99 width=4)
	  Index Cond: ((id >= 4488544) AND (id <= 4488644))

table 8 : explain SELECT id FROM sbtest8 WHERE id BETWEEN 4488544 AND 4488644
	Index Only Scan using sbtest8_pkey on sbtest8  (cost=0.43..10.46 rows=101 width=4)
	  Index Cond: ((id >= 4488544) AND (id <= 4488644))

for range-covered
table 1 : explain SELECT id FROM sbtest1 WHERE id BETWEEN 5665200 AND 5665300
	Index Only Scan using sbtest1_pkey on sbtest1  (cost=0.43..10.33 rows=95 width=4)
	  Index Cond: ((id >= 5665200) AND (id <= 5665300))

table 2 : explain SELECT id FROM sbtest2 WHERE id BETWEEN 5665200 AND 5665300
	Index Only Scan using sbtest2_pkey on sbtest2  (cost=0.43..10.36 rows=96 width=4)
	  Index Cond: ((id >= 5665200) AND (id <= 5665300))

table 3 : explain SELECT id FROM sbtest3 WHERE id BETWEEN 5665200 AND 5665300
	Index Only Scan using sbtest3_pkey on sbtest3  (cost=0.43..10.40 rows=98 width=4)
	  Index Cond: ((id >= 5665200) AND (id <= 5665300))

table 4 : explain SELECT id FROM sbtest4 WHERE id BETWEEN 5665200 AND 5665300
	Index Only Scan using sbtest4_pkey on sbtest4  (cost=0.43..10.46 rows=101 width=4)
	  Index Cond: ((id >= 5665200) AND (id <= 5665300))

table 5 : explain SELECT id FROM sbtest5 WHERE id BETWEEN 5665200 AND 5665300
	Index Only Scan using sbtest5_pkey on sbtest5  (cost=0.43..10.54 rows=105 width=4)
	  Index Cond: ((id >= 5665200) AND (id <= 5665300))

table 6 : explain SELECT id FROM sbtest6 WHERE id BETWEEN 5665200 AND 5665300
	Index Only Scan using sbtest6_pkey on sbtest6  (cost=0.43..10.46 rows=101 width=4)
	  Index Cond: ((id >= 5665200) AND (id <= 5665300))

table 7 : explain SELECT id FROM sbtest7 WHERE id BETWEEN 5665200 AND 5665300
	Index Only Scan using sbtest7_pkey on sbtest7  (cost=0.43..10.36 rows=96 width=4)
	  Index Cond: ((id >= 5665200) AND (id <= 5665300))

table 8 : explain SELECT id FROM sbtest8 WHERE id BETWEEN 5665200 AND 5665300
	Index Only Scan using sbtest8_pkey on sbtest8  (cost=0.43..10.26 rows=91 width=4)
	  Index Cond: ((id >= 5665200) AND (id <= 5665300))

for range-covered
table 1 : explain SELECT id FROM sbtest1 WHERE id BETWEEN 3694580 AND 3694680
	Index Only Scan using sbtest1_pkey on sbtest1  (cost=0.43..10.26 rows=91 width=4)
	  Index Cond: ((id >= 3694580) AND (id <= 3694680))

table 2 : explain SELECT id FROM sbtest2 WHERE id BETWEEN 3694580 AND 3694680
	Index Only Scan using sbtest2_pkey on sbtest2  (cost=0.43..10.50 rows=103 width=4)
	  Index Cond: ((id >= 3694580) AND (id <= 3694680))

table 3 : explain SELECT id FROM sbtest3 WHERE id BETWEEN 3694580 AND 3694680
	Index Only Scan using sbtest3_pkey on sbtest3  (cost=0.43..10.72 rows=114 width=4)
	  Index Cond: ((id >= 3694580) AND (id <= 3694680))

table 4 : explain SELECT id FROM sbtest4 WHERE id BETWEEN 3694580 AND 3694680
	Index Only Scan using sbtest4_pkey on sbtest4  (cost=0.43..10.51 rows=104 width=4)
	  Index Cond: ((id >= 3694580) AND (id <= 3694680))

table 5 : explain SELECT id FROM sbtest5 WHERE id BETWEEN 3694580 AND 3694680
	Index Only Scan using sbtest5_pkey on sbtest5  (cost=0.43..10.36 rows=96 width=4)
	  Index Cond: ((id >= 3694580) AND (id <= 3694680))

table 6 : explain SELECT id FROM sbtest6 WHERE id BETWEEN 3694580 AND 3694680
	Index Only Scan using sbtest6_pkey on sbtest6  (cost=0.43..10.58 rows=107 width=4)
	  Index Cond: ((id >= 3694580) AND (id <= 3694680))

table 7 : explain SELECT id FROM sbtest7 WHERE id BETWEEN 3694580 AND 3694680
	Index Only Scan using sbtest7_pkey on sbtest7  (cost=0.43..10.29 rows=93 width=4)
	  Index Cond: ((id >= 3694580) AND (id <= 3694680))

table 8 : explain SELECT id FROM sbtest8 WHERE id BETWEEN 3694580 AND 3694680
	Index Only Scan using sbtest8_pkey on sbtest8  (cost=0.43..10.44 rows=100 width=4)
	  Index Cond: ((id >= 3694580) AND (id <= 3694680))

explain: for range-covered :: explain SELECT id FROM sbtest%d WHERE id BETWEEN 5665200 AND 5665300
for range-covered
table 1 : explain SELECT id FROM sbtest1 WHERE id BETWEEN 5665200 AND 5665300
	Index Only Scan using sbtest1_pkey on sbtest1  (cost=0.43..10.33 rows=95 width=4)
	  Index Cond: ((id >= 5665200) AND (id <= 5665300))

table 2 : explain SELECT id FROM sbtest2 WHERE id BETWEEN 5665200 AND 5665300
	Index Only Scan using sbtest2_pkey on sbtest2  (cost=0.43..10.36 rows=96 width=4)
	  Index Cond: ((id >= 5665200) AND (id <= 5665300))

table 3 : explain SELECT id FROM sbtest3 WHERE id BETWEEN 5665200 AND 5665300
	Index Only Scan using sbtest3_pkey on sbtest3  (cost=0.43..10.40 rows=98 width=4)
	  Index Cond: ((id >= 5665200) AND (id <= 5665300))

table 4 : explain SELECT id FROM sbtest4 WHERE id BETWEEN 5665200 AND 5665300
	Index Only Scan using sbtest4_pkey on sbtest4  (cost=0.43..10.46 rows=101 width=4)
	  Index Cond: ((id >= 5665200) AND (id <= 5665300))

table 5 : explain SELECT id FROM sbtest5 WHERE id BETWEEN 5665200 AND 5665300
	Index Only Scan using sbtest5_pkey on sbtest5  (cost=0.43..10.54 rows=105 width=4)
	  Index Cond: ((id >= 5665200) AND (id <= 5665300))

table 6 : explain SELECT id FROM sbtest6 WHERE id BETWEEN 5665200 AND 5665300
	Index Only Scan using sbtest6_pkey on sbtest6  (cost=0.43..10.46 rows=101 width=4)
	  Index Cond: ((id >= 5665200) AND (id <= 5665300))

table 7 : explain SELECT id FROM sbtest7 WHERE id BETWEEN 5665200 AND 5665300
	Index Only Scan using sbtest7_pkey on sbtest7  (cost=0.43..10.36 rows=96 width=4)
	  Index Cond: ((id >= 5665200) AND (id <= 5665300))

table 8 : explain SELECT id FROM sbtest8 WHERE id BETWEEN 5665200 AND 5665300
	Index Only Scan using sbtest8_pkey on sbtest8  (cost=0.43..10.26 rows=91 width=4)
	  Index Cond: ((id >= 5665200) AND (id <= 5665300))

explain: for range-covered :: explain SELECT id FROM sbtest%d WHERE id BETWEEN 3193871 AND 3193971
explain: for range-covered :: explain SELECT id FROM sbtest%d WHERE id BETWEEN 5665200 AND 5665300
explain: for range-covered :: explain SELECT id FROM sbtest%d WHERE id BETWEEN 887206 AND 887306
for range-covered
table 1 : explain SELECT id FROM sbtest1 WHERE id BETWEEN 5665200 AND 5665300
	Index Only Scan using sbtest1_pkey on sbtest1  (cost=0.43..10.33 rows=95 width=4)
	  Index Cond: ((id >= 5665200) AND (id <= 5665300))

table 2 : explain SELECT id FROM sbtest2 WHERE id BETWEEN 5665200 AND 5665300
	Index Only Scan using sbtest2_pkey on sbtest2  (cost=0.43..10.36 rows=96 width=4)
	  Index Cond: ((id >= 5665200) AND (id <= 5665300))

table 3 : explain SELECT id FROM sbtest3 WHERE id BETWEEN 5665200 AND 5665300
	Index Only Scan using sbtest3_pkey on sbtest3  (cost=0.43..10.40 rows=98 width=4)
	  Index Cond: ((id >= 5665200) AND (id <= 5665300))

table 4 : explain SELECT id FROM sbtest4 WHERE id BETWEEN 5665200 AND 5665300
	Index Only Scan using sbtest4_pkey on sbtest4  (cost=0.43..10.46 rows=101 width=4)
	  Index Cond: ((id >= 5665200) AND (id <= 5665300))

table 5 : explain SELECT id FROM sbtest5 WHERE id BETWEEN 5665200 AND 5665300
	Index Only Scan using sbtest5_pkey on sbtest5  (cost=0.43..10.54 rows=105 width=4)
	  Index Cond: ((id >= 5665200) AND (id <= 5665300))

table 6 : explain SELECT id FROM sbtest6 WHERE id BETWEEN 5665200 AND 5665300
	Index Only Scan using sbtest6_pkey on sbtest6  (cost=0.43..10.46 rows=101 width=4)
	  Index Cond: ((id >= 5665200) AND (id <= 5665300))

table 7 : explain SELECT id FROM sbtest7 WHERE id BETWEEN 5665200 AND 5665300
	Index Only Scan using sbtest7_pkey on sbtest7  (cost=0.43..10.36 rows=96 width=4)
	  Index Cond: ((id >= 5665200) AND (id <= 5665300))

table 8 : explain SELECT id FROM sbtest8 WHERE id BETWEEN 5665200 AND 5665300
	Index Only Scan using sbtest8_pkey on sbtest8  (cost=0.43..10.26 rows=91 width=4)
	  Index Cond: ((id >= 5665200) AND (id <= 5665300))

explain: for range-covered :: explain SELECT id FROM sbtest%d WHERE id BETWEEN 5665200 AND 5665300
explain: for range-covered :: explain SELECT id FROM sbtest%d WHERE id BETWEEN 6355475 AND 6355575
explain: for range-covered :: explain SELECT id FROM sbtest%d WHERE id BETWEEN 2591027 AND 2591127
for range-covered
table 1 : explain SELECT id FROM sbtest1 WHERE id BETWEEN 5665200 AND 5665300
	Index Only Scan using sbtest1_pkey on sbtest1  (cost=0.43..10.33 rows=95 width=4)
	  Index Cond: ((id >= 5665200) AND (id <= 5665300))

table 2 : explain SELECT id FROM sbtest2 WHERE id BETWEEN 5665200 AND 5665300
	Index Only Scan using sbtest2_pkey on sbtest2  (cost=0.43..10.36 rows=96 width=4)
	  Index Cond: ((id >= 5665200) AND (id <= 5665300))

table 3 : explain SELECT id FROM sbtest3 WHERE id BETWEEN 5665200 AND 5665300
	Index Only Scan using sbtest3_pkey on sbtest3  (cost=0.43..10.40 rows=98 width=4)
	  Index Cond: ((id >= 5665200) AND (id <= 5665300))

table 4 : explain SELECT id FROM sbtest4 WHERE id BETWEEN 5665200 AND 5665300
	Index Only Scan using sbtest4_pkey on sbtest4  (cost=0.43..10.46 rows=101 width=4)
	  Index Cond: ((id >= 5665200) AND (id <= 5665300))

table 5 : explain SELECT id FROM sbtest5 WHERE id BETWEEN 5665200 AND 5665300
	Index Only Scan using sbtest5_pkey on sbtest5  (cost=0.43..10.54 rows=105 width=4)
	  Index Cond: ((id >= 5665200) AND (id <= 5665300))

table 6 : explain SELECT id FROM sbtest6 WHERE id BETWEEN 5665200 AND 5665300
	Index Only Scan using sbtest6_pkey on sbtest6  (cost=0.43..10.46 rows=101 width=4)
	  Index Cond: ((id >= 5665200) AND (id <= 5665300))

table 7 : explain SELECT id FROM sbtest7 WHERE id BETWEEN 5665200 AND 5665300
	Index Only Scan using sbtest7_pkey on sbtest7  (cost=0.43..10.36 rows=96 width=4)
	  Index Cond: ((id >= 5665200) AND (id <= 5665300))

table 8 : explain SELECT id FROM sbtest8 WHERE id BETWEEN 5665200 AND 5665300
	Index Only Scan using sbtest8_pkey on sbtest8  (cost=0.43..10.26 rows=91 width=4)
	  Index Cond: ((id >= 5665200) AND (id <= 5665300))

explain: for range-covered :: explain SELECT id FROM sbtest%d WHERE id BETWEEN 7231703 AND 7231803
explain: for range-covered :: explain SELECT id FROM sbtest%d WHERE id BETWEEN 5665200 AND 5665300
for range-covered
table 1 : explain SELECT id FROM sbtest1 WHERE id BETWEEN 5665200 AND 5665300
	Index Only Scan using sbtest1_pkey on sbtest1  (cost=0.43..10.33 rows=95 width=4)
	  Index Cond: ((id >= 5665200) AND (id <= 5665300))

table 2 : explain SELECT id FROM sbtest2 WHERE id BETWEEN 5665200 AND 5665300
	Index Only Scan using sbtest2_pkey on sbtest2  (cost=0.43..10.36 rows=96 width=4)
	  Index Cond: ((id >= 5665200) AND (id <= 5665300))

table 3 : explain SELECT id FROM sbtest3 WHERE id BETWEEN 5665200 AND 5665300
	Index Only Scan using sbtest3_pkey on sbtest3  (cost=0.43..10.40 rows=98 width=4)
	  Index Cond: ((id >= 5665200) AND (id <= 5665300))

table 4 : explain SELECT id FROM sbtest4 WHERE id BETWEEN 5665200 AND 5665300
	Index Only Scan using sbtest4_pkey on sbtest4  (cost=0.43..10.46 rows=101 width=4)
	  Index Cond: ((id >= 5665200) AND (id <= 5665300))

table 5 : explain SELECT id FROM sbtest5 WHERE id BETWEEN 5665200 AND 5665300
	Index Only Scan using sbtest5_pkey on sbtest5  (cost=0.43..10.54 rows=105 width=4)
	  Index Cond: ((id >= 5665200) AND (id <= 5665300))

table 6 : explain SELECT id FROM sbtest6 WHERE id BETWEEN 5665200 AND 5665300
	Index Only Scan using sbtest6_pkey on sbtest6  (cost=0.43..10.46 rows=101 width=4)
	  Index Cond: ((id >= 5665200) AND (id <= 5665300))

table 7 : explain SELECT id FROM sbtest7 WHERE id BETWEEN 5665200 AND 5665300
	Index Only Scan using sbtest7_pkey on sbtest7  (cost=0.43..10.36 rows=96 width=4)
	  Index Cond: ((id >= 5665200) AND (id <= 5665300))

table 8 : explain SELECT id FROM sbtest8 WHERE id BETWEEN 5665200 AND 5665300
	Index Only Scan using sbtest8_pkey on sbtest8  (cost=0.43..10.26 rows=91 width=4)
	  Index Cond: ((id >= 5665200) AND (id <= 5665300))

for range-covered
table 1 : explain SELECT id FROM sbtest1 WHERE id BETWEEN 3193871 AND 3193971
	Index Only Scan using sbtest1_pkey on sbtest1  (cost=0.43..10.33 rows=95 width=4)
	  Index Cond: ((id >= 3193871) AND (id <= 3193971))

table 2 : explain SELECT id FROM sbtest2 WHERE id BETWEEN 3193871 AND 3193971
	Index Only Scan using sbtest2_pkey on sbtest2  (cost=0.43..10.42 rows=99 width=4)
	  Index Cond: ((id >= 3193871) AND (id <= 3193971))

table 3 : explain SELECT id FROM sbtest3 WHERE id BETWEEN 3193871 AND 3193971
	Index Only Scan using sbtest3_pkey on sbtest3  (cost=0.43..10.32 rows=94 width=4)
	  Index Cond: ((id >= 3193871) AND (id <= 3193971))

table 4 : explain SELECT id FROM sbtest4 WHERE id BETWEEN 3193871 AND 3193971
	Index Only Scan using sbtest4_pkey on sbtest4  (cost=0.43..10.42 rows=99 width=4)
	  Index Cond: ((id >= 3193871) AND (id <= 3193971))

table 5 : explain SELECT id FROM sbtest5 WHERE id BETWEEN 3193871 AND 3193971
	Index Only Scan using sbtest5_pkey on sbtest5  (cost=0.43..10.51 rows=104 width=4)
	  Index Cond: ((id >= 3193871) AND (id <= 3193971))

table 6 : explain SELECT id FROM sbtest6 WHERE id BETWEEN 3193871 AND 3193971
	Index Only Scan using sbtest6_pkey on sbtest6  (cost=0.43..10.33 rows=95 width=4)
	  Index Cond: ((id >= 3193871) AND (id <= 3193971))

table 7 : explain SELECT id FROM sbtest7 WHERE id BETWEEN 3193871 AND 3193971
	Index Only Scan using sbtest7_pkey on sbtest7  (cost=0.43..10.28 rows=92 width=4)
	  Index Cond: ((id >= 3193871) AND (id <= 3193971))

table 8 : explain SELECT id FROM sbtest8 WHERE id BETWEEN 3193871 AND 3193971
	Index Only Scan using sbtest8_pkey on sbtest8  (cost=0.43..10.40 rows=98 width=4)
	  Index Cond: ((id >= 3193871) AND (id <= 3193971))

explain: for range-covered :: explain SELECT id FROM sbtest%d WHERE id BETWEEN 3193871 AND 3193971
for range-covered
table 1 : explain SELECT id FROM sbtest1 WHERE id BETWEEN 887206 AND 887306
	Index Only Scan using sbtest1_pkey on sbtest1  (cost=0.43..10.44 rows=100 width=4)
	  Index Cond: ((id >= 887206) AND (id <= 887306))

table 2 : explain SELECT id FROM sbtest2 WHERE id BETWEEN 887206 AND 887306
	Index Only Scan using sbtest2_pkey on sbtest2  (cost=0.43..10.44 rows=100 width=4)
	  Index Cond: ((id >= 887206) AND (id <= 887306))

table 3 : explain SELECT id FROM sbtest3 WHERE id BETWEEN 887206 AND 887306
	Index Only Scan using sbtest3_pkey on sbtest3  (cost=0.43..10.58 rows=107 width=4)
	  Index Cond: ((id >= 887206) AND (id <= 887306))

table 4 : explain SELECT id FROM sbtest4 WHERE id BETWEEN 887206 AND 887306
	Index Only Scan using sbtest4_pkey on sbtest4  (cost=0.43..10.36 rows=96 width=4)
	  Index Cond: ((id >= 887206) AND (id <= 887306))

table 5 : explain SELECT id FROM sbtest5 WHERE id BETWEEN 887206 AND 887306
	Index Only Scan using sbtest5_pkey on sbtest5  (cost=0.43..10.50 rows=103 width=4)
	  Index Cond: ((id >= 887206) AND (id <= 887306))

table 6 : explain SELECT id FROM sbtest6 WHERE id BETWEEN 887206 AND 887306
	Index Only Scan using sbtest6_pkey on sbtest6  (cost=0.43..10.68 rows=112 width=4)
	  Index Cond: ((id >= 887206) AND (id <= 887306))

table 7 : explain SELECT id FROM sbtest7 WHERE id BETWEEN 887206 AND 887306
	Index Only Scan using sbtest7_pkey on sbtest7  (cost=0.43..10.54 rows=105 width=4)
	  Index Cond: ((id >= 887206) AND (id <= 887306))

table 8 : explain SELECT id FROM sbtest8 WHERE id BETWEEN 887206 AND 887306
	Index Only Scan using sbtest8_pkey on sbtest8  (cost=0.43..10.29 rows=93 width=4)
	  Index Cond: ((id >= 887206) AND (id <= 887306))

explain: for range-covered :: explain SELECT id FROM sbtest%d WHERE id BETWEEN 8837271 AND 8837371
explain: for range-covered :: explain SELECT id FROM sbtest%d WHERE id BETWEEN 887206 AND 887306
for range-covered
table 1 : explain SELECT id FROM sbtest1 WHERE id BETWEEN 3193871 AND 3193971
	Index Only Scan using sbtest1_pkey on sbtest1  (cost=0.43..10.33 rows=95 width=4)
	  Index Cond: ((id >= 3193871) AND (id <= 3193971))

table 2 : explain SELECT id FROM sbtest2 WHERE id BETWEEN 3193871 AND 3193971
	Index Only Scan using sbtest2_pkey on sbtest2  (cost=0.43..10.42 rows=99 width=4)
	  Index Cond: ((id >= 3193871) AND (id <= 3193971))

table 3 : explain SELECT id FROM sbtest3 WHERE id BETWEEN 3193871 AND 3193971
	Index Only Scan using sbtest3_pkey on sbtest3  (cost=0.43..10.32 rows=94 width=4)
	  Index Cond: ((id >= 3193871) AND (id <= 3193971))

table 4 : explain SELECT id FROM sbtest4 WHERE id BETWEEN 3193871 AND 3193971
	Index Only Scan using sbtest4_pkey on sbtest4  (cost=0.43..10.42 rows=99 width=4)
	  Index Cond: ((id >= 3193871) AND (id <= 3193971))

table 5 : explain SELECT id FROM sbtest5 WHERE id BETWEEN 3193871 AND 3193971
	Index Only Scan using sbtest5_pkey on sbtest5  (cost=0.43..10.51 rows=104 width=4)
	  Index Cond: ((id >= 3193871) AND (id <= 3193971))

table 6 : explain SELECT id FROM sbtest6 WHERE id BETWEEN 3193871 AND 3193971
	Index Only Scan using sbtest6_pkey on sbtest6  (cost=0.43..10.33 rows=95 width=4)
	  Index Cond: ((id >= 3193871) AND (id <= 3193971))

table 7 : explain SELECT id FROM sbtest7 WHERE id BETWEEN 3193871 AND 3193971
	Index Only Scan using sbtest7_pkey on sbtest7  (cost=0.43..10.28 rows=92 width=4)
	  Index Cond: ((id >= 3193871) AND (id <= 3193971))

table 8 : explain SELECT id FROM sbtest8 WHERE id BETWEEN 3193871 AND 3193971
	Index Only Scan using sbtest8_pkey on sbtest8  (cost=0.43..10.40 rows=98 width=4)
	  Index Cond: ((id >= 3193871) AND (id <= 3193971))

explain: for range-covered :: explain SELECT id FROM sbtest%d WHERE id BETWEEN 3193871 AND 3193971
for range-covered
table 1 : explain SELECT id FROM sbtest1 WHERE id BETWEEN 6355475 AND 6355575
	Index Only Scan using sbtest1_pkey on sbtest1  (cost=0.43..10.44 rows=100 width=4)
	  Index Cond: ((id >= 6355475) AND (id <= 6355575))

table 2 : explain SELECT id FROM sbtest2 WHERE id BETWEEN 6355475 AND 6355575
	Index Only Scan using sbtest2_pkey on sbtest2  (cost=0.43..10.60 rows=108 width=4)
	  Index Cond: ((id >= 6355475) AND (id <= 6355575))

table 3 : explain SELECT id FROM sbtest3 WHERE id BETWEEN 6355475 AND 6355575
	Index Only Scan using sbtest3_pkey on sbtest3  (cost=0.43..10.42 rows=99 width=4)
	  Index Cond: ((id >= 6355475) AND (id <= 6355575))

table 4 : explain SELECT id FROM sbtest4 WHERE id BETWEEN 6355475 AND 6355575
	Index Only Scan using sbtest4_pkey on sbtest4  (cost=0.43..10.44 rows=100 width=4)
	  Index Cond: ((id >= 6355475) AND (id <= 6355575))

table 5 : explain SELECT id FROM sbtest5 WHERE id BETWEEN 6355475 AND 6355575
	Index Only Scan using sbtest5_pkey on sbtest5  (cost=0.43..10.44 rows=100 width=4)
	  Index Cond: ((id >= 6355475) AND (id <= 6355575))

table 6 : explain SELECT id FROM sbtest6 WHERE id BETWEEN 6355475 AND 6355575
	Index Only Scan using sbtest6_pkey on sbtest6  (cost=0.43..10.44 rows=100 width=4)
	  Index Cond: ((id >= 6355475) AND (id <= 6355575))

table 7 : explain SELECT id FROM sbtest7 WHERE id BETWEEN 6355475 AND 6355575
	Index Only Scan using sbtest7_pkey on sbtest7  (cost=0.43..10.46 rows=101 width=4)
	  Index Cond: ((id >= 6355475) AND (id <= 6355575))

table 8 : explain SELECT id FROM sbtest8 WHERE id BETWEEN 6355475 AND 6355575
	Index Only Scan using sbtest8_pkey on sbtest8  (cost=0.43..10.50 rows=103 width=4)
	  Index Cond: ((id >= 6355475) AND (id <= 6355575))

for range-covered
table 1 : explain SELECT id FROM sbtest1 WHERE id BETWEEN 2591027 AND 2591127
	Index Only Scan using sbtest1_pkey on sbtest1  (cost=0.43..10.68 rows=112 width=4)
	  Index Cond: ((id >= 2591027) AND (id <= 2591127))

table 2 : explain SELECT id FROM sbtest2 WHERE id BETWEEN 2591027 AND 2591127
	Index Only Scan using sbtest2_pkey on sbtest2  (cost=0.43..10.58 rows=107 width=4)
	  Index Cond: ((id >= 2591027) AND (id <= 2591127))

table 3 : explain SELECT id FROM sbtest3 WHERE id BETWEEN 2591027 AND 2591127
	Index Only Scan using sbtest3_pkey on sbtest3  (cost=0.43..10.38 rows=97 width=4)
	  Index Cond: ((id >= 2591027) AND (id <= 2591127))

table 4 : explain SELECT id FROM sbtest4 WHERE id BETWEEN 2591027 AND 2591127
	Index Only Scan using sbtest4_pkey on sbtest4  (cost=0.43..10.44 rows=100 width=4)
	  Index Cond: ((id >= 2591027) AND (id <= 2591127))

table 5 : explain SELECT id FROM sbtest5 WHERE id BETWEEN 2591027 AND 2591127
	Index Only Scan using sbtest5_pkey on sbtest5  (cost=0.43..10.46 rows=101 width=4)
	  Index Cond: ((id >= 2591027) AND (id <= 2591127))

table 6 : explain SELECT id FROM sbtest6 WHERE id BETWEEN 2591027 AND 2591127
	Index Only Scan using sbtest6_pkey on sbtest6  (cost=0.43..10.50 rows=103 width=4)
	  Index Cond: ((id >= 2591027) AND (id <= 2591127))

table 7 : explain SELECT id FROM sbtest7 WHERE id BETWEEN 2591027 AND 2591127
	Index Only Scan using sbtest7_pkey on sbtest7  (cost=0.43..10.33 rows=95 width=4)
	  Index Cond: ((id >= 2591027) AND (id <= 2591127))

table 8 : explain SELECT id FROM sbtest8 WHERE id BETWEEN 2591027 AND 2591127
	Index Only Scan using sbtest8_pkey on sbtest8  (cost=0.43..10.29 rows=93 width=4)
	  Index Cond: ((id >= 2591027) AND (id <= 2591127))

for range-covered
table 1 : explain SELECT id FROM sbtest1 WHERE id BETWEEN 887206 AND 887306
	Index Only Scan using sbtest1_pkey on sbtest1  (cost=0.43..10.44 rows=100 width=4)
	  Index Cond: ((id >= 887206) AND (id <= 887306))

table 2 : explain SELECT id FROM sbtest2 WHERE id BETWEEN 887206 AND 887306
	Index Only Scan using sbtest2_pkey on sbtest2  (cost=0.43..10.44 rows=100 width=4)
	  Index Cond: ((id >= 887206) AND (id <= 887306))

table 3 : explain SELECT id FROM sbtest3 WHERE id BETWEEN 887206 AND 887306
	Index Only Scan using sbtest3_pkey on sbtest3  (cost=0.43..10.58 rows=107 width=4)
	  Index Cond: ((id >= 887206) AND (id <= 887306))

table 4 : explain SELECT id FROM sbtest4 WHERE id BETWEEN 887206 AND 887306
	Index Only Scan using sbtest4_pkey on sbtest4  (cost=0.43..10.36 rows=96 width=4)
	  Index Cond: ((id >= 887206) AND (id <= 887306))

table 5 : explain SELECT id FROM sbtest5 WHERE id BETWEEN 887206 AND 887306
	Index Only Scan using sbtest5_pkey on sbtest5  (cost=0.43..10.50 rows=103 width=4)
	  Index Cond: ((id >= 887206) AND (id <= 887306))

table 6 : explain SELECT id FROM sbtest6 WHERE id BETWEEN 887206 AND 887306
	Index Only Scan using sbtest6_pkey on sbtest6  (cost=0.43..10.68 rows=112 width=4)
	  Index Cond: ((id >= 887206) AND (id <= 887306))

table 7 : explain SELECT id FROM sbtest7 WHERE id BETWEEN 887206 AND 887306
	Index Only Scan using sbtest7_pkey on sbtest7  (cost=0.43..10.54 rows=105 width=4)
	  Index Cond: ((id >= 887206) AND (id <= 887306))

table 8 : explain SELECT id FROM sbtest8 WHERE id BETWEEN 887206 AND 887306
	Index Only Scan using sbtest8_pkey on sbtest8  (cost=0.43..10.29 rows=93 width=4)
	  Index Cond: ((id >= 887206) AND (id <= 887306))

explain: for range-covered :: explain SELECT id FROM sbtest%d WHERE id BETWEEN 6355475 AND 6355575
explain: for range-covered :: explain SELECT id FROM sbtest%d WHERE id BETWEEN 2591027 AND 2591127
explain: for range-covered :: explain SELECT id FROM sbtest%d WHERE id BETWEEN 887206 AND 887306
for range-covered
table 1 : explain SELECT id FROM sbtest1 WHERE id BETWEEN 3193871 AND 3193971
	Index Only Scan using sbtest1_pkey on sbtest1  (cost=0.43..10.33 rows=95 width=4)
	  Index Cond: ((id >= 3193871) AND (id <= 3193971))

table 2 : explain SELECT id FROM sbtest2 WHERE id BETWEEN 3193871 AND 3193971
	Index Only Scan using sbtest2_pkey on sbtest2  (cost=0.43..10.42 rows=99 width=4)
	  Index Cond: ((id >= 3193871) AND (id <= 3193971))

table 3 : explain SELECT id FROM sbtest3 WHERE id BETWEEN 3193871 AND 3193971
	Index Only Scan using sbtest3_pkey on sbtest3  (cost=0.43..10.32 rows=94 width=4)
	  Index Cond: ((id >= 3193871) AND (id <= 3193971))

table 4 : explain SELECT id FROM sbtest4 WHERE id BETWEEN 3193871 AND 3193971
	Index Only Scan using sbtest4_pkey on sbtest4  (cost=0.43..10.42 rows=99 width=4)
	  Index Cond: ((id >= 3193871) AND (id <= 3193971))

table 5 : explain SELECT id FROM sbtest5 WHERE id BETWEEN 3193871 AND 3193971
	Index Only Scan using sbtest5_pkey on sbtest5  (cost=0.43..10.51 rows=104 width=4)
	  Index Cond: ((id >= 3193871) AND (id <= 3193971))

table 6 : explain SELECT id FROM sbtest6 WHERE id BETWEEN 3193871 AND 3193971
	Index Only Scan using sbtest6_pkey on sbtest6  (cost=0.43..10.33 rows=95 width=4)
	  Index Cond: ((id >= 3193871) AND (id <= 3193971))

table 7 : explain SELECT id FROM sbtest7 WHERE id BETWEEN 3193871 AND 3193971
	Index Only Scan using sbtest7_pkey on sbtest7  (cost=0.43..10.28 rows=92 width=4)
	  Index Cond: ((id >= 3193871) AND (id <= 3193971))

table 8 : explain SELECT id FROM sbtest8 WHERE id BETWEEN 3193871 AND 3193971
	Index Only Scan using sbtest8_pkey on sbtest8  (cost=0.43..10.40 rows=98 width=4)
	  Index Cond: ((id >= 3193871) AND (id <= 3193971))

explain: for range-covered :: explain SELECT id FROM sbtest%d WHERE id BETWEEN 3193871 AND 3193971
for range-covered
table 1 : explain SELECT id FROM sbtest1 WHERE id BETWEEN 887206 AND 887306
	Index Only Scan using sbtest1_pkey on sbtest1  (cost=0.43..10.44 rows=100 width=4)
	  Index Cond: ((id >= 887206) AND (id <= 887306))

table 2 : explain SELECT id FROM sbtest2 WHERE id BETWEEN 887206 AND 887306
	Index Only Scan using sbtest2_pkey on sbtest2  (cost=0.43..10.44 rows=100 width=4)
	  Index Cond: ((id >= 887206) AND (id <= 887306))

table 3 : explain SELECT id FROM sbtest3 WHERE id BETWEEN 887206 AND 887306
	Index Only Scan using sbtest3_pkey on sbtest3  (cost=0.43..10.58 rows=107 width=4)
	  Index Cond: ((id >= 887206) AND (id <= 887306))

table 4 : explain SELECT id FROM sbtest4 WHERE id BETWEEN 887206 AND 887306
	Index Only Scan using sbtest4_pkey on sbtest4  (cost=0.43..10.36 rows=96 width=4)
	  Index Cond: ((id >= 887206) AND (id <= 887306))

table 5 : explain SELECT id FROM sbtest5 WHERE id BETWEEN 887206 AND 887306
	Index Only Scan using sbtest5_pkey on sbtest5  (cost=0.43..10.50 rows=103 width=4)
	  Index Cond: ((id >= 887206) AND (id <= 887306))

table 6 : explain SELECT id FROM sbtest6 WHERE id BETWEEN 887206 AND 887306
	Index Only Scan using sbtest6_pkey on sbtest6  (cost=0.43..10.68 rows=112 width=4)
	  Index Cond: ((id >= 887206) AND (id <= 887306))

table 7 : explain SELECT id FROM sbtest7 WHERE id BETWEEN 887206 AND 887306
	Index Only Scan using sbtest7_pkey on sbtest7  (cost=0.43..10.54 rows=105 width=4)
	  Index Cond: ((id >= 887206) AND (id <= 887306))

table 8 : explain SELECT id FROM sbtest8 WHERE id BETWEEN 887206 AND 887306
	Index Only Scan using sbtest8_pkey on sbtest8  (cost=0.43..10.29 rows=93 width=4)
	  Index Cond: ((id >= 887206) AND (id <= 887306))

for range-covered
table 1 : explain SELECT id FROM sbtest1 WHERE id BETWEEN 6355475 AND 6355575
	Index Only Scan using sbtest1_pkey on sbtest1  (cost=0.43..10.44 rows=100 width=4)
	  Index Cond: ((id >= 6355475) AND (id <= 6355575))

table 2 : explain SELECT id FROM sbtest2 WHERE id BETWEEN 6355475 AND 6355575
	Index Only Scan using sbtest2_pkey on sbtest2  (cost=0.43..10.60 rows=108 width=4)
	  Index Cond: ((id >= 6355475) AND (id <= 6355575))

table 3 : explain SELECT id FROM sbtest3 WHERE id BETWEEN 6355475 AND 6355575
	Index Only Scan using sbtest3_pkey on sbtest3  (cost=0.43..10.42 rows=99 width=4)
	  Index Cond: ((id >= 6355475) AND (id <= 6355575))

table 4 : explain SELECT id FROM sbtest4 WHERE id BETWEEN 6355475 AND 6355575
	Index Only Scan using sbtest4_pkey on sbtest4  (cost=0.43..10.44 rows=100 width=4)
	  Index Cond: ((id >= 6355475) AND (id <= 6355575))

table 5 : explain SELECT id FROM sbtest5 WHERE id BETWEEN 6355475 AND 6355575
	Index Only Scan using sbtest5_pkey on sbtest5  (cost=0.43..10.44 rows=100 width=4)
	  Index Cond: ((id >= 6355475) AND (id <= 6355575))

table 6 : explain SELECT id FROM sbtest6 WHERE id BETWEEN 6355475 AND 6355575
	Index Only Scan using sbtest6_pkey on sbtest6  (cost=0.43..10.44 rows=100 width=4)
	  Index Cond: ((id >= 6355475) AND (id <= 6355575))

table 7 : explain SELECT id FROM sbtest7 WHERE id BETWEEN 6355475 AND 6355575
	Index Only Scan using sbtest7_pkey on sbtest7  (cost=0.43..10.46 rows=101 width=4)
	  Index Cond: ((id >= 6355475) AND (id <= 6355575))

table 8 : explain SELECT id FROM sbtest8 WHERE id BETWEEN 6355475 AND 6355575
	Index Only Scan using sbtest8_pkey on sbtest8  (cost=0.43..10.50 rows=103 width=4)
	  Index Cond: ((id >= 6355475) AND (id <= 6355575))

explain: for range-covered :: explain SELECT id FROM sbtest%d WHERE id BETWEEN 887206 AND 887306
explain: for range-covered :: explain SELECT id FROM sbtest%d WHERE id BETWEEN 9197083 AND 9197183
for range-covered
table 1 : explain SELECT id FROM sbtest1 WHERE id BETWEEN 2591027 AND 2591127
	Index Only Scan using sbtest1_pkey on sbtest1  (cost=0.43..10.68 rows=112 width=4)
	  Index Cond: ((id >= 2591027) AND (id <= 2591127))

table 2 : explain SELECT id FROM sbtest2 WHERE id BETWEEN 2591027 AND 2591127
	Index Only Scan using sbtest2_pkey on sbtest2  (cost=0.43..10.58 rows=107 width=4)
	  Index Cond: ((id >= 2591027) AND (id <= 2591127))

table 3 : explain SELECT id FROM sbtest3 WHERE id BETWEEN 2591027 AND 2591127
	Index Only Scan using sbtest3_pkey on sbtest3  (cost=0.43..10.38 rows=97 width=4)
	  Index Cond: ((id >= 2591027) AND (id <= 2591127))

table 4 : explain SELECT id FROM sbtest4 WHERE id BETWEEN 2591027 AND 2591127
	Index Only Scan using sbtest4_pkey on sbtest4  (cost=0.43..10.44 rows=100 width=4)
	  Index Cond: ((id >= 2591027) AND (id <= 2591127))

table 5 : explain SELECT id FROM sbtest5 WHERE id BETWEEN 2591027 AND 2591127
	Index Only Scan using sbtest5_pkey on sbtest5  (cost=0.43..10.46 rows=101 width=4)
	  Index Cond: ((id >= 2591027) AND (id <= 2591127))

table 6 : explain SELECT id FROM sbtest6 WHERE id BETWEEN 2591027 AND 2591127
	Index Only Scan using sbtest6_pkey on sbtest6  (cost=0.43..10.50 rows=103 width=4)
	  Index Cond: ((id >= 2591027) AND (id <= 2591127))

table 7 : explain SELECT id FROM sbtest7 WHERE id BETWEEN 2591027 AND 2591127
	Index Only Scan using sbtest7_pkey on sbtest7  (cost=0.43..10.33 rows=95 width=4)
	  Index Cond: ((id >= 2591027) AND (id <= 2591127))

table 8 : explain SELECT id FROM sbtest8 WHERE id BETWEEN 2591027 AND 2591127
	Index Only Scan using sbtest8_pkey on sbtest8  (cost=0.43..10.29 rows=93 width=4)
	  Index Cond: ((id >= 2591027) AND (id <= 2591127))

explain: for range-covered :: explain SELECT id FROM sbtest%d WHERE id BETWEEN 6355475 AND 6355575
explain: for range-covered :: explain SELECT id FROM sbtest%d WHERE id BETWEEN 1492922 AND 1493022
explain: for range-covered :: explain SELECT id FROM sbtest%d WHERE id BETWEEN 3454063 AND 3454163
explain: for range-covered :: explain SELECT id FROM sbtest%d WHERE id BETWEEN 2591027 AND 2591127
explain: for range-covered :: explain SELECT id FROM sbtest%d WHERE id BETWEEN 4915784 AND 4915884
for range-covered
table 1 : explain SELECT id FROM sbtest1 WHERE id BETWEEN 3193871 AND 3193971
	Index Only Scan using sbtest1_pkey on sbtest1  (cost=0.43..10.33 rows=95 width=4)
	  Index Cond: ((id >= 3193871) AND (id <= 3193971))

table 2 : explain SELECT id FROM sbtest2 WHERE id BETWEEN 3193871 AND 3193971
	Index Only Scan using sbtest2_pkey on sbtest2  (cost=0.43..10.42 rows=99 width=4)
	  Index Cond: ((id >= 3193871) AND (id <= 3193971))

table 3 : explain SELECT id FROM sbtest3 WHERE id BETWEEN 3193871 AND 3193971
	Index Only Scan using sbtest3_pkey on sbtest3  (cost=0.43..10.32 rows=94 width=4)
	  Index Cond: ((id >= 3193871) AND (id <= 3193971))

table 4 : explain SELECT id FROM sbtest4 WHERE id BETWEEN 3193871 AND 3193971
	Index Only Scan using sbtest4_pkey on sbtest4  (cost=0.43..10.42 rows=99 width=4)
	  Index Cond: ((id >= 3193871) AND (id <= 3193971))

table 5 : explain SELECT id FROM sbtest5 WHERE id BETWEEN 3193871 AND 3193971
	Index Only Scan using sbtest5_pkey on sbtest5  (cost=0.43..10.51 rows=104 width=4)
	  Index Cond: ((id >= 3193871) AND (id <= 3193971))

table 6 : explain SELECT id FROM sbtest6 WHERE id BETWEEN 3193871 AND 3193971
	Index Only Scan using sbtest6_pkey on sbtest6  (cost=0.43..10.33 rows=95 width=4)
	  Index Cond: ((id >= 3193871) AND (id <= 3193971))

table 7 : explain SELECT id FROM sbtest7 WHERE id BETWEEN 3193871 AND 3193971
	Index Only Scan using sbtest7_pkey on sbtest7  (cost=0.43..10.28 rows=92 width=4)
	  Index Cond: ((id >= 3193871) AND (id <= 3193971))

table 8 : explain SELECT id FROM sbtest8 WHERE id BETWEEN 3193871 AND 3193971
	Index Only Scan using sbtest8_pkey on sbtest8  (cost=0.43..10.40 rows=98 width=4)
	  Index Cond: ((id >= 3193871) AND (id <= 3193971))

explain: for range-covered :: explain SELECT id FROM sbtest%d WHERE id BETWEEN 3193871 AND 3193971
for range-covered
table 1 : explain SELECT id FROM sbtest1 WHERE id BETWEEN 887206 AND 887306
	Index Only Scan using sbtest1_pkey on sbtest1  (cost=0.43..10.44 rows=100 width=4)
	  Index Cond: ((id >= 887206) AND (id <= 887306))

table 2 : explain SELECT id FROM sbtest2 WHERE id BETWEEN 887206 AND 887306
	Index Only Scan using sbtest2_pkey on sbtest2  (cost=0.43..10.44 rows=100 width=4)
	  Index Cond: ((id >= 887206) AND (id <= 887306))

table 3 : explain SELECT id FROM sbtest3 WHERE id BETWEEN 887206 AND 887306
	Index Only Scan using sbtest3_pkey on sbtest3  (cost=0.43..10.58 rows=107 width=4)
	  Index Cond: ((id >= 887206) AND (id <= 887306))

table 4 : explain SELECT id FROM sbtest4 WHERE id BETWEEN 887206 AND 887306
	Index Only Scan using sbtest4_pkey on sbtest4  (cost=0.43..10.36 rows=96 width=4)
	  Index Cond: ((id >= 887206) AND (id <= 887306))

table 5 : explain SELECT id FROM sbtest5 WHERE id BETWEEN 887206 AND 887306
	Index Only Scan using sbtest5_pkey on sbtest5  (cost=0.43..10.50 rows=103 width=4)
	  Index Cond: ((id >= 887206) AND (id <= 887306))

table 6 : explain SELECT id FROM sbtest6 WHERE id BETWEEN 887206 AND 887306
	Index Only Scan using sbtest6_pkey on sbtest6  (cost=0.43..10.68 rows=112 width=4)
	  Index Cond: ((id >= 887206) AND (id <= 887306))

table 7 : explain SELECT id FROM sbtest7 WHERE id BETWEEN 887206 AND 887306
	Index Only Scan using sbtest7_pkey on sbtest7  (cost=0.43..10.54 rows=105 width=4)
	  Index Cond: ((id >= 887206) AND (id <= 887306))

table 8 : explain SELECT id FROM sbtest8 WHERE id BETWEEN 887206 AND 887306
	Index Only Scan using sbtest8_pkey on sbtest8  (cost=0.43..10.29 rows=93 width=4)
	  Index Cond: ((id >= 887206) AND (id <= 887306))

for range-covered
table 1 : explain SELECT id FROM sbtest1 WHERE id BETWEEN 6355475 AND 6355575
	Index Only Scan using sbtest1_pkey on sbtest1  (cost=0.43..10.44 rows=100 width=4)
	  Index Cond: ((id >= 6355475) AND (id <= 6355575))

table 2 : explain SELECT id FROM sbtest2 WHERE id BETWEEN 6355475 AND 6355575
	Index Only Scan using sbtest2_pkey on sbtest2  (cost=0.43..10.60 rows=108 width=4)
	  Index Cond: ((id >= 6355475) AND (id <= 6355575))

table 3 : explain SELECT id FROM sbtest3 WHERE id BETWEEN 6355475 AND 6355575
	Index Only Scan using sbtest3_pkey on sbtest3  (cost=0.43..10.42 rows=99 width=4)
	  Index Cond: ((id >= 6355475) AND (id <= 6355575))

table 4 : explain SELECT id FROM sbtest4 WHERE id BETWEEN 6355475 AND 6355575
	Index Only Scan using sbtest4_pkey on sbtest4  (cost=0.43..10.44 rows=100 width=4)
	  Index Cond: ((id >= 6355475) AND (id <= 6355575))

table 5 : explain SELECT id FROM sbtest5 WHERE id BETWEEN 6355475 AND 6355575
	Index Only Scan using sbtest5_pkey on sbtest5  (cost=0.43..10.44 rows=100 width=4)
	  Index Cond: ((id >= 6355475) AND (id <= 6355575))

table 6 : explain SELECT id FROM sbtest6 WHERE id BETWEEN 6355475 AND 6355575
	Index Only Scan using sbtest6_pkey on sbtest6  (cost=0.43..10.44 rows=100 width=4)
	  Index Cond: ((id >= 6355475) AND (id <= 6355575))

table 7 : explain SELECT id FROM sbtest7 WHERE id BETWEEN 6355475 AND 6355575
	Index Only Scan using sbtest7_pkey on sbtest7  (cost=0.43..10.46 rows=101 width=4)
	  Index Cond: ((id >= 6355475) AND (id <= 6355575))

table 8 : explain SELECT id FROM sbtest8 WHERE id BETWEEN 6355475 AND 6355575
	Index Only Scan using sbtest8_pkey on sbtest8  (cost=0.43..10.50 rows=103 width=4)
	  Index Cond: ((id >= 6355475) AND (id <= 6355575))

explain: for range-covered :: explain SELECT id FROM sbtest%d WHERE id BETWEEN 887206 AND 887306
explain: for range-covered :: explain SELECT id FROM sbtest%d WHERE id BETWEEN 6355475 AND 6355575
explain: for range-covered :: explain SELECT id FROM sbtest%d WHERE id BETWEEN 3044735 AND 3044835
for range-covered
table 1 : explain SELECT id FROM sbtest1 WHERE id BETWEEN 2591027 AND 2591127
	Index Only Scan using sbtest1_pkey on sbtest1  (cost=0.43..10.68 rows=112 width=4)
	  Index Cond: ((id >= 2591027) AND (id <= 2591127))

table 2 : explain SELECT id FROM sbtest2 WHERE id BETWEEN 2591027 AND 2591127
	Index Only Scan using sbtest2_pkey on sbtest2  (cost=0.43..10.58 rows=107 width=4)
	  Index Cond: ((id >= 2591027) AND (id <= 2591127))

table 3 : explain SELECT id FROM sbtest3 WHERE id BETWEEN 2591027 AND 2591127
	Index Only Scan using sbtest3_pkey on sbtest3  (cost=0.43..10.38 rows=97 width=4)
	  Index Cond: ((id >= 2591027) AND (id <= 2591127))

table 4 : explain SELECT id FROM sbtest4 WHERE id BETWEEN 2591027 AND 2591127
	Index Only Scan using sbtest4_pkey on sbtest4  (cost=0.43..10.44 rows=100 width=4)
	  Index Cond: ((id >= 2591027) AND (id <= 2591127))

table 5 : explain SELECT id FROM sbtest5 WHERE id BETWEEN 2591027 AND 2591127
	Index Only Scan using sbtest5_pkey on sbtest5  (cost=0.43..10.46 rows=101 width=4)
	  Index Cond: ((id >= 2591027) AND (id <= 2591127))

table 6 : explain SELECT id FROM sbtest6 WHERE id BETWEEN 2591027 AND 2591127
	Index Only Scan using sbtest6_pkey on sbtest6  (cost=0.43..10.50 rows=103 width=4)
	  Index Cond: ((id >= 2591027) AND (id <= 2591127))

table 7 : explain SELECT id FROM sbtest7 WHERE id BETWEEN 2591027 AND 2591127
	Index Only Scan using sbtest7_pkey on sbtest7  (cost=0.43..10.33 rows=95 width=4)
	  Index Cond: ((id >= 2591027) AND (id <= 2591127))

table 8 : explain SELECT id FROM sbtest8 WHERE id BETWEEN 2591027 AND 2591127
	Index Only Scan using sbtest8_pkey on sbtest8  (cost=0.43..10.29 rows=93 width=4)
	  Index Cond: ((id >= 2591027) AND (id <= 2591127))

explain: for range-covered :: explain SELECT id FROM sbtest%d WHERE id BETWEEN 2591027 AND 2591127
for range-covered
table 1 : explain SELECT id FROM sbtest1 WHERE id BETWEEN 3193871 AND 3193971
	Index Only Scan using sbtest1_pkey on sbtest1  (cost=0.43..10.33 rows=95 width=4)
	  Index Cond: ((id >= 3193871) AND (id <= 3193971))

table 2 : explain SELECT id FROM sbtest2 WHERE id BETWEEN 3193871 AND 3193971
	Index Only Scan using sbtest2_pkey on sbtest2  (cost=0.43..10.42 rows=99 width=4)
	  Index Cond: ((id >= 3193871) AND (id <= 3193971))

table 3 : explain SELECT id FROM sbtest3 WHERE id BETWEEN 3193871 AND 3193971
	Index Only Scan using sbtest3_pkey on sbtest3  (cost=0.43..10.32 rows=94 width=4)
	  Index Cond: ((id >= 3193871) AND (id <= 3193971))

table 4 : explain SELECT id FROM sbtest4 WHERE id BETWEEN 3193871 AND 3193971
	Index Only Scan using sbtest4_pkey on sbtest4  (cost=0.43..10.42 rows=99 width=4)
	  Index Cond: ((id >= 3193871) AND (id <= 3193971))

table 5 : explain SELECT id FROM sbtest5 WHERE id BETWEEN 3193871 AND 3193971
	Index Only Scan using sbtest5_pkey on sbtest5  (cost=0.43..10.51 rows=104 width=4)
	  Index Cond: ((id >= 3193871) AND (id <= 3193971))

table 6 : explain SELECT id FROM sbtest6 WHERE id BETWEEN 3193871 AND 3193971
	Index Only Scan using sbtest6_pkey on sbtest6  (cost=0.43..10.33 rows=95 width=4)
	  Index Cond: ((id >= 3193871) AND (id <= 3193971))

table 7 : explain SELECT id FROM sbtest7 WHERE id BETWEEN 3193871 AND 3193971
	Index Only Scan using sbtest7_pkey on sbtest7  (cost=0.43..10.28 rows=92 width=4)
	  Index Cond: ((id >= 3193871) AND (id <= 3193971))

table 8 : explain SELECT id FROM sbtest8 WHERE id BETWEEN 3193871 AND 3193971
	Index Only Scan using sbtest8_pkey on sbtest8  (cost=0.43..10.40 rows=98 width=4)
	  Index Cond: ((id >= 3193871) AND (id <= 3193971))

explain: for range-covered :: explain SELECT id FROM sbtest%d WHERE id BETWEEN 3193871 AND 3193971
explain: for range-covered :: explain SELECT id FROM sbtest%d WHERE id BETWEEN 5672455 AND 5672555
for range-covered
table 1 : explain SELECT id FROM sbtest1 WHERE id BETWEEN 887206 AND 887306
	Index Only Scan using sbtest1_pkey on sbtest1  (cost=0.43..10.44 rows=100 width=4)
	  Index Cond: ((id >= 887206) AND (id <= 887306))

table 2 : explain SELECT id FROM sbtest2 WHERE id BETWEEN 887206 AND 887306
	Index Only Scan using sbtest2_pkey on sbtest2  (cost=0.43..10.44 rows=100 width=4)
	  Index Cond: ((id >= 887206) AND (id <= 887306))

table 3 : explain SELECT id FROM sbtest3 WHERE id BETWEEN 887206 AND 887306
	Index Only Scan using sbtest3_pkey on sbtest3  (cost=0.43..10.58 rows=107 width=4)
	  Index Cond: ((id >= 887206) AND (id <= 887306))

table 4 : explain SELECT id FROM sbtest4 WHERE id BETWEEN 887206 AND 887306
	Index Only Scan using sbtest4_pkey on sbtest4  (cost=0.43..10.36 rows=96 width=4)
	  Index Cond: ((id >= 887206) AND (id <= 887306))

table 5 : explain SELECT id FROM sbtest5 WHERE id BETWEEN 887206 AND 887306
	Index Only Scan using sbtest5_pkey on sbtest5  (cost=0.43..10.50 rows=103 width=4)
	  Index Cond: ((id >= 887206) AND (id <= 887306))

table 6 : explain SELECT id FROM sbtest6 WHERE id BETWEEN 887206 AND 887306
	Index Only Scan using sbtest6_pkey on sbtest6  (cost=0.43..10.68 rows=112 width=4)
	  Index Cond: ((id >= 887206) AND (id <= 887306))

table 7 : explain SELECT id FROM sbtest7 WHERE id BETWEEN 887206 AND 887306
	Index Only Scan using sbtest7_pkey on sbtest7  (cost=0.43..10.54 rows=105 width=4)
	  Index Cond: ((id >= 887206) AND (id <= 887306))

table 8 : explain SELECT id FROM sbtest8 WHERE id BETWEEN 887206 AND 887306
	Index Only Scan using sbtest8_pkey on sbtest8  (cost=0.43..10.29 rows=93 width=4)
	  Index Cond: ((id >= 887206) AND (id <= 887306))

for range-covered
table 1 : explain SELECT id FROM sbtest1 WHERE id BETWEEN 6355475 AND 6355575
	Index Only Scan using sbtest1_pkey on sbtest1  (cost=0.43..10.44 rows=100 width=4)
	  Index Cond: ((id >= 6355475) AND (id <= 6355575))

table 2 : explain SELECT id FROM sbtest2 WHERE id BETWEEN 6355475 AND 6355575
	Index Only Scan using sbtest2_pkey on sbtest2  (cost=0.43..10.60 rows=108 width=4)
	  Index Cond: ((id >= 6355475) AND (id <= 6355575))

table 3 : explain SELECT id FROM sbtest3 WHERE id BETWEEN 6355475 AND 6355575
	Index Only Scan using sbtest3_pkey on sbtest3  (cost=0.43..10.42 rows=99 width=4)
	  Index Cond: ((id >= 6355475) AND (id <= 6355575))

table 4 : explain SELECT id FROM sbtest4 WHERE id BETWEEN 6355475 AND 6355575
	Index Only Scan using sbtest4_pkey on sbtest4  (cost=0.43..10.44 rows=100 width=4)
	  Index Cond: ((id >= 6355475) AND (id <= 6355575))

table 5 : explain SELECT id FROM sbtest5 WHERE id BETWEEN 6355475 AND 6355575
	Index Only Scan using sbtest5_pkey on sbtest5  (cost=0.43..10.44 rows=100 width=4)
	  Index Cond: ((id >= 6355475) AND (id <= 6355575))

table 6 : explain SELECT id FROM sbtest6 WHERE id BETWEEN 6355475 AND 6355575
	Index Only Scan using sbtest6_pkey on sbtest6  (cost=0.43..10.44 rows=100 width=4)
	  Index Cond: ((id >= 6355475) AND (id <= 6355575))

table 7 : explain SELECT id FROM sbtest7 WHERE id BETWEEN 6355475 AND 6355575
	Index Only Scan using sbtest7_pkey on sbtest7  (cost=0.43..10.46 rows=101 width=4)
	  Index Cond: ((id >= 6355475) AND (id <= 6355575))

table 8 : explain SELECT id FROM sbtest8 WHERE id BETWEEN 6355475 AND 6355575
	Index Only Scan using sbtest8_pkey on sbtest8  (cost=0.43..10.50 rows=103 width=4)
	  Index Cond: ((id >= 6355475) AND (id <= 6355575))

explain: for range-covered :: explain SELECT id FROM sbtest%d WHERE id BETWEEN 887206 AND 887306
explain: for range-covered :: explain SELECT id FROM sbtest%d WHERE id BETWEEN 6355475 AND 6355575
for range-covered
table 1 : explain SELECT id FROM sbtest1 WHERE id BETWEEN 2591027 AND 2591127
	Index Only Scan using sbtest1_pkey on sbtest1  (cost=0.43..10.68 rows=112 width=4)
	  Index Cond: ((id >= 2591027) AND (id <= 2591127))

table 2 : explain SELECT id FROM sbtest2 WHERE id BETWEEN 2591027 AND 2591127
	Index Only Scan using sbtest2_pkey on sbtest2  (cost=0.43..10.58 rows=107 width=4)
	  Index Cond: ((id >= 2591027) AND (id <= 2591127))

table 3 : explain SELECT id FROM sbtest3 WHERE id BETWEEN 2591027 AND 2591127
	Index Only Scan using sbtest3_pkey on sbtest3  (cost=0.43..10.38 rows=97 width=4)
	  Index Cond: ((id >= 2591027) AND (id <= 2591127))

table 4 : explain SELECT id FROM sbtest4 WHERE id BETWEEN 2591027 AND 2591127
	Index Only Scan using sbtest4_pkey on sbtest4  (cost=0.43..10.44 rows=100 width=4)
	  Index Cond: ((id >= 2591027) AND (id <= 2591127))

table 5 : explain SELECT id FROM sbtest5 WHERE id BETWEEN 2591027 AND 2591127
	Index Only Scan using sbtest5_pkey on sbtest5  (cost=0.43..10.46 rows=101 width=4)
	  Index Cond: ((id >= 2591027) AND (id <= 2591127))

table 6 : explain SELECT id FROM sbtest6 WHERE id BETWEEN 2591027 AND 2591127
	Index Only Scan using sbtest6_pkey on sbtest6  (cost=0.43..10.50 rows=103 width=4)
	  Index Cond: ((id >= 2591027) AND (id <= 2591127))

table 7 : explain SELECT id FROM sbtest7 WHERE id BETWEEN 2591027 AND 2591127
	Index Only Scan using sbtest7_pkey on sbtest7  (cost=0.43..10.33 rows=95 width=4)
	  Index Cond: ((id >= 2591027) AND (id <= 2591127))

table 8 : explain SELECT id FROM sbtest8 WHERE id BETWEEN 2591027 AND 2591127
	Index Only Scan using sbtest8_pkey on sbtest8  (cost=0.43..10.29 rows=93 width=4)
	  Index Cond: ((id >= 2591027) AND (id <= 2591127))

explain: for range-covered :: explain SELECT id FROM sbtest%d WHERE id BETWEEN 2591027 AND 2591127
for range-covered
table 1 : explain SELECT id FROM sbtest1 WHERE id BETWEEN 7231703 AND 7231803
	Index Only Scan using sbtest1_pkey on sbtest1  (cost=0.43..10.42 rows=99 width=4)
	  Index Cond: ((id >= 7231703) AND (id <= 7231803))

table 2 : explain SELECT id FROM sbtest2 WHERE id BETWEEN 7231703 AND 7231803
	Index Only Scan using sbtest2_pkey on sbtest2  (cost=0.43..10.68 rows=112 width=4)
	  Index Cond: ((id >= 7231703) AND (id <= 7231803))

table 3 : explain SELECT id FROM sbtest3 WHERE id BETWEEN 7231703 AND 7231803
	Index Only Scan using sbtest3_pkey on sbtest3  (cost=0.43..10.32 rows=94 width=4)
	  Index Cond: ((id >= 7231703) AND (id <= 7231803))

table 4 : explain SELECT id FROM sbtest4 WHERE id BETWEEN 7231703 AND 7231803
	Index Only Scan using sbtest4_pkey on sbtest4  (cost=0.43..10.33 rows=95 width=4)
	  Index Cond: ((id >= 7231703) AND (id <= 7231803))

table 5 : explain SELECT id FROM sbtest5 WHERE id BETWEEN 7231703 AND 7231803
	Index Only Scan using sbtest5_pkey on sbtest5  (cost=0.43..10.70 rows=113 width=4)
	  Index Cond: ((id >= 7231703) AND (id <= 7231803))

table 6 : explain SELECT id FROM sbtest6 WHERE id BETWEEN 7231703 AND 7231803
	Index Only Scan using sbtest6_pkey on sbtest6  (cost=0.43..10.46 rows=101 width=4)
	  Index Cond: ((id >= 7231703) AND (id <= 7231803))

table 7 : explain SELECT id FROM sbtest7 WHERE id BETWEEN 7231703 AND 7231803
	Index Only Scan using sbtest7_pkey on sbtest7  (cost=0.43..10.33 rows=95 width=4)
	  Index Cond: ((id >= 7231703) AND (id <= 7231803))

table 8 : explain SELECT id FROM sbtest8 WHERE id BETWEEN 7231703 AND 7231803
	Index Only Scan using sbtest8_pkey on sbtest8  (cost=0.43..10.50 rows=103 width=4)
	  Index Cond: ((id >= 7231703) AND (id <= 7231803))

for range-covered
table 1 : explain SELECT id FROM sbtest1 WHERE id BETWEEN 3193871 AND 3193971
	Index Only Scan using sbtest1_pkey on sbtest1  (cost=0.43..10.33 rows=95 width=4)
	  Index Cond: ((id >= 3193871) AND (id <= 3193971))

table 2 : explain SELECT id FROM sbtest2 WHERE id BETWEEN 3193871 AND 3193971
	Index Only Scan using sbtest2_pkey on sbtest2  (cost=0.43..10.42 rows=99 width=4)
	  Index Cond: ((id >= 3193871) AND (id <= 3193971))

table 3 : explain SELECT id FROM sbtest3 WHERE id BETWEEN 3193871 AND 3193971
	Index Only Scan using sbtest3_pkey on sbtest3  (cost=0.43..10.32 rows=94 width=4)
	  Index Cond: ((id >= 3193871) AND (id <= 3193971))

table 4 : explain SELECT id FROM sbtest4 WHERE id BETWEEN 3193871 AND 3193971
	Index Only Scan using sbtest4_pkey on sbtest4  (cost=0.43..10.42 rows=99 width=4)
	  Index Cond: ((id >= 3193871) AND (id <= 3193971))

table 5 : explain SELECT id FROM sbtest5 WHERE id BETWEEN 3193871 AND 3193971
	Index Only Scan using sbtest5_pkey on sbtest5  (cost=0.43..10.51 rows=104 width=4)
	  Index Cond: ((id >= 3193871) AND (id <= 3193971))

table 6 : explain SELECT id FROM sbtest6 WHERE id BETWEEN 3193871 AND 3193971
	Index Only Scan using sbtest6_pkey on sbtest6  (cost=0.43..10.33 rows=95 width=4)
	  Index Cond: ((id >= 3193871) AND (id <= 3193971))

table 7 : explain SELECT id FROM sbtest7 WHERE id BETWEEN 3193871 AND 3193971
	Index Only Scan using sbtest7_pkey on sbtest7  (cost=0.43..10.28 rows=92 width=4)
	  Index Cond: ((id >= 3193871) AND (id <= 3193971))

table 8 : explain SELECT id FROM sbtest8 WHERE id BETWEEN 3193871 AND 3193971
	Index Only Scan using sbtest8_pkey on sbtest8  (cost=0.43..10.40 rows=98 width=4)
	  Index Cond: ((id >= 3193871) AND (id <= 3193971))

explain: for range-covered :: explain SELECT id FROM sbtest%d WHERE id BETWEEN 3193871 AND 3193971
for range-covered
table 1 : explain SELECT id FROM sbtest1 WHERE id BETWEEN 6355475 AND 6355575
	Index Only Scan using sbtest1_pkey on sbtest1  (cost=0.43..10.44 rows=100 width=4)
	  Index Cond: ((id >= 6355475) AND (id <= 6355575))

table 2 : explain SELECT id FROM sbtest2 WHERE id BETWEEN 6355475 AND 6355575
	Index Only Scan using sbtest2_pkey on sbtest2  (cost=0.43..10.60 rows=108 width=4)
	  Index Cond: ((id >= 6355475) AND (id <= 6355575))

table 3 : explain SELECT id FROM sbtest3 WHERE id BETWEEN 6355475 AND 6355575
	Index Only Scan using sbtest3_pkey on sbtest3  (cost=0.43..10.42 rows=99 width=4)
	  Index Cond: ((id >= 6355475) AND (id <= 6355575))

table 4 : explain SELECT id FROM sbtest4 WHERE id BETWEEN 6355475 AND 6355575
	Index Only Scan using sbtest4_pkey on sbtest4  (cost=0.43..10.44 rows=100 width=4)
	  Index Cond: ((id >= 6355475) AND (id <= 6355575))

table 5 : explain SELECT id FROM sbtest5 WHERE id BETWEEN 6355475 AND 6355575
	Index Only Scan using sbtest5_pkey on sbtest5  (cost=0.43..10.44 rows=100 width=4)
	  Index Cond: ((id >= 6355475) AND (id <= 6355575))

table 6 : explain SELECT id FROM sbtest6 WHERE id BETWEEN 6355475 AND 6355575
	Index Only Scan using sbtest6_pkey on sbtest6  (cost=0.43..10.44 rows=100 width=4)
	  Index Cond: ((id >= 6355475) AND (id <= 6355575))

table 7 : explain SELECT id FROM sbtest7 WHERE id BETWEEN 6355475 AND 6355575
	Index Only Scan using sbtest7_pkey on sbtest7  (cost=0.43..10.46 rows=101 width=4)
	  Index Cond: ((id >= 6355475) AND (id <= 6355575))

table 8 : explain SELECT id FROM sbtest8 WHERE id BETWEEN 6355475 AND 6355575
	Index Only Scan using sbtest8_pkey on sbtest8  (cost=0.43..10.50 rows=103 width=4)
	  Index Cond: ((id >= 6355475) AND (id <= 6355575))

for range-covered
table 1 : explain SELECT id FROM sbtest1 WHERE id BETWEEN 887206 AND 887306
	Index Only Scan using sbtest1_pkey on sbtest1  (cost=0.43..10.44 rows=100 width=4)
	  Index Cond: ((id >= 887206) AND (id <= 887306))

table 2 : explain SELECT id FROM sbtest2 WHERE id BETWEEN 887206 AND 887306
	Index Only Scan using sbtest2_pkey on sbtest2  (cost=0.43..10.44 rows=100 width=4)
	  Index Cond: ((id >= 887206) AND (id <= 887306))

table 3 : explain SELECT id FROM sbtest3 WHERE id BETWEEN 887206 AND 887306
	Index Only Scan using sbtest3_pkey on sbtest3  (cost=0.43..10.58 rows=107 width=4)
	  Index Cond: ((id >= 887206) AND (id <= 887306))

table 4 : explain SELECT id FROM sbtest4 WHERE id BETWEEN 887206 AND 887306
	Index Only Scan using sbtest4_pkey on sbtest4  (cost=0.43..10.36 rows=96 width=4)
	  Index Cond: ((id >= 887206) AND (id <= 887306))

table 5 : explain SELECT id FROM sbtest5 WHERE id BETWEEN 887206 AND 887306
	Index Only Scan using sbtest5_pkey on sbtest5  (cost=0.43..10.50 rows=103 width=4)
	  Index Cond: ((id >= 887206) AND (id <= 887306))

table 6 : explain SELECT id FROM sbtest6 WHERE id BETWEEN 887206 AND 887306
	Index Only Scan using sbtest6_pkey on sbtest6  (cost=0.43..10.68 rows=112 width=4)
	  Index Cond: ((id >= 887206) AND (id <= 887306))

table 7 : explain SELECT id FROM sbtest7 WHERE id BETWEEN 887206 AND 887306
	Index Only Scan using sbtest7_pkey on sbtest7  (cost=0.43..10.54 rows=105 width=4)
	  Index Cond: ((id >= 887206) AND (id <= 887306))

table 8 : explain SELECT id FROM sbtest8 WHERE id BETWEEN 887206 AND 887306
	Index Only Scan using sbtest8_pkey on sbtest8  (cost=0.43..10.29 rows=93 width=4)
	  Index Cond: ((id >= 887206) AND (id <= 887306))

explain: for range-covered :: explain SELECT id FROM sbtest%d WHERE id BETWEEN 7231703 AND 7231803
explain: for range-covered :: explain SELECT id FROM sbtest%d WHERE id BETWEEN 6355475 AND 6355575
explain: for range-covered :: explain SELECT id FROM sbtest%d WHERE id BETWEEN 887206 AND 887306
for range-covered
table 1 : explain SELECT id FROM sbtest1 WHERE id BETWEEN 2591027 AND 2591127
	Index Only Scan using sbtest1_pkey on sbtest1  (cost=0.43..10.68 rows=112 width=4)
	  Index Cond: ((id >= 2591027) AND (id <= 2591127))

table 2 : explain SELECT id FROM sbtest2 WHERE id BETWEEN 2591027 AND 2591127
	Index Only Scan using sbtest2_pkey on sbtest2  (cost=0.43..10.58 rows=107 width=4)
	  Index Cond: ((id >= 2591027) AND (id <= 2591127))

table 3 : explain SELECT id FROM sbtest3 WHERE id BETWEEN 2591027 AND 2591127
	Index Only Scan using sbtest3_pkey on sbtest3  (cost=0.43..10.38 rows=97 width=4)
	  Index Cond: ((id >= 2591027) AND (id <= 2591127))

table 4 : explain SELECT id FROM sbtest4 WHERE id BETWEEN 2591027 AND 2591127
	Index Only Scan using sbtest4_pkey on sbtest4  (cost=0.43..10.44 rows=100 width=4)
	  Index Cond: ((id >= 2591027) AND (id <= 2591127))

table 5 : explain SELECT id FROM sbtest5 WHERE id BETWEEN 2591027 AND 2591127
	Index Only Scan using sbtest5_pkey on sbtest5  (cost=0.43..10.46 rows=101 width=4)
	  Index Cond: ((id >= 2591027) AND (id <= 2591127))

table 6 : explain SELECT id FROM sbtest6 WHERE id BETWEEN 2591027 AND 2591127
	Index Only Scan using sbtest6_pkey on sbtest6  (cost=0.43..10.50 rows=103 width=4)
	  Index Cond: ((id >= 2591027) AND (id <= 2591127))

table 7 : explain SELECT id FROM sbtest7 WHERE id BETWEEN 2591027 AND 2591127
	Index Only Scan using sbtest7_pkey on sbtest7  (cost=0.43..10.33 rows=95 width=4)
	  Index Cond: ((id >= 2591027) AND (id <= 2591127))

table 8 : explain SELECT id FROM sbtest8 WHERE id BETWEEN 2591027 AND 2591127
	Index Only Scan using sbtest8_pkey on sbtest8  (cost=0.43..10.29 rows=93 width=4)
	  Index Cond: ((id >= 2591027) AND (id <= 2591127))

for range-covered
table 1 : explain SELECT id FROM sbtest1 WHERE id BETWEEN 9197083 AND 9197183
	Index Only Scan using sbtest1_pkey on sbtest1  (cost=0.43..10.38 rows=97 width=4)
	  Index Cond: ((id >= 9197083) AND (id <= 9197183))

table 2 : explain SELECT id FROM sbtest2 WHERE id BETWEEN 9197083 AND 9197183
	Index Only Scan using sbtest2_pkey on sbtest2  (cost=0.43..10.38 rows=97 width=4)
	  Index Cond: ((id >= 9197083) AND (id <= 9197183))

table 3 : explain SELECT id FROM sbtest3 WHERE id BETWEEN 9197083 AND 9197183
	Index Only Scan using sbtest3_pkey on sbtest3  (cost=0.43..10.51 rows=104 width=4)
	  Index Cond: ((id >= 9197083) AND (id <= 9197183))

table 4 : explain SELECT id FROM sbtest4 WHERE id BETWEEN 9197083 AND 9197183
	Index Only Scan using sbtest4_pkey on sbtest4  (cost=0.43..10.42 rows=99 width=4)
	  Index Cond: ((id >= 9197083) AND (id <= 9197183))

table 5 : explain SELECT id FROM sbtest5 WHERE id BETWEEN 9197083 AND 9197183
	Index Only Scan using sbtest5_pkey on sbtest5  (cost=0.43..10.32 rows=94 width=4)
	  Index Cond: ((id >= 9197083) AND (id <= 9197183))

table 6 : explain SELECT id FROM sbtest6 WHERE id BETWEEN 9197083 AND 9197183
	Index Only Scan using sbtest6_pkey on sbtest6  (cost=0.43..10.50 rows=103 width=4)
	  Index Cond: ((id >= 9197083) AND (id <= 9197183))

table 7 : explain SELECT id FROM sbtest7 WHERE id BETWEEN 9197083 AND 9197183
	Index Only Scan using sbtest7_pkey on sbtest7  (cost=0.43..10.32 rows=94 width=4)
	  Index Cond: ((id >= 9197083) AND (id <= 9197183))

table 8 : explain SELECT id FROM sbtest8 WHERE id BETWEEN 9197083 AND 9197183
	Index Only Scan using sbtest8_pkey on sbtest8  (cost=0.43..10.60 rows=108 width=4)
	  Index Cond: ((id >= 9197083) AND (id <= 9197183))

explain: for range-covered :: explain SELECT id FROM sbtest%d WHERE id BETWEEN 2591027 AND 2591127
explain: for range-covered :: explain SELECT id FROM sbtest%d WHERE id BETWEEN 9197083 AND 9197183
for range-covered
table 1 : explain SELECT id FROM sbtest1 WHERE id BETWEEN 1492922 AND 1493022
	Index Only Scan using sbtest1_pkey on sbtest1  (cost=0.43..10.22 rows=89 width=4)
	  Index Cond: ((id >= 1492922) AND (id <= 1493022))

table 2 : explain SELECT id FROM sbtest2 WHERE id BETWEEN 1492922 AND 1493022
	Index Only Scan using sbtest2_pkey on sbtest2  (cost=0.43..10.63 rows=110 width=4)
	  Index Cond: ((id >= 1492922) AND (id <= 1493022))

table 3 : explain SELECT id FROM sbtest3 WHERE id BETWEEN 1492922 AND 1493022
	Index Only Scan using sbtest3_pkey on sbtest3  (cost=0.43..10.42 rows=99 width=4)
	  Index Cond: ((id >= 1492922) AND (id <= 1493022))

table 4 : explain SELECT id FROM sbtest4 WHERE id BETWEEN 1492922 AND 1493022
	Index Only Scan using sbtest4_pkey on sbtest4  (cost=0.43..10.63 rows=110 width=4)
	  Index Cond: ((id >= 1492922) AND (id <= 1493022))

table 5 : explain SELECT id FROM sbtest5 WHERE id BETWEEN 1492922 AND 1493022
	Index Only Scan using sbtest5_pkey on sbtest5  (cost=0.43..10.36 rows=96 width=4)
	  Index Cond: ((id >= 1492922) AND (id <= 1493022))

table 6 : explain SELECT id FROM sbtest6 WHERE id BETWEEN 1492922 AND 1493022
	Index Only Scan using sbtest6_pkey on sbtest6  (cost=0.43..10.33 rows=95 width=4)
	  Index Cond: ((id >= 1492922) AND (id <= 1493022))

table 7 : explain SELECT id FROM sbtest7 WHERE id BETWEEN 1492922 AND 1493022
	Index Only Scan using sbtest7_pkey on sbtest7  (cost=0.43..10.51 rows=104 width=4)
	  Index Cond: ((id >= 1492922) AND (id <= 1493022))

table 8 : explain SELECT id FROM sbtest8 WHERE id BETWEEN 1492922 AND 1493022
	Index Only Scan using sbtest8_pkey on sbtest8  (cost=0.43..10.24 rows=90 width=4)
	  Index Cond: ((id >= 1492922) AND (id <= 1493022))

for range-covered
table 1 : explain SELECT id FROM sbtest1 WHERE id BETWEEN 3193871 AND 3193971
	Index Only Scan using sbtest1_pkey on sbtest1  (cost=0.43..10.33 rows=95 width=4)
	  Index Cond: ((id >= 3193871) AND (id <= 3193971))

table 2 : explain SELECT id FROM sbtest2 WHERE id BETWEEN 3193871 AND 3193971
	Index Only Scan using sbtest2_pkey on sbtest2  (cost=0.43..10.42 rows=99 width=4)
	  Index Cond: ((id >= 3193871) AND (id <= 3193971))

table 3 : explain SELECT id FROM sbtest3 WHERE id BETWEEN 3193871 AND 3193971
	Index Only Scan using sbtest3_pkey on sbtest3  (cost=0.43..10.32 rows=94 width=4)
	  Index Cond: ((id >= 3193871) AND (id <= 3193971))

table 4 : explain SELECT id FROM sbtest4 WHERE id BETWEEN 3193871 AND 3193971
	Index Only Scan using sbtest4_pkey on sbtest4  (cost=0.43..10.42 rows=99 width=4)
	  Index Cond: ((id >= 3193871) AND (id <= 3193971))

table 5 : explain SELECT id FROM sbtest5 WHERE id BETWEEN 3193871 AND 3193971
	Index Only Scan using sbtest5_pkey on sbtest5  (cost=0.43..10.51 rows=104 width=4)
	  Index Cond: ((id >= 3193871) AND (id <= 3193971))

table 6 : explain SELECT id FROM sbtest6 WHERE id BETWEEN 3193871 AND 3193971
	Index Only Scan using sbtest6_pkey on sbtest6  (cost=0.43..10.33 rows=95 width=4)
	  Index Cond: ((id >= 3193871) AND (id <= 3193971))

table 7 : explain SELECT id FROM sbtest7 WHERE id BETWEEN 3193871 AND 3193971
	Index Only Scan using sbtest7_pkey on sbtest7  (cost=0.43..10.28 rows=92 width=4)
	  Index Cond: ((id >= 3193871) AND (id <= 3193971))

table 8 : explain SELECT id FROM sbtest8 WHERE id BETWEEN 3193871 AND 3193971
	Index Only Scan using sbtest8_pkey on sbtest8  (cost=0.43..10.40 rows=98 width=4)
	  Index Cond: ((id >= 3193871) AND (id <= 3193971))

for range-covered
table 1 : explain SELECT id FROM sbtest1 WHERE id BETWEEN 4915784 AND 4915884
	Index Only Scan using sbtest1_pkey on sbtest1  (cost=0.43..10.47 rows=102 width=4)
	  Index Cond: ((id >= 4915784) AND (id <= 4915884))

table 2 : explain SELECT id FROM sbtest2 WHERE id BETWEEN 4915784 AND 4915884
	Index Only Scan using sbtest2_pkey on sbtest2  (cost=0.43..10.44 rows=100 width=4)
	  Index Cond: ((id >= 4915784) AND (id <= 4915884))

table 3 : explain SELECT id FROM sbtest3 WHERE id BETWEEN 4915784 AND 4915884
	Index Only Scan using sbtest3_pkey on sbtest3  (cost=0.43..10.58 rows=107 width=4)
	  Index Cond: ((id >= 4915784) AND (id <= 4915884))

table 4 : explain SELECT id FROM sbtest4 WHERE id BETWEEN 4915784 AND 4915884
	Index Only Scan using sbtest4_pkey on sbtest4  (cost=0.43..10.51 rows=104 width=4)
	  Index Cond: ((id >= 4915784) AND (id <= 4915884))

table 5 : explain SELECT id FROM sbtest5 WHERE id BETWEEN 4915784 AND 4915884
	Index Only Scan using sbtest5_pkey on sbtest5  (cost=0.43..10.47 rows=102 width=4)
	  Index Cond: ((id >= 4915784) AND (id <= 4915884))

table 6 : explain SELECT id FROM sbtest6 WHERE id BETWEEN 4915784 AND 4915884
	Index Only Scan using sbtest6_pkey on sbtest6  (cost=0.43..10.40 rows=98 width=4)
	  Index Cond: ((id >= 4915784) AND (id <= 4915884))

table 7 : explain SELECT id FROM sbtest7 WHERE id BETWEEN 4915784 AND 4915884
	Index Only Scan using sbtest7_pkey on sbtest7  (cost=0.43..10.46 rows=101 width=4)
	  Index Cond: ((id >= 4915784) AND (id <= 4915884))

table 8 : explain SELECT id FROM sbtest8 WHERE id BETWEEN 4915784 AND 4915884
	Index Only Scan using sbtest8_pkey on sbtest8  (cost=0.43..10.36 rows=96 width=4)
	  Index Cond: ((id >= 4915784) AND (id <= 4915884))
explain: for range-covered :: explain SELECT id FROM sbtest%d WHERE id BETWEEN 1492922 AND 1493022
explain: for range-covered :: explain SELECT id FROM sbtest%d WHERE id BETWEEN 3193871 AND 3193971

for range-covered
table 1 : explain SELECT id FROM sbtest1 WHERE id BETWEEN 887206 AND 887306
	Index Only Scan using sbtest1_pkey on sbtest1  (cost=0.43..10.44 rows=100 width=4)
	  Index Cond: ((id >= 887206) AND (id <= 887306))

table 2 : explain SELECT id FROM sbtest2 WHERE id BETWEEN 887206 AND 887306
	Index Only Scan using sbtest2_pkey on sbtest2  (cost=0.43..10.44 rows=100 width=4)
	  Index Cond: ((id >= 887206) AND (id <= 887306))

table 3 : explain SELECT id FROM sbtest3 WHERE id BETWEEN 887206 AND 887306
	Index Only Scan using sbtest3_pkey on sbtest3  (cost=0.43..10.58 rows=107 width=4)
	  Index Cond: ((id >= 887206) AND (id <= 887306))

table 4 : explain SELECT id FROM sbtest4 WHERE id BETWEEN 887206 AND 887306
	Index Only Scan using sbtest4_pkey on sbtest4  (cost=0.43..10.36 rows=96 width=4)
	  Index Cond: ((id >= 887206) AND (id <= 887306))

table 5 : explain SELECT id FROM sbtest5 WHERE id BETWEEN 887206 AND 887306
	Index Only Scan using sbtest5_pkey on sbtest5  (cost=0.43..10.50 rows=103 width=4)
	  Index Cond: ((id >= 887206) AND (id <= 887306))

table 6 : explain SELECT id FROM sbtest6 WHERE id BETWEEN 887206 AND 887306
	Index Only Scan using sbtest6_pkey on sbtest6  (cost=0.43..10.68 rows=112 width=4)
	  Index Cond: ((id >= 887206) AND (id <= 887306))

table 7 : explain SELECT id FROM sbtest7 WHERE id BETWEEN 887206 AND 887306
	Index Only Scan using sbtest7_pkey on sbtest7  (cost=0.43..10.54 rows=105 width=4)
	  Index Cond: ((id >= 887206) AND (id <= 887306))

table 8 : explain SELECT id FROM sbtest8 WHERE id BETWEEN 887206 AND 887306
	Index Only Scan using sbtest8_pkey on sbtest8  (cost=0.43..10.29 rows=93 width=4)
	  Index Cond: ((id >= 887206) AND (id <= 887306))

for range-covered
table 1 : explain SELECT id FROM sbtest1 WHERE id BETWEEN 6355475 AND 6355575
	Index Only Scan using sbtest1_pkey on sbtest1  (cost=0.43..10.44 rows=100 width=4)
	  Index Cond: ((id >= 6355475) AND (id <= 6355575))

table 2 : explain SELECT id FROM sbtest2 WHERE id BETWEEN 6355475 AND 6355575
	Index Only Scan using sbtest2_pkey on sbtest2  (cost=0.43..10.60 rows=108 width=4)
	  Index Cond: ((id >= 6355475) AND (id <= 6355575))

table 3 : explain SELECT id FROM sbtest3 WHERE id BETWEEN 6355475 AND 6355575
	Index Only Scan using sbtest3_pkey on sbtest3  (cost=0.43..10.42 rows=99 width=4)
	  Index Cond: ((id >= 6355475) AND (id <= 6355575))

table 4 : explain SELECT id FROM sbtest4 WHERE id BETWEEN 6355475 AND 6355575
	Index Only Scan using sbtest4_pkey on sbtest4  (cost=0.43..10.44 rows=100 width=4)
	  Index Cond: ((id >= 6355475) AND (id <= 6355575))

table 5 : explain SELECT id FROM sbtest5 WHERE id BETWEEN 6355475 AND 6355575
	Index Only Scan using sbtest5_pkey on sbtest5  (cost=0.43..10.44 rows=100 width=4)
	  Index Cond: ((id >= 6355475) AND (id <= 6355575))

table 6 : explain SELECT id FROM sbtest6 WHERE id BETWEEN 6355475 AND 6355575
	Index Only Scan using sbtest6_pkey on sbtest6  (cost=0.43..10.44 rows=100 width=4)
	  Index Cond: ((id >= 6355475) AND (id <= 6355575))

table 7 : explain SELECT id FROM sbtest7 WHERE id BETWEEN 6355475 AND 6355575
	Index Only Scan using sbtest7_pkey on sbtest7  (cost=0.43..10.46 rows=101 width=4)
	  Index Cond: ((id >= 6355475) AND (id <= 6355575))

table 8 : explain SELECT id FROM sbtest8 WHERE id BETWEEN 6355475 AND 6355575
	Index Only Scan using sbtest8_pkey on sbtest8  (cost=0.43..10.50 rows=103 width=4)
	  Index Cond: ((id >= 6355475) AND (id <= 6355575))

explain: for range-covered :: explain SELECT id FROM sbtest%d WHERE id BETWEEN 887206 AND 887306
explain: for range-covered :: explain SELECT id FROM sbtest%d WHERE id BETWEEN 6355475 AND 6355575
for range-covered
table 1 : explain SELECT id FROM sbtest1 WHERE id BETWEEN 2591027 AND 2591127
	Index Only Scan using sbtest1_pkey on sbtest1  (cost=0.43..10.68 rows=112 width=4)
	  Index Cond: ((id >= 2591027) AND (id <= 2591127))

table 2 : explain SELECT id FROM sbtest2 WHERE id BETWEEN 2591027 AND 2591127
	Index Only Scan using sbtest2_pkey on sbtest2  (cost=0.43..10.58 rows=107 width=4)
	  Index Cond: ((id >= 2591027) AND (id <= 2591127))

table 3 : explain SELECT id FROM sbtest3 WHERE id BETWEEN 2591027 AND 2591127
	Index Only Scan using sbtest3_pkey on sbtest3  (cost=0.43..10.38 rows=97 width=4)
	  Index Cond: ((id >= 2591027) AND (id <= 2591127))

table 4 : explain SELECT id FROM sbtest4 WHERE id BETWEEN 2591027 AND 2591127
	Index Only Scan using sbtest4_pkey on sbtest4  (cost=0.43..10.44 rows=100 width=4)
	  Index Cond: ((id >= 2591027) AND (id <= 2591127))

table 5 : explain SELECT id FROM sbtest5 WHERE id BETWEEN 2591027 AND 2591127
	Index Only Scan using sbtest5_pkey on sbtest5  (cost=0.43..10.46 rows=101 width=4)
	  Index Cond: ((id >= 2591027) AND (id <= 2591127))

table 6 : explain SELECT id FROM sbtest6 WHERE id BETWEEN 2591027 AND 2591127
	Index Only Scan using sbtest6_pkey on sbtest6  (cost=0.43..10.50 rows=103 width=4)
	  Index Cond: ((id >= 2591027) AND (id <= 2591127))

table 7 : explain SELECT id FROM sbtest7 WHERE id BETWEEN 2591027 AND 2591127
	Index Only Scan using sbtest7_pkey on sbtest7  (cost=0.43..10.33 rows=95 width=4)
	  Index Cond: ((id >= 2591027) AND (id <= 2591127))

table 8 : explain SELECT id FROM sbtest8 WHERE id BETWEEN 2591027 AND 2591127
	Index Only Scan using sbtest8_pkey on sbtest8  (cost=0.43..10.29 rows=93 width=4)
	  Index Cond: ((id >= 2591027) AND (id <= 2591127))

explain: for range-covered :: explain SELECT id FROM sbtest%d WHERE id BETWEEN 2591027 AND 2591127
for range-covered
table 1 : explain SELECT id FROM sbtest1 WHERE id BETWEEN 9197083 AND 9197183
	Index Only Scan using sbtest1_pkey on sbtest1  (cost=0.43..10.38 rows=97 width=4)
	  Index Cond: ((id >= 9197083) AND (id <= 9197183))

table 2 : explain SELECT id FROM sbtest2 WHERE id BETWEEN 9197083 AND 9197183
	Index Only Scan using sbtest2_pkey on sbtest2  (cost=0.43..10.38 rows=97 width=4)
	  Index Cond: ((id >= 9197083) AND (id <= 9197183))

table 3 : explain SELECT id FROM sbtest3 WHERE id BETWEEN 9197083 AND 9197183
	Index Only Scan using sbtest3_pkey on sbtest3  (cost=0.43..10.51 rows=104 width=4)
	  Index Cond: ((id >= 9197083) AND (id <= 9197183))

table 4 : explain SELECT id FROM sbtest4 WHERE id BETWEEN 9197083 AND 9197183
	Index Only Scan using sbtest4_pkey on sbtest4  (cost=0.43..10.42 rows=99 width=4)
	  Index Cond: ((id >= 9197083) AND (id <= 9197183))

table 5 : explain SELECT id FROM sbtest5 WHERE id BETWEEN 9197083 AND 9197183
	Index Only Scan using sbtest5_pkey on sbtest5  (cost=0.43..10.32 rows=94 width=4)
	  Index Cond: ((id >= 9197083) AND (id <= 9197183))

table 6 : explain SELECT id FROM sbtest6 WHERE id BETWEEN 9197083 AND 9197183
	Index Only Scan using sbtest6_pkey on sbtest6  (cost=0.43..10.50 rows=103 width=4)
	  Index Cond: ((id >= 9197083) AND (id <= 9197183))

table 7 : explain SELECT id FROM sbtest7 WHERE id BETWEEN 9197083 AND 9197183
	Index Only Scan using sbtest7_pkey on sbtest7  (cost=0.43..10.32 rows=94 width=4)
	  Index Cond: ((id >= 9197083) AND (id <= 9197183))

table 8 : explain SELECT id FROM sbtest8 WHERE id BETWEEN 9197083 AND 9197183
	Index Only Scan using sbtest8_pkey on sbtest8  (cost=0.43..10.60 rows=108 width=4)
	  Index Cond: ((id >= 9197083) AND (id <= 9197183))

explain: for range-covered :: explain SELECT id FROM sbtest%d WHERE id BETWEEN 9197083 AND 9197183
for range-covered
table 1 : explain SELECT id FROM sbtest1 WHERE id BETWEEN 3193871 AND 3193971
	Index Only Scan using sbtest1_pkey on sbtest1  (cost=0.43..10.33 rows=95 width=4)
	  Index Cond: ((id >= 3193871) AND (id <= 3193971))

table 2 : explain SELECT id FROM sbtest2 WHERE id BETWEEN 3193871 AND 3193971
	Index Only Scan using sbtest2_pkey on sbtest2  (cost=0.43..10.42 rows=99 width=4)
	  Index Cond: ((id >= 3193871) AND (id <= 3193971))

table 3 : explain SELECT id FROM sbtest3 WHERE id BETWEEN 3193871 AND 3193971
	Index Only Scan using sbtest3_pkey on sbtest3  (cost=0.43..10.32 rows=94 width=4)
	  Index Cond: ((id >= 3193871) AND (id <= 3193971))

table 4 : explain SELECT id FROM sbtest4 WHERE id BETWEEN 3193871 AND 3193971
	Index Only Scan using sbtest4_pkey on sbtest4  (cost=0.43..10.42 rows=99 width=4)
	  Index Cond: ((id >= 3193871) AND (id <= 3193971))

table 5 : explain SELECT id FROM sbtest5 WHERE id BETWEEN 3193871 AND 3193971
	Index Only Scan using sbtest5_pkey on sbtest5  (cost=0.43..10.51 rows=104 width=4)
	  Index Cond: ((id >= 3193871) AND (id <= 3193971))

table 6 : explain SELECT id FROM sbtest6 WHERE id BETWEEN 3193871 AND 3193971
	Index Only Scan using sbtest6_pkey on sbtest6  (cost=0.43..10.33 rows=95 width=4)
	  Index Cond: ((id >= 3193871) AND (id <= 3193971))

table 7 : explain SELECT id FROM sbtest7 WHERE id BETWEEN 3193871 AND 3193971
	Index Only Scan using sbtest7_pkey on sbtest7  (cost=0.43..10.28 rows=92 width=4)
	  Index Cond: ((id >= 3193871) AND (id <= 3193971))

table 8 : explain SELECT id FROM sbtest8 WHERE id BETWEEN 3193871 AND 3193971
	Index Only Scan using sbtest8_pkey on sbtest8  (cost=0.43..10.40 rows=98 width=4)
	  Index Cond: ((id >= 3193871) AND (id <= 3193971))

for range-covered
table 1 : explain SELECT id FROM sbtest1 WHERE id BETWEEN 7231703 AND 7231803
	Index Only Scan using sbtest1_pkey on sbtest1  (cost=0.43..10.42 rows=99 width=4)
	  Index Cond: ((id >= 7231703) AND (id <= 7231803))

table 2 : explain SELECT id FROM sbtest2 WHERE id BETWEEN 7231703 AND 7231803
	Index Only Scan using sbtest2_pkey on sbtest2  (cost=0.43..10.68 rows=112 width=4)
	  Index Cond: ((id >= 7231703) AND (id <= 7231803))

table 3 : explain SELECT id FROM sbtest3 WHERE id BETWEEN 7231703 AND 7231803
	Index Only Scan using sbtest3_pkey on sbtest3  (cost=0.43..10.32 rows=94 width=4)
	  Index Cond: ((id >= 7231703) AND (id <= 7231803))

table 4 : explain SELECT id FROM sbtest4 WHERE id BETWEEN 7231703 AND 7231803
	Index Only Scan using sbtest4_pkey on sbtest4  (cost=0.43..10.33 rows=95 width=4)
	  Index Cond: ((id >= 7231703) AND (id <= 7231803))

table 5 : explain SELECT id FROM sbtest5 WHERE id BETWEEN 7231703 AND 7231803
	Index Only Scan using sbtest5_pkey on sbtest5  (cost=0.43..10.70 rows=113 width=4)
	  Index Cond: ((id >= 7231703) AND (id <= 7231803))

table 6 : explain SELECT id FROM sbtest6 WHERE id BETWEEN 7231703 AND 7231803
	Index Only Scan using sbtest6_pkey on sbtest6  (cost=0.43..10.46 rows=101 width=4)
	  Index Cond: ((id >= 7231703) AND (id <= 7231803))

table 7 : explain SELECT id FROM sbtest7 WHERE id BETWEEN 7231703 AND 7231803
	Index Only Scan using sbtest7_pkey on sbtest7  (cost=0.43..10.33 rows=95 width=4)
	  Index Cond: ((id >= 7231703) AND (id <= 7231803))

table 8 : explain SELECT id FROM sbtest8 WHERE id BETWEEN 7231703 AND 7231803
	Index Only Scan using sbtest8_pkey on sbtest8  (cost=0.43..10.50 rows=103 width=4)
	  Index Cond: ((id >= 7231703) AND (id <= 7231803))

explain: for range-covered :: explain SELECT id FROM sbtest%d WHERE id BETWEEN 7231703 AND 7231803
for range-covered
table 1 : explain SELECT id FROM sbtest1 WHERE id BETWEEN 6355475 AND 6355575
	Index Only Scan using sbtest1_pkey on sbtest1  (cost=0.43..10.44 rows=100 width=4)
	  Index Cond: ((id >= 6355475) AND (id <= 6355575))

table 2 : explain SELECT id FROM sbtest2 WHERE id BETWEEN 6355475 AND 6355575
	Index Only Scan using sbtest2_pkey on sbtest2  (cost=0.43..10.60 rows=108 width=4)
	  Index Cond: ((id >= 6355475) AND (id <= 6355575))

table 3 : explain SELECT id FROM sbtest3 WHERE id BETWEEN 6355475 AND 6355575
	Index Only Scan using sbtest3_pkey on sbtest3  (cost=0.43..10.42 rows=99 width=4)
	  Index Cond: ((id >= 6355475) AND (id <= 6355575))

table 4 : explain SELECT id FROM sbtest4 WHERE id BETWEEN 6355475 AND 6355575
	Index Only Scan using sbtest4_pkey on sbtest4  (cost=0.43..10.44 rows=100 width=4)
	  Index Cond: ((id >= 6355475) AND (id <= 6355575))

table 5 : explain SELECT id FROM sbtest5 WHERE id BETWEEN 6355475 AND 6355575
	Index Only Scan using sbtest5_pkey on sbtest5  (cost=0.43..10.44 rows=100 width=4)
	  Index Cond: ((id >= 6355475) AND (id <= 6355575))

table 6 : explain SELECT id FROM sbtest6 WHERE id BETWEEN 6355475 AND 6355575
	Index Only Scan using sbtest6_pkey on sbtest6  (cost=0.43..10.44 rows=100 width=4)
	  Index Cond: ((id >= 6355475) AND (id <= 6355575))

table 7 : explain SELECT id FROM sbtest7 WHERE id BETWEEN 6355475 AND 6355575
	Index Only Scan using sbtest7_pkey on sbtest7  (cost=0.43..10.46 rows=101 width=4)
	  Index Cond: ((id >= 6355475) AND (id <= 6355575))

table 8 : explain SELECT id FROM sbtest8 WHERE id BETWEEN 6355475 AND 6355575
	Index Only Scan using sbtest8_pkey on sbtest8  (cost=0.43..10.50 rows=103 width=4)
	  Index Cond: ((id >= 6355475) AND (id <= 6355575))

for range-covered
table 1 : explain SELECT id FROM sbtest1 WHERE id BETWEEN 1492922 AND 1493022
	Index Only Scan using sbtest1_pkey on sbtest1  (cost=0.43..10.22 rows=89 width=4)
	  Index Cond: ((id >= 1492922) AND (id <= 1493022))

table 2 : explain SELECT id FROM sbtest2 WHERE id BETWEEN 1492922 AND 1493022
	Index Only Scan using sbtest2_pkey on sbtest2  (cost=0.43..10.63 rows=110 width=4)
	  Index Cond: ((id >= 1492922) AND (id <= 1493022))

table 3 : explain SELECT id FROM sbtest3 WHERE id BETWEEN 1492922 AND 1493022
	Index Only Scan using sbtest3_pkey on sbtest3  (cost=0.43..10.42 rows=99 width=4)
	  Index Cond: ((id >= 1492922) AND (id <= 1493022))

table 4 : explain SELECT id FROM sbtest4 WHERE id BETWEEN 1492922 AND 1493022
	Index Only Scan using sbtest4_pkey on sbtest4  (cost=0.43..10.63 rows=110 width=4)
	  Index Cond: ((id >= 1492922) AND (id <= 1493022))

table 5 : explain SELECT id FROM sbtest5 WHERE id BETWEEN 1492922 AND 1493022
	Index Only Scan using sbtest5_pkey on sbtest5  (cost=0.43..10.36 rows=96 width=4)
	  Index Cond: ((id >= 1492922) AND (id <= 1493022))

table 6 : explain SELECT id FROM sbtest6 WHERE id BETWEEN 1492922 AND 1493022
	Index Only Scan using sbtest6_pkey on sbtest6  (cost=0.43..10.33 rows=95 width=4)
	  Index Cond: ((id >= 1492922) AND (id <= 1493022))

table 7 : explain SELECT id FROM sbtest7 WHERE id BETWEEN 1492922 AND 1493022
	Index Only Scan using sbtest7_pkey on sbtest7  (cost=0.43..10.51 rows=104 width=4)
	  Index Cond: ((id >= 1492922) AND (id <= 1493022))

table 8 : explain SELECT id FROM sbtest8 WHERE id BETWEEN 1492922 AND 1493022
	Index Only Scan using sbtest8_pkey on sbtest8  (cost=0.43..10.24 rows=90 width=4)
	  Index Cond: ((id >= 1492922) AND (id <= 1493022))

for range-covered
table 1 : explain SELECT id FROM sbtest1 WHERE id BETWEEN 887206 AND 887306
	Index Only Scan using sbtest1_pkey on sbtest1  (cost=0.43..10.44 rows=100 width=4)
	  Index Cond: ((id >= 887206) AND (id <= 887306))

table 2 : explain SELECT id FROM sbtest2 WHERE id BETWEEN 887206 AND 887306
	Index Only Scan using sbtest2_pkey on sbtest2  (cost=0.43..10.44 rows=100 width=4)
	  Index Cond: ((id >= 887206) AND (id <= 887306))

table 3 : explain SELECT id FROM sbtest3 WHERE id BETWEEN 887206 AND 887306
	Index Only Scan using sbtest3_pkey on sbtest3  (cost=0.43..10.58 rows=107 width=4)
	  Index Cond: ((id >= 887206) AND (id <= 887306))

table 4 : explain SELECT id FROM sbtest4 WHERE id BETWEEN 887206 AND 887306
	Index Only Scan using sbtest4_pkey on sbtest4  (cost=0.43..10.36 rows=96 width=4)
	  Index Cond: ((id >= 887206) AND (id <= 887306))

table 5 : explain SELECT id FROM sbtest5 WHERE id BETWEEN 887206 AND 887306
	Index Only Scan using sbtest5_pkey on sbtest5  (cost=0.43..10.50 rows=103 width=4)
	  Index Cond: ((id >= 887206) AND (id <= 887306))

table 6 : explain SELECT id FROM sbtest6 WHERE id BETWEEN 887206 AND 887306
	Index Only Scan using sbtest6_pkey on sbtest6  (cost=0.43..10.68 rows=112 width=4)
	  Index Cond: ((id >= 887206) AND (id <= 887306))

table 7 : explain SELECT id FROM sbtest7 WHERE id BETWEEN 887206 AND 887306
	Index Only Scan using sbtest7_pkey on sbtest7  (cost=0.43..10.54 rows=105 width=4)
	  Index Cond: ((id >= 887206) AND (id <= 887306))

table 8 : explain SELECT id FROM sbtest8 WHERE id BETWEEN 887206 AND 887306
	Index Only Scan using sbtest8_pkey on sbtest8  (cost=0.43..10.29 rows=93 width=4)
	  Index Cond: ((id >= 887206) AND (id <= 887306))

explain: for range-covered :: explain SELECT id FROM sbtest%d WHERE id BETWEEN 1492922 AND 1493022
explain: for range-covered :: explain SELECT id FROM sbtest%d WHERE id BETWEEN 6355475 AND 6355575
for range-covered
table 1 : explain SELECT id FROM sbtest1 WHERE id BETWEEN 2591027 AND 2591127
	Index Only Scan using sbtest1_pkey on sbtest1  (cost=0.43..10.68 rows=112 width=4)
	  Index Cond: ((id >= 2591027) AND (id <= 2591127))

table 2 : explain SELECT id FROM sbtest2 WHERE id BETWEEN 2591027 AND 2591127
	Index Only Scan using sbtest2_pkey on sbtest2  (cost=0.43..10.58 rows=107 width=4)
	  Index Cond: ((id >= 2591027) AND (id <= 2591127))

table 3 : explain SELECT id FROM sbtest3 WHERE id BETWEEN 2591027 AND 2591127
	Index Only Scan using sbtest3_pkey on sbtest3  (cost=0.43..10.38 rows=97 width=4)
	  Index Cond: ((id >= 2591027) AND (id <= 2591127))

table 4 : explain SELECT id FROM sbtest4 WHERE id BETWEEN 2591027 AND 2591127
	Index Only Scan using sbtest4_pkey on sbtest4  (cost=0.43..10.44 rows=100 width=4)
	  Index Cond: ((id >= 2591027) AND (id <= 2591127))

table 5 : explain SELECT id FROM sbtest5 WHERE id BETWEEN 2591027 AND 2591127
	Index Only Scan using sbtest5_pkey on sbtest5  (cost=0.43..10.46 rows=101 width=4)
	  Index Cond: ((id >= 2591027) AND (id <= 2591127))

table 6 : explain SELECT id FROM sbtest6 WHERE id BETWEEN 2591027 AND 2591127
	Index Only Scan using sbtest6_pkey on sbtest6  (cost=0.43..10.50 rows=103 width=4)
	  Index Cond: ((id >= 2591027) AND (id <= 2591127))

table 7 : explain SELECT id FROM sbtest7 WHERE id BETWEEN 2591027 AND 2591127
	Index Only Scan using sbtest7_pkey on sbtest7  (cost=0.43..10.33 rows=95 width=4)
	  Index Cond: ((id >= 2591027) AND (id <= 2591127))

table 8 : explain SELECT id FROM sbtest8 WHERE id BETWEEN 2591027 AND 2591127
	Index Only Scan using sbtest8_pkey on sbtest8  (cost=0.43..10.29 rows=93 width=4)
	  Index Cond: ((id >= 2591027) AND (id <= 2591127))

for range-covered
table 1 : explain SELECT id FROM sbtest1 WHERE id BETWEEN 8837271 AND 8837371
	Index Only Scan using sbtest1_pkey on sbtest1  (cost=0.43..10.33 rows=95 width=4)
	  Index Cond: ((id >= 8837271) AND (id <= 8837371))

table 2 : explain SELECT id FROM sbtest2 WHERE id BETWEEN 8837271 AND 8837371
	Index Only Scan using sbtest2_pkey on sbtest2  (cost=0.43..10.63 rows=110 width=4)
	  Index Cond: ((id >= 8837271) AND (id <= 8837371))

table 3 : explain SELECT id FROM sbtest3 WHERE id BETWEEN 8837271 AND 8837371
	Index Only Scan using sbtest3_pkey on sbtest3  (cost=0.43..10.32 rows=94 width=4)
	  Index Cond: ((id >= 8837271) AND (id <= 8837371))

table 4 : explain SELECT id FROM sbtest4 WHERE id BETWEEN 8837271 AND 8837371
	Index Only Scan using sbtest4_pkey on sbtest4  (cost=0.43..10.50 rows=103 width=4)
	  Index Cond: ((id >= 8837271) AND (id <= 8837371))

table 5 : explain SELECT id FROM sbtest5 WHERE id BETWEEN 8837271 AND 8837371
	Index Only Scan using sbtest5_pkey on sbtest5  (cost=0.43..10.63 rows=110 width=4)
	  Index Cond: ((id >= 8837271) AND (id <= 8837371))

table 6 : explain SELECT id FROM sbtest6 WHERE id BETWEEN 8837271 AND 8837371
	Index Only Scan using sbtest6_pkey on sbtest6  (cost=0.43..10.58 rows=107 width=4)
	  Index Cond: ((id >= 8837271) AND (id <= 8837371))

table 7 : explain SELECT id FROM sbtest7 WHERE id BETWEEN 8837271 AND 8837371
	Index Only Scan using sbtest7_pkey on sbtest7  (cost=0.43..10.42 rows=99 width=4)
	  Index Cond: ((id >= 8837271) AND (id <= 8837371))

table 8 : explain SELECT id FROM sbtest8 WHERE id BETWEEN 8837271 AND 8837371
	Index Only Scan using sbtest8_pkey on sbtest8  (cost=0.43..10.36 rows=96 width=4)
	  Index Cond: ((id >= 8837271) AND (id <= 8837371))

explain: for range-covered :: explain SELECT id FROM sbtest%d WHERE id BETWEEN 2591027 AND 2591127
for range-covered
table 1 : explain SELECT id FROM sbtest1 WHERE id BETWEEN 9197083 AND 9197183
	Index Only Scan using sbtest1_pkey on sbtest1  (cost=0.43..10.38 rows=97 width=4)
	  Index Cond: ((id >= 9197083) AND (id <= 9197183))

table 2 : explain SELECT id FROM sbtest2 WHERE id BETWEEN 9197083 AND 9197183
	Index Only Scan using sbtest2_pkey on sbtest2  (cost=0.43..10.38 rows=97 width=4)
	  Index Cond: ((id >= 9197083) AND (id <= 9197183))

table 3 : explain SELECT id FROM sbtest3 WHERE id BETWEEN 9197083 AND 9197183
	Index Only Scan using sbtest3_pkey on sbtest3  (cost=0.43..10.51 rows=104 width=4)
	  Index Cond: ((id >= 9197083) AND (id <= 9197183))

table 4 : explain SELECT id FROM sbtest4 WHERE id BETWEEN 9197083 AND 9197183
	Index Only Scan using sbtest4_pkey on sbtest4  (cost=0.43..10.42 rows=99 width=4)
	  Index Cond: ((id >= 9197083) AND (id <= 9197183))

table 5 : explain SELECT id FROM sbtest5 WHERE id BETWEEN 9197083 AND 9197183
	Index Only Scan using sbtest5_pkey on sbtest5  (cost=0.43..10.32 rows=94 width=4)
	  Index Cond: ((id >= 9197083) AND (id <= 9197183))

table 6 : explain SELECT id FROM sbtest6 WHERE id BETWEEN 9197083 AND 9197183
	Index Only Scan using sbtest6_pkey on sbtest6  (cost=0.43..10.50 rows=103 width=4)
	  Index Cond: ((id >= 9197083) AND (id <= 9197183))

table 7 : explain SELECT id FROM sbtest7 WHERE id BETWEEN 9197083 AND 9197183
	Index Only Scan using sbtest7_pkey on sbtest7  (cost=0.43..10.32 rows=94 width=4)
	  Index Cond: ((id >= 9197083) AND (id <= 9197183))

table 8 : explain SELECT id FROM sbtest8 WHERE id BETWEEN 9197083 AND 9197183
	Index Only Scan using sbtest8_pkey on sbtest8  (cost=0.43..10.60 rows=108 width=4)
	  Index Cond: ((id >= 9197083) AND (id <= 9197183))

explain: for range-covered :: explain SELECT id FROM sbtest%d WHERE id BETWEEN 9197083 AND 9197183
explain: for range-covered :: explain SELECT id FROM sbtest%d WHERE id BETWEEN 8837271 AND 8837371
for range-covered
table 1 : explain SELECT id FROM sbtest1 WHERE id BETWEEN 1492922 AND 1493022
	Index Only Scan using sbtest1_pkey on sbtest1  (cost=0.43..10.22 rows=89 width=4)
	  Index Cond: ((id >= 1492922) AND (id <= 1493022))

table 2 : explain SELECT id FROM sbtest2 WHERE id BETWEEN 1492922 AND 1493022
	Index Only Scan using sbtest2_pkey on sbtest2  (cost=0.43..10.63 rows=110 width=4)
	  Index Cond: ((id >= 1492922) AND (id <= 1493022))

table 3 : explain SELECT id FROM sbtest3 WHERE id BETWEEN 1492922 AND 1493022
	Index Only Scan using sbtest3_pkey on sbtest3  (cost=0.43..10.42 rows=99 width=4)
	  Index Cond: ((id >= 1492922) AND (id <= 1493022))

table 4 : explain SELECT id FROM sbtest4 WHERE id BETWEEN 1492922 AND 1493022
	Index Only Scan using sbtest4_pkey on sbtest4  (cost=0.43..10.63 rows=110 width=4)
	  Index Cond: ((id >= 1492922) AND (id <= 1493022))

table 5 : explain SELECT id FROM sbtest5 WHERE id BETWEEN 1492922 AND 1493022
	Index Only Scan using sbtest5_pkey on sbtest5  (cost=0.43..10.36 rows=96 width=4)
	  Index Cond: ((id >= 1492922) AND (id <= 1493022))

table 6 : explain SELECT id FROM sbtest6 WHERE id BETWEEN 1492922 AND 1493022
	Index Only Scan using sbtest6_pkey on sbtest6  (cost=0.43..10.33 rows=95 width=4)
	  Index Cond: ((id >= 1492922) AND (id <= 1493022))

table 7 : explain SELECT id FROM sbtest7 WHERE id BETWEEN 1492922 AND 1493022
	Index Only Scan using sbtest7_pkey on sbtest7  (cost=0.43..10.51 rows=104 width=4)
	  Index Cond: ((id >= 1492922) AND (id <= 1493022))

table 8 : explain SELECT id FROM sbtest8 WHERE id BETWEEN 1492922 AND 1493022
	Index Only Scan using sbtest8_pkey on sbtest8  (cost=0.43..10.24 rows=90 width=4)
	  Index Cond: ((id >= 1492922) AND (id <= 1493022))

explain: for range-covered :: explain SELECT id FROM sbtest%d WHERE id BETWEEN 1492922 AND 1493022
for range-covered
table 1 : explain SELECT id FROM sbtest1 WHERE id BETWEEN 2591027 AND 2591127
	Index Only Scan using sbtest1_pkey on sbtest1  (cost=0.43..10.68 rows=112 width=4)
	  Index Cond: ((id >= 2591027) AND (id <= 2591127))

table 2 : explain SELECT id FROM sbtest2 WHERE id BETWEEN 2591027 AND 2591127
	Index Only Scan using sbtest2_pkey on sbtest2  (cost=0.43..10.58 rows=107 width=4)
	  Index Cond: ((id >= 2591027) AND (id <= 2591127))

table 3 : explain SELECT id FROM sbtest3 WHERE id BETWEEN 2591027 AND 2591127
	Index Only Scan using sbtest3_pkey on sbtest3  (cost=0.43..10.38 rows=97 width=4)
	  Index Cond: ((id >= 2591027) AND (id <= 2591127))

table 4 : explain SELECT id FROM sbtest4 WHERE id BETWEEN 2591027 AND 2591127
	Index Only Scan using sbtest4_pkey on sbtest4  (cost=0.43..10.44 rows=100 width=4)
	  Index Cond: ((id >= 2591027) AND (id <= 2591127))

table 5 : explain SELECT id FROM sbtest5 WHERE id BETWEEN 2591027 AND 2591127
	Index Only Scan using sbtest5_pkey on sbtest5  (cost=0.43..10.46 rows=101 width=4)
	  Index Cond: ((id >= 2591027) AND (id <= 2591127))

table 6 : explain SELECT id FROM sbtest6 WHERE id BETWEEN 2591027 AND 2591127
	Index Only Scan using sbtest6_pkey on sbtest6  (cost=0.43..10.50 rows=103 width=4)
	  Index Cond: ((id >= 2591027) AND (id <= 2591127))

table 7 : explain SELECT id FROM sbtest7 WHERE id BETWEEN 2591027 AND 2591127
	Index Only Scan using sbtest7_pkey on sbtest7  (cost=0.43..10.33 rows=95 width=4)
	  Index Cond: ((id >= 2591027) AND (id <= 2591127))

table 8 : explain SELECT id FROM sbtest8 WHERE id BETWEEN 2591027 AND 2591127
	Index Only Scan using sbtest8_pkey on sbtest8  (cost=0.43..10.29 rows=93 width=4)
	  Index Cond: ((id >= 2591027) AND (id <= 2591127))

for range-covered
table 1 : explain SELECT id FROM sbtest1 WHERE id BETWEEN 9197083 AND 9197183
	Index Only Scan using sbtest1_pkey on sbtest1  (cost=0.43..10.38 rows=97 width=4)
	  Index Cond: ((id >= 9197083) AND (id <= 9197183))

table 2 : explain SELECT id FROM sbtest2 WHERE id BETWEEN 9197083 AND 9197183
	Index Only Scan using sbtest2_pkey on sbtest2  (cost=0.43..10.38 rows=97 width=4)
	  Index Cond: ((id >= 9197083) AND (id <= 9197183))

table 3 : explain SELECT id FROM sbtest3 WHERE id BETWEEN 9197083 AND 9197183
	Index Only Scan using sbtest3_pkey on sbtest3  (cost=0.43..10.51 rows=104 width=4)
	  Index Cond: ((id >= 9197083) AND (id <= 9197183))

table 4 : explain SELECT id FROM sbtest4 WHERE id BETWEEN 9197083 AND 9197183
	Index Only Scan using sbtest4_pkey on sbtest4  (cost=0.43..10.42 rows=99 width=4)
	  Index Cond: ((id >= 9197083) AND (id <= 9197183))

table 5 : explain SELECT id FROM sbtest5 WHERE id BETWEEN 9197083 AND 9197183
	Index Only Scan using sbtest5_pkey on sbtest5  (cost=0.43..10.32 rows=94 width=4)
	  Index Cond: ((id >= 9197083) AND (id <= 9197183))

table 6 : explain SELECT id FROM sbtest6 WHERE id BETWEEN 9197083 AND 9197183
	Index Only Scan using sbtest6_pkey on sbtest6  (cost=0.43..10.50 rows=103 width=4)
	  Index Cond: ((id >= 9197083) AND (id <= 9197183))

table 7 : explain SELECT id FROM sbtest7 WHERE id BETWEEN 9197083 AND 9197183
	Index Only Scan using sbtest7_pkey on sbtest7  (cost=0.43..10.32 rows=94 width=4)
	  Index Cond: ((id >= 9197083) AND (id <= 9197183))

table 8 : explain SELECT id FROM sbtest8 WHERE id BETWEEN 9197083 AND 9197183
	Index Only Scan using sbtest8_pkey on sbtest8  (cost=0.43..10.60 rows=108 width=4)
	  Index Cond: ((id >= 9197083) AND (id <= 9197183))

explain: for range-covered :: explain SELECT id FROM sbtest%d WHERE id BETWEEN 9197083 AND 9197183
for range-covered
table 1 : explain SELECT id FROM sbtest1 WHERE id BETWEEN 6355475 AND 6355575
	Index Only Scan using sbtest1_pkey on sbtest1  (cost=0.43..10.44 rows=100 width=4)
	  Index Cond: ((id >= 6355475) AND (id <= 6355575))

table 2 : explain SELECT id FROM sbtest2 WHERE id BETWEEN 6355475 AND 6355575
	Index Only Scan using sbtest2_pkey on sbtest2  (cost=0.43..10.60 rows=108 width=4)
	  Index Cond: ((id >= 6355475) AND (id <= 6355575))

table 3 : explain SELECT id FROM sbtest3 WHERE id BETWEEN 6355475 AND 6355575
	Index Only Scan using sbtest3_pkey on sbtest3  (cost=0.43..10.42 rows=99 width=4)
	  Index Cond: ((id >= 6355475) AND (id <= 6355575))

table 4 : explain SELECT id FROM sbtest4 WHERE id BETWEEN 6355475 AND 6355575
	Index Only Scan using sbtest4_pkey on sbtest4  (cost=0.43..10.44 rows=100 width=4)
	  Index Cond: ((id >= 6355475) AND (id <= 6355575))

table 5 : explain SELECT id FROM sbtest5 WHERE id BETWEEN 6355475 AND 6355575
	Index Only Scan using sbtest5_pkey on sbtest5  (cost=0.43..10.44 rows=100 width=4)
	  Index Cond: ((id >= 6355475) AND (id <= 6355575))

table 6 : explain SELECT id FROM sbtest6 WHERE id BETWEEN 6355475 AND 6355575
	Index Only Scan using sbtest6_pkey on sbtest6  (cost=0.43..10.44 rows=100 width=4)
	  Index Cond: ((id >= 6355475) AND (id <= 6355575))

table 7 : explain SELECT id FROM sbtest7 WHERE id BETWEEN 6355475 AND 6355575
	Index Only Scan using sbtest7_pkey on sbtest7  (cost=0.43..10.46 rows=101 width=4)
	  Index Cond: ((id >= 6355475) AND (id <= 6355575))

table 8 : explain SELECT id FROM sbtest8 WHERE id BETWEEN 6355475 AND 6355575
	Index Only Scan using sbtest8_pkey on sbtest8  (cost=0.43..10.50 rows=103 width=4)
	  Index Cond: ((id >= 6355475) AND (id <= 6355575))

for range-covered
table 1 : explain SELECT id FROM sbtest1 WHERE id BETWEEN 7231703 AND 7231803
	Index Only Scan using sbtest1_pkey on sbtest1  (cost=0.43..10.42 rows=99 width=4)
	  Index Cond: ((id >= 7231703) AND (id <= 7231803))

table 2 : explain SELECT id FROM sbtest2 WHERE id BETWEEN 7231703 AND 7231803
	Index Only Scan using sbtest2_pkey on sbtest2  (cost=0.43..10.68 rows=112 width=4)
	  Index Cond: ((id >= 7231703) AND (id <= 7231803))

table 3 : explain SELECT id FROM sbtest3 WHERE id BETWEEN 7231703 AND 7231803
	Index Only Scan using sbtest3_pkey on sbtest3  (cost=0.43..10.32 rows=94 width=4)
	  Index Cond: ((id >= 7231703) AND (id <= 7231803))

table 4 : explain SELECT id FROM sbtest4 WHERE id BETWEEN 7231703 AND 7231803
	Index Only Scan using sbtest4_pkey on sbtest4  (cost=0.43..10.33 rows=95 width=4)
	  Index Cond: ((id >= 7231703) AND (id <= 7231803))

table 5 : explain SELECT id FROM sbtest5 WHERE id BETWEEN 7231703 AND 7231803
	Index Only Scan using sbtest5_pkey on sbtest5  (cost=0.43..10.70 rows=113 width=4)
	  Index Cond: ((id >= 7231703) AND (id <= 7231803))

table 6 : explain SELECT id FROM sbtest6 WHERE id BETWEEN 7231703 AND 7231803
	Index Only Scan using sbtest6_pkey on sbtest6  (cost=0.43..10.46 rows=101 width=4)
	  Index Cond: ((id >= 7231703) AND (id <= 7231803))

table 7 : explain SELECT id FROM sbtest7 WHERE id BETWEEN 7231703 AND 7231803
	Index Only Scan using sbtest7_pkey on sbtest7  (cost=0.43..10.33 rows=95 width=4)
	  Index Cond: ((id >= 7231703) AND (id <= 7231803))

table 8 : explain SELECT id FROM sbtest8 WHERE id BETWEEN 7231703 AND 7231803
	Index Only Scan using sbtest8_pkey on sbtest8  (cost=0.43..10.50 rows=103 width=4)
	  Index Cond: ((id >= 7231703) AND (id <= 7231803))

for range-covered
table 1 : explain SELECT id FROM sbtest1 WHERE id BETWEEN 1492922 AND 1493022
	Index Only Scan using sbtest1_pkey on sbtest1  (cost=0.43..10.22 rows=89 width=4)
	  Index Cond: ((id >= 1492922) AND (id <= 1493022))

table 2 : explain SELECT id FROM sbtest2 WHERE id BETWEEN 1492922 AND 1493022
	Index Only Scan using sbtest2_pkey on sbtest2  (cost=0.43..10.63 rows=110 width=4)
	  Index Cond: ((id >= 1492922) AND (id <= 1493022))

table 3 : explain SELECT id FROM sbtest3 WHERE id BETWEEN 1492922 AND 1493022
	Index Only Scan using sbtest3_pkey on sbtest3  (cost=0.43..10.42 rows=99 width=4)
	  Index Cond: ((id >= 1492922) AND (id <= 1493022))

table 4 : explain SELECT id FROM sbtest4 WHERE id BETWEEN 1492922 AND 1493022
	Index Only Scan using sbtest4_pkey on sbtest4  (cost=0.43..10.63 rows=110 width=4)
	  Index Cond: ((id >= 1492922) AND (id <= 1493022))

table 5 : explain SELECT id FROM sbtest5 WHERE id BETWEEN 1492922 AND 1493022
	Index Only Scan using sbtest5_pkey on sbtest5  (cost=0.43..10.36 rows=96 width=4)
	  Index Cond: ((id >= 1492922) AND (id <= 1493022))

table 6 : explain SELECT id FROM sbtest6 WHERE id BETWEEN 1492922 AND 1493022
	Index Only Scan using sbtest6_pkey on sbtest6  (cost=0.43..10.33 rows=95 width=4)
	  Index Cond: ((id >= 1492922) AND (id <= 1493022))

table 7 : explain SELECT id FROM sbtest7 WHERE id BETWEEN 1492922 AND 1493022
	Index Only Scan using sbtest7_pkey on sbtest7  (cost=0.43..10.51 rows=104 width=4)
	  Index Cond: ((id >= 1492922) AND (id <= 1493022))

table 8 : explain SELECT id FROM sbtest8 WHERE id BETWEEN 1492922 AND 1493022
	Index Only Scan using sbtest8_pkey on sbtest8  (cost=0.43..10.24 rows=90 width=4)
	  Index Cond: ((id >= 1492922) AND (id <= 1493022))

explain: for range-covered :: explain SELECT id FROM sbtest%d WHERE id BETWEEN 7231703 AND 7231803
explain: for range-covered :: explain SELECT id FROM sbtest%d WHERE id BETWEEN 1492922 AND 1493022
for range-covered
table 1 : explain SELECT id FROM sbtest1 WHERE id BETWEEN 3044735 AND 3044835
	Index Only Scan using sbtest1_pkey on sbtest1  (cost=0.43..10.47 rows=102 width=4)
	  Index Cond: ((id >= 3044735) AND (id <= 3044835))

table 2 : explain SELECT id FROM sbtest2 WHERE id BETWEEN 3044735 AND 3044835
	Index Only Scan using sbtest2_pkey on sbtest2  (cost=0.43..10.47 rows=102 width=4)
	  Index Cond: ((id >= 3044735) AND (id <= 3044835))

table 3 : explain SELECT id FROM sbtest3 WHERE id BETWEEN 3044735 AND 3044835
	Index Only Scan using sbtest3_pkey on sbtest3  (cost=0.43..10.33 rows=95 width=4)
	  Index Cond: ((id >= 3044735) AND (id <= 3044835))

table 4 : explain SELECT id FROM sbtest4 WHERE id BETWEEN 3044735 AND 3044835
	Index Only Scan using sbtest4_pkey on sbtest4  (cost=0.43..10.86 rows=121 width=4)
	  Index Cond: ((id >= 3044735) AND (id <= 3044835))

table 5 : explain SELECT id FROM sbtest5 WHERE id BETWEEN 3044735 AND 3044835
	Index Only Scan using sbtest5_pkey on sbtest5  (cost=0.43..10.42 rows=99 width=4)
	  Index Cond: ((id >= 3044735) AND (id <= 3044835))

table 6 : explain SELECT id FROM sbtest6 WHERE id BETWEEN 3044735 AND 3044835
	Index Only Scan using sbtest6_pkey on sbtest6  (cost=0.43..10.47 rows=102 width=4)
	  Index Cond: ((id >= 3044735) AND (id <= 3044835))

table 7 : explain SELECT id FROM sbtest7 WHERE id BETWEEN 3044735 AND 3044835
	Index Only Scan using sbtest7_pkey on sbtest7  (cost=0.43..10.33 rows=95 width=4)
	  Index Cond: ((id >= 3044735) AND (id <= 3044835))

table 8 : explain SELECT id FROM sbtest8 WHERE id BETWEEN 3044735 AND 3044835
	Index Only Scan using sbtest8_pkey on sbtest8  (cost=0.43..10.40 rows=98 width=4)
	  Index Cond: ((id >= 3044735) AND (id <= 3044835))

for range-covered
table 1 : explain SELECT id FROM sbtest1 WHERE id BETWEEN 9197083 AND 9197183
	Index Only Scan using sbtest1_pkey on sbtest1  (cost=0.43..10.38 rows=97 width=4)
	  Index Cond: ((id >= 9197083) AND (id <= 9197183))

table 2 : explain SELECT id FROM sbtest2 WHERE id BETWEEN 9197083 AND 9197183
	Index Only Scan using sbtest2_pkey on sbtest2  (cost=0.43..10.38 rows=97 width=4)
	  Index Cond: ((id >= 9197083) AND (id <= 9197183))

table 3 : explain SELECT id FROM sbtest3 WHERE id BETWEEN 9197083 AND 9197183
	Index Only Scan using sbtest3_pkey on sbtest3  (cost=0.43..10.51 rows=104 width=4)
	  Index Cond: ((id >= 9197083) AND (id <= 9197183))

table 4 : explain SELECT id FROM sbtest4 WHERE id BETWEEN 9197083 AND 9197183
	Index Only Scan using sbtest4_pkey on sbtest4  (cost=0.43..10.42 rows=99 width=4)
	  Index Cond: ((id >= 9197083) AND (id <= 9197183))

table 5 : explain SELECT id FROM sbtest5 WHERE id BETWEEN 9197083 AND 9197183
	Index Only Scan using sbtest5_pkey on sbtest5  (cost=0.43..10.32 rows=94 width=4)
	  Index Cond: ((id >= 9197083) AND (id <= 9197183))

table 6 : explain SELECT id FROM sbtest6 WHERE id BETWEEN 9197083 AND 9197183
	Index Only Scan using sbtest6_pkey on sbtest6  (cost=0.43..10.50 rows=103 width=4)
	  Index Cond: ((id >= 9197083) AND (id <= 9197183))

table 7 : explain SELECT id FROM sbtest7 WHERE id BETWEEN 9197083 AND 9197183
	Index Only Scan using sbtest7_pkey on sbtest7  (cost=0.43..10.32 rows=94 width=4)
	  Index Cond: ((id >= 9197083) AND (id <= 9197183))

table 8 : explain SELECT id FROM sbtest8 WHERE id BETWEEN 9197083 AND 9197183
	Index Only Scan using sbtest8_pkey on sbtest8  (cost=0.43..10.60 rows=108 width=4)
	  Index Cond: ((id >= 9197083) AND (id <= 9197183))

explain: for range-covered :: explain SELECT id FROM sbtest%d WHERE id BETWEEN 9197083 AND 9197183
explain: for range-covered :: explain SELECT id FROM sbtest%d WHERE id BETWEEN 3044735 AND 3044835
for range-covered
table 1 : explain SELECT id FROM sbtest1 WHERE id BETWEEN 1492922 AND 1493022
	Index Only Scan using sbtest1_pkey on sbtest1  (cost=0.43..10.22 rows=89 width=4)
	  Index Cond: ((id >= 1492922) AND (id <= 1493022))

table 2 : explain SELECT id FROM sbtest2 WHERE id BETWEEN 1492922 AND 1493022
	Index Only Scan using sbtest2_pkey on sbtest2  (cost=0.43..10.63 rows=110 width=4)
	  Index Cond: ((id >= 1492922) AND (id <= 1493022))

table 3 : explain SELECT id FROM sbtest3 WHERE id BETWEEN 1492922 AND 1493022
	Index Only Scan using sbtest3_pkey on sbtest3  (cost=0.43..10.42 rows=99 width=4)
	  Index Cond: ((id >= 1492922) AND (id <= 1493022))

table 4 : explain SELECT id FROM sbtest4 WHERE id BETWEEN 1492922 AND 1493022
	Index Only Scan using sbtest4_pkey on sbtest4  (cost=0.43..10.63 rows=110 width=4)
	  Index Cond: ((id >= 1492922) AND (id <= 1493022))

table 5 : explain SELECT id FROM sbtest5 WHERE id BETWEEN 1492922 AND 1493022
	Index Only Scan using sbtest5_pkey on sbtest5  (cost=0.43..10.36 rows=96 width=4)
	  Index Cond: ((id >= 1492922) AND (id <= 1493022))

table 6 : explain SELECT id FROM sbtest6 WHERE id BETWEEN 1492922 AND 1493022
	Index Only Scan using sbtest6_pkey on sbtest6  (cost=0.43..10.33 rows=95 width=4)
	  Index Cond: ((id >= 1492922) AND (id <= 1493022))

table 7 : explain SELECT id FROM sbtest7 WHERE id BETWEEN 1492922 AND 1493022
	Index Only Scan using sbtest7_pkey on sbtest7  (cost=0.43..10.51 rows=104 width=4)
	  Index Cond: ((id >= 1492922) AND (id <= 1493022))

table 8 : explain SELECT id FROM sbtest8 WHERE id BETWEEN 1492922 AND 1493022
	Index Only Scan using sbtest8_pkey on sbtest8  (cost=0.43..10.24 rows=90 width=4)
	  Index Cond: ((id >= 1492922) AND (id <= 1493022))

for range-covered
table 1 : explain SELECT id FROM sbtest1 WHERE id BETWEEN 8837271 AND 8837371
	Index Only Scan using sbtest1_pkey on sbtest1  (cost=0.43..10.33 rows=95 width=4)
	  Index Cond: ((id >= 8837271) AND (id <= 8837371))

table 2 : explain SELECT id FROM sbtest2 WHERE id BETWEEN 8837271 AND 8837371
	Index Only Scan using sbtest2_pkey on sbtest2  (cost=0.43..10.63 rows=110 width=4)
	  Index Cond: ((id >= 8837271) AND (id <= 8837371))

table 3 : explain SELECT id FROM sbtest3 WHERE id BETWEEN 8837271 AND 8837371
	Index Only Scan using sbtest3_pkey on sbtest3  (cost=0.43..10.32 rows=94 width=4)
	  Index Cond: ((id >= 8837271) AND (id <= 8837371))

table 4 : explain SELECT id FROM sbtest4 WHERE id BETWEEN 8837271 AND 8837371
	Index Only Scan using sbtest4_pkey on sbtest4  (cost=0.43..10.50 rows=103 width=4)
	  Index Cond: ((id >= 8837271) AND (id <= 8837371))

table 5 : explain SELECT id FROM sbtest5 WHERE id BETWEEN 8837271 AND 8837371
	Index Only Scan using sbtest5_pkey on sbtest5  (cost=0.43..10.63 rows=110 width=4)
	  Index Cond: ((id >= 8837271) AND (id <= 8837371))

table 6 : explain SELECT id FROM sbtest6 WHERE id BETWEEN 8837271 AND 8837371
	Index Only Scan using sbtest6_pkey on sbtest6  (cost=0.43..10.58 rows=107 width=4)
	  Index Cond: ((id >= 8837271) AND (id <= 8837371))

table 7 : explain SELECT id FROM sbtest7 WHERE id BETWEEN 8837271 AND 8837371
	Index Only Scan using sbtest7_pkey on sbtest7  (cost=0.43..10.42 rows=99 width=4)
	  Index Cond: ((id >= 8837271) AND (id <= 8837371))

table 8 : explain SELECT id FROM sbtest8 WHERE id BETWEEN 8837271 AND 8837371
	Index Only Scan using sbtest8_pkey on sbtest8  (cost=0.43..10.36 rows=96 width=4)
	  Index Cond: ((id >= 8837271) AND (id <= 8837371))

for range-covered
table 1 : explain SELECT id FROM sbtest1 WHERE id BETWEEN 5672455 AND 5672555
	Index Only Scan using sbtest1_pkey on sbtest1  (cost=0.43..10.33 rows=95 width=4)
	  Index Cond: ((id >= 5672455) AND (id <= 5672555))

table 2 : explain SELECT id FROM sbtest2 WHERE id BETWEEN 5672455 AND 5672555
	Index Only Scan using sbtest2_pkey on sbtest2  (cost=0.43..10.36 rows=96 width=4)
	  Index Cond: ((id >= 5672455) AND (id <= 5672555))

table 3 : explain SELECT id FROM sbtest3 WHERE id BETWEEN 5672455 AND 5672555
	Index Only Scan using sbtest3_pkey on sbtest3  (cost=0.43..10.40 rows=98 width=4)
	  Index Cond: ((id >= 5672455) AND (id <= 5672555))

table 4 : explain SELECT id FROM sbtest4 WHERE id BETWEEN 5672455 AND 5672555
	Index Only Scan using sbtest4_pkey on sbtest4  (cost=0.43..10.46 rows=101 width=4)
	  Index Cond: ((id >= 5672455) AND (id <= 5672555))

table 5 : explain SELECT id FROM sbtest5 WHERE id BETWEEN 5672455 AND 5672555
	Index Only Scan using sbtest5_pkey on sbtest5  (cost=0.43..10.54 rows=105 width=4)
	  Index Cond: ((id >= 5672455) AND (id <= 5672555))

table 6 : explain SELECT id FROM sbtest6 WHERE id BETWEEN 5672455 AND 5672555
	Index Only Scan using sbtest6_pkey on sbtest6  (cost=0.43..10.46 rows=101 width=4)
	  Index Cond: ((id >= 5672455) AND (id <= 5672555))

table 7 : explain SELECT id FROM sbtest7 WHERE id BETWEEN 5672455 AND 5672555
	Index Only Scan using sbtest7_pkey on sbtest7  (cost=0.43..10.36 rows=96 width=4)
	  Index Cond: ((id >= 5672455) AND (id <= 5672555))

table 8 : explain SELECT id FROM sbtest8 WHERE id BETWEEN 5672455 AND 5672555
	Index Only Scan using sbtest8_pkey on sbtest8  (cost=0.43..10.26 rows=91 width=4)
	  Index Cond: ((id >= 5672455) AND (id <= 5672555))

explain: for range-covered :: explain SELECT id FROM sbtest%d WHERE id BETWEEN 8837271 AND 8837371
explain: for range-covered :: explain SELECT id FROM sbtest%d WHERE id BETWEEN 4915784 AND 4915884
explain: for range-covered :: explain SELECT id FROM sbtest%d WHERE id BETWEEN 1492922 AND 1493022
for range-covered
table 1 : explain SELECT id FROM sbtest1 WHERE id BETWEEN 9197083 AND 9197183
	Index Only Scan using sbtest1_pkey on sbtest1  (cost=0.43..10.38 rows=97 width=4)
	  Index Cond: ((id >= 9197083) AND (id <= 9197183))

table 2 : explain SELECT id FROM sbtest2 WHERE id BETWEEN 9197083 AND 9197183
	Index Only Scan using sbtest2_pkey on sbtest2  (cost=0.43..10.38 rows=97 width=4)
	  Index Cond: ((id >= 9197083) AND (id <= 9197183))

table 3 : explain SELECT id FROM sbtest3 WHERE id BETWEEN 9197083 AND 9197183
	Index Only Scan using sbtest3_pkey on sbtest3  (cost=0.43..10.51 rows=104 width=4)
	  Index Cond: ((id >= 9197083) AND (id <= 9197183))

table 4 : explain SELECT id FROM sbtest4 WHERE id BETWEEN 9197083 AND 9197183
	Index Only Scan using sbtest4_pkey on sbtest4  (cost=0.43..10.42 rows=99 width=4)
	  Index Cond: ((id >= 9197083) AND (id <= 9197183))

table 5 : explain SELECT id FROM sbtest5 WHERE id BETWEEN 9197083 AND 9197183
	Index Only Scan using sbtest5_pkey on sbtest5  (cost=0.43..10.32 rows=94 width=4)
	  Index Cond: ((id >= 9197083) AND (id <= 9197183))

table 6 : explain SELECT id FROM sbtest6 WHERE id BETWEEN 9197083 AND 9197183
	Index Only Scan using sbtest6_pkey on sbtest6  (cost=0.43..10.50 rows=103 width=4)
	  Index Cond: ((id >= 9197083) AND (id <= 9197183))

table 7 : explain SELECT id FROM sbtest7 WHERE id BETWEEN 9197083 AND 9197183
	Index Only Scan using sbtest7_pkey on sbtest7  (cost=0.43..10.32 rows=94 width=4)
	  Index Cond: ((id >= 9197083) AND (id <= 9197183))

table 8 : explain SELECT id FROM sbtest8 WHERE id BETWEEN 9197083 AND 9197183
	Index Only Scan using sbtest8_pkey on sbtest8  (cost=0.43..10.60 rows=108 width=4)
	  Index Cond: ((id >= 9197083) AND (id <= 9197183))

explain: for range-covered :: explain SELECT id FROM sbtest%d WHERE id BETWEEN 5672455 AND 5672555
explain: for range-covered :: explain SELECT id FROM sbtest%d WHERE id BETWEEN 9197083 AND 9197183
for range-covered
table 1 : explain SELECT id FROM sbtest1 WHERE id BETWEEN 7231703 AND 7231803
	Index Only Scan using sbtest1_pkey on sbtest1  (cost=0.43..10.42 rows=99 width=4)
	  Index Cond: ((id >= 7231703) AND (id <= 7231803))

table 2 : explain SELECT id FROM sbtest2 WHERE id BETWEEN 7231703 AND 7231803
	Index Only Scan using sbtest2_pkey on sbtest2  (cost=0.43..10.68 rows=112 width=4)
	  Index Cond: ((id >= 7231703) AND (id <= 7231803))

table 3 : explain SELECT id FROM sbtest3 WHERE id BETWEEN 7231703 AND 7231803
	Index Only Scan using sbtest3_pkey on sbtest3  (cost=0.43..10.32 rows=94 width=4)
	  Index Cond: ((id >= 7231703) AND (id <= 7231803))

table 4 : explain SELECT id FROM sbtest4 WHERE id BETWEEN 7231703 AND 7231803
	Index Only Scan using sbtest4_pkey on sbtest4  (cost=0.43..10.33 rows=95 width=4)
	  Index Cond: ((id >= 7231703) AND (id <= 7231803))

table 5 : explain SELECT id FROM sbtest5 WHERE id BETWEEN 7231703 AND 7231803
	Index Only Scan using sbtest5_pkey on sbtest5  (cost=0.43..10.70 rows=113 width=4)
	  Index Cond: ((id >= 7231703) AND (id <= 7231803))

table 6 : explain SELECT id FROM sbtest6 WHERE id BETWEEN 7231703 AND 7231803
	Index Only Scan using sbtest6_pkey on sbtest6  (cost=0.43..10.46 rows=101 width=4)
	  Index Cond: ((id >= 7231703) AND (id <= 7231803))

table 7 : explain SELECT id FROM sbtest7 WHERE id BETWEEN 7231703 AND 7231803
	Index Only Scan using sbtest7_pkey on sbtest7  (cost=0.43..10.33 rows=95 width=4)
	  Index Cond: ((id >= 7231703) AND (id <= 7231803))

table 8 : explain SELECT id FROM sbtest8 WHERE id BETWEEN 7231703 AND 7231803
	Index Only Scan using sbtest8_pkey on sbtest8  (cost=0.43..10.50 rows=103 width=4)
	  Index Cond: ((id >= 7231703) AND (id <= 7231803))

for range-covered
table 1 : explain SELECT id FROM sbtest1 WHERE id BETWEEN 1492922 AND 1493022
	Index Only Scan using sbtest1_pkey on sbtest1  (cost=0.43..10.22 rows=89 width=4)
	  Index Cond: ((id >= 1492922) AND (id <= 1493022))

table 2 : explain SELECT id FROM sbtest2 WHERE id BETWEEN 1492922 AND 1493022
	Index Only Scan using sbtest2_pkey on sbtest2  (cost=0.43..10.63 rows=110 width=4)
	  Index Cond: ((id >= 1492922) AND (id <= 1493022))

table 3 : explain SELECT id FROM sbtest3 WHERE id BETWEEN 1492922 AND 1493022
	Index Only Scan using sbtest3_pkey on sbtest3  (cost=0.43..10.42 rows=99 width=4)
	  Index Cond: ((id >= 1492922) AND (id <= 1493022))

table 4 : explain SELECT id FROM sbtest4 WHERE id BETWEEN 1492922 AND 1493022
	Index Only Scan using sbtest4_pkey on sbtest4  (cost=0.43..10.63 rows=110 width=4)
	  Index Cond: ((id >= 1492922) AND (id <= 1493022))

table 5 : explain SELECT id FROM sbtest5 WHERE id BETWEEN 1492922 AND 1493022
	Index Only Scan using sbtest5_pkey on sbtest5  (cost=0.43..10.36 rows=96 width=4)
	  Index Cond: ((id >= 1492922) AND (id <= 1493022))

table 6 : explain SELECT id FROM sbtest6 WHERE id BETWEEN 1492922 AND 1493022
	Index Only Scan using sbtest6_pkey on sbtest6  (cost=0.43..10.33 rows=95 width=4)
	  Index Cond: ((id >= 1492922) AND (id <= 1493022))

table 7 : explain SELECT id FROM sbtest7 WHERE id BETWEEN 1492922 AND 1493022
	Index Only Scan using sbtest7_pkey on sbtest7  (cost=0.43..10.51 rows=104 width=4)
	  Index Cond: ((id >= 1492922) AND (id <= 1493022))

table 8 : explain SELECT id FROM sbtest8 WHERE id BETWEEN 1492922 AND 1493022
	Index Only Scan using sbtest8_pkey on sbtest8  (cost=0.43..10.24 rows=90 width=4)
	  Index Cond: ((id >= 1492922) AND (id <= 1493022))

explain: for range-covered :: explain SELECT id FROM sbtest%d WHERE id BETWEEN 7231703 AND 7231803
for range-covered
table 1 : explain SELECT id FROM sbtest1 WHERE id BETWEEN 3044735 AND 3044835
	Index Only Scan using sbtest1_pkey on sbtest1  (cost=0.43..10.47 rows=102 width=4)
	  Index Cond: ((id >= 3044735) AND (id <= 3044835))

table 2 : explain SELECT id FROM sbtest2 WHERE id BETWEEN 3044735 AND 3044835
	Index Only Scan using sbtest2_pkey on sbtest2  (cost=0.43..10.47 rows=102 width=4)
	  Index Cond: ((id >= 3044735) AND (id <= 3044835))

table 3 : explain SELECT id FROM sbtest3 WHERE id BETWEEN 3044735 AND 3044835
	Index Only Scan using sbtest3_pkey on sbtest3  (cost=0.43..10.33 rows=95 width=4)
	  Index Cond: ((id >= 3044735) AND (id <= 3044835))

table 4 : explain SELECT id FROM sbtest4 WHERE id BETWEEN 3044735 AND 3044835
	Index Only Scan using sbtest4_pkey on sbtest4  (cost=0.43..10.86 rows=121 width=4)
	  Index Cond: ((id >= 3044735) AND (id <= 3044835))

table 5 : explain SELECT id FROM sbtest5 WHERE id BETWEEN 3044735 AND 3044835
	Index Only Scan using sbtest5_pkey on sbtest5  (cost=0.43..10.42 rows=99 width=4)
	  Index Cond: ((id >= 3044735) AND (id <= 3044835))

table 6 : explain SELECT id FROM sbtest6 WHERE id BETWEEN 3044735 AND 3044835
	Index Only Scan using sbtest6_pkey on sbtest6  (cost=0.43..10.47 rows=102 width=4)
	  Index Cond: ((id >= 3044735) AND (id <= 3044835))

table 7 : explain SELECT id FROM sbtest7 WHERE id BETWEEN 3044735 AND 3044835
	Index Only Scan using sbtest7_pkey on sbtest7  (cost=0.43..10.33 rows=95 width=4)
	  Index Cond: ((id >= 3044735) AND (id <= 3044835))

table 8 : explain SELECT id FROM sbtest8 WHERE id BETWEEN 3044735 AND 3044835
	Index Only Scan using sbtest8_pkey on sbtest8  (cost=0.43..10.40 rows=98 width=4)
	  Index Cond: ((id >= 3044735) AND (id <= 3044835))

explain: for range-covered :: explain SELECT id FROM sbtest%d WHERE id BETWEEN 1492922 AND 1493022
explain: for range-covered :: explain SELECT id FROM sbtest%d WHERE id BETWEEN 3044735 AND 3044835
for range-covered
table 1 : explain SELECT id FROM sbtest1 WHERE id BETWEEN 9197083 AND 9197183
	Index Only Scan using sbtest1_pkey on sbtest1  (cost=0.43..10.38 rows=97 width=4)
	  Index Cond: ((id >= 9197083) AND (id <= 9197183))

table 2 : explain SELECT id FROM sbtest2 WHERE id BETWEEN 9197083 AND 9197183
	Index Only Scan using sbtest2_pkey on sbtest2  (cost=0.43..10.38 rows=97 width=4)
	  Index Cond: ((id >= 9197083) AND (id <= 9197183))

table 3 : explain SELECT id FROM sbtest3 WHERE id BETWEEN 9197083 AND 9197183
	Index Only Scan using sbtest3_pkey on sbtest3  (cost=0.43..10.51 rows=104 width=4)
	  Index Cond: ((id >= 9197083) AND (id <= 9197183))

table 4 : explain SELECT id FROM sbtest4 WHERE id BETWEEN 9197083 AND 9197183
	Index Only Scan using sbtest4_pkey on sbtest4  (cost=0.43..10.42 rows=99 width=4)
	  Index Cond: ((id >= 9197083) AND (id <= 9197183))

table 5 : explain SELECT id FROM sbtest5 WHERE id BETWEEN 9197083 AND 9197183
	Index Only Scan using sbtest5_pkey on sbtest5  (cost=0.43..10.32 rows=94 width=4)
	  Index Cond: ((id >= 9197083) AND (id <= 9197183))

table 6 : explain SELECT id FROM sbtest6 WHERE id BETWEEN 9197083 AND 9197183
	Index Only Scan using sbtest6_pkey on sbtest6  (cost=0.43..10.50 rows=103 width=4)
	  Index Cond: ((id >= 9197083) AND (id <= 9197183))

table 7 : explain SELECT id FROM sbtest7 WHERE id BETWEEN 9197083 AND 9197183
	Index Only Scan using sbtest7_pkey on sbtest7  (cost=0.43..10.32 rows=94 width=4)
	  Index Cond: ((id >= 9197083) AND (id <= 9197183))

table 8 : explain SELECT id FROM sbtest8 WHERE id BETWEEN 9197083 AND 9197183
	Index Only Scan using sbtest8_pkey on sbtest8  (cost=0.43..10.60 rows=108 width=4)
	  Index Cond: ((id >= 9197083) AND (id <= 9197183))

explain: for range-covered :: explain SELECT id FROM sbtest%d WHERE id BETWEEN 9197083 AND 9197183
for range-covered
table 1 : explain SELECT id FROM sbtest1 WHERE id BETWEEN 8837271 AND 8837371
	Index Only Scan using sbtest1_pkey on sbtest1  (cost=0.43..10.33 rows=95 width=4)
	  Index Cond: ((id >= 8837271) AND (id <= 8837371))

table 2 : explain SELECT id FROM sbtest2 WHERE id BETWEEN 8837271 AND 8837371
	Index Only Scan using sbtest2_pkey on sbtest2  (cost=0.43..10.63 rows=110 width=4)
	  Index Cond: ((id >= 8837271) AND (id <= 8837371))

table 3 : explain SELECT id FROM sbtest3 WHERE id BETWEEN 8837271 AND 8837371
	Index Only Scan using sbtest3_pkey on sbtest3  (cost=0.43..10.32 rows=94 width=4)
	  Index Cond: ((id >= 8837271) AND (id <= 8837371))

table 4 : explain SELECT id FROM sbtest4 WHERE id BETWEEN 8837271 AND 8837371
	Index Only Scan using sbtest4_pkey on sbtest4  (cost=0.43..10.50 rows=103 width=4)
	  Index Cond: ((id >= 8837271) AND (id <= 8837371))

table 5 : explain SELECT id FROM sbtest5 WHERE id BETWEEN 8837271 AND 8837371
	Index Only Scan using sbtest5_pkey on sbtest5  (cost=0.43..10.63 rows=110 width=4)
	  Index Cond: ((id >= 8837271) AND (id <= 8837371))

table 6 : explain SELECT id FROM sbtest6 WHERE id BETWEEN 8837271 AND 8837371
	Index Only Scan using sbtest6_pkey on sbtest6  (cost=0.43..10.58 rows=107 width=4)
	  Index Cond: ((id >= 8837271) AND (id <= 8837371))

table 7 : explain SELECT id FROM sbtest7 WHERE id BETWEEN 8837271 AND 8837371
	Index Only Scan using sbtest7_pkey on sbtest7  (cost=0.43..10.42 rows=99 width=4)
	  Index Cond: ((id >= 8837271) AND (id <= 8837371))

table 8 : explain SELECT id FROM sbtest8 WHERE id BETWEEN 8837271 AND 8837371
	Index Only Scan using sbtest8_pkey on sbtest8  (cost=0.43..10.36 rows=96 width=4)
	  Index Cond: ((id >= 8837271) AND (id <= 8837371))

for range-covered
table 1 : explain SELECT id FROM sbtest1 WHERE id BETWEEN 1492922 AND 1493022
	Index Only Scan using sbtest1_pkey on sbtest1  (cost=0.43..10.22 rows=89 width=4)
	  Index Cond: ((id >= 1492922) AND (id <= 1493022))

table 2 : explain SELECT id FROM sbtest2 WHERE id BETWEEN 1492922 AND 1493022
	Index Only Scan using sbtest2_pkey on sbtest2  (cost=0.43..10.63 rows=110 width=4)
	  Index Cond: ((id >= 1492922) AND (id <= 1493022))

table 3 : explain SELECT id FROM sbtest3 WHERE id BETWEEN 1492922 AND 1493022
	Index Only Scan using sbtest3_pkey on sbtest3  (cost=0.43..10.42 rows=99 width=4)
	  Index Cond: ((id >= 1492922) AND (id <= 1493022))

table 4 : explain SELECT id FROM sbtest4 WHERE id BETWEEN 1492922 AND 1493022
	Index Only Scan using sbtest4_pkey on sbtest4  (cost=0.43..10.63 rows=110 width=4)
	  Index Cond: ((id >= 1492922) AND (id <= 1493022))

table 5 : explain SELECT id FROM sbtest5 WHERE id BETWEEN 1492922 AND 1493022
	Index Only Scan using sbtest5_pkey on sbtest5  (cost=0.43..10.36 rows=96 width=4)
	  Index Cond: ((id >= 1492922) AND (id <= 1493022))

table 6 : explain SELECT id FROM sbtest6 WHERE id BETWEEN 1492922 AND 1493022
	Index Only Scan using sbtest6_pkey on sbtest6  (cost=0.43..10.33 rows=95 width=4)
	  Index Cond: ((id >= 1492922) AND (id <= 1493022))

table 7 : explain SELECT id FROM sbtest7 WHERE id BETWEEN 1492922 AND 1493022
	Index Only Scan using sbtest7_pkey on sbtest7  (cost=0.43..10.51 rows=104 width=4)
	  Index Cond: ((id >= 1492922) AND (id <= 1493022))

table 8 : explain SELECT id FROM sbtest8 WHERE id BETWEEN 1492922 AND 1493022
	Index Only Scan using sbtest8_pkey on sbtest8  (cost=0.43..10.24 rows=90 width=4)
	  Index Cond: ((id >= 1492922) AND (id <= 1493022))

explain: for range-covered :: explain SELECT id FROM sbtest%d WHERE id BETWEEN 8837271 AND 8837371
for range-covered
table 1 : explain SELECT id FROM sbtest1 WHERE id BETWEEN 5672455 AND 5672555
	Index Only Scan using sbtest1_pkey on sbtest1  (cost=0.43..10.33 rows=95 width=4)
	  Index Cond: ((id >= 5672455) AND (id <= 5672555))

table 2 : explain SELECT id FROM sbtest2 WHERE id BETWEEN 5672455 AND 5672555
	Index Only Scan using sbtest2_pkey on sbtest2  (cost=0.43..10.36 rows=96 width=4)
	  Index Cond: ((id >= 5672455) AND (id <= 5672555))

table 3 : explain SELECT id FROM sbtest3 WHERE id BETWEEN 5672455 AND 5672555
	Index Only Scan using sbtest3_pkey on sbtest3  (cost=0.43..10.40 rows=98 width=4)
	  Index Cond: ((id >= 5672455) AND (id <= 5672555))

table 4 : explain SELECT id FROM sbtest4 WHERE id BETWEEN 5672455 AND 5672555
	Index Only Scan using sbtest4_pkey on sbtest4  (cost=0.43..10.46 rows=101 width=4)
	  Index Cond: ((id >= 5672455) AND (id <= 5672555))

table 5 : explain SELECT id FROM sbtest5 WHERE id BETWEEN 5672455 AND 5672555
	Index Only Scan using sbtest5_pkey on sbtest5  (cost=0.43..10.54 rows=105 width=4)
	  Index Cond: ((id >= 5672455) AND (id <= 5672555))

table 6 : explain SELECT id FROM sbtest6 WHERE id BETWEEN 5672455 AND 5672555
	Index Only Scan using sbtest6_pkey on sbtest6  (cost=0.43..10.46 rows=101 width=4)
	  Index Cond: ((id >= 5672455) AND (id <= 5672555))

table 7 : explain SELECT id FROM sbtest7 WHERE id BETWEEN 5672455 AND 5672555
	Index Only Scan using sbtest7_pkey on sbtest7  (cost=0.43..10.36 rows=96 width=4)
	  Index Cond: ((id >= 5672455) AND (id <= 5672555))

table 8 : explain SELECT id FROM sbtest8 WHERE id BETWEEN 5672455 AND 5672555
	Index Only Scan using sbtest8_pkey on sbtest8  (cost=0.43..10.26 rows=91 width=4)
	  Index Cond: ((id >= 5672455) AND (id <= 5672555))

for range-covered
table 1 : explain SELECT id FROM sbtest1 WHERE id BETWEEN 4915784 AND 4915884
	Index Only Scan using sbtest1_pkey on sbtest1  (cost=0.43..10.47 rows=102 width=4)
	  Index Cond: ((id >= 4915784) AND (id <= 4915884))

table 2 : explain SELECT id FROM sbtest2 WHERE id BETWEEN 4915784 AND 4915884
	Index Only Scan using sbtest2_pkey on sbtest2  (cost=0.43..10.44 rows=100 width=4)
	  Index Cond: ((id >= 4915784) AND (id <= 4915884))

table 3 : explain SELECT id FROM sbtest3 WHERE id BETWEEN 4915784 AND 4915884
	Index Only Scan using sbtest3_pkey on sbtest3  (cost=0.43..10.58 rows=107 width=4)
	  Index Cond: ((id >= 4915784) AND (id <= 4915884))

table 4 : explain SELECT id FROM sbtest4 WHERE id BETWEEN 4915784 AND 4915884
	Index Only Scan using sbtest4_pkey on sbtest4  (cost=0.43..10.51 rows=104 width=4)
	  Index Cond: ((id >= 4915784) AND (id <= 4915884))

table 5 : explain SELECT id FROM sbtest5 WHERE id BETWEEN 4915784 AND 4915884
	Index Only Scan using sbtest5_pkey on sbtest5  (cost=0.43..10.47 rows=102 width=4)
	  Index Cond: ((id >= 4915784) AND (id <= 4915884))

table 6 : explain SELECT id FROM sbtest6 WHERE id BETWEEN 4915784 AND 4915884
	Index Only Scan using sbtest6_pkey on sbtest6  (cost=0.43..10.40 rows=98 width=4)
	  Index Cond: ((id >= 4915784) AND (id <= 4915884))

table 7 : explain SELECT id FROM sbtest7 WHERE id BETWEEN 4915784 AND 4915884
	Index Only Scan using sbtest7_pkey on sbtest7  (cost=0.43..10.46 rows=101 width=4)
	  Index Cond: ((id >= 4915784) AND (id <= 4915884))

table 8 : explain SELECT id FROM sbtest8 WHERE id BETWEEN 4915784 AND 4915884
	Index Only Scan using sbtest8_pkey on sbtest8  (cost=0.43..10.36 rows=96 width=4)
	  Index Cond: ((id >= 4915784) AND (id <= 4915884))

explain: for range-covered :: explain SELECT id FROM sbtest%d WHERE id BETWEEN 1492922 AND 1493022
explain: for range-covered :: explain SELECT id FROM sbtest%d WHERE id BETWEEN 5672455 AND 5672555
explain: for range-covered :: explain SELECT id FROM sbtest%d WHERE id BETWEEN 4915784 AND 4915884
for range-covered
table 1 : explain SELECT id FROM sbtest1 WHERE id BETWEEN 9197083 AND 9197183
	Index Only Scan using sbtest1_pkey on sbtest1  (cost=0.43..10.38 rows=97 width=4)
	  Index Cond: ((id >= 9197083) AND (id <= 9197183))

table 2 : explain SELECT id FROM sbtest2 WHERE id BETWEEN 9197083 AND 9197183
	Index Only Scan using sbtest2_pkey on sbtest2  (cost=0.43..10.38 rows=97 width=4)
	  Index Cond: ((id >= 9197083) AND (id <= 9197183))

table 3 : explain SELECT id FROM sbtest3 WHERE id BETWEEN 9197083 AND 9197183
	Index Only Scan using sbtest3_pkey on sbtest3  (cost=0.43..10.51 rows=104 width=4)
	  Index Cond: ((id >= 9197083) AND (id <= 9197183))

table 4 : explain SELECT id FROM sbtest4 WHERE id BETWEEN 9197083 AND 9197183
	Index Only Scan using sbtest4_pkey on sbtest4  (cost=0.43..10.42 rows=99 width=4)
	  Index Cond: ((id >= 9197083) AND (id <= 9197183))

table 5 : explain SELECT id FROM sbtest5 WHERE id BETWEEN 9197083 AND 9197183
	Index Only Scan using sbtest5_pkey on sbtest5  (cost=0.43..10.32 rows=94 width=4)
	  Index Cond: ((id >= 9197083) AND (id <= 9197183))

table 6 : explain SELECT id FROM sbtest6 WHERE id BETWEEN 9197083 AND 9197183
	Index Only Scan using sbtest6_pkey on sbtest6  (cost=0.43..10.50 rows=103 width=4)
	  Index Cond: ((id >= 9197083) AND (id <= 9197183))

table 7 : explain SELECT id FROM sbtest7 WHERE id BETWEEN 9197083 AND 9197183
	Index Only Scan using sbtest7_pkey on sbtest7  (cost=0.43..10.32 rows=94 width=4)
	  Index Cond: ((id >= 9197083) AND (id <= 9197183))

table 8 : explain SELECT id FROM sbtest8 WHERE id BETWEEN 9197083 AND 9197183
	Index Only Scan using sbtest8_pkey on sbtest8  (cost=0.43..10.60 rows=108 width=4)
	  Index Cond: ((id >= 9197083) AND (id <= 9197183))

for range-covered
table 1 : explain SELECT id FROM sbtest1 WHERE id BETWEEN 3044735 AND 3044835
	Index Only Scan using sbtest1_pkey on sbtest1  (cost=0.43..10.47 rows=102 width=4)
	  Index Cond: ((id >= 3044735) AND (id <= 3044835))

table 2 : explain SELECT id FROM sbtest2 WHERE id BETWEEN 3044735 AND 3044835
	Index Only Scan using sbtest2_pkey on sbtest2  (cost=0.43..10.47 rows=102 width=4)
	  Index Cond: ((id >= 3044735) AND (id <= 3044835))

table 3 : explain SELECT id FROM sbtest3 WHERE id BETWEEN 3044735 AND 3044835
	Index Only Scan using sbtest3_pkey on sbtest3  (cost=0.43..10.33 rows=95 width=4)
	  Index Cond: ((id >= 3044735) AND (id <= 3044835))

table 4 : explain SELECT id FROM sbtest4 WHERE id BETWEEN 3044735 AND 3044835
	Index Only Scan using sbtest4_pkey on sbtest4  (cost=0.43..10.86 rows=121 width=4)
	  Index Cond: ((id >= 3044735) AND (id <= 3044835))

table 5 : explain SELECT id FROM sbtest5 WHERE id BETWEEN 3044735 AND 3044835
	Index Only Scan using sbtest5_pkey on sbtest5  (cost=0.43..10.42 rows=99 width=4)
	  Index Cond: ((id >= 3044735) AND (id <= 3044835))

table 6 : explain SELECT id FROM sbtest6 WHERE id BETWEEN 3044735 AND 3044835
	Index Only Scan using sbtest6_pkey on sbtest6  (cost=0.43..10.47 rows=102 width=4)
	  Index Cond: ((id >= 3044735) AND (id <= 3044835))

table 7 : explain SELECT id FROM sbtest7 WHERE id BETWEEN 3044735 AND 3044835
	Index Only Scan using sbtest7_pkey on sbtest7  (cost=0.43..10.33 rows=95 width=4)
	  Index Cond: ((id >= 3044735) AND (id <= 3044835))

table 8 : explain SELECT id FROM sbtest8 WHERE id BETWEEN 3044735 AND 3044835
	Index Only Scan using sbtest8_pkey on sbtest8  (cost=0.43..10.40 rows=98 width=4)
	  Index Cond: ((id >= 3044735) AND (id <= 3044835))

explain: for range-covered :: explain SELECT id FROM sbtest%d WHERE id BETWEEN 3044735 AND 3044835
for range-covered
table 1 : explain SELECT id FROM sbtest1 WHERE id BETWEEN 7231703 AND 7231803
	Index Only Scan using sbtest1_pkey on sbtest1  (cost=0.43..10.42 rows=99 width=4)
	  Index Cond: ((id >= 7231703) AND (id <= 7231803))

table 2 : explain SELECT id FROM sbtest2 WHERE id BETWEEN 7231703 AND 7231803
	Index Only Scan using sbtest2_pkey on sbtest2  (cost=0.43..10.68 rows=112 width=4)
	  Index Cond: ((id >= 7231703) AND (id <= 7231803))

table 3 : explain SELECT id FROM sbtest3 WHERE id BETWEEN 7231703 AND 7231803
	Index Only Scan using sbtest3_pkey on sbtest3  (cost=0.43..10.32 rows=94 width=4)
	  Index Cond: ((id >= 7231703) AND (id <= 7231803))

table 4 : explain SELECT id FROM sbtest4 WHERE id BETWEEN 7231703 AND 7231803
	Index Only Scan using sbtest4_pkey on sbtest4  (cost=0.43..10.33 rows=95 width=4)
	  Index Cond: ((id >= 7231703) AND (id <= 7231803))

table 5 : explain SELECT id FROM sbtest5 WHERE id BETWEEN 7231703 AND 7231803
	Index Only Scan using sbtest5_pkey on sbtest5  (cost=0.43..10.70 rows=113 width=4)
	  Index Cond: ((id >= 7231703) AND (id <= 7231803))

table 6 : explain SELECT id FROM sbtest6 WHERE id BETWEEN 7231703 AND 7231803
	Index Only Scan using sbtest6_pkey on sbtest6  (cost=0.43..10.46 rows=101 width=4)
	  Index Cond: ((id >= 7231703) AND (id <= 7231803))

table 7 : explain SELECT id FROM sbtest7 WHERE id BETWEEN 7231703 AND 7231803
	Index Only Scan using sbtest7_pkey on sbtest7  (cost=0.43..10.33 rows=95 width=4)
	  Index Cond: ((id >= 7231703) AND (id <= 7231803))

table 8 : explain SELECT id FROM sbtest8 WHERE id BETWEEN 7231703 AND 7231803
	Index Only Scan using sbtest8_pkey on sbtest8  (cost=0.43..10.50 rows=103 width=4)
	  Index Cond: ((id >= 7231703) AND (id <= 7231803))

for range-covered
table 1 : explain SELECT id FROM sbtest1 WHERE id BETWEEN 1492922 AND 1493022
	Index Only Scan using sbtest1_pkey on sbtest1  (cost=0.43..10.22 rows=89 width=4)
	  Index Cond: ((id >= 1492922) AND (id <= 1493022))

table 2 : explain SELECT id FROM sbtest2 WHERE id BETWEEN 1492922 AND 1493022
	Index Only Scan using sbtest2_pkey on sbtest2  (cost=0.43..10.63 rows=110 width=4)
	  Index Cond: ((id >= 1492922) AND (id <= 1493022))

table 3 : explain SELECT id FROM sbtest3 WHERE id BETWEEN 1492922 AND 1493022
	Index Only Scan using sbtest3_pkey on sbtest3  (cost=0.43..10.42 rows=99 width=4)
	  Index Cond: ((id >= 1492922) AND (id <= 1493022))

table 4 : explain SELECT id FROM sbtest4 WHERE id BETWEEN 1492922 AND 1493022
	Index Only Scan using sbtest4_pkey on sbtest4  (cost=0.43..10.63 rows=110 width=4)
	  Index Cond: ((id >= 1492922) AND (id <= 1493022))

table 5 : explain SELECT id FROM sbtest5 WHERE id BETWEEN 1492922 AND 1493022
	Index Only Scan using sbtest5_pkey on sbtest5  (cost=0.43..10.36 rows=96 width=4)
	  Index Cond: ((id >= 1492922) AND (id <= 1493022))

table 6 : explain SELECT id FROM sbtest6 WHERE id BETWEEN 1492922 AND 1493022
	Index Only Scan using sbtest6_pkey on sbtest6  (cost=0.43..10.33 rows=95 width=4)
	  Index Cond: ((id >= 1492922) AND (id <= 1493022))

table 7 : explain SELECT id FROM sbtest7 WHERE id BETWEEN 1492922 AND 1493022
	Index Only Scan using sbtest7_pkey on sbtest7  (cost=0.43..10.51 rows=104 width=4)
	  Index Cond: ((id >= 1492922) AND (id <= 1493022))

table 8 : explain SELECT id FROM sbtest8 WHERE id BETWEEN 1492922 AND 1493022
	Index Only Scan using sbtest8_pkey on sbtest8  (cost=0.43..10.24 rows=90 width=4)
	  Index Cond: ((id >= 1492922) AND (id <= 1493022))

explain: for range-covered :: explain SELECT id FROM sbtest%d WHERE id BETWEEN 7231703 AND 7231803
for range-covered
table 1 : explain SELECT id FROM sbtest1 WHERE id BETWEEN 4915784 AND 4915884
	Index Only Scan using sbtest1_pkey on sbtest1  (cost=0.43..10.47 rows=102 width=4)
	  Index Cond: ((id >= 4915784) AND (id <= 4915884))

table 2 : explain SELECT id FROM sbtest2 WHERE id BETWEEN 4915784 AND 4915884
	Index Only Scan using sbtest2_pkey on sbtest2  (cost=0.43..10.44 rows=100 width=4)
	  Index Cond: ((id >= 4915784) AND (id <= 4915884))

table 3 : explain SELECT id FROM sbtest3 WHERE id BETWEEN 4915784 AND 4915884
	Index Only Scan using sbtest3_pkey on sbtest3  (cost=0.43..10.58 rows=107 width=4)
	  Index Cond: ((id >= 4915784) AND (id <= 4915884))

table 4 : explain SELECT id FROM sbtest4 WHERE id BETWEEN 4915784 AND 4915884
	Index Only Scan using sbtest4_pkey on sbtest4  (cost=0.43..10.51 rows=104 width=4)
	  Index Cond: ((id >= 4915784) AND (id <= 4915884))

table 5 : explain SELECT id FROM sbtest5 WHERE id BETWEEN 4915784 AND 4915884
	Index Only Scan using sbtest5_pkey on sbtest5  (cost=0.43..10.47 rows=102 width=4)
	  Index Cond: ((id >= 4915784) AND (id <= 4915884))

table 6 : explain SELECT id FROM sbtest6 WHERE id BETWEEN 4915784 AND 4915884
	Index Only Scan using sbtest6_pkey on sbtest6  (cost=0.43..10.40 rows=98 width=4)
	  Index Cond: ((id >= 4915784) AND (id <= 4915884))

table 7 : explain SELECT id FROM sbtest7 WHERE id BETWEEN 4915784 AND 4915884
	Index Only Scan using sbtest7_pkey on sbtest7  (cost=0.43..10.46 rows=101 width=4)
	  Index Cond: ((id >= 4915784) AND (id <= 4915884))

table 8 : explain SELECT id FROM sbtest8 WHERE id BETWEEN 4915784 AND 4915884
	Index Only Scan using sbtest8_pkey on sbtest8  (cost=0.43..10.36 rows=96 width=4)
	  Index Cond: ((id >= 4915784) AND (id <= 4915884))

explain: for range-covered :: explain SELECT id FROM sbtest%d WHERE id BETWEEN 4915784 AND 4915884
for range-covered
table 1 : explain SELECT id FROM sbtest1 WHERE id BETWEEN 5672455 AND 5672555
	Index Only Scan using sbtest1_pkey on sbtest1  (cost=0.43..10.33 rows=95 width=4)
	  Index Cond: ((id >= 5672455) AND (id <= 5672555))

table 2 : explain SELECT id FROM sbtest2 WHERE id BETWEEN 5672455 AND 5672555
	Index Only Scan using sbtest2_pkey on sbtest2  (cost=0.43..10.36 rows=96 width=4)
	  Index Cond: ((id >= 5672455) AND (id <= 5672555))

table 3 : explain SELECT id FROM sbtest3 WHERE id BETWEEN 5672455 AND 5672555
	Index Only Scan using sbtest3_pkey on sbtest3  (cost=0.43..10.40 rows=98 width=4)
	  Index Cond: ((id >= 5672455) AND (id <= 5672555))

table 4 : explain SELECT id FROM sbtest4 WHERE id BETWEEN 5672455 AND 5672555
	Index Only Scan using sbtest4_pkey on sbtest4  (cost=0.43..10.46 rows=101 width=4)
	  Index Cond: ((id >= 5672455) AND (id <= 5672555))

table 5 : explain SELECT id FROM sbtest5 WHERE id BETWEEN 5672455 AND 5672555
	Index Only Scan using sbtest5_pkey on sbtest5  (cost=0.43..10.54 rows=105 width=4)
	  Index Cond: ((id >= 5672455) AND (id <= 5672555))

table 6 : explain SELECT id FROM sbtest6 WHERE id BETWEEN 5672455 AND 5672555
	Index Only Scan using sbtest6_pkey on sbtest6  (cost=0.43..10.46 rows=101 width=4)
	  Index Cond: ((id >= 5672455) AND (id <= 5672555))

table 7 : explain SELECT id FROM sbtest7 WHERE id BETWEEN 5672455 AND 5672555
	Index Only Scan using sbtest7_pkey on sbtest7  (cost=0.43..10.36 rows=96 width=4)
	  Index Cond: ((id >= 5672455) AND (id <= 5672555))

table 8 : explain SELECT id FROM sbtest8 WHERE id BETWEEN 5672455 AND 5672555
	Index Only Scan using sbtest8_pkey on sbtest8  (cost=0.43..10.26 rows=91 width=4)
	  Index Cond: ((id >= 5672455) AND (id <= 5672555))

explain: for range-covered :: explain SELECT id FROM sbtest%d WHERE id BETWEEN 5672455 AND 5672555
for range-covered
table 1 : explain SELECT id FROM sbtest1 WHERE id BETWEEN 3044735 AND 3044835
	Index Only Scan using sbtest1_pkey on sbtest1  (cost=0.43..10.47 rows=102 width=4)
	  Index Cond: ((id >= 3044735) AND (id <= 3044835))

table 2 : explain SELECT id FROM sbtest2 WHERE id BETWEEN 3044735 AND 3044835
	Index Only Scan using sbtest2_pkey on sbtest2  (cost=0.43..10.47 rows=102 width=4)
	  Index Cond: ((id >= 3044735) AND (id <= 3044835))

table 3 : explain SELECT id FROM sbtest3 WHERE id BETWEEN 3044735 AND 3044835
	Index Only Scan using sbtest3_pkey on sbtest3  (cost=0.43..10.33 rows=95 width=4)
	  Index Cond: ((id >= 3044735) AND (id <= 3044835))

table 4 : explain SELECT id FROM sbtest4 WHERE id BETWEEN 3044735 AND 3044835
	Index Only Scan using sbtest4_pkey on sbtest4  (cost=0.43..10.86 rows=121 width=4)
	  Index Cond: ((id >= 3044735) AND (id <= 3044835))

table 5 : explain SELECT id FROM sbtest5 WHERE id BETWEEN 3044735 AND 3044835
	Index Only Scan using sbtest5_pkey on sbtest5  (cost=0.43..10.42 rows=99 width=4)
	  Index Cond: ((id >= 3044735) AND (id <= 3044835))

table 6 : explain SELECT id FROM sbtest6 WHERE id BETWEEN 3044735 AND 3044835
	Index Only Scan using sbtest6_pkey on sbtest6  (cost=0.43..10.47 rows=102 width=4)
	  Index Cond: ((id >= 3044735) AND (id <= 3044835))

table 7 : explain SELECT id FROM sbtest7 WHERE id BETWEEN 3044735 AND 3044835
	Index Only Scan using sbtest7_pkey on sbtest7  (cost=0.43..10.33 rows=95 width=4)
	  Index Cond: ((id >= 3044735) AND (id <= 3044835))

table 8 : explain SELECT id FROM sbtest8 WHERE id BETWEEN 3044735 AND 3044835
	Index Only Scan using sbtest8_pkey on sbtest8  (cost=0.43..10.40 rows=98 width=4)
	  Index Cond: ((id >= 3044735) AND (id <= 3044835))

for range-covered
table 1 : explain SELECT id FROM sbtest1 WHERE id BETWEEN 8837271 AND 8837371
	Index Only Scan using sbtest1_pkey on sbtest1  (cost=0.43..10.33 rows=95 width=4)
	  Index Cond: ((id >= 8837271) AND (id <= 8837371))

table 2 : explain SELECT id FROM sbtest2 WHERE id BETWEEN 8837271 AND 8837371
	Index Only Scan using sbtest2_pkey on sbtest2  (cost=0.43..10.63 rows=110 width=4)
	  Index Cond: ((id >= 8837271) AND (id <= 8837371))

table 3 : explain SELECT id FROM sbtest3 WHERE id BETWEEN 8837271 AND 8837371
	Index Only Scan using sbtest3_pkey on sbtest3  (cost=0.43..10.32 rows=94 width=4)
	  Index Cond: ((id >= 8837271) AND (id <= 8837371))

table 4 : explain SELECT id FROM sbtest4 WHERE id BETWEEN 8837271 AND 8837371
	Index Only Scan using sbtest4_pkey on sbtest4  (cost=0.43..10.50 rows=103 width=4)
	  Index Cond: ((id >= 8837271) AND (id <= 8837371))

table 5 : explain SELECT id FROM sbtest5 WHERE id BETWEEN 8837271 AND 8837371
	Index Only Scan using sbtest5_pkey on sbtest5  (cost=0.43..10.63 rows=110 width=4)
	  Index Cond: ((id >= 8837271) AND (id <= 8837371))

table 6 : explain SELECT id FROM sbtest6 WHERE id BETWEEN 8837271 AND 8837371
	Index Only Scan using sbtest6_pkey on sbtest6  (cost=0.43..10.58 rows=107 width=4)
	  Index Cond: ((id >= 8837271) AND (id <= 8837371))

table 7 : explain SELECT id FROM sbtest7 WHERE id BETWEEN 8837271 AND 8837371
	Index Only Scan using sbtest7_pkey on sbtest7  (cost=0.43..10.42 rows=99 width=4)
	  Index Cond: ((id >= 8837271) AND (id <= 8837371))

table 8 : explain SELECT id FROM sbtest8 WHERE id BETWEEN 8837271 AND 8837371
	Index Only Scan using sbtest8_pkey on sbtest8  (cost=0.43..10.36 rows=96 width=4)
	  Index Cond: ((id >= 8837271) AND (id <= 8837371))

explain: for range-covered :: explain SELECT id FROM sbtest%d WHERE id BETWEEN 3044735 AND 3044835
explain: for range-covered :: explain SELECT id FROM sbtest%d WHERE id BETWEEN 8837271 AND 8837371
for range-covered
table 1 : explain SELECT id FROM sbtest1 WHERE id BETWEEN 3454063 AND 3454163
	Index Only Scan using sbtest1_pkey on sbtest1  (cost=0.43..10.46 rows=101 width=4)
	  Index Cond: ((id >= 3454063) AND (id <= 3454163))

table 2 : explain SELECT id FROM sbtest2 WHERE id BETWEEN 3454063 AND 3454163
	Index Only Scan using sbtest2_pkey on sbtest2  (cost=0.43..10.36 rows=96 width=4)
	  Index Cond: ((id >= 3454063) AND (id <= 3454163))

table 3 : explain SELECT id FROM sbtest3 WHERE id BETWEEN 3454063 AND 3454163
	Index Only Scan using sbtest3_pkey on sbtest3  (cost=0.43..10.33 rows=95 width=4)
	  Index Cond: ((id >= 3454063) AND (id <= 3454163))

table 4 : explain SELECT id FROM sbtest4 WHERE id BETWEEN 3454063 AND 3454163
	Index Only Scan using sbtest4_pkey on sbtest4  (cost=0.43..10.60 rows=108 width=4)
	  Index Cond: ((id >= 3454063) AND (id <= 3454163))

table 5 : explain SELECT id FROM sbtest5 WHERE id BETWEEN 3454063 AND 3454163
	Index Only Scan using sbtest5_pkey on sbtest5  (cost=0.43..10.70 rows=113 width=4)
	  Index Cond: ((id >= 3454063) AND (id <= 3454163))

table 6 : explain SELECT id FROM sbtest6 WHERE id BETWEEN 3454063 AND 3454163
	Index Only Scan using sbtest6_pkey on sbtest6  (cost=0.43..10.74 rows=115 width=4)
	  Index Cond: ((id >= 3454063) AND (id <= 3454163))

table 7 : explain SELECT id FROM sbtest7 WHERE id BETWEEN 3454063 AND 3454163
	Index Only Scan using sbtest7_pkey on sbtest7  (cost=0.43..10.38 rows=97 width=4)
	  Index Cond: ((id >= 3454063) AND (id <= 3454163))

table 8 : explain SELECT id FROM sbtest8 WHERE id BETWEEN 3454063 AND 3454163
	Index Only Scan using sbtest8_pkey on sbtest8  (cost=0.43..10.29 rows=93 width=4)
	  Index Cond: ((id >= 3454063) AND (id <= 3454163))

explain: for range-covered :: explain SELECT id FROM sbtest%d WHERE id BETWEEN 3454063 AND 3454163
for range-covered
table 1 : explain SELECT id FROM sbtest1 WHERE id BETWEEN 4915784 AND 4915884
	Index Only Scan using sbtest1_pkey on sbtest1  (cost=0.43..10.47 rows=102 width=4)
	  Index Cond: ((id >= 4915784) AND (id <= 4915884))

table 2 : explain SELECT id FROM sbtest2 WHERE id BETWEEN 4915784 AND 4915884
	Index Only Scan using sbtest2_pkey on sbtest2  (cost=0.43..10.44 rows=100 width=4)
	  Index Cond: ((id >= 4915784) AND (id <= 4915884))

table 3 : explain SELECT id FROM sbtest3 WHERE id BETWEEN 4915784 AND 4915884
	Index Only Scan using sbtest3_pkey on sbtest3  (cost=0.43..10.58 rows=107 width=4)
	  Index Cond: ((id >= 4915784) AND (id <= 4915884))

table 4 : explain SELECT id FROM sbtest4 WHERE id BETWEEN 4915784 AND 4915884
	Index Only Scan using sbtest4_pkey on sbtest4  (cost=0.43..10.51 rows=104 width=4)
	  Index Cond: ((id >= 4915784) AND (id <= 4915884))

table 5 : explain SELECT id FROM sbtest5 WHERE id BETWEEN 4915784 AND 4915884
	Index Only Scan using sbtest5_pkey on sbtest5  (cost=0.43..10.47 rows=102 width=4)
	  Index Cond: ((id >= 4915784) AND (id <= 4915884))

table 6 : explain SELECT id FROM sbtest6 WHERE id BETWEEN 4915784 AND 4915884
	Index Only Scan using sbtest6_pkey on sbtest6  (cost=0.43..10.40 rows=98 width=4)
	  Index Cond: ((id >= 4915784) AND (id <= 4915884))

table 7 : explain SELECT id FROM sbtest7 WHERE id BETWEEN 4915784 AND 4915884
	Index Only Scan using sbtest7_pkey on sbtest7  (cost=0.43..10.46 rows=101 width=4)
	  Index Cond: ((id >= 4915784) AND (id <= 4915884))

table 8 : explain SELECT id FROM sbtest8 WHERE id BETWEEN 4915784 AND 4915884
	Index Only Scan using sbtest8_pkey on sbtest8  (cost=0.43..10.36 rows=96 width=4)
	  Index Cond: ((id >= 4915784) AND (id <= 4915884))

for range-covered
table 1 : explain SELECT id FROM sbtest1 WHERE id BETWEEN 7231703 AND 7231803
	Index Only Scan using sbtest1_pkey on sbtest1  (cost=0.43..10.42 rows=99 width=4)
	  Index Cond: ((id >= 7231703) AND (id <= 7231803))

table 2 : explain SELECT id FROM sbtest2 WHERE id BETWEEN 7231703 AND 7231803
	Index Only Scan using sbtest2_pkey on sbtest2  (cost=0.43..10.68 rows=112 width=4)
	  Index Cond: ((id >= 7231703) AND (id <= 7231803))

table 3 : explain SELECT id FROM sbtest3 WHERE id BETWEEN 7231703 AND 7231803
	Index Only Scan using sbtest3_pkey on sbtest3  (cost=0.43..10.32 rows=94 width=4)
	  Index Cond: ((id >= 7231703) AND (id <= 7231803))

table 4 : explain SELECT id FROM sbtest4 WHERE id BETWEEN 7231703 AND 7231803
	Index Only Scan using sbtest4_pkey on sbtest4  (cost=0.43..10.33 rows=95 width=4)
	  Index Cond: ((id >= 7231703) AND (id <= 7231803))

table 5 : explain SELECT id FROM sbtest5 WHERE id BETWEEN 7231703 AND 7231803
	Index Only Scan using sbtest5_pkey on sbtest5  (cost=0.43..10.70 rows=113 width=4)
	  Index Cond: ((id >= 7231703) AND (id <= 7231803))

table 6 : explain SELECT id FROM sbtest6 WHERE id BETWEEN 7231703 AND 7231803
	Index Only Scan using sbtest6_pkey on sbtest6  (cost=0.43..10.46 rows=101 width=4)
	  Index Cond: ((id >= 7231703) AND (id <= 7231803))

table 7 : explain SELECT id FROM sbtest7 WHERE id BETWEEN 7231703 AND 7231803
	Index Only Scan using sbtest7_pkey on sbtest7  (cost=0.43..10.33 rows=95 width=4)
	  Index Cond: ((id >= 7231703) AND (id <= 7231803))

table 8 : explain SELECT id FROM sbtest8 WHERE id BETWEEN 7231703 AND 7231803
	Index Only Scan using sbtest8_pkey on sbtest8  (cost=0.43..10.50 rows=103 width=4)
	  Index Cond: ((id >= 7231703) AND (id <= 7231803))

explain: for range-covered :: explain SELECT id FROM sbtest%d WHERE id BETWEEN 4915784 AND 4915884
for range-covered
table 1 : explain SELECT id FROM sbtest1 WHERE id BETWEEN 5672455 AND 5672555
	Index Only Scan using sbtest1_pkey on sbtest1  (cost=0.43..10.33 rows=95 width=4)
	  Index Cond: ((id >= 5672455) AND (id <= 5672555))

table 2 : explain SELECT id FROM sbtest2 WHERE id BETWEEN 5672455 AND 5672555
	Index Only Scan using sbtest2_pkey on sbtest2  (cost=0.43..10.36 rows=96 width=4)
	  Index Cond: ((id >= 5672455) AND (id <= 5672555))

table 3 : explain SELECT id FROM sbtest3 WHERE id BETWEEN 5672455 AND 5672555
	Index Only Scan using sbtest3_pkey on sbtest3  (cost=0.43..10.40 rows=98 width=4)
	  Index Cond: ((id >= 5672455) AND (id <= 5672555))

table 4 : explain SELECT id FROM sbtest4 WHERE id BETWEEN 5672455 AND 5672555
	Index Only Scan using sbtest4_pkey on sbtest4  (cost=0.43..10.46 rows=101 width=4)
	  Index Cond: ((id >= 5672455) AND (id <= 5672555))

table 5 : explain SELECT id FROM sbtest5 WHERE id BETWEEN 5672455 AND 5672555
	Index Only Scan using sbtest5_pkey on sbtest5  (cost=0.43..10.54 rows=105 width=4)
	  Index Cond: ((id >= 5672455) AND (id <= 5672555))

table 6 : explain SELECT id FROM sbtest6 WHERE id BETWEEN 5672455 AND 5672555
	Index Only Scan using sbtest6_pkey on sbtest6  (cost=0.43..10.46 rows=101 width=4)
	  Index Cond: ((id >= 5672455) AND (id <= 5672555))

table 7 : explain SELECT id FROM sbtest7 WHERE id BETWEEN 5672455 AND 5672555
	Index Only Scan using sbtest7_pkey on sbtest7  (cost=0.43..10.36 rows=96 width=4)
	  Index Cond: ((id >= 5672455) AND (id <= 5672555))

table 8 : explain SELECT id FROM sbtest8 WHERE id BETWEEN 5672455 AND 5672555
	Index Only Scan using sbtest8_pkey on sbtest8  (cost=0.43..10.26 rows=91 width=4)
	  Index Cond: ((id >= 5672455) AND (id <= 5672555))

for range-covered
table 1 : explain SELECT id FROM sbtest1 WHERE id BETWEEN 3044735 AND 3044835
	Index Only Scan using sbtest1_pkey on sbtest1  (cost=0.43..10.47 rows=102 width=4)
	  Index Cond: ((id >= 3044735) AND (id <= 3044835))

table 2 : explain SELECT id FROM sbtest2 WHERE id BETWEEN 3044735 AND 3044835
	Index Only Scan using sbtest2_pkey on sbtest2  (cost=0.43..10.47 rows=102 width=4)
	  Index Cond: ((id >= 3044735) AND (id <= 3044835))

table 3 : explain SELECT id FROM sbtest3 WHERE id BETWEEN 3044735 AND 3044835
	Index Only Scan using sbtest3_pkey on sbtest3  (cost=0.43..10.33 rows=95 width=4)
	  Index Cond: ((id >= 3044735) AND (id <= 3044835))

table 4 : explain SELECT id FROM sbtest4 WHERE id BETWEEN 3044735 AND 3044835
	Index Only Scan using sbtest4_pkey on sbtest4  (cost=0.43..10.86 rows=121 width=4)
	  Index Cond: ((id >= 3044735) AND (id <= 3044835))

table 5 : explain SELECT id FROM sbtest5 WHERE id BETWEEN 3044735 AND 3044835
	Index Only Scan using sbtest5_pkey on sbtest5  (cost=0.43..10.42 rows=99 width=4)
	  Index Cond: ((id >= 3044735) AND (id <= 3044835))

table 6 : explain SELECT id FROM sbtest6 WHERE id BETWEEN 3044735 AND 3044835
	Index Only Scan using sbtest6_pkey on sbtest6  (cost=0.43..10.47 rows=102 width=4)
	  Index Cond: ((id >= 3044735) AND (id <= 3044835))

table 7 : explain SELECT id FROM sbtest7 WHERE id BETWEEN 3044735 AND 3044835
	Index Only Scan using sbtest7_pkey on sbtest7  (cost=0.43..10.33 rows=95 width=4)
	  Index Cond: ((id >= 3044735) AND (id <= 3044835))

table 8 : explain SELECT id FROM sbtest8 WHERE id BETWEEN 3044735 AND 3044835
	Index Only Scan using sbtest8_pkey on sbtest8  (cost=0.43..10.40 rows=98 width=4)
	  Index Cond: ((id >= 3044735) AND (id <= 3044835))

explain: for range-covered :: explain SELECT id FROM sbtest%d WHERE id BETWEEN 7231703 AND 7231803
explain: for range-covered :: explain SELECT id FROM sbtest%d WHERE id BETWEEN 3044735 AND 3044835
explain: for range-covered :: explain SELECT id FROM sbtest%d WHERE id BETWEEN 5672455 AND 5672555
for range-covered
table 1 : explain SELECT id FROM sbtest1 WHERE id BETWEEN 8837271 AND 8837371
	Index Only Scan using sbtest1_pkey on sbtest1  (cost=0.43..10.33 rows=95 width=4)
	  Index Cond: ((id >= 8837271) AND (id <= 8837371))

table 2 : explain SELECT id FROM sbtest2 WHERE id BETWEEN 8837271 AND 8837371
	Index Only Scan using sbtest2_pkey on sbtest2  (cost=0.43..10.63 rows=110 width=4)
	  Index Cond: ((id >= 8837271) AND (id <= 8837371))

table 3 : explain SELECT id FROM sbtest3 WHERE id BETWEEN 8837271 AND 8837371
	Index Only Scan using sbtest3_pkey on sbtest3  (cost=0.43..10.32 rows=94 width=4)
	  Index Cond: ((id >= 8837271) AND (id <= 8837371))

table 4 : explain SELECT id FROM sbtest4 WHERE id BETWEEN 8837271 AND 8837371
	Index Only Scan using sbtest4_pkey on sbtest4  (cost=0.43..10.50 rows=103 width=4)
	  Index Cond: ((id >= 8837271) AND (id <= 8837371))

table 5 : explain SELECT id FROM sbtest5 WHERE id BETWEEN 8837271 AND 8837371
	Index Only Scan using sbtest5_pkey on sbtest5  (cost=0.43..10.63 rows=110 width=4)
	  Index Cond: ((id >= 8837271) AND (id <= 8837371))

table 6 : explain SELECT id FROM sbtest6 WHERE id BETWEEN 8837271 AND 8837371
	Index Only Scan using sbtest6_pkey on sbtest6  (cost=0.43..10.58 rows=107 width=4)
	  Index Cond: ((id >= 8837271) AND (id <= 8837371))

table 7 : explain SELECT id FROM sbtest7 WHERE id BETWEEN 8837271 AND 8837371
	Index Only Scan using sbtest7_pkey on sbtest7  (cost=0.43..10.42 rows=99 width=4)
	  Index Cond: ((id >= 8837271) AND (id <= 8837371))

table 8 : explain SELECT id FROM sbtest8 WHERE id BETWEEN 8837271 AND 8837371
	Index Only Scan using sbtest8_pkey on sbtest8  (cost=0.43..10.36 rows=96 width=4)
	  Index Cond: ((id >= 8837271) AND (id <= 8837371))

explain: for range-covered :: explain SELECT id FROM sbtest%d WHERE id BETWEEN 8837271 AND 8837371
for range-covered
table 1 : explain SELECT id FROM sbtest1 WHERE id BETWEEN 4915784 AND 4915884
	Index Only Scan using sbtest1_pkey on sbtest1  (cost=0.43..10.47 rows=102 width=4)
	  Index Cond: ((id >= 4915784) AND (id <= 4915884))

table 2 : explain SELECT id FROM sbtest2 WHERE id BETWEEN 4915784 AND 4915884
	Index Only Scan using sbtest2_pkey on sbtest2  (cost=0.43..10.44 rows=100 width=4)
	  Index Cond: ((id >= 4915784) AND (id <= 4915884))

table 3 : explain SELECT id FROM sbtest3 WHERE id BETWEEN 4915784 AND 4915884
	Index Only Scan using sbtest3_pkey on sbtest3  (cost=0.43..10.58 rows=107 width=4)
	  Index Cond: ((id >= 4915784) AND (id <= 4915884))

table 4 : explain SELECT id FROM sbtest4 WHERE id BETWEEN 4915784 AND 4915884
	Index Only Scan using sbtest4_pkey on sbtest4  (cost=0.43..10.51 rows=104 width=4)
	  Index Cond: ((id >= 4915784) AND (id <= 4915884))

table 5 : explain SELECT id FROM sbtest5 WHERE id BETWEEN 4915784 AND 4915884
	Index Only Scan using sbtest5_pkey on sbtest5  (cost=0.43..10.47 rows=102 width=4)
	  Index Cond: ((id >= 4915784) AND (id <= 4915884))

table 6 : explain SELECT id FROM sbtest6 WHERE id BETWEEN 4915784 AND 4915884
	Index Only Scan using sbtest6_pkey on sbtest6  (cost=0.43..10.40 rows=98 width=4)
	  Index Cond: ((id >= 4915784) AND (id <= 4915884))

table 7 : explain SELECT id FROM sbtest7 WHERE id BETWEEN 4915784 AND 4915884
	Index Only Scan using sbtest7_pkey on sbtest7  (cost=0.43..10.46 rows=101 width=4)
	  Index Cond: ((id >= 4915784) AND (id <= 4915884))

table 8 : explain SELECT id FROM sbtest8 WHERE id BETWEEN 4915784 AND 4915884
	Index Only Scan using sbtest8_pkey on sbtest8  (cost=0.43..10.36 rows=96 width=4)
	  Index Cond: ((id >= 4915784) AND (id <= 4915884))

for range-covered
table 1 : explain SELECT id FROM sbtest1 WHERE id BETWEEN 3454063 AND 3454163
	Index Only Scan using sbtest1_pkey on sbtest1  (cost=0.43..10.46 rows=101 width=4)
	  Index Cond: ((id >= 3454063) AND (id <= 3454163))

table 2 : explain SELECT id FROM sbtest2 WHERE id BETWEEN 3454063 AND 3454163
	Index Only Scan using sbtest2_pkey on sbtest2  (cost=0.43..10.36 rows=96 width=4)
	  Index Cond: ((id >= 3454063) AND (id <= 3454163))

table 3 : explain SELECT id FROM sbtest3 WHERE id BETWEEN 3454063 AND 3454163
	Index Only Scan using sbtest3_pkey on sbtest3  (cost=0.43..10.33 rows=95 width=4)
	  Index Cond: ((id >= 3454063) AND (id <= 3454163))

table 4 : explain SELECT id FROM sbtest4 WHERE id BETWEEN 3454063 AND 3454163
	Index Only Scan using sbtest4_pkey on sbtest4  (cost=0.43..10.60 rows=108 width=4)
	  Index Cond: ((id >= 3454063) AND (id <= 3454163))

table 5 : explain SELECT id FROM sbtest5 WHERE id BETWEEN 3454063 AND 3454163
	Index Only Scan using sbtest5_pkey on sbtest5  (cost=0.43..10.70 rows=113 width=4)
	  Index Cond: ((id >= 3454063) AND (id <= 3454163))

table 6 : explain SELECT id FROM sbtest6 WHERE id BETWEEN 3454063 AND 3454163
	Index Only Scan using sbtest6_pkey on sbtest6  (cost=0.43..10.74 rows=115 width=4)
	  Index Cond: ((id >= 3454063) AND (id <= 3454163))

table 7 : explain SELECT id FROM sbtest7 WHERE id BETWEEN 3454063 AND 3454163
	Index Only Scan using sbtest7_pkey on sbtest7  (cost=0.43..10.38 rows=97 width=4)
	  Index Cond: ((id >= 3454063) AND (id <= 3454163))

table 8 : explain SELECT id FROM sbtest8 WHERE id BETWEEN 3454063 AND 3454163
	Index Only Scan using sbtest8_pkey on sbtest8  (cost=0.43..10.29 rows=93 width=4)
	  Index Cond: ((id >= 3454063) AND (id <= 3454163))

explain: for range-covered :: explain SELECT id FROM sbtest%d WHERE id BETWEEN 4915784 AND 4915884
explain: for range-covered :: explain SELECT id FROM sbtest%d WHERE id BETWEEN 3454063 AND 3454163
for range-covered
table 1 : explain SELECT id FROM sbtest1 WHERE id BETWEEN 3044735 AND 3044835
	Index Only Scan using sbtest1_pkey on sbtest1  (cost=0.43..10.47 rows=102 width=4)
	  Index Cond: ((id >= 3044735) AND (id <= 3044835))

table 2 : explain SELECT id FROM sbtest2 WHERE id BETWEEN 3044735 AND 3044835
	Index Only Scan using sbtest2_pkey on sbtest2  (cost=0.43..10.47 rows=102 width=4)
	  Index Cond: ((id >= 3044735) AND (id <= 3044835))

table 3 : explain SELECT id FROM sbtest3 WHERE id BETWEEN 3044735 AND 3044835
	Index Only Scan using sbtest3_pkey on sbtest3  (cost=0.43..10.33 rows=95 width=4)
	  Index Cond: ((id >= 3044735) AND (id <= 3044835))

table 4 : explain SELECT id FROM sbtest4 WHERE id BETWEEN 3044735 AND 3044835
	Index Only Scan using sbtest4_pkey on sbtest4  (cost=0.43..10.86 rows=121 width=4)
	  Index Cond: ((id >= 3044735) AND (id <= 3044835))

table 5 : explain SELECT id FROM sbtest5 WHERE id BETWEEN 3044735 AND 3044835
	Index Only Scan using sbtest5_pkey on sbtest5  (cost=0.43..10.42 rows=99 width=4)
	  Index Cond: ((id >= 3044735) AND (id <= 3044835))

table 6 : explain SELECT id FROM sbtest6 WHERE id BETWEEN 3044735 AND 3044835
	Index Only Scan using sbtest6_pkey on sbtest6  (cost=0.43..10.47 rows=102 width=4)
	  Index Cond: ((id >= 3044735) AND (id <= 3044835))

table 7 : explain SELECT id FROM sbtest7 WHERE id BETWEEN 3044735 AND 3044835
	Index Only Scan using sbtest7_pkey on sbtest7  (cost=0.43..10.33 rows=95 width=4)
	  Index Cond: ((id >= 3044735) AND (id <= 3044835))

table 8 : explain SELECT id FROM sbtest8 WHERE id BETWEEN 3044735 AND 3044835
	Index Only Scan using sbtest8_pkey on sbtest8  (cost=0.43..10.40 rows=98 width=4)
	  Index Cond: ((id >= 3044735) AND (id <= 3044835))

explain: for range-covered :: explain SELECT id FROM sbtest%d WHERE id BETWEEN 3044735 AND 3044835
for range-covered
table 1 : explain SELECT id FROM sbtest1 WHERE id BETWEEN 7231703 AND 7231803
	Index Only Scan using sbtest1_pkey on sbtest1  (cost=0.43..10.42 rows=99 width=4)
	  Index Cond: ((id >= 7231703) AND (id <= 7231803))

table 2 : explain SELECT id FROM sbtest2 WHERE id BETWEEN 7231703 AND 7231803
	Index Only Scan using sbtest2_pkey on sbtest2  (cost=0.43..10.68 rows=112 width=4)
	  Index Cond: ((id >= 7231703) AND (id <= 7231803))

table 3 : explain SELECT id FROM sbtest3 WHERE id BETWEEN 7231703 AND 7231803
	Index Only Scan using sbtest3_pkey on sbtest3  (cost=0.43..10.32 rows=94 width=4)
	  Index Cond: ((id >= 7231703) AND (id <= 7231803))

table 4 : explain SELECT id FROM sbtest4 WHERE id BETWEEN 7231703 AND 7231803
	Index Only Scan using sbtest4_pkey on sbtest4  (cost=0.43..10.33 rows=95 width=4)
	  Index Cond: ((id >= 7231703) AND (id <= 7231803))

table 5 : explain SELECT id FROM sbtest5 WHERE id BETWEEN 7231703 AND 7231803
	Index Only Scan using sbtest5_pkey on sbtest5  (cost=0.43..10.70 rows=113 width=4)
	  Index Cond: ((id >= 7231703) AND (id <= 7231803))

table 6 : explain SELECT id FROM sbtest6 WHERE id BETWEEN 7231703 AND 7231803
	Index Only Scan using sbtest6_pkey on sbtest6  (cost=0.43..10.46 rows=101 width=4)
	  Index Cond: ((id >= 7231703) AND (id <= 7231803))

table 7 : explain SELECT id FROM sbtest7 WHERE id BETWEEN 7231703 AND 7231803
	Index Only Scan using sbtest7_pkey on sbtest7  (cost=0.43..10.33 rows=95 width=4)
	  Index Cond: ((id >= 7231703) AND (id <= 7231803))

table 8 : explain SELECT id FROM sbtest8 WHERE id BETWEEN 7231703 AND 7231803
	Index Only Scan using sbtest8_pkey on sbtest8  (cost=0.43..10.50 rows=103 width=4)
	  Index Cond: ((id >= 7231703) AND (id <= 7231803))

for range-covered
table 1 : explain SELECT id FROM sbtest1 WHERE id BETWEEN 5672455 AND 5672555
	Index Only Scan using sbtest1_pkey on sbtest1  (cost=0.43..10.33 rows=95 width=4)
	  Index Cond: ((id >= 5672455) AND (id <= 5672555))

table 2 : explain SELECT id FROM sbtest2 WHERE id BETWEEN 5672455 AND 5672555
	Index Only Scan using sbtest2_pkey on sbtest2  (cost=0.43..10.36 rows=96 width=4)
	  Index Cond: ((id >= 5672455) AND (id <= 5672555))

table 3 : explain SELECT id FROM sbtest3 WHERE id BETWEEN 5672455 AND 5672555
	Index Only Scan using sbtest3_pkey on sbtest3  (cost=0.43..10.40 rows=98 width=4)
	  Index Cond: ((id >= 5672455) AND (id <= 5672555))

table 4 : explain SELECT id FROM sbtest4 WHERE id BETWEEN 5672455 AND 5672555
	Index Only Scan using sbtest4_pkey on sbtest4  (cost=0.43..10.46 rows=101 width=4)
	  Index Cond: ((id >= 5672455) AND (id <= 5672555))

table 5 : explain SELECT id FROM sbtest5 WHERE id BETWEEN 5672455 AND 5672555
	Index Only Scan using sbtest5_pkey on sbtest5  (cost=0.43..10.54 rows=105 width=4)
	  Index Cond: ((id >= 5672455) AND (id <= 5672555))

table 6 : explain SELECT id FROM sbtest6 WHERE id BETWEEN 5672455 AND 5672555
	Index Only Scan using sbtest6_pkey on sbtest6  (cost=0.43..10.46 rows=101 width=4)
	  Index Cond: ((id >= 5672455) AND (id <= 5672555))

table 7 : explain SELECT id FROM sbtest7 WHERE id BETWEEN 5672455 AND 5672555
	Index Only Scan using sbtest7_pkey on sbtest7  (cost=0.43..10.36 rows=96 width=4)
	  Index Cond: ((id >= 5672455) AND (id <= 5672555))

table 8 : explain SELECT id FROM sbtest8 WHERE id BETWEEN 5672455 AND 5672555
	Index Only Scan using sbtest8_pkey on sbtest8  (cost=0.43..10.26 rows=91 width=4)
	  Index Cond: ((id >= 5672455) AND (id <= 5672555))

explain: for range-covered :: explain SELECT id FROM sbtest%d WHERE id BETWEEN 5672455 AND 5672555
explain: for range-covered :: explain SELECT id FROM sbtest%d WHERE id BETWEEN 7231703 AND 7231803
for range-covered
table 1 : explain SELECT id FROM sbtest1 WHERE id BETWEEN 4915784 AND 4915884
	Index Only Scan using sbtest1_pkey on sbtest1  (cost=0.43..10.47 rows=102 width=4)
	  Index Cond: ((id >= 4915784) AND (id <= 4915884))

table 2 : explain SELECT id FROM sbtest2 WHERE id BETWEEN 4915784 AND 4915884
	Index Only Scan using sbtest2_pkey on sbtest2  (cost=0.43..10.44 rows=100 width=4)
	  Index Cond: ((id >= 4915784) AND (id <= 4915884))

table 3 : explain SELECT id FROM sbtest3 WHERE id BETWEEN 4915784 AND 4915884
	Index Only Scan using sbtest3_pkey on sbtest3  (cost=0.43..10.58 rows=107 width=4)
	  Index Cond: ((id >= 4915784) AND (id <= 4915884))

table 4 : explain SELECT id FROM sbtest4 WHERE id BETWEEN 4915784 AND 4915884
	Index Only Scan using sbtest4_pkey on sbtest4  (cost=0.43..10.51 rows=104 width=4)
	  Index Cond: ((id >= 4915784) AND (id <= 4915884))

table 5 : explain SELECT id FROM sbtest5 WHERE id BETWEEN 4915784 AND 4915884
	Index Only Scan using sbtest5_pkey on sbtest5  (cost=0.43..10.47 rows=102 width=4)
	  Index Cond: ((id >= 4915784) AND (id <= 4915884))

table 6 : explain SELECT id FROM sbtest6 WHERE id BETWEEN 4915784 AND 4915884
	Index Only Scan using sbtest6_pkey on sbtest6  (cost=0.43..10.40 rows=98 width=4)
	  Index Cond: ((id >= 4915784) AND (id <= 4915884))

table 7 : explain SELECT id FROM sbtest7 WHERE id BETWEEN 4915784 AND 4915884
	Index Only Scan using sbtest7_pkey on sbtest7  (cost=0.43..10.46 rows=101 width=4)
	  Index Cond: ((id >= 4915784) AND (id <= 4915884))

table 8 : explain SELECT id FROM sbtest8 WHERE id BETWEEN 4915784 AND 4915884
	Index Only Scan using sbtest8_pkey on sbtest8  (cost=0.43..10.36 rows=96 width=4)
	  Index Cond: ((id >= 4915784) AND (id <= 4915884))

explain: for range-covered :: explain SELECT id FROM sbtest%d WHERE id BETWEEN 4915784 AND 4915884
for range-covered
table 1 : explain SELECT id FROM sbtest1 WHERE id BETWEEN 3044735 AND 3044835
	Index Only Scan using sbtest1_pkey on sbtest1  (cost=0.43..10.47 rows=102 width=4)
	  Index Cond: ((id >= 3044735) AND (id <= 3044835))

table 2 : explain SELECT id FROM sbtest2 WHERE id BETWEEN 3044735 AND 3044835
	Index Only Scan using sbtest2_pkey on sbtest2  (cost=0.43..10.47 rows=102 width=4)
	  Index Cond: ((id >= 3044735) AND (id <= 3044835))

table 3 : explain SELECT id FROM sbtest3 WHERE id BETWEEN 3044735 AND 3044835
	Index Only Scan using sbtest3_pkey on sbtest3  (cost=0.43..10.33 rows=95 width=4)
	  Index Cond: ((id >= 3044735) AND (id <= 3044835))

table 4 : explain SELECT id FROM sbtest4 WHERE id BETWEEN 3044735 AND 3044835
	Index Only Scan using sbtest4_pkey on sbtest4  (cost=0.43..10.86 rows=121 width=4)
	  Index Cond: ((id >= 3044735) AND (id <= 3044835))

table 5 : explain SELECT id FROM sbtest5 WHERE id BETWEEN 3044735 AND 3044835
	Index Only Scan using sbtest5_pkey on sbtest5  (cost=0.43..10.42 rows=99 width=4)
	  Index Cond: ((id >= 3044735) AND (id <= 3044835))

table 6 : explain SELECT id FROM sbtest6 WHERE id BETWEEN 3044735 AND 3044835
	Index Only Scan using sbtest6_pkey on sbtest6  (cost=0.43..10.47 rows=102 width=4)
	  Index Cond: ((id >= 3044735) AND (id <= 3044835))

table 7 : explain SELECT id FROM sbtest7 WHERE id BETWEEN 3044735 AND 3044835
	Index Only Scan using sbtest7_pkey on sbtest7  (cost=0.43..10.33 rows=95 width=4)
	  Index Cond: ((id >= 3044735) AND (id <= 3044835))

table 8 : explain SELECT id FROM sbtest8 WHERE id BETWEEN 3044735 AND 3044835
	Index Only Scan using sbtest8_pkey on sbtest8  (cost=0.43..10.40 rows=98 width=4)
	  Index Cond: ((id >= 3044735) AND (id <= 3044835))

explain: for range-covered :: explain SELECT id FROM sbtest%d WHERE id BETWEEN 3044735 AND 3044835
for range-covered
table 1 : explain SELECT id FROM sbtest1 WHERE id BETWEEN 3454063 AND 3454163
	Index Only Scan using sbtest1_pkey on sbtest1  (cost=0.43..10.46 rows=101 width=4)
	  Index Cond: ((id >= 3454063) AND (id <= 3454163))

table 2 : explain SELECT id FROM sbtest2 WHERE id BETWEEN 3454063 AND 3454163
	Index Only Scan using sbtest2_pkey on sbtest2  (cost=0.43..10.36 rows=96 width=4)
	  Index Cond: ((id >= 3454063) AND (id <= 3454163))

table 3 : explain SELECT id FROM sbtest3 WHERE id BETWEEN 3454063 AND 3454163
	Index Only Scan using sbtest3_pkey on sbtest3  (cost=0.43..10.33 rows=95 width=4)
	  Index Cond: ((id >= 3454063) AND (id <= 3454163))

table 4 : explain SELECT id FROM sbtest4 WHERE id BETWEEN 3454063 AND 3454163
	Index Only Scan using sbtest4_pkey on sbtest4  (cost=0.43..10.60 rows=108 width=4)
	  Index Cond: ((id >= 3454063) AND (id <= 3454163))

table 5 : explain SELECT id FROM sbtest5 WHERE id BETWEEN 3454063 AND 3454163
	Index Only Scan using sbtest5_pkey on sbtest5  (cost=0.43..10.70 rows=113 width=4)
	  Index Cond: ((id >= 3454063) AND (id <= 3454163))

table 6 : explain SELECT id FROM sbtest6 WHERE id BETWEEN 3454063 AND 3454163
	Index Only Scan using sbtest6_pkey on sbtest6  (cost=0.43..10.74 rows=115 width=4)
	  Index Cond: ((id >= 3454063) AND (id <= 3454163))

table 7 : explain SELECT id FROM sbtest7 WHERE id BETWEEN 3454063 AND 3454163
	Index Only Scan using sbtest7_pkey on sbtest7  (cost=0.43..10.38 rows=97 width=4)
	  Index Cond: ((id >= 3454063) AND (id <= 3454163))

table 8 : explain SELECT id FROM sbtest8 WHERE id BETWEEN 3454063 AND 3454163
	Index Only Scan using sbtest8_pkey on sbtest8  (cost=0.43..10.29 rows=93 width=4)
	  Index Cond: ((id >= 3454063) AND (id <= 3454163))

explain: for range-covered :: explain SELECT id FROM sbtest%d WHERE id BETWEEN 3454063 AND 3454163
for range-covered
table 1 : explain SELECT id FROM sbtest1 WHERE id BETWEEN 8837271 AND 8837371
	Index Only Scan using sbtest1_pkey on sbtest1  (cost=0.43..10.33 rows=95 width=4)
	  Index Cond: ((id >= 8837271) AND (id <= 8837371))

table 2 : explain SELECT id FROM sbtest2 WHERE id BETWEEN 8837271 AND 8837371
	Index Only Scan using sbtest2_pkey on sbtest2  (cost=0.43..10.63 rows=110 width=4)
	  Index Cond: ((id >= 8837271) AND (id <= 8837371))

table 3 : explain SELECT id FROM sbtest3 WHERE id BETWEEN 8837271 AND 8837371
	Index Only Scan using sbtest3_pkey on sbtest3  (cost=0.43..10.32 rows=94 width=4)
	  Index Cond: ((id >= 8837271) AND (id <= 8837371))

table 4 : explain SELECT id FROM sbtest4 WHERE id BETWEEN 8837271 AND 8837371
	Index Only Scan using sbtest4_pkey on sbtest4  (cost=0.43..10.50 rows=103 width=4)
	  Index Cond: ((id >= 8837271) AND (id <= 8837371))

table 5 : explain SELECT id FROM sbtest5 WHERE id BETWEEN 8837271 AND 8837371
	Index Only Scan using sbtest5_pkey on sbtest5  (cost=0.43..10.63 rows=110 width=4)
	  Index Cond: ((id >= 8837271) AND (id <= 8837371))

table 6 : explain SELECT id FROM sbtest6 WHERE id BETWEEN 8837271 AND 8837371
	Index Only Scan using sbtest6_pkey on sbtest6  (cost=0.43..10.58 rows=107 width=4)
	  Index Cond: ((id >= 8837271) AND (id <= 8837371))

table 7 : explain SELECT id FROM sbtest7 WHERE id BETWEEN 8837271 AND 8837371
	Index Only Scan using sbtest7_pkey on sbtest7  (cost=0.43..10.42 rows=99 width=4)
	  Index Cond: ((id >= 8837271) AND (id <= 8837371))

table 8 : explain SELECT id FROM sbtest8 WHERE id BETWEEN 8837271 AND 8837371
	Index Only Scan using sbtest8_pkey on sbtest8  (cost=0.43..10.36 rows=96 width=4)
	  Index Cond: ((id >= 8837271) AND (id <= 8837371))

explain: for range-covered :: explain SELECT id FROM sbtest%d WHERE id BETWEEN 8837271 AND 8837371
for range-covered
table 1 : explain SELECT id FROM sbtest1 WHERE id BETWEEN 5672455 AND 5672555
	Index Only Scan using sbtest1_pkey on sbtest1  (cost=0.43..10.33 rows=95 width=4)
	  Index Cond: ((id >= 5672455) AND (id <= 5672555))

table 2 : explain SELECT id FROM sbtest2 WHERE id BETWEEN 5672455 AND 5672555
	Index Only Scan using sbtest2_pkey on sbtest2  (cost=0.43..10.36 rows=96 width=4)
	  Index Cond: ((id >= 5672455) AND (id <= 5672555))

table 3 : explain SELECT id FROM sbtest3 WHERE id BETWEEN 5672455 AND 5672555
	Index Only Scan using sbtest3_pkey on sbtest3  (cost=0.43..10.40 rows=98 width=4)
	  Index Cond: ((id >= 5672455) AND (id <= 5672555))

table 4 : explain SELECT id FROM sbtest4 WHERE id BETWEEN 5672455 AND 5672555
	Index Only Scan using sbtest4_pkey on sbtest4  (cost=0.43..10.46 rows=101 width=4)
	  Index Cond: ((id >= 5672455) AND (id <= 5672555))

table 5 : explain SELECT id FROM sbtest5 WHERE id BETWEEN 5672455 AND 5672555
	Index Only Scan using sbtest5_pkey on sbtest5  (cost=0.43..10.54 rows=105 width=4)
	  Index Cond: ((id >= 5672455) AND (id <= 5672555))

table 6 : explain SELECT id FROM sbtest6 WHERE id BETWEEN 5672455 AND 5672555
	Index Only Scan using sbtest6_pkey on sbtest6  (cost=0.43..10.46 rows=101 width=4)
	  Index Cond: ((id >= 5672455) AND (id <= 5672555))

table 7 : explain SELECT id FROM sbtest7 WHERE id BETWEEN 5672455 AND 5672555
	Index Only Scan using sbtest7_pkey on sbtest7  (cost=0.43..10.36 rows=96 width=4)
	  Index Cond: ((id >= 5672455) AND (id <= 5672555))

table 8 : explain SELECT id FROM sbtest8 WHERE id BETWEEN 5672455 AND 5672555
	Index Only Scan using sbtest8_pkey on sbtest8  (cost=0.43..10.26 rows=91 width=4)
	  Index Cond: ((id >= 5672455) AND (id <= 5672555))

explain: for range-covered :: explain SELECT id FROM sbtest%d WHERE id BETWEEN 5672455 AND 5672555
for range-covered
table 1 : explain SELECT id FROM sbtest1 WHERE id BETWEEN 4915784 AND 4915884
	Index Only Scan using sbtest1_pkey on sbtest1  (cost=0.43..10.47 rows=102 width=4)
	  Index Cond: ((id >= 4915784) AND (id <= 4915884))

table 2 : explain SELECT id FROM sbtest2 WHERE id BETWEEN 4915784 AND 4915884
	Index Only Scan using sbtest2_pkey on sbtest2  (cost=0.43..10.44 rows=100 width=4)
	  Index Cond: ((id >= 4915784) AND (id <= 4915884))

table 3 : explain SELECT id FROM sbtest3 WHERE id BETWEEN 4915784 AND 4915884
	Index Only Scan using sbtest3_pkey on sbtest3  (cost=0.43..10.58 rows=107 width=4)
	  Index Cond: ((id >= 4915784) AND (id <= 4915884))

table 4 : explain SELECT id FROM sbtest4 WHERE id BETWEEN 4915784 AND 4915884
	Index Only Scan using sbtest4_pkey on sbtest4  (cost=0.43..10.51 rows=104 width=4)
	  Index Cond: ((id >= 4915784) AND (id <= 4915884))

table 5 : explain SELECT id FROM sbtest5 WHERE id BETWEEN 4915784 AND 4915884
	Index Only Scan using sbtest5_pkey on sbtest5  (cost=0.43..10.47 rows=102 width=4)
	  Index Cond: ((id >= 4915784) AND (id <= 4915884))

table 6 : explain SELECT id FROM sbtest6 WHERE id BETWEEN 4915784 AND 4915884
	Index Only Scan using sbtest6_pkey on sbtest6  (cost=0.43..10.40 rows=98 width=4)
	  Index Cond: ((id >= 4915784) AND (id <= 4915884))

table 7 : explain SELECT id FROM sbtest7 WHERE id BETWEEN 4915784 AND 4915884
	Index Only Scan using sbtest7_pkey on sbtest7  (cost=0.43..10.46 rows=101 width=4)
	  Index Cond: ((id >= 4915784) AND (id <= 4915884))

table 8 : explain SELECT id FROM sbtest8 WHERE id BETWEEN 4915784 AND 4915884
	Index Only Scan using sbtest8_pkey on sbtest8  (cost=0.43..10.36 rows=96 width=4)
	  Index Cond: ((id >= 4915784) AND (id <= 4915884))

for range-covered
table 1 : explain SELECT id FROM sbtest1 WHERE id BETWEEN 7231703 AND 7231803
	Index Only Scan using sbtest1_pkey on sbtest1  (cost=0.43..10.42 rows=99 width=4)
	  Index Cond: ((id >= 7231703) AND (id <= 7231803))

table 2 : explain SELECT id FROM sbtest2 WHERE id BETWEEN 7231703 AND 7231803
	Index Only Scan using sbtest2_pkey on sbtest2  (cost=0.43..10.68 rows=112 width=4)
	  Index Cond: ((id >= 7231703) AND (id <= 7231803))

table 3 : explain SELECT id FROM sbtest3 WHERE id BETWEEN 7231703 AND 7231803
	Index Only Scan using sbtest3_pkey on sbtest3  (cost=0.43..10.32 rows=94 width=4)
	  Index Cond: ((id >= 7231703) AND (id <= 7231803))

table 4 : explain SELECT id FROM sbtest4 WHERE id BETWEEN 7231703 AND 7231803
	Index Only Scan using sbtest4_pkey on sbtest4  (cost=0.43..10.33 rows=95 width=4)
	  Index Cond: ((id >= 7231703) AND (id <= 7231803))

table 5 : explain SELECT id FROM sbtest5 WHERE id BETWEEN 7231703 AND 7231803
	Index Only Scan using sbtest5_pkey on sbtest5  (cost=0.43..10.70 rows=113 width=4)
	  Index Cond: ((id >= 7231703) AND (id <= 7231803))

table 6 : explain SELECT id FROM sbtest6 WHERE id BETWEEN 7231703 AND 7231803
	Index Only Scan using sbtest6_pkey on sbtest6  (cost=0.43..10.46 rows=101 width=4)
	  Index Cond: ((id >= 7231703) AND (id <= 7231803))

table 7 : explain SELECT id FROM sbtest7 WHERE id BETWEEN 7231703 AND 7231803
	Index Only Scan using sbtest7_pkey on sbtest7  (cost=0.43..10.33 rows=95 width=4)
	  Index Cond: ((id >= 7231703) AND (id <= 7231803))

table 8 : explain SELECT id FROM sbtest8 WHERE id BETWEEN 7231703 AND 7231803
	Index Only Scan using sbtest8_pkey on sbtest8  (cost=0.43..10.50 rows=103 width=4)
	  Index Cond: ((id >= 7231703) AND (id <= 7231803))

explain: for range-covered :: explain SELECT id FROM sbtest%d WHERE id BETWEEN 4915784 AND 4915884
for range-covered
table 1 : explain SELECT id FROM sbtest1 WHERE id BETWEEN 3044735 AND 3044835
	Index Only Scan using sbtest1_pkey on sbtest1  (cost=0.43..10.47 rows=102 width=4)
	  Index Cond: ((id >= 3044735) AND (id <= 3044835))

table 2 : explain SELECT id FROM sbtest2 WHERE id BETWEEN 3044735 AND 3044835
	Index Only Scan using sbtest2_pkey on sbtest2  (cost=0.43..10.47 rows=102 width=4)
	  Index Cond: ((id >= 3044735) AND (id <= 3044835))

table 3 : explain SELECT id FROM sbtest3 WHERE id BETWEEN 3044735 AND 3044835
	Index Only Scan using sbtest3_pkey on sbtest3  (cost=0.43..10.33 rows=95 width=4)
	  Index Cond: ((id >= 3044735) AND (id <= 3044835))

table 4 : explain SELECT id FROM sbtest4 WHERE id BETWEEN 3044735 AND 3044835
	Index Only Scan using sbtest4_pkey on sbtest4  (cost=0.43..10.86 rows=121 width=4)
	  Index Cond: ((id >= 3044735) AND (id <= 3044835))

table 5 : explain SELECT id FROM sbtest5 WHERE id BETWEEN 3044735 AND 3044835
	Index Only Scan using sbtest5_pkey on sbtest5  (cost=0.43..10.42 rows=99 width=4)
	  Index Cond: ((id >= 3044735) AND (id <= 3044835))

table 6 : explain SELECT id FROM sbtest6 WHERE id BETWEEN 3044735 AND 3044835
	Index Only Scan using sbtest6_pkey on sbtest6  (cost=0.43..10.47 rows=102 width=4)
	  Index Cond: ((id >= 3044735) AND (id <= 3044835))

table 7 : explain SELECT id FROM sbtest7 WHERE id BETWEEN 3044735 AND 3044835
	Index Only Scan using sbtest7_pkey on sbtest7  (cost=0.43..10.33 rows=95 width=4)
	  Index Cond: ((id >= 3044735) AND (id <= 3044835))

table 8 : explain SELECT id FROM sbtest8 WHERE id BETWEEN 3044735 AND 3044835
	Index Only Scan using sbtest8_pkey on sbtest8  (cost=0.43..10.40 rows=98 width=4)
	  Index Cond: ((id >= 3044735) AND (id <= 3044835))

for range-covered
table 1 : explain SELECT id FROM sbtest1 WHERE id BETWEEN 5672455 AND 5672555
	Index Only Scan using sbtest1_pkey on sbtest1  (cost=0.43..10.33 rows=95 width=4)
	  Index Cond: ((id >= 5672455) AND (id <= 5672555))

table 2 : explain SELECT id FROM sbtest2 WHERE id BETWEEN 5672455 AND 5672555
	Index Only Scan using sbtest2_pkey on sbtest2  (cost=0.43..10.36 rows=96 width=4)
	  Index Cond: ((id >= 5672455) AND (id <= 5672555))

table 3 : explain SELECT id FROM sbtest3 WHERE id BETWEEN 5672455 AND 5672555
	Index Only Scan using sbtest3_pkey on sbtest3  (cost=0.43..10.40 rows=98 width=4)
	  Index Cond: ((id >= 5672455) AND (id <= 5672555))

table 4 : explain SELECT id FROM sbtest4 WHERE id BETWEEN 5672455 AND 5672555
	Index Only Scan using sbtest4_pkey on sbtest4  (cost=0.43..10.46 rows=101 width=4)
	  Index Cond: ((id >= 5672455) AND (id <= 5672555))

table 5 : explain SELECT id FROM sbtest5 WHERE id BETWEEN 5672455 AND 5672555
	Index Only Scan using sbtest5_pkey on sbtest5  (cost=0.43..10.54 rows=105 width=4)
	  Index Cond: ((id >= 5672455) AND (id <= 5672555))

table 6 : explain SELECT id FROM sbtest6 WHERE id BETWEEN 5672455 AND 5672555
	Index Only Scan using sbtest6_pkey on sbtest6  (cost=0.43..10.46 rows=101 width=4)
	  Index Cond: ((id >= 5672455) AND (id <= 5672555))

table 7 : explain SELECT id FROM sbtest7 WHERE id BETWEEN 5672455 AND 5672555
	Index Only Scan using sbtest7_pkey on sbtest7  (cost=0.43..10.36 rows=96 width=4)
	  Index Cond: ((id >= 5672455) AND (id <= 5672555))

table 8 : explain SELECT id FROM sbtest8 WHERE id BETWEEN 5672455 AND 5672555
	Index Only Scan using sbtest8_pkey on sbtest8  (cost=0.43..10.26 rows=91 width=4)
	  Index Cond: ((id >= 5672455) AND (id <= 5672555))

explain: for range-covered :: explain SELECT id FROM sbtest%d WHERE id BETWEEN 5672455 AND 5672555
for range-covered
table 1 : explain SELECT id FROM sbtest1 WHERE id BETWEEN 8837271 AND 8837371
	Index Only Scan using sbtest1_pkey on sbtest1  (cost=0.43..10.33 rows=95 width=4)
	  Index Cond: ((id >= 8837271) AND (id <= 8837371))

table 2 : explain SELECT id FROM sbtest2 WHERE id BETWEEN 8837271 AND 8837371
	Index Only Scan using sbtest2_pkey on sbtest2  (cost=0.43..10.63 rows=110 width=4)
	  Index Cond: ((id >= 8837271) AND (id <= 8837371))

table 3 : explain SELECT id FROM sbtest3 WHERE id BETWEEN 8837271 AND 8837371
	Index Only Scan using sbtest3_pkey on sbtest3  (cost=0.43..10.32 rows=94 width=4)
	  Index Cond: ((id >= 8837271) AND (id <= 8837371))

table 4 : explain SELECT id FROM sbtest4 WHERE id BETWEEN 8837271 AND 8837371
	Index Only Scan using sbtest4_pkey on sbtest4  (cost=0.43..10.50 rows=103 width=4)
	  Index Cond: ((id >= 8837271) AND (id <= 8837371))

table 5 : explain SELECT id FROM sbtest5 WHERE id BETWEEN 8837271 AND 8837371
	Index Only Scan using sbtest5_pkey on sbtest5  (cost=0.43..10.63 rows=110 width=4)
	  Index Cond: ((id >= 8837271) AND (id <= 8837371))

table 6 : explain SELECT id FROM sbtest6 WHERE id BETWEEN 8837271 AND 8837371
	Index Only Scan using sbtest6_pkey on sbtest6  (cost=0.43..10.58 rows=107 width=4)
	  Index Cond: ((id >= 8837271) AND (id <= 8837371))

table 7 : explain SELECT id FROM sbtest7 WHERE id BETWEEN 8837271 AND 8837371
	Index Only Scan using sbtest7_pkey on sbtest7  (cost=0.43..10.42 rows=99 width=4)
	  Index Cond: ((id >= 8837271) AND (id <= 8837371))

table 8 : explain SELECT id FROM sbtest8 WHERE id BETWEEN 8837271 AND 8837371
	Index Only Scan using sbtest8_pkey on sbtest8  (cost=0.43..10.36 rows=96 width=4)
	  Index Cond: ((id >= 8837271) AND (id <= 8837371))

explain: for range-covered :: explain SELECT id FROM sbtest%d WHERE id BETWEEN 8837271 AND 8837371
for range-covered
table 1 : explain SELECT id FROM sbtest1 WHERE id BETWEEN 5672455 AND 5672555
	Index Only Scan using sbtest1_pkey on sbtest1  (cost=0.43..10.33 rows=95 width=4)
	  Index Cond: ((id >= 5672455) AND (id <= 5672555))

table 2 : explain SELECT id FROM sbtest2 WHERE id BETWEEN 5672455 AND 5672555
	Index Only Scan using sbtest2_pkey on sbtest2  (cost=0.43..10.36 rows=96 width=4)
	  Index Cond: ((id >= 5672455) AND (id <= 5672555))

table 3 : explain SELECT id FROM sbtest3 WHERE id BETWEEN 5672455 AND 5672555
	Index Only Scan using sbtest3_pkey on sbtest3  (cost=0.43..10.40 rows=98 width=4)
	  Index Cond: ((id >= 5672455) AND (id <= 5672555))

table 4 : explain SELECT id FROM sbtest4 WHERE id BETWEEN 5672455 AND 5672555
	Index Only Scan using sbtest4_pkey on sbtest4  (cost=0.43..10.46 rows=101 width=4)
	  Index Cond: ((id >= 5672455) AND (id <= 5672555))

table 5 : explain SELECT id FROM sbtest5 WHERE id BETWEEN 5672455 AND 5672555
	Index Only Scan using sbtest5_pkey on sbtest5  (cost=0.43..10.54 rows=105 width=4)
	  Index Cond: ((id >= 5672455) AND (id <= 5672555))

table 6 : explain SELECT id FROM sbtest6 WHERE id BETWEEN 5672455 AND 5672555
	Index Only Scan using sbtest6_pkey on sbtest6  (cost=0.43..10.46 rows=101 width=4)
	  Index Cond: ((id >= 5672455) AND (id <= 5672555))

table 7 : explain SELECT id FROM sbtest7 WHERE id BETWEEN 5672455 AND 5672555
	Index Only Scan using sbtest7_pkey on sbtest7  (cost=0.43..10.36 rows=96 width=4)
	  Index Cond: ((id >= 5672455) AND (id <= 5672555))

table 8 : explain SELECT id FROM sbtest8 WHERE id BETWEEN 5672455 AND 5672555
	Index Only Scan using sbtest8_pkey on sbtest8  (cost=0.43..10.26 rows=91 width=4)
	  Index Cond: ((id >= 5672455) AND (id <= 5672555))

for range-covered
table 1 : explain SELECT id FROM sbtest1 WHERE id BETWEEN 3454063 AND 3454163
	Index Only Scan using sbtest1_pkey on sbtest1  (cost=0.43..10.46 rows=101 width=4)
	  Index Cond: ((id >= 3454063) AND (id <= 3454163))

table 2 : explain SELECT id FROM sbtest2 WHERE id BETWEEN 3454063 AND 3454163
	Index Only Scan using sbtest2_pkey on sbtest2  (cost=0.43..10.36 rows=96 width=4)
	  Index Cond: ((id >= 3454063) AND (id <= 3454163))

table 3 : explain SELECT id FROM sbtest3 WHERE id BETWEEN 3454063 AND 3454163
	Index Only Scan using sbtest3_pkey on sbtest3  (cost=0.43..10.33 rows=95 width=4)
	  Index Cond: ((id >= 3454063) AND (id <= 3454163))

table 4 : explain SELECT id FROM sbtest4 WHERE id BETWEEN 3454063 AND 3454163
	Index Only Scan using sbtest4_pkey on sbtest4  (cost=0.43..10.60 rows=108 width=4)
	  Index Cond: ((id >= 3454063) AND (id <= 3454163))

table 5 : explain SELECT id FROM sbtest5 WHERE id BETWEEN 3454063 AND 3454163
	Index Only Scan using sbtest5_pkey on sbtest5  (cost=0.43..10.70 rows=113 width=4)
	  Index Cond: ((id >= 3454063) AND (id <= 3454163))

table 6 : explain SELECT id FROM sbtest6 WHERE id BETWEEN 3454063 AND 3454163
	Index Only Scan using sbtest6_pkey on sbtest6  (cost=0.43..10.74 rows=115 width=4)
	  Index Cond: ((id >= 3454063) AND (id <= 3454163))

table 7 : explain SELECT id FROM sbtest7 WHERE id BETWEEN 3454063 AND 3454163
	Index Only Scan using sbtest7_pkey on sbtest7  (cost=0.43..10.38 rows=97 width=4)
	  Index Cond: ((id >= 3454063) AND (id <= 3454163))

table 8 : explain SELECT id FROM sbtest8 WHERE id BETWEEN 3454063 AND 3454163
	Index Only Scan using sbtest8_pkey on sbtest8  (cost=0.43..10.29 rows=93 width=4)
	  Index Cond: ((id >= 3454063) AND (id <= 3454163))

explain: for range-covered :: explain SELECT id FROM sbtest%d WHERE id BETWEEN 3454063 AND 3454163
for range-covered
table 1 : explain SELECT id FROM sbtest1 WHERE id BETWEEN 8837271 AND 8837371
	Index Only Scan using sbtest1_pkey on sbtest1  (cost=0.43..10.33 rows=95 width=4)
	  Index Cond: ((id >= 8837271) AND (id <= 8837371))

table 2 : explain SELECT id FROM sbtest2 WHERE id BETWEEN 8837271 AND 8837371
	Index Only Scan using sbtest2_pkey on sbtest2  (cost=0.43..10.63 rows=110 width=4)
	  Index Cond: ((id >= 8837271) AND (id <= 8837371))

table 3 : explain SELECT id FROM sbtest3 WHERE id BETWEEN 8837271 AND 8837371
	Index Only Scan using sbtest3_pkey on sbtest3  (cost=0.43..10.32 rows=94 width=4)
	  Index Cond: ((id >= 8837271) AND (id <= 8837371))

table 4 : explain SELECT id FROM sbtest4 WHERE id BETWEEN 8837271 AND 8837371
	Index Only Scan using sbtest4_pkey on sbtest4  (cost=0.43..10.50 rows=103 width=4)
	  Index Cond: ((id >= 8837271) AND (id <= 8837371))

table 5 : explain SELECT id FROM sbtest5 WHERE id BETWEEN 8837271 AND 8837371
	Index Only Scan using sbtest5_pkey on sbtest5  (cost=0.43..10.63 rows=110 width=4)
	  Index Cond: ((id >= 8837271) AND (id <= 8837371))

table 6 : explain SELECT id FROM sbtest6 WHERE id BETWEEN 8837271 AND 8837371
	Index Only Scan using sbtest6_pkey on sbtest6  (cost=0.43..10.58 rows=107 width=4)
	  Index Cond: ((id >= 8837271) AND (id <= 8837371))

table 7 : explain SELECT id FROM sbtest7 WHERE id BETWEEN 8837271 AND 8837371
	Index Only Scan using sbtest7_pkey on sbtest7  (cost=0.43..10.42 rows=99 width=4)
	  Index Cond: ((id >= 8837271) AND (id <= 8837371))

table 8 : explain SELECT id FROM sbtest8 WHERE id BETWEEN 8837271 AND 8837371
	Index Only Scan using sbtest8_pkey on sbtest8  (cost=0.43..10.36 rows=96 width=4)
	  Index Cond: ((id >= 8837271) AND (id <= 8837371))

for range-covered
table 1 : explain SELECT id FROM sbtest1 WHERE id BETWEEN 4915784 AND 4915884
	Index Only Scan using sbtest1_pkey on sbtest1  (cost=0.43..10.47 rows=102 width=4)
	  Index Cond: ((id >= 4915784) AND (id <= 4915884))

table 2 : explain SELECT id FROM sbtest2 WHERE id BETWEEN 4915784 AND 4915884
	Index Only Scan using sbtest2_pkey on sbtest2  (cost=0.43..10.44 rows=100 width=4)
	  Index Cond: ((id >= 4915784) AND (id <= 4915884))

table 3 : explain SELECT id FROM sbtest3 WHERE id BETWEEN 4915784 AND 4915884
	Index Only Scan using sbtest3_pkey on sbtest3  (cost=0.43..10.58 rows=107 width=4)
	  Index Cond: ((id >= 4915784) AND (id <= 4915884))

table 4 : explain SELECT id FROM sbtest4 WHERE id BETWEEN 4915784 AND 4915884
	Index Only Scan using sbtest4_pkey on sbtest4  (cost=0.43..10.51 rows=104 width=4)
	  Index Cond: ((id >= 4915784) AND (id <= 4915884))

table 5 : explain SELECT id FROM sbtest5 WHERE id BETWEEN 4915784 AND 4915884
	Index Only Scan using sbtest5_pkey on sbtest5  (cost=0.43..10.47 rows=102 width=4)
	  Index Cond: ((id >= 4915784) AND (id <= 4915884))

table 6 : explain SELECT id FROM sbtest6 WHERE id BETWEEN 4915784 AND 4915884
	Index Only Scan using sbtest6_pkey on sbtest6  (cost=0.43..10.40 rows=98 width=4)
	  Index Cond: ((id >= 4915784) AND (id <= 4915884))

table 7 : explain SELECT id FROM sbtest7 WHERE id BETWEEN 4915784 AND 4915884
	Index Only Scan using sbtest7_pkey on sbtest7  (cost=0.43..10.46 rows=101 width=4)
	  Index Cond: ((id >= 4915784) AND (id <= 4915884))

table 8 : explain SELECT id FROM sbtest8 WHERE id BETWEEN 4915784 AND 4915884
	Index Only Scan using sbtest8_pkey on sbtest8  (cost=0.43..10.36 rows=96 width=4)
	  Index Cond: ((id >= 4915784) AND (id <= 4915884))

for range-covered
table 1 : explain SELECT id FROM sbtest1 WHERE id BETWEEN 3454063 AND 3454163
	Index Only Scan using sbtest1_pkey on sbtest1  (cost=0.43..10.46 rows=101 width=4)
	  Index Cond: ((id >= 3454063) AND (id <= 3454163))

table 2 : explain SELECT id FROM sbtest2 WHERE id BETWEEN 3454063 AND 3454163
	Index Only Scan using sbtest2_pkey on sbtest2  (cost=0.43..10.36 rows=96 width=4)
	  Index Cond: ((id >= 3454063) AND (id <= 3454163))

table 3 : explain SELECT id FROM sbtest3 WHERE id BETWEEN 3454063 AND 3454163
	Index Only Scan using sbtest3_pkey on sbtest3  (cost=0.43..10.33 rows=95 width=4)
	  Index Cond: ((id >= 3454063) AND (id <= 3454163))

table 4 : explain SELECT id FROM sbtest4 WHERE id BETWEEN 3454063 AND 3454163
	Index Only Scan using sbtest4_pkey on sbtest4  (cost=0.43..10.60 rows=108 width=4)
	  Index Cond: ((id >= 3454063) AND (id <= 3454163))

table 5 : explain SELECT id FROM sbtest5 WHERE id BETWEEN 3454063 AND 3454163
	Index Only Scan using sbtest5_pkey on sbtest5  (cost=0.43..10.70 rows=113 width=4)
	  Index Cond: ((id >= 3454063) AND (id <= 3454163))

table 6 : explain SELECT id FROM sbtest6 WHERE id BETWEEN 3454063 AND 3454163
	Index Only Scan using sbtest6_pkey on sbtest6  (cost=0.43..10.74 rows=115 width=4)
	  Index Cond: ((id >= 3454063) AND (id <= 3454163))

table 7 : explain SELECT id FROM sbtest7 WHERE id BETWEEN 3454063 AND 3454163
	Index Only Scan using sbtest7_pkey on sbtest7  (cost=0.43..10.38 rows=97 width=4)
	  Index Cond: ((id >= 3454063) AND (id <= 3454163))

table 8 : explain SELECT id FROM sbtest8 WHERE id BETWEEN 3454063 AND 3454163
	Index Only Scan using sbtest8_pkey on sbtest8  (cost=0.43..10.29 rows=93 width=4)
	  Index Cond: ((id >= 3454063) AND (id <= 3454163))

explain: for range-covered :: explain SELECT id FROM sbtest%d WHERE id BETWEEN 3454063 AND 3454163
for range-covered
table 1 : explain SELECT id FROM sbtest1 WHERE id BETWEEN 3454063 AND 3454163
	Index Only Scan using sbtest1_pkey on sbtest1  (cost=0.43..10.46 rows=101 width=4)
	  Index Cond: ((id >= 3454063) AND (id <= 3454163))

table 2 : explain SELECT id FROM sbtest2 WHERE id BETWEEN 3454063 AND 3454163
	Index Only Scan using sbtest2_pkey on sbtest2  (cost=0.43..10.36 rows=96 width=4)
	  Index Cond: ((id >= 3454063) AND (id <= 3454163))

table 3 : explain SELECT id FROM sbtest3 WHERE id BETWEEN 3454063 AND 3454163
	Index Only Scan using sbtest3_pkey on sbtest3  (cost=0.43..10.33 rows=95 width=4)
	  Index Cond: ((id >= 3454063) AND (id <= 3454163))

table 4 : explain SELECT id FROM sbtest4 WHERE id BETWEEN 3454063 AND 3454163
	Index Only Scan using sbtest4_pkey on sbtest4  (cost=0.43..10.60 rows=108 width=4)
	  Index Cond: ((id >= 3454063) AND (id <= 3454163))

table 5 : explain SELECT id FROM sbtest5 WHERE id BETWEEN 3454063 AND 3454163
	Index Only Scan using sbtest5_pkey on sbtest5  (cost=0.43..10.70 rows=113 width=4)
	  Index Cond: ((id >= 3454063) AND (id <= 3454163))

table 6 : explain SELECT id FROM sbtest6 WHERE id BETWEEN 3454063 AND 3454163
	Index Only Scan using sbtest6_pkey on sbtest6  (cost=0.43..10.74 rows=115 width=4)
	  Index Cond: ((id >= 3454063) AND (id <= 3454163))

table 7 : explain SELECT id FROM sbtest7 WHERE id BETWEEN 3454063 AND 3454163
	Index Only Scan using sbtest7_pkey on sbtest7  (cost=0.43..10.38 rows=97 width=4)
	  Index Cond: ((id >= 3454063) AND (id <= 3454163))

table 8 : explain SELECT id FROM sbtest8 WHERE id BETWEEN 3454063 AND 3454163
	Index Only Scan using sbtest8_pkey on sbtest8  (cost=0.43..10.29 rows=93 width=4)
	  Index Cond: ((id >= 3454063) AND (id <= 3454163))

explain: for range-covered :: explain SELECT id FROM sbtest%d WHERE id BETWEEN 3454063 AND 3454163
for range-covered
table 1 : explain SELECT id FROM sbtest1 WHERE id BETWEEN 3454063 AND 3454163
	Index Only Scan using sbtest1_pkey on sbtest1  (cost=0.43..10.46 rows=101 width=4)
	  Index Cond: ((id >= 3454063) AND (id <= 3454163))

table 2 : explain SELECT id FROM sbtest2 WHERE id BETWEEN 3454063 AND 3454163
	Index Only Scan using sbtest2_pkey on sbtest2  (cost=0.43..10.36 rows=96 width=4)
	  Index Cond: ((id >= 3454063) AND (id <= 3454163))

table 3 : explain SELECT id FROM sbtest3 WHERE id BETWEEN 3454063 AND 3454163
	Index Only Scan using sbtest3_pkey on sbtest3  (cost=0.43..10.33 rows=95 width=4)
	  Index Cond: ((id >= 3454063) AND (id <= 3454163))

table 4 : explain SELECT id FROM sbtest4 WHERE id BETWEEN 3454063 AND 3454163
	Index Only Scan using sbtest4_pkey on sbtest4  (cost=0.43..10.60 rows=108 width=4)
	  Index Cond: ((id >= 3454063) AND (id <= 3454163))

table 5 : explain SELECT id FROM sbtest5 WHERE id BETWEEN 3454063 AND 3454163
	Index Only Scan using sbtest5_pkey on sbtest5  (cost=0.43..10.70 rows=113 width=4)
	  Index Cond: ((id >= 3454063) AND (id <= 3454163))

table 6 : explain SELECT id FROM sbtest6 WHERE id BETWEEN 3454063 AND 3454163
	Index Only Scan using sbtest6_pkey on sbtest6  (cost=0.43..10.74 rows=115 width=4)
	  Index Cond: ((id >= 3454063) AND (id <= 3454163))

table 7 : explain SELECT id FROM sbtest7 WHERE id BETWEEN 3454063 AND 3454163
	Index Only Scan using sbtest7_pkey on sbtest7  (cost=0.43..10.38 rows=97 width=4)
	  Index Cond: ((id >= 3454063) AND (id <= 3454163))

table 8 : explain SELECT id FROM sbtest8 WHERE id BETWEEN 3454063 AND 3454163
	Index Only Scan using sbtest8_pkey on sbtest8  (cost=0.43..10.29 rows=93 width=4)
	  Index Cond: ((id >= 3454063) AND (id <= 3454163))

explain: for range-covered :: explain SELECT id FROM sbtest%d WHERE id BETWEEN 3454063 AND 3454163
for range-covered
table 1 : explain SELECT id FROM sbtest1 WHERE id BETWEEN 3454063 AND 3454163
	Index Only Scan using sbtest1_pkey on sbtest1  (cost=0.43..10.46 rows=101 width=4)
	  Index Cond: ((id >= 3454063) AND (id <= 3454163))

table 2 : explain SELECT id FROM sbtest2 WHERE id BETWEEN 3454063 AND 3454163
	Index Only Scan using sbtest2_pkey on sbtest2  (cost=0.43..10.36 rows=96 width=4)
	  Index Cond: ((id >= 3454063) AND (id <= 3454163))

table 3 : explain SELECT id FROM sbtest3 WHERE id BETWEEN 3454063 AND 3454163
	Index Only Scan using sbtest3_pkey on sbtest3  (cost=0.43..10.33 rows=95 width=4)
	  Index Cond: ((id >= 3454063) AND (id <= 3454163))

table 4 : explain SELECT id FROM sbtest4 WHERE id BETWEEN 3454063 AND 3454163
	Index Only Scan using sbtest4_pkey on sbtest4  (cost=0.43..10.60 rows=108 width=4)
	  Index Cond: ((id >= 3454063) AND (id <= 3454163))

table 5 : explain SELECT id FROM sbtest5 WHERE id BETWEEN 3454063 AND 3454163
	Index Only Scan using sbtest5_pkey on sbtest5  (cost=0.43..10.70 rows=113 width=4)
	  Index Cond: ((id >= 3454063) AND (id <= 3454163))

table 6 : explain SELECT id FROM sbtest6 WHERE id BETWEEN 3454063 AND 3454163
	Index Only Scan using sbtest6_pkey on sbtest6  (cost=0.43..10.74 rows=115 width=4)
	  Index Cond: ((id >= 3454063) AND (id <= 3454163))

table 7 : explain SELECT id FROM sbtest7 WHERE id BETWEEN 3454063 AND 3454163
	Index Only Scan using sbtest7_pkey on sbtest7  (cost=0.43..10.38 rows=97 width=4)
	  Index Cond: ((id >= 3454063) AND (id <= 3454163))

table 8 : explain SELECT id FROM sbtest8 WHERE id BETWEEN 3454063 AND 3454163
	Index Only Scan using sbtest8_pkey on sbtest8  (cost=0.43..10.29 rows=93 width=4)
	  Index Cond: ((id >= 3454063) AND (id <= 3454163))

Threads started!

Warming up for 5 seconds...

SQL statistics:
    queries performed:
        read:                            253719173
        write:                           0
        other:                           0
        total:                           253719173
    transactions:                        253719173 (402725.19 per sec.)
    queries:                             253719173 (402725.19 per sec.)
    ignored errors:                      0      (0.00 per sec.)
    reconnects:                          0      (0.00 per sec.)

Throughput:
    events/s (eps):                      402725.1925
    time elapsed:                        630.0059s
    total number of events:              253719173

Latency (ms):
         min:                                    0.06
         avg:                                    0.10
         max:                                   24.12
         95th percentile:                        0.11
         sum:                             25119508.71

Threads fairness:
    events (avg/stddev):           6342972.2500/29481.72
    execution time (avg/stddev):   627.9877/0.04

