LUA_PATH=/home/mdcallag/git/mytools/bench/sysbench.lua/lua/?.lua /home/mdcallag/git/mytools/bench/sysbench.lua/lua/sysbench --db-driver=pgsql --range-size=100 --table-size=10000000 --tables=8 --threads=40 --events=0 --warmup-time=5 --time=630 --pgsql_conn_id=true /home/mdcallag/git/mytools/bench/sysbench.lua/lua/oltp_point_select.lua run --pgsql-user=root --pgsql-password=pw --pgsql-host=127.0.0.1 --pgsql-db=ib --rand-type=uniform --skip-trx
48 CPUs
sysbench 1.1.0-9072687 (using bundled LuaJIT 2.1.0-beta3)

Running the test with following options:
Number of threads: 40
Warmup time: 5s
Initializing random number generator from current time


Initializing worker threads...

explain: for point_selects :: explain SELECT c FROM sbtest%u WHERE id=%u
explain: for point_selects :: explain SELECT c FROM sbtest%u WHERE id=%u
for point_selects
table 1 : explain SELECT c FROM sbtest1 WHERE id=8738239
	Index Scan using sbtest1_pkey on sbtest1  (cost=0.43..8.45 rows=1 width=121)
	  Index Cond: (id = 8738239)

table 2 : explain SELECT c FROM sbtest2 WHERE id=7909528
	Index Scan using sbtest2_pkey on sbtest2  (cost=0.43..8.45 rows=1 width=121)
	  Index Cond: (id = 7909528)

table 3 : explain SELECT c FROM sbtest3 WHERE id=6229589
	Index Scan using sbtest3_pkey on sbtest3  (cost=0.43..8.45 rows=1 width=121)
	  Index Cond: (id = 6229589)

table 4 : explain SELECT c FROM sbtest4 WHERE id=2028153
	Index Scan using sbtest4_pkey on sbtest4  (cost=0.43..8.45 rows=1 width=121)
	  Index Cond: (id = 2028153)

table 5 : explain SELECT c FROM sbtest5 WHERE id=8517544
	Index Scan using sbtest5_pkey on sbtest5  (cost=0.43..8.45 rows=1 width=121)
	  Index Cond: (id = 8517544)

table 6 : explain SELECT c FROM sbtest6 WHERE id=355598
	Index Scan using sbtest6_pkey on sbtest6  (cost=0.43..8.45 rows=1 width=121)
	  Index Cond: (id = 355598)

table 7 : explain SELECT c FROM sbtest7 WHERE id=1094135
	Index Scan using sbtest7_pkey on sbtest7  (cost=0.43..8.45 rows=1 width=121)
	  Index Cond: (id = 1094135)

table 8 : explain SELECT c FROM sbtest8 WHERE id=7957346
	Index Scan using sbtest8_pkey on sbtest8  (cost=0.43..8.45 rows=1 width=121)
	  Index Cond: (id = 7957346)

explain: for point_selects :: explain SELECT c FROM sbtest%u WHERE id=%u
explain: for point_selects :: explain SELECT c FROM sbtest%u WHERE id=%u
for point_selects
table 1 : explain SELECT c FROM sbtest1 WHERE id=7380757
	Index Scan using sbtest1_pkey on sbtest1  (cost=0.43..8.45 rows=1 width=121)
	  Index Cond: (id = 7380757)

table 2 : explain SELECT c FROM sbtest2 WHERE id=5985984
	Index Scan using sbtest2_pkey on sbtest2  (cost=0.43..8.45 rows=1 width=121)
	  Index Cond: (id = 5985984)

table 3 : explain SELECT c FROM sbtest3 WHERE id=5034853
	Index Scan using sbtest3_pkey on sbtest3  (cost=0.43..8.45 rows=1 width=121)
	  Index Cond: (id = 5034853)

table 4 : explain SELECT c FROM sbtest4 WHERE id=7285055
	Index Scan using sbtest4_pkey on sbtest4  (cost=0.43..8.45 rows=1 width=121)
	  Index Cond: (id = 7285055)

table 5 : explain SELECT c FROM sbtest5 WHERE id=2182468
	Index Scan using sbtest5_pkey on sbtest5  (cost=0.43..8.45 rows=1 width=121)
	  Index Cond: (id = 2182468)

table 6 : explain SELECT c FROM sbtest6 WHERE id=8791410
	Index Scan using sbtest6_pkey on sbtest6  (cost=0.43..8.45 rows=1 width=121)
	  Index Cond: (id = 8791410)

table 7 : explain SELECT c FROM sbtest7 WHERE id=5862863
	Index Scan using sbtest7_pkey on sbtest7  (cost=0.43..8.45 rows=1 width=121)
	  Index Cond: (id = 5862863)

table 8 : explain SELECT c FROM sbtest8 WHERE id=9342472
	Index Scan using sbtest8_pkey on sbtest8  (cost=0.43..8.45 rows=1 width=121)
	  Index Cond: (id = 9342472)

for point_selects
table 1 : explain SELECT c FROM sbtest1 WHERE id=4450803
	Index Scan using sbtest1_pkey on sbtest1  (cost=0.43..8.45 rows=1 width=121)
	  Index Cond: (id = 4450803)

table 2 : explain SELECT c FROM sbtest2 WHERE id=2678305
	Index Scan using sbtest2_pkey on sbtest2  (cost=0.43..8.45 rows=1 width=121)
	  Index Cond: (id = 2678305)

table 3 : explain SELECT c FROM sbtest3 WHERE id=2309520
	Index Scan using sbtest3_pkey on sbtest3  (cost=0.43..8.45 rows=1 width=121)
	  Index Cond: (id = 2309520)

table 4 : explain SELECT c FROM sbtest4 WHERE id=5358470
	Index Scan using sbtest4_pkey on sbtest4  (cost=0.43..8.45 rows=1 width=121)
	  Index Cond: (id = 5358470)

table 5 : explain SELECT c FROM sbtest5 WHERE id=6074530
	Index Scan using sbtest5_pkey on sbtest5  (cost=0.43..8.45 rows=1 width=121)
	  Index Cond: (id = 6074530)

table 6 : explain SELECT c FROM sbtest6 WHERE id=1291414
	Index Scan using sbtest6_pkey on sbtest6  (cost=0.43..8.45 rows=1 width=121)
	  Index Cond: (id = 1291414)

table 7 : explain SELECT c FROM sbtest7 WHERE id=8108844
	Index Scan using sbtest7_pkey on sbtest7  (cost=0.43..8.45 rows=1 width=121)
	  Index Cond: (id = 8108844)

table 8 : explain SELECT c FROM sbtest8 WHERE id=874231
	Index Scan using sbtest8_pkey on sbtest8  (cost=0.43..8.45 rows=1 width=121)
	  Index Cond: (id = 874231)

for point_selects
table 1 : explain SELECT c FROM sbtest1 WHERE id=2338579
	Index Scan using sbtest1_pkey on sbtest1  (cost=0.43..8.45 rows=1 width=121)
	  Index Cond: (id = 2338579)

table 2 : explain SELECT c FROM sbtest2 WHERE id=5096242
	Index Scan using sbtest2_pkey on sbtest2  (cost=0.43..8.45 rows=1 width=121)
	  Index Cond: (id = 5096242)

table 3 : explain SELECT c FROM sbtest3 WHERE id=9955160
	Index Scan using sbtest3_pkey on sbtest3  (cost=0.43..8.45 rows=1 width=121)
	  Index Cond: (id = 9955160)

table 4 : explain SELECT c FROM sbtest4 WHERE id=9503025
	Index Scan using sbtest4_pkey on sbtest4  (cost=0.43..8.45 rows=1 width=121)
	  Index Cond: (id = 9503025)

table 5 : explain SELECT c FROM sbtest5 WHERE id=4561480
	Index Scan using sbtest5_pkey on sbtest5  (cost=0.43..8.45 rows=1 width=121)
	  Index Cond: (id = 4561480)

table 6 : explain SELECT c FROM sbtest6 WHERE id=2567618
	Index Scan using sbtest6_pkey on sbtest6  (cost=0.43..8.45 rows=1 width=121)
	  Index Cond: (id = 2567618)

table 7 : explain SELECT c FROM sbtest7 WHERE id=9353005
	Index Scan using sbtest7_pkey on sbtest7  (cost=0.43..8.45 rows=1 width=121)
	  Index Cond: (id = 9353005)

table 8 : explain SELECT c FROM sbtest8 WHERE id=3346020
	Index Scan using sbtest8_pkey on sbtest8  (cost=0.43..8.45 rows=1 width=121)
	  Index Cond: (id = 3346020)

explain: for point_selects :: explain SELECT c FROM sbtest%u WHERE id=%u
explain: for point_selects :: explain SELECT c FROM sbtest%u WHERE id=%u
explain: for point_selects :: explain SELECT c FROM sbtest%u WHERE id=%u
explain: for point_selects :: explain SELECT c FROM sbtest%u WHERE id=%u
explain: for point_selects :: explain SELECT c FROM sbtest%u WHERE id=%u
explain: for point_selects :: explain SELECT c FROM sbtest%u WHERE id=%u
explain: for point_selects :: explain SELECT c FROM sbtest%u WHERE id=%u
explain: for point_selects :: explain SELECT c FROM sbtest%u WHERE id=%u
explain: for point_selects :: explain SELECT c FROM sbtest%u WHERE id=%u
for point_selects
table 1 : explain SELECT c FROM sbtest1 WHERE id=1141367
	Index Scan using sbtest1_pkey on sbtest1  (cost=0.43..8.45 rows=1 width=121)
	  Index Cond: (id = 1141367)

table 2 : explain SELECT c FROM sbtest2 WHERE id=6290821
	Index Scan using sbtest2_pkey on sbtest2  (cost=0.43..8.45 rows=1 width=121)
	  Index Cond: (id = 6290821)

table 3 : explain SELECT c FROM sbtest3 WHERE id=6515549
	Index Scan using sbtest3_pkey on sbtest3  (cost=0.43..8.45 rows=1 width=121)
	  Index Cond: (id = 6515549)

table 4 : explain SELECT c FROM sbtest4 WHERE id=8748862
	Index Scan using sbtest4_pkey on sbtest4  (cost=0.43..8.45 rows=1 width=121)
	  Index Cond: (id = 8748862)

table 5 : explain SELECT c FROM sbtest5 WHERE id=1187368
	Index Scan using sbtest5_pkey on sbtest5  (cost=0.43..8.45 rows=1 width=121)
	  Index Cond: (id = 1187368)

table 6 : explain SELECT c FROM sbtest6 WHERE id=7207405
	Index Scan using sbtest6_pkey on sbtest6  (cost=0.43..8.45 rows=1 width=121)
	  Index Cond: (id = 7207405)

table 7 : explain SELECT c FROM sbtest7 WHERE id=4398537
	Index Scan using sbtest7_pkey on sbtest7  (cost=0.43..8.45 rows=1 width=121)
	  Index Cond: (id = 4398537)

table 8 : explain SELECT c FROM sbtest8 WHERE id=9550585
	Index Scan using sbtest8_pkey on sbtest8  (cost=0.43..8.45 rows=1 width=121)
	  Index Cond: (id = 9550585)

explain: for point_selects :: explain SELECT c FROM sbtest%u WHERE id=%u
for point_selects
table 1 : explain SELECT c FROM sbtest1 WHERE id=9973558
	Index Scan using sbtest1_pkey on sbtest1  (cost=0.43..8.45 rows=1 width=121)
	  Index Cond: (id = 9973558)

table 2 : explain SELECT c FROM sbtest2 WHERE id=2547701
	Index Scan using sbtest2_pkey on sbtest2  (cost=0.43..8.45 rows=1 width=121)
	  Index Cond: (id = 2547701)

table 3 : explain SELECT c FROM sbtest3 WHERE id=7782364
	Index Scan using sbtest3_pkey on sbtest3  (cost=0.43..8.45 rows=1 width=121)
	  Index Cond: (id = 7782364)

table 4 : explain SELECT c FROM sbtest4 WHERE id=950129
	Index Scan using sbtest4_pkey on sbtest4  (cost=0.43..8.45 rows=1 width=121)
	  Index Cond: (id = 950129)

table 5 : explain SELECT c FROM sbtest5 WHERE id=7073161
	Index Scan using sbtest5_pkey on sbtest5  (cost=0.43..8.45 rows=1 width=121)
	  Index Cond: (id = 7073161)

table 6 : explain SELECT c FROM sbtest6 WHERE id=8116868
	Index Scan using sbtest6_pkey on sbtest6  (cost=0.43..8.45 rows=1 width=121)
	  Index Cond: (id = 8116868)

table 7 : explain SELECT c FROM sbtest7 WHERE id=8076993
	Index Scan using sbtest7_pkey on sbtest7  (cost=0.43..8.45 rows=1 width=121)
	  Index Cond: (id = 8076993)

table 8 : explain SELECT c FROM sbtest8 WHERE id=6711177
	Index Scan using sbtest8_pkey on sbtest8  (cost=0.43..8.45 rows=1 width=121)
	  Index Cond: (id = 6711177)

for point_selects
table 1 : explain SELECT c FROM sbtest1 WHERE id=6032434
	Index Scan using sbtest1_pkey on sbtest1  (cost=0.43..8.45 rows=1 width=121)
	  Index Cond: (id = 6032434)

table 2 : explain SELECT c FROM sbtest2 WHERE id=3973138
	Index Scan using sbtest2_pkey on sbtest2  (cost=0.43..8.45 rows=1 width=121)
	  Index Cond: (id = 3973138)

table 3 : explain SELECT c FROM sbtest3 WHERE id=2230634
	Index Scan using sbtest3_pkey on sbtest3  (cost=0.43..8.45 rows=1 width=121)
	  Index Cond: (id = 2230634)

table 4 : explain SELECT c FROM sbtest4 WHERE id=7504198
	Index Scan using sbtest4_pkey on sbtest4  (cost=0.43..8.45 rows=1 width=121)
	  Index Cond: (id = 7504198)

table 5 : explain SELECT c FROM sbtest5 WHERE id=6626071
	Index Scan using sbtest5_pkey on sbtest5  (cost=0.43..8.45 rows=1 width=121)
	  Index Cond: (id = 6626071)

table 6 : explain SELECT c FROM sbtest6 WHERE id=2869737
	Index Scan using sbtest6_pkey on sbtest6  (cost=0.43..8.45 rows=1 width=121)
	  Index Cond: (id = 2869737)

table 7 : explain SELECT c FROM sbtest7 WHERE id=4974830
	Index Scan using sbtest7_pkey on sbtest7  (cost=0.43..8.45 rows=1 width=121)
	  Index Cond: (id = 4974830)

table 8 : explain SELECT c FROM sbtest8 WHERE id=5800403
	Index Scan using sbtest8_pkey on sbtest8  (cost=0.43..8.45 rows=1 width=121)
	  Index Cond: (id = 5800403)

explain: for point_selects :: explain SELECT c FROM sbtest%u WHERE id=%u
explain: for point_selects :: explain SELECT c FROM sbtest%u WHERE id=%u
for point_selects
table 1 : explain SELECT c FROM sbtest1 WHERE id=6411408
	Index Scan using sbtest1_pkey on sbtest1  (cost=0.43..8.45 rows=1 width=121)
	  Index Cond: (id = 6411408)

table 2 : explain SELECT c FROM sbtest2 WHERE id=1894032
	Index Scan using sbtest2_pkey on sbtest2  (cost=0.43..8.45 rows=1 width=121)
	  Index Cond: (id = 1894032)

table 3 : explain SELECT c FROM sbtest3 WHERE id=912226
	Index Scan using sbtest3_pkey on sbtest3  (cost=0.43..8.45 rows=1 width=121)
	  Index Cond: (id = 912226)

table 4 : explain SELECT c FROM sbtest4 WHERE id=9533203
	Index Scan using sbtest4_pkey on sbtest4  (cost=0.43..8.45 rows=1 width=121)
	  Index Cond: (id = 9533203)

table 5 : explain SELECT c FROM sbtest5 WHERE id=5459484
	Index Scan using sbtest5_pkey on sbtest5  (cost=0.43..8.45 rows=1 width=121)
	  Index Cond: (id = 5459484)

table 6 : explain SELECT c FROM sbtest6 WHERE id=2392067
	Index Scan using sbtest6_pkey on sbtest6  (cost=0.43..8.45 rows=1 width=121)
	  Index Cond: (id = 2392067)

table 7 : explain SELECT c FROM sbtest7 WHERE id=2381313
	Index Scan using sbtest7_pkey on sbtest7  (cost=0.43..8.45 rows=1 width=121)
	  Index Cond: (id = 2381313)

table 8 : explain SELECT c FROM sbtest8 WHERE id=536431
	Index Scan using sbtest8_pkey on sbtest8  (cost=0.43..8.45 rows=1 width=121)
	  Index Cond: (id = 536431)

for point_selects
table 1 : explain SELECT c FROM sbtest1 WHERE id=4813307
	Index Scan using sbtest1_pkey on sbtest1  (cost=0.43..8.45 rows=1 width=121)
	  Index Cond: (id = 4813307)

table 2 : explain SELECT c FROM sbtest2 WHERE id=1315373
	Index Scan using sbtest2_pkey on sbtest2  (cost=0.43..8.45 rows=1 width=121)
	  Index Cond: (id = 1315373)

table 3 : explain SELECT c FROM sbtest3 WHERE id=788802
	Index Scan using sbtest3_pkey on sbtest3  (cost=0.43..8.45 rows=1 width=121)
	  Index Cond: (id = 788802)

table 4 : explain SELECT c FROM sbtest4 WHERE id=8926986
	Index Scan using sbtest4_pkey on sbtest4  (cost=0.43..8.45 rows=1 width=121)
	  Index Cond: (id = 8926986)

table 5 : explain SELECT c FROM sbtest5 WHERE id=5339785
	Index Scan using sbtest5_pkey on sbtest5  (cost=0.43..8.45 rows=1 width=121)
	  Index Cond: (id = 5339785)

table 6 : explain SELECT c FROM sbtest6 WHERE id=7776913
	Index Scan using sbtest6_pkey on sbtest6  (cost=0.43..8.45 rows=1 width=121)
	  Index Cond: (id = 7776913)

table 7 : explain SELECT c FROM sbtest7 WHERE id=5152330
	Index Scan using sbtest7_pkey on sbtest7  (cost=0.43..8.45 rows=1 width=121)
	  Index Cond: (id = 5152330)

table 8 : explain SELECT c FROM sbtest8 WHERE id=6744689
	Index Scan using sbtest8_pkey on sbtest8  (cost=0.43..8.45 rows=1 width=121)
	  Index Cond: (id = 6744689)

for point_selects
table 1 : explain SELECT c FROM sbtest1 WHERE id=8341443
	Index Scan using sbtest1_pkey on sbtest1  (cost=0.43..8.45 rows=1 width=121)
	  Index Cond: (id = 8341443)

table 2 : explain SELECT c FROM sbtest2 WHERE id=91648
	Index Scan using sbtest2_pkey on sbtest2  (cost=0.43..8.45 rows=1 width=121)
	  Index Cond: (id = 91648)

table 3 : explain SELECT c FROM sbtest3 WHERE id=5937966
	Index Scan using sbtest3_pkey on sbtest3  (cost=0.43..8.45 rows=1 width=121)
	  Index Cond: (id = 5937966)

table 4 : explain SELECT c FROM sbtest4 WHERE id=4293419
	Index Scan using sbtest4_pkey on sbtest4  (cost=0.43..8.45 rows=1 width=121)
	  Index Cond: (id = 4293419)

table 5 : explain SELECT c FROM sbtest5 WHERE id=6967792
	Index Scan using sbtest5_pkey on sbtest5  (cost=0.43..8.45 rows=1 width=121)
	  Index Cond: (id = 6967792)

table 6 : explain SELECT c FROM sbtest6 WHERE id=2542459
	Index Scan using sbtest6_pkey on sbtest6  (cost=0.43..8.45 rows=1 width=121)
	  Index Cond: (id = 2542459)

table 7 : explain SELECT c FROM sbtest7 WHERE id=573701
	Index Scan using sbtest7_pkey on sbtest7  (cost=0.43..8.45 rows=1 width=121)
	  Index Cond: (id = 573701)

table 8 : explain SELECT c FROM sbtest8 WHERE id=51062
	Index Scan using sbtest8_pkey on sbtest8  (cost=0.43..8.45 rows=1 width=121)
	  Index Cond: (id = 51062)

for point_selects
table 1 : explain SELECT c FROM sbtest1 WHERE id=252446
	Index Scan using sbtest1_pkey on sbtest1  (cost=0.43..8.45 rows=1 width=121)
	  Index Cond: (id = 252446)

table 2 : explain SELECT c FROM sbtest2 WHERE id=2172233
	Index Scan using sbtest2_pkey on sbtest2  (cost=0.43..8.45 rows=1 width=121)
	  Index Cond: (id = 2172233)

table 3 : explain SELECT c FROM sbtest3 WHERE id=4189582
	Index Scan using sbtest3_pkey on sbtest3  (cost=0.43..8.45 rows=1 width=121)
	  Index Cond: (id = 4189582)

table 4 : explain SELECT c FROM sbtest4 WHERE id=9267196
	Index Scan using sbtest4_pkey on sbtest4  (cost=0.43..8.45 rows=1 width=121)
	  Index Cond: (id = 9267196)

table 5 : explain SELECT c FROM sbtest5 WHERE id=6075787
	Index Scan using sbtest5_pkey on sbtest5  (cost=0.43..8.45 rows=1 width=121)
	  Index Cond: (id = 6075787)

table 6 : explain SELECT c FROM sbtest6 WHERE id=8798492
	Index Scan using sbtest6_pkey on sbtest6  (cost=0.43..8.45 rows=1 width=121)
	  Index Cond: (id = 8798492)

table 7 : explain SELECT c FROM sbtest7 WHERE id=6970138
	Index Scan using sbtest7_pkey on sbtest7  (cost=0.43..8.45 rows=1 width=121)
	  Index Cond: (id = 6970138)

table 8 : explain SELECT c FROM sbtest8 WHERE id=5721045
	Index Scan using sbtest8_pkey on sbtest8  (cost=0.43..8.45 rows=1 width=121)
	  Index Cond: (id = 5721045)

explain: for point_selects :: explain SELECT c FROM sbtest%u WHERE id=%u
for point_selects
table 1 : explain SELECT c FROM sbtest1 WHERE id=6202521
	Index Scan using sbtest1_pkey on sbtest1  (cost=0.43..8.45 rows=1 width=121)
	  Index Cond: (id = 6202521)

table 2 : explain SELECT c FROM sbtest2 WHERE id=9670385
	Index Scan using sbtest2_pkey on sbtest2  (cost=0.43..8.45 rows=1 width=121)
	  Index Cond: (id = 9670385)

table 3 : explain SELECT c FROM sbtest3 WHERE id=5349389
	Index Scan using sbtest3_pkey on sbtest3  (cost=0.43..8.45 rows=1 width=121)
	  Index Cond: (id = 5349389)

table 4 : explain SELECT c FROM sbtest4 WHERE id=9842276
	Index Scan using sbtest4_pkey on sbtest4  (cost=0.43..8.45 rows=1 width=121)
	  Index Cond: (id = 9842276)

table 5 : explain SELECT c FROM sbtest5 WHERE id=5070008
	Index Scan using sbtest5_pkey on sbtest5  (cost=0.43..8.45 rows=1 width=121)
	  Index Cond: (id = 5070008)

table 6 : explain SELECT c FROM sbtest6 WHERE id=3402494
	Index Scan using sbtest6_pkey on sbtest6  (cost=0.43..8.45 rows=1 width=121)
	  Index Cond: (id = 3402494)

table 7 : explain SELECT c FROM sbtest7 WHERE id=6451446
	Index Scan using sbtest7_pkey on sbtest7  (cost=0.43..8.45 rows=1 width=121)
	  Index Cond: (id = 6451446)

table 8 : explain SELECT c FROM sbtest8 WHERE id=9081233
	Index Scan using sbtest8_pkey on sbtest8  (cost=0.43..8.45 rows=1 width=121)
	  Index Cond: (id = 9081233)

explain: for point_selects :: explain SELECT c FROM sbtest%u WHERE id=%u
for point_selects
table 1 : explain SELECT c FROM sbtest1 WHERE id=5009132
	Index Scan using sbtest1_pkey on sbtest1  (cost=0.43..8.45 rows=1 width=121)
	  Index Cond: (id = 5009132)

table 2 : explain SELECT c FROM sbtest2 WHERE id=8590672
	Index Scan using sbtest2_pkey on sbtest2  (cost=0.43..8.45 rows=1 width=121)
	  Index Cond: (id = 8590672)

table 3 : explain SELECT c FROM sbtest3 WHERE id=2898459
	Index Scan using sbtest3_pkey on sbtest3  (cost=0.43..8.45 rows=1 width=121)
	  Index Cond: (id = 2898459)

table 4 : explain SELECT c FROM sbtest4 WHERE id=3008397
	Index Scan using sbtest4_pkey on sbtest4  (cost=0.43..8.45 rows=1 width=121)
	  Index Cond: (id = 3008397)

table 5 : explain SELECT c FROM sbtest5 WHERE id=4605821
	Index Scan using sbtest5_pkey on sbtest5  (cost=0.43..8.45 rows=1 width=121)
	  Index Cond: (id = 4605821)

table 6 : explain SELECT c FROM sbtest6 WHERE id=9119009
	Index Scan using sbtest6_pkey on sbtest6  (cost=0.43..8.45 rows=1 width=121)
	  Index Cond: (id = 9119009)

table 7 : explain SELECT c FROM sbtest7 WHERE id=8904867
	Index Scan using sbtest7_pkey on sbtest7  (cost=0.43..8.45 rows=1 width=121)
	  Index Cond: (id = 8904867)

table 8 : explain SELECT c FROM sbtest8 WHERE id=6101800
	Index Scan using sbtest8_pkey on sbtest8  (cost=0.43..8.45 rows=1 width=121)
	  Index Cond: (id = 6101800)

for point_selects
table 1 : explain SELECT c FROM sbtest1 WHERE id=9831018
	Index Scan using sbtest1_pkey on sbtest1  (cost=0.43..8.45 rows=1 width=121)
	  Index Cond: (id = 9831018)

table 2 : explain SELECT c FROM sbtest2 WHERE id=730173
	Index Scan using sbtest2_pkey on sbtest2  (cost=0.43..8.45 rows=1 width=121)
	  Index Cond: (id = 730173)

table 3 : explain SELECT c FROM sbtest3 WHERE id=9165212
	Index Scan using sbtest3_pkey on sbtest3  (cost=0.43..8.45 rows=1 width=121)
	  Index Cond: (id = 9165212)

table 4 : explain SELECT c FROM sbtest4 WHERE id=1255766
	Index Scan using sbtest4_pkey on sbtest4  (cost=0.43..8.45 rows=1 width=121)
	  Index Cond: (id = 1255766)

table 5 : explain SELECT c FROM sbtest5 WHERE id=1068085
	Index Scan using sbtest5_pkey on sbtest5  (cost=0.43..8.45 rows=1 width=121)
	  Index Cond: (id = 1068085)

table 6 : explain SELECT c FROM sbtest6 WHERE id=1354933
	Index Scan using sbtest6_pkey on sbtest6  (cost=0.43..8.45 rows=1 width=121)
	  Index Cond: (id = 1354933)

table 7 : explain SELECT c FROM sbtest7 WHERE id=133341
	Index Scan using sbtest7_pkey on sbtest7  (cost=0.43..8.45 rows=1 width=121)
	  Index Cond: (id = 133341)

table 8 : explain SELECT c FROM sbtest8 WHERE id=8192065
	Index Scan using sbtest8_pkey on sbtest8  (cost=0.43..8.45 rows=1 width=121)
	  Index Cond: (id = 8192065)

for point_selects
table 1 : explain SELECT c FROM sbtest1 WHERE id=7030499
	Index Scan using sbtest1_pkey on sbtest1  (cost=0.43..8.45 rows=1 width=121)
	  Index Cond: (id = 7030499)

table 2 : explain SELECT c FROM sbtest2 WHERE id=4144494
	Index Scan using sbtest2_pkey on sbtest2  (cost=0.43..8.45 rows=1 width=121)
	  Index Cond: (id = 4144494)

table 3 : explain SELECT c FROM sbtest3 WHERE id=9877080
	Index Scan using sbtest3_pkey on sbtest3  (cost=0.43..8.45 rows=1 width=121)
	  Index Cond: (id = 9877080)

table 4 : explain SELECT c FROM sbtest4 WHERE id=6596542
	Index Scan using sbtest4_pkey on sbtest4  (cost=0.43..8.45 rows=1 width=121)
	  Index Cond: (id = 6596542)

table 5 : explain SELECT c FROM sbtest5 WHERE id=525412
	Index Scan using sbtest5_pkey on sbtest5  (cost=0.43..8.45 rows=1 width=121)
	  Index Cond: (id = 525412)

table 6 : explain SELECT c FROM sbtest6 WHERE id=511231
	Index Scan using sbtest6_pkey on sbtest6  (cost=0.43..8.45 rows=1 width=121)
	  Index Cond: (id = 511231)

table 7 : explain SELECT c FROM sbtest7 WHERE id=4719436
	Index Scan using sbtest7_pkey on sbtest7  (cost=0.43..8.45 rows=1 width=121)
	  Index Cond: (id = 4719436)

table 8 : explain SELECT c FROM sbtest8 WHERE id=4824217
	Index Scan using sbtest8_pkey on sbtest8  (cost=0.43..8.45 rows=1 width=121)
	  Index Cond: (id = 4824217)

for point_selects
table 1 : explain SELECT c FROM sbtest1 WHERE id=1855322
	Index Scan using sbtest1_pkey on sbtest1  (cost=0.43..8.45 rows=1 width=121)
	  Index Cond: (id = 1855322)

table 2 : explain SELECT c FROM sbtest2 WHERE id=3101382
	Index Scan using sbtest2_pkey on sbtest2  (cost=0.43..8.45 rows=1 width=121)
	  Index Cond: (id = 3101382)

table 3 : explain SELECT c FROM sbtest3 WHERE id=3105632
	Index Scan using sbtest3_pkey on sbtest3  (cost=0.43..8.45 rows=1 width=121)
	  Index Cond: (id = 3105632)

table 4 : explain SELECT c FROM sbtest4 WHERE id=1089064
	Index Scan using sbtest4_pkey on sbtest4  (cost=0.43..8.45 rows=1 width=121)
	  Index Cond: (id = 1089064)

table 5 : explain SELECT c FROM sbtest5 WHERE id=2511656
	Index Scan using sbtest5_pkey on sbtest5  (cost=0.43..8.45 rows=1 width=121)
	  Index Cond: (id = 2511656)

table 6 : explain SELECT c FROM sbtest6 WHERE id=9570693
	Index Scan using sbtest6_pkey on sbtest6  (cost=0.43..8.45 rows=1 width=121)
	  Index Cond: (id = 9570693)

table 7 : explain SELECT c FROM sbtest7 WHERE id=248812
	Index Scan using sbtest7_pkey on sbtest7  (cost=0.43..8.45 rows=1 width=121)
	  Index Cond: (id = 248812)

table 8 : explain SELECT c FROM sbtest8 WHERE id=2199016
	Index Scan using sbtest8_pkey on sbtest8  (cost=0.43..8.45 rows=1 width=121)
	  Index Cond: (id = 2199016)

for point_selects
table 1 : explain SELECT c FROM sbtest1 WHERE id=3458010
	Index Scan using sbtest1_pkey on sbtest1  (cost=0.43..8.45 rows=1 width=121)
	  Index Cond: (id = 3458010)

table 2 : explain SELECT c FROM sbtest2 WHERE id=6084278
	Index Scan using sbtest2_pkey on sbtest2  (cost=0.43..8.45 rows=1 width=121)
	  Index Cond: (id = 6084278)

table 3 : explain SELECT c FROM sbtest3 WHERE id=2036203
	Index Scan using sbtest3_pkey on sbtest3  (cost=0.43..8.45 rows=1 width=121)
	  Index Cond: (id = 2036203)

table 4 : explain SELECT c FROM sbtest4 WHERE id=7710052
	Index Scan using sbtest4_pkey on sbtest4  (cost=0.43..8.45 rows=1 width=121)
	  Index Cond: (id = 7710052)

table 5 : explain SELECT c FROM sbtest5 WHERE id=8165085
	Index Scan using sbtest5_pkey on sbtest5  (cost=0.43..8.45 rows=1 width=121)
	  Index Cond: (id = 8165085)

table 6 : explain SELECT c FROM sbtest6 WHERE id=2424855
	Index Scan using sbtest6_pkey on sbtest6  (cost=0.43..8.45 rows=1 width=121)
	  Index Cond: (id = 2424855)

table 7 : explain SELECT c FROM sbtest7 WHERE id=686249
	Index Scan using sbtest7_pkey on sbtest7  (cost=0.43..8.45 rows=1 width=121)
	  Index Cond: (id = 686249)

table 8 : explain SELECT c FROM sbtest8 WHERE id=4527386
	Index Scan using sbtest8_pkey on sbtest8  (cost=0.43..8.45 rows=1 width=121)
	  Index Cond: (id = 4527386)

explain: for point_selects :: explain SELECT c FROM sbtest%u WHERE id=%u
explain: for point_selects :: explain SELECT c FROM sbtest%u WHERE id=%u
for point_selects
table 1 : explain SELECT c FROM sbtest1 WHERE id=4088855
	Index Scan using sbtest1_pkey on sbtest1  (cost=0.43..8.45 rows=1 width=121)
	  Index Cond: (id = 4088855)

table 2 : explain SELECT c FROM sbtest2 WHERE id=2204119
	Index Scan using sbtest2_pkey on sbtest2  (cost=0.43..8.45 rows=1 width=121)
	  Index Cond: (id = 2204119)

table 3 : explain SELECT c FROM sbtest3 WHERE id=7095942
	Index Scan using sbtest3_pkey on sbtest3  (cost=0.43..8.45 rows=1 width=121)
	  Index Cond: (id = 7095942)

table 4 : explain SELECT c FROM sbtest4 WHERE id=1272464
	Index Scan using sbtest4_pkey on sbtest4  (cost=0.43..8.45 rows=1 width=121)
	  Index Cond: (id = 1272464)

table 5 : explain SELECT c FROM sbtest5 WHERE id=7208056
	Index Scan using sbtest5_pkey on sbtest5  (cost=0.43..8.45 rows=1 width=121)
	  Index Cond: (id = 7208056)

table 6 : explain SELECT c FROM sbtest6 WHERE id=1966213
	Index Scan using sbtest6_pkey on sbtest6  (cost=0.43..8.45 rows=1 width=121)
	  Index Cond: (id = 1966213)

table 7 : explain SELECT c FROM sbtest7 WHERE id=4242002
	Index Scan using sbtest7_pkey on sbtest7  (cost=0.43..8.45 rows=1 width=121)
	  Index Cond: (id = 4242002)

table 8 : explain SELECT c FROM sbtest8 WHERE id=2709556
	Index Scan using sbtest8_pkey on sbtest8  (cost=0.43..8.45 rows=1 width=121)
	  Index Cond: (id = 2709556)

explain: for point_selects :: explain SELECT c FROM sbtest%u WHERE id=%u
for point_selects
table 1 : explain SELECT c FROM sbtest1 WHERE id=271213
	Index Scan using sbtest1_pkey on sbtest1  (cost=0.43..8.45 rows=1 width=121)
	  Index Cond: (id = 271213)

table 2 : explain SELECT c FROM sbtest2 WHERE id=4357327
	Index Scan using sbtest2_pkey on sbtest2  (cost=0.43..8.45 rows=1 width=121)
	  Index Cond: (id = 4357327)

table 3 : explain SELECT c FROM sbtest3 WHERE id=2257687
	Index Scan using sbtest3_pkey on sbtest3  (cost=0.43..8.45 rows=1 width=121)
	  Index Cond: (id = 2257687)

table 4 : explain SELECT c FROM sbtest4 WHERE id=6586810
	Index Scan using sbtest4_pkey on sbtest4  (cost=0.43..8.45 rows=1 width=121)
	  Index Cond: (id = 6586810)

table 5 : explain SELECT c FROM sbtest5 WHERE id=6741900
	Index Scan using sbtest5_pkey on sbtest5  (cost=0.43..8.45 rows=1 width=121)
	  Index Cond: (id = 6741900)

table 6 : explain SELECT c FROM sbtest6 WHERE id=3650187
	Index Scan using sbtest6_pkey on sbtest6  (cost=0.43..8.45 rows=1 width=121)
	  Index Cond: (id = 3650187)

table 7 : explain SELECT c FROM sbtest7 WHERE id=173927
	Index Scan using sbtest7_pkey on sbtest7  (cost=0.43..8.45 rows=1 width=121)
	  Index Cond: (id = 173927)

table 8 : explain SELECT c FROM sbtest8 WHERE id=1109246
	Index Scan using sbtest8_pkey on sbtest8  (cost=0.43..8.45 rows=1 width=121)
	  Index Cond: (id = 1109246)

explain: for point_selects :: explain SELECT c FROM sbtest%u WHERE id=%u
explain: for point_selects :: explain SELECT c FROM sbtest%u WHERE id=%u
explain: for point_selects :: explain SELECT c FROM sbtest%u WHERE id=%u
explain: for point_selects :: explain SELECT c FROM sbtest%u WHERE id=%u
for point_selects
table 1 : explain SELECT c FROM sbtest1 WHERE id=3671586
	Index Scan using sbtest1_pkey on sbtest1  (cost=0.43..8.45 rows=1 width=121)
	  Index Cond: (id = 3671586)

table 2 : explain SELECT c FROM sbtest2 WHERE id=916665
	Index Scan using sbtest2_pkey on sbtest2  (cost=0.43..8.45 rows=1 width=121)
	  Index Cond: (id = 916665)

table 3 : explain SELECT c FROM sbtest3 WHERE id=3306661
	Index Scan using sbtest3_pkey on sbtest3  (cost=0.43..8.45 rows=1 width=121)
	  Index Cond: (id = 3306661)

table 4 : explain SELECT c FROM sbtest4 WHERE id=4531238
	Index Scan using sbtest4_pkey on sbtest4  (cost=0.43..8.45 rows=1 width=121)
	  Index Cond: (id = 4531238)

table 5 : explain SELECT c FROM sbtest5 WHERE id=8226603
	Index Scan using sbtest5_pkey on sbtest5  (cost=0.43..8.45 rows=1 width=121)
	  Index Cond: (id = 8226603)

table 6 : explain SELECT c FROM sbtest6 WHERE id=5869654
	Index Scan using sbtest6_pkey on sbtest6  (cost=0.43..8.45 rows=1 width=121)
	  Index Cond: (id = 5869654)

table 7 : explain SELECT c FROM sbtest7 WHERE id=5601904
	Index Scan using sbtest7_pkey on sbtest7  (cost=0.43..8.45 rows=1 width=121)
	  Index Cond: (id = 5601904)

table 8 : explain SELECT c FROM sbtest8 WHERE id=9864736
	Index Scan using sbtest8_pkey on sbtest8  (cost=0.43..8.45 rows=1 width=121)
	  Index Cond: (id = 9864736)

for point_selects
table 1 : explain SELECT c FROM sbtest1 WHERE id=5639211
	Index Scan using sbtest1_pkey on sbtest1  (cost=0.43..8.45 rows=1 width=121)
	  Index Cond: (id = 5639211)

table 2 : explain SELECT c FROM sbtest2 WHERE id=3222784
	Index Scan using sbtest2_pkey on sbtest2  (cost=0.43..8.45 rows=1 width=121)
	  Index Cond: (id = 3222784)

table 3 : explain SELECT c FROM sbtest3 WHERE id=7494530
	Index Scan using sbtest3_pkey on sbtest3  (cost=0.43..8.45 rows=1 width=121)
	  Index Cond: (id = 7494530)

table 4 : explain SELECT c FROM sbtest4 WHERE id=32783
	Index Scan using sbtest4_pkey on sbtest4  (cost=0.43..8.45 rows=1 width=121)
	  Index Cond: (id = 32783)

table 5 : explain SELECT c FROM sbtest5 WHERE id=8513672
	Index Scan using sbtest5_pkey on sbtest5  (cost=0.43..8.45 rows=1 width=121)
	  Index Cond: (id = 8513672)

table 6 : explain SELECT c FROM sbtest6 WHERE id=2383948
	Index Scan using sbtest6_pkey on sbtest6  (cost=0.43..8.45 rows=1 width=121)
	  Index Cond: (id = 2383948)

table 7 : explain SELECT c FROM sbtest7 WHERE id=1266106
	Index Scan using sbtest7_pkey on sbtest7  (cost=0.43..8.45 rows=1 width=121)
	  Index Cond: (id = 1266106)

table 8 : explain SELECT c FROM sbtest8 WHERE id=5022652
	Index Scan using sbtest8_pkey on sbtest8  (cost=0.43..8.45 rows=1 width=121)
	  Index Cond: (id = 5022652)

for point_selects
table 1 : explain SELECT c FROM sbtest1 WHERE id=8906469
	Index Scan using sbtest1_pkey on sbtest1  (cost=0.43..8.45 rows=1 width=121)
	  Index Cond: (id = 8906469)

table 2 : explain SELECT c FROM sbtest2 WHERE id=9323233
	Index Scan using sbtest2_pkey on sbtest2  (cost=0.43..8.45 rows=1 width=121)
	  Index Cond: (id = 9323233)

table 3 : explain SELECT c FROM sbtest3 WHERE id=8764112
	Index Scan using sbtest3_pkey on sbtest3  (cost=0.43..8.45 rows=1 width=121)
	  Index Cond: (id = 8764112)

table 4 : explain SELECT c FROM sbtest4 WHERE id=7372776
	Index Scan using sbtest4_pkey on sbtest4  (cost=0.43..8.45 rows=1 width=121)
	  Index Cond: (id = 7372776)

table 5 : explain SELECT c FROM sbtest5 WHERE id=3228732
	Index Scan using sbtest5_pkey on sbtest5  (cost=0.43..8.45 rows=1 width=121)
	  Index Cond: (id = 3228732)

table 6 : explain SELECT c FROM sbtest6 WHERE id=6615754
	Index Scan using sbtest6_pkey on sbtest6  (cost=0.43..8.45 rows=1 width=121)
	  Index Cond: (id = 6615754)

table 7 : explain SELECT c FROM sbtest7 WHERE id=6408603
	Index Scan using sbtest7_pkey on sbtest7  (cost=0.43..8.45 rows=1 width=121)
	  Index Cond: (id = 6408603)

table 8 : explain SELECT c FROM sbtest8 WHERE id=5008747
	Index Scan using sbtest8_pkey on sbtest8  (cost=0.43..8.45 rows=1 width=121)
	  Index Cond: (id = 5008747)

for point_selects
table 1 : explain SELECT c FROM sbtest1 WHERE id=187398
	Index Scan using sbtest1_pkey on sbtest1  (cost=0.43..8.45 rows=1 width=121)
	  Index Cond: (id = 187398)

table 2 : explain SELECT c FROM sbtest2 WHERE id=2737251
	Index Scan using sbtest2_pkey on sbtest2  (cost=0.43..8.45 rows=1 width=121)
	  Index Cond: (id = 2737251)

table 3 : explain SELECT c FROM sbtest3 WHERE id=9404441
	Index Scan using sbtest3_pkey on sbtest3  (cost=0.43..8.45 rows=1 width=121)
	  Index Cond: (id = 9404441)

table 4 : explain SELECT c FROM sbtest4 WHERE id=5547595
	Index Scan using sbtest4_pkey on sbtest4  (cost=0.43..8.45 rows=1 width=121)
	  Index Cond: (id = 5547595)

table 5 : explain SELECT c FROM sbtest5 WHERE id=8800020
	Index Scan using sbtest5_pkey on sbtest5  (cost=0.43..8.45 rows=1 width=121)
	  Index Cond: (id = 8800020)

table 6 : explain SELECT c FROM sbtest6 WHERE id=7153587
	Index Scan using sbtest6_pkey on sbtest6  (cost=0.43..8.45 rows=1 width=121)
	  Index Cond: (id = 7153587)

table 7 : explain SELECT c FROM sbtest7 WHERE id=6288048
	Index Scan using sbtest7_pkey on sbtest7  (cost=0.43..8.45 rows=1 width=121)
	  Index Cond: (id = 6288048)

table 8 : explain SELECT c FROM sbtest8 WHERE id=838560
	Index Scan using sbtest8_pkey on sbtest8  (cost=0.43..8.45 rows=1 width=121)
	  Index Cond: (id = 838560)

for point_selects
table 1 : explain SELECT c FROM sbtest1 WHERE id=3019396
	Index Scan using sbtest1_pkey on sbtest1  (cost=0.43..8.45 rows=1 width=121)
	  Index Cond: (id = 3019396)

table 2 : explain SELECT c FROM sbtest2 WHERE id=3340910
	Index Scan using sbtest2_pkey on sbtest2  (cost=0.43..8.45 rows=1 width=121)
	  Index Cond: (id = 3340910)

table 3 : explain SELECT c FROM sbtest3 WHERE id=7018133
	Index Scan using sbtest3_pkey on sbtest3  (cost=0.43..8.45 rows=1 width=121)
	  Index Cond: (id = 7018133)

table 4 : explain SELECT c FROM sbtest4 WHERE id=3731260
	Index Scan using sbtest4_pkey on sbtest4  (cost=0.43..8.45 rows=1 width=121)
	  Index Cond: (id = 3731260)

table 5 : explain SELECT c FROM sbtest5 WHERE id=9532877
	Index Scan using sbtest5_pkey on sbtest5  (cost=0.43..8.45 rows=1 width=121)
	  Index Cond: (id = 9532877)

table 6 : explain SELECT c FROM sbtest6 WHERE id=7524005
	Index Scan using sbtest6_pkey on sbtest6  (cost=0.43..8.45 rows=1 width=121)
	  Index Cond: (id = 7524005)

table 7 : explain SELECT c FROM sbtest7 WHERE id=9228786
	Index Scan using sbtest7_pkey on sbtest7  (cost=0.43..8.45 rows=1 width=121)
	  Index Cond: (id = 9228786)

table 8 : explain SELECT c FROM sbtest8 WHERE id=3633725
	Index Scan using sbtest8_pkey on sbtest8  (cost=0.43..8.45 rows=1 width=121)
	  Index Cond: (id = 3633725)

for point_selects
table 1 : explain SELECT c FROM sbtest1 WHERE id=3167425
	Index Scan using sbtest1_pkey on sbtest1  (cost=0.43..8.45 rows=1 width=121)
	  Index Cond: (id = 3167425)

table 2 : explain SELECT c FROM sbtest2 WHERE id=3288158
	Index Scan using sbtest2_pkey on sbtest2  (cost=0.43..8.45 rows=1 width=121)
	  Index Cond: (id = 3288158)

table 3 : explain SELECT c FROM sbtest3 WHERE id=2032917
	Index Scan using sbtest3_pkey on sbtest3  (cost=0.43..8.45 rows=1 width=121)
	  Index Cond: (id = 2032917)

table 4 : explain SELECT c FROM sbtest4 WHERE id=602981
	Index Scan using sbtest4_pkey on sbtest4  (cost=0.43..8.45 rows=1 width=121)
	  Index Cond: (id = 602981)

table 5 : explain SELECT c FROM sbtest5 WHERE id=2785278
	Index Scan using sbtest5_pkey on sbtest5  (cost=0.43..8.45 rows=1 width=121)
	  Index Cond: (id = 2785278)

table 6 : explain SELECT c FROM sbtest6 WHERE id=1451277
	Index Scan using sbtest6_pkey on sbtest6  (cost=0.43..8.45 rows=1 width=121)
	  Index Cond: (id = 1451277)

table 7 : explain SELECT c FROM sbtest7 WHERE id=4134313
	Index Scan using sbtest7_pkey on sbtest7  (cost=0.43..8.45 rows=1 width=121)
	  Index Cond: (id = 4134313)

table 8 : explain SELECT c FROM sbtest8 WHERE id=5846535
	Index Scan using sbtest8_pkey on sbtest8  (cost=0.43..8.45 rows=1 width=121)
	  Index Cond: (id = 5846535)

explain: for point_selects :: explain SELECT c FROM sbtest%u WHERE id=%u
explain: for point_selects :: explain SELECT c FROM sbtest%u WHERE id=%u
explain: for point_selects :: explain SELECT c FROM sbtest%u WHERE id=%u
explain: for point_selects :: explain SELECT c FROM sbtest%u WHERE id=%u
explain: for point_selects :: explain SELECT c FROM sbtest%u WHERE id=%u
explain: for point_selects :: explain SELECT c FROM sbtest%u WHERE id=%u
explain: for point_selects :: explain SELECT c FROM sbtest%u WHERE id=%u
for point_selects
table 1 : explain SELECT c FROM sbtest1 WHERE id=856619
	Index Scan using sbtest1_pkey on sbtest1  (cost=0.43..8.45 rows=1 width=121)
	  Index Cond: (id = 856619)

table 2 : explain SELECT c FROM sbtest2 WHERE id=7412249
	Index Scan using sbtest2_pkey on sbtest2  (cost=0.43..8.45 rows=1 width=121)
	  Index Cond: (id = 7412249)

table 3 : explain SELECT c FROM sbtest3 WHERE id=7881759
	Index Scan using sbtest3_pkey on sbtest3  (cost=0.43..8.45 rows=1 width=121)
	  Index Cond: (id = 7881759)

table 4 : explain SELECT c FROM sbtest4 WHERE id=4580033
	Index Scan using sbtest4_pkey on sbtest4  (cost=0.43..8.45 rows=1 width=121)
	  Index Cond: (id = 4580033)

table 5 : explain SELECT c FROM sbtest5 WHERE id=646202
	Index Scan using sbtest5_pkey on sbtest5  (cost=0.43..8.45 rows=1 width=121)
	  Index Cond: (id = 646202)

table 6 : explain SELECT c FROM sbtest6 WHERE id=9090111
	Index Scan using sbtest6_pkey on sbtest6  (cost=0.43..8.45 rows=1 width=121)
	  Index Cond: (id = 9090111)

table 7 : explain SELECT c FROM sbtest7 WHERE id=5460283
	Index Scan using sbtest7_pkey on sbtest7  (cost=0.43..8.45 rows=1 width=121)
	  Index Cond: (id = 5460283)

table 8 : explain SELECT c FROM sbtest8 WHERE id=8260039
	Index Scan using sbtest8_pkey on sbtest8  (cost=0.43..8.45 rows=1 width=121)
	  Index Cond: (id = 8260039)

explain: for point_selects :: explain SELECT c FROM sbtest%u WHERE id=%u
for point_selects
table 1 : explain SELECT c FROM sbtest1 WHERE id=7909247
	Index Scan using sbtest1_pkey on sbtest1  (cost=0.43..8.45 rows=1 width=121)
	  Index Cond: (id = 7909247)

table 2 : explain SELECT c FROM sbtest2 WHERE id=1596048
	Index Scan using sbtest2_pkey on sbtest2  (cost=0.43..8.45 rows=1 width=121)
	  Index Cond: (id = 1596048)

table 3 : explain SELECT c FROM sbtest3 WHERE id=6811712
	Index Scan using sbtest3_pkey on sbtest3  (cost=0.43..8.45 rows=1 width=121)
	  Index Cond: (id = 6811712)

table 4 : explain SELECT c FROM sbtest4 WHERE id=28387
	Index Scan using sbtest4_pkey on sbtest4  (cost=0.43..8.45 rows=1 width=121)
	  Index Cond: (id = 28387)

table 5 : explain SELECT c FROM sbtest5 WHERE id=182695
	Index Scan using sbtest5_pkey on sbtest5  (cost=0.43..8.45 rows=1 width=121)
	  Index Cond: (id = 182695)

table 6 : explain SELECT c FROM sbtest6 WHERE id=8857980
	Index Scan using sbtest6_pkey on sbtest6  (cost=0.43..8.45 rows=1 width=121)
	  Index Cond: (id = 8857980)

table 7 : explain SELECT c FROM sbtest7 WHERE id=8321550
	Index Scan using sbtest7_pkey on sbtest7  (cost=0.43..8.45 rows=1 width=121)
	  Index Cond: (id = 8321550)

table 8 : explain SELECT c FROM sbtest8 WHERE id=1206318
	Index Scan using sbtest8_pkey on sbtest8  (cost=0.43..8.45 rows=1 width=121)
	  Index Cond: (id = 1206318)

for point_selects
table 1 : explain SELECT c FROM sbtest1 WHERE id=6833067
	Index Scan using sbtest1_pkey on sbtest1  (cost=0.43..8.45 rows=1 width=121)
	  Index Cond: (id = 6833067)

table 2 : explain SELECT c FROM sbtest2 WHERE id=9906299
	Index Scan using sbtest2_pkey on sbtest2  (cost=0.43..8.45 rows=1 width=121)
	  Index Cond: (id = 9906299)

table 3 : explain SELECT c FROM sbtest3 WHERE id=6728618
	Index Scan using sbtest3_pkey on sbtest3  (cost=0.43..8.45 rows=1 width=121)
	  Index Cond: (id = 6728618)

table 4 : explain SELECT c FROM sbtest4 WHERE id=6631827
	Index Scan using sbtest4_pkey on sbtest4  (cost=0.43..8.45 rows=1 width=121)
	  Index Cond: (id = 6631827)

table 5 : explain SELECT c FROM sbtest5 WHERE id=721286
	Index Scan using sbtest5_pkey on sbtest5  (cost=0.43..8.45 rows=1 width=121)
	  Index Cond: (id = 721286)

table 6 : explain SELECT c FROM sbtest6 WHERE id=5005784
	Index Scan using sbtest6_pkey on sbtest6  (cost=0.43..8.45 rows=1 width=121)
	  Index Cond: (id = 5005784)

table 7 : explain SELECT c FROM sbtest7 WHERE id=8700359
	Index Scan using sbtest7_pkey on sbtest7  (cost=0.43..8.45 rows=1 width=121)
	  Index Cond: (id = 8700359)

table 8 : explain SELECT c FROM sbtest8 WHERE id=7574634
	Index Scan using sbtest8_pkey on sbtest8  (cost=0.43..8.45 rows=1 width=121)
	  Index Cond: (id = 7574634)

for point_selects
table 1 : explain SELECT c FROM sbtest1 WHERE id=8768741
	Index Scan using sbtest1_pkey on sbtest1  (cost=0.43..8.45 rows=1 width=121)
	  Index Cond: (id = 8768741)

table 2 : explain SELECT c FROM sbtest2 WHERE id=5085103
	Index Scan using sbtest2_pkey on sbtest2  (cost=0.43..8.45 rows=1 width=121)
	  Index Cond: (id = 5085103)

table 3 : explain SELECT c FROM sbtest3 WHERE id=9401443
	Index Scan using sbtest3_pkey on sbtest3  (cost=0.43..8.45 rows=1 width=121)
	  Index Cond: (id = 9401443)

table 4 : explain SELECT c FROM sbtest4 WHERE id=2913087
	Index Scan using sbtest4_pkey on sbtest4  (cost=0.43..8.45 rows=1 width=121)
	  Index Cond: (id = 2913087)

table 5 : explain SELECT c FROM sbtest5 WHERE id=5931709
	Index Scan using sbtest5_pkey on sbtest5  (cost=0.43..8.45 rows=1 width=121)
	  Index Cond: (id = 5931709)

table 6 : explain SELECT c FROM sbtest6 WHERE id=6291122
	Index Scan using sbtest6_pkey on sbtest6  (cost=0.43..8.45 rows=1 width=121)
	  Index Cond: (id = 6291122)

table 7 : explain SELECT c FROM sbtest7 WHERE id=4064602
	Index Scan using sbtest7_pkey on sbtest7  (cost=0.43..8.45 rows=1 width=121)
	  Index Cond: (id = 4064602)

table 8 : explain SELECT c FROM sbtest8 WHERE id=2349571
	Index Scan using sbtest8_pkey on sbtest8  (cost=0.43..8.45 rows=1 width=121)
	  Index Cond: (id = 2349571)

explain: for point_selects :: explain SELECT c FROM sbtest%u WHERE id=%u
for point_selects
table 1 : explain SELECT c FROM sbtest1 WHERE id=9511915
	Index Scan using sbtest1_pkey on sbtest1  (cost=0.43..8.45 rows=1 width=121)
	  Index Cond: (id = 9511915)

table 2 : explain SELECT c FROM sbtest2 WHERE id=7641730
	Index Scan using sbtest2_pkey on sbtest2  (cost=0.43..8.45 rows=1 width=121)
	  Index Cond: (id = 7641730)

table 3 : explain SELECT c FROM sbtest3 WHERE id=9299872
	Index Scan using sbtest3_pkey on sbtest3  (cost=0.43..8.45 rows=1 width=121)
	  Index Cond: (id = 9299872)

table 4 : explain SELECT c FROM sbtest4 WHERE id=6565447
	Index Scan using sbtest4_pkey on sbtest4  (cost=0.43..8.45 rows=1 width=121)
	  Index Cond: (id = 6565447)

table 5 : explain SELECT c FROM sbtest5 WHERE id=9870090
	Index Scan using sbtest5_pkey on sbtest5  (cost=0.43..8.45 rows=1 width=121)
	  Index Cond: (id = 9870090)

table 6 : explain SELECT c FROM sbtest6 WHERE id=2634873
	Index Scan using sbtest6_pkey on sbtest6  (cost=0.43..8.45 rows=1 width=121)
	  Index Cond: (id = 2634873)

table 7 : explain SELECT c FROM sbtest7 WHERE id=2934695
	Index Scan using sbtest7_pkey on sbtest7  (cost=0.43..8.45 rows=1 width=121)
	  Index Cond: (id = 2934695)

table 8 : explain SELECT c FROM sbtest8 WHERE id=4756759
	Index Scan using sbtest8_pkey on sbtest8  (cost=0.43..8.45 rows=1 width=121)
	  Index Cond: (id = 4756759)

for point_selects
table 1 : explain SELECT c FROM sbtest1 WHERE id=7507426
	Index Scan using sbtest1_pkey on sbtest1  (cost=0.43..8.45 rows=1 width=121)
	  Index Cond: (id = 7507426)

table 2 : explain SELECT c FROM sbtest2 WHERE id=3194826
	Index Scan using sbtest2_pkey on sbtest2  (cost=0.43..8.45 rows=1 width=121)
	  Index Cond: (id = 3194826)

table 3 : explain SELECT c FROM sbtest3 WHERE id=1981683
	Index Scan using sbtest3_pkey on sbtest3  (cost=0.43..8.45 rows=1 width=121)
	  Index Cond: (id = 1981683)

table 4 : explain SELECT c FROM sbtest4 WHERE id=9840982
	Index Scan using sbtest4_pkey on sbtest4  (cost=0.43..8.45 rows=1 width=121)
	  Index Cond: (id = 9840982)

table 5 : explain SELECT c FROM sbtest5 WHERE id=752560
	Index Scan using sbtest5_pkey on sbtest5  (cost=0.43..8.45 rows=1 width=121)
	  Index Cond: (id = 752560)

table 6 : explain SELECT c FROM sbtest6 WHERE id=347906
	Index Scan using sbtest6_pkey on sbtest6  (cost=0.43..8.45 rows=1 width=121)
	  Index Cond: (id = 347906)

table 7 : explain SELECT c FROM sbtest7 WHERE id=1647246
	Index Scan using sbtest7_pkey on sbtest7  (cost=0.43..8.45 rows=1 width=121)
	  Index Cond: (id = 1647246)

table 8 : explain SELECT c FROM sbtest8 WHERE id=3179986
	Index Scan using sbtest8_pkey on sbtest8  (cost=0.43..8.45 rows=1 width=121)
	  Index Cond: (id = 3179986)

for point_selects
table 1 : explain SELECT c FROM sbtest1 WHERE id=8048680
	Index Scan using sbtest1_pkey on sbtest1  (cost=0.43..8.45 rows=1 width=121)
	  Index Cond: (id = 8048680)

table 2 : explain SELECT c FROM sbtest2 WHERE id=1201507
	Index Scan using sbtest2_pkey on sbtest2  (cost=0.43..8.45 rows=1 width=121)
	  Index Cond: (id = 1201507)

table 3 : explain SELECT c FROM sbtest3 WHERE id=8943753
	Index Scan using sbtest3_pkey on sbtest3  (cost=0.43..8.45 rows=1 width=121)
	  Index Cond: (id = 8943753)

table 4 : explain SELECT c FROM sbtest4 WHERE id=8247332
	Index Scan using sbtest4_pkey on sbtest4  (cost=0.43..8.45 rows=1 width=121)
	  Index Cond: (id = 8247332)

table 5 : explain SELECT c FROM sbtest5 WHERE id=6912009
	Index Scan using sbtest5_pkey on sbtest5  (cost=0.43..8.45 rows=1 width=121)
	  Index Cond: (id = 6912009)

table 6 : explain SELECT c FROM sbtest6 WHERE id=4199307
	Index Scan using sbtest6_pkey on sbtest6  (cost=0.43..8.45 rows=1 width=121)
	  Index Cond: (id = 4199307)

table 7 : explain SELECT c FROM sbtest7 WHERE id=4222703
	Index Scan using sbtest7_pkey on sbtest7  (cost=0.43..8.45 rows=1 width=121)
	  Index Cond: (id = 4222703)

table 8 : explain SELECT c FROM sbtest8 WHERE id=7635741
	Index Scan using sbtest8_pkey on sbtest8  (cost=0.43..8.45 rows=1 width=121)
	  Index Cond: (id = 7635741)

explain: for point_selects :: explain SELECT c FROM sbtest%u WHERE id=%u
explain: for point_selects :: explain SELECT c FROM sbtest%u WHERE id=%u
explain: for point_selects :: explain SELECT c FROM sbtest%u WHERE id=%u
explain: for point_selects :: explain SELECT c FROM sbtest%u WHERE id=%u
for point_selects
table 1 : explain SELECT c FROM sbtest1 WHERE id=6258025
	Index Scan using sbtest1_pkey on sbtest1  (cost=0.43..8.45 rows=1 width=121)
	  Index Cond: (id = 6258025)

table 2 : explain SELECT c FROM sbtest2 WHERE id=907152
	Index Scan using sbtest2_pkey on sbtest2  (cost=0.43..8.45 rows=1 width=121)
	  Index Cond: (id = 907152)

table 3 : explain SELECT c FROM sbtest3 WHERE id=4823268
	Index Scan using sbtest3_pkey on sbtest3  (cost=0.43..8.45 rows=1 width=121)
	  Index Cond: (id = 4823268)

table 4 : explain SELECT c FROM sbtest4 WHERE id=6336951
	Index Scan using sbtest4_pkey on sbtest4  (cost=0.43..8.45 rows=1 width=121)
	  Index Cond: (id = 6336951)

table 5 : explain SELECT c FROM sbtest5 WHERE id=9257043
	Index Scan using sbtest5_pkey on sbtest5  (cost=0.43..8.45 rows=1 width=121)
	  Index Cond: (id = 9257043)

table 6 : explain SELECT c FROM sbtest6 WHERE id=6581581
	Index Scan using sbtest6_pkey on sbtest6  (cost=0.43..8.45 rows=1 width=121)
	  Index Cond: (id = 6581581)

table 7 : explain SELECT c FROM sbtest7 WHERE id=9838477
	Index Scan using sbtest7_pkey on sbtest7  (cost=0.43..8.45 rows=1 width=121)
	  Index Cond: (id = 9838477)

table 8 : explain SELECT c FROM sbtest8 WHERE id=7953171
	Index Scan using sbtest8_pkey on sbtest8  (cost=0.43..8.45 rows=1 width=121)
	  Index Cond: (id = 7953171)

for point_selects
table 1 : explain SELECT c FROM sbtest1 WHERE id=2565855
	Index Scan using sbtest1_pkey on sbtest1  (cost=0.43..8.45 rows=1 width=121)
	  Index Cond: (id = 2565855)

table 2 : explain SELECT c FROM sbtest2 WHERE id=8391510
	Index Scan using sbtest2_pkey on sbtest2  (cost=0.43..8.45 rows=1 width=121)
	  Index Cond: (id = 8391510)

table 3 : explain SELECT c FROM sbtest3 WHERE id=1336028
	Index Scan using sbtest3_pkey on sbtest3  (cost=0.43..8.45 rows=1 width=121)
	  Index Cond: (id = 1336028)

table 4 : explain SELECT c FROM sbtest4 WHERE id=1723440
	Index Scan using sbtest4_pkey on sbtest4  (cost=0.43..8.45 rows=1 width=121)
	  Index Cond: (id = 1723440)

table 5 : explain SELECT c FROM sbtest5 WHERE id=6728996
	Index Scan using sbtest5_pkey on sbtest5  (cost=0.43..8.45 rows=1 width=121)
	  Index Cond: (id = 6728996)

table 6 : explain SELECT c FROM sbtest6 WHERE id=7556213
	Index Scan using sbtest6_pkey on sbtest6  (cost=0.43..8.45 rows=1 width=121)
	  Index Cond: (id = 7556213)

table 7 : explain SELECT c FROM sbtest7 WHERE id=8660325
	Index Scan using sbtest7_pkey on sbtest7  (cost=0.43..8.45 rows=1 width=121)
	  Index Cond: (id = 8660325)

table 8 : explain SELECT c FROM sbtest8 WHERE id=7433085
	Index Scan using sbtest8_pkey on sbtest8  (cost=0.43..8.45 rows=1 width=121)
	  Index Cond: (id = 7433085)

explain: for point_selects :: explain SELECT c FROM sbtest%u WHERE id=%u
for point_selects
table 1 : explain SELECT c FROM sbtest1 WHERE id=7211091
	Index Scan using sbtest1_pkey on sbtest1  (cost=0.43..8.45 rows=1 width=121)
	  Index Cond: (id = 7211091)

table 2 : explain SELECT c FROM sbtest2 WHERE id=8529689
	Index Scan using sbtest2_pkey on sbtest2  (cost=0.43..8.45 rows=1 width=121)
	  Index Cond: (id = 8529689)

table 3 : explain SELECT c FROM sbtest3 WHERE id=3945629
	Index Scan using sbtest3_pkey on sbtest3  (cost=0.43..8.45 rows=1 width=121)
	  Index Cond: (id = 3945629)

table 4 : explain SELECT c FROM sbtest4 WHERE id=276401
	Index Scan using sbtest4_pkey on sbtest4  (cost=0.43..8.45 rows=1 width=121)
	  Index Cond: (id = 276401)

table 5 : explain SELECT c FROM sbtest5 WHERE id=9154394
	Index Scan using sbtest5_pkey on sbtest5  (cost=0.43..8.45 rows=1 width=121)
	  Index Cond: (id = 9154394)

table 6 : explain SELECT c FROM sbtest6 WHERE id=1022703
	Index Scan using sbtest6_pkey on sbtest6  (cost=0.43..8.45 rows=1 width=121)
	  Index Cond: (id = 1022703)

table 7 : explain SELECT c FROM sbtest7 WHERE id=2997867
	Index Scan using sbtest7_pkey on sbtest7  (cost=0.43..8.45 rows=1 width=121)
	  Index Cond: (id = 2997867)

table 8 : explain SELECT c FROM sbtest8 WHERE id=8037744
	Index Scan using sbtest8_pkey on sbtest8  (cost=0.43..8.45 rows=1 width=121)
	  Index Cond: (id = 8037744)

for point_selects
table 1 : explain SELECT c FROM sbtest1 WHERE id=3096948
	Index Scan using sbtest1_pkey on sbtest1  (cost=0.43..8.45 rows=1 width=121)
	  Index Cond: (id = 3096948)

table 2 : explain SELECT c FROM sbtest2 WHERE id=8793548
	Index Scan using sbtest2_pkey on sbtest2  (cost=0.43..8.45 rows=1 width=121)
	  Index Cond: (id = 8793548)

table 3 : explain SELECT c FROM sbtest3 WHERE id=4705241
	Index Scan using sbtest3_pkey on sbtest3  (cost=0.43..8.45 rows=1 width=121)
	  Index Cond: (id = 4705241)

table 4 : explain SELECT c FROM sbtest4 WHERE id=7023954
	Index Scan using sbtest4_pkey on sbtest4  (cost=0.43..8.45 rows=1 width=121)
	  Index Cond: (id = 7023954)

table 5 : explain SELECT c FROM sbtest5 WHERE id=8383703
	Index Scan using sbtest5_pkey on sbtest5  (cost=0.43..8.45 rows=1 width=121)
	  Index Cond: (id = 8383703)

table 6 : explain SELECT c FROM sbtest6 WHERE id=1382554
	Index Scan using sbtest6_pkey on sbtest6  (cost=0.43..8.45 rows=1 width=121)
	  Index Cond: (id = 1382554)

table 7 : explain SELECT c FROM sbtest7 WHERE id=8800557
	Index Scan using sbtest7_pkey on sbtest7  (cost=0.43..8.45 rows=1 width=121)
	  Index Cond: (id = 8800557)

table 8 : explain SELECT c FROM sbtest8 WHERE id=142536
	Index Scan using sbtest8_pkey on sbtest8  (cost=0.43..8.45 rows=1 width=121)
	  Index Cond: (id = 142536)

for point_selects
table 1 : explain SELECT c FROM sbtest1 WHERE id=171752
	Index Scan using sbtest1_pkey on sbtest1  (cost=0.43..8.45 rows=1 width=121)
	  Index Cond: (id = 171752)

table 2 : explain SELECT c FROM sbtest2 WHERE id=3523663
	Index Scan using sbtest2_pkey on sbtest2  (cost=0.43..8.45 rows=1 width=121)
	  Index Cond: (id = 3523663)

table 3 : explain SELECT c FROM sbtest3 WHERE id=1606215
	Index Scan using sbtest3_pkey on sbtest3  (cost=0.43..8.45 rows=1 width=121)
	  Index Cond: (id = 1606215)

table 4 : explain SELECT c FROM sbtest4 WHERE id=825406
	Index Scan using sbtest4_pkey on sbtest4  (cost=0.43..8.45 rows=1 width=121)
	  Index Cond: (id = 825406)

table 5 : explain SELECT c FROM sbtest5 WHERE id=2508711
	Index Scan using sbtest5_pkey on sbtest5  (cost=0.43..8.45 rows=1 width=121)
	  Index Cond: (id = 2508711)

table 6 : explain SELECT c FROM sbtest6 WHERE id=6680122
	Index Scan using sbtest6_pkey on sbtest6  (cost=0.43..8.45 rows=1 width=121)
	  Index Cond: (id = 6680122)

table 7 : explain SELECT c FROM sbtest7 WHERE id=8692709
	Index Scan using sbtest7_pkey on sbtest7  (cost=0.43..8.45 rows=1 width=121)
	  Index Cond: (id = 8692709)

table 8 : explain SELECT c FROM sbtest8 WHERE id=7759473
	Index Scan using sbtest8_pkey on sbtest8  (cost=0.43..8.45 rows=1 width=121)
	  Index Cond: (id = 7759473)

for point_selects
table 1 : explain SELECT c FROM sbtest1 WHERE id=8387898
	Index Scan using sbtest1_pkey on sbtest1  (cost=0.43..8.45 rows=1 width=121)
	  Index Cond: (id = 8387898)

table 2 : explain SELECT c FROM sbtest2 WHERE id=800576
	Index Scan using sbtest2_pkey on sbtest2  (cost=0.43..8.45 rows=1 width=121)
	  Index Cond: (id = 800576)

table 3 : explain SELECT c FROM sbtest3 WHERE id=353236
	Index Scan using sbtest3_pkey on sbtest3  (cost=0.43..8.45 rows=1 width=121)
	  Index Cond: (id = 353236)

table 4 : explain SELECT c FROM sbtest4 WHERE id=8649863
	Index Scan using sbtest4_pkey on sbtest4  (cost=0.43..8.45 rows=1 width=121)
	  Index Cond: (id = 8649863)

table 5 : explain SELECT c FROM sbtest5 WHERE id=918607
	Index Scan using sbtest5_pkey on sbtest5  (cost=0.43..8.45 rows=1 width=121)
	  Index Cond: (id = 918607)

table 6 : explain SELECT c FROM sbtest6 WHERE id=9621316
	Index Scan using sbtest6_pkey on sbtest6  (cost=0.43..8.45 rows=1 width=121)
	  Index Cond: (id = 9621316)

table 7 : explain SELECT c FROM sbtest7 WHERE id=8827169
	Index Scan using sbtest7_pkey on sbtest7  (cost=0.43..8.45 rows=1 width=121)
	  Index Cond: (id = 8827169)

table 8 : explain SELECT c FROM sbtest8 WHERE id=9455613
	Index Scan using sbtest8_pkey on sbtest8  (cost=0.43..8.45 rows=1 width=121)
	  Index Cond: (id = 9455613)

for point_selects
table 1 : explain SELECT c FROM sbtest1 WHERE id=8406155
	Index Scan using sbtest1_pkey on sbtest1  (cost=0.43..8.45 rows=1 width=121)
	  Index Cond: (id = 8406155)

table 2 : explain SELECT c FROM sbtest2 WHERE id=1691617
	Index Scan using sbtest2_pkey on sbtest2  (cost=0.43..8.45 rows=1 width=121)
	  Index Cond: (id = 1691617)

table 3 : explain SELECT c FROM sbtest3 WHERE id=6436418
	Index Scan using sbtest3_pkey on sbtest3  (cost=0.43..8.45 rows=1 width=121)
	  Index Cond: (id = 6436418)

table 4 : explain SELECT c FROM sbtest4 WHERE id=7663717
	Index Scan using sbtest4_pkey on sbtest4  (cost=0.43..8.45 rows=1 width=121)
	  Index Cond: (id = 7663717)

table 5 : explain SELECT c FROM sbtest5 WHERE id=437774
	Index Scan using sbtest5_pkey on sbtest5  (cost=0.43..8.45 rows=1 width=121)
	  Index Cond: (id = 437774)

table 6 : explain SELECT c FROM sbtest6 WHERE id=6134665
	Index Scan using sbtest6_pkey on sbtest6  (cost=0.43..8.45 rows=1 width=121)
	  Index Cond: (id = 6134665)

table 7 : explain SELECT c FROM sbtest7 WHERE id=8523376
	Index Scan using sbtest7_pkey on sbtest7  (cost=0.43..8.45 rows=1 width=121)
	  Index Cond: (id = 8523376)

table 8 : explain SELECT c FROM sbtest8 WHERE id=6967520
	Index Scan using sbtest8_pkey on sbtest8  (cost=0.43..8.45 rows=1 width=121)
	  Index Cond: (id = 6967520)

explain: for point_selects :: explain SELECT c FROM sbtest%u WHERE id=%u
for point_selects
table 1 : explain SELECT c FROM sbtest1 WHERE id=9561188
	Index Scan using sbtest1_pkey on sbtest1  (cost=0.43..8.45 rows=1 width=121)
	  Index Cond: (id = 9561188)

table 2 : explain SELECT c FROM sbtest2 WHERE id=7898225
	Index Scan using sbtest2_pkey on sbtest2  (cost=0.43..8.45 rows=1 width=121)
	  Index Cond: (id = 7898225)

table 3 : explain SELECT c FROM sbtest3 WHERE id=7949498
	Index Scan using sbtest3_pkey on sbtest3  (cost=0.43..8.45 rows=1 width=121)
	  Index Cond: (id = 7949498)

table 4 : explain SELECT c FROM sbtest4 WHERE id=5499483
	Index Scan using sbtest4_pkey on sbtest4  (cost=0.43..8.45 rows=1 width=121)
	  Index Cond: (id = 5499483)

table 5 : explain SELECT c FROM sbtest5 WHERE id=9678523
	Index Scan using sbtest5_pkey on sbtest5  (cost=0.43..8.45 rows=1 width=121)
	  Index Cond: (id = 9678523)

table 6 : explain SELECT c FROM sbtest6 WHERE id=2560127
	Index Scan using sbtest6_pkey on sbtest6  (cost=0.43..8.45 rows=1 width=121)
	  Index Cond: (id = 2560127)

table 7 : explain SELECT c FROM sbtest7 WHERE id=964934
	Index Scan using sbtest7_pkey on sbtest7  (cost=0.43..8.45 rows=1 width=121)
	  Index Cond: (id = 964934)

table 8 : explain SELECT c FROM sbtest8 WHERE id=8513635
	Index Scan using sbtest8_pkey on sbtest8  (cost=0.43..8.45 rows=1 width=121)
	  Index Cond: (id = 8513635)

Threads started!

Warming up for 5 seconds...

SQL statistics:
    queries performed:
        read:                            633514101
        write:                           0
        other:                           0
        total:                           633514101
    transactions:                        633514101 (1005557.01 per sec.)
    queries:                             633514101 (1005557.01 per sec.)
    ignored errors:                      0      (0.00 per sec.)
    reconnects:                          0      (0.00 per sec.)

Throughput:
    events/s (eps):                      1005557.0070
    time elapsed:                        630.0132s
    total number of events:              633514101

Latency (ms):
         min:                                    0.03
         avg:                                    0.04
         max:                                   24.04
         95th percentile:                        0.04
         sum:                             25036138.52

Threads fairness:
    events (avg/stddev):           15837836.5250/333449.44
    execution time (avg/stddev):   625.9035/0.07

