LUA_PATH=/home/mdcallag/git/mytools/bench/sysbench.lua/lua/?.lua /home/mdcallag/git/mytools/bench/sysbench.lua/lua/sysbench --db-driver=pgsql --range-size=100 --table-size=10000000 --tables=8 --threads=40 --events=0 --warmup-time=5 --time=630 --pgsql_conn_id=true /home/mdcallag/git/mytools/bench/sysbench.lua/lua/oltp_read_only.lua run --pgsql-user=root --pgsql-password=pw --pgsql-host=127.0.0.1 --pgsql-db=ib --rand-type=uniform
48 CPUs
sysbench 1.1.0-9072687 (using bundled LuaJIT 2.1.0-beta3)

Running the test with following options:
Number of threads: 40
Warmup time: 5s
Initializing random number generator from current time


Initializing worker threads...

explain: for point_selects :: explain SELECT c FROM sbtest%u WHERE id=%u
explain: for point_selects :: explain SELECT c FROM sbtest%u WHERE id=%u
explain: for point_selects :: explain SELECT c FROM sbtest%u WHERE id=%u
explain: for point_selects :: explain SELECT c FROM sbtest%u WHERE id=%u
explain: for point_selects :: explain SELECT c FROM sbtest%u WHERE id=%u
explain: for point_selects :: explain SELECT c FROM sbtest%u WHERE id=%u
explain: for point_selects :: explain SELECT c FROM sbtest%u WHERE id=%u
for point_selects
table 1 : explain SELECT c FROM sbtest1 WHERE id=8407503
	Index Scan using sbtest1_pkey on sbtest1  (cost=0.43..8.45 rows=1 width=121)
	  Index Cond: (id = 8407503)

table 2 : explain SELECT c FROM sbtest2 WHERE id=5017466
	Index Scan using sbtest2_pkey on sbtest2  (cost=0.43..8.45 rows=1 width=121)
	  Index Cond: (id = 5017466)

table 3 : explain SELECT c FROM sbtest3 WHERE id=6397347
	Index Scan using sbtest3_pkey on sbtest3  (cost=0.43..8.45 rows=1 width=121)
	  Index Cond: (id = 6397347)

table 4 : explain SELECT c FROM sbtest4 WHERE id=4811620
	Index Scan using sbtest4_pkey on sbtest4  (cost=0.43..8.45 rows=1 width=121)
	  Index Cond: (id = 4811620)

table 5 : explain SELECT c FROM sbtest5 WHERE id=7141676
	Index Scan using sbtest5_pkey on sbtest5  (cost=0.43..8.45 rows=1 width=121)
	  Index Cond: (id = 7141676)

table 6 : explain SELECT c FROM sbtest6 WHERE id=9515557
	Index Scan using sbtest6_pkey on sbtest6  (cost=0.43..8.45 rows=1 width=121)
	  Index Cond: (id = 9515557)

table 7 : explain SELECT c FROM sbtest7 WHERE id=6350296
	Index Scan using sbtest7_pkey on sbtest7  (cost=0.43..8.45 rows=1 width=121)
	  Index Cond: (id = 6350296)

table 8 : explain SELECT c FROM sbtest8 WHERE id=4791627
	Index Scan using sbtest8_pkey on sbtest8  (cost=0.43..8.45 rows=1 width=121)
	  Index Cond: (id = 4791627)

for point_selects
table 1 : explain SELECT c FROM sbtest1 WHERE id=3702908
	Index Scan using sbtest1_pkey on sbtest1  (cost=0.43..8.45 rows=1 width=121)
	  Index Cond: (id = 3702908)

table 2 : explain SELECT c FROM sbtest2 WHERE id=2989266
	Index Scan using sbtest2_pkey on sbtest2  (cost=0.43..8.45 rows=1 width=121)
	  Index Cond: (id = 2989266)

table 3 : explain SELECT c FROM sbtest3 WHERE id=6948617
	Index Scan using sbtest3_pkey on sbtest3  (cost=0.43..8.45 rows=1 width=121)
	  Index Cond: (id = 6948617)

table 4 : explain SELECT c FROM sbtest4 WHERE id=6212668
	Index Scan using sbtest4_pkey on sbtest4  (cost=0.43..8.45 rows=1 width=121)
	  Index Cond: (id = 6212668)

table 5 : explain SELECT c FROM sbtest5 WHERE id=5703519
	Index Scan using sbtest5_pkey on sbtest5  (cost=0.43..8.45 rows=1 width=121)
	  Index Cond: (id = 5703519)

table 6 : explain SELECT c FROM sbtest6 WHERE id=2331314
	Index Scan using sbtest6_pkey on sbtest6  (cost=0.43..8.45 rows=1 width=121)
	  Index Cond: (id = 2331314)

table 7 : explain SELECT c FROM sbtest7 WHERE id=880199
	Index Scan using sbtest7_pkey on sbtest7  (cost=0.43..8.45 rows=1 width=121)
	  Index Cond: (id = 880199)

table 8 : explain SELECT c FROM sbtest8 WHERE id=4955564
	Index Scan using sbtest8_pkey on sbtest8  (cost=0.43..8.45 rows=1 width=121)
	  Index Cond: (id = 4955564)

for point_selects
table 1 : explain SELECT c FROM sbtest1 WHERE id=9241721
	Index Scan using sbtest1_pkey on sbtest1  (cost=0.43..8.45 rows=1 width=121)
	  Index Cond: (id = 9241721)

table 2 : explain SELECT c FROM sbtest2 WHERE id=4664258
	Index Scan using sbtest2_pkey on sbtest2  (cost=0.43..8.45 rows=1 width=121)
	  Index Cond: (id = 4664258)

table 3 : explain SELECT c FROM sbtest3 WHERE id=3250046
	Index Scan using sbtest3_pkey on sbtest3  (cost=0.43..8.45 rows=1 width=121)
	  Index Cond: (id = 3250046)

table 4 : explain SELECT c FROM sbtest4 WHERE id=4024834
	Index Scan using sbtest4_pkey on sbtest4  (cost=0.43..8.45 rows=1 width=121)
	  Index Cond: (id = 4024834)

table 5 : explain SELECT c FROM sbtest5 WHERE id=4839920
	Index Scan using sbtest5_pkey on sbtest5  (cost=0.43..8.45 rows=1 width=121)
	  Index Cond: (id = 4839920)

table 6 : explain SELECT c FROM sbtest6 WHERE id=4751115
	Index Scan using sbtest6_pkey on sbtest6  (cost=0.43..8.45 rows=1 width=121)
	  Index Cond: (id = 4751115)

table 7 : explain SELECT c FROM sbtest7 WHERE id=5175385
	Index Scan using sbtest7_pkey on sbtest7  (cost=0.43..8.45 rows=1 width=121)
	  Index Cond: (id = 5175385)

table 8 : explain SELECT c FROM sbtest8 WHERE id=3352536
	Index Scan using sbtest8_pkey on sbtest8  (cost=0.43..8.45 rows=1 width=121)
	  Index Cond: (id = 3352536)

for point_selects
table 1 : explain SELECT c FROM sbtest1 WHERE id=2125698
	Index Scan using sbtest1_pkey on sbtest1  (cost=0.43..8.45 rows=1 width=121)
	  Index Cond: (id = 2125698)

table 2 : explain SELECT c FROM sbtest2 WHERE id=3896196
	Index Scan using sbtest2_pkey on sbtest2  (cost=0.43..8.45 rows=1 width=121)
	  Index Cond: (id = 3896196)

table 3 : explain SELECT c FROM sbtest3 WHERE id=3295821
	Index Scan using sbtest3_pkey on sbtest3  (cost=0.43..8.45 rows=1 width=121)
	  Index Cond: (id = 3295821)

table 4 : explain SELECT c FROM sbtest4 WHERE id=5464477
	Index Scan using sbtest4_pkey on sbtest4  (cost=0.43..8.45 rows=1 width=121)
	  Index Cond: (id = 5464477)

table 5 : explain SELECT c FROM sbtest5 WHERE id=7983743
	Index Scan using sbtest5_pkey on sbtest5  (cost=0.43..8.45 rows=1 width=121)
	  Index Cond: (id = 7983743)

table 6 : explain SELECT c FROM sbtest6 WHERE id=7476433
	Index Scan using sbtest6_pkey on sbtest6  (cost=0.43..8.45 rows=1 width=121)
	  Index Cond: (id = 7476433)

table 7 : explain SELECT c FROM sbtest7 WHERE id=1707816
	Index Scan using sbtest7_pkey on sbtest7  (cost=0.43..8.45 rows=1 width=121)
	  Index Cond: (id = 1707816)

table 8 : explain SELECT c FROM sbtest8 WHERE id=8642793
	Index Scan using sbtest8_pkey on sbtest8  (cost=0.43..8.45 rows=1 width=121)
	  Index Cond: (id = 8642793)

for: simple_ranges
table 1 : explain SELECT c FROM sbtest1 WHERE id BETWEEN 8626381 AND 8626480
	Index Scan using sbtest1_pkey on sbtest1  (cost=0.43..388.03 rows=98 width=121)
	  Index Cond: ((id >= 8626381) AND (id <= 8626480))

table 2 : explain SELECT c FROM sbtest2 WHERE id BETWEEN 2534609 AND 2534708
	Index Scan using sbtest2_pkey on sbtest2  (cost=0.43..422.68 rows=106 width=121)
	  Index Cond: ((id >= 2534609) AND (id <= 2534708))

table 3 : explain SELECT c FROM sbtest3 WHERE id BETWEEN 1400878 AND 1400977
	Index Scan using sbtest3_pkey on sbtest3  (cost=0.43..389.01 rows=98 width=121)
	  Index Cond: ((id >= 1400878) AND (id <= 1400977))

table 4 : explain SELECT c FROM sbtest4 WHERE id BETWEEN 3113726 AND 3113825
	Index Scan using sbtest4_pkey on sbtest4  (cost=0.43..392.80 rows=99 width=121)
	  Index Cond: ((id >= 3113726) AND (id <= 3113825))

table 5 : explain SELECT c FROM sbtest5 WHERE id BETWEEN 4619483 AND 4619582
	Index Scan using sbtest5_pkey on sbtest5  (cost=0.43..404.55 rows=102 width=121)
	  Index Cond: ((id >= 4619483) AND (id <= 4619582))

table 6 : explain SELECT c FROM sbtest6 WHERE id BETWEEN 7690106 AND 7690205
	Index Scan using sbtest6_pkey on sbtest6  (cost=0.43..384.85 rows=97 width=121)
	  Index Cond: ((id >= 7690106) AND (id <= 7690205))

table 7 : explain SELECT c FROM sbtest7 WHERE id BETWEEN 5866224 AND 5866323
	Index Scan using sbtest7_pkey on sbtest7  (cost=0.43..427.19 rows=108 width=121)
	  Index Cond: ((id >= 5866224) AND (id <= 5866323))

table 8 : explain SELECT c FROM sbtest8 WHERE id BETWEEN 8283798 AND 8283897
	Index Scan using sbtest8_pkey on sbtest8  (cost=0.43..417.69 rows=106 width=121)
	  Index Cond: ((id >= 8283798) AND (id <= 8283897))

for point_selects
table 1 : explain SELECT c FROM sbtest1 WHERE id=1627786
	Index Scan using sbtest1_pkey on sbtest1  (cost=0.43..8.45 rows=1 width=121)
	  Index Cond: (id = 1627786)

table 2 : explain SELECT c FROM sbtest2 WHERE id=5952868
	Index Scan using sbtest2_pkey on sbtest2  (cost=0.43..8.45 rows=1 width=121)
	  Index Cond: (id = 5952868)

table 3 : explain SELECT c FROM sbtest3 WHERE id=5482874
	Index Scan using sbtest3_pkey on sbtest3  (cost=0.43..8.45 rows=1 width=121)
	  Index Cond: (id = 5482874)

table 4 : explain SELECT c FROM sbtest4 WHERE id=643298
	Index Scan using sbtest4_pkey on sbtest4  (cost=0.43..8.45 rows=1 width=121)
	  Index Cond: (id = 643298)

table 5 : explain SELECT c FROM sbtest5 WHERE id=2062108
	Index Scan using sbtest5_pkey on sbtest5  (cost=0.43..8.45 rows=1 width=121)
	  Index Cond: (id = 2062108)

table 6 : explain SELECT c FROM sbtest6 WHERE id=5539046
	Index Scan using sbtest6_pkey on sbtest6  (cost=0.43..8.45 rows=1 width=121)
	  Index Cond: (id = 5539046)

table 7 : explain SELECT c FROM sbtest7 WHERE id=4041017
	Index Scan using sbtest7_pkey on sbtest7  (cost=0.43..8.45 rows=1 width=121)
	  Index Cond: (id = 4041017)

table 8 : explain SELECT c FROM sbtest8 WHERE id=9451343
	Index Scan using sbtest8_pkey on sbtest8  (cost=0.43..8.45 rows=1 width=121)
	  Index Cond: (id = 9451343)

for point_selects
table 1 : explain SELECT c FROM sbtest1 WHERE id=3951255
	Index Scan using sbtest1_pkey on sbtest1  (cost=0.43..8.45 rows=1 width=121)
	  Index Cond: (id = 3951255)

table 2 : explain SELECT c FROM sbtest2 WHERE id=8540193
	Index Scan using sbtest2_pkey on sbtest2  (cost=0.43..8.45 rows=1 width=121)
	  Index Cond: (id = 8540193)

table 3 : explain SELECT c FROM sbtest3 WHERE id=8626610
	Index Scan using sbtest3_pkey on sbtest3  (cost=0.43..8.45 rows=1 width=121)
	  Index Cond: (id = 8626610)

table 4 : explain SELECT c FROM sbtest4 WHERE id=6731938
	Index Scan using sbtest4_pkey on sbtest4  (cost=0.43..8.45 rows=1 width=121)
	  Index Cond: (id = 6731938)

table 5 : explain SELECT c FROM sbtest5 WHERE id=4446302
	Index Scan using sbtest5_pkey on sbtest5  (cost=0.43..8.45 rows=1 width=121)
	  Index Cond: (id = 4446302)

table 6 : explain SELECT c FROM sbtest6 WHERE id=4411129
	Index Scan using sbtest6_pkey on sbtest6  (cost=0.43..8.45 rows=1 width=121)
	  Index Cond: (id = 4411129)

table 7 : explain SELECT c FROM sbtest7 WHERE id=971824
	Index Scan using sbtest7_pkey on sbtest7  (cost=0.43..8.45 rows=1 width=121)
	  Index Cond: (id = 971824)

table 8 : explain SELECT c FROM sbtest8 WHERE id=7418660
	Index Scan using sbtest8_pkey on sbtest8  (cost=0.43..8.45 rows=1 width=121)
	  Index Cond: (id = 7418660)

for: simple_ranges
table 1 : explain SELECT c FROM sbtest1 WHERE id BETWEEN 3680740 AND 3680839
	Index Scan using sbtest1_pkey on sbtest1  (cost=0.43..356.71 rows=90 width=121)
	  Index Cond: ((id >= 3680740) AND (id <= 3680839))

table 2 : explain SELECT c FROM sbtest2 WHERE id BETWEEN 8265202 AND 8265301
	Index Scan using sbtest2_pkey on sbtest2  (cost=0.43..379.27 rows=95 width=121)
	  Index Cond: ((id >= 8265202) AND (id <= 8265301))

table 3 : explain SELECT c FROM sbtest3 WHERE id BETWEEN 8569974 AND 8570073
	Index Scan using sbtest3_pkey on sbtest3  (cost=0.43..400.78 rows=101 width=121)
	  Index Cond: ((id >= 8569974) AND (id <= 8570073))

table 4 : explain SELECT c FROM sbtest4 WHERE id BETWEEN 7296602 AND 7296701
	Index Scan using sbtest4_pkey on sbtest4  (cost=0.43..420.24 rows=106 width=121)
	  Index Cond: ((id >= 7296602) AND (id <= 7296701))

table 5 : explain SELECT c FROM sbtest5 WHERE id BETWEEN 9202826 AND 9202925
	Index Scan using sbtest5_pkey on sbtest5  (cost=0.43..369.24 rows=93 width=121)
	  Index Cond: ((id >= 9202826) AND (id <= 9202925))

table 6 : explain SELECT c FROM sbtest6 WHERE id BETWEEN 7371436 AND 7371535
	Index Scan using sbtest6_pkey on sbtest6  (cost=0.43..388.77 rows=98 width=121)
	  Index Cond: ((id >= 7371436) AND (id <= 7371535))

table 7 : explain SELECT c FROM sbtest7 WHERE id BETWEEN 2096687 AND 2096786
	Index Scan using sbtest7_pkey on sbtest7  (cost=0.43..376.32 rows=95 width=121)
	  Index Cond: ((id >= 2096687) AND (id <= 2096786))

table 8 : explain SELECT c FROM sbtest8 WHERE id BETWEEN 2130819 AND 2130918
	Index Scan using sbtest8_pkey on sbtest8  (cost=0.43..417.69 rows=106 width=121)
	  Index Cond: ((id >= 2130819) AND (id <= 2130918))

for: simple_ranges
table 1 : explain SELECT c FROM sbtest1 WHERE id BETWEEN 7343104 AND 7343203
	Index Scan using sbtest1_pkey on sbtest1  (cost=0.43..399.77 rows=101 width=121)
	  Index Cond: ((id >= 7343104) AND (id <= 7343203))

table 2 : explain SELECT c FROM sbtest2 WHERE id BETWEEN 6426890 AND 6426989
	Index Scan using sbtest2_pkey on sbtest2  (cost=0.43..426.63 rows=107 width=121)
	  Index Cond: ((id >= 6426890) AND (id <= 6426989))

table 3 : explain SELECT c FROM sbtest3 WHERE id BETWEEN 1131646 AND 1131745
	Index Scan using sbtest3_pkey on sbtest3  (cost=0.43..396.86 rows=100 width=121)
	  Index Cond: ((id >= 1131646) AND (id <= 1131745))

table 4 : explain SELECT c FROM sbtest4 WHERE id BETWEEN 7296673 AND 7296772
	Index Scan using sbtest4_pkey on sbtest4  (cost=0.43..420.24 rows=106 width=121)
	  Index Cond: ((id >= 7296673) AND (id <= 7296772))

table 5 : explain SELECT c FROM sbtest5 WHERE id BETWEEN 3211208 AND 3211307
	Index Scan using sbtest5_pkey on sbtest5  (cost=0.43..408.47 rows=103 width=121)
	  Index Cond: ((id >= 3211208) AND (id <= 3211307))

table 6 : explain SELECT c FROM sbtest6 WHERE id BETWEEN 5086185 AND 5086284
	Index Scan using sbtest6_pkey on sbtest6  (cost=0.43..365.23 rows=92 width=121)
	  Index Cond: ((id >= 5086185) AND (id <= 5086284))

table 7 : explain SELECT c FROM sbtest7 WHERE id BETWEEN 7967603 AND 7967702
	Index Scan using sbtest7_pkey on sbtest7  (cost=0.43..368.50 rows=93 width=121)
	  Index Cond: ((id >= 7967603) AND (id <= 7967702))

table 8 : explain SELECT c FROM sbtest8 WHERE id BETWEEN 3522323 AND 3522422
	Index Scan using sbtest8_pkey on sbtest8  (cost=0.43..363.13 rows=92 width=121)
	  Index Cond: ((id >= 3522323) AND (id <= 3522422))

for: simple_ranges
table 1 : explain SELECT c FROM sbtest1 WHERE id BETWEEN 6438619 AND 6438718
	Index Scan using sbtest1_pkey on sbtest1  (cost=0.43..380.21 rows=96 width=121)
	  Index Cond: ((id >= 6438619) AND (id <= 6438718))

table 2 : explain SELECT c FROM sbtest2 WHERE id BETWEEN 9681113 AND 9681212
	Index Scan using sbtest2_pkey on sbtest2  (cost=0.43..339.83 rows=85 width=121)
	  Index Cond: ((id >= 9681113) AND (id <= 9681212))

table 3 : explain SELECT c FROM sbtest3 WHERE id BETWEEN 3545261 AND 3545360
	Index Scan using sbtest3_pkey on sbtest3  (cost=0.43..385.09 rows=97 width=121)
	  Index Cond: ((id >= 3545261) AND (id <= 3545360))

table 4 : explain SELECT c FROM sbtest4 WHERE id BETWEEN 4460388 AND 4460487
	Index Scan using sbtest4_pkey on sbtest4  (cost=0.43..353.58 rows=89 width=121)
	  Index Cond: ((id >= 4460388) AND (id <= 4460487))

table 5 : explain SELECT c FROM sbtest5 WHERE id BETWEEN 4804835 AND 4804934
	Index Scan using sbtest5_pkey on sbtest5  (cost=0.43..392.79 rows=99 width=121)
	  Index Cond: ((id >= 4804835) AND (id <= 4804934))

table 6 : explain SELECT c FROM sbtest6 WHERE id BETWEEN 3823055 AND 3823154
	Index Scan using sbtest6_pkey on sbtest6  (cost=0.43..373.07 rows=94 width=121)
	  Index Cond: ((id >= 3823055) AND (id <= 3823154))

table 7 : explain SELECT c FROM sbtest7 WHERE id BETWEEN 781632 AND 781731
	Index Scan using sbtest7_pkey on sbtest7  (cost=0.43..403.71 rows=102 width=121)
	  Index Cond: ((id >= 781632) AND (id <= 781731))

table 8 : explain SELECT c FROM sbtest8 WHERE id BETWEEN 1482935 AND 1483034
	Index Scan using sbtest8_pkey on sbtest8  (cost=0.43..351.41 rows=89 width=121)
	  Index Cond: ((id >= 1482935) AND (id <= 1483034))

explain: for point_selects :: explain SELECT c FROM sbtest%u WHERE id=%u
explain: for point_selects :: explain SELECT c FROM sbtest%u WHERE id=%u
for point_selects
table 1 : explain SELECT c FROM sbtest1 WHERE id=6073822
	Index Scan using sbtest1_pkey on sbtest1  (cost=0.43..8.45 rows=1 width=121)
	  Index Cond: (id = 6073822)

table 2 : explain SELECT c FROM sbtest2 WHERE id=8145781
	Index Scan using sbtest2_pkey on sbtest2  (cost=0.43..8.45 rows=1 width=121)
	  Index Cond: (id = 8145781)

table 3 : explain SELECT c FROM sbtest3 WHERE id=9797206
	Index Scan using sbtest3_pkey on sbtest3  (cost=0.43..8.45 rows=1 width=121)
	  Index Cond: (id = 9797206)

table 4 : explain SELECT c FROM sbtest4 WHERE id=27637
	Index Scan using sbtest4_pkey on sbtest4  (cost=0.43..8.45 rows=1 width=121)
	  Index Cond: (id = 27637)

table 5 : explain SELECT c FROM sbtest5 WHERE id=3973882
	Index Scan using sbtest5_pkey on sbtest5  (cost=0.43..8.45 rows=1 width=121)
	  Index Cond: (id = 3973882)

table 6 : explain SELECT c FROM sbtest6 WHERE id=7113944
	Index Scan using sbtest6_pkey on sbtest6  (cost=0.43..8.45 rows=1 width=121)
	  Index Cond: (id = 7113944)

table 7 : explain SELECT c FROM sbtest7 WHERE id=6282477
	Index Scan using sbtest7_pkey on sbtest7  (cost=0.43..8.45 rows=1 width=121)
	  Index Cond: (id = 6282477)

table 8 : explain SELECT c FROM sbtest8 WHERE id=9167698
	Index Scan using sbtest8_pkey on sbtest8  (cost=0.43..8.45 rows=1 width=121)
	  Index Cond: (id = 9167698)

for: sum_ranges
table 1 : explain SELECT SUM(k) FROM sbtest1 WHERE id BETWEEN 6744497 AND 6744596
	Aggregate  (cost=380.45..380.46 rows=1 width=8)
	  ->  Index Scan using sbtest1_pkey on sbtest1  (cost=0.43..380.21 rows=96 width=4)
	        Index Cond: ((id >= 6744497) AND (id <= 6744596))

table 2 : explain SELECT SUM(k) FROM sbtest2 WHERE id BETWEEN 5265377 AND 5265476
	Aggregate  (cost=379.53..379.54 rows=1 width=8)
	  ->  Index Scan using sbtest2_pkey on sbtest2  (cost=0.43..379.29 rows=95 width=4)
	        Index Cond: ((id >= 5265377) AND (id <= 5265476))

table 3 : explain SELECT SUM(k) FROM sbtest3 WHERE id BETWEEN 6985376 AND 6985475
	Aggregate  (cost=373.56..373.57 rows=1 width=8)
	  ->  Index Scan using sbtest3_pkey on sbtest3  (cost=0.43..373.32 rows=94 width=4)
	        Index Cond: ((id >= 6985376) AND (id <= 6985475))

table 4 : explain SELECT SUM(k) FROM sbtest4 WHERE id BETWEEN 1802095 AND 1802194
	Aggregate  (cost=412.66..412.67 rows=1 width=8)
	  ->  Index Scan using sbtest4_pkey on sbtest4  (cost=0.43..412.40 rows=104 width=4)
	        Index Cond: ((id >= 1802095) AND (id <= 1802194))

table 5 : explain SELECT SUM(k) FROM sbtest5 WHERE id BETWEEN 5156087 AND 5156186
	Aggregate  (cost=389.09..389.10 rows=1 width=8)
	  ->  Index Scan using sbtest5_pkey on sbtest5  (cost=0.43..388.84 rows=98 width=4)
	        Index Cond: ((id >= 5156087) AND (id <= 5156186))

table 6 : explain SELECT SUM(k) FROM sbtest6 WHERE id BETWEEN 5104075 AND 5104174
	Aggregate  (cost=389.02..389.03 rows=1 width=8)
	  ->  Index Scan using sbtest6_pkey on sbtest6  (cost=0.43..388.77 rows=98 width=4)
	        Index Cond: ((id >= 5104075) AND (id <= 5104174))

table 7 : explain SELECT SUM(k) FROM sbtest7 WHERE id BETWEEN 3627426 AND 3627525
	Aggregate  (cost=368.73..368.74 rows=1 width=8)
	  ->  Index Scan using sbtest7_pkey on sbtest7  (cost=0.43..368.50 rows=93 width=4)
	        Index Cond: ((id >= 3627426) AND (id <= 3627525))

table 8 : explain SELECT SUM(k) FROM sbtest8 WHERE id BETWEEN 8497573 AND 8497672
	Aggregate  (cost=367.26..367.27 rows=1 width=8)
	  ->  Index Scan using sbtest8_pkey on sbtest8  (cost=0.43..367.03 rows=93 width=4)
	        Index Cond: ((id >= 8497573) AND (id <= 8497672))

for: simple_ranges
table 1 : explain SELECT c FROM sbtest1 WHERE id BETWEEN 8914610 AND 8914709
	Index Scan using sbtest1_pkey on sbtest1  (cost=0.43..395.86 rows=100 width=121)
	  Index Cond: ((id >= 8914610) AND (id <= 8914709))

table 2 : explain SELECT c FROM sbtest2 WHERE id BETWEEN 9976225 AND 9976324
	Index Scan using sbtest2_pkey on sbtest2  (cost=0.43..418.74 rows=105 width=121)
	  Index Cond: ((id >= 9976225) AND (id <= 9976324))

table 3 : explain SELECT c FROM sbtest3 WHERE id BETWEEN 7381025 AND 7381124
	Index Scan using sbtest3_pkey on sbtest3  (cost=0.43..389.01 rows=98 width=121)
	  Index Cond: ((id >= 7381025) AND (id <= 7381124))

table 4 : explain SELECT c FROM sbtest4 WHERE id BETWEEN 6820820 AND 6820919
	Index Scan using sbtest4_pkey on sbtest4  (cost=0.43..416.32 rows=105 width=121)
	  Index Cond: ((id >= 6820820) AND (id <= 6820919))

table 5 : explain SELECT c FROM sbtest5 WHERE id BETWEEN 4016572 AND 4016671
	Index Scan using sbtest5_pkey on sbtest5  (cost=0.43..388.84 rows=98 width=121)
	  Index Cond: ((id >= 4016572) AND (id <= 4016671))

table 6 : explain SELECT c FROM sbtest6 WHERE id BETWEEN 2437997 AND 2438096
	Index Scan using sbtest6_pkey on sbtest6  (cost=0.43..384.85 rows=97 width=121)
	  Index Cond: ((id >= 2437997) AND (id <= 2438096))

table 7 : explain SELECT c FROM sbtest7 WHERE id BETWEEN 4785403 AND 4785502
	Index Scan using sbtest7_pkey on sbtest7  (cost=0.43..348.91 rows=88 width=121)
	  Index Cond: ((id >= 4785403) AND (id <= 4785502))

table 8 : explain SELECT c FROM sbtest8 WHERE id BETWEEN 9479970 AND 9480069
	Index Scan using sbtest8_pkey on sbtest8  (cost=0.43..378.72 rows=96 width=121)
	  Index Cond: ((id >= 9479970) AND (id <= 9480069))

for: sum_ranges
table 1 : explain SELECT SUM(k) FROM sbtest1 WHERE id BETWEEN 7855823 AND 7855922
	Aggregate  (cost=376.53..376.54 rows=1 width=8)
	  ->  Index Scan using sbtest1_pkey on sbtest1  (cost=0.43..376.30 rows=95 width=4)
	        Index Cond: ((id >= 7855823) AND (id <= 7855922))

table 2 : explain SELECT SUM(k) FROM sbtest2 WHERE id BETWEEN 1781727 AND 1781826
	Aggregate  (cost=359.78..359.79 rows=1 width=8)
	  ->  Index Scan using sbtest2_pkey on sbtest2  (cost=0.43..359.55 rows=90 width=4)
	        Index Cond: ((id >= 1781727) AND (id <= 1781826))

table 3 : explain SELECT SUM(k) FROM sbtest3 WHERE id BETWEEN 3989269 AND 3989368
	Aggregate  (cost=373.56..373.57 rows=1 width=8)
	  ->  Index Scan using sbtest3_pkey on sbtest3  (cost=0.43..373.32 rows=94 width=4)
	        Index Cond: ((id >= 3989269) AND (id <= 3989368))

table 4 : explain SELECT SUM(k) FROM sbtest4 WHERE id BETWEEN 844883 AND 844982
	Aggregate  (cost=404.81..404.82 rows=1 width=8)
	  ->  Index Scan using sbtest4_pkey on sbtest4  (cost=0.43..404.56 rows=102 width=4)
	        Index Cond: ((id >= 844883) AND (id <= 844982))

table 5 : explain SELECT SUM(k) FROM sbtest5 WHERE id BETWEEN 8883616 AND 8883715
	Aggregate  (cost=432.27..432.28 rows=1 width=8)
	  ->  Index Scan using sbtest5_pkey on sbtest5  (cost=0.43..432.00 rows=109 width=4)
	        Index Cond: ((id >= 8883616) AND (id <= 8883715))

table 6 : explain SELECT SUM(k) FROM sbtest6 WHERE id BETWEEN 6486954 AND 6487053
	Aggregate  (cost=353.69..353.70 rows=1 width=8)
	  ->  Index Scan using sbtest6_pkey on sbtest6  (cost=0.43..353.47 rows=89 width=4)
	        Index Cond: ((id >= 6486954) AND (id <= 6487053))

table 7 : explain SELECT SUM(k) FROM sbtest7 WHERE id BETWEEN 6402070 AND 6402169
	Aggregate  (cost=396.14..396.15 rows=1 width=8)
	  ->  Index Scan using sbtest7_pkey on sbtest7  (cost=0.43..395.89 rows=100 width=4)
	        Index Cond: ((id >= 6402070) AND (id <= 6402169))

table 8 : explain SELECT SUM(k) FROM sbtest8 WHERE id BETWEEN 4490835 AND 4490934
	Aggregate  (cost=394.56..394.57 rows=1 width=8)
	  ->  Index Scan using sbtest8_pkey on sbtest8  (cost=0.43..394.31 rows=100 width=4)
	        Index Cond: ((id >= 4490835) AND (id <= 4490934))

explain: for point_selects :: explain SELECT c FROM sbtest%u WHERE id=%u
for: simple_ranges
table 1 : explain SELECT c FROM sbtest1 WHERE id BETWEEN 4134216 AND 4134315
	Index Scan using sbtest1_pkey on sbtest1  (cost=0.43..403.68 rows=102 width=121)
	  Index Cond: ((id >= 4134216) AND (id <= 4134315))

table 2 : explain SELECT c FROM sbtest2 WHERE id BETWEEN 8245167 AND 8245266
	Index Scan using sbtest2_pkey on sbtest2  (cost=0.43..410.85 rows=103 width=121)
	  Index Cond: ((id >= 8245167) AND (id <= 8245266))

table 3 : explain SELECT c FROM sbtest3 WHERE id BETWEEN 2873091 AND 2873190
	Index Scan using sbtest3_pkey on sbtest3  (cost=0.43..385.09 rows=97 width=121)
	  Index Cond: ((id >= 2873091) AND (id <= 2873190))

table 4 : explain SELECT c FROM sbtest4 WHERE id BETWEEN 7335413 AND 7335512
	Index Scan using sbtest4_pkey on sbtest4  (cost=0.43..420.24 rows=106 width=121)
	  Index Cond: ((id >= 7335413) AND (id <= 7335512))

table 5 : explain SELECT c FROM sbtest5 WHERE id BETWEEN 4663723 AND 4663822
	Index Scan using sbtest5_pkey on sbtest5  (cost=0.43..432.00 rows=109 width=121)
	  Index Cond: ((id >= 4663723) AND (id <= 4663822))

table 6 : explain SELECT c FROM sbtest6 WHERE id BETWEEN 8075981 AND 8076080
	Index Scan using sbtest6_pkey on sbtest6  (cost=0.43..380.93 rows=96 width=121)
	  Index Cond: ((id >= 8075981) AND (id <= 8076080))

table 7 : explain SELECT c FROM sbtest7 WHERE id BETWEEN 3657056 AND 3657155
	Index Scan using sbtest7_pkey on sbtest7  (cost=0.43..368.50 rows=93 width=121)
	  Index Cond: ((id >= 3657056) AND (id <= 3657155))

table 8 : explain SELECT c FROM sbtest8 WHERE id BETWEEN 823255 AND 823354
	Index Scan using sbtest8_pkey on sbtest8  (cost=0.43..363.13 rows=92 width=121)
	  Index Cond: ((id >= 823255) AND (id <= 823354))

for: sum_ranges
table 1 : explain SELECT SUM(k) FROM sbtest1 WHERE id BETWEEN 9400279 AND 9400378
	Aggregate  (cost=384.36..384.37 rows=1 width=8)
	  ->  Index Scan using sbtest1_pkey on sbtest1  (cost=0.43..384.12 rows=97 width=4)
	        Index Cond: ((id >= 9400279) AND (id <= 9400378))

table 2 : explain SELECT SUM(k) FROM sbtest2 WHERE id BETWEEN 8742815 AND 8742914
	Aggregate  (cost=375.56..375.57 rows=1 width=8)
	  ->  Index Scan using sbtest2_pkey on sbtest2  (cost=0.43..375.33 rows=94 width=4)
	        Index Cond: ((id >= 8742815) AND (id <= 8742914))

table 3 : explain SELECT SUM(k) FROM sbtest3 WHERE id BETWEEN 6678269 AND 6678368
	Aggregate  (cost=342.13..342.14 rows=1 width=8)
	  ->  Index Scan using sbtest3_pkey on sbtest3  (cost=0.43..341.92 rows=86 width=4)
	        Index Cond: ((id >= 6678269) AND (id <= 6678368))

table 4 : explain SELECT SUM(k) FROM sbtest4 WHERE id BETWEEN 6813171 AND 6813270
	Aggregate  (cost=389.12..389.13 rows=1 width=8)
	  ->  Index Scan using sbtest4_pkey on sbtest4  (cost=0.43..388.87 rows=98 width=4)
	        Index Cond: ((id >= 6813171) AND (id <= 6813270))

table 5 : explain SELECT SUM(k) FROM sbtest5 WHERE id BETWEEN 9112056 AND 9112155
	Aggregate  (cost=436.19..436.20 rows=1 width=8)
	  ->  Index Scan using sbtest5_pkey on sbtest5  (cost=0.43..435.92 rows=110 width=4)
	        Index Cond: ((id >= 9112056) AND (id <= 9112155))

table 6 : explain SELECT SUM(k) FROM sbtest6 WHERE id BETWEEN 4154467 AND 4154566
	Aggregate  (cost=385.09..385.10 rows=1 width=8)
	  ->  Index Scan using sbtest6_pkey on sbtest6  (cost=0.43..384.85 rows=97 width=4)
	        Index Cond: ((id >= 4154467) AND (id <= 4154566))

table 7 : explain SELECT SUM(k) FROM sbtest7 WHERE id BETWEEN 7399006 AND 7399105
	Aggregate  (cost=411.80..411.81 rows=1 width=8)
	  ->  Index Scan using sbtest7_pkey on sbtest7  (cost=0.43..411.54 rows=104 width=4)
	        Index Cond: ((id >= 7399006) AND (id <= 7399105))

table 8 : explain SELECT SUM(k) FROM sbtest8 WHERE id BETWEEN 7207203 AND 7207302
	Aggregate  (cost=386.76..386.77 rows=1 width=8)
	  ->  Index Scan using sbtest8_pkey on sbtest8  (cost=0.43..386.51 rows=98 width=4)
	        Index Cond: ((id >= 7207203) AND (id <= 7207302))

explain: for point_selects :: explain SELECT c FROM sbtest%u WHERE id=%u
for: sum_ranges
table 1 : explain SELECT SUM(k) FROM sbtest1 WHERE id BETWEEN 2770924 AND 2771023
	Aggregate  (cost=403.94..403.95 rows=1 width=8)
	  ->  Index Scan using sbtest1_pkey on sbtest1  (cost=0.43..403.68 rows=102 width=4)
	        Index Cond: ((id >= 2770924) AND (id <= 2771023))

table 2 : explain SELECT SUM(k) FROM sbtest2 WHERE id BETWEEN 2053836 AND 2053935
	Aggregate  (cost=422.95..422.96 rows=1 width=8)
	  ->  Index Scan using sbtest2_pkey on sbtest2  (cost=0.43..422.68 rows=106 width=4)
	        Index Cond: ((id >= 2053836) AND (id <= 2053935))

table 3 : explain SELECT SUM(k) FROM sbtest3 WHERE id BETWEEN 6424213 AND 6424312
	Aggregate  (cost=389.26..389.27 rows=1 width=8)
	  ->  Index Scan using sbtest3_pkey on sbtest3  (cost=0.43..389.01 rows=98 width=4)
	        Index Cond: ((id >= 6424213) AND (id <= 6424312))

table 4 : explain SELECT SUM(k) FROM sbtest4 WHERE id BETWEEN 9430963 AND 9431062
	Aggregate  (cost=400.89..400.90 rows=1 width=8)
	  ->  Index Scan using sbtest4_pkey on sbtest4  (cost=0.43..400.64 rows=101 width=4)
	        Index Cond: ((id >= 9430963) AND (id <= 9431062))

table 5 : explain SELECT SUM(k) FROM sbtest5 WHERE id BETWEEN 8223882 AND 8223981
	Aggregate  (cost=432.27..432.28 rows=1 width=8)
	  ->  Index Scan using sbtest5_pkey on sbtest5  (cost=0.43..432.00 rows=109 width=4)
	        Index Cond: ((id >= 8223882) AND (id <= 8223981))

table 6 : explain SELECT SUM(k) FROM sbtest6 WHERE id BETWEEN 256616 AND 256715
	Aggregate  (cost=373.30..373.31 rows=1 width=8)
	  ->  Index Scan using sbtest6_pkey on sbtest6  (cost=0.43..373.07 rows=94 width=4)
	        Index Cond: ((id >= 256616) AND (id <= 256715))

table 7 : explain SELECT SUM(k) FROM sbtest7 WHERE id BETWEEN 7329992 AND 7330091
	Aggregate  (cost=372.65..372.66 rows=1 width=8)
	  ->  Index Scan using sbtest7_pkey on sbtest7  (cost=0.43..372.41 rows=94 width=4)
	        Index Cond: ((id >= 7329992) AND (id <= 7330091))

table 8 : explain SELECT SUM(k) FROM sbtest8 WHERE id BETWEEN 3742092 AND 3742191
	Aggregate  (cost=390.66..390.67 rows=1 width=8)
	  ->  Index Scan using sbtest8_pkey on sbtest8  (cost=0.43..390.41 rows=99 width=4)
	        Index Cond: ((id >= 3742092) AND (id <= 3742191))

for: simple_ranges
table 1 : explain SELECT c FROM sbtest1 WHERE id BETWEEN 2774124 AND 2774223
	Index Scan using sbtest1_pkey on sbtest1  (cost=0.43..403.68 rows=102 width=121)
	  Index Cond: ((id >= 2774124) AND (id <= 2774223))

table 2 : explain SELECT c FROM sbtest2 WHERE id BETWEEN 7030226 AND 7030325
	Index Scan using sbtest2_pkey on sbtest2  (cost=0.43..410.85 rows=103 width=121)
	  Index Cond: ((id >= 7030226) AND (id <= 7030325))

table 3 : explain SELECT c FROM sbtest3 WHERE id BETWEEN 8478693 AND 8478792
	Index Scan using sbtest3_pkey on sbtest3  (cost=0.43..392.93 rows=99 width=121)
	  Index Cond: ((id >= 8478693) AND (id <= 8478792))

table 4 : explain SELECT c FROM sbtest4 WHERE id BETWEEN 5050841 AND 5050940
	Index Scan using sbtest4_pkey on sbtest4  (cost=0.43..381.03 rows=96 width=121)
	  Index Cond: ((id >= 5050841) AND (id <= 5050940))

table 5 : explain SELECT c FROM sbtest5 WHERE id BETWEEN 3764782 AND 3764881
	Index Scan using sbtest5_pkey on sbtest5  (cost=0.43..392.79 rows=99 width=121)
	  Index Cond: ((id >= 3764782) AND (id <= 3764881))

table 6 : explain SELECT c FROM sbtest6 WHERE id BETWEEN 3724573 AND 3724672
	Index Scan using sbtest6_pkey on sbtest6  (cost=0.43..416.21 rows=105 width=121)
	  Index Cond: ((id >= 3724573) AND (id <= 3724672))

table 7 : explain SELECT c FROM sbtest7 WHERE id BETWEEN 8160936 AND 8161035
	Index Scan using sbtest7_pkey on sbtest7  (cost=0.43..427.19 rows=108 width=121)
	  Index Cond: ((id >= 8160936) AND (id <= 8161035))

table 8 : explain SELECT c FROM sbtest8 WHERE id BETWEEN 6339067 AND 6339166
	Index Scan using sbtest8_pkey on sbtest8  (cost=0.43..402.10 rows=102 width=121)
	  Index Cond: ((id >= 6339067) AND (id <= 6339166))

for point_selects
table 1 : explain SELECT c FROM sbtest1 WHERE id=6602096
	Index Scan using sbtest1_pkey on sbtest1  (cost=0.43..8.45 rows=1 width=121)
	  Index Cond: (id = 6602096)

table 2 : explain SELECT c FROM sbtest2 WHERE id=5556185
	Index Scan using sbtest2_pkey on sbtest2  (cost=0.43..8.45 rows=1 width=121)
	  Index Cond: (id = 5556185)

table 3 : explain SELECT c FROM sbtest3 WHERE id=3057817
	Index Scan using sbtest3_pkey on sbtest3  (cost=0.43..8.45 rows=1 width=121)
	  Index Cond: (id = 3057817)

table 4 : explain SELECT c FROM sbtest4 WHERE id=2443323
	Index Scan using sbtest4_pkey on sbtest4  (cost=0.43..8.45 rows=1 width=121)
	  Index Cond: (id = 2443323)

table 5 : explain SELECT c FROM sbtest5 WHERE id=4695510
	Index Scan using sbtest5_pkey on sbtest5  (cost=0.43..8.45 rows=1 width=121)
	  Index Cond: (id = 4695510)

table 6 : explain SELECT c FROM sbtest6 WHERE id=9978230
	Index Scan using sbtest6_pkey on sbtest6  (cost=0.43..8.45 rows=1 width=121)
	  Index Cond: (id = 9978230)

table 7 : explain SELECT c FROM sbtest7 WHERE id=7643082
	Index Scan using sbtest7_pkey on sbtest7  (cost=0.43..8.45 rows=1 width=121)
	  Index Cond: (id = 7643082)

table 8 : explain SELECT c FROM sbtest8 WHERE id=6197163
	Index Scan using sbtest8_pkey on sbtest8  (cost=0.43..8.45 rows=1 width=121)
	  Index Cond: (id = 6197163)

for: order_ranges
table 1 : explain SELECT c FROM sbtest1 WHERE id BETWEEN 5924263 AND 5924362 ORDER BY c
	Sort  (cost=411.04..411.29 rows=103 width=121)
	  Sort Key: c
	  ->  Index Scan using sbtest1_pkey on sbtest1  (cost=0.43..407.59 rows=103 width=121)
	        Index Cond: ((id >= 5924263) AND (id <= 5924362))

table 2 : explain SELECT c FROM sbtest2 WHERE id BETWEEN 749047 AND 749146 ORDER BY c
	Sort  (cost=398.35..398.60 rows=99 width=121)
	  Sort Key: c
	  ->  Index Scan using sbtest2_pkey on sbtest2  (cost=0.43..395.07 rows=99 width=121)
	        Index Cond: ((id >= 749047) AND (id <= 749146))

table 3 : explain SELECT c FROM sbtest3 WHERE id BETWEEN 8347801 AND 8347900 ORDER BY c
	Sort  (cost=392.25..392.50 rows=98 width=121)
	  Sort Key: c
	  ->  Index Scan using sbtest3_pkey on sbtest3  (cost=0.43..389.01 rows=98 width=121)
	        Index Cond: ((id >= 8347801) AND (id <= 8347900))

table 4 : explain SELECT c FROM sbtest4 WHERE id BETWEEN 2051911 AND 2052010 ORDER BY c
	Sort  (cost=380.23..380.47 rows=95 width=121)
	  Sort Key: c
	  ->  Index Scan using sbtest4_pkey on sbtest4  (cost=0.43..377.11 rows=95 width=121)
	        Index Cond: ((id >= 2051911) AND (id <= 2052010))

table 5 : explain SELECT c FROM sbtest5 WHERE id BETWEEN 237291 AND 237390 ORDER BY c
	Sort  (cost=423.80..424.07 rows=106 width=121)
	  Sort Key: c
	  ->  Index Scan using sbtest5_pkey on sbtest5  (cost=0.43..420.23 rows=106 width=121)
	        Index Cond: ((id >= 237291) AND (id <= 237390))

table 6 : explain SELECT c FROM sbtest6 WHERE id BETWEEN 8083409 AND 8083508 ORDER BY c
	Sort  (cost=384.09..384.33 rows=96 width=121)
	  Sort Key: c
	  ->  Index Scan using sbtest6_pkey on sbtest6  (cost=0.43..380.93 rows=96 width=121)
	        Index Cond: ((id >= 8083409) AND (id <= 8083508))

table 7 : explain SELECT c FROM sbtest7 WHERE id BETWEEN 2746842 AND 2746941 ORDER BY c
	Sort  (cost=403.16..403.41 rows=101 width=121)
	  Sort Key: c
	  ->  Index Scan using sbtest7_pkey on sbtest7  (cost=0.43..399.80 rows=101 width=121)
	        Index Cond: ((id >= 2746842) AND (id <= 2746941))

table 8 : explain SELECT c FROM sbtest8 WHERE id BETWEEN 425000 AND 425099 ORDER BY c
	Sort  (cost=413.38..413.64 rows=104 width=121)
	  Sort Key: c
	  ->  Index Scan using sbtest8_pkey on sbtest8  (cost=0.43..409.89 rows=104 width=121)
	        Index Cond: ((id >= 425000) AND (id <= 425099))
for: order_ranges
table 1 : explain SELECT c FROM sbtest1 WHERE id BETWEEN 4791288 AND 4791387 ORDER BY c
	Sort  (cost=411.04..411.29 rows=103 width=121)
	  Sort Key: c
	  ->  Index Scan using sbtest1_pkey on sbtest1  (cost=0.43..407.59 rows=103 width=121)
	        Index Cond: ((id >= 4791288) AND (id <= 4791387))

table 2 : explain SELECT c FROM sbtest2 WHERE id BETWEEN 2473624 AND 2473723 ORDER BY c
	Sort  (cost=406.32..406.58 rows=101 width=121)
	  Sort Key: c
	  ->  Index Scan using sbtest2_pkey on sbtest2  (cost=0.43..402.96 rows=101 width=121)
	        Index Cond: ((id >= 2473624) AND (id <= 2473723))

table 3 : explain SELECT c FROM sbtest3 WHERE id BETWEEN 7916203 AND 7916302 ORDER BY c
	Sort  (cost=392.25..392.50 rows=98 width=121)
	  Sort Key: c
	  ->  Index Scan using sbtest3_pkey on sbtest3  (cost=0.43..389.01 rows=98 width=121)
	        Index Cond: ((id >= 7916203) AND (id <= 7916302))

table 4 : explain SELECT c FROM sbtest4 WHERE id BETWEEN 8237512 AND 8237611 ORDER BY c
	Sort  (cost=396.08..396.32 rows=99 width=121)
	  Sort Key: c
	  ->  Index Scan using sbtest4_pkey on sbtest4  (cost=0.43..392.80 rows=99 width=121)
	        Index Cond: ((id >= 8237512) AND (id <= 8237611))

table 5 : explain SELECT c FROM sbtest5 WHERE id BETWEEN 4414531 AND 4414630 ORDER BY c
	Sort  (cost=407.95..408.21 rows=102 width=121)
	  Sort Key: c
	  ->  Index Scan using sbtest5_pkey on sbtest5  (cost=0.43..404.55 rows=102 width=121)
	        Index Cond: ((id >= 4414531) AND (id <= 4414630))

table 6 : explain SELECT c FROM sbtest6 WHERE id BETWEEN 243327 AND 243426 ORDER BY c
	Sort  (cost=376.15..376.38 rows=94 width=121)
	  Sort Key: c
	  ->  Index Scan using sbtest6_pkey on sbtest6  (cost=0.43..373.07 rows=94 width=121)
	        Index Cond: ((id >= 243327) AND (id <= 243426))

table 7 : explain SELECT c FROM sbtest7 WHERE id BETWEEN 6413895 AND 6413994 ORDER BY c
	Sort  (cost=399.21..399.46 rows=100 width=121)
	  Sort Key: c
	  ->  Index Scan using sbtest7_pkey on sbtest7  (cost=0.43..395.89 rows=100 width=121)
	        Index Cond: ((id >= 6413895) AND (id <= 6413994))

table 8 : explain SELECT c FROM sbtest8 WHERE id BETWEEN 2924102 AND 2924201 ORDER BY c
	Sort  (cost=425.19..425.46 rows=107 width=121)
	  Sort Key: c
	  ->  Index Scan using sbtest8_pkey on sbtest8  (cost=0.43..421.58 rows=107 width=121)
	        Index Cond: ((id >= 2924102) AND (id <= 2924201))


for: simple_ranges
table 1 : explain SELECT c FROM sbtest1 WHERE id BETWEEN 1134545 AND 1134644
	Index Scan using sbtest1_pkey on sbtest1  (cost=0.43..403.68 rows=102 width=121)
	  Index Cond: ((id >= 1134545) AND (id <= 1134644))

table 2 : explain SELECT c FROM sbtest2 WHERE id BETWEEN 9102572 AND 9102671
	Index Scan using sbtest2_pkey on sbtest2  (cost=0.43..395.07 rows=99 width=121)
	  Index Cond: ((id >= 9102572) AND (id <= 9102671))

table 3 : explain SELECT c FROM sbtest3 WHERE id BETWEEN 2408564 AND 2408663
	Index Scan using sbtest3_pkey on sbtest3  (cost=0.43..408.62 rows=103 width=121)
	  Index Cond: ((id >= 2408564) AND (id <= 2408663))

table 4 : explain SELECT c FROM sbtest4 WHERE id BETWEEN 1132254 AND 1132353
	Index Scan using sbtest4_pkey on sbtest4  (cost=0.43..416.32 rows=105 width=121)
	  Index Cond: ((id >= 1132254) AND (id <= 1132353))

table 5 : explain SELECT c FROM sbtest5 WHERE id BETWEEN 4442460 AND 4442559
	Index Scan using sbtest5_pkey on sbtest5  (cost=0.43..377.08 rows=95 width=121)
	  Index Cond: ((id >= 4442460) AND (id <= 4442559))

table 6 : explain SELECT c FROM sbtest6 WHERE id BETWEEN 4064546 AND 4064645
	Index Scan using sbtest6_pkey on sbtest6  (cost=0.43..400.53 rows=101 width=121)
	  Index Cond: ((id >= 4064546) AND (id <= 4064645))

table 7 : explain SELECT c FROM sbtest7 WHERE id BETWEEN 4806309 AND 4806408
	Index Scan using sbtest7_pkey on sbtest7  (cost=0.43..391.97 rows=99 width=121)
	  Index Cond: ((id >= 4806309) AND (id <= 4806408))

table 8 : explain SELECT c FROM sbtest8 WHERE id BETWEEN 6617161 AND 6617260
	Index Scan using sbtest8_pkey on sbtest8  (cost=0.43..425.48 rows=108 width=121)
	  Index Cond: ((id >= 6617161) AND (id <= 6617260))

explain: for point_selects :: explain SELECT c FROM sbtest%u WHERE id=%u
for point_selects
table 1 : explain SELECT c FROM sbtest1 WHERE id=7078849
	Index Scan using sbtest1_pkey on sbtest1  (cost=0.43..8.45 rows=1 width=121)
	  Index Cond: (id = 7078849)

table 2 : explain SELECT c FROM sbtest2 WHERE id=7656660
	Index Scan using sbtest2_pkey on sbtest2  (cost=0.43..8.45 rows=1 width=121)
	  Index Cond: (id = 7656660)

table 3 : explain SELECT c FROM sbtest3 WHERE id=5516785
	Index Scan using sbtest3_pkey on sbtest3  (cost=0.43..8.45 rows=1 width=121)
	  Index Cond: (id = 5516785)

table 4 : explain SELECT c FROM sbtest4 WHERE id=9541536
	Index Scan using sbtest4_pkey on sbtest4  (cost=0.43..8.45 rows=1 width=121)
	  Index Cond: (id = 9541536)

table 5 : explain SELECT c FROM sbtest5 WHERE id=9216530
	Index Scan using sbtest5_pkey on sbtest5  (cost=0.43..8.45 rows=1 width=121)
	  Index Cond: (id = 9216530)

table 6 : explain SELECT c FROM sbtest6 WHERE id=9777404
	Index Scan using sbtest6_pkey on sbtest6  (cost=0.43..8.45 rows=1 width=121)
	  Index Cond: (id = 9777404)

table 7 : explain SELECT c FROM sbtest7 WHERE id=3913647
	Index Scan using sbtest7_pkey on sbtest7  (cost=0.43..8.45 rows=1 width=121)
	  Index Cond: (id = 3913647)

table 8 : explain SELECT c FROM sbtest8 WHERE id=5426802
	Index Scan using sbtest8_pkey on sbtest8  (cost=0.43..8.45 rows=1 width=121)
	  Index Cond: (id = 5426802)

for: sum_ranges
table 1 : explain SELECT SUM(k) FROM sbtest1 WHERE id BETWEEN 4303018 AND 4303117
	Aggregate  (cost=384.36..384.37 rows=1 width=8)
	  ->  Index Scan using sbtest1_pkey on sbtest1  (cost=0.43..384.12 rows=97 width=4)
	        Index Cond: ((id >= 4303018) AND (id <= 4303117))

table 2 : explain SELECT SUM(k) FROM sbtest2 WHERE id BETWEEN 6815861 AND 6815960
	Aggregate  (cost=419.00..419.01 rows=1 width=8)
	  ->  Index Scan using sbtest2_pkey on sbtest2  (cost=0.43..418.74 rows=105 width=4)
	        Index Cond: ((id >= 6815861) AND (id <= 6815960))

table 3 : explain SELECT SUM(k) FROM sbtest3 WHERE id BETWEEN 5925620 AND 5925719
	Aggregate  (cost=428.51..428.52 rows=1 width=8)
	  ->  Index Scan using sbtest3_pkey on sbtest3  (cost=0.43..428.24 rows=108 width=4)
	        Index Cond: ((id >= 5925620) AND (id <= 5925719))

table 4 : explain SELECT SUM(k) FROM sbtest4 WHERE id BETWEEN 232177 AND 232276
	Aggregate  (cost=428.36..428.37 rows=1 width=8)
	  ->  Index Scan using sbtest4_pkey on sbtest4  (cost=0.43..428.09 rows=108 width=4)
	        Index Cond: ((id >= 232177) AND (id <= 232276))

table 5 : explain SELECT SUM(k) FROM sbtest5 WHERE id BETWEEN 3552241 AND 3552340
	Aggregate  (cost=381.24..381.25 rows=1 width=8)
	  ->  Index Scan using sbtest5_pkey on sbtest5  (cost=0.43..381.00 rows=96 width=4)
	        Index Cond: ((id >= 3552241) AND (id <= 3552340))

table 6 : explain SELECT SUM(k) FROM sbtest6 WHERE id BETWEEN 7808014 AND 7808113
	Aggregate  (cost=404.71..404.72 rows=1 width=8)
	  ->  Index Scan using sbtest6_pkey on sbtest6  (cost=0.43..404.45 rows=102 width=4)
	        Index Cond: ((id >= 7808014) AND (id <= 7808113))

table 7 : explain SELECT SUM(k) FROM sbtest7 WHERE id BETWEEN 845475 AND 845574
	Aggregate  (cost=403.97..403.98 rows=1 width=8)
	  ->  Index Scan using sbtest7_pkey on sbtest7  (cost=0.43..403.71 rows=102 width=4)
	        Index Cond: ((id >= 845475) AND (id <= 845574))

table 8 : explain SELECT SUM(k) FROM sbtest8 WHERE id BETWEEN 8208561 AND 8208660
	Aggregate  (cost=417.95..417.96 rows=1 width=8)
	  ->  Index Scan using sbtest8_pkey on sbtest8  (cost=0.43..417.69 rows=106 width=4)
	        Index Cond: ((id >= 8208561) AND (id <= 8208660))

for point_selects
table 1 : explain SELECT c FROM sbtest1 WHERE id=4261377
	Index Scan using sbtest1_pkey on sbtest1  (cost=0.43..8.45 rows=1 width=121)
	  Index Cond: (id = 4261377)

table 2 : explain SELECT c FROM sbtest2 WHERE id=2752587
	Index Scan using sbtest2_pkey on sbtest2  (cost=0.43..8.45 rows=1 width=121)
	  Index Cond: (id = 2752587)

table 3 : explain SELECT c FROM sbtest3 WHERE id=1746967
	Index Scan using sbtest3_pkey on sbtest3  (cost=0.43..8.45 rows=1 width=121)
	  Index Cond: (id = 1746967)

table 4 : explain SELECT c FROM sbtest4 WHERE id=7386587
	Index Scan using sbtest4_pkey on sbtest4  (cost=0.43..8.45 rows=1 width=121)
	  Index Cond: (id = 7386587)

table 5 : explain SELECT c FROM sbtest5 WHERE id=1765198
	Index Scan using sbtest5_pkey on sbtest5  (cost=0.43..8.45 rows=1 width=121)
	  Index Cond: (id = 1765198)

table 6 : explain SELECT c FROM sbtest6 WHERE id=9346242
	Index Scan using sbtest6_pkey on sbtest6  (cost=0.43..8.45 rows=1 width=121)
	  Index Cond: (id = 9346242)

table 7 : explain SELECT c FROM sbtest7 WHERE id=3942260
	Index Scan using sbtest7_pkey on sbtest7  (cost=0.43..8.45 rows=1 width=121)
	  Index Cond: (id = 3942260)

table 8 : explain SELECT c FROM sbtest8 WHERE id=7917969
	Index Scan using sbtest8_pkey on sbtest8  (cost=0.43..8.45 rows=1 width=121)
	  Index Cond: (id = 7917969)

explain: for point_selects :: explain SELECT c FROM sbtest%u WHERE id=%u
for: simple_ranges
table 1 : explain SELECT c FROM sbtest1 WHERE id BETWEEN 7750051 AND 7750150
	Index Scan using sbtest1_pkey on sbtest1  (cost=0.43..407.59 rows=103 width=121)
	  Index Cond: ((id >= 7750051) AND (id <= 7750150))

table 2 : explain SELECT c FROM sbtest2 WHERE id BETWEEN 2176660 AND 2176759
	Index Scan using sbtest2_pkey on sbtest2  (cost=0.43..371.39 rows=93 width=121)
	  Index Cond: ((id >= 2176660) AND (id <= 2176759))

table 3 : explain SELECT c FROM sbtest3 WHERE id BETWEEN 9440199 AND 9440298
	Index Scan using sbtest3_pkey on sbtest3  (cost=0.43..392.93 rows=99 width=121)
	  Index Cond: ((id >= 9440199) AND (id <= 9440298))

table 4 : explain SELECT c FROM sbtest4 WHERE id BETWEEN 4833945 AND 4834044
	Index Scan using sbtest4_pkey on sbtest4  (cost=0.43..384.95 rows=97 width=121)
	  Index Cond: ((id >= 4833945) AND (id <= 4834044))

table 5 : explain SELECT c FROM sbtest5 WHERE id BETWEEN 9727427 AND 9727526
	Index Scan using sbtest5_pkey on sbtest5  (cost=0.43..404.55 rows=102 width=121)
	  Index Cond: ((id >= 9727427) AND (id <= 9727526))

table 6 : explain SELECT c FROM sbtest6 WHERE id BETWEEN 1916873 AND 1916972
	Index Scan using sbtest6_pkey on sbtest6  (cost=0.43..377.01 rows=95 width=121)
	  Index Cond: ((id >= 1916873) AND (id <= 1916972))

table 7 : explain SELECT c FROM sbtest7 WHERE id BETWEEN 3062558 AND 3062657
	Index Scan using sbtest7_pkey on sbtest7  (cost=0.43..372.41 rows=94 width=121)
	  Index Cond: ((id >= 3062558) AND (id <= 3062657))

table 8 : explain SELECT c FROM sbtest8 WHERE id BETWEEN 6577603 AND 6577702
	Index Scan using sbtest8_pkey on sbtest8  (cost=0.43..425.48 rows=108 width=121)
	  Index Cond: ((id >= 6577603) AND (id <= 6577702))

for: order_ranges
table 1 : explain SELECT c FROM sbtest1 WHERE id BETWEEN 4780224 AND 4780323 ORDER BY c
	Sort  (cost=403.13..403.38 rows=101 width=121)
	  Sort Key: c
	  ->  Index Scan using sbtest1_pkey on sbtest1  (cost=0.43..399.77 rows=101 width=121)
	        Index Cond: ((id >= 4780224) AND (id <= 4780323))

table 2 : explain SELECT c FROM sbtest2 WHERE id BETWEEN 7298496 AND 7298595 ORDER BY c
	Sort  (cost=414.29..414.55 rows=103 width=121)
	  Sort Key: c
	  ->  Index Scan using sbtest2_pkey on sbtest2  (cost=0.43..410.85 rows=103 width=121)
	        Index Cond: ((id >= 7298496) AND (id <= 7298595))

table 3 : explain SELECT c FROM sbtest3 WHERE id BETWEEN 7140852 AND 7140951 ORDER BY c
	Sort  (cost=392.25..392.50 rows=98 width=121)
	  Sort Key: c
	  ->  Index Scan using sbtest3_pkey on sbtest3  (cost=0.43..389.01 rows=98 width=121)
	        Index Cond: ((id >= 7140852) AND (id <= 7140951))

table 4 : explain SELECT c FROM sbtest4 WHERE id BETWEEN 8460183 AND 8460282 ORDER BY c
	Sort  (cost=372.31..372.54 rows=93 width=121)
	  Sort Key: c
	  ->  Index Scan using sbtest4_pkey on sbtest4  (cost=0.43..369.27 rows=93 width=121)
	        Index Cond: ((id >= 8460183) AND (id <= 8460282))

table 5 : explain SELECT c FROM sbtest5 WHERE id BETWEEN 5523105 AND 5523204 ORDER BY c
	Sort  (cost=352.47..352.69 rows=88 width=121)
	  Sort Key: c
	  ->  Index Scan using sbtest5_pkey on sbtest5  (cost=0.43..349.63 rows=88 width=121)
	        Index Cond: ((id >= 5523105) AND (id <= 5523204))

table 6 : explain SELECT c FROM sbtest6 WHERE id BETWEEN 1264590 AND 1264689 ORDER BY c
	Sort  (cost=451.42..451.71 rows=113 width=121)
	  Sort Key: c
	  ->  Index Scan using sbtest6_pkey on sbtest6  (cost=0.43..447.57 rows=113 width=121)
	        Index Cond: ((id >= 1264590) AND (id <= 1264689))

table 7 : explain SELECT c FROM sbtest7 WHERE id BETWEEN 1234269 AND 1234368 ORDER BY c
	Sort  (cost=351.75..351.97 rows=88 width=121)
	  Sort Key: c
	  ->  Index Scan using sbtest7_pkey on sbtest7  (cost=0.43..348.91 rows=88 width=121)
	        Index Cond: ((id >= 1234269) AND (id <= 1234368))

table 8 : explain SELECT c FROM sbtest8 WHERE id BETWEEN 1283294 AND 1283393 ORDER BY c
	Sort  (cost=389.76..390.00 rows=98 width=121)
	  Sort Key: c
	  ->  Index Scan using sbtest8_pkey on sbtest8  (cost=0.43..386.51 rows=98 width=121)
	        Index Cond: ((id >= 1283294) AND (id <= 1283393))

for: simple_ranges
table 1 : explain SELECT c FROM sbtest1 WHERE id BETWEEN 1777126 AND 1777225
	Index Scan using sbtest1_pkey on sbtest1  (cost=0.43..395.86 rows=100 width=121)
	  Index Cond: ((id >= 1777126) AND (id <= 1777225))

table 2 : explain SELECT c FROM sbtest2 WHERE id BETWEEN 8484346 AND 8484445
	Index Scan using sbtest2_pkey on sbtest2  (cost=0.43..367.44 rows=92 width=121)
	  Index Cond: ((id >= 8484346) AND (id <= 8484445))

table 3 : explain SELECT c FROM sbtest3 WHERE id BETWEEN 3030586 AND 3030685
	Index Scan using sbtest3_pkey on sbtest3  (cost=0.43..373.32 rows=94 width=121)
	  Index Cond: ((id >= 3030586) AND (id <= 3030685))

table 4 : explain SELECT c FROM sbtest4 WHERE id BETWEEN 7068340 AND 7068439
	Index Scan using sbtest4_pkey on sbtest4  (cost=0.43..463.38 rows=117 width=121)
	  Index Cond: ((id >= 7068340) AND (id <= 7068439))

table 5 : explain SELECT c FROM sbtest5 WHERE id BETWEEN 8956457 AND 8956556
	Index Scan using sbtest5_pkey on sbtest5  (cost=0.43..408.47 rows=103 width=121)
	  Index Cond: ((id >= 8956457) AND (id <= 8956556))

table 6 : explain SELECT c FROM sbtest6 WHERE id BETWEEN 8791791 AND 8791890
	Index Scan using sbtest6_pkey on sbtest6  (cost=0.43..396.61 rows=100 width=121)
	  Index Cond: ((id >= 8791791) AND (id <= 8791890))

table 7 : explain SELECT c FROM sbtest7 WHERE id BETWEEN 4905708 AND 4905807
	Index Scan using sbtest7_pkey on sbtest7  (cost=0.43..391.97 rows=99 width=121)
	  Index Cond: ((id >= 4905708) AND (id <= 4905807))

table 8 : explain SELECT c FROM sbtest8 WHERE id BETWEEN 4681878 AND 4681977
	Index Scan using sbtest8_pkey on sbtest8  (cost=0.43..382.62 rows=97 width=121)
	  Index Cond: ((id >= 4681878) AND (id <= 4681977))

for: distinct_ranges
table 1 : explain SELECT DISTINCT c FROM sbtest1 WHERE id BETWEEN 9165152 AND 9165251 ORDER BY c
	Unique  (cost=383.37..383.85 rows=96 width=121)
	  ->  Sort  (cost=383.37..383.61 rows=96 width=121)
	        Sort Key: c
	        ->  Index Scan using sbtest1_pkey on sbtest1  (cost=0.43..380.21 rows=96 width=121)
	              Index Cond: ((id >= 9165152) AND (id <= 9165251))

table 2 : explain SELECT DISTINCT c FROM sbtest2 WHERE id BETWEEN 4804999 AND 4805098 ORDER BY c
	Unique  (cost=418.28..418.80 rows=104 width=121)
	  ->  Sort  (cost=418.28..418.54 rows=104 width=121)
	        Sort Key: c
	        ->  Index Scan using sbtest2_pkey on sbtest2  (cost=0.43..414.79 rows=104 width=121)
	              Index Cond: ((id >= 4804999) AND (id <= 4805098))

table 3 : explain SELECT DISTINCT c FROM sbtest3 WHERE id BETWEEN 10248 AND 10347 ORDER BY c
	Unique  (cost=404.14..404.65 rows=101 width=121)
	  ->  Sort  (cost=404.14..404.39 rows=101 width=121)
	        Sort Key: c
	        ->  Index Scan using sbtest3_pkey on sbtest3  (cost=0.43..400.78 rows=101 width=121)
	              Index Cond: ((id >= 10248) AND (id <= 10347))

table 4 : explain SELECT DISTINCT c FROM sbtest4 WHERE id BETWEEN 577688 AND 577787 ORDER BY c
	Unique  (cost=384.19..384.67 rows=96 width=121)
	  ->  Sort  (cost=384.19..384.43 rows=96 width=121)
	        Sort Key: c
	        ->  Index Scan using sbtest4_pkey on sbtest4  (cost=0.43..381.03 rows=96 width=121)
	              Index Cond: ((id >= 577688) AND (id <= 577787))

table 5 : explain SELECT DISTINCT c FROM sbtest5 WHERE id BETWEEN 3020134 AND 3020233 ORDER BY c
	Unique  (cost=392.11..392.60 rows=98 width=121)
	  ->  Sort  (cost=392.11..392.35 rows=98 width=121)
	        Sort Key: c
	        ->  Index Scan using sbtest5_pkey on sbtest5  (cost=0.43..388.87 rows=98 width=121)
	              Index Cond: ((id >= 3020134) AND (id <= 3020233))

table 6 : explain SELECT DISTINCT c FROM sbtest6 WHERE id BETWEEN 8557622 AND 8557721 ORDER BY c
	Unique  (cost=415.78..416.30 rows=104 width=121)
	  ->  Sort  (cost=415.78..416.04 rows=104 width=121)
	        Sort Key: c
	        ->  Index Scan using sbtest6_pkey on sbtest6  (cost=0.43..412.29 rows=104 width=121)
	              Index Cond: ((id >= 8557622) AND (id <= 8557721))

table 7 : explain SELECT DISTINCT c FROM sbtest7 WHERE id BETWEEN 7225975 AND 7226074 ORDER BY c
	Unique  (cost=375.49..375.96 rows=94 width=121)
	  ->  Sort  (cost=375.49..375.73 rows=94 width=121)
	        Sort Key: c
	        ->  Index Scan using sbtest7_pkey on sbtest7  (cost=0.43..372.41 rows=94 width=121)
	              Index Cond: ((id >= 7225975) AND (id <= 7226074))

table 8 : explain SELECT DISTINCT c FROM sbtest8 WHERE id BETWEEN 9082107 AND 9082206 ORDER BY c
	Unique  (cost=401.57..402.07 rows=101 width=121)
	  ->  Sort  (cost=401.57..401.82 rows=101 width=121)
	        Sort Key: c
	        ->  Index Scan using sbtest8_pkey on sbtest8  (cost=0.43..398.20 rows=101 width=121)
	              Index Cond: ((id >= 9082107) AND (id <= 9082206))

for point_selects
table 1 : explain SELECT c FROM sbtest1 WHERE id=5356952
	Index Scan using sbtest1_pkey on sbtest1  (cost=0.43..8.45 rows=1 width=121)
	  Index Cond: (id = 5356952)

table 2 : explain SELECT c FROM sbtest2 WHERE id=8847637
	Index Scan using sbtest2_pkey on sbtest2  (cost=0.43..8.45 rows=1 width=121)
	  Index Cond: (id = 8847637)

table 3 : explain SELECT c FROM sbtest3 WHERE id=8329112
	Index Scan using sbtest3_pkey on sbtest3  (cost=0.43..8.45 rows=1 width=121)
	  Index Cond: (id = 8329112)

table 4 : explain SELECT c FROM sbtest4 WHERE id=9092366
	Index Scan using sbtest4_pkey on sbtest4  (cost=0.43..8.45 rows=1 width=121)
	  Index Cond: (id = 9092366)

table 5 : explain SELECT c FROM sbtest5 WHERE id=8123116
	Index Scan using sbtest5_pkey on sbtest5  (cost=0.43..8.45 rows=1 width=121)
	  Index Cond: (id = 8123116)

table 6 : explain SELECT c FROM sbtest6 WHERE id=4878170
	Index Scan using sbtest6_pkey on sbtest6  (cost=0.43..8.45 rows=1 width=121)
	  Index Cond: (id = 4878170)

table 7 : explain SELECT c FROM sbtest7 WHERE id=1114830
	Index Scan using sbtest7_pkey on sbtest7  (cost=0.43..8.45 rows=1 width=121)
	  Index Cond: (id = 1114830)

table 8 : explain SELECT c FROM sbtest8 WHERE id=9496938
	Index Scan using sbtest8_pkey on sbtest8  (cost=0.43..8.45 rows=1 width=121)
	  Index Cond: (id = 9496938)

for: sum_ranges
table 1 : explain SELECT SUM(k) FROM sbtest1 WHERE id BETWEEN 8601353 AND 8601452
	Aggregate  (cost=388.28..388.29 rows=1 width=8)
	  ->  Index Scan using sbtest1_pkey on sbtest1  (cost=0.43..388.03 rows=98 width=4)
	        Index Cond: ((id >= 8601353) AND (id <= 8601452))

table 2 : explain SELECT SUM(k) FROM sbtest2 WHERE id BETWEEN 8349867 AND 8349966
	Aggregate  (cost=379.51..379.52 rows=1 width=8)
	  ->  Index Scan using sbtest2_pkey on sbtest2  (cost=0.43..379.27 rows=95 width=4)
	        Index Cond: ((id >= 8349867) AND (id <= 8349966))

table 3 : explain SELECT SUM(k) FROM sbtest3 WHERE id BETWEEN 3569633 AND 3569732
	Aggregate  (cost=385.33..385.34 rows=1 width=8)
	  ->  Index Scan using sbtest3_pkey on sbtest3  (cost=0.43..385.09 rows=97 width=4)
	        Index Cond: ((id >= 3569633) AND (id <= 3569732))

table 4 : explain SELECT SUM(k) FROM sbtest4 WHERE id BETWEEN 1671818 AND 1671917
	Aggregate  (cost=353.81..353.82 rows=1 width=8)
	  ->  Index Scan using sbtest4_pkey on sbtest4  (cost=0.43..353.58 rows=89 width=4)
	        Index Cond: ((id >= 1671818) AND (id <= 1671917))

table 5 : explain SELECT SUM(k) FROM sbtest5 WHERE id BETWEEN 2071150 AND 2071249
	Aggregate  (cost=345.93..345.94 rows=1 width=8)
	  ->  Index Scan using sbtest5_pkey on sbtest5  (cost=0.43..345.71 rows=87 width=4)
	        Index Cond: ((id >= 2071150) AND (id <= 2071249))

table 6 : explain SELECT SUM(k) FROM sbtest6 WHERE id BETWEEN 8327851 AND 8327950
	Aggregate  (cost=392.94..392.95 rows=1 width=8)
	  ->  Index Scan using sbtest6_pkey on sbtest6  (cost=0.43..392.69 rows=99 width=4)
	        Index Cond: ((id >= 8327851) AND (id <= 8327950))

table 7 : explain SELECT SUM(k) FROM sbtest7 WHERE id BETWEEN 289259 AND 289358
	Aggregate  (cost=415.71..415.72 rows=1 width=8)
	  ->  Index Scan using sbtest7_pkey on sbtest7  (cost=0.43..415.45 rows=105 width=4)
	        Index Cond: ((id >= 289259) AND (id <= 289358))

table 8 : explain SELECT SUM(k) FROM sbtest8 WHERE id BETWEEN 4710979 AND 4711078
	Aggregate  (cost=382.86..382.87 rows=1 width=8)
	  ->  Index Scan using sbtest8_pkey on sbtest8  (cost=0.43..382.62 rows=97 width=4)
	        Index Cond: ((id >= 4710979) AND (id <= 4711078))

for: sum_ranges
table 1 : explain SELECT SUM(k) FROM sbtest1 WHERE id BETWEEN 9073357 AND 9073456
	Aggregate  (cost=353.02..353.03 rows=1 width=8)
	  ->  Index Scan using sbtest1_pkey on sbtest1  (cost=0.43..352.79 rows=89 width=4)
	        Index Cond: ((id >= 9073357) AND (id <= 9073456))

table 2 : explain SELECT SUM(k) FROM sbtest2 WHERE id BETWEEN 4029541 AND 4029640
	Aggregate  (cost=458.47..458.48 rows=1 width=8)
	  ->  Index Scan using sbtest2_pkey on sbtest2  (cost=0.43..458.18 rows=115 width=4)
	        Index Cond: ((id >= 4029541) AND (id <= 4029640))

table 3 : explain SELECT SUM(k) FROM sbtest3 WHERE id BETWEEN 9904647 AND 9904746
	Aggregate  (cost=365.71..365.72 rows=1 width=8)
	  ->  Index Scan using sbtest3_pkey on sbtest3  (cost=0.43..365.48 rows=92 width=4)
	        Index Cond: ((id >= 9904647) AND (id <= 9904746))

table 4 : explain SELECT SUM(k) FROM sbtest4 WHERE id BETWEEN 4470259 AND 4470358
	Aggregate  (cost=353.81..353.82 rows=1 width=8)
	  ->  Index Scan using sbtest4_pkey on sbtest4  (cost=0.43..353.58 rows=89 width=4)
	        Index Cond: ((id >= 4470259) AND (id <= 4470358))

table 5 : explain SELECT SUM(k) FROM sbtest5 WHERE id BETWEEN 986193 AND 986292
	Aggregate  (cost=369.47..369.48 rows=1 width=8)
	  ->  Index Scan using sbtest5_pkey on sbtest5  (cost=0.43..369.24 rows=93 width=4)
	        Index Cond: ((id >= 986193) AND (id <= 986292))

table 6 : explain SELECT SUM(k) FROM sbtest6 WHERE id BETWEEN 3673828 AND 3673927
	Aggregate  (cost=420.40..420.41 rows=1 width=8)
	  ->  Index Scan using sbtest6_pkey on sbtest6  (cost=0.43..420.13 rows=106 width=4)
	        Index Cond: ((id >= 3673828) AND (id <= 3673927))

table 7 : explain SELECT SUM(k) FROM sbtest7 WHERE id BETWEEN 8669415 AND 8669514
	Aggregate  (cost=407.88..407.89 rows=1 width=8)
	  ->  Index Scan using sbtest7_pkey on sbtest7  (cost=0.43..407.62 rows=103 width=4)
	        Index Cond: ((id >= 8669415) AND (id <= 8669514))

table 8 : explain SELECT SUM(k) FROM sbtest8 WHERE id BETWEEN 941900 AND 941999
	Aggregate  (cost=402.36..402.37 rows=1 width=8)
	  ->  Index Scan using sbtest8_pkey on sbtest8  (cost=0.43..402.10 rows=102 width=4)
	        Index Cond: ((id >= 941900) AND (id <= 941999))

for: sum_ranges
table 1 : explain SELECT SUM(k) FROM sbtest1 WHERE id BETWEEN 4355417 AND 4355516
	Aggregate  (cost=384.36..384.37 rows=1 width=8)
	  ->  Index Scan using sbtest1_pkey on sbtest1  (cost=0.43..384.12 rows=97 width=4)
	        Index Cond: ((id >= 4355417) AND (id <= 4355516))

table 2 : explain SELECT SUM(k) FROM sbtest2 WHERE id BETWEEN 4736972 AND 4737071
	Aggregate  (cost=391.37..391.38 rows=1 width=8)
	  ->  Index Scan using sbtest2_pkey on sbtest2  (cost=0.43..391.13 rows=98 width=4)
	        Index Cond: ((id >= 4736972) AND (id <= 4737071))

table 3 : explain SELECT SUM(k) FROM sbtest3 WHERE id BETWEEN 7496558 AND 7496657
	Aggregate  (cost=416.73..416.74 rows=1 width=8)
	  ->  Index Scan using sbtest3_pkey on sbtest3  (cost=0.43..416.47 rows=105 width=4)
	        Index Cond: ((id >= 7496558) AND (id <= 7496657))

table 4 : explain SELECT SUM(k) FROM sbtest4 WHERE id BETWEEN 4431861 AND 4431960
	Aggregate  (cost=353.81..353.82 rows=1 width=8)
	  ->  Index Scan using sbtest4_pkey on sbtest4  (cost=0.43..353.58 rows=89 width=4)
	        Index Cond: ((id >= 4431861) AND (id <= 4431960))

table 5 : explain SELECT SUM(k) FROM sbtest5 WHERE id BETWEEN 9168112 AND 9168211
	Aggregate  (cost=436.19..436.20 rows=1 width=8)
	  ->  Index Scan using sbtest5_pkey on sbtest5  (cost=0.43..435.92 rows=110 width=4)
	        Index Cond: ((id >= 9168112) AND (id <= 9168211))

table 6 : explain SELECT SUM(k) FROM sbtest6 WHERE id BETWEEN 6735883 AND 6735982
	Aggregate  (cost=408.63..408.64 rows=1 width=8)
	  ->  Index Scan using sbtest6_pkey on sbtest6  (cost=0.43..408.37 rows=103 width=4)
	        Index Cond: ((id >= 6735883) AND (id <= 6735982))

table 7 : explain SELECT SUM(k) FROM sbtest7 WHERE id BETWEEN 7826745 AND 7826844
	Aggregate  (cost=400.05..400.06 rows=1 width=8)
	  ->  Index Scan using sbtest7_pkey on sbtest7  (cost=0.43..399.80 rows=101 width=4)
	        Index Cond: ((id >= 7826745) AND (id <= 7826844))

table 8 : explain SELECT SUM(k) FROM sbtest8 WHERE id BETWEEN 4592856 AND 4592955
	Aggregate  (cost=414.05..414.06 rows=1 width=8)
	  ->  Index Scan using sbtest8_pkey on sbtest8  (cost=0.43..413.79 rows=105 width=4)
	        Index Cond: ((id >= 4592856) AND (id <= 4592955))

for: distinct_ranges
table 1 : explain SELECT DISTINCT c FROM sbtest1 WHERE id BETWEEN 808374 AND 808473 ORDER BY c
	Unique  (cost=399.18..399.68 rows=100 width=121)
	  ->  Sort  (cost=399.18..399.43 rows=100 width=121)
	        Sort Key: c
	        ->  Index Scan using sbtest1_pkey on sbtest1  (cost=0.43..395.86 rows=100 width=121)
	              Index Cond: ((id >= 808374) AND (id <= 808473))

table 2 : explain SELECT DISTINCT c FROM sbtest2 WHERE id BETWEEN 2599339 AND 2599438 ORDER BY c
	Unique  (cost=426.25..426.78 rows=106 width=121)
	  ->  Sort  (cost=426.25..426.51 rows=106 width=121)
	        Sort Key: c
	        ->  Index Scan using sbtest2_pkey on sbtest2  (cost=0.43..422.68 rows=106 width=121)
	              Index Cond: ((id >= 2599339) AND (id <= 2599438))

table 3 : explain SELECT DISTINCT c FROM sbtest3 WHERE id BETWEEN 3718610 AND 3718709 ORDER BY c
	Unique  (cost=447.74..448.30 rows=112 width=121)
	  ->  Sort  (cost=447.74..448.02 rows=112 width=121)
	        Sort Key: c
	        ->  Index Scan using sbtest3_pkey on sbtest3  (cost=0.43..443.93 rows=112 width=121)
	              Index Cond: ((id >= 3718610) AND (id <= 3718709))

table 4 : explain SELECT DISTINCT c FROM sbtest4 WHERE id BETWEEN 7830666 AND 7830765 ORDER BY c
	Unique  (cost=372.31..372.77 rows=93 width=121)
	  ->  Sort  (cost=372.31..372.54 rows=93 width=121)
	        Sort Key: c
	        ->  Index Scan using sbtest4_pkey on sbtest4  (cost=0.43..369.27 rows=93 width=121)
	              Index Cond: ((id >= 7830666) AND (id <= 7830765))

table 5 : explain SELECT DISTINCT c FROM sbtest5 WHERE id BETWEEN 9308488 AND 9308587 ORDER BY c
	Unique  (cost=380.20..380.67 rows=95 width=121)
	  ->  Sort  (cost=380.20..380.44 rows=95 width=121)
	        Sort Key: c
	        ->  Index Scan using sbtest5_pkey on sbtest5  (cost=0.43..377.08 rows=95 width=121)
	              Index Cond: ((id >= 9308488) AND (id <= 9308587))

table 6 : explain SELECT DISTINCT c FROM sbtest6 WHERE id BETWEEN 1230406 AND 1230505 ORDER BY c
	Unique  (cost=451.42..451.99 rows=113 width=121)
	  ->  Sort  (cost=451.42..451.71 rows=113 width=121)
	        Sort Key: c
	        ->  Index Scan using sbtest6_pkey on sbtest6  (cost=0.43..447.57 rows=113 width=121)
	              Index Cond: ((id >= 1230406) AND (id <= 1230505))

table 7 : explain SELECT DISTINCT c FROM sbtest7 WHERE id BETWEEN 1977862 AND 1977961 ORDER BY c
	Unique  (cost=387.35..387.83 rows=97 width=121)
	  ->  Sort  (cost=387.35..387.59 rows=97 width=121)
	        Sort Key: c
	        ->  Index Scan using sbtest7_pkey on sbtest7  (cost=0.43..384.15 rows=97 width=121)
	              Index Cond: ((id >= 1977862) AND (id <= 1977961))

table 8 : explain SELECT DISTINCT c FROM sbtest8 WHERE id BETWEEN 3737926 AND 3738025 ORDER BY c
	Unique  (cost=393.69..394.19 rows=99 width=121)
	  ->  Sort  (cost=393.69..393.94 rows=99 width=121)
	        Sort Key: c
	        ->  Index Scan using sbtest8_pkey on sbtest8  (cost=0.43..390.41 rows=99 width=121)
	              Index Cond: ((id >= 3737926) AND (id <= 3738025))

for point_selects
table 1 : explain SELECT c FROM sbtest1 WHERE id=9127165
	Index Scan using sbtest1_pkey on sbtest1  (cost=0.43..8.45 rows=1 width=121)
	  Index Cond: (id = 9127165)

table 2 : explain SELECT c FROM sbtest2 WHERE id=577898
	Index Scan using sbtest2_pkey on sbtest2  (cost=0.43..8.45 rows=1 width=121)
	  Index Cond: (id = 577898)

table 3 : explain SELECT c FROM sbtest3 WHERE id=1431227
	Index Scan using sbtest3_pkey on sbtest3  (cost=0.43..8.45 rows=1 width=121)
	  Index Cond: (id = 1431227)

table 4 : explain SELECT c FROM sbtest4 WHERE id=4096908
	Index Scan using sbtest4_pkey on sbtest4  (cost=0.43..8.45 rows=1 width=121)
	  Index Cond: (id = 4096908)

table 5 : explain SELECT c FROM sbtest5 WHERE id=8338800
	Index Scan using sbtest5_pkey on sbtest5  (cost=0.43..8.45 rows=1 width=121)
	  Index Cond: (id = 8338800)

table 6 : explain SELECT c FROM sbtest6 WHERE id=2466085
	Index Scan using sbtest6_pkey on sbtest6  (cost=0.43..8.45 rows=1 width=121)
	  Index Cond: (id = 2466085)

table 7 : explain SELECT c FROM sbtest7 WHERE id=2605480
	Index Scan using sbtest7_pkey on sbtest7  (cost=0.43..8.45 rows=1 width=121)
	  Index Cond: (id = 2605480)

table 8 : explain SELECT c FROM sbtest8 WHERE id=5765578
	Index Scan using sbtest8_pkey on sbtest8  (cost=0.43..8.45 rows=1 width=121)
	  Index Cond: (id = 5765578)

explain: for point_selects :: explain SELECT c FROM sbtest%u WHERE id=%u
for: order_ranges
table 1 : explain SELECT c FROM sbtest1 WHERE id BETWEEN 4593480 AND 4593579 ORDER BY c
	Sort  (cost=351.72..351.94 rows=88 width=121)
	  Sort Key: c
	  ->  Index Scan using sbtest1_pkey on sbtest1  (cost=0.43..348.88 rows=88 width=121)
	        Index Cond: ((id >= 4593480) AND (id <= 4593579))

table 2 : explain SELECT c FROM sbtest2 WHERE id BETWEEN 8936536 AND 8936635 ORDER BY c
	Sort  (cost=378.41..378.65 rows=94 width=121)
	  Sort Key: c
	  ->  Index Scan using sbtest2_pkey on sbtest2  (cost=0.43..375.33 rows=94 width=121)
	        Index Cond: ((id >= 8936536) AND (id <= 8936635))

table 3 : explain SELECT c FROM sbtest3 WHERE id BETWEEN 599252 AND 599351 ORDER BY c
	Sort  (cost=408.10..408.36 rows=102 width=121)
	  Sort Key: c
	  ->  Index Scan using sbtest3_pkey on sbtest3  (cost=0.43..404.70 rows=102 width=121)
	        Index Cond: ((id >= 599252) AND (id <= 599351))

table 4 : explain SELECT c FROM sbtest4 WHERE id BETWEEN 3740638 AND 3740737 ORDER BY c
	Sort  (cost=411.92..412.18 rows=103 width=121)
	  Sort Key: c
	  ->  Index Scan using sbtest4_pkey on sbtest4  (cost=0.43..408.48 rows=103 width=121)
	        Index Cond: ((id >= 3740638) AND (id <= 3740737))

table 5 : explain SELECT c FROM sbtest5 WHERE id BETWEEN 3561794 AND 3561893 ORDER BY c
	Sort  (cost=384.16..384.40 rows=96 width=121)
	  Sort Key: c
	  ->  Index Scan using sbtest5_pkey on sbtest5  (cost=0.43..381.00 rows=96 width=121)
	        Index Cond: ((id >= 3561794) AND (id <= 3561893))

table 6 : explain SELECT c FROM sbtest6 WHERE id BETWEEN 4813007 AND 4813106 ORDER BY c
	Sort  (cost=380.11..380.34 rows=95 width=121)
	  Sort Key: c
	  ->  Index Scan using sbtest6_pkey on sbtest6  (cost=0.43..376.99 rows=95 width=121)
	        Index Cond: ((id >= 4813007) AND (id <= 4813106))

table 7 : explain SELECT c FROM sbtest7 WHERE id BETWEEN 1691370 AND 1691469 ORDER BY c
	Sort  (cost=383.40..383.64 rows=96 width=121)
	  Sort Key: c
	  ->  Index Scan using sbtest7_pkey on sbtest7  (cost=0.43..380.24 rows=96 width=121)
	        Index Cond: ((id >= 1691370) AND (id <= 1691469))

table 8 : explain SELECT c FROM sbtest8 WHERE id BETWEEN 9225921 AND 9226020 ORDER BY c
	Sort  (cost=421.25..421.52 rows=106 width=121)
	  Sort Key: c
	  ->  Index Scan using sbtest8_pkey on sbtest8  (cost=0.43..417.69 rows=106 width=121)
	        Index Cond: ((id >= 9225921) AND (id <= 9226020))

for: order_ranges
table 1 : explain SELECT c FROM sbtest1 WHERE id BETWEEN 1170177 AND 1170276 ORDER BY c
	Sort  (cost=407.08..407.34 rows=102 width=121)
	  Sort Key: c
	  ->  Index Scan using sbtest1_pkey on sbtest1  (cost=0.43..403.68 rows=102 width=121)
	        Index Cond: ((id >= 1170177) AND (id <= 1170276))

table 2 : explain SELECT c FROM sbtest2 WHERE id BETWEEN 4870403 AND 4870502 ORDER BY c
	Sort  (cost=398.35..398.60 rows=99 width=121)
	  Sort Key: c
	  ->  Index Scan using sbtest2_pkey on sbtest2  (cost=0.43..395.07 rows=99 width=121)
	        Index Cond: ((id >= 4870403) AND (id <= 4870502))

table 3 : explain SELECT c FROM sbtest3 WHERE id BETWEEN 3721879 AND 3721978 ORDER BY c
	Sort  (cost=447.74..448.02 rows=112 width=121)
	  Sort Key: c
	  ->  Index Scan using sbtest3_pkey on sbtest3  (cost=0.43..443.93 rows=112 width=121)
	        Index Cond: ((id >= 3721879) AND (id <= 3721978))

table 4 : explain SELECT c FROM sbtest4 WHERE id BETWEEN 3216211 AND 3216310 ORDER BY c
	Sort  (cost=392.12..392.36 rows=98 width=121)
	  Sort Key: c
	  ->  Index Scan using sbtest4_pkey on sbtest4  (cost=0.43..388.87 rows=98 width=121)
	        Index Cond: ((id >= 3216211) AND (id <= 3216310))

table 5 : explain SELECT c FROM sbtest5 WHERE id BETWEEN 4109884 AND 4109983 ORDER BY c
	Sort  (cost=392.08..392.33 rows=98 width=121)
	  Sort Key: c
	  ->  Index Scan using sbtest5_pkey on sbtest5  (cost=0.43..388.84 rows=98 width=121)
	        Index Cond: ((id >= 4109884) AND (id <= 4109983))

table 6 : explain SELECT c FROM sbtest6 WHERE id BETWEEN 6272615 AND 6272714 ORDER BY c
	Sort  (cost=388.05..388.29 rows=97 width=121)
	  Sort Key: c
	  ->  Index Scan using sbtest6_pkey on sbtest6  (cost=0.43..384.85 rows=97 width=121)
	        Index Cond: ((id >= 6272615) AND (id <= 6272714))

table 7 : explain SELECT c FROM sbtest7 WHERE id BETWEEN 2906328 AND 2906427 ORDER BY c
	Sort  (cost=387.35..387.59 rows=97 width=121)
	  Sort Key: c
	  ->  Index Scan using sbtest7_pkey on sbtest7  (cost=0.43..384.15 rows=97 width=121)
	        Index Cond: ((id >= 2906328) AND (id <= 2906427))

table 8 : explain SELECT c FROM sbtest8 WHERE id BETWEEN 5660942 AND 5661041 ORDER BY c
	Sort  (cost=358.26..358.49 rows=90 width=121)
	  Sort Key: c
	  ->  Index Scan using sbtest8_pkey on sbtest8  (cost=0.43..355.34 rows=90 width=121)
	        Index Cond: ((id >= 5660942) AND (id <= 5661041))

for: order_ranges
table 1 : explain SELECT c FROM sbtest1 WHERE id BETWEEN 7171460 AND 7171559 ORDER BY c
	Sort  (cost=403.13..403.38 rows=101 width=121)
	  Sort Key: c
	  ->  Index Scan using sbtest1_pkey on sbtest1  (cost=0.43..399.77 rows=101 width=121)
	        Index Cond: ((id >= 7171460) AND (id <= 7171559))

table 2 : explain SELECT c FROM sbtest2 WHERE id BETWEEN 1793950 AND 1794049 ORDER BY c
	Sort  (cost=362.47..362.70 rows=90 width=121)
	  Sort Key: c
	  ->  Index Scan using sbtest2_pkey on sbtest2  (cost=0.43..359.55 rows=90 width=121)
	        Index Cond: ((id >= 1793950) AND (id <= 1794049))

table 3 : explain SELECT c FROM sbtest3 WHERE id BETWEEN 9890780 AND 9890879 ORDER BY c
	Sort  (cost=368.48..368.71 rows=92 width=121)
	  Sort Key: c
	  ->  Index Scan using sbtest3_pkey on sbtest3  (cost=0.43..365.48 rows=92 width=121)
	        Index Cond: ((id >= 9890780) AND (id <= 9890879))

table 4 : explain SELECT c FROM sbtest4 WHERE id BETWEEN 6935738 AND 6935837 ORDER BY c
	Sort  (cost=407.96..408.22 rows=102 width=121)
	  Sort Key: c
	  ->  Index Scan using sbtest4_pkey on sbtest4  (cost=0.43..404.56 rows=102 width=121)
	        Index Cond: ((id >= 6935738) AND (id <= 6935837))

table 5 : explain SELECT c FROM sbtest5 WHERE id BETWEEN 149628 AND 149727 ORDER BY c
	Sort  (cost=403.99..404.24 rows=101 width=121)
	  Sort Key: c
	  ->  Index Scan using sbtest5_pkey on sbtest5  (cost=0.43..400.63 rows=101 width=121)
	        Index Cond: ((id >= 149628) AND (id <= 149727))

table 6 : explain SELECT c FROM sbtest6 WHERE id BETWEEN 6484353 AND 6484452 ORDER BY c
	Sort  (cost=356.35..356.57 rows=89 width=121)
	  Sort Key: c
	  ->  Index Scan using sbtest6_pkey on sbtest6  (cost=0.43..353.47 rows=89 width=121)
	        Index Cond: ((id >= 6484353) AND (id <= 6484452))

table 7 : explain SELECT c FROM sbtest7 WHERE id BETWEEN 9640723 AND 9640822 ORDER BY c
	Sort  (cost=422.93..423.19 rows=106 width=121)
	  Sort Key: c
	  ->  Index Scan using sbtest7_pkey on sbtest7  (cost=0.43..419.36 rows=106 width=121)
	        Index Cond: ((id >= 9640723) AND (id <= 9640822))

table 8 : explain SELECT c FROM sbtest8 WHERE id BETWEEN 3016294 AND 3016393 ORDER BY c
	Sort  (cost=397.63..397.88 rows=100 width=121)
	  Sort Key: c
	  ->  Index Scan using sbtest8_pkey on sbtest8  (cost=0.43..394.31 rows=100 width=121)
	        Index Cond: ((id >= 3016294) AND (id <= 3016393))

for point_selects
table 1 : explain SELECT c FROM sbtest1 WHERE id=6198424
	Index Scan using sbtest1_pkey on sbtest1  (cost=0.43..8.45 rows=1 width=121)
	  Index Cond: (id = 6198424)

table 2 : explain SELECT c FROM sbtest2 WHERE id=7059078
	Index Scan using sbtest2_pkey on sbtest2  (cost=0.43..8.45 rows=1 width=121)
	  Index Cond: (id = 7059078)

table 3 : explain SELECT c FROM sbtest3 WHERE id=8424201
	Index Scan using sbtest3_pkey on sbtest3  (cost=0.43..8.45 rows=1 width=121)
	  Index Cond: (id = 8424201)

table 4 : explain SELECT c FROM sbtest4 WHERE id=7306928
	Index Scan using sbtest4_pkey on sbtest4  (cost=0.43..8.45 rows=1 width=121)
	  Index Cond: (id = 7306928)

table 5 : explain SELECT c FROM sbtest5 WHERE id=7985247
	Index Scan using sbtest5_pkey on sbtest5  (cost=0.43..8.45 rows=1 width=121)
	  Index Cond: (id = 7985247)

table 6 : explain SELECT c FROM sbtest6 WHERE id=5383465
	Index Scan using sbtest6_pkey on sbtest6  (cost=0.43..8.45 rows=1 width=121)
	  Index Cond: (id = 5383465)

table 7 : explain SELECT c FROM sbtest7 WHERE id=6374440
	Index Scan using sbtest7_pkey on sbtest7  (cost=0.43..8.45 rows=1 width=121)
	  Index Cond: (id = 6374440)

table 8 : explain SELECT c FROM sbtest8 WHERE id=2973680
	Index Scan using sbtest8_pkey on sbtest8  (cost=0.43..8.45 rows=1 width=121)
	  Index Cond: (id = 2973680)

for: sum_ranges
table 1 : explain SELECT SUM(k) FROM sbtest1 WHERE id BETWEEN 2340825 AND 2340924
	Aggregate  (cost=411.77..411.78 rows=1 width=8)
	  ->  Index Scan using sbtest1_pkey on sbtest1  (cost=0.43..411.51 rows=104 width=4)
	        Index Cond: ((id >= 2340825) AND (id <= 2340924))

table 2 : explain SELECT SUM(k) FROM sbtest2 WHERE id BETWEEN 3515719 AND 3515818
	Aggregate  (cost=379.51..379.52 rows=1 width=8)
	  ->  Index Scan using sbtest2_pkey on sbtest2  (cost=0.43..379.27 rows=95 width=4)
	        Index Cond: ((id >= 3515719) AND (id <= 3515818))

table 3 : explain SELECT SUM(k) FROM sbtest3 WHERE id BETWEEN 5618779 AND 5618878
	Aggregate  (cost=428.51..428.52 rows=1 width=8)
	  ->  Index Scan using sbtest3_pkey on sbtest3  (cost=0.43..428.24 rows=108 width=4)
	        Index Cond: ((id >= 5618779) AND (id <= 5618878))

table 4 : explain SELECT SUM(k) FROM sbtest4 WHERE id BETWEEN 3286414 AND 3286513
	Aggregate  (cost=373.43..373.44 rows=1 width=8)
	  ->  Index Scan using sbtest4_pkey on sbtest4  (cost=0.43..373.19 rows=94 width=4)
	        Index Cond: ((id >= 3286414) AND (id <= 3286513))

table 5 : explain SELECT SUM(k) FROM sbtest5 WHERE id BETWEEN 9202677 AND 9202776
	Aggregate  (cost=369.47..369.48 rows=1 width=8)
	  ->  Index Scan using sbtest5_pkey on sbtest5  (cost=0.43..369.24 rows=93 width=4)
	        Index Cond: ((id >= 9202677) AND (id <= 9202776))

table 6 : explain SELECT SUM(k) FROM sbtest6 WHERE id BETWEEN 1371571 AND 1371670
	Aggregate  (cost=392.94..392.95 rows=1 width=8)
	  ->  Index Scan using sbtest6_pkey on sbtest6  (cost=0.43..392.69 rows=99 width=4)
	        Index Cond: ((id >= 1371571) AND (id <= 1371670))

table 7 : explain SELECT SUM(k) FROM sbtest7 WHERE id BETWEEN 4703444 AND 4703543
	Aggregate  (cost=349.13..349.14 rows=1 width=8)
	  ->  Index Scan using sbtest7_pkey on sbtest7  (cost=0.43..348.91 rows=88 width=4)
	        Index Cond: ((id >= 4703444) AND (id <= 4703543))

table 8 : explain SELECT SUM(k) FROM sbtest8 WHERE id BETWEEN 5702916 AND 5703015
	Aggregate  (cost=355.57..355.58 rows=1 width=8)
	  ->  Index Scan using sbtest8_pkey on sbtest8  (cost=0.43..355.34 rows=90 width=4)
	        Index Cond: ((id >= 5702916) AND (id <= 5703015))

for: sum_ranges
table 1 : explain SELECT SUM(k) FROM sbtest1 WHERE id BETWEEN 4461003 AND 4461102
	Aggregate  (cost=407.85..407.86 rows=1 width=8)
	  ->  Index Scan using sbtest1_pkey on sbtest1  (cost=0.43..407.59 rows=103 width=4)
	        Index Cond: ((id >= 4461003) AND (id <= 4461102))

table 2 : explain SELECT SUM(k) FROM sbtest2 WHERE id BETWEEN 6926515 AND 6926614
	Aggregate  (cost=383.48..383.49 rows=1 width=8)
	  ->  Index Scan using sbtest2_pkey on sbtest2  (cost=0.43..383.24 rows=96 width=4)
	        Index Cond: ((id >= 6926515) AND (id <= 6926614))

table 3 : explain SELECT SUM(k) FROM sbtest3 WHERE id BETWEEN 743055 AND 743154
	Aggregate  (cost=353.91..353.92 rows=1 width=8)
	  ->  Index Scan using sbtest3_pkey on sbtest3  (cost=0.43..353.68 rows=89 width=4)
	        Index Cond: ((id >= 743055) AND (id <= 743154))

table 4 : explain SELECT SUM(k) FROM sbtest4 WHERE id BETWEEN 7175093 AND 7175192
	Aggregate  (cost=412.66..412.67 rows=1 width=8)
	  ->  Index Scan using sbtest4_pkey on sbtest4  (cost=0.43..412.40 rows=104 width=4)
	        Index Cond: ((id >= 7175093) AND (id <= 7175192))

table 5 : explain SELECT SUM(k) FROM sbtest5 WHERE id BETWEEN 8992790 AND 8992889
	Aggregate  (cost=408.73..408.74 rows=1 width=8)
	  ->  Index Scan using sbtest5_pkey on sbtest5  (cost=0.43..408.47 rows=103 width=4)
	        Index Cond: ((id >= 8992790) AND (id <= 8992889))

table 6 : explain SELECT SUM(k) FROM sbtest6 WHERE id BETWEEN 7855974 AND 7856073
	Aggregate  (cost=389.02..389.03 rows=1 width=8)
	  ->  Index Scan using sbtest6_pkey on sbtest6  (cost=0.43..388.77 rows=98 width=4)
	        Index Cond: ((id >= 7855974) AND (id <= 7856073))

table 7 : explain SELECT SUM(k) FROM sbtest7 WHERE id BETWEEN 4433076 AND 4433175
	Aggregate  (cost=388.31..388.32 rows=1 width=8)
	  ->  Index Scan using sbtest7_pkey on sbtest7  (cost=0.43..388.06 rows=98 width=4)
	        Index Cond: ((id >= 4433076) AND (id <= 4433175))

table 8 : explain SELECT SUM(k) FROM sbtest8 WHERE id BETWEEN 7942200 AND 7942299
	Aggregate  (cost=425.75..425.76 rows=1 width=8)
	  ->  Index Scan using sbtest8_pkey on sbtest8  (cost=0.43..425.48 rows=108 width=4)
	        Index Cond: ((id >= 7942200) AND (id <= 7942299))

for: simple_ranges
table 1 : explain SELECT c FROM sbtest1 WHERE id BETWEEN 459879 AND 459978
	Index Scan using sbtest1_pkey on sbtest1  (cost=0.43..395.86 rows=100 width=121)
	  Index Cond: ((id >= 459879) AND (id <= 459978))

table 2 : explain SELECT c FROM sbtest2 WHERE id BETWEEN 7509296 AND 7509395
	Index Scan using sbtest2_pkey on sbtest2  (cost=0.43..399.02 rows=100 width=121)
	  Index Cond: ((id >= 7509296) AND (id <= 7509395))

table 3 : explain SELECT c FROM sbtest3 WHERE id BETWEEN 5014614 AND 5014713
	Index Scan using sbtest3_pkey on sbtest3  (cost=0.43..432.16 rows=109 width=121)
	  Index Cond: ((id >= 5014614) AND (id <= 5014713))

table 4 : explain SELECT c FROM sbtest4 WHERE id BETWEEN 8495383 AND 8495482
	Index Scan using sbtest4_pkey on sbtest4  (cost=0.43..388.87 rows=98 width=121)
	  Index Cond: ((id >= 8495383) AND (id <= 8495482))

table 5 : explain SELECT c FROM sbtest5 WHERE id BETWEEN 3658703 AND 3658802
	Index Scan using sbtest5_pkey on sbtest5  (cost=0.43..377.08 rows=95 width=121)
	  Index Cond: ((id >= 3658703) AND (id <= 3658802))

table 6 : explain SELECT c FROM sbtest6 WHERE id BETWEEN 2675836 AND 2675935
	Index Scan using sbtest6_pkey on sbtest6  (cost=0.43..404.45 rows=102 width=121)
	  Index Cond: ((id >= 2675836) AND (id <= 2675935))

table 7 : explain SELECT c FROM sbtest7 WHERE id BETWEEN 7665907 AND 7666006
	Index Scan using sbtest7_pkey on sbtest7  (cost=0.43..403.71 rows=102 width=121)
	  Index Cond: ((id >= 7665907) AND (id <= 7666006))

table 8 : explain SELECT c FROM sbtest8 WHERE id BETWEEN 5593022 AND 5593121
	Index Scan using sbtest8_pkey on sbtest8  (cost=0.43..437.17 rows=111 width=121)
	  Index Cond: ((id >= 5593022) AND (id <= 5593121))

for: distinct_ranges
table 1 : explain SELECT DISTINCT c FROM sbtest1 WHERE id BETWEEN 4878757 AND 4878856 ORDER BY c
	Unique  (cost=411.04..411.55 rows=103 width=121)
	  ->  Sort  (cost=411.04..411.29 rows=103 width=121)
	        Sort Key: c
	        ->  Index Scan using sbtest1_pkey on sbtest1  (cost=0.43..407.59 rows=103 width=121)
	              Index Cond: ((id >= 4878757) AND (id <= 4878856))

table 2 : explain SELECT DISTINCT c FROM sbtest2 WHERE id BETWEEN 4315529 AND 4315628 ORDER BY c
	Unique  (cost=406.32..406.83 rows=101 width=121)
	  ->  Sort  (cost=406.32..406.58 rows=101 width=121)
	        Sort Key: c
	        ->  Index Scan using sbtest2_pkey on sbtest2  (cost=0.43..402.96 rows=101 width=121)
	              Index Cond: ((id >= 4315529) AND (id <= 4315628))

table 3 : explain SELECT DISTINCT c FROM sbtest3 WHERE id BETWEEN 6713507 AND 6713606 ORDER BY c
	Unique  (cost=344.68..345.11 rows=86 width=121)
	  ->  Sort  (cost=344.68..344.90 rows=86 width=121)
	        Sort Key: c
	        ->  Index Scan using sbtest3_pkey on sbtest3  (cost=0.43..341.92 rows=86 width=121)
	              Index Cond: ((id >= 6713507) AND (id <= 6713606))

table 4 : explain SELECT DISTINCT c FROM sbtest4 WHERE id BETWEEN 4445123 AND 4445222 ORDER BY c
	Unique  (cost=356.47..356.91 rows=89 width=121)
	  ->  Sort  (cost=356.47..356.69 rows=89 width=121)
	        Sort Key: c
	        ->  Index Scan using sbtest4_pkey on sbtest4  (cost=0.43..353.58 rows=89 width=121)
	              Index Cond: ((id >= 4445123) AND (id <= 4445222))

table 5 : explain SELECT DISTINCT c FROM sbtest5 WHERE id BETWEEN 6267719 AND 6267818 ORDER BY c
	Unique  (cost=407.95..408.46 rows=102 width=121)
	  ->  Sort  (cost=407.95..408.21 rows=102 width=121)
	        Sort Key: c
	        ->  Index Scan using sbtest5_pkey on sbtest5  (cost=0.43..404.55 rows=102 width=121)
	              Index Cond: ((id >= 6267719) AND (id <= 6267818))

table 6 : explain SELECT DISTINCT c FROM sbtest6 WHERE id BETWEEN 7224299 AND 7224398 ORDER BY c
	Unique  (cost=399.93..400.43 rows=100 width=121)
	  ->  Sort  (cost=399.93..400.18 rows=100 width=121)
	        Sort Key: c
	        ->  Index Scan using sbtest6_pkey on sbtest6  (cost=0.43..396.61 rows=100 width=121)
	              Index Cond: ((id >= 7224299) AND (id <= 7224398))

table 7 : explain SELECT DISTINCT c FROM sbtest7 WHERE id BETWEEN 9200977 AND 9201076 ORDER BY c
	Unique  (cost=371.54..372.00 rows=93 width=121)
	  ->  Sort  (cost=371.54..371.77 rows=93 width=121)
	        Sort Key: c
	        ->  Index Scan using sbtest7_pkey on sbtest7  (cost=0.43..368.50 rows=93 width=121)
	              Index Cond: ((id >= 9200977) AND (id <= 9201076))

table 8 : explain SELECT DISTINCT c FROM sbtest8 WHERE id BETWEEN 1869850 AND 1869949 ORDER BY c
	Unique  (cost=393.69..394.19 rows=99 width=121)
	  ->  Sort  (cost=393.69..393.94 rows=99 width=121)
	        Sort Key: c
	        ->  Index Scan using sbtest8_pkey on sbtest8  (cost=0.43..390.41 rows=99 width=121)
	              Index Cond: ((id >= 1869850) AND (id <= 1869949))

for: distinct_ranges
table 1 : explain SELECT DISTINCT c FROM sbtest1 WHERE id BETWEEN 6315846 AND 6315945 ORDER BY c
	Unique  (cost=395.23..395.72 rows=99 width=121)
	  ->  Sort  (cost=395.23..395.47 rows=99 width=121)
	        Sort Key: c
	        ->  Index Scan using sbtest1_pkey on sbtest1  (cost=0.43..391.94 rows=99 width=121)
	              Index Cond: ((id >= 6315846) AND (id <= 6315945))

table 2 : explain SELECT DISTINCT c FROM sbtest2 WHERE id BETWEEN 6605612 AND 6605711 ORDER BY c
	Unique  (cost=458.13..458.70 rows=114 width=121)
	  ->  Sort  (cost=458.13..458.42 rows=114 width=121)
	        Sort Key: c
	        ->  Index Scan using sbtest2_pkey on sbtest2  (cost=0.43..454.24 rows=114 width=121)
	              Index Cond: ((id >= 6605612) AND (id <= 6605711))

table 3 : explain SELECT DISTINCT c FROM sbtest3 WHERE id BETWEEN 25882 AND 25981 ORDER BY c
	Unique  (cost=404.14..404.65 rows=101 width=121)
	  ->  Sort  (cost=404.14..404.39 rows=101 width=121)
	        Sort Key: c
	        ->  Index Scan using sbtest3_pkey on sbtest3  (cost=0.43..400.78 rows=101 width=121)
	              Index Cond: ((id >= 25882) AND (id <= 25981))

table 4 : explain SELECT DISTINCT c FROM sbtest4 WHERE id BETWEEN 2342957 AND 2343056 ORDER BY c
	Unique  (cost=404.00..404.51 rows=101 width=121)
	  ->  Sort  (cost=404.00..404.25 rows=101 width=121)
	        Sort Key: c
	        ->  Index Scan using sbtest4_pkey on sbtest4  (cost=0.43..400.64 rows=101 width=121)
	              Index Cond: ((id >= 2342957) AND (id <= 2343056))

table 5 : explain SELECT DISTINCT c FROM sbtest5 WHERE id BETWEEN 9731968 AND 9732067 ORDER BY c
	Unique  (cost=407.95..408.46 rows=102 width=121)
	  ->  Sort  (cost=407.95..408.21 rows=102 width=121)
	        Sort Key: c
	        ->  Index Scan using sbtest5_pkey on sbtest5  (cost=0.43..404.55 rows=102 width=121)
	              Index Cond: ((id >= 9731968) AND (id <= 9732067))

table 6 : explain SELECT DISTINCT c FROM sbtest6 WHERE id BETWEEN 6256214 AND 6256313 ORDER BY c
	Unique  (cost=388.05..388.54 rows=97 width=121)
	  ->  Sort  (cost=388.05..388.29 rows=97 width=121)
	        Sort Key: c
	        ->  Index Scan using sbtest6_pkey on sbtest6  (cost=0.43..384.85 rows=97 width=121)
	              Index Cond: ((id >= 6256214) AND (id <= 6256313))

table 7 : explain SELECT DISTINCT c FROM sbtest7 WHERE id BETWEEN 1006784 AND 1006883 ORDER BY c
	Unique  (cost=375.49..375.96 rows=94 width=121)
	  ->  Sort  (cost=375.49..375.73 rows=94 width=121)
	        Sort Key: c
	        ->  Index Scan using sbtest7_pkey on sbtest7  (cost=0.43..372.41 rows=94 width=121)
	              Index Cond: ((id >= 1006784) AND (id <= 1006883))

table 8 : explain SELECT DISTINCT c FROM sbtest8 WHERE id BETWEEN 672661 AND 672760 ORDER BY c
	Unique  (cost=401.57..402.07 rows=101 width=121)
	  ->  Sort  (cost=401.57..401.82 rows=101 width=121)
	        Sort Key: c
	        ->  Index Scan using sbtest8_pkey on sbtest8  (cost=0.43..398.20 rows=101 width=121)
	              Index Cond: ((id >= 672661) AND (id <= 672760))

for: order_ranges
table 1 : explain SELECT c FROM sbtest1 WHERE id BETWEEN 8793844 AND 8793943 ORDER BY c
	Sort  (cost=375.44..375.67 rows=94 width=121)
	  Sort Key: c
	  ->  Index Scan using sbtest1_pkey on sbtest1  (cost=0.43..372.36 rows=94 width=121)
	        Index Cond: ((id >= 8793844) AND (id <= 8793943))

table 2 : explain SELECT c FROM sbtest2 WHERE id BETWEEN 6035596 AND 6035695 ORDER BY c
	Sort  (cost=430.23..430.50 rows=107 width=121)
	  Sort Key: c
	  ->  Index Scan using sbtest2_pkey on sbtest2  (cost=0.43..426.63 rows=107 width=121)
	        Index Cond: ((id >= 6035596) AND (id <= 6035695))

table 3 : explain SELECT c FROM sbtest3 WHERE id BETWEEN 2456491 AND 2456590 ORDER BY c
	Sort  (cost=412.07..412.32 rows=103 width=121)
	  Sort Key: c
	  ->  Index Scan using sbtest3_pkey on sbtest3  (cost=0.43..408.62 rows=103 width=121)
	        Index Cond: ((id >= 2456491) AND (id <= 2456590))

table 4 : explain SELECT c FROM sbtest4 WHERE id BETWEEN 6342277 AND 6342376 ORDER BY c
	Sort  (cost=396.08..396.32 rows=99 width=121)
	  Sort Key: c
	  ->  Index Scan using sbtest4_pkey on sbtest4  (cost=0.43..392.80 rows=99 width=121)
	        Index Cond: ((id >= 6342277) AND (id <= 6342376))

table 5 : explain SELECT c FROM sbtest5 WHERE id BETWEEN 5844339 AND 5844438 ORDER BY c
	Sort  (cost=372.28..372.51 rows=93 width=121)
	  Sort Key: c
	  ->  Index Scan using sbtest5_pkey on sbtest5  (cost=0.43..369.24 rows=93 width=121)
	        Index Cond: ((id >= 5844339) AND (id <= 5844438))

table 6 : explain SELECT c FROM sbtest6 WHERE id BETWEEN 1188596 AND 1188695 ORDER BY c
	Sort  (cost=380.13..380.37 rows=95 width=121)
	  Sort Key: c
	  ->  Index Scan using sbtest6_pkey on sbtest6  (cost=0.43..377.01 rows=95 width=121)
	        Index Cond: ((id >= 1188596) AND (id <= 1188695))

table 7 : explain SELECT c FROM sbtest7 WHERE id BETWEEN 9063947 AND 9064046 ORDER BY c
	Sort  (cost=418.98..419.24 rows=105 width=121)
	  Sort Key: c
	  ->  Index Scan using sbtest7_pkey on sbtest7  (cost=0.43..415.45 rows=105 width=121)
	        Index Cond: ((id >= 9063947) AND (id <= 9064046))

table 8 : explain SELECT c FROM sbtest8 WHERE id BETWEEN 7288113 AND 7288212 ORDER BY c
	Sort  (cost=405.50..405.76 rows=102 width=121)
	  Sort Key: c
	  ->  Index Scan using sbtest8_pkey on sbtest8  (cost=0.43..402.10 rows=102 width=121)
	        Index Cond: ((id >= 7288113) AND (id <= 7288212))

for: distinct_ranges
table 1 : explain SELECT DISTINCT c FROM sbtest1 WHERE id BETWEEN 4204277 AND 4204376 ORDER BY c
	Unique  (cost=442.66..443.22 rows=111 width=121)
	  ->  Sort  (cost=442.66..442.94 rows=111 width=121)
	        Sort Key: c
	        ->  Index Scan using sbtest1_pkey on sbtest1  (cost=0.43..438.89 rows=111 width=121)
	              Index Cond: ((id >= 4204277) AND (id <= 4204376))

table 2 : explain SELECT DISTINCT c FROM sbtest2 WHERE id BETWEEN 6022995 AND 6023094 ORDER BY c
	Unique  (cost=430.23..430.77 rows=107 width=121)
	  ->  Sort  (cost=430.23..430.50 rows=107 width=121)
	        Sort Key: c
	        ->  Index Scan using sbtest2_pkey on sbtest2  (cost=0.43..426.63 rows=107 width=121)
	              Index Cond: ((id >= 6022995) AND (id <= 6023094))

table 3 : explain SELECT DISTINCT c FROM sbtest3 WHERE id BETWEEN 5439888 AND 5439987 ORDER BY c
	Unique  (cost=392.25..392.74 rows=98 width=121)
	  ->  Sort  (cost=392.25..392.50 rows=98 width=121)
	        Sort Key: c
	        ->  Index Scan using sbtest3_pkey on sbtest3  (cost=0.43..389.01 rows=98 width=121)
	              Index Cond: ((id >= 5439888) AND (id <= 5439987))

table 4 : explain SELECT DISTINCT c FROM sbtest4 WHERE id BETWEEN 9310461 AND 9310560 ORDER BY c
	Unique  (cost=419.85..420.37 rows=105 width=121)
	  ->  Sort  (cost=419.85..420.11 rows=105 width=121)
	        Sort Key: c
	        ->  Index Scan using sbtest4_pkey on sbtest4  (cost=0.43..416.32 rows=105 width=121)
	              Index Cond: ((id >= 9310461) AND (id <= 9310560))

table 5 : explain SELECT DISTINCT c FROM sbtest5 WHERE id BETWEEN 6092795 AND 6092894 ORDER BY c
	Unique  (cost=372.28..372.74 rows=93 width=121)
	  ->  Sort  (cost=372.28..372.51 rows=93 width=121)
	        Sort Key: c
	        ->  Index Scan using sbtest5_pkey on sbtest5  (cost=0.43..369.24 rows=93 width=121)
	              Index Cond: ((id >= 6092795) AND (id <= 6092894))

table 6 : explain SELECT DISTINCT c FROM sbtest6 WHERE id BETWEEN 4403273 AND 4403372 ORDER BY c
	Unique  (cost=431.62..432.16 rows=108 width=121)
	  ->  Sort  (cost=431.62..431.89 rows=108 width=121)
	        Sort Key: c
	        ->  Index Scan using sbtest6_pkey on sbtest6  (cost=0.43..427.97 rows=108 width=121)
	              Index Cond: ((id >= 4403273) AND (id <= 4403372))

table 7 : explain SELECT DISTINCT c FROM sbtest7 WHERE id BETWEEN 8536813 AND 8536912 ORDER BY c
	Unique  (cost=363.63..364.09 rows=91 width=121)
	  ->  Sort  (cost=363.63..363.86 rows=91 width=121)
	        Sort Key: c
	        ->  Index Scan using sbtest7_pkey on sbtest7  (cost=0.43..360.67 rows=91 width=121)
	              Index Cond: ((id >= 8536813) AND (id <= 8536912))

table 8 : explain SELECT DISTINCT c FROM sbtest8 WHERE id BETWEEN 7579246 AND 7579345 ORDER BY c
	Unique  (cost=425.19..425.73 rows=107 width=121)
	  ->  Sort  (cost=425.19..425.46 rows=107 width=121)
	        Sort Key: c
	        ->  Index Scan using sbtest8_pkey on sbtest8  (cost=0.43..421.58 rows=107 width=121)
	              Index Cond: ((id >= 7579246) AND (id <= 7579345))

for: distinct_ranges
table 1 : explain SELECT DISTINCT c FROM sbtest1 WHERE id BETWEEN 8811233 AND 8811332 ORDER BY c
	Unique  (cost=375.44..375.91 rows=94 width=121)
	  ->  Sort  (cost=375.44..375.67 rows=94 width=121)
	        Sort Key: c
	        ->  Index Scan using sbtest1_pkey on sbtest1  (cost=0.43..372.36 rows=94 width=121)
	              Index Cond: ((id >= 8811233) AND (id <= 8811332))

table 2 : explain SELECT DISTINCT c FROM sbtest2 WHERE id BETWEEN 5512179 AND 5512278 ORDER BY c
	Unique  (cost=430.23..430.77 rows=107 width=121)
	  ->  Sort  (cost=430.23..430.50 rows=107 width=121)
	        Sort Key: c
	        ->  Index Scan using sbtest2_pkey on sbtest2  (cost=0.43..426.63 rows=107 width=121)
	              Index Cond: ((id >= 5512179) AND (id <= 5512278))

table 3 : explain SELECT DISTINCT c FROM sbtest3 WHERE id BETWEEN 258783 AND 258882 ORDER BY c
	Unique  (cost=431.88..432.42 rows=108 width=121)
	  ->  Sort  (cost=431.88..432.15 rows=108 width=121)
	        Sort Key: c
	        ->  Index Scan using sbtest3_pkey on sbtest3  (cost=0.43..428.24 rows=108 width=121)
	              Index Cond: ((id >= 258783) AND (id <= 258882))

table 4 : explain SELECT DISTINCT c FROM sbtest4 WHERE id BETWEEN 6202703 AND 6202802 ORDER BY c
	Unique  (cost=376.27..376.74 rows=94 width=121)
	  ->  Sort  (cost=376.27..376.51 rows=94 width=121)
	        Sort Key: c
	        ->  Index Scan using sbtest4_pkey on sbtest4  (cost=0.43..373.19 rows=94 width=121)
	              Index Cond: ((id >= 6202703) AND (id <= 6202802))

table 5 : explain SELECT DISTINCT c FROM sbtest5 WHERE id BETWEEN 4597595 AND 4597694 ORDER BY c
	Unique  (cost=407.95..408.46 rows=102 width=121)
	  ->  Sort  (cost=407.95..408.21 rows=102 width=121)
	        Sort Key: c
	        ->  Index Scan using sbtest5_pkey on sbtest5  (cost=0.43..404.55 rows=102 width=121)
	              Index Cond: ((id >= 4597595) AND (id <= 4597694))

table 6 : explain SELECT DISTINCT c FROM sbtest6 WHERE id BETWEEN 9619127 AND 9619226 ORDER BY c
	Unique  (cost=395.97..396.47 rows=99 width=121)
	  ->  Sort  (cost=395.97..396.22 rows=99 width=121)
	        Sort Key: c
	        ->  Index Scan using sbtest6_pkey on sbtest6  (cost=0.43..392.69 rows=99 width=121)
	              Index Cond: ((id >= 9619127) AND (id <= 9619226))

table 7 : explain SELECT DISTINCT c FROM sbtest7 WHERE id BETWEEN 460527 AND 460626 ORDER BY c
	Unique  (cost=438.74..439.29 rows=110 width=121)
	  ->  Sort  (cost=438.74..439.02 rows=110 width=121)
	        Sort Key: c
	        ->  Index Scan using sbtest7_pkey on sbtest7  (cost=0.43..435.01 rows=110 width=121)
	              Index Cond: ((id >= 460527) AND (id <= 460626))

table 8 : explain SELECT DISTINCT c FROM sbtest8 WHERE id BETWEEN 3184828 AND 3184927 ORDER BY c
	Unique  (cost=385.82..386.30 rows=97 width=121)
	  ->  Sort  (cost=385.82..386.06 rows=97 width=121)
	        Sort Key: c
	        ->  Index Scan using sbtest8_pkey on sbtest8  (cost=0.43..382.62 rows=97 width=121)
	              Index Cond: ((id >= 3184828) AND (id <= 3184927))

for: order_ranges
table 1 : explain SELECT c FROM sbtest1 WHERE id BETWEEN 6432075 AND 6432174 ORDER BY c
	Sort  (cost=383.37..383.61 rows=96 width=121)
	  Sort Key: c
	  ->  Index Scan using sbtest1_pkey on sbtest1  (cost=0.43..380.21 rows=96 width=121)
	        Index Cond: ((id >= 6432075) AND (id <= 6432174))

table 2 : explain SELECT c FROM sbtest2 WHERE id BETWEEN 1216488 AND 1216587 ORDER BY c
	Sort  (cost=414.29..414.55 rows=103 width=121)
	  Sort Key: c
	  ->  Index Scan using sbtest2_pkey on sbtest2  (cost=0.43..410.85 rows=103 width=121)
	        Index Cond: ((id >= 1216488) AND (id <= 1216587))

table 3 : explain SELECT c FROM sbtest3 WHERE id BETWEEN 7324612 AND 7324711 ORDER BY c
	Sort  (cost=400.18..400.43 rows=100 width=121)
	  Sort Key: c
	  ->  Index Scan using sbtest3_pkey on sbtest3  (cost=0.43..396.86 rows=100 width=121)
	        Index Cond: ((id >= 7324612) AND (id <= 7324711))

table 4 : explain SELECT c FROM sbtest4 WHERE id BETWEEN 5000105 AND 5000204 ORDER BY c
	Sort  (cost=384.19..384.43 rows=96 width=121)
	  Sort Key: c
	  ->  Index Scan using sbtest4_pkey on sbtest4  (cost=0.43..381.03 rows=96 width=121)
	        Index Cond: ((id >= 5000105) AND (id <= 5000204))

table 5 : explain SELECT c FROM sbtest5 WHERE id BETWEEN 9994046 AND 9994145 ORDER BY c
	Sort  (cost=376.24..376.47 rows=94 width=121)
	  Sort Key: c
	  ->  Index Scan using sbtest5_pkey on sbtest5  (cost=0.43..373.16 rows=94 width=121)
	        Index Cond: ((id >= 9994046) AND (id <= 9994145))

table 6 : explain SELECT c FROM sbtest6 WHERE id BETWEEN 9027435 AND 9027534 ORDER BY c
	Sort  (cost=411.81..412.07 rows=103 width=121)
	  Sort Key: c
	  ->  Index Scan using sbtest6_pkey on sbtest6  (cost=0.43..408.37 rows=103 width=121)
	        Index Cond: ((id >= 9027435) AND (id <= 9027534))

table 7 : explain SELECT c FROM sbtest7 WHERE id BETWEEN 6072984 AND 6073083 ORDER BY c
	Sort  (cost=367.59..367.82 rows=92 width=121)
	  Sort Key: c
	  ->  Index Scan using sbtest7_pkey on sbtest7  (cost=0.43..364.59 rows=92 width=121)
	        Index Cond: ((id >= 6072984) AND (id <= 6073083))

table 8 : explain SELECT c FROM sbtest8 WHERE id BETWEEN 3124662 AND 3124761 ORDER BY c
	Sort  (cost=385.82..386.06 rows=97 width=121)
	  Sort Key: c
	  ->  Index Scan using sbtest8_pkey on sbtest8  (cost=0.43..382.62 rows=97 width=121)
	        Index Cond: ((id >= 3124662) AND (id <= 3124761))

for: order_ranges
table 1 : explain SELECT c FROM sbtest1 WHERE id BETWEEN 448705 AND 448804 ORDER BY c
	Sort  (cost=399.18..399.43 rows=100 width=121)
	  Sort Key: c
	  ->  Index Scan using sbtest1_pkey on sbtest1  (cost=0.43..395.86 rows=100 width=121)
	        Index Cond: ((id >= 448705) AND (id <= 448804))

table 2 : explain SELECT c FROM sbtest2 WHERE id BETWEEN 2311201 AND 2311300 ORDER BY c
	Sort  (cost=394.37..394.61 rows=98 width=121)
	  Sort Key: c
	  ->  Index Scan using sbtest2_pkey on sbtest2  (cost=0.43..391.13 rows=98 width=121)
	        Index Cond: ((id >= 2311201) AND (id <= 2311300))

table 3 : explain SELECT c FROM sbtest3 WHERE id BETWEEN 1776458 AND 1776557 ORDER BY c
	Sort  (cost=431.88..432.15 rows=108 width=121)
	  Sort Key: c
	  ->  Index Scan using sbtest3_pkey on sbtest3  (cost=0.43..428.24 rows=108 width=121)
	        Index Cond: ((id >= 1776458) AND (id <= 1776557))

table 4 : explain SELECT c FROM sbtest4 WHERE id BETWEEN 8045057 AND 8045156 ORDER BY c
	Sort  (cost=443.62..443.90 rows=111 width=121)
	  Sort Key: c
	  ->  Index Scan using sbtest4_pkey on sbtest4  (cost=0.43..439.85 rows=111 width=121)
	        Index Cond: ((id >= 8045057) AND (id <= 8045156))

table 5 : explain SELECT c FROM sbtest5 WHERE id BETWEEN 6859819 AND 6859918 ORDER BY c
	Sort  (cost=396.07..396.32 rows=99 width=121)
	  Sort Key: c
	  ->  Index Scan using sbtest5_pkey on sbtest5  (cost=0.43..392.79 rows=99 width=121)
	        Index Cond: ((id >= 6859819) AND (id <= 6859918))

table 6 : explain SELECT c FROM sbtest6 WHERE id BETWEEN 953030 AND 953129 ORDER BY c
	Sort  (cost=380.13..380.37 rows=95 width=121)
	  Sort Key: c
	  ->  Index Scan using sbtest6_pkey on sbtest6  (cost=0.43..377.01 rows=95 width=121)
	        Index Cond: ((id >= 953030) AND (id <= 953129))

table 7 : explain SELECT c FROM sbtest7 WHERE id BETWEEN 3472398 AND 3472497 ORDER BY c
	Sort  (cost=383.40..383.64 rows=96 width=121)
	  Sort Key: c
	  ->  Index Scan using sbtest7_pkey on sbtest7  (cost=0.43..380.24 rows=96 width=121)
	        Index Cond: ((id >= 3472398) AND (id <= 3472497))

table 8 : explain SELECT c FROM sbtest8 WHERE id BETWEEN 970141 AND 970240 ORDER BY c
	Sort  (cost=405.50..405.76 rows=102 width=121)
	  Sort Key: c
	  ->  Index Scan using sbtest8_pkey on sbtest8  (cost=0.43..402.10 rows=102 width=121)
	        Index Cond: ((id >= 970141) AND (id <= 970240))

for: sum_ranges
table 1 : explain SELECT SUM(k) FROM sbtest1 WHERE id BETWEEN 6525294 AND 6525393
	Aggregate  (cost=439.17..439.18 rows=1 width=8)
	  ->  Index Scan using sbtest1_pkey on sbtest1  (cost=0.43..438.89 rows=111 width=4)
	        Index Cond: ((id >= 6525294) AND (id <= 6525393))

table 2 : explain SELECT SUM(k) FROM sbtest2 WHERE id BETWEEN 3358577 AND 3358676
	Aggregate  (cost=336.10..336.11 rows=1 width=8)
	  ->  Index Scan using sbtest2_pkey on sbtest2  (cost=0.43..335.89 rows=84 width=4)
	        Index Cond: ((id >= 3358577) AND (id <= 3358676))

table 3 : explain SELECT SUM(k) FROM sbtest3 WHERE id BETWEEN 1406615 AND 1406714
	Aggregate  (cost=389.26..389.27 rows=1 width=8)
	  ->  Index Scan using sbtest3_pkey on sbtest3  (cost=0.43..389.01 rows=98 width=4)
	        Index Cond: ((id >= 1406615) AND (id <= 1406714))

table 4 : explain SELECT SUM(k) FROM sbtest4 WHERE id BETWEEN 7480936 AND 7481035
	Aggregate  (cost=428.36..428.37 rows=1 width=8)
	  ->  Index Scan using sbtest4_pkey on sbtest4  (cost=0.43..428.09 rows=108 width=4)
	        Index Cond: ((id >= 7480936) AND (id <= 7481035))

table 5 : explain SELECT SUM(k) FROM sbtest5 WHERE id BETWEEN 8691050 AND 8691149
	Aggregate  (cost=389.11..389.12 rows=1 width=8)
	  ->  Index Scan using sbtest5_pkey on sbtest5  (cost=0.43..388.87 rows=98 width=4)
	        Index Cond: ((id >= 8691050) AND (id <= 8691149))

table 6 : explain SELECT SUM(k) FROM sbtest6 WHERE id BETWEEN 4183250 AND 4183349
	Aggregate  (cost=404.71..404.72 rows=1 width=8)
	  ->  Index Scan using sbtest6_pkey on sbtest6  (cost=0.43..404.45 rows=102 width=4)
	        Index Cond: ((id >= 4183250) AND (id <= 4183349))

table 7 : explain SELECT SUM(k) FROM sbtest7 WHERE id BETWEEN 8938203 AND 8938302
	Aggregate  (cost=443.12..443.13 rows=1 width=8)
	  ->  Index Scan using sbtest7_pkey on sbtest7  (cost=0.43..442.84 rows=112 width=4)
	        Index Cond: ((id >= 8938203) AND (id <= 8938302))

table 8 : explain SELECT SUM(k) FROM sbtest8 WHERE id BETWEEN 7452954 AND 7453053
	Aggregate  (cost=402.36..402.37 rows=1 width=8)
	  ->  Index Scan using sbtest8_pkey on sbtest8  (cost=0.43..402.10 rows=102 width=4)
	        Index Cond: ((id >= 7452954) AND (id <= 7453053))

for: simple_ranges
table 1 : explain SELECT c FROM sbtest1 WHERE id BETWEEN 1497948 AND 1498047
	Index Scan using sbtest1_pkey on sbtest1  (cost=0.43..348.88 rows=88 width=121)
	  Index Cond: ((id >= 1497948) AND (id <= 1498047))

table 2 : explain SELECT c FROM sbtest2 WHERE id BETWEEN 1530710 AND 1530809
	Index Scan using sbtest2_pkey on sbtest2  (cost=0.43..418.74 rows=105 width=121)
	  Index Cond: ((id >= 1530710) AND (id <= 1530809))

table 3 : explain SELECT c FROM sbtest3 WHERE id BETWEEN 3896515 AND 3896614
	Index Scan using sbtest3_pkey on sbtest3  (cost=0.43..361.53 rows=91 width=121)
	  Index Cond: ((id >= 3896515) AND (id <= 3896614))

table 4 : explain SELECT c FROM sbtest4 WHERE id BETWEEN 8306402 AND 8306501
	Index Scan using sbtest4_pkey on sbtest4  (cost=0.43..428.09 rows=108 width=121)
	  Index Cond: ((id >= 8306402) AND (id <= 8306501))

table 5 : explain SELECT c FROM sbtest5 WHERE id BETWEEN 6893519 AND 6893618
	Index Scan using sbtest5_pkey on sbtest5  (cost=0.43..392.79 rows=99 width=121)
	  Index Cond: ((id >= 6893519) AND (id <= 6893618))

table 6 : explain SELECT c FROM sbtest6 WHERE id BETWEEN 662358 AND 662457
	Index Scan using sbtest6_pkey on sbtest6  (cost=0.43..388.77 rows=98 width=121)
	  Index Cond: ((id >= 662358) AND (id <= 662457))

table 7 : explain SELECT c FROM sbtest7 WHERE id BETWEEN 8129600 AND 8129699
	Index Scan using sbtest7_pkey on sbtest7  (cost=0.43..391.97 rows=99 width=121)
	  Index Cond: ((id >= 8129600) AND (id <= 8129699))

table 8 : explain SELECT c FROM sbtest8 WHERE id BETWEEN 3312842 AND 3312941
	Index Scan using sbtest8_pkey on sbtest8  (cost=0.43..386.51 rows=98 width=121)
	  Index Cond: ((id >= 3312842) AND (id <= 3312941))

explain: for point_selects :: explain SELECT c FROM sbtest%u WHERE id=%u
for: simple_ranges
table 1 : explain SELECT c FROM sbtest1 WHERE id BETWEEN 5959258 AND 5959357
	Index Scan using sbtest1_pkey on sbtest1  (cost=0.43..407.59 rows=103 width=121)
	  Index Cond: ((id >= 5959258) AND (id <= 5959357))

table 2 : explain SELECT c FROM sbtest2 WHERE id BETWEEN 4442299 AND 4442398
	Index Scan using sbtest2_pkey on sbtest2  (cost=0.43..406.90 rows=102 width=121)
	  Index Cond: ((id >= 4442299) AND (id <= 4442398))

table 3 : explain SELECT c FROM sbtest3 WHERE id BETWEEN 2590566 AND 2590665
	Index Scan using sbtest3_pkey on sbtest3  (cost=0.43..381.17 rows=96 width=121)
	  Index Cond: ((id >= 2590566) AND (id <= 2590665))

table 4 : explain SELECT c FROM sbtest4 WHERE id BETWEEN 8302585 AND 8302684
	Index Scan using sbtest4_pkey on sbtest4  (cost=0.43..428.09 rows=108 width=121)
	  Index Cond: ((id >= 8302585) AND (id <= 8302684))

table 5 : explain SELECT c FROM sbtest5 WHERE id BETWEEN 4338343 AND 4338442
	Index Scan using sbtest5_pkey on sbtest5  (cost=0.43..404.55 rows=102 width=121)
	  Index Cond: ((id >= 4338343) AND (id <= 4338442))

table 6 : explain SELECT c FROM sbtest6 WHERE id BETWEEN 4343236 AND 4343335
	Index Scan using sbtest6_pkey on sbtest6  (cost=0.43..353.47 rows=89 width=121)
	  Index Cond: ((id >= 4343236) AND (id <= 4343335))

table 7 : explain SELECT c FROM sbtest7 WHERE id BETWEEN 4631801 AND 4631900
	Index Scan using sbtest7_pkey on sbtest7  (cost=0.43..403.71 rows=102 width=121)
	  Index Cond: ((id >= 4631801) AND (id <= 4631900))

table 8 : explain SELECT c FROM sbtest8 WHERE id BETWEEN 11257 AND 11356
	Index Scan using sbtest8_pkey on sbtest8  (cost=0.43..402.10 rows=102 width=121)
	  Index Cond: ((id >= 11257) AND (id <= 11356))

for: order_ranges
table 1 : explain SELECT c FROM sbtest1 WHERE id BETWEEN 3799534 AND 3799633 ORDER BY c
	Sort  (cost=367.53..367.76 rows=92 width=121)
	  Sort Key: c
	  ->  Index Scan using sbtest1_pkey on sbtest1  (cost=0.43..364.53 rows=92 width=121)
	        Index Cond: ((id >= 3799534) AND (id <= 3799633))

table 2 : explain SELECT c FROM sbtest2 WHERE id BETWEEN 1163920 AND 1164019 ORDER BY c
	Sort  (cost=414.29..414.55 rows=103 width=121)
	  Sort Key: c
	  ->  Index Scan using sbtest2_pkey on sbtest2  (cost=0.43..410.85 rows=103 width=121)
	        Index Cond: ((id >= 1163920) AND (id <= 1164019))

table 3 : explain SELECT c FROM sbtest3 WHERE id BETWEEN 9456335 AND 9456434 ORDER BY c
	Sort  (cost=396.22..396.46 rows=99 width=121)
	  Sort Key: c
	  ->  Index Scan using sbtest3_pkey on sbtest3  (cost=0.43..392.93 rows=99 width=121)
	        Index Cond: ((id >= 9456335) AND (id <= 9456434))

table 4 : explain SELECT c FROM sbtest4 WHERE id BETWEEN 2307403 AND 2307502 ORDER BY c
	Sort  (cost=404.00..404.25 rows=101 width=121)
	  Sort Key: c
	  ->  Index Scan using sbtest4_pkey on sbtest4  (cost=0.43..400.64 rows=101 width=121)
	        Index Cond: ((id >= 2307403) AND (id <= 2307502))

table 5 : explain SELECT c FROM sbtest5 WHERE id BETWEEN 8599063 AND 8599162 ORDER BY c
	Sort  (cost=384.16..384.40 rows=96 width=121)
	  Sort Key: c
	  ->  Index Scan using sbtest5_pkey on sbtest5  (cost=0.43..381.00 rows=96 width=121)
	        Index Cond: ((id >= 8599063) AND (id <= 8599162))

table 6 : explain SELECT c FROM sbtest6 WHERE id BETWEEN 2727816 AND 2727915 ORDER BY c
	Sort  (cost=403.89..404.15 rows=101 width=121)
	  Sort Key: c
	  ->  Index Scan using sbtest6_pkey on sbtest6  (cost=0.43..400.53 rows=101 width=121)
	        Index Cond: ((id >= 2727816) AND (id <= 2727915))

table 7 : explain SELECT c FROM sbtest7 WHERE id BETWEEN 3366113 AND 3366212 ORDER BY c
	Sort  (cost=391.30..391.55 rows=98 width=121)
	  Sort Key: c
	  ->  Index Scan using sbtest7_pkey on sbtest7  (cost=0.43..388.06 rows=98 width=121)
	        Index Cond: ((id >= 3366113) AND (id <= 3366212))

table 8 : explain SELECT c FROM sbtest8 WHERE id BETWEEN 1182108 AND 1182207 ORDER BY c
	Sort  (cost=405.50..405.76 rows=102 width=121)
	  Sort Key: c
	  ->  Index Scan using sbtest8_pkey on sbtest8  (cost=0.43..402.10 rows=102 width=121)
	        Index Cond: ((id >= 1182108) AND (id <= 1182207))

explain: for point_selects :: explain SELECT c FROM sbtest%u WHERE id=%u
explain: for point_selects :: explain SELECT c FROM sbtest%u WHERE id=%u
for: distinct_ranges
table 1 : explain SELECT DISTINCT c FROM sbtest1 WHERE id BETWEEN 7648890 AND 7648989 ORDER BY c
	Unique  (cost=414.99..415.51 rows=104 width=121)
	  ->  Sort  (cost=414.99..415.25 rows=104 width=121)
	        Sort Key: c
	        ->  Index Scan using sbtest1_pkey on sbtest1  (cost=0.43..411.51 rows=104 width=121)
	              Index Cond: ((id >= 7648890) AND (id <= 7648989))

table 2 : explain SELECT DISTINCT c FROM sbtest2 WHERE id BETWEEN 2698977 AND 2699076 ORDER BY c
	Unique  (cost=370.44..370.90 rows=92 width=121)
	  ->  Sort  (cost=370.44..370.67 rows=92 width=121)
	        Sort Key: c
	        ->  Index Scan using sbtest2_pkey on sbtest2  (cost=0.43..367.44 rows=92 width=121)
	              Index Cond: ((id >= 2698977) AND (id <= 2699076))

table 3 : explain SELECT DISTINCT c FROM sbtest3 WHERE id BETWEEN 8043907 AND 8044006 ORDER BY c
	Unique  (cost=439.81..440.36 rows=110 width=121)
	  ->  Sort  (cost=439.81..440.09 rows=110 width=121)
	        Sort Key: c
	        ->  Index Scan using sbtest3_pkey on sbtest3  (cost=0.43..436.08 rows=110 width=121)
	              Index Cond: ((id >= 8043907) AND (id <= 8044006))

table 4 : explain SELECT DISTINCT c FROM sbtest4 WHERE id BETWEEN 9664786 AND 9664885 ORDER BY c
	Unique  (cost=392.12..392.61 rows=98 width=121)
	  ->  Sort  (cost=392.12..392.36 rows=98 width=121)
	        Sort Key: c
	        ->  Index Scan using sbtest4_pkey on sbtest4  (cost=0.43..388.87 rows=98 width=121)
	              Index Cond: ((id >= 9664786) AND (id <= 9664885))

table 5 : explain SELECT DISTINCT c FROM sbtest5 WHERE id BETWEEN 1449037 AND 1449136 ORDER BY c
	Unique  (cost=403.99..404.50 rows=101 width=121)
	  ->  Sort  (cost=403.99..404.24 rows=101 width=121)
	        Sort Key: c
	        ->  Index Scan using sbtest5_pkey on sbtest5  (cost=0.43..400.63 rows=101 width=121)
	              Index Cond: ((id >= 1449037) AND (id <= 1449136))

table 6 : explain SELECT DISTINCT c FROM sbtest6 WHERE id BETWEEN 4863664 AND 4863763 ORDER BY c
	Unique  (cost=380.11..380.58 rows=95 width=121)
	  ->  Sort  (cost=380.11..380.34 rows=95 width=121)
	        Sort Key: c
	        ->  Index Scan using sbtest6_pkey on sbtest6  (cost=0.43..376.99 rows=95 width=121)
	              Index Cond: ((id >= 4863664) AND (id <= 4863763))

table 7 : explain SELECT DISTINCT c FROM sbtest7 WHERE id BETWEEN 986035 AND 986134 ORDER BY c
	Unique  (cost=375.49..375.96 rows=94 width=121)
	  ->  Sort  (cost=375.49..375.73 rows=94 width=121)
	        Sort Key: c
	        ->  Index Scan using sbtest7_pkey on sbtest7  (cost=0.43..372.41 rows=94 width=121)
	              Index Cond: ((id >= 986035) AND (id <= 986134))

table 8 : explain SELECT DISTINCT c FROM sbtest8 WHERE id BETWEEN 5231835 AND 5231934 ORDER BY c
	Unique  (cost=437.00..437.55 rows=110 width=121)
	  ->  Sort  (cost=437.00..437.28 rows=110 width=121)
	        Sort Key: c
	        ->  Index Scan using sbtest8_pkey on sbtest8  (cost=0.43..433.27 rows=110 width=121)
	              Index Cond: ((id >= 5231835) AND (id <= 5231934))

for: distinct_ranges
table 1 : explain SELECT DISTINCT c FROM sbtest1 WHERE id BETWEEN 5646195 AND 5646294 ORDER BY c
	Unique  (cost=375.46..375.93 rows=94 width=121)
	  ->  Sort  (cost=375.46..375.70 rows=94 width=121)
	        Sort Key: c
	        ->  Index Scan using sbtest1_pkey on sbtest1  (cost=0.43..372.38 rows=94 width=121)
	              Index Cond: ((id >= 5646195) AND (id <= 5646294))

table 2 : explain SELECT DISTINCT c FROM sbtest2 WHERE id BETWEEN 4007117 AND 4007216 ORDER BY c
	Unique  (cost=462.12..462.69 rows=115 width=121)
	  ->  Sort  (cost=462.12..462.41 rows=115 width=121)
	        Sort Key: c
	        ->  Index Scan using sbtest2_pkey on sbtest2  (cost=0.43..458.18 rows=115 width=121)
	              Index Cond: ((id >= 4007117) AND (id <= 4007216))

table 3 : explain SELECT DISTINCT c FROM sbtest3 WHERE id BETWEEN 9934983 AND 9935082 ORDER BY c
	Unique  (cost=368.48..368.94 rows=92 width=121)
	  ->  Sort  (cost=368.48..368.71 rows=92 width=121)
	        Sort Key: c
	        ->  Index Scan using sbtest3_pkey on sbtest3  (cost=0.43..365.48 rows=92 width=121)
	              Index Cond: ((id >= 9934983) AND (id <= 9935082))

table 4 : explain SELECT DISTINCT c FROM sbtest4 WHERE id BETWEEN 385393 AND 385492 ORDER BY c
	Unique  (cost=419.85..420.37 rows=105 width=121)
	  ->  Sort  (cost=419.85..420.11 rows=105 width=121)
	        Sort Key: c
	        ->  Index Scan using sbtest4_pkey on sbtest4  (cost=0.43..416.32 rows=105 width=121)
	              Index Cond: ((id >= 385393) AND (id <= 385492))

table 5 : explain SELECT DISTINCT c FROM sbtest5 WHERE id BETWEEN 2486342 AND 2486441 ORDER BY c
	Unique  (cost=388.12..388.61 rows=97 width=121)
	  ->  Sort  (cost=388.12..388.36 rows=97 width=121)
	        Sort Key: c
	        ->  Index Scan using sbtest5_pkey on sbtest5  (cost=0.43..384.92 rows=97 width=121)
	              Index Cond: ((id >= 2486342) AND (id <= 2486441))

table 6 : explain SELECT DISTINCT c FROM sbtest6 WHERE id BETWEEN 2814699 AND 2814798 ORDER BY c
	Unique  (cost=380.13..380.61 rows=95 width=121)
	  ->  Sort  (cost=380.13..380.37 rows=95 width=121)
	        Sort Key: c
	        ->  Index Scan using sbtest6_pkey on sbtest6  (cost=0.43..377.01 rows=95 width=121)
	              Index Cond: ((id >= 2814699) AND (id <= 2814798))

table 7 : explain SELECT DISTINCT c FROM sbtest7 WHERE id BETWEEN 5806792 AND 5806891 ORDER BY c
	Unique  (cost=359.68..360.13 rows=90 width=121)
	  ->  Sort  (cost=359.68..359.91 rows=90 width=121)
	        Sort Key: c
	        ->  Index Scan using sbtest7_pkey on sbtest7  (cost=0.43..356.76 rows=90 width=121)
	              Index Cond: ((id >= 5806792) AND (id <= 5806891))

table 8 : explain SELECT DISTINCT c FROM sbtest8 WHERE id BETWEEN 8509305 AND 8509404 ORDER BY c
	Unique  (cost=370.07..370.54 rows=93 width=121)
	  ->  Sort  (cost=370.07..370.30 rows=93 width=121)
	        Sort Key: c
	        ->  Index Scan using sbtest8_pkey on sbtest8  (cost=0.43..367.03 rows=93 width=121)
	              Index Cond: ((id >= 8509305) AND (id <= 8509404))

explain: for point_selects :: explain SELECT c FROM sbtest%u WHERE id=%u
for: sum_ranges
table 1 : explain SELECT SUM(k) FROM sbtest1 WHERE id BETWEEN 1137273 AND 1137372
	Aggregate  (cost=403.94..403.95 rows=1 width=8)
	  ->  Index Scan using sbtest1_pkey on sbtest1  (cost=0.43..403.68 rows=102 width=4)
	        Index Cond: ((id >= 1137273) AND (id <= 1137372))

table 2 : explain SELECT SUM(k) FROM sbtest2 WHERE id BETWEEN 6423567 AND 6423666
	Aggregate  (cost=426.89..426.90 rows=1 width=8)
	  ->  Index Scan using sbtest2_pkey on sbtest2  (cost=0.43..426.63 rows=107 width=4)
	        Index Cond: ((id >= 6423567) AND (id <= 6423666))

table 3 : explain SELECT SUM(k) FROM sbtest3 WHERE id BETWEEN 268625 AND 268724
	Aggregate  (cost=428.51..428.52 rows=1 width=8)
	  ->  Index Scan using sbtest3_pkey on sbtest3  (cost=0.43..428.24 rows=108 width=4)
	        Index Cond: ((id >= 268625) AND (id <= 268724))

table 4 : explain SELECT SUM(k) FROM sbtest4 WHERE id BETWEEN 3198192 AND 3198291
	Aggregate  (cost=389.12..389.13 rows=1 width=8)
	  ->  Index Scan using sbtest4_pkey on sbtest4  (cost=0.43..388.87 rows=98 width=4)
	        Index Cond: ((id >= 3198192) AND (id <= 3198291))

table 5 : explain SELECT SUM(k) FROM sbtest5 WHERE id BETWEEN 4831596 AND 4831695
	Aggregate  (cost=393.04..393.05 rows=1 width=8)
	  ->  Index Scan using sbtest5_pkey on sbtest5  (cost=0.43..392.79 rows=99 width=4)
	        Index Cond: ((id >= 4831596) AND (id <= 4831695))

table 6 : explain SELECT SUM(k) FROM sbtest6 WHERE id BETWEEN 498617 AND 498716
	Aggregate  (cost=385.09..385.10 rows=1 width=8)
	  ->  Index Scan using sbtest6_pkey on sbtest6  (cost=0.43..384.85 rows=97 width=4)
	        Index Cond: ((id >= 498617) AND (id <= 498716))

table 7 : explain SELECT SUM(k) FROM sbtest7 WHERE id BETWEEN 9278423 AND 9278522
	Aggregate  (cost=388.31..388.32 rows=1 width=8)
	  ->  Index Scan using sbtest7_pkey on sbtest7  (cost=0.43..388.06 rows=98 width=4)
	        Index Cond: ((id >= 9278423) AND (id <= 9278522))

table 8 : explain SELECT SUM(k) FROM sbtest8 WHERE id BETWEEN 7223753 AND 7223852
	Aggregate  (cost=402.36..402.37 rows=1 width=8)
	  ->  Index Scan using sbtest8_pkey on sbtest8  (cost=0.43..402.10 rows=102 width=4)
	        Index Cond: ((id >= 7223753) AND (id <= 7223852))

explain: for point_selects :: explain SELECT c FROM sbtest%u WHERE id=%u
for: distinct_ranges
table 1 : explain SELECT DISTINCT c FROM sbtest1 WHERE id BETWEEN 6589861 AND 6589960 ORDER BY c
	Unique  (cost=430.80..431.34 rows=108 width=121)
	  ->  Sort  (cost=430.80..431.07 rows=108 width=121)
	        Sort Key: c
	        ->  Index Scan using sbtest1_pkey on sbtest1  (cost=0.43..427.16 rows=108 width=121)
	              Index Cond: ((id >= 6589861) AND (id <= 6589960))

table 2 : explain SELECT DISTINCT c FROM sbtest2 WHERE id BETWEEN 8176285 AND 8176384 ORDER BY c
	Unique  (cost=414.29..414.81 rows=103 width=121)
	  ->  Sort  (cost=414.29..414.55 rows=103 width=121)
	        Sort Key: c
	        ->  Index Scan using sbtest2_pkey on sbtest2  (cost=0.43..410.85 rows=103 width=121)
	              Index Cond: ((id >= 8176285) AND (id <= 8176384))

table 3 : explain SELECT DISTINCT c FROM sbtest3 WHERE id BETWEEN 4094228 AND 4094327 ORDER BY c
	Unique  (cost=419.99..420.52 rows=105 width=121)
	  ->  Sort  (cost=419.99..420.26 rows=105 width=121)
	        Sort Key: c
	        ->  Index Scan using sbtest3_pkey on sbtest3  (cost=0.43..416.47 rows=105 width=121)
	              Index Cond: ((id >= 4094228) AND (id <= 4094327))

table 4 : explain SELECT DISTINCT c FROM sbtest4 WHERE id BETWEEN 8935760 AND 8935859 ORDER BY c
	Unique  (cost=443.62..444.17 rows=111 width=121)
	  ->  Sort  (cost=443.62..443.90 rows=111 width=121)
	        Sort Key: c
	        ->  Index Scan using sbtest4_pkey on sbtest4  (cost=0.43..439.85 rows=111 width=121)
	              Index Cond: ((id >= 8935760) AND (id <= 8935859))

table 5 : explain SELECT DISTINCT c FROM sbtest5 WHERE id BETWEEN 8102198 AND 8102297 ORDER BY c
	Unique  (cost=403.99..404.50 rows=101 width=121)
	  ->  Sort  (cost=403.99..404.24 rows=101 width=121)
	        Sort Key: c
	        ->  Index Scan using sbtest5_pkey on sbtest5  (cost=0.43..400.63 rows=101 width=121)
	              Index Cond: ((id >= 8102198) AND (id <= 8102297))

table 6 : explain SELECT DISTINCT c FROM sbtest6 WHERE id BETWEEN 2764923 AND 2765022 ORDER BY c
	Unique  (cost=403.89..404.40 rows=101 width=121)
	  ->  Sort  (cost=403.89..404.15 rows=101 width=121)
	        Sort Key: c
	        ->  Index Scan using sbtest6_pkey on sbtest6  (cost=0.43..400.53 rows=101 width=121)
	              Index Cond: ((id >= 2764923) AND (id <= 2765022))

table 7 : explain SELECT DISTINCT c FROM sbtest7 WHERE id BETWEEN 8748055 AND 8748154 ORDER BY c
	Unique  (cost=391.30..391.79 rows=98 width=121)
	  ->  Sort  (cost=391.30..391.55 rows=98 width=121)
	        Sort Key: c
	        ->  Index Scan using sbtest7_pkey on sbtest7  (cost=0.43..388.06 rows=98 width=121)
	              Index Cond: ((id >= 8748055) AND (id <= 8748154))

table 8 : explain SELECT DISTINCT c FROM sbtest8 WHERE id BETWEEN 7776079 AND 7776178 ORDER BY c
	Unique  (cost=389.76..390.25 rows=98 width=121)
	  ->  Sort  (cost=389.76..390.00 rows=98 width=121)
	        Sort Key: c
	        ->  Index Scan using sbtest8_pkey on sbtest8  (cost=0.43..386.51 rows=98 width=121)
	              Index Cond: ((id >= 7776079) AND (id <= 7776178))

for: order_ranges
table 1 : explain SELECT c FROM sbtest1 WHERE id BETWEEN 9493892 AND 9493991 ORDER BY c
	Sort  (cost=458.48..458.77 rows=115 width=121)
	  Sort Key: c
	  ->  Index Scan using sbtest1_pkey on sbtest1  (cost=0.43..454.54 rows=115 width=121)
	        Index Cond: ((id >= 9493892) AND (id <= 9493991))

table 2 : explain SELECT c FROM sbtest2 WHERE id BETWEEN 6530061 AND 6530160 ORDER BY c
	Sort  (cost=390.38..390.63 rows=97 width=121)
	  Sort Key: c
	  ->  Index Scan using sbtest2_pkey on sbtest2  (cost=0.43..387.18 rows=97 width=121)
	        Index Cond: ((id >= 6530061) AND (id <= 6530160))

table 3 : explain SELECT c FROM sbtest3 WHERE id BETWEEN 5074369 AND 5074468 ORDER BY c
	Sort  (cost=435.85..436.12 rows=109 width=121)
	  Sort Key: c
	  ->  Index Scan using sbtest3_pkey on sbtest3  (cost=0.43..432.16 rows=109 width=121)
	        Index Cond: ((id >= 5074369) AND (id <= 5074468))

table 4 : explain SELECT c FROM sbtest4 WHERE id BETWEEN 9954402 AND 9954501 ORDER BY c
	Sort  (cost=419.85..420.11 rows=105 width=121)
	  Sort Key: c
	  ->  Index Scan using sbtest4_pkey on sbtest4  (cost=0.43..416.32 rows=105 width=121)
	        Index Cond: ((id >= 9954402) AND (id <= 9954501))

table 5 : explain SELECT c FROM sbtest5 WHERE id BETWEEN 3599036 AND 3599135 ORDER BY c
	Sort  (cost=384.16..384.40 rows=96 width=121)
	  Sort Key: c
	  ->  Index Scan using sbtest5_pkey on sbtest5  (cost=0.43..381.00 rows=96 width=121)
	        Index Cond: ((id >= 3599036) AND (id <= 3599135))

table 6 : explain SELECT c FROM sbtest6 WHERE id BETWEEN 6967822 AND 6967921 ORDER BY c
	Sort  (cost=415.78..416.04 rows=104 width=121)
	  Sort Key: c
	  ->  Index Scan using sbtest6_pkey on sbtest6  (cost=0.43..412.29 rows=104 width=121)
	        Index Cond: ((id >= 6967822) AND (id <= 6967921))

table 7 : explain SELECT c FROM sbtest7 WHERE id BETWEEN 4821997 AND 4822096 ORDER BY c
	Sort  (cost=395.26..395.50 rows=99 width=121)
	  Sort Key: c
	  ->  Index Scan using sbtest7_pkey on sbtest7  (cost=0.43..391.97 rows=99 width=121)
	        Index Cond: ((id >= 4821997) AND (id <= 4822096))

table 8 : explain SELECT c FROM sbtest8 WHERE id BETWEEN 8313112 AND 8313211 ORDER BY c
	Sort  (cost=409.44..409.70 rows=103 width=121)
	  Sort Key: c
	  ->  Index Scan using sbtest8_pkey on sbtest8  (cost=0.43..406.00 rows=103 width=121)
	        Index Cond: ((id >= 8313112) AND (id <= 8313211))

for point_selects
table 1 : explain SELECT c FROM sbtest1 WHERE id=430833
	Index Scan using sbtest1_pkey on sbtest1  (cost=0.43..8.45 rows=1 width=121)
	  Index Cond: (id = 430833)

table 2 : explain SELECT c FROM sbtest2 WHERE id=6014079
	Index Scan using sbtest2_pkey on sbtest2  (cost=0.43..8.45 rows=1 width=121)
	  Index Cond: (id = 6014079)

table 3 : explain SELECT c FROM sbtest3 WHERE id=3270116
	Index Scan using sbtest3_pkey on sbtest3  (cost=0.43..8.45 rows=1 width=121)
	  Index Cond: (id = 3270116)

table 4 : explain SELECT c FROM sbtest4 WHERE id=5035010
	Index Scan using sbtest4_pkey on sbtest4  (cost=0.43..8.45 rows=1 width=121)
	  Index Cond: (id = 5035010)

table 5 : explain SELECT c FROM sbtest5 WHERE id=9887378
	Index Scan using sbtest5_pkey on sbtest5  (cost=0.43..8.45 rows=1 width=121)
	  Index Cond: (id = 9887378)

table 6 : explain SELECT c FROM sbtest6 WHERE id=7781375
	Index Scan using sbtest6_pkey on sbtest6  (cost=0.43..8.45 rows=1 width=121)
	  Index Cond: (id = 7781375)

table 7 : explain SELECT c FROM sbtest7 WHERE id=2126938
	Index Scan using sbtest7_pkey on sbtest7  (cost=0.43..8.45 rows=1 width=121)
	  Index Cond: (id = 2126938)

table 8 : explain SELECT c FROM sbtest8 WHERE id=908665
	Index Scan using sbtest8_pkey on sbtest8  (cost=0.43..8.45 rows=1 width=121)
	  Index Cond: (id = 908665)

for: sum_ranges
table 1 : explain SELECT SUM(k) FROM sbtest1 WHERE id BETWEEN 9004230 AND 9004329
	Aggregate  (cost=353.02..353.03 rows=1 width=8)
	  ->  Index Scan using sbtest1_pkey on sbtest1  (cost=0.43..352.79 rows=89 width=4)
	        Index Cond: ((id >= 9004230) AND (id <= 9004329))

table 2 : explain SELECT SUM(k) FROM sbtest2 WHERE id BETWEEN 368608 AND 368707
	Aggregate  (cost=399.27..399.28 rows=1 width=8)
	  ->  Index Scan using sbtest2_pkey on sbtest2  (cost=0.43..399.02 rows=100 width=4)
	        Index Cond: ((id >= 368608) AND (id <= 368707))

table 3 : explain SELECT SUM(k) FROM sbtest3 WHERE id BETWEEN 708537 AND 708636
	Aggregate  (cost=353.91..353.92 rows=1 width=8)
	  ->  Index Scan using sbtest3_pkey on sbtest3  (cost=0.43..353.68 rows=89 width=4)
	        Index Cond: ((id >= 708537) AND (id <= 708636))

table 4 : explain SELECT SUM(k) FROM sbtest4 WHERE id BETWEEN 3732112 AND 3732211
	Aggregate  (cost=408.74..408.75 rows=1 width=8)
	  ->  Index Scan using sbtest4_pkey on sbtest4  (cost=0.43..408.48 rows=103 width=4)
	        Index Cond: ((id >= 3732112) AND (id <= 3732211))

table 5 : explain SELECT SUM(k) FROM sbtest5 WHERE id BETWEEN 7891354 AND 7891453
	Aggregate  (cost=428.35..428.36 rows=1 width=8)
	  ->  Index Scan using sbtest5_pkey on sbtest5  (cost=0.43..428.08 rows=108 width=4)
	        Index Cond: ((id >= 7891354) AND (id <= 7891453))

table 6 : explain SELECT SUM(k) FROM sbtest6 WHERE id BETWEEN 2460556 AND 2460655
	Aggregate  (cost=385.09..385.10 rows=1 width=8)
	  ->  Index Scan using sbtest6_pkey on sbtest6  (cost=0.43..384.85 rows=97 width=4)
	        Index Cond: ((id >= 2460556) AND (id <= 2460655))

table 7 : explain SELECT SUM(k) FROM sbtest7 WHERE id BETWEEN 6908610 AND 6908709
	Aggregate  (cost=392.22..392.23 rows=1 width=8)
	  ->  Index Scan using sbtest7_pkey on sbtest7  (cost=0.43..391.97 rows=99 width=4)
	        Index Cond: ((id >= 6908610) AND (id <= 6908709))

table 8 : explain SELECT SUM(k) FROM sbtest8 WHERE id BETWEEN 666518 AND 666617
	Aggregate  (cost=398.46..398.47 rows=1 width=8)
	  ->  Index Scan using sbtest8_pkey on sbtest8  (cost=0.43..398.20 rows=101 width=4)
	        Index Cond: ((id >= 666518) AND (id <= 666617))

for: order_ranges
table 1 : explain SELECT c FROM sbtest1 WHERE id BETWEEN 961913 AND 962012 ORDER BY c
	Sort  (cost=391.27..391.52 rows=98 width=121)
	  Sort Key: c
	  ->  Index Scan using sbtest1_pkey on sbtest1  (cost=0.43..388.03 rows=98 width=121)
	        Index Cond: ((id >= 961913) AND (id <= 962012))

table 2 : explain SELECT c FROM sbtest2 WHERE id BETWEEN 117177 AND 117276 ORDER BY c
	Sort  (cost=390.38..390.63 rows=97 width=121)
	  Sort Key: c
	  ->  Index Scan using sbtest2_pkey on sbtest2  (cost=0.43..387.18 rows=97 width=121)
	        Index Cond: ((id >= 117177) AND (id <= 117276))

table 3 : explain SELECT c FROM sbtest3 WHERE id BETWEEN 9301773 AND 9301872 ORDER BY c
	Sort  (cost=360.53..360.75 rows=90 width=121)
	  Sort Key: c
	  ->  Index Scan using sbtest3_pkey on sbtest3  (cost=0.43..357.61 rows=90 width=121)
	        Index Cond: ((id >= 9301773) AND (id <= 9301872))

table 4 : explain SELECT c FROM sbtest4 WHERE id BETWEEN 4293655 AND 4293754 ORDER BY c
	Sort  (cost=388.15..388.40 rows=97 width=121)
	  Sort Key: c
	  ->  Index Scan using sbtest4_pkey on sbtest4  (cost=0.43..384.95 rows=97 width=121)
	        Index Cond: ((id >= 4293655) AND (id <= 4293754))

table 5 : explain SELECT c FROM sbtest5 WHERE id BETWEEN 2433036 AND 2433135 ORDER BY c
	Sort  (cost=388.12..388.36 rows=97 width=121)
	  Sort Key: c
	  ->  Index Scan using sbtest5_pkey on sbtest5  (cost=0.43..384.92 rows=97 width=121)
	        Index Cond: ((id >= 2433036) AND (id <= 2433135))

table 6 : explain SELECT c FROM sbtest6 WHERE id BETWEEN 4573871 AND 4573970 ORDER BY c
	Sort  (cost=388.05..388.29 rows=97 width=121)
	  Sort Key: c
	  ->  Index Scan using sbtest6_pkey on sbtest6  (cost=0.43..384.85 rows=97 width=121)
	        Index Cond: ((id >= 4573871) AND (id <= 4573970))

table 7 : explain SELECT c FROM sbtest7 WHERE id BETWEEN 7868377 AND 7868476 ORDER BY c
	Sort  (cost=403.16..403.41 rows=101 width=121)
	  Sort Key: c
	  ->  Index Scan using sbtest7_pkey on sbtest7  (cost=0.43..399.80 rows=101 width=121)
	        Index Cond: ((id >= 7868377) AND (id <= 7868476))

table 8 : explain SELECT c FROM sbtest8 WHERE id BETWEEN 2165104 AND 2165203 ORDER BY c
	Sort  (cost=409.44..409.70 rows=103 width=121)
	  Sort Key: c
	  ->  Index Scan using sbtest8_pkey on sbtest8  (cost=0.43..406.00 rows=103 width=121)
	        Index Cond: ((id >= 2165104) AND (id <= 2165203))

for point_selects
table 1 : explain SELECT c FROM sbtest1 WHERE id=2104898
	Index Scan using sbtest1_pkey on sbtest1  (cost=0.43..8.45 rows=1 width=121)
	  Index Cond: (id = 2104898)

table 2 : explain SELECT c FROM sbtest2 WHERE id=7708677
	Index Scan using sbtest2_pkey on sbtest2  (cost=0.43..8.45 rows=1 width=121)
	  Index Cond: (id = 7708677)

table 3 : explain SELECT c FROM sbtest3 WHERE id=5487920
	Index Scan using sbtest3_pkey on sbtest3  (cost=0.43..8.45 rows=1 width=121)
	  Index Cond: (id = 5487920)

table 4 : explain SELECT c FROM sbtest4 WHERE id=511129
	Index Scan using sbtest4_pkey on sbtest4  (cost=0.43..8.45 rows=1 width=121)
	  Index Cond: (id = 511129)

table 5 : explain SELECT c FROM sbtest5 WHERE id=5336536
	Index Scan using sbtest5_pkey on sbtest5  (cost=0.43..8.45 rows=1 width=121)
	  Index Cond: (id = 5336536)

table 6 : explain SELECT c FROM sbtest6 WHERE id=4485410
	Index Scan using sbtest6_pkey on sbtest6  (cost=0.43..8.45 rows=1 width=121)
	  Index Cond: (id = 4485410)

table 7 : explain SELECT c FROM sbtest7 WHERE id=7455711
	Index Scan using sbtest7_pkey on sbtest7  (cost=0.43..8.45 rows=1 width=121)
	  Index Cond: (id = 7455711)

table 8 : explain SELECT c FROM sbtest8 WHERE id=197440
	Index Scan using sbtest8_pkey on sbtest8  (cost=0.43..8.45 rows=1 width=121)
	  Index Cond: (id = 197440)

for: simple_ranges
table 1 : explain SELECT c FROM sbtest1 WHERE id BETWEEN 3531524 AND 3531623
	Index Scan using sbtest1_pkey on sbtest1  (cost=0.43..438.89 rows=111 width=121)
	  Index Cond: ((id >= 3531524) AND (id <= 3531623))

table 2 : explain SELECT c FROM sbtest2 WHERE id BETWEEN 5304599 AND 5304698
	Index Scan using sbtest2_pkey on sbtest2  (cost=0.43..379.29 rows=95 width=121)
	  Index Cond: ((id >= 5304599) AND (id <= 5304698))

table 3 : explain SELECT c FROM sbtest3 WHERE id BETWEEN 9119541 AND 9119640
	Index Scan using sbtest3_pkey on sbtest3  (cost=0.43..392.93 rows=99 width=121)
	  Index Cond: ((id >= 9119541) AND (id <= 9119640))

table 4 : explain SELECT c FROM sbtest4 WHERE id BETWEEN 1909978 AND 1910077
	Index Scan using sbtest4_pkey on sbtest4  (cost=0.43..416.32 rows=105 width=121)
	  Index Cond: ((id >= 1909978) AND (id <= 1910077))

table 5 : explain SELECT c FROM sbtest5 WHERE id BETWEEN 283050 AND 283149
	Index Scan using sbtest5_pkey on sbtest5  (cost=0.43..420.23 rows=106 width=121)
	  Index Cond: ((id >= 283050) AND (id <= 283149))

table 6 : explain SELECT c FROM sbtest6 WHERE id BETWEEN 3074815 AND 3074914
	Index Scan using sbtest6_pkey on sbtest6  (cost=0.43..400.53 rows=101 width=121)
	  Index Cond: ((id >= 3074815) AND (id <= 3074914))

table 7 : explain SELECT c FROM sbtest7 WHERE id BETWEEN 2200731 AND 2200830
	Index Scan using sbtest7_pkey on sbtest7  (cost=0.43..442.84 rows=112 width=121)
	  Index Cond: ((id >= 2200731) AND (id <= 2200830))

table 8 : explain SELECT c FROM sbtest8 WHERE id BETWEEN 3212583 AND 3212682
	Index Scan using sbtest8_pkey on sbtest8  (cost=0.43..382.62 rows=97 width=121)
	  Index Cond: ((id >= 3212583) AND (id <= 3212682))

for: distinct_ranges
table 1 : explain SELECT DISTINCT c FROM sbtest1 WHERE id BETWEEN 2543587 AND 2543686 ORDER BY c
	Unique  (cost=411.04..411.55 rows=103 width=121)
	  ->  Sort  (cost=411.04..411.29 rows=103 width=121)
	        Sort Key: c
	        ->  Index Scan using sbtest1_pkey on sbtest1  (cost=0.43..407.59 rows=103 width=121)
	              Index Cond: ((id >= 2543587) AND (id <= 2543686))

table 2 : explain SELECT DISTINCT c FROM sbtest2 WHERE id BETWEEN 6533779 AND 6533878 ORDER BY c
	Unique  (cost=390.38..390.87 rows=97 width=121)
	  ->  Sort  (cost=390.38..390.63 rows=97 width=121)
	        Sort Key: c
	        ->  Index Scan using sbtest2_pkey on sbtest2  (cost=0.43..387.18 rows=97 width=121)
	              Index Cond: ((id >= 6533779) AND (id <= 6533878))

table 3 : explain SELECT DISTINCT c FROM sbtest3 WHERE id BETWEEN 7471910 AND 7472009 ORDER BY c
	Unique  (cost=419.99..420.52 rows=105 width=121)
	  ->  Sort  (cost=419.99..420.26 rows=105 width=121)
	        Sort Key: c
	        ->  Index Scan using sbtest3_pkey on sbtest3  (cost=0.43..416.47 rows=105 width=121)
	              Index Cond: ((id >= 7471910) AND (id <= 7472009))

table 4 : explain SELECT DISTINCT c FROM sbtest4 WHERE id BETWEEN 6407339 AND 6407438 ORDER BY c
	Unique  (cost=407.96..408.47 rows=102 width=121)
	  ->  Sort  (cost=407.96..408.22 rows=102 width=121)
	        Sort Key: c
	        ->  Index Scan using sbtest4_pkey on sbtest4  (cost=0.43..404.56 rows=102 width=121)
	              Index Cond: ((id >= 6407339) AND (id <= 6407438))

table 5 : explain SELECT DISTINCT c FROM sbtest5 WHERE id BETWEEN 8637026 AND 8637125 ORDER BY c
	Unique  (cost=392.11..392.60 rows=98 width=121)
	  ->  Sort  (cost=392.11..392.35 rows=98 width=121)
	        Sort Key: c
	        ->  Index Scan using sbtest5_pkey on sbtest5  (cost=0.43..388.87 rows=98 width=121)
	              Index Cond: ((id >= 8637026) AND (id <= 8637125))

table 6 : explain SELECT DISTINCT c FROM sbtest6 WHERE id BETWEEN 9279106 AND 9279205 ORDER BY c
	Unique  (cost=392.01..392.50 rows=98 width=121)
	  ->  Sort  (cost=392.01..392.26 rows=98 width=121)
	        Sort Key: c
	        ->  Index Scan using sbtest6_pkey on sbtest6  (cost=0.43..388.77 rows=98 width=121)
	              Index Cond: ((id >= 9279106) AND (id <= 9279205))

table 7 : explain SELECT DISTINCT c FROM sbtest7 WHERE id BETWEEN 5413510 AND 5413609 ORDER BY c
	Unique  (cost=371.54..372.00 rows=93 width=121)
	  ->  Sort  (cost=371.54..371.77 rows=93 width=121)
	        Sort Key: c
	        ->  Index Scan using sbtest7_pkey on sbtest7  (cost=0.43..368.50 rows=93 width=121)
	              Index Cond: ((id >= 5413510) AND (id <= 5413609))

table 8 : explain SELECT DISTINCT c FROM sbtest8 WHERE id BETWEEN 9072021 AND 9072120 ORDER BY c
	Unique  (cost=401.57..402.07 rows=101 width=121)
	  ->  Sort  (cost=401.57..401.82 rows=101 width=121)
	        Sort Key: c
	        ->  Index Scan using sbtest8_pkey on sbtest8  (cost=0.43..398.20 rows=101 width=121)
	              Index Cond: ((id >= 9072021) AND (id <= 9072120))

for point_selects
table 1 : explain SELECT c FROM sbtest1 WHERE id=3261817
	Index Scan using sbtest1_pkey on sbtest1  (cost=0.43..8.45 rows=1 width=121)
	  Index Cond: (id = 3261817)

table 2 : explain SELECT c FROM sbtest2 WHERE id=2369645
	Index Scan using sbtest2_pkey on sbtest2  (cost=0.43..8.45 rows=1 width=121)
	  Index Cond: (id = 2369645)

table 3 : explain SELECT c FROM sbtest3 WHERE id=5613612
	Index Scan using sbtest3_pkey on sbtest3  (cost=0.43..8.45 rows=1 width=121)
	  Index Cond: (id = 5613612)

table 4 : explain SELECT c FROM sbtest4 WHERE id=1566532
	Index Scan using sbtest4_pkey on sbtest4  (cost=0.43..8.45 rows=1 width=121)
	  Index Cond: (id = 1566532)

table 5 : explain SELECT c FROM sbtest5 WHERE id=2076151
	Index Scan using sbtest5_pkey on sbtest5  (cost=0.43..8.45 rows=1 width=121)
	  Index Cond: (id = 2076151)

table 6 : explain SELECT c FROM sbtest6 WHERE id=6503674
	Index Scan using sbtest6_pkey on sbtest6  (cost=0.43..8.45 rows=1 width=121)
	  Index Cond: (id = 6503674)

table 7 : explain SELECT c FROM sbtest7 WHERE id=1129725
	Index Scan using sbtest7_pkey on sbtest7  (cost=0.43..8.45 rows=1 width=121)
	  Index Cond: (id = 1129725)

table 8 : explain SELECT c FROM sbtest8 WHERE id=3269134
	Index Scan using sbtest8_pkey on sbtest8  (cost=0.43..8.45 rows=1 width=121)
	  Index Cond: (id = 3269134)

explain: for point_selects :: explain SELECT c FROM sbtest%u WHERE id=%u
for: distinct_ranges
table 1 : explain SELECT DISTINCT c FROM sbtest1 WHERE id BETWEEN 3948092 AND 3948191 ORDER BY c
	Unique  (cost=438.71..439.26 rows=110 width=121)
	  ->  Sort  (cost=438.71..438.98 rows=110 width=121)
	        Sort Key: c
	        ->  Index Scan using sbtest1_pkey on sbtest1  (cost=0.43..434.98 rows=110 width=121)
	              Index Cond: ((id >= 3948092) AND (id <= 3948191))

table 2 : explain SELECT DISTINCT c FROM sbtest2 WHERE id BETWEEN 5089890 AND 5089989 ORDER BY c
	Unique  (cost=422.26..422.79 rows=105 width=121)
	  ->  Sort  (cost=422.26..422.53 rows=105 width=121)
	        Sort Key: c
	        ->  Index Scan using sbtest2_pkey on sbtest2  (cost=0.43..418.74 rows=105 width=121)
	              Index Cond: ((id >= 5089890) AND (id <= 5089989))

table 3 : explain SELECT DISTINCT c FROM sbtest3 WHERE id BETWEEN 8135496 AND 8135595 ORDER BY c
	Unique  (cost=404.14..404.65 rows=101 width=121)
	  ->  Sort  (cost=404.14..404.39 rows=101 width=121)
	        Sort Key: c
	        ->  Index Scan using sbtest3_pkey on sbtest3  (cost=0.43..400.78 rows=101 width=121)
	              Index Cond: ((id >= 8135496) AND (id <= 8135595))

table 4 : explain SELECT DISTINCT c FROM sbtest4 WHERE id BETWEEN 4592206 AND 4592305 ORDER BY c
	Unique  (cost=411.92..412.44 rows=103 width=121)
	  ->  Sort  (cost=411.92..412.18 rows=103 width=121)
	        Sort Key: c
	        ->  Index Scan using sbtest4_pkey on sbtest4  (cost=0.43..408.48 rows=103 width=121)
	              Index Cond: ((id >= 4592206) AND (id <= 4592305))

table 5 : explain SELECT DISTINCT c FROM sbtest5 WHERE id BETWEEN 9506993 AND 9507092 ORDER BY c
	Unique  (cost=396.07..396.56 rows=99 width=121)
	  ->  Sort  (cost=396.07..396.32 rows=99 width=121)
	        Sort Key: c
	        ->  Index Scan using sbtest5_pkey on sbtest5  (cost=0.43..392.79 rows=99 width=121)
	              Index Cond: ((id >= 9506993) AND (id <= 9507092))

table 6 : explain SELECT DISTINCT c FROM sbtest6 WHERE id BETWEEN 1176847 AND 1176946 ORDER BY c
	Unique  (cost=380.13..380.61 rows=95 width=121)
	  ->  Sort  (cost=380.13..380.37 rows=95 width=121)
	        Sort Key: c
	        ->  Index Scan using sbtest6_pkey on sbtest6  (cost=0.43..377.01 rows=95 width=121)
	              Index Cond: ((id >= 1176847) AND (id <= 1176946))

table 7 : explain SELECT DISTINCT c FROM sbtest7 WHERE id BETWEEN 5080404 AND 5080503 ORDER BY c
	Unique  (cost=403.16..403.67 rows=101 width=121)
	  ->  Sort  (cost=403.16..403.41 rows=101 width=121)
	        Sort Key: c
	        ->  Index Scan using sbtest7_pkey on sbtest7  (cost=0.43..399.80 rows=101 width=121)
	              Index Cond: ((id >= 5080404) AND (id <= 5080503))

table 8 : explain SELECT DISTINCT c FROM sbtest8 WHERE id BETWEEN 101318 AND 101417 ORDER BY c
	Unique  (cost=385.82..386.30 rows=97 width=121)
	  ->  Sort  (cost=385.82..386.06 rows=97 width=121)
	        Sort Key: c
	        ->  Index Scan using sbtest8_pkey on sbtest8  (cost=0.43..382.62 rows=97 width=121)
	              Index Cond: ((id >= 101318) AND (id <= 101417))

for: distinct_ranges
table 1 : explain SELECT DISTINCT c FROM sbtest1 WHERE id BETWEEN 1109916 AND 1110015 ORDER BY c
	Unique  (cost=407.08..407.59 rows=102 width=121)
	  ->  Sort  (cost=407.08..407.34 rows=102 width=121)
	        Sort Key: c
	        ->  Index Scan using sbtest1_pkey on sbtest1  (cost=0.43..403.68 rows=102 width=121)
	              Index Cond: ((id >= 1109916) AND (id <= 1110015))

table 2 : explain SELECT DISTINCT c FROM sbtest2 WHERE id BETWEEN 512839 AND 512938 ORDER BY c
	Unique  (cost=386.40..386.88 rows=96 width=121)
	  ->  Sort  (cost=386.40..386.64 rows=96 width=121)
	        Sort Key: c
	        ->  Index Scan using sbtest2_pkey on sbtest2  (cost=0.43..383.24 rows=96 width=121)
	              Index Cond: ((id >= 512839) AND (id <= 512938))

table 3 : explain SELECT DISTINCT c FROM sbtest3 WHERE id BETWEEN 2072484 AND 2072583 ORDER BY c
	Unique  (cost=439.81..440.36 rows=110 width=121)
	  ->  Sort  (cost=439.81..440.09 rows=110 width=121)
	        Sort Key: c
	        ->  Index Scan using sbtest3_pkey on sbtest3  (cost=0.43..436.08 rows=110 width=121)
	              Index Cond: ((id >= 2072484) AND (id <= 2072583))

table 4 : explain SELECT DISTINCT c FROM sbtest4 WHERE id BETWEEN 7074724 AND 7074823 ORDER BY c
	Unique  (cost=467.39..467.98 rows=117 width=121)
	  ->  Sort  (cost=467.39..467.69 rows=117 width=121)
	        Sort Key: c
	        ->  Index Scan using sbtest4_pkey on sbtest4  (cost=0.43..463.38 rows=117 width=121)
	              Index Cond: ((id >= 7074724) AND (id <= 7074823))

table 5 : explain SELECT DISTINCT c FROM sbtest5 WHERE id BETWEEN 7200577 AND 7200676 ORDER BY c
	Unique  (cost=443.61..444.17 rows=111 width=121)
	  ->  Sort  (cost=443.61..443.89 rows=111 width=121)
	        Sort Key: c
	        ->  Index Scan using sbtest5_pkey on sbtest5  (cost=0.43..439.84 rows=111 width=121)
	              Index Cond: ((id >= 7200577) AND (id <= 7200676))

table 6 : explain SELECT DISTINCT c FROM sbtest6 WHERE id BETWEEN 4166161 AND 4166260 ORDER BY c
	Unique  (cost=388.05..388.54 rows=97 width=121)
	  ->  Sort  (cost=388.05..388.29 rows=97 width=121)
	        Sort Key: c
	        ->  Index Scan using sbtest6_pkey on sbtest6  (cost=0.43..384.85 rows=97 width=121)
	              Index Cond: ((id >= 4166161) AND (id <= 4166260))

table 7 : explain SELECT DISTINCT c FROM sbtest7 WHERE id BETWEEN 1661780 AND 1661879 ORDER BY c
	Unique  (cost=411.07..411.58 rows=103 width=121)
	  ->  Sort  (cost=411.07..411.33 rows=103 width=121)
	        Sort Key: c
	        ->  Index Scan using sbtest7_pkey on sbtest7  (cost=0.43..407.62 rows=103 width=121)
	              Index Cond: ((id >= 1661780) AND (id <= 1661879))

table 8 : explain SELECT DISTINCT c FROM sbtest8 WHERE id BETWEEN 6831524 AND 6831623 ORDER BY c
	Unique  (cost=389.76..390.25 rows=98 width=121)
	  ->  Sort  (cost=389.76..390.00 rows=98 width=121)
	        Sort Key: c
	        ->  Index Scan using sbtest8_pkey on sbtest8  (cost=0.43..386.51 rows=98 width=121)
	              Index Cond: ((id >= 6831524) AND (id <= 6831623))

for: simple_ranges
table 1 : explain SELECT c FROM sbtest1 WHERE id BETWEEN 9321262 AND 9321361
	Index Scan using sbtest1_pkey on sbtest1  (cost=0.43..384.12 rows=97 width=121)
	  Index Cond: ((id >= 9321262) AND (id <= 9321361))

table 2 : explain SELECT c FROM sbtest2 WHERE id BETWEEN 3103057 AND 3103156
	Index Scan using sbtest2_pkey on sbtest2  (cost=0.43..402.96 rows=101 width=121)
	  Index Cond: ((id >= 3103057) AND (id <= 3103156))

table 3 : explain SELECT c FROM sbtest3 WHERE id BETWEEN 6788730 AND 6788829
	Index Scan using sbtest3_pkey on sbtest3  (cost=0.43..412.55 rows=104 width=121)
	  Index Cond: ((id >= 6788730) AND (id <= 6788829))

table 4 : explain SELECT c FROM sbtest4 WHERE id BETWEEN 2582929 AND 2583028
	Index Scan using sbtest4_pkey on sbtest4  (cost=0.43..392.80 rows=99 width=121)
	  Index Cond: ((id >= 2582929) AND (id <= 2583028))

table 5 : explain SELECT c FROM sbtest5 WHERE id BETWEEN 795780 AND 795879
	Index Scan using sbtest5_pkey on sbtest5  (cost=0.43..392.79 rows=99 width=121)
	  Index Cond: ((id >= 795780) AND (id <= 795879))

table 6 : explain SELECT c FROM sbtest6 WHERE id BETWEEN 5628056 AND 5628155
	Index Scan using sbtest6_pkey on sbtest6  (cost=0.43..396.61 rows=100 width=121)
	  Index Cond: ((id >= 5628056) AND (id <= 5628155))

table 7 : explain SELECT c FROM sbtest7 WHERE id BETWEEN 6540330 AND 6540429
	Index Scan using sbtest7_pkey on sbtest7  (cost=0.43..431.10 rows=109 width=121)
	  Index Cond: ((id >= 6540330) AND (id <= 6540429))

table 8 : explain SELECT c FROM sbtest8 WHERE id BETWEEN 2637581 AND 2637680
	Index Scan using sbtest8_pkey on sbtest8  (cost=0.43..363.13 rows=92 width=121)
	  Index Cond: ((id >= 2637581) AND (id <= 2637680))

explain: for point_selects :: explain SELECT c FROM sbtest%u WHERE id=%u
for: sum_ranges
table 1 : explain SELECT SUM(k) FROM sbtest1 WHERE id BETWEEN 6854186 AND 6854285
	Aggregate  (cost=349.10..349.11 rows=1 width=8)
	  ->  Index Scan using sbtest1_pkey on sbtest1  (cost=0.43..348.88 rows=88 width=4)
	        Index Cond: ((id >= 6854186) AND (id <= 6854285))

table 2 : explain SELECT SUM(k) FROM sbtest2 WHERE id BETWEEN 6815866 AND 6815965
	Aggregate  (cost=419.00..419.01 rows=1 width=8)
	  ->  Index Scan using sbtest2_pkey on sbtest2  (cost=0.43..418.74 rows=105 width=4)
	        Index Cond: ((id >= 6815866) AND (id <= 6815965))

table 3 : explain SELECT SUM(k) FROM sbtest3 WHERE id BETWEEN 4698900 AND 4698999
	Aggregate  (cost=377.48..377.49 rows=1 width=8)
	  ->  Index Scan using sbtest3_pkey on sbtest3  (cost=0.43..377.24 rows=95 width=4)
	        Index Cond: ((id >= 4698900) AND (id <= 4698999))

table 4 : explain SELECT SUM(k) FROM sbtest4 WHERE id BETWEEN 465280 AND 465379
	Aggregate  (cost=416.58..416.59 rows=1 width=8)
	  ->  Index Scan using sbtest4_pkey on sbtest4  (cost=0.43..416.32 rows=105 width=4)
	        Index Cond: ((id >= 465280) AND (id <= 465379))

table 5 : explain SELECT SUM(k) FROM sbtest5 WHERE id BETWEEN 2622142 AND 2622241
	Aggregate  (cost=396.96..396.97 rows=1 width=8)
	  ->  Index Scan using sbtest5_pkey on sbtest5  (cost=0.43..396.71 rows=100 width=4)
	        Index Cond: ((id >= 2622142) AND (id <= 2622241))

table 6 : explain SELECT SUM(k) FROM sbtest6 WHERE id BETWEEN 7484025 AND 7484124
	Aggregate  (cost=389.02..389.03 rows=1 width=8)
	  ->  Index Scan using sbtest6_pkey on sbtest6  (cost=0.43..388.77 rows=98 width=4)
	        Index Cond: ((id >= 7484025) AND (id <= 7484124))

table 7 : explain SELECT SUM(k) FROM sbtest7 WHERE id BETWEEN 9162989 AND 9163088
	Aggregate  (cost=368.73..368.74 rows=1 width=8)
	  ->  Index Scan using sbtest7_pkey on sbtest7  (cost=0.43..368.50 rows=93 width=4)
	        Index Cond: ((id >= 9162989) AND (id <= 9163088))

table 8 : explain SELECT SUM(k) FROM sbtest8 WHERE id BETWEEN 8838703 AND 8838802
	Aggregate  (cost=375.06..375.07 rows=1 width=8)
	  ->  Index Scan using sbtest8_pkey on sbtest8  (cost=0.43..374.82 rows=95 width=4)
	        Index Cond: ((id >= 8838703) AND (id <= 8838802))

for point_selects
table 1 : explain SELECT c FROM sbtest1 WHERE id=7594196
	Index Scan using sbtest1_pkey on sbtest1  (cost=0.43..8.45 rows=1 width=121)
	  Index Cond: (id = 7594196)

table 2 : explain SELECT c FROM sbtest2 WHERE id=6882737
	Index Scan using sbtest2_pkey on sbtest2  (cost=0.43..8.45 rows=1 width=121)
	  Index Cond: (id = 6882737)

table 3 : explain SELECT c FROM sbtest3 WHERE id=1194026
	Index Scan using sbtest3_pkey on sbtest3  (cost=0.43..8.45 rows=1 width=121)
	  Index Cond: (id = 1194026)

table 4 : explain SELECT c FROM sbtest4 WHERE id=9258549
	Index Scan using sbtest4_pkey on sbtest4  (cost=0.43..8.45 rows=1 width=121)
	  Index Cond: (id = 9258549)

table 5 : explain SELECT c FROM sbtest5 WHERE id=9615472
	Index Scan using sbtest5_pkey on sbtest5  (cost=0.43..8.45 rows=1 width=121)
	  Index Cond: (id = 9615472)

table 6 : explain SELECT c FROM sbtest6 WHERE id=3078279
	Index Scan using sbtest6_pkey on sbtest6  (cost=0.43..8.45 rows=1 width=121)
	  Index Cond: (id = 3078279)

table 7 : explain SELECT c FROM sbtest7 WHERE id=9417154
	Index Scan using sbtest7_pkey on sbtest7  (cost=0.43..8.45 rows=1 width=121)
	  Index Cond: (id = 9417154)

table 8 : explain SELECT c FROM sbtest8 WHERE id=7230027
	Index Scan using sbtest8_pkey on sbtest8  (cost=0.43..8.45 rows=1 width=121)
	  Index Cond: (id = 7230027)

for: simple_ranges
table 1 : explain SELECT c FROM sbtest1 WHERE id BETWEEN 5806370 AND 5806469
	Index Scan using sbtest1_pkey on sbtest1  (cost=0.43..395.86 rows=100 width=121)
	  Index Cond: ((id >= 5806370) AND (id <= 5806469))

table 2 : explain SELECT c FROM sbtest2 WHERE id BETWEEN 6929850 AND 6929949
	Index Scan using sbtest2_pkey on sbtest2  (cost=0.43..383.24 rows=96 width=121)
	  Index Cond: ((id >= 6929850) AND (id <= 6929949))

table 3 : explain SELECT c FROM sbtest3 WHERE id BETWEEN 8143008 AND 8143107
	Index Scan using sbtest3_pkey on sbtest3  (cost=0.43..400.78 rows=101 width=121)
	  Index Cond: ((id >= 8143008) AND (id <= 8143107))

table 4 : explain SELECT c FROM sbtest4 WHERE id BETWEEN 787964 AND 788063
	Index Scan using sbtest4_pkey on sbtest4  (cost=0.43..404.56 rows=102 width=121)
	  Index Cond: ((id >= 787964) AND (id <= 788063))

table 5 : explain SELECT c FROM sbtest5 WHERE id BETWEEN 3184954 AND 3185053
	Index Scan using sbtest5_pkey on sbtest5  (cost=0.43..408.47 rows=103 width=121)
	  Index Cond: ((id >= 3184954) AND (id <= 3185053))

table 6 : explain SELECT c FROM sbtest6 WHERE id BETWEEN 5980298 AND 5980397
	Index Scan using sbtest6_pkey on sbtest6  (cost=0.43..396.61 rows=100 width=121)
	  Index Cond: ((id >= 5980298) AND (id <= 5980397))

table 7 : explain SELECT c FROM sbtest7 WHERE id BETWEEN 6606807 AND 6606906
	Index Scan using sbtest7_pkey on sbtest7  (cost=0.43..431.10 rows=109 width=121)
	  Index Cond: ((id >= 6606807) AND (id <= 6606906))

table 8 : explain SELECT c FROM sbtest8 WHERE id BETWEEN 355915 AND 356014
	Index Scan using sbtest8_pkey on sbtest8  (cost=0.43..378.72 rows=96 width=121)
	  Index Cond: ((id >= 355915) AND (id <= 356014))

for: order_ranges
table 1 : explain SELECT c FROM sbtest1 WHERE id BETWEEN 7975615 AND 7975714 ORDER BY c
	Sort  (cost=379.42..379.65 rows=95 width=121)
	  Sort Key: c
	  ->  Index Scan using sbtest1_pkey on sbtest1  (cost=0.43..376.30 rows=95 width=121)
	        Index Cond: ((id >= 7975615) AND (id <= 7975714))

table 2 : explain SELECT c FROM sbtest2 WHERE id BETWEEN 6555487 AND 6555586 ORDER BY c
	Sort  (cost=458.13..458.42 rows=114 width=121)
	  Sort Key: c
	  ->  Index Scan using sbtest2_pkey on sbtest2  (cost=0.43..454.24 rows=114 width=121)
	        Index Cond: ((id >= 6555487) AND (id <= 6555586))

table 3 : explain SELECT c FROM sbtest3 WHERE id BETWEEN 9068352 AND 9068451 ORDER BY c
	Sort  (cost=408.10..408.36 rows=102 width=121)
	  Sort Key: c
	  ->  Index Scan using sbtest3_pkey on sbtest3  (cost=0.43..404.70 rows=102 width=121)
	        Index Cond: ((id >= 9068352) AND (id <= 9068451))

table 4 : explain SELECT c FROM sbtest4 WHERE id BETWEEN 9347356 AND 9347455 ORDER BY c
	Sort  (cost=419.85..420.11 rows=105 width=121)
	  Sort Key: c
	  ->  Index Scan using sbtest4_pkey on sbtest4  (cost=0.43..416.32 rows=105 width=121)
	        Index Cond: ((id >= 9347356) AND (id <= 9347455))

table 5 : explain SELECT c FROM sbtest5 WHERE id BETWEEN 2046526 AND 2046625 ORDER BY c
	Sort  (cost=348.51..348.73 rows=87 width=121)
	  Sort Key: c
	  ->  Index Scan using sbtest5_pkey on sbtest5  (cost=0.43..345.71 rows=87 width=121)
	        Index Cond: ((id >= 2046526) AND (id <= 2046625))

table 6 : explain SELECT c FROM sbtest6 WHERE id BETWEEN 4144859 AND 4144958 ORDER BY c
	Sort  (cost=388.05..388.29 rows=97 width=121)
	  Sort Key: c
	  ->  Index Scan using sbtest6_pkey on sbtest6  (cost=0.43..384.85 rows=97 width=121)
	        Index Cond: ((id >= 4144859) AND (id <= 4144958))

table 7 : explain SELECT c FROM sbtest7 WHERE id BETWEEN 4241765 AND 4241864 ORDER BY c
	Sort  (cost=407.12..407.37 rows=102 width=121)
	  Sort Key: c
	  ->  Index Scan using sbtest7_pkey on sbtest7  (cost=0.43..403.71 rows=102 width=121)
	        Index Cond: ((id >= 4241765) AND (id <= 4241864))

table 8 : explain SELECT c FROM sbtest8 WHERE id BETWEEN 2569015 AND 2569114 ORDER BY c
	Sort  (cost=366.14..366.37 rows=92 width=121)
	  Sort Key: c
	  ->  Index Scan using sbtest8_pkey on sbtest8  (cost=0.43..363.13 rows=92 width=121)
	        Index Cond: ((id >= 2569015) AND (id <= 2569114))

for point_selects
table 1 : explain SELECT c FROM sbtest1 WHERE id=4946147
	Index Scan using sbtest1_pkey on sbtest1  (cost=0.43..8.45 rows=1 width=121)
	  Index Cond: (id = 4946147)

table 2 : explain SELECT c FROM sbtest2 WHERE id=5031191
	Index Scan using sbtest2_pkey on sbtest2  (cost=0.43..8.45 rows=1 width=121)
	  Index Cond: (id = 5031191)

table 3 : explain SELECT c FROM sbtest3 WHERE id=5798672
	Index Scan using sbtest3_pkey on sbtest3  (cost=0.43..8.45 rows=1 width=121)
	  Index Cond: (id = 5798672)

table 4 : explain SELECT c FROM sbtest4 WHERE id=1442563
	Index Scan using sbtest4_pkey on sbtest4  (cost=0.43..8.45 rows=1 width=121)
	  Index Cond: (id = 1442563)

table 5 : explain SELECT c FROM sbtest5 WHERE id=409080
	Index Scan using sbtest5_pkey on sbtest5  (cost=0.43..8.45 rows=1 width=121)
	  Index Cond: (id = 409080)

table 6 : explain SELECT c FROM sbtest6 WHERE id=9848172
	Index Scan using sbtest6_pkey on sbtest6  (cost=0.43..8.45 rows=1 width=121)
	  Index Cond: (id = 9848172)

table 7 : explain SELECT c FROM sbtest7 WHERE id=2754754
	Index Scan using sbtest7_pkey on sbtest7  (cost=0.43..8.45 rows=1 width=121)
	  Index Cond: (id = 2754754)

table 8 : explain SELECT c FROM sbtest8 WHERE id=2761699
	Index Scan using sbtest8_pkey on sbtest8  (cost=0.43..8.45 rows=1 width=121)
	  Index Cond: (id = 2761699)

for point_selects
table 1 : explain SELECT c FROM sbtest1 WHERE id=6005560
	Index Scan using sbtest1_pkey on sbtest1  (cost=0.43..8.45 rows=1 width=121)
	  Index Cond: (id = 6005560)

table 2 : explain SELECT c FROM sbtest2 WHERE id=1403316
	Index Scan using sbtest2_pkey on sbtest2  (cost=0.43..8.45 rows=1 width=121)
	  Index Cond: (id = 1403316)

table 3 : explain SELECT c FROM sbtest3 WHERE id=9703520
	Index Scan using sbtest3_pkey on sbtest3  (cost=0.43..8.45 rows=1 width=121)
	  Index Cond: (id = 9703520)

table 4 : explain SELECT c FROM sbtest4 WHERE id=9788571
	Index Scan using sbtest4_pkey on sbtest4  (cost=0.43..8.45 rows=1 width=121)
	  Index Cond: (id = 9788571)

table 5 : explain SELECT c FROM sbtest5 WHERE id=3663746
	Index Scan using sbtest5_pkey on sbtest5  (cost=0.43..8.45 rows=1 width=121)
	  Index Cond: (id = 3663746)

table 6 : explain SELECT c FROM sbtest6 WHERE id=2772763
	Index Scan using sbtest6_pkey on sbtest6  (cost=0.43..8.45 rows=1 width=121)
	  Index Cond: (id = 2772763)

table 7 : explain SELECT c FROM sbtest7 WHERE id=5606352
	Index Scan using sbtest7_pkey on sbtest7  (cost=0.43..8.45 rows=1 width=121)
	  Index Cond: (id = 5606352)

table 8 : explain SELECT c FROM sbtest8 WHERE id=5512069
	Index Scan using sbtest8_pkey on sbtest8  (cost=0.43..8.45 rows=1 width=121)
	  Index Cond: (id = 5512069)

for: sum_ranges
table 1 : explain SELECT SUM(k) FROM sbtest1 WHERE id BETWEEN 1462905 AND 1463004
	Aggregate  (cost=349.10..349.11 rows=1 width=8)
	  ->  Index Scan using sbtest1_pkey on sbtest1  (cost=0.43..348.88 rows=88 width=4)
	        Index Cond: ((id >= 1462905) AND (id <= 1463004))

table 2 : explain SELECT SUM(k) FROM sbtest2 WHERE id BETWEEN 6254337 AND 6254436
	Aggregate  (cost=422.95..422.96 rows=1 width=8)
	  ->  Index Scan using sbtest2_pkey on sbtest2  (cost=0.43..422.68 rows=106 width=4)
	        Index Cond: ((id >= 6254337) AND (id <= 6254436))

table 3 : explain SELECT SUM(k) FROM sbtest3 WHERE id BETWEEN 2131994 AND 2132093
	Aggregate  (cost=393.18..393.19 rows=1 width=8)
	  ->  Index Scan using sbtest3_pkey on sbtest3  (cost=0.43..392.93 rows=99 width=4)
	        Index Cond: ((id >= 2131994) AND (id <= 2132093))

table 4 : explain SELECT SUM(k) FROM sbtest4 WHERE id BETWEEN 1888895 AND 1888994
	Aggregate  (cost=412.66..412.67 rows=1 width=8)
	  ->  Index Scan using sbtest4_pkey on sbtest4  (cost=0.43..412.40 rows=104 width=4)
	        Index Cond: ((id >= 1888895) AND (id <= 1888994))

table 5 : explain SELECT SUM(k) FROM sbtest5 WHERE id BETWEEN 8356816 AND 8356915
	Aggregate  (cost=408.73..408.74 rows=1 width=8)
	  ->  Index Scan using sbtest5_pkey on sbtest5  (cost=0.43..408.47 rows=103 width=4)
	        Index Cond: ((id >= 8356816) AND (id <= 8356915))

table 6 : explain SELECT SUM(k) FROM sbtest6 WHERE id BETWEEN 7860488 AND 7860587
	Aggregate  (cost=389.02..389.03 rows=1 width=8)
	  ->  Index Scan using sbtest6_pkey on sbtest6  (cost=0.43..388.77 rows=98 width=4)
	        Index Cond: ((id >= 7860488) AND (id <= 7860587))

table 7 : explain SELECT SUM(k) FROM sbtest7 WHERE id BETWEEN 5043142 AND 5043241
	Aggregate  (cost=400.05..400.06 rows=1 width=8)
	  ->  Index Scan using sbtest7_pkey on sbtest7  (cost=0.43..399.80 rows=101 width=4)
	        Index Cond: ((id >= 5043142) AND (id <= 5043241))

table 8 : explain SELECT SUM(k) FROM sbtest8 WHERE id BETWEEN 7753495 AND 7753594
	Aggregate  (cost=386.76..386.77 rows=1 width=8)
	  ->  Index Scan using sbtest8_pkey on sbtest8  (cost=0.43..386.51 rows=98 width=4)
	        Index Cond: ((id >= 7753495) AND (id <= 7753594))

for: order_ranges
table 1 : explain SELECT c FROM sbtest1 WHERE id BETWEEN 7909818 AND 7909917 ORDER BY c
	Sort  (cost=379.42..379.65 rows=95 width=121)
	  Sort Key: c
	  ->  Index Scan using sbtest1_pkey on sbtest1  (cost=0.43..376.30 rows=95 width=121)
	        Index Cond: ((id >= 7909818) AND (id <= 7909917))

table 2 : explain SELECT c FROM sbtest2 WHERE id BETWEEN 5916775 AND 5916874 ORDER BY c
	Sort  (cost=410.31..410.56 rows=102 width=121)
	  Sort Key: c
	  ->  Index Scan using sbtest2_pkey on sbtest2  (cost=0.43..406.90 rows=102 width=121)
	        Index Cond: ((id >= 5916775) AND (id <= 5916874))

table 3 : explain SELECT c FROM sbtest3 WHERE id BETWEEN 9292926 AND 9293025 ORDER BY c
	Sort  (cost=360.53..360.75 rows=90 width=121)
	  Sort Key: c
	  ->  Index Scan using sbtest3_pkey on sbtest3  (cost=0.43..357.61 rows=90 width=121)
	        Index Cond: ((id >= 9292926) AND (id <= 9293025))

table 4 : explain SELECT c FROM sbtest4 WHERE id BETWEEN 7469202 AND 7469301 ORDER BY c
	Sort  (cost=431.73..432.00 rows=108 width=121)
	  Sort Key: c
	  ->  Index Scan using sbtest4_pkey on sbtest4  (cost=0.43..428.09 rows=108 width=121)
	        Index Cond: ((id >= 7469202) AND (id <= 7469301))

table 5 : explain SELECT c FROM sbtest5 WHERE id BETWEEN 7721473 AND 7721572 ORDER BY c
	Sort  (cost=400.03..400.28 rows=100 width=121)
	  Sort Key: c
	  ->  Index Scan using sbtest5_pkey on sbtest5  (cost=0.43..396.71 rows=100 width=121)
	        Index Cond: ((id >= 7721473) AND (id <= 7721572))

table 6 : explain SELECT c FROM sbtest6 WHERE id BETWEEN 6352173 AND 6352272 ORDER BY c
	Sort  (cost=395.97..396.22 rows=99 width=121)
	  Sort Key: c
	  ->  Index Scan using sbtest6_pkey on sbtest6  (cost=0.43..392.69 rows=99 width=121)
	        Index Cond: ((id >= 6352173) AND (id <= 6352272))

table 7 : explain SELECT c FROM sbtest7 WHERE id BETWEEN 4344004 AND 4344103 ORDER BY c
	Sort  (cost=418.98..419.24 rows=105 width=121)
	  Sort Key: c
	  ->  Index Scan using sbtest7_pkey on sbtest7  (cost=0.43..415.45 rows=105 width=121)
	        Index Cond: ((id >= 4344004) AND (id <= 4344103))

table 8 : explain SELECT c FROM sbtest8 WHERE id BETWEEN 1730748 AND 1730847 ORDER BY c
	Sort  (cost=377.95..378.18 rows=95 width=121)
	  Sort Key: c
	  ->  Index Scan using sbtest8_pkey on sbtest8  (cost=0.43..374.82 rows=95 width=121)
	        Index Cond: ((id >= 1730748) AND (id <= 1730847))

for: simple_ranges
table 1 : explain SELECT c FROM sbtest1 WHERE id BETWEEN 185403 AND 185502
	Index Scan using sbtest1_pkey on sbtest1  (cost=0.43..384.12 rows=97 width=121)
	  Index Cond: ((id >= 185403) AND (id <= 185502))

table 2 : explain SELECT c FROM sbtest2 WHERE id BETWEEN 3089923 AND 3090022
	Index Scan using sbtest2_pkey on sbtest2  (cost=0.43..402.96 rows=101 width=121)
	  Index Cond: ((id >= 3089923) AND (id <= 3090022))

table 3 : explain SELECT c FROM sbtest3 WHERE id BETWEEN 7333189 AND 7333288
	Index Scan using sbtest3_pkey on sbtest3  (cost=0.43..396.86 rows=100 width=121)
	  Index Cond: ((id >= 7333189) AND (id <= 7333288))

table 4 : explain SELECT c FROM sbtest4 WHERE id BETWEEN 7580615 AND 7580714
	Index Scan using sbtest4_pkey on sbtest4  (cost=0.43..388.87 rows=98 width=121)
	  Index Cond: ((id >= 7580615) AND (id <= 7580714))

table 5 : explain SELECT c FROM sbtest5 WHERE id BETWEEN 4034422 AND 4034521
	Index Scan using sbtest5_pkey on sbtest5  (cost=0.43..388.84 rows=98 width=121)
	  Index Cond: ((id >= 4034422) AND (id <= 4034521))

table 6 : explain SELECT c FROM sbtest6 WHERE id BETWEEN 9955029 AND 9955128
	Index Scan using sbtest6_pkey on sbtest6  (cost=0.43..424.05 rows=107 width=121)
	  Index Cond: ((id >= 9955029) AND (id <= 9955128))

table 7 : explain SELECT c FROM sbtest7 WHERE id BETWEEN 9119572 AND 9119671
	Index Scan using sbtest7_pkey on sbtest7  (cost=0.43..415.45 rows=105 width=121)
	  Index Cond: ((id >= 9119572) AND (id <= 9119671))

table 8 : explain SELECT c FROM sbtest8 WHERE id BETWEEN 4696507 AND 4696606
	Index Scan using sbtest8_pkey on sbtest8  (cost=0.43..382.62 rows=97 width=121)
	  Index Cond: ((id >= 4696507) AND (id <= 4696606))

for: sum_ranges
table 1 : explain SELECT SUM(k) FROM sbtest1 WHERE id BETWEEN 4709568 AND 4709667
	Aggregate  (cost=400.02..400.03 rows=1 width=8)
	  ->  Index Scan using sbtest1_pkey on sbtest1  (cost=0.43..399.77 rows=101 width=4)
	        Index Cond: ((id >= 4709568) AND (id <= 4709667))

table 2 : explain SELECT SUM(k) FROM sbtest2 WHERE id BETWEEN 3547043 AND 3547142
	Aggregate  (cost=379.51..379.52 rows=1 width=8)
	  ->  Index Scan using sbtest2_pkey on sbtest2  (cost=0.43..379.27 rows=95 width=4)
	        Index Cond: ((id >= 3547043) AND (id <= 3547142))

table 3 : explain SELECT SUM(k) FROM sbtest3 WHERE id BETWEEN 3900830 AND 3900929
	Aggregate  (cost=361.76..361.77 rows=1 width=8)
	  ->  Index Scan using sbtest3_pkey on sbtest3  (cost=0.43..361.53 rows=91 width=4)
	        Index Cond: ((id >= 3900830) AND (id <= 3900929))

table 4 : explain SELECT SUM(k) FROM sbtest4 WHERE id BETWEEN 5340109 AND 5340208
	Aggregate  (cost=412.66..412.67 rows=1 width=8)
	  ->  Index Scan using sbtest4_pkey on sbtest4  (cost=0.43..412.40 rows=104 width=4)
	        Index Cond: ((id >= 5340109) AND (id <= 5340208))

table 5 : explain SELECT SUM(k) FROM sbtest5 WHERE id BETWEEN 1688206 AND 1688305
	Aggregate  (cost=436.19..436.20 rows=1 width=8)
	  ->  Index Scan using sbtest5_pkey on sbtest5  (cost=0.43..435.92 rows=110 width=4)
	        Index Cond: ((id >= 1688206) AND (id <= 1688305))

table 6 : explain SELECT SUM(k) FROM sbtest6 WHERE id BETWEEN 6182747 AND 6182846
	Aggregate  (cost=377.25..377.26 rows=1 width=8)
	  ->  Index Scan using sbtest6_pkey on sbtest6  (cost=0.43..377.01 rows=95 width=4)
	        Index Cond: ((id >= 6182747) AND (id <= 6182846))

table 7 : explain SELECT SUM(k) FROM sbtest7 WHERE id BETWEEN 3142934 AND 3143033
	Aggregate  (cost=396.14..396.15 rows=1 width=8)
	  ->  Index Scan using sbtest7_pkey on sbtest7  (cost=0.43..395.89 rows=100 width=4)
	        Index Cond: ((id >= 3142934) AND (id <= 3143033))

table 8 : explain SELECT SUM(k) FROM sbtest8 WHERE id BETWEEN 5351554 AND 5351653
	Aggregate  (cost=375.06..375.07 rows=1 width=8)
	  ->  Index Scan using sbtest8_pkey on sbtest8  (cost=0.43..374.82 rows=95 width=4)
	        Index Cond: ((id >= 5351554) AND (id <= 5351653))

explain: for point_selects :: explain SELECT c FROM sbtest%u WHERE id=%u
for: distinct_ranges
table 1 : explain SELECT DISTINCT c FROM sbtest1 WHERE id BETWEEN 662541 AND 662640 ORDER BY c
	Unique  (cost=363.58..364.03 rows=91 width=121)
	  ->  Sort  (cost=363.58..363.81 rows=91 width=121)
	        Sort Key: c
	        ->  Index Scan using sbtest1_pkey on sbtest1  (cost=0.43..360.62 rows=91 width=121)
	              Index Cond: ((id >= 662541) AND (id <= 662640))

table 2 : explain SELECT DISTINCT c FROM sbtest2 WHERE id BETWEEN 178113 AND 178212 ORDER BY c
	Unique  (cost=390.38..390.87 rows=97 width=121)
	  ->  Sort  (cost=390.38..390.63 rows=97 width=121)
	        Sort Key: c
	        ->  Index Scan using sbtest2_pkey on sbtest2  (cost=0.43..387.18 rows=97 width=121)
	              Index Cond: ((id >= 178113) AND (id <= 178212))

table 3 : explain SELECT DISTINCT c FROM sbtest3 WHERE id BETWEEN 4826912 AND 4827011 ORDER BY c
	Unique  (cost=396.22..396.71 rows=99 width=121)
	  ->  Sort  (cost=396.22..396.46 rows=99 width=121)
	        Sort Key: c
	        ->  Index Scan using sbtest3_pkey on sbtest3  (cost=0.43..392.93 rows=99 width=121)
	              Index Cond: ((id >= 4826912) AND (id <= 4827011))

table 4 : explain SELECT DISTINCT c FROM sbtest4 WHERE id BETWEEN 8257057 AND 8257156 ORDER BY c
	Unique  (cost=396.08..396.57 rows=99 width=121)
	  ->  Sort  (cost=396.08..396.32 rows=99 width=121)
	        Sort Key: c
	        ->  Index Scan using sbtest4_pkey on sbtest4  (cost=0.43..392.80 rows=99 width=121)
	              Index Cond: ((id >= 8257057) AND (id <= 8257156))

table 5 : explain SELECT DISTINCT c FROM sbtest5 WHERE id BETWEEN 9695200 AND 9695299 ORDER BY c
	Unique  (cost=388.12..388.61 rows=97 width=121)
	  ->  Sort  (cost=388.12..388.36 rows=97 width=121)
	        Sort Key: c
	        ->  Index Scan using sbtest5_pkey on sbtest5  (cost=0.43..384.92 rows=97 width=121)
	              Index Cond: ((id >= 9695200) AND (id <= 9695299))

table 6 : explain SELECT DISTINCT c FROM sbtest6 WHERE id BETWEEN 3852135 AND 3852234 ORDER BY c
	Unique  (cost=376.15..376.62 rows=94 width=121)
	  ->  Sort  (cost=376.15..376.38 rows=94 width=121)
	        Sort Key: c
	        ->  Index Scan using sbtest6_pkey on sbtest6  (cost=0.43..373.07 rows=94 width=121)
	              Index Cond: ((id >= 3852135) AND (id <= 3852234))

table 7 : explain SELECT DISTINCT c FROM sbtest7 WHERE id BETWEEN 6276737 AND 6276836 ORDER BY c
	Unique  (cost=418.98..419.50 rows=105 width=121)
	  ->  Sort  (cost=418.98..419.24 rows=105 width=121)
	        Sort Key: c
	        ->  Index Scan using sbtest7_pkey on sbtest7  (cost=0.43..415.45 rows=105 width=121)
	              Index Cond: ((id >= 6276737) AND (id <= 6276836))

table 8 : explain SELECT DISTINCT c FROM sbtest8 WHERE id BETWEEN 2899210 AND 2899309 ORDER BY c
	Unique  (cost=425.19..425.73 rows=107 width=121)
	  ->  Sort  (cost=425.19..425.46 rows=107 width=121)
	        Sort Key: c
	        ->  Index Scan using sbtest8_pkey on sbtest8  (cost=0.43..421.58 rows=107 width=121)
	              Index Cond: ((id >= 2899210) AND (id <= 2899309))

for: order_ranges
table 1 : explain SELECT c FROM sbtest1 WHERE id BETWEEN 6416503 AND 6416602 ORDER BY c
	Sort  (cost=383.37..383.61 rows=96 width=121)
	  Sort Key: c
	  ->  Index Scan using sbtest1_pkey on sbtest1  (cost=0.43..380.21 rows=96 width=121)
	        Index Cond: ((id >= 6416503) AND (id <= 6416602))

table 2 : explain SELECT c FROM sbtest2 WHERE id BETWEEN 6637608 AND 6637707 ORDER BY c
	Sort  (cost=450.16..450.44 rows=112 width=121)
	  Sort Key: c
	  ->  Index Scan using sbtest2_pkey on sbtest2  (cost=0.43..446.35 rows=112 width=121)
	        Index Cond: ((id >= 6637608) AND (id <= 6637707))

table 3 : explain SELECT c FROM sbtest3 WHERE id BETWEEN 8349122 AND 8349221 ORDER BY c
	Sort  (cost=392.25..392.50 rows=98 width=121)
	  Sort Key: c
	  ->  Index Scan using sbtest3_pkey on sbtest3  (cost=0.43..389.01 rows=98 width=121)
	        Index Cond: ((id >= 8349122) AND (id <= 8349221))

table 4 : explain SELECT c FROM sbtest4 WHERE id BETWEEN 5468923 AND 5469022 ORDER BY c
	Sort  (cost=388.15..388.40 rows=97 width=121)
	  Sort Key: c
	  ->  Index Scan using sbtest4_pkey on sbtest4  (cost=0.43..384.95 rows=97 width=121)
	        Index Cond: ((id >= 5468923) AND (id <= 5469022))

table 5 : explain SELECT c FROM sbtest5 WHERE id BETWEEN 54751 AND 54850 ORDER BY c
	Sort  (cost=423.80..424.07 rows=106 width=121)
	  Sort Key: c
	  ->  Index Scan using sbtest5_pkey on sbtest5  (cost=0.43..420.23 rows=106 width=121)
	        Index Cond: ((id >= 54751) AND (id <= 54850))

table 6 : explain SELECT c FROM sbtest6 WHERE id BETWEEN 2702730 AND 2702829 ORDER BY c
	Sort  (cost=403.89..404.15 rows=101 width=121)
	  Sort Key: c
	  ->  Index Scan using sbtest6_pkey on sbtest6  (cost=0.43..400.53 rows=101 width=121)
	        Index Cond: ((id >= 2702730) AND (id <= 2702829))

table 7 : explain SELECT c FROM sbtest7 WHERE id BETWEEN 2950376 AND 2950475 ORDER BY c
	Sort  (cost=387.35..387.59 rows=97 width=121)
	  Sort Key: c
	  ->  Index Scan using sbtest7_pkey on sbtest7  (cost=0.43..384.15 rows=97 width=121)
	        Index Cond: ((id >= 2950376) AND (id <= 2950475))

table 8 : explain SELECT c FROM sbtest8 WHERE id BETWEEN 3987838 AND 3987937 ORDER BY c
	Sort  (cost=433.07..433.34 rows=109 width=121)
	  Sort Key: c
	  ->  Index Scan using sbtest8_pkey on sbtest8  (cost=0.43..429.38 rows=109 width=121)
	        Index Cond: ((id >= 3987838) AND (id <= 3987937))

for: simple_ranges
table 1 : explain SELECT c FROM sbtest1 WHERE id BETWEEN 2437443 AND 2437542
	Index Scan using sbtest1_pkey on sbtest1  (cost=0.43..391.94 rows=99 width=121)
	  Index Cond: ((id >= 2437443) AND (id <= 2437542))

table 2 : explain SELECT c FROM sbtest2 WHERE id BETWEEN 1526307 AND 1526406
	Index Scan using sbtest2_pkey on sbtest2  (cost=0.43..418.74 rows=105 width=121)
	  Index Cond: ((id >= 1526307) AND (id <= 1526406))

table 3 : explain SELECT c FROM sbtest3 WHERE id BETWEEN 7793689 AND 7793788
	Index Scan using sbtest3_pkey on sbtest3  (cost=0.43..353.68 rows=89 width=121)
	  Index Cond: ((id >= 7793689) AND (id <= 7793788))

table 4 : explain SELECT c FROM sbtest4 WHERE id BETWEEN 8630440 AND 8630539
	Index Scan using sbtest4_pkey on sbtest4  (cost=0.43..377.11 rows=95 width=121)
	  Index Cond: ((id >= 8630440) AND (id <= 8630539))

table 5 : explain SELECT c FROM sbtest5 WHERE id BETWEEN 1129134 AND 1129233
	Index Scan using sbtest5_pkey on sbtest5  (cost=0.43..400.63 rows=101 width=121)
	  Index Cond: ((id >= 1129134) AND (id <= 1129233))

table 6 : explain SELECT c FROM sbtest6 WHERE id BETWEEN 7708420 AND 7708519
	Index Scan using sbtest6_pkey on sbtest6  (cost=0.43..384.85 rows=97 width=121)
	  Index Cond: ((id >= 7708420) AND (id <= 7708519))

table 7 : explain SELECT c FROM sbtest7 WHERE id BETWEEN 4246883 AND 4246982
	Index Scan using sbtest7_pkey on sbtest7  (cost=0.43..403.71 rows=102 width=121)
	  Index Cond: ((id >= 4246883) AND (id <= 4246982))

table 8 : explain SELECT c FROM sbtest8 WHERE id BETWEEN 8557166 AND 8557265
	Index Scan using sbtest8_pkey on sbtest8  (cost=0.43..367.03 rows=93 width=121)
	  Index Cond: ((id >= 8557166) AND (id <= 8557265))

for: simple_ranges
table 1 : explain SELECT c FROM sbtest1 WHERE id BETWEEN 3369571 AND 3369670
	Index Scan using sbtest1_pkey on sbtest1  (cost=0.43..380.21 rows=96 width=121)
	  Index Cond: ((id >= 3369571) AND (id <= 3369670))

table 2 : explain SELECT c FROM sbtest2 WHERE id BETWEEN 9400249 AND 9400348
	Index Scan using sbtest2_pkey on sbtest2  (cost=0.43..402.96 rows=101 width=121)
	  Index Cond: ((id >= 9400249) AND (id <= 9400348))

table 3 : explain SELECT c FROM sbtest3 WHERE id BETWEEN 6571022 AND 6571121
	Index Scan using sbtest3_pkey on sbtest3  (cost=0.43..365.48 rows=92 width=121)
	  Index Cond: ((id >= 6571022) AND (id <= 6571121))

table 4 : explain SELECT c FROM sbtest4 WHERE id BETWEEN 7307120 AND 7307219
	Index Scan using sbtest4_pkey on sbtest4  (cost=0.43..420.24 rows=106 width=121)
	  Index Cond: ((id >= 7307120) AND (id <= 7307219))

table 5 : explain SELECT c FROM sbtest5 WHERE id BETWEEN 6289482 AND 6289581
	Index Scan using sbtest5_pkey on sbtest5  (cost=0.43..404.55 rows=102 width=121)
	  Index Cond: ((id >= 6289482) AND (id <= 6289581))

table 6 : explain SELECT c FROM sbtest6 WHERE id BETWEEN 2061647 AND 2061746
	Index Scan using sbtest6_pkey on sbtest6  (cost=0.43..388.77 rows=98 width=121)
	  Index Cond: ((id >= 2061647) AND (id <= 2061746))

table 7 : explain SELECT c FROM sbtest7 WHERE id BETWEEN 7054909 AND 7055008
	Index Scan using sbtest7_pkey on sbtest7  (cost=0.43..384.15 rows=97 width=121)
	  Index Cond: ((id >= 7054909) AND (id <= 7055008))

table 8 : explain SELECT c FROM sbtest8 WHERE id BETWEEN 8016695 AND 8016794
	Index Scan using sbtest8_pkey on sbtest8  (cost=0.43..394.31 rows=100 width=121)
	  Index Cond: ((id >= 8016695) AND (id <= 8016794))

for: distinct_ranges
table 1 : explain SELECT DISTINCT c FROM sbtest1 WHERE id BETWEEN 7313536 AND 7313635 ORDER BY c
	Unique  (cost=403.13..403.64 rows=101 width=121)
	  ->  Sort  (cost=403.13..403.38 rows=101 width=121)
	        Sort Key: c
	        ->  Index Scan using sbtest1_pkey on sbtest1  (cost=0.43..399.77 rows=101 width=121)
	              Index Cond: ((id >= 7313536) AND (id <= 7313635))

table 2 : explain SELECT DISTINCT c FROM sbtest2 WHERE id BETWEEN 6874848 AND 6874947 ORDER BY c
	Unique  (cost=422.26..422.79 rows=105 width=121)
	  ->  Sort  (cost=422.26..422.53 rows=105 width=121)
	        Sort Key: c
	        ->  Index Scan using sbtest2_pkey on sbtest2  (cost=0.43..418.74 rows=105 width=121)
	              Index Cond: ((id >= 6874848) AND (id <= 6874947))

table 3 : explain SELECT DISTINCT c FROM sbtest3 WHERE id BETWEEN 6208809 AND 6208908 ORDER BY c
	Unique  (cost=447.74..448.30 rows=112 width=121)
	  ->  Sort  (cost=447.74..448.02 rows=112 width=121)
	        Sort Key: c
	        ->  Index Scan using sbtest3_pkey on sbtest3  (cost=0.43..443.93 rows=112 width=121)
	              Index Cond: ((id >= 6208809) AND (id <= 6208908))

table 4 : explain SELECT DISTINCT c FROM sbtest4 WHERE id BETWEEN 5305566 AND 5305665 ORDER BY c
	Unique  (cost=415.89..416.41 rows=104 width=121)
	  ->  Sort  (cost=415.89..416.15 rows=104 width=121)
	        Sort Key: c
	        ->  Index Scan using sbtest4_pkey on sbtest4  (cost=0.43..412.40 rows=104 width=121)
	              Index Cond: ((id >= 5305566) AND (id <= 5305665))

table 5 : explain SELECT DISTINCT c FROM sbtest5 WHERE id BETWEEN 1039123 AND 1039222 ORDER BY c
	Unique  (cost=372.28..372.74 rows=93 width=121)
	  ->  Sort  (cost=372.28..372.51 rows=93 width=121)
	        Sort Key: c
	        ->  Index Scan using sbtest5_pkey on sbtest5  (cost=0.43..369.24 rows=93 width=121)
	              Index Cond: ((id >= 1039123) AND (id <= 1039222))

table 6 : explain SELECT DISTINCT c FROM sbtest6 WHERE id BETWEEN 1259896 AND 1259995 ORDER BY c
	Unique  (cost=451.42..451.99 rows=113 width=121)
	  ->  Sort  (cost=451.42..451.71 rows=113 width=121)
	        Sort Key: c
	        ->  Index Scan using sbtest6_pkey on sbtest6  (cost=0.43..447.57 rows=113 width=121)
	              Index Cond: ((id >= 1259896) AND (id <= 1259995))

table 7 : explain SELECT DISTINCT c FROM sbtest7 WHERE id BETWEEN 7389365 AND 7389464 ORDER BY c
	Unique  (cost=415.02..415.54 rows=104 width=121)
	  ->  Sort  (cost=415.02..415.28 rows=104 width=121)
	        Sort Key: c
	        ->  Index Scan using sbtest7_pkey on sbtest7  (cost=0.43..411.54 rows=104 width=121)
	              Index Cond: ((id >= 7389365) AND (id <= 7389464))

table 8 : explain SELECT DISTINCT c FROM sbtest8 WHERE id BETWEEN 2219147 AND 2219246 ORDER BY c
	Unique  (cost=409.44..409.96 rows=103 width=121)
	  ->  Sort  (cost=409.44..409.70 rows=103 width=121)
	        Sort Key: c
	        ->  Index Scan using sbtest8_pkey on sbtest8  (cost=0.43..406.00 rows=103 width=121)
	              Index Cond: ((id >= 2219147) AND (id <= 2219246))

explain: for point_selects :: explain SELECT c FROM sbtest%u WHERE id=%u
explain: for point_selects :: explain SELECT c FROM sbtest%u WHERE id=%u
for point_selects
table 1 : explain SELECT c FROM sbtest1 WHERE id=280467
	Index Scan using sbtest1_pkey on sbtest1  (cost=0.43..8.45 rows=1 width=121)
	  Index Cond: (id = 280467)

table 2 : explain SELECT c FROM sbtest2 WHERE id=3617471
	Index Scan using sbtest2_pkey on sbtest2  (cost=0.43..8.45 rows=1 width=121)
	  Index Cond: (id = 3617471)

table 3 : explain SELECT c FROM sbtest3 WHERE id=9717075
	Index Scan using sbtest3_pkey on sbtest3  (cost=0.43..8.45 rows=1 width=121)
	  Index Cond: (id = 9717075)

table 4 : explain SELECT c FROM sbtest4 WHERE id=4009255
	Index Scan using sbtest4_pkey on sbtest4  (cost=0.43..8.45 rows=1 width=121)
	  Index Cond: (id = 4009255)

table 5 : explain SELECT c FROM sbtest5 WHERE id=4299618
	Index Scan using sbtest5_pkey on sbtest5  (cost=0.43..8.45 rows=1 width=121)
	  Index Cond: (id = 4299618)

table 6 : explain SELECT c FROM sbtest6 WHERE id=6574350
	Index Scan using sbtest6_pkey on sbtest6  (cost=0.43..8.45 rows=1 width=121)
	  Index Cond: (id = 6574350)

table 7 : explain SELECT c FROM sbtest7 WHERE id=2741524
	Index Scan using sbtest7_pkey on sbtest7  (cost=0.43..8.45 rows=1 width=121)
	  Index Cond: (id = 2741524)

table 8 : explain SELECT c FROM sbtest8 WHERE id=1410846
	Index Scan using sbtest8_pkey on sbtest8  (cost=0.43..8.45 rows=1 width=121)
	  Index Cond: (id = 1410846)

for: distinct_ranges
table 1 : explain SELECT DISTINCT c FROM sbtest1 WHERE id BETWEEN 5044532 AND 5044631 ORDER BY c
	Unique  (cost=387.32..387.81 rows=97 width=121)
	  ->  Sort  (cost=387.32..387.56 rows=97 width=121)
	        Sort Key: c
	        ->  Index Scan using sbtest1_pkey on sbtest1  (cost=0.43..384.12 rows=97 width=121)
	              Index Cond: ((id >= 5044532) AND (id <= 5044631))

table 2 : explain SELECT DISTINCT c FROM sbtest2 WHERE id BETWEEN 1297699 AND 1297798 ORDER BY c
	Unique  (cost=406.32..406.83 rows=101 width=121)
	  ->  Sort  (cost=406.32..406.58 rows=101 width=121)
	        Sort Key: c
	        ->  Index Scan using sbtest2_pkey on sbtest2  (cost=0.43..402.96 rows=101 width=121)
	              Index Cond: ((id >= 1297699) AND (id <= 1297798))

table 3 : explain SELECT DISTINCT c FROM sbtest3 WHERE id BETWEEN 3776399 AND 3776498 ORDER BY c
	Unique  (cost=447.74..448.30 rows=112 width=121)
	  ->  Sort  (cost=447.74..448.02 rows=112 width=121)
	        Sort Key: c
	        ->  Index Scan using sbtest3_pkey on sbtest3  (cost=0.43..443.93 rows=112 width=121)
	              Index Cond: ((id >= 3776399) AND (id <= 3776498))

table 4 : explain SELECT DISTINCT c FROM sbtest4 WHERE id BETWEEN 2394367 AND 2394466 ORDER BY c
	Unique  (cost=400.04..400.54 rows=100 width=121)
	  ->  Sort  (cost=400.04..400.29 rows=100 width=121)
	        Sort Key: c
	        ->  Index Scan using sbtest4_pkey on sbtest4  (cost=0.43..396.72 rows=100 width=121)
	              Index Cond: ((id >= 2394367) AND (id <= 2394466))

table 5 : explain SELECT DISTINCT c FROM sbtest5 WHERE id BETWEEN 2968693 AND 2968792 ORDER BY c
	Unique  (cost=400.03..400.53 rows=100 width=121)
	  ->  Sort  (cost=400.03..400.28 rows=100 width=121)
	        Sort Key: c
	        ->  Index Scan using sbtest5_pkey on sbtest5  (cost=0.43..396.71 rows=100 width=121)
	              Index Cond: ((id >= 2968693) AND (id <= 2968792))

table 6 : explain SELECT DISTINCT c FROM sbtest6 WHERE id BETWEEN 4365802 AND 4365901 ORDER BY c
	Unique  (cost=356.35..356.79 rows=89 width=121)
	  ->  Sort  (cost=356.35..356.57 rows=89 width=121)
	        Sort Key: c
	        ->  Index Scan using sbtest6_pkey on sbtest6  (cost=0.43..353.47 rows=89 width=121)
	              Index Cond: ((id >= 4365802) AND (id <= 4365901))

table 7 : explain SELECT DISTINCT c FROM sbtest7 WHERE id BETWEEN 6961865 AND 6961964 ORDER BY c
	Unique  (cost=446.65..447.21 rows=112 width=121)
	  ->  Sort  (cost=446.65..446.93 rows=112 width=121)
	        Sort Key: c
	        ->  Index Scan using sbtest7_pkey on sbtest7  (cost=0.43..442.84 rows=112 width=121)
	              Index Cond: ((id >= 6961865) AND (id <= 6961964))

table 8 : explain SELECT DISTINCT c FROM sbtest8 WHERE id BETWEEN 6726891 AND 6726990 ORDER BY c
	Unique  (cost=417.32..417.84 rows=105 width=121)
	  ->  Sort  (cost=417.32..417.58 rows=105 width=121)
	        Sort Key: c
	        ->  Index Scan using sbtest8_pkey on sbtest8  (cost=0.43..413.79 rows=105 width=121)
	              Index Cond: ((id >= 6726891) AND (id <= 6726990))

for: order_ranges
table 1 : explain SELECT c FROM sbtest1 WHERE id BETWEEN 3406669 AND 3406768 ORDER BY c
	Sort  (cost=399.18..399.43 rows=100 width=121)
	  Sort Key: c
	  ->  Index Scan using sbtest1_pkey on sbtest1  (cost=0.43..395.86 rows=100 width=121)
	        Index Cond: ((id >= 3406669) AND (id <= 3406768))

table 2 : explain SELECT c FROM sbtest2 WHERE id BETWEEN 4792628 AND 4792727 ORDER BY c
	Sort  (cost=418.28..418.54 rows=104 width=121)
	  Sort Key: c
	  ->  Index Scan using sbtest2_pkey on sbtest2  (cost=0.43..414.79 rows=104 width=121)
	        Index Cond: ((id >= 4792628) AND (id <= 4792727))

table 3 : explain SELECT c FROM sbtest3 WHERE id BETWEEN 4739187 AND 4739286 ORDER BY c
	Sort  (cost=380.36..380.60 rows=95 width=121)
	  Sort Key: c
	  ->  Index Scan using sbtest3_pkey on sbtest3  (cost=0.43..377.24 rows=95 width=121)
	        Index Cond: ((id >= 4739187) AND (id <= 4739286))

table 4 : explain SELECT c FROM sbtest4 WHERE id BETWEEN 7499975 AND 7500074 ORDER BY c
	Sort  (cost=392.12..392.36 rows=98 width=121)
	  Sort Key: c
	  ->  Index Scan using sbtest4_pkey on sbtest4  (cost=0.43..388.87 rows=98 width=121)
	        Index Cond: ((id >= 7499975) AND (id <= 7500074))

table 5 : explain SELECT c FROM sbtest5 WHERE id BETWEEN 5052593 AND 5052692 ORDER BY c
	Sort  (cost=407.95..408.21 rows=102 width=121)
	  Sort Key: c
	  ->  Index Scan using sbtest5_pkey on sbtest5  (cost=0.43..404.55 rows=102 width=121)
	        Index Cond: ((id >= 5052593) AND (id <= 5052692))

table 6 : explain SELECT c FROM sbtest6 WHERE id BETWEEN 738389 AND 738488 ORDER BY c
	Sort  (cost=427.66..427.93 rows=107 width=121)
	  Sort Key: c
	  ->  Index Scan using sbtest6_pkey on sbtest6  (cost=0.43..424.05 rows=107 width=121)
	        Index Cond: ((id >= 738389) AND (id <= 738488))

table 7 : explain SELECT c FROM sbtest7 WHERE id BETWEEN 5291559 AND 5291658 ORDER BY c
	Sort  (cost=343.85..344.06 rows=86 width=121)
	  Sort Key: c
	  ->  Index Scan using sbtest7_pkey on sbtest7  (cost=0.43..341.08 rows=86 width=121)
	        Index Cond: ((id >= 5291559) AND (id <= 5291658))

table 8 : explain SELECT c FROM sbtest8 WHERE id BETWEEN 3260567 AND 3260666 ORDER BY c
	Sort  (cost=389.76..390.00 rows=98 width=121)
	  Sort Key: c
	  ->  Index Scan using sbtest8_pkey on sbtest8  (cost=0.43..386.51 rows=98 width=121)
	        Index Cond: ((id >= 3260567) AND (id <= 3260666))

for: sum_ranges
table 1 : explain SELECT SUM(k) FROM sbtest1 WHERE id BETWEEN 548930 AND 549029
	Aggregate  (cost=392.19..392.20 rows=1 width=8)
	  ->  Index Scan using sbtest1_pkey on sbtest1  (cost=0.43..391.94 rows=99 width=4)
	        Index Cond: ((id >= 548930) AND (id <= 549029))

table 2 : explain SELECT SUM(k) FROM sbtest2 WHERE id BETWEEN 4536259 AND 4536358
	Aggregate  (cost=407.16..407.17 rows=1 width=8)
	  ->  Index Scan using sbtest2_pkey on sbtest2  (cost=0.43..406.90 rows=102 width=4)
	        Index Cond: ((id >= 4536259) AND (id <= 4536358))

table 3 : explain SELECT SUM(k) FROM sbtest3 WHERE id BETWEEN 8385774 AND 8385873
	Aggregate  (cost=393.18..393.19 rows=1 width=8)
	  ->  Index Scan using sbtest3_pkey on sbtest3  (cost=0.43..392.93 rows=99 width=4)
	        Index Cond: ((id >= 8385774) AND (id <= 8385873))

table 4 : explain SELECT SUM(k) FROM sbtest4 WHERE id BETWEEN 8412465 AND 8412564
	Aggregate  (cost=369.50..369.51 rows=1 width=8)
	  ->  Index Scan using sbtest4_pkey on sbtest4  (cost=0.43..369.27 rows=93 width=4)
	        Index Cond: ((id >= 8412465) AND (id <= 8412564))

table 5 : explain SELECT SUM(k) FROM sbtest5 WHERE id BETWEEN 4631244 AND 4631343
	Aggregate  (cost=432.27..432.28 rows=1 width=8)
	  ->  Index Scan using sbtest5_pkey on sbtest5  (cost=0.43..432.00 rows=109 width=4)
	        Index Cond: ((id >= 4631244) AND (id <= 4631343))

table 6 : explain SELECT SUM(k) FROM sbtest6 WHERE id BETWEEN 5699463 AND 5699562
	Aggregate  (cost=400.78..400.79 rows=1 width=8)
	  ->  Index Scan using sbtest6_pkey on sbtest6  (cost=0.43..400.53 rows=101 width=4)
	        Index Cond: ((id >= 5699463) AND (id <= 5699562))

table 7 : explain SELECT SUM(k) FROM sbtest7 WHERE id BETWEEN 8632855 AND 8632954
	Aggregate  (cost=388.31..388.32 rows=1 width=8)
	  ->  Index Scan using sbtest7_pkey on sbtest7  (cost=0.43..388.06 rows=98 width=4)
	        Index Cond: ((id >= 8632855) AND (id <= 8632954))

table 8 : explain SELECT SUM(k) FROM sbtest8 WHERE id BETWEEN 7486473 AND 7486572
	Aggregate  (cost=402.36..402.37 rows=1 width=8)
	  ->  Index Scan using sbtest8_pkey on sbtest8  (cost=0.43..402.10 rows=102 width=4)
	        Index Cond: ((id >= 7486473) AND (id <= 7486572))

for: simple_ranges
table 1 : explain SELECT c FROM sbtest1 WHERE id BETWEEN 199388 AND 199487
	Index Scan using sbtest1_pkey on sbtest1  (cost=0.43..388.03 rows=98 width=121)
	  Index Cond: ((id >= 199388) AND (id <= 199487))

table 2 : explain SELECT c FROM sbtest2 WHERE id BETWEEN 4333508 AND 4333607
	Index Scan using sbtest2_pkey on sbtest2  (cost=0.43..402.96 rows=101 width=121)
	  Index Cond: ((id >= 4333508) AND (id <= 4333607))

table 3 : explain SELECT c FROM sbtest3 WHERE id BETWEEN 3574847 AND 3574946
	Index Scan using sbtest3_pkey on sbtest3  (cost=0.43..385.09 rows=97 width=121)
	  Index Cond: ((id >= 3574847) AND (id <= 3574946))

table 4 : explain SELECT c FROM sbtest4 WHERE id BETWEEN 375893 AND 375992
	Index Scan using sbtest4_pkey on sbtest4  (cost=0.43..396.72 rows=100 width=121)
	  Index Cond: ((id >= 375893) AND (id <= 375992))

table 5 : explain SELECT c FROM sbtest5 WHERE id BETWEEN 5752463 AND 5752562
	Index Scan using sbtest5_pkey on sbtest5  (cost=0.43..369.24 rows=93 width=121)
	  Index Cond: ((id >= 5752463) AND (id <= 5752562))

table 6 : explain SELECT c FROM sbtest6 WHERE id BETWEEN 8445371 AND 8445470
	Index Scan using sbtest6_pkey on sbtest6  (cost=0.43..396.61 rows=100 width=121)
	  Index Cond: ((id >= 8445371) AND (id <= 8445470))

table 7 : explain SELECT c FROM sbtest7 WHERE id BETWEEN 8213992 AND 8214091
	Index Scan using sbtest7_pkey on sbtest7  (cost=0.43..427.19 rows=108 width=121)
	  Index Cond: ((id >= 8213992) AND (id <= 8214091))

table 8 : explain SELECT c FROM sbtest8 WHERE id BETWEEN 8323807 AND 8323906
	Index Scan using sbtest8_pkey on sbtest8  (cost=0.43..406.00 rows=103 width=121)
	  Index Cond: ((id >= 8323807) AND (id <= 8323906))

for point_selects
table 1 : explain SELECT c FROM sbtest1 WHERE id=5307226
	Index Scan using sbtest1_pkey on sbtest1  (cost=0.43..8.45 rows=1 width=121)
	  Index Cond: (id = 5307226)

table 2 : explain SELECT c FROM sbtest2 WHERE id=8477631
	Index Scan using sbtest2_pkey on sbtest2  (cost=0.43..8.45 rows=1 width=121)
	  Index Cond: (id = 8477631)

table 3 : explain SELECT c FROM sbtest3 WHERE id=6060542
	Index Scan using sbtest3_pkey on sbtest3  (cost=0.43..8.45 rows=1 width=121)
	  Index Cond: (id = 6060542)

table 4 : explain SELECT c FROM sbtest4 WHERE id=8119798
	Index Scan using sbtest4_pkey on sbtest4  (cost=0.43..8.45 rows=1 width=121)
	  Index Cond: (id = 8119798)

table 5 : explain SELECT c FROM sbtest5 WHERE id=6128333
	Index Scan using sbtest5_pkey on sbtest5  (cost=0.43..8.45 rows=1 width=121)
	  Index Cond: (id = 6128333)

table 6 : explain SELECT c FROM sbtest6 WHERE id=5774613
	Index Scan using sbtest6_pkey on sbtest6  (cost=0.43..8.45 rows=1 width=121)
	  Index Cond: (id = 5774613)

table 7 : explain SELECT c FROM sbtest7 WHERE id=5084204
	Index Scan using sbtest7_pkey on sbtest7  (cost=0.43..8.45 rows=1 width=121)
	  Index Cond: (id = 5084204)

table 8 : explain SELECT c FROM sbtest8 WHERE id=6662828
	Index Scan using sbtest8_pkey on sbtest8  (cost=0.43..8.45 rows=1 width=121)
	  Index Cond: (id = 6662828)

for point_selects
table 1 : explain SELECT c FROM sbtest1 WHERE id=9957685
	Index Scan using sbtest1_pkey on sbtest1  (cost=0.43..8.45 rows=1 width=121)
	  Index Cond: (id = 9957685)

table 2 : explain SELECT c FROM sbtest2 WHERE id=3575045
	Index Scan using sbtest2_pkey on sbtest2  (cost=0.43..8.45 rows=1 width=121)
	  Index Cond: (id = 3575045)

table 3 : explain SELECT c FROM sbtest3 WHERE id=2075928
	Index Scan using sbtest3_pkey on sbtest3  (cost=0.43..8.45 rows=1 width=121)
	  Index Cond: (id = 2075928)

table 4 : explain SELECT c FROM sbtest4 WHERE id=9506081
	Index Scan using sbtest4_pkey on sbtest4  (cost=0.43..8.45 rows=1 width=121)
	  Index Cond: (id = 9506081)

table 5 : explain SELECT c FROM sbtest5 WHERE id=7931894
	Index Scan using sbtest5_pkey on sbtest5  (cost=0.43..8.45 rows=1 width=121)
	  Index Cond: (id = 7931894)

table 6 : explain SELECT c FROM sbtest6 WHERE id=2529870
	Index Scan using sbtest6_pkey on sbtest6  (cost=0.43..8.45 rows=1 width=121)
	  Index Cond: (id = 2529870)

table 7 : explain SELECT c FROM sbtest7 WHERE id=6383804
	Index Scan using sbtest7_pkey on sbtest7  (cost=0.43..8.45 rows=1 width=121)
	  Index Cond: (id = 6383804)

table 8 : explain SELECT c FROM sbtest8 WHERE id=8266766
	Index Scan using sbtest8_pkey on sbtest8  (cost=0.43..8.45 rows=1 width=121)
	  Index Cond: (id = 8266766)

for point_selects
table 1 : explain SELECT c FROM sbtest1 WHERE id=2385053
	Index Scan using sbtest1_pkey on sbtest1  (cost=0.43..8.45 rows=1 width=121)
	  Index Cond: (id = 2385053)

table 2 : explain SELECT c FROM sbtest2 WHERE id=3684048
	Index Scan using sbtest2_pkey on sbtest2  (cost=0.43..8.45 rows=1 width=121)
	  Index Cond: (id = 3684048)

table 3 : explain SELECT c FROM sbtest3 WHERE id=2135308
	Index Scan using sbtest3_pkey on sbtest3  (cost=0.43..8.45 rows=1 width=121)
	  Index Cond: (id = 2135308)

table 4 : explain SELECT c FROM sbtest4 WHERE id=1536189
	Index Scan using sbtest4_pkey on sbtest4  (cost=0.43..8.45 rows=1 width=121)
	  Index Cond: (id = 1536189)

table 5 : explain SELECT c FROM sbtest5 WHERE id=4485238
	Index Scan using sbtest5_pkey on sbtest5  (cost=0.43..8.45 rows=1 width=121)
	  Index Cond: (id = 4485238)

table 6 : explain SELECT c FROM sbtest6 WHERE id=6362526
	Index Scan using sbtest6_pkey on sbtest6  (cost=0.43..8.45 rows=1 width=121)
	  Index Cond: (id = 6362526)

table 7 : explain SELECT c FROM sbtest7 WHERE id=7921685
	Index Scan using sbtest7_pkey on sbtest7  (cost=0.43..8.45 rows=1 width=121)
	  Index Cond: (id = 7921685)

table 8 : explain SELECT c FROM sbtest8 WHERE id=34828
	Index Scan using sbtest8_pkey on sbtest8  (cost=0.43..8.45 rows=1 width=121)
	  Index Cond: (id = 34828)

for point_selects
table 1 : explain SELECT c FROM sbtest1 WHERE id=2216176
	Index Scan using sbtest1_pkey on sbtest1  (cost=0.43..8.45 rows=1 width=121)
	  Index Cond: (id = 2216176)

table 2 : explain SELECT c FROM sbtest2 WHERE id=1613702
	Index Scan using sbtest2_pkey on sbtest2  (cost=0.43..8.45 rows=1 width=121)
	  Index Cond: (id = 1613702)

table 3 : explain SELECT c FROM sbtest3 WHERE id=7994449
	Index Scan using sbtest3_pkey on sbtest3  (cost=0.43..8.45 rows=1 width=121)
	  Index Cond: (id = 7994449)

table 4 : explain SELECT c FROM sbtest4 WHERE id=7856330
	Index Scan using sbtest4_pkey on sbtest4  (cost=0.43..8.45 rows=1 width=121)
	  Index Cond: (id = 7856330)

table 5 : explain SELECT c FROM sbtest5 WHERE id=6938147
	Index Scan using sbtest5_pkey on sbtest5  (cost=0.43..8.45 rows=1 width=121)
	  Index Cond: (id = 6938147)

table 6 : explain SELECT c FROM sbtest6 WHERE id=8060977
	Index Scan using sbtest6_pkey on sbtest6  (cost=0.43..8.45 rows=1 width=121)
	  Index Cond: (id = 8060977)

table 7 : explain SELECT c FROM sbtest7 WHERE id=1691526
	Index Scan using sbtest7_pkey on sbtest7  (cost=0.43..8.45 rows=1 width=121)
	  Index Cond: (id = 1691526)

table 8 : explain SELECT c FROM sbtest8 WHERE id=4588976
	Index Scan using sbtest8_pkey on sbtest8  (cost=0.43..8.45 rows=1 width=121)
	  Index Cond: (id = 4588976)

for: sum_ranges
table 1 : explain SELECT SUM(k) FROM sbtest1 WHERE id BETWEEN 2796953 AND 2797052
	Aggregate  (cost=411.77..411.78 rows=1 width=8)
	  ->  Index Scan using sbtest1_pkey on sbtest1  (cost=0.43..411.51 rows=104 width=4)
	        Index Cond: ((id >= 2796953) AND (id <= 2797052))

table 2 : explain SELECT SUM(k) FROM sbtest2 WHERE id BETWEEN 1151606 AND 1151705
	Aggregate  (cost=411.11..411.12 rows=1 width=8)
	  ->  Index Scan using sbtest2_pkey on sbtest2  (cost=0.43..410.85 rows=103 width=4)
	        Index Cond: ((id >= 1151606) AND (id <= 1151705))

table 3 : explain SELECT SUM(k) FROM sbtest3 WHERE id BETWEEN 3313106 AND 3313205
	Aggregate  (cost=424.58..424.59 rows=1 width=8)
	  ->  Index Scan using sbtest3_pkey on sbtest3  (cost=0.43..424.31 rows=107 width=4)
	        Index Cond: ((id >= 3313106) AND (id <= 3313205))

table 4 : explain SELECT SUM(k) FROM sbtest4 WHERE id BETWEEN 8820328 AND 8820427
	Aggregate  (cost=404.81..404.82 rows=1 width=8)
	  ->  Index Scan using sbtest4_pkey on sbtest4  (cost=0.43..404.56 rows=102 width=4)
	        Index Cond: ((id >= 8820328) AND (id <= 8820427))

table 5 : explain SELECT SUM(k) FROM sbtest5 WHERE id BETWEEN 6194723 AND 6194822
	Aggregate  (cost=432.27..432.28 rows=1 width=8)
	  ->  Index Scan using sbtest5_pkey on sbtest5  (cost=0.43..432.00 rows=109 width=4)
	        Index Cond: ((id >= 6194723) AND (id <= 6194822))

table 6 : explain SELECT SUM(k) FROM sbtest6 WHERE id BETWEEN 3512692 AND 3512791
	Aggregate  (cost=381.17..381.18 rows=1 width=8)
	  ->  Index Scan using sbtest6_pkey on sbtest6  (cost=0.43..380.93 rows=96 width=4)
	        Index Cond: ((id >= 3512692) AND (id <= 3512791))

table 7 : explain SELECT SUM(k) FROM sbtest7 WHERE id BETWEEN 3310928 AND 3311027
	Aggregate  (cost=388.31..388.32 rows=1 width=8)
	  ->  Index Scan using sbtest7_pkey on sbtest7  (cost=0.43..388.06 rows=98 width=4)
	        Index Cond: ((id >= 3310928) AND (id <= 3311027))

table 8 : explain SELECT SUM(k) FROM sbtest8 WHERE id BETWEEN 3422039 AND 3422138
	Aggregate  (cost=378.96..378.97 rows=1 width=8)
	  ->  Index Scan using sbtest8_pkey on sbtest8  (cost=0.43..378.72 rows=96 width=4)
	        Index Cond: ((id >= 3422039) AND (id <= 3422138))

for: sum_ranges
table 1 : explain SELECT SUM(k) FROM sbtest1 WHERE id BETWEEN 8716457 AND 8716556
	Aggregate  (cost=372.59..372.60 rows=1 width=8)
	  ->  Index Scan using sbtest1_pkey on sbtest1  (cost=0.43..372.36 rows=94 width=4)
	        Index Cond: ((id >= 8716457) AND (id <= 8716556))

table 2 : explain SELECT SUM(k) FROM sbtest2 WHERE id BETWEEN 5533542 AND 5533641
	Aggregate  (cost=371.62..371.63 rows=1 width=8)
	  ->  Index Scan using sbtest2_pkey on sbtest2  (cost=0.43..371.39 rows=93 width=4)
	        Index Cond: ((id >= 5533542) AND (id <= 5533641))

table 3 : explain SELECT SUM(k) FROM sbtest3 WHERE id BETWEEN 4158534 AND 4158633
	Aggregate  (cost=416.73..416.74 rows=1 width=8)
	  ->  Index Scan using sbtest3_pkey on sbtest3  (cost=0.43..416.47 rows=105 width=4)
	        Index Cond: ((id >= 4158534) AND (id <= 4158633))

table 4 : explain SELECT SUM(k) FROM sbtest4 WHERE id BETWEEN 5685591 AND 5685690
	Aggregate  (cost=396.97..396.98 rows=1 width=8)
	  ->  Index Scan using sbtest4_pkey on sbtest4  (cost=0.43..396.72 rows=100 width=4)
	        Index Cond: ((id >= 5685591) AND (id <= 5685690))

table 5 : explain SELECT SUM(k) FROM sbtest5 WHERE id BETWEEN 6354241 AND 6354340
	Aggregate  (cost=393.04..393.05 rows=1 width=8)
	  ->  Index Scan using sbtest5_pkey on sbtest5  (cost=0.43..392.79 rows=99 width=4)
	        Index Cond: ((id >= 6354241) AND (id <= 6354340))

table 6 : explain SELECT SUM(k) FROM sbtest6 WHERE id BETWEEN 3118258 AND 3118357
	Aggregate  (cost=389.02..389.03 rows=1 width=8)
	  ->  Index Scan using sbtest6_pkey on sbtest6  (cost=0.43..388.77 rows=98 width=4)
	        Index Cond: ((id >= 3118258) AND (id <= 3118357))

table 7 : explain SELECT SUM(k) FROM sbtest7 WHERE id BETWEEN 7353489 AND 7353588
	Aggregate  (cost=411.80..411.81 rows=1 width=8)
	  ->  Index Scan using sbtest7_pkey on sbtest7  (cost=0.43..411.54 rows=104 width=4)
	        Index Cond: ((id >= 7353489) AND (id <= 7353588))

table 8 : explain SELECT SUM(k) FROM sbtest8 WHERE id BETWEEN 322271 AND 322370
	Aggregate  (cost=378.96..378.97 rows=1 width=8)
	  ->  Index Scan using sbtest8_pkey on sbtest8  (cost=0.43..378.72 rows=96 width=4)
	        Index Cond: ((id >= 322271) AND (id <= 322370))

explain: for point_selects :: explain SELECT c FROM sbtest%u WHERE id=%u
explain: for point_selects :: explain SELECT c FROM sbtest%u WHERE id=%u
for: simple_ranges
table 1 : explain SELECT c FROM sbtest1 WHERE id BETWEEN 4436994 AND 4437093
	Index Scan using sbtest1_pkey on sbtest1  (cost=0.43..407.59 rows=103 width=121)
	  Index Cond: ((id >= 4436994) AND (id <= 4437093))

table 2 : explain SELECT c FROM sbtest2 WHERE id BETWEEN 4169130 AND 4169229
	Index Scan using sbtest2_pkey on sbtest2  (cost=0.43..414.79 rows=104 width=121)
	  Index Cond: ((id >= 4169130) AND (id <= 4169229))

table 3 : explain SELECT c FROM sbtest3 WHERE id BETWEEN 4619175 AND 4619274
	Index Scan using sbtest3_pkey on sbtest3  (cost=0.43..404.70 rows=102 width=121)
	  Index Cond: ((id >= 4619175) AND (id <= 4619274))

table 4 : explain SELECT c FROM sbtest4 WHERE id BETWEEN 937782 AND 937881
	Index Scan using sbtest4_pkey on sbtest4  (cost=0.43..377.11 rows=95 width=121)
	  Index Cond: ((id >= 937782) AND (id <= 937881))

table 5 : explain SELECT c FROM sbtest5 WHERE id BETWEEN 1479073 AND 1479172
	Index Scan using sbtest5_pkey on sbtest5  (cost=0.43..400.63 rows=101 width=121)
	  Index Cond: ((id >= 1479073) AND (id <= 1479172))

table 6 : explain SELECT c FROM sbtest6 WHERE id BETWEEN 2136099 AND 2136198
	Index Scan using sbtest6_pkey on sbtest6  (cost=0.43..420.13 rows=106 width=121)
	  Index Cond: ((id >= 2136099) AND (id <= 2136198))

table 7 : explain SELECT c FROM sbtest7 WHERE id BETWEEN 8162066 AND 8162165
	Index Scan using sbtest7_pkey on sbtest7  (cost=0.43..427.19 rows=108 width=121)
	  Index Cond: ((id >= 8162066) AND (id <= 8162165))

table 8 : explain SELECT c FROM sbtest8 WHERE id BETWEEN 9312259 AND 9312358
	Index Scan using sbtest8_pkey on sbtest8  (cost=0.43..406.00 rows=103 width=121)
	  Index Cond: ((id >= 9312259) AND (id <= 9312358))

for: simple_ranges
table 1 : explain SELECT c FROM sbtest1 WHERE id BETWEEN 1807328 AND 1807427
	Index Scan using sbtest1_pkey on sbtest1  (cost=0.43..388.03 rows=98 width=121)
	  Index Cond: ((id >= 1807328) AND (id <= 1807427))

table 2 : explain SELECT c FROM sbtest2 WHERE id BETWEEN 6016654 AND 6016753
	Index Scan using sbtest2_pkey on sbtest2  (cost=0.43..426.63 rows=107 width=121)
	  Index Cond: ((id >= 6016654) AND (id <= 6016753))

table 3 : explain SELECT c FROM sbtest3 WHERE id BETWEEN 8222026 AND 8222125
	Index Scan using sbtest3_pkey on sbtest3  (cost=0.43..369.40 rows=93 width=121)
	  Index Cond: ((id >= 8222026) AND (id <= 8222125))

table 4 : explain SELECT c FROM sbtest4 WHERE id BETWEEN 9599943 AND 9600042
	Index Scan using sbtest4_pkey on sbtest4  (cost=0.43..388.87 rows=98 width=121)
	  Index Cond: ((id >= 9599943) AND (id <= 9600042))

table 5 : explain SELECT c FROM sbtest5 WHERE id BETWEEN 1901934 AND 1902033
	Index Scan using sbtest5_pkey on sbtest5  (cost=0.43..377.08 rows=95 width=121)
	  Index Cond: ((id >= 1901934) AND (id <= 1902033))

table 6 : explain SELECT c FROM sbtest6 WHERE id BETWEEN 4598849 AND 4598948
	Index Scan using sbtest6_pkey on sbtest6  (cost=0.43..424.05 rows=107 width=121)
	  Index Cond: ((id >= 4598849) AND (id <= 4598948))

table 7 : explain SELECT c FROM sbtest7 WHERE id BETWEEN 9778091 AND 9778190
	Index Scan using sbtest7_pkey on sbtest7  (cost=0.43..438.93 rows=111 width=121)
	  Index Cond: ((id >= 9778091) AND (id <= 9778190))

table 8 : explain SELECT c FROM sbtest8 WHERE id BETWEEN 4990992 AND 4991091
	Index Scan using sbtest8_pkey on sbtest8  (cost=0.43..409.89 rows=104 width=121)
	  Index Cond: ((id >= 4990992) AND (id <= 4991091))

for: distinct_ranges
table 1 : explain SELECT DISTINCT c FROM sbtest1 WHERE id BETWEEN 6692722 AND 6692821 ORDER BY c
	Unique  (cost=383.37..383.85 rows=96 width=121)
	  ->  Sort  (cost=383.37..383.61 rows=96 width=121)
	        Sort Key: c
	        ->  Index Scan using sbtest1_pkey on sbtest1  (cost=0.43..380.21 rows=96 width=121)
	              Index Cond: ((id >= 6692722) AND (id <= 6692821))

table 2 : explain SELECT DISTINCT c FROM sbtest2 WHERE id BETWEEN 6581917 AND 6582016 ORDER BY c
	Unique  (cost=458.13..458.70 rows=114 width=121)
	  ->  Sort  (cost=458.13..458.42 rows=114 width=121)
	        Sort Key: c
	        ->  Index Scan using sbtest2_pkey on sbtest2  (cost=0.43..454.24 rows=114 width=121)
	              Index Cond: ((id >= 6581917) AND (id <= 6582016))

table 3 : explain SELECT DISTINCT c FROM sbtest3 WHERE id BETWEEN 7337879 AND 7337978 ORDER BY c
	Unique  (cost=400.18..400.68 rows=100 width=121)
	  ->  Sort  (cost=400.18..400.43 rows=100 width=121)
	        Sort Key: c
	        ->  Index Scan using sbtest3_pkey on sbtest3  (cost=0.43..396.86 rows=100 width=121)
	              Index Cond: ((id >= 7337879) AND (id <= 7337978))

table 4 : explain SELECT DISTINCT c FROM sbtest4 WHERE id BETWEEN 4851819 AND 4851918 ORDER BY c
	Unique  (cost=388.15..388.64 rows=97 width=121)
	  ->  Sort  (cost=388.15..388.40 rows=97 width=121)
	        Sort Key: c
	        ->  Index Scan using sbtest4_pkey on sbtest4  (cost=0.43..384.95 rows=97 width=121)
	              Index Cond: ((id >= 4851819) AND (id <= 4851918))

table 5 : explain SELECT DISTINCT c FROM sbtest5 WHERE id BETWEEN 7153142 AND 7153241 ORDER BY c
	Unique  (cost=443.61..444.17 rows=111 width=121)
	  ->  Sort  (cost=443.61..443.89 rows=111 width=121)
	        Sort Key: c
	        ->  Index Scan using sbtest5_pkey on sbtest5  (cost=0.43..439.84 rows=111 width=121)
	              Index Cond: ((id >= 7153142) AND (id <= 7153241))

table 6 : explain SELECT DISTINCT c FROM sbtest6 WHERE id BETWEEN 3217177 AND 3217276 ORDER BY c
	Unique  (cost=376.15..376.62 rows=94 width=121)
	  ->  Sort  (cost=376.15..376.38 rows=94 width=121)
	        Sort Key: c
	        ->  Index Scan using sbtest6_pkey on sbtest6  (cost=0.43..373.07 rows=94 width=121)
	              Index Cond: ((id >= 3217177) AND (id <= 3217276))

table 7 : explain SELECT DISTINCT c FROM sbtest7 WHERE id BETWEEN 8375492 AND 8375591 ORDER BY c
	Unique  (cost=387.35..387.83 rows=97 width=121)
	  ->  Sort  (cost=387.35..387.59 rows=97 width=121)
	        Sort Key: c
	        ->  Index Scan using sbtest7_pkey on sbtest7  (cost=0.43..384.15 rows=97 width=121)
	              Index Cond: ((id >= 8375492) AND (id <= 8375591))

table 8 : explain SELECT DISTINCT c FROM sbtest8 WHERE id BETWEEN 4407978 AND 4408077 ORDER BY c
	Unique  (cost=385.82..386.30 rows=97 width=121)
	  ->  Sort  (cost=385.82..386.06 rows=97 width=121)
	        Sort Key: c
	        ->  Index Scan using sbtest8_pkey on sbtest8  (cost=0.43..382.62 rows=97 width=121)
	              Index Cond: ((id >= 4407978) AND (id <= 4408077))

for: sum_ranges
table 1 : explain SELECT SUM(k) FROM sbtest1 WHERE id BETWEEN 3074822 AND 3074921
	Aggregate  (cost=435.26..435.27 rows=1 width=8)
	  ->  Index Scan using sbtest1_pkey on sbtest1  (cost=0.43..434.98 rows=110 width=4)
	        Index Cond: ((id >= 3074822) AND (id <= 3074921))

table 2 : explain SELECT SUM(k) FROM sbtest2 WHERE id BETWEEN 8076852 AND 8076951
	Aggregate  (cost=407.16..407.17 rows=1 width=8)
	  ->  Index Scan using sbtest2_pkey on sbtest2  (cost=0.43..406.90 rows=102 width=4)
	        Index Cond: ((id >= 8076852) AND (id <= 8076951))

table 3 : explain SELECT SUM(k) FROM sbtest3 WHERE id BETWEEN 5119425 AND 5119524
	Aggregate  (cost=393.18..393.19 rows=1 width=8)
	  ->  Index Scan using sbtest3_pkey on sbtest3  (cost=0.43..392.93 rows=99 width=4)
	        Index Cond: ((id >= 5119425) AND (id <= 5119524))

table 4 : explain SELECT SUM(k) FROM sbtest4 WHERE id BETWEEN 5380444 AND 5380543
	Aggregate  (cost=412.66..412.67 rows=1 width=8)
	  ->  Index Scan using sbtest4_pkey on sbtest4  (cost=0.43..412.40 rows=104 width=4)
	        Index Cond: ((id >= 5380444) AND (id <= 5380543))

table 5 : explain SELECT SUM(k) FROM sbtest5 WHERE id BETWEEN 8986415 AND 8986514
	Aggregate  (cost=408.73..408.74 rows=1 width=8)
	  ->  Index Scan using sbtest5_pkey on sbtest5  (cost=0.43..408.47 rows=103 width=4)
	        Index Cond: ((id >= 8986415) AND (id <= 8986514))

table 6 : explain SELECT SUM(k) FROM sbtest6 WHERE id BETWEEN 8728062 AND 8728161
	Aggregate  (cost=396.86..396.87 rows=1 width=8)
	  ->  Index Scan using sbtest6_pkey on sbtest6  (cost=0.43..396.61 rows=100 width=4)
	        Index Cond: ((id >= 8728062) AND (id <= 8728161))

table 7 : explain SELECT SUM(k) FROM sbtest7 WHERE id BETWEEN 8357373 AND 8357472
	Aggregate  (cost=384.39..384.40 rows=1 width=8)
	  ->  Index Scan using sbtest7_pkey on sbtest7  (cost=0.43..384.15 rows=97 width=4)
	        Index Cond: ((id >= 8357373) AND (id <= 8357472))

table 8 : explain SELECT SUM(k) FROM sbtest8 WHERE id BETWEEN 9457030 AND 9457129
	Aggregate  (cost=378.96..378.97 rows=1 width=8)
	  ->  Index Scan using sbtest8_pkey on sbtest8  (cost=0.43..378.72 rows=96 width=4)
	        Index Cond: ((id >= 9457030) AND (id <= 9457129))

for: simple_ranges
table 1 : explain SELECT c FROM sbtest1 WHERE id BETWEEN 9154968 AND 9155067
	Index Scan using sbtest1_pkey on sbtest1  (cost=0.43..380.21 rows=96 width=121)
	  Index Cond: ((id >= 9154968) AND (id <= 9155067))

table 2 : explain SELECT c FROM sbtest2 WHERE id BETWEEN 797747 AND 797846
	Index Scan using sbtest2_pkey on sbtest2  (cost=0.43..395.07 rows=99 width=121)
	  Index Cond: ((id >= 797747) AND (id <= 797846))

table 3 : explain SELECT c FROM sbtest3 WHERE id BETWEEN 8028014 AND 8028113
	Index Scan using sbtest3_pkey on sbtest3  (cost=0.43..436.08 rows=110 width=121)
	  Index Cond: ((id >= 8028014) AND (id <= 8028113))

table 4 : explain SELECT c FROM sbtest4 WHERE id BETWEEN 3178480 AND 3178579
	Index Scan using sbtest4_pkey on sbtest4  (cost=0.43..388.87 rows=98 width=121)
	  Index Cond: ((id >= 3178480) AND (id <= 3178579))

table 5 : explain SELECT c FROM sbtest5 WHERE id BETWEEN 7852508 AND 7852607
	Index Scan using sbtest5_pkey on sbtest5  (cost=0.43..428.08 rows=108 width=121)
	  Index Cond: ((id >= 7852508) AND (id <= 7852607))

table 6 : explain SELECT c FROM sbtest6 WHERE id BETWEEN 9062823 AND 9062922
	Index Scan using sbtest6_pkey on sbtest6  (cost=0.43..408.37 rows=103 width=121)
	  Index Cond: ((id >= 9062823) AND (id <= 9062922))

table 7 : explain SELECT c FROM sbtest7 WHERE id BETWEEN 9548859 AND 9548958
	Index Scan using sbtest7_pkey on sbtest7  (cost=0.43..407.62 rows=103 width=121)
	  Index Cond: ((id >= 9548859) AND (id <= 9548958))

table 8 : explain SELECT c FROM sbtest8 WHERE id BETWEEN 2222331 AND 2222430
	Index Scan using sbtest8_pkey on sbtest8  (cost=0.43..406.00 rows=103 width=121)
	  Index Cond: ((id >= 2222331) AND (id <= 2222430))

for: order_ranges
table 1 : explain SELECT c FROM sbtest1 WHERE id BETWEEN 8574753 AND 8574852 ORDER BY c
	Sort  (cost=391.27..391.52 rows=98 width=121)
	  Sort Key: c
	  ->  Index Scan using sbtest1_pkey on sbtest1  (cost=0.43..388.03 rows=98 width=121)
	        Index Cond: ((id >= 8574753) AND (id <= 8574852))

table 2 : explain SELECT c FROM sbtest2 WHERE id BETWEEN 2768111 AND 2768210 ORDER BY c
	Sort  (cost=394.37..394.61 rows=98 width=121)
	  Sort Key: c
	  ->  Index Scan using sbtest2_pkey on sbtest2  (cost=0.43..391.13 rows=98 width=121)
	        Index Cond: ((id >= 2768111) AND (id <= 2768210))

table 3 : explain SELECT c FROM sbtest3 WHERE id BETWEEN 3056267 AND 3056366 ORDER BY c
	Sort  (cost=376.40..376.64 rows=94 width=121)
	  Sort Key: c
	  ->  Index Scan using sbtest3_pkey on sbtest3  (cost=0.43..373.32 rows=94 width=121)
	        Index Cond: ((id >= 3056267) AND (id <= 3056366))

table 4 : explain SELECT c FROM sbtest4 WHERE id BETWEEN 6428058 AND 6428157 ORDER BY c
	Sort  (cost=407.96..408.22 rows=102 width=121)
	  Sort Key: c
	  ->  Index Scan using sbtest4_pkey on sbtest4  (cost=0.43..404.56 rows=102 width=121)
	        Index Cond: ((id >= 6428058) AND (id <= 6428157))

table 5 : explain SELECT c FROM sbtest5 WHERE id BETWEEN 9687714 AND 9687813 ORDER BY c
	Sort  (cost=388.12..388.36 rows=97 width=121)
	  Sort Key: c
	  ->  Index Scan using sbtest5_pkey on sbtest5  (cost=0.43..384.92 rows=97 width=121)
	        Index Cond: ((id >= 9687714) AND (id <= 9687813))

table 6 : explain SELECT c FROM sbtest6 WHERE id BETWEEN 8173392 AND 8173491 ORDER BY c
	Sort  (cost=384.09..384.33 rows=96 width=121)
	  Sort Key: c
	  ->  Index Scan using sbtest6_pkey on sbtest6  (cost=0.43..380.93 rows=96 width=121)
	        Index Cond: ((id >= 8173392) AND (id <= 8173491))

table 7 : explain SELECT c FROM sbtest7 WHERE id BETWEEN 9902589 AND 9902688 ORDER BY c
	Sort  (cost=375.49..375.73 rows=94 width=121)
	  Sort Key: c
	  ->  Index Scan using sbtest7_pkey on sbtest7  (cost=0.43..372.41 rows=94 width=121)
	        Index Cond: ((id >= 9902589) AND (id <= 9902688))

table 8 : explain SELECT c FROM sbtest8 WHERE id BETWEEN 8489688 AND 8489787 ORDER BY c
	Sort  (cost=381.88..382.12 rows=96 width=121)
	  Sort Key: c
	  ->  Index Scan using sbtest8_pkey on sbtest8  (cost=0.43..378.72 rows=96 width=121)
	        Index Cond: ((id >= 8489688) AND (id <= 8489787))

explain: for point_selects :: explain SELECT c FROM sbtest%u WHERE id=%u
for: simple_ranges
table 1 : explain SELECT c FROM sbtest1 WHERE id BETWEEN 2446560 AND 2446659
	Index Scan using sbtest1_pkey on sbtest1  (cost=0.43..391.94 rows=99 width=121)
	  Index Cond: ((id >= 2446560) AND (id <= 2446659))

table 2 : explain SELECT c FROM sbtest2 WHERE id BETWEEN 7618933 AND 7619032
	Index Scan using sbtest2_pkey on sbtest2  (cost=0.43..454.24 rows=114 width=121)
	  Index Cond: ((id >= 7618933) AND (id <= 7619032))

table 3 : explain SELECT c FROM sbtest3 WHERE id BETWEEN 3152435 AND 3152534
	Index Scan using sbtest3_pkey on sbtest3  (cost=0.43..377.24 rows=95 width=121)
	  Index Cond: ((id >= 3152435) AND (id <= 3152534))

table 4 : explain SELECT c FROM sbtest4 WHERE id BETWEEN 8577467 AND 8577566
	Index Scan using sbtest4_pkey on sbtest4  (cost=0.43..388.87 rows=98 width=121)
	  Index Cond: ((id >= 8577467) AND (id <= 8577566))

table 5 : explain SELECT c FROM sbtest5 WHERE id BETWEEN 3501041 AND 3501140
	Index Scan using sbtest5_pkey on sbtest5  (cost=0.43..381.00 rows=96 width=121)
	  Index Cond: ((id >= 3501041) AND (id <= 3501140))

table 6 : explain SELECT c FROM sbtest6 WHERE id BETWEEN 6266828 AND 6266927
	Index Scan using sbtest6_pkey on sbtest6  (cost=0.43..384.85 rows=97 width=121)
	  Index Cond: ((id >= 6266828) AND (id <= 6266927))

table 7 : explain SELECT c FROM sbtest7 WHERE id BETWEEN 2092363 AND 2092462
	Index Scan using sbtest7_pkey on sbtest7  (cost=0.43..376.32 rows=95 width=121)
	  Index Cond: ((id >= 2092363) AND (id <= 2092462))

table 8 : explain SELECT c FROM sbtest8 WHERE id BETWEEN 1148984 AND 1149083
	Index Scan using sbtest8_pkey on sbtest8  (cost=0.43..402.10 rows=102 width=121)
	  Index Cond: ((id >= 1148984) AND (id <= 1149083))

for: sum_ranges
table 1 : explain SELECT SUM(k) FROM sbtest1 WHERE id BETWEEN 3021277 AND 3021376
	Aggregate  (cost=400.02..400.03 rows=1 width=8)
	  ->  Index Scan using sbtest1_pkey on sbtest1  (cost=0.43..399.77 rows=101 width=4)
	        Index Cond: ((id >= 3021277) AND (id <= 3021376))

table 2 : explain SELECT SUM(k) FROM sbtest2 WHERE id BETWEEN 5074430 AND 5074529
	Aggregate  (cost=419.00..419.01 rows=1 width=8)
	  ->  Index Scan using sbtest2_pkey on sbtest2  (cost=0.43..418.74 rows=105 width=4)
	        Index Cond: ((id >= 5074430) AND (id <= 5074529))

table 3 : explain SELECT SUM(k) FROM sbtest3 WHERE id BETWEEN 339784 AND 339883
	Aggregate  (cost=420.66..420.67 rows=1 width=8)
	  ->  Index Scan using sbtest3_pkey on sbtest3  (cost=0.43..420.39 rows=106 width=4)
	        Index Cond: ((id >= 339784) AND (id <= 339883))

table 4 : explain SELECT SUM(k) FROM sbtest4 WHERE id BETWEEN 5555353 AND 5555452
	Aggregate  (cost=404.81..404.82 rows=1 width=8)
	  ->  Index Scan using sbtest4_pkey on sbtest4  (cost=0.43..404.56 rows=102 width=4)
	        Index Cond: ((id >= 5555353) AND (id <= 5555452))

table 5 : explain SELECT SUM(k) FROM sbtest5 WHERE id BETWEEN 9740176 AND 9740275
	Aggregate  (cost=404.81..404.82 rows=1 width=8)
	  ->  Index Scan using sbtest5_pkey on sbtest5  (cost=0.43..404.55 rows=102 width=4)
	        Index Cond: ((id >= 9740176) AND (id <= 9740275))

table 6 : explain SELECT SUM(k) FROM sbtest6 WHERE id BETWEEN 4206753 AND 4206852
	Aggregate  (cost=404.71..404.72 rows=1 width=8)
	  ->  Index Scan using sbtest6_pkey on sbtest6  (cost=0.43..404.45 rows=102 width=4)
	        Index Cond: ((id >= 4206753) AND (id <= 4206852))

table 7 : explain SELECT SUM(k) FROM sbtest7 WHERE id BETWEEN 3229059 AND 3229158
	Aggregate  (cost=360.90..360.91 rows=1 width=8)
	  ->  Index Scan using sbtest7_pkey on sbtest7  (cost=0.43..360.67 rows=91 width=4)
	        Index Cond: ((id >= 3229059) AND (id <= 3229158))

table 8 : explain SELECT SUM(k) FROM sbtest8 WHERE id BETWEEN 697309 AND 697408
	Aggregate  (cost=398.46..398.47 rows=1 width=8)
	  ->  Index Scan using sbtest8_pkey on sbtest8  (cost=0.43..398.20 rows=101 width=4)
	        Index Cond: ((id >= 697309) AND (id <= 697408))

for: sum_ranges
table 1 : explain SELECT SUM(k) FROM sbtest1 WHERE id BETWEEN 4356043 AND 4356142
	Aggregate  (cost=384.36..384.37 rows=1 width=8)
	  ->  Index Scan using sbtest1_pkey on sbtest1  (cost=0.43..384.12 rows=97 width=4)
	        Index Cond: ((id >= 4356043) AND (id <= 4356142))

table 2 : explain SELECT SUM(k) FROM sbtest2 WHERE id BETWEEN 4264383 AND 4264482
	Aggregate  (cost=403.21..403.22 rows=1 width=8)
	  ->  Index Scan using sbtest2_pkey on sbtest2  (cost=0.43..402.96 rows=101 width=4)
	        Index Cond: ((id >= 4264383) AND (id <= 4264482))

table 3 : explain SELECT SUM(k) FROM sbtest3 WHERE id BETWEEN 8987130 AND 8987229
	Aggregate  (cost=404.96..404.97 rows=1 width=8)
	  ->  Index Scan using sbtest3_pkey on sbtest3  (cost=0.43..404.70 rows=102 width=4)
	        Index Cond: ((id >= 8987130) AND (id <= 8987229))

table 4 : explain SELECT SUM(k) FROM sbtest4 WHERE id BETWEEN 5851817 AND 5851916
	Aggregate  (cost=396.97..396.98 rows=1 width=8)
	  ->  Index Scan using sbtest4_pkey on sbtest4  (cost=0.43..396.72 rows=100 width=4)
	        Index Cond: ((id >= 5851817) AND (id <= 5851916))

table 5 : explain SELECT SUM(k) FROM sbtest5 WHERE id BETWEEN 4883104 AND 4883203
	Aggregate  (cost=393.04..393.05 rows=1 width=8)
	  ->  Index Scan using sbtest5_pkey on sbtest5  (cost=0.43..392.79 rows=99 width=4)
	        Index Cond: ((id >= 4883104) AND (id <= 4883203))

table 6 : explain SELECT SUM(k) FROM sbtest6 WHERE id BETWEEN 7246034 AND 7246133
	Aggregate  (cost=396.86..396.87 rows=1 width=8)
	  ->  Index Scan using sbtest6_pkey on sbtest6  (cost=0.43..396.61 rows=100 width=4)
	        Index Cond: ((id >= 7246034) AND (id <= 7246133))

table 7 : explain SELECT SUM(k) FROM sbtest7 WHERE id BETWEEN 6302456 AND 6302555
	Aggregate  (cost=415.71..415.72 rows=1 width=8)
	  ->  Index Scan using sbtest7_pkey on sbtest7  (cost=0.43..415.45 rows=105 width=4)
	        Index Cond: ((id >= 6302456) AND (id <= 6302555))

table 8 : explain SELECT SUM(k) FROM sbtest8 WHERE id BETWEEN 283290 AND 283389
	Aggregate  (cost=363.36..363.37 rows=1 width=8)
	  ->  Index Scan using sbtest8_pkey on sbtest8  (cost=0.43..363.13 rows=92 width=4)
	        Index Cond: ((id >= 283290) AND (id <= 283389))

for: order_ranges
table 1 : explain SELECT c FROM sbtest1 WHERE id BETWEEN 3953386 AND 3953485 ORDER BY c
	Sort  (cost=438.71..438.98 rows=110 width=121)
	  Sort Key: c
	  ->  Index Scan using sbtest1_pkey on sbtest1  (cost=0.43..434.98 rows=110 width=121)
	        Index Cond: ((id >= 3953386) AND (id <= 3953485))

table 2 : explain SELECT c FROM sbtest2 WHERE id BETWEEN 4688663 AND 4688762 ORDER BY c
	Sort  (cost=394.37..394.61 rows=98 width=121)
	  Sort Key: c
	  ->  Index Scan using sbtest2_pkey on sbtest2  (cost=0.43..391.13 rows=98 width=121)
	        Index Cond: ((id >= 4688663) AND (id <= 4688762))

table 3 : explain SELECT c FROM sbtest3 WHERE id BETWEEN 8109883 AND 8109982 ORDER BY c
	Sort  (cost=404.14..404.39 rows=101 width=121)
	  Sort Key: c
	  ->  Index Scan using sbtest3_pkey on sbtest3  (cost=0.43..400.78 rows=101 width=121)
	        Index Cond: ((id >= 8109883) AND (id <= 8109982))

table 4 : explain SELECT c FROM sbtest4 WHERE id BETWEEN 1344052 AND 1344151 ORDER BY c
	Sort  (cost=407.96..408.22 rows=102 width=121)
	  Sort Key: c
	  ->  Index Scan using sbtest4_pkey on sbtest4  (cost=0.43..404.56 rows=102 width=121)
	        Index Cond: ((id >= 1344052) AND (id <= 1344151))

table 5 : explain SELECT c FROM sbtest5 WHERE id BETWEEN 1417430 AND 1417529 ORDER BY c
	Sort  (cost=403.99..404.24 rows=101 width=121)
	  Sort Key: c
	  ->  Index Scan using sbtest5_pkey on sbtest5  (cost=0.43..400.63 rows=101 width=121)
	        Index Cond: ((id >= 1417430) AND (id <= 1417529))

table 6 : explain SELECT c FROM sbtest6 WHERE id BETWEEN 4060927 AND 4061026 ORDER BY c
	Sort  (cost=403.89..404.15 rows=101 width=121)
	  Sort Key: c
	  ->  Index Scan using sbtest6_pkey on sbtest6  (cost=0.43..400.53 rows=101 width=121)
	        Index Cond: ((id >= 4060927) AND (id <= 4061026))

table 7 : explain SELECT c FROM sbtest7 WHERE id BETWEEN 5280057 AND 5280156 ORDER BY c
	Sort  (cost=343.85..344.06 rows=86 width=121)
	  Sort Key: c
	  ->  Index Scan using sbtest7_pkey on sbtest7  (cost=0.43..341.08 rows=86 width=121)
	        Index Cond: ((id >= 5280057) AND (id <= 5280156))

table 8 : explain SELECT c FROM sbtest8 WHERE id BETWEEN 6451647 AND 6451746 ORDER BY c
	Sort  (cost=385.82..386.06 rows=97 width=121)
	  Sort Key: c
	  ->  Index Scan using sbtest8_pkey on sbtest8  (cost=0.43..382.62 rows=97 width=121)
	        Index Cond: ((id >= 6451647) AND (id <= 6451746))

explain: for point_selects :: explain SELECT c FROM sbtest%u WHERE id=%u
for: sum_ranges
table 1 : explain SELECT SUM(k) FROM sbtest1 WHERE id BETWEEN 8090969 AND 8091068
	Aggregate  (cost=431.34..431.35 rows=1 width=8)
	  ->  Index Scan using sbtest1_pkey on sbtest1  (cost=0.43..431.07 rows=109 width=4)
	        Index Cond: ((id >= 8090969) AND (id <= 8091068))

table 2 : explain SELECT SUM(k) FROM sbtest2 WHERE id BETWEEN 6888042 AND 6888141
	Aggregate  (cost=419.00..419.01 rows=1 width=8)
	  ->  Index Scan using sbtest2_pkey on sbtest2  (cost=0.43..418.74 rows=105 width=4)
	        Index Cond: ((id >= 6888042) AND (id <= 6888141))

table 3 : explain SELECT SUM(k) FROM sbtest3 WHERE id BETWEEN 219110 AND 219209
	Aggregate  (cost=428.51..428.52 rows=1 width=8)
	  ->  Index Scan using sbtest3_pkey on sbtest3  (cost=0.43..428.24 rows=108 width=4)
	        Index Cond: ((id >= 219110) AND (id <= 219209))

table 4 : explain SELECT SUM(k) FROM sbtest4 WHERE id BETWEEN 7195952 AND 7196051
	Aggregate  (cost=373.43..373.44 rows=1 width=8)
	  ->  Index Scan using sbtest4_pkey on sbtest4  (cost=0.43..373.19 rows=94 width=4)
	        Index Cond: ((id >= 7195952) AND (id <= 7196051))

table 5 : explain SELECT SUM(k) FROM sbtest5 WHERE id BETWEEN 2016522 AND 2016621
	Aggregate  (cost=345.93..345.94 rows=1 width=8)
	  ->  Index Scan using sbtest5_pkey on sbtest5  (cost=0.43..345.71 rows=87 width=4)
	        Index Cond: ((id >= 2016522) AND (id <= 2016621))

table 6 : explain SELECT SUM(k) FROM sbtest6 WHERE id BETWEEN 8922370 AND 8922469
	Aggregate  (cost=389.02..389.03 rows=1 width=8)
	  ->  Index Scan using sbtest6_pkey on sbtest6  (cost=0.43..388.77 rows=98 width=4)
	        Index Cond: ((id >= 8922370) AND (id <= 8922469))

table 7 : explain SELECT SUM(k) FROM sbtest7 WHERE id BETWEEN 4291540 AND 4291639
	Aggregate  (cost=403.97..403.98 rows=1 width=8)
	  ->  Index Scan using sbtest7_pkey on sbtest7  (cost=0.43..403.71 rows=102 width=4)
	        Index Cond: ((id >= 4291540) AND (id <= 4291639))

table 8 : explain SELECT SUM(k) FROM sbtest8 WHERE id BETWEEN 5819132 AND 5819231
	Aggregate  (cost=421.85..421.86 rows=1 width=8)
	  ->  Index Scan using sbtest8_pkey on sbtest8  (cost=0.43..421.58 rows=107 width=4)
	        Index Cond: ((id >= 5819132) AND (id <= 5819231))

for point_selects
table 1 : explain SELECT c FROM sbtest1 WHERE id=4860848
	Index Scan using sbtest1_pkey on sbtest1  (cost=0.43..8.45 rows=1 width=121)
	  Index Cond: (id = 4860848)

table 2 : explain SELECT c FROM sbtest2 WHERE id=4876025
	Index Scan using sbtest2_pkey on sbtest2  (cost=0.43..8.45 rows=1 width=121)
	  Index Cond: (id = 4876025)

table 3 : explain SELECT c FROM sbtest3 WHERE id=6867906
	Index Scan using sbtest3_pkey on sbtest3  (cost=0.43..8.45 rows=1 width=121)
	  Index Cond: (id = 6867906)

table 4 : explain SELECT c FROM sbtest4 WHERE id=7437706
	Index Scan using sbtest4_pkey on sbtest4  (cost=0.43..8.45 rows=1 width=121)
	  Index Cond: (id = 7437706)

table 5 : explain SELECT c FROM sbtest5 WHERE id=4940321
	Index Scan using sbtest5_pkey on sbtest5  (cost=0.43..8.45 rows=1 width=121)
	  Index Cond: (id = 4940321)

table 6 : explain SELECT c FROM sbtest6 WHERE id=5497999
	Index Scan using sbtest6_pkey on sbtest6  (cost=0.43..8.45 rows=1 width=121)
	  Index Cond: (id = 5497999)

table 7 : explain SELECT c FROM sbtest7 WHERE id=9833665
	Index Scan using sbtest7_pkey on sbtest7  (cost=0.43..8.45 rows=1 width=121)
	  Index Cond: (id = 9833665)

table 8 : explain SELECT c FROM sbtest8 WHERE id=3193462
	Index Scan using sbtest8_pkey on sbtest8  (cost=0.43..8.45 rows=1 width=121)
	  Index Cond: (id = 3193462)

for: order_ranges
table 1 : explain SELECT c FROM sbtest1 WHERE id BETWEEN 6135948 AND 6136047 ORDER BY c
	Sort  (cost=395.23..395.47 rows=99 width=121)
	  Sort Key: c
	  ->  Index Scan using sbtest1_pkey on sbtest1  (cost=0.43..391.94 rows=99 width=121)
	        Index Cond: ((id >= 6135948) AND (id <= 6136047))

table 2 : explain SELECT c FROM sbtest2 WHERE id BETWEEN 9155992 AND 9156091 ORDER BY c
	Sort  (cost=398.35..398.60 rows=99 width=121)
	  Sort Key: c
	  ->  Index Scan using sbtest2_pkey on sbtest2  (cost=0.43..395.07 rows=99 width=121)
	        Index Cond: ((id >= 9155992) AND (id <= 9156091))

table 3 : explain SELECT c FROM sbtest3 WHERE id BETWEEN 9190373 AND 9190472 ORDER BY c
	Sort  (cost=412.07..412.32 rows=103 width=121)
	  Sort Key: c
	  ->  Index Scan using sbtest3_pkey on sbtest3  (cost=0.43..408.62 rows=103 width=121)
	        Index Cond: ((id >= 9190373) AND (id <= 9190472))

table 4 : explain SELECT c FROM sbtest4 WHERE id BETWEEN 6085618 AND 6085717 ORDER BY c
	Sort  (cost=400.04..400.29 rows=100 width=121)
	  Sort Key: c
	  ->  Index Scan using sbtest4_pkey on sbtest4  (cost=0.43..396.72 rows=100 width=121)
	        Index Cond: ((id >= 6085618) AND (id <= 6085717))

table 5 : explain SELECT c FROM sbtest5 WHERE id BETWEEN 4050981 AND 4051080 ORDER BY c
	Sort  (cost=392.08..392.33 rows=98 width=121)
	  Sort Key: c
	  ->  Index Scan using sbtest5_pkey on sbtest5  (cost=0.43..388.84 rows=98 width=121)
	        Index Cond: ((id >= 4050981) AND (id <= 4051080))

table 6 : explain SELECT c FROM sbtest6 WHERE id BETWEEN 2588283 AND 2588382 ORDER BY c
	Sort  (cost=407.85..408.11 rows=102 width=121)
	  Sort Key: c
	  ->  Index Scan using sbtest6_pkey on sbtest6  (cost=0.43..404.45 rows=102 width=121)
	        Index Cond: ((id >= 2588283) AND (id <= 2588382))

table 7 : explain SELECT c FROM sbtest7 WHERE id BETWEEN 2776933 AND 2777032 ORDER BY c
	Sort  (cost=426.88..427.15 rows=107 width=121)
	  Sort Key: c
	  ->  Index Scan using sbtest7_pkey on sbtest7  (cost=0.43..423.28 rows=107 width=121)
	        Index Cond: ((id >= 2776933) AND (id <= 2777032))

table 8 : explain SELECT c FROM sbtest8 WHERE id BETWEEN 2400363 AND 2400462 ORDER BY c
	Sort  (cost=362.20..362.43 rows=91 width=121)
	  Sort Key: c
	  ->  Index Scan using sbtest8_pkey on sbtest8  (cost=0.43..359.24 rows=91 width=121)
	        Index Cond: ((id >= 2400363) AND (id <= 2400462))

for: order_ranges
table 1 : explain SELECT c FROM sbtest1 WHERE id BETWEEN 2051378 AND 2051477 ORDER BY c
	Sort  (cost=399.18..399.43 rows=100 width=121)
	  Sort Key: c
	  ->  Index Scan using sbtest1_pkey on sbtest1  (cost=0.43..395.86 rows=100 width=121)
	        Index Cond: ((id >= 2051378) AND (id <= 2051477))

table 2 : explain SELECT c FROM sbtest2 WHERE id BETWEEN 7730128 AND 7730227 ORDER BY c
	Sort  (cost=394.37..394.61 rows=98 width=121)
	  Sort Key: c
	  ->  Index Scan using sbtest2_pkey on sbtest2  (cost=0.43..391.13 rows=98 width=121)
	        Index Cond: ((id >= 7730128) AND (id <= 7730227))

table 3 : explain SELECT c FROM sbtest3 WHERE id BETWEEN 7618668 AND 7618767 ORDER BY c
	Sort  (cost=400.18..400.43 rows=100 width=121)
	  Sort Key: c
	  ->  Index Scan using sbtest3_pkey on sbtest3  (cost=0.43..396.86 rows=100 width=121)
	        Index Cond: ((id >= 7618668) AND (id <= 7618767))

table 4 : explain SELECT c FROM sbtest4 WHERE id BETWEEN 5281248 AND 5281347 ORDER BY c
	Sort  (cost=352.48..352.70 rows=88 width=121)
	  Sort Key: c
	  ->  Index Scan using sbtest4_pkey on sbtest4  (cost=0.43..349.64 rows=88 width=121)
	        Index Cond: ((id >= 5281248) AND (id <= 5281347))

table 5 : explain SELECT c FROM sbtest5 WHERE id BETWEEN 4733945 AND 4734044 ORDER BY c
	Sort  (cost=451.54..451.82 rows=113 width=121)
	  Sort Key: c
	  ->  Index Scan using sbtest5_pkey on sbtest5  (cost=0.43..447.68 rows=113 width=121)
	        Index Cond: ((id >= 4733945) AND (id <= 4734044))

table 6 : explain SELECT c FROM sbtest6 WHERE id BETWEEN 3181216 AND 3181315 ORDER BY c
	Sort  (cost=392.01..392.26 rows=98 width=121)
	  Sort Key: c
	  ->  Index Scan using sbtest6_pkey on sbtest6  (cost=0.43..388.77 rows=98 width=121)
	        Index Cond: ((id >= 3181216) AND (id <= 3181315))

table 7 : explain SELECT c FROM sbtest7 WHERE id BETWEEN 300064 AND 300163 ORDER BY c
	Sort  (cost=387.35..387.59 rows=97 width=121)
	  Sort Key: c
	  ->  Index Scan using sbtest7_pkey on sbtest7  (cost=0.43..384.15 rows=97 width=121)
	        Index Cond: ((id >= 300064) AND (id <= 300163))

table 8 : explain SELECT c FROM sbtest8 WHERE id BETWEEN 3959601 AND 3959700 ORDER BY c
	Sort  (cost=433.07..433.34 rows=109 width=121)
	  Sort Key: c
	  ->  Index Scan using sbtest8_pkey on sbtest8  (cost=0.43..429.38 rows=109 width=121)
	        Index Cond: ((id >= 3959601) AND (id <= 3959700))

explain: for point_selects :: explain SELECT c FROM sbtest%u WHERE id=%u
for: order_ranges
table 1 : explain SELECT c FROM sbtest1 WHERE id BETWEEN 3069069 AND 3069168 ORDER BY c
	Sort  (cost=403.13..403.38 rows=101 width=121)
	  Sort Key: c
	  ->  Index Scan using sbtest1_pkey on sbtest1  (cost=0.43..399.77 rows=101 width=121)
	        Index Cond: ((id >= 3069069) AND (id <= 3069168))

table 2 : explain SELECT c FROM sbtest2 WHERE id BETWEEN 597898 AND 597997 ORDER BY c
	Sort  (cost=386.40..386.64 rows=96 width=121)
	  Sort Key: c
	  ->  Index Scan using sbtest2_pkey on sbtest2  (cost=0.43..383.24 rows=96 width=121)
	        Index Cond: ((id >= 597898) AND (id <= 597997))

table 3 : explain SELECT c FROM sbtest3 WHERE id BETWEEN 2870468 AND 2870567 ORDER BY c
	Sort  (cost=388.29..388.53 rows=97 width=121)
	  Sort Key: c
	  ->  Index Scan using sbtest3_pkey on sbtest3  (cost=0.43..385.09 rows=97 width=121)
	        Index Cond: ((id >= 2870468) AND (id <= 2870567))

table 4 : explain SELECT c FROM sbtest4 WHERE id BETWEEN 3264059 AND 3264158 ORDER BY c
	Sort  (cost=392.12..392.36 rows=98 width=121)
	  Sort Key: c
	  ->  Index Scan using sbtest4_pkey on sbtest4  (cost=0.43..388.87 rows=98 width=121)
	        Index Cond: ((id >= 3264059) AND (id <= 3264158))

table 5 : explain SELECT c FROM sbtest5 WHERE id BETWEEN 6679708 AND 6679807 ORDER BY c
	Sort  (cost=415.88..416.14 rows=104 width=121)
	  Sort Key: c
	  ->  Index Scan using sbtest5_pkey on sbtest5  (cost=0.43..412.39 rows=104 width=121)
	        Index Cond: ((id >= 6679708) AND (id <= 6679807))

table 6 : explain SELECT c FROM sbtest6 WHERE id BETWEEN 8036184 AND 8036283 ORDER BY c
	Sort  (cost=384.09..384.33 rows=96 width=121)
	  Sort Key: c
	  ->  Index Scan using sbtest6_pkey on sbtest6  (cost=0.43..380.93 rows=96 width=121)
	        Index Cond: ((id >= 8036184) AND (id <= 8036283))

table 7 : explain SELECT c FROM sbtest7 WHERE id BETWEEN 5094011 AND 5094110 ORDER BY c
	Sort  (cost=403.16..403.41 rows=101 width=121)
	  Sort Key: c
	  ->  Index Scan using sbtest7_pkey on sbtest7  (cost=0.43..399.80 rows=101 width=121)
	        Index Cond: ((id >= 5094011) AND (id <= 5094110))

table 8 : explain SELECT c FROM sbtest8 WHERE id BETWEEN 5665008 AND 5665107 ORDER BY c
	Sort  (cost=358.26..358.49 rows=90 width=121)
	  Sort Key: c
	  ->  Index Scan using sbtest8_pkey on sbtest8  (cost=0.43..355.34 rows=90 width=121)
	        Index Cond: ((id >= 5665008) AND (id <= 5665107))

for: order_ranges
table 1 : explain SELECT c FROM sbtest1 WHERE id BETWEEN 409438 AND 409537 ORDER BY c
	Sort  (cost=399.18..399.43 rows=100 width=121)
	  Sort Key: c
	  ->  Index Scan using sbtest1_pkey on sbtest1  (cost=0.43..395.86 rows=100 width=121)
	        Index Cond: ((id >= 409438) AND (id <= 409537))

table 2 : explain SELECT c FROM sbtest2 WHERE id BETWEEN 7971917 AND 7972016 ORDER BY c
	Sort  (cost=366.46..366.69 rows=91 width=121)
	  Sort Key: c
	  ->  Index Scan using sbtest2_pkey on sbtest2  (cost=0.43..363.50 rows=91 width=121)
	        Index Cond: ((id >= 7971917) AND (id <= 7972016))

table 3 : explain SELECT c FROM sbtest3 WHERE id BETWEEN 6241797 AND 6241896 ORDER BY c
	Sort  (cost=451.70..451.98 rows=113 width=121)
	  Sort Key: c
	  ->  Index Scan using sbtest3_pkey on sbtest3  (cost=0.43..447.85 rows=113 width=121)
	        Index Cond: ((id >= 6241797) AND (id <= 6241896))

table 4 : explain SELECT c FROM sbtest4 WHERE id BETWEEN 4519503 AND 4519602 ORDER BY c
	Sort  (cost=407.96..408.22 rows=102 width=121)
	  Sort Key: c
	  ->  Index Scan using sbtest4_pkey on sbtest4  (cost=0.43..404.56 rows=102 width=121)
	        Index Cond: ((id >= 4519503) AND (id <= 4519602))

table 5 : explain SELECT c FROM sbtest5 WHERE id BETWEEN 3547964 AND 3548063 ORDER BY c
	Sort  (cost=384.16..384.40 rows=96 width=121)
	  Sort Key: c
	  ->  Index Scan using sbtest5_pkey on sbtest5  (cost=0.43..381.00 rows=96 width=121)
	        Index Cond: ((id >= 3547964) AND (id <= 3548063))

table 6 : explain SELECT c FROM sbtest6 WHERE id BETWEEN 3509083 AND 3509182 ORDER BY c
	Sort  (cost=384.09..384.33 rows=96 width=121)
	  Sort Key: c
	  ->  Index Scan using sbtest6_pkey on sbtest6  (cost=0.43..380.93 rows=96 width=121)
	        Index Cond: ((id >= 3509083) AND (id <= 3509182))

table 7 : explain SELECT c FROM sbtest7 WHERE id BETWEEN 799459 AND 799558 ORDER BY c
	Sort  (cost=407.12..407.37 rows=102 width=121)
	  Sort Key: c
	  ->  Index Scan using sbtest7_pkey on sbtest7  (cost=0.43..403.71 rows=102 width=121)
	        Index Cond: ((id >= 799459) AND (id <= 799558))

table 8 : explain SELECT c FROM sbtest8 WHERE id BETWEEN 3505123 AND 3505222 ORDER BY c
	Sort  (cost=366.14..366.37 rows=92 width=121)
	  Sort Key: c
	  ->  Index Scan using sbtest8_pkey on sbtest8  (cost=0.43..363.13 rows=92 width=121)
	        Index Cond: ((id >= 3505123) AND (id <= 3505222))

explain: for point_selects :: explain SELECT c FROM sbtest%u WHERE id=%u
for: distinct_ranges
table 1 : explain SELECT DISTINCT c FROM sbtest1 WHERE id BETWEEN 5068795 AND 5068894 ORDER BY c
	Unique  (cost=387.32..387.81 rows=97 width=121)
	  ->  Sort  (cost=387.32..387.56 rows=97 width=121)
	        Sort Key: c
	        ->  Index Scan using sbtest1_pkey on sbtest1  (cost=0.43..384.12 rows=97 width=121)
	              Index Cond: ((id >= 5068795) AND (id <= 5068894))

table 2 : explain SELECT DISTINCT c FROM sbtest2 WHERE id BETWEEN 9967004 AND 9967103 ORDER BY c
	Unique  (cost=422.26..422.79 rows=105 width=121)
	  ->  Sort  (cost=422.26..422.53 rows=105 width=121)
	        Sort Key: c
	        ->  Index Scan using sbtest2_pkey on sbtest2  (cost=0.43..418.74 rows=105 width=121)
	              Index Cond: ((id >= 9967004) AND (id <= 9967103))

table 3 : explain SELECT DISTINCT c FROM sbtest3 WHERE id BETWEEN 5174149 AND 5174248 ORDER BY c
	Unique  (cost=396.22..396.71 rows=99 width=121)
	  ->  Sort  (cost=396.22..396.46 rows=99 width=121)
	        Sort Key: c
	        ->  Index Scan using sbtest3_pkey on sbtest3  (cost=0.43..392.93 rows=99 width=121)
	              Index Cond: ((id >= 5174149) AND (id <= 5174248))

table 4 : explain SELECT DISTINCT c FROM sbtest4 WHERE id BETWEEN 257394 AND 257493 ORDER BY c
	Unique  (cost=431.73..432.27 rows=108 width=121)
	  ->  Sort  (cost=431.73..432.00 rows=108 width=121)
	        Sort Key: c
	        ->  Index Scan using sbtest4_pkey on sbtest4  (cost=0.43..428.09 rows=108 width=121)
	              Index Cond: ((id >= 257394) AND (id <= 257493))

table 5 : explain SELECT DISTINCT c FROM sbtest5 WHERE id BETWEEN 7483503 AND 7483602 ORDER BY c
	Unique  (cost=368.32..368.78 rows=92 width=121)
	  ->  Sort  (cost=368.32..368.55 rows=92 width=121)
	        Sort Key: c
	        ->  Index Scan using sbtest5_pkey on sbtest5  (cost=0.43..365.32 rows=92 width=121)
	              Index Cond: ((id >= 7483503) AND (id <= 7483602))

table 6 : explain SELECT DISTINCT c FROM sbtest6 WHERE id BETWEEN 4727775 AND 4727874 ORDER BY c
	Unique  (cost=435.58..436.13 rows=109 width=121)
	  ->  Sort  (cost=435.58..435.85 rows=109 width=121)
	        Sort Key: c
	        ->  Index Scan using sbtest6_pkey on sbtest6  (cost=0.43..431.89 rows=109 width=121)
	              Index Cond: ((id >= 4727775) AND (id <= 4727874))

table 7 : explain SELECT DISTINCT c FROM sbtest7 WHERE id BETWEEN 852846 AND 852945 ORDER BY c
	Unique  (cost=407.12..407.63 rows=102 width=121)
	  ->  Sort  (cost=407.12..407.37 rows=102 width=121)
	        Sort Key: c
	        ->  Index Scan using sbtest7_pkey on sbtest7  (cost=0.43..403.71 rows=102 width=121)
	              Index Cond: ((id >= 852846) AND (id <= 852945))

table 8 : explain SELECT DISTINCT c FROM sbtest8 WHERE id BETWEEN 7310497 AND 7310596 ORDER BY c
	Unique  (cost=405.50..406.01 rows=102 width=121)
	  ->  Sort  (cost=405.50..405.76 rows=102 width=121)
	        Sort Key: c
	        ->  Index Scan using sbtest8_pkey on sbtest8  (cost=0.43..402.10 rows=102 width=121)
	              Index Cond: ((id >= 7310497) AND (id <= 7310596))

for: order_ranges
table 1 : explain SELECT c FROM sbtest1 WHERE id BETWEEN 6361336 AND 6361435 ORDER BY c
	Sort  (cost=395.23..395.47 rows=99 width=121)
	  Sort Key: c
	  ->  Index Scan using sbtest1_pkey on sbtest1  (cost=0.43..391.94 rows=99 width=121)
	        Index Cond: ((id >= 6361336) AND (id <= 6361435))

table 2 : explain SELECT c FROM sbtest2 WHERE id BETWEEN 9148911 AND 9149010 ORDER BY c
	Sort  (cost=398.35..398.60 rows=99 width=121)
	  Sort Key: c
	  ->  Index Scan using sbtest2_pkey on sbtest2  (cost=0.43..395.07 rows=99 width=121)
	        Index Cond: ((id >= 9148911) AND (id <= 9149010))

table 3 : explain SELECT c FROM sbtest3 WHERE id BETWEEN 2843832 AND 2843931 ORDER BY c
	Sort  (cost=427.92..428.19 rows=107 width=121)
	  Sort Key: c
	  ->  Index Scan using sbtest3_pkey on sbtest3  (cost=0.43..424.31 rows=107 width=121)
	        Index Cond: ((id >= 2843832) AND (id <= 2843931))

table 4 : explain SELECT c FROM sbtest4 WHERE id BETWEEN 7784711 AND 7784810 ORDER BY c
	Sort  (cost=376.27..376.51 rows=94 width=121)
	  Sort Key: c
	  ->  Index Scan using sbtest4_pkey on sbtest4  (cost=0.43..373.19 rows=94 width=121)
	        Index Cond: ((id >= 7784711) AND (id <= 7784810))

table 5 : explain SELECT c FROM sbtest5 WHERE id BETWEEN 1463066 AND 1463165 ORDER BY c
	Sort  (cost=403.99..404.24 rows=101 width=121)
	  Sort Key: c
	  ->  Index Scan using sbtest5_pkey on sbtest5  (cost=0.43..400.63 rows=101 width=121)
	        Index Cond: ((id >= 1463066) AND (id <= 1463165))

table 6 : explain SELECT c FROM sbtest6 WHERE id BETWEEN 8710842 AND 8710941 ORDER BY c
	Sort  (cost=392.01..392.26 rows=98 width=121)
	  Sort Key: c
	  ->  Index Scan using sbtest6_pkey on sbtest6  (cost=0.43..388.77 rows=98 width=121)
	        Index Cond: ((id >= 8710842) AND (id <= 8710941))

table 7 : explain SELECT c FROM sbtest7 WHERE id BETWEEN 6843731 AND 6843830 ORDER BY c
	Sort  (cost=395.26..395.50 rows=99 width=121)
	  Sort Key: c
	  ->  Index Scan using sbtest7_pkey on sbtest7  (cost=0.43..391.97 rows=99 width=121)
	        Index Cond: ((id >= 6843731) AND (id <= 6843830))

table 8 : explain SELECT c FROM sbtest8 WHERE id BETWEEN 1307423 AND 1307522 ORDER BY c
	Sort  (cost=389.76..390.00 rows=98 width=121)
	  Sort Key: c
	  ->  Index Scan using sbtest8_pkey on sbtest8  (cost=0.43..386.51 rows=98 width=121)
	        Index Cond: ((id >= 1307423) AND (id <= 1307522))

for: simple_ranges
table 1 : explain SELECT c FROM sbtest1 WHERE id BETWEEN 7701050 AND 7701149
	Index Scan using sbtest1_pkey on sbtest1  (cost=0.43..407.59 rows=103 width=121)
	  Index Cond: ((id >= 7701050) AND (id <= 7701149))

table 2 : explain SELECT c FROM sbtest2 WHERE id BETWEEN 1488508 AND 1488607
	Index Scan using sbtest2_pkey on sbtest2  (cost=0.43..434.52 rows=109 width=121)
	  Index Cond: ((id >= 1488508) AND (id <= 1488607))

table 3 : explain SELECT c FROM sbtest3 WHERE id BETWEEN 4992184 AND 4992283
	Index Scan using sbtest3_pkey on sbtest3  (cost=0.43..432.16 rows=109 width=121)
	  Index Cond: ((id >= 4992184) AND (id <= 4992283))

table 4 : explain SELECT c FROM sbtest4 WHERE id BETWEEN 6411330 AND 6411429
	Index Scan using sbtest4_pkey on sbtest4  (cost=0.43..404.56 rows=102 width=121)
	  Index Cond: ((id >= 6411330) AND (id <= 6411429))

table 5 : explain SELECT c FROM sbtest5 WHERE id BETWEEN 8749506 AND 8749605
	Index Scan using sbtest5_pkey on sbtest5  (cost=0.43..384.92 rows=97 width=121)
	  Index Cond: ((id >= 8749506) AND (id <= 8749605))

table 6 : explain SELECT c FROM sbtest6 WHERE id BETWEEN 9675076 AND 9675175
	Index Scan using sbtest6_pkey on sbtest6  (cost=0.43..392.69 rows=99 width=121)
	  Index Cond: ((id >= 9675076) AND (id <= 9675175))

table 7 : explain SELECT c FROM sbtest7 WHERE id BETWEEN 9596640 AND 9596739
	Index Scan using sbtest7_pkey on sbtest7  (cost=0.43..407.62 rows=103 width=121)
	  Index Cond: ((id >= 9596640) AND (id <= 9596739))

table 8 : explain SELECT c FROM sbtest8 WHERE id BETWEEN 242096 AND 242195
	Index Scan using sbtest8_pkey on sbtest8  (cost=0.43..363.13 rows=92 width=121)
	  Index Cond: ((id >= 242096) AND (id <= 242195))

for point_selects
table 1 : explain SELECT c FROM sbtest1 WHERE id=7165115
	Index Scan using sbtest1_pkey on sbtest1  (cost=0.43..8.45 rows=1 width=121)
	  Index Cond: (id = 7165115)

table 2 : explain SELECT c FROM sbtest2 WHERE id=776428
	Index Scan using sbtest2_pkey on sbtest2  (cost=0.43..8.45 rows=1 width=121)
	  Index Cond: (id = 776428)

table 3 : explain SELECT c FROM sbtest3 WHERE id=6551103
	Index Scan using sbtest3_pkey on sbtest3  (cost=0.43..8.45 rows=1 width=121)
	  Index Cond: (id = 6551103)

table 4 : explain SELECT c FROM sbtest4 WHERE id=6988675
	Index Scan using sbtest4_pkey on sbtest4  (cost=0.43..8.45 rows=1 width=121)
	  Index Cond: (id = 6988675)

table 5 : explain SELECT c FROM sbtest5 WHERE id=773685
	Index Scan using sbtest5_pkey on sbtest5  (cost=0.43..8.45 rows=1 width=121)
	  Index Cond: (id = 773685)

table 6 : explain SELECT c FROM sbtest6 WHERE id=3698971
	Index Scan using sbtest6_pkey on sbtest6  (cost=0.43..8.45 rows=1 width=121)
	  Index Cond: (id = 3698971)

table 7 : explain SELECT c FROM sbtest7 WHERE id=3905557
	Index Scan using sbtest7_pkey on sbtest7  (cost=0.43..8.45 rows=1 width=121)
	  Index Cond: (id = 3905557)

table 8 : explain SELECT c FROM sbtest8 WHERE id=6145382
	Index Scan using sbtest8_pkey on sbtest8  (cost=0.43..8.45 rows=1 width=121)
	  Index Cond: (id = 6145382)

for: distinct_ranges
table 1 : explain SELECT DISTINCT c FROM sbtest1 WHERE id BETWEEN 8376561 AND 8376660 ORDER BY c
	Unique  (cost=399.18..399.68 rows=100 width=121)
	  ->  Sort  (cost=399.18..399.43 rows=100 width=121)
	        Sort Key: c
	        ->  Index Scan using sbtest1_pkey on sbtest1  (cost=0.43..395.86 rows=100 width=121)
	              Index Cond: ((id >= 8376561) AND (id <= 8376660))

table 2 : explain SELECT DISTINCT c FROM sbtest2 WHERE id BETWEEN 1237121 AND 1237220 ORDER BY c
	Unique  (cost=406.32..406.83 rows=101 width=121)
	  ->  Sort  (cost=406.32..406.58 rows=101 width=121)
	        Sort Key: c
	        ->  Index Scan using sbtest2_pkey on sbtest2  (cost=0.43..402.96 rows=101 width=121)
	              Index Cond: ((id >= 1237121) AND (id <= 1237220))

table 3 : explain SELECT DISTINCT c FROM sbtest3 WHERE id BETWEEN 8008297 AND 8008396 ORDER BY c
	Unique  (cost=439.81..440.36 rows=110 width=121)
	  ->  Sort  (cost=439.81..440.09 rows=110 width=121)
	        Sort Key: c
	        ->  Index Scan using sbtest3_pkey on sbtest3  (cost=0.43..436.08 rows=110 width=121)
	              Index Cond: ((id >= 8008297) AND (id <= 8008396))

table 4 : explain SELECT DISTINCT c FROM sbtest4 WHERE id BETWEEN 2350695 AND 2350794 ORDER BY c
	Unique  (cost=404.00..404.51 rows=101 width=121)
	  ->  Sort  (cost=404.00..404.25 rows=101 width=121)
	        Sort Key: c
	        ->  Index Scan using sbtest4_pkey on sbtest4  (cost=0.43..400.64 rows=101 width=121)
	              Index Cond: ((id >= 2350695) AND (id <= 2350794))

table 5 : explain SELECT DISTINCT c FROM sbtest5 WHERE id BETWEEN 3053096 AND 3053195 ORDER BY c
	Unique  (cost=392.11..392.60 rows=98 width=121)
	  ->  Sort  (cost=392.11..392.35 rows=98 width=121)
	        Sort Key: c
	        ->  Index Scan using sbtest5_pkey on sbtest5  (cost=0.43..388.87 rows=98 width=121)
	              Index Cond: ((id >= 3053096) AND (id <= 3053195))

table 6 : explain SELECT DISTINCT c FROM sbtest6 WHERE id BETWEEN 5461686 AND 5461785 ORDER BY c
	Unique  (cost=364.27..364.72 rows=91 width=121)
	  ->  Sort  (cost=364.27..364.49 rows=91 width=121)
	        Sort Key: c
	        ->  Index Scan using sbtest6_pkey on sbtest6  (cost=0.43..361.31 rows=91 width=121)
	              Index Cond: ((id >= 5461686) AND (id <= 5461785))

table 7 : explain SELECT DISTINCT c FROM sbtest7 WHERE id BETWEEN 7345741 AND 7345840 ORDER BY c
	Unique  (cost=415.02..415.54 rows=104 width=121)
	  ->  Sort  (cost=415.02..415.28 rows=104 width=121)
	        Sort Key: c
	        ->  Index Scan using sbtest7_pkey on sbtest7  (cost=0.43..411.54 rows=104 width=121)
	              Index Cond: ((id >= 7345741) AND (id <= 7345840))

table 8 : explain SELECT DISTINCT c FROM sbtest8 WHERE id BETWEEN 5620033 AND 5620132 ORDER BY c
	Unique  (cost=358.26..358.71 rows=90 width=121)
	  ->  Sort  (cost=358.26..358.49 rows=90 width=121)
	        Sort Key: c
	        ->  Index Scan using sbtest8_pkey on sbtest8  (cost=0.43..355.34 rows=90 width=121)
	              Index Cond: ((id >= 5620033) AND (id <= 5620132))

for point_selects
table 1 : explain SELECT c FROM sbtest1 WHERE id=7792837
	Index Scan using sbtest1_pkey on sbtest1  (cost=0.43..8.45 rows=1 width=121)
	  Index Cond: (id = 7792837)

table 2 : explain SELECT c FROM sbtest2 WHERE id=1483999
	Index Scan using sbtest2_pkey on sbtest2  (cost=0.43..8.45 rows=1 width=121)
	  Index Cond: (id = 1483999)

table 3 : explain SELECT c FROM sbtest3 WHERE id=3808201
	Index Scan using sbtest3_pkey on sbtest3  (cost=0.43..8.45 rows=1 width=121)
	  Index Cond: (id = 3808201)

table 4 : explain SELECT c FROM sbtest4 WHERE id=9497939
	Index Scan using sbtest4_pkey on sbtest4  (cost=0.43..8.45 rows=1 width=121)
	  Index Cond: (id = 9497939)

table 5 : explain SELECT c FROM sbtest5 WHERE id=6230983
	Index Scan using sbtest5_pkey on sbtest5  (cost=0.43..8.45 rows=1 width=121)
	  Index Cond: (id = 6230983)

table 6 : explain SELECT c FROM sbtest6 WHERE id=4864812
	Index Scan using sbtest6_pkey on sbtest6  (cost=0.43..8.45 rows=1 width=121)
	  Index Cond: (id = 4864812)

table 7 : explain SELECT c FROM sbtest7 WHERE id=8878337
	Index Scan using sbtest7_pkey on sbtest7  (cost=0.43..8.45 rows=1 width=121)
	  Index Cond: (id = 8878337)

table 8 : explain SELECT c FROM sbtest8 WHERE id=5732102
	Index Scan using sbtest8_pkey on sbtest8  (cost=0.43..8.45 rows=1 width=121)
	  Index Cond: (id = 5732102)

for: sum_ranges
table 1 : explain SELECT SUM(k) FROM sbtest1 WHERE id BETWEEN 1768917 AND 1769016
	Aggregate  (cost=396.11..396.12 rows=1 width=8)
	  ->  Index Scan using sbtest1_pkey on sbtest1  (cost=0.43..395.86 rows=100 width=4)
	        Index Cond: ((id >= 1768917) AND (id <= 1769016))

table 2 : explain SELECT SUM(k) FROM sbtest2 WHERE id BETWEEN 3504718 AND 3504817
	Aggregate  (cost=379.51..379.52 rows=1 width=8)
	  ->  Index Scan using sbtest2_pkey on sbtest2  (cost=0.43..379.27 rows=95 width=4)
	        Index Cond: ((id >= 3504718) AND (id <= 3504817))

table 3 : explain SELECT SUM(k) FROM sbtest3 WHERE id BETWEEN 69177 AND 69276
	Aggregate  (cost=401.03..401.04 rows=1 width=8)
	  ->  Index Scan using sbtest3_pkey on sbtest3  (cost=0.43..400.78 rows=101 width=4)
	        Index Cond: ((id >= 69177) AND (id <= 69276))

table 4 : explain SELECT SUM(k) FROM sbtest4 WHERE id BETWEEN 9337702 AND 9337801
	Aggregate  (cost=416.58..416.59 rows=1 width=8)
	  ->  Index Scan using sbtest4_pkey on sbtest4  (cost=0.43..416.32 rows=105 width=4)
	        Index Cond: ((id >= 9337702) AND (id <= 9337801))

table 5 : explain SELECT SUM(k) FROM sbtest5 WHERE id BETWEEN 7373454 AND 7373553
	Aggregate  (cost=424.42..424.43 rows=1 width=8)
	  ->  Index Scan using sbtest5_pkey on sbtest5  (cost=0.43..424.16 rows=107 width=4)
	        Index Cond: ((id >= 7373454) AND (id <= 7373553))

table 6 : explain SELECT SUM(k) FROM sbtest6 WHERE id BETWEEN 2727584 AND 2727683
	Aggregate  (cost=400.78..400.79 rows=1 width=8)
	  ->  Index Scan using sbtest6_pkey on sbtest6  (cost=0.43..400.53 rows=101 width=4)
	        Index Cond: ((id >= 2727584) AND (id <= 2727683))

table 7 : explain SELECT SUM(k) FROM sbtest7 WHERE id BETWEEN 5799911 AND 5800010
	Aggregate  (cost=356.99..357.00 rows=1 width=8)
	  ->  Index Scan using sbtest7_pkey on sbtest7  (cost=0.43..356.76 rows=90 width=4)
	        Index Cond: ((id >= 5799911) AND (id <= 5800010))

table 8 : explain SELECT SUM(k) FROM sbtest8 WHERE id BETWEEN 7399502 AND 7399601
	Aggregate  (cost=441.35..441.36 rows=1 width=8)
	  ->  Index Scan using sbtest8_pkey on sbtest8  (cost=0.43..441.07 rows=112 width=4)
	        Index Cond: ((id >= 7399502) AND (id <= 7399601))

for: distinct_ranges
table 1 : explain SELECT DISTINCT c FROM sbtest1 WHERE id BETWEEN 575594 AND 575693 ORDER BY c
	Unique  (cost=395.23..395.72 rows=99 width=121)
	  ->  Sort  (cost=395.23..395.47 rows=99 width=121)
	        Sort Key: c
	        ->  Index Scan using sbtest1_pkey on sbtest1  (cost=0.43..391.94 rows=99 width=121)
	              Index Cond: ((id >= 575594) AND (id <= 575693))

table 2 : explain SELECT DISTINCT c FROM sbtest2 WHERE id BETWEEN 5777579 AND 5777678 ORDER BY c
	Unique  (cost=350.52..350.96 rows=87 width=121)
	  ->  Sort  (cost=350.52..350.74 rows=87 width=121)
	        Sort Key: c
	        ->  Index Scan using sbtest2_pkey on sbtest2  (cost=0.43..347.72 rows=87 width=121)
	              Index Cond: ((id >= 5777579) AND (id <= 5777678))

table 3 : explain SELECT DISTINCT c FROM sbtest3 WHERE id BETWEEN 473953 AND 474052 ORDER BY c
	Unique  (cost=392.25..392.74 rows=98 width=121)
	  ->  Sort  (cost=392.25..392.50 rows=98 width=121)
	        Sort Key: c
	        ->  Index Scan using sbtest3_pkey on sbtest3  (cost=0.43..389.01 rows=98 width=121)
	              Index Cond: ((id >= 473953) AND (id <= 474052))

table 4 : explain SELECT DISTINCT c FROM sbtest4 WHERE id BETWEEN 6290581 AND 6290680 ORDER BY c
	Unique  (cost=376.27..376.74 rows=94 width=121)
	  ->  Sort  (cost=376.27..376.51 rows=94 width=121)
	        Sort Key: c
	        ->  Index Scan using sbtest4_pkey on sbtest4  (cost=0.43..373.19 rows=94 width=121)
	              Index Cond: ((id >= 6290581) AND (id <= 6290680))

table 5 : explain SELECT DISTINCT c FROM sbtest5 WHERE id BETWEEN 1808730 AND 1808829 ORDER BY c
	Unique  (cost=427.76..428.30 rows=107 width=121)
	  ->  Sort  (cost=427.76..428.03 rows=107 width=121)
	        Sort Key: c
	        ->  Index Scan using sbtest5_pkey on sbtest5  (cost=0.43..424.16 rows=107 width=121)
	              Index Cond: ((id >= 1808730) AND (id <= 1808829))

table 6 : explain SELECT DISTINCT c FROM sbtest6 WHERE id BETWEEN 1509477 AND 1509576 ORDER BY c
	Unique  (cost=376.15..376.62 rows=94 width=121)
	  ->  Sort  (cost=376.15..376.38 rows=94 width=121)
	        Sort Key: c
	        ->  Index Scan using sbtest6_pkey on sbtest6  (cost=0.43..373.07 rows=94 width=121)
	              Index Cond: ((id >= 1509477) AND (id <= 1509576))

table 7 : explain SELECT DISTINCT c FROM sbtest7 WHERE id BETWEEN 3318705 AND 3318804 ORDER BY c
	Unique  (cost=391.30..391.79 rows=98 width=121)
	  ->  Sort  (cost=391.30..391.55 rows=98 width=121)
	        Sort Key: c
	        ->  Index Scan using sbtest7_pkey on sbtest7  (cost=0.43..388.06 rows=98 width=121)
	              Index Cond: ((id >= 3318705) AND (id <= 3318804))

table 8 : explain SELECT DISTINCT c FROM sbtest8 WHERE id BETWEEN 5586892 AND 5586991 ORDER BY c
	Unique  (cost=440.94..441.50 rows=111 width=121)
	  ->  Sort  (cost=440.94..441.22 rows=111 width=121)
	        Sort Key: c
	        ->  Index Scan using sbtest8_pkey on sbtest8  (cost=0.43..437.17 rows=111 width=121)
	              Index Cond: ((id >= 5586892) AND (id <= 5586991))

for: distinct_ranges
table 1 : explain SELECT DISTINCT c FROM sbtest1 WHERE id BETWEEN 1417830 AND 1417929 ORDER BY c
	Unique  (cost=351.72..352.16 rows=88 width=121)
	  ->  Sort  (cost=351.72..351.94 rows=88 width=121)
	        Sort Key: c
	        ->  Index Scan using sbtest1_pkey on sbtest1  (cost=0.43..348.88 rows=88 width=121)
	              Index Cond: ((id >= 1417830) AND (id <= 1417929))

table 2 : explain SELECT DISTINCT c FROM sbtest2 WHERE id BETWEEN 7999382 AND 7999481 ORDER BY c
	Unique  (cost=434.22..434.76 rows=108 width=121)
	  ->  Sort  (cost=434.22..434.49 rows=108 width=121)
	        Sort Key: c
	        ->  Index Scan using sbtest2_pkey on sbtest2  (cost=0.43..430.57 rows=108 width=121)
	              Index Cond: ((id >= 7999382) AND (id <= 7999481))

table 3 : explain SELECT DISTINCT c FROM sbtest3 WHERE id BETWEEN 9511754 AND 9511853 ORDER BY c
	Unique  (cost=384.33..384.81 rows=96 width=121)
	  ->  Sort  (cost=384.33..384.57 rows=96 width=121)
	        Sort Key: c
	        ->  Index Scan using sbtest3_pkey on sbtest3  (cost=0.43..381.17 rows=96 width=121)
	              Index Cond: ((id >= 9511754) AND (id <= 9511853))

table 4 : explain SELECT DISTINCT c FROM sbtest4 WHERE id BETWEEN 4287572 AND 4287671 ORDER BY c
	Unique  (cost=388.15..388.64 rows=97 width=121)
	  ->  Sort  (cost=388.15..388.40 rows=97 width=121)
	        Sort Key: c
	        ->  Index Scan using sbtest4_pkey on sbtest4  (cost=0.43..384.95 rows=97 width=121)
	              Index Cond: ((id >= 4287572) AND (id <= 4287671))

table 5 : explain SELECT DISTINCT c FROM sbtest5 WHERE id BETWEEN 2448796 AND 2448895 ORDER BY c
	Unique  (cost=388.12..388.61 rows=97 width=121)
	  ->  Sort  (cost=388.12..388.36 rows=97 width=121)
	        Sort Key: c
	        ->  Index Scan using sbtest5_pkey on sbtest5  (cost=0.43..384.92 rows=97 width=121)
	              Index Cond: ((id >= 2448796) AND (id <= 2448895))

table 6 : explain SELECT DISTINCT c FROM sbtest6 WHERE id BETWEEN 1138859 AND 1138958 ORDER BY c
	Unique  (cost=380.13..380.61 rows=95 width=121)
	  ->  Sort  (cost=380.13..380.37 rows=95 width=121)
	        Sort Key: c
	        ->  Index Scan using sbtest6_pkey on sbtest6  (cost=0.43..377.01 rows=95 width=121)
	              Index Cond: ((id >= 1138859) AND (id <= 1138958))

table 7 : explain SELECT DISTINCT c FROM sbtest7 WHERE id BETWEEN 9633966 AND 9634065 ORDER BY c
	Unique  (cost=422.93..423.46 rows=106 width=121)
	  ->  Sort  (cost=422.93..423.19 rows=106 width=121)
	        Sort Key: c
	        ->  Index Scan using sbtest7_pkey on sbtest7  (cost=0.43..419.36 rows=106 width=121)
	              Index Cond: ((id >= 9633966) AND (id <= 9634065))

table 8 : explain SELECT DISTINCT c FROM sbtest8 WHERE id BETWEEN 5417188 AND 5417287 ORDER BY c
	Unique  (cost=377.95..378.42 rows=95 width=121)
	  ->  Sort  (cost=377.95..378.18 rows=95 width=121)
	        Sort Key: c
	        ->  Index Scan using sbtest8_pkey on sbtest8  (cost=0.43..374.82 rows=95 width=121)
	              Index Cond: ((id >= 5417188) AND (id <= 5417287))

for: simple_ranges
table 1 : explain SELECT c FROM sbtest1 WHERE id BETWEEN 1950810 AND 1950909
	Index Scan using sbtest1_pkey on sbtest1  (cost=0.43..395.86 rows=100 width=121)
	  Index Cond: ((id >= 1950810) AND (id <= 1950909))

table 2 : explain SELECT c FROM sbtest2 WHERE id BETWEEN 348737 AND 348836
	Index Scan using sbtest2_pkey on sbtest2  (cost=0.43..399.02 rows=100 width=121)
	  Index Cond: ((id >= 348737) AND (id <= 348836))

table 3 : explain SELECT c FROM sbtest3 WHERE id BETWEEN 751575 AND 751674
	Index Scan using sbtest3_pkey on sbtest3  (cost=0.43..353.68 rows=89 width=121)
	  Index Cond: ((id >= 751575) AND (id <= 751674))

table 4 : explain SELECT c FROM sbtest4 WHERE id BETWEEN 8932204 AND 8932303
	Index Scan using sbtest4_pkey on sbtest4  (cost=0.43..439.85 rows=111 width=121)
	  Index Cond: ((id >= 8932204) AND (id <= 8932303))

table 5 : explain SELECT c FROM sbtest5 WHERE id BETWEEN 9339024 AND 9339123
	Index Scan using sbtest5_pkey on sbtest5  (cost=0.43..377.08 rows=95 width=121)
	  Index Cond: ((id >= 9339024) AND (id <= 9339123))

table 6 : explain SELECT c FROM sbtest6 WHERE id BETWEEN 703081 AND 703180
	Index Scan using sbtest6_pkey on sbtest6  (cost=0.43..388.77 rows=98 width=121)
	  Index Cond: ((id >= 703081) AND (id <= 703180))

table 7 : explain SELECT c FROM sbtest7 WHERE id BETWEEN 1045630 AND 1045729
	Index Scan using sbtest7_pkey on sbtest7  (cost=0.43..372.41 rows=94 width=121)
	  Index Cond: ((id >= 1045630) AND (id <= 1045729))

table 8 : explain SELECT c FROM sbtest8 WHERE id BETWEEN 3919923 AND 3920022
	Index Scan using sbtest8_pkey on sbtest8  (cost=0.43..421.58 rows=107 width=121)
	  Index Cond: ((id >= 3919923) AND (id <= 3920022))

for: distinct_ranges
table 1 : explain SELECT DISTINCT c FROM sbtest1 WHERE id BETWEEN 9246951 AND 9247050 ORDER BY c
	Unique  (cost=363.58..364.03 rows=91 width=121)
	  ->  Sort  (cost=363.58..363.81 rows=91 width=121)
	        Sort Key: c
	        ->  Index Scan using sbtest1_pkey on sbtest1  (cost=0.43..360.62 rows=91 width=121)
	              Index Cond: ((id >= 9246951) AND (id <= 9247050))

table 2 : explain SELECT DISTINCT c FROM sbtest2 WHERE id BETWEEN 5519225 AND 5519324 ORDER BY c
	Unique  (cost=430.23..430.77 rows=107 width=121)
	  ->  Sort  (cost=430.23..430.50 rows=107 width=121)
	        Sort Key: c
	        ->  Index Scan using sbtest2_pkey on sbtest2  (cost=0.43..426.63 rows=107 width=121)
	              Index Cond: ((id >= 5519225) AND (id <= 5519324))

table 3 : explain SELECT DISTINCT c FROM sbtest3 WHERE id BETWEEN 529715 AND 529814 ORDER BY c
	Unique  (cost=400.18..400.68 rows=100 width=121)
	  ->  Sort  (cost=400.18..400.43 rows=100 width=121)
	        Sort Key: c
	        ->  Index Scan using sbtest3_pkey on sbtest3  (cost=0.43..396.86 rows=100 width=121)
	              Index Cond: ((id >= 529715) AND (id <= 529814))

table 4 : explain SELECT DISTINCT c FROM sbtest4 WHERE id BETWEEN 4776598 AND 4776697 ORDER BY c
	Unique  (cost=407.96..408.47 rows=102 width=121)
	  ->  Sort  (cost=407.96..408.22 rows=102 width=121)
	        Sort Key: c
	        ->  Index Scan using sbtest4_pkey on sbtest4  (cost=0.43..404.56 rows=102 width=121)
	              Index Cond: ((id >= 4776598) AND (id <= 4776697))

table 5 : explain SELECT DISTINCT c FROM sbtest5 WHERE id BETWEEN 3582030 AND 3582129 ORDER BY c
	Unique  (cost=384.16..384.64 rows=96 width=121)
	  ->  Sort  (cost=384.16..384.40 rows=96 width=121)
	        Sort Key: c
	        ->  Index Scan using sbtest5_pkey on sbtest5  (cost=0.43..381.00 rows=96 width=121)
	              Index Cond: ((id >= 3582030) AND (id <= 3582129))

table 6 : explain SELECT DISTINCT c FROM sbtest6 WHERE id BETWEEN 1650402 AND 1650501 ORDER BY c
	Unique  (cost=419.74..420.26 rows=105 width=121)
	  ->  Sort  (cost=419.74..420.00 rows=105 width=121)
	        Sort Key: c
	        ->  Index Scan using sbtest6_pkey on sbtest6  (cost=0.43..416.21 rows=105 width=121)
	              Index Cond: ((id >= 1650402) AND (id <= 1650501))

table 7 : explain SELECT DISTINCT c FROM sbtest7 WHERE id BETWEEN 3900208 AND 3900307 ORDER BY c
	Unique  (cost=375.49..375.96 rows=94 width=121)
	  ->  Sort  (cost=375.49..375.73 rows=94 width=121)
	        Sort Key: c
	        ->  Index Scan using sbtest7_pkey on sbtest7  (cost=0.43..372.41 rows=94 width=121)
	              Index Cond: ((id >= 3900208) AND (id <= 3900307))

table 8 : explain SELECT DISTINCT c FROM sbtest8 WHERE id BETWEEN 8718380 AND 8718479 ORDER BY c
	Unique  (cost=417.32..417.84 rows=105 width=121)
	  ->  Sort  (cost=417.32..417.58 rows=105 width=121)
	        Sort Key: c
	        ->  Index Scan using sbtest8_pkey on sbtest8  (cost=0.43..413.79 rows=105 width=121)
	              Index Cond: ((id >= 8718380) AND (id <= 8718479))

for: distinct_ranges
table 1 : explain SELECT DISTINCT c FROM sbtest1 WHERE id BETWEEN 3811184 AND 3811283 ORDER BY c
	Unique  (cost=367.53..367.99 rows=92 width=121)
	  ->  Sort  (cost=367.53..367.76 rows=92 width=121)
	        Sort Key: c
	        ->  Index Scan using sbtest1_pkey on sbtest1  (cost=0.43..364.53 rows=92 width=121)
	              Index Cond: ((id >= 3811184) AND (id <= 3811283))

table 2 : explain SELECT DISTINCT c FROM sbtest2 WHERE id BETWEEN 5430451 AND 5430550 ORDER BY c
	Unique  (cost=386.40..386.88 rows=96 width=121)
	  ->  Sort  (cost=386.40..386.64 rows=96 width=121)
	        Sort Key: c
	        ->  Index Scan using sbtest2_pkey on sbtest2  (cost=0.43..383.24 rows=96 width=121)
	              Index Cond: ((id >= 5430451) AND (id <= 5430550))

table 3 : explain SELECT DISTINCT c FROM sbtest3 WHERE id BETWEEN 6066175 AND 6066274 ORDER BY c
	Unique  (cost=400.18..400.68 rows=100 width=121)
	  ->  Sort  (cost=400.18..400.43 rows=100 width=121)
	        Sort Key: c
	        ->  Index Scan using sbtest3_pkey on sbtest3  (cost=0.43..396.86 rows=100 width=121)
	              Index Cond: ((id >= 6066175) AND (id <= 6066274))

table 4 : explain SELECT DISTINCT c FROM sbtest4 WHERE id BETWEEN 3243166 AND 3243265 ORDER BY c
	Unique  (cost=392.12..392.61 rows=98 width=121)
	  ->  Sort  (cost=392.12..392.36 rows=98 width=121)
	        Sort Key: c
	        ->  Index Scan using sbtest4_pkey on sbtest4  (cost=0.43..388.87 rows=98 width=121)
	              Index Cond: ((id >= 3243166) AND (id <= 3243265))

table 5 : explain SELECT DISTINCT c FROM sbtest5 WHERE id BETWEEN 1896967 AND 1897066 ORDER BY c
	Unique  (cost=380.20..380.67 rows=95 width=121)
	  ->  Sort  (cost=380.20..380.44 rows=95 width=121)
	        Sort Key: c
	        ->  Index Scan using sbtest5_pkey on sbtest5  (cost=0.43..377.08 rows=95 width=121)
	              Index Cond: ((id >= 1896967) AND (id <= 1897066))

table 6 : explain SELECT DISTINCT c FROM sbtest6 WHERE id BETWEEN 877384 AND 877483 ORDER BY c
	Unique  (cost=443.50..444.06 rows=111 width=121)
	  ->  Sort  (cost=443.50..443.78 rows=111 width=121)
	        Sort Key: c
	        ->  Index Scan using sbtest6_pkey on sbtest6  (cost=0.43..439.73 rows=111 width=121)
	              Index Cond: ((id >= 877384) AND (id <= 877483))

table 7 : explain SELECT DISTINCT c FROM sbtest7 WHERE id BETWEEN 5514431 AND 5514530 ORDER BY c
	Unique  (cost=411.07..411.58 rows=103 width=121)
	  ->  Sort  (cost=411.07..411.33 rows=103 width=121)
	        Sort Key: c
	        ->  Index Scan using sbtest7_pkey on sbtest7  (cost=0.43..407.62 rows=103 width=121)
	              Index Cond: ((id >= 5514431) AND (id <= 5514530))

table 8 : explain SELECT DISTINCT c FROM sbtest8 WHERE id BETWEEN 195003 AND 195102 ORDER BY c
	Unique  (cost=385.82..386.30 rows=97 width=121)
	  ->  Sort  (cost=385.82..386.06 rows=97 width=121)
	        Sort Key: c
	        ->  Index Scan using sbtest8_pkey on sbtest8  (cost=0.43..382.62 rows=97 width=121)
	              Index Cond: ((id >= 195003) AND (id <= 195102))

explain: for point_selects :: explain SELECT c FROM sbtest%u WHERE id=%u
for point_selects
table 1 : explain SELECT c FROM sbtest1 WHERE id=7061020
	Index Scan using sbtest1_pkey on sbtest1  (cost=0.43..8.45 rows=1 width=121)
	  Index Cond: (id = 7061020)

table 2 : explain SELECT c FROM sbtest2 WHERE id=6507810
	Index Scan using sbtest2_pkey on sbtest2  (cost=0.43..8.45 rows=1 width=121)
	  Index Cond: (id = 6507810)

table 3 : explain SELECT c FROM sbtest3 WHERE id=4728587
	Index Scan using sbtest3_pkey on sbtest3  (cost=0.43..8.45 rows=1 width=121)
	  Index Cond: (id = 4728587)

table 4 : explain SELECT c FROM sbtest4 WHERE id=3247233
	Index Scan using sbtest4_pkey on sbtest4  (cost=0.43..8.45 rows=1 width=121)
	  Index Cond: (id = 3247233)

table 5 : explain SELECT c FROM sbtest5 WHERE id=4219092
	Index Scan using sbtest5_pkey on sbtest5  (cost=0.43..8.45 rows=1 width=121)
	  Index Cond: (id = 4219092)

table 6 : explain SELECT c FROM sbtest6 WHERE id=3662916
	Index Scan using sbtest6_pkey on sbtest6  (cost=0.43..8.45 rows=1 width=121)
	  Index Cond: (id = 3662916)

table 7 : explain SELECT c FROM sbtest7 WHERE id=7338350
	Index Scan using sbtest7_pkey on sbtest7  (cost=0.43..8.45 rows=1 width=121)
	  Index Cond: (id = 7338350)

table 8 : explain SELECT c FROM sbtest8 WHERE id=408759
	Index Scan using sbtest8_pkey on sbtest8  (cost=0.43..8.45 rows=1 width=121)
	  Index Cond: (id = 408759)

for: distinct_ranges
table 1 : explain SELECT DISTINCT c FROM sbtest1 WHERE id BETWEEN 7041914 AND 7042013 ORDER BY c
	Unique  (cost=387.32..387.81 rows=97 width=121)
	  ->  Sort  (cost=387.32..387.56 rows=97 width=121)
	        Sort Key: c
	        ->  Index Scan using sbtest1_pkey on sbtest1  (cost=0.43..384.12 rows=97 width=121)
	              Index Cond: ((id >= 7041914) AND (id <= 7042013))

table 2 : explain SELECT DISTINCT c FROM sbtest2 WHERE id BETWEEN 4587285 AND 4587384 ORDER BY c
	Unique  (cost=406.32..406.83 rows=101 width=121)
	  ->  Sort  (cost=406.32..406.58 rows=101 width=121)
	        Sort Key: c
	        ->  Index Scan using sbtest2_pkey on sbtest2  (cost=0.43..402.96 rows=101 width=121)
	              Index Cond: ((id >= 4587285) AND (id <= 4587384))

table 3 : explain SELECT DISTINCT c FROM sbtest3 WHERE id BETWEEN 1094012 AND 1094111 ORDER BY c
	Unique  (cost=400.18..400.68 rows=100 width=121)
	  ->  Sort  (cost=400.18..400.43 rows=100 width=121)
	        Sort Key: c
	        ->  Index Scan using sbtest3_pkey on sbtest3  (cost=0.43..396.86 rows=100 width=121)
	              Index Cond: ((id >= 1094012) AND (id <= 1094111))

table 4 : explain SELECT DISTINCT c FROM sbtest4 WHERE id BETWEEN 3725537 AND 3725636 ORDER BY c
	Unique  (cost=411.92..412.44 rows=103 width=121)
	  ->  Sort  (cost=411.92..412.18 rows=103 width=121)
	        Sort Key: c
	        ->  Index Scan using sbtest4_pkey on sbtest4  (cost=0.43..408.48 rows=103 width=121)
	              Index Cond: ((id >= 3725537) AND (id <= 3725636))

table 5 : explain SELECT DISTINCT c FROM sbtest5 WHERE id BETWEEN 7520026 AND 7520125 ORDER BY c
	Unique  (cost=368.32..368.78 rows=92 width=121)
	  ->  Sort  (cost=368.32..368.55 rows=92 width=121)
	        Sort Key: c
	        ->  Index Scan using sbtest5_pkey on sbtest5  (cost=0.43..365.32 rows=92 width=121)
	              Index Cond: ((id >= 7520026) AND (id <= 7520125))

table 6 : explain SELECT DISTINCT c FROM sbtest6 WHERE id BETWEEN 8736255 AND 8736354 ORDER BY c
	Unique  (cost=399.93..400.43 rows=100 width=121)
	  ->  Sort  (cost=399.93..400.18 rows=100 width=121)
	        Sort Key: c
	        ->  Index Scan using sbtest6_pkey on sbtest6  (cost=0.43..396.61 rows=100 width=121)
	              Index Cond: ((id >= 8736255) AND (id <= 8736354))

table 7 : explain SELECT DISTINCT c FROM sbtest7 WHERE id BETWEEN 8124436 AND 8124535 ORDER BY c
	Unique  (cost=395.26..395.75 rows=99 width=121)
	  ->  Sort  (cost=395.26..395.50 rows=99 width=121)
	        Sort Key: c
	        ->  Index Scan using sbtest7_pkey on sbtest7  (cost=0.43..391.97 rows=99 width=121)
	              Index Cond: ((id >= 8124436) AND (id <= 8124535))

table 8 : explain SELECT DISTINCT c FROM sbtest8 WHERE id BETWEEN 5997271 AND 5997370 ORDER BY c
	Unique  (cost=381.88..382.36 rows=96 width=121)
	  ->  Sort  (cost=381.88..382.12 rows=96 width=121)
	        Sort Key: c
	        ->  Index Scan using sbtest8_pkey on sbtest8  (cost=0.43..378.72 rows=96 width=121)
	              Index Cond: ((id >= 5997271) AND (id <= 5997370))

explain: for point_selects :: explain SELECT c FROM sbtest%u WHERE id=%u
for: simple_ranges
table 1 : explain SELECT c FROM sbtest1 WHERE id BETWEEN 9331943 AND 9332042
	Index Scan using sbtest1_pkey on sbtest1  (cost=0.43..384.12 rows=97 width=121)
	  Index Cond: ((id >= 9331943) AND (id <= 9332042))

table 2 : explain SELECT c FROM sbtest2 WHERE id BETWEEN 150478 AND 150577
	Index Scan using sbtest2_pkey on sbtest2  (cost=0.43..387.18 rows=97 width=121)
	  Index Cond: ((id >= 150478) AND (id <= 150577))

table 3 : explain SELECT c FROM sbtest3 WHERE id BETWEEN 7227143 AND 7227242
	Index Scan using sbtest3_pkey on sbtest3  (cost=0.43..369.40 rows=93 width=121)
	  Index Cond: ((id >= 7227143) AND (id <= 7227242))

table 4 : explain SELECT c FROM sbtest4 WHERE id BETWEEN 6311076 AND 6311175
	Index Scan using sbtest4_pkey on sbtest4  (cost=0.43..392.80 rows=99 width=121)
	  Index Cond: ((id >= 6311076) AND (id <= 6311175))

table 5 : explain SELECT c FROM sbtest5 WHERE id BETWEEN 5362951 AND 5363050
	Index Scan using sbtest5_pkey on sbtest5  (cost=0.43..369.24 rows=93 width=121)
	  Index Cond: ((id >= 5362951) AND (id <= 5363050))

table 6 : explain SELECT c FROM sbtest6 WHERE id BETWEEN 9060162 AND 9060261
	Index Scan using sbtest6_pkey on sbtest6  (cost=0.43..408.37 rows=103 width=121)
	  Index Cond: ((id >= 9060162) AND (id <= 9060261))

table 7 : explain SELECT c FROM sbtest7 WHERE id BETWEEN 1544771 AND 1544870
	Index Scan using sbtest7_pkey on sbtest7  (cost=0.43..407.62 rows=103 width=121)
	  Index Cond: ((id >= 1544771) AND (id <= 1544870))

table 8 : explain SELECT c FROM sbtest8 WHERE id BETWEEN 8721898 AND 8721997
	Index Scan using sbtest8_pkey on sbtest8  (cost=0.43..413.79 rows=105 width=121)
	  Index Cond: ((id >= 8721898) AND (id <= 8721997))

for point_selects
table 1 : explain SELECT c FROM sbtest1 WHERE id=314251
	Index Scan using sbtest1_pkey on sbtest1  (cost=0.43..8.45 rows=1 width=121)
	  Index Cond: (id = 314251)

table 2 : explain SELECT c FROM sbtest2 WHERE id=3138361
	Index Scan using sbtest2_pkey on sbtest2  (cost=0.43..8.45 rows=1 width=121)
	  Index Cond: (id = 3138361)

table 3 : explain SELECT c FROM sbtest3 WHERE id=9223400
	Index Scan using sbtest3_pkey on sbtest3  (cost=0.43..8.45 rows=1 width=121)
	  Index Cond: (id = 9223400)

table 4 : explain SELECT c FROM sbtest4 WHERE id=5031252
	Index Scan using sbtest4_pkey on sbtest4  (cost=0.43..8.45 rows=1 width=121)
	  Index Cond: (id = 5031252)

table 5 : explain SELECT c FROM sbtest5 WHERE id=312189
	Index Scan using sbtest5_pkey on sbtest5  (cost=0.43..8.45 rows=1 width=121)
	  Index Cond: (id = 312189)

table 6 : explain SELECT c FROM sbtest6 WHERE id=7163743
	Index Scan using sbtest6_pkey on sbtest6  (cost=0.43..8.45 rows=1 width=121)
	  Index Cond: (id = 7163743)

table 7 : explain SELECT c FROM sbtest7 WHERE id=6181572
	Index Scan using sbtest7_pkey on sbtest7  (cost=0.43..8.45 rows=1 width=121)
	  Index Cond: (id = 6181572)

table 8 : explain SELECT c FROM sbtest8 WHERE id=1871688
	Index Scan using sbtest8_pkey on sbtest8  (cost=0.43..8.45 rows=1 width=121)
	  Index Cond: (id = 1871688)

for point_selects
table 1 : explain SELECT c FROM sbtest1 WHERE id=7454371
	Index Scan using sbtest1_pkey on sbtest1  (cost=0.43..8.45 rows=1 width=121)
	  Index Cond: (id = 7454371)

table 2 : explain SELECT c FROM sbtest2 WHERE id=6932031
	Index Scan using sbtest2_pkey on sbtest2  (cost=0.43..8.45 rows=1 width=121)
	  Index Cond: (id = 6932031)

table 3 : explain SELECT c FROM sbtest3 WHERE id=3843744
	Index Scan using sbtest3_pkey on sbtest3  (cost=0.43..8.45 rows=1 width=121)
	  Index Cond: (id = 3843744)

table 4 : explain SELECT c FROM sbtest4 WHERE id=2729063
	Index Scan using sbtest4_pkey on sbtest4  (cost=0.43..8.45 rows=1 width=121)
	  Index Cond: (id = 2729063)

table 5 : explain SELECT c FROM sbtest5 WHERE id=5717977
	Index Scan using sbtest5_pkey on sbtest5  (cost=0.43..8.45 rows=1 width=121)
	  Index Cond: (id = 5717977)

table 6 : explain SELECT c FROM sbtest6 WHERE id=1215405
	Index Scan using sbtest6_pkey on sbtest6  (cost=0.43..8.45 rows=1 width=121)
	  Index Cond: (id = 1215405)

table 7 : explain SELECT c FROM sbtest7 WHERE id=30982
	Index Scan using sbtest7_pkey on sbtest7  (cost=0.43..8.45 rows=1 width=121)
	  Index Cond: (id = 30982)

table 8 : explain SELECT c FROM sbtest8 WHERE id=6225887
	Index Scan using sbtest8_pkey on sbtest8  (cost=0.43..8.45 rows=1 width=121)
	  Index Cond: (id = 6225887)

for: sum_ranges
table 1 : explain SELECT SUM(k) FROM sbtest1 WHERE id BETWEEN 5355398 AND 5355497
	Aggregate  (cost=392.19..392.20 rows=1 width=8)
	  ->  Index Scan using sbtest1_pkey on sbtest1  (cost=0.43..391.94 rows=99 width=4)
	        Index Cond: ((id >= 5355398) AND (id <= 5355497))

table 2 : explain SELECT SUM(k) FROM sbtest2 WHERE id BETWEEN 9601604 AND 9601703
	Aggregate  (cost=340.04..340.05 rows=1 width=8)
	  ->  Index Scan using sbtest2_pkey on sbtest2  (cost=0.43..339.83 rows=85 width=4)
	        Index Cond: ((id >= 9601604) AND (id <= 9601703))

table 3 : explain SELECT SUM(k) FROM sbtest3 WHERE id BETWEEN 2736262 AND 2736361
	Aggregate  (cost=408.88..408.89 rows=1 width=8)
	  ->  Index Scan using sbtest3_pkey on sbtest3  (cost=0.43..408.62 rows=103 width=4)
	        Index Cond: ((id >= 2736262) AND (id <= 2736361))

table 4 : explain SELECT SUM(k) FROM sbtest4 WHERE id BETWEEN 1839741 AND 1839840
	Aggregate  (cost=412.66..412.67 rows=1 width=8)
	  ->  Index Scan using sbtest4_pkey on sbtest4  (cost=0.43..412.40 rows=104 width=4)
	        Index Cond: ((id >= 1839741) AND (id <= 1839840))

table 5 : explain SELECT SUM(k) FROM sbtest5 WHERE id BETWEEN 9170736 AND 9170835
	Aggregate  (cost=436.19..436.20 rows=1 width=8)
	  ->  Index Scan using sbtest5_pkey on sbtest5  (cost=0.43..435.92 rows=110 width=4)
	        Index Cond: ((id >= 9170736) AND (id <= 9170835))

table 6 : explain SELECT SUM(k) FROM sbtest6 WHERE id BETWEEN 6927998 AND 6928097
	Aggregate  (cost=412.55..412.56 rows=1 width=8)
	  ->  Index Scan using sbtest6_pkey on sbtest6  (cost=0.43..412.29 rows=104 width=4)
	        Index Cond: ((id >= 6927998) AND (id <= 6928097))

table 7 : explain SELECT SUM(k) FROM sbtest7 WHERE id BETWEEN 7118573 AND 7118672
	Aggregate  (cost=384.39..384.40 rows=1 width=8)
	  ->  Index Scan using sbtest7_pkey on sbtest7  (cost=0.43..384.15 rows=97 width=4)
	        Index Cond: ((id >= 7118573) AND (id <= 7118672))

table 8 : explain SELECT SUM(k) FROM sbtest8 WHERE id BETWEEN 8777625 AND 8777724
	Aggregate  (cost=414.05..414.06 rows=1 width=8)
	  ->  Index Scan using sbtest8_pkey on sbtest8  (cost=0.43..413.79 rows=105 width=4)
	        Index Cond: ((id >= 8777625) AND (id <= 8777724))

for: order_ranges
table 1 : explain SELECT c FROM sbtest1 WHERE id BETWEEN 6941960 AND 6942059 ORDER BY c
	Sort  (cost=387.32..387.56 rows=97 width=121)
	  Sort Key: c
	  ->  Index Scan using sbtest1_pkey on sbtest1  (cost=0.43..384.12 rows=97 width=121)
	        Index Cond: ((id >= 6941960) AND (id <= 6942059))

table 2 : explain SELECT c FROM sbtest2 WHERE id BETWEEN 8570812 AND 8570911 ORDER BY c
	Sort  (cost=370.44..370.67 rows=92 width=121)
	  Sort Key: c
	  ->  Index Scan using sbtest2_pkey on sbtest2  (cost=0.43..367.44 rows=92 width=121)
	        Index Cond: ((id >= 8570812) AND (id <= 8570911))

table 3 : explain SELECT c FROM sbtest3 WHERE id BETWEEN 3864668 AND 3864767 ORDER BY c
	Sort  (cost=416.03..416.29 rows=104 width=121)
	  Sort Key: c
	  ->  Index Scan using sbtest3_pkey on sbtest3  (cost=0.43..412.55 rows=104 width=121)
	        Index Cond: ((id >= 3864668) AND (id <= 3864767))

table 4 : explain SELECT c FROM sbtest4 WHERE id BETWEEN 9469776 AND 9469875 ORDER BY c
	Sort  (cost=404.00..404.25 rows=101 width=121)
	  Sort Key: c
	  ->  Index Scan using sbtest4_pkey on sbtest4  (cost=0.43..400.64 rows=101 width=121)
	        Index Cond: ((id >= 9469776) AND (id <= 9469875))

table 5 : explain SELECT c FROM sbtest5 WHERE id BETWEEN 6418839 AND 6418938 ORDER BY c
	Sort  (cost=396.07..396.32 rows=99 width=121)
	  Sort Key: c
	  ->  Index Scan using sbtest5_pkey on sbtest5  (cost=0.43..392.79 rows=99 width=121)
	        Index Cond: ((id >= 6418839) AND (id <= 6418938))

table 6 : explain SELECT c FROM sbtest6 WHERE id BETWEEN 6616540 AND 6616639 ORDER BY c
	Sort  (cost=407.85..408.11 rows=102 width=121)
	  Sort Key: c
	  ->  Index Scan using sbtest6_pkey on sbtest6  (cost=0.43..404.45 rows=102 width=121)
	        Index Cond: ((id >= 6616540) AND (id <= 6616639))

table 7 : explain SELECT c FROM sbtest7 WHERE id BETWEEN 4147710 AND 4147809 ORDER BY c
	Sort  (cost=442.70..442.97 rows=111 width=121)
	  Sort Key: c
	  ->  Index Scan using sbtest7_pkey on sbtest7  (cost=0.43..438.93 rows=111 width=121)
	        Index Cond: ((id >= 4147710) AND (id <= 4147809))

table 8 : explain SELECT c FROM sbtest8 WHERE id BETWEEN 4646247 AND 4646346 ORDER BY c
	Sort  (cost=385.82..386.06 rows=97 width=121)
	  Sort Key: c
	  ->  Index Scan using sbtest8_pkey on sbtest8  (cost=0.43..382.62 rows=97 width=121)
	        Index Cond: ((id >= 4646247) AND (id <= 4646346))

explain: for point_selects :: explain SELECT c FROM sbtest%u WHERE id=%u
for: simple_ranges
table 1 : explain SELECT c FROM sbtest1 WHERE id BETWEEN 6690108 AND 6690207
	Index Scan using sbtest1_pkey on sbtest1  (cost=0.43..380.21 rows=96 width=121)
	  Index Cond: ((id >= 6690108) AND (id <= 6690207))

table 2 : explain SELECT c FROM sbtest2 WHERE id BETWEEN 1984799 AND 1984898
	Index Scan using sbtest2_pkey on sbtest2  (cost=0.43..383.24 rows=96 width=121)
	  Index Cond: ((id >= 1984799) AND (id <= 1984898))

table 3 : explain SELECT c FROM sbtest3 WHERE id BETWEEN 4209399 AND 4209498
	Index Scan using sbtest3_pkey on sbtest3  (cost=0.43..385.09 rows=97 width=121)
	  Index Cond: ((id >= 4209399) AND (id <= 4209498))

table 4 : explain SELECT c FROM sbtest4 WHERE id BETWEEN 9336237 AND 9336336
	Index Scan using sbtest4_pkey on sbtest4  (cost=0.43..416.32 rows=105 width=121)
	  Index Cond: ((id >= 9336237) AND (id <= 9336336))

table 5 : explain SELECT c FROM sbtest5 WHERE id BETWEEN 2491198 AND 2491297
	Index Scan using sbtest5_pkey on sbtest5  (cost=0.43..384.92 rows=97 width=121)
	  Index Cond: ((id >= 2491198) AND (id <= 2491297))

table 6 : explain SELECT c FROM sbtest6 WHERE id BETWEEN 479909 AND 480008
	Index Scan using sbtest6_pkey on sbtest6  (cost=0.43..384.85 rows=97 width=121)
	  Index Cond: ((id >= 479909) AND (id <= 480008))

table 7 : explain SELECT c FROM sbtest7 WHERE id BETWEEN 8263510 AND 8263609
	Index Scan using sbtest7_pkey on sbtest7  (cost=0.43..388.06 rows=98 width=121)
	  Index Cond: ((id >= 8263510) AND (id <= 8263609))

table 8 : explain SELECT c FROM sbtest8 WHERE id BETWEEN 3786945 AND 3787044
	Index Scan using sbtest8_pkey on sbtest8  (cost=0.43..448.86 rows=114 width=121)
	  Index Cond: ((id >= 3786945) AND (id <= 3787044))

for: simple_ranges
table 1 : explain SELECT c FROM sbtest1 WHERE id BETWEEN 1310983 AND 1311082
	Index Scan using sbtest1_pkey on sbtest1  (cost=0.43..415.42 rows=105 width=121)
	  Index Cond: ((id >= 1310983) AND (id <= 1311082))

table 2 : explain SELECT c FROM sbtest2 WHERE id BETWEEN 7437040 AND 7437139
	Index Scan using sbtest2_pkey on sbtest2  (cost=0.43..442.41 rows=111 width=121)
	  Index Cond: ((id >= 7437040) AND (id <= 7437139))

table 3 : explain SELECT c FROM sbtest3 WHERE id BETWEEN 9607375 AND 9607474
	Index Scan using sbtest3_pkey on sbtest3  (cost=0.43..404.70 rows=102 width=121)
	  Index Cond: ((id >= 9607375) AND (id <= 9607474))

table 4 : explain SELECT c FROM sbtest4 WHERE id BETWEEN 492695 AND 492794
	Index Scan using sbtest4_pkey on sbtest4  (cost=0.43..381.03 rows=96 width=121)
	  Index Cond: ((id >= 492695) AND (id <= 492794))

table 5 : explain SELECT c FROM sbtest5 WHERE id BETWEEN 6188004 AND 6188103
	Index Scan using sbtest5_pkey on sbtest5  (cost=0.43..432.00 rows=109 width=121)
	  Index Cond: ((id >= 6188004) AND (id <= 6188103))

table 6 : explain SELECT c FROM sbtest6 WHERE id BETWEEN 1038146 AND 1038245
	Index Scan using sbtest6_pkey on sbtest6  (cost=0.43..392.69 rows=99 width=121)
	  Index Cond: ((id >= 1038146) AND (id <= 1038245))

table 7 : explain SELECT c FROM sbtest7 WHERE id BETWEEN 5934023 AND 5934122
	Index Scan using sbtest7_pkey on sbtest7  (cost=0.43..427.19 rows=108 width=121)
	  Index Cond: ((id >= 5934023) AND (id <= 5934122))

table 8 : explain SELECT c FROM sbtest8 WHERE id BETWEEN 3267391 AND 3267490
	Index Scan using sbtest8_pkey on sbtest8  (cost=0.43..386.51 rows=98 width=121)
	  Index Cond: ((id >= 3267391) AND (id <= 3267490))

for: sum_ranges
table 1 : explain SELECT SUM(k) FROM sbtest1 WHERE id BETWEEN 6614771 AND 6614870
	Aggregate  (cost=427.43..427.44 rows=1 width=8)
	  ->  Index Scan using sbtest1_pkey on sbtest1  (cost=0.43..427.16 rows=108 width=4)
	        Index Cond: ((id >= 6614771) AND (id <= 6614870))

table 2 : explain SELECT SUM(k) FROM sbtest2 WHERE id BETWEEN 6867831 AND 6867930
	Aggregate  (cost=419.00..419.01 rows=1 width=8)
	  ->  Index Scan using sbtest2_pkey on sbtest2  (cost=0.43..418.74 rows=105 width=4)
	        Index Cond: ((id >= 6867831) AND (id <= 6867930))

table 3 : explain SELECT SUM(k) FROM sbtest3 WHERE id BETWEEN 3654619 AND 3654718
	Aggregate  (cost=389.26..389.27 rows=1 width=8)
	  ->  Index Scan using sbtest3_pkey on sbtest3  (cost=0.43..389.01 rows=98 width=4)
	        Index Cond: ((id >= 3654619) AND (id <= 3654718))

table 4 : explain SELECT SUM(k) FROM sbtest4 WHERE id BETWEEN 9551871 AND 9551970
	Aggregate  (cost=408.74..408.75 rows=1 width=8)
	  ->  Index Scan using sbtest4_pkey on sbtest4  (cost=0.43..408.48 rows=103 width=4)
	        Index Cond: ((id >= 9551871) AND (id <= 9551970))

table 5 : explain SELECT SUM(k) FROM sbtest5 WHERE id BETWEEN 7646909 AND 7647008
	Aggregate  (cost=408.73..408.74 rows=1 width=8)
	  ->  Index Scan using sbtest5_pkey on sbtest5  (cost=0.43..408.47 rows=103 width=4)
	        Index Cond: ((id >= 7646909) AND (id <= 7647008))

table 6 : explain SELECT SUM(k) FROM sbtest6 WHERE id BETWEEN 1654476 AND 1654575
	Aggregate  (cost=416.47..416.48 rows=1 width=8)
	  ->  Index Scan using sbtest6_pkey on sbtest6  (cost=0.43..416.21 rows=105 width=4)
	        Index Cond: ((id >= 1654476) AND (id <= 1654575))

table 7 : explain SELECT SUM(k) FROM sbtest7 WHERE id BETWEEN 8440823 AND 8440922
	Aggregate  (cost=360.90..360.91 rows=1 width=8)
	  ->  Index Scan using sbtest7_pkey on sbtest7  (cost=0.43..360.67 rows=91 width=4)
	        Index Cond: ((id >= 8440823) AND (id <= 8440922))

table 8 : explain SELECT SUM(k) FROM sbtest8 WHERE id BETWEEN 8194195 AND 8194294
	Aggregate  (cost=414.05..414.06 rows=1 width=8)
	  ->  Index Scan using sbtest8_pkey on sbtest8  (cost=0.43..413.79 rows=105 width=4)
	        Index Cond: ((id >= 8194195) AND (id <= 8194294))

explain: for point_selects :: explain SELECT c FROM sbtest%u WHERE id=%u
for: order_ranges
table 1 : explain SELECT c FROM sbtest1 WHERE id BETWEEN 4463654 AND 4463753 ORDER BY c
	Sort  (cost=411.04..411.29 rows=103 width=121)
	  Sort Key: c
	  ->  Index Scan using sbtest1_pkey on sbtest1  (cost=0.43..407.59 rows=103 width=121)
	        Index Cond: ((id >= 4463654) AND (id <= 4463753))

table 2 : explain SELECT c FROM sbtest2 WHERE id BETWEEN 8705293 AND 8705392 ORDER BY c
	Sort  (cost=378.41..378.65 rows=94 width=121)
	  Sort Key: c
	  ->  Index Scan using sbtest2_pkey on sbtest2  (cost=0.43..375.33 rows=94 width=121)
	        Index Cond: ((id >= 8705293) AND (id <= 8705392))

table 3 : explain SELECT c FROM sbtest3 WHERE id BETWEEN 9299843 AND 9299942 ORDER BY c
	Sort  (cost=360.53..360.75 rows=90 width=121)
	  Sort Key: c
	  ->  Index Scan using sbtest3_pkey on sbtest3  (cost=0.43..357.61 rows=90 width=121)
	        Index Cond: ((id >= 9299843) AND (id <= 9299942))

table 4 : explain SELECT c FROM sbtest4 WHERE id BETWEEN 1938590 AND 1938689 ORDER BY c
	Sort  (cost=419.85..420.11 rows=105 width=121)
	  Sort Key: c
	  ->  Index Scan using sbtest4_pkey on sbtest4  (cost=0.43..416.32 rows=105 width=121)
	        Index Cond: ((id >= 1938590) AND (id <= 1938689))

table 5 : explain SELECT c FROM sbtest5 WHERE id BETWEEN 5122009 AND 5122108 ORDER BY c
	Sort  (cost=392.08..392.33 rows=98 width=121)
	  Sort Key: c
	  ->  Index Scan using sbtest5_pkey on sbtest5  (cost=0.43..388.84 rows=98 width=121)
	        Index Cond: ((id >= 5122009) AND (id <= 5122108))

table 6 : explain SELECT c FROM sbtest6 WHERE id BETWEEN 3136185 AND 3136284 ORDER BY c
	Sort  (cost=392.01..392.26 rows=98 width=121)
	  Sort Key: c
	  ->  Index Scan using sbtest6_pkey on sbtest6  (cost=0.43..388.77 rows=98 width=121)
	        Index Cond: ((id >= 3136185) AND (id <= 3136284))

table 7 : explain SELECT c FROM sbtest7 WHERE id BETWEEN 2896575 AND 2896674 ORDER BY c
	Sort  (cost=387.35..387.59 rows=97 width=121)
	  Sort Key: c
	  ->  Index Scan using sbtest7_pkey on sbtest7  (cost=0.43..384.15 rows=97 width=121)
	        Index Cond: ((id >= 2896575) AND (id <= 2896674))

table 8 : explain SELECT c FROM sbtest8 WHERE id BETWEEN 7584416 AND 7584515 ORDER BY c
	Sort  (cost=425.19..425.46 rows=107 width=121)
	  Sort Key: c
	  ->  Index Scan using sbtest8_pkey on sbtest8  (cost=0.43..421.58 rows=107 width=121)
	        Index Cond: ((id >= 7584416) AND (id <= 7584515))

for point_selects
table 1 : explain SELECT c FROM sbtest1 WHERE id=5481004
	Index Scan using sbtest1_pkey on sbtest1  (cost=0.43..8.45 rows=1 width=121)
	  Index Cond: (id = 5481004)

table 2 : explain SELECT c FROM sbtest2 WHERE id=9660476
	Index Scan using sbtest2_pkey on sbtest2  (cost=0.43..8.45 rows=1 width=121)
	  Index Cond: (id = 9660476)

table 3 : explain SELECT c FROM sbtest3 WHERE id=9040843
	Index Scan using sbtest3_pkey on sbtest3  (cost=0.43..8.45 rows=1 width=121)
	  Index Cond: (id = 9040843)

table 4 : explain SELECT c FROM sbtest4 WHERE id=7864636
	Index Scan using sbtest4_pkey on sbtest4  (cost=0.43..8.45 rows=1 width=121)
	  Index Cond: (id = 7864636)

table 5 : explain SELECT c FROM sbtest5 WHERE id=4248719
	Index Scan using sbtest5_pkey on sbtest5  (cost=0.43..8.45 rows=1 width=121)
	  Index Cond: (id = 4248719)

table 6 : explain SELECT c FROM sbtest6 WHERE id=6352756
	Index Scan using sbtest6_pkey on sbtest6  (cost=0.43..8.45 rows=1 width=121)
	  Index Cond: (id = 6352756)

table 7 : explain SELECT c FROM sbtest7 WHERE id=4217722
	Index Scan using sbtest7_pkey on sbtest7  (cost=0.43..8.45 rows=1 width=121)
	  Index Cond: (id = 4217722)

table 8 : explain SELECT c FROM sbtest8 WHERE id=56186
	Index Scan using sbtest8_pkey on sbtest8  (cost=0.43..8.45 rows=1 width=121)
	  Index Cond: (id = 56186)

for: sum_ranges
table 1 : explain SELECT SUM(k) FROM sbtest1 WHERE id BETWEEN 7325247 AND 7325346
	Aggregate  (cost=400.02..400.03 rows=1 width=8)
	  ->  Index Scan using sbtest1_pkey on sbtest1  (cost=0.43..399.77 rows=101 width=4)
	        Index Cond: ((id >= 7325247) AND (id <= 7325346))

table 2 : explain SELECT SUM(k) FROM sbtest2 WHERE id BETWEEN 5554436 AND 5554535
	Aggregate  (cost=371.62..371.63 rows=1 width=8)
	  ->  Index Scan using sbtest2_pkey on sbtest2  (cost=0.43..371.39 rows=93 width=4)
	        Index Cond: ((id >= 5554436) AND (id <= 5554535))

table 3 : explain SELECT SUM(k) FROM sbtest3 WHERE id BETWEEN 6485221 AND 6485320
	Aggregate  (cost=389.26..389.27 rows=1 width=8)
	  ->  Index Scan using sbtest3_pkey on sbtest3  (cost=0.43..389.01 rows=98 width=4)
	        Index Cond: ((id >= 6485221) AND (id <= 6485320))

table 4 : explain SELECT SUM(k) FROM sbtest4 WHERE id BETWEEN 7590872 AND 7590971
	Aggregate  (cost=400.89..400.90 rows=1 width=8)
	  ->  Index Scan using sbtest4_pkey on sbtest4  (cost=0.43..400.64 rows=101 width=4)
	        Index Cond: ((id >= 7590872) AND (id <= 7590971))

table 5 : explain SELECT SUM(k) FROM sbtest5 WHERE id BETWEEN 2801426 AND 2801525
	Aggregate  (cost=412.65..412.66 rows=1 width=8)
	  ->  Index Scan using sbtest5_pkey on sbtest5  (cost=0.43..412.39 rows=104 width=4)
	        Index Cond: ((id >= 2801426) AND (id <= 2801525))

table 6 : explain SELECT SUM(k) FROM sbtest6 WHERE id BETWEEN 3885076 AND 3885175
	Aggregate  (cost=428.24..428.25 rows=1 width=8)
	  ->  Index Scan using sbtest6_pkey on sbtest6  (cost=0.43..427.97 rows=108 width=4)
	        Index Cond: ((id >= 3885076) AND (id <= 3885175))

table 7 : explain SELECT SUM(k) FROM sbtest7 WHERE id BETWEEN 9166965 AND 9167064
	Aggregate  (cost=368.73..368.74 rows=1 width=8)
	  ->  Index Scan using sbtest7_pkey on sbtest7  (cost=0.43..368.50 rows=93 width=4)
	        Index Cond: ((id >= 9166965) AND (id <= 9167064))

table 8 : explain SELECT SUM(k) FROM sbtest8 WHERE id BETWEEN 3280642 AND 3280741
	Aggregate  (cost=386.76..386.77 rows=1 width=8)
	  ->  Index Scan using sbtest8_pkey on sbtest8  (cost=0.43..386.51 rows=98 width=4)
	        Index Cond: ((id >= 3280642) AND (id <= 3280741))

for: simple_ranges
table 1 : explain SELECT c FROM sbtest1 WHERE id BETWEEN 9132636 AND 9132735
	Index Scan using sbtest1_pkey on sbtest1  (cost=0.43..380.21 rows=96 width=121)
	  Index Cond: ((id >= 9132636) AND (id <= 9132735))

table 2 : explain SELECT c FROM sbtest2 WHERE id BETWEEN 6211895 AND 6211994
	Index Scan using sbtest2_pkey on sbtest2  (cost=0.43..399.02 rows=100 width=121)
	  Index Cond: ((id >= 6211895) AND (id <= 6211994))

table 3 : explain SELECT c FROM sbtest3 WHERE id BETWEEN 827956 AND 828055
	Index Scan using sbtest3_pkey on sbtest3  (cost=0.43..420.39 rows=106 width=121)
	  Index Cond: ((id >= 827956) AND (id <= 828055))

table 4 : explain SELECT c FROM sbtest4 WHERE id BETWEEN 4737342 AND 4737441
	Index Scan using sbtest4_pkey on sbtest4  (cost=0.43..404.56 rows=102 width=121)
	  Index Cond: ((id >= 4737342) AND (id <= 4737441))

table 5 : explain SELECT c FROM sbtest5 WHERE id BETWEEN 584578 AND 584677
	Index Scan using sbtest5_pkey on sbtest5  (cost=0.43..377.08 rows=95 width=121)
	  Index Cond: ((id >= 584578) AND (id <= 584677))

table 6 : explain SELECT c FROM sbtest6 WHERE id BETWEEN 9951198 AND 9951297
	Index Scan using sbtest6_pkey on sbtest6  (cost=0.43..424.05 rows=107 width=121)
	  Index Cond: ((id >= 9951198) AND (id <= 9951297))

table 7 : explain SELECT c FROM sbtest7 WHERE id BETWEEN 886326 AND 886425
	Index Scan using sbtest7_pkey on sbtest7  (cost=0.43..407.62 rows=103 width=121)
	  Index Cond: ((id >= 886326) AND (id <= 886425))

table 8 : explain SELECT c FROM sbtest8 WHERE id BETWEEN 803522 AND 803621
	Index Scan using sbtest8_pkey on sbtest8  (cost=0.43..359.24 rows=91 width=121)
	  Index Cond: ((id >= 803522) AND (id <= 803621))

for: sum_ranges
table 1 : explain SELECT SUM(k) FROM sbtest1 WHERE id BETWEEN 8661080 AND 8661179
	Aggregate  (cost=388.28..388.29 rows=1 width=8)
	  ->  Index Scan using sbtest1_pkey on sbtest1  (cost=0.43..388.03 rows=98 width=4)
	        Index Cond: ((id >= 8661080) AND (id <= 8661179))

table 2 : explain SELECT SUM(k) FROM sbtest2 WHERE id BETWEEN 6025348 AND 6025447
	Aggregate  (cost=426.89..426.90 rows=1 width=8)
	  ->  Index Scan using sbtest2_pkey on sbtest2  (cost=0.43..426.63 rows=107 width=4)
	        Index Cond: ((id >= 6025348) AND (id <= 6025447))

table 3 : explain SELECT SUM(k) FROM sbtest3 WHERE id BETWEEN 5308457 AND 5308556
	Aggregate  (cost=440.28..440.29 rows=1 width=8)
	  ->  Index Scan using sbtest3_pkey on sbtest3  (cost=0.43..440.00 rows=111 width=4)
	        Index Cond: ((id >= 5308457) AND (id <= 5308556))

table 4 : explain SELECT SUM(k) FROM sbtest4 WHERE id BETWEEN 4843002 AND 4843101
	Aggregate  (cost=385.20..385.21 rows=1 width=8)
	  ->  Index Scan using sbtest4_pkey on sbtest4  (cost=0.43..384.95 rows=97 width=4)
	        Index Cond: ((id >= 4843002) AND (id <= 4843101))

table 5 : explain SELECT SUM(k) FROM sbtest5 WHERE id BETWEEN 2538591 AND 2538690
	Aggregate  (cost=396.96..396.97 rows=1 width=8)
	  ->  Index Scan using sbtest5_pkey on sbtest5  (cost=0.43..396.71 rows=100 width=4)
	        Index Cond: ((id >= 2538591) AND (id <= 2538690))

table 6 : explain SELECT SUM(k) FROM sbtest6 WHERE id BETWEEN 5330708 AND 5330807
	Aggregate  (cost=436.09..436.10 rows=1 width=8)
	  ->  Index Scan using sbtest6_pkey on sbtest6  (cost=0.43..435.81 rows=110 width=4)
	        Index Cond: ((id >= 5330708) AND (id <= 5330807))

table 7 : explain SELECT SUM(k) FROM sbtest7 WHERE id BETWEEN 3734714 AND 3734813
	Aggregate  (cost=403.97..403.98 rows=1 width=8)
	  ->  Index Scan using sbtest7_pkey on sbtest7  (cost=0.43..403.71 rows=102 width=4)
	        Index Cond: ((id >= 3734714) AND (id <= 3734813))

table 8 : explain SELECT SUM(k) FROM sbtest8 WHERE id BETWEEN 1490627 AND 1490726
	Aggregate  (cost=351.64..351.65 rows=1 width=8)
	  ->  Index Scan using sbtest8_pkey on sbtest8  (cost=0.43..351.41 rows=89 width=4)
	        Index Cond: ((id >= 1490627) AND (id <= 1490726))

for: order_ranges
table 1 : explain SELECT c FROM sbtest1 WHERE id BETWEEN 3092795 AND 3092894 ORDER BY c
	Sort  (cost=438.71..438.98 rows=110 width=121)
	  Sort Key: c
	  ->  Index Scan using sbtest1_pkey on sbtest1  (cost=0.43..434.98 rows=110 width=121)
	        Index Cond: ((id >= 3092795) AND (id <= 3092894))

table 2 : explain SELECT c FROM sbtest2 WHERE id BETWEEN 1195908 AND 1196007 ORDER BY c
	Sort  (cost=414.29..414.55 rows=103 width=121)
	  Sort Key: c
	  ->  Index Scan using sbtest2_pkey on sbtest2  (cost=0.43..410.85 rows=103 width=121)
	        Index Cond: ((id >= 1195908) AND (id <= 1196007))

table 3 : explain SELECT c FROM sbtest3 WHERE id BETWEEN 7509492 AND 7509591 ORDER BY c
	Sort  (cost=419.99..420.26 rows=105 width=121)
	  Sort Key: c
	  ->  Index Scan using sbtest3_pkey on sbtest3  (cost=0.43..416.47 rows=105 width=121)
	        Index Cond: ((id >= 7509492) AND (id <= 7509591))

table 4 : explain SELECT c FROM sbtest4 WHERE id BETWEEN 4273998 AND 4274097 ORDER BY c
	Sort  (cost=364.39..364.62 rows=91 width=121)
	  Sort Key: c
	  ->  Index Scan using sbtest4_pkey on sbtest4  (cost=0.43..361.43 rows=91 width=121)
	        Index Cond: ((id >= 4273998) AND (id <= 4274097))

table 5 : explain SELECT c FROM sbtest5 WHERE id BETWEEN 274924 AND 275023 ORDER BY c
	Sort  (cost=423.80..424.07 rows=106 width=121)
	  Sort Key: c
	  ->  Index Scan using sbtest5_pkey on sbtest5  (cost=0.43..420.23 rows=106 width=121)
	        Index Cond: ((id >= 274924) AND (id <= 275023))

table 6 : explain SELECT c FROM sbtest6 WHERE id BETWEEN 6469523 AND 6469622 ORDER BY c
	Sort  (cost=356.35..356.57 rows=89 width=121)
	  Sort Key: c
	  ->  Index Scan using sbtest6_pkey on sbtest6  (cost=0.43..353.47 rows=89 width=121)
	        Index Cond: ((id >= 6469523) AND (id <= 6469622))

table 7 : explain SELECT c FROM sbtest7 WHERE id BETWEEN 9213954 AND 9214053 ORDER BY c
	Sort  (cost=371.54..371.77 rows=93 width=121)
	  Sort Key: c
	  ->  Index Scan using sbtest7_pkey on sbtest7  (cost=0.43..368.50 rows=93 width=121)
	        Index Cond: ((id >= 9213954) AND (id <= 9214053))

table 8 : explain SELECT c FROM sbtest8 WHERE id BETWEEN 2700529 AND 2700628 ORDER BY c
	Sort  (cost=421.25..421.52 rows=106 width=121)
	  Sort Key: c
	  ->  Index Scan using sbtest8_pkey on sbtest8  (cost=0.43..417.69 rows=106 width=121)
	        Index Cond: ((id >= 2700529) AND (id <= 2700628))

for point_selects
table 1 : explain SELECT c FROM sbtest1 WHERE id=1585665
	Index Scan using sbtest1_pkey on sbtest1  (cost=0.43..8.45 rows=1 width=121)
	  Index Cond: (id = 1585665)

table 2 : explain SELECT c FROM sbtest2 WHERE id=1837725
	Index Scan using sbtest2_pkey on sbtest2  (cost=0.43..8.45 rows=1 width=121)
	  Index Cond: (id = 1837725)

table 3 : explain SELECT c FROM sbtest3 WHERE id=7990027
	Index Scan using sbtest3_pkey on sbtest3  (cost=0.43..8.45 rows=1 width=121)
	  Index Cond: (id = 7990027)

table 4 : explain SELECT c FROM sbtest4 WHERE id=1783001
	Index Scan using sbtest4_pkey on sbtest4  (cost=0.43..8.45 rows=1 width=121)
	  Index Cond: (id = 1783001)

table 5 : explain SELECT c FROM sbtest5 WHERE id=6522957
	Index Scan using sbtest5_pkey on sbtest5  (cost=0.43..8.45 rows=1 width=121)
	  Index Cond: (id = 6522957)

table 6 : explain SELECT c FROM sbtest6 WHERE id=5034188
	Index Scan using sbtest6_pkey on sbtest6  (cost=0.43..8.45 rows=1 width=121)
	  Index Cond: (id = 5034188)

table 7 : explain SELECT c FROM sbtest7 WHERE id=4510263
	Index Scan using sbtest7_pkey on sbtest7  (cost=0.43..8.45 rows=1 width=121)
	  Index Cond: (id = 4510263)

table 8 : explain SELECT c FROM sbtest8 WHERE id=549564
	Index Scan using sbtest8_pkey on sbtest8  (cost=0.43..8.45 rows=1 width=121)
	  Index Cond: (id = 549564)

for: distinct_ranges
table 1 : explain SELECT DISTINCT c FROM sbtest1 WHERE id BETWEEN 2852356 AND 2852455 ORDER BY c
	Unique  (cost=414.99..415.51 rows=104 width=121)
	  ->  Sort  (cost=414.99..415.25 rows=104 width=121)
	        Sort Key: c
	        ->  Index Scan using sbtest1_pkey on sbtest1  (cost=0.43..411.51 rows=104 width=121)
	              Index Cond: ((id >= 2852356) AND (id <= 2852455))

table 2 : explain SELECT DISTINCT c FROM sbtest2 WHERE id BETWEEN 9605184 AND 9605283 ORDER BY c
	Unique  (cost=342.55..342.98 rows=85 width=121)
	  ->  Sort  (cost=342.55..342.77 rows=85 width=121)
	        Sort Key: c
	        ->  Index Scan using sbtest2_pkey on sbtest2  (cost=0.43..339.83 rows=85 width=121)
	              Index Cond: ((id >= 9605184) AND (id <= 9605283))

table 3 : explain SELECT DISTINCT c FROM sbtest3 WHERE id BETWEEN 8994651 AND 8994750 ORDER BY c
	Unique  (cost=408.10..408.61 rows=102 width=121)
	  ->  Sort  (cost=408.10..408.36 rows=102 width=121)
	        Sort Key: c
	        ->  Index Scan using sbtest3_pkey on sbtest3  (cost=0.43..404.70 rows=102 width=121)
	              Index Cond: ((id >= 8994651) AND (id <= 8994750))

table 4 : explain SELECT DISTINCT c FROM sbtest4 WHERE id BETWEEN 5475471 AND 5475570 ORDER BY c
	Unique  (cost=388.15..388.64 rows=97 width=121)
	  ->  Sort  (cost=388.15..388.40 rows=97 width=121)
	        Sort Key: c
	        ->  Index Scan using sbtest4_pkey on sbtest4  (cost=0.43..384.95 rows=97 width=121)
	              Index Cond: ((id >= 5475471) AND (id <= 5475570))

table 5 : explain SELECT DISTINCT c FROM sbtest5 WHERE id BETWEEN 356937 AND 357036 ORDER BY c
	Unique  (cost=392.08..392.57 rows=98 width=121)
	  ->  Sort  (cost=392.08..392.33 rows=98 width=121)
	        Sort Key: c
	        ->  Index Scan using sbtest5_pkey on sbtest5  (cost=0.43..388.84 rows=98 width=121)
	              Index Cond: ((id >= 356937) AND (id <= 357036))

table 6 : explain SELECT DISTINCT c FROM sbtest6 WHERE id BETWEEN 5234908 AND 5235007 ORDER BY c
	Unique  (cost=368.23..368.69 rows=92 width=121)
	  ->  Sort  (cost=368.23..368.46 rows=92 width=121)
	        Sort Key: c
	        ->  Index Scan using sbtest6_pkey on sbtest6  (cost=0.43..365.23 rows=92 width=121)
	              Index Cond: ((id >= 5234908) AND (id <= 5235007))

table 7 : explain SELECT DISTINCT c FROM sbtest7 WHERE id BETWEEN 7626362 AND 7626461 ORDER BY c
	Unique  (cost=387.35..387.83 rows=97 width=121)
	  ->  Sort  (cost=387.35..387.59 rows=97 width=121)
	        Sort Key: c
	        ->  Index Scan using sbtest7_pkey on sbtest7  (cost=0.43..384.15 rows=97 width=121)
	              Index Cond: ((id >= 7626362) AND (id <= 7626461))

table 8 : explain SELECT DISTINCT c FROM sbtest8 WHERE id BETWEEN 6888452 AND 6888551 ORDER BY c
	Unique  (cost=389.76..390.25 rows=98 width=121)
	  ->  Sort  (cost=389.76..390.00 rows=98 width=121)
	        Sort Key: c
	        ->  Index Scan using sbtest8_pkey on sbtest8  (cost=0.43..386.51 rows=98 width=121)
	              Index Cond: ((id >= 6888452) AND (id <= 6888551))

explain: for point_selects :: explain SELECT c FROM sbtest%u WHERE id=%u
for: simple_ranges
table 1 : explain SELECT c FROM sbtest1 WHERE id BETWEEN 4589885 AND 4589984
	Index Scan using sbtest1_pkey on sbtest1  (cost=0.43..348.88 rows=88 width=121)
	  Index Cond: ((id >= 4589885) AND (id <= 4589984))

table 2 : explain SELECT c FROM sbtest2 WHERE id BETWEEN 6795778 AND 6795877
	Index Scan using sbtest2_pkey on sbtest2  (cost=0.43..446.35 rows=112 width=121)
	  Index Cond: ((id >= 6795778) AND (id <= 6795877))

table 3 : explain SELECT c FROM sbtest3 WHERE id BETWEEN 2293978 AND 2294077
	Index Scan using sbtest3_pkey on sbtest3  (cost=0.43..396.86 rows=100 width=121)
	  Index Cond: ((id >= 2293978) AND (id <= 2294077))

table 4 : explain SELECT c FROM sbtest4 WHERE id BETWEEN 5630498 AND 5630597
	Index Scan using sbtest4_pkey on sbtest4  (cost=0.43..396.72 rows=100 width=121)
	  Index Cond: ((id >= 5630498) AND (id <= 5630597))

table 5 : explain SELECT c FROM sbtest5 WHERE id BETWEEN 1003425 AND 1003524
	Index Scan using sbtest5_pkey on sbtest5  (cost=0.43..369.24 rows=93 width=121)
	  Index Cond: ((id >= 1003425) AND (id <= 1003524))

table 6 : explain SELECT c FROM sbtest6 WHERE id BETWEEN 4360278 AND 4360377
	Index Scan using sbtest6_pkey on sbtest6  (cost=0.43..353.47 rows=89 width=121)
	  Index Cond: ((id >= 4360278) AND (id <= 4360377))

table 7 : explain SELECT c FROM sbtest7 WHERE id BETWEEN 9837584 AND 9837683
	Index Scan using sbtest7_pkey on sbtest7  (cost=0.43..372.41 rows=94 width=121)
	  Index Cond: ((id >= 9837584) AND (id <= 9837683))

table 8 : explain SELECT c FROM sbtest8 WHERE id BETWEEN 826635 AND 826734
	Index Scan using sbtest8_pkey on sbtest8  (cost=0.43..363.13 rows=92 width=121)
	  Index Cond: ((id >= 826635) AND (id <= 826734))

for point_selects
table 1 : explain SELECT c FROM sbtest1 WHERE id=7168628
	Index Scan using sbtest1_pkey on sbtest1  (cost=0.43..8.45 rows=1 width=121)
	  Index Cond: (id = 7168628)

table 2 : explain SELECT c FROM sbtest2 WHERE id=4556686
	Index Scan using sbtest2_pkey on sbtest2  (cost=0.43..8.45 rows=1 width=121)
	  Index Cond: (id = 4556686)

table 3 : explain SELECT c FROM sbtest3 WHERE id=2158476
	Index Scan using sbtest3_pkey on sbtest3  (cost=0.43..8.45 rows=1 width=121)
	  Index Cond: (id = 2158476)

table 4 : explain SELECT c FROM sbtest4 WHERE id=8931585
	Index Scan using sbtest4_pkey on sbtest4  (cost=0.43..8.45 rows=1 width=121)
	  Index Cond: (id = 8931585)

table 5 : explain SELECT c FROM sbtest5 WHERE id=7215481
	Index Scan using sbtest5_pkey on sbtest5  (cost=0.43..8.45 rows=1 width=121)
	  Index Cond: (id = 7215481)

table 6 : explain SELECT c FROM sbtest6 WHERE id=4292798
	Index Scan using sbtest6_pkey on sbtest6  (cost=0.43..8.45 rows=1 width=121)
	  Index Cond: (id = 4292798)

table 7 : explain SELECT c FROM sbtest7 WHERE id=8115574
	Index Scan using sbtest7_pkey on sbtest7  (cost=0.43..8.45 rows=1 width=121)
	  Index Cond: (id = 8115574)

table 8 : explain SELECT c FROM sbtest8 WHERE id=7846254
	Index Scan using sbtest8_pkey on sbtest8  (cost=0.43..8.45 rows=1 width=121)
	  Index Cond: (id = 7846254)

for point_selects
table 1 : explain SELECT c FROM sbtest1 WHERE id=4863986
	Index Scan using sbtest1_pkey on sbtest1  (cost=0.43..8.45 rows=1 width=121)
	  Index Cond: (id = 4863986)

table 2 : explain SELECT c FROM sbtest2 WHERE id=6746226
	Index Scan using sbtest2_pkey on sbtest2  (cost=0.43..8.45 rows=1 width=121)
	  Index Cond: (id = 6746226)

table 3 : explain SELECT c FROM sbtest3 WHERE id=4136646
	Index Scan using sbtest3_pkey on sbtest3  (cost=0.43..8.45 rows=1 width=121)
	  Index Cond: (id = 4136646)

table 4 : explain SELECT c FROM sbtest4 WHERE id=7156782
	Index Scan using sbtest4_pkey on sbtest4  (cost=0.43..8.45 rows=1 width=121)
	  Index Cond: (id = 7156782)

table 5 : explain SELECT c FROM sbtest5 WHERE id=4364947
	Index Scan using sbtest5_pkey on sbtest5  (cost=0.43..8.45 rows=1 width=121)
	  Index Cond: (id = 4364947)

table 6 : explain SELECT c FROM sbtest6 WHERE id=7404548
	Index Scan using sbtest6_pkey on sbtest6  (cost=0.43..8.45 rows=1 width=121)
	  Index Cond: (id = 7404548)

table 7 : explain SELECT c FROM sbtest7 WHERE id=9408088
	Index Scan using sbtest7_pkey on sbtest7  (cost=0.43..8.45 rows=1 width=121)
	  Index Cond: (id = 9408088)

table 8 : explain SELECT c FROM sbtest8 WHERE id=2390583
	Index Scan using sbtest8_pkey on sbtest8  (cost=0.43..8.45 rows=1 width=121)
	  Index Cond: (id = 2390583)

for: order_ranges
table 1 : explain SELECT c FROM sbtest1 WHERE id BETWEEN 138396 AND 138495 ORDER BY c
	Sort  (cost=387.32..387.56 rows=97 width=121)
	  Sort Key: c
	  ->  Index Scan using sbtest1_pkey on sbtest1  (cost=0.43..384.12 rows=97 width=121)
	        Index Cond: ((id >= 138396) AND (id <= 138495))

table 2 : explain SELECT c FROM sbtest2 WHERE id BETWEEN 1765283 AND 1765382 ORDER BY c
	Sort  (cost=362.47..362.70 rows=90 width=121)
	  Sort Key: c
	  ->  Index Scan using sbtest2_pkey on sbtest2  (cost=0.43..359.55 rows=90 width=121)
	        Index Cond: ((id >= 1765283) AND (id <= 1765382))

table 3 : explain SELECT c FROM sbtest3 WHERE id BETWEEN 7819008 AND 7819107 ORDER BY c
	Sort  (cost=356.57..356.79 rows=89 width=121)
	  Sort Key: c
	  ->  Index Scan using sbtest3_pkey on sbtest3  (cost=0.43..353.68 rows=89 width=121)
	        Index Cond: ((id >= 7819008) AND (id <= 7819107))

table 4 : explain SELECT c FROM sbtest4 WHERE id BETWEEN 1777850 AND 1777949 ORDER BY c
	Sort  (cost=388.15..388.40 rows=97 width=121)
	  Sort Key: c
	  ->  Index Scan using sbtest4_pkey on sbtest4  (cost=0.43..384.95 rows=97 width=121)
	        Index Cond: ((id >= 1777850) AND (id <= 1777949))

table 5 : explain SELECT c FROM sbtest5 WHERE id BETWEEN 1343533 AND 1343632 ORDER BY c
	Sort  (cost=384.16..384.40 rows=96 width=121)
	  Sort Key: c
	  ->  Index Scan using sbtest5_pkey on sbtest5  (cost=0.43..381.00 rows=96 width=121)
	        Index Cond: ((id >= 1343533) AND (id <= 1343632))

table 6 : explain SELECT c FROM sbtest6 WHERE id BETWEEN 216066 AND 216165 ORDER BY c
	Sort  (cost=376.15..376.38 rows=94 width=121)
	  Sort Key: c
	  ->  Index Scan using sbtest6_pkey on sbtest6  (cost=0.43..373.07 rows=94 width=121)
	        Index Cond: ((id >= 216066) AND (id <= 216165))

table 7 : explain SELECT c FROM sbtest7 WHERE id BETWEEN 6703301 AND 6703400 ORDER BY c
	Sort  (cost=351.75..351.97 rows=88 width=121)
	  Sort Key: c
	  ->  Index Scan using sbtest7_pkey on sbtest7  (cost=0.43..348.91 rows=88 width=121)
	        Index Cond: ((id >= 6703301) AND (id <= 6703400))

table 8 : explain SELECT c FROM sbtest8 WHERE id BETWEEN 1300922 AND 1301021 ORDER BY c
	Sort  (cost=389.76..390.00 rows=98 width=121)
	  Sort Key: c
	  ->  Index Scan using sbtest8_pkey on sbtest8  (cost=0.43..386.51 rows=98 width=121)
	        Index Cond: ((id >= 1300922) AND (id <= 1301021))

for: order_ranges
table 1 : explain SELECT c FROM sbtest1 WHERE id BETWEEN 7145385 AND 7145484 ORDER BY c
	Sort  (cost=403.13..403.38 rows=101 width=121)
	  Sort Key: c
	  ->  Index Scan using sbtest1_pkey on sbtest1  (cost=0.43..399.77 rows=101 width=121)
	        Index Cond: ((id >= 7145385) AND (id <= 7145484))

table 2 : explain SELECT c FROM sbtest2 WHERE id BETWEEN 6606965 AND 6607064 ORDER BY c
	Sort  (cost=458.13..458.42 rows=114 width=121)
	  Sort Key: c
	  ->  Index Scan using sbtest2_pkey on sbtest2  (cost=0.43..454.24 rows=114 width=121)
	        Index Cond: ((id >= 6606965) AND (id <= 6607064))

table 3 : explain SELECT c FROM sbtest3 WHERE id BETWEEN 4433490 AND 4433589 ORDER BY c
	Sort  (cost=388.29..388.53 rows=97 width=121)
	  Sort Key: c
	  ->  Index Scan using sbtest3_pkey on sbtest3  (cost=0.43..385.09 rows=97 width=121)
	        Index Cond: ((id >= 4433490) AND (id <= 4433589))

table 4 : explain SELECT c FROM sbtest4 WHERE id BETWEEN 7364483 AND 7364582 ORDER BY c
	Sort  (cost=423.81..424.07 rows=106 width=121)
	  Sort Key: c
	  ->  Index Scan using sbtest4_pkey on sbtest4  (cost=0.43..420.24 rows=106 width=121)
	        Index Cond: ((id >= 7364483) AND (id <= 7364582))

table 5 : explain SELECT c FROM sbtest5 WHERE id BETWEEN 8739615 AND 8739714 ORDER BY c
	Sort  (cost=388.12..388.36 rows=97 width=121)
	  Sort Key: c
	  ->  Index Scan using sbtest5_pkey on sbtest5  (cost=0.43..384.92 rows=97 width=121)
	        Index Cond: ((id >= 8739615) AND (id <= 8739714))

table 6 : explain SELECT c FROM sbtest6 WHERE id BETWEEN 5751259 AND 5751358 ORDER BY c
	Sort  (cost=403.89..404.15 rows=101 width=121)
	  Sort Key: c
	  ->  Index Scan using sbtest6_pkey on sbtest6  (cost=0.43..400.53 rows=101 width=121)
	        Index Cond: ((id >= 5751259) AND (id <= 5751358))

table 7 : explain SELECT c FROM sbtest7 WHERE id BETWEEN 8924396 AND 8924495 ORDER BY c
	Sort  (cost=415.02..415.28 rows=104 width=121)
	  Sort Key: c
	  ->  Index Scan using sbtest7_pkey on sbtest7  (cost=0.43..411.54 rows=104 width=121)
	        Index Cond: ((id >= 8924396) AND (id <= 8924495))

table 8 : explain SELECT c FROM sbtest8 WHERE id BETWEEN 2580988 AND 2581087 ORDER BY c
	Sort  (cost=366.14..366.37 rows=92 width=121)
	  Sort Key: c
	  ->  Index Scan using sbtest8_pkey on sbtest8  (cost=0.43..363.13 rows=92 width=121)
	        Index Cond: ((id >= 2580988) AND (id <= 2581087))

for: simple_ranges
table 1 : explain SELECT c FROM sbtest1 WHERE id BETWEEN 4467576 AND 4467675
	Index Scan using sbtest1_pkey on sbtest1  (cost=0.43..372.36 rows=94 width=121)
	  Index Cond: ((id >= 4467576) AND (id <= 4467675))

table 2 : explain SELECT c FROM sbtest2 WHERE id BETWEEN 3436890 AND 3436989
	Index Scan using sbtest2_pkey on sbtest2  (cost=0.43..335.89 rows=84 width=121)
	  Index Cond: ((id >= 3436890) AND (id <= 3436989))

table 3 : explain SELECT c FROM sbtest3 WHERE id BETWEEN 4756507 AND 4756606
	Index Scan using sbtest3_pkey on sbtest3  (cost=0.43..377.24 rows=95 width=121)
	  Index Cond: ((id >= 4756507) AND (id <= 4756606))

table 4 : explain SELECT c FROM sbtest4 WHERE id BETWEEN 6606901 AND 6607000
	Index Scan using sbtest4_pkey on sbtest4  (cost=0.43..357.51 rows=90 width=121)
	  Index Cond: ((id >= 6606901) AND (id <= 6607000))

table 5 : explain SELECT c FROM sbtest5 WHERE id BETWEEN 5991942 AND 5992041
	Index Scan using sbtest5_pkey on sbtest5  (cost=0.43..424.16 rows=107 width=121)
	  Index Cond: ((id >= 5991942) AND (id <= 5992041))

table 6 : explain SELECT c FROM sbtest6 WHERE id BETWEEN 3567679 AND 3567778
	Index Scan using sbtest6_pkey on sbtest6  (cost=0.43..380.93 rows=96 width=121)
	  Index Cond: ((id >= 3567679) AND (id <= 3567778))

table 7 : explain SELECT c FROM sbtest7 WHERE id BETWEEN 9334084 AND 9334183
	Index Scan using sbtest7_pkey on sbtest7  (cost=0.43..407.62 rows=103 width=121)
	  Index Cond: ((id >= 9334084) AND (id <= 9334183))

table 8 : explain SELECT c FROM sbtest8 WHERE id BETWEEN 3900169 AND 3900268
	Index Scan using sbtest8_pkey on sbtest8  (cost=0.43..421.58 rows=107 width=121)
	  Index Cond: ((id >= 3900169) AND (id <= 3900268))

for: distinct_ranges
table 1 : explain SELECT DISTINCT c FROM sbtest1 WHERE id BETWEEN 5021106 AND 5021205 ORDER BY c
	Unique  (cost=387.32..387.81 rows=97 width=121)
	  ->  Sort  (cost=387.32..387.56 rows=97 width=121)
	        Sort Key: c
	        ->  Index Scan using sbtest1_pkey on sbtest1  (cost=0.43..384.12 rows=97 width=121)
	              Index Cond: ((id >= 5021106) AND (id <= 5021205))

table 2 : explain SELECT DISTINCT c FROM sbtest2 WHERE id BETWEEN 9612943 AND 9613042 ORDER BY c
	Unique  (cost=342.55..342.98 rows=85 width=121)
	  ->  Sort  (cost=342.55..342.77 rows=85 width=121)
	        Sort Key: c
	        ->  Index Scan using sbtest2_pkey on sbtest2  (cost=0.43..339.83 rows=85 width=121)
	              Index Cond: ((id >= 9612943) AND (id <= 9613042))

table 3 : explain SELECT DISTINCT c FROM sbtest3 WHERE id BETWEEN 7391338 AND 7391437 ORDER BY c
	Unique  (cost=392.25..392.74 rows=98 width=121)
	  ->  Sort  (cost=392.25..392.50 rows=98 width=121)
	        Sort Key: c
	        ->  Index Scan using sbtest3_pkey on sbtest3  (cost=0.43..389.01 rows=98 width=121)
	              Index Cond: ((id >= 7391338) AND (id <= 7391437))

table 4 : explain SELECT DISTINCT c FROM sbtest4 WHERE id BETWEEN 6743462 AND 6743561 ORDER BY c
	Unique  (cost=392.12..392.61 rows=98 width=121)
	  ->  Sort  (cost=392.12..392.36 rows=98 width=121)
	        Sort Key: c
	        ->  Index Scan using sbtest4_pkey on sbtest4  (cost=0.43..388.87 rows=98 width=121)
	              Index Cond: ((id >= 6743462) AND (id <= 6743561))

table 5 : explain SELECT DISTINCT c FROM sbtest5 WHERE id BETWEEN 3609575 AND 3609674 ORDER BY c
	Unique  (cost=380.20..380.67 rows=95 width=121)
	  ->  Sort  (cost=380.20..380.44 rows=95 width=121)
	        Sort Key: c
	        ->  Index Scan using sbtest5_pkey on sbtest5  (cost=0.43..377.08 rows=95 width=121)
	              Index Cond: ((id >= 3609575) AND (id <= 3609674))

table 6 : explain SELECT DISTINCT c FROM sbtest6 WHERE id BETWEEN 5545115 AND 5545214 ORDER BY c
	Unique  (cost=415.78..416.30 rows=104 width=121)
	  ->  Sort  (cost=415.78..416.04 rows=104 width=121)
	        Sort Key: c
	        ->  Index Scan using sbtest6_pkey on sbtest6  (cost=0.43..412.29 rows=104 width=121)
	              Index Cond: ((id >= 5545115) AND (id <= 5545214))

table 7 : explain SELECT DISTINCT c FROM sbtest7 WHERE id BETWEEN 4868856 AND 4868955 ORDER BY c
	Unique  (cost=395.26..395.75 rows=99 width=121)
	  ->  Sort  (cost=395.26..395.50 rows=99 width=121)
	        Sort Key: c
	        ->  Index Scan using sbtest7_pkey on sbtest7  (cost=0.43..391.97 rows=99 width=121)
	              Index Cond: ((id >= 4868856) AND (id <= 4868955))

table 8 : explain SELECT DISTINCT c FROM sbtest8 WHERE id BETWEEN 7906155 AND 7906254 ORDER BY c
	Unique  (cost=366.14..366.60 rows=92 width=121)
	  ->  Sort  (cost=366.14..366.37 rows=92 width=121)
	        Sort Key: c
	        ->  Index Scan using sbtest8_pkey on sbtest8  (cost=0.43..363.13 rows=92 width=121)
	              Index Cond: ((id >= 7906155) AND (id <= 7906254))

explain: for point_selects :: explain SELECT c FROM sbtest%u WHERE id=%u
for: distinct_ranges
table 1 : explain SELECT DISTINCT c FROM sbtest1 WHERE id BETWEEN 2779548 AND 2779647 ORDER BY c
	Unique  (cost=414.99..415.51 rows=104 width=121)
	  ->  Sort  (cost=414.99..415.25 rows=104 width=121)
	        Sort Key: c
	        ->  Index Scan using sbtest1_pkey on sbtest1  (cost=0.43..411.51 rows=104 width=121)
	              Index Cond: ((id >= 2779548) AND (id <= 2779647))

table 2 : explain SELECT DISTINCT c FROM sbtest2 WHERE id BETWEEN 5007280 AND 5007379 ORDER BY c
	Unique  (cost=382.41..382.89 rows=95 width=121)
	  ->  Sort  (cost=382.41..382.65 rows=95 width=121)
	        Sort Key: c
	        ->  Index Scan using sbtest2_pkey on sbtest2  (cost=0.43..379.29 rows=95 width=121)
	              Index Cond: ((id >= 5007280) AND (id <= 5007379))

table 3 : explain SELECT DISTINCT c FROM sbtest3 WHERE id BETWEEN 9424702 AND 9424801 ORDER BY c
	Unique  (cost=396.22..396.71 rows=99 width=121)
	  ->  Sort  (cost=396.22..396.46 rows=99 width=121)
	        Sort Key: c
	        ->  Index Scan using sbtest3_pkey on sbtest3  (cost=0.43..392.93 rows=99 width=121)
	              Index Cond: ((id >= 9424702) AND (id <= 9424801))

table 4 : explain SELECT DISTINCT c FROM sbtest4 WHERE id BETWEEN 7677951 AND 7678050 ORDER BY c
	Unique  (cost=404.00..404.51 rows=101 width=121)
	  ->  Sort  (cost=404.00..404.25 rows=101 width=121)
	        Sort Key: c
	        ->  Index Scan using sbtest4_pkey on sbtest4  (cost=0.43..400.64 rows=101 width=121)
	              Index Cond: ((id >= 7677951) AND (id <= 7678050))

table 5 : explain SELECT DISTINCT c FROM sbtest5 WHERE id BETWEEN 6691768 AND 6691867 ORDER BY c
	Unique  (cost=415.88..416.40 rows=104 width=121)
	  ->  Sort  (cost=415.88..416.14 rows=104 width=121)
	        Sort Key: c
	        ->  Index Scan using sbtest5_pkey on sbtest5  (cost=0.43..412.39 rows=104 width=121)
	              Index Cond: ((id >= 6691768) AND (id <= 6691867))

table 6 : explain SELECT DISTINCT c FROM sbtest6 WHERE id BETWEEN 307173 AND 307272 ORDER BY c
	Unique  (cost=376.15..376.62 rows=94 width=121)
	  ->  Sort  (cost=376.15..376.38 rows=94 width=121)
	        Sort Key: c
	        ->  Index Scan using sbtest6_pkey on sbtest6  (cost=0.43..373.07 rows=94 width=121)
	              Index Cond: ((id >= 307173) AND (id <= 307272))

table 7 : explain SELECT DISTINCT c FROM sbtest7 WHERE id BETWEEN 3240994 AND 3241093 ORDER BY c
	Unique  (cost=363.63..364.09 rows=91 width=121)
	  ->  Sort  (cost=363.63..363.86 rows=91 width=121)
	        Sort Key: c
	        ->  Index Scan using sbtest7_pkey on sbtest7  (cost=0.43..360.67 rows=91 width=121)
	              Index Cond: ((id >= 3240994) AND (id <= 3241093))

table 8 : explain SELECT DISTINCT c FROM sbtest8 WHERE id BETWEEN 682356 AND 682455 ORDER BY c
	Unique  (cost=401.57..402.07 rows=101 width=121)
	  ->  Sort  (cost=401.57..401.82 rows=101 width=121)
	        Sort Key: c
	        ->  Index Scan using sbtest8_pkey on sbtest8  (cost=0.43..398.20 rows=101 width=121)
	              Index Cond: ((id >= 682356) AND (id <= 682455))

for: simple_ranges
table 1 : explain SELECT c FROM sbtest1 WHERE id BETWEEN 2981204 AND 2981303
	Index Scan using sbtest1_pkey on sbtest1  (cost=0.43..399.77 rows=101 width=121)
	  Index Cond: ((id >= 2981204) AND (id <= 2981303))

table 2 : explain SELECT c FROM sbtest2 WHERE id BETWEEN 1548805 AND 1548904
	Index Scan using sbtest2_pkey on sbtest2  (cost=0.43..418.74 rows=105 width=121)
	  Index Cond: ((id >= 1548805) AND (id <= 1548904))

table 3 : explain SELECT c FROM sbtest3 WHERE id BETWEEN 2613704 AND 2613803
	Index Scan using sbtest3_pkey on sbtest3  (cost=0.43..381.17 rows=96 width=121)
	  Index Cond: ((id >= 2613704) AND (id <= 2613803))

table 4 : explain SELECT c FROM sbtest4 WHERE id BETWEEN 3718220 AND 3718319
	Index Scan using sbtest4_pkey on sbtest4  (cost=0.43..408.48 rows=103 width=121)
	  Index Cond: ((id >= 3718220) AND (id <= 3718319))

table 5 : explain SELECT c FROM sbtest5 WHERE id BETWEEN 6888672 AND 6888771
	Index Scan using sbtest5_pkey on sbtest5  (cost=0.43..392.79 rows=99 width=121)
	  Index Cond: ((id >= 6888672) AND (id <= 6888771))

table 6 : explain SELECT c FROM sbtest6 WHERE id BETWEEN 9101227 AND 9101326
	Index Scan using sbtest6_pkey on sbtest6  (cost=0.43..408.37 rows=103 width=121)
	  Index Cond: ((id >= 9101227) AND (id <= 9101326))

table 7 : explain SELECT c FROM sbtest7 WHERE id BETWEEN 8933338 AND 8933437
	Index Scan using sbtest7_pkey on sbtest7  (cost=0.43..411.54 rows=104 width=121)
	  Index Cond: ((id >= 8933338) AND (id <= 8933437))

table 8 : explain SELECT c FROM sbtest8 WHERE id BETWEEN 4973097 AND 4973196
	Index Scan using sbtest8_pkey on sbtest8  (cost=0.43..409.89 rows=104 width=121)
	  Index Cond: ((id >= 4973097) AND (id <= 4973196))

for: sum_ranges
table 1 : explain SELECT SUM(k) FROM sbtest1 WHERE id BETWEEN 9109123 AND 9109222
	Aggregate  (cost=380.45..380.46 rows=1 width=8)
	  ->  Index Scan using sbtest1_pkey on sbtest1  (cost=0.43..380.21 rows=96 width=4)
	        Index Cond: ((id >= 9109123) AND (id <= 9109222))

table 2 : explain SELECT SUM(k) FROM sbtest2 WHERE id BETWEEN 2226933 AND 2227032
	Aggregate  (cost=371.62..371.63 rows=1 width=8)
	  ->  Index Scan using sbtest2_pkey on sbtest2  (cost=0.43..371.39 rows=93 width=4)
	        Index Cond: ((id >= 2226933) AND (id <= 2227032))

table 3 : explain SELECT SUM(k) FROM sbtest3 WHERE id BETWEEN 2712905 AND 2713004
	Aggregate  (cost=408.88..408.89 rows=1 width=8)
	  ->  Index Scan using sbtest3_pkey on sbtest3  (cost=0.43..408.62 rows=103 width=4)
	        Index Cond: ((id >= 2712905) AND (id <= 2713004))

table 4 : explain SELECT SUM(k) FROM sbtest4 WHERE id BETWEEN 3051456 AND 3051555
	Aggregate  (cost=471.54..471.55 rows=1 width=8)
	  ->  Index Scan using sbtest4_pkey on sbtest4  (cost=0.43..471.24 rows=119 width=4)
	        Index Cond: ((id >= 3051456) AND (id <= 3051555))

table 5 : explain SELECT SUM(k) FROM sbtest5 WHERE id BETWEEN 973033 AND 973132
	Aggregate  (cost=455.81..455.82 rows=1 width=8)
	  ->  Index Scan using sbtest5_pkey on sbtest5  (cost=0.43..455.52 rows=115 width=4)
	        Index Cond: ((id >= 973033) AND (id <= 973132))

table 6 : explain SELECT SUM(k) FROM sbtest6 WHERE id BETWEEN 1158316 AND 1158415
	Aggregate  (cost=377.25..377.26 rows=1 width=8)
	  ->  Index Scan using sbtest6_pkey on sbtest6  (cost=0.43..377.01 rows=95 width=4)
	        Index Cond: ((id >= 1158316) AND (id <= 1158415))

table 7 : explain SELECT SUM(k) FROM sbtest7 WHERE id BETWEEN 1091088 AND 1091187
	Aggregate  (cost=380.48..380.49 rows=1 width=8)
	  ->  Index Scan using sbtest7_pkey on sbtest7  (cost=0.43..380.24 rows=96 width=4)
	        Index Cond: ((id >= 1091088) AND (id <= 1091187))

table 8 : explain SELECT SUM(k) FROM sbtest8 WHERE id BETWEEN 3714885 AND 3714984
	Aggregate  (cost=390.66..390.67 rows=1 width=8)
	  ->  Index Scan using sbtest8_pkey on sbtest8  (cost=0.43..390.41 rows=99 width=4)
	        Index Cond: ((id >= 3714885) AND (id <= 3714984))

for: distinct_ranges
table 1 : explain SELECT DISTINCT c FROM sbtest1 WHERE id BETWEEN 6034764 AND 6034863 ORDER BY c
	Unique  (cost=407.08..407.59 rows=102 width=121)
	  ->  Sort  (cost=407.08..407.34 rows=102 width=121)
	        Sort Key: c
	        ->  Index Scan using sbtest1_pkey on sbtest1  (cost=0.43..403.68 rows=102 width=121)
	              Index Cond: ((id >= 6034764) AND (id <= 6034863))

table 2 : explain SELECT DISTINCT c FROM sbtest2 WHERE id BETWEEN 9212314 AND 9212413 ORDER BY c
	Unique  (cost=386.40..386.88 rows=96 width=121)
	  ->  Sort  (cost=386.40..386.64 rows=96 width=121)
	        Sort Key: c
	        ->  Index Scan using sbtest2_pkey on sbtest2  (cost=0.43..383.24 rows=96 width=121)
	              Index Cond: ((id >= 9212314) AND (id <= 9212413))

table 3 : explain SELECT DISTINCT c FROM sbtest3 WHERE id BETWEEN 8154859 AND 8154958 ORDER BY c
	Unique  (cost=404.14..404.65 rows=101 width=121)
	  ->  Sort  (cost=404.14..404.39 rows=101 width=121)
	        Sort Key: c
	        ->  Index Scan using sbtest3_pkey on sbtest3  (cost=0.43..400.78 rows=101 width=121)
	              Index Cond: ((id >= 8154859) AND (id <= 8154958))

table 4 : explain SELECT DISTINCT c FROM sbtest4 WHERE id BETWEEN 7016070 AND 7016169 ORDER BY c
	Unique  (cost=467.39..467.98 rows=117 width=121)
	  ->  Sort  (cost=467.39..467.69 rows=117 width=121)
	        Sort Key: c
	        ->  Index Scan using sbtest4_pkey on sbtest4  (cost=0.43..463.38 rows=117 width=121)
	              Index Cond: ((id >= 7016070) AND (id <= 7016169))

table 5 : explain SELECT DISTINCT c FROM sbtest5 WHERE id BETWEEN 4286190 AND 4286289 ORDER BY c
	Unique  (cost=364.36..364.81 rows=91 width=121)
	  ->  Sort  (cost=364.36..364.58 rows=91 width=121)
	        Sort Key: c
	        ->  Index Scan using sbtest5_pkey on sbtest5  (cost=0.43..361.39 rows=91 width=121)
	              Index Cond: ((id >= 4286190) AND (id <= 4286289))

table 6 : explain SELECT DISTINCT c FROM sbtest6 WHERE id BETWEEN 8783357 AND 8783456 ORDER BY c
	Unique  (cost=399.93..400.43 rows=100 width=121)
	  ->  Sort  (cost=399.93..400.18 rows=100 width=121)
	        Sort Key: c
	        ->  Index Scan using sbtest6_pkey on sbtest6  (cost=0.43..396.61 rows=100 width=121)
	              Index Cond: ((id >= 8783357) AND (id <= 8783456))

table 7 : explain SELECT DISTINCT c FROM sbtest7 WHERE id BETWEEN 9141092 AND 9141191 ORDER BY c
	Unique  (cost=371.54..372.00 rows=93 width=121)
	  ->  Sort  (cost=371.54..371.77 rows=93 width=121)
	        Sort Key: c
	        ->  Index Scan using sbtest7_pkey on sbtest7  (cost=0.43..368.50 rows=93 width=121)
	              Index Cond: ((id >= 9141092) AND (id <= 9141191))

table 8 : explain SELECT DISTINCT c FROM sbtest8 WHERE id BETWEEN 7241943 AND 7242042 ORDER BY c
	Unique  (cost=405.50..406.01 rows=102 width=121)
	  ->  Sort  (cost=405.50..405.76 rows=102 width=121)
	        Sort Key: c
	        ->  Index Scan using sbtest8_pkey on sbtest8  (cost=0.43..402.10 rows=102 width=121)
	              Index Cond: ((id >= 7241943) AND (id <= 7242042))

for: distinct_ranges
table 1 : explain SELECT DISTINCT c FROM sbtest1 WHERE id BETWEEN 913363 AND 913462 ORDER BY c
	Unique  (cost=391.27..391.76 rows=98 width=121)
	  ->  Sort  (cost=391.27..391.52 rows=98 width=121)
	        Sort Key: c
	        ->  Index Scan using sbtest1_pkey on sbtest1  (cost=0.43..388.03 rows=98 width=121)
	              Index Cond: ((id >= 913363) AND (id <= 913462))

table 2 : explain SELECT DISTINCT c FROM sbtest2 WHERE id BETWEEN 101477 AND 101576 ORDER BY c
	Unique  (cost=390.38..390.87 rows=97 width=121)
	  ->  Sort  (cost=390.38..390.63 rows=97 width=121)
	        Sort Key: c
	        ->  Index Scan using sbtest2_pkey on sbtest2  (cost=0.43..387.18 rows=97 width=121)
	              Index Cond: ((id >= 101477) AND (id <= 101576))

table 3 : explain SELECT DISTINCT c FROM sbtest3 WHERE id BETWEEN 1879447 AND 1879546 ORDER BY c
	Unique  (cost=431.88..432.42 rows=108 width=121)
	  ->  Sort  (cost=431.88..432.15 rows=108 width=121)
	        Sort Key: c
	        ->  Index Scan using sbtest3_pkey on sbtest3  (cost=0.43..428.24 rows=108 width=121)
	              Index Cond: ((id >= 1879447) AND (id <= 1879546))

table 4 : explain SELECT DISTINCT c FROM sbtest4 WHERE id BETWEEN 7526580 AND 7526679 ORDER BY c
	Unique  (cost=392.12..392.61 rows=98 width=121)
	  ->  Sort  (cost=392.12..392.36 rows=98 width=121)
	        Sort Key: c
	        ->  Index Scan using sbtest4_pkey on sbtest4  (cost=0.43..388.87 rows=98 width=121)
	              Index Cond: ((id >= 7526580) AND (id <= 7526679))

table 5 : explain SELECT DISTINCT c FROM sbtest5 WHERE id BETWEEN 9132694 AND 9132793 ORDER BY c
	Unique  (cost=439.65..440.20 rows=110 width=121)
	  ->  Sort  (cost=439.65..439.92 rows=110 width=121)
	        Sort Key: c
	        ->  Index Scan using sbtest5_pkey on sbtest5  (cost=0.43..435.92 rows=110 width=121)
	              Index Cond: ((id >= 9132694) AND (id <= 9132793))

table 6 : explain SELECT DISTINCT c FROM sbtest6 WHERE id BETWEEN 6669428 AND 6669527 ORDER BY c
	Unique  (cost=395.97..396.47 rows=99 width=121)
	  ->  Sort  (cost=395.97..396.22 rows=99 width=121)
	        Sort Key: c
	        ->  Index Scan using sbtest6_pkey on sbtest6  (cost=0.43..392.69 rows=99 width=121)
	              Index Cond: ((id >= 6669428) AND (id <= 6669527))

table 7 : explain SELECT DISTINCT c FROM sbtest7 WHERE id BETWEEN 2879998 AND 2880097 ORDER BY c
	Unique  (cost=387.35..387.83 rows=97 width=121)
	  ->  Sort  (cost=387.35..387.59 rows=97 width=121)
	        Sort Key: c
	        ->  Index Scan using sbtest7_pkey on sbtest7  (cost=0.43..384.15 rows=97 width=121)
	              Index Cond: ((id >= 2879998) AND (id <= 2880097))

table 8 : explain SELECT DISTINCT c FROM sbtest8 WHERE id BETWEEN 456242 AND 456341 ORDER BY c
	Unique  (cost=413.38..413.90 rows=104 width=121)
	  ->  Sort  (cost=413.38..413.64 rows=104 width=121)
	        Sort Key: c
	        ->  Index Scan using sbtest8_pkey on sbtest8  (cost=0.43..409.89 rows=104 width=121)
	              Index Cond: ((id >= 456242) AND (id <= 456341))

for: sum_ranges
table 1 : explain SELECT SUM(k) FROM sbtest1 WHERE id BETWEEN 3502285 AND 3502384
	Aggregate  (cost=439.17..439.18 rows=1 width=8)
	  ->  Index Scan using sbtest1_pkey on sbtest1  (cost=0.43..438.89 rows=111 width=4)
	        Index Cond: ((id >= 3502285) AND (id <= 3502384))

table 2 : explain SELECT SUM(k) FROM sbtest2 WHERE id BETWEEN 6122460 AND 6122559
	Aggregate  (cost=387.42..387.43 rows=1 width=8)
	  ->  Index Scan using sbtest2_pkey on sbtest2  (cost=0.43..387.18 rows=97 width=4)
	        Index Cond: ((id >= 6122460) AND (id <= 6122559))

table 3 : explain SELECT SUM(k) FROM sbtest3 WHERE id BETWEEN 8765379 AND 8765478
	Aggregate  (cost=385.33..385.34 rows=1 width=8)
	  ->  Index Scan using sbtest3_pkey on sbtest3  (cost=0.43..385.09 rows=97 width=4)
	        Index Cond: ((id >= 8765379) AND (id <= 8765478))

table 4 : explain SELECT SUM(k) FROM sbtest4 WHERE id BETWEEN 3228755 AND 3228854
	Aggregate  (cost=389.12..389.13 rows=1 width=8)
	  ->  Index Scan using sbtest4_pkey on sbtest4  (cost=0.43..388.87 rows=98 width=4)
	        Index Cond: ((id >= 3228755) AND (id <= 3228854))

table 5 : explain SELECT SUM(k) FROM sbtest5 WHERE id BETWEEN 1808868 AND 1808967
	Aggregate  (cost=424.42..424.43 rows=1 width=8)
	  ->  Index Scan using sbtest5_pkey on sbtest5  (cost=0.43..424.16 rows=107 width=4)
	        Index Cond: ((id >= 1808868) AND (id <= 1808967))

table 6 : explain SELECT SUM(k) FROM sbtest6 WHERE id BETWEEN 3721465 AND 3721564
	Aggregate  (cost=416.47..416.48 rows=1 width=8)
	  ->  Index Scan using sbtest6_pkey on sbtest6  (cost=0.43..416.21 rows=105 width=4)
	        Index Cond: ((id >= 3721465) AND (id <= 3721564))

table 7 : explain SELECT SUM(k) FROM sbtest7 WHERE id BETWEEN 5277977 AND 5278076
	Aggregate  (cost=341.30..341.31 rows=1 width=8)
	  ->  Index Scan using sbtest7_pkey on sbtest7  (cost=0.43..341.08 rows=86 width=4)
	        Index Cond: ((id >= 5277977) AND (id <= 5278076))

table 8 : explain SELECT SUM(k) FROM sbtest8 WHERE id BETWEEN 7883223 AND 7883322
	Aggregate  (cost=363.36..363.37 rows=1 width=8)
	  ->  Index Scan using sbtest8_pkey on sbtest8  (cost=0.43..363.13 rows=92 width=4)
	        Index Cond: ((id >= 7883223) AND (id <= 7883322))

for point_selects
table 1 : explain SELECT c FROM sbtest1 WHERE id=337953
	Index Scan using sbtest1_pkey on sbtest1  (cost=0.43..8.45 rows=1 width=121)
	  Index Cond: (id = 337953)

table 2 : explain SELECT c FROM sbtest2 WHERE id=4866711
	Index Scan using sbtest2_pkey on sbtest2  (cost=0.43..8.45 rows=1 width=121)
	  Index Cond: (id = 4866711)

table 3 : explain SELECT c FROM sbtest3 WHERE id=7869139
	Index Scan using sbtest3_pkey on sbtest3  (cost=0.43..8.45 rows=1 width=121)
	  Index Cond: (id = 7869139)

table 4 : explain SELECT c FROM sbtest4 WHERE id=5680107
	Index Scan using sbtest4_pkey on sbtest4  (cost=0.43..8.45 rows=1 width=121)
	  Index Cond: (id = 5680107)

table 5 : explain SELECT c FROM sbtest5 WHERE id=81923
	Index Scan using sbtest5_pkey on sbtest5  (cost=0.43..8.45 rows=1 width=121)
	  Index Cond: (id = 81923)

table 6 : explain SELECT c FROM sbtest6 WHERE id=7219222
	Index Scan using sbtest6_pkey on sbtest6  (cost=0.43..8.45 rows=1 width=121)
	  Index Cond: (id = 7219222)

table 7 : explain SELECT c FROM sbtest7 WHERE id=9826339
	Index Scan using sbtest7_pkey on sbtest7  (cost=0.43..8.45 rows=1 width=121)
	  Index Cond: (id = 9826339)

table 8 : explain SELECT c FROM sbtest8 WHERE id=2071647
	Index Scan using sbtest8_pkey on sbtest8  (cost=0.43..8.45 rows=1 width=121)
	  Index Cond: (id = 2071647)

for: sum_ranges
table 1 : explain SELECT SUM(k) FROM sbtest1 WHERE id BETWEEN 2081711 AND 2081810
	Aggregate  (cost=396.11..396.12 rows=1 width=8)
	  ->  Index Scan using sbtest1_pkey on sbtest1  (cost=0.43..395.86 rows=100 width=4)
	        Index Cond: ((id >= 2081711) AND (id <= 2081810))

table 2 : explain SELECT SUM(k) FROM sbtest2 WHERE id BETWEEN 5129986 AND 5130085
	Aggregate  (cost=419.00..419.01 rows=1 width=8)
	  ->  Index Scan using sbtest2_pkey on sbtest2  (cost=0.43..418.74 rows=105 width=4)
	        Index Cond: ((id >= 5129986) AND (id <= 5130085))

table 3 : explain SELECT SUM(k) FROM sbtest3 WHERE id BETWEEN 3726594 AND 3726693
	Aggregate  (cost=444.21..444.22 rows=1 width=8)
	  ->  Index Scan using sbtest3_pkey on sbtest3  (cost=0.43..443.93 rows=112 width=4)
	        Index Cond: ((id >= 3726594) AND (id <= 3726693))

table 4 : explain SELECT SUM(k) FROM sbtest4 WHERE id BETWEEN 675740 AND 675839
	Aggregate  (cost=377.35..377.36 rows=1 width=8)
	  ->  Index Scan using sbtest4_pkey on sbtest4  (cost=0.43..377.11 rows=95 width=4)
	        Index Cond: ((id >= 675740) AND (id <= 675839))

table 5 : explain SELECT SUM(k) FROM sbtest5 WHERE id BETWEEN 9000597 AND 9000696
	Aggregate  (cost=428.35..428.36 rows=1 width=8)
	  ->  Index Scan using sbtest5_pkey on sbtest5  (cost=0.43..428.08 rows=108 width=4)
	        Index Cond: ((id >= 9000597) AND (id <= 9000696))

table 6 : explain SELECT SUM(k) FROM sbtest6 WHERE id BETWEEN 4062413 AND 4062512
	Aggregate  (cost=400.78..400.79 rows=1 width=8)
	  ->  Index Scan using sbtest6_pkey on sbtest6  (cost=0.43..400.53 rows=101 width=4)
	        Index Cond: ((id >= 4062413) AND (id <= 4062512))

table 7 : explain SELECT SUM(k) FROM sbtest7 WHERE id BETWEEN 3174598 AND 3174697
	Aggregate  (cost=396.14..396.15 rows=1 width=8)
	  ->  Index Scan using sbtest7_pkey on sbtest7  (cost=0.43..395.89 rows=100 width=4)
	        Index Cond: ((id >= 3174598) AND (id <= 3174697))

table 8 : explain SELECT SUM(k) FROM sbtest8 WHERE id BETWEEN 1234149 AND 1234248
	Aggregate  (cost=386.76..386.77 rows=1 width=8)
	  ->  Index Scan using sbtest8_pkey on sbtest8  (cost=0.43..386.51 rows=98 width=4)
	        Index Cond: ((id >= 1234149) AND (id <= 1234248))

for: sum_ranges
table 1 : explain SELECT SUM(k) FROM sbtest1 WHERE id BETWEEN 3209874 AND 3209973
	Aggregate  (cost=372.62..372.63 rows=1 width=8)
	  ->  Index Scan using sbtest1_pkey on sbtest1  (cost=0.43..372.38 rows=94 width=4)
	        Index Cond: ((id >= 3209874) AND (id <= 3209973))

table 2 : explain SELECT SUM(k) FROM sbtest2 WHERE id BETWEEN 2386154 AND 2386253
	Aggregate  (cost=407.16..407.17 rows=1 width=8)
	  ->  Index Scan using sbtest2_pkey on sbtest2  (cost=0.43..406.90 rows=102 width=4)
	        Index Cond: ((id >= 2386154) AND (id <= 2386253))

table 3 : explain SELECT SUM(k) FROM sbtest3 WHERE id BETWEEN 3983254 AND 3983353
	Aggregate  (cost=361.76..361.77 rows=1 width=8)
	  ->  Index Scan using sbtest3_pkey on sbtest3  (cost=0.43..361.53 rows=91 width=4)
	        Index Cond: ((id >= 3983254) AND (id <= 3983353))

table 4 : explain SELECT SUM(k) FROM sbtest4 WHERE id BETWEEN 6041710 AND 6041809
	Aggregate  (cost=396.97..396.98 rows=1 width=8)
	  ->  Index Scan using sbtest4_pkey on sbtest4  (cost=0.43..396.72 rows=100 width=4)
	        Index Cond: ((id >= 6041710) AND (id <= 6041809))

table 5 : explain SELECT SUM(k) FROM sbtest5 WHERE id BETWEEN 6914123 AND 6914222
	Aggregate  (cost=393.04..393.05 rows=1 width=8)
	  ->  Index Scan using sbtest5_pkey on sbtest5  (cost=0.43..392.79 rows=99 width=4)
	        Index Cond: ((id >= 6914123) AND (id <= 6914222))

table 6 : explain SELECT SUM(k) FROM sbtest6 WHERE id BETWEEN 8894552 AND 8894651
	Aggregate  (cost=420.40..420.41 rows=1 width=8)
	  ->  Index Scan using sbtest6_pkey on sbtest6  (cost=0.43..420.13 rows=106 width=4)
	        Index Cond: ((id >= 8894552) AND (id <= 8894651))

table 7 : explain SELECT SUM(k) FROM sbtest7 WHERE id BETWEEN 9382413 AND 9382512
	Aggregate  (cost=407.88..407.89 rows=1 width=8)
	  ->  Index Scan using sbtest7_pkey on sbtest7  (cost=0.43..407.62 rows=103 width=4)
	        Index Cond: ((id >= 9382413) AND (id <= 9382512))

table 8 : explain SELECT SUM(k) FROM sbtest8 WHERE id BETWEEN 1250617 AND 1250716
	Aggregate  (cost=386.76..386.77 rows=1 width=8)
	  ->  Index Scan using sbtest8_pkey on sbtest8  (cost=0.43..386.51 rows=98 width=4)
	        Index Cond: ((id >= 1250617) AND (id <= 1250716))

for: simple_ranges
table 1 : explain SELECT c FROM sbtest1 WHERE id BETWEEN 3273161 AND 3273260
	Index Scan using sbtest1_pkey on sbtest1  (cost=0.43..380.21 rows=96 width=121)
	  Index Cond: ((id >= 3273161) AND (id <= 3273260))

table 2 : explain SELECT c FROM sbtest2 WHERE id BETWEEN 6430803 AND 6430902
	Index Scan using sbtest2_pkey on sbtest2  (cost=0.43..426.63 rows=107 width=121)
	  Index Cond: ((id >= 6430803) AND (id <= 6430902))

table 3 : explain SELECT c FROM sbtest3 WHERE id BETWEEN 5339627 AND 5339726
	Index Scan using sbtest3_pkey on sbtest3  (cost=0.43..440.00 rows=111 width=121)
	  Index Cond: ((id >= 5339627) AND (id <= 5339726))

table 4 : explain SELECT c FROM sbtest4 WHERE id BETWEEN 6544788 AND 6544887
	Index Scan using sbtest4_pkey on sbtest4  (cost=0.43..357.51 rows=90 width=121)
	  Index Cond: ((id >= 6544788) AND (id <= 6544887))

table 5 : explain SELECT c FROM sbtest5 WHERE id BETWEEN 9249046 AND 9249145
	Index Scan using sbtest5_pkey on sbtest5  (cost=0.43..369.24 rows=93 width=121)
	  Index Cond: ((id >= 9249046) AND (id <= 9249145))

table 6 : explain SELECT c FROM sbtest6 WHERE id BETWEEN 5905933 AND 5906032
	Index Scan using sbtest6_pkey on sbtest6  (cost=0.43..357.39 rows=90 width=121)
	  Index Cond: ((id >= 5905933) AND (id <= 5906032))

table 7 : explain SELECT c FROM sbtest7 WHERE id BETWEEN 5678639 AND 5678738
	Index Scan using sbtest7_pkey on sbtest7  (cost=0.43..376.32 rows=95 width=121)
	  Index Cond: ((id >= 5678639) AND (id <= 5678738))

table 8 : explain SELECT c FROM sbtest8 WHERE id BETWEEN 6545911 AND 6546010
	Index Scan using sbtest8_pkey on sbtest8  (cost=0.43..425.48 rows=108 width=121)
	  Index Cond: ((id >= 6545911) AND (id <= 6546010))

for: order_ranges
table 1 : explain SELECT c FROM sbtest1 WHERE id BETWEEN 6956417 AND 6956516 ORDER BY c
	Sort  (cost=387.32..387.56 rows=97 width=121)
	  Sort Key: c
	  ->  Index Scan using sbtest1_pkey on sbtest1  (cost=0.43..384.12 rows=97 width=121)
	        Index Cond: ((id >= 6956417) AND (id <= 6956516))

table 2 : explain SELECT c FROM sbtest2 WHERE id BETWEEN 7626236 AND 7626335 ORDER BY c
	Sort  (cost=458.13..458.42 rows=114 width=121)
	  Sort Key: c
	  ->  Index Scan using sbtest2_pkey on sbtest2  (cost=0.43..454.24 rows=114 width=121)
	        Index Cond: ((id >= 7626236) AND (id <= 7626335))

table 3 : explain SELECT c FROM sbtest3 WHERE id BETWEEN 3426024 AND 3426123 ORDER BY c
	Sort  (cost=376.40..376.64 rows=94 width=121)
	  Sort Key: c
	  ->  Index Scan using sbtest3_pkey on sbtest3  (cost=0.43..373.32 rows=94 width=121)
	        Index Cond: ((id >= 3426024) AND (id <= 3426123))

table 4 : explain SELECT c FROM sbtest4 WHERE id BETWEEN 3158342 AND 3158441 ORDER BY c
	Sort  (cost=396.08..396.32 rows=99 width=121)
	  Sort Key: c
	  ->  Index Scan using sbtest4_pkey on sbtest4  (cost=0.43..392.80 rows=99 width=121)
	        Index Cond: ((id >= 3158342) AND (id <= 3158441))

table 5 : explain SELECT c FROM sbtest5 WHERE id BETWEEN 6429678 AND 6429777 ORDER BY c
	Sort  (cost=396.07..396.32 rows=99 width=121)
	  Sort Key: c
	  ->  Index Scan using sbtest5_pkey on sbtest5  (cost=0.43..392.79 rows=99 width=121)
	        Index Cond: ((id >= 6429678) AND (id <= 6429777))

table 6 : explain SELECT c FROM sbtest6 WHERE id BETWEEN 8280529 AND 8280628 ORDER BY c
	Sort  (cost=395.97..396.22 rows=99 width=121)
	  Sort Key: c
	  ->  Index Scan using sbtest6_pkey on sbtest6  (cost=0.43..392.69 rows=99 width=121)
	        Index Cond: ((id >= 8280529) AND (id <= 8280628))

table 7 : explain SELECT c FROM sbtest7 WHERE id BETWEEN 4977047 AND 4977146 ORDER BY c
	Sort  (cost=399.21..399.46 rows=100 width=121)
	  Sort Key: c
	  ->  Index Scan using sbtest7_pkey on sbtest7  (cost=0.43..395.89 rows=100 width=121)
	        Index Cond: ((id >= 4977047) AND (id <= 4977146))

table 8 : explain SELECT c FROM sbtest8 WHERE id BETWEEN 4895540 AND 4895639 ORDER BY c
	Sort  (cost=377.95..378.18 rows=95 width=121)
	  Sort Key: c
	  ->  Index Scan using sbtest8_pkey on sbtest8  (cost=0.43..374.82 rows=95 width=121)
	        Index Cond: ((id >= 4895540) AND (id <= 4895639))

for point_selects
table 1 : explain SELECT c FROM sbtest1 WHERE id=8505713
	Index Scan using sbtest1_pkey on sbtest1  (cost=0.43..8.45 rows=1 width=121)
	  Index Cond: (id = 8505713)

table 2 : explain SELECT c FROM sbtest2 WHERE id=4354114
	Index Scan using sbtest2_pkey on sbtest2  (cost=0.43..8.45 rows=1 width=121)
	  Index Cond: (id = 4354114)

table 3 : explain SELECT c FROM sbtest3 WHERE id=9069216
	Index Scan using sbtest3_pkey on sbtest3  (cost=0.43..8.45 rows=1 width=121)
	  Index Cond: (id = 9069216)

table 4 : explain SELECT c FROM sbtest4 WHERE id=1731567
	Index Scan using sbtest4_pkey on sbtest4  (cost=0.43..8.45 rows=1 width=121)
	  Index Cond: (id = 1731567)

table 5 : explain SELECT c FROM sbtest5 WHERE id=928161
	Index Scan using sbtest5_pkey on sbtest5  (cost=0.43..8.45 rows=1 width=121)
	  Index Cond: (id = 928161)

table 6 : explain SELECT c FROM sbtest6 WHERE id=1061170
	Index Scan using sbtest6_pkey on sbtest6  (cost=0.43..8.45 rows=1 width=121)
	  Index Cond: (id = 1061170)

table 7 : explain SELECT c FROM sbtest7 WHERE id=7500283
	Index Scan using sbtest7_pkey on sbtest7  (cost=0.43..8.45 rows=1 width=121)
	  Index Cond: (id = 7500283)

table 8 : explain SELECT c FROM sbtest8 WHERE id=3999629
	Index Scan using sbtest8_pkey on sbtest8  (cost=0.43..8.45 rows=1 width=121)
	  Index Cond: (id = 3999629)

for: simple_ranges
table 1 : explain SELECT c FROM sbtest1 WHERE id BETWEEN 8930563 AND 8930662
	Index Scan using sbtest1_pkey on sbtest1  (cost=0.43..395.86 rows=100 width=121)
	  Index Cond: ((id >= 8930563) AND (id <= 8930662))

table 2 : explain SELECT c FROM sbtest2 WHERE id BETWEEN 2106033 AND 2106132
	Index Scan using sbtest2_pkey on sbtest2  (cost=0.43..422.68 rows=106 width=121)
	  Index Cond: ((id >= 2106033) AND (id <= 2106132))

table 3 : explain SELECT c FROM sbtest3 WHERE id BETWEEN 987392 AND 987491
	Index Scan using sbtest3_pkey on sbtest3  (cost=0.43..404.70 rows=102 width=121)
	  Index Cond: ((id >= 987392) AND (id <= 987491))

table 4 : explain SELECT c FROM sbtest4 WHERE id BETWEEN 9176402 AND 9176501
	Index Scan using sbtest4_pkey on sbtest4  (cost=0.43..404.56 rows=102 width=121)
	  Index Cond: ((id >= 9176402) AND (id <= 9176501))

table 5 : explain SELECT c FROM sbtest5 WHERE id BETWEEN 5571328 AND 5571427
	Index Scan using sbtest5_pkey on sbtest5  (cost=0.43..353.55 rows=89 width=121)
	  Index Cond: ((id >= 5571328) AND (id <= 5571427))

table 6 : explain SELECT c FROM sbtest6 WHERE id BETWEEN 3347792 AND 3347891
	Index Scan using sbtest6_pkey on sbtest6  (cost=0.43..380.93 rows=96 width=121)
	  Index Cond: ((id >= 3347792) AND (id <= 3347891))

table 7 : explain SELECT c FROM sbtest7 WHERE id BETWEEN 1237552 AND 1237651
	Index Scan using sbtest7_pkey on sbtest7  (cost=0.43..348.91 rows=88 width=121)
	  Index Cond: ((id >= 1237552) AND (id <= 1237651))

table 8 : explain SELECT c FROM sbtest8 WHERE id BETWEEN 5400834 AND 5400933
	Index Scan using sbtest8_pkey on sbtest8  (cost=0.43..374.82 rows=95 width=121)
	  Index Cond: ((id >= 5400834) AND (id <= 5400933))

for: order_ranges
table 1 : explain SELECT c FROM sbtest1 WHERE id BETWEEN 2096924 AND 2097023 ORDER BY c
	Sort  (cost=399.18..399.43 rows=100 width=121)
	  Sort Key: c
	  ->  Index Scan using sbtest1_pkey on sbtest1  (cost=0.43..395.86 rows=100 width=121)
	        Index Cond: ((id >= 2096924) AND (id <= 2097023))

table 2 : explain SELECT c FROM sbtest2 WHERE id BETWEEN 9492102 AND 9492201 ORDER BY c
	Sort  (cost=410.31..410.56 rows=102 width=121)
	  Sort Key: c
	  ->  Index Scan using sbtest2_pkey on sbtest2  (cost=0.43..406.90 rows=102 width=121)
	        Index Cond: ((id >= 9492102) AND (id <= 9492201))

table 3 : explain SELECT c FROM sbtest3 WHERE id BETWEEN 2030682 AND 2030781 ORDER BY c
	Sort  (cost=439.81..440.09 rows=110 width=121)
	  Sort Key: c
	  ->  Index Scan using sbtest3_pkey on sbtest3  (cost=0.43..436.08 rows=110 width=121)
	        Index Cond: ((id >= 2030682) AND (id <= 2030781))

table 4 : explain SELECT c FROM sbtest4 WHERE id BETWEEN 7207876 AND 7207975 ORDER BY c
	Sort  (cost=376.27..376.51 rows=94 width=121)
	  Sort Key: c
	  ->  Index Scan using sbtest4_pkey on sbtest4  (cost=0.43..373.19 rows=94 width=121)
	        Index Cond: ((id >= 7207876) AND (id <= 7207975))

table 5 : explain SELECT c FROM sbtest5 WHERE id BETWEEN 5070390 AND 5070489 ORDER BY c
	Sort  (cost=407.95..408.21 rows=102 width=121)
	  Sort Key: c
	  ->  Index Scan using sbtest5_pkey on sbtest5  (cost=0.43..404.55 rows=102 width=121)
	        Index Cond: ((id >= 5070390) AND (id <= 5070489))

table 6 : explain SELECT c FROM sbtest6 WHERE id BETWEEN 3564124 AND 3564223 ORDER BY c
	Sort  (cost=384.09..384.33 rows=96 width=121)
	  Sort Key: c
	  ->  Index Scan using sbtest6_pkey on sbtest6  (cost=0.43..380.93 rows=96 width=121)
	        Index Cond: ((id >= 3564124) AND (id <= 3564223))

table 7 : explain SELECT c FROM sbtest7 WHERE id BETWEEN 8635850 AND 8635949 ORDER BY c
	Sort  (cost=391.30..391.55 rows=98 width=121)
	  Sort Key: c
	  ->  Index Scan using sbtest7_pkey on sbtest7  (cost=0.43..388.06 rows=98 width=121)
	        Index Cond: ((id >= 8635850) AND (id <= 8635949))

table 8 : explain SELECT c FROM sbtest8 WHERE id BETWEEN 5681977 AND 5682076 ORDER BY c
	Sort  (cost=358.26..358.49 rows=90 width=121)
	  Sort Key: c
	  ->  Index Scan using sbtest8_pkey on sbtest8  (cost=0.43..355.34 rows=90 width=121)
	        Index Cond: ((id >= 5681977) AND (id <= 5682076))

explain: for point_selects :: explain SELECT c FROM sbtest%u WHERE id=%u
for: order_ranges
table 1 : explain SELECT c FROM sbtest1 WHERE id BETWEEN 2854277 AND 2854376 ORDER BY c
	Sort  (cost=414.99..415.25 rows=104 width=121)
	  Sort Key: c
	  ->  Index Scan using sbtest1_pkey on sbtest1  (cost=0.43..411.51 rows=104 width=121)
	        Index Cond: ((id >= 2854277) AND (id <= 2854376))

table 2 : explain SELECT c FROM sbtest2 WHERE id BETWEEN 1695931 AND 1696030 ORDER BY c
	Sort  (cost=394.37..394.61 rows=98 width=121)
	  Sort Key: c
	  ->  Index Scan using sbtest2_pkey on sbtest2  (cost=0.43..391.13 rows=98 width=121)
	        Index Cond: ((id >= 1695931) AND (id <= 1696030))

table 3 : explain SELECT c FROM sbtest3 WHERE id BETWEEN 7033676 AND 7033775 ORDER BY c
	Sort  (cost=376.40..376.64 rows=94 width=121)
	  Sort Key: c
	  ->  Index Scan using sbtest3_pkey on sbtest3  (cost=0.43..373.32 rows=94 width=121)
	        Index Cond: ((id >= 7033676) AND (id <= 7033775))

table 4 : explain SELECT c FROM sbtest4 WHERE id BETWEEN 285035 AND 285134 ORDER BY c
	Sort  (cost=400.04..400.29 rows=100 width=121)
	  Sort Key: c
	  ->  Index Scan using sbtest4_pkey on sbtest4  (cost=0.43..396.72 rows=100 width=121)
	        Index Cond: ((id >= 285035) AND (id <= 285134))

table 5 : explain SELECT c FROM sbtest5 WHERE id BETWEEN 4026143 AND 4026242 ORDER BY c
	Sort  (cost=392.08..392.33 rows=98 width=121)
	  Sort Key: c
	  ->  Index Scan using sbtest5_pkey on sbtest5  (cost=0.43..388.84 rows=98 width=121)
	        Index Cond: ((id >= 4026143) AND (id <= 4026242))

table 6 : explain SELECT c FROM sbtest6 WHERE id BETWEEN 4986870 AND 4986969 ORDER BY c
	Sort  (cost=368.23..368.46 rows=92 width=121)
	  Sort Key: c
	  ->  Index Scan using sbtest6_pkey on sbtest6  (cost=0.43..365.23 rows=92 width=121)
	        Index Cond: ((id >= 4986870) AND (id <= 4986969))

table 7 : explain SELECT c FROM sbtest7 WHERE id BETWEEN 9765992 AND 9766091 ORDER BY c
	Sort  (cost=442.70..442.97 rows=111 width=121)
	  Sort Key: c
	  ->  Index Scan using sbtest7_pkey on sbtest7  (cost=0.43..438.93 rows=111 width=121)
	        Index Cond: ((id >= 9765992) AND (id <= 9766091))

table 8 : explain SELECT c FROM sbtest8 WHERE id BETWEEN 5789329 AND 5789428 ORDER BY c
	Sort  (cost=425.19..425.46 rows=107 width=121)
	  Sort Key: c
	  ->  Index Scan using sbtest8_pkey on sbtest8  (cost=0.43..421.58 rows=107 width=121)
	        Index Cond: ((id >= 5789329) AND (id <= 5789428))

for: distinct_ranges
table 1 : explain SELECT DISTINCT c FROM sbtest1 WHERE id BETWEEN 5018062 AND 5018161 ORDER BY c
	Unique  (cost=387.32..387.81 rows=97 width=121)
	  ->  Sort  (cost=387.32..387.56 rows=97 width=121)
	        Sort Key: c
	        ->  Index Scan using sbtest1_pkey on sbtest1  (cost=0.43..384.12 rows=97 width=121)
	              Index Cond: ((id >= 5018062) AND (id <= 5018161))

table 2 : explain SELECT DISTINCT c FROM sbtest2 WHERE id BETWEEN 2164637 AND 2164736 ORDER BY c
	Unique  (cost=374.43..374.89 rows=93 width=121)
	  ->  Sort  (cost=374.43..374.66 rows=93 width=121)
	        Sort Key: c
	        ->  Index Scan using sbtest2_pkey on sbtest2  (cost=0.43..371.39 rows=93 width=121)
	              Index Cond: ((id >= 2164637) AND (id <= 2164736))

table 3 : explain SELECT DISTINCT c FROM sbtest3 WHERE id BETWEEN 880316 AND 880415 ORDER BY c
	Unique  (cost=423.96..424.49 rows=106 width=121)
	  ->  Sort  (cost=423.96..424.22 rows=106 width=121)
	        Sort Key: c
	        ->  Index Scan using sbtest3_pkey on sbtest3  (cost=0.43..420.39 rows=106 width=121)
	              Index Cond: ((id >= 880316) AND (id <= 880415))

table 4 : explain SELECT DISTINCT c FROM sbtest4 WHERE id BETWEEN 9665076 AND 9665175 ORDER BY c
	Unique  (cost=392.12..392.61 rows=98 width=121)
	  ->  Sort  (cost=392.12..392.36 rows=98 width=121)
	        Sort Key: c
	        ->  Index Scan using sbtest4_pkey on sbtest4  (cost=0.43..388.87 rows=98 width=121)
	              Index Cond: ((id >= 9665076) AND (id <= 9665175))

table 5 : explain SELECT DISTINCT c FROM sbtest5 WHERE id BETWEEN 3771080 AND 3771179 ORDER BY c
	Unique  (cost=396.07..396.56 rows=99 width=121)
	  ->  Sort  (cost=396.07..396.32 rows=99 width=121)
	        Sort Key: c
	        ->  Index Scan using sbtest5_pkey on sbtest5  (cost=0.43..392.79 rows=99 width=121)
	              Index Cond: ((id >= 3771080) AND (id <= 3771179))

table 6 : explain SELECT DISTINCT c FROM sbtest6 WHERE id BETWEEN 2320435 AND 2320534 ORDER BY c
	Unique  (cost=399.93..400.43 rows=100 width=121)
	  ->  Sort  (cost=399.93..400.18 rows=100 width=121)
	        Sort Key: c
	        ->  Index Scan using sbtest6_pkey on sbtest6  (cost=0.43..396.61 rows=100 width=121)
	              Index Cond: ((id >= 2320435) AND (id <= 2320534))

table 7 : explain SELECT DISTINCT c FROM sbtest7 WHERE id BETWEEN 8653948 AND 8654047 ORDER BY c
	Unique  (cost=411.07..411.58 rows=103 width=121)
	  ->  Sort  (cost=411.07..411.33 rows=103 width=121)
	        Sort Key: c
	        ->  Index Scan using sbtest7_pkey on sbtest7  (cost=0.43..407.62 rows=103 width=121)
	              Index Cond: ((id >= 8653948) AND (id <= 8654047))

table 8 : explain SELECT DISTINCT c FROM sbtest8 WHERE id BETWEEN 1696920 AND 1697019 ORDER BY c
	Unique  (cost=377.95..378.42 rows=95 width=121)
	  ->  Sort  (cost=377.95..378.18 rows=95 width=121)
	        Sort Key: c
	        ->  Index Scan using sbtest8_pkey on sbtest8  (cost=0.43..374.82 rows=95 width=121)
	              Index Cond: ((id >= 1696920) AND (id <= 1697019))

for: simple_ranges
table 1 : explain SELECT c FROM sbtest1 WHERE id BETWEEN 7753760 AND 7753859
	Index Scan using sbtest1_pkey on sbtest1  (cost=0.43..407.59 rows=103 width=121)
	  Index Cond: ((id >= 7753760) AND (id <= 7753859))

table 2 : explain SELECT c FROM sbtest2 WHERE id BETWEEN 9910723 AND 9910822
	Index Scan using sbtest2_pkey on sbtest2  (cost=0.43..418.74 rows=105 width=121)
	  Index Cond: ((id >= 9910723) AND (id <= 9910822))

table 3 : explain SELECT c FROM sbtest3 WHERE id BETWEEN 8719886 AND 8719985
	Index Scan using sbtest3_pkey on sbtest3  (cost=0.43..385.09 rows=97 width=121)
	  Index Cond: ((id >= 8719886) AND (id <= 8719985))

table 4 : explain SELECT c FROM sbtest4 WHERE id BETWEEN 3867399 AND 3867498
	Index Scan using sbtest4_pkey on sbtest4  (cost=0.43..416.32 rows=105 width=121)
	  Index Cond: ((id >= 3867399) AND (id <= 3867498))

table 5 : explain SELECT c FROM sbtest5 WHERE id BETWEEN 382383 AND 382482
	Index Scan using sbtest5_pkey on sbtest5  (cost=0.43..388.84 rows=98 width=121)
	  Index Cond: ((id >= 382383) AND (id <= 382482))

table 6 : explain SELECT c FROM sbtest6 WHERE id BETWEEN 6088332 AND 6088431
	Index Scan using sbtest6_pkey on sbtest6  (cost=0.43..380.93 rows=96 width=121)
	  Index Cond: ((id >= 6088332) AND (id <= 6088431))

table 7 : explain SELECT c FROM sbtest7 WHERE id BETWEEN 7118349 AND 7118448
	Index Scan using sbtest7_pkey on sbtest7  (cost=0.43..384.15 rows=97 width=121)
	  Index Cond: ((id >= 7118349) AND (id <= 7118448))

table 8 : explain SELECT c FROM sbtest8 WHERE id BETWEEN 7801079 AND 7801178
	Index Scan using sbtest8_pkey on sbtest8  (cost=0.43..363.13 rows=92 width=121)
	  Index Cond: ((id >= 7801079) AND (id <= 7801178))

for: distinct_ranges
table 1 : explain SELECT DISTINCT c FROM sbtest1 WHERE id BETWEEN 4781975 AND 4782074 ORDER BY c
	Unique  (cost=403.13..403.64 rows=101 width=121)
	  ->  Sort  (cost=403.13..403.38 rows=101 width=121)
	        Sort Key: c
	        ->  Index Scan using sbtest1_pkey on sbtest1  (cost=0.43..399.77 rows=101 width=121)
	              Index Cond: ((id >= 4781975) AND (id <= 4782074))

table 2 : explain SELECT DISTINCT c FROM sbtest2 WHERE id BETWEEN 8979251 AND 8979350 ORDER BY c
	Unique  (cost=378.41..378.88 rows=94 width=121)
	  ->  Sort  (cost=378.41..378.65 rows=94 width=121)
	        Sort Key: c
	        ->  Index Scan using sbtest2_pkey on sbtest2  (cost=0.43..375.33 rows=94 width=121)
	              Index Cond: ((id >= 8979251) AND (id <= 8979350))

table 3 : explain SELECT DISTINCT c FROM sbtest3 WHERE id BETWEEN 4669099 AND 4669198 ORDER BY c
	Unique  (cost=408.10..408.61 rows=102 width=121)
	  ->  Sort  (cost=408.10..408.36 rows=102 width=121)
	        Sort Key: c
	        ->  Index Scan using sbtest3_pkey on sbtest3  (cost=0.43..404.70 rows=102 width=121)
	              Index Cond: ((id >= 4669099) AND (id <= 4669198))

table 4 : explain SELECT DISTINCT c FROM sbtest4 WHERE id BETWEEN 6901891 AND 6901990 ORDER BY c
	Unique  (cost=419.85..420.37 rows=105 width=121)
	  ->  Sort  (cost=419.85..420.11 rows=105 width=121)
	        Sort Key: c
	        ->  Index Scan using sbtest4_pkey on sbtest4  (cost=0.43..416.32 rows=105 width=121)
	              Index Cond: ((id >= 6901891) AND (id <= 6901990))

table 5 : explain SELECT DISTINCT c FROM sbtest5 WHERE id BETWEEN 5878059 AND 5878158 ORDER BY c
	Unique  (cost=403.99..404.50 rows=101 width=121)
	  ->  Sort  (cost=403.99..404.24 rows=101 width=121)
	        Sort Key: c
	        ->  Index Scan using sbtest5_pkey on sbtest5  (cost=0.43..400.63 rows=101 width=121)
	              Index Cond: ((id >= 5878059) AND (id <= 5878158))

table 6 : explain SELECT DISTINCT c FROM sbtest6 WHERE id BETWEEN 1974784 AND 1974883 ORDER BY c
	Unique  (cost=380.13..380.61 rows=95 width=121)
	  ->  Sort  (cost=380.13..380.37 rows=95 width=121)
	        Sort Key: c
	        ->  Index Scan using sbtest6_pkey on sbtest6  (cost=0.43..377.01 rows=95 width=121)
	              Index Cond: ((id >= 1974784) AND (id <= 1974883))

table 7 : explain SELECT DISTINCT c FROM sbtest7 WHERE id BETWEEN 7206740 AND 7206839 ORDER BY c
	Unique  (cost=426.88..427.42 rows=107 width=121)
	  ->  Sort  (cost=426.88..427.15 rows=107 width=121)
	        Sort Key: c
	        ->  Index Scan using sbtest7_pkey on sbtest7  (cost=0.43..423.28 rows=107 width=121)
	              Index Cond: ((id >= 7206740) AND (id <= 7206839))

table 8 : explain SELECT DISTINCT c FROM sbtest8 WHERE id BETWEEN 9493345 AND 9493444 ORDER BY c
	Unique  (cost=377.95..378.42 rows=95 width=121)
	  ->  Sort  (cost=377.95..378.18 rows=95 width=121)
	        Sort Key: c
	        ->  Index Scan using sbtest8_pkey on sbtest8  (cost=0.43..374.82 rows=95 width=121)
	              Index Cond: ((id >= 9493345) AND (id <= 9493444))

for: sum_ranges
table 1 : explain SELECT SUM(k) FROM sbtest1 WHERE id BETWEEN 178002 AND 178101
	Aggregate  (cost=384.36..384.37 rows=1 width=8)
	  ->  Index Scan using sbtest1_pkey on sbtest1  (cost=0.43..384.12 rows=97 width=4)
	        Index Cond: ((id >= 178002) AND (id <= 178101))

table 2 : explain SELECT SUM(k) FROM sbtest2 WHERE id BETWEEN 3063472 AND 3063571
	Aggregate  (cost=403.21..403.22 rows=1 width=8)
	  ->  Index Scan using sbtest2_pkey on sbtest2  (cost=0.43..402.96 rows=101 width=4)
	        Index Cond: ((id >= 3063472) AND (id <= 3063571))

table 3 : explain SELECT SUM(k) FROM sbtest3 WHERE id BETWEEN 8742636 AND 8742735
	Aggregate  (cost=385.33..385.34 rows=1 width=8)
	  ->  Index Scan using sbtest3_pkey on sbtest3  (cost=0.43..385.09 rows=97 width=4)
	        Index Cond: ((id >= 8742636) AND (id <= 8742735))

table 4 : explain SELECT SUM(k) FROM sbtest4 WHERE id BETWEEN 5451235 AND 5451334
	Aggregate  (cost=385.20..385.21 rows=1 width=8)
	  ->  Index Scan using sbtest4_pkey on sbtest4  (cost=0.43..384.95 rows=97 width=4)
	        Index Cond: ((id >= 5451235) AND (id <= 5451334))

table 5 : explain SELECT SUM(k) FROM sbtest5 WHERE id BETWEEN 3962983 AND 3963082
	Aggregate  (cost=365.55..365.56 rows=1 width=8)
	  ->  Index Scan using sbtest5_pkey on sbtest5  (cost=0.43..365.32 rows=92 width=4)
	        Index Cond: ((id >= 3962983) AND (id <= 3963082))

table 6 : explain SELECT SUM(k) FROM sbtest6 WHERE id BETWEEN 6389991 AND 6390090
	Aggregate  (cost=392.94..392.95 rows=1 width=8)
	  ->  Index Scan using sbtest6_pkey on sbtest6  (cost=0.43..392.69 rows=99 width=4)
	        Index Cond: ((id >= 6389991) AND (id <= 6390090))

table 7 : explain SELECT SUM(k) FROM sbtest7 WHERE id BETWEEN 6353156 AND 6353255
	Aggregate  (cost=396.14..396.15 rows=1 width=8)
	  ->  Index Scan using sbtest7_pkey on sbtest7  (cost=0.43..395.89 rows=100 width=4)
	        Index Cond: ((id >= 6353156) AND (id <= 6353255))

table 8 : explain SELECT SUM(k) FROM sbtest8 WHERE id BETWEEN 2678843 AND 2678942
	Aggregate  (cost=417.95..417.96 rows=1 width=8)
	  ->  Index Scan using sbtest8_pkey on sbtest8  (cost=0.43..417.69 rows=106 width=4)
	        Index Cond: ((id >= 2678843) AND (id <= 2678942))

for: order_ranges
table 1 : explain SELECT c FROM sbtest1 WHERE id BETWEEN 9533820 AND 9533919 ORDER BY c
	Sort  (cost=422.90..423.16 rows=106 width=121)
	  Sort Key: c
	  ->  Index Scan using sbtest1_pkey on sbtest1  (cost=0.43..419.33 rows=106 width=121)
	        Index Cond: ((id >= 9533820) AND (id <= 9533919))

table 2 : explain SELECT c FROM sbtest2 WHERE id BETWEEN 2997821 AND 2997920 ORDER BY c
	Sort  (cost=402.34..402.59 rows=100 width=121)
	  Sort Key: c
	  ->  Index Scan using sbtest2_pkey on sbtest2  (cost=0.43..399.02 rows=100 width=121)
	        Index Cond: ((id >= 2997821) AND (id <= 2997920))

table 3 : explain SELECT c FROM sbtest3 WHERE id BETWEEN 4756823 AND 4756922 ORDER BY c
	Sort  (cost=380.36..380.60 rows=95 width=121)
	  Sort Key: c
	  ->  Index Scan using sbtest3_pkey on sbtest3  (cost=0.43..377.24 rows=95 width=121)
	        Index Cond: ((id >= 4756823) AND (id <= 4756922))

table 4 : explain SELECT c FROM sbtest4 WHERE id BETWEEN 8041486 AND 8041585 ORDER BY c
	Sort  (cost=443.62..443.90 rows=111 width=121)
	  Sort Key: c
	  ->  Index Scan using sbtest4_pkey on sbtest4  (cost=0.43..439.85 rows=111 width=121)
	        Index Cond: ((id >= 8041486) AND (id <= 8041585))

table 5 : explain SELECT c FROM sbtest5 WHERE id BETWEEN 5568599 AND 5568698 ORDER BY c
	Sort  (cost=356.43..356.66 rows=89 width=121)
	  Sort Key: c
	  ->  Index Scan using sbtest5_pkey on sbtest5  (cost=0.43..353.55 rows=89 width=121)
	        Index Cond: ((id >= 5568599) AND (id <= 5568698))

table 6 : explain SELECT c FROM sbtest6 WHERE id BETWEEN 6572861 AND 6572960 ORDER BY c
	Sort  (cost=407.85..408.11 rows=102 width=121)
	  Sort Key: c
	  ->  Index Scan using sbtest6_pkey on sbtest6  (cost=0.43..404.45 rows=102 width=121)
	        Index Cond: ((id >= 6572861) AND (id <= 6572960))

table 7 : explain SELECT c FROM sbtest7 WHERE id BETWEEN 1074370 AND 1074469 ORDER BY c
	Sort  (cost=383.40..383.64 rows=96 width=121)
	  Sort Key: c
	  ->  Index Scan using sbtest7_pkey on sbtest7  (cost=0.43..380.24 rows=96 width=121)
	        Index Cond: ((id >= 1074370) AND (id <= 1074469))

table 8 : explain SELECT c FROM sbtest8 WHERE id BETWEEN 6270690 AND 6270789 ORDER BY c
	Sort  (cost=389.76..390.00 rows=98 width=121)
	  Sort Key: c
	  ->  Index Scan using sbtest8_pkey on sbtest8  (cost=0.43..386.51 rows=98 width=121)
	        Index Cond: ((id >= 6270690) AND (id <= 6270789))

for: sum_ranges
table 1 : explain SELECT SUM(k) FROM sbtest1 WHERE id BETWEEN 906218 AND 906317
	Aggregate  (cost=396.11..396.12 rows=1 width=8)
	  ->  Index Scan using sbtest1_pkey on sbtest1  (cost=0.43..395.86 rows=100 width=4)
	        Index Cond: ((id >= 906218) AND (id <= 906317))

table 2 : explain SELECT SUM(k) FROM sbtest2 WHERE id BETWEEN 4229359 AND 4229458
	Aggregate  (cost=415.05..415.06 rows=1 width=8)
	  ->  Index Scan using sbtest2_pkey on sbtest2  (cost=0.43..414.79 rows=104 width=4)
	        Index Cond: ((id >= 4229359) AND (id <= 4229458))

table 3 : explain SELECT SUM(k) FROM sbtest3 WHERE id BETWEEN 2897768 AND 2897867
	Aggregate  (cost=385.33..385.34 rows=1 width=8)
	  ->  Index Scan using sbtest3_pkey on sbtest3  (cost=0.43..385.09 rows=97 width=4)
	        Index Cond: ((id >= 2897768) AND (id <= 2897867))

table 4 : explain SELECT SUM(k) FROM sbtest4 WHERE id BETWEEN 134152 AND 134251
	Aggregate  (cost=416.58..416.59 rows=1 width=8)
	  ->  Index Scan using sbtest4_pkey on sbtest4  (cost=0.43..416.32 rows=105 width=4)
	        Index Cond: ((id >= 134152) AND (id <= 134251))

table 5 : explain SELECT SUM(k) FROM sbtest5 WHERE id BETWEEN 9383827 AND 9383926
	Aggregate  (cost=377.32..377.33 rows=1 width=8)
	  ->  Index Scan using sbtest5_pkey on sbtest5  (cost=0.43..377.08 rows=95 width=4)
	        Index Cond: ((id >= 9383827) AND (id <= 9383926))

table 6 : explain SELECT SUM(k) FROM sbtest6 WHERE id BETWEEN 6677555 AND 6677654
	Aggregate  (cost=392.94..392.95 rows=1 width=8)
	  ->  Index Scan using sbtest6_pkey on sbtest6  (cost=0.43..392.69 rows=99 width=4)
	        Index Cond: ((id >= 6677555) AND (id <= 6677654))

table 7 : explain SELECT SUM(k) FROM sbtest7 WHERE id BETWEEN 8834580 AND 8834679
	Aggregate  (cost=388.31..388.32 rows=1 width=8)
	  ->  Index Scan using sbtest7_pkey on sbtest7  (cost=0.43..388.06 rows=98 width=4)
	        Index Cond: ((id >= 8834580) AND (id <= 8834679))

table 8 : explain SELECT SUM(k) FROM sbtest8 WHERE id BETWEEN 1634059 AND 1634158
	Aggregate  (cost=375.06..375.07 rows=1 width=8)
	  ->  Index Scan using sbtest8_pkey on sbtest8  (cost=0.43..374.82 rows=95 width=4)
	        Index Cond: ((id >= 1634059) AND (id <= 1634158))

for: distinct_ranges
table 1 : explain SELECT DISTINCT c FROM sbtest1 WHERE id BETWEEN 736204 AND 736303 ORDER BY c
	Unique  (cost=387.32..387.81 rows=97 width=121)
	  ->  Sort  (cost=387.32..387.56 rows=97 width=121)
	        Sort Key: c
	        ->  Index Scan using sbtest1_pkey on sbtest1  (cost=0.43..384.12 rows=97 width=121)
	              Index Cond: ((id >= 736204) AND (id <= 736303))

table 2 : explain SELECT DISTINCT c FROM sbtest2 WHERE id BETWEEN 5501467 AND 5501566 ORDER BY c
	Unique  (cost=430.23..430.77 rows=107 width=121)
	  ->  Sort  (cost=430.23..430.50 rows=107 width=121)
	        Sort Key: c
	        ->  Index Scan using sbtest2_pkey on sbtest2  (cost=0.43..426.63 rows=107 width=121)
	              Index Cond: ((id >= 5501467) AND (id <= 5501566))

table 3 : explain SELECT DISTINCT c FROM sbtest3 WHERE id BETWEEN 4026723 AND 4026822 ORDER BY c
	Unique  (cost=376.40..376.87 rows=94 width=121)
	  ->  Sort  (cost=376.40..376.64 rows=94 width=121)
	        Sort Key: c
	        ->  Index Scan using sbtest3_pkey on sbtest3  (cost=0.43..373.32 rows=94 width=121)
	              Index Cond: ((id >= 4026723) AND (id <= 4026822))

table 4 : explain SELECT DISTINCT c FROM sbtest4 WHERE id BETWEEN 9830833 AND 9830932 ORDER BY c
	Unique  (cost=392.12..392.61 rows=98 width=121)
	  ->  Sort  (cost=392.12..392.36 rows=98 width=121)
	        Sort Key: c
	        ->  Index Scan using sbtest4_pkey on sbtest4  (cost=0.43..388.87 rows=98 width=121)
	              Index Cond: ((id >= 9830833) AND (id <= 9830932))

table 5 : explain SELECT DISTINCT c FROM sbtest5 WHERE id BETWEEN 7199340 AND 7199439 ORDER BY c
	Unique  (cost=443.61..444.17 rows=111 width=121)
	  ->  Sort  (cost=443.61..443.89 rows=111 width=121)
	        Sort Key: c
	        ->  Index Scan using sbtest5_pkey on sbtest5  (cost=0.43..439.84 rows=111 width=121)
	              Index Cond: ((id >= 7199340) AND (id <= 7199439))

table 6 : explain SELECT DISTINCT c FROM sbtest6 WHERE id BETWEEN 1361418 AND 1361517 ORDER BY c
	Unique  (cost=395.97..396.47 rows=99 width=121)
	  ->  Sort  (cost=395.97..396.22 rows=99 width=121)
	        Sort Key: c
	        ->  Index Scan using sbtest6_pkey on sbtest6  (cost=0.43..392.69 rows=99 width=121)
	              Index Cond: ((id >= 1361418) AND (id <= 1361517))

table 7 : explain SELECT DISTINCT c FROM sbtest7 WHERE id BETWEEN 5287402 AND 5287501 ORDER BY c
	Unique  (cost=343.85..344.28 rows=86 width=121)
	  ->  Sort  (cost=343.85..344.06 rows=86 width=121)
	        Sort Key: c
	        ->  Index Scan using sbtest7_pkey on sbtest7  (cost=0.43..341.08 rows=86 width=121)
	              Index Cond: ((id >= 5287402) AND (id <= 5287501))

table 8 : explain SELECT DISTINCT c FROM sbtest8 WHERE id BETWEEN 12623 AND 12722 ORDER BY c
	Unique  (cost=405.50..406.01 rows=102 width=121)
	  ->  Sort  (cost=405.50..405.76 rows=102 width=121)
	        Sort Key: c
	        ->  Index Scan using sbtest8_pkey on sbtest8  (cost=0.43..402.10 rows=102 width=121)
	              Index Cond: ((id >= 12623) AND (id <= 12722))

for point_selects
table 1 : explain SELECT c FROM sbtest1 WHERE id=8511608
	Index Scan using sbtest1_pkey on sbtest1  (cost=0.43..8.45 rows=1 width=121)
	  Index Cond: (id = 8511608)

table 2 : explain SELECT c FROM sbtest2 WHERE id=4106460
	Index Scan using sbtest2_pkey on sbtest2  (cost=0.43..8.45 rows=1 width=121)
	  Index Cond: (id = 4106460)

table 3 : explain SELECT c FROM sbtest3 WHERE id=5867720
	Index Scan using sbtest3_pkey on sbtest3  (cost=0.43..8.45 rows=1 width=121)
	  Index Cond: (id = 5867720)

table 4 : explain SELECT c FROM sbtest4 WHERE id=149372
	Index Scan using sbtest4_pkey on sbtest4  (cost=0.43..8.45 rows=1 width=121)
	  Index Cond: (id = 149372)

table 5 : explain SELECT c FROM sbtest5 WHERE id=1536081
	Index Scan using sbtest5_pkey on sbtest5  (cost=0.43..8.45 rows=1 width=121)
	  Index Cond: (id = 1536081)

table 6 : explain SELECT c FROM sbtest6 WHERE id=6772321
	Index Scan using sbtest6_pkey on sbtest6  (cost=0.43..8.45 rows=1 width=121)
	  Index Cond: (id = 6772321)

table 7 : explain SELECT c FROM sbtest7 WHERE id=3402606
	Index Scan using sbtest7_pkey on sbtest7  (cost=0.43..8.45 rows=1 width=121)
	  Index Cond: (id = 3402606)

table 8 : explain SELECT c FROM sbtest8 WHERE id=8667672
	Index Scan using sbtest8_pkey on sbtest8  (cost=0.43..8.45 rows=1 width=121)
	  Index Cond: (id = 8667672)

for: sum_ranges
table 1 : explain SELECT SUM(k) FROM sbtest1 WHERE id BETWEEN 9041381 AND 9041480
	Aggregate  (cost=353.02..353.03 rows=1 width=8)
	  ->  Index Scan using sbtest1_pkey on sbtest1  (cost=0.43..352.79 rows=89 width=4)
	        Index Cond: ((id >= 9041381) AND (id <= 9041480))

table 2 : explain SELECT SUM(k) FROM sbtest2 WHERE id BETWEEN 3110791 AND 3110890
	Aggregate  (cost=403.21..403.22 rows=1 width=8)
	  ->  Index Scan using sbtest2_pkey on sbtest2  (cost=0.43..402.96 rows=101 width=4)
	        Index Cond: ((id >= 3110791) AND (id <= 3110890))

table 3 : explain SELECT SUM(k) FROM sbtest3 WHERE id BETWEEN 4984389 AND 4984488
	Aggregate  (cost=420.66..420.67 rows=1 width=8)
	  ->  Index Scan using sbtest3_pkey on sbtest3  (cost=0.43..420.39 rows=106 width=4)
	        Index Cond: ((id >= 4984389) AND (id <= 4984488))

table 4 : explain SELECT SUM(k) FROM sbtest4 WHERE id BETWEEN 8254435 AND 8254534
	Aggregate  (cost=393.04..393.05 rows=1 width=8)
	  ->  Index Scan using sbtest4_pkey on sbtest4  (cost=0.43..392.80 rows=99 width=4)
	        Index Cond: ((id >= 8254435) AND (id <= 8254534))

table 5 : explain SELECT SUM(k) FROM sbtest5 WHERE id BETWEEN 1340100 AND 1340199
	Aggregate  (cost=381.24..381.25 rows=1 width=8)
	  ->  Index Scan using sbtest5_pkey on sbtest5  (cost=0.43..381.00 rows=96 width=4)
	        Index Cond: ((id >= 1340100) AND (id <= 1340199))

table 6 : explain SELECT SUM(k) FROM sbtest6 WHERE id BETWEEN 4291577 AND 4291676
	Aggregate  (cost=353.69..353.70 rows=1 width=8)
	  ->  Index Scan using sbtest6_pkey on sbtest6  (cost=0.43..353.47 rows=89 width=4)
	        Index Cond: ((id >= 4291577) AND (id <= 4291676))

table 7 : explain SELECT SUM(k) FROM sbtest7 WHERE id BETWEEN 2284355 AND 2284454
	Aggregate  (cost=407.88..407.89 rows=1 width=8)
	  ->  Index Scan using sbtest7_pkey on sbtest7  (cost=0.43..407.62 rows=103 width=4)
	        Index Cond: ((id >= 2284355) AND (id <= 2284454))

table 8 : explain SELECT SUM(k) FROM sbtest8 WHERE id BETWEEN 5455444 AND 5455543
	Aggregate  (cost=378.96..378.97 rows=1 width=8)
	  ->  Index Scan using sbtest8_pkey on sbtest8  (cost=0.43..378.72 rows=96 width=4)
	        Index Cond: ((id >= 5455444) AND (id <= 5455543))

for: sum_ranges
table 1 : explain SELECT SUM(k) FROM sbtest1 WHERE id BETWEEN 7462797 AND 7462896
	Aggregate  (cost=458.74..458.75 rows=1 width=8)
	  ->  Index Scan using sbtest1_pkey on sbtest1  (cost=0.43..458.45 rows=116 width=4)
	        Index Cond: ((id >= 7462797) AND (id <= 7462896))

table 2 : explain SELECT SUM(k) FROM sbtest2 WHERE id BETWEEN 1454230 AND 1454329
	Aggregate  (cost=434.79..434.80 rows=1 width=8)
	  ->  Index Scan using sbtest2_pkey on sbtest2  (cost=0.43..434.52 rows=109 width=4)
	        Index Cond: ((id >= 1454230) AND (id <= 1454329))

table 3 : explain SELECT SUM(k) FROM sbtest3 WHERE id BETWEEN 1864967 AND 1865066
	Aggregate  (cost=428.51..428.52 rows=1 width=8)
	  ->  Index Scan using sbtest3_pkey on sbtest3  (cost=0.43..428.24 rows=108 width=4)
	        Index Cond: ((id >= 1864967) AND (id <= 1865066))

table 4 : explain SELECT SUM(k) FROM sbtest4 WHERE id BETWEEN 6079540 AND 6079639
	Aggregate  (cost=396.97..396.98 rows=1 width=8)
	  ->  Index Scan using sbtest4_pkey on sbtest4  (cost=0.43..396.72 rows=100 width=4)
	        Index Cond: ((id >= 6079540) AND (id <= 6079639))

table 5 : explain SELECT SUM(k) FROM sbtest5 WHERE id BETWEEN 7513158 AND 7513257
	Aggregate  (cost=365.55..365.56 rows=1 width=8)
	  ->  Index Scan using sbtest5_pkey on sbtest5  (cost=0.43..365.32 rows=92 width=4)
	        Index Cond: ((id >= 7513158) AND (id <= 7513257))

table 6 : explain SELECT SUM(k) FROM sbtest6 WHERE id BETWEEN 5268450 AND 5268549
	Aggregate  (cost=365.46..365.47 rows=1 width=8)
	  ->  Index Scan using sbtest6_pkey on sbtest6  (cost=0.43..365.23 rows=92 width=4)
	        Index Cond: ((id >= 5268450) AND (id <= 5268549))

table 7 : explain SELECT SUM(k) FROM sbtest7 WHERE id BETWEEN 5339659 AND 5339758
	Aggregate  (cost=368.73..368.74 rows=1 width=8)
	  ->  Index Scan using sbtest7_pkey on sbtest7  (cost=0.43..368.50 rows=93 width=4)
	        Index Cond: ((id >= 5339659) AND (id <= 5339758))

table 8 : explain SELECT SUM(k) FROM sbtest8 WHERE id BETWEEN 5186600 AND 5186699
	Aggregate  (cost=414.05..414.06 rows=1 width=8)
	  ->  Index Scan using sbtest8_pkey on sbtest8  (cost=0.43..413.79 rows=105 width=4)
	        Index Cond: ((id >= 5186600) AND (id <= 5186699))

for: order_ranges
table 1 : explain SELECT c FROM sbtest1 WHERE id BETWEEN 5071983 AND 5072082 ORDER BY c
	Sort  (cost=387.32..387.56 rows=97 width=121)
	  Sort Key: c
	  ->  Index Scan using sbtest1_pkey on sbtest1  (cost=0.43..384.12 rows=97 width=121)
	        Index Cond: ((id >= 5071983) AND (id <= 5072082))

table 2 : explain SELECT c FROM sbtest2 WHERE id BETWEEN 4206470 AND 4206569 ORDER BY c
	Sort  (cost=418.28..418.54 rows=104 width=121)
	  Sort Key: c
	  ->  Index Scan using sbtest2_pkey on sbtest2  (cost=0.43..414.79 rows=104 width=121)
	        Index Cond: ((id >= 4206470) AND (id <= 4206569))

table 3 : explain SELECT c FROM sbtest3 WHERE id BETWEEN 8017770 AND 8017869 ORDER BY c
	Sort  (cost=439.81..440.09 rows=110 width=121)
	  Sort Key: c
	  ->  Index Scan using sbtest3_pkey on sbtest3  (cost=0.43..436.08 rows=110 width=121)
	        Index Cond: ((id >= 8017770) AND (id <= 8017869))

table 4 : explain SELECT c FROM sbtest4 WHERE id BETWEEN 8377868 AND 8377967 ORDER BY c
	Sort  (cost=431.73..432.00 rows=108 width=121)
	  Sort Key: c
	  ->  Index Scan using sbtest4_pkey on sbtest4  (cost=0.43..428.09 rows=108 width=121)
	        Index Cond: ((id >= 8377868) AND (id <= 8377967))

table 5 : explain SELECT c FROM sbtest5 WHERE id BETWEEN 2080891 AND 2080990 ORDER BY c
	Sort  (cost=348.51..348.73 rows=87 width=121)
	  Sort Key: c
	  ->  Index Scan using sbtest5_pkey on sbtest5  (cost=0.43..345.71 rows=87 width=121)
	        Index Cond: ((id >= 2080891) AND (id <= 2080990))

table 6 : explain SELECT c FROM sbtest6 WHERE id BETWEEN 1290318 AND 1290417 ORDER BY c
	Sort  (cost=451.42..451.71 rows=113 width=121)
	  Sort Key: c
	  ->  Index Scan using sbtest6_pkey on sbtest6  (cost=0.43..447.57 rows=113 width=121)
	        Index Cond: ((id >= 1290318) AND (id <= 1290417))

table 7 : explain SELECT c FROM sbtest7 WHERE id BETWEEN 8307321 AND 8307420 ORDER BY c
	Sort  (cost=391.30..391.55 rows=98 width=121)
	  Sort Key: c
	  ->  Index Scan using sbtest7_pkey on sbtest7  (cost=0.43..388.06 rows=98 width=121)
	        Index Cond: ((id >= 8307321) AND (id <= 8307420))

table 8 : explain SELECT c FROM sbtest8 WHERE id BETWEEN 4943370 AND 4943469 ORDER BY c
	Sort  (cost=413.38..413.64 rows=104 width=121)
	  Sort Key: c
	  ->  Index Scan using sbtest8_pkey on sbtest8  (cost=0.43..409.89 rows=104 width=121)
	        Index Cond: ((id >= 4943370) AND (id <= 4943469))

explain: for point_selects :: explain SELECT c FROM sbtest%u WHERE id=%u
explain: for point_selects :: explain SELECT c FROM sbtest%u WHERE id=%u
for: order_ranges
table 1 : explain SELECT c FROM sbtest1 WHERE id BETWEEN 7220647 AND 7220746 ORDER BY c
	Sort  (cost=391.27..391.52 rows=98 width=121)
	  Sort Key: c
	  ->  Index Scan using sbtest1_pkey on sbtest1  (cost=0.43..388.03 rows=98 width=121)
	        Index Cond: ((id >= 7220647) AND (id <= 7220746))

table 2 : explain SELECT c FROM sbtest2 WHERE id BETWEEN 2132015 AND 2132114 ORDER BY c
	Sort  (cost=374.43..374.66 rows=93 width=121)
	  Sort Key: c
	  ->  Index Scan using sbtest2_pkey on sbtest2  (cost=0.43..371.39 rows=93 width=121)
	        Index Cond: ((id >= 2132015) AND (id <= 2132114))

table 3 : explain SELECT c FROM sbtest3 WHERE id BETWEEN 978883 AND 978982 ORDER BY c
	Sort  (cost=408.10..408.36 rows=102 width=121)
	  Sort Key: c
	  ->  Index Scan using sbtest3_pkey on sbtest3  (cost=0.43..404.70 rows=102 width=121)
	        Index Cond: ((id >= 978883) AND (id <= 978982))

table 4 : explain SELECT c FROM sbtest4 WHERE id BETWEEN 5013075 AND 5013174 ORDER BY c
	Sort  (cost=384.19..384.43 rows=96 width=121)
	  Sort Key: c
	  ->  Index Scan using sbtest4_pkey on sbtest4  (cost=0.43..381.03 rows=96 width=121)
	        Index Cond: ((id >= 5013075) AND (id <= 5013174))

table 5 : explain SELECT c FROM sbtest5 WHERE id BETWEEN 4539372 AND 4539471 ORDER BY c
	Sort  (cost=407.95..408.21 rows=102 width=121)
	  Sort Key: c
	  ->  Index Scan using sbtest5_pkey on sbtest5  (cost=0.43..404.55 rows=102 width=121)
	        Index Cond: ((id >= 4539372) AND (id <= 4539471))

table 6 : explain SELECT c FROM sbtest6 WHERE id BETWEEN 4512891 AND 4512990 ORDER BY c
	Sort  (cost=388.05..388.29 rows=97 width=121)
	  Sort Key: c
	  ->  Index Scan using sbtest6_pkey on sbtest6  (cost=0.43..384.85 rows=97 width=121)
	        Index Cond: ((id >= 4512891) AND (id <= 4512990))

table 7 : explain SELECT c FROM sbtest7 WHERE id BETWEEN 3053917 AND 3054016 ORDER BY c
	Sort  (cost=375.49..375.73 rows=94 width=121)
	  Sort Key: c
	  ->  Index Scan using sbtest7_pkey on sbtest7  (cost=0.43..372.41 rows=94 width=121)
	        Index Cond: ((id >= 3053917) AND (id <= 3054016))

table 8 : explain SELECT c FROM sbtest8 WHERE id BETWEEN 8008704 AND 8008803 ORDER BY c
	Sort  (cost=397.63..397.88 rows=100 width=121)
	  Sort Key: c
	  ->  Index Scan using sbtest8_pkey on sbtest8  (cost=0.43..394.31 rows=100 width=121)
	        Index Cond: ((id >= 8008704) AND (id <= 8008803))

explain: for point_selects :: explain SELECT c FROM sbtest%u WHERE id=%u
for: simple_ranges
table 1 : explain SELECT c FROM sbtest1 WHERE id BETWEEN 1033263 AND 1033362
	Index Scan using sbtest1_pkey on sbtest1  (cost=0.43..411.51 rows=104 width=121)
	  Index Cond: ((id >= 1033263) AND (id <= 1033362))

table 2 : explain SELECT c FROM sbtest2 WHERE id BETWEEN 1829501 AND 1829600
	Index Scan using sbtest2_pkey on sbtest2  (cost=0.43..383.24 rows=96 width=121)
	  Index Cond: ((id >= 1829501) AND (id <= 1829600))

table 3 : explain SELECT c FROM sbtest3 WHERE id BETWEEN 8093367 AND 8093466
	Index Scan using sbtest3_pkey on sbtest3  (cost=0.43..400.78 rows=101 width=121)
	  Index Cond: ((id >= 8093367) AND (id <= 8093466))

table 4 : explain SELECT c FROM sbtest4 WHERE id BETWEEN 3405099 AND 3405198
	Index Scan using sbtest4_pkey on sbtest4  (cost=0.43..424.16 rows=107 width=121)
	  Index Cond: ((id >= 3405099) AND (id <= 3405198))

table 5 : explain SELECT c FROM sbtest5 WHERE id BETWEEN 4711146 AND 4711245
	Index Scan using sbtest5_pkey on sbtest5  (cost=0.43..432.00 rows=109 width=121)
	  Index Cond: ((id >= 4711146) AND (id <= 4711245))

table 6 : explain SELECT c FROM sbtest6 WHERE id BETWEEN 1935854 AND 1935953
	Index Scan using sbtest6_pkey on sbtest6  (cost=0.43..377.01 rows=95 width=121)
	  Index Cond: ((id >= 1935854) AND (id <= 1935953))

table 7 : explain SELECT c FROM sbtest7 WHERE id BETWEEN 9945914 AND 9946013
	Index Scan using sbtest7_pkey on sbtest7  (cost=0.43..438.93 rows=111 width=121)
	  Index Cond: ((id >= 9945914) AND (id <= 9946013))

table 8 : explain SELECT c FROM sbtest8 WHERE id BETWEEN 1211959 AND 1212058
	Index Scan using sbtest8_pkey on sbtest8  (cost=0.43..402.10 rows=102 width=121)
	  Index Cond: ((id >= 1211959) AND (id <= 1212058))

for: order_ranges
table 1 : explain SELECT c FROM sbtest1 WHERE id BETWEEN 6572898 AND 6572997 ORDER BY c
	Sort  (cost=442.66..442.94 rows=111 width=121)
	  Sort Key: c
	  ->  Index Scan using sbtest1_pkey on sbtest1  (cost=0.43..438.89 rows=111 width=121)
	        Index Cond: ((id >= 6572898) AND (id <= 6572997))

table 2 : explain SELECT c FROM sbtest2 WHERE id BETWEEN 6694871 AND 6694970 ORDER BY c
	Sort  (cost=450.16..450.44 rows=112 width=121)
	  Sort Key: c
	  ->  Index Scan using sbtest2_pkey on sbtest2  (cost=0.43..446.35 rows=112 width=121)
	        Index Cond: ((id >= 6694871) AND (id <= 6694970))

table 3 : explain SELECT c FROM sbtest3 WHERE id BETWEEN 7362131 AND 7362230 ORDER BY c
	Sort  (cost=400.18..400.43 rows=100 width=121)
	  Sort Key: c
	  ->  Index Scan using sbtest3_pkey on sbtest3  (cost=0.43..396.86 rows=100 width=121)
	        Index Cond: ((id >= 7362131) AND (id <= 7362230))

table 4 : explain SELECT c FROM sbtest4 WHERE id BETWEEN 5537134 AND 5537233 ORDER BY c
	Sort  (cost=407.96..408.22 rows=102 width=121)
	  Sort Key: c
	  ->  Index Scan using sbtest4_pkey on sbtest4  (cost=0.43..404.56 rows=102 width=121)
	        Index Cond: ((id >= 5537134) AND (id <= 5537233))

table 5 : explain SELECT c FROM sbtest5 WHERE id BETWEEN 5252661 AND 5252760 ORDER BY c
	Sort  (cost=380.20..380.44 rows=95 width=121)
	  Sort Key: c
	  ->  Index Scan using sbtest5_pkey on sbtest5  (cost=0.43..377.08 rows=95 width=121)
	        Index Cond: ((id >= 5252661) AND (id <= 5252760))

table 6 : explain SELECT c FROM sbtest6 WHERE id BETWEEN 9409193 AND 9409292 ORDER BY c
	Sort  (cost=384.09..384.33 rows=96 width=121)
	  Sort Key: c
	  ->  Index Scan using sbtest6_pkey on sbtest6  (cost=0.43..380.93 rows=96 width=121)
	        Index Cond: ((id >= 9409193) AND (id <= 9409292))

table 7 : explain SELECT c FROM sbtest7 WHERE id BETWEEN 5759400 AND 5759499 ORDER BY c
	Sort  (cost=359.68..359.91 rows=90 width=121)
	  Sort Key: c
	  ->  Index Scan using sbtest7_pkey on sbtest7  (cost=0.43..356.76 rows=90 width=121)
	        Index Cond: ((id >= 5759400) AND (id <= 5759499))

table 8 : explain SELECT c FROM sbtest8 WHERE id BETWEEN 7172712 AND 7172811 ORDER BY c
	Sort  (cost=389.76..390.00 rows=98 width=121)
	  Sort Key: c
	  ->  Index Scan using sbtest8_pkey on sbtest8  (cost=0.43..386.51 rows=98 width=121)
	        Index Cond: ((id >= 7172712) AND (id <= 7172811))

for: distinct_ranges
table 1 : explain SELECT DISTINCT c FROM sbtest1 WHERE id BETWEEN 6799491 AND 6799590 ORDER BY c
	Unique  (cost=351.72..352.16 rows=88 width=121)
	  ->  Sort  (cost=351.72..351.94 rows=88 width=121)
	        Sort Key: c
	        ->  Index Scan using sbtest1_pkey on sbtest1  (cost=0.43..348.88 rows=88 width=121)
	              Index Cond: ((id >= 6799491) AND (id <= 6799590))

table 2 : explain SELECT DISTINCT c FROM sbtest2 WHERE id BETWEEN 2444112 AND 2444211 ORDER BY c
	Unique  (cost=406.32..406.83 rows=101 width=121)
	  ->  Sort  (cost=406.32..406.58 rows=101 width=121)
	        Sort Key: c
	        ->  Index Scan using sbtest2_pkey on sbtest2  (cost=0.43..402.96 rows=101 width=121)
	              Index Cond: ((id >= 2444112) AND (id <= 2444211))

table 3 : explain SELECT DISTINCT c FROM sbtest3 WHERE id BETWEEN 7680803 AND 7680902 ORDER BY c
	Unique  (cost=376.40..376.87 rows=94 width=121)
	  ->  Sort  (cost=376.40..376.64 rows=94 width=121)
	        Sort Key: c
	        ->  Index Scan using sbtest3_pkey on sbtest3  (cost=0.43..373.32 rows=94 width=121)
	              Index Cond: ((id >= 7680803) AND (id <= 7680902))

table 4 : explain SELECT DISTINCT c FROM sbtest4 WHERE id BETWEEN 8409773 AND 8409872 ORDER BY c
	Unique  (cost=372.31..372.77 rows=93 width=121)
	  ->  Sort  (cost=372.31..372.54 rows=93 width=121)
	        Sort Key: c
	        ->  Index Scan using sbtest4_pkey on sbtest4  (cost=0.43..369.27 rows=93 width=121)
	              Index Cond: ((id >= 8409773) AND (id <= 8409872))

table 5 : explain SELECT DISTINCT c FROM sbtest5 WHERE id BETWEEN 6372551 AND 6372650 ORDER BY c
	Unique  (cost=396.07..396.56 rows=99 width=121)
	  ->  Sort  (cost=396.07..396.32 rows=99 width=121)
	        Sort Key: c
	        ->  Index Scan using sbtest5_pkey on sbtest5  (cost=0.43..392.79 rows=99 width=121)
	              Index Cond: ((id >= 6372551) AND (id <= 6372650))

table 6 : explain SELECT DISTINCT c FROM sbtest6 WHERE id BETWEEN 2682507 AND 2682606 ORDER BY c
	Unique  (cost=407.85..408.36 rows=102 width=121)
	  ->  Sort  (cost=407.85..408.11 rows=102 width=121)
	        Sort Key: c
	        ->  Index Scan using sbtest6_pkey on sbtest6  (cost=0.43..404.45 rows=102 width=121)
	              Index Cond: ((id >= 2682507) AND (id <= 2682606))

table 7 : explain SELECT DISTINCT c FROM sbtest7 WHERE id BETWEEN 5402857 AND 5402956 ORDER BY c
	Unique  (cost=371.54..372.00 rows=93 width=121)
	  ->  Sort  (cost=371.54..371.77 rows=93 width=121)
	        Sort Key: c
	        ->  Index Scan using sbtest7_pkey on sbtest7  (cost=0.43..368.50 rows=93 width=121)
	              Index Cond: ((id >= 5402857) AND (id <= 5402956))

table 8 : explain SELECT DISTINCT c FROM sbtest8 WHERE id BETWEEN 1265180 AND 1265279 ORDER BY c
	Unique  (cost=389.76..390.25 rows=98 width=121)
	  ->  Sort  (cost=389.76..390.00 rows=98 width=121)
	        Sort Key: c
	        ->  Index Scan using sbtest8_pkey on sbtest8  (cost=0.43..386.51 rows=98 width=121)
	              Index Cond: ((id >= 1265180) AND (id <= 1265279))

for: distinct_ranges
table 1 : explain SELECT DISTINCT c FROM sbtest1 WHERE id BETWEEN 1397097 AND 1397196 ORDER BY c
	Unique  (cost=418.94..419.47 rows=105 width=121)
	  ->  Sort  (cost=418.94..419.21 rows=105 width=121)
	        Sort Key: c
	        ->  Index Scan using sbtest1_pkey on sbtest1  (cost=0.43..415.42 rows=105 width=121)
	              Index Cond: ((id >= 1397097) AND (id <= 1397196))

table 2 : explain SELECT DISTINCT c FROM sbtest2 WHERE id BETWEEN 7039711 AND 7039810 ORDER BY c
	Unique  (cost=414.29..414.81 rows=103 width=121)
	  ->  Sort  (cost=414.29..414.55 rows=103 width=121)
	        Sort Key: c
	        ->  Index Scan using sbtest2_pkey on sbtest2  (cost=0.43..410.85 rows=103 width=121)
	              Index Cond: ((id >= 7039711) AND (id <= 7039810))

table 3 : explain SELECT DISTINCT c FROM sbtest3 WHERE id BETWEEN 1686526 AND 1686625 ORDER BY c
	Unique  (cost=396.22..396.71 rows=99 width=121)
	  ->  Sort  (cost=396.22..396.46 rows=99 width=121)
	        Sort Key: c
	        ->  Index Scan using sbtest3_pkey on sbtest3  (cost=0.43..392.93 rows=99 width=121)
	              Index Cond: ((id >= 1686526) AND (id <= 1686625))

table 4 : explain SELECT DISTINCT c FROM sbtest4 WHERE id BETWEEN 5099904 AND 5100003 ORDER BY c
	Unique  (cost=396.08..396.57 rows=99 width=121)
	  ->  Sort  (cost=396.08..396.32 rows=99 width=121)
	        Sort Key: c
	        ->  Index Scan using sbtest4_pkey on sbtest4  (cost=0.43..392.80 rows=99 width=121)
	              Index Cond: ((id >= 5099904) AND (id <= 5100003))

table 5 : explain SELECT DISTINCT c FROM sbtest5 WHERE id BETWEEN 3247251 AND 3247350 ORDER BY c
	Unique  (cost=427.76..428.30 rows=107 width=121)
	  ->  Sort  (cost=427.76..428.03 rows=107 width=121)
	        Sort Key: c
	        ->  Index Scan using sbtest5_pkey on sbtest5  (cost=0.43..424.16 rows=107 width=121)
	              Index Cond: ((id >= 3247251) AND (id <= 3247350))

table 6 : explain SELECT DISTINCT c FROM sbtest6 WHERE id BETWEEN 543370 AND 543469 ORDER BY c
	Unique  (cost=395.97..396.47 rows=99 width=121)
	  ->  Sort  (cost=395.97..396.22 rows=99 width=121)
	        Sort Key: c
	        ->  Index Scan using sbtest6_pkey on sbtest6  (cost=0.43..392.69 rows=99 width=121)
	              Index Cond: ((id >= 543370) AND (id <= 543469))

table 7 : explain SELECT DISTINCT c FROM sbtest7 WHERE id BETWEEN 9295348 AND 9295447 ORDER BY c
	Unique  (cost=391.30..391.79 rows=98 width=121)
	  ->  Sort  (cost=391.30..391.55 rows=98 width=121)
	        Sort Key: c
	        ->  Index Scan using sbtest7_pkey on sbtest7  (cost=0.43..388.06 rows=98 width=121)
	              Index Cond: ((id >= 9295348) AND (id <= 9295447))

table 8 : explain SELECT DISTINCT c FROM sbtest8 WHERE id BETWEEN 5527896 AND 5527995 ORDER BY c
	Unique  (cost=381.88..382.36 rows=96 width=121)
	  ->  Sort  (cost=381.88..382.12 rows=96 width=121)
	        Sort Key: c
	        ->  Index Scan using sbtest8_pkey on sbtest8  (cost=0.43..378.72 rows=96 width=121)
	              Index Cond: ((id >= 5527896) AND (id <= 5527995))

for: distinct_ranges
table 1 : explain SELECT DISTINCT c FROM sbtest1 WHERE id BETWEEN 1982536 AND 1982635 ORDER BY c
	Unique  (cost=399.18..399.68 rows=100 width=121)
	  ->  Sort  (cost=399.18..399.43 rows=100 width=121)
	        Sort Key: c
	        ->  Index Scan using sbtest1_pkey on sbtest1  (cost=0.43..395.86 rows=100 width=121)
	              Index Cond: ((id >= 1982536) AND (id <= 1982635))

table 2 : explain SELECT DISTINCT c FROM sbtest2 WHERE id BETWEEN 3680073 AND 3680172 ORDER BY c
	Unique  (cost=410.31..410.82 rows=102 width=121)
	  ->  Sort  (cost=410.31..410.56 rows=102 width=121)
	        Sort Key: c
	        ->  Index Scan using sbtest2_pkey on sbtest2  (cost=0.43..406.90 rows=102 width=121)
	              Index Cond: ((id >= 3680073) AND (id <= 3680172))

table 3 : explain SELECT DISTINCT c FROM sbtest3 WHERE id BETWEEN 9914309 AND 9914408 ORDER BY c
	Unique  (cost=368.48..368.94 rows=92 width=121)
	  ->  Sort  (cost=368.48..368.71 rows=92 width=121)
	        Sort Key: c
	        ->  Index Scan using sbtest3_pkey on sbtest3  (cost=0.43..365.48 rows=92 width=121)
	              Index Cond: ((id >= 9914309) AND (id <= 9914408))

table 4 : explain SELECT DISTINCT c FROM sbtest4 WHERE id BETWEEN 926229 AND 926328 ORDER BY c
	Unique  (cost=380.23..380.71 rows=95 width=121)
	  ->  Sort  (cost=380.23..380.47 rows=95 width=121)
	        Sort Key: c
	        ->  Index Scan using sbtest4_pkey on sbtest4  (cost=0.43..377.11 rows=95 width=121)
	              Index Cond: ((id >= 926229) AND (id <= 926328))

table 5 : explain SELECT DISTINCT c FROM sbtest5 WHERE id BETWEEN 787940 AND 788039 ORDER BY c
	Unique  (cost=396.07..396.56 rows=99 width=121)
	  ->  Sort  (cost=396.07..396.32 rows=99 width=121)
	        Sort Key: c
	        ->  Index Scan using sbtest5_pkey on sbtest5  (cost=0.43..392.79 rows=99 width=121)
	              Index Cond: ((id >= 787940) AND (id <= 788039))

table 6 : explain SELECT DISTINCT c FROM sbtest6 WHERE id BETWEEN 6043059 AND 6043158 ORDER BY c
	Unique  (cost=384.09..384.57 rows=96 width=121)
	  ->  Sort  (cost=384.09..384.33 rows=96 width=121)
	        Sort Key: c
	        ->  Index Scan using sbtest6_pkey on sbtest6  (cost=0.43..380.93 rows=96 width=121)
	              Index Cond: ((id >= 6043059) AND (id <= 6043158))

table 7 : explain SELECT DISTINCT c FROM sbtest7 WHERE id BETWEEN 4324992 AND 4325091 ORDER BY c
	Unique  (cost=418.98..419.50 rows=105 width=121)
	  ->  Sort  (cost=418.98..419.24 rows=105 width=121)
	        Sort Key: c
	        ->  Index Scan using sbtest7_pkey on sbtest7  (cost=0.43..415.45 rows=105 width=121)
	              Index Cond: ((id >= 4324992) AND (id <= 4325091))

table 8 : explain SELECT DISTINCT c FROM sbtest8 WHERE id BETWEEN 4446823 AND 4446922 ORDER BY c
	Unique  (cost=397.63..398.13 rows=100 width=121)
	  ->  Sort  (cost=397.63..397.88 rows=100 width=121)
	        Sort Key: c
	        ->  Index Scan using sbtest8_pkey on sbtest8  (cost=0.43..394.31 rows=100 width=121)
	              Index Cond: ((id >= 4446823) AND (id <= 4446922))

for: distinct_ranges
table 1 : explain SELECT DISTINCT c FROM sbtest1 WHERE id BETWEEN 1807793 AND 1807892 ORDER BY c
	Unique  (cost=379.42..379.89 rows=95 width=121)
	  ->  Sort  (cost=379.42..379.65 rows=95 width=121)
	        Sort Key: c
	        ->  Index Scan using sbtest1_pkey on sbtest1  (cost=0.43..376.30 rows=95 width=121)
	              Index Cond: ((id >= 1807793) AND (id <= 1807892))

table 2 : explain SELECT DISTINCT c FROM sbtest2 WHERE id BETWEEN 7870519 AND 7870618 ORDER BY c
	Unique  (cost=366.46..366.91 rows=91 width=121)
	  ->  Sort  (cost=366.46..366.69 rows=91 width=121)
	        Sort Key: c
	        ->  Index Scan using sbtest2_pkey on sbtest2  (cost=0.43..363.50 rows=91 width=121)
	              Index Cond: ((id >= 7870519) AND (id <= 7870618))

table 3 : explain SELECT DISTINCT c FROM sbtest3 WHERE id BETWEEN 790092 AND 790191 ORDER BY c
	Unique  (cost=356.57..357.01 rows=89 width=121)
	  ->  Sort  (cost=356.57..356.79 rows=89 width=121)
	        Sort Key: c
	        ->  Index Scan using sbtest3_pkey on sbtest3  (cost=0.43..353.68 rows=89 width=121)
	              Index Cond: ((id >= 790092) AND (id <= 790191))

table 4 : explain SELECT DISTINCT c FROM sbtest4 WHERE id BETWEEN 8955832 AND 8955931 ORDER BY c
	Unique  (cost=443.62..444.17 rows=111 width=121)
	  ->  Sort  (cost=443.62..443.90 rows=111 width=121)
	        Sort Key: c
	        ->  Index Scan using sbtest4_pkey on sbtest4  (cost=0.43..439.85 rows=111 width=121)
	              Index Cond: ((id >= 8955832) AND (id <= 8955931))

table 5 : explain SELECT DISTINCT c FROM sbtest5 WHERE id BETWEEN 5081174 AND 5081273 ORDER BY c
	Unique  (cost=407.95..408.46 rows=102 width=121)
	  ->  Sort  (cost=407.95..408.21 rows=102 width=121)
	        Sort Key: c
	        ->  Index Scan using sbtest5_pkey on sbtest5  (cost=0.43..404.55 rows=102 width=121)
	              Index Cond: ((id >= 5081174) AND (id <= 5081273))

table 6 : explain SELECT DISTINCT c FROM sbtest6 WHERE id BETWEEN 7000169 AND 7000268 ORDER BY c
	Unique  (cost=415.78..416.30 rows=104 width=121)
	  ->  Sort  (cost=415.78..416.04 rows=104 width=121)
	        Sort Key: c
	        ->  Index Scan using sbtest6_pkey on sbtest6  (cost=0.43..412.29 rows=104 width=121)
	              Index Cond: ((id >= 7000169) AND (id <= 7000268))

table 7 : explain SELECT DISTINCT c FROM sbtest7 WHERE id BETWEEN 6298055 AND 6298154 ORDER BY c
	Unique  (cost=418.98..419.50 rows=105 width=121)
	  ->  Sort  (cost=418.98..419.24 rows=105 width=121)
	        Sort Key: c
	        ->  Index Scan using sbtest7_pkey on sbtest7  (cost=0.43..415.45 rows=105 width=121)
	              Index Cond: ((id >= 6298055) AND (id <= 6298154))

table 8 : explain SELECT DISTINCT c FROM sbtest8 WHERE id BETWEEN 7714991 AND 7715090 ORDER BY c
	Unique  (cost=389.76..390.25 rows=98 width=121)
	  ->  Sort  (cost=389.76..390.00 rows=98 width=121)
	        Sort Key: c
	        ->  Index Scan using sbtest8_pkey on sbtest8  (cost=0.43..386.51 rows=98 width=121)
	              Index Cond: ((id >= 7714991) AND (id <= 7715090))

for: sum_ranges
table 1 : explain SELECT SUM(k) FROM sbtest1 WHERE id BETWEEN 5240285 AND 5240384
	Aggregate  (cost=396.11..396.12 rows=1 width=8)
	  ->  Index Scan using sbtest1_pkey on sbtest1  (cost=0.43..395.86 rows=100 width=4)
	        Index Cond: ((id >= 5240285) AND (id <= 5240384))

table 2 : explain SELECT SUM(k) FROM sbtest2 WHERE id BETWEEN 287104 AND 287203
	Aggregate  (cost=375.56..375.57 rows=1 width=8)
	  ->  Index Scan using sbtest2_pkey on sbtest2  (cost=0.43..375.33 rows=94 width=4)
	        Index Cond: ((id >= 287104) AND (id <= 287203))

table 3 : explain SELECT SUM(k) FROM sbtest3 WHERE id BETWEEN 9173142 AND 9173241
	Aggregate  (cost=404.96..404.97 rows=1 width=8)
	  ->  Index Scan using sbtest3_pkey on sbtest3  (cost=0.43..404.70 rows=102 width=4)
	        Index Cond: ((id >= 9173142) AND (id <= 9173241))

table 4 : explain SELECT SUM(k) FROM sbtest4 WHERE id BETWEEN 3288871 AND 3288970
	Aggregate  (cost=373.43..373.44 rows=1 width=8)
	  ->  Index Scan using sbtest4_pkey on sbtest4  (cost=0.43..373.19 rows=94 width=4)
	        Index Cond: ((id >= 3288871) AND (id <= 3288970))

table 5 : explain SELECT SUM(k) FROM sbtest5 WHERE id BETWEEN 5052233 AND 5052332
	Aggregate  (cost=404.81..404.82 rows=1 width=8)
	  ->  Index Scan using sbtest5_pkey on sbtest5  (cost=0.43..404.55 rows=102 width=4)
	        Index Cond: ((id >= 5052233) AND (id <= 5052332))

table 6 : explain SELECT SUM(k) FROM sbtest6 WHERE id BETWEEN 3599447 AND 3599546
	Aggregate  (cost=420.40..420.41 rows=1 width=8)
	  ->  Index Scan using sbtest6_pkey on sbtest6  (cost=0.43..420.13 rows=106 width=4)
	        Index Cond: ((id >= 3599447) AND (id <= 3599546))

table 7 : explain SELECT SUM(k) FROM sbtest7 WHERE id BETWEEN 6750976 AND 6751075
	Aggregate  (cost=411.80..411.81 rows=1 width=8)
	  ->  Index Scan using sbtest7_pkey on sbtest7  (cost=0.43..411.54 rows=104 width=4)
	        Index Cond: ((id >= 6750976) AND (id <= 6751075))

table 8 : explain SELECT SUM(k) FROM sbtest8 WHERE id BETWEEN 1217524 AND 1217623
	Aggregate  (cost=386.76..386.77 rows=1 width=8)
	  ->  Index Scan using sbtest8_pkey on sbtest8  (cost=0.43..386.51 rows=98 width=4)
	        Index Cond: ((id >= 1217524) AND (id <= 1217623))

for: order_ranges
table 1 : explain SELECT c FROM sbtest1 WHERE id BETWEEN 9839114 AND 9839213 ORDER BY c
	Sort  (cost=379.42..379.65 rows=95 width=121)
	  Sort Key: c
	  ->  Index Scan using sbtest1_pkey on sbtest1  (cost=0.43..376.30 rows=95 width=121)
	        Index Cond: ((id >= 9839114) AND (id <= 9839213))

table 2 : explain SELECT c FROM sbtest2 WHERE id BETWEEN 2220218 AND 2220317 ORDER BY c
	Sort  (cost=374.43..374.66 rows=93 width=121)
	  Sort Key: c
	  ->  Index Scan using sbtest2_pkey on sbtest2  (cost=0.43..371.39 rows=93 width=121)
	        Index Cond: ((id >= 2220218) AND (id <= 2220317))

table 3 : explain SELECT c FROM sbtest3 WHERE id BETWEEN 2237203 AND 2237302 ORDER BY c
	Sort  (cost=404.14..404.39 rows=101 width=121)
	  Sort Key: c
	  ->  Index Scan using sbtest3_pkey on sbtest3  (cost=0.43..400.78 rows=101 width=121)
	        Index Cond: ((id >= 2237203) AND (id <= 2237302))

table 4 : explain SELECT c FROM sbtest4 WHERE id BETWEEN 158182 AND 158281 ORDER BY c
	Sort  (cost=419.85..420.11 rows=105 width=121)
	  Sort Key: c
	  ->  Index Scan using sbtest4_pkey on sbtest4  (cost=0.43..416.32 rows=105 width=121)
	        Index Cond: ((id >= 158182) AND (id <= 158281))

table 5 : explain SELECT c FROM sbtest5 WHERE id BETWEEN 4612309 AND 4612408 ORDER BY c
	Sort  (cost=407.95..408.21 rows=102 width=121)
	  Sort Key: c
	  ->  Index Scan using sbtest5_pkey on sbtest5  (cost=0.43..404.55 rows=102 width=121)
	        Index Cond: ((id >= 4612309) AND (id <= 4612408))

table 6 : explain SELECT c FROM sbtest6 WHERE id BETWEEN 7869182 AND 7869281 ORDER BY c
	Sort  (cost=392.01..392.26 rows=98 width=121)
	  Sort Key: c
	  ->  Index Scan using sbtest6_pkey on sbtest6  (cost=0.43..388.77 rows=98 width=121)
	        Index Cond: ((id >= 7869182) AND (id <= 7869281))

table 7 : explain SELECT c FROM sbtest7 WHERE id BETWEEN 3887120 AND 3887219 ORDER BY c
	Sort  (cost=399.21..399.46 rows=100 width=121)
	  Sort Key: c
	  ->  Index Scan using sbtest7_pkey on sbtest7  (cost=0.43..395.89 rows=100 width=121)
	        Index Cond: ((id >= 3887120) AND (id <= 3887219))

table 8 : explain SELECT c FROM sbtest8 WHERE id BETWEEN 8564360 AND 8564459 ORDER BY c
	Sort  (cost=370.07..370.30 rows=93 width=121)
	  Sort Key: c
	  ->  Index Scan using sbtest8_pkey on sbtest8  (cost=0.43..367.03 rows=93 width=121)
	        Index Cond: ((id >= 8564360) AND (id <= 8564459))

for point_selects
table 1 : explain SELECT c FROM sbtest1 WHERE id=5195772
	Index Scan using sbtest1_pkey on sbtest1  (cost=0.43..8.45 rows=1 width=121)
	  Index Cond: (id = 5195772)

table 2 : explain SELECT c FROM sbtest2 WHERE id=1941679
	Index Scan using sbtest2_pkey on sbtest2  (cost=0.43..8.45 rows=1 width=121)
	  Index Cond: (id = 1941679)

table 3 : explain SELECT c FROM sbtest3 WHERE id=649783
	Index Scan using sbtest3_pkey on sbtest3  (cost=0.43..8.45 rows=1 width=121)
	  Index Cond: (id = 649783)

table 4 : explain SELECT c FROM sbtest4 WHERE id=2980377
	Index Scan using sbtest4_pkey on sbtest4  (cost=0.43..8.45 rows=1 width=121)
	  Index Cond: (id = 2980377)

table 5 : explain SELECT c FROM sbtest5 WHERE id=9727868
	Index Scan using sbtest5_pkey on sbtest5  (cost=0.43..8.45 rows=1 width=121)
	  Index Cond: (id = 9727868)

table 6 : explain SELECT c FROM sbtest6 WHERE id=2857184
	Index Scan using sbtest6_pkey on sbtest6  (cost=0.43..8.45 rows=1 width=121)
	  Index Cond: (id = 2857184)

table 7 : explain SELECT c FROM sbtest7 WHERE id=2860908
	Index Scan using sbtest7_pkey on sbtest7  (cost=0.43..8.45 rows=1 width=121)
	  Index Cond: (id = 2860908)

table 8 : explain SELECT c FROM sbtest8 WHERE id=9553314
	Index Scan using sbtest8_pkey on sbtest8  (cost=0.43..8.45 rows=1 width=121)
	  Index Cond: (id = 9553314)

for point_selects
table 1 : explain SELECT c FROM sbtest1 WHERE id=7432950
	Index Scan using sbtest1_pkey on sbtest1  (cost=0.43..8.45 rows=1 width=121)
	  Index Cond: (id = 7432950)

table 2 : explain SELECT c FROM sbtest2 WHERE id=8614180
	Index Scan using sbtest2_pkey on sbtest2  (cost=0.43..8.45 rows=1 width=121)
	  Index Cond: (id = 8614180)

table 3 : explain SELECT c FROM sbtest3 WHERE id=8256457
	Index Scan using sbtest3_pkey on sbtest3  (cost=0.43..8.45 rows=1 width=121)
	  Index Cond: (id = 8256457)

table 4 : explain SELECT c FROM sbtest4 WHERE id=6890831
	Index Scan using sbtest4_pkey on sbtest4  (cost=0.43..8.45 rows=1 width=121)
	  Index Cond: (id = 6890831)

table 5 : explain SELECT c FROM sbtest5 WHERE id=5053099
	Index Scan using sbtest5_pkey on sbtest5  (cost=0.43..8.45 rows=1 width=121)
	  Index Cond: (id = 5053099)

table 6 : explain SELECT c FROM sbtest6 WHERE id=1892811
	Index Scan using sbtest6_pkey on sbtest6  (cost=0.43..8.45 rows=1 width=121)
	  Index Cond: (id = 1892811)

table 7 : explain SELECT c FROM sbtest7 WHERE id=8428611
	Index Scan using sbtest7_pkey on sbtest7  (cost=0.43..8.45 rows=1 width=121)
	  Index Cond: (id = 8428611)

table 8 : explain SELECT c FROM sbtest8 WHERE id=2302424
	Index Scan using sbtest8_pkey on sbtest8  (cost=0.43..8.45 rows=1 width=121)
	  Index Cond: (id = 2302424)

for point_selects
table 1 : explain SELECT c FROM sbtest1 WHERE id=5516952
	Index Scan using sbtest1_pkey on sbtest1  (cost=0.43..8.45 rows=1 width=121)
	  Index Cond: (id = 5516952)

table 2 : explain SELECT c FROM sbtest2 WHERE id=3072244
	Index Scan using sbtest2_pkey on sbtest2  (cost=0.43..8.45 rows=1 width=121)
	  Index Cond: (id = 3072244)

table 3 : explain SELECT c FROM sbtest3 WHERE id=4451702
	Index Scan using sbtest3_pkey on sbtest3  (cost=0.43..8.45 rows=1 width=121)
	  Index Cond: (id = 4451702)

table 4 : explain SELECT c FROM sbtest4 WHERE id=7883153
	Index Scan using sbtest4_pkey on sbtest4  (cost=0.43..8.45 rows=1 width=121)
	  Index Cond: (id = 7883153)

table 5 : explain SELECT c FROM sbtest5 WHERE id=363058
	Index Scan using sbtest5_pkey on sbtest5  (cost=0.43..8.45 rows=1 width=121)
	  Index Cond: (id = 363058)

table 6 : explain SELECT c FROM sbtest6 WHERE id=9260855
	Index Scan using sbtest6_pkey on sbtest6  (cost=0.43..8.45 rows=1 width=121)
	  Index Cond: (id = 9260855)

table 7 : explain SELECT c FROM sbtest7 WHERE id=1220141
	Index Scan using sbtest7_pkey on sbtest7  (cost=0.43..8.45 rows=1 width=121)
	  Index Cond: (id = 1220141)

table 8 : explain SELECT c FROM sbtest8 WHERE id=9781782
	Index Scan using sbtest8_pkey on sbtest8  (cost=0.43..8.45 rows=1 width=121)
	  Index Cond: (id = 9781782)

for: order_ranges
table 1 : explain SELECT c FROM sbtest1 WHERE id BETWEEN 8146002 AND 8146101 ORDER BY c
	Sort  (cost=434.76..435.03 rows=109 width=121)
	  Sort Key: c
	  ->  Index Scan using sbtest1_pkey on sbtest1  (cost=0.43..431.07 rows=109 width=121)
	        Index Cond: ((id >= 8146002) AND (id <= 8146101))

table 2 : explain SELECT c FROM sbtest2 WHERE id BETWEEN 7369634 AND 7369733 ORDER BY c
	Sort  (cost=414.29..414.55 rows=103 width=121)
	  Sort Key: c
	  ->  Index Scan using sbtest2_pkey on sbtest2  (cost=0.43..410.85 rows=103 width=121)
	        Index Cond: ((id >= 7369634) AND (id <= 7369733))

table 3 : explain SELECT c FROM sbtest3 WHERE id BETWEEN 7914635 AND 7914734 ORDER BY c
	Sort  (cost=392.25..392.50 rows=98 width=121)
	  Sort Key: c
	  ->  Index Scan using sbtest3_pkey on sbtest3  (cost=0.43..389.01 rows=98 width=121)
	        Index Cond: ((id >= 7914635) AND (id <= 7914734))

table 4 : explain SELECT c FROM sbtest4 WHERE id BETWEEN 9245877 AND 9245976 ORDER BY c
	Sort  (cost=392.12..392.36 rows=98 width=121)
	  Sort Key: c
	  ->  Index Scan using sbtest4_pkey on sbtest4  (cost=0.43..388.87 rows=98 width=121)
	        Index Cond: ((id >= 9245877) AND (id <= 9245976))

table 5 : explain SELECT c FROM sbtest5 WHERE id BETWEEN 793565 AND 793664 ORDER BY c
	Sort  (cost=396.07..396.32 rows=99 width=121)
	  Sort Key: c
	  ->  Index Scan using sbtest5_pkey on sbtest5  (cost=0.43..392.79 rows=99 width=121)
	        Index Cond: ((id >= 793565) AND (id <= 793664))

table 6 : explain SELECT c FROM sbtest6 WHERE id BETWEEN 7983734 AND 7983833 ORDER BY c
	Sort  (cost=411.81..412.07 rows=103 width=121)
	  Sort Key: c
	  ->  Index Scan using sbtest6_pkey on sbtest6  (cost=0.43..408.37 rows=103 width=121)
	        Index Cond: ((id >= 7983734) AND (id <= 7983833))

table 7 : explain SELECT c FROM sbtest7 WHERE id BETWEEN 8626640 AND 8626739 ORDER BY c
	Sort  (cost=391.30..391.55 rows=98 width=121)
	  Sort Key: c
	  ->  Index Scan using sbtest7_pkey on sbtest7  (cost=0.43..388.06 rows=98 width=121)
	        Index Cond: ((id >= 8626640) AND (id <= 8626739))

table 8 : explain SELECT c FROM sbtest8 WHERE id BETWEEN 3399611 AND 3399710 ORDER BY c
	Sort  (cost=381.88..382.12 rows=96 width=121)
	  Sort Key: c
	  ->  Index Scan using sbtest8_pkey on sbtest8  (cost=0.43..378.72 rows=96 width=121)
	        Index Cond: ((id >= 3399611) AND (id <= 3399710))

for: distinct_ranges
table 1 : explain SELECT DISTINCT c FROM sbtest1 WHERE id BETWEEN 880366 AND 880465 ORDER BY c
	Unique  (cost=399.18..399.68 rows=100 width=121)
	  ->  Sort  (cost=399.18..399.43 rows=100 width=121)
	        Sort Key: c
	        ->  Index Scan using sbtest1_pkey on sbtest1  (cost=0.43..395.86 rows=100 width=121)
	              Index Cond: ((id >= 880366) AND (id <= 880465))

table 2 : explain SELECT DISTINCT c FROM sbtest2 WHERE id BETWEEN 9793427 AND 9793526 ORDER BY c
	Unique  (cost=406.32..406.83 rows=101 width=121)
	  ->  Sort  (cost=406.32..406.58 rows=101 width=121)
	        Sort Key: c
	        ->  Index Scan using sbtest2_pkey on sbtest2  (cost=0.43..402.96 rows=101 width=121)
	              Index Cond: ((id >= 9793427) AND (id <= 9793526))

table 3 : explain SELECT DISTINCT c FROM sbtest3 WHERE id BETWEEN 8598441 AND 8598540 ORDER BY c
	Unique  (cost=416.03..416.55 rows=104 width=121)
	  ->  Sort  (cost=416.03..416.29 rows=104 width=121)
	        Sort Key: c
	        ->  Index Scan using sbtest3_pkey on sbtest3  (cost=0.43..412.55 rows=104 width=121)
	              Index Cond: ((id >= 8598441) AND (id <= 8598540))

table 4 : explain SELECT DISTINCT c FROM sbtest4 WHERE id BETWEEN 5977804 AND 5977903 ORDER BY c
	Unique  (cost=447.58..448.14 rows=112 width=121)
	  ->  Sort  (cost=447.58..447.86 rows=112 width=121)
	        Sort Key: c
	        ->  Index Scan using sbtest4_pkey on sbtest4  (cost=0.43..443.77 rows=112 width=121)
	              Index Cond: ((id >= 5977804) AND (id <= 5977903))

table 5 : explain SELECT DISTINCT c FROM sbtest5 WHERE id BETWEEN 2576692 AND 2576791 ORDER BY c
	Unique  (cost=400.03..400.53 rows=100 width=121)
	  ->  Sort  (cost=400.03..400.28 rows=100 width=121)
	        Sort Key: c
	        ->  Index Scan using sbtest5_pkey on sbtest5  (cost=0.43..396.71 rows=100 width=121)
	              Index Cond: ((id >= 2576692) AND (id <= 2576791))

table 6 : explain SELECT DISTINCT c FROM sbtest6 WHERE id BETWEEN 7603019 AND 7603118 ORDER BY c
	Unique  (cost=403.89..404.40 rows=101 width=121)
	  ->  Sort  (cost=403.89..404.15 rows=101 width=121)
	        Sort Key: c
	        ->  Index Scan using sbtest6_pkey on sbtest6  (cost=0.43..400.53 rows=101 width=121)
	              Index Cond: ((id >= 7603019) AND (id <= 7603118))

table 7 : explain SELECT DISTINCT c FROM sbtest7 WHERE id BETWEEN 7639811 AND 7639910 ORDER BY c
	Unique  (cost=407.12..407.63 rows=102 width=121)
	  ->  Sort  (cost=407.12..407.37 rows=102 width=121)
	        Sort Key: c
	        ->  Index Scan using sbtest7_pkey on sbtest7  (cost=0.43..403.71 rows=102 width=121)
	              Index Cond: ((id >= 7639811) AND (id <= 7639910))

table 8 : explain SELECT DISTINCT c FROM sbtest8 WHERE id BETWEEN 5290172 AND 5290271 ORDER BY c
	Unique  (cost=437.00..437.55 rows=110 width=121)
	  ->  Sort  (cost=437.00..437.28 rows=110 width=121)
	        Sort Key: c
	        ->  Index Scan using sbtest8_pkey on sbtest8  (cost=0.43..433.27 rows=110 width=121)
	              Index Cond: ((id >= 5290172) AND (id <= 5290271))

for: simple_ranges
table 1 : explain SELECT c FROM sbtest1 WHERE id BETWEEN 1927863 AND 1927962
	Index Scan using sbtest1_pkey on sbtest1  (cost=0.43..395.86 rows=100 width=121)
	  Index Cond: ((id >= 1927863) AND (id <= 1927962))

table 2 : explain SELECT c FROM sbtest2 WHERE id BETWEEN 8748633 AND 8748732
	Index Scan using sbtest2_pkey on sbtest2  (cost=0.43..375.33 rows=94 width=121)
	  Index Cond: ((id >= 8748633) AND (id <= 8748732))

table 3 : explain SELECT c FROM sbtest3 WHERE id BETWEEN 7902919 AND 7903018
	Index Scan using sbtest3_pkey on sbtest3  (cost=0.43..389.01 rows=98 width=121)
	  Index Cond: ((id >= 7902919) AND (id <= 7903018))

table 4 : explain SELECT c FROM sbtest4 WHERE id BETWEEN 3595613 AND 3595712
	Index Scan using sbtest4_pkey on sbtest4  (cost=0.43..381.03 rows=96 width=121)
	  Index Cond: ((id >= 3595613) AND (id <= 3595712))

table 5 : explain SELECT c FROM sbtest5 WHERE id BETWEEN 8332924 AND 8333023
	Index Scan using sbtest5_pkey on sbtest5  (cost=0.43..408.47 rows=103 width=121)
	  Index Cond: ((id >= 8332924) AND (id <= 8333023))

table 6 : explain SELECT c FROM sbtest6 WHERE id BETWEEN 6306767 AND 6306866
	Index Scan using sbtest6_pkey on sbtest6  (cost=0.43..384.85 rows=97 width=121)
	  Index Cond: ((id >= 6306767) AND (id <= 6306866))

table 7 : explain SELECT c FROM sbtest7 WHERE id BETWEEN 455035 AND 455134
	Index Scan using sbtest7_pkey on sbtest7  (cost=0.43..435.01 rows=110 width=121)
	  Index Cond: ((id >= 455035) AND (id <= 455134))

table 8 : explain SELECT c FROM sbtest8 WHERE id BETWEEN 2363954 AND 2364053
	Index Scan using sbtest8_pkey on sbtest8  (cost=0.43..359.24 rows=91 width=121)
	  Index Cond: ((id >= 2363954) AND (id <= 2364053))

for: simple_ranges
table 1 : explain SELECT c FROM sbtest1 WHERE id BETWEEN 2676759 AND 2676858
	Index Scan using sbtest1_pkey on sbtest1  (cost=0.43..438.89 rows=111 width=121)
	  Index Cond: ((id >= 2676759) AND (id <= 2676858))

table 2 : explain SELECT c FROM sbtest2 WHERE id BETWEEN 6415919 AND 6416018
	Index Scan using sbtest2_pkey on sbtest2  (cost=0.43..426.63 rows=107 width=121)
	  Index Cond: ((id >= 6415919) AND (id <= 6416018))

table 3 : explain SELECT c FROM sbtest3 WHERE id BETWEEN 3772597 AND 3772696
	Index Scan using sbtest3_pkey on sbtest3  (cost=0.43..443.93 rows=112 width=121)
	  Index Cond: ((id >= 3772597) AND (id <= 3772696))

table 4 : explain SELECT c FROM sbtest4 WHERE id BETWEEN 9254611 AND 9254710
	Index Scan using sbtest4_pkey on sbtest4  (cost=0.43..388.87 rows=98 width=121)
	  Index Cond: ((id >= 9254611) AND (id <= 9254710))

table 5 : explain SELECT c FROM sbtest5 WHERE id BETWEEN 8331469 AND 8331568
	Index Scan using sbtest5_pkey on sbtest5  (cost=0.43..408.47 rows=103 width=121)
	  Index Cond: ((id >= 8331469) AND (id <= 8331568))

table 6 : explain SELECT c FROM sbtest6 WHERE id BETWEEN 1568877 AND 1568976
	Index Scan using sbtest6_pkey on sbtest6  (cost=0.43..373.07 rows=94 width=121)
	  Index Cond: ((id >= 1568877) AND (id <= 1568976))

table 7 : explain SELECT c FROM sbtest7 WHERE id BETWEEN 2873230 AND 2873329
	Index Scan using sbtest7_pkey on sbtest7  (cost=0.43..384.15 rows=97 width=121)
	  Index Cond: ((id >= 2873230) AND (id <= 2873329))

table 8 : explain SELECT c FROM sbtest8 WHERE id BETWEEN 2359100 AND 2359199
	Index Scan using sbtest8_pkey on sbtest8  (cost=0.43..359.24 rows=91 width=121)
	  Index Cond: ((id >= 2359100) AND (id <= 2359199))

for: simple_ranges
table 1 : explain SELECT c FROM sbtest1 WHERE id BETWEEN 1176322 AND 1176421
	Index Scan using sbtest1_pkey on sbtest1  (cost=0.43..403.68 rows=102 width=121)
	  Index Cond: ((id >= 1176322) AND (id <= 1176421))

table 2 : explain SELECT c FROM sbtest2 WHERE id BETWEEN 96781 AND 96880
	Index Scan using sbtest2_pkey on sbtest2  (cost=0.43..410.85 rows=103 width=121)
	  Index Cond: ((id >= 96781) AND (id <= 96880))

table 3 : explain SELECT c FROM sbtest3 WHERE id BETWEEN 3035022 AND 3035121
	Index Scan using sbtest3_pkey on sbtest3  (cost=0.43..373.32 rows=94 width=121)
	  Index Cond: ((id >= 3035022) AND (id <= 3035121))

table 4 : explain SELECT c FROM sbtest4 WHERE id BETWEEN 3633510 AND 3633609
	Index Scan using sbtest4_pkey on sbtest4  (cost=0.43..381.03 rows=96 width=121)
	  Index Cond: ((id >= 3633510) AND (id <= 3633609))

table 5 : explain SELECT c FROM sbtest5 WHERE id BETWEEN 334082 AND 334181
	Index Scan using sbtest5_pkey on sbtest5  (cost=0.43..388.84 rows=98 width=121)
	  Index Cond: ((id >= 334082) AND (id <= 334181))

table 6 : explain SELECT c FROM sbtest6 WHERE id BETWEEN 2578642 AND 2578741
	Index Scan using sbtest6_pkey on sbtest6  (cost=0.43..396.61 rows=100 width=121)
	  Index Cond: ((id >= 2578642) AND (id <= 2578741))

table 7 : explain SELECT c FROM sbtest7 WHERE id BETWEEN 7771540 AND 7771639
	Index Scan using sbtest7_pkey on sbtest7  (cost=0.43..411.54 rows=104 width=121)
	  Index Cond: ((id >= 7771540) AND (id <= 7771639))

table 8 : explain SELECT c FROM sbtest8 WHERE id BETWEEN 5818767 AND 5818866
	Index Scan using sbtest8_pkey on sbtest8  (cost=0.43..421.58 rows=107 width=121)
	  Index Cond: ((id >= 5818767) AND (id <= 5818866))

for: distinct_ranges
table 1 : explain SELECT DISTINCT c FROM sbtest1 WHERE id BETWEEN 9542194 AND 9542293 ORDER BY c
	Unique  (cost=422.90..423.43 rows=106 width=121)
	  ->  Sort  (cost=422.90..423.16 rows=106 width=121)
	        Sort Key: c
	        ->  Index Scan using sbtest1_pkey on sbtest1  (cost=0.43..419.33 rows=106 width=121)
	              Index Cond: ((id >= 9542194) AND (id <= 9542293))

table 2 : explain SELECT DISTINCT c FROM sbtest2 WHERE id BETWEEN 4765151 AND 4765250 ORDER BY c
	Unique  (cost=418.28..418.80 rows=104 width=121)
	  ->  Sort  (cost=418.28..418.54 rows=104 width=121)
	        Sort Key: c
	        ->  Index Scan using sbtest2_pkey on sbtest2  (cost=0.43..414.79 rows=104 width=121)
	              Index Cond: ((id >= 4765151) AND (id <= 4765250))

table 3 : explain SELECT DISTINCT c FROM sbtest3 WHERE id BETWEEN 5291361 AND 5291460 ORDER BY c
	Unique  (cost=443.77..444.33 rows=111 width=121)
	  ->  Sort  (cost=443.77..444.05 rows=111 width=121)
	        Sort Key: c
	        ->  Index Scan using sbtest3_pkey on sbtest3  (cost=0.43..440.00 rows=111 width=121)
	              Index Cond: ((id >= 5291361) AND (id <= 5291460))

table 4 : explain SELECT DISTINCT c FROM sbtest4 WHERE id BETWEEN 8357725 AND 8357824 ORDER BY c
	Unique  (cost=431.73..432.27 rows=108 width=121)
	  ->  Sort  (cost=431.73..432.00 rows=108 width=121)
	        Sort Key: c
	        ->  Index Scan using sbtest4_pkey on sbtest4  (cost=0.43..428.09 rows=108 width=121)
	              Index Cond: ((id >= 8357725) AND (id <= 8357824))

table 5 : explain SELECT DISTINCT c FROM sbtest5 WHERE id BETWEEN 4481798 AND 4481897 ORDER BY c
	Unique  (cost=380.20..380.67 rows=95 width=121)
	  ->  Sort  (cost=380.20..380.44 rows=95 width=121)
	        Sort Key: c
	        ->  Index Scan using sbtest5_pkey on sbtest5  (cost=0.43..377.08 rows=95 width=121)
	              Index Cond: ((id >= 4481798) AND (id <= 4481897))

table 6 : explain SELECT DISTINCT c FROM sbtest6 WHERE id BETWEEN 6949096 AND 6949195 ORDER BY c
	Unique  (cost=415.78..416.30 rows=104 width=121)
	  ->  Sort  (cost=415.78..416.04 rows=104 width=121)
	        Sort Key: c
	        ->  Index Scan using sbtest6_pkey on sbtest6  (cost=0.43..412.29 rows=104 width=121)
	              Index Cond: ((id >= 6949096) AND (id <= 6949195))

table 7 : explain SELECT DISTINCT c FROM sbtest7 WHERE id BETWEEN 5009486 AND 5009585 ORDER BY c
	Unique  (cost=403.16..403.67 rows=101 width=121)
	  ->  Sort  (cost=403.16..403.41 rows=101 width=121)
	        Sort Key: c
	        ->  Index Scan using sbtest7_pkey on sbtest7  (cost=0.43..399.80 rows=101 width=121)
	              Index Cond: ((id >= 5009486) AND (id <= 5009585))

table 8 : explain SELECT DISTINCT c FROM sbtest8 WHERE id BETWEEN 6632212 AND 6632311 ORDER BY c
	Unique  (cost=385.82..386.30 rows=97 width=121)
	  ->  Sort  (cost=385.82..386.06 rows=97 width=121)
	        Sort Key: c
	        ->  Index Scan using sbtest8_pkey on sbtest8  (cost=0.43..382.62 rows=97 width=121)
	              Index Cond: ((id >= 6632212) AND (id <= 6632311))

for: sum_ranges
table 1 : explain SELECT SUM(k) FROM sbtest1 WHERE id BETWEEN 3977170 AND 3977269
	Aggregate  (cost=372.59..372.60 rows=1 width=8)
	  ->  Index Scan using sbtest1_pkey on sbtest1  (cost=0.43..372.36 rows=94 width=4)
	        Index Cond: ((id >= 3977170) AND (id <= 3977269))

table 2 : explain SELECT SUM(k) FROM sbtest2 WHERE id BETWEEN 8743522 AND 8743621
	Aggregate  (cost=375.56..375.57 rows=1 width=8)
	  ->  Index Scan using sbtest2_pkey on sbtest2  (cost=0.43..375.33 rows=94 width=4)
	        Index Cond: ((id >= 8743522) AND (id <= 8743621))

table 3 : explain SELECT SUM(k) FROM sbtest3 WHERE id BETWEEN 484369 AND 484468
	Aggregate  (cost=389.26..389.27 rows=1 width=8)
	  ->  Index Scan using sbtest3_pkey on sbtest3  (cost=0.43..389.01 rows=98 width=4)
	        Index Cond: ((id >= 484369) AND (id <= 484468))

table 4 : explain SELECT SUM(k) FROM sbtest4 WHERE id BETWEEN 6495457 AND 6495556
	Aggregate  (cost=404.81..404.82 rows=1 width=8)
	  ->  Index Scan using sbtest4_pkey on sbtest4  (cost=0.43..404.56 rows=102 width=4)
	        Index Cond: ((id >= 6495457) AND (id <= 6495556))

table 5 : explain SELECT SUM(k) FROM sbtest5 WHERE id BETWEEN 1734014 AND 1734113
	Aggregate  (cost=389.09..389.10 rows=1 width=8)
	  ->  Index Scan using sbtest5_pkey on sbtest5  (cost=0.43..388.84 rows=98 width=4)
	        Index Cond: ((id >= 1734014) AND (id <= 1734113))

table 6 : explain SELECT SUM(k) FROM sbtest6 WHERE id BETWEEN 6802991 AND 6803090
	Aggregate  (cost=408.63..408.64 rows=1 width=8)
	  ->  Index Scan using sbtest6_pkey on sbtest6  (cost=0.43..408.37 rows=103 width=4)
	        Index Cond: ((id >= 6802991) AND (id <= 6803090))

table 7 : explain SELECT SUM(k) FROM sbtest7 WHERE id BETWEEN 9105360 AND 9105459
	Aggregate  (cost=415.71..415.72 rows=1 width=8)
	  ->  Index Scan using sbtest7_pkey on sbtest7  (cost=0.43..415.45 rows=105 width=4)
	        Index Cond: ((id >= 9105360) AND (id <= 9105459))

table 8 : explain SELECT SUM(k) FROM sbtest8 WHERE id BETWEEN 5653473 AND 5653572
	Aggregate  (cost=355.57..355.58 rows=1 width=8)
	  ->  Index Scan using sbtest8_pkey on sbtest8  (cost=0.43..355.34 rows=90 width=4)
	        Index Cond: ((id >= 5653473) AND (id <= 5653572))

for: sum_ranges
table 1 : explain SELECT SUM(k) FROM sbtest1 WHERE id BETWEEN 808214 AND 808313
	Aggregate  (cost=396.11..396.12 rows=1 width=8)
	  ->  Index Scan using sbtest1_pkey on sbtest1  (cost=0.43..395.86 rows=100 width=4)
	        Index Cond: ((id >= 808214) AND (id <= 808313))

table 2 : explain SELECT SUM(k) FROM sbtest2 WHERE id BETWEEN 6956422 AND 6956521
	Aggregate  (cost=383.48..383.49 rows=1 width=8)
	  ->  Index Scan using sbtest2_pkey on sbtest2  (cost=0.43..383.24 rows=96 width=4)
	        Index Cond: ((id >= 6956422) AND (id <= 6956521))

table 3 : explain SELECT SUM(k) FROM sbtest3 WHERE id BETWEEN 1684845 AND 1684944
	Aggregate  (cost=393.18..393.19 rows=1 width=8)
	  ->  Index Scan using sbtest3_pkey on sbtest3  (cost=0.43..392.93 rows=99 width=4)
	        Index Cond: ((id >= 1684845) AND (id <= 1684944))

table 4 : explain SELECT SUM(k) FROM sbtest4 WHERE id BETWEEN 7473157 AND 7473256
	Aggregate  (cost=428.36..428.37 rows=1 width=8)
	  ->  Index Scan using sbtest4_pkey on sbtest4  (cost=0.43..428.09 rows=108 width=4)
	        Index Cond: ((id >= 7473157) AND (id <= 7473256))

table 5 : explain SELECT SUM(k) FROM sbtest5 WHERE id BETWEEN 9917576 AND 9917675
	Aggregate  (cost=373.39..373.40 rows=1 width=8)
	  ->  Index Scan using sbtest5_pkey on sbtest5  (cost=0.43..373.16 rows=94 width=4)
	        Index Cond: ((id >= 9917576) AND (id <= 9917675))

table 6 : explain SELECT SUM(k) FROM sbtest6 WHERE id BETWEEN 8328373 AND 8328472
	Aggregate  (cost=392.94..392.95 rows=1 width=8)
	  ->  Index Scan using sbtest6_pkey on sbtest6  (cost=0.43..392.69 rows=99 width=4)
	        Index Cond: ((id >= 8328373) AND (id <= 8328472))

table 7 : explain SELECT SUM(k) FROM sbtest7 WHERE id BETWEEN 8743789 AND 8743888
	Aggregate  (cost=388.31..388.32 rows=1 width=8)
	  ->  Index Scan using sbtest7_pkey on sbtest7  (cost=0.43..388.06 rows=98 width=4)
	        Index Cond: ((id >= 8743789) AND (id <= 8743888))

table 8 : explain SELECT SUM(k) FROM sbtest8 WHERE id BETWEEN 9921977 AND 9922076
	Aggregate  (cost=378.96..378.97 rows=1 width=8)
	  ->  Index Scan using sbtest8_pkey on sbtest8  (cost=0.43..378.72 rows=96 width=4)
	        Index Cond: ((id >= 9921977) AND (id <= 9922076))

for: sum_ranges
table 1 : explain SELECT SUM(k) FROM sbtest1 WHERE id BETWEEN 2384732 AND 2384831
	Aggregate  (cost=411.77..411.78 rows=1 width=8)
	  ->  Index Scan using sbtest1_pkey on sbtest1  (cost=0.43..411.51 rows=104 width=4)
	        Index Cond: ((id >= 2384732) AND (id <= 2384831))

table 2 : explain SELECT SUM(k) FROM sbtest2 WHERE id BETWEEN 4872702 AND 4872801
	Aggregate  (cost=395.32..395.33 rows=1 width=8)
	  ->  Index Scan using sbtest2_pkey on sbtest2  (cost=0.43..395.07 rows=99 width=4)
	        Index Cond: ((id >= 4872702) AND (id <= 4872801))

table 3 : explain SELECT SUM(k) FROM sbtest3 WHERE id BETWEEN 4959448 AND 4959547
	Aggregate  (cost=420.66..420.67 rows=1 width=8)
	  ->  Index Scan using sbtest3_pkey on sbtest3  (cost=0.43..420.39 rows=106 width=4)
	        Index Cond: ((id >= 4959448) AND (id <= 4959547))

table 4 : explain SELECT SUM(k) FROM sbtest4 WHERE id BETWEEN 8072476 AND 8072575
	Aggregate  (cost=440.13..440.14 rows=1 width=8)
	  ->  Index Scan using sbtest4_pkey on sbtest4  (cost=0.43..439.85 rows=111 width=4)
	        Index Cond: ((id >= 8072476) AND (id <= 8072575))

table 5 : explain SELECT SUM(k) FROM sbtest5 WHERE id BETWEEN 2800769 AND 2800868
	Aggregate  (cost=412.65..412.66 rows=1 width=8)
	  ->  Index Scan using sbtest5_pkey on sbtest5  (cost=0.43..412.39 rows=104 width=4)
	        Index Cond: ((id >= 2800769) AND (id <= 2800868))

table 6 : explain SELECT SUM(k) FROM sbtest6 WHERE id BETWEEN 2298983 AND 2299082
	Aggregate  (cost=396.86..396.87 rows=1 width=8)
	  ->  Index Scan using sbtest6_pkey on sbtest6  (cost=0.43..396.61 rows=100 width=4)
	        Index Cond: ((id >= 2298983) AND (id <= 2299082))

table 7 : explain SELECT SUM(k) FROM sbtest7 WHERE id BETWEEN 4066255 AND 4066354
	Aggregate  (cost=396.14..396.15 rows=1 width=8)
	  ->  Index Scan using sbtest7_pkey on sbtest7  (cost=0.43..395.89 rows=100 width=4)
	        Index Cond: ((id >= 4066255) AND (id <= 4066354))

table 8 : explain SELECT SUM(k) FROM sbtest8 WHERE id BETWEEN 9244706 AND 9244805
	Aggregate  (cost=417.95..417.96 rows=1 width=8)
	  ->  Index Scan using sbtest8_pkey on sbtest8  (cost=0.43..417.69 rows=106 width=4)
	        Index Cond: ((id >= 9244706) AND (id <= 9244805))

for: order_ranges
table 1 : explain SELECT c FROM sbtest1 WHERE id BETWEEN 8040370 AND 8040469 ORDER BY c
	Sort  (cost=403.13..403.38 rows=101 width=121)
	  Sort Key: c
	  ->  Index Scan using sbtest1_pkey on sbtest1  (cost=0.43..399.77 rows=101 width=121)
	        Index Cond: ((id >= 8040370) AND (id <= 8040469))

table 2 : explain SELECT c FROM sbtest2 WHERE id BETWEEN 2721605 AND 2721704 ORDER BY c
	Sort  (cost=370.44..370.67 rows=92 width=121)
	  Sort Key: c
	  ->  Index Scan using sbtest2_pkey on sbtest2  (cost=0.43..367.44 rows=92 width=121)
	        Index Cond: ((id >= 2721605) AND (id <= 2721704))

table 3 : explain SELECT c FROM sbtest3 WHERE id BETWEEN 7272677 AND 7272776 ORDER BY c
	Sort  (cost=400.18..400.43 rows=100 width=121)
	  Sort Key: c
	  ->  Index Scan using sbtest3_pkey on sbtest3  (cost=0.43..396.86 rows=100 width=121)
	        Index Cond: ((id >= 7272677) AND (id <= 7272776))

table 4 : explain SELECT c FROM sbtest4 WHERE id BETWEEN 9477929 AND 9478028 ORDER BY c
	Sort  (cost=404.00..404.25 rows=101 width=121)
	  Sort Key: c
	  ->  Index Scan using sbtest4_pkey on sbtest4  (cost=0.43..400.64 rows=101 width=121)
	        Index Cond: ((id >= 9477929) AND (id <= 9478028))

table 5 : explain SELECT c FROM sbtest5 WHERE id BETWEEN 6735570 AND 6735669 ORDER BY c
	Sort  (cost=400.03..400.28 rows=100 width=121)
	  Sort Key: c
	  ->  Index Scan using sbtest5_pkey on sbtest5  (cost=0.43..396.71 rows=100 width=121)
	        Index Cond: ((id >= 6735570) AND (id <= 6735669))

table 6 : explain SELECT c FROM sbtest6 WHERE id BETWEEN 3031711 AND 3031810 ORDER BY c
	Sort  (cost=403.89..404.15 rows=101 width=121)
	  Sort Key: c
	  ->  Index Scan using sbtest6_pkey on sbtest6  (cost=0.43..400.53 rows=101 width=121)
	        Index Cond: ((id >= 3031711) AND (id <= 3031810))

table 7 : explain SELECT c FROM sbtest7 WHERE id BETWEEN 5273074 AND 5273173 ORDER BY c
	Sort  (cost=343.85..344.06 rows=86 width=121)
	  Sort Key: c
	  ->  Index Scan using sbtest7_pkey on sbtest7  (cost=0.43..341.08 rows=86 width=121)
	        Index Cond: ((id >= 5273074) AND (id <= 5273173))

table 8 : explain SELECT c FROM sbtest8 WHERE id BETWEEN 4668753 AND 4668852 ORDER BY c
	Sort  (cost=385.82..386.06 rows=97 width=121)
	  Sort Key: c
	  ->  Index Scan using sbtest8_pkey on sbtest8  (cost=0.43..382.62 rows=97 width=121)
	        Index Cond: ((id >= 4668753) AND (id <= 4668852))

for: order_ranges
table 1 : explain SELECT c FROM sbtest1 WHERE id BETWEEN 5941281 AND 5941380 ORDER BY c
	Sort  (cost=411.04..411.29 rows=103 width=121)
	  Sort Key: c
	  ->  Index Scan using sbtest1_pkey on sbtest1  (cost=0.43..407.59 rows=103 width=121)
	        Index Cond: ((id >= 5941281) AND (id <= 5941380))

table 2 : explain SELECT c FROM sbtest2 WHERE id BETWEEN 7852923 AND 7853022 ORDER BY c
	Sort  (cost=426.25..426.51 rows=106 width=121)
	  Sort Key: c
	  ->  Index Scan using sbtest2_pkey on sbtest2  (cost=0.43..422.68 rows=106 width=121)
	        Index Cond: ((id >= 7852923) AND (id <= 7853022))

table 3 : explain SELECT c FROM sbtest3 WHERE id BETWEEN 1977324 AND 1977423 ORDER BY c
	Sort  (cost=419.99..420.26 rows=105 width=121)
	  Sort Key: c
	  ->  Index Scan using sbtest3_pkey on sbtest3  (cost=0.43..416.47 rows=105 width=121)
	        Index Cond: ((id >= 1977324) AND (id <= 1977423))

table 4 : explain SELECT c FROM sbtest4 WHERE id BETWEEN 8317338 AND 8317437 ORDER BY c
	Sort  (cost=431.73..432.00 rows=108 width=121)
	  Sort Key: c
	  ->  Index Scan using sbtest4_pkey on sbtest4  (cost=0.43..428.09 rows=108 width=121)
	        Index Cond: ((id >= 8317338) AND (id <= 8317437))

table 5 : explain SELECT c FROM sbtest5 WHERE id BETWEEN 7285993 AND 7286092 ORDER BY c
	Sort  (cost=447.57..447.85 rows=112 width=121)
	  Sort Key: c
	  ->  Index Scan using sbtest5_pkey on sbtest5  (cost=0.43..443.76 rows=112 width=121)
	        Index Cond: ((id >= 7285993) AND (id <= 7286092))

table 6 : explain SELECT c FROM sbtest6 WHERE id BETWEEN 9252605 AND 9252704 ORDER BY c
	Sort  (cost=392.01..392.26 rows=98 width=121)
	  Sort Key: c
	  ->  Index Scan using sbtest6_pkey on sbtest6  (cost=0.43..388.77 rows=98 width=121)
	        Index Cond: ((id >= 9252605) AND (id <= 9252704))

table 7 : explain SELECT c FROM sbtest7 WHERE id BETWEEN 3599796 AND 3599895 ORDER BY c
	Sort  (cost=371.54..371.77 rows=93 width=121)
	  Sort Key: c
	  ->  Index Scan using sbtest7_pkey on sbtest7  (cost=0.43..368.50 rows=93 width=121)
	        Index Cond: ((id >= 3599796) AND (id <= 3599895))

table 8 : explain SELECT c FROM sbtest8 WHERE id BETWEEN 2449474 AND 2449573 ORDER BY c
	Sort  (cost=413.38..413.64 rows=104 width=121)
	  Sort Key: c
	  ->  Index Scan using sbtest8_pkey on sbtest8  (cost=0.43..409.89 rows=104 width=121)
	        Index Cond: ((id >= 2449474) AND (id <= 2449573))

for: order_ranges
table 1 : explain SELECT c FROM sbtest1 WHERE id BETWEEN 6532285 AND 6532384 ORDER BY c
	Sort  (cost=442.66..442.94 rows=111 width=121)
	  Sort Key: c
	  ->  Index Scan using sbtest1_pkey on sbtest1  (cost=0.43..438.89 rows=111 width=121)
	        Index Cond: ((id >= 6532285) AND (id <= 6532384))

table 2 : explain SELECT c FROM sbtest2 WHERE id BETWEEN 9774524 AND 9774623 ORDER BY c
	Sort  (cost=406.32..406.58 rows=101 width=121)
	  Sort Key: c
	  ->  Index Scan using sbtest2_pkey on sbtest2  (cost=0.43..402.96 rows=101 width=121)
	        Index Cond: ((id >= 9774524) AND (id <= 9774623))

table 3 : explain SELECT c FROM sbtest3 WHERE id BETWEEN 9580688 AND 9580787 ORDER BY c
	Sort  (cost=384.33..384.57 rows=96 width=121)
	  Sort Key: c
	  ->  Index Scan using sbtest3_pkey on sbtest3  (cost=0.43..381.17 rows=96 width=121)
	        Index Cond: ((id >= 9580688) AND (id <= 9580787))

table 4 : explain SELECT c FROM sbtest4 WHERE id BETWEEN 2672643 AND 2672742 ORDER BY c
	Sort  (cost=396.08..396.32 rows=99 width=121)
	  Sort Key: c
	  ->  Index Scan using sbtest4_pkey on sbtest4  (cost=0.43..392.80 rows=99 width=121)
	        Index Cond: ((id >= 2672643) AND (id <= 2672742))

table 5 : explain SELECT c FROM sbtest5 WHERE id BETWEEN 3258650 AND 3258749 ORDER BY c
	Sort  (cost=427.76..428.03 rows=107 width=121)
	  Sort Key: c
	  ->  Index Scan using sbtest5_pkey on sbtest5  (cost=0.43..424.16 rows=107 width=121)
	        Index Cond: ((id >= 3258650) AND (id <= 3258749))

table 6 : explain SELECT c FROM sbtest6 WHERE id BETWEEN 4597865 AND 4597964 ORDER BY c
	Sort  (cost=427.66..427.93 rows=107 width=121)
	  Sort Key: c
	  ->  Index Scan using sbtest6_pkey on sbtest6  (cost=0.43..424.05 rows=107 width=121)
	        Index Cond: ((id >= 4597865) AND (id <= 4597964))

table 7 : explain SELECT c FROM sbtest7 WHERE id BETWEEN 9694455 AND 9694554 ORDER BY c
	Sort  (cost=422.93..423.19 rows=106 width=121)
	  Sort Key: c
	  ->  Index Scan using sbtest7_pkey on sbtest7  (cost=0.43..419.36 rows=106 width=121)
	        Index Cond: ((id >= 9694455) AND (id <= 9694554))

table 8 : explain SELECT c FROM sbtest8 WHERE id BETWEEN 8262070 AND 8262169 ORDER BY c
	Sort  (cost=421.25..421.52 rows=106 width=121)
	  Sort Key: c
	  ->  Index Scan using sbtest8_pkey on sbtest8  (cost=0.43..417.69 rows=106 width=121)
	        Index Cond: ((id >= 8262070) AND (id <= 8262169))

for: distinct_ranges
table 1 : explain SELECT DISTINCT c FROM sbtest1 WHERE id BETWEEN 8237419 AND 8237518 ORDER BY c
	Unique  (cost=355.68..356.12 rows=89 width=121)
	  ->  Sort  (cost=355.68..355.90 rows=89 width=121)
	        Sort Key: c
	        ->  Index Scan using sbtest1_pkey on sbtest1  (cost=0.43..352.79 rows=89 width=121)
	              Index Cond: ((id >= 8237419) AND (id <= 8237518))

table 2 : explain SELECT DISTINCT c FROM sbtest2 WHERE id BETWEEN 5548736 AND 5548835 ORDER BY c
	Unique  (cost=374.43..374.89 rows=93 width=121)
	  ->  Sort  (cost=374.43..374.66 rows=93 width=121)
	        Sort Key: c
	        ->  Index Scan using sbtest2_pkey on sbtest2  (cost=0.43..371.39 rows=93 width=121)
	              Index Cond: ((id >= 5548736) AND (id <= 5548835))

table 3 : explain SELECT DISTINCT c FROM sbtest3 WHERE id BETWEEN 2141692 AND 2141791 ORDER BY c
	Unique  (cost=396.22..396.71 rows=99 width=121)
	  ->  Sort  (cost=396.22..396.46 rows=99 width=121)
	        Sort Key: c
	        ->  Index Scan using sbtest3_pkey on sbtest3  (cost=0.43..392.93 rows=99 width=121)
	              Index Cond: ((id >= 2141692) AND (id <= 2141791))

table 4 : explain SELECT DISTINCT c FROM sbtest4 WHERE id BETWEEN 5842395 AND 5842494 ORDER BY c
	Unique  (cost=400.04..400.54 rows=100 width=121)
	  ->  Sort  (cost=400.04..400.29 rows=100 width=121)
	        Sort Key: c
	        ->  Index Scan using sbtest4_pkey on sbtest4  (cost=0.43..396.72 rows=100 width=121)
	              Index Cond: ((id >= 5842395) AND (id <= 5842494))

table 5 : explain SELECT DISTINCT c FROM sbtest5 WHERE id BETWEEN 7541531 AND 7541630 ORDER BY c
	Unique  (cost=368.32..368.78 rows=92 width=121)
	  ->  Sort  (cost=368.32..368.55 rows=92 width=121)
	        Sort Key: c
	        ->  Index Scan using sbtest5_pkey on sbtest5  (cost=0.43..365.32 rows=92 width=121)
	              Index Cond: ((id >= 7541531) AND (id <= 7541630))

table 6 : explain SELECT DISTINCT c FROM sbtest6 WHERE id BETWEEN 9758877 AND 9758976 ORDER BY c
	Unique  (cost=407.85..408.36 rows=102 width=121)
	  ->  Sort  (cost=407.85..408.11 rows=102 width=121)
	        Sort Key: c
	        ->  Index Scan using sbtest6_pkey on sbtest6  (cost=0.43..404.45 rows=102 width=121)
	              Index Cond: ((id >= 9758877) AND (id <= 9758976))

table 7 : explain SELECT DISTINCT c FROM sbtest7 WHERE id BETWEEN 4315996 AND 4316095 ORDER BY c
	Unique  (cost=418.98..419.50 rows=105 width=121)
	  ->  Sort  (cost=418.98..419.24 rows=105 width=121)
	        Sort Key: c
	        ->  Index Scan using sbtest7_pkey on sbtest7  (cost=0.43..415.45 rows=105 width=121)
	              Index Cond: ((id >= 4315996) AND (id <= 4316095))

table 8 : explain SELECT DISTINCT c FROM sbtest8 WHERE id BETWEEN 5416932 AND 5417031 ORDER BY c
	Unique  (cost=377.95..378.42 rows=95 width=121)
	  ->  Sort  (cost=377.95..378.18 rows=95 width=121)
	        Sort Key: c
	        ->  Index Scan using sbtest8_pkey on sbtest8  (cost=0.43..374.82 rows=95 width=121)
	              Index Cond: ((id >= 5416932) AND (id <= 5417031))

for: distinct_ranges
table 1 : explain SELECT DISTINCT c FROM sbtest1 WHERE id BETWEEN 6141496 AND 6141595 ORDER BY c
	Unique  (cost=395.23..395.72 rows=99 width=121)
	  ->  Sort  (cost=395.23..395.47 rows=99 width=121)
	        Sort Key: c
	        ->  Index Scan using sbtest1_pkey on sbtest1  (cost=0.43..391.94 rows=99 width=121)
	              Index Cond: ((id >= 6141496) AND (id <= 6141595))

table 2 : explain SELECT DISTINCT c FROM sbtest2 WHERE id BETWEEN 6449477 AND 6449576 ORDER BY c
	Unique  (cost=390.38..390.87 rows=97 width=121)
	  ->  Sort  (cost=390.38..390.63 rows=97 width=121)
	        Sort Key: c
	        ->  Index Scan using sbtest2_pkey on sbtest2  (cost=0.43..387.18 rows=97 width=121)
	              Index Cond: ((id >= 6449477) AND (id <= 6449576))

table 3 : explain SELECT DISTINCT c FROM sbtest3 WHERE id BETWEEN 3529045 AND 3529144 ORDER BY c
	Unique  (cost=388.29..388.77 rows=97 width=121)
	  ->  Sort  (cost=388.29..388.53 rows=97 width=121)
	        Sort Key: c
	        ->  Index Scan using sbtest3_pkey on sbtest3  (cost=0.43..385.09 rows=97 width=121)
	              Index Cond: ((id >= 3529045) AND (id <= 3529144))

table 4 : explain SELECT DISTINCT c FROM sbtest4 WHERE id BETWEEN 2747086 AND 2747185 ORDER BY c
	Unique  (cost=396.08..396.57 rows=99 width=121)
	  ->  Sort  (cost=396.08..396.32 rows=99 width=121)
	        Sort Key: c
	        ->  Index Scan using sbtest4_pkey on sbtest4  (cost=0.43..392.80 rows=99 width=121)
	              Index Cond: ((id >= 2747086) AND (id <= 2747185))

table 5 : explain SELECT DISTINCT c FROM sbtest5 WHERE id BETWEEN 2569267 AND 2569366 ORDER BY c
	Unique  (cost=400.03..400.53 rows=100 width=121)
	  ->  Sort  (cost=400.03..400.28 rows=100 width=121)
	        Sort Key: c
	        ->  Index Scan using sbtest5_pkey on sbtest5  (cost=0.43..396.71 rows=100 width=121)
	              Index Cond: ((id >= 2569267) AND (id <= 2569366))

table 6 : explain SELECT DISTINCT c FROM sbtest6 WHERE id BETWEEN 2495483 AND 2495582 ORDER BY c
	Unique  (cost=399.93..400.43 rows=100 width=121)
	  ->  Sort  (cost=399.93..400.18 rows=100 width=121)
	        Sort Key: c
	        ->  Index Scan using sbtest6_pkey on sbtest6  (cost=0.43..396.61 rows=100 width=121)
	              Index Cond: ((id >= 2495483) AND (id <= 2495582))

table 7 : explain SELECT DISTINCT c FROM sbtest7 WHERE id BETWEEN 1268303 AND 1268402 ORDER BY c
	Unique  (cost=351.75..352.19 rows=88 width=121)
	  ->  Sort  (cost=351.75..351.97 rows=88 width=121)
	        Sort Key: c
	        ->  Index Scan using sbtest7_pkey on sbtest7  (cost=0.43..348.91 rows=88 width=121)
	              Index Cond: ((id >= 1268303) AND (id <= 1268402))

table 8 : explain SELECT DISTINCT c FROM sbtest8 WHERE id BETWEEN 5921737 AND 5921836 ORDER BY c
	Unique  (cost=389.76..390.25 rows=98 width=121)
	  ->  Sort  (cost=389.76..390.00 rows=98 width=121)
	        Sort Key: c
	        ->  Index Scan using sbtest8_pkey on sbtest8  (cost=0.43..386.51 rows=98 width=121)
	              Index Cond: ((id >= 5921737) AND (id <= 5921836))

for: distinct_ranges
table 1 : explain SELECT DISTINCT c FROM sbtest1 WHERE id BETWEEN 712785 AND 712884 ORDER BY c
	Unique  (cost=387.32..387.81 rows=97 width=121)
	  ->  Sort  (cost=387.32..387.56 rows=97 width=121)
	        Sort Key: c
	        ->  Index Scan using sbtest1_pkey on sbtest1  (cost=0.43..384.12 rows=97 width=121)
	              Index Cond: ((id >= 712785) AND (id <= 712884))

table 2 : explain SELECT DISTINCT c FROM sbtest2 WHERE id BETWEEN 3072829 AND 3072928 ORDER BY c
	Unique  (cost=406.32..406.83 rows=101 width=121)
	  ->  Sort  (cost=406.32..406.58 rows=101 width=121)
	        Sort Key: c
	        ->  Index Scan using sbtest2_pkey on sbtest2  (cost=0.43..402.96 rows=101 width=121)
	              Index Cond: ((id >= 3072829) AND (id <= 3072928))

table 3 : explain SELECT DISTINCT c FROM sbtest3 WHERE id BETWEEN 4043598 AND 4043697 ORDER BY c
	Unique  (cost=376.40..376.87 rows=94 width=121)
	  ->  Sort  (cost=376.40..376.64 rows=94 width=121)
	        Sort Key: c
	        ->  Index Scan using sbtest3_pkey on sbtest3  (cost=0.43..373.32 rows=94 width=121)
	              Index Cond: ((id >= 4043598) AND (id <= 4043697))

table 4 : explain SELECT DISTINCT c FROM sbtest4 WHERE id BETWEEN 422139 AND 422238 ORDER BY c
	Unique  (cost=419.85..420.37 rows=105 width=121)
	  ->  Sort  (cost=419.85..420.11 rows=105 width=121)
	        Sort Key: c
	        ->  Index Scan using sbtest4_pkey on sbtest4  (cost=0.43..416.32 rows=105 width=121)
	              Index Cond: ((id >= 422139) AND (id <= 422238))

table 5 : explain SELECT DISTINCT c FROM sbtest5 WHERE id BETWEEN 7309229 AND 7309328 ORDER BY c
	Unique  (cost=427.76..428.30 rows=107 width=121)
	  ->  Sort  (cost=427.76..428.03 rows=107 width=121)
	        Sort Key: c
	        ->  Index Scan using sbtest5_pkey on sbtest5  (cost=0.43..424.16 rows=107 width=121)
	              Index Cond: ((id >= 7309229) AND (id <= 7309328))

table 6 : explain SELECT DISTINCT c FROM sbtest6 WHERE id BETWEEN 9905982 AND 9906081 ORDER BY c
	Unique  (cost=431.62..432.16 rows=108 width=121)
	  ->  Sort  (cost=431.62..431.89 rows=108 width=121)
	        Sort Key: c
	        ->  Index Scan using sbtest6_pkey on sbtest6  (cost=0.43..427.97 rows=108 width=121)
	              Index Cond: ((id >= 9905982) AND (id <= 9906081))

table 7 : explain SELECT DISTINCT c FROM sbtest7 WHERE id BETWEEN 6592034 AND 6592133 ORDER BY c
	Unique  (cost=434.79..435.33 rows=109 width=121)
	  ->  Sort  (cost=434.79..435.06 rows=109 width=121)
	        Sort Key: c
	        ->  Index Scan using sbtest7_pkey on sbtest7  (cost=0.43..431.10 rows=109 width=121)
	              Index Cond: ((id >= 6592034) AND (id <= 6592133))

table 8 : explain SELECT DISTINCT c FROM sbtest8 WHERE id BETWEEN 1378545 AND 1378644 ORDER BY c
	Unique  (cost=405.50..406.01 rows=102 width=121)
	  ->  Sort  (cost=405.50..405.76 rows=102 width=121)
	        Sort Key: c
	        ->  Index Scan using sbtest8_pkey on sbtest8  (cost=0.43..402.10 rows=102 width=121)
	              Index Cond: ((id >= 1378545) AND (id <= 1378644))

Threads started!

Warming up for 5 seconds...

SQL statistics:
    queries performed:
        read:                            257461353
        write:                           0
        other:                           36780208
        total:                           294241561
    transactions:                        18390123 (29190.32 per sec.)
    queries:                             294241561 (467044.43 per sec.)
    ignored errors:                      0      (0.00 per sec.)
    reconnects:                          0      (0.00 per sec.)

Throughput:
    events/s (eps):                      29190.3170
    time elapsed:                        630.0078s
    total number of events:              18390123

Latency (ms):
         min:                                    1.13
         avg:                                    1.37
         max:                                   25.51
         95th percentile:                        1.42
         sum:                             25182447.68

Threads fairness:
    events (avg/stddev):           459752.6500/2143.87
    execution time (avg/stddev):   629.5612/0.01

