LUA_PATH=/home/mdcallag/git/mytools/bench/sysbench.lua/lua/?.lua /home/mdcallag/git/mytools/bench/sysbench.lua/lua/sysbench --db-driver=pgsql --range-size=1000 --table-size=10000000 --tables=8 --threads=40 --events=0 --warmup-time=5 --time=630 --pgsql_conn_id=true /home/mdcallag/git/mytools/bench/sysbench.lua/lua/oltp_read_only.lua run --pgsql-user=root --pgsql-password=pw --pgsql-host=127.0.0.1 --pgsql-db=ib --rand-type=uniform --simple-ranges=1 --sum-ranges=0 --order-ranges=0 --distinct-ranges=0
48 CPUs
sysbench 1.1.0-9072687 (using bundled LuaJIT 2.1.0-beta3)

Running the test with following options:
Number of threads: 40
Warmup time: 5s
Initializing random number generator from current time


Initializing worker threads...

explain: for point_selects :: explain SELECT c FROM sbtest%u WHERE id=%u
explain: for point_selects :: explain SELECT c FROM sbtest%u WHERE id=%u
explain: for point_selects :: explain SELECT c FROM sbtest%u WHERE id=%u
explain: for point_selects :: explain SELECT c FROM sbtest%u WHERE id=%u
explain: for point_selects :: explain SELECT c FROM sbtest%u WHERE id=%u
explain: for point_selects :: explain SELECT c FROM sbtest%u WHERE id=%u
for point_selects
table 1 : explain SELECT c FROM sbtest1 WHERE id=1600140
	Index Scan using sbtest1_pkey on sbtest1  (cost=0.43..8.45 rows=1 width=121)
	  Index Cond: (id = 1600140)

table 2 : explain SELECT c FROM sbtest2 WHERE id=9567777
	Index Scan using sbtest2_pkey on sbtest2  (cost=0.43..8.45 rows=1 width=121)
	  Index Cond: (id = 9567777)

table 3 : explain SELECT c FROM sbtest3 WHERE id=483144
	Index Scan using sbtest3_pkey on sbtest3  (cost=0.43..8.45 rows=1 width=121)
	  Index Cond: (id = 483144)

table 4 : explain SELECT c FROM sbtest4 WHERE id=9419578
	Index Scan using sbtest4_pkey on sbtest4  (cost=0.43..8.45 rows=1 width=121)
	  Index Cond: (id = 9419578)

table 5 : explain SELECT c FROM sbtest5 WHERE id=4252839
	Index Scan using sbtest5_pkey on sbtest5  (cost=0.43..8.45 rows=1 width=121)
	  Index Cond: (id = 4252839)

table 6 : explain SELECT c FROM sbtest6 WHERE id=2267242
	Index Scan using sbtest6_pkey on sbtest6  (cost=0.43..8.45 rows=1 width=121)
	  Index Cond: (id = 2267242)

table 7 : explain SELECT c FROM sbtest7 WHERE id=3220447
	Index Scan using sbtest7_pkey on sbtest7  (cost=0.43..8.45 rows=1 width=121)
	  Index Cond: (id = 3220447)

table 8 : explain SELECT c FROM sbtest8 WHERE id=6396846
	Index Scan using sbtest8_pkey on sbtest8  (cost=0.43..8.45 rows=1 width=121)
	  Index Cond: (id = 6396846)

explain: for point_selects :: explain SELECT c FROM sbtest%u WHERE id=%u
for point_selects
table 1 : explain SELECT c FROM sbtest1 WHERE id=3315575
	Index Scan using sbtest1_pkey on sbtest1  (cost=0.43..8.45 rows=1 width=121)
	  Index Cond: (id = 3315575)

table 2 : explain SELECT c FROM sbtest2 WHERE id=3826283
	Index Scan using sbtest2_pkey on sbtest2  (cost=0.43..8.45 rows=1 width=121)
	  Index Cond: (id = 3826283)

table 3 : explain SELECT c FROM sbtest3 WHERE id=7870794
	Index Scan using sbtest3_pkey on sbtest3  (cost=0.43..8.45 rows=1 width=121)
	  Index Cond: (id = 7870794)

table 4 : explain SELECT c FROM sbtest4 WHERE id=8513147
	Index Scan using sbtest4_pkey on sbtest4  (cost=0.43..8.45 rows=1 width=121)
	  Index Cond: (id = 8513147)

table 5 : explain SELECT c FROM sbtest5 WHERE id=2816697
	Index Scan using sbtest5_pkey on sbtest5  (cost=0.43..8.45 rows=1 width=121)
	  Index Cond: (id = 2816697)

table 6 : explain SELECT c FROM sbtest6 WHERE id=4251686
	Index Scan using sbtest6_pkey on sbtest6  (cost=0.43..8.45 rows=1 width=121)
	  Index Cond: (id = 4251686)

table 7 : explain SELECT c FROM sbtest7 WHERE id=9053670
	Index Scan using sbtest7_pkey on sbtest7  (cost=0.43..8.45 rows=1 width=121)
	  Index Cond: (id = 9053670)

table 8 : explain SELECT c FROM sbtest8 WHERE id=5883854
	Index Scan using sbtest8_pkey on sbtest8  (cost=0.43..8.45 rows=1 width=121)
	  Index Cond: (id = 5883854)

explain: for point_selects :: explain SELECT c FROM sbtest%u WHERE id=%u
for point_selects
table 1 : explain SELECT c FROM sbtest1 WHERE id=7927844
	Index Scan using sbtest1_pkey on sbtest1  (cost=0.43..8.45 rows=1 width=121)
	  Index Cond: (id = 7927844)

table 2 : explain SELECT c FROM sbtest2 WHERE id=5769505
	Index Scan using sbtest2_pkey on sbtest2  (cost=0.43..8.45 rows=1 width=121)
	  Index Cond: (id = 5769505)

table 3 : explain SELECT c FROM sbtest3 WHERE id=8625524
	Index Scan using sbtest3_pkey on sbtest3  (cost=0.43..8.45 rows=1 width=121)
	  Index Cond: (id = 8625524)

table 4 : explain SELECT c FROM sbtest4 WHERE id=625357
	Index Scan using sbtest4_pkey on sbtest4  (cost=0.43..8.45 rows=1 width=121)
	  Index Cond: (id = 625357)

table 5 : explain SELECT c FROM sbtest5 WHERE id=2623408
	Index Scan using sbtest5_pkey on sbtest5  (cost=0.43..8.45 rows=1 width=121)
	  Index Cond: (id = 2623408)

table 6 : explain SELECT c FROM sbtest6 WHERE id=3077961
	Index Scan using sbtest6_pkey on sbtest6  (cost=0.43..8.45 rows=1 width=121)
	  Index Cond: (id = 3077961)

table 7 : explain SELECT c FROM sbtest7 WHERE id=3496241
	Index Scan using sbtest7_pkey on sbtest7  (cost=0.43..8.45 rows=1 width=121)
	  Index Cond: (id = 3496241)

table 8 : explain SELECT c FROM sbtest8 WHERE id=9268987
	Index Scan using sbtest8_pkey on sbtest8  (cost=0.43..8.45 rows=1 width=121)
	  Index Cond: (id = 9268987)

for point_selects
table 1 : explain SELECT c FROM sbtest1 WHERE id=7519832
	Index Scan using sbtest1_pkey on sbtest1  (cost=0.43..8.45 rows=1 width=121)
	  Index Cond: (id = 7519832)

table 2 : explain SELECT c FROM sbtest2 WHERE id=8178321
	Index Scan using sbtest2_pkey on sbtest2  (cost=0.43..8.45 rows=1 width=121)
	  Index Cond: (id = 8178321)

table 3 : explain SELECT c FROM sbtest3 WHERE id=9276440
	Index Scan using sbtest3_pkey on sbtest3  (cost=0.43..8.45 rows=1 width=121)
	  Index Cond: (id = 9276440)

table 4 : explain SELECT c FROM sbtest4 WHERE id=7397840
	Index Scan using sbtest4_pkey on sbtest4  (cost=0.43..8.45 rows=1 width=121)
	  Index Cond: (id = 7397840)

table 5 : explain SELECT c FROM sbtest5 WHERE id=5156433
	Index Scan using sbtest5_pkey on sbtest5  (cost=0.43..8.45 rows=1 width=121)
	  Index Cond: (id = 5156433)

table 6 : explain SELECT c FROM sbtest6 WHERE id=2100848
	Index Scan using sbtest6_pkey on sbtest6  (cost=0.43..8.45 rows=1 width=121)
	  Index Cond: (id = 2100848)

table 7 : explain SELECT c FROM sbtest7 WHERE id=6007158
	Index Scan using sbtest7_pkey on sbtest7  (cost=0.43..8.45 rows=1 width=121)
	  Index Cond: (id = 6007158)

table 8 : explain SELECT c FROM sbtest8 WHERE id=6447227
	Index Scan using sbtest8_pkey on sbtest8  (cost=0.43..8.45 rows=1 width=121)
	  Index Cond: (id = 6447227)

for point_selects
table 1 : explain SELECT c FROM sbtest1 WHERE id=2631692
	Index Scan using sbtest1_pkey on sbtest1  (cost=0.43..8.45 rows=1 width=121)
	  Index Cond: (id = 2631692)

table 2 : explain SELECT c FROM sbtest2 WHERE id=6947700
	Index Scan using sbtest2_pkey on sbtest2  (cost=0.43..8.45 rows=1 width=121)
	  Index Cond: (id = 6947700)

table 3 : explain SELECT c FROM sbtest3 WHERE id=4233549
	Index Scan using sbtest3_pkey on sbtest3  (cost=0.43..8.45 rows=1 width=121)
	  Index Cond: (id = 4233549)

table 4 : explain SELECT c FROM sbtest4 WHERE id=6395313
	Index Scan using sbtest4_pkey on sbtest4  (cost=0.43..8.45 rows=1 width=121)
	  Index Cond: (id = 6395313)

table 5 : explain SELECT c FROM sbtest5 WHERE id=208123
	Index Scan using sbtest5_pkey on sbtest5  (cost=0.43..8.45 rows=1 width=121)
	  Index Cond: (id = 208123)

table 6 : explain SELECT c FROM sbtest6 WHERE id=1333828
	Index Scan using sbtest6_pkey on sbtest6  (cost=0.43..8.45 rows=1 width=121)
	  Index Cond: (id = 1333828)

table 7 : explain SELECT c FROM sbtest7 WHERE id=9309045
	Index Scan using sbtest7_pkey on sbtest7  (cost=0.43..8.45 rows=1 width=121)
	  Index Cond: (id = 9309045)

table 8 : explain SELECT c FROM sbtest8 WHERE id=6212247
	Index Scan using sbtest8_pkey on sbtest8  (cost=0.43..8.45 rows=1 width=121)
	  Index Cond: (id = 6212247)

for: simple_ranges
table 1 : explain SELECT c FROM sbtest1 WHERE id BETWEEN 9640098 AND 9641097
	Bitmap Heap Scan on sbtest1  (cost=35.39..4137.97 rows=1069 width=121)
	  Recheck Cond: ((id >= 9640098) AND (id <= 9641097))
	  ->  Bitmap Index Scan on sbtest1_pkey  (cost=0.00..35.12 rows=1069 width=0)
	        Index Cond: ((id >= 9640098) AND (id <= 9641097))

table 2 : explain SELECT c FROM sbtest2 WHERE id BETWEEN 6073442 AND 6074441
	Bitmap Heap Scan on sbtest2  (cost=34.34..3748.65 rows=966 width=121)
	  Recheck Cond: ((id >= 6073442) AND (id <= 6074441))
	  ->  Bitmap Index Scan on sbtest2_pkey  (cost=0.00..34.09 rows=966 width=0)
	        Index Cond: ((id >= 6073442) AND (id <= 6074441))

table 3 : explain SELECT c FROM sbtest3 WHERE id BETWEEN 3639366 AND 3640365
	Bitmap Heap Scan on sbtest3  (cost=34.52..3819.26 rows=984 width=121)
	  Recheck Cond: ((id >= 3639366) AND (id <= 3640365))
	  ->  Bitmap Index Scan on sbtest3_pkey  (cost=0.00..34.28 rows=984 width=0)
	        Index Cond: ((id >= 3639366) AND (id <= 3640365))

table 4 : explain SELECT c FROM sbtest4 WHERE id BETWEEN 1794654 AND 1795653
	Bitmap Heap Scan on sbtest4  (cost=34.38..3768.94 rows=970 width=121)
	  Recheck Cond: ((id >= 1794654) AND (id <= 1795653))
	  ->  Bitmap Index Scan on sbtest4_pkey  (cost=0.00..34.14 rows=970 width=0)
	        Index Cond: ((id >= 1794654) AND (id <= 1795653))

table 5 : explain SELECT c FROM sbtest5 WHERE id BETWEEN 8425678 AND 8426677
	Bitmap Heap Scan on sbtest5  (cost=35.07..4017.59 rows=1038 width=121)
	  Recheck Cond: ((id >= 8425678) AND (id <= 8426677))
	  ->  Bitmap Index Scan on sbtest5_pkey  (cost=0.00..34.82 rows=1038 width=0)
	        Index Cond: ((id >= 8425678) AND (id <= 8426677))

table 6 : explain SELECT c FROM sbtest6 WHERE id BETWEEN 4372328 AND 4373327
	Bitmap Heap Scan on sbtest6  (cost=29.54..3449.98 rows=888 width=121)
	  Recheck Cond: ((id >= 4372328) AND (id <= 4373327))
	  ->  Bitmap Index Scan on sbtest6_pkey  (cost=0.00..29.32 rows=888 width=0)
	        Index Cond: ((id >= 4372328) AND (id <= 4373327))

table 7 : explain SELECT c FROM sbtest7 WHERE id BETWEEN 8967163 AND 8968162
	Bitmap Heap Scan on sbtest7  (cost=39.90..4336.15 rows=1119 width=121)
	  Recheck Cond: ((id >= 8967163) AND (id <= 8968162))
	  ->  Bitmap Index Scan on sbtest7_pkey  (cost=0.00..39.62 rows=1119 width=0)
	        Index Cond: ((id >= 8967163) AND (id <= 8968162))

table 8 : explain SELECT c FROM sbtest8 WHERE id BETWEEN 8390065 AND 8391064
	Index Scan using sbtest8_pkey on sbtest8  (cost=0.43..3742.86 rows=955 width=121)
	  Index Cond: ((id >= 8390065) AND (id <= 8391064))

for point_selects
table 1 : explain SELECT c FROM sbtest1 WHERE id=7274292
	Index Scan using sbtest1_pkey on sbtest1  (cost=0.43..8.45 rows=1 width=121)
	  Index Cond: (id = 7274292)

table 2 : explain SELECT c FROM sbtest2 WHERE id=6879048
	Index Scan using sbtest2_pkey on sbtest2  (cost=0.43..8.45 rows=1 width=121)
	  Index Cond: (id = 6879048)

table 3 : explain SELECT c FROM sbtest3 WHERE id=5307780
	Index Scan using sbtest3_pkey on sbtest3  (cost=0.43..8.45 rows=1 width=121)
	  Index Cond: (id = 5307780)

table 4 : explain SELECT c FROM sbtest4 WHERE id=4404593
	Index Scan using sbtest4_pkey on sbtest4  (cost=0.43..8.45 rows=1 width=121)
	  Index Cond: (id = 4404593)

table 5 : explain SELECT c FROM sbtest5 WHERE id=738103
	Index Scan using sbtest5_pkey on sbtest5  (cost=0.43..8.45 rows=1 width=121)
	  Index Cond: (id = 738103)

table 6 : explain SELECT c FROM sbtest6 WHERE id=5760876
	Index Scan using sbtest6_pkey on sbtest6  (cost=0.43..8.45 rows=1 width=121)
	  Index Cond: (id = 5760876)

table 7 : explain SELECT c FROM sbtest7 WHERE id=3438402
	Index Scan using sbtest7_pkey on sbtest7  (cost=0.43..8.45 rows=1 width=121)
	  Index Cond: (id = 3438402)

table 8 : explain SELECT c FROM sbtest8 WHERE id=7490293
	Index Scan using sbtest8_pkey on sbtest8  (cost=0.43..8.45 rows=1 width=121)
	  Index Cond: (id = 7490293)

for: simple_ranges
table 1 : explain SELECT c FROM sbtest1 WHERE id BETWEEN 8714164 AND 8715163
	Bitmap Heap Scan on sbtest1  (cost=34.06..3647.50 rows=939 width=121)
	  Recheck Cond: ((id >= 8714164) AND (id <= 8715163))
	  ->  Bitmap Index Scan on sbtest1_pkey  (cost=0.00..33.83 rows=939 width=0)
	        Index Cond: ((id >= 8714164) AND (id <= 8715163))

table 2 : explain SELECT c FROM sbtest2 WHERE id BETWEEN 1928149 AND 1929148
	Bitmap Heap Scan on sbtest2  (cost=34.31..3737.32 rows=963 width=121)
	  Recheck Cond: ((id >= 1928149) AND (id <= 1929148))
	  ->  Bitmap Index Scan on sbtest2_pkey  (cost=0.00..34.07 rows=963 width=0)
	        Index Cond: ((id >= 1928149) AND (id <= 1929148))

table 3 : explain SELECT c FROM sbtest3 WHERE id BETWEEN 3116935 AND 3117934
	Bitmap Heap Scan on sbtest3  (cost=34.12..3671.82 rows=945 width=121)
	  Recheck Cond: ((id >= 3116935) AND (id <= 3117934))
	  ->  Bitmap Index Scan on sbtest3_pkey  (cost=0.00..33.89 rows=945 width=0)
	        Index Cond: ((id >= 3116935) AND (id <= 3117934))

table 4 : explain SELECT c FROM sbtest4 WHERE id BETWEEN 3528669 AND 3529668
	Bitmap Heap Scan on sbtest4  (cost=34.60..3852.16 rows=992 width=121)
	  Recheck Cond: ((id >= 3528669) AND (id <= 3529668))
	  ->  Bitmap Index Scan on sbtest4_pkey  (cost=0.00..34.36 rows=992 width=0)
	        Index Cond: ((id >= 3528669) AND (id <= 3529668))

table 5 : explain SELECT c FROM sbtest5 WHERE id BETWEEN 6274810 AND 6275809
	Bitmap Heap Scan on sbtest5  (cost=34.84..3931.00 rows=1015 width=121)
	  Recheck Cond: ((id >= 6274810) AND (id <= 6275809))
	  ->  Bitmap Index Scan on sbtest5_pkey  (cost=0.00..34.59 rows=1015 width=0)
	        Index Cond: ((id >= 6274810) AND (id <= 6275809))

table 6 : explain SELECT c FROM sbtest6 WHERE id BETWEEN 6518609 AND 6519608
	Bitmap Heap Scan on sbtest6  (cost=29.60..3472.70 rows=894 width=121)
	  Recheck Cond: ((id >= 6518609) AND (id <= 6519608))
	  ->  Bitmap Index Scan on sbtest6_pkey  (cost=0.00..29.37 rows=894 width=0)
	        Index Cond: ((id >= 6518609) AND (id <= 6519608))

table 7 : explain SELECT c FROM sbtest7 WHERE id BETWEEN 2239309 AND 2240308
	Bitmap Heap Scan on sbtest7  (cost=39.88..4328.62 rows=1117 width=121)
	  Recheck Cond: ((id >= 2239309) AND (id <= 2240308))
	  ->  Bitmap Index Scan on sbtest7_pkey  (cost=0.00..39.61 rows=1117 width=0)
	        Index Cond: ((id >= 2239309) AND (id <= 2240308))

table 8 : explain SELECT c FROM sbtest8 WHERE id BETWEEN 6303502 AND 6304501
	Index Scan using sbtest8_pkey on sbtest8  (cost=0.43..3840.30 rows=980 width=121)
	  Index Cond: ((id >= 6303502) AND (id <= 6304501))

for: simple_ranges
table 1 : explain SELECT c FROM sbtest1 WHERE id BETWEEN 3449079 AND 3450078
	Bitmap Heap Scan on sbtest1  (cost=34.66..3870.36 rows=998 width=121)
	  Recheck Cond: ((id >= 3449079) AND (id <= 3450078))
	  ->  Bitmap Index Scan on sbtest1_pkey  (cost=0.00..34.42 rows=998 width=0)
	        Index Cond: ((id >= 3449079) AND (id <= 3450078))

table 2 : explain SELECT c FROM sbtest2 WHERE id BETWEEN 6598911 AND 6599910
	Bitmap Heap Scan on sbtest2  (cost=40.16..4419.11 rows=1144 width=121)
	  Recheck Cond: ((id >= 6598911) AND (id <= 6599910))
	  ->  Bitmap Index Scan on sbtest2_pkey  (cost=0.00..39.88 rows=1144 width=0)
	        Index Cond: ((id >= 6598911) AND (id <= 6599910))

table 3 : explain SELECT c FROM sbtest3 WHERE id BETWEEN 6721621 AND 6722620
	Bitmap Heap Scan on sbtest3  (cost=29.28..3357.18 rows=863 width=121)
	  Recheck Cond: ((id >= 6721621) AND (id <= 6722620))
	  ->  Bitmap Index Scan on sbtest3_pkey  (cost=0.00..29.07 rows=863 width=0)
	        Index Cond: ((id >= 6721621) AND (id <= 6722620))

table 4 : explain SELECT c FROM sbtest4 WHERE id BETWEEN 4600904 AND 4601903
	Bitmap Heap Scan on sbtest4  (cost=34.97..3988.20 rows=1028 width=121)
	  Recheck Cond: ((id >= 4600904) AND (id <= 4601903))
	  ->  Bitmap Index Scan on sbtest4_pkey  (cost=0.00..34.72 rows=1028 width=0)
	        Index Cond: ((id >= 4600904) AND (id <= 4601903))

table 5 : explain SELECT c FROM sbtest5 WHERE id BETWEEN 5835408 AND 5836407
	Bitmap Heap Scan on sbtest5  (cost=33.94..3599.07 rows=927 width=121)
	  Recheck Cond: ((id >= 5835408) AND (id <= 5836407))
	  ->  Bitmap Index Scan on sbtest5_pkey  (cost=0.00..33.70 rows=927 width=0)
	        Index Cond: ((id >= 5835408) AND (id <= 5836407))

table 6 : explain SELECT c FROM sbtest6 WHERE id BETWEEN 4609100 AND 4610099
	Bitmap Heap Scan on sbtest6  (cost=35.38..4133.54 rows=1068 width=121)
	  Recheck Cond: ((id >= 4609100) AND (id <= 4610099))
	  ->  Bitmap Index Scan on sbtest6_pkey  (cost=0.00..35.12 rows=1068 width=0)
	        Index Cond: ((id >= 4609100) AND (id <= 4610099))

table 7 : explain SELECT c FROM sbtest7 WHERE id BETWEEN 6110446 AND 6111445
	Bitmap Heap Scan on sbtest7  (cost=33.88..3583.96 rows=921 width=121)
	  Recheck Cond: ((id >= 6110446) AND (id <= 6111445))
	  ->  Bitmap Index Scan on sbtest7_pkey  (cost=0.00..33.65 rows=921 width=0)
	        Index Cond: ((id >= 6110446) AND (id <= 6111445))

table 8 : explain SELECT c FROM sbtest8 WHERE id BETWEEN 3605403 AND 3606402
	Index Scan using sbtest8_pkey on sbtest8  (cost=0.43..3707.79 rows=946 width=121)
	  Index Cond: ((id >= 3605403) AND (id <= 3606402))

for: simple_ranges
table 1 : explain SELECT c FROM sbtest1 WHERE id BETWEEN 1481110 AND 1482109
	Bitmap Heap Scan on sbtest1  (cost=29.48..3427.76 rows=882 width=121)
	  Recheck Cond: ((id >= 1481110) AND (id <= 1482109))
	  ->  Bitmap Index Scan on sbtest1_pkey  (cost=0.00..29.25 rows=882 width=0)
	        Index Cond: ((id >= 1481110) AND (id <= 1482109))

table 2 : explain SELECT c FROM sbtest2 WHERE id BETWEEN 9968315 AND 9969314
	Bitmap Heap Scan on sbtest2  (cost=35.23..4076.71 rows=1053 width=121)
	  Recheck Cond: ((id >= 9968315) AND (id <= 9969314))
	  ->  Bitmap Index Scan on sbtest2_pkey  (cost=0.00..34.97 rows=1053 width=0)
	        Index Cond: ((id >= 9968315) AND (id <= 9969314))

table 3 : explain SELECT c FROM sbtest3 WHERE id BETWEEN 9546009 AND 9547008
	Bitmap Heap Scan on sbtest3  (cost=34.25..3720.99 rows=958 width=121)
	  Recheck Cond: ((id >= 9546009) AND (id <= 9547008))
	  ->  Bitmap Index Scan on sbtest3_pkey  (cost=0.00..34.02 rows=958 width=0)
	        Index Cond: ((id >= 9546009) AND (id <= 9547008))

table 4 : explain SELECT c FROM sbtest4 WHERE id BETWEEN 3006922 AND 3007921
	Bitmap Heap Scan on sbtest4  (cost=40.70..4625.04 rows=1197 width=121)
	  Recheck Cond: ((id >= 3006922) AND (id <= 3007921))
	  ->  Bitmap Index Scan on sbtest4_pkey  (cost=0.00..40.41 rows=1197 width=0)
	        Index Cond: ((id >= 3006922) AND (id <= 3007921))

table 5 : explain SELECT c FROM sbtest5 WHERE id BETWEEN 7544495 AND 7545494
	Bitmap Heap Scan on sbtest5  (cost=33.83..3561.28 rows=917 width=121)
	  Recheck Cond: ((id >= 7544495) AND (id <= 7545494))
	  ->  Bitmap Index Scan on sbtest5_pkey  (cost=0.00..33.61 rows=917 width=0)
	        Index Cond: ((id >= 7544495) AND (id <= 7545494))

table 6 : explain SELECT c FROM sbtest6 WHERE id BETWEEN 9508327 AND 9509326
	Bitmap Heap Scan on sbtest6  (cost=35.47..4167.41 rows=1077 width=121)
	  Recheck Cond: ((id >= 9508327) AND (id <= 9509326))
	  ->  Bitmap Index Scan on sbtest6_pkey  (cost=0.00..35.20 rows=1077 width=0)
	        Index Cond: ((id >= 9508327) AND (id <= 9509326))

table 7 : explain SELECT c FROM sbtest7 WHERE id BETWEEN 7320605 AND 7321604
	Bitmap Heap Scan on sbtest7  (cost=34.07..3655.97 rows=940 width=121)
	  Recheck Cond: ((id >= 7320605) AND (id <= 7321604))
	  ->  Bitmap Index Scan on sbtest7_pkey  (cost=0.00..33.84 rows=940 width=0)
	        Index Cond: ((id >= 7320605) AND (id <= 7321604))

table 8 : explain SELECT c FROM sbtest8 WHERE id BETWEEN 7763707 AND 7764706
	Index Scan using sbtest8_pkey on sbtest8  (cost=0.43..3848.10 rows=982 width=121)
	  Index Cond: ((id >= 7763707) AND (id <= 7764706))

for: simple_ranges
table 1 : explain SELECT c FROM sbtest1 WHERE id BETWEEN 8626142 AND 8627141
	Bitmap Heap Scan on sbtest1  (cost=34.46..3794.86 rows=978 width=121)
	  Recheck Cond: ((id >= 8626142) AND (id <= 8627141))
	  ->  Bitmap Index Scan on sbtest1_pkey  (cost=0.00..34.22 rows=978 width=0)
	        Index Cond: ((id >= 8626142) AND (id <= 8627141))

table 2 : explain SELECT c FROM sbtest2 WHERE id BETWEEN 2074077 AND 2075076
	Bitmap Heap Scan on sbtest2  (cost=35.33..4114.35 rows=1063 width=121)
	  Recheck Cond: ((id >= 2074077) AND (id <= 2075076))
	  ->  Bitmap Index Scan on sbtest2_pkey  (cost=0.00..35.07 rows=1063 width=0)
	        Index Cond: ((id >= 2074077) AND (id <= 2075076))

table 3 : explain SELECT c FROM sbtest3 WHERE id BETWEEN 5083131 AND 5084130
	Bitmap Heap Scan on sbtest3  (cost=34.59..3845.70 rows=991 width=121)
	  Recheck Cond: ((id >= 5083131) AND (id <= 5084130))
	  ->  Bitmap Index Scan on sbtest3_pkey  (cost=0.00..34.34 rows=991 width=0)
	        Index Cond: ((id >= 5083131) AND (id <= 5084130))

table 4 : explain SELECT c FROM sbtest4 WHERE id BETWEEN 4256341 AND 4257340
	Bitmap Heap Scan on sbtest4  (cost=29.72..3522.52 rows=906 width=121)
	  Recheck Cond: ((id >= 4256341) AND (id <= 4257340))
	  ->  Bitmap Index Scan on sbtest4_pkey  (cost=0.00..29.50 rows=906 width=0)
	        Index Cond: ((id >= 4256341) AND (id <= 4257340))

table 5 : explain SELECT c FROM sbtest5 WHERE id BETWEEN 1854198 AND 1855197
	Bitmap Heap Scan on sbtest5  (cost=35.37..4126.67 rows=1067 width=121)
	  Recheck Cond: ((id >= 1854198) AND (id <= 1855197))
	  ->  Bitmap Index Scan on sbtest5_pkey  (cost=0.00..35.11 rows=1067 width=0)
	        Index Cond: ((id >= 1854198) AND (id <= 1855197))

table 6 : explain SELECT c FROM sbtest6 WHERE id BETWEEN 2207125 AND 2208124
	Bitmap Heap Scan on sbtest6  (cost=35.64..4227.60 rows=1093 width=121)
	  Recheck Cond: ((id >= 2207125) AND (id <= 2208124))
	  ->  Bitmap Index Scan on sbtest6_pkey  (cost=0.00..35.37 rows=1093 width=0)
	        Index Cond: ((id >= 2207125) AND (id <= 2208124))

table 7 : explain SELECT c FROM sbtest7 WHERE id BETWEEN 338674 AND 339673
	Bitmap Heap Scan on sbtest7  (cost=34.34..3754.43 rows=966 width=121)
	  Recheck Cond: ((id >= 338674) AND (id <= 339673))
	  ->  Bitmap Index Scan on sbtest7_pkey  (cost=0.00..34.09 rows=966 width=0)
	        Index Cond: ((id >= 338674) AND (id <= 339673))

table 8 : explain SELECT c FROM sbtest8 WHERE id BETWEEN 8211623 AND 8212622
	Bitmap Heap Scan on sbtest8  (cost=35.27..4096.59 rows=1057 width=121)
	  Recheck Cond: ((id >= 8211623) AND (id <= 8212622))
	  ->  Bitmap Index Scan on sbtest8_pkey  (cost=0.00..35.01 rows=1057 width=0)
	        Index Cond: ((id >= 8211623) AND (id <= 8212622))

explain: for point_selects :: explain SELECT c FROM sbtest%u WHERE id=%u
for: simple_ranges
table 1 : explain SELECT c FROM sbtest1 WHERE id BETWEEN 3462408 AND 3463407
	Bitmap Heap Scan on sbtest1  (cost=34.66..3870.36 rows=998 width=121)
	  Recheck Cond: ((id >= 3462408) AND (id <= 3463407))
	  ->  Bitmap Index Scan on sbtest1_pkey  (cost=0.00..34.42 rows=998 width=0)
	        Index Cond: ((id >= 3462408) AND (id <= 3463407))

table 2 : explain SELECT c FROM sbtest2 WHERE id BETWEEN 9487490 AND 9488489
	Bitmap Heap Scan on sbtest2  (cost=34.79..3914.68 rows=1010 width=121)
	  Recheck Cond: ((id >= 9487490) AND (id <= 9488489))
	  ->  Bitmap Index Scan on sbtest2_pkey  (cost=0.00..34.54 rows=1010 width=0)
	        Index Cond: ((id >= 9487490) AND (id <= 9488489))

table 3 : explain SELECT c FROM sbtest3 WHERE id BETWEEN 3999732 AND 4000731
	Bitmap Heap Scan on sbtest3  (cost=34.05..3645.33 rows=938 width=121)
	  Recheck Cond: ((id >= 3999732) AND (id <= 4000731))
	  ->  Bitmap Index Scan on sbtest3_pkey  (cost=0.00..33.82 rows=938 width=0)
	        Index Cond: ((id >= 3999732) AND (id <= 4000731))

table 4 : explain SELECT c FROM sbtest4 WHERE id BETWEEN 8748703 AND 8749702
	Bitmap Heap Scan on sbtest4  (cost=34.33..3750.02 rows=965 width=121)
	  Recheck Cond: ((id >= 8748703) AND (id <= 8749702))
	  ->  Bitmap Index Scan on sbtest4_pkey  (cost=0.00..34.09 rows=965 width=0)
	        Index Cond: ((id >= 8748703) AND (id <= 8749702))

table 5 : explain SELECT c FROM sbtest5 WHERE id BETWEEN 7093244 AND 7094243
	Bitmap Heap Scan on sbtest5  (cost=35.56..4194.33 rows=1085 width=121)
	  Recheck Cond: ((id >= 7093244) AND (id <= 7094243))
	  ->  Bitmap Index Scan on sbtest5_pkey  (cost=0.00..35.29 rows=1085 width=0)
	        Index Cond: ((id >= 7093244) AND (id <= 7094243))

table 6 : explain SELECT c FROM sbtest6 WHERE id BETWEEN 1725322 AND 1726321
	Bitmap Heap Scan on sbtest6  (cost=35.18..4058.24 rows=1048 width=121)
	  Recheck Cond: ((id >= 1725322) AND (id <= 1726321))
	  ->  Bitmap Index Scan on sbtest6_pkey  (cost=0.00..34.92 rows=1048 width=0)
	        Index Cond: ((id >= 1725322) AND (id <= 1726321))

table 7 : explain SELECT c FROM sbtest7 WHERE id BETWEEN 8393956 AND 8394955
	Bitmap Heap Scan on sbtest7  (cost=34.37..3765.78 rows=969 width=121)
	  Recheck Cond: ((id >= 8393956) AND (id <= 8394955))
	  ->  Bitmap Index Scan on sbtest7_pkey  (cost=0.00..34.12 rows=969 width=0)
	        Index Cond: ((id >= 8393956) AND (id <= 8394955))

table 8 : explain SELECT c FROM sbtest8 WHERE id BETWEEN 3249170 AND 3250169
	Index Scan using sbtest8_pkey on sbtest8  (cost=0.43..3836.41 rows=979 width=121)
	  Index Cond: ((id >= 3249170) AND (id <= 3250169))

explain: for point_selects :: explain SELECT c FROM sbtest%u WHERE id=%u
explain: for point_selects :: explain SELECT c FROM sbtest%u WHERE id=%u
explain: for point_selects :: explain SELECT c FROM sbtest%u WHERE id=%u
for point_selects
table 1 : explain SELECT c FROM sbtest1 WHERE id=8924311
	Index Scan using sbtest1_pkey on sbtest1  (cost=0.43..8.45 rows=1 width=121)
	  Index Cond: (id = 8924311)

table 2 : explain SELECT c FROM sbtest2 WHERE id=9226084
	Index Scan using sbtest2_pkey on sbtest2  (cost=0.43..8.45 rows=1 width=121)
	  Index Cond: (id = 9226084)

table 3 : explain SELECT c FROM sbtest3 WHERE id=2161617
	Index Scan using sbtest3_pkey on sbtest3  (cost=0.43..8.45 rows=1 width=121)
	  Index Cond: (id = 2161617)

table 4 : explain SELECT c FROM sbtest4 WHERE id=8594816
	Index Scan using sbtest4_pkey on sbtest4  (cost=0.43..8.45 rows=1 width=121)
	  Index Cond: (id = 8594816)

table 5 : explain SELECT c FROM sbtest5 WHERE id=9290051
	Index Scan using sbtest5_pkey on sbtest5  (cost=0.43..8.45 rows=1 width=121)
	  Index Cond: (id = 9290051)

table 6 : explain SELECT c FROM sbtest6 WHERE id=2754662
	Index Scan using sbtest6_pkey on sbtest6  (cost=0.43..8.45 rows=1 width=121)
	  Index Cond: (id = 2754662)

table 7 : explain SELECT c FROM sbtest7 WHERE id=1059505
	Index Scan using sbtest7_pkey on sbtest7  (cost=0.43..8.45 rows=1 width=121)
	  Index Cond: (id = 1059505)

table 8 : explain SELECT c FROM sbtest8 WHERE id=6982126
	Index Scan using sbtest8_pkey on sbtest8  (cost=0.43..8.45 rows=1 width=121)
	  Index Cond: (id = 6982126)

for point_selects
table 1 : explain SELECT c FROM sbtest1 WHERE id=3856851
	Index Scan using sbtest1_pkey on sbtest1  (cost=0.43..8.45 rows=1 width=121)
	  Index Cond: (id = 3856851)

table 2 : explain SELECT c FROM sbtest2 WHERE id=884437
	Index Scan using sbtest2_pkey on sbtest2  (cost=0.43..8.45 rows=1 width=121)
	  Index Cond: (id = 884437)

table 3 : explain SELECT c FROM sbtest3 WHERE id=7683117
	Index Scan using sbtest3_pkey on sbtest3  (cost=0.43..8.45 rows=1 width=121)
	  Index Cond: (id = 7683117)

table 4 : explain SELECT c FROM sbtest4 WHERE id=8036376
	Index Scan using sbtest4_pkey on sbtest4  (cost=0.43..8.45 rows=1 width=121)
	  Index Cond: (id = 8036376)

table 5 : explain SELECT c FROM sbtest5 WHERE id=3417780
	Index Scan using sbtest5_pkey on sbtest5  (cost=0.43..8.45 rows=1 width=121)
	  Index Cond: (id = 3417780)

table 6 : explain SELECT c FROM sbtest6 WHERE id=5724254
	Index Scan using sbtest6_pkey on sbtest6  (cost=0.43..8.45 rows=1 width=121)
	  Index Cond: (id = 5724254)

table 7 : explain SELECT c FROM sbtest7 WHERE id=614489
	Index Scan using sbtest7_pkey on sbtest7  (cost=0.43..8.45 rows=1 width=121)
	  Index Cond: (id = 614489)

table 8 : explain SELECT c FROM sbtest8 WHERE id=8106489
	Index Scan using sbtest8_pkey on sbtest8  (cost=0.43..8.45 rows=1 width=121)
	  Index Cond: (id = 8106489)

explain: for point_selects :: explain SELECT c FROM sbtest%u WHERE id=%u
for: simple_ranges
table 1 : explain SELECT c FROM sbtest1 WHERE id BETWEEN 3477495 AND 3478494
	Bitmap Heap Scan on sbtest1  (cost=39.80..4292.47 rows=1109 width=121)
	  Recheck Cond: ((id >= 3477495) AND (id <= 3478494))
	  ->  Bitmap Index Scan on sbtest1_pkey  (cost=0.00..39.53 rows=1109 width=0)
	        Index Cond: ((id >= 3477495) AND (id <= 3478494))

table 2 : explain SELECT c FROM sbtest2 WHERE id BETWEEN 8513399 AND 8514398
	Bitmap Heap Scan on sbtest2  (cost=33.87..3574.81 rows=920 width=121)
	  Recheck Cond: ((id >= 8513399) AND (id <= 8514398))
	  ->  Bitmap Index Scan on sbtest2_pkey  (cost=0.00..33.64 rows=920 width=0)
	        Index Cond: ((id >= 8513399) AND (id <= 8514398))

table 3 : explain SELECT c FROM sbtest3 WHERE id BETWEEN 9376976 AND 9377975
	Bitmap Heap Scan on sbtest3  (cost=29.61..3478.51 rows=895 width=121)
	  Recheck Cond: ((id >= 9376976) AND (id <= 9377975))
	  ->  Bitmap Index Scan on sbtest3_pkey  (cost=0.00..29.39 rows=895 width=0)
	        Index Cond: ((id >= 9376976) AND (id <= 9377975))

table 4 : explain SELECT c FROM sbtest4 WHERE id BETWEEN 9831088 AND 9832087
	Bitmap Heap Scan on sbtest4  (cost=34.49..3810.56 rows=981 width=121)
	  Recheck Cond: ((id >= 9831088) AND (id <= 9832087))
	  ->  Bitmap Index Scan on sbtest4_pkey  (cost=0.00..34.25 rows=981 width=0)
	        Index Cond: ((id >= 9831088) AND (id <= 9832087))

table 5 : explain SELECT c FROM sbtest5 WHERE id BETWEEN 5556478 AND 5557477
	Bitmap Heap Scan on sbtest5  (cost=29.59..3466.54 rows=893 width=121)
	  Recheck Cond: ((id >= 5556478) AND (id <= 5557477))
	  ->  Bitmap Index Scan on sbtest5_pkey  (cost=0.00..29.36 rows=893 width=0)
	        Index Cond: ((id >= 5556478) AND (id <= 5557477))

table 6 : explain SELECT c FROM sbtest6 WHERE id BETWEEN 5681557 AND 5682556
	Bitmap Heap Scan on sbtest6  (cost=34.69..3877.31 rows=1000 width=121)
	  Recheck Cond: ((id >= 5681557) AND (id <= 5682556))
	  ->  Bitmap Index Scan on sbtest6_pkey  (cost=0.00..34.44 rows=1000 width=0)
	        Index Cond: ((id >= 5681557) AND (id <= 5682556))

table 7 : explain SELECT c FROM sbtest7 WHERE id BETWEEN 2436158 AND 2437157
	Bitmap Heap Scan on sbtest7  (cost=34.36..3762.00 rows=968 width=121)
	  Recheck Cond: ((id >= 2436158) AND (id <= 2437157))
	  ->  Bitmap Index Scan on sbtest7_pkey  (cost=0.00..34.12 rows=968 width=0)
	        Index Cond: ((id >= 2436158) AND (id <= 2437157))

table 8 : explain SELECT c FROM sbtest8 WHERE id BETWEEN 1422338 AND 1423337
	Index Scan using sbtest8_pkey on sbtest8  (cost=0.43..3501.11 rows=894 width=121)
	  Index Cond: ((id >= 1422338) AND (id <= 1423337))

for point_selects
table 1 : explain SELECT c FROM sbtest1 WHERE id=9370473
	Index Scan using sbtest1_pkey on sbtest1  (cost=0.43..8.45 rows=1 width=121)
	  Index Cond: (id = 9370473)

table 2 : explain SELECT c FROM sbtest2 WHERE id=4359356
	Index Scan using sbtest2_pkey on sbtest2  (cost=0.43..8.45 rows=1 width=121)
	  Index Cond: (id = 4359356)

table 3 : explain SELECT c FROM sbtest3 WHERE id=43445
	Index Scan using sbtest3_pkey on sbtest3  (cost=0.43..8.45 rows=1 width=121)
	  Index Cond: (id = 43445)

table 4 : explain SELECT c FROM sbtest4 WHERE id=8387749
	Index Scan using sbtest4_pkey on sbtest4  (cost=0.43..8.45 rows=1 width=121)
	  Index Cond: (id = 8387749)

table 5 : explain SELECT c FROM sbtest5 WHERE id=7205926
	Index Scan using sbtest5_pkey on sbtest5  (cost=0.43..8.45 rows=1 width=121)
	  Index Cond: (id = 7205926)

table 6 : explain SELECT c FROM sbtest6 WHERE id=7506477
	Index Scan using sbtest6_pkey on sbtest6  (cost=0.43..8.45 rows=1 width=121)
	  Index Cond: (id = 7506477)

table 7 : explain SELECT c FROM sbtest7 WHERE id=8429122
	Index Scan using sbtest7_pkey on sbtest7  (cost=0.43..8.45 rows=1 width=121)
	  Index Cond: (id = 8429122)

table 8 : explain SELECT c FROM sbtest8 WHERE id=1982486
	Index Scan using sbtest8_pkey on sbtest8  (cost=0.43..8.45 rows=1 width=121)
	  Index Cond: (id = 1982486)

explain: for point_selects :: explain SELECT c FROM sbtest%u WHERE id=%u
explain: for point_selects :: explain SELECT c FROM sbtest%u WHERE id=%u
for point_selects
table 1 : explain SELECT c FROM sbtest1 WHERE id=9503930
	Index Scan using sbtest1_pkey on sbtest1  (cost=0.43..8.45 rows=1 width=121)
	  Index Cond: (id = 9503930)

table 2 : explain SELECT c FROM sbtest2 WHERE id=2757218
	Index Scan using sbtest2_pkey on sbtest2  (cost=0.43..8.45 rows=1 width=121)
	  Index Cond: (id = 2757218)

table 3 : explain SELECT c FROM sbtest3 WHERE id=1245067
	Index Scan using sbtest3_pkey on sbtest3  (cost=0.43..8.45 rows=1 width=121)
	  Index Cond: (id = 1245067)

table 4 : explain SELECT c FROM sbtest4 WHERE id=9936698
	Index Scan using sbtest4_pkey on sbtest4  (cost=0.43..8.45 rows=1 width=121)
	  Index Cond: (id = 9936698)

table 5 : explain SELECT c FROM sbtest5 WHERE id=5272818
	Index Scan using sbtest5_pkey on sbtest5  (cost=0.43..8.45 rows=1 width=121)
	  Index Cond: (id = 5272818)

table 6 : explain SELECT c FROM sbtest6 WHERE id=6031532
	Index Scan using sbtest6_pkey on sbtest6  (cost=0.43..8.45 rows=1 width=121)
	  Index Cond: (id = 6031532)

table 7 : explain SELECT c FROM sbtest7 WHERE id=9407131
	Index Scan using sbtest7_pkey on sbtest7  (cost=0.43..8.45 rows=1 width=121)
	  Index Cond: (id = 9407131)

table 8 : explain SELECT c FROM sbtest8 WHERE id=3384926
	Index Scan using sbtest8_pkey on sbtest8  (cost=0.43..8.45 rows=1 width=121)
	  Index Cond: (id = 3384926)

for: simple_ranges
table 1 : explain SELECT c FROM sbtest1 WHERE id BETWEEN 1127142 AND 1128141
	Bitmap Heap Scan on sbtest1  (cost=34.94..3972.20 rows=1025 width=121)
	  Recheck Cond: ((id >= 1127142) AND (id <= 1128141))
	  ->  Bitmap Index Scan on sbtest1_pkey  (cost=0.00..34.69 rows=1025 width=0)
	        Index Cond: ((id >= 1127142) AND (id <= 1128141))

table 2 : explain SELECT c FROM sbtest2 WHERE id BETWEEN 3366338 AND 3367337
	Bitmap Heap Scan on sbtest2  (cost=29.07..3275.38 rows=842 width=121)
	  Recheck Cond: ((id >= 3366338) AND (id <= 3367337))
	  ->  Bitmap Index Scan on sbtest2_pkey  (cost=0.00..28.86 rows=842 width=0)
	        Index Cond: ((id >= 3366338) AND (id <= 3367337))

table 3 : explain SELECT c FROM sbtest3 WHERE id BETWEEN 8853095 AND 8854094
	Bitmap Heap Scan on sbtest3  (cost=33.99..3622.63 rows=932 width=121)
	  Recheck Cond: ((id >= 8853095) AND (id <= 8854094))
	  ->  Bitmap Index Scan on sbtest3_pkey  (cost=0.00..33.76 rows=932 width=0)
	        Index Cond: ((id >= 8853095) AND (id <= 8854094))

table 4 : explain SELECT c FROM sbtest4 WHERE id BETWEEN 6391250 AND 6392249
	Bitmap Heap Scan on sbtest4  (cost=34.59..3848.38 rows=991 width=121)
	  Recheck Cond: ((id >= 6391250) AND (id <= 6392249))
	  ->  Bitmap Index Scan on sbtest4_pkey  (cost=0.00..34.34 rows=991 width=0)
	        Index Cond: ((id >= 6391250) AND (id <= 6392249))

table 5 : explain SELECT c FROM sbtest5 WHERE id BETWEEN 420174 AND 421173
	Bitmap Heap Scan on sbtest5  (cost=34.85..3934.77 rows=1016 width=121)
	  Recheck Cond: ((id >= 420174) AND (id <= 421173))
	  ->  Bitmap Index Scan on sbtest5_pkey  (cost=0.00..34.59 rows=1016 width=0)
	        Index Cond: ((id >= 420174) AND (id <= 421173))

table 6 : explain SELECT c FROM sbtest6 WHERE id BETWEEN 2183077 AND 2184076
	Bitmap Heap Scan on sbtest6  (cost=35.30..4103.43 rows=1060 width=121)
	  Recheck Cond: ((id >= 2183077) AND (id <= 2184076))
	  ->  Bitmap Index Scan on sbtest6_pkey  (cost=0.00..35.04 rows=1060 width=0)
	        Index Cond: ((id >= 2183077) AND (id <= 2184076))

table 7 : explain SELECT c FROM sbtest7 WHERE id BETWEEN 627553 AND 628552
	Bitmap Heap Scan on sbtest7  (cost=34.90..3962.43 rows=1021 width=121)
	  Recheck Cond: ((id >= 627553) AND (id <= 628552))
	  ->  Bitmap Index Scan on sbtest7_pkey  (cost=0.00..34.65 rows=1021 width=0)
	        Index Cond: ((id >= 627553) AND (id <= 628552))

table 8 : explain SELECT c FROM sbtest8 WHERE id BETWEEN 6756709 AND 6757708
	Bitmap Heap Scan on sbtest8  (cost=35.20..4070.19 rows=1050 width=121)
	  Recheck Cond: ((id >= 6756709) AND (id <= 6757708))
	  ->  Bitmap Index Scan on sbtest8_pkey  (cost=0.00..34.94 rows=1050 width=0)
	        Index Cond: ((id >= 6756709) AND (id <= 6757708))

for: simple_ranges
table 1 : explain SELECT c FROM sbtest1 WHERE id BETWEEN 3538109 AND 3539108
	Bitmap Heap Scan on sbtest1  (cost=39.80..4292.47 rows=1109 width=121)
	  Recheck Cond: ((id >= 3538109) AND (id <= 3539108))
	  ->  Bitmap Index Scan on sbtest1_pkey  (cost=0.00..39.53 rows=1109 width=0)
	        Index Cond: ((id >= 3538109) AND (id <= 3539108))

table 2 : explain SELECT c FROM sbtest2 WHERE id BETWEEN 9747362 AND 9748361
	Bitmap Heap Scan on sbtest2  (cost=34.78..3910.91 rows=1009 width=121)
	  Recheck Cond: ((id >= 9747362) AND (id <= 9748361))
	  ->  Bitmap Index Scan on sbtest2_pkey  (cost=0.00..34.53 rows=1009 width=0)
	        Index Cond: ((id >= 9747362) AND (id <= 9748361))

table 3 : explain SELECT c FROM sbtest3 WHERE id BETWEEN 7638810 AND 7639809
	Bitmap Heap Scan on sbtest3  (cost=34.72..3891.02 rows=1003 width=121)
	  Recheck Cond: ((id >= 7638810) AND (id <= 7639809))
	  ->  Bitmap Index Scan on sbtest3_pkey  (cost=0.00..34.47 rows=1003 width=0)
	        Index Cond: ((id >= 7638810) AND (id <= 7639809))

table 4 : explain SELECT c FROM sbtest4 WHERE id BETWEEN 8269185 AND 8270184
	Bitmap Heap Scan on sbtest4  (cost=34.61..3855.94 rows=993 width=121)
	  Recheck Cond: ((id >= 8269185) AND (id <= 8270184))
	  ->  Bitmap Index Scan on sbtest4_pkey  (cost=0.00..34.37 rows=993 width=0)
	        Index Cond: ((id >= 8269185) AND (id <= 8270184))

table 5 : explain SELECT c FROM sbtest5 WHERE id BETWEEN 1346490 AND 1347489
	Bitmap Heap Scan on sbtest5  (cost=34.26..3719.89 rows=959 width=121)
	  Recheck Cond: ((id >= 1346490) AND (id <= 1347489))
	  ->  Bitmap Index Scan on sbtest5_pkey  (cost=0.00..34.03 rows=959 width=0)
	        Index Cond: ((id >= 1346490) AND (id <= 1347489))

table 6 : explain SELECT c FROM sbtest6 WHERE id BETWEEN 7200339 AND 7201338
	Bitmap Heap Scan on sbtest6  (cost=29.74..3525.70 rows=908 width=121)
	  Recheck Cond: ((id >= 7200339) AND (id <= 7201338))
	  ->  Bitmap Index Scan on sbtest6_pkey  (cost=0.00..29.51 rows=908 width=0)
	        Index Cond: ((id >= 7200339) AND (id <= 7201338))

table 7 : explain SELECT c FROM sbtest7 WHERE id BETWEEN 5088325 AND 5089324
	Bitmap Heap Scan on sbtest7  (cost=34.79..3920.86 rows=1010 width=121)
	  Recheck Cond: ((id >= 5088325) AND (id <= 5089324))
	  ->  Bitmap Index Scan on sbtest7_pkey  (cost=0.00..34.54 rows=1010 width=0)
	        Index Cond: ((id >= 5088325) AND (id <= 5089324))

table 8 : explain SELECT c FROM sbtest8 WHERE id BETWEEN 6138602 AND 6139601
	Bitmap Heap Scan on sbtest8  (cost=35.04..4013.59 rows=1035 width=121)
	  Recheck Cond: ((id >= 6138602) AND (id <= 6139601))
	  ->  Bitmap Index Scan on sbtest8_pkey  (cost=0.00..34.79 rows=1035 width=0)
	        Index Cond: ((id >= 6138602) AND (id <= 6139601))

for point_selects
table 1 : explain SELECT c FROM sbtest1 WHERE id=9007429
	Index Scan using sbtest1_pkey on sbtest1  (cost=0.43..8.45 rows=1 width=121)
	  Index Cond: (id = 9007429)

table 2 : explain SELECT c FROM sbtest2 WHERE id=9362754
	Index Scan using sbtest2_pkey on sbtest2  (cost=0.43..8.45 rows=1 width=121)
	  Index Cond: (id = 9362754)

table 3 : explain SELECT c FROM sbtest3 WHERE id=7594257
	Index Scan using sbtest3_pkey on sbtest3  (cost=0.43..8.45 rows=1 width=121)
	  Index Cond: (id = 7594257)

table 4 : explain SELECT c FROM sbtest4 WHERE id=50970
	Index Scan using sbtest4_pkey on sbtest4  (cost=0.43..8.45 rows=1 width=121)
	  Index Cond: (id = 50970)

table 5 : explain SELECT c FROM sbtest5 WHERE id=7772495
	Index Scan using sbtest5_pkey on sbtest5  (cost=0.43..8.45 rows=1 width=121)
	  Index Cond: (id = 7772495)

table 6 : explain SELECT c FROM sbtest6 WHERE id=5699802
	Index Scan using sbtest6_pkey on sbtest6  (cost=0.43..8.45 rows=1 width=121)
	  Index Cond: (id = 5699802)

table 7 : explain SELECT c FROM sbtest7 WHERE id=355017
	Index Scan using sbtest7_pkey on sbtest7  (cost=0.43..8.45 rows=1 width=121)
	  Index Cond: (id = 355017)

table 8 : explain SELECT c FROM sbtest8 WHERE id=1556931
	Index Scan using sbtest8_pkey on sbtest8  (cost=0.43..8.45 rows=1 width=121)
	  Index Cond: (id = 1556931)

for point_selects
table 1 : explain SELECT c FROM sbtest1 WHERE id=5621279
	Index Scan using sbtest1_pkey on sbtest1  (cost=0.43..8.45 rows=1 width=121)
	  Index Cond: (id = 5621279)

table 2 : explain SELECT c FROM sbtest2 WHERE id=5329868
	Index Scan using sbtest2_pkey on sbtest2  (cost=0.43..8.45 rows=1 width=121)
	  Index Cond: (id = 5329868)

table 3 : explain SELECT c FROM sbtest3 WHERE id=7018413
	Index Scan using sbtest3_pkey on sbtest3  (cost=0.43..8.45 rows=1 width=121)
	  Index Cond: (id = 7018413)

table 4 : explain SELECT c FROM sbtest4 WHERE id=4422896
	Index Scan using sbtest4_pkey on sbtest4  (cost=0.43..8.45 rows=1 width=121)
	  Index Cond: (id = 4422896)

table 5 : explain SELECT c FROM sbtest5 WHERE id=9336781
	Index Scan using sbtest5_pkey on sbtest5  (cost=0.43..8.45 rows=1 width=121)
	  Index Cond: (id = 9336781)

table 6 : explain SELECT c FROM sbtest6 WHERE id=9123500
	Index Scan using sbtest6_pkey on sbtest6  (cost=0.43..8.45 rows=1 width=121)
	  Index Cond: (id = 9123500)

table 7 : explain SELECT c FROM sbtest7 WHERE id=2760331
	Index Scan using sbtest7_pkey on sbtest7  (cost=0.43..8.45 rows=1 width=121)
	  Index Cond: (id = 2760331)

table 8 : explain SELECT c FROM sbtest8 WHERE id=7410274
	Index Scan using sbtest8_pkey on sbtest8  (cost=0.43..8.45 rows=1 width=121)
	  Index Cond: (id = 7410274)

for: sum_ranges
table 1 : explain SELECT SUM(k) FROM sbtest1 WHERE id BETWEEN 1534239 AND 1535238
	Aggregate  (cost=3872.86..3872.87 rows=1 width=8)
	  ->  Bitmap Heap Scan on sbtest1  (cost=34.66..3870.36 rows=998 width=4)
	        Recheck Cond: ((id >= 1534239) AND (id <= 1535238))
	        ->  Bitmap Index Scan on sbtest1_pkey  (cost=0.00..34.42 rows=998 width=0)
	              Index Cond: ((id >= 1534239) AND (id <= 1535238))

table 2 : explain SELECT SUM(k) FROM sbtest2 WHERE id BETWEEN 5769061 AND 5770060
	Aggregate  (cost=3368.53..3368.54 rows=1 width=8)
	  ->  Bitmap Heap Scan on sbtest2  (cost=29.31..3366.37 rows=866 width=4)
	        Recheck Cond: ((id >= 5769061) AND (id <= 5770060))
	        ->  Bitmap Index Scan on sbtest2_pkey  (cost=0.00..29.09 rows=866 width=0)
	              Index Cond: ((id >= 5769061) AND (id <= 5770060))

table 3 : explain SELECT SUM(k) FROM sbtest3 WHERE id BETWEEN 2525131 AND 2526130
	Aggregate  (cost=3901.08..3901.09 rows=1 width=8)
	  ->  Bitmap Heap Scan on sbtest3  (cost=34.74..3898.57 rows=1005 width=4)
	        Recheck Cond: ((id >= 2525131) AND (id <= 2526130))
	        ->  Bitmap Index Scan on sbtest3_pkey  (cost=0.00..34.48 rows=1005 width=0)
	              Index Cond: ((id >= 2525131) AND (id <= 2526130))

table 4 : explain SELECT SUM(k) FROM sbtest4 WHERE id BETWEEN 5378794 AND 5379793
	Aggregate  (cost=4039.88..4039.89 rows=1 width=8)
	  ->  Bitmap Heap Scan on sbtest4  (cost=35.11..4037.28 rows=1041 width=4)
	        Recheck Cond: ((id >= 5378794) AND (id <= 5379793))
	        ->  Bitmap Index Scan on sbtest4_pkey  (cost=0.00..34.84 rows=1041 width=0)
	              Index Cond: ((id >= 5378794) AND (id <= 5379793))

table 5 : explain SELECT SUM(k) FROM sbtest5 WHERE id BETWEEN 9378581 AND 9379580
	Aggregate  (cost=3703.40..3703.41 rows=1 width=8)
	  ->  Bitmap Heap Scan on sbtest5  (cost=34.21..3701.02 rows=954 width=4)
	        Recheck Cond: ((id >= 9378581) AND (id <= 9379580))
	        ->  Bitmap Index Scan on sbtest5_pkey  (cost=0.00..33.98 rows=954 width=0)
	              Index Cond: ((id >= 9378581) AND (id <= 9379580))

table 6 : explain SELECT SUM(k) FROM sbtest6 WHERE id BETWEEN 7003051 AND 7004050
	Aggregate  (cost=4023.16..4023.17 rows=1 width=8)
	  ->  Bitmap Heap Scan on sbtest6  (cost=35.07..4020.57 rows=1038 width=4)
	        Recheck Cond: ((id >= 7003051) AND (id <= 7004050))
	        ->  Bitmap Index Scan on sbtest6_pkey  (cost=0.00..34.82 rows=1038 width=0)
	              Index Cond: ((id >= 7003051) AND (id <= 7004050))

table 7 : explain SELECT SUM(k) FROM sbtest7 WHERE id BETWEEN 151495 AND 152494
	Aggregate  (cost=3798.50..3798.51 rows=1 width=8)
	  ->  Bitmap Heap Scan on sbtest7  (cost=34.45..3796.06 rows=977 width=4)
	        Recheck Cond: ((id >= 151495) AND (id <= 152494))
	        ->  Bitmap Index Scan on sbtest7_pkey  (cost=0.00..34.20 rows=977 width=0)
	              Index Cond: ((id >= 151495) AND (id <= 152494))

table 8 : explain SELECT SUM(k) FROM sbtest8 WHERE id BETWEEN 9954204 AND 9955203
	Aggregate  (cost=3760.84..3760.85 rows=1 width=8)
	  ->  Index Scan using sbtest8_pkey on sbtest8  (cost=0.43..3758.44 rows=959 width=4)
	        Index Cond: ((id >= 9954204) AND (id <= 9955203))

for: simple_ranges
table 1 : explain SELECT c FROM sbtest1 WHERE id BETWEEN 7678920 AND 7679919
	Bitmap Heap Scan on sbtest1  (cost=35.01..3998.59 rows=1032 width=121)
	  Recheck Cond: ((id >= 7678920) AND (id <= 7679919))
	  ->  Bitmap Index Scan on sbtest1_pkey  (cost=0.00..34.76 rows=1032 width=0)
	        Index Cond: ((id >= 7678920) AND (id <= 7679919))

table 2 : explain SELECT c FROM sbtest2 WHERE id BETWEEN 8380263 AND 8381262
	Bitmap Heap Scan on sbtest2  (cost=34.69..3876.97 rows=1000 width=121)
	  Recheck Cond: ((id >= 8380263) AND (id <= 8381262))
	  ->  Bitmap Index Scan on sbtest2_pkey  (cost=0.00..34.44 rows=1000 width=0)
	        Index Cond: ((id >= 8380263) AND (id <= 8381262))

table 3 : explain SELECT c FROM sbtest3 WHERE id BETWEEN 930887 AND 931886
	Bitmap Heap Scan on sbtest3  (cost=34.89..3955.18 rows=1020 width=121)
	  Recheck Cond: ((id >= 930887) AND (id <= 931886))
	  ->  Bitmap Index Scan on sbtest3_pkey  (cost=0.00..34.64 rows=1020 width=0)
	        Index Cond: ((id >= 930887) AND (id <= 931886))

table 4 : explain SELECT c FROM sbtest4 WHERE id BETWEEN 639681 AND 640680
	Bitmap Heap Scan on sbtest4  (cost=34.20..3704.60 rows=953 width=121)
	  Recheck Cond: ((id >= 639681) AND (id <= 640680))
	  ->  Bitmap Index Scan on sbtest4_pkey  (cost=0.00..33.97 rows=953 width=0)
	        Index Cond: ((id >= 639681) AND (id <= 640680))

table 5 : explain SELECT c FROM sbtest5 WHERE id BETWEEN 5140525 AND 5141524
	Bitmap Heap Scan on sbtest5  (cost=34.45..3787.79 rows=977 width=121)
	  Recheck Cond: ((id >= 5140525) AND (id <= 5141524))
	  ->  Bitmap Index Scan on sbtest5_pkey  (cost=0.00..34.20 rows=977 width=0)
	        Index Cond: ((id >= 5140525) AND (id <= 5141524))

table 6 : explain SELECT c FROM sbtest6 WHERE id BETWEEN 8882222 AND 8883221
	Bitmap Heap Scan on sbtest6  (cost=35.30..4103.43 rows=1060 width=121)
	  Recheck Cond: ((id >= 8882222) AND (id <= 8883221))
	  ->  Bitmap Index Scan on sbtest6_pkey  (cost=0.00..35.04 rows=1060 width=0)
	        Index Cond: ((id >= 8882222) AND (id <= 8883221))

table 7 : explain SELECT c FROM sbtest7 WHERE id BETWEEN 4327943 AND 4328942
	Bitmap Heap Scan on sbtest7  (cost=35.20..4071.95 rows=1050 width=121)
	  Recheck Cond: ((id >= 4327943) AND (id <= 4328942))
	  ->  Bitmap Index Scan on sbtest7_pkey  (cost=0.00..34.94 rows=1050 width=0)
	        Index Cond: ((id >= 4327943) AND (id <= 4328942))

table 8 : explain SELECT c FROM sbtest8 WHERE id BETWEEN 3063242 AND 3064241
	Index Scan using sbtest8_pkey on sbtest8  (cost=0.43..3789.65 rows=967 width=121)
	  Index Cond: ((id >= 3063242) AND (id <= 3064241))

for: sum_ranges
table 1 : explain SELECT SUM(k) FROM sbtest1 WHERE id BETWEEN 4662164 AND 4663163
	Aggregate  (cost=3414.80..3414.81 rows=1 width=8)
	  ->  Bitmap Heap Scan on sbtest1  (cost=29.43..3412.60 rows=878 width=4)
	        Recheck Cond: ((id >= 4662164) AND (id <= 4663163))
	        ->  Bitmap Index Scan on sbtest1_pkey  (cost=0.00..29.21 rows=878 width=0)
	              Index Cond: ((id >= 4662164) AND (id <= 4663163))

table 2 : explain SELECT SUM(k) FROM sbtest2 WHERE id BETWEEN 237320 AND 238319
	Aggregate  (cost=3667.90..3667.91 rows=1 width=8)
	  ->  Bitmap Heap Scan on sbtest2  (cost=34.11..3665.54 rows=944 width=4)
	        Recheck Cond: ((id >= 237320) AND (id <= 238319))
	        ->  Bitmap Index Scan on sbtest2_pkey  (cost=0.00..33.88 rows=944 width=0)
	              Index Cond: ((id >= 237320) AND (id <= 238319))

table 3 : explain SELECT SUM(k) FROM sbtest3 WHERE id BETWEEN 7900060 AND 7901059
	Aggregate  (cost=3791.47..3791.48 rows=1 width=8)
	  ->  Bitmap Heap Scan on sbtest3  (cost=34.44..3789.03 rows=976 width=4)
	        Recheck Cond: ((id >= 7900060) AND (id <= 7901059))
	        ->  Bitmap Index Scan on sbtest3_pkey  (cost=0.00..34.20 rows=976 width=0)
	              Index Cond: ((id >= 7900060) AND (id <= 7901059))

table 4 : explain SELECT SUM(k) FROM sbtest4 WHERE id BETWEEN 5496252 AND 5497251
	Aggregate  (cost=3771.37..3771.38 rows=1 width=8)
	  ->  Bitmap Heap Scan on sbtest4  (cost=34.38..3768.94 rows=970 width=4)
	        Recheck Cond: ((id >= 5496252) AND (id <= 5497251))
	        ->  Bitmap Index Scan on sbtest4_pkey  (cost=0.00..34.14 rows=970 width=0)
	              Index Cond: ((id >= 5496252) AND (id <= 5497251))

table 5 : explain SELECT SUM(k) FROM sbtest5 WHERE id BETWEEN 1798614 AND 1799613
	Aggregate  (cost=4129.34..4129.35 rows=1 width=8)
	  ->  Bitmap Heap Scan on sbtest5  (cost=35.37..4126.67 rows=1067 width=4)
	        Recheck Cond: ((id >= 1798614) AND (id <= 1799613))
	        ->  Bitmap Index Scan on sbtest5_pkey  (cost=0.00..35.11 rows=1067 width=0)
	              Index Cond: ((id >= 1798614) AND (id <= 1799613))

table 6 : explain SELECT SUM(k) FROM sbtest6 WHERE id BETWEEN 5764215 AND 5765214
	Aggregate  (cost=3925.10..3925.11 rows=1 width=8)
	  ->  Bitmap Heap Scan on sbtest6  (cost=34.81..3922.57 rows=1012 width=4)
	        Recheck Cond: ((id >= 5764215) AND (id <= 5765214))
	        ->  Bitmap Index Scan on sbtest6_pkey  (cost=0.00..34.56 rows=1012 width=0)
	              Index Cond: ((id >= 5764215) AND (id <= 5765214))

table 7 : explain SELECT SUM(k) FROM sbtest7 WHERE id BETWEEN 6304048 AND 6305047
	Aggregate  (cost=4089.69..4089.70 rows=1 width=8)
	  ->  Bitmap Heap Scan on sbtest7  (cost=35.24..4087.05 rows=1054 width=4)
	        Recheck Cond: ((id >= 6304048) AND (id <= 6305047))
	        ->  Bitmap Index Scan on sbtest7_pkey  (cost=0.00..34.98 rows=1054 width=0)
	              Index Cond: ((id >= 6304048) AND (id <= 6305047))

table 8 : explain SELECT SUM(k) FROM sbtest8 WHERE id BETWEEN 5389461 AND 5390460
	Aggregate  (cost=3737.45..3737.46 rows=1 width=8)
	  ->  Index Scan using sbtest8_pkey on sbtest8  (cost=0.43..3735.06 rows=953 width=4)
	        Index Cond: ((id >= 5389461) AND (id <= 5390460))

for point_selects
table 1 : explain SELECT c FROM sbtest1 WHERE id=5389069
	Index Scan using sbtest1_pkey on sbtest1  (cost=0.43..8.45 rows=1 width=121)
	  Index Cond: (id = 5389069)

table 2 : explain SELECT c FROM sbtest2 WHERE id=3729098
	Index Scan using sbtest2_pkey on sbtest2  (cost=0.43..8.45 rows=1 width=121)
	  Index Cond: (id = 3729098)

table 3 : explain SELECT c FROM sbtest3 WHERE id=8038217
	Index Scan using sbtest3_pkey on sbtest3  (cost=0.43..8.45 rows=1 width=121)
	  Index Cond: (id = 8038217)

table 4 : explain SELECT c FROM sbtest4 WHERE id=9016851
	Index Scan using sbtest4_pkey on sbtest4  (cost=0.43..8.45 rows=1 width=121)
	  Index Cond: (id = 9016851)

table 5 : explain SELECT c FROM sbtest5 WHERE id=2471559
	Index Scan using sbtest5_pkey on sbtest5  (cost=0.43..8.45 rows=1 width=121)
	  Index Cond: (id = 2471559)

table 6 : explain SELECT c FROM sbtest6 WHERE id=1789928
	Index Scan using sbtest6_pkey on sbtest6  (cost=0.43..8.45 rows=1 width=121)
	  Index Cond: (id = 1789928)

table 7 : explain SELECT c FROM sbtest7 WHERE id=4428756
	Index Scan using sbtest7_pkey on sbtest7  (cost=0.43..8.45 rows=1 width=121)
	  Index Cond: (id = 4428756)

table 8 : explain SELECT c FROM sbtest8 WHERE id=5850585
	Index Scan using sbtest8_pkey on sbtest8  (cost=0.43..8.45 rows=1 width=121)
	  Index Cond: (id = 5850585)

for: sum_ranges
table 1 : explain SELECT SUM(k) FROM sbtest1 WHERE id BETWEEN 7836695 AND 7837694
	Aggregate  (cost=3699.02..3699.03 rows=1 width=8)
	  ->  Bitmap Heap Scan on sbtest1  (cost=34.19..3696.64 rows=952 width=4)
	        Recheck Cond: ((id >= 7836695) AND (id <= 7837694))
	        ->  Bitmap Index Scan on sbtest1_pkey  (cost=0.00..33.95 rows=952 width=0)
	              Index Cond: ((id >= 7836695) AND (id <= 7837694))

table 2 : explain SELECT SUM(k) FROM sbtest2 WHERE id BETWEEN 9520906 AND 9521905
	Aggregate  (cost=3947.39..3947.40 rows=1 width=8)
	  ->  Bitmap Heap Scan on sbtest2  (cost=34.87..3944.84 rows=1018 width=4)
	        Recheck Cond: ((id >= 9520906) AND (id <= 9521905))
	        ->  Bitmap Index Scan on sbtest2_pkey  (cost=0.00..34.62 rows=1018 width=0)
	              Index Cond: ((id >= 9520906) AND (id <= 9521905))

table 3 : explain SELECT SUM(k) FROM sbtest3 WHERE id BETWEEN 8385958 AND 8386957
	Aggregate  (cost=3855.74..3855.75 rows=1 width=8)
	  ->  Bitmap Heap Scan on sbtest3  (cost=34.61..3853.25 rows=993 width=4)
	        Recheck Cond: ((id >= 8385958) AND (id <= 8386957))
	        ->  Bitmap Index Scan on sbtest3_pkey  (cost=0.00..34.37 rows=993 width=0)
	              Index Cond: ((id >= 8385958) AND (id <= 8386957))

table 4 : explain SELECT SUM(k) FROM sbtest4 WHERE id BETWEEN 1980876 AND 1981875
	Aggregate  (cost=4070.10..4070.11 rows=1 width=8)
	  ->  Bitmap Heap Scan on sbtest4  (cost=35.19..4067.48 rows=1049 width=4)
	        Recheck Cond: ((id >= 1980876) AND (id <= 1981875))
	        ->  Bitmap Index Scan on sbtest4_pkey  (cost=0.00..34.93 rows=1049 width=0)
	              Index Cond: ((id >= 1980876) AND (id <= 1981875))

table 5 : explain SELECT SUM(k) FROM sbtest5 WHERE id BETWEEN 114351 AND 115350
	Aggregate  (cost=3926.00..3926.01 rows=1 width=8)
	  ->  Bitmap Heap Scan on sbtest5  (cost=34.82..3923.47 rows=1013 width=4)
	        Recheck Cond: ((id >= 114351) AND (id <= 115350))
	        ->  Bitmap Index Scan on sbtest5_pkey  (cost=0.00..34.57 rows=1013 width=0)
	              Index Cond: ((id >= 114351) AND (id <= 115350))

table 6 : explain SELECT SUM(k) FROM sbtest6 WHERE id BETWEEN 522613 AND 523612
	Aggregate  (cost=3830.72..3830.73 rows=1 width=8)
	  ->  Bitmap Heap Scan on sbtest6  (cost=34.55..3828.25 rows=987 width=4)
	        Recheck Cond: ((id >= 522613) AND (id <= 523612))
	        ->  Bitmap Index Scan on sbtest6_pkey  (cost=0.00..34.31 rows=987 width=0)
	              Index Cond: ((id >= 522613) AND (id <= 523612))

table 7 : explain SELECT SUM(k) FROM sbtest7 WHERE id BETWEEN 5755937 AND 5756936
	Aggregate  (cost=3487.39..3487.40 rows=1 width=8)
	  ->  Bitmap Heap Scan on sbtest7  (cost=29.62..3485.15 rows=896 width=4)
	        Recheck Cond: ((id >= 5755937) AND (id <= 5756936))
	        ->  Bitmap Index Scan on sbtest7_pkey  (cost=0.00..29.39 rows=896 width=0)
	              Index Cond: ((id >= 5755937) AND (id <= 5756936))

table 8 : explain SELECT SUM(k) FROM sbtest8 WHERE id BETWEEN 4522439 AND 4523438
	Aggregate  (cost=3936.36..3936.37 rows=1 width=8)
	  ->  Index Scan using sbtest8_pkey on sbtest8  (cost=0.43..3933.85 rows=1004 width=4)
	        Index Cond: ((id >= 4522439) AND (id <= 4523438))

for: simple_ranges
table 1 : explain SELECT c FROM sbtest1 WHERE id BETWEEN 9433502 AND 9434501
	Bitmap Heap Scan on sbtest1  (cost=40.20..4435.28 rows=1148 width=121)
	  Recheck Cond: ((id >= 9433502) AND (id <= 9434501))
	  ->  Bitmap Index Scan on sbtest1_pkey  (cost=0.00..39.92 rows=1148 width=0)
	        Index Cond: ((id >= 9433502) AND (id <= 9434501))

table 2 : explain SELECT c FROM sbtest2 WHERE id BETWEEN 9653619 AND 9654618
	Bitmap Heap Scan on sbtest2  (cost=29.16..3309.51 rows=851 width=121)
	  Recheck Cond: ((id >= 9653619) AND (id <= 9654618))
	  ->  Bitmap Index Scan on sbtest2_pkey  (cost=0.00..28.94 rows=851 width=0)
	        Index Cond: ((id >= 9653619) AND (id <= 9654618))

table 3 : explain SELECT c FROM sbtest3 WHERE id BETWEEN 5141843 AND 5142842
	Bitmap Heap Scan on sbtest3  (cost=34.59..3845.70 rows=991 width=121)
	  Recheck Cond: ((id >= 5141843) AND (id <= 5142842))
	  ->  Bitmap Index Scan on sbtest3_pkey  (cost=0.00..34.34 rows=991 width=0)
	        Index Cond: ((id >= 5141843) AND (id <= 5142842))

table 4 : explain SELECT c FROM sbtest4 WHERE id BETWEEN 2571356 AND 2572355
	Bitmap Heap Scan on sbtest4  (cost=35.05..4018.41 rows=1036 width=121)
	  Recheck Cond: ((id >= 2571356) AND (id <= 2572355))
	  ->  Bitmap Index Scan on sbtest4_pkey  (cost=0.00..34.80 rows=1036 width=0)
	        Index Cond: ((id >= 2571356) AND (id <= 2572355))

table 5 : explain SELECT c FROM sbtest5 WHERE id BETWEEN 7855879 AND 7856878
	Bitmap Heap Scan on sbtest5  (cost=35.52..4179.30 rows=1081 width=121)
	  Recheck Cond: ((id >= 7855879) AND (id <= 7856878))
	  ->  Bitmap Index Scan on sbtest5_pkey  (cost=0.00..35.25 rows=1081 width=0)
	        Index Cond: ((id >= 7855879) AND (id <= 7856878))

table 6 : explain SELECT c FROM sbtest6 WHERE id BETWEEN 8455845 AND 8456844
	Bitmap Heap Scan on sbtest6  (cost=34.67..3873.53 rows=999 width=121)
	  Recheck Cond: ((id >= 8455845) AND (id <= 8456844))
	  ->  Bitmap Index Scan on sbtest6_pkey  (cost=0.00..34.43 rows=999 width=0)
	        Index Cond: ((id >= 8455845) AND (id <= 8456844))

table 7 : explain SELECT c FROM sbtest7 WHERE id BETWEEN 9865581 AND 9866580
	Bitmap Heap Scan on sbtest7  (cost=34.02..3637.02 rows=935 width=121)
	  Recheck Cond: ((id >= 9865581) AND (id <= 9866580))
	  ->  Bitmap Index Scan on sbtest7_pkey  (cost=0.00..33.79 rows=935 width=0)
	        Index Cond: ((id >= 9865581) AND (id <= 9866580))

table 8 : explain SELECT c FROM sbtest8 WHERE id BETWEEN 4790874 AND 4791873
	Bitmap Heap Scan on sbtest8  (cost=35.57..4205.92 rows=1086 width=121)
	  Recheck Cond: ((id >= 4790874) AND (id <= 4791873))
	  ->  Bitmap Index Scan on sbtest8_pkey  (cost=0.00..35.30 rows=1086 width=0)
	        Index Cond: ((id >= 4790874) AND (id <= 4791873))

for: simple_ranges
table 1 : explain SELECT c FROM sbtest1 WHERE id BETWEEN 9147064 AND 9148063
	Bitmap Heap Scan on sbtest1  (cost=34.28..3726.87 rows=960 width=121)
	  Recheck Cond: ((id >= 9147064) AND (id <= 9148063))
	  ->  Bitmap Index Scan on sbtest1_pkey  (cost=0.00..34.04 rows=960 width=0)
	        Index Cond: ((id >= 9147064) AND (id <= 9148063))

table 2 : explain SELECT c FROM sbtest2 WHERE id BETWEEN 7356059 AND 7357058
	Bitmap Heap Scan on sbtest2  (cost=35.03..4005.14 rows=1034 width=121)
	  Recheck Cond: ((id >= 7356059) AND (id <= 7357058))
	  ->  Bitmap Index Scan on sbtest2_pkey  (cost=0.00..34.78 rows=1034 width=0)
	        Index Cond: ((id >= 7356059) AND (id <= 7357058))

table 3 : explain SELECT c FROM sbtest3 WHERE id BETWEEN 6975741 AND 6976740
	Bitmap Heap Scan on sbtest3  (cost=34.09..3660.47 rows=942 width=121)
	  Recheck Cond: ((id >= 6975741) AND (id <= 6976740))
	  ->  Bitmap Index Scan on sbtest3_pkey  (cost=0.00..33.86 rows=942 width=0)
	        Index Cond: ((id >= 6975741) AND (id <= 6976740))

table 4 : explain SELECT c FROM sbtest4 WHERE id BETWEEN 9349193 AND 9350192
	Bitmap Heap Scan on sbtest4  (cost=35.17..4059.93 rows=1047 width=121)
	  Recheck Cond: ((id >= 9349193) AND (id <= 9350192))
	  ->  Bitmap Index Scan on sbtest4_pkey  (cost=0.00..34.91 rows=1047 width=0)
	        Index Cond: ((id >= 9349193) AND (id <= 9350192))

table 5 : explain SELECT c FROM sbtest5 WHERE id BETWEEN 4018150 AND 4019149
	Bitmap Heap Scan on sbtest5  (cost=34.47..3795.33 rows=979 width=121)
	  Recheck Cond: ((id >= 4018150) AND (id <= 4019149))
	  ->  Bitmap Index Scan on sbtest5_pkey  (cost=0.00..34.23 rows=979 width=0)
	        Index Cond: ((id >= 4018150) AND (id <= 4019149))

table 6 : explain SELECT c FROM sbtest6 WHERE id BETWEEN 5201278 AND 5202277
	Bitmap Heap Scan on sbtest6  (cost=33.91..3590.23 rows=924 width=121)
	  Recheck Cond: ((id >= 5201278) AND (id <= 5202277))
	  ->  Bitmap Index Scan on sbtest6_pkey  (cost=0.00..33.68 rows=924 width=0)
	        Index Cond: ((id >= 5201278) AND (id <= 5202277))

table 7 : explain SELECT c FROM sbtest7 WHERE id BETWEEN 4859899 AND 4860898
	Bitmap Heap Scan on sbtest7  (cost=34.61..3856.58 rows=993 width=121)
	  Recheck Cond: ((id >= 4859899) AND (id <= 4860898))
	  ->  Bitmap Index Scan on sbtest7_pkey  (cost=0.00..34.37 rows=993 width=0)
	        Index Cond: ((id >= 4859899) AND (id <= 4860898))

table 8 : explain SELECT c FROM sbtest8 WHERE id BETWEEN 6430667 AND 6431666
	Index Scan using sbtest8_pkey on sbtest8  (cost=0.43..3781.85 rows=965 width=121)
	  Index Cond: ((id >= 6430667) AND (id <= 6431666))

for point_selects
table 1 : explain SELECT c FROM sbtest1 WHERE id=6072270
	Index Scan using sbtest1_pkey on sbtest1  (cost=0.43..8.45 rows=1 width=121)
	  Index Cond: (id = 6072270)

table 2 : explain SELECT c FROM sbtest2 WHERE id=7412189
	Index Scan using sbtest2_pkey on sbtest2  (cost=0.43..8.45 rows=1 width=121)
	  Index Cond: (id = 7412189)

table 3 : explain SELECT c FROM sbtest3 WHERE id=6859550
	Index Scan using sbtest3_pkey on sbtest3  (cost=0.43..8.45 rows=1 width=121)
	  Index Cond: (id = 6859550)

table 4 : explain SELECT c FROM sbtest4 WHERE id=9368204
	Index Scan using sbtest4_pkey on sbtest4  (cost=0.43..8.45 rows=1 width=121)
	  Index Cond: (id = 9368204)

table 5 : explain SELECT c FROM sbtest5 WHERE id=1170118
	Index Scan using sbtest5_pkey on sbtest5  (cost=0.43..8.45 rows=1 width=121)
	  Index Cond: (id = 1170118)

table 6 : explain SELECT c FROM sbtest6 WHERE id=9214638
	Index Scan using sbtest6_pkey on sbtest6  (cost=0.43..8.45 rows=1 width=121)
	  Index Cond: (id = 9214638)

table 7 : explain SELECT c FROM sbtest7 WHERE id=2719154
	Index Scan using sbtest7_pkey on sbtest7  (cost=0.43..8.45 rows=1 width=121)
	  Index Cond: (id = 2719154)

table 8 : explain SELECT c FROM sbtest8 WHERE id=456835
	Index Scan using sbtest8_pkey on sbtest8  (cost=0.43..8.45 rows=1 width=121)
	  Index Cond: (id = 456835)

for: sum_ranges
table 1 : explain SELECT SUM(k) FROM sbtest1 WHERE id BETWEEN 599472 AND 600471
	Aggregate  (cost=3536.06..3536.07 rows=1 width=8)
	  ->  Bitmap Heap Scan on sbtest1  (cost=29.76..3533.79 rows=910 width=4)
	        Recheck Cond: ((id >= 599472) AND (id <= 600471))
	        ->  Bitmap Index Scan on sbtest1_pkey  (cost=0.00..29.54 rows=910 width=0)
	              Index Cond: ((id >= 599472) AND (id <= 600471))

table 2 : explain SELECT SUM(k) FROM sbtest2 WHERE id BETWEEN 2566905 AND 2567904
	Aggregate  (cost=4094.41..4094.42 rows=1 width=8)
	  ->  Bitmap Heap Scan on sbtest2  (cost=35.27..4091.77 rows=1057 width=4)
	        Recheck Cond: ((id >= 2566905) AND (id <= 2567904))
	        ->  Bitmap Index Scan on sbtest2_pkey  (cost=0.00..35.01 rows=1057 width=0)
	              Index Cond: ((id >= 2566905) AND (id <= 2567904))

table 3 : explain SELECT SUM(k) FROM sbtest3 WHERE id BETWEEN 8755659 AND 8756658
	Aggregate  (cost=3753.65..3753.66 rows=1 width=8)
	  ->  Bitmap Heap Scan on sbtest3  (cost=34.34..3751.23 rows=966 width=4)
	        Recheck Cond: ((id >= 8755659) AND (id <= 8756658))
	        ->  Bitmap Index Scan on sbtest3_pkey  (cost=0.00..34.09 rows=966 width=0)
	              Index Cond: ((id >= 8755659) AND (id <= 8756658))

table 4 : explain SELECT SUM(k) FROM sbtest4 WHERE id BETWEEN 6203120 AND 6204119
	Aggregate  (cost=3642.56..3642.57 rows=1 width=8)
	  ->  Bitmap Heap Scan on sbtest4  (cost=34.03..3640.22 rows=936 width=4)
	        Recheck Cond: ((id >= 6203120) AND (id <= 6204119))
	        ->  Bitmap Index Scan on sbtest4_pkey  (cost=0.00..33.80 rows=936 width=0)
	              Index Cond: ((id >= 6203120) AND (id <= 6204119))

table 5 : explain SELECT SUM(k) FROM sbtest5 WHERE id BETWEEN 1285672 AND 1286671
	Aggregate  (cost=3839.28..3839.29 rows=1 width=8)
	  ->  Bitmap Heap Scan on sbtest5  (cost=34.58..3836.80 rows=990 width=4)
	        Recheck Cond: ((id >= 1285672) AND (id <= 1286671))
	        ->  Bitmap Index Scan on sbtest5_pkey  (cost=0.00..34.34 rows=990 width=0)
	              Index Cond: ((id >= 1285672) AND (id <= 1286671))

table 6 : explain SELECT SUM(k) FROM sbtest6 WHERE id BETWEEN 4628846 AND 4629845
	Aggregate  (cost=4136.21..4136.22 rows=1 width=8)
	  ->  Bitmap Heap Scan on sbtest6  (cost=35.38..4133.54 rows=1068 width=4)
	        Recheck Cond: ((id >= 4628846) AND (id <= 4629845))
	        ->  Bitmap Index Scan on sbtest6_pkey  (cost=0.00..35.12 rows=1068 width=0)
	              Index Cond: ((id >= 4628846) AND (id <= 4629845))

table 7 : explain SELECT SUM(k) FROM sbtest7 WHERE id BETWEEN 5794753 AND 5795752
	Aggregate  (cost=3487.39..3487.40 rows=1 width=8)
	  ->  Bitmap Heap Scan on sbtest7  (cost=29.62..3485.15 rows=896 width=4)
	        Recheck Cond: ((id >= 5794753) AND (id <= 5795752))
	        ->  Bitmap Index Scan on sbtest7_pkey  (cost=0.00..29.39 rows=896 width=0)
	              Index Cond: ((id >= 5794753) AND (id <= 5795752))

table 8 : explain SELECT SUM(k) FROM sbtest8 WHERE id BETWEEN 6802479 AND 6803478
	Aggregate  (cost=4072.81..4072.82 rows=1 width=8)
	  ->  Bitmap Heap Scan on sbtest8  (cost=35.20..4070.19 rows=1050 width=4)
	        Recheck Cond: ((id >= 6802479) AND (id <= 6803478))
	        ->  Bitmap Index Scan on sbtest8_pkey  (cost=0.00..34.94 rows=1050 width=0)
	              Index Cond: ((id >= 6802479) AND (id <= 6803478))

for: sum_ranges
table 1 : explain SELECT SUM(k) FROM sbtest1 WHERE id BETWEEN 4592464 AND 4593463
	Aggregate  (cost=3414.80..3414.81 rows=1 width=8)
	  ->  Bitmap Heap Scan on sbtest1  (cost=29.43..3412.60 rows=878 width=4)
	        Recheck Cond: ((id >= 4592464) AND (id <= 4593463))
	        ->  Bitmap Index Scan on sbtest1_pkey  (cost=0.00..29.21 rows=878 width=0)
	              Index Cond: ((id >= 4592464) AND (id <= 4593463))

table 2 : explain SELECT SUM(k) FROM sbtest2 WHERE id BETWEEN 2578295 AND 2579294
	Aggregate  (cost=4094.41..4094.42 rows=1 width=8)
	  ->  Bitmap Heap Scan on sbtest2  (cost=35.27..4091.77 rows=1057 width=4)
	        Recheck Cond: ((id >= 2578295) AND (id <= 2579294))
	        ->  Bitmap Index Scan on sbtest2_pkey  (cost=0.00..35.01 rows=1057 width=0)
	              Index Cond: ((id >= 2578295) AND (id <= 2579294))

table 3 : explain SELECT SUM(k) FROM sbtest3 WHERE id BETWEEN 9871514 AND 9872513
	Aggregate  (cost=3587.08..3587.09 rows=1 width=8)
	  ->  Bitmap Heap Scan on sbtest3  (cost=33.89..3584.78 rows=922 width=4)
	        Recheck Cond: ((id >= 9871514) AND (id <= 9872513))
	        ->  Bitmap Index Scan on sbtest3_pkey  (cost=0.00..33.66 rows=922 width=0)
	              Index Cond: ((id >= 9871514) AND (id <= 9872513))

table 4 : explain SELECT SUM(k) FROM sbtest4 WHERE id BETWEEN 3130940 AND 3131939
	Aggregate  (cost=3850.85..3850.86 rows=1 width=8)
	  ->  Bitmap Heap Scan on sbtest4  (cost=34.59..3848.38 rows=991 width=4)
	        Recheck Cond: ((id >= 3130940) AND (id <= 3131939))
	        ->  Bitmap Index Scan on sbtest4_pkey  (cost=0.00..34.34 rows=991 width=0)
	              Index Cond: ((id >= 3130940) AND (id <= 3131939))

table 5 : explain SELECT SUM(k) FROM sbtest5 WHERE id BETWEEN 1391067 AND 1392066
	Aggregate  (cost=3722.28..3722.29 rows=1 width=8)
	  ->  Bitmap Heap Scan on sbtest5  (cost=34.26..3719.89 rows=959 width=4)
	        Recheck Cond: ((id >= 1391067) AND (id <= 1392066))
	        ->  Bitmap Index Scan on sbtest5_pkey  (cost=0.00..34.03 rows=959 width=0)
	              Index Cond: ((id >= 1391067) AND (id <= 1392066))

table 6 : explain SELECT SUM(k) FROM sbtest6 WHERE id BETWEEN 4478901 AND 4479900
	Aggregate  (cost=4170.10..4170.11 rows=1 width=8)
	  ->  Bitmap Heap Scan on sbtest6  (cost=35.47..4167.41 rows=1077 width=4)
	        Recheck Cond: ((id >= 4478901) AND (id <= 4479900))
	        ->  Bitmap Index Scan on sbtest6_pkey  (cost=0.00..35.20 rows=1077 width=0)
	              Index Cond: ((id >= 4478901) AND (id <= 4479900))

table 7 : explain SELECT SUM(k) FROM sbtest7 WHERE id BETWEEN 5843704 AND 5844703
	Aggregate  (cost=3487.39..3487.40 rows=1 width=8)
	  ->  Bitmap Heap Scan on sbtest7  (cost=29.62..3485.15 rows=896 width=4)
	        Recheck Cond: ((id >= 5843704) AND (id <= 5844703))
	        ->  Bitmap Index Scan on sbtest7_pkey  (cost=0.00..29.39 rows=896 width=0)
	              Index Cond: ((id >= 5843704) AND (id <= 5844703))

table 8 : explain SELECT SUM(k) FROM sbtest8 WHERE id BETWEEN 3698876 AND 3699875
	Aggregate  (cost=3862.25..3862.26 rows=1 width=8)
	  ->  Index Scan using sbtest8_pkey on sbtest8  (cost=0.43..3859.79 rows=985 width=4)
	        Index Cond: ((id >= 3698876) AND (id <= 3699875))

for: sum_ranges
table 1 : explain SELECT SUM(k) FROM sbtest1 WHERE id BETWEEN 9474239 AND 9475238
	Aggregate  (cost=4438.15..4438.16 rows=1 width=8)
	  ->  Bitmap Heap Scan on sbtest1  (cost=40.20..4435.28 rows=1148 width=4)
	        Recheck Cond: ((id >= 9474239) AND (id <= 9475238))
	        ->  Bitmap Index Scan on sbtest1_pkey  (cost=0.00..39.92 rows=1148 width=0)
	              Index Cond: ((id >= 9474239) AND (id <= 9475238))

table 2 : explain SELECT SUM(k) FROM sbtest2 WHERE id BETWEEN 5367597 AND 5368596
	Aggregate  (cost=3732.17..3732.18 rows=1 width=8)
	  ->  Bitmap Heap Scan on sbtest2  (cost=34.29..3729.77 rows=961 width=4)
	        Recheck Cond: ((id >= 5367597) AND (id <= 5368596))
	        ->  Bitmap Index Scan on sbtest2_pkey  (cost=0.00..34.05 rows=961 width=0)
	              Index Cond: ((id >= 5367597) AND (id <= 5368596))

table 3 : explain SELECT SUM(k) FROM sbtest3 WHERE id BETWEEN 1461820 AND 1462819
	Aggregate  (cost=3814.15..3814.16 rows=1 width=8)
	  ->  Bitmap Heap Scan on sbtest3  (cost=34.50..3811.70 rows=982 width=4)
	        Recheck Cond: ((id >= 1461820) AND (id <= 1462819))
	        ->  Bitmap Index Scan on sbtest3_pkey  (cost=0.00..34.26 rows=982 width=0)
	              Index Cond: ((id >= 1461820) AND (id <= 1462819))

table 4 : explain SELECT SUM(k) FROM sbtest4 WHERE id BETWEEN 1099877 AND 1100876
	Aggregate  (cost=4066.33..4066.34 rows=1 width=8)
	  ->  Bitmap Heap Scan on sbtest4  (cost=35.18..4063.71 rows=1048 width=4)
	        Recheck Cond: ((id >= 1099877) AND (id <= 1100876))
	        ->  Bitmap Index Scan on sbtest4_pkey  (cost=0.00..34.92 rows=1048 width=0)
	              Index Cond: ((id >= 1099877) AND (id <= 1100876))

table 5 : explain SELECT SUM(k) FROM sbtest5 WHERE id BETWEEN 6090250 AND 6091249
	Aggregate  (cost=3616.50..3616.51 rows=1 width=8)
	  ->  Bitmap Heap Scan on sbtest5  (cost=33.98..3614.18 rows=931 width=4)
	        Recheck Cond: ((id >= 6090250) AND (id <= 6091249))
	        ->  Bitmap Index Scan on sbtest5_pkey  (cost=0.00..33.75 rows=931 width=0)
	              Index Cond: ((id >= 6090250) AND (id <= 6091249))

table 6 : explain SELECT SUM(k) FROM sbtest6 WHERE id BETWEEN 3223094 AND 3224093
	Aggregate  (cost=3653.08..3653.09 rows=1 width=8)
	  ->  Bitmap Heap Scan on sbtest6  (cost=34.07..3650.73 rows=940 width=4)
	        Recheck Cond: ((id >= 3223094) AND (id <= 3224093))
	        ->  Bitmap Index Scan on sbtest6_pkey  (cost=0.00..33.84 rows=940 width=0)
	              Index Cond: ((id >= 3223094) AND (id <= 3224093))

table 7 : explain SELECT SUM(k) FROM sbtest7 WHERE id BETWEEN 8778517 AND 8779516
	Aggregate  (cost=3794.71..3794.72 rows=1 width=8)
	  ->  Bitmap Heap Scan on sbtest7  (cost=34.44..3792.27 rows=976 width=4)
	        Recheck Cond: ((id >= 8778517) AND (id <= 8779516))
	        ->  Bitmap Index Scan on sbtest7_pkey  (cost=0.00..34.20 rows=976 width=0)
	              Index Cond: ((id >= 8778517) AND (id <= 8779516))

table 8 : explain SELECT SUM(k) FROM sbtest8 WHERE id BETWEEN 8173333 AND 8174332
	Aggregate  (cost=4072.81..4072.82 rows=1 width=8)
	  ->  Bitmap Heap Scan on sbtest8  (cost=35.20..4070.19 rows=1050 width=4)
	        Recheck Cond: ((id >= 8173333) AND (id <= 8174332))
	        ->  Bitmap Index Scan on sbtest8_pkey  (cost=0.00..34.94 rows=1050 width=0)
	              Index Cond: ((id >= 8173333) AND (id <= 8174332))

for: sum_ranges
table 1 : explain SELECT SUM(k) FROM sbtest1 WHERE id BETWEEN 3487042 AND 3488041
	Aggregate  (cost=4295.24..4295.25 rows=1 width=8)
	  ->  Bitmap Heap Scan on sbtest1  (cost=39.80..4292.47 rows=1109 width=4)
	        Recheck Cond: ((id >= 3487042) AND (id <= 3488041))
	        ->  Bitmap Index Scan on sbtest1_pkey  (cost=0.00..39.53 rows=1109 width=0)
	              Index Cond: ((id >= 3487042) AND (id <= 3488041))

table 2 : explain SELECT SUM(k) FROM sbtest2 WHERE id BETWEEN 383167 AND 384166
	Aggregate  (cost=3864.37..3864.38 rows=1 width=8)
	  ->  Bitmap Heap Scan on sbtest2  (cost=34.64..3861.88 rows=996 width=4)
	        Recheck Cond: ((id >= 383167) AND (id <= 384166))
	        ->  Bitmap Index Scan on sbtest2_pkey  (cost=0.00..34.40 rows=996 width=0)
	              Index Cond: ((id >= 383167) AND (id <= 384166))

table 3 : explain SELECT SUM(k) FROM sbtest3 WHERE id BETWEEN 9310769 AND 9311768
	Aggregate  (cost=3480.75..3480.76 rows=1 width=8)
	  ->  Bitmap Heap Scan on sbtest3  (cost=29.61..3478.51 rows=895 width=4)
	        Recheck Cond: ((id >= 9310769) AND (id <= 9311768))
	        ->  Bitmap Index Scan on sbtest3_pkey  (cost=0.00..29.39 rows=895 width=0)
	              Index Cond: ((id >= 9310769) AND (id <= 9311768))

table 4 : explain SELECT SUM(k) FROM sbtest4 WHERE id BETWEEN 6618367 AND 6619366
	Aggregate  (cost=3801.66..3801.67 rows=1 width=8)
	  ->  Bitmap Heap Scan on sbtest4  (cost=34.46..3799.21 rows=978 width=4)
	        Recheck Cond: ((id >= 6618367) AND (id <= 6619366))
	        ->  Bitmap Index Scan on sbtest4_pkey  (cost=0.00..34.22 rows=978 width=0)
	              Index Cond: ((id >= 6618367) AND (id <= 6619366))

table 5 : explain SELECT SUM(k) FROM sbtest5 WHERE id BETWEEN 6535020 AND 6536019
	Aggregate  (cost=3937.31..3937.32 rows=1 width=8)
	  ->  Bitmap Heap Scan on sbtest5  (cost=34.85..3934.77 rows=1016 width=4)
	        Recheck Cond: ((id >= 6535020) AND (id <= 6536019))
	        ->  Bitmap Index Scan on sbtest5_pkey  (cost=0.00..34.59 rows=1016 width=0)
	              Index Cond: ((id >= 6535020) AND (id <= 6536019))

table 6 : explain SELECT SUM(k) FROM sbtest6 WHERE id BETWEEN 5694811 AND 5695810
	Aggregate  (cost=3879.81..3879.82 rows=1 width=8)
	  ->  Bitmap Heap Scan on sbtest6  (cost=34.69..3877.31 rows=1000 width=4)
	        Recheck Cond: ((id >= 5694811) AND (id <= 5695810))
	        ->  Bitmap Index Scan on sbtest6_pkey  (cost=0.00..34.44 rows=1000 width=0)
	              Index Cond: ((id >= 5694811) AND (id <= 5695810))

table 7 : explain SELECT SUM(k) FROM sbtest7 WHERE id BETWEEN 9284889 AND 9285888
	Aggregate  (cost=3825.00..3825.01 rows=1 width=8)
	  ->  Bitmap Heap Scan on sbtest7  (cost=34.52..3822.54 rows=984 width=4)
	        Recheck Cond: ((id >= 9284889) AND (id <= 9285888))
	        ->  Bitmap Index Scan on sbtest7_pkey  (cost=0.00..34.28 rows=984 width=0)
	              Index Cond: ((id >= 9284889) AND (id <= 9285888))

table 8 : explain SELECT SUM(k) FROM sbtest8 WHERE id BETWEEN 7005771 AND 7006770
	Aggregate  (cost=3706.25..3706.26 rows=1 width=8)
	  ->  Index Scan using sbtest8_pkey on sbtest8  (cost=0.43..3703.89 rows=945 width=4)
	        Index Cond: ((id >= 7005771) AND (id <= 7006770))

for: simple_ranges
table 1 : explain SELECT c FROM sbtest1 WHERE id BETWEEN 8867541 AND 8868540
	Bitmap Heap Scan on sbtest1  (cost=34.04..3639.94 rows=937 width=121)
	  Recheck Cond: ((id >= 8867541) AND (id <= 8868540))
	  ->  Bitmap Index Scan on sbtest1_pkey  (cost=0.00..33.81 rows=937 width=0)
	        Index Cond: ((id >= 8867541) AND (id <= 8868540))

table 2 : explain SELECT c FROM sbtest2 WHERE id BETWEEN 817968 AND 818967
	Bitmap Heap Scan on sbtest2  (cost=34.61..3850.56 rows=993 width=121)
	  Recheck Cond: ((id >= 817968) AND (id <= 818967))
	  ->  Bitmap Index Scan on sbtest2_pkey  (cost=0.00..34.37 rows=993 width=0)
	        Index Cond: ((id >= 817968) AND (id <= 818967))

table 3 : explain SELECT c FROM sbtest3 WHERE id BETWEEN 7276023 AND 7277022
	Bitmap Heap Scan on sbtest3  (cost=34.73..3894.79 rows=1004 width=121)
	  Recheck Cond: ((id >= 7276023) AND (id <= 7277022))
	  ->  Bitmap Index Scan on sbtest3_pkey  (cost=0.00..34.48 rows=1004 width=0)
	        Index Cond: ((id >= 7276023) AND (id <= 7277022))

table 4 : explain SELECT c FROM sbtest4 WHERE id BETWEEN 8923142 AND 8924141
	Bitmap Heap Scan on sbtest4  (cost=39.78..4290.18 rows=1107 width=121)
	  Recheck Cond: ((id >= 8923142) AND (id <= 8924141))
	  ->  Bitmap Index Scan on sbtest4_pkey  (cost=0.00..39.51 rows=1107 width=0)
	        Index Cond: ((id >= 8923142) AND (id <= 8924141))

table 5 : explain SELECT c FROM sbtest5 WHERE id BETWEEN 5300505 AND 5301504
	Bitmap Heap Scan on sbtest5  (cost=34.20..3697.24 rows=953 width=121)
	  Recheck Cond: ((id >= 5300505) AND (id <= 5301504))
	  ->  Bitmap Index Scan on sbtest5_pkey  (cost=0.00..33.97 rows=953 width=0)
	        Index Cond: ((id >= 5300505) AND (id <= 5301504))

table 6 : explain SELECT c FROM sbtest6 WHERE id BETWEEN 1586214 AND 1587213
	Bitmap Heap Scan on sbtest6  (cost=34.08..3654.51 rows=941 width=121)
	  Recheck Cond: ((id >= 1586214) AND (id <= 1587213))
	  ->  Bitmap Index Scan on sbtest6_pkey  (cost=0.00..33.84 rows=941 width=0)
	        Index Cond: ((id >= 1586214) AND (id <= 1587213))

table 7 : explain SELECT c FROM sbtest7 WHERE id BETWEEN 8265658 AND 8266657
	Bitmap Heap Scan on sbtest7  (cost=34.50..3814.97 rows=982 width=121)
	  Recheck Cond: ((id >= 8265658) AND (id <= 8266657))
	  ->  Bitmap Index Scan on sbtest7_pkey  (cost=0.00..34.26 rows=982 width=0)
	        Index Cond: ((id >= 8265658) AND (id <= 8266657))

table 8 : explain SELECT c FROM sbtest8 WHERE id BETWEEN 5640775 AND 5641774
	Index Scan using sbtest8_pkey on sbtest8  (cost=0.43..3524.49 rows=900 width=121)
	  Index Cond: ((id >= 5640775) AND (id <= 5641774))

for: sum_ranges
table 1 : explain SELECT SUM(k) FROM sbtest1 WHERE id BETWEEN 5204536 AND 5205535
	Aggregate  (cost=3872.86..3872.87 rows=1 width=8)
	  ->  Bitmap Heap Scan on sbtest1  (cost=34.66..3870.36 rows=998 width=4)
	        Recheck Cond: ((id >= 5204536) AND (id <= 5205535))
	        ->  Bitmap Index Scan on sbtest1_pkey  (cost=0.00..34.42 rows=998 width=0)
	              Index Cond: ((id >= 5204536) AND (id <= 5205535))

table 2 : explain SELECT SUM(k) FROM sbtest2 WHERE id BETWEEN 5777217 AND 5778216
	Aggregate  (cost=3368.53..3368.54 rows=1 width=8)
	  ->  Bitmap Heap Scan on sbtest2  (cost=29.31..3366.37 rows=866 width=4)
	        Recheck Cond: ((id >= 5777217) AND (id <= 5778216))
	        ->  Bitmap Index Scan on sbtest2_pkey  (cost=0.00..29.09 rows=866 width=0)
	              Index Cond: ((id >= 5777217) AND (id <= 5778216))

table 3 : explain SELECT SUM(k) FROM sbtest3 WHERE id BETWEEN 8979374 AND 8980373
	Aggregate  (cost=3969.06..3969.07 rows=1 width=8)
	  ->  Bitmap Heap Scan on sbtest3  (cost=34.92..3966.50 rows=1023 width=4)
	        Recheck Cond: ((id >= 8979374) AND (id <= 8980373))
	        ->  Bitmap Index Scan on sbtest3_pkey  (cost=0.00..34.67 rows=1023 width=0)
	              Index Cond: ((id >= 8979374) AND (id <= 8980373))

table 4 : explain SELECT SUM(k) FROM sbtest4 WHERE id BETWEEN 1019664 AND 1020663
	Aggregate  (cost=4164.48..4164.49 rows=1 width=8)
	  ->  Bitmap Heap Scan on sbtest4  (cost=35.44..4161.80 rows=1074 width=4)
	        Recheck Cond: ((id >= 1019664) AND (id <= 1020663))
	        ->  Bitmap Index Scan on sbtest4_pkey  (cost=0.00..35.18 rows=1074 width=0)
	              Index Cond: ((id >= 1019664) AND (id <= 1020663))

table 5 : explain SELECT SUM(k) FROM sbtest5 WHERE id BETWEEN 1243790 AND 1244789
	Aggregate  (cost=3839.28..3839.29 rows=1 width=8)
	  ->  Bitmap Heap Scan on sbtest5  (cost=34.58..3836.80 rows=990 width=4)
	        Recheck Cond: ((id >= 1243790) AND (id <= 1244789))
	        ->  Bitmap Index Scan on sbtest5_pkey  (cost=0.00..34.34 rows=990 width=0)
	              Index Cond: ((id >= 1243790) AND (id <= 1244789))

table 6 : explain SELECT SUM(k) FROM sbtest6 WHERE id BETWEEN 6589223 AND 6590222
	Aggregate  (cost=3951.51..3951.52 rows=1 width=8)
	  ->  Bitmap Heap Scan on sbtest6  (cost=34.88..3948.96 rows=1019 width=4)
	        Recheck Cond: ((id >= 6589223) AND (id <= 6590222))
	        ->  Bitmap Index Scan on sbtest6_pkey  (cost=0.00..34.62 rows=1019 width=0)
	              Index Cond: ((id >= 6589223) AND (id <= 6590222))

table 7 : explain SELECT SUM(k) FROM sbtest7 WHERE id BETWEEN 3812665 AND 3813664
	Aggregate  (cost=3885.55..3885.56 rows=1 width=8)
	  ->  Bitmap Heap Scan on sbtest7  (cost=34.69..3883.05 rows=1000 width=4)
	        Recheck Cond: ((id >= 3812665) AND (id <= 3813664))
	        ->  Bitmap Index Scan on sbtest7_pkey  (cost=0.00..34.44 rows=1000 width=0)
	              Index Cond: ((id >= 3812665) AND (id <= 3813664))

table 8 : explain SELECT SUM(k) FROM sbtest8 WHERE id BETWEEN 2090354 AND 2091353
	Aggregate  (cost=4103.01..4103.02 rows=1 width=8)
	  ->  Bitmap Heap Scan on sbtest8  (cost=35.28..4100.36 rows=1058 width=4)
	        Recheck Cond: ((id >= 2090354) AND (id <= 2091353))
	        ->  Bitmap Index Scan on sbtest8_pkey  (cost=0.00..35.02 rows=1058 width=0)
	              Index Cond: ((id >= 2090354) AND (id <= 2091353))

for: order_ranges
table 1 : explain SELECT c FROM sbtest1 WHERE id BETWEEN 9927672 AND 9928671 ORDER BY c
	Sort  (cost=3724.56..3726.93 rows=947 width=121)
	  Sort Key: c
	  ->  Bitmap Heap Scan on sbtest1  (cost=34.14..3677.74 rows=947 width=121)
	        Recheck Cond: ((id >= 9927672) AND (id <= 9928671))
	        ->  Bitmap Index Scan on sbtest1_pkey  (cost=0.00..33.91 rows=947 width=0)
	              Index Cond: ((id >= 9927672) AND (id <= 9928671))

table 2 : explain SELECT c FROM sbtest2 WHERE id BETWEEN 8297387 AND 8298386 ORDER BY c
	Sort  (cost=3727.53..3729.90 rows=948 width=121)
	  Sort Key: c
	  ->  Bitmap Heap Scan on sbtest2  (cost=34.15..3680.66 rows=948 width=121)
	        Recheck Cond: ((id >= 8297387) AND (id <= 8298386))
	        ->  Bitmap Index Scan on sbtest2_pkey  (cost=0.00..33.92 rows=948 width=0)
	              Index Cond: ((id >= 8297387) AND (id <= 8298386))

table 3 : explain SELECT c FROM sbtest3 WHERE id BETWEEN 5305243 AND 5306242 ORDER BY c
	Sort  (cost=4354.45..4357.23 rows=1110 width=121)
	  Sort Key: c
	  ->  Bitmap Heap Scan on sbtest3  (cost=39.81..4298.31 rows=1110 width=121)
	        Recheck Cond: ((id >= 5305243) AND (id <= 5306242))
	        ->  Bitmap Index Scan on sbtest3_pkey  (cost=0.00..39.54 rows=1110 width=0)
	              Index Cond: ((id >= 5305243) AND (id <= 5306242))

table 4 : explain SELECT c FROM sbtest4 WHERE id BETWEEN 8832317 AND 8833316 ORDER BY c
	Sort  (cost=3997.44..3999.99 rows=1017 width=121)
	  Sort Key: c
	  ->  Bitmap Heap Scan on sbtest4  (cost=34.86..3946.65 rows=1017 width=121)
	        Recheck Cond: ((id >= 8832317) AND (id <= 8833316))
	        ->  Bitmap Index Scan on sbtest4_pkey  (cost=0.00..34.61 rows=1017 width=0)
	              Index Cond: ((id >= 8832317) AND (id <= 8833316))

table 5 : explain SELECT c FROM sbtest5 WHERE id BETWEEN 2685140 AND 2686139 ORDER BY c
	Sort  (cost=3924.32..3926.82 rows=1000 width=121)
	  Sort Key: c
	  ->  Bitmap Heap Scan on sbtest5  (cost=34.69..3874.49 rows=1000 width=121)
	        Recheck Cond: ((id >= 2685140) AND (id <= 2686139))
	        ->  Bitmap Index Scan on sbtest5_pkey  (cost=0.00..34.44 rows=1000 width=0)
	              Index Cond: ((id >= 2685140) AND (id <= 2686139))

table 6 : explain SELECT c FROM sbtest6 WHERE id BETWEEN 8490497 AND 8491496 ORDER BY c
	Sort  (cost=3923.31..3925.80 rows=999 width=121)
	  Sort Key: c
	  ->  Bitmap Heap Scan on sbtest6  (cost=34.67..3873.53 rows=999 width=121)
	        Recheck Cond: ((id >= 8490497) AND (id <= 8491496))
	        ->  Bitmap Index Scan on sbtest6_pkey  (cost=0.00..34.43 rows=999 width=0)
	              Index Cond: ((id >= 8490497) AND (id <= 8491496))

table 7 : explain SELECT c FROM sbtest7 WHERE id BETWEEN 9523944 AND 9524943 ORDER BY c
	Sort  (cost=4044.14..4046.71 rows=1029 width=121)
	  Sort Key: c
	  ->  Bitmap Heap Scan on sbtest7  (cost=34.98..3992.65 rows=1029 width=121)
	        Recheck Cond: ((id >= 9523944) AND (id <= 9524943))
	        ->  Bitmap Index Scan on sbtest7_pkey  (cost=0.00..34.73 rows=1029 width=0)
	              Index Cond: ((id >= 9523944) AND (id <= 9524943))

table 8 : explain SELECT c FROM sbtest8 WHERE id BETWEEN 7796388 AND 7797387 ORDER BY c
	Sort  (cost=3896.90..3899.35 rows=982 width=121)
	  Sort Key: c
	  ->  Index Scan using sbtest8_pkey on sbtest8  (cost=0.43..3848.10 rows=982 width=121)
	        Index Cond: ((id >= 7796388) AND (id <= 7797387))

explain: for point_selects :: explain SELECT c FROM sbtest%u WHERE id=%u
explain: for point_selects :: explain SELECT c FROM sbtest%u WHERE id=%u
for: sum_ranges
table 1 : explain SELECT SUM(k) FROM sbtest1 WHERE id BETWEEN 8435739 AND 8436738
	Aggregate  (cost=3887.96..3887.97 rows=1 width=8)
	  ->  Bitmap Heap Scan on sbtest1  (cost=34.71..3885.45 rows=1002 width=4)
	        Recheck Cond: ((id >= 8435739) AND (id <= 8436738))
	        ->  Bitmap Index Scan on sbtest1_pkey  (cost=0.00..34.45 rows=1002 width=0)
	              Index Cond: ((id >= 8435739) AND (id <= 8436738))

table 2 : explain SELECT SUM(k) FROM sbtest2 WHERE id BETWEEN 913188 AND 914187
	Aggregate  (cost=3739.73..3739.74 rows=1 width=8)
	  ->  Bitmap Heap Scan on sbtest2  (cost=34.31..3737.32 rows=963 width=4)
	        Recheck Cond: ((id >= 913188) AND (id <= 914187))
	        ->  Bitmap Index Scan on sbtest2_pkey  (cost=0.00..34.07 rows=963 width=0)
	              Index Cond: ((id >= 913188) AND (id <= 914187))

table 3 : explain SELECT SUM(k) FROM sbtest3 WHERE id BETWEEN 5570686 AND 5571685
	Aggregate  (cost=4169.00..4169.01 rows=1 width=8)
	  ->  Bitmap Heap Scan on sbtest3  (cost=35.46..4166.31 rows=1076 width=4)
	        Recheck Cond: ((id >= 5570686) AND (id <= 5571685))
	        ->  Bitmap Index Scan on sbtest3_pkey  (cost=0.00..35.20 rows=1076 width=0)
	              Index Cond: ((id >= 5570686) AND (id <= 5571685))

table 4 : explain SELECT SUM(k) FROM sbtest4 WHERE id BETWEEN 710679 AND 711678
	Aggregate  (cost=3956.75..3956.76 rows=1 width=8)
	  ->  Bitmap Heap Scan on sbtest4  (cost=34.88..3954.20 rows=1019 width=4)
	        Recheck Cond: ((id >= 710679) AND (id <= 711678))
	        ->  Bitmap Index Scan on sbtest4_pkey  (cost=0.00..34.62 rows=1019 width=0)
	              Index Cond: ((id >= 710679) AND (id <= 711678))

table 5 : explain SELECT SUM(k) FROM sbtest5 WHERE id BETWEEN 1204252 AND 1205251
	Aggregate  (cost=3839.28..3839.29 rows=1 width=8)
	  ->  Bitmap Heap Scan on sbtest5  (cost=34.58..3836.80 rows=990 width=4)
	        Recheck Cond: ((id >= 1204252) AND (id <= 1205251))
	        ->  Bitmap Index Scan on sbtest5_pkey  (cost=0.00..34.34 rows=990 width=0)
	              Index Cond: ((id >= 1204252) AND (id <= 1205251))

table 6 : explain SELECT SUM(k) FROM sbtest6 WHERE id BETWEEN 8799510 AND 8800509
	Aggregate  (cost=3864.70..3864.71 rows=1 width=8)
	  ->  Bitmap Heap Scan on sbtest6  (cost=34.64..3862.21 rows=996 width=4)
	        Recheck Cond: ((id >= 8799510) AND (id <= 8800509))
	        ->  Bitmap Index Scan on sbtest6_pkey  (cost=0.00..34.40 rows=996 width=0)
	              Index Cond: ((id >= 8799510) AND (id <= 8800509))

table 7 : explain SELECT SUM(k) FROM sbtest7 WHERE id BETWEEN 9753905 AND 9754904
	Aggregate  (cost=4301.25..4301.26 rows=1 width=8)
	  ->  Bitmap Heap Scan on sbtest7  (cost=39.80..4298.48 rows=1109 width=4)
	        Recheck Cond: ((id >= 9753905) AND (id <= 9754904))
	        ->  Bitmap Index Scan on sbtest7_pkey  (cost=0.00..39.53 rows=1109 width=0)
	              Index Cond: ((id >= 9753905) AND (id <= 9754904))

table 8 : explain SELECT SUM(k) FROM sbtest8 WHERE id BETWEEN 4461222 AND 4462221
	Aggregate  (cost=3936.36..3936.37 rows=1 width=8)
	  ->  Index Scan using sbtest8_pkey on sbtest8  (cost=0.43..3933.85 rows=1004 width=4)
	        Index Cond: ((id >= 4461222) AND (id <= 4462221))

explain: for point_selects :: explain SELECT c FROM sbtest%u WHERE id=%u
for: order_ranges
table 1 : explain SELECT c FROM sbtest1 WHERE id BETWEEN 5565775 AND 5566774 ORDER BY c
	Sort  (cost=3736.07..3738.44 rows=950 width=121)
	  Sort Key: c
	  ->  Bitmap Heap Scan on sbtest1  (cost=34.17..3689.08 rows=950 width=121)
	        Recheck Cond: ((id >= 5565775) AND (id <= 5566774))
	        ->  Bitmap Index Scan on sbtest1_pkey  (cost=0.00..33.94 rows=950 width=0)
	              Index Cond: ((id >= 5565775) AND (id <= 5566774))

table 2 : explain SELECT c FROM sbtest2 WHERE id BETWEEN 25278 AND 26277 ORDER BY c
	Sort  (cost=4037.79..4040.36 rows=1029 width=121)
	  Sort Key: c
	  ->  Bitmap Heap Scan on sbtest2  (cost=34.98..3986.30 rows=1029 width=121)
	        Recheck Cond: ((id >= 25278) AND (id <= 26277))
	        ->  Bitmap Index Scan on sbtest2_pkey  (cost=0.00..34.73 rows=1029 width=0)
	              Index Cond: ((id >= 25278) AND (id <= 26277))

table 3 : explain SELECT c FROM sbtest3 WHERE id BETWEEN 6150359 AND 6151358 ORDER BY c
	Sort  (cost=4377.37..4380.16 rows=1116 width=121)
	  Sort Key: c
	  ->  Bitmap Heap Scan on sbtest3  (cost=39.87..4320.88 rows=1116 width=121)
	        Recheck Cond: ((id >= 6150359) AND (id <= 6151358))
	        ->  Bitmap Index Scan on sbtest3_pkey  (cost=0.00..39.59 rows=1116 width=0)
	              Index Cond: ((id >= 6150359) AND (id <= 6151358))

table 4 : explain SELECT c FROM sbtest4 WHERE id BETWEEN 9904568 AND 9905567 ORDER BY c
	Sort  (cost=3978.27..3980.80 rows=1012 width=121)
	  Sort Key: c
	  ->  Bitmap Heap Scan on sbtest4  (cost=34.81..3927.75 rows=1012 width=121)
	        Recheck Cond: ((id >= 9904568) AND (id <= 9905567))
	        ->  Bitmap Index Scan on sbtest4_pkey  (cost=0.00..34.56 rows=1012 width=0)
	              Index Cond: ((id >= 9904568) AND (id <= 9905567))

table 5 : explain SELECT c FROM sbtest5 WHERE id BETWEEN 2399266 AND 2400265 ORDER BY c
	Sort  (cost=4054.31..4056.89 rows=1034 width=121)
	  Sort Key: c
	  ->  Bitmap Heap Scan on sbtest5  (cost=35.03..4002.54 rows=1034 width=121)
	        Recheck Cond: ((id >= 2399266) AND (id <= 2400265))
	        ->  Bitmap Index Scan on sbtest5_pkey  (cost=0.00..34.78 rows=1034 width=0)
	              Index Cond: ((id >= 2399266) AND (id <= 2400265))

table 6 : explain SELECT c FROM sbtest6 WHERE id BETWEEN 2168991 AND 2169990 ORDER BY c
	Sort  (cost=4156.69..4159.34 rows=1060 width=121)
	  Sort Key: c
	  ->  Bitmap Heap Scan on sbtest6  (cost=35.30..4103.43 rows=1060 width=121)
	        Recheck Cond: ((id >= 2168991) AND (id <= 2169990))
	        ->  Bitmap Index Scan on sbtest6_pkey  (cost=0.00..35.04 rows=1060 width=0)
	              Index Cond: ((id >= 2168991) AND (id <= 2169990))

table 7 : explain SELECT c FROM sbtest7 WHERE id BETWEEN 7278279 AND 7279278 ORDER BY c
	Sort  (cost=3702.39..3704.74 rows=940 width=121)
	  Sort Key: c
	  ->  Bitmap Heap Scan on sbtest7  (cost=34.07..3655.97 rows=940 width=121)
	        Recheck Cond: ((id >= 7278279) AND (id <= 7279278))
	        ->  Bitmap Index Scan on sbtest7_pkey  (cost=0.00..33.84 rows=940 width=0)
	              Index Cond: ((id >= 7278279) AND (id <= 7279278))

table 8 : explain SELECT c FROM sbtest8 WHERE id BETWEEN 5484879 AND 5485878 ORDER BY c
	Sort  (cost=3825.74..3828.15 rows=964 width=121)
	  Sort Key: c
	  ->  Index Scan using sbtest8_pkey on sbtest8  (cost=0.43..3777.96 rows=964 width=121)
	        Index Cond: ((id >= 5484879) AND (id <= 5485878))

for: order_ranges
table 1 : explain SELECT c FROM sbtest1 WHERE id BETWEEN 6944569 AND 6945568 ORDER BY c
	Sort  (cost=3805.10..3807.52 rows=968 width=121)
	  Sort Key: c
	  ->  Bitmap Heap Scan on sbtest1  (cost=34.36..3757.10 rows=968 width=121)
	        Recheck Cond: ((id >= 6944569) AND (id <= 6945568))
	        ->  Bitmap Index Scan on sbtest1_pkey  (cost=0.00..34.12 rows=968 width=0)
	              Index Cond: ((id >= 6944569) AND (id <= 6945568))

table 2 : explain SELECT c FROM sbtest2 WHERE id BETWEEN 6266387 AND 6267386 ORDER BY c
	Sort  (cost=4163.97..4166.62 rows=1062 width=121)
	  Sort Key: c
	  ->  Bitmap Heap Scan on sbtest2  (cost=35.32..4110.59 rows=1062 width=121)
	        Recheck Cond: ((id >= 6266387) AND (id <= 6267386))
	        ->  Bitmap Index Scan on sbtest2_pkey  (cost=0.00..35.06 rows=1062 width=0)
	              Index Cond: ((id >= 6266387) AND (id <= 6267386))

table 3 : explain SELECT c FROM sbtest3 WHERE id BETWEEN 7325673 AND 7326672 ORDER BY c
	Sort  (cost=3944.85..3947.36 rows=1004 width=121)
	  Sort Key: c
	  ->  Bitmap Heap Scan on sbtest3  (cost=34.73..3894.79 rows=1004 width=121)
	        Recheck Cond: ((id >= 7325673) AND (id <= 7326672))
	        ->  Bitmap Index Scan on sbtest3_pkey  (cost=0.00..34.48 rows=1004 width=0)
	              Index Cond: ((id >= 7325673) AND (id <= 7326672))

table 4 : explain SELECT c FROM sbtest4 WHERE id BETWEEN 3084614 AND 3085613 ORDER BY c
	Sort  (cost=3897.69..3900.17 rows=991 width=121)
	  Sort Key: c
	  ->  Bitmap Heap Scan on sbtest4  (cost=34.59..3848.38 rows=991 width=121)
	        Recheck Cond: ((id >= 3084614) AND (id <= 3085613))
	        ->  Bitmap Index Scan on sbtest4_pkey  (cost=0.00..34.34 rows=991 width=0)
	              Index Cond: ((id >= 3084614) AND (id <= 3085613))

table 5 : explain SELECT c FROM sbtest5 WHERE id BETWEEN 6416666 AND 6417665 ORDER BY c
	Sort  (cost=3901.37..3903.85 rows=994 width=121)
	  Sort Key: c
	  ->  Bitmap Heap Scan on sbtest5  (cost=34.62..3851.88 rows=994 width=121)
	        Recheck Cond: ((id >= 6416666) AND (id <= 6417665))
	        ->  Bitmap Index Scan on sbtest5_pkey  (cost=0.00..34.38 rows=994 width=0)
	              Index Cond: ((id >= 6416666) AND (id <= 6417665))

table 6 : explain SELECT c FROM sbtest6 WHERE id BETWEEN 616850 AND 617849 ORDER BY c
	Sort  (cost=3865.85..3868.31 rows=984 width=121)
	  Sort Key: c
	  ->  Bitmap Heap Scan on sbtest6  (cost=34.52..3816.93 rows=984 width=121)
	        Recheck Cond: ((id >= 616850) AND (id <= 617849))
	        ->  Bitmap Index Scan on sbtest6_pkey  (cost=0.00..34.28 rows=984 width=0)
	              Index Cond: ((id >= 616850) AND (id <= 617849))

table 7 : explain SELECT c FROM sbtest7 WHERE id BETWEEN 1715144 AND 1716143 ORDER BY c
	Sort  (cost=3775.42..3777.82 rows=959 width=121)
	  Sort Key: c
	  ->  Bitmap Heap Scan on sbtest7  (cost=34.26..3727.93 rows=959 width=121)
	        Recheck Cond: ((id >= 1715144) AND (id <= 1716143))
	        ->  Bitmap Index Scan on sbtest7_pkey  (cost=0.00..34.03 rows=959 width=0)
	              Index Cond: ((id >= 1715144) AND (id <= 1716143))

table 8 : explain SELECT c FROM sbtest8 WHERE id BETWEEN 703956 AND 704955 ORDER BY c
	Sort  (cost=4019.49..4022.02 rows=1013 width=121)
	  Sort Key: c
	  ->  Index Scan using sbtest8_pkey on sbtest8  (cost=0.43..3968.92 rows=1013 width=121)
	        Index Cond: ((id >= 703956) AND (id <= 704955))

for: order_ranges
table 1 : explain SELECT c FROM sbtest1 WHERE id BETWEEN 269350 AND 270349 ORDER BY c
	Sort  (cost=3847.27..3849.72 rows=979 width=121)
	  Sort Key: c
	  ->  Bitmap Heap Scan on sbtest1  (cost=34.47..3798.64 rows=979 width=121)
	        Recheck Cond: ((id >= 269350) AND (id <= 270349))
	        ->  Bitmap Index Scan on sbtest1_pkey  (cost=0.00..34.23 rows=979 width=0)
	              Index Cond: ((id >= 269350) AND (id <= 270349))

table 2 : explain SELECT c FROM sbtest2 WHERE id BETWEEN 3471969 AND 3472968 ORDER BY c
	Sort  (cost=3735.20..3737.58 rows=950 width=121)
	  Sort Key: c
	  ->  Bitmap Heap Scan on sbtest2  (cost=34.17..3688.21 rows=950 width=121)
	        Recheck Cond: ((id >= 3471969) AND (id <= 3472968))
	        ->  Bitmap Index Scan on sbtest2_pkey  (cost=0.00..33.94 rows=950 width=0)
	              Index Cond: ((id >= 3471969) AND (id <= 3472968))

table 3 : explain SELECT c FROM sbtest3 WHERE id BETWEEN 2601924 AND 2602923 ORDER BY c
	Sort  (cost=3787.61..3790.02 rows=963 width=121)
	  Sort Key: c
	  ->  Bitmap Heap Scan on sbtest3  (cost=34.31..3739.89 rows=963 width=121)
	        Recheck Cond: ((id >= 2601924) AND (id <= 2602923))
	        ->  Bitmap Index Scan on sbtest3_pkey  (cost=0.00..34.07 rows=963 width=0)
	              Index Cond: ((id >= 2601924) AND (id <= 2602923))

table 4 : explain SELECT c FROM sbtest4 WHERE id BETWEEN 4920657 AND 4921656 ORDER BY c
	Sort  (cost=4051.13..4053.70 rows=1031 width=121)
	  Sort Key: c
	  ->  Bitmap Heap Scan on sbtest4  (cost=35.00..3999.53 rows=1031 width=121)
	        Recheck Cond: ((id >= 4920657) AND (id <= 4921656))
	        ->  Bitmap Index Scan on sbtest4_pkey  (cost=0.00..34.75 rows=1031 width=0)
	              Index Cond: ((id >= 4920657) AND (id <= 4921656))

table 5 : explain SELECT c FROM sbtest5 WHERE id BETWEEN 9039452 AND 9040451 ORDER BY c
	Sort  (cost=4218.51..4221.20 rows=1077 width=121)
	  Sort Key: c
	  ->  Bitmap Heap Scan on sbtest5  (cost=35.47..4164.27 rows=1077 width=121)
	        Recheck Cond: ((id >= 9039452) AND (id <= 9040451))
	        ->  Bitmap Index Scan on sbtest5_pkey  (cost=0.00..35.20 rows=1077 width=0)
	              Index Cond: ((id >= 9039452) AND (id <= 9040451))

table 6 : explain SELECT c FROM sbtest6 WHERE id BETWEEN 837723 AND 838722 ORDER BY c
	Sort  (cost=4355.48..4358.26 rows=1111 width=121)
	  Sort Key: c
	  ->  Bitmap Heap Scan on sbtest6  (cost=39.82..4299.28 rows=1111 width=121)
	        Recheck Cond: ((id >= 837723) AND (id <= 838722))
	        ->  Bitmap Index Scan on sbtest6_pkey  (cost=0.00..39.55 rows=1111 width=0)
	              Index Cond: ((id >= 837723) AND (id <= 838722))

table 7 : explain SELECT c FROM sbtest7 WHERE id BETWEEN 2064612 AND 2065611 ORDER BY c
	Sort  (cost=3813.85..3816.27 rows=969 width=121)
	  Sort Key: c
	  ->  Bitmap Heap Scan on sbtest7  (cost=34.37..3765.78 rows=969 width=121)
	        Recheck Cond: ((id >= 2064612) AND (id <= 2065611))
	        ->  Bitmap Index Scan on sbtest7_pkey  (cost=0.00..34.12 rows=969 width=0)
	              Index Cond: ((id >= 2064612) AND (id <= 2065611))

table 8 : explain SELECT c FROM sbtest8 WHERE id BETWEEN 4463138 AND 4464137 ORDER BY c
	Sort  (cost=3983.91..3986.42 rows=1004 width=121)
	  Sort Key: c
	  ->  Index Scan using sbtest8_pkey on sbtest8  (cost=0.43..3933.85 rows=1004 width=121)
	        Index Cond: ((id >= 4463138) AND (id <= 4464137))

for point_selects
table 1 : explain SELECT c FROM sbtest1 WHERE id=9845719
	Index Scan using sbtest1_pkey on sbtest1  (cost=0.43..8.45 rows=1 width=121)
	  Index Cond: (id = 9845719)

table 2 : explain SELECT c FROM sbtest2 WHERE id=9001443
	Index Scan using sbtest2_pkey on sbtest2  (cost=0.43..8.45 rows=1 width=121)
	  Index Cond: (id = 9001443)

table 3 : explain SELECT c FROM sbtest3 WHERE id=4709183
	Index Scan using sbtest3_pkey on sbtest3  (cost=0.43..8.45 rows=1 width=121)
	  Index Cond: (id = 4709183)

table 4 : explain SELECT c FROM sbtest4 WHERE id=3033857
	Index Scan using sbtest4_pkey on sbtest4  (cost=0.43..8.45 rows=1 width=121)
	  Index Cond: (id = 3033857)

table 5 : explain SELECT c FROM sbtest5 WHERE id=1319800
	Index Scan using sbtest5_pkey on sbtest5  (cost=0.43..8.45 rows=1 width=121)
	  Index Cond: (id = 1319800)

table 6 : explain SELECT c FROM sbtest6 WHERE id=1654650
	Index Scan using sbtest6_pkey on sbtest6  (cost=0.43..8.45 rows=1 width=121)
	  Index Cond: (id = 1654650)

table 7 : explain SELECT c FROM sbtest7 WHERE id=1302607
	Index Scan using sbtest7_pkey on sbtest7  (cost=0.43..8.45 rows=1 width=121)
	  Index Cond: (id = 1302607)

table 8 : explain SELECT c FROM sbtest8 WHERE id=8653122
	Index Scan using sbtest8_pkey on sbtest8  (cost=0.43..8.45 rows=1 width=121)
	  Index Cond: (id = 8653122)

for: distinct_ranges
table 1 : explain SELECT DISTINCT c FROM sbtest1 WHERE id BETWEEN 8294248 AND 8295247 ORDER BY c
	Unique  (cost=4176.46..4181.79 rows=1065 width=121)
	  ->  Sort  (cost=4176.46..4179.13 rows=1065 width=121)
	        Sort Key: c
	        ->  Bitmap Heap Scan on sbtest1  (cost=35.35..4122.91 rows=1065 width=121)
	              Recheck Cond: ((id >= 8294248) AND (id <= 8295247))
	              ->  Bitmap Index Scan on sbtest1_pkey  (cost=0.00..35.09 rows=1065 width=0)
	                    Index Cond: ((id >= 8294248) AND (id <= 8295247))

table 2 : explain SELECT DISTINCT c FROM sbtest2 WHERE id BETWEEN 4048352 AND 4049351 ORDER BY c
	Unique  (cost=3869.35..3874.28 rows=985 width=121)
	  ->  Sort  (cost=3869.35..3871.81 rows=985 width=121)
	        Sort Key: c
	        ->  Bitmap Heap Scan on sbtest2  (cost=34.53..3820.38 rows=985 width=121)
	              Recheck Cond: ((id >= 4048352) AND (id <= 4049351))
	              ->  Bitmap Index Scan on sbtest2_pkey  (cost=0.00..34.29 rows=985 width=0)
	                    Index Cond: ((id >= 4048352) AND (id <= 4049351))

table 3 : explain SELECT DISTINCT c FROM sbtest3 WHERE id BETWEEN 2160751 AND 2161750 ORDER BY c
	Unique  (cost=3883.51..3888.45 rows=988 width=121)
	  ->  Sort  (cost=3883.51..3885.98 rows=988 width=121)
	        Sort Key: c
	        ->  Bitmap Heap Scan on sbtest3  (cost=34.56..3834.37 rows=988 width=121)
	              Recheck Cond: ((id >= 2160751) AND (id <= 2161750))
	              ->  Bitmap Index Scan on sbtest3_pkey  (cost=0.00..34.32 rows=988 width=0)
	                    Index Cond: ((id >= 2160751) AND (id <= 2161750))

table 4 : explain SELECT DISTINCT c FROM sbtest4 WHERE id BETWEEN 6144200 AND 6145199 ORDER BY c
	Unique  (cost=3863.14..3868.05 rows=982 width=121)
	  ->  Sort  (cost=3863.14..3865.60 rows=982 width=121)
	        Sort Key: c
	        ->  Bitmap Heap Scan on sbtest4  (cost=34.50..3814.34 rows=982 width=121)
	              Recheck Cond: ((id >= 6144200) AND (id <= 6145199))
	              ->  Bitmap Index Scan on sbtest4_pkey  (cost=0.00..34.26 rows=982 width=0)
	                    Index Cond: ((id >= 6144200) AND (id <= 6145199))

table 5 : explain SELECT DISTINCT c FROM sbtest5 WHERE id BETWEEN 3410527 AND 3411526 ORDER BY c
	Unique  (cost=4398.01..4403.63 rows=1124 width=121)
	  ->  Sort  (cost=4398.01..4400.82 rows=1124 width=121)
	        Sort Key: c
	        ->  Bitmap Heap Scan on sbtest5  (cost=39.96..4341.05 rows=1124 width=121)
	              Recheck Cond: ((id >= 3410527) AND (id <= 3411526))
	              ->  Bitmap Index Scan on sbtest5_pkey  (cost=0.00..39.68 rows=1124 width=0)
	                    Index Cond: ((id >= 3410527) AND (id <= 3411526))

table 6 : explain SELECT DISTINCT c FROM sbtest6 WHERE id BETWEEN 7105452 AND 7106451 ORDER BY c
	Unique  (cost=4064.92..4070.10 rows=1036 width=121)
	  ->  Sort  (cost=4064.92..4067.51 rows=1036 width=121)
	        Sort Key: c
	        ->  Bitmap Heap Scan on sbtest6  (cost=35.05..4013.03 rows=1036 width=121)
	              Recheck Cond: ((id >= 7105452) AND (id <= 7106451))
	              ->  Bitmap Index Scan on sbtest6_pkey  (cost=0.00..34.80 rows=1036 width=0)
	                    Index Cond: ((id >= 7105452) AND (id <= 7106451))

table 7 : explain SELECT DISTINCT c FROM sbtest7 WHERE id BETWEEN 1150165 AND 1151164 ORDER BY c
	Unique  (cost=3763.89..3768.67 rows=956 width=121)
	  ->  Sort  (cost=3763.89..3766.28 rows=956 width=121)
	        Sort Key: c
	        ->  Bitmap Heap Scan on sbtest7  (cost=34.23..3716.57 rows=956 width=121)
	              Recheck Cond: ((id >= 1150165) AND (id <= 1151164))
	              ->  Bitmap Index Scan on sbtest7_pkey  (cost=0.00..34.00 rows=956 width=0)
	                    Index Cond: ((id >= 1150165) AND (id <= 1151164))

table 8 : explain SELECT DISTINCT c FROM sbtest8 WHERE id BETWEEN 7108383 AND 7109382 ORDER BY c
	Unique  (cost=4341.18..4346.71 rows=1106 width=121)
	  ->  Sort  (cost=4341.18..4343.94 rows=1106 width=121)
	        Sort Key: c
	        ->  Bitmap Heap Scan on sbtest8  (cost=39.77..4285.26 rows=1106 width=121)
	              Recheck Cond: ((id >= 7108383) AND (id <= 7109382))
	              ->  Bitmap Index Scan on sbtest8_pkey  (cost=0.00..39.50 rows=1106 width=0)
	                    Index Cond: ((id >= 7108383) AND (id <= 7109382))

for: distinct_ranges
table 1 : explain SELECT DISTINCT c FROM sbtest1 WHERE id BETWEEN 4657666 AND 4658665 ORDER BY c
	Unique  (cost=3455.53..3459.92 rows=878 width=121)
	  ->  Sort  (cost=3455.53..3457.72 rows=878 width=121)
	        Sort Key: c
	        ->  Bitmap Heap Scan on sbtest1  (cost=29.43..3412.60 rows=878 width=121)
	              Recheck Cond: ((id >= 4657666) AND (id <= 4658665))
	              ->  Bitmap Index Scan on sbtest1_pkey  (cost=0.00..29.21 rows=878 width=0)
	                    Index Cond: ((id >= 4657666) AND (id <= 4658665))

table 2 : explain SELECT DISTINCT c FROM sbtest2 WHERE id BETWEEN 7615046 AND 7616045 ORDER BY c
	Unique  (cost=4477.23..4482.95 rows=1144 width=121)
	  ->  Sort  (cost=4477.23..4480.09 rows=1144 width=121)
	        Sort Key: c
	        ->  Bitmap Heap Scan on sbtest2  (cost=40.16..4419.11 rows=1144 width=121)
	              Recheck Cond: ((id >= 7615046) AND (id <= 7616045))
	              ->  Bitmap Index Scan on sbtest2_pkey  (cost=0.00..39.88 rows=1144 width=0)
	                    Index Cond: ((id >= 7615046) AND (id <= 7616045))

table 3 : explain SELECT DISTINCT c FROM sbtest3 WHERE id BETWEEN 873037 AND 874036 ORDER BY c
	Unique  (cost=4163.12..4168.42 rows=1061 width=121)
	  ->  Sort  (cost=4163.12..4165.77 rows=1061 width=121)
	        Sort Key: c
	        ->  Bitmap Heap Scan on sbtest3  (cost=35.31..4109.79 rows=1061 width=121)
	              Recheck Cond: ((id >= 873037) AND (id <= 874036))
	              ->  Bitmap Index Scan on sbtest3_pkey  (cost=0.00..35.05 rows=1061 width=0)
	                    Index Cond: ((id >= 873037) AND (id <= 874036))

table 4 : explain SELECT DISTINCT c FROM sbtest4 WHERE id BETWEEN 6890151 AND 6891150 ORDER BY c
	Unique  (cost=4139.27..4144.54 rows=1054 width=121)
	  ->  Sort  (cost=4139.27..4141.90 rows=1054 width=121)
	        Sort Key: c
	        ->  Bitmap Heap Scan on sbtest4  (cost=35.24..4086.35 rows=1054 width=121)
	              Recheck Cond: ((id >= 6890151) AND (id <= 6891150))
	              ->  Bitmap Index Scan on sbtest4_pkey  (cost=0.00..34.98 rows=1054 width=0)
	                    Index Cond: ((id >= 6890151) AND (id <= 6891150))

table 5 : explain SELECT DISTINCT c FROM sbtest5 WHERE id BETWEEN 7272236 AND 7273235 ORDER BY c
	Unique  (cost=4375.14..4380.73 rows=1118 width=121)
	  ->  Sort  (cost=4375.14..4377.93 rows=1118 width=121)
	        Sort Key: c
	        ->  Bitmap Heap Scan on sbtest5  (cost=39.89..4318.53 rows=1118 width=121)
	              Recheck Cond: ((id >= 7272236) AND (id <= 7273235))
	              ->  Bitmap Index Scan on sbtest5_pkey  (cost=0.00..39.62 rows=1118 width=0)
	                    Index Cond: ((id >= 7272236) AND (id <= 7273235))

table 6 : explain SELECT DISTINCT c FROM sbtest6 WHERE id BETWEEN 9462705 AND 9463704 ORDER BY c
	Unique  (cost=4221.65..4227.04 rows=1077 width=121)
	  ->  Sort  (cost=4221.65..4224.35 rows=1077 width=121)
	        Sort Key: c
	        ->  Bitmap Heap Scan on sbtest6  (cost=35.47..4167.41 rows=1077 width=121)
	              Recheck Cond: ((id >= 9462705) AND (id <= 9463704))
	              ->  Bitmap Index Scan on sbtest6_pkey  (cost=0.00..35.20 rows=1077 width=0)
	                    Index Cond: ((id >= 9462705) AND (id <= 9463704))

table 7 : explain SELECT DISTINCT c FROM sbtest7 WHERE id BETWEEN 8425723 AND 8426722 ORDER BY c
	Unique  (cost=3813.85..3818.69 rows=969 width=121)
	  ->  Sort  (cost=3813.85..3816.27 rows=969 width=121)
	        Sort Key: c
	        ->  Bitmap Heap Scan on sbtest7  (cost=34.37..3765.78 rows=969 width=121)
	              Recheck Cond: ((id >= 8425723) AND (id <= 8426722))
	              ->  Bitmap Index Scan on sbtest7_pkey  (cost=0.00..34.12 rows=969 width=0)
	                    Index Cond: ((id >= 8425723) AND (id <= 8426722))

table 8 : explain SELECT DISTINCT c FROM sbtest8 WHERE id BETWEEN 2239928 AND 2240927 ORDER BY c
	Unique  (cost=3885.04..3889.93 rows=979 width=121)
	  ->  Sort  (cost=3885.04..3887.49 rows=979 width=121)
	        Sort Key: c
	        ->  Index Scan using sbtest8_pkey on sbtest8  (cost=0.43..3836.41 rows=979 width=121)
	              Index Cond: ((id >= 2239928) AND (id <= 2240927))

for: order_ranges
table 1 : explain SELECT c FROM sbtest1 WHERE id BETWEEN 3899063 AND 3900062 ORDER BY c
	Sort  (cost=4310.37..4313.12 rows=1099 width=121)
	  Sort Key: c
	  ->  Bitmap Heap Scan on sbtest1  (cost=39.70..4254.86 rows=1099 width=121)
	        Recheck Cond: ((id >= 3899063) AND (id <= 3900062))
	        ->  Bitmap Index Scan on sbtest1_pkey  (cost=0.00..39.43 rows=1099 width=0)
	              Index Cond: ((id >= 3899063) AND (id <= 3900062))

table 2 : explain SELECT c FROM sbtest2 WHERE id BETWEEN 2204155 AND 2205154 ORDER BY c
	Sort  (cost=3643.12..3645.44 rows=926 width=121)
	  Sort Key: c
	  ->  Bitmap Heap Scan on sbtest2  (cost=33.93..3597.50 rows=926 width=121)
	        Recheck Cond: ((id >= 2204155) AND (id <= 2205154))
	        ->  Bitmap Index Scan on sbtest2_pkey  (cost=0.00..33.70 rows=926 width=0)
	              Index Cond: ((id >= 2204155) AND (id <= 2205154))

table 3 : explain SELECT c FROM sbtest3 WHERE id BETWEEN 5927693 AND 5928692 ORDER BY c
	Sort  (cost=4224.32..4227.01 rows=1077 width=121)
	  Sort Key: c
	  ->  Bitmap Heap Scan on sbtest3  (cost=35.47..4170.08 rows=1077 width=121)
	        Recheck Cond: ((id >= 5927693) AND (id <= 5928692))
	        ->  Bitmap Index Scan on sbtest3_pkey  (cost=0.00..35.20 rows=1077 width=0)
	              Index Cond: ((id >= 5927693) AND (id <= 5928692))

table 4 : explain SELECT c FROM sbtest4 WHERE id BETWEEN 3156471 AND 3157470 ORDER BY c
	Sort  (cost=3897.69..3900.17 rows=991 width=121)
	  Sort Key: c
	  ->  Bitmap Heap Scan on sbtest4  (cost=34.59..3848.38 rows=991 width=121)
	        Recheck Cond: ((id >= 3156471) AND (id <= 3157470))
	        ->  Bitmap Index Scan on sbtest4_pkey  (cost=0.00..34.34 rows=991 width=0)
	              Index Cond: ((id >= 3156471) AND (id <= 3157470))

table 5 : explain SELECT c FROM sbtest5 WHERE id BETWEEN 507733 AND 508732 ORDER BY c
	Sort  (cost=3729.07..3731.45 rows=949 width=121)
	  Sort Key: c
	  ->  Bitmap Heap Scan on sbtest5  (cost=34.16..3682.14 rows=949 width=121)
	        Recheck Cond: ((id >= 507733) AND (id <= 508732))
	        ->  Bitmap Index Scan on sbtest5_pkey  (cost=0.00..33.93 rows=949 width=0)
	              Index Cond: ((id >= 507733) AND (id <= 508732))

table 6 : explain SELECT c FROM sbtest6 WHERE id BETWEEN 3595732 AND 3596731 ORDER BY c
	Sort  (cost=4171.98..4174.64 rows=1064 width=121)
	  Sort Key: c
	  ->  Bitmap Heap Scan on sbtest6  (cost=35.34..4118.48 rows=1064 width=121)
	        Recheck Cond: ((id >= 3595732) AND (id <= 3596731))
	        ->  Bitmap Index Scan on sbtest6_pkey  (cost=0.00..35.08 rows=1064 width=0)
	              Index Cond: ((id >= 3595732) AND (id <= 3596731))

table 7 : explain SELECT c FROM sbtest7 WHERE id BETWEEN 9638891 AND 9639890 ORDER BY c
	Sort  (cost=4170.63..4173.28 rows=1062 width=121)
	  Sort Key: c
	  ->  Bitmap Heap Scan on sbtest7  (cost=35.32..4117.25 rows=1062 width=121)
	        Recheck Cond: ((id >= 9638891) AND (id <= 9639890))
	        ->  Bitmap Index Scan on sbtest7_pkey  (cost=0.00..35.06 rows=1062 width=0)
	              Index Cond: ((id >= 9638891) AND (id <= 9639890))

table 8 : explain SELECT c FROM sbtest8 WHERE id BETWEEN 5922304 AND 5923303 ORDER BY c
	Sort  (cost=3877.13..3879.57 rows=977 width=121)
	  Sort Key: c
	  ->  Index Scan using sbtest8_pkey on sbtest8  (cost=0.43..3828.61 rows=977 width=121)
	        Index Cond: ((id >= 5922304) AND (id <= 5923303))

for: order_ranges
table 1 : explain SELECT c FROM sbtest1 WHERE id BETWEEN 5702335 AND 5703334 ORDER BY c
	Sort  (cost=4145.88..4148.52 rows=1057 width=121)
	  Sort Key: c
	  ->  Bitmap Heap Scan on sbtest1  (cost=35.27..4092.78 rows=1057 width=121)
	        Recheck Cond: ((id >= 5702335) AND (id <= 5703334))
	        ->  Bitmap Index Scan on sbtest1_pkey  (cost=0.00..35.01 rows=1057 width=0)
	              Index Cond: ((id >= 5702335) AND (id <= 5703334))

table 2 : explain SELECT c FROM sbtest2 WHERE id BETWEEN 8743254 AND 8744253 ORDER BY c
	Sort  (cost=3712.19..3714.55 rows=944 width=121)
	  Sort Key: c
	  ->  Bitmap Heap Scan on sbtest2  (cost=34.11..3665.54 rows=944 width=121)
	        Recheck Cond: ((id >= 8743254) AND (id <= 8744253))
	        ->  Bitmap Index Scan on sbtest2_pkey  (cost=0.00..33.88 rows=944 width=0)
	              Index Cond: ((id >= 8743254) AND (id <= 8744253))

table 3 : explain SELECT c FROM sbtest3 WHERE id BETWEEN 9503604 AND 9504603 ORDER BY c
	Sort  (cost=3768.42..3770.82 rows=958 width=121)
	  Sort Key: c
	  ->  Bitmap Heap Scan on sbtest3  (cost=34.25..3720.99 rows=958 width=121)
	        Recheck Cond: ((id >= 9503604) AND (id <= 9504603))
	        ->  Bitmap Index Scan on sbtest3_pkey  (cost=0.00..34.02 rows=958 width=0)
	              Index Cond: ((id >= 9503604) AND (id <= 9504603))

table 4 : explain SELECT c FROM sbtest4 WHERE id BETWEEN 5330297 AND 5331296 ORDER BY c
	Sort  (cost=4089.46..4092.06 rows=1041 width=121)
	  Sort Key: c
	  ->  Bitmap Heap Scan on sbtest4  (cost=35.11..4037.28 rows=1041 width=121)
	        Recheck Cond: ((id >= 5330297) AND (id <= 5331296))
	        ->  Bitmap Index Scan on sbtest4_pkey  (cost=0.00..34.84 rows=1041 width=0)
	              Index Cond: ((id >= 5330297) AND (id <= 5331296))

table 5 : explain SELECT c FROM sbtest5 WHERE id BETWEEN 7816610 AND 7817609 ORDER BY c
	Sort  (cost=4233.77..4236.47 rows=1081 width=121)
	  Sort Key: c
	  ->  Bitmap Heap Scan on sbtest5  (cost=35.52..4179.30 rows=1081 width=121)
	        Recheck Cond: ((id >= 7816610) AND (id <= 7817609))
	        ->  Bitmap Index Scan on sbtest5_pkey  (cost=0.00..35.25 rows=1081 width=0)
	              Index Cond: ((id >= 7816610) AND (id <= 7817609))

table 6 : explain SELECT c FROM sbtest6 WHERE id BETWEEN 3040707 AND 3041706 ORDER BY c
	Sort  (cost=3953.94..3956.46 rows=1007 width=121)
	  Sort Key: c
	  ->  Bitmap Heap Scan on sbtest6  (cost=34.76..3903.71 rows=1007 width=121)
	        Recheck Cond: ((id >= 3040707) AND (id <= 3041706))
	        ->  Bitmap Index Scan on sbtest6_pkey  (cost=0.00..34.51 rows=1007 width=0)
	              Index Cond: ((id >= 3040707) AND (id <= 3041706))

table 7 : explain SELECT c FROM sbtest7 WHERE id BETWEEN 1644740 AND 1645739 ORDER BY c
	Sort  (cost=4063.31..4065.90 rows=1034 width=121)
	  Sort Key: c
	  ->  Bitmap Heap Scan on sbtest7  (cost=35.03..4011.54 rows=1034 width=121)
	        Recheck Cond: ((id >= 1644740) AND (id <= 1645739))
	        ->  Bitmap Index Scan on sbtest7_pkey  (cost=0.00..34.78 rows=1034 width=0)
	              Index Cond: ((id >= 1644740) AND (id <= 1645739))

table 8 : explain SELECT c FROM sbtest8 WHERE id BETWEEN 96701 AND 97700 ORDER BY c
	Sort  (cost=4047.17..4049.72 rows=1020 width=121)
	  Sort Key: c
	  ->  Index Scan using sbtest8_pkey on sbtest8  (cost=0.43..3996.20 rows=1020 width=121)
	        Index Cond: ((id >= 96701) AND (id <= 97700))

for: simple_ranges
table 1 : explain SELECT c FROM sbtest1 WHERE id BETWEEN 9789015 AND 9790014
	Bitmap Heap Scan on sbtest1  (cost=34.64..3862.81 rows=996 width=121)
	  Recheck Cond: ((id >= 9789015) AND (id <= 9790014))
	  ->  Bitmap Index Scan on sbtest1_pkey  (cost=0.00..34.40 rows=996 width=0)
	        Index Cond: ((id >= 9789015) AND (id <= 9790014))

table 2 : explain SELECT c FROM sbtest2 WHERE id BETWEEN 302721 AND 303720
	Bitmap Heap Scan on sbtest2  (cost=34.11..3665.54 rows=944 width=121)
	  Recheck Cond: ((id >= 302721) AND (id <= 303720))
	  ->  Bitmap Index Scan on sbtest2_pkey  (cost=0.00..33.88 rows=944 width=0)
	        Index Cond: ((id >= 302721) AND (id <= 303720))

table 3 : explain SELECT c FROM sbtest3 WHERE id BETWEEN 840412 AND 841411
	Bitmap Heap Scan on sbtest3  (cost=35.31..4109.79 rows=1061 width=121)
	  Recheck Cond: ((id >= 840412) AND (id <= 841411))
	  ->  Bitmap Index Scan on sbtest3_pkey  (cost=0.00..35.05 rows=1061 width=0)
	        Index Cond: ((id >= 840412) AND (id <= 841411))

table 4 : explain SELECT c FROM sbtest4 WHERE id BETWEEN 2446177 AND 2447176
	Bitmap Heap Scan on sbtest4  (cost=34.67..3878.62 rows=999 width=121)
	  Recheck Cond: ((id >= 2446177) AND (id <= 2447176))
	  ->  Bitmap Index Scan on sbtest4_pkey  (cost=0.00..34.43 rows=999 width=0)
	        Index Cond: ((id >= 2446177) AND (id <= 2447176))

table 5 : explain SELECT c FROM sbtest5 WHERE id BETWEEN 6854036 AND 6855035
	Bitmap Heap Scan on sbtest5  (cost=34.63..3855.65 rows=995 width=121)
	  Recheck Cond: ((id >= 6854036) AND (id <= 6855035))
	  ->  Bitmap Index Scan on sbtest5_pkey  (cost=0.00..34.39 rows=995 width=0)
	        Index Cond: ((id >= 6854036) AND (id <= 6855035))

table 6 : explain SELECT c FROM sbtest6 WHERE id BETWEEN 3768599 AND 3769598
	Bitmap Heap Scan on sbtest6  (cost=35.25..4084.60 rows=1055 width=121)
	  Recheck Cond: ((id >= 3768599) AND (id <= 3769598))
	  ->  Bitmap Index Scan on sbtest6_pkey  (cost=0.00..34.98 rows=1055 width=0)
	        Index Cond: ((id >= 3768599) AND (id <= 3769598))

table 7 : explain SELECT c FROM sbtest7 WHERE id BETWEEN 9554028 AND 9555027
	Bitmap Heap Scan on sbtest7  (cost=34.98..3992.65 rows=1029 width=121)
	  Recheck Cond: ((id >= 9554028) AND (id <= 9555027))
	  ->  Bitmap Index Scan on sbtest7_pkey  (cost=0.00..34.73 rows=1029 width=0)
	        Index Cond: ((id >= 9554028) AND (id <= 9555027))

table 8 : explain SELECT c FROM sbtest8 WHERE id BETWEEN 3801771 AND 3802770
	Bitmap Heap Scan on sbtest8  (cost=40.14..4420.76 rows=1142 width=121)
	  Recheck Cond: ((id >= 3801771) AND (id <= 3802770))
	  ->  Bitmap Index Scan on sbtest8_pkey  (cost=0.00..39.86 rows=1142 width=0)
	        Index Cond: ((id >= 3801771) AND (id <= 3802770))

for point_selects
table 1 : explain SELECT c FROM sbtest1 WHERE id=6838646
	Index Scan using sbtest1_pkey on sbtest1  (cost=0.43..8.45 rows=1 width=121)
	  Index Cond: (id = 6838646)

table 2 : explain SELECT c FROM sbtest2 WHERE id=9770730
	Index Scan using sbtest2_pkey on sbtest2  (cost=0.43..8.45 rows=1 width=121)
	  Index Cond: (id = 9770730)

table 3 : explain SELECT c FROM sbtest3 WHERE id=4272580
	Index Scan using sbtest3_pkey on sbtest3  (cost=0.43..8.45 rows=1 width=121)
	  Index Cond: (id = 4272580)

table 4 : explain SELECT c FROM sbtest4 WHERE id=7057332
	Index Scan using sbtest4_pkey on sbtest4  (cost=0.43..8.45 rows=1 width=121)
	  Index Cond: (id = 7057332)

table 5 : explain SELECT c FROM sbtest5 WHERE id=9521699
	Index Scan using sbtest5_pkey on sbtest5  (cost=0.43..8.45 rows=1 width=121)
	  Index Cond: (id = 9521699)

table 6 : explain SELECT c FROM sbtest6 WHERE id=878763
	Index Scan using sbtest6_pkey on sbtest6  (cost=0.43..8.45 rows=1 width=121)
	  Index Cond: (id = 878763)

table 7 : explain SELECT c FROM sbtest7 WHERE id=8008619
	Index Scan using sbtest7_pkey on sbtest7  (cost=0.43..8.45 rows=1 width=121)
	  Index Cond: (id = 8008619)

table 8 : explain SELECT c FROM sbtest8 WHERE id=1278904
	Index Scan using sbtest8_pkey on sbtest8  (cost=0.43..8.45 rows=1 width=121)
	  Index Cond: (id = 1278904)

explain: for point_selects :: explain SELECT c FROM sbtest%u WHERE id=%u
explain: for point_selects :: explain SELECT c FROM sbtest%u WHERE id=%u
explain: for point_selects :: explain SELECT c FROM sbtest%u WHERE id=%u
for: sum_ranges
table 1 : explain SELECT SUM(k) FROM sbtest1 WHERE id BETWEEN 3693086 AND 3694085
	Aggregate  (cost=3486.82..3486.83 rows=1 width=8)
	  ->  Bitmap Heap Scan on sbtest1  (cost=29.63..3484.57 rows=897 width=4)
	        Recheck Cond: ((id >= 3693086) AND (id <= 3694085))
	        ->  Bitmap Index Scan on sbtest1_pkey  (cost=0.00..29.40 rows=897 width=0)
	              Index Cond: ((id >= 3693086) AND (id <= 3694085))

table 2 : explain SELECT SUM(k) FROM sbtest2 WHERE id BETWEEN 9054905 AND 9055904
	Aggregate  (cost=4132.08..4132.09 rows=1 width=8)
	  ->  Bitmap Heap Scan on sbtest2  (cost=35.37..4129.41 rows=1067 width=4)
	        Recheck Cond: ((id >= 9054905) AND (id <= 9055904))
	        ->  Bitmap Index Scan on sbtest2_pkey  (cost=0.00..35.11 rows=1067 width=0)
	              Index Cond: ((id >= 9054905) AND (id <= 9055904))

table 3 : explain SELECT SUM(k) FROM sbtest3 WHERE id BETWEEN 5283175 AND 5284174
	Aggregate  (cost=4301.08..4301.09 rows=1 width=8)
	  ->  Bitmap Heap Scan on sbtest3  (cost=39.81..4298.31 rows=1110 width=4)
	        Recheck Cond: ((id >= 5283175) AND (id <= 5284174))
	        ->  Bitmap Index Scan on sbtest3_pkey  (cost=0.00..39.54 rows=1110 width=0)
	              Index Cond: ((id >= 5283175) AND (id <= 5284174))

table 4 : explain SELECT SUM(k) FROM sbtest4 WHERE id BETWEEN 6343513 AND 6344512
	Aggregate  (cost=3850.85..3850.86 rows=1 width=8)
	  ->  Bitmap Heap Scan on sbtest4  (cost=34.59..3848.38 rows=991 width=4)
	        Recheck Cond: ((id >= 6343513) AND (id <= 6344512))
	        ->  Bitmap Index Scan on sbtest4_pkey  (cost=0.00..34.34 rows=991 width=0)
	              Index Cond: ((id >= 6343513) AND (id <= 6344512))

table 5 : explain SELECT SUM(k) FROM sbtest5 WHERE id BETWEEN 2293540 AND 2294539
	Aggregate  (cost=3574.92..3574.93 rows=1 width=8)
	  ->  Bitmap Heap Scan on sbtest5  (cost=33.87..3572.62 rows=920 width=4)
	        Recheck Cond: ((id >= 2293540) AND (id <= 2294539))
	        ->  Bitmap Index Scan on sbtest5_pkey  (cost=0.00..33.64 rows=920 width=0)
	              Index Cond: ((id >= 2293540) AND (id <= 2294539))

table 6 : explain SELECT SUM(k) FROM sbtest6 WHERE id BETWEEN 1490872 AND 1491871
	Aggregate  (cost=3656.86..3656.87 rows=1 width=8)
	  ->  Bitmap Heap Scan on sbtest6  (cost=34.08..3654.51 rows=941 width=4)
	        Recheck Cond: ((id >= 1490872) AND (id <= 1491871))
	        ->  Bitmap Index Scan on sbtest6_pkey  (cost=0.00..33.84 rows=941 width=0)
	              Index Cond: ((id >= 1490872) AND (id <= 1491871))

table 7 : explain SELECT SUM(k) FROM sbtest7 WHERE id BETWEEN 2581638 AND 2582637
	Aggregate  (cost=3669.69..3669.70 rows=1 width=8)
	  ->  Bitmap Heap Scan on sbtest7  (cost=34.10..3667.33 rows=943 width=4)
	        Recheck Cond: ((id >= 2581638) AND (id <= 2582637))
	        ->  Bitmap Index Scan on sbtest7_pkey  (cost=0.00..33.87 rows=943 width=0)
	              Index Cond: ((id >= 2581638) AND (id <= 2582637))

table 8 : explain SELECT SUM(k) FROM sbtest8 WHERE id BETWEEN 9554090 AND 9555089
	Aggregate  (cost=3737.45..3737.46 rows=1 width=8)
	  ->  Index Scan using sbtest8_pkey on sbtest8  (cost=0.43..3735.06 rows=953 width=4)
	        Index Cond: ((id >= 9554090) AND (id <= 9555089))

for: simple_ranges
table 1 : explain SELECT c FROM sbtest1 WHERE id BETWEEN 4190804 AND 4191803
	Bitmap Heap Scan on sbtest1  (cost=39.87..4318.78 rows=1116 width=121)
	  Recheck Cond: ((id >= 4190804) AND (id <= 4191803))
	  ->  Bitmap Index Scan on sbtest1_pkey  (cost=0.00..39.59 rows=1116 width=0)
	        Index Cond: ((id >= 4190804) AND (id <= 4191803))

table 2 : explain SELECT c FROM sbtest2 WHERE id BETWEEN 5653190 AND 5654189
	Bitmap Heap Scan on sbtest2  (cost=34.22..3707.10 rows=955 width=121)
	  Recheck Cond: ((id >= 5653190) AND (id <= 5654189))
	  ->  Bitmap Index Scan on sbtest2_pkey  (cost=0.00..33.98 rows=955 width=0)
	        Index Cond: ((id >= 5653190) AND (id <= 5654189))

table 3 : explain SELECT c FROM sbtest3 WHERE id BETWEEN 8743122 AND 8744121
	Bitmap Heap Scan on sbtest3  (cost=34.34..3751.23 rows=966 width=121)
	  Recheck Cond: ((id >= 8743122) AND (id <= 8744121))
	  ->  Bitmap Index Scan on sbtest3_pkey  (cost=0.00..34.09 rows=966 width=0)
	        Index Cond: ((id >= 8743122) AND (id <= 8744121))

table 4 : explain SELECT c FROM sbtest4 WHERE id BETWEEN 1524551 AND 1525550
	Bitmap Heap Scan on sbtest4  (cost=35.59..4214.58 rows=1088 width=121)
	  Recheck Cond: ((id >= 1524551) AND (id <= 1525550))
	  ->  Bitmap Index Scan on sbtest4_pkey  (cost=0.00..35.32 rows=1088 width=0)
	        Index Cond: ((id >= 1524551) AND (id <= 1525550))

table 5 : explain SELECT c FROM sbtest5 WHERE id BETWEEN 9682290 AND 9683289
	Bitmap Heap Scan on sbtest5  (cost=34.41..3772.70 rows=973 width=121)
	  Recheck Cond: ((id >= 9682290) AND (id <= 9683289))
	  ->  Bitmap Index Scan on sbtest5_pkey  (cost=0.00..34.17 rows=973 width=0)
	        Index Cond: ((id >= 9682290) AND (id <= 9683289))

table 6 : explain SELECT c FROM sbtest6 WHERE id BETWEEN 3417591 AND 3418590
	Bitmap Heap Scan on sbtest6  (cost=40.11..4400.75 rows=1139 width=121)
	  Recheck Cond: ((id >= 3417591) AND (id <= 3418590))
	  ->  Bitmap Index Scan on sbtest6_pkey  (cost=0.00..39.83 rows=1139 width=0)
	        Index Cond: ((id >= 3417591) AND (id <= 3418590))

table 7 : explain SELECT c FROM sbtest7 WHERE id BETWEEN 5528263 AND 5529262
	Bitmap Heap Scan on sbtest7  (cost=34.95..3981.32 rows=1026 width=121)
	  Recheck Cond: ((id >= 5528263) AND (id <= 5529262))
	  ->  Bitmap Index Scan on sbtest7_pkey  (cost=0.00..34.70 rows=1026 width=0)
	        Index Cond: ((id >= 5528263) AND (id <= 5529262))

table 8 : explain SELECT c FROM sbtest8 WHERE id BETWEEN 1067732 AND 1068731
	Bitmap Heap Scan on sbtest8  (cost=35.32..4115.45 rows=1062 width=121)
	  Recheck Cond: ((id >= 1067732) AND (id <= 1068731))
	  ->  Bitmap Index Scan on sbtest8_pkey  (cost=0.00..35.06 rows=1062 width=0)
	        Index Cond: ((id >= 1067732) AND (id <= 1068731))

for point_selects
table 1 : explain SELECT c FROM sbtest1 WHERE id=7380336
	Index Scan using sbtest1_pkey on sbtest1  (cost=0.43..8.45 rows=1 width=121)
	  Index Cond: (id = 7380336)

table 2 : explain SELECT c FROM sbtest2 WHERE id=4038857
	Index Scan using sbtest2_pkey on sbtest2  (cost=0.43..8.45 rows=1 width=121)
	  Index Cond: (id = 4038857)

table 3 : explain SELECT c FROM sbtest3 WHERE id=5172906
	Index Scan using sbtest3_pkey on sbtest3  (cost=0.43..8.45 rows=1 width=121)
	  Index Cond: (id = 5172906)

table 4 : explain SELECT c FROM sbtest4 WHERE id=4289857
	Index Scan using sbtest4_pkey on sbtest4  (cost=0.43..8.45 rows=1 width=121)
	  Index Cond: (id = 4289857)

table 5 : explain SELECT c FROM sbtest5 WHERE id=3804790
	Index Scan using sbtest5_pkey on sbtest5  (cost=0.43..8.45 rows=1 width=121)
	  Index Cond: (id = 3804790)

table 6 : explain SELECT c FROM sbtest6 WHERE id=4686767
	Index Scan using sbtest6_pkey on sbtest6  (cost=0.43..8.45 rows=1 width=121)
	  Index Cond: (id = 4686767)

table 7 : explain SELECT c FROM sbtest7 WHERE id=3056121
	Index Scan using sbtest7_pkey on sbtest7  (cost=0.43..8.45 rows=1 width=121)
	  Index Cond: (id = 3056121)

table 8 : explain SELECT c FROM sbtest8 WHERE id=9292686
	Index Scan using sbtest8_pkey on sbtest8  (cost=0.43..8.45 rows=1 width=121)
	  Index Cond: (id = 9292686)

for point_selects
table 1 : explain SELECT c FROM sbtest1 WHERE id=2120139
	Index Scan using sbtest1_pkey on sbtest1  (cost=0.43..8.45 rows=1 width=121)
	  Index Cond: (id = 2120139)

table 2 : explain SELECT c FROM sbtest2 WHERE id=4942536
	Index Scan using sbtest2_pkey on sbtest2  (cost=0.43..8.45 rows=1 width=121)
	  Index Cond: (id = 4942536)

table 3 : explain SELECT c FROM sbtest3 WHERE id=6104239
	Index Scan using sbtest3_pkey on sbtest3  (cost=0.43..8.45 rows=1 width=121)
	  Index Cond: (id = 6104239)

table 4 : explain SELECT c FROM sbtest4 WHERE id=7416536
	Index Scan using sbtest4_pkey on sbtest4  (cost=0.43..8.45 rows=1 width=121)
	  Index Cond: (id = 7416536)

table 5 : explain SELECT c FROM sbtest5 WHERE id=6918042
	Index Scan using sbtest5_pkey on sbtest5  (cost=0.43..8.45 rows=1 width=121)
	  Index Cond: (id = 6918042)

table 6 : explain SELECT c FROM sbtest6 WHERE id=2506548
	Index Scan using sbtest6_pkey on sbtest6  (cost=0.43..8.45 rows=1 width=121)
	  Index Cond: (id = 2506548)

table 7 : explain SELECT c FROM sbtest7 WHERE id=2614315
	Index Scan using sbtest7_pkey on sbtest7  (cost=0.43..8.45 rows=1 width=121)
	  Index Cond: (id = 2614315)

table 8 : explain SELECT c FROM sbtest8 WHERE id=4398565
	Index Scan using sbtest8_pkey on sbtest8  (cost=0.43..8.45 rows=1 width=121)
	  Index Cond: (id = 4398565)

for: distinct_ranges
table 1 : explain SELECT DISTINCT c FROM sbtest1 WHERE id BETWEEN 245241 AND 246240 ORDER BY c
	Unique  (cost=3847.27..3852.17 rows=979 width=121)
	  ->  Sort  (cost=3847.27..3849.72 rows=979 width=121)
	        Sort Key: c
	        ->  Bitmap Heap Scan on sbtest1  (cost=34.47..3798.64 rows=979 width=121)
	              Recheck Cond: ((id >= 245241) AND (id <= 246240))
	              ->  Bitmap Index Scan on sbtest1_pkey  (cost=0.00..34.23 rows=979 width=0)
	                    Index Cond: ((id >= 245241) AND (id <= 246240))

table 2 : explain SELECT DISTINCT c FROM sbtest2 WHERE id BETWEEN 101393 AND 102392 ORDER BY c
	Unique  (cost=3804.21..3809.05 rows=968 width=121)
	  ->  Sort  (cost=3804.21..3806.63 rows=968 width=121)
	        Sort Key: c
	        ->  Bitmap Heap Scan on sbtest2  (cost=34.36..3756.20 rows=968 width=121)
	              Recheck Cond: ((id >= 101393) AND (id <= 102392))
	              ->  Bitmap Index Scan on sbtest2_pkey  (cost=0.00..34.12 rows=968 width=0)
	                    Index Cond: ((id >= 101393) AND (id <= 102392))

table 3 : explain SELECT DISTINCT c FROM sbtest3 WHERE id BETWEEN 3052274 AND 3053273 ORDER BY c
	Unique  (cost=3699.32..3704.02 rows=940 width=121)
	  ->  Sort  (cost=3699.32..3701.67 rows=940 width=121)
	        Sort Key: c
	        ->  Bitmap Heap Scan on sbtest3  (cost=34.07..3652.90 rows=940 width=121)
	              Recheck Cond: ((id >= 3052274) AND (id <= 3053273))
	              ->  Bitmap Index Scan on sbtest3_pkey  (cost=0.00..33.84 rows=940 width=0)
	                    Index Cond: ((id >= 3052274) AND (id <= 3053273))

table 4 : explain SELECT DISTINCT c FROM sbtest4 WHERE id BETWEEN 9699626 AND 9700625 ORDER BY c
	Unique  (cost=3540.08..3544.58 rows=899 width=121)
	  ->  Sort  (cost=3540.08..3542.33 rows=899 width=121)
	        Sort Key: c
	        ->  Bitmap Heap Scan on sbtest4  (cost=29.65..3495.98 rows=899 width=121)
	              Recheck Cond: ((id >= 9699626) AND (id <= 9700625))
	              ->  Bitmap Index Scan on sbtest4_pkey  (cost=0.00..29.43 rows=899 width=0)
	                    Index Cond: ((id >= 9699626) AND (id <= 9700625))

table 5 : explain SELECT DISTINCT c FROM sbtest5 WHERE id BETWEEN 2882458 AND 2883457 ORDER BY c
	Unique  (cost=4073.41..4078.61 rows=1039 width=121)
	  ->  Sort  (cost=4073.41..4076.01 rows=1039 width=121)
	        Sort Key: c
	        ->  Bitmap Heap Scan on sbtest5  (cost=35.08..4021.35 rows=1039 width=121)
	              Recheck Cond: ((id >= 2882458) AND (id <= 2883457))
	              ->  Bitmap Index Scan on sbtest5_pkey  (cost=0.00..34.83 rows=1039 width=0)
	                    Index Cond: ((id >= 2882458) AND (id <= 2883457))

table 6 : explain SELECT DISTINCT c FROM sbtest6 WHERE id BETWEEN 3925635 AND 3926634 ORDER BY c
	Unique  (cost=4252.21..4257.64 rows=1085 width=121)
	  ->  Sort  (cost=4252.21..4254.93 rows=1085 width=121)
	        Sort Key: c
	        ->  Bitmap Heap Scan on sbtest6  (cost=35.56..4197.51 rows=1085 width=121)
	              Recheck Cond: ((id >= 3925635) AND (id <= 3926634))
	              ->  Bitmap Index Scan on sbtest6_pkey  (cost=0.00..35.29 rows=1085 width=0)
	                    Index Cond: ((id >= 3925635) AND (id <= 3926634))

table 7 : explain SELECT DISTINCT c FROM sbtest7 WHERE id BETWEEN 1321458 AND 1322457 ORDER BY c
	Unique  (cost=3856.10..3861.00 rows=980 width=121)
	  ->  Sort  (cost=3856.10..3858.55 rows=980 width=121)
	        Sort Key: c
	        ->  Bitmap Heap Scan on sbtest7  (cost=34.48..3807.41 rows=980 width=121)
	              Recheck Cond: ((id >= 1321458) AND (id <= 1322457))
	              ->  Bitmap Index Scan on sbtest7_pkey  (cost=0.00..34.23 rows=980 width=0)
	                    Index Cond: ((id >= 1321458) AND (id <= 1322457))

table 8 : explain SELECT DISTINCT c FROM sbtest8 WHERE id BETWEEN 5452321 AND 5453320 ORDER BY c
	Unique  (cost=3825.74..3830.56 rows=964 width=121)
	  ->  Sort  (cost=3825.74..3828.15 rows=964 width=121)
	        Sort Key: c
	        ->  Index Scan using sbtest8_pkey on sbtest8  (cost=0.43..3777.96 rows=964 width=121)
	              Index Cond: ((id >= 5452321) AND (id <= 5453320))

for point_selects
table 1 : explain SELECT c FROM sbtest1 WHERE id=2674630
	Index Scan using sbtest1_pkey on sbtest1  (cost=0.43..8.45 rows=1 width=121)
	  Index Cond: (id = 2674630)

table 2 : explain SELECT c FROM sbtest2 WHERE id=140836
	Index Scan using sbtest2_pkey on sbtest2  (cost=0.43..8.45 rows=1 width=121)
	  Index Cond: (id = 140836)

table 3 : explain SELECT c FROM sbtest3 WHERE id=282507
	Index Scan using sbtest3_pkey on sbtest3  (cost=0.43..8.45 rows=1 width=121)
	  Index Cond: (id = 282507)

table 4 : explain SELECT c FROM sbtest4 WHERE id=3324901
	Index Scan using sbtest4_pkey on sbtest4  (cost=0.43..8.45 rows=1 width=121)
	  Index Cond: (id = 3324901)

table 5 : explain SELECT c FROM sbtest5 WHERE id=3528721
	Index Scan using sbtest5_pkey on sbtest5  (cost=0.43..8.45 rows=1 width=121)
	  Index Cond: (id = 3528721)

table 6 : explain SELECT c FROM sbtest6 WHERE id=2820483
	Index Scan using sbtest6_pkey on sbtest6  (cost=0.43..8.45 rows=1 width=121)
	  Index Cond: (id = 2820483)

table 7 : explain SELECT c FROM sbtest7 WHERE id=9154412
	Index Scan using sbtest7_pkey on sbtest7  (cost=0.43..8.45 rows=1 width=121)
	  Index Cond: (id = 9154412)

table 8 : explain SELECT c FROM sbtest8 WHERE id=5343871
	Index Scan using sbtest8_pkey on sbtest8  (cost=0.43..8.45 rows=1 width=121)
	  Index Cond: (id = 5343871)

for point_selects
table 1 : explain SELECT c FROM sbtest1 WHERE id=2800689
	Index Scan using sbtest1_pkey on sbtest1  (cost=0.43..8.45 rows=1 width=121)
	  Index Cond: (id = 2800689)

table 2 : explain SELECT c FROM sbtest2 WHERE id=5456942
	Index Scan using sbtest2_pkey on sbtest2  (cost=0.43..8.45 rows=1 width=121)
	  Index Cond: (id = 5456942)

table 3 : explain SELECT c FROM sbtest3 WHERE id=4397846
	Index Scan using sbtest3_pkey on sbtest3  (cost=0.43..8.45 rows=1 width=121)
	  Index Cond: (id = 4397846)

table 4 : explain SELECT c FROM sbtest4 WHERE id=4856882
	Index Scan using sbtest4_pkey on sbtest4  (cost=0.43..8.45 rows=1 width=121)
	  Index Cond: (id = 4856882)

table 5 : explain SELECT c FROM sbtest5 WHERE id=7085667
	Index Scan using sbtest5_pkey on sbtest5  (cost=0.43..8.45 rows=1 width=121)
	  Index Cond: (id = 7085667)

table 6 : explain SELECT c FROM sbtest6 WHERE id=2957737
	Index Scan using sbtest6_pkey on sbtest6  (cost=0.43..8.45 rows=1 width=121)
	  Index Cond: (id = 2957737)

table 7 : explain SELECT c FROM sbtest7 WHERE id=5879706
	Index Scan using sbtest7_pkey on sbtest7  (cost=0.43..8.45 rows=1 width=121)
	  Index Cond: (id = 5879706)

table 8 : explain SELECT c FROM sbtest8 WHERE id=1799704
	Index Scan using sbtest8_pkey on sbtest8  (cost=0.43..8.45 rows=1 width=121)
	  Index Cond: (id = 1799704)

explain: for point_selects :: explain SELECT c FROM sbtest%u WHERE id=%u
for: distinct_ranges
table 1 : explain SELECT DISTINCT c FROM sbtest1 WHERE id BETWEEN 1974244 AND 1975243 ORDER BY c
	Unique  (cost=3943.06..3948.08 rows=1004 width=121)
	  ->  Sort  (cost=3943.06..3945.57 rows=1004 width=121)
	        Sort Key: c
	        ->  Bitmap Heap Scan on sbtest1  (cost=34.73..3893.00 rows=1004 width=121)
	              Recheck Cond: ((id >= 1974244) AND (id <= 1975243))
	              ->  Bitmap Index Scan on sbtest1_pkey  (cost=0.00..34.48 rows=1004 width=0)
	                    Index Cond: ((id >= 1974244) AND (id <= 1975243))

table 2 : explain SELECT DISTINCT c FROM sbtest2 WHERE id BETWEEN 7777516 AND 7778515 ORDER BY c
	Unique  (cost=4141.04..4146.32 rows=1056 width=121)
	  ->  Sort  (cost=4141.04..4143.68 rows=1056 width=121)
	        Sort Key: c
	        ->  Bitmap Heap Scan on sbtest2  (cost=35.26..4088.00 rows=1056 width=121)
	              Recheck Cond: ((id >= 7777516) AND (id <= 7778515))
	              ->  Bitmap Index Scan on sbtest2_pkey  (cost=0.00..35.00 rows=1056 width=0)
	                    Index Cond: ((id >= 7777516) AND (id <= 7778515))

table 3 : explain SELECT DISTINCT c FROM sbtest3 WHERE id BETWEEN 2162311 AND 2163310 ORDER BY c
	Unique  (cost=3883.51..3888.45 rows=988 width=121)
	  ->  Sort  (cost=3883.51..3885.98 rows=988 width=121)
	        Sort Key: c
	        ->  Bitmap Heap Scan on sbtest3  (cost=34.56..3834.37 rows=988 width=121)
	              Recheck Cond: ((id >= 2162311) AND (id <= 2163310))
	              ->  Bitmap Index Scan on sbtest3_pkey  (cost=0.00..34.32 rows=988 width=0)
	                    Index Cond: ((id >= 2162311) AND (id <= 2163310))

table 4 : explain SELECT DISTINCT c FROM sbtest4 WHERE id BETWEEN 8293787 AND 8294786 ORDER BY c
	Unique  (cost=4261.80..4267.23 rows=1086 width=121)
	  ->  Sort  (cost=4261.80..4264.52 rows=1086 width=121)
	        Sort Key: c
	        ->  Bitmap Heap Scan on sbtest4  (cost=35.57..4207.04 rows=1086 width=121)
	              Recheck Cond: ((id >= 8293787) AND (id <= 8294786))
	              ->  Bitmap Index Scan on sbtest4_pkey  (cost=0.00..35.30 rows=1086 width=0)
	                    Index Cond: ((id >= 8293787) AND (id <= 8294786))

table 5 : explain SELECT DISTINCT c FROM sbtest5 WHERE id BETWEEN 3094901 AND 3095900 ORDER BY c
	Unique  (cost=3866.93..3871.85 rows=985 width=121)
	  ->  Sort  (cost=3866.93..3869.39 rows=985 width=121)
	        Sort Key: c
	        ->  Bitmap Heap Scan on sbtest5  (cost=34.53..3817.95 rows=985 width=121)
	              Recheck Cond: ((id >= 3094901) AND (id <= 3095900))
	              ->  Bitmap Index Scan on sbtest5_pkey  (cost=0.00..34.29 rows=985 width=0)
	                    Index Cond: ((id >= 3094901) AND (id <= 3095900))

table 6 : explain SELECT DISTINCT c FROM sbtest6 WHERE id BETWEEN 159024 AND 160023 ORDER BY c
	Unique  (cost=4141.40..4146.68 rows=1056 width=121)
	  ->  Sort  (cost=4141.40..4144.04 rows=1056 width=121)
	        Sort Key: c
	        ->  Bitmap Heap Scan on sbtest6  (cost=35.26..4088.37 rows=1056 width=121)
	              Recheck Cond: ((id >= 159024) AND (id <= 160023))
	              ->  Bitmap Index Scan on sbtest6_pkey  (cost=0.00..35.00 rows=1056 width=0)
	                    Index Cond: ((id >= 159024) AND (id <= 160023))

table 7 : explain SELECT DISTINCT c FROM sbtest7 WHERE id BETWEEN 576425 AND 577424 ORDER BY c
	Unique  (cost=4013.46..4018.56 rows=1021 width=121)
	  ->  Sort  (cost=4013.46..4016.01 rows=1021 width=121)
	        Sort Key: c
	        ->  Bitmap Heap Scan on sbtest7  (cost=34.90..3962.43 rows=1021 width=121)
	              Recheck Cond: ((id >= 576425) AND (id <= 577424))
	              ->  Bitmap Index Scan on sbtest7_pkey  (cost=0.00..34.65 rows=1021 width=0)
	                    Index Cond: ((id >= 576425) AND (id <= 577424))

table 8 : explain SELECT DISTINCT c FROM sbtest8 WHERE id BETWEEN 3225671 AND 3226670 ORDER BY c
	Unique  (cost=3829.69..3834.52 rows=965 width=121)
	  ->  Sort  (cost=3829.69..3832.10 rows=965 width=121)
	        Sort Key: c
	        ->  Index Scan using sbtest8_pkey on sbtest8  (cost=0.43..3781.85 rows=965 width=121)
	              Index Cond: ((id >= 3225671) AND (id <= 3226670))

for: simple_ranges
table 1 : explain SELECT c FROM sbtest1 WHERE id BETWEEN 2678699 AND 2679698
	Bitmap Heap Scan on sbtest1  (cost=35.18..4058.88 rows=1048 width=121)
	  Recheck Cond: ((id >= 2678699) AND (id <= 2679698))
	  ->  Bitmap Index Scan on sbtest1_pkey  (cost=0.00..34.92 rows=1048 width=0)
	        Index Cond: ((id >= 2678699) AND (id <= 2679698))

table 2 : explain SELECT c FROM sbtest2 WHERE id BETWEEN 8157107 AND 8158106
	Bitmap Heap Scan on sbtest2  (cost=34.87..3944.84 rows=1018 width=121)
	  Recheck Cond: ((id >= 8157107) AND (id <= 8158106))
	  ->  Bitmap Index Scan on sbtest2_pkey  (cost=0.00..34.62 rows=1018 width=0)
	        Index Cond: ((id >= 8157107) AND (id <= 8158106))

table 3 : explain SELECT c FROM sbtest3 WHERE id BETWEEN 5293180 AND 5294179
	Bitmap Heap Scan on sbtest3  (cost=39.81..4298.31 rows=1110 width=121)
	  Recheck Cond: ((id >= 5293180) AND (id <= 5294179))
	  ->  Bitmap Index Scan on sbtest3_pkey  (cost=0.00..39.54 rows=1110 width=0)
	        Index Cond: ((id >= 5293180) AND (id <= 5294179))

table 4 : explain SELECT c FROM sbtest4 WHERE id BETWEEN 3179469 AND 3180468
	Bitmap Heap Scan on sbtest4  (cost=34.49..3810.56 rows=981 width=121)
	  Recheck Cond: ((id >= 3179469) AND (id <= 3180468))
	  ->  Bitmap Index Scan on sbtest4_pkey  (cost=0.00..34.25 rows=981 width=0)
	        Index Cond: ((id >= 3179469) AND (id <= 3180468))

table 5 : explain SELECT c FROM sbtest5 WHERE id BETWEEN 4584845 AND 4585844
	Bitmap Heap Scan on sbtest5  (cost=34.85..3934.77 rows=1016 width=121)
	  Recheck Cond: ((id >= 4584845) AND (id <= 4585844))
	  ->  Bitmap Index Scan on sbtest5_pkey  (cost=0.00..34.59 rows=1016 width=0)
	        Index Cond: ((id >= 4584845) AND (id <= 4585844))

table 6 : explain SELECT c FROM sbtest6 WHERE id BETWEEN 7310434 AND 7311433
	Bitmap Heap Scan on sbtest6  (cost=34.69..3877.31 rows=1000 width=121)
	  Recheck Cond: ((id >= 7310434) AND (id <= 7311433))
	  ->  Bitmap Index Scan on sbtest6_pkey  (cost=0.00..34.44 rows=1000 width=0)
	        Index Cond: ((id >= 7310434) AND (id <= 7311433))

table 7 : explain SELECT c FROM sbtest7 WHERE id BETWEEN 7013150 AND 7014149
	Bitmap Heap Scan on sbtest7  (cost=39.92..4339.92 rows=1120 width=121)
	  Recheck Cond: ((id >= 7013150) AND (id <= 7014149))
	  ->  Bitmap Index Scan on sbtest7_pkey  (cost=0.00..39.64 rows=1120 width=0)
	        Index Cond: ((id >= 7013150) AND (id <= 7014149))

table 8 : explain SELECT c FROM sbtest8 WHERE id BETWEEN 4188683 AND 4189682
	Bitmap Heap Scan on sbtest8  (cost=35.47..4172.00 rows=1077 width=121)
	  Recheck Cond: ((id >= 4188683) AND (id <= 4189682))
	  ->  Bitmap Index Scan on sbtest8_pkey  (cost=0.00..35.20 rows=1077 width=0)
	        Index Cond: ((id >= 4188683) AND (id <= 4189682))

for: sum_ranges
table 1 : explain SELECT SUM(k) FROM sbtest1 WHERE id BETWEEN 6585731 AND 6586730
	Aggregate  (cost=4197.14..4197.15 rows=1 width=8)
	  ->  Bitmap Heap Scan on sbtest1  (cost=35.55..4194.43 rows=1084 width=4)
	        Recheck Cond: ((id >= 6585731) AND (id <= 6586730))
	        ->  Bitmap Index Scan on sbtest1_pkey  (cost=0.00..35.28 rows=1084 width=0)
	              Index Cond: ((id >= 6585731) AND (id <= 6586730))

table 2 : explain SELECT SUM(k) FROM sbtest2 WHERE id BETWEEN 5907178 AND 5908177
	Aggregate  (cost=3954.93..3954.94 rows=1 width=8)
	  ->  Bitmap Heap Scan on sbtest2  (cost=34.89..3952.38 rows=1020 width=4)
	        Recheck Cond: ((id >= 5907178) AND (id <= 5908177))
	        ->  Bitmap Index Scan on sbtest2_pkey  (cost=0.00..34.64 rows=1020 width=0)
	              Index Cond: ((id >= 5907178) AND (id <= 5908177))

table 3 : explain SELECT SUM(k) FROM sbtest3 WHERE id BETWEEN 5496346 AND 5497345
	Aggregate  (cost=3969.06..3969.07 rows=1 width=8)
	  ->  Bitmap Heap Scan on sbtest3  (cost=34.92..3966.50 rows=1023 width=4)
	        Recheck Cond: ((id >= 5496346) AND (id <= 5497345))
	        ->  Bitmap Index Scan on sbtest3_pkey  (cost=0.00..34.67 rows=1023 width=0)
	              Index Cond: ((id >= 5496346) AND (id <= 5497345))

table 4 : explain SELECT SUM(k) FROM sbtest4 WHERE id BETWEEN 160765 AND 161764
	Aggregate  (cost=4081.43..4081.44 rows=1 width=8)
	  ->  Bitmap Heap Scan on sbtest4  (cost=35.22..4078.80 rows=1052 width=4)
	        Recheck Cond: ((id >= 160765) AND (id <= 161764))
	        ->  Bitmap Index Scan on sbtest4_pkey  (cost=0.00..34.95 rows=1052 width=0)
	              Index Cond: ((id >= 160765) AND (id <= 161764))

table 5 : explain SELECT SUM(k) FROM sbtest5 WHERE id BETWEEN 589601 AND 590600
	Aggregate  (cost=3684.52..3684.53 rows=1 width=8)
	  ->  Bitmap Heap Scan on sbtest5  (cost=34.16..3682.14 rows=949 width=4)
	        Recheck Cond: ((id >= 589601) AND (id <= 590600))
	        ->  Bitmap Index Scan on sbtest5_pkey  (cost=0.00..33.93 rows=949 width=0)
	              Index Cond: ((id >= 589601) AND (id <= 590600))

table 6 : explain SELECT SUM(k) FROM sbtest6 WHERE id BETWEEN 7053799 AND 7054798
	Aggregate  (cost=4015.62..4015.63 rows=1 width=8)
	  ->  Bitmap Heap Scan on sbtest6  (cost=35.05..4013.03 rows=1036 width=4)
	        Recheck Cond: ((id >= 7053799) AND (id <= 7054798))
	        ->  Bitmap Index Scan on sbtest6_pkey  (cost=0.00..34.80 rows=1036 width=0)
	              Index Cond: ((id >= 7053799) AND (id <= 7054798))

table 7 : explain SELECT SUM(k) FROM sbtest7 WHERE id BETWEEN 1768026 AND 1769025
	Aggregate  (cost=3730.32..3730.33 rows=1 width=8)
	  ->  Bitmap Heap Scan on sbtest7  (cost=34.26..3727.93 rows=959 width=4)
	        Recheck Cond: ((id >= 1768026) AND (id <= 1769025))
	        ->  Bitmap Index Scan on sbtest7_pkey  (cost=0.00..34.03 rows=959 width=0)
	              Index Cond: ((id >= 1768026) AND (id <= 1769025))

table 8 : explain SELECT SUM(k) FROM sbtest8 WHERE id BETWEEN 9817101 AND 9818100
	Aggregate  (cost=4016.17..4016.18 rows=1 width=8)
	  ->  Bitmap Heap Scan on sbtest8  (cost=35.04..4013.59 rows=1035 width=4)
	        Recheck Cond: ((id >= 9817101) AND (id <= 9818100))
	        ->  Bitmap Index Scan on sbtest8_pkey  (cost=0.00..34.79 rows=1035 width=0)
	              Index Cond: ((id >= 9817101) AND (id <= 9818100))

for point_selects
table 1 : explain SELECT c FROM sbtest1 WHERE id=2757721
	Index Scan using sbtest1_pkey on sbtest1  (cost=0.43..8.45 rows=1 width=121)
	  Index Cond: (id = 2757721)

table 2 : explain SELECT c FROM sbtest2 WHERE id=7665790
	Index Scan using sbtest2_pkey on sbtest2  (cost=0.43..8.45 rows=1 width=121)
	  Index Cond: (id = 7665790)

table 3 : explain SELECT c FROM sbtest3 WHERE id=1627030
	Index Scan using sbtest3_pkey on sbtest3  (cost=0.43..8.45 rows=1 width=121)
	  Index Cond: (id = 1627030)

table 4 : explain SELECT c FROM sbtest4 WHERE id=4573156
	Index Scan using sbtest4_pkey on sbtest4  (cost=0.43..8.45 rows=1 width=121)
	  Index Cond: (id = 4573156)

table 5 : explain SELECT c FROM sbtest5 WHERE id=3658222
	Index Scan using sbtest5_pkey on sbtest5  (cost=0.43..8.45 rows=1 width=121)
	  Index Cond: (id = 3658222)

table 6 : explain SELECT c FROM sbtest6 WHERE id=3463831
	Index Scan using sbtest6_pkey on sbtest6  (cost=0.43..8.45 rows=1 width=121)
	  Index Cond: (id = 3463831)

table 7 : explain SELECT c FROM sbtest7 WHERE id=7865021
	Index Scan using sbtest7_pkey on sbtest7  (cost=0.43..8.45 rows=1 width=121)
	  Index Cond: (id = 7865021)

table 8 : explain SELECT c FROM sbtest8 WHERE id=7120135
	Index Scan using sbtest8_pkey on sbtest8  (cost=0.43..8.45 rows=1 width=121)
	  Index Cond: (id = 7120135)

for: sum_ranges
table 1 : explain SELECT SUM(k) FROM sbtest1 WHERE id BETWEEN 3555498 AND 3556497
	Aggregate  (cost=4295.24..4295.25 rows=1 width=8)
	  ->  Bitmap Heap Scan on sbtest1  (cost=39.80..4292.47 rows=1109 width=4)
	        Recheck Cond: ((id >= 3555498) AND (id <= 3556497))
	        ->  Bitmap Index Scan on sbtest1_pkey  (cost=0.00..39.53 rows=1109 width=0)
	              Index Cond: ((id >= 3555498) AND (id <= 3556497))

table 2 : explain SELECT SUM(k) FROM sbtest2 WHERE id BETWEEN 8923131 AND 8924130
	Aggregate  (cost=3641.43..3641.44 rows=1 width=8)
	  ->  Bitmap Heap Scan on sbtest2  (cost=34.04..3639.09 rows=937 width=4)
	        Recheck Cond: ((id >= 8923131) AND (id <= 8924130))
	        ->  Bitmap Index Scan on sbtest2_pkey  (cost=0.00..33.81 rows=937 width=0)
	              Index Cond: ((id >= 8923131) AND (id <= 8924130))

table 3 : explain SELECT SUM(k) FROM sbtest3 WHERE id BETWEEN 6162352 AND 6163351
	Aggregate  (cost=4323.67..4323.68 rows=1 width=8)
	  ->  Bitmap Heap Scan on sbtest3  (cost=39.87..4320.88 rows=1116 width=4)
	        Recheck Cond: ((id >= 6162352) AND (id <= 6163351))
	        ->  Bitmap Index Scan on sbtest3_pkey  (cost=0.00..39.59 rows=1116 width=0)
	              Index Cond: ((id >= 6162352) AND (id <= 6163351))

table 4 : explain SELECT SUM(k) FROM sbtest4 WHERE id BETWEEN 5117048 AND 5118047
	Aggregate  (cost=3835.72..3835.73 rows=1 width=8)
	  ->  Bitmap Heap Scan on sbtest4  (cost=34.55..3833.25 rows=987 width=4)
	        Recheck Cond: ((id >= 5117048) AND (id <= 5118047))
	        ->  Bitmap Index Scan on sbtest4_pkey  (cost=0.00..34.31 rows=987 width=0)
	              Index Cond: ((id >= 5117048) AND (id <= 5118047))

table 5 : explain SELECT SUM(k) FROM sbtest5 WHERE id BETWEEN 3437272 AND 3438271
	Aggregate  (cost=4343.86..4343.87 rows=1 width=8)
	  ->  Bitmap Heap Scan on sbtest5  (cost=39.96..4341.05 rows=1124 width=4)
	        Recheck Cond: ((id >= 3437272) AND (id <= 3438271))
	        ->  Bitmap Index Scan on sbtest5_pkey  (cost=0.00..39.68 rows=1124 width=0)
	              Index Cond: ((id >= 3437272) AND (id <= 3438271))

table 6 : explain SELECT SUM(k) FROM sbtest6 WHERE id BETWEEN 6442538 AND 6443537
	Aggregate  (cost=3474.94..3474.95 rows=1 width=8)
	  ->  Bitmap Heap Scan on sbtest6  (cost=29.60..3472.70 rows=894 width=4)
	        Recheck Cond: ((id >= 6442538) AND (id <= 6443537))
	        ->  Bitmap Index Scan on sbtest6_pkey  (cost=0.00..29.37 rows=894 width=0)
	              Index Cond: ((id >= 6442538) AND (id <= 6443537))

table 7 : explain SELECT SUM(k) FROM sbtest7 WHERE id BETWEEN 1391296 AND 1392295
	Aggregate  (cost=4006.57..4006.58 rows=1 width=8)
	  ->  Bitmap Heap Scan on sbtest7  (cost=35.01..4003.99 rows=1032 width=4)
	        Recheck Cond: ((id >= 1391296) AND (id <= 1392295))
	        ->  Bitmap Index Scan on sbtest7_pkey  (cost=0.00..34.76 rows=1032 width=0)
	              Index Cond: ((id >= 1391296) AND (id <= 1392295))

table 8 : explain SELECT SUM(k) FROM sbtest8 WHERE id BETWEEN 8473045 AND 8474044
	Aggregate  (cost=3745.25..3745.26 rows=1 width=8)
	  ->  Index Scan using sbtest8_pkey on sbtest8  (cost=0.43..3742.86 rows=955 width=4)
	        Index Cond: ((id >= 8473045) AND (id <= 8474044))

for: distinct_ranges
table 1 : explain SELECT DISTINCT c FROM sbtest1 WHERE id BETWEEN 148090 AND 149089 ORDER BY c
	Unique  (cost=3801.27..3806.10 rows=967 width=121)
	  ->  Sort  (cost=3801.27..3803.69 rows=967 width=121)
	        Sort Key: c
	        ->  Bitmap Heap Scan on sbtest1  (cost=34.35..3753.32 rows=967 width=121)
	              Recheck Cond: ((id >= 148090) AND (id <= 149089))
	              ->  Bitmap Index Scan on sbtest1_pkey  (cost=0.00..34.11 rows=967 width=0)
	                    Index Cond: ((id >= 148090) AND (id <= 149089))

table 2 : explain SELECT DISTINCT c FROM sbtest2 WHERE id BETWEEN 3184440 AND 3185439 ORDER BY c
	Unique  (cost=3838.70..3843.59 rows=977 width=121)
	  ->  Sort  (cost=3838.70..3841.14 rows=977 width=121)
	        Sort Key: c
	        ->  Bitmap Heap Scan on sbtest2  (cost=34.45..3790.18 rows=977 width=121)
	              Recheck Cond: ((id >= 3184440) AND (id <= 3185439))
	              ->  Bitmap Index Scan on sbtest2_pkey  (cost=0.00..34.20 rows=977 width=0)
	                    Index Cond: ((id >= 3184440) AND (id <= 3185439))

table 3 : explain SELECT DISTINCT c FROM sbtest3 WHERE id BETWEEN 7702218 AND 7703217 ORDER BY c
	Unique  (cost=3714.68..3719.40 rows=944 width=121)
	  ->  Sort  (cost=3714.68..3717.04 rows=944 width=121)
	        Sort Key: c
	        ->  Bitmap Heap Scan on sbtest3  (cost=34.11..3668.03 rows=944 width=121)
	              Recheck Cond: ((id >= 7702218) AND (id <= 7703217))
	              ->  Bitmap Index Scan on sbtest3_pkey  (cost=0.00..33.88 rows=944 width=0)
	                    Index Cond: ((id >= 7702218) AND (id <= 7703217))

table 4 : explain SELECT DISTINCT c FROM sbtest4 WHERE id BETWEEN 5190141 AND 5191140 ORDER BY c
	Unique  (cost=3451.52..3455.90 rows=876 width=121)
	  ->  Sort  (cost=3451.52..3453.71 rows=876 width=121)
	        Sort Key: c
	        ->  Bitmap Heap Scan on sbtest4  (cost=29.41..3408.71 rows=876 width=121)
	              Recheck Cond: ((id >= 5190141) AND (id <= 5191140))
	              ->  Bitmap Index Scan on sbtest4_pkey  (cost=0.00..29.19 rows=876 width=0)
	                    Index Cond: ((id >= 5190141) AND (id <= 5191140))

table 5 : explain SELECT DISTINCT c FROM sbtest5 WHERE id BETWEEN 7018548 AND 7019547 ORDER BY c
	Unique  (cost=3882.23..3887.18 rows=989 width=121)
	  ->  Sort  (cost=3882.23..3884.71 rows=989 width=121)
	        Sort Key: c
	        ->  Bitmap Heap Scan on sbtest5  (cost=34.57..3833.03 rows=989 width=121)
	              Recheck Cond: ((id >= 7018548) AND (id <= 7019547))
	              ->  Bitmap Index Scan on sbtest5_pkey  (cost=0.00..34.33 rows=989 width=0)
	                    Index Cond: ((id >= 7018548) AND (id <= 7019547))

table 6 : explain SELECT DISTINCT c FROM sbtest6 WHERE id BETWEEN 6731841 AND 6732840 ORDER BY c
	Unique  (cost=3930.96..3935.97 rows=1001 width=121)
	  ->  Sort  (cost=3930.96..3933.47 rows=1001 width=121)
	        Sort Key: c
	        ->  Bitmap Heap Scan on sbtest6  (cost=34.70..3881.08 rows=1001 width=121)
	              Recheck Cond: ((id >= 6731841) AND (id <= 6732840))
	              ->  Bitmap Index Scan on sbtest6_pkey  (cost=0.00..34.45 rows=1001 width=0)
	                    Index Cond: ((id >= 6731841) AND (id <= 6732840))

table 7 : explain SELECT DISTINCT c FROM sbtest7 WHERE id BETWEEN 446281 AND 447280 ORDER BY c
	Unique  (cost=4320.13..4325.63 rows=1100 width=121)
	  ->  Sort  (cost=4320.13..4322.88 rows=1100 width=121)
	        Sort Key: c
	        ->  Bitmap Heap Scan on sbtest7  (cost=39.71..4264.56 rows=1100 width=121)
	              Recheck Cond: ((id >= 446281) AND (id <= 447280))
	              ->  Bitmap Index Scan on sbtest7_pkey  (cost=0.00..39.44 rows=1100 width=0)
	                    Index Cond: ((id >= 446281) AND (id <= 447280))

table 8 : explain SELECT DISTINCT c FROM sbtest8 WHERE id BETWEEN 3048270 AND 3049269 ORDER BY c
	Unique  (cost=3837.60..3842.43 rows=967 width=121)
	  ->  Sort  (cost=3837.60..3840.02 rows=967 width=121)
	        Sort Key: c
	        ->  Index Scan using sbtest8_pkey on sbtest8  (cost=0.43..3789.65 rows=967 width=121)
	              Index Cond: ((id >= 3048270) AND (id <= 3049269))

for: simple_ranges
table 1 : explain SELECT c FROM sbtest1 WHERE id BETWEEN 6956891 AND 6957890
	Bitmap Heap Scan on sbtest1  (cost=34.36..3757.10 rows=968 width=121)
	  Recheck Cond: ((id >= 6956891) AND (id <= 6957890))
	  ->  Bitmap Index Scan on sbtest1_pkey  (cost=0.00..34.12 rows=968 width=0)
	        Index Cond: ((id >= 6956891) AND (id <= 6957890))

table 2 : explain SELECT c FROM sbtest2 WHERE id BETWEEN 9730465 AND 9731464
	Bitmap Heap Scan on sbtest2  (cost=34.78..3910.91 rows=1009 width=121)
	  Recheck Cond: ((id >= 9730465) AND (id <= 9731464))
	  ->  Bitmap Index Scan on sbtest2_pkey  (cost=0.00..34.53 rows=1009 width=0)
	        Index Cond: ((id >= 9730465) AND (id <= 9731464))

table 3 : explain SELECT c FROM sbtest3 WHERE id BETWEEN 2756752 AND 2757751
	Bitmap Heap Scan on sbtest3  (cost=35.02..4004.23 rows=1033 width=121)
	  Recheck Cond: ((id >= 2756752) AND (id <= 2757751))
	  ->  Bitmap Index Scan on sbtest3_pkey  (cost=0.00..34.77 rows=1033 width=0)
	        Index Cond: ((id >= 2756752) AND (id <= 2757751))

table 4 : explain SELECT c FROM sbtest4 WHERE id BETWEEN 4390773 AND 4391772
	Bitmap Heap Scan on sbtest4  (cost=29.57..3465.63 rows=891 width=121)
	  Recheck Cond: ((id >= 4390773) AND (id <= 4391772))
	  ->  Bitmap Index Scan on sbtest4_pkey  (cost=0.00..29.34 rows=891 width=0)
	        Index Cond: ((id >= 4390773) AND (id <= 4391772))

table 5 : explain SELECT c FROM sbtest5 WHERE id BETWEEN 6042623 AND 6043622
	Bitmap Heap Scan on sbtest5  (cost=33.98..3614.18 rows=931 width=121)
	  Recheck Cond: ((id >= 6042623) AND (id <= 6043622))
	  ->  Bitmap Index Scan on sbtest5_pkey  (cost=0.00..33.75 rows=931 width=0)
	        Index Cond: ((id >= 6042623) AND (id <= 6043622))

table 6 : explain SELECT c FROM sbtest6 WHERE id BETWEEN 5960765 AND 5961764
	Bitmap Heap Scan on sbtest6  (cost=34.65..3865.99 rows=997 width=121)
	  Recheck Cond: ((id >= 5960765) AND (id <= 5961764))
	  ->  Bitmap Index Scan on sbtest6_pkey  (cost=0.00..34.41 rows=997 width=0)
	        Index Cond: ((id >= 5960765) AND (id <= 5961764))

table 7 : explain SELECT c FROM sbtest7 WHERE id BETWEEN 5464776 AND 5465775
	Bitmap Heap Scan on sbtest7  (cost=34.95..3981.32 rows=1026 width=121)
	  Recheck Cond: ((id >= 5464776) AND (id <= 5465775))
	  ->  Bitmap Index Scan on sbtest7_pkey  (cost=0.00..34.70 rows=1026 width=0)
	        Index Cond: ((id >= 5464776) AND (id <= 5465775))

table 8 : explain SELECT c FROM sbtest8 WHERE id BETWEEN 6677910 AND 6678909
	Index Scan using sbtest8_pkey on sbtest8  (cost=0.43..3801.34 rows=970 width=121)
	  Index Cond: ((id >= 6677910) AND (id <= 6678909))

for: distinct_ranges
table 1 : explain SELECT DISTINCT c FROM sbtest1 WHERE id BETWEEN 2779051 AND 2780050 ORDER BY c
	Unique  (cost=4080.86..4086.06 rows=1040 width=121)
	  ->  Sort  (cost=4080.86..4083.46 rows=1040 width=121)
	        Sort Key: c
	        ->  Bitmap Heap Scan on sbtest1  (cost=35.09..4028.74 rows=1040 width=121)
	              Recheck Cond: ((id >= 2779051) AND (id <= 2780050))
	              ->  Bitmap Index Scan on sbtest1_pkey  (cost=0.00..34.84 rows=1040 width=0)
	                    Index Cond: ((id >= 2779051) AND (id <= 2780050))

table 2 : explain SELECT DISTINCT c FROM sbtest2 WHERE id BETWEEN 5729637 AND 5730636 ORDER BY c
	Unique  (cost=3754.37..3759.15 rows=955 width=121)
	  ->  Sort  (cost=3754.37..3756.76 rows=955 width=121)
	        Sort Key: c
	        ->  Bitmap Heap Scan on sbtest2  (cost=34.22..3707.10 rows=955 width=121)
	              Recheck Cond: ((id >= 5729637) AND (id <= 5730636))
	              ->  Bitmap Index Scan on sbtest2_pkey  (cost=0.00..33.98 rows=955 width=0)
	                    Index Cond: ((id >= 5729637) AND (id <= 5730636))

table 3 : explain SELECT DISTINCT c FROM sbtest3 WHERE id BETWEEN 8739949 AND 8740948 ORDER BY c
	Unique  (cost=3799.13..3803.96 rows=966 width=121)
	  ->  Sort  (cost=3799.13..3801.54 rows=966 width=121)
	        Sort Key: c
	        ->  Bitmap Heap Scan on sbtest3  (cost=34.34..3751.23 rows=966 width=121)
	              Recheck Cond: ((id >= 8739949) AND (id <= 8740948))
	              ->  Bitmap Index Scan on sbtest3_pkey  (cost=0.00..34.09 rows=966 width=0)
	                    Index Cond: ((id >= 8739949) AND (id <= 8740948))

table 4 : explain SELECT DISTINCT c FROM sbtest4 WHERE id BETWEEN 8838411 AND 8839410 ORDER BY c
	Unique  (cost=3997.44..4002.53 rows=1017 width=121)
	  ->  Sort  (cost=3997.44..3999.99 rows=1017 width=121)
	        Sort Key: c
	        ->  Bitmap Heap Scan on sbtest4  (cost=34.86..3946.65 rows=1017 width=121)
	              Recheck Cond: ((id >= 8838411) AND (id <= 8839410))
	              ->  Bitmap Index Scan on sbtest4_pkey  (cost=0.00..34.61 rows=1017 width=0)
	                    Index Cond: ((id >= 8838411) AND (id <= 8839410))

table 5 : explain SELECT DISTINCT c FROM sbtest5 WHERE id BETWEEN 2605573 AND 2606572 ORDER BY c
	Unique  (cost=3928.14..3933.15 rows=1001 width=121)
	  ->  Sort  (cost=3928.14..3930.65 rows=1001 width=121)
	        Sort Key: c
	        ->  Bitmap Heap Scan on sbtest5  (cost=34.70..3878.26 rows=1001 width=121)
	              Recheck Cond: ((id >= 2605573) AND (id <= 2606572))
	              ->  Bitmap Index Scan on sbtest5_pkey  (cost=0.00..34.45 rows=1001 width=0)
	                    Index Cond: ((id >= 2605573) AND (id <= 2606572))

table 6 : explain SELECT DISTINCT c FROM sbtest6 WHERE id BETWEEN 3931649 AND 3932648 ORDER BY c
	Unique  (cost=4252.21..4257.64 rows=1085 width=121)
	  ->  Sort  (cost=4252.21..4254.93 rows=1085 width=121)
	        Sort Key: c
	        ->  Bitmap Heap Scan on sbtest6  (cost=35.56..4197.51 rows=1085 width=121)
	              Recheck Cond: ((id >= 3931649) AND (id <= 3932648))
	              ->  Bitmap Index Scan on sbtest6_pkey  (cost=0.00..35.29 rows=1085 width=0)
	                    Index Cond: ((id >= 3931649) AND (id <= 3932648))

table 7 : explain SELECT DISTINCT c FROM sbtest7 WHERE id BETWEEN 5011072 AND 5012071 ORDER BY c
	Unique  (cost=3971.26..3976.31 rows=1010 width=121)
	  ->  Sort  (cost=3971.26..3973.78 rows=1010 width=121)
	        Sort Key: c
	        ->  Bitmap Heap Scan on sbtest7  (cost=34.79..3920.86 rows=1010 width=121)
	              Recheck Cond: ((id >= 5011072) AND (id <= 5012071))
	              ->  Bitmap Index Scan on sbtest7_pkey  (cost=0.00..34.54 rows=1010 width=0)
	                    Index Cond: ((id >= 5011072) AND (id <= 5012071))

table 8 : explain SELECT DISTINCT c FROM sbtest8 WHERE id BETWEEN 8000618 AND 8001617 ORDER BY c
	Unique  (cost=3964.14..3969.14 rows=999 width=121)
	  ->  Sort  (cost=3964.14..3966.64 rows=999 width=121)
	        Sort Key: c
	        ->  Index Scan using sbtest8_pkey on sbtest8  (cost=0.43..3914.37 rows=999 width=121)
	              Index Cond: ((id >= 8000618) AND (id <= 8001617))

for: sum_ranges
table 1 : explain SELECT SUM(k) FROM sbtest1 WHERE id BETWEEN 1404421 AND 1405420
	Aggregate  (cost=3429.96..3429.97 rows=1 width=8)
	  ->  Bitmap Heap Scan on sbtest1  (cost=29.48..3427.76 rows=882 width=4)
	        Recheck Cond: ((id >= 1404421) AND (id <= 1405420))
	        ->  Bitmap Index Scan on sbtest1_pkey  (cost=0.00..29.25 rows=882 width=0)
	              Index Cond: ((id >= 1404421) AND (id <= 1405420))

table 2 : explain SELECT SUM(k) FROM sbtest2 WHERE id BETWEEN 3051394 AND 3052393
	Aggregate  (cost=3909.66..3909.67 rows=1 width=8)
	  ->  Bitmap Heap Scan on sbtest2  (cost=34.77..3907.14 rows=1008 width=4)
	        Recheck Cond: ((id >= 3051394) AND (id <= 3052393))
	        ->  Bitmap Index Scan on sbtest2_pkey  (cost=0.00..34.52 rows=1008 width=0)
	              Index Cond: ((id >= 3051394) AND (id <= 3052393))

table 3 : explain SELECT SUM(k) FROM sbtest3 WHERE id BETWEEN 5743121 AND 5744120
	Aggregate  (cost=3761.21..3761.22 rows=1 width=8)
	  ->  Bitmap Heap Scan on sbtest3  (cost=34.36..3758.79 rows=968 width=4)
	        Recheck Cond: ((id >= 5743121) AND (id <= 5744120))
	        ->  Bitmap Index Scan on sbtest3_pkey  (cost=0.00..34.12 rows=968 width=0)
	              Index Cond: ((id >= 5743121) AND (id <= 5744120))

table 4 : explain SELECT SUM(k) FROM sbtest4 WHERE id BETWEEN 563491 AND 564490
	Aggregate  (cost=3733.50..3733.51 rows=1 width=8)
	  ->  Bitmap Heap Scan on sbtest4  (cost=34.28..3731.10 rows=960 width=4)
	        Recheck Cond: ((id >= 563491) AND (id <= 564490))
	        ->  Bitmap Index Scan on sbtest4_pkey  (cost=0.00..34.04 rows=960 width=0)
	              Index Cond: ((id >= 563491) AND (id <= 564490))

table 5 : explain SELECT SUM(k) FROM sbtest5 WHERE id BETWEEN 4033240 AND 4034239
	Aggregate  (cost=3797.78..3797.79 rows=1 width=8)
	  ->  Bitmap Heap Scan on sbtest5  (cost=34.47..3795.33 rows=979 width=4)
	        Recheck Cond: ((id >= 4033240) AND (id <= 4034239))
	        ->  Bitmap Index Scan on sbtest5_pkey  (cost=0.00..34.23 rows=979 width=0)
	              Index Cond: ((id >= 4033240) AND (id <= 4034239))

table 6 : explain SELECT SUM(k) FROM sbtest6 WHERE id BETWEEN 57991 AND 58990
	Aggregate  (cost=3698.46..3698.47 rows=1 width=8)
	  ->  Bitmap Heap Scan on sbtest6  (cost=34.19..3696.08 rows=952 width=4)
	        Recheck Cond: ((id >= 57991) AND (id <= 58990))
	        ->  Bitmap Index Scan on sbtest6_pkey  (cost=0.00..33.95 rows=952 width=0)
	              Index Cond: ((id >= 57991) AND (id <= 58990))

table 7 : explain SELECT SUM(k) FROM sbtest7 WHERE id BETWEEN 4325227 AND 4326226
	Aggregate  (cost=4074.58..4074.59 rows=1 width=8)
	  ->  Bitmap Heap Scan on sbtest7  (cost=35.20..4071.95 rows=1050 width=4)
	        Recheck Cond: ((id >= 4325227) AND (id <= 4326226))
	        ->  Bitmap Index Scan on sbtest7_pkey  (cost=0.00..34.94 rows=1050 width=0)
	              Index Cond: ((id >= 4325227) AND (id <= 4326226))

table 8 : explain SELECT SUM(k) FROM sbtest8 WHERE id BETWEEN 8297664 AND 8298663
	Aggregate  (cost=4004.84..4004.85 rows=1 width=8)
	  ->  Bitmap Heap Scan on sbtest8  (cost=35.01..4002.26 rows=1032 width=4)
	        Recheck Cond: ((id >= 8297664) AND (id <= 8298663))
	        ->  Bitmap Index Scan on sbtest8_pkey  (cost=0.00..34.76 rows=1032 width=0)
	              Index Cond: ((id >= 8297664) AND (id <= 8298663))

for: simple_ranges
table 1 : explain SELECT c FROM sbtest1 WHERE id BETWEEN 6207137 AND 6208136
	Bitmap Heap Scan on sbtest1  (cost=34.67..3874.13 rows=999 width=121)
	  Recheck Cond: ((id >= 6207137) AND (id <= 6208136))
	  ->  Bitmap Index Scan on sbtest1_pkey  (cost=0.00..34.43 rows=999 width=0)
	        Index Cond: ((id >= 6207137) AND (id <= 6208136))

table 2 : explain SELECT c FROM sbtest2 WHERE id BETWEEN 6489035 AND 6490034
	Bitmap Heap Scan on sbtest2  (cost=34.35..3752.43 rows=967 width=121)
	  Recheck Cond: ((id >= 6489035) AND (id <= 6490034))
	  ->  Bitmap Index Scan on sbtest2_pkey  (cost=0.00..34.11 rows=967 width=0)
	        Index Cond: ((id >= 6489035) AND (id <= 6490034))

table 3 : explain SELECT c FROM sbtest3 WHERE id BETWEEN 8866943 AND 8867942
	Bitmap Heap Scan on sbtest3  (cost=33.99..3622.63 rows=932 width=121)
	  Recheck Cond: ((id >= 8866943) AND (id <= 8867942))
	  ->  Bitmap Index Scan on sbtest3_pkey  (cost=0.00..33.76 rows=932 width=0)
	        Index Cond: ((id >= 8866943) AND (id <= 8867942))

table 4 : explain SELECT c FROM sbtest4 WHERE id BETWEEN 8122064 AND 8123063
	Bitmap Heap Scan on sbtest4  (cost=34.37..3765.16 rows=969 width=121)
	  Recheck Cond: ((id >= 8122064) AND (id <= 8123063))
	  ->  Bitmap Index Scan on sbtest4_pkey  (cost=0.00..34.12 rows=969 width=0)
	        Index Cond: ((id >= 8122064) AND (id <= 8123063))

table 5 : explain SELECT c FROM sbtest5 WHERE id BETWEEN 1998990 AND 1999989
	Bitmap Heap Scan on sbtest5  (cost=29.37..3387.08 rows=872 width=121)
	  Recheck Cond: ((id >= 1998990) AND (id <= 1999989))
	  ->  Bitmap Index Scan on sbtest5_pkey  (cost=0.00..29.15 rows=872 width=0)
	        Index Cond: ((id >= 1998990) AND (id <= 1999989))

table 6 : explain SELECT c FROM sbtest6 WHERE id BETWEEN 4846041 AND 4847040
	Bitmap Heap Scan on sbtest6  (cost=34.12..3669.63 rows=945 width=121)
	  Recheck Cond: ((id >= 4846041) AND (id <= 4847040))
	  ->  Bitmap Index Scan on sbtest6_pkey  (cost=0.00..33.89 rows=945 width=0)
	        Index Cond: ((id >= 4846041) AND (id <= 4847040))

table 7 : explain SELECT c FROM sbtest7 WHERE id BETWEEN 5902802 AND 5903801
	Bitmap Heap Scan on sbtest7  (cost=35.48..4177.61 rows=1078 width=121)
	  Recheck Cond: ((id >= 5902802) AND (id <= 5903801))
	  ->  Bitmap Index Scan on sbtest7_pkey  (cost=0.00..35.22 rows=1078 width=0)
	        Index Cond: ((id >= 5902802) AND (id <= 5903801))

table 8 : explain SELECT c FROM sbtest8 WHERE id BETWEEN 1774887 AND 1775886
	Index Scan using sbtest8_pkey on sbtest8  (cost=0.43..3824.72 rows=976 width=121)
	  Index Cond: ((id >= 1774887) AND (id <= 1775886))

for: simple_ranges
table 1 : explain SELECT c FROM sbtest1 WHERE id BETWEEN 1853600 AND 1854599
	Bitmap Heap Scan on sbtest1  (cost=34.19..3696.64 rows=952 width=121)
	  Recheck Cond: ((id >= 1853600) AND (id <= 1854599))
	  ->  Bitmap Index Scan on sbtest1_pkey  (cost=0.00..33.95 rows=952 width=0)
	        Index Cond: ((id >= 1853600) AND (id <= 1854599))

table 2 : explain SELECT c FROM sbtest2 WHERE id BETWEEN 8086942 AND 8087941
	Bitmap Heap Scan on sbtest2  (cost=34.87..3944.84 rows=1018 width=121)
	  Recheck Cond: ((id >= 8086942) AND (id <= 8087941))
	  ->  Bitmap Index Scan on sbtest2_pkey  (cost=0.00..34.62 rows=1018 width=0)
	        Index Cond: ((id >= 8086942) AND (id <= 8087941))

table 3 : explain SELECT c FROM sbtest3 WHERE id BETWEEN 3860295 AND 3861294
	Bitmap Heap Scan on sbtest3  (cost=35.12..4038.17 rows=1042 width=121)
	  Recheck Cond: ((id >= 3860295) AND (id <= 3861294))
	  ->  Bitmap Index Scan on sbtest3_pkey  (cost=0.00..34.86 rows=1042 width=0)
	        Index Cond: ((id >= 3860295) AND (id <= 3861294))

table 4 : explain SELECT c FROM sbtest4 WHERE id BETWEEN 797578 AND 798577
	Bitmap Heap Scan on sbtest4  (cost=34.87..3950.42 rows=1018 width=121)
	  Recheck Cond: ((id >= 797578) AND (id <= 798577))
	  ->  Bitmap Index Scan on sbtest4_pkey  (cost=0.00..34.62 rows=1018 width=0)
	        Index Cond: ((id >= 797578) AND (id <= 798577))

table 5 : explain SELECT c FROM sbtest5 WHERE id BETWEEN 9092751 AND 9093750
	Bitmap Heap Scan on sbtest5  (cost=39.74..4265.94 rows=1103 width=121)
	  Recheck Cond: ((id >= 9092751) AND (id <= 9093750))
	  ->  Bitmap Index Scan on sbtest5_pkey  (cost=0.00..39.47 rows=1103 width=0)
	        Index Cond: ((id >= 9092751) AND (id <= 9093750))

table 6 : explain SELECT c FROM sbtest6 WHERE id BETWEEN 1204916 AND 1205915
	Bitmap Heap Scan on sbtest6  (cost=34.18..3692.30 rows=951 width=121)
	  Recheck Cond: ((id >= 1204916) AND (id <= 1205915))
	  ->  Bitmap Index Scan on sbtest6_pkey  (cost=0.00..33.95 rows=951 width=0)
	        Index Cond: ((id >= 1204916) AND (id <= 1205915))

table 7 : explain SELECT c FROM sbtest7 WHERE id BETWEEN 7009891 AND 7010890
	Bitmap Heap Scan on sbtest7  (cost=39.92..4339.92 rows=1120 width=121)
	  Recheck Cond: ((id >= 7009891) AND (id <= 7010890))
	  ->  Bitmap Index Scan on sbtest7_pkey  (cost=0.00..39.64 rows=1120 width=0)
	        Index Cond: ((id >= 7009891) AND (id <= 7010890))

table 8 : explain SELECT c FROM sbtest8 WHERE id BETWEEN 4559494 AND 4560493
	Bitmap Heap Scan on sbtest8  (cost=35.16..4055.10 rows=1046 width=121)
	  Recheck Cond: ((id >= 4559494) AND (id <= 4560493))
	  ->  Bitmap Index Scan on sbtest8_pkey  (cost=0.00..34.90 rows=1046 width=0)
	        Index Cond: ((id >= 4559494) AND (id <= 4560493))

for: simple_ranges
table 1 : explain SELECT c FROM sbtest1 WHERE id BETWEEN 1315729 AND 1316728
	Bitmap Heap Scan on sbtest1  (cost=35.17..4055.12 rows=1047 width=121)
	  Recheck Cond: ((id >= 1315729) AND (id <= 1316728))
	  ->  Bitmap Index Scan on sbtest1_pkey  (cost=0.00..34.91 rows=1047 width=0)
	        Index Cond: ((id >= 1315729) AND (id <= 1316728))

table 2 : explain SELECT c FROM sbtest2 WHERE id BETWEEN 595155 AND 596154
	Bitmap Heap Scan on sbtest2  (cost=34.28..3725.99 rows=960 width=121)
	  Recheck Cond: ((id >= 595155) AND (id <= 596154))
	  ->  Bitmap Index Scan on sbtest2_pkey  (cost=0.00..34.04 rows=960 width=0)
	        Index Cond: ((id >= 595155) AND (id <= 596154))

table 3 : explain SELECT c FROM sbtest3 WHERE id BETWEEN 1946251 AND 1947250
	Bitmap Heap Scan on sbtest3  (cost=35.21..4072.10 rows=1051 width=121)
	  Recheck Cond: ((id >= 1946251) AND (id <= 1947250))
	  ->  Bitmap Index Scan on sbtest3_pkey  (cost=0.00..34.95 rows=1051 width=0)
	        Index Cond: ((id >= 1946251) AND (id <= 1947250))

table 4 : explain SELECT c FROM sbtest4 WHERE id BETWEEN 4585687 AND 4586686
	Bitmap Heap Scan on sbtest4  (cost=34.93..3973.09 rows=1024 width=121)
	  Recheck Cond: ((id >= 4585687) AND (id <= 4586686))
	  ->  Bitmap Index Scan on sbtest4_pkey  (cost=0.00..34.68 rows=1024 width=0)
	        Index Cond: ((id >= 4585687) AND (id <= 4586686))

table 5 : explain SELECT c FROM sbtest5 WHERE id BETWEEN 7940351 AND 7941350
	Bitmap Heap Scan on sbtest5  (cost=29.49..3428.71 rows=883 width=121)
	  Recheck Cond: ((id >= 7940351) AND (id <= 7941350))
	  ->  Bitmap Index Scan on sbtest5_pkey  (cost=0.00..29.26 rows=883 width=0)
	        Index Cond: ((id >= 7940351) AND (id <= 7941350))

table 6 : explain SELECT c FROM sbtest6 WHERE id BETWEEN 1302681 AND 1303680
	Bitmap Heap Scan on sbtest6  (cost=34.60..3847.12 rows=992 width=121)
	  Recheck Cond: ((id >= 1302681) AND (id <= 1303680))
	  ->  Bitmap Index Scan on sbtest6_pkey  (cost=0.00..34.36 rows=992 width=0)
	        Index Cond: ((id >= 1302681) AND (id <= 1303680))

table 7 : explain SELECT c FROM sbtest7 WHERE id BETWEEN 2459251 AND 2460250
	Bitmap Heap Scan on sbtest7  (cost=34.36..3762.00 rows=968 width=121)
	  Recheck Cond: ((id >= 2459251) AND (id <= 2460250))
	  ->  Bitmap Index Scan on sbtest7_pkey  (cost=0.00..34.12 rows=968 width=0)
	        Index Cond: ((id >= 2459251) AND (id <= 2460250))

table 8 : explain SELECT c FROM sbtest8 WHERE id BETWEEN 3564749 AND 3565748
	Index Scan using sbtest8_pkey on sbtest8  (cost=0.43..3707.79 rows=946 width=121)
	  Index Cond: ((id >= 3564749) AND (id <= 3565748))

for: order_ranges
table 1 : explain SELECT c FROM sbtest1 WHERE id BETWEEN 4849028 AND 4850027 ORDER BY c
	Sort  (cost=4057.90..4060.49 rows=1034 width=121)
	  Sort Key: c
	  ->  Bitmap Heap Scan on sbtest1  (cost=35.03..4006.13 rows=1034 width=121)
	        Recheck Cond: ((id >= 4849028) AND (id <= 4850027))
	        ->  Bitmap Index Scan on sbtest1_pkey  (cost=0.00..34.78 rows=1034 width=0)
	              Index Cond: ((id >= 4849028) AND (id <= 4850027))

table 2 : explain SELECT c FROM sbtest2 WHERE id BETWEEN 4483514 AND 4484513 ORDER BY c
	Sort  (cost=3995.70..3998.25 rows=1018 width=121)
	  Sort Key: c
	  ->  Bitmap Heap Scan on sbtest2  (cost=34.87..3944.84 rows=1018 width=121)
	        Recheck Cond: ((id >= 4483514) AND (id <= 4484513))
	        ->  Bitmap Index Scan on sbtest2_pkey  (cost=0.00..34.62 rows=1018 width=0)
	              Index Cond: ((id >= 4483514) AND (id <= 4484513))

table 3 : explain SELECT c FROM sbtest3 WHERE id BETWEEN 6157409 AND 6158408 ORDER BY c
	Sort  (cost=4377.37..4380.16 rows=1116 width=121)
	  Sort Key: c
	  ->  Bitmap Heap Scan on sbtest3  (cost=39.87..4320.88 rows=1116 width=121)
	        Recheck Cond: ((id >= 6157409) AND (id <= 6158408))
	        ->  Bitmap Index Scan on sbtest3_pkey  (cost=0.00..39.59 rows=1116 width=0)
	              Index Cond: ((id >= 6157409) AND (id <= 6158408))

table 4 : explain SELECT c FROM sbtest4 WHERE id BETWEEN 3488444 AND 3489443 ORDER BY c
	Sort  (cost=3901.53..3904.01 rows=992 width=121)
	  Sort Key: c
	  ->  Bitmap Heap Scan on sbtest4  (cost=34.60..3852.16 rows=992 width=121)
	        Recheck Cond: ((id >= 3488444) AND (id <= 3489443))
	        ->  Bitmap Index Scan on sbtest4_pkey  (cost=0.00..34.36 rows=992 width=0)
	              Index Cond: ((id >= 3488444) AND (id <= 3489443))

table 5 : explain SELECT c FROM sbtest5 WHERE id BETWEEN 874924 AND 875923 ORDER BY c
	Sort  (cost=4004.62..4007.18 rows=1021 width=121)
	  Sort Key: c
	  ->  Bitmap Heap Scan on sbtest5  (cost=34.90..3953.59 rows=1021 width=121)
	        Recheck Cond: ((id >= 874924) AND (id <= 875923))
	        ->  Bitmap Index Scan on sbtest5_pkey  (cost=0.00..34.65 rows=1021 width=0)
	              Index Cond: ((id >= 874924) AND (id <= 875923))

table 6 : explain SELECT c FROM sbtest6 WHERE id BETWEEN 6502769 AND 6503768 ORDER BY c
	Sort  (cost=3516.53..3518.76 rows=894 width=121)
	  Sort Key: c
	  ->  Bitmap Heap Scan on sbtest6  (cost=29.60..3472.70 rows=894 width=121)
	        Recheck Cond: ((id >= 6502769) AND (id <= 6503768))
	        ->  Bitmap Index Scan on sbtest6_pkey  (cost=0.00..29.37 rows=894 width=0)
	              Index Cond: ((id >= 6502769) AND (id <= 6503768))

table 7 : explain SELECT c FROM sbtest7 WHERE id BETWEEN 9157282 AND 9158281 ORDER BY c
	Sort  (cost=3660.08..3662.41 rows=929 width=121)
	  Sort Key: c
	  ->  Bitmap Heap Scan on sbtest7  (cost=33.96..3614.29 rows=929 width=121)
	        Recheck Cond: ((id >= 9157282) AND (id <= 9158281))
	        ->  Bitmap Index Scan on sbtest7_pkey  (cost=0.00..33.73 rows=929 width=0)
	              Index Cond: ((id >= 9157282) AND (id <= 9158281))

table 8 : explain SELECT c FROM sbtest8 WHERE id BETWEEN 4246652 AND 4247651 ORDER BY c
	Sort  (cost=4111.39..4114.01 rows=1047 width=121)
	  Sort Key: c
	  ->  Bitmap Heap Scan on sbtest8  (cost=35.17..4058.87 rows=1047 width=121)
	        Recheck Cond: ((id >= 4246652) AND (id <= 4247651))
	        ->  Bitmap Index Scan on sbtest8_pkey  (cost=0.00..34.91 rows=1047 width=0)
	              Index Cond: ((id >= 4246652) AND (id <= 4247651))

for: order_ranges
table 1 : explain SELECT c FROM sbtest1 WHERE id BETWEEN 9406565 AND 9407564 ORDER BY c
	Sort  (cost=3828.11..3830.54 rows=974 width=121)
	  Sort Key: c
	  ->  Bitmap Heap Scan on sbtest1  (cost=34.42..3779.76 rows=974 width=121)
	        Recheck Cond: ((id >= 9406565) AND (id <= 9407564))
	        ->  Bitmap Index Scan on sbtest1_pkey  (cost=0.00..34.18 rows=974 width=0)
	              Index Cond: ((id >= 9406565) AND (id <= 9407564))

table 2 : explain SELECT c FROM sbtest2 WHERE id BETWEEN 8250099 AND 8251098 ORDER BY c
	Sort  (cost=4026.31..4028.88 rows=1026 width=121)
	  Sort Key: c
	  ->  Bitmap Heap Scan on sbtest2  (cost=34.95..3975.00 rows=1026 width=121)
	        Recheck Cond: ((id >= 8250099) AND (id <= 8251098))
	        ->  Bitmap Index Scan on sbtest2_pkey  (cost=0.00..34.70 rows=1026 width=0)
	              Index Cond: ((id >= 8250099) AND (id <= 8251098))

table 3 : explain SELECT c FROM sbtest3 WHERE id BETWEEN 6689615 AND 6690614 ORDER BY c
	Sort  (cost=3399.26..3401.42 rows=863 width=121)
	  Sort Key: c
	  ->  Bitmap Heap Scan on sbtest3  (cost=29.28..3357.18 rows=863 width=121)
	        Recheck Cond: ((id >= 6689615) AND (id <= 6690614))
	        ->  Bitmap Index Scan on sbtest3_pkey  (cost=0.00..29.07 rows=863 width=0)
	              Index Cond: ((id >= 6689615) AND (id <= 6690614))

table 4 : explain SELECT c FROM sbtest4 WHERE id BETWEEN 5431024 AND 5432023 ORDER BY c
	Sort  (cost=3817.06..3819.49 rows=970 width=121)
	  Sort Key: c
	  ->  Bitmap Heap Scan on sbtest4  (cost=34.38..3768.94 rows=970 width=121)
	        Recheck Cond: ((id >= 5431024) AND (id <= 5432023))
	        ->  Bitmap Index Scan on sbtest4_pkey  (cost=0.00..34.14 rows=970 width=0)
	              Index Cond: ((id >= 5431024) AND (id <= 5432023))

table 5 : explain SELECT c FROM sbtest5 WHERE id BETWEEN 9192479 AND 9193478 ORDER BY c
	Sort  (cost=3648.58..3650.90 rows=928 width=121)
	  Sort Key: c
	  ->  Bitmap Heap Scan on sbtest5  (cost=33.95..3602.84 rows=928 width=121)
	        Recheck Cond: ((id >= 9192479) AND (id <= 9193478))
	        ->  Bitmap Index Scan on sbtest5_pkey  (cost=0.00..33.72 rows=928 width=0)
	              Index Cond: ((id >= 9192479) AND (id <= 9193478))

table 6 : explain SELECT c FROM sbtest6 WHERE id BETWEEN 587517 AND 588516 ORDER BY c
	Sort  (cost=3877.34..3879.81 rows=987 width=121)
	  Sort Key: c
	  ->  Bitmap Heap Scan on sbtest6  (cost=34.55..3828.25 rows=987 width=121)
	        Recheck Cond: ((id >= 587517) AND (id <= 588516))
	        ->  Bitmap Index Scan on sbtest6_pkey  (cost=0.00..34.31 rows=987 width=0)
	              Index Cond: ((id >= 587517) AND (id <= 588516))

table 7 : explain SELECT c FROM sbtest7 WHERE id BETWEEN 7289018 AND 7290017 ORDER BY c
	Sort  (cost=3702.39..3704.74 rows=940 width=121)
	  Sort Key: c
	  ->  Bitmap Heap Scan on sbtest7  (cost=34.07..3655.97 rows=940 width=121)
	        Recheck Cond: ((id >= 7289018) AND (id <= 7290017))
	        ->  Bitmap Index Scan on sbtest7_pkey  (cost=0.00..33.84 rows=940 width=0)
	              Index Cond: ((id >= 7289018) AND (id <= 7290017))

table 8 : explain SELECT c FROM sbtest8 WHERE id BETWEEN 8132064 AND 8133063 ORDER BY c
	Sort  (cost=4122.88..4125.50 rows=1050 width=121)
	  Sort Key: c
	  ->  Bitmap Heap Scan on sbtest8  (cost=35.20..4070.19 rows=1050 width=121)
	        Recheck Cond: ((id >= 8132064) AND (id <= 8133063))
	        ->  Bitmap Index Scan on sbtest8_pkey  (cost=0.00..34.94 rows=1050 width=0)
	              Index Cond: ((id >= 8132064) AND (id <= 8133063))

for: sum_ranges
table 1 : explain SELECT SUM(k) FROM sbtest1 WHERE id BETWEEN 5651947 AND 5652946
	Aggregate  (cost=3661.20..3661.21 rows=1 width=8)
	  ->  Bitmap Heap Scan on sbtest1  (cost=34.09..3658.84 rows=942 width=4)
	        Recheck Cond: ((id >= 5651947) AND (id <= 5652946))
	        ->  Bitmap Index Scan on sbtest1_pkey  (cost=0.00..33.86 rows=942 width=0)
	              Index Cond: ((id >= 5651947) AND (id <= 5652946))

table 2 : explain SELECT SUM(k) FROM sbtest2 WHERE id BETWEEN 2051733 AND 2052732
	Aggregate  (cost=4117.01..4117.02 rows=1 width=8)
	  ->  Bitmap Heap Scan on sbtest2  (cost=35.33..4114.35 rows=1063 width=4)
	        Recheck Cond: ((id >= 2051733) AND (id <= 2052732))
	        ->  Bitmap Index Scan on sbtest2_pkey  (cost=0.00..35.07 rows=1063 width=0)
	              Index Cond: ((id >= 2051733) AND (id <= 2052732))

table 3 : explain SELECT SUM(k) FROM sbtest3 WHERE id BETWEEN 9039896 AND 9040895
	Aggregate  (cost=3969.06..3969.07 rows=1 width=8)
	  ->  Bitmap Heap Scan on sbtest3  (cost=34.92..3966.50 rows=1023 width=4)
	        Recheck Cond: ((id >= 9039896) AND (id <= 9040895))
	        ->  Bitmap Index Scan on sbtest3_pkey  (cost=0.00..34.67 rows=1023 width=0)
	              Index Cond: ((id >= 9039896) AND (id <= 9040895))

table 4 : explain SELECT SUM(k) FROM sbtest4 WHERE id BETWEEN 3436144 AND 3437143
	Aggregate  (cost=4156.93..4156.94 rows=1 width=8)
	  ->  Bitmap Heap Scan on sbtest4  (cost=35.42..4154.25 rows=1072 width=4)
	        Recheck Cond: ((id >= 3436144) AND (id <= 3437143))
	        ->  Bitmap Index Scan on sbtest4_pkey  (cost=0.00..35.16 rows=1072 width=0)
	              Index Cond: ((id >= 3436144) AND (id <= 3437143))

table 5 : explain SELECT SUM(k) FROM sbtest5 WHERE id BETWEEN 1729733 AND 1730732
	Aggregate  (cost=3801.55..3801.56 rows=1 width=8)
	  ->  Bitmap Heap Scan on sbtest5  (cost=34.48..3799.10 rows=980 width=4)
	        Recheck Cond: ((id >= 1729733) AND (id <= 1730732))
	        ->  Bitmap Index Scan on sbtest5_pkey  (cost=0.00..34.23 rows=980 width=0)
	              Index Cond: ((id >= 1729733) AND (id <= 1730732))

table 6 : explain SELECT SUM(k) FROM sbtest6 WHERE id BETWEEN 4199860 AND 4200859
	Aggregate  (cost=3951.51..3951.52 rows=1 width=8)
	  ->  Bitmap Heap Scan on sbtest6  (cost=34.88..3948.96 rows=1019 width=4)
	        Recheck Cond: ((id >= 4199860) AND (id <= 4200859))
	        ->  Bitmap Index Scan on sbtest6_pkey  (cost=0.00..34.62 rows=1019 width=0)
	              Index Cond: ((id >= 4199860) AND (id <= 4200859))

table 7 : explain SELECT SUM(k) FROM sbtest7 WHERE id BETWEEN 6980826 AND 6981825
	Aggregate  (cost=4342.72..4342.73 rows=1 width=8)
	  ->  Bitmap Heap Scan on sbtest7  (cost=39.92..4339.92 rows=1120 width=4)
	        Recheck Cond: ((id >= 6980826) AND (id <= 6981825))
	        ->  Bitmap Index Scan on sbtest7_pkey  (cost=0.00..39.64 rows=1120 width=0)
	              Index Cond: ((id >= 6980826) AND (id <= 6981825))

table 8 : explain SELECT SUM(k) FROM sbtest8 WHERE id BETWEEN 6562815 AND 6563814
	Aggregate  (cost=4193.55..4193.56 rows=1 width=8)
	  ->  Bitmap Heap Scan on sbtest8  (cost=35.53..4190.85 rows=1082 width=4)
	        Recheck Cond: ((id >= 6562815) AND (id <= 6563814))
	        ->  Bitmap Index Scan on sbtest8_pkey  (cost=0.00..35.26 rows=1082 width=0)
	              Index Cond: ((id >= 6562815) AND (id <= 6563814))

for: order_ranges
table 1 : explain SELECT c FROM sbtest1 WHERE id BETWEEN 5206561 AND 5207560 ORDER BY c
	Sort  (cost=3920.08..3922.57 rows=998 width=121)
	  Sort Key: c
	  ->  Bitmap Heap Scan on sbtest1  (cost=34.66..3870.36 rows=998 width=121)
	        Recheck Cond: ((id >= 5206561) AND (id <= 5207560))
	        ->  Bitmap Index Scan on sbtest1_pkey  (cost=0.00..34.42 rows=998 width=0)
	              Index Cond: ((id >= 5206561) AND (id <= 5207560))

table 2 : explain SELECT c FROM sbtest2 WHERE id BETWEEN 4508346 AND 4509345 ORDER BY c
	Sort  (cost=3995.70..3998.25 rows=1018 width=121)
	  Sort Key: c
	  ->  Bitmap Heap Scan on sbtest2  (cost=34.87..3944.84 rows=1018 width=121)
	        Recheck Cond: ((id >= 4508346) AND (id <= 4509345))
	        ->  Bitmap Index Scan on sbtest2_pkey  (cost=0.00..34.62 rows=1018 width=0)
	              Index Cond: ((id >= 4508346) AND (id <= 4509345))

table 3 : explain SELECT c FROM sbtest3 WHERE id BETWEEN 7368861 AND 7369860 ORDER BY c
	Sort  (cost=3864.34..3866.80 rows=983 width=121)
	  Sort Key: c
	  ->  Bitmap Heap Scan on sbtest3  (cost=34.51..3815.48 rows=983 width=121)
	        Recheck Cond: ((id >= 7368861) AND (id <= 7369860))
	        ->  Bitmap Index Scan on sbtest3_pkey  (cost=0.00..34.27 rows=983 width=0)
	              Index Cond: ((id >= 7368861) AND (id <= 7369860))

table 4 : explain SELECT c FROM sbtest4 WHERE id BETWEEN 8390785 AND 8391784 ORDER BY c
	Sort  (cost=3671.04..3673.37 rows=932 width=121)
	  Sort Key: c
	  ->  Bitmap Heap Scan on sbtest4  (cost=33.99..3625.07 rows=932 width=121)
	        Recheck Cond: ((id >= 8390785) AND (id <= 8391784))
	        ->  Bitmap Index Scan on sbtest4_pkey  (cost=0.00..33.76 rows=932 width=0)
	              Index Cond: ((id >= 8390785) AND (id <= 8391784))

table 5 : explain SELECT c FROM sbtest5 WHERE id BETWEEN 4026195 AND 4027194 ORDER BY c
	Sort  (cost=3843.96..3846.41 rows=979 width=121)
	  Sort Key: c
	  ->  Bitmap Heap Scan on sbtest5  (cost=34.47..3795.33 rows=979 width=121)
	        Recheck Cond: ((id >= 4026195) AND (id <= 4027194))
	        ->  Bitmap Index Scan on sbtest5_pkey  (cost=0.00..34.23 rows=979 width=0)
	              Index Cond: ((id >= 4026195) AND (id <= 4027194))

table 6 : explain SELECT c FROM sbtest6 WHERE id BETWEEN 7633856 AND 7634855 ORDER BY c
	Sort  (cost=3793.03..3795.44 rows=965 width=121)
	  Sort Key: c
	  ->  Bitmap Heap Scan on sbtest6  (cost=34.33..3745.19 rows=965 width=121)
	        Recheck Cond: ((id >= 7633856) AND (id <= 7634855))
	        ->  Bitmap Index Scan on sbtest6_pkey  (cost=0.00..34.09 rows=965 width=0)
	              Index Cond: ((id >= 7633856) AND (id <= 7634855))

table 7 : explain SELECT c FROM sbtest7 WHERE id BETWEEN 5340867 AND 5341866 ORDER BY c
	Sort  (cost=3663.93..3666.26 rows=930 width=121)
	  Sort Key: c
	  ->  Bitmap Heap Scan on sbtest7  (cost=33.97..3618.08 rows=930 width=121)
	        Recheck Cond: ((id >= 5340867) AND (id <= 5341866))
	        ->  Bitmap Index Scan on sbtest7_pkey  (cost=0.00..33.73 rows=930 width=0)
	              Index Cond: ((id >= 5340867) AND (id <= 5341866))

table 8 : explain SELECT c FROM sbtest8 WHERE id BETWEEN 4857621 AND 4858620 ORDER BY c
	Sort  (cost=3786.17..3788.56 rows=954 width=121)
	  Sort Key: c
	  ->  Index Scan using sbtest8_pkey on sbtest8  (cost=0.43..3738.96 rows=954 width=121)
	        Index Cond: ((id >= 4857621) AND (id <= 4858620))

for: order_ranges
table 1 : explain SELECT c FROM sbtest1 WHERE id BETWEEN 5972400 AND 5973399 ORDER BY c
	Sort  (cost=4038.77..4041.34 rows=1029 width=121)
	  Sort Key: c
	  ->  Bitmap Heap Scan on sbtest1  (cost=34.98..3987.28 rows=1029 width=121)
	        Recheck Cond: ((id >= 5972400) AND (id <= 5973399))
	        ->  Bitmap Index Scan on sbtest1_pkey  (cost=0.00..34.73 rows=1029 width=0)
	              Index Cond: ((id >= 5972400) AND (id <= 5973399))

table 2 : explain SELECT c FROM sbtest2 WHERE id BETWEEN 3934616 AND 3935615 ORDER BY c
	Sort  (cost=3815.71..3818.14 rows=971 width=121)
	  Sort Key: c
	  ->  Bitmap Heap Scan on sbtest2  (cost=34.39..3767.53 rows=971 width=121)
	        Recheck Cond: ((id >= 3934616) AND (id <= 3935615))
	        ->  Bitmap Index Scan on sbtest2_pkey  (cost=0.00..34.15 rows=971 width=0)
	              Index Cond: ((id >= 3934616) AND (id <= 3935615))

table 3 : explain SELECT c FROM sbtest3 WHERE id BETWEEN 4779290 AND 4780289 ORDER BY c
	Sort  (cost=3749.23..3751.62 rows=953 width=121)
	  Sort Key: c
	  ->  Bitmap Heap Scan on sbtest3  (cost=34.20..3702.08 rows=953 width=121)
	        Recheck Cond: ((id >= 4779290) AND (id <= 4780289))
	        ->  Bitmap Index Scan on sbtest3_pkey  (cost=0.00..33.97 rows=953 width=0)
	              Index Cond: ((id >= 4779290) AND (id <= 4780289))

table 4 : explain SELECT c FROM sbtest4 WHERE id BETWEEN 5490913 AND 5491912 ORDER BY c
	Sort  (cost=3817.06..3819.49 rows=970 width=121)
	  Sort Key: c
	  ->  Bitmap Heap Scan on sbtest4  (cost=34.38..3768.94 rows=970 width=121)
	        Recheck Cond: ((id >= 5490913) AND (id <= 5491912))
	        ->  Bitmap Index Scan on sbtest4_pkey  (cost=0.00..34.14 rows=970 width=0)
	              Index Cond: ((id >= 5490913) AND (id <= 5491912))

table 5 : explain SELECT c FROM sbtest5 WHERE id BETWEEN 3095290 AND 3096289 ORDER BY c
	Sort  (cost=3866.93..3869.39 rows=985 width=121)
	  Sort Key: c
	  ->  Bitmap Heap Scan on sbtest5  (cost=34.53..3817.95 rows=985 width=121)
	        Recheck Cond: ((id >= 3095290) AND (id <= 3096289))
	        ->  Bitmap Index Scan on sbtest5_pkey  (cost=0.00..34.29 rows=985 width=0)
	              Index Cond: ((id >= 3095290) AND (id <= 3096289))

table 6 : explain SELECT c FROM sbtest6 WHERE id BETWEEN 9434022 AND 9435021 ORDER BY c
	Sort  (cost=4221.65..4224.35 rows=1077 width=121)
	  Sort Key: c
	  ->  Bitmap Heap Scan on sbtest6  (cost=35.47..4167.41 rows=1077 width=121)
	        Recheck Cond: ((id >= 9434022) AND (id <= 9435021))
	        ->  Bitmap Index Scan on sbtest6_pkey  (cost=0.00..35.20 rows=1077 width=0)
	              Index Cond: ((id >= 9434022) AND (id <= 9435021))

table 7 : explain SELECT c FROM sbtest7 WHERE id BETWEEN 9337753 AND 9338752 ORDER BY c
	Sort  (cost=4036.47..4039.04 rows=1027 width=121)
	  Sort Key: c
	  ->  Bitmap Heap Scan on sbtest7  (cost=34.96..3985.10 rows=1027 width=121)
	        Recheck Cond: ((id >= 9337753) AND (id <= 9338752))
	        ->  Bitmap Index Scan on sbtest7_pkey  (cost=0.00..34.70 rows=1027 width=0)
	              Index Cond: ((id >= 9337753) AND (id <= 9338752))

table 8 : explain SELECT c FROM sbtest8 WHERE id BETWEEN 4694045 AND 4695044 ORDER BY c
	Sort  (cost=3865.27..3867.71 rows=974 width=121)
	  Sort Key: c
	  ->  Index Scan using sbtest8_pkey on sbtest8  (cost=0.43..3816.92 rows=974 width=121)
	        Index Cond: ((id >= 4694045) AND (id <= 4695044))

for: order_ranges
table 1 : explain SELECT c FROM sbtest1 WHERE id BETWEEN 6056437 AND 6057436 ORDER BY c
	Sort  (cost=3996.66..3999.21 rows=1018 width=121)
	  Sort Key: c
	  ->  Bitmap Heap Scan on sbtest1  (cost=34.87..3945.81 rows=1018 width=121)
	        Recheck Cond: ((id >= 6056437) AND (id <= 6057436))
	        ->  Bitmap Index Scan on sbtest1_pkey  (cost=0.00..34.62 rows=1018 width=0)
	              Index Cond: ((id >= 6056437) AND (id <= 6057436))

table 2 : explain SELECT c FROM sbtest2 WHERE id BETWEEN 7597959 AND 7598958 ORDER BY c
	Sort  (cost=4477.23..4480.09 rows=1144 width=121)
	  Sort Key: c
	  ->  Bitmap Heap Scan on sbtest2  (cost=40.16..4419.11 rows=1144 width=121)
	        Recheck Cond: ((id >= 7597959) AND (id <= 7598958))
	        ->  Bitmap Index Scan on sbtest2_pkey  (cost=0.00..39.88 rows=1144 width=0)
	              Index Cond: ((id >= 7597959) AND (id <= 7598958))

table 3 : explain SELECT c FROM sbtest3 WHERE id BETWEEN 3078948 AND 3079947 ORDER BY c
	Sort  (cost=3718.52..3720.88 rows=945 width=121)
	  Sort Key: c
	  ->  Bitmap Heap Scan on sbtest3  (cost=34.12..3671.82 rows=945 width=121)
	        Recheck Cond: ((id >= 3078948) AND (id <= 3079947))
	        ->  Bitmap Index Scan on sbtest3_pkey  (cost=0.00..33.89 rows=945 width=0)
	              Index Cond: ((id >= 3078948) AND (id <= 3079947))

table 4 : explain SELECT c FROM sbtest4 WHERE id BETWEEN 172525 AND 173524 ORDER BY c
	Sort  (cost=4131.61..4134.24 rows=1052 width=121)
	  Sort Key: c
	  ->  Bitmap Heap Scan on sbtest4  (cost=35.22..4078.80 rows=1052 width=121)
	        Recheck Cond: ((id >= 172525) AND (id <= 173524))
	        ->  Bitmap Index Scan on sbtest4_pkey  (cost=0.00..34.95 rows=1052 width=0)
	              Index Cond: ((id >= 172525) AND (id <= 173524))

table 5 : explain SELECT c FROM sbtest5 WHERE id BETWEEN 5402763 AND 5403762 ORDER BY c
	Sort  (cost=3663.92..3666.25 rows=932 width=121)
	  Sort Key: c
	  ->  Bitmap Heap Scan on sbtest5  (cost=33.99..3617.95 rows=932 width=121)
	        Recheck Cond: ((id >= 5402763) AND (id <= 5403762))
	        ->  Bitmap Index Scan on sbtest5_pkey  (cost=0.00..33.76 rows=932 width=0)
	              Index Cond: ((id >= 5402763) AND (id <= 5403762))

table 6 : explain SELECT c FROM sbtest6 WHERE id BETWEEN 2295288 AND 2296287 ORDER BY c
	Sort  (cost=3930.96..3933.47 rows=1001 width=121)
	  Sort Key: c
	  ->  Bitmap Heap Scan on sbtest6  (cost=34.70..3881.08 rows=1001 width=121)
	        Recheck Cond: ((id >= 2295288) AND (id <= 2296287))
	        ->  Bitmap Index Scan on sbtest6_pkey  (cost=0.00..34.45 rows=1001 width=0)
	              Index Cond: ((id >= 2295288) AND (id <= 2296287))

table 7 : explain SELECT c FROM sbtest7 WHERE id BETWEEN 5804449 AND 5805448 ORDER BY c
	Sort  (cost=3529.09..3531.33 rows=896 width=121)
	  Sort Key: c
	  ->  Bitmap Heap Scan on sbtest7  (cost=29.62..3485.15 rows=896 width=121)
	        Recheck Cond: ((id >= 5804449) AND (id <= 5805448))
	        ->  Bitmap Index Scan on sbtest7_pkey  (cost=0.00..29.39 rows=896 width=0)
	              Index Cond: ((id >= 5804449) AND (id <= 5805448))

table 8 : explain SELECT c FROM sbtest8 WHERE id BETWEEN 8297623 AND 8298622 ORDER BY c
	Sort  (cost=4053.92..4056.50 rows=1032 width=121)
	  Sort Key: c
	  ->  Bitmap Heap Scan on sbtest8  (cost=35.01..4002.26 rows=1032 width=121)
	        Recheck Cond: ((id >= 8297623) AND (id <= 8298622))
	        ->  Bitmap Index Scan on sbtest8_pkey  (cost=0.00..34.76 rows=1032 width=0)
	              Index Cond: ((id >= 8297623) AND (id <= 8298622))

for: sum_ranges
table 1 : explain SELECT SUM(k) FROM sbtest1 WHERE id BETWEEN 7512551 AND 7513550
	Aggregate  (cost=3940.81..3940.82 rows=1 width=8)
	  ->  Bitmap Heap Scan on sbtest1  (cost=34.85..3938.27 rows=1016 width=4)
	        Recheck Cond: ((id >= 7512551) AND (id <= 7513550))
	        ->  Bitmap Index Scan on sbtest1_pkey  (cost=0.00..34.59 rows=1016 width=0)
	              Index Cond: ((id >= 7512551) AND (id <= 7513550))

table 2 : explain SELECT SUM(k) FROM sbtest2 WHERE id BETWEEN 7154437 AND 7155436
	Aggregate  (cost=4049.19..4049.20 rows=1 width=8)
	  ->  Bitmap Heap Scan on sbtest2  (cost=35.15..4046.58 rows=1045 width=4)
	        Recheck Cond: ((id >= 7154437) AND (id <= 7155436))
	        ->  Bitmap Index Scan on sbtest2_pkey  (cost=0.00..34.89 rows=1045 width=0)
	              Index Cond: ((id >= 7154437) AND (id <= 7155436))

table 3 : explain SELECT SUM(k) FROM sbtest3 WHERE id BETWEEN 4004454 AND 4005453
	Aggregate  (cost=3647.68..3647.69 rows=1 width=8)
	  ->  Bitmap Heap Scan on sbtest3  (cost=34.05..3645.33 rows=938 width=4)
	        Recheck Cond: ((id >= 4004454) AND (id <= 4005453))
	        ->  Bitmap Index Scan on sbtest3_pkey  (cost=0.00..33.82 rows=938 width=0)
	              Index Cond: ((id >= 4004454) AND (id <= 4005453))

table 4 : explain SELECT SUM(k) FROM sbtest4 WHERE id BETWEEN 2241917 AND 2242916
	Aggregate  (cost=3877.34..3877.35 rows=1 width=8)
	  ->  Bitmap Heap Scan on sbtest4  (cost=34.66..3874.84 rows=998 width=4)
	        Recheck Cond: ((id >= 2241917) AND (id <= 2242916))
	        ->  Bitmap Index Scan on sbtest4_pkey  (cost=0.00..34.42 rows=998 width=0)
	              Index Cond: ((id >= 2241917) AND (id <= 2242916))

table 5 : explain SELECT SUM(k) FROM sbtest5 WHERE id BETWEEN 1316767 AND 1317766
	Aggregate  (cost=3722.28..3722.29 rows=1 width=8)
	  ->  Bitmap Heap Scan on sbtest5  (cost=34.26..3719.89 rows=959 width=4)
	        Recheck Cond: ((id >= 1316767) AND (id <= 1317766))
	        ->  Bitmap Index Scan on sbtest5_pkey  (cost=0.00..34.03 rows=959 width=0)
	              Index Cond: ((id >= 1316767) AND (id <= 1317766))

table 6 : explain SELECT SUM(k) FROM sbtest6 WHERE id BETWEEN 8338367 AND 8339366
	Aggregate  (cost=4094.77..4094.78 rows=1 width=8)
	  ->  Bitmap Heap Scan on sbtest6  (cost=35.27..4092.13 rows=1057 width=4)
	        Recheck Cond: ((id >= 8338367) AND (id <= 8339366))
	        ->  Bitmap Index Scan on sbtest6_pkey  (cost=0.00..35.01 rows=1057 width=0)
	              Index Cond: ((id >= 8338367) AND (id <= 8339366))

table 7 : explain SELECT SUM(k) FROM sbtest7 WHERE id BETWEEN 1243808 AND 1244807
	Aggregate  (cost=3422.83..3422.84 rows=1 width=8)
	  ->  Bitmap Heap Scan on sbtest7  (cost=29.44..3420.63 rows=879 width=4)
	        Recheck Cond: ((id >= 1243808) AND (id <= 1244807))
	        ->  Bitmap Index Scan on sbtest7_pkey  (cost=0.00..29.22 rows=879 width=0)
	              Index Cond: ((id >= 1243808) AND (id <= 1244807))

table 8 : explain SELECT SUM(k) FROM sbtest8 WHERE id BETWEEN 8068687 AND 8069686
	Aggregate  (cost=3916.87..3916.88 rows=1 width=8)
	  ->  Index Scan using sbtest8_pkey on sbtest8  (cost=0.43..3914.37 rows=999 width=4)
	        Index Cond: ((id >= 8068687) AND (id <= 8069686))

for: sum_ranges
table 1 : explain SELECT SUM(k) FROM sbtest1 WHERE id BETWEEN 138712 AND 139711
	Aggregate  (cost=3755.74..3755.75 rows=1 width=8)
	  ->  Bitmap Heap Scan on sbtest1  (cost=34.35..3753.32 rows=967 width=4)
	        Recheck Cond: ((id >= 138712) AND (id <= 139711))
	        ->  Bitmap Index Scan on sbtest1_pkey  (cost=0.00..34.11 rows=967 width=0)
	              Index Cond: ((id >= 138712) AND (id <= 139711))

table 2 : explain SELECT SUM(k) FROM sbtest2 WHERE id BETWEEN 1892046 AND 1893045
	Aggregate  (cost=3724.61..3724.62 rows=1 width=8)
	  ->  Bitmap Heap Scan on sbtest2  (cost=34.26..3722.21 rows=959 width=4)
	        Recheck Cond: ((id >= 1892046) AND (id <= 1893045))
	        ->  Bitmap Index Scan on sbtest2_pkey  (cost=0.00..34.03 rows=959 width=0)
	              Index Cond: ((id >= 1892046) AND (id <= 1893045))

table 3 : explain SELECT SUM(k) FROM sbtest3 WHERE id BETWEEN 1438473 AND 1439472
	Aggregate  (cost=3814.15..3814.16 rows=1 width=8)
	  ->  Bitmap Heap Scan on sbtest3  (cost=34.50..3811.70 rows=982 width=4)
	        Recheck Cond: ((id >= 1438473) AND (id <= 1439472))
	        ->  Bitmap Index Scan on sbtest3_pkey  (cost=0.00..34.26 rows=982 width=0)
	              Index Cond: ((id >= 1438473) AND (id <= 1439472))

table 4 : explain SELECT SUM(k) FROM sbtest4 WHERE id BETWEEN 2769144 AND 2770143
	Aggregate  (cost=3839.50..3839.51 rows=1 width=8)
	  ->  Bitmap Heap Scan on sbtest4  (cost=34.56..3837.03 rows=988 width=4)
	        Recheck Cond: ((id >= 2769144) AND (id <= 2770143))
	        ->  Bitmap Index Scan on sbtest4_pkey  (cost=0.00..34.32 rows=988 width=0)
	              Index Cond: ((id >= 2769144) AND (id <= 2770143))

table 5 : explain SELECT SUM(k) FROM sbtest5 WHERE id BETWEEN 7931261 AND 7932260
	Aggregate  (cost=3430.92..3430.93 rows=1 width=8)
	  ->  Bitmap Heap Scan on sbtest5  (cost=29.49..3428.71 rows=883 width=4)
	        Recheck Cond: ((id >= 7931261) AND (id <= 7932260))
	        ->  Bitmap Index Scan on sbtest5_pkey  (cost=0.00..29.26 rows=883 width=0)
	              Index Cond: ((id >= 7931261) AND (id <= 7932260))

table 6 : explain SELECT SUM(k) FROM sbtest6 WHERE id BETWEEN 109044 AND 110043
	Aggregate  (cost=4091.01..4091.02 rows=1 width=8)
	  ->  Bitmap Heap Scan on sbtest6  (cost=35.26..4088.37 rows=1056 width=4)
	        Recheck Cond: ((id >= 109044) AND (id <= 110043))
	        ->  Bitmap Index Scan on sbtest6_pkey  (cost=0.00..35.00 rows=1056 width=0)
	              Index Cond: ((id >= 109044) AND (id <= 110043))

table 7 : explain SELECT SUM(k) FROM sbtest7 WHERE id BETWEEN 5121376 AND 5122375
	Aggregate  (cost=3790.93..3790.94 rows=1 width=8)
	  ->  Bitmap Heap Scan on sbtest7  (cost=34.43..3788.49 rows=975 width=4)
	        Recheck Cond: ((id >= 5121376) AND (id <= 5122375))
	        ->  Bitmap Index Scan on sbtest7_pkey  (cost=0.00..34.19 rows=975 width=0)
	              Index Cond: ((id >= 5121376) AND (id <= 5122375))

table 8 : explain SELECT SUM(k) FROM sbtest8 WHERE id BETWEEN 7967367 AND 7968366
	Aggregate  (cost=4197.32..4197.33 rows=1 width=8)
	  ->  Bitmap Heap Scan on sbtest8  (cost=35.54..4194.62 rows=1083 width=4)
	        Recheck Cond: ((id >= 7967367) AND (id <= 7968366))
	        ->  Bitmap Index Scan on sbtest8_pkey  (cost=0.00..35.27 rows=1083 width=0)
	              Index Cond: ((id >= 7967367) AND (id <= 7968366))

for: order_ranges
table 1 : explain SELECT c FROM sbtest1 WHERE id BETWEEN 2814764 AND 2815763 ORDER BY c
	Sort  (cost=4080.86..4083.46 rows=1040 width=121)
	  Sort Key: c
	  ->  Bitmap Heap Scan on sbtest1  (cost=35.09..4028.74 rows=1040 width=121)
	        Recheck Cond: ((id >= 2814764) AND (id <= 2815763))
	        ->  Bitmap Index Scan on sbtest1_pkey  (cost=0.00..34.84 rows=1040 width=0)
	              Index Cond: ((id >= 2814764) AND (id <= 2815763))

table 2 : explain SELECT c FROM sbtest2 WHERE id BETWEEN 1727503 AND 1728502 ORDER BY c
	Sort  (cost=3550.82..3553.08 rows=903 width=121)
	  Sort Key: c
	  ->  Bitmap Heap Scan on sbtest2  (cost=29.69..3506.49 rows=903 width=121)
	        Recheck Cond: ((id >= 1727503) AND (id <= 1728502))
	        ->  Bitmap Index Scan on sbtest2_pkey  (cost=0.00..29.46 rows=903 width=0)
	              Index Cond: ((id >= 1727503) AND (id <= 1728502))

table 3 : explain SELECT c FROM sbtest3 WHERE id BETWEEN 6816039 AND 6817038 ORDER BY c
	Sort  (cost=4075.09..4077.68 rows=1038 width=121)
	  Sort Key: c
	  ->  Bitmap Heap Scan on sbtest3  (cost=35.07..4023.09 rows=1038 width=121)
	        Recheck Cond: ((id >= 6816039) AND (id <= 6817038))
	        ->  Bitmap Index Scan on sbtest3_pkey  (cost=0.00..34.82 rows=1038 width=0)
	              Index Cond: ((id >= 6816039) AND (id <= 6817038))

table 4 : explain SELECT c FROM sbtest4 WHERE id BETWEEN 2029402 AND 2030401 ORDER BY c
	Sort  (cost=3747.91..3750.29 rows=952 width=121)
	  Sort Key: c
	  ->  Bitmap Heap Scan on sbtest4  (cost=34.19..3700.82 rows=952 width=121)
	        Recheck Cond: ((id >= 2029402) AND (id <= 2030401))
	        ->  Bitmap Index Scan on sbtest4_pkey  (cost=0.00..33.95 rows=952 width=0)
	              Index Cond: ((id >= 2029402) AND (id <= 2030401))

table 5 : explain SELECT c FROM sbtest5 WHERE id BETWEEN 1945159 AND 1946158 ORDER BY c
	Sort  (cost=3725.24..3727.61 rows=948 width=121)
	  Sort Key: c
	  ->  Bitmap Heap Scan on sbtest5  (cost=34.15..3678.37 rows=948 width=121)
	        Recheck Cond: ((id >= 1945159) AND (id <= 1946158))
	        ->  Bitmap Index Scan on sbtest5_pkey  (cost=0.00..33.92 rows=948 width=0)
	              Index Cond: ((id >= 1945159) AND (id <= 1946158))

table 6 : explain SELECT c FROM sbtest6 WHERE id BETWEEN 3710170 AND 3711169 ORDER BY c
	Sort  (cost=4137.58..4140.21 rows=1055 width=121)
	  Sort Key: c
	  ->  Bitmap Heap Scan on sbtest6  (cost=35.25..4084.60 rows=1055 width=121)
	        Recheck Cond: ((id >= 3710170) AND (id <= 3711169))
	        ->  Bitmap Index Scan on sbtest6_pkey  (cost=0.00..34.98 rows=1055 width=0)
	              Index Cond: ((id >= 3710170) AND (id <= 3711169))

table 7 : explain SELECT c FROM sbtest7 WHERE id BETWEEN 2015909 AND 2016908 ORDER BY c
	Sort  (cost=3813.85..3816.27 rows=969 width=121)
	  Sort Key: c
	  ->  Bitmap Heap Scan on sbtest7  (cost=34.37..3765.78 rows=969 width=121)
	        Recheck Cond: ((id >= 2015909) AND (id <= 2016908))
	        ->  Bitmap Index Scan on sbtest7_pkey  (cost=0.00..34.12 rows=969 width=0)
	              Index Cond: ((id >= 2015909) AND (id <= 2016908))

table 8 : explain SELECT c FROM sbtest8 WHERE id BETWEEN 9906029 AND 9907028 ORDER BY c
	Sort  (cost=3805.94..3808.34 rows=959 width=121)
	  Sort Key: c
	  ->  Index Scan using sbtest8_pkey on sbtest8  (cost=0.43..3758.44 rows=959 width=121)
	        Index Cond: ((id >= 9906029) AND (id <= 9907028))

for: distinct_ranges
table 1 : explain SELECT DISTINCT c FROM sbtest1 WHERE id BETWEEN 2591461 AND 2592460 ORDER BY c
	Unique  (cost=4337.10..4342.63 rows=1106 width=121)
	  ->  Sort  (cost=4337.10..4339.86 rows=1106 width=121)
	        Sort Key: c
	        ->  Bitmap Heap Scan on sbtest1  (cost=39.77..4281.18 rows=1106 width=121)
	              Recheck Cond: ((id >= 2591461) AND (id <= 2592460))
	              ->  Bitmap Index Scan on sbtest1_pkey  (cost=0.00..39.50 rows=1106 width=0)
	                    Index Cond: ((id >= 2591461) AND (id <= 2592460))

table 2 : explain SELECT DISTINCT c FROM sbtest2 WHERE id BETWEEN 3379881 AND 3380880 ORDER BY c
	Unique  (cost=3316.29..3320.50 rows=842 width=121)
	  ->  Sort  (cost=3316.29..3318.40 rows=842 width=121)
	        Sort Key: c
	        ->  Bitmap Heap Scan on sbtest2  (cost=29.07..3275.38 rows=842 width=121)
	              Recheck Cond: ((id >= 3379881) AND (id <= 3380880))
	              ->  Bitmap Index Scan on sbtest2_pkey  (cost=0.00..28.86 rows=842 width=0)
	                    Index Cond: ((id >= 3379881) AND (id <= 3380880))

table 3 : explain SELECT DISTINCT c FROM sbtest3 WHERE id BETWEEN 1665764 AND 1666763 ORDER BY c
	Unique  (cost=3895.02..3899.97 rows=991 width=121)
	  ->  Sort  (cost=3895.02..3897.49 rows=991 width=121)
	        Sort Key: c
	        ->  Bitmap Heap Scan on sbtest3  (cost=34.59..3845.70 rows=991 width=121)
	              Recheck Cond: ((id >= 1665764) AND (id <= 1666763))
	              ->  Bitmap Index Scan on sbtest3_pkey  (cost=0.00..34.34 rows=991 width=0)
	                    Index Cond: ((id >= 1665764) AND (id <= 1666763))

table 4 : explain SELECT DISTINCT c FROM sbtest4 WHERE id BETWEEN 2902526 AND 2903525 ORDER BY c
	Unique  (cost=3570.87..3575.41 rows=907 width=121)
	  ->  Sort  (cost=3570.87..3573.14 rows=907 width=121)
	        Sort Key: c
	        ->  Bitmap Heap Scan on sbtest4  (cost=29.73..3526.31 rows=907 width=121)
	              Recheck Cond: ((id >= 2902526) AND (id <= 2903525))
	              ->  Bitmap Index Scan on sbtest4_pkey  (cost=0.00..29.50 rows=907 width=0)
	                    Index Cond: ((id >= 2902526) AND (id <= 2903525))

table 5 : explain SELECT DISTINCT c FROM sbtest5 WHERE id BETWEEN 5375346 AND 5376345 ORDER BY c
	Unique  (cost=3663.92..3668.58 rows=932 width=121)
	  ->  Sort  (cost=3663.92..3666.25 rows=932 width=121)
	        Sort Key: c
	        ->  Bitmap Heap Scan on sbtest5  (cost=33.99..3617.95 rows=932 width=121)
	              Recheck Cond: ((id >= 5375346) AND (id <= 5376345))
	              ->  Bitmap Index Scan on sbtest5_pkey  (cost=0.00..33.76 rows=932 width=0)
	                    Index Cond: ((id >= 5375346) AND (id <= 5376345))

table 6 : explain SELECT DISTINCT c FROM sbtest6 WHERE id BETWEEN 841902 AND 842901 ORDER BY c
	Unique  (cost=4355.48..4361.04 rows=1111 width=121)
	  ->  Sort  (cost=4355.48..4358.26 rows=1111 width=121)
	        Sort Key: c
	        ->  Bitmap Heap Scan on sbtest6  (cost=39.82..4299.28 rows=1111 width=121)
	              Recheck Cond: ((id >= 841902) AND (id <= 842901))
	              ->  Bitmap Index Scan on sbtest6_pkey  (cost=0.00..39.55 rows=1111 width=0)
	                    Index Cond: ((id >= 841902) AND (id <= 842901))

table 7 : explain SELECT DISTINCT c FROM sbtest7 WHERE id BETWEEN 7867289 AND 7868288 ORDER BY c
	Unique  (cost=3955.91..3960.94 rows=1006 width=121)
	  ->  Sort  (cost=3955.91..3958.42 rows=1006 width=121)
	        Sort Key: c
	        ->  Bitmap Heap Scan on sbtest7  (cost=34.75..3905.74 rows=1006 width=121)
	              Recheck Cond: ((id >= 7867289) AND (id <= 7868288))
	              ->  Bitmap Index Scan on sbtest7_pkey  (cost=0.00..34.50 rows=1006 width=0)
	                    Index Cond: ((id >= 7867289) AND (id <= 7868288))

table 8 : explain SELECT DISTINCT c FROM sbtest8 WHERE id BETWEEN 8291194 AND 8292193 ORDER BY c
	Unique  (cost=4053.92..4059.08 rows=1032 width=121)
	  ->  Sort  (cost=4053.92..4056.50 rows=1032 width=121)
	        Sort Key: c
	        ->  Bitmap Heap Scan on sbtest8  (cost=35.01..4002.26 rows=1032 width=121)
	              Recheck Cond: ((id >= 8291194) AND (id <= 8292193))
	              ->  Bitmap Index Scan on sbtest8_pkey  (cost=0.00..34.76 rows=1032 width=0)
	                    Index Cond: ((id >= 8291194) AND (id <= 8292193))

for: distinct_ranges
table 1 : explain SELECT DISTINCT c FROM sbtest1 WHERE id BETWEEN 5224903 AND 5225902 ORDER BY c
	Unique  (cost=3920.08..3925.07 rows=998 width=121)
	  ->  Sort  (cost=3920.08..3922.57 rows=998 width=121)
	        Sort Key: c
	        ->  Bitmap Heap Scan on sbtest1  (cost=34.66..3870.36 rows=998 width=121)
	              Recheck Cond: ((id >= 5224903) AND (id <= 5225902))
	              ->  Bitmap Index Scan on sbtest1_pkey  (cost=0.00..34.42 rows=998 width=0)
	                    Index Cond: ((id >= 5224903) AND (id <= 5225902))

table 2 : explain SELECT DISTINCT c FROM sbtest2 WHERE id BETWEEN 882945 AND 883944 ORDER BY c
	Unique  (cost=3899.99..3904.96 rows=993 width=121)
	  ->  Sort  (cost=3899.99..3902.48 rows=993 width=121)
	        Sort Key: c
	        ->  Bitmap Heap Scan on sbtest2  (cost=34.61..3850.56 rows=993 width=121)
	              Recheck Cond: ((id >= 882945) AND (id <= 883944))
	              ->  Bitmap Index Scan on sbtest2_pkey  (cost=0.00..34.37 rows=993 width=0)
	                    Index Cond: ((id >= 882945) AND (id <= 883944))

table 3 : explain SELECT DISTINCT c FROM sbtest3 WHERE id BETWEEN 8801740 AND 8802739 ORDER BY c
	Unique  (cost=3668.60..3673.26 rows=932 width=121)
	  ->  Sort  (cost=3668.60..3670.93 rows=932 width=121)
	        Sort Key: c
	        ->  Bitmap Heap Scan on sbtest3  (cost=33.99..3622.63 rows=932 width=121)
	              Recheck Cond: ((id >= 8801740) AND (id <= 8802739))
	              ->  Bitmap Index Scan on sbtest3_pkey  (cost=0.00..33.76 rows=932 width=0)
	                    Index Cond: ((id >= 8801740) AND (id <= 8802739))

table 4 : explain SELECT DISTINCT c FROM sbtest4 WHERE id BETWEEN 5931476 AND 5932475 ORDER BY c
	Unique  (cost=4395.87..4401.47 rows=1120 width=121)
	  ->  Sort  (cost=4395.87..4398.67 rows=1120 width=121)
	        Sort Key: c
	        ->  Bitmap Heap Scan on sbtest4  (cost=39.92..4339.14 rows=1120 width=121)
	              Recheck Cond: ((id >= 5931476) AND (id <= 5932475))
	              ->  Bitmap Index Scan on sbtest4_pkey  (cost=0.00..39.64 rows=1120 width=0)
	                    Index Cond: ((id >= 5931476) AND (id <= 5932475))

table 5 : explain SELECT DISTINCT c FROM sbtest5 WHERE id BETWEEN 5573959 AND 5574958 ORDER BY c
	Unique  (cost=3510.31..3514.78 rows=893 width=121)
	  ->  Sort  (cost=3510.31..3512.54 rows=893 width=121)
	        Sort Key: c
	        ->  Bitmap Heap Scan on sbtest5  (cost=29.59..3466.54 rows=893 width=121)
	              Recheck Cond: ((id >= 5573959) AND (id <= 5574958))
	              ->  Bitmap Index Scan on sbtest5_pkey  (cost=0.00..29.36 rows=893 width=0)
	                    Index Cond: ((id >= 5573959) AND (id <= 5574958))

table 6 : explain SELECT DISTINCT c FROM sbtest6 WHERE id BETWEEN 4641404 AND 4642403 ORDER BY c
	Unique  (cost=4187.27..4192.61 rows=1068 width=121)
	  ->  Sort  (cost=4187.27..4189.94 rows=1068 width=121)
	        Sort Key: c
	        ->  Bitmap Heap Scan on sbtest6  (cost=35.38..4133.54 rows=1068 width=121)
	              Recheck Cond: ((id >= 4641404) AND (id <= 4642403))
	              ->  Bitmap Index Scan on sbtest6_pkey  (cost=0.00..35.12 rows=1068 width=0)
	                    Index Cond: ((id >= 4641404) AND (id <= 4642403))

table 7 : explain SELECT DISTINCT c FROM sbtest7 WHERE id BETWEEN 6428498 AND 6429497 ORDER BY c
	Unique  (cost=3940.56..3945.57 rows=1002 width=121)
	  ->  Sort  (cost=3940.56..3943.06 rows=1002 width=121)
	        Sort Key: c
	        ->  Bitmap Heap Scan on sbtest7  (cost=34.71..3890.62 rows=1002 width=121)
	              Recheck Cond: ((id >= 6428498) AND (id <= 6429497))
	              ->  Bitmap Index Scan on sbtest7_pkey  (cost=0.00..34.45 rows=1002 width=0)
	                    Index Cond: ((id >= 6428498) AND (id <= 6429497))

table 8 : explain SELECT DISTINCT c FROM sbtest8 WHERE id BETWEEN 9004064 AND 9005063 ORDER BY c
	Unique  (cost=3987.86..3992.89 rows=1005 width=121)
	  ->  Sort  (cost=3987.86..3990.37 rows=1005 width=121)
	        Sort Key: c
	        ->  Index Scan using sbtest8_pkey on sbtest8  (cost=0.43..3937.75 rows=1005 width=121)
	              Index Cond: ((id >= 9004064) AND (id <= 9005063))

for: distinct_ranges
table 1 : explain SELECT DISTINCT c FROM sbtest1 WHERE id BETWEEN 7876611 AND 7877610 ORDER BY c
	Unique  (cost=3720.72..3725.45 rows=946 width=121)
	  ->  Sort  (cost=3720.72..3723.09 rows=946 width=121)
	        Sort Key: c
	        ->  Bitmap Heap Scan on sbtest1  (cost=34.13..3673.96 rows=946 width=121)
	              Recheck Cond: ((id >= 7876611) AND (id <= 7877610))
	              ->  Bitmap Index Scan on sbtest1_pkey  (cost=0.00..33.90 rows=946 width=0)
	                    Index Cond: ((id >= 7876611) AND (id <= 7877610))

table 2 : explain SELECT DISTINCT c FROM sbtest2 WHERE id BETWEEN 6441308 AND 6442307 ORDER BY c
	Unique  (cost=3800.38..3805.21 rows=967 width=121)
	  ->  Sort  (cost=3800.38..3802.80 rows=967 width=121)
	        Sort Key: c
	        ->  Bitmap Heap Scan on sbtest2  (cost=34.35..3752.43 rows=967 width=121)
	              Recheck Cond: ((id >= 6441308) AND (id <= 6442307))
	              ->  Bitmap Index Scan on sbtest2_pkey  (cost=0.00..34.11 rows=967 width=0)
	                    Index Cond: ((id >= 6441308) AND (id <= 6442307))

table 3 : explain SELECT DISTINCT c FROM sbtest3 WHERE id BETWEEN 3100852 AND 3101851 ORDER BY c
	Unique  (cost=3718.52..3723.25 rows=945 width=121)
	  ->  Sort  (cost=3718.52..3720.88 rows=945 width=121)
	        Sort Key: c
	        ->  Bitmap Heap Scan on sbtest3  (cost=34.12..3671.82 rows=945 width=121)
	              Recheck Cond: ((id >= 3100852) AND (id <= 3101851))
	              ->  Bitmap Index Scan on sbtest3_pkey  (cost=0.00..33.89 rows=945 width=0)
	                    Index Cond: ((id >= 3100852) AND (id <= 3101851))

table 4 : explain SELECT DISTINCT c FROM sbtest4 WHERE id BETWEEN 9819044 AND 9820043 ORDER BY c
	Unique  (cost=3859.30..3864.21 rows=981 width=121)
	  ->  Sort  (cost=3859.30..3861.76 rows=981 width=121)
	        Sort Key: c
	        ->  Bitmap Heap Scan on sbtest4  (cost=34.49..3810.56 rows=981 width=121)
	              Recheck Cond: ((id >= 9819044) AND (id <= 9820043))
	              ->  Bitmap Index Scan on sbtest4_pkey  (cost=0.00..34.25 rows=981 width=0)
	                    Index Cond: ((id >= 9819044) AND (id <= 9820043))

table 5 : explain SELECT DISTINCT c FROM sbtest5 WHERE id BETWEEN 4286673 AND 4287672 ORDER BY c
	Unique  (cost=3583.22..3587.78 rows=912 width=121)
	  ->  Sort  (cost=3583.22..3585.50 rows=912 width=121)
	        Sort Key: c
	        ->  Bitmap Heap Scan on sbtest5  (cost=29.78..3538.38 rows=912 width=121)
	              Recheck Cond: ((id >= 4286673) AND (id <= 4287672))
	              ->  Bitmap Index Scan on sbtest5_pkey  (cost=0.00..29.55 rows=912 width=0)
	                    Index Cond: ((id >= 4286673) AND (id <= 4287672))

table 6 : explain SELECT DISTINCT c FROM sbtest6 WHERE id BETWEEN 5607238 AND 5608237 ORDER BY c
	Unique  (cost=3927.13..3932.13 rows=1000 width=121)
	  ->  Sort  (cost=3927.13..3929.63 rows=1000 width=121)
	        Sort Key: c
	        ->  Bitmap Heap Scan on sbtest6  (cost=34.69..3877.31 rows=1000 width=121)
	              Recheck Cond: ((id >= 5607238) AND (id <= 5608237))
	              ->  Bitmap Index Scan on sbtest6_pkey  (cost=0.00..34.44 rows=1000 width=0)
	                    Index Cond: ((id >= 5607238) AND (id <= 5608237))

table 7 : explain SELECT DISTINCT c FROM sbtest7 WHERE id BETWEEN 4441077 AND 4442076 ORDER BY c
	Unique  (cost=3875.30..3880.22 rows=985 width=121)
	  ->  Sort  (cost=3875.30..3877.76 rows=985 width=121)
	        Sort Key: c
	        ->  Bitmap Heap Scan on sbtest7  (cost=34.53..3826.32 rows=985 width=121)
	              Recheck Cond: ((id >= 4441077) AND (id <= 4442076))
	              ->  Bitmap Index Scan on sbtest7_pkey  (cost=0.00..34.29 rows=985 width=0)
	                    Index Cond: ((id >= 4441077) AND (id <= 4442076))

table 8 : explain SELECT DISTINCT c FROM sbtest8 WHERE id BETWEEN 915637 AND 916636 ORDER BY c
	Unique  (cost=3635.92..3640.50 rows=916 width=121)
	  ->  Sort  (cost=3635.92..3638.21 rows=916 width=121)
	        Sort Key: c
	        ->  Index Scan using sbtest8_pkey on sbtest8  (cost=0.43..3590.86 rows=916 width=121)
	              Index Cond: ((id >= 915637) AND (id <= 916636))

for: order_ranges
table 1 : explain SELECT c FROM sbtest1 WHERE id BETWEEN 9588968 AND 9589967 ORDER BY c
	Sort  (cost=4164.99..4167.65 rows=1062 width=121)
	  Sort Key: c
	  ->  Bitmap Heap Scan on sbtest1  (cost=35.32..4111.61 rows=1062 width=121)
	        Recheck Cond: ((id >= 9588968) AND (id <= 9589967))
	        ->  Bitmap Index Scan on sbtest1_pkey  (cost=0.00..35.06 rows=1062 width=0)
	              Index Cond: ((id >= 9588968) AND (id <= 9589967))

table 2 : explain SELECT c FROM sbtest2 WHERE id BETWEEN 1608702 AND 1609701 ORDER BY c
	Sort  (cost=3831.04..3833.48 rows=975 width=121)
	  Sort Key: c
	  ->  Bitmap Heap Scan on sbtest2  (cost=34.43..3782.63 rows=975 width=121)
	        Recheck Cond: ((id >= 1608702) AND (id <= 1609701))
	        ->  Bitmap Index Scan on sbtest2_pkey  (cost=0.00..34.19 rows=975 width=0)
	              Index Cond: ((id >= 1608702) AND (id <= 1609701))

table 3 : explain SELECT c FROM sbtest3 WHERE id BETWEEN 9111299 AND 9112298 ORDER BY c
	Sort  (cost=3879.68..3882.15 rows=987 width=121)
	  Sort Key: c
	  ->  Bitmap Heap Scan on sbtest3  (cost=34.55..3830.59 rows=987 width=121)
	        Recheck Cond: ((id >= 9111299) AND (id <= 9112298))
	        ->  Bitmap Index Scan on sbtest3_pkey  (cost=0.00..34.31 rows=987 width=0)
	              Index Cond: ((id >= 9111299) AND (id <= 9112298))

table 4 : explain SELECT c FROM sbtest4 WHERE id BETWEEN 4662207 AND 4663206 ORDER BY c
	Sort  (cost=4039.62..4042.19 rows=1028 width=121)
	  Sort Key: c
	  ->  Bitmap Heap Scan on sbtest4  (cost=34.97..3988.20 rows=1028 width=121)
	        Recheck Cond: ((id >= 4662207) AND (id <= 4663206))
	        ->  Bitmap Index Scan on sbtest4_pkey  (cost=0.00..34.72 rows=1028 width=0)
	              Index Cond: ((id >= 4662207) AND (id <= 4663206))

table 5 : explain SELECT c FROM sbtest5 WHERE id BETWEEN 3147024 AND 3148023 ORDER BY c
	Sort  (cost=4054.31..4056.89 rows=1034 width=121)
	  Sort Key: c
	  ->  Bitmap Heap Scan on sbtest5  (cost=35.03..4002.54 rows=1034 width=121)
	        Recheck Cond: ((id >= 3147024) AND (id <= 3148023))
	        ->  Bitmap Index Scan on sbtest5_pkey  (cost=0.00..34.78 rows=1034 width=0)
	              Index Cond: ((id >= 3147024) AND (id <= 3148023))

table 6 : explain SELECT c FROM sbtest6 WHERE id BETWEEN 8501448 AND 8502447 ORDER BY c
	Sort  (cost=3923.31..3925.80 rows=999 width=121)
	  Sort Key: c
	  ->  Bitmap Heap Scan on sbtest6  (cost=34.67..3873.53 rows=999 width=121)
	        Recheck Cond: ((id >= 8501448) AND (id <= 8502447))
	        ->  Bitmap Index Scan on sbtest6_pkey  (cost=0.00..34.43 rows=999 width=0)
	              Index Cond: ((id >= 8501448) AND (id <= 8502447))

table 7 : explain SELECT c FROM sbtest7 WHERE id BETWEEN 8351863 AND 8352862 ORDER BY c
	Sort  (cost=3813.85..3816.27 rows=969 width=121)
	  Sort Key: c
	  ->  Bitmap Heap Scan on sbtest7  (cost=34.37..3765.78 rows=969 width=121)
	        Recheck Cond: ((id >= 8351863) AND (id <= 8352862))
	        ->  Bitmap Index Scan on sbtest7_pkey  (cost=0.00..34.12 rows=969 width=0)
	              Index Cond: ((id >= 8351863) AND (id <= 8352862))

table 8 : explain SELECT c FROM sbtest8 WHERE id BETWEEN 9797235 AND 9798234 ORDER BY c
	Sort  (cost=3414.46..3416.61 rows=861 width=121)
	  Sort Key: c
	  ->  Index Scan using sbtest8_pkey on sbtest8  (cost=0.43..3372.49 rows=861 width=121)
	        Index Cond: ((id >= 9797235) AND (id <= 9798234))

explain: for point_selects :: explain SELECT c FROM sbtest%u WHERE id=%u
for: sum_ranges
table 1 : explain SELECT SUM(k) FROM sbtest1 WHERE id BETWEEN 1970401 AND 1971400
	Aggregate  (cost=3895.51..3895.52 rows=1 width=8)
	  ->  Bitmap Heap Scan on sbtest1  (cost=34.73..3893.00 rows=1004 width=4)
	        Recheck Cond: ((id >= 1970401) AND (id <= 1971400))
	        ->  Bitmap Index Scan on sbtest1_pkey  (cost=0.00..34.48 rows=1004 width=0)
	              Index Cond: ((id >= 1970401) AND (id <= 1971400))

table 2 : explain SELECT SUM(k) FROM sbtest2 WHERE id BETWEEN 3216284 AND 3217283
	Aggregate  (cost=3792.63..3792.64 rows=1 width=8)
	  ->  Bitmap Heap Scan on sbtest2  (cost=34.45..3790.18 rows=977 width=4)
	        Recheck Cond: ((id >= 3216284) AND (id <= 3217283))
	        ->  Bitmap Index Scan on sbtest2_pkey  (cost=0.00..34.20 rows=977 width=0)
	              Index Cond: ((id >= 3216284) AND (id <= 3217283))

table 3 : explain SELECT SUM(k) FROM sbtest3 WHERE id BETWEEN 9046727 AND 9047726
	Aggregate  (cost=3969.06..3969.07 rows=1 width=8)
	  ->  Bitmap Heap Scan on sbtest3  (cost=34.92..3966.50 rows=1023 width=4)
	        Recheck Cond: ((id >= 9046727) AND (id <= 9047726))
	        ->  Bitmap Index Scan on sbtest3_pkey  (cost=0.00..34.67 rows=1023 width=0)
	              Index Cond: ((id >= 9046727) AND (id <= 9047726))

table 4 : explain SELECT SUM(k) FROM sbtest4 WHERE id BETWEEN 4730373 AND 4731372
	Aggregate  (cost=3975.65..3975.66 rows=1 width=8)
	  ->  Bitmap Heap Scan on sbtest4  (cost=34.93..3973.09 rows=1024 width=4)
	        Recheck Cond: ((id >= 4730373) AND (id <= 4731372))
	        ->  Bitmap Index Scan on sbtest4_pkey  (cost=0.00..34.68 rows=1024 width=0)
	              Index Cond: ((id >= 4730373) AND (id <= 4731372))

table 5 : explain SELECT SUM(k) FROM sbtest5 WHERE id BETWEEN 7307107 AND 7308106
	Aggregate  (cost=4151.91..4151.92 rows=1 width=8)
	  ->  Bitmap Heap Scan on sbtest5  (cost=35.43..4149.23 rows=1073 width=4)
	        Recheck Cond: ((id >= 7307107) AND (id <= 7308106))
	        ->  Bitmap Index Scan on sbtest5_pkey  (cost=0.00..35.17 rows=1073 width=0)
	              Index Cond: ((id >= 7307107) AND (id <= 7308106))

table 6 : explain SELECT SUM(k) FROM sbtest6 WHERE id BETWEEN 6433666 AND 6434665
	Aggregate  (cost=3474.94..3474.95 rows=1 width=8)
	  ->  Bitmap Heap Scan on sbtest6  (cost=29.60..3472.70 rows=894 width=4)
	        Recheck Cond: ((id >= 6433666) AND (id <= 6434665))
	        ->  Bitmap Index Scan on sbtest6_pkey  (cost=0.00..29.37 rows=894 width=0)
	              Index Cond: ((id >= 6433666) AND (id <= 6434665))

table 7 : explain SELECT SUM(k) FROM sbtest7 WHERE id BETWEEN 7359343 AND 7360342
	Aggregate  (cost=4017.90..4017.91 rows=1 width=8)
	  ->  Bitmap Heap Scan on sbtest7  (cost=35.04..4015.32 rows=1035 width=4)
	        Recheck Cond: ((id >= 7359343) AND (id <= 7360342))
	        ->  Bitmap Index Scan on sbtest7_pkey  (cost=0.00..34.79 rows=1035 width=0)
	              Index Cond: ((id >= 7359343) AND (id <= 7360342))

table 8 : explain SELECT SUM(k) FROM sbtest8 WHERE id BETWEEN 1151655 AND 1152654
	Aggregate  (cost=4010.47..4010.48 rows=1 width=8)
	  ->  Index Scan using sbtest8_pkey on sbtest8  (cost=0.43..4007.92 rows=1023 width=4)
	        Index Cond: ((id >= 1151655) AND (id <= 1152654))

for: distinct_ranges
table 1 : explain SELECT DISTINCT c FROM sbtest1 WHERE id BETWEEN 5210416 AND 5211415 ORDER BY c
	Unique  (cost=3920.08..3925.07 rows=998 width=121)
	  ->  Sort  (cost=3920.08..3922.57 rows=998 width=121)
	        Sort Key: c
	        ->  Bitmap Heap Scan on sbtest1  (cost=34.66..3870.36 rows=998 width=121)
	              Recheck Cond: ((id >= 5210416) AND (id <= 5211415))
	              ->  Bitmap Index Scan on sbtest1_pkey  (cost=0.00..34.42 rows=998 width=0)
	                    Index Cond: ((id >= 5210416) AND (id <= 5211415))

table 2 : explain SELECT DISTINCT c FROM sbtest2 WHERE id BETWEEN 9546602 AND 9547601 ORDER BY c
	Unique  (cost=3995.70..4000.79 rows=1018 width=121)
	  ->  Sort  (cost=3995.70..3998.25 rows=1018 width=121)
	        Sort Key: c
	        ->  Bitmap Heap Scan on sbtest2  (cost=34.87..3944.84 rows=1018 width=121)
	              Recheck Cond: ((id >= 9546602) AND (id <= 9547601))
	              ->  Bitmap Index Scan on sbtest2_pkey  (cost=0.00..34.62 rows=1018 width=0)
	                    Index Cond: ((id >= 9546602) AND (id <= 9547601))

table 3 : explain SELECT DISTINCT c FROM sbtest3 WHERE id BETWEEN 3902596 AND 3903595 ORDER BY c
	Unique  (cost=3591.75..3596.31 rows=912 width=121)
	  ->  Sort  (cost=3591.75..3594.03 rows=912 width=121)
	        Sort Key: c
	        ->  Bitmap Heap Scan on sbtest3  (cost=33.78..3546.91 rows=912 width=121)
	              Recheck Cond: ((id >= 3902596) AND (id <= 3903595))
	              ->  Bitmap Index Scan on sbtest3_pkey  (cost=0.00..33.56 rows=912 width=0)
	                    Index Cond: ((id >= 3902596) AND (id <= 3903595))

table 4 : explain SELECT DISTINCT c FROM sbtest4 WHERE id BETWEEN 7619869 AND 7620868 ORDER BY c
	Unique  (cost=3951.41..3956.44 rows=1005 width=121)
	  ->  Sort  (cost=3951.41..3953.93 rows=1005 width=121)
	        Sort Key: c
	        ->  Bitmap Heap Scan on sbtest4  (cost=34.74..3901.30 rows=1005 width=121)
	              Recheck Cond: ((id >= 7619869) AND (id <= 7620868))
	              ->  Bitmap Index Scan on sbtest4_pkey  (cost=0.00..34.48 rows=1005 width=0)
	                    Index Cond: ((id >= 7619869) AND (id <= 7620868))

table 5 : explain SELECT DISTINCT c FROM sbtest5 WHERE id BETWEEN 2988242 AND 2989241 ORDER BY c
	Unique  (cost=3909.02..3914.00 rows=996 width=121)
	  ->  Sort  (cost=3909.02..3911.51 rows=996 width=121)
	        Sort Key: c
	        ->  Bitmap Heap Scan on sbtest5  (cost=34.64..3859.42 rows=996 width=121)
	              Recheck Cond: ((id >= 2988242) AND (id <= 2989241))
	              ->  Bitmap Index Scan on sbtest5_pkey  (cost=0.00..34.40 rows=996 width=0)
	                    Index Cond: ((id >= 2988242) AND (id <= 2989241))

table 6 : explain SELECT DISTINCT c FROM sbtest6 WHERE id BETWEEN 8982319 AND 8983318 ORDER BY c
	Unique  (cost=3865.85..3870.77 rows=984 width=121)
	  ->  Sort  (cost=3865.85..3868.31 rows=984 width=121)
	        Sort Key: c
	        ->  Bitmap Heap Scan on sbtest6  (cost=34.52..3816.93 rows=984 width=121)
	              Recheck Cond: ((id >= 8982319) AND (id <= 8983318))
	              ->  Bitmap Index Scan on sbtest6_pkey  (cost=0.00..34.28 rows=984 width=0)
	                    Index Cond: ((id >= 8982319) AND (id <= 8983318))

table 7 : explain SELECT DISTINCT c FROM sbtest7 WHERE id BETWEEN 8607782 AND 8608781 ORDER BY c
	Unique  (cost=3856.10..3861.00 rows=980 width=121)
	  ->  Sort  (cost=3856.10..3858.55 rows=980 width=121)
	        Sort Key: c
	        ->  Bitmap Heap Scan on sbtest7  (cost=34.48..3807.41 rows=980 width=121)
	              Recheck Cond: ((id >= 8607782) AND (id <= 8608781))
	              ->  Bitmap Index Scan on sbtest7_pkey  (cost=0.00..34.23 rows=980 width=0)
	                    Index Cond: ((id >= 8607782) AND (id <= 8608781))

table 8 : explain SELECT DISTINCT c FROM sbtest8 WHERE id BETWEEN 4911510 AND 4912509 ORDER BY c
	Unique  (cost=3786.17..3790.94 rows=954 width=121)
	  ->  Sort  (cost=3786.17..3788.56 rows=954 width=121)
	        Sort Key: c
	        ->  Index Scan using sbtest8_pkey on sbtest8  (cost=0.43..3738.96 rows=954 width=121)
	              Index Cond: ((id >= 4911510) AND (id <= 4912509))

for: distinct_ranges
table 1 : explain SELECT DISTINCT c FROM sbtest1 WHERE id BETWEEN 5841072 AND 5842071 ORDER BY c
	Unique  (cost=3939.23..3944.24 rows=1003 width=121)
	  ->  Sort  (cost=3939.23..3941.73 rows=1003 width=121)
	        Sort Key: c
	        ->  Bitmap Heap Scan on sbtest1  (cost=34.72..3889.23 rows=1003 width=121)
	              Recheck Cond: ((id >= 5841072) AND (id <= 5842071))
	              ->  Bitmap Index Scan on sbtest1_pkey  (cost=0.00..34.47 rows=1003 width=0)
	                    Index Cond: ((id >= 5841072) AND (id <= 5842071))

table 2 : explain SELECT DISTINCT c FROM sbtest2 WHERE id BETWEEN 1349999 AND 1350998 ORDER BY c
	Unique  (cost=3934.46..3939.47 rows=1002 width=121)
	  ->  Sort  (cost=3934.46..3936.96 rows=1002 width=121)
	        Sort Key: c
	        ->  Bitmap Heap Scan on sbtest2  (cost=34.71..3884.51 rows=1002 width=121)
	              Recheck Cond: ((id >= 1349999) AND (id <= 1350998))
	              ->  Bitmap Index Scan on sbtest2_pkey  (cost=0.00..34.45 rows=1002 width=0)
	                    Index Cond: ((id >= 1349999) AND (id <= 1350998))

table 3 : explain SELECT DISTINCT c FROM sbtest3 WHERE id BETWEEN 4155391 AND 4156390 ORDER BY c
	Unique  (cost=4109.54..4114.78 rows=1047 width=121)
	  ->  Sort  (cost=4109.54..4112.16 rows=1047 width=121)
	        Sort Key: c
	        ->  Bitmap Heap Scan on sbtest3  (cost=35.17..4057.02 rows=1047 width=121)
	              Recheck Cond: ((id >= 4155391) AND (id <= 4156390))
	              ->  Bitmap Index Scan on sbtest3_pkey  (cost=0.00..34.91 rows=1047 width=0)
	                    Index Cond: ((id >= 4155391) AND (id <= 4156390))

table 4 : explain SELECT DISTINCT c FROM sbtest4 WHERE id BETWEEN 4779979 AND 4780978 ORDER BY c
	Unique  (cost=4024.29..4029.41 rows=1024 width=121)
	  ->  Sort  (cost=4024.29..4026.85 rows=1024 width=121)
	        Sort Key: c
	        ->  Bitmap Heap Scan on sbtest4  (cost=34.93..3973.09 rows=1024 width=121)
	              Recheck Cond: ((id >= 4779979) AND (id <= 4780978))
	              ->  Bitmap Index Scan on sbtest4_pkey  (cost=0.00..34.68 rows=1024 width=0)
	                    Index Cond: ((id >= 4779979) AND (id <= 4780978))

table 5 : explain SELECT DISTINCT c FROM sbtest5 WHERE id BETWEEN 6783224 AND 6784223 ORDER BY c
	Unique  (cost=3943.44..3948.47 rows=1005 width=121)
	  ->  Sort  (cost=3943.44..3945.96 rows=1005 width=121)
	        Sort Key: c
	        ->  Bitmap Heap Scan on sbtest5  (cost=34.74..3893.33 rows=1005 width=121)
	              Recheck Cond: ((id >= 6783224) AND (id <= 6784223))
	              ->  Bitmap Index Scan on sbtest5_pkey  (cost=0.00..34.48 rows=1005 width=0)
	                    Index Cond: ((id >= 6783224) AND (id <= 6784223))

table 6 : explain SELECT DISTINCT c FROM sbtest6 WHERE id BETWEEN 5584859 AND 5585858 ORDER BY c
	Unique  (cost=4087.87..4093.08 rows=1042 width=121)
	  ->  Sort  (cost=4087.87..4090.47 rows=1042 width=121)
	        Sort Key: c
	        ->  Bitmap Heap Scan on sbtest6  (cost=35.12..4035.64 rows=1042 width=121)
	              Recheck Cond: ((id >= 5584859) AND (id <= 5585858))
	              ->  Bitmap Index Scan on sbtest6_pkey  (cost=0.00..34.86 rows=1042 width=0)
	                    Index Cond: ((id >= 5584859) AND (id <= 5585858))

table 7 : explain SELECT DISTINCT c FROM sbtest7 WHERE id BETWEEN 2635336 AND 2636335 ORDER BY c
	Unique  (cost=3713.92..3718.64 rows=943 width=121)
	  ->  Sort  (cost=3713.92..3716.28 rows=943 width=121)
	        Sort Key: c
	        ->  Bitmap Heap Scan on sbtest7  (cost=34.10..3667.33 rows=943 width=121)
	              Recheck Cond: ((id >= 2635336) AND (id <= 2636335))
	              ->  Bitmap Index Scan on sbtest7_pkey  (cost=0.00..33.87 rows=943 width=0)
	                    Index Cond: ((id >= 2635336) AND (id <= 2636335))

table 8 : explain SELECT DISTINCT c FROM sbtest8 WHERE id BETWEEN 5844714 AND 5845713 ORDER BY c
	Unique  (cost=3877.13..3882.02 rows=977 width=121)
	  ->  Sort  (cost=3877.13..3879.57 rows=977 width=121)
	        Sort Key: c
	        ->  Index Scan using sbtest8_pkey on sbtest8  (cost=0.43..3828.61 rows=977 width=121)
	              Index Cond: ((id >= 5844714) AND (id <= 5845713))

for: order_ranges
table 1 : explain SELECT c FROM sbtest1 WHERE id BETWEEN 4047180 AND 4048179 ORDER BY c
	Sort  (cost=3678.51..3680.85 rows=935 width=121)
	  Sort Key: c
	  ->  Bitmap Heap Scan on sbtest1  (cost=34.02..3632.37 rows=935 width=121)
	        Recheck Cond: ((id >= 4047180) AND (id <= 4048179))
	        ->  Bitmap Index Scan on sbtest1_pkey  (cost=0.00..33.79 rows=935 width=0)
	              Index Cond: ((id >= 4047180) AND (id <= 4048179))

table 2 : explain SELECT c FROM sbtest2 WHERE id BETWEEN 8077767 AND 8078766 ORDER BY c
	Sort  (cost=3995.70..3998.25 rows=1018 width=121)
	  Sort Key: c
	  ->  Bitmap Heap Scan on sbtest2  (cost=34.87..3944.84 rows=1018 width=121)
	        Recheck Cond: ((id >= 8077767) AND (id <= 8078766))
	        ->  Bitmap Index Scan on sbtest2_pkey  (cost=0.00..34.62 rows=1018 width=0)
	              Index Cond: ((id >= 8077767) AND (id <= 8078766))

table 3 : explain SELECT c FROM sbtest3 WHERE id BETWEEN 7711366 AND 7712365 ORDER BY c
	Sort  (cost=3714.68..3717.04 rows=944 width=121)
	  Sort Key: c
	  ->  Bitmap Heap Scan on sbtest3  (cost=34.11..3668.03 rows=944 width=121)
	        Recheck Cond: ((id >= 7711366) AND (id <= 7712365))
	        ->  Bitmap Index Scan on sbtest3_pkey  (cost=0.00..33.88 rows=944 width=0)
	              Index Cond: ((id >= 7711366) AND (id <= 7712365))

table 4 : explain SELECT c FROM sbtest4 WHERE id BETWEEN 854217 AND 855216 ORDER BY c
	Sort  (cost=4001.28..4003.83 rows=1018 width=121)
	  Sort Key: c
	  ->  Bitmap Heap Scan on sbtest4  (cost=34.87..3950.42 rows=1018 width=121)
	        Recheck Cond: ((id >= 854217) AND (id <= 855216))
	        ->  Bitmap Index Scan on sbtest4_pkey  (cost=0.00..34.62 rows=1018 width=0)
	              Index Cond: ((id >= 854217) AND (id <= 855216))

table 5 : explain SELECT c FROM sbtest5 WHERE id BETWEEN 4521738 AND 4522737 ORDER BY c
	Sort  (cost=3748.23..3750.61 rows=954 width=121)
	  Sort Key: c
	  ->  Bitmap Heap Scan on sbtest5  (cost=34.21..3701.02 rows=954 width=121)
	        Recheck Cond: ((id >= 4521738) AND (id <= 4522737))
	        ->  Bitmap Index Scan on sbtest5_pkey  (cost=0.00..33.98 rows=954 width=0)
	              Index Cond: ((id >= 4521738) AND (id <= 4522737))

table 6 : explain SELECT c FROM sbtest6 WHERE id BETWEEN 104513 AND 105512 ORDER BY c
	Sort  (cost=3911.82..3914.31 rows=996 width=121)
	  Sort Key: c
	  ->  Bitmap Heap Scan on sbtest6  (cost=34.64..3862.21 rows=996 width=121)
	        Recheck Cond: ((id >= 104513) AND (id <= 105512))
	        ->  Bitmap Index Scan on sbtest6_pkey  (cost=0.00..34.40 rows=996 width=0)
	              Index Cond: ((id >= 104513) AND (id <= 105512))

table 7 : explain SELECT c FROM sbtest7 WHERE id BETWEEN 7557174 AND 7558173 ORDER BY c
	Sort  (cost=3802.32..3804.74 rows=966 width=121)
	  Sort Key: c
	  ->  Bitmap Heap Scan on sbtest7  (cost=34.34..3754.43 rows=966 width=121)
	        Recheck Cond: ((id >= 7557174) AND (id <= 7558173))
	        ->  Bitmap Index Scan on sbtest7_pkey  (cost=0.00..34.09 rows=966 width=0)
	              Index Cond: ((id >= 7557174) AND (id <= 7558173))

table 8 : explain SELECT c FROM sbtest8 WHERE id BETWEEN 5042503 AND 5043502 ORDER BY c
	Sort  (cost=3667.55..3669.86 rows=924 width=121)
	  Sort Key: c
	  ->  Index Scan using sbtest8_pkey on sbtest8  (cost=0.43..3622.03 rows=924 width=121)
	        Index Cond: ((id >= 5042503) AND (id <= 5043502))

for: sum_ranges
table 1 : explain SELECT SUM(k) FROM sbtest1 WHERE id BETWEEN 2172092 AND 2173091
	Aggregate  (cost=4053.96..4053.97 rows=1 width=8)
	  ->  Bitmap Heap Scan on sbtest1  (cost=35.16..4051.35 rows=1046 width=4)
	        Recheck Cond: ((id >= 2172092) AND (id <= 2173091))
	        ->  Bitmap Index Scan on sbtest1_pkey  (cost=0.00..34.90 rows=1046 width=0)
	              Index Cond: ((id >= 2172092) AND (id <= 2173091))

table 2 : explain SELECT SUM(k) FROM sbtest2 WHERE id BETWEEN 7844864 AND 7845863
	Aggregate  (cost=4090.64..4090.65 rows=1 width=8)
	  ->  Bitmap Heap Scan on sbtest2  (cost=35.26..4088.00 rows=1056 width=4)
	        Recheck Cond: ((id >= 7844864) AND (id <= 7845863))
	        ->  Bitmap Index Scan on sbtest2_pkey  (cost=0.00..35.00 rows=1056 width=0)
	              Index Cond: ((id >= 7844864) AND (id <= 7845863))

table 3 : explain SELECT SUM(k) FROM sbtest3 WHERE id BETWEEN 4312605 AND 4313604
	Aggregate  (cost=4150.15..4150.16 rows=1 width=8)
	  ->  Bitmap Heap Scan on sbtest3  (cost=35.41..4147.47 rows=1071 width=4)
	        Recheck Cond: ((id >= 4312605) AND (id <= 4313604))
	        ->  Bitmap Index Scan on sbtest3_pkey  (cost=0.00..35.15 rows=1071 width=0)
	              Index Cond: ((id >= 4312605) AND (id <= 4313604))

table 4 : explain SELECT SUM(k) FROM sbtest4 WHERE id BETWEEN 781805 AND 782804
	Aggregate  (cost=3956.75..3956.76 rows=1 width=8)
	  ->  Bitmap Heap Scan on sbtest4  (cost=34.88..3954.20 rows=1019 width=4)
	        Recheck Cond: ((id >= 781805) AND (id <= 782804))
	        ->  Bitmap Index Scan on sbtest4_pkey  (cost=0.00..34.62 rows=1019 width=0)
	              Index Cond: ((id >= 781805) AND (id <= 782804))

table 5 : explain SELECT SUM(k) FROM sbtest5 WHERE id BETWEEN 9521105 AND 9522104
	Aggregate  (cost=3831.73..3831.74 rows=1 width=8)
	  ->  Bitmap Heap Scan on sbtest5  (cost=34.56..3829.26 rows=988 width=4)
	        Recheck Cond: ((id >= 9521105) AND (id <= 9522104))
	        ->  Bitmap Index Scan on sbtest5_pkey  (cost=0.00..34.32 rows=988 width=0)
	              Index Cond: ((id >= 9521105) AND (id <= 9522104))

table 6 : explain SELECT SUM(k) FROM sbtest6 WHERE id BETWEEN 5883715 AND 5884714
	Aggregate  (cost=3474.94..3474.95 rows=1 width=8)
	  ->  Bitmap Heap Scan on sbtest6  (cost=29.60..3472.70 rows=894 width=4)
	        Recheck Cond: ((id >= 5883715) AND (id <= 5884714))
	        ->  Bitmap Index Scan on sbtest6_pkey  (cost=0.00..29.37 rows=894 width=0)
	              Index Cond: ((id >= 5883715) AND (id <= 5884714))

table 7 : explain SELECT SUM(k) FROM sbtest7 WHERE id BETWEEN 1191387 AND 1192386
	Aggregate  (cost=3422.83..3422.84 rows=1 width=8)
	  ->  Bitmap Heap Scan on sbtest7  (cost=29.44..3420.63 rows=879 width=4)
	        Recheck Cond: ((id >= 1191387) AND (id <= 1192386))
	        ->  Bitmap Index Scan on sbtest7_pkey  (cost=0.00..29.22 rows=879 width=0)
	              Index Cond: ((id >= 1191387) AND (id <= 1192386))

table 8 : explain SELECT SUM(k) FROM sbtest8 WHERE id BETWEEN 3410678 AND 3411677
	Aggregate  (cost=3768.67..3768.68 rows=1 width=8)
	  ->  Index Scan using sbtest8_pkey on sbtest8  (cost=0.43..3766.27 rows=961 width=4)
	        Index Cond: ((id >= 3410678) AND (id <= 3411677))

for: sum_ranges
table 1 : explain SELECT SUM(k) FROM sbtest1 WHERE id BETWEEN 5504352 AND 5505351
	Aggregate  (cost=3691.46..3691.47 rows=1 width=8)
	  ->  Bitmap Heap Scan on sbtest1  (cost=34.17..3689.08 rows=950 width=4)
	        Recheck Cond: ((id >= 5504352) AND (id <= 5505351))
	        ->  Bitmap Index Scan on sbtest1_pkey  (cost=0.00..33.94 rows=950 width=0)
	              Index Cond: ((id >= 5504352) AND (id <= 5505351))

table 2 : explain SELECT SUM(k) FROM sbtest2 WHERE id BETWEEN 2665174 AND 2666173
	Aggregate  (cost=3561.97..3561.98 rows=1 width=8)
	  ->  Bitmap Heap Scan on sbtest2  (cost=33.82..3559.68 rows=916 width=4)
	        Recheck Cond: ((id >= 2665174) AND (id <= 2666173))
	        ->  Bitmap Index Scan on sbtest2_pkey  (cost=0.00..33.59 rows=916 width=0)
	              Index Cond: ((id >= 2665174) AND (id <= 2666173))

table 3 : explain SELECT SUM(k) FROM sbtest3 WHERE id BETWEEN 3861537 AND 3862536
	Aggregate  (cost=4040.78..4040.79 rows=1 width=8)
	  ->  Bitmap Heap Scan on sbtest3  (cost=35.12..4038.17 rows=1042 width=4)
	        Recheck Cond: ((id >= 3861537) AND (id <= 3862536))
	        ->  Bitmap Index Scan on sbtest3_pkey  (cost=0.00..34.86 rows=1042 width=0)
	              Index Cond: ((id >= 3861537) AND (id <= 3862536))

table 4 : explain SELECT SUM(k) FROM sbtest4 WHERE id BETWEEN 2022603 AND 2023602
	Aggregate  (cost=3703.20..3703.21 rows=1 width=8)
	  ->  Bitmap Heap Scan on sbtest4  (cost=34.19..3700.82 rows=952 width=4)
	        Recheck Cond: ((id >= 2022603) AND (id <= 2023602))
	        ->  Bitmap Index Scan on sbtest4_pkey  (cost=0.00..33.95 rows=952 width=0)
	              Index Cond: ((id >= 2022603) AND (id <= 2023602))

table 5 : explain SELECT SUM(k) FROM sbtest5 WHERE id BETWEEN 5329508 AND 5330507
	Aggregate  (cost=3620.28..3620.29 rows=1 width=8)
	  ->  Bitmap Heap Scan on sbtest5  (cost=33.99..3617.95 rows=932 width=4)
	        Recheck Cond: ((id >= 5329508) AND (id <= 5330507))
	        ->  Bitmap Index Scan on sbtest5_pkey  (cost=0.00..33.76 rows=932 width=0)
	              Index Cond: ((id >= 5329508) AND (id <= 5330507))

table 6 : explain SELECT SUM(k) FROM sbtest6 WHERE id BETWEEN 6312180 AND 6313179
	Aggregate  (cost=3758.94..3758.95 rows=1 width=8)
	  ->  Bitmap Heap Scan on sbtest6  (cost=34.36..3756.52 rows=968 width=4)
	        Recheck Cond: ((id >= 6312180) AND (id <= 6313179))
	        ->  Bitmap Index Scan on sbtest6_pkey  (cost=0.00..34.12 rows=968 width=0)
	              Index Cond: ((id >= 6312180) AND (id <= 6313179))

table 7 : explain SELECT SUM(k) FROM sbtest7 WHERE id BETWEEN 5029094 AND 5030093
	Aggregate  (cost=3923.38..3923.39 rows=1 width=8)
	  ->  Bitmap Heap Scan on sbtest7  (cost=34.79..3920.86 rows=1010 width=4)
	        Recheck Cond: ((id >= 5029094) AND (id <= 5030093))
	        ->  Bitmap Index Scan on sbtest7_pkey  (cost=0.00..34.54 rows=1010 width=0)
	              Index Cond: ((id >= 5029094) AND (id <= 5030093))

table 8 : explain SELECT SUM(k) FROM sbtest8 WHERE id BETWEEN 8744946 AND 8745945
	Aggregate  (cost=4065.26..4065.27 rows=1 width=8)
	  ->  Bitmap Heap Scan on sbtest8  (cost=35.18..4062.64 rows=1048 width=4)
	        Recheck Cond: ((id >= 8744946) AND (id <= 8745945))
	        ->  Bitmap Index Scan on sbtest8_pkey  (cost=0.00..34.92 rows=1048 width=0)
	              Index Cond: ((id >= 8744946) AND (id <= 8745945))

for: distinct_ranges
table 1 : explain SELECT DISTINCT c FROM sbtest1 WHERE id BETWEEN 6353091 AND 6354090 ORDER BY c
	Unique  (cost=3881.76..3886.70 rows=988 width=121)
	  ->  Sort  (cost=3881.76..3884.23 rows=988 width=121)
	        Sort Key: c
	        ->  Bitmap Heap Scan on sbtest1  (cost=34.56..3832.62 rows=988 width=121)
	              Recheck Cond: ((id >= 6353091) AND (id <= 6354090))
	              ->  Bitmap Index Scan on sbtest1_pkey  (cost=0.00..34.32 rows=988 width=0)
	                    Index Cond: ((id >= 6353091) AND (id <= 6354090))

table 2 : explain SELECT DISTINCT c FROM sbtest2 WHERE id BETWEEN 2760265 AND 2761264 ORDER BY c
	Unique  (cost=3854.03..3858.93 rows=981 width=121)
	  ->  Sort  (cost=3854.03..3856.48 rows=981 width=121)
	        Sort Key: c
	        ->  Bitmap Heap Scan on sbtest2  (cost=34.49..3805.28 rows=981 width=121)
	              Recheck Cond: ((id >= 2760265) AND (id <= 2761264))
	              ->  Bitmap Index Scan on sbtest2_pkey  (cost=0.00..34.25 rows=981 width=0)
	                    Index Cond: ((id >= 2760265) AND (id <= 2761264))

table 3 : explain SELECT DISTINCT c FROM sbtest3 WHERE id BETWEEN 8446110 AND 8447109 ORDER BY c
	Unique  (cost=3902.68..3907.65 rows=993 width=121)
	  ->  Sort  (cost=3902.68..3905.17 rows=993 width=121)
	        Sort Key: c
	        ->  Bitmap Heap Scan on sbtest3  (cost=34.61..3853.25 rows=993 width=121)
	              Recheck Cond: ((id >= 8446110) AND (id <= 8447109))
	              ->  Bitmap Index Scan on sbtest3_pkey  (cost=0.00..34.37 rows=993 width=0)
	                    Index Cond: ((id >= 8446110) AND (id <= 8447109))

table 4 : explain SELECT DISTINCT c FROM sbtest4 WHERE id BETWEEN 7608413 AND 7609412 ORDER BY c
	Unique  (cost=3951.41..3956.44 rows=1005 width=121)
	  ->  Sort  (cost=3951.41..3953.93 rows=1005 width=121)
	        Sort Key: c
	        ->  Bitmap Heap Scan on sbtest4  (cost=34.74..3901.30 rows=1005 width=121)
	              Recheck Cond: ((id >= 7608413) AND (id <= 7609412))
	              ->  Bitmap Index Scan on sbtest4_pkey  (cost=0.00..34.48 rows=1005 width=0)
	                    Index Cond: ((id >= 7608413) AND (id <= 7609412))

table 5 : explain SELECT DISTINCT c FROM sbtest5 WHERE id BETWEEN 636428 AND 637427 ORDER BY c
	Unique  (cost=3863.10..3868.02 rows=984 width=121)
	  ->  Sort  (cost=3863.10..3865.56 rows=984 width=121)
	        Sort Key: c
	        ->  Bitmap Heap Scan on sbtest5  (cost=34.52..3814.18 rows=984 width=121)
	              Recheck Cond: ((id >= 636428) AND (id <= 637427))
	              ->  Bitmap Index Scan on sbtest5_pkey  (cost=0.00..34.28 rows=984 width=0)
	                    Index Cond: ((id >= 636428) AND (id <= 637427))

table 6 : explain SELECT DISTINCT c FROM sbtest6 WHERE id BETWEEN 9901553 AND 9902552 ORDER BY c
	Unique  (cost=4240.76..4246.17 rows=1082 width=121)
	  ->  Sort  (cost=4240.76..4243.46 rows=1082 width=121)
	        Sort Key: c
	        ->  Bitmap Heap Scan on sbtest6  (cost=35.53..4186.22 rows=1082 width=121)
	              Recheck Cond: ((id >= 9901553) AND (id <= 9902552))
	              ->  Bitmap Index Scan on sbtest6_pkey  (cost=0.00..35.26 rows=1082 width=0)
	                    Index Cond: ((id >= 9901553) AND (id <= 9902552))

table 7 : explain SELECT DISTINCT c FROM sbtest7 WHERE id BETWEEN 8591296 AND 8592295 ORDER BY c
	Unique  (cost=3856.10..3861.00 rows=980 width=121)
	  ->  Sort  (cost=3856.10..3858.55 rows=980 width=121)
	        Sort Key: c
	        ->  Bitmap Heap Scan on sbtest7  (cost=34.48..3807.41 rows=980 width=121)
	              Recheck Cond: ((id >= 8591296) AND (id <= 8592295))
	              ->  Bitmap Index Scan on sbtest7_pkey  (cost=0.00..34.23 rows=980 width=0)
	                    Index Cond: ((id >= 8591296) AND (id <= 8592295))

table 8 : explain SELECT DISTINCT c FROM sbtest8 WHERE id BETWEEN 6439653 AND 6440652 ORDER BY c
	Unique  (cost=3829.69..3834.52 rows=965 width=121)
	  ->  Sort  (cost=3829.69..3832.10 rows=965 width=121)
	        Sort Key: c
	        ->  Index Scan using sbtest8_pkey on sbtest8  (cost=0.43..3781.85 rows=965 width=121)
	              Index Cond: ((id >= 6439653) AND (id <= 6440652))

for: sum_ranges
table 1 : explain SELECT SUM(k) FROM sbtest1 WHERE id BETWEEN 9945758 AND 9946757
	Aggregate  (cost=3680.11..3680.12 rows=1 width=8)
	  ->  Bitmap Heap Scan on sbtest1  (cost=34.14..3677.74 rows=947 width=4)
	        Recheck Cond: ((id >= 9945758) AND (id <= 9946757))
	        ->  Bitmap Index Scan on sbtest1_pkey  (cost=0.00..33.91 rows=947 width=0)
	              Index Cond: ((id >= 9945758) AND (id <= 9946757))

table 2 : explain SELECT SUM(k) FROM sbtest2 WHERE id BETWEEN 8586343 AND 8587342
	Aggregate  (cost=3803.96..3803.97 rows=1 width=8)
	  ->  Bitmap Heap Scan on sbtest2  (cost=34.48..3801.51 rows=980 width=4)
	        Recheck Cond: ((id >= 8586343) AND (id <= 8587342))
	        ->  Bitmap Index Scan on sbtest2_pkey  (cost=0.00..34.23 rows=980 width=0)
	              Index Cond: ((id >= 8586343) AND (id <= 8587342))

table 3 : explain SELECT SUM(k) FROM sbtest3 WHERE id BETWEEN 2295941 AND 2296940
	Aggregate  (cost=3897.30..3897.31 rows=1 width=8)
	  ->  Bitmap Heap Scan on sbtest3  (cost=34.73..3894.79 rows=1004 width=4)
	        Recheck Cond: ((id >= 2295941) AND (id <= 2296940))
	        ->  Bitmap Index Scan on sbtest3_pkey  (cost=0.00..34.48 rows=1004 width=0)
	              Index Cond: ((id >= 2295941) AND (id <= 2296940))

table 4 : explain SELECT SUM(k) FROM sbtest4 WHERE id BETWEEN 2355713 AND 2356712
	Aggregate  (cost=3915.16..3915.17 rows=1 width=8)
	  ->  Bitmap Heap Scan on sbtest4  (cost=34.77..3912.64 rows=1008 width=4)
	        Recheck Cond: ((id >= 2355713) AND (id <= 2356712))
	        ->  Bitmap Index Scan on sbtest4_pkey  (cost=0.00..34.52 rows=1008 width=0)
	              Index Cond: ((id >= 2355713) AND (id <= 2356712))

table 5 : explain SELECT SUM(k) FROM sbtest5 WHERE id BETWEEN 3420031 AND 3421030
	Aggregate  (cost=4343.86..4343.87 rows=1 width=8)
	  ->  Bitmap Heap Scan on sbtest5  (cost=39.96..4341.05 rows=1124 width=4)
	        Recheck Cond: ((id >= 3420031) AND (id <= 3421030))
	        ->  Bitmap Index Scan on sbtest5_pkey  (cost=0.00..39.68 rows=1124 width=0)
	              Index Cond: ((id >= 3420031) AND (id <= 3421030))

table 6 : explain SELECT SUM(k) FROM sbtest6 WHERE id BETWEEN 5260299 AND 5261298
	Aggregate  (cost=3592.54..3592.55 rows=1 width=8)
	  ->  Bitmap Heap Scan on sbtest6  (cost=33.91..3590.23 rows=924 width=4)
	        Recheck Cond: ((id >= 5260299) AND (id <= 5261298))
	        ->  Bitmap Index Scan on sbtest6_pkey  (cost=0.00..33.68 rows=924 width=0)
	              Index Cond: ((id >= 5260299) AND (id <= 5261298))

table 7 : explain SELECT SUM(k) FROM sbtest7 WHERE id BETWEEN 9337410 AND 9338409
	Aggregate  (cost=3987.67..3987.68 rows=1 width=8)
	  ->  Bitmap Heap Scan on sbtest7  (cost=34.96..3985.10 rows=1027 width=4)
	        Recheck Cond: ((id >= 9337410) AND (id <= 9338409))
	        ->  Bitmap Index Scan on sbtest7_pkey  (cost=0.00..34.70 rows=1027 width=0)
	              Index Cond: ((id >= 9337410) AND (id <= 9338409))

table 8 : explain SELECT SUM(k) FROM sbtest8 WHERE id BETWEEN 4585720 AND 4586719
	Aggregate  (cost=4057.71..4057.72 rows=1 width=8)
	  ->  Bitmap Heap Scan on sbtest8  (cost=35.16..4055.10 rows=1046 width=4)
	        Recheck Cond: ((id >= 4585720) AND (id <= 4586719))
	        ->  Bitmap Index Scan on sbtest8_pkey  (cost=0.00..34.90 rows=1046 width=0)
	              Index Cond: ((id >= 4585720) AND (id <= 4586719))

for: distinct_ranges
table 1 : explain SELECT DISTINCT c FROM sbtest1 WHERE id BETWEEN 2494600 AND 2495599 ORDER BY c
	Unique  (cost=4034.94..4040.08 rows=1028 width=121)
	  ->  Sort  (cost=4034.94..4037.51 rows=1028 width=121)
	        Sort Key: c
	        ->  Bitmap Heap Scan on sbtest1  (cost=34.97..3983.51 rows=1028 width=121)
	              Recheck Cond: ((id >= 2494600) AND (id <= 2495599))
	              ->  Bitmap Index Scan on sbtest1_pkey  (cost=0.00..34.72 rows=1028 width=0)
	                    Index Cond: ((id >= 2494600) AND (id <= 2495599))

table 2 : explain SELECT DISTINCT c FROM sbtest2 WHERE id BETWEEN 8947895 AND 8948894 ORDER BY c
	Unique  (cost=3685.34..3690.02 rows=937 width=121)
	  ->  Sort  (cost=3685.34..3687.68 rows=937 width=121)
	        Sort Key: c
	        ->  Bitmap Heap Scan on sbtest2  (cost=34.04..3639.09 rows=937 width=121)
	              Recheck Cond: ((id >= 8947895) AND (id <= 8948894))
	              ->  Bitmap Index Scan on sbtest2_pkey  (cost=0.00..33.81 rows=937 width=0)
	                    Index Cond: ((id >= 8947895) AND (id <= 8948894))

table 3 : explain SELECT DISTINCT c FROM sbtest3 WHERE id BETWEEN 4820615 AND 4821614 ORDER BY c
	Unique  (cost=3883.51..3888.45 rows=988 width=121)
	  ->  Sort  (cost=3883.51..3885.98 rows=988 width=121)
	        Sort Key: c
	        ->  Bitmap Heap Scan on sbtest3  (cost=34.56..3834.37 rows=988 width=121)
	              Recheck Cond: ((id >= 4820615) AND (id <= 4821614))
	              ->  Bitmap Index Scan on sbtest3_pkey  (cost=0.00..34.32 rows=988 width=0)
	                    Index Cond: ((id >= 4820615) AND (id <= 4821614))

table 4 : explain SELECT DISTINCT c FROM sbtest4 WHERE id BETWEEN 86557 AND 87556 ORDER BY c
	Unique  (cost=4074.13..4079.31 rows=1037 width=121)
	  ->  Sort  (cost=4074.13..4076.72 rows=1037 width=121)
	        Sort Key: c
	        ->  Bitmap Heap Scan on sbtest4  (cost=35.06..4022.18 rows=1037 width=121)
	              Recheck Cond: ((id >= 86557) AND (id <= 87556))
	              ->  Bitmap Index Scan on sbtest4_pkey  (cost=0.00..34.81 rows=1037 width=0)
	                    Index Cond: ((id >= 86557) AND (id <= 87556))

table 5 : explain SELECT DISTINCT c FROM sbtest5 WHERE id BETWEEN 6232924 AND 6233923 ORDER BY c
	Unique  (cost=4264.29..4269.74 rows=1089 width=121)
	  ->  Sort  (cost=4264.29..4267.01 rows=1089 width=121)
	        Sort Key: c
	        ->  Bitmap Heap Scan on sbtest5  (cost=35.60..4209.36 rows=1089 width=121)
	              Recheck Cond: ((id >= 6232924) AND (id <= 6233923))
	              ->  Bitmap Index Scan on sbtest5_pkey  (cost=0.00..35.33 rows=1089 width=0)
	                    Index Cond: ((id >= 6232924) AND (id <= 6233923))

table 6 : explain SELECT DISTINCT c FROM sbtest6 WHERE id BETWEEN 146051 AND 147050 ORDER BY c
	Unique  (cost=4141.40..4146.68 rows=1056 width=121)
	  ->  Sort  (cost=4141.40..4144.04 rows=1056 width=121)
	        Sort Key: c
	        ->  Bitmap Heap Scan on sbtest6  (cost=35.26..4088.37 rows=1056 width=121)
	              Recheck Cond: ((id >= 146051) AND (id <= 147050))
	              ->  Bitmap Index Scan on sbtest6_pkey  (cost=0.00..35.00 rows=1056 width=0)
	                    Index Cond: ((id >= 146051) AND (id <= 147050))

table 7 : explain SELECT DISTINCT c FROM sbtest7 WHERE id BETWEEN 2026164 AND 2027163 ORDER BY c
	Unique  (cost=3813.85..3818.69 rows=969 width=121)
	  ->  Sort  (cost=3813.85..3816.27 rows=969 width=121)
	        Sort Key: c
	        ->  Bitmap Heap Scan on sbtest7  (cost=34.37..3765.78 rows=969 width=121)
	              Recheck Cond: ((id >= 2026164) AND (id <= 2027163))
	              ->  Bitmap Index Scan on sbtest7_pkey  (cost=0.00..34.12 rows=969 width=0)
	                    Index Cond: ((id >= 2026164) AND (id <= 2027163))

table 8 : explain SELECT DISTINCT c FROM sbtest8 WHERE id BETWEEN 759152 AND 760151 ORDER BY c
	Unique  (cost=3628.02..3632.59 rows=914 width=121)
	  ->  Sort  (cost=3628.02..3630.30 rows=914 width=121)
	        Sort Key: c
	        ->  Index Scan using sbtest8_pkey on sbtest8  (cost=0.43..3583.07 rows=914 width=121)
	              Index Cond: ((id >= 759152) AND (id <= 760151))

for: order_ranges
table 1 : explain SELECT c FROM sbtest1 WHERE id BETWEEN 5521517 AND 5522516 ORDER BY c
	Sort  (cost=3736.07..3738.44 rows=950 width=121)
	  Sort Key: c
	  ->  Bitmap Heap Scan on sbtest1  (cost=34.17..3689.08 rows=950 width=121)
	        Recheck Cond: ((id >= 5521517) AND (id <= 5522516))
	        ->  Bitmap Index Scan on sbtest1_pkey  (cost=0.00..33.94 rows=950 width=0)
	              Index Cond: ((id >= 5521517) AND (id <= 5522516))

table 2 : explain SELECT c FROM sbtest2 WHERE id BETWEEN 8355667 AND 8356666 ORDER BY c
	Sort  (cost=3727.53..3729.90 rows=948 width=121)
	  Sort Key: c
	  ->  Bitmap Heap Scan on sbtest2  (cost=34.15..3680.66 rows=948 width=121)
	        Recheck Cond: ((id >= 8355667) AND (id <= 8356666))
	        ->  Bitmap Index Scan on sbtest2_pkey  (cost=0.00..33.92 rows=948 width=0)
	              Index Cond: ((id >= 8355667) AND (id <= 8356666))

table 3 : explain SELECT c FROM sbtest3 WHERE id BETWEEN 6852354 AND 6853353 ORDER BY c
	Sort  (cost=3918.02..3920.51 rows=997 width=121)
	  Sort Key: c
	  ->  Bitmap Heap Scan on sbtest3  (cost=34.65..3868.36 rows=997 width=121)
	        Recheck Cond: ((id >= 6852354) AND (id <= 6853353))
	        ->  Bitmap Index Scan on sbtest3_pkey  (cost=0.00..34.41 rows=997 width=0)
	              Index Cond: ((id >= 6852354) AND (id <= 6853353))

table 4 : explain SELECT c FROM sbtest4 WHERE id BETWEEN 7170641 AND 7171640 ORDER BY c
	Sort  (cost=4089.46..4092.06 rows=1041 width=121)
	  Sort Key: c
	  ->  Bitmap Heap Scan on sbtest4  (cost=35.11..4037.28 rows=1041 width=121)
	        Recheck Cond: ((id >= 7170641) AND (id <= 7171640))
	        ->  Bitmap Index Scan on sbtest4_pkey  (cost=0.00..34.84 rows=1041 width=0)
	              Index Cond: ((id >= 7170641) AND (id <= 7171640))

table 5 : explain SELECT c FROM sbtest5 WHERE id BETWEEN 6886939 AND 6887938 ORDER BY c
	Sort  (cost=3905.19..3907.68 rows=995 width=121)
	  Sort Key: c
	  ->  Bitmap Heap Scan on sbtest5  (cost=34.63..3855.65 rows=995 width=121)
	        Recheck Cond: ((id >= 6886939) AND (id <= 6887938))
	        ->  Bitmap Index Scan on sbtest5_pkey  (cost=0.00..34.39 rows=995 width=0)
	              Index Cond: ((id >= 6886939) AND (id <= 6887938))

table 6 : explain SELECT c FROM sbtest6 WHERE id BETWEEN 1438194 AND 1439193 ORDER BY c
	Sort  (cost=4614.83..4617.78 rows=1180 width=121)
	  Sort Key: c
	  ->  Bitmap Heap Scan on sbtest6  (cost=40.53..4554.63 rows=1180 width=121)
	        Recheck Cond: ((id >= 1438194) AND (id <= 1439193))
	        ->  Bitmap Index Scan on sbtest6_pkey  (cost=0.00..40.23 rows=1180 width=0)
	              Index Cond: ((id >= 1438194) AND (id <= 1439193))

table 7 : explain SELECT c FROM sbtest7 WHERE id BETWEEN 7854842 AND 7855841 ORDER BY c
	Sort  (cost=3955.91..3958.42 rows=1006 width=121)
	  Sort Key: c
	  ->  Bitmap Heap Scan on sbtest7  (cost=34.75..3905.74 rows=1006 width=121)
	        Recheck Cond: ((id >= 7854842) AND (id <= 7855841))
	        ->  Bitmap Index Scan on sbtest7_pkey  (cost=0.00..34.50 rows=1006 width=0)
	              Index Cond: ((id >= 7854842) AND (id <= 7855841))

table 8 : explain SELECT c FROM sbtest8 WHERE id BETWEEN 7568698 AND 7569697 ORDER BY c
	Sort  (cost=4218.59..4221.28 rows=1075 width=121)
	  Sort Key: c
	  ->  Bitmap Heap Scan on sbtest8  (cost=35.45..4164.46 rows=1075 width=121)
	        Recheck Cond: ((id >= 7568698) AND (id <= 7569697))
	        ->  Bitmap Index Scan on sbtest8_pkey  (cost=0.00..35.19 rows=1075 width=0)
	              Index Cond: ((id >= 7568698) AND (id <= 7569697))

for: simple_ranges
table 1 : explain SELECT c FROM sbtest1 WHERE id BETWEEN 2382634 AND 2383633
	Bitmap Heap Scan on sbtest1  (cost=35.07..4021.20 rows=1038 width=121)
	  Recheck Cond: ((id >= 2382634) AND (id <= 2383633))
	  ->  Bitmap Index Scan on sbtest1_pkey  (cost=0.00..34.82 rows=1038 width=0)
	        Index Cond: ((id >= 2382634) AND (id <= 2383633))

table 2 : explain SELECT c FROM sbtest2 WHERE id BETWEEN 7913798 AND 7914797
	Bitmap Heap Scan on sbtest2  (cost=29.77..3536.76 rows=911 width=121)
	  Recheck Cond: ((id >= 7913798) AND (id <= 7914797))
	  ->  Bitmap Index Scan on sbtest2_pkey  (cost=0.00..29.54 rows=911 width=0)
	        Index Cond: ((id >= 7913798) AND (id <= 7914797))

table 3 : explain SELECT c FROM sbtest3 WHERE id BETWEEN 4612827 AND 4613826
	Bitmap Heap Scan on sbtest3  (cost=34.87..3947.64 rows=1018 width=121)
	  Recheck Cond: ((id >= 4612827) AND (id <= 4613826))
	  ->  Bitmap Index Scan on sbtest3_pkey  (cost=0.00..34.62 rows=1018 width=0)
	        Index Cond: ((id >= 4612827) AND (id <= 4613826))

table 4 : explain SELECT c FROM sbtest4 WHERE id BETWEEN 2700625 AND 2701624
	Bitmap Heap Scan on sbtest4  (cost=34.56..3837.03 rows=988 width=121)
	  Recheck Cond: ((id >= 2700625) AND (id <= 2701624))
	  ->  Bitmap Index Scan on sbtest4_pkey  (cost=0.00..34.32 rows=988 width=0)
	        Index Cond: ((id >= 2700625) AND (id <= 2701624))

table 5 : explain SELECT c FROM sbtest5 WHERE id BETWEEN 7371182 AND 7372181
	Bitmap Heap Scan on sbtest5  (cost=35.43..4149.23 rows=1073 width=121)
	  Recheck Cond: ((id >= 7371182) AND (id <= 7372181))
	  ->  Bitmap Index Scan on sbtest5_pkey  (cost=0.00..35.17 rows=1073 width=0)
	        Index Cond: ((id >= 7371182) AND (id <= 7372181))

table 6 : explain SELECT c FROM sbtest6 WHERE id BETWEEN 2406807 AND 2407806
	Bitmap Heap Scan on sbtest6  (cost=34.37..3760.30 rows=969 width=121)
	  Recheck Cond: ((id >= 2406807) AND (id <= 2407806))
	  ->  Bitmap Index Scan on sbtest6_pkey  (cost=0.00..34.12 rows=969 width=0)
	        Index Cond: ((id >= 2406807) AND (id <= 2407806))

table 7 : explain SELECT c FROM sbtest7 WHERE id BETWEEN 9208245 AND 9209244
	Bitmap Heap Scan on sbtest7  (cost=33.96..3614.29 rows=929 width=121)
	  Recheck Cond: ((id >= 9208245) AND (id <= 9209244))
	  ->  Bitmap Index Scan on sbtest7_pkey  (cost=0.00..33.73 rows=929 width=0)
	        Index Cond: ((id >= 9208245) AND (id <= 9209244))

table 8 : explain SELECT c FROM sbtest8 WHERE id BETWEEN 9115190 AND 9116189
	Bitmap Heap Scan on sbtest8  (cost=35.07..4024.91 rows=1038 width=121)
	  Recheck Cond: ((id >= 9115190) AND (id <= 9116189))
	  ->  Bitmap Index Scan on sbtest8_pkey  (cost=0.00..34.82 rows=1038 width=0)
	        Index Cond: ((id >= 9115190) AND (id <= 9116189))

for: distinct_ranges
table 1 : explain SELECT DISTINCT c FROM sbtest1 WHERE id BETWEEN 7322413 AND 7323412 ORDER BY c
	Unique  (cost=3962.21..3967.25 rows=1009 width=121)
	  ->  Sort  (cost=3962.21..3964.73 rows=1009 width=121)
	        Sort Key: c
	        ->  Bitmap Heap Scan on sbtest1  (cost=34.78..3911.86 rows=1009 width=121)
	              Recheck Cond: ((id >= 7322413) AND (id <= 7323412))
	              ->  Bitmap Index Scan on sbtest1_pkey  (cost=0.00..34.53 rows=1009 width=0)
	                    Index Cond: ((id >= 7322413) AND (id <= 7323412))

table 2 : explain SELECT DISTINCT c FROM sbtest2 WHERE id BETWEEN 6896441 AND 6897440 ORDER BY c
	Unique  (cost=4121.92..4127.18 rows=1051 width=121)
	  ->  Sort  (cost=4121.92..4124.55 rows=1051 width=121)
	        Sort Key: c
	        ->  Bitmap Heap Scan on sbtest2  (cost=35.21..4069.18 rows=1051 width=121)
	              Recheck Cond: ((id >= 6896441) AND (id <= 6897440))
	              ->  Bitmap Index Scan on sbtest2_pkey  (cost=0.00..34.95 rows=1051 width=0)
	                    Index Cond: ((id >= 6896441) AND (id <= 6897440))

table 3 : explain SELECT DISTINCT c FROM sbtest3 WHERE id BETWEEN 16208 AND 17207 ORDER BY c
	Unique  (cost=3952.51..3957.54 rows=1006 width=121)
	  ->  Sort  (cost=3952.51..3955.03 rows=1006 width=121)
	        Sort Key: c
	        ->  Bitmap Heap Scan on sbtest3  (cost=34.75..3902.34 rows=1006 width=121)
	              Recheck Cond: ((id >= 16208) AND (id <= 17207))
	              ->  Bitmap Index Scan on sbtest3_pkey  (cost=0.00..34.50 rows=1006 width=0)
	                    Index Cond: ((id >= 16208) AND (id <= 17207))

table 4 : explain SELECT DISTINCT c FROM sbtest4 WHERE id BETWEEN 7368324 AND 7369323 ORDER BY c
	Unique  (cost=4146.93..4152.21 rows=1056 width=121)
	  ->  Sort  (cost=4146.93..4149.57 rows=1056 width=121)
	        Sort Key: c
	        ->  Bitmap Heap Scan on sbtest4  (cost=35.26..4093.90 rows=1056 width=121)
	              Recheck Cond: ((id >= 7368324) AND (id <= 7369323))
	              ->  Bitmap Index Scan on sbtest4_pkey  (cost=0.00..35.00 rows=1056 width=0)
	                    Index Cond: ((id >= 7368324) AND (id <= 7369323))

table 5 : explain SELECT DISTINCT c FROM sbtest5 WHERE id BETWEEN 1076043 AND 1077042 ORDER BY c
	Unique  (cost=3667.75..3672.42 rows=933 width=121)
	  ->  Sort  (cost=3667.75..3670.09 rows=933 width=121)
	        Sort Key: c
	        ->  Bitmap Heap Scan on sbtest5  (cost=34.00..3621.73 rows=933 width=121)
	              Recheck Cond: ((id >= 1076043) AND (id <= 1077042))
	              ->  Bitmap Index Scan on sbtest5_pkey  (cost=0.00..33.77 rows=933 width=0)
	                    Index Cond: ((id >= 1076043) AND (id <= 1077042))

table 6 : explain SELECT DISTINCT c FROM sbtest6 WHERE id BETWEEN 8825069 AND 8826068 ORDER BY c
	Unique  (cost=3911.82..3916.80 rows=996 width=121)
	  ->  Sort  (cost=3911.82..3914.31 rows=996 width=121)
	        Sort Key: c
	        ->  Bitmap Heap Scan on sbtest6  (cost=34.64..3862.21 rows=996 width=121)
	              Recheck Cond: ((id >= 8825069) AND (id <= 8826068))
	              ->  Bitmap Index Scan on sbtest6_pkey  (cost=0.00..34.40 rows=996 width=0)
	                    Index Cond: ((id >= 8825069) AND (id <= 8826068))

table 7 : explain SELECT DISTINCT c FROM sbtest7 WHERE id BETWEEN 6718290 AND 6719289 ORDER BY c
	Unique  (cost=3479.02..3483.44 rows=883 width=121)
	  ->  Sort  (cost=3479.02..3481.23 rows=883 width=121)
	        Sort Key: c
	        ->  Bitmap Heap Scan on sbtest7  (cost=29.49..3435.82 rows=883 width=121)
	              Recheck Cond: ((id >= 6718290) AND (id <= 6719289))
	              ->  Bitmap Index Scan on sbtest7_pkey  (cost=0.00..29.26 rows=883 width=0)
	                    Index Cond: ((id >= 6718290) AND (id <= 6719289))

table 8 : explain SELECT DISTINCT c FROM sbtest8 WHERE id BETWEEN 6823275 AND 6824274 ORDER BY c
	Unique  (cost=3904.81..3909.73 rows=984 width=121)
	  ->  Sort  (cost=3904.81..3907.27 rows=984 width=121)
	        Sort Key: c
	        ->  Index Scan using sbtest8_pkey on sbtest8  (cost=0.43..3855.89 rows=984 width=121)
	              Index Cond: ((id >= 6823275) AND (id <= 6824274))

for point_selects
table 1 : explain SELECT c FROM sbtest1 WHERE id=7007594
	Index Scan using sbtest1_pkey on sbtest1  (cost=0.43..8.45 rows=1 width=121)
	  Index Cond: (id = 7007594)

table 2 : explain SELECT c FROM sbtest2 WHERE id=4027606
	Index Scan using sbtest2_pkey on sbtest2  (cost=0.43..8.45 rows=1 width=121)
	  Index Cond: (id = 4027606)

table 3 : explain SELECT c FROM sbtest3 WHERE id=1453867
	Index Scan using sbtest3_pkey on sbtest3  (cost=0.43..8.45 rows=1 width=121)
	  Index Cond: (id = 1453867)

table 4 : explain SELECT c FROM sbtest4 WHERE id=7313612
	Index Scan using sbtest4_pkey on sbtest4  (cost=0.43..8.45 rows=1 width=121)
	  Index Cond: (id = 7313612)

table 5 : explain SELECT c FROM sbtest5 WHERE id=3163511
	Index Scan using sbtest5_pkey on sbtest5  (cost=0.43..8.45 rows=1 width=121)
	  Index Cond: (id = 3163511)

table 6 : explain SELECT c FROM sbtest6 WHERE id=4183902
	Index Scan using sbtest6_pkey on sbtest6  (cost=0.43..8.45 rows=1 width=121)
	  Index Cond: (id = 4183902)

table 7 : explain SELECT c FROM sbtest7 WHERE id=3457152
	Index Scan using sbtest7_pkey on sbtest7  (cost=0.43..8.45 rows=1 width=121)
	  Index Cond: (id = 3457152)

table 8 : explain SELECT c FROM sbtest8 WHERE id=8536412
	Index Scan using sbtest8_pkey on sbtest8  (cost=0.43..8.45 rows=1 width=121)
	  Index Cond: (id = 8536412)

explain: for point_selects :: explain SELECT c FROM sbtest%u WHERE id=%u
for: order_ranges
table 1 : explain SELECT c FROM sbtest1 WHERE id BETWEEN 7082689 AND 7083688 ORDER BY c
	Sort  (cost=3824.27..3826.71 rows=973 width=121)
	  Sort Key: c
	  ->  Bitmap Heap Scan on sbtest1  (cost=34.41..3775.98 rows=973 width=121)
	        Recheck Cond: ((id >= 7082689) AND (id <= 7083688))
	        ->  Bitmap Index Scan on sbtest1_pkey  (cost=0.00..34.17 rows=973 width=0)
	              Index Cond: ((id >= 7082689) AND (id <= 7083688))

table 2 : explain SELECT c FROM sbtest2 WHERE id BETWEEN 8979967 AND 8980966 ORDER BY c
	Sort  (cost=3685.34..3687.68 rows=937 width=121)
	  Sort Key: c
	  ->  Bitmap Heap Scan on sbtest2  (cost=34.04..3639.09 rows=937 width=121)
	        Recheck Cond: ((id >= 8979967) AND (id <= 8980966))
	        ->  Bitmap Index Scan on sbtest2_pkey  (cost=0.00..33.81 rows=937 width=0)
	              Index Cond: ((id >= 8979967) AND (id <= 8980966))

table 3 : explain SELECT c FROM sbtest3 WHERE id BETWEEN 8262227 AND 8263226 ORDER BY c
	Sort  (cost=3668.60..3670.93 rows=932 width=121)
	  Sort Key: c
	  ->  Bitmap Heap Scan on sbtest3  (cost=33.99..3622.63 rows=932 width=121)
	        Recheck Cond: ((id >= 8262227) AND (id <= 8263226))
	        ->  Bitmap Index Scan on sbtest3_pkey  (cost=0.00..33.76 rows=932 width=0)
	              Index Cond: ((id >= 8262227) AND (id <= 8263226))

table 4 : explain SELECT c FROM sbtest4 WHERE id BETWEEN 7518730 AND 7519729 ORDER BY c
	Sort  (cost=3843.95..3846.39 rows=977 width=121)
	  Sort Key: c
	  ->  Bitmap Heap Scan on sbtest4  (cost=34.45..3795.43 rows=977 width=121)
	        Recheck Cond: ((id >= 7518730) AND (id <= 7519729))
	        ->  Bitmap Index Scan on sbtest4_pkey  (cost=0.00..34.20 rows=977 width=0)
	              Index Cond: ((id >= 7518730) AND (id <= 7519729))

table 5 : explain SELECT c FROM sbtest5 WHERE id BETWEEN 3143719 AND 3144718 ORDER BY c
	Sort  (cost=4054.31..4056.89 rows=1034 width=121)
	  Sort Key: c
	  ->  Bitmap Heap Scan on sbtest5  (cost=35.03..4002.54 rows=1034 width=121)
	        Recheck Cond: ((id >= 3143719) AND (id <= 3144718))
	        ->  Bitmap Index Scan on sbtest5_pkey  (cost=0.00..34.78 rows=1034 width=0)
	              Index Cond: ((id >= 3143719) AND (id <= 3144718))

table 6 : explain SELECT c FROM sbtest6 WHERE id BETWEEN 9926177 AND 9927176 ORDER BY c
	Sort  (cost=4202.55..4205.23 rows=1072 width=121)
	  Sort Key: c
	  ->  Bitmap Heap Scan on sbtest6  (cost=35.42..4148.60 rows=1072 width=121)
	        Recheck Cond: ((id >= 9926177) AND (id <= 9927176))
	        ->  Bitmap Index Scan on sbtest6_pkey  (cost=0.00..35.16 rows=1072 width=0)
	              Index Cond: ((id >= 9926177) AND (id <= 9927176))

table 7 : explain SELECT c FROM sbtest7 WHERE id BETWEEN 8507046 AND 8508045 ORDER BY c
	Sort  (cost=3567.59..3569.85 rows=906 width=121)
	  Sort Key: c
	  ->  Bitmap Heap Scan on sbtest7  (cost=29.72..3523.09 rows=906 width=121)
	        Recheck Cond: ((id >= 8507046) AND (id <= 8508045))
	        ->  Bitmap Index Scan on sbtest7_pkey  (cost=0.00..29.50 rows=906 width=0)
	              Index Cond: ((id >= 8507046) AND (id <= 8508045))

table 8 : explain SELECT c FROM sbtest8 WHERE id BETWEEN 9240248 AND 9241247 ORDER BY c
	Sort  (cost=4180.31..4182.98 rows=1065 width=121)
	  Sort Key: c
	  ->  Bitmap Heap Scan on sbtest8  (cost=35.35..4126.76 rows=1065 width=121)
	        Recheck Cond: ((id >= 9240248) AND (id <= 9241247))
	        ->  Bitmap Index Scan on sbtest8_pkey  (cost=0.00..35.09 rows=1065 width=0)
	              Index Cond: ((id >= 9240248) AND (id <= 9241247))

for: order_ranges
table 1 : explain SELECT c FROM sbtest1 WHERE id BETWEEN 8459803 AND 8460802 ORDER BY c
	Sort  (cost=3935.40..3937.90 rows=1002 width=121)
	  Sort Key: c
	  ->  Bitmap Heap Scan on sbtest1  (cost=34.71..3885.45 rows=1002 width=121)
	        Recheck Cond: ((id >= 8459803) AND (id <= 8460802))
	        ->  Bitmap Index Scan on sbtest1_pkey  (cost=0.00..34.45 rows=1002 width=0)
	              Index Cond: ((id >= 8459803) AND (id <= 8460802))

table 2 : explain SELECT c FROM sbtest2 WHERE id BETWEEN 9812254 AND 9813253 ORDER BY c
	Sort  (cost=3915.31..3917.80 rows=997 width=121)
	  Sort Key: c
	  ->  Bitmap Heap Scan on sbtest2  (cost=34.65..3865.65 rows=997 width=121)
	        Recheck Cond: ((id >= 9812254) AND (id <= 9813253))
	        ->  Bitmap Index Scan on sbtest2_pkey  (cost=0.00..34.41 rows=997 width=0)
	              Index Cond: ((id >= 9812254) AND (id <= 9813253))

table 3 : explain SELECT c FROM sbtest3 WHERE id BETWEEN 5169087 AND 5170086 ORDER BY c
	Sort  (cost=3895.02..3897.49 rows=991 width=121)
	  Sort Key: c
	  ->  Bitmap Heap Scan on sbtest3  (cost=34.59..3845.70 rows=991 width=121)
	        Recheck Cond: ((id >= 5169087) AND (id <= 5170086))
	        ->  Bitmap Index Scan on sbtest3_pkey  (cost=0.00..34.34 rows=991 width=0)
	              Index Cond: ((id >= 5169087) AND (id <= 5170086))

table 4 : explain SELECT c FROM sbtest4 WHERE id BETWEEN 5811916 AND 5812915 ORDER BY c
	Sort  (cost=3920.72..3923.21 rows=997 width=121)
	  Sort Key: c
	  ->  Bitmap Heap Scan on sbtest4  (cost=34.65..3871.06 rows=997 width=121)
	        Recheck Cond: ((id >= 5811916) AND (id <= 5812915))
	        ->  Bitmap Index Scan on sbtest4_pkey  (cost=0.00..34.41 rows=997 width=0)
	              Index Cond: ((id >= 5811916) AND (id <= 5812915))

table 5 : explain SELECT c FROM sbtest5 WHERE id BETWEEN 9996710 AND 9997709 ORDER BY c
	Sort  (cost=3679.25..3681.59 rows=936 width=121)
	  Sort Key: c
	  ->  Bitmap Heap Scan on sbtest5  (cost=34.03..3633.06 rows=936 width=121)
	        Recheck Cond: ((id >= 9996710) AND (id <= 9997709))
	        ->  Bitmap Index Scan on sbtest5_pkey  (cost=0.00..33.80 rows=936 width=0)
	              Index Cond: ((id >= 9996710) AND (id <= 9997709))

table 6 : explain SELECT c FROM sbtest6 WHERE id BETWEEN 2862326 AND 2863325 ORDER BY c
	Sort  (cost=3739.35..3741.72 rows=951 width=121)
	  Sort Key: c
	  ->  Bitmap Heap Scan on sbtest6  (cost=34.18..3692.30 rows=951 width=121)
	        Recheck Cond: ((id >= 2862326) AND (id <= 2863325))
	        ->  Bitmap Index Scan on sbtest6_pkey  (cost=0.00..33.95 rows=951 width=0)
	              Index Cond: ((id >= 2862326) AND (id <= 2863325))

table 7 : explain SELECT c FROM sbtest7 WHERE id BETWEEN 6464976 AND 6465975 ORDER BY c
	Sort  (cost=4511.33..4514.21 rows=1150 width=121)
	  Sort Key: c
	  ->  Bitmap Heap Scan on sbtest7  (cost=40.22..4452.87 rows=1150 width=121)
	        Recheck Cond: ((id >= 6464976) AND (id <= 6465975))
	        ->  Bitmap Index Scan on sbtest7_pkey  (cost=0.00..39.94 rows=1150 width=0)
	              Index Cond: ((id >= 6464976) AND (id <= 6465975))

table 8 : explain SELECT c FROM sbtest8 WHERE id BETWEEN 3992693 AND 3993692 ORDER BY c
	Sort  (cost=4264.51..4267.22 rows=1087 width=121)
	  Sort Key: c
	  ->  Bitmap Heap Scan on sbtest8  (cost=35.58..4209.69 rows=1087 width=121)
	        Recheck Cond: ((id >= 3992693) AND (id <= 3993692))
	        ->  Bitmap Index Scan on sbtest8_pkey  (cost=0.00..35.31 rows=1087 width=0)
	              Index Cond: ((id >= 3992693) AND (id <= 3993692))

for: distinct_ranges
table 1 : explain SELECT DISTINCT c FROM sbtest1 WHERE id BETWEEN 4104825 AND 4105824 ORDER BY c
	Unique  (cost=4000.49..4005.59 rows=1019 width=121)
	  ->  Sort  (cost=4000.49..4003.04 rows=1019 width=121)
	        Sort Key: c
	        ->  Bitmap Heap Scan on sbtest1  (cost=34.88..3949.58 rows=1019 width=121)
	              Recheck Cond: ((id >= 4104825) AND (id <= 4105824))
	              ->  Bitmap Index Scan on sbtest1_pkey  (cost=0.00..34.62 rows=1019 width=0)
	                    Index Cond: ((id >= 4104825) AND (id <= 4105824))

table 2 : explain SELECT DISTINCT c FROM sbtest2 WHERE id BETWEEN 2581085 AND 2582084 ORDER BY c
	Unique  (cost=4144.86..4150.14 rows=1057 width=121)
	  ->  Sort  (cost=4144.86..4147.50 rows=1057 width=121)
	        Sort Key: c
	        ->  Bitmap Heap Scan on sbtest2  (cost=35.27..4091.77 rows=1057 width=121)
	              Recheck Cond: ((id >= 2581085) AND (id <= 2582084))
	              ->  Bitmap Index Scan on sbtest2_pkey  (cost=0.00..35.01 rows=1057 width=0)
	                    Index Cond: ((id >= 2581085) AND (id <= 2582084))

table 3 : explain SELECT DISTINCT c FROM sbtest3 WHERE id BETWEEN 2970369 AND 2971368 ORDER BY c
	Unique  (cost=3699.32..3704.02 rows=940 width=121)
	  ->  Sort  (cost=3699.32..3701.67 rows=940 width=121)
	        Sort Key: c
	        ->  Bitmap Heap Scan on sbtest3  (cost=34.07..3652.90 rows=940 width=121)
	              Recheck Cond: ((id >= 2970369) AND (id <= 2971368))
	              ->  Bitmap Index Scan on sbtest3_pkey  (cost=0.00..33.84 rows=940 width=0)
	                    Index Cond: ((id >= 2970369) AND (id <= 2971368))

table 4 : explain SELECT DISTINCT c FROM sbtest4 WHERE id BETWEEN 5572518 AND 5573517 ORDER BY c
	Unique  (cost=4024.29..4029.41 rows=1024 width=121)
	  ->  Sort  (cost=4024.29..4026.85 rows=1024 width=121)
	        Sort Key: c
	        ->  Bitmap Heap Scan on sbtest4  (cost=34.93..3973.09 rows=1024 width=121)
	              Recheck Cond: ((id >= 5572518) AND (id <= 5573517))
	              ->  Bitmap Index Scan on sbtest4_pkey  (cost=0.00..34.68 rows=1024 width=0)
	                    Index Cond: ((id >= 5572518) AND (id <= 5573517))

table 5 : explain SELECT DISTINCT c FROM sbtest5 WHERE id BETWEEN 9474245 AND 9475244 ORDER BY c
	Unique  (cost=4046.67..4051.83 rows=1032 width=121)
	  ->  Sort  (cost=4046.67..4049.25 rows=1032 width=121)
	        Sort Key: c
	        ->  Bitmap Heap Scan on sbtest5  (cost=35.01..3995.01 rows=1032 width=121)
	              Recheck Cond: ((id >= 9474245) AND (id <= 9475244))
	              ->  Bitmap Index Scan on sbtest5_pkey  (cost=0.00..34.76 rows=1032 width=0)
	                    Index Cond: ((id >= 9474245) AND (id <= 9475244))

table 6 : explain SELECT DISTINCT c FROM sbtest6 WHERE id BETWEEN 2357693 AND 2358692 ORDER BY c
	Unique  (cost=3930.96..3935.97 rows=1001 width=121)
	  ->  Sort  (cost=3930.96..3933.47 rows=1001 width=121)
	        Sort Key: c
	        ->  Bitmap Heap Scan on sbtest6  (cost=34.70..3881.08 rows=1001 width=121)
	              Recheck Cond: ((id >= 2357693) AND (id <= 2358692))
	              ->  Bitmap Index Scan on sbtest6_pkey  (cost=0.00..34.45 rows=1001 width=0)
	                    Index Cond: ((id >= 2357693) AND (id <= 2358692))

table 7 : explain SELECT DISTINCT c FROM sbtest7 WHERE id BETWEEN 7318270 AND 7319269 ORDER BY c
	Unique  (cost=3702.39..3707.09 rows=940 width=121)
	  ->  Sort  (cost=3702.39..3704.74 rows=940 width=121)
	        Sort Key: c
	        ->  Bitmap Heap Scan on sbtest7  (cost=34.07..3655.97 rows=940 width=121)
	              Recheck Cond: ((id >= 7318270) AND (id <= 7319269))
	              ->  Bitmap Index Scan on sbtest7_pkey  (cost=0.00..33.84 rows=940 width=0)
	                    Index Cond: ((id >= 7318270) AND (id <= 7319269))

table 8 : explain SELECT DISTINCT c FROM sbtest8 WHERE id BETWEEN 5191785 AND 5192784 ORDER BY c
	Unique  (cost=4130.54..4135.80 rows=1052 width=121)
	  ->  Sort  (cost=4130.54..4133.17 rows=1052 width=121)
	        Sort Key: c
	        ->  Bitmap Heap Scan on sbtest8  (cost=35.22..4077.73 rows=1052 width=121)
	              Recheck Cond: ((id >= 5191785) AND (id <= 5192784))
	              ->  Bitmap Index Scan on sbtest8_pkey  (cost=0.00..34.95 rows=1052 width=0)
	                    Index Cond: ((id >= 5191785) AND (id <= 5192784))

for: simple_ranges
table 1 : explain SELECT c FROM sbtest1 WHERE id BETWEEN 5339445 AND 5340444
	Bitmap Heap Scan on sbtest1  (cost=34.55..3828.84 rows=987 width=121)
	  Recheck Cond: ((id >= 5339445) AND (id <= 5340444))
	  ->  Bitmap Index Scan on sbtest1_pkey  (cost=0.00..34.31 rows=987 width=0)
	        Index Cond: ((id >= 5339445) AND (id <= 5340444))

table 2 : explain SELECT c FROM sbtest2 WHERE id BETWEEN 7523228 AND 7524227
	Bitmap Heap Scan on sbtest2  (cost=34.72..3888.29 rows=1003 width=121)
	  Recheck Cond: ((id >= 7523228) AND (id <= 7524227))
	  ->  Bitmap Index Scan on sbtest2_pkey  (cost=0.00..34.47 rows=1003 width=0)
	        Index Cond: ((id >= 7523228) AND (id <= 7524227))

table 3 : explain SELECT c FROM sbtest3 WHERE id BETWEEN 9753102 AND 9754101
	Bitmap Heap Scan on sbtest3  (cost=34.90..3958.96 rows=1021 width=121)
	  Recheck Cond: ((id >= 9753102) AND (id <= 9754101))
	  ->  Bitmap Index Scan on sbtest3_pkey  (cost=0.00..34.65 rows=1021 width=0)
	        Index Cond: ((id >= 9753102) AND (id <= 9754101))

table 4 : explain SELECT c FROM sbtest4 WHERE id BETWEEN 7852019 AND 7853018
	Bitmap Heap Scan on sbtest4  (cost=34.01..3632.65 rows=934 width=121)
	  Recheck Cond: ((id >= 7852019) AND (id <= 7853018))
	  ->  Bitmap Index Scan on sbtest4_pkey  (cost=0.00..33.78 rows=934 width=0)
	        Index Cond: ((id >= 7852019) AND (id <= 7853018))

table 5 : explain SELECT c FROM sbtest5 WHERE id BETWEEN 1393972 AND 1394971
	Bitmap Heap Scan on sbtest5  (cost=34.80..3915.93 rows=1011 width=121)
	  Recheck Cond: ((id >= 1393972) AND (id <= 1394971))
	  ->  Bitmap Index Scan on sbtest5_pkey  (cost=0.00..34.55 rows=1011 width=0)
	        Index Cond: ((id >= 1393972) AND (id <= 1394971))

table 6 : explain SELECT c FROM sbtest6 WHERE id BETWEEN 652181 AND 653180
	Bitmap Heap Scan on sbtest6  (cost=34.50..3809.38 rows=982 width=121)
	  Recheck Cond: ((id >= 652181) AND (id <= 653180))
	  ->  Bitmap Index Scan on sbtest6_pkey  (cost=0.00..34.26 rows=982 width=0)
	        Index Cond: ((id >= 652181) AND (id <= 653180))

table 7 : explain SELECT c FROM sbtest7 WHERE id BETWEEN 1468211 AND 1469210
	Bitmap Heap Scan on sbtest7  (cost=35.01..4003.99 rows=1032 width=121)
	  Recheck Cond: ((id >= 1468211) AND (id <= 1469210))
	  ->  Bitmap Index Scan on sbtest7_pkey  (cost=0.00..34.76 rows=1032 width=0)
	        Index Cond: ((id >= 1468211) AND (id <= 1469210))

table 8 : explain SELECT c FROM sbtest8 WHERE id BETWEEN 2063751 AND 2064750
	Bitmap Heap Scan on sbtest8  (cost=35.28..4100.36 rows=1058 width=121)
	  Recheck Cond: ((id >= 2063751) AND (id <= 2064750))
	  ->  Bitmap Index Scan on sbtest8_pkey  (cost=0.00..35.02 rows=1058 width=0)
	        Index Cond: ((id >= 2063751) AND (id <= 2064750))

for: sum_ranges
table 1 : explain SELECT SUM(k) FROM sbtest1 WHERE id BETWEEN 3354234 AND 3355233
	Aggregate  (cost=3729.27..3729.28 rows=1 width=8)
	  ->  Bitmap Heap Scan on sbtest1  (cost=34.28..3726.87 rows=960 width=4)
	        Recheck Cond: ((id >= 3354234) AND (id <= 3355233))
	        ->  Bitmap Index Scan on sbtest1_pkey  (cost=0.00..34.04 rows=960 width=0)
	              Index Cond: ((id >= 3354234) AND (id <= 3355233))

table 2 : explain SELECT SUM(k) FROM sbtest2 WHERE id BETWEEN 7309800 AND 7310799
	Aggregate  (cost=4007.73..4007.74 rows=1 width=8)
	  ->  Bitmap Heap Scan on sbtest2  (cost=35.03..4005.14 rows=1034 width=4)
	        Recheck Cond: ((id >= 7309800) AND (id <= 7310799))
	        ->  Bitmap Index Scan on sbtest2_pkey  (cost=0.00..34.78 rows=1034 width=0)
	              Index Cond: ((id >= 7309800) AND (id <= 7310799))

table 3 : explain SELECT SUM(k) FROM sbtest3 WHERE id BETWEEN 4694366 AND 4695365
	Aggregate  (cost=3704.46..3704.47 rows=1 width=8)
	  ->  Bitmap Heap Scan on sbtest3  (cost=34.20..3702.08 rows=953 width=4)
	        Recheck Cond: ((id >= 4694366) AND (id <= 4695365))
	        ->  Bitmap Index Scan on sbtest3_pkey  (cost=0.00..33.97 rows=953 width=0)
	              Index Cond: ((id >= 4694366) AND (id <= 4695365))

table 4 : explain SELECT SUM(k) FROM sbtest4 WHERE id BETWEEN 520246 AND 521245
	Aggregate  (cost=3733.50..3733.51 rows=1 width=8)
	  ->  Bitmap Heap Scan on sbtest4  (cost=34.28..3731.10 rows=960 width=4)
	        Recheck Cond: ((id >= 520246) AND (id <= 521245))
	        ->  Bitmap Index Scan on sbtest4_pkey  (cost=0.00..34.04 rows=960 width=0)
	              Index Cond: ((id >= 520246) AND (id <= 521245))

table 5 : explain SELECT SUM(k) FROM sbtest5 WHERE id BETWEEN 9578302 AND 9579301
	Aggregate  (cost=3831.73..3831.74 rows=1 width=8)
	  ->  Bitmap Heap Scan on sbtest5  (cost=34.56..3829.26 rows=988 width=4)
	        Recheck Cond: ((id >= 9578302) AND (id <= 9579301))
	        ->  Bitmap Index Scan on sbtest5_pkey  (cost=0.00..34.32 rows=988 width=0)
	              Index Cond: ((id >= 9578302) AND (id <= 9579301))

table 6 : explain SELECT SUM(k) FROM sbtest6 WHERE id BETWEEN 1021529 AND 1022528
	Aggregate  (cost=3834.50..3834.51 rows=1 width=8)
	  ->  Bitmap Heap Scan on sbtest6  (cost=34.56..3832.03 rows=988 width=4)
	        Recheck Cond: ((id >= 1021529) AND (id <= 1022528))
	        ->  Bitmap Index Scan on sbtest6_pkey  (cost=0.00..34.32 rows=988 width=0)
	              Index Cond: ((id >= 1021529) AND (id <= 1022528))

table 7 : explain SELECT SUM(k) FROM sbtest7 WHERE id BETWEEN 3776121 AND 3777120
	Aggregate  (cost=3972.54..3972.55 rows=1 width=8)
	  ->  Bitmap Heap Scan on sbtest7  (cost=34.92..3969.99 rows=1023 width=4)
	        Recheck Cond: ((id >= 3776121) AND (id <= 3777120))
	        ->  Bitmap Index Scan on sbtest7_pkey  (cost=0.00..34.67 rows=1023 width=0)
	              Index Cond: ((id >= 3776121) AND (id <= 3777120))

table 8 : explain SELECT SUM(k) FROM sbtest8 WHERE id BETWEEN 9412126 AND 9413125
	Aggregate  (cost=3749.14..3749.15 rows=1 width=8)
	  ->  Index Scan using sbtest8_pkey on sbtest8  (cost=0.43..3746.75 rows=956 width=4)
	        Index Cond: ((id >= 9412126) AND (id <= 9413125))

explain: for point_selects :: explain SELECT c FROM sbtest%u WHERE id=%u
explain: for point_selects :: explain SELECT c FROM sbtest%u WHERE id=%u
for: distinct_ranges
table 1 : explain SELECT DISTINCT c FROM sbtest1 WHERE id BETWEEN 9846323 AND 9847322 ORDER BY c
	Unique  (cost=3751.41..3756.18 rows=954 width=121)
	  ->  Sort  (cost=3751.41..3753.80 rows=954 width=121)
	        Sort Key: c
	        ->  Bitmap Heap Scan on sbtest1  (cost=34.21..3704.20 rows=954 width=121)
	              Recheck Cond: ((id >= 9846323) AND (id <= 9847322))
	              ->  Bitmap Index Scan on sbtest1_pkey  (cost=0.00..33.98 rows=954 width=0)
	                    Index Cond: ((id >= 9846323) AND (id <= 9847322))

table 2 : explain SELECT DISTINCT c FROM sbtest2 WHERE id BETWEEN 8578681 AND 8579680 ORDER BY c
	Unique  (cost=3850.20..3855.10 rows=980 width=121)
	  ->  Sort  (cost=3850.20..3852.65 rows=980 width=121)
	        Sort Key: c
	        ->  Bitmap Heap Scan on sbtest2  (cost=34.48..3801.51 rows=980 width=121)
	              Recheck Cond: ((id >= 8578681) AND (id <= 8579680))
	              ->  Bitmap Index Scan on sbtest2_pkey  (cost=0.00..34.23 rows=980 width=0)
	                    Index Cond: ((id >= 8578681) AND (id <= 8579680))

table 3 : explain SELECT DISTINCT c FROM sbtest3 WHERE id BETWEEN 4536151 AND 4537150 ORDER BY c
	Unique  (cost=3802.96..3807.80 rows=967 width=121)
	  ->  Sort  (cost=3802.96..3805.38 rows=967 width=121)
	        Sort Key: c
	        ->  Bitmap Heap Scan on sbtest3  (cost=34.35..3755.01 rows=967 width=121)
	              Recheck Cond: ((id >= 4536151) AND (id <= 4537150))
	              ->  Bitmap Index Scan on sbtest3_pkey  (cost=0.00..34.11 rows=967 width=0)
	                    Index Cond: ((id >= 4536151) AND (id <= 4537150))

table 4 : explain SELECT DISTINCT c FROM sbtest4 WHERE id BETWEEN 8373169 AND 8374168 ORDER BY c
	Unique  (cost=4261.80..4267.23 rows=1086 width=121)
	  ->  Sort  (cost=4261.80..4264.52 rows=1086 width=121)
	        Sort Key: c
	        ->  Bitmap Heap Scan on sbtest4  (cost=35.57..4207.04 rows=1086 width=121)
	              Recheck Cond: ((id >= 8373169) AND (id <= 8374168))
	              ->  Bitmap Index Scan on sbtest4_pkey  (cost=0.00..35.30 rows=1086 width=0)
	                    Index Cond: ((id >= 8373169) AND (id <= 8374168))

table 5 : explain SELECT DISTINCT c FROM sbtest5 WHERE id BETWEEN 7593538 AND 7594537 ORDER BY c
	Unique  (cost=3606.40..3610.99 rows=917 width=121)
	  ->  Sort  (cost=3606.40..3608.69 rows=917 width=121)
	        Sort Key: c
	        ->  Bitmap Heap Scan on sbtest5  (cost=33.83..3561.28 rows=917 width=121)
	              Recheck Cond: ((id >= 7593538) AND (id <= 7594537))
	              ->  Bitmap Index Scan on sbtest5_pkey  (cost=0.00..33.61 rows=917 width=0)
	                    Index Cond: ((id >= 7593538) AND (id <= 7594537))

table 6 : explain SELECT DISTINCT c FROM sbtest6 WHERE id BETWEEN 653010 AND 654009 ORDER BY c
	Unique  (cost=3858.18..3863.09 rows=982 width=121)
	  ->  Sort  (cost=3858.18..3860.64 rows=982 width=121)
	        Sort Key: c
	        ->  Bitmap Heap Scan on sbtest6  (cost=34.50..3809.38 rows=982 width=121)
	              Recheck Cond: ((id >= 653010) AND (id <= 654009))
	              ->  Bitmap Index Scan on sbtest6_pkey  (cost=0.00..34.26 rows=982 width=0)
	                    Index Cond: ((id >= 653010) AND (id <= 654009))

table 7 : explain SELECT DISTINCT c FROM sbtest7 WHERE id BETWEEN 421692 AND 422691 ORDER BY c
	Unique  (cost=4320.13..4325.63 rows=1100 width=121)
	  ->  Sort  (cost=4320.13..4322.88 rows=1100 width=121)
	        Sort Key: c
	        ->  Bitmap Heap Scan on sbtest7  (cost=39.71..4264.56 rows=1100 width=121)
	              Recheck Cond: ((id >= 421692) AND (id <= 422691))
	              ->  Bitmap Index Scan on sbtest7_pkey  (cost=0.00..39.44 rows=1100 width=0)
	                    Index Cond: ((id >= 421692) AND (id <= 422691))

table 8 : explain SELECT DISTINCT c FROM sbtest8 WHERE id BETWEEN 1568448 AND 1569447 ORDER BY c
	Unique  (cost=3916.67..3921.60 rows=987 width=121)
	  ->  Sort  (cost=3916.67..3919.13 rows=987 width=121)
	        Sort Key: c
	        ->  Index Scan using sbtest8_pkey on sbtest8  (cost=0.43..3867.58 rows=987 width=121)
	              Index Cond: ((id >= 1568448) AND (id <= 1569447))

for point_selects
table 1 : explain SELECT c FROM sbtest1 WHERE id=3030299
	Index Scan using sbtest1_pkey on sbtest1  (cost=0.43..8.45 rows=1 width=121)
	  Index Cond: (id = 3030299)

table 2 : explain SELECT c FROM sbtest2 WHERE id=329098
	Index Scan using sbtest2_pkey on sbtest2  (cost=0.43..8.45 rows=1 width=121)
	  Index Cond: (id = 329098)

table 3 : explain SELECT c FROM sbtest3 WHERE id=5325632
	Index Scan using sbtest3_pkey on sbtest3  (cost=0.43..8.45 rows=1 width=121)
	  Index Cond: (id = 5325632)

table 4 : explain SELECT c FROM sbtest4 WHERE id=978115
	Index Scan using sbtest4_pkey on sbtest4  (cost=0.43..8.45 rows=1 width=121)
	  Index Cond: (id = 978115)

table 5 : explain SELECT c FROM sbtest5 WHERE id=5517975
	Index Scan using sbtest5_pkey on sbtest5  (cost=0.43..8.45 rows=1 width=121)
	  Index Cond: (id = 5517975)

table 6 : explain SELECT c FROM sbtest6 WHERE id=752686
	Index Scan using sbtest6_pkey on sbtest6  (cost=0.43..8.45 rows=1 width=121)
	  Index Cond: (id = 752686)

table 7 : explain SELECT c FROM sbtest7 WHERE id=9554706
	Index Scan using sbtest7_pkey on sbtest7  (cost=0.43..8.45 rows=1 width=121)
	  Index Cond: (id = 9554706)

table 8 : explain SELECT c FROM sbtest8 WHERE id=9813470
	Index Scan using sbtest8_pkey on sbtest8  (cost=0.43..8.45 rows=1 width=121)
	  Index Cond: (id = 9813470)

for: distinct_ranges
table 1 : explain SELECT DISTINCT c FROM sbtest1 WHERE id BETWEEN 5801381 AND 5802380 ORDER BY c
	Unique  (cost=3939.23..3944.24 rows=1003 width=121)
	  ->  Sort  (cost=3939.23..3941.73 rows=1003 width=121)
	        Sort Key: c
	        ->  Bitmap Heap Scan on sbtest1  (cost=34.72..3889.23 rows=1003 width=121)
	              Recheck Cond: ((id >= 5801381) AND (id <= 5802380))
	              ->  Bitmap Index Scan on sbtest1_pkey  (cost=0.00..34.47 rows=1003 width=0)
	                    Index Cond: ((id >= 5801381) AND (id <= 5802380))

table 2 : explain SELECT DISTINCT c FROM sbtest2 WHERE id BETWEEN 1155087 AND 1156086 ORDER BY c
	Unique  (cost=4033.96..4039.10 rows=1028 width=121)
	  ->  Sort  (cost=4033.96..4036.53 rows=1028 width=121)
	        Sort Key: c
	        ->  Bitmap Heap Scan on sbtest2  (cost=34.97..3982.54 rows=1028 width=121)
	              Recheck Cond: ((id >= 1155087) AND (id <= 1156086))
	              ->  Bitmap Index Scan on sbtest2_pkey  (cost=0.00..34.72 rows=1028 width=0)
	                    Index Cond: ((id >= 1155087) AND (id <= 1156086))

table 3 : explain SELECT DISTINCT c FROM sbtest3 WHERE id BETWEEN 3542438 AND 3543437 ORDER BY c
	Unique  (cost=3822.15..3827.01 rows=972 width=121)
	  ->  Sort  (cost=3822.15..3824.58 rows=972 width=121)
	        Sort Key: c
	        ->  Bitmap Heap Scan on sbtest3  (cost=34.40..3773.91 rows=972 width=121)
	              Recheck Cond: ((id >= 3542438) AND (id <= 3543437))
	              ->  Bitmap Index Scan on sbtest3_pkey  (cost=0.00..34.16 rows=972 width=0)
	                    Index Cond: ((id >= 3542438) AND (id <= 3543437))

table 4 : explain SELECT DISTINCT c FROM sbtest4 WHERE id BETWEEN 635726 AND 636725 ORDER BY c
	Unique  (cost=3751.76..3756.52 rows=953 width=121)
	  ->  Sort  (cost=3751.76..3754.14 rows=953 width=121)
	        Sort Key: c
	        ->  Bitmap Heap Scan on sbtest4  (cost=34.20..3704.60 rows=953 width=121)
	              Recheck Cond: ((id >= 635726) AND (id <= 636725))
	              ->  Bitmap Index Scan on sbtest4_pkey  (cost=0.00..33.97 rows=953 width=0)
	                    Index Cond: ((id >= 635726) AND (id <= 636725))

table 5 : explain SELECT DISTINCT c FROM sbtest5 WHERE id BETWEEN 788696 AND 789695 ORDER BY c
	Unique  (cost=3878.41..3883.35 rows=988 width=121)
	  ->  Sort  (cost=3878.41..3880.88 rows=988 width=121)
	        Sort Key: c
	        ->  Bitmap Heap Scan on sbtest5  (cost=34.56..3829.26 rows=988 width=121)
	              Recheck Cond: ((id >= 788696) AND (id <= 789695))
	              ->  Bitmap Index Scan on sbtest5_pkey  (cost=0.00..34.32 rows=988 width=0)
	                    Index Cond: ((id >= 788696) AND (id <= 789695))

table 6 : explain SELECT DISTINCT c FROM sbtest6 WHERE id BETWEEN 8958989 AND 8959988 ORDER BY c
	Unique  (cost=3865.85..3870.77 rows=984 width=121)
	  ->  Sort  (cost=3865.85..3868.31 rows=984 width=121)
	        Sort Key: c
	        ->  Bitmap Heap Scan on sbtest6  (cost=34.52..3816.93 rows=984 width=121)
	              Recheck Cond: ((id >= 8958989) AND (id <= 8959988))
	              ->  Bitmap Index Scan on sbtest6_pkey  (cost=0.00..34.28 rows=984 width=0)
	                    Index Cond: ((id >= 8958989) AND (id <= 8959988))

table 7 : explain SELECT DISTINCT c FROM sbtest7 WHERE id BETWEEN 7265229 AND 7266228 ORDER BY c
	Unique  (cost=3702.39..3707.09 rows=940 width=121)
	  ->  Sort  (cost=3702.39..3704.74 rows=940 width=121)
	        Sort Key: c
	        ->  Bitmap Heap Scan on sbtest7  (cost=34.07..3655.97 rows=940 width=121)
	              Recheck Cond: ((id >= 7265229) AND (id <= 7266228))
	              ->  Bitmap Index Scan on sbtest7_pkey  (cost=0.00..33.84 rows=940 width=0)
	                    Index Cond: ((id >= 7265229) AND (id <= 7266228))

table 8 : explain SELECT DISTINCT c FROM sbtest8 WHERE id BETWEEN 6173594 AND 6174593 ORDER BY c
	Unique  (cost=4065.42..4070.59 rows=1035 width=121)
	  ->  Sort  (cost=4065.42..4068.00 rows=1035 width=121)
	        Sort Key: c
	        ->  Bitmap Heap Scan on sbtest8  (cost=35.04..4013.59 rows=1035 width=121)
	              Recheck Cond: ((id >= 6173594) AND (id <= 6174593))
	              ->  Bitmap Index Scan on sbtest8_pkey  (cost=0.00..34.79 rows=1035 width=0)
	                    Index Cond: ((id >= 6173594) AND (id <= 6174593))

for: order_ranges
table 1 : explain SELECT c FROM sbtest1 WHERE id BETWEEN 9306780 AND 9307779 ORDER BY c
	Sort  (cost=3590.20..3592.48 rows=912 width=121)
	  Sort Key: c
	  ->  Bitmap Heap Scan on sbtest1  (cost=33.78..3545.36 rows=912 width=121)
	        Recheck Cond: ((id >= 9306780) AND (id <= 9307779))
	        ->  Bitmap Index Scan on sbtest1_pkey  (cost=0.00..33.56 rows=912 width=0)
	              Index Cond: ((id >= 9306780) AND (id <= 9307779))

table 2 : explain SELECT c FROM sbtest2 WHERE id BETWEEN 685790 AND 686789 ORDER BY c
	Sort  (cost=4110.45..4113.07 rows=1048 width=121)
	  Sort Key: c
	  ->  Bitmap Heap Scan on sbtest2  (cost=35.18..4057.88 rows=1048 width=121)
	        Recheck Cond: ((id >= 685790) AND (id <= 686789))
	        ->  Bitmap Index Scan on sbtest2_pkey  (cost=0.00..34.92 rows=1048 width=0)
	              Index Cond: ((id >= 685790) AND (id <= 686789))

table 3 : explain SELECT c FROM sbtest3 WHERE id BETWEEN 2481729 AND 2482728 ORDER BY c
	Sort  (cost=3948.68..3951.19 rows=1005 width=121)
	  Sort Key: c
	  ->  Bitmap Heap Scan on sbtest3  (cost=34.74..3898.57 rows=1005 width=121)
	        Recheck Cond: ((id >= 2481729) AND (id <= 2482728))
	        ->  Bitmap Index Scan on sbtest3_pkey  (cost=0.00..34.48 rows=1005 width=0)
	              Index Cond: ((id >= 2481729) AND (id <= 2482728))

table 4 : explain SELECT c FROM sbtest4 WHERE id BETWEEN 9604666 AND 9605665 ORDER BY c
	Sort  (cost=3859.30..3861.76 rows=981 width=121)
	  Sort Key: c
	  ->  Bitmap Heap Scan on sbtest4  (cost=34.49..3810.56 rows=981 width=121)
	        Recheck Cond: ((id >= 9604666) AND (id <= 9605665))
	        ->  Bitmap Index Scan on sbtest4_pkey  (cost=0.00..34.25 rows=981 width=0)
	              Index Cond: ((id >= 9604666) AND (id <= 9605665))

table 5 : explain SELECT c FROM sbtest5 WHERE id BETWEEN 392232 AND 393231 ORDER BY c
	Sort  (cost=3985.51..3988.05 rows=1016 width=121)
	  Sort Key: c
	  ->  Bitmap Heap Scan on sbtest5  (cost=34.85..3934.77 rows=1016 width=121)
	        Recheck Cond: ((id >= 392232) AND (id <= 393231))
	        ->  Bitmap Index Scan on sbtest5_pkey  (cost=0.00..34.59 rows=1016 width=0)
	              Index Cond: ((id >= 392232) AND (id <= 393231))

table 6 : explain SELECT c FROM sbtest6 WHERE id BETWEEN 2955510 AND 2956509 ORDER BY c
	Sort  (cost=3980.74..3983.27 rows=1014 width=121)
	  Sort Key: c
	  ->  Bitmap Heap Scan on sbtest6  (cost=34.83..3930.11 rows=1014 width=121)
	        Recheck Cond: ((id >= 2955510) AND (id <= 2956509))
	        ->  Bitmap Index Scan on sbtest6_pkey  (cost=0.00..34.58 rows=1014 width=0)
	              Index Cond: ((id >= 2955510) AND (id <= 2956509))

table 7 : explain SELECT c FROM sbtest7 WHERE id BETWEEN 6292360 AND 6293359 ORDER BY c
	Sort  (cost=4139.97..4142.61 rows=1054 width=121)
	  Sort Key: c
	  ->  Bitmap Heap Scan on sbtest7  (cost=35.24..4087.05 rows=1054 width=121)
	        Recheck Cond: ((id >= 6292360) AND (id <= 6293359))
	        ->  Bitmap Index Scan on sbtest7_pkey  (cost=0.00..34.98 rows=1054 width=0)
	              Index Cond: ((id >= 6292360) AND (id <= 6293359))

table 8 : explain SELECT c FROM sbtest8 WHERE id BETWEEN 976384 AND 977383 ORDER BY c
	Sort  (cost=4023.26..4025.82 rows=1024 width=121)
	  Sort Key: c
	  ->  Bitmap Heap Scan on sbtest8  (cost=34.93..3972.06 rows=1024 width=121)
	        Recheck Cond: ((id >= 976384) AND (id <= 977383))
	        ->  Bitmap Index Scan on sbtest8_pkey  (cost=0.00..34.68 rows=1024 width=0)
	              Index Cond: ((id >= 976384) AND (id <= 977383))

for: sum_ranges
table 1 : explain SELECT SUM(k) FROM sbtest1 WHERE id BETWEEN 1556531 AND 1557530
	Aggregate  (cost=3872.86..3872.87 rows=1 width=8)
	  ->  Bitmap Heap Scan on sbtest1  (cost=34.66..3870.36 rows=998 width=4)
	        Recheck Cond: ((id >= 1556531) AND (id <= 1557530))
	        ->  Bitmap Index Scan on sbtest1_pkey  (cost=0.00..34.42 rows=998 width=0)
	              Index Cond: ((id >= 1556531) AND (id <= 1557530))

table 2 : explain SELECT SUM(k) FROM sbtest2 WHERE id BETWEEN 2303557 AND 2304556
	Aggregate  (cost=3815.29..3815.30 rows=1 width=8)
	  ->  Bitmap Heap Scan on sbtest2  (cost=34.51..3812.83 rows=983 width=4)
	        Recheck Cond: ((id >= 2303557) AND (id <= 2304556))
	        ->  Bitmap Index Scan on sbtest2_pkey  (cost=0.00..34.27 rows=983 width=0)
	              Index Cond: ((id >= 2303557) AND (id <= 2304556))

table 3 : explain SELECT SUM(k) FROM sbtest3 WHERE id BETWEEN 9946372 AND 9947371
	Aggregate  (cost=3590.87..3590.88 rows=1 width=8)
	  ->  Bitmap Heap Scan on sbtest3  (cost=33.90..3588.56 rows=923 width=4)
	        Recheck Cond: ((id >= 9946372) AND (id <= 9947371))
	        ->  Bitmap Index Scan on sbtest3_pkey  (cost=0.00..33.67 rows=923 width=0)
	              Index Cond: ((id >= 9946372) AND (id <= 9947371))

table 4 : explain SELECT SUM(k) FROM sbtest4 WHERE id BETWEEN 2701644 AND 2702643
	Aggregate  (cost=3839.50..3839.51 rows=1 width=8)
	  ->  Bitmap Heap Scan on sbtest4  (cost=34.56..3837.03 rows=988 width=4)
	        Recheck Cond: ((id >= 2701644) AND (id <= 2702643))
	        ->  Bitmap Index Scan on sbtest4_pkey  (cost=0.00..34.32 rows=988 width=0)
	              Index Cond: ((id >= 2701644) AND (id <= 2702643))

table 5 : explain SELECT SUM(k) FROM sbtest5 WHERE id BETWEEN 4988853 AND 4989852
	Aggregate  (cost=3929.77..3929.78 rows=1 width=8)
	  ->  Bitmap Heap Scan on sbtest5  (cost=34.83..3927.23 rows=1014 width=4)
	        Recheck Cond: ((id >= 4988853) AND (id <= 4989852))
	        ->  Bitmap Index Scan on sbtest5_pkey  (cost=0.00..34.58 rows=1014 width=0)
	              Index Cond: ((id >= 4988853) AND (id <= 4989852))

table 6 : explain SELECT SUM(k) FROM sbtest6 WHERE id BETWEEN 9788280 AND 9789279
	Aggregate  (cost=3966.60..3966.61 rows=1 width=8)
	  ->  Bitmap Heap Scan on sbtest6  (cost=34.92..3964.04 rows=1023 width=4)
	        Recheck Cond: ((id >= 9788280) AND (id <= 9789279))
	        ->  Bitmap Index Scan on sbtest6_pkey  (cost=0.00..34.67 rows=1023 width=0)
	              Index Cond: ((id >= 9788280) AND (id <= 9789279))

table 7 : explain SELECT SUM(k) FROM sbtest7 WHERE id BETWEEN 6714393 AND 6715392
	Aggregate  (cost=3438.02..3438.03 rows=1 width=8)
	  ->  Bitmap Heap Scan on sbtest7  (cost=29.49..3435.82 rows=883 width=4)
	        Recheck Cond: ((id >= 6714393) AND (id <= 6715392))
	        ->  Bitmap Index Scan on sbtest7_pkey  (cost=0.00..29.26 rows=883 width=0)
	              Index Cond: ((id >= 6714393) AND (id <= 6715392))

table 8 : explain SELECT SUM(k) FROM sbtest8 WHERE id BETWEEN 1314432 AND 1315431
	Aggregate  (cost=3858.35..3858.36 rows=1 width=8)
	  ->  Index Scan using sbtest8_pkey on sbtest8  (cost=0.43..3855.89 rows=984 width=4)
	        Index Cond: ((id >= 1314432) AND (id <= 1315431))

for point_selects
table 1 : explain SELECT c FROM sbtest1 WHERE id=4297091
	Index Scan using sbtest1_pkey on sbtest1  (cost=0.43..8.45 rows=1 width=121)
	  Index Cond: (id = 4297091)

table 2 : explain SELECT c FROM sbtest2 WHERE id=3715706
	Index Scan using sbtest2_pkey on sbtest2  (cost=0.43..8.45 rows=1 width=121)
	  Index Cond: (id = 3715706)

table 3 : explain SELECT c FROM sbtest3 WHERE id=9636669
	Index Scan using sbtest3_pkey on sbtest3  (cost=0.43..8.45 rows=1 width=121)
	  Index Cond: (id = 9636669)

table 4 : explain SELECT c FROM sbtest4 WHERE id=265237
	Index Scan using sbtest4_pkey on sbtest4  (cost=0.43..8.45 rows=1 width=121)
	  Index Cond: (id = 265237)

table 5 : explain SELECT c FROM sbtest5 WHERE id=5051379
	Index Scan using sbtest5_pkey on sbtest5  (cost=0.43..8.45 rows=1 width=121)
	  Index Cond: (id = 5051379)

table 6 : explain SELECT c FROM sbtest6 WHERE id=6695116
	Index Scan using sbtest6_pkey on sbtest6  (cost=0.43..8.45 rows=1 width=121)
	  Index Cond: (id = 6695116)

table 7 : explain SELECT c FROM sbtest7 WHERE id=667989
	Index Scan using sbtest7_pkey on sbtest7  (cost=0.43..8.45 rows=1 width=121)
	  Index Cond: (id = 667989)

table 8 : explain SELECT c FROM sbtest8 WHERE id=7188410
	Index Scan using sbtest8_pkey on sbtest8  (cost=0.43..8.45 rows=1 width=121)
	  Index Cond: (id = 7188410)

for: simple_ranges
table 1 : explain SELECT c FROM sbtest1 WHERE id BETWEEN 2977399 AND 2978398
	Bitmap Heap Scan on sbtest1  (cost=34.83..3930.72 rows=1014 width=121)
	  Recheck Cond: ((id >= 2977399) AND (id <= 2978398))
	  ->  Bitmap Index Scan on sbtest1_pkey  (cost=0.00..34.58 rows=1014 width=0)
	        Index Cond: ((id >= 2977399) AND (id <= 2978398))

table 2 : explain SELECT c FROM sbtest2 WHERE id BETWEEN 3650702 AND 3651701
	Bitmap Heap Scan on sbtest2  (cost=34.92..3963.69 rows=1023 width=121)
	  Recheck Cond: ((id >= 3650702) AND (id <= 3651701))
	  ->  Bitmap Index Scan on sbtest2_pkey  (cost=0.00..34.67 rows=1023 width=0)
	        Index Cond: ((id >= 3650702) AND (id <= 3651701))

table 3 : explain SELECT c FROM sbtest3 WHERE id BETWEEN 8533897 AND 8534896
	Bitmap Heap Scan on sbtest3  (cost=34.79..3917.44 rows=1010 width=121)
	  Recheck Cond: ((id >= 8533897) AND (id <= 8534896))
	  ->  Bitmap Index Scan on sbtest3_pkey  (cost=0.00..34.54 rows=1010 width=0)
	        Index Cond: ((id >= 8533897) AND (id <= 8534896))

table 4 : explain SELECT c FROM sbtest4 WHERE id BETWEEN 1394422 AND 1395421
	Bitmap Heap Scan on sbtest4  (cost=29.43..3416.30 rows=878 width=121)
	  Recheck Cond: ((id >= 1394422) AND (id <= 1395421))
	  ->  Bitmap Index Scan on sbtest4_pkey  (cost=0.00..29.21 rows=878 width=0)
	        Index Cond: ((id >= 1394422) AND (id <= 1395421))

table 5 : explain SELECT c FROM sbtest5 WHERE id BETWEEN 5080951 AND 5081950
	Bitmap Heap Scan on sbtest5  (cost=34.87..3942.30 rows=1018 width=121)
	  Recheck Cond: ((id >= 5080951) AND (id <= 5081950))
	  ->  Bitmap Index Scan on sbtest5_pkey  (cost=0.00..34.62 rows=1018 width=0)
	        Index Cond: ((id >= 5080951) AND (id <= 5081950))

table 6 : explain SELECT c FROM sbtest6 WHERE id BETWEEN 1803543 AND 1804542
	Bitmap Heap Scan on sbtest6  (cost=34.24..3714.97 rows=957 width=121)
	  Recheck Cond: ((id >= 1803543) AND (id <= 1804542))
	  ->  Bitmap Index Scan on sbtest6_pkey  (cost=0.00..34.01 rows=957 width=0)
	        Index Cond: ((id >= 1803543) AND (id <= 1804542))

table 7 : explain SELECT c FROM sbtest7 WHERE id BETWEEN 1697964 AND 1698963
	Bitmap Heap Scan on sbtest7  (cost=34.26..3727.93 rows=959 width=121)
	  Recheck Cond: ((id >= 1697964) AND (id <= 1698963))
	  ->  Bitmap Index Scan on sbtest7_pkey  (cost=0.00..34.03 rows=959 width=0)
	        Index Cond: ((id >= 1697964) AND (id <= 1698963))

table 8 : explain SELECT c FROM sbtest8 WHERE id BETWEEN 5511972 AND 5512971
	Index Scan using sbtest8_pkey on sbtest8  (cost=0.43..3777.96 rows=964 width=121)
	  Index Cond: ((id >= 5511972) AND (id <= 5512971))

for: order_ranges
table 1 : explain SELECT c FROM sbtest1 WHERE id BETWEEN 3981480 AND 3982479 ORDER BY c
	Sort  (cost=3678.51..3680.85 rows=935 width=121)
	  Sort Key: c
	  ->  Bitmap Heap Scan on sbtest1  (cost=34.02..3632.37 rows=935 width=121)
	        Recheck Cond: ((id >= 3981480) AND (id <= 3982479))
	        ->  Bitmap Index Scan on sbtest1_pkey  (cost=0.00..33.79 rows=935 width=0)
	              Index Cond: ((id >= 3981480) AND (id <= 3982479))

table 2 : explain SELECT c FROM sbtest2 WHERE id BETWEEN 8227392 AND 8228391 ORDER BY c
	Sort  (cost=4026.31..4028.88 rows=1026 width=121)
	  Sort Key: c
	  ->  Bitmap Heap Scan on sbtest2  (cost=34.95..3975.00 rows=1026 width=121)
	        Recheck Cond: ((id >= 8227392) AND (id <= 8228391))
	        ->  Bitmap Index Scan on sbtest2_pkey  (cost=0.00..34.70 rows=1026 width=0)
	              Index Cond: ((id >= 8227392) AND (id <= 8228391))

table 3 : explain SELECT c FROM sbtest3 WHERE id BETWEEN 7445062 AND 7446061 ORDER BY c
	Sort  (cost=3864.34..3866.80 rows=983 width=121)
	  Sort Key: c
	  ->  Bitmap Heap Scan on sbtest3  (cost=34.51..3815.48 rows=983 width=121)
	        Recheck Cond: ((id >= 7445062) AND (id <= 7446061))
	        ->  Bitmap Index Scan on sbtest3_pkey  (cost=0.00..34.27 rows=983 width=0)
	              Index Cond: ((id >= 7445062) AND (id <= 7446061))

table 4 : explain SELECT c FROM sbtest4 WHERE id BETWEEN 8669475 AND 8670474 ORDER BY c
	Sort  (cost=3728.70..3731.07 rows=947 width=121)
	  Sort Key: c
	  ->  Bitmap Heap Scan on sbtest4  (cost=34.14..3681.88 rows=947 width=121)
	        Recheck Cond: ((id >= 8669475) AND (id <= 8670474))
	        ->  Bitmap Index Scan on sbtest4_pkey  (cost=0.00..33.91 rows=947 width=0)
	              Index Cond: ((id >= 8669475) AND (id <= 8670474))

table 5 : explain SELECT c FROM sbtest5 WHERE id BETWEEN 2322647 AND 2323646 ORDER BY c
	Sort  (cost=3617.91..3620.21 rows=920 width=121)
	  Sort Key: c
	  ->  Bitmap Heap Scan on sbtest5  (cost=33.87..3572.62 rows=920 width=121)
	        Recheck Cond: ((id >= 2322647) AND (id <= 2323646))
	        ->  Bitmap Index Scan on sbtest5_pkey  (cost=0.00..33.64 rows=920 width=0)
	              Index Cond: ((id >= 2322647) AND (id <= 2323646))

table 6 : explain SELECT c FROM sbtest6 WHERE id BETWEEN 9797554 AND 9798553 ORDER BY c
	Sort  (cost=4015.18..4017.74 rows=1023 width=121)
	  Sort Key: c
	  ->  Bitmap Heap Scan on sbtest6  (cost=34.92..3964.04 rows=1023 width=121)
	        Recheck Cond: ((id >= 9797554) AND (id <= 9798553))
	        ->  Bitmap Index Scan on sbtest6_pkey  (cost=0.00..34.67 rows=1023 width=0)
	              Index Cond: ((id >= 9797554) AND (id <= 9798553))

table 7 : explain SELECT c FROM sbtest7 WHERE id BETWEEN 9148771 AND 9149770 ORDER BY c
	Sort  (cost=3660.08..3662.41 rows=929 width=121)
	  Sort Key: c
	  ->  Bitmap Heap Scan on sbtest7  (cost=33.96..3614.29 rows=929 width=121)
	        Recheck Cond: ((id >= 9148771) AND (id <= 9149770))
	        ->  Bitmap Index Scan on sbtest7_pkey  (cost=0.00..33.73 rows=929 width=0)
	              Index Cond: ((id >= 9148771) AND (id <= 9149770))

table 8 : explain SELECT c FROM sbtest8 WHERE id BETWEEN 6314623 AND 6315622 ORDER BY c
	Sort  (cost=3888.99..3891.44 rows=980 width=121)
	  Sort Key: c
	  ->  Index Scan using sbtest8_pkey on sbtest8  (cost=0.43..3840.30 rows=980 width=121)
	        Index Cond: ((id >= 6314623) AND (id <= 6315622))

for point_selects
table 1 : explain SELECT c FROM sbtest1 WHERE id=8895630
	Index Scan using sbtest1_pkey on sbtest1  (cost=0.43..8.45 rows=1 width=121)
	  Index Cond: (id = 8895630)

table 2 : explain SELECT c FROM sbtest2 WHERE id=4046357
	Index Scan using sbtest2_pkey on sbtest2  (cost=0.43..8.45 rows=1 width=121)
	  Index Cond: (id = 4046357)

table 3 : explain SELECT c FROM sbtest3 WHERE id=5901785
	Index Scan using sbtest3_pkey on sbtest3  (cost=0.43..8.45 rows=1 width=121)
	  Index Cond: (id = 5901785)

table 4 : explain SELECT c FROM sbtest4 WHERE id=2405253
	Index Scan using sbtest4_pkey on sbtest4  (cost=0.43..8.45 rows=1 width=121)
	  Index Cond: (id = 2405253)

table 5 : explain SELECT c FROM sbtest5 WHERE id=7344364
	Index Scan using sbtest5_pkey on sbtest5  (cost=0.43..8.45 rows=1 width=121)
	  Index Cond: (id = 7344364)

table 6 : explain SELECT c FROM sbtest6 WHERE id=2634549
	Index Scan using sbtest6_pkey on sbtest6  (cost=0.43..8.45 rows=1 width=121)
	  Index Cond: (id = 2634549)

table 7 : explain SELECT c FROM sbtest7 WHERE id=29118
	Index Scan using sbtest7_pkey on sbtest7  (cost=0.43..8.45 rows=1 width=121)
	  Index Cond: (id = 29118)

table 8 : explain SELECT c FROM sbtest8 WHERE id=9866595
	Index Scan using sbtest8_pkey on sbtest8  (cost=0.43..8.45 rows=1 width=121)
	  Index Cond: (id = 9866595)

for point_selects
table 1 : explain SELECT c FROM sbtest1 WHERE id=8036090
	Index Scan using sbtest1_pkey on sbtest1  (cost=0.43..8.45 rows=1 width=121)
	  Index Cond: (id = 8036090)

table 2 : explain SELECT c FROM sbtest2 WHERE id=2516019
	Index Scan using sbtest2_pkey on sbtest2  (cost=0.43..8.45 rows=1 width=121)
	  Index Cond: (id = 2516019)

table 3 : explain SELECT c FROM sbtest3 WHERE id=3597586
	Index Scan using sbtest3_pkey on sbtest3  (cost=0.43..8.45 rows=1 width=121)
	  Index Cond: (id = 3597586)

table 4 : explain SELECT c FROM sbtest4 WHERE id=2066741
	Index Scan using sbtest4_pkey on sbtest4  (cost=0.43..8.45 rows=1 width=121)
	  Index Cond: (id = 2066741)

table 5 : explain SELECT c FROM sbtest5 WHERE id=4111701
	Index Scan using sbtest5_pkey on sbtest5  (cost=0.43..8.45 rows=1 width=121)
	  Index Cond: (id = 4111701)

table 6 : explain SELECT c FROM sbtest6 WHERE id=571181
	Index Scan using sbtest6_pkey on sbtest6  (cost=0.43..8.45 rows=1 width=121)
	  Index Cond: (id = 571181)

table 7 : explain SELECT c FROM sbtest7 WHERE id=1637902
	Index Scan using sbtest7_pkey on sbtest7  (cost=0.43..8.45 rows=1 width=121)
	  Index Cond: (id = 1637902)

table 8 : explain SELECT c FROM sbtest8 WHERE id=604190
	Index Scan using sbtest8_pkey on sbtest8  (cost=0.43..8.45 rows=1 width=121)
	  Index Cond: (id = 604190)

for: order_ranges
table 1 : explain SELECT c FROM sbtest1 WHERE id BETWEEN 2483252 AND 2484251 ORDER BY c
	Sort  (cost=3885.60..3888.07 rows=989 width=121)
	  Sort Key: c
	  ->  Bitmap Heap Scan on sbtest1  (cost=34.57..3836.39 rows=989 width=121)
	        Recheck Cond: ((id >= 2483252) AND (id <= 2484251))
	        ->  Bitmap Index Scan on sbtest1_pkey  (cost=0.00..34.33 rows=989 width=0)
	              Index Cond: ((id >= 2483252) AND (id <= 2484251))

table 2 : explain SELECT c FROM sbtest2 WHERE id BETWEEN 2346660 AND 2347659 ORDER BY c
	Sort  (cost=4018.66..4021.22 rows=1024 width=121)
	  Sort Key: c
	  ->  Bitmap Heap Scan on sbtest2  (cost=34.93..3967.46 rows=1024 width=121)
	        Recheck Cond: ((id >= 2346660) AND (id <= 2347659))
	        ->  Bitmap Index Scan on sbtest2_pkey  (cost=0.00..34.68 rows=1024 width=0)
	              Index Cond: ((id >= 2346660) AND (id <= 2347659))

table 3 : explain SELECT c FROM sbtest3 WHERE id BETWEEN 9519244 AND 9520243 ORDER BY c
	Sort  (cost=3768.42..3770.82 rows=958 width=121)
	  Sort Key: c
	  ->  Bitmap Heap Scan on sbtest3  (cost=34.25..3720.99 rows=958 width=121)
	        Recheck Cond: ((id >= 9519244) AND (id <= 9520243))
	        ->  Bitmap Index Scan on sbtest3_pkey  (cost=0.00..34.02 rows=958 width=0)
	              Index Cond: ((id >= 9519244) AND (id <= 9520243))

table 4 : explain SELECT c FROM sbtest4 WHERE id BETWEEN 8675362 AND 8676361 ORDER BY c
	Sort  (cost=3728.70..3731.07 rows=947 width=121)
	  Sort Key: c
	  ->  Bitmap Heap Scan on sbtest4  (cost=34.14..3681.88 rows=947 width=121)
	        Recheck Cond: ((id >= 8675362) AND (id <= 8676361))
	        ->  Bitmap Index Scan on sbtest4_pkey  (cost=0.00..33.91 rows=947 width=0)
	              Index Cond: ((id >= 8675362) AND (id <= 8676361))

table 5 : explain SELECT c FROM sbtest5 WHERE id BETWEEN 7673343 AND 7674342 ORDER BY c
	Sort  (cost=4054.31..4056.89 rows=1034 width=121)
	  Sort Key: c
	  ->  Bitmap Heap Scan on sbtest5  (cost=35.03..4002.54 rows=1034 width=121)
	        Recheck Cond: ((id >= 7673343) AND (id <= 7674342))
	        ->  Bitmap Index Scan on sbtest5_pkey  (cost=0.00..34.78 rows=1034 width=0)
	              Index Cond: ((id >= 7673343) AND (id <= 7674342))

table 6 : explain SELECT c FROM sbtest6 WHERE id BETWEEN 4101993 AND 4102992 ORDER BY c
	Sort  (cost=3793.03..3795.44 rows=965 width=121)
	  Sort Key: c
	  ->  Bitmap Heap Scan on sbtest6  (cost=34.33..3745.19 rows=965 width=121)
	        Recheck Cond: ((id >= 4101993) AND (id <= 4102992))
	        ->  Bitmap Index Scan on sbtest6_pkey  (cost=0.00..34.09 rows=965 width=0)
	              Index Cond: ((id >= 4101993) AND (id <= 4102992))

table 7 : explain SELECT c FROM sbtest7 WHERE id BETWEEN 961815 AND 962814 ORDER BY c
	Sort  (cost=3683.16..3685.50 rows=935 width=121)
	  Sort Key: c
	  ->  Bitmap Heap Scan on sbtest7  (cost=34.02..3637.02 rows=935 width=121)
	        Recheck Cond: ((id >= 961815) AND (id <= 962814))
	        ->  Bitmap Index Scan on sbtest7_pkey  (cost=0.00..33.79 rows=935 width=0)
	              Index Cond: ((id >= 961815) AND (id <= 962814))

table 8 : explain SELECT c FROM sbtest8 WHERE id BETWEEN 5189120 AND 5190119 ORDER BY c
	Sort  (cost=4130.54..4133.17 rows=1052 width=121)
	  Sort Key: c
	  ->  Bitmap Heap Scan on sbtest8  (cost=35.22..4077.73 rows=1052 width=121)
	        Recheck Cond: ((id >= 5189120) AND (id <= 5190119))
	        ->  Bitmap Index Scan on sbtest8_pkey  (cost=0.00..34.95 rows=1052 width=0)
	              Index Cond: ((id >= 5189120) AND (id <= 5190119))

for: order_ranges
table 1 : explain SELECT c FROM sbtest1 WHERE id BETWEEN 5157850 AND 5158849 ORDER BY c
	Sort  (cost=3762.92..3765.31 rows=957 width=121)
	  Sort Key: c
	  ->  Bitmap Heap Scan on sbtest1  (cost=34.24..3715.54 rows=957 width=121)
	        Recheck Cond: ((id >= 5157850) AND (id <= 5158849))
	        ->  Bitmap Index Scan on sbtest1_pkey  (cost=0.00..34.01 rows=957 width=0)
	              Index Cond: ((id >= 5157850) AND (id <= 5158849))

table 2 : explain SELECT c FROM sbtest2 WHERE id BETWEEN 2206342 AND 2207341 ORDER BY c
	Sort  (cost=3643.12..3645.44 rows=926 width=121)
	  Sort Key: c
	  ->  Bitmap Heap Scan on sbtest2  (cost=33.93..3597.50 rows=926 width=121)
	        Recheck Cond: ((id >= 2206342) AND (id <= 2207341))
	        ->  Bitmap Index Scan on sbtest2_pkey  (cost=0.00..33.70 rows=926 width=0)
	              Index Cond: ((id >= 2206342) AND (id <= 2207341))

table 3 : explain SELECT c FROM sbtest3 WHERE id BETWEEN 9604991 AND 9605990 ORDER BY c
	Sort  (cost=3990.83..3993.37 rows=1016 width=121)
	  Sort Key: c
	  ->  Bitmap Heap Scan on sbtest3  (cost=34.85..3940.09 rows=1016 width=121)
	        Recheck Cond: ((id >= 9604991) AND (id <= 9605990))
	        ->  Bitmap Index Scan on sbtest3_pkey  (cost=0.00..34.59 rows=1016 width=0)
	              Index Cond: ((id >= 9604991) AND (id <= 9605990))

table 4 : explain SELECT c FROM sbtest4 WHERE id BETWEEN 3776730 AND 3777729 ORDER BY c
	Sort  (cost=4108.62..4111.23 rows=1046 width=121)
	  Sort Key: c
	  ->  Bitmap Heap Scan on sbtest4  (cost=35.16..4056.16 rows=1046 width=121)
	        Recheck Cond: ((id >= 3776730) AND (id <= 3777729))
	        ->  Bitmap Index Scan on sbtest4_pkey  (cost=0.00..34.90 rows=1046 width=0)
	              Index Cond: ((id >= 3776730) AND (id <= 3777729))

table 5 : explain SELECT c FROM sbtest5 WHERE id BETWEEN 1220195 AND 1221194 ORDER BY c
	Sort  (cost=3886.06..3888.54 rows=990 width=121)
	  Sort Key: c
	  ->  Bitmap Heap Scan on sbtest5  (cost=34.58..3836.80 rows=990 width=121)
	        Recheck Cond: ((id >= 1220195) AND (id <= 1221194))
	        ->  Bitmap Index Scan on sbtest5_pkey  (cost=0.00..34.34 rows=990 width=0)
	              Index Cond: ((id >= 1220195) AND (id <= 1221194))

table 6 : explain SELECT c FROM sbtest6 WHERE id BETWEEN 6711225 AND 6712224 ORDER BY c
	Sort  (cost=3877.34..3879.81 rows=987 width=121)
	  Sort Key: c
	  ->  Bitmap Heap Scan on sbtest6  (cost=34.55..3828.25 rows=987 width=121)
	        Recheck Cond: ((id >= 6711225) AND (id <= 6712224))
	        ->  Bitmap Index Scan on sbtest6_pkey  (cost=0.00..34.31 rows=987 width=0)
	              Index Cond: ((id >= 6711225) AND (id <= 6712224))

table 7 : explain SELECT c FROM sbtest7 WHERE id BETWEEN 8648314 AND 8649313 ORDER BY c
	Sort  (cost=4040.30..4042.87 rows=1028 width=121)
	  Sort Key: c
	  ->  Bitmap Heap Scan on sbtest7  (cost=34.97..3988.88 rows=1028 width=121)
	        Recheck Cond: ((id >= 8648314) AND (id <= 8649313))
	        ->  Bitmap Index Scan on sbtest7_pkey  (cost=0.00..34.72 rows=1028 width=0)
	              Index Cond: ((id >= 8648314) AND (id <= 8649313))

table 8 : explain SELECT c FROM sbtest8 WHERE id BETWEEN 5061840 AND 5062839 ORDER BY c
	Sort  (cost=3667.55..3669.86 rows=924 width=121)
	  Sort Key: c
	  ->  Index Scan using sbtest8_pkey on sbtest8  (cost=0.43..3622.03 rows=924 width=121)
	        Index Cond: ((id >= 5061840) AND (id <= 5062839))

for: order_ranges
table 1 : explain SELECT c FROM sbtest1 WHERE id BETWEEN 3452765 AND 3453764 ORDER BY c
	Sort  (cost=3920.08..3922.57 rows=998 width=121)
	  Sort Key: c
	  ->  Bitmap Heap Scan on sbtest1  (cost=34.66..3870.36 rows=998 width=121)
	        Recheck Cond: ((id >= 3452765) AND (id <= 3453764))
	        ->  Bitmap Index Scan on sbtest1_pkey  (cost=0.00..34.42 rows=998 width=0)
	              Index Cond: ((id >= 3452765) AND (id <= 3453764))

table 2 : explain SELECT c FROM sbtest2 WHERE id BETWEEN 735409 AND 736408 ORDER BY c
	Sort  (cost=3877.01..3879.48 rows=987 width=121)
	  Sort Key: c
	  ->  Bitmap Heap Scan on sbtest2  (cost=34.55..3827.93 rows=987 width=121)
	        Recheck Cond: ((id >= 735409) AND (id <= 736408))
	        ->  Bitmap Index Scan on sbtest2_pkey  (cost=0.00..34.31 rows=987 width=0)
	              Index Cond: ((id >= 735409) AND (id <= 736408))

table 3 : explain SELECT c FROM sbtest3 WHERE id BETWEEN 7512853 AND 7513852 ORDER BY c
	Sort  (cost=4121.02..4123.65 rows=1050 width=121)
	  Sort Key: c
	  ->  Bitmap Heap Scan on sbtest3  (cost=35.20..4068.33 rows=1050 width=121)
	        Recheck Cond: ((id >= 7512853) AND (id <= 7513852))
	        ->  Bitmap Index Scan on sbtest3_pkey  (cost=0.00..34.94 rows=1050 width=0)
	              Index Cond: ((id >= 7512853) AND (id <= 7513852))

table 4 : explain SELECT c FROM sbtest4 WHERE id BETWEEN 9219622 AND 9220621 ORDER BY c
	Sort  (cost=3843.95..3846.39 rows=977 width=121)
	  Sort Key: c
	  ->  Bitmap Heap Scan on sbtest4  (cost=34.45..3795.43 rows=977 width=121)
	        Recheck Cond: ((id >= 9219622) AND (id <= 9220621))
	        ->  Bitmap Index Scan on sbtest4_pkey  (cost=0.00..34.20 rows=977 width=0)
	              Index Cond: ((id >= 9219622) AND (id <= 9220621))

table 5 : explain SELECT c FROM sbtest5 WHERE id BETWEEN 4172662 AND 4173661 ORDER BY c
	Sort  (cost=3851.62..3854.07 rows=981 width=121)
	  Sort Key: c
	  ->  Bitmap Heap Scan on sbtest5  (cost=34.49..3802.87 rows=981 width=121)
	        Recheck Cond: ((id >= 4172662) AND (id <= 4173661))
	        ->  Bitmap Index Scan on sbtest5_pkey  (cost=0.00..34.25 rows=981 width=0)
	              Index Cond: ((id >= 4172662) AND (id <= 4173661))

table 6 : explain SELECT c FROM sbtest6 WHERE id BETWEEN 8714691 AND 8715690 ORDER BY c
	Sort  (cost=3842.86..3845.30 rows=978 width=121)
	  Sort Key: c
	  ->  Bitmap Heap Scan on sbtest6  (cost=34.46..3794.28 rows=978 width=121)
	        Recheck Cond: ((id >= 8714691) AND (id <= 8715690))
	        ->  Bitmap Index Scan on sbtest6_pkey  (cost=0.00..34.22 rows=978 width=0)
	              Index Cond: ((id >= 8714691) AND (id <= 8715690))

table 7 : explain SELECT c FROM sbtest7 WHERE id BETWEEN 1064199 AND 1065198 ORDER BY c
	Sort  (cost=3683.16..3685.50 rows=935 width=121)
	  Sort Key: c
	  ->  Bitmap Heap Scan on sbtest7  (cost=34.02..3637.02 rows=935 width=121)
	        Recheck Cond: ((id >= 1064199) AND (id <= 1065198))
	        ->  Bitmap Index Scan on sbtest7_pkey  (cost=0.00..33.79 rows=935 width=0)
	              Index Cond: ((id >= 1064199) AND (id <= 1065198))

table 8 : explain SELECT c FROM sbtest8 WHERE id BETWEEN 8681393 AND 8682392 ORDER BY c
	Sort  (cost=4061.59..4064.17 rows=1034 width=121)
	  Sort Key: c
	  ->  Bitmap Heap Scan on sbtest8  (cost=35.03..4009.81 rows=1034 width=121)
	        Recheck Cond: ((id >= 8681393) AND (id <= 8682392))
	        ->  Bitmap Index Scan on sbtest8_pkey  (cost=0.00..34.78 rows=1034 width=0)
	              Index Cond: ((id >= 8681393) AND (id <= 8682392))

explain: for point_selects :: explain SELECT c FROM sbtest%u WHERE id=%u
explain: for point_selects :: explain SELECT c FROM sbtest%u WHERE id=%u
for: distinct_ranges
table 1 : explain SELECT DISTINCT c FROM sbtest1 WHERE id BETWEEN 1387387 AND 1388386 ORDER BY c
	Unique  (cost=4107.63..4112.87 rows=1047 width=121)
	  ->  Sort  (cost=4107.63..4110.25 rows=1047 width=121)
	        Sort Key: c
	        ->  Bitmap Heap Scan on sbtest1  (cost=35.17..4055.12 rows=1047 width=121)
	              Recheck Cond: ((id >= 1387387) AND (id <= 1388386))
	              ->  Bitmap Index Scan on sbtest1_pkey  (cost=0.00..34.91 rows=1047 width=0)
	                    Index Cond: ((id >= 1387387) AND (id <= 1388386))

table 2 : explain SELECT DISTINCT c FROM sbtest2 WHERE id BETWEEN 6064238 AND 6065237 ORDER BY c
	Unique  (cost=3796.55..3801.38 rows=966 width=121)
	  ->  Sort  (cost=3796.55..3798.96 rows=966 width=121)
	        Sort Key: c
	        ->  Bitmap Heap Scan on sbtest2  (cost=34.34..3748.65 rows=966 width=121)
	              Recheck Cond: ((id >= 6064238) AND (id <= 6065237))
	              ->  Bitmap Index Scan on sbtest2_pkey  (cost=0.00..34.09 rows=966 width=0)
	                    Index Cond: ((id >= 6064238) AND (id <= 6065237))

table 3 : explain SELECT DISTINCT c FROM sbtest3 WHERE id BETWEEN 7457504 AND 7458503 ORDER BY c
	Unique  (cost=3864.34..3869.25 rows=983 width=121)
	  ->  Sort  (cost=3864.34..3866.80 rows=983 width=121)
	        Sort Key: c
	        ->  Bitmap Heap Scan on sbtest3  (cost=34.51..3815.48 rows=983 width=121)
	              Recheck Cond: ((id >= 7457504) AND (id <= 7458503))
	              ->  Bitmap Index Scan on sbtest3_pkey  (cost=0.00..34.27 rows=983 width=0)
	                    Index Cond: ((id >= 7457504) AND (id <= 7458503))

table 4 : explain SELECT DISTINCT c FROM sbtest4 WHERE id BETWEEN 6717692 AND 6718691 ORDER BY c
	Unique  (cost=3847.79..3852.68 rows=978 width=121)
	  ->  Sort  (cost=3847.79..3850.23 rows=978 width=121)
	        Sort Key: c
	        ->  Bitmap Heap Scan on sbtest4  (cost=34.46..3799.21 rows=978 width=121)
	              Recheck Cond: ((id >= 6717692) AND (id <= 6718691))
	              ->  Bitmap Index Scan on sbtest4_pkey  (cost=0.00..34.22 rows=978 width=0)
	                    Index Cond: ((id >= 6717692) AND (id <= 6718691))

table 5 : explain SELECT DISTINCT c FROM sbtest5 WHERE id BETWEEN 3908945 AND 3909944 ORDER BY c
	Unique  (cost=3617.91..3622.51 rows=920 width=121)
	  ->  Sort  (cost=3617.91..3620.21 rows=920 width=121)
	        Sort Key: c
	        ->  Bitmap Heap Scan on sbtest5  (cost=33.87..3572.62 rows=920 width=121)
	              Recheck Cond: ((id >= 3908945) AND (id <= 3909944))
	              ->  Bitmap Index Scan on sbtest5_pkey  (cost=0.00..33.64 rows=920 width=0)
	                    Index Cond: ((id >= 3908945) AND (id <= 3909944))

table 6 : explain SELECT DISTINCT c FROM sbtest6 WHERE id BETWEEN 4929734 AND 4930733 ORDER BY c
	Unique  (cost=3808.36..3813.21 rows=969 width=121)
	  ->  Sort  (cost=3808.36..3810.79 rows=969 width=121)
	        Sort Key: c
	        ->  Bitmap Heap Scan on sbtest6  (cost=34.37..3760.30 rows=969 width=121)
	              Recheck Cond: ((id >= 4929734) AND (id <= 4930733))
	              ->  Bitmap Index Scan on sbtest6_pkey  (cost=0.00..34.12 rows=969 width=0)
	                    Index Cond: ((id >= 4929734) AND (id <= 4930733))

table 7 : explain SELECT DISTINCT c FROM sbtest7 WHERE id BETWEEN 3012187 AND 3013186 ORDER BY c
	Unique  (cost=3710.08..3714.79 rows=942 width=121)
	  ->  Sort  (cost=3710.08..3712.43 rows=942 width=121)
	        Sort Key: c
	        ->  Bitmap Heap Scan on sbtest7  (cost=34.09..3663.54 rows=942 width=121)
	              Recheck Cond: ((id >= 3012187) AND (id <= 3013186))
	              ->  Bitmap Index Scan on sbtest7_pkey  (cost=0.00..33.86 rows=942 width=0)
	                    Index Cond: ((id >= 3012187) AND (id <= 3013186))

table 8 : explain SELECT DISTINCT c FROM sbtest8 WHERE id BETWEEN 7829437 AND 7830436 ORDER BY c
	Unique  (cost=3655.69..3660.29 rows=921 width=121)
	  ->  Sort  (cost=3655.69..3657.99 rows=921 width=121)
	        Sort Key: c
	        ->  Index Scan using sbtest8_pkey on sbtest8  (cost=0.43..3610.34 rows=921 width=121)
	              Index Cond: ((id >= 7829437) AND (id <= 7830436))

for: simple_ranges
table 1 : explain SELECT c FROM sbtest1 WHERE id BETWEEN 1057960 AND 1058959
	Bitmap Heap Scan on sbtest1  (cost=35.08..4024.97 rows=1039 width=121)
	  Recheck Cond: ((id >= 1057960) AND (id <= 1058959))
	  ->  Bitmap Index Scan on sbtest1_pkey  (cost=0.00..34.83 rows=1039 width=0)
	        Index Cond: ((id >= 1057960) AND (id <= 1058959))

table 2 : explain SELECT c FROM sbtest2 WHERE id BETWEEN 8324795 AND 8325794
	Bitmap Heap Scan on sbtest2  (cost=34.15..3680.66 rows=948 width=121)
	  Recheck Cond: ((id >= 8324795) AND (id <= 8325794))
	  ->  Bitmap Index Scan on sbtest2_pkey  (cost=0.00..33.92 rows=948 width=0)
	        Index Cond: ((id >= 8324795) AND (id <= 8325794))

table 3 : explain SELECT c FROM sbtest3 WHERE id BETWEEN 8219418 AND 8220417
	Bitmap Heap Scan on sbtest3  (cost=33.99..3622.63 rows=932 width=121)
	  Recheck Cond: ((id >= 8219418) AND (id <= 8220417))
	  ->  Bitmap Index Scan on sbtest3_pkey  (cost=0.00..33.76 rows=932 width=0)
	        Index Cond: ((id >= 8219418) AND (id <= 8220417))

table 4 : explain SELECT c FROM sbtest4 WHERE id BETWEEN 9240512 AND 9241511
	Bitmap Heap Scan on sbtest4  (cost=34.45..3795.43 rows=977 width=121)
	  Recheck Cond: ((id >= 9240512) AND (id <= 9241511))
	  ->  Bitmap Index Scan on sbtest4_pkey  (cost=0.00..34.20 rows=977 width=0)
	        Index Cond: ((id >= 9240512) AND (id <= 9241511))

table 5 : explain SELECT c FROM sbtest5 WHERE id BETWEEN 811381 AND 812380
	Bitmap Heap Scan on sbtest5  (cost=34.90..3953.59 rows=1021 width=121)
	  Recheck Cond: ((id >= 811381) AND (id <= 812380))
	  ->  Bitmap Index Scan on sbtest5_pkey  (cost=0.00..34.65 rows=1021 width=0)
	        Index Cond: ((id >= 811381) AND (id <= 812380))

table 6 : explain SELECT c FROM sbtest6 WHERE id BETWEEN 7459289 AND 7460288
	Bitmap Heap Scan on sbtest6  (cost=34.49..3805.61 rows=981 width=121)
	  Recheck Cond: ((id >= 7459289) AND (id <= 7460288))
	  ->  Bitmap Index Scan on sbtest6_pkey  (cost=0.00..34.25 rows=981 width=0)
	        Index Cond: ((id >= 7459289) AND (id <= 7460288))

table 7 : explain SELECT c FROM sbtest7 WHERE id BETWEEN 4515868 AND 4516867
	Bitmap Heap Scan on sbtest7  (cost=34.44..3792.27 rows=976 width=121)
	  Recheck Cond: ((id >= 4515868) AND (id <= 4516867))
	  ->  Bitmap Index Scan on sbtest7_pkey  (cost=0.00..34.20 rows=976 width=0)
	        Index Cond: ((id >= 4515868) AND (id <= 4516867))

table 8 : explain SELECT c FROM sbtest8 WHERE id BETWEEN 3582456 AND 3583455
	Index Scan using sbtest8_pkey on sbtest8  (cost=0.43..3707.79 rows=946 width=121)
	  Index Cond: ((id >= 3582456) AND (id <= 3583455))

for: simple_ranges
table 1 : explain SELECT c FROM sbtest1 WHERE id BETWEEN 3089012 AND 3090011
	Bitmap Heap Scan on sbtest1  (cost=39.75..4273.66 rows=1104 width=121)
	  Recheck Cond: ((id >= 3089012) AND (id <= 3090011))
	  ->  Bitmap Index Scan on sbtest1_pkey  (cost=0.00..39.48 rows=1104 width=0)
	        Index Cond: ((id >= 3089012) AND (id <= 3090011))

table 2 : explain SELECT c FROM sbtest2 WHERE id BETWEEN 4986329 AND 4987328
	Bitmap Heap Scan on sbtest2  (cost=34.20..3699.55 rows=953 width=121)
	  Recheck Cond: ((id >= 4986329) AND (id <= 4987328))
	  ->  Bitmap Index Scan on sbtest2_pkey  (cost=0.00..33.97 rows=953 width=0)
	        Index Cond: ((id >= 4986329) AND (id <= 4987328))

table 3 : explain SELECT c FROM sbtest3 WHERE id BETWEEN 2684563 AND 2685562
	Bitmap Heap Scan on sbtest3  (cost=35.02..4004.23 rows=1033 width=121)
	  Recheck Cond: ((id >= 2684563) AND (id <= 2685562))
	  ->  Bitmap Index Scan on sbtest3_pkey  (cost=0.00..34.77 rows=1033 width=0)
	        Index Cond: ((id >= 2684563) AND (id <= 2685562))

table 4 : explain SELECT c FROM sbtest4 WHERE id BETWEEN 2029254 AND 2030253
	Bitmap Heap Scan on sbtest4  (cost=34.19..3700.82 rows=952 width=121)
	  Recheck Cond: ((id >= 2029254) AND (id <= 2030253))
	  ->  Bitmap Index Scan on sbtest4_pkey  (cost=0.00..33.95 rows=952 width=0)
	        Index Cond: ((id >= 2029254) AND (id <= 2030253))

table 5 : explain SELECT c FROM sbtest5 WHERE id BETWEEN 1531512 AND 1532511
	Bitmap Heap Scan on sbtest5  (cost=34.14..3674.59 rows=947 width=121)
	  Recheck Cond: ((id >= 1531512) AND (id <= 1532511))
	  ->  Bitmap Index Scan on sbtest5_pkey  (cost=0.00..33.91 rows=947 width=0)
	        Index Cond: ((id >= 1531512) AND (id <= 1532511))

table 6 : explain SELECT c FROM sbtest6 WHERE id BETWEEN 9246890 AND 9247889
	Bitmap Heap Scan on sbtest6  (cost=34.43..3782.96 rows=975 width=121)
	  Recheck Cond: ((id >= 9246890) AND (id <= 9247889))
	  ->  Bitmap Index Scan on sbtest6_pkey  (cost=0.00..34.19 rows=975 width=0)
	        Index Cond: ((id >= 9246890) AND (id <= 9247889))

table 7 : explain SELECT c FROM sbtest7 WHERE id BETWEEN 213646 AND 214645
	Bitmap Heap Scan on sbtest7  (cost=35.19..4068.18 rows=1049 width=121)
	  Recheck Cond: ((id >= 213646) AND (id <= 214645))
	  ->  Bitmap Index Scan on sbtest7_pkey  (cost=0.00..34.93 rows=1049 width=0)
	        Index Cond: ((id >= 213646) AND (id <= 214645))

table 8 : explain SELECT c FROM sbtest8 WHERE id BETWEEN 3954631 AND 3955630
	Bitmap Heap Scan on sbtest8  (cost=35.58..4209.69 rows=1087 width=121)
	  Recheck Cond: ((id >= 3954631) AND (id <= 3955630))
	  ->  Bitmap Index Scan on sbtest8_pkey  (cost=0.00..35.31 rows=1087 width=0)
	        Index Cond: ((id >= 3954631) AND (id <= 3955630))

for: sum_ranges
table 1 : explain SELECT SUM(k) FROM sbtest1 WHERE id BETWEEN 7759452 AND 7760451
	Aggregate  (cost=4001.17..4001.18 rows=1 width=8)
	  ->  Bitmap Heap Scan on sbtest1  (cost=35.01..3998.59 rows=1032 width=4)
	        Recheck Cond: ((id >= 7759452) AND (id <= 7760451))
	        ->  Bitmap Index Scan on sbtest1_pkey  (cost=0.00..34.76 rows=1032 width=0)
	              Index Cond: ((id >= 7759452) AND (id <= 7760451))

table 2 : explain SELECT SUM(k) FROM sbtest2 WHERE id BETWEEN 9510325 AND 9511324
	Aggregate  (cost=3947.39..3947.40 rows=1 width=8)
	  ->  Bitmap Heap Scan on sbtest2  (cost=34.87..3944.84 rows=1018 width=4)
	        Recheck Cond: ((id >= 9510325) AND (id <= 9511324))
	        ->  Bitmap Index Scan on sbtest2_pkey  (cost=0.00..34.62 rows=1018 width=0)
	              Index Cond: ((id >= 9510325) AND (id <= 9511324))

table 3 : explain SELECT SUM(k) FROM sbtest3 WHERE id BETWEEN 7258922 AND 7259921
	Aggregate  (cost=3613.60..3613.61 rows=1 width=8)
	  ->  Bitmap Heap Scan on sbtest3  (cost=33.96..3611.27 rows=929 width=4)
	        Recheck Cond: ((id >= 7258922) AND (id <= 7259921))
	        ->  Bitmap Index Scan on sbtest3_pkey  (cost=0.00..33.73 rows=929 width=0)
	              Index Cond: ((id >= 7258922) AND (id <= 7259921))

table 4 : explain SELECT SUM(k) FROM sbtest4 WHERE id BETWEEN 5604076 AND 5605075
	Aggregate  (cost=3888.68..3888.69 rows=1 width=8)
	  ->  Bitmap Heap Scan on sbtest4  (cost=34.70..3886.18 rows=1001 width=4)
	        Recheck Cond: ((id >= 5604076) AND (id <= 5605075))
	        ->  Bitmap Index Scan on sbtest4_pkey  (cost=0.00..34.45 rows=1001 width=0)
	              Index Cond: ((id >= 5604076) AND (id <= 5605075))

table 5 : explain SELECT SUM(k) FROM sbtest5 WHERE id BETWEEN 4253962 AND 4254961
	Aggregate  (cost=3540.66..3540.67 rows=1 width=8)
	  ->  Bitmap Heap Scan on sbtest5  (cost=29.78..3538.38 rows=912 width=4)
	        Recheck Cond: ((id >= 4253962) AND (id <= 4254961))
	        ->  Bitmap Index Scan on sbtest5_pkey  (cost=0.00..29.55 rows=912 width=0)
	              Index Cond: ((id >= 4253962) AND (id <= 4254961))

table 6 : explain SELECT SUM(k) FROM sbtest6 WHERE id BETWEEN 2953144 AND 2954143
	Aggregate  (cost=3932.64..3932.65 rows=1 width=8)
	  ->  Bitmap Heap Scan on sbtest6  (cost=34.83..3930.11 rows=1014 width=4)
	        Recheck Cond: ((id >= 2953144) AND (id <= 2954143))
	        ->  Bitmap Index Scan on sbtest6_pkey  (cost=0.00..34.58 rows=1014 width=0)
	              Index Cond: ((id >= 2953144) AND (id <= 2954143))

table 7 : explain SELECT SUM(k) FROM sbtest7 WHERE id BETWEEN 2865460 AND 2866459
	Aggregate  (cost=4157.66..4157.67 rows=1 width=8)
	  ->  Bitmap Heap Scan on sbtest7  (cost=35.42..4154.98 rows=1072 width=4)
	        Recheck Cond: ((id >= 2865460) AND (id <= 2866459))
	        ->  Bitmap Index Scan on sbtest7_pkey  (cost=0.00..35.16 rows=1072 width=0)
	              Index Cond: ((id >= 2865460) AND (id <= 2866459))

table 8 : explain SELECT SUM(k) FROM sbtest8 WHERE id BETWEEN 3526440 AND 3527439
	Aggregate  (cost=3624.34..3624.35 rows=1 width=8)
	  ->  Index Scan using sbtest8_pkey on sbtest8  (cost=0.43..3622.03 rows=924 width=4)
	        Index Cond: ((id >= 3526440) AND (id <= 3527439))

explain: for point_selects :: explain SELECT c FROM sbtest%u WHERE id=%u
for: distinct_ranges
table 1 : explain SELECT DISTINCT c FROM sbtest1 WHERE id BETWEEN 756505 AND 757504 ORDER BY c
	Unique  (cost=3824.27..3829.14 rows=973 width=121)
	  ->  Sort  (cost=3824.27..3826.71 rows=973 width=121)
	        Sort Key: c
	        ->  Bitmap Heap Scan on sbtest1  (cost=34.41..3775.98 rows=973 width=121)
	              Recheck Cond: ((id >= 756505) AND (id <= 757504))
	              ->  Bitmap Index Scan on sbtest1_pkey  (cost=0.00..34.17 rows=973 width=0)
	                    Index Cond: ((id >= 756505) AND (id <= 757504))

table 2 : explain SELECT DISTINCT c FROM sbtest2 WHERE id BETWEEN 6454214 AND 6455213 ORDER BY c
	Unique  (cost=3800.38..3805.21 rows=967 width=121)
	  ->  Sort  (cost=3800.38..3802.80 rows=967 width=121)
	        Sort Key: c
	        ->  Bitmap Heap Scan on sbtest2  (cost=34.35..3752.43 rows=967 width=121)
	              Recheck Cond: ((id >= 6454214) AND (id <= 6455213))
	              ->  Bitmap Index Scan on sbtest2_pkey  (cost=0.00..34.11 rows=967 width=0)
	                    Index Cond: ((id >= 6454214) AND (id <= 6455213))

table 3 : explain SELECT DISTINCT c FROM sbtest3 WHERE id BETWEEN 664684 AND 665683 ORDER BY c
	Unique  (cost=4009.99..4015.09 rows=1021 width=121)
	  ->  Sort  (cost=4009.99..4012.54 rows=1021 width=121)
	        Sort Key: c
	        ->  Bitmap Heap Scan on sbtest3  (cost=34.90..3958.96 rows=1021 width=121)
	              Recheck Cond: ((id >= 664684) AND (id <= 665683))
	              ->  Bitmap Index Scan on sbtest3_pkey  (cost=0.00..34.65 rows=1021 width=0)
	                    Index Cond: ((id >= 664684) AND (id <= 665683))

table 4 : explain SELECT DISTINCT c FROM sbtest4 WHERE id BETWEEN 9977910 AND 9978909 ORDER BY c
	Unique  (cost=4143.10..4148.37 rows=1055 width=121)
	  ->  Sort  (cost=4143.10..4145.74 rows=1055 width=121)
	        Sort Key: c
	        ->  Bitmap Heap Scan on sbtest4  (cost=35.25..4090.12 rows=1055 width=121)
	              Recheck Cond: ((id >= 9977910) AND (id <= 9978909))
	              ->  Bitmap Index Scan on sbtest4_pkey  (cost=0.00..34.98 rows=1055 width=0)
	                    Index Cond: ((id >= 9977910) AND (id <= 9978909))

table 5 : explain SELECT DISTINCT c FROM sbtest5 WHERE id BETWEEN 1487753 AND 1488752 ORDER BY c
	Unique  (cost=3966.39..3971.45 rows=1011 width=121)
	  ->  Sort  (cost=3966.39..3968.92 rows=1011 width=121)
	        Sort Key: c
	        ->  Bitmap Heap Scan on sbtest5  (cost=34.80..3915.93 rows=1011 width=121)
	              Recheck Cond: ((id >= 1487753) AND (id <= 1488752))
	              ->  Bitmap Index Scan on sbtest5_pkey  (cost=0.00..34.55 rows=1011 width=0)
	                    Index Cond: ((id >= 1487753) AND (id <= 1488752))

table 6 : explain SELECT DISTINCT c FROM sbtest6 WHERE id BETWEEN 9032395 AND 9033394 ORDER BY c
	Unique  (cost=4026.66..4031.79 rows=1026 width=121)
	  ->  Sort  (cost=4026.66..4029.23 rows=1026 width=121)
	        Sort Key: c
	        ->  Bitmap Heap Scan on sbtest6  (cost=34.95..3975.35 rows=1026 width=121)
	              Recheck Cond: ((id >= 9032395) AND (id <= 9033394))
	              ->  Bitmap Index Scan on sbtest6_pkey  (cost=0.00..34.70 rows=1026 width=0)
	                    Index Cond: ((id >= 9032395) AND (id <= 9033394))

table 7 : explain SELECT DISTINCT c FROM sbtest7 WHERE id BETWEEN 7185457 AND 7186456 ORDER BY c
	Unique  (cost=4185.95..4191.28 rows=1066 width=121)
	  ->  Sort  (cost=4185.95..4188.61 rows=1066 width=121)
	        Sort Key: c
	        ->  Bitmap Heap Scan on sbtest7  (cost=35.36..4132.34 rows=1066 width=121)
	              Recheck Cond: ((id >= 7185457) AND (id <= 7186456))
	              ->  Bitmap Index Scan on sbtest7_pkey  (cost=0.00..35.09 rows=1066 width=0)
	                    Index Cond: ((id >= 7185457) AND (id <= 7186456))

table 8 : explain SELECT DISTINCT c FROM sbtest8 WHERE id BETWEEN 8738273 AND 8739272 ORDER BY c
	Unique  (cost=4115.22..4120.46 rows=1048 width=121)
	  ->  Sort  (cost=4115.22..4117.84 rows=1048 width=121)
	        Sort Key: c
	        ->  Bitmap Heap Scan on sbtest8  (cost=35.18..4062.64 rows=1048 width=121)
	              Recheck Cond: ((id >= 8738273) AND (id <= 8739272))
	              ->  Bitmap Index Scan on sbtest8_pkey  (cost=0.00..34.92 rows=1048 width=0)
	                    Index Cond: ((id >= 8738273) AND (id <= 8739272))

for: distinct_ranges
table 1 : explain SELECT DISTINCT c FROM sbtest1 WHERE id BETWEEN 1584454 AND 1585453 ORDER BY c
	Unique  (cost=3920.08..3925.07 rows=998 width=121)
	  ->  Sort  (cost=3920.08..3922.57 rows=998 width=121)
	        Sort Key: c
	        ->  Bitmap Heap Scan on sbtest1  (cost=34.66..3870.36 rows=998 width=121)
	              Recheck Cond: ((id >= 1584454) AND (id <= 1585453))
	              ->  Bitmap Index Scan on sbtest1_pkey  (cost=0.00..34.42 rows=998 width=0)
	                    Index Cond: ((id >= 1584454) AND (id <= 1585453))

table 2 : explain SELECT DISTINCT c FROM sbtest2 WHERE id BETWEEN 6561263 AND 6562262 ORDER BY c
	Unique  (cost=4477.23..4482.95 rows=1144 width=121)
	  ->  Sort  (cost=4477.23..4480.09 rows=1144 width=121)
	        Sort Key: c
	        ->  Bitmap Heap Scan on sbtest2  (cost=40.16..4419.11 rows=1144 width=121)
	              Recheck Cond: ((id >= 6561263) AND (id <= 6562262))
	              ->  Bitmap Index Scan on sbtest2_pkey  (cost=0.00..39.88 rows=1144 width=0)
	                    Index Cond: ((id >= 6561263) AND (id <= 6562262))

table 3 : explain SELECT DISTINCT c FROM sbtest3 WHERE id BETWEEN 6485046 AND 6486045 ORDER BY c
	Unique  (cost=3849.00..3853.89 rows=979 width=121)
	  ->  Sort  (cost=3849.00..3851.44 rows=979 width=121)
	        Sort Key: c
	        ->  Bitmap Heap Scan on sbtest3  (cost=34.47..3800.36 rows=979 width=121)
	              Recheck Cond: ((id >= 6485046) AND (id <= 6486045))
	              ->  Bitmap Index Scan on sbtest3_pkey  (cost=0.00..34.23 rows=979 width=0)
	                    Index Cond: ((id >= 6485046) AND (id <= 6486045))

table 4 : explain SELECT DISTINCT c FROM sbtest4 WHERE id BETWEEN 362548 AND 363547 ORDER BY c
	Unique  (cost=3951.41..3956.44 rows=1005 width=121)
	  ->  Sort  (cost=3951.41..3953.93 rows=1005 width=121)
	        Sort Key: c
	        ->  Bitmap Heap Scan on sbtest4  (cost=34.74..3901.30 rows=1005 width=121)
	              Recheck Cond: ((id >= 362548) AND (id <= 363547))
	              ->  Bitmap Index Scan on sbtest4_pkey  (cost=0.00..34.48 rows=1005 width=0)
	                    Index Cond: ((id >= 362548) AND (id <= 363547))

table 5 : explain SELECT DISTINCT c FROM sbtest5 WHERE id BETWEEN 1929284 AND 1930283 ORDER BY c
	Unique  (cost=3725.24..3729.98 rows=948 width=121)
	  ->  Sort  (cost=3725.24..3727.61 rows=948 width=121)
	        Sort Key: c
	        ->  Bitmap Heap Scan on sbtest5  (cost=34.15..3678.37 rows=948 width=121)
	              Recheck Cond: ((id >= 1929284) AND (id <= 1930283))
	              ->  Bitmap Index Scan on sbtest5_pkey  (cost=0.00..33.92 rows=948 width=0)
	                    Index Cond: ((id >= 1929284) AND (id <= 1930283))

table 6 : explain SELECT DISTINCT c FROM sbtest6 WHERE id BETWEEN 9740566 AND 9741565 ORDER BY c
	Unique  (cost=4015.18..4020.30 rows=1023 width=121)
	  ->  Sort  (cost=4015.18..4017.74 rows=1023 width=121)
	        Sort Key: c
	        ->  Bitmap Heap Scan on sbtest6  (cost=34.92..3964.04 rows=1023 width=121)
	              Recheck Cond: ((id >= 9740566) AND (id <= 9741565))
	              ->  Bitmap Index Scan on sbtest6_pkey  (cost=0.00..34.67 rows=1023 width=0)
	                    Index Cond: ((id >= 9740566) AND (id <= 9741565))

table 7 : explain SELECT DISTINCT c FROM sbtest7 WHERE id BETWEEN 1205467 AND 1206466 ORDER BY c
	Unique  (cost=3463.61..3468.01 rows=879 width=121)
	  ->  Sort  (cost=3463.61..3465.81 rows=879 width=121)
	        Sort Key: c
	        ->  Bitmap Heap Scan on sbtest7  (cost=29.44..3420.63 rows=879 width=121)
	              Recheck Cond: ((id >= 1205467) AND (id <= 1206466))
	              ->  Bitmap Index Scan on sbtest7_pkey  (cost=0.00..29.22 rows=879 width=0)
	                    Index Cond: ((id >= 1205467) AND (id <= 1206466))

table 8 : explain SELECT DISTINCT c FROM sbtest8 WHERE id BETWEEN 5821220 AND 5822219 ORDER BY c
	Unique  (cost=4138.20..4143.47 rows=1054 width=121)
	  ->  Sort  (cost=4138.20..4140.83 rows=1054 width=121)
	        Sort Key: c
	        ->  Bitmap Heap Scan on sbtest8  (cost=35.24..4085.28 rows=1054 width=121)
	              Recheck Cond: ((id >= 5821220) AND (id <= 5822219))
	              ->  Bitmap Index Scan on sbtest8_pkey  (cost=0.00..34.98 rows=1054 width=0)
	                    Index Cond: ((id >= 5821220) AND (id <= 5822219))

for: distinct_ranges
table 1 : explain SELECT DISTINCT c FROM sbtest1 WHERE id BETWEEN 5902651 AND 5903650 ORDER BY c
	Unique  (cost=4038.77..4043.91 rows=1029 width=121)
	  ->  Sort  (cost=4038.77..4041.34 rows=1029 width=121)
	        Sort Key: c
	        ->  Bitmap Heap Scan on sbtest1  (cost=34.98..3987.28 rows=1029 width=121)
	              Recheck Cond: ((id >= 5902651) AND (id <= 5903650))
	              ->  Bitmap Index Scan on sbtest1_pkey  (cost=0.00..34.73 rows=1029 width=0)
	                    Index Cond: ((id >= 5902651) AND (id <= 5903650))

table 2 : explain SELECT DISTINCT c FROM sbtest2 WHERE id BETWEEN 1475424 AND 1476423 ORDER BY c
	Unique  (cost=4290.20..4295.67 rows=1094 width=121)
	  ->  Sort  (cost=4290.20..4292.94 rows=1094 width=121)
	        Sort Key: c
	        ->  Bitmap Heap Scan on sbtest2  (cost=39.65..4234.98 rows=1094 width=121)
	              Recheck Cond: ((id >= 1475424) AND (id <= 1476423))
	              ->  Bitmap Index Scan on sbtest2_pkey  (cost=0.00..39.38 rows=1094 width=0)
	                    Index Cond: ((id >= 1475424) AND (id <= 1476423))

table 3 : explain SELECT DISTINCT c FROM sbtest3 WHERE id BETWEEN 188656 AND 189655 ORDER BY c
	Unique  (cost=3741.56..3746.31 rows=951 width=121)
	  ->  Sort  (cost=3741.56..3743.93 rows=951 width=121)
	        Sort Key: c
	        ->  Bitmap Heap Scan on sbtest3  (cost=34.18..3694.51 rows=951 width=121)
	              Recheck Cond: ((id >= 188656) AND (id <= 189655))
	              ->  Bitmap Index Scan on sbtest3_pkey  (cost=0.00..33.95 rows=951 width=0)
	                    Index Cond: ((id >= 188656) AND (id <= 189655))

table 4 : explain SELECT DISTINCT c FROM sbtest4 WHERE id BETWEEN 7732175 AND 7733174 ORDER BY c
	Unique  (cost=3709.48..3714.19 rows=942 width=121)
	  ->  Sort  (cost=3709.48..3711.84 rows=942 width=121)
	        Sort Key: c
	        ->  Bitmap Heap Scan on sbtest4  (cost=34.09..3662.95 rows=942 width=121)
	              Recheck Cond: ((id >= 7732175) AND (id <= 7733174))
	              ->  Bitmap Index Scan on sbtest4_pkey  (cost=0.00..33.86 rows=942 width=0)
	                    Index Cond: ((id >= 7732175) AND (id <= 7733174))

table 5 : explain SELECT DISTINCT c FROM sbtest5 WHERE id BETWEEN 5160375 AND 5161374 ORDER BY c
	Unique  (cost=3836.31..3841.19 rows=977 width=121)
	  ->  Sort  (cost=3836.31..3838.75 rows=977 width=121)
	        Sort Key: c
	        ->  Bitmap Heap Scan on sbtest5  (cost=34.45..3787.79 rows=977 width=121)
	              Recheck Cond: ((id >= 5160375) AND (id <= 5161374))
	              ->  Bitmap Index Scan on sbtest5_pkey  (cost=0.00..34.20 rows=977 width=0)
	                    Index Cond: ((id >= 5160375) AND (id <= 5161374))

table 6 : explain SELECT DISTINCT c FROM sbtest6 WHERE id BETWEEN 5289774 AND 5290773 ORDER BY c
	Unique  (cost=3635.75..3640.37 rows=924 width=121)
	  ->  Sort  (cost=3635.75..3638.06 rows=924 width=121)
	        Sort Key: c
	        ->  Bitmap Heap Scan on sbtest6  (cost=33.91..3590.23 rows=924 width=121)
	              Recheck Cond: ((id >= 5289774) AND (id <= 5290773))
	              ->  Bitmap Index Scan on sbtest6_pkey  (cost=0.00..33.68 rows=924 width=0)
	                    Index Cond: ((id >= 5289774) AND (id <= 5290773))

table 7 : explain SELECT DISTINCT c FROM sbtest7 WHERE id BETWEEN 6273792 AND 6274791 ORDER BY c
	Unique  (cost=4139.97..4145.24 rows=1054 width=121)
	  ->  Sort  (cost=4139.97..4142.61 rows=1054 width=121)
	        Sort Key: c
	        ->  Bitmap Heap Scan on sbtest7  (cost=35.24..4087.05 rows=1054 width=121)
	              Recheck Cond: ((id >= 6273792) AND (id <= 6274791))
	              ->  Bitmap Index Scan on sbtest7_pkey  (cost=0.00..34.98 rows=1054 width=0)
	                    Index Cond: ((id >= 6273792) AND (id <= 6274791))

table 8 : explain SELECT DISTINCT c FROM sbtest8 WHERE id BETWEEN 3239443 AND 3240442 ORDER BY c
	Unique  (cost=3829.69..3834.52 rows=965 width=121)
	  ->  Sort  (cost=3829.69..3832.10 rows=965 width=121)
	        Sort Key: c
	        ->  Index Scan using sbtest8_pkey on sbtest8  (cost=0.43..3781.85 rows=965 width=121)
	              Index Cond: ((id >= 3239443) AND (id <= 3240442))

for: sum_ranges
table 1 : explain SELECT SUM(k) FROM sbtest1 WHERE id BETWEEN 259708 AND 260707
	Aggregate  (cost=3801.09..3801.10 rows=1 width=8)
	  ->  Bitmap Heap Scan on sbtest1  (cost=34.47..3798.64 rows=979 width=4)
	        Recheck Cond: ((id >= 259708) AND (id <= 260707))
	        ->  Bitmap Index Scan on sbtest1_pkey  (cost=0.00..34.23 rows=979 width=0)
	              Index Cond: ((id >= 259708) AND (id <= 260707))

table 2 : explain SELECT SUM(k) FROM sbtest2 WHERE id BETWEEN 67631 AND 68630
	Aggregate  (cost=3988.88..3988.89 rows=1 width=8)
	  ->  Bitmap Heap Scan on sbtest2  (cost=34.98..3986.30 rows=1029 width=4)
	        Recheck Cond: ((id >= 67631) AND (id <= 68630))
	        ->  Bitmap Index Scan on sbtest2_pkey  (cost=0.00..34.73 rows=1029 width=0)
	              Index Cond: ((id >= 67631) AND (id <= 68630))

table 3 : explain SELECT SUM(k) FROM sbtest3 WHERE id BETWEEN 3890259 AND 3891258
	Aggregate  (cost=3549.19..3549.20 rows=1 width=8)
	  ->  Bitmap Heap Scan on sbtest3  (cost=33.78..3546.91 rows=912 width=4)
	        Recheck Cond: ((id >= 3890259) AND (id <= 3891258))
	        ->  Bitmap Index Scan on sbtest3_pkey  (cost=0.00..33.56 rows=912 width=0)
	              Index Cond: ((id >= 3890259) AND (id <= 3891258))

table 4 : explain SELECT SUM(k) FROM sbtest4 WHERE id BETWEEN 5043539 AND 5044538
	Aggregate  (cost=3725.92..3725.93 rows=1 width=8)
	  ->  Bitmap Heap Scan on sbtest4  (cost=34.25..3723.53 rows=958 width=4)
	        Recheck Cond: ((id >= 5043539) AND (id <= 5044538))
	        ->  Bitmap Index Scan on sbtest4_pkey  (cost=0.00..34.02 rows=958 width=0)
	              Index Cond: ((id >= 5043539) AND (id <= 5044538))

table 5 : explain SELECT SUM(k) FROM sbtest5 WHERE id BETWEEN 1357707 AND 1358706
	Aggregate  (cost=3722.28..3722.29 rows=1 width=8)
	  ->  Bitmap Heap Scan on sbtest5  (cost=34.26..3719.89 rows=959 width=4)
	        Recheck Cond: ((id >= 1357707) AND (id <= 1358706))
	        ->  Bitmap Index Scan on sbtest5_pkey  (cost=0.00..34.03 rows=959 width=0)
	              Index Cond: ((id >= 1357707) AND (id <= 1358706))

table 6 : explain SELECT SUM(k) FROM sbtest6 WHERE id BETWEEN 1780190 AND 1781189
	Aggregate  (cost=4060.86..4060.87 rows=1 width=8)
	  ->  Bitmap Heap Scan on sbtest6  (cost=35.18..4058.24 rows=1048 width=4)
	        Recheck Cond: ((id >= 1780190) AND (id <= 1781189))
	        ->  Bitmap Index Scan on sbtest6_pkey  (cost=0.00..34.92 rows=1048 width=0)
	              Index Cond: ((id >= 1780190) AND (id <= 1781189))

table 7 : explain SELECT SUM(k) FROM sbtest7 WHERE id BETWEEN 1831260 AND 1832259
	Aggregate  (cost=4040.58..4040.59 rows=1 width=8)
	  ->  Bitmap Heap Scan on sbtest7  (cost=35.11..4037.97 rows=1041 width=4)
	        Recheck Cond: ((id >= 1831260) AND (id <= 1832259))
	        ->  Bitmap Index Scan on sbtest7_pkey  (cost=0.00..34.84 rows=1041 width=0)
	              Index Cond: ((id >= 1831260) AND (id <= 1832259))

table 8 : explain SELECT SUM(k) FROM sbtest8 WHERE id BETWEEN 122398 AND 123397
	Aggregate  (cost=3795.96..3795.97 rows=1 width=8)
	  ->  Index Scan using sbtest8_pkey on sbtest8  (cost=0.43..3793.54 rows=968 width=4)
	        Index Cond: ((id >= 122398) AND (id <= 123397))

for: order_ranges
table 1 : explain SELECT c FROM sbtest1 WHERE id BETWEEN 8192402 AND 8193401 ORDER BY c
	Sort  (cost=3501.66..3503.89 rows=890 width=121)
	  Sort Key: c
	  ->  Bitmap Heap Scan on sbtest1  (cost=29.56..3458.06 rows=890 width=121)
	        Recheck Cond: ((id >= 8192402) AND (id <= 8193401))
	        ->  Bitmap Index Scan on sbtest1_pkey  (cost=0.00..29.33 rows=890 width=0)
	              Index Cond: ((id >= 8192402) AND (id <= 8193401))

table 2 : explain SELECT c FROM sbtest2 WHERE id BETWEEN 3412646 AND 3413645 ORDER BY c
	Sort  (cost=3316.29..3318.40 rows=842 width=121)
	  Sort Key: c
	  ->  Bitmap Heap Scan on sbtest2  (cost=29.07..3275.38 rows=842 width=121)
	        Recheck Cond: ((id >= 3412646) AND (id <= 3413645))
	        ->  Bitmap Index Scan on sbtest2_pkey  (cost=0.00..28.86 rows=842 width=0)
	              Index Cond: ((id >= 3412646) AND (id <= 3413645))

table 3 : explain SELECT c FROM sbtest3 WHERE id BETWEEN 5422298 AND 5423297 ORDER BY c
	Sort  (cost=3833.65..3836.09 rows=975 width=121)
	  Sort Key: c
	  ->  Bitmap Heap Scan on sbtest3  (cost=34.43..3785.25 rows=975 width=121)
	        Recheck Cond: ((id >= 5422298) AND (id <= 5423297))
	        ->  Bitmap Index Scan on sbtest3_pkey  (cost=0.00..34.19 rows=975 width=0)
	              Index Cond: ((id >= 5422298) AND (id <= 5423297))

table 4 : explain SELECT c FROM sbtest4 WHERE id BETWEEN 1298051 AND 1299050 ORDER BY c
	Sort  (cost=4020.45..4023.01 rows=1023 width=121)
	  Sort Key: c
	  ->  Bitmap Heap Scan on sbtest4  (cost=34.92..3969.31 rows=1023 width=121)
	        Recheck Cond: ((id >= 1298051) AND (id <= 1299050))
	        ->  Bitmap Index Scan on sbtest4_pkey  (cost=0.00..34.67 rows=1023 width=0)
	              Index Cond: ((id >= 1298051) AND (id <= 1299050))

table 5 : explain SELECT c FROM sbtest5 WHERE id BETWEEN 2868595 AND 2869594 ORDER BY c
	Sort  (cost=4073.41..4076.01 rows=1039 width=121)
	  Sort Key: c
	  ->  Bitmap Heap Scan on sbtest5  (cost=35.08..4021.35 rows=1039 width=121)
	        Recheck Cond: ((id >= 2868595) AND (id <= 2869594))
	        ->  Bitmap Index Scan on sbtest5_pkey  (cost=0.00..34.83 rows=1039 width=0)
	              Index Cond: ((id >= 2868595) AND (id <= 2869594))

table 6 : explain SELECT c FROM sbtest6 WHERE id BETWEEN 2077784 AND 2078783 ORDER BY c
	Sort  (cost=3846.69..3849.14 rows=979 width=121)
	  Sort Key: c
	  ->  Bitmap Heap Scan on sbtest6  (cost=34.47..3798.06 rows=979 width=121)
	        Recheck Cond: ((id >= 2077784) AND (id <= 2078783))
	        ->  Bitmap Index Scan on sbtest6_pkey  (cost=0.00..34.23 rows=979 width=0)
	              Index Cond: ((id >= 2077784) AND (id <= 2078783))

table 7 : explain SELECT c FROM sbtest7 WHERE id BETWEEN 71164 AND 72163 ORDER BY c
	Sort  (cost=4208.93..4211.61 rows=1072 width=121)
	  Sort Key: c
	  ->  Bitmap Heap Scan on sbtest7  (cost=35.42..4154.98 rows=1072 width=121)
	        Recheck Cond: ((id >= 71164) AND (id <= 72163))
	        ->  Bitmap Index Scan on sbtest7_pkey  (cost=0.00..35.16 rows=1072 width=0)
	              Index Cond: ((id >= 71164) AND (id <= 72163))

table 8 : explain SELECT c FROM sbtest8 WHERE id BETWEEN 9320611 AND 9321610 ORDER BY c
	Sort  (cost=4057.75..4060.34 rows=1033 width=121)
	  Sort Key: c
	  ->  Bitmap Heap Scan on sbtest8  (cost=35.02..4006.04 rows=1033 width=121)
	        Recheck Cond: ((id >= 9320611) AND (id <= 9321610))
	        ->  Bitmap Index Scan on sbtest8_pkey  (cost=0.00..34.77 rows=1033 width=0)
	              Index Cond: ((id >= 9320611) AND (id <= 9321610))

for: sum_ranges
table 1 : explain SELECT SUM(k) FROM sbtest1 WHERE id BETWEEN 9306204 AND 9307203
	Aggregate  (cost=3547.64..3547.65 rows=1 width=8)
	  ->  Bitmap Heap Scan on sbtest1  (cost=33.78..3545.36 rows=912 width=4)
	        Recheck Cond: ((id >= 9306204) AND (id <= 9307203))
	        ->  Bitmap Index Scan on sbtest1_pkey  (cost=0.00..33.56 rows=912 width=0)
	              Index Cond: ((id >= 9306204) AND (id <= 9307203))

table 2 : explain SELECT SUM(k) FROM sbtest2 WHERE id BETWEEN 4448336 AND 4449335
	Aggregate  (cost=3947.39..3947.40 rows=1 width=8)
	  ->  Bitmap Heap Scan on sbtest2  (cost=34.87..3944.84 rows=1018 width=4)
	        Recheck Cond: ((id >= 4448336) AND (id <= 4449335))
	        ->  Bitmap Index Scan on sbtest2_pkey  (cost=0.00..34.62 rows=1018 width=0)
	              Index Cond: ((id >= 4448336) AND (id <= 4449335))

table 3 : explain SELECT SUM(k) FROM sbtest3 WHERE id BETWEEN 2535588 AND 2536587
	Aggregate  (cost=3901.08..3901.09 rows=1 width=8)
	  ->  Bitmap Heap Scan on sbtest3  (cost=34.74..3898.57 rows=1005 width=4)
	        Recheck Cond: ((id >= 2535588) AND (id <= 2536587))
	        ->  Bitmap Index Scan on sbtest3_pkey  (cost=0.00..34.48 rows=1005 width=0)
	              Index Cond: ((id >= 2535588) AND (id <= 2536587))

table 4 : explain SELECT SUM(k) FROM sbtest4 WHERE id BETWEEN 9591330 AND 9592329
	Aggregate  (cost=3813.01..3813.02 rows=1 width=8)
	  ->  Bitmap Heap Scan on sbtest4  (cost=34.49..3810.56 rows=981 width=4)
	        Recheck Cond: ((id >= 9591330) AND (id <= 9592329))
	        ->  Bitmap Index Scan on sbtest4_pkey  (cost=0.00..34.25 rows=981 width=0)
	              Index Cond: ((id >= 9591330) AND (id <= 9592329))

table 5 : explain SELECT SUM(k) FROM sbtest5 WHERE id BETWEEN 9804036 AND 9805035
	Aggregate  (cost=3929.77..3929.78 rows=1 width=8)
	  ->  Bitmap Heap Scan on sbtest5  (cost=34.83..3927.23 rows=1014 width=4)
	        Recheck Cond: ((id >= 9804036) AND (id <= 9805035))
	        ->  Bitmap Index Scan on sbtest5_pkey  (cost=0.00..34.58 rows=1014 width=0)
	              Index Cond: ((id >= 9804036) AND (id <= 9805035))

table 6 : explain SELECT SUM(k) FROM sbtest6 WHERE id BETWEEN 4584716 AND 4585715
	Aggregate  (cost=3766.50..3766.51 rows=1 width=8)
	  ->  Bitmap Heap Scan on sbtest6  (cost=34.38..3764.08 rows=970 width=4)
	        Recheck Cond: ((id >= 4584716) AND (id <= 4585715))
	        ->  Bitmap Index Scan on sbtest6_pkey  (cost=0.00..34.14 rows=970 width=0)
	              Index Cond: ((id >= 4584716) AND (id <= 4585715))

table 7 : explain SELECT SUM(k) FROM sbtest7 WHERE id BETWEEN 4071716 AND 4072715
	Aggregate  (cost=3885.55..3885.56 rows=1 width=8)
	  ->  Bitmap Heap Scan on sbtest7  (cost=34.69..3883.05 rows=1000 width=4)
	        Recheck Cond: ((id >= 4071716) AND (id <= 4072715))
	        ->  Bitmap Index Scan on sbtest7_pkey  (cost=0.00..34.44 rows=1000 width=0)
	              Index Cond: ((id >= 4071716) AND (id <= 4072715))

table 8 : explain SELECT SUM(k) FROM sbtest8 WHERE id BETWEEN 790151 AND 791150
	Aggregate  (cost=3585.35..3585.36 rows=1 width=8)
	  ->  Index Scan using sbtest8_pkey on sbtest8  (cost=0.43..3583.07 rows=914 width=4)
	        Index Cond: ((id >= 790151) AND (id <= 791150))

for point_selects
table 1 : explain SELECT c FROM sbtest1 WHERE id=567939
	Index Scan using sbtest1_pkey on sbtest1  (cost=0.43..8.45 rows=1 width=121)
	  Index Cond: (id = 567939)

table 2 : explain SELECT c FROM sbtest2 WHERE id=817155
	Index Scan using sbtest2_pkey on sbtest2  (cost=0.43..8.45 rows=1 width=121)
	  Index Cond: (id = 817155)

table 3 : explain SELECT c FROM sbtest3 WHERE id=3909228
	Index Scan using sbtest3_pkey on sbtest3  (cost=0.43..8.45 rows=1 width=121)
	  Index Cond: (id = 3909228)

table 4 : explain SELECT c FROM sbtest4 WHERE id=4950929
	Index Scan using sbtest4_pkey on sbtest4  (cost=0.43..8.45 rows=1 width=121)
	  Index Cond: (id = 4950929)

table 5 : explain SELECT c FROM sbtest5 WHERE id=7762238
	Index Scan using sbtest5_pkey on sbtest5  (cost=0.43..8.45 rows=1 width=121)
	  Index Cond: (id = 7762238)

table 6 : explain SELECT c FROM sbtest6 WHERE id=391170
	Index Scan using sbtest6_pkey on sbtest6  (cost=0.43..8.45 rows=1 width=121)
	  Index Cond: (id = 391170)

table 7 : explain SELECT c FROM sbtest7 WHERE id=1811548
	Index Scan using sbtest7_pkey on sbtest7  (cost=0.43..8.45 rows=1 width=121)
	  Index Cond: (id = 1811548)

table 8 : explain SELECT c FROM sbtest8 WHERE id=3465872
	Index Scan using sbtest8_pkey on sbtest8  (cost=0.43..8.45 rows=1 width=121)
	  Index Cond: (id = 3465872)

explain: for point_selects :: explain SELECT c FROM sbtest%u WHERE id=%u
for: distinct_ranges
table 1 : explain SELECT DISTINCT c FROM sbtest1 WHERE id BETWEEN 9431556 AND 9432555 ORDER BY c
	Unique  (cost=4493.63..4499.37 rows=1148 width=121)
	  ->  Sort  (cost=4493.63..4496.50 rows=1148 width=121)
	        Sort Key: c
	        ->  Bitmap Heap Scan on sbtest1  (cost=40.20..4435.28 rows=1148 width=121)
	              Recheck Cond: ((id >= 9431556) AND (id <= 9432555))
	              ->  Bitmap Index Scan on sbtest1_pkey  (cost=0.00..39.92 rows=1148 width=0)
	                    Index Cond: ((id >= 9431556) AND (id <= 9432555))

table 2 : explain SELECT DISTINCT c FROM sbtest2 WHERE id BETWEEN 4142238 AND 4143237 ORDER BY c
	Unique  (cost=4087.51..4092.72 rows=1042 width=121)
	  ->  Sort  (cost=4087.51..4090.12 rows=1042 width=121)
	        Sort Key: c
	        ->  Bitmap Heap Scan on sbtest2  (cost=35.12..4035.28 rows=1042 width=121)
	              Recheck Cond: ((id >= 4142238) AND (id <= 4143237))
	              ->  Bitmap Index Scan on sbtest2_pkey  (cost=0.00..34.86 rows=1042 width=0)
	                    Index Cond: ((id >= 4142238) AND (id <= 4143237))

table 3 : explain SELECT DISTINCT c FROM sbtest3 WHERE id BETWEEN 4315980 AND 4316979 ORDER BY c
	Unique  (cost=4201.37..4206.73 rows=1071 width=121)
	  ->  Sort  (cost=4201.37..4204.05 rows=1071 width=121)
	        Sort Key: c
	        ->  Bitmap Heap Scan on sbtest3  (cost=35.41..4147.47 rows=1071 width=121)
	              Recheck Cond: ((id >= 4315980) AND (id <= 4316979))
	              ->  Bitmap Index Scan on sbtest3_pkey  (cost=0.00..35.15 rows=1071 width=0)
	                    Index Cond: ((id >= 4315980) AND (id <= 4316979))

table 4 : explain SELECT DISTINCT c FROM sbtest4 WHERE id BETWEEN 3735016 AND 3736015 ORDER BY c
	Unique  (cost=4051.13..4056.28 rows=1031 width=121)
	  ->  Sort  (cost=4051.13..4053.70 rows=1031 width=121)
	        Sort Key: c
	        ->  Bitmap Heap Scan on sbtest4  (cost=35.00..3999.53 rows=1031 width=121)
	              Recheck Cond: ((id >= 3735016) AND (id <= 3736015))
	              ->  Bitmap Index Scan on sbtest4_pkey  (cost=0.00..34.75 rows=1031 width=0)
	                    Index Cond: ((id >= 3735016) AND (id <= 3736015))

table 5 : explain SELECT DISTINCT c FROM sbtest5 WHERE id BETWEEN 6889296 AND 6890295 ORDER BY c
	Unique  (cost=3905.19..3910.17 rows=995 width=121)
	  ->  Sort  (cost=3905.19..3907.68 rows=995 width=121)
	        Sort Key: c
	        ->  Bitmap Heap Scan on sbtest5  (cost=34.63..3855.65 rows=995 width=121)
	              Recheck Cond: ((id >= 6889296) AND (id <= 6890295))
	              ->  Bitmap Index Scan on sbtest5_pkey  (cost=0.00..34.39 rows=995 width=0)
	                    Index Cond: ((id >= 6889296) AND (id <= 6890295))

table 6 : explain SELECT DISTINCT c FROM sbtest6 WHERE id BETWEEN 6304287 AND 6305286 ORDER BY c
	Unique  (cost=3804.53..3809.37 rows=968 width=121)
	  ->  Sort  (cost=3804.53..3806.95 rows=968 width=121)
	        Sort Key: c
	        ->  Bitmap Heap Scan on sbtest6  (cost=34.36..3756.52 rows=968 width=121)
	              Recheck Cond: ((id >= 6304287) AND (id <= 6305286))
	              ->  Bitmap Index Scan on sbtest6_pkey  (cost=0.00..34.12 rows=968 width=0)
	                    Index Cond: ((id >= 6304287) AND (id <= 6305286))

table 7 : explain SELECT DISTINCT c FROM sbtest7 WHERE id BETWEEN 4335910 AND 4336909 ORDER BY c
	Unique  (cost=4124.64..4129.89 rows=1050 width=121)
	  ->  Sort  (cost=4124.64..4127.27 rows=1050 width=121)
	        Sort Key: c
	        ->  Bitmap Heap Scan on sbtest7  (cost=35.20..4071.95 rows=1050 width=121)
	              Recheck Cond: ((id >= 4335910) AND (id <= 4336909))
	              ->  Bitmap Index Scan on sbtest7_pkey  (cost=0.00..34.94 rows=1050 width=0)
	                    Index Cond: ((id >= 4335910) AND (id <= 4336909))

table 8 : explain SELECT DISTINCT c FROM sbtest8 WHERE id BETWEEN 2113108 AND 2114107 ORDER BY c
	Unique  (cost=4153.51..4158.80 rows=1058 width=121)
	  ->  Sort  (cost=4153.51..4156.16 rows=1058 width=121)
	        Sort Key: c
	        ->  Bitmap Heap Scan on sbtest8  (cost=35.28..4100.36 rows=1058 width=121)
	              Recheck Cond: ((id >= 2113108) AND (id <= 2114107))
	              ->  Bitmap Index Scan on sbtest8_pkey  (cost=0.00..35.02 rows=1058 width=0)
	                    Index Cond: ((id >= 2113108) AND (id <= 2114107))

explain: for point_selects :: explain SELECT c FROM sbtest%u WHERE id=%u
for point_selects
table 1 : explain SELECT c FROM sbtest1 WHERE id=1698121
	Index Scan using sbtest1_pkey on sbtest1  (cost=0.43..8.45 rows=1 width=121)
	  Index Cond: (id = 1698121)

table 2 : explain SELECT c FROM sbtest2 WHERE id=9720385
	Index Scan using sbtest2_pkey on sbtest2  (cost=0.43..8.45 rows=1 width=121)
	  Index Cond: (id = 9720385)

table 3 : explain SELECT c FROM sbtest3 WHERE id=9171641
	Index Scan using sbtest3_pkey on sbtest3  (cost=0.43..8.45 rows=1 width=121)
	  Index Cond: (id = 9171641)

table 4 : explain SELECT c FROM sbtest4 WHERE id=6653857
	Index Scan using sbtest4_pkey on sbtest4  (cost=0.43..8.45 rows=1 width=121)
	  Index Cond: (id = 6653857)

table 5 : explain SELECT c FROM sbtest5 WHERE id=9890483
	Index Scan using sbtest5_pkey on sbtest5  (cost=0.43..8.45 rows=1 width=121)
	  Index Cond: (id = 9890483)

table 6 : explain SELECT c FROM sbtest6 WHERE id=7414467
	Index Scan using sbtest6_pkey on sbtest6  (cost=0.43..8.45 rows=1 width=121)
	  Index Cond: (id = 7414467)

table 7 : explain SELECT c FROM sbtest7 WHERE id=9463099
	Index Scan using sbtest7_pkey on sbtest7  (cost=0.43..8.45 rows=1 width=121)
	  Index Cond: (id = 9463099)

table 8 : explain SELECT c FROM sbtest8 WHERE id=9801261
	Index Scan using sbtest8_pkey on sbtest8  (cost=0.43..8.45 rows=1 width=121)
	  Index Cond: (id = 9801261)

explain: for point_selects :: explain SELECT c FROM sbtest%u WHERE id=%u
explain: for point_selects :: explain SELECT c FROM sbtest%u WHERE id=%u
for point_selects
table 1 : explain SELECT c FROM sbtest1 WHERE id=7283473
	Index Scan using sbtest1_pkey on sbtest1  (cost=0.43..8.45 rows=1 width=121)
	  Index Cond: (id = 7283473)

table 2 : explain SELECT c FROM sbtest2 WHERE id=3787863
	Index Scan using sbtest2_pkey on sbtest2  (cost=0.43..8.45 rows=1 width=121)
	  Index Cond: (id = 3787863)

table 3 : explain SELECT c FROM sbtest3 WHERE id=813313
	Index Scan using sbtest3_pkey on sbtest3  (cost=0.43..8.45 rows=1 width=121)
	  Index Cond: (id = 813313)

table 4 : explain SELECT c FROM sbtest4 WHERE id=1553659
	Index Scan using sbtest4_pkey on sbtest4  (cost=0.43..8.45 rows=1 width=121)
	  Index Cond: (id = 1553659)

table 5 : explain SELECT c FROM sbtest5 WHERE id=9681867
	Index Scan using sbtest5_pkey on sbtest5  (cost=0.43..8.45 rows=1 width=121)
	  Index Cond: (id = 9681867)

table 6 : explain SELECT c FROM sbtest6 WHERE id=2795152
	Index Scan using sbtest6_pkey on sbtest6  (cost=0.43..8.45 rows=1 width=121)
	  Index Cond: (id = 2795152)

table 7 : explain SELECT c FROM sbtest7 WHERE id=2705585
	Index Scan using sbtest7_pkey on sbtest7  (cost=0.43..8.45 rows=1 width=121)
	  Index Cond: (id = 2705585)

table 8 : explain SELECT c FROM sbtest8 WHERE id=5669463
	Index Scan using sbtest8_pkey on sbtest8  (cost=0.43..8.45 rows=1 width=121)
	  Index Cond: (id = 5669463)

explain: for point_selects :: explain SELECT c FROM sbtest%u WHERE id=%u
for: distinct_ranges
table 1 : explain SELECT DISTINCT c FROM sbtest1 WHERE id BETWEEN 1191577 AND 1192576 ORDER BY c
	Unique  (cost=4023.46..4028.58 rows=1025 width=121)
	  ->  Sort  (cost=4023.46..4026.02 rows=1025 width=121)
	        Sort Key: c
	        ->  Bitmap Heap Scan on sbtest1  (cost=34.94..3972.20 rows=1025 width=121)
	              Recheck Cond: ((id >= 1191577) AND (id <= 1192576))
	              ->  Bitmap Index Scan on sbtest1_pkey  (cost=0.00..34.69 rows=1025 width=0)
	                    Index Cond: ((id >= 1191577) AND (id <= 1192576))

table 2 : explain SELECT DISTINCT c FROM sbtest2 WHERE id BETWEEN 8404158 AND 8405157 ORDER BY c
	Unique  (cost=3926.80..3931.80 rows=1000 width=121)
	  ->  Sort  (cost=3926.80..3929.30 rows=1000 width=121)
	        Sort Key: c
	        ->  Bitmap Heap Scan on sbtest2  (cost=34.69..3876.97 rows=1000 width=121)
	              Recheck Cond: ((id >= 8404158) AND (id <= 8405157))
	              ->  Bitmap Index Scan on sbtest2_pkey  (cost=0.00..34.44 rows=1000 width=0)
	                    Index Cond: ((id >= 8404158) AND (id <= 8405157))

table 3 : explain SELECT DISTINCT c FROM sbtest3 WHERE id BETWEEN 2064679 AND 2065678 ORDER BY c
	Unique  (cost=4327.71..4333.22 rows=1103 width=121)
	  ->  Sort  (cost=4327.71..4330.46 rows=1103 width=121)
	        Sort Key: c
	        ->  Bitmap Heap Scan on sbtest3  (cost=39.74..4271.97 rows=1103 width=121)
	              Recheck Cond: ((id >= 2064679) AND (id <= 2065678))
	              ->  Bitmap Index Scan on sbtest3_pkey  (cost=0.00..39.47 rows=1103 width=0)
	                    Index Cond: ((id >= 2064679) AND (id <= 2065678))

table 4 : explain SELECT DISTINCT c FROM sbtest4 WHERE id BETWEEN 409158 AND 410157 ORDER BY c
	Unique  (cost=4131.61..4136.87 rows=1052 width=121)
	  ->  Sort  (cost=4131.61..4134.24 rows=1052 width=121)
	        Sort Key: c
	        ->  Bitmap Heap Scan on sbtest4  (cost=35.22..4078.80 rows=1052 width=121)
	              Recheck Cond: ((id >= 409158) AND (id <= 410157))
	              ->  Bitmap Index Scan on sbtest4_pkey  (cost=0.00..34.95 rows=1052 width=0)
	                    Index Cond: ((id >= 409158) AND (id <= 410157))

table 5 : explain SELECT DISTINCT c FROM sbtest5 WHERE id BETWEEN 5256737 AND 5257736 ORDER BY c
	Unique  (cost=3744.40..3749.16 rows=953 width=121)
	  ->  Sort  (cost=3744.40..3746.78 rows=953 width=121)
	        Sort Key: c
	        ->  Bitmap Heap Scan on sbtest5  (cost=34.20..3697.24 rows=953 width=121)
	              Recheck Cond: ((id >= 5256737) AND (id <= 5257736))
	              ->  Bitmap Index Scan on sbtest5_pkey  (cost=0.00..33.97 rows=953 width=0)
	                    Index Cond: ((id >= 5256737) AND (id <= 5257736))

table 6 : explain SELECT DISTINCT c FROM sbtest6 WHERE id BETWEEN 9926519 AND 9927518 ORDER BY c
	Unique  (cost=4202.55..4207.91 rows=1072 width=121)
	  ->  Sort  (cost=4202.55..4205.23 rows=1072 width=121)
	        Sort Key: c
	        ->  Bitmap Heap Scan on sbtest6  (cost=35.42..4148.60 rows=1072 width=121)
	              Recheck Cond: ((id >= 9926519) AND (id <= 9927518))
	              ->  Bitmap Index Scan on sbtest6_pkey  (cost=0.00..35.16 rows=1072 width=0)
	                    Index Cond: ((id >= 9926519) AND (id <= 9927518))

table 7 : explain SELECT DISTINCT c FROM sbtest7 WHERE id BETWEEN 3550754 AND 3551753 ORDER BY c
	Unique  (cost=3971.26..3976.31 rows=1010 width=121)
	  ->  Sort  (cost=3971.26..3973.78 rows=1010 width=121)
	        Sort Key: c
	        ->  Bitmap Heap Scan on sbtest7  (cost=34.79..3920.86 rows=1010 width=121)
	              Recheck Cond: ((id >= 3550754) AND (id <= 3551753))
	              ->  Bitmap Index Scan on sbtest7_pkey  (cost=0.00..34.54 rows=1010 width=0)
	                    Index Cond: ((id >= 3550754) AND (id <= 3551753))

table 8 : explain SELECT DISTINCT c FROM sbtest8 WHERE id BETWEEN 9800098 AND 9801097 ORDER BY c
	Unique  (cost=4065.42..4070.59 rows=1035 width=121)
	  ->  Sort  (cost=4065.42..4068.00 rows=1035 width=121)
	        Sort Key: c
	        ->  Bitmap Heap Scan on sbtest8  (cost=35.04..4013.59 rows=1035 width=121)
	              Recheck Cond: ((id >= 9800098) AND (id <= 9801097))
	              ->  Bitmap Index Scan on sbtest8_pkey  (cost=0.00..34.79 rows=1035 width=0)
	                    Index Cond: ((id >= 9800098) AND (id <= 9801097))

explain: for point_selects :: explain SELECT c FROM sbtest%u WHERE id=%u
for: simple_ranges
table 1 : explain SELECT c FROM sbtest1 WHERE id BETWEEN 9972990 AND 9973989
	Bitmap Heap Scan on sbtest1  (cost=34.14..3677.74 rows=947 width=121)
	  Recheck Cond: ((id >= 9972990) AND (id <= 9973989))
	  ->  Bitmap Index Scan on sbtest1_pkey  (cost=0.00..33.91 rows=947 width=0)
	        Index Cond: ((id >= 9972990) AND (id <= 9973989))

table 2 : explain SELECT c FROM sbtest2 WHERE id BETWEEN 6682060 AND 6683059
	Bitmap Heap Scan on sbtest2  (cost=39.89..4325.19 rows=1118 width=121)
	  Recheck Cond: ((id >= 6682060) AND (id <= 6683059))
	  ->  Bitmap Index Scan on sbtest2_pkey  (cost=0.00..39.62 rows=1118 width=0)
	        Index Cond: ((id >= 6682060) AND (id <= 6683059))

table 3 : explain SELECT c FROM sbtest3 WHERE id BETWEEN 567263 AND 568262
	Bitmap Heap Scan on sbtest3  (cost=34.71..3887.24 rows=1002 width=121)
	  Recheck Cond: ((id >= 567263) AND (id <= 568262))
	  ->  Bitmap Index Scan on sbtest3_pkey  (cost=0.00..34.45 rows=1002 width=0)
	        Index Cond: ((id >= 567263) AND (id <= 568262))

table 4 : explain SELECT c FROM sbtest4 WHERE id BETWEEN 7369679 AND 7370678
	Bitmap Heap Scan on sbtest4  (cost=35.26..4093.90 rows=1056 width=121)
	  Recheck Cond: ((id >= 7369679) AND (id <= 7370678))
	  ->  Bitmap Index Scan on sbtest4_pkey  (cost=0.00..35.00 rows=1056 width=0)
	        Index Cond: ((id >= 7369679) AND (id <= 7370678))

table 5 : explain SELECT c FROM sbtest5 WHERE id BETWEEN 5753881 AND 5754880
	Bitmap Heap Scan on sbtest5  (cost=33.94..3599.07 rows=927 width=121)
	  Recheck Cond: ((id >= 5753881) AND (id <= 5754880))
	  ->  Bitmap Index Scan on sbtest5_pkey  (cost=0.00..33.70 rows=927 width=0)
	        Index Cond: ((id >= 5753881) AND (id <= 5754880))

table 6 : explain SELECT c FROM sbtest6 WHERE id BETWEEN 1264834 AND 1265833
	Bitmap Heap Scan on sbtest6  (cost=40.05..4378.21 rows=1133 width=121)
	  Recheck Cond: ((id >= 1264834) AND (id <= 1265833))
	  ->  Bitmap Index Scan on sbtest6_pkey  (cost=0.00..39.77 rows=1133 width=0)
	        Index Cond: ((id >= 1264834) AND (id <= 1265833))

table 7 : explain SELECT c FROM sbtest7 WHERE id BETWEEN 7458584 AND 7459583
	Bitmap Heap Scan on sbtest7  (cost=34.75..3905.74 rows=1006 width=121)
	  Recheck Cond: ((id >= 7458584) AND (id <= 7459583))
	  ->  Bitmap Index Scan on sbtest7_pkey  (cost=0.00..34.50 rows=1006 width=0)
	        Index Cond: ((id >= 7458584) AND (id <= 7459583))

table 8 : explain SELECT c FROM sbtest8 WHERE id BETWEEN 438349 AND 439348
	Bitmap Heap Scan on sbtest8  (cost=35.07..4024.91 rows=1038 width=121)
	  Recheck Cond: ((id >= 438349) AND (id <= 439348))
	  ->  Bitmap Index Scan on sbtest8_pkey  (cost=0.00..34.82 rows=1038 width=0)
	        Index Cond: ((id >= 438349) AND (id <= 439348))

for: order_ranges
table 1 : explain SELECT c FROM sbtest1 WHERE id BETWEEN 6805280 AND 6806279 ORDER BY c
	Sort  (cost=3470.91..3473.11 rows=882 width=121)
	  Sort Key: c
	  ->  Bitmap Heap Scan on sbtest1  (cost=29.48..3427.76 rows=882 width=121)
	        Recheck Cond: ((id >= 6805280) AND (id <= 6806279))
	        ->  Bitmap Index Scan on sbtest1_pkey  (cost=0.00..29.25 rows=882 width=0)
	              Index Cond: ((id >= 6805280) AND (id <= 6806279))

table 2 : explain SELECT c FROM sbtest2 WHERE id BETWEEN 682949 AND 683948 ORDER BY c
	Sort  (cost=4110.45..4113.07 rows=1048 width=121)
	  Sort Key: c
	  ->  Bitmap Heap Scan on sbtest2  (cost=35.18..4057.88 rows=1048 width=121)
	        Recheck Cond: ((id >= 682949) AND (id <= 683948))
	        ->  Bitmap Index Scan on sbtest2_pkey  (cost=0.00..34.92 rows=1048 width=0)
	              Index Cond: ((id >= 682949) AND (id <= 683948))

table 3 : explain SELECT c FROM sbtest3 WHERE id BETWEEN 2001578 AND 2002577 ORDER BY c
	Sort  (cost=4327.71..4330.46 rows=1103 width=121)
	  Sort Key: c
	  ->  Bitmap Heap Scan on sbtest3  (cost=39.74..4271.97 rows=1103 width=121)
	        Recheck Cond: ((id >= 2001578) AND (id <= 2002577))
	        ->  Bitmap Index Scan on sbtest3_pkey  (cost=0.00..39.47 rows=1103 width=0)
	              Index Cond: ((id >= 2001578) AND (id <= 2002577))

table 4 : explain SELECT c FROM sbtest4 WHERE id BETWEEN 5340780 AND 5341779 ORDER BY c
	Sort  (cost=4089.46..4092.06 rows=1041 width=121)
	  Sort Key: c
	  ->  Bitmap Heap Scan on sbtest4  (cost=35.11..4037.28 rows=1041 width=121)
	        Recheck Cond: ((id >= 5340780) AND (id <= 5341779))
	        ->  Bitmap Index Scan on sbtest4_pkey  (cost=0.00..34.84 rows=1041 width=0)
	              Index Cond: ((id >= 5340780) AND (id <= 5341779))

table 5 : explain SELECT c FROM sbtest5 WHERE id BETWEEN 1435669 AND 1436668 ORDER BY c
	Sort  (cost=3966.39..3968.92 rows=1011 width=121)
	  Sort Key: c
	  ->  Bitmap Heap Scan on sbtest5  (cost=34.80..3915.93 rows=1011 width=121)
	        Recheck Cond: ((id >= 1435669) AND (id <= 1436668))
	        ->  Bitmap Index Scan on sbtest5_pkey  (cost=0.00..34.55 rows=1011 width=0)
	              Index Cond: ((id >= 1435669) AND (id <= 1436668))

table 6 : explain SELECT c FROM sbtest6 WHERE id BETWEEN 7313127 AND 7314126 ORDER BY c
	Sort  (cost=3927.13..3929.63 rows=1000 width=121)
	  Sort Key: c
	  ->  Bitmap Heap Scan on sbtest6  (cost=34.69..3877.31 rows=1000 width=121)
	        Recheck Cond: ((id >= 7313127) AND (id <= 7314126))
	        ->  Bitmap Index Scan on sbtest6_pkey  (cost=0.00..34.44 rows=1000 width=0)
	              Index Cond: ((id >= 7313127) AND (id <= 7314126))

table 7 : explain SELECT c FROM sbtest7 WHERE id BETWEEN 5779025 AND 5780024 ORDER BY c
	Sort  (cost=3529.09..3531.33 rows=896 width=121)
	  Sort Key: c
	  ->  Bitmap Heap Scan on sbtest7  (cost=29.62..3485.15 rows=896 width=121)
	        Recheck Cond: ((id >= 5779025) AND (id <= 5780024))
	        ->  Bitmap Index Scan on sbtest7_pkey  (cost=0.00..29.39 rows=896 width=0)
	              Index Cond: ((id >= 5779025) AND (id <= 5780024))

table 8 : explain SELECT c FROM sbtest8 WHERE id BETWEEN 604155 AND 605154 ORDER BY c
	Sort  (cost=3976.00..3978.51 rows=1002 width=121)
	  Sort Key: c
	  ->  Index Scan using sbtest8_pkey on sbtest8  (cost=0.43..3926.06 rows=1002 width=121)
	        Index Cond: ((id >= 604155) AND (id <= 605154))

for: simple_ranges
table 1 : explain SELECT c FROM sbtest1 WHERE id BETWEEN 4292140 AND 4293139
	Bitmap Heap Scan on sbtest1  (cost=34.42..3779.76 rows=974 width=121)
	  Recheck Cond: ((id >= 4292140) AND (id <= 4293139))
	  ->  Bitmap Index Scan on sbtest1_pkey  (cost=0.00..34.18 rows=974 width=0)
	        Index Cond: ((id >= 4292140) AND (id <= 4293139))

table 2 : explain SELECT c FROM sbtest2 WHERE id BETWEEN 1616914 AND 1617913
	Bitmap Heap Scan on sbtest2  (cost=34.43..3782.63 rows=975 width=121)
	  Recheck Cond: ((id >= 1616914) AND (id <= 1617913))
	  ->  Bitmap Index Scan on sbtest2_pkey  (cost=0.00..34.19 rows=975 width=0)
	        Index Cond: ((id >= 1616914) AND (id <= 1617913))

table 3 : explain SELECT c FROM sbtest3 WHERE id BETWEEN 1826837 AND 1827836
	Bitmap Heap Scan on sbtest3  (cost=35.48..4173.84 rows=1078 width=121)
	  Recheck Cond: ((id >= 1826837) AND (id <= 1827836))
	  ->  Bitmap Index Scan on sbtest3_pkey  (cost=0.00..35.22 rows=1078 width=0)
	        Index Cond: ((id >= 1826837) AND (id <= 1827836))

table 4 : explain SELECT c FROM sbtest4 WHERE id BETWEEN 2128896 AND 2129895
	Bitmap Heap Scan on sbtest4  (cost=39.77..4286.41 rows=1106 width=121)
	  Recheck Cond: ((id >= 2128896) AND (id <= 2129895))
	  ->  Bitmap Index Scan on sbtest4_pkey  (cost=0.00..39.50 rows=1106 width=0)
	        Index Cond: ((id >= 2128896) AND (id <= 2129895))

table 5 : explain SELECT c FROM sbtest5 WHERE id BETWEEN 5060194 AND 5061193
	Bitmap Heap Scan on sbtest5  (cost=34.87..3942.30 rows=1018 width=121)
	  Recheck Cond: ((id >= 5060194) AND (id <= 5061193))
	  ->  Bitmap Index Scan on sbtest5_pkey  (cost=0.00..34.62 rows=1018 width=0)
	        Index Cond: ((id >= 5060194) AND (id <= 5061193))

table 6 : explain SELECT c FROM sbtest6 WHERE id BETWEEN 3003459 AND 3004458
	Bitmap Heap Scan on sbtest6  (cost=34.76..3903.71 rows=1007 width=121)
	  Recheck Cond: ((id >= 3003459) AND (id <= 3004458))
	  ->  Bitmap Index Scan on sbtest6_pkey  (cost=0.00..34.51 rows=1007 width=0)
	        Index Cond: ((id >= 3003459) AND (id <= 3004458))

table 7 : explain SELECT c FROM sbtest7 WHERE id BETWEEN 7099378 AND 7100377
	Bitmap Heap Scan on sbtest7  (cost=34.37..3765.78 rows=969 width=121)
	  Recheck Cond: ((id >= 7099378) AND (id <= 7100377))
	  ->  Bitmap Index Scan on sbtest7_pkey  (cost=0.00..34.12 rows=969 width=0)
	        Index Cond: ((id >= 7099378) AND (id <= 7100377))

table 8 : explain SELECT c FROM sbtest8 WHERE id BETWEEN 9810775 AND 9811774
	Bitmap Heap Scan on sbtest8  (cost=35.04..4013.59 rows=1035 width=121)
	  Recheck Cond: ((id >= 9810775) AND (id <= 9811774))
	  ->  Bitmap Index Scan on sbtest8_pkey  (cost=0.00..34.79 rows=1035 width=0)
	        Index Cond: ((id >= 9810775) AND (id <= 9811774))

for: simple_ranges
table 1 : explain SELECT c FROM sbtest1 WHERE id BETWEEN 1989978 AND 1990977
	Bitmap Heap Scan on sbtest1  (cost=34.73..3893.00 rows=1004 width=121)
	  Recheck Cond: ((id >= 1989978) AND (id <= 1990977))
	  ->  Bitmap Index Scan on sbtest1_pkey  (cost=0.00..34.48 rows=1004 width=0)
	        Index Cond: ((id >= 1989978) AND (id <= 1990977))

table 2 : explain SELECT c FROM sbtest2 WHERE id BETWEEN 6190014 AND 6191013
	Bitmap Heap Scan on sbtest2  (cost=34.67..3873.20 rows=999 width=121)
	  Recheck Cond: ((id >= 6190014) AND (id <= 6191013))
	  ->  Bitmap Index Scan on sbtest2_pkey  (cost=0.00..34.43 rows=999 width=0)
	        Index Cond: ((id >= 6190014) AND (id <= 6191013))

table 3 : explain SELECT c FROM sbtest3 WHERE id BETWEEN 3726733 AND 3727732
	Bitmap Heap Scan on sbtest3  (cost=39.98..4358.49 rows=1126 width=121)
	  Recheck Cond: ((id >= 3726733) AND (id <= 3727732))
	  ->  Bitmap Index Scan on sbtest3_pkey  (cost=0.00..39.70 rows=1126 width=0)
	        Index Cond: ((id >= 3726733) AND (id <= 3727732))

table 4 : explain SELECT c FROM sbtest4 WHERE id BETWEEN 3036172 AND 3037171
	Bitmap Heap Scan on sbtest4  (cost=40.70..4625.04 rows=1197 width=121)
	  Recheck Cond: ((id >= 3036172) AND (id <= 3037171))
	  ->  Bitmap Index Scan on sbtest4_pkey  (cost=0.00..40.41 rows=1197 width=0)
	        Index Cond: ((id >= 3036172) AND (id <= 3037171))

table 5 : explain SELECT c FROM sbtest5 WHERE id BETWEEN 9583817 AND 9584816
	Bitmap Heap Scan on sbtest5  (cost=34.56..3829.26 rows=988 width=121)
	  Recheck Cond: ((id >= 9583817) AND (id <= 9584816))
	  ->  Bitmap Index Scan on sbtest5_pkey  (cost=0.00..34.32 rows=988 width=0)
	        Index Cond: ((id >= 9583817) AND (id <= 9584816))

table 6 : explain SELECT c FROM sbtest6 WHERE id BETWEEN 5760762 AND 5761761
	Bitmap Heap Scan on sbtest6  (cost=34.81..3922.57 rows=1012 width=121)
	  Recheck Cond: ((id >= 5760762) AND (id <= 5761761))
	  ->  Bitmap Index Scan on sbtest6_pkey  (cost=0.00..34.56 rows=1012 width=0)
	        Index Cond: ((id >= 5760762) AND (id <= 5761761))

table 7 : explain SELECT c FROM sbtest7 WHERE id BETWEEN 7883923 AND 7884922
	Bitmap Heap Scan on sbtest7  (cost=34.75..3905.74 rows=1006 width=121)
	  Recheck Cond: ((id >= 7883923) AND (id <= 7884922))
	  ->  Bitmap Index Scan on sbtest7_pkey  (cost=0.00..34.50 rows=1006 width=0)
	        Index Cond: ((id >= 7883923) AND (id <= 7884922))

table 8 : explain SELECT c FROM sbtest8 WHERE id BETWEEN 8783291 AND 8784290
	Bitmap Heap Scan on sbtest8  (cost=35.18..4062.64 rows=1048 width=121)
	  Recheck Cond: ((id >= 8783291) AND (id <= 8784290))
	  ->  Bitmap Index Scan on sbtest8_pkey  (cost=0.00..34.92 rows=1048 width=0)
	        Index Cond: ((id >= 8783291) AND (id <= 8784290))

for point_selects
table 1 : explain SELECT c FROM sbtest1 WHERE id=6528382
	Index Scan using sbtest1_pkey on sbtest1  (cost=0.43..8.45 rows=1 width=121)
	  Index Cond: (id = 6528382)

table 2 : explain SELECT c FROM sbtest2 WHERE id=1222045
	Index Scan using sbtest2_pkey on sbtest2  (cost=0.43..8.45 rows=1 width=121)
	  Index Cond: (id = 1222045)

table 3 : explain SELECT c FROM sbtest3 WHERE id=7771156
	Index Scan using sbtest3_pkey on sbtest3  (cost=0.43..8.45 rows=1 width=121)
	  Index Cond: (id = 7771156)

table 4 : explain SELECT c FROM sbtest4 WHERE id=4856151
	Index Scan using sbtest4_pkey on sbtest4  (cost=0.43..8.45 rows=1 width=121)
	  Index Cond: (id = 4856151)

table 5 : explain SELECT c FROM sbtest5 WHERE id=5455357
	Index Scan using sbtest5_pkey on sbtest5  (cost=0.43..8.45 rows=1 width=121)
	  Index Cond: (id = 5455357)

table 6 : explain SELECT c FROM sbtest6 WHERE id=3104445
	Index Scan using sbtest6_pkey on sbtest6  (cost=0.43..8.45 rows=1 width=121)
	  Index Cond: (id = 3104445)

table 7 : explain SELECT c FROM sbtest7 WHERE id=7955773
	Index Scan using sbtest7_pkey on sbtest7  (cost=0.43..8.45 rows=1 width=121)
	  Index Cond: (id = 7955773)

table 8 : explain SELECT c FROM sbtest8 WHERE id=6864073
	Index Scan using sbtest8_pkey on sbtest8  (cost=0.43..8.45 rows=1 width=121)
	  Index Cond: (id = 6864073)

for: simple_ranges
table 1 : explain SELECT c FROM sbtest1 WHERE id BETWEEN 655584 AND 656583
	Bitmap Heap Scan on sbtest1  (cost=29.76..3533.79 rows=910 width=121)
	  Recheck Cond: ((id >= 655584) AND (id <= 656583))
	  ->  Bitmap Index Scan on sbtest1_pkey  (cost=0.00..29.54 rows=910 width=0)
	        Index Cond: ((id >= 655584) AND (id <= 656583))

table 2 : explain SELECT c FROM sbtest2 WHERE id BETWEEN 7778373 AND 7779372
	Bitmap Heap Scan on sbtest2  (cost=35.26..4088.00 rows=1056 width=121)
	  Recheck Cond: ((id >= 7778373) AND (id <= 7779372))
	  ->  Bitmap Index Scan on sbtest2_pkey  (cost=0.00..35.00 rows=1056 width=0)
	        Index Cond: ((id >= 7778373) AND (id <= 7779372))

table 3 : explain SELECT c FROM sbtest3 WHERE id BETWEEN 2246477 AND 2247476
	Bitmap Heap Scan on sbtest3  (cost=34.79..3917.44 rows=1010 width=121)
	  Recheck Cond: ((id >= 2246477) AND (id <= 2247476))
	  ->  Bitmap Index Scan on sbtest3_pkey  (cost=0.00..34.54 rows=1010 width=0)
	        Index Cond: ((id >= 2246477) AND (id <= 2247476))

table 4 : explain SELECT c FROM sbtest4 WHERE id BETWEEN 6185356 AND 6186355
	Bitmap Heap Scan on sbtest4  (cost=34.50..3814.34 rows=982 width=121)
	  Recheck Cond: ((id >= 6185356) AND (id <= 6186355))
	  ->  Bitmap Index Scan on sbtest4_pkey  (cost=0.00..34.26 rows=982 width=0)
	        Index Cond: ((id >= 6185356) AND (id <= 6186355))

table 5 : explain SELECT c FROM sbtest5 WHERE id BETWEEN 1743305 AND 1744304
	Bitmap Heap Scan on sbtest5  (cost=34.48..3799.10 rows=980 width=121)
	  Recheck Cond: ((id >= 1743305) AND (id <= 1744304))
	  ->  Bitmap Index Scan on sbtest5_pkey  (cost=0.00..34.23 rows=980 width=0)
	        Index Cond: ((id >= 1743305) AND (id <= 1744304))

table 6 : explain SELECT c FROM sbtest6 WHERE id BETWEEN 4717415 AND 4718414
	Bitmap Heap Scan on sbtest6  (cost=35.64..4227.60 rows=1093 width=121)
	  Recheck Cond: ((id >= 4717415) AND (id <= 4718414))
	  ->  Bitmap Index Scan on sbtest6_pkey  (cost=0.00..35.37 rows=1093 width=0)
	        Index Cond: ((id >= 4717415) AND (id <= 4718414))

table 7 : explain SELECT c FROM sbtest7 WHERE id BETWEEN 55087 AND 56086
	Bitmap Heap Scan on sbtest7  (cost=35.42..4154.98 rows=1072 width=121)
	  Recheck Cond: ((id >= 55087) AND (id <= 56086))
	  ->  Bitmap Index Scan on sbtest7_pkey  (cost=0.00..35.16 rows=1072 width=0)
	        Index Cond: ((id >= 55087) AND (id <= 56086))

table 8 : explain SELECT c FROM sbtest8 WHERE id BETWEEN 9270862 AND 9271861
	Bitmap Heap Scan on sbtest8  (cost=35.35..4126.76 rows=1065 width=121)
	  Recheck Cond: ((id >= 9270862) AND (id <= 9271861))
	  ->  Bitmap Index Scan on sbtest8_pkey  (cost=0.00..35.09 rows=1065 width=0)
	        Index Cond: ((id >= 9270862) AND (id <= 9271861))

for point_selects
table 1 : explain SELECT c FROM sbtest1 WHERE id=4082924
	Index Scan using sbtest1_pkey on sbtest1  (cost=0.43..8.45 rows=1 width=121)
	  Index Cond: (id = 4082924)

table 2 : explain SELECT c FROM sbtest2 WHERE id=1733408
	Index Scan using sbtest2_pkey on sbtest2  (cost=0.43..8.45 rows=1 width=121)
	  Index Cond: (id = 1733408)

table 3 : explain SELECT c FROM sbtest3 WHERE id=7955725
	Index Scan using sbtest3_pkey on sbtest3  (cost=0.43..8.45 rows=1 width=121)
	  Index Cond: (id = 7955725)

table 4 : explain SELECT c FROM sbtest4 WHERE id=809850
	Index Scan using sbtest4_pkey on sbtest4  (cost=0.43..8.45 rows=1 width=121)
	  Index Cond: (id = 809850)

table 5 : explain SELECT c FROM sbtest5 WHERE id=6990729
	Index Scan using sbtest5_pkey on sbtest5  (cost=0.43..8.45 rows=1 width=121)
	  Index Cond: (id = 6990729)

table 6 : explain SELECT c FROM sbtest6 WHERE id=3930066
	Index Scan using sbtest6_pkey on sbtest6  (cost=0.43..8.45 rows=1 width=121)
	  Index Cond: (id = 3930066)

table 7 : explain SELECT c FROM sbtest7 WHERE id=2759177
	Index Scan using sbtest7_pkey on sbtest7  (cost=0.43..8.45 rows=1 width=121)
	  Index Cond: (id = 2759177)

table 8 : explain SELECT c FROM sbtest8 WHERE id=8574602
	Index Scan using sbtest8_pkey on sbtest8  (cost=0.43..8.45 rows=1 width=121)
	  Index Cond: (id = 8574602)

for: sum_ranges
table 1 : explain SELECT SUM(k) FROM sbtest1 WHERE id BETWEEN 2569147 AND 2570146
	Aggregate  (cost=3986.08..3986.09 rows=1 width=8)
	  ->  Bitmap Heap Scan on sbtest1  (cost=34.97..3983.51 rows=1028 width=4)
	        Recheck Cond: ((id >= 2569147) AND (id <= 2570146))
	        ->  Bitmap Index Scan on sbtest1_pkey  (cost=0.00..34.72 rows=1028 width=0)
	              Index Cond: ((id >= 2569147) AND (id <= 2570146))

table 2 : explain SELECT SUM(k) FROM sbtest2 WHERE id BETWEEN 3327457 AND 3328456
	Aggregate  (cost=3277.48..3277.49 rows=1 width=8)
	  ->  Bitmap Heap Scan on sbtest2  (cost=29.07..3275.38 rows=842 width=4)
	        Recheck Cond: ((id >= 3327457) AND (id <= 3328456))
	        ->  Bitmap Index Scan on sbtest2_pkey  (cost=0.00..28.86 rows=842 width=0)
	              Index Cond: ((id >= 3327457) AND (id <= 3328456))

table 3 : explain SELECT SUM(k) FROM sbtest3 WHERE id BETWEEN 9664075 AND 9665074
	Aggregate  (cost=3942.63..3942.64 rows=1 width=8)
	  ->  Bitmap Heap Scan on sbtest3  (cost=34.85..3940.09 rows=1016 width=4)
	        Recheck Cond: ((id >= 9664075) AND (id <= 9665074))
	        ->  Bitmap Index Scan on sbtest3_pkey  (cost=0.00..34.59 rows=1016 width=0)
	              Index Cond: ((id >= 9664075) AND (id <= 9665074))

table 4 : explain SELECT SUM(k) FROM sbtest4 WHERE id BETWEEN 8358112 AND 8359111
	Aggregate  (cost=4209.76..4209.77 rows=1 width=8)
	  ->  Bitmap Heap Scan on sbtest4  (cost=35.57..4207.04 rows=1086 width=4)
	        Recheck Cond: ((id >= 8358112) AND (id <= 8359111))
	        ->  Bitmap Index Scan on sbtest4_pkey  (cost=0.00..35.30 rows=1086 width=0)
	              Index Cond: ((id >= 8358112) AND (id <= 8359111))

table 5 : explain SELECT SUM(k) FROM sbtest5 WHERE id BETWEEN 1551926 AND 1552925
	Aggregate  (cost=3676.96..3676.97 rows=1 width=8)
	  ->  Bitmap Heap Scan on sbtest5  (cost=34.14..3674.59 rows=947 width=4)
	        Recheck Cond: ((id >= 1551926) AND (id <= 1552925))
	        ->  Bitmap Index Scan on sbtest5_pkey  (cost=0.00..33.91 rows=947 width=0)
	              Index Cond: ((id >= 1551926) AND (id <= 1552925))

table 6 : explain SELECT SUM(k) FROM sbtest6 WHERE id BETWEEN 5937173 AND 5938172
	Aggregate  (cost=3868.48..3868.49 rows=1 width=8)
	  ->  Bitmap Heap Scan on sbtest6  (cost=34.65..3865.99 rows=997 width=4)
	        Recheck Cond: ((id >= 5937173) AND (id <= 5938172))
	        ->  Bitmap Index Scan on sbtest6_pkey  (cost=0.00..34.41 rows=997 width=0)
	              Index Cond: ((id >= 5937173) AND (id <= 5938172))

table 7 : explain SELECT SUM(k) FROM sbtest7 WHERE id BETWEEN 5920857 AND 5921856
	Aggregate  (cost=4180.30..4180.31 rows=1 width=8)
	  ->  Bitmap Heap Scan on sbtest7  (cost=35.48..4177.61 rows=1078 width=4)
	        Recheck Cond: ((id >= 5920857) AND (id <= 5921856))
	        ->  Bitmap Index Scan on sbtest7_pkey  (cost=0.00..35.22 rows=1078 width=0)
	              Index Cond: ((id >= 5920857) AND (id <= 5921856))

table 8 : explain SELECT SUM(k) FROM sbtest8 WHERE id BETWEEN 6168040 AND 6169039
	Aggregate  (cost=4016.17..4016.18 rows=1 width=8)
	  ->  Bitmap Heap Scan on sbtest8  (cost=35.04..4013.59 rows=1035 width=4)
	        Recheck Cond: ((id >= 6168040) AND (id <= 6169039))
	        ->  Bitmap Index Scan on sbtest8_pkey  (cost=0.00..34.79 rows=1035 width=0)
	              Index Cond: ((id >= 6168040) AND (id <= 6169039))

for: distinct_ranges
table 1 : explain SELECT DISTINCT c FROM sbtest1 WHERE id BETWEEN 7489989 AND 7490988 ORDER BY c
	Unique  (cost=3989.01..3994.09 rows=1016 width=121)
	  ->  Sort  (cost=3989.01..3991.55 rows=1016 width=121)
	        Sort Key: c
	        ->  Bitmap Heap Scan on sbtest1  (cost=34.85..3938.27 rows=1016 width=121)
	              Recheck Cond: ((id >= 7489989) AND (id <= 7490988))
	              ->  Bitmap Index Scan on sbtest1_pkey  (cost=0.00..34.59 rows=1016 width=0)
	                    Index Cond: ((id >= 7489989) AND (id <= 7490988))

table 2 : explain SELECT DISTINCT c FROM sbtest2 WHERE id BETWEEN 9982763 AND 9983762 ORDER BY c
	Unique  (cost=4129.57..4134.83 rows=1053 width=121)
	  ->  Sort  (cost=4129.57..4132.20 rows=1053 width=121)
	        Sort Key: c
	        ->  Bitmap Heap Scan on sbtest2  (cost=35.23..4076.71 rows=1053 width=121)
	              Recheck Cond: ((id >= 9982763) AND (id <= 9983762))
	              ->  Bitmap Index Scan on sbtest2_pkey  (cost=0.00..34.97 rows=1053 width=0)
	                    Index Cond: ((id >= 9982763) AND (id <= 9983762))

table 3 : explain SELECT DISTINCT c FROM sbtest3 WHERE id BETWEEN 3944997 AND 3945996 ORDER BY c
	Unique  (cost=3591.75..3596.31 rows=912 width=121)
	  ->  Sort  (cost=3591.75..3594.03 rows=912 width=121)
	        Sort Key: c
	        ->  Bitmap Heap Scan on sbtest3  (cost=33.78..3546.91 rows=912 width=121)
	              Recheck Cond: ((id >= 3944997) AND (id <= 3945996))
	              ->  Bitmap Index Scan on sbtest3_pkey  (cost=0.00..33.56 rows=912 width=0)
	                    Index Cond: ((id >= 3944997) AND (id <= 3945996))

table 4 : explain SELECT DISTINCT c FROM sbtest4 WHERE id BETWEEN 5072076 AND 5073075 ORDER BY c
	Unique  (cost=3770.97..3775.76 rows=958 width=121)
	  ->  Sort  (cost=3770.97..3773.36 rows=958 width=121)
	        Sort Key: c
	        ->  Bitmap Heap Scan on sbtest4  (cost=34.25..3723.53 rows=958 width=121)
	              Recheck Cond: ((id >= 5072076) AND (id <= 5073075))
	              ->  Bitmap Index Scan on sbtest4_pkey  (cost=0.00..34.02 rows=958 width=0)
	                    Index Cond: ((id >= 5072076) AND (id <= 5073075))

table 5 : explain SELECT DISTINCT c FROM sbtest5 WHERE id BETWEEN 1495819 AND 1496818 ORDER BY c
	Unique  (cost=3721.41..3726.14 rows=947 width=121)
	  ->  Sort  (cost=3721.41..3723.78 rows=947 width=121)
	        Sort Key: c
	        ->  Bitmap Heap Scan on sbtest5  (cost=34.14..3674.59 rows=947 width=121)
	              Recheck Cond: ((id >= 1495819) AND (id <= 1496818))
	              ->  Bitmap Index Scan on sbtest5_pkey  (cost=0.00..33.91 rows=947 width=0)
	                    Index Cond: ((id >= 1495819) AND (id <= 1496818))

table 6 : explain SELECT DISTINCT c FROM sbtest6 WHERE id BETWEEN 954431 AND 955430 ORDER BY c
	Unique  (cost=3735.51..3740.26 rows=950 width=121)
	  ->  Sort  (cost=3735.51..3737.89 rows=950 width=121)
	        Sort Key: c
	        ->  Bitmap Heap Scan on sbtest6  (cost=34.17..3688.52 rows=950 width=121)
	              Recheck Cond: ((id >= 954431) AND (id <= 955430))
	              ->  Bitmap Index Scan on sbtest6_pkey  (cost=0.00..33.94 rows=950 width=0)
	                    Index Cond: ((id >= 954431) AND (id <= 955430))

table 7 : explain SELECT DISTINCT c FROM sbtest7 WHERE id BETWEEN 7117136 AND 7118135 ORDER BY c
	Unique  (cost=3813.85..3818.69 rows=969 width=121)
	  ->  Sort  (cost=3813.85..3816.27 rows=969 width=121)
	        Sort Key: c
	        ->  Bitmap Heap Scan on sbtest7  (cost=34.37..3765.78 rows=969 width=121)
	              Recheck Cond: ((id >= 7117136) AND (id <= 7118135))
	              ->  Bitmap Index Scan on sbtest7_pkey  (cost=0.00..34.12 rows=969 width=0)
	                    Index Cond: ((id >= 7117136) AND (id <= 7118135))

table 8 : explain SELECT DISTINCT c FROM sbtest8 WHERE id BETWEEN 5388208 AND 5389207 ORDER BY c
	Unique  (cost=3782.22..3786.99 rows=953 width=121)
	  ->  Sort  (cost=3782.22..3784.60 rows=953 width=121)
	        Sort Key: c
	        ->  Index Scan using sbtest8_pkey on sbtest8  (cost=0.43..3735.06 rows=953 width=121)
	              Index Cond: ((id >= 5388208) AND (id <= 5389207))

for point_selects
table 1 : explain SELECT c FROM sbtest1 WHERE id=5578447
	Index Scan using sbtest1_pkey on sbtest1  (cost=0.43..8.45 rows=1 width=121)
	  Index Cond: (id = 5578447)

table 2 : explain SELECT c FROM sbtest2 WHERE id=5663124
	Index Scan using sbtest2_pkey on sbtest2  (cost=0.43..8.45 rows=1 width=121)
	  Index Cond: (id = 5663124)

table 3 : explain SELECT c FROM sbtest3 WHERE id=3537145
	Index Scan using sbtest3_pkey on sbtest3  (cost=0.43..8.45 rows=1 width=121)
	  Index Cond: (id = 3537145)

table 4 : explain SELECT c FROM sbtest4 WHERE id=4067400
	Index Scan using sbtest4_pkey on sbtest4  (cost=0.43..8.45 rows=1 width=121)
	  Index Cond: (id = 4067400)

table 5 : explain SELECT c FROM sbtest5 WHERE id=590932
	Index Scan using sbtest5_pkey on sbtest5  (cost=0.43..8.45 rows=1 width=121)
	  Index Cond: (id = 590932)

table 6 : explain SELECT c FROM sbtest6 WHERE id=224301
	Index Scan using sbtest6_pkey on sbtest6  (cost=0.43..8.45 rows=1 width=121)
	  Index Cond: (id = 224301)

table 7 : explain SELECT c FROM sbtest7 WHERE id=1565673
	Index Scan using sbtest7_pkey on sbtest7  (cost=0.43..8.45 rows=1 width=121)
	  Index Cond: (id = 1565673)

table 8 : explain SELECT c FROM sbtest8 WHERE id=1441482
	Index Scan using sbtest8_pkey on sbtest8  (cost=0.43..8.45 rows=1 width=121)
	  Index Cond: (id = 1441482)

for: order_ranges
table 1 : explain SELECT c FROM sbtest1 WHERE id BETWEEN 3889404 AND 3890403 ORDER BY c
	Sort  (cost=4310.37..4313.12 rows=1099 width=121)
	  Sort Key: c
	  ->  Bitmap Heap Scan on sbtest1  (cost=39.70..4254.86 rows=1099 width=121)
	        Recheck Cond: ((id >= 3889404) AND (id <= 3890403))
	        ->  Bitmap Index Scan on sbtest1_pkey  (cost=0.00..39.43 rows=1099 width=0)
	              Index Cond: ((id >= 3889404) AND (id <= 3890403))

table 2 : explain SELECT c FROM sbtest2 WHERE id BETWEEN 5915606 AND 5916605 ORDER BY c
	Sort  (cost=4003.36..4005.91 rows=1020 width=121)
	  Sort Key: c
	  ->  Bitmap Heap Scan on sbtest2  (cost=34.89..3952.38 rows=1020 width=121)
	        Recheck Cond: ((id >= 5915606) AND (id <= 5916605))
	        ->  Bitmap Index Scan on sbtest2_pkey  (cost=0.00..34.64 rows=1020 width=0)
	              Index Cond: ((id >= 5915606) AND (id <= 5916605))

table 3 : explain SELECT c FROM sbtest3 WHERE id BETWEEN 8215164 AND 8216163 ORDER BY c
	Sort  (cost=3668.60..3670.93 rows=932 width=121)
	  Sort Key: c
	  ->  Bitmap Heap Scan on sbtest3  (cost=33.99..3622.63 rows=932 width=121)
	        Recheck Cond: ((id >= 8215164) AND (id <= 8216163))
	        ->  Bitmap Index Scan on sbtest3_pkey  (cost=0.00..33.76 rows=932 width=0)
	              Index Cond: ((id >= 8215164) AND (id <= 8216163))

table 4 : explain SELECT c FROM sbtest4 WHERE id BETWEEN 9841996 AND 9842995 ORDER BY c
	Sort  (cost=3859.30..3861.76 rows=981 width=121)
	  Sort Key: c
	  ->  Bitmap Heap Scan on sbtest4  (cost=34.49..3810.56 rows=981 width=121)
	        Recheck Cond: ((id >= 9841996) AND (id <= 9842995))
	        ->  Bitmap Index Scan on sbtest4_pkey  (cost=0.00..34.25 rows=981 width=0)
	              Index Cond: ((id >= 9841996) AND (id <= 9842995))

table 5 : explain SELECT c FROM sbtest5 WHERE id BETWEEN 6643968 AND 6644967 ORDER BY c
	Sort  (cost=4065.77..4068.36 rows=1037 width=121)
	  Sort Key: c
	  ->  Bitmap Heap Scan on sbtest5  (cost=35.06..4013.83 rows=1037 width=121)
	        Recheck Cond: ((id >= 6643968) AND (id <= 6644967))
	        ->  Bitmap Index Scan on sbtest5_pkey  (cost=0.00..34.81 rows=1037 width=0)
	              Index Cond: ((id >= 6643968) AND (id <= 6644967))

table 6 : explain SELECT c FROM sbtest6 WHERE id BETWEEN 1060313 AND 1061312 ORDER BY c
	Sort  (cost=3881.17..3883.64 rows=988 width=121)
	  Sort Key: c
	  ->  Bitmap Heap Scan on sbtest6  (cost=34.56..3832.03 rows=988 width=121)
	        Recheck Cond: ((id >= 1060313) AND (id <= 1061312))
	        ->  Bitmap Index Scan on sbtest6_pkey  (cost=0.00..34.32 rows=988 width=0)
	              Index Cond: ((id >= 1060313) AND (id <= 1061312))

table 7 : explain SELECT c FROM sbtest7 WHERE id BETWEEN 9521489 AND 9522488 ORDER BY c
	Sort  (cost=4044.14..4046.71 rows=1029 width=121)
	  Sort Key: c
	  ->  Bitmap Heap Scan on sbtest7  (cost=34.98..3992.65 rows=1029 width=121)
	        Recheck Cond: ((id >= 9521489) AND (id <= 9522488))
	        ->  Bitmap Index Scan on sbtest7_pkey  (cost=0.00..34.73 rows=1029 width=0)
	              Index Cond: ((id >= 9521489) AND (id <= 9522488))

table 8 : explain SELECT c FROM sbtest8 WHERE id BETWEEN 8661523 AND 8662522 ORDER BY c
	Sort  (cost=4061.59..4064.17 rows=1034 width=121)
	  Sort Key: c
	  ->  Bitmap Heap Scan on sbtest8  (cost=35.03..4009.81 rows=1034 width=121)
	        Recheck Cond: ((id >= 8661523) AND (id <= 8662522))
	        ->  Bitmap Index Scan on sbtest8_pkey  (cost=0.00..34.78 rows=1034 width=0)
	              Index Cond: ((id >= 8661523) AND (id <= 8662522))

for point_selects
table 1 : explain SELECT c FROM sbtest1 WHERE id=5962605
	Index Scan using sbtest1_pkey on sbtest1  (cost=0.43..8.45 rows=1 width=121)
	  Index Cond: (id = 5962605)

table 2 : explain SELECT c FROM sbtest2 WHERE id=1804329
	Index Scan using sbtest2_pkey on sbtest2  (cost=0.43..8.45 rows=1 width=121)
	  Index Cond: (id = 1804329)

table 3 : explain SELECT c FROM sbtest3 WHERE id=9735684
	Index Scan using sbtest3_pkey on sbtest3  (cost=0.43..8.45 rows=1 width=121)
	  Index Cond: (id = 9735684)

table 4 : explain SELECT c FROM sbtest4 WHERE id=7129849
	Index Scan using sbtest4_pkey on sbtest4  (cost=0.43..8.45 rows=1 width=121)
	  Index Cond: (id = 7129849)

table 5 : explain SELECT c FROM sbtest5 WHERE id=3310549
	Index Scan using sbtest5_pkey on sbtest5  (cost=0.43..8.45 rows=1 width=121)
	  Index Cond: (id = 3310549)

table 6 : explain SELECT c FROM sbtest6 WHERE id=4094905
	Index Scan using sbtest6_pkey on sbtest6  (cost=0.43..8.45 rows=1 width=121)
	  Index Cond: (id = 4094905)

table 7 : explain SELECT c FROM sbtest7 WHERE id=9507530
	Index Scan using sbtest7_pkey on sbtest7  (cost=0.43..8.45 rows=1 width=121)
	  Index Cond: (id = 9507530)

table 8 : explain SELECT c FROM sbtest8 WHERE id=365156
	Index Scan using sbtest8_pkey on sbtest8  (cost=0.43..8.45 rows=1 width=121)
	  Index Cond: (id = 365156)

for: sum_ranges
table 1 : explain SELECT SUM(k) FROM sbtest1 WHERE id BETWEEN 3011745 AND 3012744
	Aggregate  (cost=3933.26..3933.27 rows=1 width=8)
	  ->  Bitmap Heap Scan on sbtest1  (cost=34.83..3930.72 rows=1014 width=4)
	        Recheck Cond: ((id >= 3011745) AND (id <= 3012744))
	        ->  Bitmap Index Scan on sbtest1_pkey  (cost=0.00..34.58 rows=1014 width=0)
	              Index Cond: ((id >= 3011745) AND (id <= 3012744))

table 2 : explain SELECT SUM(k) FROM sbtest2 WHERE id BETWEEN 8508563 AND 8509562
	Aggregate  (cost=3577.11..3577.12 rows=1 width=8)
	  ->  Bitmap Heap Scan on sbtest2  (cost=33.87..3574.81 rows=920 width=4)
	        Recheck Cond: ((id >= 8508563) AND (id <= 8509562))
	        ->  Bitmap Index Scan on sbtest2_pkey  (cost=0.00..33.64 rows=920 width=0)
	              Index Cond: ((id >= 8508563) AND (id <= 8509562))

table 3 : explain SELECT SUM(k) FROM sbtest3 WHERE id BETWEEN 3333638 AND 3334637
	Aggregate  (cost=4150.15..4150.16 rows=1 width=8)
	  ->  Bitmap Heap Scan on sbtest3  (cost=35.41..4147.47 rows=1071 width=4)
	        Recheck Cond: ((id >= 3333638) AND (id <= 3334637))
	        ->  Bitmap Index Scan on sbtest3_pkey  (cost=0.00..35.15 rows=1071 width=0)
	              Index Cond: ((id >= 3333638) AND (id <= 3334637))

table 4 : explain SELECT SUM(k) FROM sbtest4 WHERE id BETWEEN 1478481 AND 1479480
	Aggregate  (cost=3418.49..3418.50 rows=1 width=8)
	  ->  Bitmap Heap Scan on sbtest4  (cost=29.43..3416.30 rows=878 width=4)
	        Recheck Cond: ((id >= 1478481) AND (id <= 1479480))
	        ->  Bitmap Index Scan on sbtest4_pkey  (cost=0.00..29.21 rows=878 width=0)
	              Index Cond: ((id >= 1478481) AND (id <= 1479480))

table 5 : explain SELECT SUM(k) FROM sbtest5 WHERE id BETWEEN 9746265 AND 9747264
	Aggregate  (cost=3941.07..3941.08 rows=1 width=8)
	  ->  Bitmap Heap Scan on sbtest5  (cost=34.86..3938.53 rows=1017 width=4)
	        Recheck Cond: ((id >= 9746265) AND (id <= 9747264))
	        ->  Bitmap Index Scan on sbtest5_pkey  (cost=0.00..34.61 rows=1017 width=0)
	              Index Cond: ((id >= 9746265) AND (id <= 9747264))

table 6 : explain SELECT SUM(k) FROM sbtest6 WHERE id BETWEEN 4775128 AND 4776127
	Aggregate  (cost=3671.99..3672.00 rows=1 width=8)
	  ->  Bitmap Heap Scan on sbtest6  (cost=34.12..3669.63 rows=945 width=4)
	        Recheck Cond: ((id >= 4775128) AND (id <= 4776127))
	        ->  Bitmap Index Scan on sbtest6_pkey  (cost=0.00..33.89 rows=945 width=0)
	              Index Cond: ((id >= 4775128) AND (id <= 4776127))

table 7 : explain SELECT SUM(k) FROM sbtest7 WHERE id BETWEEN 5500461 AND 5501460
	Aggregate  (cost=3983.88..3983.89 rows=1 width=8)
	  ->  Bitmap Heap Scan on sbtest7  (cost=34.95..3981.32 rows=1026 width=4)
	        Recheck Cond: ((id >= 5500461) AND (id <= 5501460))
	        ->  Bitmap Index Scan on sbtest7_pkey  (cost=0.00..34.70 rows=1026 width=0)
	              Index Cond: ((id >= 5500461) AND (id <= 5501460))

table 8 : explain SELECT SUM(k) FROM sbtest8 WHERE id BETWEEN 6403964 AND 6404963
	Aggregate  (cost=3978.40..3978.41 rows=1 width=8)
	  ->  Bitmap Heap Scan on sbtest8  (cost=34.94..3975.84 rows=1025 width=4)
	        Recheck Cond: ((id >= 6403964) AND (id <= 6404963))
	        ->  Bitmap Index Scan on sbtest8_pkey  (cost=0.00..34.69 rows=1025 width=0)
	              Index Cond: ((id >= 6403964) AND (id <= 6404963))

for: simple_ranges
table 1 : explain SELECT c FROM sbtest1 WHERE id BETWEEN 8939799 AND 8940798
	Bitmap Heap Scan on sbtest1  (cost=34.71..3885.45 rows=1002 width=121)
	  Recheck Cond: ((id >= 8939799) AND (id <= 8940798))
	  ->  Bitmap Index Scan on sbtest1_pkey  (cost=0.00..34.45 rows=1002 width=0)
	        Index Cond: ((id >= 8939799) AND (id <= 8940798))

table 2 : explain SELECT c FROM sbtest2 WHERE id BETWEEN 7131138 AND 7132137
	Bitmap Heap Scan on sbtest2  (cost=35.15..4046.58 rows=1045 width=121)
	  Recheck Cond: ((id >= 7131138) AND (id <= 7132137))
	  ->  Bitmap Index Scan on sbtest2_pkey  (cost=0.00..34.89 rows=1045 width=0)
	        Index Cond: ((id >= 7131138) AND (id <= 7132137))

table 3 : explain SELECT c FROM sbtest3 WHERE id BETWEEN 6414025 AND 6415024
	Bitmap Heap Scan on sbtest3  (cost=34.49..3807.92 rows=981 width=121)
	  Recheck Cond: ((id >= 6414025) AND (id <= 6415024))
	  ->  Bitmap Index Scan on sbtest3_pkey  (cost=0.00..34.25 rows=981 width=0)
	        Index Cond: ((id >= 6414025) AND (id <= 6415024))

table 4 : explain SELECT c FROM sbtest4 WHERE id BETWEEN 6196588 AND 6197587
	Bitmap Heap Scan on sbtest4  (cost=34.03..3640.22 rows=936 width=121)
	  Recheck Cond: ((id >= 6196588) AND (id <= 6197587))
	  ->  Bitmap Index Scan on sbtest4_pkey  (cost=0.00..33.80 rows=936 width=0)
	        Index Cond: ((id >= 6196588) AND (id <= 6197587))

table 5 : explain SELECT c FROM sbtest5 WHERE id BETWEEN 4169079 AND 4170078
	Bitmap Heap Scan on sbtest5  (cost=34.49..3802.87 rows=981 width=121)
	  Recheck Cond: ((id >= 4169079) AND (id <= 4170078))
	  ->  Bitmap Index Scan on sbtest5_pkey  (cost=0.00..34.25 rows=981 width=0)
	        Index Cond: ((id >= 4169079) AND (id <= 4170078))

table 6 : explain SELECT c FROM sbtest6 WHERE id BETWEEN 1537938 AND 1538937
	Bitmap Heap Scan on sbtest6  (cost=34.08..3654.51 rows=941 width=121)
	  Recheck Cond: ((id >= 1537938) AND (id <= 1538937))
	  ->  Bitmap Index Scan on sbtest6_pkey  (cost=0.00..33.84 rows=941 width=0)
	        Index Cond: ((id >= 1537938) AND (id <= 1538937))

table 7 : explain SELECT c FROM sbtest7 WHERE id BETWEEN 2279249 AND 2280248
	Bitmap Heap Scan on sbtest7  (cost=35.01..4003.99 rows=1032 width=121)
	  Recheck Cond: ((id >= 2279249) AND (id <= 2280248))
	  ->  Bitmap Index Scan on sbtest7_pkey  (cost=0.00..34.76 rows=1032 width=0)
	        Index Cond: ((id >= 2279249) AND (id <= 2280248))

table 8 : explain SELECT c FROM sbtest8 WHERE id BETWEEN 6833689 AND 6834688
	Index Scan using sbtest8_pkey on sbtest8  (cost=0.43..3855.89 rows=984 width=121)
	  Index Cond: ((id >= 6833689) AND (id <= 6834688))

for point_selects
table 1 : explain SELECT c FROM sbtest1 WHERE id=8263164
	Index Scan using sbtest1_pkey on sbtest1  (cost=0.43..8.45 rows=1 width=121)
	  Index Cond: (id = 8263164)

table 2 : explain SELECT c FROM sbtest2 WHERE id=3455024
	Index Scan using sbtest2_pkey on sbtest2  (cost=0.43..8.45 rows=1 width=121)
	  Index Cond: (id = 3455024)

table 3 : explain SELECT c FROM sbtest3 WHERE id=2836515
	Index Scan using sbtest3_pkey on sbtest3  (cost=0.43..8.45 rows=1 width=121)
	  Index Cond: (id = 2836515)

table 4 : explain SELECT c FROM sbtest4 WHERE id=5609912
	Index Scan using sbtest4_pkey on sbtest4  (cost=0.43..8.45 rows=1 width=121)
	  Index Cond: (id = 5609912)

table 5 : explain SELECT c FROM sbtest5 WHERE id=5313838
	Index Scan using sbtest5_pkey on sbtest5  (cost=0.43..8.45 rows=1 width=121)
	  Index Cond: (id = 5313838)

table 6 : explain SELECT c FROM sbtest6 WHERE id=3814970
	Index Scan using sbtest6_pkey on sbtest6  (cost=0.43..8.45 rows=1 width=121)
	  Index Cond: (id = 3814970)

table 7 : explain SELECT c FROM sbtest7 WHERE id=5340146
	Index Scan using sbtest7_pkey on sbtest7  (cost=0.43..8.45 rows=1 width=121)
	  Index Cond: (id = 5340146)

table 8 : explain SELECT c FROM sbtest8 WHERE id=8469610
	Index Scan using sbtest8_pkey on sbtest8  (cost=0.43..8.45 rows=1 width=121)
	  Index Cond: (id = 8469610)

for point_selects
table 1 : explain SELECT c FROM sbtest1 WHERE id=860574
	Index Scan using sbtest1_pkey on sbtest1  (cost=0.43..8.45 rows=1 width=121)
	  Index Cond: (id = 860574)

table 2 : explain SELECT c FROM sbtest2 WHERE id=1440276
	Index Scan using sbtest2_pkey on sbtest2  (cost=0.43..8.45 rows=1 width=121)
	  Index Cond: (id = 1440276)

table 3 : explain SELECT c FROM sbtest3 WHERE id=372905
	Index Scan using sbtest3_pkey on sbtest3  (cost=0.43..8.45 rows=1 width=121)
	  Index Cond: (id = 372905)

table 4 : explain SELECT c FROM sbtest4 WHERE id=83466
	Index Scan using sbtest4_pkey on sbtest4  (cost=0.43..8.45 rows=1 width=121)
	  Index Cond: (id = 83466)

table 5 : explain SELECT c FROM sbtest5 WHERE id=8909396
	Index Scan using sbtest5_pkey on sbtest5  (cost=0.43..8.45 rows=1 width=121)
	  Index Cond: (id = 8909396)

table 6 : explain SELECT c FROM sbtest6 WHERE id=2318914
	Index Scan using sbtest6_pkey on sbtest6  (cost=0.43..8.45 rows=1 width=121)
	  Index Cond: (id = 2318914)

table 7 : explain SELECT c FROM sbtest7 WHERE id=8597188
	Index Scan using sbtest7_pkey on sbtest7  (cost=0.43..8.45 rows=1 width=121)
	  Index Cond: (id = 8597188)

table 8 : explain SELECT c FROM sbtest8 WHERE id=5236752
	Index Scan using sbtest8_pkey on sbtest8  (cost=0.43..8.45 rows=1 width=121)
	  Index Cond: (id = 5236752)

for: sum_ranges
table 1 : explain SELECT SUM(k) FROM sbtest1 WHERE id BETWEEN 3853555 AND 3854554
	Aggregate  (cost=3585.50..3585.51 rows=1 width=8)
	  ->  Bitmap Heap Scan on sbtest1  (cost=33.89..3583.20 rows=922 width=4)
	        Recheck Cond: ((id >= 3853555) AND (id <= 3854554))
	        ->  Bitmap Index Scan on sbtest1_pkey  (cost=0.00..33.66 rows=922 width=0)
	              Index Cond: ((id >= 3853555) AND (id <= 3854554))

table 2 : explain SELECT SUM(k) FROM sbtest2 WHERE id BETWEEN 3217084 AND 3218083
	Aggregate  (cost=3792.63..3792.64 rows=1 width=8)
	  ->  Bitmap Heap Scan on sbtest2  (cost=34.45..3790.18 rows=977 width=4)
	        Recheck Cond: ((id >= 3217084) AND (id <= 3218083))
	        ->  Bitmap Index Scan on sbtest2_pkey  (cost=0.00..34.20 rows=977 width=0)
	              Index Cond: ((id >= 3217084) AND (id <= 3218083))

table 3 : explain SELECT SUM(k) FROM sbtest3 WHERE id BETWEEN 3532224 AND 3533223
	Aggregate  (cost=3776.34..3776.35 rows=1 width=8)
	  ->  Bitmap Heap Scan on sbtest3  (cost=34.40..3773.91 rows=972 width=4)
	        Recheck Cond: ((id >= 3532224) AND (id <= 3533223))
	        ->  Bitmap Index Scan on sbtest3_pkey  (cost=0.00..34.16 rows=972 width=0)
	              Index Cond: ((id >= 3532224) AND (id <= 3533223))

table 4 : explain SELECT SUM(k) FROM sbtest4 WHERE id BETWEEN 8975814 AND 8976813
	Aggregate  (cost=4292.95..4292.96 rows=1 width=8)
	  ->  Bitmap Heap Scan on sbtest4  (cost=39.78..4290.18 rows=1107 width=4)
	        Recheck Cond: ((id >= 8975814) AND (id <= 8976813))
	        ->  Bitmap Index Scan on sbtest4_pkey  (cost=0.00..39.51 rows=1107 width=0)
	              Index Cond: ((id >= 8975814) AND (id <= 8976813))

table 5 : explain SELECT SUM(k) FROM sbtest5 WHERE id BETWEEN 1721889 AND 1722888
	Aggregate  (cost=3801.55..3801.56 rows=1 width=8)
	  ->  Bitmap Heap Scan on sbtest5  (cost=34.48..3799.10 rows=980 width=4)
	        Recheck Cond: ((id >= 1721889) AND (id <= 1722888))
	        ->  Bitmap Index Scan on sbtest5_pkey  (cost=0.00..34.23 rows=980 width=0)
	              Index Cond: ((id >= 1721889) AND (id <= 1722888))

table 6 : explain SELECT SUM(k) FROM sbtest6 WHERE id BETWEEN 857745 AND 858744
	Aggregate  (cost=4302.06..4302.07 rows=1 width=8)
	  ->  Bitmap Heap Scan on sbtest6  (cost=39.82..4299.28 rows=1111 width=4)
	        Recheck Cond: ((id >= 857745) AND (id <= 858744))
	        ->  Bitmap Index Scan on sbtest6_pkey  (cost=0.00..39.55 rows=1111 width=0)
	              Index Cond: ((id >= 857745) AND (id <= 858744))

table 7 : explain SELECT SUM(k) FROM sbtest7 WHERE id BETWEEN 9763142 AND 9764141
	Aggregate  (cost=4301.25..4301.26 rows=1 width=8)
	  ->  Bitmap Heap Scan on sbtest7  (cost=39.80..4298.48 rows=1109 width=4)
	        Recheck Cond: ((id >= 9763142) AND (id <= 9764141))
	        ->  Bitmap Index Scan on sbtest7_pkey  (cost=0.00..39.53 rows=1109 width=0)
	              Index Cond: ((id >= 9763142) AND (id <= 9764141))

table 8 : explain SELECT SUM(k) FROM sbtest8 WHERE id BETWEEN 2890555 AND 2891554
	Aggregate  (cost=4148.29..4148.30 rows=1 width=8)
	  ->  Bitmap Heap Scan on sbtest8  (cost=35.40..4145.61 rows=1070 width=4)
	        Recheck Cond: ((id >= 2890555) AND (id <= 2891554))
	        ->  Bitmap Index Scan on sbtest8_pkey  (cost=0.00..35.14 rows=1070 width=0)
	              Index Cond: ((id >= 2890555) AND (id <= 2891554))

for: simple_ranges
table 1 : explain SELECT c FROM sbtest1 WHERE id BETWEEN 2023173 AND 2024172
	Bitmap Heap Scan on sbtest1  (cost=34.74..3896.77 rows=1005 width=121)
	  Recheck Cond: ((id >= 2023173) AND (id <= 2024172))
	  ->  Bitmap Index Scan on sbtest1_pkey  (cost=0.00..34.48 rows=1005 width=0)
	        Index Cond: ((id >= 2023173) AND (id <= 2024172))

table 2 : explain SELECT c FROM sbtest2 WHERE id BETWEEN 8187898 AND 8188897
	Bitmap Heap Scan on sbtest2  (cost=34.95..3975.00 rows=1026 width=121)
	  Recheck Cond: ((id >= 8187898) AND (id <= 8188897))
	  ->  Bitmap Index Scan on sbtest2_pkey  (cost=0.00..34.70 rows=1026 width=0)
	        Index Cond: ((id >= 8187898) AND (id <= 8188897))

table 3 : explain SELECT c FROM sbtest3 WHERE id BETWEEN 2856537 AND 2857536
	Bitmap Heap Scan on sbtest3  (cost=35.44..4158.78 rows=1074 width=121)
	  Recheck Cond: ((id >= 2856537) AND (id <= 2857536))
	  ->  Bitmap Index Scan on sbtest3_pkey  (cost=0.00..35.18 rows=1074 width=0)
	        Index Cond: ((id >= 2856537) AND (id <= 2857536))

table 4 : explain SELECT c FROM sbtest4 WHERE id BETWEEN 2642204 AND 2643203
	Bitmap Heap Scan on sbtest4  (cost=34.58..3844.59 rows=990 width=121)
	  Recheck Cond: ((id >= 2642204) AND (id <= 2643203))
	  ->  Bitmap Index Scan on sbtest4_pkey  (cost=0.00..34.34 rows=990 width=0)
	        Index Cond: ((id >= 2642204) AND (id <= 2643203))

table 5 : explain SELECT c FROM sbtest5 WHERE id BETWEEN 1889664 AND 1890663
	Bitmap Heap Scan on sbtest5  (cost=34.15..3678.37 rows=948 width=121)
	  Recheck Cond: ((id >= 1889664) AND (id <= 1890663))
	  ->  Bitmap Index Scan on sbtest5_pkey  (cost=0.00..33.92 rows=948 width=0)
	        Index Cond: ((id >= 1889664) AND (id <= 1890663))

table 6 : explain SELECT c FROM sbtest6 WHERE id BETWEEN 1133965 AND 1134964
	Bitmap Heap Scan on sbtest6  (cost=34.18..3692.30 rows=951 width=121)
	  Recheck Cond: ((id >= 1133965) AND (id <= 1134964))
	  ->  Bitmap Index Scan on sbtest6_pkey  (cost=0.00..33.95 rows=951 width=0)
	        Index Cond: ((id >= 1133965) AND (id <= 1134964))

table 7 : explain SELECT c FROM sbtest7 WHERE id BETWEEN 8040443 AND 8041442
	Bitmap Heap Scan on sbtest7  (cost=34.62..3860.37 rows=994 width=121)
	  Recheck Cond: ((id >= 8040443) AND (id <= 8041442))
	  ->  Bitmap Index Scan on sbtest7_pkey  (cost=0.00..34.38 rows=994 width=0)
	        Index Cond: ((id >= 8040443) AND (id <= 8041442))

table 8 : explain SELECT c FROM sbtest8 WHERE id BETWEEN 1529722 AND 1530721
	Index Scan using sbtest8_pkey on sbtest8  (cost=0.43..3867.58 rows=987 width=121)
	  Index Cond: ((id >= 1529722) AND (id <= 1530721))

for: sum_ranges
table 1 : explain SELECT SUM(k) FROM sbtest1 WHERE id BETWEEN 2719300 AND 2720299
	Aggregate  (cost=3940.81..3940.82 rows=1 width=8)
	  ->  Bitmap Heap Scan on sbtest1  (cost=34.85..3938.27 rows=1016 width=4)
	        Recheck Cond: ((id >= 2719300) AND (id <= 2720299))
	        ->  Bitmap Index Scan on sbtest1_pkey  (cost=0.00..34.59 rows=1016 width=0)
	              Index Cond: ((id >= 2719300) AND (id <= 2720299))

table 2 : explain SELECT SUM(k) FROM sbtest2 WHERE id BETWEEN 462720 AND 463719
	Aggregate  (cost=3705.71..3705.72 rows=1 width=8)
	  ->  Bitmap Heap Scan on sbtest2  (cost=34.21..3703.33 rows=954 width=4)
	        Recheck Cond: ((id >= 462720) AND (id <= 463719))
	        ->  Bitmap Index Scan on sbtest2_pkey  (cost=0.00..33.98 rows=954 width=0)
	              Index Cond: ((id >= 462720) AND (id <= 463719))

table 3 : explain SELECT SUM(k) FROM sbtest3 WHERE id BETWEEN 8301014 AND 8302013
	Aggregate  (cost=3795.25..3795.26 rows=1 width=8)
	  ->  Bitmap Heap Scan on sbtest3  (cost=34.45..3792.81 rows=977 width=4)
	        Recheck Cond: ((id >= 8301014) AND (id <= 8302013))
	        ->  Bitmap Index Scan on sbtest3_pkey  (cost=0.00..34.20 rows=977 width=0)
	              Index Cond: ((id >= 8301014) AND (id <= 8302013))

table 4 : explain SELECT SUM(k) FROM sbtest4 WHERE id BETWEEN 7450834 AND 7451833
	Aggregate  (cost=4179.57..4179.58 rows=1 width=8)
	  ->  Bitmap Heap Scan on sbtest4  (cost=35.48..4176.88 rows=1078 width=4)
	        Recheck Cond: ((id >= 7450834) AND (id <= 7451833))
	        ->  Bitmap Index Scan on sbtest4_pkey  (cost=0.00..35.22 rows=1078 width=0)
	              Index Cond: ((id >= 7450834) AND (id <= 7451833))

table 5 : explain SELECT SUM(k) FROM sbtest5 WHERE id BETWEEN 7374072 AND 7375071
	Aggregate  (cost=4151.91..4151.92 rows=1 width=8)
	  ->  Bitmap Heap Scan on sbtest5  (cost=35.43..4149.23 rows=1073 width=4)
	        Recheck Cond: ((id >= 7374072) AND (id <= 7375071))
	        ->  Bitmap Index Scan on sbtest5_pkey  (cost=0.00..35.17 rows=1073 width=0)
	              Index Cond: ((id >= 7374072) AND (id <= 7375071))

table 6 : explain SELECT SUM(k) FROM sbtest6 WHERE id BETWEEN 1624554 AND 1625553
	Aggregate  (cost=4079.70..4079.71 rows=1 width=8)
	  ->  Bitmap Heap Scan on sbtest6  (cost=35.23..4077.07 rows=1053 width=4)
	        Recheck Cond: ((id >= 1624554) AND (id <= 1625553))
	        ->  Bitmap Index Scan on sbtest6_pkey  (cost=0.00..34.97 rows=1053 width=0)
	              Index Cond: ((id >= 1624554) AND (id <= 1625553))

table 7 : explain SELECT SUM(k) FROM sbtest7 WHERE id BETWEEN 9884240 AND 9885239
	Aggregate  (cost=3639.36..3639.37 rows=1 width=8)
	  ->  Bitmap Heap Scan on sbtest7  (cost=34.02..3637.02 rows=935 width=4)
	        Recheck Cond: ((id >= 9884240) AND (id <= 9885239))
	        ->  Bitmap Index Scan on sbtest7_pkey  (cost=0.00..33.79 rows=935 width=0)
	              Index Cond: ((id >= 9884240) AND (id <= 9885239))

table 8 : explain SELECT SUM(k) FROM sbtest8 WHERE id BETWEEN 6623270 AND 6624269
	Aggregate  (cost=3803.76..3803.77 rows=1 width=8)
	  ->  Index Scan using sbtest8_pkey on sbtest8  (cost=0.43..3801.34 rows=970 width=4)
	        Index Cond: ((id >= 6623270) AND (id <= 6624269))

explain: for point_selects :: explain SELECT c FROM sbtest%u WHERE id=%u
for: simple_ranges
table 1 : explain SELECT c FROM sbtest1 WHERE id BETWEEN 6306692 AND 6307691
	Bitmap Heap Scan on sbtest1  (cost=34.56..3832.62 rows=988 width=121)
	  Recheck Cond: ((id >= 6306692) AND (id <= 6307691))
	  ->  Bitmap Index Scan on sbtest1_pkey  (cost=0.00..34.32 rows=988 width=0)
	        Index Cond: ((id >= 6306692) AND (id <= 6307691))

table 2 : explain SELECT c FROM sbtest2 WHERE id BETWEEN 5660012 AND 5661011
	Bitmap Heap Scan on sbtest2  (cost=34.22..3707.10 rows=955 width=121)
	  Recheck Cond: ((id >= 5660012) AND (id <= 5661011))
	  ->  Bitmap Index Scan on sbtest2_pkey  (cost=0.00..33.98 rows=955 width=0)
	        Index Cond: ((id >= 5660012) AND (id <= 5661011))

table 3 : explain SELECT c FROM sbtest3 WHERE id BETWEEN 4036108 AND 4037107
	Bitmap Heap Scan on sbtest3  (cost=34.05..3645.33 rows=938 width=121)
	  Recheck Cond: ((id >= 4036108) AND (id <= 4037107))
	  ->  Bitmap Index Scan on sbtest3_pkey  (cost=0.00..33.82 rows=938 width=0)
	        Index Cond: ((id >= 4036108) AND (id <= 4037107))

table 4 : explain SELECT c FROM sbtest4 WHERE id BETWEEN 8365365 AND 8366364
	Bitmap Heap Scan on sbtest4  (cost=35.57..4207.04 rows=1086 width=121)
	  Recheck Cond: ((id >= 8365365) AND (id <= 8366364))
	  ->  Bitmap Index Scan on sbtest4_pkey  (cost=0.00..35.30 rows=1086 width=0)
	        Index Cond: ((id >= 8365365) AND (id <= 8366364))

table 5 : explain SELECT c FROM sbtest5 WHERE id BETWEEN 6394334 AND 6395333
	Bitmap Heap Scan on sbtest5  (cost=34.62..3851.88 rows=994 width=121)
	  Recheck Cond: ((id >= 6394334) AND (id <= 6395333))
	  ->  Bitmap Index Scan on sbtest5_pkey  (cost=0.00..34.38 rows=994 width=0)
	        Index Cond: ((id >= 6394334) AND (id <= 6395333))

table 6 : explain SELECT c FROM sbtest6 WHERE id BETWEEN 2934833 AND 2935832
	Bitmap Heap Scan on sbtest6  (cost=34.83..3930.11 rows=1014 width=121)
	  Recheck Cond: ((id >= 2934833) AND (id <= 2935832))
	  ->  Bitmap Index Scan on sbtest6_pkey  (cost=0.00..34.58 rows=1014 width=0)
	        Index Cond: ((id >= 2934833) AND (id <= 2935832))

table 7 : explain SELECT c FROM sbtest7 WHERE id BETWEEN 2326192 AND 2327191
	Bitmap Heap Scan on sbtest7  (cost=35.01..4003.99 rows=1032 width=121)
	  Recheck Cond: ((id >= 2326192) AND (id <= 2327191))
	  ->  Bitmap Index Scan on sbtest7_pkey  (cost=0.00..34.76 rows=1032 width=0)
	        Index Cond: ((id >= 2326192) AND (id <= 2327191))

table 8 : explain SELECT c FROM sbtest8 WHERE id BETWEEN 4420302 AND 4421301
	Index Scan using sbtest8_pkey on sbtest8  (cost=0.43..3816.92 rows=974 width=121)
	  Index Cond: ((id >= 4420302) AND (id <= 4421301))

for: order_ranges
table 1 : explain SELECT c FROM sbtest1 WHERE id BETWEEN 1368525 AND 1369524 ORDER BY c
	Sort  (cost=4107.63..4110.25 rows=1047 width=121)
	  Sort Key: c
	  ->  Bitmap Heap Scan on sbtest1  (cost=35.17..4055.12 rows=1047 width=121)
	        Recheck Cond: ((id >= 1368525) AND (id <= 1369524))
	        ->  Bitmap Index Scan on sbtest1_pkey  (cost=0.00..34.91 rows=1047 width=0)
	              Index Cond: ((id >= 1368525) AND (id <= 1369524))

table 2 : explain SELECT c FROM sbtest2 WHERE id BETWEEN 1831079 AND 1832078 ORDER BY c
	Sort  (cost=3769.71..3772.11 rows=959 width=121)
	  Sort Key: c
	  ->  Bitmap Heap Scan on sbtest2  (cost=34.26..3722.21 rows=959 width=121)
	        Recheck Cond: ((id >= 1831079) AND (id <= 1832078))
	        ->  Bitmap Index Scan on sbtest2_pkey  (cost=0.00..34.03 rows=959 width=0)
	              Index Cond: ((id >= 1831079) AND (id <= 1832078))

table 3 : explain SELECT c FROM sbtest3 WHERE id BETWEEN 9090414 AND 9091413 ORDER BY c
	Sort  (cost=3879.68..3882.15 rows=987 width=121)
	  Sort Key: c
	  ->  Bitmap Heap Scan on sbtest3  (cost=34.55..3830.59 rows=987 width=121)
	        Recheck Cond: ((id >= 9090414) AND (id <= 9091413))
	        ->  Bitmap Index Scan on sbtest3_pkey  (cost=0.00..34.31 rows=987 width=0)
	              Index Cond: ((id >= 9090414) AND (id <= 9091413))

table 4 : explain SELECT c FROM sbtest4 WHERE id BETWEEN 1845584 AND 1846583 ORDER BY c
	Sort  (cost=4097.12..4099.73 rows=1043 width=121)
	  Sort Key: c
	  ->  Bitmap Heap Scan on sbtest4  (cost=35.13..4044.83 rows=1043 width=121)
	        Recheck Cond: ((id >= 1845584) AND (id <= 1846583))
	        ->  Bitmap Index Scan on sbtest4_pkey  (cost=0.00..34.87 rows=1043 width=0)
	              Index Cond: ((id >= 1845584) AND (id <= 1846583))

table 5 : explain SELECT c FROM sbtest5 WHERE id BETWEEN 892359 AND 893358 ORDER BY c
	Sort  (cost=4004.62..4007.18 rows=1021 width=121)
	  Sort Key: c
	  ->  Bitmap Heap Scan on sbtest5  (cost=34.90..3953.59 rows=1021 width=121)
	        Recheck Cond: ((id >= 892359) AND (id <= 893358))
	        ->  Bitmap Index Scan on sbtest5_pkey  (cost=0.00..34.65 rows=1021 width=0)
	              Index Cond: ((id >= 892359) AND (id <= 893358))

table 6 : explain SELECT c FROM sbtest6 WHERE id BETWEEN 329859 AND 330858 ORDER BY c
	Sort  (cost=3693.31..3695.66 rows=939 width=121)
	  Sort Key: c
	  ->  Bitmap Heap Scan on sbtest6  (cost=34.06..3646.95 rows=939 width=121)
	        Recheck Cond: ((id >= 329859) AND (id <= 330858))
	        ->  Bitmap Index Scan on sbtest6_pkey  (cost=0.00..33.83 rows=939 width=0)
	              Index Cond: ((id >= 329859) AND (id <= 330858))

table 7 : explain SELECT c FROM sbtest7 WHERE id BETWEEN 8380732 AND 8381731 ORDER BY c
	Sort  (cost=3813.85..3816.27 rows=969 width=121)
	  Sort Key: c
	  ->  Bitmap Heap Scan on sbtest7  (cost=34.37..3765.78 rows=969 width=121)
	        Recheck Cond: ((id >= 8380732) AND (id <= 8381731))
	        ->  Bitmap Index Scan on sbtest7_pkey  (cost=0.00..34.12 rows=969 width=0)
	              Index Cond: ((id >= 8380732) AND (id <= 8381731))

table 8 : explain SELECT c FROM sbtest8 WHERE id BETWEEN 1949490 AND 1950489 ORDER BY c
	Sort  (cost=3691.27..3693.59 rows=930 width=121)
	  Sort Key: c
	  ->  Index Scan using sbtest8_pkey on sbtest8  (cost=0.43..3645.41 rows=930 width=121)
	        Index Cond: ((id >= 1949490) AND (id <= 1950489))

for: distinct_ranges
table 1 : explain SELECT DISTINCT c FROM sbtest1 WHERE id BETWEEN 8250196 AND 8251195 ORDER BY c
	Unique  (cost=3501.66..3506.11 rows=890 width=121)
	  ->  Sort  (cost=3501.66..3503.89 rows=890 width=121)
	        Sort Key: c
	        ->  Bitmap Heap Scan on sbtest1  (cost=29.56..3458.06 rows=890 width=121)
	              Recheck Cond: ((id >= 8250196) AND (id <= 8251195))
	              ->  Bitmap Index Scan on sbtest1_pkey  (cost=0.00..29.33 rows=890 width=0)
	                    Index Cond: ((id >= 8250196) AND (id <= 8251195))

table 2 : explain SELECT DISTINCT c FROM sbtest2 WHERE id BETWEEN 2921878 AND 2922877 ORDER BY c
	Unique  (cost=3942.11..3947.13 rows=1004 width=121)
	  ->  Sort  (cost=3942.11..3944.62 rows=1004 width=121)
	        Sort Key: c
	        ->  Bitmap Heap Scan on sbtest2  (cost=34.73..3892.06 rows=1004 width=121)
	              Recheck Cond: ((id >= 2921878) AND (id <= 2922877))
	              ->  Bitmap Index Scan on sbtest2_pkey  (cost=0.00..34.48 rows=1004 width=0)
	                    Index Cond: ((id >= 2921878) AND (id <= 2922877))

table 3 : explain SELECT DISTINCT c FROM sbtest3 WHERE id BETWEEN 1211404 AND 1212403 ORDER BY c
	Unique  (cost=3787.61..3792.43 rows=963 width=121)
	  ->  Sort  (cost=3787.61..3790.02 rows=963 width=121)
	        Sort Key: c
	        ->  Bitmap Heap Scan on sbtest3  (cost=34.31..3739.89 rows=963 width=121)
	              Recheck Cond: ((id >= 1211404) AND (id <= 1212403))
	              ->  Bitmap Index Scan on sbtest3_pkey  (cost=0.00..34.07 rows=963 width=0)
	                    Index Cond: ((id >= 1211404) AND (id <= 1212403))

table 4 : explain SELECT DISTINCT c FROM sbtest4 WHERE id BETWEEN 858074 AND 859073 ORDER BY c
	Unique  (cost=4001.28..4006.37 rows=1018 width=121)
	  ->  Sort  (cost=4001.28..4003.83 rows=1018 width=121)
	        Sort Key: c
	        ->  Bitmap Heap Scan on sbtest4  (cost=34.87..3950.42 rows=1018 width=121)
	              Recheck Cond: ((id >= 858074) AND (id <= 859073))
	              ->  Bitmap Index Scan on sbtest4_pkey  (cost=0.00..34.62 rows=1018 width=0)
	                    Index Cond: ((id >= 858074) AND (id <= 859073))

table 5 : explain SELECT DISTINCT c FROM sbtest5 WHERE id BETWEEN 1631801 AND 1632800 ORDER BY c
	Unique  (cost=4317.87..4323.38 rows=1102 width=121)
	  ->  Sort  (cost=4317.87..4320.63 rows=1102 width=121)
	        Sort Key: c
	        ->  Bitmap Heap Scan on sbtest5  (cost=39.73..4262.19 rows=1102 width=121)
	              Recheck Cond: ((id >= 1631801) AND (id <= 1632800))
	              ->  Bitmap Index Scan on sbtest5_pkey  (cost=0.00..39.45 rows=1102 width=0)
	                    Index Cond: ((id >= 1631801) AND (id <= 1632800))

table 6 : explain SELECT DISTINCT c FROM sbtest6 WHERE id BETWEEN 3313989 AND 3314988 ORDER BY c
	Unique  (cost=3773.86..3778.66 rows=960 width=121)
	  ->  Sort  (cost=3773.86..3776.26 rows=960 width=121)
	        Sort Key: c
	        ->  Bitmap Heap Scan on sbtest6  (cost=34.28..3726.31 rows=960 width=121)
	              Recheck Cond: ((id >= 3313989) AND (id <= 3314988))
	              ->  Bitmap Index Scan on sbtest6_pkey  (cost=0.00..34.04 rows=960 width=0)
	                    Index Cond: ((id >= 3313989) AND (id <= 3314988))

table 7 : explain SELECT DISTINCT c FROM sbtest7 WHERE id BETWEEN 9621342 AND 9622341 ORDER BY c
	Unique  (cost=4170.63..4175.94 rows=1062 width=121)
	  ->  Sort  (cost=4170.63..4173.28 rows=1062 width=121)
	        Sort Key: c
	        ->  Bitmap Heap Scan on sbtest7  (cost=35.32..4117.25 rows=1062 width=121)
	              Recheck Cond: ((id >= 9621342) AND (id <= 9622341))
	              ->  Bitmap Index Scan on sbtest7_pkey  (cost=0.00..35.06 rows=1062 width=0)
	                    Index Cond: ((id >= 9621342) AND (id <= 9622341))

table 8 : explain SELECT DISTINCT c FROM sbtest8 WHERE id BETWEEN 3934559 AND 3935558 ORDER BY c
	Unique  (cost=4207.11..4212.47 rows=1072 width=121)
	  ->  Sort  (cost=4207.11..4209.79 rows=1072 width=121)
	        Sort Key: c
	        ->  Bitmap Heap Scan on sbtest8  (cost=35.42..4153.15 rows=1072 width=121)
	              Recheck Cond: ((id >= 3934559) AND (id <= 3935558))
	              ->  Bitmap Index Scan on sbtest8_pkey  (cost=0.00..35.16 rows=1072 width=0)
	                    Index Cond: ((id >= 3934559) AND (id <= 3935558))

for: simple_ranges
table 1 : explain SELECT c FROM sbtest1 WHERE id BETWEEN 821872 AND 822871
	Bitmap Heap Scan on sbtest1  (cost=34.63..3859.04 rows=995 width=121)
	  Recheck Cond: ((id >= 821872) AND (id <= 822871))
	  ->  Bitmap Index Scan on sbtest1_pkey  (cost=0.00..34.39 rows=995 width=0)
	        Index Cond: ((id >= 821872) AND (id <= 822871))

table 2 : explain SELECT c FROM sbtest2 WHERE id BETWEEN 3426823 AND 3427822
	Bitmap Heap Scan on sbtest2  (cost=29.07..3275.38 rows=842 width=121)
	  Recheck Cond: ((id >= 3426823) AND (id <= 3427822))
	  ->  Bitmap Index Scan on sbtest2_pkey  (cost=0.00..28.86 rows=842 width=0)
	        Index Cond: ((id >= 3426823) AND (id <= 3427822))

table 3 : explain SELECT c FROM sbtest3 WHERE id BETWEEN 2592823 AND 2593822
	Bitmap Heap Scan on sbtest3  (cost=34.31..3739.89 rows=963 width=121)
	  Recheck Cond: ((id >= 2592823) AND (id <= 2593822))
	  ->  Bitmap Index Scan on sbtest3_pkey  (cost=0.00..34.07 rows=963 width=0)
	        Index Cond: ((id >= 2592823) AND (id <= 2593822))

table 4 : explain SELECT c FROM sbtest4 WHERE id BETWEEN 5166720 AND 5167719
	Bitmap Heap Scan on sbtest4  (cost=34.55..3833.25 rows=987 width=121)
	  Recheck Cond: ((id >= 5166720) AND (id <= 5167719))
	  ->  Bitmap Index Scan on sbtest4_pkey  (cost=0.00..34.31 rows=987 width=0)
	        Index Cond: ((id >= 5166720) AND (id <= 5167719))

table 5 : explain SELECT c FROM sbtest5 WHERE id BETWEEN 6431630 AND 6432629
	Bitmap Heap Scan on sbtest5  (cost=34.62..3851.88 rows=994 width=121)
	  Recheck Cond: ((id >= 6431630) AND (id <= 6432629))
	  ->  Bitmap Index Scan on sbtest5_pkey  (cost=0.00..34.38 rows=994 width=0)
	        Index Cond: ((id >= 6431630) AND (id <= 6432629))

table 6 : explain SELECT c FROM sbtest6 WHERE id BETWEEN 928922 AND 929921
	Bitmap Heap Scan on sbtest6  (cost=34.17..3688.52 rows=950 width=121)
	  Recheck Cond: ((id >= 928922) AND (id <= 929921))
	  ->  Bitmap Index Scan on sbtest6_pkey  (cost=0.00..33.94 rows=950 width=0)
	        Index Cond: ((id >= 928922) AND (id <= 929921))

table 7 : explain SELECT c FROM sbtest7 WHERE id BETWEEN 1282617 AND 1283616
	Bitmap Heap Scan on sbtest7  (cost=29.44..3420.63 rows=879 width=121)
	  Recheck Cond: ((id >= 1282617) AND (id <= 1283616))
	  ->  Bitmap Index Scan on sbtest7_pkey  (cost=0.00..29.22 rows=879 width=0)
	        Index Cond: ((id >= 1282617) AND (id <= 1283616))

table 8 : explain SELECT c FROM sbtest8 WHERE id BETWEEN 2280102 AND 2281101
	Index Scan using sbtest8_pkey on sbtest8  (cost=0.43..3836.41 rows=979 width=121)
	  Index Cond: ((id >= 2280102) AND (id <= 2281101))

for: order_ranges
table 1 : explain SELECT c FROM sbtest1 WHERE id BETWEEN 7425598 AND 7426597 ORDER BY c
	Sort  (cost=4543.19..4546.10 rows=1161 width=121)
	  Sort Key: c
	  ->  Bitmap Heap Scan on sbtest1  (cost=40.34..4484.09 rows=1161 width=121)
	        Recheck Cond: ((id >= 7425598) AND (id <= 7426597))
	        ->  Bitmap Index Scan on sbtest1_pkey  (cost=0.00..40.05 rows=1161 width=0)
	              Index Cond: ((id >= 7425598) AND (id <= 7426597))

table 2 : explain SELECT c FROM sbtest2 WHERE id BETWEEN 3238759 AND 3239758 ORDER BY c
	Sort  (cost=3773.54..3775.94 rows=960 width=121)
	  Sort Key: c
	  ->  Bitmap Heap Scan on sbtest2  (cost=34.28..3725.99 rows=960 width=121)
	        Recheck Cond: ((id >= 3238759) AND (id <= 3239758))
	        ->  Bitmap Index Scan on sbtest2_pkey  (cost=0.00..34.04 rows=960 width=0)
	              Index Cond: ((id >= 3238759) AND (id <= 3239758))

table 3 : explain SELECT c FROM sbtest3 WHERE id BETWEEN 9142587 AND 9143586 ORDER BY c
	Sort  (cost=3879.68..3882.15 rows=987 width=121)
	  Sort Key: c
	  ->  Bitmap Heap Scan on sbtest3  (cost=34.55..3830.59 rows=987 width=121)
	        Recheck Cond: ((id >= 9142587) AND (id <= 9143586))
	        ->  Bitmap Index Scan on sbtest3_pkey  (cost=0.00..34.31 rows=987 width=0)
	              Index Cond: ((id >= 9142587) AND (id <= 9143586))

table 4 : explain SELECT c FROM sbtest4 WHERE id BETWEEN 4038082 AND 4039081 ORDER BY c
	Sort  (cost=3955.25..3957.77 rows=1006 width=121)
	  Sort Key: c
	  ->  Bitmap Heap Scan on sbtest4  (cost=34.75..3905.08 rows=1006 width=121)
	        Recheck Cond: ((id >= 4038082) AND (id <= 4039081))
	        ->  Bitmap Index Scan on sbtest4_pkey  (cost=0.00..34.50 rows=1006 width=0)
	              Index Cond: ((id >= 4038082) AND (id <= 4039081))

table 5 : explain SELECT c FROM sbtest5 WHERE id BETWEEN 1971407 AND 1972406 ORDER BY c
	Sort  (cost=3725.24..3727.61 rows=948 width=121)
	  Sort Key: c
	  ->  Bitmap Heap Scan on sbtest5  (cost=34.15..3678.37 rows=948 width=121)
	        Recheck Cond: ((id >= 1971407) AND (id <= 1972406))
	        ->  Bitmap Index Scan on sbtest5_pkey  (cost=0.00..33.92 rows=948 width=0)
	              Index Cond: ((id >= 1971407) AND (id <= 1972406))

table 6 : explain SELECT c FROM sbtest6 WHERE id BETWEEN 7356680 AND 7357679 ORDER BY c
	Sort  (cost=3858.18..3860.64 rows=982 width=121)
	  Sort Key: c
	  ->  Bitmap Heap Scan on sbtest6  (cost=34.50..3809.38 rows=982 width=121)
	        Recheck Cond: ((id >= 7356680) AND (id <= 7357679))
	        ->  Bitmap Index Scan on sbtest6_pkey  (cost=0.00..34.26 rows=982 width=0)
	              Index Cond: ((id >= 7356680) AND (id <= 7357679))

table 7 : explain SELECT c FROM sbtest7 WHERE id BETWEEN 591475 AND 592474 ORDER BY c
	Sort  (cost=4013.46..4016.01 rows=1021 width=121)
	  Sort Key: c
	  ->  Bitmap Heap Scan on sbtest7  (cost=34.90..3962.43 rows=1021 width=121)
	        Recheck Cond: ((id >= 591475) AND (id <= 592474))
	        ->  Bitmap Index Scan on sbtest7_pkey  (cost=0.00..34.65 rows=1021 width=0)
	              Index Cond: ((id >= 591475) AND (id <= 592474))

table 8 : explain SELECT c FROM sbtest8 WHERE id BETWEEN 3959140 AND 3960139 ORDER BY c
	Sort  (cost=4264.51..4267.22 rows=1087 width=121)
	  Sort Key: c
	  ->  Bitmap Heap Scan on sbtest8  (cost=35.58..4209.69 rows=1087 width=121)
	        Recheck Cond: ((id >= 3959140) AND (id <= 3960139))
	        ->  Bitmap Index Scan on sbtest8_pkey  (cost=0.00..35.31 rows=1087 width=0)
	              Index Cond: ((id >= 3959140) AND (id <= 3960139))

for: sum_ranges
table 1 : explain SELECT SUM(k) FROM sbtest1 WHERE id BETWEEN 2358886 AND 2359885
	Aggregate  (cost=4023.80..4023.81 rows=1 width=8)
	  ->  Bitmap Heap Scan on sbtest1  (cost=35.07..4021.20 rows=1038 width=4)
	        Recheck Cond: ((id >= 2358886) AND (id <= 2359885))
	        ->  Bitmap Index Scan on sbtest1_pkey  (cost=0.00..34.82 rows=1038 width=0)
	              Index Cond: ((id >= 2358886) AND (id <= 2359885))

table 2 : explain SELECT SUM(k) FROM sbtest2 WHERE id BETWEEN 3685902 AND 3686901
	Aggregate  (cost=3966.25..3966.26 rows=1 width=8)
	  ->  Bitmap Heap Scan on sbtest2  (cost=34.92..3963.69 rows=1023 width=4)
	        Recheck Cond: ((id >= 3685902) AND (id <= 3686901))
	        ->  Bitmap Index Scan on sbtest2_pkey  (cost=0.00..34.67 rows=1023 width=0)
	              Index Cond: ((id >= 3685902) AND (id <= 3686901))

table 3 : explain SELECT SUM(k) FROM sbtest3 WHERE id BETWEEN 9439331 AND 9440330
	Aggregate  (cost=3851.96..3851.97 rows=1 width=8)
	  ->  Bitmap Heap Scan on sbtest3  (cost=34.60..3849.48 rows=992 width=4)
	        Recheck Cond: ((id >= 9439331) AND (id <= 9440330))
	        ->  Bitmap Index Scan on sbtest3_pkey  (cost=0.00..34.36 rows=992 width=0)
	              Index Cond: ((id >= 9439331) AND (id <= 9440330))

table 4 : explain SELECT SUM(k) FROM sbtest4 WHERE id BETWEEN 1491642 AND 1492641
	Aggregate  (cost=4217.30..4217.31 rows=1 width=8)
	  ->  Bitmap Heap Scan on sbtest4  (cost=35.59..4214.58 rows=1088 width=4)
	        Recheck Cond: ((id >= 1491642) AND (id <= 1492641))
	        ->  Bitmap Index Scan on sbtest4_pkey  (cost=0.00..35.32 rows=1088 width=0)
	              Index Cond: ((id >= 1491642) AND (id <= 1492641))

table 5 : explain SELECT SUM(k) FROM sbtest5 WHERE id BETWEEN 194163 AND 195162
	Aggregate  (cost=4121.82..4121.83 rows=1 width=8)
	  ->  Bitmap Heap Scan on sbtest5  (cost=35.35..4119.16 rows=1065 width=4)
	        Recheck Cond: ((id >= 194163) AND (id <= 195162))
	        ->  Bitmap Index Scan on sbtest5_pkey  (cost=0.00..35.09 rows=1065 width=0)
	              Index Cond: ((id >= 194163) AND (id <= 195162))

table 6 : explain SELECT SUM(k) FROM sbtest6 WHERE id BETWEEN 9626728 AND 9627727
	Aggregate  (cost=3857.15..3857.16 rows=1 width=8)
	  ->  Bitmap Heap Scan on sbtest6  (cost=34.62..3854.67 rows=994 width=4)
	        Recheck Cond: ((id >= 9626728) AND (id <= 9627727))
	        ->  Bitmap Index Scan on sbtest6_pkey  (cost=0.00..34.38 rows=994 width=0)
	              Index Cond: ((id >= 9626728) AND (id <= 9627727))

table 7 : explain SELECT SUM(k) FROM sbtest7 WHERE id BETWEEN 5555292 AND 5556291
	Aggregate  (cost=3700.01..3700.02 rows=1 width=8)
	  ->  Bitmap Heap Scan on sbtest7  (cost=34.18..3697.63 rows=951 width=4)
	        Recheck Cond: ((id >= 5555292) AND (id <= 5556291))
	        ->  Bitmap Index Scan on sbtest7_pkey  (cost=0.00..33.95 rows=951 width=0)
	              Index Cond: ((id >= 5555292) AND (id <= 5556291))

table 8 : explain SELECT SUM(k) FROM sbtest8 WHERE id BETWEEN 9577803 AND 9578802
	Aggregate  (cost=3737.45..3737.46 rows=1 width=8)
	  ->  Index Scan using sbtest8_pkey on sbtest8  (cost=0.43..3735.06 rows=953 width=4)
	        Index Cond: ((id >= 9577803) AND (id <= 9578802))
for: order_ranges
table 1 : explain SELECT c FROM sbtest1 WHERE id BETWEEN 7472107 AND 7473106 ORDER BY c
	Sort  (cost=4543.19..4546.10 rows=1161 width=121)
	  Sort Key: c
	  ->  Bitmap Heap Scan on sbtest1  (cost=40.34..4484.09 rows=1161 width=121)
	        Recheck Cond: ((id >= 7472107) AND (id <= 7473106))
	        ->  Bitmap Index Scan on sbtest1_pkey  (cost=0.00..40.05 rows=1161 width=0)
	              Index Cond: ((id >= 7472107) AND (id <= 7473106))

table 2 : explain SELECT c FROM sbtest2 WHERE id BETWEEN 1605137 AND 1606136 ORDER BY c
	Sort  (cost=3831.04..3833.48 rows=975 width=121)
	  Sort Key: c
	  ->  Bitmap Heap Scan on sbtest2  (cost=34.43..3782.63 rows=975 width=121)
	        Recheck Cond: ((id >= 1605137) AND (id <= 1606136))
	        ->  Bitmap Index Scan on sbtest2_pkey  (cost=0.00..34.19 rows=975 width=0)
	              Index Cond: ((id >= 1605137) AND (id <= 1606136))

table 3 : explain SELECT c FROM sbtest3 WHERE id BETWEEN 250290 AND 251289 ORDER BY c
	Sort  (cost=4231.97..4234.66 rows=1079 width=121)
	  Sort Key: c
	  ->  Bitmap Heap Scan on sbtest3  (cost=35.49..4177.61 rows=1079 width=121)
	        Recheck Cond: ((id >= 250290) AND (id <= 251289))
	        ->  Bitmap Index Scan on sbtest3_pkey  (cost=0.00..35.23 rows=1079 width=0)
	              Index Cond: ((id >= 250290) AND (id <= 251289))

table 4 : explain SELECT c FROM sbtest4 WHERE id BETWEEN 9123246 AND 9124245 ORDER BY c
	Sort  (cost=4016.62..4019.17 rows=1022 width=121)
	  Sort Key: c
	  ->  Bitmap Heap Scan on sbtest4  (cost=34.91..3965.53 rows=1022 width=121)
	        Recheck Cond: ((id >= 9123246) AND (id <= 9124245))
	        ->  Bitmap Index Scan on sbtest4_pkey  (cost=0.00..34.66 rows=1022 width=0)
	              Index Cond: ((id >= 9123246) AND (id <= 9124245))

table 5 : explain SELECT c FROM sbtest5 WHERE id BETWEEN 5634968 AND 5635967 ORDER BY c
	Sort  (cost=3510.31..3512.54 rows=893 width=121)
	  Sort Key: c
	  ->  Bitmap Heap Scan on sbtest5  (cost=29.59..3466.54 rows=893 width=121)
	        Recheck Cond: ((id >= 5634968) AND (id <= 5635967))
	        ->  Bitmap Index Scan on sbtest5_pkey  (cost=0.00..29.36 rows=893 width=0)
	              Index Cond: ((id >= 5634968) AND (id <= 5635967))

table 6 : explain SELECT c FROM sbtest6 WHERE id BETWEEN 9342369 AND 9343368 ORDER BY c
	Sort  (cost=3785.36..3787.77 rows=963 width=121)
	  Sort Key: c
	  ->  Bitmap Heap Scan on sbtest6  (cost=34.31..3737.64 rows=963 width=121)
	        Recheck Cond: ((id >= 9342369) AND (id <= 9343368))
	        ->  Bitmap Index Scan on sbtest6_pkey  (cost=0.00..34.07 rows=963 width=0)
	              Index Cond: ((id >= 9342369) AND (id <= 9343368))

table 7 : explain SELECT c FROM sbtest7 WHERE id BETWEEN 843556 AND 844555 ORDER BY c
	Sort  (cost=4009.62..4012.17 rows=1020 width=121)
	  Sort Key: c
	  ->  Bitmap Heap Scan on sbtest7  (cost=34.89..3958.65 rows=1020 width=121)
	        Recheck Cond: ((id >= 843556) AND (id <= 844555))
	        ->  Bitmap Index Scan on sbtest7_pkey  (cost=0.00..34.64 rows=1020 width=0)
	              Index Cond: ((id >= 843556) AND (id <= 844555))

table 8 : explain SELECT c FROM sbtest8 WHERE id BETWEEN 7048368 AND 7049367 ORDER BY c
	Sort  (cost=4341.18..4343.94 rows=1106 width=121)
	  Sort Key: c
	  ->  Bitmap Heap Scan on sbtest8  (cost=39.77..4285.26 rows=1106 width=121)
	        Recheck Cond: ((id >= 7048368) AND (id <= 7049367))
	        ->  Bitmap Index Scan on sbtest8_pkey  (cost=0.00..39.50 rows=1106 width=0)
	              Index Cond: ((id >= 7048368) AND (id <= 7049367))


for: simple_ranges
table 1 : explain SELECT c FROM sbtest1 WHERE id BETWEEN 4905029 AND 4906028
	Bitmap Heap Scan on sbtest1  (cost=34.82..3926.95 rows=1013 width=121)
	  Recheck Cond: ((id >= 4905029) AND (id <= 4906028))
	  ->  Bitmap Index Scan on sbtest1_pkey  (cost=0.00..34.57 rows=1013 width=0)
	        Index Cond: ((id >= 4905029) AND (id <= 4906028))

table 2 : explain SELECT c FROM sbtest2 WHERE id BETWEEN 733111 AND 734110
	Bitmap Heap Scan on sbtest2  (cost=34.55..3827.93 rows=987 width=121)
	  Recheck Cond: ((id >= 733111) AND (id <= 734110))
	  ->  Bitmap Index Scan on sbtest2_pkey  (cost=0.00..34.31 rows=987 width=0)
	        Index Cond: ((id >= 733111) AND (id <= 734110))

table 3 : explain SELECT c FROM sbtest3 WHERE id BETWEEN 1565843 AND 1566842
	Bitmap Heap Scan on sbtest3  (cost=34.62..3857.03 rows=994 width=121)
	  Recheck Cond: ((id >= 1565843) AND (id <= 1566842))
	  ->  Bitmap Index Scan on sbtest3_pkey  (cost=0.00..34.38 rows=994 width=0)
	        Index Cond: ((id >= 1565843) AND (id <= 1566842))

table 4 : explain SELECT c FROM sbtest4 WHERE id BETWEEN 7621545 AND 7622544
	Bitmap Heap Scan on sbtest4  (cost=34.74..3901.30 rows=1005 width=121)
	  Recheck Cond: ((id >= 7621545) AND (id <= 7622544))
	  ->  Bitmap Index Scan on sbtest4_pkey  (cost=0.00..34.48 rows=1005 width=0)
	        Index Cond: ((id >= 7621545) AND (id <= 7622544))

table 5 : explain SELECT c FROM sbtest5 WHERE id BETWEEN 1761977 AND 1762976
	Bitmap Heap Scan on sbtest5  (cost=34.48..3799.10 rows=980 width=121)
	  Recheck Cond: ((id >= 1761977) AND (id <= 1762976))
	  ->  Bitmap Index Scan on sbtest5_pkey  (cost=0.00..34.23 rows=980 width=0)
	        Index Cond: ((id >= 1761977) AND (id <= 1762976))

table 6 : explain SELECT c FROM sbtest6 WHERE id BETWEEN 7135604 AND 7136603
	Bitmap Heap Scan on sbtest6  (cost=29.74..3525.70 rows=908 width=121)
	  Recheck Cond: ((id >= 7135604) AND (id <= 7136603))
	  ->  Bitmap Index Scan on sbtest6_pkey  (cost=0.00..29.51 rows=908 width=0)
	        Index Cond: ((id >= 7135604) AND (id <= 7136603))

table 7 : explain SELECT c FROM sbtest7 WHERE id BETWEEN 35543 AND 36542
	Bitmap Heap Scan on sbtest7  (cost=35.42..4154.98 rows=1072 width=121)
	  Recheck Cond: ((id >= 35543) AND (id <= 36542))
	  ->  Bitmap Index Scan on sbtest7_pkey  (cost=0.00..35.16 rows=1072 width=0)
	        Index Cond: ((id >= 35543) AND (id <= 36542))

table 8 : explain SELECT c FROM sbtest8 WHERE id BETWEEN 8084485 AND 8085484
	Index Scan using sbtest8_pkey on sbtest8  (cost=0.43..3914.37 rows=999 width=121)
	  Index Cond: ((id >= 8084485) AND (id <= 8085484))

for: sum_ranges
table 1 : explain SELECT SUM(k) FROM sbtest1 WHERE id BETWEEN 8258343 AND 8259342
	Aggregate  (cost=3460.29..3460.30 rows=1 width=8)
	  ->  Bitmap Heap Scan on sbtest1  (cost=29.56..3458.06 rows=890 width=4)
	        Recheck Cond: ((id >= 8258343) AND (id <= 8259342))
	        ->  Bitmap Index Scan on sbtest1_pkey  (cost=0.00..29.33 rows=890 width=0)
	              Index Cond: ((id >= 8258343) AND (id <= 8259342))

table 2 : explain SELECT SUM(k) FROM sbtest2 WHERE id BETWEEN 5949958 AND 5950957
	Aggregate  (cost=3954.93..3954.94 rows=1 width=8)
	  ->  Bitmap Heap Scan on sbtest2  (cost=34.89..3952.38 rows=1020 width=4)
	        Recheck Cond: ((id >= 5949958) AND (id <= 5950957))
	        ->  Bitmap Index Scan on sbtest2_pkey  (cost=0.00..34.64 rows=1020 width=0)
	              Index Cond: ((id >= 5949958) AND (id <= 5950957))

table 3 : explain SELECT SUM(k) FROM sbtest3 WHERE id BETWEEN 2083625 AND 2084624
	Aggregate  (cost=3836.84..3836.85 rows=1 width=8)
	  ->  Bitmap Heap Scan on sbtest3  (cost=34.56..3834.37 rows=988 width=4)
	        Recheck Cond: ((id >= 2083625) AND (id <= 2084624))
	        ->  Bitmap Index Scan on sbtest3_pkey  (cost=0.00..34.32 rows=988 width=0)
	              Index Cond: ((id >= 2083625) AND (id <= 2084624))

table 4 : explain SELECT SUM(k) FROM sbtest4 WHERE id BETWEEN 5607628 AND 5608627
	Aggregate  (cost=3888.68..3888.69 rows=1 width=8)
	  ->  Bitmap Heap Scan on sbtest4  (cost=34.70..3886.18 rows=1001 width=4)
	        Recheck Cond: ((id >= 5607628) AND (id <= 5608627))
	        ->  Bitmap Index Scan on sbtest4_pkey  (cost=0.00..34.45 rows=1001 width=0)
	              Index Cond: ((id >= 5607628) AND (id <= 5608627))

table 5 : explain SELECT SUM(k) FROM sbtest5 WHERE id BETWEEN 1597079 AND 1598078
	Aggregate  (cost=3676.96..3676.97 rows=1 width=8)
	  ->  Bitmap Heap Scan on sbtest5  (cost=34.14..3674.59 rows=947 width=4)
	        Recheck Cond: ((id >= 1597079) AND (id <= 1598078))
	        ->  Bitmap Index Scan on sbtest5_pkey  (cost=0.00..33.91 rows=947 width=0)
	              Index Cond: ((id >= 1597079) AND (id <= 1598078))

table 6 : explain SELECT SUM(k) FROM sbtest6 WHERE id BETWEEN 9919972 AND 9920971
	Aggregate  (cost=4151.28..4151.29 rows=1 width=8)
	  ->  Bitmap Heap Scan on sbtest6  (cost=35.42..4148.60 rows=1072 width=4)
	        Recheck Cond: ((id >= 9919972) AND (id <= 9920971))
	        ->  Bitmap Index Scan on sbtest6_pkey  (cost=0.00..35.16 rows=1072 width=0)
	              Index Cond: ((id >= 9919972) AND (id <= 9920971))

table 7 : explain SELECT SUM(k) FROM sbtest7 WHERE id BETWEEN 129775 AND 130774
	Aggregate  (cost=3798.50..3798.51 rows=1 width=8)
	  ->  Bitmap Heap Scan on sbtest7  (cost=34.45..3796.06 rows=977 width=4)
	        Recheck Cond: ((id >= 129775) AND (id <= 130774))
	        ->  Bitmap Index Scan on sbtest7_pkey  (cost=0.00..34.20 rows=977 width=0)
	              Index Cond: ((id >= 129775) AND (id <= 130774))

table 8 : explain SELECT SUM(k) FROM sbtest8 WHERE id BETWEEN 4483288 AND 4484287
	Aggregate  (cost=3936.36..3936.37 rows=1 width=8)
	  ->  Index Scan using sbtest8_pkey on sbtest8  (cost=0.43..3933.85 rows=1004 width=4)
	        Index Cond: ((id >= 4483288) AND (id <= 4484287))

for: order_ranges
table 1 : explain SELECT c FROM sbtest1 WHERE id BETWEEN 8323346 AND 8324345 ORDER BY c
	Sort  (cost=4176.46..4179.13 rows=1065 width=121)
	  Sort Key: c
	  ->  Bitmap Heap Scan on sbtest1  (cost=35.35..4122.91 rows=1065 width=121)
	        Recheck Cond: ((id >= 8323346) AND (id <= 8324345))
	        ->  Bitmap Index Scan on sbtest1_pkey  (cost=0.00..35.09 rows=1065 width=0)
	              Index Cond: ((id >= 8323346) AND (id <= 8324345))

table 2 : explain SELECT c FROM sbtest2 WHERE id BETWEEN 9060640 AND 9061639 ORDER BY c
	Sort  (cost=4183.07..4185.74 rows=1067 width=121)
	  Sort Key: c
	  ->  Bitmap Heap Scan on sbtest2  (cost=35.37..4129.41 rows=1067 width=121)
	        Recheck Cond: ((id >= 9060640) AND (id <= 9061639))
	        ->  Bitmap Index Scan on sbtest2_pkey  (cost=0.00..35.11 rows=1067 width=0)
	              Index Cond: ((id >= 9060640) AND (id <= 9061639))

table 3 : explain SELECT c FROM sbtest3 WHERE id BETWEEN 4955587 AND 4956586 ORDER BY c
	Sort  (cost=4143.99..4146.63 rows=1056 width=121)
	  Sort Key: c
	  ->  Bitmap Heap Scan on sbtest3  (cost=35.26..4090.95 rows=1056 width=121)
	        Recheck Cond: ((id >= 4955587) AND (id <= 4956586))
	        ->  Bitmap Index Scan on sbtest3_pkey  (cost=0.00..35.00 rows=1056 width=0)
	              Index Cond: ((id >= 4955587) AND (id <= 4956586))

table 4 : explain SELECT c FROM sbtest4 WHERE id BETWEEN 237744 AND 238743 ORDER BY c
	Sort  (cost=4246.49..4249.20 rows=1082 width=121)
	  Sort Key: c
	  ->  Bitmap Heap Scan on sbtest4  (cost=35.53..4191.96 rows=1082 width=121)
	        Recheck Cond: ((id >= 237744) AND (id <= 238743))
	        ->  Bitmap Index Scan on sbtest4_pkey  (cost=0.00..35.26 rows=1082 width=0)
	              Index Cond: ((id >= 237744) AND (id <= 238743))

table 5 : explain SELECT c FROM sbtest5 WHERE id BETWEEN 3877374 AND 3878373 ORDER BY c
	Sort  (cost=4386.57..4389.38 rows=1121 width=121)
	  Sort Key: c
	  ->  Bitmap Heap Scan on sbtest5  (cost=39.93..4329.79 rows=1121 width=121)
	        Recheck Cond: ((id >= 3877374) AND (id <= 3878373))
	        ->  Bitmap Index Scan on sbtest5_pkey  (cost=0.00..39.65 rows=1121 width=0)
	              Index Cond: ((id >= 3877374) AND (id <= 3878373))

table 6 : explain SELECT c FROM sbtest6 WHERE id BETWEEN 8763438 AND 8764437 ORDER BY c
	Sort  (cost=3911.82..3914.31 rows=996 width=121)
	  Sort Key: c
	  ->  Bitmap Heap Scan on sbtest6  (cost=34.64..3862.21 rows=996 width=121)
	        Recheck Cond: ((id >= 8763438) AND (id <= 8764437))
	        ->  Bitmap Index Scan on sbtest6_pkey  (cost=0.00..34.40 rows=996 width=0)
	              Index Cond: ((id >= 8763438) AND (id <= 8764437))

table 7 : explain SELECT c FROM sbtest7 WHERE id BETWEEN 7622909 AND 7623908 ORDER BY c
	Sort  (cost=3802.32..3804.74 rows=966 width=121)
	  Sort Key: c
	  ->  Bitmap Heap Scan on sbtest7  (cost=34.34..3754.43 rows=966 width=121)
	        Recheck Cond: ((id >= 7622909) AND (id <= 7623908))
	        ->  Bitmap Index Scan on sbtest7_pkey  (cost=0.00..34.09 rows=966 width=0)
	              Index Cond: ((id >= 7622909) AND (id <= 7623908))

table 8 : explain SELECT c FROM sbtest8 WHERE id BETWEEN 9004649 AND 9005648 ORDER BY c
	Sort  (cost=3987.86..3990.37 rows=1005 width=121)
	  Sort Key: c
	  ->  Index Scan using sbtest8_pkey on sbtest8  (cost=0.43..3937.75 rows=1005 width=121)
	        Index Cond: ((id >= 9004649) AND (id <= 9005648))

for: distinct_ranges
table 1 : explain SELECT DISTINCT c FROM sbtest1 WHERE id BETWEEN 3651765 AND 3652764 ORDER BY c
	Unique  (cost=3989.01..3994.09 rows=1016 width=121)
	  ->  Sort  (cost=3989.01..3991.55 rows=1016 width=121)
	        Sort Key: c
	        ->  Bitmap Heap Scan on sbtest1  (cost=34.85..3938.27 rows=1016 width=121)
	              Recheck Cond: ((id >= 3651765) AND (id <= 3652764))
	              ->  Bitmap Index Scan on sbtest1_pkey  (cost=0.00..34.59 rows=1016 width=0)
	                    Index Cond: ((id >= 3651765) AND (id <= 3652764))

table 2 : explain SELECT DISTINCT c FROM sbtest2 WHERE id BETWEEN 4066813 AND 4067812 ORDER BY c
	Unique  (cost=3869.35..3874.28 rows=985 width=121)
	  ->  Sort  (cost=3869.35..3871.81 rows=985 width=121)
	        Sort Key: c
	        ->  Bitmap Heap Scan on sbtest2  (cost=34.53..3820.38 rows=985 width=121)
	              Recheck Cond: ((id >= 4066813) AND (id <= 4067812))
	              ->  Bitmap Index Scan on sbtest2_pkey  (cost=0.00..34.29 rows=985 width=0)
	                    Index Cond: ((id >= 4066813) AND (id <= 4067812))

table 3 : explain SELECT DISTINCT c FROM sbtest3 WHERE id BETWEEN 2999471 AND 3000470 ORDER BY c
	Unique  (cost=3699.32..3704.02 rows=940 width=121)
	  ->  Sort  (cost=3699.32..3701.67 rows=940 width=121)
	        Sort Key: c
	        ->  Bitmap Heap Scan on sbtest3  (cost=34.07..3652.90 rows=940 width=121)
	              Recheck Cond: ((id >= 2999471) AND (id <= 3000470))
	              ->  Bitmap Index Scan on sbtest3_pkey  (cost=0.00..33.84 rows=940 width=0)
	                    Index Cond: ((id >= 2999471) AND (id <= 3000470))

table 4 : explain SELECT DISTINCT c FROM sbtest4 WHERE id BETWEEN 2420200 AND 2421199 ORDER BY c
	Unique  (cost=3928.39..3933.39 rows=999 width=121)
	  ->  Sort  (cost=3928.39..3930.89 rows=999 width=121)
	        Sort Key: c
	        ->  Bitmap Heap Scan on sbtest4  (cost=34.67..3878.62 rows=999 width=121)
	              Recheck Cond: ((id >= 2420200) AND (id <= 2421199))
	              ->  Bitmap Index Scan on sbtest4_pkey  (cost=0.00..34.43 rows=999 width=0)
	                    Index Cond: ((id >= 2420200) AND (id <= 2421199))

table 5 : explain SELECT DISTINCT c FROM sbtest5 WHERE id BETWEEN 244825 AND 245824 ORDER BY c
	Unique  (cost=4172.71..4178.03 rows=1065 width=121)
	  ->  Sort  (cost=4172.71..4175.37 rows=1065 width=121)
	        Sort Key: c
	        ->  Bitmap Heap Scan on sbtest5  (cost=35.35..4119.16 rows=1065 width=121)
	              Recheck Cond: ((id >= 244825) AND (id <= 245824))
	              ->  Bitmap Index Scan on sbtest5_pkey  (cost=0.00..35.09 rows=1065 width=0)
	                    Index Cond: ((id >= 244825) AND (id <= 245824))

table 6 : explain SELECT DISTINCT c FROM sbtest6 WHERE id BETWEEN 2426605 AND 2427604 ORDER BY c
	Unique  (cost=3808.36..3813.21 rows=969 width=121)
	  ->  Sort  (cost=3808.36..3810.79 rows=969 width=121)
	        Sort Key: c
	        ->  Bitmap Heap Scan on sbtest6  (cost=34.37..3760.30 rows=969 width=121)
	              Recheck Cond: ((id >= 2426605) AND (id <= 2427604))
	              ->  Bitmap Index Scan on sbtest6_pkey  (cost=0.00..34.12 rows=969 width=0)
	                    Index Cond: ((id >= 2426605) AND (id <= 2427604))

table 7 : explain SELECT DISTINCT c FROM sbtest7 WHERE id BETWEEN 1413270 AND 1414269 ORDER BY c
	Unique  (cost=4055.64..4060.80 rows=1032 width=121)
	  ->  Sort  (cost=4055.64..4058.22 rows=1032 width=121)
	        Sort Key: c
	        ->  Bitmap Heap Scan on sbtest7  (cost=35.01..4003.99 rows=1032 width=121)
	              Recheck Cond: ((id >= 1413270) AND (id <= 1414269))
	              ->  Bitmap Index Scan on sbtest7_pkey  (cost=0.00..34.76 rows=1032 width=0)
	                    Index Cond: ((id >= 1413270) AND (id <= 1414269))

table 8 : explain SELECT DISTINCT c FROM sbtest8 WHERE id BETWEEN 7228302 AND 7229301 ORDER BY c
	Unique  (cost=4051.15..4056.26 rows=1021 width=121)
	  ->  Sort  (cost=4051.15..4053.70 rows=1021 width=121)
	        Sort Key: c
	        ->  Index Scan using sbtest8_pkey on sbtest8  (cost=0.43..4000.12 rows=1021 width=121)
	              Index Cond: ((id >= 7228302) AND (id <= 7229301))

explain: for point_selects :: explain SELECT c FROM sbtest%u WHERE id=%u
explain: for point_selects :: explain SELECT c FROM sbtest%u WHERE id=%u
for: distinct_ranges
table 1 : explain SELECT DISTINCT c FROM sbtest1 WHERE id BETWEEN 4046954 AND 4047953 ORDER BY c
	Unique  (cost=3678.51..3683.18 rows=935 width=121)
	  ->  Sort  (cost=3678.51..3680.85 rows=935 width=121)
	        Sort Key: c
	        ->  Bitmap Heap Scan on sbtest1  (cost=34.02..3632.37 rows=935 width=121)
	              Recheck Cond: ((id >= 4046954) AND (id <= 4047953))
	              ->  Bitmap Index Scan on sbtest1_pkey  (cost=0.00..33.79 rows=935 width=0)
	                    Index Cond: ((id >= 4046954) AND (id <= 4047953))

table 2 : explain SELECT DISTINCT c FROM sbtest2 WHERE id BETWEEN 389354 AND 390353 ORDER BY c
	Unique  (cost=3911.48..3916.46 rows=996 width=121)
	  ->  Sort  (cost=3911.48..3913.97 rows=996 width=121)
	        Sort Key: c
	        ->  Bitmap Heap Scan on sbtest2  (cost=34.64..3861.88 rows=996 width=121)
	              Recheck Cond: ((id >= 389354) AND (id <= 390353))
	              ->  Bitmap Index Scan on sbtest2_pkey  (cost=0.00..34.40 rows=996 width=0)
	                    Index Cond: ((id >= 389354) AND (id <= 390353))

table 3 : explain SELECT DISTINCT c FROM sbtest3 WHERE id BETWEEN 1147114 AND 1148113 ORDER BY c
	Unique  (cost=3948.68..3953.71 rows=1005 width=121)
	  ->  Sort  (cost=3948.68..3951.19 rows=1005 width=121)
	        Sort Key: c
	        ->  Bitmap Heap Scan on sbtest3  (cost=34.74..3898.57 rows=1005 width=121)
	              Recheck Cond: ((id >= 1147114) AND (id <= 1148113))
	              ->  Bitmap Index Scan on sbtest3_pkey  (cost=0.00..34.48 rows=1005 width=0)
	                    Index Cond: ((id >= 1147114) AND (id <= 1148113))

table 4 : explain SELECT DISTINCT c FROM sbtest4 WHERE id BETWEEN 1276547 AND 1277546 ORDER BY c
	Unique  (cost=3966.76..3971.80 rows=1009 width=121)
	  ->  Sort  (cost=3966.76..3969.28 rows=1009 width=121)
	        Sort Key: c
	        ->  Bitmap Heap Scan on sbtest4  (cost=34.78..3916.42 rows=1009 width=121)
	              Recheck Cond: ((id >= 1276547) AND (id <= 1277546))
	              ->  Bitmap Index Scan on sbtest4_pkey  (cost=0.00..34.53 rows=1009 width=0)
	                    Index Cond: ((id >= 1276547) AND (id <= 1277546))

table 5 : explain SELECT DISTINCT c FROM sbtest5 WHERE id BETWEEN 1654924 AND 1655923 ORDER BY c
	Unique  (cost=4317.87..4323.38 rows=1102 width=121)
	  ->  Sort  (cost=4317.87..4320.63 rows=1102 width=121)
	        Sort Key: c
	        ->  Bitmap Heap Scan on sbtest5  (cost=39.73..4262.19 rows=1102 width=121)
	              Recheck Cond: ((id >= 1654924) AND (id <= 1655923))
	              ->  Bitmap Index Scan on sbtest5_pkey  (cost=0.00..39.45 rows=1102 width=0)
	                    Index Cond: ((id >= 1654924) AND (id <= 1655923))

table 6 : explain SELECT DISTINCT c FROM sbtest6 WHERE id BETWEEN 123592 AND 124591 ORDER BY c
	Unique  (cost=4141.40..4146.68 rows=1056 width=121)
	  ->  Sort  (cost=4141.40..4144.04 rows=1056 width=121)
	        Sort Key: c
	        ->  Bitmap Heap Scan on sbtest6  (cost=35.26..4088.37 rows=1056 width=121)
	              Recheck Cond: ((id >= 123592) AND (id <= 124591))
	              ->  Bitmap Index Scan on sbtest6_pkey  (cost=0.00..35.00 rows=1056 width=0)
	                    Index Cond: ((id >= 123592) AND (id <= 124591))

table 7 : explain SELECT DISTINCT c FROM sbtest7 WHERE id BETWEEN 7291199 AND 7292198 ORDER BY c
	Unique  (cost=3702.39..3707.09 rows=940 width=121)
	  ->  Sort  (cost=3702.39..3704.74 rows=940 width=121)
	        Sort Key: c
	        ->  Bitmap Heap Scan on sbtest7  (cost=34.07..3655.97 rows=940 width=121)
	              Recheck Cond: ((id >= 7291199) AND (id <= 7292198))
	              ->  Bitmap Index Scan on sbtest7_pkey  (cost=0.00..33.84 rows=940 width=0)
	                    Index Cond: ((id >= 7291199) AND (id <= 7292198))

table 8 : explain SELECT DISTINCT c FROM sbtest8 WHERE id BETWEEN 5978829 AND 5979828 ORDER BY c
	Unique  (cost=3813.88..3818.68 rows=961 width=121)
	  ->  Sort  (cost=3813.88..3816.28 rows=961 width=121)
	        Sort Key: c
	        ->  Index Scan using sbtest8_pkey on sbtest8  (cost=0.43..3766.27 rows=961 width=121)
	              Index Cond: ((id >= 5978829) AND (id <= 5979828))

for: sum_ranges
table 1 : explain SELECT SUM(k) FROM sbtest1 WHERE id BETWEEN 3426585 AND 3427584
	Aggregate  (cost=3872.86..3872.87 rows=1 width=8)
	  ->  Bitmap Heap Scan on sbtest1  (cost=34.66..3870.36 rows=998 width=4)
	        Recheck Cond: ((id >= 3426585) AND (id <= 3427584))
	        ->  Bitmap Index Scan on sbtest1_pkey  (cost=0.00..34.42 rows=998 width=0)
	              Index Cond: ((id >= 3426585) AND (id <= 3427584))

table 2 : explain SELECT SUM(k) FROM sbtest2 WHERE id BETWEEN 5252948 AND 5253947
	Aggregate  (cost=3698.15..3698.16 rows=1 width=8)
	  ->  Bitmap Heap Scan on sbtest2  (cost=34.19..3695.77 rows=952 width=4)
	        Recheck Cond: ((id >= 5252948) AND (id <= 5253947))
	        ->  Bitmap Index Scan on sbtest2_pkey  (cost=0.00..33.95 rows=952 width=0)
	              Index Cond: ((id >= 5252948) AND (id <= 5253947))

table 3 : explain SELECT SUM(k) FROM sbtest3 WHERE id BETWEEN 7736876 AND 7737875
	Aggregate  (cost=3670.39..3670.40 rows=1 width=8)
	  ->  Bitmap Heap Scan on sbtest3  (cost=34.11..3668.03 rows=944 width=4)
	        Recheck Cond: ((id >= 7736876) AND (id <= 7737875))
	        ->  Bitmap Index Scan on sbtest3_pkey  (cost=0.00..33.88 rows=944 width=0)
	              Index Cond: ((id >= 7736876) AND (id <= 7737875))

table 4 : explain SELECT SUM(k) FROM sbtest4 WHERE id BETWEEN 2483297 AND 2484296
	Aggregate  (cost=4009.66..4009.67 rows=1 width=8)
	  ->  Bitmap Heap Scan on sbtest4  (cost=35.02..4007.08 rows=1033 width=4)
	        Recheck Cond: ((id >= 2483297) AND (id <= 2484296))
	        ->  Bitmap Index Scan on sbtest4_pkey  (cost=0.00..34.77 rows=1033 width=0)
	              Index Cond: ((id >= 2483297) AND (id <= 2484296))

table 5 : explain SELECT SUM(k) FROM sbtest5 WHERE id BETWEEN 2353276 AND 2354275
	Aggregate  (cost=4005.12..4005.13 rows=1 width=8)
	  ->  Bitmap Heap Scan on sbtest5  (cost=35.03..4002.54 rows=1034 width=4)
	        Recheck Cond: ((id >= 2353276) AND (id <= 2354275))
	        ->  Bitmap Index Scan on sbtest5_pkey  (cost=0.00..34.78 rows=1034 width=0)
	              Index Cond: ((id >= 2353276) AND (id <= 2354275))

table 6 : explain SELECT SUM(k) FROM sbtest6 WHERE id BETWEEN 2251866 AND 2252865
	Aggregate  (cost=4230.33..4230.34 rows=1 width=8)
	  ->  Bitmap Heap Scan on sbtest6  (cost=35.64..4227.60 rows=1093 width=4)
	        Recheck Cond: ((id >= 2251866) AND (id <= 2252865))
	        ->  Bitmap Index Scan on sbtest6_pkey  (cost=0.00..35.37 rows=1093 width=0)
	              Index Cond: ((id >= 2251866) AND (id <= 2252865))

table 7 : explain SELECT SUM(k) FROM sbtest7 WHERE id BETWEEN 9934207 AND 9935206
	Aggregate  (cost=4312.56..4312.57 rows=1 width=8)
	  ->  Bitmap Heap Scan on sbtest7  (cost=39.83..4309.78 rows=1112 width=4)
	        Recheck Cond: ((id >= 9934207) AND (id <= 9935206))
	        ->  Bitmap Index Scan on sbtest7_pkey  (cost=0.00..39.56 rows=1112 width=0)
	              Index Cond: ((id >= 9934207) AND (id <= 9935206))

table 8 : explain SELECT SUM(k) FROM sbtest8 WHERE id BETWEEN 696505 AND 697504
	Aggregate  (cost=3971.45..3971.46 rows=1 width=8)
	  ->  Index Scan using sbtest8_pkey on sbtest8  (cost=0.43..3968.92 rows=1013 width=4)
	        Index Cond: ((id >= 696505) AND (id <= 697504))

for: order_ranges
table 1 : explain SELECT c FROM sbtest1 WHERE id BETWEEN 3604449 AND 3605448 ORDER BY c
	Sort  (cost=3989.01..3991.55 rows=1016 width=121)
	  Sort Key: c
	  ->  Bitmap Heap Scan on sbtest1  (cost=34.85..3938.27 rows=1016 width=121)
	        Recheck Cond: ((id >= 3604449) AND (id <= 3605448))
	        ->  Bitmap Index Scan on sbtest1_pkey  (cost=0.00..34.59 rows=1016 width=0)
	              Index Cond: ((id >= 3604449) AND (id <= 3605448))

table 2 : explain SELECT c FROM sbtest2 WHERE id BETWEEN 388503 AND 389502 ORDER BY c
	Sort  (cost=3911.48..3913.97 rows=996 width=121)
	  Sort Key: c
	  ->  Bitmap Heap Scan on sbtest2  (cost=34.64..3861.88 rows=996 width=121)
	        Recheck Cond: ((id >= 388503) AND (id <= 389502))
	        ->  Bitmap Index Scan on sbtest2_pkey  (cost=0.00..34.40 rows=996 width=0)
	              Index Cond: ((id >= 388503) AND (id <= 389502))

table 3 : explain SELECT c FROM sbtest3 WHERE id BETWEEN 5938678 AND 5939677 ORDER BY c
	Sort  (cost=4224.32..4227.01 rows=1077 width=121)
	  Sort Key: c
	  ->  Bitmap Heap Scan on sbtest3  (cost=35.47..4170.08 rows=1077 width=121)
	        Recheck Cond: ((id >= 5938678) AND (id <= 5939677))
	        ->  Bitmap Index Scan on sbtest3_pkey  (cost=0.00..35.20 rows=1077 width=0)
	              Index Cond: ((id >= 5938678) AND (id <= 5939677))

table 4 : explain SELECT c FROM sbtest4 WHERE id BETWEEN 1363707 AND 1364706 ORDER BY c
	Sort  (cost=4020.45..4023.01 rows=1023 width=121)
	  Sort Key: c
	  ->  Bitmap Heap Scan on sbtest4  (cost=34.92..3969.31 rows=1023 width=121)
	        Recheck Cond: ((id >= 1363707) AND (id <= 1364706))
	        ->  Bitmap Index Scan on sbtest4_pkey  (cost=0.00..34.67 rows=1023 width=0)
	              Index Cond: ((id >= 1363707) AND (id <= 1364706))

table 5 : explain SELECT c FROM sbtest5 WHERE id BETWEEN 3973431 AND 3974430 ORDER BY c
	Sort  (cost=3617.91..3620.21 rows=920 width=121)
	  Sort Key: c
	  ->  Bitmap Heap Scan on sbtest5  (cost=33.87..3572.62 rows=920 width=121)
	        Recheck Cond: ((id >= 3973431) AND (id <= 3974430))
	        ->  Bitmap Index Scan on sbtest5_pkey  (cost=0.00..33.64 rows=920 width=0)
	              Index Cond: ((id >= 3973431) AND (id <= 3974430))

table 6 : explain SELECT c FROM sbtest6 WHERE id BETWEEN 7675515 AND 7676514 ORDER BY c
	Sort  (cost=3793.03..3795.44 rows=965 width=121)
	  Sort Key: c
	  ->  Bitmap Heap Scan on sbtest6  (cost=34.33..3745.19 rows=965 width=121)
	        Recheck Cond: ((id >= 7675515) AND (id <= 7676514))
	        ->  Bitmap Index Scan on sbtest6_pkey  (cost=0.00..34.09 rows=965 width=0)
	              Index Cond: ((id >= 7675515) AND (id <= 7676514))

table 7 : explain SELECT c FROM sbtest7 WHERE id BETWEEN 5578080 AND 5579079 ORDER BY c
	Sort  (cost=3744.68..3747.05 rows=951 width=121)
	  Sort Key: c
	  ->  Bitmap Heap Scan on sbtest7  (cost=34.18..3697.63 rows=951 width=121)
	        Recheck Cond: ((id >= 5578080) AND (id <= 5579079))
	        ->  Bitmap Index Scan on sbtest7_pkey  (cost=0.00..33.95 rows=951 width=0)
	              Index Cond: ((id >= 5578080) AND (id <= 5579079))

table 8 : explain SELECT c FROM sbtest8 WHERE id BETWEEN 7780952 AND 7781951 ORDER BY c
	Sort  (cost=3896.90..3899.35 rows=982 width=121)
	  Sort Key: c
	  ->  Index Scan using sbtest8_pkey on sbtest8  (cost=0.43..3848.10 rows=982 width=121)
	        Index Cond: ((id >= 7780952) AND (id <= 7781951))

for point_selects
table 1 : explain SELECT c FROM sbtest1 WHERE id=4800867
	Index Scan using sbtest1_pkey on sbtest1  (cost=0.43..8.45 rows=1 width=121)
	  Index Cond: (id = 4800867)

table 2 : explain SELECT c FROM sbtest2 WHERE id=2516795
	Index Scan using sbtest2_pkey on sbtest2  (cost=0.43..8.45 rows=1 width=121)
	  Index Cond: (id = 2516795)

table 3 : explain SELECT c FROM sbtest3 WHERE id=4448324
	Index Scan using sbtest3_pkey on sbtest3  (cost=0.43..8.45 rows=1 width=121)
	  Index Cond: (id = 4448324)

table 4 : explain SELECT c FROM sbtest4 WHERE id=2776130
	Index Scan using sbtest4_pkey on sbtest4  (cost=0.43..8.45 rows=1 width=121)
	  Index Cond: (id = 2776130)

table 5 : explain SELECT c FROM sbtest5 WHERE id=1011091
	Index Scan using sbtest5_pkey on sbtest5  (cost=0.43..8.45 rows=1 width=121)
	  Index Cond: (id = 1011091)

table 6 : explain SELECT c FROM sbtest6 WHERE id=5401871
	Index Scan using sbtest6_pkey on sbtest6  (cost=0.43..8.45 rows=1 width=121)
	  Index Cond: (id = 5401871)

table 7 : explain SELECT c FROM sbtest7 WHERE id=668885
	Index Scan using sbtest7_pkey on sbtest7  (cost=0.43..8.45 rows=1 width=121)
	  Index Cond: (id = 668885)

table 8 : explain SELECT c FROM sbtest8 WHERE id=962574
	Index Scan using sbtest8_pkey on sbtest8  (cost=0.43..8.45 rows=1 width=121)
	  Index Cond: (id = 962574)

for: sum_ranges
table 1 : explain SELECT SUM(k) FROM sbtest1 WHERE id BETWEEN 3136382 AND 3137381
	Aggregate  (cost=4276.42..4276.43 rows=1 width=8)
	  ->  Bitmap Heap Scan on sbtest1  (cost=39.75..4273.66 rows=1104 width=4)
	        Recheck Cond: ((id >= 3136382) AND (id <= 3137381))
	        ->  Bitmap Index Scan on sbtest1_pkey  (cost=0.00..39.48 rows=1104 width=0)
	              Index Cond: ((id >= 3136382) AND (id <= 3137381))

table 2 : explain SELECT SUM(k) FROM sbtest2 WHERE id BETWEEN 9984844 AND 9985843
	Aggregate  (cost=4079.34..4079.35 rows=1 width=8)
	  ->  Bitmap Heap Scan on sbtest2  (cost=35.23..4076.71 rows=1053 width=4)
	        Recheck Cond: ((id >= 9984844) AND (id <= 9985843))
	        ->  Bitmap Index Scan on sbtest2_pkey  (cost=0.00..34.97 rows=1053 width=0)
	              Index Cond: ((id >= 9984844) AND (id <= 9985843))

table 3 : explain SELECT SUM(k) FROM sbtest3 WHERE id BETWEEN 8524899 AND 8525898
	Aggregate  (cost=3919.97..3919.98 rows=1 width=8)
	  ->  Bitmap Heap Scan on sbtest3  (cost=34.79..3917.44 rows=1010 width=4)
	        Recheck Cond: ((id >= 8524899) AND (id <= 8525898))
	        ->  Bitmap Index Scan on sbtest3_pkey  (cost=0.00..34.54 rows=1010 width=0)
	              Index Cond: ((id >= 8524899) AND (id <= 8525898))

table 4 : explain SELECT SUM(k) FROM sbtest4 WHERE id BETWEEN 4122971 AND 4123970
	Aggregate  (cost=3794.08..3794.09 rows=1 width=8)
	  ->  Bitmap Heap Scan on sbtest4  (cost=34.44..3791.64 rows=976 width=4)
	        Recheck Cond: ((id >= 4122971) AND (id <= 4123970))
	        ->  Bitmap Index Scan on sbtest4_pkey  (cost=0.00..34.20 rows=976 width=0)
	              Index Cond: ((id >= 4122971) AND (id <= 4123970))

table 5 : explain SELECT SUM(k) FROM sbtest5 WHERE id BETWEEN 6201851 AND 6202850
	Aggregate  (cost=4212.08..4212.09 rows=1 width=8)
	  ->  Bitmap Heap Scan on sbtest5  (cost=35.60..4209.36 rows=1089 width=4)
	        Recheck Cond: ((id >= 6201851) AND (id <= 6202850))
	        ->  Bitmap Index Scan on sbtest5_pkey  (cost=0.00..35.33 rows=1089 width=0)
	              Index Cond: ((id >= 6201851) AND (id <= 6202850))

table 6 : explain SELECT SUM(k) FROM sbtest6 WHERE id BETWEEN 8259369 AND 8260368
	Aggregate  (cost=3834.50..3834.51 rows=1 width=8)
	  ->  Bitmap Heap Scan on sbtest6  (cost=34.56..3832.03 rows=988 width=4)
	        Recheck Cond: ((id >= 8259369) AND (id <= 8260368))
	        ->  Bitmap Index Scan on sbtest6_pkey  (cost=0.00..34.32 rows=988 width=0)
	              Index Cond: ((id >= 8259369) AND (id <= 8260368))

table 7 : explain SELECT SUM(k) FROM sbtest7 WHERE id BETWEEN 6781989 AND 6782988
	Aggregate  (cost=4044.36..4044.37 rows=1 width=8)
	  ->  Bitmap Heap Scan on sbtest7  (cost=35.12..4041.75 rows=1042 width=4)
	        Recheck Cond: ((id >= 6781989) AND (id <= 6782988))
	        ->  Bitmap Index Scan on sbtest7_pkey  (cost=0.00..34.86 rows=1042 width=0)
	              Index Cond: ((id >= 6781989) AND (id <= 6782988))

table 8 : explain SELECT SUM(k) FROM sbtest8 WHERE id BETWEEN 4689228 AND 4690227
	Aggregate  (cost=3819.36..3819.37 rows=1 width=8)
	  ->  Index Scan using sbtest8_pkey on sbtest8  (cost=0.43..3816.92 rows=974 width=4)
	        Index Cond: ((id >= 4689228) AND (id <= 4690227))

for: distinct_ranges
table 1 : explain SELECT DISTINCT c FROM sbtest1 WHERE id BETWEEN 3312468 AND 3313467 ORDER BY c
	Unique  (cost=3774.43..3779.23 rows=960 width=121)
	  ->  Sort  (cost=3774.43..3776.83 rows=960 width=121)
	        Sort Key: c
	        ->  Bitmap Heap Scan on sbtest1  (cost=34.28..3726.87 rows=960 width=121)
	              Recheck Cond: ((id >= 3312468) AND (id <= 3313467))
	              ->  Bitmap Index Scan on sbtest1_pkey  (cost=0.00..34.04 rows=960 width=0)
	                    Index Cond: ((id >= 3312468) AND (id <= 3313467))

table 2 : explain SELECT DISTINCT c FROM sbtest2 WHERE id BETWEEN 6063267 AND 6064266 ORDER BY c
	Unique  (cost=3796.55..3801.38 rows=966 width=121)
	  ->  Sort  (cost=3796.55..3798.96 rows=966 width=121)
	        Sort Key: c
	        ->  Bitmap Heap Scan on sbtest2  (cost=34.34..3748.65 rows=966 width=121)
	              Recheck Cond: ((id >= 6063267) AND (id <= 6064266))
	              ->  Bitmap Index Scan on sbtest2_pkey  (cost=0.00..34.09 rows=966 width=0)
	                    Index Cond: ((id >= 6063267) AND (id <= 6064266))

table 3 : explain SELECT DISTINCT c FROM sbtest3 WHERE id BETWEEN 7512311 AND 7513310 ORDER BY c
	Unique  (cost=4121.02..4126.27 rows=1050 width=121)
	  ->  Sort  (cost=4121.02..4123.65 rows=1050 width=121)
	        Sort Key: c
	        ->  Bitmap Heap Scan on sbtest3  (cost=35.20..4068.33 rows=1050 width=121)
	              Recheck Cond: ((id >= 7512311) AND (id <= 7513310))
	              ->  Bitmap Index Scan on sbtest3_pkey  (cost=0.00..34.94 rows=1050 width=0)
	                    Index Cond: ((id >= 7512311) AND (id <= 7513310))

table 4 : explain SELECT DISTINCT c FROM sbtest4 WHERE id BETWEEN 2869476 AND 2870475 ORDER BY c
	Unique  (cost=4288.59..4294.06 rows=1093 width=121)
	  ->  Sort  (cost=4288.59..4291.32 rows=1093 width=121)
	        Sort Key: c
	        ->  Bitmap Heap Scan on sbtest4  (cost=35.64..4233.43 rows=1093 width=121)
	              Recheck Cond: ((id >= 2869476) AND (id <= 2870475))
	              ->  Bitmap Index Scan on sbtest4_pkey  (cost=0.00..35.37 rows=1093 width=0)
	                    Index Cond: ((id >= 2869476) AND (id <= 2870475))

table 5 : explain SELECT DISTINCT c FROM sbtest5 WHERE id BETWEEN 6304707 AND 6305706 ORDER BY c
	Unique  (cost=3981.68..3986.76 rows=1015 width=121)
	  ->  Sort  (cost=3981.68..3984.22 rows=1015 width=121)
	        Sort Key: c
	        ->  Bitmap Heap Scan on sbtest5  (cost=34.84..3931.00 rows=1015 width=121)
	              Recheck Cond: ((id >= 6304707) AND (id <= 6305706))
	              ->  Bitmap Index Scan on sbtest5_pkey  (cost=0.00..34.59 rows=1015 width=0)
	                    Index Cond: ((id >= 6304707) AND (id <= 6305706))

table 6 : explain SELECT DISTINCT c FROM sbtest6 WHERE id BETWEEN 5087337 AND 5088336 ORDER BY c
	Unique  (cost=3628.07..3632.68 rows=922 width=121)
	  ->  Sort  (cost=3628.07..3630.37 rows=922 width=121)
	        Sort Key: c
	        ->  Bitmap Heap Scan on sbtest6  (cost=33.89..3582.67 rows=922 width=121)
	              Recheck Cond: ((id >= 5087337) AND (id <= 5088336))
	              ->  Bitmap Index Scan on sbtest6_pkey  (cost=0.00..33.66 rows=922 width=0)
	                    Index Cond: ((id >= 5087337) AND (id <= 5088336))

table 7 : explain SELECT DISTINCT c FROM sbtest7 WHERE id BETWEEN 6100406 AND 6101405 ORDER BY c
	Unique  (cost=3629.31..3633.91 rows=921 width=121)
	  ->  Sort  (cost=3629.31..3631.61 rows=921 width=121)
	        Sort Key: c
	        ->  Bitmap Heap Scan on sbtest7  (cost=33.88..3583.96 rows=921 width=121)
	              Recheck Cond: ((id >= 6100406) AND (id <= 6101405))
	              ->  Bitmap Index Scan on sbtest7_pkey  (cost=0.00..33.65 rows=921 width=0)
	                    Index Cond: ((id >= 6100406) AND (id <= 6101405))

table 8 : explain SELECT DISTINCT c FROM sbtest8 WHERE id BETWEEN 9867768 AND 9868767 ORDER BY c
	Unique  (cost=4065.42..4070.59 rows=1035 width=121)
	  ->  Sort  (cost=4065.42..4068.00 rows=1035 width=121)
	        Sort Key: c
	        ->  Bitmap Heap Scan on sbtest8  (cost=35.04..4013.59 rows=1035 width=121)
	              Recheck Cond: ((id >= 9867768) AND (id <= 9868767))
	              ->  Bitmap Index Scan on sbtest8_pkey  (cost=0.00..34.79 rows=1035 width=0)
	                    Index Cond: ((id >= 9867768) AND (id <= 9868767))

for: sum_ranges
table 1 : explain SELECT SUM(k) FROM sbtest1 WHERE id BETWEEN 2909028 AND 2910027
	Aggregate  (cost=3838.87..3838.88 rows=1 width=8)
	  ->  Bitmap Heap Scan on sbtest1  (cost=34.57..3836.39 rows=989 width=4)
	        Recheck Cond: ((id >= 2909028) AND (id <= 2910027))
	        ->  Bitmap Index Scan on sbtest1_pkey  (cost=0.00..34.33 rows=989 width=0)
	              Index Cond: ((id >= 2909028) AND (id <= 2910027))

table 2 : explain SELECT SUM(k) FROM sbtest2 WHERE id BETWEEN 1339770 AND 1340769
	Aggregate  (cost=3887.02..3887.03 rows=1 width=8)
	  ->  Bitmap Heap Scan on sbtest2  (cost=34.71..3884.51 rows=1002 width=4)
	        Recheck Cond: ((id >= 1339770) AND (id <= 1340769))
	        ->  Bitmap Index Scan on sbtest2_pkey  (cost=0.00..34.45 rows=1002 width=0)
	              Index Cond: ((id >= 1339770) AND (id <= 1340769))

table 3 : explain SELECT SUM(k) FROM sbtest3 WHERE id BETWEEN 1571368 AND 1572367
	Aggregate  (cost=3859.52..3859.53 rows=1 width=8)
	  ->  Bitmap Heap Scan on sbtest3  (cost=34.62..3857.03 rows=994 width=4)
	        Recheck Cond: ((id >= 1571368) AND (id <= 1572367))
	        ->  Bitmap Index Scan on sbtest3_pkey  (cost=0.00..34.38 rows=994 width=0)
	              Index Cond: ((id >= 1571368) AND (id <= 1572367))

table 4 : explain SELECT SUM(k) FROM sbtest4 WHERE id BETWEEN 973602 AND 974601
	Aggregate  (cost=3676.67..3676.68 rows=1 width=8)
	  ->  Bitmap Heap Scan on sbtest4  (cost=34.12..3674.31 rows=945 width=4)
	        Recheck Cond: ((id >= 973602) AND (id <= 974601))
	        ->  Bitmap Index Scan on sbtest4_pkey  (cost=0.00..33.89 rows=945 width=0)
	              Index Cond: ((id >= 973602) AND (id <= 974601))

table 5 : explain SELECT SUM(k) FROM sbtest5 WHERE id BETWEEN 5265539 AND 5266538
	Aggregate  (cost=3699.62..3699.63 rows=1 width=8)
	  ->  Bitmap Heap Scan on sbtest5  (cost=34.20..3697.24 rows=953 width=4)
	        Recheck Cond: ((id >= 5265539) AND (id <= 5266538))
	        ->  Bitmap Index Scan on sbtest5_pkey  (cost=0.00..33.97 rows=953 width=0)
	              Index Cond: ((id >= 5265539) AND (id <= 5266538))

table 6 : explain SELECT SUM(k) FROM sbtest6 WHERE id BETWEEN 8299028 AND 8300027
	Aggregate  (cost=3834.50..3834.51 rows=1 width=8)
	  ->  Bitmap Heap Scan on sbtest6  (cost=34.56..3832.03 rows=988 width=4)
	        Recheck Cond: ((id >= 8299028) AND (id <= 8300027))
	        ->  Bitmap Index Scan on sbtest6_pkey  (cost=0.00..34.32 rows=988 width=0)
	              Index Cond: ((id >= 8299028) AND (id <= 8300027))

table 7 : explain SELECT SUM(k) FROM sbtest7 WHERE id BETWEEN 1923069 AND 1924068
	Aggregate  (cost=3991.45..3991.46 rows=1 width=8)
	  ->  Bitmap Heap Scan on sbtest7  (cost=34.97..3988.88 rows=1028 width=4)
	        Recheck Cond: ((id >= 1923069) AND (id <= 1924068))
	        ->  Bitmap Index Scan on sbtest7_pkey  (cost=0.00..34.72 rows=1028 width=0)
	              Index Cond: ((id >= 1923069) AND (id <= 1924068))

table 8 : explain SELECT SUM(k) FROM sbtest8 WHERE id BETWEEN 4588623 AND 4589622
	Aggregate  (cost=4057.71..4057.72 rows=1 width=8)
	  ->  Bitmap Heap Scan on sbtest8  (cost=35.16..4055.10 rows=1046 width=4)
	        Recheck Cond: ((id >= 4588623) AND (id <= 4589622))
	        ->  Bitmap Index Scan on sbtest8_pkey  (cost=0.00..34.90 rows=1046 width=0)
	              Index Cond: ((id >= 4588623) AND (id <= 4589622))

for: order_ranges
table 1 : explain SELECT c FROM sbtest1 WHERE id BETWEEN 4815565 AND 4816564 ORDER BY c
	Sort  (cost=4057.90..4060.49 rows=1034 width=121)
	  Sort Key: c
	  ->  Bitmap Heap Scan on sbtest1  (cost=35.03..4006.13 rows=1034 width=121)
	        Recheck Cond: ((id >= 4815565) AND (id <= 4816564))
	        ->  Bitmap Index Scan on sbtest1_pkey  (cost=0.00..34.78 rows=1034 width=0)
	              Index Cond: ((id >= 4815565) AND (id <= 4816564))

table 2 : explain SELECT c FROM sbtest2 WHERE id BETWEEN 6815550 AND 6816549 ORDER BY c
	Sort  (cost=4121.92..4124.55 rows=1051 width=121)
	  Sort Key: c
	  ->  Bitmap Heap Scan on sbtest2  (cost=35.21..4069.18 rows=1051 width=121)
	        Recheck Cond: ((id >= 6815550) AND (id <= 6816549))
	        ->  Bitmap Index Scan on sbtest2_pkey  (cost=0.00..34.95 rows=1051 width=0)
	              Index Cond: ((id >= 6815550) AND (id <= 6816549))

table 3 : explain SELECT c FROM sbtest3 WHERE id BETWEEN 3157812 AND 3158811 ORDER BY c
	Sort  (cost=3718.52..3720.88 rows=945 width=121)
	  Sort Key: c
	  ->  Bitmap Heap Scan on sbtest3  (cost=34.12..3671.82 rows=945 width=121)
	        Recheck Cond: ((id >= 3157812) AND (id <= 3158811))
	        ->  Bitmap Index Scan on sbtest3_pkey  (cost=0.00..33.89 rows=945 width=0)
	              Index Cond: ((id >= 3157812) AND (id <= 3158811))

table 4 : explain SELECT c FROM sbtest4 WHERE id BETWEEN 9794710 AND 9795709 ORDER BY c
	Sort  (cost=3540.08..3542.33 rows=899 width=121)
	  Sort Key: c
	  ->  Bitmap Heap Scan on sbtest4  (cost=29.65..3495.98 rows=899 width=121)
	        Recheck Cond: ((id >= 9794710) AND (id <= 9795709))
	        ->  Bitmap Index Scan on sbtest4_pkey  (cost=0.00..29.43 rows=899 width=0)
	              Index Cond: ((id >= 9794710) AND (id <= 9795709))

table 5 : explain SELECT c FROM sbtest5 WHERE id BETWEEN 7053927 AND 7054926 ORDER BY c
	Sort  (cost=4249.03..4251.75 rows=1085 width=121)
	  Sort Key: c
	  ->  Bitmap Heap Scan on sbtest5  (cost=35.56..4194.33 rows=1085 width=121)
	        Recheck Cond: ((id >= 7053927) AND (id <= 7054926))
	        ->  Bitmap Index Scan on sbtest5_pkey  (cost=0.00..35.29 rows=1085 width=0)
	              Index Cond: ((id >= 7053927) AND (id <= 7054926))

table 6 : explain SELECT c FROM sbtest6 WHERE id BETWEEN 3445578 AND 3446577 ORDER BY c
	Sort  (cost=4458.57..4461.42 rows=1139 width=121)
	  Sort Key: c
	  ->  Bitmap Heap Scan on sbtest6  (cost=40.11..4400.75 rows=1139 width=121)
	        Recheck Cond: ((id >= 3445578) AND (id <= 3446577))
	        ->  Bitmap Index Scan on sbtest6_pkey  (cost=0.00..39.83 rows=1139 width=0)
	              Index Cond: ((id >= 3445578) AND (id <= 3446577))

table 7 : explain SELECT c FROM sbtest7 WHERE id BETWEEN 6205731 AND 6206730 ORDER BY c
	Sort  (cost=3929.04..3931.54 rows=999 width=121)
	  Sort Key: c
	  ->  Bitmap Heap Scan on sbtest7  (cost=34.67..3879.27 rows=999 width=121)
	        Recheck Cond: ((id >= 6205731) AND (id <= 6206730))
	        ->  Bitmap Index Scan on sbtest7_pkey  (cost=0.00..34.43 rows=999 width=0)
	              Index Cond: ((id >= 6205731) AND (id <= 6206730))

table 8 : explain SELECT c FROM sbtest8 WHERE id BETWEEN 8310304 AND 8311303 ORDER BY c
	Sort  (cost=4053.92..4056.50 rows=1032 width=121)
	  Sort Key: c
	  ->  Bitmap Heap Scan on sbtest8  (cost=35.01..4002.26 rows=1032 width=121)
	        Recheck Cond: ((id >= 8310304) AND (id <= 8311303))
	        ->  Bitmap Index Scan on sbtest8_pkey  (cost=0.00..34.76 rows=1032 width=0)
	              Index Cond: ((id >= 8310304) AND (id <= 8311303))

for: distinct_ranges
table 1 : explain SELECT DISTINCT c FROM sbtest1 WHERE id BETWEEN 14664 AND 15663 ORDER BY c
	Unique  (cost=4157.35..4162.65 rows=1060 width=121)
	  ->  Sort  (cost=4157.35..4160.00 rows=1060 width=121)
	        Sort Key: c
	        ->  Bitmap Heap Scan on sbtest1  (cost=35.30..4104.08 rows=1060 width=121)
	              Recheck Cond: ((id >= 14664) AND (id <= 15663))
	              ->  Bitmap Index Scan on sbtest1_pkey  (cost=0.00..35.04 rows=1060 width=0)
	                    Index Cond: ((id >= 14664) AND (id <= 15663))

table 2 : explain SELECT DISTINCT c FROM sbtest2 WHERE id BETWEEN 9093352 AND 9094351 ORDER BY c
	Unique  (cost=3869.35..3874.28 rows=985 width=121)
	  ->  Sort  (cost=3869.35..3871.81 rows=985 width=121)
	        Sort Key: c
	        ->  Bitmap Heap Scan on sbtest2  (cost=34.53..3820.38 rows=985 width=121)
	              Recheck Cond: ((id >= 9093352) AND (id <= 9094351))
	              ->  Bitmap Index Scan on sbtest2_pkey  (cost=0.00..34.29 rows=985 width=0)
	                    Index Cond: ((id >= 9093352) AND (id <= 9094351))

table 3 : explain SELECT DISTINCT c FROM sbtest3 WHERE id BETWEEN 9365381 AND 9366380 ORDER BY c
	Unique  (cost=3522.39..3526.86 rows=895 width=121)
	  ->  Sort  (cost=3522.39..3524.63 rows=895 width=121)
	        Sort Key: c
	        ->  Bitmap Heap Scan on sbtest3  (cost=29.61..3478.51 rows=895 width=121)
	              Recheck Cond: ((id >= 9365381) AND (id <= 9366380))
	              ->  Bitmap Index Scan on sbtest3_pkey  (cost=0.00..29.39 rows=895 width=0)
	                    Index Cond: ((id >= 9365381) AND (id <= 9366380))

table 4 : explain SELECT DISTINCT c FROM sbtest4 WHERE id BETWEEN 6358969 AND 6359968 ORDER BY c
	Unique  (cost=3897.69..3902.65 rows=991 width=121)
	  ->  Sort  (cost=3897.69..3900.17 rows=991 width=121)
	        Sort Key: c
	        ->  Bitmap Heap Scan on sbtest4  (cost=34.59..3848.38 rows=991 width=121)
	              Recheck Cond: ((id >= 6358969) AND (id <= 6359968))
	              ->  Bitmap Index Scan on sbtest4_pkey  (cost=0.00..34.34 rows=991 width=0)
	                    Index Cond: ((id >= 6358969) AND (id <= 6359968))

table 5 : explain SELECT DISTINCT c FROM sbtest5 WHERE id BETWEEN 7888845 AND 7889844 ORDER BY c
	Unique  (cost=4233.77..4239.18 rows=1081 width=121)
	  ->  Sort  (cost=4233.77..4236.47 rows=1081 width=121)
	        Sort Key: c
	        ->  Bitmap Heap Scan on sbtest5  (cost=35.52..4179.30 rows=1081 width=121)
	              Recheck Cond: ((id >= 7888845) AND (id <= 7889844))
	              ->  Bitmap Index Scan on sbtest5_pkey  (cost=0.00..35.25 rows=1081 width=0)
	                    Index Cond: ((id >= 7888845) AND (id <= 7889844))

table 6 : explain SELECT DISTINCT c FROM sbtest6 WHERE id BETWEEN 9839245 AND 9840244 ORDER BY c
	Unique  (cost=4240.76..4246.17 rows=1082 width=121)
	  ->  Sort  (cost=4240.76..4243.46 rows=1082 width=121)
	        Sort Key: c
	        ->  Bitmap Heap Scan on sbtest6  (cost=35.53..4186.22 rows=1082 width=121)
	              Recheck Cond: ((id >= 9839245) AND (id <= 9840244))
	              ->  Bitmap Index Scan on sbtest6_pkey  (cost=0.00..35.26 rows=1082 width=0)
	                    Index Cond: ((id >= 9839245) AND (id <= 9840244))

table 7 : explain SELECT DISTINCT c FROM sbtest7 WHERE id BETWEEN 1241040 AND 1242039 ORDER BY c
	Unique  (cost=3463.61..3468.01 rows=879 width=121)
	  ->  Sort  (cost=3463.61..3465.81 rows=879 width=121)
	        Sort Key: c
	        ->  Bitmap Heap Scan on sbtest7  (cost=29.44..3420.63 rows=879 width=121)
	              Recheck Cond: ((id >= 1241040) AND (id <= 1242039))
	              ->  Bitmap Index Scan on sbtest7_pkey  (cost=0.00..29.22 rows=879 width=0)
	                    Index Cond: ((id >= 1241040) AND (id <= 1242039))

table 8 : explain SELECT DISTINCT c FROM sbtest8 WHERE id BETWEEN 4974090 AND 4975089 ORDER BY c
	Unique  (cost=4084.57..4089.77 rows=1040 width=121)
	  ->  Sort  (cost=4084.57..4087.17 rows=1040 width=121)
	        Sort Key: c
	        ->  Bitmap Heap Scan on sbtest8  (cost=35.09..4032.46 rows=1040 width=121)
	              Recheck Cond: ((id >= 4974090) AND (id <= 4975089))
	              ->  Bitmap Index Scan on sbtest8_pkey  (cost=0.00..34.84 rows=1040 width=0)
	                    Index Cond: ((id >= 4974090) AND (id <= 4975089))

for: simple_ranges
table 1 : explain SELECT c FROM sbtest1 WHERE id BETWEEN 8778545 AND 8779544
	Bitmap Heap Scan on sbtest1  (cost=34.06..3647.50 rows=939 width=121)
	  Recheck Cond: ((id >= 8778545) AND (id <= 8779544))
	  ->  Bitmap Index Scan on sbtest1_pkey  (cost=0.00..33.83 rows=939 width=0)
	        Index Cond: ((id >= 8778545) AND (id <= 8779544))

table 2 : explain SELECT c FROM sbtest2 WHERE id BETWEEN 7833357 AND 7834356
	Bitmap Heap Scan on sbtest2  (cost=35.26..4088.00 rows=1056 width=121)
	  Recheck Cond: ((id >= 7833357) AND (id <= 7834356))
	  ->  Bitmap Index Scan on sbtest2_pkey  (cost=0.00..35.00 rows=1056 width=0)
	        Index Cond: ((id >= 7833357) AND (id <= 7834356))

table 3 : explain SELECT c FROM sbtest3 WHERE id BETWEEN 7055597 AND 7056596
	Bitmap Heap Scan on sbtest3  (cost=34.50..3811.70 rows=982 width=121)
	  Recheck Cond: ((id >= 7055597) AND (id <= 7056596))
	  ->  Bitmap Index Scan on sbtest3_pkey  (cost=0.00..34.26 rows=982 width=0)
	        Index Cond: ((id >= 7055597) AND (id <= 7056596))

table 4 : explain SELECT c FROM sbtest4 WHERE id BETWEEN 4346088 AND 4347087
	Bitmap Heap Scan on sbtest4  (cost=34.41..3780.29 rows=973 width=121)
	  Recheck Cond: ((id >= 4346088) AND (id <= 4347087))
	  ->  Bitmap Index Scan on sbtest4_pkey  (cost=0.00..34.17 rows=973 width=0)
	        Index Cond: ((id >= 4346088) AND (id <= 4347087))

table 5 : explain SELECT c FROM sbtest5 WHERE id BETWEEN 8712605 AND 8713604
	Bitmap Heap Scan on sbtest5  (cost=34.35..3750.07 rows=967 width=121)
	  Recheck Cond: ((id >= 8712605) AND (id <= 8713604))
	  ->  Bitmap Index Scan on sbtest5_pkey  (cost=0.00..34.11 rows=967 width=0)
	        Index Cond: ((id >= 8712605) AND (id <= 8713604))

table 6 : explain SELECT c FROM sbtest6 WHERE id BETWEEN 2732876 AND 2733875
	Bitmap Heap Scan on sbtest6  (cost=34.79..3915.02 rows=1010 width=121)
	  Recheck Cond: ((id >= 2732876) AND (id <= 2733875))
	  ->  Bitmap Index Scan on sbtest6_pkey  (cost=0.00..34.54 rows=1010 width=0)
	        Index Cond: ((id >= 2732876) AND (id <= 2733875))

table 7 : explain SELECT c FROM sbtest7 WHERE id BETWEEN 965033 AND 966032
	Bitmap Heap Scan on sbtest7  (cost=34.02..3637.02 rows=935 width=121)
	  Recheck Cond: ((id >= 965033) AND (id <= 966032))
	  ->  Bitmap Index Scan on sbtest7_pkey  (cost=0.00..33.79 rows=935 width=0)
	        Index Cond: ((id >= 965033) AND (id <= 966032))

table 8 : explain SELECT c FROM sbtest8 WHERE id BETWEEN 1846542 AND 1847541
	Index Scan using sbtest8_pkey on sbtest8  (cost=0.43..3867.58 rows=987 width=121)
	  Index Cond: ((id >= 1846542) AND (id <= 1847541))

for: distinct_ranges
table 1 : explain SELECT DISTINCT c FROM sbtest1 WHERE id BETWEEN 5990267 AND 5991266 ORDER BY c
	Unique  (cost=3996.66..4001.75 rows=1018 width=121)
	  ->  Sort  (cost=3996.66..3999.21 rows=1018 width=121)
	        Sort Key: c
	        ->  Bitmap Heap Scan on sbtest1  (cost=34.87..3945.81 rows=1018 width=121)
	              Recheck Cond: ((id >= 5990267) AND (id <= 5991266))
	              ->  Bitmap Index Scan on sbtest1_pkey  (cost=0.00..34.62 rows=1018 width=0)
	                    Index Cond: ((id >= 5990267) AND (id <= 5991266))

table 2 : explain SELECT DISTINCT c FROM sbtest2 WHERE id BETWEEN 5910451 AND 5911450 ORDER BY c
	Unique  (cost=4003.36..4008.46 rows=1020 width=121)
	  ->  Sort  (cost=4003.36..4005.91 rows=1020 width=121)
	        Sort Key: c
	        ->  Bitmap Heap Scan on sbtest2  (cost=34.89..3952.38 rows=1020 width=121)
	              Recheck Cond: ((id >= 5910451) AND (id <= 5911450))
	              ->  Bitmap Index Scan on sbtest2_pkey  (cost=0.00..34.64 rows=1020 width=0)
	                    Index Cond: ((id >= 5910451) AND (id <= 5911450))

table 3 : explain SELECT DISTINCT c FROM sbtest3 WHERE id BETWEEN 5554408 AND 5555407 ORDER BY c
	Unique  (cost=4017.65..4022.76 rows=1023 width=121)
	  ->  Sort  (cost=4017.65..4020.20 rows=1023 width=121)
	        Sort Key: c
	        ->  Bitmap Heap Scan on sbtest3  (cost=34.92..3966.50 rows=1023 width=121)
	              Recheck Cond: ((id >= 5554408) AND (id <= 5555407))
	              ->  Bitmap Index Scan on sbtest3_pkey  (cost=0.00..34.67 rows=1023 width=0)
	                    Index Cond: ((id >= 5554408) AND (id <= 5555407))

table 4 : explain SELECT DISTINCT c FROM sbtest4 WHERE id BETWEEN 9285112 AND 9286111 ORDER BY c
	Unique  (cost=3843.95..3848.83 rows=977 width=121)
	  ->  Sort  (cost=3843.95..3846.39 rows=977 width=121)
	        Sort Key: c
	        ->  Bitmap Heap Scan on sbtest4  (cost=34.45..3795.43 rows=977 width=121)
	              Recheck Cond: ((id >= 9285112) AND (id <= 9286111))
	              ->  Bitmap Index Scan on sbtest4_pkey  (cost=0.00..34.20 rows=977 width=0)
	                    Index Cond: ((id >= 9285112) AND (id <= 9286111))

table 5 : explain SELECT DISTINCT c FROM sbtest5 WHERE id BETWEEN 8058199 AND 8059198 ORDER BY c
	Unique  (cost=3962.57..3967.62 rows=1010 width=121)
	  ->  Sort  (cost=3962.57..3965.09 rows=1010 width=121)
	        Sort Key: c
	        ->  Bitmap Heap Scan on sbtest5  (cost=34.79..3912.17 rows=1010 width=121)
	              Recheck Cond: ((id >= 8058199) AND (id <= 8059198))
	              ->  Bitmap Index Scan on sbtest5_pkey  (cost=0.00..34.54 rows=1010 width=0)
	                    Index Cond: ((id >= 8058199) AND (id <= 8059198))

table 6 : explain SELECT DISTINCT c FROM sbtest6 WHERE id BETWEEN 6462956 AND 6463955 ORDER BY c
	Unique  (cost=3516.53..3521.00 rows=894 width=121)
	  ->  Sort  (cost=3516.53..3518.76 rows=894 width=121)
	        Sort Key: c
	        ->  Bitmap Heap Scan on sbtest6  (cost=29.60..3472.70 rows=894 width=121)
	              Recheck Cond: ((id >= 6462956) AND (id <= 6463955))
	              ->  Bitmap Index Scan on sbtest6_pkey  (cost=0.00..29.37 rows=894 width=0)
	                    Index Cond: ((id >= 6462956) AND (id <= 6463955))

table 7 : explain SELECT DISTINCT c FROM sbtest7 WHERE id BETWEEN 5663089 AND 5664088 ORDER BY c
	Unique  (cost=3748.52..3753.28 rows=952 width=121)
	  ->  Sort  (cost=3748.52..3750.90 rows=952 width=121)
	        Sort Key: c
	        ->  Bitmap Heap Scan on sbtest7  (cost=34.19..3701.42 rows=952 width=121)
	              Recheck Cond: ((id >= 5663089) AND (id <= 5664088))
	              ->  Bitmap Index Scan on sbtest7_pkey  (cost=0.00..33.95 rows=952 width=0)
	                    Index Cond: ((id >= 5663089) AND (id <= 5664088))

table 8 : explain SELECT DISTINCT c FROM sbtest8 WHERE id BETWEEN 6605912 AND 6606911 ORDER BY c
	Unique  (cost=4245.38..4250.79 rows=1082 width=121)
	  ->  Sort  (cost=4245.38..4248.08 rows=1082 width=121)
	        Sort Key: c
	        ->  Bitmap Heap Scan on sbtest8  (cost=35.53..4190.85 rows=1082 width=121)
	              Recheck Cond: ((id >= 6605912) AND (id <= 6606911))
	              ->  Bitmap Index Scan on sbtest8_pkey  (cost=0.00..35.26 rows=1082 width=0)
	                    Index Cond: ((id >= 6605912) AND (id <= 6606911))

for: simple_ranges
table 1 : explain SELECT c FROM sbtest1 WHERE id BETWEEN 9108223 AND 9109222
	Bitmap Heap Scan on sbtest1  (cost=34.28..3726.87 rows=960 width=121)
	  Recheck Cond: ((id >= 9108223) AND (id <= 9109222))
	  ->  Bitmap Index Scan on sbtest1_pkey  (cost=0.00..34.04 rows=960 width=0)
	        Index Cond: ((id >= 9108223) AND (id <= 9109222))

table 2 : explain SELECT c FROM sbtest2 WHERE id BETWEEN 1990661 AND 1991660
	Bitmap Heap Scan on sbtest2  (cost=34.31..3737.32 rows=963 width=121)
	  Recheck Cond: ((id >= 1990661) AND (id <= 1991660))
	  ->  Bitmap Index Scan on sbtest2_pkey  (cost=0.00..34.07 rows=963 width=0)
	        Index Cond: ((id >= 1990661) AND (id <= 1991660))

table 3 : explain SELECT c FROM sbtest3 WHERE id BETWEEN 9495529 AND 9496528
	Bitmap Heap Scan on sbtest3  (cost=34.25..3720.99 rows=958 width=121)
	  Recheck Cond: ((id >= 9495529) AND (id <= 9496528))
	  ->  Bitmap Index Scan on sbtest3_pkey  (cost=0.00..34.02 rows=958 width=0)
	        Index Cond: ((id >= 9495529) AND (id <= 9496528))

table 4 : explain SELECT c FROM sbtest4 WHERE id BETWEEN 6489697 AND 6490696
	Bitmap Heap Scan on sbtest4  (cost=34.92..3969.31 rows=1023 width=121)
	  Recheck Cond: ((id >= 6489697) AND (id <= 6490696))
	  ->  Bitmap Index Scan on sbtest4_pkey  (cost=0.00..34.67 rows=1023 width=0)
	        Index Cond: ((id >= 6489697) AND (id <= 6490696))

table 5 : explain SELECT c FROM sbtest5 WHERE id BETWEEN 3473818 AND 3474817
	Bitmap Heap Scan on sbtest5  (cost=39.96..4341.05 rows=1124 width=121)
	  Recheck Cond: ((id >= 3473818) AND (id <= 3474817))
	  ->  Bitmap Index Scan on sbtest5_pkey  (cost=0.00..39.68 rows=1124 width=0)
	        Index Cond: ((id >= 3473818) AND (id <= 3474817))

table 6 : explain SELECT c FROM sbtest6 WHERE id BETWEEN 1694771 AND 1695770
	Bitmap Heap Scan on sbtest6  (cost=35.18..4058.24 rows=1048 width=121)
	  Recheck Cond: ((id >= 1694771) AND (id <= 1695770))
	  ->  Bitmap Index Scan on sbtest6_pkey  (cost=0.00..34.92 rows=1048 width=0)
	        Index Cond: ((id >= 1694771) AND (id <= 1695770))

table 7 : explain SELECT c FROM sbtest7 WHERE id BETWEEN 4675981 AND 4676980
	Bitmap Heap Scan on sbtest7  (cost=34.84..3939.76 rows=1015 width=121)
	  Recheck Cond: ((id >= 4675981) AND (id <= 4676980))
	  ->  Bitmap Index Scan on sbtest7_pkey  (cost=0.00..34.59 rows=1015 width=0)
	        Index Cond: ((id >= 4675981) AND (id <= 4676980))

table 8 : explain SELECT c FROM sbtest8 WHERE id BETWEEN 8197997 AND 8198996
	Bitmap Heap Scan on sbtest8  (cost=35.27..4096.59 rows=1057 width=121)
	  Recheck Cond: ((id >= 8197997) AND (id <= 8198996))
	  ->  Bitmap Index Scan on sbtest8_pkey  (cost=0.00..35.01 rows=1057 width=0)
	        Index Cond: ((id >= 8197997) AND (id <= 8198996))

for: order_ranges
table 1 : explain SELECT c FROM sbtest1 WHERE id BETWEEN 3271891 AND 3272890 ORDER BY c
	Sort  (cost=3774.43..3776.83 rows=960 width=121)
	  Sort Key: c
	  ->  Bitmap Heap Scan on sbtest1  (cost=34.28..3726.87 rows=960 width=121)
	        Recheck Cond: ((id >= 3271891) AND (id <= 3272890))
	        ->  Bitmap Index Scan on sbtest1_pkey  (cost=0.00..34.04 rows=960 width=0)
	              Index Cond: ((id >= 3271891) AND (id <= 3272890))

table 2 : explain SELECT c FROM sbtest2 WHERE id BETWEEN 3817031 AND 3818030 ORDER BY c
	Sort  (cost=3631.61..3633.92 rows=923 width=121)
	  Sort Key: c
	  ->  Bitmap Heap Scan on sbtest2  (cost=33.90..3586.15 rows=923 width=121)
	        Recheck Cond: ((id >= 3817031) AND (id <= 3818030))
	        ->  Bitmap Index Scan on sbtest2_pkey  (cost=0.00..33.67 rows=923 width=0)
	              Index Cond: ((id >= 3817031) AND (id <= 3818030))

table 3 : explain SELECT c FROM sbtest3 WHERE id BETWEEN 7286015 AND 7287014 ORDER BY c
	Sort  (cost=3944.85..3947.36 rows=1004 width=121)
	  Sort Key: c
	  ->  Bitmap Heap Scan on sbtest3  (cost=34.73..3894.79 rows=1004 width=121)
	        Recheck Cond: ((id >= 7286015) AND (id <= 7287014))
	        ->  Bitmap Index Scan on sbtest3_pkey  (cost=0.00..34.48 rows=1004 width=0)
	              Index Cond: ((id >= 7286015) AND (id <= 7287014))

table 4 : explain SELECT c FROM sbtest4 WHERE id BETWEEN 9999887 AND 10000886 ORDER BY c
	Sort  (cost=479.31..479.61 rows=120 width=121)
	  Sort Key: c
	  ->  Index Scan using sbtest4_pkey on sbtest4  (cost=0.43..475.16 rows=120 width=121)
	        Index Cond: ((id >= 9999887) AND (id <= 10000886))

table 5 : explain SELECT c FROM sbtest5 WHERE id BETWEEN 3217398 AND 3218397 ORDER BY c
	Sort  (cost=4073.41..4076.01 rows=1039 width=121)
	  Sort Key: c
	  ->  Bitmap Heap Scan on sbtest5  (cost=35.08..4021.35 rows=1039 width=121)
	        Recheck Cond: ((id >= 3217398) AND (id <= 3218397))
	        ->  Bitmap Index Scan on sbtest5_pkey  (cost=0.00..34.83 rows=1039 width=0)
	              Index Cond: ((id >= 3217398) AND (id <= 3218397))

table 6 : explain SELECT c FROM sbtest6 WHERE id BETWEEN 9537657 AND 9538656 ORDER BY c
	Sort  (cost=3988.39..3990.93 rows=1016 width=121)
	  Sort Key: c
	  ->  Bitmap Heap Scan on sbtest6  (cost=34.85..3937.65 rows=1016 width=121)
	        Recheck Cond: ((id >= 9537657) AND (id <= 9538656))
	        ->  Bitmap Index Scan on sbtest6_pkey  (cost=0.00..34.59 rows=1016 width=0)
	              Index Cond: ((id >= 9537657) AND (id <= 9538656))

table 7 : explain SELECT c FROM sbtest7 WHERE id BETWEEN 6737411 AND 6738410 ORDER BY c
	Sort  (cost=3479.02..3481.23 rows=883 width=121)
	  Sort Key: c
	  ->  Bitmap Heap Scan on sbtest7  (cost=29.49..3435.82 rows=883 width=121)
	        Recheck Cond: ((id >= 6737411) AND (id <= 6738410))
	        ->  Bitmap Index Scan on sbtest7_pkey  (cost=0.00..29.26 rows=883 width=0)
	              Index Cond: ((id >= 6737411) AND (id <= 6738410))

table 8 : explain SELECT c FROM sbtest8 WHERE id BETWEEN 9092817 AND 9093816 ORDER BY c
	Sort  (cost=4076.91..4079.51 rows=1038 width=121)
	  Sort Key: c
	  ->  Bitmap Heap Scan on sbtest8  (cost=35.07..4024.91 rows=1038 width=121)
	        Recheck Cond: ((id >= 9092817) AND (id <= 9093816))
	        ->  Bitmap Index Scan on sbtest8_pkey  (cost=0.00..34.82 rows=1038 width=0)
	              Index Cond: ((id >= 9092817) AND (id <= 9093816))

for: distinct_ranges
table 1 : explain SELECT DISTINCT c FROM sbtest1 WHERE id BETWEEN 8330900 AND 8331899 ORDER BY c
	Unique  (cost=4176.46..4181.79 rows=1065 width=121)
	  ->  Sort  (cost=4176.46..4179.13 rows=1065 width=121)
	        Sort Key: c
	        ->  Bitmap Heap Scan on sbtest1  (cost=35.35..4122.91 rows=1065 width=121)
	              Recheck Cond: ((id >= 8330900) AND (id <= 8331899))
	              ->  Bitmap Index Scan on sbtest1_pkey  (cost=0.00..35.09 rows=1065 width=0)
	                    Index Cond: ((id >= 8330900) AND (id <= 8331899))

table 2 : explain SELECT DISTINCT c FROM sbtest2 WHERE id BETWEEN 4551403 AND 4552402 ORDER BY c
	Unique  (cost=3980.39..3985.46 rows=1014 width=121)
	  ->  Sort  (cost=3980.39..3982.93 rows=1014 width=121)
	        Sort Key: c
	        ->  Bitmap Heap Scan on sbtest2  (cost=34.83..3929.77 rows=1014 width=121)
	              Recheck Cond: ((id >= 4551403) AND (id <= 4552402))
	              ->  Bitmap Index Scan on sbtest2_pkey  (cost=0.00..34.58 rows=1014 width=0)
	                    Index Cond: ((id >= 4551403) AND (id <= 4552402))

table 3 : explain SELECT DISTINCT c FROM sbtest3 WHERE id BETWEEN 7412928 AND 7413927 ORDER BY c
	Unique  (cost=3864.34..3869.25 rows=983 width=121)
	  ->  Sort  (cost=3864.34..3866.80 rows=983 width=121)
	        Sort Key: c
	        ->  Bitmap Heap Scan on sbtest3  (cost=34.51..3815.48 rows=983 width=121)
	              Recheck Cond: ((id >= 7412928) AND (id <= 7413927))
	              ->  Bitmap Index Scan on sbtest3_pkey  (cost=0.00..34.27 rows=983 width=0)
	                    Index Cond: ((id >= 7412928) AND (id <= 7413927))

table 4 : explain SELECT DISTINCT c FROM sbtest4 WHERE id BETWEEN 8500592 AND 8501591 ORDER BY c
	Unique  (cost=3866.98..3871.90 rows=983 width=121)
	  ->  Sort  (cost=3866.98..3869.44 rows=983 width=121)
	        Sort Key: c
	        ->  Bitmap Heap Scan on sbtest4  (cost=34.51..3818.12 rows=983 width=121)
	              Recheck Cond: ((id >= 8500592) AND (id <= 8501591))
	              ->  Bitmap Index Scan on sbtest4_pkey  (cost=0.00..34.27 rows=983 width=0)
	                    Index Cond: ((id >= 8500592) AND (id <= 8501591))

table 5 : explain SELECT DISTINCT c FROM sbtest5 WHERE id BETWEEN 2742960 AND 2743959 ORDER BY c
	Unique  (cost=4077.23..4082.43 rows=1040 width=121)
	  ->  Sort  (cost=4077.23..4079.83 rows=1040 width=121)
	        Sort Key: c
	        ->  Bitmap Heap Scan on sbtest5  (cost=35.09..4025.12 rows=1040 width=121)
	              Recheck Cond: ((id >= 2742960) AND (id <= 2743959))
	              ->  Bitmap Index Scan on sbtest5_pkey  (cost=0.00..34.84 rows=1040 width=0)
	                    Index Cond: ((id >= 2742960) AND (id <= 2743959))

table 6 : explain SELECT DISTINCT c FROM sbtest6 WHERE id BETWEEN 128289 AND 129288 ORDER BY c
	Unique  (cost=4141.40..4146.68 rows=1056 width=121)
	  ->  Sort  (cost=4141.40..4144.04 rows=1056 width=121)
	        Sort Key: c
	        ->  Bitmap Heap Scan on sbtest6  (cost=35.26..4088.37 rows=1056 width=121)
	              Recheck Cond: ((id >= 128289) AND (id <= 129288))
	              ->  Bitmap Index Scan on sbtest6_pkey  (cost=0.00..35.00 rows=1056 width=0)
	                    Index Cond: ((id >= 128289) AND (id <= 129288))

table 7 : explain SELECT DISTINCT c FROM sbtest7 WHERE id BETWEEN 6907656 AND 6908655 ORDER BY c
	Unique  (cost=3898.33..3903.29 rows=991 width=121)
	  ->  Sort  (cost=3898.33..3900.81 rows=991 width=121)
	        Sort Key: c
	        ->  Bitmap Heap Scan on sbtest7  (cost=34.59..3849.02 rows=991 width=121)
	              Recheck Cond: ((id >= 6907656) AND (id <= 6908655))
	              ->  Bitmap Index Scan on sbtest7_pkey  (cost=0.00..34.34 rows=991 width=0)
	                    Index Cond: ((id >= 6907656) AND (id <= 6908655))

table 8 : explain SELECT DISTINCT c FROM sbtest8 WHERE id BETWEEN 4046121 AND 4047120 ORDER BY c
	Unique  (cost=3695.25..3699.91 rows=931 width=121)
	  ->  Sort  (cost=3695.25..3697.58 rows=931 width=121)
	        Sort Key: c
	        ->  Index Scan using sbtest8_pkey on sbtest8  (cost=0.43..3649.34 rows=931 width=121)
	              Index Cond: ((id >= 4046121) AND (id <= 4047120))

for: order_ranges
table 1 : explain SELECT c FROM sbtest1 WHERE id BETWEEN 7376379 AND 7377378 ORDER BY c
	Sort  (cost=3962.21..3964.73 rows=1009 width=121)
	  Sort Key: c
	  ->  Bitmap Heap Scan on sbtest1  (cost=34.78..3911.86 rows=1009 width=121)
	        Recheck Cond: ((id >= 7376379) AND (id <= 7377378))
	        ->  Bitmap Index Scan on sbtest1_pkey  (cost=0.00..34.53 rows=1009 width=0)
	              Index Cond: ((id >= 7376379) AND (id <= 7377378))

table 2 : explain SELECT c FROM sbtest2 WHERE id BETWEEN 7625920 AND 7626919 ORDER BY c
	Sort  (cost=4477.23..4480.09 rows=1144 width=121)
	  Sort Key: c
	  ->  Bitmap Heap Scan on sbtest2  (cost=40.16..4419.11 rows=1144 width=121)
	        Recheck Cond: ((id >= 7625920) AND (id <= 7626919))
	        ->  Bitmap Index Scan on sbtest2_pkey  (cost=0.00..39.88 rows=1144 width=0)
	              Index Cond: ((id >= 7625920) AND (id <= 7626919))

table 3 : explain SELECT c FROM sbtest3 WHERE id BETWEEN 7314230 AND 7315229 ORDER BY c
	Sort  (cost=3944.85..3947.36 rows=1004 width=121)
	  Sort Key: c
	  ->  Bitmap Heap Scan on sbtest3  (cost=34.73..3894.79 rows=1004 width=121)
	        Recheck Cond: ((id >= 7314230) AND (id <= 7315229))
	        ->  Bitmap Index Scan on sbtest3_pkey  (cost=0.00..34.48 rows=1004 width=0)
	              Index Cond: ((id >= 7314230) AND (id <= 7315229))

table 4 : explain SELECT c FROM sbtest4 WHERE id BETWEEN 2392191 AND 2393190 ORDER BY c
	Sort  (cost=3928.39..3930.89 rows=999 width=121)
	  Sort Key: c
	  ->  Bitmap Heap Scan on sbtest4  (cost=34.67..3878.62 rows=999 width=121)
	        Recheck Cond: ((id >= 2392191) AND (id <= 2393190))
	        ->  Bitmap Index Scan on sbtest4_pkey  (cost=0.00..34.43 rows=999 width=0)
	              Index Cond: ((id >= 2392191) AND (id <= 2393190))

table 5 : explain SELECT c FROM sbtest5 WHERE id BETWEEN 9537299 AND 9538298 ORDER BY c
	Sort  (cost=3878.41..3880.88 rows=988 width=121)
	  Sort Key: c
	  ->  Bitmap Heap Scan on sbtest5  (cost=34.56..3829.26 rows=988 width=121)
	        Recheck Cond: ((id >= 9537299) AND (id <= 9538298))
	        ->  Bitmap Index Scan on sbtest5_pkey  (cost=0.00..34.32 rows=988 width=0)
	              Index Cond: ((id >= 9537299) AND (id <= 9538298))

table 6 : explain SELECT c FROM sbtest6 WHERE id BETWEEN 9117225 AND 9118224 ORDER BY c
	Sort  (cost=4026.66..4029.23 rows=1026 width=121)
	  Sort Key: c
	  ->  Bitmap Heap Scan on sbtest6  (cost=34.95..3975.35 rows=1026 width=121)
	        Recheck Cond: ((id >= 9117225) AND (id <= 9118224))
	        ->  Bitmap Index Scan on sbtest6_pkey  (cost=0.00..34.70 rows=1026 width=0)
	              Index Cond: ((id >= 9117225) AND (id <= 9118224))

table 7 : explain SELECT c FROM sbtest7 WHERE id BETWEEN 1036185 AND 1037184 ORDER BY c
	Sort  (cost=3683.16..3685.50 rows=935 width=121)
	  Sort Key: c
	  ->  Bitmap Heap Scan on sbtest7  (cost=34.02..3637.02 rows=935 width=121)
	        Recheck Cond: ((id >= 1036185) AND (id <= 1037184))
	        ->  Bitmap Index Scan on sbtest7_pkey  (cost=0.00..33.79 rows=935 width=0)
	              Index Cond: ((id >= 1036185) AND (id <= 1037184))

table 8 : explain SELECT c FROM sbtest8 WHERE id BETWEEN 7813739 AND 7814738 ORDER BY c
	Sort  (cost=3655.69..3657.99 rows=921 width=121)
	  Sort Key: c
	  ->  Index Scan using sbtest8_pkey on sbtest8  (cost=0.43..3610.34 rows=921 width=121)
	        Index Cond: ((id >= 7813739) AND (id <= 7814738))

for point_selects
table 1 : explain SELECT c FROM sbtest1 WHERE id=5462485
	Index Scan using sbtest1_pkey on sbtest1  (cost=0.43..8.45 rows=1 width=121)
	  Index Cond: (id = 5462485)

table 2 : explain SELECT c FROM sbtest2 WHERE id=8796971
	Index Scan using sbtest2_pkey on sbtest2  (cost=0.43..8.45 rows=1 width=121)
	  Index Cond: (id = 8796971)

table 3 : explain SELECT c FROM sbtest3 WHERE id=8829732
	Index Scan using sbtest3_pkey on sbtest3  (cost=0.43..8.45 rows=1 width=121)
	  Index Cond: (id = 8829732)

table 4 : explain SELECT c FROM sbtest4 WHERE id=6808131
	Index Scan using sbtest4_pkey on sbtest4  (cost=0.43..8.45 rows=1 width=121)
	  Index Cond: (id = 6808131)

table 5 : explain SELECT c FROM sbtest5 WHERE id=3101329
	Index Scan using sbtest5_pkey on sbtest5  (cost=0.43..8.45 rows=1 width=121)
	  Index Cond: (id = 3101329)

table 6 : explain SELECT c FROM sbtest6 WHERE id=9604286
	Index Scan using sbtest6_pkey on sbtest6  (cost=0.43..8.45 rows=1 width=121)
	  Index Cond: (id = 9604286)

table 7 : explain SELECT c FROM sbtest7 WHERE id=825513
	Index Scan using sbtest7_pkey on sbtest7  (cost=0.43..8.45 rows=1 width=121)
	  Index Cond: (id = 825513)

table 8 : explain SELECT c FROM sbtest8 WHERE id=3783210
	Index Scan using sbtest8_pkey on sbtest8  (cost=0.43..8.45 rows=1 width=121)
	  Index Cond: (id = 3783210)

for point_selects
table 1 : explain SELECT c FROM sbtest1 WHERE id=6220797
	Index Scan using sbtest1_pkey on sbtest1  (cost=0.43..8.45 rows=1 width=121)
	  Index Cond: (id = 6220797)

table 2 : explain SELECT c FROM sbtest2 WHERE id=3311041
	Index Scan using sbtest2_pkey on sbtest2  (cost=0.43..8.45 rows=1 width=121)
	  Index Cond: (id = 3311041)

table 3 : explain SELECT c FROM sbtest3 WHERE id=3735894
	Index Scan using sbtest3_pkey on sbtest3  (cost=0.43..8.45 rows=1 width=121)
	  Index Cond: (id = 3735894)

table 4 : explain SELECT c FROM sbtest4 WHERE id=7476283
	Index Scan using sbtest4_pkey on sbtest4  (cost=0.43..8.45 rows=1 width=121)
	  Index Cond: (id = 7476283)

table 5 : explain SELECT c FROM sbtest5 WHERE id=4773234
	Index Scan using sbtest5_pkey on sbtest5  (cost=0.43..8.45 rows=1 width=121)
	  Index Cond: (id = 4773234)

table 6 : explain SELECT c FROM sbtest6 WHERE id=7343690
	Index Scan using sbtest6_pkey on sbtest6  (cost=0.43..8.45 rows=1 width=121)
	  Index Cond: (id = 7343690)

table 7 : explain SELECT c FROM sbtest7 WHERE id=3461177
	Index Scan using sbtest7_pkey on sbtest7  (cost=0.43..8.45 rows=1 width=121)
	  Index Cond: (id = 3461177)

table 8 : explain SELECT c FROM sbtest8 WHERE id=2128005
	Index Scan using sbtest8_pkey on sbtest8  (cost=0.43..8.45 rows=1 width=121)
	  Index Cond: (id = 2128005)

for: order_ranges
table 1 : explain SELECT c FROM sbtest1 WHERE id BETWEEN 6662032 AND 6663031 ORDER BY c
	Sort  (cost=4249.07..4251.78 rows=1084 width=121)
	  Sort Key: c
	  ->  Bitmap Heap Scan on sbtest1  (cost=35.55..4194.43 rows=1084 width=121)
	        Recheck Cond: ((id >= 6662032) AND (id <= 6663031))
	        ->  Bitmap Index Scan on sbtest1_pkey  (cost=0.00..35.28 rows=1084 width=0)
	              Index Cond: ((id >= 6662032) AND (id <= 6663031))

table 2 : explain SELECT c FROM sbtest2 WHERE id BETWEEN 3303006 AND 3304005 ORDER BY c
	Sort  (cost=3773.54..3775.94 rows=960 width=121)
	  Sort Key: c
	  ->  Bitmap Heap Scan on sbtest2  (cost=34.28..3725.99 rows=960 width=121)
	        Recheck Cond: ((id >= 3303006) AND (id <= 3304005))
	        ->  Bitmap Index Scan on sbtest2_pkey  (cost=0.00..34.04 rows=960 width=0)
	              Index Cond: ((id >= 3303006) AND (id <= 3304005))

table 3 : explain SELECT c FROM sbtest3 WHERE id BETWEEN 6241309 AND 6242308 ORDER BY c
	Sort  (cost=4446.11..4448.95 rows=1134 width=121)
	  Sort Key: c
	  ->  Bitmap Heap Scan on sbtest3  (cost=40.06..4388.58 rows=1134 width=121)
	        Recheck Cond: ((id >= 6241309) AND (id <= 6242308))
	        ->  Bitmap Index Scan on sbtest3_pkey  (cost=0.00..39.78 rows=1134 width=0)
	              Index Cond: ((id >= 6241309) AND (id <= 6242308))

table 4 : explain SELECT c FROM sbtest4 WHERE id BETWEEN 4284119 AND 4285118 ORDER BY c
	Sort  (cost=3828.59..3831.02 rows=973 width=121)
	  Sort Key: c
	  ->  Bitmap Heap Scan on sbtest4  (cost=34.41..3780.29 rows=973 width=121)
	        Recheck Cond: ((id >= 4284119) AND (id <= 4285118))
	        ->  Bitmap Index Scan on sbtest4_pkey  (cost=0.00..34.17 rows=973 width=0)
	              Index Cond: ((id >= 4284119) AND (id <= 4285118))

table 5 : explain SELECT c FROM sbtest5 WHERE id BETWEEN 6796451 AND 6797450 ORDER BY c
	Sort  (cost=3943.44..3945.96 rows=1005 width=121)
	  Sort Key: c
	  ->  Bitmap Heap Scan on sbtest5  (cost=34.74..3893.33 rows=1005 width=121)
	        Recheck Cond: ((id >= 6796451) AND (id <= 6797450))
	        ->  Bitmap Index Scan on sbtest5_pkey  (cost=0.00..34.48 rows=1005 width=0)
	              Index Cond: ((id >= 6796451) AND (id <= 6797450))

table 6 : explain SELECT c FROM sbtest6 WHERE id BETWEEN 7911539 AND 7912538 ORDER BY c
	Sort  (cost=3862.02..3864.47 rows=983 width=121)
	  Sort Key: c
	  ->  Bitmap Heap Scan on sbtest6  (cost=34.51..3813.16 rows=983 width=121)
	        Recheck Cond: ((id >= 7911539) AND (id <= 7912538))
	        ->  Bitmap Index Scan on sbtest6_pkey  (cost=0.00..34.27 rows=983 width=0)
	              Index Cond: ((id >= 7911539) AND (id <= 7912538))

table 7 : explain SELECT c FROM sbtest7 WHERE id BETWEEN 6947965 AND 6948964 ORDER BY c
	Sort  (cost=4396.64..4399.44 rows=1120 width=121)
	  Sort Key: c
	  ->  Bitmap Heap Scan on sbtest7  (cost=39.92..4339.92 rows=1120 width=121)
	        Recheck Cond: ((id >= 6947965) AND (id <= 6948964))
	        ->  Bitmap Index Scan on sbtest7_pkey  (cost=0.00..39.64 rows=1120 width=0)
	              Index Cond: ((id >= 6947965) AND (id <= 6948964))

table 8 : explain SELECT c FROM sbtest8 WHERE id BETWEEN 6487412 AND 6488411 ORDER BY c
	Sort  (cost=3829.69..3832.10 rows=965 width=121)
	  Sort Key: c
	  ->  Index Scan using sbtest8_pkey on sbtest8  (cost=0.43..3781.85 rows=965 width=121)
	        Index Cond: ((id >= 6487412) AND (id <= 6488411))

for: distinct_ranges
table 1 : explain SELECT DISTINCT c FROM sbtest1 WHERE id BETWEEN 4741202 AND 4742201 ORDER BY c
	Unique  (cost=3966.03..3971.08 rows=1010 width=121)
	  ->  Sort  (cost=3966.03..3968.56 rows=1010 width=121)
	        Sort Key: c
	        ->  Bitmap Heap Scan on sbtest1  (cost=34.79..3915.63 rows=1010 width=121)
	              Recheck Cond: ((id >= 4741202) AND (id <= 4742201))
	              ->  Bitmap Index Scan on sbtest1_pkey  (cost=0.00..34.54 rows=1010 width=0)
	                    Index Cond: ((id >= 4741202) AND (id <= 4742201))

table 2 : explain SELECT DISTINCT c FROM sbtest2 WHERE id BETWEEN 113130 AND 114129 ORDER BY c
	Unique  (cost=3804.21..3809.05 rows=968 width=121)
	  ->  Sort  (cost=3804.21..3806.63 rows=968 width=121)
	        Sort Key: c
	        ->  Bitmap Heap Scan on sbtest2  (cost=34.36..3756.20 rows=968 width=121)
	              Recheck Cond: ((id >= 113130) AND (id <= 114129))
	              ->  Bitmap Index Scan on sbtest2_pkey  (cost=0.00..34.12 rows=968 width=0)
	                    Index Cond: ((id >= 113130) AND (id <= 114129))

table 3 : explain SELECT DISTINCT c FROM sbtest3 WHERE id BETWEEN 6197034 AND 6198033 ORDER BY c
	Unique  (cost=4377.37..4382.95 rows=1116 width=121)
	  ->  Sort  (cost=4377.37..4380.16 rows=1116 width=121)
	        Sort Key: c
	        ->  Bitmap Heap Scan on sbtest3  (cost=39.87..4320.88 rows=1116 width=121)
	              Recheck Cond: ((id >= 6197034) AND (id <= 6198033))
	              ->  Bitmap Index Scan on sbtest3_pkey  (cost=0.00..39.59 rows=1116 width=0)
	                    Index Cond: ((id >= 6197034) AND (id <= 6198033))

table 4 : explain SELECT DISTINCT c FROM sbtest4 WHERE id BETWEEN 6866463 AND 6867462 ORDER BY c
	Unique  (cost=4139.27..4144.54 rows=1054 width=121)
	  ->  Sort  (cost=4139.27..4141.90 rows=1054 width=121)
	        Sort Key: c
	        ->  Bitmap Heap Scan on sbtest4  (cost=35.24..4086.35 rows=1054 width=121)
	              Recheck Cond: ((id >= 6866463) AND (id <= 6867462))
	              ->  Bitmap Index Scan on sbtest4_pkey  (cost=0.00..34.98 rows=1054 width=0)
	                    Index Cond: ((id >= 6866463) AND (id <= 6867462))

table 5 : explain SELECT DISTINCT c FROM sbtest5 WHERE id BETWEEN 6617299 AND 6618298 ORDER BY c
	Unique  (cost=3985.51..3990.59 rows=1016 width=121)
	  ->  Sort  (cost=3985.51..3988.05 rows=1016 width=121)
	        Sort Key: c
	        ->  Bitmap Heap Scan on sbtest5  (cost=34.85..3934.77 rows=1016 width=121)
	              Recheck Cond: ((id >= 6617299) AND (id <= 6618298))
	              ->  Bitmap Index Scan on sbtest5_pkey  (cost=0.00..34.59 rows=1016 width=0)
	                    Index Cond: ((id >= 6617299) AND (id <= 6618298))

table 6 : explain SELECT DISTINCT c FROM sbtest6 WHERE id BETWEEN 8999841 AND 9000840 ORDER BY c
	Unique  (cost=3865.85..3870.77 rows=984 width=121)
	  ->  Sort  (cost=3865.85..3868.31 rows=984 width=121)
	        Sort Key: c
	        ->  Bitmap Heap Scan on sbtest6  (cost=34.52..3816.93 rows=984 width=121)
	              Recheck Cond: ((id >= 8999841) AND (id <= 9000840))
	              ->  Bitmap Index Scan on sbtest6_pkey  (cost=0.00..34.28 rows=984 width=0)
	                    Index Cond: ((id >= 8999841) AND (id <= 9000840))

table 7 : explain SELECT DISTINCT c FROM sbtest7 WHERE id BETWEEN 5844422 AND 5845421 ORDER BY c
	Unique  (cost=3529.09..3533.57 rows=896 width=121)
	  ->  Sort  (cost=3529.09..3531.33 rows=896 width=121)
	        Sort Key: c
	        ->  Bitmap Heap Scan on sbtest7  (cost=29.62..3485.15 rows=896 width=121)
	              Recheck Cond: ((id >= 5844422) AND (id <= 5845421))
	              ->  Bitmap Index Scan on sbtest7_pkey  (cost=0.00..29.39 rows=896 width=0)
	                    Index Cond: ((id >= 5844422) AND (id <= 5845421))

table 8 : explain SELECT DISTINCT c FROM sbtest8 WHERE id BETWEEN 443914 AND 444913 ORDER BY c
	Unique  (cost=4076.91..4082.10 rows=1038 width=121)
	  ->  Sort  (cost=4076.91..4079.51 rows=1038 width=121)
	        Sort Key: c
	        ->  Bitmap Heap Scan on sbtest8  (cost=35.07..4024.91 rows=1038 width=121)
	              Recheck Cond: ((id >= 443914) AND (id <= 444913))
	              ->  Bitmap Index Scan on sbtest8_pkey  (cost=0.00..34.82 rows=1038 width=0)
	                    Index Cond: ((id >= 443914) AND (id <= 444913))

for: simple_ranges
table 1 : explain SELECT c FROM sbtest1 WHERE id BETWEEN 2435756 AND 2436755
	Bitmap Heap Scan on sbtest1  (cost=34.57..3836.39 rows=989 width=121)
	  Recheck Cond: ((id >= 2435756) AND (id <= 2436755))
	  ->  Bitmap Index Scan on sbtest1_pkey  (cost=0.00..34.33 rows=989 width=0)
	        Index Cond: ((id >= 2435756) AND (id <= 2436755))

table 2 : explain SELECT c FROM sbtest2 WHERE id BETWEEN 1002897 AND 1003896
	Bitmap Heap Scan on sbtest2  (cost=34.31..3737.32 rows=963 width=121)
	  Recheck Cond: ((id >= 1002897) AND (id <= 1003896))
	  ->  Bitmap Index Scan on sbtest2_pkey  (cost=0.00..34.07 rows=963 width=0)
	        Index Cond: ((id >= 1002897) AND (id <= 1003896))

table 3 : explain SELECT c FROM sbtest3 WHERE id BETWEEN 5511216 AND 5512215
	Bitmap Heap Scan on sbtest3  (cost=34.92..3966.50 rows=1023 width=121)
	  Recheck Cond: ((id >= 5511216) AND (id <= 5512215))
	  ->  Bitmap Index Scan on sbtest3_pkey  (cost=0.00..34.67 rows=1023 width=0)
	        Index Cond: ((id >= 5511216) AND (id <= 5512215))

table 4 : explain SELECT c FROM sbtest4 WHERE id BETWEEN 6542210 AND 6543209
	Bitmap Heap Scan on sbtest4  (cost=29.63..3488.39 rows=897 width=121)
	  Recheck Cond: ((id >= 6542210) AND (id <= 6543209))
	  ->  Bitmap Index Scan on sbtest4_pkey  (cost=0.00..29.40 rows=897 width=0)
	        Index Cond: ((id >= 6542210) AND (id <= 6543209))

table 5 : explain SELECT c FROM sbtest5 WHERE id BETWEEN 9472417 AND 9473416
	Bitmap Heap Scan on sbtest5  (cost=35.01..3995.01 rows=1032 width=121)
	  Recheck Cond: ((id >= 9472417) AND (id <= 9473416))
	  ->  Bitmap Index Scan on sbtest5_pkey  (cost=0.00..34.76 rows=1032 width=0)
	        Index Cond: ((id >= 9472417) AND (id <= 9473416))

table 6 : explain SELECT c FROM sbtest6 WHERE id BETWEEN 7369355 AND 7370354
	Bitmap Heap Scan on sbtest6  (cost=34.50..3809.38 rows=982 width=121)
	  Recheck Cond: ((id >= 7369355) AND (id <= 7370354))
	  ->  Bitmap Index Scan on sbtest6_pkey  (cost=0.00..34.26 rows=982 width=0)
	        Index Cond: ((id >= 7369355) AND (id <= 7370354))

table 7 : explain SELECT c FROM sbtest7 WHERE id BETWEEN 1161734 AND 1162733
	Bitmap Heap Scan on sbtest7  (cost=34.23..3716.57 rows=956 width=121)
	  Recheck Cond: ((id >= 1161734) AND (id <= 1162733))
	  ->  Bitmap Index Scan on sbtest7_pkey  (cost=0.00..34.00 rows=956 width=0)
	        Index Cond: ((id >= 1161734) AND (id <= 1162733))

table 8 : explain SELECT c FROM sbtest8 WHERE id BETWEEN 706692 AND 707691
	Index Scan using sbtest8_pkey on sbtest8  (cost=0.43..3898.78 rows=995 width=121)
	  Index Cond: ((id >= 706692) AND (id <= 707691))

for: sum_ranges
table 1 : explain SELECT SUM(k) FROM sbtest1 WHERE id BETWEEN 1166929 AND 1167928
	Aggregate  (cost=3974.76..3974.77 rows=1 width=8)
	  ->  Bitmap Heap Scan on sbtest1  (cost=34.94..3972.20 rows=1025 width=4)
	        Recheck Cond: ((id >= 1166929) AND (id <= 1167928))
	        ->  Bitmap Index Scan on sbtest1_pkey  (cost=0.00..34.69 rows=1025 width=0)
	              Index Cond: ((id >= 1166929) AND (id <= 1167928))

table 2 : explain SELECT SUM(k) FROM sbtest2 WHERE id BETWEEN 2547464 AND 2548463
	Aggregate  (cost=4094.41..4094.42 rows=1 width=8)
	  ->  Bitmap Heap Scan on sbtest2  (cost=35.27..4091.77 rows=1057 width=4)
	        Recheck Cond: ((id >= 2547464) AND (id <= 2548463))
	        ->  Bitmap Index Scan on sbtest2_pkey  (cost=0.00..35.01 rows=1057 width=0)
	              Index Cond: ((id >= 2547464) AND (id <= 2548463))

table 3 : explain SELECT SUM(k) FROM sbtest3 WHERE id BETWEEN 4091038 AND 4092037
	Aggregate  (cost=3647.68..3647.69 rows=1 width=8)
	  ->  Bitmap Heap Scan on sbtest3  (cost=34.05..3645.33 rows=938 width=4)
	        Recheck Cond: ((id >= 4091038) AND (id <= 4092037))
	        ->  Bitmap Index Scan on sbtest3_pkey  (cost=0.00..33.82 rows=938 width=0)
	              Index Cond: ((id >= 4091038) AND (id <= 4092037))

table 4 : explain SELECT SUM(k) FROM sbtest4 WHERE id BETWEEN 2902510 AND 2903509
	Aggregate  (cost=3528.58..3528.59 rows=1 width=8)
	  ->  Bitmap Heap Scan on sbtest4  (cost=29.73..3526.31 rows=907 width=4)
	        Recheck Cond: ((id >= 2902510) AND (id <= 2903509))
	        ->  Bitmap Index Scan on sbtest4_pkey  (cost=0.00..29.50 rows=907 width=0)
	              Index Cond: ((id >= 2902510) AND (id <= 2903509))

table 5 : explain SELECT SUM(k) FROM sbtest5 WHERE id BETWEEN 5171117 AND 5172116
	Aggregate  (cost=3790.23..3790.24 rows=1 width=8)
	  ->  Bitmap Heap Scan on sbtest5  (cost=34.45..3787.79 rows=977 width=4)
	        Recheck Cond: ((id >= 5171117) AND (id <= 5172116))
	        ->  Bitmap Index Scan on sbtest5_pkey  (cost=0.00..34.20 rows=977 width=0)
	              Index Cond: ((id >= 5171117) AND (id <= 5172116))

table 6 : explain SELECT SUM(k) FROM sbtest6 WHERE id BETWEEN 1047075 AND 1048074
	Aggregate  (cost=3834.50..3834.51 rows=1 width=8)
	  ->  Bitmap Heap Scan on sbtest6  (cost=34.56..3832.03 rows=988 width=4)
	        Recheck Cond: ((id >= 1047075) AND (id <= 1048074))
	        ->  Bitmap Index Scan on sbtest6_pkey  (cost=0.00..34.32 rows=988 width=0)
	              Index Cond: ((id >= 1047075) AND (id <= 1048074))

table 7 : explain SELECT SUM(k) FROM sbtest7 WHERE id BETWEEN 9436381 AND 9437380
	Aggregate  (cost=4184.08..4184.09 rows=1 width=8)
	  ->  Bitmap Heap Scan on sbtest7  (cost=35.49..4181.38 rows=1079 width=4)
	        Recheck Cond: ((id >= 9436381) AND (id <= 9437380))
	        ->  Bitmap Index Scan on sbtest7_pkey  (cost=0.00..35.23 rows=1079 width=0)
	              Index Cond: ((id >= 9436381) AND (id <= 9437380))

table 8 : explain SELECT SUM(k) FROM sbtest8 WHERE id BETWEEN 2771461 AND 2772460
	Aggregate  (cost=3819.36..3819.37 rows=1 width=8)
	  ->  Index Scan using sbtest8_pkey on sbtest8  (cost=0.43..3816.92 rows=974 width=4)
	        Index Cond: ((id >= 2771461) AND (id <= 2772460))

for: simple_ranges
table 1 : explain SELECT c FROM sbtest1 WHERE id BETWEEN 3617934 AND 3618933
	Bitmap Heap Scan on sbtest1  (cost=34.85..3938.27 rows=1016 width=121)
	  Recheck Cond: ((id >= 3617934) AND (id <= 3618933))
	  ->  Bitmap Index Scan on sbtest1_pkey  (cost=0.00..34.59 rows=1016 width=0)
	        Index Cond: ((id >= 3617934) AND (id <= 3618933))

table 2 : explain SELECT c FROM sbtest2 WHERE id BETWEEN 1425175 AND 1426174
	Bitmap Heap Scan on sbtest2  (cost=39.65..4234.98 rows=1094 width=121)
	  Recheck Cond: ((id >= 1425175) AND (id <= 1426174))
	  ->  Bitmap Index Scan on sbtest2_pkey  (cost=0.00..39.38 rows=1094 width=0)
	        Index Cond: ((id >= 1425175) AND (id <= 1426174))

table 3 : explain SELECT c FROM sbtest3 WHERE id BETWEEN 4056538 AND 4057537
	Bitmap Heap Scan on sbtest3  (cost=34.05..3645.33 rows=938 width=121)
	  Recheck Cond: ((id >= 4056538) AND (id <= 4057537))
	  ->  Bitmap Index Scan on sbtest3_pkey  (cost=0.00..33.82 rows=938 width=0)
	        Index Cond: ((id >= 4056538) AND (id <= 4057537))

table 4 : explain SELECT c FROM sbtest4 WHERE id BETWEEN 8780194 AND 8781193
	Bitmap Heap Scan on sbtest4  (cost=34.33..3750.02 rows=965 width=121)
	  Recheck Cond: ((id >= 8780194) AND (id <= 8781193))
	  ->  Bitmap Index Scan on sbtest4_pkey  (cost=0.00..34.09 rows=965 width=0)
	        Index Cond: ((id >= 8780194) AND (id <= 8781193))

table 5 : explain SELECT c FROM sbtest5 WHERE id BETWEEN 2070462 AND 2071461
	Bitmap Heap Scan on sbtest5  (cost=29.37..3387.08 rows=872 width=121)
	  Recheck Cond: ((id >= 2070462) AND (id <= 2071461))
	  ->  Bitmap Index Scan on sbtest5_pkey  (cost=0.00..29.15 rows=872 width=0)
	        Index Cond: ((id >= 2070462) AND (id <= 2071461))

table 6 : explain SELECT c FROM sbtest6 WHERE id BETWEEN 4115977 AND 4116976
	Bitmap Heap Scan on sbtest6  (cost=34.33..3745.19 rows=965 width=121)
	  Recheck Cond: ((id >= 4115977) AND (id <= 4116976))
	  ->  Bitmap Index Scan on sbtest6_pkey  (cost=0.00..34.09 rows=965 width=0)
	        Index Cond: ((id >= 4115977) AND (id <= 4116976))

table 7 : explain SELECT c FROM sbtest7 WHERE id BETWEEN 513777 AND 514776
	Bitmap Heap Scan on sbtest7  (cost=40.05..4388.88 rows=1133 width=121)
	  Recheck Cond: ((id >= 513777) AND (id <= 514776))
	  ->  Bitmap Index Scan on sbtest7_pkey  (cost=0.00..39.77 rows=1133 width=0)
	        Index Cond: ((id >= 513777) AND (id <= 514776))

table 8 : explain SELECT c FROM sbtest8 WHERE id BETWEEN 5551446 AND 5552445
	Bitmap Heap Scan on sbtest8  (cost=39.84..4311.62 rows=1113 width=121)
	  Recheck Cond: ((id >= 5551446) AND (id <= 5552445))
	  ->  Bitmap Index Scan on sbtest8_pkey  (cost=0.00..39.57 rows=1113 width=0)
	        Index Cond: ((id >= 5551446) AND (id <= 5552445))

for: distinct_ranges
table 1 : explain SELECT DISTINCT c FROM sbtest1 WHERE id BETWEEN 5039802 AND 5040801 ORDER BY c
	Unique  (cost=3793.60..3798.43 rows=965 width=121)
	  ->  Sort  (cost=3793.60..3796.01 rows=965 width=121)
	        Sort Key: c
	        ->  Bitmap Heap Scan on sbtest1  (cost=34.33..3745.76 rows=965 width=121)
	              Recheck Cond: ((id >= 5039802) AND (id <= 5040801))
	              ->  Bitmap Index Scan on sbtest1_pkey  (cost=0.00..34.09 rows=965 width=0)
	                    Index Cond: ((id >= 5039802) AND (id <= 5040801))

table 2 : explain SELECT DISTINCT c FROM sbtest2 WHERE id BETWEEN 1871837 AND 1872836 ORDER BY c
	Unique  (cost=3769.71..3774.51 rows=959 width=121)
	  ->  Sort  (cost=3769.71..3772.11 rows=959 width=121)
	        Sort Key: c
	        ->  Bitmap Heap Scan on sbtest2  (cost=34.26..3722.21 rows=959 width=121)
	              Recheck Cond: ((id >= 1871837) AND (id <= 1872836))
	              ->  Bitmap Index Scan on sbtest2_pkey  (cost=0.00..34.03 rows=959 width=0)
	                    Index Cond: ((id >= 1871837) AND (id <= 1872836))

table 3 : explain SELECT DISTINCT c FROM sbtest3 WHERE id BETWEEN 663321 AND 664320 ORDER BY c
	Unique  (cost=4009.99..4015.09 rows=1021 width=121)
	  ->  Sort  (cost=4009.99..4012.54 rows=1021 width=121)
	        Sort Key: c
	        ->  Bitmap Heap Scan on sbtest3  (cost=34.90..3958.96 rows=1021 width=121)
	              Recheck Cond: ((id >= 663321) AND (id <= 664320))
	              ->  Bitmap Index Scan on sbtest3_pkey  (cost=0.00..34.65 rows=1021 width=0)
	                    Index Cond: ((id >= 663321) AND (id <= 664320))

table 4 : explain SELECT DISTINCT c FROM sbtest4 WHERE id BETWEEN 9097740 AND 9098739 ORDER BY c
	Unique  (cost=3543.93..3548.43 rows=900 width=121)
	  ->  Sort  (cost=3543.93..3546.18 rows=900 width=121)
	        Sort Key: c
	        ->  Bitmap Heap Scan on sbtest4  (cost=29.66..3499.77 rows=900 width=121)
	              Recheck Cond: ((id >= 9097740) AND (id <= 9098739))
	              ->  Bitmap Index Scan on sbtest4_pkey  (cost=0.00..29.43 rows=900 width=0)
	                    Index Cond: ((id >= 9097740) AND (id <= 9098739))

table 5 : explain SELECT DISTINCT c FROM sbtest5 WHERE id BETWEEN 6493948 AND 6494947 ORDER BY c
	Unique  (cost=4107.79..4113.03 rows=1048 width=121)
	  ->  Sort  (cost=4107.79..4110.41 rows=1048 width=121)
	        Sort Key: c
	        ->  Bitmap Heap Scan on sbtest5  (cost=35.18..4055.22 rows=1048 width=121)
	              Recheck Cond: ((id >= 6493948) AND (id <= 6494947))
	              ->  Bitmap Index Scan on sbtest5_pkey  (cost=0.00..34.92 rows=1048 width=0)
	                    Index Cond: ((id >= 6493948) AND (id <= 6494947))

table 6 : explain SELECT DISTINCT c FROM sbtest6 WHERE id BETWEEN 2670115 AND 2671114 ORDER BY c
	Unique  (cost=3999.87..4004.97 rows=1019 width=121)
	  ->  Sort  (cost=3999.87..4002.42 rows=1019 width=121)
	        Sort Key: c
	        ->  Bitmap Heap Scan on sbtest6  (cost=34.88..3948.96 rows=1019 width=121)
	              Recheck Cond: ((id >= 2670115) AND (id <= 2671114))
	              ->  Bitmap Index Scan on sbtest6_pkey  (cost=0.00..34.62 rows=1019 width=0)
	                    Index Cond: ((id >= 2670115) AND (id <= 2671114))

table 7 : explain SELECT DISTINCT c FROM sbtest7 WHERE id BETWEEN 8336152 AND 8337151 ORDER BY c
	Unique  (cost=3813.85..3818.69 rows=969 width=121)
	  ->  Sort  (cost=3813.85..3816.27 rows=969 width=121)
	        Sort Key: c
	        ->  Bitmap Heap Scan on sbtest7  (cost=34.37..3765.78 rows=969 width=121)
	              Recheck Cond: ((id >= 8336152) AND (id <= 8337151))
	              ->  Bitmap Index Scan on sbtest7_pkey  (cost=0.00..34.12 rows=969 width=0)
	                    Index Cond: ((id >= 8336152) AND (id <= 8337151))

table 8 : explain SELECT DISTINCT c FROM sbtest8 WHERE id BETWEEN 663603 AND 664602 ORDER BY c
	Unique  (cost=4019.49..4024.56 rows=1013 width=121)
	  ->  Sort  (cost=4019.49..4022.02 rows=1013 width=121)
	        Sort Key: c
	        ->  Index Scan using sbtest8_pkey on sbtest8  (cost=0.43..3968.92 rows=1013 width=121)
	              Index Cond: ((id >= 663603) AND (id <= 664602))

explain: for point_selects :: explain SELECT c FROM sbtest%u WHERE id=%u
explain: for point_selects :: explain SELECT c FROM sbtest%u WHERE id=%u
for: distinct_ranges
table 1 : explain SELECT DISTINCT c FROM sbtest1 WHERE id BETWEEN 954151 AND 955150 ORDER BY c
	Unique  (cost=3866.44..3871.36 rows=984 width=121)
	  ->  Sort  (cost=3866.44..3868.90 rows=984 width=121)
	        Sort Key: c
	        ->  Bitmap Heap Scan on sbtest1  (cost=34.52..3817.52 rows=984 width=121)
	              Recheck Cond: ((id >= 954151) AND (id <= 955150))
	              ->  Bitmap Index Scan on sbtest1_pkey  (cost=0.00..34.28 rows=984 width=0)
	                    Index Cond: ((id >= 954151) AND (id <= 955150))

table 2 : explain SELECT DISTINCT c FROM sbtest2 WHERE id BETWEEN 1395783 AND 1396782 ORDER BY c
	Unique  (cost=3934.46..3939.47 rows=1002 width=121)
	  ->  Sort  (cost=3934.46..3936.96 rows=1002 width=121)
	        Sort Key: c
	        ->  Bitmap Heap Scan on sbtest2  (cost=34.71..3884.51 rows=1002 width=121)
	              Recheck Cond: ((id >= 1395783) AND (id <= 1396782))
	              ->  Bitmap Index Scan on sbtest2_pkey  (cost=0.00..34.45 rows=1002 width=0)
	                    Index Cond: ((id >= 1395783) AND (id <= 1396782))

table 3 : explain SELECT DISTINCT c FROM sbtest3 WHERE id BETWEEN 9313282 AND 9314281 ORDER BY c
	Unique  (cost=3522.39..3526.86 rows=895 width=121)
	  ->  Sort  (cost=3522.39..3524.63 rows=895 width=121)
	        Sort Key: c
	        ->  Bitmap Heap Scan on sbtest3  (cost=29.61..3478.51 rows=895 width=121)
	              Recheck Cond: ((id >= 9313282) AND (id <= 9314281))
	              ->  Bitmap Index Scan on sbtest3_pkey  (cost=0.00..29.39 rows=895 width=0)
	                    Index Cond: ((id >= 9313282) AND (id <= 9314281))

table 4 : explain SELECT DISTINCT c FROM sbtest4 WHERE id BETWEEN 5729105 AND 5730104 ORDER BY c
	Unique  (cost=3832.43..3837.30 rows=974 width=121)
	  ->  Sort  (cost=3832.43..3834.86 rows=974 width=121)
	        Sort Key: c
	        ->  Bitmap Heap Scan on sbtest4  (cost=34.42..3784.08 rows=974 width=121)
	              Recheck Cond: ((id >= 5729105) AND (id <= 5730104))
	              ->  Bitmap Index Scan on sbtest4_pkey  (cost=0.00..34.18 rows=974 width=0)
	                    Index Cond: ((id >= 5729105) AND (id <= 5730104))

table 5 : explain SELECT DISTINCT c FROM sbtest5 WHERE id BETWEEN 3086245 AND 3087244 ORDER BY c
	Unique  (cost=3866.93..3871.85 rows=985 width=121)
	  ->  Sort  (cost=3866.93..3869.39 rows=985 width=121)
	        Sort Key: c
	        ->  Bitmap Heap Scan on sbtest5  (cost=34.53..3817.95 rows=985 width=121)
	              Recheck Cond: ((id >= 3086245) AND (id <= 3087244))
	              ->  Bitmap Index Scan on sbtest5_pkey  (cost=0.00..34.29 rows=985 width=0)
	                    Index Cond: ((id >= 3086245) AND (id <= 3087244))

table 6 : explain SELECT DISTINCT c FROM sbtest6 WHERE id BETWEEN 1684711 AND 1685710 ORDER BY c
	Unique  (cost=4129.93..4135.20 rows=1053 width=121)
	  ->  Sort  (cost=4129.93..4132.56 rows=1053 width=121)
	        Sort Key: c
	        ->  Bitmap Heap Scan on sbtest6  (cost=35.23..4077.07 rows=1053 width=121)
	              Recheck Cond: ((id >= 1684711) AND (id <= 1685710))
	              ->  Bitmap Index Scan on sbtest6_pkey  (cost=0.00..34.97 rows=1053 width=0)
	                    Index Cond: ((id >= 1684711) AND (id <= 1685710))

table 7 : explain SELECT DISTINCT c FROM sbtest7 WHERE id BETWEEN 8092117 AND 8093116 ORDER BY c
	Unique  (cost=3909.85..3914.82 rows=994 width=121)
	  ->  Sort  (cost=3909.85..3912.34 rows=994 width=121)
	        Sort Key: c
	        ->  Bitmap Heap Scan on sbtest7  (cost=34.62..3860.37 rows=994 width=121)
	              Recheck Cond: ((id >= 8092117) AND (id <= 8093116))
	              ->  Bitmap Index Scan on sbtest7_pkey  (cost=0.00..34.38 rows=994 width=0)
	                    Index Cond: ((id >= 8092117) AND (id <= 8093116))

table 8 : explain SELECT DISTINCT c FROM sbtest8 WHERE id BETWEEN 4749559 AND 4750558 ORDER BY c
	Unique  (cost=4260.68..4266.11 rows=1086 width=121)
	  ->  Sort  (cost=4260.68..4263.40 rows=1086 width=121)
	        Sort Key: c
	        ->  Bitmap Heap Scan on sbtest8  (cost=35.57..4205.92 rows=1086 width=121)
	              Recheck Cond: ((id >= 4749559) AND (id <= 4750558))
	              ->  Bitmap Index Scan on sbtest8_pkey  (cost=0.00..35.30 rows=1086 width=0)
	                    Index Cond: ((id >= 4749559) AND (id <= 4750558))

for: sum_ranges
table 1 : explain SELECT SUM(k) FROM sbtest1 WHERE id BETWEEN 1585148 AND 1586147
	Aggregate  (cost=3872.86..3872.87 rows=1 width=8)
	  ->  Bitmap Heap Scan on sbtest1  (cost=34.66..3870.36 rows=998 width=4)
	        Recheck Cond: ((id >= 1585148) AND (id <= 1586147))
	        ->  Bitmap Index Scan on sbtest1_pkey  (cost=0.00..34.42 rows=998 width=0)
	              Index Cond: ((id >= 1585148) AND (id <= 1586147))

table 2 : explain SELECT SUM(k) FROM sbtest2 WHERE id BETWEEN 536999 AND 537998
	Aggregate  (cost=3728.39..3728.40 rows=1 width=8)
	  ->  Bitmap Heap Scan on sbtest2  (cost=34.28..3725.99 rows=960 width=4)
	        Recheck Cond: ((id >= 536999) AND (id <= 537998))
	        ->  Bitmap Index Scan on sbtest2_pkey  (cost=0.00..34.04 rows=960 width=0)
	              Index Cond: ((id >= 536999) AND (id <= 537998))

table 3 : explain SELECT SUM(k) FROM sbtest3 WHERE id BETWEEN 561706 AND 562705
	Aggregate  (cost=3889.75..3889.76 rows=1 width=8)
	  ->  Bitmap Heap Scan on sbtest3  (cost=34.71..3887.24 rows=1002 width=4)
	        Recheck Cond: ((id >= 561706) AND (id <= 562705))
	        ->  Bitmap Index Scan on sbtest3_pkey  (cost=0.00..34.45 rows=1002 width=0)
	              Index Cond: ((id >= 561706) AND (id <= 562705))

table 4 : explain SELECT SUM(k) FROM sbtest4 WHERE id BETWEEN 7523580 AND 7524579
	Aggregate  (cost=3797.87..3797.88 rows=1 width=8)
	  ->  Bitmap Heap Scan on sbtest4  (cost=34.45..3795.43 rows=977 width=4)
	        Recheck Cond: ((id >= 7523580) AND (id <= 7524579))
	        ->  Bitmap Index Scan on sbtest4_pkey  (cost=0.00..34.20 rows=977 width=0)
	              Index Cond: ((id >= 7523580) AND (id <= 7524579))

table 5 : explain SELECT SUM(k) FROM sbtest5 WHERE id BETWEEN 7832192 AND 7833191
	Aggregate  (cost=4182.00..4182.01 rows=1 width=8)
	  ->  Bitmap Heap Scan on sbtest5  (cost=35.52..4179.30 rows=1081 width=4)
	        Recheck Cond: ((id >= 7832192) AND (id <= 7833191))
	        ->  Bitmap Index Scan on sbtest5_pkey  (cost=0.00..35.25 rows=1081 width=0)
	              Index Cond: ((id >= 7832192) AND (id <= 7833191))

table 6 : explain SELECT SUM(k) FROM sbtest6 WHERE id BETWEEN 9817510 AND 9818509
	Aggregate  (cost=4188.93..4188.94 rows=1 width=8)
	  ->  Bitmap Heap Scan on sbtest6  (cost=35.53..4186.22 rows=1082 width=4)
	        Recheck Cond: ((id >= 9817510) AND (id <= 9818509))
	        ->  Bitmap Index Scan on sbtest6_pkey  (cost=0.00..35.26 rows=1082 width=0)
	              Index Cond: ((id >= 9817510) AND (id <= 9818509))

table 7 : explain SELECT SUM(k) FROM sbtest7 WHERE id BETWEEN 3029410 AND 3030409
	Aggregate  (cost=3665.90..3665.91 rows=1 width=8)
	  ->  Bitmap Heap Scan on sbtest7  (cost=34.09..3663.54 rows=942 width=4)
	        Recheck Cond: ((id >= 3029410) AND (id <= 3030409))
	        ->  Bitmap Index Scan on sbtest7_pkey  (cost=0.00..33.86 rows=942 width=0)
	              Index Cond: ((id >= 3029410) AND (id <= 3030409))

table 8 : explain SELECT SUM(k) FROM sbtest8 WHERE id BETWEEN 4257874 AND 4258873
	Aggregate  (cost=4061.49..4061.50 rows=1 width=8)
	  ->  Bitmap Heap Scan on sbtest8  (cost=35.17..4058.87 rows=1047 width=4)
	        Recheck Cond: ((id >= 4257874) AND (id <= 4258873))
	        ->  Bitmap Index Scan on sbtest8_pkey  (cost=0.00..34.91 rows=1047 width=0)
	              Index Cond: ((id >= 4257874) AND (id <= 4258873))

for: sum_ranges
table 1 : explain SELECT SUM(k) FROM sbtest1 WHERE id BETWEEN 3193470 AND 3194469
	Aggregate  (cost=3661.20..3661.21 rows=1 width=8)
	  ->  Bitmap Heap Scan on sbtest1  (cost=34.09..3658.84 rows=942 width=4)
	        Recheck Cond: ((id >= 3193470) AND (id <= 3194469))
	        ->  Bitmap Index Scan on sbtest1_pkey  (cost=0.00..33.86 rows=942 width=0)
	              Index Cond: ((id >= 3193470) AND (id <= 3194469))

table 2 : explain SELECT SUM(k) FROM sbtest2 WHERE id BETWEEN 6573478 AND 6574477
	Aggregate  (cost=4421.97..4421.98 rows=1 width=8)
	  ->  Bitmap Heap Scan on sbtest2  (cost=40.16..4419.11 rows=1144 width=4)
	        Recheck Cond: ((id >= 6573478) AND (id <= 6574477))
	        ->  Bitmap Index Scan on sbtest2_pkey  (cost=0.00..39.88 rows=1144 width=0)
	              Index Cond: ((id >= 6573478) AND (id <= 6574477))

table 3 : explain SELECT SUM(k) FROM sbtest3 WHERE id BETWEEN 8521974 AND 8522973
	Aggregate  (cost=3919.97..3919.98 rows=1 width=8)
	  ->  Bitmap Heap Scan on sbtest3  (cost=34.79..3917.44 rows=1010 width=4)
	        Recheck Cond: ((id >= 8521974) AND (id <= 8522973))
	        ->  Bitmap Index Scan on sbtest3_pkey  (cost=0.00..34.54 rows=1010 width=0)
	              Index Cond: ((id >= 8521974) AND (id <= 8522973))

table 4 : explain SELECT SUM(k) FROM sbtest4 WHERE id BETWEEN 5761688 AND 5762687
	Aggregate  (cost=3786.51..3786.52 rows=1 width=8)
	  ->  Bitmap Heap Scan on sbtest4  (cost=34.42..3784.08 rows=974 width=4)
	        Recheck Cond: ((id >= 5761688) AND (id <= 5762687))
	        ->  Bitmap Index Scan on sbtest4_pkey  (cost=0.00..34.18 rows=974 width=0)
	              Index Cond: ((id >= 5761688) AND (id <= 5762687))

table 5 : explain SELECT SUM(k) FROM sbtest5 WHERE id BETWEEN 8804192 AND 8805191
	Aggregate  (cost=3752.49..3752.50 rows=1 width=8)
	  ->  Bitmap Heap Scan on sbtest5  (cost=34.35..3750.07 rows=967 width=4)
	        Recheck Cond: ((id >= 8804192) AND (id <= 8805191))
	        ->  Bitmap Index Scan on sbtest5_pkey  (cost=0.00..34.11 rows=967 width=0)
	              Index Cond: ((id >= 8804192) AND (id <= 8805191))

table 6 : explain SELECT SUM(k) FROM sbtest6 WHERE id BETWEEN 7857983 AND 7858982
	Aggregate  (cost=3815.61..3815.62 rows=1 width=8)
	  ->  Bitmap Heap Scan on sbtest6  (cost=34.51..3813.16 rows=983 width=4)
	        Recheck Cond: ((id >= 7857983) AND (id <= 7858982))
	        ->  Bitmap Index Scan on sbtest6_pkey  (cost=0.00..34.27 rows=983 width=0)
	              Index Cond: ((id >= 7857983) AND (id <= 7858982))

table 7 : explain SELECT SUM(k) FROM sbtest7 WHERE id BETWEEN 7977057 AND 7978056
	Aggregate  (cost=3616.61..3616.62 rows=1 width=8)
	  ->  Bitmap Heap Scan on sbtest7  (cost=33.96..3614.29 rows=929 width=4)
	        Recheck Cond: ((id >= 7977057) AND (id <= 7978056))
	        ->  Bitmap Index Scan on sbtest7_pkey  (cost=0.00..33.73 rows=929 width=0)
	              Index Cond: ((id >= 7977057) AND (id <= 7978056))

table 8 : explain SELECT SUM(k) FROM sbtest8 WHERE id BETWEEN 2941316 AND 2942315
	Aggregate  (cost=3928.56..3928.57 rows=1 width=8)
	  ->  Index Scan using sbtest8_pkey on sbtest8  (cost=0.43..3926.06 rows=1002 width=4)
	        Index Cond: ((id >= 2941316) AND (id <= 2942315))

for: order_ranges
table 1 : explain SELECT c FROM sbtest1 WHERE id BETWEEN 8464003 AND 8465002 ORDER BY c
	Sort  (cost=3935.40..3937.90 rows=1002 width=121)
	  Sort Key: c
	  ->  Bitmap Heap Scan on sbtest1  (cost=34.71..3885.45 rows=1002 width=121)
	        Recheck Cond: ((id >= 8464003) AND (id <= 8465002))
	        ->  Bitmap Index Scan on sbtest1_pkey  (cost=0.00..34.45 rows=1002 width=0)
	              Index Cond: ((id >= 8464003) AND (id <= 8465002))

table 2 : explain SELECT c FROM sbtest2 WHERE id BETWEEN 485379 AND 486378 ORDER BY c
	Sort  (cost=3750.54..3752.92 rows=954 width=121)
	  Sort Key: c
	  ->  Bitmap Heap Scan on sbtest2  (cost=34.21..3703.33 rows=954 width=121)
	        Recheck Cond: ((id >= 485379) AND (id <= 486378))
	        ->  Bitmap Index Scan on sbtest2_pkey  (cost=0.00..33.98 rows=954 width=0)
	              Index Cond: ((id >= 485379) AND (id <= 486378))

table 3 : explain SELECT c FROM sbtest3 WHERE id BETWEEN 1388293 AND 1389292 ORDER BY c
	Sort  (cost=3902.68..3905.17 rows=993 width=121)
	  Sort Key: c
	  ->  Bitmap Heap Scan on sbtest3  (cost=34.61..3853.25 rows=993 width=121)
	        Recheck Cond: ((id >= 1388293) AND (id <= 1389292))
	        ->  Bitmap Index Scan on sbtest3_pkey  (cost=0.00..34.37 rows=993 width=0)
	              Index Cond: ((id >= 1388293) AND (id <= 1389292))

table 4 : explain SELECT c FROM sbtest4 WHERE id BETWEEN 9306337 AND 9307336 ORDER BY c
	Sort  (cost=4112.45..4115.07 rows=1047 width=121)
	  Sort Key: c
	  ->  Bitmap Heap Scan on sbtest4  (cost=35.17..4059.93 rows=1047 width=121)
	        Recheck Cond: ((id >= 9306337) AND (id <= 9307336))
	        ->  Bitmap Index Scan on sbtest4_pkey  (cost=0.00..34.91 rows=1047 width=0)
	              Index Cond: ((id >= 9306337) AND (id <= 9307336))

table 5 : explain SELECT c FROM sbtest5 WHERE id BETWEEN 9114979 AND 9115978 ORDER BY c
	Sort  (cost=4321.69..4324.44 rows=1103 width=121)
	  Sort Key: c
	  ->  Bitmap Heap Scan on sbtest5  (cost=39.74..4265.94 rows=1103 width=121)
	        Recheck Cond: ((id >= 9114979) AND (id <= 9115978))
	        ->  Bitmap Index Scan on sbtest5_pkey  (cost=0.00..39.47 rows=1103 width=0)
	              Index Cond: ((id >= 9114979) AND (id <= 9115978))

table 6 : explain SELECT c FROM sbtest6 WHERE id BETWEEN 835620 AND 836619 ORDER BY c
	Sort  (cost=4355.48..4358.26 rows=1111 width=121)
	  Sort Key: c
	  ->  Bitmap Heap Scan on sbtest6  (cost=39.82..4299.28 rows=1111 width=121)
	        Recheck Cond: ((id >= 835620) AND (id <= 836619))
	        ->  Bitmap Index Scan on sbtest6_pkey  (cost=0.00..39.55 rows=1111 width=0)
	              Index Cond: ((id >= 835620) AND (id <= 836619))

table 7 : explain SELECT c FROM sbtest7 WHERE id BETWEEN 650553 AND 651552 ORDER BY c
	Sort  (cost=4013.46..4016.01 rows=1021 width=121)
	  Sort Key: c
	  ->  Bitmap Heap Scan on sbtest7  (cost=34.90..3962.43 rows=1021 width=121)
	        Recheck Cond: ((id >= 650553) AND (id <= 651552))
	        ->  Bitmap Index Scan on sbtest7_pkey  (cost=0.00..34.65 rows=1021 width=0)
	              Index Cond: ((id >= 650553) AND (id <= 651552))

table 8 : explain SELECT c FROM sbtest8 WHERE id BETWEEN 1494692 AND 1495691 ORDER BY c
	Sort  (cost=3544.93..3547.17 rows=894 width=121)
	  Sort Key: c
	  ->  Index Scan using sbtest8_pkey on sbtest8  (cost=0.43..3501.11 rows=894 width=121)
	        Index Cond: ((id >= 1494692) AND (id <= 1495691))

for point_selects
table 1 : explain SELECT c FROM sbtest1 WHERE id=2417457
	Index Scan using sbtest1_pkey on sbtest1  (cost=0.43..8.45 rows=1 width=121)
	  Index Cond: (id = 2417457)

table 2 : explain SELECT c FROM sbtest2 WHERE id=721606
	Index Scan using sbtest2_pkey on sbtest2  (cost=0.43..8.45 rows=1 width=121)
	  Index Cond: (id = 721606)

table 3 : explain SELECT c FROM sbtest3 WHERE id=9086209
	Index Scan using sbtest3_pkey on sbtest3  (cost=0.43..8.45 rows=1 width=121)
	  Index Cond: (id = 9086209)

table 4 : explain SELECT c FROM sbtest4 WHERE id=2942514
	Index Scan using sbtest4_pkey on sbtest4  (cost=0.43..8.45 rows=1 width=121)
	  Index Cond: (id = 2942514)

table 5 : explain SELECT c FROM sbtest5 WHERE id=3138738
	Index Scan using sbtest5_pkey on sbtest5  (cost=0.43..8.45 rows=1 width=121)
	  Index Cond: (id = 3138738)

table 6 : explain SELECT c FROM sbtest6 WHERE id=9523177
	Index Scan using sbtest6_pkey on sbtest6  (cost=0.43..8.45 rows=1 width=121)
	  Index Cond: (id = 9523177)

table 7 : explain SELECT c FROM sbtest7 WHERE id=7430623
	Index Scan using sbtest7_pkey on sbtest7  (cost=0.43..8.45 rows=1 width=121)
	  Index Cond: (id = 7430623)

table 8 : explain SELECT c FROM sbtest8 WHERE id=8335962
	Index Scan using sbtest8_pkey on sbtest8  (cost=0.43..8.45 rows=1 width=121)
	  Index Cond: (id = 8335962)

for: distinct_ranges
table 1 : explain SELECT DISTINCT c FROM sbtest1 WHERE id BETWEEN 4151340 AND 4152339 ORDER BY c
	Unique  (cost=4000.49..4005.59 rows=1019 width=121)
	  ->  Sort  (cost=4000.49..4003.04 rows=1019 width=121)
	        Sort Key: c
	        ->  Bitmap Heap Scan on sbtest1  (cost=34.88..3949.58 rows=1019 width=121)
	              Recheck Cond: ((id >= 4151340) AND (id <= 4152339))
	              ->  Bitmap Index Scan on sbtest1_pkey  (cost=0.00..34.62 rows=1019 width=0)
	                    Index Cond: ((id >= 4151340) AND (id <= 4152339))

table 2 : explain SELECT DISTINCT c FROM sbtest2 WHERE id BETWEEN 7639475 AND 7640474 ORDER BY c
	Unique  (cost=4477.23..4482.95 rows=1144 width=121)
	  ->  Sort  (cost=4477.23..4480.09 rows=1144 width=121)
	        Sort Key: c
	        ->  Bitmap Heap Scan on sbtest2  (cost=40.16..4419.11 rows=1144 width=121)
	              Recheck Cond: ((id >= 7639475) AND (id <= 7640474))
	              ->  Bitmap Index Scan on sbtest2_pkey  (cost=0.00..39.88 rows=1144 width=0)
	                    Index Cond: ((id >= 7639475) AND (id <= 7640474))

table 3 : explain SELECT DISTINCT c FROM sbtest3 WHERE id BETWEEN 6832923 AND 6833922 ORDER BY c
	Unique  (cost=4075.09..4080.28 rows=1038 width=121)
	  ->  Sort  (cost=4075.09..4077.68 rows=1038 width=121)
	        Sort Key: c
	        ->  Bitmap Heap Scan on sbtest3  (cost=35.07..4023.09 rows=1038 width=121)
	              Recheck Cond: ((id >= 6832923) AND (id <= 6833922))
	              ->  Bitmap Index Scan on sbtest3_pkey  (cost=0.00..34.82 rows=1038 width=0)
	                    Index Cond: ((id >= 6832923) AND (id <= 6833922))

table 4 : explain SELECT DISTINCT c FROM sbtest4 WHERE id BETWEEN 3150131 AND 3151130 ORDER BY c
	Unique  (cost=3897.69..3902.65 rows=991 width=121)
	  ->  Sort  (cost=3897.69..3900.17 rows=991 width=121)
	        Sort Key: c
	        ->  Bitmap Heap Scan on sbtest4  (cost=34.59..3848.38 rows=991 width=121)
	              Recheck Cond: ((id >= 3150131) AND (id <= 3151130))
	              ->  Bitmap Index Scan on sbtest4_pkey  (cost=0.00..34.34 rows=991 width=0)
	                    Index Cond: ((id >= 3150131) AND (id <= 3151130))

table 5 : explain SELECT DISTINCT c FROM sbtest5 WHERE id BETWEEN 3820043 AND 3821042 ORDER BY c
	Unique  (cost=4386.57..4392.18 rows=1121 width=121)
	  ->  Sort  (cost=4386.57..4389.38 rows=1121 width=121)
	        Sort Key: c
	        ->  Bitmap Heap Scan on sbtest5  (cost=39.93..4329.79 rows=1121 width=121)
	              Recheck Cond: ((id >= 3820043) AND (id <= 3821042))
	              ->  Bitmap Index Scan on sbtest5_pkey  (cost=0.00..39.65 rows=1121 width=0)
	                    Index Cond: ((id >= 3820043) AND (id <= 3821042))

table 6 : explain SELECT DISTINCT c FROM sbtest6 WHERE id BETWEEN 9386495 AND 9387494 ORDER BY c
	Unique  (cost=3785.36..3790.18 rows=963 width=121)
	  ->  Sort  (cost=3785.36..3787.77 rows=963 width=121)
	        Sort Key: c
	        ->  Bitmap Heap Scan on sbtest6  (cost=34.31..3737.64 rows=963 width=121)
	              Recheck Cond: ((id >= 9386495) AND (id <= 9387494))
	              ->  Bitmap Index Scan on sbtest6_pkey  (cost=0.00..34.07 rows=963 width=0)
	                    Index Cond: ((id >= 9386495) AND (id <= 9387494))

table 7 : explain SELECT DISTINCT c FROM sbtest7 WHERE id BETWEEN 2073372 AND 2074371 ORDER BY c
	Unique  (cost=3813.85..3818.69 rows=969 width=121)
	  ->  Sort  (cost=3813.85..3816.27 rows=969 width=121)
	        Sort Key: c
	        ->  Bitmap Heap Scan on sbtest7  (cost=34.37..3765.78 rows=969 width=121)
	              Recheck Cond: ((id >= 2073372) AND (id <= 2074371))
	              ->  Bitmap Index Scan on sbtest7_pkey  (cost=0.00..34.12 rows=969 width=0)
	                    Index Cond: ((id >= 2073372) AND (id <= 2074371))

table 8 : explain SELECT DISTINCT c FROM sbtest8 WHERE id BETWEEN 2834952 AND 2835951 ORDER BY c
	Unique  (cost=3865.27..3870.14 rows=974 width=121)
	  ->  Sort  (cost=3865.27..3867.71 rows=974 width=121)
	        Sort Key: c
	        ->  Index Scan using sbtest8_pkey on sbtest8  (cost=0.43..3816.92 rows=974 width=121)
	              Index Cond: ((id >= 2834952) AND (id <= 2835951))

for: order_ranges
table 1 : explain SELECT c FROM sbtest1 WHERE id BETWEEN 2616807 AND 2617806 ORDER BY c
	Sort  (cost=4337.10..4339.86 rows=1106 width=121)
	  Sort Key: c
	  ->  Bitmap Heap Scan on sbtest1  (cost=39.77..4281.18 rows=1106 width=121)
	        Recheck Cond: ((id >= 2616807) AND (id <= 2617806))
	        ->  Bitmap Index Scan on sbtest1_pkey  (cost=0.00..39.50 rows=1106 width=0)
	              Index Cond: ((id >= 2616807) AND (id <= 2617806))

table 2 : explain SELECT c FROM sbtest2 WHERE id BETWEEN 9182121 AND 9183120 ORDER BY c
	Sort  (cost=3758.21..3760.60 rows=956 width=121)
	  Sort Key: c
	  ->  Bitmap Heap Scan on sbtest2  (cost=34.23..3710.88 rows=956 width=121)
	        Recheck Cond: ((id >= 9182121) AND (id <= 9183120))
	        ->  Bitmap Index Scan on sbtest2_pkey  (cost=0.00..34.00 rows=956 width=0)
	              Index Cond: ((id >= 9182121) AND (id <= 9183120))

table 3 : explain SELECT c FROM sbtest3 WHERE id BETWEEN 2584857 AND 2585856 ORDER BY c
	Sort  (cost=3787.61..3790.02 rows=963 width=121)
	  Sort Key: c
	  ->  Bitmap Heap Scan on sbtest3  (cost=34.31..3739.89 rows=963 width=121)
	        Recheck Cond: ((id >= 2584857) AND (id <= 2585856))
	        ->  Bitmap Index Scan on sbtest3_pkey  (cost=0.00..34.07 rows=963 width=0)
	              Index Cond: ((id >= 2584857) AND (id <= 2585856))

table 4 : explain SELECT c FROM sbtest4 WHERE id BETWEEN 3372853 AND 3373852 ORDER BY c
	Sort  (cost=3682.57..3684.91 rows=935 width=121)
	  Sort Key: c
	  ->  Bitmap Heap Scan on sbtest4  (cost=34.02..3636.43 rows=935 width=121)
	        Recheck Cond: ((id >= 3372853) AND (id <= 3373852))
	        ->  Bitmap Index Scan on sbtest4_pkey  (cost=0.00..33.79 rows=935 width=0)
	              Index Cond: ((id >= 3372853) AND (id <= 3373852))

table 5 : explain SELECT c FROM sbtest5 WHERE id BETWEEN 1069290 AND 1070289 ORDER BY c
	Sort  (cost=3667.75..3670.09 rows=933 width=121)
	  Sort Key: c
	  ->  Bitmap Heap Scan on sbtest5  (cost=34.00..3621.73 rows=933 width=121)
	        Recheck Cond: ((id >= 1069290) AND (id <= 1070289))
	        ->  Bitmap Index Scan on sbtest5_pkey  (cost=0.00..33.77 rows=933 width=0)
	              Index Cond: ((id >= 1069290) AND (id <= 1070289))

table 6 : explain SELECT c FROM sbtest6 WHERE id BETWEEN 9548022 AND 9549021 ORDER BY c
	Sort  (cost=3988.39..3990.93 rows=1016 width=121)
	  Sort Key: c
	  ->  Bitmap Heap Scan on sbtest6  (cost=34.85..3937.65 rows=1016 width=121)
	        Recheck Cond: ((id >= 9548022) AND (id <= 9549021))
	        ->  Bitmap Index Scan on sbtest6_pkey  (cost=0.00..34.59 rows=1016 width=0)
	              Index Cond: ((id >= 9548022) AND (id <= 9549021))

table 7 : explain SELECT c FROM sbtest7 WHERE id BETWEEN 4111791 AND 4112790 ORDER BY c
	Sort  (cost=4373.69..4376.48 rows=1114 width=121)
	  Sort Key: c
	  ->  Bitmap Heap Scan on sbtest7  (cost=39.85..4317.31 rows=1114 width=121)
	        Recheck Cond: ((id >= 4111791) AND (id <= 4112790))
	        ->  Bitmap Index Scan on sbtest7_pkey  (cost=0.00..39.58 rows=1114 width=0)
	              Index Cond: ((id >= 4111791) AND (id <= 4112790))

table 8 : explain SELECT c FROM sbtest8 WHERE id BETWEEN 3580541 AND 3581540 ORDER BY c
	Sort  (cost=3754.55..3756.91 rows=946 width=121)
	  Sort Key: c
	  ->  Index Scan using sbtest8_pkey on sbtest8  (cost=0.43..3707.79 rows=946 width=121)
	        Index Cond: ((id >= 3580541) AND (id <= 3581540))

for: order_ranges
table 1 : explain SELECT c FROM sbtest1 WHERE id BETWEEN 8926315 AND 8927314 ORDER BY c
	Sort  (cost=3935.40..3937.90 rows=1002 width=121)
	  Sort Key: c
	  ->  Bitmap Heap Scan on sbtest1  (cost=34.71..3885.45 rows=1002 width=121)
	        Recheck Cond: ((id >= 8926315) AND (id <= 8927314))
	        ->  Bitmap Index Scan on sbtest1_pkey  (cost=0.00..34.45 rows=1002 width=0)
	              Index Cond: ((id >= 8926315) AND (id <= 8927314))

table 2 : explain SELECT c FROM sbtest2 WHERE id BETWEEN 8816205 AND 8817204 ORDER BY c
	Sort  (cost=4270.93..4273.65 rows=1090 width=121)
	  Sort Key: c
	  ->  Bitmap Heap Scan on sbtest2  (cost=35.61..4215.94 rows=1090 width=121)
	        Recheck Cond: ((id >= 8816205) AND (id <= 8817204))
	        ->  Bitmap Index Scan on sbtest2_pkey  (cost=0.00..35.34 rows=1090 width=0)
	              Index Cond: ((id >= 8816205) AND (id <= 8817204))

table 3 : explain SELECT c FROM sbtest3 WHERE id BETWEEN 9381264 AND 9382263 ORDER BY c
	Sort  (cost=3730.04..3732.41 rows=948 width=121)
	  Sort Key: c
	  ->  Bitmap Heap Scan on sbtest3  (cost=34.15..3683.17 rows=948 width=121)
	        Recheck Cond: ((id >= 9381264) AND (id <= 9382263))
	        ->  Bitmap Index Scan on sbtest3_pkey  (cost=0.00..33.92 rows=948 width=0)
	              Index Cond: ((id >= 9381264) AND (id <= 9382263))

table 4 : explain SELECT c FROM sbtest4 WHERE id BETWEEN 5897980 AND 5898979 ORDER BY c
	Sort  (cost=3920.72..3923.21 rows=997 width=121)
	  Sort Key: c
	  ->  Bitmap Heap Scan on sbtest4  (cost=34.65..3871.06 rows=997 width=121)
	        Recheck Cond: ((id >= 5897980) AND (id <= 5898979))
	        ->  Bitmap Index Scan on sbtest4_pkey  (cost=0.00..34.41 rows=997 width=0)
	              Index Cond: ((id >= 5897980) AND (id <= 5898979))

table 5 : explain SELECT c FROM sbtest5 WHERE id BETWEEN 8361076 AND 8362075 ORDER BY c
	Sort  (cost=4042.84..4045.42 rows=1031 width=121)
	  Sort Key: c
	  ->  Bitmap Heap Scan on sbtest5  (cost=35.00..3991.24 rows=1031 width=121)
	        Recheck Cond: ((id >= 8361076) AND (id <= 8362075))
	        ->  Bitmap Index Scan on sbtest5_pkey  (cost=0.00..34.75 rows=1031 width=0)
	              Index Cond: ((id >= 8361076) AND (id <= 8362075))

table 6 : explain SELECT c FROM sbtest6 WHERE id BETWEEN 4507162 AND 4508161 ORDER BY c
	Sort  (cost=3812.20..3814.62 rows=970 width=121)
	  Sort Key: c
	  ->  Bitmap Heap Scan on sbtest6  (cost=34.38..3764.08 rows=970 width=121)
	        Recheck Cond: ((id >= 4507162) AND (id <= 4508161))
	        ->  Bitmap Index Scan on sbtest6_pkey  (cost=0.00..34.14 rows=970 width=0)
	              Index Cond: ((id >= 4507162) AND (id <= 4508161))

table 7 : explain SELECT c FROM sbtest7 WHERE id BETWEEN 6351873 AND 6352872 ORDER BY c
	Sort  (cost=3940.56..3943.06 rows=1002 width=121)
	  Sort Key: c
	  ->  Bitmap Heap Scan on sbtest7  (cost=34.71..3890.62 rows=1002 width=121)
	        Recheck Cond: ((id >= 6351873) AND (id <= 6352872))
	        ->  Bitmap Index Scan on sbtest7_pkey  (cost=0.00..34.45 rows=1002 width=0)
	              Index Cond: ((id >= 6351873) AND (id <= 6352872))

table 8 : explain SELECT c FROM sbtest8 WHERE id BETWEEN 2286204 AND 2287203 ORDER BY c
	Sort  (cost=3885.04..3887.49 rows=979 width=121)
	  Sort Key: c
	  ->  Index Scan using sbtest8_pkey on sbtest8  (cost=0.43..3836.41 rows=979 width=121)
	        Index Cond: ((id >= 2286204) AND (id <= 2287203))

for point_selects
table 1 : explain SELECT c FROM sbtest1 WHERE id=3861647
	Index Scan using sbtest1_pkey on sbtest1  (cost=0.43..8.45 rows=1 width=121)
	  Index Cond: (id = 3861647)

table 2 : explain SELECT c FROM sbtest2 WHERE id=6146503
	Index Scan using sbtest2_pkey on sbtest2  (cost=0.43..8.45 rows=1 width=121)
	  Index Cond: (id = 6146503)

table 3 : explain SELECT c FROM sbtest3 WHERE id=8983991
	Index Scan using sbtest3_pkey on sbtest3  (cost=0.43..8.45 rows=1 width=121)
	  Index Cond: (id = 8983991)

table 4 : explain SELECT c FROM sbtest4 WHERE id=3195329
	Index Scan using sbtest4_pkey on sbtest4  (cost=0.43..8.45 rows=1 width=121)
	  Index Cond: (id = 3195329)

table 5 : explain SELECT c FROM sbtest5 WHERE id=5086789
	Index Scan using sbtest5_pkey on sbtest5  (cost=0.43..8.45 rows=1 width=121)
	  Index Cond: (id = 5086789)

table 6 : explain SELECT c FROM sbtest6 WHERE id=8191760
	Index Scan using sbtest6_pkey on sbtest6  (cost=0.43..8.45 rows=1 width=121)
	  Index Cond: (id = 8191760)

table 7 : explain SELECT c FROM sbtest7 WHERE id=7073205
	Index Scan using sbtest7_pkey on sbtest7  (cost=0.43..8.45 rows=1 width=121)
	  Index Cond: (id = 7073205)

table 8 : explain SELECT c FROM sbtest8 WHERE id=5932985
	Index Scan using sbtest8_pkey on sbtest8  (cost=0.43..8.45 rows=1 width=121)
	  Index Cond: (id = 5932985)

for: simple_ranges
table 1 : explain SELECT c FROM sbtest1 WHERE id BETWEEN 6895513 AND 6896512
	Bitmap Heap Scan on sbtest1  (cost=34.36..3757.10 rows=968 width=121)
	  Recheck Cond: ((id >= 6895513) AND (id <= 6896512))
	  ->  Bitmap Index Scan on sbtest1_pkey  (cost=0.00..34.12 rows=968 width=0)
	        Index Cond: ((id >= 6895513) AND (id <= 6896512))

table 2 : explain SELECT c FROM sbtest2 WHERE id BETWEEN 5704748 AND 5705747
	Bitmap Heap Scan on sbtest2  (cost=34.22..3707.10 rows=955 width=121)
	  Recheck Cond: ((id >= 5704748) AND (id <= 5705747))
	  ->  Bitmap Index Scan on sbtest2_pkey  (cost=0.00..33.98 rows=955 width=0)
	        Index Cond: ((id >= 5704748) AND (id <= 5705747))

table 3 : explain SELECT c FROM sbtest3 WHERE id BETWEEN 4642329 AND 4643328
	Bitmap Heap Scan on sbtest3  (cost=34.87..3947.64 rows=1018 width=121)
	  Recheck Cond: ((id >= 4642329) AND (id <= 4643328))
	  ->  Bitmap Index Scan on sbtest3_pkey  (cost=0.00..34.62 rows=1018 width=0)
	        Index Cond: ((id >= 4642329) AND (id <= 4643328))

table 4 : explain SELECT c FROM sbtest4 WHERE id BETWEEN 8584462 AND 8585461
	Bitmap Heap Scan on sbtest4  (cost=34.51..3818.12 rows=983 width=121)
	  Recheck Cond: ((id >= 8584462) AND (id <= 8585461))
	  ->  Bitmap Index Scan on sbtest4_pkey  (cost=0.00..34.27 rows=983 width=0)
	        Index Cond: ((id >= 8584462) AND (id <= 8585461))

table 5 : explain SELECT c FROM sbtest5 WHERE id BETWEEN 8521292 AND 8522291
	Bitmap Heap Scan on sbtest5  (cost=34.28..3723.66 rows=960 width=121)
	  Recheck Cond: ((id >= 8521292) AND (id <= 8522291))
	  ->  Bitmap Index Scan on sbtest5_pkey  (cost=0.00..34.04 rows=960 width=0)
	        Index Cond: ((id >= 8521292) AND (id <= 8522291))

table 6 : explain SELECT c FROM sbtest6 WHERE id BETWEEN 6570579 AND 6571578
	Bitmap Heap Scan on sbtest6  (cost=34.88..3948.96 rows=1019 width=121)
	  Recheck Cond: ((id >= 6570579) AND (id <= 6571578))
	  ->  Bitmap Index Scan on sbtest6_pkey  (cost=0.00..34.62 rows=1019 width=0)
	        Index Cond: ((id >= 6570579) AND (id <= 6571578))

table 7 : explain SELECT c FROM sbtest7 WHERE id BETWEEN 3990662 AND 3991661
	Bitmap Heap Scan on sbtest7  (cost=34.07..3655.97 rows=940 width=121)
	  Recheck Cond: ((id >= 3990662) AND (id <= 3991661))
	  ->  Bitmap Index Scan on sbtest7_pkey  (cost=0.00..33.84 rows=940 width=0)
	        Index Cond: ((id >= 3990662) AND (id <= 3991661))

table 8 : explain SELECT c FROM sbtest8 WHERE id BETWEEN 8495686 AND 8496685
	Index Scan using sbtest8_pkey on sbtest8  (cost=0.43..3661.03 rows=934 width=121)
	  Index Cond: ((id >= 8495686) AND (id <= 8496685))

for: distinct_ranges
table 1 : explain SELECT DISTINCT c FROM sbtest1 WHERE id BETWEEN 8841660 AND 8842659 ORDER BY c
	Unique  (cost=3686.18..3690.87 rows=937 width=121)
	  ->  Sort  (cost=3686.18..3688.53 rows=937 width=121)
	        Sort Key: c
	        ->  Bitmap Heap Scan on sbtest1  (cost=34.04..3639.94 rows=937 width=121)
	              Recheck Cond: ((id >= 8841660) AND (id <= 8842659))
	              ->  Bitmap Index Scan on sbtest1_pkey  (cost=0.00..33.81 rows=937 width=0)
	                    Index Cond: ((id >= 8841660) AND (id <= 8842659))

table 2 : explain SELECT DISTINCT c FROM sbtest2 WHERE id BETWEEN 5086336 AND 5087335 ORDER BY c
	Unique  (cost=4114.28..4119.52 rows=1049 width=121)
	  ->  Sort  (cost=4114.28..4116.90 rows=1049 width=121)
	        Sort Key: c
	        ->  Bitmap Heap Scan on sbtest2  (cost=35.19..4061.64 rows=1049 width=121)
	              Recheck Cond: ((id >= 5086336) AND (id <= 5087335))
	              ->  Bitmap Index Scan on sbtest2_pkey  (cost=0.00..34.93 rows=1049 width=0)
	                    Index Cond: ((id >= 5086336) AND (id <= 5087335))

table 3 : explain SELECT DISTINCT c FROM sbtest3 WHERE id BETWEEN 2285177 AND 2286176 ORDER BY c
	Unique  (cost=3944.85..3949.87 rows=1004 width=121)
	  ->  Sort  (cost=3944.85..3947.36 rows=1004 width=121)
	        Sort Key: c
	        ->  Bitmap Heap Scan on sbtest3  (cost=34.73..3894.79 rows=1004 width=121)
	              Recheck Cond: ((id >= 2285177) AND (id <= 2286176))
	              ->  Bitmap Index Scan on sbtest3_pkey  (cost=0.00..34.48 rows=1004 width=0)
	                    Index Cond: ((id >= 2285177) AND (id <= 2286176))

table 4 : explain SELECT DISTINCT c FROM sbtest4 WHERE id BETWEEN 617057 AND 618056 ORDER BY c
	Unique  (cost=3751.76..3756.52 rows=953 width=121)
	  ->  Sort  (cost=3751.76..3754.14 rows=953 width=121)
	        Sort Key: c
	        ->  Bitmap Heap Scan on sbtest4  (cost=34.20..3704.60 rows=953 width=121)
	              Recheck Cond: ((id >= 617057) AND (id <= 618056))
	              ->  Bitmap Index Scan on sbtest4_pkey  (cost=0.00..33.97 rows=953 width=0)
	                    Index Cond: ((id >= 617057) AND (id <= 618056))

table 5 : explain SELECT DISTINCT c FROM sbtest5 WHERE id BETWEEN 6720489 AND 6721488 ORDER BY c
	Unique  (cost=4065.77..4070.96 rows=1037 width=121)
	  ->  Sort  (cost=4065.77..4068.36 rows=1037 width=121)
	        Sort Key: c
	        ->  Bitmap Heap Scan on sbtest5  (cost=35.06..4013.83 rows=1037 width=121)
	              Recheck Cond: ((id >= 6720489) AND (id <= 6721488))
	              ->  Bitmap Index Scan on sbtest5_pkey  (cost=0.00..34.81 rows=1037 width=0)
	                    Index Cond: ((id >= 6720489) AND (id <= 6721488))

table 6 : explain SELECT DISTINCT c FROM sbtest6 WHERE id BETWEEN 2889797 AND 2890796 ORDER BY c
	Unique  (cost=3980.74..3985.81 rows=1014 width=121)
	  ->  Sort  (cost=3980.74..3983.27 rows=1014 width=121)
	        Sort Key: c
	        ->  Bitmap Heap Scan on sbtest6  (cost=34.83..3930.11 rows=1014 width=121)
	              Recheck Cond: ((id >= 2889797) AND (id <= 2890796))
	              ->  Bitmap Index Scan on sbtest6_pkey  (cost=0.00..34.58 rows=1014 width=0)
	                    Index Cond: ((id >= 2889797) AND (id <= 2890796))

table 7 : explain SELECT DISTINCT c FROM sbtest7 WHERE id BETWEEN 7433403 AND 7434402 ORDER BY c
	Unique  (cost=3955.91..3960.94 rows=1006 width=121)
	  ->  Sort  (cost=3955.91..3958.42 rows=1006 width=121)
	        Sort Key: c
	        ->  Bitmap Heap Scan on sbtest7  (cost=34.75..3905.74 rows=1006 width=121)
	              Recheck Cond: ((id >= 7433403) AND (id <= 7434402))
	              ->  Bitmap Index Scan on sbtest7_pkey  (cost=0.00..34.50 rows=1006 width=0)
	                    Index Cond: ((id >= 7433403) AND (id <= 7434402))

table 8 : explain SELECT DISTINCT c FROM sbtest8 WHERE id BETWEEN 8322283 AND 8323282 ORDER BY c
	Unique  (cost=4053.92..4059.08 rows=1032 width=121)
	  ->  Sort  (cost=4053.92..4056.50 rows=1032 width=121)
	        Sort Key: c
	        ->  Bitmap Heap Scan on sbtest8  (cost=35.01..4002.26 rows=1032 width=121)
	              Recheck Cond: ((id >= 8322283) AND (id <= 8323282))
	              ->  Bitmap Index Scan on sbtest8_pkey  (cost=0.00..34.76 rows=1032 width=0)
	                    Index Cond: ((id >= 8322283) AND (id <= 8323282))

for: simple_ranges
table 1 : explain SELECT c FROM sbtest1 WHERE id BETWEEN 1475002 AND 1476001
	Bitmap Heap Scan on sbtest1  (cost=29.48..3427.76 rows=882 width=121)
	  Recheck Cond: ((id >= 1475002) AND (id <= 1476001))
	  ->  Bitmap Index Scan on sbtest1_pkey  (cost=0.00..29.25 rows=882 width=0)
	        Index Cond: ((id >= 1475002) AND (id <= 1476001))

table 2 : explain SELECT c FROM sbtest2 WHERE id BETWEEN 7187355 AND 7188354
	Bitmap Heap Scan on sbtest2  (cost=35.15..4046.58 rows=1045 width=121)
	  Recheck Cond: ((id >= 7187355) AND (id <= 7188354))
	  ->  Bitmap Index Scan on sbtest2_pkey  (cost=0.00..34.89 rows=1045 width=0)
	        Index Cond: ((id >= 7187355) AND (id <= 7188354))

table 3 : explain SELECT c FROM sbtest3 WHERE id BETWEEN 8088407 AND 8089406
	Bitmap Heap Scan on sbtest3  (cost=34.81..3924.99 rows=1012 width=121)
	  Recheck Cond: ((id >= 8088407) AND (id <= 8089406))
	  ->  Bitmap Index Scan on sbtest3_pkey  (cost=0.00..34.56 rows=1012 width=0)
	        Index Cond: ((id >= 8088407) AND (id <= 8089406))

table 4 : explain SELECT c FROM sbtest4 WHERE id BETWEEN 4059853 AND 4060852
	Bitmap Heap Scan on sbtest4  (cost=34.75..3905.08 rows=1006 width=121)
	  Recheck Cond: ((id >= 4059853) AND (id <= 4060852))
	  ->  Bitmap Index Scan on sbtest4_pkey  (cost=0.00..34.50 rows=1006 width=0)
	        Index Cond: ((id >= 4059853) AND (id <= 4060852))

table 5 : explain SELECT c FROM sbtest5 WHERE id BETWEEN 1743206 AND 1744205
	Bitmap Heap Scan on sbtest5  (cost=34.48..3799.10 rows=980 width=121)
	  Recheck Cond: ((id >= 1743206) AND (id <= 1744205))
	  ->  Bitmap Index Scan on sbtest5_pkey  (cost=0.00..34.23 rows=980 width=0)
	        Index Cond: ((id >= 1743206) AND (id <= 1744205))

table 6 : explain SELECT c FROM sbtest6 WHERE id BETWEEN 6088585 AND 6089584
	Bitmap Heap Scan on sbtest6  (cost=34.29..3730.08 rows=961 width=121)
	  Recheck Cond: ((id >= 6088585) AND (id <= 6089584))
	  ->  Bitmap Index Scan on sbtest6_pkey  (cost=0.00..34.05 rows=961 width=0)
	        Index Cond: ((id >= 6088585) AND (id <= 6089584))

table 7 : explain SELECT c FROM sbtest7 WHERE id BETWEEN 4784505 AND 4785504
	Bitmap Heap Scan on sbtest7  (cost=29.48..3432.02 rows=882 width=121)
	  Recheck Cond: ((id >= 4784505) AND (id <= 4785504))
	  ->  Bitmap Index Scan on sbtest7_pkey  (cost=0.00..29.25 rows=882 width=0)
	        Index Cond: ((id >= 4784505) AND (id <= 4785504))

table 8 : explain SELECT c FROM sbtest8 WHERE id BETWEEN 3762280 AND 3763279
	Index Scan using sbtest8_pkey on sbtest8  (cost=0.43..3859.79 rows=985 width=121)
	  Index Cond: ((id >= 3762280) AND (id <= 3763279))

for: distinct_ranges
table 1 : explain SELECT DISTINCT c FROM sbtest1 WHERE id BETWEEN 9831275 AND 9832274 ORDER BY c
	Unique  (cost=3751.41..3756.18 rows=954 width=121)
	  ->  Sort  (cost=3751.41..3753.80 rows=954 width=121)
	        Sort Key: c
	        ->  Bitmap Heap Scan on sbtest1  (cost=34.21..3704.20 rows=954 width=121)
	              Recheck Cond: ((id >= 9831275) AND (id <= 9832274))
	              ->  Bitmap Index Scan on sbtest1_pkey  (cost=0.00..33.98 rows=954 width=0)
	                    Index Cond: ((id >= 9831275) AND (id <= 9832274))

table 2 : explain SELECT DISTINCT c FROM sbtest2 WHERE id BETWEEN 7973552 AND 7974551 ORDER BY c
	Unique  (cost=4251.84..4257.26 rows=1085 width=121)
	  ->  Sort  (cost=4251.84..4254.55 rows=1085 width=121)
	        Sort Key: c
	        ->  Bitmap Heap Scan on sbtest2  (cost=35.56..4197.13 rows=1085 width=121)
	              Recheck Cond: ((id >= 7973552) AND (id <= 7974551))
	              ->  Bitmap Index Scan on sbtest2_pkey  (cost=0.00..35.29 rows=1085 width=0)
	                    Index Cond: ((id >= 7973552) AND (id <= 7974551))

table 3 : explain SELECT DISTINCT c FROM sbtest3 WHERE id BETWEEN 8169182 AND 8170181 ORDER BY c
	Unique  (cost=3975.51..3980.57 rows=1012 width=121)
	  ->  Sort  (cost=3975.51..3978.04 rows=1012 width=121)
	        Sort Key: c
	        ->  Bitmap Heap Scan on sbtest3  (cost=34.81..3924.99 rows=1012 width=121)
	              Recheck Cond: ((id >= 8169182) AND (id <= 8170181))
	              ->  Bitmap Index Scan on sbtest3_pkey  (cost=0.00..34.56 rows=1012 width=0)
	                    Index Cond: ((id >= 8169182) AND (id <= 8170181))

table 4 : explain SELECT DISTINCT c FROM sbtest4 WHERE id BETWEEN 4202407 AND 4203406 ORDER BY c
	Unique  (cost=3567.02..3571.55 rows=906 width=121)
	  ->  Sort  (cost=3567.02..3569.29 rows=906 width=121)
	        Sort Key: c
	        ->  Bitmap Heap Scan on sbtest4  (cost=29.72..3522.52 rows=906 width=121)
	              Recheck Cond: ((id >= 4202407) AND (id <= 4203406))
	              ->  Bitmap Index Scan on sbtest4_pkey  (cost=0.00..29.50 rows=906 width=0)
	                    Index Cond: ((id >= 4202407) AND (id <= 4203406))

table 5 : explain SELECT DISTINCT c FROM sbtest5 WHERE id BETWEEN 6144117 AND 6145116 ORDER BY c
	Unique  (cost=3660.09..3664.74 rows=931 width=121)
	  ->  Sort  (cost=3660.09..3662.41 rows=931 width=121)
	        Sort Key: c
	        ->  Bitmap Heap Scan on sbtest5  (cost=33.98..3614.18 rows=931 width=121)
	              Recheck Cond: ((id >= 6144117) AND (id <= 6145116))
	              ->  Bitmap Index Scan on sbtest5_pkey  (cost=0.00..33.75 rows=931 width=0)
	                    Index Cond: ((id >= 6144117) AND (id <= 6145116))

table 6 : explain SELECT DISTINCT c FROM sbtest6 WHERE id BETWEEN 1403103 AND 1404102 ORDER BY c
	Unique  (cost=4614.83..4620.73 rows=1180 width=121)
	  ->  Sort  (cost=4614.83..4617.78 rows=1180 width=121)
	        Sort Key: c
	        ->  Bitmap Heap Scan on sbtest6  (cost=40.53..4554.63 rows=1180 width=121)
	              Recheck Cond: ((id >= 1403103) AND (id <= 1404102))
	              ->  Bitmap Index Scan on sbtest6_pkey  (cost=0.00..40.23 rows=1180 width=0)
	                    Index Cond: ((id >= 1403103) AND (id <= 1404102))

table 7 : explain SELECT DISTINCT c FROM sbtest7 WHERE id BETWEEN 625764 AND 626763 ORDER BY c
	Unique  (cost=4013.46..4018.56 rows=1021 width=121)
	  ->  Sort  (cost=4013.46..4016.01 rows=1021 width=121)
	        Sort Key: c
	        ->  Bitmap Heap Scan on sbtest7  (cost=34.90..3962.43 rows=1021 width=121)
	              Recheck Cond: ((id >= 625764) AND (id <= 626763))
	              ->  Bitmap Index Scan on sbtest7_pkey  (cost=0.00..34.65 rows=1021 width=0)
	                    Index Cond: ((id >= 625764) AND (id <= 626763))

table 8 : explain SELECT DISTINCT c FROM sbtest8 WHERE id BETWEEN 5984144 AND 5985143 ORDER BY c
	Unique  (cost=3813.88..3818.68 rows=961 width=121)
	  ->  Sort  (cost=3813.88..3816.28 rows=961 width=121)
	        Sort Key: c
	        ->  Index Scan using sbtest8_pkey on sbtest8  (cost=0.43..3766.27 rows=961 width=121)
	              Index Cond: ((id >= 5984144) AND (id <= 5985143))

for: sum_ranges
table 1 : explain SELECT SUM(k) FROM sbtest1 WHERE id BETWEEN 9173620 AND 9174619
	Aggregate  (cost=3729.27..3729.28 rows=1 width=8)
	  ->  Bitmap Heap Scan on sbtest1  (cost=34.28..3726.87 rows=960 width=4)
	        Recheck Cond: ((id >= 9173620) AND (id <= 9174619))
	        ->  Bitmap Index Scan on sbtest1_pkey  (cost=0.00..34.04 rows=960 width=0)
	              Index Cond: ((id >= 9173620) AND (id <= 9174619))

table 2 : explain SELECT SUM(k) FROM sbtest2 WHERE id BETWEEN 6930024 AND 6931023
	Aggregate  (cost=3717.05..3717.06 rows=1 width=8)
	  ->  Bitmap Heap Scan on sbtest2  (cost=34.24..3714.66 rows=957 width=4)
	        Recheck Cond: ((id >= 6930024) AND (id <= 6931023))
	        ->  Bitmap Index Scan on sbtest2_pkey  (cost=0.00..34.01 rows=957 width=0)
	              Index Cond: ((id >= 6930024) AND (id <= 6931023))

table 3 : explain SELECT SUM(k) FROM sbtest3 WHERE id BETWEEN 2701754 AND 2702753
	Aggregate  (cost=4006.81..4006.82 rows=1 width=8)
	  ->  Bitmap Heap Scan on sbtest3  (cost=35.02..4004.23 rows=1033 width=4)
	        Recheck Cond: ((id >= 2701754) AND (id <= 2702753))
	        ->  Bitmap Index Scan on sbtest3_pkey  (cost=0.00..34.77 rows=1033 width=0)
	              Index Cond: ((id >= 2701754) AND (id <= 2702753))

table 4 : explain SELECT SUM(k) FROM sbtest4 WHERE id BETWEEN 3256517 AND 3257516
	Aggregate  (cost=3813.01..3813.02 rows=1 width=8)
	  ->  Bitmap Heap Scan on sbtest4  (cost=34.49..3810.56 rows=981 width=4)
	        Recheck Cond: ((id >= 3256517) AND (id <= 3257516))
	        ->  Bitmap Index Scan on sbtest4_pkey  (cost=0.00..34.25 rows=981 width=0)
	              Index Cond: ((id >= 3256517) AND (id <= 3257516))

table 5 : explain SELECT SUM(k) FROM sbtest5 WHERE id BETWEEN 6851419 AND 6852418
	Aggregate  (cost=3858.14..3858.15 rows=1 width=8)
	  ->  Bitmap Heap Scan on sbtest5  (cost=34.63..3855.65 rows=995 width=4)
	        Recheck Cond: ((id >= 6851419) AND (id <= 6852418))
	        ->  Bitmap Index Scan on sbtest5_pkey  (cost=0.00..34.39 rows=995 width=0)
	              Index Cond: ((id >= 6851419) AND (id <= 6852418))

table 6 : explain SELECT SUM(k) FROM sbtest6 WHERE id BETWEEN 8975421 AND 8976420
	Aggregate  (cost=3819.39..3819.40 rows=1 width=8)
	  ->  Bitmap Heap Scan on sbtest6  (cost=34.52..3816.93 rows=984 width=4)
	        Recheck Cond: ((id >= 8975421) AND (id <= 8976420))
	        ->  Bitmap Index Scan on sbtest6_pkey  (cost=0.00..34.28 rows=984 width=0)
	              Index Cond: ((id >= 8975421) AND (id <= 8976420))

table 7 : explain SELECT SUM(k) FROM sbtest7 WHERE id BETWEEN 9151345 AND 9152344
	Aggregate  (cost=3616.61..3616.62 rows=1 width=8)
	  ->  Bitmap Heap Scan on sbtest7  (cost=33.96..3614.29 rows=929 width=4)
	        Recheck Cond: ((id >= 9151345) AND (id <= 9152344))
	        ->  Bitmap Index Scan on sbtest7_pkey  (cost=0.00..33.73 rows=929 width=0)
	              Index Cond: ((id >= 9151345) AND (id <= 9152344))

table 8 : explain SELECT SUM(k) FROM sbtest8 WHERE id BETWEEN 2630929 AND 2631928
	Aggregate  (cost=3624.34..3624.35 rows=1 width=8)
	  ->  Index Scan using sbtest8_pkey on sbtest8  (cost=0.43..3622.03 rows=924 width=4)
	        Index Cond: ((id >= 2630929) AND (id <= 2631928))

for: sum_ranges
table 1 : explain SELECT SUM(k) FROM sbtest1 WHERE id BETWEEN 1637576 AND 1638575
	Aggregate  (cost=4057.73..4057.74 rows=1 width=8)
	  ->  Bitmap Heap Scan on sbtest1  (cost=35.17..4055.12 rows=1047 width=4)
	        Recheck Cond: ((id >= 1637576) AND (id <= 1638575))
	        ->  Bitmap Index Scan on sbtest1_pkey  (cost=0.00..34.91 rows=1047 width=0)
	              Index Cond: ((id >= 1637576) AND (id <= 1638575))

table 2 : explain SELECT SUM(k) FROM sbtest2 WHERE id BETWEEN 9991987 AND 9992986
	Aggregate  (cost=4079.34..4079.35 rows=1 width=8)
	  ->  Bitmap Heap Scan on sbtest2  (cost=35.23..4076.71 rows=1053 width=4)
	        Recheck Cond: ((id >= 9991987) AND (id <= 9992986))
	        ->  Bitmap Index Scan on sbtest2_pkey  (cost=0.00..34.97 rows=1053 width=0)
	              Index Cond: ((id >= 9991987) AND (id <= 9992986))

table 3 : explain SELECT SUM(k) FROM sbtest3 WHERE id BETWEEN 8767806 AND 8768805
	Aggregate  (cost=3753.65..3753.66 rows=1 width=8)
	  ->  Bitmap Heap Scan on sbtest3  (cost=34.34..3751.23 rows=966 width=4)
	        Recheck Cond: ((id >= 8767806) AND (id <= 8768805))
	        ->  Bitmap Index Scan on sbtest3_pkey  (cost=0.00..34.09 rows=966 width=0)
	              Index Cond: ((id >= 8767806) AND (id <= 8768805))

table 4 : explain SELECT SUM(k) FROM sbtest4 WHERE id BETWEEN 1943689 AND 1944688
	Aggregate  (cost=4070.10..4070.11 rows=1 width=8)
	  ->  Bitmap Heap Scan on sbtest4  (cost=35.19..4067.48 rows=1049 width=4)
	        Recheck Cond: ((id >= 1943689) AND (id <= 1944688))
	        ->  Bitmap Index Scan on sbtest4_pkey  (cost=0.00..34.93 rows=1049 width=0)
	              Index Cond: ((id >= 1943689) AND (id <= 1944688))

table 5 : explain SELECT SUM(k) FROM sbtest5 WHERE id BETWEEN 4645913 AND 4646912
	Aggregate  (cost=4242.39..4242.40 rows=1 width=8)
	  ->  Bitmap Heap Scan on sbtest5  (cost=39.67..4239.65 rows=1096 width=4)
	        Recheck Cond: ((id >= 4645913) AND (id <= 4646912))
	        ->  Bitmap Index Scan on sbtest5_pkey  (cost=0.00..39.40 rows=1096 width=0)
	              Index Cond: ((id >= 4645913) AND (id <= 4646912))

table 6 : explain SELECT SUM(k) FROM sbtest6 WHERE id BETWEEN 6133252 AND 6134251
	Aggregate  (cost=3698.46..3698.47 rows=1 width=8)
	  ->  Bitmap Heap Scan on sbtest6  (cost=34.19..3696.08 rows=952 width=4)
	        Recheck Cond: ((id >= 6133252) AND (id <= 6134251))
	        ->  Bitmap Index Scan on sbtest6_pkey  (cost=0.00..33.95 rows=952 width=0)
	              Index Cond: ((id >= 6133252) AND (id <= 6134251))

table 7 : explain SELECT SUM(k) FROM sbtest7 WHERE id BETWEEN 5383293 AND 5384292
	Aggregate  (cost=3620.40..3620.41 rows=1 width=8)
	  ->  Bitmap Heap Scan on sbtest7  (cost=33.97..3618.08 rows=930 width=4)
	        Recheck Cond: ((id >= 5383293) AND (id <= 5384292))
	        ->  Bitmap Index Scan on sbtest7_pkey  (cost=0.00..33.73 rows=930 width=0)
	              Index Cond: ((id >= 5383293) AND (id <= 5384292))

table 8 : explain SELECT SUM(k) FROM sbtest8 WHERE id BETWEEN 9997082 AND 9998081
	Aggregate  (cost=3760.84..3760.85 rows=1 width=8)
	  ->  Index Scan using sbtest8_pkey on sbtest8  (cost=0.43..3758.44 rows=959 width=4)
	        Index Cond: ((id >= 9997082) AND (id <= 9998081))

for: sum_ranges
table 1 : explain SELECT SUM(k) FROM sbtest1 WHERE id BETWEEN 2570562 AND 2571561
	Aggregate  (cost=3986.08..3986.09 rows=1 width=8)
	  ->  Bitmap Heap Scan on sbtest1  (cost=34.97..3983.51 rows=1028 width=4)
	        Recheck Cond: ((id >= 2570562) AND (id <= 2571561))
	        ->  Bitmap Index Scan on sbtest1_pkey  (cost=0.00..34.72 rows=1028 width=0)
	              Index Cond: ((id >= 2570562) AND (id <= 2571561))

table 2 : explain SELECT SUM(k) FROM sbtest2 WHERE id BETWEEN 8642224 AND 8643223
	Aggregate  (cost=3803.96..3803.97 rows=1 width=8)
	  ->  Bitmap Heap Scan on sbtest2  (cost=34.48..3801.51 rows=980 width=4)
	        Recheck Cond: ((id >= 8642224) AND (id <= 8643223))
	        ->  Bitmap Index Scan on sbtest2_pkey  (cost=0.00..34.23 rows=980 width=0)
	              Index Cond: ((id >= 8642224) AND (id <= 8643223))

table 3 : explain SELECT SUM(k) FROM sbtest3 WHERE id BETWEEN 2114419 AND 2115418
	Aggregate  (cost=3836.84..3836.85 rows=1 width=8)
	  ->  Bitmap Heap Scan on sbtest3  (cost=34.56..3834.37 rows=988 width=4)
	        Recheck Cond: ((id >= 2114419) AND (id <= 2115418))
	        ->  Bitmap Index Scan on sbtest3_pkey  (cost=0.00..34.32 rows=988 width=0)
	              Index Cond: ((id >= 2114419) AND (id <= 2115418))

table 4 : explain SELECT SUM(k) FROM sbtest4 WHERE id BETWEEN 3930802 AND 3931801
	Aggregate  (cost=4081.43..4081.44 rows=1 width=8)
	  ->  Bitmap Heap Scan on sbtest4  (cost=35.22..4078.80 rows=1052 width=4)
	        Recheck Cond: ((id >= 3930802) AND (id <= 3931801))
	        ->  Bitmap Index Scan on sbtest4_pkey  (cost=0.00..34.95 rows=1052 width=0)
	              Index Cond: ((id >= 3930802) AND (id <= 3931801))

table 5 : explain SELECT SUM(k) FROM sbtest5 WHERE id BETWEEN 5161860 AND 5162859
	Aggregate  (cost=3790.23..3790.24 rows=1 width=8)
	  ->  Bitmap Heap Scan on sbtest5  (cost=34.45..3787.79 rows=977 width=4)
	        Recheck Cond: ((id >= 5161860) AND (id <= 5162859))
	        ->  Bitmap Index Scan on sbtest5_pkey  (cost=0.00..34.20 rows=977 width=0)
	              Index Cond: ((id >= 5161860) AND (id <= 5162859))

table 6 : explain SELECT SUM(k) FROM sbtest6 WHERE id BETWEEN 2620935 AND 2621934
	Aggregate  (cost=3951.51..3951.52 rows=1 width=8)
	  ->  Bitmap Heap Scan on sbtest6  (cost=34.88..3948.96 rows=1019 width=4)
	        Recheck Cond: ((id >= 2620935) AND (id <= 2621934))
	        ->  Bitmap Index Scan on sbtest6_pkey  (cost=0.00..34.62 rows=1019 width=0)
	              Index Cond: ((id >= 2620935) AND (id <= 2621934))

table 7 : explain SELECT SUM(k) FROM sbtest7 WHERE id BETWEEN 6027500 AND 6028499
	Aggregate  (cost=3847.71..3847.72 rows=1 width=8)
	  ->  Bitmap Heap Scan on sbtest7  (cost=34.58..3845.24 rows=990 width=4)
	        Recheck Cond: ((id >= 6027500) AND (id <= 6028499))
	        ->  Bitmap Index Scan on sbtest7_pkey  (cost=0.00..34.34 rows=990 width=0)
	              Index Cond: ((id >= 6027500) AND (id <= 6028499))

table 8 : explain SELECT SUM(k) FROM sbtest8 WHERE id BETWEEN 888875 AND 889874
	Aggregate  (cost=3593.15..3593.16 rows=1 width=8)
	  ->  Index Scan using sbtest8_pkey on sbtest8  (cost=0.43..3590.86 rows=916 width=4)
	        Index Cond: ((id >= 888875) AND (id <= 889874))

for: order_ranges
table 1 : explain SELECT c FROM sbtest1 WHERE id BETWEEN 502157 AND 503156 ORDER BY c
	Sort  (cost=3904.75..3907.24 rows=994 width=121)
	  Sort Key: c
	  ->  Bitmap Heap Scan on sbtest1  (cost=34.62..3855.27 rows=994 width=121)
	        Recheck Cond: ((id >= 502157) AND (id <= 503156))
	        ->  Bitmap Index Scan on sbtest1_pkey  (cost=0.00..34.38 rows=994 width=0)
	              Index Cond: ((id >= 502157) AND (id <= 503156))

table 2 : explain SELECT c FROM sbtest2 WHERE id BETWEEN 7714100 AND 7715099 ORDER BY c
	Sort  (cost=3842.53..3844.98 rows=978 width=121)
	  Sort Key: c
	  ->  Bitmap Heap Scan on sbtest2  (cost=34.46..3793.96 rows=978 width=121)
	        Recheck Cond: ((id >= 7714100) AND (id <= 7715099))
	        ->  Bitmap Index Scan on sbtest2_pkey  (cost=0.00..34.22 rows=978 width=0)
	              Index Cond: ((id >= 7714100) AND (id <= 7715099))

table 3 : explain SELECT c FROM sbtest3 WHERE id BETWEEN 8282286 AND 8283285 ORDER BY c
	Sort  (cost=3841.33..3843.77 rows=977 width=121)
	  Sort Key: c
	  ->  Bitmap Heap Scan on sbtest3  (cost=34.45..3792.81 rows=977 width=121)
	        Recheck Cond: ((id >= 8282286) AND (id <= 8283285))
	        ->  Bitmap Index Scan on sbtest3_pkey  (cost=0.00..34.20 rows=977 width=0)
	              Index Cond: ((id >= 8282286) AND (id <= 8283285))

table 4 : explain SELECT c FROM sbtest4 WHERE id BETWEEN 3294260 AND 3295259 ORDER BY c
	Sort  (cost=3682.57..3684.91 rows=935 width=121)
	  Sort Key: c
	  ->  Bitmap Heap Scan on sbtest4  (cost=34.02..3636.43 rows=935 width=121)
	        Recheck Cond: ((id >= 3294260) AND (id <= 3295259))
	        ->  Bitmap Index Scan on sbtest4_pkey  (cost=0.00..33.79 rows=935 width=0)
	              Index Cond: ((id >= 3294260) AND (id <= 3295259))

table 5 : explain SELECT c FROM sbtest5 WHERE id BETWEEN 6493264 AND 6494263 ORDER BY c
	Sort  (cost=4107.79..4110.41 rows=1048 width=121)
	  Sort Key: c
	  ->  Bitmap Heap Scan on sbtest5  (cost=35.18..4055.22 rows=1048 width=121)
	        Recheck Cond: ((id >= 6493264) AND (id <= 6494263))
	        ->  Bitmap Index Scan on sbtest5_pkey  (cost=0.00..34.92 rows=1048 width=0)
	              Index Cond: ((id >= 6493264) AND (id <= 6494263))

table 6 : explain SELECT c FROM sbtest6 WHERE id BETWEEN 6510401 AND 6511400 ORDER BY c
	Sort  (cost=3516.53..3518.76 rows=894 width=121)
	  Sort Key: c
	  ->  Bitmap Heap Scan on sbtest6  (cost=29.60..3472.70 rows=894 width=121)
	        Recheck Cond: ((id >= 6510401) AND (id <= 6511400))
	        ->  Bitmap Index Scan on sbtest6_pkey  (cost=0.00..29.37 rows=894 width=0)
	              Index Cond: ((id >= 6510401) AND (id <= 6511400))

table 7 : explain SELECT c FROM sbtest7 WHERE id BETWEEN 7812637 AND 7813636 ORDER BY c
	Sort  (cost=4090.15..4092.75 rows=1041 width=121)
	  Sort Key: c
	  ->  Bitmap Heap Scan on sbtest7  (cost=35.11..4037.97 rows=1041 width=121)
	        Recheck Cond: ((id >= 7812637) AND (id <= 7813636))
	        ->  Bitmap Index Scan on sbtest7_pkey  (cost=0.00..34.84 rows=1041 width=0)
	              Index Cond: ((id >= 7812637) AND (id <= 7813636))

table 8 : explain SELECT c FROM sbtest8 WHERE id BETWEEN 1545278 AND 1546277 ORDER BY c
	Sort  (cost=3916.67..3919.13 rows=987 width=121)
	  Sort Key: c
	  ->  Index Scan using sbtest8_pkey on sbtest8  (cost=0.43..3867.58 rows=987 width=121)
	        Index Cond: ((id >= 1545278) AND (id <= 1546277))

for: order_ranges
table 1 : explain SELECT c FROM sbtest1 WHERE id BETWEEN 2240912 AND 2241911 ORDER BY c
	Sort  (cost=4459.30..4462.15 rows=1139 width=121)
	  Sort Key: c
	  ->  Bitmap Heap Scan on sbtest1  (cost=40.11..4401.48 rows=1139 width=121)
	        Recheck Cond: ((id >= 2240912) AND (id <= 2241911))
	        ->  Bitmap Index Scan on sbtest1_pkey  (cost=0.00..39.83 rows=1139 width=0)
	              Index Cond: ((id >= 2240912) AND (id <= 2241911))

table 2 : explain SELECT c FROM sbtest2 WHERE id BETWEEN 5458816 AND 5459815 ORDER BY c
	Sort  (cost=4194.54..4197.21 rows=1070 width=121)
	  Sort Key: c
	  ->  Bitmap Heap Scan on sbtest2  (cost=35.40..4140.70 rows=1070 width=121)
	        Recheck Cond: ((id >= 5458816) AND (id <= 5459815))
	        ->  Bitmap Index Scan on sbtest2_pkey  (cost=0.00..35.14 rows=1070 width=0)
	              Index Cond: ((id >= 5458816) AND (id <= 5459815))

table 3 : explain SELECT c FROM sbtest3 WHERE id BETWEEN 7206515 AND 7207514 ORDER BY c
	Sort  (cost=3657.07..3659.39 rows=929 width=121)
	  Sort Key: c
	  ->  Bitmap Heap Scan on sbtest3  (cost=33.96..3611.27 rows=929 width=121)
	        Recheck Cond: ((id >= 7206515) AND (id <= 7207514))
	        ->  Bitmap Index Scan on sbtest3_pkey  (cost=0.00..33.73 rows=929 width=0)
	              Index Cond: ((id >= 7206515) AND (id <= 7207514))

table 4 : explain SELECT c FROM sbtest4 WHERE id BETWEEN 689099 AND 690098 ORDER BY c
	Sort  (cost=4005.12..4007.66 rows=1019 width=121)
	  Sort Key: c
	  ->  Bitmap Heap Scan on sbtest4  (cost=34.88..3954.20 rows=1019 width=121)
	        Recheck Cond: ((id >= 689099) AND (id <= 690098))
	        ->  Bitmap Index Scan on sbtest4_pkey  (cost=0.00..34.62 rows=1019 width=0)
	              Index Cond: ((id >= 689099) AND (id <= 690098))

table 5 : explain SELECT c FROM sbtest5 WHERE id BETWEEN 8539374 AND 8540373 ORDER BY c
	Sort  (cost=3771.21..3773.61 rows=960 width=121)
	  Sort Key: c
	  ->  Bitmap Heap Scan on sbtest5  (cost=34.28..3723.66 rows=960 width=121)
	        Recheck Cond: ((id >= 8539374) AND (id <= 8540373))
	        ->  Bitmap Index Scan on sbtest5_pkey  (cost=0.00..34.04 rows=960 width=0)
	              Index Cond: ((id >= 8539374) AND (id <= 8540373))

table 6 : explain SELECT c FROM sbtest6 WHERE id BETWEEN 4213653 AND 4214652 ORDER BY c
	Sort  (cost=3999.87..4002.42 rows=1019 width=121)
	  Sort Key: c
	  ->  Bitmap Heap Scan on sbtest6  (cost=34.88..3948.96 rows=1019 width=121)
	        Recheck Cond: ((id >= 4213653) AND (id <= 4214652))
	        ->  Bitmap Index Scan on sbtest6_pkey  (cost=0.00..34.62 rows=1019 width=0)
	              Index Cond: ((id >= 4213653) AND (id <= 4214652))

table 7 : explain SELECT c FROM sbtest7 WHERE id BETWEEN 6451679 AND 6452678 ORDER BY c
	Sort  (cost=4511.33..4514.21 rows=1150 width=121)
	  Sort Key: c
	  ->  Bitmap Heap Scan on sbtest7  (cost=40.22..4452.87 rows=1150 width=121)
	        Recheck Cond: ((id >= 6451679) AND (id <= 6452678))
	        ->  Bitmap Index Scan on sbtest7_pkey  (cost=0.00..39.94 rows=1150 width=0)
	              Index Cond: ((id >= 6451679) AND (id <= 6452678))

table 8 : explain SELECT c FROM sbtest8 WHERE id BETWEEN 5415049 AND 5416048 ORDER BY c
	Sort  (cost=3782.22..3784.60 rows=953 width=121)
	  Sort Key: c
	  ->  Index Scan using sbtest8_pkey on sbtest8  (cost=0.43..3735.06 rows=953 width=121)
	        Index Cond: ((id >= 5415049) AND (id <= 5416048))

for: distinct_ranges
table 1 : explain SELECT DISTINCT c FROM sbtest1 WHERE id BETWEEN 2269347 AND 2270346 ORDER BY c
	Unique  (cost=4459.30..4465.00 rows=1139 width=121)
	  ->  Sort  (cost=4459.30..4462.15 rows=1139 width=121)
	        Sort Key: c
	        ->  Bitmap Heap Scan on sbtest1  (cost=40.11..4401.48 rows=1139 width=121)
	              Recheck Cond: ((id >= 2269347) AND (id <= 2270346))
	              ->  Bitmap Index Scan on sbtest1_pkey  (cost=0.00..39.83 rows=1139 width=0)
	                    Index Cond: ((id >= 2269347) AND (id <= 2270346))

table 2 : explain SELECT DISTINCT c FROM sbtest2 WHERE id BETWEEN 4379547 AND 4380546 ORDER BY c
	Unique  (cost=3815.71..3820.56 rows=971 width=121)
	  ->  Sort  (cost=3815.71..3818.14 rows=971 width=121)
	        Sort Key: c
	        ->  Bitmap Heap Scan on sbtest2  (cost=34.39..3767.53 rows=971 width=121)
	              Recheck Cond: ((id >= 4379547) AND (id <= 4380546))
	              ->  Bitmap Index Scan on sbtest2_pkey  (cost=0.00..34.15 rows=971 width=0)
	                    Index Cond: ((id >= 4379547) AND (id <= 4380546))

table 3 : explain SELECT DISTINCT c FROM sbtest3 WHERE id BETWEEN 7674084 AND 7675083 ORDER BY c
	Unique  (cost=3714.68..3719.40 rows=944 width=121)
	  ->  Sort  (cost=3714.68..3717.04 rows=944 width=121)
	        Sort Key: c
	        ->  Bitmap Heap Scan on sbtest3  (cost=34.11..3668.03 rows=944 width=121)
	              Recheck Cond: ((id >= 7674084) AND (id <= 7675083))
	              ->  Bitmap Index Scan on sbtest3_pkey  (cost=0.00..33.88 rows=944 width=0)
	                    Index Cond: ((id >= 7674084) AND (id <= 7675083))

table 4 : explain SELECT DISTINCT c FROM sbtest4 WHERE id BETWEEN 1476531 AND 1477530 ORDER BY c
	Unique  (cost=3459.22..3463.61 rows=878 width=121)
	  ->  Sort  (cost=3459.22..3461.42 rows=878 width=121)
	        Sort Key: c
	        ->  Bitmap Heap Scan on sbtest4  (cost=29.43..3416.30 rows=878 width=121)
	              Recheck Cond: ((id >= 1476531) AND (id <= 1477530))
	              ->  Bitmap Index Scan on sbtest4_pkey  (cost=0.00..29.21 rows=878 width=0)
	                    Index Cond: ((id >= 1476531) AND (id <= 1477530))

table 5 : explain SELECT DISTINCT c FROM sbtest5 WHERE id BETWEEN 8041491 AND 8042490 ORDER BY c
	Unique  (cost=3962.57..3967.62 rows=1010 width=121)
	  ->  Sort  (cost=3962.57..3965.09 rows=1010 width=121)
	        Sort Key: c
	        ->  Bitmap Heap Scan on sbtest5  (cost=34.79..3912.17 rows=1010 width=121)
	              Recheck Cond: ((id >= 8041491) AND (id <= 8042490))
	              ->  Bitmap Index Scan on sbtest5_pkey  (cost=0.00..34.54 rows=1010 width=0)
	                    Index Cond: ((id >= 8041491) AND (id <= 8042490))

table 6 : explain SELECT DISTINCT c FROM sbtest6 WHERE id BETWEEN 2930954 AND 2931953 ORDER BY c
	Unique  (cost=3980.74..3985.81 rows=1014 width=121)
	  ->  Sort  (cost=3980.74..3983.27 rows=1014 width=121)
	        Sort Key: c
	        ->  Bitmap Heap Scan on sbtest6  (cost=34.83..3930.11 rows=1014 width=121)
	              Recheck Cond: ((id >= 2930954) AND (id <= 2931953))
	              ->  Bitmap Index Scan on sbtest6_pkey  (cost=0.00..34.58 rows=1014 width=0)
	                    Index Cond: ((id >= 2930954) AND (id <= 2931953))

table 7 : explain SELECT DISTINCT c FROM sbtest7 WHERE id BETWEEN 4511997 AND 4512996 ORDER BY c
	Unique  (cost=3840.73..3845.61 rows=976 width=121)
	  ->  Sort  (cost=3840.73..3843.17 rows=976 width=121)
	        Sort Key: c
	        ->  Bitmap Heap Scan on sbtest7  (cost=34.44..3792.27 rows=976 width=121)
	              Recheck Cond: ((id >= 4511997) AND (id <= 4512996))
	              ->  Bitmap Index Scan on sbtest7_pkey  (cost=0.00..34.20 rows=976 width=0)
	                    Index Cond: ((id >= 4511997) AND (id <= 4512996))

table 8 : explain SELECT DISTINCT c FROM sbtest8 WHERE id BETWEEN 6328670 AND 6329669 ORDER BY c
	Unique  (cost=4027.10..4032.22 rows=1025 width=121)
	  ->  Sort  (cost=4027.10..4029.66 rows=1025 width=121)
	        Sort Key: c
	        ->  Bitmap Heap Scan on sbtest8  (cost=34.94..3975.84 rows=1025 width=121)
	              Recheck Cond: ((id >= 6328670) AND (id <= 6329669))
	              ->  Bitmap Index Scan on sbtest8_pkey  (cost=0.00..34.69 rows=1025 width=0)
	                    Index Cond: ((id >= 6328670) AND (id <= 6329669))

for: order_ranges
table 1 : explain SELECT c FROM sbtest1 WHERE id BETWEEN 6095585 AND 6096584 ORDER BY c
	Sort  (cost=3870.27..3872.73 rows=985 width=121)
	  Sort Key: c
	  ->  Bitmap Heap Scan on sbtest1  (cost=34.53..3821.29 rows=985 width=121)
	        Recheck Cond: ((id >= 6095585) AND (id <= 6096584))
	        ->  Bitmap Index Scan on sbtest1_pkey  (cost=0.00..34.29 rows=985 width=0)
	              Index Cond: ((id >= 6095585) AND (id <= 6096584))

table 2 : explain SELECT c FROM sbtest2 WHERE id BETWEEN 3083533 AND 3084532 ORDER BY c
	Sort  (cost=3957.43..3959.95 rows=1008 width=121)
	  Sort Key: c
	  ->  Bitmap Heap Scan on sbtest2  (cost=34.77..3907.14 rows=1008 width=121)
	        Recheck Cond: ((id >= 3083533) AND (id <= 3084532))
	        ->  Bitmap Index Scan on sbtest2_pkey  (cost=0.00..34.52 rows=1008 width=0)
	              Index Cond: ((id >= 3083533) AND (id <= 3084532))

table 3 : explain SELECT c FROM sbtest3 WHERE id BETWEEN 9856571 AND 9857570 ORDER BY c
	Sort  (cost=3630.18..3632.48 rows=922 width=121)
	  Sort Key: c
	  ->  Bitmap Heap Scan on sbtest3  (cost=33.89..3584.78 rows=922 width=121)
	        Recheck Cond: ((id >= 9856571) AND (id <= 9857570))
	        ->  Bitmap Index Scan on sbtest3_pkey  (cost=0.00..33.66 rows=922 width=0)
	              Index Cond: ((id >= 9856571) AND (id <= 9857570))

table 4 : explain SELECT c FROM sbtest4 WHERE id BETWEEN 971599 AND 972598 ORDER BY c
	Sort  (cost=3721.01..3723.38 rows=945 width=121)
	  Sort Key: c
	  ->  Bitmap Heap Scan on sbtest4  (cost=34.12..3674.31 rows=945 width=121)
	        Recheck Cond: ((id >= 971599) AND (id <= 972598))
	        ->  Bitmap Index Scan on sbtest4_pkey  (cost=0.00..33.89 rows=945 width=0)
	              Index Cond: ((id >= 971599) AND (id <= 972598))

table 5 : explain SELECT c FROM sbtest5 WHERE id BETWEEN 4874413 AND 4875412 ORDER BY c
	Sort  (cost=3882.23..3884.71 rows=989 width=121)
	  Sort Key: c
	  ->  Bitmap Heap Scan on sbtest5  (cost=34.57..3833.03 rows=989 width=121)
	        Recheck Cond: ((id >= 4874413) AND (id <= 4875412))
	        ->  Bitmap Index Scan on sbtest5_pkey  (cost=0.00..34.33 rows=989 width=0)
	              Index Cond: ((id >= 4874413) AND (id <= 4875412))

table 6 : explain SELECT c FROM sbtest6 WHERE id BETWEEN 9642131 AND 9643130 ORDER BY c
	Sort  (cost=3904.16..3906.64 rows=994 width=121)
	  Sort Key: c
	  ->  Bitmap Heap Scan on sbtest6  (cost=34.62..3854.67 rows=994 width=121)
	        Recheck Cond: ((id >= 9642131) AND (id <= 9643130))
	        ->  Bitmap Index Scan on sbtest6_pkey  (cost=0.00..34.38 rows=994 width=0)
	              Index Cond: ((id >= 9642131) AND (id <= 9643130))

table 7 : explain SELECT c FROM sbtest7 WHERE id BETWEEN 3909853 AND 3910852 ORDER BY c
	Sort  (cost=3702.39..3704.74 rows=940 width=121)
	  Sort Key: c
	  ->  Bitmap Heap Scan on sbtest7  (cost=34.07..3655.97 rows=940 width=121)
	        Recheck Cond: ((id >= 3909853) AND (id <= 3910852))
	        ->  Bitmap Index Scan on sbtest7_pkey  (cost=0.00..33.84 rows=940 width=0)
	              Index Cond: ((id >= 3909853) AND (id <= 3910852))

table 8 : explain SELECT c FROM sbtest8 WHERE id BETWEEN 7526897 AND 7527896 ORDER BY c
	Sort  (cost=4218.59..4221.28 rows=1075 width=121)
	  Sort Key: c
	  ->  Bitmap Heap Scan on sbtest8  (cost=35.45..4164.46 rows=1075 width=121)
	        Recheck Cond: ((id >= 7526897) AND (id <= 7527896))
	        ->  Bitmap Index Scan on sbtest8_pkey  (cost=0.00..35.19 rows=1075 width=0)
	              Index Cond: ((id >= 7526897) AND (id <= 7527896))

for: distinct_ranges
table 1 : explain SELECT DISTINCT c FROM sbtest1 WHERE id BETWEEN 5762557 AND 5763556 ORDER BY c
	Unique  (cost=4145.88..4151.16 rows=1057 width=121)
	  ->  Sort  (cost=4145.88..4148.52 rows=1057 width=121)
	        Sort Key: c
	        ->  Bitmap Heap Scan on sbtest1  (cost=35.27..4092.78 rows=1057 width=121)
	              Recheck Cond: ((id >= 5762557) AND (id <= 5763556))
	              ->  Bitmap Index Scan on sbtest1_pkey  (cost=0.00..35.01 rows=1057 width=0)
	                    Index Cond: ((id >= 5762557) AND (id <= 5763556))

table 2 : explain SELECT DISTINCT c FROM sbtest2 WHERE id BETWEEN 9444987 AND 9445986 ORDER BY c
	Unique  (cost=3965.08..3970.13 rows=1010 width=121)
	  ->  Sort  (cost=3965.08..3967.61 rows=1010 width=121)
	        Sort Key: c
	        ->  Bitmap Heap Scan on sbtest2  (cost=34.79..3914.68 rows=1010 width=121)
	              Recheck Cond: ((id >= 9444987) AND (id <= 9445986))
	              ->  Bitmap Index Scan on sbtest2_pkey  (cost=0.00..34.54 rows=1010 width=0)
	                    Index Cond: ((id >= 9444987) AND (id <= 9445986))

table 3 : explain SELECT DISTINCT c FROM sbtest3 WHERE id BETWEEN 1526086 AND 1527085 ORDER BY c
	Unique  (cost=3906.52..3911.49 rows=994 width=121)
	  ->  Sort  (cost=3906.52..3909.00 rows=994 width=121)
	        Sort Key: c
	        ->  Bitmap Heap Scan on sbtest3  (cost=34.62..3857.03 rows=994 width=121)
	              Recheck Cond: ((id >= 1526086) AND (id <= 1527085))
	              ->  Bitmap Index Scan on sbtest3_pkey  (cost=0.00..34.38 rows=994 width=0)
	                    Index Cond: ((id >= 1526086) AND (id <= 1527085))

table 4 : explain SELECT DISTINCT c FROM sbtest4 WHERE id BETWEEN 3272892 AND 3273891 ORDER BY c
	Unique  (cost=3682.57..3687.25 rows=935 width=121)
	  ->  Sort  (cost=3682.57..3684.91 rows=935 width=121)
	        Sort Key: c
	        ->  Bitmap Heap Scan on sbtest4  (cost=34.02..3636.43 rows=935 width=121)
	              Recheck Cond: ((id >= 3272892) AND (id <= 3273891))
	              ->  Bitmap Index Scan on sbtest4_pkey  (cost=0.00..33.79 rows=935 width=0)
	                    Index Cond: ((id >= 3272892) AND (id <= 3273891))

table 5 : explain SELECT DISTINCT c FROM sbtest5 WHERE id BETWEEN 146554 AND 147553 ORDER BY c
	Unique  (cost=3974.04..3979.10 rows=1013 width=121)
	  ->  Sort  (cost=3974.04..3976.57 rows=1013 width=121)
	        Sort Key: c
	        ->  Bitmap Heap Scan on sbtest5  (cost=34.82..3923.47 rows=1013 width=121)
	              Recheck Cond: ((id >= 146554) AND (id <= 147553))
	              ->  Bitmap Index Scan on sbtest5_pkey  (cost=0.00..34.57 rows=1013 width=0)
	                    Index Cond: ((id >= 146554) AND (id <= 147553))

table 6 : explain SELECT DISTINCT c FROM sbtest6 WHERE id BETWEEN 3140600 AND 3141599 ORDER BY c
	Unique  (cost=3862.02..3866.93 rows=983 width=121)
	  ->  Sort  (cost=3862.02..3864.47 rows=983 width=121)
	        Sort Key: c
	        ->  Bitmap Heap Scan on sbtest6  (cost=34.51..3813.16 rows=983 width=121)
	              Recheck Cond: ((id >= 3140600) AND (id <= 3141599))
	              ->  Bitmap Index Scan on sbtest6_pkey  (cost=0.00..34.27 rows=983 width=0)
	                    Index Cond: ((id >= 3140600) AND (id <= 3141599))

table 7 : explain SELECT DISTINCT c FROM sbtest7 WHERE id BETWEEN 7653515 AND 7654514 ORDER BY c
	Unique  (cost=3998.11..4003.20 rows=1017 width=121)
	  ->  Sort  (cost=3998.11..4000.66 rows=1017 width=121)
	        Sort Key: c
	        ->  Bitmap Heap Scan on sbtest7  (cost=34.86..3947.31 rows=1017 width=121)
	              Recheck Cond: ((id >= 7653515) AND (id <= 7654514))
	              ->  Bitmap Index Scan on sbtest7_pkey  (cost=0.00..34.61 rows=1017 width=0)
	                    Index Cond: ((id >= 7653515) AND (id <= 7654514))

table 8 : explain SELECT DISTINCT c FROM sbtest8 WHERE id BETWEEN 4730988 AND 4731987 ORDER BY c
	Unique  (cost=3865.27..3870.14 rows=974 width=121)
	  ->  Sort  (cost=3865.27..3867.71 rows=974 width=121)
	        Sort Key: c
	        ->  Index Scan using sbtest8_pkey on sbtest8  (cost=0.43..3816.92 rows=974 width=121)
	              Index Cond: ((id >= 4730988) AND (id <= 4731987))

for: distinct_ranges
table 1 : explain SELECT DISTINCT c FROM sbtest1 WHERE id BETWEEN 7087745 AND 7088744 ORDER BY c
	Unique  (cost=3824.27..3829.14 rows=973 width=121)
	  ->  Sort  (cost=3824.27..3826.71 rows=973 width=121)
	        Sort Key: c
	        ->  Bitmap Heap Scan on sbtest1  (cost=34.41..3775.98 rows=973 width=121)
	              Recheck Cond: ((id >= 7087745) AND (id <= 7088744))
	              ->  Bitmap Index Scan on sbtest1_pkey  (cost=0.00..34.17 rows=973 width=0)
	                    Index Cond: ((id >= 7087745) AND (id <= 7088744))

table 2 : explain SELECT DISTINCT c FROM sbtest2 WHERE id BETWEEN 4817109 AND 4818108 ORDER BY c
	Unique  (cost=4095.16..4100.38 rows=1044 width=121)
	  ->  Sort  (cost=4095.16..4097.77 rows=1044 width=121)
	        Sort Key: c
	        ->  Bitmap Heap Scan on sbtest2  (cost=35.14..4042.81 rows=1044 width=121)
	              Recheck Cond: ((id >= 4817109) AND (id <= 4818108))
	              ->  Bitmap Index Scan on sbtest2_pkey  (cost=0.00..34.88 rows=1044 width=0)
	                    Index Cond: ((id >= 4817109) AND (id <= 4818108))

table 3 : explain SELECT DISTINCT c FROM sbtest3 WHERE id BETWEEN 7304641 AND 7305640 ORDER BY c
	Unique  (cost=3944.85..3949.87 rows=1004 width=121)
	  ->  Sort  (cost=3944.85..3947.36 rows=1004 width=121)
	        Sort Key: c
	        ->  Bitmap Heap Scan on sbtest3  (cost=34.73..3894.79 rows=1004 width=121)
	              Recheck Cond: ((id >= 7304641) AND (id <= 7305640))
	              ->  Bitmap Index Scan on sbtest3_pkey  (cost=0.00..34.48 rows=1004 width=0)
	                    Index Cond: ((id >= 7304641) AND (id <= 7305640))

table 4 : explain SELECT DISTINCT c FROM sbtest4 WHERE id BETWEEN 4750164 AND 4751163 ORDER BY c
	Unique  (cost=4024.29..4029.41 rows=1024 width=121)
	  ->  Sort  (cost=4024.29..4026.85 rows=1024 width=121)
	        Sort Key: c
	        ->  Bitmap Heap Scan on sbtest4  (cost=34.93..3973.09 rows=1024 width=121)
	              Recheck Cond: ((id >= 4750164) AND (id <= 4751163))
	              ->  Bitmap Index Scan on sbtest4_pkey  (cost=0.00..34.68 rows=1024 width=0)
	                    Index Cond: ((id >= 4750164) AND (id <= 4751163))

table 5 : explain SELECT DISTINCT c FROM sbtest5 WHERE id BETWEEN 1216382 AND 1217381 ORDER BY c
	Unique  (cost=3886.06..3891.01 rows=990 width=121)
	  ->  Sort  (cost=3886.06..3888.54 rows=990 width=121)
	        Sort Key: c
	        ->  Bitmap Heap Scan on sbtest5  (cost=34.58..3836.80 rows=990 width=121)
	              Recheck Cond: ((id >= 1216382) AND (id <= 1217381))
	              ->  Bitmap Index Scan on sbtest5_pkey  (cost=0.00..34.34 rows=990 width=0)
	                    Index Cond: ((id >= 1216382) AND (id <= 1217381))

table 6 : explain SELECT DISTINCT c FROM sbtest6 WHERE id BETWEEN 7924719 AND 7925718 ORDER BY c
	Unique  (cost=3862.02..3866.93 rows=983 width=121)
	  ->  Sort  (cost=3862.02..3864.47 rows=983 width=121)
	        Sort Key: c
	        ->  Bitmap Heap Scan on sbtest6  (cost=34.51..3813.16 rows=983 width=121)
	              Recheck Cond: ((id >= 7924719) AND (id <= 7925718))
	              ->  Bitmap Index Scan on sbtest6_pkey  (cost=0.00..34.27 rows=983 width=0)
	                    Index Cond: ((id >= 7924719) AND (id <= 7925718))

table 7 : explain SELECT DISTINCT c FROM sbtest7 WHERE id BETWEEN 7735247 AND 7736246 ORDER BY c
	Unique  (cost=4090.15..4095.35 rows=1041 width=121)
	  ->  Sort  (cost=4090.15..4092.75 rows=1041 width=121)
	        Sort Key: c
	        ->  Bitmap Heap Scan on sbtest7  (cost=35.11..4037.97 rows=1041 width=121)
	              Recheck Cond: ((id >= 7735247) AND (id <= 7736246))
	              ->  Bitmap Index Scan on sbtest7_pkey  (cost=0.00..34.84 rows=1041 width=0)
	                    Index Cond: ((id >= 7735247) AND (id <= 7736246))

table 8 : explain SELECT DISTINCT c FROM sbtest8 WHERE id BETWEEN 1850708 AND 1851707 ORDER BY c
	Unique  (cost=3916.67..3921.60 rows=987 width=121)
	  ->  Sort  (cost=3916.67..3919.13 rows=987 width=121)
	        Sort Key: c
	        ->  Index Scan using sbtest8_pkey on sbtest8  (cost=0.43..3867.58 rows=987 width=121)
	              Index Cond: ((id >= 1850708) AND (id <= 1851707))

Threads started!

Warming up for 5 seconds...

SQL statistics:
    queries performed:
        read:                            130678195
        write:                           0
        other:                           23759700
        total:                           154437895
    transactions:                        11879870 (18856.73 per sec.)
    queries:                             154437895 (245136.87 per sec.)
    ignored errors:                      0      (0.00 per sec.)
    reconnects:                          0      (0.00 per sec.)

Throughput:
    events/s (eps):                      18856.7330
    time elapsed:                        630.0069s
    total number of events:              11879870

Latency (ms):
         min:                                    0.52
         avg:                                    2.12
         max:                                   26.08
         95th percentile:                        2.26
         sum:                             25186984.75

Threads fairness:
    events (avg/stddev):           296996.3500/904.47
    execution time (avg/stddev):   629.6746/0.01

