LUA_PATH=/home/mdcallag/git/mytools/bench/sysbench.lua/lua/?.lua /home/mdcallag/git/mytools/bench/sysbench.lua/lua/sysbench --db-driver=pgsql --range-size=10000 --table-size=10000000 --tables=8 --threads=40 --events=0 --warmup-time=5 --time=630 --pgsql_conn_id=true /home/mdcallag/git/mytools/bench/sysbench.lua/lua/oltp_read_only.lua run --pgsql-user=root --pgsql-password=pw --pgsql-host=127.0.0.1 --pgsql-db=ib --rand-type=uniform
48 CPUs
sysbench 1.1.0-9072687 (using bundled LuaJIT 2.1.0-beta3)

Running the test with following options:
Number of threads: 40
Warmup time: 5s
Initializing random number generator from current time


Initializing worker threads...

explain: for point_selects :: explain SELECT c FROM sbtest%u WHERE id=%u
explain: for point_selects :: explain SELECT c FROM sbtest%u WHERE id=%u
explain: for point_selects :: explain SELECT c FROM sbtest%u WHERE id=%u
for point_selects
table 1 : explain SELECT c FROM sbtest1 WHERE id=10866
	Index Scan using sbtest1_pkey on sbtest1  (cost=0.43..8.45 rows=1 width=121)
	  Index Cond: (id = 10866)

table 2 : explain SELECT c FROM sbtest2 WHERE id=1453587
	Index Scan using sbtest2_pkey on sbtest2  (cost=0.43..8.45 rows=1 width=121)
	  Index Cond: (id = 1453587)

table 3 : explain SELECT c FROM sbtest3 WHERE id=4734200
	Index Scan using sbtest3_pkey on sbtest3  (cost=0.43..8.45 rows=1 width=121)
	  Index Cond: (id = 4734200)

table 4 : explain SELECT c FROM sbtest4 WHERE id=9520761
	Index Scan using sbtest4_pkey on sbtest4  (cost=0.43..8.45 rows=1 width=121)
	  Index Cond: (id = 9520761)

table 5 : explain SELECT c FROM sbtest5 WHERE id=2139570
	Index Scan using sbtest5_pkey on sbtest5  (cost=0.43..8.45 rows=1 width=121)
	  Index Cond: (id = 2139570)

table 6 : explain SELECT c FROM sbtest6 WHERE id=3078701
	Index Scan using sbtest6_pkey on sbtest6  (cost=0.43..8.45 rows=1 width=121)
	  Index Cond: (id = 3078701)

table 7 : explain SELECT c FROM sbtest7 WHERE id=9986311
	Index Scan using sbtest7_pkey on sbtest7  (cost=0.43..8.45 rows=1 width=121)
	  Index Cond: (id = 9986311)

table 8 : explain SELECT c FROM sbtest8 WHERE id=2204164
	Index Scan using sbtest8_pkey on sbtest8  (cost=0.43..8.45 rows=1 width=121)
	  Index Cond: (id = 2204164)

for point_selects
table 1 : explain SELECT c FROM sbtest1 WHERE id=6599803
	Index Scan using sbtest1_pkey on sbtest1  (cost=0.43..8.45 rows=1 width=121)
	  Index Cond: (id = 6599803)

table 2 : explain SELECT c FROM sbtest2 WHERE id=5192719
	Index Scan using sbtest2_pkey on sbtest2  (cost=0.43..8.45 rows=1 width=121)
	  Index Cond: (id = 5192719)

table 3 : explain SELECT c FROM sbtest3 WHERE id=4117252
	Index Scan using sbtest3_pkey on sbtest3  (cost=0.43..8.45 rows=1 width=121)
	  Index Cond: (id = 4117252)

table 4 : explain SELECT c FROM sbtest4 WHERE id=9032778
	Index Scan using sbtest4_pkey on sbtest4  (cost=0.43..8.45 rows=1 width=121)
	  Index Cond: (id = 9032778)

table 5 : explain SELECT c FROM sbtest5 WHERE id=3762132
	Index Scan using sbtest5_pkey on sbtest5  (cost=0.43..8.45 rows=1 width=121)
	  Index Cond: (id = 3762132)

table 6 : explain SELECT c FROM sbtest6 WHERE id=4199269
	Index Scan using sbtest6_pkey on sbtest6  (cost=0.43..8.45 rows=1 width=121)
	  Index Cond: (id = 4199269)

table 7 : explain SELECT c FROM sbtest7 WHERE id=1044631
	Index Scan using sbtest7_pkey on sbtest7  (cost=0.43..8.45 rows=1 width=121)
	  Index Cond: (id = 1044631)

table 8 : explain SELECT c FROM sbtest8 WHERE id=6204577
	Index Scan using sbtest8_pkey on sbtest8  (cost=0.43..8.45 rows=1 width=121)
	  Index Cond: (id = 6204577)

for point_selects
table 1 : explain SELECT c FROM sbtest1 WHERE id=3973939
	Index Scan using sbtest1_pkey on sbtest1  (cost=0.43..8.45 rows=1 width=121)
	  Index Cond: (id = 3973939)

table 2 : explain SELECT c FROM sbtest2 WHERE id=972268
	Index Scan using sbtest2_pkey on sbtest2  (cost=0.43..8.45 rows=1 width=121)
	  Index Cond: (id = 972268)

table 3 : explain SELECT c FROM sbtest3 WHERE id=7967483
	Index Scan using sbtest3_pkey on sbtest3  (cost=0.43..8.45 rows=1 width=121)
	  Index Cond: (id = 7967483)

table 4 : explain SELECT c FROM sbtest4 WHERE id=6168985
	Index Scan using sbtest4_pkey on sbtest4  (cost=0.43..8.45 rows=1 width=121)
	  Index Cond: (id = 6168985)

table 5 : explain SELECT c FROM sbtest5 WHERE id=4515818
	Index Scan using sbtest5_pkey on sbtest5  (cost=0.43..8.45 rows=1 width=121)
	  Index Cond: (id = 4515818)

table 6 : explain SELECT c FROM sbtest6 WHERE id=3884240
	Index Scan using sbtest6_pkey on sbtest6  (cost=0.43..8.45 rows=1 width=121)
	  Index Cond: (id = 3884240)

table 7 : explain SELECT c FROM sbtest7 WHERE id=8263641
	Index Scan using sbtest7_pkey on sbtest7  (cost=0.43..8.45 rows=1 width=121)
	  Index Cond: (id = 8263641)

table 8 : explain SELECT c FROM sbtest8 WHERE id=9745054
	Index Scan using sbtest8_pkey on sbtest8  (cost=0.43..8.45 rows=1 width=121)
	  Index Cond: (id = 9745054)

for: simple_ranges
table 1 : explain SELECT c FROM sbtest1 WHERE id BETWEEN 3497183 AND 3507182
	Bitmap Heap Scan on sbtest1  (cost=358.07..38068.07 rows=11086 width=121)
	  Recheck Cond: ((id >= 3497183) AND (id <= 3507182))
	  ->  Bitmap Index Scan on sbtest1_pkey  (cost=0.00..355.30 rows=11086 width=0)
	        Index Cond: ((id >= 3497183) AND (id <= 3507182))

table 2 : explain SELECT c FROM sbtest2 WHERE id BETWEEN 2271824 AND 2281823
	Bitmap Heap Scan on sbtest2  (cost=317.15..34082.88 rows=9826 width=121)
	  Recheck Cond: ((id >= 2271824) AND (id <= 2281823))
	  ->  Bitmap Index Scan on sbtest2_pkey  (cost=0.00..314.69 rows=9826 width=0)
	        Index Cond: ((id >= 2271824) AND (id <= 2281823))

table 3 : explain SELECT c FROM sbtest3 WHERE id BETWEEN 8576589 AND 8586588
	Bitmap Heap Scan on sbtest3  (cost=333.84..35628.84 rows=10283 width=121)
	  Recheck Cond: ((id >= 8576589) AND (id <= 8586588))
	  ->  Bitmap Index Scan on sbtest3_pkey  (cost=0.00..331.26 rows=10283 width=0)
	        Index Cond: ((id >= 8576589) AND (id <= 8586588))

table 4 : explain SELECT c FROM sbtest4 WHERE id BETWEEN 4305866 AND 4315865
	Bitmap Heap Scan on sbtest4  (cost=316.12..33955.79 rows=9725 width=121)
	  Recheck Cond: ((id >= 4305866) AND (id <= 4315865))
	  ->  Bitmap Index Scan on sbtest4_pkey  (cost=0.00..313.69 rows=9725 width=0)
	        Index Cond: ((id >= 4305866) AND (id <= 4315865))

table 5 : explain SELECT c FROM sbtest5 WHERE id BETWEEN 8077740 AND 8087739
	Bitmap Heap Scan on sbtest5  (cost=328.01..34869.73 rows=10105 width=121)
	  Recheck Cond: ((id >= 8077740) AND (id <= 8087739))
	  ->  Bitmap Index Scan on sbtest5_pkey  (cost=0.00..325.49 rows=10105 width=0)
	        Index Cond: ((id >= 8077740) AND (id <= 8087739))

table 6 : explain SELECT c FROM sbtest6 WHERE id BETWEEN 4059986 AND 4069985
	Bitmap Heap Scan on sbtest6  (cost=327.62..34857.84 rows=10067 width=121)
	  Recheck Cond: ((id >= 4059986) AND (id <= 4069985))
	  ->  Bitmap Index Scan on sbtest6_pkey  (cost=0.00..325.11 rows=10067 width=0)
	        Index Cond: ((id >= 4059986) AND (id <= 4069985))

table 7 : explain SELECT c FROM sbtest7 WHERE id BETWEEN 9160426 AND 9170425
	Bitmap Heap Scan on sbtest7  (cost=299.70..32593.02 rows=9294 width=121)
	  Recheck Cond: ((id >= 9160426) AND (id <= 9170425))
	  ->  Bitmap Index Scan on sbtest7_pkey  (cost=0.00..297.38 rows=9294 width=0)
	        Index Cond: ((id >= 9160426) AND (id <= 9170425))

table 8 : explain SELECT c FROM sbtest8 WHERE id BETWEEN 1674021 AND 1684020
	Bitmap Heap Scan on sbtest8  (cost=309.76..33187.46 rows=9495 width=121)
	  Recheck Cond: ((id >= 1674021) AND (id <= 1684020))
	  ->  Bitmap Index Scan on sbtest8_pkey  (cost=0.00..307.38 rows=9495 width=0)
	        Index Cond: ((id >= 1674021) AND (id <= 1684020))

for: simple_ranges
table 1 : explain SELECT c FROM sbtest1 WHERE id BETWEEN 9615584 AND 9625583
	Bitmap Heap Scan on sbtest1  (cost=346.05..36846.75 rows=10694 width=121)
	  Recheck Cond: ((id >= 9615584) AND (id <= 9625583))
	  ->  Bitmap Index Scan on sbtest1_pkey  (cost=0.00..343.38 rows=10694 width=0)
	        Index Cond: ((id >= 9615584) AND (id <= 9625583))

table 2 : explain SELECT c FROM sbtest2 WHERE id BETWEEN 2655521 AND 2665520
	Bitmap Heap Scan on sbtest2  (cost=298.35..31974.06 rows=9162 width=121)
	  Recheck Cond: ((id >= 2655521) AND (id <= 2665520))
	  ->  Bitmap Index Scan on sbtest2_pkey  (cost=0.00..296.06 rows=9162 width=0)
	        Index Cond: ((id >= 2655521) AND (id <= 2665520))

table 3 : explain SELECT c FROM sbtest3 WHERE id BETWEEN 7439537 AND 7449536
	Bitmap Heap Scan on sbtest3  (cost=317.19..34190.69 rows=9830 width=121)
	  Recheck Cond: ((id >= 7439537) AND (id <= 7449536))
	  ->  Bitmap Index Scan on sbtest3_pkey  (cost=0.00..314.74 rows=9830 width=0)
	        Index Cond: ((id >= 7439537) AND (id <= 7449536))

table 4 : explain SELECT c FROM sbtest4 WHERE id BETWEEN 9733324 AND 9743323
	Bitmap Heap Scan on sbtest4  (cost=292.57..31590.72 rows=8989 width=121)
	  Recheck Cond: ((id >= 9733324) AND (id <= 9743323))
	  ->  Bitmap Index Scan on sbtest4_pkey  (cost=0.00..290.32 rows=8989 width=0)
	        Index Cond: ((id >= 9733324) AND (id <= 9743323))

table 5 : explain SELECT c FROM sbtest5 WHERE id BETWEEN 7612526 AND 7622525
	Bitmap Heap Scan on sbtest5  (cost=328.48..35014.37 rows=10151 width=121)
	  Recheck Cond: ((id >= 7612526) AND (id <= 7622525))
	  ->  Bitmap Index Scan on sbtest5_pkey  (cost=0.00..325.94 rows=10151 width=0)
	        Index Cond: ((id >= 7612526) AND (id <= 7622525))

table 6 : explain SELECT c FROM sbtest6 WHERE id BETWEEN 4161487 AND 4171486
	Bitmap Heap Scan on sbtest6  (cost=311.38..33547.44 rows=9653 width=121)
	  Recheck Cond: ((id >= 4161487) AND (id <= 4171486))
	  ->  Bitmap Index Scan on sbtest6_pkey  (cost=0.00..308.96 rows=9653 width=0)
	        Index Cond: ((id >= 4161487) AND (id <= 4171486))

table 7 : explain SELECT c FROM sbtest7 WHERE id BETWEEN 3985230 AND 3995229
	Bitmap Heap Scan on sbtest7  (cost=304.76..32928.72 rows=9398 width=121)
	  Recheck Cond: ((id >= 3985230) AND (id <= 3995229))
	  ->  Bitmap Index Scan on sbtest7_pkey  (cost=0.00..302.42 rows=9398 width=0)
	        Index Cond: ((id >= 3985230) AND (id <= 3995229))

table 8 : explain SELECT c FROM sbtest8 WHERE id BETWEEN 9789795 AND 9799794
	Bitmap Heap Scan on sbtest8  (cost=281.25..30511.25 rows=8665 width=121)
	  Recheck Cond: ((id >= 9789795) AND (id <= 9799794))
	  ->  Bitmap Index Scan on sbtest8_pkey  (cost=0.00..279.08 rows=8665 width=0)
	        Index Cond: ((id >= 9789795) AND (id <= 9799794))

for: simple_ranges
table 1 : explain SELECT c FROM sbtest1 WHERE id BETWEEN 6464884 AND 6474883
	Bitmap Heap Scan on sbtest1  (cost=310.31..33240.02 rows=9549 width=121)
	  Recheck Cond: ((id >= 6464884) AND (id <= 6474883))
	  ->  Bitmap Index Scan on sbtest1_pkey  (cost=0.00..307.93 rows=9549 width=0)
	        Index Cond: ((id >= 6464884) AND (id <= 6474883))

table 2 : explain SELECT c FROM sbtest2 WHERE id BETWEEN 6773581 AND 6783580
	Bitmap Heap Scan on sbtest2  (cost=363.48..38455.87 rows=11224 width=121)
	  Recheck Cond: ((id >= 6773581) AND (id <= 6783580))
	  ->  Bitmap Index Scan on sbtest2_pkey  (cost=0.00..360.68 rows=11224 width=0)
	        Index Cond: ((id >= 6773581) AND (id <= 6783580))

table 3 : explain SELECT c FROM sbtest3 WHERE id BETWEEN 9319368 AND 9329367
	Bitmap Heap Scan on sbtest3  (cost=292.19..31387.67 rows=8952 width=121)
	  Recheck Cond: ((id >= 9319368) AND (id <= 9329367))
	  ->  Bitmap Index Scan on sbtest3_pkey  (cost=0.00..289.95 rows=8952 width=0)
	        Index Cond: ((id >= 9319368) AND (id <= 9329367))

table 4 : explain SELECT c FROM sbtest4 WHERE id BETWEEN 4349540 AND 4359539
	Bitmap Heap Scan on sbtest4  (cost=316.12..33955.79 rows=9725 width=121)
	  Recheck Cond: ((id >= 4349540) AND (id <= 4359539))
	  ->  Bitmap Index Scan on sbtest4_pkey  (cost=0.00..313.69 rows=9725 width=0)
	        Index Cond: ((id >= 4349540) AND (id <= 4359539))

table 5 : explain SELECT c FROM sbtest5 WHERE id BETWEEN 8730520 AND 8740519
	Bitmap Heap Scan on sbtest5  (cost=311.60..33516.64 rows=9675 width=121)
	  Recheck Cond: ((id >= 8730520) AND (id <= 8740519))
	  ->  Bitmap Index Scan on sbtest5_pkey  (cost=0.00..309.19 rows=9675 width=0)
	        Index Cond: ((id >= 8730520) AND (id <= 8740519))

table 6 : explain SELECT c FROM sbtest6 WHERE id BETWEEN 5259618 AND 5269617
	Bitmap Heap Scan on sbtest6  (cost=299.14..32234.47 rows=9240 width=121)
	  Recheck Cond: ((id >= 5259618) AND (id <= 5269617))
	  ->  Bitmap Index Scan on sbtest6_pkey  (cost=0.00..296.83 rows=9240 width=0)
	        Index Cond: ((id >= 5259618) AND (id <= 5269617))

table 7 : explain SELECT c FROM sbtest7 WHERE id BETWEEN 165452 AND 175451
	Bitmap Heap Scan on sbtest7  (cost=316.62..34135.29 rows=9774 width=121)
	  Recheck Cond: ((id >= 165452) AND (id <= 175451))
	  ->  Bitmap Index Scan on sbtest7_pkey  (cost=0.00..314.18 rows=9774 width=0)
	        Index Cond: ((id >= 165452) AND (id <= 175451))

table 8 : explain SELECT c FROM sbtest8 WHERE id BETWEEN 7421225 AND 7431224
	Bitmap Heap Scan on sbtest8  (cost=333.13..35476.86 rows=10214 width=121)
	  Recheck Cond: ((id >= 7421225) AND (id <= 7431224))
	  ->  Bitmap Index Scan on sbtest8_pkey  (cost=0.00..330.57 rows=10214 width=0)
	        Index Cond: ((id >= 7421225) AND (id <= 7431224))

explain: for point_selects :: explain SELECT c FROM sbtest%u WHERE id=%u
explain: for point_selects :: explain SELECT c FROM sbtest%u WHERE id=%u
for: sum_ranges
table 1 : explain SELECT SUM(k) FROM sbtest1 WHERE id BETWEEN 4532618 AND 4542617
	Aggregate  (cost=32764.60..32764.61 rows=1 width=8)
	  ->  Bitmap Heap Scan on sbtest1  (cost=304.71..32741.12 rows=9393 width=4)
	        Recheck Cond: ((id >= 4532618) AND (id <= 4542617))
	        ->  Bitmap Index Scan on sbtest1_pkey  (cost=0.00..302.37 rows=9393 width=0)
	              Index Cond: ((id >= 4532618) AND (id <= 4542617))

table 2 : explain SELECT SUM(k) FROM sbtest2 WHERE id BETWEEN 7982136 AND 7992135
	Aggregate  (cost=37313.29..37313.30 rows=1 width=8)
	  ->  Bitmap Heap Scan on sbtest2  (cost=351.62..37286.17 rows=10847 width=4)
	        Recheck Cond: ((id >= 7982136) AND (id <= 7992135))
	        ->  Bitmap Index Scan on sbtest2_pkey  (cost=0.00..348.91 rows=10847 width=0)
	              Index Cond: ((id >= 7982136) AND (id <= 7992135))

table 3 : explain SELECT SUM(k) FROM sbtest3 WHERE id BETWEEN 6539603 AND 6549602
	Aggregate  (cost=32280.48..32280.49 rows=1 width=8)
	  ->  Bitmap Heap Scan on sbtest3  (cost=298.97..32257.42 rows=9223 width=4)
	        Recheck Cond: ((id >= 6539603) AND (id <= 6549602))
	        ->  Bitmap Index Scan on sbtest3_pkey  (cost=0.00..296.67 rows=9223 width=0)
	              Index Cond: ((id >= 6539603) AND (id <= 6549602))

table 4 : explain SELECT SUM(k) FROM sbtest4 WHERE id BETWEEN 7859748 AND 7869747
	Aggregate  (cost=32740.11..32740.12 rows=1 width=8)
	  ->  Bitmap Heap Scan on sbtest4  (cost=304.15..32716.77 rows=9338 width=4)
	        Recheck Cond: ((id >= 7859748) AND (id <= 7869747))
	        ->  Bitmap Index Scan on sbtest4_pkey  (cost=0.00..301.81 rows=9338 width=0)
	              Index Cond: ((id >= 7859748) AND (id <= 7869747))

table 5 : explain SELECT SUM(k) FROM sbtest5 WHERE id BETWEEN 488844 AND 498843
	Aggregate  (cost=32966.82..32966.83 rows=1 width=8)
	  ->  Bitmap Heap Scan on sbtest5  (cost=305.74..32943.09 rows=9493 width=4)
	        Recheck Cond: ((id >= 488844) AND (id <= 498843))
	        ->  Bitmap Index Scan on sbtest5_pkey  (cost=0.00..303.37 rows=9493 width=0)
	              Index Cond: ((id >= 488844) AND (id <= 498843))

table 6 : explain SELECT SUM(k) FROM sbtest6 WHERE id BETWEEN 5223857 AND 5233856
	Aggregate  (cost=32257.57..32257.58 rows=1 width=8)
	  ->  Bitmap Heap Scan on sbtest6  (cost=299.14..32234.47 rows=9240 width=4)
	        Recheck Cond: ((id >= 5223857) AND (id <= 5233856))
	        ->  Bitmap Index Scan on sbtest6_pkey  (cost=0.00..296.83 rows=9240 width=0)
	              Index Cond: ((id >= 5223857) AND (id <= 5233856))

table 7 : explain SELECT SUM(k) FROM sbtest7 WHERE id BETWEEN 7865632 AND 7875631
	Aggregate  (cost=35062.28..35062.29 rows=1 width=8)
	  ->  Bitmap Heap Scan on sbtest7  (cost=327.51..35037.14 rows=10056 width=4)
	        Recheck Cond: ((id >= 7865632) AND (id <= 7875631))
	        ->  Bitmap Index Scan on sbtest7_pkey  (cost=0.00..325.00 rows=10056 width=0)
	              Index Cond: ((id >= 7865632) AND (id <= 7875631))

table 8 : explain SELECT SUM(k) FROM sbtest8 WHERE id BETWEEN 934458 AND 944457
	Aggregate  (cost=35599.76..35599.77 rows=1 width=8)
	  ->  Bitmap Heap Scan on sbtest8  (cost=333.45..35574.15 rows=10245 width=4)
	        Recheck Cond: ((id >= 934458) AND (id <= 944457))
	        ->  Bitmap Index Scan on sbtest8_pkey  (cost=0.00..330.88 rows=10245 width=0)
	              Index Cond: ((id >= 934458) AND (id <= 944457))

explain: for point_selects :: explain SELECT c FROM sbtest%u WHERE id=%u
explain: for point_selects :: explain SELECT c FROM sbtest%u WHERE id=%u
for point_selects
table 1 : explain SELECT c FROM sbtest1 WHERE id=8117016
	Index Scan using sbtest1_pkey on sbtest1  (cost=0.43..8.45 rows=1 width=121)
	  Index Cond: (id = 8117016)

table 2 : explain SELECT c FROM sbtest2 WHERE id=2794751
	Index Scan using sbtest2_pkey on sbtest2  (cost=0.43..8.45 rows=1 width=121)
	  Index Cond: (id = 2794751)

table 3 : explain SELECT c FROM sbtest3 WHERE id=4246356
	Index Scan using sbtest3_pkey on sbtest3  (cost=0.43..8.45 rows=1 width=121)
	  Index Cond: (id = 4246356)

table 4 : explain SELECT c FROM sbtest4 WHERE id=9310459
	Index Scan using sbtest4_pkey on sbtest4  (cost=0.43..8.45 rows=1 width=121)
	  Index Cond: (id = 9310459)

table 5 : explain SELECT c FROM sbtest5 WHERE id=174785
	Index Scan using sbtest5_pkey on sbtest5  (cost=0.43..8.45 rows=1 width=121)
	  Index Cond: (id = 174785)

table 6 : explain SELECT c FROM sbtest6 WHERE id=5702919
	Index Scan using sbtest6_pkey on sbtest6  (cost=0.43..8.45 rows=1 width=121)
	  Index Cond: (id = 5702919)

table 7 : explain SELECT c FROM sbtest7 WHERE id=9451703
	Index Scan using sbtest7_pkey on sbtest7  (cost=0.43..8.45 rows=1 width=121)
	  Index Cond: (id = 9451703)

table 8 : explain SELECT c FROM sbtest8 WHERE id=7654597
	Index Scan using sbtest8_pkey on sbtest8  (cost=0.43..8.45 rows=1 width=121)
	  Index Cond: (id = 7654597)

for point_selects
table 1 : explain SELECT c FROM sbtest1 WHERE id=6450054
	Index Scan using sbtest1_pkey on sbtest1  (cost=0.43..8.45 rows=1 width=121)
	  Index Cond: (id = 6450054)

table 2 : explain SELECT c FROM sbtest2 WHERE id=3278109
	Index Scan using sbtest2_pkey on sbtest2  (cost=0.43..8.45 rows=1 width=121)
	  Index Cond: (id = 3278109)

table 3 : explain SELECT c FROM sbtest3 WHERE id=3111279
	Index Scan using sbtest3_pkey on sbtest3  (cost=0.43..8.45 rows=1 width=121)
	  Index Cond: (id = 3111279)

table 4 : explain SELECT c FROM sbtest4 WHERE id=5373840
	Index Scan using sbtest4_pkey on sbtest4  (cost=0.43..8.45 rows=1 width=121)
	  Index Cond: (id = 5373840)

table 5 : explain SELECT c FROM sbtest5 WHERE id=6988363
	Index Scan using sbtest5_pkey on sbtest5  (cost=0.43..8.45 rows=1 width=121)
	  Index Cond: (id = 6988363)

table 6 : explain SELECT c FROM sbtest6 WHERE id=4089506
	Index Scan using sbtest6_pkey on sbtest6  (cost=0.43..8.45 rows=1 width=121)
	  Index Cond: (id = 4089506)

table 7 : explain SELECT c FROM sbtest7 WHERE id=2006846
	Index Scan using sbtest7_pkey on sbtest7  (cost=0.43..8.45 rows=1 width=121)
	  Index Cond: (id = 2006846)

table 8 : explain SELECT c FROM sbtest8 WHERE id=54553
	Index Scan using sbtest8_pkey on sbtest8  (cost=0.43..8.45 rows=1 width=121)
	  Index Cond: (id = 54553)

explain: for point_selects :: explain SELECT c FROM sbtest%u WHERE id=%u
for: simple_ranges
table 1 : explain SELECT c FROM sbtest1 WHERE id BETWEEN 151007 AND 161006
	Bitmap Heap Scan on sbtest1  (cost=315.56..33627.58 rows=9671 width=121)
	  Recheck Cond: ((id >= 151007) AND (id <= 161006))
	  ->  Bitmap Index Scan on sbtest1_pkey  (cost=0.00..313.15 rows=9671 width=0)
	        Index Cond: ((id >= 151007) AND (id <= 161006))

table 2 : explain SELECT c FROM sbtest2 WHERE id BETWEEN 9880618 AND 9890617
	Bitmap Heap Scan on sbtest2  (cost=322.62..34533.31 rows=9969 width=121)
	  Recheck Cond: ((id >= 9880618) AND (id <= 9890617))
	  ->  Bitmap Index Scan on sbtest2_pkey  (cost=0.00..320.12 rows=9969 width=0)
	        Index Cond: ((id >= 9880618) AND (id <= 9890617))

table 3 : explain SELECT c FROM sbtest3 WHERE id BETWEEN 31872 AND 41871
	Bitmap Heap Scan on sbtest3  (cost=327.58..34932.18 rows=10063 width=121)
	  Recheck Cond: ((id >= 31872) AND (id <= 41871))
	  ->  Bitmap Index Scan on sbtest3_pkey  (cost=0.00..325.06 rows=10063 width=0)
	        Index Cond: ((id >= 31872) AND (id <= 41871))

table 4 : explain SELECT c FROM sbtest4 WHERE id BETWEEN 7418561 AND 7428560
	Bitmap Heap Scan on sbtest4  (cost=350.91..37297.84 rows=10778 width=121)
	  Recheck Cond: ((id >= 7418561) AND (id <= 7428560))
	  ->  Bitmap Index Scan on sbtest4_pkey  (cost=0.00..348.21 rows=10778 width=0)
	        Index Cond: ((id >= 7418561) AND (id <= 7428560))

table 5 : explain SELECT c FROM sbtest5 WHERE id BETWEEN 8775699 AND 8785698
	Bitmap Heap Scan on sbtest5  (cost=311.60..33516.64 rows=9675 width=121)
	  Recheck Cond: ((id >= 8775699) AND (id <= 8785698))
	  ->  Bitmap Index Scan on sbtest5_pkey  (cost=0.00..309.19 rows=9675 width=0)
	        Index Cond: ((id >= 8775699) AND (id <= 8785698))

table 6 : explain SELECT c FROM sbtest6 WHERE id BETWEEN 809433 AND 819432
	Bitmap Heap Scan on sbtest6  (cost=357.44..37854.87 rows=11025 width=121)
	  Recheck Cond: ((id >= 809433) AND (id <= 819432))
	  ->  Bitmap Index Scan on sbtest6_pkey  (cost=0.00..354.69 rows=11025 width=0)
	        Index Cond: ((id >= 809433) AND (id <= 819432))

table 7 : explain SELECT c FROM sbtest7 WHERE id BETWEEN 8693485 AND 8703484
	Bitmap Heap Scan on sbtest7  (cost=333.82..35750.24 rows=10281 width=121)
	  Recheck Cond: ((id >= 8693485) AND (id <= 8703484))
	  ->  Bitmap Index Scan on sbtest7_pkey  (cost=0.00..331.25 rows=10281 width=0)
	        Index Cond: ((id >= 8693485) AND (id <= 8703484))

table 8 : explain SELECT c FROM sbtest8 WHERE id BETWEEN 9534893 AND 9544892
	Bitmap Heap Scan on sbtest8  (cost=310.16..33311.72 rows=9534 width=121)
	  Recheck Cond: ((id >= 9534893) AND (id <= 9544892))
	  ->  Bitmap Index Scan on sbtest8_pkey  (cost=0.00..307.78 rows=9534 width=0)
	        Index Cond: ((id >= 9534893) AND (id <= 9544892))

for: simple_ranges
table 1 : explain SELECT c FROM sbtest1 WHERE id BETWEEN 3358823 AND 3368822
	Bitmap Heap Scan on sbtest1  (cost=310.88..33412.37 rows=9604 width=121)
	  Recheck Cond: ((id >= 3358823) AND (id <= 3368822))
	  ->  Bitmap Index Scan on sbtest1_pkey  (cost=0.00..308.48 rows=9604 width=0)
	        Index Cond: ((id >= 3358823) AND (id <= 3368822))

table 2 : explain SELECT c FROM sbtest2 WHERE id BETWEEN 8245825 AND 8255824
	Bitmap Heap Scan on sbtest2  (cost=333.61..35454.37 rows=10261 width=121)
	  Recheck Cond: ((id >= 8245825) AND (id <= 8255824))
	  ->  Bitmap Index Scan on sbtest2_pkey  (cost=0.00..331.05 rows=10261 width=0)
	        Index Cond: ((id >= 8245825) AND (id <= 8255824))

table 3 : explain SELECT c FROM sbtest3 WHERE id BETWEEN 5708727 AND 5718726
	Bitmap Heap Scan on sbtest3  (cost=315.62..33709.24 rows=9677 width=121)
	  Recheck Cond: ((id >= 5708727) AND (id <= 5718726))
	  ->  Bitmap Index Scan on sbtest3_pkey  (cost=0.00..313.20 rows=9677 width=0)
	        Index Cond: ((id >= 5708727) AND (id <= 5718726))

table 4 : explain SELECT c FROM sbtest4 WHERE id BETWEEN 2776332 AND 2786331
	Bitmap Heap Scan on sbtest4  (cost=334.00..35781.15 rows=10299 width=121)
	  Recheck Cond: ((id >= 2776332) AND (id <= 2786331))
	  ->  Bitmap Index Scan on sbtest4_pkey  (cost=0.00..331.43 rows=10299 width=0)
	        Index Cond: ((id >= 2776332) AND (id <= 2786331))

table 5 : explain SELECT c FROM sbtest5 WHERE id BETWEEN 6542993 AND 6552992
	Bitmap Heap Scan on sbtest5  (cost=328.56..35040.06 rows=10159 width=121)
	  Recheck Cond: ((id >= 6542993) AND (id <= 6552992))
	  ->  Bitmap Index Scan on sbtest5_pkey  (cost=0.00..326.03 rows=10159 width=0)
	        Index Cond: ((id >= 6542993) AND (id <= 6552992))

table 6 : explain SELECT c FROM sbtest6 WHERE id BETWEEN 6330513 AND 6340512
	Bitmap Heap Scan on sbtest6  (cost=322.31..34453.03 rows=9939 width=121)
	  Recheck Cond: ((id >= 6330513) AND (id <= 6340512))
	  ->  Bitmap Index Scan on sbtest6_pkey  (cost=0.00..319.82 rows=9939 width=0)
	        Index Cond: ((id >= 6330513) AND (id <= 6340512))

table 7 : explain SELECT c FROM sbtest7 WHERE id BETWEEN 1949730 AND 1959729
	Bitmap Heap Scan on sbtest7  (cost=333.78..35740.50 rows=10278 width=121)
	  Recheck Cond: ((id >= 1949730) AND (id <= 1959729))
	  ->  Bitmap Index Scan on sbtest7_pkey  (cost=0.00..331.21 rows=10278 width=0)
	        Index Cond: ((id >= 1949730) AND (id <= 1959729))

table 8 : explain SELECT c FROM sbtest8 WHERE id BETWEEN 4298421 AND 4308420
	Bitmap Heap Scan on sbtest8  (cost=339.71..36271.09 rows=10466 width=121)
	  Recheck Cond: ((id >= 4298421) AND (id <= 4308420))
	  ->  Bitmap Index Scan on sbtest8_pkey  (cost=0.00..337.09 rows=10466 width=0)
	        Index Cond: ((id >= 4298421) AND (id <= 4308420))

for point_selects
table 1 : explain SELECT c FROM sbtest1 WHERE id=2663115
	Index Scan using sbtest1_pkey on sbtest1  (cost=0.43..8.45 rows=1 width=121)
	  Index Cond: (id = 2663115)

table 2 : explain SELECT c FROM sbtest2 WHERE id=6893518
	Index Scan using sbtest2_pkey on sbtest2  (cost=0.43..8.45 rows=1 width=121)
	  Index Cond: (id = 6893518)

table 3 : explain SELECT c FROM sbtest3 WHERE id=7222644
	Index Scan using sbtest3_pkey on sbtest3  (cost=0.43..8.45 rows=1 width=121)
	  Index Cond: (id = 7222644)

table 4 : explain SELECT c FROM sbtest4 WHERE id=1892425
	Index Scan using sbtest4_pkey on sbtest4  (cost=0.43..8.45 rows=1 width=121)
	  Index Cond: (id = 1892425)

table 5 : explain SELECT c FROM sbtest5 WHERE id=1686266
	Index Scan using sbtest5_pkey on sbtest5  (cost=0.43..8.45 rows=1 width=121)
	  Index Cond: (id = 1686266)

table 6 : explain SELECT c FROM sbtest6 WHERE id=9877952
	Index Scan using sbtest6_pkey on sbtest6  (cost=0.43..8.45 rows=1 width=121)
	  Index Cond: (id = 9877952)

table 7 : explain SELECT c FROM sbtest7 WHERE id=8135251
	Index Scan using sbtest7_pkey on sbtest7  (cost=0.43..8.45 rows=1 width=121)
	  Index Cond: (id = 8135251)

table 8 : explain SELECT c FROM sbtest8 WHERE id=8849022
	Index Scan using sbtest8_pkey on sbtest8  (cost=0.43..8.45 rows=1 width=121)
	  Index Cond: (id = 8849022)

explain: for point_selects :: explain SELECT c FROM sbtest%u WHERE id=%u
for: order_ranges
table 1 : explain SELECT c FROM sbtest1 WHERE id BETWEEN 782313 AND 792312 ORDER BY c
	Sort  (cost=34450.55..34474.87 rows=9728 width=121)
	  Sort Key: c
	  ->  Bitmap Heap Scan on sbtest1  (cost=316.15..33806.17 rows=9728 width=121)
	        Recheck Cond: ((id >= 782313) AND (id <= 792312))
	        ->  Bitmap Index Scan on sbtest1_pkey  (cost=0.00..313.71 rows=9728 width=0)
	              Index Cond: ((id >= 782313) AND (id <= 792312))

table 2 : explain SELECT c FROM sbtest2 WHERE id BETWEEN 2305985 AND 2315984 ORDER BY c
	Sort  (cost=34734.46..34759.03 rows=9826 width=121)
	  Sort Key: c
	  ->  Bitmap Heap Scan on sbtest2  (cost=317.15..34082.88 rows=9826 width=121)
	        Recheck Cond: ((id >= 2305985) AND (id <= 2315984))
	        ->  Bitmap Index Scan on sbtest2_pkey  (cost=0.00..314.69 rows=9826 width=0)
	              Index Cond: ((id >= 2305985) AND (id <= 2315984))

table 3 : explain SELECT c FROM sbtest3 WHERE id BETWEEN 1691567 AND 1701566 ORDER BY c
	Sort  (cost=35099.18..35123.95 rows=9908 width=121)
	  Sort Key: c
	  ->  Bitmap Heap Scan on sbtest3  (cost=321.99..34441.57 rows=9908 width=121)
	        Recheck Cond: ((id >= 1691567) AND (id <= 1701566))
	        ->  Bitmap Index Scan on sbtest3_pkey  (cost=0.00..319.51 rows=9908 width=0)
	              Index Cond: ((id >= 1691567) AND (id <= 1701566))

table 4 : explain SELECT c FROM sbtest4 WHERE id BETWEEN 5084234 AND 5094233 ORDER BY c
	Sort  (cost=34740.26..34764.68 rows=9768 width=121)
	  Sort Key: c
	  ->  Bitmap Heap Scan on sbtest4  (cost=316.56..34092.94 rows=9768 width=121)
	        Recheck Cond: ((id >= 5084234) AND (id <= 5094233))
	        ->  Bitmap Index Scan on sbtest4_pkey  (cost=0.00..314.12 rows=9768 width=0)
	              Index Cond: ((id >= 5084234) AND (id <= 5094233))

table 5 : explain SELECT c FROM sbtest5 WHERE id BETWEEN 3080960 AND 3090959 ORDER BY c
	Sort  (cost=34712.98..34737.60 rows=9847 width=121)
	  Sort Key: c
	  ->  Bitmap Heap Scan on sbtest5  (cost=317.37..34059.85 rows=9847 width=121)
	        Recheck Cond: ((id >= 3080960) AND (id <= 3090959))
	        ->  Bitmap Index Scan on sbtest5_pkey  (cost=0.00..314.91 rows=9847 width=0)
	              Index Cond: ((id >= 3080960) AND (id <= 3090959))

table 6 : explain SELECT c FROM sbtest6 WHERE id BETWEEN 9407724 AND 9417723 ORDER BY c
	Sort  (cost=34123.25..34147.34 rows=9634 width=121)
	  Sort Key: c
	  ->  Bitmap Heap Scan on sbtest6  (cost=311.18..33485.77 rows=9634 width=121)
	        Recheck Cond: ((id >= 9407724) AND (id <= 9417723))
	        ->  Bitmap Index Scan on sbtest6_pkey  (cost=0.00..308.78 rows=9634 width=0)
	              Index Cond: ((id >= 9407724) AND (id <= 9417723))

table 7 : explain SELECT c FROM sbtest7 WHERE id BETWEEN 3808608 AND 3818607 ORDER BY c
	Sort  (cost=35525.02..35550.03 rows=10002 width=121)
	  Sort Key: c
	  ->  Bitmap Heap Scan on sbtest7  (cost=322.96..34860.49 rows=10002 width=121)
	        Recheck Cond: ((id >= 3808608) AND (id <= 3818607))
	        ->  Bitmap Index Scan on sbtest7_pkey  (cost=0.00..320.45 rows=10002 width=0)
	              Index Cond: ((id >= 3808608) AND (id <= 3818607))

table 8 : explain SELECT c FROM sbtest8 WHERE id BETWEEN 8935271 AND 8945270 ORDER BY c
	Sort  (cost=35824.23..35849.51 rows=10112 width=121)
	  Sort Key: c
	  ->  Bitmap Heap Scan on sbtest8  (cost=328.08..35151.59 rows=10112 width=121)
	        Recheck Cond: ((id >= 8935271) AND (id <= 8945270))
	        ->  Bitmap Index Scan on sbtest8_pkey  (cost=0.00..325.56 rows=10112 width=0)
	              Index Cond: ((id >= 8935271) AND (id <= 8945270))

for point_selects
table 1 : explain SELECT c FROM sbtest1 WHERE id=8223393
	Index Scan using sbtest1_pkey on sbtest1  (cost=0.43..8.45 rows=1 width=121)
	  Index Cond: (id = 8223393)

table 2 : explain SELECT c FROM sbtest2 WHERE id=7392266
	Index Scan using sbtest2_pkey on sbtest2  (cost=0.43..8.45 rows=1 width=121)
	  Index Cond: (id = 7392266)

table 3 : explain SELECT c FROM sbtest3 WHERE id=8859776
	Index Scan using sbtest3_pkey on sbtest3  (cost=0.43..8.45 rows=1 width=121)
	  Index Cond: (id = 8859776)

table 4 : explain SELECT c FROM sbtest4 WHERE id=2445911
	Index Scan using sbtest4_pkey on sbtest4  (cost=0.43..8.45 rows=1 width=121)
	  Index Cond: (id = 2445911)

table 5 : explain SELECT c FROM sbtest5 WHERE id=131754
	Index Scan using sbtest5_pkey on sbtest5  (cost=0.43..8.45 rows=1 width=121)
	  Index Cond: (id = 131754)

table 6 : explain SELECT c FROM sbtest6 WHERE id=389172
	Index Scan using sbtest6_pkey on sbtest6  (cost=0.43..8.45 rows=1 width=121)
	  Index Cond: (id = 389172)

table 7 : explain SELECT c FROM sbtest7 WHERE id=4051898
	Index Scan using sbtest7_pkey on sbtest7  (cost=0.43..8.45 rows=1 width=121)
	  Index Cond: (id = 4051898)

table 8 : explain SELECT c FROM sbtest8 WHERE id=5526250
	Index Scan using sbtest8_pkey on sbtest8  (cost=0.43..8.45 rows=1 width=121)
	  Index Cond: (id = 5526250)

explain: for point_selects :: explain SELECT c FROM sbtest%u WHERE id=%u
for: simple_ranges
table 1 : explain SELECT c FROM sbtest1 WHERE id BETWEEN 3243440 AND 3253439
	Bitmap Heap Scan on sbtest1  (cost=305.01..32832.36 rows=9422 width=121)
	  Recheck Cond: ((id >= 3243440) AND (id <= 3253439))
	  ->  Bitmap Index Scan on sbtest1_pkey  (cost=0.00..302.66 rows=9422 width=0)
	        Index Cond: ((id >= 3243440) AND (id <= 3253439))

table 2 : explain SELECT c FROM sbtest2 WHERE id BETWEEN 1517080 AND 1527079
	Bitmap Heap Scan on sbtest2  (cost=340.48..36329.73 rows=10541 width=121)
	  Recheck Cond: ((id >= 1517080) AND (id <= 1527079))
	  ->  Bitmap Index Scan on sbtest2_pkey  (cost=0.00..337.84 rows=10541 width=0)
	        Index Cond: ((id >= 1517080) AND (id <= 1527079))

table 3 : explain SELECT c FROM sbtest3 WHERE id BETWEEN 179738 AND 189737
	Bitmap Heap Scan on sbtest3  (cost=309.86..33160.93 rows=9505 width=121)
	  Recheck Cond: ((id >= 179738) AND (id <= 189737))
	  ->  Bitmap Index Scan on sbtest3_pkey  (cost=0.00..307.49 rows=9505 width=0)
	        Index Cond: ((id >= 179738) AND (id <= 189737))

table 4 : explain SELECT c FROM sbtest4 WHERE id BETWEEN 8214697 AND 8224696
	Bitmap Heap Scan on sbtest4  (cost=322.23..34612.30 rows=9931 width=121)
	  Recheck Cond: ((id >= 8214697) AND (id <= 8224696))
	  ->  Bitmap Index Scan on sbtest4_pkey  (cost=0.00..319.75 rows=9931 width=0)
	        Index Cond: ((id >= 8214697) AND (id <= 8224696))

table 5 : explain SELECT c FROM sbtest5 WHERE id BETWEEN 344466 AND 354465
	Bitmap Heap Scan on sbtest5  (cost=316.69..33853.34 rows=9781 width=121)
	  Recheck Cond: ((id >= 344466) AND (id <= 354465))
	  ->  Bitmap Index Scan on sbtest5_pkey  (cost=0.00..314.25 rows=9781 width=0)
	        Index Cond: ((id >= 344466) AND (id <= 354465))

table 6 : explain SELECT c FROM sbtest6 WHERE id BETWEEN 6595950 AND 6605949
	Bitmap Heap Scan on sbtest6  (cost=328.89..35245.12 rows=10191 width=121)
	  Recheck Cond: ((id >= 6595950) AND (id <= 6605949))
	  ->  Bitmap Index Scan on sbtest6_pkey  (cost=0.00..326.34 rows=10191 width=0)
	        Index Cond: ((id >= 6595950) AND (id <= 6605949))

table 7 : explain SELECT c FROM sbtest7 WHERE id BETWEEN 9653270 AND 9663269
	Bitmap Heap Scan on sbtest7  (cost=345.25..36811.99 rows=10616 width=121)
	  Recheck Cond: ((id >= 9653270) AND (id <= 9663269))
	  ->  Bitmap Index Scan on sbtest7_pkey  (cost=0.00..342.59 rows=10616 width=0)
	        Index Cond: ((id >= 9653270) AND (id <= 9663269))

table 8 : explain SELECT c FROM sbtest8 WHERE id BETWEEN 4776537 AND 4786536
	Bitmap Heap Scan on sbtest8  (cost=351.78..37521.30 rows=10863 width=121)
	  Recheck Cond: ((id >= 4776537) AND (id <= 4786536))
	  ->  Bitmap Index Scan on sbtest8_pkey  (cost=0.00..349.06 rows=10863 width=0)
	        Index Cond: ((id >= 4776537) AND (id <= 4786536))

for point_selects
table 1 : explain SELECT c FROM sbtest1 WHERE id=408198
	Index Scan using sbtest1_pkey on sbtest1  (cost=0.43..8.45 rows=1 width=121)
	  Index Cond: (id = 408198)

table 2 : explain SELECT c FROM sbtest2 WHERE id=5858056
	Index Scan using sbtest2_pkey on sbtest2  (cost=0.43..8.45 rows=1 width=121)
	  Index Cond: (id = 5858056)

table 3 : explain SELECT c FROM sbtest3 WHERE id=7432576
	Index Scan using sbtest3_pkey on sbtest3  (cost=0.43..8.45 rows=1 width=121)
	  Index Cond: (id = 7432576)

table 4 : explain SELECT c FROM sbtest4 WHERE id=1796301
	Index Scan using sbtest4_pkey on sbtest4  (cost=0.43..8.45 rows=1 width=121)
	  Index Cond: (id = 1796301)

table 5 : explain SELECT c FROM sbtest5 WHERE id=8961697
	Index Scan using sbtest5_pkey on sbtest5  (cost=0.43..8.45 rows=1 width=121)
	  Index Cond: (id = 8961697)

table 6 : explain SELECT c FROM sbtest6 WHERE id=7721287
	Index Scan using sbtest6_pkey on sbtest6  (cost=0.43..8.45 rows=1 width=121)
	  Index Cond: (id = 7721287)

table 7 : explain SELECT c FROM sbtest7 WHERE id=1571532
	Index Scan using sbtest7_pkey on sbtest7  (cost=0.43..8.45 rows=1 width=121)
	  Index Cond: (id = 1571532)

table 8 : explain SELECT c FROM sbtest8 WHERE id=7877613
	Index Scan using sbtest8_pkey on sbtest8  (cost=0.43..8.45 rows=1 width=121)
	  Index Cond: (id = 7877613)

for: sum_ranges
table 1 : explain SELECT SUM(k) FROM sbtest1 WHERE id BETWEEN 3435748 AND 3445747
	Aggregate  (cost=34625.88..34625.89 rows=1 width=8)
	  ->  Bitmap Heap Scan on sbtest1  (cost=322.72..34600.94 rows=9979 width=4)
	        Recheck Cond: ((id >= 3435748) AND (id <= 3445747))
	        ->  Bitmap Index Scan on sbtest1_pkey  (cost=0.00..320.23 rows=9979 width=0)
	              Index Cond: ((id >= 3435748) AND (id <= 3445747))

table 2 : explain SELECT SUM(k) FROM sbtest2 WHERE id BETWEEN 3654295 AND 3664294
	Aggregate  (cost=35389.75..35389.76 rows=1 width=8)
	  ->  Bitmap Heap Scan on sbtest2  (cost=333.31..35364.17 rows=10232 width=4)
	        Recheck Cond: ((id >= 3654295) AND (id <= 3664294))
	        ->  Bitmap Index Scan on sbtest2_pkey  (cost=0.00..330.75 rows=10232 width=0)
	              Index Cond: ((id >= 3654295) AND (id <= 3664294))

table 3 : explain SELECT SUM(k) FROM sbtest3 WHERE id BETWEEN 8620604 AND 8630603
	Aggregate  (cost=36062.64..36062.65 rows=1 width=8)
	  ->  Bitmap Heap Scan on sbtest3  (cost=339.16..36036.61 rows=10412 width=4)
	        Recheck Cond: ((id >= 8620604) AND (id <= 8630603))
	        ->  Bitmap Index Scan on sbtest3_pkey  (cost=0.00..336.56 rows=10412 width=0)
	              Index Cond: ((id >= 8620604) AND (id <= 8630603))

table 4 : explain SELECT SUM(k) FROM sbtest4 WHERE id BETWEEN 8664104 AND 8674103
	Aggregate  (cost=33147.04..33147.05 rows=1 width=8)
	  ->  Bitmap Heap Scan on sbtest4  (cost=305.46..33123.38 rows=9466 width=4)
	        Recheck Cond: ((id >= 8664104) AND (id <= 8674103))
	        ->  Bitmap Index Scan on sbtest4_pkey  (cost=0.00..303.09 rows=9466 width=0)
	              Index Cond: ((id >= 8664104) AND (id <= 8674103))

table 5 : explain SELECT SUM(k) FROM sbtest5 WHERE id BETWEEN 6434536 AND 6444535
	Aggregate  (cost=35509.64..35509.65 rows=1 width=8)
	  ->  Bitmap Heap Scan on sbtest5  (cost=334.02..35483.88 rows=10301 width=4)
	        Recheck Cond: ((id >= 6434536) AND (id <= 6444535))
	        ->  Bitmap Index Scan on sbtest5_pkey  (cost=0.00..331.44 rows=10301 width=0)
	              Index Cond: ((id >= 6434536) AND (id <= 6444535))

table 6 : explain SELECT SUM(k) FROM sbtest6 WHERE id BETWEEN 9292447 AND 9302446
	Aggregate  (cost=33890.52..33890.53 rows=1 width=8)
	  ->  Bitmap Heap Scan on sbtest6  (cost=316.41..33866.14 rows=9754 width=4)
	        Recheck Cond: ((id >= 9292447) AND (id <= 9302446))
	        ->  Bitmap Index Scan on sbtest6_pkey  (cost=0.00..313.98 rows=9754 width=0)
	              Index Cond: ((id >= 9292447) AND (id <= 9302446))

table 7 : explain SELECT SUM(k) FROM sbtest7 WHERE id BETWEEN 6272894 AND 6282893
	Aggregate  (cost=36607.73..36607.74 rows=1 width=8)
	  ->  Bitmap Heap Scan on sbtest7  (cost=340.51..36581.37 rows=10544 width=4)
	        Recheck Cond: ((id >= 6272894) AND (id <= 6282893))
	        ->  Bitmap Index Scan on sbtest7_pkey  (cost=0.00..337.88 rows=10544 width=0)
	              Index Cond: ((id >= 6272894) AND (id <= 6282893))

table 8 : explain SELECT SUM(k) FROM sbtest8 WHERE id BETWEEN 5474201 AND 5484200
	Aggregate  (cost=33659.29..33659.30 rows=1 width=8)
	  ->  Bitmap Heap Scan on sbtest8  (cost=311.20..33635.20 rows=9636 width=4)
	        Recheck Cond: ((id >= 5474201) AND (id <= 5484200))
	        ->  Bitmap Index Scan on sbtest8_pkey  (cost=0.00..308.80 rows=9636 width=0)
	              Index Cond: ((id >= 5474201) AND (id <= 5484200))

explain: for point_selects :: explain SELECT c FROM sbtest%u WHERE id=%u
for: simple_ranges
table 1 : explain SELECT c FROM sbtest1 WHERE id BETWEEN 9812147 AND 9822146
	Bitmap Heap Scan on sbtest1  (cost=310.26..33223.75 rows=9544 width=121)
	  Recheck Cond: ((id >= 9812147) AND (id <= 9822146))
	  ->  Bitmap Index Scan on sbtest1_pkey  (cost=0.00..307.88 rows=9544 width=0)
	        Index Cond: ((id >= 9812147) AND (id <= 9822146))

table 2 : explain SELECT c FROM sbtest2 WHERE id BETWEEN 6068085 AND 6078084
	Bitmap Heap Scan on sbtest2  (cost=311.42..33547.36 rows=9657 width=121)
	  Recheck Cond: ((id >= 6068085) AND (id <= 6078084))
	  ->  Bitmap Index Scan on sbtest2_pkey  (cost=0.00..309.00 rows=9657 width=0)
	        Index Cond: ((id >= 6068085) AND (id <= 6078084))

table 3 : explain SELECT c FROM sbtest3 WHERE id BETWEEN 7271680 AND 7281679
	Bitmap Heap Scan on sbtest3  (cost=327.33..34857.62 rows=10039 width=121)
	  Recheck Cond: ((id >= 7271680) AND (id <= 7281679))
	  ->  Bitmap Index Scan on sbtest3_pkey  (cost=0.00..324.82 rows=10039 width=0)
	        Index Cond: ((id >= 7271680) AND (id <= 7281679))

table 4 : explain SELECT c FROM sbtest4 WHERE id BETWEEN 492552 AND 502551
	Bitmap Heap Scan on sbtest4  (cost=310.78..33539.89 rows=9595 width=121)
	  Recheck Cond: ((id >= 492552) AND (id <= 502551))
	  ->  Bitmap Index Scan on sbtest4_pkey  (cost=0.00..308.38 rows=9595 width=0)
	        Index Cond: ((id >= 492552) AND (id <= 502551))

table 5 : explain SELECT c FROM sbtest5 WHERE id BETWEEN 5006100 AND 5016099
	Bitmap Heap Scan on sbtest5  (cost=328.81..35113.96 rows=10183 width=121)
	  Recheck Cond: ((id >= 5006100) AND (id <= 5016099))
	  ->  Bitmap Index Scan on sbtest5_pkey  (cost=0.00..326.26 rows=10183 width=0)
	        Index Cond: ((id >= 5006100) AND (id <= 5016099))

table 6 : explain SELECT c FROM sbtest6 WHERE id BETWEEN 6539839 AND 6549838
	Bitmap Heap Scan on sbtest6  (cost=328.89..35245.12 rows=10191 width=121)
	  Recheck Cond: ((id >= 6539839) AND (id <= 6549838))
	  ->  Bitmap Index Scan on sbtest6_pkey  (cost=0.00..326.34 rows=10191 width=0)
	        Index Cond: ((id >= 6539839) AND (id <= 6549838))

table 7 : explain SELECT c FROM sbtest7 WHERE id BETWEEN 1034795 AND 1044794
	Bitmap Heap Scan on sbtest7  (cost=304.22..32761.27 rows=9345 width=121)
	  Recheck Cond: ((id >= 1034795) AND (id <= 1044794))
	  ->  Bitmap Index Scan on sbtest7_pkey  (cost=0.00..301.88 rows=9345 width=0)
	        Index Cond: ((id >= 1034795) AND (id <= 1044794))

table 8 : explain SELECT c FROM sbtest8 WHERE id BETWEEN 5411477 AND 5421476
	Bitmap Heap Scan on sbtest8  (cost=310.11..33295.38 rows=9529 width=121)
	  Recheck Cond: ((id >= 5411477) AND (id <= 5421476))
	  ->  Bitmap Index Scan on sbtest8_pkey  (cost=0.00..307.73 rows=9529 width=0)
	        Index Cond: ((id >= 5411477) AND (id <= 5421476))

explain: for point_selects :: explain SELECT c FROM sbtest%u WHERE id=%u
for: sum_ranges
table 1 : explain SELECT SUM(k) FROM sbtest1 WHERE id BETWEEN 8251411 AND 8261410
	Aggregate  (cost=31169.04..31169.05 rows=1 width=8)
	  ->  Bitmap Heap Scan on sbtest1  (cost=287.61..31146.80 rows=8895 width=4)
	        Recheck Cond: ((id >= 8251411) AND (id <= 8261410))
	        ->  Bitmap Index Scan on sbtest1_pkey  (cost=0.00..285.38 rows=8895 width=0)
	              Index Cond: ((id >= 8251411) AND (id <= 8261410))

table 2 : explain SELECT SUM(k) FROM sbtest2 WHERE id BETWEEN 5106351 AND 5116350
	Aggregate  (cost=36205.03..36205.04 rows=1 width=8)
	  ->  Bitmap Heap Scan on sbtest2  (cost=339.98..36178.80 rows=10492 width=4)
	        Recheck Cond: ((id >= 5106351) AND (id <= 5116350))
	        ->  Bitmap Index Scan on sbtest2_pkey  (cost=0.00..337.36 rows=10492 width=0)
	              Index Cond: ((id >= 5106351) AND (id <= 5116350))

table 3 : explain SELECT SUM(k) FROM sbtest3 WHERE id BETWEEN 7355122 AND 7365121
	Aggregate  (cost=34791.10..34791.11 rows=1 width=8)
	  ->  Bitmap Heap Scan on sbtest3  (cost=323.05..34766.07 rows=10011 width=4)
	        Recheck Cond: ((id >= 7355122) AND (id <= 7365121))
	        ->  Bitmap Index Scan on sbtest3_pkey  (cost=0.00..320.55 rows=10011 width=0)
	              Index Cond: ((id >= 7355122) AND (id <= 7365121))

table 4 : explain SELECT SUM(k) FROM sbtest4 WHERE id BETWEEN 8917058 AND 8927057
	Aggregate  (cost=38238.09..38238.10 rows=1 width=8)
	  ->  Bitmap Heap Scan on sbtest4  (cost=357.90..38210.41 rows=11070 width=4)
	        Recheck Cond: ((id >= 8917058) AND (id <= 8927057))
	        ->  Bitmap Index Scan on sbtest4_pkey  (cost=0.00..355.13 rows=11070 width=0)
	              Index Cond: ((id >= 8917058) AND (id <= 8927057))

table 5 : explain SELECT SUM(k) FROM sbtest5 WHERE id BETWEEN 6441996 AND 6451995
	Aggregate  (cost=36058.78..36058.79 rows=1 width=8)
	  ->  Bitmap Heap Scan on sbtest5  (cost=339.82..36032.59 rows=10477 width=4)
	        Recheck Cond: ((id >= 6441996) AND (id <= 6451995))
	        ->  Bitmap Index Scan on sbtest5_pkey  (cost=0.00..337.20 rows=10477 width=0)
	              Index Cond: ((id >= 6441996) AND (id <= 6451995))

table 6 : explain SELECT SUM(k) FROM sbtest6 WHERE id BETWEEN 1218838 AND 1228837
	Aggregate  (cost=38844.35..38844.36 rows=1 width=8)
	  ->  Bitmap Heap Scan on sbtest6  (cost=368.62..38816.01 rows=11335 width=4)
	        Recheck Cond: ((id >= 1218838) AND (id <= 1228837))
	        ->  Bitmap Index Scan on sbtest6_pkey  (cost=0.00..365.79 rows=11335 width=0)
	              Index Cond: ((id >= 1218838) AND (id <= 1228837))

table 7 : explain SELECT SUM(k) FROM sbtest7 WHERE id BETWEEN 3691873 AND 3701872
	Aggregate  (cost=32458.36..32458.37 rows=1 width=8)
	  ->  Bitmap Heap Scan on sbtest7  (cost=299.20..32435.25 rows=9245 width=4)
	        Recheck Cond: ((id >= 3691873) AND (id <= 3701872))
	        ->  Bitmap Index Scan on sbtest7_pkey  (cost=0.00..296.88 rows=9245 width=0)
	              Index Cond: ((id >= 3691873) AND (id <= 3701872))

table 8 : explain SELECT SUM(k) FROM sbtest8 WHERE id BETWEEN 360380 AND 370379
	Aggregate  (cost=33620.08..33620.09 rows=1 width=8)
	  ->  Bitmap Heap Scan on sbtest8  (cost=311.08..33596.02 rows=9624 width=4)
	        Recheck Cond: ((id >= 360380) AND (id <= 370379))
	        ->  Bitmap Index Scan on sbtest8_pkey  (cost=0.00..308.68 rows=9624 width=0)
	              Index Cond: ((id >= 360380) AND (id <= 370379))

for: distinct_ranges
table 1 : explain SELECT DISTINCT c FROM sbtest1 WHERE id BETWEEN 8791084 AND 8801083 ORDER BY c
	Unique  (cost=33284.19..33331.04 rows=9369 width=121)
	  ->  Sort  (cost=33284.19..33307.62 rows=9369 width=121)
	        Sort Key: c
	        ->  Bitmap Heap Scan on sbtest1  (cost=304.47..32666.14 rows=9369 width=121)
	              Recheck Cond: ((id >= 8791084) AND (id <= 8801083))
	              ->  Bitmap Index Scan on sbtest1_pkey  (cost=0.00..302.12 rows=9369 width=0)
	                    Index Cond: ((id >= 8791084) AND (id <= 8801083))

table 2 : explain SELECT DISTINCT c FROM sbtest2 WHERE id BETWEEN 714294 AND 724293 ORDER BY c
	Unique  (cost=34890.90..34940.27 rows=9874 width=121)
	  ->  Sort  (cost=34890.90..34915.58 rows=9874 width=121)
	        Sort Key: c
	        ->  Bitmap Heap Scan on sbtest2  (cost=321.64..34235.79 rows=9874 width=121)
	              Recheck Cond: ((id >= 714294) AND (id <= 724293))
	              ->  Bitmap Index Scan on sbtest2_pkey  (cost=0.00..319.18 rows=9874 width=0)
	                    Index Cond: ((id >= 714294) AND (id <= 724293))

table 3 : explain SELECT DISTINCT c FROM sbtest3 WHERE id BETWEEN 5017464 AND 5027463 ORDER BY c
	Unique  (cost=38176.46..38230.77 rows=10863 width=121)
	  ->  Sort  (cost=38176.46..38203.61 rows=10863 width=121)
	        Sort Key: c
	        ->  Bitmap Heap Scan on sbtest3  (cost=351.78..37448.25 rows=10863 width=121)
	              Recheck Cond: ((id >= 5017464) AND (id <= 5027463))
	              ->  Bitmap Index Scan on sbtest3_pkey  (cost=0.00..349.06 rows=10863 width=0)
	                    Index Cond: ((id >= 5017464) AND (id <= 5027463))

table 4 : explain SELECT DISTINCT c FROM sbtest4 WHERE id BETWEEN 336884 AND 346883 ORDER BY c
	Unique  (cost=35655.44..35705.68 rows=10048 width=121)
	  ->  Sort  (cost=35655.44..35680.56 rows=10048 width=121)
	        Sort Key: c
	        ->  Bitmap Heap Scan on sbtest4  (cost=327.43..34987.52 rows=10048 width=121)
	              Recheck Cond: ((id >= 336884) AND (id <= 346883))
	              ->  Bitmap Index Scan on sbtest4_pkey  (cost=0.00..324.92 rows=10048 width=0)
	                    Index Cond: ((id >= 336884) AND (id <= 346883))

table 5 : explain SELECT DISTINCT c FROM sbtest5 WHERE id BETWEEN 5790486 AND 5800485 ORDER BY c
	Unique  (cost=32849.24..32895.60 rows=9271 width=121)
	  ->  Sort  (cost=32849.24..32872.42 rows=9271 width=121)
	        Sort Key: c
	        ->  Bitmap Heap Scan on sbtest5  (cost=299.46..32238.35 rows=9271 width=121)
	              Recheck Cond: ((id >= 5790486) AND (id <= 5800485))
	              ->  Bitmap Index Scan on sbtest5_pkey  (cost=0.00..297.15 rows=9271 width=0)
	                    Index Cond: ((id >= 5790486) AND (id <= 5800485))

table 6 : explain SELECT DISTINCT c FROM sbtest6 WHERE id BETWEEN 9847896 AND 9857895 ORDER BY c
	Unique  (cost=37949.37..38003.48 rows=10822 width=121)
	  ->  Sort  (cost=37949.37..37976.43 rows=10822 width=121)
	        Sort Key: c
	        ->  Bitmap Heap Scan on sbtest6  (cost=351.36..37224.21 rows=10822 width=121)
	              Recheck Cond: ((id >= 9847896) AND (id <= 9857895))
	              ->  Bitmap Index Scan on sbtest6_pkey  (cost=0.00..348.66 rows=10822 width=0)
	                    Index Cond: ((id >= 9847896) AND (id <= 9857895))

table 7 : explain SELECT DISTINCT c FROM sbtest7 WHERE id BETWEEN 6441259 AND 6451258 ORDER BY c
	Unique  (cost=36648.06..36699.79 rows=10347 width=121)
	  ->  Sort  (cost=36648.06..36673.92 rows=10347 width=121)
	        Sort Key: c
	        ->  Bitmap Heap Scan on sbtest7  (cost=334.49..35958.07 rows=10347 width=121)
	              Recheck Cond: ((id >= 6441259) AND (id <= 6451258))
	              ->  Bitmap Index Scan on sbtest7_pkey  (cost=0.00..331.91 rows=10347 width=0)
	                    Index Cond: ((id >= 6441259) AND (id <= 6451258))

table 8 : explain SELECT DISTINCT c FROM sbtest8 WHERE id BETWEEN 9303302 AND 9313301 ORDER BY c
	Unique  (cost=36535.24..36586.90 rows=10332 width=121)
	  ->  Sort  (cost=36535.24..36561.07 rows=10332 width=121)
	        Sort Key: c
	        ->  Bitmap Heap Scan on sbtest8  (cost=334.34..35846.36 rows=10332 width=121)
	              Recheck Cond: ((id >= 9303302) AND (id <= 9313301))
	              ->  Bitmap Index Scan on sbtest8_pkey  (cost=0.00..331.75 rows=10332 width=0)
	                    Index Cond: ((id >= 9303302) AND (id <= 9313301))

for point_selects
table 1 : explain SELECT c FROM sbtest1 WHERE id=4760575
	Index Scan using sbtest1_pkey on sbtest1  (cost=0.43..8.45 rows=1 width=121)
	  Index Cond: (id = 4760575)

table 2 : explain SELECT c FROM sbtest2 WHERE id=3248231
	Index Scan using sbtest2_pkey on sbtest2  (cost=0.43..8.45 rows=1 width=121)
	  Index Cond: (id = 3248231)

table 3 : explain SELECT c FROM sbtest3 WHERE id=6211134
	Index Scan using sbtest3_pkey on sbtest3  (cost=0.43..8.45 rows=1 width=121)
	  Index Cond: (id = 6211134)

table 4 : explain SELECT c FROM sbtest4 WHERE id=364715
	Index Scan using sbtest4_pkey on sbtest4  (cost=0.43..8.45 rows=1 width=121)
	  Index Cond: (id = 364715)

table 5 : explain SELECT c FROM sbtest5 WHERE id=3688788
	Index Scan using sbtest5_pkey on sbtest5  (cost=0.43..8.45 rows=1 width=121)
	  Index Cond: (id = 3688788)

table 6 : explain SELECT c FROM sbtest6 WHERE id=280466
	Index Scan using sbtest6_pkey on sbtest6  (cost=0.43..8.45 rows=1 width=121)
	  Index Cond: (id = 280466)

table 7 : explain SELECT c FROM sbtest7 WHERE id=8724074
	Index Scan using sbtest7_pkey on sbtest7  (cost=0.43..8.45 rows=1 width=121)
	  Index Cond: (id = 8724074)

table 8 : explain SELECT c FROM sbtest8 WHERE id=9741325
	Index Scan using sbtest8_pkey on sbtest8  (cost=0.43..8.45 rows=1 width=121)
	  Index Cond: (id = 9741325)

for: simple_ranges
table 1 : explain SELECT c FROM sbtest1 WHERE id BETWEEN 7073146 AND 7083145
	Bitmap Heap Scan on sbtest1  (cost=316.20..33822.40 rows=9733 width=121)
	  Recheck Cond: ((id >= 7073146) AND (id <= 7083145))
	  ->  Bitmap Index Scan on sbtest1_pkey  (cost=0.00..313.76 rows=9733 width=0)
	        Index Cond: ((id >= 7073146) AND (id <= 7083145))

table 2 : explain SELECT c FROM sbtest2 WHERE id BETWEEN 631479 AND 641478
	Bitmap Heap Scan on sbtest2  (cost=339.90..36153.12 rows=10484 width=121)
	  Recheck Cond: ((id >= 631479) AND (id <= 641478))
	  ->  Bitmap Index Scan on sbtest2_pkey  (cost=0.00..337.28 rows=10484 width=0)
	        Index Cond: ((id >= 631479) AND (id <= 641478))

table 3 : explain SELECT c FROM sbtest3 WHERE id BETWEEN 4811851 AND 4821850
	Bitmap Heap Scan on sbtest3  (cost=321.67..34344.14 rows=9877 width=121)
	  Recheck Cond: ((id >= 4811851) AND (id <= 4821850))
	  ->  Bitmap Index Scan on sbtest3_pkey  (cost=0.00..319.20 rows=9877 width=0)
	        Index Cond: ((id >= 4811851) AND (id <= 4821850))

table 4 : explain SELECT c FROM sbtest4 WHERE id BETWEEN 8505094 AND 8515093
	Bitmap Heap Scan on sbtest4  (cost=317.17..34282.24 rows=9828 width=121)
	  Recheck Cond: ((id >= 8505094) AND (id <= 8515093))
	  ->  Bitmap Index Scan on sbtest4_pkey  (cost=0.00..314.71 rows=9828 width=0)
	        Index Cond: ((id >= 8505094) AND (id <= 8515093))

table 5 : explain SELECT c FROM sbtest5 WHERE id BETWEEN 1916812 AND 1926811
	Bitmap Heap Scan on sbtest5  (cost=305.63..32907.46 rows=9482 width=121)
	  Recheck Cond: ((id >= 1916812) AND (id <= 1926811))
	  ->  Bitmap Index Scan on sbtest5_pkey  (cost=0.00..303.25 rows=9482 width=0)
	        Index Cond: ((id >= 1916812) AND (id <= 1926811))

table 6 : explain SELECT c FROM sbtest6 WHERE id BETWEEN 8394429 AND 8404428
	Bitmap Heap Scan on sbtest6  (cost=340.77..36430.81 rows=10569 width=121)
	  Recheck Cond: ((id >= 8394429) AND (id <= 8404428))
	  ->  Bitmap Index Scan on sbtest6_pkey  (cost=0.00..338.12 rows=10569 width=0)
	        Index Cond: ((id >= 8394429) AND (id <= 8404428))

table 7 : explain SELECT c FROM sbtest7 WHERE id BETWEEN 922851 AND 932850
	Bitmap Heap Scan on sbtest7  (cost=334.53..35971.05 rows=10351 width=121)
	  Recheck Cond: ((id >= 922851) AND (id <= 932850))
	  ->  Bitmap Index Scan on sbtest7_pkey  (cost=0.00..331.94 rows=10351 width=0)
	        Index Cond: ((id >= 922851) AND (id <= 932850))

table 8 : explain SELECT c FROM sbtest8 WHERE id BETWEEN 5417344 AND 5427343
	Bitmap Heap Scan on sbtest8  (cost=310.43..33393.45 rows=9560 width=121)
	  Recheck Cond: ((id >= 5417344) AND (id <= 5427343))
	  ->  Bitmap Index Scan on sbtest8_pkey  (cost=0.00..308.04 rows=9560 width=0)
	        Index Cond: ((id >= 5417344) AND (id <= 5427343))

for: simple_ranges
table 1 : explain SELECT c FROM sbtest1 WHERE id BETWEEN 8595578 AND 8605577
	Bitmap Heap Scan on sbtest1  (cost=316.65..33961.91 rows=9777 width=121)
	  Recheck Cond: ((id >= 8595578) AND (id <= 8605577))
	  ->  Bitmap Index Scan on sbtest1_pkey  (cost=0.00..314.20 rows=9777 width=0)
	        Index Cond: ((id >= 8595578) AND (id <= 8605577))

table 2 : explain SELECT c FROM sbtest2 WHERE id BETWEEN 2736176 AND 2746175
	Bitmap Heap Scan on sbtest2  (cost=317.02..34040.80 rows=9813 width=121)
	  Recheck Cond: ((id >= 2736176) AND (id <= 2746175))
	  ->  Bitmap Index Scan on sbtest2_pkey  (cost=0.00..314.56 rows=9813 width=0)
	        Index Cond: ((id >= 2736176) AND (id <= 2746175))

table 3 : explain SELECT c FROM sbtest3 WHERE id BETWEEN 3051664 AND 3061663
	Bitmap Heap Scan on sbtest3  (cost=304.80..32827.19 rows=9401 width=121)
	  Recheck Cond: ((id >= 3051664) AND (id <= 3061663))
	  ->  Bitmap Index Scan on sbtest3_pkey  (cost=0.00..302.44 rows=9401 width=0)
	        Index Cond: ((id >= 3051664) AND (id <= 3061663))

table 4 : explain SELECT c FROM sbtest4 WHERE id BETWEEN 1531416 AND 1541415
	Bitmap Heap Scan on sbtest4  (cost=351.91..37604.24 rows=10876 width=121)
	  Recheck Cond: ((id >= 1531416) AND (id <= 1541415))
	  ->  Bitmap Index Scan on sbtest4_pkey  (cost=0.00..349.19 rows=10876 width=0)
	        Index Cond: ((id >= 1531416) AND (id <= 1541415))

table 5 : explain SELECT c FROM sbtest5 WHERE id BETWEEN 3957692 AND 3967691
	Bitmap Heap Scan on sbtest5  (cost=298.69..32001.08 rows=9196 width=121)
	  Recheck Cond: ((id >= 3957692) AND (id <= 3967691))
	  ->  Bitmap Index Scan on sbtest5_pkey  (cost=0.00..296.40 rows=9196 width=0)
	        Index Cond: ((id >= 3957692) AND (id <= 3967691))

table 6 : explain SELECT c FROM sbtest6 WHERE id BETWEEN 5116282 AND 5126281
	Bitmap Heap Scan on sbtest6  (cost=316.58..33917.99 rows=9770 width=121)
	  Recheck Cond: ((id >= 5116282) AND (id <= 5126281))
	  ->  Bitmap Index Scan on sbtest6_pkey  (cost=0.00..314.13 rows=9770 width=0)
	        Index Cond: ((id >= 5116282) AND (id <= 5126281))

table 7 : explain SELECT c FROM sbtest7 WHERE id BETWEEN 2370944 AND 2380943
	Bitmap Heap Scan on sbtest7  (cost=315.66..33834.53 rows=9680 width=121)
	  Recheck Cond: ((id >= 2370944) AND (id <= 2380943))
	  ->  Bitmap Index Scan on sbtest7_pkey  (cost=0.00..313.24 rows=9680 width=0)
	        Index Cond: ((id >= 2370944) AND (id <= 2380943))

table 8 : explain SELECT c FROM sbtest8 WHERE id BETWEEN 2138891 AND 2148890
	Bitmap Heap Scan on sbtest8  (cost=334.02..35749.17 rows=10301 width=121)
	  Recheck Cond: ((id >= 2138891) AND (id <= 2148890))
	  ->  Bitmap Index Scan on sbtest8_pkey  (cost=0.00..331.44 rows=10301 width=0)
	        Index Cond: ((id >= 2138891) AND (id <= 2148890))

for point_selects
table 1 : explain SELECT c FROM sbtest1 WHERE id=6546728
	Index Scan using sbtest1_pkey on sbtest1  (cost=0.43..8.45 rows=1 width=121)
	  Index Cond: (id = 6546728)

table 2 : explain SELECT c FROM sbtest2 WHERE id=6548619
	Index Scan using sbtest2_pkey on sbtest2  (cost=0.43..8.45 rows=1 width=121)
	  Index Cond: (id = 6548619)

table 3 : explain SELECT c FROM sbtest3 WHERE id=794127
	Index Scan using sbtest3_pkey on sbtest3  (cost=0.43..8.45 rows=1 width=121)
	  Index Cond: (id = 794127)

table 4 : explain SELECT c FROM sbtest4 WHERE id=7588315
	Index Scan using sbtest4_pkey on sbtest4  (cost=0.43..8.45 rows=1 width=121)
	  Index Cond: (id = 7588315)

table 5 : explain SELECT c FROM sbtest5 WHERE id=2439700
	Index Scan using sbtest5_pkey on sbtest5  (cost=0.43..8.45 rows=1 width=121)
	  Index Cond: (id = 2439700)

table 6 : explain SELECT c FROM sbtest6 WHERE id=3811198
	Index Scan using sbtest6_pkey on sbtest6  (cost=0.43..8.45 rows=1 width=121)
	  Index Cond: (id = 3811198)

table 7 : explain SELECT c FROM sbtest7 WHERE id=7602156
	Index Scan using sbtest7_pkey on sbtest7  (cost=0.43..8.45 rows=1 width=121)
	  Index Cond: (id = 7602156)

table 8 : explain SELECT c FROM sbtest8 WHERE id=5563660
	Index Scan using sbtest8_pkey on sbtest8  (cost=0.43..8.45 rows=1 width=121)
	  Index Cond: (id = 5563660)

explain: for point_selects :: explain SELECT c FROM sbtest%u WHERE id=%u
for: sum_ranges
table 1 : explain SELECT SUM(k) FROM sbtest1 WHERE id BETWEEN 1679626 AND 1689625
	Aggregate  (cost=36187.82..36187.83 rows=1 width=8)
	  ->  Bitmap Heap Scan on sbtest1  (cost=339.80..36161.63 rows=10475 width=4)
	        Recheck Cond: ((id >= 1679626) AND (id <= 1689625))
	        ->  Bitmap Index Scan on sbtest1_pkey  (cost=0.00..337.19 rows=10475 width=0)
	              Index Cond: ((id >= 1679626) AND (id <= 1689625))

table 2 : explain SELECT SUM(k) FROM sbtest2 WHERE id BETWEEN 8519670 AND 8529669
	Aggregate  (cost=32117.81..32117.82 rows=1 width=8)
	  ->  Bitmap Heap Scan on sbtest2  (cost=298.74..32094.81 rows=9200 width=4)
	        Recheck Cond: ((id >= 8519670) AND (id <= 8529669))
	        ->  Bitmap Index Scan on sbtest2_pkey  (cost=0.00..296.44 rows=9200 width=0)
	              Index Cond: ((id >= 8519670) AND (id <= 8529669))

table 3 : explain SELECT SUM(k) FROM sbtest3 WHERE id BETWEEN 5512770 AND 5522769
	Aggregate  (cost=35486.28..35486.29 rows=1 width=8)
	  ->  Bitmap Heap Scan on sbtest3  (cost=333.29..35460.70 rows=10230 width=4)
	        Recheck Cond: ((id >= 5512770) AND (id <= 5522769))
	        ->  Bitmap Index Scan on sbtest3_pkey  (cost=0.00..330.74 rows=10230 width=0)
	              Index Cond: ((id >= 5512770) AND (id <= 5522769))

table 4 : explain SELECT SUM(k) FROM sbtest4 WHERE id BETWEEN 9756949 AND 9766948
	Aggregate  (cost=31613.19..31613.20 rows=1 width=8)
	  ->  Bitmap Heap Scan on sbtest4  (cost=292.57..31590.72 rows=8989 width=4)
	        Recheck Cond: ((id >= 9756949) AND (id <= 9766948))
	        ->  Bitmap Index Scan on sbtest4_pkey  (cost=0.00..290.32 rows=8989 width=0)
	              Index Cond: ((id >= 9756949) AND (id <= 9766948))

table 5 : explain SELECT SUM(k) FROM sbtest5 WHERE id BETWEEN 9394513 AND 9404512
	Aggregate  (cost=35560.98..35560.99 rows=1 width=8)
	  ->  Bitmap Heap Scan on sbtest5  (cost=334.18..35535.19 rows=10317 width=4)
	        Recheck Cond: ((id >= 9394513) AND (id <= 9404512))
	        ->  Bitmap Index Scan on sbtest5_pkey  (cost=0.00..331.61 rows=10317 width=0)
	              Index Cond: ((id >= 9394513) AND (id <= 9404512))

table 6 : explain SELECT SUM(k) FROM sbtest6 WHERE id BETWEEN 4457529 AND 4467528
	Aggregate  (cost=37075.03..37075.04 rows=1 width=8)
	  ->  Bitmap Heap Scan on sbtest6  (cost=350.79..37048.12 rows=10766 width=4)
	        Recheck Cond: ((id >= 4457529) AND (id <= 4467528))
	        ->  Bitmap Index Scan on sbtest6_pkey  (cost=0.00..348.09 rows=10766 width=0)
	              Index Cond: ((id >= 4457529) AND (id <= 4467528))

table 7 : explain SELECT SUM(k) FROM sbtest7 WHERE id BETWEEN 9824613 AND 9834612
	Aggregate  (cost=32784.63..32784.64 rows=1 width=8)
	  ->  Bitmap Heap Scan on sbtest7  (cost=304.22..32761.27 rows=9345 width=4)
	        Recheck Cond: ((id >= 9824613) AND (id <= 9834612))
	        ->  Bitmap Index Scan on sbtest7_pkey  (cost=0.00..301.88 rows=9345 width=0)
	              Index Cond: ((id >= 9824613) AND (id <= 9834612))

table 8 : explain SELECT SUM(k) FROM sbtest8 WHERE id BETWEEN 3415568 AND 3425567
	Aggregate  (cost=33587.40..33587.41 rows=1 width=8)
	  ->  Bitmap Heap Scan on sbtest8  (cost=310.98..33563.37 rows=9614 width=4)
	        Recheck Cond: ((id >= 3415568) AND (id <= 3425567))
	        ->  Bitmap Index Scan on sbtest8_pkey  (cost=0.00..308.57 rows=9614 width=0)
	              Index Cond: ((id >= 3415568) AND (id <= 3425567))

for: sum_ranges
table 1 : explain SELECT SUM(k) FROM sbtest1 WHERE id BETWEEN 5175823 AND 5185822
	Aggregate  (cost=33325.75..33325.76 rows=1 width=8)
	  ->  Bitmap Heap Scan on sbtest1  (cost=310.52..33301.82 rows=9569 width=4)
	        Recheck Cond: ((id >= 5175823) AND (id <= 5185822))
	        ->  Bitmap Index Scan on sbtest1_pkey  (cost=0.00..308.12 rows=9569 width=0)
	              Index Cond: ((id >= 5175823) AND (id <= 5185822))

table 2 : explain SELECT SUM(k) FROM sbtest2 WHERE id BETWEEN 5264605 AND 5274604
	Aggregate  (cost=33126.30..33126.31 rows=1 width=8)
	  ->  Bitmap Heap Scan on sbtest2  (cost=309.97..33102.51 rows=9516 width=4)
	        Recheck Cond: ((id >= 5264605) AND (id <= 5274604))
	        ->  Bitmap Index Scan on sbtest2_pkey  (cost=0.00..307.59 rows=9516 width=0)
	              Index Cond: ((id >= 5264605) AND (id <= 5274604))

table 3 : explain SELECT SUM(k) FROM sbtest3 WHERE id BETWEEN 4299587 AND 4309586
	Aggregate  (cost=36985.73..36985.74 rows=1 width=8)
	  ->  Bitmap Heap Scan on sbtest3  (cost=346.18..36958.96 rows=10707 width=4)
	        Recheck Cond: ((id >= 4299587) AND (id <= 4309586))
	        ->  Bitmap Index Scan on sbtest3_pkey  (cost=0.00..343.50 rows=10707 width=0)
	              Index Cond: ((id >= 4299587) AND (id <= 4309586))

table 4 : explain SELECT SUM(k) FROM sbtest4 WHERE id BETWEEN 6837898 AND 6847897
	Aggregate  (cost=36563.25..36563.26 rows=1 width=8)
	  ->  Bitmap Heap Scan on sbtest4  (cost=340.45..36536.91 rows=10538 width=4)
	        Recheck Cond: ((id >= 6837898) AND (id <= 6847897))
	        ->  Bitmap Index Scan on sbtest4_pkey  (cost=0.00..337.81 rows=10538 width=0)
	              Index Cond: ((id >= 6837898) AND (id <= 6847897))

table 5 : explain SELECT SUM(k) FROM sbtest5 WHERE id BETWEEN 5614761 AND 5624760
	Aggregate  (cost=31165.18..31165.19 rows=1 width=8)
	  ->  Bitmap Heap Scan on sbtest5  (cost=287.94..31142.87 rows=8927 width=4)
	        Recheck Cond: ((id >= 5614761) AND (id <= 5624760))
	        ->  Bitmap Index Scan on sbtest5_pkey  (cost=0.00..285.70 rows=8927 width=0)
	              Index Cond: ((id >= 5614761) AND (id <= 5624760))

table 6 : explain SELECT SUM(k) FROM sbtest6 WHERE id BETWEEN 558354 AND 568353
	Aggregate  (cost=34270.61..34270.62 rows=1 width=8)
	  ->  Bitmap Heap Scan on sbtest6  (cost=321.63..34245.93 rows=9873 width=4)
	        Recheck Cond: ((id >= 558354) AND (id <= 568353))
	        ->  Bitmap Index Scan on sbtest6_pkey  (cost=0.00..319.17 rows=9873 width=0)
	              Index Cond: ((id >= 558354) AND (id <= 568353))

table 7 : explain SELECT SUM(k) FROM sbtest7 WHERE id BETWEEN 6245024 AND 6255023
	Aggregate  (cost=34980.81..34980.82 rows=1 width=8)
	  ->  Bitmap Heap Scan on sbtest7  (cost=327.25..34955.73 rows=10031 width=4)
	        Recheck Cond: ((id >= 6245024) AND (id <= 6255023))
	        ->  Bitmap Index Scan on sbtest7_pkey  (cost=0.00..324.75 rows=10031 width=0)
	              Index Cond: ((id >= 6245024) AND (id <= 6255023))

table 8 : explain SELECT SUM(k) FROM sbtest8 WHERE id BETWEEN 8719453 AND 8729452
	Aggregate  (cost=36349.02..36349.03 rows=1 width=8)
	  ->  Bitmap Heap Scan on sbtest8  (cost=339.88..36322.81 rows=10482 width=4)
	        Recheck Cond: ((id >= 8719453) AND (id <= 8729452))
	        ->  Bitmap Index Scan on sbtest8_pkey  (cost=0.00..337.25 rows=10482 width=0)
	              Index Cond: ((id >= 8719453) AND (id <= 8729452))

for point_selects
table 1 : explain SELECT c FROM sbtest1 WHERE id=7636472
	Index Scan using sbtest1_pkey on sbtest1  (cost=0.43..8.45 rows=1 width=121)
	  Index Cond: (id = 7636472)

table 2 : explain SELECT c FROM sbtest2 WHERE id=7481246
	Index Scan using sbtest2_pkey on sbtest2  (cost=0.43..8.45 rows=1 width=121)
	  Index Cond: (id = 7481246)

table 3 : explain SELECT c FROM sbtest3 WHERE id=8427242
	Index Scan using sbtest3_pkey on sbtest3  (cost=0.43..8.45 rows=1 width=121)
	  Index Cond: (id = 8427242)

table 4 : explain SELECT c FROM sbtest4 WHERE id=8404980
	Index Scan using sbtest4_pkey on sbtest4  (cost=0.43..8.45 rows=1 width=121)
	  Index Cond: (id = 8404980)

table 5 : explain SELECT c FROM sbtest5 WHERE id=614955
	Index Scan using sbtest5_pkey on sbtest5  (cost=0.43..8.45 rows=1 width=121)
	  Index Cond: (id = 614955)

table 6 : explain SELECT c FROM sbtest6 WHERE id=7950168
	Index Scan using sbtest6_pkey on sbtest6  (cost=0.43..8.45 rows=1 width=121)
	  Index Cond: (id = 7950168)

table 7 : explain SELECT c FROM sbtest7 WHERE id=3177715
	Index Scan using sbtest7_pkey on sbtest7  (cost=0.43..8.45 rows=1 width=121)
	  Index Cond: (id = 3177715)

table 8 : explain SELECT c FROM sbtest8 WHERE id=9549297
	Index Scan using sbtest8_pkey on sbtest8  (cost=0.43..8.45 rows=1 width=121)
	  Index Cond: (id = 9549297)

explain: for point_selects :: explain SELECT c FROM sbtest%u WHERE id=%u
for point_selects
table 1 : explain SELECT c FROM sbtest1 WHERE id=5536595
	Index Scan using sbtest1_pkey on sbtest1  (cost=0.43..8.45 rows=1 width=121)
	  Index Cond: (id = 5536595)

table 2 : explain SELECT c FROM sbtest2 WHERE id=7506587
	Index Scan using sbtest2_pkey on sbtest2  (cost=0.43..8.45 rows=1 width=121)
	  Index Cond: (id = 7506587)

table 3 : explain SELECT c FROM sbtest3 WHERE id=8538383
	Index Scan using sbtest3_pkey on sbtest3  (cost=0.43..8.45 rows=1 width=121)
	  Index Cond: (id = 8538383)

table 4 : explain SELECT c FROM sbtest4 WHERE id=8410413
	Index Scan using sbtest4_pkey on sbtest4  (cost=0.43..8.45 rows=1 width=121)
	  Index Cond: (id = 8410413)

table 5 : explain SELECT c FROM sbtest5 WHERE id=2966031
	Index Scan using sbtest5_pkey on sbtest5  (cost=0.43..8.45 rows=1 width=121)
	  Index Cond: (id = 2966031)

table 6 : explain SELECT c FROM sbtest6 WHERE id=7623780
	Index Scan using sbtest6_pkey on sbtest6  (cost=0.43..8.45 rows=1 width=121)
	  Index Cond: (id = 7623780)

table 7 : explain SELECT c FROM sbtest7 WHERE id=5241138
	Index Scan using sbtest7_pkey on sbtest7  (cost=0.43..8.45 rows=1 width=121)
	  Index Cond: (id = 5241138)

table 8 : explain SELECT c FROM sbtest8 WHERE id=7226502
	Index Scan using sbtest8_pkey on sbtest8  (cost=0.43..8.45 rows=1 width=121)
	  Index Cond: (id = 7226502)

for: simple_ranges
table 1 : explain SELECT c FROM sbtest1 WHERE id BETWEEN 6676854 AND 6686853
	Bitmap Heap Scan on sbtest1  (cost=311.11..33483.89 rows=9627 width=121)
	  Recheck Cond: ((id >= 6676854) AND (id <= 6686853))
	  ->  Bitmap Index Scan on sbtest1_pkey  (cost=0.00..308.70 rows=9627 width=0)
	        Index Cond: ((id >= 6676854) AND (id <= 6686853))

table 2 : explain SELECT c FROM sbtest2 WHERE id BETWEEN 3389009 AND 3399008
	Bitmap Heap Scan on sbtest2  (cost=274.75..29596.67 rows=8421 width=121)
	  Recheck Cond: ((id >= 3389009) AND (id <= 3399008))
	  ->  Bitmap Index Scan on sbtest2_pkey  (cost=0.00..272.65 rows=8421 width=0)
	        Index Cond: ((id >= 3389009) AND (id <= 3399008))

table 3 : explain SELECT c FROM sbtest3 WHERE id BETWEEN 1549012 AND 1559011
	Bitmap Heap Scan on sbtest3  (cost=322.27..34525.98 rows=9935 width=121)
	  Recheck Cond: ((id >= 1549012) AND (id <= 1559011))
	  ->  Bitmap Index Scan on sbtest3_pkey  (cost=0.00..319.79 rows=9935 width=0)
	        Index Cond: ((id >= 1549012) AND (id <= 1559011))

table 4 : explain SELECT c FROM sbtest4 WHERE id BETWEEN 9859518 AND 9869517
	Bitmap Heap Scan on sbtest4  (cost=317.00..34230.02 rows=9811 width=121)
	  Recheck Cond: ((id >= 9859518) AND (id <= 9869517))
	  ->  Bitmap Index Scan on sbtest4_pkey  (cost=0.00..314.55 rows=9811 width=0)
	        Index Cond: ((id >= 9859518) AND (id <= 9869517))

table 5 : explain SELECT c FROM sbtest5 WHERE id BETWEEN 5941747 AND 5951746
	Bitmap Heap Scan on sbtest5  (cost=339.98..36080.58 rows=10492 width=121)
	  Recheck Cond: ((id >= 5941747) AND (id <= 5951746))
	  ->  Bitmap Index Scan on sbtest5_pkey  (cost=0.00..337.36 rows=10492 width=0)
	        Index Cond: ((id >= 5941747) AND (id <= 5951746))

table 6 : explain SELECT c FROM sbtest6 WHERE id BETWEEN 1870063 AND 1880062
	Bitmap Heap Scan on sbtest6  (cost=310.57..33297.38 rows=9574 width=121)
	  Recheck Cond: ((id >= 1870063) AND (id <= 1880062))
	  ->  Bitmap Index Scan on sbtest6_pkey  (cost=0.00..308.18 rows=9574 width=0)
	        Index Cond: ((id >= 1870063) AND (id <= 1880062))

table 7 : explain SELECT c FROM sbtest7 WHERE id BETWEEN 2117426 AND 2127425
	Bitmap Heap Scan on sbtest7  (cost=309.83..33264.01 rows=9502 width=121)
	  Recheck Cond: ((id >= 2117426) AND (id <= 2127425))
	  ->  Bitmap Index Scan on sbtest7_pkey  (cost=0.00..307.45 rows=9502 width=0)
	        Index Cond: ((id >= 2117426) AND (id <= 2127425))

table 8 : explain SELECT c FROM sbtest8 WHERE id BETWEEN 9338688 AND 9348687
	Bitmap Heap Scan on sbtest8  (cost=334.34..35846.36 rows=10332 width=121)
	  Recheck Cond: ((id >= 9338688) AND (id <= 9348687))
	  ->  Bitmap Index Scan on sbtest8_pkey  (cost=0.00..331.75 rows=10332 width=0)
	        Index Cond: ((id >= 9338688) AND (id <= 9348687))

for: order_ranges
table 1 : explain SELECT c FROM sbtest1 WHERE id BETWEEN 6226076 AND 6236075 ORDER BY c
	Sort  (cost=35303.58..35328.56 rows=9992 width=121)
	  Sort Key: c
	  ->  Bitmap Heap Scan on sbtest1  (cost=322.85..34639.78 rows=9992 width=121)
	        Recheck Cond: ((id >= 6226076) AND (id <= 6236075))
	        ->  Bitmap Index Scan on sbtest1_pkey  (cost=0.00..320.36 rows=9992 width=0)
	              Index Cond: ((id >= 6226076) AND (id <= 6236075))

table 2 : explain SELECT c FROM sbtest2 WHERE id BETWEEN 5502449 AND 5512448 ORDER BY c
	Sort  (cost=37553.55..37580.30 rows=10703 width=121)
	  Sort Key: c
	  ->  Bitmap Heap Scan on sbtest2  (cost=346.14..36837.21 rows=10703 width=121)
	        Recheck Cond: ((id >= 5502449) AND (id <= 5512448))
	        ->  Bitmap Index Scan on sbtest2_pkey  (cost=0.00..343.46 rows=10703 width=0)
	              Index Cond: ((id >= 5502449) AND (id <= 5512448))

table 3 : explain SELECT c FROM sbtest3 WHERE id BETWEEN 3054588 AND 3064587 ORDER BY c
	Sort  (cost=33447.59..33471.09 rows=9401 width=121)
	  Sort Key: c
	  ->  Bitmap Heap Scan on sbtest3  (cost=304.80..32827.19 rows=9401 width=121)
	        Recheck Cond: ((id >= 3054588) AND (id <= 3064587))
	        ->  Bitmap Index Scan on sbtest3_pkey  (cost=0.00..302.44 rows=9401 width=0)
	              Index Cond: ((id >= 3054588) AND (id <= 3064587))

table 4 : explain SELECT c FROM sbtest4 WHERE id BETWEEN 4571861 AND 4581860 ORDER BY c
	Sort  (cost=36278.22..36303.82 rows=10240 width=121)
	  Sort Key: c
	  ->  Bitmap Heap Scan on sbtest4  (cost=333.39..35596.13 rows=10240 width=121)
	        Recheck Cond: ((id >= 4571861) AND (id <= 4581860))
	        ->  Bitmap Index Scan on sbtest4_pkey  (cost=0.00..330.83 rows=10240 width=0)
	              Index Cond: ((id >= 4571861) AND (id <= 4581860))

table 5 : explain SELECT c FROM sbtest5 WHERE id BETWEEN 5732395 AND 5742394 ORDER BY c
	Sort  (cost=34921.58..34946.36 rows=9911 width=121)
	  Sort Key: c
	  ->  Bitmap Heap Scan on sbtest5  (cost=322.02..34263.75 rows=9911 width=121)
	        Recheck Cond: ((id >= 5732395) AND (id <= 5742394))
	        ->  Bitmap Index Scan on sbtest5_pkey  (cost=0.00..319.55 rows=9911 width=0)
	              Index Cond: ((id >= 5732395) AND (id <= 5742394))

table 6 : explain SELECT c FROM sbtest6 WHERE id BETWEEN 4103796 AND 4113795 ORDER BY c
	Sort  (cost=34186.31..34210.45 rows=9653 width=121)
	  Sort Key: c
	  ->  Bitmap Heap Scan on sbtest6  (cost=311.38..33547.44 rows=9653 width=121)
	        Recheck Cond: ((id >= 4103796) AND (id <= 4113795))
	        ->  Bitmap Index Scan on sbtest6_pkey  (cost=0.00..308.96 rows=9653 width=0)
	              Index Cond: ((id >= 4103796) AND (id <= 4113795))

table 7 : explain SELECT c FROM sbtest7 WHERE id BETWEEN 2020271 AND 2030270 ORDER BY c
	Sort  (cost=34498.79..34523.00 rows=9687 width=121)
	  Sort Key: c
	  ->  Bitmap Heap Scan on sbtest7  (cost=315.73..33857.42 rows=9687 width=121)
	        Recheck Cond: ((id >= 2020271) AND (id <= 2030270))
	        ->  Bitmap Index Scan on sbtest7_pkey  (cost=0.00..313.31 rows=9687 width=0)
	              Index Cond: ((id >= 2020271) AND (id <= 2030270))

table 8 : explain SELECT c FROM sbtest8 WHERE id BETWEEN 7820764 AND 7830763 ORDER BY c
	Sort  (cost=32864.88..32887.90 rows=9206 width=121)
	  Sort Key: c
	  ->  Bitmap Heap Scan on sbtest8  (cost=298.80..32258.74 rows=9206 width=121)
	        Recheck Cond: ((id >= 7820764) AND (id <= 7830763))
	        ->  Bitmap Index Scan on sbtest8_pkey  (cost=0.00..296.50 rows=9206 width=0)
	              Index Cond: ((id >= 7820764) AND (id <= 7830763))

for: simple_ranges
table 1 : explain SELECT c FROM sbtest1 WHERE id BETWEEN 1452268 AND 1462267
	Bitmap Heap Scan on sbtest1  (cost=286.82..30900.73 rows=8818 width=121)
	  Recheck Cond: ((id >= 1452268) AND (id <= 1462267))
	  ->  Bitmap Index Scan on sbtest1_pkey  (cost=0.00..284.62 rows=8818 width=0)
	        Index Cond: ((id >= 1452268) AND (id <= 1462267))

table 2 : explain SELECT c FROM sbtest2 WHERE id BETWEEN 4758 AND 14757
	Bitmap Heap Scan on sbtest2  (cost=333.92..35547.75 rows=10291 width=121)
	  Recheck Cond: ((id >= 4758) AND (id <= 14757))
	  ->  Bitmap Index Scan on sbtest2_pkey  (cost=0.00..331.34 rows=10291 width=0)
	        Index Cond: ((id >= 4758) AND (id <= 14757))

table 3 : explain SELECT c FROM sbtest3 WHERE id BETWEEN 8969451 AND 8979450
	Bitmap Heap Scan on sbtest3  (cost=351.58..37387.22 rows=10843 width=121)
	  Recheck Cond: ((id >= 8969451) AND (id <= 8979450))
	  ->  Bitmap Index Scan on sbtest3_pkey  (cost=0.00..348.87 rows=10843 width=0)
	        Index Cond: ((id >= 8969451) AND (id <= 8979450))

table 4 : explain SELECT c FROM sbtest4 WHERE id BETWEEN 7886380 AND 7896379
	Bitmap Heap Scan on sbtest4  (cost=304.15..32716.77 rows=9338 width=121)
	  Recheck Cond: ((id >= 7886380) AND (id <= 7896379))
	  ->  Bitmap Index Scan on sbtest4_pkey  (cost=0.00..301.81 rows=9338 width=0)
	        Index Cond: ((id >= 7886380) AND (id <= 7896379))

table 5 : explain SELECT c FROM sbtest5 WHERE id BETWEEN 2319187 AND 2329186
	Bitmap Heap Scan on sbtest5  (cost=311.13..33371.15 rows=9629 width=121)
	  Recheck Cond: ((id >= 2319187) AND (id <= 2329186))
	  ->  Bitmap Index Scan on sbtest5_pkey  (cost=0.00..308.73 rows=9629 width=0)
	        Index Cond: ((id >= 2319187) AND (id <= 2329186))

table 6 : explain SELECT c FROM sbtest6 WHERE id BETWEEN 5548453 AND 5558452
	Bitmap Heap Scan on sbtest6  (cost=339.29..35984.16 rows=10425 width=121)
	  Recheck Cond: ((id >= 5548453) AND (id <= 5558452))
	  ->  Bitmap Index Scan on sbtest6_pkey  (cost=0.00..336.69 rows=10425 width=0)
	        Index Cond: ((id >= 5548453) AND (id <= 5558452))

table 7 : explain SELECT c FROM sbtest7 WHERE id BETWEEN 5274213 AND 5284212
	Bitmap Heap Scan on sbtest7  (cost=276.00..30160.63 rows=8543 width=121)
	  Recheck Cond: ((id >= 5274213) AND (id <= 5284212))
	  ->  Bitmap Index Scan on sbtest7_pkey  (cost=0.00..273.87 rows=8543 width=0)
	        Index Cond: ((id >= 5274213) AND (id <= 5284212))

table 8 : explain SELECT c FROM sbtest8 WHERE id BETWEEN 5068213 AND 5078212
	Bitmap Heap Scan on sbtest8  (cost=299.12..32360.48 rows=9238 width=121)
	  Recheck Cond: ((id >= 5068213) AND (id <= 5078212))
	  ->  Bitmap Index Scan on sbtest8_pkey  (cost=0.00..296.81 rows=9238 width=0)
	        Index Cond: ((id >= 5068213) AND (id <= 5078212))

for: sum_ranges
table 1 : explain SELECT SUM(k) FROM sbtest1 WHERE id BETWEEN 6794440 AND 6804439
	Aggregate  (cost=30929.34..30929.35 rows=1 width=8)
	  ->  Bitmap Heap Scan on sbtest1  (cost=286.84..30907.29 rows=8820 width=4)
	        Recheck Cond: ((id >= 6794440) AND (id <= 6804439))
	        ->  Bitmap Index Scan on sbtest1_pkey  (cost=0.00..284.63 rows=8820 width=0)
	              Index Cond: ((id >= 6794440) AND (id <= 6804439))

table 2 : explain SELECT SUM(k) FROM sbtest2 WHERE id BETWEEN 7859304 AND 7869303
	Aggregate  (cost=33565.01..33565.02 rows=1 width=8)
	  ->  Bitmap Heap Scan on sbtest2  (cost=311.40..33540.88 rows=9655 width=4)
	        Recheck Cond: ((id >= 7859304) AND (id <= 7869303))
	        ->  Bitmap Index Scan on sbtest2_pkey  (cost=0.00..308.99 rows=9655 width=0)
	              Index Cond: ((id >= 7859304) AND (id <= 7869303))

table 3 : explain SELECT SUM(k) FROM sbtest3 WHERE id BETWEEN 8069053 AND 8079052
	Aggregate  (cost=36078.78..36078.79 rows=1 width=8)
	  ->  Bitmap Heap Scan on sbtest3  (cost=339.21..36052.74 rows=10417 width=4)
	        Recheck Cond: ((id >= 8069053) AND (id <= 8079052))
	        ->  Bitmap Index Scan on sbtest3_pkey  (cost=0.00..336.61 rows=10417 width=0)
	              Index Cond: ((id >= 8069053) AND (id <= 8079052))

table 4 : explain SELECT SUM(k) FROM sbtest4 WHERE id BETWEEN 5270916 AND 5280915
	Aggregate  (cost=30879.34..30879.35 rows=1 width=8)
	  ->  Bitmap Heap Scan on sbtest4  (cost=286.25..30857.44 rows=8762 width=4)
	        Recheck Cond: ((id >= 5270916) AND (id <= 5280915))
	        ->  Bitmap Index Scan on sbtest4_pkey  (cost=0.00..284.06 rows=8762 width=0)
	              Index Cond: ((id >= 5270916) AND (id <= 5280915))

table 5 : explain SELECT SUM(k) FROM sbtest5 WHERE id BETWEEN 3780660 AND 3790659
	Aggregate  (cost=34162.71..34162.72 rows=1 width=8)
	  ->  Bitmap Heap Scan on sbtest5  (cost=321.61..34138.03 rows=9871 width=4)
	        Recheck Cond: ((id >= 3780660) AND (id <= 3790659))
	        ->  Bitmap Index Scan on sbtest5_pkey  (cost=0.00..319.15 rows=9871 width=0)
	              Index Cond: ((id >= 3780660) AND (id <= 3790659))

table 6 : explain SELECT SUM(k) FROM sbtest6 WHERE id BETWEEN 1397839 AND 1407838
	Aggregate  (cost=37497.83..37497.84 rows=1 width=8)
	  ->  Bitmap Heap Scan on sbtest6  (cost=352.18..37470.58 rows=10902 width=4)
	        Recheck Cond: ((id >= 1397839) AND (id <= 1407838))
	        ->  Bitmap Index Scan on sbtest6_pkey  (cost=0.00..349.45 rows=10902 width=0)
	              Index Cond: ((id >= 1397839) AND (id <= 1407838))

table 7 : explain SELECT SUM(k) FROM sbtest7 WHERE id BETWEEN 8926851 AND 8936850
	Aggregate  (cost=36224.98..36224.99 rows=1 width=8)
	  ->  Bitmap Heap Scan on sbtest7  (cost=339.26..36198.92 rows=10422 width=4)
	        Recheck Cond: ((id >= 8926851) AND (id <= 8936850))
	        ->  Bitmap Index Scan on sbtest7_pkey  (cost=0.00..336.66 rows=10422 width=0)
	              Index Cond: ((id >= 8926851) AND (id <= 8936850))

table 8 : explain SELECT SUM(k) FROM sbtest8 WHERE id BETWEEN 1361304 AND 1371303
	Aggregate  (cost=35453.72..35453.73 rows=1 width=8)
	  ->  Bitmap Heap Scan on sbtest8  (cost=332.97..35428.22 rows=10199 width=4)
	        Recheck Cond: ((id >= 1361304) AND (id <= 1371303))
	        ->  Bitmap Index Scan on sbtest8_pkey  (cost=0.00..330.43 rows=10199 width=0)
	              Index Cond: ((id >= 1361304) AND (id <= 1371303))

for: simple_ranges
table 1 : explain SELECT c FROM sbtest1 WHERE id BETWEEN 7997902 AND 8007901
	Bitmap Heap Scan on sbtest1  (cost=328.15..35041.45 rows=10119 width=121)
	  Recheck Cond: ((id >= 7997902) AND (id <= 8007901))
	  ->  Bitmap Index Scan on sbtest1_pkey  (cost=0.00..325.62 rows=10119 width=0)
	        Index Cond: ((id >= 7997902) AND (id <= 8007901))

table 2 : explain SELECT c FROM sbtest2 WHERE id BETWEEN 2065548 AND 2075547
	Bitmap Heap Scan on sbtest2  (cost=345.38..36606.44 rows=10629 width=121)
	  Recheck Cond: ((id >= 2065548) AND (id <= 2075547))
	  ->  Bitmap Index Scan on sbtest2_pkey  (cost=0.00..342.73 rows=10629 width=0)
	        Index Cond: ((id >= 2065548) AND (id <= 2075547))

table 3 : explain SELECT c FROM sbtest3 WHERE id BETWEEN 954500 AND 964499
	Bitmap Heap Scan on sbtest3  (cost=329.03..35375.82 rows=10204 width=121)
	  Recheck Cond: ((id >= 954500) AND (id <= 964499))
	  ->  Bitmap Index Scan on sbtest3_pkey  (cost=0.00..326.48 rows=10204 width=0)
	        Index Cond: ((id >= 954500) AND (id <= 964499))

table 4 : explain SELECT c FROM sbtest4 WHERE id BETWEEN 1675293 AND 1685292
	Bitmap Heap Scan on sbtest4  (cost=287.82..31352.65 rows=8916 width=121)
	  Recheck Cond: ((id >= 1675293) AND (id <= 1685292))
	  ->  Bitmap Index Scan on sbtest4_pkey  (cost=0.00..285.59 rows=8916 width=0)
	        Index Cond: ((id >= 1675293) AND (id <= 1685292))

table 5 : explain SELECT c FROM sbtest5 WHERE id BETWEEN 5313995 AND 5323994
	Bitmap Heap Scan on sbtest5  (cost=303.91..32382.00 rows=9315 width=121)
	  Recheck Cond: ((id >= 5313995) AND (id <= 5323994))
	  ->  Bitmap Index Scan on sbtest5_pkey  (cost=0.00..301.58 rows=9315 width=0)
	        Index Cond: ((id >= 5313995) AND (id <= 5323994))

table 6 : explain SELECT c FROM sbtest6 WHERE id BETWEEN 3200034 AND 3210033
	Bitmap Heap Scan on sbtest6  (cost=304.77..32740.43 rows=9399 width=121)
	  Recheck Cond: ((id >= 3200034) AND (id <= 3210033))
	  ->  Bitmap Index Scan on sbtest6_pkey  (cost=0.00..302.43 rows=9399 width=0)
	        Index Cond: ((id >= 3200034) AND (id <= 3210033))

table 7 : explain SELECT c FROM sbtest7 WHERE id BETWEEN 4210332 AND 4220331
	Bitmap Heap Scan on sbtest7  (cost=328.81..35437.46 rows=10183 width=121)
	  Recheck Cond: ((id >= 4210332) AND (id <= 4220331))
	  ->  Bitmap Index Scan on sbtest7_pkey  (cost=0.00..326.26 rows=10183 width=0)
	        Index Cond: ((id >= 4210332) AND (id <= 4220331))

table 8 : explain SELECT c FROM sbtest8 WHERE id BETWEEN 2687342 AND 2697341
	Bitmap Heap Scan on sbtest8  (cost=344.82..36614.43 rows=10574 width=121)
	  Recheck Cond: ((id >= 2687342) AND (id <= 2697341))
	  ->  Bitmap Index Scan on sbtest8_pkey  (cost=0.00..342.18 rows=10574 width=0)
	        Index Cond: ((id >= 2687342) AND (id <= 2697341))

explain: for point_selects :: explain SELECT c FROM sbtest%u WHERE id=%u
for: order_ranges
table 1 : explain SELECT c FROM sbtest1 WHERE id BETWEEN 8557953 AND 8567952 ORDER BY c
	Sort  (cost=35390.27..35415.32 rows=10017 width=121)
	  Sort Key: c
	  ->  Bitmap Heap Scan on sbtest1  (cost=327.11..34724.64 rows=10017 width=121)
	        Recheck Cond: ((id >= 8557953) AND (id <= 8567952))
	        ->  Bitmap Index Scan on sbtest1_pkey  (cost=0.00..324.61 rows=10017 width=0)
	              Index Cond: ((id >= 8557953) AND (id <= 8567952))

table 2 : explain SELECT c FROM sbtest2 WHERE id BETWEEN 7712007 AND 7722006 ORDER BY c
	Sort  (cost=34575.42..34599.86 rows=9777 width=121)
	  Sort Key: c
	  ->  Bitmap Heap Scan on sbtest2  (cost=316.65..33927.44 rows=9777 width=121)
	        Recheck Cond: ((id >= 7712007) AND (id <= 7722006))
	        ->  Bitmap Index Scan on sbtest2_pkey  (cost=0.00..314.20 rows=9777 width=0)
	              Index Cond: ((id >= 7712007) AND (id <= 7722006))

table 3 : explain SELECT c FROM sbtest3 WHERE id BETWEEN 5160005 AND 5170004 ORDER BY c
	Sort  (cost=35119.10..35143.89 rows=9914 width=121)
	  Sort Key: c
	  ->  Bitmap Heap Scan on sbtest3  (cost=322.05..34461.05 rows=9914 width=121)
	        Recheck Cond: ((id >= 5160005) AND (id <= 5170004))
	        ->  Bitmap Index Scan on sbtest3_pkey  (cost=0.00..319.57 rows=9914 width=0)
	              Index Cond: ((id >= 5160005) AND (id <= 5170004))

table 4 : explain SELECT c FROM sbtest4 WHERE id BETWEEN 9450119 AND 9460118 ORDER BY c
	Sort  (cost=35941.73..35967.07 rows=10137 width=121)
	  Sort Key: c
	  ->  Bitmap Heap Scan on sbtest4  (cost=328.34..35267.24 rows=10137 width=121)
	        Recheck Cond: ((id >= 9450119) AND (id <= 9460118))
	        ->  Bitmap Index Scan on sbtest4_pkey  (cost=0.00..325.81 rows=10137 width=0)
	              Index Cond: ((id >= 9450119) AND (id <= 9460118))

table 5 : explain SELECT c FROM sbtest5 WHERE id BETWEEN 933203 AND 943202 ORDER BY c
	Sort  (cost=40043.34..40072.14 rows=11522 width=121)
	  Sort Key: c
	  ->  Bitmap Heap Scan on sbtest5  (cost=374.54..39266.06 rows=11522 width=121)
	        Recheck Cond: ((id >= 933203) AND (id <= 943202))
	        ->  Bitmap Index Scan on sbtest5_pkey  (cost=0.00..371.66 rows=11522 width=0)
	              Index Cond: ((id >= 933203) AND (id <= 943202))

table 6 : explain SELECT c FROM sbtest6 WHERE id BETWEEN 2122092 AND 2132091 ORDER BY c
	Sort  (cost=37252.94..37279.45 rows=10604 width=121)
	  Sort Key: c
	  ->  Bitmap Heap Scan on sbtest6  (cost=345.13..36543.94 rows=10604 width=121)
	        Recheck Cond: ((id >= 2122092) AND (id <= 2132091))
	        ->  Bitmap Index Scan on sbtest6_pkey  (cost=0.00..342.48 rows=10604 width=0)
	              Index Cond: ((id >= 2122092) AND (id <= 2132091))

table 7 : explain SELECT c FROM sbtest7 WHERE id BETWEEN 4230109 AND 4240108 ORDER BY c
	Sort  (cost=36115.33..36140.79 rows=10183 width=121)
	  Sort Key: c
	  ->  Bitmap Heap Scan on sbtest7  (cost=328.81..35437.46 rows=10183 width=121)
	        Recheck Cond: ((id >= 4230109) AND (id <= 4240108))
	        ->  Bitmap Index Scan on sbtest7_pkey  (cost=0.00..326.26 rows=10183 width=0)
	              Index Cond: ((id >= 4230109) AND (id <= 4240108))

table 8 : explain SELECT c FROM sbtest8 WHERE id BETWEEN 9570985 AND 9580984 ORDER BY c
	Sort  (cost=33941.87..33965.70 rows=9534 width=121)
	  Sort Key: c
	  ->  Bitmap Heap Scan on sbtest8  (cost=310.16..33311.72 rows=9534 width=121)
	        Recheck Cond: ((id >= 9570985) AND (id <= 9580984))
	        ->  Bitmap Index Scan on sbtest8_pkey  (cost=0.00..307.78 rows=9534 width=0)
	              Index Cond: ((id >= 9570985) AND (id <= 9580984))

for point_selects
table 1 : explain SELECT c FROM sbtest1 WHERE id=4511935
	Index Scan using sbtest1_pkey on sbtest1  (cost=0.43..8.45 rows=1 width=121)
	  Index Cond: (id = 4511935)

table 2 : explain SELECT c FROM sbtest2 WHERE id=4992891
	Index Scan using sbtest2_pkey on sbtest2  (cost=0.43..8.45 rows=1 width=121)
	  Index Cond: (id = 4992891)

table 3 : explain SELECT c FROM sbtest3 WHERE id=8420259
	Index Scan using sbtest3_pkey on sbtest3  (cost=0.43..8.45 rows=1 width=121)
	  Index Cond: (id = 8420259)

table 4 : explain SELECT c FROM sbtest4 WHERE id=4659360
	Index Scan using sbtest4_pkey on sbtest4  (cost=0.43..8.45 rows=1 width=121)
	  Index Cond: (id = 4659360)

table 5 : explain SELECT c FROM sbtest5 WHERE id=2370238
	Index Scan using sbtest5_pkey on sbtest5  (cost=0.43..8.45 rows=1 width=121)
	  Index Cond: (id = 2370238)

table 6 : explain SELECT c FROM sbtest6 WHERE id=1953167
	Index Scan using sbtest6_pkey on sbtest6  (cost=0.43..8.45 rows=1 width=121)
	  Index Cond: (id = 1953167)

table 7 : explain SELECT c FROM sbtest7 WHERE id=2200903
	Index Scan using sbtest7_pkey on sbtest7  (cost=0.43..8.45 rows=1 width=121)
	  Index Cond: (id = 2200903)

table 8 : explain SELECT c FROM sbtest8 WHERE id=1515185
	Index Scan using sbtest8_pkey on sbtest8  (cost=0.43..8.45 rows=1 width=121)
	  Index Cond: (id = 1515185)

for: sum_ranges
table 1 : explain SELECT SUM(k) FROM sbtest1 WHERE id BETWEEN 6887878 AND 6897877
	Aggregate  (cost=33694.00..33694.01 rows=1 width=8)
	  ->  Bitmap Heap Scan on sbtest1  (cost=315.70..33669.79 rows=9684 width=4)
	        Recheck Cond: ((id >= 6887878) AND (id <= 6897877))
	        ->  Bitmap Index Scan on sbtest1_pkey  (cost=0.00..313.28 rows=9684 width=0)
	              Index Cond: ((id >= 6887878) AND (id <= 6897877))

table 2 : explain SELECT SUM(k) FROM sbtest2 WHERE id BETWEEN 8168827 AND 8178826
	Aggregate  (cost=35480.02..35480.03 rows=1 width=8)
	  ->  Bitmap Heap Scan on sbtest2  (cost=333.61..35454.37 rows=10261 width=4)
	        Recheck Cond: ((id >= 8168827) AND (id <= 8178826))
	        ->  Bitmap Index Scan on sbtest2_pkey  (cost=0.00..331.05 rows=10261 width=0)
	              Index Cond: ((id >= 8168827) AND (id <= 8178826))

table 3 : explain SELECT SUM(k) FROM sbtest3 WHERE id BETWEEN 9838727 AND 9848726
	Aggregate  (cost=32267.37..32267.38 rows=1 width=8)
	  ->  Bitmap Heap Scan on sbtest3  (cost=298.93..32244.32 rows=9219 width=4)
	        Recheck Cond: ((id >= 9838727) AND (id <= 9848726))
	        ->  Bitmap Index Scan on sbtest3_pkey  (cost=0.00..296.62 rows=9219 width=0)
	              Index Cond: ((id >= 9838727) AND (id <= 9848726))

table 4 : explain SELECT SUM(k) FROM sbtest4 WHERE id BETWEEN 9470179 AND 9480178
	Aggregate  (cost=35292.59..35292.60 rows=1 width=8)
	  ->  Bitmap Heap Scan on sbtest4  (cost=328.34..35267.24 rows=10137 width=4)
	        Recheck Cond: ((id >= 9470179) AND (id <= 9480178))
	        ->  Bitmap Index Scan on sbtest4_pkey  (cost=0.00..325.81 rows=10137 width=0)
	              Index Cond: ((id >= 9470179) AND (id <= 9480178))

table 5 : explain SELECT SUM(k) FROM sbtest5 WHERE id BETWEEN 6607606 AND 6617605
	Aggregate  (cost=35065.46..35065.47 rows=1 width=8)
	  ->  Bitmap Heap Scan on sbtest5  (cost=328.56..35040.06 rows=10159 width=4)
	        Recheck Cond: ((id >= 6607606) AND (id <= 6617605))
	        ->  Bitmap Index Scan on sbtest5_pkey  (cost=0.00..326.03 rows=10159 width=0)
	              Index Cond: ((id >= 6607606) AND (id <= 6617605))

table 6 : explain SELECT SUM(k) FROM sbtest6 WHERE id BETWEEN 6845312 AND 6855311
	Aggregate  (cost=38553.58..38553.59 rows=1 width=8)
	  ->  Bitmap Heap Scan on sbtest6  (cost=363.67..38525.48 rows=11242 width=4)
	        Recheck Cond: ((id >= 6845312) AND (id <= 6855311))
	        ->  Bitmap Index Scan on sbtest6_pkey  (cost=0.00..360.86 rows=11242 width=0)
	              Index Cond: ((id >= 6845312) AND (id <= 6855311))

table 7 : explain SELECT SUM(k) FROM sbtest7 WHERE id BETWEEN 6647985 AND 6657984
	Aggregate  (cost=31120.91..31120.92 rows=1 width=8)
	  ->  Bitmap Heap Scan on sbtest7  (cost=286.95..31098.84 rows=8831 width=4)
	        Recheck Cond: ((id >= 6647985) AND (id <= 6657984))
	        ->  Bitmap Index Scan on sbtest7_pkey  (cost=0.00..284.75 rows=8831 width=0)
	              Index Cond: ((id >= 6647985) AND (id <= 6657984))

table 8 : explain SELECT SUM(k) FROM sbtest8 WHERE id BETWEEN 1930676 AND 1940675
	Aggregate  (cost=33391.19..33391.20 rows=1 width=8)
	  ->  Bitmap Heap Scan on sbtest8  (cost=310.34..33367.31 rows=9552 width=4)
	        Recheck Cond: ((id >= 1930676) AND (id <= 1940675))
	        ->  Bitmap Index Scan on sbtest8_pkey  (cost=0.00..307.95 rows=9552 width=0)
	              Index Cond: ((id >= 1930676) AND (id <= 1940675))

for: distinct_ranges
table 1 : explain SELECT DISTINCT c FROM sbtest1 WHERE id BETWEEN 9598904 AND 9608903 ORDER BY c
	Unique  (cost=37562.42..37615.89 rows=10694 width=121)
	  ->  Sort  (cost=37562.42..37589.15 rows=10694 width=121)
	        Sort Key: c
	        ->  Bitmap Heap Scan on sbtest1  (cost=346.05..36846.75 rows=10694 width=121)
	              Recheck Cond: ((id >= 9598904) AND (id <= 9608903))
	              ->  Bitmap Index Scan on sbtest1_pkey  (cost=0.00..343.38 rows=10694 width=0)
	                    Index Cond: ((id >= 9598904) AND (id <= 9608903))

table 2 : explain SELECT DISTINCT c FROM sbtest2 WHERE id BETWEEN 8843511 AND 8853510 ORDER BY c
	Unique  (cost=38176.94..38231.43 rows=10899 width=121)
	  ->  Sort  (cost=38176.94..38204.18 rows=10899 width=121)
	        Sort Key: c
	        ->  Bitmap Heap Scan on sbtest2  (cost=352.15..37446.06 rows=10899 width=121)
	              Recheck Cond: ((id >= 8843511) AND (id <= 8853510))
	              ->  Bitmap Index Scan on sbtest2_pkey  (cost=0.00..349.43 rows=10899 width=0)
	                    Index Cond: ((id >= 8843511) AND (id <= 8853510))

table 3 : explain SELECT DISTINCT c FROM sbtest3 WHERE id BETWEEN 483795 AND 493794 ORDER BY c
	Unique  (cost=34782.65..34831.71 rows=9811 width=121)
	  ->  Sort  (cost=34782.65..34807.18 rows=9811 width=121)
	        Sort Key: c
	        ->  Bitmap Heap Scan on sbtest3  (cost=317.00..34132.18 rows=9811 width=121)
	              Recheck Cond: ((id >= 483795) AND (id <= 493794))
	              ->  Bitmap Index Scan on sbtest3_pkey  (cost=0.00..314.55 rows=9811 width=0)
	                    Index Cond: ((id >= 483795) AND (id <= 493794))

table 4 : explain SELECT DISTINCT c FROM sbtest4 WHERE id BETWEEN 3928168 AND 3938167 ORDER BY c
	Unique  (cost=37174.73..37227.32 rows=10517 width=121)
	  ->  Sort  (cost=37174.73..37201.02 rows=10517 width=121)
	        Sort Key: c
	        ->  Bitmap Heap Scan on sbtest4  (cost=340.23..36472.17 rows=10517 width=121)
	              Recheck Cond: ((id >= 3928168) AND (id <= 3938167))
	              ->  Bitmap Index Scan on sbtest4_pkey  (cost=0.00..337.61 rows=10517 width=0)
	                    Index Cond: ((id >= 3928168) AND (id <= 3938167))

table 5 : explain SELECT DISTINCT c FROM sbtest5 WHERE id BETWEEN 3772377 AND 3782376 ORDER BY c
	Unique  (cost=34792.92..34842.28 rows=9871 width=121)
	  ->  Sort  (cost=34792.92..34817.60 rows=9871 width=121)
	        Sort Key: c
	        ->  Bitmap Heap Scan on sbtest5  (cost=321.61..34138.03 rows=9871 width=121)
	              Recheck Cond: ((id >= 3772377) AND (id <= 3782376))
	              ->  Bitmap Index Scan on sbtest5_pkey  (cost=0.00..319.15 rows=9871 width=0)
	                    Index Cond: ((id >= 3772377) AND (id <= 3782376))

table 6 : explain SELECT DISTINCT c FROM sbtest6 WHERE id BETWEEN 8825001 AND 8835000 ORDER BY c
	Unique  (cost=36785.24..36837.53 rows=10458 width=121)
	  ->  Sort  (cost=36785.24..36811.39 rows=10458 width=121)
	        Sort Key: c
	        ->  Bitmap Heap Scan on sbtest6  (cost=339.63..36087.05 rows=10458 width=121)
	              Recheck Cond: ((id >= 8825001) AND (id <= 8835000))
	              ->  Bitmap Index Scan on sbtest6_pkey  (cost=0.00..337.01 rows=10458 width=0)
	                    Index Cond: ((id >= 8825001) AND (id <= 8835000))

table 7 : explain SELECT DISTINCT c FROM sbtest7 WHERE id BETWEEN 7536565 AND 7546564 ORDER BY c
	Unique  (cost=34394.36..34442.64 rows=9656 width=121)
	  ->  Sort  (cost=34394.36..34418.50 rows=9656 width=121)
	        Sort Key: c
	        ->  Bitmap Heap Scan on sbtest7  (cost=311.41..33755.27 rows=9656 width=121)
	              Recheck Cond: ((id >= 7536565) AND (id <= 7546564))
	              ->  Bitmap Index Scan on sbtest7_pkey  (cost=0.00..309.00 rows=9656 width=0)
	                    Index Cond: ((id >= 7536565) AND (id <= 7546564))

table 8 : explain SELECT DISTINCT c FROM sbtest8 WHERE id BETWEEN 9309111 AND 9319110 ORDER BY c
	Unique  (cost=36535.24..36586.90 rows=10332 width=121)
	  ->  Sort  (cost=36535.24..36561.07 rows=10332 width=121)
	        Sort Key: c
	        ->  Bitmap Heap Scan on sbtest8  (cost=334.34..35846.36 rows=10332 width=121)
	              Recheck Cond: ((id >= 9309111) AND (id <= 9319110))
	              ->  Bitmap Index Scan on sbtest8_pkey  (cost=0.00..331.75 rows=10332 width=0)
	                    Index Cond: ((id >= 9309111) AND (id <= 9319110))

for: sum_ranges
table 1 : explain SELECT SUM(k) FROM sbtest1 WHERE id BETWEEN 236857 AND 246856
	Aggregate  (cost=34018.84..34018.85 rows=1 width=8)
	  ->  Bitmap Heap Scan on sbtest1  (cost=316.76..33994.37 rows=9788 width=4)
	        Recheck Cond: ((id >= 236857) AND (id <= 246856))
	        ->  Bitmap Index Scan on sbtest1_pkey  (cost=0.00..314.31 rows=9788 width=0)
	              Index Cond: ((id >= 236857) AND (id <= 246856))

table 2 : explain SELECT SUM(k) FROM sbtest2 WHERE id BETWEEN 7372069 AND 7382068
	Aggregate  (cost=35718.43..35718.44 rows=1 width=8)
	  ->  Bitmap Heap Scan on sbtest2  (cost=334.39..35692.58 rows=10337 width=4)
	        Recheck Cond: ((id >= 7372069) AND (id <= 7382068))
	        ->  Bitmap Index Scan on sbtest2_pkey  (cost=0.00..331.81 rows=10337 width=0)
	              Index Cond: ((id >= 7372069) AND (id <= 7382068))

table 3 : explain SELECT SUM(k) FROM sbtest3 WHERE id BETWEEN 728430 AND 738429
	Aggregate  (cost=31093.54..31093.55 rows=1 width=8)
	  ->  Bitmap Heap Scan on sbtest3  (cost=287.19..31071.40 rows=8854 width=4)
	        Recheck Cond: ((id >= 728430) AND (id <= 738429))
	        ->  Bitmap Index Scan on sbtest3_pkey  (cost=0.00..284.98 rows=8854 width=0)
	              Index Cond: ((id >= 728430) AND (id <= 738429))

table 4 : explain SELECT SUM(k) FROM sbtest4 WHERE id BETWEEN 4352637 AND 4362636
	Aggregate  (cost=33980.10..33980.11 rows=1 width=8)
	  ->  Bitmap Heap Scan on sbtest4  (cost=316.12..33955.79 rows=9725 width=4)
	        Recheck Cond: ((id >= 4352637) AND (id <= 4362636))
	        ->  Bitmap Index Scan on sbtest4_pkey  (cost=0.00..313.69 rows=9725 width=0)
	              Index Cond: ((id >= 4352637) AND (id <= 4362636))

table 5 : explain SELECT SUM(k) FROM sbtest5 WHERE id BETWEEN 8846886 AND 8856885
	Aggregate  (cost=37395.90..37395.91 rows=1 width=8)
	  ->  Bitmap Heap Scan on sbtest5  (cost=352.23..37368.63 rows=10907 width=4)
	        Recheck Cond: ((id >= 8846886) AND (id <= 8856885))
	        ->  Bitmap Index Scan on sbtest5_pkey  (cost=0.00..349.50 rows=10907 width=0)
	              Index Cond: ((id >= 8846886) AND (id <= 8856885))

table 6 : explain SELECT SUM(k) FROM sbtest6 WHERE id BETWEEN 6068124 AND 6078123
	Aggregate  (cost=33435.10..33435.11 rows=1 width=8)
	  ->  Bitmap Heap Scan on sbtest6  (cost=310.94..33411.08 rows=9610 width=4)
	        Recheck Cond: ((id >= 6068124) AND (id <= 6078123))
	        ->  Bitmap Index Scan on sbtest6_pkey  (cost=0.00..308.54 rows=9610 width=0)
	              Index Cond: ((id >= 6068124) AND (id <= 6078123))

table 7 : explain SELECT SUM(k) FROM sbtest7 WHERE id BETWEEN 1266827 AND 1276826
	Aggregate  (cost=30995.21..30995.22 rows=1 width=8)
	  ->  Bitmap Heap Scan on sbtest7  (cost=286.55..30973.23 rows=8792 width=4)
	        Recheck Cond: ((id >= 1266827) AND (id <= 1276826))
	        ->  Bitmap Index Scan on sbtest7_pkey  (cost=0.00..284.36 rows=8792 width=0)
	              Index Cond: ((id >= 1266827) AND (id <= 1276826))

table 8 : explain SELECT SUM(k) FROM sbtest8 WHERE id BETWEEN 2624156 AND 2634155
	Aggregate  (cost=32383.57..32383.58 rows=1 width=8)
	  ->  Bitmap Heap Scan on sbtest8  (cost=299.12..32360.48 rows=9238 width=4)
	        Recheck Cond: ((id >= 2624156) AND (id <= 2634155))
	        ->  Bitmap Index Scan on sbtest8_pkey  (cost=0.00..296.81 rows=9238 width=0)
	              Index Cond: ((id >= 2624156) AND (id <= 2634155))

for: sum_ranges
table 1 : explain SELECT SUM(k) FROM sbtest1 WHERE id BETWEEN 1649485 AND 1659484
	Aggregate  (cost=36187.82..36187.83 rows=1 width=8)
	  ->  Bitmap Heap Scan on sbtest1  (cost=339.80..36161.63 rows=10475 width=4)
	        Recheck Cond: ((id >= 1649485) AND (id <= 1659484))
	        ->  Bitmap Index Scan on sbtest1_pkey  (cost=0.00..337.19 rows=10475 width=0)
	              Index Cond: ((id >= 1649485) AND (id <= 1659484))

table 2 : explain SELECT SUM(k) FROM sbtest2 WHERE id BETWEEN 1813150 AND 1823149
	Aggregate  (cost=32529.63..32529.64 rows=1 width=8)
	  ->  Bitmap Heap Scan on sbtest2  (cost=304.05..32506.31 rows=9328 width=4)
	        Recheck Cond: ((id >= 1813150) AND (id <= 1823149))
	        ->  Bitmap Index Scan on sbtest2_pkey  (cost=0.00..301.71 rows=9328 width=0)
	              Index Cond: ((id >= 1813150) AND (id <= 1823149))

table 3 : explain SELECT SUM(k) FROM sbtest3 WHERE id BETWEEN 9007044 AND 9017043
	Aggregate  (cost=35495.99..35496.00 rows=1 width=8)
	  ->  Bitmap Heap Scan on sbtest3  (cost=333.32..35470.41 rows=10233 width=4)
	        Recheck Cond: ((id >= 9007044) AND (id <= 9017043))
	        ->  Bitmap Index Scan on sbtest3_pkey  (cost=0.00..330.76 rows=10233 width=0)
	              Index Cond: ((id >= 9007044) AND (id <= 9017043))

table 4 : explain SELECT SUM(k) FROM sbtest4 WHERE id BETWEEN 3483934 AND 3493933
	Aggregate  (cost=34617.56..34617.57 rows=1 width=8)
	  ->  Bitmap Heap Scan on sbtest4  (cost=322.17..34592.75 rows=9925 width=4)
	        Recheck Cond: ((id >= 3483934) AND (id <= 3493933))
	        ->  Bitmap Index Scan on sbtest4_pkey  (cost=0.00..319.69 rows=9925 width=0)
	              Index Cond: ((id >= 3483934) AND (id <= 3493933))

table 5 : explain SELECT SUM(k) FROM sbtest5 WHERE id BETWEEN 3178717 AND 3188716
	Aggregate  (cost=35638.00..35638.01 rows=1 width=8)
	  ->  Bitmap Heap Scan on sbtest5  (cost=334.44..35612.14 rows=10342 width=4)
	        Recheck Cond: ((id >= 3178717) AND (id <= 3188716))
	        ->  Bitmap Index Scan on sbtest5_pkey  (cost=0.00..331.86 rows=10342 width=0)
	              Index Cond: ((id >= 3178717) AND (id <= 3188716))

table 6 : explain SELECT SUM(k) FROM sbtest6 WHERE id BETWEEN 225208 AND 235207
	Aggregate  (cost=32803.02..32803.03 rows=1 width=8)
	  ->  Bitmap Heap Scan on sbtest6  (cost=304.90..32779.49 rows=9411 width=4)
	        Recheck Cond: ((id >= 225208) AND (id <= 235207))
	        ->  Bitmap Index Scan on sbtest6_pkey  (cost=0.00..302.55 rows=9411 width=0)
	              Index Cond: ((id >= 225208) AND (id <= 235207))

table 7 : explain SELECT SUM(k) FROM sbtest7 WHERE id BETWEEN 7934587 AND 7944586
	Aggregate  (cost=32593.24..32593.25 rows=1 width=8)
	  ->  Bitmap Heap Scan on sbtest7  (cost=299.63..32570.02 rows=9287 width=4)
	        Recheck Cond: ((id >= 7934587) AND (id <= 7944586))
	        ->  Bitmap Index Scan on sbtest7_pkey  (cost=0.00..297.31 rows=9287 width=0)
	              Index Cond: ((id >= 7934587) AND (id <= 7944586))

table 8 : explain SELECT SUM(k) FROM sbtest8 WHERE id BETWEEN 8884132 AND 8894131
	Aggregate  (cost=33234.11..33234.12 rows=1 width=8)
	  ->  Bitmap Heap Scan on sbtest8  (cost=309.83..33210.35 rows=9502 width=4)
	        Recheck Cond: ((id >= 8884132) AND (id <= 8894131))
	        ->  Bitmap Index Scan on sbtest8_pkey  (cost=0.00..307.45 rows=9502 width=0)
	              Index Cond: ((id >= 8884132) AND (id <= 8894131))

explain: for point_selects :: explain SELECT c FROM sbtest%u WHERE id=%u
for: distinct_ranges
table 1 : explain SELECT DISTINCT c FROM sbtest1 WHERE id BETWEEN 6045010 AND 6055009 ORDER BY c
	Unique  (cost=35912.84..35963.74 rows=10180 width=121)
	  ->  Sort  (cost=35912.84..35938.29 rows=10180 width=121)
	        Sort Key: c
	        ->  Bitmap Heap Scan on sbtest1  (cost=328.78..35235.19 rows=10180 width=121)
	              Recheck Cond: ((id >= 6045010) AND (id <= 6055009))
	              ->  Bitmap Index Scan on sbtest1_pkey  (cost=0.00..326.24 rows=10180 width=0)
	                    Index Cond: ((id >= 6045010) AND (id <= 6055009))

table 2 : explain SELECT DISTINCT c FROM sbtest2 WHERE id BETWEEN 206527 AND 216526 ORDER BY c
	Unique  (cost=33491.13..33538.35 rows=9443 width=121)
	  ->  Sort  (cost=33491.13..33514.74 rows=9443 width=121)
	        Sort Key: c
	        ->  Bitmap Heap Scan on sbtest2  (cost=305.23..32867.66 rows=9443 width=121)
	              Recheck Cond: ((id >= 206527) AND (id <= 216526))
	              ->  Bitmap Index Scan on sbtest2_pkey  (cost=0.00..302.87 rows=9443 width=0)
	                    Index Cond: ((id >= 206527) AND (id <= 216526))

table 3 : explain SELECT DISTINCT c FROM sbtest3 WHERE id BETWEEN 9480036 AND 9490035 ORDER BY c
	Unique  (cost=34313.26..34361.59 rows=9666 width=121)
	  ->  Sort  (cost=34313.26..34337.42 rows=9666 width=121)
	        Sort Key: c
	        ->  Bitmap Heap Scan on sbtest3  (cost=315.51..33673.43 rows=9666 width=121)
	              Recheck Cond: ((id >= 9480036) AND (id <= 9490035))
	              ->  Bitmap Index Scan on sbtest3_pkey  (cost=0.00..313.09 rows=9666 width=0)
	                    Index Cond: ((id >= 9480036) AND (id <= 9490035))

table 4 : explain SELECT DISTINCT c FROM sbtest4 WHERE id BETWEEN 5386664 AND 5396663 ORDER BY c
	Unique  (cost=36813.43..36865.46 rows=10405 width=121)
	  ->  Sort  (cost=36813.43..36839.44 rows=10405 width=121)
	        Sort Key: c
	        ->  Bitmap Heap Scan on sbtest4  (cost=339.09..36119.16 rows=10405 width=121)
	              Recheck Cond: ((id >= 5386664) AND (id <= 5396663))
	              ->  Bitmap Index Scan on sbtest4_pkey  (cost=0.00..336.49 rows=10405 width=0)
	                    Index Cond: ((id >= 5386664) AND (id <= 5396663))

table 5 : explain SELECT DISTINCT c FROM sbtest5 WHERE id BETWEEN 9519952 AND 9529951 ORDER BY c
	Unique  (cost=34806.11..34855.49 rows=9875 width=121)
	  ->  Sort  (cost=34806.11..34830.80 rows=9875 width=121)
	        Sort Key: c
	        ->  Bitmap Heap Scan on sbtest5  (cost=321.65..34150.93 rows=9875 width=121)
	              Recheck Cond: ((id >= 9519952) AND (id <= 9529951))
	              ->  Bitmap Index Scan on sbtest5_pkey  (cost=0.00..319.19 rows=9875 width=0)
	                    Index Cond: ((id >= 9519952) AND (id <= 9529951))

table 6 : explain SELECT DISTINCT c FROM sbtest6 WHERE id BETWEEN 3859812 AND 3869811 ORDER BY c
	Unique  (cost=33374.00..33421.02 rows=9403 width=121)
	  ->  Sort  (cost=33374.00..33397.51 rows=9403 width=121)
	        Sort Key: c
	        ->  Bitmap Heap Scan on sbtest6  (cost=304.82..32753.45 rows=9403 width=121)
	              Recheck Cond: ((id >= 3859812) AND (id <= 3869811))
	              ->  Bitmap Index Scan on sbtest6_pkey  (cost=0.00..302.46 rows=9403 width=0)
	                    Index Cond: ((id >= 3859812) AND (id <= 3869811))

table 7 : explain SELECT DISTINCT c FROM sbtest7 WHERE id BETWEEN 5725067 AND 5735066 ORDER BY c
	Unique  (cost=33962.17..34009.78 rows=9523 width=121)
	  ->  Sort  (cost=33962.17..33985.97 rows=9523 width=121)
	        Sort Key: c
	        ->  Bitmap Heap Scan on sbtest7  (cost=310.05..33332.83 rows=9523 width=121)
	              Recheck Cond: ((id >= 5725067) AND (id <= 5735066))
	              ->  Bitmap Index Scan on sbtest7_pkey  (cost=0.00..307.67 rows=9523 width=0)
	                    Index Cond: ((id >= 5725067) AND (id <= 5735066))

table 8 : explain SELECT DISTINCT c FROM sbtest8 WHERE id BETWEEN 3920548 AND 3930547 ORDER BY c
	Unique  (cost=37780.47..37834.06 rows=10718 width=121)
	  ->  Sort  (cost=37780.47..37807.27 rows=10718 width=121)
	        Sort Key: c
	        ->  Bitmap Heap Scan on sbtest8  (cost=346.29..37063.02 rows=10718 width=121)
	              Recheck Cond: ((id >= 3920548) AND (id <= 3930547))
	              ->  Bitmap Index Scan on sbtest8_pkey  (cost=0.00..343.62 rows=10718 width=0)
	                    Index Cond: ((id >= 3920548) AND (id <= 3930547))

explain: for point_selects :: explain SELECT c FROM sbtest%u WHERE id=%u
for: order_ranges
table 1 : explain SELECT c FROM sbtest1 WHERE id BETWEEN 1239754 AND 1249753 ORDER BY c
	Sort  (cost=35320.12..35345.11 rows=9997 width=121)
	  Sort Key: c
	  ->  Bitmap Heap Scan on sbtest1  (cost=322.90..34655.95 rows=9997 width=121)
	        Recheck Cond: ((id >= 1239754) AND (id <= 1249753))
	        ->  Bitmap Index Scan on sbtest1_pkey  (cost=0.00..320.41 rows=9997 width=0)
	              Index Cond: ((id >= 1239754) AND (id <= 1249753))

table 2 : explain SELECT c FROM sbtest2 WHERE id BETWEEN 5596066 AND 5606065 ORDER BY c
	Sort  (cost=32957.39..32980.58 rows=9279 width=121)
	  Sort Key: c
	  ->  Bitmap Heap Scan on sbtest2  (cost=299.54..32345.91 rows=9279 width=121)
	        Recheck Cond: ((id >= 5596066) AND (id <= 5606065))
	        ->  Bitmap Index Scan on sbtest2_pkey  (cost=0.00..297.23 rows=9279 width=0)
	              Index Cond: ((id >= 5596066) AND (id <= 5606065))

table 3 : explain SELECT c FROM sbtest3 WHERE id BETWEEN 8336362 AND 8346361 ORDER BY c
	Sort  (cost=34659.56..34683.99 rows=9773 width=121)
	  Sort Key: c
	  ->  Bitmap Heap Scan on sbtest3  (cost=316.61..34011.88 rows=9773 width=121)
	        Recheck Cond: ((id >= 8336362) AND (id <= 8346361))
	        ->  Bitmap Index Scan on sbtest3_pkey  (cost=0.00..314.17 rows=9773 width=0)
	              Index Cond: ((id >= 8336362) AND (id <= 8346361))

table 4 : explain SELECT c FROM sbtest4 WHERE id BETWEEN 3640767 AND 3650766 ORDER BY c
	Sort  (cost=34315.12..34339.22 rows=9639 width=121)
	  Sort Key: c
	  ->  Bitmap Heap Scan on sbtest4  (cost=311.23..33677.27 rows=9639 width=121)
	        Recheck Cond: ((id >= 3640767) AND (id <= 3650766))
	        ->  Bitmap Index Scan on sbtest4_pkey  (cost=0.00..308.82 rows=9639 width=0)
	              Index Cond: ((id >= 3640767) AND (id <= 3650766))

table 5 : explain SELECT c FROM sbtest5 WHERE id BETWEEN 9717966 AND 9727965 ORDER BY c
	Sort  (cost=35745.84..35771.26 rows=10169 width=121)
	  Sort Key: c
	  ->  Bitmap Heap Scan on sbtest5  (cost=328.67..35069.00 rows=10169 width=121)
	        Recheck Cond: ((id >= 9717966) AND (id <= 9727965))
	        ->  Bitmap Index Scan on sbtest5_pkey  (cost=0.00..326.12 rows=10169 width=0)
	              Index Cond: ((id >= 9717966) AND (id <= 9727965))

table 6 : explain SELECT c FROM sbtest6 WHERE id BETWEEN 818653 AND 828652 ORDER BY c
	Sort  (cost=38876.23..38904.01 rows=11114 width=121)
	  Sort Key: c
	  ->  Bitmap Heap Scan on sbtest6  (cost=358.35..38129.36 rows=11114 width=121)
	        Recheck Cond: ((id >= 818653) AND (id <= 828652))
	        ->  Bitmap Index Scan on sbtest6_pkey  (cost=0.00..355.57 rows=11114 width=0)
	              Index Cond: ((id >= 818653) AND (id <= 828652))

table 7 : explain SELECT c FROM sbtest7 WHERE id BETWEEN 3367267 AND 3377266 ORDER BY c
	Sort  (cost=34996.95..35021.55 rows=9840 width=121)
	  Sort Key: c
	  ->  Bitmap Heap Scan on sbtest7  (cost=317.29..34344.34 rows=9840 width=121)
	        Recheck Cond: ((id >= 3367267) AND (id <= 3377266))
	        ->  Bitmap Index Scan on sbtest7_pkey  (cost=0.00..314.83 rows=9840 width=0)
	              Index Cond: ((id >= 3367267) AND (id <= 3377266))

table 8 : explain SELECT c FROM sbtest8 WHERE id BETWEEN 1168763 AND 1178762 ORDER BY c
	Sort  (cost=36210.08..36235.66 rows=10230 width=121)
	  Sort Key: c
	  ->  Bitmap Heap Scan on sbtest8  (cost=333.29..35528.74 rows=10230 width=121)
	        Recheck Cond: ((id >= 1168763) AND (id <= 1178762))
	        ->  Bitmap Index Scan on sbtest8_pkey  (cost=0.00..330.74 rows=10230 width=0)
	              Index Cond: ((id >= 1168763) AND (id <= 1178762))

for: order_ranges
table 1 : explain SELECT c FROM sbtest1 WHERE id BETWEEN 8797882 AND 8807881 ORDER BY c
	Sort  (cost=33284.19..33307.62 rows=9369 width=121)
	  Sort Key: c
	  ->  Bitmap Heap Scan on sbtest1  (cost=304.47..32666.14 rows=9369 width=121)
	        Recheck Cond: ((id >= 8797882) AND (id <= 8807881))
	        ->  Bitmap Index Scan on sbtest1_pkey  (cost=0.00..302.12 rows=9369 width=0)
	              Index Cond: ((id >= 8797882) AND (id <= 8807881))

table 2 : explain SELECT c FROM sbtest2 WHERE id BETWEEN 9913330 AND 9923329 ORDER BY c
	Sort  (cost=37001.23..37027.56 rows=10531 width=121)
	  Sort Key: c
	  ->  Bitmap Heap Scan on sbtest2  (cost=340.38..36297.64 rows=10531 width=121)
	        Recheck Cond: ((id >= 9913330) AND (id <= 9923329))
	        ->  Bitmap Index Scan on sbtest2_pkey  (cost=0.00..337.75 rows=10531 width=0)
	              Index Cond: ((id >= 9913330) AND (id <= 9923329))

table 3 : explain SELECT c FROM sbtest3 WHERE id BETWEEN 8318800 AND 8328799 ORDER BY c
	Sort  (cost=34659.56..34683.99 rows=9773 width=121)
	  Sort Key: c
	  ->  Bitmap Heap Scan on sbtest3  (cost=316.61..34011.88 rows=9773 width=121)
	        Recheck Cond: ((id >= 8318800) AND (id <= 8328799))
	        ->  Bitmap Index Scan on sbtest3_pkey  (cost=0.00..314.17 rows=9773 width=0)
	              Index Cond: ((id >= 8318800) AND (id <= 8328799))

table 4 : explain SELECT c FROM sbtest4 WHERE id BETWEEN 4942707 AND 4952706 ORDER BY c
	Sort  (cost=36500.77..36526.54 rows=10309 width=121)
	  Sort Key: c
	  ->  Bitmap Heap Scan on sbtest4  (cost=334.10..35813.59 rows=10309 width=121)
	        Recheck Cond: ((id >= 4942707) AND (id <= 4952706))
	        ->  Bitmap Index Scan on sbtest4_pkey  (cost=0.00..331.53 rows=10309 width=0)
	              Index Cond: ((id >= 4942707) AND (id <= 4952706))

table 5 : explain SELECT c FROM sbtest5 WHERE id BETWEEN 9072171 AND 9082170 ORDER BY c
	Sort  (cost=37675.16..37702.09 rows=10774 width=121)
	  Sort Key: c
	  ->  Bitmap Heap Scan on sbtest5  (cost=346.87..36953.55 rows=10774 width=121)
	        Recheck Cond: ((id >= 9072171) AND (id <= 9082170))
	        ->  Bitmap Index Scan on sbtest5_pkey  (cost=0.00..344.18 rows=10774 width=0)
	              Index Cond: ((id >= 9072171) AND (id <= 9082170))

table 6 : explain SELECT c FROM sbtest6 WHERE id BETWEEN 9073046 AND 9083045 ORDER BY c
	Sort  (cost=36138.78..36164.42 rows=10257 width=121)
	  Sort Key: c
	  ->  Bitmap Heap Scan on sbtest6  (cost=333.57..35455.44 rows=10257 width=121)
	        Recheck Cond: ((id >= 9073046) AND (id <= 9083045))
	        ->  Bitmap Index Scan on sbtest6_pkey  (cost=0.00..331.00 rows=10257 width=0)
	              Index Cond: ((id >= 9073046) AND (id <= 9083045))

table 7 : explain SELECT c FROM sbtest7 WHERE id BETWEEN 7498935 AND 7508934 ORDER BY c
	Sort  (cost=35729.06..35754.22 rows=10064 width=121)
	  Sort Key: c
	  ->  Bitmap Heap Scan on sbtest7  (cost=327.59..35059.96 rows=10064 width=121)
	        Recheck Cond: ((id >= 7498935) AND (id <= 7508934))
	        ->  Bitmap Index Scan on sbtest7_pkey  (cost=0.00..325.07 rows=10064 width=0)
	              Index Cond: ((id >= 7498935) AND (id <= 7508934))

table 8 : explain SELECT c FROM sbtest8 WHERE id BETWEEN 608294 AND 618293 ORDER BY c
	Sort  (cost=35870.70..35896.02 rows=10126 width=121)
	  Sort Key: c
	  ->  Bitmap Heap Scan on sbtest8  (cost=328.23..35197.03 rows=10126 width=121)
	        Recheck Cond: ((id >= 608294) AND (id <= 618293))
	        ->  Bitmap Index Scan on sbtest8_pkey  (cost=0.00..325.69 rows=10126 width=0)
	              Index Cond: ((id >= 608294) AND (id <= 618293))

explain: for point_selects :: explain SELECT c FROM sbtest%u WHERE id=%u
for: simple_ranges
table 1 : explain SELECT c FROM sbtest1 WHERE id BETWEEN 8591980 AND 8601979
	Bitmap Heap Scan on sbtest1  (cost=316.65..33961.91 rows=9777 width=121)
	  Recheck Cond: ((id >= 8591980) AND (id <= 8601979))
	  ->  Bitmap Index Scan on sbtest1_pkey  (cost=0.00..314.20 rows=9777 width=0)
	        Index Cond: ((id >= 8591980) AND (id <= 8601979))

table 2 : explain SELECT c FROM sbtest2 WHERE id BETWEEN 8994810 AND 9004809
	Bitmap Heap Scan on sbtest2  (cost=345.82..36741.08 rows=10672 width=121)
	  Recheck Cond: ((id >= 8994810) AND (id <= 9004809))
	  ->  Bitmap Index Scan on sbtest2_pkey  (cost=0.00..343.16 rows=10672 width=0)
	        Index Cond: ((id >= 8994810) AND (id <= 9004809))

table 3 : explain SELECT c FROM sbtest3 WHERE id BETWEEN 727202 AND 737201
	Bitmap Heap Scan on sbtest3  (cost=287.19..31071.40 rows=8854 width=121)
	  Recheck Cond: ((id >= 727202) AND (id <= 737201))
	  ->  Bitmap Index Scan on sbtest3_pkey  (cost=0.00..284.98 rows=8854 width=0)
	        Index Cond: ((id >= 727202) AND (id <= 737201))

table 4 : explain SELECT c FROM sbtest4 WHERE id BETWEEN 7900405 AND 7910404
	Bitmap Heap Scan on sbtest4  (cost=339.68..36300.59 rows=10463 width=121)
	  Recheck Cond: ((id >= 7900405) AND (id <= 7910404))
	  ->  Bitmap Index Scan on sbtest4_pkey  (cost=0.00..337.06 rows=10463 width=0)
	        Index Cond: ((id >= 7900405) AND (id <= 7910404))

table 5 : explain SELECT c FROM sbtest5 WHERE id BETWEEN 9929127 AND 9939126
	Bitmap Heap Scan on sbtest5  (cost=304.33..32511.84 rows=9356 width=121)
	  Recheck Cond: ((id >= 9929127) AND (id <= 9939126))
	  ->  Bitmap Index Scan on sbtest5_pkey  (cost=0.00..302.00 rows=9356 width=0)
	        Index Cond: ((id >= 9929127) AND (id <= 9939126))

table 6 : explain SELECT c FROM sbtest6 WHERE id BETWEEN 6284221 AND 6294220
	Bitmap Heap Scan on sbtest6  (cost=315.61..33622.85 rows=9676 width=121)
	  Recheck Cond: ((id >= 6284221) AND (id <= 6294220))
	  ->  Bitmap Index Scan on sbtest6_pkey  (cost=0.00..313.19 rows=9676 width=0)
	        Index Cond: ((id >= 6284221) AND (id <= 6294220))

table 7 : explain SELECT c FROM sbtest7 WHERE id BETWEEN 9496535 AND 9506534
	Bitmap Heap Scan on sbtest7  (cost=351.09..37378.53 rows=10796 width=121)
	  Recheck Cond: ((id >= 9496535) AND (id <= 9506534))
	  ->  Bitmap Index Scan on sbtest7_pkey  (cost=0.00..348.40 rows=10796 width=0)
	        Index Cond: ((id >= 9496535) AND (id <= 9506534))

table 8 : explain SELECT c FROM sbtest8 WHERE id BETWEEN 3207441 AND 3217440
	Bitmap Heap Scan on sbtest8  (cost=315.38..33691.45 rows=9653 width=121)
	  Recheck Cond: ((id >= 3207441) AND (id <= 3217440))
	  ->  Bitmap Index Scan on sbtest8_pkey  (cost=0.00..312.96 rows=9653 width=0)
	        Index Cond: ((id >= 3207441) AND (id <= 3217440))

explain: for point_selects :: explain SELECT c FROM sbtest%u WHERE id=%u
for point_selects
table 1 : explain SELECT c FROM sbtest1 WHERE id=7407695
	Index Scan using sbtest1_pkey on sbtest1  (cost=0.43..8.45 rows=1 width=121)
	  Index Cond: (id = 7407695)

table 2 : explain SELECT c FROM sbtest2 WHERE id=2666790
	Index Scan using sbtest2_pkey on sbtest2  (cost=0.43..8.45 rows=1 width=121)
	  Index Cond: (id = 2666790)

table 3 : explain SELECT c FROM sbtest3 WHERE id=8622961
	Index Scan using sbtest3_pkey on sbtest3  (cost=0.43..8.45 rows=1 width=121)
	  Index Cond: (id = 8622961)

table 4 : explain SELECT c FROM sbtest4 WHERE id=8147041
	Index Scan using sbtest4_pkey on sbtest4  (cost=0.43..8.45 rows=1 width=121)
	  Index Cond: (id = 8147041)

table 5 : explain SELECT c FROM sbtest5 WHERE id=3284367
	Index Scan using sbtest5_pkey on sbtest5  (cost=0.43..8.45 rows=1 width=121)
	  Index Cond: (id = 3284367)

table 6 : explain SELECT c FROM sbtest6 WHERE id=5578932
	Index Scan using sbtest6_pkey on sbtest6  (cost=0.43..8.45 rows=1 width=121)
	  Index Cond: (id = 5578932)

table 7 : explain SELECT c FROM sbtest7 WHERE id=6958135
	Index Scan using sbtest7_pkey on sbtest7  (cost=0.43..8.45 rows=1 width=121)
	  Index Cond: (id = 6958135)

table 8 : explain SELECT c FROM sbtest8 WHERE id=3731826
	Index Scan using sbtest8_pkey on sbtest8  (cost=0.43..8.45 rows=1 width=121)
	  Index Cond: (id = 3731826)

for: order_ranges
table 1 : explain SELECT c FROM sbtest1 WHERE id BETWEEN 4331255 AND 4341254 ORDER BY c
	Sort  (cost=34490.37..34514.72 rows=9740 width=121)
	  Sort Key: c
	  ->  Bitmap Heap Scan on sbtest1  (cost=316.27..33845.11 rows=9740 width=121)
	        Recheck Cond: ((id >= 4331255) AND (id <= 4341254))
	        ->  Bitmap Index Scan on sbtest1_pkey  (cost=0.00..313.83 rows=9740 width=0)
	              Index Cond: ((id >= 4331255) AND (id <= 4341254))

table 2 : explain SELECT c FROM sbtest2 WHERE id BETWEEN 4281303 AND 4291302 ORDER BY c
	Sort  (cost=35526.70..35551.88 rows=10071 width=121)
	  Sort Key: c
	  ->  Bitmap Heap Scan on sbtest2  (cost=327.66..34857.08 rows=10071 width=121)
	        Recheck Cond: ((id >= 4281303) AND (id <= 4291302))
	        ->  Bitmap Index Scan on sbtest2_pkey  (cost=0.00..325.15 rows=10071 width=0)
	              Index Cond: ((id >= 4281303) AND (id <= 4291302))

table 3 : explain SELECT c FROM sbtest3 WHERE id BETWEEN 875653 AND 885652 ORDER BY c
	Sort  (cost=37365.86..37392.39 rows=10610 width=121)
	  Sort Key: c
	  ->  Bitmap Heap Scan on sbtest3  (cost=345.19..36656.42 rows=10610 width=121)
	        Recheck Cond: ((id >= 875653) AND (id <= 885652))
	        ->  Bitmap Index Scan on sbtest3_pkey  (cost=0.00..342.54 rows=10610 width=0)
	              Index Cond: ((id >= 875653) AND (id <= 885652))

table 4 : explain SELECT c FROM sbtest4 WHERE id BETWEEN 9179114 AND 9189113 ORDER BY c
	Sort  (cost=36228.41..36253.97 rows=10225 width=121)
	  Sort Key: c
	  ->  Bitmap Heap Scan on sbtest4  (cost=333.24..35547.44 rows=10225 width=121)
	        Recheck Cond: ((id >= 9179114) AND (id <= 9189113))
	        ->  Bitmap Index Scan on sbtest4_pkey  (cost=0.00..330.69 rows=10225 width=0)
	              Index Cond: ((id >= 9179114) AND (id <= 9189113))

table 5 : explain SELECT c FROM sbtest5 WHERE id BETWEEN 3425360 AND 3435359 ORDER BY c
	Sort  (cost=39153.02..39181.12 rows=11240 width=121)
	  Sort Key: c
	  ->  Bitmap Heap Scan on sbtest5  (cost=363.64..38396.77 rows=11240 width=121)
	        Recheck Cond: ((id >= 3425360) AND (id <= 3435359))
	        ->  Bitmap Index Scan on sbtest5_pkey  (cost=0.00..360.83 rows=11240 width=0)
	              Index Cond: ((id >= 3425360) AND (id <= 3435359))

table 6 : explain SELECT c FROM sbtest6 WHERE id BETWEEN 9459038 AND 9469037 ORDER BY c
	Sort  (cost=37778.96..37805.88 rows=10769 width=121)
	  Sort Key: c
	  ->  Bitmap Heap Scan on sbtest6  (cost=350.82..37057.73 rows=10769 width=121)
	        Recheck Cond: ((id >= 9459038) AND (id <= 9469037))
	        ->  Bitmap Index Scan on sbtest6_pkey  (cost=0.00..348.12 rows=10769 width=0)
	              Index Cond: ((id >= 9459038) AND (id <= 9469037))

table 7 : explain SELECT c FROM sbtest7 WHERE id BETWEEN 1966493 AND 1976492 ORDER BY c
	Sort  (cost=36028.77..36054.16 rows=10156 width=121)
	  Sort Key: c
	  ->  Bitmap Heap Scan on sbtest7  (cost=328.53..35352.88 rows=10156 width=121)
	        Recheck Cond: ((id >= 1966493) AND (id <= 1976492))
	        ->  Bitmap Index Scan on sbtest7_pkey  (cost=0.00..326.00 rows=10156 width=0)
	              Index Cond: ((id >= 1966493) AND (id <= 1976492))

table 8 : explain SELECT c FROM sbtest8 WHERE id BETWEEN 3262563 AND 3272562 ORDER BY c
	Sort  (cost=34764.15..34788.62 rows=9786 width=121)
	  Sort Key: c
	  ->  Bitmap Heap Scan on sbtest8  (cost=316.74..34115.51 rows=9786 width=121)
	        Recheck Cond: ((id >= 3262563) AND (id <= 3272562))
	        ->  Bitmap Index Scan on sbtest8_pkey  (cost=0.00..314.30 rows=9786 width=0)
	              Index Cond: ((id >= 3262563) AND (id <= 3272562))

for: distinct_ranges
table 1 : explain SELECT DISTINCT c FROM sbtest1 WHERE id BETWEEN 8273478 AND 8283477 ORDER BY c
	Unique  (cost=33874.58..33922.33 rows=9550 width=121)
	  ->  Sort  (cost=33874.58..33898.46 rows=9550 width=121)
	        Sort Key: c
	        ->  Bitmap Heap Scan on sbtest1  (cost=310.32..33243.27 rows=9550 width=121)
	              Recheck Cond: ((id >= 8273478) AND (id <= 8283477))
	              ->  Bitmap Index Scan on sbtest1_pkey  (cost=0.00..307.94 rows=9550 width=0)
	                    Index Cond: ((id >= 8273478) AND (id <= 8283477))

table 2 : explain SELECT DISTINCT c FROM sbtest2 WHERE id BETWEEN 4222306 AND 4232305 ORDER BY c
	Unique  (cost=36639.41..36691.49 rows=10417 width=121)
	  ->  Sort  (cost=36639.41..36665.45 rows=10417 width=121)
	        Sort Key: c
	        ->  Bitmap Heap Scan on sbtest2  (cost=339.21..35944.25 rows=10417 width=121)
	              Recheck Cond: ((id >= 4222306) AND (id <= 4232305))
	              ->  Bitmap Index Scan on sbtest2_pkey  (cost=0.00..336.61 rows=10417 width=0)
	                    Index Cond: ((id >= 4222306) AND (id <= 4232305))

table 3 : explain SELECT DISTINCT c FROM sbtest3 WHERE id BETWEEN 1876343 AND 1886342 ORDER BY c
	Unique  (cost=37900.14..37954.02 rows=10776 width=121)
	  ->  Sort  (cost=37900.14..37927.08 rows=10776 width=121)
	        Sort Key: c
	        ->  Bitmap Heap Scan on sbtest3  (cost=350.89..37178.39 rows=10776 width=121)
	              Recheck Cond: ((id >= 1876343) AND (id <= 1886342))
	              ->  Bitmap Index Scan on sbtest3_pkey  (cost=0.00..348.19 rows=10776 width=0)
	                    Index Cond: ((id >= 1876343) AND (id <= 1886342))

table 4 : explain SELECT DISTINCT c FROM sbtest4 WHERE id BETWEEN 4980194 AND 4990193 ORDER BY c
	Unique  (cost=34837.13..34886.12 rows=9798 width=121)
	  ->  Sort  (cost=34837.13..34861.62 rows=9798 width=121)
	        Sort Key: c
	        ->  Bitmap Heap Scan on sbtest4  (cost=316.86..34187.61 rows=9798 width=121)
	              Recheck Cond: ((id >= 4980194) AND (id <= 4990193))
	              ->  Bitmap Index Scan on sbtest4_pkey  (cost=0.00..314.42 rows=9798 width=0)
	                    Index Cond: ((id >= 4980194) AND (id <= 4990193))

table 5 : explain SELECT DISTINCT c FROM sbtest5 WHERE id BETWEEN 3339700 AND 3349699 ORDER BY c
	Unique  (cost=36977.81..37030.58 rows=10554 width=121)
	  ->  Sort  (cost=36977.81..37004.20 rows=10554 width=121)
	        Sort Key: c
	        ->  Bitmap Heap Scan on sbtest5  (cost=340.61..36272.51 rows=10554 width=121)
	              Recheck Cond: ((id >= 3339700) AND (id <= 3349699))
	              ->  Bitmap Index Scan on sbtest5_pkey  (cost=0.00..337.98 rows=10554 width=0)
	                    Index Cond: ((id >= 3339700) AND (id <= 3349699))

table 6 : explain SELECT DISTINCT c FROM sbtest6 WHERE id BETWEEN 3057780 AND 3067779 ORDER BY c
	Unique  (cost=35537.07..35587.42 rows=10070 width=121)
	  ->  Sort  (cost=35537.07..35562.24 rows=10070 width=121)
	        Sort Key: c
	        ->  Bitmap Heap Scan on sbtest6  (cost=327.65..34867.52 rows=10070 width=121)
	              Recheck Cond: ((id >= 3057780) AND (id <= 3067779))
	              ->  Bitmap Index Scan on sbtest6_pkey  (cost=0.00..325.13 rows=10070 width=0)
	                    Index Cond: ((id >= 3057780) AND (id <= 3067779))

table 7 : explain SELECT DISTINCT c FROM sbtest7 WHERE id BETWEEN 5911846 AND 5921845 ORDER BY c
	Unique  (cost=38065.33..38119.25 rows=10784 width=121)
	  ->  Sort  (cost=38065.33..38092.29 rows=10784 width=121)
	        Sort Key: c
	        ->  Bitmap Heap Scan on sbtest7  (cost=350.97..37342.98 rows=10784 width=121)
	              Recheck Cond: ((id >= 5911846) AND (id <= 5921845))
	              ->  Bitmap Index Scan on sbtest7_pkey  (cost=0.00..348.28 rows=10784 width=0)
	                    Index Cond: ((id >= 5911846) AND (id <= 5921845))

table 8 : explain SELECT DISTINCT c FROM sbtest8 WHERE id BETWEEN 454881 AND 464880 ORDER BY c
	Unique  (cost=36711.51..36763.43 rows=10385 width=121)
	  ->  Sort  (cost=36711.51..36737.47 rows=10385 width=121)
	        Sort Key: c
	        ->  Bitmap Heap Scan on sbtest8  (cost=338.88..36018.71 rows=10385 width=121)
	              Recheck Cond: ((id >= 454881) AND (id <= 464880))
	              ->  Bitmap Index Scan on sbtest8_pkey  (cost=0.00..336.29 rows=10385 width=0)
	                    Index Cond: ((id >= 454881) AND (id <= 464880))

for: distinct_ranges
table 1 : explain SELECT DISTINCT c FROM sbtest1 WHERE id BETWEEN 8674240 AND 8684239 ORDER BY c
	Unique  (cost=33444.31..33491.40 rows=9419 width=121)
	  ->  Sort  (cost=33444.31..33467.85 rows=9419 width=121)
	        Sort Key: c
	        ->  Bitmap Heap Scan on sbtest1  (cost=304.98..32822.59 rows=9419 width=121)
	              Recheck Cond: ((id >= 8674240) AND (id <= 8684239))
	              ->  Bitmap Index Scan on sbtest1_pkey  (cost=0.00..302.62 rows=9419 width=0)
	                    Index Cond: ((id >= 8674240) AND (id <= 8684239))

table 2 : explain SELECT DISTINCT c FROM sbtest2 WHERE id BETWEEN 2588027 AND 2598026 ORDER BY c
	Unique  (cost=37146.49..37199.36 rows=10575 width=121)
	  ->  Sort  (cost=37146.49..37172.92 rows=10575 width=121)
	        Sort Key: c
	        ->  Bitmap Heap Scan on sbtest2  (cost=344.83..36439.63 rows=10575 width=121)
	              Recheck Cond: ((id >= 2588027) AND (id <= 2598026))
	              ->  Bitmap Index Scan on sbtest2_pkey  (cost=0.00..342.19 rows=10575 width=0)
	                    Index Cond: ((id >= 2588027) AND (id <= 2598026))

table 3 : explain SELECT DISTINCT c FROM sbtest3 WHERE id BETWEEN 4543783 AND 4553782 ORDER BY c
	Unique  (cost=34323.25..34371.59 rows=9669 width=121)
	  ->  Sort  (cost=34323.25..34347.42 rows=9669 width=121)
	        Sort Key: c
	        ->  Bitmap Heap Scan on sbtest3  (cost=315.54..33683.20 rows=9669 width=121)
	              Recheck Cond: ((id >= 4543783) AND (id <= 4553782))
	              ->  Bitmap Index Scan on sbtest3_pkey  (cost=0.00..313.12 rows=9669 width=0)
	                    Index Cond: ((id >= 4543783) AND (id <= 4553782))

table 4 : explain SELECT DISTINCT c FROM sbtest4 WHERE id BETWEEN 8735732 AND 8745731 ORDER BY c
	Unique  (cost=34338.52..34386.75 rows=9646 width=121)
	  ->  Sort  (cost=34338.52..34362.63 rows=9646 width=121)
	        Sort Key: c
	        ->  Bitmap Heap Scan on sbtest4  (cost=311.31..33700.16 rows=9646 width=121)
	              Recheck Cond: ((id >= 8735732) AND (id <= 8745731))
	              ->  Bitmap Index Scan on sbtest4_pkey  (cost=0.00..308.90 rows=9646 width=0)
	                    Index Cond: ((id >= 8735732) AND (id <= 8745731))

table 5 : explain SELECT DISTINCT c FROM sbtest5 WHERE id BETWEEN 5306053 AND 5316052 ORDER BY c
	Unique  (cost=33135.59..33182.38 rows=9358 width=121)
	  ->  Sort  (cost=33135.59..33158.98 rows=9358 width=121)
	        Sort Key: c
	        ->  Bitmap Heap Scan on sbtest5  (cost=304.35..32518.33 rows=9358 width=121)
	              Recheck Cond: ((id >= 5306053) AND (id <= 5316052))
	              ->  Bitmap Index Scan on sbtest5_pkey  (cost=0.00..302.01 rows=9358 width=0)
	                    Index Cond: ((id >= 5306053) AND (id <= 5316052))

table 6 : explain SELECT DISTINCT c FROM sbtest6 WHERE id BETWEEN 3299781 AND 3309780 ORDER BY c
	Unique  (cost=34013.59..34061.59 rows=9600 width=121)
	  ->  Sort  (cost=34013.59..34037.59 rows=9600 width=121)
	        Sort Key: c
	        ->  Bitmap Heap Scan on sbtest6  (cost=310.83..33378.61 rows=9600 width=121)
	              Recheck Cond: ((id >= 3299781) AND (id <= 3309780))
	              ->  Bitmap Index Scan on sbtest6_pkey  (cost=0.00..308.44 rows=9600 width=0)
	                    Index Cond: ((id >= 3299781) AND (id <= 3309780))

table 7 : explain SELECT DISTINCT c FROM sbtest7 WHERE id BETWEEN 4013172 AND 4023171 ORDER BY c
	Unique  (cost=35525.02..35575.03 rows=10002 width=121)
	  ->  Sort  (cost=35525.02..35550.03 rows=10002 width=121)
	        Sort Key: c
	        ->  Bitmap Heap Scan on sbtest7  (cost=322.96..34860.49 rows=10002 width=121)
	              Recheck Cond: ((id >= 4013172) AND (id <= 4023171))
	              ->  Bitmap Index Scan on sbtest7_pkey  (cost=0.00..320.45 rows=10002 width=0)
	                    Index Cond: ((id >= 4013172) AND (id <= 4023171))

table 8 : explain SELECT DISTINCT c FROM sbtest8 WHERE id BETWEEN 6475476 AND 6485475 ORDER BY c
	Unique  (cost=34326.99..34375.25 rows=9652 width=121)
	  ->  Sort  (cost=34326.99..34351.12 rows=9652 width=121)
	        Sort Key: c
	        ->  Bitmap Heap Scan on sbtest8  (cost=315.37..33688.19 rows=9652 width=121)
	              Recheck Cond: ((id >= 6475476) AND (id <= 6485475))
	              ->  Bitmap Index Scan on sbtest8_pkey  (cost=0.00..312.95 rows=9652 width=0)
	                    Index Cond: ((id >= 6475476) AND (id <= 6485475))

explain: for point_selects :: explain SELECT c FROM sbtest%u WHERE id=%u
explain: for point_selects :: explain SELECT c FROM sbtest%u WHERE id=%u
explain: for point_selects :: explain SELECT c FROM sbtest%u WHERE id=%u
for: simple_ranges
table 1 : explain SELECT c FROM sbtest1 WHERE id BETWEEN 1376164 AND 1386163
	Bitmap Heap Scan on sbtest1  (cost=339.79..36158.42 rows=10474 width=121)
	  Recheck Cond: ((id >= 1376164) AND (id <= 1386163))
	  ->  Bitmap Index Scan on sbtest1_pkey  (cost=0.00..337.18 rows=10474 width=0)
	        Index Cond: ((id >= 1376164) AND (id <= 1386163))

table 2 : explain SELECT c FROM sbtest2 WHERE id BETWEEN 5722468 AND 5732467
	Bitmap Heap Scan on sbtest2  (cost=310.31..33206.49 rows=9549 width=121)
	  Recheck Cond: ((id >= 5722468) AND (id <= 5732467))
	  ->  Bitmap Index Scan on sbtest2_pkey  (cost=0.00..307.93 rows=9549 width=0)
	        Index Cond: ((id >= 5722468) AND (id <= 5732467))

table 3 : explain SELECT c FROM sbtest3 WHERE id BETWEEN 1496075 AND 1506074
	Bitmap Heap Scan on sbtest3  (cost=321.52..34295.43 rows=9862 width=121)
	  Recheck Cond: ((id >= 1496075) AND (id <= 1506074))
	  ->  Bitmap Index Scan on sbtest3_pkey  (cost=0.00..319.06 rows=9862 width=0)
	        Index Cond: ((id >= 1496075) AND (id <= 1506074))

table 4 : explain SELECT c FROM sbtest4 WHERE id BETWEEN 2854948 AND 2864947
	Bitmap Heap Scan on sbtest4  (cost=352.50..37781.48 rows=10933 width=121)
	  Recheck Cond: ((id >= 2854948) AND (id <= 2864947))
	  ->  Bitmap Index Scan on sbtest4_pkey  (cost=0.00..349.76 rows=10933 width=0)
	        Index Cond: ((id >= 2854948) AND (id <= 2864947))

table 5 : explain SELECT c FROM sbtest5 WHERE id BETWEEN 7173506 AND 7183505
	Bitmap Heap Scan on sbtest5  (cost=358.27..37983.29 rows=11106 width=121)
	  Recheck Cond: ((id >= 7173506) AND (id <= 7183505))
	  ->  Bitmap Index Scan on sbtest5_pkey  (cost=0.00..355.50 rows=11106 width=0)
	        Index Cond: ((id >= 7173506) AND (id <= 7183505))

table 6 : explain SELECT c FROM sbtest6 WHERE id BETWEEN 4148490 AND 4158489
	Bitmap Heap Scan on sbtest6  (cost=311.38..33547.44 rows=9653 width=121)
	  Recheck Cond: ((id >= 4148490) AND (id <= 4158489))
	  ->  Bitmap Index Scan on sbtest6_pkey  (cost=0.00..308.96 rows=9653 width=0)
	        Index Cond: ((id >= 4148490) AND (id <= 4158489))

table 7 : explain SELECT c FROM sbtest7 WHERE id BETWEEN 3564684 AND 3574683
	Bitmap Heap Scan on sbtest7  (cost=327.94..35167.41 rows=10098 width=121)
	  Recheck Cond: ((id >= 3564684) AND (id <= 3574683))
	  ->  Bitmap Index Scan on sbtest7_pkey  (cost=0.00..325.42 rows=10098 width=0)
	        Index Cond: ((id >= 3564684) AND (id <= 3574683))

table 8 : explain SELECT c FROM sbtest8 WHERE id BETWEEN 2888318 AND 2898317
	Bitmap Heap Scan on sbtest8  (cost=346.13..37014.64 rows=10702 width=121)
	  Recheck Cond: ((id >= 2888318) AND (id <= 2898317))
	  ->  Bitmap Index Scan on sbtest8_pkey  (cost=0.00..343.45 rows=10702 width=0)
	        Index Cond: ((id >= 2888318) AND (id <= 2898317))

for point_selects
table 1 : explain SELECT c FROM sbtest1 WHERE id=9515710
	Index Scan using sbtest1_pkey on sbtest1  (cost=0.43..8.45 rows=1 width=121)
	  Index Cond: (id = 9515710)

table 2 : explain SELECT c FROM sbtest2 WHERE id=9888697
	Index Scan using sbtest2_pkey on sbtest2  (cost=0.43..8.45 rows=1 width=121)
	  Index Cond: (id = 9888697)

table 3 : explain SELECT c FROM sbtest3 WHERE id=5736790
	Index Scan using sbtest3_pkey on sbtest3  (cost=0.43..8.45 rows=1 width=121)
	  Index Cond: (id = 5736790)

table 4 : explain SELECT c FROM sbtest4 WHERE id=388809
	Index Scan using sbtest4_pkey on sbtest4  (cost=0.43..8.45 rows=1 width=121)
	  Index Cond: (id = 388809)

table 5 : explain SELECT c FROM sbtest5 WHERE id=5605629
	Index Scan using sbtest5_pkey on sbtest5  (cost=0.43..8.45 rows=1 width=121)
	  Index Cond: (id = 5605629)

table 6 : explain SELECT c FROM sbtest6 WHERE id=1731169
	Index Scan using sbtest6_pkey on sbtest6  (cost=0.43..8.45 rows=1 width=121)
	  Index Cond: (id = 1731169)

table 7 : explain SELECT c FROM sbtest7 WHERE id=6291534
	Index Scan using sbtest7_pkey on sbtest7  (cost=0.43..8.45 rows=1 width=121)
	  Index Cond: (id = 6291534)

table 8 : explain SELECT c FROM sbtest8 WHERE id=9919696
	Index Scan using sbtest8_pkey on sbtest8  (cost=0.43..8.45 rows=1 width=121)
	  Index Cond: (id = 9919696)

for point_selects
table 1 : explain SELECT c FROM sbtest1 WHERE id=7243419
	Index Scan using sbtest1_pkey on sbtest1  (cost=0.43..8.45 rows=1 width=121)
	  Index Cond: (id = 7243419)

table 2 : explain SELECT c FROM sbtest2 WHERE id=7220207
	Index Scan using sbtest2_pkey on sbtest2  (cost=0.43..8.45 rows=1 width=121)
	  Index Cond: (id = 7220207)

table 3 : explain SELECT c FROM sbtest3 WHERE id=7677714
	Index Scan using sbtest3_pkey on sbtest3  (cost=0.43..8.45 rows=1 width=121)
	  Index Cond: (id = 7677714)

table 4 : explain SELECT c FROM sbtest4 WHERE id=8123609
	Index Scan using sbtest4_pkey on sbtest4  (cost=0.43..8.45 rows=1 width=121)
	  Index Cond: (id = 8123609)

table 5 : explain SELECT c FROM sbtest5 WHERE id=3382884
	Index Scan using sbtest5_pkey on sbtest5  (cost=0.43..8.45 rows=1 width=121)
	  Index Cond: (id = 3382884)

table 6 : explain SELECT c FROM sbtest6 WHERE id=9715000
	Index Scan using sbtest6_pkey on sbtest6  (cost=0.43..8.45 rows=1 width=121)
	  Index Cond: (id = 9715000)

table 7 : explain SELECT c FROM sbtest7 WHERE id=5003321
	Index Scan using sbtest7_pkey on sbtest7  (cost=0.43..8.45 rows=1 width=121)
	  Index Cond: (id = 5003321)

table 8 : explain SELECT c FROM sbtest8 WHERE id=4139827
	Index Scan using sbtest8_pkey on sbtest8  (cost=0.43..8.45 rows=1 width=121)
	  Index Cond: (id = 4139827)

for: distinct_ranges
table 1 : explain SELECT DISTINCT c FROM sbtest1 WHERE id BETWEEN 8059995 AND 8069994 ORDER BY c
	Unique  (cost=35714.60..35765.20 rows=10119 width=121)
	  ->  Sort  (cost=35714.60..35739.90 rows=10119 width=121)
	        Sort Key: c
	        ->  Bitmap Heap Scan on sbtest1  (cost=328.15..35041.45 rows=10119 width=121)
	              Recheck Cond: ((id >= 8059995) AND (id <= 8069994))
	              ->  Bitmap Index Scan on sbtest1_pkey  (cost=0.00..325.62 rows=10119 width=0)
	                    Index Cond: ((id >= 8059995) AND (id <= 8069994))

table 2 : explain SELECT DISTINCT c FROM sbtest2 WHERE id BETWEEN 9600997 AND 9610996 ORDER BY c
	Unique  (cost=30428.68..30471.22 rows=8508 width=121)
	  ->  Sort  (cost=30428.68..30449.95 rows=8508 width=121)
	        Sort Key: c
	        ->  Bitmap Heap Scan on sbtest2  (cost=275.64..29873.33 rows=8508 width=121)
	              Recheck Cond: ((id >= 9600997) AND (id <= 9610996))
	              ->  Bitmap Index Scan on sbtest2_pkey  (cost=0.00..273.51 rows=8508 width=0)
	                    Index Cond: ((id >= 9600997) AND (id <= 9610996))

table 3 : explain SELECT DISTINCT c FROM sbtest3 WHERE id BETWEEN 9402792 AND 9412791 ORDER BY c
	Unique  (cost=35148.98..35198.59 rows=9923 width=121)
	  ->  Sort  (cost=35148.98..35173.78 rows=9923 width=121)
	        Sort Key: c
	        ->  Bitmap Heap Scan on sbtest3  (cost=322.15..34490.26 rows=9923 width=121)
	              Recheck Cond: ((id >= 9402792) AND (id <= 9412791))
	              ->  Bitmap Index Scan on sbtest3_pkey  (cost=0.00..319.67 rows=9923 width=0)
	                    Index Cond: ((id >= 9402792) AND (id <= 9412791))

table 4 : explain SELECT DISTINCT c FROM sbtest4 WHERE id BETWEEN 464251 AND 474250 ORDER BY c
	Unique  (cost=37198.00..37250.62 rows=10525 width=121)
	  ->  Sort  (cost=37198.00..37224.31 rows=10525 width=121)
	        Sort Key: c
	        ->  Bitmap Heap Scan on sbtest4  (cost=340.32..36494.85 rows=10525 width=121)
	              Recheck Cond: ((id >= 464251) AND (id <= 474250))
	              ->  Bitmap Index Scan on sbtest4_pkey  (cost=0.00..337.69 rows=10525 width=0)
	                    Index Cond: ((id >= 464251) AND (id <= 474250))

table 5 : explain SELECT DISTINCT c FROM sbtest5 WHERE id BETWEEN 449665 AND 459664 ORDER BY c
	Unique  (cost=35735.88..35786.71 rows=10165 width=121)
	  ->  Sort  (cost=35735.88..35761.30 rows=10165 width=121)
	        Sort Key: c
	        ->  Bitmap Heap Scan on sbtest5  (cost=328.63..35059.34 rows=10165 width=121)
	              Recheck Cond: ((id >= 449665) AND (id <= 459664))
	              ->  Bitmap Index Scan on sbtest5_pkey  (cost=0.00..326.08 rows=10165 width=0)
	                    Index Cond: ((id >= 449665) AND (id <= 459664))

table 6 : explain SELECT DISTINCT c FROM sbtest6 WHERE id BETWEEN 8335118 AND 8345117 ORDER BY c
	Unique  (cost=37137.22..37190.06 rows=10569 width=121)
	  ->  Sort  (cost=37137.22..37163.64 rows=10569 width=121)
	        Sort Key: c
	        ->  Bitmap Heap Scan on sbtest6  (cost=340.77..36430.81 rows=10569 width=121)
	              Recheck Cond: ((id >= 8335118) AND (id <= 8345117))
	              ->  Bitmap Index Scan on sbtest6_pkey  (cost=0.00..338.12 rows=10569 width=0)
	                    Index Cond: ((id >= 8335118) AND (id <= 8345117))

table 7 : explain SELECT DISTINCT c FROM sbtest7 WHERE id BETWEEN 8450861 AND 8460860 ORDER BY c
	Unique  (cost=32427.48..32472.77 rows=9058 width=121)
	  ->  Sort  (cost=32427.48..32450.12 rows=9058 width=121)
	        Sort Key: c
	        ->  Bitmap Heap Scan on sbtest7  (cost=293.28..31832.14 rows=9058 width=121)
	              Recheck Cond: ((id >= 8450861) AND (id <= 8460860))
	              ->  Bitmap Index Scan on sbtest7_pkey  (cost=0.00..291.01 rows=9058 width=0)
	                    Index Cond: ((id >= 8450861) AND (id <= 8460860))

table 8 : explain SELECT DISTINCT c FROM sbtest8 WHERE id BETWEEN 9135459 AND 9145458 ORDER BY c
	Unique  (cost=36685.03..36736.91 rows=10377 width=121)
	  ->  Sort  (cost=36685.03..36710.97 rows=10377 width=121)
	        Sort Key: c
	        ->  Bitmap Heap Scan on sbtest8  (cost=338.80..35992.82 rows=10377 width=121)
	              Recheck Cond: ((id >= 9135459) AND (id <= 9145458))
	              ->  Bitmap Index Scan on sbtest8_pkey  (cost=0.00..336.20 rows=10377 width=0)
	                    Index Cond: ((id >= 9135459) AND (id <= 9145458))

for: order_ranges
table 1 : explain SELECT c FROM sbtest1 WHERE id BETWEEN 1094347 AND 1104346 ORDER BY c
	Sort  (cost=36594.16..36620.14 rows=10391 width=121)
	  Sort Key: c
	  ->  Bitmap Heap Scan on sbtest1  (cost=338.94..35900.92 rows=10391 width=121)
	        Recheck Cond: ((id >= 1094347) AND (id <= 1104346))
	        ->  Bitmap Index Scan on sbtest1_pkey  (cost=0.00..336.34 rows=10391 width=0)
	              Index Cond: ((id >= 1094347) AND (id <= 1104346))

table 2 : explain SELECT c FROM sbtest2 WHERE id BETWEEN 5789975 AND 5799974 ORDER BY c
	Sort  (cost=30913.59..30935.23 rows=8655 width=121)
	  Sort Key: c
	  ->  Bitmap Heap Scan on sbtest2  (cost=281.15..30347.59 rows=8655 width=121)
	        Recheck Cond: ((id >= 5789975) AND (id <= 5799974))
	        ->  Bitmap Index Scan on sbtest2_pkey  (cost=0.00..278.99 rows=8655 width=0)
	              Index Cond: ((id >= 5789975) AND (id <= 5799974))

table 3 : explain SELECT c FROM sbtest3 WHERE id BETWEEN 9183683 AND 9193682 ORDER BY c
	Sort  (cost=36453.10..36478.91 rows=10327 width=121)
	  Sort Key: c
	  ->  Bitmap Heap Scan on sbtest3  (cost=334.29..35764.59 rows=10327 width=121)
	        Recheck Cond: ((id >= 9183683) AND (id <= 9193682))
	        ->  Bitmap Index Scan on sbtest3_pkey  (cost=0.00..331.70 rows=10327 width=0)
	              Index Cond: ((id >= 9183683) AND (id <= 9193682))

table 4 : explain SELECT c FROM sbtest4 WHERE id BETWEEN 4427178 AND 4437177 ORDER BY c
	Sort  (cost=31924.15..31946.43 rows=8912 width=121)
	  Sort Key: c
	  ->  Bitmap Heap Scan on sbtest4  (cost=287.78..31339.45 rows=8912 width=121)
	        Recheck Cond: ((id >= 4427178) AND (id <= 4437177))
	        ->  Bitmap Index Scan on sbtest4_pkey  (cost=0.00..285.56 rows=8912 width=0)
	              Index Cond: ((id >= 4427178) AND (id <= 4437177))

table 5 : explain SELECT c FROM sbtest5 WHERE id BETWEEN 5678831 AND 5688830 ORDER BY c
	Sort  (cost=36515.11..36541.13 rows=10410 width=121)
	  Sort Key: c
	  ->  Bitmap Heap Scan on sbtest5  (cost=335.14..35820.46 rows=10410 width=121)
	        Recheck Cond: ((id >= 5678831) AND (id <= 5688830))
	        ->  Bitmap Index Scan on sbtest5_pkey  (cost=0.00..332.54 rows=10410 width=0)
	              Index Cond: ((id >= 5678831) AND (id <= 5688830))

table 6 : explain SELECT c FROM sbtest6 WHERE id BETWEEN 9834573 AND 9844572 ORDER BY c
	Sort  (cost=37949.37..37976.43 rows=10822 width=121)
	  Sort Key: c
	  ->  Bitmap Heap Scan on sbtest6  (cost=351.36..37224.21 rows=10822 width=121)
	        Recheck Cond: ((id >= 9834573) AND (id <= 9844572))
	        ->  Bitmap Index Scan on sbtest6_pkey  (cost=0.00..348.66 rows=10822 width=0)
	              Index Cond: ((id >= 9834573) AND (id <= 9844572))

table 7 : explain SELECT c FROM sbtest7 WHERE id BETWEEN 8359444 AND 8369443 ORDER BY c
	Sort  (cost=34505.47..34529.70 rows=9689 width=121)
	  Sort Key: c
	  ->  Bitmap Heap Scan on sbtest7  (cost=315.75..33863.96 rows=9689 width=121)
	        Recheck Cond: ((id >= 8359444) AND (id <= 8369443))
	        ->  Bitmap Index Scan on sbtest7_pkey  (cost=0.00..313.32 rows=9689 width=0)
	              Index Cond: ((id >= 8359444) AND (id <= 8369443))

table 8 : explain SELECT c FROM sbtest8 WHERE id BETWEEN 5461298 AND 5471297 ORDER BY c
	Sort  (cost=34272.82..34296.91 rows=9636 width=121)
	  Sort Key: c
	  ->  Bitmap Heap Scan on sbtest8  (cost=311.20..33635.20 rows=9636 width=121)
	        Recheck Cond: ((id >= 5461298) AND (id <= 5471297))
	        ->  Bitmap Index Scan on sbtest8_pkey  (cost=0.00..308.80 rows=9636 width=0)
	              Index Cond: ((id >= 5461298) AND (id <= 5471297))

for: simple_ranges
table 1 : explain SELECT c FROM sbtest1 WHERE id BETWEEN 3837228 AND 3847227
	Bitmap Heap Scan on sbtest1  (cost=298.97..32198.79 rows=9223 width=121)
	  Recheck Cond: ((id >= 3837228) AND (id <= 3847227))
	  ->  Bitmap Index Scan on sbtest1_pkey  (cost=0.00..296.67 rows=9223 width=0)
	        Index Cond: ((id >= 3837228) AND (id <= 3847227))

table 2 : explain SELECT c FROM sbtest2 WHERE id BETWEEN 9232908 AND 9242907
	Bitmap Heap Scan on sbtest2  (cost=310.44..33245.46 rows=9561 width=121)
	  Recheck Cond: ((id >= 9232908) AND (id <= 9242907))
	  ->  Bitmap Index Scan on sbtest2_pkey  (cost=0.00..308.05 rows=9561 width=0)
	        Index Cond: ((id >= 9232908) AND (id <= 9242907))

table 3 : explain SELECT c FROM sbtest3 WHERE id BETWEEN 8102758 AND 8112757
	Bitmap Heap Scan on sbtest3  (cost=328.14..35107.12 rows=10118 width=121)
	  Recheck Cond: ((id >= 8102758) AND (id <= 8112757))
	  ->  Bitmap Index Scan on sbtest3_pkey  (cost=0.00..325.62 rows=10118 width=0)
	        Index Cond: ((id >= 8102758) AND (id <= 8112757))

table 4 : explain SELECT c FROM sbtest4 WHERE id BETWEEN 5537919 AND 5547918
	Bitmap Heap Scan on sbtest4  (cost=333.37..35589.64 rows=10238 width=121)
	  Recheck Cond: ((id >= 5537919) AND (id <= 5547918))
	  ->  Bitmap Index Scan on sbtest4_pkey  (cost=0.00..330.81 rows=10238 width=0)
	        Index Cond: ((id >= 5537919) AND (id <= 5547918))

table 5 : explain SELECT c FROM sbtest5 WHERE id BETWEEN 6763443 AND 6773442
	Bitmap Heap Scan on sbtest5  (cost=327.44..34696.05 rows=10049 width=121)
	  Recheck Cond: ((id >= 6763443) AND (id <= 6773442))
	  ->  Bitmap Index Scan on sbtest5_pkey  (cost=0.00..324.93 rows=10049 width=0)
	        Index Cond: ((id >= 6763443) AND (id <= 6773442))

table 6 : explain SELECT c FROM sbtest6 WHERE id BETWEEN 5832355 AND 5842354
	Bitmap Heap Scan on sbtest6  (cost=292.10..31285.83 rows=8943 width=121)
	  Recheck Cond: ((id >= 5832355) AND (id <= 5842354))
	  ->  Bitmap Index Scan on sbtest6_pkey  (cost=0.00..289.87 rows=8943 width=0)
	        Index Cond: ((id >= 5832355) AND (id <= 5842354))

table 7 : explain SELECT c FROM sbtest7 WHERE id BETWEEN 1294257 AND 1304256
	Bitmap Heap Scan on sbtest7  (cost=316.91..34223.51 rows=9802 width=121)
	  Recheck Cond: ((id >= 1294257) AND (id <= 1304256))
	  ->  Bitmap Index Scan on sbtest7_pkey  (cost=0.00..314.45 rows=9802 width=0)
	        Index Cond: ((id >= 1294257) AND (id <= 1304256))

table 8 : explain SELECT c FROM sbtest8 WHERE id BETWEEN 2698805 AND 2708804
	Bitmap Heap Scan on sbtest8  (cost=344.82..36614.43 rows=10574 width=121)
	  Recheck Cond: ((id >= 2698805) AND (id <= 2708804))
	  ->  Bitmap Index Scan on sbtest8_pkey  (cost=0.00..342.18 rows=10574 width=0)
	        Index Cond: ((id >= 2698805) AND (id <= 2708804))

for: sum_ranges
table 1 : explain SELECT SUM(k) FROM sbtest1 WHERE id BETWEEN 9063277 AND 9073276
	Aggregate  (cost=31281.32..31281.33 rows=1 width=8)
	  ->  Bitmap Heap Scan on sbtest1  (cost=291.96..31259.00 rows=8929 width=4)
	        Recheck Cond: ((id >= 9063277) AND (id <= 9073276))
	        ->  Bitmap Index Scan on sbtest1_pkey  (cost=0.00..289.73 rows=8929 width=0)
	              Index Cond: ((id >= 9063277) AND (id <= 9073276))

table 2 : explain SELECT SUM(k) FROM sbtest2 WHERE id BETWEEN 5727727 AND 5737726
	Aggregate  (cost=33230.36..33230.37 rows=1 width=8)
	  ->  Bitmap Heap Scan on sbtest2  (cost=310.31..33206.49 rows=9549 width=4)
	        Recheck Cond: ((id >= 5727727) AND (id <= 5737726))
	        ->  Bitmap Index Scan on sbtest2_pkey  (cost=0.00..307.93 rows=9549 width=0)
	              Index Cond: ((id >= 5727727) AND (id <= 5737726))

table 3 : explain SELECT SUM(k) FROM sbtest3 WHERE id BETWEEN 3948212 AND 3958211
	Aggregate  (cost=31952.61..31952.62 rows=1 width=8)
	  ->  Bitmap Heap Scan on sbtest3  (cost=297.91..31929.81 rows=9120 width=4)
	        Recheck Cond: ((id >= 3948212) AND (id <= 3958211))
	        ->  Bitmap Index Scan on sbtest3_pkey  (cost=0.00..295.63 rows=9120 width=0)
	              Index Cond: ((id >= 3948212) AND (id <= 3958211))

table 4 : explain SELECT SUM(k) FROM sbtest4 WHERE id BETWEEN 821714 AND 831713
	Aggregate  (cost=35422.69..35422.70 rows=1 width=8)
	  ->  Bitmap Heap Scan on sbtest4  (cost=328.76..35397.24 rows=10178 width=4)
	        Recheck Cond: ((id >= 821714) AND (id <= 831713))
	        ->  Bitmap Index Scan on sbtest4_pkey  (cost=0.00..326.21 rows=10178 width=0)
	              Index Cond: ((id >= 821714) AND (id <= 831713))

table 5 : explain SELECT SUM(k) FROM sbtest5 WHERE id BETWEEN 7259221 AND 7269220
	Aggregate  (cost=38256.57..38256.58 rows=1 width=8)
	  ->  Bitmap Heap Scan on sbtest5  (cost=363.08..38228.61 rows=11185 width=4)
	        Recheck Cond: ((id >= 7259221) AND (id <= 7269220))
	        ->  Bitmap Index Scan on sbtest5_pkey  (cost=0.00..360.29 rows=11185 width=0)
	              Index Cond: ((id >= 7259221) AND (id <= 7269220))

table 6 : explain SELECT SUM(k) FROM sbtest6 WHERE id BETWEEN 9633002 AND 9643001
	Aggregate  (cost=34471.41..34471.42 rows=1 width=8)
	  ->  Bitmap Heap Scan on sbtest6  (cost=322.29..34446.57 rows=9937 width=4)
	        Recheck Cond: ((id >= 9633002) AND (id <= 9643001))
	        ->  Bitmap Index Scan on sbtest6_pkey  (cost=0.00..319.81 rows=9937 width=0)
	              Index Cond: ((id >= 9633002) AND (id <= 9643001))

table 7 : explain SELECT SUM(k) FROM sbtest7 WHERE id BETWEEN 6171164 AND 6181163
	Aggregate  (cost=34862.67..34862.68 rows=1 width=8)
	  ->  Bitmap Heap Scan on sbtest7  (cost=322.88..34837.68 rows=9995 width=4)
	        Recheck Cond: ((id >= 6171164) AND (id <= 6181163))
	        ->  Bitmap Index Scan on sbtest7_pkey  (cost=0.00..320.38 rows=9995 width=0)
	              Index Cond: ((id >= 6171164) AND (id <= 6181163))

table 8 : explain SELECT SUM(k) FROM sbtest8 WHERE id BETWEEN 1249834 AND 1259833
	Aggregate  (cost=34300.53..34300.54 rows=1 width=8)
	  ->  Bitmap Heap Scan on sbtest8  (cost=321.25..34275.94 rows=9836 width=4)
	        Recheck Cond: ((id >= 1249834) AND (id <= 1259833))
	        ->  Bitmap Index Scan on sbtest8_pkey  (cost=0.00..318.80 rows=9836 width=0)
	              Index Cond: ((id >= 1249834) AND (id <= 1259833))

for: sum_ranges
table 1 : explain SELECT SUM(k) FROM sbtest1 WHERE id BETWEEN 9410999 AND 9420998
	Aggregate  (cost=36671.10..36671.11 rows=1 width=8)
	  ->  Bitmap Heap Scan on sbtest1  (cost=345.38..36644.53 rows=10629 width=4)
	        Recheck Cond: ((id >= 9410999) AND (id <= 9420998))
	        ->  Bitmap Index Scan on sbtest1_pkey  (cost=0.00..342.73 rows=10629 width=0)
	              Index Cond: ((id >= 9410999) AND (id <= 9420998))

table 2 : explain SELECT SUM(k) FROM sbtest2 WHERE id BETWEEN 265852 AND 275851
	Aggregate  (cost=32891.27..32891.28 rows=1 width=8)
	  ->  Bitmap Heap Scan on sbtest2  (cost=305.23..32867.66 rows=9443 width=4)
	        Recheck Cond: ((id >= 265852) AND (id <= 275851))
	        ->  Bitmap Index Scan on sbtest2_pkey  (cost=0.00..302.87 rows=9443 width=0)
	              Index Cond: ((id >= 265852) AND (id <= 275851))

table 3 : explain SELECT SUM(k) FROM sbtest3 WHERE id BETWEEN 1336863 AND 1346862
	Aggregate  (cost=34521.59..34521.60 rows=1 width=8)
	  ->  Bitmap Heap Scan on sbtest3  (cost=322.18..34496.78 rows=9926 width=4)
	        Recheck Cond: ((id >= 1336863) AND (id <= 1346862))
	        ->  Bitmap Index Scan on sbtest3_pkey  (cost=0.00..319.69 rows=9926 width=0)
	              Index Cond: ((id >= 1336863) AND (id <= 1346862))

table 4 : explain SELECT SUM(k) FROM sbtest4 WHERE id BETWEEN 6771571 AND 6781570
	Aggregate  (cost=34143.49..34143.50 rows=1 width=8)
	  ->  Bitmap Heap Scan on sbtest4  (cost=316.64..34119.05 rows=9776 width=4)
	        Recheck Cond: ((id >= 6771571) AND (id <= 6781570))
	        ->  Bitmap Index Scan on sbtest4_pkey  (cost=0.00..314.19 rows=9776 width=0)
	              Index Cond: ((id >= 6771571) AND (id <= 6781570))

table 5 : explain SELECT SUM(k) FROM sbtest5 WHERE id BETWEEN 8134238 AND 8144237
	Aggregate  (cost=35432.58..35432.59 rows=1 width=8)
	  ->  Bitmap Heap Scan on sbtest5  (cost=333.76..35406.89 rows=10276 width=4)
	        Recheck Cond: ((id >= 8134238) AND (id <= 8144237))
	        ->  Bitmap Index Scan on sbtest5_pkey  (cost=0.00..331.19 rows=10276 width=0)
	              Index Cond: ((id >= 8134238) AND (id <= 8144237))

table 6 : explain SELECT SUM(k) FROM sbtest6 WHERE id BETWEEN 8521605 AND 8531604
	Aggregate  (cost=35047.81..35047.82 rows=1 width=8)
	  ->  Bitmap Heap Scan on sbtest6  (cost=328.16..35022.51 rows=10120 width=4)
	        Recheck Cond: ((id >= 8521605) AND (id <= 8531604))
	        ->  Bitmap Index Scan on sbtest6_pkey  (cost=0.00..325.63 rows=10120 width=0)
	              Index Cond: ((id >= 8521605) AND (id <= 8531604))

table 7 : explain SELECT SUM(k) FROM sbtest7 WHERE id BETWEEN 9379550 AND 9389549
	Aggregate  (cost=35727.16..35727.17 rows=1 width=8)
	  ->  Bitmap Heap Scan on sbtest7  (cost=333.65..35701.50 rows=10265 width=4)
	        Recheck Cond: ((id >= 9379550) AND (id <= 9389549))
	        ->  Bitmap Index Scan on sbtest7_pkey  (cost=0.00..331.08 rows=10265 width=0)
	              Index Cond: ((id >= 9379550) AND (id <= 9389549))

table 8 : explain SELECT SUM(k) FROM sbtest8 WHERE id BETWEEN 4991225 AND 5001224
	Aggregate  (cost=36099.76..36099.77 rows=1 width=8)
	  ->  Bitmap Heap Scan on sbtest8  (cost=339.07..36073.75 rows=10403 width=4)
	        Recheck Cond: ((id >= 4991225) AND (id <= 5001224))
	        ->  Bitmap Index Scan on sbtest8_pkey  (cost=0.00..336.46 rows=10403 width=0)
	              Index Cond: ((id >= 4991225) AND (id <= 5001224))

for point_selects
table 1 : explain SELECT c FROM sbtest1 WHERE id=4114765
	Index Scan using sbtest1_pkey on sbtest1  (cost=0.43..8.45 rows=1 width=121)
	  Index Cond: (id = 4114765)

table 2 : explain SELECT c FROM sbtest2 WHERE id=6596803
	Index Scan using sbtest2_pkey on sbtest2  (cost=0.43..8.45 rows=1 width=121)
	  Index Cond: (id = 6596803)

table 3 : explain SELECT c FROM sbtest3 WHERE id=2361250
	Index Scan using sbtest3_pkey on sbtest3  (cost=0.43..8.45 rows=1 width=121)
	  Index Cond: (id = 2361250)

table 4 : explain SELECT c FROM sbtest4 WHERE id=8483501
	Index Scan using sbtest4_pkey on sbtest4  (cost=0.43..8.45 rows=1 width=121)
	  Index Cond: (id = 8483501)

table 5 : explain SELECT c FROM sbtest5 WHERE id=8200072
	Index Scan using sbtest5_pkey on sbtest5  (cost=0.43..8.45 rows=1 width=121)
	  Index Cond: (id = 8200072)

table 6 : explain SELECT c FROM sbtest6 WHERE id=3121385
	Index Scan using sbtest6_pkey on sbtest6  (cost=0.43..8.45 rows=1 width=121)
	  Index Cond: (id = 3121385)

table 7 : explain SELECT c FROM sbtest7 WHERE id=4044313
	Index Scan using sbtest7_pkey on sbtest7  (cost=0.43..8.45 rows=1 width=121)
	  Index Cond: (id = 4044313)

table 8 : explain SELECT c FROM sbtest8 WHERE id=9361002
	Index Scan using sbtest8_pkey on sbtest8  (cost=0.43..8.45 rows=1 width=121)
	  Index Cond: (id = 9361002)

for: simple_ranges
table 1 : explain SELECT c FROM sbtest1 WHERE id BETWEEN 9252229 AND 9262228
	Bitmap Heap Scan on sbtest1  (cost=297.86..31855.63 rows=9115 width=121)
	  Recheck Cond: ((id >= 9252229) AND (id <= 9262228))
	  ->  Bitmap Index Scan on sbtest1_pkey  (cost=0.00..295.58 rows=9115 width=0)
	        Index Cond: ((id >= 9252229) AND (id <= 9262228))

table 2 : explain SELECT c FROM sbtest2 WHERE id BETWEEN 4125997 AND 4135996
	Bitmap Heap Scan on sbtest2  (cost=321.37..34151.64 rows=9847 width=121)
	  Recheck Cond: ((id >= 4125997) AND (id <= 4135996))
	  ->  Bitmap Index Scan on sbtest2_pkey  (cost=0.00..318.91 rows=9847 width=0)
	        Index Cond: ((id >= 4125997) AND (id <= 4135996))

table 3 : explain SELECT c FROM sbtest3 WHERE id BETWEEN 9083358 AND 9093357
	Bitmap Heap Scan on sbtest3  (cost=321.58..34314.91 rows=9868 width=121)
	  Recheck Cond: ((id >= 9083358) AND (id <= 9093357))
	  ->  Bitmap Index Scan on sbtest3_pkey  (cost=0.00..319.12 rows=9868 width=0)
	        Index Cond: ((id >= 9083358) AND (id <= 9093357))

table 4 : explain SELECT c FROM sbtest4 WHERE id BETWEEN 4280656 AND 4290655
	Bitmap Heap Scan on sbtest4  (cost=316.12..33955.79 rows=9725 width=121)
	  Recheck Cond: ((id >= 4280656) AND (id <= 4290655))
	  ->  Bitmap Index Scan on sbtest4_pkey  (cost=0.00..313.69 rows=9725 width=0)
	        Index Cond: ((id >= 4280656) AND (id <= 4290655))

table 5 : explain SELECT c FROM sbtest5 WHERE id BETWEEN 2704952 AND 2714951
	Bitmap Heap Scan on sbtest5  (cost=322.96..34547.21 rows=10002 width=121)
	  Recheck Cond: ((id >= 2704952) AND (id <= 2714951))
	  ->  Bitmap Index Scan on sbtest5_pkey  (cost=0.00..320.45 rows=10002 width=0)
	        Index Cond: ((id >= 2704952) AND (id <= 2714951))

table 6 : explain SELECT c FROM sbtest6 WHERE id BETWEEN 848811 AND 858810
	Bitmap Heap Scan on sbtest6  (cost=358.35..38129.36 rows=11114 width=121)
	  Recheck Cond: ((id >= 848811) AND (id <= 858810))
	  ->  Bitmap Index Scan on sbtest6_pkey  (cost=0.00..355.57 rows=11114 width=0)
	        Index Cond: ((id >= 848811) AND (id <= 858810))

table 7 : explain SELECT c FROM sbtest7 WHERE id BETWEEN 1611130 AND 1621129
	Bitmap Heap Scan on sbtest7  (cost=334.45..35945.09 rows=10343 width=121)
	  Recheck Cond: ((id >= 1611130) AND (id <= 1621129))
	  ->  Bitmap Index Scan on sbtest7_pkey  (cost=0.00..331.87 rows=10343 width=0)
	        Index Cond: ((id >= 1611130) AND (id <= 1621129))

table 8 : explain SELECT c FROM sbtest8 WHERE id BETWEEN 805619 AND 815618
	Bitmap Heap Scan on sbtest8  (cost=298.12..32048.59 rows=9140 width=121)
	  Recheck Cond: ((id >= 805619) AND (id <= 815618))
	  ->  Bitmap Index Scan on sbtest8_pkey  (cost=0.00..295.83 rows=9140 width=0)
	        Index Cond: ((id >= 805619) AND (id <= 815618))

explain: for point_selects :: explain SELECT c FROM sbtest%u WHERE id=%u
for: order_ranges
table 1 : explain SELECT c FROM sbtest1 WHERE id BETWEEN 4226415 AND 4236414 ORDER BY c
	Sort  (cost=39048.96..39076.86 rows=11159 width=121)
	  Sort Key: c
	  ->  Bitmap Heap Scan on sbtest1  (cost=362.81..38298.74 rows=11159 width=121)
	        Recheck Cond: ((id >= 4226415) AND (id <= 4236414))
	        ->  Bitmap Index Scan on sbtest1_pkey  (cost=0.00..360.03 rows=11159 width=0)
	              Index Cond: ((id >= 4226415) AND (id <= 4236414))

table 2 : explain SELECT c FROM sbtest2 WHERE id BETWEEN 5196482 AND 5206481 ORDER BY c
	Sort  (cost=37556.82..37583.58 rows=10704 width=121)
	  Sort Key: c
	  ->  Bitmap Heap Scan on sbtest2  (cost=346.15..36840.41 rows=10704 width=121)
	        Recheck Cond: ((id >= 5196482) AND (id <= 5206481))
	        ->  Bitmap Index Scan on sbtest2_pkey  (cost=0.00..343.48 rows=10704 width=0)
	              Index Cond: ((id >= 5196482) AND (id <= 5206481))

table 3 : explain SELECT c FROM sbtest3 WHERE id BETWEEN 7262293 AND 7272292 ORDER BY c
	Sort  (cost=35062.66..35087.41 rows=9897 width=121)
	  Sort Key: c
	  ->  Bitmap Heap Scan on sbtest3  (cost=321.88..34405.86 rows=9897 width=121)
	        Recheck Cond: ((id >= 7262293) AND (id <= 7272292))
	        ->  Bitmap Index Scan on sbtest3_pkey  (cost=0.00..319.41 rows=9897 width=0)
	              Index Cond: ((id >= 7262293) AND (id <= 7272292))

table 4 : explain SELECT c FROM sbtest4 WHERE id BETWEEN 37022 AND 47021 ORDER BY c
	Sort  (cost=36680.06..36705.97 rows=10365 width=121)
	  Sort Key: c
	  ->  Bitmap Heap Scan on sbtest4  (cost=334.68..35988.74 rows=10365 width=121)
	        Recheck Cond: ((id >= 37022) AND (id <= 47021))
	        ->  Bitmap Index Scan on sbtest4_pkey  (cost=0.00..332.08 rows=10365 width=0)
	              Index Cond: ((id >= 37022) AND (id <= 47021))

table 5 : explain SELECT c FROM sbtest5 WHERE id BETWEEN 2718201 AND 2728200 ORDER BY c
	Sort  (cost=35449.67..35474.86 rows=10076 width=121)
	  Sort Key: c
	  ->  Bitmap Heap Scan on sbtest5  (cost=327.71..34779.69 rows=10076 width=121)
	        Recheck Cond: ((id >= 2718201) AND (id <= 2728200))
	        ->  Bitmap Index Scan on sbtest5_pkey  (cost=0.00..325.19 rows=10076 width=0)
	              Index Cond: ((id >= 2718201) AND (id <= 2728200))

table 6 : explain SELECT c FROM sbtest6 WHERE id BETWEEN 8862434 AND 8872433 ORDER BY c
	Sort  (cost=37236.53..37263.03 rows=10599 width=121)
	  Sort Key: c
	  ->  Bitmap Heap Scan on sbtest6  (cost=345.07..36527.90 rows=10599 width=121)
	        Recheck Cond: ((id >= 8862434) AND (id <= 8872433))
	        ->  Bitmap Index Scan on sbtest6_pkey  (cost=0.00..342.43 rows=10599 width=0)
	              Index Cond: ((id >= 8862434) AND (id <= 8872433))

table 7 : explain SELECT c FROM sbtest7 WHERE id BETWEEN 7448353 AND 7458352 ORDER BY c
	Sort  (cost=35729.06..35754.22 rows=10064 width=121)
	  Sort Key: c
	  ->  Bitmap Heap Scan on sbtest7  (cost=327.59..35059.96 rows=10064 width=121)
	        Recheck Cond: ((id >= 7448353) AND (id <= 7458352))
	        ->  Bitmap Index Scan on sbtest7_pkey  (cost=0.00..325.07 rows=10064 width=0)
	              Index Cond: ((id >= 7448353) AND (id <= 7458352))

table 8 : explain SELECT c FROM sbtest8 WHERE id BETWEEN 1340865 AND 1350864 ORDER BY c
	Sort  (cost=36107.28..36132.78 rows=10199 width=121)
	  Sort Key: c
	  ->  Bitmap Heap Scan on sbtest8  (cost=332.97..35428.22 rows=10199 width=121)
	        Recheck Cond: ((id >= 1340865) AND (id <= 1350864))
	        ->  Bitmap Index Scan on sbtest8_pkey  (cost=0.00..330.43 rows=10199 width=0)
	              Index Cond: ((id >= 1340865) AND (id <= 1350864))

for: sum_ranges
table 1 : explain SELECT SUM(k) FROM sbtest1 WHERE id BETWEEN 3709685 AND 3719684
	Aggregate  (cost=31405.95..31405.96 rows=1 width=8)
	  ->  Bitmap Heap Scan on sbtest1  (cost=292.36..31383.53 rows=8968 width=4)
	        Recheck Cond: ((id >= 3709685) AND (id <= 3719684))
	        ->  Bitmap Index Scan on sbtest1_pkey  (cost=0.00..290.12 rows=8968 width=0)
	              Index Cond: ((id >= 3709685) AND (id <= 3719684))

table 2 : explain SELECT SUM(k) FROM sbtest2 WHERE id BETWEEN 7256963 AND 7266962
	Aggregate  (cost=38074.85..38074.86 rows=1 width=8)
	  ->  Bitmap Heap Scan on sbtest2  (cost=358.13..38047.12 rows=11092 width=4)
	        Recheck Cond: ((id >= 7256963) AND (id <= 7266962))
	        ->  Bitmap Index Scan on sbtest2_pkey  (cost=0.00..355.36 rows=11092 width=0)
	              Index Cond: ((id >= 7256963) AND (id <= 7266962))

table 3 : explain SELECT SUM(k) FROM sbtest3 WHERE id BETWEEN 386643 AND 396642
	Aggregate  (cost=35401.33..35401.34 rows=1 width=8)
	  ->  Bitmap Heap Scan on sbtest3  (cost=329.03..35375.82 rows=10204 width=4)
	        Recheck Cond: ((id >= 386643) AND (id <= 396642))
	        ->  Bitmap Index Scan on sbtest3_pkey  (cost=0.00..326.48 rows=10204 width=0)
	              Index Cond: ((id >= 386643) AND (id <= 396642))

table 4 : explain SELECT SUM(k) FROM sbtest4 WHERE id BETWEEN 9283778 AND 9293777
	Aggregate  (cost=34107.56..34107.57 rows=1 width=8)
	  ->  Bitmap Heap Scan on sbtest4  (cost=316.53..34083.15 rows=9765 width=4)
	        Recheck Cond: ((id >= 9283778) AND (id <= 9293777))
	        ->  Bitmap Index Scan on sbtest4_pkey  (cost=0.00..314.08 rows=9765 width=0)
	              Index Cond: ((id >= 9283778) AND (id <= 9293777))

table 5 : explain SELECT SUM(k) FROM sbtest5 WHERE id BETWEEN 2174760 AND 2184759
	Aggregate  (cost=31642.25..31642.26 rows=1 width=8)
	  ->  Bitmap Heap Scan on sbtest5  (cost=293.46..31619.56 rows=9076 width=4)
	        Recheck Cond: ((id >= 2174760) AND (id <= 2184759))
	        ->  Bitmap Index Scan on sbtest5_pkey  (cost=0.00..291.19 rows=9076 width=0)
	              Index Cond: ((id >= 2174760) AND (id <= 2184759))

table 6 : explain SELECT SUM(k) FROM sbtest6 WHERE id BETWEEN 6222060 AND 6232059
	Aggregate  (cost=33647.04..33647.05 rows=1 width=8)
	  ->  Bitmap Heap Scan on sbtest6  (cost=315.61..33622.85 rows=9676 width=4)
	        Recheck Cond: ((id >= 6222060) AND (id <= 6232059))
	        ->  Bitmap Index Scan on sbtest6_pkey  (cost=0.00..313.19 rows=9676 width=0)
	              Index Cond: ((id >= 6222060) AND (id <= 6232059))

table 7 : explain SELECT SUM(k) FROM sbtest7 WHERE id BETWEEN 2549173 AND 2559172
	Aggregate  (cost=35717.41..35717.42 rows=1 width=8)
	  ->  Bitmap Heap Scan on sbtest7  (cost=333.62..35691.75 rows=10262 width=4)
	        Recheck Cond: ((id >= 2549173) AND (id <= 2559172))
	        ->  Bitmap Index Scan on sbtest7_pkey  (cost=0.00..331.06 rows=10262 width=0)
	              Index Cond: ((id >= 2549173) AND (id <= 2559172))

table 8 : explain SELECT SUM(k) FROM sbtest8 WHERE id BETWEEN 5619150 AND 5629149
	Aggregate  (cost=31616.69..31616.70 rows=1 width=8)
	  ->  Bitmap Heap Scan on sbtest8  (cost=292.69..31594.19 rows=9000 width=4)
	        Recheck Cond: ((id >= 5619150) AND (id <= 5629149))
	        ->  Bitmap Index Scan on sbtest8_pkey  (cost=0.00..290.44 rows=9000 width=0)
	              Index Cond: ((id >= 5619150) AND (id <= 5629149))

for: distinct_ranges
table 1 : explain SELECT DISTINCT c FROM sbtest1 WHERE id BETWEEN 3433427 AND 3443426 ORDER BY c
	Unique  (cost=35263.77..35313.67 rows=9979 width=121)
	  ->  Sort  (cost=35263.77..35288.72 rows=9979 width=121)
	        Sort Key: c
	        ->  Bitmap Heap Scan on sbtest1  (cost=322.72..34600.94 rows=9979 width=121)
	              Recheck Cond: ((id >= 3433427) AND (id <= 3443426))
	              ->  Bitmap Index Scan on sbtest1_pkey  (cost=0.00..320.23 rows=9979 width=0)
	                    Index Cond: ((id >= 3433427) AND (id <= 3443426))

table 2 : explain SELECT DISTINCT c FROM sbtest2 WHERE id BETWEEN 8775689 AND 8785688 ORDER BY c
	Unique  (cost=34907.44..34956.83 rows=9879 width=121)
	  ->  Sort  (cost=34907.44..34932.14 rows=9879 width=121)
	        Sort Key: c
	        ->  Bitmap Heap Scan on sbtest2  (cost=321.69..34251.96 rows=9879 width=121)
	              Recheck Cond: ((id >= 8775689) AND (id <= 8785688))
	              ->  Bitmap Index Scan on sbtest2_pkey  (cost=0.00..319.23 rows=9879 width=0)
	                    Index Cond: ((id >= 8775689) AND (id <= 8785688))

table 3 : explain SELECT DISTINCT c FROM sbtest3 WHERE id BETWEEN 6371793 AND 6381792 ORDER BY c
	Unique  (cost=34776.01..34825.05 rows=9809 width=121)
	  ->  Sort  (cost=34776.01..34800.53 rows=9809 width=121)
	        Sort Key: c
	        ->  Bitmap Heap Scan on sbtest3  (cost=316.98..34125.68 rows=9809 width=121)
	              Recheck Cond: ((id >= 6371793) AND (id <= 6381792))
	              ->  Bitmap Index Scan on sbtest3_pkey  (cost=0.00..314.53 rows=9809 width=0)
	                    Index Cond: ((id >= 6371793) AND (id <= 6381792))

table 4 : explain SELECT DISTINCT c FROM sbtest4 WHERE id BETWEEN 2560987 AND 2570986 ORDER BY c
	Unique  (cost=36663.48..36715.28 rows=10360 width=121)
	  ->  Sort  (cost=36663.48..36689.38 rows=10360 width=121)
	        Sort Key: c
	        ->  Bitmap Heap Scan on sbtest4  (cost=334.62..35972.53 rows=10360 width=121)
	              Recheck Cond: ((id >= 2560987) AND (id <= 2570986))
	              ->  Bitmap Index Scan on sbtest4_pkey  (cost=0.00..332.04 rows=10360 width=0)
	                    Index Cond: ((id >= 2560987) AND (id <= 2570986))

table 5 : explain SELECT DISTINCT c FROM sbtest5 WHERE id BETWEEN 2362166 AND 2372165 ORDER BY c
	Unique  (cost=36311.60..36363.32 rows=10345 width=121)
	  ->  Sort  (cost=36311.60..36337.46 rows=10345 width=121)
	        Sort Key: c
	        ->  Bitmap Heap Scan on sbtest5  (cost=334.47..35621.76 rows=10345 width=121)
	              Recheck Cond: ((id >= 2362166) AND (id <= 2372165))
	              ->  Bitmap Index Scan on sbtest5_pkey  (cost=0.00..331.88 rows=10345 width=0)
	                    Index Cond: ((id >= 2362166) AND (id <= 2372165))

table 6 : explain SELECT DISTINCT c FROM sbtest6 WHERE id BETWEEN 6379011 AND 6389010 ORDER BY c
	Unique  (cost=35112.93..35162.62 rows=9939 width=121)
	  ->  Sort  (cost=35112.93..35137.78 rows=9939 width=121)
	        Sort Key: c
	        ->  Bitmap Heap Scan on sbtest6  (cost=322.31..34453.03 rows=9939 width=121)
	              Recheck Cond: ((id >= 6379011) AND (id <= 6389010))
	              ->  Bitmap Index Scan on sbtest6_pkey  (cost=0.00..319.82 rows=9939 width=0)
	                    Index Cond: ((id >= 6379011) AND (id <= 6389010))

table 7 : explain SELECT DISTINCT c FROM sbtest7 WHERE id BETWEEN 1941677 AND 1951676 ORDER BY c
	Unique  (cost=36425.39..36476.78 rows=10278 width=121)
	  ->  Sort  (cost=36425.39..36451.08 rows=10278 width=121)
	        Sort Key: c
	        ->  Bitmap Heap Scan on sbtest7  (cost=333.78..35740.50 rows=10278 width=121)
	              Recheck Cond: ((id >= 1941677) AND (id <= 1951676))
	              ->  Bitmap Index Scan on sbtest7_pkey  (cost=0.00..331.21 rows=10278 width=0)
	                    Index Cond: ((id >= 1941677) AND (id <= 1951676))

table 8 : explain SELECT DISTINCT c FROM sbtest8 WHERE id BETWEEN 4640173 AND 4650172 ORDER BY c
	Unique  (cost=34620.73..34669.44 rows=9742 width=121)
	  ->  Sort  (cost=34620.73..34645.08 rows=9742 width=121)
	        Sort Key: c
	        ->  Bitmap Heap Scan on sbtest8  (cost=316.29..33975.32 rows=9742 width=121)
	              Recheck Cond: ((id >= 4640173) AND (id <= 4650172))
	              ->  Bitmap Index Scan on sbtest8_pkey  (cost=0.00..313.86 rows=9742 width=0)
	                    Index Cond: ((id >= 4640173) AND (id <= 4650172))

for point_selects
table 1 : explain SELECT c FROM sbtest1 WHERE id=205075
	Index Scan using sbtest1_pkey on sbtest1  (cost=0.43..8.45 rows=1 width=121)
	  Index Cond: (id = 205075)

table 2 : explain SELECT c FROM sbtest2 WHERE id=9557571
	Index Scan using sbtest2_pkey on sbtest2  (cost=0.43..8.45 rows=1 width=121)
	  Index Cond: (id = 9557571)

table 3 : explain SELECT c FROM sbtest3 WHERE id=52407
	Index Scan using sbtest3_pkey on sbtest3  (cost=0.43..8.45 rows=1 width=121)
	  Index Cond: (id = 52407)

table 4 : explain SELECT c FROM sbtest4 WHERE id=1130400
	Index Scan using sbtest4_pkey on sbtest4  (cost=0.43..8.45 rows=1 width=121)
	  Index Cond: (id = 1130400)

table 5 : explain SELECT c FROM sbtest5 WHERE id=49195
	Index Scan using sbtest5_pkey on sbtest5  (cost=0.43..8.45 rows=1 width=121)
	  Index Cond: (id = 49195)

table 6 : explain SELECT c FROM sbtest6 WHERE id=9758042
	Index Scan using sbtest6_pkey on sbtest6  (cost=0.43..8.45 rows=1 width=121)
	  Index Cond: (id = 9758042)

table 7 : explain SELECT c FROM sbtest7 WHERE id=4615342
	Index Scan using sbtest7_pkey on sbtest7  (cost=0.43..8.45 rows=1 width=121)
	  Index Cond: (id = 4615342)

table 8 : explain SELECT c FROM sbtest8 WHERE id=6161617
	Index Scan using sbtest8_pkey on sbtest8  (cost=0.43..8.45 rows=1 width=121)
	  Index Cond: (id = 6161617)

for: order_ranges
table 1 : explain SELECT c FROM sbtest1 WHERE id BETWEEN 9268158 AND 9278157 ORDER BY c
	Sort  (cost=32455.12..32477.91 rows=9115 width=121)
	  Sort Key: c
	  ->  Bitmap Heap Scan on sbtest1  (cost=297.86..31855.63 rows=9115 width=121)
	        Recheck Cond: ((id >= 9268158) AND (id <= 9278157))
	        ->  Bitmap Index Scan on sbtest1_pkey  (cost=0.00..295.58 rows=9115 width=0)
	              Index Cond: ((id >= 9268158) AND (id <= 9278157))

table 2 : explain SELECT c FROM sbtest2 WHERE id BETWEEN 42149 AND 52148 ORDER BY c
	Sort  (cost=36233.60..36259.33 rows=10291 width=121)
	  Sort Key: c
	  ->  Bitmap Heap Scan on sbtest2  (cost=333.92..35547.75 rows=10291 width=121)
	        Recheck Cond: ((id >= 42149) AND (id <= 52148))
	        ->  Bitmap Index Scan on sbtest2_pkey  (cost=0.00..331.34 rows=10291 width=0)
	              Index Cond: ((id >= 42149) AND (id <= 52148))

table 3 : explain SELECT c FROM sbtest3 WHERE id BETWEEN 2830027 AND 2840026 ORDER BY c
	Sort  (cost=37790.82..37817.68 rows=10743 width=121)
	  Sort Key: c
	  ->  Bitmap Heap Scan on sbtest3  (cost=346.55..37071.52 rows=10743 width=121)
	        Recheck Cond: ((id >= 2830027) AND (id <= 2840026))
	        ->  Bitmap Index Scan on sbtest3_pkey  (cost=0.00..343.87 rows=10743 width=0)
	              Index Cond: ((id >= 2830027) AND (id <= 2840026))

table 4 : explain SELECT c FROM sbtest4 WHERE id BETWEEN 7150333 AND 7160332 ORDER BY c
	Sort  (cost=36823.37..36849.39 rows=10408 width=121)
	  Sort Key: c
	  ->  Bitmap Heap Scan on sbtest4  (cost=339.12..36128.88 rows=10408 width=121)
	        Recheck Cond: ((id >= 7150333) AND (id <= 7160332))
	        ->  Bitmap Index Scan on sbtest4_pkey  (cost=0.00..336.51 rows=10408 width=0)
	              Index Cond: ((id >= 7150333) AND (id <= 7160332))

table 5 : explain SELECT c FROM sbtest5 WHERE id BETWEEN 8758650 AND 8768649 ORDER BY c
	Sort  (cost=34157.13..34181.32 rows=9675 width=121)
	  Sort Key: c
	  ->  Bitmap Heap Scan on sbtest5  (cost=311.60..33516.64 rows=9675 width=121)
	        Recheck Cond: ((id >= 8758650) AND (id <= 8768649))
	        ->  Bitmap Index Scan on sbtest5_pkey  (cost=0.00..309.19 rows=9675 width=0)
	              Index Cond: ((id >= 8758650) AND (id <= 8768649))

table 6 : explain SELECT c FROM sbtest6 WHERE id BETWEEN 2664572 AND 2674571 ORDER BY c
	Sort  (cost=35923.59..35949.07 rows=10191 width=121)
	  Sort Key: c
	  ->  Bitmap Heap Scan on sbtest6  (cost=328.89..35245.12 rows=10191 width=121)
	        Recheck Cond: ((id >= 2664572) AND (id <= 2674571))
	        ->  Bitmap Index Scan on sbtest6_pkey  (cost=0.00..326.34 rows=10191 width=0)
	              Index Cond: ((id >= 2664572) AND (id <= 2674571))

table 7 : explain SELECT c FROM sbtest7 WHERE id BETWEEN 4956887 AND 4966886 ORDER BY c
	Sort  (cost=35471.61..35496.57 rows=9985 width=121)
	  Sort Key: c
	  ->  Bitmap Heap Scan on sbtest7  (cost=322.78..34808.33 rows=9985 width=121)
	        Recheck Cond: ((id >= 4956887) AND (id <= 4966886))
	        ->  Bitmap Index Scan on sbtest7_pkey  (cost=0.00..320.29 rows=9985 width=0)
	              Index Cond: ((id >= 4956887) AND (id <= 4966886))

table 8 : explain SELECT c FROM sbtest8 WHERE id BETWEEN 2501534 AND 2511533 ORDER BY c
	Sort  (cost=36624.65..36650.54 rows=10359 width=121)
	  Sort Key: c
	  ->  Bitmap Heap Scan on sbtest8  (cost=334.61..35933.77 rows=10359 width=121)
	        Recheck Cond: ((id >= 2501534) AND (id <= 2511533))
	        ->  Bitmap Index Scan on sbtest8_pkey  (cost=0.00..332.03 rows=10359 width=0)
	              Index Cond: ((id >= 2501534) AND (id <= 2511533))

for point_selects
table 1 : explain SELECT c FROM sbtest1 WHERE id=8128987
	Index Scan using sbtest1_pkey on sbtest1  (cost=0.43..8.45 rows=1 width=121)
	  Index Cond: (id = 8128987)

table 2 : explain SELECT c FROM sbtest2 WHERE id=3285273
	Index Scan using sbtest2_pkey on sbtest2  (cost=0.43..8.45 rows=1 width=121)
	  Index Cond: (id = 3285273)

table 3 : explain SELECT c FROM sbtest3 WHERE id=479312
	Index Scan using sbtest3_pkey on sbtest3  (cost=0.43..8.45 rows=1 width=121)
	  Index Cond: (id = 479312)

table 4 : explain SELECT c FROM sbtest4 WHERE id=3381042
	Index Scan using sbtest4_pkey on sbtest4  (cost=0.43..8.45 rows=1 width=121)
	  Index Cond: (id = 3381042)

table 5 : explain SELECT c FROM sbtest5 WHERE id=7643311
	Index Scan using sbtest5_pkey on sbtest5  (cost=0.43..8.45 rows=1 width=121)
	  Index Cond: (id = 7643311)

table 6 : explain SELECT c FROM sbtest6 WHERE id=8030537
	Index Scan using sbtest6_pkey on sbtest6  (cost=0.43..8.45 rows=1 width=121)
	  Index Cond: (id = 8030537)

table 7 : explain SELECT c FROM sbtest7 WHERE id=1586362
	Index Scan using sbtest7_pkey on sbtest7  (cost=0.43..8.45 rows=1 width=121)
	  Index Cond: (id = 1586362)

table 8 : explain SELECT c FROM sbtest8 WHERE id=1420693
	Index Scan using sbtest8_pkey on sbtest8  (cost=0.43..8.45 rows=1 width=121)
	  Index Cond: (id = 1420693)

for point_selects
table 1 : explain SELECT c FROM sbtest1 WHERE id=2441284
	Index Scan using sbtest1_pkey on sbtest1  (cost=0.43..8.45 rows=1 width=121)
	  Index Cond: (id = 2441284)

table 2 : explain SELECT c FROM sbtest2 WHERE id=3155839
	Index Scan using sbtest2_pkey on sbtest2  (cost=0.43..8.45 rows=1 width=121)
	  Index Cond: (id = 3155839)

table 3 : explain SELECT c FROM sbtest3 WHERE id=8084712
	Index Scan using sbtest3_pkey on sbtest3  (cost=0.43..8.45 rows=1 width=121)
	  Index Cond: (id = 8084712)

table 4 : explain SELECT c FROM sbtest4 WHERE id=176803
	Index Scan using sbtest4_pkey on sbtest4  (cost=0.43..8.45 rows=1 width=121)
	  Index Cond: (id = 176803)

table 5 : explain SELECT c FROM sbtest5 WHERE id=4824682
	Index Scan using sbtest5_pkey on sbtest5  (cost=0.43..8.45 rows=1 width=121)
	  Index Cond: (id = 4824682)

table 6 : explain SELECT c FROM sbtest6 WHERE id=1925499
	Index Scan using sbtest6_pkey on sbtest6  (cost=0.43..8.45 rows=1 width=121)
	  Index Cond: (id = 1925499)

table 7 : explain SELECT c FROM sbtest7 WHERE id=280261
	Index Scan using sbtest7_pkey on sbtest7  (cost=0.43..8.45 rows=1 width=121)
	  Index Cond: (id = 280261)

table 8 : explain SELECT c FROM sbtest8 WHERE id=5026972
	Index Scan using sbtest8_pkey on sbtest8  (cost=0.43..8.45 rows=1 width=121)
	  Index Cond: (id = 5026972)

for: simple_ranges
table 1 : explain SELECT c FROM sbtest1 WHERE id BETWEEN 8337942 AND 8347941
	Bitmap Heap Scan on sbtest1  (cost=345.62..36715.17 rows=10652 width=121)
	  Recheck Cond: ((id >= 8337942) AND (id <= 8347941))
	  ->  Bitmap Index Scan on sbtest1_pkey  (cost=0.00..342.95 rows=10652 width=0)
	        Index Cond: ((id >= 8337942) AND (id <= 8347941))

table 2 : explain SELECT c FROM sbtest2 WHERE id BETWEEN 7108332 AND 7118331
	Bitmap Heap Scan on sbtest2  (cost=339.53..36040.67 rows=10448 width=121)
	  Recheck Cond: ((id >= 7108332) AND (id <= 7118331))
	  ->  Bitmap Index Scan on sbtest2_pkey  (cost=0.00..336.92 rows=10448 width=0)
	        Index Cond: ((id >= 7108332) AND (id <= 7118331))

table 3 : explain SELECT c FROM sbtest3 WHERE id BETWEEN 447570 AND 457569
	Bitmap Heap Scan on sbtest3  (cost=316.96..34119.18 rows=9807 width=121)
	  Recheck Cond: ((id >= 447570) AND (id <= 457569))
	  ->  Bitmap Index Scan on sbtest3_pkey  (cost=0.00..314.50 rows=9807 width=0)
	        Index Cond: ((id >= 447570) AND (id <= 457569))

table 4 : explain SELECT c FROM sbtest4 WHERE id BETWEEN 704510 AND 714509
	Bitmap Heap Scan on sbtest4  (cost=328.87..35432.97 rows=10189 width=121)
	  Recheck Cond: ((id >= 704510) AND (id <= 714509))
	  ->  Bitmap Index Scan on sbtest4_pkey  (cost=0.00..326.32 rows=10189 width=0)
	        Index Cond: ((id >= 704510) AND (id <= 714509))

table 5 : explain SELECT c FROM sbtest5 WHERE id BETWEEN 9085656 AND 9095655
	Bitmap Heap Scan on sbtest5  (cost=352.26..37378.18 rows=10910 width=121)
	  Recheck Cond: ((id >= 9085656) AND (id <= 9095655))
	  ->  Bitmap Index Scan on sbtest5_pkey  (cost=0.00..349.54 rows=10910 width=0)
	        Index Cond: ((id >= 9085656) AND (id <= 9095655))

table 6 : explain SELECT c FROM sbtest6 WHERE id BETWEEN 9781557 AND 9791556
	Bitmap Heap Scan on sbtest6  (cost=333.33..35384.53 rows=10234 width=121)
	  Recheck Cond: ((id >= 9781557) AND (id <= 9791556))
	  ->  Bitmap Index Scan on sbtest6_pkey  (cost=0.00..330.78 rows=10234 width=0)
	        Index Cond: ((id >= 9781557) AND (id <= 9791556))

table 7 : explain SELECT c FROM sbtest7 WHERE id BETWEEN 7366041 AND 7376040
	Bitmap Heap Scan on sbtest7  (cost=334.56..35980.79 rows=10354 width=121)
	  Recheck Cond: ((id >= 7366041) AND (id <= 7376040))
	  ->  Bitmap Index Scan on sbtest7_pkey  (cost=0.00..331.98 rows=10354 width=0)
	        Index Cond: ((id >= 7366041) AND (id <= 7376040))

table 8 : explain SELECT c FROM sbtest8 WHERE id BETWEEN 836252 AND 846251
	Bitmap Heap Scan on sbtest8  (cost=298.29..32101.15 rows=9157 width=121)
	  Recheck Cond: ((id >= 836252) AND (id <= 846251))
	  ->  Bitmap Index Scan on sbtest8_pkey  (cost=0.00..296.00 rows=9157 width=0)
	        Index Cond: ((id >= 836252) AND (id <= 846251))

for: simple_ranges
table 1 : explain SELECT c FROM sbtest1 WHERE id BETWEEN 5165848 AND 5175847
	Bitmap Heap Scan on sbtest1  (cost=310.52..33301.82 rows=9569 width=121)
	  Recheck Cond: ((id >= 5165848) AND (id <= 5175847))
	  ->  Bitmap Index Scan on sbtest1_pkey  (cost=0.00..308.12 rows=9569 width=0)
	        Index Cond: ((id >= 5165848) AND (id <= 5175847))

table 2 : explain SELECT c FROM sbtest2 WHERE id BETWEEN 4318598 AND 4328597
	Bitmap Heap Scan on sbtest2  (cost=327.66..34857.08 rows=10071 width=121)
	  Recheck Cond: ((id >= 4318598) AND (id <= 4328597))
	  ->  Bitmap Index Scan on sbtest2_pkey  (cost=0.00..325.15 rows=10071 width=0)
	        Index Cond: ((id >= 4318598) AND (id <= 4328597))

table 3 : explain SELECT c FROM sbtest3 WHERE id BETWEEN 9918439 AND 9928438
	Bitmap Heap Scan on sbtest3  (cost=299.06..32283.63 rows=9232 width=121)
	  Recheck Cond: ((id >= 9918439) AND (id <= 9928438))
	  ->  Bitmap Index Scan on sbtest3_pkey  (cost=0.00..296.75 rows=9232 width=0)
	        Index Cond: ((id >= 9918439) AND (id <= 9928438))

table 4 : explain SELECT c FROM sbtest4 WHERE id BETWEEN 4301647 AND 4311646
	Bitmap Heap Scan on sbtest4  (cost=316.12..33955.79 rows=9725 width=121)
	  Recheck Cond: ((id >= 4301647) AND (id <= 4311646))
	  ->  Bitmap Index Scan on sbtest4_pkey  (cost=0.00..313.69 rows=9725 width=0)
	        Index Cond: ((id >= 4301647) AND (id <= 4311646))

table 5 : explain SELECT c FROM sbtest5 WHERE id BETWEEN 1625291 AND 1635290
	Bitmap Heap Scan on sbtest5  (cost=357.40..37722.66 rows=11021 width=121)
	  Recheck Cond: ((id >= 1625291) AND (id <= 1635290))
	  ->  Bitmap Index Scan on sbtest5_pkey  (cost=0.00..354.65 rows=11021 width=0)
	        Index Cond: ((id >= 1625291) AND (id <= 1635290))

table 6 : explain SELECT c FROM sbtest6 WHERE id BETWEEN 9109325 AND 9119324
	Bitmap Heap Scan on sbtest6  (cost=333.57..35455.44 rows=10257 width=121)
	  Recheck Cond: ((id >= 9109325) AND (id <= 9119324))
	  ->  Bitmap Index Scan on sbtest6_pkey  (cost=0.00..331.00 rows=10257 width=0)
	        Index Cond: ((id >= 9109325) AND (id <= 9119324))

table 7 : explain SELECT c FROM sbtest7 WHERE id BETWEEN 956615 AND 966614
	Bitmap Heap Scan on sbtest7  (cost=310.44..33454.06 rows=9561 width=121)
	  Recheck Cond: ((id >= 956615) AND (id <= 966614))
	  ->  Bitmap Index Scan on sbtest7_pkey  (cost=0.00..308.05 rows=9561 width=0)
	        Index Cond: ((id >= 956615) AND (id <= 966614))

table 8 : explain SELECT c FROM sbtest8 WHERE id BETWEEN 4452010 AND 4462009
	Bitmap Heap Scan on sbtest8  (cost=327.31..34914.45 rows=10037 width=121)
	  Recheck Cond: ((id >= 4452010) AND (id <= 4462009))
	  ->  Bitmap Index Scan on sbtest8_pkey  (cost=0.00..324.81 rows=10037 width=0)
	        Index Cond: ((id >= 4452010) AND (id <= 4462009))

for: simple_ranges
table 1 : explain SELECT c FROM sbtest1 WHERE id BETWEEN 2506029 AND 2516028
	Bitmap Heap Scan on sbtest1  (cost=333.78..35542.49 rows=10278 width=121)
	  Recheck Cond: ((id >= 2506029) AND (id <= 2516028))
	  ->  Bitmap Index Scan on sbtest1_pkey  (cost=0.00..331.21 rows=10278 width=0)
	        Index Cond: ((id >= 2506029) AND (id <= 2516028))

table 2 : explain SELECT c FROM sbtest2 WHERE id BETWEEN 2496702 AND 2506701
	Bitmap Heap Scan on sbtest2  (cost=327.51..34811.87 rows=10056 width=121)
	  Recheck Cond: ((id >= 2496702) AND (id <= 2506701))
	  ->  Bitmap Index Scan on sbtest2_pkey  (cost=0.00..325.00 rows=10056 width=0)
	        Index Cond: ((id >= 2496702) AND (id <= 2506701))

table 3 : explain SELECT c FROM sbtest3 WHERE id BETWEEN 4090482 AND 4100481
	Bitmap Heap Scan on sbtest3  (cost=328.54..35230.16 rows=10157 width=121)
	  Recheck Cond: ((id >= 4090482) AND (id <= 4100481))
	  ->  Bitmap Index Scan on sbtest3_pkey  (cost=0.00..326.00 rows=10157 width=0)
	        Index Cond: ((id >= 4090482) AND (id <= 4100481))

table 4 : explain SELECT c FROM sbtest4 WHERE id BETWEEN 8086874 AND 8096873
	Bitmap Heap Scan on sbtest4  (cost=315.72..33831.64 rows=9686 width=121)
	  Recheck Cond: ((id >= 8086874) AND (id <= 8096873))
	  ->  Bitmap Index Scan on sbtest4_pkey  (cost=0.00..313.30 rows=9686 width=0)
	        Index Cond: ((id >= 8086874) AND (id <= 8096873))

table 5 : explain SELECT c FROM sbtest5 WHERE id BETWEEN 8433364 AND 8443363
	Bitmap Heap Scan on sbtest5  (cost=334.84..35730.76 rows=10381 width=121)
	  Recheck Cond: ((id >= 8433364) AND (id <= 8443363))
	  ->  Bitmap Index Scan on sbtest5_pkey  (cost=0.00..332.25 rows=10381 width=0)
	        Index Cond: ((id >= 8433364) AND (id <= 8443363))

table 6 : explain SELECT c FROM sbtest6 WHERE id BETWEEN 2705940 AND 2715939
	Bitmap Heap Scan on sbtest6  (cost=327.98..34967.62 rows=10102 width=121)
	  Recheck Cond: ((id >= 2705940) AND (id <= 2715939))
	  ->  Bitmap Index Scan on sbtest6_pkey  (cost=0.00..325.45 rows=10102 width=0)
	        Index Cond: ((id >= 2705940) AND (id <= 2715939))

table 7 : explain SELECT c FROM sbtest7 WHERE id BETWEEN 4829427 AND 4839426
	Bitmap Heap Scan on sbtest7  (cost=322.19..34622.49 rows=9927 width=121)
	  Recheck Cond: ((id >= 4829427) AND (id <= 4839426))
	  ->  Bitmap Index Scan on sbtest7_pkey  (cost=0.00..319.70 rows=9927 width=0)
	        Index Cond: ((id >= 4829427) AND (id <= 4839426))

table 8 : explain SELECT c FROM sbtest8 WHERE id BETWEEN 8717903 AND 8727902
	Bitmap Heap Scan on sbtest8  (cost=339.88..36322.81 rows=10482 width=121)
	  Recheck Cond: ((id >= 8717903) AND (id <= 8727902))
	  ->  Bitmap Index Scan on sbtest8_pkey  (cost=0.00..337.25 rows=10482 width=0)
	        Index Cond: ((id >= 8717903) AND (id <= 8727902))

for: order_ranges
table 1 : explain SELECT c FROM sbtest1 WHERE id BETWEEN 1916254 AND 1926253 ORDER BY c
	Sort  (cost=35453.20..35478.30 rows=10037 width=121)
	  Sort Key: c
	  ->  Bitmap Heap Scan on sbtest1  (cost=327.31..34786.09 rows=10037 width=121)
	        Recheck Cond: ((id >= 1916254) AND (id <= 1926253))
	        ->  Bitmap Index Scan on sbtest1_pkey  (cost=0.00..324.81 rows=10037 width=0)
	              Index Cond: ((id >= 1916254) AND (id <= 1926253))

table 2 : explain SELECT c FROM sbtest2 WHERE id BETWEEN 2434418 AND 2444417 ORDER BY c
	Sort  (cost=35480.38..35505.52 rows=10056 width=121)
	  Sort Key: c
	  ->  Bitmap Heap Scan on sbtest2  (cost=327.51..34811.87 rows=10056 width=121)
	        Recheck Cond: ((id >= 2434418) AND (id <= 2444417))
	        ->  Bitmap Index Scan on sbtest2_pkey  (cost=0.00..325.00 rows=10056 width=0)
	              Index Cond: ((id >= 2434418) AND (id <= 2444417))

table 3 : explain SELECT c FROM sbtest3 WHERE id BETWEEN 8543316 AND 8553315 ORDER BY c
	Sort  (cost=35707.33..35732.57 rows=10096 width=121)
	  Sort Key: c
	  ->  Bitmap Heap Scan on sbtest3  (cost=327.92..35035.87 rows=10096 width=121)
	        Recheck Cond: ((id >= 8543316) AND (id <= 8553315))
	        ->  Bitmap Index Scan on sbtest3_pkey  (cost=0.00..325.40 rows=10096 width=0)
	              Index Cond: ((id >= 8543316) AND (id <= 8553315))

table 4 : explain SELECT c FROM sbtest4 WHERE id BETWEEN 590011 AND 600010 ORDER BY c
	Sort  (cost=33970.34..33994.17 rows=9533 width=121)
	  Sort Key: c
	  ->  Bitmap Heap Scan on sbtest4  (cost=310.15..33340.27 rows=9533 width=121)
	        Recheck Cond: ((id >= 590011) AND (id <= 600010))
	        ->  Bitmap Index Scan on sbtest4_pkey  (cost=0.00..307.76 rows=9533 width=0)
	              Index Cond: ((id >= 590011) AND (id <= 600010))

table 5 : explain SELECT c FROM sbtest5 WHERE id BETWEEN 2659084 AND 2669083 ORDER BY c
	Sort  (cost=35211.74..35236.75 rows=10002 width=121)
	  Sort Key: c
	  ->  Bitmap Heap Scan on sbtest5  (cost=322.96..34547.21 rows=10002 width=121)
	        Recheck Cond: ((id >= 2659084) AND (id <= 2669083))
	        ->  Bitmap Index Scan on sbtest5_pkey  (cost=0.00..320.45 rows=10002 width=0)
	              Index Cond: ((id >= 2659084) AND (id <= 2669083))

table 6 : explain SELECT c FROM sbtest6 WHERE id BETWEEN 9711990 AND 9721989 ORDER BY c
	Sort  (cost=35623.02..35648.26 rows=10097 width=121)
	  Sort Key: c
	  ->  Bitmap Heap Scan on sbtest6  (cost=327.93..34951.48 rows=10097 width=121)
	        Recheck Cond: ((id >= 9711990) AND (id <= 9721989))
	        ->  Bitmap Index Scan on sbtest6_pkey  (cost=0.00..325.41 rows=10097 width=0)
	              Index Cond: ((id >= 9711990) AND (id <= 9721989))

table 7 : explain SELECT c FROM sbtest7 WHERE id BETWEEN 2166929 AND 2176928 ORDER BY c
	Sort  (cost=33891.81..33915.57 rows=9502 width=121)
	  Sort Key: c
	  ->  Bitmap Heap Scan on sbtest7  (cost=309.83..33264.01 rows=9502 width=121)
	        Recheck Cond: ((id >= 2166929) AND (id <= 2176928))
	        ->  Bitmap Index Scan on sbtest7_pkey  (cost=0.00..307.45 rows=9502 width=0)
	              Index Cond: ((id >= 2166929) AND (id <= 2176928))

table 8 : explain SELECT c FROM sbtest8 WHERE id BETWEEN 961660 AND 971659 ORDER BY c
	Sort  (cost=36256.60..36282.21 rows=10245 width=121)
	  Sort Key: c
	  ->  Bitmap Heap Scan on sbtest8  (cost=333.45..35574.15 rows=10245 width=121)
	        Recheck Cond: ((id >= 961660) AND (id <= 971659))
	        ->  Bitmap Index Scan on sbtest8_pkey  (cost=0.00..330.88 rows=10245 width=0)
	              Index Cond: ((id >= 961660) AND (id <= 971659))

for: distinct_ranges
table 1 : explain SELECT DISTINCT c FROM sbtest1 WHERE id BETWEEN 3011475 AND 3021474 ORDER BY c
	Unique  (cost=35797.18..35847.90 rows=10144 width=121)
	  ->  Sort  (cost=35797.18..35822.54 rows=10144 width=121)
	        Sort Key: c
	        ->  Bitmap Heap Scan on sbtest1  (cost=328.41..35122.18 rows=10144 width=121)
	              Recheck Cond: ((id >= 3011475) AND (id <= 3021474))
	              ->  Bitmap Index Scan on sbtest1_pkey  (cost=0.00..325.88 rows=10144 width=0)
	                    Index Cond: ((id >= 3011475) AND (id <= 3021474))

table 2 : explain SELECT DISTINCT c FROM sbtest2 WHERE id BETWEEN 8253427 AND 8263426 ORDER BY c
	Unique  (cost=35440.76..35490.98 rows=10044 width=121)
	  ->  Sort  (cost=35440.76..35465.87 rows=10044 width=121)
	        Sort Key: c
	        ->  Bitmap Heap Scan on sbtest2  (cost=327.39..34773.13 rows=10044 width=121)
	              Recheck Cond: ((id >= 8253427) AND (id <= 8263426))
	              ->  Bitmap Index Scan on sbtest2_pkey  (cost=0.00..324.88 rows=10044 width=0)
	                    Index Cond: ((id >= 8253427) AND (id <= 8263426))

table 3 : explain SELECT DISTINCT c FROM sbtest3 WHERE id BETWEEN 4412276 AND 4422275 ORDER BY c
	Unique  (cost=34423.19..34471.69 rows=9700 width=121)
	  ->  Sort  (cost=34423.19..34447.44 rows=9700 width=121)
	        Sort Key: c
	        ->  Bitmap Heap Scan on sbtest3  (cost=315.86..33780.87 rows=9700 width=121)
	              Recheck Cond: ((id >= 4412276) AND (id <= 4422275))
	              ->  Bitmap Index Scan on sbtest3_pkey  (cost=0.00..313.44 rows=9700 width=0)
	                    Index Cond: ((id >= 4412276) AND (id <= 4422275))

table 4 : explain SELECT DISTINCT c FROM sbtest4 WHERE id BETWEEN 5738491 AND 5748490 ORDER BY c
	Unique  (cost=34660.14..34708.86 rows=9744 width=121)
	  ->  Sort  (cost=34660.14..34684.50 rows=9744 width=121)
	        Sort Key: c
	        ->  Bitmap Heap Scan on sbtest4  (cost=316.31..34014.59 rows=9744 width=121)
	              Recheck Cond: ((id >= 5738491) AND (id <= 5748490))
	              ->  Bitmap Index Scan on sbtest4_pkey  (cost=0.00..313.88 rows=9744 width=0)
	                    Index Cond: ((id >= 5738491) AND (id <= 5748490))

table 5 : explain SELECT DISTINCT c FROM sbtest5 WHERE id BETWEEN 8869582 AND 8879581 ORDER BY c
	Unique  (cost=38100.11..38154.64 rows=10907 width=121)
	  ->  Sort  (cost=38100.11..38127.37 rows=10907 width=121)
	        Sort Key: c
	        ->  Bitmap Heap Scan on sbtest5  (cost=352.23..37368.63 rows=10907 width=121)
	              Recheck Cond: ((id >= 8869582) AND (id <= 8879581))
	              ->  Bitmap Index Scan on sbtest5_pkey  (cost=0.00..349.50 rows=10907 width=0)
	                    Index Cond: ((id >= 8869582) AND (id <= 8879581))

table 6 : explain SELECT DISTINCT c FROM sbtest6 WHERE id BETWEEN 7713788 AND 7723787 ORDER BY c
	Unique  (cost=34176.36..34224.61 rows=9650 width=121)
	  ->  Sort  (cost=34176.36..34200.48 rows=9650 width=121)
	        Sort Key: c
	        ->  Bitmap Heap Scan on sbtest6  (cost=311.35..33537.70 rows=9650 width=121)
	              Recheck Cond: ((id >= 7713788) AND (id <= 7723787))
	              ->  Bitmap Index Scan on sbtest6_pkey  (cost=0.00..308.94 rows=9650 width=0)
	                    Index Cond: ((id >= 7713788) AND (id <= 7723787))

table 7 : explain SELECT DISTINCT c FROM sbtest7 WHERE id BETWEEN 5864056 AND 5874055 ORDER BY c
	Unique  (cost=38065.33..38119.25 rows=10784 width=121)
	  ->  Sort  (cost=38065.33..38092.29 rows=10784 width=121)
	        Sort Key: c
	        ->  Bitmap Heap Scan on sbtest7  (cost=350.97..37342.98 rows=10784 width=121)
	              Recheck Cond: ((id >= 5864056) AND (id <= 5874055))
	              ->  Bitmap Index Scan on sbtest7_pkey  (cost=0.00..348.28 rows=10784 width=0)
	                    Index Cond: ((id >= 5864056) AND (id <= 5874055))

table 8 : explain SELECT DISTINCT c FROM sbtest8 WHERE id BETWEEN 4504335 AND 4514334 ORDER BY c
	Unique  (cost=35581.56..35631.74 rows=10037 width=121)
	  ->  Sort  (cost=35581.56..35606.65 rows=10037 width=121)
	        Sort Key: c
	        ->  Bitmap Heap Scan on sbtest8  (cost=327.31..34914.45 rows=10037 width=121)
	              Recheck Cond: ((id >= 4504335) AND (id <= 4514334))
	              ->  Bitmap Index Scan on sbtest8_pkey  (cost=0.00..324.81 rows=10037 width=0)
	                    Index Cond: ((id >= 4504335) AND (id <= 4514334))

explain: for point_selects :: explain SELECT c FROM sbtest%u WHERE id=%u
for: order_ranges
table 1 : explain SELECT c FROM sbtest1 WHERE id BETWEEN 7951506 AND 7961505 ORDER BY c
	Sort  (cost=33560.95..33584.59 rows=9455 width=121)
	  Sort Key: c
	  ->  Bitmap Heap Scan on sbtest1  (cost=305.35..32936.60 rows=9455 width=121)
	        Recheck Cond: ((id >= 7951506) AND (id <= 7961505))
	        ->  Bitmap Index Scan on sbtest1_pkey  (cost=0.00..302.99 rows=9455 width=0)
	              Index Cond: ((id >= 7951506) AND (id <= 7961505))

table 2 : explain SELECT c FROM sbtest2 WHERE id BETWEEN 1015759 AND 1025758 ORDER BY c
	Sort  (cost=33658.13..33681.86 rows=9493 width=121)
	  Sort Key: c
	  ->  Bitmap Heap Scan on sbtest2  (cost=309.74..33030.99 rows=9493 width=121)
	        Recheck Cond: ((id >= 1015759) AND (id <= 1025758))
	        ->  Bitmap Index Scan on sbtest2_pkey  (cost=0.00..307.37 rows=9493 width=0)
	              Index Cond: ((id >= 1015759) AND (id <= 1025758))

table 3 : explain SELECT c FROM sbtest3 WHERE id BETWEEN 1378606 AND 1388605 ORDER BY c
	Sort  (cost=35155.71..35180.53 rows=9926 width=121)
	  Sort Key: c
	  ->  Bitmap Heap Scan on sbtest3  (cost=322.18..34496.78 rows=9926 width=121)
	        Recheck Cond: ((id >= 1378606) AND (id <= 1388605))
	        ->  Bitmap Index Scan on sbtest3_pkey  (cost=0.00..319.69 rows=9926 width=0)
	              Index Cond: ((id >= 1378606) AND (id <= 1388605))

table 4 : explain SELECT c FROM sbtest4 WHERE id BETWEEN 2278094 AND 2288093 ORDER BY c
	Sort  (cost=35558.17..35583.22 rows=10019 width=121)
	  Sort Key: c
	  ->  Bitmap Heap Scan on sbtest4  (cost=323.13..34892.38 rows=10019 width=121)
	        Recheck Cond: ((id >= 2278094) AND (id <= 2288093))
	        ->  Bitmap Index Scan on sbtest4_pkey  (cost=0.00..320.62 rows=10019 width=0)
	              Index Cond: ((id >= 2278094) AND (id <= 2288093))

table 5 : explain SELECT c FROM sbtest5 WHERE id BETWEEN 4031863 AND 4041862 ORDER BY c
	Sort  (cost=34538.02..34562.50 rows=9793 width=121)
	  Sort Key: c
	  ->  Bitmap Heap Scan on sbtest5  (cost=316.81..33888.87 rows=9793 width=121)
	        Recheck Cond: ((id >= 4031863) AND (id <= 4041862))
	        ->  Bitmap Index Scan on sbtest5_pkey  (cost=0.00..314.37 rows=9793 width=0)
	              Index Cond: ((id >= 4031863) AND (id <= 4041862))

table 6 : explain SELECT c FROM sbtest6 WHERE id BETWEEN 8265559 AND 8275558 ORDER BY c
	Sort  (cost=34907.58..34932.27 rows=9875 width=121)
	  Sort Key: c
	  ->  Bitmap Heap Scan on sbtest6  (cost=321.65..34252.40 rows=9875 width=121)
	        Recheck Cond: ((id >= 8265559) AND (id <= 8275558))
	        ->  Bitmap Index Scan on sbtest6_pkey  (cost=0.00..319.19 rows=9875 width=0)
	              Index Cond: ((id >= 8265559) AND (id <= 8275558))

table 7 : explain SELECT c FROM sbtest7 WHERE id BETWEEN 4830528 AND 4840527 ORDER BY c
	Sort  (cost=35281.50..35306.31 rows=9927 width=121)
	  Sort Key: c
	  ->  Bitmap Heap Scan on sbtest7  (cost=322.19..34622.49 rows=9927 width=121)
	        Recheck Cond: ((id >= 4830528) AND (id <= 4840527))
	        ->  Bitmap Index Scan on sbtest7_pkey  (cost=0.00..319.70 rows=9927 width=0)
	              Index Cond: ((id >= 4830528) AND (id <= 4840527))

table 8 : explain SELECT c FROM sbtest8 WHERE id BETWEEN 8147811 AND 8157810 ORDER BY c
	Sort  (cost=37075.78..37102.03 rows=10499 width=121)
	  Sort Key: c
	  ->  Bitmap Heap Scan on sbtest8  (cost=340.05..36374.55 rows=10499 width=121)
	        Recheck Cond: ((id >= 8147811) AND (id <= 8157810))
	        ->  Bitmap Index Scan on sbtest8_pkey  (cost=0.00..337.43 rows=10499 width=0)
	              Index Cond: ((id >= 8147811) AND (id <= 8157810))

for: sum_ranges
table 1 : explain SELECT SUM(k) FROM sbtest1 WHERE id BETWEEN 9868912 AND 9878911
	Aggregate  (cost=33247.61..33247.62 rows=1 width=8)
	  ->  Bitmap Heap Scan on sbtest1  (cost=310.26..33223.75 rows=9544 width=4)
	        Recheck Cond: ((id >= 9868912) AND (id <= 9878911))
	        ->  Bitmap Index Scan on sbtest1_pkey  (cost=0.00..307.88 rows=9544 width=0)
	              Index Cond: ((id >= 9868912) AND (id <= 9878911))

table 2 : explain SELECT SUM(k) FROM sbtest2 WHERE id BETWEEN 9130119 AND 9140118
	Aggregate  (cost=34202.16..34202.17 rows=1 width=8)
	  ->  Bitmap Heap Scan on sbtest2  (cost=321.45..34177.52 rows=9855 width=4)
	        Recheck Cond: ((id >= 9130119) AND (id <= 9140118))
	        ->  Bitmap Index Scan on sbtest2_pkey  (cost=0.00..318.99 rows=9855 width=0)
	              Index Cond: ((id >= 9130119) AND (id <= 9140118))

table 3 : explain SELECT SUM(k) FROM sbtest3 WHERE id BETWEEN 6558065 AND 6568064
	Aggregate  (cost=32280.48..32280.49 rows=1 width=8)
	  ->  Bitmap Heap Scan on sbtest3  (cost=298.97..32257.42 rows=9223 width=4)
	        Recheck Cond: ((id >= 6558065) AND (id <= 6568064))
	        ->  Bitmap Index Scan on sbtest3_pkey  (cost=0.00..296.67 rows=9223 width=0)
	              Index Cond: ((id >= 6558065) AND (id <= 6568064))

table 4 : explain SELECT SUM(k) FROM sbtest4 WHERE id BETWEEN 6180694 AND 6190693
	Aggregate  (cost=34277.43..34277.44 rows=1 width=8)
	  ->  Bitmap Heap Scan on sbtest4  (cost=317.08..34252.88 rows=9819 width=4)
	        Recheck Cond: ((id >= 6180694) AND (id <= 6190693))
	        ->  Bitmap Index Scan on sbtest4_pkey  (cost=0.00..314.62 rows=9819 width=0)
	              Index Cond: ((id >= 6180694) AND (id <= 6190693))

table 5 : explain SELECT SUM(k) FROM sbtest5 WHERE id BETWEEN 7764776 AND 7774775
	Aggregate  (cost=34620.55..34620.56 rows=1 width=8)
	  ->  Bitmap Heap Scan on sbtest5  (cost=323.12..34595.51 rows=10018 width=4)
	        Recheck Cond: ((id >= 7764776) AND (id <= 7774775))
	        ->  Bitmap Index Scan on sbtest5_pkey  (cost=0.00..320.62 rows=10018 width=0)
	              Index Cond: ((id >= 7764776) AND (id <= 7774775))

table 6 : explain SELECT SUM(k) FROM sbtest6 WHERE id BETWEEN 3356130 AND 3366129
	Aggregate  (cost=33402.61..33402.62 rows=1 width=8)
	  ->  Bitmap Heap Scan on sbtest6  (cost=310.83..33378.61 rows=9600 width=4)
	        Recheck Cond: ((id >= 3356130) AND (id <= 3366129))
	        ->  Bitmap Index Scan on sbtest6_pkey  (cost=0.00..308.44 rows=9600 width=0)
	              Index Cond: ((id >= 3356130) AND (id <= 3366129))

table 7 : explain SELECT SUM(k) FROM sbtest7 WHERE id BETWEEN 5972898 AND 5982897
	Aggregate  (cost=34572.20..34572.21 rows=1 width=8)
	  ->  Bitmap Heap Scan on sbtest7  (cost=321.94..34547.45 rows=9903 width=4)
	        Recheck Cond: ((id >= 5972898) AND (id <= 5982897))
	        ->  Bitmap Index Scan on sbtest7_pkey  (cost=0.00..319.46 rows=9903 width=0)
	              Index Cond: ((id >= 5972898) AND (id <= 5982897))

table 8 : explain SELECT SUM(k) FROM sbtest8 WHERE id BETWEEN 3067501 AND 3077500
	Aggregate  (cost=33777.64..33777.65 rows=1 width=8)
	  ->  Bitmap Heap Scan on sbtest8  (cost=315.57..33753.46 rows=9672 width=4)
	        Recheck Cond: ((id >= 3067501) AND (id <= 3077500))
	        ->  Bitmap Index Scan on sbtest8_pkey  (cost=0.00..313.16 rows=9672 width=0)
	              Index Cond: ((id >= 3067501) AND (id <= 3077500))

explain: for point_selects :: explain SELECT c FROM sbtest%u WHERE id=%u
for: sum_ranges
table 1 : explain SELECT SUM(k) FROM sbtest1 WHERE id BETWEEN 5358445 AND 5368444
	Aggregate  (cost=34275.90..34275.91 rows=1 width=8)
	  ->  Bitmap Heap Scan on sbtest1  (cost=321.58..34251.23 rows=9868 width=4)
	        Recheck Cond: ((id >= 5358445) AND (id <= 5368444))
	        ->  Bitmap Index Scan on sbtest1_pkey  (cost=0.00..319.12 rows=9868 width=0)
	              Index Cond: ((id >= 5358445) AND (id <= 5368444))

table 2 : explain SELECT SUM(k) FROM sbtest2 WHERE id BETWEEN 6857625 AND 6867624
	Aggregate  (cost=36246.83..36246.84 rows=1 width=8)
	  ->  Bitmap Heap Scan on sbtest2  (cost=340.12..36220.57 rows=10506 width=4)
	        Recheck Cond: ((id >= 6857625) AND (id <= 6867624))
	        ->  Bitmap Index Scan on sbtest2_pkey  (cost=0.00..337.50 rows=10506 width=0)
	              Index Cond: ((id >= 6857625) AND (id <= 6867624))

table 3 : explain SELECT SUM(k) FROM sbtest3 WHERE id BETWEEN 7354986 AND 7364985
	Aggregate  (cost=34800.83..34800.84 rows=1 width=8)
	  ->  Bitmap Heap Scan on sbtest3  (cost=323.08..34775.79 rows=10014 width=4)
	        Recheck Cond: ((id >= 7354986) AND (id <= 7364985))
	        ->  Bitmap Index Scan on sbtest3_pkey  (cost=0.00..320.57 rows=10014 width=0)
	              Index Cond: ((id >= 7354986) AND (id <= 7364985))

table 4 : explain SELECT SUM(k) FROM sbtest4 WHERE id BETWEEN 5193578 AND 5203577
	Aggregate  (cost=30879.34..30879.35 rows=1 width=8)
	  ->  Bitmap Heap Scan on sbtest4  (cost=286.25..30857.44 rows=8762 width=4)
	        Recheck Cond: ((id >= 5193578) AND (id <= 5203577))
	        ->  Bitmap Index Scan on sbtest4_pkey  (cost=0.00..284.06 rows=8762 width=0)
	              Index Cond: ((id >= 5193578) AND (id <= 5203577))

table 5 : explain SELECT SUM(k) FROM sbtest5 WHERE id BETWEEN 1396394 AND 1406393
	Aggregate  (cost=34923.95..34923.96 rows=1 width=8)
	  ->  Bitmap Heap Scan on sbtest5  (cost=328.10..34898.66 rows=10114 width=4)
	        Recheck Cond: ((id >= 1396394) AND (id <= 1406393))
	        ->  Bitmap Index Scan on sbtest5_pkey  (cost=0.00..325.57 rows=10114 width=0)
	              Index Cond: ((id >= 1396394) AND (id <= 1406393))

table 6 : explain SELECT SUM(k) FROM sbtest6 WHERE id BETWEEN 6340140 AND 6350139
	Aggregate  (cost=34477.88..34477.89 rows=1 width=8)
	  ->  Bitmap Heap Scan on sbtest6  (cost=322.31..34453.03 rows=9939 width=4)
	        Recheck Cond: ((id >= 6340140) AND (id <= 6350139))
	        ->  Bitmap Index Scan on sbtest6_pkey  (cost=0.00..319.82 rows=9939 width=0)
	              Index Cond: ((id >= 6340140) AND (id <= 6350139))

table 7 : explain SELECT SUM(k) FROM sbtest7 WHERE id BETWEEN 1333284 AND 1343283
	Aggregate  (cost=34248.02..34248.03 rows=1 width=8)
	  ->  Bitmap Heap Scan on sbtest7  (cost=316.91..34223.51 rows=9802 width=4)
	        Recheck Cond: ((id >= 1333284) AND (id <= 1343283))
	        ->  Bitmap Index Scan on sbtest7_pkey  (cost=0.00..314.45 rows=9802 width=0)
	              Index Cond: ((id >= 1333284) AND (id <= 1343283))

table 8 : explain SELECT SUM(k) FROM sbtest8 WHERE id BETWEEN 9245274 AND 9255273
	Aggregate  (cost=36892.86..36892.87 rows=1 width=8)
	  ->  Bitmap Heap Scan on sbtest8  (cost=345.64..36866.23 rows=10654 width=4)
	        Recheck Cond: ((id >= 9245274) AND (id <= 9255273))
	        ->  Bitmap Index Scan on sbtest8_pkey  (cost=0.00..342.98 rows=10654 width=0)
	              Index Cond: ((id >= 9245274) AND (id <= 9255273))

for: sum_ranges
table 1 : explain SELECT SUM(k) FROM sbtest1 WHERE id BETWEEN 8135008 AND 8145007
	Aggregate  (cost=37679.88..37679.89 rows=1 width=8)
	  ->  Bitmap Heap Scan on sbtest1  (cost=356.68..37652.50 rows=10951 width=4)
	        Recheck Cond: ((id >= 8135008) AND (id <= 8145007))
	        ->  Bitmap Index Scan on sbtest1_pkey  (cost=0.00..353.94 rows=10951 width=0)
	              Index Cond: ((id >= 8135008) AND (id <= 8145007))

table 2 : explain SELECT SUM(k) FROM sbtest2 WHERE id BETWEEN 295929 AND 305928
	Aggregate  (cost=32891.27..32891.28 rows=1 width=8)
	  ->  Bitmap Heap Scan on sbtest2  (cost=305.23..32867.66 rows=9443 width=4)
	        Recheck Cond: ((id >= 295929) AND (id <= 305928))
	        ->  Bitmap Index Scan on sbtest2_pkey  (cost=0.00..302.87 rows=9443 width=0)
	              Index Cond: ((id >= 295929) AND (id <= 305928))

table 3 : explain SELECT SUM(k) FROM sbtest3 WHERE id BETWEEN 9041048 AND 9051047
	Aggregate  (cost=35495.99..35496.00 rows=1 width=8)
	  ->  Bitmap Heap Scan on sbtest3  (cost=333.32..35470.41 rows=10233 width=4)
	        Recheck Cond: ((id >= 9041048) AND (id <= 9051047))
	        ->  Bitmap Index Scan on sbtest3_pkey  (cost=0.00..330.76 rows=10233 width=0)
	              Index Cond: ((id >= 9041048) AND (id <= 9051047))

table 4 : explain SELECT SUM(k) FROM sbtest4 WHERE id BETWEEN 9188362 AND 9198361
	Aggregate  (cost=35328.36..35328.37 rows=1 width=8)
	  ->  Bitmap Heap Scan on sbtest4  (cost=328.45..35302.99 rows=10148 width=4)
	        Recheck Cond: ((id >= 9188362) AND (id <= 9198361))
	        ->  Bitmap Index Scan on sbtest4_pkey  (cost=0.00..325.92 rows=10148 width=0)
	              Index Cond: ((id >= 9188362) AND (id <= 9198361))

table 5 : explain SELECT SUM(k) FROM sbtest5 WHERE id BETWEEN 8386618 AND 8396617
	Aggregate  (cost=35535.31..35535.32 rows=1 width=8)
	  ->  Bitmap Heap Scan on sbtest5  (cost=334.10..35509.54 rows=10309 width=4)
	        Recheck Cond: ((id >= 8386618) AND (id <= 8396617))
	        ->  Bitmap Index Scan on sbtest5_pkey  (cost=0.00..331.53 rows=10309 width=0)
	              Index Cond: ((id >= 8386618) AND (id <= 8396617))

table 6 : explain SELECT SUM(k) FROM sbtest6 WHERE id BETWEEN 169112 AND 179111
	Aggregate  (cost=36415.47..36415.48 rows=1 width=8)
	  ->  Bitmap Heap Scan on sbtest6  (cost=340.63..36389.08 rows=10556 width=4)
	        Recheck Cond: ((id >= 169112) AND (id <= 179111))
	        ->  Bitmap Index Scan on sbtest6_pkey  (cost=0.00..338.00 rows=10556 width=0)
	              Index Cond: ((id >= 169112) AND (id <= 179111))

table 7 : explain SELECT SUM(k) FROM sbtest7 WHERE id BETWEEN 2243272 AND 2253271
	Aggregate  (cost=38574.68..38574.69 rows=1 width=8)
	  ->  Bitmap Heap Scan on sbtest7  (cost=362.90..38546.76 rows=11167 width=4)
	        Recheck Cond: ((id >= 2243272) AND (id <= 2253271))
	        ->  Bitmap Index Scan on sbtest7_pkey  (cost=0.00..360.11 rows=11167 width=0)
	              Index Cond: ((id >= 2243272) AND (id <= 2253271))

table 8 : explain SELECT SUM(k) FROM sbtest8 WHERE id BETWEEN 8954906 AND 8964905
	Aggregate  (cost=35176.87..35176.88 rows=1 width=8)
	  ->  Bitmap Heap Scan on sbtest8  (cost=328.08..35151.59 rows=10112 width=4)
	        Recheck Cond: ((id >= 8954906) AND (id <= 8964905))
	        ->  Bitmap Index Scan on sbtest8_pkey  (cost=0.00..325.56 rows=10112 width=0)
	              Index Cond: ((id >= 8954906) AND (id <= 8964905))

for: distinct_ranges
table 1 : explain SELECT DISTINCT c FROM sbtest1 WHERE id BETWEEN 8362406 AND 8372405 ORDER BY c
	Unique  (cost=37427.72..37480.98 rows=10652 width=121)
	  ->  Sort  (cost=37427.72..37454.35 rows=10652 width=121)
	        Sort Key: c
	        ->  Bitmap Heap Scan on sbtest1  (cost=345.62..36715.17 rows=10652 width=121)
	              Recheck Cond: ((id >= 8362406) AND (id <= 8372405))
	              ->  Bitmap Index Scan on sbtest1_pkey  (cost=0.00..342.95 rows=10652 width=0)
	                    Index Cond: ((id >= 8362406) AND (id <= 8372405))

table 2 : explain SELECT DISTINCT c FROM sbtest2 WHERE id BETWEEN 8856063 AND 8866062 ORDER BY c
	Unique  (cost=38176.94..38231.43 rows=10899 width=121)
	  ->  Sort  (cost=38176.94..38204.18 rows=10899 width=121)
	        Sort Key: c
	        ->  Bitmap Heap Scan on sbtest2  (cost=352.15..37446.06 rows=10899 width=121)
	              Recheck Cond: ((id >= 8856063) AND (id <= 8866062))
	              ->  Bitmap Index Scan on sbtest2_pkey  (cost=0.00..349.43 rows=10899 width=0)
	                    Index Cond: ((id >= 8856063) AND (id <= 8866062))

table 3 : explain SELECT DISTINCT c FROM sbtest3 WHERE id BETWEEN 8110541 AND 8120540 ORDER BY c
	Unique  (cost=35780.20..35830.79 rows=10118 width=121)
	  ->  Sort  (cost=35780.20..35805.50 rows=10118 width=121)
	        Sort Key: c
	        ->  Bitmap Heap Scan on sbtest3  (cost=328.14..35107.12 rows=10118 width=121)
	              Recheck Cond: ((id >= 8110541) AND (id <= 8120540))
	              ->  Bitmap Index Scan on sbtest3_pkey  (cost=0.00..325.62 rows=10118 width=0)
	                    Index Cond: ((id >= 8110541) AND (id <= 8120540))

table 4 : explain SELECT DISTINCT c FROM sbtest4 WHERE id BETWEEN 5003789 AND 5013788 ORDER BY c
	Unique  (cost=34114.30..34162.19 rows=9577 width=121)
	  ->  Sort  (cost=34114.30..34138.25 rows=9577 width=121)
	        Sort Key: c
	        ->  Bitmap Heap Scan on sbtest4  (cost=310.60..33481.01 rows=9577 width=121)
	              Recheck Cond: ((id >= 5003789) AND (id <= 5013788))
	              ->  Bitmap Index Scan on sbtest4_pkey  (cost=0.00..308.20 rows=9577 width=0)
	                    Index Cond: ((id >= 5003789) AND (id <= 5013788))

table 5 : explain SELECT DISTINCT c FROM sbtest5 WHERE id BETWEEN 7261039 AND 7271038 ORDER BY c
	Unique  (cost=38980.76..39036.69 rows=11185 width=121)
	  ->  Sort  (cost=38980.76..39008.73 rows=11185 width=121)
	        Sort Key: c
	        ->  Bitmap Heap Scan on sbtest5  (cost=363.08..38228.61 rows=11185 width=121)
	              Recheck Cond: ((id >= 7261039) AND (id <= 7271038))
	              ->  Bitmap Index Scan on sbtest5_pkey  (cost=0.00..360.29 rows=11185 width=0)
	                    Index Cond: ((id >= 7261039) AND (id <= 7271038))

table 6 : explain SELECT DISTINCT c FROM sbtest6 WHERE id BETWEEN 8287009 AND 8297008 ORDER BY c
	Unique  (cost=34907.58..34956.96 rows=9875 width=121)
	  ->  Sort  (cost=34907.58..34932.27 rows=9875 width=121)
	        Sort Key: c
	        ->  Bitmap Heap Scan on sbtest6  (cost=321.65..34252.40 rows=9875 width=121)
	              Recheck Cond: ((id >= 8287009) AND (id <= 8297008))
	              ->  Bitmap Index Scan on sbtest6_pkey  (cost=0.00..319.19 rows=9875 width=0)
	                    Index Cond: ((id >= 8287009) AND (id <= 8297008))

table 7 : explain SELECT DISTINCT c FROM sbtest7 WHERE id BETWEEN 5185884 AND 5195883 ORDER BY c
	Unique  (cost=34706.22..34754.97 rows=9751 width=121)
	  ->  Sort  (cost=34706.22..34730.59 rows=9751 width=121)
	        Sort Key: c
	        ->  Bitmap Heap Scan on sbtest7  (cost=316.38..34060.15 rows=9751 width=121)
	              Recheck Cond: ((id >= 5185884) AND (id <= 5195883))
	              ->  Bitmap Index Scan on sbtest7_pkey  (cost=0.00..313.94 rows=9751 width=0)
	                    Index Cond: ((id >= 5185884) AND (id <= 5195883))

table 8 : explain SELECT DISTINCT c FROM sbtest8 WHERE id BETWEEN 6114385 AND 6124384 ORDER BY c
	Unique  (cost=34991.53..35040.81 rows=9855 width=121)
	  ->  Sort  (cost=34991.53..35016.17 rows=9855 width=121)
	        Sort Key: c
	        ->  Bitmap Heap Scan on sbtest8  (cost=321.45..34337.82 rows=9855 width=121)
	              Recheck Cond: ((id >= 6114385) AND (id <= 6124384))
	              ->  Bitmap Index Scan on sbtest8_pkey  (cost=0.00..318.99 rows=9855 width=0)
	                    Index Cond: ((id >= 6114385) AND (id <= 6124384))

for point_selects
table 1 : explain SELECT c FROM sbtest1 WHERE id=4918138
	Index Scan using sbtest1_pkey on sbtest1  (cost=0.43..8.45 rows=1 width=121)
	  Index Cond: (id = 4918138)

table 2 : explain SELECT c FROM sbtest2 WHERE id=5109308
	Index Scan using sbtest2_pkey on sbtest2  (cost=0.43..8.45 rows=1 width=121)
	  Index Cond: (id = 5109308)

table 3 : explain SELECT c FROM sbtest3 WHERE id=7235614
	Index Scan using sbtest3_pkey on sbtest3  (cost=0.43..8.45 rows=1 width=121)
	  Index Cond: (id = 7235614)

table 4 : explain SELECT c FROM sbtest4 WHERE id=6486926
	Index Scan using sbtest4_pkey on sbtest4  (cost=0.43..8.45 rows=1 width=121)
	  Index Cond: (id = 6486926)

table 5 : explain SELECT c FROM sbtest5 WHERE id=386091
	Index Scan using sbtest5_pkey on sbtest5  (cost=0.43..8.45 rows=1 width=121)
	  Index Cond: (id = 386091)

table 6 : explain SELECT c FROM sbtest6 WHERE id=8314448
	Index Scan using sbtest6_pkey on sbtest6  (cost=0.43..8.45 rows=1 width=121)
	  Index Cond: (id = 8314448)

table 7 : explain SELECT c FROM sbtest7 WHERE id=1390892
	Index Scan using sbtest7_pkey on sbtest7  (cost=0.43..8.45 rows=1 width=121)
	  Index Cond: (id = 1390892)

table 8 : explain SELECT c FROM sbtest8 WHERE id=8256751
	Index Scan using sbtest8_pkey on sbtest8  (cost=0.43..8.45 rows=1 width=121)
	  Index Cond: (id = 8256751)

for: order_ranges
table 1 : explain SELECT c FROM sbtest1 WHERE id BETWEEN 3507989 AND 3517988 ORDER BY c
	Sort  (cost=38812.85..38840.57 rows=11086 width=121)
	  Sort Key: c
	  ->  Bitmap Heap Scan on sbtest1  (cost=358.07..38068.07 rows=11086 width=121)
	        Recheck Cond: ((id >= 3507989) AND (id <= 3517988))
	        ->  Bitmap Index Scan on sbtest1_pkey  (cost=0.00..355.30 rows=11086 width=0)
	              Index Cond: ((id >= 3507989) AND (id <= 3517988))

table 2 : explain SELECT c FROM sbtest2 WHERE id BETWEEN 9417289 AND 9427288 ORDER BY c
	Sort  (cost=35612.61..35637.85 rows=10098 width=121)
	  Sort Key: c
	  ->  Bitmap Heap Scan on sbtest2  (cost=327.94..34941.00 rows=10098 width=121)
	        Recheck Cond: ((id >= 9417289) AND (id <= 9427288))
	        ->  Bitmap Index Scan on sbtest2_pkey  (cost=0.00..325.42 rows=10098 width=0)
	              Index Cond: ((id >= 9417289) AND (id <= 9427288))

table 3 : explain SELECT c FROM sbtest3 WHERE id BETWEEN 5486823 AND 5496822 ORDER BY c
	Sort  (cost=36142.05..36167.62 rows=10230 width=121)
	  Sort Key: c
	  ->  Bitmap Heap Scan on sbtest3  (cost=333.29..35460.70 rows=10230 width=121)
	        Recheck Cond: ((id >= 5486823) AND (id <= 5496822))
	        ->  Bitmap Index Scan on sbtest3_pkey  (cost=0.00..330.74 rows=10230 width=0)
	              Index Cond: ((id >= 5486823) AND (id <= 5496822))

table 4 : explain SELECT c FROM sbtest4 WHERE id BETWEEN 6001178 AND 6011177 ORDER BY c
	Sort  (cost=35551.51..35576.55 rows=10017 width=121)
	  Sort Key: c
	  ->  Bitmap Heap Scan on sbtest4  (cost=323.11..34885.87 rows=10017 width=121)
	        Recheck Cond: ((id >= 6001178) AND (id <= 6011177))
	        ->  Bitmap Index Scan on sbtest4_pkey  (cost=0.00..320.61 rows=10017 width=0)
	              Index Cond: ((id >= 6001178) AND (id <= 6011177))

table 5 : explain SELECT c FROM sbtest5 WHERE id BETWEEN 6558397 AND 6568396 ORDER BY c
	Sort  (cost=35716.17..35741.57 rows=10159 width=121)
	  Sort Key: c
	  ->  Bitmap Heap Scan on sbtest5  (cost=328.56..35040.06 rows=10159 width=121)
	        Recheck Cond: ((id >= 6558397) AND (id <= 6568396))
	        ->  Bitmap Index Scan on sbtest5_pkey  (cost=0.00..326.03 rows=10159 width=0)
	              Index Cond: ((id >= 6558397) AND (id <= 6568396))

table 6 : explain SELECT c FROM sbtest6 WHERE id BETWEEN 8606548 AND 8616547 ORDER BY c
	Sort  (cost=36607.54..36633.55 rows=10403 width=121)
	  Sort Key: c
	  ->  Bitmap Heap Scan on sbtest6  (cost=339.07..35913.42 rows=10403 width=121)
	        Recheck Cond: ((id >= 8606548) AND (id <= 8616547))
	        ->  Bitmap Index Scan on sbtest6_pkey  (cost=0.00..336.46 rows=10403 width=0)
	              Index Cond: ((id >= 8606548) AND (id <= 8616547))

table 7 : explain SELECT c FROM sbtest7 WHERE id BETWEEN 4250389 AND 4260388 ORDER BY c
	Sort  (cost=36115.33..36140.79 rows=10183 width=121)
	  Sort Key: c
	  ->  Bitmap Heap Scan on sbtest7  (cost=328.81..35437.46 rows=10183 width=121)
	        Recheck Cond: ((id >= 4250389) AND (id <= 4260388))
	        ->  Bitmap Index Scan on sbtest7_pkey  (cost=0.00..326.26 rows=10183 width=0)
	              Index Cond: ((id >= 4250389) AND (id <= 4260388))

table 8 : explain SELECT c FROM sbtest8 WHERE id BETWEEN 9011561 AND 9021560 ORDER BY c
	Sort  (cost=35631.40..35656.53 rows=10052 width=121)
	  Sort Key: c
	  ->  Bitmap Heap Scan on sbtest8  (cost=327.47..34963.18 rows=10052 width=121)
	        Recheck Cond: ((id >= 9011561) AND (id <= 9021560))
	        ->  Bitmap Index Scan on sbtest8_pkey  (cost=0.00..324.95 rows=10052 width=0)
	              Index Cond: ((id >= 9011561) AND (id <= 9021560))

for: sum_ranges
table 1 : explain SELECT SUM(k) FROM sbtest1 WHERE id BETWEEN 593009 AND 603008
	Aggregate  (cost=32404.83..32404.84 rows=1 width=8)
	  ->  Bitmap Heap Scan on sbtest1  (cost=299.57..32381.63 rows=9281 width=4)
	        Recheck Cond: ((id >= 593009) AND (id <= 603008))
	        ->  Bitmap Index Scan on sbtest1_pkey  (cost=0.00..297.25 rows=9281 width=0)
	              Index Cond: ((id >= 593009) AND (id <= 603008))

table 2 : explain SELECT SUM(k) FROM sbtest2 WHERE id BETWEEN 6028594 AND 6038593
	Aggregate  (cost=36726.07..36726.08 rows=1 width=8)
	  ->  Bitmap Heap Scan on sbtest2  (cost=345.69..36699.42 rows=10659 width=4)
	        Recheck Cond: ((id >= 6028594) AND (id <= 6038593))
	        ->  Bitmap Index Scan on sbtest2_pkey  (cost=0.00..343.03 rows=10659 width=0)
	              Index Cond: ((id >= 6028594) AND (id <= 6038593))

table 3 : explain SELECT SUM(k) FROM sbtest3 WHERE id BETWEEN 5524913 AND 5534912
	Aggregate  (cost=35486.28..35486.29 rows=1 width=8)
	  ->  Bitmap Heap Scan on sbtest3  (cost=333.29..35460.70 rows=10230 width=4)
	        Recheck Cond: ((id >= 5524913) AND (id <= 5534912))
	        ->  Bitmap Index Scan on sbtest3_pkey  (cost=0.00..330.74 rows=10230 width=0)
	              Index Cond: ((id >= 5524913) AND (id <= 5534912))

table 4 : explain SELECT SUM(k) FROM sbtest4 WHERE id BETWEEN 1031064 AND 1041063
	Aggregate  (cost=37204.49..37204.50 rows=1 width=8)
	  ->  Bitmap Heap Scan on sbtest4  (cost=346.53..37177.64 rows=10741 width=4)
	        Recheck Cond: ((id >= 1031064) AND (id <= 1041063))
	        ->  Bitmap Index Scan on sbtest4_pkey  (cost=0.00..343.84 rows=10741 width=0)
	              Index Cond: ((id >= 1031064) AND (id <= 1041063))

table 5 : explain SELECT SUM(k) FROM sbtest5 WHERE id BETWEEN 5334536 AND 5344535
	Aggregate  (cost=32405.29..32405.30 rows=1 width=8)
	  ->  Bitmap Heap Scan on sbtest5  (cost=303.91..32382.00 rows=9315 width=4)
	        Recheck Cond: ((id >= 5334536) AND (id <= 5344535))
	        ->  Bitmap Index Scan on sbtest5_pkey  (cost=0.00..301.58 rows=9315 width=0)
	              Index Cond: ((id >= 5334536) AND (id <= 5344535))

table 6 : explain SELECT SUM(k) FROM sbtest6 WHERE id BETWEEN 4925832 AND 4935831
	Aggregate  (cost=33679.51..33679.52 rows=1 width=8)
	  ->  Bitmap Heap Scan on sbtest6  (cost=315.72..33655.29 rows=9686 width=4)
	        Recheck Cond: ((id >= 4925832) AND (id <= 4935831))
	        ->  Bitmap Index Scan on sbtest6_pkey  (cost=0.00..313.30 rows=9686 width=0)
	              Index Cond: ((id >= 4925832) AND (id <= 4935831))

table 7 : explain SELECT SUM(k) FROM sbtest7 WHERE id BETWEEN 4054953 AND 4064952
	Aggregate  (cost=34885.49..34885.50 rows=1 width=8)
	  ->  Bitmap Heap Scan on sbtest7  (cost=322.96..34860.49 rows=10002 width=4)
	        Recheck Cond: ((id >= 4054953) AND (id <= 4064952))
	        ->  Bitmap Index Scan on sbtest7_pkey  (cost=0.00..320.45 rows=10002 width=0)
	              Index Cond: ((id >= 4054953) AND (id <= 4064952))

table 8 : explain SELECT SUM(k) FROM sbtest8 WHERE id BETWEEN 2376442 AND 2386441
	Aggregate  (cost=32048.43..32048.44 rows=1 width=8)
	  ->  Bitmap Heap Scan on sbtest8  (cost=298.05..32025.60 rows=9133 width=4)
	        Recheck Cond: ((id >= 2376442) AND (id <= 2386441))
	        ->  Bitmap Index Scan on sbtest8_pkey  (cost=0.00..295.76 rows=9133 width=0)
	              Index Cond: ((id >= 2376442) AND (id <= 2386441))

for: sum_ranges
table 1 : explain SELECT SUM(k) FROM sbtest1 WHERE id BETWEEN 8056043 AND 8066042
	Aggregate  (cost=35066.74..35066.75 rows=1 width=8)
	  ->  Bitmap Heap Scan on sbtest1  (cost=328.15..35041.45 rows=10119 width=4)
	        Recheck Cond: ((id >= 8056043) AND (id <= 8066042))
	        ->  Bitmap Index Scan on sbtest1_pkey  (cost=0.00..325.62 rows=10119 width=0)
	              Index Cond: ((id >= 8056043) AND (id <= 8066042))

table 2 : explain SELECT SUM(k) FROM sbtest2 WHERE id BETWEEN 4699823 AND 4709822
	Aggregate  (cost=34156.06..34156.07 rows=1 width=8)
	  ->  Bitmap Heap Scan on sbtest2  (cost=317.32..34131.46 rows=9842 width=4)
	        Recheck Cond: ((id >= 4699823) AND (id <= 4709822))
	        ->  Bitmap Index Scan on sbtest2_pkey  (cost=0.00..314.86 rows=9842 width=0)
	              Index Cond: ((id >= 4699823) AND (id <= 4709822))

table 3 : explain SELECT SUM(k) FROM sbtest3 WHERE id BETWEEN 8300680 AND 8310679
	Aggregate  (cost=34036.31..34036.32 rows=1 width=8)
	  ->  Bitmap Heap Scan on sbtest3  (cost=316.61..34011.88 rows=9773 width=4)
	        Recheck Cond: ((id >= 8300680) AND (id <= 8310679))
	        ->  Bitmap Index Scan on sbtest3_pkey  (cost=0.00..314.17 rows=9773 width=0)
	              Index Cond: ((id >= 8300680) AND (id <= 8310679))

table 4 : explain SELECT SUM(k) FROM sbtest4 WHERE id BETWEEN 4930473 AND 4940472
	Aggregate  (cost=35839.37..35839.38 rows=1 width=8)
	  ->  Bitmap Heap Scan on sbtest4  (cost=334.10..35813.59 rows=10309 width=4)
	        Recheck Cond: ((id >= 4930473) AND (id <= 4940472))
	        ->  Bitmap Index Scan on sbtest4_pkey  (cost=0.00..331.53 rows=10309 width=0)
	              Index Cond: ((id >= 4930473) AND (id <= 4940472))

table 5 : explain SELECT SUM(k) FROM sbtest5 WHERE id BETWEEN 2968061 AND 2978060
	Aggregate  (cost=34433.65..34433.66 rows=1 width=8)
	  ->  Bitmap Heap Scan on sbtest5  (cost=322.50..34408.75 rows=9958 width=4)
	        Recheck Cond: ((id >= 2968061) AND (id <= 2978060))
	        ->  Bitmap Index Scan on sbtest5_pkey  (cost=0.00..320.01 rows=9958 width=0)
	              Index Cond: ((id >= 2968061) AND (id <= 2978060))

table 6 : explain SELECT SUM(k) FROM sbtest6 WHERE id BETWEEN 9142804 AND 9152803
	Aggregate  (cost=35403.66..35403.67 rows=1 width=8)
	  ->  Bitmap Heap Scan on sbtest6  (cost=333.31..35378.08 rows=10232 width=4)
	        Recheck Cond: ((id >= 9142804) AND (id <= 9152803))
	        ->  Bitmap Index Scan on sbtest6_pkey  (cost=0.00..330.75 rows=10232 width=0)
	              Index Cond: ((id >= 9142804) AND (id <= 9152803))

table 7 : explain SELECT SUM(k) FROM sbtest7 WHERE id BETWEEN 6425898 AND 6435897
	Aggregate  (cost=34944.18..34944.19 rows=1 width=8)
	  ->  Bitmap Heap Scan on sbtest7  (cost=323.14..34919.13 rows=10020 width=4)
	        Recheck Cond: ((id >= 6425898) AND (id <= 6435897))
	        ->  Bitmap Index Scan on sbtest7_pkey  (cost=0.00..320.63 rows=10020 width=0)
	              Index Cond: ((id >= 6425898) AND (id <= 6435897))

table 8 : explain SELECT SUM(k) FROM sbtest8 WHERE id BETWEEN 2758208 AND 2768207
	Aggregate  (cost=34002.94..34002.95 rows=1 width=8)
	  ->  Bitmap Heap Scan on sbtest8  (cost=316.30..33978.58 rows=9743 width=4)
	        Recheck Cond: ((id >= 2758208) AND (id <= 2768207))
	        ->  Bitmap Index Scan on sbtest8_pkey  (cost=0.00..313.87 rows=9743 width=0)
	              Index Cond: ((id >= 2758208) AND (id <= 2768207))

for: distinct_ranges
table 1 : explain SELECT DISTINCT c FROM sbtest1 WHERE id BETWEEN 6190660 AND 6200659 ORDER BY c
	Unique  (cost=35303.58..35353.54 rows=9992 width=121)
	  ->  Sort  (cost=35303.58..35328.56 rows=9992 width=121)
	        Sort Key: c
	        ->  Bitmap Heap Scan on sbtest1  (cost=322.85..34639.78 rows=9992 width=121)
	              Recheck Cond: ((id >= 6190660) AND (id <= 6200659))
	              ->  Bitmap Index Scan on sbtest1_pkey  (cost=0.00..320.36 rows=9992 width=0)
	                    Index Cond: ((id >= 6190660) AND (id <= 6200659))

table 2 : explain SELECT DISTINCT c FROM sbtest2 WHERE id BETWEEN 6565778 AND 6575777 ORDER BY c
	Unique  (cost=39905.59..39962.81 rows=11444 width=121)
	  ->  Sort  (cost=39905.59..39934.20 rows=11444 width=121)
	        Sort Key: c
	        ->  Bitmap Heap Scan on sbtest2  (cost=369.74..39134.13 rows=11444 width=121)
	              Recheck Cond: ((id >= 6565778) AND (id <= 6575777))
	              ->  Bitmap Index Scan on sbtest2_pkey  (cost=0.00..366.88 rows=11444 width=0)
	                    Index Cond: ((id >= 6565778) AND (id <= 6575777))

table 3 : explain SELECT DISTINCT c FROM sbtest3 WHERE id BETWEEN 5670052 AND 5680051 ORDER BY c
	Unique  (cost=34349.88..34398.26 rows=9677 width=121)
	  ->  Sort  (cost=34349.88..34374.07 rows=9677 width=121)
	        Sort Key: c
	        ->  Bitmap Heap Scan on sbtest3  (cost=315.62..33709.24 rows=9677 width=121)
	              Recheck Cond: ((id >= 5670052) AND (id <= 5680051))
	              ->  Bitmap Index Scan on sbtest3_pkey  (cost=0.00..313.20 rows=9677 width=0)
	                    Index Cond: ((id >= 5670052) AND (id <= 5680051))

table 4 : explain SELECT DISTINCT c FROM sbtest4 WHERE id BETWEEN 8729754 AND 8739753 ORDER BY c
	Unique  (cost=34338.52..34386.75 rows=9646 width=121)
	  ->  Sort  (cost=34338.52..34362.63 rows=9646 width=121)
	        Sort Key: c
	        ->  Bitmap Heap Scan on sbtest4  (cost=311.31..33700.16 rows=9646 width=121)
	              Recheck Cond: ((id >= 8729754) AND (id <= 8739753))
	              ->  Bitmap Index Scan on sbtest4_pkey  (cost=0.00..308.90 rows=9646 width=0)
	                    Index Cond: ((id >= 8729754) AND (id <= 8739753))

table 5 : explain SELECT DISTINCT c FROM sbtest5 WHERE id BETWEEN 4440616 AND 4450615 ORDER BY c
	Unique  (cost=33720.12..33767.82 rows=9539 width=121)
	  ->  Sort  (cost=33720.12..33743.97 rows=9539 width=121)
	        Sort Key: c
	        ->  Bitmap Heap Scan on sbtest5  (cost=310.21..33089.61 rows=9539 width=121)
	              Recheck Cond: ((id >= 4440616) AND (id <= 4450615))
	              ->  Bitmap Index Scan on sbtest5_pkey  (cost=0.00..307.82 rows=9539 width=0)
	                    Index Cond: ((id >= 4440616) AND (id <= 4450615))

table 6 : explain SELECT DISTINCT c FROM sbtest6 WHERE id BETWEEN 7512172 AND 7522171 ORDER BY c
	Unique  (cost=34698.09..34747.14 rows=9811 width=121)
	  ->  Sort  (cost=34698.09..34722.62 rows=9811 width=121)
	        Sort Key: c
	        ->  Bitmap Heap Scan on sbtest6  (cost=317.00..34047.61 rows=9811 width=121)
	              Recheck Cond: ((id >= 7512172) AND (id <= 7522171))
	              ->  Bitmap Index Scan on sbtest6_pkey  (cost=0.00..314.55 rows=9811 width=0)
	                    Index Cond: ((id >= 7512172) AND (id <= 7522171))

table 7 : explain SELECT DISTINCT c FROM sbtest7 WHERE id BETWEEN 4493456 AND 4503455 ORDER BY c
	Unique  (cost=34719.58..34768.35 rows=9755 width=121)
	  ->  Sort  (cost=34719.58..34743.97 rows=9755 width=121)
	        Sort Key: c
	        ->  Bitmap Heap Scan on sbtest7  (cost=316.42..34073.22 rows=9755 width=121)
	              Recheck Cond: ((id >= 4493456) AND (id <= 4503455))
	              ->  Bitmap Index Scan on sbtest7_pkey  (cost=0.00..313.99 rows=9755 width=0)
	                    Index Cond: ((id >= 4493456) AND (id <= 4503455))

table 8 : explain SELECT DISTINCT c FROM sbtest8 WHERE id BETWEEN 4140281 AND 4150280 ORDER BY c
	Unique  (cost=35301.32..35351.08 rows=9951 width=121)
	  ->  Sort  (cost=35301.32..35326.20 rows=9951 width=121)
	        Sort Key: c
	        ->  Bitmap Heap Scan on sbtest8  (cost=322.43..34640.55 rows=9951 width=121)
	              Recheck Cond: ((id >= 4140281) AND (id <= 4150280))
	              ->  Bitmap Index Scan on sbtest8_pkey  (cost=0.00..319.94 rows=9951 width=0)
	                    Index Cond: ((id >= 4140281) AND (id <= 4150280))

for: order_ranges
table 1 : explain SELECT c FROM sbtest1 WHERE id BETWEEN 659665 AND 669664 ORDER BY c
	Sort  (cost=32394.29..32417.04 rows=9098 width=121)
	  Sort Key: c
	  ->  Bitmap Heap Scan on sbtest1  (cost=293.69..31796.04 rows=9098 width=121)
	        Recheck Cond: ((id >= 659665) AND (id <= 669664))
	        ->  Bitmap Index Scan on sbtest1_pkey  (cost=0.00..291.42 rows=9098 width=0)
	              Index Cond: ((id >= 659665) AND (id <= 669664))

table 2 : explain SELECT c FROM sbtest2 WHERE id BETWEEN 7410299 AND 7420298 ORDER BY c
	Sort  (cost=38920.51..38948.34 rows=11132 width=121)
	  Sort Key: c
	  ->  Bitmap Heap Scan on sbtest2  (cost=362.54..38172.30 rows=11132 width=121)
	        Recheck Cond: ((id >= 7410299) AND (id <= 7420298))
	        ->  Bitmap Index Scan on sbtest2_pkey  (cost=0.00..359.75 rows=11132 width=0)
	              Index Cond: ((id >= 7410299) AND (id <= 7420298))

table 3 : explain SELECT c FROM sbtest3 WHERE id BETWEEN 8168223 AND 8178222 ORDER BY c
	Sort  (cost=33955.86..33979.75 rows=9557 width=121)
	  Sort Key: c
	  ->  Bitmap Heap Scan on sbtest3  (cost=310.39..33324.03 rows=9557 width=121)
	        Recheck Cond: ((id >= 8168223) AND (id <= 8178222))
	        ->  Bitmap Index Scan on sbtest3_pkey  (cost=0.00..308.00 rows=9557 width=0)
	              Index Cond: ((id >= 8168223) AND (id <= 8178222))

table 4 : explain SELECT c FROM sbtest4 WHERE id BETWEEN 4492960 AND 4502959 ORDER BY c
	Sort  (cost=36278.22..36303.82 rows=10240 width=121)
	  Sort Key: c
	  ->  Bitmap Heap Scan on sbtest4  (cost=333.39..35596.13 rows=10240 width=121)
	        Recheck Cond: ((id >= 4492960) AND (id <= 4502959))
	        ->  Bitmap Index Scan on sbtest4_pkey  (cost=0.00..330.83 rows=10240 width=0)
	              Index Cond: ((id >= 4492960) AND (id <= 4502959))

table 5 : explain SELECT c FROM sbtest5 WHERE id BETWEEN 8521984 AND 8531983 ORDER BY c
	Sort  (cost=33915.56..33939.56 rows=9600 width=121)
	  Sort Key: c
	  ->  Bitmap Heap Scan on sbtest5  (cost=310.83..33280.58 rows=9600 width=121)
	        Recheck Cond: ((id >= 8521984) AND (id <= 8531983))
	        ->  Bitmap Index Scan on sbtest5_pkey  (cost=0.00..308.44 rows=9600 width=0)
	              Index Cond: ((id >= 8521984) AND (id <= 8531983))

table 6 : explain SELECT c FROM sbtest6 WHERE id BETWEEN 1069327 AND 1079326 ORDER BY c
	Sort  (cost=34924.13..34948.83 rows=9880 width=121)
	  Sort Key: c
	  ->  Bitmap Heap Scan on sbtest6  (cost=321.71..34268.58 rows=9880 width=121)
	        Recheck Cond: ((id >= 1069327) AND (id <= 1079326))
	        ->  Bitmap Index Scan on sbtest6_pkey  (cost=0.00..319.24 rows=9880 width=0)
	              Index Cond: ((id >= 1069327) AND (id <= 1079326))

table 7 : explain SELECT c FROM sbtest7 WHERE id BETWEEN 4577423 AND 4587422 ORDER BY c
	Sort  (cost=34719.58..34743.97 rows=9755 width=121)
	  Sort Key: c
	  ->  Bitmap Heap Scan on sbtest7  (cost=316.42..34073.22 rows=9755 width=121)
	        Recheck Cond: ((id >= 4577423) AND (id <= 4587422))
	        ->  Bitmap Index Scan on sbtest7_pkey  (cost=0.00..313.99 rows=9755 width=0)
	              Index Cond: ((id >= 4577423) AND (id <= 4587422))

table 8 : explain SELECT c FROM sbtest8 WHERE id BETWEEN 6090624 AND 6100623 ORDER BY c
	Sort  (cost=34991.53..35016.17 rows=9855 width=121)
	  Sort Key: c
	  ->  Bitmap Heap Scan on sbtest8  (cost=321.45..34337.82 rows=9855 width=121)
	        Recheck Cond: ((id >= 6090624) AND (id <= 6100623))
	        ->  Bitmap Index Scan on sbtest8_pkey  (cost=0.00..318.99 rows=9855 width=0)
	              Index Cond: ((id >= 6090624) AND (id <= 6100623))

for: simple_ranges
table 1 : explain SELECT c FROM sbtest1 WHERE id BETWEEN 9497574 AND 9507573
	Bitmap Heap Scan on sbtest1  (cost=357.97..38039.33 rows=11077 width=121)
	  Recheck Cond: ((id >= 9497574) AND (id <= 9507573))
	  ->  Bitmap Index Scan on sbtest1_pkey  (cost=0.00..355.20 rows=11077 width=0)
	        Index Cond: ((id >= 9497574) AND (id <= 9507573))

table 2 : explain SELECT c FROM sbtest2 WHERE id BETWEEN 2572611 AND 2582610
	Bitmap Heap Scan on sbtest2  (cost=344.83..36439.63 rows=10575 width=121)
	  Recheck Cond: ((id >= 2572611) AND (id <= 2582610))
	  ->  Bitmap Index Scan on sbtest2_pkey  (cost=0.00..342.19 rows=10575 width=0)
	        Index Cond: ((id >= 2572611) AND (id <= 2582610))

table 3 : explain SELECT c FROM sbtest3 WHERE id BETWEEN 1189110 AND 1199109
	Bitmap Heap Scan on sbtest3  (cost=322.07..34467.54 rows=9916 width=121)
	  Recheck Cond: ((id >= 1189110) AND (id <= 1199109))
	  ->  Bitmap Index Scan on sbtest3_pkey  (cost=0.00..319.59 rows=9916 width=0)
	        Index Cond: ((id >= 1189110) AND (id <= 1199109))

table 4 : explain SELECT c FROM sbtest4 WHERE id BETWEEN 6457744 AND 6467743
	Bitmap Heap Scan on sbtest4  (cost=333.31..35570.16 rows=10232 width=121)
	  Recheck Cond: ((id >= 6457744) AND (id <= 6467743))
	  ->  Bitmap Index Scan on sbtest4_pkey  (cost=0.00..330.75 rows=10232 width=0)
	        Index Cond: ((id >= 6457744) AND (id <= 6467743))

table 5 : explain SELECT c FROM sbtest5 WHERE id BETWEEN 6402231 AND 6412230
	Bitmap Heap Scan on sbtest5  (cost=322.32..34353.98 rows=9940 width=121)
	  Recheck Cond: ((id >= 6402231) AND (id <= 6412230))
	  ->  Bitmap Index Scan on sbtest5_pkey  (cost=0.00..319.83 rows=9940 width=0)
	        Index Cond: ((id >= 6402231) AND (id <= 6412230))

table 6 : explain SELECT c FROM sbtest6 WHERE id BETWEEN 3406863 AND 3416862
	Bitmap Heap Scan on sbtest6  (cost=369.19..38987.79 rows=11391 width=121)
	  Recheck Cond: ((id >= 3406863) AND (id <= 3416862))
	  ->  Bitmap Index Scan on sbtest6_pkey  (cost=0.00..366.34 rows=11391 width=0)
	        Index Cond: ((id >= 3406863) AND (id <= 3416862))

table 7 : explain SELECT c FROM sbtest7 WHERE id BETWEEN 1634716 AND 1644715
	Bitmap Heap Scan on sbtest7  (cost=334.45..35945.09 rows=10343 width=121)
	  Recheck Cond: ((id >= 1634716) AND (id <= 1644715))
	  ->  Bitmap Index Scan on sbtest7_pkey  (cost=0.00..331.87 rows=10343 width=0)
	        Index Cond: ((id >= 1634716) AND (id <= 1644715))

table 8 : explain SELECT c FROM sbtest8 WHERE id BETWEEN 1318214 AND 1328213
	Bitmap Heap Scan on sbtest8  (cost=332.97..35428.22 rows=10199 width=121)
	  Recheck Cond: ((id >= 1318214) AND (id <= 1328213))
	  ->  Bitmap Index Scan on sbtest8_pkey  (cost=0.00..330.43 rows=10199 width=0)
	        Index Cond: ((id >= 1318214) AND (id <= 1328213))

for: distinct_ranges
table 1 : explain SELECT DISTINCT c FROM sbtest1 WHERE id BETWEEN 3792980 AND 3802979 ORDER BY c
	Unique  (cost=32806.17..32852.28 rows=9223 width=121)
	  ->  Sort  (cost=32806.17..32829.23 rows=9223 width=121)
	        Sort Key: c
	        ->  Bitmap Heap Scan on sbtest1  (cost=298.97..32198.79 rows=9223 width=121)
	              Recheck Cond: ((id >= 3792980) AND (id <= 3802979))
	              ->  Bitmap Index Scan on sbtest1_pkey  (cost=0.00..296.67 rows=9223 width=0)
	                    Index Cond: ((id >= 3792980) AND (id <= 3802979))

table 2 : explain SELECT DISTINCT c FROM sbtest2 WHERE id BETWEEN 5900530 AND 5910529 ORDER BY c
	Unique  (cost=35929.52..35980.50 rows=10197 width=121)
	  ->  Sort  (cost=35929.52..35955.01 rows=10197 width=121)
	        Sort Key: c
	        ->  Bitmap Heap Scan on sbtest2  (cost=328.95..35250.61 rows=10197 width=121)
	              Recheck Cond: ((id >= 5900530) AND (id <= 5910529))
	              ->  Bitmap Index Scan on sbtest2_pkey  (cost=0.00..326.41 rows=10197 width=0)
	                    Index Cond: ((id >= 5900530) AND (id <= 5910529))

table 3 : explain SELECT DISTINCT c FROM sbtest3 WHERE id BETWEEN 7175382 AND 7185381 ORDER BY c
	Unique  (cost=33079.07..33125.52 rows=9289 width=121)
	  ->  Sort  (cost=33079.07..33102.30 rows=9289 width=121)
	        Sort Key: c
	        ->  Bitmap Heap Scan on sbtest3  (cost=299.65..32466.87 rows=9289 width=121)
	              Recheck Cond: ((id >= 7175382) AND (id <= 7185381))
	              ->  Bitmap Index Scan on sbtest3_pkey  (cost=0.00..297.32 rows=9289 width=0)
	                    Index Cond: ((id >= 7175382) AND (id <= 7185381))

table 4 : explain SELECT DISTINCT c FROM sbtest4 WHERE id BETWEEN 2009397 AND 2019396 ORDER BY c
	Unique  (cost=33930.08..33977.68 rows=9520 width=121)
	  ->  Sort  (cost=33930.08..33953.88 rows=9520 width=121)
	        Sort Key: c
	        ->  Bitmap Heap Scan on sbtest4  (cost=310.01..33300.96 rows=9520 width=121)
	              Recheck Cond: ((id >= 2009397) AND (id <= 2019396))
	              ->  Bitmap Index Scan on sbtest4_pkey  (cost=0.00..307.63 rows=9520 width=0)
	                    Index Cond: ((id >= 2009397) AND (id <= 2019396))

table 5 : explain SELECT DISTINCT c FROM sbtest5 WHERE id BETWEEN 9093522 AND 9103521 ORDER BY c
	Unique  (cost=38495.24..38550.40 rows=11032 width=121)
	  ->  Sort  (cost=38495.24..38522.82 rows=11032 width=121)
	        Sort Key: c
	        ->  Bitmap Heap Scan on sbtest5  (cost=357.51..37754.48 rows=11032 width=121)
	              Recheck Cond: ((id >= 9093522) AND (id <= 9103521))
	              ->  Bitmap Index Scan on sbtest5_pkey  (cost=0.00..354.75 rows=11032 width=0)
	                    Index Cond: ((id >= 9093522) AND (id <= 9103521))

table 6 : explain SELECT DISTINCT c FROM sbtest6 WHERE id BETWEEN 1947236 AND 1957235 ORDER BY c
	Unique  (cost=33661.07..33708.52 rows=9491 width=121)
	  ->  Sort  (cost=33661.07..33684.80 rows=9491 width=121)
	        Sort Key: c
	        ->  Bitmap Heap Scan on sbtest6  (cost=309.72..33034.08 rows=9491 width=121)
	              Recheck Cond: ((id >= 1947236) AND (id <= 1957235))
	              ->  Bitmap Index Scan on sbtest6_pkey  (cost=0.00..307.34 rows=9491 width=0)
	                    Index Cond: ((id >= 1947236) AND (id <= 1957235))

table 7 : explain SELECT DISTINCT c FROM sbtest7 WHERE id BETWEEN 2685228 AND 2695227 ORDER BY c
	Unique  (cost=35765.69..35816.06 rows=10075 width=121)
	  ->  Sort  (cost=35765.69..35790.87 rows=10075 width=121)
	        Sort Key: c
	        ->  Bitmap Heap Scan on sbtest7  (cost=327.70..35095.77 rows=10075 width=121)
	              Recheck Cond: ((id >= 2685228) AND (id <= 2695227))
	              ->  Bitmap Index Scan on sbtest7_pkey  (cost=0.00..325.19 rows=10075 width=0)
	                    Index Cond: ((id >= 2685228) AND (id <= 2695227))

table 8 : explain SELECT DISTINCT c FROM sbtest8 WHERE id BETWEEN 7827236 AND 7837235 ORDER BY c
	Unique  (cost=32864.88..32910.91 rows=9206 width=121)
	  ->  Sort  (cost=32864.88..32887.90 rows=9206 width=121)
	        Sort Key: c
	        ->  Bitmap Heap Scan on sbtest8  (cost=298.80..32258.74 rows=9206 width=121)
	              Recheck Cond: ((id >= 7827236) AND (id <= 7837235))
	              ->  Bitmap Index Scan on sbtest8_pkey  (cost=0.00..296.50 rows=9206 width=0)
	                    Index Cond: ((id >= 7827236) AND (id <= 7837235))

for: sum_ranges
table 1 : explain SELECT SUM(k) FROM sbtest1 WHERE id BETWEEN 917565 AND 927564
	Aggregate  (cost=34201.29..34201.30 rows=1 width=8)
	  ->  Bitmap Heap Scan on sbtest1  (cost=321.34..34176.68 rows=9844 width=4)
	        Recheck Cond: ((id >= 917565) AND (id <= 927564))
	        ->  Bitmap Index Scan on sbtest1_pkey  (cost=0.00..318.88 rows=9844 width=0)
	              Index Cond: ((id >= 917565) AND (id <= 927564))

table 2 : explain SELECT SUM(k) FROM sbtest2 WHERE id BETWEEN 6751268 AND 6761267
	Aggregate  (cost=38483.93..38483.94 rows=1 width=8)
	  ->  Bitmap Heap Scan on sbtest2  (cost=363.48..38455.87 rows=11224 width=4)
	        Recheck Cond: ((id >= 6751268) AND (id <= 6761267))
	        ->  Bitmap Index Scan on sbtest2_pkey  (cost=0.00..360.68 rows=11224 width=0)
	              Index Cond: ((id >= 6751268) AND (id <= 6761267))

table 3 : explain SELECT SUM(k) FROM sbtest3 WHERE id BETWEEN 1197869 AND 1207868
	Aggregate  (cost=33586.03..33586.04 rows=1 width=8)
	  ->  Bitmap Heap Scan on sbtest3  (cost=311.16..33561.95 rows=9632 width=4)
	        Recheck Cond: ((id >= 1197869) AND (id <= 1207868))
	        ->  Bitmap Index Scan on sbtest3_pkey  (cost=0.00..308.75 rows=9632 width=0)
	              Index Cond: ((id >= 1197869) AND (id <= 1207868))

table 4 : explain SELECT SUM(k) FROM sbtest4 WHERE id BETWEEN 8608970 AND 8618969
	Aggregate  (cost=33147.04..33147.05 rows=1 width=8)
	  ->  Bitmap Heap Scan on sbtest4  (cost=305.46..33123.38 rows=9466 width=4)
	        Recheck Cond: ((id >= 8608970) AND (id <= 8618969))
	        ->  Bitmap Index Scan on sbtest4_pkey  (cost=0.00..303.09 rows=9466 width=0)
	              Index Cond: ((id >= 8608970) AND (id <= 8618969))

table 5 : explain SELECT SUM(k) FROM sbtest5 WHERE id BETWEEN 9108988 AND 9118987
	Aggregate  (cost=37782.06..37782.07 rows=1 width=8)
	  ->  Bitmap Heap Scan on sbtest5  (cost=357.51..37754.48 rows=11032 width=4)
	        Recheck Cond: ((id >= 9108988) AND (id <= 9118987))
	        ->  Bitmap Index Scan on sbtest5_pkey  (cost=0.00..354.75 rows=11032 width=0)
	              Index Cond: ((id >= 9108988) AND (id <= 9118987))

table 6 : explain SELECT SUM(k) FROM sbtest6 WHERE id BETWEEN 2786098 AND 2796097
	Aggregate  (cost=33106.61..33106.62 rows=1 width=8)
	  ->  Bitmap Heap Scan on sbtest6  (cost=309.87..33082.85 rows=9506 width=4)
	        Recheck Cond: ((id >= 2786098) AND (id <= 2796097))
	        ->  Bitmap Index Scan on sbtest6_pkey  (cost=0.00..307.50 rows=9506 width=0)
	              Index Cond: ((id >= 2786098) AND (id <= 2796097))

table 7 : explain SELECT SUM(k) FROM sbtest7 WHERE id BETWEEN 3122914 AND 3132913
	Aggregate  (cost=34862.67..34862.68 rows=1 width=8)
	  ->  Bitmap Heap Scan on sbtest7  (cost=322.88..34837.68 rows=9995 width=4)
	        Recheck Cond: ((id >= 3122914) AND (id <= 3132913))
	        ->  Bitmap Index Scan on sbtest7_pkey  (cost=0.00..320.38 rows=9995 width=0)
	              Index Cond: ((id >= 3122914) AND (id <= 3132913))

table 8 : explain SELECT SUM(k) FROM sbtest8 WHERE id BETWEEN 1124858 AND 1134857
	Aggregate  (cost=35554.31..35554.32 rows=1 width=8)
	  ->  Bitmap Heap Scan on sbtest8  (cost=333.29..35528.74 rows=10230 width=4)
	        Recheck Cond: ((id >= 1124858) AND (id <= 1134857))
	        ->  Bitmap Index Scan on sbtest8_pkey  (cost=0.00..330.74 rows=10230 width=0)
	              Index Cond: ((id >= 1124858) AND (id <= 1134857))

for: order_ranges
table 1 : explain SELECT c FROM sbtest1 WHERE id BETWEEN 5464517 AND 5474516 ORDER BY c
	Sort  (cost=39686.36..39714.76 rows=11360 width=121)
	  Sort Key: c
	  ->  Bitmap Heap Scan on sbtest1  (cost=368.88..38921.17 rows=11360 width=121)
	        Recheck Cond: ((id >= 5464517) AND (id <= 5474516))
	        ->  Bitmap Index Scan on sbtest1_pkey  (cost=0.00..366.04 rows=11360 width=0)
	              Index Cond: ((id >= 5464517) AND (id <= 5474516))

table 2 : explain SELECT c FROM sbtest2 WHERE id BETWEEN 2963784 AND 2973783 ORDER BY c
	Sort  (cost=35444.06..35469.18 rows=10045 width=121)
	  Sort Key: c
	  ->  Bitmap Heap Scan on sbtest2  (cost=327.40..34776.36 rows=10045 width=121)
	        Recheck Cond: ((id >= 2963784) AND (id <= 2973783))
	        ->  Bitmap Index Scan on sbtest2_pkey  (cost=0.00..324.88 rows=10045 width=0)
	              Index Cond: ((id >= 2963784) AND (id <= 2973783))

table 3 : explain SELECT c FROM sbtest3 WHERE id BETWEEN 1525132 AND 1535131 ORDER BY c
	Sort  (cost=35185.58..35210.42 rows=9935 width=121)
	  Sort Key: c
	  ->  Bitmap Heap Scan on sbtest3  (cost=322.27..34525.98 rows=9935 width=121)
	        Recheck Cond: ((id >= 1525132) AND (id <= 1535131))
	        ->  Bitmap Index Scan on sbtest3_pkey  (cost=0.00..319.79 rows=9935 width=0)
	              Index Cond: ((id >= 1525132) AND (id <= 1535131))

table 4 : explain SELECT c FROM sbtest4 WHERE id BETWEEN 7021113 AND 7031112 ORDER BY c
	Sort  (cost=41155.42..41184.81 rows=11758 width=121)
	  Sort Key: c
	  ->  Bitmap Heap Scan on sbtest4  (cost=380.95..40360.50 rows=11758 width=121)
	        Recheck Cond: ((id >= 7021113) AND (id <= 7031112))
	        ->  Bitmap Index Scan on sbtest4_pkey  (cost=0.00..378.01 rows=11758 width=0)
	              Index Cond: ((id >= 7021113) AND (id <= 7031112))

table 5 : explain SELECT c FROM sbtest5 WHERE id BETWEEN 9255229 AND 9265228 ORDER BY c
	Sort  (cost=32865.85..32889.04 rows=9276 width=121)
	  Sort Key: c
	  ->  Bitmap Heap Scan on sbtest5  (cost=299.51..32254.59 rows=9276 width=121)
	        Recheck Cond: ((id >= 9255229) AND (id <= 9265228))
	        ->  Bitmap Index Scan on sbtest5_pkey  (cost=0.00..297.19 rows=9276 width=0)
	              Index Cond: ((id >= 9255229) AND (id <= 9265228))

table 6 : explain SELECT c FROM sbtest6 WHERE id BETWEEN 6810150 AND 6820149 ORDER BY c
	Sort  (cost=36277.25..36303.00 rows=10300 width=121)
	  Sort Key: c
	  ->  Bitmap Heap Scan on sbtest6  (cost=334.01..35590.74 rows=10300 width=121)
	        Recheck Cond: ((id >= 6810150) AND (id <= 6820149))
	        ->  Bitmap Index Scan on sbtest6_pkey  (cost=0.00..331.44 rows=10300 width=0)
	              Index Cond: ((id >= 6810150) AND (id <= 6820149))

table 7 : explain SELECT c FROM sbtest7 WHERE id BETWEEN 9579598 AND 9589597 ORDER BY c
	Sort  (cost=36458.60..36484.32 rows=10288 width=121)
	  Sort Key: c
	  ->  Bitmap Heap Scan on sbtest7  (cost=333.89..35772.98 rows=10288 width=121)
	        Recheck Cond: ((id >= 9579598) AND (id <= 9589597))
	        ->  Bitmap Index Scan on sbtest7_pkey  (cost=0.00..331.31 rows=10288 width=0)
	              Index Cond: ((id >= 9579598) AND (id <= 9589597))

table 8 : explain SELECT c FROM sbtest8 WHERE id BETWEEN 1712158 AND 1722157 ORDER BY c
	Sort  (cost=33814.75..33838.48 rows=9495 width=121)
	  Sort Key: c
	  ->  Bitmap Heap Scan on sbtest8  (cost=309.76..33187.46 rows=9495 width=121)
	        Recheck Cond: ((id >= 1712158) AND (id <= 1722157))
	        ->  Bitmap Index Scan on sbtest8_pkey  (cost=0.00..307.38 rows=9495 width=0)
	              Index Cond: ((id >= 1712158) AND (id <= 1722157))

for: distinct_ranges
table 1 : explain SELECT DISTINCT c FROM sbtest1 WHERE id BETWEEN 153554 AND 163553 ORDER BY c
	Unique  (cost=34267.78..34316.13 rows=9671 width=121)
	  ->  Sort  (cost=34267.78..34291.95 rows=9671 width=121)
	        Sort Key: c
	        ->  Bitmap Heap Scan on sbtest1  (cost=315.56..33627.58 rows=9671 width=121)
	              Recheck Cond: ((id >= 153554) AND (id <= 163553))
	              ->  Bitmap Index Scan on sbtest1_pkey  (cost=0.00..313.15 rows=9671 width=0)
	                    Index Cond: ((id >= 153554) AND (id <= 163553))

table 2 : explain SELECT DISTINCT c FROM sbtest2 WHERE id BETWEEN 15886 AND 25885 ORDER BY c
	Unique  (cost=36233.60..36285.06 rows=10291 width=121)
	  ->  Sort  (cost=36233.60..36259.33 rows=10291 width=121)
	        Sort Key: c
	        ->  Bitmap Heap Scan on sbtest2  (cost=333.92..35547.75 rows=10291 width=121)
	              Recheck Cond: ((id >= 15886) AND (id <= 25885))
	              ->  Bitmap Index Scan on sbtest2_pkey  (cost=0.00..331.34 rows=10291 width=0)
	                    Index Cond: ((id >= 15886) AND (id <= 25885))

table 3 : explain SELECT DISTINCT c FROM sbtest3 WHERE id BETWEEN 7986023 AND 7996022 ORDER BY c
	Unique  (cost=38666.63..38721.71 rows=11016 width=121)
	  ->  Sort  (cost=38666.63..38694.17 rows=11016 width=121)
	        Sort Key: c
	        ->  Bitmap Heap Scan on sbtest3  (cost=357.35..37927.05 rows=11016 width=121)
	              Recheck Cond: ((id >= 7986023) AND (id <= 7996022))
	              ->  Bitmap Index Scan on sbtest3_pkey  (cost=0.00..354.59 rows=11016 width=0)
	                    Index Cond: ((id >= 7986023) AND (id <= 7996022))

table 4 : explain SELECT DISTINCT c FROM sbtest4 WHERE id BETWEEN 3572021 AND 3582020 ORDER BY c
	Unique  (cost=34315.12..34363.31 rows=9639 width=121)
	  ->  Sort  (cost=34315.12..34339.22 rows=9639 width=121)
	        Sort Key: c
	        ->  Bitmap Heap Scan on sbtest4  (cost=311.23..33677.27 rows=9639 width=121)
	              Recheck Cond: ((id >= 3572021) AND (id <= 3582020))
	              ->  Bitmap Index Scan on sbtest4_pkey  (cost=0.00..308.82 rows=9639 width=0)
	                    Index Cond: ((id >= 3572021) AND (id <= 3582020))

table 5 : explain SELECT DISTINCT c FROM sbtest5 WHERE id BETWEEN 9703158 AND 9713157 ORDER BY c
	Unique  (cost=35745.84..35796.69 rows=10169 width=121)
	  ->  Sort  (cost=35745.84..35771.26 rows=10169 width=121)
	        Sort Key: c
	        ->  Bitmap Heap Scan on sbtest5  (cost=328.67..35069.00 rows=10169 width=121)
	              Recheck Cond: ((id >= 9703158) AND (id <= 9713157))
	              ->  Bitmap Index Scan on sbtest5_pkey  (cost=0.00..326.12 rows=10169 width=0)
	                    Index Cond: ((id >= 9703158) AND (id <= 9713157))

table 6 : explain SELECT DISTINCT c FROM sbtest6 WHERE id BETWEEN 8187706 AND 8197705 ORDER BY c
	Unique  (cost=33920.50..33968.35 rows=9571 width=121)
	  ->  Sort  (cost=33920.50..33944.42 rows=9571 width=121)
	        Sort Key: c
	        ->  Bitmap Heap Scan on sbtest6  (cost=310.54..33287.64 rows=9571 width=121)
	              Recheck Cond: ((id >= 8187706) AND (id <= 8197705))
	              ->  Bitmap Index Scan on sbtest6_pkey  (cost=0.00..308.15 rows=9571 width=0)
	                    Index Cond: ((id >= 8187706) AND (id <= 8197705))

table 7 : explain SELECT DISTINCT c FROM sbtest7 WHERE id BETWEEN 6413028 AND 6423027 ORDER BY c
	Unique  (cost=35584.99..35635.09 rows=10020 width=121)
	  ->  Sort  (cost=35584.99..35610.04 rows=10020 width=121)
	        Sort Key: c
	        ->  Bitmap Heap Scan on sbtest7  (cost=323.14..34919.13 rows=10020 width=121)
	              Recheck Cond: ((id >= 6413028) AND (id <= 6423027))
	              ->  Bitmap Index Scan on sbtest7_pkey  (cost=0.00..320.63 rows=10020 width=0)
	                    Index Cond: ((id >= 6413028) AND (id <= 6423027))

table 8 : explain SELECT DISTINCT c FROM sbtest8 WHERE id BETWEEN 2033727 AND 2043726 ORDER BY c
	Unique  (cost=33640.08..33687.30 rows=9443 width=121)
	  ->  Sort  (cost=33640.08..33663.69 rows=9443 width=121)
	        Sort Key: c
	        ->  Bitmap Heap Scan on sbtest8  (cost=305.23..33016.61 rows=9443 width=121)
	              Recheck Cond: ((id >= 2033727) AND (id <= 2043726))
	              ->  Bitmap Index Scan on sbtest8_pkey  (cost=0.00..302.87 rows=9443 width=0)
	                    Index Cond: ((id >= 2033727) AND (id <= 2043726))

for point_selects
table 1 : explain SELECT c FROM sbtest1 WHERE id=2704747
	Index Scan using sbtest1_pkey on sbtest1  (cost=0.43..8.45 rows=1 width=121)
	  Index Cond: (id = 2704747)

table 2 : explain SELECT c FROM sbtest2 WHERE id=5117367
	Index Scan using sbtest2_pkey on sbtest2  (cost=0.43..8.45 rows=1 width=121)
	  Index Cond: (id = 5117367)

table 3 : explain SELECT c FROM sbtest3 WHERE id=7803092
	Index Scan using sbtest3_pkey on sbtest3  (cost=0.43..8.45 rows=1 width=121)
	  Index Cond: (id = 7803092)

table 4 : explain SELECT c FROM sbtest4 WHERE id=4399472
	Index Scan using sbtest4_pkey on sbtest4  (cost=0.43..8.45 rows=1 width=121)
	  Index Cond: (id = 4399472)

table 5 : explain SELECT c FROM sbtest5 WHERE id=7926292
	Index Scan using sbtest5_pkey on sbtest5  (cost=0.43..8.45 rows=1 width=121)
	  Index Cond: (id = 7926292)

table 6 : explain SELECT c FROM sbtest6 WHERE id=9104108
	Index Scan using sbtest6_pkey on sbtest6  (cost=0.43..8.45 rows=1 width=121)
	  Index Cond: (id = 9104108)

table 7 : explain SELECT c FROM sbtest7 WHERE id=2232054
	Index Scan using sbtest7_pkey on sbtest7  (cost=0.43..8.45 rows=1 width=121)
	  Index Cond: (id = 2232054)

table 8 : explain SELECT c FROM sbtest8 WHERE id=2176334
	Index Scan using sbtest8_pkey on sbtest8  (cost=0.43..8.45 rows=1 width=121)
	  Index Cond: (id = 2176334)

explain: for point_selects :: explain SELECT c FROM sbtest%u WHERE id=%u
for point_selects
table 1 : explain SELECT c FROM sbtest1 WHERE id=4581026
	Index Scan using sbtest1_pkey on sbtest1  (cost=0.43..8.45 rows=1 width=121)
	  Index Cond: (id = 4581026)

table 2 : explain SELECT c FROM sbtest2 WHERE id=1823788
	Index Scan using sbtest2_pkey on sbtest2  (cost=0.43..8.45 rows=1 width=121)
	  Index Cond: (id = 1823788)

table 3 : explain SELECT c FROM sbtest3 WHERE id=8868586
	Index Scan using sbtest3_pkey on sbtest3  (cost=0.43..8.45 rows=1 width=121)
	  Index Cond: (id = 8868586)

table 4 : explain SELECT c FROM sbtest4 WHERE id=722465
	Index Scan using sbtest4_pkey on sbtest4  (cost=0.43..8.45 rows=1 width=121)
	  Index Cond: (id = 722465)

table 5 : explain SELECT c FROM sbtest5 WHERE id=2348319
	Index Scan using sbtest5_pkey on sbtest5  (cost=0.43..8.45 rows=1 width=121)
	  Index Cond: (id = 2348319)

table 6 : explain SELECT c FROM sbtest6 WHERE id=4748111
	Index Scan using sbtest6_pkey on sbtest6  (cost=0.43..8.45 rows=1 width=121)
	  Index Cond: (id = 4748111)

table 7 : explain SELECT c FROM sbtest7 WHERE id=2411120
	Index Scan using sbtest7_pkey on sbtest7  (cost=0.43..8.45 rows=1 width=121)
	  Index Cond: (id = 2411120)

table 8 : explain SELECT c FROM sbtest8 WHERE id=9316163
	Index Scan using sbtest8_pkey on sbtest8  (cost=0.43..8.45 rows=1 width=121)
	  Index Cond: (id = 9316163)

explain: for point_selects :: explain SELECT c FROM sbtest%u WHERE id=%u
for: distinct_ranges
table 1 : explain SELECT DISTINCT c FROM sbtest1 WHERE id BETWEEN 8388137 AND 8398136 ORDER BY c
	Unique  (cost=35393.68..35443.77 rows=10019 width=121)
	  ->  Sort  (cost=35393.68..35418.73 rows=10019 width=121)
	        Sort Key: c
	        ->  Bitmap Heap Scan on sbtest1  (cost=327.13..34727.89 rows=10019 width=121)
	              Recheck Cond: ((id >= 8388137) AND (id <= 8398136))
	              ->  Bitmap Index Scan on sbtest1_pkey  (cost=0.00..324.62 rows=10019 width=0)
	                    Index Cond: ((id >= 8388137) AND (id <= 8398136))

table 2 : explain SELECT DISTINCT c FROM sbtest2 WHERE id BETWEEN 6007687 AND 6017686 ORDER BY c
	Unique  (cost=37412.49..37465.79 rows=10659 width=121)
	  ->  Sort  (cost=37412.49..37439.14 rows=10659 width=121)
	        Sort Key: c
	        ->  Bitmap Heap Scan on sbtest2  (cost=345.69..36699.42 rows=10659 width=121)
	              Recheck Cond: ((id >= 6007687) AND (id <= 6017686))
	              ->  Bitmap Index Scan on sbtest2_pkey  (cost=0.00..343.03 rows=10659 width=0)
	                    Index Cond: ((id >= 6007687) AND (id <= 6017686))

table 3 : explain SELECT DISTINCT c FROM sbtest3 WHERE id BETWEEN 4342064 AND 4352063 ORDER BY c
	Unique  (cost=37675.59..37729.13 rows=10707 width=121)
	  ->  Sort  (cost=37675.59..37702.36 rows=10707 width=121)
	        Sort Key: c
	        ->  Bitmap Heap Scan on sbtest3  (cost=346.18..36958.96 rows=10707 width=121)
	              Recheck Cond: ((id >= 4342064) AND (id <= 4352063))
	              ->  Bitmap Index Scan on sbtest3_pkey  (cost=0.00..343.50 rows=10707 width=0)
	                    Index Cond: ((id >= 4342064) AND (id <= 4352063))

table 4 : explain SELECT DISTINCT c FROM sbtest4 WHERE id BETWEEN 4465027 AND 4475026 ORDER BY c
	Unique  (cost=31924.15..31968.71 rows=8912 width=121)
	  ->  Sort  (cost=31924.15..31946.43 rows=8912 width=121)
	        Sort Key: c
	        ->  Bitmap Heap Scan on sbtest4  (cost=287.78..31339.45 rows=8912 width=121)
	              Recheck Cond: ((id >= 4465027) AND (id <= 4475026))
	              ->  Bitmap Index Scan on sbtest4_pkey  (cost=0.00..285.56 rows=8912 width=0)
	                    Index Cond: ((id >= 4465027) AND (id <= 4475026))

table 5 : explain SELECT DISTINCT c FROM sbtest5 WHERE id BETWEEN 1104582 AND 1114581 ORDER BY c
	Unique  (cost=35637.20..35687.87 rows=10134 width=121)
	  ->  Sort  (cost=35637.20..35662.53 rows=10134 width=121)
	        Sort Key: c
	        ->  Bitmap Heap Scan on sbtest5  (cost=328.31..34962.93 rows=10134 width=121)
	              Recheck Cond: ((id >= 1104582) AND (id <= 1114581))
	              ->  Bitmap Index Scan on sbtest5_pkey  (cost=0.00..325.78 rows=10134 width=0)
	                    Index Cond: ((id >= 1104582) AND (id <= 1114581))

table 6 : explain SELECT DISTINCT c FROM sbtest6 WHERE id BETWEEN 5707959 AND 5717958 ORDER BY c
	Unique  (cost=35708.94..35759.56 rows=10124 width=121)
	  ->  Sort  (cost=35708.94..35734.25 rows=10124 width=121)
	        Sort Key: c
	        ->  Bitmap Heap Scan on sbtest6  (cost=328.21..35035.42 rows=10124 width=121)
	              Recheck Cond: ((id >= 5707959) AND (id <= 5717958))
	              ->  Bitmap Index Scan on sbtest6_pkey  (cost=0.00..325.68 rows=10124 width=0)
	                    Index Cond: ((id >= 5707959) AND (id <= 5717958))

table 7 : explain SELECT DISTINCT c FROM sbtest7 WHERE id BETWEEN 9687345 AND 9697344 ORDER BY c
	Unique  (cost=37521.88..37574.96 rows=10616 width=121)
	  ->  Sort  (cost=37521.88..37548.42 rows=10616 width=121)
	        Sort Key: c
	        ->  Bitmap Heap Scan on sbtest7  (cost=345.25..36811.99 rows=10616 width=121)
	              Recheck Cond: ((id >= 9687345) AND (id <= 9697344))
	              ->  Bitmap Index Scan on sbtest7_pkey  (cost=0.00..342.59 rows=10616 width=0)
	                    Index Cond: ((id >= 9687345) AND (id <= 9697344))

table 8 : explain SELECT DISTINCT c FROM sbtest8 WHERE id BETWEEN 7020780 AND 7030779 ORDER BY c
	Unique  (cost=36359.45..36410.84 rows=10277 width=121)
	  ->  Sort  (cost=36359.45..36385.14 rows=10277 width=121)
	        Sort Key: c
	        ->  Bitmap Heap Scan on sbtest8  (cost=333.77..35674.64 rows=10277 width=121)
	              Recheck Cond: ((id >= 7020780) AND (id <= 7030779))
	              ->  Bitmap Index Scan on sbtest8_pkey  (cost=0.00..331.20 rows=10277 width=0)
	                    Index Cond: ((id >= 7020780) AND (id <= 7030779))

for: distinct_ranges
table 1 : explain SELECT DISTINCT c FROM sbtest1 WHERE id BETWEEN 9149023 AND 9159022 ORDER BY c
	Unique  (cost=34031.03..34079.03 rows=9599 width=121)
	  ->  Sort  (cost=34031.03..34055.03 rows=9599 width=121)
	        Sort Key: c
	        ->  Bitmap Heap Scan on sbtest1  (cost=310.82..33396.12 rows=9599 width=121)
	              Recheck Cond: ((id >= 9149023) AND (id <= 9159022))
	              ->  Bitmap Index Scan on sbtest1_pkey  (cost=0.00..308.43 rows=9599 width=0)
	                    Index Cond: ((id >= 9149023) AND (id <= 9159022))

table 2 : explain SELECT DISTINCT c FROM sbtest2 WHERE id BETWEEN 3817337 AND 3827336 ORDER BY c
	Unique  (cost=32797.31..32843.46 rows=9230 width=121)
	  ->  Sort  (cost=32797.31..32820.38 rows=9230 width=121)
	        Sort Key: c
	        ->  Bitmap Heap Scan on sbtest2  (cost=299.04..32189.42 rows=9230 width=121)
	              Recheck Cond: ((id >= 3817337) AND (id <= 3827336))
	              ->  Bitmap Index Scan on sbtest2_pkey  (cost=0.00..296.74 rows=9230 width=0)
	                    Index Cond: ((id >= 3817337) AND (id <= 3827336))

table 3 : explain SELECT DISTINCT c FROM sbtest3 WHERE id BETWEEN 7360266 AND 7370265 ORDER BY c
	Unique  (cost=35085.90..35135.42 rows=9904 width=121)
	  ->  Sort  (cost=35085.90..35110.66 rows=9904 width=121)
	        Sort Key: c
	        ->  Bitmap Heap Scan on sbtest3  (cost=321.95..34428.59 rows=9904 width=121)
	              Recheck Cond: ((id >= 7360266) AND (id <= 7370265))
	              ->  Bitmap Index Scan on sbtest3_pkey  (cost=0.00..319.48 rows=9904 width=0)
	                    Index Cond: ((id >= 7360266) AND (id <= 7370265))

table 4 : explain SELECT DISTINCT c FROM sbtest4 WHERE id BETWEEN 9618939 AND 9628938 ORDER BY c
	Unique  (cost=34887.27..34936.34 rows=9814 width=121)
	  ->  Sort  (cost=34887.27..34911.81 rows=9814 width=121)
	        Sort Key: c
	        ->  Bitmap Heap Scan on sbtest4  (cost=317.03..34236.57 rows=9814 width=121)
	              Recheck Cond: ((id >= 9618939) AND (id <= 9628938))
	              ->  Bitmap Index Scan on sbtest4_pkey  (cost=0.00..314.57 rows=9814 width=0)
	                    Index Cond: ((id >= 9618939) AND (id <= 9628938))

table 5 : explain SELECT DISTINCT c FROM sbtest5 WHERE id BETWEEN 9427014 AND 9437013 ORDER BY c
	Unique  (cost=36222.96..36274.54 rows=10317 width=121)
	  ->  Sort  (cost=36222.96..36248.75 rows=10317 width=121)
	        Sort Key: c
	        ->  Bitmap Heap Scan on sbtest5  (cost=334.18..35535.19 rows=10317 width=121)
	              Recheck Cond: ((id >= 9427014) AND (id <= 9437013))
	              ->  Bitmap Index Scan on sbtest5_pkey  (cost=0.00..331.61 rows=10317 width=0)
	                    Index Cond: ((id >= 9427014) AND (id <= 9437013))

table 6 : explain SELECT DISTINCT c FROM sbtest6 WHERE id BETWEEN 4964229 AND 4974228 ORDER BY c
	Unique  (cost=34296.59..34345.02 rows=9686 width=121)
	  ->  Sort  (cost=34296.59..34320.80 rows=9686 width=121)
	        Sort Key: c
	        ->  Bitmap Heap Scan on sbtest6  (cost=315.72..33655.29 rows=9686 width=121)
	              Recheck Cond: ((id >= 4964229) AND (id <= 4974228))
	              ->  Bitmap Index Scan on sbtest6_pkey  (cost=0.00..313.30 rows=9686 width=0)
	                    Index Cond: ((id >= 4964229) AND (id <= 4974228))

table 7 : explain SELECT DISTINCT c FROM sbtest7 WHERE id BETWEEN 2253275 AND 2263274 ORDER BY c
	Unique  (cost=39297.57..39353.41 rows=11167 width=121)
	  ->  Sort  (cost=39297.57..39325.49 rows=11167 width=121)
	        Sort Key: c
	        ->  Bitmap Heap Scan on sbtest7  (cost=362.90..38546.76 rows=11167 width=121)
	              Recheck Cond: ((id >= 2253275) AND (id <= 2263274))
	              ->  Bitmap Index Scan on sbtest7_pkey  (cost=0.00..360.11 rows=11167 width=0)
	                    Index Cond: ((id >= 2253275) AND (id <= 2263274))

table 8 : explain SELECT DISTINCT c FROM sbtest8 WHERE id BETWEEN 7786074 AND 7796073 ORDER BY c
	Unique  (cost=34880.86..34929.97 rows=9822 width=121)
	  ->  Sort  (cost=34880.86..34905.42 rows=9822 width=121)
	        Sort Key: c
	        ->  Bitmap Heap Scan on sbtest8  (cost=317.11..34229.57 rows=9822 width=121)
	              Recheck Cond: ((id >= 7786074) AND (id <= 7796073))
	              ->  Bitmap Index Scan on sbtest8_pkey  (cost=0.00..314.66 rows=9822 width=0)
	                    Index Cond: ((id >= 7786074) AND (id <= 7796073))

for: simple_ranges
table 1 : explain SELECT c FROM sbtest1 WHERE id BETWEEN 4007977 AND 4017976
	Bitmap Heap Scan on sbtest1  (cost=304.26..32600.94 rows=9349 width=121)
	  Recheck Cond: ((id >= 4007977) AND (id <= 4017976))
	  ->  Bitmap Index Scan on sbtest1_pkey  (cost=0.00..301.93 rows=9349 width=0)
	        Index Cond: ((id >= 4007977) AND (id <= 4017976))

table 2 : explain SELECT c FROM sbtest2 WHERE id BETWEEN 8462606 AND 8472605
	Bitmap Heap Scan on sbtest2  (cost=305.55..32968.48 rows=9475 width=121)
	  Recheck Cond: ((id >= 8462606) AND (id <= 8472605))
	  ->  Bitmap Index Scan on sbtest2_pkey  (cost=0.00..303.19 rows=9475 width=0)
	        Index Cond: ((id >= 8462606) AND (id <= 8472605))

table 3 : explain SELECT c FROM sbtest3 WHERE id BETWEEN 4185516 AND 4195515
	Bitmap Heap Scan on sbtest3  (cost=322.55..34610.37 rows=9962 width=121)
	  Recheck Cond: ((id >= 4185516) AND (id <= 4195515))
	  ->  Bitmap Index Scan on sbtest3_pkey  (cost=0.00..320.06 rows=9962 width=0)
	        Index Cond: ((id >= 4185516) AND (id <= 4195515))

table 4 : explain SELECT c FROM sbtest4 WHERE id BETWEEN 1981686 AND 1991685
	Bitmap Heap Scan on sbtest4  (cost=328.52..35325.74 rows=10155 width=121)
	  Recheck Cond: ((id >= 1981686) AND (id <= 1991685))
	  ->  Bitmap Index Scan on sbtest4_pkey  (cost=0.00..325.99 rows=10155 width=0)
	        Index Cond: ((id >= 1981686) AND (id <= 1991685))

table 5 : explain SELECT c FROM sbtest5 WHERE id BETWEEN 9003141 AND 9013140
	Bitmap Heap Scan on sbtest5  (cost=346.87..36953.55 rows=10774 width=121)
	  Recheck Cond: ((id >= 9003141) AND (id <= 9013140))
	  ->  Bitmap Index Scan on sbtest5_pkey  (cost=0.00..344.18 rows=10774 width=0)
	        Index Cond: ((id >= 9003141) AND (id <= 9013140))

table 6 : explain SELECT c FROM sbtest6 WHERE id BETWEEN 6347601 AND 6357600
	Bitmap Heap Scan on sbtest6  (cost=322.31..34453.03 rows=9939 width=121)
	  Recheck Cond: ((id >= 6347601) AND (id <= 6357600))
	  ->  Bitmap Index Scan on sbtest6_pkey  (cost=0.00..319.82 rows=9939 width=0)
	        Index Cond: ((id >= 6347601) AND (id <= 6357600))

table 7 : explain SELECT c FROM sbtest7 WHERE id BETWEEN 852646 AND 862645
	Bitmap Heap Scan on sbtest7  (cost=329.06..35512.26 rows=10207 width=121)
	  Recheck Cond: ((id >= 852646) AND (id <= 862645))
	  ->  Bitmap Index Scan on sbtest7_pkey  (cost=0.00..326.50 rows=10207 width=0)
	        Index Cond: ((id >= 852646) AND (id <= 862645))

table 8 : explain SELECT c FROM sbtest8 WHERE id BETWEEN 2136712 AND 2146711
	Bitmap Heap Scan on sbtest8  (cost=334.08..35768.61 rows=10307 width=121)
	  Recheck Cond: ((id >= 2136712) AND (id <= 2146711))
	  ->  Bitmap Index Scan on sbtest8_pkey  (cost=0.00..331.50 rows=10307 width=0)
	        Index Cond: ((id >= 2136712) AND (id <= 2146711))

for: order_ranges
table 1 : explain SELECT c FROM sbtest1 WHERE id BETWEEN 1146954 AND 1156953 ORDER BY c
	Sort  (cost=36131.63..36157.25 rows=10248 width=121)
	  Sort Key: c
	  ->  Bitmap Heap Scan on sbtest1  (cost=333.48..35448.96 rows=10248 width=121)
	        Recheck Cond: ((id >= 1146954) AND (id <= 1156953))
	        ->  Bitmap Index Scan on sbtest1_pkey  (cost=0.00..330.92 rows=10248 width=0)
	              Index Cond: ((id >= 1146954) AND (id <= 1156953))

table 2 : explain SELECT c FROM sbtest2 WHERE id BETWEEN 7537200 AND 7547199 ORDER BY c
	Sort  (cost=35407.74..35432.82 rows=10034 width=121)
	  Sort Key: c
	  ->  Bitmap Heap Scan on sbtest2  (cost=327.28..34740.85 rows=10034 width=121)
	        Recheck Cond: ((id >= 7537200) AND (id <= 7547199))
	        ->  Bitmap Index Scan on sbtest2_pkey  (cost=0.00..324.78 rows=10034 width=0)
	              Index Cond: ((id >= 7537200) AND (id <= 7547199))

table 3 : explain SELECT c FROM sbtest3 WHERE id BETWEEN 9635252 AND 9645251 ORDER BY c
	Sort  (cost=35922.77..35948.18 rows=10163 width=121)
	  Sort Key: c
	  ->  Bitmap Heap Scan on sbtest3  (cost=328.61..35246.37 rows=10163 width=121)
	        Recheck Cond: ((id >= 9635252) AND (id <= 9645251))
	        ->  Bitmap Index Scan on sbtest3_pkey  (cost=0.00..326.06 rows=10163 width=0)
	              Index Cond: ((id >= 9635252) AND (id <= 9645251))

table 4 : explain SELECT c FROM sbtest4 WHERE id BETWEEN 4797993 AND 4807992 ORDER BY c
	Sort  (cost=34593.27..34617.58 rows=9723 width=121)
	  Sort Key: c
	  ->  Bitmap Heap Scan on sbtest4  (cost=316.10..33949.26 rows=9723 width=121)
	        Recheck Cond: ((id >= 4797993) AND (id <= 4807992))
	        ->  Bitmap Index Scan on sbtest4_pkey  (cost=0.00..313.67 rows=9723 width=0)
	              Index Cond: ((id >= 4797993) AND (id <= 4807992))

table 5 : explain SELECT c FROM sbtest5 WHERE id BETWEEN 580603 AND 590602 ORDER BY c
	Sort  (cost=33570.23..33593.96 rows=9493 width=121)
	  Sort Key: c
	  ->  Bitmap Heap Scan on sbtest5  (cost=305.74..32943.09 rows=9493 width=121)
	        Recheck Cond: ((id >= 580603) AND (id <= 590602))
	        ->  Bitmap Index Scan on sbtest5_pkey  (cost=0.00..303.37 rows=9493 width=0)
	              Index Cond: ((id >= 580603) AND (id <= 590602))

table 6 : explain SELECT c FROM sbtest6 WHERE id BETWEEN 7358831 AND 7368830 ORDER BY c
	Sort  (cost=34714.65..34739.19 rows=9816 width=121)
	  Sort Key: c
	  ->  Bitmap Heap Scan on sbtest6  (cost=317.05..34063.80 rows=9816 width=121)
	        Recheck Cond: ((id >= 7358831) AND (id <= 7368830))
	        ->  Bitmap Index Scan on sbtest6_pkey  (cost=0.00..314.59 rows=9816 width=0)
	              Index Cond: ((id >= 7358831) AND (id <= 7368830))

table 7 : explain SELECT c FROM sbtest7 WHERE id BETWEEN 7688349 AND 7698348 ORDER BY c
	Sort  (cost=36072.10..36097.53 rows=10170 width=121)
	  Sort Key: c
	  ->  Bitmap Heap Scan on sbtest7  (cost=328.68..35395.19 rows=10170 width=121)
	        Recheck Cond: ((id >= 7688349) AND (id <= 7698348))
	        ->  Bitmap Index Scan on sbtest7_pkey  (cost=0.00..326.13 rows=10170 width=0)
	              Index Cond: ((id >= 7688349) AND (id <= 7698348))

table 8 : explain SELECT c FROM sbtest8 WHERE id BETWEEN 3378067 AND 3388066 ORDER BY c
	Sort  (cost=34199.38..34223.41 rows=9614 width=121)
	  Sort Key: c
	  ->  Bitmap Heap Scan on sbtest8  (cost=310.98..33563.37 rows=9614 width=121)
	        Recheck Cond: ((id >= 3378067) AND (id <= 3388066))
	        ->  Bitmap Index Scan on sbtest8_pkey  (cost=0.00..308.57 rows=9614 width=0)
	              Index Cond: ((id >= 3378067) AND (id <= 3388066))

for: order_ranges
table 1 : explain SELECT c FROM sbtest1 WHERE id BETWEEN 6128972 AND 6138971 ORDER BY c
	Sort  (cost=34852.78..34877.41 rows=9851 width=121)
	  Sort Key: c
	  ->  Bitmap Heap Scan on sbtest1  (cost=321.41..34199.36 rows=9851 width=121)
	        Recheck Cond: ((id >= 6128972) AND (id <= 6138971))
	        ->  Bitmap Index Scan on sbtest1_pkey  (cost=0.00..318.94 rows=9851 width=0)
	              Index Cond: ((id >= 6128972) AND (id <= 6138971))

table 2 : explain SELECT c FROM sbtest2 WHERE id BETWEEN 7839296 AND 7849295 ORDER BY c
	Sort  (cost=37106.38..37132.79 rows=10564 width=121)
	  Sort Key: c
	  ->  Bitmap Heap Scan on sbtest2  (cost=340.72..36400.35 rows=10564 width=121)
	        Recheck Cond: ((id >= 7839296) AND (id <= 7849295))
	        ->  Bitmap Index Scan on sbtest2_pkey  (cost=0.00..338.07 rows=10564 width=0)
	              Index Cond: ((id >= 7839296) AND (id <= 7849295))

table 3 : explain SELECT c FROM sbtest3 WHERE id BETWEEN 2381211 AND 2391210 ORDER BY c
	Sort  (cost=36400.13..36425.90 rows=10310 width=121)
	  Sort Key: c
	  ->  Bitmap Heap Scan on sbtest3  (cost=334.11..35712.88 rows=10310 width=121)
	        Recheck Cond: ((id >= 2381211) AND (id <= 2391210))
	        ->  Bitmap Index Scan on sbtest3_pkey  (cost=0.00..331.54 rows=10310 width=0)
	              Index Cond: ((id >= 2381211) AND (id <= 2391210))

table 4 : explain SELECT c FROM sbtest4 WHERE id BETWEEN 8904979 AND 8914978 ORDER BY c
	Sort  (cost=38954.01..38981.68 rows=11070 width=121)
	  Sort Key: c
	  ->  Bitmap Heap Scan on sbtest4  (cost=357.90..38210.41 rows=11070 width=121)
	        Recheck Cond: ((id >= 8904979) AND (id <= 8914978))
	        ->  Bitmap Index Scan on sbtest4_pkey  (cost=0.00..355.13 rows=11070 width=0)
	              Index Cond: ((id >= 8904979) AND (id <= 8914978))

table 5 : explain SELECT c FROM sbtest5 WHERE id BETWEEN 4718340 AND 4728339 ORDER BY c
	Sort  (cost=39299.22..39327.44 rows=11287 width=121)
	  Sort Key: c
	  ->  Bitmap Heap Scan on sbtest5  (cost=364.13..38539.47 rows=11287 width=121)
	        Recheck Cond: ((id >= 4718340) AND (id <= 4728339))
	        ->  Bitmap Index Scan on sbtest5_pkey  (cost=0.00..361.31 rows=11287 width=0)
	              Index Cond: ((id >= 4718340) AND (id <= 4728339))

table 6 : explain SELECT c FROM sbtest6 WHERE id BETWEEN 6613910 AND 6623909 ORDER BY c
	Sort  (cost=35923.59..35949.07 rows=10191 width=121)
	  Sort Key: c
	  ->  Bitmap Heap Scan on sbtest6  (cost=328.89..35245.12 rows=10191 width=121)
	        Recheck Cond: ((id >= 6613910) AND (id <= 6623909))
	        ->  Bitmap Index Scan on sbtest6_pkey  (cost=0.00..326.34 rows=10191 width=0)
	              Index Cond: ((id >= 6613910) AND (id <= 6623909))

table 7 : explain SELECT c FROM sbtest7 WHERE id BETWEEN 7479228 AND 7489227 ORDER BY c
	Sort  (cost=35729.06..35754.22 rows=10064 width=121)
	  Sort Key: c
	  ->  Bitmap Heap Scan on sbtest7  (cost=327.59..35059.96 rows=10064 width=121)
	        Recheck Cond: ((id >= 7479228) AND (id <= 7489227))
	        ->  Bitmap Index Scan on sbtest7_pkey  (cost=0.00..325.07 rows=10064 width=0)
	              Index Cond: ((id >= 7479228) AND (id <= 7489227))

table 8 : explain SELECT c FROM sbtest8 WHERE id BETWEEN 488016 AND 498015 ORDER BY c
	Sort  (cost=36711.51..36737.47 rows=10385 width=121)
	  Sort Key: c
	  ->  Bitmap Heap Scan on sbtest8  (cost=338.88..36018.71 rows=10385 width=121)
	        Recheck Cond: ((id >= 488016) AND (id <= 498015))
	        ->  Bitmap Index Scan on sbtest8_pkey  (cost=0.00..336.29 rows=10385 width=0)
	              Index Cond: ((id >= 488016) AND (id <= 498015))

explain: for point_selects :: explain SELECT c FROM sbtest%u WHERE id=%u
for: simple_ranges
table 1 : explain SELECT c FROM sbtest1 WHERE id BETWEEN 936103 AND 946102
	Bitmap Heap Scan on sbtest1  (cost=321.34..34176.68 rows=9844 width=121)
	  Recheck Cond: ((id >= 936103) AND (id <= 946102))
	  ->  Bitmap Index Scan on sbtest1_pkey  (cost=0.00..318.88 rows=9844 width=0)
	        Index Cond: ((id >= 936103) AND (id <= 946102))

table 2 : explain SELECT c FROM sbtest2 WHERE id BETWEEN 3505978 AND 3515977
	Bitmap Heap Scan on sbtest2  (cost=309.83..33057.01 rows=9502 width=121)
	  Recheck Cond: ((id >= 3505978) AND (id <= 3515977))
	  ->  Bitmap Index Scan on sbtest2_pkey  (cost=0.00..307.45 rows=9502 width=0)
	        Index Cond: ((id >= 3505978) AND (id <= 3515977))

table 3 : explain SELECT c FROM sbtest3 WHERE id BETWEEN 8065614 AND 8075613
	Bitmap Heap Scan on sbtest3  (cost=346.38..37020.05 rows=10726 width=121)
	  Recheck Cond: ((id >= 8065614) AND (id <= 8075613))
	  ->  Bitmap Index Scan on sbtest3_pkey  (cost=0.00..343.69 rows=10726 width=0)
	        Index Cond: ((id >= 8065614) AND (id <= 8075613))

table 4 : explain SELECT c FROM sbtest4 WHERE id BETWEEN 142139 AND 152138
	Bitmap Heap Scan on sbtest4  (cost=340.23..36472.17 rows=10517 width=121)
	  Recheck Cond: ((id >= 142139) AND (id <= 152138))
	  ->  Bitmap Index Scan on sbtest4_pkey  (cost=0.00..337.61 rows=10517 width=0)
	        Index Cond: ((id >= 142139) AND (id <= 152138))

table 5 : explain SELECT c FROM sbtest5 WHERE id BETWEEN 6705772 AND 6715771
	Bitmap Heap Scan on sbtest5  (cost=334.75..35705.10 rows=10372 width=121)
	  Recheck Cond: ((id >= 6705772) AND (id <= 6715771))
	  ->  Bitmap Index Scan on sbtest5_pkey  (cost=0.00..332.16 rows=10372 width=0)
	        Index Cond: ((id >= 6705772) AND (id <= 6715771))

table 6 : explain SELECT c FROM sbtest6 WHERE id BETWEEN 2016958 AND 2026957
	Bitmap Heap Scan on sbtest6  (cost=316.78..33979.58 rows=9790 width=121)
	  Recheck Cond: ((id >= 2016958) AND (id <= 2026957))
	  ->  Bitmap Index Scan on sbtest6_pkey  (cost=0.00..314.33 rows=9790 width=0)
	        Index Cond: ((id >= 2016958) AND (id <= 2026957))

table 7 : explain SELECT c FROM sbtest7 WHERE id BETWEEN 5959640 AND 5969639
	Bitmap Heap Scan on sbtest7  (cost=321.94..34547.45 rows=9903 width=121)
	  Recheck Cond: ((id >= 5959640) AND (id <= 5969639))
	  ->  Bitmap Index Scan on sbtest7_pkey  (cost=0.00..319.46 rows=9903 width=0)
	        Index Cond: ((id >= 5959640) AND (id <= 5969639))

table 8 : explain SELECT c FROM sbtest8 WHERE id BETWEEN 8958247 AND 8968246
	Bitmap Heap Scan on sbtest8  (cost=328.08..35151.59 rows=10112 width=121)
	  Recheck Cond: ((id >= 8958247) AND (id <= 8968246))
	  ->  Bitmap Index Scan on sbtest8_pkey  (cost=0.00..325.56 rows=10112 width=0)
	        Index Cond: ((id >= 8958247) AND (id <= 8968246))

for: sum_ranges
table 1 : explain SELECT SUM(k) FROM sbtest1 WHERE id BETWEEN 6291651 AND 6301650
	Aggregate  (cost=34321.28..34321.29 rows=1 width=8)
	  ->  Bitmap Heap Scan on sbtest1  (cost=321.73..34296.57 rows=9882 width=4)
	        Recheck Cond: ((id >= 6291651) AND (id <= 6301650))
	        ->  Bitmap Index Scan on sbtest1_pkey  (cost=0.00..319.25 rows=9882 width=0)
	              Index Cond: ((id >= 6291651) AND (id <= 6301650))

table 2 : explain SELECT SUM(k) FROM sbtest2 WHERE id BETWEEN 2661877 AND 2671876
	Aggregate  (cost=31996.96..31996.97 rows=1 width=8)
	  ->  Bitmap Heap Scan on sbtest2  (cost=298.35..31974.06 rows=9162 width=4)
	        Recheck Cond: ((id >= 2661877) AND (id <= 2671876))
	        ->  Bitmap Index Scan on sbtest2_pkey  (cost=0.00..296.06 rows=9162 width=0)
	              Index Cond: ((id >= 2661877) AND (id <= 2671876))

table 3 : explain SELECT SUM(k) FROM sbtest3 WHERE id BETWEEN 1830557 AND 1840556
	Aggregate  (cost=37205.33..37205.34 rows=1 width=8)
	  ->  Bitmap Heap Scan on sbtest3  (cost=350.89..37178.39 rows=10776 width=4)
	        Recheck Cond: ((id >= 1830557) AND (id <= 1840556))
	        ->  Bitmap Index Scan on sbtest3_pkey  (cost=0.00..348.19 rows=10776 width=0)
	              Index Cond: ((id >= 1830557) AND (id <= 1840556))

table 4 : explain SELECT SUM(k) FROM sbtest4 WHERE id BETWEEN 2477396 AND 2487395
	Aggregate  (cost=35305.60..35305.61 rows=1 width=8)
	  ->  Bitmap Heap Scan on sbtest4  (cost=328.38..35280.24 rows=10141 width=4)
	        Recheck Cond: ((id >= 2477396) AND (id <= 2487395))
	        ->  Bitmap Index Scan on sbtest4_pkey  (cost=0.00..325.84 rows=10141 width=0)
	              Index Cond: ((id >= 2477396) AND (id <= 2487395))

table 5 : explain SELECT SUM(k) FROM sbtest5 WHERE id BETWEEN 4461213 AND 4471212
	Aggregate  (cost=33113.46..33113.47 rows=1 width=8)
	  ->  Bitmap Heap Scan on sbtest5  (cost=310.21..33089.61 rows=9539 width=4)
	        Recheck Cond: ((id >= 4461213) AND (id <= 4471212))
	        ->  Bitmap Index Scan on sbtest5_pkey  (cost=0.00..307.82 rows=9539 width=0)
	              Index Cond: ((id >= 4461213) AND (id <= 4471212))

table 6 : explain SELECT SUM(k) FROM sbtest6 WHERE id BETWEEN 6861972 AND 6871971
	Aggregate  (cost=38553.58..38553.59 rows=1 width=8)
	  ->  Bitmap Heap Scan on sbtest6  (cost=363.67..38525.48 rows=11242 width=4)
	        Recheck Cond: ((id >= 6861972) AND (id <= 6871971))
	        ->  Bitmap Index Scan on sbtest6_pkey  (cost=0.00..360.86 rows=11242 width=0)
	              Index Cond: ((id >= 6861972) AND (id <= 6871971))

table 7 : explain SELECT SUM(k) FROM sbtest7 WHERE id BETWEEN 7899875 AND 7909874
	Aggregate  (cost=35062.28..35062.29 rows=1 width=8)
	  ->  Bitmap Heap Scan on sbtest7  (cost=327.51..35037.14 rows=10056 width=4)
	        Recheck Cond: ((id >= 7899875) AND (id <= 7909874))
	        ->  Bitmap Index Scan on sbtest7_pkey  (cost=0.00..325.00 rows=10056 width=0)
	              Index Cond: ((id >= 7899875) AND (id <= 7909874))

table 8 : explain SELECT SUM(k) FROM sbtest8 WHERE id BETWEEN 4083871 AND 4093870
	Aggregate  (cost=32623.88..32623.89 rows=1 width=8)
	  ->  Bitmap Heap Scan on sbtest8  (cost=303.88..32600.60 rows=9312 width=4)
	        Recheck Cond: ((id >= 4083871) AND (id <= 4093870))
	        ->  Bitmap Index Scan on sbtest8_pkey  (cost=0.00..301.56 rows=9312 width=0)
	              Index Cond: ((id >= 4083871) AND (id <= 4093870))

for: order_ranges
table 1 : explain SELECT c FROM sbtest1 WHERE id BETWEEN 3146821 AND 3156820 ORDER BY c
	Sort  (cost=38682.02..38709.63 rows=11045 width=121)
	  Sort Key: c
	  ->  Bitmap Heap Scan on sbtest1  (cost=357.65..37940.29 rows=11045 width=121)
	        Recheck Cond: ((id >= 3146821) AND (id <= 3156820))
	        ->  Bitmap Index Scan on sbtest1_pkey  (cost=0.00..354.88 rows=11045 width=0)
	              Index Cond: ((id >= 3146821) AND (id <= 3156820))

table 2 : explain SELECT c FROM sbtest2 WHERE id BETWEEN 9855003 AND 9865002 ORDER BY c
	Sort  (cost=35195.41..35220.33 rows=9969 width=121)
	  Sort Key: c
	  ->  Bitmap Heap Scan on sbtest2  (cost=322.62..34533.31 rows=9969 width=121)
	        Recheck Cond: ((id >= 9855003) AND (id <= 9865002))
	        ->  Bitmap Index Scan on sbtest2_pkey  (cost=0.00..320.12 rows=9969 width=0)
	              Index Cond: ((id >= 9855003) AND (id <= 9865002))

table 3 : explain SELECT c FROM sbtest3 WHERE id BETWEEN 8505538 AND 8515537 ORDER BY c
	Sort  (cost=35707.33..35732.57 rows=10096 width=121)
	  Sort Key: c
	  ->  Bitmap Heap Scan on sbtest3  (cost=327.92..35035.87 rows=10096 width=121)
	        Recheck Cond: ((id >= 8505538) AND (id <= 8515537))
	        ->  Bitmap Index Scan on sbtest3_pkey  (cost=0.00..325.40 rows=10096 width=0)
	              Index Cond: ((id >= 8505538) AND (id <= 8515537))

table 4 : explain SELECT c FROM sbtest4 WHERE id BETWEEN 7157330 AND 7167329 ORDER BY c
	Sort  (cost=36823.37..36849.39 rows=10408 width=121)
	  Sort Key: c
	  ->  Bitmap Heap Scan on sbtest4  (cost=339.12..36128.88 rows=10408 width=121)
	        Recheck Cond: ((id >= 7157330) AND (id <= 7167329))
	        ->  Bitmap Index Scan on sbtest4_pkey  (cost=0.00..336.51 rows=10408 width=0)
	              Index Cond: ((id >= 7157330) AND (id <= 7167329))

table 5 : explain SELECT c FROM sbtest5 WHERE id BETWEEN 6745811 AND 6755810 ORDER BY c
	Sort  (cost=35364.04..35389.16 rows=10049 width=121)
	  Sort Key: c
	  ->  Bitmap Heap Scan on sbtest5  (cost=327.44..34696.05 rows=10049 width=121)
	        Recheck Cond: ((id >= 6745811) AND (id <= 6755810))
	        ->  Bitmap Index Scan on sbtest5_pkey  (cost=0.00..324.93 rows=10049 width=0)
	              Index Cond: ((id >= 6745811) AND (id <= 6755810))

table 6 : explain SELECT c FROM sbtest6 WHERE id BETWEEN 2741465 AND 2751464 ORDER BY c
	Sort  (cost=35639.52..35664.78 rows=10102 width=121)
	  Sort Key: c
	  ->  Bitmap Heap Scan on sbtest6  (cost=327.98..34967.62 rows=10102 width=121)
	        Recheck Cond: ((id >= 2741465) AND (id <= 2751464))
	        ->  Bitmap Index Scan on sbtest6_pkey  (cost=0.00..325.45 rows=10102 width=0)
	              Index Cond: ((id >= 2741465) AND (id <= 2751464))

table 7 : explain SELECT c FROM sbtest7 WHERE id BETWEEN 4258998 AND 4268997 ORDER BY c
	Sort  (cost=36115.33..36140.79 rows=10183 width=121)
	  Sort Key: c
	  ->  Bitmap Heap Scan on sbtest7  (cost=328.81..35437.46 rows=10183 width=121)
	        Recheck Cond: ((id >= 4258998) AND (id <= 4268997))
	        ->  Bitmap Index Scan on sbtest7_pkey  (cost=0.00..326.26 rows=10183 width=0)
	              Index Cond: ((id >= 4258998) AND (id <= 4268997))

table 8 : explain SELECT c FROM sbtest8 WHERE id BETWEEN 1962875 AND 1972874 ORDER BY c
	Sort  (cost=33154.18..33177.41 rows=9294 width=121)
	  Sort Key: c
	  ->  Bitmap Heap Scan on sbtest8  (cost=303.70..32541.61 rows=9294 width=121)
	        Recheck Cond: ((id >= 1962875) AND (id <= 1972874))
	        ->  Bitmap Index Scan on sbtest8_pkey  (cost=0.00..301.38 rows=9294 width=0)
	              Index Cond: ((id >= 1962875) AND (id <= 1972874))

for point_selects
table 1 : explain SELECT c FROM sbtest1 WHERE id=2350793
	Index Scan using sbtest1_pkey on sbtest1  (cost=0.43..8.45 rows=1 width=121)
	  Index Cond: (id = 2350793)

table 2 : explain SELECT c FROM sbtest2 WHERE id=5923243
	Index Scan using sbtest2_pkey on sbtest2  (cost=0.43..8.45 rows=1 width=121)
	  Index Cond: (id = 5923243)

table 3 : explain SELECT c FROM sbtest3 WHERE id=2860151
	Index Scan using sbtest3_pkey on sbtest3  (cost=0.43..8.45 rows=1 width=121)
	  Index Cond: (id = 2860151)

table 4 : explain SELECT c FROM sbtest4 WHERE id=5362482
	Index Scan using sbtest4_pkey on sbtest4  (cost=0.43..8.45 rows=1 width=121)
	  Index Cond: (id = 5362482)

table 5 : explain SELECT c FROM sbtest5 WHERE id=9211300
	Index Scan using sbtest5_pkey on sbtest5  (cost=0.43..8.45 rows=1 width=121)
	  Index Cond: (id = 9211300)

table 6 : explain SELECT c FROM sbtest6 WHERE id=2887494
	Index Scan using sbtest6_pkey on sbtest6  (cost=0.43..8.45 rows=1 width=121)
	  Index Cond: (id = 2887494)

table 7 : explain SELECT c FROM sbtest7 WHERE id=8097248
	Index Scan using sbtest7_pkey on sbtest7  (cost=0.43..8.45 rows=1 width=121)
	  Index Cond: (id = 8097248)

table 8 : explain SELECT c FROM sbtest8 WHERE id=6258808
	Index Scan using sbtest8_pkey on sbtest8  (cost=0.43..8.45 rows=1 width=121)
	  Index Cond: (id = 6258808)

for: distinct_ranges
table 1 : explain SELECT DISTINCT c FROM sbtest1 WHERE id BETWEEN 3452334 AND 3462333 ORDER BY c
	Unique  (cost=35263.77..35313.67 rows=9979 width=121)
	  ->  Sort  (cost=35263.77..35288.72 rows=9979 width=121)
	        Sort Key: c
	        ->  Bitmap Heap Scan on sbtest1  (cost=322.72..34600.94 rows=9979 width=121)
	              Recheck Cond: ((id >= 3452334) AND (id <= 3462333))
	              ->  Bitmap Index Scan on sbtest1_pkey  (cost=0.00..320.23 rows=9979 width=0)
	                    Index Cond: ((id >= 3452334) AND (id <= 3462333))

table 2 : explain SELECT DISTINCT c FROM sbtest2 WHERE id BETWEEN 8798682 AND 8808681 ORDER BY c
	Unique  (cost=38176.94..38231.43 rows=10899 width=121)
	  ->  Sort  (cost=38176.94..38204.18 rows=10899 width=121)
	        Sort Key: c
	        ->  Bitmap Heap Scan on sbtest2  (cost=352.15..37446.06 rows=10899 width=121)
	              Recheck Cond: ((id >= 8798682) AND (id <= 8808681))
	              ->  Bitmap Index Scan on sbtest2_pkey  (cost=0.00..349.43 rows=10899 width=0)
	                    Index Cond: ((id >= 8798682) AND (id <= 8808681))

table 3 : explain SELECT DISTINCT c FROM sbtest3 WHERE id BETWEEN 3204149 AND 3214148 ORDER BY c
	Unique  (cost=33143.35..33189.89 rows=9308 width=121)
	  ->  Sort  (cost=33143.35..33166.62 rows=9308 width=121)
	        Sort Key: c
	        ->  Bitmap Heap Scan on sbtest3  (cost=303.84..32529.76 rows=9308 width=121)
	              Recheck Cond: ((id >= 3204149) AND (id <= 3214148))
	              ->  Bitmap Index Scan on sbtest3_pkey  (cost=0.00..301.51 rows=9308 width=0)
	                    Index Cond: ((id >= 3204149) AND (id <= 3214148))

table 4 : explain SELECT DISTINCT c FROM sbtest4 WHERE id BETWEEN 4314281 AND 4324280 ORDER BY c
	Unique  (cost=34599.95..34648.57 rows=9725 width=121)
	  ->  Sort  (cost=34599.95..34624.26 rows=9725 width=121)
	        Sort Key: c
	        ->  Bitmap Heap Scan on sbtest4  (cost=316.12..33955.79 rows=9725 width=121)
	              Recheck Cond: ((id >= 4314281) AND (id <= 4324280))
	              ->  Bitmap Index Scan on sbtest4_pkey  (cost=0.00..313.69 rows=9725 width=0)
	                    Index Cond: ((id >= 4314281) AND (id <= 4324280))

table 5 : explain SELECT DISTINCT c FROM sbtest5 WHERE id BETWEEN 1392235 AND 1402234 ORDER BY c
	Unique  (cost=35310.58..35360.75 rows=10033 width=121)
	  ->  Sort  (cost=35310.58..35335.67 rows=10033 width=121)
	        Sort Key: c
	        ->  Bitmap Heap Scan on sbtest5  (cost=323.27..34643.77 rows=10033 width=121)
	              Recheck Cond: ((id >= 1392235) AND (id <= 1402234))
	              ->  Bitmap Index Scan on sbtest5_pkey  (cost=0.00..320.76 rows=10033 width=0)
	                    Index Cond: ((id >= 1392235) AND (id <= 1402234))

table 6 : explain SELECT DISTINCT c FROM sbtest6 WHERE id BETWEEN 6233643 AND 6243642 ORDER BY c
	Unique  (cost=34263.41..34311.79 rows=9676 width=121)
	  ->  Sort  (cost=34263.41..34287.60 rows=9676 width=121)
	        Sort Key: c
	        ->  Bitmap Heap Scan on sbtest6  (cost=315.61..33622.85 rows=9676 width=121)
	              Recheck Cond: ((id >= 6233643) AND (id <= 6243642))
	              ->  Bitmap Index Scan on sbtest6_pkey  (cost=0.00..313.19 rows=9676 width=0)
	                    Index Cond: ((id >= 6233643) AND (id <= 6243642))

table 7 : explain SELECT DISTINCT c FROM sbtest7 WHERE id BETWEEN 743850 AND 753849 ORDER BY c
	Unique  (cost=38148.00..38202.05 rows=10810 width=121)
	  ->  Sort  (cost=38148.00..38175.02 rows=10810 width=121)
	        Sort Key: c
	        ->  Bitmap Heap Scan on sbtest7  (cost=351.24..37423.73 rows=10810 width=121)
	              Recheck Cond: ((id >= 743850) AND (id <= 753849))
	              ->  Bitmap Index Scan on sbtest7_pkey  (cost=0.00..348.54 rows=10810 width=0)
	                    Index Cond: ((id >= 743850) AND (id <= 753849))

table 8 : explain SELECT DISTINCT c FROM sbtest8 WHERE id BETWEEN 2846364 AND 2856363 ORDER BY c
	Unique  (cost=37730.90..37784.41 rows=10702 width=121)
	  ->  Sort  (cost=37730.90..37757.66 rows=10702 width=121)
	        Sort Key: c
	        ->  Bitmap Heap Scan on sbtest8  (cost=346.13..37014.64 rows=10702 width=121)
	              Recheck Cond: ((id >= 2846364) AND (id <= 2856363))
	              ->  Bitmap Index Scan on sbtest8_pkey  (cost=0.00..343.45 rows=10702 width=0)
	                    Index Cond: ((id >= 2846364) AND (id <= 2856363))

for point_selects
table 1 : explain SELECT c FROM sbtest1 WHERE id=9170419
	Index Scan using sbtest1_pkey on sbtest1  (cost=0.43..8.45 rows=1 width=121)
	  Index Cond: (id = 9170419)

table 2 : explain SELECT c FROM sbtest2 WHERE id=9511898
	Index Scan using sbtest2_pkey on sbtest2  (cost=0.43..8.45 rows=1 width=121)
	  Index Cond: (id = 9511898)

table 3 : explain SELECT c FROM sbtest3 WHERE id=5800440
	Index Scan using sbtest3_pkey on sbtest3  (cost=0.43..8.45 rows=1 width=121)
	  Index Cond: (id = 5800440)

table 4 : explain SELECT c FROM sbtest4 WHERE id=5407249
	Index Scan using sbtest4_pkey on sbtest4  (cost=0.43..8.45 rows=1 width=121)
	  Index Cond: (id = 5407249)

table 5 : explain SELECT c FROM sbtest5 WHERE id=3882702
	Index Scan using sbtest5_pkey on sbtest5  (cost=0.43..8.45 rows=1 width=121)
	  Index Cond: (id = 3882702)

table 6 : explain SELECT c FROM sbtest6 WHERE id=6840080
	Index Scan using sbtest6_pkey on sbtest6  (cost=0.43..8.45 rows=1 width=121)
	  Index Cond: (id = 6840080)

table 7 : explain SELECT c FROM sbtest7 WHERE id=3143469
	Index Scan using sbtest7_pkey on sbtest7  (cost=0.43..8.45 rows=1 width=121)
	  Index Cond: (id = 3143469)

table 8 : explain SELECT c FROM sbtest8 WHERE id=7696488
	Index Scan using sbtest8_pkey on sbtest8  (cost=0.43..8.45 rows=1 width=121)
	  Index Cond: (id = 7696488)

for point_selects
table 1 : explain SELECT c FROM sbtest1 WHERE id=469497
	Index Scan using sbtest1_pkey on sbtest1  (cost=0.43..8.45 rows=1 width=121)
	  Index Cond: (id = 469497)

table 2 : explain SELECT c FROM sbtest2 WHERE id=8374080
	Index Scan using sbtest2_pkey on sbtest2  (cost=0.43..8.45 rows=1 width=121)
	  Index Cond: (id = 8374080)

table 3 : explain SELECT c FROM sbtest3 WHERE id=7420388
	Index Scan using sbtest3_pkey on sbtest3  (cost=0.43..8.45 rows=1 width=121)
	  Index Cond: (id = 7420388)

table 4 : explain SELECT c FROM sbtest4 WHERE id=2822084
	Index Scan using sbtest4_pkey on sbtest4  (cost=0.43..8.45 rows=1 width=121)
	  Index Cond: (id = 2822084)

table 5 : explain SELECT c FROM sbtest5 WHERE id=4872051
	Index Scan using sbtest5_pkey on sbtest5  (cost=0.43..8.45 rows=1 width=121)
	  Index Cond: (id = 4872051)

table 6 : explain SELECT c FROM sbtest6 WHERE id=7793588
	Index Scan using sbtest6_pkey on sbtest6  (cost=0.43..8.45 rows=1 width=121)
	  Index Cond: (id = 7793588)

table 7 : explain SELECT c FROM sbtest7 WHERE id=7394489
	Index Scan using sbtest7_pkey on sbtest7  (cost=0.43..8.45 rows=1 width=121)
	  Index Cond: (id = 7394489)

table 8 : explain SELECT c FROM sbtest8 WHERE id=9975696
	Index Scan using sbtest8_pkey on sbtest8  (cost=0.43..8.45 rows=1 width=121)
	  Index Cond: (id = 9975696)

for: sum_ranges
table 1 : explain SELECT SUM(k) FROM sbtest1 WHERE id BETWEEN 1852753 AND 1862752
	Aggregate  (cost=33172.74..33172.75 rows=1 width=8)
	  ->  Bitmap Heap Scan on sbtest1  (cost=310.03..33148.94 rows=9521 width=4)
	        Recheck Cond: ((id >= 1852753) AND (id <= 1862752))
	        ->  Bitmap Index Scan on sbtest1_pkey  (cost=0.00..307.65 rows=9521 width=0)
	              Index Cond: ((id >= 1852753) AND (id <= 1862752))

table 2 : explain SELECT SUM(k) FROM sbtest2 WHERE id BETWEEN 2734427 AND 2744426
	Aggregate  (cost=34065.33..34065.34 rows=1 width=8)
	  ->  Bitmap Heap Scan on sbtest2  (cost=317.02..34040.80 rows=9813 width=4)
	        Recheck Cond: ((id >= 2734427) AND (id <= 2744426))
	        ->  Bitmap Index Scan on sbtest2_pkey  (cost=0.00..314.56 rows=9813 width=0)
	              Index Cond: ((id >= 2734427) AND (id <= 2744426))

table 3 : explain SELECT SUM(k) FROM sbtest3 WHERE id BETWEEN 7246237 AND 7256236
	Aggregate  (cost=32490.09..32490.10 rows=1 width=8)
	  ->  Bitmap Heap Scan on sbtest3  (cost=299.65..32466.87 rows=9289 width=4)
	        Recheck Cond: ((id >= 7246237) AND (id <= 7256236))
	        ->  Bitmap Index Scan on sbtest3_pkey  (cost=0.00..297.32 rows=9289 width=0)
	              Index Cond: ((id >= 7246237) AND (id <= 7256236))

table 4 : explain SELECT SUM(k) FROM sbtest4 WHERE id BETWEEN 374122 AND 384121
	Aggregate  (cost=35084.29..35084.30 rows=1 width=8)
	  ->  Bitmap Heap Scan on sbtest4  (cost=327.66..35059.11 rows=10071 width=4)
	        Recheck Cond: ((id >= 374122) AND (id <= 384121))
	        ->  Bitmap Index Scan on sbtest4_pkey  (cost=0.00..325.15 rows=10071 width=0)
	              Index Cond: ((id >= 374122) AND (id <= 384121))

table 5 : explain SELECT SUM(k) FROM sbtest5 WHERE id BETWEEN 7232580 AND 7242579
	Aggregate  (cost=38256.57..38256.58 rows=1 width=8)
	  ->  Bitmap Heap Scan on sbtest5  (cost=363.08..38228.61 rows=11185 width=4)
	        Recheck Cond: ((id >= 7232580) AND (id <= 7242579))
	        ->  Bitmap Index Scan on sbtest5_pkey  (cost=0.00..360.29 rows=11185 width=0)
	              Index Cond: ((id >= 7232580) AND (id <= 7242579))

table 6 : explain SELECT SUM(k) FROM sbtest6 WHERE id BETWEEN 3495751 AND 3505750
	Aggregate  (cost=33236.75..33236.76 rows=1 width=8)
	  ->  Bitmap Heap Scan on sbtest6  (cost=310.29..33212.89 rows=9547 width=4)
	        Recheck Cond: ((id >= 3495751) AND (id <= 3505750))
	        ->  Bitmap Index Scan on sbtest6_pkey  (cost=0.00..307.91 rows=9547 width=0)
	              Index Cond: ((id >= 3495751) AND (id <= 3505750))

table 7 : explain SELECT SUM(k) FROM sbtest7 WHERE id BETWEEN 248289 AND 258288
	Aggregate  (cost=36442.36..36442.37 rows=1 width=8)
	  ->  Bitmap Heap Scan on sbtest7  (cost=339.97..36416.14 rows=10491 width=4)
	        Recheck Cond: ((id >= 248289) AND (id <= 258288))
	        ->  Bitmap Index Scan on sbtest7_pkey  (cost=0.00..337.34 rows=10491 width=0)
	              Index Cond: ((id >= 248289) AND (id <= 258288))

table 8 : explain SELECT SUM(k) FROM sbtest8 WHERE id BETWEEN 8674014 AND 8684013
	Aggregate  (cost=35885.15..35885.16 rows=1 width=8)
	  ->  Bitmap Heap Scan on sbtest8  (cost=334.38..35859.31 rows=10336 width=4)
	        Recheck Cond: ((id >= 8674014) AND (id <= 8684013))
	        ->  Bitmap Index Scan on sbtest8_pkey  (cost=0.00..331.80 rows=10336 width=0)
	              Index Cond: ((id >= 8674014) AND (id <= 8684013))

for: sum_ranges
table 1 : explain SELECT SUM(k) FROM sbtest1 WHERE id BETWEEN 5359315 AND 5369314
	Aggregate  (cost=34275.90..34275.91 rows=1 width=8)
	  ->  Bitmap Heap Scan on sbtest1  (cost=321.58..34251.23 rows=9868 width=4)
	        Recheck Cond: ((id >= 5359315) AND (id <= 5369314))
	        ->  Bitmap Index Scan on sbtest1_pkey  (cost=0.00..319.12 rows=9868 width=0)
	              Index Cond: ((id >= 5359315) AND (id <= 5369314))

table 2 : explain SELECT SUM(k) FROM sbtest2 WHERE id BETWEEN 3703253 AND 3713252
	Aggregate  (cost=35389.75..35389.76 rows=1 width=8)
	  ->  Bitmap Heap Scan on sbtest2  (cost=333.31..35364.17 rows=10232 width=4)
	        Recheck Cond: ((id >= 3703253) AND (id <= 3713252))
	        ->  Bitmap Index Scan on sbtest2_pkey  (cost=0.00..330.75 rows=10232 width=0)
	              Index Cond: ((id >= 3703253) AND (id <= 3713252))

table 3 : explain SELECT SUM(k) FROM sbtest3 WHERE id BETWEEN 2238168 AND 2248167
	Aggregate  (cost=35077.32..35077.33 rows=1 width=8)
	  ->  Bitmap Heap Scan on sbtest3  (cost=327.97..35052.07 rows=10101 width=4)
	        Recheck Cond: ((id >= 2238168) AND (id <= 2248167))
	        ->  Bitmap Index Scan on sbtest3_pkey  (cost=0.00..325.44 rows=10101 width=0)
	              Index Cond: ((id >= 2238168) AND (id <= 2248167))

table 4 : explain SELECT SUM(k) FROM sbtest4 WHERE id BETWEEN 9631363 AND 9641362
	Aggregate  (cost=34261.11..34261.12 rows=1 width=8)
	  ->  Bitmap Heap Scan on sbtest4  (cost=317.03..34236.57 rows=9814 width=4)
	        Recheck Cond: ((id >= 9631363) AND (id <= 9641362))
	        ->  Bitmap Index Scan on sbtest4_pkey  (cost=0.00..314.57 rows=9814 width=0)
	              Index Cond: ((id >= 9631363) AND (id <= 9641362))

table 5 : explain SELECT SUM(k) FROM sbtest5 WHERE id BETWEEN 1441019 AND 1451018
	Aggregate  (cost=34923.95..34923.96 rows=1 width=8)
	  ->  Bitmap Heap Scan on sbtest5  (cost=328.10..34898.66 rows=10114 width=4)
	        Recheck Cond: ((id >= 1441019) AND (id <= 1451018))
	        ->  Bitmap Index Scan on sbtest5_pkey  (cost=0.00..325.57 rows=10114 width=0)
	              Index Cond: ((id >= 1441019) AND (id <= 1451018))

table 6 : explain SELECT SUM(k) FROM sbtest6 WHERE id BETWEEN 8253242 AND 8263241
	Aggregate  (cost=34277.09..34277.10 rows=1 width=8)
	  ->  Bitmap Heap Scan on sbtest6  (cost=321.65..34252.40 rows=9875 width=4)
	        Recheck Cond: ((id >= 8253242) AND (id <= 8263241))
	        ->  Bitmap Index Scan on sbtest6_pkey  (cost=0.00..319.19 rows=9875 width=0)
	              Index Cond: ((id >= 8253242) AND (id <= 8263241))

table 7 : explain SELECT SUM(k) FROM sbtest7 WHERE id BETWEEN 8963172 AND 8973171
	Aggregate  (cost=38661.58..38661.59 rows=1 width=8)
	  ->  Bitmap Heap Scan on sbtest7  (cost=363.18..38633.59 rows=11195 width=4)
	        Recheck Cond: ((id >= 8963172) AND (id <= 8973171))
	        ->  Bitmap Index Scan on sbtest7_pkey  (cost=0.00..360.38 rows=11195 width=0)
	              Index Cond: ((id >= 8963172) AND (id <= 8973171))

table 8 : explain SELECT SUM(k) FROM sbtest8 WHERE id BETWEEN 559733 AND 569732
	Aggregate  (cost=34887.48..34887.49 rows=1 width=8)
	  ->  Bitmap Heap Scan on sbtest8  (cost=327.14..34862.43 rows=10020 width=4)
	        Recheck Cond: ((id >= 559733) AND (id <= 569732))
	        ->  Bitmap Index Scan on sbtest8_pkey  (cost=0.00..324.63 rows=10020 width=0)
	              Index Cond: ((id >= 559733) AND (id <= 569732))

for: simple_ranges
table 1 : explain SELECT c FROM sbtest1 WHERE id BETWEEN 1394773 AND 1404772
	Bitmap Heap Scan on sbtest1  (cost=304.92..32806.28 rows=9413 width=121)
	  Recheck Cond: ((id >= 1394773) AND (id <= 1404772))
	  ->  Bitmap Index Scan on sbtest1_pkey  (cost=0.00..302.56 rows=9413 width=0)
	        Index Cond: ((id >= 1394773) AND (id <= 1404772))

table 2 : explain SELECT c FROM sbtest2 WHERE id BETWEEN 7900925 AND 7910924
	Bitmap Heap Scan on sbtest2  (cost=293.85..31819.84 rows=9114 width=121)
	  Recheck Cond: ((id >= 7900925) AND (id <= 7910924))
	  ->  Bitmap Index Scan on sbtest2_pkey  (cost=0.00..291.57 rows=9114 width=0)
	        Index Cond: ((id >= 7900925) AND (id <= 7910924))

table 3 : explain SELECT c FROM sbtest3 WHERE id BETWEEN 1236907 AND 1246906
	Bitmap Heap Scan on sbtest3  (cost=311.16..33561.95 rows=9632 width=121)
	  Recheck Cond: ((id >= 1236907) AND (id <= 1246906))
	  ->  Bitmap Index Scan on sbtest3_pkey  (cost=0.00..308.75 rows=9632 width=0)
	        Index Cond: ((id >= 1236907) AND (id <= 1246906))

table 4 : explain SELECT c FROM sbtest4 WHERE id BETWEEN 7533846 AND 7543845
	Bitmap Heap Scan on sbtest4  (cost=316.59..34102.73 rows=9771 width=121)
	  Recheck Cond: ((id >= 7533846) AND (id <= 7543845))
	  ->  Bitmap Index Scan on sbtest4_pkey  (cost=0.00..314.15 rows=9771 width=0)
	        Index Cond: ((id >= 7533846) AND (id <= 7543845))

table 5 : explain SELECT c FROM sbtest5 WHERE id BETWEEN 8602054 AND 8612053
	Bitmap Heap Scan on sbtest5  (cost=316.97..33937.26 rows=9808 width=121)
	  Recheck Cond: ((id >= 8602054) AND (id <= 8612053))
	  ->  Bitmap Index Scan on sbtest5_pkey  (cost=0.00..314.51 rows=9808 width=0)
	        Index Cond: ((id >= 8602054) AND (id <= 8612053))

table 6 : explain SELECT c FROM sbtest6 WHERE id BETWEEN 7250 AND 17249
	Bitmap Heap Scan on sbtest6  (cost=309.96..33112.11 rows=9515 width=121)
	  Recheck Cond: ((id >= 7250) AND (id <= 17249))
	  ->  Bitmap Index Scan on sbtest6_pkey  (cost=0.00..307.58 rows=9515 width=0)
	        Index Cond: ((id >= 7250) AND (id <= 17249))

table 7 : explain SELECT c FROM sbtest7 WHERE id BETWEEN 3024868 AND 3034867
	Bitmap Heap Scan on sbtest7  (cost=305.02..33007.49 rows=9423 width=121)
	  Recheck Cond: ((id >= 3024868) AND (id <= 3034867))
	  ->  Bitmap Index Scan on sbtest7_pkey  (cost=0.00..302.67 rows=9423 width=0)
	        Index Cond: ((id >= 3024868) AND (id <= 3034867))

table 8 : explain SELECT c FROM sbtest8 WHERE id BETWEEN 6084973 AND 6094972
	Bitmap Heap Scan on sbtest8  (cost=321.45..34337.82 rows=9855 width=121)
	  Recheck Cond: ((id >= 6084973) AND (id <= 6094972))
	  ->  Bitmap Index Scan on sbtest8_pkey  (cost=0.00..318.99 rows=9855 width=0)
	        Index Cond: ((id >= 6084973) AND (id <= 6094972))

for: order_ranges
table 1 : explain SELECT c FROM sbtest1 WHERE id BETWEEN 2208037 AND 2218036 ORDER BY c
	Sort  (cost=39774.41..39802.88 rows=11388 width=121)
	  Sort Key: c
	  ->  Bitmap Heap Scan on sbtest1  (cost=369.16..39007.13 rows=11388 width=121)
	        Recheck Cond: ((id >= 2208037) AND (id <= 2218036))
	        ->  Bitmap Index Scan on sbtest1_pkey  (cost=0.00..366.31 rows=11388 width=0)
	              Index Cond: ((id >= 2208037) AND (id <= 2218036))

table 2 : explain SELECT c FROM sbtest2 WHERE id BETWEEN 7900886 AND 7910885 ORDER BY c
	Sort  (cost=32419.26..32442.05 rows=9114 width=121)
	  Sort Key: c
	  ->  Bitmap Heap Scan on sbtest2  (cost=293.85..31819.84 rows=9114 width=121)
	        Recheck Cond: ((id >= 7900886) AND (id <= 7910885))
	        ->  Bitmap Index Scan on sbtest2_pkey  (cost=0.00..291.57 rows=9114 width=0)
	              Index Cond: ((id >= 7900886) AND (id <= 7910885))

table 3 : explain SELECT c FROM sbtest3 WHERE id BETWEEN 7009868 AND 7019867 ORDER BY c
	Sort  (cost=33521.15..33544.71 rows=9424 width=121)
	  Sort Key: c
	  ->  Bitmap Heap Scan on sbtest3  (cost=305.03..32899.06 rows=9424 width=121)
	        Recheck Cond: ((id >= 7009868) AND (id <= 7019867))
	        ->  Bitmap Index Scan on sbtest3_pkey  (cost=0.00..302.68 rows=9424 width=0)
	              Index Cond: ((id >= 7009868) AND (id <= 7019867))

table 4 : explain SELECT c FROM sbtest4 WHERE id BETWEEN 3986826 AND 3996825 ORDER BY c
	Sort  (cost=35692.14..35717.29 rows=10060 width=121)
	  Sort Key: c
	  ->  Bitmap Heap Scan on sbtest4  (cost=327.55..35023.33 rows=10060 width=121)
	        Recheck Cond: ((id >= 3986826) AND (id <= 3996825))
	        ->  Bitmap Index Scan on sbtest4_pkey  (cost=0.00..325.04 rows=10060 width=0)
	              Index Cond: ((id >= 3986826) AND (id <= 3996825))

table 5 : explain SELECT c FROM sbtest5 WHERE id BETWEEN 5725518 AND 5735517 ORDER BY c
	Sort  (cost=36515.11..36541.13 rows=10410 width=121)
	  Sort Key: c
	  ->  Bitmap Heap Scan on sbtest5  (cost=335.14..35820.46 rows=10410 width=121)
	        Recheck Cond: ((id >= 5725518) AND (id <= 5735517))
	        ->  Bitmap Index Scan on sbtest5_pkey  (cost=0.00..332.54 rows=10410 width=0)
	              Index Cond: ((id >= 5725518) AND (id <= 5735517))

table 6 : explain SELECT c FROM sbtest6 WHERE id BETWEEN 5144899 AND 5154898 ORDER BY c
	Sort  (cost=34565.46..34589.88 rows=9770 width=121)
	  Sort Key: c
	  ->  Bitmap Heap Scan on sbtest6  (cost=316.58..33917.99 rows=9770 width=121)
	        Recheck Cond: ((id >= 5144899) AND (id <= 5154898))
	        ->  Bitmap Index Scan on sbtest6_pkey  (cost=0.00..314.13 rows=9770 width=0)
	              Index Cond: ((id >= 5144899) AND (id <= 5154898))

table 7 : explain SELECT c FROM sbtest7 WHERE id BETWEEN 5696866 AND 5706865 ORDER BY c
	Sort  (cost=33962.17..33985.97 rows=9523 width=121)
	  Sort Key: c
	  ->  Bitmap Heap Scan on sbtest7  (cost=310.05..33332.83 rows=9523 width=121)
	        Recheck Cond: ((id >= 5696866) AND (id <= 5706865))
	        ->  Bitmap Index Scan on sbtest7_pkey  (cost=0.00..307.67 rows=9523 width=0)
	              Index Cond: ((id >= 5696866) AND (id <= 5706865))

table 8 : explain SELECT c FROM sbtest8 WHERE id BETWEEN 2240795 AND 2250794 ORDER BY c
	Sort  (cost=34760.82..34785.28 rows=9785 width=121)
	  Sort Key: c
	  ->  Bitmap Heap Scan on sbtest8  (cost=316.73..34112.26 rows=9785 width=121)
	        Recheck Cond: ((id >= 2240795) AND (id <= 2250794))
	        ->  Bitmap Index Scan on sbtest8_pkey  (cost=0.00..314.29 rows=9785 width=0)
	              Index Cond: ((id >= 2240795) AND (id <= 2250794))

for point_selects
table 1 : explain SELECT c FROM sbtest1 WHERE id=5994269
	Index Scan using sbtest1_pkey on sbtest1  (cost=0.43..8.45 rows=1 width=121)
	  Index Cond: (id = 5994269)

table 2 : explain SELECT c FROM sbtest2 WHERE id=3539363
	Index Scan using sbtest2_pkey on sbtest2  (cost=0.43..8.45 rows=1 width=121)
	  Index Cond: (id = 3539363)

table 3 : explain SELECT c FROM sbtest3 WHERE id=1874209
	Index Scan using sbtest3_pkey on sbtest3  (cost=0.43..8.45 rows=1 width=121)
	  Index Cond: (id = 1874209)

table 4 : explain SELECT c FROM sbtest4 WHERE id=3990086
	Index Scan using sbtest4_pkey on sbtest4  (cost=0.43..8.45 rows=1 width=121)
	  Index Cond: (id = 3990086)

table 5 : explain SELECT c FROM sbtest5 WHERE id=6033547
	Index Scan using sbtest5_pkey on sbtest5  (cost=0.43..8.45 rows=1 width=121)
	  Index Cond: (id = 6033547)

table 6 : explain SELECT c FROM sbtest6 WHERE id=6302029
	Index Scan using sbtest6_pkey on sbtest6  (cost=0.43..8.45 rows=1 width=121)
	  Index Cond: (id = 6302029)

table 7 : explain SELECT c FROM sbtest7 WHERE id=5524965
	Index Scan using sbtest7_pkey on sbtest7  (cost=0.43..8.45 rows=1 width=121)
	  Index Cond: (id = 5524965)

table 8 : explain SELECT c FROM sbtest8 WHERE id=6211727
	Index Scan using sbtest8_pkey on sbtest8  (cost=0.43..8.45 rows=1 width=121)
	  Index Cond: (id = 6211727)

for: simple_ranges
table 1 : explain SELECT c FROM sbtest1 WHERE id BETWEEN 7643970 AND 7653969
	Bitmap Heap Scan on sbtest1  (cost=339.19..35974.98 rows=10415 width=121)
	  Recheck Cond: ((id >= 7643970) AND (id <= 7653969))
	  ->  Bitmap Index Scan on sbtest1_pkey  (cost=0.00..336.58 rows=10415 width=0)
	        Index Cond: ((id >= 7643970) AND (id <= 7653969))

table 2 : explain SELECT c FROM sbtest2 WHERE id BETWEEN 5891366 AND 5901365
	Bitmap Heap Scan on sbtest2  (cost=328.95..35250.61 rows=10197 width=121)
	  Recheck Cond: ((id >= 5891366) AND (id <= 5901365))
	  ->  Bitmap Index Scan on sbtest2_pkey  (cost=0.00..326.41 rows=10197 width=0)
	        Index Cond: ((id >= 5891366) AND (id <= 5901365))

table 3 : explain SELECT c FROM sbtest3 WHERE id BETWEEN 8309073 AND 8319072
	Bitmap Heap Scan on sbtest3  (cost=316.61..34011.88 rows=9773 width=121)
	  Recheck Cond: ((id >= 8309073) AND (id <= 8319072))
	  ->  Bitmap Index Scan on sbtest3_pkey  (cost=0.00..314.17 rows=9773 width=0)
	        Index Cond: ((id >= 8309073) AND (id <= 8319072))

table 4 : explain SELECT c FROM sbtest4 WHERE id BETWEEN 6734128 AND 6744127
	Bitmap Heap Scan on sbtest4  (cost=316.64..34119.05 rows=9776 width=121)
	  Recheck Cond: ((id >= 6734128) AND (id <= 6744127))
	  ->  Bitmap Index Scan on sbtest4_pkey  (cost=0.00..314.19 rows=9776 width=0)
	        Index Cond: ((id >= 6734128) AND (id <= 6744127))

table 5 : explain SELECT c FROM sbtest5 WHERE id BETWEEN 3163370 AND 3173369
	Bitmap Heap Scan on sbtest5  (cost=334.44..35612.14 rows=10342 width=121)
	  Recheck Cond: ((id >= 3163370) AND (id <= 3173369))
	  ->  Bitmap Index Scan on sbtest5_pkey  (cost=0.00..331.86 rows=10342 width=0)
	        Index Cond: ((id >= 3163370) AND (id <= 3173369))

table 6 : explain SELECT c FROM sbtest6 WHERE id BETWEEN 1228243 AND 1238242
	Bitmap Heap Scan on sbtest6  (cost=368.62..38816.01 rows=11335 width=121)
	  Recheck Cond: ((id >= 1228243) AND (id <= 1238242))
	  ->  Bitmap Index Scan on sbtest6_pkey  (cost=0.00..365.79 rows=11335 width=0)
	        Index Cond: ((id >= 1228243) AND (id <= 1238242))

table 7 : explain SELECT c FROM sbtest7 WHERE id BETWEEN 4217527 AND 4227526
	Bitmap Heap Scan on sbtest7  (cost=328.81..35437.46 rows=10183 width=121)
	  Recheck Cond: ((id >= 4217527) AND (id <= 4227526))
	  ->  Bitmap Index Scan on sbtest7_pkey  (cost=0.00..326.26 rows=10183 width=0)
	        Index Cond: ((id >= 4217527) AND (id <= 4227526))

table 8 : explain SELECT c FROM sbtest8 WHERE id BETWEEN 393844 AND 403843
	Bitmap Heap Scan on sbtest8  (cost=311.08..33596.02 rows=9624 width=121)
	  Recheck Cond: ((id >= 393844) AND (id <= 403843))
	  ->  Bitmap Index Scan on sbtest8_pkey  (cost=0.00..308.68 rows=9624 width=0)
	        Index Cond: ((id >= 393844) AND (id <= 403843))

for: order_ranges
table 1 : explain SELECT c FROM sbtest1 WHERE id BETWEEN 3135090 AND 3145089 ORDER BY c
	Sort  (cost=38682.02..38709.63 rows=11045 width=121)
	  Sort Key: c
	  ->  Bitmap Heap Scan on sbtest1  (cost=357.65..37940.29 rows=11045 width=121)
	        Recheck Cond: ((id >= 3135090) AND (id <= 3145089))
	        ->  Bitmap Index Scan on sbtest1_pkey  (cost=0.00..354.88 rows=11045 width=0)
	              Index Cond: ((id >= 3135090) AND (id <= 3145089))

table 2 : explain SELECT c FROM sbtest2 WHERE id BETWEEN 7908600 AND 7918599 ORDER BY c
	Sort  (cost=32419.26..32442.05 rows=9114 width=121)
	  Sort Key: c
	  ->  Bitmap Heap Scan on sbtest2  (cost=293.85..31819.84 rows=9114 width=121)
	        Recheck Cond: ((id >= 7908600) AND (id <= 7918599))
	        ->  Bitmap Index Scan on sbtest2_pkey  (cost=0.00..291.57 rows=9114 width=0)
	              Index Cond: ((id >= 7908600) AND (id <= 7918599))

table 3 : explain SELECT c FROM sbtest3 WHERE id BETWEEN 9445461 AND 9455460 ORDER BY c
	Sort  (cost=35148.98..35173.78 rows=9923 width=121)
	  Sort Key: c
	  ->  Bitmap Heap Scan on sbtest3  (cost=322.15..34490.26 rows=9923 width=121)
	        Recheck Cond: ((id >= 9445461) AND (id <= 9455460))
	        ->  Bitmap Index Scan on sbtest3_pkey  (cost=0.00..319.67 rows=9923 width=0)
	              Index Cond: ((id >= 9445461) AND (id <= 9455460))

table 4 : explain SELECT c FROM sbtest4 WHERE id BETWEEN 8045551 AND 8055550 ORDER BY c
	Sort  (cost=39125.14..39152.95 rows=11123 width=121)
	  Sort Key: c
	  ->  Bitmap Heap Scan on sbtest4  (cost=358.45..38377.61 rows=11123 width=121)
	        Recheck Cond: ((id >= 8045551) AND (id <= 8055550))
	        ->  Bitmap Index Scan on sbtest4_pkey  (cost=0.00..355.67 rows=11123 width=0)
	              Index Cond: ((id >= 8045551) AND (id <= 8055550))

table 5 : explain SELECT c FROM sbtest5 WHERE id BETWEEN 8994482 AND 9004481 ORDER BY c
	Sort  (cost=37279.70..37306.32 rows=10649 width=121)
	  Sort Key: c
	  ->  Bitmap Heap Scan on sbtest5  (cost=345.59..36567.36 rows=10649 width=121)
	        Recheck Cond: ((id >= 8994482) AND (id <= 9004481))
	        ->  Bitmap Index Scan on sbtest5_pkey  (cost=0.00..342.93 rows=10649 width=0)
	              Index Cond: ((id >= 8994482) AND (id <= 9004481))

table 6 : explain SELECT c FROM sbtest6 WHERE id BETWEEN 8004890 AND 8014889 ORDER BY c
	Sort  (cost=36428.92..36454.79 rows=10348 width=121)
	  Sort Key: c
	  ->  Bitmap Heap Scan on sbtest6  (cost=334.50..35738.86 rows=10348 width=121)
	        Recheck Cond: ((id >= 8004890) AND (id <= 8014889))
	        ->  Bitmap Index Scan on sbtest6_pkey  (cost=0.00..331.92 rows=10348 width=0)
	              Index Cond: ((id >= 8004890) AND (id <= 8014889))

table 7 : explain SELECT c FROM sbtest7 WHERE id BETWEEN 9450577 AND 9460576 ORDER BY c
	Sort  (cost=38101.76..38128.75 rows=10796 width=121)
	  Sort Key: c
	  ->  Bitmap Heap Scan on sbtest7  (cost=351.09..37378.53 rows=10796 width=121)
	        Recheck Cond: ((id >= 9450577) AND (id <= 9460576))
	        ->  Bitmap Index Scan on sbtest7_pkey  (cost=0.00..348.40 rows=10796 width=0)
	              Index Cond: ((id >= 9450577) AND (id <= 9460576))

table 8 : explain SELECT c FROM sbtest8 WHERE id BETWEEN 723092 AND 733091 ORDER BY c
	Sort  (cost=32649.91..32672.76 rows=9140 width=121)
	  Sort Key: c
	  ->  Bitmap Heap Scan on sbtest8  (cost=298.12..32048.59 rows=9140 width=121)
	        Recheck Cond: ((id >= 723092) AND (id <= 733091))
	        ->  Bitmap Index Scan on sbtest8_pkey  (cost=0.00..295.83 rows=9140 width=0)
	              Index Cond: ((id >= 723092) AND (id <= 733091))

for: simple_ranges
table 1 : explain SELECT c FROM sbtest1 WHERE id BETWEEN 1050963 AND 1060962
	Bitmap Heap Scan on sbtest1  (cost=338.94..35900.92 rows=10391 width=121)
	  Recheck Cond: ((id >= 1050963) AND (id <= 1060962))
	  ->  Bitmap Index Scan on sbtest1_pkey  (cost=0.00..336.34 rows=10391 width=0)
	        Index Cond: ((id >= 1050963) AND (id <= 1060962))

table 2 : explain SELECT c FROM sbtest2 WHERE id BETWEEN 6587419 AND 6597418
	Bitmap Heap Scan on sbtest2  (cost=369.74..39134.13 rows=11444 width=121)
	  Recheck Cond: ((id >= 6587419) AND (id <= 6597418))
	  ->  Bitmap Index Scan on sbtest2_pkey  (cost=0.00..366.88 rows=11444 width=0)
	        Index Cond: ((id >= 6587419) AND (id <= 6597418))

table 3 : explain SELECT c FROM sbtest3 WHERE id BETWEEN 631417 AND 641416
	Bitmap Heap Scan on sbtest3  (cost=333.13..35412.17 rows=10214 width=121)
	  Recheck Cond: ((id >= 631417) AND (id <= 641416))
	  ->  Bitmap Index Scan on sbtest3_pkey  (cost=0.00..330.57 rows=10214 width=0)
	        Index Cond: ((id >= 631417) AND (id <= 641416))

table 4 : explain SELECT c FROM sbtest4 WHERE id BETWEEN 348761 AND 358760
	Bitmap Heap Scan on sbtest4  (cost=327.43..34987.52 rows=10048 width=121)
	  Recheck Cond: ((id >= 348761) AND (id <= 358760))
	  ->  Bitmap Index Scan on sbtest4_pkey  (cost=0.00..324.92 rows=10048 width=0)
	        Index Cond: ((id >= 348761) AND (id <= 358760))

table 5 : explain SELECT c FROM sbtest5 WHERE id BETWEEN 8154378 AND 8164377
	Bitmap Heap Scan on sbtest5  (cost=333.76..35406.89 rows=10276 width=121)
	  Recheck Cond: ((id >= 8154378) AND (id <= 8164377))
	  ->  Bitmap Index Scan on sbtest5_pkey  (cost=0.00..331.19 rows=10276 width=0)
	        Index Cond: ((id >= 8154378) AND (id <= 8164377))

table 6 : explain SELECT c FROM sbtest6 WHERE id BETWEEN 8586789 AND 8596788
	Bitmap Heap Scan on sbtest6  (cost=339.07..35913.42 rows=10403 width=121)
	  Recheck Cond: ((id >= 8586789) AND (id <= 8596788))
	  ->  Bitmap Index Scan on sbtest6_pkey  (cost=0.00..336.46 rows=10403 width=0)
	        Index Cond: ((id >= 8586789) AND (id <= 8596788))

table 7 : explain SELECT c FROM sbtest7 WHERE id BETWEEN 3559488 AND 3569487
	Bitmap Heap Scan on sbtest7  (cost=327.94..35167.41 rows=10098 width=121)
	  Recheck Cond: ((id >= 3559488) AND (id <= 3569487))
	  ->  Bitmap Index Scan on sbtest7_pkey  (cost=0.00..325.42 rows=10098 width=0)
	        Index Cond: ((id >= 3559488) AND (id <= 3569487))

table 8 : explain SELECT c FROM sbtest8 WHERE id BETWEEN 9024262 AND 9034261
	Bitmap Heap Scan on sbtest8  (cost=327.47..34963.18 rows=10052 width=121)
	  Recheck Cond: ((id >= 9024262) AND (id <= 9034261))
	  ->  Bitmap Index Scan on sbtest8_pkey  (cost=0.00..324.95 rows=10052 width=0)
	        Index Cond: ((id >= 9024262) AND (id <= 9034261))

for: simple_ranges
table 1 : explain SELECT c FROM sbtest1 WHERE id BETWEEN 9778901 AND 9788900
	Bitmap Heap Scan on sbtest1  (cost=327.26..34769.93 rows=10032 width=121)
	  Recheck Cond: ((id >= 9778901) AND (id <= 9788900))
	  ->  Bitmap Index Scan on sbtest1_pkey  (cost=0.00..324.75 rows=10032 width=0)
	        Index Cond: ((id >= 9778901) AND (id <= 9788900))

table 2 : explain SELECT c FROM sbtest2 WHERE id BETWEEN 4553962 AND 4563961
	Bitmap Heap Scan on sbtest2  (cost=328.39..35079.72 rows=10142 width=121)
	  Recheck Cond: ((id >= 4553962) AND (id <= 4563961))
	  ->  Bitmap Index Scan on sbtest2_pkey  (cost=0.00..325.86 rows=10142 width=0)
	        Index Cond: ((id >= 4553962) AND (id <= 4563961))

table 3 : explain SELECT c FROM sbtest3 WHERE id BETWEEN 4157538 AND 4167537
	Bitmap Heap Scan on sbtest3  (cost=339.74..36214.08 rows=10469 width=121)
	  Recheck Cond: ((id >= 4157538) AND (id <= 4167537))
	  ->  Bitmap Index Scan on sbtest3_pkey  (cost=0.00..337.12 rows=10469 width=0)
	        Index Cond: ((id >= 4157538) AND (id <= 4167537))

table 4 : explain SELECT c FROM sbtest4 WHERE id BETWEEN 4937641 AND 4947640
	Bitmap Heap Scan on sbtest4  (cost=334.10..35813.59 rows=10309 width=121)
	  Recheck Cond: ((id >= 4937641) AND (id <= 4947640))
	  ->  Bitmap Index Scan on sbtest4_pkey  (cost=0.00..331.53 rows=10309 width=0)
	        Index Cond: ((id >= 4937641) AND (id <= 4947640))

table 5 : explain SELECT c FROM sbtest5 WHERE id BETWEEN 3380068 AND 3390067
	Bitmap Heap Scan on sbtest5  (cost=340.61..36272.51 rows=10554 width=121)
	  Recheck Cond: ((id >= 3380068) AND (id <= 3390067))
	  ->  Bitmap Index Scan on sbtest5_pkey  (cost=0.00..337.98 rows=10554 width=0)
	        Index Cond: ((id >= 3380068) AND (id <= 3390067))

table 6 : explain SELECT c FROM sbtest6 WHERE id BETWEEN 9304363 AND 9314362
	Bitmap Heap Scan on sbtest6  (cost=316.41..33866.14 rows=9754 width=121)
	  Recheck Cond: ((id >= 9304363) AND (id <= 9314362))
	  ->  Bitmap Index Scan on sbtest6_pkey  (cost=0.00..313.98 rows=9754 width=0)
	        Index Cond: ((id >= 9304363) AND (id <= 9314362))

table 7 : explain SELECT c FROM sbtest7 WHERE id BETWEEN 4361792 AND 4371791
	Bitmap Heap Scan on sbtest7  (cost=340.06..36442.08 rows=10500 width=121)
	  Recheck Cond: ((id >= 4361792) AND (id <= 4371791))
	  ->  Bitmap Index Scan on sbtest7_pkey  (cost=0.00..337.44 rows=10500 width=0)
	        Index Cond: ((id >= 4361792) AND (id <= 4371791))

table 8 : explain SELECT c FROM sbtest8 WHERE id BETWEEN 1830186 AND 1840185
	Bitmap Heap Scan on sbtest8  (cost=317.15..34239.37 rows=9826 width=121)
	  Recheck Cond: ((id >= 1830186) AND (id <= 1840185))
	  ->  Bitmap Index Scan on sbtest8_pkey  (cost=0.00..314.69 rows=9826 width=0)
	        Index Cond: ((id >= 1830186) AND (id <= 1840185))

for: order_ranges
table 1 : explain SELECT c FROM sbtest1 WHERE id BETWEEN 2349260 AND 2359259 ORDER BY c
	Sort  (cost=36567.81..36593.77 rows=10383 width=121)
	  Sort Key: c
	  ->  Bitmap Heap Scan on sbtest1  (cost=338.86..35875.17 rows=10383 width=121)
	        Recheck Cond: ((id >= 2349260) AND (id <= 2359259))
	        ->  Bitmap Index Scan on sbtest1_pkey  (cost=0.00..336.26 rows=10383 width=0)
	              Index Cond: ((id >= 2349260) AND (id <= 2359259))

table 2 : explain SELECT c FROM sbtest2 WHERE id BETWEEN 9609326 AND 9619325 ORDER BY c
	Sort  (cost=30428.68..30449.95 rows=8508 width=121)
	  Sort Key: c
	  ->  Bitmap Heap Scan on sbtest2  (cost=275.64..29873.33 rows=8508 width=121)
	        Recheck Cond: ((id >= 9609326) AND (id <= 9619325))
	        ->  Bitmap Index Scan on sbtest2_pkey  (cost=0.00..273.51 rows=8508 width=0)
	              Index Cond: ((id >= 9609326) AND (id <= 9619325))

table 3 : explain SELECT c FROM sbtest3 WHERE id BETWEEN 5052518 AND 5062517 ORDER BY c
	Sort  (cost=38176.46..38203.61 rows=10863 width=121)
	  Sort Key: c
	  ->  Bitmap Heap Scan on sbtest3  (cost=351.78..37448.25 rows=10863 width=121)
	        Recheck Cond: ((id >= 5052518) AND (id <= 5062517))
	        ->  Bitmap Index Scan on sbtest3_pkey  (cost=0.00..349.06 rows=10863 width=0)
	              Index Cond: ((id >= 5052518) AND (id <= 5062517))

table 4 : explain SELECT c FROM sbtest4 WHERE id BETWEEN 9668233 AND 9678232 ORDER BY c
	Sort  (cost=34887.27..34911.81 rows=9814 width=121)
	  Sort Key: c
	  ->  Bitmap Heap Scan on sbtest4  (cost=317.03..34236.57 rows=9814 width=121)
	        Recheck Cond: ((id >= 9668233) AND (id <= 9678232))
	        ->  Bitmap Index Scan on sbtest4_pkey  (cost=0.00..314.57 rows=9814 width=0)
	              Index Cond: ((id >= 9668233) AND (id <= 9678232))

table 5 : explain SELECT c FROM sbtest5 WHERE id BETWEEN 3778441 AND 3788440 ORDER BY c
	Sort  (cost=34792.92..34817.60 rows=9871 width=121)
	  Sort Key: c
	  ->  Bitmap Heap Scan on sbtest5  (cost=321.61..34138.03 rows=9871 width=121)
	        Recheck Cond: ((id >= 3778441) AND (id <= 3788440))
	        ->  Bitmap Index Scan on sbtest5_pkey  (cost=0.00..319.15 rows=9871 width=0)
	              Index Cond: ((id >= 3778441) AND (id <= 3788440))

table 6 : explain SELECT c FROM sbtest6 WHERE id BETWEEN 8767638 AND 8777637 ORDER BY c
	Sort  (cost=35165.94..35190.83 rows=9956 width=121)
	  Sort Key: c
	  ->  Bitmap Heap Scan on sbtest6  (cost=322.48..34504.80 rows=9956 width=121)
	        Recheck Cond: ((id >= 8767638) AND (id <= 8777637))
	        ->  Bitmap Index Scan on sbtest6_pkey  (cost=0.00..320.00 rows=9956 width=0)
	              Index Cond: ((id >= 8767638) AND (id <= 8777637))

table 7 : explain SELECT c FROM sbtest7 WHERE id BETWEEN 497753 AND 507752 ORDER BY c
	Sort  (cost=39837.94..39866.28 rows=11336 width=121)
	  Sort Key: c
	  ->  Bitmap Heap Scan on sbtest7  (cost=368.63..39074.54 rows=11336 width=121)
	        Recheck Cond: ((id >= 497753) AND (id <= 507752))
	        ->  Bitmap Index Scan on sbtest7_pkey  (cost=0.00..365.80 rows=11336 width=0)
	              Index Cond: ((id >= 497753) AND (id <= 507752))

table 8 : explain SELECT c FROM sbtest8 WHERE id BETWEEN 5141085 AND 5151084 ORDER BY c
	Sort  (cost=37131.97..37158.26 rows=10516 width=121)
	  Sort Key: c
	  ->  Bitmap Heap Scan on sbtest8  (cost=340.22..36429.49 rows=10516 width=121)
	        Recheck Cond: ((id >= 5141085) AND (id <= 5151084))
	        ->  Bitmap Index Scan on sbtest8_pkey  (cost=0.00..337.59 rows=10516 width=0)
	              Index Cond: ((id >= 5141085) AND (id <= 5151084))

for: distinct_ranges
table 1 : explain SELECT DISTINCT c FROM sbtest1 WHERE id BETWEEN 7143695 AND 7153694 ORDER BY c
	Unique  (cost=35565.71..35616.07 rows=10072 width=121)
	  ->  Sort  (cost=35565.71..35590.89 rows=10072 width=121)
	        Sort Key: c
	        ->  Bitmap Heap Scan on sbtest1  (cost=327.67..34896.02 rows=10072 width=121)
	              Recheck Cond: ((id >= 7143695) AND (id <= 7153694))
	              ->  Bitmap Index Scan on sbtest1_pkey  (cost=0.00..325.16 rows=10072 width=0)
	                    Index Cond: ((id >= 7143695) AND (id <= 7153694))

table 2 : explain SELECT DISTINCT c FROM sbtest2 WHERE id BETWEEN 2452190 AND 2462189 ORDER BY c
	Unique  (cost=35480.38..35530.66 rows=10056 width=121)
	  ->  Sort  (cost=35480.38..35505.52 rows=10056 width=121)
	        Sort Key: c
	        ->  Bitmap Heap Scan on sbtest2  (cost=327.51..34811.87 rows=10056 width=121)
	              Recheck Cond: ((id >= 2452190) AND (id <= 2462189))
	              ->  Bitmap Index Scan on sbtest2_pkey  (cost=0.00..325.00 rows=10056 width=0)
	                    Index Cond: ((id >= 2452190) AND (id <= 2462189))

table 3 : explain SELECT DISTINCT c FROM sbtest3 WHERE id BETWEEN 2731812 AND 2741811 ORDER BY c
	Unique  (cost=36469.62..36521.28 rows=10332 width=121)
	  ->  Sort  (cost=36469.62..36495.45 rows=10332 width=121)
	        Sort Key: c
	        ->  Bitmap Heap Scan on sbtest3  (cost=334.34..35780.74 rows=10332 width=121)
	              Recheck Cond: ((id >= 2731812) AND (id <= 2741811))
	              ->  Bitmap Index Scan on sbtest3_pkey  (cost=0.00..331.75 rows=10332 width=0)
	                    Index Cond: ((id >= 2731812) AND (id <= 2741811))

table 4 : explain SELECT DISTINCT c FROM sbtest4 WHERE id BETWEEN 2946356 AND 2956355 ORDER BY c
	Unique  (cost=32450.50..32495.85 rows=9071 width=121)
	  ->  Sort  (cost=32450.50..32473.17 rows=9071 width=121)
	        Sort Key: c
	        ->  Bitmap Heap Scan on sbtest4  (cost=293.41..31854.21 rows=9071 width=121)
	              Recheck Cond: ((id >= 2946356) AND (id <= 2956355))
	              ->  Bitmap Index Scan on sbtest4_pkey  (cost=0.00..291.15 rows=9071 width=0)
	                    Index Cond: ((id >= 2946356) AND (id <= 2956355))

table 5 : explain SELECT DISTINCT c FROM sbtest5 WHERE id BETWEEN 824320 AND 834319 ORDER BY c
	Unique  (cost=35877.33..35928.38 rows=10210 width=121)
	  ->  Sort  (cost=35877.33..35902.86 rows=10210 width=121)
	        Sort Key: c
	        ->  Bitmap Heap Scan on sbtest5  (cost=329.09..35197.47 rows=10210 width=121)
	              Recheck Cond: ((id >= 824320) AND (id <= 834319))
	              ->  Bitmap Index Scan on sbtest5_pkey  (cost=0.00..326.54 rows=10210 width=0)
	                    Index Cond: ((id >= 824320) AND (id <= 834319))

table 6 : explain SELECT DISTINCT c FROM sbtest6 WHERE id BETWEEN 5706659 AND 5716658 ORDER BY c
	Unique  (cost=35708.94..35759.56 rows=10124 width=121)
	  ->  Sort  (cost=35708.94..35734.25 rows=10124 width=121)
	        Sort Key: c
	        ->  Bitmap Heap Scan on sbtest6  (cost=328.21..35035.42 rows=10124 width=121)
	              Recheck Cond: ((id >= 5706659) AND (id <= 5716658))
	              ->  Bitmap Index Scan on sbtest6_pkey  (cost=0.00..325.68 rows=10124 width=0)
	                    Index Cond: ((id >= 5706659) AND (id <= 5716658))

table 7 : explain SELECT DISTINCT c FROM sbtest7 WHERE id BETWEEN 2751766 AND 2761765 ORDER BY c
	Unique  (cost=35765.69..35816.06 rows=10075 width=121)
	  ->  Sort  (cost=35765.69..35790.87 rows=10075 width=121)
	        Sort Key: c
	        ->  Bitmap Heap Scan on sbtest7  (cost=327.70..35095.77 rows=10075 width=121)
	              Recheck Cond: ((id >= 2751766) AND (id <= 2761765))
	              ->  Bitmap Index Scan on sbtest7_pkey  (cost=0.00..325.19 rows=10075 width=0)
	                    Index Cond: ((id >= 2751766) AND (id <= 2761765))

table 8 : explain SELECT DISTINCT c FROM sbtest8 WHERE id BETWEEN 5861591 AND 5871590 ORDER BY c
	Unique  (cost=34717.50..34766.36 rows=9772 width=121)
	  ->  Sort  (cost=34717.50..34741.93 rows=9772 width=121)
	        Sort Key: c
	        ->  Bitmap Heap Scan on sbtest8  (cost=316.60..34069.89 rows=9772 width=121)
	              Recheck Cond: ((id >= 5861591) AND (id <= 5871590))
	              ->  Bitmap Index Scan on sbtest8_pkey  (cost=0.00..314.16 rows=9772 width=0)
	                    Index Cond: ((id >= 5861591) AND (id <= 5871590))

for: sum_ranges
table 1 : explain SELECT SUM(k) FROM sbtest1 WHERE id BETWEEN 1391999 AND 1401998
	Aggregate  (cost=34288.86..34288.87 rows=1 width=8)
	  ->  Bitmap Heap Scan on sbtest1  (cost=321.62..34264.18 rows=9872 width=4)
	        Recheck Cond: ((id >= 1391999) AND (id <= 1401998))
	        ->  Bitmap Index Scan on sbtest1_pkey  (cost=0.00..319.16 rows=9872 width=0)
	              Index Cond: ((id >= 1391999) AND (id <= 1401998))

table 2 : explain SELECT SUM(k) FROM sbtest2 WHERE id BETWEEN 6384014 AND 6394013
	Aggregate  (cost=36953.73..36953.74 rows=1 width=8)
	  ->  Bitmap Heap Scan on sbtest2  (cost=346.44..36926.90 rows=10732 width=4)
	        Recheck Cond: ((id >= 6384014) AND (id <= 6394013))
	        ->  Bitmap Index Scan on sbtest2_pkey  (cost=0.00..343.75 rows=10732 width=0)
	              Index Cond: ((id >= 6384014) AND (id <= 6394013))

table 3 : explain SELECT SUM(k) FROM sbtest3 WHERE id BETWEEN 7496299 AND 7506298
	Aggregate  (cost=36327.40..36327.41 rows=1 width=8)
	  ->  Bitmap Heap Scan on sbtest3  (cost=340.03..36301.16 rows=10497 width=4)
	        Recheck Cond: ((id >= 7496299) AND (id <= 7506298))
	        ->  Bitmap Index Scan on sbtest3_pkey  (cost=0.00..337.41 rows=10497 width=0)
	              Index Cond: ((id >= 7496299) AND (id <= 7506298))

table 4 : explain SELECT SUM(k) FROM sbtest4 WHERE id BETWEEN 6261088 AND 6271087
	Aggregate  (cost=32822.21..32822.22 rows=1 width=8)
	  ->  Bitmap Heap Scan on sbtest4  (cost=304.42..32798.80 rows=9364 width=4)
	        Recheck Cond: ((id >= 6261088) AND (id <= 6271087))
	        ->  Bitmap Index Scan on sbtest4_pkey  (cost=0.00..302.07 rows=9364 width=0)
	              Index Cond: ((id >= 6261088) AND (id <= 6271087))

table 5 : explain SELECT SUM(k) FROM sbtest5 WHERE id BETWEEN 9244104 AND 9254103
	Aggregate  (cost=32277.78..32277.79 rows=1 width=8)
	  ->  Bitmap Heap Scan on sbtest5  (cost=299.51..32254.59 rows=9276 width=4)
	        Recheck Cond: ((id >= 9244104) AND (id <= 9254103))
	        ->  Bitmap Index Scan on sbtest5_pkey  (cost=0.00..297.19 rows=9276 width=0)
	              Index Cond: ((id >= 9244104) AND (id <= 9254103))

table 6 : explain SELECT SUM(k) FROM sbtest6 WHERE id BETWEEN 6166393 AND 6176392
	Aggregate  (cost=33148.94..33148.95 rows=1 width=8)
	  ->  Bitmap Heap Scan on sbtest6  (cost=310.01..33125.14 rows=9520 width=4)
	        Recheck Cond: ((id >= 6166393) AND (id <= 6176392))
	        ->  Bitmap Index Scan on sbtest6_pkey  (cost=0.00..307.63 rows=9520 width=0)
	              Index Cond: ((id >= 6166393) AND (id <= 6176392))

table 7 : explain SELECT SUM(k) FROM sbtest7 WHERE id BETWEEN 6308910 AND 6318909
	Aggregate  (cost=36607.73..36607.74 rows=1 width=8)
	  ->  Bitmap Heap Scan on sbtest7  (cost=340.51..36581.37 rows=10544 width=4)
	        Recheck Cond: ((id >= 6308910) AND (id <= 6318909))
	        ->  Bitmap Index Scan on sbtest7_pkey  (cost=0.00..337.88 rows=10544 width=0)
	              Index Cond: ((id >= 6308910) AND (id <= 6318909))

table 8 : explain SELECT SUM(k) FROM sbtest8 WHERE id BETWEEN 8945322 AND 8955321
	Aggregate  (cost=35176.87..35176.88 rows=1 width=8)
	  ->  Bitmap Heap Scan on sbtest8  (cost=328.08..35151.59 rows=10112 width=4)
	        Recheck Cond: ((id >= 8945322) AND (id <= 8955321))
	        ->  Bitmap Index Scan on sbtest8_pkey  (cost=0.00..325.56 rows=10112 width=0)
	              Index Cond: ((id >= 8945322) AND (id <= 8955321))

for: order_ranges
table 1 : explain SELECT c FROM sbtest1 WHERE id BETWEEN 2905123 AND 2915122 ORDER BY c
	Sort  (cost=34968.94..34993.66 rows=9888 width=121)
	  Sort Key: c
	  ->  Bitmap Heap Scan on sbtest1  (cost=321.79..34312.79 rows=9888 width=121)
	        Recheck Cond: ((id >= 2905123) AND (id <= 2915122))
	        ->  Bitmap Index Scan on sbtest1_pkey  (cost=0.00..319.31 rows=9888 width=0)
	              Index Cond: ((id >= 2905123) AND (id <= 2915122))

table 2 : explain SELECT c FROM sbtest2 WHERE id BETWEEN 338412 AND 348411 ORDER BY c
	Sort  (cost=35182.19..35207.10 rows=9965 width=121)
	  Sort Key: c
	  ->  Bitmap Heap Scan on sbtest2  (cost=322.58..34520.38 rows=9965 width=121)
	        Recheck Cond: ((id >= 338412) AND (id <= 348411))
	        ->  Bitmap Index Scan on sbtest2_pkey  (cost=0.00..320.08 rows=9965 width=0)
	              Index Cond: ((id >= 338412) AND (id <= 348411))

table 3 : explain SELECT c FROM sbtest3 WHERE id BETWEEN 4947599 AND 4957598 ORDER BY c
	Sort  (cost=37196.94..37223.33 rows=10558 width=121)
	  Sort Key: c
	  ->  Bitmap Heap Scan on sbtest3  (cost=340.65..36491.34 rows=10558 width=121)
	        Recheck Cond: ((id >= 4947599) AND (id <= 4957598))
	        ->  Bitmap Index Scan on sbtest3_pkey  (cost=0.00..338.01 rows=10558 width=0)
	              Index Cond: ((id >= 4947599) AND (id <= 4957598))

table 4 : explain SELECT c FROM sbtest4 WHERE id BETWEEN 7025693 AND 7035692 ORDER BY c
	Sort  (cost=41155.42..41184.81 rows=11758 width=121)
	  Sort Key: c
	  ->  Bitmap Heap Scan on sbtest4  (cost=380.95..40360.50 rows=11758 width=121)
	        Recheck Cond: ((id >= 7025693) AND (id <= 7035692))
	        ->  Bitmap Index Scan on sbtest4_pkey  (cost=0.00..378.01 rows=11758 width=0)
	              Index Cond: ((id >= 7025693) AND (id <= 7035692))

table 5 : explain SELECT c FROM sbtest5 WHERE id BETWEEN 6542759 AND 6552758 ORDER BY c
	Sort  (cost=35716.17..35741.57 rows=10159 width=121)
	  Sort Key: c
	  ->  Bitmap Heap Scan on sbtest5  (cost=328.56..35040.06 rows=10159 width=121)
	        Recheck Cond: ((id >= 6542759) AND (id <= 6552758))
	        ->  Bitmap Index Scan on sbtest5_pkey  (cost=0.00..326.03 rows=10159 width=0)
	              Index Cond: ((id >= 6542759) AND (id <= 6552758))

table 6 : explain SELECT c FROM sbtest6 WHERE id BETWEEN 3642165 AND 3652164 ORDER BY c
	Sort  (cost=37381.13..37407.74 rows=10645 width=121)
	  Sort Key: c
	  ->  Bitmap Heap Scan on sbtest6  (cost=345.55..36669.09 rows=10645 width=121)
	        Recheck Cond: ((id >= 3642165) AND (id <= 3652164))
	        ->  Bitmap Index Scan on sbtest6_pkey  (cost=0.00..342.88 rows=10645 width=0)
	              Index Cond: ((id >= 3642165) AND (id <= 3652164))

table 7 : explain SELECT c FROM sbtest7 WHERE id BETWEEN 3474227 AND 3484226 ORDER BY c
	Sort  (cost=34059.39..34083.28 rows=9553 width=121)
	  Sort Key: c
	  ->  Bitmap Heap Scan on sbtest7  (cost=310.35..33427.86 rows=9553 width=121)
	        Recheck Cond: ((id >= 3474227) AND (id <= 3484226))
	        ->  Bitmap Index Scan on sbtest7_pkey  (cost=0.00..307.96 rows=9553 width=0)
	              Index Cond: ((id >= 3474227) AND (id <= 3484226))

table 8 : explain SELECT c FROM sbtest8 WHERE id BETWEEN 5191474 AND 5201473 ORDER BY c
	Sort  (cost=37131.97..37158.26 rows=10516 width=121)
	  Sort Key: c
	  ->  Bitmap Heap Scan on sbtest8  (cost=340.22..36429.49 rows=10516 width=121)
	        Recheck Cond: ((id >= 5191474) AND (id <= 5201473))
	        ->  Bitmap Index Scan on sbtest8_pkey  (cost=0.00..337.59 rows=10516 width=0)
	              Index Cond: ((id >= 5191474) AND (id <= 5201473))

for: distinct_ranges
table 1 : explain SELECT DISTINCT c FROM sbtest1 WHERE id BETWEEN 2917444 AND 2927443 ORDER BY c
	Unique  (cost=34968.94..35018.38 rows=9888 width=121)
	  ->  Sort  (cost=34968.94..34993.66 rows=9888 width=121)
	        Sort Key: c
	        ->  Bitmap Heap Scan on sbtest1  (cost=321.79..34312.79 rows=9888 width=121)
	              Recheck Cond: ((id >= 2917444) AND (id <= 2927443))
	              ->  Bitmap Index Scan on sbtest1_pkey  (cost=0.00..319.31 rows=9888 width=0)
	                    Index Cond: ((id >= 2917444) AND (id <= 2927443))

table 2 : explain SELECT DISTINCT c FROM sbtest2 WHERE id BETWEEN 6886798 AND 6896797 ORDER BY c
	Unique  (cost=36922.31..36974.84 rows=10506 width=121)
	  ->  Sort  (cost=36922.31..36948.58 rows=10506 width=121)
	        Sort Key: c
	        ->  Bitmap Heap Scan on sbtest2  (cost=340.12..36220.57 rows=10506 width=121)
	              Recheck Cond: ((id >= 6886798) AND (id <= 6896797))
	              ->  Bitmap Index Scan on sbtest2_pkey  (cost=0.00..337.50 rows=10506 width=0)
	                    Index Cond: ((id >= 6886798) AND (id <= 6896797))

table 3 : explain SELECT DISTINCT c FROM sbtest3 WHERE id BETWEEN 1737239 AND 1747238 ORDER BY c
	Unique  (cost=37900.14..37954.02 rows=10776 width=121)
	  ->  Sort  (cost=37900.14..37927.08 rows=10776 width=121)
	        Sort Key: c
	        ->  Bitmap Heap Scan on sbtest3  (cost=350.89..37178.39 rows=10776 width=121)
	              Recheck Cond: ((id >= 1737239) AND (id <= 1747238))
	              ->  Bitmap Index Scan on sbtest3_pkey  (cost=0.00..348.19 rows=10776 width=0)
	                    Index Cond: ((id >= 1737239) AND (id <= 1747238))

table 4 : explain SELECT DISTINCT c FROM sbtest4 WHERE id BETWEEN 8996933 AND 9006932 ORDER BY c
	Unique  (cost=32224.80..32269.81 rows=9002 width=121)
	  ->  Sort  (cost=32224.80..32247.31 rows=9002 width=121)
	        Sort Key: c
	        ->  Bitmap Heap Scan on sbtest4  (cost=292.71..31633.55 rows=9002 width=121)
	              Recheck Cond: ((id >= 8996933) AND (id <= 9006932))
	              ->  Bitmap Index Scan on sbtest4_pkey  (cost=0.00..290.45 rows=9002 width=0)
	                    Index Cond: ((id >= 8996933) AND (id <= 9006932))

table 5 : explain SELECT DISTINCT c FROM sbtest5 WHERE id BETWEEN 6968651 AND 6978650 ORDER BY c
	Unique  (cost=34849.07..34898.52 rows=9889 width=121)
	  ->  Sort  (cost=34849.07..34873.79 rows=9889 width=121)
	        Sort Key: c
	        ->  Bitmap Heap Scan on sbtest5  (cost=321.80..34192.86 rows=9889 width=121)
	              Recheck Cond: ((id >= 6968651) AND (id <= 6978650))
	              ->  Bitmap Index Scan on sbtest5_pkey  (cost=0.00..319.32 rows=9889 width=0)
	                    Index Cond: ((id >= 6968651) AND (id <= 6978650))

table 6 : explain SELECT DISTINCT c FROM sbtest6 WHERE id BETWEEN 5610716 AND 5620715 ORDER BY c
	Unique  (cost=35298.29..35348.27 rows=9997 width=121)
	  ->  Sort  (cost=35298.29..35323.28 rows=9997 width=121)
	        Sort Key: c
	        ->  Bitmap Heap Scan on sbtest6  (cost=322.90..34634.12 rows=9997 width=121)
	              Recheck Cond: ((id >= 5610716) AND (id <= 5620715))
	              ->  Bitmap Index Scan on sbtest6_pkey  (cost=0.00..320.41 rows=9997 width=0)
	                    Index Cond: ((id >= 5610716) AND (id <= 5620715))

table 7 : explain SELECT DISTINCT c FROM sbtest7 WHERE id BETWEEN 2398786 AND 2408785 ORDER BY c
	Unique  (cost=34475.38..34523.78 rows=9680 width=121)
	  ->  Sort  (cost=34475.38..34499.58 rows=9680 width=121)
	        Sort Key: c
	        ->  Bitmap Heap Scan on sbtest7  (cost=315.66..33834.53 rows=9680 width=121)
	              Recheck Cond: ((id >= 2398786) AND (id <= 2408785))
	              ->  Bitmap Index Scan on sbtest7_pkey  (cost=0.00..313.24 rows=9680 width=0)
	                    Index Cond: ((id >= 2398786) AND (id <= 2408785))

table 8 : explain SELECT DISTINCT c FROM sbtest8 WHERE id BETWEEN 3370203 AND 3380202 ORDER BY c
	Unique  (cost=34199.38..34247.45 rows=9614 width=121)
	  ->  Sort  (cost=34199.38..34223.41 rows=9614 width=121)
	        Sort Key: c
	        ->  Bitmap Heap Scan on sbtest8  (cost=310.98..33563.37 rows=9614 width=121)
	              Recheck Cond: ((id >= 3370203) AND (id <= 3380202))
	              ->  Bitmap Index Scan on sbtest8_pkey  (cost=0.00..308.57 rows=9614 width=0)
	                    Index Cond: ((id >= 3370203) AND (id <= 3380202))

for: simple_ranges
table 1 : explain SELECT c FROM sbtest1 WHERE id BETWEEN 4011362 AND 4021361
	Bitmap Heap Scan on sbtest1  (cost=304.26..32600.94 rows=9349 width=121)
	  Recheck Cond: ((id >= 4011362) AND (id <= 4021361))
	  ->  Bitmap Index Scan on sbtest1_pkey  (cost=0.00..301.93 rows=9349 width=0)
	        Index Cond: ((id >= 4011362) AND (id <= 4021361))

table 2 : explain SELECT c FROM sbtest2 WHERE id BETWEEN 6510410 AND 6520409
	Bitmap Heap Scan on sbtest2  (cost=315.58..33600.04 rows=9673 width=121)
	  Recheck Cond: ((id >= 6510410) AND (id <= 6520409))
	  ->  Bitmap Index Scan on sbtest2_pkey  (cost=0.00..313.17 rows=9673 width=0)
	        Index Cond: ((id >= 6510410) AND (id <= 6520409))

table 3 : explain SELECT c FROM sbtest3 WHERE id BETWEEN 2417927 AND 2427926
	Bitmap Heap Scan on sbtest3  (cost=334.11..35712.88 rows=10310 width=121)
	  Recheck Cond: ((id >= 2417927) AND (id <= 2427926))
	  ->  Bitmap Index Scan on sbtest3_pkey  (cost=0.00..331.54 rows=10310 width=0)
	        Index Cond: ((id >= 2417927) AND (id <= 2427926))

table 4 : explain SELECT c FROM sbtest4 WHERE id BETWEEN 9504827 AND 9514826
	Bitmap Heap Scan on sbtest4  (cost=334.55..35953.06 rows=10353 width=121)
	  Recheck Cond: ((id >= 9504827) AND (id <= 9514826))
	  ->  Bitmap Index Scan on sbtest4_pkey  (cost=0.00..331.96 rows=10353 width=0)
	        Index Cond: ((id >= 9504827) AND (id <= 9514826))

table 5 : explain SELECT c FROM sbtest5 WHERE id BETWEEN 8634296 AND 8644295
	Bitmap Heap Scan on sbtest5  (cost=317.32..34043.73 rows=9842 width=121)
	  Recheck Cond: ((id >= 8634296) AND (id <= 8644295))
	  ->  Bitmap Index Scan on sbtest5_pkey  (cost=0.00..314.86 rows=9842 width=0)
	        Index Cond: ((id >= 8634296) AND (id <= 8644295))

table 6 : explain SELECT c FROM sbtest6 WHERE id BETWEEN 255456 AND 265455
	Bitmap Heap Scan on sbtest6  (cost=304.90..32779.49 rows=9411 width=121)
	  Recheck Cond: ((id >= 255456) AND (id <= 265455))
	  ->  Bitmap Index Scan on sbtest6_pkey  (cost=0.00..302.55 rows=9411 width=0)
	        Index Cond: ((id >= 255456) AND (id <= 265455))

table 7 : explain SELECT c FROM sbtest7 WHERE id BETWEEN 4482842 AND 4492841
	Bitmap Heap Scan on sbtest7  (cost=317.20..34314.96 rows=9831 width=121)
	  Recheck Cond: ((id >= 4482842) AND (id <= 4492841))
	  ->  Bitmap Index Scan on sbtest7_pkey  (cost=0.00..314.75 rows=9831 width=0)
	        Index Cond: ((id >= 4482842) AND (id <= 4492841))

table 8 : explain SELECT c FROM sbtest8 WHERE id BETWEEN 530447 AND 540446
	Bitmap Heap Scan on sbtest8  (cost=327.14..34862.43 rows=10020 width=121)
	  Recheck Cond: ((id >= 530447) AND (id <= 540446))
	  ->  Bitmap Index Scan on sbtest8_pkey  (cost=0.00..324.63 rows=10020 width=0)
	        Index Cond: ((id >= 530447) AND (id <= 540446))

for: distinct_ranges
table 1 : explain SELECT DISTINCT c FROM sbtest1 WHERE id BETWEEN 6518441 AND 6528440 ORDER BY c
	Unique  (cost=38947.63..39003.26 rows=11127 width=121)
	  ->  Sort  (cost=38947.63..38975.45 rows=11127 width=121)
	        Sort Key: c
	        ->  Bitmap Heap Scan on sbtest1  (cost=362.49..38199.79 rows=11127 width=121)
	              Recheck Cond: ((id >= 6518441) AND (id <= 6528440))
	              ->  Bitmap Index Scan on sbtest1_pkey  (cost=0.00..359.70 rows=11127 width=0)
	                    Index Cond: ((id >= 6518441) AND (id <= 6528440))

table 2 : explain SELECT DISTINCT c FROM sbtest2 WHERE id BETWEEN 8561824 AND 8571823 ORDER BY c
	Unique  (cost=32700.51..32746.51 rows=9200 width=121)
	  ->  Sort  (cost=32700.51..32723.51 rows=9200 width=121)
	        Sort Key: c
	        ->  Bitmap Heap Scan on sbtest2  (cost=298.74..32094.81 rows=9200 width=121)
	              Recheck Cond: ((id >= 8561824) AND (id <= 8571823))
	              ->  Bitmap Index Scan on sbtest2_pkey  (cost=0.00..296.44 rows=9200 width=0)
	                    Index Cond: ((id >= 8561824) AND (id <= 8571823))

table 3 : explain SELECT DISTINCT c FROM sbtest3 WHERE id BETWEEN 3933404 AND 3943403 ORDER BY c
	Unique  (cost=32529.67..32575.27 rows=9120 width=121)
	  ->  Sort  (cost=32529.67..32552.47 rows=9120 width=121)
	        Sort Key: c
	        ->  Bitmap Heap Scan on sbtest3  (cost=297.91..31929.81 rows=9120 width=121)
	              Recheck Cond: ((id >= 3933404) AND (id <= 3943403))
	              ->  Bitmap Index Scan on sbtest3_pkey  (cost=0.00..295.63 rows=9120 width=0)
	                    Index Cond: ((id >= 3933404) AND (id <= 3943403))

table 4 : explain SELECT DISTINCT c FROM sbtest4 WHERE id BETWEEN 7270477 AND 7280476 ORDER BY c
	Unique  (cost=33557.38..33604.42 rows=9407 width=121)
	  ->  Sort  (cost=33557.38..33580.90 rows=9407 width=121)
	        Sort Key: c
	        ->  Bitmap Heap Scan on sbtest4  (cost=304.86..32936.54 rows=9407 width=121)
	              Recheck Cond: ((id >= 7270477) AND (id <= 7280476))
	              ->  Bitmap Index Scan on sbtest4_pkey  (cost=0.00..302.50 rows=9407 width=0)
	                    Index Cond: ((id >= 7270477) AND (id <= 7280476))

table 5 : explain SELECT DISTINCT c FROM sbtest5 WHERE id BETWEEN 5518664 AND 5528663 ORDER BY c
	Unique  (cost=31287.64..31331.60 rows=8791 width=121)
	  ->  Sort  (cost=31287.64..31309.62 rows=8791 width=121)
	        Sort Key: c
	        ->  Bitmap Heap Scan on sbtest5  (cost=286.54..30711.75 rows=8791 width=121)
	              Recheck Cond: ((id >= 5518664) AND (id <= 5528663))
	              ->  Bitmap Index Scan on sbtest5_pkey  (cost=0.00..284.34 rows=8791 width=0)
	                    Index Cond: ((id >= 5518664) AND (id <= 5528663))

table 6 : explain SELECT DISTINCT c FROM sbtest6 WHERE id BETWEEN 8720373 AND 8730372 ORDER BY c
	Unique  (cost=34804.17..34853.39 rows=9844 width=121)
	  ->  Sort  (cost=34804.17..34828.78 rows=9844 width=121)
	        Sort Key: c
	        ->  Bitmap Heap Scan on sbtest6  (cost=317.34..34151.26 rows=9844 width=121)
	              Recheck Cond: ((id >= 8720373) AND (id <= 8730372))
	              ->  Bitmap Index Scan on sbtest6_pkey  (cost=0.00..314.88 rows=9844 width=0)
	                    Index Cond: ((id >= 8720373) AND (id <= 8730372))

table 7 : explain SELECT DISTINCT c FROM sbtest7 WHERE id BETWEEN 7388766 AND 7398765 ORDER BY c
	Unique  (cost=36671.29..36723.06 rows=10354 width=121)
	  ->  Sort  (cost=36671.29..36697.17 rows=10354 width=121)
	        Sort Key: c
	        ->  Bitmap Heap Scan on sbtest7  (cost=334.56..35980.79 rows=10354 width=121)
	              Recheck Cond: ((id >= 7388766) AND (id <= 7398765))
	              ->  Bitmap Index Scan on sbtest7_pkey  (cost=0.00..331.98 rows=10354 width=0)
	                    Index Cond: ((id >= 7388766) AND (id <= 7398765))

table 8 : explain SELECT DISTINCT c FROM sbtest8 WHERE id BETWEEN 2122981 AND 2132980 ORDER BY c
	Unique  (cost=37334.42..37387.31 rows=10578 width=121)
	  ->  Sort  (cost=37334.42..37360.86 rows=10578 width=121)
	        Sort Key: c
	        ->  Bitmap Heap Scan on sbtest8  (cost=344.86..36627.34 rows=10578 width=121)
	              Recheck Cond: ((id >= 2122981) AND (id <= 2132980))
	              ->  Bitmap Index Scan on sbtest8_pkey  (cost=0.00..342.21 rows=10578 width=0)
	                    Index Cond: ((id >= 2122981) AND (id <= 2132980))

for: sum_ranges
table 1 : explain SELECT SUM(k) FROM sbtest1 WHERE id BETWEEN 5104566 AND 5114565
	Aggregate  (cost=33325.75..33325.76 rows=1 width=8)
	  ->  Bitmap Heap Scan on sbtest1  (cost=310.52..33301.82 rows=9569 width=4)
	        Recheck Cond: ((id >= 5104566) AND (id <= 5114565))
	        ->  Bitmap Index Scan on sbtest1_pkey  (cost=0.00..308.12 rows=9569 width=0)
	              Index Cond: ((id >= 5104566) AND (id <= 5114565))

table 2 : explain SELECT SUM(k) FROM sbtest2 WHERE id BETWEEN 1489167 AND 1499166
	Aggregate  (cost=37608.42..37608.43 rows=1 width=8)
	  ->  Bitmap Heap Scan on sbtest2  (cost=356.58..37581.07 rows=10941 width=4)
	        Recheck Cond: ((id >= 1489167) AND (id <= 1499166))
	        ->  Bitmap Index Scan on sbtest2_pkey  (cost=0.00..353.84 rows=10941 width=0)
	              Index Cond: ((id >= 1489167) AND (id <= 1499166))

table 3 : explain SELECT SUM(k) FROM sbtest3 WHERE id BETWEEN 8280262 AND 8290261
	Aggregate  (cost=34036.31..34036.32 rows=1 width=8)
	  ->  Bitmap Heap Scan on sbtest3  (cost=316.61..34011.88 rows=9773 width=4)
	        Recheck Cond: ((id >= 8280262) AND (id <= 8290261))
	        ->  Bitmap Index Scan on sbtest3_pkey  (cost=0.00..314.17 rows=9773 width=0)
	              Index Cond: ((id >= 8280262) AND (id <= 8290261))

table 4 : explain SELECT SUM(k) FROM sbtest4 WHERE id BETWEEN 8425673 AND 8435672
	Aggregate  (cost=32690.86..32690.87 rows=1 width=8)
	  ->  Bitmap Heap Scan on sbtest4  (cost=304.00..32667.55 rows=9323 width=4)
	        Recheck Cond: ((id >= 8425673) AND (id <= 8435672))
	        ->  Bitmap Index Scan on sbtest4_pkey  (cost=0.00..301.67 rows=9323 width=0)
	              Index Cond: ((id >= 8425673) AND (id <= 8435672))

table 5 : explain SELECT SUM(k) FROM sbtest5 WHERE id BETWEEN 6902282 AND 6912281
	Aggregate  (cost=34401.39..34401.40 rows=1 width=8)
	  ->  Bitmap Heap Scan on sbtest5  (cost=322.39..34376.52 rows=9947 width=4)
	        Recheck Cond: ((id >= 6902282) AND (id <= 6912281))
	        ->  Bitmap Index Scan on sbtest5_pkey  (cost=0.00..319.91 rows=9947 width=0)
	              Index Cond: ((id >= 6902282) AND (id <= 6912281))

table 6 : explain SELECT SUM(k) FROM sbtest6 WHERE id BETWEEN 5453981 AND 5463980
	Aggregate  (cost=31668.44..31668.45 rows=1 width=8)
	  ->  Bitmap Heap Scan on sbtest6  (cost=293.26..31645.80 rows=9056 width=4)
	        Recheck Cond: ((id >= 5453981) AND (id <= 5463980))
	        ->  Bitmap Index Scan on sbtest6_pkey  (cost=0.00..291.00 rows=9056 width=0)
	              Index Cond: ((id >= 5453981) AND (id <= 5463980))

table 7 : explain SELECT SUM(k) FROM sbtest7 WHERE id BETWEEN 4001141 AND 4011140
	Aggregate  (cost=33911.09..33911.10 rows=1 width=8)
	  ->  Bitmap Heap Scan on sbtest7  (cost=315.82..33886.85 rows=9696 width=4)
	        Recheck Cond: ((id >= 4001141) AND (id <= 4011140))
	        ->  Bitmap Index Scan on sbtest7_pkey  (cost=0.00..313.40 rows=9696 width=0)
	              Index Cond: ((id >= 4001141) AND (id <= 4011140))

table 8 : explain SELECT SUM(k) FROM sbtest8 WHERE id BETWEEN 6634380 AND 6644379
	Aggregate  (cost=33875.62..33875.63 rows=1 width=8)
	  ->  Bitmap Heap Scan on sbtest8  (cost=315.89..33851.37 rows=9703 width=4)
	        Recheck Cond: ((id >= 6634380) AND (id <= 6644379))
	        ->  Bitmap Index Scan on sbtest8_pkey  (cost=0.00..313.46 rows=9703 width=0)
	              Index Cond: ((id >= 6634380) AND (id <= 6644379))

for point_selects
table 1 : explain SELECT c FROM sbtest1 WHERE id=9948293
	Index Scan using sbtest1_pkey on sbtest1  (cost=0.43..8.45 rows=1 width=121)
	  Index Cond: (id = 9948293)

table 2 : explain SELECT c FROM sbtest2 WHERE id=8570866
	Index Scan using sbtest2_pkey on sbtest2  (cost=0.43..8.45 rows=1 width=121)
	  Index Cond: (id = 8570866)

table 3 : explain SELECT c FROM sbtest3 WHERE id=5907225
	Index Scan using sbtest3_pkey on sbtest3  (cost=0.43..8.45 rows=1 width=121)
	  Index Cond: (id = 5907225)

table 4 : explain SELECT c FROM sbtest4 WHERE id=6163199
	Index Scan using sbtest4_pkey on sbtest4  (cost=0.43..8.45 rows=1 width=121)
	  Index Cond: (id = 6163199)

table 5 : explain SELECT c FROM sbtest5 WHERE id=7426603
	Index Scan using sbtest5_pkey on sbtest5  (cost=0.43..8.45 rows=1 width=121)
	  Index Cond: (id = 7426603)

table 6 : explain SELECT c FROM sbtest6 WHERE id=4507666
	Index Scan using sbtest6_pkey on sbtest6  (cost=0.43..8.45 rows=1 width=121)
	  Index Cond: (id = 4507666)

table 7 : explain SELECT c FROM sbtest7 WHERE id=4881977
	Index Scan using sbtest7_pkey on sbtest7  (cost=0.43..8.45 rows=1 width=121)
	  Index Cond: (id = 4881977)

table 8 : explain SELECT c FROM sbtest8 WHERE id=3187048
	Index Scan using sbtest8_pkey on sbtest8  (cost=0.43..8.45 rows=1 width=121)
	  Index Cond: (id = 3187048)

for: distinct_ranges
table 1 : explain SELECT DISTINCT c FROM sbtest1 WHERE id BETWEEN 580116 AND 590115 ORDER BY c
	Unique  (cost=35134.60..35184.30 rows=9939 width=121)
	  ->  Sort  (cost=35134.60..35159.45 rows=9939 width=121)
	        Sort Key: c
	        ->  Bitmap Heap Scan on sbtest1  (cost=322.31..34474.71 rows=9939 width=121)
	              Recheck Cond: ((id >= 580116) AND (id <= 590115))
	              ->  Bitmap Index Scan on sbtest1_pkey  (cost=0.00..319.82 rows=9939 width=0)
	                    Index Cond: ((id >= 580116) AND (id <= 590115))

table 2 : explain SELECT DISTINCT c FROM sbtest2 WHERE id BETWEEN 9303668 AND 9313667 ORDER BY c
	Unique  (cost=32345.80..32391.26 rows=9092 width=121)
	  ->  Sort  (cost=32345.80..32368.53 rows=9092 width=121)
	        Sort Key: c
	        ->  Bitmap Heap Scan on sbtest2  (cost=293.63..31747.99 rows=9092 width=121)
	              Recheck Cond: ((id >= 9303668) AND (id <= 9313667))
	              ->  Bitmap Index Scan on sbtest2_pkey  (cost=0.00..291.36 rows=9092 width=0)
	                    Index Cond: ((id >= 9303668) AND (id <= 9313667))

table 3 : explain SELECT DISTINCT c FROM sbtest3 WHERE id BETWEEN 1628386 AND 1638385 ORDER BY c
	Unique  (cost=35099.18..35148.72 rows=9908 width=121)
	  ->  Sort  (cost=35099.18..35123.95 rows=9908 width=121)
	        Sort Key: c
	        ->  Bitmap Heap Scan on sbtest3  (cost=321.99..34441.57 rows=9908 width=121)
	              Recheck Cond: ((id >= 1628386) AND (id <= 1638385))
	              ->  Bitmap Index Scan on sbtest3_pkey  (cost=0.00..319.51 rows=9908 width=0)
	                    Index Cond: ((id >= 1628386) AND (id <= 1638385))

table 4 : explain SELECT DISTINCT c FROM sbtest4 WHERE id BETWEEN 6017919 AND 6027918 ORDER BY c
	Unique  (cost=35551.51..35601.60 rows=10017 width=121)
	  ->  Sort  (cost=35551.51..35576.55 rows=10017 width=121)
	        Sort Key: c
	        ->  Bitmap Heap Scan on sbtest4  (cost=323.11..34885.87 rows=10017 width=121)
	              Recheck Cond: ((id >= 6017919) AND (id <= 6027918))
	              ->  Bitmap Index Scan on sbtest4_pkey  (cost=0.00..320.61 rows=10017 width=0)
	                    Index Cond: ((id >= 6017919) AND (id <= 6027918))

table 5 : explain SELECT DISTINCT c FROM sbtest5 WHERE id BETWEEN 4534789 AND 4544788 ORDER BY c
	Unique  (cost=35726.03..35776.84 rows=10162 width=121)
	  ->  Sort  (cost=35726.03..35751.43 rows=10162 width=121)
	        Sort Key: c
	        ->  Bitmap Heap Scan on sbtest5  (cost=328.60..35049.70 rows=10162 width=121)
	              Recheck Cond: ((id >= 4534789) AND (id <= 4544788))
	              ->  Bitmap Index Scan on sbtest5_pkey  (cost=0.00..326.06 rows=10162 width=0)
	                    Index Cond: ((id >= 4534789) AND (id <= 4544788))

table 6 : explain SELECT DISTINCT c FROM sbtest6 WHERE id BETWEEN 3632082 AND 3642081 ORDER BY c
	Unique  (cost=37381.13..37434.35 rows=10645 width=121)
	  ->  Sort  (cost=37381.13..37407.74 rows=10645 width=121)
	        Sort Key: c
	        ->  Bitmap Heap Scan on sbtest6  (cost=345.55..36669.09 rows=10645 width=121)
	              Recheck Cond: ((id >= 3632082) AND (id <= 3642081))
	              ->  Bitmap Index Scan on sbtest6_pkey  (cost=0.00..342.88 rows=10645 width=0)
	                    Index Cond: ((id >= 3632082) AND (id <= 3642081))

table 7 : explain SELECT DISTINCT c FROM sbtest7 WHERE id BETWEEN 6454799 AND 6464798 ORDER BY c
	Unique  (cost=40364.14..40421.64 rows=11500 width=121)
	  ->  Sort  (cost=40364.14..40392.89 rows=11500 width=121)
	        Sort Key: c
	        ->  Bitmap Heap Scan on sbtest7  (cost=374.31..39588.51 rows=11500 width=121)
	              Recheck Cond: ((id >= 6454799) AND (id <= 6464798))
	              ->  Bitmap Index Scan on sbtest7_pkey  (cost=0.00..371.44 rows=11500 width=0)
	                    Index Cond: ((id >= 6454799) AND (id <= 6464798))

table 8 : explain SELECT DISTINCT c FROM sbtest8 WHERE id BETWEEN 1970517 AND 1980516 ORDER BY c
	Unique  (cost=33154.18..33200.65 rows=9294 width=121)
	  ->  Sort  (cost=33154.18..33177.41 rows=9294 width=121)
	        Sort Key: c
	        ->  Bitmap Heap Scan on sbtest8  (cost=303.70..32541.61 rows=9294 width=121)
	              Recheck Cond: ((id >= 1970517) AND (id <= 1980516))
	              ->  Bitmap Index Scan on sbtest8_pkey  (cost=0.00..301.38 rows=9294 width=0)
	                    Index Cond: ((id >= 1970517) AND (id <= 1980516))

for: sum_ranges
table 1 : explain SELECT SUM(k) FROM sbtest1 WHERE id BETWEEN 8203169 AND 8213168
	Aggregate  (cost=31169.04..31169.05 rows=1 width=8)
	  ->  Bitmap Heap Scan on sbtest1  (cost=287.61..31146.80 rows=8895 width=4)
	        Recheck Cond: ((id >= 8203169) AND (id <= 8213168))
	        ->  Bitmap Index Scan on sbtest1_pkey  (cost=0.00..285.38 rows=8895 width=0)
	              Index Cond: ((id >= 8203169) AND (id <= 8213168))

table 2 : explain SELECT SUM(k) FROM sbtest2 WHERE id BETWEEN 8861390 AND 8871389
	Aggregate  (cost=37473.30..37473.31 rows=1 width=8)
	  ->  Bitmap Heap Scan on sbtest2  (cost=352.15..37446.06 rows=10899 width=4)
	        Recheck Cond: ((id >= 8861390) AND (id <= 8871389))
	        ->  Bitmap Index Scan on sbtest2_pkey  (cost=0.00..349.43 rows=10899 width=0)
	              Index Cond: ((id >= 8861390) AND (id <= 8871389))

table 3 : explain SELECT SUM(k) FROM sbtest3 WHERE id BETWEEN 7459735 AND 7469734
	Aggregate  (cost=35106.49..35106.50 rows=1 width=8)
	  ->  Bitmap Heap Scan on sbtest3  (cost=328.06..35081.21 rows=10110 width=4)
	        Recheck Cond: ((id >= 7459735) AND (id <= 7469734))
	        ->  Bitmap Index Scan on sbtest3_pkey  (cost=0.00..325.54 rows=10110 width=0)
	              Index Cond: ((id >= 7459735) AND (id <= 7469734))

table 4 : explain SELECT SUM(k) FROM sbtest4 WHERE id BETWEEN 3228564 AND 3238563
	Aggregate  (cost=34254.55..34254.56 rows=1 width=8)
	  ->  Bitmap Heap Scan on sbtest4  (cost=317.00..34230.02 rows=9811 width=4)
	        Recheck Cond: ((id >= 3228564) AND (id <= 3238563))
	        ->  Bitmap Index Scan on sbtest4_pkey  (cost=0.00..314.55 rows=9811 width=0)
	              Index Cond: ((id >= 3228564) AND (id <= 3238563))

table 5 : explain SELECT SUM(k) FROM sbtest5 WHERE id BETWEEN 6600328 AND 6610327
	Aggregate  (cost=35065.46..35065.47 rows=1 width=8)
	  ->  Bitmap Heap Scan on sbtest5  (cost=328.56..35040.06 rows=10159 width=4)
	        Recheck Cond: ((id >= 6600328) AND (id <= 6610327))
	        ->  Bitmap Index Scan on sbtest5_pkey  (cost=0.00..326.03 rows=10159 width=0)
	              Index Cond: ((id >= 6600328) AND (id <= 6610327))

table 6 : explain SELECT SUM(k) FROM sbtest6 WHERE id BETWEEN 1907582 AND 1917581
	Aggregate  (cost=33057.81..33057.82 rows=1 width=8)
	  ->  Bitmap Heap Scan on sbtest6  (cost=309.72..33034.08 rows=9491 width=4)
	        Recheck Cond: ((id >= 1907582) AND (id <= 1917581))
	        ->  Bitmap Index Scan on sbtest6_pkey  (cost=0.00..307.34 rows=9491 width=0)
	              Index Cond: ((id >= 1907582) AND (id <= 1917581))

table 7 : explain SELECT SUM(k) FROM sbtest7 WHERE id BETWEEN 1651960 AND 1661959
	Aggregate  (cost=35970.95..35970.96 rows=1 width=8)
	  ->  Bitmap Heap Scan on sbtest7  (cost=334.45..35945.09 rows=10343 width=4)
	        Recheck Cond: ((id >= 1651960) AND (id <= 1661959))
	        ->  Bitmap Index Scan on sbtest7_pkey  (cost=0.00..331.87 rows=10343 width=0)
	              Index Cond: ((id >= 1651960) AND (id <= 1661959))

table 8 : explain SELECT SUM(k) FROM sbtest8 WHERE id BETWEEN 2229899 AND 2239898
	Aggregate  (cost=34776.10..34776.11 rows=1 width=8)
	  ->  Bitmap Heap Scan on sbtest8  (cost=322.79..34751.14 rows=9986 width=4)
	        Recheck Cond: ((id >= 2229899) AND (id <= 2239898))
	        ->  Bitmap Index Scan on sbtest8_pkey  (cost=0.00..320.30 rows=9986 width=0)
	              Index Cond: ((id >= 2229899) AND (id <= 2239898))

for: sum_ranges
table 1 : explain SELECT SUM(k) FROM sbtest1 WHERE id BETWEEN 9163473 AND 9173472
	Aggregate  (cost=33420.12..33420.13 rows=1 width=8)
	  ->  Bitmap Heap Scan on sbtest1  (cost=310.82..33396.12 rows=9599 width=4)
	        Recheck Cond: ((id >= 9163473) AND (id <= 9173472))
	        ->  Bitmap Index Scan on sbtest1_pkey  (cost=0.00..308.43 rows=9599 width=0)
	              Index Cond: ((id >= 9163473) AND (id <= 9173472))

table 2 : explain SELECT SUM(k) FROM sbtest2 WHERE id BETWEEN 6929161 AND 6939160
	Aggregate  (cost=33298.64..33298.65 rows=1 width=8)
	  ->  Bitmap Heap Scan on sbtest2  (cost=310.54..33274.71 rows=9571 width=4)
	        Recheck Cond: ((id >= 6929161) AND (id <= 6939160))
	        ->  Bitmap Index Scan on sbtest2_pkey  (cost=0.00..308.15 rows=9571 width=0)
	              Index Cond: ((id >= 6929161) AND (id <= 6939160))

table 3 : explain SELECT SUM(k) FROM sbtest3 WHERE id BETWEEN 992855 AND 1002854
	Aggregate  (cost=35028.67..35028.68 rows=1 width=8)
	  ->  Bitmap Heap Scan on sbtest3  (cost=327.81..35003.45 rows=10085 width=4)
	        Recheck Cond: ((id >= 992855) AND (id <= 1002854))
	        ->  Bitmap Index Scan on sbtest3_pkey  (cost=0.00..325.29 rows=10085 width=0)
	              Index Cond: ((id >= 992855) AND (id <= 1002854))

table 4 : explain SELECT SUM(k) FROM sbtest4 WHERE id BETWEEN 1010018 AND 1020017
	Aggregate  (cost=37204.49..37204.50 rows=1 width=8)
	  ->  Bitmap Heap Scan on sbtest4  (cost=346.53..37177.64 rows=10741 width=4)
	        Recheck Cond: ((id >= 1010018) AND (id <= 1020017))
	        ->  Bitmap Index Scan on sbtest4_pkey  (cost=0.00..343.84 rows=10741 width=0)
	              Index Cond: ((id >= 1010018) AND (id <= 1020017))

table 5 : explain SELECT SUM(k) FROM sbtest5 WHERE id BETWEEN 5072646 AND 5082645
	Aggregate  (cost=35139.42..35139.43 rows=1 width=8)
	  ->  Bitmap Heap Scan on sbtest5  (cost=328.81..35113.96 rows=10183 width=4)
	        Recheck Cond: ((id >= 5072646) AND (id <= 5082645))
	        ->  Bitmap Index Scan on sbtest5_pkey  (cost=0.00..326.26 rows=10183 width=0)
	              Index Cond: ((id >= 5072646) AND (id <= 5082645))

table 6 : explain SELECT SUM(k) FROM sbtest6 WHERE id BETWEEN 336064 AND 346063
	Aggregate  (cost=32724.83..32724.84 rows=1 width=8)
	  ->  Bitmap Heap Scan on sbtest6  (cost=304.65..32701.36 rows=9387 width=4)
	        Recheck Cond: ((id >= 336064) AND (id <= 346063))
	        ->  Bitmap Index Scan on sbtest6_pkey  (cost=0.00..302.31 rows=9387 width=0)
	              Index Cond: ((id >= 336064) AND (id <= 346063))

table 7 : explain SELECT SUM(k) FROM sbtest7 WHERE id BETWEEN 2865964 AND 2875963
	Aggregate  (cost=34794.15..34794.16 rows=1 width=8)
	  ->  Bitmap Heap Scan on sbtest7  (cost=322.66..34769.22 rows=9973 width=4)
	        Recheck Cond: ((id >= 2865964) AND (id <= 2875963))
	        ->  Bitmap Index Scan on sbtest7_pkey  (cost=0.00..320.17 rows=9973 width=0)
	              Index Cond: ((id >= 2865964) AND (id <= 2875963))

table 8 : explain SELECT SUM(k) FROM sbtest8 WHERE id BETWEEN 402949 AND 412948
	Aggregate  (cost=33620.08..33620.09 rows=1 width=8)
	  ->  Bitmap Heap Scan on sbtest8  (cost=311.08..33596.02 rows=9624 width=4)
	        Recheck Cond: ((id >= 402949) AND (id <= 412948))
	        ->  Bitmap Index Scan on sbtest8_pkey  (cost=0.00..308.68 rows=9624 width=0)
	              Index Cond: ((id >= 402949) AND (id <= 412948))

for: distinct_ranges
table 1 : explain SELECT DISTINCT c FROM sbtest1 WHERE id BETWEEN 2006644 AND 2016643 ORDER BY c
	Unique  (cost=35473.04..35523.26 rows=10043 width=121)
	  ->  Sort  (cost=35473.04..35498.15 rows=10043 width=121)
	        Sort Key: c
	        ->  Bitmap Heap Scan on sbtest1  (cost=327.38..34805.49 rows=10043 width=121)
	              Recheck Cond: ((id >= 2006644) AND (id <= 2016643))
	              ->  Bitmap Index Scan on sbtest1_pkey  (cost=0.00..324.87 rows=10043 width=0)
	                    Index Cond: ((id >= 2006644) AND (id <= 2016643))

table 2 : explain SELECT DISTINCT c FROM sbtest2 WHERE id BETWEEN 3450203 AND 3460202 ORDER BY c
	Unique  (cost=33684.81..33732.32 rows=9502 width=121)
	  ->  Sort  (cost=33684.81..33708.57 rows=9502 width=121)
	        Sort Key: c
	        ->  Bitmap Heap Scan on sbtest2  (cost=309.83..33057.01 rows=9502 width=121)
	              Recheck Cond: ((id >= 3450203) AND (id <= 3460202))
	              ->  Bitmap Index Scan on sbtest2_pkey  (cost=0.00..307.45 rows=9502 width=0)
	                    Index Cond: ((id >= 3450203) AND (id <= 3460202))

table 3 : explain SELECT DISTINCT c FROM sbtest3 WHERE id BETWEEN 7252820 AND 7262819 ORDER BY c
	Unique  (cost=33079.07..33125.52 rows=9289 width=121)
	  ->  Sort  (cost=33079.07..33102.30 rows=9289 width=121)
	        Sort Key: c
	        ->  Bitmap Heap Scan on sbtest3  (cost=299.65..32466.87 rows=9289 width=121)
	              Recheck Cond: ((id >= 7252820) AND (id <= 7262819))
	              ->  Bitmap Index Scan on sbtest3_pkey  (cost=0.00..297.32 rows=9289 width=0)
	                    Index Cond: ((id >= 7252820) AND (id <= 7262819))

table 4 : explain SELECT DISTINCT c FROM sbtest4 WHERE id BETWEEN 8843436 AND 8853435 ORDER BY c
	Unique  (cost=36054.81..36105.67 rows=10172 width=121)
	  ->  Sort  (cost=36054.81..36080.24 rows=10172 width=121)
	        Sort Key: c
	        ->  Bitmap Heap Scan on sbtest4  (cost=328.70..35377.75 rows=10172 width=121)
	              Recheck Cond: ((id >= 8843436) AND (id <= 8853435))
	              ->  Bitmap Index Scan on sbtest4_pkey  (cost=0.00..326.16 rows=10172 width=0)
	                    Index Cond: ((id >= 8843436) AND (id <= 8853435))

table 5 : explain SELECT DISTINCT c FROM sbtest5 WHERE id BETWEEN 4516407 AND 4526406 ORDER BY c
	Unique  (cost=34356.25..34404.93 rows=9736 width=121)
	  ->  Sort  (cost=34356.25..34380.59 rows=9736 width=121)
	        Sort Key: c
	        ->  Bitmap Heap Scan on sbtest5  (cost=316.23..33711.28 rows=9736 width=121)
	              Recheck Cond: ((id >= 4516407) AND (id <= 4526406))
	              ->  Bitmap Index Scan on sbtest5_pkey  (cost=0.00..313.80 rows=9736 width=0)
	                    Index Cond: ((id >= 4516407) AND (id <= 4526406))

table 6 : explain SELECT DISTINCT c FROM sbtest6 WHERE id BETWEEN 5281856 AND 5291855 ORDER BY c
	Unique  (cost=32843.10..32889.30 rows=9240 width=121)
	  ->  Sort  (cost=32843.10..32866.20 rows=9240 width=121)
	        Sort Key: c
	        ->  Bitmap Heap Scan on sbtest6  (cost=299.14..32234.47 rows=9240 width=121)
	              Recheck Cond: ((id >= 5281856) AND (id <= 5291855))
	              ->  Bitmap Index Scan on sbtest6_pkey  (cost=0.00..296.83 rows=9240 width=0)
	                    Index Cond: ((id >= 5281856) AND (id <= 5291855))

table 7 : explain SELECT DISTINCT c FROM sbtest7 WHERE id BETWEEN 1721421 AND 1731420 ORDER BY c
	Unique  (cost=34180.02..34227.97 rows=9590 width=121)
	  ->  Sort  (cost=34180.02..34203.99 rows=9590 width=121)
	        Sort Key: c
	        ->  Bitmap Heap Scan on sbtest7  (cost=310.73..33545.77 rows=9590 width=121)
	              Recheck Cond: ((id >= 1721421) AND (id <= 1731420))
	              ->  Bitmap Index Scan on sbtest7_pkey  (cost=0.00..308.33 rows=9590 width=0)
	                    Index Cond: ((id >= 1721421) AND (id <= 1731420))

table 8 : explain SELECT DISTINCT c FROM sbtest8 WHERE id BETWEEN 3677547 AND 3687546 ORDER BY c
	Unique  (cost=34988.20..35037.47 rows=9854 width=121)
	  ->  Sort  (cost=34988.20..35012.84 rows=9854 width=121)
	        Sort Key: c
	        ->  Bitmap Heap Scan on sbtest8  (cost=321.44..34334.56 rows=9854 width=121)
	              Recheck Cond: ((id >= 3677547) AND (id <= 3687546))
	              ->  Bitmap Index Scan on sbtest8_pkey  (cost=0.00..318.98 rows=9854 width=0)
	                    Index Cond: ((id >= 3677547) AND (id <= 3687546))

explain: for point_selects :: explain SELECT c FROM sbtest%u WHERE id=%u
for: sum_ranges
table 1 : explain SELECT SUM(k) FROM sbtest1 WHERE id BETWEEN 8942191 AND 8952190
	Aggregate  (cost=34742.44..34742.45 rows=1 width=8)
	  ->  Bitmap Heap Scan on sbtest1  (cost=323.10..34717.40 rows=10016 width=4)
	        Recheck Cond: ((id >= 8942191) AND (id <= 8952190))
	        ->  Bitmap Index Scan on sbtest1_pkey  (cost=0.00..320.59 rows=10016 width=0)
	              Index Cond: ((id >= 8942191) AND (id <= 8952190))

table 2 : explain SELECT SUM(k) FROM sbtest2 WHERE id BETWEEN 3596314 AND 3606313
	Aggregate  (cost=36134.33..36134.34 rows=1 width=8)
	  ->  Bitmap Heap Scan on sbtest2  (cost=339.75..36108.15 rows=10470 width=4)
	        Recheck Cond: ((id >= 3596314) AND (id <= 3606313))
	        ->  Bitmap Index Scan on sbtest2_pkey  (cost=0.00..337.13 rows=10470 width=0)
	              Index Cond: ((id >= 3596314) AND (id <= 3606313))

table 3 : explain SELECT SUM(k) FROM sbtest3 WHERE id BETWEEN 9432122 AND 9442121
	Aggregate  (cost=34515.07..34515.08 rows=1 width=8)
	  ->  Bitmap Heap Scan on sbtest3  (cost=322.15..34490.26 rows=9923 width=4)
	        Recheck Cond: ((id >= 9432122) AND (id <= 9442121))
	        ->  Bitmap Index Scan on sbtest3_pkey  (cost=0.00..319.67 rows=9923 width=0)
	              Index Cond: ((id >= 9432122) AND (id <= 9442121))

table 4 : explain SELECT SUM(k) FROM sbtest4 WHERE id BETWEEN 2013350 AND 2023349
	Aggregate  (cost=33324.76..33324.77 rows=1 width=8)
	  ->  Bitmap Heap Scan on sbtest4  (cost=310.01..33300.96 rows=9520 width=4)
	        Recheck Cond: ((id >= 2013350) AND (id <= 2023349))
	        ->  Bitmap Index Scan on sbtest4_pkey  (cost=0.00..307.63 rows=9520 width=0)
	              Index Cond: ((id >= 2013350) AND (id <= 2023349))

table 5 : explain SELECT SUM(k) FROM sbtest5 WHERE id BETWEEN 8449973 AND 8459972
	Aggregate  (cost=35756.71..35756.72 rows=1 width=8)
	  ->  Bitmap Heap Scan on sbtest5  (cost=334.84..35730.76 rows=10381 width=4)
	        Recheck Cond: ((id >= 8449973) AND (id <= 8459972))
	        ->  Bitmap Index Scan on sbtest5_pkey  (cost=0.00..332.25 rows=10381 width=0)
	              Index Cond: ((id >= 8449973) AND (id <= 8459972))

table 6 : explain SELECT SUM(k) FROM sbtest6 WHERE id BETWEEN 2610739 AND 2620738
	Aggregate  (cost=35270.60..35270.61 rows=1 width=8)
	  ->  Bitmap Heap Scan on sbtest6  (cost=328.89..35245.12 rows=10191 width=4)
	        Recheck Cond: ((id >= 2610739) AND (id <= 2620738))
	        ->  Bitmap Index Scan on sbtest6_pkey  (cost=0.00..326.34 rows=10191 width=0)
	              Index Cond: ((id >= 2610739) AND (id <= 2620738))

table 7 : explain SELECT SUM(k) FROM sbtest7 WHERE id BETWEEN 7439556 AND 7449555
	Aggregate  (cost=35085.12..35085.13 rows=1 width=8)
	  ->  Bitmap Heap Scan on sbtest7  (cost=327.59..35059.96 rows=10064 width=4)
	        Recheck Cond: ((id >= 7439556) AND (id <= 7449555))
	        ->  Bitmap Index Scan on sbtest7_pkey  (cost=0.00..325.07 rows=10064 width=0)
	              Index Cond: ((id >= 7439556) AND (id <= 7449555))

table 8 : explain SELECT SUM(k) FROM sbtest8 WHERE id BETWEEN 7547515 AND 7557514
	Aggregate  (cost=37190.59..37190.60 rows=1 width=8)
	  ->  Bitmap Heap Scan on sbtest8  (cost=350.60..37163.72 rows=10748 width=4)
	        Recheck Cond: ((id >= 7547515) AND (id <= 7557514))
	        ->  Bitmap Index Scan on sbtest8_pkey  (cost=0.00..347.92 rows=10748 width=0)
	              Index Cond: ((id >= 7547515) AND (id <= 7557514))

for: order_ranges
table 1 : explain SELECT c FROM sbtest1 WHERE id BETWEEN 8624208 AND 8634207 ORDER BY c
	Sort  (cost=34609.89..34634.34 rows=9777 width=121)
	  Sort Key: c
	  ->  Bitmap Heap Scan on sbtest1  (cost=316.65..33961.91 rows=9777 width=121)
	        Recheck Cond: ((id >= 8624208) AND (id <= 8634207))
	        ->  Bitmap Index Scan on sbtest1_pkey  (cost=0.00..314.20 rows=9777 width=0)
	              Index Cond: ((id >= 8624208) AND (id <= 8634207))

table 2 : explain SELECT c FROM sbtest2 WHERE id BETWEEN 1794550 AND 1804549 ORDER BY c
	Sort  (cost=32151.85..32174.43 rows=9032 width=121)
	  Sort Key: c
	  ->  Bitmap Heap Scan on sbtest2  (cost=293.01..31558.41 rows=9032 width=121)
	        Recheck Cond: ((id >= 1794550) AND (id <= 1804549))
	        ->  Bitmap Index Scan on sbtest2_pkey  (cost=0.00..290.75 rows=9032 width=0)
	              Index Cond: ((id >= 1794550) AND (id <= 1804549))

table 3 : explain SELECT c FROM sbtest3 WHERE id BETWEEN 4725926 AND 4735925 ORDER BY c
	Sort  (cost=33852.41..33876.23 rows=9525 width=121)
	  Sort Key: c
	  ->  Bitmap Heap Scan on sbtest3  (cost=310.07..33222.93 rows=9525 width=121)
	        Recheck Cond: ((id >= 4725926) AND (id <= 4735925))
	        ->  Bitmap Index Scan on sbtest3_pkey  (cost=0.00..307.69 rows=9525 width=0)
	              Index Cond: ((id >= 4725926) AND (id <= 4735925))

table 4 : explain SELECT c FROM sbtest4 WHERE id BETWEEN 2884944 AND 2894943 ORDER BY c
	Sort  (cost=32450.50..32473.17 rows=9071 width=121)
	  Sort Key: c
	  ->  Bitmap Heap Scan on sbtest4  (cost=293.41..31854.21 rows=9071 width=121)
	        Recheck Cond: ((id >= 2884944) AND (id <= 2894943))
	        ->  Bitmap Index Scan on sbtest4_pkey  (cost=0.00..291.15 rows=9071 width=0)
	              Index Cond: ((id >= 2884944) AND (id <= 2894943))

table 5 : explain SELECT c FROM sbtest5 WHERE id BETWEEN 5791705 AND 5801704 ORDER BY c
	Sort  (cost=32849.24..32872.42 rows=9271 width=121)
	  Sort Key: c
	  ->  Bitmap Heap Scan on sbtest5  (cost=299.46..32238.35 rows=9271 width=121)
	        Recheck Cond: ((id >= 5791705) AND (id <= 5801704))
	        ->  Bitmap Index Scan on sbtest5_pkey  (cost=0.00..297.15 rows=9271 width=0)
	              Index Cond: ((id >= 5791705) AND (id <= 5801704))

table 6 : explain SELECT c FROM sbtest6 WHERE id BETWEEN 6198955 AND 6208954 ORDER BY c
	Sort  (cost=33754.25..33778.05 rows=9520 width=121)
	  Sort Key: c
	  ->  Bitmap Heap Scan on sbtest6  (cost=310.01..33125.14 rows=9520 width=121)
	        Recheck Cond: ((id >= 6198955) AND (id <= 6208954))
	        ->  Bitmap Index Scan on sbtest6_pkey  (cost=0.00..307.63 rows=9520 width=0)
	              Index Cond: ((id >= 6198955) AND (id <= 6208954))

table 7 : explain SELECT c FROM sbtest7 WHERE id BETWEEN 5064022 AND 5074021 ORDER BY c
	Sort  (cost=35845.67..35870.92 rows=10100 width=121)
	  Sort Key: c
	  ->  Bitmap Heap Scan on sbtest7  (cost=327.96..35173.92 rows=10100 width=121)
	        Recheck Cond: ((id >= 5064022) AND (id <= 5074021))
	        ->  Bitmap Index Scan on sbtest7_pkey  (cost=0.00..325.44 rows=10100 width=0)
	              Index Cond: ((id >= 5064022) AND (id <= 5074021))

table 8 : explain SELECT c FROM sbtest8 WHERE id BETWEEN 6094473 AND 6104472 ORDER BY c
	Sort  (cost=34991.53..35016.17 rows=9855 width=121)
	  Sort Key: c
	  ->  Bitmap Heap Scan on sbtest8  (cost=321.45..34337.82 rows=9855 width=121)
	        Recheck Cond: ((id >= 6094473) AND (id <= 6104472))
	        ->  Bitmap Index Scan on sbtest8_pkey  (cost=0.00..318.99 rows=9855 width=0)
	              Index Cond: ((id >= 6094473) AND (id <= 6104472))

for: simple_ranges
table 1 : explain SELECT c FROM sbtest1 WHERE id BETWEEN 1242929 AND 1252928
	Bitmap Heap Scan on sbtest1  (cost=322.90..34655.95 rows=9997 width=121)
	  Recheck Cond: ((id >= 1242929) AND (id <= 1252928))
	  ->  Bitmap Index Scan on sbtest1_pkey  (cost=0.00..320.41 rows=9997 width=0)
	        Index Cond: ((id >= 1242929) AND (id <= 1252928))

table 2 : explain SELECT c FROM sbtest2 WHERE id BETWEEN 5661336 AND 5671335
	Bitmap Heap Scan on sbtest2  (cost=310.31..33206.49 rows=9549 width=121)
	  Recheck Cond: ((id >= 5661336) AND (id <= 5671335))
	  ->  Bitmap Index Scan on sbtest2_pkey  (cost=0.00..307.93 rows=9549 width=0)
	        Index Cond: ((id >= 5661336) AND (id <= 5671335))

table 3 : explain SELECT c FROM sbtest3 WHERE id BETWEEN 5165504 AND 5175503
	Bitmap Heap Scan on sbtest3  (cost=322.05..34461.05 rows=9914 width=121)
	  Recheck Cond: ((id >= 5165504) AND (id <= 5175503))
	  ->  Bitmap Index Scan on sbtest3_pkey  (cost=0.00..319.57 rows=9914 width=0)
	        Index Cond: ((id >= 5165504) AND (id <= 5175503))

table 4 : explain SELECT c FROM sbtest4 WHERE id BETWEEN 8099286 AND 8109285
	Bitmap Heap Scan on sbtest4  (cost=315.72..33831.64 rows=9686 width=121)
	  Recheck Cond: ((id >= 8099286) AND (id <= 8109285))
	  ->  Bitmap Index Scan on sbtest4_pkey  (cost=0.00..313.30 rows=9686 width=0)
	        Index Cond: ((id >= 8099286) AND (id <= 8109285))

table 5 : explain SELECT c FROM sbtest5 WHERE id BETWEEN 8571010 AND 8581009
	Bitmap Heap Scan on sbtest5  (cost=310.83..33280.58 rows=9600 width=121)
	  Recheck Cond: ((id >= 8571010) AND (id <= 8581009))
	  ->  Bitmap Index Scan on sbtest5_pkey  (cost=0.00..308.44 rows=9600 width=0)
	        Index Cond: ((id >= 8571010) AND (id <= 8581009))

table 6 : explain SELECT c FROM sbtest6 WHERE id BETWEEN 4619434 AND 4629433
	Bitmap Heap Scan on sbtest6  (cost=345.88..36771.71 rows=10678 width=121)
	  Recheck Cond: ((id >= 4619434) AND (id <= 4629433))
	  ->  Bitmap Index Scan on sbtest6_pkey  (cost=0.00..343.21 rows=10678 width=0)
	        Index Cond: ((id >= 4619434) AND (id <= 4629433))

table 7 : explain SELECT c FROM sbtest7 WHERE id BETWEEN 6087653 AND 6097652
	Bitmap Heap Scan on sbtest7  (cost=298.85..32326.71 rows=9211 width=121)
	  Recheck Cond: ((id >= 6087653) AND (id <= 6097652))
	  ->  Bitmap Index Scan on sbtest7_pkey  (cost=0.00..296.55 rows=9211 width=0)
	        Index Cond: ((id >= 6087653) AND (id <= 6097652))

table 8 : explain SELECT c FROM sbtest8 WHERE id BETWEEN 1710466 AND 1720465
	Bitmap Heap Scan on sbtest8  (cost=309.76..33187.46 rows=9495 width=121)
	  Recheck Cond: ((id >= 1710466) AND (id <= 1720465))
	  ->  Bitmap Index Scan on sbtest8_pkey  (cost=0.00..307.38 rows=9495 width=0)
	        Index Cond: ((id >= 1710466) AND (id <= 1720465))

explain: for point_selects :: explain SELECT c FROM sbtest%u WHERE id=%u
for: order_ranges
table 1 : explain SELECT c FROM sbtest1 WHERE id BETWEEN 7362991 AND 7372990 ORDER BY c
	Sort  (cost=35618.68..35643.91 rows=10089 width=121)
	  Sort Key: c
	  ->  Bitmap Heap Scan on sbtest1  (cost=327.85..34947.74 rows=10089 width=121)
	        Recheck Cond: ((id >= 7362991) AND (id <= 7372990))
	        ->  Bitmap Index Scan on sbtest1_pkey  (cost=0.00..325.32 rows=10089 width=0)
	              Index Cond: ((id >= 7362991) AND (id <= 7372990))

table 2 : explain SELECT c FROM sbtest2 WHERE id BETWEEN 4615161 AND 4625160 ORDER BY c
	Sort  (cost=35754.57..35779.92 rows=10142 width=121)
	  Sort Key: c
	  ->  Bitmap Heap Scan on sbtest2  (cost=328.39..35079.72 rows=10142 width=121)
	        Recheck Cond: ((id >= 4615161) AND (id <= 4625160))
	        ->  Bitmap Index Scan on sbtest2_pkey  (cost=0.00..325.86 rows=10142 width=0)
	              Index Cond: ((id >= 4615161) AND (id <= 4625160))

table 3 : explain SELECT c FROM sbtest3 WHERE id BETWEEN 7696451 AND 7706450 ORDER BY c
	Sort  (cost=33557.87..33581.45 rows=9435 width=121)
	  Sort Key: c
	  ->  Bitmap Heap Scan on sbtest3  (cost=305.14..32934.98 rows=9435 width=121)
	        Recheck Cond: ((id >= 7696451) AND (id <= 7706450))
	        ->  Bitmap Index Scan on sbtest3_pkey  (cost=0.00..302.79 rows=9435 width=0)
	              Index Cond: ((id >= 7696451) AND (id <= 7706450))

table 4 : explain SELECT c FROM sbtest4 WHERE id BETWEEN 4758022 AND 4768021 ORDER BY c
	Sort  (cost=36291.50..36317.11 rows=10244 width=121)
	  Sort Key: c
	  ->  Bitmap Heap Scan on sbtest4  (cost=333.44..35609.12 rows=10244 width=121)
	        Recheck Cond: ((id >= 4758022) AND (id <= 4768021))
	        ->  Bitmap Index Scan on sbtest4_pkey  (cost=0.00..330.88 rows=10244 width=0)
	              Index Cond: ((id >= 4758022) AND (id <= 4768021))

table 5 : explain SELECT c FROM sbtest5 WHERE id BETWEEN 7715670 AND 7725669 ORDER BY c
	Sort  (cost=35261.22..35286.26 rows=10018 width=121)
	  Sort Key: c
	  ->  Bitmap Heap Scan on sbtest5  (cost=323.12..34595.51 rows=10018 width=121)
	        Recheck Cond: ((id >= 7715670) AND (id <= 7725669))
	        ->  Bitmap Index Scan on sbtest5_pkey  (cost=0.00..320.62 rows=10018 width=0)
	              Index Cond: ((id >= 7715670) AND (id <= 7725669))

table 6 : explain SELECT c FROM sbtest6 WHERE id BETWEEN 5609911 AND 5619910 ORDER BY c
	Sort  (cost=35298.29..35323.28 rows=9997 width=121)
	  Sort Key: c
	  ->  Bitmap Heap Scan on sbtest6  (cost=322.90..34634.12 rows=9997 width=121)
	        Recheck Cond: ((id >= 5609911) AND (id <= 5619910))
	        ->  Bitmap Index Scan on sbtest6_pkey  (cost=0.00..320.41 rows=9997 width=0)
	              Index Cond: ((id >= 5609911) AND (id <= 5619910))

table 7 : explain SELECT c FROM sbtest7 WHERE id BETWEEN 7293057 AND 7303056 ORDER BY c
	Sort  (cost=33569.03..33592.54 rows=9404 width=121)
	  Sort Key: c
	  ->  Bitmap Heap Scan on sbtest7  (cost=304.83..32948.41 rows=9404 width=121)
	        Recheck Cond: ((id >= 7293057) AND (id <= 7303056))
	        ->  Bitmap Index Scan on sbtest7_pkey  (cost=0.00..302.48 rows=9404 width=0)
	              Index Cond: ((id >= 7293057) AND (id <= 7303056))

table 8 : explain SELECT c FROM sbtest8 WHERE id BETWEEN 3076301 AND 3086300 ORDER BY c
	Sort  (cost=34393.73..34417.91 rows=9672 width=121)
	  Sort Key: c
	  ->  Bitmap Heap Scan on sbtest8  (cost=315.57..33753.46 rows=9672 width=121)
	        Recheck Cond: ((id >= 3076301) AND (id <= 3086300))
	        ->  Bitmap Index Scan on sbtest8_pkey  (cost=0.00..313.16 rows=9672 width=0)
	              Index Cond: ((id >= 3076301) AND (id <= 3086300))

for: order_ranges
table 1 : explain SELECT c FROM sbtest1 WHERE id BETWEEN 7854027 AND 7864026 ORDER BY c
	Sort  (cost=33764.73..33788.52 rows=9516 width=121)
	  Sort Key: c
	  ->  Bitmap Heap Scan on sbtest1  (cost=309.97..33135.90 rows=9516 width=121)
	        Recheck Cond: ((id >= 7854027) AND (id <= 7864026))
	        ->  Bitmap Index Scan on sbtest1_pkey  (cost=0.00..307.59 rows=9516 width=0)
	              Index Cond: ((id >= 7854027) AND (id <= 7864026))

table 2 : explain SELECT c FROM sbtest2 WHERE id BETWEEN 9546047 AND 9556046 ORDER BY c
	Sort  (cost=35889.86..35915.32 rows=10184 width=121)
	  Sort Key: c
	  ->  Bitmap Heap Scan on sbtest2  (cost=328.82..35211.91 rows=10184 width=121)
	        Recheck Cond: ((id >= 9546047) AND (id <= 9556046))
	        ->  Bitmap Index Scan on sbtest2_pkey  (cost=0.00..326.28 rows=10184 width=0)
	              Index Cond: ((id >= 9546047) AND (id <= 9556046))

table 3 : explain SELECT c FROM sbtest3 WHERE id BETWEEN 8645284 AND 8655283 ORDER BY c
	Sort  (cost=36731.40..36757.43 rows=10412 width=121)
	  Sort Key: c
	  ->  Bitmap Heap Scan on sbtest3  (cost=339.16..36036.61 rows=10412 width=121)
	        Recheck Cond: ((id >= 8645284) AND (id <= 8655283))
	        ->  Bitmap Index Scan on sbtest3_pkey  (cost=0.00..336.56 rows=10412 width=0)
	              Index Cond: ((id >= 8645284) AND (id <= 8655283))

table 4 : explain SELECT c FROM sbtest4 WHERE id BETWEEN 3947551 AND 3957550 ORDER BY c
	Sort  (cost=37174.73..37201.02 rows=10517 width=121)
	  Sort Key: c
	  ->  Bitmap Heap Scan on sbtest4  (cost=340.23..36472.17 rows=10517 width=121)
	        Recheck Cond: ((id >= 3947551) AND (id <= 3957550))
	        ->  Bitmap Index Scan on sbtest4_pkey  (cost=0.00..337.61 rows=10517 width=0)
	              Index Cond: ((id >= 3947551) AND (id <= 3957550))

table 5 : explain SELECT c FROM sbtest5 WHERE id BETWEEN 7424445 AND 7434444 ORDER BY c
	Sort  (cost=32536.57..32559.51 rows=9174 width=121)
	  Sort Key: c
	  ->  Bitmap Heap Scan on sbtest5  (cost=298.47..31932.77 rows=9174 width=121)
	        Recheck Cond: ((id >= 7424445) AND (id <= 7434444))
	        ->  Bitmap Index Scan on sbtest5_pkey  (cost=0.00..296.18 rows=9174 width=0)
	              Index Cond: ((id >= 7424445) AND (id <= 7434444))

table 6 : explain SELECT c FROM sbtest6 WHERE id BETWEEN 4719017 AND 4729016 ORDER BY c
	Sort  (cost=38290.10..38317.42 rows=10930 width=121)
	  Sort Key: c
	  ->  Bitmap Heap Scan on sbtest6  (cost=352.47..37556.91 rows=10930 width=121)
	        Recheck Cond: ((id >= 4719017) AND (id <= 4729016))
	        ->  Bitmap Index Scan on sbtest6_pkey  (cost=0.00..349.74 rows=10930 width=0)
	              Index Cond: ((id >= 4719017) AND (id <= 4729016))

table 7 : explain SELECT c FROM sbtest7 WHERE id BETWEEN 185095 AND 195094 ORDER BY c
	Sort  (cost=34783.05..34807.49 rows=9774 width=121)
	  Sort Key: c
	  ->  Bitmap Heap Scan on sbtest7  (cost=316.62..34135.29 rows=9774 width=121)
	        Recheck Cond: ((id >= 185095) AND (id <= 195094))
	        ->  Bitmap Index Scan on sbtest7_pkey  (cost=0.00..314.18 rows=9774 width=0)
	              Index Cond: ((id >= 185095) AND (id <= 195094))

table 8 : explain SELECT c FROM sbtest8 WHERE id BETWEEN 4258276 AND 4268275 ORDER BY c
	Sort  (cost=36969.87..36996.04 rows=10466 width=121)
	  Sort Key: c
	  ->  Bitmap Heap Scan on sbtest8  (cost=339.71..36271.09 rows=10466 width=121)
	        Recheck Cond: ((id >= 4258276) AND (id <= 4268275))
	        ->  Bitmap Index Scan on sbtest8_pkey  (cost=0.00..337.09 rows=10466 width=0)
	              Index Cond: ((id >= 4258276) AND (id <= 4268275))

for: distinct_ranges
table 1 : explain SELECT DISTINCT c FROM sbtest1 WHERE id BETWEEN 4925237 AND 4935236 ORDER BY c
	Unique  (cost=35737.72..35788.35 rows=10126 width=121)
	  ->  Sort  (cost=35737.72..35763.04 rows=10126 width=121)
	        Sort Key: c
	        ->  Bitmap Heap Scan on sbtest1  (cost=328.23..35064.05 rows=10126 width=121)
	              Recheck Cond: ((id >= 4925237) AND (id <= 4935236))
	              ->  Bitmap Index Scan on sbtest1_pkey  (cost=0.00..325.69 rows=10126 width=0)
	                    Index Cond: ((id >= 4925237) AND (id <= 4935236))

table 2 : explain SELECT DISTINCT c FROM sbtest2 WHERE id BETWEEN 3803838 AND 3813837 ORDER BY c
	Unique  (cost=32797.31..32843.46 rows=9230 width=121)
	  ->  Sort  (cost=32797.31..32820.38 rows=9230 width=121)
	        Sort Key: c
	        ->  Bitmap Heap Scan on sbtest2  (cost=299.04..32189.42 rows=9230 width=121)
	              Recheck Cond: ((id >= 3803838) AND (id <= 3813837))
	              ->  Bitmap Index Scan on sbtest2_pkey  (cost=0.00..296.74 rows=9230 width=0)
	                    Index Cond: ((id >= 3803838) AND (id <= 3813837))

table 3 : explain SELECT DISTINCT c FROM sbtest3 WHERE id BETWEEN 4696513 AND 4706512 ORDER BY c
	Unique  (cost=33852.41..33900.04 rows=9525 width=121)
	  ->  Sort  (cost=33852.41..33876.23 rows=9525 width=121)
	        Sort Key: c
	        ->  Bitmap Heap Scan on sbtest3  (cost=310.07..33222.93 rows=9525 width=121)
	              Recheck Cond: ((id >= 4696513) AND (id <= 4706512))
	              ->  Bitmap Index Scan on sbtest3_pkey  (cost=0.00..307.69 rows=9525 width=0)
	                    Index Cond: ((id >= 4696513) AND (id <= 4706512))

table 4 : explain SELECT DISTINCT c FROM sbtest4 WHERE id BETWEEN 3093225 AND 3103224 ORDER BY c
	Unique  (cost=35201.54..35251.08 rows=9909 width=121)
	  ->  Sort  (cost=35201.54..35226.31 rows=9909 width=121)
	        Sort Key: c
	        ->  Bitmap Heap Scan on sbtest4  (cost=322.00..34543.85 rows=9909 width=121)
	              Recheck Cond: ((id >= 3093225) AND (id <= 3103224))
	              ->  Bitmap Index Scan on sbtest4_pkey  (cost=0.00..319.53 rows=9909 width=0)
	                    Index Cond: ((id >= 3093225) AND (id <= 3103224))

table 5 : explain SELECT DISTINCT c FROM sbtest5 WHERE id BETWEEN 9271169 AND 9281168 ORDER BY c
	Unique  (cost=32865.85..32912.23 rows=9276 width=121)
	  ->  Sort  (cost=32865.85..32889.04 rows=9276 width=121)
	        Sort Key: c
	        ->  Bitmap Heap Scan on sbtest5  (cost=299.51..32254.59 rows=9276 width=121)
	              Recheck Cond: ((id >= 9271169) AND (id <= 9281168))
	              ->  Bitmap Index Scan on sbtest5_pkey  (cost=0.00..297.19 rows=9276 width=0)
	                    Index Cond: ((id >= 9271169) AND (id <= 9281168))

table 6 : explain SELECT DISTINCT c FROM sbtest6 WHERE id BETWEEN 2050713 AND 2060712 ORDER BY c
	Unique  (cost=34628.52..34677.47 rows=9790 width=121)
	  ->  Sort  (cost=34628.52..34652.99 rows=9790 width=121)
	        Sort Key: c
	        ->  Bitmap Heap Scan on sbtest6  (cost=316.78..33979.58 rows=9790 width=121)
	              Recheck Cond: ((id >= 2050713) AND (id <= 2060712))
	              ->  Bitmap Index Scan on sbtest6_pkey  (cost=0.00..314.33 rows=9790 width=0)
	                    Index Cond: ((id >= 2050713) AND (id <= 2060712))

table 7 : explain SELECT DISTINCT c FROM sbtest7 WHERE id BETWEEN 9563968 AND 9573967 ORDER BY c
	Unique  (cost=36458.60..36510.04 rows=10288 width=121)
	  ->  Sort  (cost=36458.60..36484.32 rows=10288 width=121)
	        Sort Key: c
	        ->  Bitmap Heap Scan on sbtest7  (cost=333.89..35772.98 rows=10288 width=121)
	              Recheck Cond: ((id >= 9563968) AND (id <= 9573967))
	              ->  Bitmap Index Scan on sbtest7_pkey  (cost=0.00..331.31 rows=10288 width=0)
	                    Index Cond: ((id >= 9563968) AND (id <= 9573967))

table 8 : explain SELECT DISTINCT c FROM sbtest8 WHERE id BETWEEN 7239539 AND 7249538 ORDER BY c
	Unique  (cost=36140.44..36191.49 rows=10209 width=121)
	  ->  Sort  (cost=36140.44..36165.97 rows=10209 width=121)
	        Sort Key: c
	        ->  Bitmap Heap Scan on sbtest8  (cost=333.08..35460.65 rows=10209 width=121)
	              Recheck Cond: ((id >= 7239539) AND (id <= 7249538))
	              ->  Bitmap Index Scan on sbtest8_pkey  (cost=0.00..330.53 rows=10209 width=0)
	                    Index Cond: ((id >= 7239539) AND (id <= 7249538))

for: distinct_ranges
table 1 : explain SELECT DISTINCT c FROM sbtest1 WHERE id BETWEEN 2166717 AND 2176716 ORDER BY c
	Unique  (cost=36824.79..36877.11 rows=10463 width=121)
	  ->  Sort  (cost=36824.79..36850.95 rows=10463 width=121)
	        Sort Key: c
	        ->  Bitmap Heap Scan on sbtest1  (cost=339.68..36126.23 rows=10463 width=121)
	              Recheck Cond: ((id >= 2166717) AND (id <= 2176716))
	              ->  Bitmap Index Scan on sbtest1_pkey  (cost=0.00..337.06 rows=10463 width=0)
	                    Index Cond: ((id >= 2166717) AND (id <= 2176716))

table 2 : explain SELECT DISTINCT c FROM sbtest2 WHERE id BETWEEN 1786023 AND 1796022 ORDER BY c
	Unique  (cost=32151.85..32197.01 rows=9032 width=121)
	  ->  Sort  (cost=32151.85..32174.43 rows=9032 width=121)
	        Sort Key: c
	        ->  Bitmap Heap Scan on sbtest2  (cost=293.01..31558.41 rows=9032 width=121)
	              Recheck Cond: ((id >= 1786023) AND (id <= 1796022))
	              ->  Bitmap Index Scan on sbtest2_pkey  (cost=0.00..290.75 rows=9032 width=0)
	                    Index Cond: ((id >= 1786023) AND (id <= 1796022))

table 3 : explain SELECT DISTINCT c FROM sbtest3 WHERE id BETWEEN 2975451 AND 2985450 ORDER BY c
	Unique  (cost=33447.59..33494.60 rows=9401 width=121)
	  ->  Sort  (cost=33447.59..33471.09 rows=9401 width=121)
	        Sort Key: c
	        ->  Bitmap Heap Scan on sbtest3  (cost=304.80..32827.19 rows=9401 width=121)
	              Recheck Cond: ((id >= 2975451) AND (id <= 2985450))
	              ->  Bitmap Index Scan on sbtest3_pkey  (cost=0.00..302.44 rows=9401 width=0)
	                    Index Cond: ((id >= 2975451) AND (id <= 2985450))

table 4 : explain SELECT DISTINCT c FROM sbtest4 WHERE id BETWEEN 1452806 AND 1462805 ORDER BY c
	Unique  (cost=31481.86..31525.75 rows=8777 width=121)
	  ->  Sort  (cost=31481.86..31503.81 rows=8777 width=121)
	        Sort Key: c
	        ->  Bitmap Heap Scan on sbtest4  (cost=286.40..30906.99 rows=8777 width=121)
	              Recheck Cond: ((id >= 1452806) AND (id <= 1462805))
	              ->  Bitmap Index Scan on sbtest4_pkey  (cost=0.00..284.20 rows=8777 width=0)
	                    Index Cond: ((id >= 1452806) AND (id <= 1462805))

table 5 : explain SELECT DISTINCT c FROM sbtest5 WHERE id BETWEEN 6462922 AND 6472921 ORDER BY c
	Unique  (cost=36732.19..36784.57 rows=10477 width=121)
	  ->  Sort  (cost=36732.19..36758.38 rows=10477 width=121)
	        Sort Key: c
	        ->  Bitmap Heap Scan on sbtest5  (cost=339.82..36032.59 rows=10477 width=121)
	              Recheck Cond: ((id >= 6462922) AND (id <= 6472921))
	              ->  Bitmap Index Scan on sbtest5_pkey  (cost=0.00..337.20 rows=10477 width=0)
	                    Index Cond: ((id >= 6462922) AND (id <= 6472921))

table 6 : explain SELECT DISTINCT c FROM sbtest6 WHERE id BETWEEN 3760078 AND 3770077 ORDER BY c
	Unique  (cost=37084.67..37137.44 rows=10553 width=121)
	  ->  Sort  (cost=37084.67..37111.06 rows=10553 width=121)
	        Sort Key: c
	        ->  Bitmap Heap Scan on sbtest6  (cost=340.60..36379.45 rows=10553 width=121)
	              Recheck Cond: ((id >= 3760078) AND (id <= 3770077))
	              ->  Bitmap Index Scan on sbtest6_pkey  (cost=0.00..337.96 rows=10553 width=0)
	                    Index Cond: ((id >= 3760078) AND (id <= 3770077))

table 7 : explain SELECT DISTINCT c FROM sbtest7 WHERE id BETWEEN 7116944 AND 7126943 ORDER BY c
	Unique  (cost=34502.13..34550.57 rows=9688 width=121)
	  ->  Sort  (cost=34502.13..34526.35 rows=9688 width=121)
	        Sort Key: c
	        ->  Bitmap Heap Scan on sbtest7  (cost=315.74..33860.69 rows=9688 width=121)
	              Recheck Cond: ((id >= 7116944) AND (id <= 7126943))
	              ->  Bitmap Index Scan on sbtest7_pkey  (cost=0.00..313.31 rows=9688 width=0)
	                    Index Cond: ((id >= 7116944) AND (id <= 7126943))

table 8 : explain SELECT DISTINCT c FROM sbtest8 WHERE id BETWEEN 7237255 AND 7247254 ORDER BY c
	Unique  (cost=36140.44..36191.49 rows=10209 width=121)
	  ->  Sort  (cost=36140.44..36165.97 rows=10209 width=121)
	        Sort Key: c
	        ->  Bitmap Heap Scan on sbtest8  (cost=333.08..35460.65 rows=10209 width=121)
	              Recheck Cond: ((id >= 7237255) AND (id <= 7247254))
	              ->  Bitmap Index Scan on sbtest8_pkey  (cost=0.00..330.53 rows=10209 width=0)
	                    Index Cond: ((id >= 7237255) AND (id <= 7247254))

for: distinct_ranges
table 1 : explain SELECT DISTINCT c FROM sbtest1 WHERE id BETWEEN 5868970 AND 5878969 ORDER BY c
	Unique  (cost=35416.83..35466.96 rows=10026 width=121)
	  ->  Sort  (cost=35416.83..35441.89 rows=10026 width=121)
	        Sort Key: c
	        ->  Bitmap Heap Scan on sbtest1  (cost=327.20..34750.53 rows=10026 width=121)
	              Recheck Cond: ((id >= 5868970) AND (id <= 5878969))
	              ->  Bitmap Index Scan on sbtest1_pkey  (cost=0.00..324.69 rows=10026 width=0)
	                    Index Cond: ((id >= 5868970) AND (id <= 5878969))

table 2 : explain SELECT DISTINCT c FROM sbtest2 WHERE id BETWEEN 9123396 AND 9133395 ORDER BY c
	Unique  (cost=34831.24..34880.51 rows=9855 width=121)
	  ->  Sort  (cost=34831.24..34855.88 rows=9855 width=121)
	        Sort Key: c
	        ->  Bitmap Heap Scan on sbtest2  (cost=321.45..34177.52 rows=9855 width=121)
	              Recheck Cond: ((id >= 9123396) AND (id <= 9133395))
	              ->  Bitmap Index Scan on sbtest2_pkey  (cost=0.00..318.99 rows=9855 width=0)
	                    Index Cond: ((id >= 9123396) AND (id <= 9133395))

table 3 : explain SELECT DISTINCT c FROM sbtest3 WHERE id BETWEEN 1963398 AND 1973397 ORDER BY c
	Unique  (cost=37038.51..37091.05 rows=10508 width=121)
	  ->  Sort  (cost=37038.51..37064.78 rows=10508 width=121)
	        Sort Key: c
	        ->  Bitmap Heap Scan on sbtest3  (cost=340.14..36336.62 rows=10508 width=121)
	              Recheck Cond: ((id >= 1963398) AND (id <= 1973397))
	              ->  Bitmap Index Scan on sbtest3_pkey  (cost=0.00..337.51 rows=10508 width=0)
	                    Index Cond: ((id >= 1963398) AND (id <= 1973397))

table 4 : explain SELECT DISTINCT c FROM sbtest4 WHERE id BETWEEN 8060190 AND 8070189 ORDER BY c
	Unique  (cost=39125.14..39180.76 rows=11123 width=121)
	  ->  Sort  (cost=39125.14..39152.95 rows=11123 width=121)
	        Sort Key: c
	        ->  Bitmap Heap Scan on sbtest4  (cost=358.45..38377.61 rows=11123 width=121)
	              Recheck Cond: ((id >= 8060190) AND (id <= 8070189))
	              ->  Bitmap Index Scan on sbtest4_pkey  (cost=0.00..355.67 rows=11123 width=0)
	                    Index Cond: ((id >= 8060190) AND (id <= 8070189))

table 5 : explain SELECT DISTINCT c FROM sbtest5 WHERE id BETWEEN 2332243 AND 2342242 ORDER BY c
	Unique  (cost=36311.60..36363.32 rows=10345 width=121)
	  ->  Sort  (cost=36311.60..36337.46 rows=10345 width=121)
	        Sort Key: c
	        ->  Bitmap Heap Scan on sbtest5  (cost=334.47..35621.76 rows=10345 width=121)
	              Recheck Cond: ((id >= 2332243) AND (id <= 2342242))
	              ->  Bitmap Index Scan on sbtest5_pkey  (cost=0.00..331.88 rows=10345 width=0)
	                    Index Cond: ((id >= 2332243) AND (id <= 2342242))

table 6 : explain SELECT DISTINCT c FROM sbtest6 WHERE id BETWEEN 8522738 AND 8532737 ORDER BY c
	Unique  (cost=35847.63..35898.46 rows=10167 width=121)
	  ->  Sort  (cost=35847.63..35873.05 rows=10167 width=121)
	        Sort Key: c
	        ->  Bitmap Heap Scan on sbtest6  (cost=328.65..35170.93 rows=10167 width=121)
	              Recheck Cond: ((id >= 8522738) AND (id <= 8532737))
	              ->  Bitmap Index Scan on sbtest6_pkey  (cost=0.00..326.11 rows=10167 width=0)
	                    Index Cond: ((id >= 8522738) AND (id <= 8532737))

table 7 : explain SELECT DISTINCT c FROM sbtest7 WHERE id BETWEEN 6035361 AND 6045360 ORDER BY c
	Unique  (cost=35204.69..35254.21 rows=9903 width=121)
	  ->  Sort  (cost=35204.69..35229.45 rows=9903 width=121)
	        Sort Key: c
	        ->  Bitmap Heap Scan on sbtest7  (cost=321.94..34547.45 rows=9903 width=121)
	              Recheck Cond: ((id >= 6035361) AND (id <= 6045360))
	              ->  Bitmap Index Scan on sbtest7_pkey  (cost=0.00..319.46 rows=9903 width=0)
	                    Index Cond: ((id >= 6035361) AND (id <= 6045360))

table 8 : explain SELECT DISTINCT c FROM sbtest8 WHERE id BETWEEN 596916 AND 606915 ORDER BY c
	Unique  (cost=35528.29..35578.39 rows=10020 width=121)
	  ->  Sort  (cost=35528.29..35553.34 rows=10020 width=121)
	        Sort Key: c
	        ->  Bitmap Heap Scan on sbtest8  (cost=327.14..34862.43 rows=10020 width=121)
	              Recheck Cond: ((id >= 596916) AND (id <= 606915))
	              ->  Bitmap Index Scan on sbtest8_pkey  (cost=0.00..324.63 rows=10020 width=0)
	                    Index Cond: ((id >= 596916) AND (id <= 606915))

for: order_ranges
table 1 : explain SELECT c FROM sbtest1 WHERE id BETWEEN 57263 AND 67262 ORDER BY c
	Sort  (cost=37263.30..37289.80 rows=10600 width=121)
	  Sort Key: c
	  ->  Bitmap Heap Scan on sbtest1  (cost=345.08..36554.60 rows=10600 width=121)
	        Recheck Cond: ((id >= 57263) AND (id <= 67262))
	        ->  Bitmap Index Scan on sbtest1_pkey  (cost=0.00..342.44 rows=10600 width=0)
	              Index Cond: ((id >= 57263) AND (id <= 67262))

table 2 : explain SELECT c FROM sbtest2 WHERE id BETWEEN 6171064 AND 6181063 ORDER BY c
	Sort  (cost=35268.11..35293.09 rows=9991 width=121)
	  Sort Key: c
	  ->  Bitmap Heap Scan on sbtest2  (cost=322.84..34604.39 rows=9991 width=121)
	        Recheck Cond: ((id >= 6171064) AND (id <= 6181063))
	        ->  Bitmap Index Scan on sbtest2_pkey  (cost=0.00..320.34 rows=9991 width=0)
	              Index Cond: ((id >= 6171064) AND (id <= 6181063))

table 3 : explain SELECT c FROM sbtest3 WHERE id BETWEEN 137255 AND 147254 ORDER BY c
	Sort  (cost=33788.95..33812.71 rows=9505 width=121)
	  Sort Key: c
	  ->  Bitmap Heap Scan on sbtest3  (cost=309.86..33160.93 rows=9505 width=121)
	        Recheck Cond: ((id >= 137255) AND (id <= 147254))
	        ->  Bitmap Index Scan on sbtest3_pkey  (cost=0.00..307.49 rows=9505 width=0)
	              Index Cond: ((id >= 137255) AND (id <= 147254))

table 4 : explain SELECT c FROM sbtest4 WHERE id BETWEEN 206614 AND 216613 ORDER BY c
	Sort  (cost=38151.93..38178.98 rows=10820 width=121)
	  Sort Key: c
	  ->  Bitmap Heap Scan on sbtest4  (cost=351.34..37426.91 rows=10820 width=121)
	        Recheck Cond: ((id >= 206614) AND (id <= 216613))
	        ->  Bitmap Index Scan on sbtest4_pkey  (cost=0.00..348.63 rows=10820 width=0)
	              Index Cond: ((id >= 206614) AND (id <= 216613))

table 5 : explain SELECT c FROM sbtest5 WHERE id BETWEEN 9751625 AND 9761624 ORDER BY c
	Sort  (cost=35745.84..35771.26 rows=10169 width=121)
	  Sort Key: c
	  ->  Bitmap Heap Scan on sbtest5  (cost=328.67..35069.00 rows=10169 width=121)
	        Recheck Cond: ((id >= 9751625) AND (id <= 9761624))
	        ->  Bitmap Index Scan on sbtest5_pkey  (cost=0.00..326.12 rows=10169 width=0)
	              Index Cond: ((id >= 9751625) AND (id <= 9761624))

table 6 : explain SELECT c FROM sbtest6 WHERE id BETWEEN 3905412 AND 3915411 ORDER BY c
	Sort  (cost=38051.06..38078.20 rows=10855 width=121)
	  Sort Key: c
	  ->  Bitmap Heap Scan on sbtest6  (cost=351.70..37323.44 rows=10855 width=121)
	        Recheck Cond: ((id >= 3905412) AND (id <= 3915411))
	        ->  Bitmap Index Scan on sbtest6_pkey  (cost=0.00..348.99 rows=10855 width=0)
	              Index Cond: ((id >= 3905412) AND (id <= 3915411))

table 7 : explain SELECT c FROM sbtest7 WHERE id BETWEEN 7722629 AND 7732628 ORDER BY c
	Sort  (cost=36418.74..36444.43 rows=10276 width=121)
	  Sort Key: c
	  ->  Bitmap Heap Scan on sbtest7  (cost=333.76..35734.00 rows=10276 width=121)
	        Recheck Cond: ((id >= 7722629) AND (id <= 7732628))
	        ->  Bitmap Index Scan on sbtest7_pkey  (cost=0.00..331.19 rows=10276 width=0)
	              Index Cond: ((id >= 7722629) AND (id <= 7732628))

table 8 : explain SELECT c FROM sbtest8 WHERE id BETWEEN 8182749 AND 8192748 ORDER BY c
	Sort  (cost=37075.78..37102.03 rows=10499 width=121)
	  Sort Key: c
	  ->  Bitmap Heap Scan on sbtest8  (cost=340.05..36374.55 rows=10499 width=121)
	        Recheck Cond: ((id >= 8182749) AND (id <= 8192748))
	        ->  Bitmap Index Scan on sbtest8_pkey  (cost=0.00..337.43 rows=10499 width=0)
	              Index Cond: ((id >= 8182749) AND (id <= 8192748))

for: distinct_ranges
table 1 : explain SELECT DISTINCT c FROM sbtest1 WHERE id BETWEEN 6170456 AND 6180455 ORDER BY c
	Unique  (cost=34905.90..34955.24 rows=9868 width=121)
	  ->  Sort  (cost=34905.90..34930.57 rows=9868 width=121)
	        Sort Key: c
	        ->  Bitmap Heap Scan on sbtest1  (cost=321.58..34251.23 rows=9868 width=121)
	              Recheck Cond: ((id >= 6170456) AND (id <= 6180455))
	              ->  Bitmap Index Scan on sbtest1_pkey  (cost=0.00..319.12 rows=9868 width=0)
	                    Index Cond: ((id >= 6170456) AND (id <= 6180455))

table 2 : explain SELECT DISTINCT c FROM sbtest2 WHERE id BETWEEN 5591358 AND 5601357 ORDER BY c
	Unique  (cost=32957.39..33003.78 rows=9279 width=121)
	  ->  Sort  (cost=32957.39..32980.58 rows=9279 width=121)
	        Sort Key: c
	        ->  Bitmap Heap Scan on sbtest2  (cost=299.54..32345.91 rows=9279 width=121)
	              Recheck Cond: ((id >= 5591358) AND (id <= 5601357))
	              ->  Bitmap Index Scan on sbtest2_pkey  (cost=0.00..297.23 rows=9279 width=0)
	                    Index Cond: ((id >= 5591358) AND (id <= 5601357))

table 3 : explain SELECT DISTINCT c FROM sbtest3 WHERE id BETWEEN 567936 AND 577935 ORDER BY c
	Unique  (cost=35461.10..35511.20 rows=10020 width=121)
	  ->  Sort  (cost=35461.10..35486.15 rows=10020 width=121)
	        Sort Key: c
	        ->  Bitmap Heap Scan on sbtest3  (cost=323.14..34795.25 rows=10020 width=121)
	              Recheck Cond: ((id >= 567936) AND (id <= 577935))
	              ->  Bitmap Index Scan on sbtest3_pkey  (cost=0.00..320.63 rows=10020 width=0)
	                    Index Cond: ((id >= 567936) AND (id <= 577935))

table 4 : explain SELECT DISTINCT c FROM sbtest4 WHERE id BETWEEN 5410330 AND 5420329 ORDER BY c
	Unique  (cost=34513.02..34561.51 rows=9698 width=121)
	  ->  Sort  (cost=34513.02..34537.26 rows=9698 width=121)
	        Sort Key: c
	        ->  Bitmap Heap Scan on sbtest4  (cost=315.84..33870.84 rows=9698 width=121)
	              Recheck Cond: ((id >= 5410330) AND (id <= 5420329))
	              ->  Bitmap Index Scan on sbtest4_pkey  (cost=0.00..313.42 rows=9698 width=0)
	                    Index Cond: ((id >= 5410330) AND (id <= 5420329))

table 5 : explain SELECT DISTINCT c FROM sbtest5 WHERE id BETWEEN 3136668 AND 3146667 ORDER BY c
	Unique  (cost=36301.76..36353.47 rows=10342 width=121)
	  ->  Sort  (cost=36301.76..36327.62 rows=10342 width=121)
	        Sort Key: c
	        ->  Bitmap Heap Scan on sbtest5  (cost=334.44..35612.14 rows=10342 width=121)
	              Recheck Cond: ((id >= 3136668) AND (id <= 3146667))
	              ->  Bitmap Index Scan on sbtest5_pkey  (cost=0.00..331.86 rows=10342 width=0)
	                    Index Cond: ((id >= 3136668) AND (id <= 3146667))

table 6 : explain SELECT DISTINCT c FROM sbtest6 WHERE id BETWEEN 559146 AND 569145 ORDER BY c
	Unique  (cost=34900.96..34950.33 rows=9873 width=121)
	  ->  Sort  (cost=34900.96..34925.65 rows=9873 width=121)
	        Sort Key: c
	        ->  Bitmap Heap Scan on sbtest6  (cost=321.63..34245.93 rows=9873 width=121)
	              Recheck Cond: ((id >= 559146) AND (id <= 569145))
	              ->  Bitmap Index Scan on sbtest6_pkey  (cost=0.00..319.17 rows=9873 width=0)
	                    Index Cond: ((id >= 559146) AND (id <= 569145))

table 7 : explain SELECT DISTINCT c FROM sbtest7 WHERE id BETWEEN 5475006 AND 5485005 ORDER BY c
	Unique  (cost=36358.85..36410.13 rows=10257 width=121)
	  ->  Sort  (cost=36358.85..36384.49 rows=10257 width=121)
	        Sort Key: c
	        ->  Bitmap Heap Scan on sbtest7  (cost=333.57..35675.51 rows=10257 width=121)
	              Recheck Cond: ((id >= 5475006) AND (id <= 5485005))
	              ->  Bitmap Index Scan on sbtest7_pkey  (cost=0.00..331.00 rows=10257 width=0)
	                    Index Cond: ((id >= 5475006) AND (id <= 5485005))

table 8 : explain SELECT DISTINCT c FROM sbtest8 WHERE id BETWEEN 7208660 AND 7218659 ORDER BY c
	Unique  (cost=34921.60..34970.77 rows=9834 width=121)
	  ->  Sort  (cost=34921.60..34946.18 rows=9834 width=121)
	        Sort Key: c
	        ->  Bitmap Heap Scan on sbtest8  (cost=321.23..34269.43 rows=9834 width=121)
	              Recheck Cond: ((id >= 7208660) AND (id <= 7218659))
	              ->  Bitmap Index Scan on sbtest8_pkey  (cost=0.00..318.78 rows=9834 width=0)
	                    Index Cond: ((id >= 7208660) AND (id <= 7218659))

for point_selects
table 1 : explain SELECT c FROM sbtest1 WHERE id=4897106
	Index Scan using sbtest1_pkey on sbtest1  (cost=0.43..8.45 rows=1 width=121)
	  Index Cond: (id = 4897106)

table 2 : explain SELECT c FROM sbtest2 WHERE id=9560781
	Index Scan using sbtest2_pkey on sbtest2  (cost=0.43..8.45 rows=1 width=121)
	  Index Cond: (id = 9560781)

table 3 : explain SELECT c FROM sbtest3 WHERE id=2026817
	Index Scan using sbtest3_pkey on sbtest3  (cost=0.43..8.45 rows=1 width=121)
	  Index Cond: (id = 2026817)

table 4 : explain SELECT c FROM sbtest4 WHERE id=6205767
	Index Scan using sbtest4_pkey on sbtest4  (cost=0.43..8.45 rows=1 width=121)
	  Index Cond: (id = 6205767)

table 5 : explain SELECT c FROM sbtest5 WHERE id=9816412
	Index Scan using sbtest5_pkey on sbtest5  (cost=0.43..8.45 rows=1 width=121)
	  Index Cond: (id = 9816412)

table 6 : explain SELECT c FROM sbtest6 WHERE id=6901576
	Index Scan using sbtest6_pkey on sbtest6  (cost=0.43..8.45 rows=1 width=121)
	  Index Cond: (id = 6901576)

table 7 : explain SELECT c FROM sbtest7 WHERE id=7254386
	Index Scan using sbtest7_pkey on sbtest7  (cost=0.43..8.45 rows=1 width=121)
	  Index Cond: (id = 7254386)

table 8 : explain SELECT c FROM sbtest8 WHERE id=6868071
	Index Scan using sbtest8_pkey on sbtest8  (cost=0.43..8.45 rows=1 width=121)
	  Index Cond: (id = 6868071)

for: sum_ranges
table 1 : explain SELECT SUM(k) FROM sbtest1 WHERE id BETWEEN 9954486 AND 9964485
	Aggregate  (cost=33013.10..33013.11 rows=1 width=8)
	  ->  Bitmap Heap Scan on sbtest1  (cost=309.50..32989.43 rows=9470 width=4)
	        Recheck Cond: ((id >= 9954486) AND (id <= 9964485))
	        ->  Bitmap Index Scan on sbtest1_pkey  (cost=0.00..307.13 rows=9470 width=0)
	              Index Cond: ((id >= 9954486) AND (id <= 9964485))

table 2 : explain SELECT SUM(k) FROM sbtest2 WHERE id BETWEEN 5459858 AND 5469857
	Aggregate  (cost=36863.97..36863.98 rows=1 width=8)
	  ->  Bitmap Heap Scan on sbtest2  (cost=346.14..36837.21 rows=10703 width=4)
	        Recheck Cond: ((id >= 5459858) AND (id <= 5469857))
	        ->  Bitmap Index Scan on sbtest2_pkey  (cost=0.00..343.46 rows=10703 width=0)
	              Index Cond: ((id >= 5459858) AND (id <= 5469857))

table 3 : explain SELECT SUM(k) FROM sbtest3 WHERE id BETWEEN 9313538 AND 9323537
	Aggregate  (cost=31410.05..31410.06 rows=1 width=8)
	  ->  Bitmap Heap Scan on sbtest3  (cost=292.19..31387.67 rows=8952 width=4)
	        Recheck Cond: ((id >= 9313538) AND (id <= 9323537))
	        ->  Bitmap Index Scan on sbtest3_pkey  (cost=0.00..289.95 rows=8952 width=0)
	              Index Cond: ((id >= 9313538) AND (id <= 9323537))

table 4 : explain SELECT SUM(k) FROM sbtest4 WHERE id BETWEEN 1247156 AND 1257155
	Aggregate  (cost=35142.87..35142.88 rows=1 width=8)
	  ->  Bitmap Heap Scan on sbtest4  (cost=327.85..35117.65 rows=10089 width=4)
	        Recheck Cond: ((id >= 1247156) AND (id <= 1257155))
	        ->  Bitmap Index Scan on sbtest4_pkey  (cost=0.00..325.32 rows=10089 width=0)
	              Index Cond: ((id >= 1247156) AND (id <= 1257155))

table 5 : explain SELECT SUM(k) FROM sbtest5 WHERE id BETWEEN 5872797 AND 5882796
	Aggregate  (cost=34869.23..34869.24 rows=1 width=8)
	  ->  Bitmap Heap Scan on sbtest5  (cost=327.92..34843.99 rows=10096 width=4)
	        Recheck Cond: ((id >= 5872797) AND (id <= 5882796))
	        ->  Bitmap Index Scan on sbtest5_pkey  (cost=0.00..325.40 rows=10096 width=0)
	              Index Cond: ((id >= 5872797) AND (id <= 5882796))

table 6 : explain SELECT SUM(k) FROM sbtest6 WHERE id BETWEEN 4093586 AND 4103585
	Aggregate  (cost=33571.57..33571.58 rows=1 width=8)
	  ->  Bitmap Heap Scan on sbtest6  (cost=311.38..33547.44 rows=9653 width=4)
	        Recheck Cond: ((id >= 4093586) AND (id <= 4103585))
	        ->  Bitmap Index Scan on sbtest6_pkey  (cost=0.00..308.96 rows=9653 width=0)
	              Index Cond: ((id >= 4093586) AND (id <= 4103585))

table 7 : explain SELECT SUM(k) FROM sbtest7 WHERE id BETWEEN 7907566 AND 7917565
	Aggregate  (cost=35062.28..35062.29 rows=1 width=8)
	  ->  Bitmap Heap Scan on sbtest7  (cost=327.51..35037.14 rows=10056 width=4)
	        Recheck Cond: ((id >= 7907566) AND (id <= 7917565))
	        ->  Bitmap Index Scan on sbtest7_pkey  (cost=0.00..325.00 rows=10056 width=0)
	              Index Cond: ((id >= 7907566) AND (id <= 7917565))

table 8 : explain SELECT SUM(k) FROM sbtest8 WHERE id BETWEEN 8561805 AND 8571804
	Aggregate  (cost=32715.73..32715.74 rows=1 width=8)
	  ->  Bitmap Heap Scan on sbtest8  (cost=304.18..32692.38 rows=9341 width=4)
	        Recheck Cond: ((id >= 8561805) AND (id <= 8571804))
	        ->  Bitmap Index Scan on sbtest8_pkey  (cost=0.00..301.84 rows=9341 width=0)
	              Index Cond: ((id >= 8561805) AND (id <= 8571804))

for point_selects
table 1 : explain SELECT c FROM sbtest1 WHERE id=723735
	Index Scan using sbtest1_pkey on sbtest1  (cost=0.43..8.45 rows=1 width=121)
	  Index Cond: (id = 723735)

table 2 : explain SELECT c FROM sbtest2 WHERE id=7541866
	Index Scan using sbtest2_pkey on sbtest2  (cost=0.43..8.45 rows=1 width=121)
	  Index Cond: (id = 7541866)

table 3 : explain SELECT c FROM sbtest3 WHERE id=3150923
	Index Scan using sbtest3_pkey on sbtest3  (cost=0.43..8.45 rows=1 width=121)
	  Index Cond: (id = 3150923)

table 4 : explain SELECT c FROM sbtest4 WHERE id=8786079
	Index Scan using sbtest4_pkey on sbtest4  (cost=0.43..8.45 rows=1 width=121)
	  Index Cond: (id = 8786079)

table 5 : explain SELECT c FROM sbtest5 WHERE id=8735492
	Index Scan using sbtest5_pkey on sbtest5  (cost=0.43..8.45 rows=1 width=121)
	  Index Cond: (id = 8735492)

table 6 : explain SELECT c FROM sbtest6 WHERE id=9947050
	Index Scan using sbtest6_pkey on sbtest6  (cost=0.43..8.45 rows=1 width=121)
	  Index Cond: (id = 9947050)

table 7 : explain SELECT c FROM sbtest7 WHERE id=4958278
	Index Scan using sbtest7_pkey on sbtest7  (cost=0.43..8.45 rows=1 width=121)
	  Index Cond: (id = 4958278)

table 8 : explain SELECT c FROM sbtest8 WHERE id=2971454
	Index Scan using sbtest8_pkey on sbtest8  (cost=0.43..8.45 rows=1 width=121)
	  Index Cond: (id = 2971454)

for: order_ranges
table 1 : explain SELECT c FROM sbtest1 WHERE id BETWEEN 2699789 AND 2709788 ORDER BY c
	Sort  (cost=35860.02..35885.43 rows=10164 width=121)
	  Sort Key: c
	  ->  Bitmap Heap Scan on sbtest1  (cost=328.62..35183.54 rows=10164 width=121)
	        Recheck Cond: ((id >= 2699789) AND (id <= 2709788))
	        ->  Bitmap Index Scan on sbtest1_pkey  (cost=0.00..326.07 rows=10164 width=0)
	              Index Cond: ((id >= 2699789) AND (id <= 2709788))

table 2 : explain SELECT c FROM sbtest2 WHERE id BETWEEN 1572280 AND 1582279 ORDER BY c
	Sort  (cost=37034.06..37060.42 rows=10541 width=121)
	  Sort Key: c
	  ->  Bitmap Heap Scan on sbtest2  (cost=340.48..36329.73 rows=10541 width=121)
	        Recheck Cond: ((id >= 1572280) AND (id <= 1582279))
	        ->  Bitmap Index Scan on sbtest2_pkey  (cost=0.00..337.84 rows=10541 width=0)
	              Index Cond: ((id >= 1572280) AND (id <= 1582279))

table 3 : explain SELECT c FROM sbtest3 WHERE id BETWEEN 182132 AND 192131 ORDER BY c
	Sort  (cost=33788.95..33812.71 rows=9505 width=121)
	  Sort Key: c
	  ->  Bitmap Heap Scan on sbtest3  (cost=309.86..33160.93 rows=9505 width=121)
	        Recheck Cond: ((id >= 182132) AND (id <= 192131))
	        ->  Bitmap Index Scan on sbtest3_pkey  (cost=0.00..307.49 rows=9505 width=0)
	              Index Cond: ((id >= 182132) AND (id <= 192131))

table 4 : explain SELECT c FROM sbtest4 WHERE id BETWEEN 9903058 AND 9913057 ORDER BY c
	Sort  (cost=36769.66..36795.64 rows=10393 width=121)
	  Sort Key: c
	  ->  Bitmap Heap Scan on sbtest4  (cost=334.96..36076.28 rows=10393 width=121)
	        Recheck Cond: ((id >= 9903058) AND (id <= 9913057))
	        ->  Bitmap Index Scan on sbtest4_pkey  (cost=0.00..332.37 rows=10393 width=0)
	              Index Cond: ((id >= 9903058) AND (id <= 9913057))

table 5 : explain SELECT c FROM sbtest5 WHERE id BETWEEN 3641130 AND 3651129 ORDER BY c
	Sort  (cost=33607.45..33631.21 rows=9504 width=121)
	  Sort Key: c
	  ->  Bitmap Heap Scan on sbtest5  (cost=309.85..32979.50 rows=9504 width=121)
	        Recheck Cond: ((id >= 3641130) AND (id <= 3651129))
	        ->  Bitmap Index Scan on sbtest5_pkey  (cost=0.00..307.48 rows=9504 width=0)
	              Index Cond: ((id >= 3641130) AND (id <= 3651129))

table 6 : explain SELECT c FROM sbtest6 WHERE id BETWEEN 6826734 AND 6836733 ORDER BY c
	Sort  (cost=38424.98..38452.41 rows=10971 width=121)
	  Sort Key: c
	  ->  Bitmap Heap Scan on sbtest6  (cost=356.89..37688.75 rows=10971 width=121)
	        Recheck Cond: ((id >= 6826734) AND (id <= 6836733))
	        ->  Bitmap Index Scan on sbtest6_pkey  (cost=0.00..354.15 rows=10971 width=0)
	              Index Cond: ((id >= 6826734) AND (id <= 6836733))

table 7 : explain SELECT c FROM sbtest7 WHERE id BETWEEN 4819236 AND 4829235 ORDER BY c
	Sort  (cost=35281.50..35306.31 rows=9927 width=121)
	  Sort Key: c
	  ->  Bitmap Heap Scan on sbtest7  (cost=322.19..34622.49 rows=9927 width=121)
	        Recheck Cond: ((id >= 4819236) AND (id <= 4829235))
	        ->  Bitmap Index Scan on sbtest7_pkey  (cost=0.00..319.70 rows=9927 width=0)
	              Index Cond: ((id >= 4819236) AND (id <= 4829235))

table 8 : explain SELECT c FROM sbtest8 WHERE id BETWEEN 1387773 AND 1397772 ORDER BY c
	Sort  (cost=36107.28..36132.78 rows=10199 width=121)
	  Sort Key: c
	  ->  Bitmap Heap Scan on sbtest8  (cost=332.97..35428.22 rows=10199 width=121)
	        Recheck Cond: ((id >= 1387773) AND (id <= 1397772))
	        ->  Bitmap Index Scan on sbtest8_pkey  (cost=0.00..330.43 rows=10199 width=0)
	              Index Cond: ((id >= 1387773) AND (id <= 1397772))

for: distinct_ranges
table 1 : explain SELECT DISTINCT c FROM sbtest1 WHERE id BETWEEN 8140423 AND 8150422 ORDER BY c
	Unique  (cost=38387.25..38442.00 rows=10951 width=121)
	  ->  Sort  (cost=38387.25..38414.62 rows=10951 width=121)
	        Sort Key: c
	        ->  Bitmap Heap Scan on sbtest1  (cost=356.68..37652.50 rows=10951 width=121)
	              Recheck Cond: ((id >= 8140423) AND (id <= 8150422))
	              ->  Bitmap Index Scan on sbtest1_pkey  (cost=0.00..353.94 rows=10951 width=0)
	                    Index Cond: ((id >= 8140423) AND (id <= 8150422))

table 2 : explain SELECT DISTINCT c FROM sbtest2 WHERE id BETWEEN 8632568 AND 8642567 ORDER BY c
	Unique  (cost=34651.59..34700.59 rows=9800 width=121)
	  ->  Sort  (cost=34651.59..34676.09 rows=9800 width=121)
	        Sort Key: c
	        ->  Bitmap Heap Scan on sbtest2  (cost=316.88..34001.92 rows=9800 width=121)
	              Recheck Cond: ((id >= 8632568) AND (id <= 8642567))
	              ->  Bitmap Index Scan on sbtest2_pkey  (cost=0.00..314.44 rows=9800 width=0)
	                    Index Cond: ((id >= 8632568) AND (id <= 8642567))

table 3 : explain SELECT DISTINCT c FROM sbtest3 WHERE id BETWEEN 8812785 AND 8822784 ORDER BY c
	Unique  (cost=33196.84..33243.46 rows=9324 width=121)
	  ->  Sort  (cost=33196.84..33220.15 rows=9324 width=121)
	        Sort Key: c
	        ->  Bitmap Heap Scan on sbtest3  (cost=304.01..32582.07 rows=9324 width=121)
	              Recheck Cond: ((id >= 8812785) AND (id <= 8822784))
	              ->  Bitmap Index Scan on sbtest3_pkey  (cost=0.00..301.68 rows=9324 width=0)
	                    Index Cond: ((id >= 8812785) AND (id <= 8822784))

table 4 : explain SELECT DISTINCT c FROM sbtest4 WHERE id BETWEEN 9884518 AND 9894517 ORDER BY c
	Unique  (cost=34880.50..34929.56 rows=9811 width=121)
	  ->  Sort  (cost=34880.50..34905.03 rows=9811 width=121)
	        Sort Key: c
	        ->  Bitmap Heap Scan on sbtest4  (cost=317.00..34230.02 rows=9811 width=121)
	              Recheck Cond: ((id >= 9884518) AND (id <= 9894517))
	              ->  Bitmap Index Scan on sbtest4_pkey  (cost=0.00..314.55 rows=9811 width=0)
	                    Index Cond: ((id >= 9884518) AND (id <= 9894517))

table 5 : explain SELECT DISTINCT c FROM sbtest5 WHERE id BETWEEN 8523991 AND 8533990 ORDER BY c
	Unique  (cost=33915.56..33963.56 rows=9600 width=121)
	  ->  Sort  (cost=33915.56..33939.56 rows=9600 width=121)
	        Sort Key: c
	        ->  Bitmap Heap Scan on sbtest5  (cost=310.83..33280.58 rows=9600 width=121)
	              Recheck Cond: ((id >= 8523991) AND (id <= 8533990))
	              ->  Bitmap Index Scan on sbtest5_pkey  (cost=0.00..308.44 rows=9600 width=0)
	                    Index Cond: ((id >= 8523991) AND (id <= 8533990))

table 6 : explain SELECT DISTINCT c FROM sbtest6 WHERE id BETWEEN 948776 AND 958775 ORDER BY c
	Unique  (cost=33681.02..33728.50 rows=9497 width=121)
	  ->  Sort  (cost=33681.02..33704.76 rows=9497 width=121)
	        Sort Key: c
	        ->  Bitmap Heap Scan on sbtest6  (cost=309.78..33053.59 rows=9497 width=121)
	              Recheck Cond: ((id >= 948776) AND (id <= 958775))
	              ->  Bitmap Index Scan on sbtest6_pkey  (cost=0.00..307.41 rows=9497 width=0)
	                    Index Cond: ((id >= 948776) AND (id <= 958775))

table 7 : explain SELECT DISTINCT c FROM sbtest7 WHERE id BETWEEN 3426972 AND 3436971 ORDER BY c
	Unique  (cost=34059.39..34107.16 rows=9553 width=121)
	  ->  Sort  (cost=34059.39..34083.28 rows=9553 width=121)
	        Sort Key: c
	        ->  Bitmap Heap Scan on sbtest7  (cost=310.35..33427.86 rows=9553 width=121)
	              Recheck Cond: ((id >= 3426972) AND (id <= 3436971))
	              ->  Bitmap Index Scan on sbtest7_pkey  (cost=0.00..307.96 rows=9553 width=0)
	                    Index Cond: ((id >= 3426972) AND (id <= 3436971))

table 8 : explain SELECT DISTINCT c FROM sbtest8 WHERE id BETWEEN 8813188 AND 8823187 ORDER BY c
	Unique  (cost=33838.15..33885.66 rows=9502 width=121)
	  ->  Sort  (cost=33838.15..33861.90 rows=9502 width=121)
	        Sort Key: c
	        ->  Bitmap Heap Scan on sbtest8  (cost=309.83..33210.35 rows=9502 width=121)
	              Recheck Cond: ((id >= 8813188) AND (id <= 8823187))
	              ->  Bitmap Index Scan on sbtest8_pkey  (cost=0.00..307.45 rows=9502 width=0)
	                    Index Cond: ((id >= 8813188) AND (id <= 8823187))

explain: for point_selects :: explain SELECT c FROM sbtest%u WHERE id=%u
for: simple_ranges
table 1 : explain SELECT c FROM sbtest1 WHERE id BETWEEN 5779384 AND 5789383
	Bitmap Heap Scan on sbtest1  (cost=333.23..35374.75 rows=10224 width=121)
	  Recheck Cond: ((id >= 5779384) AND (id <= 5789383))
	  ->  Bitmap Index Scan on sbtest1_pkey  (cost=0.00..330.68 rows=10224 width=0)
	        Index Cond: ((id >= 5779384) AND (id <= 5789383))

table 2 : explain SELECT c FROM sbtest2 WHERE id BETWEEN 8630478 AND 8640477
	Bitmap Heap Scan on sbtest2  (cost=316.88..34001.92 rows=9800 width=121)
	  Recheck Cond: ((id >= 8630478) AND (id <= 8640477))
	  ->  Bitmap Index Scan on sbtest2_pkey  (cost=0.00..314.44 rows=9800 width=0)
	        Index Cond: ((id >= 8630478) AND (id <= 8640477))

table 3 : explain SELECT c FROM sbtest3 WHERE id BETWEEN 4852612 AND 4862611
	Bitmap Heap Scan on sbtest3  (cost=321.67..34344.14 rows=9877 width=121)
	  Recheck Cond: ((id >= 4852612) AND (id <= 4862611))
	  ->  Bitmap Index Scan on sbtest3_pkey  (cost=0.00..319.20 rows=9877 width=0)
	        Index Cond: ((id >= 4852612) AND (id <= 4862611))

table 4 : explain SELECT c FROM sbtest4 WHERE id BETWEEN 3116036 AND 3126035
	Bitmap Heap Scan on sbtest4  (cost=322.00..34543.85 rows=9909 width=121)
	  Recheck Cond: ((id >= 3116036) AND (id <= 3126035))
	  ->  Bitmap Index Scan on sbtest4_pkey  (cost=0.00..319.53 rows=9909 width=0)
	        Index Cond: ((id >= 3116036) AND (id <= 3126035))

table 5 : explain SELECT c FROM sbtest5 WHERE id BETWEEN 1485616 AND 1495615
	Bitmap Heap Scan on sbtest5  (cost=322.26..34334.65 rows=9934 width=121)
	  Recheck Cond: ((id >= 1485616) AND (id <= 1495615))
	  ->  Bitmap Index Scan on sbtest5_pkey  (cost=0.00..319.78 rows=9934 width=0)
	        Index Cond: ((id >= 1485616) AND (id <= 1495615))

table 6 : explain SELECT c FROM sbtest6 WHERE id BETWEEN 4818862 AND 4828861
	Bitmap Heap Scan on sbtest6  (cost=305.26..32890.16 rows=9446 width=121)
	  Recheck Cond: ((id >= 4818862) AND (id <= 4828861))
	  ->  Bitmap Index Scan on sbtest6_pkey  (cost=0.00..302.90 rows=9446 width=0)
	        Index Cond: ((id >= 4818862) AND (id <= 4828861))

table 7 : explain SELECT c FROM sbtest7 WHERE id BETWEEN 2859320 AND 2869319
	Bitmap Heap Scan on sbtest7  (cost=345.86..36999.63 rows=10676 width=121)
	  Recheck Cond: ((id >= 2859320) AND (id <= 2869319))
	  ->  Bitmap Index Scan on sbtest7_pkey  (cost=0.00..343.19 rows=10676 width=0)
	        Index Cond: ((id >= 2859320) AND (id <= 2869319))

table 8 : explain SELECT c FROM sbtest8 WHERE id BETWEEN 1867544 AND 1877543
	Bitmap Heap Scan on sbtest8  (cost=321.56..34370.40 rows=9866 width=121)
	  Recheck Cond: ((id >= 1867544) AND (id <= 1877543))
	  ->  Bitmap Index Scan on sbtest8_pkey  (cost=0.00..319.09 rows=9866 width=0)
	        Index Cond: ((id >= 1867544) AND (id <= 1877543))

for: sum_ranges
table 1 : explain SELECT SUM(k) FROM sbtest1 WHERE id BETWEEN 283958 AND 293957
	Aggregate  (cost=34018.84..34018.85 rows=1 width=8)
	  ->  Bitmap Heap Scan on sbtest1  (cost=316.76..33994.37 rows=9788 width=4)
	        Recheck Cond: ((id >= 283958) AND (id <= 293957))
	        ->  Bitmap Index Scan on sbtest1_pkey  (cost=0.00..314.31 rows=9788 width=0)
	              Index Cond: ((id >= 283958) AND (id <= 293957))

table 2 : explain SELECT SUM(k) FROM sbtest2 WHERE id BETWEEN 4151263 AND 4161262
	Aggregate  (cost=35970.29..35970.30 rows=1 width=8)
	  ->  Bitmap Heap Scan on sbtest2  (cost=339.21..35944.25 rows=10417 width=4)
	        Recheck Cond: ((id >= 4151263) AND (id <= 4161262))
	        ->  Bitmap Index Scan on sbtest2_pkey  (cost=0.00..336.61 rows=10417 width=0)
	              Index Cond: ((id >= 4151263) AND (id <= 4161262))

table 3 : explain SELECT SUM(k) FROM sbtest3 WHERE id BETWEEN 4801991 AND 4811990
	Aggregate  (cost=34368.83..34368.84 rows=1 width=8)
	  ->  Bitmap Heap Scan on sbtest3  (cost=321.67..34344.14 rows=9877 width=4)
	        Recheck Cond: ((id >= 4801991) AND (id <= 4811990))
	        ->  Bitmap Index Scan on sbtest3_pkey  (cost=0.00..319.20 rows=9877 width=0)
	              Index Cond: ((id >= 4801991) AND (id <= 4811990))

table 4 : explain SELECT SUM(k) FROM sbtest4 WHERE id BETWEEN 287601 AND 297600
	Aggregate  (cost=35012.64..35012.65 rows=1 width=8)
	  ->  Bitmap Heap Scan on sbtest4  (cost=327.43..34987.52 rows=10048 width=4)
	        Recheck Cond: ((id >= 287601) AND (id <= 297600))
	        ->  Bitmap Index Scan on sbtest4_pkey  (cost=0.00..324.92 rows=10048 width=0)
	              Index Cond: ((id >= 287601) AND (id <= 297600))

table 5 : explain SELECT SUM(k) FROM sbtest5 WHERE id BETWEEN 5446965 AND 5456964
	Aggregate  (cost=30733.73..30733.74 rows=1 width=8)
	  ->  Bitmap Heap Scan on sbtest5  (cost=286.54..30711.75 rows=8791 width=4)
	        Recheck Cond: ((id >= 5446965) AND (id <= 5456964))
	        ->  Bitmap Index Scan on sbtest5_pkey  (cost=0.00..284.34 rows=8791 width=0)
	              Index Cond: ((id >= 5446965) AND (id <= 5456964))

table 6 : explain SELECT SUM(k) FROM sbtest6 WHERE id BETWEEN 4576435 AND 4586434
	Aggregate  (cost=33728.23..33728.24 rows=1 width=8)
	  ->  Bitmap Heap Scan on sbtest6  (cost=315.88..33703.97 rows=9702 width=4)
	        Recheck Cond: ((id >= 4576435) AND (id <= 4586434))
	        ->  Bitmap Index Scan on sbtest6_pkey  (cost=0.00..313.45 rows=9702 width=0)
	              Index Cond: ((id >= 4576435) AND (id <= 4586434))

table 7 : explain SELECT SUM(k) FROM sbtest7 WHERE id BETWEEN 834393 AND 844392
	Aggregate  (cost=35511.75..35511.76 rows=1 width=8)
	  ->  Bitmap Heap Scan on sbtest7  (cost=328.97..35486.25 rows=10199 width=4)
	        Recheck Cond: ((id >= 834393) AND (id <= 844392))
	        ->  Bitmap Index Scan on sbtest7_pkey  (cost=0.00..326.43 rows=10199 width=0)
	              Index Cond: ((id >= 834393) AND (id <= 844392))

table 8 : explain SELECT SUM(k) FROM sbtest8 WHERE id BETWEEN 4600885 AND 4610884
	Aggregate  (cost=36281.05..36281.06 rows=1 width=8)
	  ->  Bitmap Heap Scan on sbtest8  (cost=339.65..36254.90 rows=10460 width=4)
	        Recheck Cond: ((id >= 4600885) AND (id <= 4610884))
	        ->  Bitmap Index Scan on sbtest8_pkey  (cost=0.00..337.04 rows=10460 width=0)
	              Index Cond: ((id >= 4600885) AND (id <= 4610884))

for: simple_ranges
table 1 : explain SELECT c FROM sbtest1 WHERE id BETWEEN 6620706 AND 6630705
	Bitmap Heap Scan on sbtest1  (cost=351.60..37318.80 rows=10845 width=121)
	  Recheck Cond: ((id >= 6620706) AND (id <= 6630705))
	  ->  Bitmap Index Scan on sbtest1_pkey  (cost=0.00..348.88 rows=10845 width=0)
	        Index Cond: ((id >= 6620706) AND (id <= 6630705))

table 2 : explain SELECT c FROM sbtest2 WHERE id BETWEEN 3446772 AND 3456771
	Bitmap Heap Scan on sbtest2  (cost=309.83..33057.01 rows=9502 width=121)
	  Recheck Cond: ((id >= 3446772) AND (id <= 3456771))
	  ->  Bitmap Index Scan on sbtest2_pkey  (cost=0.00..307.45 rows=9502 width=0)
	        Index Cond: ((id >= 3446772) AND (id <= 3456771))

table 3 : explain SELECT c FROM sbtest3 WHERE id BETWEEN 9165756 AND 9175755
	Bitmap Heap Scan on sbtest3  (cost=322.80..34691.46 rows=9987 width=121)
	  Recheck Cond: ((id >= 9165756) AND (id <= 9175755))
	  ->  Bitmap Index Scan on sbtest3_pkey  (cost=0.00..320.31 rows=9987 width=0)
	        Index Cond: ((id >= 9165756) AND (id <= 9175755))

table 4 : explain SELECT c FROM sbtest4 WHERE id BETWEEN 2549495 AND 2559494
	Bitmap Heap Scan on sbtest4  (cost=334.62..35972.53 rows=10360 width=121)
	  Recheck Cond: ((id >= 2549495) AND (id <= 2559494))
	  ->  Bitmap Index Scan on sbtest4_pkey  (cost=0.00..332.04 rows=10360 width=0)
	        Index Cond: ((id >= 2549495) AND (id <= 2559494))

table 5 : explain SELECT c FROM sbtest5 WHERE id BETWEEN 1199015 AND 1209014
	Bitmap Heap Scan on sbtest5  (cost=321.89..34221.86 rows=9898 width=121)
	  Recheck Cond: ((id >= 1199015) AND (id <= 1209014))
	  ->  Bitmap Index Scan on sbtest5_pkey  (cost=0.00..319.42 rows=9898 width=0)
	        Index Cond: ((id >= 1199015) AND (id <= 1209014))

table 6 : explain SELECT c FROM sbtest6 WHERE id BETWEEN 937173 AND 947172
	Bitmap Heap Scan on sbtest6  (cost=309.78..33053.59 rows=9497 width=121)
	  Recheck Cond: ((id >= 937173) AND (id <= 947172))
	  ->  Bitmap Index Scan on sbtest6_pkey  (cost=0.00..307.41 rows=9497 width=0)
	        Index Cond: ((id >= 937173) AND (id <= 947172))

table 7 : explain SELECT c FROM sbtest7 WHERE id BETWEEN 2643243 AND 2653242
	Bitmap Heap Scan on sbtest7  (cost=305.04..33014.05 rows=9425 width=121)
	  Recheck Cond: ((id >= 2643243) AND (id <= 2653242))
	  ->  Bitmap Index Scan on sbtest7_pkey  (cost=0.00..302.69 rows=9425 width=0)
	        Index Cond: ((id >= 2643243) AND (id <= 2653242))

table 8 : explain SELECT c FROM sbtest8 WHERE id BETWEEN 8979463 AND 8989462
	Bitmap Heap Scan on sbtest8  (cost=328.08..35151.59 rows=10112 width=121)
	  Recheck Cond: ((id >= 8979463) AND (id <= 8989462))
	  ->  Bitmap Index Scan on sbtest8_pkey  (cost=0.00..325.56 rows=10112 width=0)
	        Index Cond: ((id >= 8979463) AND (id <= 8989462))

for: sum_ranges
table 1 : explain SELECT SUM(k) FROM sbtest1 WHERE id BETWEEN 9969757 AND 9979756
	Aggregate  (cost=33013.10..33013.11 rows=1 width=8)
	  ->  Bitmap Heap Scan on sbtest1  (cost=309.50..32989.43 rows=9470 width=4)
	        Recheck Cond: ((id >= 9969757) AND (id <= 9979756))
	        ->  Bitmap Index Scan on sbtest1_pkey  (cost=0.00..307.13 rows=9470 width=0)
	              Index Cond: ((id >= 9969757) AND (id <= 9979756))

table 2 : explain SELECT SUM(k) FROM sbtest2 WHERE id BETWEEN 3969730 AND 3979729
	Aggregate  (cost=39417.74..39417.75 rows=1 width=8)
	  ->  Bitmap Heap Scan on sbtest2  (cost=374.57..39388.93 rows=11525 width=4)
	        Recheck Cond: ((id >= 3969730) AND (id <= 3979729))
	        ->  Bitmap Index Scan on sbtest2_pkey  (cost=0.00..371.69 rows=11525 width=0)
	              Index Cond: ((id >= 3969730) AND (id <= 3979729))

table 3 : explain SELECT SUM(k) FROM sbtest3 WHERE id BETWEEN 6515902 AND 6525901
	Aggregate  (cost=34075.35..34075.36 rows=1 width=8)
	  ->  Bitmap Heap Scan on sbtest3  (cost=316.73..34050.89 rows=9785 width=4)
	        Recheck Cond: ((id >= 6515902) AND (id <= 6525901))
	        ->  Bitmap Index Scan on sbtest3_pkey  (cost=0.00..314.29 rows=9785 width=0)
	              Index Cond: ((id >= 6515902) AND (id <= 6525901))

table 4 : explain SELECT SUM(k) FROM sbtest4 WHERE id BETWEEN 5386825 AND 5396824
	Aggregate  (cost=36145.17..36145.18 rows=1 width=8)
	  ->  Bitmap Heap Scan on sbtest4  (cost=339.09..36119.16 rows=10405 width=4)
	        Recheck Cond: ((id >= 5386825) AND (id <= 5396824))
	        ->  Bitmap Index Scan on sbtest4_pkey  (cost=0.00..336.49 rows=10405 width=0)
	              Index Cond: ((id >= 5386825) AND (id <= 5396824))

table 5 : explain SELECT SUM(k) FROM sbtest5 WHERE id BETWEEN 8028775 AND 8038774
	Aggregate  (cost=34895.00..34895.01 rows=1 width=8)
	  ->  Bitmap Heap Scan on sbtest5  (cost=328.01..34869.73 rows=10105 width=4)
	        Recheck Cond: ((id >= 8028775) AND (id <= 8038774))
	        ->  Bitmap Index Scan on sbtest5_pkey  (cost=0.00..325.49 rows=10105 width=0)
	              Index Cond: ((id >= 8028775) AND (id <= 8038774))

table 6 : explain SELECT SUM(k) FROM sbtest6 WHERE id BETWEEN 5125987 AND 5135986
	Aggregate  (cost=33942.42..33942.43 rows=1 width=8)
	  ->  Bitmap Heap Scan on sbtest6  (cost=316.58..33917.99 rows=9770 width=4)
	        Recheck Cond: ((id >= 5125987) AND (id <= 5135986))
	        ->  Bitmap Index Scan on sbtest6_pkey  (cost=0.00..314.13 rows=9770 width=0)
	              Index Cond: ((id >= 5125987) AND (id <= 5135986))

table 7 : explain SELECT SUM(k) FROM sbtest7 WHERE id BETWEEN 8351891 AND 8361890
	Aggregate  (cost=33888.18..33888.19 rows=1 width=8)
	  ->  Bitmap Heap Scan on sbtest7  (cost=315.75..33863.96 rows=9689 width=4)
	        Recheck Cond: ((id >= 8351891) AND (id <= 8361890))
	        ->  Bitmap Index Scan on sbtest7_pkey  (cost=0.00..313.32 rows=9689 width=0)
	              Index Cond: ((id >= 8351891) AND (id <= 8361890))

table 8 : explain SELECT SUM(k) FROM sbtest8 WHERE id BETWEEN 6948985 AND 6958984
	Aggregate  (cost=33050.04..33050.05 rows=1 width=8)
	  ->  Bitmap Heap Scan on sbtest8  (cost=305.26..33026.42 rows=9446 width=4)
	        Recheck Cond: ((id >= 6948985) AND (id <= 6958984))
	        ->  Bitmap Index Scan on sbtest8_pkey  (cost=0.00..302.90 rows=9446 width=0)
	              Index Cond: ((id >= 6948985) AND (id <= 6958984))

for: sum_ranges
table 1 : explain SELECT SUM(k) FROM sbtest1 WHERE id BETWEEN 3892662 AND 3902661
	Aggregate  (cost=37795.13..37795.14 rows=1 width=8)
	  ->  Bitmap Heap Scan on sbtest1  (cost=357.07..37767.66 rows=10989 width=4)
	        Recheck Cond: ((id >= 3892662) AND (id <= 3902661))
	        ->  Bitmap Index Scan on sbtest1_pkey  (cost=0.00..354.32 rows=10989 width=0)
	              Index Cond: ((id >= 3892662) AND (id <= 3902661))

table 2 : explain SELECT SUM(k) FROM sbtest2 WHERE id BETWEEN 9829484 AND 9839483
	Aggregate  (cost=34558.23..34558.24 rows=1 width=8)
	  ->  Bitmap Heap Scan on sbtest2  (cost=322.62..34533.31 rows=9969 width=4)
	        Recheck Cond: ((id >= 9829484) AND (id <= 9839483))
	        ->  Bitmap Index Scan on sbtest2_pkey  (cost=0.00..320.12 rows=9969 width=0)
	              Index Cond: ((id >= 9829484) AND (id <= 9839483))

table 3 : explain SELECT SUM(k) FROM sbtest3 WHERE id BETWEEN 9213382 AND 9223381
	Aggregate  (cost=35790.41..35790.42 rows=1 width=8)
	  ->  Bitmap Heap Scan on sbtest3  (cost=334.29..35764.59 rows=10327 width=4)
	        Recheck Cond: ((id >= 9213382) AND (id <= 9223381))
	        ->  Bitmap Index Scan on sbtest3_pkey  (cost=0.00..331.70 rows=10327 width=0)
	              Index Cond: ((id >= 9213382) AND (id <= 9223381))

table 4 : explain SELECT SUM(k) FROM sbtest4 WHERE id BETWEEN 8569282 AND 8579281
	Aggregate  (cost=34306.81..34306.82 rows=1 width=8)
	  ->  Bitmap Heap Scan on sbtest4  (cost=317.17..34282.24 rows=9828 width=4)
	        Recheck Cond: ((id >= 8569282) AND (id <= 8579281))
	        ->  Bitmap Index Scan on sbtest4_pkey  (cost=0.00..314.71 rows=9828 width=0)
	              Index Cond: ((id >= 8569282) AND (id <= 8579281))

table 5 : explain SELECT SUM(k) FROM sbtest5 WHERE id BETWEEN 8518046 AND 8528045
	Aggregate  (cost=33304.58..33304.59 rows=1 width=8)
	  ->  Bitmap Heap Scan on sbtest5  (cost=310.83..33280.58 rows=9600 width=4)
	        Recheck Cond: ((id >= 8518046) AND (id <= 8528045))
	        ->  Bitmap Index Scan on sbtest5_pkey  (cost=0.00..308.44 rows=9600 width=0)
	              Index Cond: ((id >= 8518046) AND (id <= 8528045))

table 6 : explain SELECT SUM(k) FROM sbtest6 WHERE id BETWEEN 1821886 AND 1831885
	Aggregate  (cost=33321.32..33321.33 rows=1 width=8)
	  ->  Bitmap Heap Scan on sbtest6  (cost=310.57..33297.38 rows=9574 width=4)
	        Recheck Cond: ((id >= 1821886) AND (id <= 1831885))
	        ->  Bitmap Index Scan on sbtest6_pkey  (cost=0.00..308.18 rows=9574 width=0)
	              Index Cond: ((id >= 1821886) AND (id <= 1831885))

table 7 : explain SELECT SUM(k) FROM sbtest7 WHERE id BETWEEN 5649543 AND 5659542
	Aggregate  (cost=33356.64..33356.65 rows=1 width=8)
	  ->  Bitmap Heap Scan on sbtest7  (cost=310.05..33332.83 rows=9523 width=4)
	        Recheck Cond: ((id >= 5649543) AND (id <= 5659542))
	        ->  Bitmap Index Scan on sbtest7_pkey  (cost=0.00..307.67 rows=9523 width=0)
	              Index Cond: ((id >= 5649543) AND (id <= 5659542))

table 8 : explain SELECT SUM(k) FROM sbtest8 WHERE id BETWEEN 6986631 AND 6996630
	Aggregate  (cost=33050.04..33050.05 rows=1 width=8)
	  ->  Bitmap Heap Scan on sbtest8  (cost=305.26..33026.42 rows=9446 width=4)
	        Recheck Cond: ((id >= 6986631) AND (id <= 6996630))
	        ->  Bitmap Index Scan on sbtest8_pkey  (cost=0.00..302.90 rows=9446 width=0)
	              Index Cond: ((id >= 6986631) AND (id <= 6996630))

for point_selects
table 1 : explain SELECT c FROM sbtest1 WHERE id=4158027
	Index Scan using sbtest1_pkey on sbtest1  (cost=0.43..8.45 rows=1 width=121)
	  Index Cond: (id = 4158027)

table 2 : explain SELECT c FROM sbtest2 WHERE id=2549688
	Index Scan using sbtest2_pkey on sbtest2  (cost=0.43..8.45 rows=1 width=121)
	  Index Cond: (id = 2549688)

table 3 : explain SELECT c FROM sbtest3 WHERE id=4117022
	Index Scan using sbtest3_pkey on sbtest3  (cost=0.43..8.45 rows=1 width=121)
	  Index Cond: (id = 4117022)

table 4 : explain SELECT c FROM sbtest4 WHERE id=6198265
	Index Scan using sbtest4_pkey on sbtest4  (cost=0.43..8.45 rows=1 width=121)
	  Index Cond: (id = 6198265)

table 5 : explain SELECT c FROM sbtest5 WHERE id=1353557
	Index Scan using sbtest5_pkey on sbtest5  (cost=0.43..8.45 rows=1 width=121)
	  Index Cond: (id = 1353557)

table 6 : explain SELECT c FROM sbtest6 WHERE id=2048045
	Index Scan using sbtest6_pkey on sbtest6  (cost=0.43..8.45 rows=1 width=121)
	  Index Cond: (id = 2048045)

table 7 : explain SELECT c FROM sbtest7 WHERE id=4140729
	Index Scan using sbtest7_pkey on sbtest7  (cost=0.43..8.45 rows=1 width=121)
	  Index Cond: (id = 4140729)

table 8 : explain SELECT c FROM sbtest8 WHERE id=1652857
	Index Scan using sbtest8_pkey on sbtest8  (cost=0.43..8.45 rows=1 width=121)
	  Index Cond: (id = 1652857)

for: distinct_ranges
table 1 : explain SELECT DISTINCT c FROM sbtest1 WHERE id BETWEEN 5233491 AND 5243490 ORDER BY c
	Unique  (cost=35253.85..35303.73 rows=9976 width=121)
	  ->  Sort  (cost=35253.85..35278.79 rows=9976 width=121)
	        Sort Key: c
	        ->  Bitmap Heap Scan on sbtest1  (cost=322.69..34591.23 rows=9976 width=121)
	              Recheck Cond: ((id >= 5233491) AND (id <= 5243490))
	              ->  Bitmap Index Scan on sbtest1_pkey  (cost=0.00..320.19 rows=9976 width=0)
	                    Index Cond: ((id >= 5233491) AND (id <= 5243490))

table 2 : explain SELECT DISTINCT c FROM sbtest2 WHERE id BETWEEN 4897123 AND 4907122 ORDER BY c
	Unique  (cost=35069.60..35119.24 rows=9929 width=121)
	  ->  Sort  (cost=35069.60..35094.42 rows=9929 width=121)
	        Sort Key: c
	        ->  Bitmap Heap Scan on sbtest2  (cost=322.21..34410.44 rows=9929 width=121)
	              Recheck Cond: ((id >= 4897123) AND (id <= 4907122))
	              ->  Bitmap Index Scan on sbtest2_pkey  (cost=0.00..319.73 rows=9929 width=0)
	                    Index Cond: ((id >= 4897123) AND (id <= 4907122))

table 3 : explain SELECT DISTINCT c FROM sbtest3 WHERE id BETWEEN 5668429 AND 5678428 ORDER BY c
	Unique  (cost=34349.88..34398.26 rows=9677 width=121)
	  ->  Sort  (cost=34349.88..34374.07 rows=9677 width=121)
	        Sort Key: c
	        ->  Bitmap Heap Scan on sbtest3  (cost=315.62..33709.24 rows=9677 width=121)
	              Recheck Cond: ((id >= 5668429) AND (id <= 5678428))
	              ->  Bitmap Index Scan on sbtest3_pkey  (cost=0.00..313.20 rows=9677 width=0)
	                    Index Cond: ((id >= 5668429) AND (id <= 5678428))

table 4 : explain SELECT DISTINCT c FROM sbtest4 WHERE id BETWEEN 4876366 AND 4886365 ORDER BY c
	Unique  (cost=34630.00..34678.67 rows=9734 width=121)
	  ->  Sort  (cost=34630.00..34654.33 rows=9734 width=121)
	        Sort Key: c
	        ->  Bitmap Heap Scan on sbtest4  (cost=316.21..33985.18 rows=9734 width=121)
	              Recheck Cond: ((id >= 4876366) AND (id <= 4886365))
	              ->  Bitmap Index Scan on sbtest4_pkey  (cost=0.00..313.78 rows=9734 width=0)
	                    Index Cond: ((id >= 4876366) AND (id <= 4886365))

table 5 : explain SELECT DISTINCT c FROM sbtest5 WHERE id BETWEEN 1103223 AND 1113222 ORDER BY c
	Unique  (cost=35637.20..35687.87 rows=10134 width=121)
	  ->  Sort  (cost=35637.20..35662.53 rows=10134 width=121)
	        Sort Key: c
	        ->  Bitmap Heap Scan on sbtest5  (cost=328.31..34962.93 rows=10134 width=121)
	              Recheck Cond: ((id >= 1103223) AND (id <= 1113222))
	              ->  Bitmap Index Scan on sbtest5_pkey  (cost=0.00..325.78 rows=10134 width=0)
	                    Index Cond: ((id >= 1103223) AND (id <= 1113222))

table 6 : explain SELECT DISTINCT c FROM sbtest6 WHERE id BETWEEN 3909831 AND 3919830 ORDER BY c
	Unique  (cost=38051.06..38105.33 rows=10855 width=121)
	  ->  Sort  (cost=38051.06..38078.20 rows=10855 width=121)
	        Sort Key: c
	        ->  Bitmap Heap Scan on sbtest6  (cost=351.70..37323.44 rows=10855 width=121)
	              Recheck Cond: ((id >= 3909831) AND (id <= 3919830))
	              ->  Bitmap Index Scan on sbtest6_pkey  (cost=0.00..348.99 rows=10855 width=0)
	                    Index Cond: ((id >= 3909831) AND (id <= 3919830))

table 7 : explain SELECT DISTINCT c FROM sbtest7 WHERE id BETWEEN 9212425 AND 9222424 ORDER BY c
	Unique  (cost=33205.59..33252.06 rows=9294 width=121)
	  ->  Sort  (cost=33205.59..33228.83 rows=9294 width=121)
	        Sort Key: c
	        ->  Bitmap Heap Scan on sbtest7  (cost=299.70..32593.02 rows=9294 width=121)
	              Recheck Cond: ((id >= 9212425) AND (id <= 9222424))
	              ->  Bitmap Index Scan on sbtest7_pkey  (cost=0.00..297.38 rows=9294 width=0)
	                    Index Cond: ((id >= 9212425) AND (id <= 9222424))

table 8 : explain SELECT DISTINCT c FROM sbtest8 WHERE id BETWEEN 5080078 AND 5090077 ORDER BY c
	Unique  (cost=32968.95..33015.14 rows=9238 width=121)
	  ->  Sort  (cost=32968.95..32992.05 rows=9238 width=121)
	        Sort Key: c
	        ->  Bitmap Heap Scan on sbtest8  (cost=299.12..32360.48 rows=9238 width=121)
	              Recheck Cond: ((id >= 5080078) AND (id <= 5090077))
	              ->  Bitmap Index Scan on sbtest8_pkey  (cost=0.00..296.81 rows=9238 width=0)
	                    Index Cond: ((id >= 5080078) AND (id <= 5090077))

for: order_ranges
table 1 : explain SELECT c FROM sbtest1 WHERE id BETWEEN 7817700 AND 7827699 ORDER BY c
	Sort  (cost=33764.73..33788.52 rows=9516 width=121)
	  Sort Key: c
	  ->  Bitmap Heap Scan on sbtest1  (cost=309.97..33135.90 rows=9516 width=121)
	        Recheck Cond: ((id >= 7817700) AND (id <= 7827699))
	        ->  Bitmap Index Scan on sbtest1_pkey  (cost=0.00..307.59 rows=9516 width=0)
	              Index Cond: ((id >= 7817700) AND (id <= 7827699))

table 2 : explain SELECT c FROM sbtest2 WHERE id BETWEEN 3555458 AND 3565457 ORDER BY c
	Sort  (cost=36807.23..36833.41 rows=10470 width=121)
	  Sort Key: c
	  ->  Bitmap Heap Scan on sbtest2  (cost=339.75..36108.15 rows=10470 width=121)
	        Recheck Cond: ((id >= 3555458) AND (id <= 3565457))
	        ->  Bitmap Index Scan on sbtest2_pkey  (cost=0.00..337.13 rows=10470 width=0)
	              Index Cond: ((id >= 3555458) AND (id <= 3565457))

table 3 : explain SELECT c FROM sbtest3 WHERE id BETWEEN 2437604 AND 2447603 ORDER BY c
	Sort  (cost=36400.13..36425.90 rows=10310 width=121)
	  Sort Key: c
	  ->  Bitmap Heap Scan on sbtest3  (cost=334.11..35712.88 rows=10310 width=121)
	        Recheck Cond: ((id >= 2437604) AND (id <= 2447603))
	        ->  Bitmap Index Scan on sbtest3_pkey  (cost=0.00..331.54 rows=10310 width=0)
	              Index Cond: ((id >= 2437604) AND (id <= 2447603))

table 4 : explain SELECT c FROM sbtest4 WHERE id BETWEEN 7161570 AND 7171569 ORDER BY c
	Sort  (cost=36823.37..36849.39 rows=10408 width=121)
	  Sort Key: c
	  ->  Bitmap Heap Scan on sbtest4  (cost=339.12..36128.88 rows=10408 width=121)
	        Recheck Cond: ((id >= 7161570) AND (id <= 7171569))
	        ->  Bitmap Index Scan on sbtest4_pkey  (cost=0.00..336.51 rows=10408 width=0)
	              Index Cond: ((id >= 7161570) AND (id <= 7171569))

table 5 : explain SELECT c FROM sbtest5 WHERE id BETWEEN 6932 AND 16931 ORDER BY c
	Sort  (cost=37233.85..37260.44 rows=10634 width=121)
	  Sort Key: c
	  ->  Bitmap Heap Scan on sbtest5  (cost=345.43..36522.63 rows=10634 width=121)
	        Recheck Cond: ((id >= 6932) AND (id <= 16931))
	        ->  Bitmap Index Scan on sbtest5_pkey  (cost=0.00..342.78 rows=10634 width=0)
	              Index Cond: ((id >= 6932) AND (id <= 16931))

table 6 : explain SELECT c FROM sbtest6 WHERE id BETWEEN 7671383 AND 7681382 ORDER BY c
	Sort  (cost=34176.36..34200.48 rows=9650 width=121)
	  Sort Key: c
	  ->  Bitmap Heap Scan on sbtest6  (cost=311.35..33537.70 rows=9650 width=121)
	        Recheck Cond: ((id >= 7671383) AND (id <= 7681382))
	        ->  Bitmap Index Scan on sbtest6_pkey  (cost=0.00..308.94 rows=9650 width=0)
	              Index Cond: ((id >= 7671383) AND (id <= 7681382))

table 7 : explain SELECT c FROM sbtest7 WHERE id BETWEEN 4872934 AND 4882933 ORDER BY c
	Sort  (cost=35281.50..35306.31 rows=9927 width=121)
	  Sort Key: c
	  ->  Bitmap Heap Scan on sbtest7  (cost=322.19..34622.49 rows=9927 width=121)
	        Recheck Cond: ((id >= 4872934) AND (id <= 4882933))
	        ->  Bitmap Index Scan on sbtest7_pkey  (cost=0.00..319.70 rows=9927 width=0)
	              Index Cond: ((id >= 4872934) AND (id <= 4882933))

table 8 : explain SELECT c FROM sbtest8 WHERE id BETWEEN 6182830 AND 6192829 ORDER BY c
	Sort  (cost=36578.29..36604.15 rows=10345 width=121)
	  Sort Key: c
	  ->  Bitmap Heap Scan on sbtest8  (cost=334.47..35888.45 rows=10345 width=121)
	        Recheck Cond: ((id >= 6182830) AND (id <= 6192829))
	        ->  Bitmap Index Scan on sbtest8_pkey  (cost=0.00..331.88 rows=10345 width=0)
	              Index Cond: ((id >= 6182830) AND (id <= 6192829))

for: order_ranges
table 1 : explain SELECT c FROM sbtest1 WHERE id BETWEEN 2996756 AND 3006755 ORDER BY c
	Sort  (cost=35797.18..35822.54 rows=10144 width=121)
	  Sort Key: c
	  ->  Bitmap Heap Scan on sbtest1  (cost=328.41..35122.18 rows=10144 width=121)
	        Recheck Cond: ((id >= 2996756) AND (id <= 3006755))
	        ->  Bitmap Index Scan on sbtest1_pkey  (cost=0.00..325.88 rows=10144 width=0)
	              Index Cond: ((id >= 2996756) AND (id <= 3006755))

table 2 : explain SELECT c FROM sbtest2 WHERE id BETWEEN 6766298 AND 6776297 ORDER BY c
	Sort  (cost=39210.92..39238.98 rows=11224 width=121)
	  Sort Key: c
	  ->  Bitmap Heap Scan on sbtest2  (cost=363.48..38455.87 rows=11224 width=121)
	        Recheck Cond: ((id >= 6766298) AND (id <= 6776297))
	        ->  Bitmap Index Scan on sbtest2_pkey  (cost=0.00..360.68 rows=11224 width=0)
	              Index Cond: ((id >= 6766298) AND (id <= 6776297))

table 3 : explain SELECT c FROM sbtest3 WHERE id BETWEEN 7952590 AND 7962589 ORDER BY c
	Sort  (cost=34613.01..34637.41 rows=9759 width=121)
	  Sort Key: c
	  ->  Bitmap Heap Scan on sbtest3  (cost=316.46..33966.35 rows=9759 width=121)
	        Recheck Cond: ((id >= 7952590) AND (id <= 7962589))
	        ->  Bitmap Index Scan on sbtest3_pkey  (cost=0.00..314.03 rows=9759 width=0)
	              Index Cond: ((id >= 7952590) AND (id <= 7962589))

table 4 : explain SELECT c FROM sbtest4 WHERE id BETWEEN 9674837 AND 9684836 ORDER BY c
	Sort  (cost=34887.27..34911.81 rows=9814 width=121)
	  Sort Key: c
	  ->  Bitmap Heap Scan on sbtest4  (cost=317.03..34236.57 rows=9814 width=121)
	        Recheck Cond: ((id >= 9674837) AND (id <= 9684836))
	        ->  Bitmap Index Scan on sbtest4_pkey  (cost=0.00..314.57 rows=9814 width=0)
	              Index Cond: ((id >= 9674837) AND (id <= 9684836))

table 5 : explain SELECT c FROM sbtest5 WHERE id BETWEEN 7051246 AND 7061245 ORDER BY c
	Sort  (cost=37933.82..37960.96 rows=10855 width=121)
	  Sort Key: c
	  ->  Bitmap Heap Scan on sbtest5  (cost=351.70..37206.20 rows=10855 width=121)
	        Recheck Cond: ((id >= 7051246) AND (id <= 7061245))
	        ->  Bitmap Index Scan on sbtest5_pkey  (cost=0.00..348.99 rows=10855 width=0)
	              Index Cond: ((id >= 7051246) AND (id <= 7061245))

table 6 : explain SELECT c FROM sbtest6 WHERE id BETWEEN 2259663 AND 2269662 ORDER BY c
	Sort  (cost=38296.64..38323.97 rows=10932 width=121)
	  Sort Key: c
	  ->  Bitmap Heap Scan on sbtest6  (cost=352.49..37563.31 rows=10932 width=121)
	        Recheck Cond: ((id >= 2259663) AND (id <= 2269662))
	        ->  Bitmap Index Scan on sbtest6_pkey  (cost=0.00..349.75 rows=10932 width=0)
	              Index Cond: ((id >= 2259663) AND (id <= 2269662))

table 7 : explain SELECT c FROM sbtest7 WHERE id BETWEEN 9671885 AND 9681884 ORDER BY c
	Sort  (cost=37521.88..37548.42 rows=10616 width=121)
	  Sort Key: c
	  ->  Bitmap Heap Scan on sbtest7  (cost=345.25..36811.99 rows=10616 width=121)
	        Recheck Cond: ((id >= 9671885) AND (id <= 9681884))
	        ->  Bitmap Index Scan on sbtest7_pkey  (cost=0.00..342.59 rows=10616 width=0)
	              Index Cond: ((id >= 9671885) AND (id <= 9681884))

table 8 : explain SELECT c FROM sbtest8 WHERE id BETWEEN 3525623 AND 3535622 ORDER BY c
	Sort  (cost=32958.89..32981.98 rows=9235 width=121)
	  Sort Key: c
	  ->  Bitmap Heap Scan on sbtest8  (cost=299.09..32350.64 rows=9235 width=121)
	        Recheck Cond: ((id >= 3525623) AND (id <= 3535622))
	        ->  Bitmap Index Scan on sbtest8_pkey  (cost=0.00..296.79 rows=9235 width=0)
	              Index Cond: ((id >= 3525623) AND (id <= 3535622))

explain: for point_selects :: explain SELECT c FROM sbtest%u WHERE id=%u
explain: for point_selects :: explain SELECT c FROM sbtest%u WHERE id=%u
for: order_ranges
table 1 : explain SELECT c FROM sbtest1 WHERE id BETWEEN 6015558 AND 6025557 ORDER BY c
	Sort  (cost=35912.84..35938.29 rows=10180 width=121)
	  Sort Key: c
	  ->  Bitmap Heap Scan on sbtest1  (cost=328.78..35235.19 rows=10180 width=121)
	        Recheck Cond: ((id >= 6015558) AND (id <= 6025557))
	        ->  Bitmap Index Scan on sbtest1_pkey  (cost=0.00..326.24 rows=10180 width=0)
	              Index Cond: ((id >= 6015558) AND (id <= 6025557))

table 2 : explain SELECT c FROM sbtest2 WHERE id BETWEEN 861631 AND 871630 ORDER BY c
	Sort  (cost=35082.92..35107.76 rows=9934 width=121)
	  Sort Key: c
	  ->  Bitmap Heap Scan on sbtest2  (cost=322.26..34423.40 rows=9934 width=121)
	        Recheck Cond: ((id >= 861631) AND (id <= 871630))
	        ->  Bitmap Index Scan on sbtest2_pkey  (cost=0.00..319.78 rows=9934 width=0)
	              Index Cond: ((id >= 861631) AND (id <= 871630))

table 3 : explain SELECT c FROM sbtest3 WHERE id BETWEEN 6533027 AND 6543026 ORDER BY c
	Sort  (cost=32864.80..32887.86 rows=9223 width=121)
	  Sort Key: c
	  ->  Bitmap Heap Scan on sbtest3  (cost=298.97..32257.42 rows=9223 width=121)
	        Recheck Cond: ((id >= 6533027) AND (id <= 6543026))
	        ->  Bitmap Index Scan on sbtest3_pkey  (cost=0.00..296.67 rows=9223 width=0)
	              Index Cond: ((id >= 6533027) AND (id <= 6543026))

table 4 : explain SELECT c FROM sbtest4 WHERE id BETWEEN 7079098 AND 7089097 ORDER BY c
	Sort  (cost=41155.42..41184.81 rows=11758 width=121)
	  Sort Key: c
	  ->  Bitmap Heap Scan on sbtest4  (cost=380.95..40360.50 rows=11758 width=121)
	        Recheck Cond: ((id >= 7079098) AND (id <= 7089097))
	        ->  Bitmap Index Scan on sbtest4_pkey  (cost=0.00..378.01 rows=11758 width=0)
	              Index Cond: ((id >= 7079098) AND (id <= 7089097))

table 5 : explain SELECT c FROM sbtest5 WHERE id BETWEEN 2536380 AND 2546379 ORDER BY c
	Sort  (cost=35234.78..35259.81 rows=10009 width=121)
	  Sort Key: c
	  ->  Bitmap Heap Scan on sbtest5  (cost=323.03..34569.74 rows=10009 width=121)
	        Recheck Cond: ((id >= 2536380) AND (id <= 2546379))
	        ->  Bitmap Index Scan on sbtest5_pkey  (cost=0.00..320.53 rows=10009 width=0)
	              Index Cond: ((id >= 2536380) AND (id <= 2546379))

table 6 : explain SELECT c FROM sbtest6 WHERE id BETWEEN 1507773 AND 1517772 ORDER BY c
	Sort  (cost=33393.97..33417.49 rows=9409 width=121)
	  Sort Key: c
	  ->  Bitmap Heap Scan on sbtest6  (cost=304.88..32772.98 rows=9409 width=121)
	        Recheck Cond: ((id >= 1507773) AND (id <= 1517772))
	        ->  Bitmap Index Scan on sbtest6_pkey  (cost=0.00..302.53 rows=9409 width=0)
	              Index Cond: ((id >= 1507773) AND (id <= 1517772))

table 7 : explain SELECT c FROM sbtest7 WHERE id BETWEEN 3494650 AND 3504649 ORDER BY c
	Sort  (cost=35825.60..35850.84 rows=10093 width=121)
	  Sort Key: c
	  ->  Bitmap Heap Scan on sbtest7  (cost=327.89..35154.37 rows=10093 width=121)
	        Recheck Cond: ((id >= 3494650) AND (id <= 3504649))
	        ->  Bitmap Index Scan on sbtest7_pkey  (cost=0.00..325.37 rows=10093 width=0)
	              Index Cond: ((id >= 3494650) AND (id <= 3504649))

table 8 : explain SELECT c FROM sbtest8 WHERE id BETWEEN 2153270 AND 2163269 ORDER BY c
	Sort  (cost=36435.76..36461.51 rows=10301 width=121)
	  Sort Key: c
	  ->  Bitmap Heap Scan on sbtest8  (cost=334.02..35749.17 rows=10301 width=121)
	        Recheck Cond: ((id >= 2153270) AND (id <= 2163269))
	        ->  Bitmap Index Scan on sbtest8_pkey  (cost=0.00..331.44 rows=10301 width=0)
	              Index Cond: ((id >= 2153270) AND (id <= 2163269))

for: simple_ranges
table 1 : explain SELECT c FROM sbtest1 WHERE id BETWEEN 4681842 AND 4691841
	Bitmap Heap Scan on sbtest1  (cost=310.19..33200.99 rows=9537 width=121)
	  Recheck Cond: ((id >= 4681842) AND (id <= 4691841))
	  ->  Bitmap Index Scan on sbtest1_pkey  (cost=0.00..307.81 rows=9537 width=0)
	        Index Cond: ((id >= 4681842) AND (id <= 4691841))

table 2 : explain SELECT c FROM sbtest2 WHERE id BETWEEN 2193395 AND 2203394
	Bitmap Heap Scan on sbtest2  (cost=299.32..32277.44 rows=9257 width=121)
	  Recheck Cond: ((id >= 2193395) AND (id <= 2203394))
	  ->  Bitmap Index Scan on sbtest2_pkey  (cost=0.00..297.00 rows=9257 width=0)
	        Index Cond: ((id >= 2193395) AND (id <= 2203394))

table 3 : explain SELECT c FROM sbtest3 WHERE id BETWEEN 1410539 AND 1420538
	Bitmap Heap Scan on sbtest3  (cost=317.07..34154.93 rows=9818 width=121)
	  Recheck Cond: ((id >= 1410539) AND (id <= 1420538))
	  ->  Bitmap Index Scan on sbtest3_pkey  (cost=0.00..314.62 rows=9818 width=0)
	        Index Cond: ((id >= 1410539) AND (id <= 1420538))

table 4 : explain SELECT c FROM sbtest4 WHERE id BETWEEN 7523425 AND 7533424
	Bitmap Heap Scan on sbtest4  (cost=316.59..34102.73 rows=9771 width=121)
	  Recheck Cond: ((id >= 7523425) AND (id <= 7533424))
	  ->  Bitmap Index Scan on sbtest4_pkey  (cost=0.00..314.15 rows=9771 width=0)
	        Index Cond: ((id >= 7523425) AND (id <= 7533424))

table 5 : explain SELECT c FROM sbtest5 WHERE id BETWEEN 54344 AND 64343
	Bitmap Heap Scan on sbtest5  (cost=345.43..36522.63 rows=10634 width=121)
	  Recheck Cond: ((id >= 54344) AND (id <= 64343))
	  ->  Bitmap Index Scan on sbtest5_pkey  (cost=0.00..342.78 rows=10634 width=0)
	        Index Cond: ((id >= 54344) AND (id <= 64343))

table 6 : explain SELECT c FROM sbtest6 WHERE id BETWEEN 8860979 AND 8870978
	Bitmap Heap Scan on sbtest6  (cost=345.07..36527.90 rows=10599 width=121)
	  Recheck Cond: ((id >= 8860979) AND (id <= 8870978))
	  ->  Bitmap Index Scan on sbtest6_pkey  (cost=0.00..342.43 rows=10599 width=0)
	        Index Cond: ((id >= 8860979) AND (id <= 8870978))

table 7 : explain SELECT c FROM sbtest7 WHERE id BETWEEN 8242265 AND 8252264
	Bitmap Heap Scan on sbtest7  (cost=317.11..34285.58 rows=9822 width=121)
	  Recheck Cond: ((id >= 8242265) AND (id <= 8252264))
	  ->  Bitmap Index Scan on sbtest7_pkey  (cost=0.00..314.66 rows=9822 width=0)
	        Index Cond: ((id >= 8242265) AND (id <= 8252264))

table 8 : explain SELECT c FROM sbtest8 WHERE id BETWEEN 5778665 AND 5788664
	Bitmap Heap Scan on sbtest8  (cost=345.98..36966.27 rows=10687 width=121)
	  Recheck Cond: ((id >= 5778665) AND (id <= 5788664))
	  ->  Bitmap Index Scan on sbtest8_pkey  (cost=0.00..343.31 rows=10687 width=0)
	        Index Cond: ((id >= 5778665) AND (id <= 5788664))

for: order_ranges
table 1 : explain SELECT c FROM sbtest1 WHERE id BETWEEN 4055587 AND 4065586 ORDER BY c
	Sort  (cost=33217.54..33240.91 rows=9349 width=121)
	  Sort Key: c
	  ->  Bitmap Heap Scan on sbtest1  (cost=304.26..32600.94 rows=9349 width=121)
	        Recheck Cond: ((id >= 4055587) AND (id <= 4065586))
	        ->  Bitmap Index Scan on sbtest1_pkey  (cost=0.00..301.93 rows=9349 width=0)
	              Index Cond: ((id >= 4055587) AND (id <= 4065586))

table 2 : explain SELECT c FROM sbtest2 WHERE id BETWEEN 2802396 AND 2812395 ORDER BY c
	Sort  (cost=34691.43..34715.96 rows=9813 width=121)
	  Sort Key: c
	  ->  Bitmap Heap Scan on sbtest2  (cost=317.02..34040.80 rows=9813 width=121)
	        Recheck Cond: ((id >= 2802396) AND (id <= 2812395))
	        ->  Bitmap Index Scan on sbtest2_pkey  (cost=0.00..314.56 rows=9813 width=0)
	              Index Cond: ((id >= 2802396) AND (id <= 2812395))

table 3 : explain SELECT c FROM sbtest3 WHERE id BETWEEN 1911910 AND 1921909 ORDER BY c
	Sort  (cost=37038.51..37064.78 rows=10508 width=121)
	  Sort Key: c
	  ->  Bitmap Heap Scan on sbtest3  (cost=340.14..36336.62 rows=10508 width=121)
	        Recheck Cond: ((id >= 1911910) AND (id <= 1921909))
	        ->  Bitmap Index Scan on sbtest3_pkey  (cost=0.00..337.51 rows=10508 width=0)
	              Index Cond: ((id >= 1911910) AND (id <= 1921909))

table 4 : explain SELECT c FROM sbtest4 WHERE id BETWEEN 7908538 AND 7918537 ORDER BY c
	Sort  (cost=36999.15..37025.31 rows=10463 width=121)
	  Sort Key: c
	  ->  Bitmap Heap Scan on sbtest4  (cost=339.68..36300.59 rows=10463 width=121)
	        Recheck Cond: ((id >= 7908538) AND (id <= 7918537))
	        ->  Bitmap Index Scan on sbtest4_pkey  (cost=0.00..337.06 rows=10463 width=0)
	              Index Cond: ((id >= 7908538) AND (id <= 7918537))

table 5 : explain SELECT c FROM sbtest5 WHERE id BETWEEN 5416654 AND 5426653 ORDER BY c
	Sort  (cost=31287.64..31309.62 rows=8791 width=121)
	  Sort Key: c
	  ->  Bitmap Heap Scan on sbtest5  (cost=286.54..30711.75 rows=8791 width=121)
	        Recheck Cond: ((id >= 5416654) AND (id <= 5426653))
	        ->  Bitmap Index Scan on sbtest5_pkey  (cost=0.00..284.34 rows=8791 width=0)
	              Index Cond: ((id >= 5416654) AND (id <= 5426653))

table 6 : explain SELECT c FROM sbtest6 WHERE id BETWEEN 7036561 AND 7046560 ORDER BY c
	Sort  (cost=36475.01..36500.91 rows=10362 width=121)
	  Sort Key: c
	  ->  Bitmap Heap Scan on sbtest6  (cost=334.65..35783.91 rows=10362 width=121)
	        Recheck Cond: ((id >= 7036561) AND (id <= 7046560))
	        ->  Bitmap Index Scan on sbtest6_pkey  (cost=0.00..332.06 rows=10362 width=0)
	              Index Cond: ((id >= 7036561) AND (id <= 7046560))

table 7 : explain SELECT c FROM sbtest7 WHERE id BETWEEN 85976 AND 95975 ORDER BY c
	Sort  (cost=37037.22..37063.39 rows=10467 width=121)
	  Sort Key: c
	  ->  Bitmap Heap Scan on sbtest7  (cost=339.72..36338.37 rows=10467 width=121)
	        Recheck Cond: ((id >= 85976) AND (id <= 95975))
	        ->  Bitmap Index Scan on sbtest7_pkey  (cost=0.00..337.11 rows=10467 width=0)
	              Index Cond: ((id >= 85976) AND (id <= 95975))

table 8 : explain SELECT c FROM sbtest8 WHERE id BETWEEN 2788511 AND 2798510 ORDER BY c
	Sort  (cost=34624.06..34648.42 rows=9743 width=121)
	  Sort Key: c
	  ->  Bitmap Heap Scan on sbtest8  (cost=316.30..33978.58 rows=9743 width=121)
	        Recheck Cond: ((id >= 2788511) AND (id <= 2798510))
	        ->  Bitmap Index Scan on sbtest8_pkey  (cost=0.00..313.87 rows=9743 width=0)
	              Index Cond: ((id >= 2788511) AND (id <= 2798510))

for: distinct_ranges
table 1 : explain SELECT DISTINCT c FROM sbtest1 WHERE id BETWEEN 2726398 AND 2736397 ORDER BY c
	Unique  (cost=35860.02..35910.84 rows=10164 width=121)
	  ->  Sort  (cost=35860.02..35885.43 rows=10164 width=121)
	        Sort Key: c
	        ->  Bitmap Heap Scan on sbtest1  (cost=328.62..35183.54 rows=10164 width=121)
	              Recheck Cond: ((id >= 2726398) AND (id <= 2736397))
	              ->  Bitmap Index Scan on sbtest1_pkey  (cost=0.00..326.07 rows=10164 width=0)
	                    Index Cond: ((id >= 2726398) AND (id <= 2736397))

table 2 : explain SELECT DISTINCT c FROM sbtest2 WHERE id BETWEEN 1777360 AND 1787359 ORDER BY c
	Unique  (cost=32151.85..32197.01 rows=9032 width=121)
	  ->  Sort  (cost=32151.85..32174.43 rows=9032 width=121)
	        Sort Key: c
	        ->  Bitmap Heap Scan on sbtest2  (cost=293.01..31558.41 rows=9032 width=121)
	              Recheck Cond: ((id >= 1777360) AND (id <= 1787359))
	              ->  Bitmap Index Scan on sbtest2_pkey  (cost=0.00..290.75 rows=9032 width=0)
	                    Index Cond: ((id >= 1777360) AND (id <= 1787359))

table 3 : explain SELECT DISTINCT c FROM sbtest3 WHERE id BETWEEN 7685752 AND 7695751 ORDER BY c
	Unique  (cost=33557.87..33605.04 rows=9435 width=121)
	  ->  Sort  (cost=33557.87..33581.45 rows=9435 width=121)
	        Sort Key: c
	        ->  Bitmap Heap Scan on sbtest3  (cost=305.14..32934.98 rows=9435 width=121)
	              Recheck Cond: ((id >= 7685752) AND (id <= 7695751))
	              ->  Bitmap Index Scan on sbtest3_pkey  (cost=0.00..302.79 rows=9435 width=0)
	                    Index Cond: ((id >= 7685752) AND (id <= 7695751))

table 4 : explain SELECT DISTINCT c FROM sbtest4 WHERE id BETWEEN 8498281 AND 8508280 ORDER BY c
	Unique  (cost=34933.97..34983.11 rows=9828 width=121)
	  ->  Sort  (cost=34933.97..34958.54 rows=9828 width=121)
	        Sort Key: c
	        ->  Bitmap Heap Scan on sbtest4  (cost=317.17..34282.24 rows=9828 width=121)
	              Recheck Cond: ((id >= 8498281) AND (id <= 8508280))
	              ->  Bitmap Index Scan on sbtest4_pkey  (cost=0.00..314.71 rows=9828 width=0)
	                    Index Cond: ((id >= 8498281) AND (id <= 8508280))

table 5 : explain SELECT DISTINCT c FROM sbtest5 WHERE id BETWEEN 9706450 AND 9716449 ORDER BY c
	Unique  (cost=35745.84..35796.69 rows=10169 width=121)
	  ->  Sort  (cost=35745.84..35771.26 rows=10169 width=121)
	        Sort Key: c
	        ->  Bitmap Heap Scan on sbtest5  (cost=328.67..35069.00 rows=10169 width=121)
	              Recheck Cond: ((id >= 9706450) AND (id <= 9716449))
	              ->  Bitmap Index Scan on sbtest5_pkey  (cost=0.00..326.12 rows=10169 width=0)
	                    Index Cond: ((id >= 9706450) AND (id <= 9716449))

table 6 : explain SELECT DISTINCT c FROM sbtest6 WHERE id BETWEEN 3974652 AND 3984651 ORDER BY c
	Unique  (cost=36148.66..36199.96 rows=10260 width=121)
	  ->  Sort  (cost=36148.66..36174.31 rows=10260 width=121)
	        Sort Key: c
	        ->  Bitmap Heap Scan on sbtest6  (cost=333.60..35465.10 rows=10260 width=121)
	              Recheck Cond: ((id >= 3974652) AND (id <= 3984651))
	              ->  Bitmap Index Scan on sbtest6_pkey  (cost=0.00..331.04 rows=10260 width=0)
	                    Index Cond: ((id >= 3974652) AND (id <= 3984651))

table 7 : explain SELECT DISTINCT c FROM sbtest7 WHERE id BETWEEN 8915784 AND 8925783 ORDER BY c
	Unique  (cost=36894.45..36946.56 rows=10422 width=121)
	  ->  Sort  (cost=36894.45..36920.51 rows=10422 width=121)
	        Sort Key: c
	        ->  Bitmap Heap Scan on sbtest7  (cost=339.26..36198.92 rows=10422 width=121)
	              Recheck Cond: ((id >= 8915784) AND (id <= 8925783))
	              ->  Bitmap Index Scan on sbtest7_pkey  (cost=0.00..336.66 rows=10422 width=0)
	                    Index Cond: ((id >= 8915784) AND (id <= 8925783))

table 8 : explain SELECT DISTINCT c FROM sbtest8 WHERE id BETWEEN 1974409 AND 1984408 ORDER BY c
	Unique  (cost=33154.18..33200.65 rows=9294 width=121)
	  ->  Sort  (cost=33154.18..33177.41 rows=9294 width=121)
	        Sort Key: c
	        ->  Bitmap Heap Scan on sbtest8  (cost=303.70..32541.61 rows=9294 width=121)
	              Recheck Cond: ((id >= 1974409) AND (id <= 1984408))
	              ->  Bitmap Index Scan on sbtest8_pkey  (cost=0.00..301.38 rows=9294 width=0)
	                    Index Cond: ((id >= 1974409) AND (id <= 1984408))

explain: for point_selects :: explain SELECT c FROM sbtest%u WHERE id=%u
for: distinct_ranges
table 1 : explain SELECT DISTINCT c FROM sbtest1 WHERE id BETWEEN 3645290 AND 3655289 ORDER BY c
	Unique  (cost=35843.51..35894.30 rows=10159 width=121)
	  ->  Sort  (cost=35843.51..35868.90 rows=10159 width=121)
	        Sort Key: c
	        ->  Bitmap Heap Scan on sbtest1  (cost=328.56..35167.40 rows=10159 width=121)
	              Recheck Cond: ((id >= 3645290) AND (id <= 3655289))
	              ->  Bitmap Index Scan on sbtest1_pkey  (cost=0.00..326.03 rows=10159 width=0)
	                    Index Cond: ((id >= 3645290) AND (id <= 3655289))

table 2 : explain SELECT DISTINCT c FROM sbtest2 WHERE id BETWEEN 3762168 AND 3772167 ORDER BY c
	Unique  (cost=32797.31..32843.46 rows=9230 width=121)
	  ->  Sort  (cost=32797.31..32820.38 rows=9230 width=121)
	        Sort Key: c
	        ->  Bitmap Heap Scan on sbtest2  (cost=299.04..32189.42 rows=9230 width=121)
	              Recheck Cond: ((id >= 3762168) AND (id <= 3772167))
	              ->  Bitmap Index Scan on sbtest2_pkey  (cost=0.00..296.74 rows=9230 width=0)
	                    Index Cond: ((id >= 3762168) AND (id <= 3772167))

table 3 : explain SELECT DISTINCT c FROM sbtest3 WHERE id BETWEEN 2960558 AND 2970557 ORDER BY c
	Unique  (cost=34199.28..34247.44 rows=9632 width=121)
	  ->  Sort  (cost=34199.28..34223.36 rows=9632 width=121)
	        Sort Key: c
	        ->  Bitmap Heap Scan on sbtest3  (cost=311.16..33561.95 rows=9632 width=121)
	              Recheck Cond: ((id >= 2960558) AND (id <= 2970557))
	              ->  Bitmap Index Scan on sbtest3_pkey  (cost=0.00..308.75 rows=9632 width=0)
	                    Index Cond: ((id >= 2960558) AND (id <= 2970557))

table 4 : explain SELECT DISTINCT c FROM sbtest4 WHERE id BETWEEN 7466316 AND 7476315 ORDER BY c
	Unique  (cost=38019.74..38073.63 rows=10778 width=121)
	  ->  Sort  (cost=38019.74..38046.68 rows=10778 width=121)
	        Sort Key: c
	        ->  Bitmap Heap Scan on sbtest4  (cost=350.91..37297.84 rows=10778 width=121)
	              Recheck Cond: ((id >= 7466316) AND (id <= 7476315))
	              ->  Bitmap Index Scan on sbtest4_pkey  (cost=0.00..348.21 rows=10778 width=0)
	                    Index Cond: ((id >= 7466316) AND (id <= 7476315))

table 5 : explain SELECT DISTINCT c FROM sbtest5 WHERE id BETWEEN 8163138 AND 8173137 ORDER BY c
	Unique  (cost=36091.63..36143.01 rows=10276 width=121)
	  ->  Sort  (cost=36091.63..36117.32 rows=10276 width=121)
	        Sort Key: c
	        ->  Bitmap Heap Scan on sbtest5  (cost=333.76..35406.89 rows=10276 width=121)
	              Recheck Cond: ((id >= 8163138) AND (id <= 8173137))
	              ->  Bitmap Index Scan on sbtest5_pkey  (cost=0.00..331.19 rows=10276 width=0)
	                    Index Cond: ((id >= 8163138) AND (id <= 8173137))

table 6 : explain SELECT DISTINCT c FROM sbtest6 WHERE id BETWEEN 3374096 AND 3384095 ORDER BY c
	Unique  (cost=34013.59..34061.59 rows=9600 width=121)
	  ->  Sort  (cost=34013.59..34037.59 rows=9600 width=121)
	        Sort Key: c
	        ->  Bitmap Heap Scan on sbtest6  (cost=310.83..33378.61 rows=9600 width=121)
	              Recheck Cond: ((id >= 3374096) AND (id <= 3384095))
	              ->  Bitmap Index Scan on sbtest6_pkey  (cost=0.00..308.44 rows=9600 width=0)
	                    Index Cond: ((id >= 3374096) AND (id <= 3384095))

table 7 : explain SELECT DISTINCT c FROM sbtest7 WHERE id BETWEEN 5797755 AND 5807754 ORDER BY c
	Unique  (cost=32103.69..32148.49 rows=8959 width=121)
	  ->  Sort  (cost=32103.69..32126.09 rows=8959 width=121)
	        Sort Key: c
	        ->  Bitmap Heap Scan on sbtest7  (cost=292.26..31515.58 rows=8959 width=121)
	              Recheck Cond: ((id >= 5797755) AND (id <= 5807754))
	              ->  Bitmap Index Scan on sbtest7_pkey  (cost=0.00..290.03 rows=8959 width=0)
	                    Index Cond: ((id >= 5797755) AND (id <= 5807754))

table 8 : explain SELECT DISTINCT c FROM sbtest8 WHERE id BETWEEN 7275819 AND 7285818 ORDER BY c
	Unique  (cost=36140.44..36191.49 rows=10209 width=121)
	  ->  Sort  (cost=36140.44..36165.97 rows=10209 width=121)
	        Sort Key: c
	        ->  Bitmap Heap Scan on sbtest8  (cost=333.08..35460.65 rows=10209 width=121)
	              Recheck Cond: ((id >= 7275819) AND (id <= 7285818))
	              ->  Bitmap Index Scan on sbtest8_pkey  (cost=0.00..330.53 rows=10209 width=0)
	                    Index Cond: ((id >= 7275819) AND (id <= 7285818))

for: distinct_ranges
table 1 : explain SELECT DISTINCT c FROM sbtest1 WHERE id BETWEEN 2355451 AND 2365450 ORDER BY c
	Unique  (cost=36567.81..36619.73 rows=10383 width=121)
	  ->  Sort  (cost=36567.81..36593.77 rows=10383 width=121)
	        Sort Key: c
	        ->  Bitmap Heap Scan on sbtest1  (cost=338.86..35875.17 rows=10383 width=121)
	              Recheck Cond: ((id >= 2355451) AND (id <= 2365450))
	              ->  Bitmap Index Scan on sbtest1_pkey  (cost=0.00..336.26 rows=10383 width=0)
	                    Index Cond: ((id >= 2355451) AND (id <= 2365450))

table 2 : explain SELECT DISTINCT c FROM sbtest2 WHERE id BETWEEN 6155735 AND 6165734 ORDER BY c
	Unique  (cost=35268.11..35318.06 rows=9991 width=121)
	  ->  Sort  (cost=35268.11..35293.09 rows=9991 width=121)
	        Sort Key: c
	        ->  Bitmap Heap Scan on sbtest2  (cost=322.84..34604.39 rows=9991 width=121)
	              Recheck Cond: ((id >= 6155735) AND (id <= 6165734))
	              ->  Bitmap Index Scan on sbtest2_pkey  (cost=0.00..320.34 rows=9991 width=0)
	                    Index Cond: ((id >= 6155735) AND (id <= 6165734))

table 3 : explain SELECT DISTINCT c FROM sbtest3 WHERE id BETWEEN 4742682 AND 4752681 ORDER BY c
	Unique  (cost=33852.41..33900.04 rows=9525 width=121)
	  ->  Sort  (cost=33852.41..33876.23 rows=9525 width=121)
	        Sort Key: c
	        ->  Bitmap Heap Scan on sbtest3  (cost=310.07..33222.93 rows=9525 width=121)
	              Recheck Cond: ((id >= 4742682) AND (id <= 4752681))
	              ->  Bitmap Index Scan on sbtest3_pkey  (cost=0.00..307.69 rows=9525 width=0)
	                    Index Cond: ((id >= 4742682) AND (id <= 4752681))

table 4 : explain SELECT DISTINCT c FROM sbtest4 WHERE id BETWEEN 5402540 AND 5412539 ORDER BY c
	Unique  (cost=34513.02..34561.51 rows=9698 width=121)
	  ->  Sort  (cost=34513.02..34537.26 rows=9698 width=121)
	        Sort Key: c
	        ->  Bitmap Heap Scan on sbtest4  (cost=315.84..33870.84 rows=9698 width=121)
	              Recheck Cond: ((id >= 5402540) AND (id <= 5412539))
	              ->  Bitmap Index Scan on sbtest4_pkey  (cost=0.00..313.42 rows=9698 width=0)
	                    Index Cond: ((id >= 5402540) AND (id <= 5412539))

table 5 : explain SELECT DISTINCT c FROM sbtest5 WHERE id BETWEEN 5090965 AND 5100964 ORDER BY c
	Unique  (cost=35719.46..35770.26 rows=10160 width=121)
	  ->  Sort  (cost=35719.46..35744.86 rows=10160 width=121)
	        Sort Key: c
	        ->  Bitmap Heap Scan on sbtest5  (cost=328.58..35043.28 rows=10160 width=121)
	              Recheck Cond: ((id >= 5090965) AND (id <= 5100964))
	              ->  Bitmap Index Scan on sbtest5_pkey  (cost=0.00..326.04 rows=10160 width=0)
	                    Index Cond: ((id >= 5090965) AND (id <= 5100964))

table 6 : explain SELECT DISTINCT c FROM sbtest6 WHERE id BETWEEN 2643095 AND 2653094 ORDER BY c
	Unique  (cost=35923.59..35974.55 rows=10191 width=121)
	  ->  Sort  (cost=35923.59..35949.07 rows=10191 width=121)
	        Sort Key: c
	        ->  Bitmap Heap Scan on sbtest6  (cost=328.89..35245.12 rows=10191 width=121)
	              Recheck Cond: ((id >= 2643095) AND (id <= 2653094))
	              ->  Bitmap Index Scan on sbtest6_pkey  (cost=0.00..326.34 rows=10191 width=0)
	                    Index Cond: ((id >= 2643095) AND (id <= 2653094))

table 7 : explain SELECT DISTINCT c FROM sbtest7 WHERE id BETWEEN 7374285 AND 7384284 ORDER BY c
	Unique  (cost=36671.29..36723.06 rows=10354 width=121)
	  ->  Sort  (cost=36671.29..36697.17 rows=10354 width=121)
	        Sort Key: c
	        ->  Bitmap Heap Scan on sbtest7  (cost=334.56..35980.79 rows=10354 width=121)
	              Recheck Cond: ((id >= 7374285) AND (id <= 7384284))
	              ->  Bitmap Index Scan on sbtest7_pkey  (cost=0.00..331.98 rows=10354 width=0)
	                    Index Cond: ((id >= 7374285) AND (id <= 7384284))

table 8 : explain SELECT DISTINCT c FROM sbtest8 WHERE id BETWEEN 3585724 AND 3595723 ORDER BY c
	Unique  (cost=33680.22..33727.50 rows=9455 width=121)
	  ->  Sort  (cost=33680.22..33703.86 rows=9455 width=121)
	        Sort Key: c
	        ->  Bitmap Heap Scan on sbtest8  (cost=305.35..33055.87 rows=9455 width=121)
	              Recheck Cond: ((id >= 3585724) AND (id <= 3595723))
	              ->  Bitmap Index Scan on sbtest8_pkey  (cost=0.00..302.99 rows=9455 width=0)
	                    Index Cond: ((id >= 3585724) AND (id <= 3595723))

for: sum_ranges
table 1 : explain SELECT SUM(k) FROM sbtest1 WHERE id BETWEEN 4033358 AND 4043357
	Aggregate  (cost=32624.31..32624.32 rows=1 width=8)
	  ->  Bitmap Heap Scan on sbtest1  (cost=304.26..32600.94 rows=9349 width=4)
	        Recheck Cond: ((id >= 4033358) AND (id <= 4043357))
	        ->  Bitmap Index Scan on sbtest1_pkey  (cost=0.00..301.93 rows=9349 width=0)
	              Index Cond: ((id >= 4033358) AND (id <= 4043357))

table 2 : explain SELECT SUM(k) FROM sbtest2 WHERE id BETWEEN 3724895 AND 3734894
	Aggregate  (cost=35389.75..35389.76 rows=1 width=8)
	  ->  Bitmap Heap Scan on sbtest2  (cost=333.31..35364.17 rows=10232 width=4)
	        Recheck Cond: ((id >= 3724895) AND (id <= 3734894))
	        ->  Bitmap Index Scan on sbtest2_pkey  (cost=0.00..330.75 rows=10232 width=0)
	              Index Cond: ((id >= 3724895) AND (id <= 3734894))

table 3 : explain SELECT SUM(k) FROM sbtest3 WHERE id BETWEEN 1475427 AND 1485426
	Aggregate  (cost=34179.47..34179.48 rows=1 width=8)
	  ->  Bitmap Heap Scan on sbtest3  (cost=317.07..34154.93 rows=9818 width=4)
	        Recheck Cond: ((id >= 1475427) AND (id <= 1485426))
	        ->  Bitmap Index Scan on sbtest3_pkey  (cost=0.00..314.62 rows=9818 width=0)
	              Index Cond: ((id >= 1475427) AND (id <= 1485426))

table 4 : explain SELECT SUM(k) FROM sbtest4 WHERE id BETWEEN 4261564 AND 4271563
	Aggregate  (cost=31824.18..31824.19 rows=1 width=8)
	  ->  Bitmap Heap Scan on sbtest4  (cost=293.25..31801.55 rows=9055 width=4)
	        Recheck Cond: ((id >= 4261564) AND (id <= 4271563))
	        ->  Bitmap Index Scan on sbtest4_pkey  (cost=0.00..290.99 rows=9055 width=0)
	              Index Cond: ((id >= 4261564) AND (id <= 4271563))

table 5 : explain SELECT SUM(k) FROM sbtest5 WHERE id BETWEEN 8787328 AND 8797327
	Aggregate  (cost=33540.83..33540.84 rows=1 width=8)
	  ->  Bitmap Heap Scan on sbtest5  (cost=311.60..33516.64 rows=9675 width=4)
	        Recheck Cond: ((id >= 8787328) AND (id <= 8797327))
	        ->  Bitmap Index Scan on sbtest5_pkey  (cost=0.00..309.19 rows=9675 width=0)
	              Index Cond: ((id >= 8787328) AND (id <= 8797327))

table 6 : explain SELECT SUM(k) FROM sbtest6 WHERE id BETWEEN 4383990 AND 4393989
	Aggregate  (cost=33048.04..33048.05 rows=1 width=8)
	  ->  Bitmap Heap Scan on sbtest6  (cost=309.69..33024.32 rows=9488 width=4)
	        Recheck Cond: ((id >= 4383990) AND (id <= 4393989))
	        ->  Bitmap Index Scan on sbtest6_pkey  (cost=0.00..307.31 rows=9488 width=0)
	              Index Cond: ((id >= 4383990) AND (id <= 4393989))

table 7 : explain SELECT SUM(k) FROM sbtest7 WHERE id BETWEEN 1097805 AND 1107804
	Aggregate  (cost=33487.79..33487.80 rows=1 width=8)
	  ->  Bitmap Heap Scan on sbtest7  (cost=310.47..33463.88 rows=9564 width=4)
	        Recheck Cond: ((id >= 1097805) AND (id <= 1107804))
	        ->  Bitmap Index Scan on sbtest7_pkey  (cost=0.00..308.07 rows=9564 width=0)
	              Index Cond: ((id >= 1097805) AND (id <= 1107804))

table 8 : explain SELECT SUM(k) FROM sbtest8 WHERE id BETWEEN 5584587 AND 5594586
	Aggregate  (cost=38386.45..38386.46 rows=1 width=8)
	  ->  Bitmap Heap Scan on sbtest8  (cost=362.52..38358.63 rows=11130 width=4)
	        Recheck Cond: ((id >= 5584587) AND (id <= 5594586))
	        ->  Bitmap Index Scan on sbtest8_pkey  (cost=0.00..359.74 rows=11130 width=0)
	              Index Cond: ((id >= 5584587) AND (id <= 5594586))

for point_selects
table 1 : explain SELECT c FROM sbtest1 WHERE id=1345222
	Index Scan using sbtest1_pkey on sbtest1  (cost=0.43..8.45 rows=1 width=121)
	  Index Cond: (id = 1345222)

table 2 : explain SELECT c FROM sbtest2 WHERE id=9129425
	Index Scan using sbtest2_pkey on sbtest2  (cost=0.43..8.45 rows=1 width=121)
	  Index Cond: (id = 9129425)

table 3 : explain SELECT c FROM sbtest3 WHERE id=5424575
	Index Scan using sbtest3_pkey on sbtest3  (cost=0.43..8.45 rows=1 width=121)
	  Index Cond: (id = 5424575)

table 4 : explain SELECT c FROM sbtest4 WHERE id=6864445
	Index Scan using sbtest4_pkey on sbtest4  (cost=0.43..8.45 rows=1 width=121)
	  Index Cond: (id = 6864445)

table 5 : explain SELECT c FROM sbtest5 WHERE id=9929934
	Index Scan using sbtest5_pkey on sbtest5  (cost=0.43..8.45 rows=1 width=121)
	  Index Cond: (id = 9929934)

table 6 : explain SELECT c FROM sbtest6 WHERE id=4964591
	Index Scan using sbtest6_pkey on sbtest6  (cost=0.43..8.45 rows=1 width=121)
	  Index Cond: (id = 4964591)

table 7 : explain SELECT c FROM sbtest7 WHERE id=1053929
	Index Scan using sbtest7_pkey on sbtest7  (cost=0.43..8.45 rows=1 width=121)
	  Index Cond: (id = 1053929)

table 8 : explain SELECT c FROM sbtest8 WHERE id=5254142
	Index Scan using sbtest8_pkey on sbtest8  (cost=0.43..8.45 rows=1 width=121)
	  Index Cond: (id = 5254142)

for point_selects
table 1 : explain SELECT c FROM sbtest1 WHERE id=1908327
	Index Scan using sbtest1_pkey on sbtest1  (cost=0.43..8.45 rows=1 width=121)
	  Index Cond: (id = 1908327)

table 2 : explain SELECT c FROM sbtest2 WHERE id=406368
	Index Scan using sbtest2_pkey on sbtest2  (cost=0.43..8.45 rows=1 width=121)
	  Index Cond: (id = 406368)

table 3 : explain SELECT c FROM sbtest3 WHERE id=3738779
	Index Scan using sbtest3_pkey on sbtest3  (cost=0.43..8.45 rows=1 width=121)
	  Index Cond: (id = 3738779)

table 4 : explain SELECT c FROM sbtest4 WHERE id=9401193
	Index Scan using sbtest4_pkey on sbtest4  (cost=0.43..8.45 rows=1 width=121)
	  Index Cond: (id = 9401193)

table 5 : explain SELECT c FROM sbtest5 WHERE id=7599343
	Index Scan using sbtest5_pkey on sbtest5  (cost=0.43..8.45 rows=1 width=121)
	  Index Cond: (id = 7599343)

table 6 : explain SELECT c FROM sbtest6 WHERE id=3419990
	Index Scan using sbtest6_pkey on sbtest6  (cost=0.43..8.45 rows=1 width=121)
	  Index Cond: (id = 3419990)

table 7 : explain SELECT c FROM sbtest7 WHERE id=996377
	Index Scan using sbtest7_pkey on sbtest7  (cost=0.43..8.45 rows=1 width=121)
	  Index Cond: (id = 996377)

table 8 : explain SELECT c FROM sbtest8 WHERE id=9195504
	Index Scan using sbtest8_pkey on sbtest8  (cost=0.43..8.45 rows=1 width=121)
	  Index Cond: (id = 9195504)

for: distinct_ranges
table 1 : explain SELECT DISTINCT c FROM sbtest1 WHERE id BETWEEN 1141393 AND 1151392 ORDER BY c
	Unique  (cost=36131.63..36182.87 rows=10248 width=121)
	  ->  Sort  (cost=36131.63..36157.25 rows=10248 width=121)
	        Sort Key: c
	        ->  Bitmap Heap Scan on sbtest1  (cost=333.48..35448.96 rows=10248 width=121)
	              Recheck Cond: ((id >= 1141393) AND (id <= 1151392))
	              ->  Bitmap Index Scan on sbtest1_pkey  (cost=0.00..330.92 rows=10248 width=0)
	                    Index Cond: ((id >= 1141393) AND (id <= 1151392))

table 2 : explain SELECT DISTINCT c FROM sbtest2 WHERE id BETWEEN 3100435 AND 3110434 ORDER BY c
	Unique  (cost=35563.01..35613.42 rows=10082 width=121)
	  ->  Sort  (cost=35563.01..35588.21 rows=10082 width=121)
	        Sort Key: c
	        ->  Bitmap Heap Scan on sbtest2  (cost=327.78..34892.58 rows=10082 width=121)
	              Recheck Cond: ((id >= 3100435) AND (id <= 3110434))
	              ->  Bitmap Index Scan on sbtest2_pkey  (cost=0.00..325.25 rows=10082 width=0)
	                    Index Cond: ((id >= 3100435) AND (id <= 3110434))

table 3 : explain SELECT DISTINCT c FROM sbtest3 WHERE id BETWEEN 3017340 AND 3027339 ORDER BY c
	Unique  (cost=33447.59..33494.60 rows=9401 width=121)
	  ->  Sort  (cost=33447.59..33471.09 rows=9401 width=121)
	        Sort Key: c
	        ->  Bitmap Heap Scan on sbtest3  (cost=304.80..32827.19 rows=9401 width=121)
	              Recheck Cond: ((id >= 3017340) AND (id <= 3027339))
	              ->  Bitmap Index Scan on sbtest3_pkey  (cost=0.00..302.44 rows=9401 width=0)
	                    Index Cond: ((id >= 3017340) AND (id <= 3027339))

table 4 : explain SELECT DISTINCT c FROM sbtest4 WHERE id BETWEEN 692618 AND 702617 ORDER BY c
	Unique  (cost=36111.29..36162.24 rows=10189 width=121)
	  ->  Sort  (cost=36111.29..36136.76 rows=10189 width=121)
	        Sort Key: c
	        ->  Bitmap Heap Scan on sbtest4  (cost=328.87..35432.97 rows=10189 width=121)
	              Recheck Cond: ((id >= 692618) AND (id <= 702617))
	              ->  Bitmap Index Scan on sbtest4_pkey  (cost=0.00..326.32 rows=10189 width=0)
	                    Index Cond: ((id >= 692618) AND (id <= 702617))

table 5 : explain SELECT DISTINCT c FROM sbtest5 WHERE id BETWEEN 9815346 AND 9825345 ORDER BY c
	Unique  (cost=35637.29..35687.97 rows=10135 width=121)
	  ->  Sort  (cost=35637.29..35662.63 rows=10135 width=121)
	        Sort Key: c
	        ->  Bitmap Heap Scan on sbtest5  (cost=328.32..34962.96 rows=10135 width=121)
	              Recheck Cond: ((id >= 9815346) AND (id <= 9825345))
	              ->  Bitmap Index Scan on sbtest5_pkey  (cost=0.00..325.79 rows=10135 width=0)
	                    Index Cond: ((id >= 9815346) AND (id <= 9825345))

table 6 : explain SELECT DISTINCT c FROM sbtest6 WHERE id BETWEEN 2273683 AND 2283682 ORDER BY c
	Unique  (cost=37728.99..37782.76 rows=10754 width=121)
	  ->  Sort  (cost=37728.99..37755.87 rows=10754 width=121)
	        Sort Key: c
	        ->  Bitmap Heap Scan on sbtest6  (cost=346.66..37008.87 rows=10754 width=121)
	              Recheck Cond: ((id >= 2273683) AND (id <= 2283682))
	              ->  Bitmap Index Scan on sbtest6_pkey  (cost=0.00..343.98 rows=10754 width=0)
	                    Index Cond: ((id >= 2273683) AND (id <= 2283682))

table 7 : explain SELECT DISTINCT c FROM sbtest7 WHERE id BETWEEN 4634897 AND 4644896 ORDER BY c
	Unique  (cost=36018.79..36069.55 rows=10153 width=121)
	  ->  Sort  (cost=36018.79..36044.17 rows=10153 width=121)
	        Sort Key: c
	        ->  Bitmap Heap Scan on sbtest7  (cost=328.50..35343.13 rows=10153 width=121)
	              Recheck Cond: ((id >= 4634897) AND (id <= 4644896))
	              ->  Bitmap Index Scan on sbtest7_pkey  (cost=0.00..325.96 rows=10153 width=0)
	                    Index Cond: ((id >= 4634897) AND (id <= 4644896))

table 8 : explain SELECT DISTINCT c FROM sbtest8 WHERE id BETWEEN 307425 AND 317424 ORDER BY c
	Unique  (cost=33921.81..33969.45 rows=9528 width=121)
	  ->  Sort  (cost=33921.81..33945.63 rows=9528 width=121)
	        Sort Key: c
	        ->  Bitmap Heap Scan on sbtest8  (cost=310.10..33292.11 rows=9528 width=121)
	              Recheck Cond: ((id >= 307425) AND (id <= 317424))
	              ->  Bitmap Index Scan on sbtest8_pkey  (cost=0.00..307.71 rows=9528 width=0)
	                    Index Cond: ((id >= 307425) AND (id <= 317424))

explain: for point_selects :: explain SELECT c FROM sbtest%u WHERE id=%u
for: simple_ranges
table 1 : explain SELECT c FROM sbtest1 WHERE id BETWEEN 5673911 AND 5683910
	Bitmap Heap Scan on sbtest1  (cost=304.99..32825.84 rows=9420 width=121)
	  Recheck Cond: ((id >= 5673911) AND (id <= 5683910))
	  ->  Bitmap Index Scan on sbtest1_pkey  (cost=0.00..302.63 rows=9420 width=0)
	        Index Cond: ((id >= 5673911) AND (id <= 5683910))

table 2 : explain SELECT c FROM sbtest2 WHERE id BETWEEN 7184282 AND 7194281
	Bitmap Heap Scan on sbtest2  (cost=339.53..36040.67 rows=10448 width=121)
	  Recheck Cond: ((id >= 7184282) AND (id <= 7194281))
	  ->  Bitmap Index Scan on sbtest2_pkey  (cost=0.00..336.92 rows=10448 width=0)
	        Index Cond: ((id >= 7184282) AND (id <= 7194281))

table 3 : explain SELECT c FROM sbtest3 WHERE id BETWEEN 4220642 AND 4230641
	Bitmap Heap Scan on sbtest3  (cost=315.93..33803.65 rows=9707 width=121)
	  Recheck Cond: ((id >= 4220642) AND (id <= 4230641))
	  ->  Bitmap Index Scan on sbtest3_pkey  (cost=0.00..313.50 rows=9707 width=0)
	        Index Cond: ((id >= 4220642) AND (id <= 4230641))

table 4 : explain SELECT c FROM sbtest4 WHERE id BETWEEN 4255861 AND 4265860
	Bitmap Heap Scan on sbtest4  (cost=293.25..31801.55 rows=9055 width=121)
	  Recheck Cond: ((id >= 4255861) AND (id <= 4265860))
	  ->  Bitmap Index Scan on sbtest4_pkey  (cost=0.00..290.99 rows=9055 width=0)
	        Index Cond: ((id >= 4255861) AND (id <= 4265860))

table 5 : explain SELECT c FROM sbtest5 WHERE id BETWEEN 3775975 AND 3785974
	Bitmap Heap Scan on sbtest5  (cost=321.61..34138.03 rows=9871 width=121)
	  Recheck Cond: ((id >= 3775975) AND (id <= 3785974))
	  ->  Bitmap Index Scan on sbtest5_pkey  (cost=0.00..319.15 rows=9871 width=0)
	        Index Cond: ((id >= 3775975) AND (id <= 3785974))

table 6 : explain SELECT c FROM sbtest6 WHERE id BETWEEN 2330793 AND 2340792
	Bitmap Heap Scan on sbtest6  (cost=323.04..34676.13 rows=10010 width=121)
	  Recheck Cond: ((id >= 2330793) AND (id <= 2340792))
	  ->  Bitmap Index Scan on sbtest6_pkey  (cost=0.00..320.54 rows=10010 width=0)
	        Index Cond: ((id >= 2330793) AND (id <= 2340792))

table 7 : explain SELECT c FROM sbtest7 WHERE id BETWEEN 8668123 AND 8678122
	Bitmap Heap Scan on sbtest7  (cost=333.82..35750.24 rows=10281 width=121)
	  Recheck Cond: ((id >= 8668123) AND (id <= 8678122))
	  ->  Bitmap Index Scan on sbtest7_pkey  (cost=0.00..331.25 rows=10281 width=0)
	        Index Cond: ((id >= 8668123) AND (id <= 8678122))

table 8 : explain SELECT c FROM sbtest8 WHERE id BETWEEN 7736705 AND 7746704
	Bitmap Heap Scan on sbtest8  (cost=317.11..34229.57 rows=9822 width=121)
	  Recheck Cond: ((id >= 7736705) AND (id <= 7746704))
	  ->  Bitmap Index Scan on sbtest8_pkey  (cost=0.00..314.66 rows=9822 width=0)
	        Index Cond: ((id >= 7736705) AND (id <= 7746704))

for: simple_ranges
table 1 : explain SELECT c FROM sbtest1 WHERE id BETWEEN 5103135 AND 5113134
	Bitmap Heap Scan on sbtest1  (cost=310.52..33301.82 rows=9569 width=121)
	  Recheck Cond: ((id >= 5103135) AND (id <= 5113134))
	  ->  Bitmap Index Scan on sbtest1_pkey  (cost=0.00..308.12 rows=9569 width=0)
	        Index Cond: ((id >= 5103135) AND (id <= 5113134))

table 2 : explain SELECT c FROM sbtest2 WHERE id BETWEEN 639694 AND 649693
	Bitmap Heap Scan on sbtest2  (cost=339.90..36153.12 rows=10484 width=121)
	  Recheck Cond: ((id >= 639694) AND (id <= 649693))
	  ->  Bitmap Index Scan on sbtest2_pkey  (cost=0.00..337.28 rows=10484 width=0)
	        Index Cond: ((id >= 639694) AND (id <= 649693))

table 3 : explain SELECT c FROM sbtest3 WHERE id BETWEEN 5983953 AND 5993952
	Bitmap Heap Scan on sbtest3  (cost=363.46..38568.18 rows=11222 width=121)
	  Recheck Cond: ((id >= 5983953) AND (id <= 5993952))
	  ->  Bitmap Index Scan on sbtest3_pkey  (cost=0.00..360.66 rows=11222 width=0)
	        Index Cond: ((id >= 5983953) AND (id <= 5993952))

table 4 : explain SELECT c FROM sbtest4 WHERE id BETWEEN 9398169 AND 9408168
	Bitmap Heap Scan on sbtest4  (cost=328.34..35267.24 rows=10137 width=121)
	  Recheck Cond: ((id >= 9398169) AND (id <= 9408168))
	  ->  Bitmap Index Scan on sbtest4_pkey  (cost=0.00..325.81 rows=10137 width=0)
	        Index Cond: ((id >= 9398169) AND (id <= 9408168))

table 5 : explain SELECT c FROM sbtest5 WHERE id BETWEEN 7738130 AND 7748129
	Bitmap Heap Scan on sbtest5  (cost=323.12..34595.51 rows=10018 width=121)
	  Recheck Cond: ((id >= 7738130) AND (id <= 7748129))
	  ->  Bitmap Index Scan on sbtest5_pkey  (cost=0.00..320.62 rows=10018 width=0)
	        Index Cond: ((id >= 7738130) AND (id <= 7748129))

table 6 : explain SELECT c FROM sbtest6 WHERE id BETWEEN 8907720 AND 8917719
	Bitmap Heap Scan on sbtest6  (cost=345.07..36527.90 rows=10599 width=121)
	  Recheck Cond: ((id >= 8907720) AND (id <= 8917719))
	  ->  Bitmap Index Scan on sbtest6_pkey  (cost=0.00..342.43 rows=10599 width=0)
	        Index Cond: ((id >= 8907720) AND (id <= 8917719))

table 7 : explain SELECT c FROM sbtest7 WHERE id BETWEEN 281222 AND 291221
	Bitmap Heap Scan on sbtest7  (cost=339.74..36344.85 rows=10469 width=121)
	  Recheck Cond: ((id >= 281222) AND (id <= 291221))
	  ->  Bitmap Index Scan on sbtest7_pkey  (cost=0.00..337.12 rows=10469 width=0)
	        Index Cond: ((id >= 281222) AND (id <= 291221))

table 8 : explain SELECT c FROM sbtest8 WHERE id BETWEEN 480828 AND 490827
	Bitmap Heap Scan on sbtest8  (cost=338.88..36018.71 rows=10385 width=121)
	  Recheck Cond: ((id >= 480828) AND (id <= 490827))
	  ->  Bitmap Index Scan on sbtest8_pkey  (cost=0.00..336.29 rows=10385 width=0)
	        Index Cond: ((id >= 480828) AND (id <= 490827))

for: order_ranges
table 1 : explain SELECT c FROM sbtest1 WHERE id BETWEEN 3988064 AND 3998063 ORDER BY c
	Sort  (cost=33217.54..33240.91 rows=9349 width=121)
	  Sort Key: c
	  ->  Bitmap Heap Scan on sbtest1  (cost=304.26..32600.94 rows=9349 width=121)
	        Recheck Cond: ((id >= 3988064) AND (id <= 3998063))
	        ->  Bitmap Index Scan on sbtest1_pkey  (cost=0.00..301.93 rows=9349 width=0)
	              Index Cond: ((id >= 3988064) AND (id <= 3998063))

table 2 : explain SELECT c FROM sbtest2 WHERE id BETWEEN 6062120 AND 6072119 ORDER BY c
	Sort  (cost=34186.53..34210.67 rows=9657 width=121)
	  Sort Key: c
	  ->  Bitmap Heap Scan on sbtest2  (cost=311.42..33547.36 rows=9657 width=121)
	        Recheck Cond: ((id >= 6062120) AND (id <= 6072119))
	        ->  Bitmap Index Scan on sbtest2_pkey  (cost=0.00..309.00 rows=9657 width=0)
	              Index Cond: ((id >= 6062120) AND (id <= 6072119))

table 3 : explain SELECT c FROM sbtest3 WHERE id BETWEEN 1622970 AND 1632969 ORDER BY c
	Sort  (cost=35099.18..35123.95 rows=9908 width=121)
	  Sort Key: c
	  ->  Bitmap Heap Scan on sbtest3  (cost=321.99..34441.57 rows=9908 width=121)
	        Recheck Cond: ((id >= 1622970) AND (id <= 1632969))
	        ->  Bitmap Index Scan on sbtest3_pkey  (cost=0.00..319.51 rows=9908 width=0)
	              Index Cond: ((id >= 1622970) AND (id <= 1632969))

table 4 : explain SELECT c FROM sbtest4 WHERE id BETWEEN 685536 AND 695535 ORDER BY c
	Sort  (cost=35615.51..35640.60 rows=10036 width=121)
	  Sort Key: c
	  ->  Bitmap Heap Scan on sbtest4  (cost=327.30..34948.48 rows=10036 width=121)
	        Recheck Cond: ((id >= 685536) AND (id <= 695535))
	        ->  Bitmap Index Scan on sbtest4_pkey  (cost=0.00..324.80 rows=10036 width=0)
	              Index Cond: ((id >= 685536) AND (id <= 695535))

table 5 : explain SELECT c FROM sbtest5 WHERE id BETWEEN 5761077 AND 5771076 ORDER BY c
	Sort  (cost=32849.24..32872.42 rows=9271 width=121)
	  Sort Key: c
	  ->  Bitmap Heap Scan on sbtest5  (cost=299.46..32238.35 rows=9271 width=121)
	        Recheck Cond: ((id >= 5761077) AND (id <= 5771076))
	        ->  Bitmap Index Scan on sbtest5_pkey  (cost=0.00..297.15 rows=9271 width=0)
	              Index Cond: ((id >= 5761077) AND (id <= 5771076))

table 6 : explain SELECT c FROM sbtest6 WHERE id BETWEEN 2907615 AND 2917614 ORDER BY c
	Sort  (cost=35748.55..35773.89 rows=10136 width=121)
	  Sort Key: c
	  ->  Bitmap Heap Scan on sbtest6  (cost=328.33..35074.14 rows=10136 width=121)
	        Recheck Cond: ((id >= 2907615) AND (id <= 2917614))
	        ->  Bitmap Index Scan on sbtest6_pkey  (cost=0.00..325.80 rows=10136 width=0)
	              Index Cond: ((id >= 2907615) AND (id <= 2917614))

table 7 : explain SELECT c FROM sbtest7 WHERE id BETWEEN 1053096 AND 1063095 ORDER BY c
	Sort  (cost=33377.57..33400.93 rows=9345 width=121)
	  Sort Key: c
	  ->  Bitmap Heap Scan on sbtest7  (cost=304.22..32761.27 rows=9345 width=121)
	        Recheck Cond: ((id >= 1053096) AND (id <= 1063095))
	        ->  Bitmap Index Scan on sbtest7_pkey  (cost=0.00..301.88 rows=9345 width=0)
	              Index Cond: ((id >= 1053096) AND (id <= 1063095))

table 8 : explain SELECT c FROM sbtest8 WHERE id BETWEEN 7315322 AND 7325321 ORDER BY c
	Sort  (cost=39188.85..39216.74 rows=11156 width=121)
	  Sort Key: c
	  ->  Bitmap Heap Scan on sbtest8  (cost=362.78..38438.86 rows=11156 width=121)
	        Recheck Cond: ((id >= 7315322) AND (id <= 7325321))
	        ->  Bitmap Index Scan on sbtest8_pkey  (cost=0.00..360.00 rows=11156 width=0)
	              Index Cond: ((id >= 7315322) AND (id <= 7325321))

explain: for point_selects :: explain SELECT c FROM sbtest%u WHERE id=%u
for point_selects
table 1 : explain SELECT c FROM sbtest1 WHERE id=6058600
	Index Scan using sbtest1_pkey on sbtest1  (cost=0.43..8.45 rows=1 width=121)
	  Index Cond: (id = 6058600)

table 2 : explain SELECT c FROM sbtest2 WHERE id=7847093
	Index Scan using sbtest2_pkey on sbtest2  (cost=0.43..8.45 rows=1 width=121)
	  Index Cond: (id = 7847093)

table 3 : explain SELECT c FROM sbtest3 WHERE id=1094750
	Index Scan using sbtest3_pkey on sbtest3  (cost=0.43..8.45 rows=1 width=121)
	  Index Cond: (id = 1094750)

table 4 : explain SELECT c FROM sbtest4 WHERE id=5364283
	Index Scan using sbtest4_pkey on sbtest4  (cost=0.43..8.45 rows=1 width=121)
	  Index Cond: (id = 5364283)

table 5 : explain SELECT c FROM sbtest5 WHERE id=2146649
	Index Scan using sbtest5_pkey on sbtest5  (cost=0.43..8.45 rows=1 width=121)
	  Index Cond: (id = 2146649)

table 6 : explain SELECT c FROM sbtest6 WHERE id=1801005
	Index Scan using sbtest6_pkey on sbtest6  (cost=0.43..8.45 rows=1 width=121)
	  Index Cond: (id = 1801005)

table 7 : explain SELECT c FROM sbtest7 WHERE id=9677154
	Index Scan using sbtest7_pkey on sbtest7  (cost=0.43..8.45 rows=1 width=121)
	  Index Cond: (id = 9677154)

table 8 : explain SELECT c FROM sbtest8 WHERE id=5706540
	Index Scan using sbtest8_pkey on sbtest8  (cost=0.43..8.45 rows=1 width=121)
	  Index Cond: (id = 5706540)

for: distinct_ranges
table 1 : explain SELECT DISTINCT c FROM sbtest1 WHERE id BETWEEN 9129548 AND 9139547 ORDER BY c
	Unique  (cost=34031.03..34079.03 rows=9599 width=121)
	  ->  Sort  (cost=34031.03..34055.03 rows=9599 width=121)
	        Sort Key: c
	        ->  Bitmap Heap Scan on sbtest1  (cost=310.82..33396.12 rows=9599 width=121)
	              Recheck Cond: ((id >= 9129548) AND (id <= 9139547))
	              ->  Bitmap Index Scan on sbtest1_pkey  (cost=0.00..308.43 rows=9599 width=0)
	                    Index Cond: ((id >= 9129548) AND (id <= 9139547))

table 2 : explain SELECT DISTINCT c FROM sbtest2 WHERE id BETWEEN 127309 AND 137308 ORDER BY c
	Unique  (cost=34273.54..34321.95 rows=9683 width=121)
	  ->  Sort  (cost=34273.54..34297.75 rows=9683 width=121)
	        Sort Key: c
	        ->  Bitmap Heap Scan on sbtest2  (cost=315.69..33632.46 rows=9683 width=121)
	              Recheck Cond: ((id >= 127309) AND (id <= 137308))
	              ->  Bitmap Index Scan on sbtest2_pkey  (cost=0.00..313.26 rows=9683 width=0)
	                    Index Cond: ((id >= 127309) AND (id <= 137308))

table 3 : explain SELECT DISTINCT c FROM sbtest3 WHERE id BETWEEN 5855491 AND 5865490 ORDER BY c
	Unique  (cost=35155.71..35205.34 rows=9926 width=121)
	  ->  Sort  (cost=35155.71..35180.53 rows=9926 width=121)
	        Sort Key: c
	        ->  Bitmap Heap Scan on sbtest3  (cost=322.18..34496.78 rows=9926 width=121)
	              Recheck Cond: ((id >= 5855491) AND (id <= 5865490))
	              ->  Bitmap Index Scan on sbtest3_pkey  (cost=0.00..319.69 rows=9926 width=0)
	                    Index Cond: ((id >= 5855491) AND (id <= 5865490))

table 4 : explain SELECT DISTINCT c FROM sbtest4 WHERE id BETWEEN 4200755 AND 4210754 ORDER BY c
	Unique  (cost=32396.66..32441.94 rows=9055 width=121)
	  ->  Sort  (cost=32396.66..32419.30 rows=9055 width=121)
	        Sort Key: c
	        ->  Bitmap Heap Scan on sbtest4  (cost=293.25..31801.55 rows=9055 width=121)
	              Recheck Cond: ((id >= 4200755) AND (id <= 4210754))
	              ->  Bitmap Index Scan on sbtest4_pkey  (cost=0.00..290.99 rows=9055 width=0)
	                    Index Cond: ((id >= 4200755) AND (id <= 4210754))

table 5 : explain SELECT DISTINCT c FROM sbtest5 WHERE id BETWEEN 4282209 AND 4292208 ORDER BY c
	Unique  (cost=32359.42..32405.02 rows=9120 width=121)
	  ->  Sort  (cost=32359.42..32382.22 rows=9120 width=121)
	        Sort Key: c
	        ->  Bitmap Heap Scan on sbtest5  (cost=293.91..31759.56 rows=9120 width=121)
	              Recheck Cond: ((id >= 4282209) AND (id <= 4292208))
	              ->  Bitmap Index Scan on sbtest5_pkey  (cost=0.00..291.63 rows=9120 width=0)
	                    Index Cond: ((id >= 4282209) AND (id <= 4292208))

table 6 : explain SELECT DISTINCT c FROM sbtest6 WHERE id BETWEEN 7806325 AND 7816324 ORDER BY c
	Unique  (cost=35847.63..35898.46 rows=10167 width=121)
	  ->  Sort  (cost=35847.63..35873.05 rows=10167 width=121)
	        Sort Key: c
	        ->  Bitmap Heap Scan on sbtest6  (cost=328.65..35170.93 rows=10167 width=121)
	              Recheck Cond: ((id >= 7806325) AND (id <= 7816324))
	              ->  Bitmap Index Scan on sbtest6_pkey  (cost=0.00..326.11 rows=10167 width=0)
	                    Index Cond: ((id >= 7806325) AND (id <= 7816324))

table 7 : explain SELECT DISTINCT c FROM sbtest7 WHERE id BETWEEN 7074079 AND 7084078 ORDER BY c
	Unique  (cost=34502.13..34550.57 rows=9688 width=121)
	  ->  Sort  (cost=34502.13..34526.35 rows=9688 width=121)
	        Sort Key: c
	        ->  Bitmap Heap Scan on sbtest7  (cost=315.74..33860.69 rows=9688 width=121)
	              Recheck Cond: ((id >= 7074079) AND (id <= 7084078))
	              ->  Bitmap Index Scan on sbtest7_pkey  (cost=0.00..313.31 rows=9688 width=0)
	                    Index Cond: ((id >= 7074079) AND (id <= 7084078))

table 8 : explain SELECT DISTINCT c FROM sbtest8 WHERE id BETWEEN 4684815 AND 4694814 ORDER BY c
	Unique  (cost=34620.73..34669.44 rows=9742 width=121)
	  ->  Sort  (cost=34620.73..34645.08 rows=9742 width=121)
	        Sort Key: c
	        ->  Bitmap Heap Scan on sbtest8  (cost=316.29..33975.32 rows=9742 width=121)
	              Recheck Cond: ((id >= 4684815) AND (id <= 4694814))
	              ->  Bitmap Index Scan on sbtest8_pkey  (cost=0.00..313.86 rows=9742 width=0)
	                    Index Cond: ((id >= 4684815) AND (id <= 4694814))

for: sum_ranges
table 1 : explain SELECT SUM(k) FROM sbtest1 WHERE id BETWEEN 9349056 AND 9359055
	Aggregate  (cost=33856.47..33856.48 rows=1 width=8)
	  ->  Bitmap Heap Scan on sbtest1  (cost=316.23..33832.13 rows=9736 width=4)
	        Recheck Cond: ((id >= 9349056) AND (id <= 9359055))
	        ->  Bitmap Index Scan on sbtest1_pkey  (cost=0.00..313.80 rows=9736 width=0)
	              Index Cond: ((id >= 9349056) AND (id <= 9359055))

table 2 : explain SELECT SUM(k) FROM sbtest2 WHERE id BETWEEN 3250341 AND 3260340
	Aggregate  (cost=33392.88..33392.89 rows=1 width=8)
	  ->  Bitmap Heap Scan on sbtest2  (cost=310.85..33368.88 rows=9601 width=4)
	        Recheck Cond: ((id >= 3250341) AND (id <= 3260340))
	        ->  Bitmap Index Scan on sbtest2_pkey  (cost=0.00..308.44 rows=9601 width=0)
	              Index Cond: ((id >= 3250341) AND (id <= 3260340))

table 3 : explain SELECT SUM(k) FROM sbtest3 WHERE id BETWEEN 6775075 AND 6785074
	Aggregate  (cost=35968.17..35968.18 rows=1 width=8)
	  ->  Bitmap Heap Scan on sbtest3  (cost=334.86..35942.21 rows=10383 width=4)
	        Recheck Cond: ((id >= 6775075) AND (id <= 6785074))
	        ->  Bitmap Index Scan on sbtest3_pkey  (cost=0.00..332.26 rows=10383 width=0)
	              Index Cond: ((id >= 6775075) AND (id <= 6785074))

table 4 : explain SELECT SUM(k) FROM sbtest4 WHERE id BETWEEN 4058118 AND 4068117
	Aggregate  (cost=34529.49..34529.50 rows=1 width=8)
	  ->  Bitmap Heap Scan on sbtest4  (cost=321.88..34504.74 rows=9897 width=4)
	        Recheck Cond: ((id >= 4058118) AND (id <= 4068117))
	        ->  Bitmap Index Scan on sbtest4_pkey  (cost=0.00..319.41 rows=9897 width=0)
	              Index Cond: ((id >= 4058118) AND (id <= 4068117))

table 5 : explain SELECT SUM(k) FROM sbtest5 WHERE id BETWEEN 7595867 AND 7605866
	Aggregate  (cost=31942.69..31942.70 rows=1 width=8)
	  ->  Bitmap Heap Scan on sbtest5  (cost=298.43..31919.76 rows=9170 width=4)
	        Recheck Cond: ((id >= 7595867) AND (id <= 7605866))
	        ->  Bitmap Index Scan on sbtest5_pkey  (cost=0.00..296.13 rows=9170 width=0)
	              Index Cond: ((id >= 7595867) AND (id <= 7605866))

table 6 : explain SELECT SUM(k) FROM sbtest6 WHERE id BETWEEN 5509785 AND 5519784
	Aggregate  (cost=36010.22..36010.23 rows=1 width=8)
	  ->  Bitmap Heap Scan on sbtest6  (cost=339.29..35984.16 rows=10425 width=4)
	        Recheck Cond: ((id >= 5509785) AND (id <= 5519784))
	        ->  Bitmap Index Scan on sbtest6_pkey  (cost=0.00..336.69 rows=10425 width=0)
	              Index Cond: ((id >= 5509785) AND (id <= 5519784))

table 7 : explain SELECT SUM(k) FROM sbtest7 WHERE id BETWEEN 5056817 AND 5066816
	Aggregate  (cost=35199.17..35199.18 rows=1 width=8)
	  ->  Bitmap Heap Scan on sbtest7  (cost=327.96..35173.92 rows=10100 width=4)
	        Recheck Cond: ((id >= 5056817) AND (id <= 5066816))
	        ->  Bitmap Index Scan on sbtest7_pkey  (cost=0.00..325.44 rows=10100 width=0)
	              Index Cond: ((id >= 5056817) AND (id <= 5066816))

table 8 : explain SELECT SUM(k) FROM sbtest8 WHERE id BETWEEN 6503875 AND 6513874
	Aggregate  (cost=33712.32..33712.33 rows=1 width=8)
	  ->  Bitmap Heap Scan on sbtest8  (cost=315.37..33688.19 rows=9652 width=4)
	        Recheck Cond: ((id >= 6503875) AND (id <= 6513874))
	        ->  Bitmap Index Scan on sbtest8_pkey  (cost=0.00..312.95 rows=9652 width=0)
	              Index Cond: ((id >= 6503875) AND (id <= 6513874))

for: sum_ranges
table 1 : explain SELECT SUM(k) FROM sbtest1 WHERE id BETWEEN 2792138 AND 2802137
	Aggregate  (cost=35965.59..35965.60 rows=1 width=8)
	  ->  Bitmap Heap Scan on sbtest1  (cost=339.08..35939.58 rows=10404 width=4)
	        Recheck Cond: ((id >= 2792138) AND (id <= 2802137))
	        ->  Bitmap Index Scan on sbtest1_pkey  (cost=0.00..336.48 rows=10404 width=0)
	              Index Cond: ((id >= 2792138) AND (id <= 2802137))

table 2 : explain SELECT SUM(k) FROM sbtest2 WHERE id BETWEEN 3028372 AND 3038371
	Aggregate  (cost=34917.78..34917.79 rows=1 width=8)
	  ->  Bitmap Heap Scan on sbtest2  (cost=327.78..34892.58 rows=10082 width=4)
	        Recheck Cond: ((id >= 3028372) AND (id <= 3038371))
	        ->  Bitmap Index Scan on sbtest2_pkey  (cost=0.00..325.25 rows=10082 width=0)
	              Index Cond: ((id >= 3028372) AND (id <= 3038371))

table 3 : explain SELECT SUM(k) FROM sbtest3 WHERE id BETWEEN 4960835 AND 4970834
	Aggregate  (cost=36517.74..36517.75 rows=1 width=8)
	  ->  Bitmap Heap Scan on sbtest3  (cost=340.65..36491.34 rows=10558 width=4)
	        Recheck Cond: ((id >= 4960835) AND (id <= 4970834))
	        ->  Bitmap Index Scan on sbtest3_pkey  (cost=0.00..338.01 rows=10558 width=0)
	              Index Cond: ((id >= 4960835) AND (id <= 4970834))

table 4 : explain SELECT SUM(k) FROM sbtest4 WHERE id BETWEEN 4176322 AND 4186321
	Aggregate  (cost=31824.18..31824.19 rows=1 width=8)
	  ->  Bitmap Heap Scan on sbtest4  (cost=293.25..31801.55 rows=9055 width=4)
	        Recheck Cond: ((id >= 4176322) AND (id <= 4186321))
	        ->  Bitmap Index Scan on sbtest4_pkey  (cost=0.00..290.99 rows=9055 width=0)
	              Index Cond: ((id >= 4176322) AND (id <= 4186321))

table 5 : explain SELECT SUM(k) FROM sbtest5 WHERE id BETWEEN 7731493 AND 7741492
	Aggregate  (cost=34620.55..34620.56 rows=1 width=8)
	  ->  Bitmap Heap Scan on sbtest5  (cost=323.12..34595.51 rows=10018 width=4)
	        Recheck Cond: ((id >= 7731493) AND (id <= 7741492))
	        ->  Bitmap Index Scan on sbtest5_pkey  (cost=0.00..320.62 rows=10018 width=0)
	              Index Cond: ((id >= 7731493) AND (id <= 7741492))

table 6 : explain SELECT SUM(k) FROM sbtest6 WHERE id BETWEEN 2401602 AND 2411601
	Aggregate  (cost=33702.26..33702.27 rows=1 width=8)
	  ->  Bitmap Heap Scan on sbtest6  (cost=315.80..33678.02 rows=9694 width=4)
	        Recheck Cond: ((id >= 2401602) AND (id <= 2411601))
	        ->  Bitmap Index Scan on sbtest6_pkey  (cost=0.00..313.38 rows=9694 width=0)
	              Index Cond: ((id >= 2401602) AND (id <= 2411601))

table 7 : explain SELECT SUM(k) FROM sbtest7 WHERE id BETWEEN 7584724 AND 7594723
	Aggregate  (cost=33779.41..33779.42 rows=1 width=8)
	  ->  Bitmap Heap Scan on sbtest7  (cost=311.41..33755.27 rows=9656 width=4)
	        Recheck Cond: ((id >= 7584724) AND (id <= 7594723))
	        ->  Bitmap Index Scan on sbtest7_pkey  (cost=0.00..309.00 rows=9656 width=0)
	              Index Cond: ((id >= 7584724) AND (id <= 7594723))

table 8 : explain SELECT SUM(k) FROM sbtest8 WHERE id BETWEEN 2781598 AND 2791597
	Aggregate  (cost=34002.94..34002.95 rows=1 width=8)
	  ->  Bitmap Heap Scan on sbtest8  (cost=316.30..33978.58 rows=9743 width=4)
	        Recheck Cond: ((id >= 2781598) AND (id <= 2791597))
	        ->  Bitmap Index Scan on sbtest8_pkey  (cost=0.00..313.87 rows=9743 width=0)
	              Index Cond: ((id >= 2781598) AND (id <= 2791597))

for: simple_ranges
table 1 : explain SELECT c FROM sbtest1 WHERE id BETWEEN 6974743 AND 6984742
	Bitmap Heap Scan on sbtest1  (cost=315.70..33669.79 rows=9684 width=121)
	  Recheck Cond: ((id >= 6974743) AND (id <= 6984742))
	  ->  Bitmap Index Scan on sbtest1_pkey  (cost=0.00..313.28 rows=9684 width=0)
	        Index Cond: ((id >= 6974743) AND (id <= 6984742))

table 2 : explain SELECT c FROM sbtest2 WHERE id BETWEEN 2076411 AND 2086410
	Bitmap Heap Scan on sbtest2  (cost=345.38..36606.44 rows=10629 width=121)
	  Recheck Cond: ((id >= 2076411) AND (id <= 2086410))
	  ->  Bitmap Index Scan on sbtest2_pkey  (cost=0.00..342.73 rows=10629 width=0)
	        Index Cond: ((id >= 2076411) AND (id <= 2086410))

table 3 : explain SELECT c FROM sbtest3 WHERE id BETWEEN 2097717 AND 2107716
	Bitmap Heap Scan on sbtest3  (cost=321.75..34366.87 rows=9884 width=121)
	  Recheck Cond: ((id >= 2097717) AND (id <= 2107716))
	  ->  Bitmap Index Scan on sbtest3_pkey  (cost=0.00..319.28 rows=9884 width=0)
	        Index Cond: ((id >= 2097717) AND (id <= 2107716))

table 4 : explain SELECT c FROM sbtest4 WHERE id BETWEEN 7498202 AND 7508201
	Bitmap Heap Scan on sbtest4  (cost=316.59..34102.73 rows=9771 width=121)
	  Recheck Cond: ((id >= 7498202) AND (id <= 7508201))
	  ->  Bitmap Index Scan on sbtest4_pkey  (cost=0.00..314.15 rows=9771 width=0)
	        Index Cond: ((id >= 7498202) AND (id <= 7508201))

table 5 : explain SELECT c FROM sbtest5 WHERE id BETWEEN 9251834 AND 9261833
	Bitmap Heap Scan on sbtest5  (cost=299.51..32254.59 rows=9276 width=121)
	  Recheck Cond: ((id >= 9251834) AND (id <= 9261833))
	  ->  Bitmap Index Scan on sbtest5_pkey  (cost=0.00..297.19 rows=9276 width=0)
	        Index Cond: ((id >= 9251834) AND (id <= 9261833))

table 6 : explain SELECT c FROM sbtest6 WHERE id BETWEEN 2603757 AND 2613756
	Bitmap Heap Scan on sbtest6  (cost=328.89..35245.12 rows=10191 width=121)
	  Recheck Cond: ((id >= 2603757) AND (id <= 2613756))
	  ->  Bitmap Index Scan on sbtest6_pkey  (cost=0.00..326.34 rows=10191 width=0)
	        Index Cond: ((id >= 2603757) AND (id <= 2613756))

table 7 : explain SELECT c FROM sbtest7 WHERE id BETWEEN 2289112 AND 2299111
	Bitmap Heap Scan on sbtest7  (cost=334.21..35873.65 rows=10320 width=121)
	  Recheck Cond: ((id >= 2289112) AND (id <= 2299111))
	  ->  Bitmap Index Scan on sbtest7_pkey  (cost=0.00..331.63 rows=10320 width=0)
	        Index Cond: ((id >= 2289112) AND (id <= 2299111))

table 8 : explain SELECT c FROM sbtest8 WHERE id BETWEEN 1199662 AND 1209661
	Bitmap Heap Scan on sbtest8  (cost=333.29..35528.74 rows=10230 width=121)
	  Recheck Cond: ((id >= 1199662) AND (id <= 1209661))
	  ->  Bitmap Index Scan on sbtest8_pkey  (cost=0.00..330.74 rows=10230 width=0)
	        Index Cond: ((id >= 1199662) AND (id <= 1209661))

for point_selects
table 1 : explain SELECT c FROM sbtest1 WHERE id=4170563
	Index Scan using sbtest1_pkey on sbtest1  (cost=0.43..8.45 rows=1 width=121)
	  Index Cond: (id = 4170563)

table 2 : explain SELECT c FROM sbtest2 WHERE id=2590708
	Index Scan using sbtest2_pkey on sbtest2  (cost=0.43..8.45 rows=1 width=121)
	  Index Cond: (id = 2590708)

table 3 : explain SELECT c FROM sbtest3 WHERE id=4562571
	Index Scan using sbtest3_pkey on sbtest3  (cost=0.43..8.45 rows=1 width=121)
	  Index Cond: (id = 4562571)

table 4 : explain SELECT c FROM sbtest4 WHERE id=4253427
	Index Scan using sbtest4_pkey on sbtest4  (cost=0.43..8.45 rows=1 width=121)
	  Index Cond: (id = 4253427)

table 5 : explain SELECT c FROM sbtest5 WHERE id=8212755
	Index Scan using sbtest5_pkey on sbtest5  (cost=0.43..8.45 rows=1 width=121)
	  Index Cond: (id = 8212755)

table 6 : explain SELECT c FROM sbtest6 WHERE id=6844112
	Index Scan using sbtest6_pkey on sbtest6  (cost=0.43..8.45 rows=1 width=121)
	  Index Cond: (id = 6844112)

table 7 : explain SELECT c FROM sbtest7 WHERE id=5622839
	Index Scan using sbtest7_pkey on sbtest7  (cost=0.43..8.45 rows=1 width=121)
	  Index Cond: (id = 5622839)

table 8 : explain SELECT c FROM sbtest8 WHERE id=9350858
	Index Scan using sbtest8_pkey on sbtest8  (cost=0.43..8.45 rows=1 width=121)
	  Index Cond: (id = 9350858)

for point_selects
table 1 : explain SELECT c FROM sbtest1 WHERE id=6142180
	Index Scan using sbtest1_pkey on sbtest1  (cost=0.43..8.45 rows=1 width=121)
	  Index Cond: (id = 6142180)

table 2 : explain SELECT c FROM sbtest2 WHERE id=6279154
	Index Scan using sbtest2_pkey on sbtest2  (cost=0.43..8.45 rows=1 width=121)
	  Index Cond: (id = 6279154)

table 3 : explain SELECT c FROM sbtest3 WHERE id=8441029
	Index Scan using sbtest3_pkey on sbtest3  (cost=0.43..8.45 rows=1 width=121)
	  Index Cond: (id = 8441029)

table 4 : explain SELECT c FROM sbtest4 WHERE id=4842322
	Index Scan using sbtest4_pkey on sbtest4  (cost=0.43..8.45 rows=1 width=121)
	  Index Cond: (id = 4842322)

table 5 : explain SELECT c FROM sbtest5 WHERE id=8255976
	Index Scan using sbtest5_pkey on sbtest5  (cost=0.43..8.45 rows=1 width=121)
	  Index Cond: (id = 8255976)

table 6 : explain SELECT c FROM sbtest6 WHERE id=7825492
	Index Scan using sbtest6_pkey on sbtest6  (cost=0.43..8.45 rows=1 width=121)
	  Index Cond: (id = 7825492)

table 7 : explain SELECT c FROM sbtest7 WHERE id=2131111
	Index Scan using sbtest7_pkey on sbtest7  (cost=0.43..8.45 rows=1 width=121)
	  Index Cond: (id = 2131111)

table 8 : explain SELECT c FROM sbtest8 WHERE id=8814825
	Index Scan using sbtest8_pkey on sbtest8  (cost=0.43..8.45 rows=1 width=121)
	  Index Cond: (id = 8814825)

explain: for point_selects :: explain SELECT c FROM sbtest%u WHERE id=%u
explain: for point_selects :: explain SELECT c FROM sbtest%u WHERE id=%u
explain: for point_selects :: explain SELECT c FROM sbtest%u WHERE id=%u
for: order_ranges
table 1 : explain SELECT c FROM sbtest1 WHERE id BETWEEN 7915558 AND 7925557 ORDER BY c
	Sort  (cost=33560.95..33584.59 rows=9455 width=121)
	  Sort Key: c
	  ->  Bitmap Heap Scan on sbtest1  (cost=305.35..32936.60 rows=9455 width=121)
	        Recheck Cond: ((id >= 7915558) AND (id <= 7925557))
	        ->  Bitmap Index Scan on sbtest1_pkey  (cost=0.00..302.99 rows=9455 width=0)
	              Index Cond: ((id >= 7915558) AND (id <= 7925557))

table 2 : explain SELECT c FROM sbtest2 WHERE id BETWEEN 6235569 AND 6245568 ORDER BY c
	Sort  (cost=35268.11..35293.09 rows=9991 width=121)
	  Sort Key: c
	  ->  Bitmap Heap Scan on sbtest2  (cost=322.84..34604.39 rows=9991 width=121)
	        Recheck Cond: ((id >= 6235569) AND (id <= 6245568))
	        ->  Bitmap Index Scan on sbtest2_pkey  (cost=0.00..320.34 rows=9991 width=0)
	              Index Cond: ((id >= 6235569) AND (id <= 6245568))

table 3 : explain SELECT c FROM sbtest3 WHERE id BETWEEN 5238246 AND 5248245 ORDER BY c
	Sort  (cost=38804.41..38832.06 rows=11059 width=121)
	  Sort Key: c
	  ->  Bitmap Heap Scan on sbtest3  (cost=357.79..38061.63 rows=11059 width=121)
	        Recheck Cond: ((id >= 5238246) AND (id <= 5248245))
	        ->  Bitmap Index Scan on sbtest3_pkey  (cost=0.00..355.03 rows=11059 width=0)
	              Index Cond: ((id >= 5238246) AND (id <= 5248245))

table 4 : explain SELECT c FROM sbtest4 WHERE id BETWEEN 618431 AND 628430 ORDER BY c
	Sort  (cost=33970.34..33994.17 rows=9533 width=121)
	  Sort Key: c
	  ->  Bitmap Heap Scan on sbtest4  (cost=310.15..33340.27 rows=9533 width=121)
	        Recheck Cond: ((id >= 618431) AND (id <= 628430))
	        ->  Bitmap Index Scan on sbtest4_pkey  (cost=0.00..307.76 rows=9533 width=0)
	              Index Cond: ((id >= 618431) AND (id <= 628430))

table 5 : explain SELECT c FROM sbtest5 WHERE id BETWEEN 9555739 AND 9565738 ORDER BY c
	Sort  (cost=34806.11..34830.80 rows=9875 width=121)
	  Sort Key: c
	  ->  Bitmap Heap Scan on sbtest5  (cost=321.65..34150.93 rows=9875 width=121)
	        Recheck Cond: ((id >= 9555739) AND (id <= 9565738))
	        ->  Bitmap Index Scan on sbtest5_pkey  (cost=0.00..319.19 rows=9875 width=0)
	              Index Cond: ((id >= 9555739) AND (id <= 9565738))

table 6 : explain SELECT c FROM sbtest6 WHERE id BETWEEN 5338912 AND 5348911 ORDER BY c
	Sort  (cost=38496.99..38524.47 rows=10994 width=121)
	  Sort Key: c
	  ->  Bitmap Heap Scan on sbtest6  (cost=357.12..37759.05 rows=10994 width=121)
	        Recheck Cond: ((id >= 5338912) AND (id <= 5348911))
	        ->  Bitmap Index Scan on sbtest6_pkey  (cost=0.00..354.38 rows=10994 width=0)
	              Index Cond: ((id >= 5338912) AND (id <= 5348911))

table 7 : explain SELECT c FROM sbtest7 WHERE id BETWEEN 1786662 AND 1796661 ORDER BY c
	Sort  (cost=36848.02..36874.04 rows=10408 width=121)
	  Sort Key: c
	  ->  Bitmap Heap Scan on sbtest7  (cost=339.12..36153.53 rows=10408 width=121)
	        Recheck Cond: ((id >= 1786662) AND (id <= 1796661))
	        ->  Bitmap Index Scan on sbtest7_pkey  (cost=0.00..336.51 rows=10408 width=0)
	              Index Cond: ((id >= 1786662) AND (id <= 1796661))

table 8 : explain SELECT c FROM sbtest8 WHERE id BETWEEN 957848 AND 967847 ORDER BY c
	Sort  (cost=36256.60..36282.21 rows=10245 width=121)
	  Sort Key: c
	  ->  Bitmap Heap Scan on sbtest8  (cost=333.45..35574.15 rows=10245 width=121)
	        Recheck Cond: ((id >= 957848) AND (id <= 967847))
	        ->  Bitmap Index Scan on sbtest8_pkey  (cost=0.00..330.88 rows=10245 width=0)
	              Index Cond: ((id >= 957848) AND (id <= 967847))

for: order_ranges
table 1 : explain SELECT c FROM sbtest1 WHERE id BETWEEN 3869704 AND 3879703 ORDER BY c
	Sort  (cost=32806.17..32829.23 rows=9223 width=121)
	  Sort Key: c
	  ->  Bitmap Heap Scan on sbtest1  (cost=298.97..32198.79 rows=9223 width=121)
	        Recheck Cond: ((id >= 3869704) AND (id <= 3879703))
	        ->  Bitmap Index Scan on sbtest1_pkey  (cost=0.00..296.67 rows=9223 width=0)
	              Index Cond: ((id >= 3869704) AND (id <= 3879703))

table 2 : explain SELECT c FROM sbtest2 WHERE id BETWEEN 5185167 AND 5195166 ORDER BY c
	Sort  (cost=37556.82..37583.58 rows=10704 width=121)
	  Sort Key: c
	  ->  Bitmap Heap Scan on sbtest2  (cost=346.15..36840.41 rows=10704 width=121)
	        Recheck Cond: ((id >= 5185167) AND (id <= 5195166))
	        ->  Bitmap Index Scan on sbtest2_pkey  (cost=0.00..343.48 rows=10704 width=0)
	              Index Cond: ((id >= 5185167) AND (id <= 5195166))

table 3 : explain SELECT c FROM sbtest3 WHERE id BETWEEN 5888509 AND 5898508 ORDER BY c
	Sort  (cost=37900.14..37927.08 rows=10776 width=121)
	  Sort Key: c
	  ->  Bitmap Heap Scan on sbtest3  (cost=350.89..37178.39 rows=10776 width=121)
	        Recheck Cond: ((id >= 5888509) AND (id <= 5898508))
	        ->  Bitmap Index Scan on sbtest3_pkey  (cost=0.00..348.19 rows=10776 width=0)
	              Index Cond: ((id >= 5888509) AND (id <= 5898508))

table 4 : explain SELECT c FROM sbtest4 WHERE id BETWEEN 532766 AND 542765 ORDER BY c
	Sort  (cost=34174.50..34198.49 rows=9595 width=121)
	  Sort Key: c
	  ->  Bitmap Heap Scan on sbtest4  (cost=310.78..33539.89 rows=9595 width=121)
	        Recheck Cond: ((id >= 532766) AND (id <= 542765))
	        ->  Bitmap Index Scan on sbtest4_pkey  (cost=0.00..308.38 rows=9595 width=0)
	              Index Cond: ((id >= 532766) AND (id <= 542765))

table 5 : explain SELECT c FROM sbtest5 WHERE id BETWEEN 8604783 AND 8614782 ORDER BY c
	Sort  (cost=34696.49..34721.09 rows=9842 width=121)
	  Sort Key: c
	  ->  Bitmap Heap Scan on sbtest5  (cost=317.32..34043.73 rows=9842 width=121)
	        Recheck Cond: ((id >= 8604783) AND (id <= 8614782))
	        ->  Bitmap Index Scan on sbtest5_pkey  (cost=0.00..314.86 rows=9842 width=0)
	              Index Cond: ((id >= 8604783) AND (id <= 8614782))

table 6 : explain SELECT c FROM sbtest6 WHERE id BETWEEN 430155 AND 440154 ORDER BY c
	Sort  (cost=34296.69..34320.90 rows=9687 width=121)
	  Sort Key: c
	  ->  Bitmap Heap Scan on sbtest6  (cost=315.73..33655.32 rows=9687 width=121)
	        Recheck Cond: ((id >= 430155) AND (id <= 440154))
	        ->  Bitmap Index Scan on sbtest6_pkey  (cost=0.00..313.31 rows=9687 width=0)
	              Index Cond: ((id >= 430155) AND (id <= 440154))

table 7 : explain SELECT c FROM sbtest7 WHERE id BETWEEN 127267 AND 137266 ORDER BY c
	Sort  (cost=34783.05..34807.49 rows=9774 width=121)
	  Sort Key: c
	  ->  Bitmap Heap Scan on sbtest7  (cost=316.62..34135.29 rows=9774 width=121)
	        Recheck Cond: ((id >= 127267) AND (id <= 137266))
	        ->  Bitmap Index Scan on sbtest7_pkey  (cost=0.00..314.18 rows=9774 width=0)
	              Index Cond: ((id >= 127267) AND (id <= 137266))

table 8 : explain SELECT c FROM sbtest8 WHERE id BETWEEN 8583926 AND 8593925 ORDER BY c
	Sort  (cost=33308.39..33331.74 rows=9341 width=121)
	  Sort Key: c
	  ->  Bitmap Heap Scan on sbtest8  (cost=304.18..32692.38 rows=9341 width=121)
	        Recheck Cond: ((id >= 8583926) AND (id <= 8593925))
	        ->  Bitmap Index Scan on sbtest8_pkey  (cost=0.00..301.84 rows=9341 width=0)
	              Index Cond: ((id >= 8583926) AND (id <= 8593925))

for: simple_ranges
table 1 : explain SELECT c FROM sbtest1 WHERE id BETWEEN 5545188 AND 5555187
	Bitmap Heap Scan on sbtest1  (cost=309.81..33083.84 rows=9500 width=121)
	  Recheck Cond: ((id >= 5545188) AND (id <= 5555187))
	  ->  Bitmap Index Scan on sbtest1_pkey  (cost=0.00..307.44 rows=9500 width=0)
	        Index Cond: ((id >= 5545188) AND (id <= 5555187))

table 2 : explain SELECT c FROM sbtest2 WHERE id BETWEEN 658126 AND 668125
	Bitmap Heap Scan on sbtest2  (cost=339.90..36153.12 rows=10484 width=121)
	  Recheck Cond: ((id >= 658126) AND (id <= 668125))
	  ->  Bitmap Index Scan on sbtest2_pkey  (cost=0.00..337.28 rows=10484 width=0)
	        Index Cond: ((id >= 658126) AND (id <= 668125))

table 3 : explain SELECT c FROM sbtest3 WHERE id BETWEEN 788613 AND 798612
	Bitmap Heap Scan on sbtest3  (cost=287.19..31071.40 rows=8854 width=121)
	  Recheck Cond: ((id >= 788613) AND (id <= 798612))
	  ->  Bitmap Index Scan on sbtest3_pkey  (cost=0.00..284.98 rows=8854 width=0)
	        Index Cond: ((id >= 788613) AND (id <= 798612))

table 4 : explain SELECT c FROM sbtest4 WHERE id BETWEEN 1617498 AND 1627497
	Bitmap Heap Scan on sbtest4  (cost=287.82..31352.65 rows=8916 width=121)
	  Recheck Cond: ((id >= 1617498) AND (id <= 1627497))
	  ->  Bitmap Index Scan on sbtest4_pkey  (cost=0.00..285.59 rows=8916 width=0)
	        Index Cond: ((id >= 1617498) AND (id <= 1627497))

table 5 : explain SELECT c FROM sbtest5 WHERE id BETWEEN 3098947 AND 3108946
	Bitmap Heap Scan on sbtest5  (cost=317.37..34059.85 rows=9847 width=121)
	  Recheck Cond: ((id >= 3098947) AND (id <= 3108946))
	  ->  Bitmap Index Scan on sbtest5_pkey  (cost=0.00..314.91 rows=9847 width=0)
	        Index Cond: ((id >= 3098947) AND (id <= 3108946))

table 6 : explain SELECT c FROM sbtest6 WHERE id BETWEEN 957007 AND 967006
	Bitmap Heap Scan on sbtest6  (cost=309.78..33053.59 rows=9497 width=121)
	  Recheck Cond: ((id >= 957007) AND (id <= 967006))
	  ->  Bitmap Index Scan on sbtest6_pkey  (cost=0.00..307.41 rows=9497 width=0)
	        Index Cond: ((id >= 957007) AND (id <= 967006))

table 7 : explain SELECT c FROM sbtest7 WHERE id BETWEEN 9489788 AND 9499787
	Bitmap Heap Scan on sbtest7  (cost=351.09..37378.53 rows=10796 width=121)
	  Recheck Cond: ((id >= 9489788) AND (id <= 9499787))
	  ->  Bitmap Index Scan on sbtest7_pkey  (cost=0.00..348.40 rows=10796 width=0)
	        Index Cond: ((id >= 9489788) AND (id <= 9499787))

table 8 : explain SELECT c FROM sbtest8 WHERE id BETWEEN 3532522 AND 3542521
	Bitmap Heap Scan on sbtest8  (cost=299.09..32350.64 rows=9235 width=121)
	  Recheck Cond: ((id >= 3532522) AND (id <= 3542521))
	  ->  Bitmap Index Scan on sbtest8_pkey  (cost=0.00..296.79 rows=9235 width=0)
	        Index Cond: ((id >= 3532522) AND (id <= 3542521))

for: sum_ranges
table 1 : explain SELECT SUM(k) FROM sbtest1 WHERE id BETWEEN 1736414 AND 1746413
	Aggregate  (cost=34564.36..34564.37 rows=1 width=8)
	  ->  Bitmap Heap Scan on sbtest1  (cost=322.53..34539.46 rows=9960 width=4)
	        Recheck Cond: ((id >= 1736414) AND (id <= 1746413))
	        ->  Bitmap Index Scan on sbtest1_pkey  (cost=0.00..320.04 rows=9960 width=0)
	              Index Cond: ((id >= 1736414) AND (id <= 1746413))

table 2 : explain SELECT SUM(k) FROM sbtest2 WHERE id BETWEEN 284582 AND 294581
	Aggregate  (cost=32891.27..32891.28 rows=1 width=8)
	  ->  Bitmap Heap Scan on sbtest2  (cost=305.23..32867.66 rows=9443 width=4)
	        Recheck Cond: ((id >= 284582) AND (id <= 294581))
	        ->  Bitmap Index Scan on sbtest2_pkey  (cost=0.00..302.87 rows=9443 width=0)
	              Index Cond: ((id >= 284582) AND (id <= 294581))

table 3 : explain SELECT SUM(k) FROM sbtest3 WHERE id BETWEEN 297744 AND 307743
	Aggregate  (cost=36644.25..36644.26 rows=1 width=8)
	  ->  Bitmap Heap Scan on sbtest3  (cost=345.05..36617.76 rows=10597 width=4)
	        Recheck Cond: ((id >= 297744) AND (id <= 307743))
	        ->  Bitmap Index Scan on sbtest3_pkey  (cost=0.00..342.41 rows=10597 width=0)
	              Index Cond: ((id >= 297744) AND (id <= 307743))

table 4 : explain SELECT SUM(k) FROM sbtest4 WHERE id BETWEEN 7459376 AND 7469375
	Aggregate  (cost=37324.78..37324.79 rows=1 width=8)
	  ->  Bitmap Heap Scan on sbtest4  (cost=350.91..37297.84 rows=10778 width=4)
	        Recheck Cond: ((id >= 7459376) AND (id <= 7469375))
	        ->  Bitmap Index Scan on sbtest4_pkey  (cost=0.00..348.21 rows=10778 width=0)
	              Index Cond: ((id >= 7459376) AND (id <= 7469375))

table 5 : explain SELECT SUM(k) FROM sbtest5 WHERE id BETWEEN 1975247 AND 1985246
	Aggregate  (cost=32931.17..32931.18 rows=1 width=8)
	  ->  Bitmap Heap Scan on sbtest5  (cost=305.63..32907.46 rows=9482 width=4)
	        Recheck Cond: ((id >= 1975247) AND (id <= 1985246))
	        ->  Bitmap Index Scan on sbtest5_pkey  (cost=0.00..303.25 rows=9482 width=0)
	              Index Cond: ((id >= 1975247) AND (id <= 1985246))

table 6 : explain SELECT SUM(k) FROM sbtest6 WHERE id BETWEEN 4618237 AND 4628236
	Aggregate  (cost=36798.41..36798.42 rows=1 width=8)
	  ->  Bitmap Heap Scan on sbtest6  (cost=345.88..36771.71 rows=10678 width=4)
	        Recheck Cond: ((id >= 4618237) AND (id <= 4628236))
	        ->  Bitmap Index Scan on sbtest6_pkey  (cost=0.00..343.21 rows=10678 width=0)
	              Index Cond: ((id >= 4618237) AND (id <= 4628236))

table 7 : explain SELECT SUM(k) FROM sbtest7 WHERE id BETWEEN 401686 AND 411685
	Aggregate  (cost=38048.75..38048.76 rows=1 width=8)
	  ->  Bitmap Heap Scan on sbtest7  (cost=357.19..38021.25 rows=11000 width=4)
	        Recheck Cond: ((id >= 401686) AND (id <= 411685))
	        ->  Bitmap Index Scan on sbtest7_pkey  (cost=0.00..354.44 rows=11000 width=0)
	              Index Cond: ((id >= 401686) AND (id <= 411685))

table 8 : explain SELECT SUM(k) FROM sbtest8 WHERE id BETWEEN 9221006 AND 9231005
	Aggregate  (cost=36892.86..36892.87 rows=1 width=8)
	  ->  Bitmap Heap Scan on sbtest8  (cost=345.64..36866.23 rows=10654 width=4)
	        Recheck Cond: ((id >= 9221006) AND (id <= 9231005))
	        ->  Bitmap Index Scan on sbtest8_pkey  (cost=0.00..342.98 rows=10654 width=0)
	              Index Cond: ((id >= 9221006) AND (id <= 9231005))

explain: for point_selects :: explain SELECT c FROM sbtest%u WHERE id=%u
for: simple_ranges
table 1 : explain SELECT c FROM sbtest1 WHERE id BETWEEN 7545464 AND 7555463
	Bitmap Heap Scan on sbtest1  (cost=328.59..35173.86 rows=10161 width=121)
	  Recheck Cond: ((id >= 7545464) AND (id <= 7555463))
	  ->  Bitmap Index Scan on sbtest1_pkey  (cost=0.00..326.05 rows=10161 width=0)
	        Index Cond: ((id >= 7545464) AND (id <= 7555463))

table 2 : explain SELECT c FROM sbtest2 WHERE id BETWEEN 827790 AND 837789
	Bitmap Heap Scan on sbtest2  (cost=322.26..34423.40 rows=9934 width=121)
	  Recheck Cond: ((id >= 827790) AND (id <= 837789))
	  ->  Bitmap Index Scan on sbtest2_pkey  (cost=0.00..319.78 rows=9934 width=0)
	        Index Cond: ((id >= 827790) AND (id <= 837789))

table 3 : explain SELECT c FROM sbtest3 WHERE id BETWEEN 8451578 AND 8461577
	Bitmap Heap Scan on sbtest3  (cost=322.17..34496.75 rows=9925 width=121)
	  Recheck Cond: ((id >= 8451578) AND (id <= 8461577))
	  ->  Bitmap Index Scan on sbtest3_pkey  (cost=0.00..319.69 rows=9925 width=0)
	        Index Cond: ((id >= 8451578) AND (id <= 8461577))

table 4 : explain SELECT c FROM sbtest4 WHERE id BETWEEN 7747269 AND 7757268
	Bitmap Heap Scan on sbtest4  (cost=304.95..32966.04 rows=9416 width=121)
	  Recheck Cond: ((id >= 7747269) AND (id <= 7757268))
	  ->  Bitmap Index Scan on sbtest4_pkey  (cost=0.00..302.59 rows=9416 width=0)
	        Index Cond: ((id >= 7747269) AND (id <= 7757268))

table 5 : explain SELECT c FROM sbtest5 WHERE id BETWEEN 8668600 AND 8678599
	Bitmap Heap Scan on sbtest5  (cost=317.32..34043.73 rows=9842 width=121)
	  Recheck Cond: ((id >= 8668600) AND (id <= 8678599))
	  ->  Bitmap Index Scan on sbtest5_pkey  (cost=0.00..314.86 rows=9842 width=0)
	        Index Cond: ((id >= 8668600) AND (id <= 8678599))

table 6 : explain SELECT c FROM sbtest6 WHERE id BETWEEN 8321752 AND 8331751
	Bitmap Heap Scan on sbtest6  (cost=321.65..34252.40 rows=9875 width=121)
	  Recheck Cond: ((id >= 8321752) AND (id <= 8331751))
	  ->  Bitmap Index Scan on sbtest6_pkey  (cost=0.00..319.19 rows=9875 width=0)
	        Index Cond: ((id >= 8321752) AND (id <= 8331751))

table 7 : explain SELECT c FROM sbtest7 WHERE id BETWEEN 9676505 AND 9686504
	Bitmap Heap Scan on sbtest7  (cost=345.25..36811.99 rows=10616 width=121)
	  Recheck Cond: ((id >= 9676505) AND (id <= 9686504))
	  ->  Bitmap Index Scan on sbtest7_pkey  (cost=0.00..342.59 rows=10616 width=0)
	        Index Cond: ((id >= 9676505) AND (id <= 9686504))

table 8 : explain SELECT c FROM sbtest8 WHERE id BETWEEN 7153084 AND 7163083
	Bitmap Heap Scan on sbtest8  (cost=316.84..34144.87 rows=9796 width=121)
	  Recheck Cond: ((id >= 7153084) AND (id <= 7163083))
	  ->  Bitmap Index Scan on sbtest8_pkey  (cost=0.00..314.40 rows=9796 width=0)
	        Index Cond: ((id >= 7153084) AND (id <= 7163083))

for: distinct_ranges
table 1 : explain SELECT DISTINCT c FROM sbtest1 WHERE id BETWEEN 4631730 AND 4641729 ORDER BY c
	Unique  (cost=31354.33..31398.23 rows=8780 width=121)
	  ->  Sort  (cost=31354.33..31376.28 rows=8780 width=121)
	        Sort Key: c
	        ->  Bitmap Heap Scan on sbtest1  (cost=286.43..30779.24 rows=8780 width=121)
	              Recheck Cond: ((id >= 4631730) AND (id <= 4641729))
	              ->  Bitmap Index Scan on sbtest1_pkey  (cost=0.00..284.24 rows=8780 width=0)
	                    Index Cond: ((id >= 4631730) AND (id <= 4641729))

table 2 : explain SELECT DISTINCT c FROM sbtest2 WHERE id BETWEEN 8604572 AND 8614571 ORDER BY c
	Unique  (cost=34651.59..34700.59 rows=9800 width=121)
	  ->  Sort  (cost=34651.59..34676.09 rows=9800 width=121)
	        Sort Key: c
	        ->  Bitmap Heap Scan on sbtest2  (cost=316.88..34001.92 rows=9800 width=121)
	              Recheck Cond: ((id >= 8604572) AND (id <= 8614571))
	              ->  Bitmap Index Scan on sbtest2_pkey  (cost=0.00..314.44 rows=9800 width=0)
	                    Index Cond: ((id >= 8604572) AND (id <= 8614571))

table 3 : explain SELECT DISTINCT c FROM sbtest3 WHERE id BETWEEN 6489901 AND 6499900 ORDER BY c
	Unique  (cost=34699.46..34748.38 rows=9785 width=121)
	  ->  Sort  (cost=34699.46..34723.92 rows=9785 width=121)
	        Sort Key: c
	        ->  Bitmap Heap Scan on sbtest3  (cost=316.73..34050.89 rows=9785 width=121)
	              Recheck Cond: ((id >= 6489901) AND (id <= 6499900))
	              ->  Bitmap Index Scan on sbtest3_pkey  (cost=0.00..314.29 rows=9785 width=0)
	                    Index Cond: ((id >= 6489901) AND (id <= 6499900))

table 4 : explain SELECT DISTINCT c FROM sbtest4 WHERE id BETWEEN 3898848 AND 3908847 ORDER BY c
	Unique  (cost=37174.73..37227.32 rows=10517 width=121)
	  ->  Sort  (cost=37174.73..37201.02 rows=10517 width=121)
	        Sort Key: c
	        ->  Bitmap Heap Scan on sbtest4  (cost=340.23..36472.17 rows=10517 width=121)
	              Recheck Cond: ((id >= 3898848) AND (id <= 3908847))
	              ->  Bitmap Index Scan on sbtest4_pkey  (cost=0.00..337.61 rows=10517 width=0)
	                    Index Cond: ((id >= 3898848) AND (id <= 3908847))

table 5 : explain SELECT DISTINCT c FROM sbtest5 WHERE id BETWEEN 376195 AND 386194 ORDER BY c
	Unique  (cost=34501.62..34550.52 rows=9781 width=121)
	  ->  Sort  (cost=34501.62..34526.07 rows=9781 width=121)
	        Sort Key: c
	        ->  Bitmap Heap Scan on sbtest5  (cost=316.69..33853.34 rows=9781 width=121)
	              Recheck Cond: ((id >= 376195) AND (id <= 386194))
	              ->  Bitmap Index Scan on sbtest5_pkey  (cost=0.00..314.25 rows=9781 width=0)
	                    Index Cond: ((id >= 376195) AND (id <= 386194))

table 6 : explain SELECT DISTINCT c FROM sbtest6 WHERE id BETWEEN 3204350 AND 3214349 ORDER BY c
	Unique  (cost=33360.69..33407.68 rows=9399 width=121)
	  ->  Sort  (cost=33360.69..33384.18 rows=9399 width=121)
	        Sort Key: c
	        ->  Bitmap Heap Scan on sbtest6  (cost=304.77..32740.43 rows=9399 width=121)
	              Recheck Cond: ((id >= 3204350) AND (id <= 3214349))
	              ->  Bitmap Index Scan on sbtest6_pkey  (cost=0.00..302.43 rows=9399 width=0)
	                    Index Cond: ((id >= 3204350) AND (id <= 3214349))

table 7 : explain SELECT DISTINCT c FROM sbtest7 WHERE id BETWEEN 8048084 AND 8058083 ORDER BY c
	Unique  (cost=35318.18..35367.87 rows=9938 width=121)
	  ->  Sort  (cost=35318.18..35343.02 rows=9938 width=121)
	        Sort Key: c
	        ->  Bitmap Heap Scan on sbtest7  (cost=322.30..34658.35 rows=9938 width=121)
	              Recheck Cond: ((id >= 8048084) AND (id <= 8058083))
	              ->  Bitmap Index Scan on sbtest7_pkey  (cost=0.00..319.81 rows=9938 width=0)
	                    Index Cond: ((id >= 8048084) AND (id <= 8058083))

table 8 : explain SELECT DISTINCT c FROM sbtest8 WHERE id BETWEEN 1100910 AND 1110909 ORDER BY c
	Unique  (cost=37476.51..37529.62 rows=10622 width=121)
	  ->  Sort  (cost=37476.51..37503.06 rows=10622 width=121)
	        Sort Key: c
	        ->  Bitmap Heap Scan on sbtest8  (cost=345.31..36766.18 rows=10622 width=121)
	              Recheck Cond: ((id >= 1100910) AND (id <= 1110909))
	              ->  Bitmap Index Scan on sbtest8_pkey  (cost=0.00..342.66 rows=10622 width=0)
	                    Index Cond: ((id >= 1100910) AND (id <= 1110909))

for: distinct_ranges
table 1 : explain SELECT DISTINCT c FROM sbtest1 WHERE id BETWEEN 1604661 AND 1614660 ORDER BY c
	Unique  (cost=35721.21..35771.81 rows=10121 width=121)
	  ->  Sort  (cost=35721.21..35746.51 rows=10121 width=121)
	        Sort Key: c
	        ->  Bitmap Heap Scan on sbtest1  (cost=328.18..35047.91 rows=10121 width=121)
	              Recheck Cond: ((id >= 1604661) AND (id <= 1614660))
	              ->  Bitmap Index Scan on sbtest1_pkey  (cost=0.00..325.65 rows=10121 width=0)
	                    Index Cond: ((id >= 1604661) AND (id <= 1614660))

table 2 : explain SELECT DISTINCT c FROM sbtest2 WHERE id BETWEEN 6521101 AND 6531100 ORDER BY c
	Unique  (cost=34240.38..34288.74 rows=9673 width=121)
	  ->  Sort  (cost=34240.38..34264.56 rows=9673 width=121)
	        Sort Key: c
	        ->  Bitmap Heap Scan on sbtest2  (cost=315.58..33600.04 rows=9673 width=121)
	              Recheck Cond: ((id >= 6521101) AND (id <= 6531100))
	              ->  Bitmap Index Scan on sbtest2_pkey  (cost=0.00..313.17 rows=9673 width=0)
	                    Index Cond: ((id >= 6521101) AND (id <= 6531100))

table 3 : explain SELECT DISTINCT c FROM sbtest3 WHERE id BETWEEN 207766 AND 217765 ORDER BY c
	Unique  (cost=37936.30..37990.23 rows=10787 width=121)
	  ->  Sort  (cost=37936.30..37963.27 rows=10787 width=121)
	        Sort Key: c
	        ->  Bitmap Heap Scan on sbtest3  (cost=351.00..37213.73 rows=10787 width=121)
	              Recheck Cond: ((id >= 207766) AND (id <= 217765))
	              ->  Bitmap Index Scan on sbtest3_pkey  (cost=0.00..348.31 rows=10787 width=0)
	                    Index Cond: ((id >= 207766) AND (id <= 217765))

table 4 : explain SELECT DISTINCT c FROM sbtest4 WHERE id BETWEEN 9876885 AND 9886884 ORDER BY c
	Unique  (cost=34880.50..34929.56 rows=9811 width=121)
	  ->  Sort  (cost=34880.50..34905.03 rows=9811 width=121)
	        Sort Key: c
	        ->  Bitmap Heap Scan on sbtest4  (cost=317.00..34230.02 rows=9811 width=121)
	              Recheck Cond: ((id >= 9876885) AND (id <= 9886884))
	              ->  Bitmap Index Scan on sbtest4_pkey  (cost=0.00..314.55 rows=9811 width=0)
	                    Index Cond: ((id >= 9876885) AND (id <= 9886884))

table 5 : explain SELECT DISTINCT c FROM sbtest5 WHERE id BETWEEN 7062346 AND 7072345 ORDER BY c
	Unique  (cost=37933.82..37988.09 rows=10855 width=121)
	  ->  Sort  (cost=37933.82..37960.96 rows=10855 width=121)
	        Sort Key: c
	        ->  Bitmap Heap Scan on sbtest5  (cost=351.70..37206.20 rows=10855 width=121)
	              Recheck Cond: ((id >= 7062346) AND (id <= 7072345))
	              ->  Bitmap Index Scan on sbtest5_pkey  (cost=0.00..348.99 rows=10855 width=0)
	                    Index Cond: ((id >= 7062346) AND (id <= 7072345))

table 6 : explain SELECT DISTINCT c FROM sbtest6 WHERE id BETWEEN 4856379 AND 4866378 ORDER BY c
	Unique  (cost=33513.86..33561.09 rows=9446 width=121)
	  ->  Sort  (cost=33513.86..33537.47 rows=9446 width=121)
	        Sort Key: c
	        ->  Bitmap Heap Scan on sbtest6  (cost=305.26..32890.16 rows=9446 width=121)
	              Recheck Cond: ((id >= 4856379) AND (id <= 4866378))
	              ->  Bitmap Index Scan on sbtest6_pkey  (cost=0.00..302.90 rows=9446 width=0)
	                    Index Cond: ((id >= 4856379) AND (id <= 4866378))

table 7 : explain SELECT DISTINCT c FROM sbtest7 WHERE id BETWEEN 8860449 AND 8870448 ORDER BY c
	Unique  (cost=36894.45..36946.56 rows=10422 width=121)
	  ->  Sort  (cost=36894.45..36920.51 rows=10422 width=121)
	        Sort Key: c
	        ->  Bitmap Heap Scan on sbtest7  (cost=339.26..36198.92 rows=10422 width=121)
	              Recheck Cond: ((id >= 8860449) AND (id <= 8870448))
	              ->  Bitmap Index Scan on sbtest7_pkey  (cost=0.00..336.66 rows=10422 width=0)
	                    Index Cond: ((id >= 8860449) AND (id <= 8870448))

table 8 : explain SELECT DISTINCT c FROM sbtest8 WHERE id BETWEEN 3992950 AND 4002949 ORDER BY c
	Unique  (cost=38269.26..38323.61 rows=10869 width=121)
	  ->  Sort  (cost=38269.26..38296.44 rows=10869 width=121)
	        Sort Key: c
	        ->  Bitmap Heap Scan on sbtest8  (cost=351.84..37540.61 rows=10869 width=121)
	              Recheck Cond: ((id >= 3992950) AND (id <= 4002949))
	              ->  Bitmap Index Scan on sbtest8_pkey  (cost=0.00..349.12 rows=10869 width=0)
	                    Index Cond: ((id >= 3992950) AND (id <= 4002949))

for: order_ranges
table 1 : explain SELECT c FROM sbtest1 WHERE id BETWEEN 4745048 AND 4755047 ORDER BY c
	Sort  (cost=35645.12..35670.36 rows=10097 width=121)
	  Sort Key: c
	  ->  Bitmap Heap Scan on sbtest1  (cost=327.93..34973.59 rows=10097 width=121)
	        Recheck Cond: ((id >= 4745048) AND (id <= 4755047))
	        ->  Bitmap Index Scan on sbtest1_pkey  (cost=0.00..325.41 rows=10097 width=0)
	              Index Cond: ((id >= 4745048) AND (id <= 4755047))

table 2 : explain SELECT c FROM sbtest2 WHERE id BETWEEN 4603507 AND 4613506 ORDER BY c
	Sort  (cost=35754.57..35779.92 rows=10142 width=121)
	  Sort Key: c
	  ->  Bitmap Heap Scan on sbtest2  (cost=328.39..35079.72 rows=10142 width=121)
	        Recheck Cond: ((id >= 4603507) AND (id <= 4613506))
	        ->  Bitmap Index Scan on sbtest2_pkey  (cost=0.00..325.86 rows=10142 width=0)
	              Index Cond: ((id >= 4603507) AND (id <= 4613506))

table 3 : explain SELECT c FROM sbtest3 WHERE id BETWEEN 507046 AND 517045 ORDER BY c
	Sort  (cost=35461.10..35486.15 rows=10020 width=121)
	  Sort Key: c
	  ->  Bitmap Heap Scan on sbtest3  (cost=323.14..34795.25 rows=10020 width=121)
	        Recheck Cond: ((id >= 507046) AND (id <= 517045))
	        ->  Bitmap Index Scan on sbtest3_pkey  (cost=0.00..320.63 rows=10020 width=0)
	              Index Cond: ((id >= 507046) AND (id <= 517045))

table 4 : explain SELECT c FROM sbtest4 WHERE id BETWEEN 4220021 AND 4230020 ORDER BY c
	Sort  (cost=32396.66..32419.30 rows=9055 width=121)
	  Sort Key: c
	  ->  Bitmap Heap Scan on sbtest4  (cost=293.25..31801.55 rows=9055 width=121)
	        Recheck Cond: ((id >= 4220021) AND (id <= 4230020))
	        ->  Bitmap Index Scan on sbtest4_pkey  (cost=0.00..290.99 rows=9055 width=0)
	              Index Cond: ((id >= 4220021) AND (id <= 4230020))

table 5 : explain SELECT c FROM sbtest5 WHERE id BETWEEN 6227371 AND 6237370 ORDER BY c
	Sort  (cost=38051.24..38078.47 rows=10892 width=121)
	  Sort Key: c
	  ->  Bitmap Heap Scan on sbtest5  (cost=352.08..37320.88 rows=10892 width=121)
	        Recheck Cond: ((id >= 6227371) AND (id <= 6237370))
	        ->  Bitmap Index Scan on sbtest5_pkey  (cost=0.00..349.36 rows=10892 width=0)
	              Index Cond: ((id >= 6227371) AND (id <= 6237370))

table 6 : explain SELECT c FROM sbtest6 WHERE id BETWEEN 5562701 AND 5572700 ORDER BY c
	Sort  (cost=36679.91..36705.97 rows=10425 width=121)
	  Sort Key: c
	  ->  Bitmap Heap Scan on sbtest6  (cost=339.29..35984.16 rows=10425 width=121)
	        Recheck Cond: ((id >= 5562701) AND (id <= 5572700))
	        ->  Bitmap Index Scan on sbtest6_pkey  (cost=0.00..336.69 rows=10425 width=0)
	              Index Cond: ((id >= 5562701) AND (id <= 5572700))

table 7 : explain SELECT c FROM sbtest7 WHERE id BETWEEN 9580009 AND 9590008 ORDER BY c
	Sort  (cost=36458.60..36484.32 rows=10288 width=121)
	  Sort Key: c
	  ->  Bitmap Heap Scan on sbtest7  (cost=333.89..35772.98 rows=10288 width=121)
	        Recheck Cond: ((id >= 9580009) AND (id <= 9590008))
	        ->  Bitmap Index Scan on sbtest7_pkey  (cost=0.00..331.31 rows=10288 width=0)
	              Index Cond: ((id >= 9580009) AND (id <= 9590008))

table 8 : explain SELECT c FROM sbtest8 WHERE id BETWEEN 1888454 AND 1898453 ORDER BY c
	Sort  (cost=35024.93..35049.59 rows=9866 width=121)
	  Sort Key: c
	  ->  Bitmap Heap Scan on sbtest8  (cost=321.56..34370.40 rows=9866 width=121)
	        Recheck Cond: ((id >= 1888454) AND (id <= 1898453))
	        ->  Bitmap Index Scan on sbtest8_pkey  (cost=0.00..319.09 rows=9866 width=0)
	              Index Cond: ((id >= 1888454) AND (id <= 1898453))

for: sum_ranges
table 1 : explain SELECT SUM(k) FROM sbtest1 WHERE id BETWEEN 3757213 AND 3767212
	Aggregate  (cost=31405.95..31405.96 rows=1 width=8)
	  ->  Bitmap Heap Scan on sbtest1  (cost=292.36..31383.53 rows=8968 width=4)
	        Recheck Cond: ((id >= 3757213) AND (id <= 3767212))
	        ->  Bitmap Index Scan on sbtest1_pkey  (cost=0.00..290.12 rows=8968 width=0)
	              Index Cond: ((id >= 3757213) AND (id <= 3767212))

table 2 : explain SELECT SUM(k) FROM sbtest2 WHERE id BETWEEN 4189605 AND 4199604
	Aggregate  (cost=35970.29..35970.30 rows=1 width=8)
	  ->  Bitmap Heap Scan on sbtest2  (cost=339.21..35944.25 rows=10417 width=4)
	        Recheck Cond: ((id >= 4189605) AND (id <= 4199604))
	        ->  Bitmap Index Scan on sbtest2_pkey  (cost=0.00..336.61 rows=10417 width=0)
	              Index Cond: ((id >= 4189605) AND (id <= 4199604))

table 3 : explain SELECT SUM(k) FROM sbtest3 WHERE id BETWEEN 6193522 AND 6203521
	Aggregate  (cost=38413.74..38413.75 rows=1 width=8)
	  ->  Bitmap Heap Scan on sbtest3  (cost=362.86..38385.84 rows=11163 width=4)
	        Recheck Cond: ((id >= 6193522) AND (id <= 6203521))
	        ->  Bitmap Index Scan on sbtest3_pkey  (cost=0.00..360.06 rows=11163 width=0)
	              Index Cond: ((id >= 6193522) AND (id <= 6203521))

table 4 : explain SELECT SUM(k) FROM sbtest4 WHERE id BETWEEN 5218164 AND 5228163
	Aggregate  (cost=30879.34..30879.35 rows=1 width=8)
	  ->  Bitmap Heap Scan on sbtest4  (cost=286.25..30857.44 rows=8762 width=4)
	        Recheck Cond: ((id >= 5218164) AND (id <= 5228163))
	        ->  Bitmap Index Scan on sbtest4_pkey  (cost=0.00..284.06 rows=8762 width=0)
	              Index Cond: ((id >= 5218164) AND (id <= 5228163))

table 5 : explain SELECT SUM(k) FROM sbtest5 WHERE id BETWEEN 4548154 AND 4558153
	Aggregate  (cost=35075.11..35075.12 rows=1 width=8)
	  ->  Bitmap Heap Scan on sbtest5  (cost=328.60..35049.70 rows=10162 width=4)
	        Recheck Cond: ((id >= 4548154) AND (id <= 4558153))
	        ->  Bitmap Index Scan on sbtest5_pkey  (cost=0.00..326.06 rows=10162 width=0)
	              Index Cond: ((id >= 4548154) AND (id <= 4558153))

table 6 : explain SELECT SUM(k) FROM sbtest6 WHERE id BETWEEN 8514771 AND 8524770
	Aggregate  (cost=34620.30..34620.31 rows=1 width=8)
	  ->  Bitmap Heap Scan on sbtest6  (cost=322.78..34595.34 rows=9985 width=4)
	        Recheck Cond: ((id >= 8514771) AND (id <= 8524770))
	        ->  Bitmap Index Scan on sbtest6_pkey  (cost=0.00..320.29 rows=9985 width=0)
	              Index Cond: ((id >= 8514771) AND (id <= 8524770))

table 7 : explain SELECT SUM(k) FROM sbtest7 WHERE id BETWEEN 7006065 AND 7016064
	Aggregate  (cost=38680.88..38680.89 rows=1 width=8)
	  ->  Bitmap Heap Scan on sbtest7  (cost=363.25..38652.87 rows=11201 width=4)
	        Recheck Cond: ((id >= 7006065) AND (id <= 7016064))
	        ->  Bitmap Index Scan on sbtest7_pkey  (cost=0.00..360.44 rows=11201 width=0)
	              Index Cond: ((id >= 7006065) AND (id <= 7016064))

table 8 : explain SELECT SUM(k) FROM sbtest8 WHERE id BETWEEN 3706701 AND 3716700
	Aggregate  (cost=34359.20..34359.21 rows=1 width=8)
	  ->  Bitmap Heap Scan on sbtest8  (cost=321.44..34334.56 rows=9854 width=4)
	        Recheck Cond: ((id >= 3706701) AND (id <= 3716700))
	        ->  Bitmap Index Scan on sbtest8_pkey  (cost=0.00..318.98 rows=9854 width=0)
	              Index Cond: ((id >= 3706701) AND (id <= 3716700))

for point_selects
table 1 : explain SELECT c FROM sbtest1 WHERE id=3749561
	Index Scan using sbtest1_pkey on sbtest1  (cost=0.43..8.45 rows=1 width=121)
	  Index Cond: (id = 3749561)

table 2 : explain SELECT c FROM sbtest2 WHERE id=340608
	Index Scan using sbtest2_pkey on sbtest2  (cost=0.43..8.45 rows=1 width=121)
	  Index Cond: (id = 340608)

table 3 : explain SELECT c FROM sbtest3 WHERE id=3412507
	Index Scan using sbtest3_pkey on sbtest3  (cost=0.43..8.45 rows=1 width=121)
	  Index Cond: (id = 3412507)

table 4 : explain SELECT c FROM sbtest4 WHERE id=3050666
	Index Scan using sbtest4_pkey on sbtest4  (cost=0.43..8.45 rows=1 width=121)
	  Index Cond: (id = 3050666)

table 5 : explain SELECT c FROM sbtest5 WHERE id=6325332
	Index Scan using sbtest5_pkey on sbtest5  (cost=0.43..8.45 rows=1 width=121)
	  Index Cond: (id = 6325332)

table 6 : explain SELECT c FROM sbtest6 WHERE id=4095371
	Index Scan using sbtest6_pkey on sbtest6  (cost=0.43..8.45 rows=1 width=121)
	  Index Cond: (id = 4095371)

table 7 : explain SELECT c FROM sbtest7 WHERE id=2409619
	Index Scan using sbtest7_pkey on sbtest7  (cost=0.43..8.45 rows=1 width=121)
	  Index Cond: (id = 2409619)

table 8 : explain SELECT c FROM sbtest8 WHERE id=5680351
	Index Scan using sbtest8_pkey on sbtest8  (cost=0.43..8.45 rows=1 width=121)
	  Index Cond: (id = 5680351)

for point_selects
table 1 : explain SELECT c FROM sbtest1 WHERE id=7794199
	Index Scan using sbtest1_pkey on sbtest1  (cost=0.43..8.45 rows=1 width=121)
	  Index Cond: (id = 7794199)

table 2 : explain SELECT c FROM sbtest2 WHERE id=6388513
	Index Scan using sbtest2_pkey on sbtest2  (cost=0.43..8.45 rows=1 width=121)
	  Index Cond: (id = 6388513)

table 3 : explain SELECT c FROM sbtest3 WHERE id=598513
	Index Scan using sbtest3_pkey on sbtest3  (cost=0.43..8.45 rows=1 width=121)
	  Index Cond: (id = 598513)

table 4 : explain SELECT c FROM sbtest4 WHERE id=8790537
	Index Scan using sbtest4_pkey on sbtest4  (cost=0.43..8.45 rows=1 width=121)
	  Index Cond: (id = 8790537)

table 5 : explain SELECT c FROM sbtest5 WHERE id=890654
	Index Scan using sbtest5_pkey on sbtest5  (cost=0.43..8.45 rows=1 width=121)
	  Index Cond: (id = 890654)

table 6 : explain SELECT c FROM sbtest6 WHERE id=1818022
	Index Scan using sbtest6_pkey on sbtest6  (cost=0.43..8.45 rows=1 width=121)
	  Index Cond: (id = 1818022)

table 7 : explain SELECT c FROM sbtest7 WHERE id=8875632
	Index Scan using sbtest7_pkey on sbtest7  (cost=0.43..8.45 rows=1 width=121)
	  Index Cond: (id = 8875632)

table 8 : explain SELECT c FROM sbtest8 WHERE id=5031057
	Index Scan using sbtest8_pkey on sbtest8  (cost=0.43..8.45 rows=1 width=121)
	  Index Cond: (id = 5031057)

for point_selects
table 1 : explain SELECT c FROM sbtest1 WHERE id=4034874
	Index Scan using sbtest1_pkey on sbtest1  (cost=0.43..8.45 rows=1 width=121)
	  Index Cond: (id = 4034874)

table 2 : explain SELECT c FROM sbtest2 WHERE id=698908
	Index Scan using sbtest2_pkey on sbtest2  (cost=0.43..8.45 rows=1 width=121)
	  Index Cond: (id = 698908)

table 3 : explain SELECT c FROM sbtest3 WHERE id=2168268
	Index Scan using sbtest3_pkey on sbtest3  (cost=0.43..8.45 rows=1 width=121)
	  Index Cond: (id = 2168268)

table 4 : explain SELECT c FROM sbtest4 WHERE id=6087862
	Index Scan using sbtest4_pkey on sbtest4  (cost=0.43..8.45 rows=1 width=121)
	  Index Cond: (id = 6087862)

table 5 : explain SELECT c FROM sbtest5 WHERE id=7817291
	Index Scan using sbtest5_pkey on sbtest5  (cost=0.43..8.45 rows=1 width=121)
	  Index Cond: (id = 7817291)

table 6 : explain SELECT c FROM sbtest6 WHERE id=9023149
	Index Scan using sbtest6_pkey on sbtest6  (cost=0.43..8.45 rows=1 width=121)
	  Index Cond: (id = 9023149)

table 7 : explain SELECT c FROM sbtest7 WHERE id=6179557
	Index Scan using sbtest7_pkey on sbtest7  (cost=0.43..8.45 rows=1 width=121)
	  Index Cond: (id = 6179557)

table 8 : explain SELECT c FROM sbtest8 WHERE id=8866700
	Index Scan using sbtest8_pkey on sbtest8  (cost=0.43..8.45 rows=1 width=121)
	  Index Cond: (id = 8866700)

for: sum_ranges
table 1 : explain SELECT SUM(k) FROM sbtest1 WHERE id BETWEEN 1650960 AND 1660959
	Aggregate  (cost=36187.82..36187.83 rows=1 width=8)
	  ->  Bitmap Heap Scan on sbtest1  (cost=339.80..36161.63 rows=10475 width=4)
	        Recheck Cond: ((id >= 1650960) AND (id <= 1660959))
	        ->  Bitmap Index Scan on sbtest1_pkey  (cost=0.00..337.19 rows=10475 width=0)
	              Index Cond: ((id >= 1650960) AND (id <= 1660959))

table 2 : explain SELECT SUM(k) FROM sbtest2 WHERE id BETWEEN 8436428 AND 8446427
	Aggregate  (cost=34664.95..34664.96 rows=1 width=8)
	  ->  Bitmap Heap Scan on sbtest2  (cost=322.97..34639.94 rows=10003 width=4)
	        Recheck Cond: ((id >= 8436428) AND (id <= 8446427))
	        ->  Bitmap Index Scan on sbtest2_pkey  (cost=0.00..320.46 rows=10003 width=0)
	              Index Cond: ((id >= 8436428) AND (id <= 8446427))

table 3 : explain SELECT SUM(k) FROM sbtest3 WHERE id BETWEEN 2859173 AND 2869172
	Aggregate  (cost=35822.73..35822.74 rows=1 width=8)
	  ->  Bitmap Heap Scan on sbtest3  (cost=334.39..35796.89 rows=10337 width=4)
	        Recheck Cond: ((id >= 2859173) AND (id <= 2869172))
	        ->  Bitmap Index Scan on sbtest3_pkey  (cost=0.00..331.81 rows=10337 width=0)
	              Index Cond: ((id >= 2859173) AND (id <= 2869172))

table 4 : explain SELECT SUM(k) FROM sbtest4 WHERE id BETWEEN 3230775 AND 3240774
	Aggregate  (cost=34254.55..34254.56 rows=1 width=8)
	  ->  Bitmap Heap Scan on sbtest4  (cost=317.00..34230.02 rows=9811 width=4)
	        Recheck Cond: ((id >= 3230775) AND (id <= 3240774))
	        ->  Bitmap Index Scan on sbtest4_pkey  (cost=0.00..314.55 rows=9811 width=0)
	              Index Cond: ((id >= 3230775) AND (id <= 3240774))

table 5 : explain SELECT SUM(k) FROM sbtest5 WHERE id BETWEEN 7081111 AND 7091110
	Aggregate  (cost=37233.34..37233.35 rows=1 width=8)
	  ->  Bitmap Heap Scan on sbtest5  (cost=351.70..37206.20 rows=10855 width=4)
	        Recheck Cond: ((id >= 7081111) AND (id <= 7091110))
	        ->  Bitmap Index Scan on sbtest5_pkey  (cost=0.00..348.99 rows=10855 width=0)
	              Index Cond: ((id >= 7081111) AND (id <= 7091110))

table 6 : explain SELECT SUM(k) FROM sbtest6 WHERE id BETWEEN 6060236 AND 6070235
	Aggregate  (cost=33435.10..33435.11 rows=1 width=8)
	  ->  Bitmap Heap Scan on sbtest6  (cost=310.94..33411.08 rows=9610 width=4)
	        Recheck Cond: ((id >= 6060236) AND (id <= 6070235))
	        ->  Bitmap Index Scan on sbtest6_pkey  (cost=0.00..308.54 rows=9610 width=0)
	              Index Cond: ((id >= 6060236) AND (id <= 6070235))

table 7 : explain SELECT SUM(k) FROM sbtest7 WHERE id BETWEEN 3476480 AND 3486479
	Aggregate  (cost=33451.74..33451.75 rows=1 width=8)
	  ->  Bitmap Heap Scan on sbtest7  (cost=310.35..33427.86 rows=9553 width=4)
	        Recheck Cond: ((id >= 3476480) AND (id <= 3486479))
	        ->  Bitmap Index Scan on sbtest7_pkey  (cost=0.00..307.96 rows=9553 width=0)
	              Index Cond: ((id >= 3476480) AND (id <= 3486479))

table 8 : explain SELECT SUM(k) FROM sbtest8 WHERE id BETWEEN 2125316 AND 2135315
	Aggregate  (cost=36653.79..36653.80 rows=1 width=8)
	  ->  Bitmap Heap Scan on sbtest8  (cost=344.86..36627.34 rows=10578 width=4)
	        Recheck Cond: ((id >= 2125316) AND (id <= 2135315))
	        ->  Bitmap Index Scan on sbtest8_pkey  (cost=0.00..342.21 rows=10578 width=0)
	              Index Cond: ((id >= 2125316) AND (id <= 2135315))

for point_selects
table 1 : explain SELECT c FROM sbtest1 WHERE id=8591141
	Index Scan using sbtest1_pkey on sbtest1  (cost=0.43..8.45 rows=1 width=121)
	  Index Cond: (id = 8591141)

table 2 : explain SELECT c FROM sbtest2 WHERE id=4855658
	Index Scan using sbtest2_pkey on sbtest2  (cost=0.43..8.45 rows=1 width=121)
	  Index Cond: (id = 4855658)

table 3 : explain SELECT c FROM sbtest3 WHERE id=5476572
	Index Scan using sbtest3_pkey on sbtest3  (cost=0.43..8.45 rows=1 width=121)
	  Index Cond: (id = 5476572)

table 4 : explain SELECT c FROM sbtest4 WHERE id=8036610
	Index Scan using sbtest4_pkey on sbtest4  (cost=0.43..8.45 rows=1 width=121)
	  Index Cond: (id = 8036610)

table 5 : explain SELECT c FROM sbtest5 WHERE id=4018332
	Index Scan using sbtest5_pkey on sbtest5  (cost=0.43..8.45 rows=1 width=121)
	  Index Cond: (id = 4018332)

table 6 : explain SELECT c FROM sbtest6 WHERE id=6320839
	Index Scan using sbtest6_pkey on sbtest6  (cost=0.43..8.45 rows=1 width=121)
	  Index Cond: (id = 6320839)

table 7 : explain SELECT c FROM sbtest7 WHERE id=288772
	Index Scan using sbtest7_pkey on sbtest7  (cost=0.43..8.45 rows=1 width=121)
	  Index Cond: (id = 288772)

table 8 : explain SELECT c FROM sbtest8 WHERE id=8625253
	Index Scan using sbtest8_pkey on sbtest8  (cost=0.43..8.45 rows=1 width=121)
	  Index Cond: (id = 8625253)

for: distinct_ranges
table 1 : explain SELECT DISTINCT c FROM sbtest1 WHERE id BETWEEN 217867 AND 227866 ORDER BY c
	Unique  (cost=34643.16..34692.10 rows=9788 width=121)
	  ->  Sort  (cost=34643.16..34667.63 rows=9788 width=121)
	        Sort Key: c
	        ->  Bitmap Heap Scan on sbtest1  (cost=316.76..33994.37 rows=9788 width=121)
	              Recheck Cond: ((id >= 217867) AND (id <= 227866))
	              ->  Bitmap Index Scan on sbtest1_pkey  (cost=0.00..314.31 rows=9788 width=0)
	                    Index Cond: ((id >= 217867) AND (id <= 227866))

table 2 : explain SELECT DISTINCT c FROM sbtest2 WHERE id BETWEEN 9288812 AND 9298811 ORDER BY c
	Unique  (cost=32345.80..32391.26 rows=9092 width=121)
	  ->  Sort  (cost=32345.80..32368.53 rows=9092 width=121)
	        Sort Key: c
	        ->  Bitmap Heap Scan on sbtest2  (cost=293.63..31747.99 rows=9092 width=121)
	              Recheck Cond: ((id >= 9288812) AND (id <= 9298811))
	              ->  Bitmap Index Scan on sbtest2_pkey  (cost=0.00..291.36 rows=9092 width=0)
	                    Index Cond: ((id >= 9288812) AND (id <= 9298811))

table 3 : explain SELECT DISTINCT c FROM sbtest3 WHERE id BETWEEN 3751418 AND 3761417 ORDER BY c
	Unique  (cost=39450.74..39507.05 rows=11262 width=121)
	  ->  Sort  (cost=39450.74..39478.90 rows=11262 width=121)
	        Sort Key: c
	        ->  Bitmap Heap Scan on sbtest3  (cost=363.87..38692.85 rows=11262 width=121)
	              Recheck Cond: ((id >= 3751418) AND (id <= 3761417))
	              ->  Bitmap Index Scan on sbtest3_pkey  (cost=0.00..361.06 rows=11262 width=0)
	                    Index Cond: ((id >= 3751418) AND (id <= 3761417))

table 4 : explain SELECT DISTINCT c FROM sbtest4 WHERE id BETWEEN 8363403 AND 8373402 ORDER BY c
	Unique  (cost=38267.47..38321.75 rows=10856 width=121)
	  ->  Sort  (cost=38267.47..38294.61 rows=10856 width=121)
	        Sort Key: c
	        ->  Bitmap Heap Scan on sbtest4  (cost=351.71..37539.78 rows=10856 width=121)
	              Recheck Cond: ((id >= 8363403) AND (id <= 8373402))
	              ->  Bitmap Index Scan on sbtest4_pkey  (cost=0.00..349.00 rows=10856 width=0)
	                    Index Cond: ((id >= 8363403) AND (id <= 8373402))

table 5 : explain SELECT DISTINCT c FROM sbtest5 WHERE id BETWEEN 4166826 AND 4176825 ORDER BY c
	Unique  (cost=34587.52..34636.56 rows=9808 width=121)
	  ->  Sort  (cost=34587.52..34612.04 rows=9808 width=121)
	        Sort Key: c
	        ->  Bitmap Heap Scan on sbtest5  (cost=316.97..33937.26 rows=9808 width=121)
	              Recheck Cond: ((id >= 4166826) AND (id <= 4176825))
	              ->  Bitmap Index Scan on sbtest5_pkey  (cost=0.00..314.51 rows=9808 width=0)
	                    Index Cond: ((id >= 4166826) AND (id <= 4176825))

table 6 : explain SELECT DISTINCT c FROM sbtest6 WHERE id BETWEEN 1287671 AND 1297670 ORDER BY c
	Unique  (cost=39579.34..39636.01 rows=11335 width=121)
	  ->  Sort  (cost=39579.34..39607.67 rows=11335 width=121)
	        Sort Key: c
	        ->  Bitmap Heap Scan on sbtest6  (cost=368.62..38816.01 rows=11335 width=121)
	              Recheck Cond: ((id >= 1287671) AND (id <= 1297670))
	              ->  Bitmap Index Scan on sbtest6_pkey  (cost=0.00..365.79 rows=11335 width=0)
	                    Index Cond: ((id >= 1287671) AND (id <= 1297670))

table 7 : explain SELECT DISTINCT c FROM sbtest7 WHERE id BETWEEN 4986051 AND 4996050 ORDER BY c
	Unique  (cost=35471.61..35521.53 rows=9985 width=121)
	  ->  Sort  (cost=35471.61..35496.57 rows=9985 width=121)
	        Sort Key: c
	        ->  Bitmap Heap Scan on sbtest7  (cost=322.78..34808.33 rows=9985 width=121)
	              Recheck Cond: ((id >= 4986051) AND (id <= 4996050))
	              ->  Bitmap Index Scan on sbtest7_pkey  (cost=0.00..320.29 rows=9985 width=0)
	                    Index Cond: ((id >= 4986051) AND (id <= 4996050))

table 8 : explain SELECT DISTINCT c FROM sbtest8 WHERE id BETWEEN 4348288 AND 4358287 ORDER BY c
	Unique  (cost=34604.06..34652.74 rows=9737 width=121)
	  ->  Sort  (cost=34604.06..34628.40 rows=9737 width=121)
	        Sort Key: c
	        ->  Bitmap Heap Scan on sbtest8  (cost=316.24..33959.02 rows=9737 width=121)
	              Recheck Cond: ((id >= 4348288) AND (id <= 4358287))
	              ->  Bitmap Index Scan on sbtest8_pkey  (cost=0.00..313.81 rows=9737 width=0)
	                    Index Cond: ((id >= 4348288) AND (id <= 4358287))

for: simple_ranges
table 1 : explain SELECT c FROM sbtest1 WHERE id BETWEEN 778015 AND 788014
	Bitmap Heap Scan on sbtest1  (cost=316.15..33806.17 rows=9728 width=121)
	  Recheck Cond: ((id >= 778015) AND (id <= 788014))
	  ->  Bitmap Index Scan on sbtest1_pkey  (cost=0.00..313.71 rows=9728 width=0)
	        Index Cond: ((id >= 778015) AND (id <= 788014))

table 2 : explain SELECT c FROM sbtest2 WHERE id BETWEEN 2849881 AND 2859880
	Bitmap Heap Scan on sbtest2  (cost=375.88..39779.00 rows=11653 width=121)
	  Recheck Cond: ((id >= 2849881) AND (id <= 2859880))
	  ->  Bitmap Index Scan on sbtest2_pkey  (cost=0.00..372.96 rows=11653 width=0)
	        Index Cond: ((id >= 2849881) AND (id <= 2859880))

table 3 : explain SELECT c FROM sbtest3 WHERE id BETWEEN 6272747 AND 6282746
	Bitmap Heap Scan on sbtest3  (cost=368.65..38930.10 rows=11338 width=121)
	  Recheck Cond: ((id >= 6272747) AND (id <= 6282746))
	  ->  Bitmap Index Scan on sbtest3_pkey  (cost=0.00..365.81 rows=11338 width=0)
	        Index Cond: ((id >= 6272747) AND (id <= 6282746))

table 4 : explain SELECT c FROM sbtest4 WHERE id BETWEEN 6605631 AND 6615630
	Bitmap Heap Scan on sbtest4  (cost=303.89..32634.74 rows=9313 width=121)
	  Recheck Cond: ((id >= 6605631) AND (id <= 6615630))
	  ->  Bitmap Index Scan on sbtest4_pkey  (cost=0.00..301.56 rows=9313 width=0)
	        Index Cond: ((id >= 6605631) AND (id <= 6615630))

table 5 : explain SELECT c FROM sbtest5 WHERE id BETWEEN 1210918 AND 1220917
	Bitmap Heap Scan on sbtest5  (cost=321.89..34221.86 rows=9898 width=121)
	  Recheck Cond: ((id >= 1210918) AND (id <= 1220917))
	  ->  Bitmap Index Scan on sbtest5_pkey  (cost=0.00..319.42 rows=9898 width=0)
	        Index Cond: ((id >= 1210918) AND (id <= 1220917))

table 6 : explain SELECT c FROM sbtest6 WHERE id BETWEEN 590001 AND 600000
	Bitmap Heap Scan on sbtest6  (cost=321.63..34245.93 rows=9873 width=121)
	  Recheck Cond: ((id >= 590001) AND (id <= 600000))
	  ->  Bitmap Index Scan on sbtest6_pkey  (cost=0.00..319.17 rows=9873 width=0)
	        Index Cond: ((id >= 590001) AND (id <= 600000))

table 7 : explain SELECT c FROM sbtest7 WHERE id BETWEEN 739183 AND 749182
	Bitmap Heap Scan on sbtest7  (cost=351.24..37423.73 rows=10810 width=121)
	  Recheck Cond: ((id >= 739183) AND (id <= 749182))
	  ->  Bitmap Index Scan on sbtest7_pkey  (cost=0.00..348.54 rows=10810 width=0)
	        Index Cond: ((id >= 739183) AND (id <= 749182))

table 8 : explain SELECT c FROM sbtest8 WHERE id BETWEEN 7154745 AND 7164744
	Bitmap Heap Scan on sbtest8  (cost=316.84..34144.87 rows=9796 width=121)
	  Recheck Cond: ((id >= 7154745) AND (id <= 7164744))
	  ->  Bitmap Index Scan on sbtest8_pkey  (cost=0.00..314.40 rows=9796 width=0)
	        Index Cond: ((id >= 7154745) AND (id <= 7164744))

for: simple_ranges
table 1 : explain SELECT c FROM sbtest1 WHERE id BETWEEN 9503490 AND 9513489
	Bitmap Heap Scan on sbtest1  (cost=345.28..36615.61 rows=10619 width=121)
	  Recheck Cond: ((id >= 9503490) AND (id <= 9513489))
	  ->  Bitmap Index Scan on sbtest1_pkey  (cost=0.00..342.62 rows=10619 width=0)
	        Index Cond: ((id >= 9503490) AND (id <= 9513489))

table 2 : explain SELECT c FROM sbtest2 WHERE id BETWEEN 6443463 AND 6453462
	Bitmap Heap Scan on sbtest2  (cost=315.58..33600.04 rows=9673 width=121)
	  Recheck Cond: ((id >= 6443463) AND (id <= 6453462))
	  ->  Bitmap Index Scan on sbtest2_pkey  (cost=0.00..313.17 rows=9673 width=0)
	        Index Cond: ((id >= 6443463) AND (id <= 6453462))

table 3 : explain SELECT c FROM sbtest3 WHERE id BETWEEN 6311186 AND 6321185
	Bitmap Heap Scan on sbtest3  (cost=368.65..38930.10 rows=11338 width=121)
	  Recheck Cond: ((id >= 6311186) AND (id <= 6321185))
	  ->  Bitmap Index Scan on sbtest3_pkey  (cost=0.00..365.81 rows=11338 width=0)
	        Index Cond: ((id >= 6311186) AND (id <= 6321185))

table 4 : explain SELECT c FROM sbtest4 WHERE id BETWEEN 7690866 AND 7700865
	Bitmap Heap Scan on sbtest4  (cost=304.95..32966.04 rows=9416 width=121)
	  Recheck Cond: ((id >= 7690866) AND (id <= 7700865))
	  ->  Bitmap Index Scan on sbtest4_pkey  (cost=0.00..302.59 rows=9416 width=0)
	        Index Cond: ((id >= 7690866) AND (id <= 7700865))

table 5 : explain SELECT c FROM sbtest5 WHERE id BETWEEN 3816253 AND 3826252
	Bitmap Heap Scan on sbtest5  (cost=363.30..38292.09 rows=11206 width=121)
	  Recheck Cond: ((id >= 3816253) AND (id <= 3826252))
	  ->  Bitmap Index Scan on sbtest5_pkey  (cost=0.00..360.50 rows=11206 width=0)
	        Index Cond: ((id >= 3816253) AND (id <= 3826252))

table 6 : explain SELECT c FROM sbtest6 WHERE id BETWEEN 2404748 AND 2414747
	Bitmap Heap Scan on sbtest6  (cost=315.80..33678.02 rows=9694 width=121)
	  Recheck Cond: ((id >= 2404748) AND (id <= 2414747))
	  ->  Bitmap Index Scan on sbtest6_pkey  (cost=0.00..313.38 rows=9694 width=0)
	        Index Cond: ((id >= 2404748) AND (id <= 2414747))

table 7 : explain SELECT c FROM sbtest7 WHERE id BETWEEN 2073483 AND 2083482
	Bitmap Heap Scan on sbtest7  (cost=310.62..33509.75 rows=9579 width=121)
	  Recheck Cond: ((id >= 2073483) AND (id <= 2083482))
	  ->  Bitmap Index Scan on sbtest7_pkey  (cost=0.00..308.23 rows=9579 width=0)
	        Index Cond: ((id >= 2073483) AND (id <= 2083482))

table 8 : explain SELECT c FROM sbtest8 WHERE id BETWEEN 7177036 AND 7187035
	Bitmap Heap Scan on sbtest8  (cost=316.84..34144.87 rows=9796 width=121)
	  Recheck Cond: ((id >= 7177036) AND (id <= 7187035))
	  ->  Bitmap Index Scan on sbtest8_pkey  (cost=0.00..314.40 rows=9796 width=0)
	        Index Cond: ((id >= 7177036) AND (id <= 7187035))

for: simple_ranges
table 1 : explain SELECT c FROM sbtest1 WHERE id BETWEEN 7045116 AND 7055115
	Bitmap Heap Scan on sbtest1  (cost=316.20..33822.40 rows=9733 width=121)
	  Recheck Cond: ((id >= 7045116) AND (id <= 7055115))
	  ->  Bitmap Index Scan on sbtest1_pkey  (cost=0.00..313.76 rows=9733 width=0)
	        Index Cond: ((id >= 7045116) AND (id <= 7055115))

table 2 : explain SELECT c FROM sbtest2 WHERE id BETWEEN 5239756 AND 5249755
	Bitmap Heap Scan on sbtest2  (cost=309.97..33102.51 rows=9516 width=121)
	  Recheck Cond: ((id >= 5239756) AND (id <= 5249755))
	  ->  Bitmap Index Scan on sbtest2_pkey  (cost=0.00..307.59 rows=9516 width=0)
	        Index Cond: ((id >= 5239756) AND (id <= 5249755))

table 3 : explain SELECT c FROM sbtest3 WHERE id BETWEEN 3083792 AND 3093791
	Bitmap Heap Scan on sbtest3  (cost=305.26..32967.65 rows=9446 width=121)
	  Recheck Cond: ((id >= 3083792) AND (id <= 3093791))
	  ->  Bitmap Index Scan on sbtest3_pkey  (cost=0.00..302.90 rows=9446 width=0)
	        Index Cond: ((id >= 3083792) AND (id <= 3093791))

table 4 : explain SELECT c FROM sbtest4 WHERE id BETWEEN 7291890 AND 7301889
	Bitmap Heap Scan on sbtest4  (cost=327.78..35094.89 rows=10082 width=121)
	  Recheck Cond: ((id >= 7291890) AND (id <= 7301889))
	  ->  Bitmap Index Scan on sbtest4_pkey  (cost=0.00..325.25 rows=10082 width=0)
	        Index Cond: ((id >= 7291890) AND (id <= 7301889))

table 5 : explain SELECT c FROM sbtest5 WHERE id BETWEEN 2710284 AND 2720283
	Bitmap Heap Scan on sbtest5  (cost=322.96..34547.21 rows=10002 width=121)
	  Recheck Cond: ((id >= 2710284) AND (id <= 2720283))
	  ->  Bitmap Index Scan on sbtest5_pkey  (cost=0.00..320.45 rows=10002 width=0)
	        Index Cond: ((id >= 2710284) AND (id <= 2720283))

table 6 : explain SELECT c FROM sbtest6 WHERE id BETWEEN 9557658 AND 9567657
	Bitmap Heap Scan on sbtest6  (cost=328.53..35135.45 rows=10156 width=121)
	  Recheck Cond: ((id >= 9557658) AND (id <= 9567657))
	  ->  Bitmap Index Scan on sbtest6_pkey  (cost=0.00..326.00 rows=10156 width=0)
	        Index Cond: ((id >= 9557658) AND (id <= 9567657))

table 7 : explain SELECT c FROM sbtest7 WHERE id BETWEEN 63375 AND 73374
	Bitmap Heap Scan on sbtest7  (cost=346.33..37141.88 rows=10721 width=121)
	  Recheck Cond: ((id >= 63375) AND (id <= 73374))
	  ->  Bitmap Index Scan on sbtest7_pkey  (cost=0.00..343.65 rows=10721 width=0)
	        Index Cond: ((id >= 63375) AND (id <= 73374))

table 8 : explain SELECT c FROM sbtest8 WHERE id BETWEEN 7923095 AND 7933094
	Bitmap Heap Scan on sbtest8  (cost=351.48..37431.14 rows=10834 width=121)
	  Recheck Cond: ((id >= 7923095) AND (id <= 7933094))
	  ->  Bitmap Index Scan on sbtest8_pkey  (cost=0.00..348.78 rows=10834 width=0)
	        Index Cond: ((id >= 7923095) AND (id <= 7933094))

for: order_ranges
table 1 : explain SELECT c FROM sbtest1 WHERE id BETWEEN 9123893 AND 9133892 ORDER BY c
	Sort  (cost=34031.03..34055.03 rows=9599 width=121)
	  Sort Key: c
	  ->  Bitmap Heap Scan on sbtest1  (cost=310.82..33396.12 rows=9599 width=121)
	        Recheck Cond: ((id >= 9123893) AND (id <= 9133892))
	        ->  Bitmap Index Scan on sbtest1_pkey  (cost=0.00..308.43 rows=9599 width=0)
	              Index Cond: ((id >= 9123893) AND (id <= 9133892))

table 2 : explain SELECT c FROM sbtest2 WHERE id BETWEEN 5225670 AND 5235669 ORDER BY c
	Sort  (cost=34399.62..34423.92 rows=9722 width=121)
	  Sort Key: c
	  ->  Bitmap Heap Scan on sbtest2  (cost=316.09..33755.68 rows=9722 width=121)
	        Recheck Cond: ((id >= 5225670) AND (id <= 5235669))
	        ->  Bitmap Index Scan on sbtest2_pkey  (cost=0.00..313.66 rows=9722 width=0)
	              Index Cond: ((id >= 5225670) AND (id <= 5235669))

table 3 : explain SELECT c FROM sbtest3 WHERE id BETWEEN 4963691 AND 4973690 ORDER BY c
	Sort  (cost=37196.94..37223.33 rows=10558 width=121)
	  Sort Key: c
	  ->  Bitmap Heap Scan on sbtest3  (cost=340.65..36491.34 rows=10558 width=121)
	        Recheck Cond: ((id >= 4963691) AND (id <= 4973690))
	        ->  Bitmap Index Scan on sbtest3_pkey  (cost=0.00..338.01 rows=10558 width=0)
	              Index Cond: ((id >= 4963691) AND (id <= 4973690))

table 4 : explain SELECT c FROM sbtest4 WHERE id BETWEEN 2480445 AND 2490444 ORDER BY c
	Sort  (cost=36318.05..36343.68 rows=10252 width=121)
	  Sort Key: c
	  ->  Bitmap Heap Scan on sbtest4  (cost=333.52..35635.09 rows=10252 width=121)
	        Recheck Cond: ((id >= 2480445) AND (id <= 2490444))
	        ->  Bitmap Index Scan on sbtest4_pkey  (cost=0.00..330.95 rows=10252 width=0)
	              Index Cond: ((id >= 2480445) AND (id <= 2490444))

table 5 : explain SELECT c FROM sbtest5 WHERE id BETWEEN 6025118 AND 6035117 ORDER BY c
	Sort  (cost=37466.07..37492.84 rows=10708 width=121)
	  Sort Key: c
	  ->  Bitmap Heap Scan on sbtest5  (cost=346.19..36749.36 rows=10708 width=121)
	        Recheck Cond: ((id >= 6025118) AND (id <= 6035117))
	        ->  Bitmap Index Scan on sbtest5_pkey  (cost=0.00..343.51 rows=10708 width=0)
	              Index Cond: ((id >= 6025118) AND (id <= 6035117))

table 6 : explain SELECT c FROM sbtest6 WHERE id BETWEEN 1157031 AND 1167030 ORDER BY c
	Sort  (cost=33714.26..33738.03 rows=9507 width=121)
	  Sort Key: c
	  ->  Bitmap Heap Scan on sbtest6  (cost=309.88..33086.10 rows=9507 width=121)
	        Recheck Cond: ((id >= 1157031) AND (id <= 1167030))
	        ->  Bitmap Index Scan on sbtest6_pkey  (cost=0.00..307.50 rows=9507 width=0)
	              Index Cond: ((id >= 1157031) AND (id <= 1167030))

table 7 : explain SELECT c FROM sbtest7 WHERE id BETWEEN 9605841 AND 9615840 ORDER BY c
	Sort  (cost=36458.60..36484.32 rows=10288 width=121)
	  Sort Key: c
	  ->  Bitmap Heap Scan on sbtest7  (cost=333.89..35772.98 rows=10288 width=121)
	        Recheck Cond: ((id >= 9605841) AND (id <= 9615840))
	        ->  Bitmap Index Scan on sbtest7_pkey  (cost=0.00..331.31 rows=10288 width=0)
	              Index Cond: ((id >= 9605841) AND (id <= 9615840))

table 8 : explain SELECT c FROM sbtest8 WHERE id BETWEEN 6845082 AND 6855081 ORDER BY c
	Sort  (cost=34934.92..34959.52 rows=9838 width=121)
	  Sort Key: c
	  ->  Bitmap Heap Scan on sbtest8  (cost=321.27..34282.46 rows=9838 width=121)
	        Recheck Cond: ((id >= 6845082) AND (id <= 6855081))
	        ->  Bitmap Index Scan on sbtest8_pkey  (cost=0.00..318.81 rows=9838 width=0)
	              Index Cond: ((id >= 6845082) AND (id <= 6855081))

for: order_ranges
table 1 : explain SELECT c FROM sbtest1 WHERE id BETWEEN 9155690 AND 9165689 ORDER BY c
	Sort  (cost=34031.03..34055.03 rows=9599 width=121)
	  Sort Key: c
	  ->  Bitmap Heap Scan on sbtest1  (cost=310.82..33396.12 rows=9599 width=121)
	        Recheck Cond: ((id >= 9155690) AND (id <= 9165689))
	        ->  Bitmap Index Scan on sbtest1_pkey  (cost=0.00..308.43 rows=9599 width=0)
	              Index Cond: ((id >= 9155690) AND (id <= 9165689))

table 2 : explain SELECT c FROM sbtest2 WHERE id BETWEEN 2540707 AND 2550706 ORDER BY c
	Sort  (cost=37146.49..37172.92 rows=10575 width=121)
	  Sort Key: c
	  ->  Bitmap Heap Scan on sbtest2  (cost=344.83..36439.63 rows=10575 width=121)
	        Recheck Cond: ((id >= 2540707) AND (id <= 2550706))
	        ->  Bitmap Index Scan on sbtest2_pkey  (cost=0.00..342.19 rows=10575 width=0)
	              Index Cond: ((id >= 2540707) AND (id <= 2550706))

table 3 : explain SELECT c FROM sbtest3 WHERE id BETWEEN 8778337 AND 8788336 ORDER BY c
	Sort  (cost=33404.18..33427.65 rows=9388 width=121)
	  Sort Key: c
	  ->  Bitmap Heap Scan on sbtest3  (cost=304.66..32784.73 rows=9388 width=121)
	        Recheck Cond: ((id >= 8778337) AND (id <= 8788336))
	        ->  Bitmap Index Scan on sbtest3_pkey  (cost=0.00..302.31 rows=9388 width=0)
	              Index Cond: ((id >= 8778337) AND (id <= 8788336))

table 4 : explain SELECT c FROM sbtest4 WHERE id BETWEEN 6035254 AND 6045253 ORDER BY c
	Sort  (cost=35551.51..35576.55 rows=10017 width=121)
	  Sort Key: c
	  ->  Bitmap Heap Scan on sbtest4  (cost=323.11..34885.87 rows=10017 width=121)
	        Recheck Cond: ((id >= 6035254) AND (id <= 6045253))
	        ->  Bitmap Index Scan on sbtest4_pkey  (cost=0.00..320.61 rows=10017 width=0)
	              Index Cond: ((id >= 6035254) AND (id <= 6045253))

table 5 : explain SELECT c FROM sbtest5 WHERE id BETWEEN 3898062 AND 3908061 ORDER BY c
	Sort  (cost=32606.49..32629.48 rows=9196 width=121)
	  Sort Key: c
	  ->  Bitmap Heap Scan on sbtest5  (cost=298.69..32001.08 rows=9196 width=121)
	        Recheck Cond: ((id >= 3898062) AND (id <= 3908061))
	        ->  Bitmap Index Scan on sbtest5_pkey  (cost=0.00..296.40 rows=9196 width=0)
	              Index Cond: ((id >= 3898062) AND (id <= 3908061))

table 6 : explain SELECT c FROM sbtest6 WHERE id BETWEEN 5953541 AND 5963540 ORDER BY c
	Sort  (cost=35225.46..35250.40 rows=9974 width=121)
	  Sort Key: c
	  ->  Bitmap Heap Scan on sbtest6  (cost=322.67..34562.99 rows=9974 width=121)
	        Recheck Cond: ((id >= 5953541) AND (id <= 5963540))
	        ->  Bitmap Index Scan on sbtest6_pkey  (cost=0.00..320.18 rows=9974 width=0)
	              Index Cond: ((id >= 5953541) AND (id <= 5963540))

table 7 : explain SELECT c FROM sbtest7 WHERE id BETWEEN 7583088 AND 7593087 ORDER BY c
	Sort  (cost=34394.36..34418.50 rows=9656 width=121)
	  Sort Key: c
	  ->  Bitmap Heap Scan on sbtest7  (cost=311.41..33755.27 rows=9656 width=121)
	        Recheck Cond: ((id >= 7583088) AND (id <= 7593087))
	        ->  Bitmap Index Scan on sbtest7_pkey  (cost=0.00..309.00 rows=9656 width=0)
	              Index Cond: ((id >= 7583088) AND (id <= 7593087))

table 8 : explain SELECT c FROM sbtest8 WHERE id BETWEEN 5632415 AND 5642414 ORDER BY c
	Sort  (cost=32185.29..32207.79 rows=9000 width=121)
	  Sort Key: c
	  ->  Bitmap Heap Scan on sbtest8  (cost=292.69..31594.19 rows=9000 width=121)
	        Recheck Cond: ((id >= 5632415) AND (id <= 5642414))
	        ->  Bitmap Index Scan on sbtest8_pkey  (cost=0.00..290.44 rows=9000 width=0)
	              Index Cond: ((id >= 5632415) AND (id <= 5642414))

for: simple_ranges
table 1 : explain SELECT c FROM sbtest1 WHERE id BETWEEN 9884130 AND 9894129
	Bitmap Heap Scan on sbtest1  (cost=310.26..33223.75 rows=9544 width=121)
	  Recheck Cond: ((id >= 9884130) AND (id <= 9894129))
	  ->  Bitmap Index Scan on sbtest1_pkey  (cost=0.00..307.88 rows=9544 width=0)
	        Index Cond: ((id >= 9884130) AND (id <= 9894129))

table 2 : explain SELECT c FROM sbtest2 WHERE id BETWEEN 9603993 AND 9613992
	Bitmap Heap Scan on sbtest2  (cost=275.64..29873.33 rows=8508 width=121)
	  Recheck Cond: ((id >= 9603993) AND (id <= 9613992))
	  ->  Bitmap Index Scan on sbtest2_pkey  (cost=0.00..273.51 rows=8508 width=0)
	        Index Cond: ((id >= 9603993) AND (id <= 9613992))

table 3 : explain SELECT c FROM sbtest3 WHERE id BETWEEN 361809 AND 371808
	Bitmap Heap Scan on sbtest3  (cost=345.05..36617.76 rows=10597 width=121)
	  Recheck Cond: ((id >= 361809) AND (id <= 371808))
	  ->  Bitmap Index Scan on sbtest3_pkey  (cost=0.00..342.41 rows=10597 width=0)
	        Index Cond: ((id >= 361809) AND (id <= 371808))

table 4 : explain SELECT c FROM sbtest4 WHERE id BETWEEN 6894401 AND 6904400
	Bitmap Heap Scan on sbtest4  (cost=340.45..36536.91 rows=10538 width=121)
	  Recheck Cond: ((id >= 6894401) AND (id <= 6904400))
	  ->  Bitmap Index Scan on sbtest4_pkey  (cost=0.00..337.81 rows=10538 width=0)
	        Index Cond: ((id >= 6894401) AND (id <= 6904400))

table 5 : explain SELECT c FROM sbtest5 WHERE id BETWEEN 5004922 AND 5014921
	Bitmap Heap Scan on sbtest5  (cost=328.81..35113.96 rows=10183 width=121)
	  Recheck Cond: ((id >= 5004922) AND (id <= 5014921))
	  ->  Bitmap Index Scan on sbtest5_pkey  (cost=0.00..326.26 rows=10183 width=0)
	        Index Cond: ((id >= 5004922) AND (id <= 5014921))

table 6 : explain SELECT c FROM sbtest6 WHERE id BETWEEN 5932957 AND 5942956
	Bitmap Heap Scan on sbtest6  (cost=322.67..34562.99 rows=9974 width=121)
	  Recheck Cond: ((id >= 5932957) AND (id <= 5942956))
	  ->  Bitmap Index Scan on sbtest6_pkey  (cost=0.00..320.18 rows=9974 width=0)
	        Index Cond: ((id >= 5932957) AND (id <= 5942956))

table 7 : explain SELECT c FROM sbtest7 WHERE id BETWEEN 5621237 AND 5631236
	Bitmap Heap Scan on sbtest7  (cost=309.93..33296.78 rows=9512 width=121)
	  Recheck Cond: ((id >= 5621237) AND (id <= 5631236))
	  ->  Bitmap Index Scan on sbtest7_pkey  (cost=0.00..307.56 rows=9512 width=0)
	        Index Cond: ((id >= 5621237) AND (id <= 5631236))

table 8 : explain SELECT c FROM sbtest8 WHERE id BETWEEN 2890140 AND 2900139
	Bitmap Heap Scan on sbtest8  (cost=346.13..37014.64 rows=10702 width=121)
	  Recheck Cond: ((id >= 2890140) AND (id <= 2900139))
	  ->  Bitmap Index Scan on sbtest8_pkey  (cost=0.00..343.45 rows=10702 width=0)
	        Index Cond: ((id >= 2890140) AND (id <= 2900139))

for: distinct_ranges
table 1 : explain SELECT DISTINCT c FROM sbtest1 WHERE id BETWEEN 2215589 AND 2225588 ORDER BY c
	Unique  (cost=39774.41..39831.35 rows=11388 width=121)
	  ->  Sort  (cost=39774.41..39802.88 rows=11388 width=121)
	        Sort Key: c
	        ->  Bitmap Heap Scan on sbtest1  (cost=369.16..39007.13 rows=11388 width=121)
	              Recheck Cond: ((id >= 2215589) AND (id <= 2225588))
	              ->  Bitmap Index Scan on sbtest1_pkey  (cost=0.00..366.31 rows=11388 width=0)
	                    Index Cond: ((id >= 2215589) AND (id <= 2225588))

table 2 : explain SELECT DISTINCT c FROM sbtest2 WHERE id BETWEEN 894035 AND 904034 ORDER BY c
	Unique  (cost=35082.92..35132.59 rows=9934 width=121)
	  ->  Sort  (cost=35082.92..35107.76 rows=9934 width=121)
	        Sort Key: c
	        ->  Bitmap Heap Scan on sbtest2  (cost=322.26..34423.40 rows=9934 width=121)
	              Recheck Cond: ((id >= 894035) AND (id <= 904034))
	              ->  Bitmap Index Scan on sbtest2_pkey  (cost=0.00..319.78 rows=9934 width=0)
	                    Index Cond: ((id >= 894035) AND (id <= 904034))

table 3 : explain SELECT DISTINCT c FROM sbtest3 WHERE id BETWEEN 8474753 AND 8484752 ORDER BY c
	Unique  (cost=35328.35..35378.25 rows=9979 width=121)
	  ->  Sort  (cost=35328.35..35353.30 rows=9979 width=121)
	        Sort Key: c
	        ->  Bitmap Heap Scan on sbtest3  (cost=322.72..34665.51 rows=9979 width=121)
	              Recheck Cond: ((id >= 8474753) AND (id <= 8484752))
	              ->  Bitmap Index Scan on sbtest3_pkey  (cost=0.00..320.23 rows=9979 width=0)
	                    Index Cond: ((id >= 8474753) AND (id <= 8484752))

table 4 : explain SELECT DISTINCT c FROM sbtest4 WHERE id BETWEEN 2203729 AND 2213728 ORDER BY c
	Unique  (cost=35424.91..35474.80 rows=9978 width=121)
	  ->  Sort  (cost=35424.91..35449.86 rows=9978 width=121)
	        Sort Key: c
	        ->  Bitmap Heap Scan on sbtest4  (cost=322.71..34762.15 rows=9978 width=121)
	              Recheck Cond: ((id >= 2203729) AND (id <= 2213728))
	              ->  Bitmap Index Scan on sbtest4_pkey  (cost=0.00..320.21 rows=9978 width=0)
	                    Index Cond: ((id >= 2203729) AND (id <= 2213728))

table 5 : explain SELECT DISTINCT c FROM sbtest5 WHERE id BETWEEN 5856856 AND 5866855 ORDER BY c
	Unique  (cost=35515.45..35565.93 rows=10096 width=121)
	  ->  Sort  (cost=35515.45..35540.69 rows=10096 width=121)
	        Sort Key: c
	        ->  Bitmap Heap Scan on sbtest5  (cost=327.92..34843.99 rows=10096 width=121)
	              Recheck Cond: ((id >= 5856856) AND (id <= 5866855))
	              ->  Bitmap Index Scan on sbtest5_pkey  (cost=0.00..325.40 rows=10096 width=0)
	                    Index Cond: ((id >= 5856856) AND (id <= 5866855))

table 6 : explain SELECT DISTINCT c FROM sbtest6 WHERE id BETWEEN 9733314 AND 9743313 ORDER BY c
	Unique  (cost=36066.17..36117.34 rows=10234 width=121)
	  ->  Sort  (cost=36066.17..36091.75 rows=10234 width=121)
	        Sort Key: c
	        ->  Bitmap Heap Scan on sbtest6  (cost=333.33..35384.53 rows=10234 width=121)
	              Recheck Cond: ((id >= 9733314) AND (id <= 9743313))
	              ->  Bitmap Index Scan on sbtest6_pkey  (cost=0.00..330.78 rows=10234 width=0)
	                    Index Cond: ((id >= 9733314) AND (id <= 9743313))

table 7 : explain SELECT DISTINCT c FROM sbtest7 WHERE id BETWEEN 9748035 AND 9758034 ORDER BY c
	Unique  (cost=39049.82..39105.28 rows=11091 width=121)
	  ->  Sort  (cost=39049.82..39077.55 rows=11091 width=121)
	        Sort Key: c
	        ->  Bitmap Heap Scan on sbtest7  (cost=358.12..38304.67 rows=11091 width=121)
	              Recheck Cond: ((id >= 9748035) AND (id <= 9758034))
	              ->  Bitmap Index Scan on sbtest7_pkey  (cost=0.00..355.34 rows=11091 width=0)
	                    Index Cond: ((id >= 9748035) AND (id <= 9758034))

table 8 : explain SELECT DISTINCT c FROM sbtest8 WHERE id BETWEEN 2809975 AND 2819974 ORDER BY c
	Unique  (cost=34624.06..34672.78 rows=9743 width=121)
	  ->  Sort  (cost=34624.06..34648.42 rows=9743 width=121)
	        Sort Key: c
	        ->  Bitmap Heap Scan on sbtest8  (cost=316.30..33978.58 rows=9743 width=121)
	              Recheck Cond: ((id >= 2809975) AND (id <= 2819974))
	              ->  Bitmap Index Scan on sbtest8_pkey  (cost=0.00..313.87 rows=9743 width=0)
	                    Index Cond: ((id >= 2809975) AND (id <= 2819974))

for: sum_ranges
table 1 : explain SELECT SUM(k) FROM sbtest1 WHERE id BETWEEN 9008829 AND 9018828
	Aggregate  (cost=31281.32..31281.33 rows=1 width=8)
	  ->  Bitmap Heap Scan on sbtest1  (cost=291.96..31259.00 rows=8929 width=4)
	        Recheck Cond: ((id >= 9008829) AND (id <= 9018828))
	        ->  Bitmap Index Scan on sbtest1_pkey  (cost=0.00..289.73 rows=8929 width=0)
	              Index Cond: ((id >= 9008829) AND (id <= 9018828))

table 2 : explain SELECT SUM(k) FROM sbtest2 WHERE id BETWEEN 8526877 AND 8536876
	Aggregate  (cost=32117.81..32117.82 rows=1 width=8)
	  ->  Bitmap Heap Scan on sbtest2  (cost=298.74..32094.81 rows=9200 width=4)
	        Recheck Cond: ((id >= 8526877) AND (id <= 8536876))
	        ->  Bitmap Index Scan on sbtest2_pkey  (cost=0.00..296.44 rows=9200 width=0)
	              Index Cond: ((id >= 8526877) AND (id <= 8536876))

table 3 : explain SELECT SUM(k) FROM sbtest3 WHERE id BETWEEN 5361784 AND 5371783
	Aggregate  (cost=35106.49..35106.50 rows=1 width=8)
	  ->  Bitmap Heap Scan on sbtest3  (cost=328.06..35081.21 rows=10110 width=4)
	        Recheck Cond: ((id >= 5361784) AND (id <= 5371783))
	        ->  Bitmap Index Scan on sbtest3_pkey  (cost=0.00..325.54 rows=10110 width=0)
	              Index Cond: ((id >= 5361784) AND (id <= 5371783))

table 4 : explain SELECT SUM(k) FROM sbtest4 WHERE id BETWEEN 2439175 AND 2449174
	Aggregate  (cost=34835.99..34836.00 rows=1 width=8)
	  ->  Bitmap Heap Scan on sbtest4  (cost=322.87..34811.01 rows=9994 width=4)
	        Recheck Cond: ((id >= 2439175) AND (id <= 2449174))
	        ->  Bitmap Index Scan on sbtest4_pkey  (cost=0.00..320.38 rows=9994 width=0)
	              Index Cond: ((id >= 2439175) AND (id <= 2449174))

table 5 : explain SELECT SUM(k) FROM sbtest5 WHERE id BETWEEN 3295121 AND 3305120
	Aggregate  (cost=36638.72..36638.73 rows=1 width=8)
	  ->  Bitmap Heap Scan on sbtest5  (cost=345.73..36612.06 rows=10663 width=4)
	        Recheck Cond: ((id >= 3295121) AND (id <= 3305120))
	        ->  Bitmap Index Scan on sbtest5_pkey  (cost=0.00..343.06 rows=10663 width=0)
	              Index Cond: ((id >= 3295121) AND (id <= 3305120))

table 6 : explain SELECT SUM(k) FROM sbtest6 WHERE id BETWEEN 1607647 AND 1617646
	Aggregate  (cost=36335.11..36335.12 rows=1 width=8)
	  ->  Bitmap Heap Scan on sbtest6  (cost=340.37..36308.79 rows=10530 width=4)
	        Recheck Cond: ((id >= 1607647) AND (id <= 1617646))
	        ->  Bitmap Index Scan on sbtest6_pkey  (cost=0.00..337.74 rows=10530 width=0)
	              Index Cond: ((id >= 1607647) AND (id <= 1617646))

table 7 : explain SELECT SUM(k) FROM sbtest7 WHERE id BETWEEN 7924215 AND 7934214
	Aggregate  (cost=32593.24..32593.25 rows=1 width=8)
	  ->  Bitmap Heap Scan on sbtest7  (cost=299.63..32570.02 rows=9287 width=4)
	        Recheck Cond: ((id >= 7924215) AND (id <= 7934214))
	        ->  Bitmap Index Scan on sbtest7_pkey  (cost=0.00..297.31 rows=9287 width=0)
	              Index Cond: ((id >= 7924215) AND (id <= 7934214))

table 8 : explain SELECT SUM(k) FROM sbtest8 WHERE id BETWEEN 9433727 AND 9443726
	Aggregate  (cost=33427.16..33427.17 rows=1 width=8)
	  ->  Bitmap Heap Scan on sbtest8  (cost=310.46..33403.26 rows=9563 width=4)
	        Recheck Cond: ((id >= 9433727) AND (id <= 9443726))
	        ->  Bitmap Index Scan on sbtest8_pkey  (cost=0.00..308.06 rows=9563 width=0)
	              Index Cond: ((id >= 9433727) AND (id <= 9443726))

for: sum_ranges
table 1 : explain SELECT SUM(k) FROM sbtest1 WHERE id BETWEEN 1789926 AND 1799925
	Aggregate  (cost=34564.36..34564.37 rows=1 width=8)
	  ->  Bitmap Heap Scan on sbtest1  (cost=322.53..34539.46 rows=9960 width=4)
	        Recheck Cond: ((id >= 1789926) AND (id <= 1799925))
	        ->  Bitmap Index Scan on sbtest1_pkey  (cost=0.00..320.04 rows=9960 width=0)
	              Index Cond: ((id >= 1789926) AND (id <= 1799925))

table 2 : explain SELECT SUM(k) FROM sbtest2 WHERE id BETWEEN 2819696 AND 2829695
	Aggregate  (cost=34065.33..34065.34 rows=1 width=8)
	  ->  Bitmap Heap Scan on sbtest2  (cost=317.02..34040.80 rows=9813 width=4)
	        Recheck Cond: ((id >= 2819696) AND (id <= 2829695))
	        ->  Bitmap Index Scan on sbtest2_pkey  (cost=0.00..314.56 rows=9813 width=0)
	              Index Cond: ((id >= 2819696) AND (id <= 2829695))

table 3 : explain SELECT SUM(k) FROM sbtest3 WHERE id BETWEEN 4043802 AND 4053801
	Aggregate  (cost=32772.24..32772.25 rows=1 width=8)
	  ->  Bitmap Heap Scan on sbtest3  (cost=304.55..32748.79 rows=9377 width=4)
	        Recheck Cond: ((id >= 4043802) AND (id <= 4053801))
	        ->  Bitmap Index Scan on sbtest3_pkey  (cost=0.00..302.20 rows=9377 width=0)
	              Index Cond: ((id >= 4043802) AND (id <= 4053801))

table 4 : explain SELECT SUM(k) FROM sbtest4 WHERE id BETWEEN 1551246 AND 1561245
	Aggregate  (cost=37631.43..37631.44 rows=1 width=8)
	  ->  Bitmap Heap Scan on sbtest4  (cost=351.91..37604.24 rows=10876 width=4)
	        Recheck Cond: ((id >= 1551246) AND (id <= 1561245))
	        ->  Bitmap Index Scan on sbtest4_pkey  (cost=0.00..349.19 rows=10876 width=0)
	              Index Cond: ((id >= 1551246) AND (id <= 1561245))

table 5 : explain SELECT SUM(k) FROM sbtest5 WHERE id BETWEEN 3998568 AND 4008567
	Aggregate  (cost=32502.76..32502.77 rows=1 width=8)
	  ->  Bitmap Heap Scan on sbtest5  (cost=304.23..32479.40 rows=9346 width=4)
	        Recheck Cond: ((id >= 3998568) AND (id <= 4008567))
	        ->  Bitmap Index Scan on sbtest5_pkey  (cost=0.00..301.90 rows=9346 width=0)
	              Index Cond: ((id >= 3998568) AND (id <= 4008567))

table 6 : explain SELECT SUM(k) FROM sbtest6 WHERE id BETWEEN 2007544 AND 2017543
	Aggregate  (cost=34004.06..34004.07 rows=1 width=8)
	  ->  Bitmap Heap Scan on sbtest6  (cost=316.78..33979.58 rows=9790 width=4)
	        Recheck Cond: ((id >= 2007544) AND (id <= 2017543))
	        ->  Bitmap Index Scan on sbtest6_pkey  (cost=0.00..314.33 rows=9790 width=0)
	              Index Cond: ((id >= 2007544) AND (id <= 2017543))

table 7 : explain SELECT SUM(k) FROM sbtest7 WHERE id BETWEEN 8715141 AND 8725140
	Aggregate  (cost=35775.95..35775.96 rows=1 width=8)
	  ->  Bitmap Heap Scan on sbtest7  (cost=333.82..35750.24 rows=10281 width=4)
	        Recheck Cond: ((id >= 8715141) AND (id <= 8725140))
	        ->  Bitmap Index Scan on sbtest7_pkey  (cost=0.00..331.25 rows=10281 width=0)
	              Index Cond: ((id >= 8715141) AND (id <= 8725140))

table 8 : explain SELECT SUM(k) FROM sbtest8 WHERE id BETWEEN 9218143 AND 9228142
	Aggregate  (cost=36892.86..36892.87 rows=1 width=8)
	  ->  Bitmap Heap Scan on sbtest8  (cost=345.64..36866.23 rows=10654 width=4)
	        Recheck Cond: ((id >= 9218143) AND (id <= 9228142))
	        ->  Bitmap Index Scan on sbtest8_pkey  (cost=0.00..342.98 rows=10654 width=0)
	              Index Cond: ((id >= 9218143) AND (id <= 9228142))

for: sum_ranges
table 1 : explain SELECT SUM(k) FROM sbtest1 WHERE id BETWEEN 8160788 AND 8170787
	Aggregate  (cost=35535.89..35535.90 rows=1 width=8)
	  ->  Bitmap Heap Scan on sbtest1  (cost=333.67..35510.22 rows=10267 width=4)
	        Recheck Cond: ((id >= 8160788) AND (id <= 8170787))
	        ->  Bitmap Index Scan on sbtest1_pkey  (cost=0.00..331.11 rows=10267 width=0)
	              Index Cond: ((id >= 8160788) AND (id <= 8170787))

table 2 : explain SELECT SUM(k) FROM sbtest2 WHERE id BETWEEN 7089305 AND 7099304
	Aggregate  (cost=35705.55..35705.56 rows=1 width=8)
	  ->  Bitmap Heap Scan on sbtest2  (cost=334.35..35679.71 rows=10333 width=4)
	        Recheck Cond: ((id >= 7089305) AND (id <= 7099304))
	        ->  Bitmap Index Scan on sbtest2_pkey  (cost=0.00..331.76 rows=10333 width=0)
	              Index Cond: ((id >= 7089305) AND (id <= 7099304))

table 3 : explain SELECT SUM(k) FROM sbtest3 WHERE id BETWEEN 7014907 AND 7024906
	Aggregate  (cost=32922.62..32922.63 rows=1 width=8)
	  ->  Bitmap Heap Scan on sbtest3  (cost=305.03..32899.06 rows=9424 width=4)
	        Recheck Cond: ((id >= 7014907) AND (id <= 7024906))
	        ->  Bitmap Index Scan on sbtest3_pkey  (cost=0.00..302.68 rows=9424 width=0)
	              Index Cond: ((id >= 7014907) AND (id <= 7024906))

table 4 : explain SELECT SUM(k) FROM sbtest4 WHERE id BETWEEN 8401960 AND 8411959
	Aggregate  (cost=32690.86..32690.87 rows=1 width=8)
	  ->  Bitmap Heap Scan on sbtest4  (cost=304.00..32667.55 rows=9323 width=4)
	        Recheck Cond: ((id >= 8401960) AND (id <= 8411959))
	        ->  Bitmap Index Scan on sbtest4_pkey  (cost=0.00..301.67 rows=9323 width=0)
	              Index Cond: ((id >= 8401960) AND (id <= 8411959))

table 5 : explain SELECT SUM(k) FROM sbtest5 WHERE id BETWEEN 8667512 AND 8677511
	Aggregate  (cost=34068.34..34068.35 rows=1 width=8)
	  ->  Bitmap Heap Scan on sbtest5  (cost=317.32..34043.73 rows=9842 width=4)
	        Recheck Cond: ((id >= 8667512) AND (id <= 8677511))
	        ->  Bitmap Index Scan on sbtest5_pkey  (cost=0.00..314.86 rows=9842 width=0)
	              Index Cond: ((id >= 8667512) AND (id <= 8677511))

table 6 : explain SELECT SUM(k) FROM sbtest6 WHERE id BETWEEN 1776473 AND 1786472
	Aggregate  (cost=35477.86..35477.87 rows=1 width=8)
	  ->  Bitmap Heap Scan on sbtest6  (cost=333.56..35452.22 rows=10256 width=4)
	        Recheck Cond: ((id >= 1776473) AND (id <= 1786472))
	        ->  Bitmap Index Scan on sbtest6_pkey  (cost=0.00..331.00 rows=10256 width=0)
	              Index Cond: ((id >= 1776473) AND (id <= 1786472))

table 7 : explain SELECT SUM(k) FROM sbtest7 WHERE id BETWEEN 1520949 AND 1530948
	Aggregate  (cost=35879.96..35879.97 rows=1 width=8)
	  ->  Bitmap Heap Scan on sbtest7  (cost=334.15..35854.18 rows=10314 width=4)
	        Recheck Cond: ((id >= 1520949) AND (id <= 1530948))
	        ->  Bitmap Index Scan on sbtest7_pkey  (cost=0.00..331.57 rows=10314 width=0)
	              Index Cond: ((id >= 1520949) AND (id <= 1530948))

table 8 : explain SELECT SUM(k) FROM sbtest8 WHERE id BETWEEN 4919773 AND 4929772
	Aggregate  (cost=33361.73..33361.74 rows=1 width=8)
	  ->  Bitmap Heap Scan on sbtest8  (cost=310.24..33337.87 rows=9542 width=4)
	        Recheck Cond: ((id >= 4919773) AND (id <= 4929772))
	        ->  Bitmap Index Scan on sbtest8_pkey  (cost=0.00..307.86 rows=9542 width=0)
	              Index Cond: ((id >= 4919773) AND (id <= 4929772))

for: distinct_ranges
table 1 : explain SELECT DISTINCT c FROM sbtest1 WHERE id BETWEEN 684090 AND 694089 ORDER BY c
	Unique  (cost=32394.29..32439.78 rows=9098 width=121)
	  ->  Sort  (cost=32394.29..32417.04 rows=9098 width=121)
	        Sort Key: c
	        ->  Bitmap Heap Scan on sbtest1  (cost=293.69..31796.04 rows=9098 width=121)
	              Recheck Cond: ((id >= 684090) AND (id <= 694089))
	              ->  Bitmap Index Scan on sbtest1_pkey  (cost=0.00..291.42 rows=9098 width=0)
	                    Index Cond: ((id >= 684090) AND (id <= 694089))

table 2 : explain SELECT DISTINCT c FROM sbtest2 WHERE id BETWEEN 7527897 AND 7537896 ORDER BY c
	Unique  (cost=35407.74..35457.91 rows=10034 width=121)
	  ->  Sort  (cost=35407.74..35432.82 rows=10034 width=121)
	        Sort Key: c
	        ->  Bitmap Heap Scan on sbtest2  (cost=327.28..34740.85 rows=10034 width=121)
	              Recheck Cond: ((id >= 7527897) AND (id <= 7537896))
	              ->  Bitmap Index Scan on sbtest2_pkey  (cost=0.00..324.78 rows=10034 width=0)
	                    Index Cond: ((id >= 7527897) AND (id <= 7537896))

table 3 : explain SELECT DISTINCT c FROM sbtest3 WHERE id BETWEEN 8315932 AND 8325931 ORDER BY c
	Unique  (cost=34659.56..34708.43 rows=9773 width=121)
	  ->  Sort  (cost=34659.56..34683.99 rows=9773 width=121)
	        Sort Key: c
	        ->  Bitmap Heap Scan on sbtest3  (cost=316.61..34011.88 rows=9773 width=121)
	              Recheck Cond: ((id >= 8315932) AND (id <= 8325931))
	              ->  Bitmap Index Scan on sbtest3_pkey  (cost=0.00..314.17 rows=9773 width=0)
	                    Index Cond: ((id >= 8315932) AND (id <= 8325931))

table 4 : explain SELECT DISTINCT c FROM sbtest4 WHERE id BETWEEN 5099908 AND 5109907 ORDER BY c
	Unique  (cost=35064.78..35114.12 rows=9867 width=121)
	  ->  Sort  (cost=35064.78..35089.45 rows=9867 width=121)
	        Sort Key: c
	        ->  Bitmap Heap Scan on sbtest4  (cost=321.57..34410.19 rows=9867 width=121)
	              Recheck Cond: ((id >= 5099908) AND (id <= 5109907))
	              ->  Bitmap Index Scan on sbtest4_pkey  (cost=0.00..319.11 rows=9867 width=0)
	                    Index Cond: ((id >= 5099908) AND (id <= 5109907))

table 5 : explain SELECT DISTINCT c FROM sbtest5 WHERE id BETWEEN 9956405 AND 9966404 ORDER BY c
	Unique  (cost=33128.95..33175.73 rows=9356 width=121)
	  ->  Sort  (cost=33128.95..33152.34 rows=9356 width=121)
	        Sort Key: c
	        ->  Bitmap Heap Scan on sbtest5  (cost=304.33..32511.84 rows=9356 width=121)
	              Recheck Cond: ((id >= 9956405) AND (id <= 9966404))
	              ->  Bitmap Index Scan on sbtest5_pkey  (cost=0.00..302.00 rows=9356 width=0)
	                    Index Cond: ((id >= 9956405) AND (id <= 9966404))

table 6 : explain SELECT DISTINCT c FROM sbtest6 WHERE id BETWEEN 5420877 AND 5430876 ORDER BY c
	Unique  (cost=32240.99..32286.27 rows=9056 width=121)
	  ->  Sort  (cost=32240.99..32263.63 rows=9056 width=121)
	        Sort Key: c
	        ->  Bitmap Heap Scan on sbtest6  (cost=293.26..31645.80 rows=9056 width=121)
	              Recheck Cond: ((id >= 5420877) AND (id <= 5430876))
	              ->  Bitmap Index Scan on sbtest6_pkey  (cost=0.00..291.00 rows=9056 width=0)
	                    Index Cond: ((id >= 5420877) AND (id <= 5430876))

table 7 : explain SELECT DISTINCT c FROM sbtest7 WHERE id BETWEEN 9205734 AND 9215733 ORDER BY c
	Unique  (cost=33205.59..33252.06 rows=9294 width=121)
	  ->  Sort  (cost=33205.59..33228.83 rows=9294 width=121)
	        Sort Key: c
	        ->  Bitmap Heap Scan on sbtest7  (cost=299.70..32593.02 rows=9294 width=121)
	              Recheck Cond: ((id >= 9205734) AND (id <= 9215733))
	              ->  Bitmap Index Scan on sbtest7_pkey  (cost=0.00..297.38 rows=9294 width=0)
	                    Index Cond: ((id >= 9205734) AND (id <= 9215733))

table 8 : explain SELECT DISTINCT c FROM sbtest8 WHERE id BETWEEN 4590540 AND 4600539 ORDER BY c
	Unique  (cost=36953.24..37005.54 rows=10460 width=121)
	  ->  Sort  (cost=36953.24..36979.39 rows=10460 width=121)
	        Sort Key: c
	        ->  Bitmap Heap Scan on sbtest8  (cost=339.65..36254.90 rows=10460 width=121)
	              Recheck Cond: ((id >= 4590540) AND (id <= 4600539))
	              ->  Bitmap Index Scan on sbtest8_pkey  (cost=0.00..337.04 rows=10460 width=0)
	                    Index Cond: ((id >= 4590540) AND (id <= 4600539))

for: sum_ranges
table 1 : explain SELECT SUM(k) FROM sbtest1 WHERE id BETWEEN 9670722 AND 9680721
	Aggregate  (cost=36873.48..36873.49 rows=1 width=8)
	  ->  Bitmap Heap Scan on sbtest1  (cost=346.05..36846.75 rows=10694 width=4)
	        Recheck Cond: ((id >= 9670722) AND (id <= 9680721))
	        ->  Bitmap Index Scan on sbtest1_pkey  (cost=0.00..343.38 rows=10694 width=0)
	              Index Cond: ((id >= 9670722) AND (id <= 9680721))

table 2 : explain SELECT SUM(k) FROM sbtest2 WHERE id BETWEEN 3231593 AND 3241592
	Aggregate  (cost=33392.88..33392.89 rows=1 width=8)
	  ->  Bitmap Heap Scan on sbtest2  (cost=310.85..33368.88 rows=9601 width=4)
	        Recheck Cond: ((id >= 3231593) AND (id <= 3241592))
	        ->  Bitmap Index Scan on sbtest2_pkey  (cost=0.00..308.44 rows=9601 width=0)
	              Index Cond: ((id >= 3231593) AND (id <= 3241592))

table 3 : explain SELECT SUM(k) FROM sbtest3 WHERE id BETWEEN 1884149 AND 1894148
	Aggregate  (cost=36815.04..36815.05 rows=1 width=8)
	  ->  Bitmap Heap Scan on sbtest3  (cost=345.62..36788.41 rows=10652 width=4)
	        Recheck Cond: ((id >= 1884149) AND (id <= 1894148))
	        ->  Bitmap Index Scan on sbtest3_pkey  (cost=0.00..342.95 rows=10652 width=0)
	              Index Cond: ((id >= 1884149) AND (id <= 1894148))

table 4 : explain SELECT SUM(k) FROM sbtest4 WHERE id BETWEEN 8069954 AND 8079953
	Aggregate  (cost=38405.41..38405.42 rows=1 width=8)
	  ->  Bitmap Heap Scan on sbtest4  (cost=358.45..38377.61 rows=11123 width=4)
	        Recheck Cond: ((id >= 8069954) AND (id <= 8079953))
	        ->  Bitmap Index Scan on sbtest4_pkey  (cost=0.00..355.67 rows=11123 width=0)
	              Index Cond: ((id >= 8069954) AND (id <= 8079953))

table 5 : explain SELECT SUM(k) FROM sbtest5 WHERE id BETWEEN 8457085 AND 8467084
	Aggregate  (cost=35756.71..35756.72 rows=1 width=8)
	  ->  Bitmap Heap Scan on sbtest5  (cost=334.84..35730.76 rows=10381 width=4)
	        Recheck Cond: ((id >= 8457085) AND (id <= 8467084))
	        ->  Bitmap Index Scan on sbtest5_pkey  (cost=0.00..332.25 rows=10381 width=0)
	              Index Cond: ((id >= 8457085) AND (id <= 8467084))

table 6 : explain SELECT SUM(k) FROM sbtest6 WHERE id BETWEEN 8727829 AND 8737828
	Aggregate  (cost=34529.69..34529.70 rows=1 width=8)
	  ->  Bitmap Heap Scan on sbtest6  (cost=322.48..34504.80 rows=9956 width=4)
	        Recheck Cond: ((id >= 8727829) AND (id <= 8737828))
	        ->  Bitmap Index Scan on sbtest6_pkey  (cost=0.00..320.00 rows=9956 width=0)
	              Index Cond: ((id >= 8727829) AND (id <= 8737828))

table 7 : explain SELECT SUM(k) FROM sbtest7 WHERE id BETWEEN 9879481 AND 9889480
	Aggregate  (cost=32784.63..32784.64 rows=1 width=8)
	  ->  Bitmap Heap Scan on sbtest7  (cost=304.22..32761.27 rows=9345 width=4)
	        Recheck Cond: ((id >= 9879481) AND (id <= 9889480))
	        ->  Bitmap Index Scan on sbtest7_pkey  (cost=0.00..301.88 rows=9345 width=0)
	              Index Cond: ((id >= 9879481) AND (id <= 9889480))

table 8 : explain SELECT SUM(k) FROM sbtest8 WHERE id BETWEEN 6998521 AND 7008520
	Aggregate  (cost=33050.04..33050.05 rows=1 width=8)
	  ->  Bitmap Heap Scan on sbtest8  (cost=305.26..33026.42 rows=9446 width=4)
	        Recheck Cond: ((id >= 6998521) AND (id <= 7008520))
	        ->  Bitmap Index Scan on sbtest8_pkey  (cost=0.00..302.90 rows=9446 width=0)
	              Index Cond: ((id >= 6998521) AND (id <= 7008520))

for: order_ranges
table 1 : explain SELECT c FROM sbtest1 WHERE id BETWEEN 4758086 AND 4768085 ORDER BY c
	Sort  (cost=35645.12..35670.36 rows=10097 width=121)
	  Sort Key: c
	  ->  Bitmap Heap Scan on sbtest1  (cost=327.93..34973.59 rows=10097 width=121)
	        Recheck Cond: ((id >= 4758086) AND (id <= 4768085))
	        ->  Bitmap Index Scan on sbtest1_pkey  (cost=0.00..325.41 rows=10097 width=0)
	              Index Cond: ((id >= 4758086) AND (id <= 4768085))

table 2 : explain SELECT c FROM sbtest2 WHERE id BETWEEN 6311824 AND 6321823 ORDER BY c
	Sort  (cost=37284.39..37310.94 rows=10618 width=121)
	  Sort Key: c
	  ->  Bitmap Heap Scan on sbtest2  (cost=345.27..36574.35 rows=10618 width=121)
	        Recheck Cond: ((id >= 6311824) AND (id <= 6321823))
	        ->  Bitmap Index Scan on sbtest2_pkey  (cost=0.00..342.62 rows=10618 width=0)
	              Index Cond: ((id >= 6311824) AND (id <= 6321823))

table 3 : explain SELECT c FROM sbtest3 WHERE id BETWEEN 6639510 AND 6649509 ORDER BY c
	Sort  (cost=30920.35..30941.93 rows=8632 width=121)
	  Sort Key: c
	  ->  Bitmap Heap Scan on sbtest3  (cost=280.91..30356.01 rows=8632 width=121)
	        Recheck Cond: ((id >= 6639510) AND (id <= 6649509))
	        ->  Bitmap Index Scan on sbtest3_pkey  (cost=0.00..278.75 rows=8632 width=0)
	              Index Cond: ((id >= 6639510) AND (id <= 6649509))

table 4 : explain SELECT c FROM sbtest4 WHERE id BETWEEN 6238679 AND 6248678 ORDER BY c
	Sort  (cost=33416.49..33439.90 rows=9364 width=121)
	  Sort Key: c
	  ->  Bitmap Heap Scan on sbtest4  (cost=304.42..32798.80 rows=9364 width=121)
	        Recheck Cond: ((id >= 6238679) AND (id <= 6248678))
	        ->  Bitmap Index Scan on sbtest4_pkey  (cost=0.00..302.07 rows=9364 width=0)
	              Index Cond: ((id >= 6238679) AND (id <= 6248678))

table 5 : explain SELECT c FROM sbtest5 WHERE id BETWEEN 6919575 AND 6929574 ORDER BY c
	Sort  (cost=35023.83..35048.69 rows=9943 width=121)
	  Sort Key: c
	  ->  Bitmap Heap Scan on sbtest5  (cost=322.35..34363.64 rows=9943 width=121)
	        Recheck Cond: ((id >= 6919575) AND (id <= 6929574))
	        ->  Bitmap Index Scan on sbtest5_pkey  (cost=0.00..319.87 rows=9943 width=0)
	              Index Cond: ((id >= 6919575) AND (id <= 6929574))

table 6 : explain SELECT c FROM sbtest6 WHERE id BETWEEN 5389306 AND 5399305 ORDER BY c
	Sort  (cost=33300.67..33324.12 rows=9380 width=121)
	  Sort Key: c
	  ->  Bitmap Heap Scan on sbtest6  (cost=304.58..32681.80 rows=9380 width=121)
	        Recheck Cond: ((id >= 5389306) AND (id <= 5399305))
	        ->  Bitmap Index Scan on sbtest6_pkey  (cost=0.00..302.24 rows=9380 width=0)
	              Index Cond: ((id >= 5389306) AND (id <= 5399305))

table 7 : explain SELECT c FROM sbtest7 WHERE id BETWEEN 5636293 AND 5646292 ORDER BY c
	Sort  (cost=33962.17..33985.97 rows=9523 width=121)
	  Sort Key: c
	  ->  Bitmap Heap Scan on sbtest7  (cost=310.05..33332.83 rows=9523 width=121)
	        Recheck Cond: ((id >= 5636293) AND (id <= 5646292))
	        ->  Bitmap Index Scan on sbtest7_pkey  (cost=0.00..307.67 rows=9523 width=0)
	              Index Cond: ((id >= 5636293) AND (id <= 5646292))

table 8 : explain SELECT c FROM sbtest8 WHERE id BETWEEN 7415912 AND 7425911 ORDER BY c
	Sort  (cost=36157.03..36182.56 rows=10214 width=121)
	  Sort Key: c
	  ->  Bitmap Heap Scan on sbtest8  (cost=333.13..35476.86 rows=10214 width=121)
	        Recheck Cond: ((id >= 7415912) AND (id <= 7425911))
	        ->  Bitmap Index Scan on sbtest8_pkey  (cost=0.00..330.57 rows=10214 width=0)
	              Index Cond: ((id >= 7415912) AND (id <= 7425911))

for: order_ranges
table 1 : explain SELECT c FROM sbtest1 WHERE id BETWEEN 5016653 AND 5026652 ORDER BY c
	Sort  (cost=34207.90..34232.03 rows=9652 width=121)
	  Sort Key: c
	  ->  Bitmap Heap Scan on sbtest1  (cost=315.37..33569.10 rows=9652 width=121)
	        Recheck Cond: ((id >= 5016653) AND (id <= 5026652))
	        ->  Bitmap Index Scan on sbtest1_pkey  (cost=0.00..312.95 rows=9652 width=0)
	              Index Cond: ((id >= 5016653) AND (id <= 5026652))

table 2 : explain SELECT c FROM sbtest2 WHERE id BETWEEN 4581699 AND 4591698 ORDER BY c
	Sort  (cost=35754.57..35779.92 rows=10142 width=121)
	  Sort Key: c
	  ->  Bitmap Heap Scan on sbtest2  (cost=328.39..35079.72 rows=10142 width=121)
	        Recheck Cond: ((id >= 4581699) AND (id <= 4591698))
	        ->  Bitmap Index Scan on sbtest2_pkey  (cost=0.00..325.86 rows=10142 width=0)
	              Index Cond: ((id >= 4581699) AND (id <= 4591698))

table 3 : explain SELECT c FROM sbtest3 WHERE id BETWEEN 7908019 AND 7918018 ORDER BY c
	Sort  (cost=34613.01..34637.41 rows=9759 width=121)
	  Sort Key: c
	  ->  Bitmap Heap Scan on sbtest3  (cost=316.46..33966.35 rows=9759 width=121)
	        Recheck Cond: ((id >= 7908019) AND (id <= 7918018))
	        ->  Bitmap Index Scan on sbtest3_pkey  (cost=0.00..314.03 rows=9759 width=0)
	              Index Cond: ((id >= 7908019) AND (id <= 7918018))

table 4 : explain SELECT c FROM sbtest4 WHERE id BETWEEN 6159166 AND 6169165 ORDER BY c
	Sort  (cost=34903.95..34928.50 rows=9819 width=121)
	  Sort Key: c
	  ->  Bitmap Heap Scan on sbtest4  (cost=317.08..34252.88 rows=9819 width=121)
	        Recheck Cond: ((id >= 6159166) AND (id <= 6169165))
	        ->  Bitmap Index Scan on sbtest4_pkey  (cost=0.00..314.62 rows=9819 width=0)
	              Index Cond: ((id >= 6159166) AND (id <= 6169165))

table 5 : explain SELECT c FROM sbtest5 WHERE id BETWEEN 6315605 AND 6325604 ORDER BY c
	Sort  (cost=35696.45..35721.84 rows=10153 width=121)
	  Sort Key: c
	  ->  Bitmap Heap Scan on sbtest5  (cost=328.50..35020.79 rows=10153 width=121)
	        Recheck Cond: ((id >= 6315605) AND (id <= 6325604))
	        ->  Bitmap Index Scan on sbtest5_pkey  (cost=0.00..325.96 rows=10153 width=0)
	              Index Cond: ((id >= 6315605) AND (id <= 6325604))

table 6 : explain SELECT c FROM sbtest6 WHERE id BETWEEN 778794 AND 788793 ORDER BY c
	Sort  (cost=37722.43..37749.31 rows=10752 width=121)
	  Sort Key: c
	  ->  Bitmap Heap Scan on sbtest6  (cost=346.64..37002.46 rows=10752 width=121)
	        Recheck Cond: ((id >= 778794) AND (id <= 788793))
	        ->  Bitmap Index Scan on sbtest6_pkey  (cost=0.00..343.95 rows=10752 width=0)
	              Index Cond: ((id >= 778794) AND (id <= 788793))

table 7 : explain SELECT c FROM sbtest7 WHERE id BETWEEN 710907 AND 720906 ORDER BY c
	Sort  (cost=38148.00..38175.02 rows=10810 width=121)
	  Sort Key: c
	  ->  Bitmap Heap Scan on sbtest7  (cost=351.24..37423.73 rows=10810 width=121)
	        Recheck Cond: ((id >= 710907) AND (id <= 720906))
	        ->  Bitmap Index Scan on sbtest7_pkey  (cost=0.00..348.54 rows=10810 width=0)
	              Index Cond: ((id >= 710907) AND (id <= 720906))

table 8 : explain SELECT c FROM sbtest8 WHERE id BETWEEN 3939242 AND 3949241 ORDER BY c
	Sort  (cost=37896.68..37923.56 rows=10753 width=121)
	  Sort Key: c
	  ->  Bitmap Heap Scan on sbtest8  (cost=350.65..37176.64 rows=10753 width=121)
	        Recheck Cond: ((id >= 3939242) AND (id <= 3949241))
	        ->  Bitmap Index Scan on sbtest8_pkey  (cost=0.00..347.96 rows=10753 width=0)
	              Index Cond: ((id >= 3939242) AND (id <= 3949241))

for: order_ranges
table 1 : explain SELECT c FROM sbtest1 WHERE id BETWEEN 1489574 AND 1499573 ORDER BY c
	Sort  (cost=31478.58..31500.63 rows=8818 width=121)
	  Sort Key: c
	  ->  Bitmap Heap Scan on sbtest1  (cost=286.82..30900.73 rows=8818 width=121)
	        Recheck Cond: ((id >= 1489574) AND (id <= 1499573))
	        ->  Bitmap Index Scan on sbtest1_pkey  (cost=0.00..284.62 rows=8818 width=0)
	              Index Cond: ((id >= 1489574) AND (id <= 1499573))

table 2 : explain SELECT c FROM sbtest2 WHERE id BETWEEN 4795879 AND 4805878 ORDER BY c
	Sort  (cost=36728.26..36754.37 rows=10445 width=121)
	  Sort Key: c
	  ->  Bitmap Heap Scan on sbtest2  (cost=339.50..36031.03 rows=10445 width=121)
	        Recheck Cond: ((id >= 4795879) AND (id <= 4805878))
	        ->  Bitmap Index Scan on sbtest2_pkey  (cost=0.00..336.88 rows=10445 width=0)
	              Index Cond: ((id >= 4795879) AND (id <= 4805878))

table 3 : explain SELECT c FROM sbtest3 WHERE id BETWEEN 4479859 AND 4489858 ORDER BY c
	Sort  (cost=34406.55..34430.79 rows=9695 width=121)
	  Sort Key: c
	  ->  Bitmap Heap Scan on sbtest3  (cost=315.81..33764.60 rows=9695 width=121)
	        Recheck Cond: ((id >= 4479859) AND (id <= 4489858))
	        ->  Bitmap Index Scan on sbtest3_pkey  (cost=0.00..313.38 rows=9695 width=0)
	              Index Cond: ((id >= 4479859) AND (id <= 4489858))

table 4 : explain SELECT c FROM sbtest4 WHERE id BETWEEN 8097250 AND 8107249 ORDER BY c
	Sort  (cost=34472.93..34497.15 rows=9686 width=121)
	  Sort Key: c
	  ->  Bitmap Heap Scan on sbtest4  (cost=315.72..33831.64 rows=9686 width=121)
	        Recheck Cond: ((id >= 8097250) AND (id <= 8107249))
	        ->  Bitmap Index Scan on sbtest4_pkey  (cost=0.00..313.30 rows=9686 width=0)
	              Index Cond: ((id >= 8097250) AND (id <= 8107249))

table 5 : explain SELECT c FROM sbtest5 WHERE id BETWEEN 5893818 AND 5903817 ORDER BY c
	Sort  (cost=35515.45..35540.69 rows=10096 width=121)
	  Sort Key: c
	  ->  Bitmap Heap Scan on sbtest5  (cost=327.92..34843.99 rows=10096 width=121)
	        Recheck Cond: ((id >= 5893818) AND (id <= 5903817))
	        ->  Bitmap Index Scan on sbtest5_pkey  (cost=0.00..325.40 rows=10096 width=0)
	              Index Cond: ((id >= 5893818) AND (id <= 5903817))

table 6 : explain SELECT c FROM sbtest6 WHERE id BETWEEN 3191000 AND 3200999 ORDER BY c
	Sort  (cost=33360.69..33384.18 rows=9399 width=121)
	  Sort Key: c
	  ->  Bitmap Heap Scan on sbtest6  (cost=304.77..32740.43 rows=9399 width=121)
	        Recheck Cond: ((id >= 3191000) AND (id <= 3200999))
	        ->  Bitmap Index Scan on sbtest6_pkey  (cost=0.00..302.43 rows=9399 width=0)
	              Index Cond: ((id >= 3191000) AND (id <= 3200999))

table 7 : explain SELECT c FROM sbtest7 WHERE id BETWEEN 5459364 AND 5469363 ORDER BY c
	Sort  (cost=36358.85..36384.49 rows=10257 width=121)
	  Sort Key: c
	  ->  Bitmap Heap Scan on sbtest7  (cost=333.57..35675.51 rows=10257 width=121)
	        Recheck Cond: ((id >= 5459364) AND (id <= 5469363))
	        ->  Bitmap Index Scan on sbtest7_pkey  (cost=0.00..331.00 rows=10257 width=0)
	              Index Cond: ((id >= 5459364) AND (id <= 5469363))

table 8 : explain SELECT c FROM sbtest8 WHERE id BETWEEN 2707063 AND 2717062 ORDER BY c
	Sort  (cost=37321.21..37347.64 rows=10574 width=121)
	  Sort Key: c
	  ->  Bitmap Heap Scan on sbtest8  (cost=344.82..36614.43 rows=10574 width=121)
	        Recheck Cond: ((id >= 2707063) AND (id <= 2717062))
	        ->  Bitmap Index Scan on sbtest8_pkey  (cost=0.00..342.18 rows=10574 width=0)
	              Index Cond: ((id >= 2707063) AND (id <= 2717062))

for: order_ranges
table 1 : explain SELECT c FROM sbtest1 WHERE id BETWEEN 446604 AND 456603 ORDER BY c
	Sort  (cost=35403.60..35428.66 rows=10022 width=121)
	  Sort Key: c
	  ->  Bitmap Heap Scan on sbtest1  (cost=327.16..34737.59 rows=10022 width=121)
	        Recheck Cond: ((id >= 446604) AND (id <= 456603))
	        ->  Bitmap Index Scan on sbtest1_pkey  (cost=0.00..324.66 rows=10022 width=0)
	              Index Cond: ((id >= 446604) AND (id <= 456603))

table 2 : explain SELECT c FROM sbtest2 WHERE id BETWEEN 2831179 AND 2841178 ORDER BY c
	Sort  (cost=39755.84..39784.33 rows=11396 width=121)
	  Sort Key: c
	  ->  Bitmap Heap Scan on sbtest2  (cost=369.24..38987.97 rows=11396 width=121)
	        Recheck Cond: ((id >= 2831179) AND (id <= 2841178))
	        ->  Bitmap Index Scan on sbtest2_pkey  (cost=0.00..366.40 rows=11396 width=0)
	              Index Cond: ((id >= 2831179) AND (id <= 2841178))

table 3 : explain SELECT c FROM sbtest3 WHERE id BETWEEN 9129199 AND 9139198 ORDER BY c
	Sort  (cost=34969.58..34994.25 rows=9868 width=121)
	  Sort Key: c
	  ->  Bitmap Heap Scan on sbtest3  (cost=321.58..34314.91 rows=9868 width=121)
	        Recheck Cond: ((id >= 9129199) AND (id <= 9139198))
	        ->  Bitmap Index Scan on sbtest3_pkey  (cost=0.00..319.12 rows=9868 width=0)
	              Index Cond: ((id >= 9129199) AND (id <= 9139198))

table 4 : explain SELECT c FROM sbtest4 WHERE id BETWEEN 4246260 AND 4256259 ORDER BY c
	Sort  (cost=32396.66..32419.30 rows=9055 width=121)
	  Sort Key: c
	  ->  Bitmap Heap Scan on sbtest4  (cost=293.25..31801.55 rows=9055 width=121)
	        Recheck Cond: ((id >= 4246260) AND (id <= 4256259))
	        ->  Bitmap Index Scan on sbtest4_pkey  (cost=0.00..290.99 rows=9055 width=0)
	              Index Cond: ((id >= 4246260) AND (id <= 4256259))

table 5 : explain SELECT c FROM sbtest5 WHERE id BETWEEN 2375379 AND 2385378 ORDER BY c
	Sort  (cost=36311.60..36337.46 rows=10345 width=121)
	  Sort Key: c
	  ->  Bitmap Heap Scan on sbtest5  (cost=334.47..35621.76 rows=10345 width=121)
	        Recheck Cond: ((id >= 2375379) AND (id <= 2385378))
	        ->  Bitmap Index Scan on sbtest5_pkey  (cost=0.00..331.88 rows=10345 width=0)
	              Index Cond: ((id >= 2375379) AND (id <= 2385378))

table 6 : explain SELECT c FROM sbtest6 WHERE id BETWEEN 9388384 AND 9398383 ORDER BY c
	Sort  (cost=34123.25..34147.34 rows=9634 width=121)
	  Sort Key: c
	  ->  Bitmap Heap Scan on sbtest6  (cost=311.18..33485.77 rows=9634 width=121)
	        Recheck Cond: ((id >= 9388384) AND (id <= 9398383))
	        ->  Bitmap Index Scan on sbtest6_pkey  (cost=0.00..308.78 rows=9634 width=0)
	              Index Cond: ((id >= 9388384) AND (id <= 9398383))

table 7 : explain SELECT c FROM sbtest7 WHERE id BETWEEN 6214213 AND 6224212 ORDER BY c
	Sort  (cost=35501.70..35526.69 rows=9995 width=121)
	  Sort Key: c
	  ->  Bitmap Heap Scan on sbtest7  (cost=322.88..34837.68 rows=9995 width=121)
	        Recheck Cond: ((id >= 6214213) AND (id <= 6224212))
	        ->  Bitmap Index Scan on sbtest7_pkey  (cost=0.00..320.38 rows=9995 width=0)
	              Index Cond: ((id >= 6214213) AND (id <= 6224212))

table 8 : explain SELECT c FROM sbtest8 WHERE id BETWEEN 6400374 AND 6410373 ORDER BY c
	Sort  (cost=36269.86..36295.48 rows=10249 width=121)
	  Sort Key: c
	  ->  Bitmap Heap Scan on sbtest8  (cost=333.49..35587.11 rows=10249 width=121)
	        Recheck Cond: ((id >= 6400374) AND (id <= 6410373))
	        ->  Bitmap Index Scan on sbtest8_pkey  (cost=0.00..330.93 rows=10249 width=0)
	              Index Cond: ((id >= 6400374) AND (id <= 6410373))

for: distinct_ranges
table 1 : explain SELECT DISTINCT c FROM sbtest1 WHERE id BETWEEN 8382491 AND 8392490 ORDER BY c
	Unique  (cost=35393.68..35443.77 rows=10019 width=121)
	  ->  Sort  (cost=35393.68..35418.73 rows=10019 width=121)
	        Sort Key: c
	        ->  Bitmap Heap Scan on sbtest1  (cost=327.13..34727.89 rows=10019 width=121)
	              Recheck Cond: ((id >= 8382491) AND (id <= 8392490))
	              ->  Bitmap Index Scan on sbtest1_pkey  (cost=0.00..324.62 rows=10019 width=0)
	                    Index Cond: ((id >= 8382491) AND (id <= 8392490))

table 2 : explain SELECT DISTINCT c FROM sbtest2 WHERE id BETWEEN 3957627 AND 3967626 ORDER BY c
	Unique  (cost=40166.44..40224.06 rows=11525 width=121)
	  ->  Sort  (cost=40166.44..40195.25 rows=11525 width=121)
	        Sort Key: c
	        ->  Bitmap Heap Scan on sbtest2  (cost=374.57..39388.93 rows=11525 width=121)
	              Recheck Cond: ((id >= 3957627) AND (id <= 3967626))
	              ->  Bitmap Index Scan on sbtest2_pkey  (cost=0.00..371.69 rows=11525 width=0)
	                    Index Cond: ((id >= 3957627) AND (id <= 3967626))

table 3 : explain SELECT DISTINCT c FROM sbtest3 WHERE id BETWEEN 2832432 AND 2842431 ORDER BY c
	Unique  (cost=37790.82..37844.53 rows=10743 width=121)
	  ->  Sort  (cost=37790.82..37817.68 rows=10743 width=121)
	        Sort Key: c
	        ->  Bitmap Heap Scan on sbtest3  (cost=346.55..37071.52 rows=10743 width=121)
	              Recheck Cond: ((id >= 2832432) AND (id <= 2842431))
	              ->  Bitmap Index Scan on sbtest3_pkey  (cost=0.00..343.87 rows=10743 width=0)
	                    Index Cond: ((id >= 2832432) AND (id <= 2842431))

table 4 : explain SELECT DISTINCT c FROM sbtest4 WHERE id BETWEEN 2707375 AND 2717374 ORDER BY c
	Unique  (cost=35094.79..35144.17 rows=9876 width=121)
	  ->  Sort  (cost=35094.79..35119.48 rows=9876 width=121)
	        Sort Key: c
	        ->  Bitmap Heap Scan on sbtest4  (cost=321.66..34439.53 rows=9876 width=121)
	              Recheck Cond: ((id >= 2707375) AND (id <= 2717374))
	              ->  Bitmap Index Scan on sbtest4_pkey  (cost=0.00..319.19 rows=9876 width=0)
	                    Index Cond: ((id >= 2707375) AND (id <= 2717374))

table 5 : explain SELECT DISTINCT c FROM sbtest5 WHERE id BETWEEN 7431848 AND 7441847 ORDER BY c
	Unique  (cost=32536.57..32582.44 rows=9174 width=121)
	  ->  Sort  (cost=32536.57..32559.51 rows=9174 width=121)
	        Sort Key: c
	        ->  Bitmap Heap Scan on sbtest5  (cost=298.47..31932.77 rows=9174 width=121)
	              Recheck Cond: ((id >= 7431848) AND (id <= 7441847))
	              ->  Bitmap Index Scan on sbtest5_pkey  (cost=0.00..296.18 rows=9174 width=0)
	                    Index Cond: ((id >= 7431848) AND (id <= 7441847))

table 6 : explain SELECT DISTINCT c FROM sbtest6 WHERE id BETWEEN 3203140 AND 3213139 ORDER BY c
	Unique  (cost=33360.69..33407.68 rows=9399 width=121)
	  ->  Sort  (cost=33360.69..33384.18 rows=9399 width=121)
	        Sort Key: c
	        ->  Bitmap Heap Scan on sbtest6  (cost=304.77..32740.43 rows=9399 width=121)
	              Recheck Cond: ((id >= 3203140) AND (id <= 3213139))
	              ->  Bitmap Index Scan on sbtest6_pkey  (cost=0.00..302.43 rows=9399 width=0)
	                    Index Cond: ((id >= 3203140) AND (id <= 3213139))

table 7 : explain SELECT DISTINCT c FROM sbtest7 WHERE id BETWEEN 198012 AND 208011 ORDER BY c
	Unique  (cost=37116.77..37169.23 rows=10491 width=121)
	  ->  Sort  (cost=37116.77..37143.00 rows=10491 width=121)
	        Sort Key: c
	        ->  Bitmap Heap Scan on sbtest7  (cost=339.97..36416.14 rows=10491 width=121)
	              Recheck Cond: ((id >= 198012) AND (id <= 208011))
	              ->  Bitmap Index Scan on sbtest7_pkey  (cost=0.00..337.34 rows=10491 width=0)
	                    Index Cond: ((id >= 198012) AND (id <= 208011))

table 8 : explain SELECT DISTINCT c FROM sbtest8 WHERE id BETWEEN 6569742 AND 6579741 ORDER BY c
	Unique  (cost=38114.38..38168.48 rows=10821 width=121)
	  ->  Sort  (cost=38114.38..38141.43 rows=10821 width=121)
	        Sort Key: c
	        ->  Bitmap Heap Scan on sbtest8  (cost=351.35..37389.29 rows=10821 width=121)
	              Recheck Cond: ((id >= 6569742) AND (id <= 6579741))
	              ->  Bitmap Index Scan on sbtest8_pkey  (cost=0.00..348.65 rows=10821 width=0)
	                    Index Cond: ((id >= 6569742) AND (id <= 6579741))

for: distinct_ranges
table 1 : explain SELECT DISTINCT c FROM sbtest1 WHERE id BETWEEN 3063680 AND 3073679 ORDER BY c
	Unique  (cost=36055.65..36106.77 rows=10224 width=121)
	  ->  Sort  (cost=36055.65..36081.21 rows=10224 width=121)
	        Sort Key: c
	        ->  Bitmap Heap Scan on sbtest1  (cost=333.23..35374.75 rows=10224 width=121)
	              Recheck Cond: ((id >= 3063680) AND (id <= 3073679))
	              ->  Bitmap Index Scan on sbtest1_pkey  (cost=0.00..330.68 rows=10224 width=0)
	                    Index Cond: ((id >= 3063680) AND (id <= 3073679))

table 2 : explain SELECT DISTINCT c FROM sbtest2 WHERE id BETWEEN 2040131 AND 2050130 ORDER BY c
	Unique  (cost=37317.29..37370.44 rows=10629 width=121)
	  ->  Sort  (cost=37317.29..37343.87 rows=10629 width=121)
	        Sort Key: c
	        ->  Bitmap Heap Scan on sbtest2  (cost=345.38..36606.44 rows=10629 width=121)
	              Recheck Cond: ((id >= 2040131) AND (id <= 2050130))
	              ->  Bitmap Index Scan on sbtest2_pkey  (cost=0.00..342.73 rows=10629 width=0)
	                    Index Cond: ((id >= 2040131) AND (id <= 2050130))

table 3 : explain SELECT DISTINCT c FROM sbtest3 WHERE id BETWEEN 8336736 AND 8346735 ORDER BY c
	Unique  (cost=34659.56..34708.43 rows=9773 width=121)
	  ->  Sort  (cost=34659.56..34683.99 rows=9773 width=121)
	        Sort Key: c
	        ->  Bitmap Heap Scan on sbtest3  (cost=316.61..34011.88 rows=9773 width=121)
	              Recheck Cond: ((id >= 8336736) AND (id <= 8346735))
	              ->  Bitmap Index Scan on sbtest3_pkey  (cost=0.00..314.17 rows=9773 width=0)
	                    Index Cond: ((id >= 8336736) AND (id <= 8346735))

table 4 : explain SELECT DISTINCT c FROM sbtest4 WHERE id BETWEEN 5633056 AND 5643055 ORDER BY c
	Unique  (cost=35534.87..35584.93 rows=10012 width=121)
	  ->  Sort  (cost=35534.87..35559.90 rows=10012 width=121)
	        Sort Key: c
	        ->  Bitmap Heap Scan on sbtest4  (cost=323.06..34869.60 rows=10012 width=121)
	              Recheck Cond: ((id >= 5633056) AND (id <= 5643055))
	              ->  Bitmap Index Scan on sbtest4_pkey  (cost=0.00..320.56 rows=10012 width=0)
	                    Index Cond: ((id >= 5633056) AND (id <= 5643055))

table 5 : explain SELECT DISTINCT c FROM sbtest5 WHERE id BETWEEN 6402304 AND 6412303 ORDER BY c
	Unique  (cost=35013.95..35063.65 rows=9940 width=121)
	  ->  Sort  (cost=35013.95..35038.80 rows=9940 width=121)
	        Sort Key: c
	        ->  Bitmap Heap Scan on sbtest5  (cost=322.32..34353.98 rows=9940 width=121)
	              Recheck Cond: ((id >= 6402304) AND (id <= 6412303))
	              ->  Bitmap Index Scan on sbtest5_pkey  (cost=0.00..319.83 rows=9940 width=0)
	                    Index Cond: ((id >= 6402304) AND (id <= 6412303))

table 6 : explain SELECT DISTINCT c FROM sbtest6 WHERE id BETWEEN 5141085 AND 5151084 ORDER BY c
	Unique  (cost=34565.46..34614.31 rows=9770 width=121)
	  ->  Sort  (cost=34565.46..34589.88 rows=9770 width=121)
	        Sort Key: c
	        ->  Bitmap Heap Scan on sbtest6  (cost=316.58..33917.99 rows=9770 width=121)
	              Recheck Cond: ((id >= 5141085) AND (id <= 5151084))
	              ->  Bitmap Index Scan on sbtest6_pkey  (cost=0.00..314.13 rows=9770 width=0)
	                    Index Cond: ((id >= 5141085) AND (id <= 5151084))

table 7 : explain SELECT DISTINCT c FROM sbtest7 WHERE id BETWEEN 4550145 AND 4560144 ORDER BY c
	Unique  (cost=34719.58..34768.35 rows=9755 width=121)
	  ->  Sort  (cost=34719.58..34743.97 rows=9755 width=121)
	        Sort Key: c
	        ->  Bitmap Heap Scan on sbtest7  (cost=316.42..34073.22 rows=9755 width=121)
	              Recheck Cond: ((id >= 4550145) AND (id <= 4560144))
	              ->  Bitmap Index Scan on sbtest7_pkey  (cost=0.00..313.99 rows=9755 width=0)
	                    Index Cond: ((id >= 4550145) AND (id <= 4560144))

table 8 : explain SELECT DISTINCT c FROM sbtest8 WHERE id BETWEEN 772801 AND 782800 ORDER BY c
	Unique  (cost=32649.91..32695.61 rows=9140 width=121)
	  ->  Sort  (cost=32649.91..32672.76 rows=9140 width=121)
	        Sort Key: c
	        ->  Bitmap Heap Scan on sbtest8  (cost=298.12..32048.59 rows=9140 width=121)
	              Recheck Cond: ((id >= 772801) AND (id <= 782800))
	              ->  Bitmap Index Scan on sbtest8_pkey  (cost=0.00..295.83 rows=9140 width=0)
	                    Index Cond: ((id >= 772801) AND (id <= 782800))

for: distinct_ranges
table 1 : explain SELECT DISTINCT c FROM sbtest1 WHERE id BETWEEN 6941129 AND 6951128 ORDER BY c
	Unique  (cost=34310.94..34359.36 rows=9684 width=121)
	  ->  Sort  (cost=34310.94..34335.15 rows=9684 width=121)
	        Sort Key: c
	        ->  Bitmap Heap Scan on sbtest1  (cost=315.70..33669.79 rows=9684 width=121)
	              Recheck Cond: ((id >= 6941129) AND (id <= 6951128))
	              ->  Bitmap Index Scan on sbtest1_pkey  (cost=0.00..313.28 rows=9684 width=0)
	                    Index Cond: ((id >= 6941129) AND (id <= 6951128))

table 2 : explain SELECT DISTINCT c FROM sbtest2 WHERE id BETWEEN 8112758 AND 8122757 ORDER BY c
	Unique  (cost=35870.08..35920.97 rows=10178 width=121)
	  ->  Sort  (cost=35870.08..35895.53 rows=10178 width=121)
	        Sort Key: c
	        ->  Bitmap Heap Scan on sbtest2  (cost=328.76..35192.57 rows=10178 width=121)
	              Recheck Cond: ((id >= 8112758) AND (id <= 8122757))
	              ->  Bitmap Index Scan on sbtest2_pkey  (cost=0.00..326.21 rows=10178 width=0)
	                    Index Cond: ((id >= 8112758) AND (id <= 8122757))

table 3 : explain SELECT DISTINCT c FROM sbtest3 WHERE id BETWEEN 9840444 AND 9850443 ORDER BY c
	Unique  (cost=32851.41..32897.51 rows=9219 width=121)
	  ->  Sort  (cost=32851.41..32874.46 rows=9219 width=121)
	        Sort Key: c
	        ->  Bitmap Heap Scan on sbtest3  (cost=298.93..32244.32 rows=9219 width=121)
	              Recheck Cond: ((id >= 9840444) AND (id <= 9850443))
	              ->  Bitmap Index Scan on sbtest3_pkey  (cost=0.00..296.62 rows=9219 width=0)
	                    Index Cond: ((id >= 9840444) AND (id <= 9850443))

table 4 : explain SELECT DISTINCT c FROM sbtest4 WHERE id BETWEEN 578006 AND 588005 ORDER BY c
	Unique  (cost=34074.06..34121.88 rows=9564 width=121)
	  ->  Sort  (cost=34074.06..34097.97 rows=9564 width=121)
	        Sort Key: c
	        ->  Bitmap Heap Scan on sbtest4  (cost=310.47..33441.72 rows=9564 width=121)
	              Recheck Cond: ((id >= 578006) AND (id <= 588005))
	              ->  Bitmap Index Scan on sbtest4_pkey  (cost=0.00..308.07 rows=9564 width=0)
	                    Index Cond: ((id >= 578006) AND (id <= 588005))

table 5 : explain SELECT DISTINCT c FROM sbtest5 WHERE id BETWEEN 8854055 AND 8864054 ORDER BY c
	Unique  (cost=38100.11..38154.64 rows=10907 width=121)
	  ->  Sort  (cost=38100.11..38127.37 rows=10907 width=121)
	        Sort Key: c
	        ->  Bitmap Heap Scan on sbtest5  (cost=352.23..37368.63 rows=10907 width=121)
	              Recheck Cond: ((id >= 8854055) AND (id <= 8864054))
	              ->  Bitmap Index Scan on sbtest5_pkey  (cost=0.00..349.50 rows=10907 width=0)
	                    Index Cond: ((id >= 8854055) AND (id <= 8864054))

table 6 : explain SELECT DISTINCT c FROM sbtest6 WHERE id BETWEEN 9599549 AND 9609548 ORDER BY c
	Unique  (cost=35811.34..35862.12 rows=10156 width=121)
	  ->  Sort  (cost=35811.34..35836.73 rows=10156 width=121)
	        Sort Key: c
	        ->  Bitmap Heap Scan on sbtest6  (cost=328.53..35135.45 rows=10156 width=121)
	              Recheck Cond: ((id >= 9599549) AND (id <= 9609548))
	              ->  Bitmap Index Scan on sbtest6_pkey  (cost=0.00..326.00 rows=10156 width=0)
	                    Index Cond: ((id >= 9599549) AND (id <= 9609548))

table 7 : explain SELECT DISTINCT c FROM sbtest7 WHERE id BETWEEN 2147522 AND 2157521 ORDER BY c
	Unique  (cost=33891.81..33939.32 rows=9502 width=121)
	  ->  Sort  (cost=33891.81..33915.57 rows=9502 width=121)
	        Sort Key: c
	        ->  Bitmap Heap Scan on sbtest7  (cost=309.83..33264.01 rows=9502 width=121)
	              Recheck Cond: ((id >= 2147522) AND (id <= 2157521))
	              ->  Bitmap Index Scan on sbtest7_pkey  (cost=0.00..307.45 rows=9502 width=0)
	                    Index Cond: ((id >= 2147522) AND (id <= 2157521))

table 8 : explain SELECT DISTINCT c FROM sbtest8 WHERE id BETWEEN 9824419 AND 9834418 ORDER BY c
	Unique  (cost=36601.47..36653.23 rows=10352 width=121)
	  ->  Sort  (cost=36601.47..36627.35 rows=10352 width=121)
	        Sort Key: c
	        ->  Bitmap Heap Scan on sbtest8  (cost=334.54..35911.11 rows=10352 width=121)
	              Recheck Cond: ((id >= 9824419) AND (id <= 9834418))
	              ->  Bitmap Index Scan on sbtest8_pkey  (cost=0.00..331.95 rows=10352 width=0)
	                    Index Cond: ((id >= 9824419) AND (id <= 9834418))

for: distinct_ranges
table 1 : explain SELECT DISTINCT c FROM sbtest1 WHERE id BETWEEN 3058267 AND 3068266 ORDER BY c
	Unique  (cost=35797.18..35847.90 rows=10144 width=121)
	  ->  Sort  (cost=35797.18..35822.54 rows=10144 width=121)
	        Sort Key: c
	        ->  Bitmap Heap Scan on sbtest1  (cost=328.41..35122.18 rows=10144 width=121)
	              Recheck Cond: ((id >= 3058267) AND (id <= 3068266))
	              ->  Bitmap Index Scan on sbtest1_pkey  (cost=0.00..325.88 rows=10144 width=0)
	                    Index Cond: ((id >= 3058267) AND (id <= 3068266))

table 2 : explain SELECT DISTINCT c FROM sbtest2 WHERE id BETWEEN 4839616 AND 4849615 ORDER BY c
	Unique  (cost=35069.60..35119.24 rows=9929 width=121)
	  ->  Sort  (cost=35069.60..35094.42 rows=9929 width=121)
	        Sort Key: c
	        ->  Bitmap Heap Scan on sbtest2  (cost=322.21..34410.44 rows=9929 width=121)
	              Recheck Cond: ((id >= 4839616) AND (id <= 4849615))
	              ->  Bitmap Index Scan on sbtest2_pkey  (cost=0.00..319.73 rows=9929 width=0)
	                    Index Cond: ((id >= 4839616) AND (id <= 4849615))

table 3 : explain SELECT DISTINCT c FROM sbtest3 WHERE id BETWEEN 9036709 AND 9046708 ORDER BY c
	Unique  (cost=36151.97..36203.14 rows=10233 width=121)
	  ->  Sort  (cost=36151.97..36177.55 rows=10233 width=121)
	        Sort Key: c
	        ->  Bitmap Heap Scan on sbtest3  (cost=333.32..35470.41 rows=10233 width=121)
	              Recheck Cond: ((id >= 9036709) AND (id <= 9046708))
	              ->  Bitmap Index Scan on sbtest3_pkey  (cost=0.00..330.76 rows=10233 width=0)
	                    Index Cond: ((id >= 9036709) AND (id <= 9046708))

table 4 : explain SELECT DISTINCT c FROM sbtest4 WHERE id BETWEEN 258054 AND 268053 ORDER BY c
	Unique  (cost=38151.93..38206.03 rows=10820 width=121)
	  ->  Sort  (cost=38151.93..38178.98 rows=10820 width=121)
	        Sort Key: c
	        ->  Bitmap Heap Scan on sbtest4  (cost=351.34..37426.91 rows=10820 width=121)
	              Recheck Cond: ((id >= 258054) AND (id <= 268053))
	              ->  Bitmap Index Scan on sbtest4_pkey  (cost=0.00..348.63 rows=10820 width=0)
	                    Index Cond: ((id >= 258054) AND (id <= 268053))

table 5 : explain SELECT DISTINCT c FROM sbtest5 WHERE id BETWEEN 8099837 AND 8109836 ORDER BY c
	Unique  (cost=35541.86..35592.38 rows=10105 width=121)
	  ->  Sort  (cost=35541.86..35567.12 rows=10105 width=121)
	        Sort Key: c
	        ->  Bitmap Heap Scan on sbtest5  (cost=328.01..34869.73 rows=10105 width=121)
	              Recheck Cond: ((id >= 8099837) AND (id <= 8109836))
	              ->  Bitmap Index Scan on sbtest5_pkey  (cost=0.00..325.49 rows=10105 width=0)
	                    Index Cond: ((id >= 8099837) AND (id <= 8109836))

table 6 : explain SELECT DISTINCT c FROM sbtest6 WHERE id BETWEEN 1677136 AND 1687135 ORDER BY c
	Unique  (cost=37012.31..37064.96 rows=10530 width=121)
	  ->  Sort  (cost=37012.31..37038.63 rows=10530 width=121)
	        Sort Key: c
	        ->  Bitmap Heap Scan on sbtest6  (cost=340.37..36308.79 rows=10530 width=121)
	              Recheck Cond: ((id >= 1677136) AND (id <= 1687135))
	              ->  Bitmap Index Scan on sbtest6_pkey  (cost=0.00..337.74 rows=10530 width=0)
	                    Index Cond: ((id >= 1677136) AND (id <= 1687135))

table 7 : explain SELECT DISTINCT c FROM sbtest7 WHERE id BETWEEN 9113386 AND 9123385 ORDER BY c
	Unique  (cost=36614.86..36666.55 rows=10337 width=121)
	  ->  Sort  (cost=36614.86..36640.70 rows=10337 width=121)
	        Sort Key: c
	        ->  Bitmap Heap Scan on sbtest7  (cost=334.39..35925.61 rows=10337 width=121)
	              Recheck Cond: ((id >= 9113386) AND (id <= 9123385))
	              ->  Bitmap Index Scan on sbtest7_pkey  (cost=0.00..331.81 rows=10337 width=0)
	                    Index Cond: ((id >= 9113386) AND (id <= 9123385))

table 8 : explain SELECT DISTINCT c FROM sbtest8 WHERE id BETWEEN 8602005 AND 8612004 ORDER BY c
	Unique  (cost=36548.49..36600.17 rows=10336 width=121)
	  ->  Sort  (cost=36548.49..36574.33 rows=10336 width=121)
	        Sort Key: c
	        ->  Bitmap Heap Scan on sbtest8  (cost=334.38..35859.31 rows=10336 width=121)
	              Recheck Cond: ((id >= 8602005) AND (id <= 8612004))
	              ->  Bitmap Index Scan on sbtest8_pkey  (cost=0.00..331.80 rows=10336 width=0)
	                    Index Cond: ((id >= 8602005) AND (id <= 8612004))

Threads started!

Warming up for 5 seconds...

SQL statistics:
    queries performed:
        read:                            3855572
        write:                           0
        other:                           550824
        total:                           4406396
    transactions:                        275432 (437.13 per sec.)
    queries:                             4406396 (6993.27 per sec.)
    ignored errors:                      0      (0.00 per sec.)
    reconnects:                          0      (0.00 per sec.)

Throughput:
    events/s (eps):                      437.1306
    time elapsed:                        630.0913s
    total number of events:              275432

Latency (ms):
         min:                                   55.58
         avg:                                   91.51
         max:                                  110.91
         95th percentile:                       94.10
         sum:                             25203471.57

Threads fairness:
    events (avg/stddev):           6885.8000/18.04
    execution time (avg/stddev):   630.0868/0.04

