LUA_PATH=/home/mdcallag/git/mytools/bench/sysbench.lua/lua/?.lua /home/mdcallag/git/mytools/bench/sysbench.lua/lua/sysbench --db-driver=pgsql --range-size=100 --table-size=10000000 --tables=8 --threads=40 --events=0 --warmup-time=5 --time=930 --pgsql_conn_id=true /home/mdcallag/git/mytools/bench/sysbench.lua/lua/oltp_read_write.lua run --pgsql-user=root --pgsql-password=pw --pgsql-host=127.0.0.1 --pgsql-db=ib --rand-type=uniform
48 CPUs
sysbench 1.1.0-9072687 (using bundled LuaJIT 2.1.0-beta3)

Running the test with following options:
Number of threads: 40
Warmup time: 5s
Initializing random number generator from current time


Initializing worker threads...

explain: for point_selects :: explain SELECT c FROM sbtest%u WHERE id=%u
explain: for point_selects :: explain SELECT c FROM sbtest%u WHERE id=%u
for point_selects
table 1 : explain SELECT c FROM sbtest1 WHERE id=7196147
	Index Scan using sbtest1_pkey on sbtest1  (cost=0.43..8.45 rows=1 width=121)
	  Index Cond: (id = 7196147)

table 2 : explain SELECT c FROM sbtest2 WHERE id=3501391
	Index Scan using sbtest2_pkey on sbtest2  (cost=0.43..8.45 rows=1 width=121)
	  Index Cond: (id = 3501391)

table 3 : explain SELECT c FROM sbtest3 WHERE id=6939507
	Index Scan using sbtest3_pkey on sbtest3  (cost=0.43..8.45 rows=1 width=121)
	  Index Cond: (id = 6939507)

table 4 : explain SELECT c FROM sbtest4 WHERE id=740298
	Index Scan using sbtest4_pkey on sbtest4  (cost=0.43..8.45 rows=1 width=121)
	  Index Cond: (id = 740298)

table 5 : explain SELECT c FROM sbtest5 WHERE id=864327
	Index Scan using sbtest5_pkey on sbtest5  (cost=0.43..8.45 rows=1 width=121)
	  Index Cond: (id = 864327)

table 6 : explain SELECT c FROM sbtest6 WHERE id=7423278
	Index Scan using sbtest6_pkey on sbtest6  (cost=0.43..8.45 rows=1 width=121)
	  Index Cond: (id = 7423278)

table 7 : explain SELECT c FROM sbtest7 WHERE id=9054147
	Index Scan using sbtest7_pkey on sbtest7  (cost=0.43..8.45 rows=1 width=121)
	  Index Cond: (id = 9054147)

table 8 : explain SELECT c FROM sbtest8 WHERE id=1575475
	Index Scan using sbtest8_pkey on sbtest8  (cost=0.43..8.45 rows=1 width=121)
	  Index Cond: (id = 1575475)

for point_selects
table 1 : explain SELECT c FROM sbtest1 WHERE id=3312045
	Index Scan using sbtest1_pkey on sbtest1  (cost=0.43..8.45 rows=1 width=121)
	  Index Cond: (id = 3312045)

table 2 : explain SELECT c FROM sbtest2 WHERE id=2140512
	Index Scan using sbtest2_pkey on sbtest2  (cost=0.43..8.45 rows=1 width=121)
	  Index Cond: (id = 2140512)

table 3 : explain SELECT c FROM sbtest3 WHERE id=8727915
	Index Scan using sbtest3_pkey on sbtest3  (cost=0.43..8.45 rows=1 width=121)
	  Index Cond: (id = 8727915)

table 4 : explain SELECT c FROM sbtest4 WHERE id=2900291
	Index Scan using sbtest4_pkey on sbtest4  (cost=0.43..8.45 rows=1 width=121)
	  Index Cond: (id = 2900291)

table 5 : explain SELECT c FROM sbtest5 WHERE id=40102
	Index Scan using sbtest5_pkey on sbtest5  (cost=0.43..8.45 rows=1 width=121)
	  Index Cond: (id = 40102)

table 6 : explain SELECT c FROM sbtest6 WHERE id=2070005
	Index Scan using sbtest6_pkey on sbtest6  (cost=0.43..8.45 rows=1 width=121)
	  Index Cond: (id = 2070005)

table 7 : explain SELECT c FROM sbtest7 WHERE id=6196753
	Index Scan using sbtest7_pkey on sbtest7  (cost=0.43..8.45 rows=1 width=121)
	  Index Cond: (id = 6196753)

table 8 : explain SELECT c FROM sbtest8 WHERE id=6801520
	Index Scan using sbtest8_pkey on sbtest8  (cost=0.43..8.45 rows=1 width=121)
	  Index Cond: (id = 6801520)

for: simple_ranges
table 1 : explain SELECT c FROM sbtest1 WHERE id BETWEEN 3519022 AND 3519121
	Index Scan using sbtest1_pkey on sbtest1  (cost=0.43..387.62 rows=101 width=121)
	  Index Cond: ((id >= 3519022) AND (id <= 3519121))

table 2 : explain SELECT c FROM sbtest2 WHERE id BETWEEN 7146249 AND 7146348
	Index Scan using sbtest2_pkey on sbtest2  (cost=0.43..388.82 rows=101 width=121)
	  Index Cond: ((id >= 7146249) AND (id <= 7146348))

table 3 : explain SELECT c FROM sbtest3 WHERE id BETWEEN 3761179 AND 3761278
	Index Scan using sbtest3_pkey on sbtest3  (cost=0.43..406.03 rows=105 width=121)
	  Index Cond: ((id >= 3761179) AND (id <= 3761278))

table 4 : explain SELECT c FROM sbtest4 WHERE id BETWEEN 5324464 AND 5324563
	Index Scan using sbtest4_pkey on sbtest4  (cost=0.43..421.53 rows=110 width=121)
	  Index Cond: ((id >= 5324464) AND (id <= 5324563))

table 5 : explain SELECT c FROM sbtest5 WHERE id BETWEEN 3061313 AND 3061412
	Index Scan using sbtest5_pkey on sbtest5  (cost=0.43..399.83 rows=104 width=121)
	  Index Cond: ((id >= 3061313) AND (id <= 3061412))

table 6 : explain SELECT c FROM sbtest6 WHERE id BETWEEN 699632 AND 699731
	Index Scan using sbtest6_pkey on sbtest6  (cost=0.43..407.22 rows=106 width=121)
	  Index Cond: ((id >= 699632) AND (id <= 699731))

table 7 : explain SELECT c FROM sbtest7 WHERE id BETWEEN 9104589 AND 9104688
	Index Scan using sbtest7_pkey on sbtest7  (cost=0.43..379.14 rows=99 width=121)
	  Index Cond: ((id >= 9104589) AND (id <= 9104688))

table 8 : explain SELECT c FROM sbtest8 WHERE id BETWEEN 7336444 AND 7336543
	Index Scan using sbtest8_pkey on sbtest8  (cost=0.43..347.95 rows=91 width=121)
	  Index Cond: ((id >= 7336444) AND (id <= 7336543))

for: simple_ranges
table 1 : explain SELECT c FROM sbtest1 WHERE id BETWEEN 8834725 AND 8834824
	Index Scan using sbtest1_pkey on sbtest1  (cost=0.43..417.94 rows=109 width=121)
	  Index Cond: ((id >= 8834725) AND (id <= 8834824))

table 2 : explain SELECT c FROM sbtest2 WHERE id BETWEEN 6323158 AND 6323257
	Index Scan using sbtest2_pkey on sbtest2  (cost=0.43..373.61 rows=97 width=121)
	  Index Cond: ((id >= 6323158) AND (id <= 6323257))

table 3 : explain SELECT c FROM sbtest3 WHERE id BETWEEN 839035 AND 839134
	Index Scan using sbtest3_pkey on sbtest3  (cost=0.43..428.95 rows=111 width=121)
	  Index Cond: ((id >= 839035) AND (id <= 839134))

table 4 : explain SELECT c FROM sbtest4 WHERE id BETWEEN 9116253 AND 9116352
	Index Scan using sbtest4_pkey on sbtest4  (cost=0.43..376.07 rows=98 width=121)
	  Index Cond: ((id >= 9116253) AND (id <= 9116352))

table 5 : explain SELECT c FROM sbtest5 WHERE id BETWEEN 9321533 AND 9321632
	Index Scan using sbtest5_pkey on sbtest5  (cost=0.43..365.59 rows=95 width=121)
	  Index Cond: ((id >= 9321533) AND (id <= 9321632))

table 6 : explain SELECT c FROM sbtest6 WHERE id BETWEEN 5239080 AND 5239179
	Index Scan using sbtest6_pkey on sbtest6  (cost=0.43..346.43 rows=90 width=121)
	  Index Cond: ((id >= 5239080) AND (id <= 5239179))

table 7 : explain SELECT c FROM sbtest7 WHERE id BETWEEN 9095440 AND 9095539
	Index Scan using sbtest7_pkey on sbtest7  (cost=0.43..364.02 rows=95 width=121)
	  Index Cond: ((id >= 9095440) AND (id <= 9095539))

table 8 : explain SELECT c FROM sbtest8 WHERE id BETWEEN 3039676 AND 3039775
	Index Scan using sbtest8_pkey on sbtest8  (cost=0.43..400.74 rows=105 width=121)
	  Index Cond: ((id >= 3039676) AND (id <= 3039775))

for: sum_ranges
table 1 : explain SELECT SUM(k) FROM sbtest1 WHERE id BETWEEN 8198896 AND 8198995
	Aggregate  (cost=380.29..380.30 rows=1 width=8)
	  ->  Index Scan using sbtest1_pkey on sbtest1  (cost=0.43..380.04 rows=99 width=4)
	        Index Cond: ((id >= 8198896) AND (id <= 8198995))

table 2 : explain SELECT SUM(k) FROM sbtest2 WHERE id BETWEEN 6991240 AND 6991339
	Aggregate  (cost=377.66..377.67 rows=1 width=8)
	  ->  Index Scan using sbtest2_pkey on sbtest2  (cost=0.43..377.41 rows=98 width=4)
	        Index Cond: ((id >= 6991240) AND (id <= 6991339))

table 3 : explain SELECT SUM(k) FROM sbtest3 WHERE id BETWEEN 2102273 AND 2102372
	Aggregate  (cost=364.23..364.24 rows=1 width=8)
	  ->  Index Scan using sbtest3_pkey on sbtest3  (cost=0.43..363.99 rows=94 width=4)
	        Index Cond: ((id >= 2102273) AND (id <= 2102372))

table 4 : explain SELECT SUM(k) FROM sbtest4 WHERE id BETWEEN 8087142 AND 8087241
	Aggregate  (cost=387.69..387.70 rows=1 width=8)
	  ->  Index Scan using sbtest4_pkey on sbtest4  (cost=0.43..387.43 rows=101 width=4)
	        Index Cond: ((id >= 8087142) AND (id <= 8087241))

table 5 : explain SELECT SUM(k) FROM sbtest5 WHERE id BETWEEN 8038090 AND 8038189
	Aggregate  (cost=346.82..346.83 rows=1 width=8)
	  ->  Index Scan using sbtest5_pkey on sbtest5  (cost=0.43..346.60 rows=90 width=4)
	        Index Cond: ((id >= 8038090) AND (id <= 8038189))

table 6 : explain SELECT SUM(k) FROM sbtest6 WHERE id BETWEEN 6774951 AND 6775050
	Aggregate  (cost=407.49..407.50 rows=1 width=8)
	  ->  Index Scan using sbtest6_pkey on sbtest6  (cost=0.43..407.22 rows=106 width=4)
	        Index Cond: ((id >= 6774951) AND (id <= 6775050))

table 7 : explain SELECT SUM(k) FROM sbtest7 WHERE id BETWEEN 3312190 AND 3312289
	Aggregate  (cost=349.12..349.13 rows=1 width=8)
	  ->  Index Scan using sbtest7_pkey on sbtest7  (cost=0.43..348.89 rows=91 width=4)
	        Index Cond: ((id >= 3312190) AND (id <= 3312289))

table 8 : explain SELECT SUM(k) FROM sbtest8 WHERE id BETWEEN 4751413 AND 4751512
	Aggregate  (cost=378.36..378.37 rows=1 width=8)
	  ->  Index Scan using sbtest8_pkey on sbtest8  (cost=0.43..378.11 rows=99 width=4)
	        Index Cond: ((id >= 4751413) AND (id <= 4751512))

explain: for point_selects :: explain SELECT c FROM sbtest%u WHERE id=%u
explain: for point_selects :: explain SELECT c FROM sbtest%u WHERE id=%u
explain: for point_selects :: explain SELECT c FROM sbtest%u WHERE id=%u
explain: for point_selects :: explain SELECT c FROM sbtest%u WHERE id=%u
explain: for point_selects :: explain SELECT c FROM sbtest%u WHERE id=%u
explain: for point_selects :: explain SELECT c FROM sbtest%u WHERE id=%u
for: sum_ranges
table 1 : explain SELECT SUM(k) FROM sbtest1 WHERE id BETWEEN 4855646 AND 4855745
	Aggregate  (cost=387.87..387.88 rows=1 width=8)
	  ->  Index Scan using sbtest1_pkey on sbtest1  (cost=0.43..387.62 rows=101 width=4)
	        Index Cond: ((id >= 4855646) AND (id <= 4855745))

table 2 : explain SELECT SUM(k) FROM sbtest2 WHERE id BETWEEN 3008739 AND 3008838
	Aggregate  (cost=385.27..385.28 rows=1 width=8)
	  ->  Index Scan using sbtest2_pkey on sbtest2  (cost=0.43..385.02 rows=100 width=4)
	        Index Cond: ((id >= 3008739) AND (id <= 3008838))

table 3 : explain SELECT SUM(k) FROM sbtest3 WHERE id BETWEEN 5548586 AND 5548685
	Aggregate  (cost=390.99..391.00 rows=1 width=8)
	  ->  Index Scan using sbtest3_pkey on sbtest3  (cost=0.43..390.74 rows=101 width=4)
	        Index Cond: ((id >= 5548586) AND (id <= 5548685))

table 4 : explain SELECT SUM(k) FROM sbtest4 WHERE id BETWEEN 9239329 AND 9239428
	Aggregate  (cost=364.94..364.95 rows=1 width=8)
	  ->  Index Scan using sbtest4_pkey on sbtest4  (cost=0.43..364.70 rows=95 width=4)
	        Index Cond: ((id >= 9239329) AND (id <= 9239428))

table 5 : explain SELECT SUM(k) FROM sbtest5 WHERE id BETWEEN 1113320 AND 1113419
	Aggregate  (cost=377.28..377.29 rows=1 width=8)
	  ->  Index Scan using sbtest5_pkey on sbtest5  (cost=0.43..377.04 rows=98 width=4)
	        Index Cond: ((id >= 1113320) AND (id <= 1113419))

table 6 : explain SELECT SUM(k) FROM sbtest6 WHERE id BETWEEN 6999025 AND 6999124
	Aggregate  (cost=399.89..399.90 rows=1 width=8)
	  ->  Index Scan using sbtest6_pkey on sbtest6  (cost=0.43..399.63 rows=104 width=4)
	        Index Cond: ((id >= 6999025) AND (id <= 6999124))

table 7 : explain SELECT SUM(k) FROM sbtest7 WHERE id BETWEEN 1469619 AND 1469718
	Aggregate  (cost=375.60..375.61 rows=1 width=8)
	  ->  Index Scan using sbtest7_pkey on sbtest7  (cost=0.43..375.36 rows=98 width=4)
	        Index Cond: ((id >= 1469619) AND (id <= 1469718))

table 8 : explain SELECT SUM(k) FROM sbtest8 WHERE id BETWEEN 5384085 AND 5384184
	Aggregate  (cost=370.82..370.83 rows=1 width=8)
	  ->  Index Scan using sbtest8_pkey on sbtest8  (cost=0.43..370.57 rows=97 width=4)
	        Index Cond: ((id >= 5384085) AND (id <= 5384184))

for point_selects
table 1 : explain SELECT c FROM sbtest1 WHERE id=2366342
	Index Scan using sbtest1_pkey on sbtest1  (cost=0.43..8.45 rows=1 width=121)
	  Index Cond: (id = 2366342)

table 2 : explain SELECT c FROM sbtest2 WHERE id=4192547
	Index Scan using sbtest2_pkey on sbtest2  (cost=0.43..8.45 rows=1 width=121)
	  Index Cond: (id = 4192547)

table 3 : explain SELECT c FROM sbtest3 WHERE id=9684139
	Index Scan using sbtest3_pkey on sbtest3  (cost=0.43..8.45 rows=1 width=121)
	  Index Cond: (id = 9684139)

table 4 : explain SELECT c FROM sbtest4 WHERE id=5889424
	Index Scan using sbtest4_pkey on sbtest4  (cost=0.43..8.45 rows=1 width=121)
	  Index Cond: (id = 5889424)

table 5 : explain SELECT c FROM sbtest5 WHERE id=5105650
	Index Scan using sbtest5_pkey on sbtest5  (cost=0.43..8.45 rows=1 width=121)
	  Index Cond: (id = 5105650)

table 6 : explain SELECT c FROM sbtest6 WHERE id=7004407
	Index Scan using sbtest6_pkey on sbtest6  (cost=0.43..8.45 rows=1 width=121)
	  Index Cond: (id = 7004407)

table 7 : explain SELECT c FROM sbtest7 WHERE id=1907729
	Index Scan using sbtest7_pkey on sbtest7  (cost=0.43..8.45 rows=1 width=121)
	  Index Cond: (id = 1907729)

table 8 : explain SELECT c FROM sbtest8 WHERE id=7851113
	Index Scan using sbtest8_pkey on sbtest8  (cost=0.43..8.45 rows=1 width=121)
	  Index Cond: (id = 7851113)

for point_selects
table 1 : explain SELECT c FROM sbtest1 WHERE id=4351042
	Index Scan using sbtest1_pkey on sbtest1  (cost=0.43..8.45 rows=1 width=121)
	  Index Cond: (id = 4351042)

table 2 : explain SELECT c FROM sbtest2 WHERE id=505074
	Index Scan using sbtest2_pkey on sbtest2  (cost=0.43..8.45 rows=1 width=121)
	  Index Cond: (id = 505074)

table 3 : explain SELECT c FROM sbtest3 WHERE id=6188679
	Index Scan using sbtest3_pkey on sbtest3  (cost=0.43..8.45 rows=1 width=121)
	  Index Cond: (id = 6188679)

table 4 : explain SELECT c FROM sbtest4 WHERE id=7794092
	Index Scan using sbtest4_pkey on sbtest4  (cost=0.43..8.45 rows=1 width=121)
	  Index Cond: (id = 7794092)

table 5 : explain SELECT c FROM sbtest5 WHERE id=9734411
	Index Scan using sbtest5_pkey on sbtest5  (cost=0.43..8.45 rows=1 width=121)
	  Index Cond: (id = 9734411)

table 6 : explain SELECT c FROM sbtest6 WHERE id=8777467
	Index Scan using sbtest6_pkey on sbtest6  (cost=0.43..8.45 rows=1 width=121)
	  Index Cond: (id = 8777467)

table 7 : explain SELECT c FROM sbtest7 WHERE id=904147
	Index Scan using sbtest7_pkey on sbtest7  (cost=0.43..8.45 rows=1 width=121)
	  Index Cond: (id = 904147)

table 8 : explain SELECT c FROM sbtest8 WHERE id=7610995
	Index Scan using sbtest8_pkey on sbtest8  (cost=0.43..8.45 rows=1 width=121)
	  Index Cond: (id = 7610995)

for point_selects
table 1 : explain SELECT c FROM sbtest1 WHERE id=6397899
	Index Scan using sbtest1_pkey on sbtest1  (cost=0.43..8.45 rows=1 width=121)
	  Index Cond: (id = 6397899)

table 2 : explain SELECT c FROM sbtest2 WHERE id=9724468
	Index Scan using sbtest2_pkey on sbtest2  (cost=0.43..8.45 rows=1 width=121)
	  Index Cond: (id = 9724468)

table 3 : explain SELECT c FROM sbtest3 WHERE id=2970468
	Index Scan using sbtest3_pkey on sbtest3  (cost=0.43..8.45 rows=1 width=121)
	  Index Cond: (id = 2970468)

table 4 : explain SELECT c FROM sbtest4 WHERE id=1774115
	Index Scan using sbtest4_pkey on sbtest4  (cost=0.43..8.45 rows=1 width=121)
	  Index Cond: (id = 1774115)

table 5 : explain SELECT c FROM sbtest5 WHERE id=2850986
	Index Scan using sbtest5_pkey on sbtest5  (cost=0.43..8.45 rows=1 width=121)
	  Index Cond: (id = 2850986)

table 6 : explain SELECT c FROM sbtest6 WHERE id=931128
	Index Scan using sbtest6_pkey on sbtest6  (cost=0.43..8.45 rows=1 width=121)
	  Index Cond: (id = 931128)

table 7 : explain SELECT c FROM sbtest7 WHERE id=9748809
	Index Scan using sbtest7_pkey on sbtest7  (cost=0.43..8.45 rows=1 width=121)
	  Index Cond: (id = 9748809)

table 8 : explain SELECT c FROM sbtest8 WHERE id=9691658
	Index Scan using sbtest8_pkey on sbtest8  (cost=0.43..8.45 rows=1 width=121)
	  Index Cond: (id = 9691658)

for point_selects
table 1 : explain SELECT c FROM sbtest1 WHERE id=8093668
	Index Scan using sbtest1_pkey on sbtest1  (cost=0.43..8.45 rows=1 width=121)
	  Index Cond: (id = 8093668)

table 2 : explain SELECT c FROM sbtest2 WHERE id=1051242
	Index Scan using sbtest2_pkey on sbtest2  (cost=0.43..8.45 rows=1 width=121)
	  Index Cond: (id = 1051242)

table 3 : explain SELECT c FROM sbtest3 WHERE id=2345957
	Index Scan using sbtest3_pkey on sbtest3  (cost=0.43..8.45 rows=1 width=121)
	  Index Cond: (id = 2345957)

table 4 : explain SELECT c FROM sbtest4 WHERE id=1008919
	Index Scan using sbtest4_pkey on sbtest4  (cost=0.43..8.45 rows=1 width=121)
	  Index Cond: (id = 1008919)

table 5 : explain SELECT c FROM sbtest5 WHERE id=3654612
	Index Scan using sbtest5_pkey on sbtest5  (cost=0.43..8.45 rows=1 width=121)
	  Index Cond: (id = 3654612)

table 6 : explain SELECT c FROM sbtest6 WHERE id=9851773
	Index Scan using sbtest6_pkey on sbtest6  (cost=0.43..8.45 rows=1 width=121)
	  Index Cond: (id = 9851773)

table 7 : explain SELECT c FROM sbtest7 WHERE id=9766288
	Index Scan using sbtest7_pkey on sbtest7  (cost=0.43..8.45 rows=1 width=121)
	  Index Cond: (id = 9766288)

table 8 : explain SELECT c FROM sbtest8 WHERE id=5342020
	Index Scan using sbtest8_pkey on sbtest8  (cost=0.43..8.45 rows=1 width=121)
	  Index Cond: (id = 5342020)

for point_selects
table 1 : explain SELECT c FROM sbtest1 WHERE id=1850380
	Index Scan using sbtest1_pkey on sbtest1  (cost=0.43..8.45 rows=1 width=121)
	  Index Cond: (id = 1850380)

table 2 : explain SELECT c FROM sbtest2 WHERE id=3740941
	Index Scan using sbtest2_pkey on sbtest2  (cost=0.43..8.45 rows=1 width=121)
	  Index Cond: (id = 3740941)

table 3 : explain SELECT c FROM sbtest3 WHERE id=7432444
	Index Scan using sbtest3_pkey on sbtest3  (cost=0.43..8.45 rows=1 width=121)
	  Index Cond: (id = 7432444)

table 4 : explain SELECT c FROM sbtest4 WHERE id=311454
	Index Scan using sbtest4_pkey on sbtest4  (cost=0.43..8.45 rows=1 width=121)
	  Index Cond: (id = 311454)

table 5 : explain SELECT c FROM sbtest5 WHERE id=6153195
	Index Scan using sbtest5_pkey on sbtest5  (cost=0.43..8.45 rows=1 width=121)
	  Index Cond: (id = 6153195)

table 6 : explain SELECT c FROM sbtest6 WHERE id=3851699
	Index Scan using sbtest6_pkey on sbtest6  (cost=0.43..8.45 rows=1 width=121)
	  Index Cond: (id = 3851699)

table 7 : explain SELECT c FROM sbtest7 WHERE id=4688343
	Index Scan using sbtest7_pkey on sbtest7  (cost=0.43..8.45 rows=1 width=121)
	  Index Cond: (id = 4688343)

table 8 : explain SELECT c FROM sbtest8 WHERE id=3786820
	Index Scan using sbtest8_pkey on sbtest8  (cost=0.43..8.45 rows=1 width=121)
	  Index Cond: (id = 3786820)

for: simple_ranges
table 1 : explain SELECT c FROM sbtest1 WHERE id BETWEEN 1836174 AND 1836273
	Index Scan using sbtest1_pkey on sbtest1  (cost=0.43..368.67 rows=96 width=121)
	  Index Cond: ((id >= 1836174) AND (id <= 1836273))

table 2 : explain SELECT c FROM sbtest2 WHERE id BETWEEN 4048388 AND 4048487
	Index Scan using sbtest2_pkey on sbtest2  (cost=0.43..373.61 rows=97 width=121)
	  Index Cond: ((id >= 4048388) AND (id <= 4048487))

table 3 : explain SELECT c FROM sbtest3 WHERE id BETWEEN 1481053 AND 1481152
	Index Scan using sbtest3_pkey on sbtest3  (cost=0.43..413.67 rows=107 width=121)
	  Index Cond: ((id >= 1481053) AND (id <= 1481152))

table 4 : explain SELECT c FROM sbtest4 WHERE id BETWEEN 9895923 AND 9896022
	Index Scan using sbtest4_pkey on sbtest4  (cost=0.43..345.76 rows=90 width=121)
	  Index Cond: ((id >= 9895923) AND (id <= 9896022))

table 5 : explain SELECT c FROM sbtest5 WHERE id BETWEEN 9166275 AND 9166374
	Index Scan using sbtest5_pkey on sbtest5  (cost=0.43..339.00 rows=88 width=121)
	  Index Cond: ((id >= 9166275) AND (id <= 9166374))

table 6 : explain SELECT c FROM sbtest6 WHERE id BETWEEN 4744040 AND 4744139
	Index Scan using sbtest6_pkey on sbtest6  (cost=0.43..373.06 rows=97 width=121)
	  Index Cond: ((id >= 4744040) AND (id <= 4744139))

table 7 : explain SELECT c FROM sbtest7 WHERE id BETWEEN 726773 AND 726872
	Index Scan using sbtest7_pkey on sbtest7  (cost=0.43..360.24 rows=94 width=121)
	  Index Cond: ((id >= 726773) AND (id <= 726872))

table 8 : explain SELECT c FROM sbtest8 WHERE id BETWEEN 9411517 AND 9411616
	Index Scan using sbtest8_pkey on sbtest8  (cost=0.43..336.58 rows=88 width=121)
	  Index Cond: ((id >= 9411517) AND (id <= 9411616))

for: simple_ranges
table 1 : explain SELECT c FROM sbtest1 WHERE id BETWEEN 6912118 AND 6912217
	Index Scan using sbtest1_pkey on sbtest1  (cost=0.43..380.04 rows=99 width=121)
	  Index Cond: ((id >= 6912118) AND (id <= 6912217))

table 2 : explain SELECT c FROM sbtest2 WHERE id BETWEEN 4415594 AND 4415693
	Index Scan using sbtest2_pkey on sbtest2  (cost=0.43..388.82 rows=101 width=121)
	  Index Cond: ((id >= 4415594) AND (id <= 4415693))

table 3 : explain SELECT c FROM sbtest3 WHERE id BETWEEN 2930590 AND 2930689
	Index Scan using sbtest3_pkey on sbtest3  (cost=0.43..375.46 rows=97 width=121)
	  Index Cond: ((id >= 2930590) AND (id <= 2930689))

table 4 : explain SELECT c FROM sbtest4 WHERE id BETWEEN 8674748 AND 8674847
	Index Scan using sbtest4_pkey on sbtest4  (cost=0.43..417.74 rows=109 width=121)
	  Index Cond: ((id >= 8674748) AND (id <= 8674847))

table 5 : explain SELECT c FROM sbtest5 WHERE id BETWEEN 5726130 AND 5726229
	Index Scan using sbtest5_pkey on sbtest5  (cost=0.43..396.03 rows=103 width=121)
	  Index Cond: ((id >= 5726130) AND (id <= 5726229))

table 6 : explain SELECT c FROM sbtest6 WHERE id BETWEEN 3187694 AND 3187793
	Index Scan using sbtest6_pkey on sbtest6  (cost=0.43..350.22 rows=91 width=121)
	  Index Cond: ((id >= 3187694) AND (id <= 3187793))

table 7 : explain SELECT c FROM sbtest7 WHERE id BETWEEN 489365 AND 489464
	Index Scan using sbtest7_pkey on sbtest7  (cost=0.43..394.26 rows=103 width=121)
	  Index Cond: ((id >= 489365) AND (id <= 489464))

table 8 : explain SELECT c FROM sbtest8 WHERE id BETWEEN 3743388 AND 3743487
	Index Scan using sbtest8_pkey on sbtest8  (cost=0.43..370.57 rows=97 width=121)
	  Index Cond: ((id >= 3743388) AND (id <= 3743487))

explain: for point_selects :: explain SELECT c FROM sbtest%u WHERE id=%u
for: simple_ranges
table 1 : explain SELECT c FROM sbtest1 WHERE id BETWEEN 3685351 AND 3685450
	Index Scan using sbtest1_pkey on sbtest1  (cost=0.43..376.25 rows=98 width=121)
	  Index Cond: ((id >= 3685351) AND (id <= 3685450))

table 2 : explain SELECT c FROM sbtest2 WHERE id BETWEEN 5304101 AND 5304200
	Index Scan using sbtest2_pkey on sbtest2  (cost=0.43..400.22 rows=104 width=121)
	  Index Cond: ((id >= 5304101) AND (id <= 5304200))

table 3 : explain SELECT c FROM sbtest3 WHERE id BETWEEN 8543059 AND 8543158
	Index Scan using sbtest3_pkey on sbtest3  (cost=0.43..371.63 rows=96 width=121)
	  Index Cond: ((id >= 8543059) AND (id <= 8543158))

table 4 : explain SELECT c FROM sbtest4 WHERE id BETWEEN 8690484 AND 8690583
	Index Scan using sbtest4_pkey on sbtest4  (cost=0.43..417.74 rows=109 width=121)
	  Index Cond: ((id >= 8690484) AND (id <= 8690583))

table 5 : explain SELECT c FROM sbtest5 WHERE id BETWEEN 488612 AND 488711
	Index Scan using sbtest5_pkey on sbtest5  (cost=0.43..376.98 rows=98 width=121)
	  Index Cond: ((id >= 488612) AND (id <= 488711))

table 6 : explain SELECT c FROM sbtest6 WHERE id BETWEEN 933239 AND 933338
	Index Scan using sbtest6_pkey on sbtest6  (cost=0.43..357.82 rows=93 width=121)
	  Index Cond: ((id >= 933239) AND (id <= 933338))

table 7 : explain SELECT c FROM sbtest7 WHERE id BETWEEN 3444625 AND 3444724
	Index Scan using sbtest7_pkey on sbtest7  (cost=0.43..375.36 rows=98 width=121)
	  Index Cond: ((id >= 3444625) AND (id <= 3444724))

table 8 : explain SELECT c FROM sbtest8 WHERE id BETWEEN 4378438 AND 4378537
	Index Scan using sbtest8_pkey on sbtest8  (cost=0.43..393.20 rows=103 width=121)
	  Index Cond: ((id >= 4378438) AND (id <= 4378537))

for: simple_ranges
table 1 : explain SELECT c FROM sbtest1 WHERE id BETWEEN 8878523 AND 8878622
	Index Scan using sbtest1_pkey on sbtest1  (cost=0.43..361.03 rows=94 width=121)
	  Index Cond: ((id >= 8878523) AND (id <= 8878622))

table 2 : explain SELECT c FROM sbtest2 WHERE id BETWEEN 8161954 AND 8162053
	Index Scan using sbtest2_pkey on sbtest2  (cost=0.43..373.61 rows=97 width=121)
	  Index Cond: ((id >= 8161954) AND (id <= 8162053))

table 3 : explain SELECT c FROM sbtest3 WHERE id BETWEEN 6523867 AND 6523966
	Index Scan using sbtest3_pkey on sbtest3  (cost=0.43..379.28 rows=98 width=121)
	  Index Cond: ((id >= 6523867) AND (id <= 6523966))

table 4 : explain SELECT c FROM sbtest4 WHERE id BETWEEN 2593832 AND 2593931
	Index Scan using sbtest4_pkey on sbtest4  (cost=0.43..379.86 rows=99 width=121)
	  Index Cond: ((id >= 2593832) AND (id <= 2593931))

table 5 : explain SELECT c FROM sbtest5 WHERE id BETWEEN 3330606 AND 3330705
	Index Scan using sbtest5_pkey on sbtest5  (cost=0.43..377.04 rows=98 width=121)
	  Index Cond: ((id >= 3330606) AND (id <= 3330705))

table 6 : explain SELECT c FROM sbtest6 WHERE id BETWEEN 7060088 AND 7060187
	Index Scan using sbtest6_pkey on sbtest6  (cost=0.43..346.43 rows=90 width=121)
	  Index Cond: ((id >= 7060088) AND (id <= 7060187))

table 7 : explain SELECT c FROM sbtest7 WHERE id BETWEEN 6057961 AND 6058060
	Index Scan using sbtest7_pkey on sbtest7  (cost=0.43..367.80 rows=96 width=121)
	  Index Cond: ((id >= 6057961) AND (id <= 6058060))

table 8 : explain SELECT c FROM sbtest8 WHERE id BETWEEN 4948029 AND 4948128
	Index Scan using sbtest8_pkey on sbtest8  (cost=0.43..393.20 rows=103 width=121)
	  Index Cond: ((id >= 4948029) AND (id <= 4948128))

for point_selects
table 1 : explain SELECT c FROM sbtest1 WHERE id=1048479
	Index Scan using sbtest1_pkey on sbtest1  (cost=0.43..8.45 rows=1 width=121)
	  Index Cond: (id = 1048479)

table 2 : explain SELECT c FROM sbtest2 WHERE id=1234516
	Index Scan using sbtest2_pkey on sbtest2  (cost=0.43..8.45 rows=1 width=121)
	  Index Cond: (id = 1234516)

table 3 : explain SELECT c FROM sbtest3 WHERE id=905562
	Index Scan using sbtest3_pkey on sbtest3  (cost=0.43..8.45 rows=1 width=121)
	  Index Cond: (id = 905562)

table 4 : explain SELECT c FROM sbtest4 WHERE id=4375196
	Index Scan using sbtest4_pkey on sbtest4  (cost=0.43..8.45 rows=1 width=121)
	  Index Cond: (id = 4375196)

table 5 : explain SELECT c FROM sbtest5 WHERE id=7711764
	Index Scan using sbtest5_pkey on sbtest5  (cost=0.43..8.45 rows=1 width=121)
	  Index Cond: (id = 7711764)

table 6 : explain SELECT c FROM sbtest6 WHERE id=348144
	Index Scan using sbtest6_pkey on sbtest6  (cost=0.43..8.45 rows=1 width=121)
	  Index Cond: (id = 348144)

table 7 : explain SELECT c FROM sbtest7 WHERE id=4519356
	Index Scan using sbtest7_pkey on sbtest7  (cost=0.43..8.45 rows=1 width=121)
	  Index Cond: (id = 4519356)

table 8 : explain SELECT c FROM sbtest8 WHERE id=7732936
	Index Scan using sbtest8_pkey on sbtest8  (cost=0.43..8.45 rows=1 width=121)
	  Index Cond: (id = 7732936)

for: simple_ranges
table 1 : explain SELECT c FROM sbtest1 WHERE id BETWEEN 4528105 AND 4528204
	Index Scan using sbtest1_pkey on sbtest1  (cost=0.43..368.67 rows=96 width=121)
	  Index Cond: ((id >= 4528105) AND (id <= 4528204))

table 2 : explain SELECT c FROM sbtest2 WHERE id BETWEEN 3655098 AND 3655197
	Index Scan using sbtest2_pkey on sbtest2  (cost=0.43..404.03 rows=105 width=121)
	  Index Cond: ((id >= 3655098) AND (id <= 3655197))

table 3 : explain SELECT c FROM sbtest3 WHERE id BETWEEN 8800773 AND 8800872
	Index Scan using sbtest3_pkey on sbtest3  (cost=0.43..425.13 rows=110 width=121)
	  Index Cond: ((id >= 8800773) AND (id <= 8800872))

table 4 : explain SELECT c FROM sbtest4 WHERE id BETWEEN 5218127 AND 5218226
	Index Scan using sbtest4_pkey on sbtest4  (cost=0.43..341.92 rows=89 width=121)
	  Index Cond: ((id >= 5218127) AND (id <= 5218226))

table 5 : explain SELECT c FROM sbtest5 WHERE id BETWEEN 6805647 AND 6805746
	Index Scan using sbtest5_pkey on sbtest5  (cost=0.43..365.59 rows=95 width=121)
	  Index Cond: ((id >= 6805647) AND (id <= 6805746))

table 6 : explain SELECT c FROM sbtest6 WHERE id BETWEEN 2849247 AND 2849346
	Index Scan using sbtest6_pkey on sbtest6  (cost=0.43..373.06 rows=97 width=121)
	  Index Cond: ((id >= 2849247) AND (id <= 2849346))

table 7 : explain SELECT c FROM sbtest7 WHERE id BETWEEN 4828212 AND 4828311
	Index Scan using sbtest7_pkey on sbtest7  (cost=0.43..333.71 rows=87 width=121)
	  Index Cond: ((id >= 4828212) AND (id <= 4828311))

table 8 : explain SELECT c FROM sbtest8 WHERE id BETWEEN 3375066 AND 3375165
	Index Scan using sbtest8_pkey on sbtest8  (cost=0.43..363.03 rows=95 width=121)
	  Index Cond: ((id >= 3375066) AND (id <= 3375165))

for: simple_ranges
table 1 : explain SELECT c FROM sbtest1 WHERE id BETWEEN 4047578 AND 4047677
	Index Scan using sbtest1_pkey on sbtest1  (cost=0.43..368.67 rows=96 width=121)
	  Index Cond: ((id >= 4047578) AND (id <= 4047677))

table 2 : explain SELECT c FROM sbtest2 WHERE id BETWEEN 2725868 AND 2725967
	Index Scan using sbtest2_pkey on sbtest2  (cost=0.43..358.35 rows=93 width=121)
	  Index Cond: ((id >= 2725868) AND (id <= 2725967))

table 3 : explain SELECT c FROM sbtest3 WHERE id BETWEEN 7329985 AND 7330084
	Index Scan using sbtest3_pkey on sbtest3  (cost=0.43..363.99 rows=94 width=121)
	  Index Cond: ((id >= 7329985) AND (id <= 7330084))

table 4 : explain SELECT c FROM sbtest4 WHERE id BETWEEN 4202863 AND 4202962
	Index Scan using sbtest4_pkey on sbtest4  (cost=0.43..406.37 rows=106 width=121)
	  Index Cond: ((id >= 4202863) AND (id <= 4202962))

table 5 : explain SELECT c FROM sbtest5 WHERE id BETWEEN 833959 AND 834058
	Index Scan using sbtest5_pkey on sbtest5  (cost=0.43..388.43 rows=101 width=121)
	  Index Cond: ((id >= 833959) AND (id <= 834058))

table 6 : explain SELECT c FROM sbtest6 WHERE id BETWEEN 2354915 AND 2355014
	Index Scan using sbtest6_pkey on sbtest6  (cost=0.43..411.02 rows=107 width=121)
	  Index Cond: ((id >= 2354915) AND (id <= 2355014))

table 7 : explain SELECT c FROM sbtest7 WHERE id BETWEEN 6519706 AND 6519805
	Index Scan using sbtest7_pkey on sbtest7  (cost=0.43..360.24 rows=94 width=121)
	  Index Cond: ((id >= 6519706) AND (id <= 6519805))

table 8 : explain SELECT c FROM sbtest8 WHERE id BETWEEN 5547161 AND 5547260
	Index Scan using sbtest8_pkey on sbtest8  (cost=0.43..381.88 rows=100 width=121)
	  Index Cond: ((id >= 5547161) AND (id <= 5547260))

for: sum_ranges
table 1 : explain SELECT SUM(k) FROM sbtest1 WHERE id BETWEEN 1127375 AND 1127474
	Aggregate  (cost=361.27..361.28 rows=1 width=8)
	  ->  Index Scan using sbtest1_pkey on sbtest1  (cost=0.43..361.03 rows=94 width=4)
	        Index Cond: ((id >= 1127375) AND (id <= 1127474))

table 2 : explain SELECT SUM(k) FROM sbtest2 WHERE id BETWEEN 276906 AND 277005
	Aggregate  (cost=370.05..370.06 rows=1 width=8)
	  ->  Index Scan using sbtest2_pkey on sbtest2  (cost=0.43..369.81 rows=96 width=4)
	        Index Cond: ((id >= 276906) AND (id <= 277005))

table 3 : explain SELECT SUM(k) FROM sbtest3 WHERE id BETWEEN 9104527 AND 9104626
	Aggregate  (cost=413.94..413.95 rows=1 width=8)
	  ->  Index Scan using sbtest3_pkey on sbtest3  (cost=0.43..413.67 rows=107 width=4)
	        Index Cond: ((id >= 9104527) AND (id <= 9104626))

table 4 : explain SELECT SUM(k) FROM sbtest4 WHERE id BETWEEN 6866620 AND 6866719
	Aggregate  (cost=380.10..380.11 rows=1 width=8)
	  ->  Index Scan using sbtest4_pkey on sbtest4  (cost=0.43..379.86 rows=99 width=4)
	        Index Cond: ((id >= 6866620) AND (id <= 6866719))

table 5 : explain SELECT SUM(k) FROM sbtest5 WHERE id BETWEEN 5108393 AND 5108492
	Aggregate  (cost=396.29..396.30 rows=1 width=8)
	  ->  Index Scan using sbtest5_pkey on sbtest5  (cost=0.43..396.03 rows=103 width=4)
	        Index Cond: ((id >= 5108393) AND (id <= 5108492))

table 6 : explain SELECT SUM(k) FROM sbtest6 WHERE id BETWEEN 9052905 AND 9053004
	Aggregate  (cost=373.30..373.31 rows=1 width=8)
	  ->  Index Scan using sbtest6_pkey on sbtest6  (cost=0.43..373.06 rows=97 width=4)
	        Index Cond: ((id >= 9052905) AND (id <= 9053004))

table 7 : explain SELECT SUM(k) FROM sbtest7 WHERE id BETWEEN 3037207 AND 3037306
	Aggregate  (cost=356.69..356.70 rows=1 width=8)
	  ->  Index Scan using sbtest7_pkey on sbtest7  (cost=0.43..356.46 rows=93 width=4)
	        Index Cond: ((id >= 3037207) AND (id <= 3037306))

table 8 : explain SELECT SUM(k) FROM sbtest8 WHERE id BETWEEN 2303540 AND 2303639
	Aggregate  (cost=393.45..393.46 rows=1 width=8)
	  ->  Index Scan using sbtest8_pkey on sbtest8  (cost=0.43..393.20 rows=103 width=4)
	        Index Cond: ((id >= 2303540) AND (id <= 2303639))

for: sum_ranges
table 1 : explain SELECT SUM(k) FROM sbtest1 WHERE id BETWEEN 2393317 AND 2393416
	Aggregate  (cost=353.68..353.69 rows=1 width=8)
	  ->  Index Scan using sbtest1_pkey on sbtest1  (cost=0.43..353.45 rows=92 width=4)
	        Index Cond: ((id >= 2393317) AND (id <= 2393416))

table 2 : explain SELECT SUM(k) FROM sbtest2 WHERE id BETWEEN 6781564 AND 6781663
	Aggregate  (cost=366.19..366.20 rows=1 width=8)
	  ->  Index Scan using sbtest2_pkey on sbtest2  (cost=0.43..365.95 rows=95 width=4)
	        Index Cond: ((id >= 6781564) AND (id <= 6781663))

table 3 : explain SELECT SUM(k) FROM sbtest3 WHERE id BETWEEN 3205388 AND 3205487
	Aggregate  (cost=410.11..410.12 rows=1 width=8)
	  ->  Index Scan using sbtest3_pkey on sbtest3  (cost=0.43..409.85 rows=106 width=4)
	        Index Cond: ((id >= 3205388) AND (id <= 3205487))

table 4 : explain SELECT SUM(k) FROM sbtest4 WHERE id BETWEEN 5410340 AND 5410439
	Aggregate  (cost=376.31..376.32 rows=1 width=8)
	  ->  Index Scan using sbtest4_pkey on sbtest4  (cost=0.43..376.07 rows=98 width=4)
	        Index Cond: ((id >= 5410340) AND (id <= 5410439))

table 5 : explain SELECT SUM(k) FROM sbtest5 WHERE id BETWEEN 268250 AND 268349
	Aggregate  (cost=369.63..369.64 rows=1 width=8)
	  ->  Index Scan using sbtest5_pkey on sbtest5  (cost=0.43..369.39 rows=96 width=4)
	        Index Cond: ((id >= 268250) AND (id <= 268349))

table 6 : explain SELECT SUM(k) FROM sbtest6 WHERE id BETWEEN 1336450 AND 1336549
	Aggregate  (cost=354.25..354.26 rows=1 width=8)
	  ->  Index Scan using sbtest6_pkey on sbtest6  (cost=0.43..354.02 rows=92 width=4)
	        Index Cond: ((id >= 1336450) AND (id <= 1336549))

table 7 : explain SELECT SUM(k) FROM sbtest7 WHERE id BETWEEN 1075680 AND 1075779
	Aggregate  (cost=405.87..405.88 rows=1 width=8)
	  ->  Index Scan using sbtest7_pkey on sbtest7  (cost=0.43..405.60 rows=106 width=4)
	        Index Cond: ((id >= 1075680) AND (id <= 1075779))

table 8 : explain SELECT SUM(k) FROM sbtest8 WHERE id BETWEEN 5476203 AND 5476302
	Aggregate  (cost=382.13..382.14 rows=1 width=8)
	  ->  Index Scan using sbtest8_pkey on sbtest8  (cost=0.43..381.88 rows=100 width=4)
	        Index Cond: ((id >= 5476203) AND (id <= 5476302))

explain: for point_selects :: explain SELECT c FROM sbtest%u WHERE id=%u
explain: for point_selects :: explain SELECT c FROM sbtest%u WHERE id=%u
for: sum_ranges
table 1 : explain SELECT SUM(k) FROM sbtest1 WHERE id BETWEEN 7177549 AND 7177648
	Aggregate  (cost=372.70..372.71 rows=1 width=8)
	  ->  Index Scan using sbtest1_pkey on sbtest1  (cost=0.43..372.46 rows=97 width=4)
	        Index Cond: ((id >= 7177549) AND (id <= 7177648))

table 2 : explain SELECT SUM(k) FROM sbtest2 WHERE id BETWEEN 8215599 AND 8215698
	Aggregate  (cost=377.66..377.67 rows=1 width=8)
	  ->  Index Scan using sbtest2_pkey on sbtest2  (cost=0.43..377.41 rows=98 width=4)
	        Index Cond: ((id >= 8215599) AND (id <= 8215698))

table 3 : explain SELECT SUM(k) FROM sbtest3 WHERE id BETWEEN 6325622 AND 6325721
	Aggregate  (cost=387.17..387.18 rows=1 width=8)
	  ->  Index Scan using sbtest3_pkey on sbtest3  (cost=0.43..386.92 rows=100 width=4)
	        Index Cond: ((id >= 6325622) AND (id <= 6325721))

table 4 : explain SELECT SUM(k) FROM sbtest4 WHERE id BETWEEN 6289182 AND 6289281
	Aggregate  (cost=364.94..364.95 rows=1 width=8)
	  ->  Index Scan using sbtest4_pkey on sbtest4  (cost=0.43..364.70 rows=95 width=4)
	        Index Cond: ((id >= 6289182) AND (id <= 6289281))

table 5 : explain SELECT SUM(k) FROM sbtest5 WHERE id BETWEEN 9472456 AND 9472555
	Aggregate  (cost=369.63..369.64 rows=1 width=8)
	  ->  Index Scan using sbtest5_pkey on sbtest5  (cost=0.43..369.39 rows=96 width=4)
	        Index Cond: ((id >= 9472456) AND (id <= 9472555))

table 6 : explain SELECT SUM(k) FROM sbtest6 WHERE id BETWEEN 1453241 AND 1453340
	Aggregate  (cost=403.69..403.70 rows=1 width=8)
	  ->  Index Scan using sbtest6_pkey on sbtest6  (cost=0.43..403.43 rows=105 width=4)
	        Index Cond: ((id >= 1453241) AND (id <= 1453340))

table 7 : explain SELECT SUM(k) FROM sbtest7 WHERE id BETWEEN 614942 AND 615041
	Aggregate  (cost=337.71..337.72 rows=1 width=8)
	  ->  Index Scan using sbtest7_pkey on sbtest7  (cost=0.43..337.49 rows=88 width=4)
	        Index Cond: ((id >= 614942) AND (id <= 615041))

table 8 : explain SELECT SUM(k) FROM sbtest8 WHERE id BETWEEN 647120 AND 647219
	Aggregate  (cost=370.82..370.83 rows=1 width=8)
	  ->  Index Scan using sbtest8_pkey on sbtest8  (cost=0.43..370.57 rows=97 width=4)
	        Index Cond: ((id >= 647120) AND (id <= 647219))

for: sum_ranges
table 1 : explain SELECT SUM(k) FROM sbtest1 WHERE id BETWEEN 3069998 AND 3070097
	Aggregate  (cost=376.50..376.51 rows=1 width=8)
	  ->  Index Scan using sbtest1_pkey on sbtest1  (cost=0.43..376.25 rows=98 width=4)
	        Index Cond: ((id >= 3069998) AND (id <= 3070097))

table 2 : explain SELECT SUM(k) FROM sbtest2 WHERE id BETWEEN 4257020 AND 4257119
	Aggregate  (cost=385.27..385.28 rows=1 width=8)
	  ->  Index Scan using sbtest2_pkey on sbtest2  (cost=0.43..385.02 rows=100 width=4)
	        Index Cond: ((id >= 4257020) AND (id <= 4257119))

table 3 : explain SELECT SUM(k) FROM sbtest3 WHERE id BETWEEN 2041688 AND 2041787
	Aggregate  (cost=398.64..398.65 rows=1 width=8)
	  ->  Index Scan using sbtest3_pkey on sbtest3  (cost=0.43..398.38 rows=103 width=4)
	        Index Cond: ((id >= 2041688) AND (id <= 2041787))

table 4 : explain SELECT SUM(k) FROM sbtest4 WHERE id BETWEEN 1844948 AND 1845047
	Aggregate  (cost=361.15..361.16 rows=1 width=8)
	  ->  Index Scan using sbtest4_pkey on sbtest4  (cost=0.43..360.92 rows=94 width=4)
	        Index Cond: ((id >= 1844948) AND (id <= 1845047))

table 5 : explain SELECT SUM(k) FROM sbtest5 WHERE id BETWEEN 3732567 AND 3732666
	Aggregate  (cost=343.02..343.03 rows=1 width=8)
	  ->  Index Scan using sbtest5_pkey on sbtest5  (cost=0.43..342.80 rows=89 width=4)
	        Index Cond: ((id >= 3732567) AND (id <= 3732666))

table 6 : explain SELECT SUM(k) FROM sbtest6 WHERE id BETWEEN 2531104 AND 2531203
	Aggregate  (cost=373.30..373.31 rows=1 width=8)
	  ->  Index Scan using sbtest6_pkey on sbtest6  (cost=0.43..373.06 rows=97 width=4)
	        Index Cond: ((id >= 2531104) AND (id <= 2531203))

table 7 : explain SELECT SUM(k) FROM sbtest7 WHERE id BETWEEN 8114860 AND 8114959
	Aggregate  (cost=386.95..386.96 rows=1 width=8)
	  ->  Index Scan using sbtest7_pkey on sbtest7  (cost=0.43..386.70 rows=101 width=4)
	        Index Cond: ((id >= 8114860) AND (id <= 8114959))

table 8 : explain SELECT SUM(k) FROM sbtest8 WHERE id BETWEEN 4831140 AND 4831239
	Aggregate  (cost=378.36..378.37 rows=1 width=8)
	  ->  Index Scan using sbtest8_pkey on sbtest8  (cost=0.43..378.11 rows=99 width=4)
	        Index Cond: ((id >= 4831140) AND (id <= 4831239))

for: order_ranges
table 1 : explain SELECT c FROM sbtest1 WHERE id BETWEEN 2930243 AND 2930342 ORDER BY c
	Sort  (cost=383.32..383.57 rows=99 width=121)
	  Sort Key: c
	  ->  Index Scan using sbtest1_pkey on sbtest1  (cost=0.43..380.04 rows=99 width=121)
	        Index Cond: ((id >= 2930243) AND (id <= 2930342))

table 2 : explain SELECT c FROM sbtest2 WHERE id BETWEEN 8693851 AND 8693950 ORDER BY c
	Sort  (cost=392.18..392.43 rows=101 width=121)
	  Sort Key: c
	  ->  Index Scan using sbtest2_pkey on sbtest2  (cost=0.43..388.82 rows=101 width=121)
	        Index Cond: ((id >= 8693851) AND (id <= 8693950))

table 3 : explain SELECT c FROM sbtest3 WHERE id BETWEEN 5197203 AND 5197302 ORDER BY c
	Sort  (cost=367.07..367.31 rows=94 width=121)
	  Sort Key: c
	  ->  Index Scan using sbtest3_pkey on sbtest3  (cost=0.43..363.99 rows=94 width=121)
	        Index Cond: ((id >= 5197203) AND (id <= 5197302))

table 4 : explain SELECT c FROM sbtest4 WHERE id BETWEEN 7055588 AND 7055687 ORDER BY c
	Sort  (cost=379.31..379.56 rows=98 width=121)
	  Sort Key: c
	  ->  Index Scan using sbtest4_pkey on sbtest4  (cost=0.43..376.07 rows=98 width=121)
	        Index Cond: ((id >= 7055588) AND (id <= 7055687))

table 5 : explain SELECT c FROM sbtest5 WHERE id BETWEEN 9389640 AND 9389739 ORDER BY c
	Sort  (cost=368.71..368.95 rows=95 width=121)
	  Sort Key: c
	  ->  Index Scan using sbtest5_pkey on sbtest5  (cost=0.43..365.59 rows=95 width=121)
	        Index Cond: ((id >= 9389640) AND (id <= 9389739))

table 6 : explain SELECT c FROM sbtest6 WHERE id BETWEEN 2643176 AND 2643275 ORDER BY c
	Sort  (cost=399.28..399.53 rows=103 width=121)
	  Sort Key: c
	  ->  Index Scan using sbtest6_pkey on sbtest6  (cost=0.43..395.83 rows=103 width=121)
	        Index Cond: ((id >= 2643176) AND (id <= 2643275))

table 7 : explain SELECT c FROM sbtest7 WHERE id BETWEEN 1533345 AND 1533444 ORDER BY c
	Sort  (cost=355.68..355.91 rows=92 width=121)
	  Sort Key: c
	  ->  Index Scan using sbtest7_pkey on sbtest7  (cost=0.43..352.68 rows=92 width=121)
	        Index Cond: ((id >= 1533345) AND (id <= 1533444))

table 8 : explain SELECT c FROM sbtest8 WHERE id BETWEEN 1571115 AND 1571214 ORDER BY c
	Sort  (cost=373.78..374.02 rows=97 width=121)
	  Sort Key: c
	  ->  Index Scan using sbtest8_pkey on sbtest8  (cost=0.43..370.57 rows=97 width=121)
	        Index Cond: ((id >= 1571115) AND (id <= 1571214))

for: order_ranges
table 1 : explain SELECT c FROM sbtest1 WHERE id BETWEEN 2983083 AND 2983182 ORDER BY c
	Sort  (cost=387.15..387.40 rows=100 width=121)
	  Sort Key: c
	  ->  Index Scan using sbtest1_pkey on sbtest1  (cost=0.43..383.83 rows=100 width=121)
	        Index Cond: ((id >= 2983083) AND (id <= 2983182))

table 2 : explain SELECT c FROM sbtest2 WHERE id BETWEEN 3842245 AND 3842344 ORDER BY c
	Sort  (cost=357.55..357.78 rows=92 width=121)
	  Sort Key: c
	  ->  Index Scan using sbtest2_pkey on sbtest2  (cost=0.43..354.54 rows=92 width=121)
	        Index Cond: ((id >= 3842245) AND (id <= 3842344))

table 3 : explain SELECT c FROM sbtest3 WHERE id BETWEEN 1009512 AND 1009611 ORDER BY c
	Sort  (cost=370.93..371.17 rows=95 width=121)
	  Sort Key: c
	  ->  Index Scan using sbtest3_pkey on sbtest3  (cost=0.43..367.81 rows=95 width=121)
	        Index Cond: ((id >= 1009512) AND (id <= 1009611))

table 4 : explain SELECT c FROM sbtest4 WHERE id BETWEEN 1051048 AND 1051147 ORDER BY c
	Sort  (cost=344.86..345.08 rows=89 width=121)
	  Sort Key: c
	  ->  Index Scan using sbtest4_pkey on sbtest4  (cost=0.43..341.98 rows=89 width=121)
	        Index Cond: ((id >= 1051048) AND (id <= 1051147))

table 5 : explain SELECT c FROM sbtest5 WHERE id BETWEEN 4742633 AND 4742732 ORDER BY c
	Sort  (cost=384.12..384.36 rows=99 width=121)
	  Sort Key: c
	  ->  Index Scan using sbtest5_pkey on sbtest5  (cost=0.43..380.84 rows=99 width=121)
	        Index Cond: ((id >= 4742633) AND (id <= 4742732))

table 6 : explain SELECT c FROM sbtest6 WHERE id BETWEEN 3704852 AND 3704951 ORDER BY c
	Sort  (cost=399.28..399.53 rows=103 width=121)
	  Sort Key: c
	  ->  Index Scan using sbtest6_pkey on sbtest6  (cost=0.43..395.83 rows=103 width=121)
	        Index Cond: ((id >= 3704852) AND (id <= 3704951))

table 7 : explain SELECT c FROM sbtest7 WHERE id BETWEEN 2190864 AND 2190963 ORDER BY c
	Sort  (cost=359.50..359.73 rows=93 width=121)
	  Sort Key: c
	  ->  Index Scan using sbtest7_pkey on sbtest7  (cost=0.43..356.46 rows=93 width=121)
	        Index Cond: ((id >= 2190864) AND (id <= 2190963))

table 8 : explain SELECT c FROM sbtest8 WHERE id BETWEEN 4292108 AND 4292207 ORDER BY c
	Sort  (cost=347.04..347.27 rows=90 width=121)
	  Sort Key: c
	  ->  Index Scan using sbtest8_pkey on sbtest8  (cost=0.43..344.12 rows=90 width=121)
	        Index Cond: ((id >= 4292108) AND (id <= 4292207))

for: sum_ranges
table 1 : explain SELECT SUM(k) FROM sbtest1 WHERE id BETWEEN 7615643 AND 7615742
	Aggregate  (cost=391.66..391.67 rows=1 width=8)
	  ->  Index Scan using sbtest1_pkey on sbtest1  (cost=0.43..391.41 rows=102 width=4)
	        Index Cond: ((id >= 7615643) AND (id <= 7615742))

table 2 : explain SELECT SUM(k) FROM sbtest2 WHERE id BETWEEN 1840561 AND 1840660
	Aggregate  (cost=377.66..377.67 rows=1 width=8)
	  ->  Index Scan using sbtest2_pkey on sbtest2  (cost=0.43..377.41 rows=98 width=4)
	        Index Cond: ((id >= 1840561) AND (id <= 1840660))

table 3 : explain SELECT SUM(k) FROM sbtest3 WHERE id BETWEEN 636897 AND 636996
	Aggregate  (cost=398.64..398.65 rows=1 width=8)
	  ->  Index Scan using sbtest3_pkey on sbtest3  (cost=0.43..398.38 rows=103 width=4)
	        Index Cond: ((id >= 636897) AND (id <= 636996))

table 4 : explain SELECT SUM(k) FROM sbtest4 WHERE id BETWEEN 1324437 AND 1324536
	Aggregate  (cost=395.27..395.28 rows=1 width=8)
	  ->  Index Scan using sbtest4_pkey on sbtest4  (cost=0.43..395.01 rows=103 width=4)
	        Index Cond: ((id >= 1324437) AND (id <= 1324536))

table 5 : explain SELECT SUM(k) FROM sbtest5 WHERE id BETWEEN 4321147 AND 4321246
	Aggregate  (cost=419.09..419.10 rows=1 width=8)
	  ->  Index Scan using sbtest5_pkey on sbtest5  (cost=0.43..418.82 rows=109 width=4)
	        Index Cond: ((id >= 4321147) AND (id <= 4321246))

table 6 : explain SELECT SUM(k) FROM sbtest6 WHERE id BETWEEN 7877805 AND 7877904
	Aggregate  (cost=373.30..373.31 rows=1 width=8)
	  ->  Index Scan using sbtest6_pkey on sbtest6  (cost=0.43..373.06 rows=97 width=4)
	        Index Cond: ((id >= 7877805) AND (id <= 7877904))

table 7 : explain SELECT SUM(k) FROM sbtest7 WHERE id BETWEEN 3506106 AND 3506205
	Aggregate  (cost=375.60..375.61 rows=1 width=8)
	  ->  Index Scan using sbtest7_pkey on sbtest7  (cost=0.43..375.36 rows=98 width=4)
	        Index Cond: ((id >= 3506106) AND (id <= 3506205))

table 8 : explain SELECT SUM(k) FROM sbtest8 WHERE id BETWEEN 1990288 AND 1990387
	Aggregate  (cost=401.00..401.01 rows=1 width=8)
	  ->  Index Scan using sbtest8_pkey on sbtest8  (cost=0.43..400.74 rows=105 width=4)
	        Index Cond: ((id >= 1990288) AND (id <= 1990387))

for: sum_ranges
table 1 : explain SELECT SUM(k) FROM sbtest1 WHERE id BETWEEN 1023178 AND 1023277
	Aggregate  (cost=372.70..372.71 rows=1 width=8)
	  ->  Index Scan using sbtest1_pkey on sbtest1  (cost=0.43..372.46 rows=97 width=4)
	        Index Cond: ((id >= 1023178) AND (id <= 1023277))

table 2 : explain SELECT SUM(k) FROM sbtest2 WHERE id BETWEEN 4143175 AND 4143274
	Aggregate  (cost=389.07..389.08 rows=1 width=8)
	  ->  Index Scan using sbtest2_pkey on sbtest2  (cost=0.43..388.82 rows=101 width=4)
	        Index Cond: ((id >= 4143175) AND (id <= 4143274))

table 3 : explain SELECT SUM(k) FROM sbtest3 WHERE id BETWEEN 7859158 AND 7859257
	Aggregate  (cost=368.05..368.06 rows=1 width=8)
	  ->  Index Scan using sbtest3_pkey on sbtest3  (cost=0.43..367.81 rows=95 width=4)
	        Index Cond: ((id >= 7859158) AND (id <= 7859257))

table 4 : explain SELECT SUM(k) FROM sbtest4 WHERE id BETWEEN 8978807 AND 8978906
	Aggregate  (cost=402.85..402.86 rows=1 width=8)
	  ->  Index Scan using sbtest4_pkey on sbtest4  (cost=0.43..402.59 rows=105 width=4)
	        Index Cond: ((id >= 8978807) AND (id <= 8978906))

table 5 : explain SELECT SUM(k) FROM sbtest5 WHERE id BETWEEN 3321277 AND 3321376
	Aggregate  (cost=377.28..377.29 rows=1 width=8)
	  ->  Index Scan using sbtest5_pkey on sbtest5  (cost=0.43..377.04 rows=98 width=4)
	        Index Cond: ((id >= 3321277) AND (id <= 3321376))

table 6 : explain SELECT SUM(k) FROM sbtest6 WHERE id BETWEEN 5290734 AND 5290833
	Aggregate  (cost=346.65..346.66 rows=1 width=8)
	  ->  Index Scan using sbtest6_pkey on sbtest6  (cost=0.43..346.43 rows=90 width=4)
	        Index Cond: ((id >= 5290734) AND (id <= 5290833))

table 7 : explain SELECT SUM(k) FROM sbtest7 WHERE id BETWEEN 5747609 AND 5747708
	Aggregate  (cost=386.95..386.96 rows=1 width=8)
	  ->  Index Scan using sbtest7_pkey on sbtest7  (cost=0.43..386.70 rows=101 width=4)
	        Index Cond: ((id >= 5747609) AND (id <= 5747708))

table 8 : explain SELECT SUM(k) FROM sbtest8 WHERE id BETWEEN 9382942 AND 9383041
	Aggregate  (cost=344.35..344.36 rows=1 width=8)
	  ->  Index Scan using sbtest8_pkey on sbtest8  (cost=0.43..344.12 rows=90 width=4)
	        Index Cond: ((id >= 9382942) AND (id <= 9383041))

explain: for point_selects :: explain SELECT c FROM sbtest%u WHERE id=%u
for point_selects
table 1 : explain SELECT c FROM sbtest1 WHERE id=3523740
	Index Scan using sbtest1_pkey on sbtest1  (cost=0.43..8.45 rows=1 width=121)
	  Index Cond: (id = 3523740)

table 2 : explain SELECT c FROM sbtest2 WHERE id=561844
	Index Scan using sbtest2_pkey on sbtest2  (cost=0.43..8.45 rows=1 width=121)
	  Index Cond: (id = 561844)

table 3 : explain SELECT c FROM sbtest3 WHERE id=4614211
	Index Scan using sbtest3_pkey on sbtest3  (cost=0.43..8.45 rows=1 width=121)
	  Index Cond: (id = 4614211)

table 4 : explain SELECT c FROM sbtest4 WHERE id=585873
	Index Scan using sbtest4_pkey on sbtest4  (cost=0.43..8.45 rows=1 width=121)
	  Index Cond: (id = 585873)

table 5 : explain SELECT c FROM sbtest5 WHERE id=3987998
	Index Scan using sbtest5_pkey on sbtest5  (cost=0.43..8.45 rows=1 width=121)
	  Index Cond: (id = 3987998)

table 6 : explain SELECT c FROM sbtest6 WHERE id=3939329
	Index Scan using sbtest6_pkey on sbtest6  (cost=0.43..8.45 rows=1 width=121)
	  Index Cond: (id = 3939329)

table 7 : explain SELECT c FROM sbtest7 WHERE id=9080813
	Index Scan using sbtest7_pkey on sbtest7  (cost=0.43..8.45 rows=1 width=121)
	  Index Cond: (id = 9080813)

table 8 : explain SELECT c FROM sbtest8 WHERE id=1475334
	Index Scan using sbtest8_pkey on sbtest8  (cost=0.43..8.45 rows=1 width=121)
	  Index Cond: (id = 1475334)

for: order_ranges
table 1 : explain SELECT c FROM sbtest1 WHERE id BETWEEN 1340062 AND 1340161 ORDER BY c
	Sort  (cost=387.15..387.40 rows=100 width=121)
	  Sort Key: c
	  ->  Index Scan using sbtest1_pkey on sbtest1  (cost=0.43..383.83 rows=100 width=121)
	        Index Cond: ((id >= 1340062) AND (id <= 1340161))

table 2 : explain SELECT c FROM sbtest2 WHERE id BETWEEN 5854696 AND 5854795 ORDER BY c
	Sort  (cost=396.02..396.28 rows=102 width=121)
	  Sort Key: c
	  ->  Index Scan using sbtest2_pkey on sbtest2  (cost=0.43..392.62 rows=102 width=121)
	        Index Cond: ((id >= 5854696) AND (id <= 5854795))

table 3 : explain SELECT c FROM sbtest3 WHERE id BETWEEN 6240516 AND 6240615 ORDER BY c
	Sort  (cost=405.69..405.95 rows=104 width=121)
	  Sort Key: c
	  ->  Index Scan using sbtest3_pkey on sbtest3  (cost=0.43..402.21 rows=104 width=121)
	        Index Cond: ((id >= 6240516) AND (id <= 6240615))

table 4 : explain SELECT c FROM sbtest4 WHERE id BETWEEN 1174567 AND 1174666 ORDER BY c
	Sort  (cost=375.48..375.72 rows=97 width=121)
	  Sort Key: c
	  ->  Index Scan using sbtest4_pkey on sbtest4  (cost=0.43..372.28 rows=97 width=121)
	        Index Cond: ((id >= 1174567) AND (id <= 1174666))

table 5 : explain SELECT c FROM sbtest5 WHERE id BETWEEN 9032733 AND 9032832 ORDER BY c
	Sort  (cost=422.50..422.78 rows=109 width=121)
	  Sort Key: c
	  ->  Index Scan using sbtest5_pkey on sbtest5  (cost=0.43..418.82 rows=109 width=121)
	        Index Cond: ((id >= 9032733) AND (id <= 9032832))

table 6 : explain SELECT c FROM sbtest6 WHERE id BETWEEN 3532197 AND 3532296 ORDER BY c
	Sort  (cost=360.86..361.09 rows=93 width=121)
	  Sort Key: c
	  ->  Index Scan using sbtest6_pkey on sbtest6  (cost=0.43..357.82 rows=93 width=121)
	        Index Cond: ((id >= 3532197) AND (id <= 3532296))

table 7 : explain SELECT c FROM sbtest7 WHERE id BETWEEN 2206776 AND 2206875 ORDER BY c
	Sort  (cost=359.50..359.73 rows=93 width=121)
	  Sort Key: c
	  ->  Index Scan using sbtest7_pkey on sbtest7  (cost=0.43..356.46 rows=93 width=121)
	        Index Cond: ((id >= 2206776) AND (id <= 2206875))

table 8 : explain SELECT c FROM sbtest8 WHERE id BETWEEN 1548144 AND 1548243 ORDER BY c
	Sort  (cost=373.78..374.02 rows=97 width=121)
	  Sort Key: c
	  ->  Index Scan using sbtest8_pkey on sbtest8  (cost=0.43..370.57 rows=97 width=121)
	        Index Cond: ((id >= 1548144) AND (id <= 1548243))

explain: for point_selects :: explain SELECT c FROM sbtest%u WHERE id=%u
for point_selects
table 1 : explain SELECT c FROM sbtest1 WHERE id=4977176
	Index Scan using sbtest1_pkey on sbtest1  (cost=0.43..8.45 rows=1 width=121)
	  Index Cond: (id = 4977176)

table 2 : explain SELECT c FROM sbtest2 WHERE id=9571453
	Index Scan using sbtest2_pkey on sbtest2  (cost=0.43..8.45 rows=1 width=121)
	  Index Cond: (id = 9571453)

table 3 : explain SELECT c FROM sbtest3 WHERE id=7290477
	Index Scan using sbtest3_pkey on sbtest3  (cost=0.43..8.45 rows=1 width=121)
	  Index Cond: (id = 7290477)

table 4 : explain SELECT c FROM sbtest4 WHERE id=7498493
	Index Scan using sbtest4_pkey on sbtest4  (cost=0.43..8.45 rows=1 width=121)
	  Index Cond: (id = 7498493)

table 5 : explain SELECT c FROM sbtest5 WHERE id=5381731
	Index Scan using sbtest5_pkey on sbtest5  (cost=0.43..8.45 rows=1 width=121)
	  Index Cond: (id = 5381731)

table 6 : explain SELECT c FROM sbtest6 WHERE id=8163838
	Index Scan using sbtest6_pkey on sbtest6  (cost=0.43..8.45 rows=1 width=121)
	  Index Cond: (id = 8163838)

table 7 : explain SELECT c FROM sbtest7 WHERE id=2817229
	Index Scan using sbtest7_pkey on sbtest7  (cost=0.43..8.45 rows=1 width=121)
	  Index Cond: (id = 2817229)

table 8 : explain SELECT c FROM sbtest8 WHERE id=716058
	Index Scan using sbtest8_pkey on sbtest8  (cost=0.43..8.45 rows=1 width=121)
	  Index Cond: (id = 716058)

for: distinct_ranges
table 1 : explain SELECT DISTINCT c FROM sbtest1 WHERE id BETWEEN 3868013 AND 3868112 ORDER BY c
	Unique  (cost=387.15..387.65 rows=100 width=121)
	  ->  Sort  (cost=387.15..387.40 rows=100 width=121)
	        Sort Key: c
	        ->  Index Scan using sbtest1_pkey on sbtest1  (cost=0.43..383.83 rows=100 width=121)
	              Index Cond: ((id >= 3868013) AND (id <= 3868112))

table 2 : explain SELECT DISTINCT c FROM sbtest2 WHERE id BETWEEN 3324720 AND 3324819 ORDER BY c
	Unique  (cost=407.55..408.07 rows=105 width=121)
	  ->  Sort  (cost=407.55..407.81 rows=105 width=121)
	        Sort Key: c
	        ->  Index Scan using sbtest2_pkey on sbtest2  (cost=0.43..404.03 rows=105 width=121)
	              Index Cond: ((id >= 3324720) AND (id <= 3324819))

table 3 : explain SELECT DISTINCT c FROM sbtest3 WHERE id BETWEEN 6174613 AND 6174712 ORDER BY c
	Unique  (cost=355.44..355.89 rows=91 width=121)
	  ->  Sort  (cost=355.44..355.67 rows=91 width=121)
	        Sort Key: c
	        ->  Index Scan using sbtest3_pkey on sbtest3  (cost=0.43..352.48 rows=91 width=121)
	              Index Cond: ((id >= 6174613) AND (id <= 6174712))

table 4 : explain SELECT DISTINCT c FROM sbtest4 WHERE id BETWEEN 5869241 AND 5869340 ORDER BY c
	Unique  (cost=367.83..368.30 rows=95 width=121)
	  ->  Sort  (cost=367.83..368.06 rows=95 width=121)
	        Sort Key: c
	        ->  Index Scan using sbtest4_pkey on sbtest4  (cost=0.43..364.70 rows=95 width=121)
	              Index Cond: ((id >= 5869241) AND (id <= 5869340))

table 5 : explain SELECT DISTINCT c FROM sbtest5 WHERE id BETWEEN 1031734 AND 1031833 ORDER BY c
	Unique  (cost=391.79..392.30 rows=101 width=121)
	  ->  Sort  (cost=391.79..392.05 rows=101 width=121)
	        Sort Key: c
	        ->  Index Scan using sbtest5_pkey on sbtest5  (cost=0.43..388.43 rows=101 width=121)
	              Index Cond: ((id >= 1031734) AND (id <= 1031833))

table 6 : explain SELECT DISTINCT c FROM sbtest6 WHERE id BETWEEN 7782071 AND 7782170 ORDER BY c
	Unique  (cost=403.11..403.63 rows=104 width=121)
	  ->  Sort  (cost=403.11..403.37 rows=104 width=121)
	        Sort Key: c
	        ->  Index Scan using sbtest6_pkey on sbtest6  (cost=0.43..399.63 rows=104 width=121)
	              Index Cond: ((id >= 7782071) AND (id <= 7782170))

table 7 : explain SELECT DISTINCT c FROM sbtest7 WHERE id BETWEEN 961246 AND 961345 ORDER BY c
	Unique  (cost=409.17..409.70 rows=106 width=121)
	  ->  Sort  (cost=409.17..409.44 rows=106 width=121)
	        Sort Key: c
	        ->  Index Scan using sbtest7_pkey on sbtest7  (cost=0.43..405.60 rows=106 width=121)
	              Index Cond: ((id >= 961246) AND (id <= 961345))

table 8 : explain SELECT DISTINCT c FROM sbtest8 WHERE id BETWEEN 3447264 AND 3447363 ORDER BY c
	Unique  (cost=366.15..366.63 rows=95 width=121)
	  ->  Sort  (cost=366.15..366.39 rows=95 width=121)
	        Sort Key: c
	        ->  Index Scan using sbtest8_pkey on sbtest8  (cost=0.43..363.03 rows=95 width=121)
	              Index Cond: ((id >= 3447264) AND (id <= 3447363))

for: distinct_ranges
table 1 : explain SELECT DISTINCT c FROM sbtest1 WHERE id BETWEEN 7935144 AND 7935243 ORDER BY c
	Unique  (cost=402.47..402.99 rows=104 width=121)
	  ->  Sort  (cost=402.47..402.73 rows=104 width=121)
	        Sort Key: c
	        ->  Index Scan using sbtest1_pkey on sbtest1  (cost=0.43..398.99 rows=104 width=121)
	              Index Cond: ((id >= 7935144) AND (id <= 7935243))

table 2 : explain SELECT DISTINCT c FROM sbtest2 WHERE id BETWEEN 5680573 AND 5680672 ORDER BY c
	Unique  (cost=415.24..415.77 rows=107 width=121)
	  ->  Sort  (cost=415.24..415.50 rows=107 width=121)
	        Sort Key: c
	        ->  Index Scan using sbtest2_pkey on sbtest2  (cost=0.43..411.63 rows=107 width=121)
	              Index Cond: ((id >= 5680573) AND (id <= 5680672))

table 3 : explain SELECT DISTINCT c FROM sbtest3 WHERE id BETWEEN 6666379 AND 6666478 ORDER BY c
	Unique  (cost=370.93..371.41 rows=95 width=121)
	  ->  Sort  (cost=370.93..371.17 rows=95 width=121)
	        Sort Key: c
	        ->  Index Scan using sbtest3_pkey on sbtest3  (cost=0.43..367.81 rows=95 width=121)
	              Index Cond: ((id >= 6666379) AND (id <= 6666478))

table 4 : explain SELECT DISTINCT c FROM sbtest4 WHERE id BETWEEN 1964689 AND 1964788 ORDER BY c
	Unique  (cost=406.11..406.64 rows=105 width=121)
	  ->  Sort  (cost=406.11..406.37 rows=105 width=121)
	        Sort Key: c
	        ->  Index Scan using sbtest4_pkey on sbtest4  (cost=0.43..402.59 rows=105 width=121)
	              Index Cond: ((id >= 1964689) AND (id <= 1964788))

table 5 : explain SELECT DISTINCT c FROM sbtest5 WHERE id BETWEEN 3594816 AND 3594915 ORDER BY c
	Unique  (cost=403.31..403.83 rows=104 width=121)
	  ->  Sort  (cost=403.31..403.57 rows=104 width=121)
	        Sort Key: c
	        ->  Index Scan using sbtest5_pkey on sbtest5  (cost=0.43..399.83 rows=104 width=121)
	              Index Cond: ((id >= 3594816) AND (id <= 3594915))

table 6 : explain SELECT DISTINCT c FROM sbtest6 WHERE id BETWEEN 9944978 AND 9945077 ORDER BY c
	Unique  (cost=406.95..407.48 rows=105 width=121)
	  ->  Sort  (cost=406.95..407.21 rows=105 width=121)
	        Sort Key: c
	        ->  Index Scan using sbtest6_pkey on sbtest6  (cost=0.43..403.43 rows=105 width=121)
	              Index Cond: ((id >= 9944978) AND (id <= 9945077))

table 7 : explain SELECT DISTINCT c FROM sbtest7 WHERE id BETWEEN 7194499 AND 7194598 ORDER BY c
	Unique  (cost=412.99..413.53 rows=107 width=121)
	  ->  Sort  (cost=412.99..413.26 rows=107 width=121)
	        Sort Key: c
	        ->  Index Scan using sbtest7_pkey on sbtest7  (cost=0.43..409.39 rows=107 width=121)
	              Index Cond: ((id >= 7194499) AND (id <= 7194598))

table 8 : explain SELECT DISTINCT c FROM sbtest8 WHERE id BETWEEN 6351512 AND 6351611 ORDER BY c
	Unique  (cost=377.59..378.08 rows=98 width=121)
	  ->  Sort  (cost=377.59..377.83 rows=98 width=121)
	        Sort Key: c
	        ->  Index Scan using sbtest8_pkey on sbtest8  (cost=0.43..374.34 rows=98 width=121)
	              Index Cond: ((id >= 6351512) AND (id <= 6351611))

for point_selects
table 1 : explain SELECT c FROM sbtest1 WHERE id=4410063
	Index Scan using sbtest1_pkey on sbtest1  (cost=0.43..8.45 rows=1 width=121)
	  Index Cond: (id = 4410063)

table 2 : explain SELECT c FROM sbtest2 WHERE id=4195814
	Index Scan using sbtest2_pkey on sbtest2  (cost=0.43..8.45 rows=1 width=121)
	  Index Cond: (id = 4195814)

table 3 : explain SELECT c FROM sbtest3 WHERE id=3885798
	Index Scan using sbtest3_pkey on sbtest3  (cost=0.43..8.45 rows=1 width=121)
	  Index Cond: (id = 3885798)

table 4 : explain SELECT c FROM sbtest4 WHERE id=6152968
	Index Scan using sbtest4_pkey on sbtest4  (cost=0.43..8.45 rows=1 width=121)
	  Index Cond: (id = 6152968)

table 5 : explain SELECT c FROM sbtest5 WHERE id=6992698
	Index Scan using sbtest5_pkey on sbtest5  (cost=0.43..8.45 rows=1 width=121)
	  Index Cond: (id = 6992698)

table 6 : explain SELECT c FROM sbtest6 WHERE id=2235683
	Index Scan using sbtest6_pkey on sbtest6  (cost=0.43..8.45 rows=1 width=121)
	  Index Cond: (id = 2235683)

table 7 : explain SELECT c FROM sbtest7 WHERE id=1483738
	Index Scan using sbtest7_pkey on sbtest7  (cost=0.43..8.45 rows=1 width=121)
	  Index Cond: (id = 1483738)

table 8 : explain SELECT c FROM sbtest8 WHERE id=600730
	Index Scan using sbtest8_pkey on sbtest8  (cost=0.43..8.45 rows=1 width=121)
	  Index Cond: (id = 600730)

explain: for index_updates :: explain UPDATE sbtest%u SET k=k+1 WHERE id=%u
for: order_ranges
table 1 : explain SELECT c FROM sbtest1 WHERE id BETWEEN 4176401 AND 4176500 ORDER BY c
	Sort  (cost=364.11..364.35 rows=94 width=121)
	  Sort Key: c
	  ->  Index Scan using sbtest1_pkey on sbtest1  (cost=0.43..361.03 rows=94 width=121)
	        Index Cond: ((id >= 4176401) AND (id <= 4176500))

table 2 : explain SELECT c FROM sbtest2 WHERE id BETWEEN 8462763 AND 8462862 ORDER BY c
	Sort  (cost=372.97..373.21 rows=96 width=121)
	  Sort Key: c
	  ->  Index Scan using sbtest2_pkey on sbtest2  (cost=0.43..369.81 rows=96 width=121)
	        Index Cond: ((id >= 8462763) AND (id <= 8462862))

table 3 : explain SELECT c FROM sbtest3 WHERE id BETWEEN 9594219 AND 9594318 ORDER BY c
	Sort  (cost=394.10..394.36 rows=101 width=121)
	  Sort Key: c
	  ->  Index Scan using sbtest3_pkey on sbtest3  (cost=0.43..390.74 rows=101 width=121)
	        Index Cond: ((id >= 9594219) AND (id <= 9594318))

table 4 : explain SELECT c FROM sbtest4 WHERE id BETWEEN 4632812 AND 4632911 ORDER BY c
	Sort  (cost=409.94..410.20 rows=106 width=121)
	  Sort Key: c
	  ->  Index Scan using sbtest4_pkey on sbtest4  (cost=0.43..406.37 rows=106 width=121)
	        Index Cond: ((id >= 4632812) AND (id <= 4632911))

table 5 : explain SELECT c FROM sbtest5 WHERE id BETWEEN 5720108 AND 5720207 ORDER BY c
	Sort  (cost=399.47..399.73 rows=103 width=121)
	  Sort Key: c
	  ->  Index Scan using sbtest5_pkey on sbtest5  (cost=0.43..396.03 rows=103 width=121)
	        Index Cond: ((id >= 5720108) AND (id <= 5720207))

table 6 : explain SELECT c FROM sbtest6 WHERE id BETWEEN 5151153 AND 5151252 ORDER BY c
	Sort  (cost=387.77..388.02 rows=100 width=121)
	  Sort Key: c
	  ->  Index Scan using sbtest6_pkey on sbtest6  (cost=0.43..384.44 rows=100 width=121)
	        Index Cond: ((id >= 5151153) AND (id <= 5151252))

table 7 : explain SELECT c FROM sbtest7 WHERE id BETWEEN 8073079 AND 8073178 ORDER BY c
	Sort  (cost=390.06..390.32 rows=101 width=121)
	  Sort Key: c
	  ->  Index Scan using sbtest7_pkey on sbtest7  (cost=0.43..386.70 rows=101 width=121)
	        Index Cond: ((id >= 8073079) AND (id <= 8073178))

table 8 : explain SELECT c FROM sbtest8 WHERE id BETWEEN 6151886 AND 6151985 ORDER BY c
	Sort  (cost=343.23..343.46 rows=89 width=121)
	  Sort Key: c
	  ->  Index Scan using sbtest8_pkey on sbtest8  (cost=0.43..340.35 rows=89 width=121)
	        Index Cond: ((id >= 6151886) AND (id <= 6151985))

for: order_ranges
table 1 : explain SELECT c FROM sbtest1 WHERE id BETWEEN 351904 AND 352003 ORDER BY c
	Sort  (cost=425.46..425.73 rows=110 width=121)
	  Sort Key: c
	  ->  Index Scan using sbtest1_pkey on sbtest1  (cost=0.43..421.73 rows=110 width=121)
	        Index Cond: ((id >= 351904) AND (id <= 352003))

table 2 : explain SELECT c FROM sbtest2 WHERE id BETWEEN 4874494 AND 4874593 ORDER BY c
	Sort  (cost=399.86..400.12 rows=103 width=121)
	  Sort Key: c
	  ->  Index Scan using sbtest2_pkey on sbtest2  (cost=0.43..396.42 rows=103 width=121)
	        Index Cond: ((id >= 4874494) AND (id <= 4874593))

table 3 : explain SELECT c FROM sbtest3 WHERE id BETWEEN 4025862 AND 4025961 ORDER BY c
	Sort  (cost=378.66..378.90 rows=97 width=121)
	  Sort Key: c
	  ->  Index Scan using sbtest3_pkey on sbtest3  (cost=0.43..375.46 rows=97 width=121)
	        Index Cond: ((id >= 4025862) AND (id <= 4025961))

table 4 : explain SELECT c FROM sbtest4 WHERE id BETWEEN 7006379 AND 7006478 ORDER BY c
	Sort  (cost=379.31..379.56 rows=98 width=121)
	  Sort Key: c
	  ->  Index Scan using sbtest4_pkey on sbtest4  (cost=0.43..376.07 rows=98 width=121)
	        Index Cond: ((id >= 7006379) AND (id <= 7006478))

table 5 : explain SELECT c FROM sbtest5 WHERE id BETWEEN 1363439 AND 1363538 ORDER BY c
	Sort  (cost=384.12..384.36 rows=99 width=121)
	  Sort Key: c
	  ->  Index Scan using sbtest5_pkey on sbtest5  (cost=0.43..380.84 rows=99 width=121)
	        Index Cond: ((id >= 1363439) AND (id <= 1363538))

table 6 : explain SELECT c FROM sbtest6 WHERE id BETWEEN 9155514 AND 9155613 ORDER BY c
	Sort  (cost=341.68..341.90 rows=88 width=121)
	  Sort Key: c
	  ->  Index Scan using sbtest6_pkey on sbtest6  (cost=0.43..338.83 rows=88 width=121)
	        Index Cond: ((id >= 9155514) AND (id <= 9155613))

table 7 : explain SELECT c FROM sbtest7 WHERE id BETWEEN 5339971 AND 5340070 ORDER BY c
	Sort  (cost=401.53..401.79 rows=104 width=121)
	  Sort Key: c
	  ->  Index Scan using sbtest7_pkey on sbtest7  (cost=0.43..398.04 rows=104 width=121)
	        Index Cond: ((id >= 5339971) AND (id <= 5340070))

table 8 : explain SELECT c FROM sbtest8 WHERE id BETWEEN 1340608 AND 1340707 ORDER BY c
	Sort  (cost=385.21..385.46 rows=100 width=121)
	  Sort Key: c
	  ->  Index Scan using sbtest8_pkey on sbtest8  (cost=0.43..381.88 rows=100 width=121)
	        Index Cond: ((id >= 1340608) AND (id <= 1340707))

explain: for index_updates :: explain UPDATE sbtest%u SET k=k+1 WHERE id=%u
for: distinct_ranges
table 1 : explain SELECT DISTINCT c FROM sbtest1 WHERE id BETWEEN 1006558 AND 1006657 ORDER BY c
	Unique  (cost=375.66..376.15 rows=97 width=121)
	  ->  Sort  (cost=375.66..375.90 rows=97 width=121)
	        Sort Key: c
	        ->  Index Scan using sbtest1_pkey on sbtest1  (cost=0.43..372.46 rows=97 width=121)
	              Index Cond: ((id >= 1006558) AND (id <= 1006657))

table 2 : explain SELECT DISTINCT c FROM sbtest2 WHERE id BETWEEN 6724888 AND 6724987 ORDER BY c
	Unique  (cost=369.07..369.55 rows=95 width=121)
	  ->  Sort  (cost=369.07..369.31 rows=95 width=121)
	        Sort Key: c
	        ->  Index Scan using sbtest2_pkey on sbtest2  (cost=0.43..365.95 rows=95 width=121)
	              Index Cond: ((id >= 6724888) AND (id <= 6724987))

table 3 : explain SELECT DISTINCT c FROM sbtest3 WHERE id BETWEEN 4550116 AND 4550215 ORDER BY c
	Unique  (cost=382.52..383.01 rows=98 width=121)
	  ->  Sort  (cost=382.52..382.76 rows=98 width=121)
	        Sort Key: c
	        ->  Index Scan using sbtest3_pkey on sbtest3  (cost=0.43..379.28 rows=98 width=121)
	              Index Cond: ((id >= 4550116) AND (id <= 4550215))

table 4 : explain SELECT DISTINCT c FROM sbtest4 WHERE id BETWEEN 602406 AND 602505 ORDER BY c
	Unique  (cost=352.51..352.97 rows=91 width=121)
	  ->  Sort  (cost=352.51..352.74 rows=91 width=121)
	        Sort Key: c
	        ->  Index Scan using sbtest4_pkey on sbtest4  (cost=0.43..349.55 rows=91 width=121)
	              Index Cond: ((id >= 602406) AND (id <= 602505))

table 5 : explain SELECT DISTINCT c FROM sbtest5 WHERE id BETWEEN 702589 AND 702688 ORDER BY c
	Unique  (cost=387.96..388.46 rows=100 width=121)
	  ->  Sort  (cost=387.96..388.21 rows=100 width=121)
	        Sort Key: c
	        ->  Index Scan using sbtest5_pkey on sbtest5  (cost=0.43..384.63 rows=100 width=121)
	              Index Cond: ((id >= 702589) AND (id <= 702688))

table 6 : explain SELECT DISTINCT c FROM sbtest6 WHERE id BETWEEN 8033075 AND 8033174 ORDER BY c
	Unique  (cost=364.69..365.16 rows=94 width=121)
	  ->  Sort  (cost=364.69..364.93 rows=94 width=121)
	        Sort Key: c
	        ->  Index Scan using sbtest6_pkey on sbtest6  (cost=0.43..361.61 rows=94 width=121)
	              Index Cond: ((id >= 8033075) AND (id <= 8033174))

table 7 : explain SELECT DISTINCT c FROM sbtest7 WHERE id BETWEEN 5771535 AND 5771634 ORDER BY c
	Unique  (cost=390.06..390.57 rows=101 width=121)
	  ->  Sort  (cost=390.06..390.32 rows=101 width=121)
	        Sort Key: c
	        ->  Index Scan using sbtest7_pkey on sbtest7  (cost=0.43..386.70 rows=101 width=121)
	              Index Cond: ((id >= 5771535) AND (id <= 5771634))

table 8 : explain SELECT DISTINCT c FROM sbtest8 WHERE id BETWEEN 5869944 AND 5870043 ORDER BY c
	Unique  (cost=381.40..381.89 rows=99 width=121)
	  ->  Sort  (cost=381.40..381.64 rows=99 width=121)
	        Sort Key: c
	        ->  Index Scan using sbtest8_pkey on sbtest8  (cost=0.43..378.11 rows=99 width=121)
	              Index Cond: ((id >= 5869944) AND (id <= 5870043))

for: simple_ranges
table 1 : explain SELECT c FROM sbtest1 WHERE id BETWEEN 1134486 AND 1134585
	Index Scan using sbtest1_pkey on sbtest1  (cost=0.43..361.03 rows=94 width=121)
	  Index Cond: ((id >= 1134486) AND (id <= 1134585))

table 2 : explain SELECT c FROM sbtest2 WHERE id BETWEEN 5310962 AND 5311061
	Index Scan using sbtest2_pkey on sbtest2  (cost=0.43..400.22 rows=104 width=121)
	  Index Cond: ((id >= 5310962) AND (id <= 5311061))

table 3 : explain SELECT c FROM sbtest3 WHERE id BETWEEN 7431297 AND 7431396
	Index Scan using sbtest3_pkey on sbtest3  (cost=0.43..398.38 rows=103 width=121)
	  Index Cond: ((id >= 7431297) AND (id <= 7431396))

table 4 : explain SELECT c FROM sbtest4 WHERE id BETWEEN 3401486 AND 3401585
	Index Scan using sbtest4_pkey on sbtest4  (cost=0.43..360.92 rows=94 width=121)
	  Index Cond: ((id >= 3401486) AND (id <= 3401585))

table 5 : explain SELECT c FROM sbtest5 WHERE id BETWEEN 3060068 AND 3060167
	Index Scan using sbtest5_pkey on sbtest5  (cost=0.43..399.83 rows=104 width=121)
	  Index Cond: ((id >= 3060068) AND (id <= 3060167))

table 6 : explain SELECT c FROM sbtest6 WHERE id BETWEEN 7616625 AND 7616724
	Index Scan using sbtest6_pkey on sbtest6  (cost=0.43..376.85 rows=98 width=121)
	  Index Cond: ((id >= 7616625) AND (id <= 7616724))

table 7 : explain SELECT c FROM sbtest7 WHERE id BETWEEN 1008460 AND 1008559
	Index Scan using sbtest7_pkey on sbtest7  (cost=0.43..405.60 rows=106 width=121)
	  Index Cond: ((id >= 1008460) AND (id <= 1008559))

table 8 : explain SELECT c FROM sbtest8 WHERE id BETWEEN 3379729 AND 3379828
	Index Scan using sbtest8_pkey on sbtest8  (cost=0.43..363.03 rows=95 width=121)
	  Index Cond: ((id >= 3379729) AND (id <= 3379828))

explain: for index_updates :: explain UPDATE sbtest%u SET k=k+1 WHERE id=%u
for: order_ranges
table 1 : explain SELECT c FROM sbtest1 WHERE id BETWEEN 48056 AND 48155 ORDER BY c
	Sort  (cost=440.78..441.07 rows=114 width=121)
	  Sort Key: c
	  ->  Index Scan using sbtest1_pkey on sbtest1  (cost=0.43..436.89 rows=114 width=121)
	        Index Cond: ((id >= 48056) AND (id <= 48155))

table 2 : explain SELECT c FROM sbtest2 WHERE id BETWEEN 7018630 AND 7018729 ORDER BY c
	Sort  (cost=449.82..450.11 rows=116 width=121)
	  Sort Key: c
	  ->  Index Scan using sbtest2_pkey on sbtest2  (cost=0.43..445.85 rows=116 width=121)
	        Index Cond: ((id >= 7018630) AND (id <= 7018729))

table 3 : explain SELECT c FROM sbtest3 WHERE id BETWEEN 3834999 AND 3835098 ORDER BY c
	Sort  (cost=409.55..409.81 rows=105 width=121)
	  Sort Key: c
	  ->  Index Scan using sbtest3_pkey on sbtest3  (cost=0.43..406.03 rows=105 width=121)
	        Index Cond: ((id >= 3834999) AND (id <= 3835098))

table 4 : explain SELECT c FROM sbtest4 WHERE id BETWEEN 3668196 AND 3668295 ORDER BY c
	Sort  (cost=398.45..398.71 rows=103 width=121)
	  Sort Key: c
	  ->  Index Scan using sbtest4_pkey on sbtest4  (cost=0.43..395.01 rows=103 width=121)
	        Index Cond: ((id >= 3668196) AND (id <= 3668295))

table 5 : explain SELECT c FROM sbtest5 WHERE id BETWEEN 7345585 AND 7345684 ORDER BY c
	Sort  (cost=387.96..388.21 rows=100 width=121)
	  Sort Key: c
	  ->  Index Scan using sbtest5_pkey on sbtest5  (cost=0.43..384.63 rows=100 width=121)
	        Index Cond: ((id >= 7345585) AND (id <= 7345684))

table 6 : explain SELECT c FROM sbtest6 WHERE id BETWEEN 1134165 AND 1134264 ORDER BY c
	Sort  (cost=380.09..380.34 rows=98 width=121)
	  Sort Key: c
	  ->  Index Scan using sbtest6_pkey on sbtest6  (cost=0.43..376.85 rows=98 width=121)
	        Index Cond: ((id >= 1134165) AND (id <= 1134264))

table 7 : explain SELECT c FROM sbtest7 WHERE id BETWEEN 2138436 AND 2138535 ORDER BY c
	Sort  (cost=359.50..359.73 rows=93 width=121)
	  Sort Key: c
	  ->  Index Scan using sbtest7_pkey on sbtest7  (cost=0.43..356.46 rows=93 width=121)
	        Index Cond: ((id >= 2138436) AND (id <= 2138535))

table 8 : explain SELECT c FROM sbtest8 WHERE id BETWEEN 2708006 AND 2708105 ORDER BY c
	Sort  (cost=400.45..400.71 rows=104 width=121)
	  Sort Key: c
	  ->  Index Scan using sbtest8_pkey on sbtest8  (cost=0.43..396.97 rows=104 width=121)
	        Index Cond: ((id >= 2708006) AND (id <= 2708105))

for index_updates
table 1 : explain UPDATE sbtest1 SET k=k+1 WHERE id=570566
	Update on sbtest1  (cost=0.43..8.46 rows=1 width=196)
	  ->  Index Scan using sbtest1_pkey on sbtest1  (cost=0.43..8.46 rows=1 width=196)
	        Index Cond: (id = 570566)

table 2 : explain UPDATE sbtest2 SET k=k+1 WHERE id=972593
	Update on sbtest2  (cost=0.43..8.46 rows=1 width=196)
	  ->  Index Scan using sbtest2_pkey on sbtest2  (cost=0.43..8.46 rows=1 width=196)
	        Index Cond: (id = 972593)

table 3 : explain UPDATE sbtest3 SET k=k+1 WHERE id=9984664
	Update on sbtest3  (cost=0.43..8.46 rows=1 width=196)
	  ->  Index Scan using sbtest3_pkey on sbtest3  (cost=0.43..8.46 rows=1 width=196)
	        Index Cond: (id = 9984664)

table 4 : explain UPDATE sbtest4 SET k=k+1 WHERE id=9974932
	Update on sbtest4  (cost=0.43..8.46 rows=1 width=196)
	  ->  Index Scan using sbtest4_pkey on sbtest4  (cost=0.43..8.46 rows=1 width=196)
	        Index Cond: (id = 9974932)

table 5 : explain UPDATE sbtest5 SET k=k+1 WHERE id=9741903
	Update on sbtest5  (cost=0.43..8.46 rows=1 width=196)
	  ->  Index Scan using sbtest5_pkey on sbtest5  (cost=0.43..8.46 rows=1 width=196)
	        Index Cond: (id = 9741903)

table 6 : explain UPDATE sbtest6 SET k=k+1 WHERE id=9410550
	Update on sbtest6  (cost=0.43..8.46 rows=1 width=196)
	  ->  Index Scan using sbtest6_pkey on sbtest6  (cost=0.43..8.46 rows=1 width=196)
	        Index Cond: (id = 9410550)

table 7 : explain UPDATE sbtest7 SET k=k+1 WHERE id=1133932
	Update on sbtest7  (cost=0.43..8.46 rows=1 width=196)
	  ->  Index Scan using sbtest7_pkey on sbtest7  (cost=0.43..8.46 rows=1 width=196)
	        Index Cond: (id = 1133932)

table 8 : explain UPDATE sbtest8 SET k=k+1 WHERE id=334482
	Update on sbtest8  (cost=0.43..8.46 rows=1 width=196)
	  ->  Index Scan using sbtest8_pkey on sbtest8  (cost=0.43..8.46 rows=1 width=196)
	        Index Cond: (id = 334482)

for: order_ranges
table 1 : explain SELECT c FROM sbtest1 WHERE id BETWEEN 6603816 AND 6603915 ORDER BY c
	Sort  (cost=390.98..391.23 rows=101 width=121)
	  Sort Key: c
	  ->  Index Scan using sbtest1_pkey on sbtest1  (cost=0.43..387.62 rows=101 width=121)
	        Index Cond: ((id >= 6603816) AND (id <= 6603915))

table 2 : explain SELECT c FROM sbtest2 WHERE id BETWEEN 8987498 AND 8987597 ORDER BY c
	Sort  (cost=380.65..380.90 rows=98 width=121)
	  Sort Key: c
	  ->  Index Scan using sbtest2_pkey on sbtest2  (cost=0.43..377.41 rows=98 width=121)
	        Index Cond: ((id >= 8987498) AND (id <= 8987597))

table 3 : explain SELECT c FROM sbtest3 WHERE id BETWEEN 1337324 AND 1337423 ORDER BY c
	Sort  (cost=351.58..351.80 rows=90 width=121)
	  Sort Key: c
	  ->  Index Scan using sbtest3_pkey on sbtest3  (cost=0.43..348.66 rows=90 width=121)
	        Index Cond: ((id >= 1337324) AND (id <= 1337423))

table 4 : explain SELECT c FROM sbtest4 WHERE id BETWEEN 6937611 AND 6937710 ORDER BY c
	Sort  (cost=402.28..402.54 rows=104 width=121)
	  Sort Key: c
	  ->  Index Scan using sbtest4_pkey on sbtest4  (cost=0.43..398.80 rows=104 width=121)
	        Index Cond: ((id >= 6937611) AND (id <= 6937710))

table 5 : explain SELECT c FROM sbtest5 WHERE id BETWEEN 8046944 AND 8047043 ORDER BY c
	Sort  (cost=349.52..349.74 rows=90 width=121)
	  Sort Key: c
	  ->  Index Scan using sbtest5_pkey on sbtest5  (cost=0.43..346.60 rows=90 width=121)
	        Index Cond: ((id >= 8046944) AND (id <= 8047043))

table 6 : explain SELECT c FROM sbtest6 WHERE id BETWEEN 3525944 AND 3526043 ORDER BY c
	Sort  (cost=360.86..361.09 rows=93 width=121)
	  Sort Key: c
	  ->  Index Scan using sbtest6_pkey on sbtest6  (cost=0.43..357.82 rows=93 width=121)
	        Index Cond: ((id >= 3525944) AND (id <= 3526043))

table 7 : explain SELECT c FROM sbtest7 WHERE id BETWEEN 5405084 AND 5405183 ORDER BY c
	Sort  (cost=416.81..417.08 rows=108 width=121)
	  Sort Key: c
	  ->  Index Scan using sbtest7_pkey on sbtest7  (cost=0.43..413.17 rows=108 width=121)
	        Index Cond: ((id >= 5405084) AND (id <= 5405183))

table 8 : explain SELECT c FROM sbtest8 WHERE id BETWEEN 407620 AND 407719 ORDER BY c
	Sort  (cost=377.59..377.83 rows=98 width=121)
	  Sort Key: c
	  ->  Index Scan using sbtest8_pkey on sbtest8  (cost=0.43..374.34 rows=98 width=121)
	        Index Cond: ((id >= 407620) AND (id <= 407719))

for: simple_ranges
table 1 : explain SELECT c FROM sbtest1 WHERE id BETWEEN 9893398 AND 9893497
	Index Scan using sbtest1_pkey on sbtest1  (cost=0.43..383.83 rows=100 width=121)
	  Index Cond: ((id >= 9893398) AND (id <= 9893497))

table 2 : explain SELECT c FROM sbtest2 WHERE id BETWEEN 4996744 AND 4996843
	Index Scan using sbtest2_pkey on sbtest2  (cost=0.43..331.73 rows=86 width=121)
	  Index Cond: ((id >= 4996744) AND (id <= 4996843))

table 3 : explain SELECT c FROM sbtest3 WHERE id BETWEEN 998002 AND 998101
	Index Scan using sbtest3_pkey on sbtest3  (cost=0.43..390.74 rows=101 width=121)
	  Index Cond: ((id >= 998002) AND (id <= 998101))

table 4 : explain SELECT c FROM sbtest4 WHERE id BETWEEN 9828443 AND 9828542
	Index Scan using sbtest4_pkey on sbtest4  (cost=0.43..345.76 rows=90 width=121)
	  Index Cond: ((id >= 9828443) AND (id <= 9828542))

table 5 : explain SELECT c FROM sbtest5 WHERE id BETWEEN 6587946 AND 6588045
	Index Scan using sbtest5_pkey on sbtest5  (cost=0.43..354.19 rows=92 width=121)
	  Index Cond: ((id >= 6587946) AND (id <= 6588045))

table 6 : explain SELECT c FROM sbtest6 WHERE id BETWEEN 7661976 AND 7662075
	Index Scan using sbtest6_pkey on sbtest6  (cost=0.43..365.46 rows=95 width=121)
	  Index Cond: ((id >= 7661976) AND (id <= 7662075))

table 7 : explain SELECT c FROM sbtest7 WHERE id BETWEEN 8209215 AND 8209314
	Index Scan using sbtest7_pkey on sbtest7  (cost=0.43..390.48 rows=102 width=121)
	  Index Cond: ((id >= 8209215) AND (id <= 8209314))

table 8 : explain SELECT c FROM sbtest8 WHERE id BETWEEN 7677571 AND 7677670
	Index Scan using sbtest8_pkey on sbtest8  (cost=0.43..351.72 rows=92 width=121)
	  Index Cond: ((id >= 7677571) AND (id <= 7677670))

for: distinct_ranges
table 1 : explain SELECT DISTINCT c FROM sbtest1 WHERE id BETWEEN 7770884 AND 7770983 ORDER BY c
	Unique  (cost=375.66..376.15 rows=97 width=121)
	  ->  Sort  (cost=375.66..375.90 rows=97 width=121)
	        Sort Key: c
	        ->  Index Scan using sbtest1_pkey on sbtest1  (cost=0.43..372.46 rows=97 width=121)
	              Index Cond: ((id >= 7770884) AND (id <= 7770983))

table 2 : explain SELECT DISTINCT c FROM sbtest2 WHERE id BETWEEN 9424985 AND 9425084 ORDER BY c
	Unique  (cost=422.92..423.47 rows=109 width=121)
	  ->  Sort  (cost=422.92..423.19 rows=109 width=121)
	        Sort Key: c
	        ->  Index Scan using sbtest2_pkey on sbtest2  (cost=0.43..419.23 rows=109 width=121)
	              Index Cond: ((id >= 9424985) AND (id <= 9425084))

table 3 : explain SELECT DISTINCT c FROM sbtest3 WHERE id BETWEEN 6271954 AND 6272053 ORDER BY c
	Unique  (cost=405.69..406.21 rows=104 width=121)
	  ->  Sort  (cost=405.69..405.95 rows=104 width=121)
	        Sort Key: c
	        ->  Index Scan using sbtest3_pkey on sbtest3  (cost=0.43..402.21 rows=104 width=121)
	              Index Cond: ((id >= 6271954) AND (id <= 6272053))

table 4 : explain SELECT DISTINCT c FROM sbtest4 WHERE id BETWEEN 8386518 AND 8386617 ORDER BY c
	Unique  (cost=390.80..391.30 rows=101 width=121)
	  ->  Sort  (cost=390.80..391.05 rows=101 width=121)
	        Sort Key: c
	        ->  Index Scan using sbtest4_pkey on sbtest4  (cost=0.43..387.43 rows=101 width=121)
	              Index Cond: ((id >= 8386518) AND (id <= 8386617))

table 5 : explain SELECT DISTINCT c FROM sbtest5 WHERE id BETWEEN 7592825 AND 7592924 ORDER BY c
	Unique  (cost=372.55..373.03 rows=96 width=121)
	  ->  Sort  (cost=372.55..372.79 rows=96 width=121)
	        Sort Key: c
	        ->  Index Scan using sbtest5_pkey on sbtest5  (cost=0.43..369.39 rows=96 width=121)
	              Index Cond: ((id >= 7592825) AND (id <= 7592924))

table 6 : explain SELECT DISTINCT c FROM sbtest6 WHERE id BETWEEN 8068875 AND 8068974 ORDER BY c
	Unique  (cost=364.69..365.16 rows=94 width=121)
	  ->  Sort  (cost=364.69..364.93 rows=94 width=121)
	        Sort Key: c
	        ->  Index Scan using sbtest6_pkey on sbtest6  (cost=0.43..361.61 rows=94 width=121)
	              Index Cond: ((id >= 8068875) AND (id <= 8068974))

table 7 : explain SELECT DISTINCT c FROM sbtest7 WHERE id BETWEEN 5455964 AND 5456063 ORDER BY c
	Unique  (cost=401.53..402.05 rows=104 width=121)
	  ->  Sort  (cost=401.53..401.79 rows=104 width=121)
	        Sort Key: c
	        ->  Index Scan using sbtest7_pkey on sbtest7  (cost=0.43..398.04 rows=104 width=121)
	              Index Cond: ((id >= 5455964) AND (id <= 5456063))

table 8 : explain SELECT DISTINCT c FROM sbtest8 WHERE id BETWEEN 5922376 AND 5922475 ORDER BY c
	Unique  (cost=381.40..381.89 rows=99 width=121)
	  ->  Sort  (cost=381.40..381.64 rows=99 width=121)
	        Sort Key: c
	        ->  Index Scan using sbtest8_pkey on sbtest8  (cost=0.43..378.11 rows=99 width=121)
	              Index Cond: ((id >= 5922376) AND (id <= 5922475))

for index_updates
table 1 : explain UPDATE sbtest1 SET k=k+1 WHERE id=5916244
	Update on sbtest1  (cost=0.43..8.46 rows=1 width=196)
	  ->  Index Scan using sbtest1_pkey on sbtest1  (cost=0.43..8.46 rows=1 width=196)
	        Index Cond: (id = 5916244)

table 2 : explain UPDATE sbtest2 SET k=k+1 WHERE id=5824989
	Update on sbtest2  (cost=0.43..8.46 rows=1 width=196)
	  ->  Index Scan using sbtest2_pkey on sbtest2  (cost=0.43..8.46 rows=1 width=196)
	        Index Cond: (id = 5824989)

table 3 : explain UPDATE sbtest3 SET k=k+1 WHERE id=1903283
	Update on sbtest3  (cost=0.43..8.46 rows=1 width=196)
	  ->  Index Scan using sbtest3_pkey on sbtest3  (cost=0.43..8.46 rows=1 width=196)
	        Index Cond: (id = 1903283)

table 4 : explain UPDATE sbtest4 SET k=k+1 WHERE id=8284690
	Update on sbtest4  (cost=0.43..8.46 rows=1 width=196)
	  ->  Index Scan using sbtest4_pkey on sbtest4  (cost=0.43..8.46 rows=1 width=196)
	        Index Cond: (id = 8284690)

table 5 : explain UPDATE sbtest5 SET k=k+1 WHERE id=4047125
	Update on sbtest5  (cost=0.43..8.46 rows=1 width=196)
	  ->  Index Scan using sbtest5_pkey on sbtest5  (cost=0.43..8.46 rows=1 width=196)
	        Index Cond: (id = 4047125)

table 6 : explain UPDATE sbtest6 SET k=k+1 WHERE id=3467768
	Update on sbtest6  (cost=0.43..8.46 rows=1 width=196)
	  ->  Index Scan using sbtest6_pkey on sbtest6  (cost=0.43..8.46 rows=1 width=196)
	        Index Cond: (id = 3467768)

table 7 : explain UPDATE sbtest7 SET k=k+1 WHERE id=2394020
	Update on sbtest7  (cost=0.43..8.46 rows=1 width=196)
	  ->  Index Scan using sbtest7_pkey on sbtest7  (cost=0.43..8.46 rows=1 width=196)
	        Index Cond: (id = 2394020)

table 8 : explain UPDATE sbtest8 SET k=k+1 WHERE id=9205823
	Update on sbtest8  (cost=0.43..8.46 rows=1 width=196)
	  ->  Index Scan using sbtest8_pkey on sbtest8  (cost=0.43..8.46 rows=1 width=196)
	        Index Cond: (id = 9205823)

explain: for index_updates :: explain UPDATE sbtest%u SET k=k+1 WHERE id=%u
explain: for non_index_updates :: explain UPDATE sbtest%u SET c='foobar' WHERE id=%u
explain: for non_index_updates :: explain UPDATE sbtest%u SET c='foobar' WHERE id=%u
for index_updates
table 1 : explain UPDATE sbtest1 SET k=k+1 WHERE id=1104425
	Update on sbtest1  (cost=0.43..8.46 rows=1 width=196)
	  ->  Index Scan using sbtest1_pkey on sbtest1  (cost=0.43..8.46 rows=1 width=196)
	        Index Cond: (id = 1104425)

table 2 : explain UPDATE sbtest2 SET k=k+1 WHERE id=5379222
	Update on sbtest2  (cost=0.43..8.46 rows=1 width=196)
	  ->  Index Scan using sbtest2_pkey on sbtest2  (cost=0.43..8.46 rows=1 width=196)
	        Index Cond: (id = 5379222)

table 3 : explain UPDATE sbtest3 SET k=k+1 WHERE id=8865342
	Update on sbtest3  (cost=0.43..8.46 rows=1 width=196)
	  ->  Index Scan using sbtest3_pkey on sbtest3  (cost=0.43..8.46 rows=1 width=196)
	        Index Cond: (id = 8865342)

table 4 : explain UPDATE sbtest4 SET k=k+1 WHERE id=1063443
	Update on sbtest4  (cost=0.43..8.46 rows=1 width=196)
	  ->  Index Scan using sbtest4_pkey on sbtest4  (cost=0.43..8.46 rows=1 width=196)
	        Index Cond: (id = 1063443)

table 5 : explain UPDATE sbtest5 SET k=k+1 WHERE id=6860809
	Update on sbtest5  (cost=0.43..8.46 rows=1 width=196)
	  ->  Index Scan using sbtest5_pkey on sbtest5  (cost=0.43..8.46 rows=1 width=196)
	        Index Cond: (id = 6860809)

table 6 : explain UPDATE sbtest6 SET k=k+1 WHERE id=3813219
	Update on sbtest6  (cost=0.43..8.46 rows=1 width=196)
	  ->  Index Scan using sbtest6_pkey on sbtest6  (cost=0.43..8.46 rows=1 width=196)
	        Index Cond: (id = 3813219)

table 7 : explain UPDATE sbtest7 SET k=k+1 WHERE id=4695281
	Update on sbtest7  (cost=0.43..8.46 rows=1 width=196)
	  ->  Index Scan using sbtest7_pkey on sbtest7  (cost=0.43..8.46 rows=1 width=196)
	        Index Cond: (id = 4695281)

table 8 : explain UPDATE sbtest8 SET k=k+1 WHERE id=7984733
	Update on sbtest8  (cost=0.43..8.46 rows=1 width=196)
	  ->  Index Scan using sbtest8_pkey on sbtest8  (cost=0.43..8.46 rows=1 width=196)
	        Index Cond: (id = 7984733)

for: simple_ranges
table 1 : explain SELECT c FROM sbtest1 WHERE id BETWEEN 3344598 AND 3344697
	Index Scan using sbtest1_pkey on sbtest1  (cost=0.43..376.25 rows=98 width=121)
	  Index Cond: ((id >= 3344598) AND (id <= 3344697))

table 2 : explain SELECT c FROM sbtest2 WHERE id BETWEEN 929789 AND 929888
	Index Scan using sbtest2_pkey on sbtest2  (cost=0.43..392.62 rows=102 width=121)
	  Index Cond: ((id >= 929789) AND (id <= 929888))

table 3 : explain SELECT c FROM sbtest3 WHERE id BETWEEN 9455417 AND 9455516
	Index Scan using sbtest3_pkey on sbtest3  (cost=0.43..367.81 rows=95 width=121)
	  Index Cond: ((id >= 9455417) AND (id <= 9455516))

table 4 : explain SELECT c FROM sbtest4 WHERE id BETWEEN 4012968 AND 4013067
	Index Scan using sbtest4_pkey on sbtest4  (cost=0.43..376.07 rows=98 width=121)
	  Index Cond: ((id >= 4012968) AND (id <= 4013067))

table 5 : explain SELECT c FROM sbtest5 WHERE id BETWEEN 2676594 AND 2676693
	Index Scan using sbtest5_pkey on sbtest5  (cost=0.43..399.83 rows=104 width=121)
	  Index Cond: ((id >= 2676594) AND (id <= 2676693))

table 6 : explain SELECT c FROM sbtest6 WHERE id BETWEEN 7348320 AND 7348419
	Index Scan using sbtest6_pkey on sbtest6  (cost=0.43..395.83 rows=103 width=121)
	  Index Cond: ((id >= 7348320) AND (id <= 7348419))

table 7 : explain SELECT c FROM sbtest7 WHERE id BETWEEN 9934184 AND 9934283
	Index Scan using sbtest7_pkey on sbtest7  (cost=0.43..394.26 rows=103 width=121)
	  Index Cond: ((id >= 9934184) AND (id <= 9934283))

table 8 : explain SELECT c FROM sbtest8 WHERE id BETWEEN 1880903 AND 1881002
	Index Scan using sbtest8_pkey on sbtest8  (cost=0.43..396.97 rows=104 width=121)
	  Index Cond: ((id >= 1880903) AND (id <= 1881002))

for non_index_updates
table 1 : explain UPDATE sbtest1 SET c='foobar' WHERE id=3738254
	Update on sbtest1  (cost=0.43..8.45 rows=1 width=559)
	  ->  Index Scan using sbtest1_pkey on sbtest1  (cost=0.43..8.45 rows=1 width=559)
	        Index Cond: (id = 3738254)

table 2 : explain UPDATE sbtest2 SET c='foobar' WHERE id=3510169
	Update on sbtest2  (cost=0.43..8.45 rows=1 width=559)
	  ->  Index Scan using sbtest2_pkey on sbtest2  (cost=0.43..8.45 rows=1 width=559)
	        Index Cond: (id = 3510169)

table 3 : explain UPDATE sbtest3 SET c='foobar' WHERE id=4553868
	Update on sbtest3  (cost=0.43..8.45 rows=1 width=559)
	  ->  Index Scan using sbtest3_pkey on sbtest3  (cost=0.43..8.45 rows=1 width=559)
	        Index Cond: (id = 4553868)

table 4 : explain UPDATE sbtest4 SET c='foobar' WHERE id=1416087
	Update on sbtest4  (cost=0.43..8.45 rows=1 width=559)
	  ->  Index Scan using sbtest4_pkey on sbtest4  (cost=0.43..8.45 rows=1 width=559)
	        Index Cond: (id = 1416087)

table 5 : explain UPDATE sbtest5 SET c='foobar' WHERE id=1633876
	Update on sbtest5  (cost=0.43..8.45 rows=1 width=559)
	  ->  Index Scan using sbtest5_pkey on sbtest5  (cost=0.43..8.45 rows=1 width=559)
	        Index Cond: (id = 1633876)

table 6 : explain UPDATE sbtest6 SET c='foobar' WHERE id=7706525
	Update on sbtest6  (cost=0.43..8.45 rows=1 width=559)
	  ->  Index Scan using sbtest6_pkey on sbtest6  (cost=0.43..8.45 rows=1 width=559)
	        Index Cond: (id = 7706525)

table 7 : explain UPDATE sbtest7 SET c='foobar' WHERE id=6137827
	Update on sbtest7  (cost=0.43..8.45 rows=1 width=559)
	  ->  Index Scan using sbtest7_pkey on sbtest7  (cost=0.43..8.45 rows=1 width=559)
	        Index Cond: (id = 6137827)

table 8 : explain UPDATE sbtest8 SET c='foobar' WHERE id=4550807
	Update on sbtest8  (cost=0.43..8.45 rows=1 width=559)
	  ->  Index Scan using sbtest8_pkey on sbtest8  (cost=0.43..8.45 rows=1 width=559)
	        Index Cond: (id = 4550807)

for: sum_ranges
table 1 : explain SELECT SUM(k) FROM sbtest1 WHERE id BETWEEN 5847883 AND 5847982
	Aggregate  (cost=380.29..380.30 rows=1 width=8)
	  ->  Index Scan using sbtest1_pkey on sbtest1  (cost=0.43..380.04 rows=99 width=4)
	        Index Cond: ((id >= 5847883) AND (id <= 5847982))

table 2 : explain SELECT SUM(k) FROM sbtest2 WHERE id BETWEEN 6812657 AND 6812756
	Aggregate  (cost=385.27..385.28 rows=1 width=8)
	  ->  Index Scan using sbtest2_pkey on sbtest2  (cost=0.43..385.02 rows=100 width=4)
	        Index Cond: ((id >= 6812657) AND (id <= 6812756))

table 3 : explain SELECT SUM(k) FROM sbtest3 WHERE id BETWEEN 4537444 AND 4537543
	Aggregate  (cost=379.52..379.53 rows=1 width=8)
	  ->  Index Scan using sbtest3_pkey on sbtest3  (cost=0.43..379.28 rows=98 width=4)
	        Index Cond: ((id >= 4537444) AND (id <= 4537543))

table 4 : explain SELECT SUM(k) FROM sbtest4 WHERE id BETWEEN 2549651 AND 2549750
	Aggregate  (cost=380.10..380.11 rows=1 width=8)
	  ->  Index Scan using sbtest4_pkey on sbtest4  (cost=0.43..379.86 rows=99 width=4)
	        Index Cond: ((id >= 2549651) AND (id <= 2549750))

table 5 : explain SELECT SUM(k) FROM sbtest5 WHERE id BETWEEN 2112962 AND 2113061
	Aggregate  (cost=365.82..365.83 rows=1 width=8)
	  ->  Index Scan using sbtest5_pkey on sbtest5  (cost=0.43..365.59 rows=95 width=4)
	        Index Cond: ((id >= 2112962) AND (id <= 2113061))

table 6 : explain SELECT SUM(k) FROM sbtest6 WHERE id BETWEEN 2963236 AND 2963335
	Aggregate  (cost=415.08..415.09 rows=1 width=8)
	  ->  Index Scan using sbtest6_pkey on sbtest6  (cost=0.43..414.81 rows=108 width=4)
	        Index Cond: ((id >= 2963236) AND (id <= 2963335))

table 7 : explain SELECT SUM(k) FROM sbtest7 WHERE id BETWEEN 1311416 AND 1311515
	Aggregate  (cost=371.82..371.83 rows=1 width=8)
	  ->  Index Scan using sbtest7_pkey on sbtest7  (cost=0.43..371.58 rows=97 width=4)
	        Index Cond: ((id >= 1311416) AND (id <= 1311515))

table 8 : explain SELECT SUM(k) FROM sbtest8 WHERE id BETWEEN 7478830 AND 7478929
	Aggregate  (cost=393.45..393.46 rows=1 width=8)
	  ->  Index Scan using sbtest8_pkey on sbtest8  (cost=0.43..393.20 rows=103 width=4)
	        Index Cond: ((id >= 7478830) AND (id <= 7478929))

for: distinct_ranges
table 1 : explain SELECT DISTINCT c FROM sbtest1 WHERE id BETWEEN 8968857 AND 8968956 ORDER BY c
	Unique  (cost=406.30..406.83 rows=105 width=121)
	  ->  Sort  (cost=406.30..406.57 rows=105 width=121)
	        Sort Key: c
	        ->  Index Scan using sbtest1_pkey on sbtest1  (cost=0.43..402.78 rows=105 width=121)
	              Index Cond: ((id >= 8968857) AND (id <= 8968956))

table 2 : explain SELECT DISTINCT c FROM sbtest2 WHERE id BETWEEN 5320985 AND 5321084 ORDER BY c
	Unique  (cost=372.97..373.45 rows=96 width=121)
	  ->  Sort  (cost=372.97..373.21 rows=96 width=121)
	        Sort Key: c
	        ->  Index Scan using sbtest2_pkey on sbtest2  (cost=0.43..369.81 rows=96 width=121)
	              Index Cond: ((id >= 5320985) AND (id <= 5321084))

table 3 : explain SELECT DISTINCT c FROM sbtest3 WHERE id BETWEEN 5504604 AND 5504703 ORDER BY c
	Unique  (cost=374.80..375.28 rows=96 width=121)
	  ->  Sort  (cost=374.80..375.04 rows=96 width=121)
	        Sort Key: c
	        ->  Index Scan using sbtest3_pkey on sbtest3  (cost=0.43..371.63 rows=96 width=121)
	              Index Cond: ((id >= 5504604) AND (id <= 5504703))

table 4 : explain SELECT DISTINCT c FROM sbtest4 WHERE id BETWEEN 7280113 AND 7280212 ORDER BY c
	Unique  (cost=421.43..421.97 rows=109 width=121)
	  ->  Sort  (cost=421.43..421.70 rows=109 width=121)
	        Sort Key: c
	        ->  Index Scan using sbtest4_pkey on sbtest4  (cost=0.43..417.74 rows=109 width=121)
	              Index Cond: ((id >= 7280113) AND (id <= 7280212))

table 5 : explain SELECT DISTINCT c FROM sbtest5 WHERE id BETWEEN 2687502 AND 2687601 ORDER BY c
	Unique  (cost=403.31..403.83 rows=104 width=121)
	  ->  Sort  (cost=403.31..403.57 rows=104 width=121)
	        Sort Key: c
	        ->  Index Scan using sbtest5_pkey on sbtest5  (cost=0.43..399.83 rows=104 width=121)
	              Index Cond: ((id >= 2687502) AND (id <= 2687601))

table 6 : explain SELECT DISTINCT c FROM sbtest6 WHERE id BETWEEN 1918247 AND 1918346 ORDER BY c
	Unique  (cost=368.53..369.00 rows=95 width=121)
	  ->  Sort  (cost=368.53..368.77 rows=95 width=121)
	        Sort Key: c
	        ->  Index Scan using sbtest6_pkey on sbtest6  (cost=0.43..365.41 rows=95 width=121)
	              Index Cond: ((id >= 1918247) AND (id <= 1918346))

table 7 : explain SELECT DISTINCT c FROM sbtest7 WHERE id BETWEEN 1641235 AND 1641334 ORDER BY c
	Unique  (cost=374.78..375.26 rows=97 width=121)
	  ->  Sort  (cost=374.78..375.02 rows=97 width=121)
	        Sort Key: c
	        ->  Index Scan using sbtest7_pkey on sbtest7  (cost=0.43..371.58 rows=97 width=121)
	              Index Cond: ((id >= 1641235) AND (id <= 1641334))

table 8 : explain SELECT DISTINCT c FROM sbtest8 WHERE id BETWEEN 6665958 AND 6666057 ORDER BY c
	Unique  (cost=366.15..366.63 rows=95 width=121)
	  ->  Sort  (cost=366.15..366.39 rows=95 width=121)
	        Sort Key: c
	        ->  Index Scan using sbtest8_pkey on sbtest8  (cost=0.43..363.03 rows=95 width=121)
	              Index Cond: ((id >= 6665958) AND (id <= 6666057))

explain: for deletes :: explain DELETE FROM sbtest%u WHERE id=%u
explain: for non_index_updates :: explain UPDATE sbtest%u SET c='foobar' WHERE id=%u
for index_updates
table 1 : explain UPDATE sbtest1 SET k=k+1 WHERE id=4919644
	Update on sbtest1  (cost=0.43..8.46 rows=1 width=196)
	  ->  Index Scan using sbtest1_pkey on sbtest1  (cost=0.43..8.46 rows=1 width=196)
	        Index Cond: (id = 4919644)

table 2 : explain UPDATE sbtest2 SET k=k+1 WHERE id=5756591
	Update on sbtest2  (cost=0.43..8.46 rows=1 width=196)
	  ->  Index Scan using sbtest2_pkey on sbtest2  (cost=0.43..8.46 rows=1 width=196)
	        Index Cond: (id = 5756591)

table 3 : explain UPDATE sbtest3 SET k=k+1 WHERE id=2817449
	Update on sbtest3  (cost=0.43..8.46 rows=1 width=196)
	  ->  Index Scan using sbtest3_pkey on sbtest3  (cost=0.43..8.46 rows=1 width=196)
	        Index Cond: (id = 2817449)

table 4 : explain UPDATE sbtest4 SET k=k+1 WHERE id=3674633
	Update on sbtest4  (cost=0.43..8.46 rows=1 width=196)
	  ->  Index Scan using sbtest4_pkey on sbtest4  (cost=0.43..8.46 rows=1 width=196)
	        Index Cond: (id = 3674633)

table 5 : explain UPDATE sbtest5 SET k=k+1 WHERE id=7020384
	Update on sbtest5  (cost=0.43..8.46 rows=1 width=196)
	  ->  Index Scan using sbtest5_pkey on sbtest5  (cost=0.43..8.46 rows=1 width=196)
	        Index Cond: (id = 7020384)

table 6 : explain UPDATE sbtest6 SET k=k+1 WHERE id=1786507
	Update on sbtest6  (cost=0.43..8.46 rows=1 width=196)
	  ->  Index Scan using sbtest6_pkey on sbtest6  (cost=0.43..8.46 rows=1 width=196)
	        Index Cond: (id = 1786507)

table 7 : explain UPDATE sbtest7 SET k=k+1 WHERE id=728883
	Update on sbtest7  (cost=0.43..8.46 rows=1 width=196)
	  ->  Index Scan using sbtest7_pkey on sbtest7  (cost=0.43..8.46 rows=1 width=196)
	        Index Cond: (id = 728883)

table 8 : explain UPDATE sbtest8 SET k=k+1 WHERE id=5303415
	Update on sbtest8  (cost=0.43..8.46 rows=1 width=196)
	  ->  Index Scan using sbtest8_pkey on sbtest8  (cost=0.43..8.46 rows=1 width=196)
	        Index Cond: (id = 5303415)

for non_index_updates
table 1 : explain UPDATE sbtest1 SET c='foobar' WHERE id=3561355
	Update on sbtest1  (cost=0.43..8.45 rows=1 width=559)
	  ->  Index Scan using sbtest1_pkey on sbtest1  (cost=0.43..8.45 rows=1 width=559)
	        Index Cond: (id = 3561355)

table 2 : explain UPDATE sbtest2 SET c='foobar' WHERE id=6633288
	Update on sbtest2  (cost=0.43..8.45 rows=1 width=559)
	  ->  Index Scan using sbtest2_pkey on sbtest2  (cost=0.43..8.45 rows=1 width=559)
	        Index Cond: (id = 6633288)

table 3 : explain UPDATE sbtest3 SET c='foobar' WHERE id=9241191
	Update on sbtest3  (cost=0.43..8.45 rows=1 width=559)
	  ->  Index Scan using sbtest3_pkey on sbtest3  (cost=0.43..8.45 rows=1 width=559)
	        Index Cond: (id = 9241191)

table 4 : explain UPDATE sbtest4 SET c='foobar' WHERE id=917068
	Update on sbtest4  (cost=0.43..8.45 rows=1 width=559)
	  ->  Index Scan using sbtest4_pkey on sbtest4  (cost=0.43..8.45 rows=1 width=559)
	        Index Cond: (id = 917068)

table 5 : explain UPDATE sbtest5 SET c='foobar' WHERE id=1047198
	Update on sbtest5  (cost=0.43..8.45 rows=1 width=559)
	  ->  Index Scan using sbtest5_pkey on sbtest5  (cost=0.43..8.45 rows=1 width=559)
	        Index Cond: (id = 1047198)

table 6 : explain UPDATE sbtest6 SET c='foobar' WHERE id=1066531
	Update on sbtest6  (cost=0.43..8.45 rows=1 width=559)
	  ->  Index Scan using sbtest6_pkey on sbtest6  (cost=0.43..8.45 rows=1 width=559)
	        Index Cond: (id = 1066531)

table 7 : explain UPDATE sbtest7 SET c='foobar' WHERE id=4103568
	Update on sbtest7  (cost=0.43..8.45 rows=1 width=559)
	  ->  Index Scan using sbtest7_pkey on sbtest7  (cost=0.43..8.45 rows=1 width=559)
	        Index Cond: (id = 4103568)

table 8 : explain UPDATE sbtest8 SET c='foobar' WHERE id=6389727
	Update on sbtest8  (cost=0.43..8.45 rows=1 width=559)
	  ->  Index Scan using sbtest8_pkey on sbtest8  (cost=0.43..8.45 rows=1 width=559)
	        Index Cond: (id = 6389727)

for: sum_ranges
table 1 : explain SELECT SUM(k) FROM sbtest1 WHERE id BETWEEN 5021731 AND 5021830
	Aggregate  (cost=372.70..372.71 rows=1 width=8)
	  ->  Index Scan using sbtest1_pkey on sbtest1  (cost=0.43..372.46 rows=97 width=4)
	        Index Cond: ((id >= 5021731) AND (id <= 5021830))

table 2 : explain SELECT SUM(k) FROM sbtest2 WHERE id BETWEEN 4145078 AND 4145177
	Aggregate  (cost=389.07..389.08 rows=1 width=8)
	  ->  Index Scan using sbtest2_pkey on sbtest2  (cost=0.43..388.82 rows=101 width=4)
	        Index Cond: ((id >= 4145078) AND (id <= 4145177))

table 3 : explain SELECT SUM(k) FROM sbtest3 WHERE id BETWEEN 1826889 AND 1826988
	Aggregate  (cost=368.05..368.06 rows=1 width=8)
	  ->  Index Scan using sbtest3_pkey on sbtest3  (cost=0.43..367.81 rows=95 width=4)
	        Index Cond: ((id >= 1826889) AND (id <= 1826988))

table 4 : explain SELECT SUM(k) FROM sbtest4 WHERE id BETWEEN 7768667 AND 7768766
	Aggregate  (cost=395.27..395.28 rows=1 width=8)
	  ->  Index Scan using sbtest4_pkey on sbtest4  (cost=0.43..395.01 rows=103 width=4)
	        Index Cond: ((id >= 7768667) AND (id <= 7768766))

table 5 : explain SELECT SUM(k) FROM sbtest5 WHERE id BETWEEN 8781247 AND 8781346
	Aggregate  (cost=362.02..362.03 rows=1 width=8)
	  ->  Index Scan using sbtest5_pkey on sbtest5  (cost=0.43..361.79 rows=94 width=4)
	        Index Cond: ((id >= 8781247) AND (id <= 8781346))

table 6 : explain SELECT SUM(k) FROM sbtest6 WHERE id BETWEEN 6684033 AND 6684132
	Aggregate  (cost=361.85..361.86 rows=1 width=8)
	  ->  Index Scan using sbtest6_pkey on sbtest6  (cost=0.43..361.61 rows=94 width=4)
	        Index Cond: ((id >= 6684033) AND (id <= 6684132))

table 7 : explain SELECT SUM(k) FROM sbtest7 WHERE id BETWEEN 9022224 AND 9022323
	Aggregate  (cost=364.25..364.26 rows=1 width=8)
	  ->  Index Scan using sbtest7_pkey on sbtest7  (cost=0.43..364.02 rows=95 width=4)
	        Index Cond: ((id >= 9022224) AND (id <= 9022323))

table 8 : explain SELECT SUM(k) FROM sbtest8 WHERE id BETWEEN 2734038 AND 2734137
	Aggregate  (cost=397.23..397.24 rows=1 width=8)
	  ->  Index Scan using sbtest8_pkey on sbtest8  (cost=0.43..396.97 rows=104 width=4)
	        Index Cond: ((id >= 2734038) AND (id <= 2734137))

explain: for non_index_updates :: explain UPDATE sbtest%u SET c='foobar' WHERE id=%u
for deletes
table 1 : explain DELETE FROM sbtest1 WHERE id=4158678
	Delete on sbtest1  (cost=0.43..8.45 rows=1 width=6)
	  ->  Index Scan using sbtest1_pkey on sbtest1  (cost=0.43..8.45 rows=1 width=6)
	        Index Cond: (id = 4158678)

table 2 : explain DELETE FROM sbtest2 WHERE id=3234497
	Delete on sbtest2  (cost=0.43..8.45 rows=1 width=6)
	  ->  Index Scan using sbtest2_pkey on sbtest2  (cost=0.43..8.45 rows=1 width=6)
	        Index Cond: (id = 3234497)

table 3 : explain DELETE FROM sbtest3 WHERE id=9864183
	Delete on sbtest3  (cost=0.43..8.45 rows=1 width=6)
	  ->  Index Scan using sbtest3_pkey on sbtest3  (cost=0.43..8.45 rows=1 width=6)
	        Index Cond: (id = 9864183)

table 4 : explain DELETE FROM sbtest4 WHERE id=6581227
	Delete on sbtest4  (cost=0.43..8.45 rows=1 width=6)
	  ->  Index Scan using sbtest4_pkey on sbtest4  (cost=0.43..8.45 rows=1 width=6)
	        Index Cond: (id = 6581227)

table 5 : explain DELETE FROM sbtest5 WHERE id=9758653
	Delete on sbtest5  (cost=0.43..8.45 rows=1 width=6)
	  ->  Index Scan using sbtest5_pkey on sbtest5  (cost=0.43..8.45 rows=1 width=6)
	        Index Cond: (id = 9758653)

table 6 : explain DELETE FROM sbtest6 WHERE id=1873773
	Delete on sbtest6  (cost=0.43..8.45 rows=1 width=6)
	  ->  Index Scan using sbtest6_pkey on sbtest6  (cost=0.43..8.45 rows=1 width=6)
	        Index Cond: (id = 1873773)

table 7 : explain DELETE FROM sbtest7 WHERE id=3581713
	Delete on sbtest7  (cost=0.43..8.45 rows=1 width=6)
	  ->  Index Scan using sbtest7_pkey on sbtest7  (cost=0.43..8.45 rows=1 width=6)
	        Index Cond: (id = 3581713)

table 8 : explain DELETE FROM sbtest8 WHERE id=5791151
	Delete on sbtest8  (cost=0.43..8.45 rows=1 width=6)
	  ->  Index Scan using sbtest8_pkey on sbtest8  (cost=0.43..8.45 rows=1 width=6)
	        Index Cond: (id = 5791151)

for: distinct_ranges
table 1 : explain SELECT DISTINCT c FROM sbtest1 WHERE id BETWEEN 639704 AND 639803 ORDER BY c
	Unique  (cost=383.32..383.82 rows=99 width=121)
	  ->  Sort  (cost=383.32..383.57 rows=99 width=121)
	        Sort Key: c
	        ->  Index Scan using sbtest1_pkey on sbtest1  (cost=0.43..380.04 rows=99 width=121)
	              Index Cond: ((id >= 639704) AND (id <= 639803))

table 2 : explain SELECT DISTINCT c FROM sbtest2 WHERE id BETWEEN 3387373 AND 3387472 ORDER BY c
	Unique  (cost=407.55..408.07 rows=105 width=121)
	  ->  Sort  (cost=407.55..407.81 rows=105 width=121)
	        Sort Key: c
	        ->  Index Scan using sbtest2_pkey on sbtest2  (cost=0.43..404.03 rows=105 width=121)
	              Index Cond: ((id >= 3387373) AND (id <= 3387472))

table 3 : explain SELECT DISTINCT c FROM sbtest3 WHERE id BETWEEN 1378155 AND 1378254 ORDER BY c
	Unique  (cost=351.58..352.03 rows=90 width=121)
	  ->  Sort  (cost=351.58..351.80 rows=90 width=121)
	        Sort Key: c
	        ->  Index Scan using sbtest3_pkey on sbtest3  (cost=0.43..348.66 rows=90 width=121)
	              Index Cond: ((id >= 1378155) AND (id <= 1378254))

table 4 : explain SELECT DISTINCT c FROM sbtest4 WHERE id BETWEEN 736422 AND 736521 ORDER BY c
	Unique  (cost=383.14..383.63 rows=99 width=121)
	  ->  Sort  (cost=383.14..383.39 rows=99 width=121)
	        Sort Key: c
	        ->  Index Scan using sbtest4_pkey on sbtest4  (cost=0.43..379.86 rows=99 width=121)
	              Index Cond: ((id >= 736422) AND (id <= 736521))

table 5 : explain SELECT DISTINCT c FROM sbtest5 WHERE id BETWEEN 1222067 AND 1222166 ORDER BY c
	Unique  (cost=376.38..376.87 rows=97 width=121)
	  ->  Sort  (cost=376.38..376.63 rows=97 width=121)
	        Sort Key: c
	        ->  Index Scan using sbtest5_pkey on sbtest5  (cost=0.43..373.18 rows=97 width=121)
	              Index Cond: ((id >= 1222067) AND (id <= 1222166))

table 6 : explain SELECT DISTINCT c FROM sbtest6 WHERE id BETWEEN 4771622 AND 4771721 ORDER BY c
	Unique  (cost=376.26..376.74 rows=97 width=121)
	  ->  Sort  (cost=376.26..376.50 rows=97 width=121)
	        Sort Key: c
	        ->  Index Scan using sbtest6_pkey on sbtest6  (cost=0.43..373.06 rows=97 width=121)
	              Index Cond: ((id >= 4771622) AND (id <= 4771721))

table 7 : explain SELECT DISTINCT c FROM sbtest7 WHERE id BETWEEN 5268233 AND 5268332 ORDER BY c
	Unique  (cost=401.53..402.05 rows=104 width=121)
	  ->  Sort  (cost=401.53..401.79 rows=104 width=121)
	        Sort Key: c
	        ->  Index Scan using sbtest7_pkey on sbtest7  (cost=0.43..398.04 rows=104 width=121)
	              Index Cond: ((id >= 5268233) AND (id <= 5268332))

table 8 : explain SELECT DISTINCT c FROM sbtest8 WHERE id BETWEEN 6571029 AND 6571128 ORDER BY c
	Unique  (cost=381.40..381.89 rows=99 width=121)
	  ->  Sort  (cost=381.40..381.64 rows=99 width=121)
	        Sort Key: c
	        ->  Index Scan using sbtest8_pkey on sbtest8  (cost=0.43..378.11 rows=99 width=121)
	              Index Cond: ((id >= 6571029) AND (id <= 6571128))

explain: for deletes :: explain DELETE FROM sbtest%u WHERE id=%u
explain: for index_updates :: explain UPDATE sbtest%u SET k=k+1 WHERE id=%u
explain: for inserts :: explain INSERT INTO sbtest%u (id, k, c, pad) VALUES (%u, 13, 'foobar', 'foobar')
for: distinct_ranges
table 1 : explain SELECT DISTINCT c FROM sbtest1 WHERE id BETWEEN 3788248 AND 3788347 ORDER BY c
	Unique  (cost=387.15..387.65 rows=100 width=121)
	  ->  Sort  (cost=387.15..387.40 rows=100 width=121)
	        Sort Key: c
	        ->  Index Scan using sbtest1_pkey on sbtest1  (cost=0.43..383.83 rows=100 width=121)
	              Index Cond: ((id >= 3788248) AND (id <= 3788347))

table 2 : explain SELECT DISTINCT c FROM sbtest2 WHERE id BETWEEN 3549421 AND 3549520 ORDER BY c
	Unique  (cost=380.65..381.14 rows=98 width=121)
	  ->  Sort  (cost=380.65..380.90 rows=98 width=121)
	        Sort Key: c
	        ->  Index Scan using sbtest2_pkey on sbtest2  (cost=0.43..377.41 rows=98 width=121)
	              Index Cond: ((id >= 3549421) AND (id <= 3549520))

table 3 : explain SELECT DISTINCT c FROM sbtest3 WHERE id BETWEEN 7948129 AND 7948228 ORDER BY c
	Unique  (cost=374.80..375.28 rows=96 width=121)
	  ->  Sort  (cost=374.80..375.04 rows=96 width=121)
	        Sort Key: c
	        ->  Index Scan using sbtest3_pkey on sbtest3  (cost=0.43..371.63 rows=96 width=121)
	              Index Cond: ((id >= 7948129) AND (id <= 7948228))

table 4 : explain SELECT DISTINCT c FROM sbtest4 WHERE id BETWEEN 8343910 AND 8344009 ORDER BY c
	Unique  (cost=390.80..391.30 rows=101 width=121)
	  ->  Sort  (cost=390.80..391.05 rows=101 width=121)
	        Sort Key: c
	        ->  Index Scan using sbtest4_pkey on sbtest4  (cost=0.43..387.43 rows=101 width=121)
	              Index Cond: ((id >= 8343910) AND (id <= 8344009))

table 5 : explain SELECT DISTINCT c FROM sbtest5 WHERE id BETWEEN 6966022 AND 6966121 ORDER BY c
	Unique  (cost=437.86..438.43 rows=113 width=121)
	  ->  Sort  (cost=437.86..438.14 rows=113 width=121)
	        Sort Key: c
	        ->  Index Scan using sbtest5_pkey on sbtest5  (cost=0.43..434.01 rows=113 width=121)
	              Index Cond: ((id >= 6966022) AND (id <= 6966121))

table 6 : explain SELECT DISTINCT c FROM sbtest6 WHERE id BETWEEN 8099513 AND 8099612 ORDER BY c
	Unique  (cost=364.69..365.16 rows=94 width=121)
	  ->  Sort  (cost=364.69..364.93 rows=94 width=121)
	        Sort Key: c
	        ->  Index Scan using sbtest6_pkey on sbtest6  (cost=0.43..361.61 rows=94 width=121)
	              Index Cond: ((id >= 8099513) AND (id <= 8099612))

table 7 : explain SELECT DISTINCT c FROM sbtest7 WHERE id BETWEEN 5350946 AND 5351045 ORDER BY c
	Unique  (cost=416.81..417.35 rows=108 width=121)
	  ->  Sort  (cost=416.81..417.08 rows=108 width=121)
	        Sort Key: c
	        ->  Index Scan using sbtest7_pkey on sbtest7  (cost=0.43..413.17 rows=108 width=121)
	              Index Cond: ((id >= 5350946) AND (id <= 5351045))

table 8 : explain SELECT DISTINCT c FROM sbtest8 WHERE id BETWEEN 1360419 AND 1360518 ORDER BY c
	Unique  (cost=385.21..385.71 rows=100 width=121)
	  ->  Sort  (cost=385.21..385.46 rows=100 width=121)
	        Sort Key: c
	        ->  Index Scan using sbtest8_pkey on sbtest8  (cost=0.43..381.88 rows=100 width=121)
	              Index Cond: ((id >= 1360419) AND (id <= 1360518))

for: order_ranges
table 1 : explain SELECT c FROM sbtest1 WHERE id BETWEEN 4829820 AND 4829919 ORDER BY c
	Sort  (cost=390.98..391.23 rows=101 width=121)
	  Sort Key: c
	  ->  Index Scan using sbtest1_pkey on sbtest1  (cost=0.43..387.62 rows=101 width=121)
	        Index Cond: ((id >= 4829820) AND (id <= 4829919))

table 2 : explain SELECT c FROM sbtest2 WHERE id BETWEEN 2120479 AND 2120578 ORDER BY c
	Sort  (cost=411.39..411.66 rows=106 width=121)
	  Sort Key: c
	  ->  Index Scan using sbtest2_pkey on sbtest2  (cost=0.43..407.83 rows=106 width=121)
	        Index Cond: ((id >= 2120479) AND (id <= 2120578))

table 3 : explain SELECT c FROM sbtest3 WHERE id BETWEEN 7076150 AND 7076249 ORDER BY c
	Sort  (cost=363.21..363.44 rows=93 width=121)
	  Sort Key: c
	  ->  Index Scan using sbtest3_pkey on sbtest3  (cost=0.43..360.17 rows=93 width=121)
	        Index Cond: ((id >= 7076150) AND (id <= 7076249))

table 4 : explain SELECT c FROM sbtest4 WHERE id BETWEEN 9616894 AND 9616993 ORDER BY c
	Sort  (cost=383.14..383.39 rows=99 width=121)
	  Sort Key: c
	  ->  Index Scan using sbtest4_pkey on sbtest4  (cost=0.43..379.86 rows=99 width=121)
	        Index Cond: ((id >= 9616894) AND (id <= 9616993))

table 5 : explain SELECT c FROM sbtest5 WHERE id BETWEEN 6898056 AND 6898155 ORDER BY c
	Sort  (cost=437.86..438.14 rows=113 width=121)
	  Sort Key: c
	  ->  Index Scan using sbtest5_pkey on sbtest5  (cost=0.43..434.01 rows=113 width=121)
	        Index Cond: ((id >= 6898056) AND (id <= 6898155))

table 6 : explain SELECT c FROM sbtest6 WHERE id BETWEEN 2455369 AND 2455468 ORDER BY c
	Sort  (cost=387.77..388.02 rows=100 width=121)
	  Sort Key: c
	  ->  Index Scan using sbtest6_pkey on sbtest6  (cost=0.43..384.44 rows=100 width=121)
	        Index Cond: ((id >= 2455369) AND (id <= 2455468))

table 7 : explain SELECT c FROM sbtest7 WHERE id BETWEEN 100091 AND 100190 ORDER BY c
	Sort  (cost=367.14..367.38 rows=95 width=121)
	  Sort Key: c
	  ->  Index Scan using sbtest7_pkey on sbtest7  (cost=0.43..364.02 rows=95 width=121)
	        Index Cond: ((id >= 100091) AND (id <= 100190))

table 8 : explain SELECT c FROM sbtest8 WHERE id BETWEEN 4010888 AND 4010987 ORDER BY c
	Sort  (cost=476.74..477.05 rows=124 width=121)
	  Sort Key: c
	  ->  Index Scan using sbtest8_pkey on sbtest8  (cost=0.43..472.43 rows=124 width=121)
	        Index Cond: ((id >= 4010888) AND (id <= 4010987))

for non_index_updates
table 1 : explain UPDATE sbtest1 SET c='foobar' WHERE id=3386456
	Update on sbtest1  (cost=0.43..8.45 rows=1 width=559)
	  ->  Index Scan using sbtest1_pkey on sbtest1  (cost=0.43..8.45 rows=1 width=559)
	        Index Cond: (id = 3386456)

table 2 : explain UPDATE sbtest2 SET c='foobar' WHERE id=500651
	Update on sbtest2  (cost=0.43..8.45 rows=1 width=559)
	  ->  Index Scan using sbtest2_pkey on sbtest2  (cost=0.43..8.45 rows=1 width=559)
	        Index Cond: (id = 500651)

table 3 : explain UPDATE sbtest3 SET c='foobar' WHERE id=7991873
	Update on sbtest3  (cost=0.43..8.45 rows=1 width=559)
	  ->  Index Scan using sbtest3_pkey on sbtest3  (cost=0.43..8.45 rows=1 width=559)
	        Index Cond: (id = 7991873)

table 4 : explain UPDATE sbtest4 SET c='foobar' WHERE id=8458421
	Update on sbtest4  (cost=0.43..8.45 rows=1 width=559)
	  ->  Index Scan using sbtest4_pkey on sbtest4  (cost=0.43..8.45 rows=1 width=559)
	        Index Cond: (id = 8458421)

table 5 : explain UPDATE sbtest5 SET c='foobar' WHERE id=5860697
	Update on sbtest5  (cost=0.43..8.45 rows=1 width=559)
	  ->  Index Scan using sbtest5_pkey on sbtest5  (cost=0.43..8.45 rows=1 width=559)
	        Index Cond: (id = 5860697)

table 6 : explain UPDATE sbtest6 SET c='foobar' WHERE id=871461
	Update on sbtest6  (cost=0.43..8.45 rows=1 width=559)
	  ->  Index Scan using sbtest6_pkey on sbtest6  (cost=0.43..8.45 rows=1 width=559)
	        Index Cond: (id = 871461)

table 7 : explain UPDATE sbtest7 SET c='foobar' WHERE id=6781573
	Update on sbtest7  (cost=0.43..8.45 rows=1 width=559)
	  ->  Index Scan using sbtest7_pkey on sbtest7  (cost=0.43..8.45 rows=1 width=559)
	        Index Cond: (id = 6781573)

table 8 : explain UPDATE sbtest8 SET c='foobar' WHERE id=1073214
	Update on sbtest8  (cost=0.43..8.45 rows=1 width=559)
	  ->  Index Scan using sbtest8_pkey on sbtest8  (cost=0.43..8.45 rows=1 width=559)
	        Index Cond: (id = 1073214)

explain: for deletes :: explain DELETE FROM sbtest%u WHERE id=%u
explain: for index_updates :: explain UPDATE sbtest%u SET k=k+1 WHERE id=%u
for inserts
table 1 : explain INSERT INTO sbtest1 (id, k, c, pad) VALUES (8309311, 13, 'foobar', 'foobar')
	Insert on sbtest1  (cost=0.00..0.01 rows=1 width=736)
	  ->  Result  (cost=0.00..0.01 rows=1 width=736)

table 2 : explain INSERT INTO sbtest2 (id, k, c, pad) VALUES (6069797, 13, 'foobar', 'foobar')
	Insert on sbtest2  (cost=0.00..0.01 rows=1 width=736)
	  ->  Result  (cost=0.00..0.01 rows=1 width=736)

table 3 : explain INSERT INTO sbtest3 (id, k, c, pad) VALUES (9329961, 13, 'foobar', 'foobar')
	Insert on sbtest3  (cost=0.00..0.01 rows=1 width=736)
	  ->  Result  (cost=0.00..0.01 rows=1 width=736)

table 4 : explain INSERT INTO sbtest4 (id, k, c, pad) VALUES (6063168, 13, 'foobar', 'foobar')
	Insert on sbtest4  (cost=0.00..0.01 rows=1 width=736)
	  ->  Result  (cost=0.00..0.01 rows=1 width=736)

table 5 : explain INSERT INTO sbtest5 (id, k, c, pad) VALUES (2940530, 13, 'foobar', 'foobar')
	Insert on sbtest5  (cost=0.00..0.01 rows=1 width=736)
	  ->  Result  (cost=0.00..0.01 rows=1 width=736)

table 6 : explain INSERT INTO sbtest6 (id, k, c, pad) VALUES (8495708, 13, 'foobar', 'foobar')
	Insert on sbtest6  (cost=0.00..0.01 rows=1 width=736)
	  ->  Result  (cost=0.00..0.01 rows=1 width=736)

table 7 : explain INSERT INTO sbtest7 (id, k, c, pad) VALUES (4391137, 13, 'foobar', 'foobar')
	Insert on sbtest7  (cost=0.00..0.01 rows=1 width=736)
	  ->  Result  (cost=0.00..0.01 rows=1 width=736)

table 8 : explain INSERT INTO sbtest8 (id, k, c, pad) VALUES (3416203, 13, 'foobar', 'foobar')
	Insert on sbtest8  (cost=0.00..0.01 rows=1 width=736)
	  ->  Result  (cost=0.00..0.01 rows=1 width=736)

for non_index_updates
table 1 : explain UPDATE sbtest1 SET c='foobar' WHERE id=4888609
	Update on sbtest1  (cost=0.43..8.45 rows=1 width=559)
	  ->  Index Scan using sbtest1_pkey on sbtest1  (cost=0.43..8.45 rows=1 width=559)
	        Index Cond: (id = 4888609)

table 2 : explain UPDATE sbtest2 SET c='foobar' WHERE id=9132238
	Update on sbtest2  (cost=0.43..8.45 rows=1 width=559)
	  ->  Index Scan using sbtest2_pkey on sbtest2  (cost=0.43..8.45 rows=1 width=559)
	        Index Cond: (id = 9132238)

table 3 : explain UPDATE sbtest3 SET c='foobar' WHERE id=3453956
	Update on sbtest3  (cost=0.43..8.45 rows=1 width=559)
	  ->  Index Scan using sbtest3_pkey on sbtest3  (cost=0.43..8.45 rows=1 width=559)
	        Index Cond: (id = 3453956)

table 4 : explain UPDATE sbtest4 SET c='foobar' WHERE id=8619404
	Update on sbtest4  (cost=0.43..8.45 rows=1 width=559)
	  ->  Index Scan using sbtest4_pkey on sbtest4  (cost=0.43..8.45 rows=1 width=559)
	        Index Cond: (id = 8619404)

table 5 : explain UPDATE sbtest5 SET c='foobar' WHERE id=9605025
	Update on sbtest5  (cost=0.43..8.45 rows=1 width=559)
	  ->  Index Scan using sbtest5_pkey on sbtest5  (cost=0.43..8.45 rows=1 width=559)
	        Index Cond: (id = 9605025)

table 6 : explain UPDATE sbtest6 SET c='foobar' WHERE id=8983733
	Update on sbtest6  (cost=0.43..8.45 rows=1 width=559)
	  ->  Index Scan using sbtest6_pkey on sbtest6  (cost=0.43..8.45 rows=1 width=559)
	        Index Cond: (id = 8983733)

table 7 : explain UPDATE sbtest7 SET c='foobar' WHERE id=2416869
	Update on sbtest7  (cost=0.43..8.45 rows=1 width=559)
	  ->  Index Scan using sbtest7_pkey on sbtest7  (cost=0.43..8.45 rows=1 width=559)
	        Index Cond: (id = 2416869)

table 8 : explain UPDATE sbtest8 SET c='foobar' WHERE id=9706858
	Update on sbtest8  (cost=0.43..8.45 rows=1 width=559)
	  ->  Index Scan using sbtest8_pkey on sbtest8  (cost=0.43..8.45 rows=1 width=559)
	        Index Cond: (id = 9706858)

for deletes
table 1 : explain DELETE FROM sbtest1 WHERE id=432064
	Delete on sbtest1  (cost=0.43..8.45 rows=1 width=6)
	  ->  Index Scan using sbtest1_pkey on sbtest1  (cost=0.43..8.45 rows=1 width=6)
	        Index Cond: (id = 432064)

table 2 : explain DELETE FROM sbtest2 WHERE id=1327693
	Delete on sbtest2  (cost=0.43..8.45 rows=1 width=6)
	  ->  Index Scan using sbtest2_pkey on sbtest2  (cost=0.43..8.45 rows=1 width=6)
	        Index Cond: (id = 1327693)

table 3 : explain DELETE FROM sbtest3 WHERE id=6102887
	Delete on sbtest3  (cost=0.43..8.45 rows=1 width=6)
	  ->  Index Scan using sbtest3_pkey on sbtest3  (cost=0.43..8.45 rows=1 width=6)
	        Index Cond: (id = 6102887)

table 4 : explain DELETE FROM sbtest4 WHERE id=3133385
	Delete on sbtest4  (cost=0.43..8.45 rows=1 width=6)
	  ->  Index Scan using sbtest4_pkey on sbtest4  (cost=0.43..8.45 rows=1 width=6)
	        Index Cond: (id = 3133385)

table 5 : explain DELETE FROM sbtest5 WHERE id=7238761
	Delete on sbtest5  (cost=0.43..8.45 rows=1 width=6)
	  ->  Index Scan using sbtest5_pkey on sbtest5  (cost=0.43..8.45 rows=1 width=6)
	        Index Cond: (id = 7238761)

table 6 : explain DELETE FROM sbtest6 WHERE id=3397540
	Delete on sbtest6  (cost=0.43..8.45 rows=1 width=6)
	  ->  Index Scan using sbtest6_pkey on sbtest6  (cost=0.43..8.45 rows=1 width=6)
	        Index Cond: (id = 3397540)

table 7 : explain DELETE FROM sbtest7 WHERE id=4772244
	Delete on sbtest7  (cost=0.43..8.45 rows=1 width=6)
	  ->  Index Scan using sbtest7_pkey on sbtest7  (cost=0.43..8.45 rows=1 width=6)
	        Index Cond: (id = 4772244)

table 8 : explain DELETE FROM sbtest8 WHERE id=2736315
	Delete on sbtest8  (cost=0.43..8.45 rows=1 width=6)
	  ->  Index Scan using sbtest8_pkey on sbtest8  (cost=0.43..8.45 rows=1 width=6)
	        Index Cond: (id = 2736315)

explain: for index_updates :: explain UPDATE sbtest%u SET k=k+1 WHERE id=%u
for deletes
table 1 : explain DELETE FROM sbtest1 WHERE id=6377932
	Delete on sbtest1  (cost=0.43..8.45 rows=1 width=6)
	  ->  Index Scan using sbtest1_pkey on sbtest1  (cost=0.43..8.45 rows=1 width=6)
	        Index Cond: (id = 6377932)

table 2 : explain DELETE FROM sbtest2 WHERE id=5549889
	Delete on sbtest2  (cost=0.43..8.45 rows=1 width=6)
	  ->  Index Scan using sbtest2_pkey on sbtest2  (cost=0.43..8.45 rows=1 width=6)
	        Index Cond: (id = 5549889)

table 3 : explain DELETE FROM sbtest3 WHERE id=2877326
	Delete on sbtest3  (cost=0.43..8.45 rows=1 width=6)
	  ->  Index Scan using sbtest3_pkey on sbtest3  (cost=0.43..8.45 rows=1 width=6)
	        Index Cond: (id = 2877326)

table 4 : explain DELETE FROM sbtest4 WHERE id=7395134
	Delete on sbtest4  (cost=0.43..8.45 rows=1 width=6)
	  ->  Index Scan using sbtest4_pkey on sbtest4  (cost=0.43..8.45 rows=1 width=6)
	        Index Cond: (id = 7395134)

table 5 : explain DELETE FROM sbtest5 WHERE id=6976189
	Delete on sbtest5  (cost=0.43..8.45 rows=1 width=6)
	  ->  Index Scan using sbtest5_pkey on sbtest5  (cost=0.43..8.45 rows=1 width=6)
	        Index Cond: (id = 6976189)

table 6 : explain DELETE FROM sbtest6 WHERE id=4522076
	Delete on sbtest6  (cost=0.43..8.45 rows=1 width=6)
	  ->  Index Scan using sbtest6_pkey on sbtest6  (cost=0.43..8.45 rows=1 width=6)
	        Index Cond: (id = 4522076)

table 7 : explain DELETE FROM sbtest7 WHERE id=4639324
	Delete on sbtest7  (cost=0.43..8.45 rows=1 width=6)
	  ->  Index Scan using sbtest7_pkey on sbtest7  (cost=0.43..8.45 rows=1 width=6)
	        Index Cond: (id = 4639324)

table 8 : explain DELETE FROM sbtest8 WHERE id=8967988
	Delete on sbtest8  (cost=0.43..8.45 rows=1 width=6)
	  ->  Index Scan using sbtest8_pkey on sbtest8  (cost=0.43..8.45 rows=1 width=6)
	        Index Cond: (id = 8967988)

explain: for deletes :: explain DELETE FROM sbtest%u WHERE id=%u
explain: for inserts :: explain INSERT INTO sbtest%u (id, k, c, pad) VALUES (%u, 13, 'foobar', 'foobar')
for: order_ranges
table 1 : explain SELECT c FROM sbtest1 WHERE id BETWEEN 785127 AND 785226 ORDER BY c
	Sort  (cost=425.46..425.73 rows=110 width=121)
	  Sort Key: c
	  ->  Index Scan using sbtest1_pkey on sbtest1  (cost=0.43..421.73 rows=110 width=121)
	        Index Cond: ((id >= 785127) AND (id <= 785226))

table 2 : explain SELECT c FROM sbtest2 WHERE id BETWEEN 3395889 AND 3395988 ORDER BY c
	Sort  (cost=407.55..407.81 rows=105 width=121)
	  Sort Key: c
	  ->  Index Scan using sbtest2_pkey on sbtest2  (cost=0.43..404.03 rows=105 width=121)
	        Index Cond: ((id >= 3395889) AND (id <= 3395988))

table 3 : explain SELECT c FROM sbtest3 WHERE id BETWEEN 3098218 AND 3098317 ORDER BY c
	Sort  (cost=401.83..402.08 rows=103 width=121)
	  Sort Key: c
	  ->  Index Scan using sbtest3_pkey on sbtest3  (cost=0.43..398.38 rows=103 width=121)
	        Index Cond: ((id >= 3098218) AND (id <= 3098317))

table 4 : explain SELECT c FROM sbtest4 WHERE id BETWEEN 7959990 AND 7960089 ORDER BY c
	Sort  (cost=386.97..387.22 rows=100 width=121)
	  Sort Key: c
	  ->  Index Scan using sbtest4_pkey on sbtest4  (cost=0.43..383.65 rows=100 width=121)
	        Index Cond: ((id >= 7959990) AND (id <= 7960089))

table 5 : explain SELECT c FROM sbtest5 WHERE id BETWEEN 8820433 AND 8820532 ORDER BY c
	Sort  (cost=364.87..365.10 rows=94 width=121)
	  Sort Key: c
	  ->  Index Scan using sbtest5_pkey on sbtest5  (cost=0.43..361.79 rows=94 width=121)
	        Index Cond: ((id >= 8820433) AND (id <= 8820532))

table 6 : explain SELECT c FROM sbtest6 WHERE id BETWEEN 9430506 AND 9430605 ORDER BY c
	Sort  (cost=353.18..353.41 rows=91 width=121)
	  Sort Key: c
	  ->  Index Scan using sbtest6_pkey on sbtest6  (cost=0.43..350.22 rows=91 width=121)
	        Index Cond: ((id >= 9430506) AND (id <= 9430605))

table 7 : explain SELECT c FROM sbtest7 WHERE id BETWEEN 9344638 AND 9344737 ORDER BY c
	Sort  (cost=416.81..417.08 rows=108 width=121)
	  Sort Key: c
	  ->  Index Scan using sbtest7_pkey on sbtest7  (cost=0.43..413.17 rows=108 width=121)
	        Index Cond: ((id >= 9344638) AND (id <= 9344737))

table 8 : explain SELECT c FROM sbtest8 WHERE id BETWEEN 3408411 AND 3408510 ORDER BY c
	Sort  (cost=366.15..366.39 rows=95 width=121)
	  Sort Key: c
	  ->  Index Scan using sbtest8_pkey on sbtest8  (cost=0.43..363.03 rows=95 width=121)
	        Index Cond: ((id >= 3408411) AND (id <= 3408510))

explain: for inserts :: explain INSERT INTO sbtest%u (id, k, c, pad) VALUES (%u, 13, 'foobar', 'foobar')
for: order_ranges
table 1 : explain SELECT c FROM sbtest1 WHERE id BETWEEN 1591127 AND 1591226 ORDER BY c
	Sort  (cost=410.14..410.40 rows=106 width=121)
	  Sort Key: c
	  ->  Index Scan using sbtest1_pkey on sbtest1  (cost=0.43..406.57 rows=106 width=121)
	        Index Cond: ((id >= 1591127) AND (id <= 1591226))

table 2 : explain SELECT c FROM sbtest2 WHERE id BETWEEN 5162433 AND 5162532 ORDER BY c
	Sort  (cost=372.97..373.21 rows=96 width=121)
	  Sort Key: c
	  ->  Index Scan using sbtest2_pkey on sbtest2  (cost=0.43..369.81 rows=96 width=121)
	        Index Cond: ((id >= 5162433) AND (id <= 5162532))

table 3 : explain SELECT c FROM sbtest3 WHERE id BETWEEN 9550007 AND 9550106 ORDER BY c
	Sort  (cost=394.10..394.36 rows=101 width=121)
	  Sort Key: c
	  ->  Index Scan using sbtest3_pkey on sbtest3  (cost=0.43..390.74 rows=101 width=121)
	        Index Cond: ((id >= 9550007) AND (id <= 9550106))

table 4 : explain SELECT c FROM sbtest4 WHERE id BETWEEN 6900978 AND 6901077 ORDER BY c
	Sort  (cost=383.14..383.39 rows=99 width=121)
	  Sort Key: c
	  ->  Index Scan using sbtest4_pkey on sbtest4  (cost=0.43..379.86 rows=99 width=121)
	        Index Cond: ((id >= 6900978) AND (id <= 6901077))

table 5 : explain SELECT c FROM sbtest5 WHERE id BETWEEN 8332578 AND 8332677 ORDER BY c
	Sort  (cost=372.55..372.79 rows=96 width=121)
	  Sort Key: c
	  ->  Index Scan using sbtest5_pkey on sbtest5  (cost=0.43..369.39 rows=96 width=121)
	        Index Cond: ((id >= 8332578) AND (id <= 8332677))

table 6 : explain SELECT c FROM sbtest6 WHERE id BETWEEN 8206553 AND 8206652 ORDER BY c
	Sort  (cost=418.46..418.73 rows=108 width=121)
	  Sort Key: c
	  ->  Index Scan using sbtest6_pkey on sbtest6  (cost=0.43..414.81 rows=108 width=121)
	        Index Cond: ((id >= 8206553) AND (id <= 8206652))

table 7 : explain SELECT c FROM sbtest7 WHERE id BETWEEN 5085563 AND 5085662 ORDER BY c
	Sort  (cost=348.04..348.26 rows=90 width=121)
	  Sort Key: c
	  ->  Index Scan using sbtest7_pkey on sbtest7  (cost=0.43..345.11 rows=90 width=121)
	        Index Cond: ((id >= 5085563) AND (id <= 5085662))

table 8 : explain SELECT c FROM sbtest8 WHERE id BETWEEN 8347783 AND 8347882 ORDER BY c
	Sort  (cost=358.53..358.77 rows=93 width=121)
	  Sort Key: c
	  ->  Index Scan using sbtest8_pkey on sbtest8  (cost=0.43..355.49 rows=93 width=121)
	        Index Cond: ((id >= 8347783) AND (id <= 8347882))

for: sum_ranges
table 1 : explain SELECT SUM(k) FROM sbtest1 WHERE id BETWEEN 9556755 AND 9556854
	Aggregate  (cost=365.12..365.13 rows=1 width=8)
	  ->  Index Scan using sbtest1_pkey on sbtest1  (cost=0.43..364.88 rows=95 width=4)
	        Index Cond: ((id >= 9556755) AND (id <= 9556854))

table 2 : explain SELECT SUM(k) FROM sbtest2 WHERE id BETWEEN 2131270 AND 2131369
	Aggregate  (cost=408.09..408.10 rows=1 width=8)
	  ->  Index Scan using sbtest2_pkey on sbtest2  (cost=0.43..407.83 rows=106 width=4)
	        Index Cond: ((id >= 2131270) AND (id <= 2131369))

table 3 : explain SELECT SUM(k) FROM sbtest3 WHERE id BETWEEN 154842 AND 154941
	Aggregate  (cost=371.87..371.88 rows=1 width=8)
	  ->  Index Scan using sbtest3_pkey on sbtest3  (cost=0.43..371.63 rows=96 width=4)
	        Index Cond: ((id >= 154842) AND (id <= 154941))

table 4 : explain SELECT SUM(k) FROM sbtest4 WHERE id BETWEEN 9806604 AND 9806703
	Aggregate  (cost=345.99..346.00 rows=1 width=8)
	  ->  Index Scan using sbtest4_pkey on sbtest4  (cost=0.43..345.76 rows=90 width=4)
	        Index Cond: ((id >= 9806604) AND (id <= 9806703))

table 5 : explain SELECT SUM(k) FROM sbtest5 WHERE id BETWEEN 8775915 AND 8776014
	Aggregate  (cost=362.02..362.03 rows=1 width=8)
	  ->  Index Scan using sbtest5_pkey on sbtest5  (cost=0.43..361.79 rows=94 width=4)
	        Index Cond: ((id >= 8775915) AND (id <= 8776014))

table 6 : explain SELECT SUM(k) FROM sbtest6 WHERE id BETWEEN 1296426 AND 1296525
	Aggregate  (cost=377.10..377.11 rows=1 width=8)
	  ->  Index Scan using sbtest6_pkey on sbtest6  (cost=0.43..376.85 rows=98 width=4)
	        Index Cond: ((id >= 1296426) AND (id <= 1296525))

table 7 : explain SELECT SUM(k) FROM sbtest7 WHERE id BETWEEN 5121400 AND 5121499
	Aggregate  (cost=345.34..345.35 rows=1 width=8)
	  ->  Index Scan using sbtest7_pkey on sbtest7  (cost=0.43..345.11 rows=90 width=4)
	        Index Cond: ((id >= 5121400) AND (id <= 5121499))

table 8 : explain SELECT SUM(k) FROM sbtest8 WHERE id BETWEEN 2173097 AND 2173196
	Aggregate  (cost=412.32..412.33 rows=1 width=8)
	  ->  Index Scan using sbtest8_pkey on sbtest8  (cost=0.43..412.05 rows=108 width=4)
	        Index Cond: ((id >= 2173097) AND (id <= 2173196))

for index_updates
table 1 : explain UPDATE sbtest1 SET k=k+1 WHERE id=3159142
	Update on sbtest1  (cost=0.43..8.46 rows=1 width=196)
	  ->  Index Scan using sbtest1_pkey on sbtest1  (cost=0.43..8.46 rows=1 width=196)
	        Index Cond: (id = 3159142)

table 2 : explain UPDATE sbtest2 SET k=k+1 WHERE id=5097935
	Update on sbtest2  (cost=0.43..8.46 rows=1 width=196)
	  ->  Index Scan using sbtest2_pkey on sbtest2  (cost=0.43..8.46 rows=1 width=196)
	        Index Cond: (id = 5097935)

table 3 : explain UPDATE sbtest3 SET k=k+1 WHERE id=5425081
	Update on sbtest3  (cost=0.43..8.46 rows=1 width=196)
	  ->  Index Scan using sbtest3_pkey on sbtest3  (cost=0.43..8.46 rows=1 width=196)
	        Index Cond: (id = 5425081)

table 4 : explain UPDATE sbtest4 SET k=k+1 WHERE id=4124769
	Update on sbtest4  (cost=0.43..8.46 rows=1 width=196)
	  ->  Index Scan using sbtest4_pkey on sbtest4  (cost=0.43..8.46 rows=1 width=196)
	        Index Cond: (id = 4124769)

table 5 : explain UPDATE sbtest5 SET k=k+1 WHERE id=740149
	Update on sbtest5  (cost=0.43..8.46 rows=1 width=196)
	  ->  Index Scan using sbtest5_pkey on sbtest5  (cost=0.43..8.46 rows=1 width=196)
	        Index Cond: (id = 740149)

table 6 : explain UPDATE sbtest6 SET k=k+1 WHERE id=1325364
	Update on sbtest6  (cost=0.43..8.46 rows=1 width=196)
	  ->  Index Scan using sbtest6_pkey on sbtest6  (cost=0.43..8.46 rows=1 width=196)
	        Index Cond: (id = 1325364)

table 7 : explain UPDATE sbtest7 SET k=k+1 WHERE id=6546871
	Update on sbtest7  (cost=0.43..8.46 rows=1 width=196)
	  ->  Index Scan using sbtest7_pkey on sbtest7  (cost=0.43..8.46 rows=1 width=196)
	        Index Cond: (id = 6546871)

table 8 : explain UPDATE sbtest8 SET k=k+1 WHERE id=7375181
	Update on sbtest8  (cost=0.43..8.46 rows=1 width=196)
	  ->  Index Scan using sbtest8_pkey on sbtest8  (cost=0.43..8.46 rows=1 width=196)
	        Index Cond: (id = 7375181)

for inserts
table 1 : explain INSERT INTO sbtest1 (id, k, c, pad) VALUES (8423895, 13, 'foobar', 'foobar')
	Insert on sbtest1  (cost=0.00..0.01 rows=1 width=736)
	  ->  Result  (cost=0.00..0.01 rows=1 width=736)

table 2 : explain INSERT INTO sbtest2 (id, k, c, pad) VALUES (2961454, 13, 'foobar', 'foobar')
	Insert on sbtest2  (cost=0.00..0.01 rows=1 width=736)
	  ->  Result  (cost=0.00..0.01 rows=1 width=736)

table 3 : explain INSERT INTO sbtest3 (id, k, c, pad) VALUES (1222790, 13, 'foobar', 'foobar')
	Insert on sbtest3  (cost=0.00..0.01 rows=1 width=736)
	  ->  Result  (cost=0.00..0.01 rows=1 width=736)

table 4 : explain INSERT INTO sbtest4 (id, k, c, pad) VALUES (9341714, 13, 'foobar', 'foobar')
	Insert on sbtest4  (cost=0.00..0.01 rows=1 width=736)
	  ->  Result  (cost=0.00..0.01 rows=1 width=736)

table 5 : explain INSERT INTO sbtest5 (id, k, c, pad) VALUES (3981553, 13, 'foobar', 'foobar')
	Insert on sbtest5  (cost=0.00..0.01 rows=1 width=736)
	  ->  Result  (cost=0.00..0.01 rows=1 width=736)

table 6 : explain INSERT INTO sbtest6 (id, k, c, pad) VALUES (9063035, 13, 'foobar', 'foobar')
	Insert on sbtest6  (cost=0.00..0.01 rows=1 width=736)
	  ->  Result  (cost=0.00..0.01 rows=1 width=736)

table 7 : explain INSERT INTO sbtest7 (id, k, c, pad) VALUES (6955572, 13, 'foobar', 'foobar')
	Insert on sbtest7  (cost=0.00..0.01 rows=1 width=736)
	  ->  Result  (cost=0.00..0.01 rows=1 width=736)

table 8 : explain INSERT INTO sbtest8 (id, k, c, pad) VALUES (3054503, 13, 'foobar', 'foobar')
	Insert on sbtest8  (cost=0.00..0.01 rows=1 width=736)
	  ->  Result  (cost=0.00..0.01 rows=1 width=736)

for inserts
table 1 : explain INSERT INTO sbtest1 (id, k, c, pad) VALUES (1147910, 13, 'foobar', 'foobar')
	Insert on sbtest1  (cost=0.00..0.01 rows=1 width=736)
	  ->  Result  (cost=0.00..0.01 rows=1 width=736)

table 2 : explain INSERT INTO sbtest2 (id, k, c, pad) VALUES (4464391, 13, 'foobar', 'foobar')
	Insert on sbtest2  (cost=0.00..0.01 rows=1 width=736)
	  ->  Result  (cost=0.00..0.01 rows=1 width=736)

table 3 : explain INSERT INTO sbtest3 (id, k, c, pad) VALUES (8727156, 13, 'foobar', 'foobar')
	Insert on sbtest3  (cost=0.00..0.01 rows=1 width=736)
	  ->  Result  (cost=0.00..0.01 rows=1 width=736)

table 4 : explain INSERT INTO sbtest4 (id, k, c, pad) VALUES (4799186, 13, 'foobar', 'foobar')
	Insert on sbtest4  (cost=0.00..0.01 rows=1 width=736)
	  ->  Result  (cost=0.00..0.01 rows=1 width=736)

table 5 : explain INSERT INTO sbtest5 (id, k, c, pad) VALUES (4541533, 13, 'foobar', 'foobar')
	Insert on sbtest5  (cost=0.00..0.01 rows=1 width=736)
	  ->  Result  (cost=0.00..0.01 rows=1 width=736)

table 6 : explain INSERT INTO sbtest6 (id, k, c, pad) VALUES (1595238, 13, 'foobar', 'foobar')
	Insert on sbtest6  (cost=0.00..0.01 rows=1 width=736)
	  ->  Result  (cost=0.00..0.01 rows=1 width=736)

table 7 : explain INSERT INTO sbtest7 (id, k, c, pad) VALUES (7377108, 13, 'foobar', 'foobar')
	Insert on sbtest7  (cost=0.00..0.01 rows=1 width=736)
	  ->  Result  (cost=0.00..0.01 rows=1 width=736)

table 8 : explain INSERT INTO sbtest8 (id, k, c, pad) VALUES (2470895, 13, 'foobar', 'foobar')
	Insert on sbtest8  (cost=0.00..0.01 rows=1 width=736)
	  ->  Result  (cost=0.00..0.01 rows=1 width=736)

for deletes
table 1 : explain DELETE FROM sbtest1 WHERE id=3651810
	Delete on sbtest1  (cost=0.43..8.45 rows=1 width=6)
	  ->  Index Scan using sbtest1_pkey on sbtest1  (cost=0.43..8.45 rows=1 width=6)
	        Index Cond: (id = 3651810)

table 2 : explain DELETE FROM sbtest2 WHERE id=1144847
	Delete on sbtest2  (cost=0.43..8.45 rows=1 width=6)
	  ->  Index Scan using sbtest2_pkey on sbtest2  (cost=0.43..8.45 rows=1 width=6)
	        Index Cond: (id = 1144847)

table 3 : explain DELETE FROM sbtest3 WHERE id=9331561
	Delete on sbtest3  (cost=0.43..8.45 rows=1 width=6)
	  ->  Index Scan using sbtest3_pkey on sbtest3  (cost=0.43..8.45 rows=1 width=6)
	        Index Cond: (id = 9331561)

table 4 : explain DELETE FROM sbtest4 WHERE id=2089971
	Delete on sbtest4  (cost=0.43..8.45 rows=1 width=6)
	  ->  Index Scan using sbtest4_pkey on sbtest4  (cost=0.43..8.45 rows=1 width=6)
	        Index Cond: (id = 2089971)

table 5 : explain DELETE FROM sbtest5 WHERE id=6769631
	Delete on sbtest5  (cost=0.43..8.45 rows=1 width=6)
	  ->  Index Scan using sbtest5_pkey on sbtest5  (cost=0.43..8.45 rows=1 width=6)
	        Index Cond: (id = 6769631)

table 6 : explain DELETE FROM sbtest6 WHERE id=74573
	Delete on sbtest6  (cost=0.43..8.45 rows=1 width=6)
	  ->  Index Scan using sbtest6_pkey on sbtest6  (cost=0.43..8.45 rows=1 width=6)
	        Index Cond: (id = 74573)

table 7 : explain DELETE FROM sbtest7 WHERE id=504633
	Delete on sbtest7  (cost=0.43..8.45 rows=1 width=6)
	  ->  Index Scan using sbtest7_pkey on sbtest7  (cost=0.43..8.45 rows=1 width=6)
	        Index Cond: (id = 504633)

table 8 : explain DELETE FROM sbtest8 WHERE id=9848909
	Delete on sbtest8  (cost=0.43..8.45 rows=1 width=6)
	  ->  Index Scan using sbtest8_pkey on sbtest8  (cost=0.43..8.45 rows=1 width=6)
	        Index Cond: (id = 9848909)

for index_updates
table 1 : explain UPDATE sbtest1 SET k=k+1 WHERE id=324457
	Update on sbtest1  (cost=0.43..8.46 rows=1 width=196)
	  ->  Index Scan using sbtest1_pkey on sbtest1  (cost=0.43..8.46 rows=1 width=196)
	        Index Cond: (id = 324457)

table 2 : explain UPDATE sbtest2 SET k=k+1 WHERE id=8201136
	Update on sbtest2  (cost=0.43..8.46 rows=1 width=196)
	  ->  Index Scan using sbtest2_pkey on sbtest2  (cost=0.43..8.46 rows=1 width=196)
	        Index Cond: (id = 8201136)

table 3 : explain UPDATE sbtest3 SET k=k+1 WHERE id=9668692
	Update on sbtest3  (cost=0.43..8.46 rows=1 width=196)
	  ->  Index Scan using sbtest3_pkey on sbtest3  (cost=0.43..8.46 rows=1 width=196)
	        Index Cond: (id = 9668692)

table 4 : explain UPDATE sbtest4 SET k=k+1 WHERE id=7721098
	Update on sbtest4  (cost=0.43..8.46 rows=1 width=196)
	  ->  Index Scan using sbtest4_pkey on sbtest4  (cost=0.43..8.46 rows=1 width=196)
	        Index Cond: (id = 7721098)

table 5 : explain UPDATE sbtest5 SET k=k+1 WHERE id=191710
	Update on sbtest5  (cost=0.43..8.46 rows=1 width=196)
	  ->  Index Scan using sbtest5_pkey on sbtest5  (cost=0.43..8.46 rows=1 width=196)
	        Index Cond: (id = 191710)

table 6 : explain UPDATE sbtest6 SET k=k+1 WHERE id=5274955
	Update on sbtest6  (cost=0.43..8.46 rows=1 width=196)
	  ->  Index Scan using sbtest6_pkey on sbtest6  (cost=0.43..8.46 rows=1 width=196)
	        Index Cond: (id = 5274955)

table 7 : explain UPDATE sbtest7 SET k=k+1 WHERE id=197328
	Update on sbtest7  (cost=0.43..8.46 rows=1 width=196)
	  ->  Index Scan using sbtest7_pkey on sbtest7  (cost=0.43..8.46 rows=1 width=196)
	        Index Cond: (id = 197328)

table 8 : explain UPDATE sbtest8 SET k=k+1 WHERE id=6136988
	Update on sbtest8  (cost=0.43..8.46 rows=1 width=196)
	  ->  Index Scan using sbtest8_pkey on sbtest8  (cost=0.43..8.46 rows=1 width=196)
	        Index Cond: (id = 6136988)

for: distinct_ranges
table 1 : explain SELECT DISTINCT c FROM sbtest1 WHERE id BETWEEN 278773 AND 278872 ORDER BY c
	Unique  (cost=368.00..368.48 rows=95 width=121)
	  ->  Sort  (cost=368.00..368.24 rows=95 width=121)
	        Sort Key: c
	        ->  Index Scan using sbtest1_pkey on sbtest1  (cost=0.43..364.88 rows=95 width=121)
	              Index Cond: ((id >= 278773) AND (id <= 278872))

table 2 : explain SELECT DISTINCT c FROM sbtest2 WHERE id BETWEEN 324873 AND 324972 ORDER BY c
	Unique  (cost=384.49..384.99 rows=99 width=121)
	  ->  Sort  (cost=384.49..384.74 rows=99 width=121)
	        Sort Key: c
	        ->  Index Scan using sbtest2_pkey on sbtest2  (cost=0.43..381.21 rows=99 width=121)
	              Index Cond: ((id >= 324873) AND (id <= 324972))

table 3 : explain SELECT DISTINCT c FROM sbtest3 WHERE id BETWEEN 879766 AND 879865 ORDER BY c
	Unique  (cost=432.73..433.28 rows=111 width=121)
	  ->  Sort  (cost=432.73..433.00 rows=111 width=121)
	        Sort Key: c
	        ->  Index Scan using sbtest3_pkey on sbtest3  (cost=0.43..428.95 rows=111 width=121)
	              Index Cond: ((id >= 879766) AND (id <= 879865))

table 4 : explain SELECT DISTINCT c FROM sbtest4 WHERE id BETWEEN 2321422 AND 2321521 ORDER BY c
	Unique  (cost=371.65..372.13 rows=96 width=121)
	  ->  Sort  (cost=371.65..371.89 rows=96 width=121)
	        Sort Key: c
	        ->  Index Scan using sbtest4_pkey on sbtest4  (cost=0.43..368.49 rows=96 width=121)
	              Index Cond: ((id >= 2321422) AND (id <= 2321521))

table 5 : explain SELECT DISTINCT c FROM sbtest5 WHERE id BETWEEN 4420173 AND 4420272 ORDER BY c
	Unique  (cost=410.99..411.52 rows=106 width=121)
	  ->  Sort  (cost=410.99..411.25 rows=106 width=121)
	        Sort Key: c
	        ->  Index Scan using sbtest5_pkey on sbtest5  (cost=0.43..407.42 rows=106 width=121)
	              Index Cond: ((id >= 4420173) AND (id <= 4420272))

table 6 : explain SELECT DISTINCT c FROM sbtest6 WHERE id BETWEEN 8913015 AND 8913114 ORDER BY c
	Unique  (cost=383.93..384.42 rows=99 width=121)
	  ->  Sort  (cost=383.93..384.18 rows=99 width=121)
	        Sort Key: c
	        ->  Index Scan using sbtest6_pkey on sbtest6  (cost=0.43..380.65 rows=99 width=121)
	              Index Cond: ((id >= 8913015) AND (id <= 8913114))

table 7 : explain SELECT DISTINCT c FROM sbtest7 WHERE id BETWEEN 6359783 AND 6359882 ORDER BY c
	Unique  (cost=386.24..386.74 rows=100 width=121)
	  ->  Sort  (cost=386.24..386.49 rows=100 width=121)
	        Sort Key: c
	        ->  Index Scan using sbtest7_pkey on sbtest7  (cost=0.43..382.92 rows=100 width=121)
	              Index Cond: ((id >= 6359783) AND (id <= 6359882))

table 8 : explain SELECT DISTINCT c FROM sbtest8 WHERE id BETWEEN 5949010 AND 5949109 ORDER BY c
	Unique  (cost=373.78..374.26 rows=97 width=121)
	  ->  Sort  (cost=373.78..374.02 rows=97 width=121)
	        Sort Key: c
	        ->  Index Scan using sbtest8_pkey on sbtest8  (cost=0.43..370.57 rows=97 width=121)
	              Index Cond: ((id >= 5949010) AND (id <= 5949109))

for: distinct_ranges
table 1 : explain SELECT DISTINCT c FROM sbtest1 WHERE id BETWEEN 1744549 AND 1744648 ORDER BY c
	Unique  (cost=379.49..379.98 rows=98 width=121)
	  ->  Sort  (cost=379.49..379.74 rows=98 width=121)
	        Sort Key: c
	        ->  Index Scan using sbtest1_pkey on sbtest1  (cost=0.43..376.25 rows=98 width=121)
	              Index Cond: ((id >= 1744549) AND (id <= 1744648))

table 2 : explain SELECT DISTINCT c FROM sbtest2 WHERE id BETWEEN 8862700 AND 8862799 ORDER BY c
	Unique  (cost=392.18..392.68 rows=101 width=121)
	  ->  Sort  (cost=392.18..392.43 rows=101 width=121)
	        Sort Key: c
	        ->  Index Scan using sbtest2_pkey on sbtest2  (cost=0.43..388.82 rows=101 width=121)
	              Index Cond: ((id >= 8862700) AND (id <= 8862799))

table 3 : explain SELECT DISTINCT c FROM sbtest3 WHERE id BETWEEN 8011960 AND 8012059 ORDER BY c
	Unique  (cost=374.80..375.28 rows=96 width=121)
	  ->  Sort  (cost=374.80..375.04 rows=96 width=121)
	        Sort Key: c
	        ->  Index Scan using sbtest3_pkey on sbtest3  (cost=0.43..371.63 rows=96 width=121)
	              Index Cond: ((id >= 8011960) AND (id <= 8012059))

table 4 : explain SELECT DISTINCT c FROM sbtest4 WHERE id BETWEEN 2324039 AND 2324138 ORDER BY c
	Unique  (cost=371.65..372.13 rows=96 width=121)
	  ->  Sort  (cost=371.65..371.89 rows=96 width=121)
	        Sort Key: c
	        ->  Index Scan using sbtest4_pkey on sbtest4  (cost=0.43..368.49 rows=96 width=121)
	              Index Cond: ((id >= 2324039) AND (id <= 2324138))

table 5 : explain SELECT DISTINCT c FROM sbtest5 WHERE id BETWEEN 6422469 AND 6422568 ORDER BY c
	Unique  (cost=399.47..399.99 rows=103 width=121)
	  ->  Sort  (cost=399.47..399.73 rows=103 width=121)
	        Sort Key: c
	        ->  Index Scan using sbtest5_pkey on sbtest5  (cost=0.43..396.03 rows=103 width=121)
	              Index Cond: ((id >= 6422469) AND (id <= 6422568))

table 6 : explain SELECT DISTINCT c FROM sbtest6 WHERE id BETWEEN 4880899 AND 4880998 ORDER BY c
	Unique  (cost=383.93..384.42 rows=99 width=121)
	  ->  Sort  (cost=383.93..384.18 rows=99 width=121)
	        Sort Key: c
	        ->  Index Scan using sbtest6_pkey on sbtest6  (cost=0.43..380.65 rows=99 width=121)
	              Index Cond: ((id >= 4880899) AND (id <= 4880998))

table 7 : explain SELECT DISTINCT c FROM sbtest7 WHERE id BETWEEN 5749405 AND 5749504 ORDER BY c
	Unique  (cost=390.06..390.57 rows=101 width=121)
	  ->  Sort  (cost=390.06..390.32 rows=101 width=121)
	        Sort Key: c
	        ->  Index Scan using sbtest7_pkey on sbtest7  (cost=0.43..386.70 rows=101 width=121)
	              Index Cond: ((id >= 5749405) AND (id <= 5749504))

table 8 : explain SELECT DISTINCT c FROM sbtest8 WHERE id BETWEEN 3591238 AND 3591337 ORDER BY c
	Unique  (cost=411.88..412.42 rows=107 width=121)
	  ->  Sort  (cost=411.88..412.15 rows=107 width=121)
	        Sort Key: c
	        ->  Index Scan using sbtest8_pkey on sbtest8  (cost=0.43..408.28 rows=107 width=121)
	              Index Cond: ((id >= 3591238) AND (id <= 3591337))

explain: for index_updates :: explain UPDATE sbtest%u SET k=k+1 WHERE id=%u
explain: for non_index_updates :: explain UPDATE sbtest%u SET c='foobar' WHERE id=%u
explain: for index_updates :: explain UPDATE sbtest%u SET k=k+1 WHERE id=%u
explain: for non_index_updates :: explain UPDATE sbtest%u SET c='foobar' WHERE id=%u
for index_updates
table 1 : explain UPDATE sbtest1 SET k=k+1 WHERE id=217438
	Update on sbtest1  (cost=0.43..8.46 rows=1 width=196)
	  ->  Index Scan using sbtest1_pkey on sbtest1  (cost=0.43..8.46 rows=1 width=196)
	        Index Cond: (id = 217438)

table 2 : explain UPDATE sbtest2 SET k=k+1 WHERE id=1192026
	Update on sbtest2  (cost=0.43..8.46 rows=1 width=196)
	  ->  Index Scan using sbtest2_pkey on sbtest2  (cost=0.43..8.46 rows=1 width=196)
	        Index Cond: (id = 1192026)

table 3 : explain UPDATE sbtest3 SET k=k+1 WHERE id=7011497
	Update on sbtest3  (cost=0.43..8.46 rows=1 width=196)
	  ->  Index Scan using sbtest3_pkey on sbtest3  (cost=0.43..8.46 rows=1 width=196)
	        Index Cond: (id = 7011497)

table 4 : explain UPDATE sbtest4 SET k=k+1 WHERE id=4297341
	Update on sbtest4  (cost=0.43..8.46 rows=1 width=196)
	  ->  Index Scan using sbtest4_pkey on sbtest4  (cost=0.43..8.46 rows=1 width=196)
	        Index Cond: (id = 4297341)

table 5 : explain UPDATE sbtest5 SET k=k+1 WHERE id=2981330
	Update on sbtest5  (cost=0.43..8.46 rows=1 width=196)
	  ->  Index Scan using sbtest5_pkey on sbtest5  (cost=0.43..8.46 rows=1 width=196)
	        Index Cond: (id = 2981330)

table 6 : explain UPDATE sbtest6 SET k=k+1 WHERE id=5309747
	Update on sbtest6  (cost=0.43..8.46 rows=1 width=196)
	  ->  Index Scan using sbtest6_pkey on sbtest6  (cost=0.43..8.46 rows=1 width=196)
	        Index Cond: (id = 5309747)

table 7 : explain UPDATE sbtest7 SET k=k+1 WHERE id=4702733
	Update on sbtest7  (cost=0.43..8.46 rows=1 width=196)
	  ->  Index Scan using sbtest7_pkey on sbtest7  (cost=0.43..8.46 rows=1 width=196)
	        Index Cond: (id = 4702733)

table 8 : explain UPDATE sbtest8 SET k=k+1 WHERE id=2353593
	Update on sbtest8  (cost=0.43..8.46 rows=1 width=196)
	  ->  Index Scan using sbtest8_pkey on sbtest8  (cost=0.43..8.46 rows=1 width=196)
	        Index Cond: (id = 2353593)

explain: for inserts :: explain INSERT INTO sbtest%u (id, k, c, pad) VALUES (%u, 13, 'foobar', 'foobar')
for index_updates
table 1 : explain UPDATE sbtest1 SET k=k+1 WHERE id=6245322
	Update on sbtest1  (cost=0.43..8.46 rows=1 width=196)
	  ->  Index Scan using sbtest1_pkey on sbtest1  (cost=0.43..8.46 rows=1 width=196)
	        Index Cond: (id = 6245322)

table 2 : explain UPDATE sbtest2 SET k=k+1 WHERE id=6302133
	Update on sbtest2  (cost=0.43..8.46 rows=1 width=196)
	  ->  Index Scan using sbtest2_pkey on sbtest2  (cost=0.43..8.46 rows=1 width=196)
	        Index Cond: (id = 6302133)

table 3 : explain UPDATE sbtest3 SET k=k+1 WHERE id=9437387
	Update on sbtest3  (cost=0.43..8.46 rows=1 width=196)
	  ->  Index Scan using sbtest3_pkey on sbtest3  (cost=0.43..8.46 rows=1 width=196)
	        Index Cond: (id = 9437387)

table 4 : explain UPDATE sbtest4 SET k=k+1 WHERE id=6093418
	Update on sbtest4  (cost=0.43..8.46 rows=1 width=196)
	  ->  Index Scan using sbtest4_pkey on sbtest4  (cost=0.43..8.46 rows=1 width=196)
	        Index Cond: (id = 6093418)

table 5 : explain UPDATE sbtest5 SET k=k+1 WHERE id=574433
	Update on sbtest5  (cost=0.43..8.46 rows=1 width=196)
	  ->  Index Scan using sbtest5_pkey on sbtest5  (cost=0.43..8.46 rows=1 width=196)
	        Index Cond: (id = 574433)

table 6 : explain UPDATE sbtest6 SET k=k+1 WHERE id=794265
	Update on sbtest6  (cost=0.43..8.46 rows=1 width=196)
	  ->  Index Scan using sbtest6_pkey on sbtest6  (cost=0.43..8.46 rows=1 width=196)
	        Index Cond: (id = 794265)

table 7 : explain UPDATE sbtest7 SET k=k+1 WHERE id=226979
	Update on sbtest7  (cost=0.43..8.46 rows=1 width=196)
	  ->  Index Scan using sbtest7_pkey on sbtest7  (cost=0.43..8.46 rows=1 width=196)
	        Index Cond: (id = 226979)

table 8 : explain UPDATE sbtest8 SET k=k+1 WHERE id=7305909
	Update on sbtest8  (cost=0.43..8.46 rows=1 width=196)
	  ->  Index Scan using sbtest8_pkey on sbtest8  (cost=0.43..8.46 rows=1 width=196)
	        Index Cond: (id = 7305909)

explain: for point_selects :: explain SELECT c FROM sbtest%u WHERE id=%u
for non_index_updates
table 1 : explain UPDATE sbtest1 SET c='foobar' WHERE id=5638122
	Update on sbtest1  (cost=0.43..8.45 rows=1 width=559)
	  ->  Index Scan using sbtest1_pkey on sbtest1  (cost=0.43..8.45 rows=1 width=559)
	        Index Cond: (id = 5638122)

table 2 : explain UPDATE sbtest2 SET c='foobar' WHERE id=1503925
	Update on sbtest2  (cost=0.43..8.45 rows=1 width=559)
	  ->  Index Scan using sbtest2_pkey on sbtest2  (cost=0.43..8.45 rows=1 width=559)
	        Index Cond: (id = 1503925)

table 3 : explain UPDATE sbtest3 SET c='foobar' WHERE id=3044476
	Update on sbtest3  (cost=0.43..8.45 rows=1 width=559)
	  ->  Index Scan using sbtest3_pkey on sbtest3  (cost=0.43..8.45 rows=1 width=559)
	        Index Cond: (id = 3044476)

table 4 : explain UPDATE sbtest4 SET c='foobar' WHERE id=5053974
	Update on sbtest4  (cost=0.43..8.45 rows=1 width=559)
	  ->  Index Scan using sbtest4_pkey on sbtest4  (cost=0.43..8.45 rows=1 width=559)
	        Index Cond: (id = 5053974)

table 5 : explain UPDATE sbtest5 SET c='foobar' WHERE id=5291600
	Update on sbtest5  (cost=0.43..8.45 rows=1 width=559)
	  ->  Index Scan using sbtest5_pkey on sbtest5  (cost=0.43..8.45 rows=1 width=559)
	        Index Cond: (id = 5291600)

table 6 : explain UPDATE sbtest6 SET c='foobar' WHERE id=2612092
	Update on sbtest6  (cost=0.43..8.45 rows=1 width=559)
	  ->  Index Scan using sbtest6_pkey on sbtest6  (cost=0.43..8.45 rows=1 width=559)
	        Index Cond: (id = 2612092)

table 7 : explain UPDATE sbtest7 SET c='foobar' WHERE id=8792787
	Update on sbtest7  (cost=0.43..8.45 rows=1 width=559)
	  ->  Index Scan using sbtest7_pkey on sbtest7  (cost=0.43..8.45 rows=1 width=559)
	        Index Cond: (id = 8792787)

table 8 : explain UPDATE sbtest8 SET c='foobar' WHERE id=8426555
	Update on sbtest8  (cost=0.43..8.45 rows=1 width=559)
	  ->  Index Scan using sbtest8_pkey on sbtest8  (cost=0.43..8.45 rows=1 width=559)
	        Index Cond: (id = 8426555)

explain: for non_index_updates :: explain UPDATE sbtest%u SET c='foobar' WHERE id=%u
for index_updates
table 1 : explain UPDATE sbtest1 SET k=k+1 WHERE id=8951341
	Update on sbtest1  (cost=0.43..8.46 rows=1 width=196)
	  ->  Index Scan using sbtest1_pkey on sbtest1  (cost=0.43..8.46 rows=1 width=196)
	        Index Cond: (id = 8951341)

table 2 : explain UPDATE sbtest2 SET k=k+1 WHERE id=569014
	Update on sbtest2  (cost=0.43..8.46 rows=1 width=196)
	  ->  Index Scan using sbtest2_pkey on sbtest2  (cost=0.43..8.46 rows=1 width=196)
	        Index Cond: (id = 569014)

table 3 : explain UPDATE sbtest3 SET k=k+1 WHERE id=9807721
	Update on sbtest3  (cost=0.43..8.46 rows=1 width=196)
	  ->  Index Scan using sbtest3_pkey on sbtest3  (cost=0.43..8.46 rows=1 width=196)
	        Index Cond: (id = 9807721)

table 4 : explain UPDATE sbtest4 SET k=k+1 WHERE id=967716
	Update on sbtest4  (cost=0.43..8.46 rows=1 width=196)
	  ->  Index Scan using sbtest4_pkey on sbtest4  (cost=0.43..8.46 rows=1 width=196)
	        Index Cond: (id = 967716)

table 5 : explain UPDATE sbtest5 SET k=k+1 WHERE id=779638
	Update on sbtest5  (cost=0.43..8.46 rows=1 width=196)
	  ->  Index Scan using sbtest5_pkey on sbtest5  (cost=0.43..8.46 rows=1 width=196)
	        Index Cond: (id = 779638)

table 6 : explain UPDATE sbtest6 SET k=k+1 WHERE id=1750763
	Update on sbtest6  (cost=0.43..8.46 rows=1 width=196)
	  ->  Index Scan using sbtest6_pkey on sbtest6  (cost=0.43..8.46 rows=1 width=196)
	        Index Cond: (id = 1750763)

table 7 : explain UPDATE sbtest7 SET k=k+1 WHERE id=4574971
	Update on sbtest7  (cost=0.43..8.46 rows=1 width=196)
	  ->  Index Scan using sbtest7_pkey on sbtest7  (cost=0.43..8.46 rows=1 width=196)
	        Index Cond: (id = 4574971)

table 8 : explain UPDATE sbtest8 SET k=k+1 WHERE id=7634847
	Update on sbtest8  (cost=0.43..8.46 rows=1 width=196)
	  ->  Index Scan using sbtest8_pkey on sbtest8  (cost=0.43..8.46 rows=1 width=196)
	        Index Cond: (id = 7634847)

explain: for non_index_updates :: explain UPDATE sbtest%u SET c='foobar' WHERE id=%u
for non_index_updates
table 1 : explain UPDATE sbtest1 SET c='foobar' WHERE id=4467741
	Update on sbtest1  (cost=0.43..8.45 rows=1 width=559)
	  ->  Index Scan using sbtest1_pkey on sbtest1  (cost=0.43..8.45 rows=1 width=559)
	        Index Cond: (id = 4467741)

table 2 : explain UPDATE sbtest2 SET c='foobar' WHERE id=245612
	Update on sbtest2  (cost=0.43..8.45 rows=1 width=559)
	  ->  Index Scan using sbtest2_pkey on sbtest2  (cost=0.43..8.45 rows=1 width=559)
	        Index Cond: (id = 245612)

table 3 : explain UPDATE sbtest3 SET c='foobar' WHERE id=767824
	Update on sbtest3  (cost=0.43..8.45 rows=1 width=559)
	  ->  Index Scan using sbtest3_pkey on sbtest3  (cost=0.43..8.45 rows=1 width=559)
	        Index Cond: (id = 767824)

table 4 : explain UPDATE sbtest4 SET c='foobar' WHERE id=8450965
	Update on sbtest4  (cost=0.43..8.45 rows=1 width=559)
	  ->  Index Scan using sbtest4_pkey on sbtest4  (cost=0.43..8.45 rows=1 width=559)
	        Index Cond: (id = 8450965)

table 5 : explain UPDATE sbtest5 SET c='foobar' WHERE id=6723435
	Update on sbtest5  (cost=0.43..8.45 rows=1 width=559)
	  ->  Index Scan using sbtest5_pkey on sbtest5  (cost=0.43..8.45 rows=1 width=559)
	        Index Cond: (id = 6723435)

table 6 : explain UPDATE sbtest6 SET c='foobar' WHERE id=6795427
	Update on sbtest6  (cost=0.43..8.45 rows=1 width=559)
	  ->  Index Scan using sbtest6_pkey on sbtest6  (cost=0.43..8.45 rows=1 width=559)
	        Index Cond: (id = 6795427)

table 7 : explain UPDATE sbtest7 SET c='foobar' WHERE id=9521226
	Update on sbtest7  (cost=0.43..8.45 rows=1 width=559)
	  ->  Index Scan using sbtest7_pkey on sbtest7  (cost=0.43..8.45 rows=1 width=559)
	        Index Cond: (id = 9521226)

table 8 : explain UPDATE sbtest8 SET c='foobar' WHERE id=4491201
	Update on sbtest8  (cost=0.43..8.45 rows=1 width=559)
	  ->  Index Scan using sbtest8_pkey on sbtest8  (cost=0.43..8.45 rows=1 width=559)
	        Index Cond: (id = 4491201)

for inserts
table 1 : explain INSERT INTO sbtest1 (id, k, c, pad) VALUES (2076570, 13, 'foobar', 'foobar')
	Insert on sbtest1  (cost=0.00..0.01 rows=1 width=736)
	  ->  Result  (cost=0.00..0.01 rows=1 width=736)

table 2 : explain INSERT INTO sbtest2 (id, k, c, pad) VALUES (773294, 13, 'foobar', 'foobar')
	Insert on sbtest2  (cost=0.00..0.01 rows=1 width=736)
	  ->  Result  (cost=0.00..0.01 rows=1 width=736)

table 3 : explain INSERT INTO sbtest3 (id, k, c, pad) VALUES (2302783, 13, 'foobar', 'foobar')
	Insert on sbtest3  (cost=0.00..0.01 rows=1 width=736)
	  ->  Result  (cost=0.00..0.01 rows=1 width=736)

table 4 : explain INSERT INTO sbtest4 (id, k, c, pad) VALUES (6775271, 13, 'foobar', 'foobar')
	Insert on sbtest4  (cost=0.00..0.01 rows=1 width=736)
	  ->  Result  (cost=0.00..0.01 rows=1 width=736)

table 5 : explain INSERT INTO sbtest5 (id, k, c, pad) VALUES (6906901, 13, 'foobar', 'foobar')
	Insert on sbtest5  (cost=0.00..0.01 rows=1 width=736)
	  ->  Result  (cost=0.00..0.01 rows=1 width=736)

table 6 : explain INSERT INTO sbtest6 (id, k, c, pad) VALUES (562768, 13, 'foobar', 'foobar')
	Insert on sbtest6  (cost=0.00..0.01 rows=1 width=736)
	  ->  Result  (cost=0.00..0.01 rows=1 width=736)

table 7 : explain INSERT INTO sbtest7 (id, k, c, pad) VALUES (2769237, 13, 'foobar', 'foobar')
	Insert on sbtest7  (cost=0.00..0.01 rows=1 width=736)
	  ->  Result  (cost=0.00..0.01 rows=1 width=736)

table 8 : explain INSERT INTO sbtest8 (id, k, c, pad) VALUES (5348809, 13, 'foobar', 'foobar')
	Insert on sbtest8  (cost=0.00..0.01 rows=1 width=736)
	  ->  Result  (cost=0.00..0.01 rows=1 width=736)

for: distinct_ranges
table 1 : explain SELECT DISTINCT c FROM sbtest1 WHERE id BETWEEN 9041037 AND 9041136 ORDER BY c
	Unique  (cost=406.30..406.83 rows=105 width=121)
	  ->  Sort  (cost=406.30..406.57 rows=105 width=121)
	        Sort Key: c
	        ->  Index Scan using sbtest1_pkey on sbtest1  (cost=0.43..402.78 rows=105 width=121)
	              Index Cond: ((id >= 9041037) AND (id <= 9041136))

table 2 : explain SELECT DISTINCT c FROM sbtest2 WHERE id BETWEEN 5547760 AND 5547859 ORDER BY c
	Unique  (cost=407.55..408.07 rows=105 width=121)
	  ->  Sort  (cost=407.55..407.81 rows=105 width=121)
	        Sort Key: c
	        ->  Index Scan using sbtest2_pkey on sbtest2  (cost=0.43..404.03 rows=105 width=121)
	              Index Cond: ((id >= 5547760) AND (id <= 5547859))

table 3 : explain SELECT DISTINCT c FROM sbtest3 WHERE id BETWEEN 952587 AND 952686 ORDER BY c
	Unique  (cost=394.10..394.61 rows=101 width=121)
	  ->  Sort  (cost=394.10..394.36 rows=101 width=121)
	        Sort Key: c
	        ->  Index Scan using sbtest3_pkey on sbtest3  (cost=0.43..390.74 rows=101 width=121)
	              Index Cond: ((id >= 952587) AND (id <= 952686))

table 4 : explain SELECT DISTINCT c FROM sbtest4 WHERE id BETWEEN 6128177 AND 6128276 ORDER BY c
	Unique  (cost=367.83..368.30 rows=95 width=121)
	  ->  Sort  (cost=367.83..368.06 rows=95 width=121)
	        Sort Key: c
	        ->  Index Scan using sbtest4_pkey on sbtest4  (cost=0.43..364.70 rows=95 width=121)
	              Index Cond: ((id >= 6128177) AND (id <= 6128276))

table 5 : explain SELECT DISTINCT c FROM sbtest5 WHERE id BETWEEN 5989583 AND 5989682 ORDER BY c
	Unique  (cost=445.54..446.12 rows=115 width=121)
	  ->  Sort  (cost=445.54..445.83 rows=115 width=121)
	        Sort Key: c
	        ->  Index Scan using sbtest5_pkey on sbtest5  (cost=0.43..441.60 rows=115 width=121)
	              Index Cond: ((id >= 5989583) AND (id <= 5989682))

table 6 : explain SELECT DISTINCT c FROM sbtest6 WHERE id BETWEEN 7463226 AND 7463325 ORDER BY c
	Unique  (cost=403.11..403.63 rows=104 width=121)
	  ->  Sort  (cost=403.11..403.37 rows=104 width=121)
	        Sort Key: c
	        ->  Index Scan using sbtest6_pkey on sbtest6  (cost=0.43..399.63 rows=104 width=121)
	              Index Cond: ((id >= 7463226) AND (id <= 7463325))

table 7 : explain SELECT DISTINCT c FROM sbtest7 WHERE id BETWEEN 4390913 AND 4391012 ORDER BY c
	Unique  (cost=428.28..428.83 rows=111 width=121)
	  ->  Sort  (cost=428.28..428.56 rows=111 width=121)
	        Sort Key: c
	        ->  Index Scan using sbtest7_pkey on sbtest7  (cost=0.43..424.51 rows=111 width=121)
	              Index Cond: ((id >= 4390913) AND (id <= 4391012))

table 8 : explain SELECT DISTINCT c FROM sbtest8 WHERE id BETWEEN 7655965 AND 7656064 ORDER BY c
	Unique  (cost=354.72..355.18 rows=92 width=121)
	  ->  Sort  (cost=354.72..354.95 rows=92 width=121)
	        Sort Key: c
	        ->  Index Scan using sbtest8_pkey on sbtest8  (cost=0.43..351.72 rows=92 width=121)
	              Index Cond: ((id >= 7655965) AND (id <= 7656064))

explain: for non_index_updates :: explain UPDATE sbtest%u SET c='foobar' WHERE id=%u
explain: for deletes :: explain DELETE FROM sbtest%u WHERE id=%u
for non_index_updates
table 1 : explain UPDATE sbtest1 SET c='foobar' WHERE id=2173152
	Update on sbtest1  (cost=0.43..8.45 rows=1 width=559)
	  ->  Index Scan using sbtest1_pkey on sbtest1  (cost=0.43..8.45 rows=1 width=559)
	        Index Cond: (id = 2173152)

table 2 : explain UPDATE sbtest2 SET c='foobar' WHERE id=376461
	Update on sbtest2  (cost=0.43..8.45 rows=1 width=559)
	  ->  Index Scan using sbtest2_pkey on sbtest2  (cost=0.43..8.45 rows=1 width=559)
	        Index Cond: (id = 376461)

table 3 : explain UPDATE sbtest3 SET c='foobar' WHERE id=5533568
	Update on sbtest3  (cost=0.43..8.45 rows=1 width=559)
	  ->  Index Scan using sbtest3_pkey on sbtest3  (cost=0.43..8.45 rows=1 width=559)
	        Index Cond: (id = 5533568)

table 4 : explain UPDATE sbtest4 SET c='foobar' WHERE id=3558710
	Update on sbtest4  (cost=0.43..8.45 rows=1 width=559)
	  ->  Index Scan using sbtest4_pkey on sbtest4  (cost=0.43..8.45 rows=1 width=559)
	        Index Cond: (id = 3558710)

table 5 : explain UPDATE sbtest5 SET c='foobar' WHERE id=8974958
	Update on sbtest5  (cost=0.43..8.45 rows=1 width=559)
	  ->  Index Scan using sbtest5_pkey on sbtest5  (cost=0.43..8.45 rows=1 width=559)
	        Index Cond: (id = 8974958)

table 6 : explain UPDATE sbtest6 SET c='foobar' WHERE id=4449713
	Update on sbtest6  (cost=0.43..8.45 rows=1 width=559)
	  ->  Index Scan using sbtest6_pkey on sbtest6  (cost=0.43..8.45 rows=1 width=559)
	        Index Cond: (id = 4449713)

table 7 : explain UPDATE sbtest7 SET c='foobar' WHERE id=9662862
	Update on sbtest7  (cost=0.43..8.45 rows=1 width=559)
	  ->  Index Scan using sbtest7_pkey on sbtest7  (cost=0.43..8.45 rows=1 width=559)
	        Index Cond: (id = 9662862)

table 8 : explain UPDATE sbtest8 SET c='foobar' WHERE id=5635541
	Update on sbtest8  (cost=0.43..8.45 rows=1 width=559)
	  ->  Index Scan using sbtest8_pkey on sbtest8  (cost=0.43..8.45 rows=1 width=559)
	        Index Cond: (id = 5635541)

explain: for deletes :: explain DELETE FROM sbtest%u WHERE id=%u
explain: for deletes :: explain DELETE FROM sbtest%u WHERE id=%u
for non_index_updates
table 1 : explain UPDATE sbtest1 SET c='foobar' WHERE id=4895097
	Update on sbtest1  (cost=0.43..8.45 rows=1 width=559)
	  ->  Index Scan using sbtest1_pkey on sbtest1  (cost=0.43..8.45 rows=1 width=559)
	        Index Cond: (id = 4895097)

table 2 : explain UPDATE sbtest2 SET c='foobar' WHERE id=9948632
	Update on sbtest2  (cost=0.43..8.45 rows=1 width=559)
	  ->  Index Scan using sbtest2_pkey on sbtest2  (cost=0.43..8.45 rows=1 width=559)
	        Index Cond: (id = 9948632)

table 3 : explain UPDATE sbtest3 SET c='foobar' WHERE id=720154
	Update on sbtest3  (cost=0.43..8.45 rows=1 width=559)
	  ->  Index Scan using sbtest3_pkey on sbtest3  (cost=0.43..8.45 rows=1 width=559)
	        Index Cond: (id = 720154)

table 4 : explain UPDATE sbtest4 SET c='foobar' WHERE id=3837903
	Update on sbtest4  (cost=0.43..8.45 rows=1 width=559)
	  ->  Index Scan using sbtest4_pkey on sbtest4  (cost=0.43..8.45 rows=1 width=559)
	        Index Cond: (id = 3837903)

table 5 : explain UPDATE sbtest5 SET c='foobar' WHERE id=2589206
	Update on sbtest5  (cost=0.43..8.45 rows=1 width=559)
	  ->  Index Scan using sbtest5_pkey on sbtest5  (cost=0.43..8.45 rows=1 width=559)
	        Index Cond: (id = 2589206)

table 6 : explain UPDATE sbtest6 SET c='foobar' WHERE id=786241
	Update on sbtest6  (cost=0.43..8.45 rows=1 width=559)
	  ->  Index Scan using sbtest6_pkey on sbtest6  (cost=0.43..8.45 rows=1 width=559)
	        Index Cond: (id = 786241)

table 7 : explain UPDATE sbtest7 SET c='foobar' WHERE id=3773862
	Update on sbtest7  (cost=0.43..8.45 rows=1 width=559)
	  ->  Index Scan using sbtest7_pkey on sbtest7  (cost=0.43..8.45 rows=1 width=559)
	        Index Cond: (id = 3773862)

table 8 : explain UPDATE sbtest8 SET c='foobar' WHERE id=1356269
	Update on sbtest8  (cost=0.43..8.45 rows=1 width=559)
	  ->  Index Scan using sbtest8_pkey on sbtest8  (cost=0.43..8.45 rows=1 width=559)
	        Index Cond: (id = 1356269)

explain: for deletes :: explain DELETE FROM sbtest%u WHERE id=%u
for deletes
table 1 : explain DELETE FROM sbtest1 WHERE id=1751797
	Delete on sbtest1  (cost=0.43..8.45 rows=1 width=6)
	  ->  Index Scan using sbtest1_pkey on sbtest1  (cost=0.43..8.45 rows=1 width=6)
	        Index Cond: (id = 1751797)

table 2 : explain DELETE FROM sbtest2 WHERE id=880587
	Delete on sbtest2  (cost=0.43..8.45 rows=1 width=6)
	  ->  Index Scan using sbtest2_pkey on sbtest2  (cost=0.43..8.45 rows=1 width=6)
	        Index Cond: (id = 880587)

table 3 : explain DELETE FROM sbtest3 WHERE id=3354508
	Delete on sbtest3  (cost=0.43..8.45 rows=1 width=6)
	  ->  Index Scan using sbtest3_pkey on sbtest3  (cost=0.43..8.45 rows=1 width=6)
	        Index Cond: (id = 3354508)

table 4 : explain DELETE FROM sbtest4 WHERE id=5480023
	Delete on sbtest4  (cost=0.43..8.45 rows=1 width=6)
	  ->  Index Scan using sbtest4_pkey on sbtest4  (cost=0.43..8.45 rows=1 width=6)
	        Index Cond: (id = 5480023)

table 5 : explain DELETE FROM sbtest5 WHERE id=8946173
	Delete on sbtest5  (cost=0.43..8.45 rows=1 width=6)
	  ->  Index Scan using sbtest5_pkey on sbtest5  (cost=0.43..8.45 rows=1 width=6)
	        Index Cond: (id = 8946173)

table 6 : explain DELETE FROM sbtest6 WHERE id=1231174
	Delete on sbtest6  (cost=0.43..8.45 rows=1 width=6)
	  ->  Index Scan using sbtest6_pkey on sbtest6  (cost=0.43..8.45 rows=1 width=6)
	        Index Cond: (id = 1231174)

table 7 : explain DELETE FROM sbtest7 WHERE id=1741589
	Delete on sbtest7  (cost=0.43..8.45 rows=1 width=6)
	  ->  Index Scan using sbtest7_pkey on sbtest7  (cost=0.43..8.45 rows=1 width=6)
	        Index Cond: (id = 1741589)

table 8 : explain DELETE FROM sbtest8 WHERE id=8017645
	Delete on sbtest8  (cost=0.43..8.45 rows=1 width=6)
	  ->  Index Scan using sbtest8_pkey on sbtest8  (cost=0.43..8.45 rows=1 width=6)
	        Index Cond: (id = 8017645)

for deletes
table 1 : explain DELETE FROM sbtest1 WHERE id=1984366
	Delete on sbtest1  (cost=0.43..8.45 rows=1 width=6)
	  ->  Index Scan using sbtest1_pkey on sbtest1  (cost=0.43..8.45 rows=1 width=6)
	        Index Cond: (id = 1984366)

table 2 : explain DELETE FROM sbtest2 WHERE id=3195273
	Delete on sbtest2  (cost=0.43..8.45 rows=1 width=6)
	  ->  Index Scan using sbtest2_pkey on sbtest2  (cost=0.43..8.45 rows=1 width=6)
	        Index Cond: (id = 3195273)

table 3 : explain DELETE FROM sbtest3 WHERE id=3884112
	Delete on sbtest3  (cost=0.43..8.45 rows=1 width=6)
	  ->  Index Scan using sbtest3_pkey on sbtest3  (cost=0.43..8.45 rows=1 width=6)
	        Index Cond: (id = 3884112)

table 4 : explain DELETE FROM sbtest4 WHERE id=377994
	Delete on sbtest4  (cost=0.43..8.45 rows=1 width=6)
	  ->  Index Scan using sbtest4_pkey on sbtest4  (cost=0.43..8.45 rows=1 width=6)
	        Index Cond: (id = 377994)

table 5 : explain DELETE FROM sbtest5 WHERE id=4621138
	Delete on sbtest5  (cost=0.43..8.45 rows=1 width=6)
	  ->  Index Scan using sbtest5_pkey on sbtest5  (cost=0.43..8.45 rows=1 width=6)
	        Index Cond: (id = 4621138)

table 6 : explain DELETE FROM sbtest6 WHERE id=744883
	Delete on sbtest6  (cost=0.43..8.45 rows=1 width=6)
	  ->  Index Scan using sbtest6_pkey on sbtest6  (cost=0.43..8.45 rows=1 width=6)
	        Index Cond: (id = 744883)

table 7 : explain DELETE FROM sbtest7 WHERE id=3993487
	Delete on sbtest7  (cost=0.43..8.45 rows=1 width=6)
	  ->  Index Scan using sbtest7_pkey on sbtest7  (cost=0.43..8.45 rows=1 width=6)
	        Index Cond: (id = 3993487)

table 8 : explain DELETE FROM sbtest8 WHERE id=8989388
	Delete on sbtest8  (cost=0.43..8.45 rows=1 width=6)
	  ->  Index Scan using sbtest8_pkey on sbtest8  (cost=0.43..8.45 rows=1 width=6)
	        Index Cond: (id = 8989388)

for point_selects
table 1 : explain SELECT c FROM sbtest1 WHERE id=3801219
	Index Scan using sbtest1_pkey on sbtest1  (cost=0.43..8.45 rows=1 width=121)
	  Index Cond: (id = 3801219)

table 2 : explain SELECT c FROM sbtest2 WHERE id=7707527
	Index Scan using sbtest2_pkey on sbtest2  (cost=0.43..8.45 rows=1 width=121)
	  Index Cond: (id = 7707527)

table 3 : explain SELECT c FROM sbtest3 WHERE id=9961774
	Index Scan using sbtest3_pkey on sbtest3  (cost=0.43..8.45 rows=1 width=121)
	  Index Cond: (id = 9961774)

table 4 : explain SELECT c FROM sbtest4 WHERE id=4194345
	Index Scan using sbtest4_pkey on sbtest4  (cost=0.43..8.45 rows=1 width=121)
	  Index Cond: (id = 4194345)

table 5 : explain SELECT c FROM sbtest5 WHERE id=7101616
	Index Scan using sbtest5_pkey on sbtest5  (cost=0.43..8.45 rows=1 width=121)
	  Index Cond: (id = 7101616)

table 6 : explain SELECT c FROM sbtest6 WHERE id=3468958
	Index Scan using sbtest6_pkey on sbtest6  (cost=0.43..8.45 rows=1 width=121)
	  Index Cond: (id = 3468958)

table 7 : explain SELECT c FROM sbtest7 WHERE id=5666396
	Index Scan using sbtest7_pkey on sbtest7  (cost=0.43..8.45 rows=1 width=121)
	  Index Cond: (id = 5666396)

table 8 : explain SELECT c FROM sbtest8 WHERE id=9810904
	Index Scan using sbtest8_pkey on sbtest8  (cost=0.43..8.45 rows=1 width=121)
	  Index Cond: (id = 9810904)

for non_index_updates
table 1 : explain UPDATE sbtest1 SET c='foobar' WHERE id=7631302
	Update on sbtest1  (cost=0.43..8.45 rows=1 width=559)
	  ->  Index Scan using sbtest1_pkey on sbtest1  (cost=0.43..8.45 rows=1 width=559)
	        Index Cond: (id = 7631302)

table 2 : explain UPDATE sbtest2 SET c='foobar' WHERE id=6555137
	Update on sbtest2  (cost=0.43..8.45 rows=1 width=559)
	  ->  Index Scan using sbtest2_pkey on sbtest2  (cost=0.43..8.45 rows=1 width=559)
	        Index Cond: (id = 6555137)

table 3 : explain UPDATE sbtest3 SET c='foobar' WHERE id=950174
	Update on sbtest3  (cost=0.43..8.45 rows=1 width=559)
	  ->  Index Scan using sbtest3_pkey on sbtest3  (cost=0.43..8.45 rows=1 width=559)
	        Index Cond: (id = 950174)

table 4 : explain UPDATE sbtest4 SET c='foobar' WHERE id=5125884
	Update on sbtest4  (cost=0.43..8.45 rows=1 width=559)
	  ->  Index Scan using sbtest4_pkey on sbtest4  (cost=0.43..8.45 rows=1 width=559)
	        Index Cond: (id = 5125884)

table 5 : explain UPDATE sbtest5 SET c='foobar' WHERE id=7781604
	Update on sbtest5  (cost=0.43..8.45 rows=1 width=559)
	  ->  Index Scan using sbtest5_pkey on sbtest5  (cost=0.43..8.45 rows=1 width=559)
	        Index Cond: (id = 7781604)

table 6 : explain UPDATE sbtest6 SET c='foobar' WHERE id=1899424
	Update on sbtest6  (cost=0.43..8.45 rows=1 width=559)
	  ->  Index Scan using sbtest6_pkey on sbtest6  (cost=0.43..8.45 rows=1 width=559)
	        Index Cond: (id = 1899424)

table 7 : explain UPDATE sbtest7 SET c='foobar' WHERE id=7810828
	Update on sbtest7  (cost=0.43..8.45 rows=1 width=559)
	  ->  Index Scan using sbtest7_pkey on sbtest7  (cost=0.43..8.45 rows=1 width=559)
	        Index Cond: (id = 7810828)

table 8 : explain UPDATE sbtest8 SET c='foobar' WHERE id=6292916
	Update on sbtest8  (cost=0.43..8.45 rows=1 width=559)
	  ->  Index Scan using sbtest8_pkey on sbtest8  (cost=0.43..8.45 rows=1 width=559)
	        Index Cond: (id = 6292916)

explain: for point_selects :: explain SELECT c FROM sbtest%u WHERE id=%u
for deletes
table 1 : explain DELETE FROM sbtest1 WHERE id=6226354
	Delete on sbtest1  (cost=0.43..8.45 rows=1 width=6)
	  ->  Index Scan using sbtest1_pkey on sbtest1  (cost=0.43..8.45 rows=1 width=6)
	        Index Cond: (id = 6226354)

table 2 : explain DELETE FROM sbtest2 WHERE id=7540374
	Delete on sbtest2  (cost=0.43..8.45 rows=1 width=6)
	  ->  Index Scan using sbtest2_pkey on sbtest2  (cost=0.43..8.45 rows=1 width=6)
	        Index Cond: (id = 7540374)

table 3 : explain DELETE FROM sbtest3 WHERE id=8136166
	Delete on sbtest3  (cost=0.43..8.45 rows=1 width=6)
	  ->  Index Scan using sbtest3_pkey on sbtest3  (cost=0.43..8.45 rows=1 width=6)
	        Index Cond: (id = 8136166)

table 4 : explain DELETE FROM sbtest4 WHERE id=1286010
	Delete on sbtest4  (cost=0.43..8.45 rows=1 width=6)
	  ->  Index Scan using sbtest4_pkey on sbtest4  (cost=0.43..8.45 rows=1 width=6)
	        Index Cond: (id = 1286010)

table 5 : explain DELETE FROM sbtest5 WHERE id=4404952
	Delete on sbtest5  (cost=0.43..8.45 rows=1 width=6)
	  ->  Index Scan using sbtest5_pkey on sbtest5  (cost=0.43..8.45 rows=1 width=6)
	        Index Cond: (id = 4404952)

table 6 : explain DELETE FROM sbtest6 WHERE id=8271096
	Delete on sbtest6  (cost=0.43..8.45 rows=1 width=6)
	  ->  Index Scan using sbtest6_pkey on sbtest6  (cost=0.43..8.45 rows=1 width=6)
	        Index Cond: (id = 8271096)

table 7 : explain DELETE FROM sbtest7 WHERE id=1322457
	Delete on sbtest7  (cost=0.43..8.45 rows=1 width=6)
	  ->  Index Scan using sbtest7_pkey on sbtest7  (cost=0.43..8.45 rows=1 width=6)
	        Index Cond: (id = 1322457)

table 8 : explain DELETE FROM sbtest8 WHERE id=273553
	Delete on sbtest8  (cost=0.43..8.45 rows=1 width=6)
	  ->  Index Scan using sbtest8_pkey on sbtest8  (cost=0.43..8.45 rows=1 width=6)
	        Index Cond: (id = 273553)

for point_selects
table 1 : explain SELECT c FROM sbtest1 WHERE id=2156809
	Index Scan using sbtest1_pkey on sbtest1  (cost=0.43..8.45 rows=1 width=121)
	  Index Cond: (id = 2156809)

table 2 : explain SELECT c FROM sbtest2 WHERE id=7136061
	Index Scan using sbtest2_pkey on sbtest2  (cost=0.43..8.45 rows=1 width=121)
	  Index Cond: (id = 7136061)

table 3 : explain SELECT c FROM sbtest3 WHERE id=746590
	Index Scan using sbtest3_pkey on sbtest3  (cost=0.43..8.45 rows=1 width=121)
	  Index Cond: (id = 746590)

table 4 : explain SELECT c FROM sbtest4 WHERE id=3343827
	Index Scan using sbtest4_pkey on sbtest4  (cost=0.43..8.45 rows=1 width=121)
	  Index Cond: (id = 3343827)

table 5 : explain SELECT c FROM sbtest5 WHERE id=8045074
	Index Scan using sbtest5_pkey on sbtest5  (cost=0.43..8.45 rows=1 width=121)
	  Index Cond: (id = 8045074)

table 6 : explain SELECT c FROM sbtest6 WHERE id=1299353
	Index Scan using sbtest6_pkey on sbtest6  (cost=0.43..8.45 rows=1 width=121)
	  Index Cond: (id = 1299353)

table 7 : explain SELECT c FROM sbtest7 WHERE id=2790332
	Index Scan using sbtest7_pkey on sbtest7  (cost=0.43..8.45 rows=1 width=121)
	  Index Cond: (id = 2790332)

table 8 : explain SELECT c FROM sbtest8 WHERE id=68851
	Index Scan using sbtest8_pkey on sbtest8  (cost=0.43..8.45 rows=1 width=121)
	  Index Cond: (id = 68851)

for: order_ranges
table 1 : explain SELECT c FROM sbtest1 WHERE id BETWEEN 9558596 AND 9558695 ORDER BY c
	Sort  (cost=368.00..368.24 rows=95 width=121)
	  Sort Key: c
	  ->  Index Scan using sbtest1_pkey on sbtest1  (cost=0.43..364.88 rows=95 width=121)
	        Index Cond: ((id >= 9558596) AND (id <= 9558695))

table 2 : explain SELECT c FROM sbtest2 WHERE id BETWEEN 5287435 AND 5287534 ORDER BY c
	Sort  (cost=403.71..403.97 rows=104 width=121)
	  Sort Key: c
	  ->  Index Scan using sbtest2_pkey on sbtest2  (cost=0.43..400.22 rows=104 width=121)
	        Index Cond: ((id >= 5287435) AND (id <= 5287534))

table 3 : explain SELECT c FROM sbtest3 WHERE id BETWEEN 3411343 AND 3411442 ORDER BY c
	Sort  (cost=363.21..363.44 rows=93 width=121)
	  Sort Key: c
	  ->  Index Scan using sbtest3_pkey on sbtest3  (cost=0.43..360.17 rows=93 width=121)
	        Index Cond: ((id >= 3411343) AND (id <= 3411442))

table 4 : explain SELECT c FROM sbtest4 WHERE id BETWEEN 3227834 AND 3227933 ORDER BY c
	Sort  (cost=386.97..387.22 rows=100 width=121)
	  Sort Key: c
	  ->  Index Scan using sbtest4_pkey on sbtest4  (cost=0.43..383.65 rows=100 width=121)
	        Index Cond: ((id >= 3227834) AND (id <= 3227933))

table 5 : explain SELECT c FROM sbtest5 WHERE id BETWEEN 3442542 AND 3442641 ORDER BY c
	Sort  (cost=399.47..399.73 rows=103 width=121)
	  Sort Key: c
	  ->  Index Scan using sbtest5_pkey on sbtest5  (cost=0.43..396.03 rows=103 width=121)
	        Index Cond: ((id >= 3442542) AND (id <= 3442641))

table 6 : explain SELECT c FROM sbtest6 WHERE id BETWEEN 5101974 AND 5102073 ORDER BY c
	Sort  (cost=387.77..388.02 rows=100 width=121)
	  Sort Key: c
	  ->  Index Scan using sbtest6_pkey on sbtest6  (cost=0.43..384.44 rows=100 width=121)
	        Index Cond: ((id >= 5101974) AND (id <= 5102073))

table 7 : explain SELECT c FROM sbtest7 WHERE id BETWEEN 6975418 AND 6975517 ORDER BY c
	Sort  (cost=355.68..355.91 rows=92 width=121)
	  Sort Key: c
	  ->  Index Scan using sbtest7_pkey on sbtest7  (cost=0.43..352.68 rows=92 width=121)
	        Index Cond: ((id >= 6975418) AND (id <= 6975517))

table 8 : explain SELECT c FROM sbtest8 WHERE id BETWEEN 2008704 AND 2008803 ORDER BY c
	Sort  (cost=385.21..385.46 rows=100 width=121)
	  Sort Key: c
	  ->  Index Scan using sbtest8_pkey on sbtest8  (cost=0.43..381.88 rows=100 width=121)
	        Index Cond: ((id >= 2008704) AND (id <= 2008803))

explain: for inserts :: explain INSERT INTO sbtest%u (id, k, c, pad) VALUES (%u, 13, 'foobar', 'foobar')
for deletes
table 1 : explain DELETE FROM sbtest1 WHERE id=1662042
	Delete on sbtest1  (cost=0.43..8.45 rows=1 width=6)
	  ->  Index Scan using sbtest1_pkey on sbtest1  (cost=0.43..8.45 rows=1 width=6)
	        Index Cond: (id = 1662042)

table 2 : explain DELETE FROM sbtest2 WHERE id=8379223
	Delete on sbtest2  (cost=0.43..8.45 rows=1 width=6)
	  ->  Index Scan using sbtest2_pkey on sbtest2  (cost=0.43..8.45 rows=1 width=6)
	        Index Cond: (id = 8379223)

table 3 : explain DELETE FROM sbtest3 WHERE id=2532573
	Delete on sbtest3  (cost=0.43..8.45 rows=1 width=6)
	  ->  Index Scan using sbtest3_pkey on sbtest3  (cost=0.43..8.45 rows=1 width=6)
	        Index Cond: (id = 2532573)

table 4 : explain DELETE FROM sbtest4 WHERE id=9600680
	Delete on sbtest4  (cost=0.43..8.45 rows=1 width=6)
	  ->  Index Scan using sbtest4_pkey on sbtest4  (cost=0.43..8.45 rows=1 width=6)
	        Index Cond: (id = 9600680)

table 5 : explain DELETE FROM sbtest5 WHERE id=4985891
	Delete on sbtest5  (cost=0.43..8.45 rows=1 width=6)
	  ->  Index Scan using sbtest5_pkey on sbtest5  (cost=0.43..8.45 rows=1 width=6)
	        Index Cond: (id = 4985891)

table 6 : explain DELETE FROM sbtest6 WHERE id=7182707
	Delete on sbtest6  (cost=0.43..8.45 rows=1 width=6)
	  ->  Index Scan using sbtest6_pkey on sbtest6  (cost=0.43..8.45 rows=1 width=6)
	        Index Cond: (id = 7182707)

table 7 : explain DELETE FROM sbtest7 WHERE id=2956949
	Delete on sbtest7  (cost=0.43..8.45 rows=1 width=6)
	  ->  Index Scan using sbtest7_pkey on sbtest7  (cost=0.43..8.45 rows=1 width=6)
	        Index Cond: (id = 2956949)

table 8 : explain DELETE FROM sbtest8 WHERE id=3530461
	Delete on sbtest8  (cost=0.43..8.45 rows=1 width=6)
	  ->  Index Scan using sbtest8_pkey on sbtest8  (cost=0.43..8.45 rows=1 width=6)
	        Index Cond: (id = 3530461)

for inserts
table 1 : explain INSERT INTO sbtest1 (id, k, c, pad) VALUES (374423, 13, 'foobar', 'foobar')
	Insert on sbtest1  (cost=0.00..0.01 rows=1 width=736)
	  ->  Result  (cost=0.00..0.01 rows=1 width=736)

table 2 : explain INSERT INTO sbtest2 (id, k, c, pad) VALUES (1634535, 13, 'foobar', 'foobar')
	Insert on sbtest2  (cost=0.00..0.01 rows=1 width=736)
	  ->  Result  (cost=0.00..0.01 rows=1 width=736)

table 3 : explain INSERT INTO sbtest3 (id, k, c, pad) VALUES (530768, 13, 'foobar', 'foobar')
	Insert on sbtest3  (cost=0.00..0.01 rows=1 width=736)
	  ->  Result  (cost=0.00..0.01 rows=1 width=736)

table 4 : explain INSERT INTO sbtest4 (id, k, c, pad) VALUES (1319416, 13, 'foobar', 'foobar')
	Insert on sbtest4  (cost=0.00..0.01 rows=1 width=736)
	  ->  Result  (cost=0.00..0.01 rows=1 width=736)

table 5 : explain INSERT INTO sbtest5 (id, k, c, pad) VALUES (1731226, 13, 'foobar', 'foobar')
	Insert on sbtest5  (cost=0.00..0.01 rows=1 width=736)
	  ->  Result  (cost=0.00..0.01 rows=1 width=736)

table 6 : explain INSERT INTO sbtest6 (id, k, c, pad) VALUES (600964, 13, 'foobar', 'foobar')
	Insert on sbtest6  (cost=0.00..0.01 rows=1 width=736)
	  ->  Result  (cost=0.00..0.01 rows=1 width=736)

table 7 : explain INSERT INTO sbtest7 (id, k, c, pad) VALUES (852144, 13, 'foobar', 'foobar')
	Insert on sbtest7  (cost=0.00..0.01 rows=1 width=736)
	  ->  Result  (cost=0.00..0.01 rows=1 width=736)

table 8 : explain INSERT INTO sbtest8 (id, k, c, pad) VALUES (2075432, 13, 'foobar', 'foobar')
	Insert on sbtest8  (cost=0.00..0.01 rows=1 width=736)
	  ->  Result  (cost=0.00..0.01 rows=1 width=736)

explain: for inserts :: explain INSERT INTO sbtest%u (id, k, c, pad) VALUES (%u, 13, 'foobar', 'foobar')
explain: for index_updates :: explain UPDATE sbtest%u SET k=k+1 WHERE id=%u
explain: for deletes :: explain DELETE FROM sbtest%u WHERE id=%u
for: simple_ranges
table 1 : explain SELECT c FROM sbtest1 WHERE id BETWEEN 2512447 AND 2512546
	Index Scan using sbtest1_pkey on sbtest1  (cost=0.43..391.41 rows=102 width=121)
	  Index Cond: ((id >= 2512447) AND (id <= 2512546))

table 2 : explain SELECT c FROM sbtest2 WHERE id BETWEEN 7557267 AND 7557366
	Index Scan using sbtest2_pkey on sbtest2  (cost=0.43..404.03 rows=105 width=121)
	  Index Cond: ((id >= 7557267) AND (id <= 7557366))

table 3 : explain SELECT c FROM sbtest3 WHERE id BETWEEN 6842762 AND 6842861
	Index Scan using sbtest3_pkey on sbtest3  (cost=0.43..421.31 rows=109 width=121)
	  Index Cond: ((id >= 6842762) AND (id <= 6842861))

table 4 : explain SELECT c FROM sbtest4 WHERE id BETWEEN 790752 AND 790851
	Index Scan using sbtest4_pkey on sbtest4  (cost=0.43..379.86 rows=99 width=121)
	  Index Cond: ((id >= 790752) AND (id <= 790851))

table 5 : explain SELECT c FROM sbtest5 WHERE id BETWEEN 467605 AND 467704
	Index Scan using sbtest5_pkey on sbtest5  (cost=0.43..376.98 rows=98 width=121)
	  Index Cond: ((id >= 467605) AND (id <= 467704))

table 6 : explain SELECT c FROM sbtest6 WHERE id BETWEEN 4725943 AND 4726042
	Index Scan using sbtest6_pkey on sbtest6  (cost=0.43..373.06 rows=97 width=121)
	  Index Cond: ((id >= 4725943) AND (id <= 4726042))

table 7 : explain SELECT c FROM sbtest7 WHERE id BETWEEN 4133463 AND 4133562
	Index Scan using sbtest7_pkey on sbtest7  (cost=0.43..352.68 rows=92 width=121)
	  Index Cond: ((id >= 4133463) AND (id <= 4133562))

table 8 : explain SELECT c FROM sbtest8 WHERE id BETWEEN 8567502 AND 8567601
	Index Scan using sbtest8_pkey on sbtest8  (cost=0.43..412.05 rows=108 width=121)
	  Index Cond: ((id >= 8567502) AND (id <= 8567601))

explain: for inserts :: explain INSERT INTO sbtest%u (id, k, c, pad) VALUES (%u, 13, 'foobar', 'foobar')
for inserts
table 1 : explain INSERT INTO sbtest1 (id, k, c, pad) VALUES (3746108, 13, 'foobar', 'foobar')
	Insert on sbtest1  (cost=0.00..0.01 rows=1 width=736)
	  ->  Result  (cost=0.00..0.01 rows=1 width=736)

table 2 : explain INSERT INTO sbtest2 (id, k, c, pad) VALUES (5163873, 13, 'foobar', 'foobar')
	Insert on sbtest2  (cost=0.00..0.01 rows=1 width=736)
	  ->  Result  (cost=0.00..0.01 rows=1 width=736)

table 3 : explain INSERT INTO sbtest3 (id, k, c, pad) VALUES (3176615, 13, 'foobar', 'foobar')
	Insert on sbtest3  (cost=0.00..0.01 rows=1 width=736)
	  ->  Result  (cost=0.00..0.01 rows=1 width=736)

table 4 : explain INSERT INTO sbtest4 (id, k, c, pad) VALUES (2949648, 13, 'foobar', 'foobar')
	Insert on sbtest4  (cost=0.00..0.01 rows=1 width=736)
	  ->  Result  (cost=0.00..0.01 rows=1 width=736)

table 5 : explain INSERT INTO sbtest5 (id, k, c, pad) VALUES (2344684, 13, 'foobar', 'foobar')
	Insert on sbtest5  (cost=0.00..0.01 rows=1 width=736)
	  ->  Result  (cost=0.00..0.01 rows=1 width=736)

table 6 : explain INSERT INTO sbtest6 (id, k, c, pad) VALUES (7288360, 13, 'foobar', 'foobar')
	Insert on sbtest6  (cost=0.00..0.01 rows=1 width=736)
	  ->  Result  (cost=0.00..0.01 rows=1 width=736)

table 7 : explain INSERT INTO sbtest7 (id, k, c, pad) VALUES (1757648, 13, 'foobar', 'foobar')
	Insert on sbtest7  (cost=0.00..0.01 rows=1 width=736)
	  ->  Result  (cost=0.00..0.01 rows=1 width=736)

table 8 : explain INSERT INTO sbtest8 (id, k, c, pad) VALUES (3718708, 13, 'foobar', 'foobar')
	Insert on sbtest8  (cost=0.00..0.01 rows=1 width=736)
	  ->  Result  (cost=0.00..0.01 rows=1 width=736)

for deletes
table 1 : explain DELETE FROM sbtest1 WHERE id=3749924
	Delete on sbtest1  (cost=0.43..8.45 rows=1 width=6)
	  ->  Index Scan using sbtest1_pkey on sbtest1  (cost=0.43..8.45 rows=1 width=6)
	        Index Cond: (id = 3749924)

table 2 : explain DELETE FROM sbtest2 WHERE id=6160003
	Delete on sbtest2  (cost=0.43..8.45 rows=1 width=6)
	  ->  Index Scan using sbtest2_pkey on sbtest2  (cost=0.43..8.45 rows=1 width=6)
	        Index Cond: (id = 6160003)

table 3 : explain DELETE FROM sbtest3 WHERE id=2542712
	Delete on sbtest3  (cost=0.43..8.45 rows=1 width=6)
	  ->  Index Scan using sbtest3_pkey on sbtest3  (cost=0.43..8.45 rows=1 width=6)
	        Index Cond: (id = 2542712)

table 4 : explain DELETE FROM sbtest4 WHERE id=9302067
	Delete on sbtest4  (cost=0.43..8.45 rows=1 width=6)
	  ->  Index Scan using sbtest4_pkey on sbtest4  (cost=0.43..8.45 rows=1 width=6)
	        Index Cond: (id = 9302067)

table 5 : explain DELETE FROM sbtest5 WHERE id=7132182
	Delete on sbtest5  (cost=0.43..8.45 rows=1 width=6)
	  ->  Index Scan using sbtest5_pkey on sbtest5  (cost=0.43..8.45 rows=1 width=6)
	        Index Cond: (id = 7132182)

table 6 : explain DELETE FROM sbtest6 WHERE id=1841407
	Delete on sbtest6  (cost=0.43..8.45 rows=1 width=6)
	  ->  Index Scan using sbtest6_pkey on sbtest6  (cost=0.43..8.45 rows=1 width=6)
	        Index Cond: (id = 1841407)

table 7 : explain DELETE FROM sbtest7 WHERE id=4189456
	Delete on sbtest7  (cost=0.43..8.45 rows=1 width=6)
	  ->  Index Scan using sbtest7_pkey on sbtest7  (cost=0.43..8.45 rows=1 width=6)
	        Index Cond: (id = 4189456)

table 8 : explain DELETE FROM sbtest8 WHERE id=6387450
	Delete on sbtest8  (cost=0.43..8.45 rows=1 width=6)
	  ->  Index Scan using sbtest8_pkey on sbtest8  (cost=0.43..8.45 rows=1 width=6)
	        Index Cond: (id = 6387450)

explain: for point_selects :: explain SELECT c FROM sbtest%u WHERE id=%u
for: simple_ranges
table 1 : explain SELECT c FROM sbtest1 WHERE id BETWEEN 4968133 AND 4968232
	Index Scan using sbtest1_pkey on sbtest1  (cost=0.43..402.78 rows=105 width=121)
	  Index Cond: ((id >= 4968133) AND (id <= 4968232))

table 2 : explain SELECT c FROM sbtest2 WHERE id BETWEEN 4720264 AND 4720363
	Index Scan using sbtest2_pkey on sbtest2  (cost=0.43..388.82 rows=101 width=121)
	  Index Cond: ((id >= 4720264) AND (id <= 4720363))

table 3 : explain SELECT c FROM sbtest3 WHERE id BETWEEN 2249725 AND 2249824
	Index Scan using sbtest3_pkey on sbtest3  (cost=0.43..386.92 rows=100 width=121)
	  Index Cond: ((id >= 2249725) AND (id <= 2249824))

table 4 : explain SELECT c FROM sbtest4 WHERE id BETWEEN 4868480 AND 4868579
	Index Scan using sbtest4_pkey on sbtest4  (cost=0.43..391.22 rows=102 width=121)
	  Index Cond: ((id >= 4868480) AND (id <= 4868579))

table 5 : explain SELECT c FROM sbtest5 WHERE id BETWEEN 6713737 AND 6713836
	Index Scan using sbtest5_pkey on sbtest5  (cost=0.43..399.83 rows=104 width=121)
	  Index Cond: ((id >= 6713737) AND (id <= 6713836))

table 6 : explain SELECT c FROM sbtest6 WHERE id BETWEEN 1567340 AND 1567439
	Index Scan using sbtest6_pkey on sbtest6  (cost=0.43..392.04 rows=102 width=121)
	  Index Cond: ((id >= 1567340) AND (id <= 1567439))

table 7 : explain SELECT c FROM sbtest7 WHERE id BETWEEN 6692894 AND 6692993
	Index Scan using sbtest7_pkey on sbtest7  (cost=0.43..390.48 rows=102 width=121)
	  Index Cond: ((id >= 6692894) AND (id <= 6692993))

table 8 : explain SELECT c FROM sbtest8 WHERE id BETWEEN 4985584 AND 4985683
	Index Scan using sbtest8_pkey on sbtest8  (cost=0.43..393.20 rows=103 width=121)
	  Index Cond: ((id >= 4985584) AND (id <= 4985683))

explain: for inserts :: explain INSERT INTO sbtest%u (id, k, c, pad) VALUES (%u, 13, 'foobar', 'foobar')
explain: for point_selects :: explain SELECT c FROM sbtest%u WHERE id=%u
explain: for inserts :: explain INSERT INTO sbtest%u (id, k, c, pad) VALUES (%u, 13, 'foobar', 'foobar')
for inserts
table 1 : explain INSERT INTO sbtest1 (id, k, c, pad) VALUES (9327004, 13, 'foobar', 'foobar')
	Insert on sbtest1  (cost=0.00..0.01 rows=1 width=736)
	  ->  Result  (cost=0.00..0.01 rows=1 width=736)

table 2 : explain INSERT INTO sbtest2 (id, k, c, pad) VALUES (2174898, 13, 'foobar', 'foobar')
	Insert on sbtest2  (cost=0.00..0.01 rows=1 width=736)
	  ->  Result  (cost=0.00..0.01 rows=1 width=736)

table 3 : explain INSERT INTO sbtest3 (id, k, c, pad) VALUES (3432674, 13, 'foobar', 'foobar')
	Insert on sbtest3  (cost=0.00..0.01 rows=1 width=736)
	  ->  Result  (cost=0.00..0.01 rows=1 width=736)

table 4 : explain INSERT INTO sbtest4 (id, k, c, pad) VALUES (9938884, 13, 'foobar', 'foobar')
	Insert on sbtest4  (cost=0.00..0.01 rows=1 width=736)
	  ->  Result  (cost=0.00..0.01 rows=1 width=736)

table 5 : explain INSERT INTO sbtest5 (id, k, c, pad) VALUES (4428001, 13, 'foobar', 'foobar')
	Insert on sbtest5  (cost=0.00..0.01 rows=1 width=736)
	  ->  Result  (cost=0.00..0.01 rows=1 width=736)

table 6 : explain INSERT INTO sbtest6 (id, k, c, pad) VALUES (4074370, 13, 'foobar', 'foobar')
	Insert on sbtest6  (cost=0.00..0.01 rows=1 width=736)
	  ->  Result  (cost=0.00..0.01 rows=1 width=736)

table 7 : explain INSERT INTO sbtest7 (id, k, c, pad) VALUES (1115282, 13, 'foobar', 'foobar')
	Insert on sbtest7  (cost=0.00..0.01 rows=1 width=736)
	  ->  Result  (cost=0.00..0.01 rows=1 width=736)

table 8 : explain INSERT INTO sbtest8 (id, k, c, pad) VALUES (2860936, 13, 'foobar', 'foobar')
	Insert on sbtest8  (cost=0.00..0.01 rows=1 width=736)
	  ->  Result  (cost=0.00..0.01 rows=1 width=736)

for point_selects
table 1 : explain SELECT c FROM sbtest1 WHERE id=1939895
	Index Scan using sbtest1_pkey on sbtest1  (cost=0.43..8.45 rows=1 width=121)
	  Index Cond: (id = 1939895)

table 2 : explain SELECT c FROM sbtest2 WHERE id=9965089
	Index Scan using sbtest2_pkey on sbtest2  (cost=0.43..8.45 rows=1 width=121)
	  Index Cond: (id = 9965089)

table 3 : explain SELECT c FROM sbtest3 WHERE id=5809203
	Index Scan using sbtest3_pkey on sbtest3  (cost=0.43..8.45 rows=1 width=121)
	  Index Cond: (id = 5809203)

table 4 : explain SELECT c FROM sbtest4 WHERE id=9013379
	Index Scan using sbtest4_pkey on sbtest4  (cost=0.43..8.45 rows=1 width=121)
	  Index Cond: (id = 9013379)

table 5 : explain SELECT c FROM sbtest5 WHERE id=7167671
	Index Scan using sbtest5_pkey on sbtest5  (cost=0.43..8.45 rows=1 width=121)
	  Index Cond: (id = 7167671)

table 6 : explain SELECT c FROM sbtest6 WHERE id=4430754
	Index Scan using sbtest6_pkey on sbtest6  (cost=0.43..8.45 rows=1 width=121)
	  Index Cond: (id = 4430754)

table 7 : explain SELECT c FROM sbtest7 WHERE id=8568013
	Index Scan using sbtest7_pkey on sbtest7  (cost=0.43..8.45 rows=1 width=121)
	  Index Cond: (id = 8568013)

table 8 : explain SELECT c FROM sbtest8 WHERE id=7736789
	Index Scan using sbtest8_pkey on sbtest8  (cost=0.43..8.45 rows=1 width=121)
	  Index Cond: (id = 7736789)

for: distinct_ranges
table 1 : explain SELECT DISTINCT c FROM sbtest1 WHERE id BETWEEN 2704847 AND 2704946 ORDER BY c
	Unique  (cost=417.80..418.34 rows=108 width=121)
	  ->  Sort  (cost=417.80..418.07 rows=108 width=121)
	        Sort Key: c
	        ->  Index Scan using sbtest1_pkey on sbtest1  (cost=0.43..414.15 rows=108 width=121)
	              Index Cond: ((id >= 2704847) AND (id <= 2704946))

table 2 : explain SELECT DISTINCT c FROM sbtest2 WHERE id BETWEEN 4895149 AND 4895248 ORDER BY c
	Unique  (cost=399.86..400.38 rows=103 width=121)
	  ->  Sort  (cost=399.86..400.12 rows=103 width=121)
	        Sort Key: c
	        ->  Index Scan using sbtest2_pkey on sbtest2  (cost=0.43..396.42 rows=103 width=121)
	              Index Cond: ((id >= 4895149) AND (id <= 4895248))

table 3 : explain SELECT DISTINCT c FROM sbtest3 WHERE id BETWEEN 7822873 AND 7822972 ORDER BY c
	Unique  (cost=390.24..390.74 rows=100 width=121)
	  ->  Sort  (cost=390.24..390.49 rows=100 width=121)
	        Sort Key: c
	        ->  Index Scan using sbtest3_pkey on sbtest3  (cost=0.43..386.92 rows=100 width=121)
	              Index Cond: ((id >= 7822873) AND (id <= 7822972))

table 4 : explain SELECT DISTINCT c FROM sbtest4 WHERE id BETWEEN 9190967 AND 9191066 ORDER BY c
	Unique  (cost=379.31..379.80 rows=98 width=121)
	  ->  Sort  (cost=379.31..379.56 rows=98 width=121)
	        Sort Key: c
	        ->  Index Scan using sbtest4_pkey on sbtest4  (cost=0.43..376.07 rows=98 width=121)
	              Index Cond: ((id >= 9190967) AND (id <= 9191066))

table 5 : explain SELECT DISTINCT c FROM sbtest5 WHERE id BETWEEN 1543269 AND 1543368 ORDER BY c
	Unique  (cost=384.12..384.61 rows=99 width=121)
	  ->  Sort  (cost=384.12..384.36 rows=99 width=121)
	        Sort Key: c
	        ->  Index Scan using sbtest5_pkey on sbtest5  (cost=0.43..380.84 rows=99 width=121)
	              Index Cond: ((id >= 1543269) AND (id <= 1543368))

table 6 : explain SELECT DISTINCT c FROM sbtest6 WHERE id BETWEEN 6644059 AND 6644158 ORDER BY c
	Unique  (cost=364.69..365.16 rows=94 width=121)
	  ->  Sort  (cost=364.69..364.93 rows=94 width=121)
	        Sort Key: c
	        ->  Index Scan using sbtest6_pkey on sbtest6  (cost=0.43..361.61 rows=94 width=121)
	              Index Cond: ((id >= 6644059) AND (id <= 6644158))

table 7 : explain SELECT DISTINCT c FROM sbtest7 WHERE id BETWEEN 2232630 AND 2232729 ORDER BY c
	Unique  (cost=367.14..367.61 rows=95 width=121)
	  ->  Sort  (cost=367.14..367.38 rows=95 width=121)
	        Sort Key: c
	        ->  Index Scan using sbtest7_pkey on sbtest7  (cost=0.43..364.02 rows=95 width=121)
	              Index Cond: ((id >= 2232630) AND (id <= 2232729))

table 8 : explain SELECT DISTINCT c FROM sbtest8 WHERE id BETWEEN 1675749 AND 1675848 ORDER BY c
	Unique  (cost=415.69..416.23 rows=108 width=121)
	  ->  Sort  (cost=415.69..415.96 rows=108 width=121)
	        Sort Key: c
	        ->  Index Scan using sbtest8_pkey on sbtest8  (cost=0.43..412.05 rows=108 width=121)
	              Index Cond: ((id >= 1675749) AND (id <= 1675848))

for inserts
table 1 : explain INSERT INTO sbtest1 (id, k, c, pad) VALUES (563095, 13, 'foobar', 'foobar')
	Insert on sbtest1  (cost=0.00..0.01 rows=1 width=736)
	  ->  Result  (cost=0.00..0.01 rows=1 width=736)

table 2 : explain INSERT INTO sbtest2 (id, k, c, pad) VALUES (2322549, 13, 'foobar', 'foobar')
	Insert on sbtest2  (cost=0.00..0.01 rows=1 width=736)
	  ->  Result  (cost=0.00..0.01 rows=1 width=736)

table 3 : explain INSERT INTO sbtest3 (id, k, c, pad) VALUES (8138429, 13, 'foobar', 'foobar')
	Insert on sbtest3  (cost=0.00..0.01 rows=1 width=736)
	  ->  Result  (cost=0.00..0.01 rows=1 width=736)

table 4 : explain INSERT INTO sbtest4 (id, k, c, pad) VALUES (3308404, 13, 'foobar', 'foobar')
	Insert on sbtest4  (cost=0.00..0.01 rows=1 width=736)
	  ->  Result  (cost=0.00..0.01 rows=1 width=736)

table 5 : explain INSERT INTO sbtest5 (id, k, c, pad) VALUES (5156534, 13, 'foobar', 'foobar')
	Insert on sbtest5  (cost=0.00..0.01 rows=1 width=736)
	  ->  Result  (cost=0.00..0.01 rows=1 width=736)

table 6 : explain INSERT INTO sbtest6 (id, k, c, pad) VALUES (2802032, 13, 'foobar', 'foobar')
	Insert on sbtest6  (cost=0.00..0.01 rows=1 width=736)
	  ->  Result  (cost=0.00..0.01 rows=1 width=736)

table 7 : explain INSERT INTO sbtest7 (id, k, c, pad) VALUES (190051, 13, 'foobar', 'foobar')
	Insert on sbtest7  (cost=0.00..0.01 rows=1 width=736)
	  ->  Result  (cost=0.00..0.01 rows=1 width=736)

table 8 : explain INSERT INTO sbtest8 (id, k, c, pad) VALUES (5420675, 13, 'foobar', 'foobar')
	Insert on sbtest8  (cost=0.00..0.01 rows=1 width=736)
	  ->  Result  (cost=0.00..0.01 rows=1 width=736)

for index_updates
table 1 : explain UPDATE sbtest1 SET k=k+1 WHERE id=7719501
	Update on sbtest1  (cost=0.43..8.46 rows=1 width=196)
	  ->  Index Scan using sbtest1_pkey on sbtest1  (cost=0.43..8.46 rows=1 width=196)
	        Index Cond: (id = 7719501)

table 2 : explain UPDATE sbtest2 SET k=k+1 WHERE id=5772825
	Update on sbtest2  (cost=0.43..8.46 rows=1 width=196)
	  ->  Index Scan using sbtest2_pkey on sbtest2  (cost=0.43..8.46 rows=1 width=196)
	        Index Cond: (id = 5772825)

table 3 : explain UPDATE sbtest3 SET k=k+1 WHERE id=5470012
	Update on sbtest3  (cost=0.43..8.46 rows=1 width=196)
	  ->  Index Scan using sbtest3_pkey on sbtest3  (cost=0.43..8.46 rows=1 width=196)
	        Index Cond: (id = 5470012)

table 4 : explain UPDATE sbtest4 SET k=k+1 WHERE id=4210156
	Update on sbtest4  (cost=0.43..8.46 rows=1 width=196)
	  ->  Index Scan using sbtest4_pkey on sbtest4  (cost=0.43..8.46 rows=1 width=196)
	        Index Cond: (id = 4210156)

table 5 : explain UPDATE sbtest5 SET k=k+1 WHERE id=9110332
	Update on sbtest5  (cost=0.43..8.46 rows=1 width=196)
	  ->  Index Scan using sbtest5_pkey on sbtest5  (cost=0.43..8.46 rows=1 width=196)
	        Index Cond: (id = 9110332)

table 6 : explain UPDATE sbtest6 SET k=k+1 WHERE id=8238566
	Update on sbtest6  (cost=0.43..8.46 rows=1 width=196)
	  ->  Index Scan using sbtest6_pkey on sbtest6  (cost=0.43..8.46 rows=1 width=196)
	        Index Cond: (id = 8238566)

table 7 : explain UPDATE sbtest7 SET k=k+1 WHERE id=6980876
	Update on sbtest7  (cost=0.43..8.46 rows=1 width=196)
	  ->  Index Scan using sbtest7_pkey on sbtest7  (cost=0.43..8.46 rows=1 width=196)
	        Index Cond: (id = 6980876)

table 8 : explain UPDATE sbtest8 SET k=k+1 WHERE id=594902
	Update on sbtest8  (cost=0.43..8.46 rows=1 width=196)
	  ->  Index Scan using sbtest8_pkey on sbtest8  (cost=0.43..8.46 rows=1 width=196)
	        Index Cond: (id = 594902)

for: sum_ranges
table 1 : explain SELECT SUM(k) FROM sbtest1 WHERE id BETWEEN 7275931 AND 7276030
	Aggregate  (cost=349.89..349.90 rows=1 width=8)
	  ->  Index Scan using sbtest1_pkey on sbtest1  (cost=0.43..349.66 rows=91 width=4)
	        Index Cond: ((id >= 7275931) AND (id <= 7276030))

table 2 : explain SELECT SUM(k) FROM sbtest2 WHERE id BETWEEN 7313932 AND 7314031
	Aggregate  (cost=411.90..411.91 rows=1 width=8)
	  ->  Index Scan using sbtest2_pkey on sbtest2  (cost=0.43..411.63 rows=107 width=4)
	        Index Cond: ((id >= 7313932) AND (id <= 7314031))

table 3 : explain SELECT SUM(k) FROM sbtest3 WHERE id BETWEEN 1310763 AND 1310862
	Aggregate  (cost=348.88..348.89 rows=1 width=8)
	  ->  Index Scan using sbtest3_pkey on sbtest3  (cost=0.43..348.66 rows=90 width=4)
	        Index Cond: ((id >= 1310763) AND (id <= 1310862))

table 4 : explain SELECT SUM(k) FROM sbtest4 WHERE id BETWEEN 2099823 AND 2099922
	Aggregate  (cost=372.52..372.53 rows=1 width=8)
	  ->  Index Scan using sbtest4_pkey on sbtest4  (cost=0.43..372.28 rows=97 width=4)
	        Index Cond: ((id >= 2099823) AND (id <= 2099922))

table 5 : explain SELECT SUM(k) FROM sbtest5 WHERE id BETWEEN 4704998 AND 4705097
	Aggregate  (cost=381.08..381.09 rows=1 width=8)
	  ->  Index Scan using sbtest5_pkey on sbtest5  (cost=0.43..380.84 rows=99 width=4)
	        Index Cond: ((id >= 4704998) AND (id <= 4705097))

table 6 : explain SELECT SUM(k) FROM sbtest6 WHERE id BETWEEN 1875034 AND 1875133
	Aggregate  (cost=407.49..407.50 rows=1 width=8)
	  ->  Index Scan using sbtest6_pkey on sbtest6  (cost=0.43..407.22 rows=106 width=4)
	        Index Cond: ((id >= 1875034) AND (id <= 1875133))

table 7 : explain SELECT SUM(k) FROM sbtest7 WHERE id BETWEEN 5975031 AND 5975130
	Aggregate  (cost=421.00..421.01 rows=1 width=8)
	  ->  Index Scan using sbtest7_pkey on sbtest7  (cost=0.43..420.73 rows=110 width=4)
	        Index Cond: ((id >= 5975031) AND (id <= 5975130))

table 8 : explain SELECT SUM(k) FROM sbtest8 WHERE id BETWEEN 4071442 AND 4071541
	Aggregate  (cost=385.91..385.92 rows=1 width=8)
	  ->  Index Scan using sbtest8_pkey on sbtest8  (cost=0.43..385.65 rows=101 width=4)
	        Index Cond: ((id >= 4071442) AND (id <= 4071541))

for inserts
table 1 : explain INSERT INTO sbtest1 (id, k, c, pad) VALUES (226028, 13, 'foobar', 'foobar')
	Insert on sbtest1  (cost=0.00..0.01 rows=1 width=736)
	  ->  Result  (cost=0.00..0.01 rows=1 width=736)

table 2 : explain INSERT INTO sbtest2 (id, k, c, pad) VALUES (7677899, 13, 'foobar', 'foobar')
	Insert on sbtest2  (cost=0.00..0.01 rows=1 width=736)
	  ->  Result  (cost=0.00..0.01 rows=1 width=736)

table 3 : explain INSERT INTO sbtest3 (id, k, c, pad) VALUES (44450, 13, 'foobar', 'foobar')
	Insert on sbtest3  (cost=0.00..0.01 rows=1 width=736)
	  ->  Result  (cost=0.00..0.01 rows=1 width=736)

table 4 : explain INSERT INTO sbtest4 (id, k, c, pad) VALUES (918661, 13, 'foobar', 'foobar')
	Insert on sbtest4  (cost=0.00..0.01 rows=1 width=736)
	  ->  Result  (cost=0.00..0.01 rows=1 width=736)

table 5 : explain INSERT INTO sbtest5 (id, k, c, pad) VALUES (5822700, 13, 'foobar', 'foobar')
	Insert on sbtest5  (cost=0.00..0.01 rows=1 width=736)
	  ->  Result  (cost=0.00..0.01 rows=1 width=736)

table 6 : explain INSERT INTO sbtest6 (id, k, c, pad) VALUES (7118501, 13, 'foobar', 'foobar')
	Insert on sbtest6  (cost=0.00..0.01 rows=1 width=736)
	  ->  Result  (cost=0.00..0.01 rows=1 width=736)

table 7 : explain INSERT INTO sbtest7 (id, k, c, pad) VALUES (530623, 13, 'foobar', 'foobar')
	Insert on sbtest7  (cost=0.00..0.01 rows=1 width=736)
	  ->  Result  (cost=0.00..0.01 rows=1 width=736)

table 8 : explain INSERT INTO sbtest8 (id, k, c, pad) VALUES (8364959, 13, 'foobar', 'foobar')
	Insert on sbtest8  (cost=0.00..0.01 rows=1 width=736)
	  ->  Result  (cost=0.00..0.01 rows=1 width=736)

explain: for index_updates :: explain UPDATE sbtest%u SET k=k+1 WHERE id=%u
for: sum_ranges
table 1 : explain SELECT SUM(k) FROM sbtest1 WHERE id BETWEEN 7427151 AND 7427250
	Aggregate  (cost=372.70..372.71 rows=1 width=8)
	  ->  Index Scan using sbtest1_pkey on sbtest1  (cost=0.43..372.46 rows=97 width=4)
	        Index Cond: ((id >= 7427151) AND (id <= 7427250))

table 2 : explain SELECT SUM(k) FROM sbtest2 WHERE id BETWEEN 6368816 AND 6368915
	Aggregate  (cost=373.85..373.86 rows=1 width=8)
	  ->  Index Scan using sbtest2_pkey on sbtest2  (cost=0.43..373.61 rows=97 width=4)
	        Index Cond: ((id >= 6368816) AND (id <= 6368915))

table 3 : explain SELECT SUM(k) FROM sbtest3 WHERE id BETWEEN 4226410 AND 4226509
	Aggregate  (cost=402.47..402.48 rows=1 width=8)
	  ->  Index Scan using sbtest3_pkey on sbtest3  (cost=0.43..402.21 rows=104 width=4)
	        Index Cond: ((id >= 4226410) AND (id <= 4226509))

table 4 : explain SELECT SUM(k) FROM sbtest4 WHERE id BETWEEN 9942209 AND 9942308
	Aggregate  (cost=383.90..383.91 rows=1 width=8)
	  ->  Index Scan using sbtest4_pkey on sbtest4  (cost=0.43..383.65 rows=100 width=4)
	        Index Cond: ((id >= 9942209) AND (id <= 9942308))

table 5 : explain SELECT SUM(k) FROM sbtest5 WHERE id BETWEEN 9715868 AND 9715967
	Aggregate  (cost=388.68..388.69 rows=1 width=8)
	  ->  Index Scan using sbtest5_pkey on sbtest5  (cost=0.43..388.43 rows=101 width=4)
	        Index Cond: ((id >= 9715868) AND (id <= 9715967))

table 6 : explain SELECT SUM(k) FROM sbtest6 WHERE id BETWEEN 5783553 AND 5783652
	Aggregate  (cost=342.85..342.86 rows=1 width=8)
	  ->  Index Scan using sbtest6_pkey on sbtest6  (cost=0.43..342.63 rows=89 width=4)
	        Index Cond: ((id >= 5783553) AND (id <= 5783652))

table 7 : explain SELECT SUM(k) FROM sbtest7 WHERE id BETWEEN 6380807 AND 6380906
	Aggregate  (cost=383.17..383.18 rows=1 width=8)
	  ->  Index Scan using sbtest7_pkey on sbtest7  (cost=0.43..382.92 rows=100 width=4)
	        Index Cond: ((id >= 6380807) AND (id <= 6380906))

table 8 : explain SELECT SUM(k) FROM sbtest8 WHERE id BETWEEN 4510285 AND 4510384
	Aggregate  (cost=374.59..374.60 rows=1 width=8)
	  ->  Index Scan using sbtest8_pkey on sbtest8  (cost=0.43..374.34 rows=98 width=4)
	        Index Cond: ((id >= 4510285) AND (id <= 4510384))

for: simple_ranges
table 1 : explain SELECT c FROM sbtest1 WHERE id BETWEEN 499779 AND 499878
	Index Scan using sbtest1_pkey on sbtest1  (cost=0.43..391.41 rows=102 width=121)
	  Index Cond: ((id >= 499779) AND (id <= 499878))

table 2 : explain SELECT c FROM sbtest2 WHERE id BETWEEN 1214673 AND 1214772
	Index Scan using sbtest2_pkey on sbtest2  (cost=0.43..362.15 rows=94 width=121)
	  Index Cond: ((id >= 1214673) AND (id <= 1214772))

table 3 : explain SELECT c FROM sbtest3 WHERE id BETWEEN 1878813 AND 1878912
	Index Scan using sbtest3_pkey on sbtest3  (cost=0.43..367.81 rows=95 width=121)
	  Index Cond: ((id >= 1878813) AND (id <= 1878912))

table 4 : explain SELECT c FROM sbtest4 WHERE id BETWEEN 1215334 AND 1215433
	Index Scan using sbtest4_pkey on sbtest4  (cost=0.43..410.16 rows=107 width=121)
	  Index Cond: ((id >= 1215334) AND (id <= 1215433))

table 5 : explain SELECT c FROM sbtest5 WHERE id BETWEEN 1985576 AND 1985675
	Index Scan using sbtest5_pkey on sbtest5  (cost=0.43..396.03 rows=103 width=121)
	  Index Cond: ((id >= 1985576) AND (id <= 1985675))

table 6 : explain SELECT c FROM sbtest6 WHERE id BETWEEN 9276965 AND 9277064
	Index Scan using sbtest6_pkey on sbtest6  (cost=0.43..369.26 rows=96 width=121)
	  Index Cond: ((id >= 9276965) AND (id <= 9277064))

table 7 : explain SELECT c FROM sbtest7 WHERE id BETWEEN 5676902 AND 5677001
	Index Scan using sbtest7_pkey on sbtest7  (cost=0.43..375.36 rows=98 width=121)
	  Index Cond: ((id >= 5676902) AND (id <= 5677001))

table 8 : explain SELECT c FROM sbtest8 WHERE id BETWEEN 2301557 AND 2301656
	Index Scan using sbtest8_pkey on sbtest8  (cost=0.43..393.20 rows=103 width=121)
	  Index Cond: ((id >= 2301557) AND (id <= 2301656))

explain: for non_index_updates :: explain UPDATE sbtest%u SET c='foobar' WHERE id=%u
for point_selects
table 1 : explain SELECT c FROM sbtest1 WHERE id=3940978
	Index Scan using sbtest1_pkey on sbtest1  (cost=0.43..8.45 rows=1 width=121)
	  Index Cond: (id = 3940978)

table 2 : explain SELECT c FROM sbtest2 WHERE id=9999080
	Index Scan using sbtest2_pkey on sbtest2  (cost=0.43..8.45 rows=1 width=121)
	  Index Cond: (id = 9999080)

table 3 : explain SELECT c FROM sbtest3 WHERE id=8676024
	Index Scan using sbtest3_pkey on sbtest3  (cost=0.43..8.45 rows=1 width=121)
	  Index Cond: (id = 8676024)

table 4 : explain SELECT c FROM sbtest4 WHERE id=3696786
	Index Scan using sbtest4_pkey on sbtest4  (cost=0.43..8.45 rows=1 width=121)
	  Index Cond: (id = 3696786)

table 5 : explain SELECT c FROM sbtest5 WHERE id=2880681
	Index Scan using sbtest5_pkey on sbtest5  (cost=0.43..8.45 rows=1 width=121)
	  Index Cond: (id = 2880681)

table 6 : explain SELECT c FROM sbtest6 WHERE id=2662600
	Index Scan using sbtest6_pkey on sbtest6  (cost=0.43..8.45 rows=1 width=121)
	  Index Cond: (id = 2662600)

table 7 : explain SELECT c FROM sbtest7 WHERE id=7654625
	Index Scan using sbtest7_pkey on sbtest7  (cost=0.43..8.45 rows=1 width=121)
	  Index Cond: (id = 7654625)

table 8 : explain SELECT c FROM sbtest8 WHERE id=4161259
	Index Scan using sbtest8_pkey on sbtest8  (cost=0.43..8.45 rows=1 width=121)
	  Index Cond: (id = 4161259)

explain: for point_selects :: explain SELECT c FROM sbtest%u WHERE id=%u
explain: for point_selects :: explain SELECT c FROM sbtest%u WHERE id=%u
for point_selects
table 1 : explain SELECT c FROM sbtest1 WHERE id=8325433
	Index Scan using sbtest1_pkey on sbtest1  (cost=0.43..8.45 rows=1 width=121)
	  Index Cond: (id = 8325433)

table 2 : explain SELECT c FROM sbtest2 WHERE id=1531157
	Index Scan using sbtest2_pkey on sbtest2  (cost=0.43..8.45 rows=1 width=121)
	  Index Cond: (id = 1531157)

table 3 : explain SELECT c FROM sbtest3 WHERE id=2762516
	Index Scan using sbtest3_pkey on sbtest3  (cost=0.43..8.45 rows=1 width=121)
	  Index Cond: (id = 2762516)

table 4 : explain SELECT c FROM sbtest4 WHERE id=6245091
	Index Scan using sbtest4_pkey on sbtest4  (cost=0.43..8.45 rows=1 width=121)
	  Index Cond: (id = 6245091)

table 5 : explain SELECT c FROM sbtest5 WHERE id=4236442
	Index Scan using sbtest5_pkey on sbtest5  (cost=0.43..8.45 rows=1 width=121)
	  Index Cond: (id = 4236442)

table 6 : explain SELECT c FROM sbtest6 WHERE id=5928647
	Index Scan using sbtest6_pkey on sbtest6  (cost=0.43..8.45 rows=1 width=121)
	  Index Cond: (id = 5928647)

table 7 : explain SELECT c FROM sbtest7 WHERE id=4400530
	Index Scan using sbtest7_pkey on sbtest7  (cost=0.43..8.45 rows=1 width=121)
	  Index Cond: (id = 4400530)

table 8 : explain SELECT c FROM sbtest8 WHERE id=6792226
	Index Scan using sbtest8_pkey on sbtest8  (cost=0.43..8.45 rows=1 width=121)
	  Index Cond: (id = 6792226)

explain: for point_selects :: explain SELECT c FROM sbtest%u WHERE id=%u
for: order_ranges
table 1 : explain SELECT c FROM sbtest1 WHERE id BETWEEN 2862899 AND 2862998 ORDER BY c
	Sort  (cost=383.32..383.57 rows=99 width=121)
	  Sort Key: c
	  ->  Index Scan using sbtest1_pkey on sbtest1  (cost=0.43..380.04 rows=99 width=121)
	        Index Cond: ((id >= 2862899) AND (id <= 2862998))

table 2 : explain SELECT c FROM sbtest2 WHERE id BETWEEN 5659082 AND 5659181 ORDER BY c
	Sort  (cost=415.24..415.50 rows=107 width=121)
	  Sort Key: c
	  ->  Index Scan using sbtest2_pkey on sbtest2  (cost=0.43..411.63 rows=107 width=121)
	        Index Cond: ((id >= 5659082) AND (id <= 5659181))

table 3 : explain SELECT c FROM sbtest3 WHERE id BETWEEN 5201307 AND 5201406 ORDER BY c
	Sort  (cost=367.07..367.31 rows=94 width=121)
	  Sort Key: c
	  ->  Index Scan using sbtest3_pkey on sbtest3  (cost=0.43..363.99 rows=94 width=121)
	        Index Cond: ((id >= 5201307) AND (id <= 5201406))

table 4 : explain SELECT c FROM sbtest4 WHERE id BETWEEN 1064975 AND 1065074 ORDER BY c
	Sort  (cost=344.86..345.08 rows=89 width=121)
	  Sort Key: c
	  ->  Index Scan using sbtest4_pkey on sbtest4  (cost=0.43..341.98 rows=89 width=121)
	        Index Cond: ((id >= 1064975) AND (id <= 1065074))

table 5 : explain SELECT c FROM sbtest5 WHERE id BETWEEN 1432066 AND 1432165 ORDER BY c
	Sort  (cost=391.79..392.05 rows=101 width=121)
	  Sort Key: c
	  ->  Index Scan using sbtest5_pkey on sbtest5  (cost=0.43..388.43 rows=101 width=121)
	        Index Cond: ((id >= 1432066) AND (id <= 1432165))

table 6 : explain SELECT c FROM sbtest6 WHERE id BETWEEN 2297583 AND 2297682 ORDER BY c
	Sort  (cost=380.09..380.34 rows=98 width=121)
	  Sort Key: c
	  ->  Index Scan using sbtest6_pkey on sbtest6  (cost=0.43..376.85 rows=98 width=121)
	        Index Cond: ((id >= 2297583) AND (id <= 2297682))

table 7 : explain SELECT c FROM sbtest7 WHERE id BETWEEN 4311661 AND 4311760 ORDER BY c
	Sort  (cost=405.35..405.61 rows=105 width=121)
	  Sort Key: c
	  ->  Index Scan using sbtest7_pkey on sbtest7  (cost=0.43..401.82 rows=105 width=121)
	        Index Cond: ((id >= 4311661) AND (id <= 4311760))

table 8 : explain SELECT c FROM sbtest8 WHERE id BETWEEN 9677924 AND 9678023 ORDER BY c
	Sort  (cost=354.72..354.95 rows=92 width=121)
	  Sort Key: c
	  ->  Index Scan using sbtest8_pkey on sbtest8  (cost=0.43..351.72 rows=92 width=121)
	        Index Cond: ((id >= 9677924) AND (id <= 9678023))

for point_selects
table 1 : explain SELECT c FROM sbtest1 WHERE id=1128709
	Index Scan using sbtest1_pkey on sbtest1  (cost=0.43..8.45 rows=1 width=121)
	  Index Cond: (id = 1128709)

table 2 : explain SELECT c FROM sbtest2 WHERE id=5900654
	Index Scan using sbtest2_pkey on sbtest2  (cost=0.43..8.45 rows=1 width=121)
	  Index Cond: (id = 5900654)

table 3 : explain SELECT c FROM sbtest3 WHERE id=2335793
	Index Scan using sbtest3_pkey on sbtest3  (cost=0.43..8.45 rows=1 width=121)
	  Index Cond: (id = 2335793)

table 4 : explain SELECT c FROM sbtest4 WHERE id=63557
	Index Scan using sbtest4_pkey on sbtest4  (cost=0.43..8.45 rows=1 width=121)
	  Index Cond: (id = 63557)

table 5 : explain SELECT c FROM sbtest5 WHERE id=565022
	Index Scan using sbtest5_pkey on sbtest5  (cost=0.43..8.45 rows=1 width=121)
	  Index Cond: (id = 565022)

table 6 : explain SELECT c FROM sbtest6 WHERE id=5386611
	Index Scan using sbtest6_pkey on sbtest6  (cost=0.43..8.45 rows=1 width=121)
	  Index Cond: (id = 5386611)

table 7 : explain SELECT c FROM sbtest7 WHERE id=6640475
	Index Scan using sbtest7_pkey on sbtest7  (cost=0.43..8.45 rows=1 width=121)
	  Index Cond: (id = 6640475)

table 8 : explain SELECT c FROM sbtest8 WHERE id=5118833
	Index Scan using sbtest8_pkey on sbtest8  (cost=0.43..8.45 rows=1 width=121)
	  Index Cond: (id = 5118833)

explain: for point_selects :: explain SELECT c FROM sbtest%u WHERE id=%u
explain: for point_selects :: explain SELECT c FROM sbtest%u WHERE id=%u
for: simple_ranges
table 1 : explain SELECT c FROM sbtest1 WHERE id BETWEEN 4801655 AND 4801754
	Index Scan using sbtest1_pkey on sbtest1  (cost=0.43..387.62 rows=101 width=121)
	  Index Cond: ((id >= 4801655) AND (id <= 4801754))

table 2 : explain SELECT c FROM sbtest2 WHERE id BETWEEN 9453600 AND 9453699
	Index Scan using sbtest2_pkey on sbtest2  (cost=0.43..419.23 rows=109 width=121)
	  Index Cond: ((id >= 9453600) AND (id <= 9453699))

table 3 : explain SELECT c FROM sbtest3 WHERE id BETWEEN 4442330 AND 4442429
	Index Scan using sbtest3_pkey on sbtest3  (cost=0.43..428.95 rows=111 width=121)
	  Index Cond: ((id >= 4442330) AND (id <= 4442429))

table 4 : explain SELECT c FROM sbtest4 WHERE id BETWEEN 706589 AND 706688
	Index Scan using sbtest4_pkey on sbtest4  (cost=0.43..364.70 rows=95 width=121)
	  Index Cond: ((id >= 706589) AND (id <= 706688))

table 5 : explain SELECT c FROM sbtest5 WHERE id BETWEEN 1958443 AND 1958542
	Index Scan using sbtest5_pkey on sbtest5  (cost=0.43..396.03 rows=103 width=121)
	  Index Cond: ((id >= 1958443) AND (id <= 1958542))

table 6 : explain SELECT c FROM sbtest6 WHERE id BETWEEN 5077111 AND 5077210
	Index Scan using sbtest6_pkey on sbtest6  (cost=0.43..380.65 rows=99 width=121)
	  Index Cond: ((id >= 5077111) AND (id <= 5077210))

table 7 : explain SELECT c FROM sbtest7 WHERE id BETWEEN 1816193 AND 1816292
	Index Scan using sbtest7_pkey on sbtest7  (cost=0.43..348.89 rows=91 width=121)
	  Index Cond: ((id >= 1816193) AND (id <= 1816292))

table 8 : explain SELECT c FROM sbtest8 WHERE id BETWEEN 6158542 AND 6158641
	Index Scan using sbtest8_pkey on sbtest8  (cost=0.43..340.35 rows=89 width=121)
	  Index Cond: ((id >= 6158542) AND (id <= 6158641))

explain: for point_selects :: explain SELECT c FROM sbtest%u WHERE id=%u
for: sum_ranges
table 1 : explain SELECT SUM(k) FROM sbtest1 WHERE id BETWEEN 5756459 AND 5756558
	Aggregate  (cost=456.14..456.15 rows=1 width=8)
	  ->  Index Scan using sbtest1_pkey on sbtest1  (cost=0.43..455.84 rows=119 width=4)
	        Index Cond: ((id >= 5756459) AND (id <= 5756558))

table 2 : explain SELECT SUM(k) FROM sbtest2 WHERE id BETWEEN 4456638 AND 4456737
	Aggregate  (cost=389.07..389.08 rows=1 width=8)
	  ->  Index Scan using sbtest2_pkey on sbtest2  (cost=0.43..388.82 rows=101 width=4)
	        Index Cond: ((id >= 4456638) AND (id <= 4456737))

table 3 : explain SELECT SUM(k) FROM sbtest3 WHERE id BETWEEN 4719904 AND 4720003
	Aggregate  (cost=379.52..379.53 rows=1 width=8)
	  ->  Index Scan using sbtest3_pkey on sbtest3  (cost=0.43..379.28 rows=98 width=4)
	        Index Cond: ((id >= 4719904) AND (id <= 4720003))

table 4 : explain SELECT SUM(k) FROM sbtest4 WHERE id BETWEEN 5196387 AND 5196486
	Aggregate  (cost=342.14..342.15 rows=1 width=8)
	  ->  Index Scan using sbtest4_pkey on sbtest4  (cost=0.43..341.92 rows=89 width=4)
	        Index Cond: ((id >= 5196387) AND (id <= 5196486))

table 5 : explain SELECT SUM(k) FROM sbtest5 WHERE id BETWEEN 1001635 AND 1001734
	Aggregate  (cost=388.68..388.69 rows=1 width=8)
	  ->  Index Scan using sbtest5_pkey on sbtest5  (cost=0.43..388.43 rows=101 width=4)
	        Index Cond: ((id >= 1001635) AND (id <= 1001734))

table 6 : explain SELECT SUM(k) FROM sbtest6 WHERE id BETWEEN 5305596 AND 5305695
	Aggregate  (cost=384.69..384.70 rows=1 width=8)
	  ->  Index Scan using sbtest6_pkey on sbtest6  (cost=0.43..384.44 rows=100 width=4)
	        Index Cond: ((id >= 5305596) AND (id <= 5305695))

table 7 : explain SELECT SUM(k) FROM sbtest7 WHERE id BETWEEN 9800955 AND 9801054
	Aggregate  (cost=371.82..371.83 rows=1 width=8)
	  ->  Index Scan using sbtest7_pkey on sbtest7  (cost=0.43..371.58 rows=97 width=4)
	        Index Cond: ((id >= 9800955) AND (id <= 9801054))

table 8 : explain SELECT SUM(k) FROM sbtest8 WHERE id BETWEEN 794345 AND 794444
	Aggregate  (cost=359.50..359.51 rows=1 width=8)
	  ->  Index Scan using sbtest8_pkey on sbtest8  (cost=0.43..359.26 rows=94 width=4)
	        Index Cond: ((id >= 794345) AND (id <= 794444))

for: simple_ranges
table 1 : explain SELECT c FROM sbtest1 WHERE id BETWEEN 6628642 AND 6628741
	Index Scan using sbtest1_pkey on sbtest1  (cost=0.43..364.88 rows=95 width=121)
	  Index Cond: ((id >= 6628642) AND (id <= 6628741))

table 2 : explain SELECT c FROM sbtest2 WHERE id BETWEEN 6103256 AND 6103355
	Index Scan using sbtest2_pkey on sbtest2  (cost=0.43..381.21 rows=99 width=121)
	  Index Cond: ((id >= 6103256) AND (id <= 6103355))

table 3 : explain SELECT c FROM sbtest3 WHERE id BETWEEN 6919403 AND 6919502
	Index Scan using sbtest3_pkey on sbtest3  (cost=0.43..409.85 rows=106 width=121)
	  Index Cond: ((id >= 6919403) AND (id <= 6919502))

table 4 : explain SELECT c FROM sbtest4 WHERE id BETWEEN 3651491 AND 3651590
	Index Scan using sbtest4_pkey on sbtest4  (cost=0.43..395.01 rows=103 width=121)
	  Index Cond: ((id >= 3651491) AND (id <= 3651590))

table 5 : explain SELECT c FROM sbtest5 WHERE id BETWEEN 2925087 AND 2925186
	Index Scan using sbtest5_pkey on sbtest5  (cost=0.43..407.42 rows=106 width=121)
	  Index Cond: ((id >= 2925087) AND (id <= 2925186))

table 6 : explain SELECT c FROM sbtest6 WHERE id BETWEEN 9341158 AND 9341257
	Index Scan using sbtest6_pkey on sbtest6  (cost=0.43..388.24 rows=101 width=121)
	  Index Cond: ((id >= 9341158) AND (id <= 9341257))

table 7 : explain SELECT c FROM sbtest7 WHERE id BETWEEN 3221588 AND 3221687
	Index Scan using sbtest7_pkey on sbtest7  (cost=0.43..390.48 rows=102 width=121)
	  Index Cond: ((id >= 3221588) AND (id <= 3221687))

table 8 : explain SELECT c FROM sbtest8 WHERE id BETWEEN 5812986 AND 5813085
	Index Scan using sbtest8_pkey on sbtest8  (cost=0.43..415.82 rows=109 width=121)
	  Index Cond: ((id >= 5812986) AND (id <= 5813085))

for: distinct_ranges
table 1 : explain SELECT DISTINCT c FROM sbtest1 WHERE id BETWEEN 1783720 AND 1783819 ORDER BY c
	Unique  (cost=371.83..372.31 rows=96 width=121)
	  ->  Sort  (cost=371.83..372.07 rows=96 width=121)
	        Sort Key: c
	        ->  Index Scan using sbtest1_pkey on sbtest1  (cost=0.43..368.67 rows=96 width=121)
	              Index Cond: ((id >= 1783720) AND (id <= 1783819))

table 2 : explain SELECT DISTINCT c FROM sbtest2 WHERE id BETWEEN 2338669 AND 2338768 ORDER BY c
	Unique  (cost=376.81..377.30 rows=97 width=121)
	  ->  Sort  (cost=376.81..377.05 rows=97 width=121)
	        Sort Key: c
	        ->  Index Scan using sbtest2_pkey on sbtest2  (cost=0.43..373.61 rows=97 width=121)
	              Index Cond: ((id >= 2338669) AND (id <= 2338768))

table 3 : explain SELECT DISTINCT c FROM sbtest3 WHERE id BETWEEN 1160084 AND 1160183 ORDER BY c
	Unique  (cost=370.93..371.41 rows=95 width=121)
	  ->  Sort  (cost=370.93..371.17 rows=95 width=121)
	        Sort Key: c
	        ->  Index Scan using sbtest3_pkey on sbtest3  (cost=0.43..367.81 rows=95 width=121)
	              Index Cond: ((id >= 1160084) AND (id <= 1160183))

table 4 : explain SELECT DISTINCT c FROM sbtest4 WHERE id BETWEEN 5313038 AND 5313137 ORDER BY c
	Unique  (cost=413.77..414.30 rows=107 width=121)
	  ->  Sort  (cost=413.77..414.04 rows=107 width=121)
	        Sort Key: c
	        ->  Index Scan using sbtest4_pkey on sbtest4  (cost=0.43..410.16 rows=107 width=121)
	              Index Cond: ((id >= 5313038) AND (id <= 5313137))

table 5 : explain SELECT DISTINCT c FROM sbtest5 WHERE id BETWEEN 9780905 AND 9781004 ORDER BY c
	Unique  (cost=391.79..392.30 rows=101 width=121)
	  ->  Sort  (cost=391.79..392.05 rows=101 width=121)
	        Sort Key: c
	        ->  Index Scan using sbtest5_pkey on sbtest5  (cost=0.43..388.43 rows=101 width=121)
	              Index Cond: ((id >= 9780905) AND (id <= 9781004))

table 6 : explain SELECT DISTINCT c FROM sbtest6 WHERE id BETWEEN 3608533 AND 3608632 ORDER BY c
	Unique  (cost=360.86..361.32 rows=93 width=121)
	  ->  Sort  (cost=360.86..361.09 rows=93 width=121)
	        Sort Key: c
	        ->  Index Scan using sbtest6_pkey on sbtest6  (cost=0.43..357.82 rows=93 width=121)
	              Index Cond: ((id >= 3608533) AND (id <= 3608632))

table 7 : explain SELECT DISTINCT c FROM sbtest7 WHERE id BETWEEN 3625551 AND 3625650 ORDER BY c
	Unique  (cost=370.96..371.44 rows=96 width=121)
	  ->  Sort  (cost=370.96..371.20 rows=96 width=121)
	        Sort Key: c
	        ->  Index Scan using sbtest7_pkey on sbtest7  (cost=0.43..367.80 rows=96 width=121)
	              Index Cond: ((id >= 3625551) AND (id <= 3625650))

table 8 : explain SELECT DISTINCT c FROM sbtest8 WHERE id BETWEEN 1525149 AND 1525248 ORDER BY c
	Unique  (cost=373.78..374.26 rows=97 width=121)
	  ->  Sort  (cost=373.78..374.02 rows=97 width=121)
	        Sort Key: c
	        ->  Index Scan using sbtest8_pkey on sbtest8  (cost=0.43..370.57 rows=97 width=121)
	              Index Cond: ((id >= 1525149) AND (id <= 1525248))

explain: for index_updates :: explain UPDATE sbtest%u SET k=k+1 WHERE id=%u
for: order_ranges
table 1 : explain SELECT c FROM sbtest1 WHERE id BETWEEN 7470310 AND 7470409 ORDER BY c
	Sort  (cost=379.49..379.74 rows=98 width=121)
	  Sort Key: c
	  ->  Index Scan using sbtest1_pkey on sbtest1  (cost=0.43..376.25 rows=98 width=121)
	        Index Cond: ((id >= 7470310) AND (id <= 7470409))

table 2 : explain SELECT c FROM sbtest2 WHERE id BETWEEN 5439831 AND 5439930 ORDER BY c
	Sort  (cost=403.71..403.97 rows=104 width=121)
	  Sort Key: c
	  ->  Index Scan using sbtest2_pkey on sbtest2  (cost=0.43..400.22 rows=104 width=121)
	        Index Cond: ((id >= 5439831) AND (id <= 5439930))

table 3 : explain SELECT c FROM sbtest3 WHERE id BETWEEN 8856237 AND 8856336 ORDER BY c
	Sort  (cost=397.97..398.22 rows=102 width=121)
	  Sort Key: c
	  ->  Index Scan using sbtest3_pkey on sbtest3  (cost=0.43..394.56 rows=102 width=121)
	        Index Cond: ((id >= 8856237) AND (id <= 8856336))

table 4 : explain SELECT c FROM sbtest4 WHERE id BETWEEN 752428 AND 752527 ORDER BY c
	Sort  (cost=383.14..383.39 rows=99 width=121)
	  Sort Key: c
	  ->  Index Scan using sbtest4_pkey on sbtest4  (cost=0.43..379.86 rows=99 width=121)
	        Index Cond: ((id >= 752428) AND (id <= 752527))

table 5 : explain SELECT c FROM sbtest5 WHERE id BETWEEN 4389495 AND 4389594 ORDER BY c
	Sort  (cost=422.50..422.78 rows=109 width=121)
	  Sort Key: c
	  ->  Index Scan using sbtest5_pkey on sbtest5  (cost=0.43..418.82 rows=109 width=121)
	        Index Cond: ((id >= 4389495) AND (id <= 4389594))

table 6 : explain SELECT c FROM sbtest6 WHERE id BETWEEN 6044889 AND 6044988 ORDER BY c
	Sort  (cost=368.58..368.82 rows=95 width=121)
	  Sort Key: c
	  ->  Index Scan using sbtest6_pkey on sbtest6  (cost=0.43..365.46 rows=95 width=121)
	        Index Cond: ((id >= 6044889) AND (id <= 6044988))

table 7 : explain SELECT c FROM sbtest7 WHERE id BETWEEN 6210843 AND 6210942 ORDER BY c
	Sort  (cost=443.57..443.85 rows=115 width=121)
	  Sort Key: c
	  ->  Index Scan using sbtest7_pkey on sbtest7  (cost=0.43..439.63 rows=115 width=121)
	        Index Cond: ((id >= 6210843) AND (id <= 6210942))

table 8 : explain SELECT c FROM sbtest8 WHERE id BETWEEN 7997577 AND 7997676 ORDER BY c
	Sort  (cost=362.34..362.58 rows=94 width=121)
	  Sort Key: c
	  ->  Index Scan using sbtest8_pkey on sbtest8  (cost=0.43..359.26 rows=94 width=121)
	        Index Cond: ((id >= 7997577) AND (id <= 7997676))

for point_selects
table 1 : explain SELECT c FROM sbtest1 WHERE id=9929251
	Index Scan using sbtest1_pkey on sbtest1  (cost=0.43..8.45 rows=1 width=121)
	  Index Cond: (id = 9929251)

table 2 : explain SELECT c FROM sbtest2 WHERE id=6872671
	Index Scan using sbtest2_pkey on sbtest2  (cost=0.43..8.45 rows=1 width=121)
	  Index Cond: (id = 6872671)

table 3 : explain SELECT c FROM sbtest3 WHERE id=1282877
	Index Scan using sbtest3_pkey on sbtest3  (cost=0.43..8.45 rows=1 width=121)
	  Index Cond: (id = 1282877)

table 4 : explain SELECT c FROM sbtest4 WHERE id=4051812
	Index Scan using sbtest4_pkey on sbtest4  (cost=0.43..8.45 rows=1 width=121)
	  Index Cond: (id = 4051812)

table 5 : explain SELECT c FROM sbtest5 WHERE id=8017966
	Index Scan using sbtest5_pkey on sbtest5  (cost=0.43..8.45 rows=1 width=121)
	  Index Cond: (id = 8017966)

table 6 : explain SELECT c FROM sbtest6 WHERE id=3373084
	Index Scan using sbtest6_pkey on sbtest6  (cost=0.43..8.45 rows=1 width=121)
	  Index Cond: (id = 3373084)

table 7 : explain SELECT c FROM sbtest7 WHERE id=6807866
	Index Scan using sbtest7_pkey on sbtest7  (cost=0.43..8.45 rows=1 width=121)
	  Index Cond: (id = 6807866)

table 8 : explain SELECT c FROM sbtest8 WHERE id=1839593
	Index Scan using sbtest8_pkey on sbtest8  (cost=0.43..8.45 rows=1 width=121)
	  Index Cond: (id = 1839593)

for non_index_updates
table 1 : explain UPDATE sbtest1 SET c='foobar' WHERE id=3023403
	Update on sbtest1  (cost=0.43..8.45 rows=1 width=559)
	  ->  Index Scan using sbtest1_pkey on sbtest1  (cost=0.43..8.45 rows=1 width=559)
	        Index Cond: (id = 3023403)

table 2 : explain UPDATE sbtest2 SET c='foobar' WHERE id=2930766
	Update on sbtest2  (cost=0.43..8.45 rows=1 width=559)
	  ->  Index Scan using sbtest2_pkey on sbtest2  (cost=0.43..8.45 rows=1 width=559)
	        Index Cond: (id = 2930766)

table 3 : explain UPDATE sbtest3 SET c='foobar' WHERE id=8529891
	Update on sbtest3  (cost=0.43..8.45 rows=1 width=559)
	  ->  Index Scan using sbtest3_pkey on sbtest3  (cost=0.43..8.45 rows=1 width=559)
	        Index Cond: (id = 8529891)

table 4 : explain UPDATE sbtest4 SET c='foobar' WHERE id=530345
	Update on sbtest4  (cost=0.43..8.45 rows=1 width=559)
	  ->  Index Scan using sbtest4_pkey on sbtest4  (cost=0.43..8.45 rows=1 width=559)
	        Index Cond: (id = 530345)

table 5 : explain UPDATE sbtest5 SET c='foobar' WHERE id=3276413
	Update on sbtest5  (cost=0.43..8.45 rows=1 width=559)
	  ->  Index Scan using sbtest5_pkey on sbtest5  (cost=0.43..8.45 rows=1 width=559)
	        Index Cond: (id = 3276413)

table 6 : explain UPDATE sbtest6 SET c='foobar' WHERE id=3427905
	Update on sbtest6  (cost=0.43..8.45 rows=1 width=559)
	  ->  Index Scan using sbtest6_pkey on sbtest6  (cost=0.43..8.45 rows=1 width=559)
	        Index Cond: (id = 3427905)

table 7 : explain UPDATE sbtest7 SET c='foobar' WHERE id=9348526
	Update on sbtest7  (cost=0.43..8.45 rows=1 width=559)
	  ->  Index Scan using sbtest7_pkey on sbtest7  (cost=0.43..8.45 rows=1 width=559)
	        Index Cond: (id = 9348526)

table 8 : explain UPDATE sbtest8 SET c='foobar' WHERE id=6091306
	Update on sbtest8  (cost=0.43..8.45 rows=1 width=559)
	  ->  Index Scan using sbtest8_pkey on sbtest8  (cost=0.43..8.45 rows=1 width=559)
	        Index Cond: (id = 6091306)

for: simple_ranges
table 1 : explain SELECT c FROM sbtest1 WHERE id BETWEEN 5858878 AND 5858977
	Index Scan using sbtest1_pkey on sbtest1  (cost=0.43..380.04 rows=99 width=121)
	  Index Cond: ((id >= 5858878) AND (id <= 5858977))

table 2 : explain SELECT c FROM sbtest2 WHERE id BETWEEN 1395442 AND 1395541
	Index Scan using sbtest2_pkey on sbtest2  (cost=0.43..396.42 rows=103 width=121)
	  Index Cond: ((id >= 1395442) AND (id <= 1395541))

table 3 : explain SELECT c FROM sbtest3 WHERE id BETWEEN 7532328 AND 7532427
	Index Scan using sbtest3_pkey on sbtest3  (cost=0.43..383.10 rows=99 width=121)
	  Index Cond: ((id >= 7532328) AND (id <= 7532427))

table 4 : explain SELECT c FROM sbtest4 WHERE id BETWEEN 7982576 AND 7982675
	Index Scan using sbtest4_pkey on sbtest4  (cost=0.43..383.65 rows=100 width=121)
	  Index Cond: ((id >= 7982576) AND (id <= 7982675))

table 5 : explain SELECT c FROM sbtest5 WHERE id BETWEEN 5758552 AND 5758651
	Index Scan using sbtest5_pkey on sbtest5  (cost=0.43..396.03 rows=103 width=121)
	  Index Cond: ((id >= 5758552) AND (id <= 5758651))

table 6 : explain SELECT c FROM sbtest6 WHERE id BETWEEN 9084100 AND 9084199
	Index Scan using sbtest6_pkey on sbtest6  (cost=0.43..338.83 rows=88 width=121)
	  Index Cond: ((id >= 9084100) AND (id <= 9084199))

table 7 : explain SELECT c FROM sbtest7 WHERE id BETWEEN 4691312 AND 4691411
	Index Scan using sbtest7_pkey on sbtest7  (cost=0.43..382.92 rows=100 width=121)
	  Index Cond: ((id >= 4691312) AND (id <= 4691411))

table 8 : explain SELECT c FROM sbtest8 WHERE id BETWEEN 3269551 AND 3269650
	Index Scan using sbtest8_pkey on sbtest8  (cost=0.43..396.97 rows=104 width=121)
	  Index Cond: ((id >= 3269551) AND (id <= 3269650))

for: order_ranges
table 1 : explain SELECT c FROM sbtest1 WHERE id BETWEEN 5488717 AND 5488816 ORDER BY c
	Sort  (cost=356.45..356.68 rows=92 width=121)
	  Sort Key: c
	  ->  Index Scan using sbtest1_pkey on sbtest1  (cost=0.43..353.45 rows=92 width=121)
	        Index Cond: ((id >= 5488717) AND (id <= 5488816))

table 2 : explain SELECT c FROM sbtest2 WHERE id BETWEEN 4936961 AND 4937060 ORDER BY c
	Sort  (cost=334.50..334.71 rows=86 width=121)
	  Sort Key: c
	  ->  Index Scan using sbtest2_pkey on sbtest2  (cost=0.43..331.73 rows=86 width=121)
	        Index Cond: ((id >= 4936961) AND (id <= 4937060))

table 3 : explain SELECT c FROM sbtest3 WHERE id BETWEEN 6450918 AND 6451017 ORDER BY c
	Sort  (cost=401.83..402.08 rows=103 width=121)
	  Sort Key: c
	  ->  Index Scan using sbtest3_pkey on sbtest3  (cost=0.43..398.38 rows=103 width=121)
	        Index Cond: ((id >= 6450918) AND (id <= 6451017))

table 4 : explain SELECT c FROM sbtest4 WHERE id BETWEEN 1534363 AND 1534462 ORDER BY c
	Sort  (cost=386.97..387.22 rows=100 width=121)
	  Sort Key: c
	  ->  Index Scan using sbtest4_pkey on sbtest4  (cost=0.43..383.65 rows=100 width=121)
	        Index Cond: ((id >= 1534363) AND (id <= 1534462))

table 5 : explain SELECT c FROM sbtest5 WHERE id BETWEEN 3440596 AND 3440695 ORDER BY c
	Sort  (cost=399.47..399.73 rows=103 width=121)
	  Sort Key: c
	  ->  Index Scan using sbtest5_pkey on sbtest5  (cost=0.43..396.03 rows=103 width=121)
	        Index Cond: ((id >= 3440596) AND (id <= 3440695))

table 6 : explain SELECT c FROM sbtest6 WHERE id BETWEEN 5922684 AND 5922783 ORDER BY c
	Sort  (cost=387.77..388.02 rows=100 width=121)
	  Sort Key: c
	  ->  Index Scan using sbtest6_pkey on sbtest6  (cost=0.43..384.44 rows=100 width=121)
	        Index Cond: ((id >= 5922684) AND (id <= 5922783))

table 7 : explain SELECT c FROM sbtest7 WHERE id BETWEEN 2290112 AND 2290211 ORDER BY c
	Sort  (cost=393.88..394.14 rows=102 width=121)
	  Sort Key: c
	  ->  Index Scan using sbtest7_pkey on sbtest7  (cost=0.43..390.48 rows=102 width=121)
	        Index Cond: ((id >= 2290112) AND (id <= 2290211))

table 8 : explain SELECT c FROM sbtest8 WHERE id BETWEEN 4402773 AND 4402872 ORDER BY c
	Sort  (cost=396.64..396.90 rows=103 width=121)
	  Sort Key: c
	  ->  Index Scan using sbtest8_pkey on sbtest8  (cost=0.43..393.20 rows=103 width=121)
	        Index Cond: ((id >= 4402773) AND (id <= 4402872))

for index_updates
table 1 : explain UPDATE sbtest1 SET k=k+1 WHERE id=496391
	Update on sbtest1  (cost=0.43..8.46 rows=1 width=196)
	  ->  Index Scan using sbtest1_pkey on sbtest1  (cost=0.43..8.46 rows=1 width=196)
	        Index Cond: (id = 496391)

table 2 : explain UPDATE sbtest2 SET k=k+1 WHERE id=3791956
	Update on sbtest2  (cost=0.43..8.46 rows=1 width=196)
	  ->  Index Scan using sbtest2_pkey on sbtest2  (cost=0.43..8.46 rows=1 width=196)
	        Index Cond: (id = 3791956)

table 3 : explain UPDATE sbtest3 SET k=k+1 WHERE id=5965256
	Update on sbtest3  (cost=0.43..8.46 rows=1 width=196)
	  ->  Index Scan using sbtest3_pkey on sbtest3  (cost=0.43..8.46 rows=1 width=196)
	        Index Cond: (id = 5965256)

table 4 : explain UPDATE sbtest4 SET k=k+1 WHERE id=3479256
	Update on sbtest4  (cost=0.43..8.46 rows=1 width=196)
	  ->  Index Scan using sbtest4_pkey on sbtest4  (cost=0.43..8.46 rows=1 width=196)
	        Index Cond: (id = 3479256)

table 5 : explain UPDATE sbtest5 SET k=k+1 WHERE id=1603893
	Update on sbtest5  (cost=0.43..8.46 rows=1 width=196)
	  ->  Index Scan using sbtest5_pkey on sbtest5  (cost=0.43..8.46 rows=1 width=196)
	        Index Cond: (id = 1603893)

table 6 : explain UPDATE sbtest6 SET k=k+1 WHERE id=8621990
	Update on sbtest6  (cost=0.43..8.46 rows=1 width=196)
	  ->  Index Scan using sbtest6_pkey on sbtest6  (cost=0.43..8.46 rows=1 width=196)
	        Index Cond: (id = 8621990)

table 7 : explain UPDATE sbtest7 SET k=k+1 WHERE id=7633060
	Update on sbtest7  (cost=0.43..8.46 rows=1 width=196)
	  ->  Index Scan using sbtest7_pkey on sbtest7  (cost=0.43..8.46 rows=1 width=196)
	        Index Cond: (id = 7633060)

table 8 : explain UPDATE sbtest8 SET k=k+1 WHERE id=4760353
	Update on sbtest8  (cost=0.43..8.46 rows=1 width=196)
	  ->  Index Scan using sbtest8_pkey on sbtest8  (cost=0.43..8.46 rows=1 width=196)
	        Index Cond: (id = 4760353)

for: sum_ranges
table 1 : explain SELECT SUM(k) FROM sbtest1 WHERE id BETWEEN 6740050 AND 6740149
	Aggregate  (cost=357.48..357.49 rows=1 width=8)
	  ->  Index Scan using sbtest1_pkey on sbtest1  (cost=0.43..357.24 rows=93 width=4)
	        Index Cond: ((id >= 6740050) AND (id <= 6740149))

table 2 : explain SELECT SUM(k) FROM sbtest2 WHERE id BETWEEN 4257446 AND 4257545
	Aggregate  (cost=385.27..385.28 rows=1 width=8)
	  ->  Index Scan using sbtest2_pkey on sbtest2  (cost=0.43..385.02 rows=100 width=4)
	        Index Cond: ((id >= 4257446) AND (id <= 4257545))

table 3 : explain SELECT SUM(k) FROM sbtest3 WHERE id BETWEEN 3070157 AND 3070256
	Aggregate  (cost=398.64..398.65 rows=1 width=8)
	  ->  Index Scan using sbtest3_pkey on sbtest3  (cost=0.43..398.38 rows=103 width=4)
	        Index Cond: ((id >= 3070157) AND (id <= 3070256))

table 4 : explain SELECT SUM(k) FROM sbtest4 WHERE id BETWEEN 9643137 AND 9643236
	Aggregate  (cost=380.10..380.11 rows=1 width=8)
	  ->  Index Scan using sbtest4_pkey on sbtest4  (cost=0.43..379.86 rows=99 width=4)
	        Index Cond: ((id >= 9643137) AND (id <= 9643236))

table 5 : explain SELECT SUM(k) FROM sbtest5 WHERE id BETWEEN 2771347 AND 2771446
	Aggregate  (cost=396.29..396.30 rows=1 width=8)
	  ->  Index Scan using sbtest5_pkey on sbtest5  (cost=0.43..396.03 rows=103 width=4)
	        Index Cond: ((id >= 2771347) AND (id <= 2771446))

table 6 : explain SELECT SUM(k) FROM sbtest6 WHERE id BETWEEN 2384124 AND 2384223
	Aggregate  (cost=411.28..411.29 rows=1 width=8)
	  ->  Index Scan using sbtest6_pkey on sbtest6  (cost=0.43..411.02 rows=107 width=4)
	        Index Cond: ((id >= 2384124) AND (id <= 2384223))

table 7 : explain SELECT SUM(k) FROM sbtest7 WHERE id BETWEEN 9153460 AND 9153559
	Aggregate  (cost=379.39..379.40 rows=1 width=8)
	  ->  Index Scan using sbtest7_pkey on sbtest7  (cost=0.43..379.14 rows=99 width=4)
	        Index Cond: ((id >= 9153460) AND (id <= 9153559))

table 8 : explain SELECT SUM(k) FROM sbtest8 WHERE id BETWEEN 1343912 AND 1344011
	Aggregate  (cost=382.13..382.14 rows=1 width=8)
	  ->  Index Scan using sbtest8_pkey on sbtest8  (cost=0.43..381.88 rows=100 width=4)
	        Index Cond: ((id >= 1343912) AND (id <= 1344011))

explain: for deletes :: explain DELETE FROM sbtest%u WHERE id=%u
for: sum_ranges
table 1 : explain SELECT SUM(k) FROM sbtest1 WHERE id BETWEEN 1289794 AND 1289893
	Aggregate  (cost=384.08..384.09 rows=1 width=8)
	  ->  Index Scan using sbtest1_pkey on sbtest1  (cost=0.43..383.83 rows=100 width=4)
	        Index Cond: ((id >= 1289794) AND (id <= 1289893))

table 2 : explain SELECT SUM(k) FROM sbtest2 WHERE id BETWEEN 6693411 AND 6693510
	Aggregate  (cost=408.09..408.10 rows=1 width=8)
	  ->  Index Scan using sbtest2_pkey on sbtest2  (cost=0.43..407.83 rows=106 width=4)
	        Index Cond: ((id >= 6693411) AND (id <= 6693510))

table 3 : explain SELECT SUM(k) FROM sbtest3 WHERE id BETWEEN 2041905 AND 2042004
	Aggregate  (cost=398.64..398.65 rows=1 width=8)
	  ->  Index Scan using sbtest3_pkey on sbtest3  (cost=0.43..398.38 rows=103 width=4)
	        Index Cond: ((id >= 2041905) AND (id <= 2042004))

table 4 : explain SELECT SUM(k) FROM sbtest4 WHERE id BETWEEN 4655658 AND 4655757
	Aggregate  (cost=406.64..406.65 rows=1 width=8)
	  ->  Index Scan using sbtest4_pkey on sbtest4  (cost=0.43..406.37 rows=106 width=4)
	        Index Cond: ((id >= 4655658) AND (id <= 4655757))

table 5 : explain SELECT SUM(k) FROM sbtest5 WHERE id BETWEEN 4615594 AND 4615693
	Aggregate  (cost=358.22..358.23 rows=1 width=8)
	  ->  Index Scan using sbtest5_pkey on sbtest5  (cost=0.43..357.99 rows=93 width=4)
	        Index Cond: ((id >= 4615594) AND (id <= 4615693))

table 6 : explain SELECT SUM(k) FROM sbtest6 WHERE id BETWEEN 3430151 AND 3430250
	Aggregate  (cost=373.30..373.31 rows=1 width=8)
	  ->  Index Scan using sbtest6_pkey on sbtest6  (cost=0.43..373.06 rows=97 width=4)
	        Index Cond: ((id >= 3430151) AND (id <= 3430250))

table 7 : explain SELECT SUM(k) FROM sbtest7 WHERE id BETWEEN 7871957 AND 7872056
	Aggregate  (cost=364.25..364.26 rows=1 width=8)
	  ->  Index Scan using sbtest7_pkey on sbtest7  (cost=0.43..364.02 rows=95 width=4)
	        Index Cond: ((id >= 7871957) AND (id <= 7872056))

table 8 : explain SELECT SUM(k) FROM sbtest8 WHERE id BETWEEN 1678750 AND 1678849
	Aggregate  (cost=412.32..412.33 rows=1 width=8)
	  ->  Index Scan using sbtest8_pkey on sbtest8  (cost=0.43..412.05 rows=108 width=4)
	        Index Cond: ((id >= 1678750) AND (id <= 1678849))

for index_updates
table 1 : explain UPDATE sbtest1 SET k=k+1 WHERE id=7175957
	Update on sbtest1  (cost=0.43..8.46 rows=1 width=196)
	  ->  Index Scan using sbtest1_pkey on sbtest1  (cost=0.43..8.46 rows=1 width=196)
	        Index Cond: (id = 7175957)

table 2 : explain UPDATE sbtest2 SET k=k+1 WHERE id=2887372
	Update on sbtest2  (cost=0.43..8.46 rows=1 width=196)
	  ->  Index Scan using sbtest2_pkey on sbtest2  (cost=0.43..8.46 rows=1 width=196)
	        Index Cond: (id = 2887372)

table 3 : explain UPDATE sbtest3 SET k=k+1 WHERE id=500290
	Update on sbtest3  (cost=0.43..8.46 rows=1 width=196)
	  ->  Index Scan using sbtest3_pkey on sbtest3  (cost=0.43..8.46 rows=1 width=196)
	        Index Cond: (id = 500290)

table 4 : explain UPDATE sbtest4 SET k=k+1 WHERE id=1271722
	Update on sbtest4  (cost=0.43..8.46 rows=1 width=196)
	  ->  Index Scan using sbtest4_pkey on sbtest4  (cost=0.43..8.46 rows=1 width=196)
	        Index Cond: (id = 1271722)

table 5 : explain UPDATE sbtest5 SET k=k+1 WHERE id=1725959
	Update on sbtest5  (cost=0.43..8.46 rows=1 width=196)
	  ->  Index Scan using sbtest5_pkey on sbtest5  (cost=0.43..8.46 rows=1 width=196)
	        Index Cond: (id = 1725959)

table 6 : explain UPDATE sbtest6 SET k=k+1 WHERE id=4496030
	Update on sbtest6  (cost=0.43..8.46 rows=1 width=196)
	  ->  Index Scan using sbtest6_pkey on sbtest6  (cost=0.43..8.46 rows=1 width=196)
	        Index Cond: (id = 4496030)

table 7 : explain UPDATE sbtest7 SET k=k+1 WHERE id=2574135
	Update on sbtest7  (cost=0.43..8.46 rows=1 width=196)
	  ->  Index Scan using sbtest7_pkey on sbtest7  (cost=0.43..8.46 rows=1 width=196)
	        Index Cond: (id = 2574135)

table 8 : explain UPDATE sbtest8 SET k=k+1 WHERE id=776308
	Update on sbtest8  (cost=0.43..8.46 rows=1 width=196)
	  ->  Index Scan using sbtest8_pkey on sbtest8  (cost=0.43..8.46 rows=1 width=196)
	        Index Cond: (id = 776308)

for point_selects
table 1 : explain SELECT c FROM sbtest1 WHERE id=7579860
	Index Scan using sbtest1_pkey on sbtest1  (cost=0.43..8.45 rows=1 width=121)
	  Index Cond: (id = 7579860)

table 2 : explain SELECT c FROM sbtest2 WHERE id=3783334
	Index Scan using sbtest2_pkey on sbtest2  (cost=0.43..8.45 rows=1 width=121)
	  Index Cond: (id = 3783334)

table 3 : explain SELECT c FROM sbtest3 WHERE id=9847779
	Index Scan using sbtest3_pkey on sbtest3  (cost=0.43..8.45 rows=1 width=121)
	  Index Cond: (id = 9847779)

table 4 : explain SELECT c FROM sbtest4 WHERE id=3460393
	Index Scan using sbtest4_pkey on sbtest4  (cost=0.43..8.45 rows=1 width=121)
	  Index Cond: (id = 3460393)

table 5 : explain SELECT c FROM sbtest5 WHERE id=7342375
	Index Scan using sbtest5_pkey on sbtest5  (cost=0.43..8.45 rows=1 width=121)
	  Index Cond: (id = 7342375)

table 6 : explain SELECT c FROM sbtest6 WHERE id=3686370
	Index Scan using sbtest6_pkey on sbtest6  (cost=0.43..8.45 rows=1 width=121)
	  Index Cond: (id = 3686370)

table 7 : explain SELECT c FROM sbtest7 WHERE id=6677982
	Index Scan using sbtest7_pkey on sbtest7  (cost=0.43..8.45 rows=1 width=121)
	  Index Cond: (id = 6677982)

table 8 : explain SELECT c FROM sbtest8 WHERE id=5835701
	Index Scan using sbtest8_pkey on sbtest8  (cost=0.43..8.45 rows=1 width=121)
	  Index Cond: (id = 5835701)

for: simple_ranges
table 1 : explain SELECT c FROM sbtest1 WHERE id BETWEEN 7068007 AND 7068106
	Index Scan using sbtest1_pkey on sbtest1  (cost=0.43..376.25 rows=98 width=121)
	  Index Cond: ((id >= 7068007) AND (id <= 7068106))

table 2 : explain SELECT c FROM sbtest2 WHERE id BETWEEN 5327403 AND 5327502
	Index Scan using sbtest2_pkey on sbtest2  (cost=0.43..369.81 rows=96 width=121)
	  Index Cond: ((id >= 5327403) AND (id <= 5327502))

table 3 : explain SELECT c FROM sbtest3 WHERE id BETWEEN 3432900 AND 3432999
	Index Scan using sbtest3_pkey on sbtest3  (cost=0.43..360.17 rows=93 width=121)
	  Index Cond: ((id >= 3432900) AND (id <= 3432999))

table 4 : explain SELECT c FROM sbtest4 WHERE id BETWEEN 3427371 AND 3427470
	Index Scan using sbtest4_pkey on sbtest4  (cost=0.43..360.92 rows=94 width=121)
	  Index Cond: ((id >= 3427371) AND (id <= 3427470))

table 5 : explain SELECT c FROM sbtest5 WHERE id BETWEEN 7652297 AND 7652396
	Index Scan using sbtest5_pkey on sbtest5  (cost=0.43..369.39 rows=96 width=121)
	  Index Cond: ((id >= 7652297) AND (id <= 7652396))

table 6 : explain SELECT c FROM sbtest6 WHERE id BETWEEN 8855751 AND 8855850
	Index Scan using sbtest6_pkey on sbtest6  (cost=0.43..384.44 rows=100 width=121)
	  Index Cond: ((id >= 8855751) AND (id <= 8855850))

table 7 : explain SELECT c FROM sbtest7 WHERE id BETWEEN 2635394 AND 2635493
	Index Scan using sbtest7_pkey on sbtest7  (cost=0.43..375.36 rows=98 width=121)
	  Index Cond: ((id >= 2635394) AND (id <= 2635493))

table 8 : explain SELECT c FROM sbtest8 WHERE id BETWEEN 5658649 AND 5658748
	Index Scan using sbtest8_pkey on sbtest8  (cost=0.43..374.34 rows=98 width=121)
	  Index Cond: ((id >= 5658649) AND (id <= 5658748))

explain: for non_index_updates :: explain UPDATE sbtest%u SET c='foobar' WHERE id=%u
for point_selects
table 1 : explain SELECT c FROM sbtest1 WHERE id=3098719
	Index Scan using sbtest1_pkey on sbtest1  (cost=0.43..8.45 rows=1 width=121)
	  Index Cond: (id = 3098719)

table 2 : explain SELECT c FROM sbtest2 WHERE id=3091013
	Index Scan using sbtest2_pkey on sbtest2  (cost=0.43..8.45 rows=1 width=121)
	  Index Cond: (id = 3091013)

table 3 : explain SELECT c FROM sbtest3 WHERE id=1834062
	Index Scan using sbtest3_pkey on sbtest3  (cost=0.43..8.45 rows=1 width=121)
	  Index Cond: (id = 1834062)

table 4 : explain SELECT c FROM sbtest4 WHERE id=3751
	Index Scan using sbtest4_pkey on sbtest4  (cost=0.43..8.45 rows=1 width=121)
	  Index Cond: (id = 3751)

table 5 : explain SELECT c FROM sbtest5 WHERE id=1460254
	Index Scan using sbtest5_pkey on sbtest5  (cost=0.43..8.45 rows=1 width=121)
	  Index Cond: (id = 1460254)

table 6 : explain SELECT c FROM sbtest6 WHERE id=5354704
	Index Scan using sbtest6_pkey on sbtest6  (cost=0.43..8.45 rows=1 width=121)
	  Index Cond: (id = 5354704)

table 7 : explain SELECT c FROM sbtest7 WHERE id=6045888
	Index Scan using sbtest7_pkey on sbtest7  (cost=0.43..8.45 rows=1 width=121)
	  Index Cond: (id = 6045888)

table 8 : explain SELECT c FROM sbtest8 WHERE id=5209094
	Index Scan using sbtest8_pkey on sbtest8  (cost=0.43..8.45 rows=1 width=121)
	  Index Cond: (id = 5209094)

for: distinct_ranges
table 1 : explain SELECT DISTINCT c FROM sbtest1 WHERE id BETWEEN 9104814 AND 9104913 ORDER BY c
	Unique  (cost=436.95..437.52 rows=113 width=121)
	  ->  Sort  (cost=436.95..437.23 rows=113 width=121)
	        Sort Key: c
	        ->  Index Scan using sbtest1_pkey on sbtest1  (cost=0.43..433.10 rows=113 width=121)
	              Index Cond: ((id >= 9104814) AND (id <= 9104913))

table 2 : explain SELECT DISTINCT c FROM sbtest2 WHERE id BETWEEN 6491696 AND 6491795 ORDER BY c
	Unique  (cost=403.71..404.23 rows=104 width=121)
	  ->  Sort  (cost=403.71..403.97 rows=104 width=121)
	        Sort Key: c
	        ->  Index Scan using sbtest2_pkey on sbtest2  (cost=0.43..400.22 rows=104 width=121)
	              Index Cond: ((id >= 6491696) AND (id <= 6491795))

table 3 : explain SELECT DISTINCT c FROM sbtest3 WHERE id BETWEEN 9395097 AND 9395196 ORDER BY c
	Unique  (cost=394.10..394.61 rows=101 width=121)
	  ->  Sort  (cost=394.10..394.36 rows=101 width=121)
	        Sort Key: c
	        ->  Index Scan using sbtest3_pkey on sbtest3  (cost=0.43..390.74 rows=101 width=121)
	              Index Cond: ((id >= 9395097) AND (id <= 9395196))

table 4 : explain SELECT DISTINCT c FROM sbtest4 WHERE id BETWEEN 7720687 AND 7720786 ORDER BY c
	Unique  (cost=398.45..398.97 rows=103 width=121)
	  ->  Sort  (cost=398.45..398.71 rows=103 width=121)
	        Sort Key: c
	        ->  Index Scan using sbtest4_pkey on sbtest4  (cost=0.43..395.01 rows=103 width=121)
	              Index Cond: ((id >= 7720687) AND (id <= 7720786))

table 5 : explain SELECT DISTINCT c FROM sbtest5 WHERE id BETWEEN 1555585 AND 1555684 ORDER BY c
	Unique  (cost=384.12..384.61 rows=99 width=121)
	  ->  Sort  (cost=384.12..384.36 rows=99 width=121)
	        Sort Key: c
	        ->  Index Scan using sbtest5_pkey on sbtest5  (cost=0.43..380.84 rows=99 width=121)
	              Index Cond: ((id >= 1555585) AND (id <= 1555684))

table 6 : explain SELECT DISTINCT c FROM sbtest6 WHERE id BETWEEN 4099928 AND 4100027 ORDER BY c
	Unique  (cost=410.79..411.32 rows=106 width=121)
	  ->  Sort  (cost=410.79..411.05 rows=106 width=121)
	        Sort Key: c
	        ->  Index Scan using sbtest6_pkey on sbtest6  (cost=0.43..407.22 rows=106 width=121)
	              Index Cond: ((id >= 4099928) AND (id <= 4100027))

table 7 : explain SELECT DISTINCT c FROM sbtest7 WHERE id BETWEEN 8784995 AND 8785094 ORDER BY c
	Unique  (cost=363.32..363.79 rows=94 width=121)
	  ->  Sort  (cost=363.32..363.55 rows=94 width=121)
	        Sort Key: c
	        ->  Index Scan using sbtest7_pkey on sbtest7  (cost=0.43..360.24 rows=94 width=121)
	              Index Cond: ((id >= 8784995) AND (id <= 8785094))

table 8 : explain SELECT DISTINCT c FROM sbtest8 WHERE id BETWEEN 851492 AND 851591 ORDER BY c
	Unique  (cost=362.34..362.81 rows=94 width=121)
	  ->  Sort  (cost=362.34..362.58 rows=94 width=121)
	        Sort Key: c
	        ->  Index Scan using sbtest8_pkey on sbtest8  (cost=0.43..359.26 rows=94 width=121)
	              Index Cond: ((id >= 851492) AND (id <= 851591))

for: order_ranges
table 1 : explain SELECT c FROM sbtest1 WHERE id BETWEEN 4982650 AND 4982749 ORDER BY c
	Sort  (cost=406.30..406.57 rows=105 width=121)
	  Sort Key: c
	  ->  Index Scan using sbtest1_pkey on sbtest1  (cost=0.43..402.78 rows=105 width=121)
	        Index Cond: ((id >= 4982650) AND (id <= 4982749))

table 2 : explain SELECT c FROM sbtest2 WHERE id BETWEEN 5446474 AND 5446573 ORDER BY c
	Sort  (cost=403.71..403.97 rows=104 width=121)
	  Sort Key: c
	  ->  Index Scan using sbtest2_pkey on sbtest2  (cost=0.43..400.22 rows=104 width=121)
	        Index Cond: ((id >= 5446474) AND (id <= 5446573))

table 3 : explain SELECT c FROM sbtest3 WHERE id BETWEEN 4995975 AND 4996074 ORDER BY c
	Sort  (cost=428.86..429.14 rows=110 width=121)
	  Sort Key: c
	  ->  Index Scan using sbtest3_pkey on sbtest3  (cost=0.43..425.13 rows=110 width=121)
	        Index Cond: ((id >= 4995975) AND (id <= 4996074))

table 4 : explain SELECT c FROM sbtest4 WHERE id BETWEEN 876464 AND 876563 ORDER BY c
	Sort  (cost=386.97..387.22 rows=100 width=121)
	  Sort Key: c
	  ->  Index Scan using sbtest4_pkey on sbtest4  (cost=0.43..383.65 rows=100 width=121)
	        Index Cond: ((id >= 876464) AND (id <= 876563))

table 5 : explain SELECT c FROM sbtest5 WHERE id BETWEEN 7418355 AND 7418454 ORDER BY c
	Sort  (cost=380.22..380.47 rows=98 width=121)
	  Sort Key: c
	  ->  Index Scan using sbtest5_pkey on sbtest5  (cost=0.43..376.98 rows=98 width=121)
	        Index Cond: ((id >= 7418355) AND (id <= 7418454))

table 6 : explain SELECT c FROM sbtest6 WHERE id BETWEEN 6501607 AND 6501706 ORDER BY c
	Sort  (cost=364.69..364.93 rows=94 width=121)
	  Sort Key: c
	  ->  Index Scan using sbtest6_pkey on sbtest6  (cost=0.43..361.61 rows=94 width=121)
	        Index Cond: ((id >= 6501607) AND (id <= 6501706))

table 7 : explain SELECT c FROM sbtest7 WHERE id BETWEEN 7774437 AND 7774536 ORDER BY c
	Sort  (cost=439.74..440.03 rows=114 width=121)
	  Sort Key: c
	  ->  Index Scan using sbtest7_pkey on sbtest7  (cost=0.43..435.85 rows=114 width=121)
	        Index Cond: ((id >= 7774437) AND (id <= 7774536))

table 8 : explain SELECT c FROM sbtest8 WHERE id BETWEEN 790150 AND 790249 ORDER BY c
	Sort  (cost=362.34..362.58 rows=94 width=121)
	  Sort Key: c
	  ->  Index Scan using sbtest8_pkey on sbtest8  (cost=0.43..359.26 rows=94 width=121)
	        Index Cond: ((id >= 790150) AND (id <= 790249))

for non_index_updates
table 1 : explain UPDATE sbtest1 SET c='foobar' WHERE id=856752
	Update on sbtest1  (cost=0.43..8.45 rows=1 width=559)
	  ->  Index Scan using sbtest1_pkey on sbtest1  (cost=0.43..8.45 rows=1 width=559)
	        Index Cond: (id = 856752)

table 2 : explain UPDATE sbtest2 SET c='foobar' WHERE id=5394
	Update on sbtest2  (cost=0.43..8.45 rows=1 width=559)
	  ->  Index Scan using sbtest2_pkey on sbtest2  (cost=0.43..8.45 rows=1 width=559)
	        Index Cond: (id = 5394)

table 3 : explain UPDATE sbtest3 SET c='foobar' WHERE id=5468039
	Update on sbtest3  (cost=0.43..8.45 rows=1 width=559)
	  ->  Index Scan using sbtest3_pkey on sbtest3  (cost=0.43..8.45 rows=1 width=559)
	        Index Cond: (id = 5468039)

table 4 : explain UPDATE sbtest4 SET c='foobar' WHERE id=4503685
	Update on sbtest4  (cost=0.43..8.45 rows=1 width=559)
	  ->  Index Scan using sbtest4_pkey on sbtest4  (cost=0.43..8.45 rows=1 width=559)
	        Index Cond: (id = 4503685)

table 5 : explain UPDATE sbtest5 SET c='foobar' WHERE id=5998592
	Update on sbtest5  (cost=0.43..8.45 rows=1 width=559)
	  ->  Index Scan using sbtest5_pkey on sbtest5  (cost=0.43..8.45 rows=1 width=559)
	        Index Cond: (id = 5998592)

table 6 : explain UPDATE sbtest6 SET c='foobar' WHERE id=5225996
	Update on sbtest6  (cost=0.43..8.45 rows=1 width=559)
	  ->  Index Scan using sbtest6_pkey on sbtest6  (cost=0.43..8.45 rows=1 width=559)
	        Index Cond: (id = 5225996)

table 7 : explain UPDATE sbtest7 SET c='foobar' WHERE id=1050258
	Update on sbtest7  (cost=0.43..8.45 rows=1 width=559)
	  ->  Index Scan using sbtest7_pkey on sbtest7  (cost=0.43..8.45 rows=1 width=559)
	        Index Cond: (id = 1050258)

table 8 : explain UPDATE sbtest8 SET c='foobar' WHERE id=8327592
	Update on sbtest8  (cost=0.43..8.45 rows=1 width=559)
	  ->  Index Scan using sbtest8_pkey on sbtest8  (cost=0.43..8.45 rows=1 width=559)
	        Index Cond: (id = 8327592)

explain: for non_index_updates :: explain UPDATE sbtest%u SET c='foobar' WHERE id=%u
for: order_ranges
table 1 : explain SELECT c FROM sbtest1 WHERE id BETWEEN 8384248 AND 8384347 ORDER BY c
	Sort  (cost=402.47..402.73 rows=104 width=121)
	  Sort Key: c
	  ->  Index Scan using sbtest1_pkey on sbtest1  (cost=0.43..398.99 rows=104 width=121)
	        Index Cond: ((id >= 8384248) AND (id <= 8384347))

table 2 : explain SELECT c FROM sbtest2 WHERE id BETWEEN 7976470 AND 7976569 ORDER BY c
	Sort  (cost=399.86..400.12 rows=103 width=121)
	  Sort Key: c
	  ->  Index Scan using sbtest2_pkey on sbtest2  (cost=0.43..396.42 rows=103 width=121)
	        Index Cond: ((id >= 7976470) AND (id <= 7976569))

table 3 : explain SELECT c FROM sbtest3 WHERE id BETWEEN 6841538 AND 6841637 ORDER BY c
	Sort  (cost=425.00..425.27 rows=109 width=121)
	  Sort Key: c
	  ->  Index Scan using sbtest3_pkey on sbtest3  (cost=0.43..421.31 rows=109 width=121)
	        Index Cond: ((id >= 6841538) AND (id <= 6841637))

table 4 : explain SELECT c FROM sbtest4 WHERE id BETWEEN 6361354 AND 6361453 ORDER BY c
	Sort  (cost=409.94..410.20 rows=106 width=121)
	  Sort Key: c
	  ->  Index Scan using sbtest4_pkey on sbtest4  (cost=0.43..406.37 rows=106 width=121)
	        Index Cond: ((id >= 6361354) AND (id <= 6361453))

table 5 : explain SELECT c FROM sbtest5 WHERE id BETWEEN 6100463 AND 6100562 ORDER BY c
	Sort  (cost=403.31..403.57 rows=104 width=121)
	  Sort Key: c
	  ->  Index Scan using sbtest5_pkey on sbtest5  (cost=0.43..399.83 rows=104 width=121)
	        Index Cond: ((id >= 6100463) AND (id <= 6100562))

table 6 : explain SELECT c FROM sbtest6 WHERE id BETWEEN 5387521 AND 5387620 ORDER BY c
	Sort  (cost=387.77..388.02 rows=100 width=121)
	  Sort Key: c
	  ->  Index Scan using sbtest6_pkey on sbtest6  (cost=0.43..384.44 rows=100 width=121)
	        Index Cond: ((id >= 5387521) AND (id <= 5387620))

table 7 : explain SELECT c FROM sbtest7 WHERE id BETWEEN 8318006 AND 8318105 ORDER BY c
	Sort  (cost=409.17..409.44 rows=106 width=121)
	  Sort Key: c
	  ->  Index Scan using sbtest7_pkey on sbtest7  (cost=0.43..405.60 rows=106 width=121)
	        Index Cond: ((id >= 8318006) AND (id <= 8318105))

table 8 : explain SELECT c FROM sbtest8 WHERE id BETWEEN 7324024 AND 7324123 ORDER BY c
	Sort  (cost=350.91..351.14 rows=91 width=121)
	  Sort Key: c
	  ->  Index Scan using sbtest8_pkey on sbtest8  (cost=0.43..347.95 rows=91 width=121)
	        Index Cond: ((id >= 7324024) AND (id <= 7324123))

for: simple_ranges
table 1 : explain SELECT c FROM sbtest1 WHERE id BETWEEN 119742 AND 119841
	Index Scan using sbtest1_pkey on sbtest1  (cost=0.43..380.04 rows=99 width=121)
	  Index Cond: ((id >= 119742) AND (id <= 119841))

table 2 : explain SELECT c FROM sbtest2 WHERE id BETWEEN 2160121 AND 2160220
	Index Scan using sbtest2_pkey on sbtest2  (cost=0.43..407.83 rows=106 width=121)
	  Index Cond: ((id >= 2160121) AND (id <= 2160220))

table 3 : explain SELECT c FROM sbtest3 WHERE id BETWEEN 1116798 AND 1116897
	Index Scan using sbtest3_pkey on sbtest3  (cost=0.43..367.81 rows=95 width=121)
	  Index Cond: ((id >= 1116798) AND (id <= 1116897))

table 4 : explain SELECT c FROM sbtest4 WHERE id BETWEEN 5753926 AND 5754025
	Index Scan using sbtest4_pkey on sbtest4  (cost=0.43..391.22 rows=102 width=121)
	  Index Cond: ((id >= 5753926) AND (id <= 5754025))

table 5 : explain SELECT c FROM sbtest5 WHERE id BETWEEN 734004 AND 734103
	Index Scan using sbtest5_pkey on sbtest5  (cost=0.43..380.84 rows=99 width=121)
	  Index Cond: ((id >= 734004) AND (id <= 734103))

table 6 : explain SELECT c FROM sbtest6 WHERE id BETWEEN 5520914 AND 5521013
	Index Scan using sbtest6_pkey on sbtest6  (cost=0.43..430.00 rows=112 width=121)
	  Index Cond: ((id >= 5520914) AND (id <= 5521013))

table 7 : explain SELECT c FROM sbtest7 WHERE id BETWEEN 5582734 AND 5582833
	Index Scan using sbtest7_pkey on sbtest7  (cost=0.43..379.14 rows=99 width=121)
	  Index Cond: ((id >= 5582734) AND (id <= 5582833))

table 8 : explain SELECT c FROM sbtest8 WHERE id BETWEEN 6840919 AND 6841018
	Index Scan using sbtest8_pkey on sbtest8  (cost=0.43..400.74 rows=105 width=121)
	  Index Cond: ((id >= 6840919) AND (id <= 6841018))

for: sum_ranges
table 1 : explain SELECT SUM(k) FROM sbtest1 WHERE id BETWEEN 4885817 AND 4885916
	Aggregate  (cost=387.87..387.88 rows=1 width=8)
	  ->  Index Scan using sbtest1_pkey on sbtest1  (cost=0.43..387.62 rows=101 width=4)
	        Index Cond: ((id >= 4885817) AND (id <= 4885916))

table 2 : explain SELECT SUM(k) FROM sbtest2 WHERE id BETWEEN 7696906 AND 7697005
	Aggregate  (cost=358.58..358.59 rows=1 width=8)
	  ->  Index Scan using sbtest2_pkey on sbtest2  (cost=0.43..358.35 rows=93 width=4)
	        Index Cond: ((id >= 7696906) AND (id <= 7697005))

table 3 : explain SELECT SUM(k) FROM sbtest3 WHERE id BETWEEN 4594389 AND 4594488
	Aggregate  (cost=379.52..379.53 rows=1 width=8)
	  ->  Index Scan using sbtest3_pkey on sbtest3  (cost=0.43..379.28 rows=98 width=4)
	        Index Cond: ((id >= 4594389) AND (id <= 4594488))

table 4 : explain SELECT SUM(k) FROM sbtest4 WHERE id BETWEEN 9498821 AND 9498920
	Aggregate  (cost=387.69..387.70 rows=1 width=8)
	  ->  Index Scan using sbtest4_pkey on sbtest4  (cost=0.43..387.43 rows=101 width=4)
	        Index Cond: ((id >= 9498821) AND (id <= 9498920))

table 5 : explain SELECT SUM(k) FROM sbtest5 WHERE id BETWEEN 3896608 AND 3896707
	Aggregate  (cost=358.22..358.23 rows=1 width=8)
	  ->  Index Scan using sbtest5_pkey on sbtest5  (cost=0.43..357.99 rows=93 width=4)
	        Index Cond: ((id >= 3896608) AND (id <= 3896707))

table 6 : explain SELECT SUM(k) FROM sbtest6 WHERE id BETWEEN 6678460 AND 6678559
	Aggregate  (cost=361.85..361.86 rows=1 width=8)
	  ->  Index Scan using sbtest6_pkey on sbtest6  (cost=0.43..361.61 rows=94 width=4)
	        Index Cond: ((id >= 6678460) AND (id <= 6678559))

table 7 : explain SELECT SUM(k) FROM sbtest7 WHERE id BETWEEN 2091520 AND 2091619
	Aggregate  (cost=398.30..398.31 rows=1 width=8)
	  ->  Index Scan using sbtest7_pkey on sbtest7  (cost=0.43..398.04 rows=104 width=4)
	        Index Cond: ((id >= 2091520) AND (id <= 2091619))

table 8 : explain SELECT SUM(k) FROM sbtest8 WHERE id BETWEEN 8284348 AND 8284447
	Aggregate  (cost=404.77..404.78 rows=1 width=8)
	  ->  Index Scan using sbtest8_pkey on sbtest8  (cost=0.43..404.51 rows=106 width=4)
	        Index Cond: ((id >= 8284348) AND (id <= 8284447))

for point_selects
table 1 : explain SELECT c FROM sbtest1 WHERE id=9884710
	Index Scan using sbtest1_pkey on sbtest1  (cost=0.43..8.45 rows=1 width=121)
	  Index Cond: (id = 9884710)

table 2 : explain SELECT c FROM sbtest2 WHERE id=6414064
	Index Scan using sbtest2_pkey on sbtest2  (cost=0.43..8.45 rows=1 width=121)
	  Index Cond: (id = 6414064)

table 3 : explain SELECT c FROM sbtest3 WHERE id=1018499
	Index Scan using sbtest3_pkey on sbtest3  (cost=0.43..8.45 rows=1 width=121)
	  Index Cond: (id = 1018499)

table 4 : explain SELECT c FROM sbtest4 WHERE id=6045868
	Index Scan using sbtest4_pkey on sbtest4  (cost=0.43..8.45 rows=1 width=121)
	  Index Cond: (id = 6045868)

table 5 : explain SELECT c FROM sbtest5 WHERE id=2113210
	Index Scan using sbtest5_pkey on sbtest5  (cost=0.43..8.45 rows=1 width=121)
	  Index Cond: (id = 2113210)

table 6 : explain SELECT c FROM sbtest6 WHERE id=4258023
	Index Scan using sbtest6_pkey on sbtest6  (cost=0.43..8.45 rows=1 width=121)
	  Index Cond: (id = 4258023)

table 7 : explain SELECT c FROM sbtest7 WHERE id=2921003
	Index Scan using sbtest7_pkey on sbtest7  (cost=0.43..8.45 rows=1 width=121)
	  Index Cond: (id = 2921003)

table 8 : explain SELECT c FROM sbtest8 WHERE id=3257210
	Index Scan using sbtest8_pkey on sbtest8  (cost=0.43..8.45 rows=1 width=121)
	  Index Cond: (id = 3257210)

explain: for index_updates :: explain UPDATE sbtest%u SET k=k+1 WHERE id=%u
explain: for deletes :: explain DELETE FROM sbtest%u WHERE id=%u
for: simple_ranges
table 1 : explain SELECT c FROM sbtest1 WHERE id BETWEEN 9332086 AND 9332185
	Index Scan using sbtest1_pkey on sbtest1  (cost=0.43..425.52 rows=111 width=121)
	  Index Cond: ((id >= 9332086) AND (id <= 9332185))

table 2 : explain SELECT c FROM sbtest2 WHERE id BETWEEN 3358008 AND 3358107
	Index Scan using sbtest2_pkey on sbtest2  (cost=0.43..404.03 rows=105 width=121)
	  Index Cond: ((id >= 3358008) AND (id <= 3358107))

table 3 : explain SELECT c FROM sbtest3 WHERE id BETWEEN 1185046 AND 1185145
	Index Scan using sbtest3_pkey on sbtest3  (cost=0.43..367.81 rows=95 width=121)
	  Index Cond: ((id >= 1185046) AND (id <= 1185145))

table 4 : explain SELECT c FROM sbtest4 WHERE id BETWEEN 2484370 AND 2484469
	Index Scan using sbtest4_pkey on sbtest4  (cost=0.43..379.86 rows=99 width=121)
	  Index Cond: ((id >= 2484370) AND (id <= 2484469))

table 5 : explain SELECT c FROM sbtest5 WHERE id BETWEEN 754013 AND 754112
	Index Scan using sbtest5_pkey on sbtest5  (cost=0.43..380.84 rows=99 width=121)
	  Index Cond: ((id >= 754013) AND (id <= 754112))

table 6 : explain SELECT c FROM sbtest6 WHERE id BETWEEN 6198444 AND 6198543
	Index Scan using sbtest6_pkey on sbtest6  (cost=0.43..384.44 rows=100 width=121)
	  Index Cond: ((id >= 6198444) AND (id <= 6198543))

table 7 : explain SELECT c FROM sbtest7 WHERE id BETWEEN 3701231 AND 3701330
	Index Scan using sbtest7_pkey on sbtest7  (cost=0.43..367.80 rows=96 width=121)
	  Index Cond: ((id >= 3701231) AND (id <= 3701330))

table 8 : explain SELECT c FROM sbtest8 WHERE id BETWEEN 5421599 AND 5421698
	Index Scan using sbtest8_pkey on sbtest8  (cost=0.43..370.57 rows=97 width=121)
	  Index Cond: ((id >= 5421599) AND (id <= 5421698))

for: sum_ranges
table 1 : explain SELECT SUM(k) FROM sbtest1 WHERE id BETWEEN 1948602 AND 1948701
	Aggregate  (cost=384.08..384.09 rows=1 width=8)
	  ->  Index Scan using sbtest1_pkey on sbtest1  (cost=0.43..383.83 rows=100 width=4)
	        Index Cond: ((id >= 1948602) AND (id <= 1948701))

table 2 : explain SELECT SUM(k) FROM sbtest2 WHERE id BETWEEN 6359217 AND 6359316
	Aggregate  (cost=373.85..373.86 rows=1 width=8)
	  ->  Index Scan using sbtest2_pkey on sbtest2  (cost=0.43..373.61 rows=97 width=4)
	        Index Cond: ((id >= 6359217) AND (id <= 6359316))

table 3 : explain SELECT SUM(k) FROM sbtest3 WHERE id BETWEEN 2461360 AND 2461459
	Aggregate  (cost=345.06..345.07 rows=1 width=8)
	  ->  Index Scan using sbtest3_pkey on sbtest3  (cost=0.43..344.84 rows=89 width=4)
	        Index Cond: ((id >= 2461360) AND (id <= 2461459))

table 4 : explain SELECT SUM(k) FROM sbtest4 WHERE id BETWEEN 8793123 AND 8793222
	Aggregate  (cost=342.14..342.15 rows=1 width=8)
	  ->  Index Scan using sbtest4_pkey on sbtest4  (cost=0.43..341.92 rows=89 width=4)
	        Index Cond: ((id >= 8793123) AND (id <= 8793222))

table 5 : explain SELECT SUM(k) FROM sbtest5 WHERE id BETWEEN 8859040 AND 8859139
	Aggregate  (cost=362.02..362.03 rows=1 width=8)
	  ->  Index Scan using sbtest5_pkey on sbtest5  (cost=0.43..361.79 rows=94 width=4)
	        Index Cond: ((id >= 8859040) AND (id <= 8859139))

table 6 : explain SELECT SUM(k) FROM sbtest6 WHERE id BETWEEN 8194643 AND 8194742
	Aggregate  (cost=415.08..415.09 rows=1 width=8)
	  ->  Index Scan using sbtest6_pkey on sbtest6  (cost=0.43..414.81 rows=108 width=4)
	        Index Cond: ((id >= 8194643) AND (id <= 8194742))

table 7 : explain SELECT SUM(k) FROM sbtest7 WHERE id BETWEEN 209187 AND 209286
	Aggregate  (cost=349.12..349.13 rows=1 width=8)
	  ->  Index Scan using sbtest7_pkey on sbtest7  (cost=0.43..348.89 rows=91 width=4)
	        Index Cond: ((id >= 209187) AND (id <= 209286))

table 8 : explain SELECT SUM(k) FROM sbtest8 WHERE id BETWEEN 888025 AND 888124
	Aggregate  (cost=431.18..431.19 rows=1 width=8)
	  ->  Index Scan using sbtest8_pkey on sbtest8  (cost=0.43..430.90 rows=113 width=4)
	        Index Cond: ((id >= 888025) AND (id <= 888124))

for: distinct_ranges
table 1 : explain SELECT DISTINCT c FROM sbtest1 WHERE id BETWEEN 2834940 AND 2835039 ORDER BY c
	Unique  (cost=371.83..372.31 rows=96 width=121)
	  ->  Sort  (cost=371.83..372.07 rows=96 width=121)
	        Sort Key: c
	        ->  Index Scan using sbtest1_pkey on sbtest1  (cost=0.43..368.67 rows=96 width=121)
	              Index Cond: ((id >= 2834940) AND (id <= 2835039))

table 2 : explain SELECT DISTINCT c FROM sbtest2 WHERE id BETWEEN 31698 AND 31797 ORDER BY c
	Unique  (cost=357.55..358.01 rows=92 width=121)
	  ->  Sort  (cost=357.55..357.78 rows=92 width=121)
	        Sort Key: c
	        ->  Index Scan using sbtest2_pkey on sbtest2  (cost=0.43..354.54 rows=92 width=121)
	              Index Cond: ((id >= 31698) AND (id <= 31797))

table 3 : explain SELECT DISTINCT c FROM sbtest3 WHERE id BETWEEN 5400931 AND 5401030 ORDER BY c
	Unique  (cost=374.80..375.28 rows=96 width=121)
	  ->  Sort  (cost=374.80..375.04 rows=96 width=121)
	        Sort Key: c
	        ->  Index Scan using sbtest3_pkey on sbtest3  (cost=0.43..371.63 rows=96 width=121)
	              Index Cond: ((id >= 5400931) AND (id <= 5401030))

table 4 : explain SELECT DISTINCT c FROM sbtest4 WHERE id BETWEEN 267133 AND 267232 ORDER BY c
	Unique  (cost=402.28..402.80 rows=104 width=121)
	  ->  Sort  (cost=402.28..402.54 rows=104 width=121)
	        Sort Key: c
	        ->  Index Scan using sbtest4_pkey on sbtest4  (cost=0.43..398.80 rows=104 width=121)
	              Index Cond: ((id >= 267133) AND (id <= 267232))

table 5 : explain SELECT DISTINCT c FROM sbtest5 WHERE id BETWEEN 7774751 AND 7774850 ORDER BY c
	Unique  (cost=414.83..415.36 rows=107 width=121)
	  ->  Sort  (cost=414.83..415.09 rows=107 width=121)
	        Sort Key: c
	        ->  Index Scan using sbtest5_pkey on sbtest5  (cost=0.43..411.22 rows=107 width=121)
	              Index Cond: ((id >= 7774751) AND (id <= 7774850))

table 6 : explain SELECT DISTINCT c FROM sbtest6 WHERE id BETWEEN 71671 AND 71770 ORDER BY c
	Unique  (cost=368.58..369.06 rows=95 width=121)
	  ->  Sort  (cost=368.58..368.82 rows=95 width=121)
	        Sort Key: c
	        ->  Index Scan using sbtest6_pkey on sbtest6  (cost=0.43..365.46 rows=95 width=121)
	              Index Cond: ((id >= 71671) AND (id <= 71770))

table 7 : explain SELECT DISTINCT c FROM sbtest7 WHERE id BETWEEN 2635071 AND 2635170 ORDER BY c
	Unique  (cost=378.60..379.09 rows=98 width=121)
	  ->  Sort  (cost=378.60..378.85 rows=98 width=121)
	        Sort Key: c
	        ->  Index Scan using sbtest7_pkey on sbtest7  (cost=0.43..375.36 rows=98 width=121)
	              Index Cond: ((id >= 2635071) AND (id <= 2635170))

table 8 : explain SELECT DISTINCT c FROM sbtest8 WHERE id BETWEEN 1225583 AND 1225682 ORDER BY c
	Unique  (cost=419.50..420.05 rows=109 width=121)
	  ->  Sort  (cost=419.50..419.78 rows=109 width=121)
	        Sort Key: c
	        ->  Index Scan using sbtest8_pkey on sbtest8  (cost=0.43..415.82 rows=109 width=121)
	              Index Cond: ((id >= 1225583) AND (id <= 1225682))

for deletes
table 1 : explain DELETE FROM sbtest1 WHERE id=2693752
	Delete on sbtest1  (cost=0.43..8.45 rows=1 width=6)
	  ->  Index Scan using sbtest1_pkey on sbtest1  (cost=0.43..8.45 rows=1 width=6)
	        Index Cond: (id = 2693752)

table 2 : explain DELETE FROM sbtest2 WHERE id=7343052
	Delete on sbtest2  (cost=0.43..8.45 rows=1 width=6)
	  ->  Index Scan using sbtest2_pkey on sbtest2  (cost=0.43..8.45 rows=1 width=6)
	        Index Cond: (id = 7343052)

table 3 : explain DELETE FROM sbtest3 WHERE id=3406801
	Delete on sbtest3  (cost=0.43..8.45 rows=1 width=6)
	  ->  Index Scan using sbtest3_pkey on sbtest3  (cost=0.43..8.45 rows=1 width=6)
	        Index Cond: (id = 3406801)

table 4 : explain DELETE FROM sbtest4 WHERE id=6224547
	Delete on sbtest4  (cost=0.43..8.45 rows=1 width=6)
	  ->  Index Scan using sbtest4_pkey on sbtest4  (cost=0.43..8.45 rows=1 width=6)
	        Index Cond: (id = 6224547)

table 5 : explain DELETE FROM sbtest5 WHERE id=7684474
	Delete on sbtest5  (cost=0.43..8.45 rows=1 width=6)
	  ->  Index Scan using sbtest5_pkey on sbtest5  (cost=0.43..8.45 rows=1 width=6)
	        Index Cond: (id = 7684474)

table 6 : explain DELETE FROM sbtest6 WHERE id=4811185
	Delete on sbtest6  (cost=0.43..8.45 rows=1 width=6)
	  ->  Index Scan using sbtest6_pkey on sbtest6  (cost=0.43..8.45 rows=1 width=6)
	        Index Cond: (id = 4811185)

table 7 : explain DELETE FROM sbtest7 WHERE id=9209021
	Delete on sbtest7  (cost=0.43..8.45 rows=1 width=6)
	  ->  Index Scan using sbtest7_pkey on sbtest7  (cost=0.43..8.45 rows=1 width=6)
	        Index Cond: (id = 9209021)

table 8 : explain DELETE FROM sbtest8 WHERE id=7440823
	Delete on sbtest8  (cost=0.43..8.45 rows=1 width=6)
	  ->  Index Scan using sbtest8_pkey on sbtest8  (cost=0.43..8.45 rows=1 width=6)
	        Index Cond: (id = 7440823)

explain: for point_selects :: explain SELECT c FROM sbtest%u WHERE id=%u
for deletes
table 1 : explain DELETE FROM sbtest1 WHERE id=6878487
	Delete on sbtest1  (cost=0.43..8.45 rows=1 width=6)
	  ->  Index Scan using sbtest1_pkey on sbtest1  (cost=0.43..8.45 rows=1 width=6)
	        Index Cond: (id = 6878487)

table 2 : explain DELETE FROM sbtest2 WHERE id=4091010
	Delete on sbtest2  (cost=0.43..8.45 rows=1 width=6)
	  ->  Index Scan using sbtest2_pkey on sbtest2  (cost=0.43..8.45 rows=1 width=6)
	        Index Cond: (id = 4091010)

table 3 : explain DELETE FROM sbtest3 WHERE id=8677235
	Delete on sbtest3  (cost=0.43..8.45 rows=1 width=6)
	  ->  Index Scan using sbtest3_pkey on sbtest3  (cost=0.43..8.45 rows=1 width=6)
	        Index Cond: (id = 8677235)

table 4 : explain DELETE FROM sbtest4 WHERE id=2011352
	Delete on sbtest4  (cost=0.43..8.45 rows=1 width=6)
	  ->  Index Scan using sbtest4_pkey on sbtest4  (cost=0.43..8.45 rows=1 width=6)
	        Index Cond: (id = 2011352)

table 5 : explain DELETE FROM sbtest5 WHERE id=3269787
	Delete on sbtest5  (cost=0.43..8.45 rows=1 width=6)
	  ->  Index Scan using sbtest5_pkey on sbtest5  (cost=0.43..8.45 rows=1 width=6)
	        Index Cond: (id = 3269787)

table 6 : explain DELETE FROM sbtest6 WHERE id=7962887
	Delete on sbtest6  (cost=0.43..8.45 rows=1 width=6)
	  ->  Index Scan using sbtest6_pkey on sbtest6  (cost=0.43..8.45 rows=1 width=6)
	        Index Cond: (id = 7962887)

table 7 : explain DELETE FROM sbtest7 WHERE id=2253969
	Delete on sbtest7  (cost=0.43..8.45 rows=1 width=6)
	  ->  Index Scan using sbtest7_pkey on sbtest7  (cost=0.43..8.45 rows=1 width=6)
	        Index Cond: (id = 2253969)

table 8 : explain DELETE FROM sbtest8 WHERE id=3970336
	Delete on sbtest8  (cost=0.43..8.45 rows=1 width=6)
	  ->  Index Scan using sbtest8_pkey on sbtest8  (cost=0.43..8.45 rows=1 width=6)
	        Index Cond: (id = 3970336)

explain: for point_selects :: explain SELECT c FROM sbtest%u WHERE id=%ufor index_updates
table 1 : explain UPDATE sbtest1 SET k=k+1 WHERE id=685874
	Update on sbtest1  (cost=0.43..8.46 rows=1 width=196)
	  ->  Index Scan using sbtest1_pkey on sbtest1  (cost=0.43..8.46 rows=1 width=196)
	        Index Cond: (id = 685874)

table 2 : explain UPDATE sbtest2 SET k=k+1 WHERE id=7017306
	Update on sbtest2  (cost=0.43..8.46 rows=1 width=196)
	  ->  Index Scan using sbtest2_pkey on sbtest2  (cost=0.43..8.46 rows=1 width=196)
	        Index Cond: (id = 7017306)

table 3 : explain UPDATE sbtest3 SET k=k+1 WHERE id=4759753
	Update on sbtest3  (cost=0.43..8.46 rows=1 width=196)
	  ->  Index Scan using sbtest3_pkey on sbtest3  (cost=0.43..8.46 rows=1 width=196)
	        Index Cond: (id = 4759753)

table 4 : explain UPDATE sbtest4 SET k=k+1 WHERE id=2495931
	Update on sbtest4  (cost=0.43..8.46 rows=1 width=196)
	  ->  Index Scan using sbtest4_pkey on sbtest4  (cost=0.43..8.46 rows=1 width=196)
	        Index Cond: (id = 2495931)

table 5 : explain UPDATE sbtest5 SET k=k+1 WHERE id=4252208
	Update on sbtest5  (cost=0.43..8.46 rows=1 width=196)
	  ->  Index Scan using sbtest5_pkey on sbtest5  (cost=0.43..8.46 rows=1 width=196)
	        Index Cond: (id = 4252208)

table 6 : explain UPDATE sbtest6 SET k=k+1 WHERE id=5798342
	Update on sbtest6  (cost=0.43..8.46 rows=1 width=196)
	  ->  Index Scan using sbtest6_pkey on sbtest6  (cost=0.43..8.46 rows=1 width=196)
	        Index Cond: (id = 5798342)

table 7 : explain UPDATE sbtest7 SET k=k+1 WHERE id=1911856
	Update on sbtest7  (cost=0.43..8.46 rows=1 width=196)
	  ->  Index Scan using sbtest7_pkey on sbtest7  (cost=0.43..8.46 rows=1 width=196)
	        Index Cond: (id = 1911856)

table 8 : explain UPDATE sbtest8 SET k=k+1 WHERE id=7779313
	Update on sbtest8  (cost=0.43..8.46 rows=1 width=196)
	  ->  Index Scan using sbtest8_pkey on sbtest8  (cost=0.43..8.46 rows=1 width=196)
	        Index Cond: (id = 7779313)

for: distinct_ranges
table 1 : explain SELECT DISTINCT c FROM sbtest1 WHERE id BETWEEN 2481501 AND 2481600 ORDER BY c
	Unique  (cost=394.81..395.32 rows=102 width=121)
	  ->  Sort  (cost=394.81..395.07 rows=102 width=121)
	        Sort Key: c
	        ->  Index Scan using sbtest1_pkey on sbtest1  (cost=0.43..391.41 rows=102 width=121)
	              Index Cond: ((id >= 2481501) AND (id <= 2481600))

table 2 : explain SELECT DISTINCT c FROM sbtest2 WHERE id BETWEEN 6653652 AND 6653751 ORDER BY c
	Unique  (cost=411.39..411.92 rows=106 width=121)
	  ->  Sort  (cost=411.39..411.66 rows=106 width=121)
	        Sort Key: c
	        ->  Index Scan using sbtest2_pkey on sbtest2  (cost=0.43..407.83 rows=106 width=121)
	              Index Cond: ((id >= 6653652) AND (id <= 6653751))

table 3 : explain SELECT DISTINCT c FROM sbtest3 WHERE id BETWEEN 654262 AND 654361 ORDER BY c
	Unique  (cost=401.83..402.34 rows=103 width=121)
	  ->  Sort  (cost=401.83..402.08 rows=103 width=121)
	        Sort Key: c
	        ->  Index Scan using sbtest3_pkey on sbtest3  (cost=0.43..398.38 rows=103 width=121)
	              Index Cond: ((id >= 654262) AND (id <= 654361))

table 4 : explain SELECT DISTINCT c FROM sbtest4 WHERE id BETWEEN 8028028 AND 8028127 ORDER BY c
	Unique  (cost=390.80..391.30 rows=101 width=121)
	  ->  Sort  (cost=390.80..391.05 rows=101 width=121)
	        Sort Key: c
	        ->  Index Scan using sbtest4_pkey on sbtest4  (cost=0.43..387.43 rows=101 width=121)
	              Index Cond: ((id >= 8028028) AND (id <= 8028127))

table 5 : explain SELECT DISTINCT c FROM sbtest5 WHERE id BETWEEN 6031218 AND 6031317 ORDER BY c
	Unique  (cost=395.63..396.14 rows=102 width=121)
	  ->  Sort  (cost=395.63..395.89 rows=102 width=121)
	        Sort Key: c
	        ->  Index Scan using sbtest5_pkey on sbtest5  (cost=0.43..392.23 rows=102 width=121)
	              Index Cond: ((id >= 6031218) AND (id <= 6031317))

table 6 : explain SELECT DISTINCT c FROM sbtest6 WHERE id BETWEEN 1111772 AND 1111871 ORDER BY c
	Unique  (cost=360.86..361.32 rows=93 width=121)
	  ->  Sort  (cost=360.86..361.09 rows=93 width=121)
	        Sort Key: c
	        ->  Index Scan using sbtest6_pkey on sbtest6  (cost=0.43..357.82 rows=93 width=121)
	              Index Cond: ((id >= 1111772) AND (id <= 1111871))

table 7 : explain SELECT DISTINCT c FROM sbtest7 WHERE id BETWEEN 9868258 AND 9868357 ORDER BY c
	Unique  (cost=390.06..390.57 rows=101 width=121)
	  ->  Sort  (cost=390.06..390.32 rows=101 width=121)
	        Sort Key: c
	        ->  Index Scan using sbtest7_pkey on sbtest7  (cost=0.43..386.70 rows=101 width=121)
	              Index Cond: ((id >= 9868258) AND (id <= 9868357))

table 8 : explain SELECT DISTINCT c FROM sbtest8 WHERE id BETWEEN 4653345 AND 4653444 ORDER BY c
	Unique  (cost=358.53..359.00 rows=93 width=121)
	  ->  Sort  (cost=358.53..358.77 rows=93 width=121)
	        Sort Key: c
	        ->  Index Scan using sbtest8_pkey on sbtest8  (cost=0.43..355.49 rows=93 width=121)
	              Index Cond: ((id >= 4653345) AND (id <= 4653444))


explain: for inserts :: explain INSERT INTO sbtest%u (id, k, c, pad) VALUES (%u, 13, 'foobar', 'foobar')
explain: for point_selects :: explain SELECT c FROM sbtest%u WHERE id=%ufor point_selects
table 1 : explain SELECT c FROM sbtest1 WHERE id=9192044
	Index Scan using sbtest1_pkey on sbtest1  (cost=0.43..8.45 rows=1 width=121)
	  Index Cond: (id = 9192044)

table 2 : explain SELECT c FROM sbtest2 WHERE id=8651983
	Index Scan using sbtest2_pkey on sbtest2  (cost=0.43..8.45 rows=1 width=121)
	  Index Cond: (id = 8651983)

table 3 : explain SELECT c FROM sbtest3 WHERE id=8430409
	Index Scan using sbtest3_pkey on sbtest3  (cost=0.43..8.45 rows=1 width=121)
	  Index Cond: (id = 8430409)

table 4 : explain SELECT c FROM sbtest4 WHERE id=5717189
	Index Scan using sbtest4_pkey on sbtest4  (cost=0.43..8.45 rows=1 width=121)
	  Index Cond: (id = 5717189)

table 5 : explain SELECT c FROM sbtest5 WHERE id=7989965
	Index Scan using sbtest5_pkey on sbtest5  (cost=0.43..8.45 rows=1 width=121)
	  Index Cond: (id = 7989965)

table 6 : explain SELECT c FROM sbtest6 WHERE id=3690476
	Index Scan using sbtest6_pkey on sbtest6  (cost=0.43..8.45 rows=1 width=121)
	  Index Cond: (id = 3690476)

table 7 : explain SELECT c FROM sbtest7 WHERE id=5696997
	Index Scan using sbtest7_pkey on sbtest7  (cost=0.43..8.45 rows=1 width=121)
	  Index Cond: (id = 5696997)

table 8 : explain SELECT c FROM sbtest8 WHERE id=1725257
	Index Scan using sbtest8_pkey on sbtest8  (cost=0.43..8.45 rows=1 width=121)
	  Index Cond: (id = 1725257)


for: distinct_ranges
table 1 : explain SELECT DISTINCT c FROM sbtest1 WHERE id BETWEEN 3860037 AND 3860136 ORDER BY c
	Unique  (cost=387.15..387.65 rows=100 width=121)
	  ->  Sort  (cost=387.15..387.40 rows=100 width=121)
	        Sort Key: c
	        ->  Index Scan using sbtest1_pkey on sbtest1  (cost=0.43..383.83 rows=100 width=121)
	              Index Cond: ((id >= 3860037) AND (id <= 3860136))

table 2 : explain SELECT DISTINCT c FROM sbtest2 WHERE id BETWEEN 6875466 AND 6875565 ORDER BY c
	Unique  (cost=388.34..388.84 rows=100 width=121)
	  ->  Sort  (cost=388.34..388.59 rows=100 width=121)
	        Sort Key: c
	        ->  Index Scan using sbtest2_pkey on sbtest2  (cost=0.43..385.02 rows=100 width=121)
	              Index Cond: ((id >= 6875466) AND (id <= 6875565))

table 3 : explain SELECT DISTINCT c FROM sbtest3 WHERE id BETWEEN 8753157 AND 8753256 ORDER BY c
	Unique  (cost=428.86..429.41 rows=110 width=121)
	  ->  Sort  (cost=428.86..429.14 rows=110 width=121)
	        Sort Key: c
	        ->  Index Scan using sbtest3_pkey on sbtest3  (cost=0.43..425.13 rows=110 width=121)
	              Index Cond: ((id >= 8753157) AND (id <= 8753256))

table 4 : explain SELECT DISTINCT c FROM sbtest4 WHERE id BETWEEN 1767320 AND 1767419 ORDER BY c
	Unique  (cost=394.62..395.13 rows=102 width=121)
	  ->  Sort  (cost=394.62..394.88 rows=102 width=121)
	        Sort Key: c
	        ->  Index Scan using sbtest4_pkey on sbtest4  (cost=0.43..391.22 rows=102 width=121)
	              Index Cond: ((id >= 1767320) AND (id <= 1767419))

table 5 : explain SELECT DISTINCT c FROM sbtest5 WHERE id BETWEEN 174414 AND 174513 ORDER BY c
	Unique  (cost=368.71..369.18 rows=95 width=121)
	  ->  Sort  (cost=368.71..368.95 rows=95 width=121)
	        Sort Key: c
	        ->  Index Scan using sbtest5_pkey on sbtest5  (cost=0.43..365.59 rows=95 width=121)
	              Index Cond: ((id >= 174414) AND (id <= 174513))

table 6 : explain SELECT DISTINCT c FROM sbtest6 WHERE id BETWEEN 328000 AND 328099 ORDER BY c
	Unique  (cost=368.58..369.06 rows=95 width=121)
	  ->  Sort  (cost=368.58..368.82 rows=95 width=121)
	        Sort Key: c
	        ->  Index Scan using sbtest6_pkey on sbtest6  (cost=0.43..365.46 rows=95 width=121)
	              Index Cond: ((id >= 328000) AND (id <= 328099))

table 7 : explain SELECT DISTINCT c FROM sbtest7 WHERE id BETWEEN 2158848 AND 2158947 ORDER BY c
	Unique  (cost=359.50..359.96 rows=93 width=121)
	  ->  Sort  (cost=359.50..359.73 rows=93 width=121)
	        Sort Key: c
	        ->  Index Scan using sbtest7_pkey on sbtest7  (cost=0.43..356.46 rows=93 width=121)
	              Index Cond: ((id >= 2158848) AND (id <= 2158947))

table 8 : explain SELECT DISTINCT c FROM sbtest8 WHERE id BETWEEN 3496742 AND 3496841 ORDER BY c
	Unique  (cost=366.15..366.63 rows=95 width=121)
	  ->  Sort  (cost=366.15..366.39 rows=95 width=121)
	        Sort Key: c
	        ->  Index Scan using sbtest8_pkey on sbtest8  (cost=0.43..363.03 rows=95 width=121)
	              Index Cond: ((id >= 3496742) AND (id <= 3496841))

explain: for index_updates :: explain UPDATE sbtest%u SET k=k+1 WHERE id=%u
explain: for index_updates :: explain UPDATE sbtest%u SET k=k+1 WHERE id=%u
explain: for non_index_updates :: explain UPDATE sbtest%u SET c='foobar' WHERE id=%u
for: order_ranges
table 1 : explain SELECT c FROM sbtest1 WHERE id BETWEEN 4133997 AND 4134096 ORDER BY c
	Sort  (cost=364.11..364.35 rows=94 width=121)
	  Sort Key: c
	  ->  Index Scan using sbtest1_pkey on sbtest1  (cost=0.43..361.03 rows=94 width=121)
	        Index Cond: ((id >= 4133997) AND (id <= 4134096))

table 2 : explain SELECT c FROM sbtest2 WHERE id BETWEEN 6815280 AND 6815379 ORDER BY c
	Sort  (cost=388.34..388.59 rows=100 width=121)
	  Sort Key: c
	  ->  Index Scan using sbtest2_pkey on sbtest2  (cost=0.43..385.02 rows=100 width=121)
	        Index Cond: ((id >= 6815280) AND (id <= 6815379))

table 3 : explain SELECT c FROM sbtest3 WHERE id BETWEEN 3660166 AND 3660265 ORDER BY c
	Sort  (cost=397.97..398.22 rows=102 width=121)
	  Sort Key: c
	  ->  Index Scan using sbtest3_pkey on sbtest3  (cost=0.43..394.56 rows=102 width=121)
	        Index Cond: ((id >= 3660166) AND (id <= 3660265))

table 4 : explain SELECT c FROM sbtest4 WHERE id BETWEEN 2341399 AND 2341498 ORDER BY c
	Sort  (cost=371.65..371.89 rows=96 width=121)
	  Sort Key: c
	  ->  Index Scan using sbtest4_pkey on sbtest4  (cost=0.43..368.49 rows=96 width=121)
	        Index Cond: ((id >= 2341399) AND (id <= 2341498))

table 5 : explain SELECT c FROM sbtest5 WHERE id BETWEEN 6867331 AND 6867430 ORDER BY c
	Sort  (cost=368.71..368.95 rows=95 width=121)
	  Sort Key: c
	  ->  Index Scan using sbtest5_pkey on sbtest5  (cost=0.43..365.59 rows=95 width=121)
	        Index Cond: ((id >= 6867331) AND (id <= 6867430))

table 6 : explain SELECT c FROM sbtest6 WHERE id BETWEEN 6182738 AND 6182837 ORDER BY c
	Sort  (cost=387.77..388.02 rows=100 width=121)
	  Sort Key: c
	  ->  Index Scan using sbtest6_pkey on sbtest6  (cost=0.43..384.44 rows=100 width=121)
	        Index Cond: ((id >= 6182738) AND (id <= 6182837))

table 7 : explain SELECT c FROM sbtest7 WHERE id BETWEEN 8906267 AND 8906366 ORDER BY c
	Sort  (cost=412.99..413.26 rows=107 width=121)
	  Sort Key: c
	  ->  Index Scan using sbtest7_pkey on sbtest7  (cost=0.43..409.39 rows=107 width=121)
	        Index Cond: ((id >= 8906267) AND (id <= 8906366))

table 8 : explain SELECT c FROM sbtest8 WHERE id BETWEEN 1264448 AND 1264547 ORDER BY c
	Sort  (cost=419.50..419.78 rows=109 width=121)
	  Sort Key: c
	  ->  Index Scan using sbtest8_pkey on sbtest8  (cost=0.43..415.82 rows=109 width=121)
	        Index Cond: ((id >= 1264448) AND (id <= 1264547))

for inserts
table 1 : explain INSERT INTO sbtest1 (id, k, c, pad) VALUES (6093821, 13, 'foobar', 'foobar')
	Insert on sbtest1  (cost=0.00..0.01 rows=1 width=736)
	  ->  Result  (cost=0.00..0.01 rows=1 width=736)

table 2 : explain INSERT INTO sbtest2 (id, k, c, pad) VALUES (3131171, 13, 'foobar', 'foobar')
	Insert on sbtest2  (cost=0.00..0.01 rows=1 width=736)
	  ->  Result  (cost=0.00..0.01 rows=1 width=736)

table 3 : explain INSERT INTO sbtest3 (id, k, c, pad) VALUES (8197803, 13, 'foobar', 'foobar')
	Insert on sbtest3  (cost=0.00..0.01 rows=1 width=736)
	  ->  Result  (cost=0.00..0.01 rows=1 width=736)

table 4 : explain INSERT INTO sbtest4 (id, k, c, pad) VALUES (5459097, 13, 'foobar', 'foobar')
	Insert on sbtest4  (cost=0.00..0.01 rows=1 width=736)
	  ->  Result  (cost=0.00..0.01 rows=1 width=736)

table 5 : explain INSERT INTO sbtest5 (id, k, c, pad) VALUES (9330545, 13, 'foobar', 'foobar')
	Insert on sbtest5  (cost=0.00..0.01 rows=1 width=736)
	  ->  Result  (cost=0.00..0.01 rows=1 width=736)

table 6 : explain INSERT INTO sbtest6 (id, k, c, pad) VALUES (6703861, 13, 'foobar', 'foobar')
	Insert on sbtest6  (cost=0.00..0.01 rows=1 width=736)
	  ->  Result  (cost=0.00..0.01 rows=1 width=736)

table 7 : explain INSERT INTO sbtest7 (id, k, c, pad) VALUES (299181, 13, 'foobar', 'foobar')
	Insert on sbtest7  (cost=0.00..0.01 rows=1 width=736)
	  ->  Result  (cost=0.00..0.01 rows=1 width=736)

table 8 : explain INSERT INTO sbtest8 (id, k, c, pad) VALUES (131838, 13, 'foobar', 'foobar')
	Insert on sbtest8  (cost=0.00..0.01 rows=1 width=736)
	  ->  Result  (cost=0.00..0.01 rows=1 width=736)

for: sum_ranges
table 1 : explain SELECT SUM(k) FROM sbtest1 WHERE id BETWEEN 889109 AND 889208
	Aggregate  (cost=433.38..433.39 rows=1 width=8)
	  ->  Index Scan using sbtest1_pkey on sbtest1  (cost=0.43..433.10 rows=113 width=4)
	        Index Cond: ((id >= 889109) AND (id <= 889208))

table 2 : explain SELECT SUM(k) FROM sbtest2 WHERE id BETWEEN 6292774 AND 6292873
	Aggregate  (cost=381.46..381.47 rows=1 width=8)
	  ->  Index Scan using sbtest2_pkey on sbtest2  (cost=0.43..381.21 rows=99 width=4)
	        Index Cond: ((id >= 6292774) AND (id <= 6292873))

table 3 : explain SELECT SUM(k) FROM sbtest3 WHERE id BETWEEN 2825130 AND 2825229
	Aggregate  (cost=387.17..387.18 rows=1 width=8)
	  ->  Index Scan using sbtest3_pkey on sbtest3  (cost=0.43..386.92 rows=100 width=4)
	        Index Cond: ((id >= 2825130) AND (id <= 2825229))

table 4 : explain SELECT SUM(k) FROM sbtest4 WHERE id BETWEEN 8694661 AND 8694760
	Aggregate  (cost=342.14..342.15 rows=1 width=8)
	  ->  Index Scan using sbtest4_pkey on sbtest4  (cost=0.43..341.92 rows=89 width=4)
	        Index Cond: ((id >= 8694661) AND (id <= 8694760))

table 5 : explain SELECT SUM(k) FROM sbtest5 WHERE id BETWEEN 176660 AND 176759
	Aggregate  (cost=365.82..365.83 rows=1 width=8)
	  ->  Index Scan using sbtest5_pkey on sbtest5  (cost=0.43..365.59 rows=95 width=4)
	        Index Cond: ((id >= 176660) AND (id <= 176759))

table 6 : explain SELECT SUM(k) FROM sbtest6 WHERE id BETWEEN 4501494 AND 4501593
	Aggregate  (cost=361.85..361.86 rows=1 width=8)
	  ->  Index Scan using sbtest6_pkey on sbtest6  (cost=0.43..361.61 rows=94 width=4)
	        Index Cond: ((id >= 4501494) AND (id <= 4501593))

table 7 : explain SELECT SUM(k) FROM sbtest7 WHERE id BETWEEN 2875708 AND 2875807
	Aggregate  (cost=405.87..405.88 rows=1 width=8)
	  ->  Index Scan using sbtest7_pkey on sbtest7  (cost=0.43..405.60 rows=106 width=4)
	        Index Cond: ((id >= 2875708) AND (id <= 2875807))

table 8 : explain SELECT SUM(k) FROM sbtest8 WHERE id BETWEEN 8582814 AND 8582913
	Aggregate  (cost=412.32..412.33 rows=1 width=8)
	  ->  Index Scan using sbtest8_pkey on sbtest8  (cost=0.43..412.05 rows=108 width=4)
	        Index Cond: ((id >= 8582814) AND (id <= 8582913))

for: sum_ranges
table 1 : explain SELECT SUM(k) FROM sbtest1 WHERE id BETWEEN 5707676 AND 5707775
	Aggregate  (cost=456.14..456.15 rows=1 width=8)
	  ->  Index Scan using sbtest1_pkey on sbtest1  (cost=0.43..455.84 rows=119 width=4)
	        Index Cond: ((id >= 5707676) AND (id <= 5707775))

table 2 : explain SELECT SUM(k) FROM sbtest2 WHERE id BETWEEN 2171629 AND 2171728
	Aggregate  (cost=408.09..408.10 rows=1 width=8)
	  ->  Index Scan using sbtest2_pkey on sbtest2  (cost=0.43..407.83 rows=106 width=4)
	        Index Cond: ((id >= 2171629) AND (id <= 2171728))

table 3 : explain SELECT SUM(k) FROM sbtest3 WHERE id BETWEEN 8923310 AND 8923409
	Aggregate  (cost=394.82..394.83 rows=1 width=8)
	  ->  Index Scan using sbtest3_pkey on sbtest3  (cost=0.43..394.56 rows=102 width=4)
	        Index Cond: ((id >= 8923310) AND (id <= 8923409))

table 4 : explain SELECT SUM(k) FROM sbtest4 WHERE id BETWEEN 7945506 AND 7945605
	Aggregate  (cost=383.90..383.91 rows=1 width=8)
	  ->  Index Scan using sbtest4_pkey on sbtest4  (cost=0.43..383.65 rows=100 width=4)
	        Index Cond: ((id >= 7945506) AND (id <= 7945605))

table 5 : explain SELECT SUM(k) FROM sbtest5 WHERE id BETWEEN 5790485 AND 5790584
	Aggregate  (cost=396.29..396.30 rows=1 width=8)
	  ->  Index Scan using sbtest5_pkey on sbtest5  (cost=0.43..396.03 rows=103 width=4)
	        Index Cond: ((id >= 5790485) AND (id <= 5790584))

table 6 : explain SELECT SUM(k) FROM sbtest6 WHERE id BETWEEN 8321196 AND 8321295
	Aggregate  (cost=418.88..418.89 rows=1 width=8)
	  ->  Index Scan using sbtest6_pkey on sbtest6  (cost=0.43..418.61 rows=109 width=4)
	        Index Cond: ((id >= 8321196) AND (id <= 8321295))

table 7 : explain SELECT SUM(k) FROM sbtest7 WHERE id BETWEEN 561327 AND 561426
	Aggregate  (cost=337.71..337.72 rows=1 width=8)
	  ->  Index Scan using sbtest7_pkey on sbtest7  (cost=0.43..337.49 rows=88 width=4)
	        Index Cond: ((id >= 561327) AND (id <= 561426))

table 8 : explain SELECT SUM(k) FROM sbtest8 WHERE id BETWEEN 9456322 AND 9456421
	Aggregate  (cost=336.80..336.81 rows=1 width=8)
	  ->  Index Scan using sbtest8_pkey on sbtest8  (cost=0.43..336.58 rows=88 width=4)
	        Index Cond: ((id >= 9456322) AND (id <= 9456421))

explain: for point_selects :: explain SELECT c FROM sbtest%u WHERE id=%u
explain: for point_selects :: explain SELECT c FROM sbtest%u WHERE id=%u
explain: for index_updates :: explain UPDATE sbtest%u SET k=k+1 WHERE id=%u
for non_index_updates
table 1 : explain UPDATE sbtest1 SET c='foobar' WHERE id=945339
	Update on sbtest1  (cost=0.43..8.45 rows=1 width=559)
	  ->  Index Scan using sbtest1_pkey on sbtest1  (cost=0.43..8.45 rows=1 width=559)
	        Index Cond: (id = 945339)

table 2 : explain UPDATE sbtest2 SET c='foobar' WHERE id=3892352
	Update on sbtest2  (cost=0.43..8.45 rows=1 width=559)
	  ->  Index Scan using sbtest2_pkey on sbtest2  (cost=0.43..8.45 rows=1 width=559)
	        Index Cond: (id = 3892352)

table 3 : explain UPDATE sbtest3 SET c='foobar' WHERE id=7313835
	Update on sbtest3  (cost=0.43..8.45 rows=1 width=559)
	  ->  Index Scan using sbtest3_pkey on sbtest3  (cost=0.43..8.45 rows=1 width=559)
	        Index Cond: (id = 7313835)

table 4 : explain UPDATE sbtest4 SET c='foobar' WHERE id=9083446
	Update on sbtest4  (cost=0.43..8.45 rows=1 width=559)
	  ->  Index Scan using sbtest4_pkey on sbtest4  (cost=0.43..8.45 rows=1 width=559)
	        Index Cond: (id = 9083446)

table 5 : explain UPDATE sbtest5 SET c='foobar' WHERE id=3701126
	Update on sbtest5  (cost=0.43..8.45 rows=1 width=559)
	  ->  Index Scan using sbtest5_pkey on sbtest5  (cost=0.43..8.45 rows=1 width=559)
	        Index Cond: (id = 3701126)

table 6 : explain UPDATE sbtest6 SET c='foobar' WHERE id=7244094
	Update on sbtest6  (cost=0.43..8.45 rows=1 width=559)
	  ->  Index Scan using sbtest6_pkey on sbtest6  (cost=0.43..8.45 rows=1 width=559)
	        Index Cond: (id = 7244094)

table 7 : explain UPDATE sbtest7 SET c='foobar' WHERE id=2541763
	Update on sbtest7  (cost=0.43..8.45 rows=1 width=559)
	  ->  Index Scan using sbtest7_pkey on sbtest7  (cost=0.43..8.45 rows=1 width=559)
	        Index Cond: (id = 2541763)

table 8 : explain UPDATE sbtest8 SET c='foobar' WHERE id=9324307
	Update on sbtest8  (cost=0.43..8.45 rows=1 width=559)
	  ->  Index Scan using sbtest8_pkey on sbtest8  (cost=0.43..8.45 rows=1 width=559)
	        Index Cond: (id = 9324307)

explain: for point_selects :: explain SELECT c FROM sbtest%u WHERE id=%u
explain: for inserts :: explain INSERT INTO sbtest%u (id, k, c, pad) VALUES (%u, 13, 'foobar', 'foobar')
for index_updates
table 1 : explain UPDATE sbtest1 SET k=k+1 WHERE id=3330951
	Update on sbtest1  (cost=0.43..8.46 rows=1 width=196)
	  ->  Index Scan using sbtest1_pkey on sbtest1  (cost=0.43..8.46 rows=1 width=196)
	        Index Cond: (id = 3330951)

table 2 : explain UPDATE sbtest2 SET k=k+1 WHERE id=8033471
	Update on sbtest2  (cost=0.43..8.46 rows=1 width=196)
	  ->  Index Scan using sbtest2_pkey on sbtest2  (cost=0.43..8.46 rows=1 width=196)
	        Index Cond: (id = 8033471)

table 3 : explain UPDATE sbtest3 SET k=k+1 WHERE id=9664799
	Update on sbtest3  (cost=0.43..8.46 rows=1 width=196)
	  ->  Index Scan using sbtest3_pkey on sbtest3  (cost=0.43..8.46 rows=1 width=196)
	        Index Cond: (id = 9664799)

table 4 : explain UPDATE sbtest4 SET k=k+1 WHERE id=2358174
	Update on sbtest4  (cost=0.43..8.46 rows=1 width=196)
	  ->  Index Scan using sbtest4_pkey on sbtest4  (cost=0.43..8.46 rows=1 width=196)
	        Index Cond: (id = 2358174)

table 5 : explain UPDATE sbtest5 SET k=k+1 WHERE id=8130983
	Update on sbtest5  (cost=0.43..8.46 rows=1 width=196)
	  ->  Index Scan using sbtest5_pkey on sbtest5  (cost=0.43..8.46 rows=1 width=196)
	        Index Cond: (id = 8130983)

table 6 : explain UPDATE sbtest6 SET k=k+1 WHERE id=4727291
	Update on sbtest6  (cost=0.43..8.46 rows=1 width=196)
	  ->  Index Scan using sbtest6_pkey on sbtest6  (cost=0.43..8.46 rows=1 width=196)
	        Index Cond: (id = 4727291)

table 7 : explain UPDATE sbtest7 SET k=k+1 WHERE id=5382884
	Update on sbtest7  (cost=0.43..8.46 rows=1 width=196)
	  ->  Index Scan using sbtest7_pkey on sbtest7  (cost=0.43..8.46 rows=1 width=196)
	        Index Cond: (id = 5382884)

table 8 : explain UPDATE sbtest8 SET k=k+1 WHERE id=6201408
	Update on sbtest8  (cost=0.43..8.46 rows=1 width=196)
	  ->  Index Scan using sbtest8_pkey on sbtest8  (cost=0.43..8.46 rows=1 width=196)
	        Index Cond: (id = 6201408)

explain: for deletes :: explain DELETE FROM sbtest%u WHERE id=%u
explain: for point_selects :: explain SELECT c FROM sbtest%u WHERE id=%u
explain: for point_selects :: explain SELECT c FROM sbtest%u WHERE id=%u
for: simple_ranges
table 1 : explain SELECT c FROM sbtest1 WHERE id BETWEEN 1750437 AND 1750536
	Index Scan using sbtest1_pkey on sbtest1  (cost=0.43..368.67 rows=96 width=121)
	  Index Cond: ((id >= 1750437) AND (id <= 1750536))

table 2 : explain SELECT c FROM sbtest2 WHERE id BETWEEN 3502789 AND 3502888
	Index Scan using sbtest2_pkey on sbtest2  (cost=0.43..377.41 rows=98 width=121)
	  Index Cond: ((id >= 3502789) AND (id <= 3502888))

table 3 : explain SELECT c FROM sbtest3 WHERE id BETWEEN 4522275 AND 4522374
	Index Scan using sbtest3_pkey on sbtest3  (cost=0.43..428.95 rows=111 width=121)
	  Index Cond: ((id >= 4522275) AND (id <= 4522374))

table 4 : explain SELECT c FROM sbtest4 WHERE id BETWEEN 4742368 AND 4742467
	Index Scan using sbtest4_pkey on sbtest4  (cost=0.43..398.80 rows=104 width=121)
	  Index Cond: ((id >= 4742368) AND (id <= 4742467))

table 5 : explain SELECT c FROM sbtest5 WHERE id BETWEEN 3662039 AND 3662138
	Index Scan using sbtest5_pkey on sbtest5  (cost=0.43..399.83 rows=104 width=121)
	  Index Cond: ((id >= 3662039) AND (id <= 3662138))

table 6 : explain SELECT c FROM sbtest6 WHERE id BETWEEN 8879533 AND 8879632
	Index Scan using sbtest6_pkey on sbtest6  (cost=0.43..380.65 rows=99 width=121)
	  Index Cond: ((id >= 8879533) AND (id <= 8879632))

table 7 : explain SELECT c FROM sbtest7 WHERE id BETWEEN 245820 AND 245919
	Index Scan using sbtest7_pkey on sbtest7  (cost=0.43..375.36 rows=98 width=121)
	  Index Cond: ((id >= 245820) AND (id <= 245919))

table 8 : explain SELECT c FROM sbtest8 WHERE id BETWEEN 9540606 AND 9540705
	Index Scan using sbtest8_pkey on sbtest8  (cost=0.43..393.20 rows=103 width=121)
	  Index Cond: ((id >= 9540606) AND (id <= 9540705))

for non_index_updates
table 1 : explain UPDATE sbtest1 SET c='foobar' WHERE id=8403839
	Update on sbtest1  (cost=0.43..8.45 rows=1 width=559)
	  ->  Index Scan using sbtest1_pkey on sbtest1  (cost=0.43..8.45 rows=1 width=559)
	        Index Cond: (id = 8403839)

table 2 : explain UPDATE sbtest2 SET c='foobar' WHERE id=8678600
	Update on sbtest2  (cost=0.43..8.45 rows=1 width=559)
	  ->  Index Scan using sbtest2_pkey on sbtest2  (cost=0.43..8.45 rows=1 width=559)
	        Index Cond: (id = 8678600)

table 3 : explain UPDATE sbtest3 SET c='foobar' WHERE id=4920470
	Update on sbtest3  (cost=0.43..8.45 rows=1 width=559)
	  ->  Index Scan using sbtest3_pkey on sbtest3  (cost=0.43..8.45 rows=1 width=559)
	        Index Cond: (id = 4920470)

table 4 : explain UPDATE sbtest4 SET c='foobar' WHERE id=4390725
	Update on sbtest4  (cost=0.43..8.45 rows=1 width=559)
	  ->  Index Scan using sbtest4_pkey on sbtest4  (cost=0.43..8.45 rows=1 width=559)
	        Index Cond: (id = 4390725)

table 5 : explain UPDATE sbtest5 SET c='foobar' WHERE id=5708096
	Update on sbtest5  (cost=0.43..8.45 rows=1 width=559)
	  ->  Index Scan using sbtest5_pkey on sbtest5  (cost=0.43..8.45 rows=1 width=559)
	        Index Cond: (id = 5708096)

table 6 : explain UPDATE sbtest6 SET c='foobar' WHERE id=3661920
	Update on sbtest6  (cost=0.43..8.45 rows=1 width=559)
	  ->  Index Scan using sbtest6_pkey on sbtest6  (cost=0.43..8.45 rows=1 width=559)
	        Index Cond: (id = 3661920)

table 7 : explain UPDATE sbtest7 SET c='foobar' WHERE id=844280
	Update on sbtest7  (cost=0.43..8.45 rows=1 width=559)
	  ->  Index Scan using sbtest7_pkey on sbtest7  (cost=0.43..8.45 rows=1 width=559)
	        Index Cond: (id = 844280)

table 8 : explain UPDATE sbtest8 SET c='foobar' WHERE id=7872600
	Update on sbtest8  (cost=0.43..8.45 rows=1 width=559)
	  ->  Index Scan using sbtest8_pkey on sbtest8  (cost=0.43..8.45 rows=1 width=559)
	        Index Cond: (id = 7872600)

explain: for non_index_updates :: explain UPDATE sbtest%u SET c='foobar' WHERE id=%u
for point_selects
table 1 : explain SELECT c FROM sbtest1 WHERE id=5107244
	Index Scan using sbtest1_pkey on sbtest1  (cost=0.43..8.45 rows=1 width=121)
	  Index Cond: (id = 5107244)

table 2 : explain SELECT c FROM sbtest2 WHERE id=2844324
	Index Scan using sbtest2_pkey on sbtest2  (cost=0.43..8.45 rows=1 width=121)
	  Index Cond: (id = 2844324)

table 3 : explain SELECT c FROM sbtest3 WHERE id=9443885
	Index Scan using sbtest3_pkey on sbtest3  (cost=0.43..8.45 rows=1 width=121)
	  Index Cond: (id = 9443885)

table 4 : explain SELECT c FROM sbtest4 WHERE id=1493334
	Index Scan using sbtest4_pkey on sbtest4  (cost=0.43..8.45 rows=1 width=121)
	  Index Cond: (id = 1493334)

table 5 : explain SELECT c FROM sbtest5 WHERE id=8510925
	Index Scan using sbtest5_pkey on sbtest5  (cost=0.43..8.45 rows=1 width=121)
	  Index Cond: (id = 8510925)

table 6 : explain SELECT c FROM sbtest6 WHERE id=1176387
	Index Scan using sbtest6_pkey on sbtest6  (cost=0.43..8.45 rows=1 width=121)
	  Index Cond: (id = 1176387)

table 7 : explain SELECT c FROM sbtest7 WHERE id=968294
	Index Scan using sbtest7_pkey on sbtest7  (cost=0.43..8.45 rows=1 width=121)
	  Index Cond: (id = 968294)

table 8 : explain SELECT c FROM sbtest8 WHERE id=2467703
	Index Scan using sbtest8_pkey on sbtest8  (cost=0.43..8.45 rows=1 width=121)
	  Index Cond: (id = 2467703)

for deletes
table 1 : explain DELETE FROM sbtest1 WHERE id=5852242
	Delete on sbtest1  (cost=0.43..8.45 rows=1 width=6)
	  ->  Index Scan using sbtest1_pkey on sbtest1  (cost=0.43..8.45 rows=1 width=6)
	        Index Cond: (id = 5852242)

table 2 : explain DELETE FROM sbtest2 WHERE id=5317558
	Delete on sbtest2  (cost=0.43..8.45 rows=1 width=6)
	  ->  Index Scan using sbtest2_pkey on sbtest2  (cost=0.43..8.45 rows=1 width=6)
	        Index Cond: (id = 5317558)

table 3 : explain DELETE FROM sbtest3 WHERE id=2185342
	Delete on sbtest3  (cost=0.43..8.45 rows=1 width=6)
	  ->  Index Scan using sbtest3_pkey on sbtest3  (cost=0.43..8.45 rows=1 width=6)
	        Index Cond: (id = 2185342)

table 4 : explain DELETE FROM sbtest4 WHERE id=9885759
	Delete on sbtest4  (cost=0.43..8.45 rows=1 width=6)
	  ->  Index Scan using sbtest4_pkey on sbtest4  (cost=0.43..8.45 rows=1 width=6)
	        Index Cond: (id = 9885759)

table 5 : explain DELETE FROM sbtest5 WHERE id=121003
	Delete on sbtest5  (cost=0.43..8.45 rows=1 width=6)
	  ->  Index Scan using sbtest5_pkey on sbtest5  (cost=0.43..8.45 rows=1 width=6)
	        Index Cond: (id = 121003)

table 6 : explain DELETE FROM sbtest6 WHERE id=662047
	Delete on sbtest6  (cost=0.43..8.45 rows=1 width=6)
	  ->  Index Scan using sbtest6_pkey on sbtest6  (cost=0.43..8.45 rows=1 width=6)
	        Index Cond: (id = 662047)

table 7 : explain DELETE FROM sbtest7 WHERE id=7513355
	Delete on sbtest7  (cost=0.43..8.45 rows=1 width=6)
	  ->  Index Scan using sbtest7_pkey on sbtest7  (cost=0.43..8.45 rows=1 width=6)
	        Index Cond: (id = 7513355)

table 8 : explain DELETE FROM sbtest8 WHERE id=5164986
	Delete on sbtest8  (cost=0.43..8.45 rows=1 width=6)
	  ->  Index Scan using sbtest8_pkey on sbtest8  (cost=0.43..8.45 rows=1 width=6)
	        Index Cond: (id = 5164986)

for: order_ranges
table 1 : explain SELECT c FROM sbtest1 WHERE id BETWEEN 298460 AND 298559 ORDER BY c
	Sort  (cost=425.46..425.73 rows=110 width=121)
	  Sort Key: c
	  ->  Index Scan using sbtest1_pkey on sbtest1  (cost=0.43..421.73 rows=110 width=121)
	        Index Cond: ((id >= 298460) AND (id <= 298559))

table 2 : explain SELECT c FROM sbtest2 WHERE id BETWEEN 1988589 AND 1988688 ORDER BY c
	Sort  (cost=361.39..361.62 rows=93 width=121)
	  Sort Key: c
	  ->  Index Scan using sbtest2_pkey on sbtest2  (cost=0.43..358.35 rows=93 width=121)
	        Index Cond: ((id >= 1988589) AND (id <= 1988688))

table 3 : explain SELECT c FROM sbtest3 WHERE id BETWEEN 8823199 AND 8823298 ORDER BY c
	Sort  (cost=428.86..429.14 rows=110 width=121)
	  Sort Key: c
	  ->  Index Scan using sbtest3_pkey on sbtest3  (cost=0.43..425.13 rows=110 width=121)
	        Index Cond: ((id >= 8823199) AND (id <= 8823298))

table 4 : explain SELECT c FROM sbtest4 WHERE id BETWEEN 1625072 AND 1625171 ORDER BY c
	Sort  (cost=436.74..437.03 rows=113 width=121)
	  Sort Key: c
	  ->  Index Scan using sbtest4_pkey on sbtest4  (cost=0.43..432.89 rows=113 width=121)
	        Index Cond: ((id >= 1625072) AND (id <= 1625171))

table 5 : explain SELECT c FROM sbtest5 WHERE id BETWEEN 1141125 AND 1141224 ORDER BY c
	Sort  (cost=364.87..365.10 rows=94 width=121)
	  Sort Key: c
	  ->  Index Scan using sbtest5_pkey on sbtest5  (cost=0.43..361.79 rows=94 width=121)
	        Index Cond: ((id >= 1141125) AND (id <= 1141224))

table 6 : explain SELECT c FROM sbtest6 WHERE id BETWEEN 5201562 AND 5201661 ORDER BY c
	Sort  (cost=349.35..349.57 rows=90 width=121)
	  Sort Key: c
	  ->  Index Scan using sbtest6_pkey on sbtest6  (cost=0.43..346.43 rows=90 width=121)
	        Index Cond: ((id >= 5201562) AND (id <= 5201661))

table 7 : explain SELECT c FROM sbtest7 WHERE id BETWEEN 7038243 AND 7038342 ORDER BY c
	Sort  (cost=355.68..355.91 rows=92 width=121)
	  Sort Key: c
	  ->  Index Scan using sbtest7_pkey on sbtest7  (cost=0.43..352.68 rows=92 width=121)
	        Index Cond: ((id >= 7038243) AND (id <= 7038342))

table 8 : explain SELECT c FROM sbtest8 WHERE id BETWEEN 5724062 AND 5724161 ORDER BY c
	Sort  (cost=377.59..377.83 rows=98 width=121)
	  Sort Key: c
	  ->  Index Scan using sbtest8_pkey on sbtest8  (cost=0.43..374.34 rows=98 width=121)
	        Index Cond: ((id >= 5724062) AND (id <= 5724161))

for: order_ranges
table 1 : explain SELECT c FROM sbtest1 WHERE id BETWEEN 370336 AND 370435 ORDER BY c
	Sort  (cost=425.46..425.73 rows=110 width=121)
	  Sort Key: c
	  ->  Index Scan using sbtest1_pkey on sbtest1  (cost=0.43..421.73 rows=110 width=121)
	        Index Cond: ((id >= 370336) AND (id <= 370435))

table 2 : explain SELECT c FROM sbtest2 WHERE id BETWEEN 7554500 AND 7554599 ORDER BY c
	Sort  (cost=407.55..407.81 rows=105 width=121)
	  Sort Key: c
	  ->  Index Scan using sbtest2_pkey on sbtest2  (cost=0.43..404.03 rows=105 width=121)
	        Index Cond: ((id >= 7554500) AND (id <= 7554599))

table 3 : explain SELECT c FROM sbtest3 WHERE id BETWEEN 2353460 AND 2353559 ORDER BY c
	Sort  (cost=367.07..367.31 rows=94 width=121)
	  Sort Key: c
	  ->  Index Scan using sbtest3_pkey on sbtest3  (cost=0.43..363.99 rows=94 width=121)
	        Index Cond: ((id >= 2353460) AND (id <= 2353559))

table 4 : explain SELECT c FROM sbtest4 WHERE id BETWEEN 3986321 AND 3986420 ORDER BY c
	Sort  (cost=406.11..406.37 rows=105 width=121)
	  Sort Key: c
	  ->  Index Scan using sbtest4_pkey on sbtest4  (cost=0.43..402.59 rows=105 width=121)
	        Index Cond: ((id >= 3986321) AND (id <= 3986420))

table 5 : explain SELECT c FROM sbtest5 WHERE id BETWEEN 4759364 AND 4759463 ORDER BY c
	Sort  (cost=384.12..384.36 rows=99 width=121)
	  Sort Key: c
	  ->  Index Scan using sbtest5_pkey on sbtest5  (cost=0.43..380.84 rows=99 width=121)
	        Index Cond: ((id >= 4759364) AND (id <= 4759463))

table 6 : explain SELECT c FROM sbtest6 WHERE id BETWEEN 5619858 AND 5619957 ORDER BY c
	Sort  (cost=368.58..368.82 rows=95 width=121)
	  Sort Key: c
	  ->  Index Scan using sbtest6_pkey on sbtest6  (cost=0.43..365.46 rows=95 width=121)
	        Index Cond: ((id >= 5619858) AND (id <= 5619957))

table 7 : explain SELECT c FROM sbtest7 WHERE id BETWEEN 9843604 AND 9843703 ORDER BY c
	Sort  (cost=390.06..390.32 rows=101 width=121)
	  Sort Key: c
	  ->  Index Scan using sbtest7_pkey on sbtest7  (cost=0.43..386.70 rows=101 width=121)
	        Index Cond: ((id >= 9843604) AND (id <= 9843703))

table 8 : explain SELECT c FROM sbtest8 WHERE id BETWEEN 805490 AND 805589 ORDER BY c
	Sort  (cost=362.34..362.58 rows=94 width=121)
	  Sort Key: c
	  ->  Index Scan using sbtest8_pkey on sbtest8  (cost=0.43..359.26 rows=94 width=121)
	        Index Cond: ((id >= 805490) AND (id <= 805589))

for: distinct_ranges
table 1 : explain SELECT DISTINCT c FROM sbtest1 WHERE id BETWEEN 9012055 AND 9012154 ORDER BY c
	Unique  (cost=406.30..406.83 rows=105 width=121)
	  ->  Sort  (cost=406.30..406.57 rows=105 width=121)
	        Sort Key: c
	        ->  Index Scan using sbtest1_pkey on sbtest1  (cost=0.43..402.78 rows=105 width=121)
	              Index Cond: ((id >= 9012055) AND (id <= 9012154))

table 2 : explain SELECT DISTINCT c FROM sbtest2 WHERE id BETWEEN 5426368 AND 5426467 ORDER BY c
	Unique  (cost=403.71..404.23 rows=104 width=121)
	  ->  Sort  (cost=403.71..403.97 rows=104 width=121)
	        Sort Key: c
	        ->  Index Scan using sbtest2_pkey on sbtest2  (cost=0.43..400.22 rows=104 width=121)
	              Index Cond: ((id >= 5426368) AND (id <= 5426467))

table 3 : explain SELECT DISTINCT c FROM sbtest3 WHERE id BETWEEN 7694 AND 7793 ORDER BY c
	Unique  (cost=382.52..383.01 rows=98 width=121)
	  ->  Sort  (cost=382.52..382.76 rows=98 width=121)
	        Sort Key: c
	        ->  Index Scan using sbtest3_pkey on sbtest3  (cost=0.43..379.28 rows=98 width=121)
	              Index Cond: ((id >= 7694) AND (id <= 7793))

table 4 : explain SELECT DISTINCT c FROM sbtest4 WHERE id BETWEEN 5664828 AND 5664927 ORDER BY c
	Unique  (cost=360.17..360.63 rows=93 width=121)
	  ->  Sort  (cost=360.17..360.40 rows=93 width=121)
	        Sort Key: c
	        ->  Index Scan using sbtest4_pkey on sbtest4  (cost=0.43..357.13 rows=93 width=121)
	              Index Cond: ((id >= 5664828) AND (id <= 5664927))

table 5 : explain SELECT DISTINCT c FROM sbtest5 WHERE id BETWEEN 1946106 AND 1946205 ORDER BY c
	Unique  (cost=399.47..399.99 rows=103 width=121)
	  ->  Sort  (cost=399.47..399.73 rows=103 width=121)
	        Sort Key: c
	        ->  Index Scan using sbtest5_pkey on sbtest5  (cost=0.43..396.03 rows=103 width=121)
	              Index Cond: ((id >= 1946106) AND (id <= 1946205))

table 6 : explain SELECT DISTINCT c FROM sbtest6 WHERE id BETWEEN 890406 AND 890505 ORDER BY c
	Unique  (cost=406.95..407.48 rows=105 width=121)
	  ->  Sort  (cost=406.95..407.21 rows=105 width=121)
	        Sort Key: c
	        ->  Index Scan using sbtest6_pkey on sbtest6  (cost=0.43..403.43 rows=105 width=121)
	              Index Cond: ((id >= 890406) AND (id <= 890505))

table 7 : explain SELECT DISTINCT c FROM sbtest7 WHERE id BETWEEN 6621910 AND 6622009 ORDER BY c
	Unique  (cost=393.88..394.39 rows=102 width=121)
	  ->  Sort  (cost=393.88..394.14 rows=102 width=121)
	        Sort Key: c
	        ->  Index Scan using sbtest7_pkey on sbtest7  (cost=0.43..390.48 rows=102 width=121)
	              Index Cond: ((id >= 6621910) AND (id <= 6622009))

table 8 : explain SELECT DISTINCT c FROM sbtest8 WHERE id BETWEEN 6641093 AND 6641192 ORDER BY c
	Unique  (cost=381.40..381.89 rows=99 width=121)
	  ->  Sort  (cost=381.40..381.64 rows=99 width=121)
	        Sort Key: c
	        ->  Index Scan using sbtest8_pkey on sbtest8  (cost=0.43..378.11 rows=99 width=121)
	              Index Cond: ((id >= 6641093) AND (id <= 6641192))

explain: for point_selects :: explain SELECT c FROM sbtest%u WHERE id=%u
for index_updates
table 1 : explain UPDATE sbtest1 SET k=k+1 WHERE id=2516895
	Update on sbtest1  (cost=0.43..8.46 rows=1 width=196)
	  ->  Index Scan using sbtest1_pkey on sbtest1  (cost=0.43..8.46 rows=1 width=196)
	        Index Cond: (id = 2516895)

table 2 : explain UPDATE sbtest2 SET k=k+1 WHERE id=9660785
	Update on sbtest2  (cost=0.43..8.46 rows=1 width=196)
	  ->  Index Scan using sbtest2_pkey on sbtest2  (cost=0.43..8.46 rows=1 width=196)
	        Index Cond: (id = 9660785)

table 3 : explain UPDATE sbtest3 SET k=k+1 WHERE id=5561630
	Update on sbtest3  (cost=0.43..8.46 rows=1 width=196)
	  ->  Index Scan using sbtest3_pkey on sbtest3  (cost=0.43..8.46 rows=1 width=196)
	        Index Cond: (id = 5561630)

table 4 : explain UPDATE sbtest4 SET k=k+1 WHERE id=7603287
	Update on sbtest4  (cost=0.43..8.46 rows=1 width=196)
	  ->  Index Scan using sbtest4_pkey on sbtest4  (cost=0.43..8.46 rows=1 width=196)
	        Index Cond: (id = 7603287)

table 5 : explain UPDATE sbtest5 SET k=k+1 WHERE id=6487928
	Update on sbtest5  (cost=0.43..8.46 rows=1 width=196)
	  ->  Index Scan using sbtest5_pkey on sbtest5  (cost=0.43..8.46 rows=1 width=196)
	        Index Cond: (id = 6487928)

table 6 : explain UPDATE sbtest6 SET k=k+1 WHERE id=6717749
	Update on sbtest6  (cost=0.43..8.46 rows=1 width=196)
	  ->  Index Scan using sbtest6_pkey on sbtest6  (cost=0.43..8.46 rows=1 width=196)
	        Index Cond: (id = 6717749)

table 7 : explain UPDATE sbtest7 SET k=k+1 WHERE id=857157
	Update on sbtest7  (cost=0.43..8.46 rows=1 width=196)
	  ->  Index Scan using sbtest7_pkey on sbtest7  (cost=0.43..8.46 rows=1 width=196)
	        Index Cond: (id = 857157)

table 8 : explain UPDATE sbtest8 SET k=k+1 WHERE id=3469664
	Update on sbtest8  (cost=0.43..8.46 rows=1 width=196)
	  ->  Index Scan using sbtest8_pkey on sbtest8  (cost=0.43..8.46 rows=1 width=196)
	        Index Cond: (id = 3469664)

explain: for index_updates :: explain UPDATE sbtest%u SET k=k+1 WHERE id=%u
for index_updates
table 1 : explain UPDATE sbtest1 SET k=k+1 WHERE id=9633043
	Update on sbtest1  (cost=0.43..8.46 rows=1 width=196)
	  ->  Index Scan using sbtest1_pkey on sbtest1  (cost=0.43..8.46 rows=1 width=196)
	        Index Cond: (id = 9633043)

table 2 : explain UPDATE sbtest2 SET k=k+1 WHERE id=7228140
	Update on sbtest2  (cost=0.43..8.46 rows=1 width=196)
	  ->  Index Scan using sbtest2_pkey on sbtest2  (cost=0.43..8.46 rows=1 width=196)
	        Index Cond: (id = 7228140)

table 3 : explain UPDATE sbtest3 SET k=k+1 WHERE id=3364225
	Update on sbtest3  (cost=0.43..8.46 rows=1 width=196)
	  ->  Index Scan using sbtest3_pkey on sbtest3  (cost=0.43..8.46 rows=1 width=196)
	        Index Cond: (id = 3364225)

table 4 : explain UPDATE sbtest4 SET k=k+1 WHERE id=4512588
	Update on sbtest4  (cost=0.43..8.46 rows=1 width=196)
	  ->  Index Scan using sbtest4_pkey on sbtest4  (cost=0.43..8.46 rows=1 width=196)
	        Index Cond: (id = 4512588)

table 5 : explain UPDATE sbtest5 SET k=k+1 WHERE id=3461654
	Update on sbtest5  (cost=0.43..8.46 rows=1 width=196)
	  ->  Index Scan using sbtest5_pkey on sbtest5  (cost=0.43..8.46 rows=1 width=196)
	        Index Cond: (id = 3461654)

table 6 : explain UPDATE sbtest6 SET k=k+1 WHERE id=2435217
	Update on sbtest6  (cost=0.43..8.46 rows=1 width=196)
	  ->  Index Scan using sbtest6_pkey on sbtest6  (cost=0.43..8.46 rows=1 width=196)
	        Index Cond: (id = 2435217)

table 7 : explain UPDATE sbtest7 SET k=k+1 WHERE id=3604228
	Update on sbtest7  (cost=0.43..8.46 rows=1 width=196)
	  ->  Index Scan using sbtest7_pkey on sbtest7  (cost=0.43..8.46 rows=1 width=196)
	        Index Cond: (id = 3604228)

table 8 : explain UPDATE sbtest8 SET k=k+1 WHERE id=2548349
	Update on sbtest8  (cost=0.43..8.46 rows=1 width=196)
	  ->  Index Scan using sbtest8_pkey on sbtest8  (cost=0.43..8.46 rows=1 width=196)
	        Index Cond: (id = 2548349)

explain: for inserts :: explain INSERT INTO sbtest%u (id, k, c, pad) VALUES (%u, 13, 'foobar', 'foobar')
for non_index_updates
table 1 : explain UPDATE sbtest1 SET c='foobar' WHERE id=6018581
	Update on sbtest1  (cost=0.43..8.45 rows=1 width=559)
	  ->  Index Scan using sbtest1_pkey on sbtest1  (cost=0.43..8.45 rows=1 width=559)
	        Index Cond: (id = 6018581)

table 2 : explain UPDATE sbtest2 SET c='foobar' WHERE id=2486493
	Update on sbtest2  (cost=0.43..8.45 rows=1 width=559)
	  ->  Index Scan using sbtest2_pkey on sbtest2  (cost=0.43..8.45 rows=1 width=559)
	        Index Cond: (id = 2486493)

table 3 : explain UPDATE sbtest3 SET c='foobar' WHERE id=3477519
	Update on sbtest3  (cost=0.43..8.45 rows=1 width=559)
	  ->  Index Scan using sbtest3_pkey on sbtest3  (cost=0.43..8.45 rows=1 width=559)
	        Index Cond: (id = 3477519)

table 4 : explain UPDATE sbtest4 SET c='foobar' WHERE id=1801096
	Update on sbtest4  (cost=0.43..8.45 rows=1 width=559)
	  ->  Index Scan using sbtest4_pkey on sbtest4  (cost=0.43..8.45 rows=1 width=559)
	        Index Cond: (id = 1801096)

table 5 : explain UPDATE sbtest5 SET c='foobar' WHERE id=9632419
	Update on sbtest5  (cost=0.43..8.45 rows=1 width=559)
	  ->  Index Scan using sbtest5_pkey on sbtest5  (cost=0.43..8.45 rows=1 width=559)
	        Index Cond: (id = 9632419)

table 6 : explain UPDATE sbtest6 SET c='foobar' WHERE id=2028451
	Update on sbtest6  (cost=0.43..8.45 rows=1 width=559)
	  ->  Index Scan using sbtest6_pkey on sbtest6  (cost=0.43..8.45 rows=1 width=559)
	        Index Cond: (id = 2028451)

table 7 : explain UPDATE sbtest7 SET c='foobar' WHERE id=8430833
	Update on sbtest7  (cost=0.43..8.45 rows=1 width=559)
	  ->  Index Scan using sbtest7_pkey on sbtest7  (cost=0.43..8.45 rows=1 width=559)
	        Index Cond: (id = 8430833)

table 8 : explain UPDATE sbtest8 SET c='foobar' WHERE id=5474019
	Update on sbtest8  (cost=0.43..8.45 rows=1 width=559)
	  ->  Index Scan using sbtest8_pkey on sbtest8  (cost=0.43..8.45 rows=1 width=559)
	        Index Cond: (id = 5474019)
for: simple_ranges
table 1 : explain SELECT c FROM sbtest1 WHERE id BETWEEN 7356936 AND 7357035
	Index Scan using sbtest1_pkey on sbtest1  (cost=0.43..372.46 rows=97 width=121)
	  Index Cond: ((id >= 7356936) AND (id <= 7357035))

table 2 : explain SELECT c FROM sbtest2 WHERE id BETWEEN 428699 AND 428798
	Index Scan using sbtest2_pkey on sbtest2  (cost=0.43..385.02 rows=100 width=121)
	  Index Cond: ((id >= 428699) AND (id <= 428798))

table 3 : explain SELECT c FROM sbtest3 WHERE id BETWEEN 1045132 AND 1045231
	Index Scan using sbtest3_pkey on sbtest3  (cost=0.43..367.81 rows=95 width=121)
	  Index Cond: ((id >= 1045132) AND (id <= 1045231))

table 4 : explain SELECT c FROM sbtest4 WHERE id BETWEEN 9550947 AND 9551046
	Index Scan using sbtest4_pkey on sbtest4  (cost=0.43..421.53 rows=110 width=121)
	  Index Cond: ((id >= 9550947) AND (id <= 9551046))

table 5 : explain SELECT c FROM sbtest5 WHERE id BETWEEN 8911636 AND 8911735
	Index Scan using sbtest5_pkey on sbtest5  (cost=0.43..354.19 rows=92 width=121)
	  Index Cond: ((id >= 8911636) AND (id <= 8911735))

table 6 : explain SELECT c FROM sbtest6 WHERE id BETWEEN 8894810 AND 8894909
	Index Scan using sbtest6_pkey on sbtest6  (cost=0.43..380.65 rows=99 width=121)
	  Index Cond: ((id >= 8894810) AND (id <= 8894909))

table 7 : explain SELECT c FROM sbtest7 WHERE id BETWEEN 2196746 AND 2196845
	Index Scan using sbtest7_pkey on sbtest7  (cost=0.43..356.46 rows=93 width=121)
	  Index Cond: ((id >= 2196746) AND (id <= 2196845))

table 8 : explain SELECT c FROM sbtest8 WHERE id BETWEEN 8405630 AND 8405729
	Index Scan using sbtest8_pkey on sbtest8  (cost=0.43..366.80 rows=96 width=121)
	  Index Cond: ((id >= 8405630) AND (id <= 8405729))

explain: for deletes :: explain DELETE FROM sbtest%u WHERE id=%u

for: simple_ranges
table 1 : explain SELECT c FROM sbtest1 WHERE id BETWEEN 5769158 AND 5769257
	Index Scan using sbtest1_pkey on sbtest1  (cost=0.43..455.84 rows=119 width=121)
	  Index Cond: ((id >= 5769158) AND (id <= 5769257))

table 2 : explain SELECT c FROM sbtest2 WHERE id BETWEEN 7684587 AND 7684686
	Index Scan using sbtest2_pkey on sbtest2  (cost=0.43..358.35 rows=93 width=121)
	  Index Cond: ((id >= 7684587) AND (id <= 7684686))

table 3 : explain SELECT c FROM sbtest3 WHERE id BETWEEN 1831147 AND 1831246
	Index Scan using sbtest3_pkey on sbtest3  (cost=0.43..367.81 rows=95 width=121)
	  Index Cond: ((id >= 1831147) AND (id <= 1831246))

table 4 : explain SELECT c FROM sbtest4 WHERE id BETWEEN 1315305 AND 1315404
	Index Scan using sbtest4_pkey on sbtest4  (cost=0.43..395.01 rows=103 width=121)
	  Index Cond: ((id >= 1315305) AND (id <= 1315404))

table 5 : explain SELECT c FROM sbtest5 WHERE id BETWEEN 8245791 AND 8245890
	Index Scan using sbtest5_pkey on sbtest5  (cost=0.43..418.82 rows=109 width=121)
	  Index Cond: ((id >= 8245791) AND (id <= 8245890))

table 6 : explain SELECT c FROM sbtest6 WHERE id BETWEEN 223464 AND 223563
	Index Scan using sbtest6_pkey on sbtest6  (cost=0.43..414.81 rows=108 width=121)
	  Index Cond: ((id >= 223464) AND (id <= 223563))

table 7 : explain SELECT c FROM sbtest7 WHERE id BETWEEN 913955 AND 914054
	Index Scan using sbtest7_pkey on sbtest7  (cost=0.43..382.92 rows=100 width=121)
	  Index Cond: ((id >= 913955) AND (id <= 914054))

table 8 : explain SELECT c FROM sbtest8 WHERE id BETWEEN 5965762 AND 5965861
	Index Scan using sbtest8_pkey on sbtest8  (cost=0.43..370.57 rows=97 width=121)
	  Index Cond: ((id >= 5965762) AND (id <= 5965861))

for point_selects
table 1 : explain SELECT c FROM sbtest1 WHERE id=6270955
	Index Scan using sbtest1_pkey on sbtest1  (cost=0.43..8.45 rows=1 width=121)
	  Index Cond: (id = 6270955)

table 2 : explain SELECT c FROM sbtest2 WHERE id=6598740
	Index Scan using sbtest2_pkey on sbtest2  (cost=0.43..8.45 rows=1 width=121)
	  Index Cond: (id = 6598740)

table 3 : explain SELECT c FROM sbtest3 WHERE id=7523648
	Index Scan using sbtest3_pkey on sbtest3  (cost=0.43..8.45 rows=1 width=121)
	  Index Cond: (id = 7523648)

table 4 : explain SELECT c FROM sbtest4 WHERE id=2152484
	Index Scan using sbtest4_pkey on sbtest4  (cost=0.43..8.45 rows=1 width=121)
	  Index Cond: (id = 2152484)

table 5 : explain SELECT c FROM sbtest5 WHERE id=285394
	Index Scan using sbtest5_pkey on sbtest5  (cost=0.43..8.45 rows=1 width=121)
	  Index Cond: (id = 285394)

table 6 : explain SELECT c FROM sbtest6 WHERE id=2863276
	Index Scan using sbtest6_pkey on sbtest6  (cost=0.43..8.45 rows=1 width=121)
	  Index Cond: (id = 2863276)

table 7 : explain SELECT c FROM sbtest7 WHERE id=4694632
	Index Scan using sbtest7_pkey on sbtest7  (cost=0.43..8.45 rows=1 width=121)
	  Index Cond: (id = 4694632)

table 8 : explain SELECT c FROM sbtest8 WHERE id=9349
	Index Scan using sbtest8_pkey on sbtest8  (cost=0.43..8.45 rows=1 width=121)
	  Index Cond: (id = 9349)

for point_selects
table 1 : explain SELECT c FROM sbtest1 WHERE id=2795224
	Index Scan using sbtest1_pkey on sbtest1  (cost=0.43..8.45 rows=1 width=121)
	  Index Cond: (id = 2795224)

table 2 : explain SELECT c FROM sbtest2 WHERE id=5770694
	Index Scan using sbtest2_pkey on sbtest2  (cost=0.43..8.45 rows=1 width=121)
	  Index Cond: (id = 5770694)

table 3 : explain SELECT c FROM sbtest3 WHERE id=6452196
	Index Scan using sbtest3_pkey on sbtest3  (cost=0.43..8.45 rows=1 width=121)
	  Index Cond: (id = 6452196)

table 4 : explain SELECT c FROM sbtest4 WHERE id=9616365
	Index Scan using sbtest4_pkey on sbtest4  (cost=0.43..8.45 rows=1 width=121)
	  Index Cond: (id = 9616365)

table 5 : explain SELECT c FROM sbtest5 WHERE id=8982232
	Index Scan using sbtest5_pkey on sbtest5  (cost=0.43..8.45 rows=1 width=121)
	  Index Cond: (id = 8982232)

table 6 : explain SELECT c FROM sbtest6 WHERE id=1097969
	Index Scan using sbtest6_pkey on sbtest6  (cost=0.43..8.45 rows=1 width=121)
	  Index Cond: (id = 1097969)

table 7 : explain SELECT c FROM sbtest7 WHERE id=4023449
	Index Scan using sbtest7_pkey on sbtest7  (cost=0.43..8.45 rows=1 width=121)
	  Index Cond: (id = 4023449)

table 8 : explain SELECT c FROM sbtest8 WHERE id=632880
	Index Scan using sbtest8_pkey on sbtest8  (cost=0.43..8.45 rows=1 width=121)
	  Index Cond: (id = 632880)

for inserts
table 1 : explain INSERT INTO sbtest1 (id, k, c, pad) VALUES (1916283, 13, 'foobar', 'foobar')
	Insert on sbtest1  (cost=0.00..0.01 rows=1 width=736)
	  ->  Result  (cost=0.00..0.01 rows=1 width=736)

table 2 : explain INSERT INTO sbtest2 (id, k, c, pad) VALUES (8572690, 13, 'foobar', 'foobar')
	Insert on sbtest2  (cost=0.00..0.01 rows=1 width=736)
	  ->  Result  (cost=0.00..0.01 rows=1 width=736)

table 3 : explain INSERT INTO sbtest3 (id, k, c, pad) VALUES (1976395, 13, 'foobar', 'foobar')
	Insert on sbtest3  (cost=0.00..0.01 rows=1 width=736)
	  ->  Result  (cost=0.00..0.01 rows=1 width=736)

table 4 : explain INSERT INTO sbtest4 (id, k, c, pad) VALUES (1332007, 13, 'foobar', 'foobar')
	Insert on sbtest4  (cost=0.00..0.01 rows=1 width=736)
	  ->  Result  (cost=0.00..0.01 rows=1 width=736)

table 5 : explain INSERT INTO sbtest5 (id, k, c, pad) VALUES (8908568, 13, 'foobar', 'foobar')
	Insert on sbtest5  (cost=0.00..0.01 rows=1 width=736)
	  ->  Result  (cost=0.00..0.01 rows=1 width=736)

table 6 : explain INSERT INTO sbtest6 (id, k, c, pad) VALUES (3675639, 13, 'foobar', 'foobar')
	Insert on sbtest6  (cost=0.00..0.01 rows=1 width=736)
	  ->  Result  (cost=0.00..0.01 rows=1 width=736)

table 7 : explain INSERT INTO sbtest7 (id, k, c, pad) VALUES (9440047, 13, 'foobar', 'foobar')
	Insert on sbtest7  (cost=0.00..0.01 rows=1 width=736)
	  ->  Result  (cost=0.00..0.01 rows=1 width=736)

table 8 : explain INSERT INTO sbtest8 (id, k, c, pad) VALUES (1701899, 13, 'foobar', 'foobar')
	Insert on sbtest8  (cost=0.00..0.01 rows=1 width=736)
	  ->  Result  (cost=0.00..0.01 rows=1 width=736)

explain: for non_index_updates :: explain UPDATE sbtest%u SET c='foobar' WHERE id=%u
for: order_ranges
table 1 : explain SELECT c FROM sbtest1 WHERE id BETWEEN 6901931 AND 6902030 ORDER BY c
	Sort  (cost=383.32..383.57 rows=99 width=121)
	  Sort Key: c
	  ->  Index Scan using sbtest1_pkey on sbtest1  (cost=0.43..380.04 rows=99 width=121)
	        Index Cond: ((id >= 6901931) AND (id <= 6902030))

table 2 : explain SELECT c FROM sbtest2 WHERE id BETWEEN 3190402 AND 3190501 ORDER BY c
	Sort  (cost=392.18..392.43 rows=101 width=121)
	  Sort Key: c
	  ->  Index Scan using sbtest2_pkey on sbtest2  (cost=0.43..388.82 rows=101 width=121)
	        Index Cond: ((id >= 3190402) AND (id <= 3190501))

table 3 : explain SELECT c FROM sbtest3 WHERE id BETWEEN 6676811 AND 6676910 ORDER BY c
	Sort  (cost=370.93..371.17 rows=95 width=121)
	  Sort Key: c
	  ->  Index Scan using sbtest3_pkey on sbtest3  (cost=0.43..367.81 rows=95 width=121)
	        Index Cond: ((id >= 6676811) AND (id <= 6676910))

table 4 : explain SELECT c FROM sbtest4 WHERE id BETWEEN 7061666 AND 7061765 ORDER BY c
	Sort  (cost=379.31..379.56 rows=98 width=121)
	  Sort Key: c
	  ->  Index Scan using sbtest4_pkey on sbtest4  (cost=0.43..376.07 rows=98 width=121)
	        Index Cond: ((id >= 7061666) AND (id <= 7061765))

table 5 : explain SELECT c FROM sbtest5 WHERE id BETWEEN 228403 AND 228502 ORDER BY c
	Sort  (cost=372.55..372.79 rows=96 width=121)
	  Sort Key: c
	  ->  Index Scan using sbtest5_pkey on sbtest5  (cost=0.43..369.39 rows=96 width=121)
	        Index Cond: ((id >= 228403) AND (id <= 228502))

table 6 : explain SELECT c FROM sbtest6 WHERE id BETWEEN 621567 AND 621666 ORDER BY c
	Sort  (cost=410.79..411.05 rows=106 width=121)
	  Sort Key: c
	  ->  Index Scan using sbtest6_pkey on sbtest6  (cost=0.43..407.22 rows=106 width=121)
	        Index Cond: ((id >= 621567) AND (id <= 621666))

table 7 : explain SELECT c FROM sbtest7 WHERE id BETWEEN 7363154 AND 7363253 ORDER BY c
	Sort  (cost=359.50..359.73 rows=93 width=121)
	  Sort Key: c
	  ->  Index Scan using sbtest7_pkey on sbtest7  (cost=0.43..356.46 rows=93 width=121)
	        Index Cond: ((id >= 7363154) AND (id <= 7363253))

table 8 : explain SELECT c FROM sbtest8 WHERE id BETWEEN 9498451 AND 9498550 ORDER BY c
	Sort  (cost=396.64..396.90 rows=103 width=121)
	  Sort Key: c
	  ->  Index Scan using sbtest8_pkey on sbtest8  (cost=0.43..393.20 rows=103 width=121)
	        Index Cond: ((id >= 9498451) AND (id <= 9498550))

for point_selects
table 1 : explain SELECT c FROM sbtest1 WHERE id=6347806
	Index Scan using sbtest1_pkey on sbtest1  (cost=0.43..8.45 rows=1 width=121)
	  Index Cond: (id = 6347806)

table 2 : explain SELECT c FROM sbtest2 WHERE id=2565196
	Index Scan using sbtest2_pkey on sbtest2  (cost=0.43..8.45 rows=1 width=121)
	  Index Cond: (id = 2565196)

table 3 : explain SELECT c FROM sbtest3 WHERE id=146115
	Index Scan using sbtest3_pkey on sbtest3  (cost=0.43..8.45 rows=1 width=121)
	  Index Cond: (id = 146115)

table 4 : explain SELECT c FROM sbtest4 WHERE id=12558
	Index Scan using sbtest4_pkey on sbtest4  (cost=0.43..8.45 rows=1 width=121)
	  Index Cond: (id = 12558)

table 5 : explain SELECT c FROM sbtest5 WHERE id=8086691
	Index Scan using sbtest5_pkey on sbtest5  (cost=0.43..8.45 rows=1 width=121)
	  Index Cond: (id = 8086691)

table 6 : explain SELECT c FROM sbtest6 WHERE id=177598
	Index Scan using sbtest6_pkey on sbtest6  (cost=0.43..8.45 rows=1 width=121)
	  Index Cond: (id = 177598)

table 7 : explain SELECT c FROM sbtest7 WHERE id=5934731
	Index Scan using sbtest7_pkey on sbtest7  (cost=0.43..8.45 rows=1 width=121)
	  Index Cond: (id = 5934731)

table 8 : explain SELECT c FROM sbtest8 WHERE id=3280682
	Index Scan using sbtest8_pkey on sbtest8  (cost=0.43..8.45 rows=1 width=121)
	  Index Cond: (id = 3280682)

for point_selects
table 1 : explain SELECT c FROM sbtest1 WHERE id=9372078
	Index Scan using sbtest1_pkey on sbtest1  (cost=0.43..8.45 rows=1 width=121)
	  Index Cond: (id = 9372078)

table 2 : explain SELECT c FROM sbtest2 WHERE id=4180626
	Index Scan using sbtest2_pkey on sbtest2  (cost=0.43..8.45 rows=1 width=121)
	  Index Cond: (id = 4180626)

table 3 : explain SELECT c FROM sbtest3 WHERE id=8048121
	Index Scan using sbtest3_pkey on sbtest3  (cost=0.43..8.45 rows=1 width=121)
	  Index Cond: (id = 8048121)

table 4 : explain SELECT c FROM sbtest4 WHERE id=9758890
	Index Scan using sbtest4_pkey on sbtest4  (cost=0.43..8.45 rows=1 width=121)
	  Index Cond: (id = 9758890)

table 5 : explain SELECT c FROM sbtest5 WHERE id=36110
	Index Scan using sbtest5_pkey on sbtest5  (cost=0.43..8.45 rows=1 width=121)
	  Index Cond: (id = 36110)

table 6 : explain SELECT c FROM sbtest6 WHERE id=9391076
	Index Scan using sbtest6_pkey on sbtest6  (cost=0.43..8.45 rows=1 width=121)
	  Index Cond: (id = 9391076)

table 7 : explain SELECT c FROM sbtest7 WHERE id=7555382
	Index Scan using sbtest7_pkey on sbtest7  (cost=0.43..8.45 rows=1 width=121)
	  Index Cond: (id = 7555382)

table 8 : explain SELECT c FROM sbtest8 WHERE id=2476397
	Index Scan using sbtest8_pkey on sbtest8  (cost=0.43..8.45 rows=1 width=121)
	  Index Cond: (id = 2476397)

explain: for non_index_updates :: explain UPDATE sbtest%u SET c='foobar' WHERE id=%u
for index_updates
table 1 : explain UPDATE sbtest1 SET k=k+1 WHERE id=9526906
	Update on sbtest1  (cost=0.43..8.46 rows=1 width=196)
	  ->  Index Scan using sbtest1_pkey on sbtest1  (cost=0.43..8.46 rows=1 width=196)
	        Index Cond: (id = 9526906)

table 2 : explain UPDATE sbtest2 SET k=k+1 WHERE id=5203619
	Update on sbtest2  (cost=0.43..8.46 rows=1 width=196)
	  ->  Index Scan using sbtest2_pkey on sbtest2  (cost=0.43..8.46 rows=1 width=196)
	        Index Cond: (id = 5203619)

table 3 : explain UPDATE sbtest3 SET k=k+1 WHERE id=5050623
	Update on sbtest3  (cost=0.43..8.46 rows=1 width=196)
	  ->  Index Scan using sbtest3_pkey on sbtest3  (cost=0.43..8.46 rows=1 width=196)
	        Index Cond: (id = 5050623)

table 4 : explain UPDATE sbtest4 SET k=k+1 WHERE id=2058610
	Update on sbtest4  (cost=0.43..8.46 rows=1 width=196)
	  ->  Index Scan using sbtest4_pkey on sbtest4  (cost=0.43..8.46 rows=1 width=196)
	        Index Cond: (id = 2058610)

table 5 : explain UPDATE sbtest5 SET k=k+1 WHERE id=7361050
	Update on sbtest5  (cost=0.43..8.46 rows=1 width=196)
	  ->  Index Scan using sbtest5_pkey on sbtest5  (cost=0.43..8.46 rows=1 width=196)
	        Index Cond: (id = 7361050)

table 6 : explain UPDATE sbtest6 SET k=k+1 WHERE id=5000198
	Update on sbtest6  (cost=0.43..8.46 rows=1 width=196)
	  ->  Index Scan using sbtest6_pkey on sbtest6  (cost=0.43..8.46 rows=1 width=196)
	        Index Cond: (id = 5000198)

table 7 : explain UPDATE sbtest7 SET k=k+1 WHERE id=288976
	Update on sbtest7  (cost=0.43..8.46 rows=1 width=196)
	  ->  Index Scan using sbtest7_pkey on sbtest7  (cost=0.43..8.46 rows=1 width=196)
	        Index Cond: (id = 288976)

table 8 : explain UPDATE sbtest8 SET k=k+1 WHERE id=5009295
	Update on sbtest8  (cost=0.43..8.46 rows=1 width=196)
	  ->  Index Scan using sbtest8_pkey on sbtest8  (cost=0.43..8.46 rows=1 width=196)
	        Index Cond: (id = 5009295)

for inserts
table 1 : explain INSERT INTO sbtest1 (id, k, c, pad) VALUES (4995757, 13, 'foobar', 'foobar')
	Insert on sbtest1  (cost=0.00..0.01 rows=1 width=736)
	  ->  Result  (cost=0.00..0.01 rows=1 width=736)

table 2 : explain INSERT INTO sbtest2 (id, k, c, pad) VALUES (3634609, 13, 'foobar', 'foobar')
	Insert on sbtest2  (cost=0.00..0.01 rows=1 width=736)
	  ->  Result  (cost=0.00..0.01 rows=1 width=736)

table 3 : explain INSERT INTO sbtest3 (id, k, c, pad) VALUES (5137053, 13, 'foobar', 'foobar')
	Insert on sbtest3  (cost=0.00..0.01 rows=1 width=736)
	  ->  Result  (cost=0.00..0.01 rows=1 width=736)

table 4 : explain INSERT INTO sbtest4 (id, k, c, pad) VALUES (5565916, 13, 'foobar', 'foobar')
	Insert on sbtest4  (cost=0.00..0.01 rows=1 width=736)
	  ->  Result  (cost=0.00..0.01 rows=1 width=736)

table 5 : explain INSERT INTO sbtest5 (id, k, c, pad) VALUES (1011414, 13, 'foobar', 'foobar')
	Insert on sbtest5  (cost=0.00..0.01 rows=1 width=736)
	  ->  Result  (cost=0.00..0.01 rows=1 width=736)

table 6 : explain INSERT INTO sbtest6 (id, k, c, pad) VALUES (5822102, 13, 'foobar', 'foobar')
	Insert on sbtest6  (cost=0.00..0.01 rows=1 width=736)
	  ->  Result  (cost=0.00..0.01 rows=1 width=736)

table 7 : explain INSERT INTO sbtest7 (id, k, c, pad) VALUES (480231, 13, 'foobar', 'foobar')
	Insert on sbtest7  (cost=0.00..0.01 rows=1 width=736)
	  ->  Result  (cost=0.00..0.01 rows=1 width=736)

table 8 : explain INSERT INTO sbtest8 (id, k, c, pad) VALUES (1606826, 13, 'foobar', 'foobar')
	Insert on sbtest8  (cost=0.00..0.01 rows=1 width=736)
	  ->  Result  (cost=0.00..0.01 rows=1 width=736)

for point_selects
table 1 : explain SELECT c FROM sbtest1 WHERE id=6235630
	Index Scan using sbtest1_pkey on sbtest1  (cost=0.43..8.45 rows=1 width=121)
	  Index Cond: (id = 6235630)

table 2 : explain SELECT c FROM sbtest2 WHERE id=764135
	Index Scan using sbtest2_pkey on sbtest2  (cost=0.43..8.45 rows=1 width=121)
	  Index Cond: (id = 764135)

table 3 : explain SELECT c FROM sbtest3 WHERE id=8521084
	Index Scan using sbtest3_pkey on sbtest3  (cost=0.43..8.45 rows=1 width=121)
	  Index Cond: (id = 8521084)

table 4 : explain SELECT c FROM sbtest4 WHERE id=6309400
	Index Scan using sbtest4_pkey on sbtest4  (cost=0.43..8.45 rows=1 width=121)
	  Index Cond: (id = 6309400)

table 5 : explain SELECT c FROM sbtest5 WHERE id=8889020
	Index Scan using sbtest5_pkey on sbtest5  (cost=0.43..8.45 rows=1 width=121)
	  Index Cond: (id = 8889020)

table 6 : explain SELECT c FROM sbtest6 WHERE id=845104
	Index Scan using sbtest6_pkey on sbtest6  (cost=0.43..8.45 rows=1 width=121)
	  Index Cond: (id = 845104)

table 7 : explain SELECT c FROM sbtest7 WHERE id=341871
	Index Scan using sbtest7_pkey on sbtest7  (cost=0.43..8.45 rows=1 width=121)
	  Index Cond: (id = 341871)

table 8 : explain SELECT c FROM sbtest8 WHERE id=2021540
	Index Scan using sbtest8_pkey on sbtest8  (cost=0.43..8.45 rows=1 width=121)
	  Index Cond: (id = 2021540)

for: distinct_ranges
table 1 : explain SELECT DISTINCT c FROM sbtest1 WHERE id BETWEEN 2181604 AND 2181703 ORDER BY c
	Unique  (cost=406.30..406.83 rows=105 width=121)
	  ->  Sort  (cost=406.30..406.57 rows=105 width=121)
	        Sort Key: c
	        ->  Index Scan using sbtest1_pkey on sbtest1  (cost=0.43..402.78 rows=105 width=121)
	              Index Cond: ((id >= 2181604) AND (id <= 2181703))

table 2 : explain SELECT DISTINCT c FROM sbtest2 WHERE id BETWEEN 8153471 AND 8153570 ORDER BY c
	Unique  (cost=376.81..377.30 rows=97 width=121)
	  ->  Sort  (cost=376.81..377.05 rows=97 width=121)
	        Sort Key: c
	        ->  Index Scan using sbtest2_pkey on sbtest2  (cost=0.43..373.61 rows=97 width=121)
	              Index Cond: ((id >= 8153471) AND (id <= 8153570))

table 3 : explain SELECT DISTINCT c FROM sbtest3 WHERE id BETWEEN 1885218 AND 1885317 ORDER BY c
	Unique  (cost=370.93..371.41 rows=95 width=121)
	  ->  Sort  (cost=370.93..371.17 rows=95 width=121)
	        Sort Key: c
	        ->  Index Scan using sbtest3_pkey on sbtest3  (cost=0.43..367.81 rows=95 width=121)
	              Index Cond: ((id >= 1885218) AND (id <= 1885317))

table 4 : explain SELECT DISTINCT c FROM sbtest4 WHERE id BETWEEN 9087976 AND 9088075 ORDER BY c
	Unique  (cost=371.65..372.13 rows=96 width=121)
	  ->  Sort  (cost=371.65..371.89 rows=96 width=121)
	        Sort Key: c
	        ->  Index Scan using sbtest4_pkey on sbtest4  (cost=0.43..368.49 rows=96 width=121)
	              Index Cond: ((id >= 9087976) AND (id <= 9088075))

table 5 : explain SELECT DISTINCT c FROM sbtest5 WHERE id BETWEEN 1379479 AND 1379578 ORDER BY c
	Unique  (cost=384.12..384.61 rows=99 width=121)
	  ->  Sort  (cost=384.12..384.36 rows=99 width=121)
	        Sort Key: c
	        ->  Index Scan using sbtest5_pkey on sbtest5  (cost=0.43..380.84 rows=99 width=121)
	              Index Cond: ((id >= 1379479) AND (id <= 1379578))

table 6 : explain SELECT DISTINCT c FROM sbtest6 WHERE id BETWEEN 3134262 AND 3134361 ORDER BY c
	Unique  (cost=353.18..353.64 rows=91 width=121)
	  ->  Sort  (cost=353.18..353.41 rows=91 width=121)
	        Sort Key: c
	        ->  Index Scan using sbtest6_pkey on sbtest6  (cost=0.43..350.22 rows=91 width=121)
	              Index Cond: ((id >= 3134262) AND (id <= 3134361))

table 7 : explain SELECT DISTINCT c FROM sbtest7 WHERE id BETWEEN 8621282 AND 8621381 ORDER BY c
	Unique  (cost=424.46..425.01 rows=110 width=121)
	  ->  Sort  (cost=424.46..424.73 rows=110 width=121)
	        Sort Key: c
	        ->  Index Scan using sbtest7_pkey on sbtest7  (cost=0.43..420.73 rows=110 width=121)
	              Index Cond: ((id >= 8621282) AND (id <= 8621381))

table 8 : explain SELECT DISTINCT c FROM sbtest8 WHERE id BETWEEN 8603183 AND 8603282 ORDER BY c
	Unique  (cost=442.37..442.95 rows=115 width=121)
	  ->  Sort  (cost=442.37..442.66 rows=115 width=121)
	        Sort Key: c
	        ->  Index Scan using sbtest8_pkey on sbtest8  (cost=0.43..438.44 rows=115 width=121)
	              Index Cond: ((id >= 8603183) AND (id <= 8603282))

for point_selects
table 1 : explain SELECT c FROM sbtest1 WHERE id=2762216
	Index Scan using sbtest1_pkey on sbtest1  (cost=0.43..8.45 rows=1 width=121)
	  Index Cond: (id = 2762216)

table 2 : explain SELECT c FROM sbtest2 WHERE id=3603863
	Index Scan using sbtest2_pkey on sbtest2  (cost=0.43..8.45 rows=1 width=121)
	  Index Cond: (id = 3603863)

table 3 : explain SELECT c FROM sbtest3 WHERE id=9011272
	Index Scan using sbtest3_pkey on sbtest3  (cost=0.43..8.45 rows=1 width=121)
	  Index Cond: (id = 9011272)

table 4 : explain SELECT c FROM sbtest4 WHERE id=6562907
	Index Scan using sbtest4_pkey on sbtest4  (cost=0.43..8.45 rows=1 width=121)
	  Index Cond: (id = 6562907)

table 5 : explain SELECT c FROM sbtest5 WHERE id=9819624
	Index Scan using sbtest5_pkey on sbtest5  (cost=0.43..8.45 rows=1 width=121)
	  Index Cond: (id = 9819624)

table 6 : explain SELECT c FROM sbtest6 WHERE id=9506326
	Index Scan using sbtest6_pkey on sbtest6  (cost=0.43..8.45 rows=1 width=121)
	  Index Cond: (id = 9506326)

table 7 : explain SELECT c FROM sbtest7 WHERE id=4147381
	Index Scan using sbtest7_pkey on sbtest7  (cost=0.43..8.45 rows=1 width=121)
	  Index Cond: (id = 4147381)

table 8 : explain SELECT c FROM sbtest8 WHERE id=796889
	Index Scan using sbtest8_pkey on sbtest8  (cost=0.43..8.45 rows=1 width=121)
	  Index Cond: (id = 796889)

for point_selects
table 1 : explain SELECT c FROM sbtest1 WHERE id=4684559
	Index Scan using sbtest1_pkey on sbtest1  (cost=0.43..8.45 rows=1 width=121)
	  Index Cond: (id = 4684559)

table 2 : explain SELECT c FROM sbtest2 WHERE id=9410993
	Index Scan using sbtest2_pkey on sbtest2  (cost=0.43..8.45 rows=1 width=121)
	  Index Cond: (id = 9410993)

table 3 : explain SELECT c FROM sbtest3 WHERE id=2399232
	Index Scan using sbtest3_pkey on sbtest3  (cost=0.43..8.45 rows=1 width=121)
	  Index Cond: (id = 2399232)

table 4 : explain SELECT c FROM sbtest4 WHERE id=8379257
	Index Scan using sbtest4_pkey on sbtest4  (cost=0.43..8.45 rows=1 width=121)
	  Index Cond: (id = 8379257)

table 5 : explain SELECT c FROM sbtest5 WHERE id=7667779
	Index Scan using sbtest5_pkey on sbtest5  (cost=0.43..8.45 rows=1 width=121)
	  Index Cond: (id = 7667779)

table 6 : explain SELECT c FROM sbtest6 WHERE id=9273407
	Index Scan using sbtest6_pkey on sbtest6  (cost=0.43..8.45 rows=1 width=121)
	  Index Cond: (id = 9273407)

table 7 : explain SELECT c FROM sbtest7 WHERE id=3014600
	Index Scan using sbtest7_pkey on sbtest7  (cost=0.43..8.45 rows=1 width=121)
	  Index Cond: (id = 3014600)

table 8 : explain SELECT c FROM sbtest8 WHERE id=4802789
	Index Scan using sbtest8_pkey on sbtest8  (cost=0.43..8.45 rows=1 width=121)
	  Index Cond: (id = 4802789)

for: distinct_ranges
table 1 : explain SELECT DISTINCT c FROM sbtest1 WHERE id BETWEEN 7620596 AND 7620695 ORDER BY c
	Unique  (cost=394.81..395.32 rows=102 width=121)
	  ->  Sort  (cost=394.81..395.07 rows=102 width=121)
	        Sort Key: c
	        ->  Index Scan using sbtest1_pkey on sbtest1  (cost=0.43..391.41 rows=102 width=121)
	              Index Cond: ((id >= 7620596) AND (id <= 7620695))

table 2 : explain SELECT DISTINCT c FROM sbtest2 WHERE id BETWEEN 172318 AND 172417 ORDER BY c
	Unique  (cost=365.23..365.70 rows=94 width=121)
	  ->  Sort  (cost=365.23..365.46 rows=94 width=121)
	        Sort Key: c
	        ->  Index Scan using sbtest2_pkey on sbtest2  (cost=0.43..362.15 rows=94 width=121)
	              Index Cond: ((id >= 172318) AND (id <= 172417))

table 3 : explain SELECT DISTINCT c FROM sbtest3 WHERE id BETWEEN 9457378 AND 9457477 ORDER BY c
	Unique  (cost=370.93..371.41 rows=95 width=121)
	  ->  Sort  (cost=370.93..371.17 rows=95 width=121)
	        Sort Key: c
	        ->  Index Scan using sbtest3_pkey on sbtest3  (cost=0.43..367.81 rows=95 width=121)
	              Index Cond: ((id >= 9457378) AND (id <= 9457477))

table 4 : explain SELECT DISTINCT c FROM sbtest4 WHERE id BETWEEN 5265346 AND 5265445 ORDER BY c
	Unique  (cost=413.77..414.30 rows=107 width=121)
	  ->  Sort  (cost=413.77..414.04 rows=107 width=121)
	        Sort Key: c
	        ->  Index Scan using sbtest4_pkey on sbtest4  (cost=0.43..410.16 rows=107 width=121)
	              Index Cond: ((id >= 5265346) AND (id <= 5265445))

table 5 : explain SELECT DISTINCT c FROM sbtest5 WHERE id BETWEEN 8604579 AND 8604678 ORDER BY c
	Unique  (cost=410.99..411.52 rows=106 width=121)
	  ->  Sort  (cost=410.99..411.25 rows=106 width=121)
	        Sort Key: c
	        ->  Index Scan using sbtest5_pkey on sbtest5  (cost=0.43..407.42 rows=106 width=121)
	              Index Cond: ((id >= 8604579) AND (id <= 8604678))

table 6 : explain SELECT DISTINCT c FROM sbtest6 WHERE id BETWEEN 3126902 AND 3127001 ORDER BY c
	Unique  (cost=353.18..353.64 rows=91 width=121)
	  ->  Sort  (cost=353.18..353.41 rows=91 width=121)
	        Sort Key: c
	        ->  Index Scan using sbtest6_pkey on sbtest6  (cost=0.43..350.22 rows=91 width=121)
	              Index Cond: ((id >= 3126902) AND (id <= 3127001))

table 7 : explain SELECT DISTINCT c FROM sbtest7 WHERE id BETWEEN 1632223 AND 1632322 ORDER BY c
	Unique  (cost=374.78..375.26 rows=97 width=121)
	  ->  Sort  (cost=374.78..375.02 rows=97 width=121)
	        Sort Key: c
	        ->  Index Scan using sbtest7_pkey on sbtest7  (cost=0.43..371.58 rows=97 width=121)
	              Index Cond: ((id >= 1632223) AND (id <= 1632322))

table 8 : explain SELECT DISTINCT c FROM sbtest8 WHERE id BETWEEN 6959146 AND 6959245 ORDER BY c
	Unique  (cost=373.78..374.26 rows=97 width=121)
	  ->  Sort  (cost=373.78..374.02 rows=97 width=121)
	        Sort Key: c
	        ->  Index Scan using sbtest8_pkey on sbtest8  (cost=0.43..370.57 rows=97 width=121)
	              Index Cond: ((id >= 6959146) AND (id <= 6959245))

explain: for non_index_updates :: explain UPDATE sbtest%u SET c='foobar' WHERE id=%u
explain: for index_updates :: explain UPDATE sbtest%u SET k=k+1 WHERE id=%u
for: simple_ranges
table 1 : explain SELECT c FROM sbtest1 WHERE id BETWEEN 1396721 AND 1396820
	Index Scan using sbtest1_pkey on sbtest1  (cost=0.43..391.41 rows=102 width=121)
	  Index Cond: ((id >= 1396721) AND (id <= 1396820))

table 2 : explain SELECT c FROM sbtest2 WHERE id BETWEEN 7338978 AND 7339077
	Index Scan using sbtest2_pkey on sbtest2  (cost=0.43..411.63 rows=107 width=121)
	  Index Cond: ((id >= 7338978) AND (id <= 7339077))

table 3 : explain SELECT c FROM sbtest3 WHERE id BETWEEN 7559378 AND 7559477
	Index Scan using sbtest3_pkey on sbtest3  (cost=0.43..383.10 rows=99 width=121)
	  Index Cond: ((id >= 7559378) AND (id <= 7559477))

table 4 : explain SELECT c FROM sbtest4 WHERE id BETWEEN 7053009 AND 7053108
	Index Scan using sbtest4_pkey on sbtest4  (cost=0.43..376.07 rows=98 width=121)
	  Index Cond: ((id >= 7053009) AND (id <= 7053108))

table 5 : explain SELECT c FROM sbtest5 WHERE id BETWEEN 5441720 AND 5441819
	Index Scan using sbtest5_pkey on sbtest5  (cost=0.43..380.84 rows=99 width=121)
	  Index Cond: ((id >= 5441720) AND (id <= 5441819))

table 6 : explain SELECT c FROM sbtest6 WHERE id BETWEEN 5299948 AND 5300047
	Index Scan using sbtest6_pkey on sbtest6  (cost=0.43..346.43 rows=90 width=121)
	  Index Cond: ((id >= 5299948) AND (id <= 5300047))

table 7 : explain SELECT c FROM sbtest7 WHERE id BETWEEN 9779952 AND 9780051
	Index Scan using sbtest7_pkey on sbtest7  (cost=0.43..371.58 rows=97 width=121)
	  Index Cond: ((id >= 9779952) AND (id <= 9780051))

table 8 : explain SELECT c FROM sbtest8 WHERE id BETWEEN 8462136 AND 8462235
	Index Scan using sbtest8_pkey on sbtest8  (cost=0.43..366.80 rows=96 width=121)
	  Index Cond: ((id >= 8462136) AND (id <= 8462235))

for deletes
table 1 : explain DELETE FROM sbtest1 WHERE id=9095189
	Delete on sbtest1  (cost=0.43..8.45 rows=1 width=6)
	  ->  Index Scan using sbtest1_pkey on sbtest1  (cost=0.43..8.45 rows=1 width=6)
	        Index Cond: (id = 9095189)

table 2 : explain DELETE FROM sbtest2 WHERE id=4240263
	Delete on sbtest2  (cost=0.43..8.45 rows=1 width=6)
	  ->  Index Scan using sbtest2_pkey on sbtest2  (cost=0.43..8.45 rows=1 width=6)
	        Index Cond: (id = 4240263)

table 3 : explain DELETE FROM sbtest3 WHERE id=4805152
	Delete on sbtest3  (cost=0.43..8.45 rows=1 width=6)
	  ->  Index Scan using sbtest3_pkey on sbtest3  (cost=0.43..8.45 rows=1 width=6)
	        Index Cond: (id = 4805152)

table 4 : explain DELETE FROM sbtest4 WHERE id=8985217
	Delete on sbtest4  (cost=0.43..8.45 rows=1 width=6)
	  ->  Index Scan using sbtest4_pkey on sbtest4  (cost=0.43..8.45 rows=1 width=6)
	        Index Cond: (id = 8985217)

table 5 : explain DELETE FROM sbtest5 WHERE id=7491022
	Delete on sbtest5  (cost=0.43..8.45 rows=1 width=6)
	  ->  Index Scan using sbtest5_pkey on sbtest5  (cost=0.43..8.45 rows=1 width=6)
	        Index Cond: (id = 7491022)

table 6 : explain DELETE FROM sbtest6 WHERE id=6040926
	Delete on sbtest6  (cost=0.43..8.45 rows=1 width=6)
	  ->  Index Scan using sbtest6_pkey on sbtest6  (cost=0.43..8.45 rows=1 width=6)
	        Index Cond: (id = 6040926)

table 7 : explain DELETE FROM sbtest7 WHERE id=1777870
	Delete on sbtest7  (cost=0.43..8.45 rows=1 width=6)
	  ->  Index Scan using sbtest7_pkey on sbtest7  (cost=0.43..8.45 rows=1 width=6)
	        Index Cond: (id = 1777870)

table 8 : explain DELETE FROM sbtest8 WHERE id=9504645
	Delete on sbtest8  (cost=0.43..8.45 rows=1 width=6)
	  ->  Index Scan using sbtest8_pkey on sbtest8  (cost=0.43..8.45 rows=1 width=6)
	        Index Cond: (id = 9504645)

explain: for index_updates :: explain UPDATE sbtest%u SET k=k+1 WHERE id=%u
explain: for deletes :: explain DELETE FROM sbtest%u WHERE id=%u
explain: for point_selects :: explain SELECT c FROM sbtest%u WHERE id=%u
for: simple_ranges
table 1 : explain SELECT c FROM sbtest1 WHERE id BETWEEN 7298260 AND 7298359
	Index Scan using sbtest1_pkey on sbtest1  (cost=0.43..349.66 rows=91 width=121)
	  Index Cond: ((id >= 7298260) AND (id <= 7298359))

table 2 : explain SELECT c FROM sbtest2 WHERE id BETWEEN 7893840 AND 7893939
	Index Scan using sbtest2_pkey on sbtest2  (cost=0.43..396.42 rows=103 width=121)
	  Index Cond: ((id >= 7893840) AND (id <= 7893939))

table 3 : explain SELECT c FROM sbtest3 WHERE id BETWEEN 4956749 AND 4956848
	Index Scan using sbtest3_pkey on sbtest3  (cost=0.43..425.13 rows=110 width=121)
	  Index Cond: ((id >= 4956749) AND (id <= 4956848))

table 4 : explain SELECT c FROM sbtest4 WHERE id BETWEEN 4870950 AND 4871049
	Index Scan using sbtest4_pkey on sbtest4  (cost=0.43..391.22 rows=102 width=121)
	  Index Cond: ((id >= 4870950) AND (id <= 4871049))

table 5 : explain SELECT c FROM sbtest5 WHERE id BETWEEN 1206958 AND 1207057
	Index Scan using sbtest5_pkey on sbtest5  (cost=0.43..361.79 rows=94 width=121)
	  Index Cond: ((id >= 1206958) AND (id <= 1207057))

table 6 : explain SELECT c FROM sbtest6 WHERE id BETWEEN 2257703 AND 2257802
	Index Scan using sbtest6_pkey on sbtest6  (cost=0.43..376.85 rows=98 width=121)
	  Index Cond: ((id >= 2257703) AND (id <= 2257802))

table 7 : explain SELECT c FROM sbtest7 WHERE id BETWEEN 3779912 AND 3780011
	Index Scan using sbtest7_pkey on sbtest7  (cost=0.43..405.60 rows=106 width=121)
	  Index Cond: ((id >= 3779912) AND (id <= 3780011))

table 8 : explain SELECT c FROM sbtest8 WHERE id BETWEEN 8569035 AND 8569134
	Index Scan using sbtest8_pkey on sbtest8  (cost=0.43..412.05 rows=108 width=121)
	  Index Cond: ((id >= 8569035) AND (id <= 8569134))

for point_selects
table 1 : explain SELECT c FROM sbtest1 WHERE id=410590
	Index Scan using sbtest1_pkey on sbtest1  (cost=0.43..8.45 rows=1 width=121)
	  Index Cond: (id = 410590)

table 2 : explain SELECT c FROM sbtest2 WHERE id=9082364
	Index Scan using sbtest2_pkey on sbtest2  (cost=0.43..8.45 rows=1 width=121)
	  Index Cond: (id = 9082364)

table 3 : explain SELECT c FROM sbtest3 WHERE id=3266790
	Index Scan using sbtest3_pkey on sbtest3  (cost=0.43..8.45 rows=1 width=121)
	  Index Cond: (id = 3266790)

table 4 : explain SELECT c FROM sbtest4 WHERE id=551872
	Index Scan using sbtest4_pkey on sbtest4  (cost=0.43..8.45 rows=1 width=121)
	  Index Cond: (id = 551872)

table 5 : explain SELECT c FROM sbtest5 WHERE id=7255204
	Index Scan using sbtest5_pkey on sbtest5  (cost=0.43..8.45 rows=1 width=121)
	  Index Cond: (id = 7255204)

table 6 : explain SELECT c FROM sbtest6 WHERE id=61313
	Index Scan using sbtest6_pkey on sbtest6  (cost=0.43..8.45 rows=1 width=121)
	  Index Cond: (id = 61313)

table 7 : explain SELECT c FROM sbtest7 WHERE id=466163
	Index Scan using sbtest7_pkey on sbtest7  (cost=0.43..8.45 rows=1 width=121)
	  Index Cond: (id = 466163)

table 8 : explain SELECT c FROM sbtest8 WHERE id=7291978
	Index Scan using sbtest8_pkey on sbtest8  (cost=0.43..8.45 rows=1 width=121)
	  Index Cond: (id = 7291978)

for: sum_ranges
table 1 : explain SELECT SUM(k) FROM sbtest1 WHERE id BETWEEN 6225413 AND 6225512
	Aggregate  (cost=406.83..406.84 rows=1 width=8)
	  ->  Index Scan using sbtest1_pkey on sbtest1  (cost=0.43..406.57 rows=106 width=4)
	        Index Cond: ((id >= 6225413) AND (id <= 6225512))

table 2 : explain SELECT SUM(k) FROM sbtest2 WHERE id BETWEEN 8070854 AND 8070953
	Aggregate  (cost=354.77..354.78 rows=1 width=8)
	  ->  Index Scan using sbtest2_pkey on sbtest2  (cost=0.43..354.54 rows=92 width=4)
	        Index Cond: ((id >= 8070854) AND (id <= 8070953))

table 3 : explain SELECT SUM(k) FROM sbtest3 WHERE id BETWEEN 5009681 AND 5009780
	Aggregate  (cost=383.35..383.36 rows=1 width=8)
	  ->  Index Scan using sbtest3_pkey on sbtest3  (cost=0.43..383.10 rows=99 width=4)
	        Index Cond: ((id >= 5009681) AND (id <= 5009780))

table 4 : explain SELECT SUM(k) FROM sbtest4 WHERE id BETWEEN 127325 AND 127424
	Aggregate  (cost=391.48..391.49 rows=1 width=8)
	  ->  Index Scan using sbtest4_pkey on sbtest4  (cost=0.43..391.22 rows=102 width=4)
	        Index Cond: ((id >= 127325) AND (id <= 127424))

table 5 : explain SELECT SUM(k) FROM sbtest5 WHERE id BETWEEN 427841 AND 427940
	Aggregate  (cost=377.23..377.24 rows=1 width=8)
	  ->  Index Scan using sbtest5_pkey on sbtest5  (cost=0.43..376.98 rows=98 width=4)
	        Index Cond: ((id >= 427841) AND (id <= 427940))

table 6 : explain SELECT SUM(k) FROM sbtest6 WHERE id BETWEEN 6537712 AND 6537811
	Aggregate  (cost=403.69..403.70 rows=1 width=8)
	  ->  Index Scan using sbtest6_pkey on sbtest6  (cost=0.43..403.43 rows=105 width=4)
	        Index Cond: ((id >= 6537712) AND (id <= 6537811))

table 7 : explain SELECT SUM(k) FROM sbtest7 WHERE id BETWEEN 2270996 AND 2271095
	Aggregate  (cost=390.74..390.75 rows=1 width=8)
	  ->  Index Scan using sbtest7_pkey on sbtest7  (cost=0.43..390.48 rows=102 width=4)
	        Index Cond: ((id >= 2270996) AND (id <= 2271095))

table 8 : explain SELECT SUM(k) FROM sbtest8 WHERE id BETWEEN 5874478 AND 5874577
	Aggregate  (cost=378.36..378.37 rows=1 width=8)
	  ->  Index Scan using sbtest8_pkey on sbtest8  (cost=0.43..378.11 rows=99 width=4)
	        Index Cond: ((id >= 5874478) AND (id <= 5874577))

for non_index_updates
table 1 : explain UPDATE sbtest1 SET c='foobar' WHERE id=9474164
	Update on sbtest1  (cost=0.43..8.45 rows=1 width=559)
	  ->  Index Scan using sbtest1_pkey on sbtest1  (cost=0.43..8.45 rows=1 width=559)
	        Index Cond: (id = 9474164)

table 2 : explain UPDATE sbtest2 SET c='foobar' WHERE id=954369
	Update on sbtest2  (cost=0.43..8.45 rows=1 width=559)
	  ->  Index Scan using sbtest2_pkey on sbtest2  (cost=0.43..8.45 rows=1 width=559)
	        Index Cond: (id = 954369)

table 3 : explain UPDATE sbtest3 SET c='foobar' WHERE id=1083738
	Update on sbtest3  (cost=0.43..8.45 rows=1 width=559)
	  ->  Index Scan using sbtest3_pkey on sbtest3  (cost=0.43..8.45 rows=1 width=559)
	        Index Cond: (id = 1083738)

table 4 : explain UPDATE sbtest4 SET c='foobar' WHERE id=6418370
	Update on sbtest4  (cost=0.43..8.45 rows=1 width=559)
	  ->  Index Scan using sbtest4_pkey on sbtest4  (cost=0.43..8.45 rows=1 width=559)
	        Index Cond: (id = 6418370)

table 5 : explain UPDATE sbtest5 SET c='foobar' WHERE id=576855
	Update on sbtest5  (cost=0.43..8.45 rows=1 width=559)
	  ->  Index Scan using sbtest5_pkey on sbtest5  (cost=0.43..8.45 rows=1 width=559)
	        Index Cond: (id = 576855)

table 6 : explain UPDATE sbtest6 SET c='foobar' WHERE id=308505
	Update on sbtest6  (cost=0.43..8.45 rows=1 width=559)
	  ->  Index Scan using sbtest6_pkey on sbtest6  (cost=0.43..8.45 rows=1 width=559)
	        Index Cond: (id = 308505)

table 7 : explain UPDATE sbtest7 SET c='foobar' WHERE id=8280312
	Update on sbtest7  (cost=0.43..8.45 rows=1 width=559)
	  ->  Index Scan using sbtest7_pkey on sbtest7  (cost=0.43..8.45 rows=1 width=559)
	        Index Cond: (id = 8280312)

table 8 : explain UPDATE sbtest8 SET c='foobar' WHERE id=5649613
	Update on sbtest8  (cost=0.43..8.45 rows=1 width=559)
	  ->  Index Scan using sbtest8_pkey on sbtest8  (cost=0.43..8.45 rows=1 width=559)
	        Index Cond: (id = 5649613)

for: simple_ranges
table 1 : explain SELECT c FROM sbtest1 WHERE id BETWEEN 2295449 AND 2295548
	Index Scan using sbtest1_pkey on sbtest1  (cost=0.43..383.83 rows=100 width=121)
	  Index Cond: ((id >= 2295449) AND (id <= 2295548))

table 2 : explain SELECT c FROM sbtest2 WHERE id BETWEEN 1456829 AND 1456928
	Index Scan using sbtest2_pkey on sbtest2  (cost=0.43..358.35 rows=93 width=121)
	  Index Cond: ((id >= 1456829) AND (id <= 1456928))

table 3 : explain SELECT c FROM sbtest3 WHERE id BETWEEN 6863455 AND 6863554
	Index Scan using sbtest3_pkey on sbtest3  (cost=0.43..421.31 rows=109 width=121)
	  Index Cond: ((id >= 6863455) AND (id <= 6863554))

table 4 : explain SELECT c FROM sbtest4 WHERE id BETWEEN 4215400 AND 4215499
	Index Scan using sbtest4_pkey on sbtest4  (cost=0.43..368.49 rows=96 width=121)
	  Index Cond: ((id >= 4215400) AND (id <= 4215499))

table 5 : explain SELECT c FROM sbtest5 WHERE id BETWEEN 5761849 AND 5761948
	Index Scan using sbtest5_pkey on sbtest5  (cost=0.43..396.03 rows=103 width=121)
	  Index Cond: ((id >= 5761849) AND (id <= 5761948))

table 6 : explain SELECT c FROM sbtest6 WHERE id BETWEEN 6637410 AND 6637509
	Index Scan using sbtest6_pkey on sbtest6  (cost=0.43..361.61 rows=94 width=121)
	  Index Cond: ((id >= 6637410) AND (id <= 6637509))

table 7 : explain SELECT c FROM sbtest7 WHERE id BETWEEN 2908737 AND 2908836
	Index Scan using sbtest7_pkey on sbtest7  (cost=0.43..405.60 rows=106 width=121)
	  Index Cond: ((id >= 2908737) AND (id <= 2908836))

table 8 : explain SELECT c FROM sbtest8 WHERE id BETWEEN 8190220 AND 8190319
	Index Scan using sbtest8_pkey on sbtest8  (cost=0.43..336.58 rows=88 width=121)
	  Index Cond: ((id >= 8190220) AND (id <= 8190319))

for: sum_ranges
table 1 : explain SELECT SUM(k) FROM sbtest1 WHERE id BETWEEN 4535249 AND 4535348
	Aggregate  (cost=368.91..368.92 rows=1 width=8)
	  ->  Index Scan using sbtest1_pkey on sbtest1  (cost=0.43..368.67 rows=96 width=4)
	        Index Cond: ((id >= 4535249) AND (id <= 4535348))

table 2 : explain SELECT SUM(k) FROM sbtest2 WHERE id BETWEEN 3161492 AND 3161591
	Aggregate  (cost=389.07..389.08 rows=1 width=8)
	  ->  Index Scan using sbtest2_pkey on sbtest2  (cost=0.43..388.82 rows=101 width=4)
	        Index Cond: ((id >= 3161492) AND (id <= 3161591))

table 3 : explain SELECT SUM(k) FROM sbtest3 WHERE id BETWEEN 1632821 AND 1632920
	Aggregate  (cost=387.17..387.18 rows=1 width=8)
	  ->  Index Scan using sbtest3_pkey on sbtest3  (cost=0.43..386.92 rows=100 width=4)
	        Index Cond: ((id >= 1632821) AND (id <= 1632920))

table 4 : explain SELECT SUM(k) FROM sbtest4 WHERE id BETWEEN 1460750 AND 1460849
	Aggregate  (cost=345.99..346.00 rows=1 width=8)
	  ->  Index Scan using sbtest4_pkey on sbtest4  (cost=0.43..345.76 rows=90 width=4)
	        Index Cond: ((id >= 1460750) AND (id <= 1460849))

table 5 : explain SELECT SUM(k) FROM sbtest5 WHERE id BETWEEN 9378778 AND 9378877
	Aggregate  (cost=365.82..365.83 rows=1 width=8)
	  ->  Index Scan using sbtest5_pkey on sbtest5  (cost=0.43..365.59 rows=95 width=4)
	        Index Cond: ((id >= 9378778) AND (id <= 9378877))

table 6 : explain SELECT SUM(k) FROM sbtest6 WHERE id BETWEEN 9623557 AND 9623656
	Aggregate  (cost=396.09..396.10 rows=1 width=8)
	  ->  Index Scan using sbtest6_pkey on sbtest6  (cost=0.43..395.83 rows=103 width=4)
	        Index Cond: ((id >= 9623557) AND (id <= 9623656))

table 7 : explain SELECT SUM(k) FROM sbtest7 WHERE id BETWEEN 1073349 AND 1073448
	Aggregate  (cost=405.87..405.88 rows=1 width=8)
	  ->  Index Scan using sbtest7_pkey on sbtest7  (cost=0.43..405.60 rows=106 width=4)
	        Index Cond: ((id >= 1073349) AND (id <= 1073448))

table 8 : explain SELECT SUM(k) FROM sbtest8 WHERE id BETWEEN 9586630 AND 9586729
	Aggregate  (cost=393.45..393.46 rows=1 width=8)
	  ->  Index Scan using sbtest8_pkey on sbtest8  (cost=0.43..393.20 rows=103 width=4)
	        Index Cond: ((id >= 9586630) AND (id <= 9586729))

for non_index_updates
table 1 : explain UPDATE sbtest1 SET c='foobar' WHERE id=1057954
	Update on sbtest1  (cost=0.43..8.45 rows=1 width=559)
	  ->  Index Scan using sbtest1_pkey on sbtest1  (cost=0.43..8.45 rows=1 width=559)
	        Index Cond: (id = 1057954)

table 2 : explain UPDATE sbtest2 SET c='foobar' WHERE id=6525224
	Update on sbtest2  (cost=0.43..8.45 rows=1 width=559)
	  ->  Index Scan using sbtest2_pkey on sbtest2  (cost=0.43..8.45 rows=1 width=559)
	        Index Cond: (id = 6525224)

table 3 : explain UPDATE sbtest3 SET c='foobar' WHERE id=9875153
	Update on sbtest3  (cost=0.43..8.45 rows=1 width=559)
	  ->  Index Scan using sbtest3_pkey on sbtest3  (cost=0.43..8.45 rows=1 width=559)
	        Index Cond: (id = 9875153)

table 4 : explain UPDATE sbtest4 SET c='foobar' WHERE id=4376469
	Update on sbtest4  (cost=0.43..8.45 rows=1 width=559)
	  ->  Index Scan using sbtest4_pkey on sbtest4  (cost=0.43..8.45 rows=1 width=559)
	        Index Cond: (id = 4376469)

table 5 : explain UPDATE sbtest5 SET c='foobar' WHERE id=6509956
	Update on sbtest5  (cost=0.43..8.45 rows=1 width=559)
	  ->  Index Scan using sbtest5_pkey on sbtest5  (cost=0.43..8.45 rows=1 width=559)
	        Index Cond: (id = 6509956)

table 6 : explain UPDATE sbtest6 SET c='foobar' WHERE id=8679504
	Update on sbtest6  (cost=0.43..8.45 rows=1 width=559)
	  ->  Index Scan using sbtest6_pkey on sbtest6  (cost=0.43..8.45 rows=1 width=559)
	        Index Cond: (id = 8679504)

table 7 : explain UPDATE sbtest7 SET c='foobar' WHERE id=6815901
	Update on sbtest7  (cost=0.43..8.45 rows=1 width=559)
	  ->  Index Scan using sbtest7_pkey on sbtest7  (cost=0.43..8.45 rows=1 width=559)
	        Index Cond: (id = 6815901)

table 8 : explain UPDATE sbtest8 SET c='foobar' WHERE id=948035
	Update on sbtest8  (cost=0.43..8.45 rows=1 width=559)
	  ->  Index Scan using sbtest8_pkey on sbtest8  (cost=0.43..8.45 rows=1 width=559)
	        Index Cond: (id = 948035)

for: simple_ranges
table 1 : explain SELECT c FROM sbtest1 WHERE id BETWEEN 774549 AND 774648
	Index Scan using sbtest1_pkey on sbtest1  (cost=0.43..421.73 rows=110 width=121)
	  Index Cond: ((id >= 774549) AND (id <= 774648))

table 2 : explain SELECT c FROM sbtest2 WHERE id BETWEEN 7284194 AND 7284293
	Index Scan using sbtest2_pkey on sbtest2  (cost=0.43..411.63 rows=107 width=121)
	  Index Cond: ((id >= 7284194) AND (id <= 7284293))

table 3 : explain SELECT c FROM sbtest3 WHERE id BETWEEN 7916130 AND 7916229
	Index Scan using sbtest3_pkey on sbtest3  (cost=0.43..367.81 rows=95 width=121)
	  Index Cond: ((id >= 7916130) AND (id <= 7916229))

table 4 : explain SELECT c FROM sbtest4 WHERE id BETWEEN 1037825 AND 1037924
	Index Scan using sbtest4_pkey on sbtest4  (cost=0.43..341.98 rows=89 width=121)
	  Index Cond: ((id >= 1037825) AND (id <= 1037924))

table 5 : explain SELECT c FROM sbtest5 WHERE id BETWEEN 8818244 AND 8818343
	Index Scan using sbtest5_pkey on sbtest5  (cost=0.43..361.79 rows=94 width=121)
	  Index Cond: ((id >= 8818244) AND (id <= 8818343))

table 6 : explain SELECT c FROM sbtest6 WHERE id BETWEEN 6296119 AND 6296218
	Index Scan using sbtest6_pkey on sbtest6  (cost=0.43..411.02 rows=107 width=121)
	  Index Cond: ((id >= 6296119) AND (id <= 6296218))

table 7 : explain SELECT c FROM sbtest7 WHERE id BETWEEN 141302 AND 141401
	Index Scan using sbtest7_pkey on sbtest7  (cost=0.43..348.89 rows=91 width=121)
	  Index Cond: ((id >= 141302) AND (id <= 141401))

table 8 : explain SELECT c FROM sbtest8 WHERE id BETWEEN 9618380 AND 9618479
	Index Scan using sbtest8_pkey on sbtest8  (cost=0.43..351.72 rows=92 width=121)
	  Index Cond: ((id >= 9618380) AND (id <= 9618479))

for non_index_updates
table 1 : explain UPDATE sbtest1 SET c='foobar' WHERE id=9307557
	Update on sbtest1  (cost=0.43..8.45 rows=1 width=559)
	  ->  Index Scan using sbtest1_pkey on sbtest1  (cost=0.43..8.45 rows=1 width=559)
	        Index Cond: (id = 9307557)

table 2 : explain UPDATE sbtest2 SET c='foobar' WHERE id=6697838
	Update on sbtest2  (cost=0.43..8.45 rows=1 width=559)
	  ->  Index Scan using sbtest2_pkey on sbtest2  (cost=0.43..8.45 rows=1 width=559)
	        Index Cond: (id = 6697838)

table 3 : explain UPDATE sbtest3 SET c='foobar' WHERE id=5277117
	Update on sbtest3  (cost=0.43..8.45 rows=1 width=559)
	  ->  Index Scan using sbtest3_pkey on sbtest3  (cost=0.43..8.45 rows=1 width=559)
	        Index Cond: (id = 5277117)

table 4 : explain UPDATE sbtest4 SET c='foobar' WHERE id=9466403
	Update on sbtest4  (cost=0.43..8.45 rows=1 width=559)
	  ->  Index Scan using sbtest4_pkey on sbtest4  (cost=0.43..8.45 rows=1 width=559)
	        Index Cond: (id = 9466403)

table 5 : explain UPDATE sbtest5 SET c='foobar' WHERE id=6075296
	Update on sbtest5  (cost=0.43..8.45 rows=1 width=559)
	  ->  Index Scan using sbtest5_pkey on sbtest5  (cost=0.43..8.45 rows=1 width=559)
	        Index Cond: (id = 6075296)

table 6 : explain UPDATE sbtest6 SET c='foobar' WHERE id=2771397
	Update on sbtest6  (cost=0.43..8.45 rows=1 width=559)
	  ->  Index Scan using sbtest6_pkey on sbtest6  (cost=0.43..8.45 rows=1 width=559)
	        Index Cond: (id = 2771397)

table 7 : explain UPDATE sbtest7 SET c='foobar' WHERE id=9405721
	Update on sbtest7  (cost=0.43..8.45 rows=1 width=559)
	  ->  Index Scan using sbtest7_pkey on sbtest7  (cost=0.43..8.45 rows=1 width=559)
	        Index Cond: (id = 9405721)

table 8 : explain UPDATE sbtest8 SET c='foobar' WHERE id=6093215
	Update on sbtest8  (cost=0.43..8.45 rows=1 width=559)
	  ->  Index Scan using sbtest8_pkey on sbtest8  (cost=0.43..8.45 rows=1 width=559)
	        Index Cond: (id = 6093215)

explain: for point_selects :: explain SELECT c FROM sbtest%u WHERE id=%u
explain: for deletes :: explain DELETE FROM sbtest%u WHERE id=%u
for: simple_ranges
table 1 : explain SELECT c FROM sbtest1 WHERE id BETWEEN 9294504 AND 9294603
	Index Scan using sbtest1_pkey on sbtest1  (cost=0.43..398.99 rows=104 width=121)
	  Index Cond: ((id >= 9294504) AND (id <= 9294603))

table 2 : explain SELECT c FROM sbtest2 WHERE id BETWEEN 4067690 AND 4067789
	Index Scan using sbtest2_pkey on sbtest2  (cost=0.43..373.61 rows=97 width=121)
	  Index Cond: ((id >= 4067690) AND (id <= 4067789))

table 3 : explain SELECT c FROM sbtest3 WHERE id BETWEEN 306754 AND 306853
	Index Scan using sbtest3_pkey on sbtest3  (cost=0.43..363.99 rows=94 width=121)
	  Index Cond: ((id >= 306754) AND (id <= 306853))

table 4 : explain SELECT c FROM sbtest4 WHERE id BETWEEN 7707856 AND 7707955
	Index Scan using sbtest4_pkey on sbtest4  (cost=0.43..432.89 rows=113 width=121)
	  Index Cond: ((id >= 7707856) AND (id <= 7707955))

table 5 : explain SELECT c FROM sbtest5 WHERE id BETWEEN 7355626 AND 7355725
	Index Scan using sbtest5_pkey on sbtest5  (cost=0.43..384.63 rows=100 width=121)
	  Index Cond: ((id >= 7355626) AND (id <= 7355725))

table 6 : explain SELECT c FROM sbtest6 WHERE id BETWEEN 7076435 AND 7076534
	Index Scan using sbtest6_pkey on sbtest6  (cost=0.43..346.43 rows=90 width=121)
	  Index Cond: ((id >= 7076435) AND (id <= 7076534))

table 7 : explain SELECT c FROM sbtest7 WHERE id BETWEEN 8490240 AND 8490339
	Index Scan using sbtest7_pkey on sbtest7  (cost=0.43..371.58 rows=97 width=121)
	  Index Cond: ((id >= 8490240) AND (id <= 8490339))

table 8 : explain SELECT c FROM sbtest8 WHERE id BETWEEN 3259755 AND 3259854
	Index Scan using sbtest8_pkey on sbtest8  (cost=0.43..396.97 rows=104 width=121)
	  Index Cond: ((id >= 3259755) AND (id <= 3259854))

explain: for point_selects :: explain SELECT c FROM sbtest%u WHERE id=%u
explain: for point_selects :: explain SELECT c FROM sbtest%u WHERE id=%u
for deletes
table 1 : explain DELETE FROM sbtest1 WHERE id=3923278
	Delete on sbtest1  (cost=0.43..8.45 rows=1 width=6)
	  ->  Index Scan using sbtest1_pkey on sbtest1  (cost=0.43..8.45 rows=1 width=6)
	        Index Cond: (id = 3923278)

table 2 : explain DELETE FROM sbtest2 WHERE id=8153709
	Delete on sbtest2  (cost=0.43..8.45 rows=1 width=6)
	  ->  Index Scan using sbtest2_pkey on sbtest2  (cost=0.43..8.45 rows=1 width=6)
	        Index Cond: (id = 8153709)

table 3 : explain DELETE FROM sbtest3 WHERE id=8752859
	Delete on sbtest3  (cost=0.43..8.45 rows=1 width=6)
	  ->  Index Scan using sbtest3_pkey on sbtest3  (cost=0.43..8.45 rows=1 width=6)
	        Index Cond: (id = 8752859)

table 4 : explain DELETE FROM sbtest4 WHERE id=7371351
	Delete on sbtest4  (cost=0.43..8.45 rows=1 width=6)
	  ->  Index Scan using sbtest4_pkey on sbtest4  (cost=0.43..8.45 rows=1 width=6)
	        Index Cond: (id = 7371351)

table 5 : explain DELETE FROM sbtest5 WHERE id=8499908
	Delete on sbtest5  (cost=0.43..8.45 rows=1 width=6)
	  ->  Index Scan using sbtest5_pkey on sbtest5  (cost=0.43..8.45 rows=1 width=6)
	        Index Cond: (id = 8499908)

table 6 : explain DELETE FROM sbtest6 WHERE id=1190160
	Delete on sbtest6  (cost=0.43..8.45 rows=1 width=6)
	  ->  Index Scan using sbtest6_pkey on sbtest6  (cost=0.43..8.45 rows=1 width=6)
	        Index Cond: (id = 1190160)

table 7 : explain DELETE FROM sbtest7 WHERE id=1662932
	Delete on sbtest7  (cost=0.43..8.45 rows=1 width=6)
	  ->  Index Scan using sbtest7_pkey on sbtest7  (cost=0.43..8.45 rows=1 width=6)
	        Index Cond: (id = 1662932)

table 8 : explain DELETE FROM sbtest8 WHERE id=3410009
	Delete on sbtest8  (cost=0.43..8.45 rows=1 width=6)
	  ->  Index Scan using sbtest8_pkey on sbtest8  (cost=0.43..8.45 rows=1 width=6)
	        Index Cond: (id = 3410009)

for: simple_ranges
table 1 : explain SELECT c FROM sbtest1 WHERE id BETWEEN 1653876 AND 1653975
	Index Scan using sbtest1_pkey on sbtest1  (cost=0.43..376.25 rows=98 width=121)
	  Index Cond: ((id >= 1653876) AND (id <= 1653975))

table 2 : explain SELECT c FROM sbtest2 WHERE id BETWEEN 9522767 AND 9522866
	Index Scan using sbtest2_pkey on sbtest2  (cost=0.43..381.21 rows=99 width=121)
	  Index Cond: ((id >= 9522767) AND (id <= 9522866))

table 3 : explain SELECT c FROM sbtest3 WHERE id BETWEEN 6101381 AND 6101480
	Index Scan using sbtest3_pkey on sbtest3  (cost=0.43..352.48 rows=91 width=121)
	  Index Cond: ((id >= 6101381) AND (id <= 6101480))

table 4 : explain SELECT c FROM sbtest4 WHERE id BETWEEN 7025017 AND 7025116
	Index Scan using sbtest4_pkey on sbtest4  (cost=0.43..376.07 rows=98 width=121)
	  Index Cond: ((id >= 7025017) AND (id <= 7025116))

table 5 : explain SELECT c FROM sbtest5 WHERE id BETWEEN 2926091 AND 2926190
	Index Scan using sbtest5_pkey on sbtest5  (cost=0.43..407.42 rows=106 width=121)
	  Index Cond: ((id >= 2926091) AND (id <= 2926190))

table 6 : explain SELECT c FROM sbtest6 WHERE id BETWEEN 8543337 AND 8543436
	Index Scan using sbtest6_pkey on sbtest6  (cost=0.43..384.44 rows=100 width=121)
	  Index Cond: ((id >= 8543337) AND (id <= 8543436))

table 7 : explain SELECT c FROM sbtest7 WHERE id BETWEEN 525873 AND 525972
	Index Scan using sbtest7_pkey on sbtest7  (cost=0.43..337.49 rows=88 width=121)
	  Index Cond: ((id >= 525873) AND (id <= 525972))

table 8 : explain SELECT c FROM sbtest8 WHERE id BETWEEN 898089 AND 898188
	Index Scan using sbtest8_pkey on sbtest8  (cost=0.43..430.90 rows=113 width=121)
	  Index Cond: ((id >= 898089) AND (id <= 898188))

for index_updates
table 1 : explain UPDATE sbtest1 SET k=k+1 WHERE id=1843484
	Update on sbtest1  (cost=0.43..8.46 rows=1 width=196)
	  ->  Index Scan using sbtest1_pkey on sbtest1  (cost=0.43..8.46 rows=1 width=196)
	        Index Cond: (id = 1843484)

table 2 : explain UPDATE sbtest2 SET k=k+1 WHERE id=169766
	Update on sbtest2  (cost=0.43..8.46 rows=1 width=196)
	  ->  Index Scan using sbtest2_pkey on sbtest2  (cost=0.43..8.46 rows=1 width=196)
	        Index Cond: (id = 169766)

table 3 : explain UPDATE sbtest3 SET k=k+1 WHERE id=3354404
	Update on sbtest3  (cost=0.43..8.46 rows=1 width=196)
	  ->  Index Scan using sbtest3_pkey on sbtest3  (cost=0.43..8.46 rows=1 width=196)
	        Index Cond: (id = 3354404)

table 4 : explain UPDATE sbtest4 SET k=k+1 WHERE id=8696006
	Update on sbtest4  (cost=0.43..8.46 rows=1 width=196)
	  ->  Index Scan using sbtest4_pkey on sbtest4  (cost=0.43..8.46 rows=1 width=196)
	        Index Cond: (id = 8696006)

table 5 : explain UPDATE sbtest5 SET k=k+1 WHERE id=6724030
	Update on sbtest5  (cost=0.43..8.46 rows=1 width=196)
	  ->  Index Scan using sbtest5_pkey on sbtest5  (cost=0.43..8.46 rows=1 width=196)
	        Index Cond: (id = 6724030)

table 6 : explain UPDATE sbtest6 SET k=k+1 WHERE id=6936519
	Update on sbtest6  (cost=0.43..8.46 rows=1 width=196)
	  ->  Index Scan using sbtest6_pkey on sbtest6  (cost=0.43..8.46 rows=1 width=196)
	        Index Cond: (id = 6936519)

table 7 : explain UPDATE sbtest7 SET k=k+1 WHERE id=4743272
	Update on sbtest7  (cost=0.43..8.46 rows=1 width=196)
	  ->  Index Scan using sbtest7_pkey on sbtest7  (cost=0.43..8.46 rows=1 width=196)
	        Index Cond: (id = 4743272)

table 8 : explain UPDATE sbtest8 SET k=k+1 WHERE id=8405067
	Update on sbtest8  (cost=0.43..8.46 rows=1 width=196)
	  ->  Index Scan using sbtest8_pkey on sbtest8  (cost=0.43..8.46 rows=1 width=196)
	        Index Cond: (id = 8405067)

explain: for point_selects :: explain SELECT c FROM sbtest%u WHERE id=%u
explain: for inserts :: explain INSERT INTO sbtest%u (id, k, c, pad) VALUES (%u, 13, 'foobar', 'foobar')
explain: for deletes :: explain DELETE FROM sbtest%u WHERE id=%u
explain: for deletes :: explain DELETE FROM sbtest%u WHERE id=%u
for point_selects
table 1 : explain SELECT c FROM sbtest1 WHERE id=8769900
	Index Scan using sbtest1_pkey on sbtest1  (cost=0.43..8.45 rows=1 width=121)
	  Index Cond: (id = 8769900)

table 2 : explain SELECT c FROM sbtest2 WHERE id=3637036
	Index Scan using sbtest2_pkey on sbtest2  (cost=0.43..8.45 rows=1 width=121)
	  Index Cond: (id = 3637036)

table 3 : explain SELECT c FROM sbtest3 WHERE id=5382946
	Index Scan using sbtest3_pkey on sbtest3  (cost=0.43..8.45 rows=1 width=121)
	  Index Cond: (id = 5382946)

table 4 : explain SELECT c FROM sbtest4 WHERE id=8155906
	Index Scan using sbtest4_pkey on sbtest4  (cost=0.43..8.45 rows=1 width=121)
	  Index Cond: (id = 8155906)

table 5 : explain SELECT c FROM sbtest5 WHERE id=4981700
	Index Scan using sbtest5_pkey on sbtest5  (cost=0.43..8.45 rows=1 width=121)
	  Index Cond: (id = 4981700)

table 6 : explain SELECT c FROM sbtest6 WHERE id=7182180
	Index Scan using sbtest6_pkey on sbtest6  (cost=0.43..8.45 rows=1 width=121)
	  Index Cond: (id = 7182180)

table 7 : explain SELECT c FROM sbtest7 WHERE id=7878354
	Index Scan using sbtest7_pkey on sbtest7  (cost=0.43..8.45 rows=1 width=121)
	  Index Cond: (id = 7878354)

table 8 : explain SELECT c FROM sbtest8 WHERE id=4501111
	Index Scan using sbtest8_pkey on sbtest8  (cost=0.43..8.45 rows=1 width=121)
	  Index Cond: (id = 4501111)

for index_updates
table 1 : explain UPDATE sbtest1 SET k=k+1 WHERE id=4003835
	Update on sbtest1  (cost=0.43..8.46 rows=1 width=196)
	  ->  Index Scan using sbtest1_pkey on sbtest1  (cost=0.43..8.46 rows=1 width=196)
	        Index Cond: (id = 4003835)

table 2 : explain UPDATE sbtest2 SET k=k+1 WHERE id=7639247
	Update on sbtest2  (cost=0.43..8.46 rows=1 width=196)
	  ->  Index Scan using sbtest2_pkey on sbtest2  (cost=0.43..8.46 rows=1 width=196)
	        Index Cond: (id = 7639247)

table 3 : explain UPDATE sbtest3 SET k=k+1 WHERE id=2623901
	Update on sbtest3  (cost=0.43..8.46 rows=1 width=196)
	  ->  Index Scan using sbtest3_pkey on sbtest3  (cost=0.43..8.46 rows=1 width=196)
	        Index Cond: (id = 2623901)

table 4 : explain UPDATE sbtest4 SET k=k+1 WHERE id=880447
	Update on sbtest4  (cost=0.43..8.46 rows=1 width=196)
	  ->  Index Scan using sbtest4_pkey on sbtest4  (cost=0.43..8.46 rows=1 width=196)
	        Index Cond: (id = 880447)

table 5 : explain UPDATE sbtest5 SET k=k+1 WHERE id=9564588
	Update on sbtest5  (cost=0.43..8.46 rows=1 width=196)
	  ->  Index Scan using sbtest5_pkey on sbtest5  (cost=0.43..8.46 rows=1 width=196)
	        Index Cond: (id = 9564588)

table 6 : explain UPDATE sbtest6 SET k=k+1 WHERE id=6374860
	Update on sbtest6  (cost=0.43..8.46 rows=1 width=196)
	  ->  Index Scan using sbtest6_pkey on sbtest6  (cost=0.43..8.46 rows=1 width=196)
	        Index Cond: (id = 6374860)

table 7 : explain UPDATE sbtest7 SET k=k+1 WHERE id=1348018
	Update on sbtest7  (cost=0.43..8.46 rows=1 width=196)
	  ->  Index Scan using sbtest7_pkey on sbtest7  (cost=0.43..8.46 rows=1 width=196)
	        Index Cond: (id = 1348018)

table 8 : explain UPDATE sbtest8 SET k=k+1 WHERE id=2348571
	Update on sbtest8  (cost=0.43..8.46 rows=1 width=196)
	  ->  Index Scan using sbtest8_pkey on sbtest8  (cost=0.43..8.46 rows=1 width=196)
	        Index Cond: (id = 2348571)

for deletes
table 1 : explain DELETE FROM sbtest1 WHERE id=8562442
	Delete on sbtest1  (cost=0.43..8.45 rows=1 width=6)
	  ->  Index Scan using sbtest1_pkey on sbtest1  (cost=0.43..8.45 rows=1 width=6)
	        Index Cond: (id = 8562442)

table 2 : explain DELETE FROM sbtest2 WHERE id=4713216
	Delete on sbtest2  (cost=0.43..8.45 rows=1 width=6)
	  ->  Index Scan using sbtest2_pkey on sbtest2  (cost=0.43..8.45 rows=1 width=6)
	        Index Cond: (id = 4713216)

table 3 : explain DELETE FROM sbtest3 WHERE id=6314032
	Delete on sbtest3  (cost=0.43..8.45 rows=1 width=6)
	  ->  Index Scan using sbtest3_pkey on sbtest3  (cost=0.43..8.45 rows=1 width=6)
	        Index Cond: (id = 6314032)

table 4 : explain DELETE FROM sbtest4 WHERE id=6488277
	Delete on sbtest4  (cost=0.43..8.45 rows=1 width=6)
	  ->  Index Scan using sbtest4_pkey on sbtest4  (cost=0.43..8.45 rows=1 width=6)
	        Index Cond: (id = 6488277)

table 5 : explain DELETE FROM sbtest5 WHERE id=7886351
	Delete on sbtest5  (cost=0.43..8.45 rows=1 width=6)
	  ->  Index Scan using sbtest5_pkey on sbtest5  (cost=0.43..8.45 rows=1 width=6)
	        Index Cond: (id = 7886351)

table 6 : explain DELETE FROM sbtest6 WHERE id=5140457
	Delete on sbtest6  (cost=0.43..8.45 rows=1 width=6)
	  ->  Index Scan using sbtest6_pkey on sbtest6  (cost=0.43..8.45 rows=1 width=6)
	        Index Cond: (id = 5140457)

table 7 : explain DELETE FROM sbtest7 WHERE id=5595522
	Delete on sbtest7  (cost=0.43..8.45 rows=1 width=6)
	  ->  Index Scan using sbtest7_pkey on sbtest7  (cost=0.43..8.45 rows=1 width=6)
	        Index Cond: (id = 5595522)

table 8 : explain DELETE FROM sbtest8 WHERE id=7360937
	Delete on sbtest8  (cost=0.43..8.45 rows=1 width=6)
	  ->  Index Scan using sbtest8_pkey on sbtest8  (cost=0.43..8.45 rows=1 width=6)
	        Index Cond: (id = 7360937)

explain: for non_index_updates :: explain UPDATE sbtest%u SET c='foobar' WHERE id=%u
for: simple_ranges
table 1 : explain SELECT c FROM sbtest1 WHERE id BETWEEN 3576720 AND 3576819
	Index Scan using sbtest1_pkey on sbtest1  (cost=0.43..361.03 rows=94 width=121)
	  Index Cond: ((id >= 3576720) AND (id <= 3576819))

table 2 : explain SELECT c FROM sbtest2 WHERE id BETWEEN 7174967 AND 7175066
	Index Scan using sbtest2_pkey on sbtest2  (cost=0.43..388.82 rows=101 width=121)
	  Index Cond: ((id >= 7174967) AND (id <= 7175066))

table 3 : explain SELECT c FROM sbtest3 WHERE id BETWEEN 5846598 AND 5846697
	Index Scan using sbtest3_pkey on sbtest3  (cost=0.43..375.46 rows=97 width=121)
	  Index Cond: ((id >= 5846598) AND (id <= 5846697))

table 4 : explain SELECT c FROM sbtest4 WHERE id BETWEEN 2064262 AND 2064361
	Index Scan using sbtest4_pkey on sbtest4  (cost=0.43..413.95 rows=108 width=121)
	  Index Cond: ((id >= 2064262) AND (id <= 2064361))

table 5 : explain SELECT c FROM sbtest5 WHERE id BETWEEN 6367247 AND 6367346
	Index Scan using sbtest5_pkey on sbtest5  (cost=0.43..365.59 rows=95 width=121)
	  Index Cond: ((id >= 6367247) AND (id <= 6367346))

table 6 : explain SELECT c FROM sbtest6 WHERE id BETWEEN 9435931 AND 9436030
	Index Scan using sbtest6_pkey on sbtest6  (cost=0.43..350.22 rows=91 width=121)
	  Index Cond: ((id >= 9435931) AND (id <= 9436030))

table 7 : explain SELECT c FROM sbtest7 WHERE id BETWEEN 3518011 AND 3518110
	Index Scan using sbtest7_pkey on sbtest7  (cost=0.43..371.58 rows=97 width=121)
	  Index Cond: ((id >= 3518011) AND (id <= 3518110))

table 8 : explain SELECT c FROM sbtest8 WHERE id BETWEEN 7751485 AND 7751584
	Index Scan using sbtest8_pkey on sbtest8  (cost=0.43..412.05 rows=108 width=121)
	  Index Cond: ((id >= 7751485) AND (id <= 7751584))

for inserts
table 1 : explain INSERT INTO sbtest1 (id, k, c, pad) VALUES (5023877, 13, 'foobar', 'foobar')
	Insert on sbtest1  (cost=0.00..0.01 rows=1 width=736)
	  ->  Result  (cost=0.00..0.01 rows=1 width=736)

table 2 : explain INSERT INTO sbtest2 (id, k, c, pad) VALUES (8632524, 13, 'foobar', 'foobar')
	Insert on sbtest2  (cost=0.00..0.01 rows=1 width=736)
	  ->  Result  (cost=0.00..0.01 rows=1 width=736)

table 3 : explain INSERT INTO sbtest3 (id, k, c, pad) VALUES (2878895, 13, 'foobar', 'foobar')
	Insert on sbtest3  (cost=0.00..0.01 rows=1 width=736)
	  ->  Result  (cost=0.00..0.01 rows=1 width=736)

table 4 : explain INSERT INTO sbtest4 (id, k, c, pad) VALUES (3907398, 13, 'foobar', 'foobar')
	Insert on sbtest4  (cost=0.00..0.01 rows=1 width=736)
	  ->  Result  (cost=0.00..0.01 rows=1 width=736)

table 5 : explain INSERT INTO sbtest5 (id, k, c, pad) VALUES (1600250, 13, 'foobar', 'foobar')
	Insert on sbtest5  (cost=0.00..0.01 rows=1 width=736)
	  ->  Result  (cost=0.00..0.01 rows=1 width=736)

table 6 : explain INSERT INTO sbtest6 (id, k, c, pad) VALUES (5413580, 13, 'foobar', 'foobar')
	Insert on sbtest6  (cost=0.00..0.01 rows=1 width=736)
	  ->  Result  (cost=0.00..0.01 rows=1 width=736)

table 7 : explain INSERT INTO sbtest7 (id, k, c, pad) VALUES (760303, 13, 'foobar', 'foobar')
	Insert on sbtest7  (cost=0.00..0.01 rows=1 width=736)
	  ->  Result  (cost=0.00..0.01 rows=1 width=736)

table 8 : explain INSERT INTO sbtest8 (id, k, c, pad) VALUES (4950525, 13, 'foobar', 'foobar')
	Insert on sbtest8  (cost=0.00..0.01 rows=1 width=736)
	  ->  Result  (cost=0.00..0.01 rows=1 width=736)

for: sum_ranges
table 1 : explain SELECT SUM(k) FROM sbtest1 WHERE id BETWEEN 5116499 AND 5116598
	Aggregate  (cost=399.25..399.26 rows=1 width=8)
	  ->  Index Scan using sbtest1_pkey on sbtest1  (cost=0.43..398.99 rows=104 width=4)
	        Index Cond: ((id >= 5116499) AND (id <= 5116598))

table 2 : explain SELECT SUM(k) FROM sbtest2 WHERE id BETWEEN 720978 AND 721077
	Aggregate  (cost=411.90..411.91 rows=1 width=8)
	  ->  Index Scan using sbtest2_pkey on sbtest2  (cost=0.43..411.63 rows=107 width=4)
	        Index Cond: ((id >= 720978) AND (id <= 721077))

table 3 : explain SELECT SUM(k) FROM sbtest3 WHERE id BETWEEN 411748 AND 411847
	Aggregate  (cost=379.52..379.53 rows=1 width=8)
	  ->  Index Scan using sbtest3_pkey on sbtest3  (cost=0.43..379.28 rows=98 width=4)
	        Index Cond: ((id >= 411748) AND (id <= 411847))

table 4 : explain SELECT SUM(k) FROM sbtest4 WHERE id BETWEEN 8482139 AND 8482238
	Aggregate  (cost=395.27..395.28 rows=1 width=8)
	  ->  Index Scan using sbtest4_pkey on sbtest4  (cost=0.43..395.01 rows=103 width=4)
	        Index Cond: ((id >= 8482139) AND (id <= 8482238))

table 5 : explain SELECT SUM(k) FROM sbtest5 WHERE id BETWEEN 3102640 AND 3102739
	Aggregate  (cost=384.88..384.89 rows=1 width=8)
	  ->  Index Scan using sbtest5_pkey on sbtest5  (cost=0.43..384.63 rows=100 width=4)
	        Index Cond: ((id >= 3102640) AND (id <= 3102739))

table 6 : explain SELECT SUM(k) FROM sbtest6 WHERE id BETWEEN 4195649 AND 4195748
	Aggregate  (cost=399.89..399.90 rows=1 width=8)
	  ->  Index Scan using sbtest6_pkey on sbtest6  (cost=0.43..399.63 rows=104 width=4)
	        Index Cond: ((id >= 4195649) AND (id <= 4195748))

table 7 : explain SELECT SUM(k) FROM sbtest7 WHERE id BETWEEN 9965138 AND 9965237
	Aggregate  (cost=394.52..394.53 rows=1 width=8)
	  ->  Index Scan using sbtest7_pkey on sbtest7  (cost=0.43..394.26 rows=103 width=4)
	        Index Cond: ((id >= 9965138) AND (id <= 9965237))

table 8 : explain SELECT SUM(k) FROM sbtest8 WHERE id BETWEEN 8270974 AND 8271073
	Aggregate  (cost=404.77..404.78 rows=1 width=8)
	  ->  Index Scan using sbtest8_pkey on sbtest8  (cost=0.43..404.51 rows=106 width=4)
	        Index Cond: ((id >= 8270974) AND (id <= 8271073))

explain: for non_index_updates :: explain UPDATE sbtest%u SET c='foobar' WHERE id=%u
for: order_ranges
table 1 : explain SELECT c FROM sbtest1 WHERE id BETWEEN 2422312 AND 2422411 ORDER BY c
	Sort  (cost=356.45..356.68 rows=92 width=121)
	  Sort Key: c
	  ->  Index Scan using sbtest1_pkey on sbtest1  (cost=0.43..353.45 rows=92 width=121)
	        Index Cond: ((id >= 2422312) AND (id <= 2422411))

table 2 : explain SELECT c FROM sbtest2 WHERE id BETWEEN 7221634 AND 7221733 ORDER BY c
	Sort  (cost=449.82..450.11 rows=116 width=121)
	  Sort Key: c
	  ->  Index Scan using sbtest2_pkey on sbtest2  (cost=0.43..445.85 rows=116 width=121)
	        Index Cond: ((id >= 7221634) AND (id <= 7221733))

table 3 : explain SELECT c FROM sbtest3 WHERE id BETWEEN 6850630 AND 6850729 ORDER BY c
	Sort  (cost=425.00..425.27 rows=109 width=121)
	  Sort Key: c
	  ->  Index Scan using sbtest3_pkey on sbtest3  (cost=0.43..421.31 rows=109 width=121)
	        Index Cond: ((id >= 6850630) AND (id <= 6850729))

table 4 : explain SELECT c FROM sbtest4 WHERE id BETWEEN 4698539 AND 4698638 ORDER BY c
	Sort  (cost=409.94..410.20 rows=106 width=121)
	  Sort Key: c
	  ->  Index Scan using sbtest4_pkey on sbtest4  (cost=0.43..406.37 rows=106 width=121)
	        Index Cond: ((id >= 4698539) AND (id <= 4698638))

table 5 : explain SELECT c FROM sbtest5 WHERE id BETWEEN 3322155 AND 3322254 ORDER BY c
	Sort  (cost=380.28..380.52 rows=98 width=121)
	  Sort Key: c
	  ->  Index Scan using sbtest5_pkey on sbtest5  (cost=0.43..377.04 rows=98 width=121)
	        Index Cond: ((id >= 3322155) AND (id <= 3322254))

table 6 : explain SELECT c FROM sbtest6 WHERE id BETWEEN 8839468 AND 8839567 ORDER BY c
	Sort  (cost=387.77..388.02 rows=100 width=121)
	  Sort Key: c
	  ->  Index Scan using sbtest6_pkey on sbtest6  (cost=0.43..384.44 rows=100 width=121)
	        Index Cond: ((id >= 8839468) AND (id <= 8839567))

table 7 : explain SELECT c FROM sbtest7 WHERE id BETWEEN 624245 AND 624344 ORDER BY c
	Sort  (cost=340.33..340.55 rows=88 width=121)
	  Sort Key: c
	  ->  Index Scan using sbtest7_pkey on sbtest7  (cost=0.43..337.49 rows=88 width=121)
	        Index Cond: ((id >= 624245) AND (id <= 624344))

table 8 : explain SELECT c FROM sbtest8 WHERE id BETWEEN 4976683 AND 4976782 ORDER BY c
	Sort  (cost=396.64..396.90 rows=103 width=121)
	  Sort Key: c
	  ->  Index Scan using sbtest8_pkey on sbtest8  (cost=0.43..393.20 rows=103 width=121)
	        Index Cond: ((id >= 4976683) AND (id <= 4976782))

for: sum_ranges
table 1 : explain SELECT SUM(k) FROM sbtest1 WHERE id BETWEEN 5004161 AND 5004260
	Aggregate  (cost=372.70..372.71 rows=1 width=8)
	  ->  Index Scan using sbtest1_pkey on sbtest1  (cost=0.43..372.46 rows=97 width=4)
	        Index Cond: ((id >= 5004161) AND (id <= 5004260))

table 2 : explain SELECT SUM(k) FROM sbtest2 WHERE id BETWEEN 4199309 AND 4199408
	Aggregate  (cost=385.27..385.28 rows=1 width=8)
	  ->  Index Scan using sbtest2_pkey on sbtest2  (cost=0.43..385.02 rows=100 width=4)
	        Index Cond: ((id >= 4199309) AND (id <= 4199408))

table 3 : explain SELECT SUM(k) FROM sbtest3 WHERE id BETWEEN 9528351 AND 9528450
	Aggregate  (cost=390.99..391.00 rows=1 width=8)
	  ->  Index Scan using sbtest3_pkey on sbtest3  (cost=0.43..390.74 rows=101 width=4)
	        Index Cond: ((id >= 9528351) AND (id <= 9528450))

table 4 : explain SELECT SUM(k) FROM sbtest4 WHERE id BETWEEN 2019083 AND 2019182
	Aggregate  (cost=414.22..414.23 rows=1 width=8)
	  ->  Index Scan using sbtest4_pkey on sbtest4  (cost=0.43..413.95 rows=108 width=4)
	        Index Cond: ((id >= 2019083) AND (id <= 2019182))

table 5 : explain SELECT SUM(k) FROM sbtest5 WHERE id BETWEEN 2248599 AND 2248698
	Aggregate  (cost=362.02..362.03 rows=1 width=8)
	  ->  Index Scan using sbtest5_pkey on sbtest5  (cost=0.43..361.79 rows=94 width=4)
	        Index Cond: ((id >= 2248599) AND (id <= 2248698))

table 6 : explain SELECT SUM(k) FROM sbtest6 WHERE id BETWEEN 2394898 AND 2394997
	Aggregate  (cost=411.28..411.29 rows=1 width=8)
	  ->  Index Scan using sbtest6_pkey on sbtest6  (cost=0.43..411.02 rows=107 width=4)
	        Index Cond: ((id >= 2394898) AND (id <= 2394997))

table 7 : explain SELECT SUM(k) FROM sbtest7 WHERE id BETWEEN 8618933 AND 8619032
	Aggregate  (cost=421.00..421.01 rows=1 width=8)
	  ->  Index Scan using sbtest7_pkey on sbtest7  (cost=0.43..420.73 rows=110 width=4)
	        Index Cond: ((id >= 8618933) AND (id <= 8619032))

table 8 : explain SELECT SUM(k) FROM sbtest8 WHERE id BETWEEN 7449061 AND 7449160
	Aggregate  (cost=393.45..393.46 rows=1 width=8)
	  ->  Index Scan using sbtest8_pkey on sbtest8  (cost=0.43..393.20 rows=103 width=4)
	        Index Cond: ((id >= 7449061) AND (id <= 7449160))

for: sum_ranges
table 1 : explain SELECT SUM(k) FROM sbtest1 WHERE id BETWEEN 7473774 AND 7473873
	Aggregate  (cost=376.50..376.51 rows=1 width=8)
	  ->  Index Scan using sbtest1_pkey on sbtest1  (cost=0.43..376.25 rows=98 width=4)
	        Index Cond: ((id >= 7473774) AND (id <= 7473873))

table 2 : explain SELECT SUM(k) FROM sbtest2 WHERE id BETWEEN 7111864 AND 7111963
	Aggregate  (cost=389.07..389.08 rows=1 width=8)
	  ->  Index Scan using sbtest2_pkey on sbtest2  (cost=0.43..388.82 rows=101 width=4)
	        Index Cond: ((id >= 7111864) AND (id <= 7111963))

table 3 : explain SELECT SUM(k) FROM sbtest3 WHERE id BETWEEN 6129677 AND 6129776
	Aggregate  (cost=352.71..352.72 rows=1 width=8)
	  ->  Index Scan using sbtest3_pkey on sbtest3  (cost=0.43..352.48 rows=91 width=4)
	        Index Cond: ((id >= 6129677) AND (id <= 6129776))

table 4 : explain SELECT SUM(k) FROM sbtest4 WHERE id BETWEEN 8598499 AND 8598598
	Aggregate  (cost=357.36..357.37 rows=1 width=8)
	  ->  Index Scan using sbtest4_pkey on sbtest4  (cost=0.43..357.13 rows=93 width=4)
	        Index Cond: ((id >= 8598499) AND (id <= 8598598))

table 5 : explain SELECT SUM(k) FROM sbtest5 WHERE id BETWEEN 4093764 AND 4093863
	Aggregate  (cost=411.49..411.50 rows=1 width=8)
	  ->  Index Scan using sbtest5_pkey on sbtest5  (cost=0.43..411.22 rows=107 width=4)
	        Index Cond: ((id >= 4093764) AND (id <= 4093863))

table 6 : explain SELECT SUM(k) FROM sbtest6 WHERE id BETWEEN 4265568 AND 4265667
	Aggregate  (cost=388.49..388.50 rows=1 width=8)
	  ->  Index Scan using sbtest6_pkey on sbtest6  (cost=0.43..388.24 rows=101 width=4)
	        Index Cond: ((id >= 4265568) AND (id <= 4265667))

table 7 : explain SELECT SUM(k) FROM sbtest7 WHERE id BETWEEN 5427347 AND 5427446
	Aggregate  (cost=413.44..413.45 rows=1 width=8)
	  ->  Index Scan using sbtest7_pkey on sbtest7  (cost=0.43..413.17 rows=108 width=4)
	        Index Cond: ((id >= 5427347) AND (id <= 5427446))

table 8 : explain SELECT SUM(k) FROM sbtest8 WHERE id BETWEEN 4444473 AND 4444572
	Aggregate  (cost=374.59..374.60 rows=1 width=8)
	  ->  Index Scan using sbtest8_pkey on sbtest8  (cost=0.43..374.34 rows=98 width=4)
	        Index Cond: ((id >= 4444473) AND (id <= 4444572))

for: sum_ranges
table 1 : explain SELECT SUM(k) FROM sbtest1 WHERE id BETWEEN 7880483 AND 7880582
	Aggregate  (cost=399.25..399.26 rows=1 width=8)
	  ->  Index Scan using sbtest1_pkey on sbtest1  (cost=0.43..398.99 rows=104 width=4)
	        Index Cond: ((id >= 7880483) AND (id <= 7880582))

table 2 : explain SELECT SUM(k) FROM sbtest2 WHERE id BETWEEN 1893144 AND 1893243
	Aggregate  (cost=377.66..377.67 rows=1 width=8)
	  ->  Index Scan using sbtest2_pkey on sbtest2  (cost=0.43..377.41 rows=98 width=4)
	        Index Cond: ((id >= 1893144) AND (id <= 1893243))

table 3 : explain SELECT SUM(k) FROM sbtest3 WHERE id BETWEEN 7493423 AND 7493522
	Aggregate  (cost=398.64..398.65 rows=1 width=8)
	  ->  Index Scan using sbtest3_pkey on sbtest3  (cost=0.43..398.38 rows=103 width=4)
	        Index Cond: ((id >= 7493423) AND (id <= 7493522))

table 4 : explain SELECT SUM(k) FROM sbtest4 WHERE id BETWEEN 5861184 AND 5861283
	Aggregate  (cost=364.94..364.95 rows=1 width=8)
	  ->  Index Scan using sbtest4_pkey on sbtest4  (cost=0.43..364.70 rows=95 width=4)
	        Index Cond: ((id >= 5861184) AND (id <= 5861283))

table 5 : explain SELECT SUM(k) FROM sbtest5 WHERE id BETWEEN 5610818 AND 5610917
	Aggregate  (cost=388.68..388.69 rows=1 width=8)
	  ->  Index Scan using sbtest5_pkey on sbtest5  (cost=0.43..388.43 rows=101 width=4)
	        Index Cond: ((id >= 5610818) AND (id <= 5610917))

table 6 : explain SELECT SUM(k) FROM sbtest6 WHERE id BETWEEN 9697133 AND 9697232
	Aggregate  (cost=396.09..396.10 rows=1 width=8)
	  ->  Index Scan using sbtest6_pkey on sbtest6  (cost=0.43..395.83 rows=103 width=4)
	        Index Cond: ((id >= 9697133) AND (id <= 9697232))

table 7 : explain SELECT SUM(k) FROM sbtest7 WHERE id BETWEEN 1495339 AND 1495438
	Aggregate  (cost=375.60..375.61 rows=1 width=8)
	  ->  Index Scan using sbtest7_pkey on sbtest7  (cost=0.43..375.36 rows=98 width=4)
	        Index Cond: ((id >= 1495339) AND (id <= 1495438))

table 8 : explain SELECT SUM(k) FROM sbtest8 WHERE id BETWEEN 6118793 AND 6118892
	Aggregate  (cost=348.18..348.19 rows=1 width=8)
	  ->  Index Scan using sbtest8_pkey on sbtest8  (cost=0.43..347.95 rows=91 width=4)
	        Index Cond: ((id >= 6118793) AND (id <= 6118892))

for non_index_updates
table 1 : explain UPDATE sbtest1 SET c='foobar' WHERE id=5419548
	Update on sbtest1  (cost=0.43..8.45 rows=1 width=559)
	  ->  Index Scan using sbtest1_pkey on sbtest1  (cost=0.43..8.45 rows=1 width=559)
	        Index Cond: (id = 5419548)

table 2 : explain UPDATE sbtest2 SET c='foobar' WHERE id=2399555
	Update on sbtest2  (cost=0.43..8.45 rows=1 width=559)
	  ->  Index Scan using sbtest2_pkey on sbtest2  (cost=0.43..8.45 rows=1 width=559)
	        Index Cond: (id = 2399555)

table 3 : explain UPDATE sbtest3 SET c='foobar' WHERE id=6419213
	Update on sbtest3  (cost=0.43..8.45 rows=1 width=559)
	  ->  Index Scan using sbtest3_pkey on sbtest3  (cost=0.43..8.45 rows=1 width=559)
	        Index Cond: (id = 6419213)

table 4 : explain UPDATE sbtest4 SET c='foobar' WHERE id=845476
	Update on sbtest4  (cost=0.43..8.45 rows=1 width=559)
	  ->  Index Scan using sbtest4_pkey on sbtest4  (cost=0.43..8.45 rows=1 width=559)
	        Index Cond: (id = 845476)

table 5 : explain UPDATE sbtest5 SET c='foobar' WHERE id=3278015
	Update on sbtest5  (cost=0.43..8.45 rows=1 width=559)
	  ->  Index Scan using sbtest5_pkey on sbtest5  (cost=0.43..8.45 rows=1 width=559)
	        Index Cond: (id = 3278015)

table 6 : explain UPDATE sbtest6 SET c='foobar' WHERE id=7414317
	Update on sbtest6  (cost=0.43..8.45 rows=1 width=559)
	  ->  Index Scan using sbtest6_pkey on sbtest6  (cost=0.43..8.45 rows=1 width=559)
	        Index Cond: (id = 7414317)

table 7 : explain UPDATE sbtest7 SET c='foobar' WHERE id=9780409
	Update on sbtest7  (cost=0.43..8.45 rows=1 width=559)
	  ->  Index Scan using sbtest7_pkey on sbtest7  (cost=0.43..8.45 rows=1 width=559)
	        Index Cond: (id = 9780409)

table 8 : explain UPDATE sbtest8 SET c='foobar' WHERE id=3394449
	Update on sbtest8  (cost=0.43..8.45 rows=1 width=559)
	  ->  Index Scan using sbtest8_pkey on sbtest8  (cost=0.43..8.45 rows=1 width=559)
	        Index Cond: (id = 3394449)

explain: for inserts :: explain INSERT INTO sbtest%u (id, k, c, pad) VALUES (%u, 13, 'foobar', 'foobar')
for: sum_ranges
table 1 : explain SELECT SUM(k) FROM sbtest1 WHERE id BETWEEN 3613661 AND 3613760
	Aggregate  (cost=361.27..361.28 rows=1 width=8)
	  ->  Index Scan using sbtest1_pkey on sbtest1  (cost=0.43..361.03 rows=94 width=4)
	        Index Cond: ((id >= 3613661) AND (id <= 3613760))

table 2 : explain SELECT SUM(k) FROM sbtest2 WHERE id BETWEEN 5166024 AND 5166123
	Aggregate  (cost=370.05..370.06 rows=1 width=8)
	  ->  Index Scan using sbtest2_pkey on sbtest2  (cost=0.43..369.81 rows=96 width=4)
	        Index Cond: ((id >= 5166024) AND (id <= 5166123))

table 3 : explain SELECT SUM(k) FROM sbtest3 WHERE id BETWEEN 7466876 AND 7466975
	Aggregate  (cost=398.64..398.65 rows=1 width=8)
	  ->  Index Scan using sbtest3_pkey on sbtest3  (cost=0.43..398.38 rows=103 width=4)
	        Index Cond: ((id >= 7466876) AND (id <= 7466975))

table 4 : explain SELECT SUM(k) FROM sbtest4 WHERE id BETWEEN 6191019 AND 6191118
	Aggregate  (cost=364.94..364.95 rows=1 width=8)
	  ->  Index Scan using sbtest4_pkey on sbtest4  (cost=0.43..364.70 rows=95 width=4)
	        Index Cond: ((id >= 6191019) AND (id <= 6191118))

table 5 : explain SELECT SUM(k) FROM sbtest5 WHERE id BETWEEN 4982738 AND 4982837
	Aggregate  (cost=373.43..373.44 rows=1 width=8)
	  ->  Index Scan using sbtest5_pkey on sbtest5  (cost=0.43..373.18 rows=97 width=4)
	        Index Cond: ((id >= 4982738) AND (id <= 4982837))

table 6 : explain SELECT SUM(k) FROM sbtest6 WHERE id BETWEEN 1783226 AND 1783325
	Aggregate  (cost=380.90..380.91 rows=1 width=8)
	  ->  Index Scan using sbtest6_pkey on sbtest6  (cost=0.43..380.65 rows=99 width=4)
	        Index Cond: ((id >= 1783226) AND (id <= 1783325))

table 7 : explain SELECT SUM(k) FROM sbtest7 WHERE id BETWEEN 4033284 AND 4033383
	Aggregate  (cost=352.91..352.92 rows=1 width=8)
	  ->  Index Scan using sbtest7_pkey on sbtest7  (cost=0.43..352.68 rows=92 width=4)
	        Index Cond: ((id >= 4033284) AND (id <= 4033383))

table 8 : explain SELECT SUM(k) FROM sbtest8 WHERE id BETWEEN 3688829 AND 3688928
	Aggregate  (cost=370.82..370.83 rows=1 width=8)
	  ->  Index Scan using sbtest8_pkey on sbtest8  (cost=0.43..370.57 rows=97 width=4)
	        Index Cond: ((id >= 3688829) AND (id <= 3688928))

for: sum_ranges
table 1 : explain SELECT SUM(k) FROM sbtest1 WHERE id BETWEEN 2087 AND 2186
	Aggregate  (cost=437.17..437.18 rows=1 width=8)
	  ->  Index Scan using sbtest1_pkey on sbtest1  (cost=0.43..436.89 rows=114 width=4)
	        Index Cond: ((id >= 2087) AND (id <= 2186))

table 2 : explain SELECT SUM(k) FROM sbtest2 WHERE id BETWEEN 5373167 AND 5373266
	Aggregate  (cost=370.05..370.06 rows=1 width=8)
	  ->  Index Scan using sbtest2_pkey on sbtest2  (cost=0.43..369.81 rows=96 width=4)
	        Index Cond: ((id >= 5373167) AND (id <= 5373266))

table 3 : explain SELECT SUM(k) FROM sbtest3 WHERE id BETWEEN 6187968 AND 6188067
	Aggregate  (cost=352.71..352.72 rows=1 width=8)
	  ->  Index Scan using sbtest3_pkey on sbtest3  (cost=0.43..352.48 rows=91 width=4)
	        Index Cond: ((id >= 6187968) AND (id <= 6188067))

table 4 : explain SELECT SUM(k) FROM sbtest4 WHERE id BETWEEN 2367588 AND 2367687
	Aggregate  (cost=368.73..368.74 rows=1 width=8)
	  ->  Index Scan using sbtest4_pkey on sbtest4  (cost=0.43..368.49 rows=96 width=4)
	        Index Cond: ((id >= 2367588) AND (id <= 2367687))

table 5 : explain SELECT SUM(k) FROM sbtest5 WHERE id BETWEEN 8344775 AND 8344874
	Aggregate  (cost=369.63..369.64 rows=1 width=8)
	  ->  Index Scan using sbtest5_pkey on sbtest5  (cost=0.43..369.39 rows=96 width=4)
	        Index Cond: ((id >= 8344775) AND (id <= 8344874))

table 6 : explain SELECT SUM(k) FROM sbtest6 WHERE id BETWEEN 6829225 AND 6829324
	Aggregate  (cost=377.10..377.11 rows=1 width=8)
	  ->  Index Scan using sbtest6_pkey on sbtest6  (cost=0.43..376.85 rows=98 width=4)
	        Index Cond: ((id >= 6829225) AND (id <= 6829324))

table 7 : explain SELECT SUM(k) FROM sbtest7 WHERE id BETWEEN 9571063 AND 9571162
	Aggregate  (cost=390.74..390.75 rows=1 width=8)
	  ->  Index Scan using sbtest7_pkey on sbtest7  (cost=0.43..390.48 rows=102 width=4)
	        Index Cond: ((id >= 9571063) AND (id <= 9571162))

table 8 : explain SELECT SUM(k) FROM sbtest8 WHERE id BETWEEN 3468618 AND 3468717
	Aggregate  (cost=363.27..363.28 rows=1 width=8)
	  ->  Index Scan using sbtest8_pkey on sbtest8  (cost=0.43..363.03 rows=95 width=4)
	        Index Cond: ((id >= 3468618) AND (id <= 3468717))

for deletes
table 1 : explain DELETE FROM sbtest1 WHERE id=2365646
	Delete on sbtest1  (cost=0.43..8.45 rows=1 width=6)
	  ->  Index Scan using sbtest1_pkey on sbtest1  (cost=0.43..8.45 rows=1 width=6)
	        Index Cond: (id = 2365646)

table 2 : explain DELETE FROM sbtest2 WHERE id=3685269
	Delete on sbtest2  (cost=0.43..8.45 rows=1 width=6)
	  ->  Index Scan using sbtest2_pkey on sbtest2  (cost=0.43..8.45 rows=1 width=6)
	        Index Cond: (id = 3685269)

table 3 : explain DELETE FROM sbtest3 WHERE id=419876
	Delete on sbtest3  (cost=0.43..8.45 rows=1 width=6)
	  ->  Index Scan using sbtest3_pkey on sbtest3  (cost=0.43..8.45 rows=1 width=6)
	        Index Cond: (id = 419876)

table 4 : explain DELETE FROM sbtest4 WHERE id=5618426
	Delete on sbtest4  (cost=0.43..8.45 rows=1 width=6)
	  ->  Index Scan using sbtest4_pkey on sbtest4  (cost=0.43..8.45 rows=1 width=6)
	        Index Cond: (id = 5618426)

table 5 : explain DELETE FROM sbtest5 WHERE id=2944873
	Delete on sbtest5  (cost=0.43..8.45 rows=1 width=6)
	  ->  Index Scan using sbtest5_pkey on sbtest5  (cost=0.43..8.45 rows=1 width=6)
	        Index Cond: (id = 2944873)

table 6 : explain DELETE FROM sbtest6 WHERE id=2444585
	Delete on sbtest6  (cost=0.43..8.45 rows=1 width=6)
	  ->  Index Scan using sbtest6_pkey on sbtest6  (cost=0.43..8.45 rows=1 width=6)
	        Index Cond: (id = 2444585)

table 7 : explain DELETE FROM sbtest7 WHERE id=9101528
	Delete on sbtest7  (cost=0.43..8.45 rows=1 width=6)
	  ->  Index Scan using sbtest7_pkey on sbtest7  (cost=0.43..8.45 rows=1 width=6)
	        Index Cond: (id = 9101528)

table 8 : explain DELETE FROM sbtest8 WHERE id=4311923
	Delete on sbtest8  (cost=0.43..8.45 rows=1 width=6)
	  ->  Index Scan using sbtest8_pkey on sbtest8  (cost=0.43..8.45 rows=1 width=6)
	        Index Cond: (id = 4311923)

explain: for deletes :: explain DELETE FROM sbtest%u WHERE id=%ufor deletes
table 1 : explain DELETE FROM sbtest1 WHERE id=3318325
	Delete on sbtest1  (cost=0.43..8.45 rows=1 width=6)
	  ->  Index Scan using sbtest1_pkey on sbtest1  (cost=0.43..8.45 rows=1 width=6)
	        Index Cond: (id = 3318325)

table 2 : explain DELETE FROM sbtest2 WHERE id=8986226
	Delete on sbtest2  (cost=0.43..8.45 rows=1 width=6)
	  ->  Index Scan using sbtest2_pkey on sbtest2  (cost=0.43..8.45 rows=1 width=6)
	        Index Cond: (id = 8986226)

table 3 : explain DELETE FROM sbtest3 WHERE id=8832327
	Delete on sbtest3  (cost=0.43..8.45 rows=1 width=6)
	  ->  Index Scan using sbtest3_pkey on sbtest3  (cost=0.43..8.45 rows=1 width=6)
	        Index Cond: (id = 8832327)

table 4 : explain DELETE FROM sbtest4 WHERE id=4907837
	Delete on sbtest4  (cost=0.43..8.45 rows=1 width=6)
	  ->  Index Scan using sbtest4_pkey on sbtest4  (cost=0.43..8.45 rows=1 width=6)
	        Index Cond: (id = 4907837)

table 5 : explain DELETE FROM sbtest5 WHERE id=2285120
	Delete on sbtest5  (cost=0.43..8.45 rows=1 width=6)
	  ->  Index Scan using sbtest5_pkey on sbtest5  (cost=0.43..8.45 rows=1 width=6)
	        Index Cond: (id = 2285120)

table 6 : explain DELETE FROM sbtest6 WHERE id=5906130
	Delete on sbtest6  (cost=0.43..8.45 rows=1 width=6)
	  ->  Index Scan using sbtest6_pkey on sbtest6  (cost=0.43..8.45 rows=1 width=6)
	        Index Cond: (id = 5906130)

table 7 : explain DELETE FROM sbtest7 WHERE id=1294646
	Delete on sbtest7  (cost=0.43..8.45 rows=1 width=6)
	  ->  Index Scan using sbtest7_pkey on sbtest7  (cost=0.43..8.45 rows=1 width=6)
	        Index Cond: (id = 1294646)

table 8 : explain DELETE FROM sbtest8 WHERE id=5523677
	Delete on sbtest8  (cost=0.43..8.45 rows=1 width=6)
	  ->  Index Scan using sbtest8_pkey on sbtest8  (cost=0.43..8.45 rows=1 width=6)
	        Index Cond: (id = 5523677)

for: sum_ranges
table 1 : explain SELECT SUM(k) FROM sbtest1 WHERE id BETWEEN 7769620 AND 7769719
	Aggregate  (cost=372.70..372.71 rows=1 width=8)
	  ->  Index Scan using sbtest1_pkey on sbtest1  (cost=0.43..372.46 rows=97 width=4)
	        Index Cond: ((id >= 7769620) AND (id <= 7769719))

table 2 : explain SELECT SUM(k) FROM sbtest2 WHERE id BETWEEN 2394995 AND 2395094
	Aggregate  (cost=373.85..373.86 rows=1 width=8)
	  ->  Index Scan using sbtest2_pkey on sbtest2  (cost=0.43..373.61 rows=97 width=4)
	        Index Cond: ((id >= 2394995) AND (id <= 2395094))

table 3 : explain SELECT SUM(k) FROM sbtest3 WHERE id BETWEEN 9871538 AND 9871637
	Aggregate  (cost=398.64..398.65 rows=1 width=8)
	  ->  Index Scan using sbtest3_pkey on sbtest3  (cost=0.43..398.38 rows=103 width=4)
	        Index Cond: ((id >= 9871538) AND (id <= 9871637))

table 4 : explain SELECT SUM(k) FROM sbtest4 WHERE id BETWEEN 8398461 AND 8398560
	Aggregate  (cost=395.27..395.28 rows=1 width=8)
	  ->  Index Scan using sbtest4_pkey on sbtest4  (cost=0.43..395.01 rows=103 width=4)
	        Index Cond: ((id >= 8398461) AND (id <= 8398560))

table 5 : explain SELECT SUM(k) FROM sbtest5 WHERE id BETWEEN 7651109 AND 7651208
	Aggregate  (cost=369.63..369.64 rows=1 width=8)
	  ->  Index Scan using sbtest5_pkey on sbtest5  (cost=0.43..369.39 rows=96 width=4)
	        Index Cond: ((id >= 7651109) AND (id <= 7651208))

table 6 : explain SELECT SUM(k) FROM sbtest6 WHERE id BETWEEN 3821274 AND 3821373
	Aggregate  (cost=399.89..399.90 rows=1 width=8)
	  ->  Index Scan using sbtest6_pkey on sbtest6  (cost=0.43..399.63 rows=104 width=4)
	        Index Cond: ((id >= 3821274) AND (id <= 3821373))

table 7 : explain SELECT SUM(k) FROM sbtest7 WHERE id BETWEEN 6329665 AND 6329764
	Aggregate  (cost=383.17..383.18 rows=1 width=8)
	  ->  Index Scan using sbtest7_pkey on sbtest7  (cost=0.43..382.92 rows=100 width=4)
	        Index Cond: ((id >= 6329665) AND (id <= 6329764))

table 8 : explain SELECT SUM(k) FROM sbtest8 WHERE id BETWEEN 6359004 AND 6359103
	Aggregate  (cost=374.59..374.60 rows=1 width=8)
	  ->  Index Scan using sbtest8_pkey on sbtest8  (cost=0.43..374.34 rows=98 width=4)
	        Index Cond: ((id >= 6359004) AND (id <= 6359103))

for: simple_ranges
table 1 : explain SELECT c FROM sbtest1 WHERE id BETWEEN 1957963 AND 1958062
	Index Scan using sbtest1_pkey on sbtest1  (cost=0.43..364.88 rows=95 width=121)
	  Index Cond: ((id >= 1957963) AND (id <= 1958062))

table 2 : explain SELECT c FROM sbtest2 WHERE id BETWEEN 5279259 AND 5279358
	Index Scan using sbtest2_pkey on sbtest2  (cost=0.43..400.22 rows=104 width=121)
	  Index Cond: ((id >= 5279259) AND (id <= 5279358))

table 3 : explain SELECT c FROM sbtest3 WHERE id BETWEEN 9580627 AND 9580726
	Index Scan using sbtest3_pkey on sbtest3  (cost=0.43..390.74 rows=101 width=121)
	  Index Cond: ((id >= 9580627) AND (id <= 9580726))

table 4 : explain SELECT c FROM sbtest4 WHERE id BETWEEN 2684214 AND 2684313
	Index Scan using sbtest4_pkey on sbtest4  (cost=0.43..398.80 rows=104 width=121)
	  Index Cond: ((id >= 2684214) AND (id <= 2684313))

table 5 : explain SELECT c FROM sbtest5 WHERE id BETWEEN 1026947 AND 1027046
	Index Scan using sbtest5_pkey on sbtest5  (cost=0.43..388.43 rows=101 width=121)
	  Index Cond: ((id >= 1026947) AND (id <= 1027046))

table 6 : explain SELECT c FROM sbtest6 WHERE id BETWEEN 1514385 AND 1514484
	Index Scan using sbtest6_pkey on sbtest6  (cost=0.43..403.43 rows=105 width=121)
	  Index Cond: ((id >= 1514385) AND (id <= 1514484))

table 7 : explain SELECT c FROM sbtest7 WHERE id BETWEEN 2088931 AND 2089030
	Index Scan using sbtest7_pkey on sbtest7  (cost=0.43..398.04 rows=104 width=121)
	  Index Cond: ((id >= 2088931) AND (id <= 2089030))

table 8 : explain SELECT c FROM sbtest8 WHERE id BETWEEN 2044677 AND 2044776
	Index Scan using sbtest8_pkey on sbtest8  (cost=0.43..381.88 rows=100 width=121)
	  Index Cond: ((id >= 2044677) AND (id <= 2044776))


for point_selects
table 1 : explain SELECT c FROM sbtest1 WHERE id=2256988
	Index Scan using sbtest1_pkey on sbtest1  (cost=0.43..8.45 rows=1 width=121)
	  Index Cond: (id = 2256988)

table 2 : explain SELECT c FROM sbtest2 WHERE id=6782090
	Index Scan using sbtest2_pkey on sbtest2  (cost=0.43..8.45 rows=1 width=121)
	  Index Cond: (id = 6782090)

table 3 : explain SELECT c FROM sbtest3 WHERE id=8398696
	Index Scan using sbtest3_pkey on sbtest3  (cost=0.43..8.45 rows=1 width=121)
	  Index Cond: (id = 8398696)

table 4 : explain SELECT c FROM sbtest4 WHERE id=914691
	Index Scan using sbtest4_pkey on sbtest4  (cost=0.43..8.45 rows=1 width=121)
	  Index Cond: (id = 914691)

table 5 : explain SELECT c FROM sbtest5 WHERE id=3796363
	Index Scan using sbtest5_pkey on sbtest5  (cost=0.43..8.45 rows=1 width=121)
	  Index Cond: (id = 3796363)

table 6 : explain SELECT c FROM sbtest6 WHERE id=2963056
	Index Scan using sbtest6_pkey on sbtest6  (cost=0.43..8.45 rows=1 width=121)
	  Index Cond: (id = 2963056)

table 7 : explain SELECT c FROM sbtest7 WHERE id=3532571
	Index Scan using sbtest7_pkey on sbtest7  (cost=0.43..8.45 rows=1 width=121)
	  Index Cond: (id = 3532571)

table 8 : explain SELECT c FROM sbtest8 WHERE id=5786923
	Index Scan using sbtest8_pkey on sbtest8  (cost=0.43..8.45 rows=1 width=121)
	  Index Cond: (id = 5786923)

for non_index_updates
table 1 : explain UPDATE sbtest1 SET c='foobar' WHERE id=2846340
	Update on sbtest1  (cost=0.43..8.45 rows=1 width=559)
	  ->  Index Scan using sbtest1_pkey on sbtest1  (cost=0.43..8.45 rows=1 width=559)
	        Index Cond: (id = 2846340)

table 2 : explain UPDATE sbtest2 SET c='foobar' WHERE id=5559155
	Update on sbtest2  (cost=0.43..8.45 rows=1 width=559)
	  ->  Index Scan using sbtest2_pkey on sbtest2  (cost=0.43..8.45 rows=1 width=559)
	        Index Cond: (id = 5559155)

table 3 : explain UPDATE sbtest3 SET c='foobar' WHERE id=2557828
	Update on sbtest3  (cost=0.43..8.45 rows=1 width=559)
	  ->  Index Scan using sbtest3_pkey on sbtest3  (cost=0.43..8.45 rows=1 width=559)
	        Index Cond: (id = 2557828)

table 4 : explain UPDATE sbtest4 SET c='foobar' WHERE id=2734445
	Update on sbtest4  (cost=0.43..8.45 rows=1 width=559)
	  ->  Index Scan using sbtest4_pkey on sbtest4  (cost=0.43..8.45 rows=1 width=559)
	        Index Cond: (id = 2734445)

table 5 : explain UPDATE sbtest5 SET c='foobar' WHERE id=4533496
	Update on sbtest5  (cost=0.43..8.45 rows=1 width=559)
	  ->  Index Scan using sbtest5_pkey on sbtest5  (cost=0.43..8.45 rows=1 width=559)
	        Index Cond: (id = 4533496)

table 6 : explain UPDATE sbtest6 SET c='foobar' WHERE id=762897
	Update on sbtest6  (cost=0.43..8.45 rows=1 width=559)
	  ->  Index Scan using sbtest6_pkey on sbtest6  (cost=0.43..8.45 rows=1 width=559)
	        Index Cond: (id = 762897)

table 7 : explain UPDATE sbtest7 SET c='foobar' WHERE id=5272054
	Update on sbtest7  (cost=0.43..8.45 rows=1 width=559)
	  ->  Index Scan using sbtest7_pkey on sbtest7  (cost=0.43..8.45 rows=1 width=559)
	        Index Cond: (id = 5272054)

table 8 : explain UPDATE sbtest8 SET c='foobar' WHERE id=9412296
	Update on sbtest8  (cost=0.43..8.45 rows=1 width=559)
	  ->  Index Scan using sbtest8_pkey on sbtest8  (cost=0.43..8.45 rows=1 width=559)
	        Index Cond: (id = 9412296)

explain: for deletes :: explain DELETE FROM sbtest%u WHERE id=%u
for point_selects
table 1 : explain SELECT c FROM sbtest1 WHERE id=6402993
	Index Scan using sbtest1_pkey on sbtest1  (cost=0.43..8.45 rows=1 width=121)
	  Index Cond: (id = 6402993)

table 2 : explain SELECT c FROM sbtest2 WHERE id=9806597
	Index Scan using sbtest2_pkey on sbtest2  (cost=0.43..8.45 rows=1 width=121)
	  Index Cond: (id = 9806597)

table 3 : explain SELECT c FROM sbtest3 WHERE id=1183883
	Index Scan using sbtest3_pkey on sbtest3  (cost=0.43..8.45 rows=1 width=121)
	  Index Cond: (id = 1183883)

table 4 : explain SELECT c FROM sbtest4 WHERE id=8312163
	Index Scan using sbtest4_pkey on sbtest4  (cost=0.43..8.45 rows=1 width=121)
	  Index Cond: (id = 8312163)

table 5 : explain SELECT c FROM sbtest5 WHERE id=4702232
	Index Scan using sbtest5_pkey on sbtest5  (cost=0.43..8.45 rows=1 width=121)
	  Index Cond: (id = 4702232)

table 6 : explain SELECT c FROM sbtest6 WHERE id=3002851
	Index Scan using sbtest6_pkey on sbtest6  (cost=0.43..8.45 rows=1 width=121)
	  Index Cond: (id = 3002851)

table 7 : explain SELECT c FROM sbtest7 WHERE id=879970
	Index Scan using sbtest7_pkey on sbtest7  (cost=0.43..8.45 rows=1 width=121)
	  Index Cond: (id = 879970)

table 8 : explain SELECT c FROM sbtest8 WHERE id=9983203
	Index Scan using sbtest8_pkey on sbtest8  (cost=0.43..8.45 rows=1 width=121)
	  Index Cond: (id = 9983203)

for: order_ranges
table 1 : explain SELECT c FROM sbtest1 WHERE id BETWEEN 9273375 AND 9273474 ORDER BY c
	Sort  (cost=402.47..402.73 rows=104 width=121)
	  Sort Key: c
	  ->  Index Scan using sbtest1_pkey on sbtest1  (cost=0.43..398.99 rows=104 width=121)
	        Index Cond: ((id >= 9273375) AND (id <= 9273474))

table 2 : explain SELECT c FROM sbtest2 WHERE id BETWEEN 2691122 AND 2691221 ORDER BY c
	Sort  (cost=419.08..419.35 rows=108 width=121)
	  Sort Key: c
	  ->  Index Scan using sbtest2_pkey on sbtest2  (cost=0.43..415.43 rows=108 width=121)
	        Index Cond: ((id >= 2691122) AND (id <= 2691221))

table 3 : explain SELECT c FROM sbtest3 WHERE id BETWEEN 4733715 AND 4733814 ORDER BY c
	Sort  (cost=382.52..382.76 rows=98 width=121)
	  Sort Key: c
	  ->  Index Scan using sbtest3_pkey on sbtest3  (cost=0.43..379.28 rows=98 width=121)
	        Index Cond: ((id >= 4733715) AND (id <= 4733814))

table 4 : explain SELECT c FROM sbtest4 WHERE id BETWEEN 3387832 AND 3387931 ORDER BY c
	Sort  (cost=406.11..406.37 rows=105 width=121)
	  Sort Key: c
	  ->  Index Scan using sbtest4_pkey on sbtest4  (cost=0.43..402.59 rows=105 width=121)
	        Index Cond: ((id >= 3387832) AND (id <= 3387931))

table 5 : explain SELECT c FROM sbtest5 WHERE id BETWEEN 9959471 AND 9959570 ORDER BY c
	Sort  (cost=395.63..395.89 rows=102 width=121)
	  Sort Key: c
	  ->  Index Scan using sbtest5_pkey on sbtest5  (cost=0.43..392.23 rows=102 width=121)
	        Index Cond: ((id >= 9959471) AND (id <= 9959570))

table 6 : explain SELECT c FROM sbtest6 WHERE id BETWEEN 7342973 AND 7343072 ORDER BY c
	Sort  (cost=399.28..399.53 rows=103 width=121)
	  Sort Key: c
	  ->  Index Scan using sbtest6_pkey on sbtest6  (cost=0.43..395.83 rows=103 width=121)
	        Index Cond: ((id >= 7342973) AND (id <= 7343072))

table 7 : explain SELECT c FROM sbtest7 WHERE id BETWEEN 8839054 AND 8839153 ORDER BY c
	Sort  (cost=409.17..409.44 rows=106 width=121)
	  Sort Key: c
	  ->  Index Scan using sbtest7_pkey on sbtest7  (cost=0.43..405.60 rows=106 width=121)
	        Index Cond: ((id >= 8839054) AND (id <= 8839153))

table 8 : explain SELECT c FROM sbtest8 WHERE id BETWEEN 2130586 AND 2130685 ORDER BY c
	Sort  (cost=415.69..415.96 rows=108 width=121)
	  Sort Key: c
	  ->  Index Scan using sbtest8_pkey on sbtest8  (cost=0.43..412.05 rows=108 width=121)
	        Index Cond: ((id >= 2130586) AND (id <= 2130685))

for point_selects
table 1 : explain SELECT c FROM sbtest1 WHERE id=9639835
	Index Scan using sbtest1_pkey on sbtest1  (cost=0.43..8.45 rows=1 width=121)
	  Index Cond: (id = 9639835)

table 2 : explain SELECT c FROM sbtest2 WHERE id=3614599
	Index Scan using sbtest2_pkey on sbtest2  (cost=0.43..8.45 rows=1 width=121)
	  Index Cond: (id = 3614599)

table 3 : explain SELECT c FROM sbtest3 WHERE id=6724082
	Index Scan using sbtest3_pkey on sbtest3  (cost=0.43..8.45 rows=1 width=121)
	  Index Cond: (id = 6724082)

table 4 : explain SELECT c FROM sbtest4 WHERE id=4728376
	Index Scan using sbtest4_pkey on sbtest4  (cost=0.43..8.45 rows=1 width=121)
	  Index Cond: (id = 4728376)

table 5 : explain SELECT c FROM sbtest5 WHERE id=2329166
	Index Scan using sbtest5_pkey on sbtest5  (cost=0.43..8.45 rows=1 width=121)
	  Index Cond: (id = 2329166)

table 6 : explain SELECT c FROM sbtest6 WHERE id=9320536
	Index Scan using sbtest6_pkey on sbtest6  (cost=0.43..8.45 rows=1 width=121)
	  Index Cond: (id = 9320536)

table 7 : explain SELECT c FROM sbtest7 WHERE id=5063664
	Index Scan using sbtest7_pkey on sbtest7  (cost=0.43..8.45 rows=1 width=121)
	  Index Cond: (id = 5063664)

table 8 : explain SELECT c FROM sbtest8 WHERE id=8020945
	Index Scan using sbtest8_pkey on sbtest8  (cost=0.43..8.45 rows=1 width=121)
	  Index Cond: (id = 8020945)

for point_selects
table 1 : explain SELECT c FROM sbtest1 WHERE id=6901694
	Index Scan using sbtest1_pkey on sbtest1  (cost=0.43..8.45 rows=1 width=121)
	  Index Cond: (id = 6901694)

table 2 : explain SELECT c FROM sbtest2 WHERE id=775007
	Index Scan using sbtest2_pkey on sbtest2  (cost=0.43..8.45 rows=1 width=121)
	  Index Cond: (id = 775007)

table 3 : explain SELECT c FROM sbtest3 WHERE id=2503845
	Index Scan using sbtest3_pkey on sbtest3  (cost=0.43..8.45 rows=1 width=121)
	  Index Cond: (id = 2503845)

table 4 : explain SELECT c FROM sbtest4 WHERE id=5795108
	Index Scan using sbtest4_pkey on sbtest4  (cost=0.43..8.45 rows=1 width=121)
	  Index Cond: (id = 5795108)

table 5 : explain SELECT c FROM sbtest5 WHERE id=2428512
	Index Scan using sbtest5_pkey on sbtest5  (cost=0.43..8.45 rows=1 width=121)
	  Index Cond: (id = 2428512)

table 6 : explain SELECT c FROM sbtest6 WHERE id=9782564
	Index Scan using sbtest6_pkey on sbtest6  (cost=0.43..8.45 rows=1 width=121)
	  Index Cond: (id = 9782564)

table 7 : explain SELECT c FROM sbtest7 WHERE id=5703449
	Index Scan using sbtest7_pkey on sbtest7  (cost=0.43..8.45 rows=1 width=121)
	  Index Cond: (id = 5703449)

table 8 : explain SELECT c FROM sbtest8 WHERE id=1007173
	Index Scan using sbtest8_pkey on sbtest8  (cost=0.43..8.45 rows=1 width=121)
	  Index Cond: (id = 1007173)

for: order_ranges
table 1 : explain SELECT c FROM sbtest1 WHERE id BETWEEN 3207245 AND 3207344 ORDER BY c
	Sort  (cost=375.66..375.90 rows=97 width=121)
	  Sort Key: c
	  ->  Index Scan using sbtest1_pkey on sbtest1  (cost=0.43..372.46 rows=97 width=121)
	        Index Cond: ((id >= 3207245) AND (id <= 3207344))

table 2 : explain SELECT c FROM sbtest2 WHERE id BETWEEN 1646357 AND 1646456 ORDER BY c
	Sort  (cost=434.45..434.73 rows=112 width=121)
	  Sort Key: c
	  ->  Index Scan using sbtest2_pkey on sbtest2  (cost=0.43..430.64 rows=112 width=121)
	        Index Cond: ((id >= 1646357) AND (id <= 1646456))

table 3 : explain SELECT c FROM sbtest3 WHERE id BETWEEN 7951664 AND 7951763 ORDER BY c
	Sort  (cost=374.80..375.04 rows=96 width=121)
	  Sort Key: c
	  ->  Index Scan using sbtest3_pkey on sbtest3  (cost=0.43..371.63 rows=96 width=121)
	        Index Cond: ((id >= 7951664) AND (id <= 7951763))

table 4 : explain SELECT c FROM sbtest4 WHERE id BETWEEN 5279228 AND 5279327 ORDER BY c
	Sort  (cost=413.77..414.04 rows=107 width=121)
	  Sort Key: c
	  ->  Index Scan using sbtest4_pkey on sbtest4  (cost=0.43..410.16 rows=107 width=121)
	        Index Cond: ((id >= 5279228) AND (id <= 5279327))

table 5 : explain SELECT c FROM sbtest5 WHERE id BETWEEN 1652027 AND 1652126 ORDER BY c
	Sort  (cost=387.96..388.21 rows=100 width=121)
	  Sort Key: c
	  ->  Index Scan using sbtest5_pkey on sbtest5  (cost=0.43..384.63 rows=100 width=121)
	        Index Cond: ((id >= 1652027) AND (id <= 1652126))

table 6 : explain SELECT c FROM sbtest6 WHERE id BETWEEN 597062 AND 597161 ORDER BY c
	Sort  (cost=372.42..372.66 rows=96 width=121)
	  Sort Key: c
	  ->  Index Scan using sbtest6_pkey on sbtest6  (cost=0.43..369.26 rows=96 width=121)
	        Index Cond: ((id >= 597062) AND (id <= 597161))

table 7 : explain SELECT c FROM sbtest7 WHERE id BETWEEN 9203400 AND 9203499 ORDER BY c
	Sort  (cost=397.71..397.96 rows=103 width=121)
	  Sort Key: c
	  ->  Index Scan using sbtest7_pkey on sbtest7  (cost=0.43..394.26 rows=103 width=121)
	        Index Cond: ((id >= 9203400) AND (id <= 9203499))

table 8 : explain SELECT c FROM sbtest8 WHERE id BETWEEN 7164218 AND 7164317 ORDER BY c
	Sort  (cost=396.64..396.90 rows=103 width=121)
	  Sort Key: c
	  ->  Index Scan using sbtest8_pkey on sbtest8  (cost=0.43..393.20 rows=103 width=121)
	        Index Cond: ((id >= 7164218) AND (id <= 7164317))

for: sum_ranges
table 1 : explain SELECT SUM(k) FROM sbtest1 WHERE id BETWEEN 2171183 AND 2171282
	Aggregate  (cost=403.04..403.05 rows=1 width=8)
	  ->  Index Scan using sbtest1_pkey on sbtest1  (cost=0.43..402.78 rows=105 width=4)
	        Index Cond: ((id >= 2171183) AND (id <= 2171282))

table 2 : explain SELECT SUM(k) FROM sbtest2 WHERE id BETWEEN 1275030 AND 1275129
	Aggregate  (cost=370.05..370.06 rows=1 width=8)
	  ->  Index Scan using sbtest2_pkey on sbtest2  (cost=0.43..369.81 rows=96 width=4)
	        Index Cond: ((id >= 1275030) AND (id <= 1275129))

table 3 : explain SELECT SUM(k) FROM sbtest3 WHERE id BETWEEN 1247438 AND 1247537
	Aggregate  (cost=410.11..410.12 rows=1 width=8)
	  ->  Index Scan using sbtest3_pkey on sbtest3  (cost=0.43..409.85 rows=106 width=4)
	        Index Cond: ((id >= 1247438) AND (id <= 1247537))

table 4 : explain SELECT SUM(k) FROM sbtest4 WHERE id BETWEEN 876635 AND 876734
	Aggregate  (cost=383.90..383.91 rows=1 width=8)
	  ->  Index Scan using sbtest4_pkey on sbtest4  (cost=0.43..383.65 rows=100 width=4)
	        Index Cond: ((id >= 876635) AND (id <= 876734))

table 5 : explain SELECT SUM(k) FROM sbtest5 WHERE id BETWEEN 8856970 AND 8857069
	Aggregate  (cost=362.02..362.03 rows=1 width=8)
	  ->  Index Scan using sbtest5_pkey on sbtest5  (cost=0.43..361.79 rows=94 width=4)
	        Index Cond: ((id >= 8856970) AND (id <= 8857069))

table 6 : explain SELECT SUM(k) FROM sbtest6 WHERE id BETWEEN 5945928 AND 5946027
	Aggregate  (cost=384.69..384.70 rows=1 width=8)
	  ->  Index Scan using sbtest6_pkey on sbtest6  (cost=0.43..384.44 rows=100 width=4)
	        Index Cond: ((id >= 5945928) AND (id <= 5946027))

table 7 : explain SELECT SUM(k) FROM sbtest7 WHERE id BETWEEN 8056719 AND 8056818
	Aggregate  (cost=386.95..386.96 rows=1 width=8)
	  ->  Index Scan using sbtest7_pkey on sbtest7  (cost=0.43..386.70 rows=101 width=4)
	        Index Cond: ((id >= 8056719) AND (id <= 8056818))

table 8 : explain SELECT SUM(k) FROM sbtest8 WHERE id BETWEEN 8713887 AND 8713986
	Aggregate  (cost=389.68..389.69 rows=1 width=8)
	  ->  Index Scan using sbtest8_pkey on sbtest8  (cost=0.43..389.43 rows=102 width=4)
	        Index Cond: ((id >= 8713887) AND (id <= 8713986))

for inserts
table 1 : explain INSERT INTO sbtest1 (id, k, c, pad) VALUES (4486772, 13, 'foobar', 'foobar')
	Insert on sbtest1  (cost=0.00..0.01 rows=1 width=736)
	  ->  Result  (cost=0.00..0.01 rows=1 width=736)

table 2 : explain INSERT INTO sbtest2 (id, k, c, pad) VALUES (8700264, 13, 'foobar', 'foobar')
	Insert on sbtest2  (cost=0.00..0.01 rows=1 width=736)
	  ->  Result  (cost=0.00..0.01 rows=1 width=736)

table 3 : explain INSERT INTO sbtest3 (id, k, c, pad) VALUES (4660573, 13, 'foobar', 'foobar')
	Insert on sbtest3  (cost=0.00..0.01 rows=1 width=736)
	  ->  Result  (cost=0.00..0.01 rows=1 width=736)

table 4 : explain INSERT INTO sbtest4 (id, k, c, pad) VALUES (9429557, 13, 'foobar', 'foobar')
	Insert on sbtest4  (cost=0.00..0.01 rows=1 width=736)
	  ->  Result  (cost=0.00..0.01 rows=1 width=736)

table 5 : explain INSERT INTO sbtest5 (id, k, c, pad) VALUES (7405221, 13, 'foobar', 'foobar')
	Insert on sbtest5  (cost=0.00..0.01 rows=1 width=736)
	  ->  Result  (cost=0.00..0.01 rows=1 width=736)

table 6 : explain INSERT INTO sbtest6 (id, k, c, pad) VALUES (4420371, 13, 'foobar', 'foobar')
	Insert on sbtest6  (cost=0.00..0.01 rows=1 width=736)
	  ->  Result  (cost=0.00..0.01 rows=1 width=736)

table 7 : explain INSERT INTO sbtest7 (id, k, c, pad) VALUES (9808920, 13, 'foobar', 'foobar')
	Insert on sbtest7  (cost=0.00..0.01 rows=1 width=736)
	  ->  Result  (cost=0.00..0.01 rows=1 width=736)

table 8 : explain INSERT INTO sbtest8 (id, k, c, pad) VALUES (2601560, 13, 'foobar', 'foobar')
	Insert on sbtest8  (cost=0.00..0.01 rows=1 width=736)
	  ->  Result  (cost=0.00..0.01 rows=1 width=736)

for point_selects
table 1 : explain SELECT c FROM sbtest1 WHERE id=1335692
	Index Scan using sbtest1_pkey on sbtest1  (cost=0.43..8.45 rows=1 width=121)
	  Index Cond: (id = 1335692)

table 2 : explain SELECT c FROM sbtest2 WHERE id=7773777
	Index Scan using sbtest2_pkey on sbtest2  (cost=0.43..8.45 rows=1 width=121)
	  Index Cond: (id = 7773777)

table 3 : explain SELECT c FROM sbtest3 WHERE id=7258882
	Index Scan using sbtest3_pkey on sbtest3  (cost=0.43..8.45 rows=1 width=121)
	  Index Cond: (id = 7258882)

table 4 : explain SELECT c FROM sbtest4 WHERE id=5433886
	Index Scan using sbtest4_pkey on sbtest4  (cost=0.43..8.45 rows=1 width=121)
	  Index Cond: (id = 5433886)

table 5 : explain SELECT c FROM sbtest5 WHERE id=4251584
	Index Scan using sbtest5_pkey on sbtest5  (cost=0.43..8.45 rows=1 width=121)
	  Index Cond: (id = 4251584)

table 6 : explain SELECT c FROM sbtest6 WHERE id=7467088
	Index Scan using sbtest6_pkey on sbtest6  (cost=0.43..8.45 rows=1 width=121)
	  Index Cond: (id = 7467088)

table 7 : explain SELECT c FROM sbtest7 WHERE id=7758879
	Index Scan using sbtest7_pkey on sbtest7  (cost=0.43..8.45 rows=1 width=121)
	  Index Cond: (id = 7758879)

table 8 : explain SELECT c FROM sbtest8 WHERE id=6572023
	Index Scan using sbtest8_pkey on sbtest8  (cost=0.43..8.45 rows=1 width=121)
	  Index Cond: (id = 6572023)
for: order_ranges
table 1 : explain SELECT c FROM sbtest1 WHERE id BETWEEN 1749157 AND 1749256 ORDER BY c
	Sort  (cost=379.49..379.74 rows=98 width=121)
	  Sort Key: c
	  ->  Index Scan using sbtest1_pkey on sbtest1  (cost=0.43..376.25 rows=98 width=121)
	        Index Cond: ((id >= 1749157) AND (id <= 1749256))

table 2 : explain SELECT c FROM sbtest2 WHERE id BETWEEN 8904817 AND 8904916 ORDER BY c
	Sort  (cost=392.18..392.43 rows=101 width=121)
	  Sort Key: c
	  ->  Index Scan using sbtest2_pkey on sbtest2  (cost=0.43..388.82 rows=101 width=121)
	        Index Cond: ((id >= 8904817) AND (id <= 8904916))

table 3 : explain SELECT c FROM sbtest3 WHERE id BETWEEN 4649021 AND 4649120 ORDER BY c
	Sort  (cost=413.41..413.68 rows=106 width=121)
	  Sort Key: c
	  ->  Index Scan using sbtest3_pkey on sbtest3  (cost=0.43..409.85 rows=106 width=121)
	        Index Cond: ((id >= 4649021) AND (id <= 4649120))

table 4 : explain SELECT c FROM sbtest4 WHERE id BETWEEN 2556455 AND 2556554 ORDER BY c
	Sort  (cost=383.14..383.39 rows=99 width=121)
	  Sort Key: c
	  ->  Index Scan using sbtest4_pkey on sbtest4  (cost=0.43..379.86 rows=99 width=121)
	        Index Cond: ((id >= 2556455) AND (id <= 2556554))

table 5 : explain SELECT c FROM sbtest5 WHERE id BETWEEN 3775377 AND 3775476 ORDER BY c
	Sort  (cost=345.68..345.90 rows=89 width=121)
	  Sort Key: c
	  ->  Index Scan using sbtest5_pkey on sbtest5  (cost=0.43..342.80 rows=89 width=121)
	        Index Cond: ((id >= 3775377) AND (id <= 3775476))

table 6 : explain SELECT c FROM sbtest6 WHERE id BETWEEN 9633950 AND 9634049 ORDER BY c
	Sort  (cost=399.28..399.53 rows=103 width=121)
	  Sort Key: c
	  ->  Index Scan using sbtest6_pkey on sbtest6  (cost=0.43..395.83 rows=103 width=121)
	        Index Cond: ((id >= 9633950) AND (id <= 9634049))

table 7 : explain SELECT c FROM sbtest7 WHERE id BETWEEN 7530101 AND 7530200 ORDER BY c
	Sort  (cost=378.60..378.85 rows=98 width=121)
	  Sort Key: c
	  ->  Index Scan using sbtest7_pkey on sbtest7  (cost=0.43..375.36 rows=98 width=121)
	        Index Cond: ((id >= 7530101) AND (id <= 7530200))

table 8 : explain SELECT c FROM sbtest8 WHERE id BETWEEN 5225057 AND 5225156 ORDER BY c
	Sort  (cost=369.97..370.21 rows=96 width=121)
	  Sort Key: c
	  ->  Index Scan using sbtest8_pkey on sbtest8  (cost=0.43..366.80 rows=96 width=121)
	        Index Cond: ((id >= 5225057) AND (id <= 5225156))


for deletes
table 1 : explain DELETE FROM sbtest1 WHERE id=3024610
	Delete on sbtest1  (cost=0.43..8.45 rows=1 width=6)
	  ->  Index Scan using sbtest1_pkey on sbtest1  (cost=0.43..8.45 rows=1 width=6)
	        Index Cond: (id = 3024610)

table 2 : explain DELETE FROM sbtest2 WHERE id=4195221
	Delete on sbtest2  (cost=0.43..8.45 rows=1 width=6)
	  ->  Index Scan using sbtest2_pkey on sbtest2  (cost=0.43..8.45 rows=1 width=6)
	        Index Cond: (id = 4195221)

table 3 : explain DELETE FROM sbtest3 WHERE id=1373031
	Delete on sbtest3  (cost=0.43..8.45 rows=1 width=6)
	  ->  Index Scan using sbtest3_pkey on sbtest3  (cost=0.43..8.45 rows=1 width=6)
	        Index Cond: (id = 1373031)

table 4 : explain DELETE FROM sbtest4 WHERE id=9621465
	Delete on sbtest4  (cost=0.43..8.45 rows=1 width=6)
	  ->  Index Scan using sbtest4_pkey on sbtest4  (cost=0.43..8.45 rows=1 width=6)
	        Index Cond: (id = 9621465)

table 5 : explain DELETE FROM sbtest5 WHERE id=8659022
	Delete on sbtest5  (cost=0.43..8.45 rows=1 width=6)
	  ->  Index Scan using sbtest5_pkey on sbtest5  (cost=0.43..8.45 rows=1 width=6)
	        Index Cond: (id = 8659022)

table 6 : explain DELETE FROM sbtest6 WHERE id=1137453
	Delete on sbtest6  (cost=0.43..8.45 rows=1 width=6)
	  ->  Index Scan using sbtest6_pkey on sbtest6  (cost=0.43..8.45 rows=1 width=6)
	        Index Cond: (id = 1137453)

table 7 : explain DELETE FROM sbtest7 WHERE id=8918028
	Delete on sbtest7  (cost=0.43..8.45 rows=1 width=6)
	  ->  Index Scan using sbtest7_pkey on sbtest7  (cost=0.43..8.45 rows=1 width=6)
	        Index Cond: (id = 8918028)

table 8 : explain DELETE FROM sbtest8 WHERE id=2463508
	Delete on sbtest8  (cost=0.43..8.45 rows=1 width=6)
	  ->  Index Scan using sbtest8_pkey on sbtest8  (cost=0.43..8.45 rows=1 width=6)
	        Index Cond: (id = 2463508)

explain: for point_selects :: explain SELECT c FROM sbtest%u WHERE id=%u
for: order_ranges
table 1 : explain SELECT c FROM sbtest1 WHERE id BETWEEN 6678203 AND 6678302 ORDER BY c
	Sort  (cost=368.00..368.24 rows=95 width=121)
	  Sort Key: c
	  ->  Index Scan using sbtest1_pkey on sbtest1  (cost=0.43..364.88 rows=95 width=121)
	        Index Cond: ((id >= 6678203) AND (id <= 6678302))

table 2 : explain SELECT c FROM sbtest2 WHERE id BETWEEN 2819621 AND 2819720 ORDER BY c
	Sort  (cost=396.02..396.28 rows=102 width=121)
	  Sort Key: c
	  ->  Index Scan using sbtest2_pkey on sbtest2  (cost=0.43..392.62 rows=102 width=121)
	        Index Cond: ((id >= 2819621) AND (id <= 2819720))

table 3 : explain SELECT c FROM sbtest3 WHERE id BETWEEN 3432248 AND 3432347 ORDER BY c
	Sort  (cost=363.21..363.44 rows=93 width=121)
	  Sort Key: c
	  ->  Index Scan using sbtest3_pkey on sbtest3  (cost=0.43..360.17 rows=93 width=121)
	        Index Cond: ((id >= 3432248) AND (id <= 3432347))

table 4 : explain SELECT c FROM sbtest4 WHERE id BETWEEN 3393378 AND 3393477 ORDER BY c
	Sort  (cost=406.11..406.37 rows=105 width=121)
	  Sort Key: c
	  ->  Index Scan using sbtest4_pkey on sbtest4  (cost=0.43..402.59 rows=105 width=121)
	        Index Cond: ((id >= 3393378) AND (id <= 3393477))

table 5 : explain SELECT c FROM sbtest5 WHERE id BETWEEN 2004642 AND 2004741 ORDER BY c
	Sort  (cost=399.47..399.73 rows=103 width=121)
	  Sort Key: c
	  ->  Index Scan using sbtest5_pkey on sbtest5  (cost=0.43..396.03 rows=103 width=121)
	        Index Cond: ((id >= 2004642) AND (id <= 2004741))

table 6 : explain SELECT c FROM sbtest6 WHERE id BETWEEN 7801111 AND 7801210 ORDER BY c
	Sort  (cost=403.11..403.37 rows=104 width=121)
	  Sort Key: c
	  ->  Index Scan using sbtest6_pkey on sbtest6  (cost=0.43..399.63 rows=104 width=121)
	        Index Cond: ((id >= 7801111) AND (id <= 7801210))

table 7 : explain SELECT c FROM sbtest7 WHERE id BETWEEN 6542227 AND 6542326 ORDER BY c
	Sort  (cost=363.32..363.55 rows=94 width=121)
	  Sort Key: c
	  ->  Index Scan using sbtest7_pkey on sbtest7  (cost=0.43..360.24 rows=94 width=121)
	        Index Cond: ((id >= 6542227) AND (id <= 6542326))

table 8 : explain SELECT c FROM sbtest8 WHERE id BETWEEN 5706044 AND 5706143 ORDER BY c
	Sort  (cost=377.59..377.83 rows=98 width=121)
	  Sort Key: c
	  ->  Index Scan using sbtest8_pkey on sbtest8  (cost=0.43..374.34 rows=98 width=121)
	        Index Cond: ((id >= 5706044) AND (id <= 5706143))

for: order_ranges
table 1 : explain SELECT c FROM sbtest1 WHERE id BETWEEN 7258495 AND 7258594 ORDER BY c
	Sort  (cost=352.62..352.85 rows=91 width=121)
	  Sort Key: c
	  ->  Index Scan using sbtest1_pkey on sbtest1  (cost=0.43..349.66 rows=91 width=121)
	        Index Cond: ((id >= 7258495) AND (id <= 7258594))

table 2 : explain SELECT c FROM sbtest2 WHERE id BETWEEN 270335 AND 270434 ORDER BY c
	Sort  (cost=372.97..373.21 rows=96 width=121)
	  Sort Key: c
	  ->  Index Scan using sbtest2_pkey on sbtest2  (cost=0.43..369.81 rows=96 width=121)
	        Index Cond: ((id >= 270335) AND (id <= 270434))

table 3 : explain SELECT c FROM sbtest3 WHERE id BETWEEN 7759719 AND 7759818 ORDER BY c
	Sort  (cost=390.24..390.49 rows=100 width=121)
	  Sort Key: c
	  ->  Index Scan using sbtest3_pkey on sbtest3  (cost=0.43..386.92 rows=100 width=121)
	        Index Cond: ((id >= 7759719) AND (id <= 7759818))

table 4 : explain SELECT c FROM sbtest4 WHERE id BETWEEN 4106035 AND 4106134 ORDER BY c
	Sort  (cost=379.31..379.56 rows=98 width=121)
	  Sort Key: c
	  ->  Index Scan using sbtest4_pkey on sbtest4  (cost=0.43..376.07 rows=98 width=121)
	        Index Cond: ((id >= 4106035) AND (id <= 4106134))

table 5 : explain SELECT c FROM sbtest5 WHERE id BETWEEN 9180641 AND 9180740 ORDER BY c
	Sort  (cost=341.84..342.06 rows=88 width=121)
	  Sort Key: c
	  ->  Index Scan using sbtest5_pkey on sbtest5  (cost=0.43..339.00 rows=88 width=121)
	        Index Cond: ((id >= 9180641) AND (id <= 9180740))

table 6 : explain SELECT c FROM sbtest6 WHERE id BETWEEN 3908046 AND 3908145 ORDER BY c
	Sort  (cost=403.11..403.37 rows=104 width=121)
	  Sort Key: c
	  ->  Index Scan using sbtest6_pkey on sbtest6  (cost=0.43..399.63 rows=104 width=121)
	        Index Cond: ((id >= 3908046) AND (id <= 3908145))

table 7 : explain SELECT c FROM sbtest7 WHERE id BETWEEN 1957466 AND 1957565 ORDER BY c
	Sort  (cost=412.99..413.26 rows=107 width=121)
	  Sort Key: c
	  ->  Index Scan using sbtest7_pkey on sbtest7  (cost=0.43..409.39 rows=107 width=121)
	        Index Cond: ((id >= 1957466) AND (id <= 1957565))

table 8 : explain SELECT c FROM sbtest8 WHERE id BETWEEN 6612993 AND 6613092 ORDER BY c
	Sort  (cost=381.40..381.64 rows=99 width=121)
	  Sort Key: c
	  ->  Index Scan using sbtest8_pkey on sbtest8  (cost=0.43..378.11 rows=99 width=121)
	        Index Cond: ((id >= 6612993) AND (id <= 6613092))

explain: for inserts :: explain INSERT INTO sbtest%u (id, k, c, pad) VALUES (%u, 13, 'foobar', 'foobar')
explain: for inserts :: explain INSERT INTO sbtest%u (id, k, c, pad) VALUES (%u, 13, 'foobar', 'foobar')
for: simple_ranges
table 1 : explain SELECT c FROM sbtest1 WHERE id BETWEEN 775553 AND 775652
	Index Scan using sbtest1_pkey on sbtest1  (cost=0.43..421.73 rows=110 width=121)
	  Index Cond: ((id >= 775553) AND (id <= 775652))

table 2 : explain SELECT c FROM sbtest2 WHERE id BETWEEN 638593 AND 638692
	Index Scan using sbtest2_pkey on sbtest2  (cost=0.43..415.43 rows=108 width=121)
	  Index Cond: ((id >= 638593) AND (id <= 638692))

table 3 : explain SELECT c FROM sbtest3 WHERE id BETWEEN 5086603 AND 5086702
	Index Scan using sbtest3_pkey on sbtest3  (cost=0.43..383.10 rows=99 width=121)
	  Index Cond: ((id >= 5086603) AND (id <= 5086702))

table 4 : explain SELECT c FROM sbtest4 WHERE id BETWEEN 4773586 AND 4773685
	Index Scan using sbtest4_pkey on sbtest4  (cost=0.43..398.80 rows=104 width=121)
	  Index Cond: ((id >= 4773586) AND (id <= 4773685))

table 5 : explain SELECT c FROM sbtest5 WHERE id BETWEEN 3231973 AND 3232072
	Index Scan using sbtest5_pkey on sbtest5  (cost=0.43..369.39 rows=96 width=121)
	  Index Cond: ((id >= 3231973) AND (id <= 3232072))

table 6 : explain SELECT c FROM sbtest6 WHERE id BETWEEN 5796482 AND 5796581
	Index Scan using sbtest6_pkey on sbtest6  (cost=0.43..342.63 rows=89 width=121)
	  Index Cond: ((id >= 5796482) AND (id <= 5796581))

table 7 : explain SELECT c FROM sbtest7 WHERE id BETWEEN 6081126 AND 6081225
	Index Scan using sbtest7_pkey on sbtest7  (cost=0.43..367.80 rows=96 width=121)
	  Index Cond: ((id >= 6081126) AND (id <= 6081225))

table 8 : explain SELECT c FROM sbtest8 WHERE id BETWEEN 1056559 AND 1056658
	Index Scan using sbtest8_pkey on sbtest8  (cost=0.43..389.43 rows=102 width=121)
	  Index Cond: ((id >= 1056559) AND (id <= 1056658))

explain: for inserts :: explain INSERT INTO sbtest%u (id, k, c, pad) VALUES (%u, 13, 'foobar', 'foobar')
for: order_ranges
table 1 : explain SELECT c FROM sbtest1 WHERE id BETWEEN 4574047 AND 4574146 ORDER BY c
	Sort  (cost=371.83..372.07 rows=96 width=121)
	  Sort Key: c
	  ->  Index Scan using sbtest1_pkey on sbtest1  (cost=0.43..368.67 rows=96 width=121)
	        Index Cond: ((id >= 4574047) AND (id <= 4574146))

table 2 : explain SELECT c FROM sbtest2 WHERE id BETWEEN 2281783 AND 2281882 ORDER BY c
	Sort  (cost=388.34..388.59 rows=100 width=121)
	  Sort Key: c
	  ->  Index Scan using sbtest2_pkey on sbtest2  (cost=0.43..385.02 rows=100 width=121)
	        Index Cond: ((id >= 2281783) AND (id <= 2281882))

table 3 : explain SELECT c FROM sbtest3 WHERE id BETWEEN 8671127 AND 8671226 ORDER BY c
	Sort  (cost=363.21..363.44 rows=93 width=121)
	  Sort Key: c
	  ->  Index Scan using sbtest3_pkey on sbtest3  (cost=0.43..360.17 rows=93 width=121)
	        Index Cond: ((id >= 8671127) AND (id <= 8671226))

table 4 : explain SELECT c FROM sbtest4 WHERE id BETWEEN 9112124 AND 9112223 ORDER BY c
	Sort  (cost=379.31..379.56 rows=98 width=121)
	  Sort Key: c
	  ->  Index Scan using sbtest4_pkey on sbtest4  (cost=0.43..376.07 rows=98 width=121)
	        Index Cond: ((id >= 9112124) AND (id <= 9112223))

table 5 : explain SELECT c FROM sbtest5 WHERE id BETWEEN 302058 AND 302157 ORDER BY c
	Sort  (cost=353.36..353.58 rows=91 width=121)
	  Sort Key: c
	  ->  Index Scan using sbtest5_pkey on sbtest5  (cost=0.43..350.39 rows=91 width=121)
	        Index Cond: ((id >= 302058) AND (id <= 302157))

table 6 : explain SELECT c FROM sbtest6 WHERE id BETWEEN 4134657 AND 4134756 ORDER BY c
	Sort  (cost=403.11..403.37 rows=104 width=121)
	  Sort Key: c
	  ->  Index Scan using sbtest6_pkey on sbtest6  (cost=0.43..399.63 rows=104 width=121)
	        Index Cond: ((id >= 4134657) AND (id <= 4134756))

table 7 : explain SELECT c FROM sbtest7 WHERE id BETWEEN 2796640 AND 2796739 ORDER BY c
	Sort  (cost=378.60..378.85 rows=98 width=121)
	  Sort Key: c
	  ->  Index Scan using sbtest7_pkey on sbtest7  (cost=0.43..375.36 rows=98 width=121)
	        Index Cond: ((id >= 2796640) AND (id <= 2796739))

table 8 : explain SELECT c FROM sbtest8 WHERE id BETWEEN 3406478 AND 3406577 ORDER BY c
	Sort  (cost=366.15..366.39 rows=95 width=121)
	  Sort Key: c
	  ->  Index Scan using sbtest8_pkey on sbtest8  (cost=0.43..363.03 rows=95 width=121)
	        Index Cond: ((id >= 3406478) AND (id <= 3406577))

explain: for point_selects :: explain SELECT c FROM sbtest%u WHERE id=%u
for: order_ranges
table 1 : explain SELECT c FROM sbtest1 WHERE id BETWEEN 6361717 AND 6361816 ORDER BY c
	Sort  (cost=352.62..352.85 rows=91 width=121)
	  Sort Key: c
	  ->  Index Scan using sbtest1_pkey on sbtest1  (cost=0.43..349.66 rows=91 width=121)
	        Index Cond: ((id >= 6361717) AND (id <= 6361816))

table 2 : explain SELECT c FROM sbtest2 WHERE id BETWEEN 3371510 AND 3371609 ORDER BY c
	Sort  (cost=407.55..407.81 rows=105 width=121)
	  Sort Key: c
	  ->  Index Scan using sbtest2_pkey on sbtest2  (cost=0.43..404.03 rows=105 width=121)
	        Index Cond: ((id >= 3371510) AND (id <= 3371609))

table 3 : explain SELECT c FROM sbtest3 WHERE id BETWEEN 8388044 AND 8388143 ORDER BY c
	Sort  (cost=374.80..375.04 rows=96 width=121)
	  Sort Key: c
	  ->  Index Scan using sbtest3_pkey on sbtest3  (cost=0.43..371.63 rows=96 width=121)
	        Index Cond: ((id >= 8388044) AND (id <= 8388143))

table 4 : explain SELECT c FROM sbtest4 WHERE id BETWEEN 2399397 AND 2399496 ORDER BY c
	Sort  (cost=371.65..371.89 rows=96 width=121)
	  Sort Key: c
	  ->  Index Scan using sbtest4_pkey on sbtest4  (cost=0.43..368.49 rows=96 width=121)
	        Index Cond: ((id >= 2399397) AND (id <= 2399496))

table 5 : explain SELECT c FROM sbtest5 WHERE id BETWEEN 4549706 AND 4549805 ORDER BY c
	Sort  (cost=380.22..380.47 rows=98 width=121)
	  Sort Key: c
	  ->  Index Scan using sbtest5_pkey on sbtest5  (cost=0.43..376.98 rows=98 width=121)
	        Index Cond: ((id >= 4549706) AND (id <= 4549805))

table 6 : explain SELECT c FROM sbtest6 WHERE id BETWEEN 6384430 AND 6384529 ORDER BY c
	Sort  (cost=403.11..403.37 rows=104 width=121)
	  Sort Key: c
	  ->  Index Scan using sbtest6_pkey on sbtest6  (cost=0.43..399.63 rows=104 width=121)
	        Index Cond: ((id >= 6384430) AND (id <= 6384529))

table 7 : explain SELECT c FROM sbtest7 WHERE id BETWEEN 5128923 AND 5129022 ORDER BY c
	Sort  (cost=348.04..348.26 rows=90 width=121)
	  Sort Key: c
	  ->  Index Scan using sbtest7_pkey on sbtest7  (cost=0.43..345.11 rows=90 width=121)
	        Index Cond: ((id >= 5128923) AND (id <= 5129022))

table 8 : explain SELECT c FROM sbtest8 WHERE id BETWEEN 4476369 AND 4476468 ORDER BY c
	Sort  (cost=377.59..377.83 rows=98 width=121)
	  Sort Key: c
	  ->  Index Scan using sbtest8_pkey on sbtest8  (cost=0.43..374.34 rows=98 width=121)
	        Index Cond: ((id >= 4476369) AND (id <= 4476468))

for deletes
table 1 : explain DELETE FROM sbtest1 WHERE id=9243869
	Delete on sbtest1  (cost=0.43..8.45 rows=1 width=6)
	  ->  Index Scan using sbtest1_pkey on sbtest1  (cost=0.43..8.45 rows=1 width=6)
	        Index Cond: (id = 9243869)

table 2 : explain DELETE FROM sbtest2 WHERE id=5618324
	Delete on sbtest2  (cost=0.43..8.45 rows=1 width=6)
	  ->  Index Scan using sbtest2_pkey on sbtest2  (cost=0.43..8.45 rows=1 width=6)
	        Index Cond: (id = 5618324)

table 3 : explain DELETE FROM sbtest3 WHERE id=5316418
	Delete on sbtest3  (cost=0.43..8.45 rows=1 width=6)
	  ->  Index Scan using sbtest3_pkey on sbtest3  (cost=0.43..8.45 rows=1 width=6)
	        Index Cond: (id = 5316418)

table 4 : explain DELETE FROM sbtest4 WHERE id=1168660
	Delete on sbtest4  (cost=0.43..8.45 rows=1 width=6)
	  ->  Index Scan using sbtest4_pkey on sbtest4  (cost=0.43..8.45 rows=1 width=6)
	        Index Cond: (id = 1168660)

table 5 : explain DELETE FROM sbtest5 WHERE id=7878821
	Delete on sbtest5  (cost=0.43..8.45 rows=1 width=6)
	  ->  Index Scan using sbtest5_pkey on sbtest5  (cost=0.43..8.45 rows=1 width=6)
	        Index Cond: (id = 7878821)

table 6 : explain DELETE FROM sbtest6 WHERE id=8243662
	Delete on sbtest6  (cost=0.43..8.45 rows=1 width=6)
	  ->  Index Scan using sbtest6_pkey on sbtest6  (cost=0.43..8.45 rows=1 width=6)
	        Index Cond: (id = 8243662)

table 7 : explain DELETE FROM sbtest7 WHERE id=5154399
	Delete on sbtest7  (cost=0.43..8.45 rows=1 width=6)
	  ->  Index Scan using sbtest7_pkey on sbtest7  (cost=0.43..8.45 rows=1 width=6)
	        Index Cond: (id = 5154399)

table 8 : explain DELETE FROM sbtest8 WHERE id=2888391
	Delete on sbtest8  (cost=0.43..8.45 rows=1 width=6)
	  ->  Index Scan using sbtest8_pkey on sbtest8  (cost=0.43..8.45 rows=1 width=6)
	        Index Cond: (id = 2888391)

for: order_ranges
table 1 : explain SELECT c FROM sbtest1 WHERE id BETWEEN 9311453 AND 9311552 ORDER BY c
	Sort  (cost=402.47..402.73 rows=104 width=121)
	  Sort Key: c
	  ->  Index Scan using sbtest1_pkey on sbtest1  (cost=0.43..398.99 rows=104 width=121)
	        Index Cond: ((id >= 9311453) AND (id <= 9311552))

table 2 : explain SELECT c FROM sbtest2 WHERE id BETWEEN 4855698 AND 4855797 ORDER BY c
	Sort  (cost=399.86..400.12 rows=103 width=121)
	  Sort Key: c
	  ->  Index Scan using sbtest2_pkey on sbtest2  (cost=0.43..396.42 rows=103 width=121)
	        Index Cond: ((id >= 4855698) AND (id <= 4855797))

table 3 : explain SELECT c FROM sbtest3 WHERE id BETWEEN 606095 AND 606194 ORDER BY c
	Sort  (cost=382.52..382.76 rows=98 width=121)
	  Sort Key: c
	  ->  Index Scan using sbtest3_pkey on sbtest3  (cost=0.43..379.28 rows=98 width=121)
	        Index Cond: ((id >= 606095) AND (id <= 606194))

table 4 : explain SELECT c FROM sbtest4 WHERE id BETWEEN 3256163 AND 3256262 ORDER BY c
	Sort  (cost=386.97..387.22 rows=100 width=121)
	  Sort Key: c
	  ->  Index Scan using sbtest4_pkey on sbtest4  (cost=0.43..383.65 rows=100 width=121)
	        Index Cond: ((id >= 3256163) AND (id <= 3256262))

table 5 : explain SELECT c FROM sbtest5 WHERE id BETWEEN 2897303 AND 2897402 ORDER BY c
	Sort  (cost=434.02..434.30 rows=112 width=121)
	  Sort Key: c
	  ->  Index Scan using sbtest5_pkey on sbtest5  (cost=0.43..430.21 rows=112 width=121)
	        Index Cond: ((id >= 2897303) AND (id <= 2897402))

table 6 : explain SELECT c FROM sbtest6 WHERE id BETWEEN 8364256 AND 8364355 ORDER BY c
	Sort  (cost=422.30..422.57 rows=109 width=121)
	  Sort Key: c
	  ->  Index Scan using sbtest6_pkey on sbtest6  (cost=0.43..418.61 rows=109 width=121)
	        Index Cond: ((id >= 8364256) AND (id <= 8364355))

table 7 : explain SELECT c FROM sbtest7 WHERE id BETWEEN 1663850 AND 1663949 ORDER BY c
	Sort  (cost=374.78..375.02 rows=97 width=121)
	  Sort Key: c
	  ->  Index Scan using sbtest7_pkey on sbtest7  (cost=0.43..371.58 rows=97 width=121)
	        Index Cond: ((id >= 1663850) AND (id <= 1663949))

table 8 : explain SELECT c FROM sbtest8 WHERE id BETWEEN 7554352 AND 7554451 ORDER BY c
	Sort  (cost=396.64..396.90 rows=103 width=121)
	  Sort Key: c
	  ->  Index Scan using sbtest8_pkey on sbtest8  (cost=0.43..393.20 rows=103 width=121)
	        Index Cond: ((id >= 7554352) AND (id <= 7554451))

explain: for inserts :: explain INSERT INTO sbtest%u (id, k, c, pad) VALUES (%u, 13, 'foobar', 'foobar')
for: simple_ranges
table 1 : explain SELECT c FROM sbtest1 WHERE id BETWEEN 1029426 AND 1029525
	Index Scan using sbtest1_pkey on sbtest1  (cost=0.43..372.46 rows=97 width=121)
	  Index Cond: ((id >= 1029426) AND (id <= 1029525))

table 2 : explain SELECT c FROM sbtest2 WHERE id BETWEEN 8049530 AND 8049629
	Index Scan using sbtest2_pkey on sbtest2  (cost=0.43..354.54 rows=92 width=121)
	  Index Cond: ((id >= 8049530) AND (id <= 8049629))

table 3 : explain SELECT c FROM sbtest3 WHERE id BETWEEN 1268807 AND 1268906
	Index Scan using sbtest3_pkey on sbtest3  (cost=0.43..409.85 rows=106 width=121)
	  Index Cond: ((id >= 1268807) AND (id <= 1268906))

table 4 : explain SELECT c FROM sbtest4 WHERE id BETWEEN 4746160 AND 4746259
	Index Scan using sbtest4_pkey on sbtest4  (cost=0.43..398.80 rows=104 width=121)
	  Index Cond: ((id >= 4746160) AND (id <= 4746259))

table 5 : explain SELECT c FROM sbtest5 WHERE id BETWEEN 1877644 AND 1877743
	Index Scan using sbtest5_pkey on sbtest5  (cost=0.43..403.62 rows=105 width=121)
	  Index Cond: ((id >= 1877644) AND (id <= 1877743))

table 6 : explain SELECT c FROM sbtest6 WHERE id BETWEEN 3269746 AND 3269845
	Index Scan using sbtest6_pkey on sbtest6  (cost=0.43..418.61 rows=109 width=121)
	  Index Cond: ((id >= 3269746) AND (id <= 3269845))

table 7 : explain SELECT c FROM sbtest7 WHERE id BETWEEN 1450287 AND 1450386
	Index Scan using sbtest7_pkey on sbtest7  (cost=0.43..375.36 rows=98 width=121)
	  Index Cond: ((id >= 1450287) AND (id <= 1450386))

table 8 : explain SELECT c FROM sbtest8 WHERE id BETWEEN 8658571 AND 8658670
	Index Scan using sbtest8_pkey on sbtest8  (cost=0.43..438.44 rows=115 width=121)
	  Index Cond: ((id >= 8658571) AND (id <= 8658670))

for: sum_ranges
table 1 : explain SELECT SUM(k) FROM sbtest1 WHERE id BETWEEN 3522941 AND 3523040
	Aggregate  (cost=387.87..387.88 rows=1 width=8)
	  ->  Index Scan using sbtest1_pkey on sbtest1  (cost=0.43..387.62 rows=101 width=4)
	        Index Cond: ((id >= 3522941) AND (id <= 3523040))

table 2 : explain SELECT SUM(k) FROM sbtest2 WHERE id BETWEEN 3373807 AND 3373906
	Aggregate  (cost=404.29..404.30 rows=1 width=8)
	  ->  Index Scan using sbtest2_pkey on sbtest2  (cost=0.43..404.03 rows=105 width=4)
	        Index Cond: ((id >= 3373807) AND (id <= 3373906))

table 3 : explain SELECT SUM(k) FROM sbtest3 WHERE id BETWEEN 5319600 AND 5319699
	Aggregate  (cost=387.17..387.18 rows=1 width=8)
	  ->  Index Scan using sbtest3_pkey on sbtest3  (cost=0.43..386.92 rows=100 width=4)
	        Index Cond: ((id >= 5319600) AND (id <= 5319699))

table 4 : explain SELECT SUM(k) FROM sbtest4 WHERE id BETWEEN 7647891 AND 7647990
	Aggregate  (cost=433.17..433.18 rows=1 width=8)
	  ->  Index Scan using sbtest4_pkey on sbtest4  (cost=0.43..432.89 rows=113 width=4)
	        Index Cond: ((id >= 7647891) AND (id <= 7647990))

table 5 : explain SELECT SUM(k) FROM sbtest5 WHERE id BETWEEN 546221 AND 546320
	Aggregate  (cost=381.08..381.09 rows=1 width=8)
	  ->  Index Scan using sbtest5_pkey on sbtest5  (cost=0.43..380.84 rows=99 width=4)
	        Index Cond: ((id >= 546221) AND (id <= 546320))

table 6 : explain SELECT SUM(k) FROM sbtest6 WHERE id BETWEEN 4902729 AND 4902828
	Aggregate  (cost=380.90..380.91 rows=1 width=8)
	  ->  Index Scan using sbtest6_pkey on sbtest6  (cost=0.43..380.65 rows=99 width=4)
	        Index Cond: ((id >= 4902729) AND (id <= 4902828))

table 7 : explain SELECT SUM(k) FROM sbtest7 WHERE id BETWEEN 9897888 AND 9897987
	Aggregate  (cost=386.95..386.96 rows=1 width=8)
	  ->  Index Scan using sbtest7_pkey on sbtest7  (cost=0.43..386.70 rows=101 width=4)
	        Index Cond: ((id >= 9897888) AND (id <= 9897987))

table 8 : explain SELECT SUM(k) FROM sbtest8 WHERE id BETWEEN 578880 AND 578979
	Aggregate  (cost=370.82..370.83 rows=1 width=8)
	  ->  Index Scan using sbtest8_pkey on sbtest8  (cost=0.43..370.57 rows=97 width=4)
	        Index Cond: ((id >= 578880) AND (id <= 578979))

for: simple_ranges
table 1 : explain SELECT c FROM sbtest1 WHERE id BETWEEN 2916726 AND 2916825
	Index Scan using sbtest1_pkey on sbtest1  (cost=0.43..380.04 rows=99 width=121)
	  Index Cond: ((id >= 2916726) AND (id <= 2916825))

table 2 : explain SELECT c FROM sbtest2 WHERE id BETWEEN 8438608 AND 8438707
	Index Scan using sbtest2_pkey on sbtest2  (cost=0.43..369.81 rows=96 width=121)
	  Index Cond: ((id >= 8438608) AND (id <= 8438707))

table 3 : explain SELECT c FROM sbtest3 WHERE id BETWEEN 6487764 AND 6487863
	Index Scan using sbtest3_pkey on sbtest3  (cost=0.43..398.38 rows=103 width=121)
	  Index Cond: ((id >= 6487764) AND (id <= 6487863))

table 4 : explain SELECT c FROM sbtest4 WHERE id BETWEEN 6266175 AND 6266274
	Index Scan using sbtest4_pkey on sbtest4  (cost=0.43..364.70 rows=95 width=121)
	  Index Cond: ((id >= 6266175) AND (id <= 6266274))

table 5 : explain SELECT c FROM sbtest5 WHERE id BETWEEN 5485292 AND 5485391
	Index Scan using sbtest5_pkey on sbtest5  (cost=0.43..380.84 rows=99 width=121)
	  Index Cond: ((id >= 5485292) AND (id <= 5485391))

table 6 : explain SELECT c FROM sbtest6 WHERE id BETWEEN 156732 AND 156831
	Index Scan using sbtest6_pkey on sbtest6  (cost=0.43..342.63 rows=89 width=121)
	  Index Cond: ((id >= 156732) AND (id <= 156831))

table 7 : explain SELECT c FROM sbtest7 WHERE id BETWEEN 5598308 AND 5598407
	Index Scan using sbtest7_pkey on sbtest7  (cost=0.43..379.14 rows=99 width=121)
	  Index Cond: ((id >= 5598308) AND (id <= 5598407))

table 8 : explain SELECT c FROM sbtest8 WHERE id BETWEEN 2268043 AND 2268142
	Index Scan using sbtest8_pkey on sbtest8  (cost=0.43..355.49 rows=93 width=121)
	  Index Cond: ((id >= 2268043) AND (id <= 2268142))

for: simple_ranges
table 1 : explain SELECT c FROM sbtest1 WHERE id BETWEEN 309605 AND 309704
	Index Scan using sbtest1_pkey on sbtest1  (cost=0.43..421.73 rows=110 width=121)
	  Index Cond: ((id >= 309605) AND (id <= 309704))

table 2 : explain SELECT c FROM sbtest2 WHERE id BETWEEN 6336694 AND 6336793
	Index Scan using sbtest2_pkey on sbtest2  (cost=0.43..373.61 rows=97 width=121)
	  Index Cond: ((id >= 6336694) AND (id <= 6336793))

table 3 : explain SELECT c FROM sbtest3 WHERE id BETWEEN 8302961 AND 8303060
	Index Scan using sbtest3_pkey on sbtest3  (cost=0.43..379.28 rows=98 width=121)
	  Index Cond: ((id >= 8302961) AND (id <= 8303060))

table 4 : explain SELECT c FROM sbtest4 WHERE id BETWEEN 8416272 AND 8416371
	Index Scan using sbtest4_pkey on sbtest4  (cost=0.43..395.01 rows=103 width=121)
	  Index Cond: ((id >= 8416272) AND (id <= 8416371))

table 5 : explain SELECT c FROM sbtest5 WHERE id BETWEEN 1587904 AND 1588003
	Index Scan using sbtest5_pkey on sbtest5  (cost=0.43..380.84 rows=99 width=121)
	  Index Cond: ((id >= 1587904) AND (id <= 1588003))

table 6 : explain SELECT c FROM sbtest6 WHERE id BETWEEN 7939157 AND 7939256
	Index Scan using sbtest6_pkey on sbtest6  (cost=0.43..403.43 rows=105 width=121)
	  Index Cond: ((id >= 7939157) AND (id <= 7939256))

table 7 : explain SELECT c FROM sbtest7 WHERE id BETWEEN 6441069 AND 6441168
	Index Scan using sbtest7_pkey on sbtest7  (cost=0.43..416.95 rows=109 width=121)
	  Index Cond: ((id >= 6441069) AND (id <= 6441168))

table 8 : explain SELECT c FROM sbtest8 WHERE id BETWEEN 9510318 AND 9510417
	Index Scan using sbtest8_pkey on sbtest8  (cost=0.43..393.20 rows=103 width=121)
	  Index Cond: ((id >= 9510318) AND (id <= 9510417))

for: order_ranges
table 1 : explain SELECT c FROM sbtest1 WHERE id BETWEEN 7418090 AND 7418189 ORDER BY c
	Sort  (cost=375.66..375.90 rows=97 width=121)
	  Sort Key: c
	  ->  Index Scan using sbtest1_pkey on sbtest1  (cost=0.43..372.46 rows=97 width=121)
	        Index Cond: ((id >= 7418090) AND (id <= 7418189))

table 2 : explain SELECT c FROM sbtest2 WHERE id BETWEEN 634463 AND 634562 ORDER BY c
	Sort  (cost=419.08..419.35 rows=108 width=121)
	  Sort Key: c
	  ->  Index Scan using sbtest2_pkey on sbtest2  (cost=0.43..415.43 rows=108 width=121)
	        Index Cond: ((id >= 634463) AND (id <= 634562))

table 3 : explain SELECT c FROM sbtest3 WHERE id BETWEEN 3943874 AND 3943973 ORDER BY c
	Sort  (cost=378.66..378.90 rows=97 width=121)
	  Sort Key: c
	  ->  Index Scan using sbtest3_pkey on sbtest3  (cost=0.43..375.46 rows=97 width=121)
	        Index Cond: ((id >= 3943874) AND (id <= 3943973))

table 4 : explain SELECT c FROM sbtest4 WHERE id BETWEEN 521007 AND 521106 ORDER BY c
	Sort  (cost=352.51..352.74 rows=91 width=121)
	  Sort Key: c
	  ->  Index Scan using sbtest4_pkey on sbtest4  (cost=0.43..349.55 rows=91 width=121)
	        Index Cond: ((id >= 521007) AND (id <= 521106))

table 5 : explain SELECT c FROM sbtest5 WHERE id BETWEEN 7572101 AND 7572200 ORDER BY c
	Sort  (cost=372.55..372.79 rows=96 width=121)
	  Sort Key: c
	  ->  Index Scan using sbtest5_pkey on sbtest5  (cost=0.43..369.39 rows=96 width=121)
	        Index Cond: ((id >= 7572101) AND (id <= 7572200))

table 6 : explain SELECT c FROM sbtest6 WHERE id BETWEEN 5822483 AND 5822582 ORDER BY c
	Sort  (cost=349.35..349.57 rows=90 width=121)
	  Sort Key: c
	  ->  Index Scan using sbtest6_pkey on sbtest6  (cost=0.43..346.43 rows=90 width=121)
	        Index Cond: ((id >= 5822483) AND (id <= 5822582))

table 7 : explain SELECT c FROM sbtest7 WHERE id BETWEEN 5783514 AND 5783613 ORDER BY c
	Sort  (cost=390.06..390.32 rows=101 width=121)
	  Sort Key: c
	  ->  Index Scan using sbtest7_pkey on sbtest7  (cost=0.43..386.70 rows=101 width=121)
	        Index Cond: ((id >= 5783514) AND (id <= 5783613))

table 8 : explain SELECT c FROM sbtest8 WHERE id BETWEEN 1607487 AND 1607586 ORDER BY c
	Sort  (cost=373.78..374.02 rows=97 width=121)
	  Sort Key: c
	  ->  Index Scan using sbtest8_pkey on sbtest8  (cost=0.43..370.57 rows=97 width=121)
	        Index Cond: ((id >= 1607487) AND (id <= 1607586))

for: simple_ranges
table 1 : explain SELECT c FROM sbtest1 WHERE id BETWEEN 6455367 AND 6455466
	Index Scan using sbtest1_pkey on sbtest1  (cost=0.43..383.83 rows=100 width=121)
	  Index Cond: ((id >= 6455367) AND (id <= 6455466))

table 2 : explain SELECT c FROM sbtest2 WHERE id BETWEEN 7704382 AND 7704481
	Index Scan using sbtest2_pkey on sbtest2  (cost=0.43..358.35 rows=93 width=121)
	  Index Cond: ((id >= 7704382) AND (id <= 7704481))

table 3 : explain SELECT c FROM sbtest3 WHERE id BETWEEN 7729838 AND 7729937
	Index Scan using sbtest3_pkey on sbtest3  (cost=0.43..386.92 rows=100 width=121)
	  Index Cond: ((id >= 7729838) AND (id <= 7729937))

table 4 : explain SELECT c FROM sbtest4 WHERE id BETWEEN 4259435 AND 4259534
	Index Scan using sbtest4_pkey on sbtest4  (cost=0.43..368.49 rows=96 width=121)
	  Index Cond: ((id >= 4259435) AND (id <= 4259534))

table 5 : explain SELECT c FROM sbtest5 WHERE id BETWEEN 2618255 AND 2618354
	Index Scan using sbtest5_pkey on sbtest5  (cost=0.43..384.63 rows=100 width=121)
	  Index Cond: ((id >= 2618255) AND (id <= 2618354))

table 6 : explain SELECT c FROM sbtest6 WHERE id BETWEEN 7089175 AND 7089274
	Index Scan using sbtest6_pkey on sbtest6  (cost=0.43..346.43 rows=90 width=121)
	  Index Cond: ((id >= 7089175) AND (id <= 7089274))

table 7 : explain SELECT c FROM sbtest7 WHERE id BETWEEN 9422777 AND 9422876
	Index Scan using sbtest7_pkey on sbtest7  (cost=0.43..360.24 rows=94 width=121)
	  Index Cond: ((id >= 9422777) AND (id <= 9422876))

table 8 : explain SELECT c FROM sbtest8 WHERE id BETWEEN 2408977 AND 2409076
	Index Scan using sbtest8_pkey on sbtest8  (cost=0.43..363.03 rows=95 width=121)
	  Index Cond: ((id >= 2408977) AND (id <= 2409076))

for inserts
table 1 : explain INSERT INTO sbtest1 (id, k, c, pad) VALUES (8449120, 13, 'foobar', 'foobar')
	Insert on sbtest1  (cost=0.00..0.01 rows=1 width=736)
	  ->  Result  (cost=0.00..0.01 rows=1 width=736)

table 2 : explain INSERT INTO sbtest2 (id, k, c, pad) VALUES (9732900, 13, 'foobar', 'foobar')
	Insert on sbtest2  (cost=0.00..0.01 rows=1 width=736)
	  ->  Result  (cost=0.00..0.01 rows=1 width=736)

table 3 : explain INSERT INTO sbtest3 (id, k, c, pad) VALUES (859574, 13, 'foobar', 'foobar')
	Insert on sbtest3  (cost=0.00..0.01 rows=1 width=736)
	  ->  Result  (cost=0.00..0.01 rows=1 width=736)

table 4 : explain INSERT INTO sbtest4 (id, k, c, pad) VALUES (5456092, 13, 'foobar', 'foobar')
	Insert on sbtest4  (cost=0.00..0.01 rows=1 width=736)
	  ->  Result  (cost=0.00..0.01 rows=1 width=736)

table 5 : explain INSERT INTO sbtest5 (id, k, c, pad) VALUES (1441274, 13, 'foobar', 'foobar')
	Insert on sbtest5  (cost=0.00..0.01 rows=1 width=736)
	  ->  Result  (cost=0.00..0.01 rows=1 width=736)

table 6 : explain INSERT INTO sbtest6 (id, k, c, pad) VALUES (5610357, 13, 'foobar', 'foobar')
	Insert on sbtest6  (cost=0.00..0.01 rows=1 width=736)
	  ->  Result  (cost=0.00..0.01 rows=1 width=736)

table 7 : explain INSERT INTO sbtest7 (id, k, c, pad) VALUES (4657516, 13, 'foobar', 'foobar')
	Insert on sbtest7  (cost=0.00..0.01 rows=1 width=736)
	  ->  Result  (cost=0.00..0.01 rows=1 width=736)

table 8 : explain INSERT INTO sbtest8 (id, k, c, pad) VALUES (4287721, 13, 'foobar', 'foobar')
	Insert on sbtest8  (cost=0.00..0.01 rows=1 width=736)
	  ->  Result  (cost=0.00..0.01 rows=1 width=736)

for: distinct_ranges
table 1 : explain SELECT DISTINCT c FROM sbtest1 WHERE id BETWEEN 9542658 AND 9542757 ORDER BY c
	Unique  (cost=368.00..368.48 rows=95 width=121)
	  ->  Sort  (cost=368.00..368.24 rows=95 width=121)
	        Sort Key: c
	        ->  Index Scan using sbtest1_pkey on sbtest1  (cost=0.43..364.88 rows=95 width=121)
	              Index Cond: ((id >= 9542658) AND (id <= 9542757))

table 2 : explain SELECT DISTINCT c FROM sbtest2 WHERE id BETWEEN 8071363 AND 8071462 ORDER BY c
	Unique  (cost=357.55..358.01 rows=92 width=121)
	  ->  Sort  (cost=357.55..357.78 rows=92 width=121)
	        Sort Key: c
	        ->  Index Scan using sbtest2_pkey on sbtest2  (cost=0.43..354.54 rows=92 width=121)
	              Index Cond: ((id >= 8071363) AND (id <= 8071462))

table 3 : explain SELECT DISTINCT c FROM sbtest3 WHERE id BETWEEN 3124182 AND 3124281 ORDER BY c
	Unique  (cost=401.83..402.34 rows=103 width=121)
	  ->  Sort  (cost=401.83..402.08 rows=103 width=121)
	        Sort Key: c
	        ->  Index Scan using sbtest3_pkey on sbtest3  (cost=0.43..398.38 rows=103 width=121)
	              Index Cond: ((id >= 3124182) AND (id <= 3124281))

table 4 : explain SELECT DISTINCT c FROM sbtest4 WHERE id BETWEEN 8456990 AND 8457089 ORDER BY c
	Unique  (cost=398.45..398.97 rows=103 width=121)
	  ->  Sort  (cost=398.45..398.71 rows=103 width=121)
	        Sort Key: c
	        ->  Index Scan using sbtest4_pkey on sbtest4  (cost=0.43..395.01 rows=103 width=121)
	              Index Cond: ((id >= 8456990) AND (id <= 8457089))

table 5 : explain SELECT DISTINCT c FROM sbtest5 WHERE id BETWEEN 2395310 AND 2395409 ORDER BY c
	Unique  (cost=387.96..388.46 rows=100 width=121)
	  ->  Sort  (cost=387.96..388.21 rows=100 width=121)
	        Sort Key: c
	        ->  Index Scan using sbtest5_pkey on sbtest5  (cost=0.43..384.63 rows=100 width=121)
	              Index Cond: ((id >= 2395310) AND (id <= 2395409))

table 6 : explain SELECT DISTINCT c FROM sbtest6 WHERE id BETWEEN 4880746 AND 4880845 ORDER BY c
	Unique  (cost=383.93..384.42 rows=99 width=121)
	  ->  Sort  (cost=383.93..384.18 rows=99 width=121)
	        Sort Key: c
	        ->  Index Scan using sbtest6_pkey on sbtest6  (cost=0.43..380.65 rows=99 width=121)
	              Index Cond: ((id >= 4880746) AND (id <= 4880845))

table 7 : explain SELECT DISTINCT c FROM sbtest7 WHERE id BETWEEN 7381540 AND 7381639 ORDER BY c
	Unique  (cost=359.50..359.96 rows=93 width=121)
	  ->  Sort  (cost=359.50..359.73 rows=93 width=121)
	        Sort Key: c
	        ->  Index Scan using sbtest7_pkey on sbtest7  (cost=0.43..356.46 rows=93 width=121)
	              Index Cond: ((id >= 7381540) AND (id <= 7381639))

table 8 : explain SELECT DISTINCT c FROM sbtest8 WHERE id BETWEEN 5126580 AND 5126679 ORDER BY c
	Unique  (cost=404.26..404.79 rows=105 width=121)
	  ->  Sort  (cost=404.26..404.52 rows=105 width=121)
	        Sort Key: c
	        ->  Index Scan using sbtest8_pkey on sbtest8  (cost=0.43..400.74 rows=105 width=121)
	              Index Cond: ((id >= 5126580) AND (id <= 5126679))

for inserts
table 1 : explain INSERT INTO sbtest1 (id, k, c, pad) VALUES (9948663, 13, 'foobar', 'foobar')
	Insert on sbtest1  (cost=0.00..0.01 rows=1 width=736)
	  ->  Result  (cost=0.00..0.01 rows=1 width=736)

table 2 : explain INSERT INTO sbtest2 (id, k, c, pad) VALUES (9710623, 13, 'foobar', 'foobar')
	Insert on sbtest2  (cost=0.00..0.01 rows=1 width=736)
	  ->  Result  (cost=0.00..0.01 rows=1 width=736)

table 3 : explain INSERT INTO sbtest3 (id, k, c, pad) VALUES (5434320, 13, 'foobar', 'foobar')
	Insert on sbtest3  (cost=0.00..0.01 rows=1 width=736)
	  ->  Result  (cost=0.00..0.01 rows=1 width=736)

table 4 : explain INSERT INTO sbtest4 (id, k, c, pad) VALUES (5363073, 13, 'foobar', 'foobar')
	Insert on sbtest4  (cost=0.00..0.01 rows=1 width=736)
	  ->  Result  (cost=0.00..0.01 rows=1 width=736)

table 5 : explain INSERT INTO sbtest5 (id, k, c, pad) VALUES (4707502, 13, 'foobar', 'foobar')
	Insert on sbtest5  (cost=0.00..0.01 rows=1 width=736)
	  ->  Result  (cost=0.00..0.01 rows=1 width=736)

table 6 : explain INSERT INTO sbtest6 (id, k, c, pad) VALUES (180181, 13, 'foobar', 'foobar')
	Insert on sbtest6  (cost=0.00..0.01 rows=1 width=736)
	  ->  Result  (cost=0.00..0.01 rows=1 width=736)

table 7 : explain INSERT INTO sbtest7 (id, k, c, pad) VALUES (5982209, 13, 'foobar', 'foobar')
	Insert on sbtest7  (cost=0.00..0.01 rows=1 width=736)
	  ->  Result  (cost=0.00..0.01 rows=1 width=736)

table 8 : explain INSERT INTO sbtest8 (id, k, c, pad) VALUES (7049558, 13, 'foobar', 'foobar')
	Insert on sbtest8  (cost=0.00..0.01 rows=1 width=736)
	  ->  Result  (cost=0.00..0.01 rows=1 width=736)

for: distinct_ranges
table 1 : explain SELECT DISTINCT c FROM sbtest1 WHERE id BETWEEN 677993 AND 678092 ORDER BY c
	Unique  (cost=383.32..383.82 rows=99 width=121)
	  ->  Sort  (cost=383.32..383.57 rows=99 width=121)
	        Sort Key: c
	        ->  Index Scan using sbtest1_pkey on sbtest1  (cost=0.43..380.04 rows=99 width=121)
	              Index Cond: ((id >= 677993) AND (id <= 678092))

table 2 : explain SELECT DISTINCT c FROM sbtest2 WHERE id BETWEEN 5835446 AND 5835545 ORDER BY c
	Unique  (cost=396.02..396.53 rows=102 width=121)
	  ->  Sort  (cost=396.02..396.28 rows=102 width=121)
	        Sort Key: c
	        ->  Index Scan using sbtest2_pkey on sbtest2  (cost=0.43..392.62 rows=102 width=121)
	              Index Cond: ((id >= 5835446) AND (id <= 5835545))

table 3 : explain SELECT DISTINCT c FROM sbtest3 WHERE id BETWEEN 9334375 AND 9334474 ORDER BY c
	Unique  (cost=394.10..394.61 rows=101 width=121)
	  ->  Sort  (cost=394.10..394.36 rows=101 width=121)
	        Sort Key: c
	        ->  Index Scan using sbtest3_pkey on sbtest3  (cost=0.43..390.74 rows=101 width=121)
	              Index Cond: ((id >= 9334375) AND (id <= 9334474))

table 4 : explain SELECT DISTINCT c FROM sbtest4 WHERE id BETWEEN 8830898 AND 8830997 ORDER BY c
	Unique  (cost=444.40..444.98 rows=115 width=121)
	  ->  Sort  (cost=444.40..444.69 rows=115 width=121)
	        Sort Key: c
	        ->  Index Scan using sbtest4_pkey on sbtest4  (cost=0.43..440.47 rows=115 width=121)
	              Index Cond: ((id >= 8830898) AND (id <= 8830997))

table 5 : explain SELECT DISTINCT c FROM sbtest5 WHERE id BETWEEN 8426318 AND 8426417 ORDER BY c
	Unique  (cost=384.12..384.61 rows=99 width=121)
	  ->  Sort  (cost=384.12..384.36 rows=99 width=121)
	        Sort Key: c
	        ->  Index Scan using sbtest5_pkey on sbtest5  (cost=0.43..380.84 rows=99 width=121)
	              Index Cond: ((id >= 8426318) AND (id <= 8426417))

table 6 : explain SELECT DISTINCT c FROM sbtest6 WHERE id BETWEEN 1233614 AND 1233713 ORDER BY c
	Unique  (cost=380.09..380.58 rows=98 width=121)
	  ->  Sort  (cost=380.09..380.34 rows=98 width=121)
	        Sort Key: c
	        ->  Index Scan using sbtest6_pkey on sbtest6  (cost=0.43..376.85 rows=98 width=121)
	              Index Cond: ((id >= 1233614) AND (id <= 1233713))

table 7 : explain SELECT DISTINCT c FROM sbtest7 WHERE id BETWEEN 3415946 AND 3416045 ORDER BY c
	Unique  (cost=378.60..379.09 rows=98 width=121)
	  ->  Sort  (cost=378.60..378.85 rows=98 width=121)
	        Sort Key: c
	        ->  Index Scan using sbtest7_pkey on sbtest7  (cost=0.43..375.36 rows=98 width=121)
	              Index Cond: ((id >= 3415946) AND (id <= 3416045))

table 8 : explain SELECT DISTINCT c FROM sbtest8 WHERE id BETWEEN 1146739 AND 1146838 ORDER BY c
	Unique  (cost=419.50..420.05 rows=109 width=121)
	  ->  Sort  (cost=419.50..419.78 rows=109 width=121)
	        Sort Key: c
	        ->  Index Scan using sbtest8_pkey on sbtest8  (cost=0.43..415.82 rows=109 width=121)
	              Index Cond: ((id >= 1146739) AND (id <= 1146838))

for: distinct_ranges
table 1 : explain SELECT DISTINCT c FROM sbtest1 WHERE id BETWEEN 4444869 AND 4444968 ORDER BY c
	Unique  (cost=383.32..383.82 rows=99 width=121)
	  ->  Sort  (cost=383.32..383.57 rows=99 width=121)
	        Sort Key: c
	        ->  Index Scan using sbtest1_pkey on sbtest1  (cost=0.43..380.04 rows=99 width=121)
	              Index Cond: ((id >= 4444869) AND (id <= 4444968))

table 2 : explain SELECT DISTINCT c FROM sbtest2 WHERE id BETWEEN 7928863 AND 7928962 ORDER BY c
	Unique  (cost=399.86..400.38 rows=103 width=121)
	  ->  Sort  (cost=399.86..400.12 rows=103 width=121)
	        Sort Key: c
	        ->  Index Scan using sbtest2_pkey on sbtest2  (cost=0.43..396.42 rows=103 width=121)
	              Index Cond: ((id >= 7928863) AND (id <= 7928962))

table 3 : explain SELECT DISTINCT c FROM sbtest3 WHERE id BETWEEN 1460771 AND 1460870 ORDER BY c
	Unique  (cost=417.28..417.81 rows=107 width=121)
	  ->  Sort  (cost=417.28..417.54 rows=107 width=121)
	        Sort Key: c
	        ->  Index Scan using sbtest3_pkey on sbtest3  (cost=0.43..413.67 rows=107 width=121)
	              Index Cond: ((id >= 1460771) AND (id <= 1460870))

table 4 : explain SELECT DISTINCT c FROM sbtest4 WHERE id BETWEEN 9059702 AND 9059801 ORDER BY c
	Unique  (cost=371.65..372.13 rows=96 width=121)
	  ->  Sort  (cost=371.65..371.89 rows=96 width=121)
	        Sort Key: c
	        ->  Index Scan using sbtest4_pkey on sbtest4  (cost=0.43..368.49 rows=96 width=121)
	              Index Cond: ((id >= 9059702) AND (id <= 9059801))

table 5 : explain SELECT DISTINCT c FROM sbtest5 WHERE id BETWEEN 5347764 AND 5347863 ORDER BY c
	Unique  (cost=380.28..380.77 rows=98 width=121)
	  ->  Sort  (cost=380.28..380.52 rows=98 width=121)
	        Sort Key: c
	        ->  Index Scan using sbtest5_pkey on sbtest5  (cost=0.43..377.04 rows=98 width=121)
	              Index Cond: ((id >= 5347764) AND (id <= 5347863))

table 6 : explain SELECT DISTINCT c FROM sbtest6 WHERE id BETWEEN 2136101 AND 2136200 ORDER BY c
	Unique  (cost=395.44..395.95 rows=102 width=121)
	  ->  Sort  (cost=395.44..395.69 rows=102 width=121)
	        Sort Key: c
	        ->  Index Scan using sbtest6_pkey on sbtest6  (cost=0.43..392.04 rows=102 width=121)
	              Index Cond: ((id >= 2136101) AND (id <= 2136200))

table 7 : explain SELECT DISTINCT c FROM sbtest7 WHERE id BETWEEN 9410185 AND 9410284 ORDER BY c
	Unique  (cost=363.32..363.79 rows=94 width=121)
	  ->  Sort  (cost=363.32..363.55 rows=94 width=121)
	        Sort Key: c
	        ->  Index Scan using sbtest7_pkey on sbtest7  (cost=0.43..360.24 rows=94 width=121)
	              Index Cond: ((id >= 9410185) AND (id <= 9410284))

table 8 : explain SELECT DISTINCT c FROM sbtest8 WHERE id BETWEEN 868684 AND 868783 ORDER BY c
	Unique  (cost=434.75..435.31 rows=113 width=121)
	  ->  Sort  (cost=434.75..435.03 rows=113 width=121)
	        Sort Key: c
	        ->  Index Scan using sbtest8_pkey on sbtest8  (cost=0.43..430.90 rows=113 width=121)
	              Index Cond: ((id >= 868684) AND (id <= 868783))

for: distinct_ranges
table 1 : explain SELECT DISTINCT c FROM sbtest1 WHERE id BETWEEN 9263201 AND 9263300 ORDER BY c
	Unique  (cost=402.47..402.99 rows=104 width=121)
	  ->  Sort  (cost=402.47..402.73 rows=104 width=121)
	        Sort Key: c
	        ->  Index Scan using sbtest1_pkey on sbtest1  (cost=0.43..398.99 rows=104 width=121)
	              Index Cond: ((id >= 9263201) AND (id <= 9263300))

table 2 : explain SELECT DISTINCT c FROM sbtest2 WHERE id BETWEEN 5903198 AND 5903297 ORDER BY c
	Unique  (cost=396.02..396.53 rows=102 width=121)
	  ->  Sort  (cost=396.02..396.28 rows=102 width=121)
	        Sort Key: c
	        ->  Index Scan using sbtest2_pkey on sbtest2  (cost=0.43..392.62 rows=102 width=121)
	              Index Cond: ((id >= 5903198) AND (id <= 5903297))

table 3 : explain SELECT DISTINCT c FROM sbtest3 WHERE id BETWEEN 8550197 AND 8550296 ORDER BY c
	Unique  (cost=374.80..375.28 rows=96 width=121)
	  ->  Sort  (cost=374.80..375.04 rows=96 width=121)
	        Sort Key: c
	        ->  Index Scan using sbtest3_pkey on sbtest3  (cost=0.43..371.63 rows=96 width=121)
	              Index Cond: ((id >= 8550197) AND (id <= 8550296))

table 4 : explain SELECT DISTINCT c FROM sbtest4 WHERE id BETWEEN 9967962 AND 9968061 ORDER BY c
	Unique  (cost=386.97..387.47 rows=100 width=121)
	  ->  Sort  (cost=386.97..387.22 rows=100 width=121)
	        Sort Key: c
	        ->  Index Scan using sbtest4_pkey on sbtest4  (cost=0.43..383.65 rows=100 width=121)
	              Index Cond: ((id >= 9967962) AND (id <= 9968061))

table 5 : explain SELECT DISTINCT c FROM sbtest5 WHERE id BETWEEN 8338312 AND 8338411 ORDER BY c
	Unique  (cost=372.55..373.03 rows=96 width=121)
	  ->  Sort  (cost=372.55..372.79 rows=96 width=121)
	        Sort Key: c
	        ->  Index Scan using sbtest5_pkey on sbtest5  (cost=0.43..369.39 rows=96 width=121)
	              Index Cond: ((id >= 8338312) AND (id <= 8338411))

table 6 : explain SELECT DISTINCT c FROM sbtest6 WHERE id BETWEEN 8274138 AND 8274237 ORDER BY c
	Unique  (cost=406.95..407.48 rows=105 width=121)
	  ->  Sort  (cost=406.95..407.21 rows=105 width=121)
	        Sort Key: c
	        ->  Index Scan using sbtest6_pkey on sbtest6  (cost=0.43..403.43 rows=105 width=121)
	              Index Cond: ((id >= 8274138) AND (id <= 8274237))

table 7 : explain SELECT DISTINCT c FROM sbtest7 WHERE id BETWEEN 7714630 AND 7714729 ORDER BY c
	Unique  (cost=359.50..359.96 rows=93 width=121)
	  ->  Sort  (cost=359.50..359.73 rows=93 width=121)
	        Sort Key: c
	        ->  Index Scan using sbtest7_pkey on sbtest7  (cost=0.43..356.46 rows=93 width=121)
	              Index Cond: ((id >= 7714630) AND (id <= 7714729))

table 8 : explain SELECT DISTINCT c FROM sbtest8 WHERE id BETWEEN 8999810 AND 8999909 ORDER BY c
	Unique  (cost=400.45..400.97 rows=104 width=121)
	  ->  Sort  (cost=400.45..400.71 rows=104 width=121)
	        Sort Key: c
	        ->  Index Scan using sbtest8_pkey on sbtest8  (cost=0.43..396.97 rows=104 width=121)
	              Index Cond: ((id >= 8999810) AND (id <= 8999909))

explain: for index_updates :: explain UPDATE sbtest%u SET k=k+1 WHERE id=%u
explain: for inserts :: explain INSERT INTO sbtest%u (id, k, c, pad) VALUES (%u, 13, 'foobar', 'foobar')
for: distinct_ranges
table 1 : explain SELECT DISTINCT c FROM sbtest1 WHERE id BETWEEN 7405180 AND 7405279 ORDER BY c
	Unique  (cost=375.66..376.15 rows=97 width=121)
	  ->  Sort  (cost=375.66..375.90 rows=97 width=121)
	        Sort Key: c
	        ->  Index Scan using sbtest1_pkey on sbtest1  (cost=0.43..372.46 rows=97 width=121)
	              Index Cond: ((id >= 7405180) AND (id <= 7405279))

table 2 : explain SELECT DISTINCT c FROM sbtest2 WHERE id BETWEEN 4166354 AND 4166453 ORDER BY c
	Unique  (cost=392.18..392.68 rows=101 width=121)
	  ->  Sort  (cost=392.18..392.43 rows=101 width=121)
	        Sort Key: c
	        ->  Index Scan using sbtest2_pkey on sbtest2  (cost=0.43..388.82 rows=101 width=121)
	              Index Cond: ((id >= 4166354) AND (id <= 4166453))

table 3 : explain SELECT DISTINCT c FROM sbtest3 WHERE id BETWEEN 9531693 AND 9531792 ORDER BY c
	Unique  (cost=394.10..394.61 rows=101 width=121)
	  ->  Sort  (cost=394.10..394.36 rows=101 width=121)
	        Sort Key: c
	        ->  Index Scan using sbtest3_pkey on sbtest3  (cost=0.43..390.74 rows=101 width=121)
	              Index Cond: ((id >= 9531693) AND (id <= 9531792))

table 4 : explain SELECT DISTINCT c FROM sbtest4 WHERE id BETWEEN 1492942 AND 1493041 ORDER BY c
	Unique  (cost=348.69..349.14 rows=90 width=121)
	  ->  Sort  (cost=348.69..348.91 rows=90 width=121)
	        Sort Key: c
	        ->  Index Scan using sbtest4_pkey on sbtest4  (cost=0.43..345.76 rows=90 width=121)
	              Index Cond: ((id >= 1492942) AND (id <= 1493041))

table 5 : explain SELECT DISTINCT c FROM sbtest5 WHERE id BETWEEN 2206708 AND 2206807 ORDER BY c
	Unique  (cost=368.71..369.18 rows=95 width=121)
	  ->  Sort  (cost=368.71..368.95 rows=95 width=121)
	        Sort Key: c
	        ->  Index Scan using sbtest5_pkey on sbtest5  (cost=0.43..365.59 rows=95 width=121)
	              Index Cond: ((id >= 2206708) AND (id <= 2206807))

table 6 : explain SELECT DISTINCT c FROM sbtest6 WHERE id BETWEEN 5231770 AND 5231869 ORDER BY c
	Unique  (cost=349.35..349.80 rows=90 width=121)
	  ->  Sort  (cost=349.35..349.57 rows=90 width=121)
	        Sort Key: c
	        ->  Index Scan using sbtest6_pkey on sbtest6  (cost=0.43..346.43 rows=90 width=121)
	              Index Cond: ((id >= 5231770) AND (id <= 5231869))

table 7 : explain SELECT DISTINCT c FROM sbtest7 WHERE id BETWEEN 85088 AND 85187 ORDER BY c
	Unique  (cost=367.14..367.61 rows=95 width=121)
	  ->  Sort  (cost=367.14..367.38 rows=95 width=121)
	        Sort Key: c
	        ->  Index Scan using sbtest7_pkey on sbtest7  (cost=0.43..364.02 rows=95 width=121)
	              Index Cond: ((id >= 85088) AND (id <= 85187))

table 8 : explain SELECT DISTINCT c FROM sbtest8 WHERE id BETWEEN 292727 AND 292826 ORDER BY c
	Unique  (cost=358.53..359.00 rows=93 width=121)
	  ->  Sort  (cost=358.53..358.77 rows=93 width=121)
	        Sort Key: c
	        ->  Index Scan using sbtest8_pkey on sbtest8  (cost=0.43..355.49 rows=93 width=121)
	              Index Cond: ((id >= 292727) AND (id <= 292826))

for inserts
table 1 : explain INSERT INTO sbtest1 (id, k, c, pad) VALUES (6567446, 13, 'foobar', 'foobar')
	Insert on sbtest1  (cost=0.00..0.01 rows=1 width=736)
	  ->  Result  (cost=0.00..0.01 rows=1 width=736)

table 2 : explain INSERT INTO sbtest2 (id, k, c, pad) VALUES (5460047, 13, 'foobar', 'foobar')
	Insert on sbtest2  (cost=0.00..0.01 rows=1 width=736)
	  ->  Result  (cost=0.00..0.01 rows=1 width=736)

table 3 : explain INSERT INTO sbtest3 (id, k, c, pad) VALUES (3215094, 13, 'foobar', 'foobar')
	Insert on sbtest3  (cost=0.00..0.01 rows=1 width=736)
	  ->  Result  (cost=0.00..0.01 rows=1 width=736)

table 4 : explain INSERT INTO sbtest4 (id, k, c, pad) VALUES (4992266, 13, 'foobar', 'foobar')
	Insert on sbtest4  (cost=0.00..0.01 rows=1 width=736)
	  ->  Result  (cost=0.00..0.01 rows=1 width=736)

table 5 : explain INSERT INTO sbtest5 (id, k, c, pad) VALUES (782806, 13, 'foobar', 'foobar')
	Insert on sbtest5  (cost=0.00..0.01 rows=1 width=736)
	  ->  Result  (cost=0.00..0.01 rows=1 width=736)

table 6 : explain INSERT INTO sbtest6 (id, k, c, pad) VALUES (3775776, 13, 'foobar', 'foobar')
	Insert on sbtest6  (cost=0.00..0.01 rows=1 width=736)
	  ->  Result  (cost=0.00..0.01 rows=1 width=736)

table 7 : explain INSERT INTO sbtest7 (id, k, c, pad) VALUES (5215308, 13, 'foobar', 'foobar')
	Insert on sbtest7  (cost=0.00..0.01 rows=1 width=736)
	  ->  Result  (cost=0.00..0.01 rows=1 width=736)

table 8 : explain INSERT INTO sbtest8 (id, k, c, pad) VALUES (4063848, 13, 'foobar', 'foobar')
	Insert on sbtest8  (cost=0.00..0.01 rows=1 width=736)
	  ->  Result  (cost=0.00..0.01 rows=1 width=736)

for: distinct_ranges
table 1 : explain SELECT DISTINCT c FROM sbtest1 WHERE id BETWEEN 7927035 AND 7927134 ORDER BY c
	Unique  (cost=402.47..402.99 rows=104 width=121)
	  ->  Sort  (cost=402.47..402.73 rows=104 width=121)
	        Sort Key: c
	        ->  Index Scan using sbtest1_pkey on sbtest1  (cost=0.43..398.99 rows=104 width=121)
	              Index Cond: ((id >= 7927035) AND (id <= 7927134))

table 2 : explain SELECT DISTINCT c FROM sbtest2 WHERE id BETWEEN 9704456 AND 9704555 ORDER BY c
	Unique  (cost=349.86..350.31 rows=90 width=121)
	  ->  Sort  (cost=349.86..350.09 rows=90 width=121)
	        Sort Key: c
	        ->  Index Scan using sbtest2_pkey on sbtest2  (cost=0.43..346.94 rows=90 width=121)
	              Index Cond: ((id >= 9704456) AND (id <= 9704555))

table 3 : explain SELECT DISTINCT c FROM sbtest3 WHERE id BETWEEN 4272937 AND 4273036 ORDER BY c
	Unique  (cost=394.10..394.61 rows=101 width=121)
	  ->  Sort  (cost=394.10..394.36 rows=101 width=121)
	        Sort Key: c
	        ->  Index Scan using sbtest3_pkey on sbtest3  (cost=0.43..390.74 rows=101 width=121)
	              Index Cond: ((id >= 4272937) AND (id <= 4273036))

table 4 : explain SELECT DISTINCT c FROM sbtest4 WHERE id BETWEEN 8489907 AND 8490006 ORDER BY c
	Unique  (cost=398.45..398.97 rows=103 width=121)
	  ->  Sort  (cost=398.45..398.71 rows=103 width=121)
	        Sort Key: c
	        ->  Index Scan using sbtest4_pkey on sbtest4  (cost=0.43..395.01 rows=103 width=121)
	              Index Cond: ((id >= 8489907) AND (id <= 8490006))

table 5 : explain SELECT DISTINCT c FROM sbtest5 WHERE id BETWEEN 5295175 AND 5295274 ORDER BY c
	Unique  (cost=387.96..388.46 rows=100 width=121)
	  ->  Sort  (cost=387.96..388.21 rows=100 width=121)
	        Sort Key: c
	        ->  Index Scan using sbtest5_pkey on sbtest5  (cost=0.43..384.63 rows=100 width=121)
	              Index Cond: ((id >= 5295175) AND (id <= 5295274))

table 6 : explain SELECT DISTINCT c FROM sbtest6 WHERE id BETWEEN 51562 AND 51661 ORDER BY c
	Unique  (cost=368.58..369.06 rows=95 width=121)
	  ->  Sort  (cost=368.58..368.82 rows=95 width=121)
	        Sort Key: c
	        ->  Index Scan using sbtest6_pkey on sbtest6  (cost=0.43..365.46 rows=95 width=121)
	              Index Cond: ((id >= 51562) AND (id <= 51661))

table 7 : explain SELECT DISTINCT c FROM sbtest7 WHERE id BETWEEN 3360941 AND 3361040 ORDER BY c
	Unique  (cost=351.86..352.31 rows=91 width=121)
	  ->  Sort  (cost=351.86..352.08 rows=91 width=121)
	        Sort Key: c
	        ->  Index Scan using sbtest7_pkey on sbtest7  (cost=0.43..348.89 rows=91 width=121)
	              Index Cond: ((id >= 3360941) AND (id <= 3361040))

table 8 : explain SELECT DISTINCT c FROM sbtest8 WHERE id BETWEEN 2638229 AND 2638328 ORDER BY c
	Unique  (cost=446.18..446.76 rows=116 width=121)
	  ->  Sort  (cost=446.18..446.47 rows=116 width=121)
	        Sort Key: c
	        ->  Index Scan using sbtest8_pkey on sbtest8  (cost=0.43..442.21 rows=116 width=121)
	              Index Cond: ((id >= 2638229) AND (id <= 2638328))

explain: for index_updates :: explain UPDATE sbtest%u SET k=k+1 WHERE id=%ufor: distinct_ranges
table 1 : explain SELECT DISTINCT c FROM sbtest1 WHERE id BETWEEN 4176632 AND 4176731 ORDER BY c
	Unique  (cost=364.11..364.58 rows=94 width=121)
	  ->  Sort  (cost=364.11..364.35 rows=94 width=121)
	        Sort Key: c
	        ->  Index Scan using sbtest1_pkey on sbtest1  (cost=0.43..361.03 rows=94 width=121)
	              Index Cond: ((id >= 4176632) AND (id <= 4176731))

table 2 : explain SELECT DISTINCT c FROM sbtest2 WHERE id BETWEEN 8968563 AND 8968662 ORDER BY c
	Unique  (cost=380.65..381.14 rows=98 width=121)
	  ->  Sort  (cost=380.65..380.90 rows=98 width=121)
	        Sort Key: c
	        ->  Index Scan using sbtest2_pkey on sbtest2  (cost=0.43..377.41 rows=98 width=121)
	              Index Cond: ((id >= 8968563) AND (id <= 8968662))

table 3 : explain SELECT DISTINCT c FROM sbtest3 WHERE id BETWEEN 9653083 AND 9653182 ORDER BY c
	Unique  (cost=394.10..394.61 rows=101 width=121)
	  ->  Sort  (cost=394.10..394.36 rows=101 width=121)
	        Sort Key: c
	        ->  Index Scan using sbtest3_pkey on sbtest3  (cost=0.43..390.74 rows=101 width=121)
	              Index Cond: ((id >= 9653083) AND (id <= 9653182))

table 4 : explain SELECT DISTINCT c FROM sbtest4 WHERE id BETWEEN 3616918 AND 3617017 ORDER BY c
	Unique  (cost=398.45..398.97 rows=103 width=121)
	  ->  Sort  (cost=398.45..398.71 rows=103 width=121)
	        Sort Key: c
	        ->  Index Scan using sbtest4_pkey on sbtest4  (cost=0.43..395.01 rows=103 width=121)
	              Index Cond: ((id >= 3616918) AND (id <= 3617017))

table 5 : explain SELECT DISTINCT c FROM sbtest5 WHERE id BETWEEN 793694 AND 793793 ORDER BY c
	Unique  (cost=384.12..384.61 rows=99 width=121)
	  ->  Sort  (cost=384.12..384.36 rows=99 width=121)
	        Sort Key: c
	        ->  Index Scan using sbtest5_pkey on sbtest5  (cost=0.43..380.84 rows=99 width=121)
	              Index Cond: ((id >= 793694) AND (id <= 793793))

table 6 : explain SELECT DISTINCT c FROM sbtest6 WHERE id BETWEEN 9540067 AND 9540166 ORDER BY c
	Unique  (cost=395.44..395.95 rows=102 width=121)
	  ->  Sort  (cost=395.44..395.69 rows=102 width=121)
	        Sort Key: c
	        ->  Index Scan using sbtest6_pkey on sbtest6  (cost=0.43..392.04 rows=102 width=121)
	              Index Cond: ((id >= 9540067) AND (id <= 9540166))

table 7 : explain SELECT DISTINCT c FROM sbtest7 WHERE id BETWEEN 9953460 AND 9953559 ORDER BY c
	Unique  (cost=397.71..398.22 rows=103 width=121)
	  ->  Sort  (cost=397.71..397.96 rows=103 width=121)
	        Sort Key: c
	        ->  Index Scan using sbtest7_pkey on sbtest7  (cost=0.43..394.26 rows=103 width=121)
	              Index Cond: ((id >= 9953460) AND (id <= 9953559))

table 8 : explain SELECT DISTINCT c FROM sbtest8 WHERE id BETWEEN 4485613 AND 4485712 ORDER BY c
	Unique  (cost=377.59..378.08 rows=98 width=121)
	  ->  Sort  (cost=377.59..377.83 rows=98 width=121)
	        Sort Key: c
	        ->  Index Scan using sbtest8_pkey on sbtest8  (cost=0.43..374.34 rows=98 width=121)
	              Index Cond: ((id >= 4485613) AND (id <= 4485712))


for: order_ranges
table 1 : explain SELECT c FROM sbtest1 WHERE id BETWEEN 5524649 AND 5524748 ORDER BY c
	Sort  (cost=387.15..387.40 rows=100 width=121)
	  Sort Key: c
	  ->  Index Scan using sbtest1_pkey on sbtest1  (cost=0.43..383.83 rows=100 width=121)
	        Index Cond: ((id >= 5524649) AND (id <= 5524748))

table 2 : explain SELECT c FROM sbtest2 WHERE id BETWEEN 5699589 AND 5699688 ORDER BY c
	Sort  (cost=415.24..415.50 rows=107 width=121)
	  Sort Key: c
	  ->  Index Scan using sbtest2_pkey on sbtest2  (cost=0.43..411.63 rows=107 width=121)
	        Index Cond: ((id >= 5699589) AND (id <= 5699688))

table 3 : explain SELECT c FROM sbtest3 WHERE id BETWEEN 8722215 AND 8722314 ORDER BY c
	Sort  (cost=363.21..363.44 rows=93 width=121)
	  Sort Key: c
	  ->  Index Scan using sbtest3_pkey on sbtest3  (cost=0.43..360.17 rows=93 width=121)
	        Index Cond: ((id >= 8722215) AND (id <= 8722314))

table 4 : explain SELECT c FROM sbtest4 WHERE id BETWEEN 5103709 AND 5103808 ORDER BY c
	Sort  (cost=360.17..360.40 rows=93 width=121)
	  Sort Key: c
	  ->  Index Scan using sbtest4_pkey on sbtest4  (cost=0.43..357.13 rows=93 width=121)
	        Index Cond: ((id >= 5103709) AND (id <= 5103808))

table 5 : explain SELECT c FROM sbtest5 WHERE id BETWEEN 3577049 AND 3577148 ORDER BY c
	Sort  (cost=395.63..395.89 rows=102 width=121)
	  Sort Key: c
	  ->  Index Scan using sbtest5_pkey on sbtest5  (cost=0.43..392.23 rows=102 width=121)
	        Index Cond: ((id >= 3577049) AND (id <= 3577148))

table 6 : explain SELECT c FROM sbtest6 WHERE id BETWEEN 2452605 AND 2452704 ORDER BY c
	Sort  (cost=387.77..388.02 rows=100 width=121)
	  Sort Key: c
	  ->  Index Scan using sbtest6_pkey on sbtest6  (cost=0.43..384.44 rows=100 width=121)
	        Index Cond: ((id >= 2452605) AND (id <= 2452704))

table 7 : explain SELECT c FROM sbtest7 WHERE id BETWEEN 658859 AND 658958 ORDER BY c
	Sort  (cost=363.32..363.55 rows=94 width=121)
	  Sort Key: c
	  ->  Index Scan using sbtest7_pkey on sbtest7  (cost=0.43..360.24 rows=94 width=121)
	        Index Cond: ((id >= 658859) AND (id <= 658958))

table 8 : explain SELECT c FROM sbtest8 WHERE id BETWEEN 2909390 AND 2909489 ORDER BY c
	Sort  (cost=427.13..427.40 rows=111 width=121)
	  Sort Key: c
	  ->  Index Scan using sbtest8_pkey on sbtest8  (cost=0.43..423.36 rows=111 width=121)
	        Index Cond: ((id >= 2909390) AND (id <= 2909489))

explain: for index_updates :: explain UPDATE sbtest%u SET k=k+1 WHERE id=%u
for: sum_ranges
table 1 : explain SELECT SUM(k) FROM sbtest1 WHERE id BETWEEN 7928058 AND 7928157
	Aggregate  (cost=399.25..399.26 rows=1 width=8)
	  ->  Index Scan using sbtest1_pkey on sbtest1  (cost=0.43..398.99 rows=104 width=4)
	        Index Cond: ((id >= 7928058) AND (id <= 7928157))

table 2 : explain SELECT SUM(k) FROM sbtest2 WHERE id BETWEEN 3851615 AND 3851714
	Aggregate  (cost=354.77..354.78 rows=1 width=8)
	  ->  Index Scan using sbtest2_pkey on sbtest2  (cost=0.43..354.54 rows=92 width=4)
	        Index Cond: ((id >= 3851615) AND (id <= 3851714))

table 3 : explain SELECT SUM(k) FROM sbtest3 WHERE id BETWEEN 9894869 AND 9894968
	Aggregate  (cost=398.64..398.65 rows=1 width=8)
	  ->  Index Scan using sbtest3_pkey on sbtest3  (cost=0.43..398.38 rows=103 width=4)
	        Index Cond: ((id >= 9894869) AND (id <= 9894968))

table 4 : explain SELECT SUM(k) FROM sbtest4 WHERE id BETWEEN 7500528 AND 7500627
	Aggregate  (cost=361.15..361.16 rows=1 width=8)
	  ->  Index Scan using sbtest4_pkey on sbtest4  (cost=0.43..360.92 rows=94 width=4)
	        Index Cond: ((id >= 7500528) AND (id <= 7500627))

table 5 : explain SELECT SUM(k) FROM sbtest5 WHERE id BETWEEN 8610308 AND 8610407
	Aggregate  (cost=407.69..407.70 rows=1 width=8)
	  ->  Index Scan using sbtest5_pkey on sbtest5  (cost=0.43..407.42 rows=106 width=4)
	        Index Cond: ((id >= 8610308) AND (id <= 8610407))

table 6 : explain SELECT SUM(k) FROM sbtest6 WHERE id BETWEEN 4751779 AND 4751878
	Aggregate  (cost=373.30..373.31 rows=1 width=8)
	  ->  Index Scan using sbtest6_pkey on sbtest6  (cost=0.43..373.06 rows=97 width=4)
	        Index Cond: ((id >= 4751779) AND (id <= 4751878))

table 7 : explain SELECT SUM(k) FROM sbtest7 WHERE id BETWEEN 864020 AND 864119
	Aggregate  (cost=383.17..383.18 rows=1 width=8)
	  ->  Index Scan using sbtest7_pkey on sbtest7  (cost=0.43..382.92 rows=100 width=4)
	        Index Cond: ((id >= 864020) AND (id <= 864119))

table 8 : explain SELECT SUM(k) FROM sbtest8 WHERE id BETWEEN 8901949 AND 8902048
	Aggregate  (cost=382.13..382.14 rows=1 width=8)
	  ->  Index Scan using sbtest8_pkey on sbtest8  (cost=0.43..381.88 rows=100 width=4)
	        Index Cond: ((id >= 8901949) AND (id <= 8902048))

for inserts
table 1 : explain INSERT INTO sbtest1 (id, k, c, pad) VALUES (6254221, 13, 'foobar', 'foobar')
	Insert on sbtest1  (cost=0.00..0.01 rows=1 width=736)
	  ->  Result  (cost=0.00..0.01 rows=1 width=736)

table 2 : explain INSERT INTO sbtest2 (id, k, c, pad) VALUES (8976211, 13, 'foobar', 'foobar')
	Insert on sbtest2  (cost=0.00..0.01 rows=1 width=736)
	  ->  Result  (cost=0.00..0.01 rows=1 width=736)

table 3 : explain INSERT INTO sbtest3 (id, k, c, pad) VALUES (1789920, 13, 'foobar', 'foobar')
	Insert on sbtest3  (cost=0.00..0.01 rows=1 width=736)
	  ->  Result  (cost=0.00..0.01 rows=1 width=736)

table 4 : explain INSERT INTO sbtest4 (id, k, c, pad) VALUES (4312563, 13, 'foobar', 'foobar')
	Insert on sbtest4  (cost=0.00..0.01 rows=1 width=736)
	  ->  Result  (cost=0.00..0.01 rows=1 width=736)

table 5 : explain INSERT INTO sbtest5 (id, k, c, pad) VALUES (1886092, 13, 'foobar', 'foobar')
	Insert on sbtest5  (cost=0.00..0.01 rows=1 width=736)
	  ->  Result  (cost=0.00..0.01 rows=1 width=736)

table 6 : explain INSERT INTO sbtest6 (id, k, c, pad) VALUES (5981786, 13, 'foobar', 'foobar')
	Insert on sbtest6  (cost=0.00..0.01 rows=1 width=736)
	  ->  Result  (cost=0.00..0.01 rows=1 width=736)

table 7 : explain INSERT INTO sbtest7 (id, k, c, pad) VALUES (318463, 13, 'foobar', 'foobar')
	Insert on sbtest7  (cost=0.00..0.01 rows=1 width=736)
	  ->  Result  (cost=0.00..0.01 rows=1 width=736)

table 8 : explain INSERT INTO sbtest8 (id, k, c, pad) VALUES (6833734, 13, 'foobar', 'foobar')
	Insert on sbtest8  (cost=0.00..0.01 rows=1 width=736)
	  ->  Result  (cost=0.00..0.01 rows=1 width=736)

for: sum_ranges
table 1 : explain SELECT SUM(k) FROM sbtest1 WHERE id BETWEEN 660456 AND 660555
	Aggregate  (cost=380.29..380.30 rows=1 width=8)
	  ->  Index Scan using sbtest1_pkey on sbtest1  (cost=0.43..380.04 rows=99 width=4)
	        Index Cond: ((id >= 660456) AND (id <= 660555))

table 2 : explain SELECT SUM(k) FROM sbtest2 WHERE id BETWEEN 109063 AND 109162
	Aggregate  (cost=362.38..362.39 rows=1 width=8)
	  ->  Index Scan using sbtest2_pkey on sbtest2  (cost=0.43..362.15 rows=94 width=4)
	        Index Cond: ((id >= 109063) AND (id <= 109162))

table 3 : explain SELECT SUM(k) FROM sbtest3 WHERE id BETWEEN 9570421 AND 9570520
	Aggregate  (cost=390.99..391.00 rows=1 width=8)
	  ->  Index Scan using sbtest3_pkey on sbtest3  (cost=0.43..390.74 rows=101 width=4)
	        Index Cond: ((id >= 9570421) AND (id <= 9570520))

table 4 : explain SELECT SUM(k) FROM sbtest4 WHERE id BETWEEN 3574693 AND 3574792
	Aggregate  (cost=364.94..364.95 rows=1 width=8)
	  ->  Index Scan using sbtest4_pkey on sbtest4  (cost=0.43..364.70 rows=95 width=4)
	        Index Cond: ((id >= 3574693) AND (id <= 3574792))

table 5 : explain SELECT SUM(k) FROM sbtest5 WHERE id BETWEEN 8941797 AND 8941896
	Aggregate  (cost=354.42..354.43 rows=1 width=8)
	  ->  Index Scan using sbtest5_pkey on sbtest5  (cost=0.43..354.19 rows=92 width=4)
	        Index Cond: ((id >= 8941797) AND (id <= 8941896))

table 6 : explain SELECT SUM(k) FROM sbtest6 WHERE id BETWEEN 1607412 AND 1607511
	Aggregate  (cost=392.29..392.30 rows=1 width=8)
	  ->  Index Scan using sbtest6_pkey on sbtest6  (cost=0.43..392.04 rows=102 width=4)
	        Index Cond: ((id >= 1607412) AND (id <= 1607511))

table 7 : explain SELECT SUM(k) FROM sbtest7 WHERE id BETWEEN 8829826 AND 8829925
	Aggregate  (cost=405.87..405.88 rows=1 width=8)
	  ->  Index Scan using sbtest7_pkey on sbtest7  (cost=0.43..405.60 rows=106 width=4)
	        Index Cond: ((id >= 8829826) AND (id <= 8829925))

table 8 : explain SELECT SUM(k) FROM sbtest8 WHERE id BETWEEN 8673983 AND 8674082
	Aggregate  (cost=438.72..438.73 rows=1 width=8)
	  ->  Index Scan using sbtest8_pkey on sbtest8  (cost=0.43..438.44 rows=115 width=4)
	        Index Cond: ((id >= 8673983) AND (id <= 8674082))

explain: for index_updates :: explain UPDATE sbtest%u SET k=k+1 WHERE id=%u
explain: for index_updates :: explain UPDATE sbtest%u SET k=k+1 WHERE id=%u
explain: for index_updates :: explain UPDATE sbtest%u SET k=k+1 WHERE id=%u
for: distinct_ranges
table 1 : explain SELECT DISTINCT c FROM sbtest1 WHERE id BETWEEN 7236467 AND 7236566 ORDER BY c
	Unique  (cost=352.62..353.08 rows=91 width=121)
	  ->  Sort  (cost=352.62..352.85 rows=91 width=121)
	        Sort Key: c
	        ->  Index Scan using sbtest1_pkey on sbtest1  (cost=0.43..349.66 rows=91 width=121)
	              Index Cond: ((id >= 7236467) AND (id <= 7236566))

table 2 : explain SELECT DISTINCT c FROM sbtest2 WHERE id BETWEEN 7441451 AND 7441550 ORDER BY c
	Unique  (cost=353.70..354.16 rows=91 width=121)
	  ->  Sort  (cost=353.70..353.93 rows=91 width=121)
	        Sort Key: c
	        ->  Index Scan using sbtest2_pkey on sbtest2  (cost=0.43..350.74 rows=91 width=121)
	              Index Cond: ((id >= 7441451) AND (id <= 7441550))

table 3 : explain SELECT DISTINCT c FROM sbtest3 WHERE id BETWEEN 8725020 AND 8725119 ORDER BY c
	Unique  (cost=363.21..363.68 rows=93 width=121)
	  ->  Sort  (cost=363.21..363.44 rows=93 width=121)
	        Sort Key: c
	        ->  Index Scan using sbtest3_pkey on sbtest3  (cost=0.43..360.17 rows=93 width=121)
	              Index Cond: ((id >= 8725020) AND (id <= 8725119))

table 4 : explain SELECT DISTINCT c FROM sbtest4 WHERE id BETWEEN 2317396 AND 2317495 ORDER BY c
	Unique  (cost=371.65..372.13 rows=96 width=121)
	  ->  Sort  (cost=371.65..371.89 rows=96 width=121)
	        Sort Key: c
	        ->  Index Scan using sbtest4_pkey on sbtest4  (cost=0.43..368.49 rows=96 width=121)
	              Index Cond: ((id >= 2317396) AND (id <= 2317495))

table 5 : explain SELECT DISTINCT c FROM sbtest5 WHERE id BETWEEN 3501634 AND 3501733 ORDER BY c
	Unique  (cost=395.63..396.14 rows=102 width=121)
	  ->  Sort  (cost=395.63..395.89 rows=102 width=121)
	        Sort Key: c
	        ->  Index Scan using sbtest5_pkey on sbtest5  (cost=0.43..392.23 rows=102 width=121)
	              Index Cond: ((id >= 3501634) AND (id <= 3501733))

table 6 : explain SELECT DISTINCT c FROM sbtest6 WHERE id BETWEEN 4067664 AND 4067763 ORDER BY c
	Unique  (cost=410.79..411.32 rows=106 width=121)
	  ->  Sort  (cost=410.79..411.05 rows=106 width=121)
	        Sort Key: c
	        ->  Index Scan using sbtest6_pkey on sbtest6  (cost=0.43..407.22 rows=106 width=121)
	              Index Cond: ((id >= 4067664) AND (id <= 4067763))

table 7 : explain SELECT DISTINCT c FROM sbtest7 WHERE id BETWEEN 6819372 AND 6819471 ORDER BY c
	Unique  (cost=386.24..386.74 rows=100 width=121)
	  ->  Sort  (cost=386.24..386.49 rows=100 width=121)
	        Sort Key: c
	        ->  Index Scan using sbtest7_pkey on sbtest7  (cost=0.43..382.92 rows=100 width=121)
	              Index Cond: ((id >= 6819372) AND (id <= 6819471))

table 8 : explain SELECT DISTINCT c FROM sbtest8 WHERE id BETWEEN 4116557 AND 4116656 ORDER BY c
	Unique  (cost=389.02..389.52 rows=101 width=121)
	  ->  Sort  (cost=389.02..389.27 rows=101 width=121)
	        Sort Key: c
	        ->  Index Scan using sbtest8_pkey on sbtest8  (cost=0.43..385.65 rows=101 width=121)
	              Index Cond: ((id >= 4116557) AND (id <= 4116656))

for: sum_ranges
table 1 : explain SELECT SUM(k) FROM sbtest1 WHERE id BETWEEN 2124447 AND 2124546
	Aggregate  (cost=372.70..372.71 rows=1 width=8)
	  ->  Index Scan using sbtest1_pkey on sbtest1  (cost=0.43..372.46 rows=97 width=4)
	        Index Cond: ((id >= 2124447) AND (id <= 2124546))

table 2 : explain SELECT SUM(k) FROM sbtest2 WHERE id BETWEEN 353954 AND 354053
	Aggregate  (cost=381.46..381.47 rows=1 width=8)
	  ->  Index Scan using sbtest2_pkey on sbtest2  (cost=0.43..381.21 rows=99 width=4)
	        Index Cond: ((id >= 353954) AND (id <= 354053))

table 3 : explain SELECT SUM(k) FROM sbtest3 WHERE id BETWEEN 526417 AND 526516
	Aggregate  (cost=379.52..379.53 rows=1 width=8)
	  ->  Index Scan using sbtest3_pkey on sbtest3  (cost=0.43..379.28 rows=98 width=4)
	        Index Cond: ((id >= 526417) AND (id <= 526516))

table 4 : explain SELECT SUM(k) FROM sbtest4 WHERE id BETWEEN 7257869 AND 7257968
	Aggregate  (cost=418.01..418.02 rows=1 width=8)
	  ->  Index Scan using sbtest4_pkey on sbtest4  (cost=0.43..417.74 rows=109 width=4)
	        Index Cond: ((id >= 7257869) AND (id <= 7257968))

table 5 : explain SELECT SUM(k) FROM sbtest5 WHERE id BETWEEN 7279719 AND 7279818
	Aggregate  (cost=384.88..384.89 rows=1 width=8)
	  ->  Index Scan using sbtest5_pkey on sbtest5  (cost=0.43..384.63 rows=100 width=4)
	        Index Cond: ((id >= 7279719) AND (id <= 7279818))

table 6 : explain SELECT SUM(k) FROM sbtest6 WHERE id BETWEEN 9306025 AND 9306124
	Aggregate  (cost=388.49..388.50 rows=1 width=8)
	  ->  Index Scan using sbtest6_pkey on sbtest6  (cost=0.43..388.24 rows=101 width=4)
	        Index Cond: ((id >= 9306025) AND (id <= 9306124))

table 7 : explain SELECT SUM(k) FROM sbtest7 WHERE id BETWEEN 5356555 AND 5356654
	Aggregate  (cost=413.44..413.45 rows=1 width=8)
	  ->  Index Scan using sbtest7_pkey on sbtest7  (cost=0.43..413.17 rows=108 width=4)
	        Index Cond: ((id >= 5356555) AND (id <= 5356654))

table 8 : explain SELECT SUM(k) FROM sbtest8 WHERE id BETWEEN 2191662 AND 2191761
	Aggregate  (cost=355.73..355.74 rows=1 width=8)
	  ->  Index Scan using sbtest8_pkey on sbtest8  (cost=0.43..355.49 rows=93 width=4)
	        Index Cond: ((id >= 2191662) AND (id <= 2191761))

for: sum_ranges
table 1 : explain SELECT SUM(k) FROM sbtest1 WHERE id BETWEEN 7604843 AND 7604942
	Aggregate  (cost=391.66..391.67 rows=1 width=8)
	  ->  Index Scan using sbtest1_pkey on sbtest1  (cost=0.43..391.41 rows=102 width=4)
	        Index Cond: ((id >= 7604843) AND (id <= 7604942))

table 2 : explain SELECT SUM(k) FROM sbtest2 WHERE id BETWEEN 5435653 AND 5435752
	Aggregate  (cost=400.48..400.49 rows=1 width=8)
	  ->  Index Scan using sbtest2_pkey on sbtest2  (cost=0.43..400.22 rows=104 width=4)
	        Index Cond: ((id >= 5435653) AND (id <= 5435752))

table 3 : explain SELECT SUM(k) FROM sbtest3 WHERE id BETWEEN 2307848 AND 2307947
	Aggregate  (cost=364.23..364.24 rows=1 width=8)
	  ->  Index Scan using sbtest3_pkey on sbtest3  (cost=0.43..363.99 rows=94 width=4)
	        Index Cond: ((id >= 2307848) AND (id <= 2307947))

table 4 : explain SELECT SUM(k) FROM sbtest4 WHERE id BETWEEN 9778107 AND 9778206
	Aggregate  (cost=402.85..402.86 rows=1 width=8)
	  ->  Index Scan using sbtest4_pkey on sbtest4  (cost=0.43..402.59 rows=105 width=4)
	        Index Cond: ((id >= 9778107) AND (id <= 9778206))

table 5 : explain SELECT SUM(k) FROM sbtest5 WHERE id BETWEEN 7613322 AND 7613421
	Aggregate  (cost=369.63..369.64 rows=1 width=8)
	  ->  Index Scan using sbtest5_pkey on sbtest5  (cost=0.43..369.39 rows=96 width=4)
	        Index Cond: ((id >= 7613322) AND (id <= 7613421))

table 6 : explain SELECT SUM(k) FROM sbtest6 WHERE id BETWEEN 84211 AND 84310
	Aggregate  (cost=365.70..365.71 rows=1 width=8)
	  ->  Index Scan using sbtest6_pkey on sbtest6  (cost=0.43..365.46 rows=95 width=4)
	        Index Cond: ((id >= 84211) AND (id <= 84310))

table 7 : explain SELECT SUM(k) FROM sbtest7 WHERE id BETWEEN 5049548 AND 5049647
	Aggregate  (cost=345.34..345.35 rows=1 width=8)
	  ->  Index Scan using sbtest7_pkey on sbtest7  (cost=0.43..345.11 rows=90 width=4)
	        Index Cond: ((id >= 5049548) AND (id <= 5049647))

table 8 : explain SELECT SUM(k) FROM sbtest8 WHERE id BETWEEN 3557047 AND 3557146
	Aggregate  (cost=363.27..363.28 rows=1 width=8)
	  ->  Index Scan using sbtest8_pkey on sbtest8  (cost=0.43..363.03 rows=95 width=4)
	        Index Cond: ((id >= 3557047) AND (id <= 3557146))

for point_selects
table 1 : explain SELECT c FROM sbtest1 WHERE id=8389520
	Index Scan using sbtest1_pkey on sbtest1  (cost=0.43..8.45 rows=1 width=121)
	  Index Cond: (id = 8389520)

table 2 : explain SELECT c FROM sbtest2 WHERE id=6997186
	Index Scan using sbtest2_pkey on sbtest2  (cost=0.43..8.45 rows=1 width=121)
	  Index Cond: (id = 6997186)

table 3 : explain SELECT c FROM sbtest3 WHERE id=7808938
	Index Scan using sbtest3_pkey on sbtest3  (cost=0.43..8.45 rows=1 width=121)
	  Index Cond: (id = 7808938)

table 4 : explain SELECT c FROM sbtest4 WHERE id=5343479
	Index Scan using sbtest4_pkey on sbtest4  (cost=0.43..8.45 rows=1 width=121)
	  Index Cond: (id = 5343479)

table 5 : explain SELECT c FROM sbtest5 WHERE id=117633
	Index Scan using sbtest5_pkey on sbtest5  (cost=0.43..8.45 rows=1 width=121)
	  Index Cond: (id = 117633)

table 6 : explain SELECT c FROM sbtest6 WHERE id=6343882
	Index Scan using sbtest6_pkey on sbtest6  (cost=0.43..8.45 rows=1 width=121)
	  Index Cond: (id = 6343882)

table 7 : explain SELECT c FROM sbtest7 WHERE id=2960970
	Index Scan using sbtest7_pkey on sbtest7  (cost=0.43..8.45 rows=1 width=121)
	  Index Cond: (id = 2960970)

table 8 : explain SELECT c FROM sbtest8 WHERE id=4472149
	Index Scan using sbtest8_pkey on sbtest8  (cost=0.43..8.45 rows=1 width=121)
	  Index Cond: (id = 4472149)

for: distinct_ranges
table 1 : explain SELECT DISTINCT c FROM sbtest1 WHERE id BETWEEN 4030073 AND 4030172 ORDER BY c
	Unique  (cost=371.83..372.31 rows=96 width=121)
	  ->  Sort  (cost=371.83..372.07 rows=96 width=121)
	        Sort Key: c
	        ->  Index Scan using sbtest1_pkey on sbtest1  (cost=0.43..368.67 rows=96 width=121)
	              Index Cond: ((id >= 4030073) AND (id <= 4030172))

table 2 : explain SELECT DISTINCT c FROM sbtest2 WHERE id BETWEEN 8912641 AND 8912740 ORDER BY c
	Unique  (cost=380.65..381.14 rows=98 width=121)
	  ->  Sort  (cost=380.65..380.90 rows=98 width=121)
	        Sort Key: c
	        ->  Index Scan using sbtest2_pkey on sbtest2  (cost=0.43..377.41 rows=98 width=121)
	              Index Cond: ((id >= 8912641) AND (id <= 8912740))

table 3 : explain SELECT DISTINCT c FROM sbtest3 WHERE id BETWEEN 7424144 AND 7424243 ORDER BY c
	Unique  (cost=367.07..367.54 rows=94 width=121)
	  ->  Sort  (cost=367.07..367.31 rows=94 width=121)
	        Sort Key: c
	        ->  Index Scan using sbtest3_pkey on sbtest3  (cost=0.43..363.99 rows=94 width=121)
	              Index Cond: ((id >= 7424144) AND (id <= 7424243))

table 4 : explain SELECT DISTINCT c FROM sbtest4 WHERE id BETWEEN 5194065 AND 5194164 ORDER BY c
	Unique  (cost=344.80..345.25 rows=89 width=121)
	  ->  Sort  (cost=344.80..345.02 rows=89 width=121)
	        Sort Key: c
	        ->  Index Scan using sbtest4_pkey on sbtest4  (cost=0.43..341.92 rows=89 width=121)
	              Index Cond: ((id >= 5194065) AND (id <= 5194164))

table 5 : explain SELECT DISTINCT c FROM sbtest5 WHERE id BETWEEN 2290657 AND 2290756 ORDER BY c
	Unique  (cost=364.87..365.34 rows=94 width=121)
	  ->  Sort  (cost=364.87..365.10 rows=94 width=121)
	        Sort Key: c
	        ->  Index Scan using sbtest5_pkey on sbtest5  (cost=0.43..361.79 rows=94 width=121)
	              Index Cond: ((id >= 2290657) AND (id <= 2290756))

table 6 : explain SELECT DISTINCT c FROM sbtest6 WHERE id BETWEEN 2303086 AND 2303185 ORDER BY c
	Unique  (cost=380.09..380.58 rows=98 width=121)
	  ->  Sort  (cost=380.09..380.34 rows=98 width=121)
	        Sort Key: c
	        ->  Index Scan using sbtest6_pkey on sbtest6  (cost=0.43..376.85 rows=98 width=121)
	              Index Cond: ((id >= 2303086) AND (id <= 2303185))

table 7 : explain SELECT DISTINCT c FROM sbtest7 WHERE id BETWEEN 8464180 AND 8464279 ORDER BY c
	Unique  (cost=374.78..375.26 rows=97 width=121)
	  ->  Sort  (cost=374.78..375.02 rows=97 width=121)
	        Sort Key: c
	        ->  Index Scan using sbtest7_pkey on sbtest7  (cost=0.43..371.58 rows=97 width=121)
	              Index Cond: ((id >= 8464180) AND (id <= 8464279))

table 8 : explain SELECT DISTINCT c FROM sbtest8 WHERE id BETWEEN 2810368 AND 2810467 ORDER BY c
	Unique  (cost=381.40..381.89 rows=99 width=121)
	  ->  Sort  (cost=381.40..381.64 rows=99 width=121)
	        Sort Key: c
	        ->  Index Scan using sbtest8_pkey on sbtest8  (cost=0.43..378.11 rows=99 width=121)
	              Index Cond: ((id >= 2810368) AND (id <= 2810467))

for: sum_ranges
table 1 : explain SELECT SUM(k) FROM sbtest1 WHERE id BETWEEN 7341476 AND 7341575
	Aggregate  (cost=372.70..372.71 rows=1 width=8)
	  ->  Index Scan using sbtest1_pkey on sbtest1  (cost=0.43..372.46 rows=97 width=4)
	        Index Cond: ((id >= 7341476) AND (id <= 7341575))

table 2 : explain SELECT SUM(k) FROM sbtest2 WHERE id BETWEEN 7803612 AND 7803711
	Aggregate  (cost=347.17..347.18 rows=1 width=8)
	  ->  Index Scan using sbtest2_pkey on sbtest2  (cost=0.43..346.94 rows=90 width=4)
	        Index Cond: ((id >= 7803612) AND (id <= 7803711))

table 3 : explain SELECT SUM(k) FROM sbtest3 WHERE id BETWEEN 2222680 AND 2222779
	Aggregate  (cost=387.17..387.18 rows=1 width=8)
	  ->  Index Scan using sbtest3_pkey on sbtest3  (cost=0.43..386.92 rows=100 width=4)
	        Index Cond: ((id >= 2222680) AND (id <= 2222779))

table 4 : explain SELECT SUM(k) FROM sbtest4 WHERE id BETWEEN 131224 AND 131323
	Aggregate  (cost=391.48..391.49 rows=1 width=8)
	  ->  Index Scan using sbtest4_pkey on sbtest4  (cost=0.43..391.22 rows=102 width=4)
	        Index Cond: ((id >= 131224) AND (id <= 131323))

table 5 : explain SELECT SUM(k) FROM sbtest5 WHERE id BETWEEN 5780801 AND 5780900
	Aggregate  (cost=396.29..396.30 rows=1 width=8)
	  ->  Index Scan using sbtest5_pkey on sbtest5  (cost=0.43..396.03 rows=103 width=4)
	        Index Cond: ((id >= 5780801) AND (id <= 5780900))

table 6 : explain SELECT SUM(k) FROM sbtest6 WHERE id BETWEEN 4735499 AND 4735598
	Aggregate  (cost=373.30..373.31 rows=1 width=8)
	  ->  Index Scan using sbtest6_pkey on sbtest6  (cost=0.43..373.06 rows=97 width=4)
	        Index Cond: ((id >= 4735499) AND (id <= 4735598))

table 7 : explain SELECT SUM(k) FROM sbtest7 WHERE id BETWEEN 2030266 AND 2030365
	Aggregate  (cost=398.30..398.31 rows=1 width=8)
	  ->  Index Scan using sbtest7_pkey on sbtest7  (cost=0.43..398.04 rows=104 width=4)
	        Index Cond: ((id >= 2030266) AND (id <= 2030365))

table 8 : explain SELECT SUM(k) FROM sbtest8 WHERE id BETWEEN 948345 AND 948444
	Aggregate  (cost=412.32..412.33 rows=1 width=8)
	  ->  Index Scan using sbtest8_pkey on sbtest8  (cost=0.43..412.05 rows=108 width=4)
	        Index Cond: ((id >= 948345) AND (id <= 948444))
for: distinct_ranges
table 1 : explain SELECT DISTINCT c FROM sbtest1 WHERE id BETWEEN 6517712 AND 6517811 ORDER BY c
	Unique  (cost=390.98..391.49 rows=101 width=121)
	  ->  Sort  (cost=390.98..391.23 rows=101 width=121)
	        Sort Key: c
	        ->  Index Scan using sbtest1_pkey on sbtest1  (cost=0.43..387.62 rows=101 width=121)
	              Index Cond: ((id >= 6517712) AND (id <= 6517811))

table 2 : explain SELECT DISTINCT c FROM sbtest2 WHERE id BETWEEN 8613757 AND 8613856 ORDER BY c
	Unique  (cost=392.18..392.68 rows=101 width=121)
	  ->  Sort  (cost=392.18..392.43 rows=101 width=121)
	        Sort Key: c
	        ->  Index Scan using sbtest2_pkey on sbtest2  (cost=0.43..388.82 rows=101 width=121)
	              Index Cond: ((id >= 8613757) AND (id <= 8613856))

table 3 : explain SELECT DISTINCT c FROM sbtest3 WHERE id BETWEEN 8768668 AND 8768767 ORDER BY c
	Unique  (cost=428.86..429.41 rows=110 width=121)
	  ->  Sort  (cost=428.86..429.14 rows=110 width=121)
	        Sort Key: c
	        ->  Index Scan using sbtest3_pkey on sbtest3  (cost=0.43..425.13 rows=110 width=121)
	              Index Cond: ((id >= 8768668) AND (id <= 8768767))

table 4 : explain SELECT DISTINCT c FROM sbtest4 WHERE id BETWEEN 9612007 AND 9612106 ORDER BY c
	Unique  (cost=383.14..383.63 rows=99 width=121)
	  ->  Sort  (cost=383.14..383.39 rows=99 width=121)
	        Sort Key: c
	        ->  Index Scan using sbtest4_pkey on sbtest4  (cost=0.43..379.86 rows=99 width=121)
	              Index Cond: ((id >= 9612007) AND (id <= 9612106))

table 5 : explain SELECT DISTINCT c FROM sbtest5 WHERE id BETWEEN 8566535 AND 8566634 ORDER BY c
	Unique  (cost=403.31..403.83 rows=104 width=121)
	  ->  Sort  (cost=403.31..403.57 rows=104 width=121)
	        Sort Key: c
	        ->  Index Scan using sbtest5_pkey on sbtest5  (cost=0.43..399.83 rows=104 width=121)
	              Index Cond: ((id >= 8566535) AND (id <= 8566634))

table 6 : explain SELECT DISTINCT c FROM sbtest6 WHERE id BETWEEN 4782374 AND 4782473 ORDER BY c
	Unique  (cost=376.26..376.74 rows=97 width=121)
	  ->  Sort  (cost=376.26..376.50 rows=97 width=121)
	        Sort Key: c
	        ->  Index Scan using sbtest6_pkey on sbtest6  (cost=0.43..373.06 rows=97 width=121)
	              Index Cond: ((id >= 4782374) AND (id <= 4782473))

table 7 : explain SELECT DISTINCT c FROM sbtest7 WHERE id BETWEEN 1091603 AND 1091702 ORDER BY c
	Unique  (cost=409.17..409.70 rows=106 width=121)
	  ->  Sort  (cost=409.17..409.44 rows=106 width=121)
	        Sort Key: c
	        ->  Index Scan using sbtest7_pkey on sbtest7  (cost=0.43..405.60 rows=106 width=121)
	              Index Cond: ((id >= 1091603) AND (id <= 1091702))

table 8 : explain SELECT DISTINCT c FROM sbtest8 WHERE id BETWEEN 4198661 AND 4198760 ORDER BY c
	Unique  (cost=427.13..427.68 rows=111 width=121)
	  ->  Sort  (cost=427.13..427.40 rows=111 width=121)
	        Sort Key: c
	        ->  Index Scan using sbtest8_pkey on sbtest8  (cost=0.43..423.36 rows=111 width=121)
	              Index Cond: ((id >= 4198661) AND (id <= 4198760))


for index_updates
table 1 : explain UPDATE sbtest1 SET k=k+1 WHERE id=9181444
	Update on sbtest1  (cost=0.43..8.46 rows=1 width=196)
	  ->  Index Scan using sbtest1_pkey on sbtest1  (cost=0.43..8.46 rows=1 width=196)
	        Index Cond: (id = 9181444)

table 2 : explain UPDATE sbtest2 SET k=k+1 WHERE id=2300398
	Update on sbtest2  (cost=0.43..8.46 rows=1 width=196)
	  ->  Index Scan using sbtest2_pkey on sbtest2  (cost=0.43..8.46 rows=1 width=196)
	        Index Cond: (id = 2300398)

table 3 : explain UPDATE sbtest3 SET k=k+1 WHERE id=9956419
	Update on sbtest3  (cost=0.43..8.46 rows=1 width=196)
	  ->  Index Scan using sbtest3_pkey on sbtest3  (cost=0.43..8.46 rows=1 width=196)
	        Index Cond: (id = 9956419)

table 4 : explain UPDATE sbtest4 SET k=k+1 WHERE id=8221623
	Update on sbtest4  (cost=0.43..8.46 rows=1 width=196)
	  ->  Index Scan using sbtest4_pkey on sbtest4  (cost=0.43..8.46 rows=1 width=196)
	        Index Cond: (id = 8221623)

table 5 : explain UPDATE sbtest5 SET k=k+1 WHERE id=3058578
	Update on sbtest5  (cost=0.43..8.46 rows=1 width=196)
	  ->  Index Scan using sbtest5_pkey on sbtest5  (cost=0.43..8.46 rows=1 width=196)
	        Index Cond: (id = 3058578)

table 6 : explain UPDATE sbtest6 SET k=k+1 WHERE id=9318001
	Update on sbtest6  (cost=0.43..8.46 rows=1 width=196)
	  ->  Index Scan using sbtest6_pkey on sbtest6  (cost=0.43..8.46 rows=1 width=196)
	        Index Cond: (id = 9318001)

table 7 : explain UPDATE sbtest7 SET k=k+1 WHERE id=2713530
	Update on sbtest7  (cost=0.43..8.46 rows=1 width=196)
	  ->  Index Scan using sbtest7_pkey on sbtest7  (cost=0.43..8.46 rows=1 width=196)
	        Index Cond: (id = 2713530)

table 8 : explain UPDATE sbtest8 SET k=k+1 WHERE id=2422454
	Update on sbtest8  (cost=0.43..8.46 rows=1 width=196)
	  ->  Index Scan using sbtest8_pkey on sbtest8  (cost=0.43..8.46 rows=1 width=196)
	        Index Cond: (id = 2422454)

explain: for index_updates :: explain UPDATE sbtest%u SET k=k+1 WHERE id=%u
for index_updates
table 1 : explain UPDATE sbtest1 SET k=k+1 WHERE id=2254790
	Update on sbtest1  (cost=0.43..8.46 rows=1 width=196)
	  ->  Index Scan using sbtest1_pkey on sbtest1  (cost=0.43..8.46 rows=1 width=196)
	        Index Cond: (id = 2254790)

table 2 : explain UPDATE sbtest2 SET k=k+1 WHERE id=8156492
	Update on sbtest2  (cost=0.43..8.46 rows=1 width=196)
	  ->  Index Scan using sbtest2_pkey on sbtest2  (cost=0.43..8.46 rows=1 width=196)
	        Index Cond: (id = 8156492)

table 3 : explain UPDATE sbtest3 SET k=k+1 WHERE id=9687332
	Update on sbtest3  (cost=0.43..8.46 rows=1 width=196)
	  ->  Index Scan using sbtest3_pkey on sbtest3  (cost=0.43..8.46 rows=1 width=196)
	        Index Cond: (id = 9687332)

table 4 : explain UPDATE sbtest4 SET k=k+1 WHERE id=6666847
	Update on sbtest4  (cost=0.43..8.46 rows=1 width=196)
	  ->  Index Scan using sbtest4_pkey on sbtest4  (cost=0.43..8.46 rows=1 width=196)
	        Index Cond: (id = 6666847)

table 5 : explain UPDATE sbtest5 SET k=k+1 WHERE id=2252293
	Update on sbtest5  (cost=0.43..8.46 rows=1 width=196)
	  ->  Index Scan using sbtest5_pkey on sbtest5  (cost=0.43..8.46 rows=1 width=196)
	        Index Cond: (id = 2252293)

table 6 : explain UPDATE sbtest6 SET k=k+1 WHERE id=8745090
	Update on sbtest6  (cost=0.43..8.46 rows=1 width=196)
	  ->  Index Scan using sbtest6_pkey on sbtest6  (cost=0.43..8.46 rows=1 width=196)
	        Index Cond: (id = 8745090)

table 7 : explain UPDATE sbtest7 SET k=k+1 WHERE id=9610161
	Update on sbtest7  (cost=0.43..8.46 rows=1 width=196)
	  ->  Index Scan using sbtest7_pkey on sbtest7  (cost=0.43..8.46 rows=1 width=196)
	        Index Cond: (id = 9610161)

table 8 : explain UPDATE sbtest8 SET k=k+1 WHERE id=4539412
	Update on sbtest8  (cost=0.43..8.46 rows=1 width=196)
	  ->  Index Scan using sbtest8_pkey on sbtest8  (cost=0.43..8.46 rows=1 width=196)
	        Index Cond: (id = 4539412)

for point_selects
table 1 : explain SELECT c FROM sbtest1 WHERE id=5711673
	Index Scan using sbtest1_pkey on sbtest1  (cost=0.43..8.45 rows=1 width=121)
	  Index Cond: (id = 5711673)

table 2 : explain SELECT c FROM sbtest2 WHERE id=9873889
	Index Scan using sbtest2_pkey on sbtest2  (cost=0.43..8.45 rows=1 width=121)
	  Index Cond: (id = 9873889)

table 3 : explain SELECT c FROM sbtest3 WHERE id=8822645
	Index Scan using sbtest3_pkey on sbtest3  (cost=0.43..8.45 rows=1 width=121)
	  Index Cond: (id = 8822645)

table 4 : explain SELECT c FROM sbtest4 WHERE id=8979542
	Index Scan using sbtest4_pkey on sbtest4  (cost=0.43..8.45 rows=1 width=121)
	  Index Cond: (id = 8979542)

table 5 : explain SELECT c FROM sbtest5 WHERE id=259618
	Index Scan using sbtest5_pkey on sbtest5  (cost=0.43..8.45 rows=1 width=121)
	  Index Cond: (id = 259618)

table 6 : explain SELECT c FROM sbtest6 WHERE id=9550525
	Index Scan using sbtest6_pkey on sbtest6  (cost=0.43..8.45 rows=1 width=121)
	  Index Cond: (id = 9550525)

table 7 : explain SELECT c FROM sbtest7 WHERE id=8608904
	Index Scan using sbtest7_pkey on sbtest7  (cost=0.43..8.45 rows=1 width=121)
	  Index Cond: (id = 8608904)

table 8 : explain SELECT c FROM sbtest8 WHERE id=4825311
	Index Scan using sbtest8_pkey on sbtest8  (cost=0.43..8.45 rows=1 width=121)
	  Index Cond: (id = 4825311)

explain: for index_updates :: explain UPDATE sbtest%u SET k=k+1 WHERE id=%u
for index_updates
table 1 : explain UPDATE sbtest1 SET k=k+1 WHERE id=1473165
	Update on sbtest1  (cost=0.43..8.46 rows=1 width=196)
	  ->  Index Scan using sbtest1_pkey on sbtest1  (cost=0.43..8.46 rows=1 width=196)
	        Index Cond: (id = 1473165)

table 2 : explain UPDATE sbtest2 SET k=k+1 WHERE id=5336596
	Update on sbtest2  (cost=0.43..8.46 rows=1 width=196)
	  ->  Index Scan using sbtest2_pkey on sbtest2  (cost=0.43..8.46 rows=1 width=196)
	        Index Cond: (id = 5336596)

table 3 : explain UPDATE sbtest3 SET k=k+1 WHERE id=888412
	Update on sbtest3  (cost=0.43..8.46 rows=1 width=196)
	  ->  Index Scan using sbtest3_pkey on sbtest3  (cost=0.43..8.46 rows=1 width=196)
	        Index Cond: (id = 888412)

table 4 : explain UPDATE sbtest4 SET k=k+1 WHERE id=2054581
	Update on sbtest4  (cost=0.43..8.46 rows=1 width=196)
	  ->  Index Scan using sbtest4_pkey on sbtest4  (cost=0.43..8.46 rows=1 width=196)
	        Index Cond: (id = 2054581)

table 5 : explain UPDATE sbtest5 SET k=k+1 WHERE id=6231119
	Update on sbtest5  (cost=0.43..8.46 rows=1 width=196)
	  ->  Index Scan using sbtest5_pkey on sbtest5  (cost=0.43..8.46 rows=1 width=196)
	        Index Cond: (id = 6231119)

table 6 : explain UPDATE sbtest6 SET k=k+1 WHERE id=2477603
	Update on sbtest6  (cost=0.43..8.46 rows=1 width=196)
	  ->  Index Scan using sbtest6_pkey on sbtest6  (cost=0.43..8.46 rows=1 width=196)
	        Index Cond: (id = 2477603)

table 7 : explain UPDATE sbtest7 SET k=k+1 WHERE id=6981554
	Update on sbtest7  (cost=0.43..8.46 rows=1 width=196)
	  ->  Index Scan using sbtest7_pkey on sbtest7  (cost=0.43..8.46 rows=1 width=196)
	        Index Cond: (id = 6981554)

table 8 : explain UPDATE sbtest8 SET k=k+1 WHERE id=9250757
	Update on sbtest8  (cost=0.43..8.46 rows=1 width=196)
	  ->  Index Scan using sbtest8_pkey on sbtest8  (cost=0.43..8.46 rows=1 width=196)
	        Index Cond: (id = 9250757)

explain: for non_index_updates :: explain UPDATE sbtest%u SET c='foobar' WHERE id=%u
for index_updates
table 1 : explain UPDATE sbtest1 SET k=k+1 WHERE id=7381690
	Update on sbtest1  (cost=0.43..8.46 rows=1 width=196)
	  ->  Index Scan using sbtest1_pkey on sbtest1  (cost=0.43..8.46 rows=1 width=196)
	        Index Cond: (id = 7381690)

table 2 : explain UPDATE sbtest2 SET k=k+1 WHERE id=5979377
	Update on sbtest2  (cost=0.43..8.46 rows=1 width=196)
	  ->  Index Scan using sbtest2_pkey on sbtest2  (cost=0.43..8.46 rows=1 width=196)
	        Index Cond: (id = 5979377)

table 3 : explain UPDATE sbtest3 SET k=k+1 WHERE id=4660712
	Update on sbtest3  (cost=0.43..8.46 rows=1 width=196)
	  ->  Index Scan using sbtest3_pkey on sbtest3  (cost=0.43..8.46 rows=1 width=196)
	        Index Cond: (id = 4660712)

table 4 : explain UPDATE sbtest4 SET k=k+1 WHERE id=7752999
	Update on sbtest4  (cost=0.43..8.46 rows=1 width=196)
	  ->  Index Scan using sbtest4_pkey on sbtest4  (cost=0.43..8.46 rows=1 width=196)
	        Index Cond: (id = 7752999)

table 5 : explain UPDATE sbtest5 SET k=k+1 WHERE id=3142366
	Update on sbtest5  (cost=0.43..8.46 rows=1 width=196)
	  ->  Index Scan using sbtest5_pkey on sbtest5  (cost=0.43..8.46 rows=1 width=196)
	        Index Cond: (id = 3142366)

table 6 : explain UPDATE sbtest6 SET k=k+1 WHERE id=8525464
	Update on sbtest6  (cost=0.43..8.46 rows=1 width=196)
	  ->  Index Scan using sbtest6_pkey on sbtest6  (cost=0.43..8.46 rows=1 width=196)
	        Index Cond: (id = 8525464)

table 7 : explain UPDATE sbtest7 SET k=k+1 WHERE id=492419
	Update on sbtest7  (cost=0.43..8.46 rows=1 width=196)
	  ->  Index Scan using sbtest7_pkey on sbtest7  (cost=0.43..8.46 rows=1 width=196)
	        Index Cond: (id = 492419)

table 8 : explain UPDATE sbtest8 SET k=k+1 WHERE id=2261163
	Update on sbtest8  (cost=0.43..8.46 rows=1 width=196)
	  ->  Index Scan using sbtest8_pkey on sbtest8  (cost=0.43..8.46 rows=1 width=196)
	        Index Cond: (id = 2261163)

explain: for non_index_updates :: explain UPDATE sbtest%u SET c='foobar' WHERE id=%u
for index_updates
table 1 : explain UPDATE sbtest1 SET k=k+1 WHERE id=8614629
	Update on sbtest1  (cost=0.43..8.46 rows=1 width=196)
	  ->  Index Scan using sbtest1_pkey on sbtest1  (cost=0.43..8.46 rows=1 width=196)
	        Index Cond: (id = 8614629)

table 2 : explain UPDATE sbtest2 SET k=k+1 WHERE id=138829
	Update on sbtest2  (cost=0.43..8.46 rows=1 width=196)
	  ->  Index Scan using sbtest2_pkey on sbtest2  (cost=0.43..8.46 rows=1 width=196)
	        Index Cond: (id = 138829)

table 3 : explain UPDATE sbtest3 SET k=k+1 WHERE id=4100986
	Update on sbtest3  (cost=0.43..8.46 rows=1 width=196)
	  ->  Index Scan using sbtest3_pkey on sbtest3  (cost=0.43..8.46 rows=1 width=196)
	        Index Cond: (id = 4100986)

table 4 : explain UPDATE sbtest4 SET k=k+1 WHERE id=5772852
	Update on sbtest4  (cost=0.43..8.46 rows=1 width=196)
	  ->  Index Scan using sbtest4_pkey on sbtest4  (cost=0.43..8.46 rows=1 width=196)
	        Index Cond: (id = 5772852)

table 5 : explain UPDATE sbtest5 SET k=k+1 WHERE id=280021
	Update on sbtest5  (cost=0.43..8.46 rows=1 width=196)
	  ->  Index Scan using sbtest5_pkey on sbtest5  (cost=0.43..8.46 rows=1 width=196)
	        Index Cond: (id = 280021)

table 6 : explain UPDATE sbtest6 SET k=k+1 WHERE id=8187900
	Update on sbtest6  (cost=0.43..8.46 rows=1 width=196)
	  ->  Index Scan using sbtest6_pkey on sbtest6  (cost=0.43..8.46 rows=1 width=196)
	        Index Cond: (id = 8187900)

table 7 : explain UPDATE sbtest7 SET k=k+1 WHERE id=1074876
	Update on sbtest7  (cost=0.43..8.46 rows=1 width=196)
	  ->  Index Scan using sbtest7_pkey on sbtest7  (cost=0.43..8.46 rows=1 width=196)
	        Index Cond: (id = 1074876)

table 8 : explain UPDATE sbtest8 SET k=k+1 WHERE id=1137950
	Update on sbtest8  (cost=0.43..8.46 rows=1 width=196)
	  ->  Index Scan using sbtest8_pkey on sbtest8  (cost=0.43..8.46 rows=1 width=196)
	        Index Cond: (id = 1137950)

for: order_ranges
table 1 : explain SELECT c FROM sbtest1 WHERE id BETWEEN 5244314 AND 5244413 ORDER BY c
	Sort  (cost=390.98..391.23 rows=101 width=121)
	  Sort Key: c
	  ->  Index Scan using sbtest1_pkey on sbtest1  (cost=0.43..387.62 rows=101 width=121)
	        Index Cond: ((id >= 5244314) AND (id <= 5244413))

table 2 : explain SELECT c FROM sbtest2 WHERE id BETWEEN 8159670 AND 8159769 ORDER BY c
	Sort  (cost=376.81..377.05 rows=97 width=121)
	  Sort Key: c
	  ->  Index Scan using sbtest2_pkey on sbtest2  (cost=0.43..373.61 rows=97 width=121)
	        Index Cond: ((id >= 8159670) AND (id <= 8159769))

table 3 : explain SELECT c FROM sbtest3 WHERE id BETWEEN 8595056 AND 8595155 ORDER BY c
	Sort  (cost=374.80..375.04 rows=96 width=121)
	  Sort Key: c
	  ->  Index Scan using sbtest3_pkey on sbtest3  (cost=0.43..371.63 rows=96 width=121)
	        Index Cond: ((id >= 8595056) AND (id <= 8595155))

table 4 : explain SELECT c FROM sbtest4 WHERE id BETWEEN 5576729 AND 5576828 ORDER BY c
	Sort  (cost=386.97..387.22 rows=100 width=121)
	  Sort Key: c
	  ->  Index Scan using sbtest4_pkey on sbtest4  (cost=0.43..383.65 rows=100 width=121)
	        Index Cond: ((id >= 5576729) AND (id <= 5576828))

table 5 : explain SELECT c FROM sbtest5 WHERE id BETWEEN 3790051 AND 3790150 ORDER BY c
	Sort  (cost=345.68..345.90 rows=89 width=121)
	  Sort Key: c
	  ->  Index Scan using sbtest5_pkey on sbtest5  (cost=0.43..342.80 rows=89 width=121)
	        Index Cond: ((id >= 3790051) AND (id <= 3790150))

table 6 : explain SELECT c FROM sbtest6 WHERE id BETWEEN 6350510 AND 6350609 ORDER BY c
	Sort  (cost=403.11..403.37 rows=104 width=121)
	  Sort Key: c
	  ->  Index Scan using sbtest6_pkey on sbtest6  (cost=0.43..399.63 rows=104 width=121)
	        Index Cond: ((id >= 6350510) AND (id <= 6350609))

table 7 : explain SELECT c FROM sbtest7 WHERE id BETWEEN 2642191 AND 2642290 ORDER BY c
	Sort  (cost=378.60..378.85 rows=98 width=121)
	  Sort Key: c
	  ->  Index Scan using sbtest7_pkey on sbtest7  (cost=0.43..375.36 rows=98 width=121)
	        Index Cond: ((id >= 2642191) AND (id <= 2642290))

table 8 : explain SELECT c FROM sbtest8 WHERE id BETWEEN 1495666 AND 1495765 ORDER BY c
	Sort  (cost=404.26..404.52 rows=105 width=121)
	  Sort Key: c
	  ->  Index Scan using sbtest8_pkey on sbtest8  (cost=0.43..400.74 rows=105 width=121)
	        Index Cond: ((id >= 1495666) AND (id <= 1495765))

for: distinct_ranges
table 1 : explain SELECT DISTINCT c FROM sbtest1 WHERE id BETWEEN 7431472 AND 7431571 ORDER BY c
	Unique  (cost=375.66..376.15 rows=97 width=121)
	  ->  Sort  (cost=375.66..375.90 rows=97 width=121)
	        Sort Key: c
	        ->  Index Scan using sbtest1_pkey on sbtest1  (cost=0.43..372.46 rows=97 width=121)
	              Index Cond: ((id >= 7431472) AND (id <= 7431571))

table 2 : explain SELECT DISTINCT c FROM sbtest2 WHERE id BETWEEN 4299402 AND 4299501 ORDER BY c
	Unique  (cost=384.49..384.99 rows=99 width=121)
	  ->  Sort  (cost=384.49..384.74 rows=99 width=121)
	        Sort Key: c
	        ->  Index Scan using sbtest2_pkey on sbtest2  (cost=0.43..381.21 rows=99 width=121)
	              Index Cond: ((id >= 4299402) AND (id <= 4299501))

table 3 : explain SELECT DISTINCT c FROM sbtest3 WHERE id BETWEEN 8778822 AND 8778921 ORDER BY c
	Unique  (cost=428.86..429.41 rows=110 width=121)
	  ->  Sort  (cost=428.86..429.14 rows=110 width=121)
	        Sort Key: c
	        ->  Index Scan using sbtest3_pkey on sbtest3  (cost=0.43..425.13 rows=110 width=121)
	              Index Cond: ((id >= 8778822) AND (id <= 8778921))

table 4 : explain SELECT DISTINCT c FROM sbtest4 WHERE id BETWEEN 890185 AND 890284 ORDER BY c
	Unique  (cost=386.97..387.47 rows=100 width=121)
	  ->  Sort  (cost=386.97..387.22 rows=100 width=121)
	        Sort Key: c
	        ->  Index Scan using sbtest4_pkey on sbtest4  (cost=0.43..383.65 rows=100 width=121)
	              Index Cond: ((id >= 890185) AND (id <= 890284))

table 5 : explain SELECT DISTINCT c FROM sbtest5 WHERE id BETWEEN 3278886 AND 3278985 ORDER BY c
	Unique  (cost=372.55..373.03 rows=96 width=121)
	  ->  Sort  (cost=372.55..372.79 rows=96 width=121)
	        Sort Key: c
	        ->  Index Scan using sbtest5_pkey on sbtest5  (cost=0.43..369.39 rows=96 width=121)
	              Index Cond: ((id >= 3278886) AND (id <= 3278985))

table 6 : explain SELECT DISTINCT c FROM sbtest6 WHERE id BETWEEN 8921016 AND 8921115 ORDER BY c
	Unique  (cost=383.93..384.42 rows=99 width=121)
	  ->  Sort  (cost=383.93..384.18 rows=99 width=121)
	        Sort Key: c
	        ->  Index Scan using sbtest6_pkey on sbtest6  (cost=0.43..380.65 rows=99 width=121)
	              Index Cond: ((id >= 8921016) AND (id <= 8921115))

table 7 : explain SELECT DISTINCT c FROM sbtest7 WHERE id BETWEEN 3483476 AND 3483575 ORDER BY c
	Unique  (cost=378.60..379.09 rows=98 width=121)
	  ->  Sort  (cost=378.60..378.85 rows=98 width=121)
	        Sort Key: c
	        ->  Index Scan using sbtest7_pkey on sbtest7  (cost=0.43..375.36 rows=98 width=121)
	              Index Cond: ((id >= 3483476) AND (id <= 3483575))

table 8 : explain SELECT DISTINCT c FROM sbtest8 WHERE id BETWEEN 3692116 AND 3692215 ORDER BY c
	Unique  (cost=373.78..374.26 rows=97 width=121)
	  ->  Sort  (cost=373.78..374.02 rows=97 width=121)
	        Sort Key: c
	        ->  Index Scan using sbtest8_pkey on sbtest8  (cost=0.43..370.57 rows=97 width=121)
	              Index Cond: ((id >= 3692116) AND (id <= 3692215))

for: order_ranges
table 1 : explain SELECT c FROM sbtest1 WHERE id BETWEEN 238946 AND 239045 ORDER BY c
	Sort  (cost=368.00..368.24 rows=95 width=121)
	  Sort Key: c
	  ->  Index Scan using sbtest1_pkey on sbtest1  (cost=0.43..364.88 rows=95 width=121)
	        Index Cond: ((id >= 238946) AND (id <= 239045))

table 2 : explain SELECT c FROM sbtest2 WHERE id BETWEEN 8139525 AND 8139624 ORDER BY c
	Sort  (cost=376.81..377.05 rows=97 width=121)
	  Sort Key: c
	  ->  Index Scan using sbtest2_pkey on sbtest2  (cost=0.43..373.61 rows=97 width=121)
	        Index Cond: ((id >= 8139525) AND (id <= 8139624))

table 3 : explain SELECT c FROM sbtest3 WHERE id BETWEEN 486812 AND 486911 ORDER BY c
	Sort  (cost=382.52..382.76 rows=98 width=121)
	  Sort Key: c
	  ->  Index Scan using sbtest3_pkey on sbtest3  (cost=0.43..379.28 rows=98 width=121)
	        Index Cond: ((id >= 486812) AND (id <= 486911))

table 4 : explain SELECT c FROM sbtest4 WHERE id BETWEEN 6001533 AND 6001632 ORDER BY c
	Sort  (cost=394.62..394.88 rows=102 width=121)
	  Sort Key: c
	  ->  Index Scan using sbtest4_pkey on sbtest4  (cost=0.43..391.22 rows=102 width=121)
	        Index Cond: ((id >= 6001533) AND (id <= 6001632))

table 5 : explain SELECT c FROM sbtest5 WHERE id BETWEEN 8685834 AND 8685933 ORDER BY c
	Sort  (cost=353.36..353.58 rows=91 width=121)
	  Sort Key: c
	  ->  Index Scan using sbtest5_pkey on sbtest5  (cost=0.43..350.39 rows=91 width=121)
	        Index Cond: ((id >= 8685834) AND (id <= 8685933))

table 6 : explain SELECT c FROM sbtest6 WHERE id BETWEEN 8245558 AND 8245657 ORDER BY c
	Sort  (cost=406.95..407.21 rows=105 width=121)
	  Sort Key: c
	  ->  Index Scan using sbtest6_pkey on sbtest6  (cost=0.43..403.43 rows=105 width=121)
	        Index Cond: ((id >= 8245558) AND (id <= 8245657))

table 7 : explain SELECT c FROM sbtest7 WHERE id BETWEEN 261609 AND 261708 ORDER BY c
	Sort  (cost=378.60..378.85 rows=98 width=121)
	  Sort Key: c
	  ->  Index Scan using sbtest7_pkey on sbtest7  (cost=0.43..375.36 rows=98 width=121)
	        Index Cond: ((id >= 261609) AND (id <= 261708))

table 8 : explain SELECT c FROM sbtest8 WHERE id BETWEEN 5195595 AND 5195694 ORDER BY c
	Sort  (cost=369.97..370.21 rows=96 width=121)
	  Sort Key: c
	  ->  Index Scan using sbtest8_pkey on sbtest8  (cost=0.43..366.80 rows=96 width=121)
	        Index Cond: ((id >= 5195595) AND (id <= 5195694))
explain: for non_index_updates :: explain UPDATE sbtest%u SET c='foobar' WHERE id=%u

for inserts
table 1 : explain INSERT INTO sbtest1 (id, k, c, pad) VALUES (9959190, 13, 'foobar', 'foobar')
	Insert on sbtest1  (cost=0.00..0.01 rows=1 width=736)
	  ->  Result  (cost=0.00..0.01 rows=1 width=736)

table 2 : explain INSERT INTO sbtest2 (id, k, c, pad) VALUES (1761633, 13, 'foobar', 'foobar')
	Insert on sbtest2  (cost=0.00..0.01 rows=1 width=736)
	  ->  Result  (cost=0.00..0.01 rows=1 width=736)

table 3 : explain INSERT INTO sbtest3 (id, k, c, pad) VALUES (28519, 13, 'foobar', 'foobar')
	Insert on sbtest3  (cost=0.00..0.01 rows=1 width=736)
	  ->  Result  (cost=0.00..0.01 rows=1 width=736)

table 4 : explain INSERT INTO sbtest4 (id, k, c, pad) VALUES (4728848, 13, 'foobar', 'foobar')
	Insert on sbtest4  (cost=0.00..0.01 rows=1 width=736)
	  ->  Result  (cost=0.00..0.01 rows=1 width=736)

table 5 : explain INSERT INTO sbtest5 (id, k, c, pad) VALUES (8313758, 13, 'foobar', 'foobar')
	Insert on sbtest5  (cost=0.00..0.01 rows=1 width=736)
	  ->  Result  (cost=0.00..0.01 rows=1 width=736)

table 6 : explain INSERT INTO sbtest6 (id, k, c, pad) VALUES (5172747, 13, 'foobar', 'foobar')
	Insert on sbtest6  (cost=0.00..0.01 rows=1 width=736)
	  ->  Result  (cost=0.00..0.01 rows=1 width=736)

table 7 : explain INSERT INTO sbtest7 (id, k, c, pad) VALUES (8012062, 13, 'foobar', 'foobar')
	Insert on sbtest7  (cost=0.00..0.01 rows=1 width=736)
	  ->  Result  (cost=0.00..0.01 rows=1 width=736)

table 8 : explain INSERT INTO sbtest8 (id, k, c, pad) VALUES (5073949, 13, 'foobar', 'foobar')
	Insert on sbtest8  (cost=0.00..0.01 rows=1 width=736)
	  ->  Result  (cost=0.00..0.01 rows=1 width=736)

explain: for index_updates :: explain UPDATE sbtest%u SET k=k+1 WHERE id=%u
for: simple_ranges
table 1 : explain SELECT c FROM sbtest1 WHERE id BETWEEN 4846514 AND 4846613
	Index Scan using sbtest1_pkey on sbtest1  (cost=0.43..387.62 rows=101 width=121)
	  Index Cond: ((id >= 4846514) AND (id <= 4846613))

table 2 : explain SELECT c FROM sbtest2 WHERE id BETWEEN 2490415 AND 2490514
	Index Scan using sbtest2_pkey on sbtest2  (cost=0.43..381.21 rows=99 width=121)
	  Index Cond: ((id >= 2490415) AND (id <= 2490514))

table 3 : explain SELECT c FROM sbtest3 WHERE id BETWEEN 5115945 AND 5116044
	Index Scan using sbtest3_pkey on sbtest3  (cost=0.43..363.99 rows=94 width=121)
	  Index Cond: ((id >= 5115945) AND (id <= 5116044))

table 4 : explain SELECT c FROM sbtest4 WHERE id BETWEEN 4455942 AND 4456041
	Index Scan using sbtest4_pkey on sbtest4  (cost=0.43..376.07 rows=98 width=121)
	  Index Cond: ((id >= 4455942) AND (id <= 4456041))

table 5 : explain SELECT c FROM sbtest5 WHERE id BETWEEN 1867002 AND 1867101
	Index Scan using sbtest5_pkey on sbtest5  (cost=0.43..403.62 rows=105 width=121)
	  Index Cond: ((id >= 1867002) AND (id <= 1867101))

table 6 : explain SELECT c FROM sbtest6 WHERE id BETWEEN 114572 AND 114671
	Index Scan using sbtest6_pkey on sbtest6  (cost=0.43..342.63 rows=89 width=121)
	  Index Cond: ((id >= 114572) AND (id <= 114671))

table 7 : explain SELECT c FROM sbtest7 WHERE id BETWEEN 7338320 AND 7338419
	Index Scan using sbtest7_pkey on sbtest7  (cost=0.43..356.46 rows=93 width=121)
	  Index Cond: ((id >= 7338320) AND (id <= 7338419))

table 8 : explain SELECT c FROM sbtest8 WHERE id BETWEEN 3736360 AND 3736459
	Index Scan using sbtest8_pkey on sbtest8  (cost=0.43..370.57 rows=97 width=121)
	  Index Cond: ((id >= 3736360) AND (id <= 3736459))

explain: for non_index_updates :: explain UPDATE sbtest%u SET c='foobar' WHERE id=%u
for index_updates
table 1 : explain UPDATE sbtest1 SET k=k+1 WHERE id=673000
	Update on sbtest1  (cost=0.43..8.46 rows=1 width=196)
	  ->  Index Scan using sbtest1_pkey on sbtest1  (cost=0.43..8.46 rows=1 width=196)
	        Index Cond: (id = 673000)

table 2 : explain UPDATE sbtest2 SET k=k+1 WHERE id=5146110
	Update on sbtest2  (cost=0.43..8.46 rows=1 width=196)
	  ->  Index Scan using sbtest2_pkey on sbtest2  (cost=0.43..8.46 rows=1 width=196)
	        Index Cond: (id = 5146110)

table 3 : explain UPDATE sbtest3 SET k=k+1 WHERE id=7703358
	Update on sbtest3  (cost=0.43..8.46 rows=1 width=196)
	  ->  Index Scan using sbtest3_pkey on sbtest3  (cost=0.43..8.46 rows=1 width=196)
	        Index Cond: (id = 7703358)

table 4 : explain UPDATE sbtest4 SET k=k+1 WHERE id=7310380
	Update on sbtest4  (cost=0.43..8.46 rows=1 width=196)
	  ->  Index Scan using sbtest4_pkey on sbtest4  (cost=0.43..8.46 rows=1 width=196)
	        Index Cond: (id = 7310380)

table 5 : explain UPDATE sbtest5 SET k=k+1 WHERE id=1725959
	Update on sbtest5  (cost=0.43..8.46 rows=1 width=196)
	  ->  Index Scan using sbtest5_pkey on sbtest5  (cost=0.43..8.46 rows=1 width=196)
	        Index Cond: (id = 1725959)

table 6 : explain UPDATE sbtest6 SET k=k+1 WHERE id=6688955
	Update on sbtest6  (cost=0.43..8.46 rows=1 width=196)
	  ->  Index Scan using sbtest6_pkey on sbtest6  (cost=0.43..8.46 rows=1 width=196)
	        Index Cond: (id = 6688955)

table 7 : explain UPDATE sbtest7 SET k=k+1 WHERE id=2251774
	Update on sbtest7  (cost=0.43..8.46 rows=1 width=196)
	  ->  Index Scan using sbtest7_pkey on sbtest7  (cost=0.43..8.46 rows=1 width=196)
	        Index Cond: (id = 2251774)

table 8 : explain UPDATE sbtest8 SET k=k+1 WHERE id=3442781
	Update on sbtest8  (cost=0.43..8.46 rows=1 width=196)
	  ->  Index Scan using sbtest8_pkey on sbtest8  (cost=0.43..8.46 rows=1 width=196)
	        Index Cond: (id = 3442781)

for: order_ranges
table 1 : explain SELECT c FROM sbtest1 WHERE id BETWEEN 2058224 AND 2058323 ORDER BY c
	Sort  (cost=368.00..368.24 rows=95 width=121)
	  Sort Key: c
	  ->  Index Scan using sbtest1_pkey on sbtest1  (cost=0.43..364.88 rows=95 width=121)
	        Index Cond: ((id >= 2058224) AND (id <= 2058323))

table 2 : explain SELECT c FROM sbtest2 WHERE id BETWEEN 9649065 AND 9649164 ORDER BY c
	Sort  (cost=376.81..377.05 rows=97 width=121)
	  Sort Key: c
	  ->  Index Scan using sbtest2_pkey on sbtest2  (cost=0.43..373.61 rows=97 width=121)
	        Index Cond: ((id >= 9649065) AND (id <= 9649164))

table 3 : explain SELECT c FROM sbtest3 WHERE id BETWEEN 6002538 AND 6002637 ORDER BY c
	Sort  (cost=386.38..386.63 rows=99 width=121)
	  Sort Key: c
	  ->  Index Scan using sbtest3_pkey on sbtest3  (cost=0.43..383.10 rows=99 width=121)
	        Index Cond: ((id >= 6002538) AND (id <= 6002637))

table 4 : explain SELECT c FROM sbtest4 WHERE id BETWEEN 1461136 AND 1461235 ORDER BY c
	Sort  (cost=348.69..348.91 rows=90 width=121)
	  Sort Key: c
	  ->  Index Scan using sbtest4_pkey on sbtest4  (cost=0.43..345.76 rows=90 width=121)
	        Index Cond: ((id >= 1461136) AND (id <= 1461235))

table 5 : explain SELECT c FROM sbtest5 WHERE id BETWEEN 6182770 AND 6182869 ORDER BY c
	Sort  (cost=403.31..403.57 rows=104 width=121)
	  Sort Key: c
	  ->  Index Scan using sbtest5_pkey on sbtest5  (cost=0.43..399.83 rows=104 width=121)
	        Index Cond: ((id >= 6182770) AND (id <= 6182869))

table 6 : explain SELECT c FROM sbtest6 WHERE id BETWEEN 6947035 AND 6947134 ORDER BY c
	Sort  (cost=403.11..403.37 rows=104 width=121)
	  Sort Key: c
	  ->  Index Scan using sbtest6_pkey on sbtest6  (cost=0.43..399.63 rows=104 width=121)
	        Index Cond: ((id >= 6947035) AND (id <= 6947134))

table 7 : explain SELECT c FROM sbtest7 WHERE id BETWEEN 6682309 AND 6682408 ORDER BY c
	Sort  (cost=393.88..394.14 rows=102 width=121)
	  Sort Key: c
	  ->  Index Scan using sbtest7_pkey on sbtest7  (cost=0.43..390.48 rows=102 width=121)
	        Index Cond: ((id >= 6682309) AND (id <= 6682408))

table 8 : explain SELECT c FROM sbtest8 WHERE id BETWEEN 5342987 AND 5343086 ORDER BY c
	Sort  (cost=373.78..374.02 rows=97 width=121)
	  Sort Key: c
	  ->  Index Scan using sbtest8_pkey on sbtest8  (cost=0.43..370.57 rows=97 width=121)
	        Index Cond: ((id >= 5342987) AND (id <= 5343086))

for: order_ranges
table 1 : explain SELECT c FROM sbtest1 WHERE id BETWEEN 6777148 AND 6777247 ORDER BY c
	Sort  (cost=360.28..360.52 rows=93 width=121)
	  Sort Key: c
	  ->  Index Scan using sbtest1_pkey on sbtest1  (cost=0.43..357.24 rows=93 width=121)
	        Index Cond: ((id >= 6777148) AND (id <= 6777247))

table 2 : explain SELECT c FROM sbtest2 WHERE id BETWEEN 3186835 AND 3186934 ORDER BY c
	Sort  (cost=392.18..392.43 rows=101 width=121)
	  Sort Key: c
	  ->  Index Scan using sbtest2_pkey on sbtest2  (cost=0.43..388.82 rows=101 width=121)
	        Index Cond: ((id >= 3186835) AND (id <= 3186934))

table 3 : explain SELECT c FROM sbtest3 WHERE id BETWEEN 7296886 AND 7296985 ORDER BY c
	Sort  (cost=336.13..336.35 rows=86 width=121)
	  Sort Key: c
	  ->  Index Scan using sbtest3_pkey on sbtest3  (cost=0.43..333.37 rows=86 width=121)
	        Index Cond: ((id >= 7296886) AND (id <= 7296985))

table 4 : explain SELECT c FROM sbtest4 WHERE id BETWEEN 8942309 AND 8942408 ORDER BY c
	Sort  (cost=406.11..406.37 rows=105 width=121)
	  Sort Key: c
	  ->  Index Scan using sbtest4_pkey on sbtest4  (cost=0.43..402.59 rows=105 width=121)
	        Index Cond: ((id >= 8942309) AND (id <= 8942408))

table 5 : explain SELECT c FROM sbtest5 WHERE id BETWEEN 4909997 AND 4910096 ORDER BY c
	Sort  (cost=353.36..353.58 rows=91 width=121)
	  Sort Key: c
	  ->  Index Scan using sbtest5_pkey on sbtest5  (cost=0.43..350.39 rows=91 width=121)
	        Index Cond: ((id >= 4909997) AND (id <= 4910096))

table 6 : explain SELECT c FROM sbtest6 WHERE id BETWEEN 771441 AND 771540 ORDER BY c
	Sort  (cost=426.14..426.41 rows=110 width=121)
	  Sort Key: c
	  ->  Index Scan using sbtest6_pkey on sbtest6  (cost=0.43..422.41 rows=110 width=121)
	        Index Cond: ((id >= 771441) AND (id <= 771540))

table 7 : explain SELECT c FROM sbtest7 WHERE id BETWEEN 5586169 AND 5586268 ORDER BY c
	Sort  (cost=382.42..382.67 rows=99 width=121)
	  Sort Key: c
	  ->  Index Scan using sbtest7_pkey on sbtest7  (cost=0.43..379.14 rows=99 width=121)
	        Index Cond: ((id >= 5586169) AND (id <= 5586268))

table 8 : explain SELECT c FROM sbtest8 WHERE id BETWEEN 9539924 AND 9540023 ORDER BY c
	Sort  (cost=396.64..396.90 rows=103 width=121)
	  Sort Key: c
	  ->  Index Scan using sbtest8_pkey on sbtest8  (cost=0.43..393.20 rows=103 width=121)
	        Index Cond: ((id >= 9539924) AND (id <= 9540023))

explain: for non_index_updates :: explain UPDATE sbtest%u SET c='foobar' WHERE id=%u
for index_updates
table 1 : explain UPDATE sbtest1 SET k=k+1 WHERE id=5987436
	Update on sbtest1  (cost=0.43..8.46 rows=1 width=196)
	  ->  Index Scan using sbtest1_pkey on sbtest1  (cost=0.43..8.46 rows=1 width=196)
	        Index Cond: (id = 5987436)

table 2 : explain UPDATE sbtest2 SET k=k+1 WHERE id=7765916
	Update on sbtest2  (cost=0.43..8.46 rows=1 width=196)
	  ->  Index Scan using sbtest2_pkey on sbtest2  (cost=0.43..8.46 rows=1 width=196)
	        Index Cond: (id = 7765916)

table 3 : explain UPDATE sbtest3 SET k=k+1 WHERE id=5810023
	Update on sbtest3  (cost=0.43..8.46 rows=1 width=196)
	  ->  Index Scan using sbtest3_pkey on sbtest3  (cost=0.43..8.46 rows=1 width=196)
	        Index Cond: (id = 5810023)

table 4 : explain UPDATE sbtest4 SET k=k+1 WHERE id=1021272
	Update on sbtest4  (cost=0.43..8.46 rows=1 width=196)
	  ->  Index Scan using sbtest4_pkey on sbtest4  (cost=0.43..8.46 rows=1 width=196)
	        Index Cond: (id = 1021272)

table 5 : explain UPDATE sbtest5 SET k=k+1 WHERE id=6043912
	Update on sbtest5  (cost=0.43..8.46 rows=1 width=196)
	  ->  Index Scan using sbtest5_pkey on sbtest5  (cost=0.43..8.46 rows=1 width=196)
	        Index Cond: (id = 6043912)

table 6 : explain UPDATE sbtest6 SET k=k+1 WHERE id=6491181
	Update on sbtest6  (cost=0.43..8.46 rows=1 width=196)
	  ->  Index Scan using sbtest6_pkey on sbtest6  (cost=0.43..8.46 rows=1 width=196)
	        Index Cond: (id = 6491181)

table 7 : explain UPDATE sbtest7 SET k=k+1 WHERE id=1532129
	Update on sbtest7  (cost=0.43..8.46 rows=1 width=196)
	  ->  Index Scan using sbtest7_pkey on sbtest7  (cost=0.43..8.46 rows=1 width=196)
	        Index Cond: (id = 1532129)

table 8 : explain UPDATE sbtest8 SET k=k+1 WHERE id=7702337
	Update on sbtest8  (cost=0.43..8.46 rows=1 width=196)
	  ->  Index Scan using sbtest8_pkey on sbtest8  (cost=0.43..8.46 rows=1 width=196)
	        Index Cond: (id = 7702337)

explain: for index_updates :: explain UPDATE sbtest%u SET k=k+1 WHERE id=%u
for non_index_updates
table 1 : explain UPDATE sbtest1 SET c='foobar' WHERE id=174868
	Update on sbtest1  (cost=0.43..8.45 rows=1 width=559)
	  ->  Index Scan using sbtest1_pkey on sbtest1  (cost=0.43..8.45 rows=1 width=559)
	        Index Cond: (id = 174868)

table 2 : explain UPDATE sbtest2 SET c='foobar' WHERE id=8004106
	Update on sbtest2  (cost=0.43..8.45 rows=1 width=559)
	  ->  Index Scan using sbtest2_pkey on sbtest2  (cost=0.43..8.45 rows=1 width=559)
	        Index Cond: (id = 8004106)

table 3 : explain UPDATE sbtest3 SET c='foobar' WHERE id=5010499
	Update on sbtest3  (cost=0.43..8.45 rows=1 width=559)
	  ->  Index Scan using sbtest3_pkey on sbtest3  (cost=0.43..8.45 rows=1 width=559)
	        Index Cond: (id = 5010499)

table 4 : explain UPDATE sbtest4 SET c='foobar' WHERE id=9242449
	Update on sbtest4  (cost=0.43..8.45 rows=1 width=559)
	  ->  Index Scan using sbtest4_pkey on sbtest4  (cost=0.43..8.45 rows=1 width=559)
	        Index Cond: (id = 9242449)

table 5 : explain UPDATE sbtest5 SET c='foobar' WHERE id=4842988
	Update on sbtest5  (cost=0.43..8.45 rows=1 width=559)
	  ->  Index Scan using sbtest5_pkey on sbtest5  (cost=0.43..8.45 rows=1 width=559)
	        Index Cond: (id = 4842988)

table 6 : explain UPDATE sbtest6 SET c='foobar' WHERE id=8023317
	Update on sbtest6  (cost=0.43..8.45 rows=1 width=559)
	  ->  Index Scan using sbtest6_pkey on sbtest6  (cost=0.43..8.45 rows=1 width=559)
	        Index Cond: (id = 8023317)

table 7 : explain UPDATE sbtest7 SET c='foobar' WHERE id=3791846
	Update on sbtest7  (cost=0.43..8.45 rows=1 width=559)
	  ->  Index Scan using sbtest7_pkey on sbtest7  (cost=0.43..8.45 rows=1 width=559)
	        Index Cond: (id = 3791846)

table 8 : explain UPDATE sbtest8 SET c='foobar' WHERE id=7831661
	Update on sbtest8  (cost=0.43..8.45 rows=1 width=559)
	  ->  Index Scan using sbtest8_pkey on sbtest8  (cost=0.43..8.45 rows=1 width=559)
	        Index Cond: (id = 7831661)

for: order_ranges
table 1 : explain SELECT c FROM sbtest1 WHERE id BETWEEN 4268531 AND 4268630 ORDER BY c
	Sort  (cost=360.28..360.52 rows=93 width=121)
	  Sort Key: c
	  ->  Index Scan using sbtest1_pkey on sbtest1  (cost=0.43..357.24 rows=93 width=121)
	        Index Cond: ((id >= 4268531) AND (id <= 4268630))

table 2 : explain SELECT c FROM sbtest2 WHERE id BETWEEN 446028 AND 446127 ORDER BY c
	Sort  (cost=388.34..388.59 rows=100 width=121)
	  Sort Key: c
	  ->  Index Scan using sbtest2_pkey on sbtest2  (cost=0.43..385.02 rows=100 width=121)
	        Index Cond: ((id >= 446028) AND (id <= 446127))

table 3 : explain SELECT c FROM sbtest3 WHERE id BETWEEN 5084084 AND 5084183 ORDER BY c
	Sort  (cost=386.38..386.63 rows=99 width=121)
	  Sort Key: c
	  ->  Index Scan using sbtest3_pkey on sbtest3  (cost=0.43..383.10 rows=99 width=121)
	        Index Cond: ((id >= 5084084) AND (id <= 5084183))

table 4 : explain SELECT c FROM sbtest4 WHERE id BETWEEN 7169301 AND 7169400 ORDER BY c
	Sort  (cost=348.69..348.91 rows=90 width=121)
	  Sort Key: c
	  ->  Index Scan using sbtest4_pkey on sbtest4  (cost=0.43..345.76 rows=90 width=121)
	        Index Cond: ((id >= 7169301) AND (id <= 7169400))

table 5 : explain SELECT c FROM sbtest5 WHERE id BETWEEN 6245722 AND 6245821 ORDER BY c
	Sort  (cost=399.47..399.73 rows=103 width=121)
	  Sort Key: c
	  ->  Index Scan using sbtest5_pkey on sbtest5  (cost=0.43..396.03 rows=103 width=121)
	        Index Cond: ((id >= 6245722) AND (id <= 6245821))

table 6 : explain SELECT c FROM sbtest6 WHERE id BETWEEN 5747662 AND 5747761 ORDER BY c
	Sort  (cost=345.51..345.73 rows=89 width=121)
	  Sort Key: c
	  ->  Index Scan using sbtest6_pkey on sbtest6  (cost=0.43..342.63 rows=89 width=121)
	        Index Cond: ((id >= 5747662) AND (id <= 5747761))

table 7 : explain SELECT c FROM sbtest7 WHERE id BETWEEN 8126844 AND 8126943 ORDER BY c
	Sort  (cost=390.06..390.32 rows=101 width=121)
	  Sort Key: c
	  ->  Index Scan using sbtest7_pkey on sbtest7  (cost=0.43..386.70 rows=101 width=121)
	        Index Cond: ((id >= 8126844) AND (id <= 8126943))

table 8 : explain SELECT c FROM sbtest8 WHERE id BETWEEN 9552477 AND 9552576 ORDER BY c
	Sort  (cost=396.64..396.90 rows=103 width=121)
	  Sort Key: c
	  ->  Index Scan using sbtest8_pkey on sbtest8  (cost=0.43..393.20 rows=103 width=121)
	        Index Cond: ((id >= 9552477) AND (id <= 9552576))

for index_updates
table 1 : explain UPDATE sbtest1 SET k=k+1 WHERE id=5496380
	Update on sbtest1  (cost=0.43..8.46 rows=1 width=196)
	  ->  Index Scan using sbtest1_pkey on sbtest1  (cost=0.43..8.46 rows=1 width=196)
	        Index Cond: (id = 5496380)

table 2 : explain UPDATE sbtest2 SET k=k+1 WHERE id=1183604
	Update on sbtest2  (cost=0.43..8.46 rows=1 width=196)
	  ->  Index Scan using sbtest2_pkey on sbtest2  (cost=0.43..8.46 rows=1 width=196)
	        Index Cond: (id = 1183604)

table 3 : explain UPDATE sbtest3 SET k=k+1 WHERE id=3443121
	Update on sbtest3  (cost=0.43..8.46 rows=1 width=196)
	  ->  Index Scan using sbtest3_pkey on sbtest3  (cost=0.43..8.46 rows=1 width=196)
	        Index Cond: (id = 3443121)

table 4 : explain UPDATE sbtest4 SET k=k+1 WHERE id=7426712
	Update on sbtest4  (cost=0.43..8.46 rows=1 width=196)
	  ->  Index Scan using sbtest4_pkey on sbtest4  (cost=0.43..8.46 rows=1 width=196)
	        Index Cond: (id = 7426712)

table 5 : explain UPDATE sbtest5 SET k=k+1 WHERE id=9830866
	Update on sbtest5  (cost=0.43..8.46 rows=1 width=196)
	  ->  Index Scan using sbtest5_pkey on sbtest5  (cost=0.43..8.46 rows=1 width=196)
	        Index Cond: (id = 9830866)

table 6 : explain UPDATE sbtest6 SET k=k+1 WHERE id=6010543
	Update on sbtest6  (cost=0.43..8.46 rows=1 width=196)
	  ->  Index Scan using sbtest6_pkey on sbtest6  (cost=0.43..8.46 rows=1 width=196)
	        Index Cond: (id = 6010543)

table 7 : explain UPDATE sbtest7 SET k=k+1 WHERE id=2065566
	Update on sbtest7  (cost=0.43..8.46 rows=1 width=196)
	  ->  Index Scan using sbtest7_pkey on sbtest7  (cost=0.43..8.46 rows=1 width=196)
	        Index Cond: (id = 2065566)

table 8 : explain UPDATE sbtest8 SET k=k+1 WHERE id=7210816
	Update on sbtest8  (cost=0.43..8.46 rows=1 width=196)
	  ->  Index Scan using sbtest8_pkey on sbtest8  (cost=0.43..8.46 rows=1 width=196)
	        Index Cond: (id = 7210816)

for non_index_updates
table 1 : explain UPDATE sbtest1 SET c='foobar' WHERE id=5756327
	Update on sbtest1  (cost=0.43..8.45 rows=1 width=559)
	  ->  Index Scan using sbtest1_pkey on sbtest1  (cost=0.43..8.45 rows=1 width=559)
	        Index Cond: (id = 5756327)

table 2 : explain UPDATE sbtest2 SET c='foobar' WHERE id=9537632
	Update on sbtest2  (cost=0.43..8.45 rows=1 width=559)
	  ->  Index Scan using sbtest2_pkey on sbtest2  (cost=0.43..8.45 rows=1 width=559)
	        Index Cond: (id = 9537632)

table 3 : explain UPDATE sbtest3 SET c='foobar' WHERE id=5026294
	Update on sbtest3  (cost=0.43..8.45 rows=1 width=559)
	  ->  Index Scan using sbtest3_pkey on sbtest3  (cost=0.43..8.45 rows=1 width=559)
	        Index Cond: (id = 5026294)

table 4 : explain UPDATE sbtest4 SET c='foobar' WHERE id=6901243
	Update on sbtest4  (cost=0.43..8.45 rows=1 width=559)
	  ->  Index Scan using sbtest4_pkey on sbtest4  (cost=0.43..8.45 rows=1 width=559)
	        Index Cond: (id = 6901243)

table 5 : explain UPDATE sbtest5 SET c='foobar' WHERE id=8431553
	Update on sbtest5  (cost=0.43..8.45 rows=1 width=559)
	  ->  Index Scan using sbtest5_pkey on sbtest5  (cost=0.43..8.45 rows=1 width=559)
	        Index Cond: (id = 8431553)

table 6 : explain UPDATE sbtest6 SET c='foobar' WHERE id=8870007
	Update on sbtest6  (cost=0.43..8.45 rows=1 width=559)
	  ->  Index Scan using sbtest6_pkey on sbtest6  (cost=0.43..8.45 rows=1 width=559)
	        Index Cond: (id = 8870007)

table 7 : explain UPDATE sbtest7 SET c='foobar' WHERE id=1094927
	Update on sbtest7  (cost=0.43..8.45 rows=1 width=559)
	  ->  Index Scan using sbtest7_pkey on sbtest7  (cost=0.43..8.45 rows=1 width=559)
	        Index Cond: (id = 1094927)

table 8 : explain UPDATE sbtest8 SET c='foobar' WHERE id=6440667
	Update on sbtest8  (cost=0.43..8.45 rows=1 width=559)
	  ->  Index Scan using sbtest8_pkey on sbtest8  (cost=0.43..8.45 rows=1 width=559)
	        Index Cond: (id = 6440667)

for non_index_updates
table 1 : explain UPDATE sbtest1 SET c='foobar' WHERE id=5479193
	Update on sbtest1  (cost=0.43..8.45 rows=1 width=559)
	  ->  Index Scan using sbtest1_pkey on sbtest1  (cost=0.43..8.45 rows=1 width=559)
	        Index Cond: (id = 5479193)

table 2 : explain UPDATE sbtest2 SET c='foobar' WHERE id=8221992
	Update on sbtest2  (cost=0.43..8.45 rows=1 width=559)
	  ->  Index Scan using sbtest2_pkey on sbtest2  (cost=0.43..8.45 rows=1 width=559)
	        Index Cond: (id = 8221992)

table 3 : explain UPDATE sbtest3 SET c='foobar' WHERE id=8461847
	Update on sbtest3  (cost=0.43..8.45 rows=1 width=559)
	  ->  Index Scan using sbtest3_pkey on sbtest3  (cost=0.43..8.45 rows=1 width=559)
	        Index Cond: (id = 8461847)

table 4 : explain UPDATE sbtest4 SET c='foobar' WHERE id=5920215
	Update on sbtest4  (cost=0.43..8.45 rows=1 width=559)
	  ->  Index Scan using sbtest4_pkey on sbtest4  (cost=0.43..8.45 rows=1 width=559)
	        Index Cond: (id = 5920215)

table 5 : explain UPDATE sbtest5 SET c='foobar' WHERE id=4727498
	Update on sbtest5  (cost=0.43..8.45 rows=1 width=559)
	  ->  Index Scan using sbtest5_pkey on sbtest5  (cost=0.43..8.45 rows=1 width=559)
	        Index Cond: (id = 4727498)

table 6 : explain UPDATE sbtest6 SET c='foobar' WHERE id=3517598
	Update on sbtest6  (cost=0.43..8.45 rows=1 width=559)
	  ->  Index Scan using sbtest6_pkey on sbtest6  (cost=0.43..8.45 rows=1 width=559)
	        Index Cond: (id = 3517598)

table 7 : explain UPDATE sbtest7 SET c='foobar' WHERE id=362466
	Update on sbtest7  (cost=0.43..8.45 rows=1 width=559)
	  ->  Index Scan using sbtest7_pkey on sbtest7  (cost=0.43..8.45 rows=1 width=559)
	        Index Cond: (id = 362466)

table 8 : explain UPDATE sbtest8 SET c='foobar' WHERE id=4059562
	Update on sbtest8  (cost=0.43..8.45 rows=1 width=559)
	  ->  Index Scan using sbtest8_pkey on sbtest8  (cost=0.43..8.45 rows=1 width=559)
	        Index Cond: (id = 4059562)

explain: for deletes :: explain DELETE FROM sbtest%u WHERE id=%u
explain: for deletes :: explain DELETE FROM sbtest%u WHERE id=%u
for non_index_updates
table 1 : explain UPDATE sbtest1 SET c='foobar' WHERE id=2989323
	Update on sbtest1  (cost=0.43..8.45 rows=1 width=559)
	  ->  Index Scan using sbtest1_pkey on sbtest1  (cost=0.43..8.45 rows=1 width=559)
	        Index Cond: (id = 2989323)

table 2 : explain UPDATE sbtest2 SET c='foobar' WHERE id=6620465
	Update on sbtest2  (cost=0.43..8.45 rows=1 width=559)
	  ->  Index Scan using sbtest2_pkey on sbtest2  (cost=0.43..8.45 rows=1 width=559)
	        Index Cond: (id = 6620465)

table 3 : explain UPDATE sbtest3 SET c='foobar' WHERE id=4008827
	Update on sbtest3  (cost=0.43..8.45 rows=1 width=559)
	  ->  Index Scan using sbtest3_pkey on sbtest3  (cost=0.43..8.45 rows=1 width=559)
	        Index Cond: (id = 4008827)

table 4 : explain UPDATE sbtest4 SET c='foobar' WHERE id=8705947
	Update on sbtest4  (cost=0.43..8.45 rows=1 width=559)
	  ->  Index Scan using sbtest4_pkey on sbtest4  (cost=0.43..8.45 rows=1 width=559)
	        Index Cond: (id = 8705947)

table 5 : explain UPDATE sbtest5 SET c='foobar' WHERE id=2512695
	Update on sbtest5  (cost=0.43..8.45 rows=1 width=559)
	  ->  Index Scan using sbtest5_pkey on sbtest5  (cost=0.43..8.45 rows=1 width=559)
	        Index Cond: (id = 2512695)

table 6 : explain UPDATE sbtest6 SET c='foobar' WHERE id=9877740
	Update on sbtest6  (cost=0.43..8.45 rows=1 width=559)
	  ->  Index Scan using sbtest6_pkey on sbtest6  (cost=0.43..8.45 rows=1 width=559)
	        Index Cond: (id = 9877740)

table 7 : explain UPDATE sbtest7 SET c='foobar' WHERE id=7106978
	Update on sbtest7  (cost=0.43..8.45 rows=1 width=559)
	  ->  Index Scan using sbtest7_pkey on sbtest7  (cost=0.43..8.45 rows=1 width=559)
	        Index Cond: (id = 7106978)

table 8 : explain UPDATE sbtest8 SET c='foobar' WHERE id=9241991
	Update on sbtest8  (cost=0.43..8.45 rows=1 width=559)
	  ->  Index Scan using sbtest8_pkey on sbtest8  (cost=0.43..8.45 rows=1 width=559)
	        Index Cond: (id = 9241991)

explain: for non_index_updates :: explain UPDATE sbtest%u SET c='foobar' WHERE id=%u
for non_index_updates
table 1 : explain UPDATE sbtest1 SET c='foobar' WHERE id=5021510
	Update on sbtest1  (cost=0.43..8.45 rows=1 width=559)
	  ->  Index Scan using sbtest1_pkey on sbtest1  (cost=0.43..8.45 rows=1 width=559)
	        Index Cond: (id = 5021510)

table 2 : explain UPDATE sbtest2 SET c='foobar' WHERE id=2726412
	Update on sbtest2  (cost=0.43..8.45 rows=1 width=559)
	  ->  Index Scan using sbtest2_pkey on sbtest2  (cost=0.43..8.45 rows=1 width=559)
	        Index Cond: (id = 2726412)

table 3 : explain UPDATE sbtest3 SET c='foobar' WHERE id=1774649
	Update on sbtest3  (cost=0.43..8.45 rows=1 width=559)
	  ->  Index Scan using sbtest3_pkey on sbtest3  (cost=0.43..8.45 rows=1 width=559)
	        Index Cond: (id = 1774649)

table 4 : explain UPDATE sbtest4 SET c='foobar' WHERE id=9749054
	Update on sbtest4  (cost=0.43..8.45 rows=1 width=559)
	  ->  Index Scan using sbtest4_pkey on sbtest4  (cost=0.43..8.45 rows=1 width=559)
	        Index Cond: (id = 9749054)

table 5 : explain UPDATE sbtest5 SET c='foobar' WHERE id=2543208
	Update on sbtest5  (cost=0.43..8.45 rows=1 width=559)
	  ->  Index Scan using sbtest5_pkey on sbtest5  (cost=0.43..8.45 rows=1 width=559)
	        Index Cond: (id = 2543208)

table 6 : explain UPDATE sbtest6 SET c='foobar' WHERE id=613435
	Update on sbtest6  (cost=0.43..8.45 rows=1 width=559)
	  ->  Index Scan using sbtest6_pkey on sbtest6  (cost=0.43..8.45 rows=1 width=559)
	        Index Cond: (id = 613435)

table 7 : explain UPDATE sbtest7 SET c='foobar' WHERE id=5169188
	Update on sbtest7  (cost=0.43..8.45 rows=1 width=559)
	  ->  Index Scan using sbtest7_pkey on sbtest7  (cost=0.43..8.45 rows=1 width=559)
	        Index Cond: (id = 5169188)

table 8 : explain UPDATE sbtest8 SET c='foobar' WHERE id=6705526
	Update on sbtest8  (cost=0.43..8.45 rows=1 width=559)
	  ->  Index Scan using sbtest8_pkey on sbtest8  (cost=0.43..8.45 rows=1 width=559)
	        Index Cond: (id = 6705526)

explain: for deletes :: explain DELETE FROM sbtest%u WHERE id=%u
explain: for non_index_updates :: explain UPDATE sbtest%u SET c='foobar' WHERE id=%u
explain: for non_index_updates :: explain UPDATE sbtest%u SET c='foobar' WHERE id=%u
explain: for deletes :: explain DELETE FROM sbtest%u WHERE id=%u
explain: for deletes :: explain DELETE FROM sbtest%u WHERE id=%u
for index_updates
table 1 : explain UPDATE sbtest1 SET k=k+1 WHERE id=202687
	Update on sbtest1  (cost=0.43..8.46 rows=1 width=196)
	  ->  Index Scan using sbtest1_pkey on sbtest1  (cost=0.43..8.46 rows=1 width=196)
	        Index Cond: (id = 202687)

table 2 : explain UPDATE sbtest2 SET k=k+1 WHERE id=1841022
	Update on sbtest2  (cost=0.43..8.46 rows=1 width=196)
	  ->  Index Scan using sbtest2_pkey on sbtest2  (cost=0.43..8.46 rows=1 width=196)
	        Index Cond: (id = 1841022)

table 3 : explain UPDATE sbtest3 SET k=k+1 WHERE id=6172590
	Update on sbtest3  (cost=0.43..8.46 rows=1 width=196)
	  ->  Index Scan using sbtest3_pkey on sbtest3  (cost=0.43..8.46 rows=1 width=196)
	        Index Cond: (id = 6172590)

table 4 : explain UPDATE sbtest4 SET k=k+1 WHERE id=2721851
	Update on sbtest4  (cost=0.43..8.46 rows=1 width=196)
	  ->  Index Scan using sbtest4_pkey on sbtest4  (cost=0.43..8.46 rows=1 width=196)
	        Index Cond: (id = 2721851)

table 5 : explain UPDATE sbtest5 SET k=k+1 WHERE id=6877422
	Update on sbtest5  (cost=0.43..8.46 rows=1 width=196)
	  ->  Index Scan using sbtest5_pkey on sbtest5  (cost=0.43..8.46 rows=1 width=196)
	        Index Cond: (id = 6877422)

table 6 : explain UPDATE sbtest6 SET k=k+1 WHERE id=505187
	Update on sbtest6  (cost=0.43..8.46 rows=1 width=196)
	  ->  Index Scan using sbtest6_pkey on sbtest6  (cost=0.43..8.46 rows=1 width=196)
	        Index Cond: (id = 505187)

table 7 : explain UPDATE sbtest7 SET k=k+1 WHERE id=2103024
	Update on sbtest7  (cost=0.43..8.46 rows=1 width=196)
	  ->  Index Scan using sbtest7_pkey on sbtest7  (cost=0.43..8.46 rows=1 width=196)
	        Index Cond: (id = 2103024)

table 8 : explain UPDATE sbtest8 SET k=k+1 WHERE id=1571718
	Update on sbtest8  (cost=0.43..8.46 rows=1 width=196)
	  ->  Index Scan using sbtest8_pkey on sbtest8  (cost=0.43..8.46 rows=1 width=196)
	        Index Cond: (id = 1571718)

for deletes
table 1 : explain DELETE FROM sbtest1 WHERE id=681729
	Delete on sbtest1  (cost=0.43..8.45 rows=1 width=6)
	  ->  Index Scan using sbtest1_pkey on sbtest1  (cost=0.43..8.45 rows=1 width=6)
	        Index Cond: (id = 681729)

table 2 : explain DELETE FROM sbtest2 WHERE id=208861
	Delete on sbtest2  (cost=0.43..8.45 rows=1 width=6)
	  ->  Index Scan using sbtest2_pkey on sbtest2  (cost=0.43..8.45 rows=1 width=6)
	        Index Cond: (id = 208861)

table 3 : explain DELETE FROM sbtest3 WHERE id=7970110
	Delete on sbtest3  (cost=0.43..8.45 rows=1 width=6)
	  ->  Index Scan using sbtest3_pkey on sbtest3  (cost=0.43..8.45 rows=1 width=6)
	        Index Cond: (id = 7970110)

table 4 : explain DELETE FROM sbtest4 WHERE id=7030577
	Delete on sbtest4  (cost=0.43..8.45 rows=1 width=6)
	  ->  Index Scan using sbtest4_pkey on sbtest4  (cost=0.43..8.45 rows=1 width=6)
	        Index Cond: (id = 7030577)

table 5 : explain DELETE FROM sbtest5 WHERE id=5132317
	Delete on sbtest5  (cost=0.43..8.45 rows=1 width=6)
	  ->  Index Scan using sbtest5_pkey on sbtest5  (cost=0.43..8.45 rows=1 width=6)
	        Index Cond: (id = 5132317)

table 6 : explain DELETE FROM sbtest6 WHERE id=5852378
	Delete on sbtest6  (cost=0.43..8.45 rows=1 width=6)
	  ->  Index Scan using sbtest6_pkey on sbtest6  (cost=0.43..8.45 rows=1 width=6)
	        Index Cond: (id = 5852378)

table 7 : explain DELETE FROM sbtest7 WHERE id=6718455
	Delete on sbtest7  (cost=0.43..8.45 rows=1 width=6)
	  ->  Index Scan using sbtest7_pkey on sbtest7  (cost=0.43..8.45 rows=1 width=6)
	        Index Cond: (id = 6718455)

table 8 : explain DELETE FROM sbtest8 WHERE id=976570
	Delete on sbtest8  (cost=0.43..8.45 rows=1 width=6)
	  ->  Index Scan using sbtest8_pkey on sbtest8  (cost=0.43..8.45 rows=1 width=6)
	        Index Cond: (id = 976570)

for: distinct_ranges
table 1 : explain SELECT DISTINCT c FROM sbtest1 WHERE id BETWEEN 3288069 AND 3288168 ORDER BY c
	Unique  (cost=379.49..379.98 rows=98 width=121)
	  ->  Sort  (cost=379.49..379.74 rows=98 width=121)
	        Sort Key: c
	        ->  Index Scan using sbtest1_pkey on sbtest1  (cost=0.43..376.25 rows=98 width=121)
	              Index Cond: ((id >= 3288069) AND (id <= 3288168))

table 2 : explain SELECT DISTINCT c FROM sbtest2 WHERE id BETWEEN 6535404 AND 6535503 ORDER BY c
	Unique  (cost=392.18..392.68 rows=101 width=121)
	  ->  Sort  (cost=392.18..392.43 rows=101 width=121)
	        Sort Key: c
	        ->  Index Scan using sbtest2_pkey on sbtest2  (cost=0.43..388.82 rows=101 width=121)
	              Index Cond: ((id >= 6535404) AND (id <= 6535503))

table 3 : explain SELECT DISTINCT c FROM sbtest3 WHERE id BETWEEN 5705114 AND 5705213 ORDER BY c
	Unique  (cost=370.93..371.41 rows=95 width=121)
	  ->  Sort  (cost=370.93..371.17 rows=95 width=121)
	        Sort Key: c
	        ->  Index Scan using sbtest3_pkey on sbtest3  (cost=0.43..367.81 rows=95 width=121)
	              Index Cond: ((id >= 5705114) AND (id <= 5705213))

table 4 : explain SELECT DISTINCT c FROM sbtest4 WHERE id BETWEEN 7072589 AND 7072688 ORDER BY c
	Unique  (cost=379.31..379.80 rows=98 width=121)
	  ->  Sort  (cost=379.31..379.56 rows=98 width=121)
	        Sort Key: c
	        ->  Index Scan using sbtest4_pkey on sbtest4  (cost=0.43..376.07 rows=98 width=121)
	              Index Cond: ((id >= 7072589) AND (id <= 7072688))

table 5 : explain SELECT DISTINCT c FROM sbtest5 WHERE id BETWEEN 2179945 AND 2180044 ORDER BY c
	Unique  (cost=368.71..369.18 rows=95 width=121)
	  ->  Sort  (cost=368.71..368.95 rows=95 width=121)
	        Sort Key: c
	        ->  Index Scan using sbtest5_pkey on sbtest5  (cost=0.43..365.59 rows=95 width=121)
	              Index Cond: ((id >= 2179945) AND (id <= 2180044))

table 6 : explain SELECT DISTINCT c FROM sbtest6 WHERE id BETWEEN 2086852 AND 2086951 ORDER BY c
	Unique  (cost=372.42..372.90 rows=96 width=121)
	  ->  Sort  (cost=372.42..372.66 rows=96 width=121)
	        Sort Key: c
	        ->  Index Scan using sbtest6_pkey on sbtest6  (cost=0.43..369.26 rows=96 width=121)
	              Index Cond: ((id >= 2086852) AND (id <= 2086951))

table 7 : explain SELECT DISTINCT c FROM sbtest7 WHERE id BETWEEN 5199974 AND 5200073 ORDER BY c
	Unique  (cost=428.28..428.83 rows=111 width=121)
	  ->  Sort  (cost=428.28..428.56 rows=111 width=121)
	        Sort Key: c
	        ->  Index Scan using sbtest7_pkey on sbtest7  (cost=0.43..424.51 rows=111 width=121)
	              Index Cond: ((id >= 5199974) AND (id <= 5200073))

table 8 : explain SELECT DISTINCT c FROM sbtest8 WHERE id BETWEEN 7138859 AND 7138958 ORDER BY c
	Unique  (cost=396.64..397.15 rows=103 width=121)
	  ->  Sort  (cost=396.64..396.90 rows=103 width=121)
	        Sort Key: c
	        ->  Index Scan using sbtest8_pkey on sbtest8  (cost=0.43..393.20 rows=103 width=121)
	              Index Cond: ((id >= 7138859) AND (id <= 7138958))

for deletes
table 1 : explain DELETE FROM sbtest1 WHERE id=8167333
	Delete on sbtest1  (cost=0.43..8.45 rows=1 width=6)
	  ->  Index Scan using sbtest1_pkey on sbtest1  (cost=0.43..8.45 rows=1 width=6)
	        Index Cond: (id = 8167333)

table 2 : explain DELETE FROM sbtest2 WHERE id=9014809
	Delete on sbtest2  (cost=0.43..8.45 rows=1 width=6)
	  ->  Index Scan using sbtest2_pkey on sbtest2  (cost=0.43..8.45 rows=1 width=6)
	        Index Cond: (id = 9014809)

table 3 : explain DELETE FROM sbtest3 WHERE id=9400160
	Delete on sbtest3  (cost=0.43..8.45 rows=1 width=6)
	  ->  Index Scan using sbtest3_pkey on sbtest3  (cost=0.43..8.45 rows=1 width=6)
	        Index Cond: (id = 9400160)

table 4 : explain DELETE FROM sbtest4 WHERE id=2833308
	Delete on sbtest4  (cost=0.43..8.45 rows=1 width=6)
	  ->  Index Scan using sbtest4_pkey on sbtest4  (cost=0.43..8.45 rows=1 width=6)
	        Index Cond: (id = 2833308)

table 5 : explain DELETE FROM sbtest5 WHERE id=5691369
	Delete on sbtest5  (cost=0.43..8.45 rows=1 width=6)
	  ->  Index Scan using sbtest5_pkey on sbtest5  (cost=0.43..8.45 rows=1 width=6)
	        Index Cond: (id = 5691369)

table 6 : explain DELETE FROM sbtest6 WHERE id=3544530
	Delete on sbtest6  (cost=0.43..8.45 rows=1 width=6)
	  ->  Index Scan using sbtest6_pkey on sbtest6  (cost=0.43..8.45 rows=1 width=6)
	        Index Cond: (id = 3544530)

table 7 : explain DELETE FROM sbtest7 WHERE id=9176158
	Delete on sbtest7  (cost=0.43..8.45 rows=1 width=6)
	  ->  Index Scan using sbtest7_pkey on sbtest7  (cost=0.43..8.45 rows=1 width=6)
	        Index Cond: (id = 9176158)

table 8 : explain DELETE FROM sbtest8 WHERE id=5276701
	Delete on sbtest8  (cost=0.43..8.45 rows=1 width=6)
	  ->  Index Scan using sbtest8_pkey on sbtest8  (cost=0.43..8.45 rows=1 width=6)
	        Index Cond: (id = 5276701)

for: distinct_ranges
table 1 : explain SELECT DISTINCT c FROM sbtest1 WHERE id BETWEEN 7790820 AND 7790919 ORDER BY c
	Unique  (cost=375.66..376.15 rows=97 width=121)
	  ->  Sort  (cost=375.66..375.90 rows=97 width=121)
	        Sort Key: c
	        ->  Index Scan using sbtest1_pkey on sbtest1  (cost=0.43..372.46 rows=97 width=121)
	              Index Cond: ((id >= 7790820) AND (id <= 7790919))

table 2 : explain SELECT DISTINCT c FROM sbtest2 WHERE id BETWEEN 6511455 AND 6511554 ORDER BY c
	Unique  (cost=392.18..392.68 rows=101 width=121)
	  ->  Sort  (cost=392.18..392.43 rows=101 width=121)
	        Sort Key: c
	        ->  Index Scan using sbtest2_pkey on sbtest2  (cost=0.43..388.82 rows=101 width=121)
	              Index Cond: ((id >= 6511455) AND (id <= 6511554))

table 3 : explain SELECT DISTINCT c FROM sbtest3 WHERE id BETWEEN 9719636 AND 9719735 ORDER BY c
	Unique  (cost=397.97..398.48 rows=102 width=121)
	  ->  Sort  (cost=397.97..398.22 rows=102 width=121)
	        Sort Key: c
	        ->  Index Scan using sbtest3_pkey on sbtest3  (cost=0.43..394.56 rows=102 width=121)
	              Index Cond: ((id >= 9719636) AND (id <= 9719735))

table 4 : explain SELECT DISTINCT c FROM sbtest4 WHERE id BETWEEN 1960645 AND 1960744 ORDER BY c
	Unique  (cost=406.11..406.64 rows=105 width=121)
	  ->  Sort  (cost=406.11..406.37 rows=105 width=121)
	        Sort Key: c
	        ->  Index Scan using sbtest4_pkey on sbtest4  (cost=0.43..402.59 rows=105 width=121)
	              Index Cond: ((id >= 1960645) AND (id <= 1960744))

table 5 : explain SELECT DISTINCT c FROM sbtest5 WHERE id BETWEEN 8006561 AND 8006660 ORDER BY c
	Unique  (cost=349.52..349.97 rows=90 width=121)
	  ->  Sort  (cost=349.52..349.74 rows=90 width=121)
	        Sort Key: c
	        ->  Index Scan using sbtest5_pkey on sbtest5  (cost=0.43..346.60 rows=90 width=121)
	              Index Cond: ((id >= 8006561) AND (id <= 8006660))

table 6 : explain SELECT DISTINCT c FROM sbtest6 WHERE id BETWEEN 3498894 AND 3498993 ORDER BY c
	Unique  (cost=376.26..376.74 rows=97 width=121)
	  ->  Sort  (cost=376.26..376.50 rows=97 width=121)
	        Sort Key: c
	        ->  Index Scan using sbtest6_pkey on sbtest6  (cost=0.43..373.06 rows=97 width=121)
	              Index Cond: ((id >= 3498894) AND (id <= 3498993))

table 7 : explain SELECT DISTINCT c FROM sbtest7 WHERE id BETWEEN 8779875 AND 8779974 ORDER BY c
	Unique  (cost=363.32..363.79 rows=94 width=121)
	  ->  Sort  (cost=363.32..363.55 rows=94 width=121)
	        Sort Key: c
	        ->  Index Scan using sbtest7_pkey on sbtest7  (cost=0.43..360.24 rows=94 width=121)
	              Index Cond: ((id >= 8779875) AND (id <= 8779974))

table 8 : explain SELECT DISTINCT c FROM sbtest8 WHERE id BETWEEN 3663490 AND 3663589 ORDER BY c
	Unique  (cost=373.78..374.26 rows=97 width=121)
	  ->  Sort  (cost=373.78..374.02 rows=97 width=121)
	        Sort Key: c
	        ->  Index Scan using sbtest8_pkey on sbtest8  (cost=0.43..370.57 rows=97 width=121)
	              Index Cond: ((id >= 3663490) AND (id <= 3663589))
for deletes
table 1 : explain DELETE FROM sbtest1 WHERE id=627589
	Delete on sbtest1  (cost=0.43..8.45 rows=1 width=6)
	  ->  Index Scan using sbtest1_pkey on sbtest1  (cost=0.43..8.45 rows=1 width=6)
	        Index Cond: (id = 627589)

table 2 : explain DELETE FROM sbtest2 WHERE id=8839625
	Delete on sbtest2  (cost=0.43..8.45 rows=1 width=6)
	  ->  Index Scan using sbtest2_pkey on sbtest2  (cost=0.43..8.45 rows=1 width=6)
	        Index Cond: (id = 8839625)

table 3 : explain DELETE FROM sbtest3 WHERE id=8536100
	Delete on sbtest3  (cost=0.43..8.45 rows=1 width=6)
	  ->  Index Scan using sbtest3_pkey on sbtest3  (cost=0.43..8.45 rows=1 width=6)
	        Index Cond: (id = 8536100)

table 4 : explain DELETE FROM sbtest4 WHERE id=6928138
	Delete on sbtest4  (cost=0.43..8.45 rows=1 width=6)
	  ->  Index Scan using sbtest4_pkey on sbtest4  (cost=0.43..8.45 rows=1 width=6)
	        Index Cond: (id = 6928138)

table 5 : explain DELETE FROM sbtest5 WHERE id=3536097
	Delete on sbtest5  (cost=0.43..8.45 rows=1 width=6)
	  ->  Index Scan using sbtest5_pkey on sbtest5  (cost=0.43..8.45 rows=1 width=6)
	        Index Cond: (id = 3536097)

table 6 : explain DELETE FROM sbtest6 WHERE id=8537314
	Delete on sbtest6  (cost=0.43..8.45 rows=1 width=6)
	  ->  Index Scan using sbtest6_pkey on sbtest6  (cost=0.43..8.45 rows=1 width=6)
	        Index Cond: (id = 8537314)

table 7 : explain DELETE FROM sbtest7 WHERE id=7404409
	Delete on sbtest7  (cost=0.43..8.45 rows=1 width=6)
	  ->  Index Scan using sbtest7_pkey on sbtest7  (cost=0.43..8.45 rows=1 width=6)
	        Index Cond: (id = 7404409)

table 8 : explain DELETE FROM sbtest8 WHERE id=6270533
	Delete on sbtest8  (cost=0.43..8.45 rows=1 width=6)
	  ->  Index Scan using sbtest8_pkey on sbtest8  (cost=0.43..8.45 rows=1 width=6)
	        Index Cond: (id = 6270533)


for non_index_updates
table 1 : explain UPDATE sbtest1 SET c='foobar' WHERE id=6967633
	Update on sbtest1  (cost=0.43..8.45 rows=1 width=559)
	  ->  Index Scan using sbtest1_pkey on sbtest1  (cost=0.43..8.45 rows=1 width=559)
	        Index Cond: (id = 6967633)

table 2 : explain UPDATE sbtest2 SET c='foobar' WHERE id=5329595
	Update on sbtest2  (cost=0.43..8.45 rows=1 width=559)
	  ->  Index Scan using sbtest2_pkey on sbtest2  (cost=0.43..8.45 rows=1 width=559)
	        Index Cond: (id = 5329595)

table 3 : explain UPDATE sbtest3 SET c='foobar' WHERE id=3792680
	Update on sbtest3  (cost=0.43..8.45 rows=1 width=559)
	  ->  Index Scan using sbtest3_pkey on sbtest3  (cost=0.43..8.45 rows=1 width=559)
	        Index Cond: (id = 3792680)

table 4 : explain UPDATE sbtest4 SET c='foobar' WHERE id=937696
	Update on sbtest4  (cost=0.43..8.45 rows=1 width=559)
	  ->  Index Scan using sbtest4_pkey on sbtest4  (cost=0.43..8.45 rows=1 width=559)
	        Index Cond: (id = 937696)

table 5 : explain UPDATE sbtest5 SET c='foobar' WHERE id=8172135
	Update on sbtest5  (cost=0.43..8.45 rows=1 width=559)
	  ->  Index Scan using sbtest5_pkey on sbtest5  (cost=0.43..8.45 rows=1 width=559)
	        Index Cond: (id = 8172135)

table 6 : explain UPDATE sbtest6 SET c='foobar' WHERE id=5799106
	Update on sbtest6  (cost=0.43..8.45 rows=1 width=559)
	  ->  Index Scan using sbtest6_pkey on sbtest6  (cost=0.43..8.45 rows=1 width=559)
	        Index Cond: (id = 5799106)

table 7 : explain UPDATE sbtest7 SET c='foobar' WHERE id=7777668
	Update on sbtest7  (cost=0.43..8.45 rows=1 width=559)
	  ->  Index Scan using sbtest7_pkey on sbtest7  (cost=0.43..8.45 rows=1 width=559)
	        Index Cond: (id = 7777668)

table 8 : explain UPDATE sbtest8 SET c='foobar' WHERE id=2673587
	Update on sbtest8  (cost=0.43..8.45 rows=1 width=559)
	  ->  Index Scan using sbtest8_pkey on sbtest8  (cost=0.43..8.45 rows=1 width=559)
	        Index Cond: (id = 2673587)

for index_updates
table 1 : explain UPDATE sbtest1 SET k=k+1 WHERE id=2490874
	Update on sbtest1  (cost=0.43..8.46 rows=1 width=196)
	  ->  Index Scan using sbtest1_pkey on sbtest1  (cost=0.43..8.46 rows=1 width=196)
	        Index Cond: (id = 2490874)

table 2 : explain UPDATE sbtest2 SET k=k+1 WHERE id=6187254
	Update on sbtest2  (cost=0.43..8.46 rows=1 width=196)
	  ->  Index Scan using sbtest2_pkey on sbtest2  (cost=0.43..8.46 rows=1 width=196)
	        Index Cond: (id = 6187254)

table 3 : explain UPDATE sbtest3 SET k=k+1 WHERE id=3568653
	Update on sbtest3  (cost=0.43..8.46 rows=1 width=196)
	  ->  Index Scan using sbtest3_pkey on sbtest3  (cost=0.43..8.46 rows=1 width=196)
	        Index Cond: (id = 3568653)

table 4 : explain UPDATE sbtest4 SET k=k+1 WHERE id=7824037
	Update on sbtest4  (cost=0.43..8.46 rows=1 width=196)
	  ->  Index Scan using sbtest4_pkey on sbtest4  (cost=0.43..8.46 rows=1 width=196)
	        Index Cond: (id = 7824037)

table 5 : explain UPDATE sbtest5 SET k=k+1 WHERE id=2370841
	Update on sbtest5  (cost=0.43..8.46 rows=1 width=196)
	  ->  Index Scan using sbtest5_pkey on sbtest5  (cost=0.43..8.46 rows=1 width=196)
	        Index Cond: (id = 2370841)

table 6 : explain UPDATE sbtest6 SET k=k+1 WHERE id=2413492
	Update on sbtest6  (cost=0.43..8.46 rows=1 width=196)
	  ->  Index Scan using sbtest6_pkey on sbtest6  (cost=0.43..8.46 rows=1 width=196)
	        Index Cond: (id = 2413492)

table 7 : explain UPDATE sbtest7 SET k=k+1 WHERE id=8788235
	Update on sbtest7  (cost=0.43..8.46 rows=1 width=196)
	  ->  Index Scan using sbtest7_pkey on sbtest7  (cost=0.43..8.46 rows=1 width=196)
	        Index Cond: (id = 8788235)

table 8 : explain UPDATE sbtest8 SET k=k+1 WHERE id=8939728
	Update on sbtest8  (cost=0.43..8.46 rows=1 width=196)
	  ->  Index Scan using sbtest8_pkey on sbtest8  (cost=0.43..8.46 rows=1 width=196)
	        Index Cond: (id = 8939728)

for: distinct_ranges
table 1 : explain SELECT DISTINCT c FROM sbtest1 WHERE id BETWEEN 8382292 AND 8382391 ORDER BY c
	Unique  (cost=402.47..402.99 rows=104 width=121)
	  ->  Sort  (cost=402.47..402.73 rows=104 width=121)
	        Sort Key: c
	        ->  Index Scan using sbtest1_pkey on sbtest1  (cost=0.43..398.99 rows=104 width=121)
	              Index Cond: ((id >= 8382292) AND (id <= 8382391))

table 2 : explain SELECT DISTINCT c FROM sbtest2 WHERE id BETWEEN 361958 AND 362057 ORDER BY c
	Unique  (cost=384.49..384.99 rows=99 width=121)
	  ->  Sort  (cost=384.49..384.74 rows=99 width=121)
	        Sort Key: c
	        ->  Index Scan using sbtest2_pkey on sbtest2  (cost=0.43..381.21 rows=99 width=121)
	              Index Cond: ((id >= 361958) AND (id <= 362057))

table 3 : explain SELECT DISTINCT c FROM sbtest3 WHERE id BETWEEN 5916745 AND 5916844 ORDER BY c
	Unique  (cost=386.38..386.87 rows=99 width=121)
	  ->  Sort  (cost=386.38..386.63 rows=99 width=121)
	        Sort Key: c
	        ->  Index Scan using sbtest3_pkey on sbtest3  (cost=0.43..383.10 rows=99 width=121)
	              Index Cond: ((id >= 5916745) AND (id <= 5916844))

table 4 : explain SELECT DISTINCT c FROM sbtest4 WHERE id BETWEEN 67983 AND 68082 ORDER BY c
	Unique  (cost=413.77..414.30 rows=107 width=121)
	  ->  Sort  (cost=413.77..414.04 rows=107 width=121)
	        Sort Key: c
	        ->  Index Scan using sbtest4_pkey on sbtest4  (cost=0.43..410.16 rows=107 width=121)
	              Index Cond: ((id >= 67983) AND (id <= 68082))

table 5 : explain SELECT DISTINCT c FROM sbtest5 WHERE id BETWEEN 891252 AND 891351 ORDER BY c
	Unique  (cost=391.79..392.30 rows=101 width=121)
	  ->  Sort  (cost=391.79..392.05 rows=101 width=121)
	        Sort Key: c
	        ->  Index Scan using sbtest5_pkey on sbtest5  (cost=0.43..388.43 rows=101 width=121)
	              Index Cond: ((id >= 891252) AND (id <= 891351))

table 6 : explain SELECT DISTINCT c FROM sbtest6 WHERE id BETWEEN 3370721 AND 3370820 ORDER BY c
	Unique  (cost=395.44..395.95 rows=102 width=121)
	  ->  Sort  (cost=395.44..395.69 rows=102 width=121)
	        Sort Key: c
	        ->  Index Scan using sbtest6_pkey on sbtest6  (cost=0.43..392.04 rows=102 width=121)
	              Index Cond: ((id >= 3370721) AND (id <= 3370820))

table 7 : explain SELECT DISTINCT c FROM sbtest7 WHERE id BETWEEN 1036303 AND 1036402 ORDER BY c
	Unique  (cost=409.17..409.70 rows=106 width=121)
	  ->  Sort  (cost=409.17..409.44 rows=106 width=121)
	        Sort Key: c
	        ->  Index Scan using sbtest7_pkey on sbtest7  (cost=0.43..405.60 rows=106 width=121)
	              Index Cond: ((id >= 1036303) AND (id <= 1036402))

table 8 : explain SELECT DISTINCT c FROM sbtest8 WHERE id BETWEEN 5958990 AND 5959089 ORDER BY c
	Unique  (cost=373.78..374.26 rows=97 width=121)
	  ->  Sort  (cost=373.78..374.02 rows=97 width=121)
	        Sort Key: c
	        ->  Index Scan using sbtest8_pkey on sbtest8  (cost=0.43..370.57 rows=97 width=121)
	              Index Cond: ((id >= 5958990) AND (id <= 5959089))

for: simple_ranges
table 1 : explain SELECT c FROM sbtest1 WHERE id BETWEEN 3562189 AND 3562288
	Index Scan using sbtest1_pkey on sbtest1  (cost=0.43..387.62 rows=101 width=121)
	  Index Cond: ((id >= 3562189) AND (id <= 3562288))

table 2 : explain SELECT c FROM sbtest2 WHERE id BETWEEN 9630186 AND 9630285
	Index Scan using sbtest2_pkey on sbtest2  (cost=0.43..373.61 rows=97 width=121)
	  Index Cond: ((id >= 9630186) AND (id <= 9630285))

table 3 : explain SELECT c FROM sbtest3 WHERE id BETWEEN 3491542 AND 3491641
	Index Scan using sbtest3_pkey on sbtest3  (cost=0.43..386.92 rows=100 width=121)
	  Index Cond: ((id >= 3491542) AND (id <= 3491641))

table 4 : explain SELECT c FROM sbtest4 WHERE id BETWEEN 289481 AND 289580
	Index Scan using sbtest4_pkey on sbtest4  (cost=0.43..368.49 rows=96 width=121)
	  Index Cond: ((id >= 289481) AND (id <= 289580))

table 5 : explain SELECT c FROM sbtest5 WHERE id BETWEEN 6824704 AND 6824803
	Index Scan using sbtest5_pkey on sbtest5  (cost=0.43..365.59 rows=95 width=121)
	  Index Cond: ((id >= 6824704) AND (id <= 6824803))

table 6 : explain SELECT c FROM sbtest6 WHERE id BETWEEN 1621130 AND 1621229
	Index Scan using sbtest6_pkey on sbtest6  (cost=0.43..399.63 rows=104 width=121)
	  Index Cond: ((id >= 1621130) AND (id <= 1621229))

table 7 : explain SELECT c FROM sbtest7 WHERE id BETWEEN 3061552 AND 3061651
	Index Scan using sbtest7_pkey on sbtest7  (cost=0.43..356.46 rows=93 width=121)
	  Index Cond: ((id >= 3061552) AND (id <= 3061651))

table 8 : explain SELECT c FROM sbtest8 WHERE id BETWEEN 6519425 AND 6519524
	Index Scan using sbtest8_pkey on sbtest8  (cost=0.43..374.34 rows=98 width=121)
	  Index Cond: ((id >= 6519425) AND (id <= 6519524))

for deletes
table 1 : explain DELETE FROM sbtest1 WHERE id=8896027
	Delete on sbtest1  (cost=0.43..8.45 rows=1 width=6)
	  ->  Index Scan using sbtest1_pkey on sbtest1  (cost=0.43..8.45 rows=1 width=6)
	        Index Cond: (id = 8896027)

table 2 : explain DELETE FROM sbtest2 WHERE id=2703198
	Delete on sbtest2  (cost=0.43..8.45 rows=1 width=6)
	  ->  Index Scan using sbtest2_pkey on sbtest2  (cost=0.43..8.45 rows=1 width=6)
	        Index Cond: (id = 2703198)

table 3 : explain DELETE FROM sbtest3 WHERE id=630471
	Delete on sbtest3  (cost=0.43..8.45 rows=1 width=6)
	  ->  Index Scan using sbtest3_pkey on sbtest3  (cost=0.43..8.45 rows=1 width=6)
	        Index Cond: (id = 630471)

table 4 : explain DELETE FROM sbtest4 WHERE id=3410580
	Delete on sbtest4  (cost=0.43..8.45 rows=1 width=6)
	  ->  Index Scan using sbtest4_pkey on sbtest4  (cost=0.43..8.45 rows=1 width=6)
	        Index Cond: (id = 3410580)

table 5 : explain DELETE FROM sbtest5 WHERE id=9688114
	Delete on sbtest5  (cost=0.43..8.45 rows=1 width=6)
	  ->  Index Scan using sbtest5_pkey on sbtest5  (cost=0.43..8.45 rows=1 width=6)
	        Index Cond: (id = 9688114)

table 6 : explain DELETE FROM sbtest6 WHERE id=7236660
	Delete on sbtest6  (cost=0.43..8.45 rows=1 width=6)
	  ->  Index Scan using sbtest6_pkey on sbtest6  (cost=0.43..8.45 rows=1 width=6)
	        Index Cond: (id = 7236660)

table 7 : explain DELETE FROM sbtest7 WHERE id=6225534
	Delete on sbtest7  (cost=0.43..8.45 rows=1 width=6)
	  ->  Index Scan using sbtest7_pkey on sbtest7  (cost=0.43..8.45 rows=1 width=6)
	        Index Cond: (id = 6225534)

table 8 : explain DELETE FROM sbtest8 WHERE id=1616182
	Delete on sbtest8  (cost=0.43..8.45 rows=1 width=6)
	  ->  Index Scan using sbtest8_pkey on sbtest8  (cost=0.43..8.45 rows=1 width=6)
	        Index Cond: (id = 1616182)

explain: for index_updates :: explain UPDATE sbtest%u SET k=k+1 WHERE id=%u
explain: for non_index_updates :: explain UPDATE sbtest%u SET c='foobar' WHERE id=%u
for non_index_updates
table 1 : explain UPDATE sbtest1 SET c='foobar' WHERE id=2024695
	Update on sbtest1  (cost=0.43..8.45 rows=1 width=559)
	  ->  Index Scan using sbtest1_pkey on sbtest1  (cost=0.43..8.45 rows=1 width=559)
	        Index Cond: (id = 2024695)

table 2 : explain UPDATE sbtest2 SET c='foobar' WHERE id=8684268
	Update on sbtest2  (cost=0.43..8.45 rows=1 width=559)
	  ->  Index Scan using sbtest2_pkey on sbtest2  (cost=0.43..8.45 rows=1 width=559)
	        Index Cond: (id = 8684268)

table 3 : explain UPDATE sbtest3 SET c='foobar' WHERE id=4864748
	Update on sbtest3  (cost=0.43..8.45 rows=1 width=559)
	  ->  Index Scan using sbtest3_pkey on sbtest3  (cost=0.43..8.45 rows=1 width=559)
	        Index Cond: (id = 4864748)

table 4 : explain UPDATE sbtest4 SET c='foobar' WHERE id=5634700
	Update on sbtest4  (cost=0.43..8.45 rows=1 width=559)
	  ->  Index Scan using sbtest4_pkey on sbtest4  (cost=0.43..8.45 rows=1 width=559)
	        Index Cond: (id = 5634700)

table 5 : explain UPDATE sbtest5 SET c='foobar' WHERE id=7469912
	Update on sbtest5  (cost=0.43..8.45 rows=1 width=559)
	  ->  Index Scan using sbtest5_pkey on sbtest5  (cost=0.43..8.45 rows=1 width=559)
	        Index Cond: (id = 7469912)

table 6 : explain UPDATE sbtest6 SET c='foobar' WHERE id=7839970
	Update on sbtest6  (cost=0.43..8.45 rows=1 width=559)
	  ->  Index Scan using sbtest6_pkey on sbtest6  (cost=0.43..8.45 rows=1 width=559)
	        Index Cond: (id = 7839970)

table 7 : explain UPDATE sbtest7 SET c='foobar' WHERE id=4749850
	Update on sbtest7  (cost=0.43..8.45 rows=1 width=559)
	  ->  Index Scan using sbtest7_pkey on sbtest7  (cost=0.43..8.45 rows=1 width=559)
	        Index Cond: (id = 4749850)

table 8 : explain UPDATE sbtest8 SET c='foobar' WHERE id=5219501
	Update on sbtest8  (cost=0.43..8.45 rows=1 width=559)
	  ->  Index Scan using sbtest8_pkey on sbtest8  (cost=0.43..8.45 rows=1 width=559)
	        Index Cond: (id = 5219501)
for deletes
table 1 : explain DELETE FROM sbtest1 WHERE id=4437407
	Delete on sbtest1  (cost=0.43..8.45 rows=1 width=6)
	  ->  Index Scan using sbtest1_pkey on sbtest1  (cost=0.43..8.45 rows=1 width=6)
	        Index Cond: (id = 4437407)

table 2 : explain DELETE FROM sbtest2 WHERE id=7550422
	Delete on sbtest2  (cost=0.43..8.45 rows=1 width=6)
	  ->  Index Scan using sbtest2_pkey on sbtest2  (cost=0.43..8.45 rows=1 width=6)
	        Index Cond: (id = 7550422)

table 3 : explain DELETE FROM sbtest3 WHERE id=2251253
	Delete on sbtest3  (cost=0.43..8.45 rows=1 width=6)
	  ->  Index Scan using sbtest3_pkey on sbtest3  (cost=0.43..8.45 rows=1 width=6)
	        Index Cond: (id = 2251253)

table 4 : explain DELETE FROM sbtest4 WHERE id=1940612
	Delete on sbtest4  (cost=0.43..8.45 rows=1 width=6)
	  ->  Index Scan using sbtest4_pkey on sbtest4  (cost=0.43..8.45 rows=1 width=6)
	        Index Cond: (id = 1940612)

table 5 : explain DELETE FROM sbtest5 WHERE id=9351550
	Delete on sbtest5  (cost=0.43..8.45 rows=1 width=6)
	  ->  Index Scan using sbtest5_pkey on sbtest5  (cost=0.43..8.45 rows=1 width=6)
	        Index Cond: (id = 9351550)

table 6 : explain DELETE FROM sbtest6 WHERE id=9226167
	Delete on sbtest6  (cost=0.43..8.45 rows=1 width=6)
	  ->  Index Scan using sbtest6_pkey on sbtest6  (cost=0.43..8.45 rows=1 width=6)
	        Index Cond: (id = 9226167)

table 7 : explain DELETE FROM sbtest7 WHERE id=9851600
	Delete on sbtest7  (cost=0.43..8.45 rows=1 width=6)
	  ->  Index Scan using sbtest7_pkey on sbtest7  (cost=0.43..8.45 rows=1 width=6)
	        Index Cond: (id = 9851600)

table 8 : explain DELETE FROM sbtest8 WHERE id=7916350
	Delete on sbtest8  (cost=0.43..8.45 rows=1 width=6)
	  ->  Index Scan using sbtest8_pkey on sbtest8  (cost=0.43..8.45 rows=1 width=6)
	        Index Cond: (id = 7916350)


explain: for deletes :: explain DELETE FROM sbtest%u WHERE id=%u
explain: for inserts :: explain INSERT INTO sbtest%u (id, k, c, pad) VALUES (%u, 13, 'foobar', 'foobar')
for: distinct_ranges
table 1 : explain SELECT DISTINCT c FROM sbtest1 WHERE id BETWEEN 2059348 AND 2059447 ORDER BY c
	Unique  (cost=368.00..368.48 rows=95 width=121)
	  ->  Sort  (cost=368.00..368.24 rows=95 width=121)
	        Sort Key: c
	        ->  Index Scan using sbtest1_pkey on sbtest1  (cost=0.43..364.88 rows=95 width=121)
	              Index Cond: ((id >= 2059348) AND (id <= 2059447))

table 2 : explain SELECT DISTINCT c FROM sbtest2 WHERE id BETWEEN 789481 AND 789580 ORDER BY c
	Unique  (cost=415.24..415.77 rows=107 width=121)
	  ->  Sort  (cost=415.24..415.50 rows=107 width=121)
	        Sort Key: c
	        ->  Index Scan using sbtest2_pkey on sbtest2  (cost=0.43..411.63 rows=107 width=121)
	              Index Cond: ((id >= 789481) AND (id <= 789580))

table 3 : explain SELECT DISTINCT c FROM sbtest3 WHERE id BETWEEN 4263876 AND 4263975 ORDER BY c
	Unique  (cost=394.10..394.61 rows=101 width=121)
	  ->  Sort  (cost=394.10..394.36 rows=101 width=121)
	        Sort Key: c
	        ->  Index Scan using sbtest3_pkey on sbtest3  (cost=0.43..390.74 rows=101 width=121)
	              Index Cond: ((id >= 4263876) AND (id <= 4263975))

table 4 : explain SELECT DISTINCT c FROM sbtest4 WHERE id BETWEEN 4260757 AND 4260856 ORDER BY c
	Unique  (cost=371.65..372.13 rows=96 width=121)
	  ->  Sort  (cost=371.65..371.89 rows=96 width=121)
	        Sort Key: c
	        ->  Index Scan using sbtest4_pkey on sbtest4  (cost=0.43..368.49 rows=96 width=121)
	              Index Cond: ((id >= 4260757) AND (id <= 4260856))

table 5 : explain SELECT DISTINCT c FROM sbtest5 WHERE id BETWEEN 6163336 AND 6163435 ORDER BY c
	Unique  (cost=403.31..403.83 rows=104 width=121)
	  ->  Sort  (cost=403.31..403.57 rows=104 width=121)
	        Sort Key: c
	        ->  Index Scan using sbtest5_pkey on sbtest5  (cost=0.43..399.83 rows=104 width=121)
	              Index Cond: ((id >= 6163336) AND (id <= 6163435))

table 6 : explain SELECT DISTINCT c FROM sbtest6 WHERE id BETWEEN 3274095 AND 3274194 ORDER BY c
	Unique  (cost=422.30..422.84 rows=109 width=121)
	  ->  Sort  (cost=422.30..422.57 rows=109 width=121)
	        Sort Key: c
	        ->  Index Scan using sbtest6_pkey on sbtest6  (cost=0.43..418.61 rows=109 width=121)
	              Index Cond: ((id >= 3274095) AND (id <= 3274194))

table 7 : explain SELECT DISTINCT c FROM sbtest7 WHERE id BETWEEN 8384483 AND 8384582 ORDER BY c
	Unique  (cost=416.81..417.35 rows=108 width=121)
	  ->  Sort  (cost=416.81..417.08 rows=108 width=121)
	        Sort Key: c
	        ->  Index Scan using sbtest7_pkey on sbtest7  (cost=0.43..413.17 rows=108 width=121)
	              Index Cond: ((id >= 8384483) AND (id <= 8384582))

table 8 : explain SELECT DISTINCT c FROM sbtest8 WHERE id BETWEEN 1662496 AND 1662595 ORDER BY c
	Unique  (cost=415.69..416.23 rows=108 width=121)
	  ->  Sort  (cost=415.69..415.96 rows=108 width=121)
	        Sort Key: c
	        ->  Index Scan using sbtest8_pkey on sbtest8  (cost=0.43..412.05 rows=108 width=121)
	              Index Cond: ((id >= 1662496) AND (id <= 1662595))

explain: for index_updates :: explain UPDATE sbtest%u SET k=k+1 WHERE id=%u
explain: for index_updates :: explain UPDATE sbtest%u SET k=k+1 WHERE id=%u
for: distinct_ranges
table 1 : explain SELECT DISTINCT c FROM sbtest1 WHERE id BETWEEN 235612 AND 235711 ORDER BY c
	Unique  (cost=368.00..368.48 rows=95 width=121)
	  ->  Sort  (cost=368.00..368.24 rows=95 width=121)
	        Sort Key: c
	        ->  Index Scan using sbtest1_pkey on sbtest1  (cost=0.43..364.88 rows=95 width=121)
	              Index Cond: ((id >= 235612) AND (id <= 235711))

table 2 : explain SELECT DISTINCT c FROM sbtest2 WHERE id BETWEEN 4256739 AND 4256838 ORDER BY c
	Unique  (cost=388.34..388.84 rows=100 width=121)
	  ->  Sort  (cost=388.34..388.59 rows=100 width=121)
	        Sort Key: c
	        ->  Index Scan using sbtest2_pkey on sbtest2  (cost=0.43..385.02 rows=100 width=121)
	              Index Cond: ((id >= 4256739) AND (id <= 4256838))

table 3 : explain SELECT DISTINCT c FROM sbtest3 WHERE id BETWEEN 2040471 AND 2040570 ORDER BY c
	Unique  (cost=401.83..402.34 rows=103 width=121)
	  ->  Sort  (cost=401.83..402.08 rows=103 width=121)
	        Sort Key: c
	        ->  Index Scan using sbtest3_pkey on sbtest3  (cost=0.43..398.38 rows=103 width=121)
	              Index Cond: ((id >= 2040471) AND (id <= 2040570))

table 4 : explain SELECT DISTINCT c FROM sbtest4 WHERE id BETWEEN 8395496 AND 8395595 ORDER BY c
	Unique  (cost=390.80..391.30 rows=101 width=121)
	  ->  Sort  (cost=390.80..391.05 rows=101 width=121)
	        Sort Key: c
	        ->  Index Scan using sbtest4_pkey on sbtest4  (cost=0.43..387.43 rows=101 width=121)
	              Index Cond: ((id >= 8395496) AND (id <= 8395595))

table 5 : explain SELECT DISTINCT c FROM sbtest5 WHERE id BETWEEN 2222423 AND 2222522 ORDER BY c
	Unique  (cost=364.87..365.34 rows=94 width=121)
	  ->  Sort  (cost=364.87..365.10 rows=94 width=121)
	        Sort Key: c
	        ->  Index Scan using sbtest5_pkey on sbtest5  (cost=0.43..361.79 rows=94 width=121)
	              Index Cond: ((id >= 2222423) AND (id <= 2222522))

table 6 : explain SELECT DISTINCT c FROM sbtest6 WHERE id BETWEEN 8018579 AND 8018678 ORDER BY c
	Unique  (cost=406.95..407.48 rows=105 width=121)
	  ->  Sort  (cost=406.95..407.21 rows=105 width=121)
	        Sort Key: c
	        ->  Index Scan using sbtest6_pkey on sbtest6  (cost=0.43..403.43 rows=105 width=121)
	              Index Cond: ((id >= 8018579) AND (id <= 8018678))

table 7 : explain SELECT DISTINCT c FROM sbtest7 WHERE id BETWEEN 4560879 AND 4560978 ORDER BY c
	Unique  (cost=367.14..367.61 rows=95 width=121)
	  ->  Sort  (cost=367.14..367.38 rows=95 width=121)
	        Sort Key: c
	        ->  Index Scan using sbtest7_pkey on sbtest7  (cost=0.43..364.02 rows=95 width=121)
	              Index Cond: ((id >= 4560879) AND (id <= 4560978))

table 8 : explain SELECT DISTINCT c FROM sbtest8 WHERE id BETWEEN 2628644 AND 2628743 ORDER BY c
	Unique  (cost=446.18..446.76 rows=116 width=121)
	  ->  Sort  (cost=446.18..446.47 rows=116 width=121)
	        Sort Key: c
	        ->  Index Scan using sbtest8_pkey on sbtest8  (cost=0.43..442.21 rows=116 width=121)
	              Index Cond: ((id >= 2628644) AND (id <= 2628743))

explain: for inserts :: explain INSERT INTO sbtest%u (id, k, c, pad) VALUES (%u, 13, 'foobar', 'foobar')
explain: for non_index_updates :: explain UPDATE sbtest%u SET c='foobar' WHERE id=%u
explain: for inserts :: explain INSERT INTO sbtest%u (id, k, c, pad) VALUES (%u, 13, 'foobar', 'foobar')
for inserts
table 1 : explain INSERT INTO sbtest1 (id, k, c, pad) VALUES (6598290, 13, 'foobar', 'foobar')
	Insert on sbtest1  (cost=0.00..0.01 rows=1 width=736)
	  ->  Result  (cost=0.00..0.01 rows=1 width=736)

table 2 : explain INSERT INTO sbtest2 (id, k, c, pad) VALUES (8264949, 13, 'foobar', 'foobar')
	Insert on sbtest2  (cost=0.00..0.01 rows=1 width=736)
	  ->  Result  (cost=0.00..0.01 rows=1 width=736)

table 3 : explain INSERT INTO sbtest3 (id, k, c, pad) VALUES (9988740, 13, 'foobar', 'foobar')
	Insert on sbtest3  (cost=0.00..0.01 rows=1 width=736)
	  ->  Result  (cost=0.00..0.01 rows=1 width=736)

table 4 : explain INSERT INTO sbtest4 (id, k, c, pad) VALUES (409563, 13, 'foobar', 'foobar')
	Insert on sbtest4  (cost=0.00..0.01 rows=1 width=736)
	  ->  Result  (cost=0.00..0.01 rows=1 width=736)

table 5 : explain INSERT INTO sbtest5 (id, k, c, pad) VALUES (8594738, 13, 'foobar', 'foobar')
	Insert on sbtest5  (cost=0.00..0.01 rows=1 width=736)
	  ->  Result  (cost=0.00..0.01 rows=1 width=736)

table 6 : explain INSERT INTO sbtest6 (id, k, c, pad) VALUES (1796863, 13, 'foobar', 'foobar')
	Insert on sbtest6  (cost=0.00..0.01 rows=1 width=736)
	  ->  Result  (cost=0.00..0.01 rows=1 width=736)

table 7 : explain INSERT INTO sbtest7 (id, k, c, pad) VALUES (6857384, 13, 'foobar', 'foobar')
	Insert on sbtest7  (cost=0.00..0.01 rows=1 width=736)
	  ->  Result  (cost=0.00..0.01 rows=1 width=736)

table 8 : explain INSERT INTO sbtest8 (id, k, c, pad) VALUES (6182203, 13, 'foobar', 'foobar')
	Insert on sbtest8  (cost=0.00..0.01 rows=1 width=736)
	  ->  Result  (cost=0.00..0.01 rows=1 width=736)

explain: for index_updates :: explain UPDATE sbtest%u SET k=k+1 WHERE id=%u
for deletes
table 1 : explain DELETE FROM sbtest1 WHERE id=8553769
	Delete on sbtest1  (cost=0.43..8.45 rows=1 width=6)
	  ->  Index Scan using sbtest1_pkey on sbtest1  (cost=0.43..8.45 rows=1 width=6)
	        Index Cond: (id = 8553769)

table 2 : explain DELETE FROM sbtest2 WHERE id=5815862
	Delete on sbtest2  (cost=0.43..8.45 rows=1 width=6)
	  ->  Index Scan using sbtest2_pkey on sbtest2  (cost=0.43..8.45 rows=1 width=6)
	        Index Cond: (id = 5815862)

table 3 : explain DELETE FROM sbtest3 WHERE id=4294275
	Delete on sbtest3  (cost=0.43..8.45 rows=1 width=6)
	  ->  Index Scan using sbtest3_pkey on sbtest3  (cost=0.43..8.45 rows=1 width=6)
	        Index Cond: (id = 4294275)

table 4 : explain DELETE FROM sbtest4 WHERE id=4242669
	Delete on sbtest4  (cost=0.43..8.45 rows=1 width=6)
	  ->  Index Scan using sbtest4_pkey on sbtest4  (cost=0.43..8.45 rows=1 width=6)
	        Index Cond: (id = 4242669)

table 5 : explain DELETE FROM sbtest5 WHERE id=5554986
	Delete on sbtest5  (cost=0.43..8.45 rows=1 width=6)
	  ->  Index Scan using sbtest5_pkey on sbtest5  (cost=0.43..8.45 rows=1 width=6)
	        Index Cond: (id = 5554986)

table 6 : explain DELETE FROM sbtest6 WHERE id=8731958
	Delete on sbtest6  (cost=0.43..8.45 rows=1 width=6)
	  ->  Index Scan using sbtest6_pkey on sbtest6  (cost=0.43..8.45 rows=1 width=6)
	        Index Cond: (id = 8731958)

table 7 : explain DELETE FROM sbtest7 WHERE id=7560193
	Delete on sbtest7  (cost=0.43..8.45 rows=1 width=6)
	  ->  Index Scan using sbtest7_pkey on sbtest7  (cost=0.43..8.45 rows=1 width=6)
	        Index Cond: (id = 7560193)

table 8 : explain DELETE FROM sbtest8 WHERE id=8024825
	Delete on sbtest8  (cost=0.43..8.45 rows=1 width=6)
	  ->  Index Scan using sbtest8_pkey on sbtest8  (cost=0.43..8.45 rows=1 width=6)
	        Index Cond: (id = 8024825)
explain: for inserts :: explain INSERT INTO sbtest%u (id, k, c, pad) VALUES (%u, 13, 'foobar', 'foobar')

for non_index_updates
table 1 : explain UPDATE sbtest1 SET c='foobar' WHERE id=7451754
	Update on sbtest1  (cost=0.43..8.45 rows=1 width=559)
	  ->  Index Scan using sbtest1_pkey on sbtest1  (cost=0.43..8.45 rows=1 width=559)
	        Index Cond: (id = 7451754)

table 2 : explain UPDATE sbtest2 SET c='foobar' WHERE id=8366667
	Update on sbtest2  (cost=0.43..8.45 rows=1 width=559)
	  ->  Index Scan using sbtest2_pkey on sbtest2  (cost=0.43..8.45 rows=1 width=559)
	        Index Cond: (id = 8366667)

table 3 : explain UPDATE sbtest3 SET c='foobar' WHERE id=3105329
	Update on sbtest3  (cost=0.43..8.45 rows=1 width=559)
	  ->  Index Scan using sbtest3_pkey on sbtest3  (cost=0.43..8.45 rows=1 width=559)
	        Index Cond: (id = 3105329)

table 4 : explain UPDATE sbtest4 SET c='foobar' WHERE id=666131
	Update on sbtest4  (cost=0.43..8.45 rows=1 width=559)
	  ->  Index Scan using sbtest4_pkey on sbtest4  (cost=0.43..8.45 rows=1 width=559)
	        Index Cond: (id = 666131)

table 5 : explain UPDATE sbtest5 SET c='foobar' WHERE id=6441071
	Update on sbtest5  (cost=0.43..8.45 rows=1 width=559)
	  ->  Index Scan using sbtest5_pkey on sbtest5  (cost=0.43..8.45 rows=1 width=559)
	        Index Cond: (id = 6441071)

table 6 : explain UPDATE sbtest6 SET c='foobar' WHERE id=5690292
	Update on sbtest6  (cost=0.43..8.45 rows=1 width=559)
	  ->  Index Scan using sbtest6_pkey on sbtest6  (cost=0.43..8.45 rows=1 width=559)
	        Index Cond: (id = 5690292)

table 7 : explain UPDATE sbtest7 SET c='foobar' WHERE id=7702254
	Update on sbtest7  (cost=0.43..8.45 rows=1 width=559)
	  ->  Index Scan using sbtest7_pkey on sbtest7  (cost=0.43..8.45 rows=1 width=559)
	        Index Cond: (id = 7702254)

table 8 : explain UPDATE sbtest8 SET c='foobar' WHERE id=7302121
	Update on sbtest8  (cost=0.43..8.45 rows=1 width=559)
	  ->  Index Scan using sbtest8_pkey on sbtest8  (cost=0.43..8.45 rows=1 width=559)
	        Index Cond: (id = 7302121)

for non_index_updates
table 1 : explain UPDATE sbtest1 SET c='foobar' WHERE id=1580460
	Update on sbtest1  (cost=0.43..8.45 rows=1 width=559)
	  ->  Index Scan using sbtest1_pkey on sbtest1  (cost=0.43..8.45 rows=1 width=559)
	        Index Cond: (id = 1580460)

table 2 : explain UPDATE sbtest2 SET c='foobar' WHERE id=6208760
	Update on sbtest2  (cost=0.43..8.45 rows=1 width=559)
	  ->  Index Scan using sbtest2_pkey on sbtest2  (cost=0.43..8.45 rows=1 width=559)
	        Index Cond: (id = 6208760)

table 3 : explain UPDATE sbtest3 SET c='foobar' WHERE id=9116246
	Update on sbtest3  (cost=0.43..8.45 rows=1 width=559)
	  ->  Index Scan using sbtest3_pkey on sbtest3  (cost=0.43..8.45 rows=1 width=559)
	        Index Cond: (id = 9116246)

table 4 : explain UPDATE sbtest4 SET c='foobar' WHERE id=6719297
	Update on sbtest4  (cost=0.43..8.45 rows=1 width=559)
	  ->  Index Scan using sbtest4_pkey on sbtest4  (cost=0.43..8.45 rows=1 width=559)
	        Index Cond: (id = 6719297)

table 5 : explain UPDATE sbtest5 SET c='foobar' WHERE id=2936376
	Update on sbtest5  (cost=0.43..8.45 rows=1 width=559)
	  ->  Index Scan using sbtest5_pkey on sbtest5  (cost=0.43..8.45 rows=1 width=559)
	        Index Cond: (id = 2936376)

table 6 : explain UPDATE sbtest6 SET c='foobar' WHERE id=6850724
	Update on sbtest6  (cost=0.43..8.45 rows=1 width=559)
	  ->  Index Scan using sbtest6_pkey on sbtest6  (cost=0.43..8.45 rows=1 width=559)
	        Index Cond: (id = 6850724)

table 7 : explain UPDATE sbtest7 SET c='foobar' WHERE id=1571448
	Update on sbtest7  (cost=0.43..8.45 rows=1 width=559)
	  ->  Index Scan using sbtest7_pkey on sbtest7  (cost=0.43..8.45 rows=1 width=559)
	        Index Cond: (id = 1571448)

table 8 : explain UPDATE sbtest8 SET c='foobar' WHERE id=2862486
	Update on sbtest8  (cost=0.43..8.45 rows=1 width=559)
	  ->  Index Scan using sbtest8_pkey on sbtest8  (cost=0.43..8.45 rows=1 width=559)
	        Index Cond: (id = 2862486)

explain: for deletes :: explain DELETE FROM sbtest%u WHERE id=%u
explain: for deletes :: explain DELETE FROM sbtest%u WHERE id=%u
for index_updates
table 1 : explain UPDATE sbtest1 SET k=k+1 WHERE id=5516627
	Update on sbtest1  (cost=0.43..8.46 rows=1 width=196)
	  ->  Index Scan using sbtest1_pkey on sbtest1  (cost=0.43..8.46 rows=1 width=196)
	        Index Cond: (id = 5516627)

table 2 : explain UPDATE sbtest2 SET k=k+1 WHERE id=5156184
	Update on sbtest2  (cost=0.43..8.46 rows=1 width=196)
	  ->  Index Scan using sbtest2_pkey on sbtest2  (cost=0.43..8.46 rows=1 width=196)
	        Index Cond: (id = 5156184)

table 3 : explain UPDATE sbtest3 SET k=k+1 WHERE id=7335011
	Update on sbtest3  (cost=0.43..8.46 rows=1 width=196)
	  ->  Index Scan using sbtest3_pkey on sbtest3  (cost=0.43..8.46 rows=1 width=196)
	        Index Cond: (id = 7335011)

table 4 : explain UPDATE sbtest4 SET k=k+1 WHERE id=5408172
	Update on sbtest4  (cost=0.43..8.46 rows=1 width=196)
	  ->  Index Scan using sbtest4_pkey on sbtest4  (cost=0.43..8.46 rows=1 width=196)
	        Index Cond: (id = 5408172)

table 5 : explain UPDATE sbtest5 SET k=k+1 WHERE id=5888779
	Update on sbtest5  (cost=0.43..8.46 rows=1 width=196)
	  ->  Index Scan using sbtest5_pkey on sbtest5  (cost=0.43..8.46 rows=1 width=196)
	        Index Cond: (id = 5888779)

table 6 : explain UPDATE sbtest6 SET k=k+1 WHERE id=3323833
	Update on sbtest6  (cost=0.43..8.46 rows=1 width=196)
	  ->  Index Scan using sbtest6_pkey on sbtest6  (cost=0.43..8.46 rows=1 width=196)
	        Index Cond: (id = 3323833)

table 7 : explain UPDATE sbtest7 SET k=k+1 WHERE id=9027490
	Update on sbtest7  (cost=0.43..8.46 rows=1 width=196)
	  ->  Index Scan using sbtest7_pkey on sbtest7  (cost=0.43..8.46 rows=1 width=196)
	        Index Cond: (id = 9027490)

table 8 : explain UPDATE sbtest8 SET k=k+1 WHERE id=9659830
	Update on sbtest8  (cost=0.43..8.46 rows=1 width=196)
	  ->  Index Scan using sbtest8_pkey on sbtest8  (cost=0.43..8.46 rows=1 width=196)
	        Index Cond: (id = 9659830)

for non_index_updates
table 1 : explain UPDATE sbtest1 SET c='foobar' WHERE id=8454415
	Update on sbtest1  (cost=0.43..8.45 rows=1 width=559)
	  ->  Index Scan using sbtest1_pkey on sbtest1  (cost=0.43..8.45 rows=1 width=559)
	        Index Cond: (id = 8454415)

table 2 : explain UPDATE sbtest2 SET c='foobar' WHERE id=6073772
	Update on sbtest2  (cost=0.43..8.45 rows=1 width=559)
	  ->  Index Scan using sbtest2_pkey on sbtest2  (cost=0.43..8.45 rows=1 width=559)
	        Index Cond: (id = 6073772)

table 3 : explain UPDATE sbtest3 SET c='foobar' WHERE id=2442673
	Update on sbtest3  (cost=0.43..8.45 rows=1 width=559)
	  ->  Index Scan using sbtest3_pkey on sbtest3  (cost=0.43..8.45 rows=1 width=559)
	        Index Cond: (id = 2442673)

table 4 : explain UPDATE sbtest4 SET c='foobar' WHERE id=2030984
	Update on sbtest4  (cost=0.43..8.45 rows=1 width=559)
	  ->  Index Scan using sbtest4_pkey on sbtest4  (cost=0.43..8.45 rows=1 width=559)
	        Index Cond: (id = 2030984)

table 5 : explain UPDATE sbtest5 SET c='foobar' WHERE id=8347032
	Update on sbtest5  (cost=0.43..8.45 rows=1 width=559)
	  ->  Index Scan using sbtest5_pkey on sbtest5  (cost=0.43..8.45 rows=1 width=559)
	        Index Cond: (id = 8347032)

table 6 : explain UPDATE sbtest6 SET c='foobar' WHERE id=5565178
	Update on sbtest6  (cost=0.43..8.45 rows=1 width=559)
	  ->  Index Scan using sbtest6_pkey on sbtest6  (cost=0.43..8.45 rows=1 width=559)
	        Index Cond: (id = 5565178)

table 7 : explain UPDATE sbtest7 SET c='foobar' WHERE id=5746308
	Update on sbtest7  (cost=0.43..8.45 rows=1 width=559)
	  ->  Index Scan using sbtest7_pkey on sbtest7  (cost=0.43..8.45 rows=1 width=559)
	        Index Cond: (id = 5746308)

table 8 : explain UPDATE sbtest8 SET c='foobar' WHERE id=6708629
	Update on sbtest8  (cost=0.43..8.45 rows=1 width=559)
	  ->  Index Scan using sbtest8_pkey on sbtest8  (cost=0.43..8.45 rows=1 width=559)
	        Index Cond: (id = 6708629)

explain: for point_selects :: explain SELECT c FROM sbtest%u WHERE id=%u
explain: for index_updates :: explain UPDATE sbtest%u SET k=k+1 WHERE id=%u
for inserts
table 1 : explain INSERT INTO sbtest1 (id, k, c, pad) VALUES (2415992, 13, 'foobar', 'foobar')
	Insert on sbtest1  (cost=0.00..0.01 rows=1 width=736)
	  ->  Result  (cost=0.00..0.01 rows=1 width=736)

table 2 : explain INSERT INTO sbtest2 (id, k, c, pad) VALUES (1933044, 13, 'foobar', 'foobar')
	Insert on sbtest2  (cost=0.00..0.01 rows=1 width=736)
	  ->  Result  (cost=0.00..0.01 rows=1 width=736)

table 3 : explain INSERT INTO sbtest3 (id, k, c, pad) VALUES (9686999, 13, 'foobar', 'foobar')
	Insert on sbtest3  (cost=0.00..0.01 rows=1 width=736)
	  ->  Result  (cost=0.00..0.01 rows=1 width=736)

table 4 : explain INSERT INTO sbtest4 (id, k, c, pad) VALUES (6297923, 13, 'foobar', 'foobar')
	Insert on sbtest4  (cost=0.00..0.01 rows=1 width=736)
	  ->  Result  (cost=0.00..0.01 rows=1 width=736)

table 5 : explain INSERT INTO sbtest5 (id, k, c, pad) VALUES (1616561, 13, 'foobar', 'foobar')
	Insert on sbtest5  (cost=0.00..0.01 rows=1 width=736)
	  ->  Result  (cost=0.00..0.01 rows=1 width=736)

table 6 : explain INSERT INTO sbtest6 (id, k, c, pad) VALUES (2138624, 13, 'foobar', 'foobar')
	Insert on sbtest6  (cost=0.00..0.01 rows=1 width=736)
	  ->  Result  (cost=0.00..0.01 rows=1 width=736)

table 7 : explain INSERT INTO sbtest7 (id, k, c, pad) VALUES (7485013, 13, 'foobar', 'foobar')
	Insert on sbtest7  (cost=0.00..0.01 rows=1 width=736)
	  ->  Result  (cost=0.00..0.01 rows=1 width=736)

table 8 : explain INSERT INTO sbtest8 (id, k, c, pad) VALUES (1328692, 13, 'foobar', 'foobar')
	Insert on sbtest8  (cost=0.00..0.01 rows=1 width=736)
	  ->  Result  (cost=0.00..0.01 rows=1 width=736)

explain: for deletes :: explain DELETE FROM sbtest%u WHERE id=%uexplain: for deletes :: explain DELETE FROM sbtest%u WHERE id=%u
for: sum_ranges
table 1 : explain SELECT SUM(k) FROM sbtest1 WHERE id BETWEEN 5478981 AND 5479080
	Aggregate  (cost=353.68..353.69 rows=1 width=8)
	  ->  Index Scan using sbtest1_pkey on sbtest1  (cost=0.43..353.45 rows=92 width=4)
	        Index Cond: ((id >= 5478981) AND (id <= 5479080))

table 2 : explain SELECT SUM(k) FROM sbtest2 WHERE id BETWEEN 440418 AND 440517
	Aggregate  (cost=385.27..385.28 rows=1 width=8)
	  ->  Index Scan using sbtest2_pkey on sbtest2  (cost=0.43..385.02 rows=100 width=4)
	        Index Cond: ((id >= 440418) AND (id <= 440517))

table 3 : explain SELECT SUM(k) FROM sbtest3 WHERE id BETWEEN 8429978 AND 8430077
	Aggregate  (cost=371.87..371.88 rows=1 width=8)
	  ->  Index Scan using sbtest3_pkey on sbtest3  (cost=0.43..371.63 rows=96 width=4)
	        Index Cond: ((id >= 8429978) AND (id <= 8430077))

table 4 : explain SELECT SUM(k) FROM sbtest4 WHERE id BETWEEN 6930752 AND 6930851
	Aggregate  (cost=399.06..399.07 rows=1 width=8)
	  ->  Index Scan using sbtest4_pkey on sbtest4  (cost=0.43..398.80 rows=104 width=4)
	        Index Cond: ((id >= 6930752) AND (id <= 6930851))

table 5 : explain SELECT SUM(k) FROM sbtest5 WHERE id BETWEEN 913132 AND 913231
	Aggregate  (cost=388.68..388.69 rows=1 width=8)
	  ->  Index Scan using sbtest5_pkey on sbtest5  (cost=0.43..388.43 rows=101 width=4)
	        Index Cond: ((id >= 913132) AND (id <= 913231))

table 6 : explain SELECT SUM(k) FROM sbtest6 WHERE id BETWEEN 144772 AND 144871
	Aggregate  (cost=342.85..342.86 rows=1 width=8)
	  ->  Index Scan using sbtest6_pkey on sbtest6  (cost=0.43..342.63 rows=89 width=4)
	        Index Cond: ((id >= 144772) AND (id <= 144871))

table 7 : explain SELECT SUM(k) FROM sbtest7 WHERE id BETWEEN 7691564 AND 7691663
	Aggregate  (cost=356.69..356.70 rows=1 width=8)
	  ->  Index Scan using sbtest7_pkey on sbtest7  (cost=0.43..356.46 rows=93 width=4)
	        Index Cond: ((id >= 7691564) AND (id <= 7691663))

table 8 : explain SELECT SUM(k) FROM sbtest8 WHERE id BETWEEN 1122118 AND 1122217
	Aggregate  (cost=389.68..389.69 rows=1 width=8)
	  ->  Index Scan using sbtest8_pkey on sbtest8  (cost=0.43..389.43 rows=102 width=4)
	        Index Cond: ((id >= 1122118) AND (id <= 1122217))

for index_updates
table 1 : explain UPDATE sbtest1 SET k=k+1 WHERE id=7831850
	Update on sbtest1  (cost=0.43..8.46 rows=1 width=196)
	  ->  Index Scan using sbtest1_pkey on sbtest1  (cost=0.43..8.46 rows=1 width=196)
	        Index Cond: (id = 7831850)

table 2 : explain UPDATE sbtest2 SET k=k+1 WHERE id=2558750
	Update on sbtest2  (cost=0.43..8.46 rows=1 width=196)
	  ->  Index Scan using sbtest2_pkey on sbtest2  (cost=0.43..8.46 rows=1 width=196)
	        Index Cond: (id = 2558750)

table 3 : explain UPDATE sbtest3 SET k=k+1 WHERE id=3629052
	Update on sbtest3  (cost=0.43..8.46 rows=1 width=196)
	  ->  Index Scan using sbtest3_pkey on sbtest3  (cost=0.43..8.46 rows=1 width=196)
	        Index Cond: (id = 3629052)

table 4 : explain UPDATE sbtest4 SET k=k+1 WHERE id=4358555
	Update on sbtest4  (cost=0.43..8.46 rows=1 width=196)
	  ->  Index Scan using sbtest4_pkey on sbtest4  (cost=0.43..8.46 rows=1 width=196)
	        Index Cond: (id = 4358555)

table 5 : explain UPDATE sbtest5 SET k=k+1 WHERE id=1769174
	Update on sbtest5  (cost=0.43..8.46 rows=1 width=196)
	  ->  Index Scan using sbtest5_pkey on sbtest5  (cost=0.43..8.46 rows=1 width=196)
	        Index Cond: (id = 1769174)

table 6 : explain UPDATE sbtest6 SET k=k+1 WHERE id=7747072
	Update on sbtest6  (cost=0.43..8.46 rows=1 width=196)
	  ->  Index Scan using sbtest6_pkey on sbtest6  (cost=0.43..8.46 rows=1 width=196)
	        Index Cond: (id = 7747072)

table 7 : explain UPDATE sbtest7 SET k=k+1 WHERE id=5840909
	Update on sbtest7  (cost=0.43..8.46 rows=1 width=196)
	  ->  Index Scan using sbtest7_pkey on sbtest7  (cost=0.43..8.46 rows=1 width=196)
	        Index Cond: (id = 5840909)

table 8 : explain UPDATE sbtest8 SET k=k+1 WHERE id=88444
	Update on sbtest8  (cost=0.43..8.46 rows=1 width=196)
	  ->  Index Scan using sbtest8_pkey on sbtest8  (cost=0.43..8.46 rows=1 width=196)
	        Index Cond: (id = 88444)

for index_updates
table 1 : explain UPDATE sbtest1 SET k=k+1 WHERE id=4238249
	Update on sbtest1  (cost=0.43..8.46 rows=1 width=196)
	  ->  Index Scan using sbtest1_pkey on sbtest1  (cost=0.43..8.46 rows=1 width=196)
	        Index Cond: (id = 4238249)

table 2 : explain UPDATE sbtest2 SET k=k+1 WHERE id=8406020
	Update on sbtest2  (cost=0.43..8.46 rows=1 width=196)
	  ->  Index Scan using sbtest2_pkey on sbtest2  (cost=0.43..8.46 rows=1 width=196)
	        Index Cond: (id = 8406020)

table 3 : explain UPDATE sbtest3 SET k=k+1 WHERE id=9620223
	Update on sbtest3  (cost=0.43..8.46 rows=1 width=196)
	  ->  Index Scan using sbtest3_pkey on sbtest3  (cost=0.43..8.46 rows=1 width=196)
	        Index Cond: (id = 9620223)

table 4 : explain UPDATE sbtest4 SET k=k+1 WHERE id=6268146
	Update on sbtest4  (cost=0.43..8.46 rows=1 width=196)
	  ->  Index Scan using sbtest4_pkey on sbtest4  (cost=0.43..8.46 rows=1 width=196)
	        Index Cond: (id = 6268146)

table 5 : explain UPDATE sbtest5 SET k=k+1 WHERE id=7611561
	Update on sbtest5  (cost=0.43..8.46 rows=1 width=196)
	  ->  Index Scan using sbtest5_pkey on sbtest5  (cost=0.43..8.46 rows=1 width=196)
	        Index Cond: (id = 7611561)

table 6 : explain UPDATE sbtest6 SET k=k+1 WHERE id=5446392
	Update on sbtest6  (cost=0.43..8.46 rows=1 width=196)
	  ->  Index Scan using sbtest6_pkey on sbtest6  (cost=0.43..8.46 rows=1 width=196)
	        Index Cond: (id = 5446392)

table 7 : explain UPDATE sbtest7 SET k=k+1 WHERE id=6517784
	Update on sbtest7  (cost=0.43..8.46 rows=1 width=196)
	  ->  Index Scan using sbtest7_pkey on sbtest7  (cost=0.43..8.46 rows=1 width=196)
	        Index Cond: (id = 6517784)

table 8 : explain UPDATE sbtest8 SET k=k+1 WHERE id=8983302
	Update on sbtest8  (cost=0.43..8.46 rows=1 width=196)
	  ->  Index Scan using sbtest8_pkey on sbtest8  (cost=0.43..8.46 rows=1 width=196)
	        Index Cond: (id = 8983302)


for deletes
table 1 : explain DELETE FROM sbtest1 WHERE id=2744350
	Delete on sbtest1  (cost=0.43..8.45 rows=1 width=6)
	  ->  Index Scan using sbtest1_pkey on sbtest1  (cost=0.43..8.45 rows=1 width=6)
	        Index Cond: (id = 2744350)

table 2 : explain DELETE FROM sbtest2 WHERE id=1929978
	Delete on sbtest2  (cost=0.43..8.45 rows=1 width=6)
	  ->  Index Scan using sbtest2_pkey on sbtest2  (cost=0.43..8.45 rows=1 width=6)
	        Index Cond: (id = 1929978)

table 3 : explain DELETE FROM sbtest3 WHERE id=7382291
	Delete on sbtest3  (cost=0.43..8.45 rows=1 width=6)
	  ->  Index Scan using sbtest3_pkey on sbtest3  (cost=0.43..8.45 rows=1 width=6)
	        Index Cond: (id = 7382291)

table 4 : explain DELETE FROM sbtest4 WHERE id=2258512
	Delete on sbtest4  (cost=0.43..8.45 rows=1 width=6)
	  ->  Index Scan using sbtest4_pkey on sbtest4  (cost=0.43..8.45 rows=1 width=6)
	        Index Cond: (id = 2258512)

table 5 : explain DELETE FROM sbtest5 WHERE id=5036450
	Delete on sbtest5  (cost=0.43..8.45 rows=1 width=6)
	  ->  Index Scan using sbtest5_pkey on sbtest5  (cost=0.43..8.45 rows=1 width=6)
	        Index Cond: (id = 5036450)

table 6 : explain DELETE FROM sbtest6 WHERE id=3981288
	Delete on sbtest6  (cost=0.43..8.45 rows=1 width=6)
	  ->  Index Scan using sbtest6_pkey on sbtest6  (cost=0.43..8.45 rows=1 width=6)
	        Index Cond: (id = 3981288)

table 7 : explain DELETE FROM sbtest7 WHERE id=1855701
	Delete on sbtest7  (cost=0.43..8.45 rows=1 width=6)
	  ->  Index Scan using sbtest7_pkey on sbtest7  (cost=0.43..8.45 rows=1 width=6)
	        Index Cond: (id = 1855701)

table 8 : explain DELETE FROM sbtest8 WHERE id=8261576
	Delete on sbtest8  (cost=0.43..8.45 rows=1 width=6)
	  ->  Index Scan using sbtest8_pkey on sbtest8  (cost=0.43..8.45 rows=1 width=6)
	        Index Cond: (id = 8261576)

for index_updates
table 1 : explain UPDATE sbtest1 SET k=k+1 WHERE id=3783454
	Update on sbtest1  (cost=0.43..8.46 rows=1 width=196)
	  ->  Index Scan using sbtest1_pkey on sbtest1  (cost=0.43..8.46 rows=1 width=196)
	        Index Cond: (id = 3783454)

table 2 : explain UPDATE sbtest2 SET k=k+1 WHERE id=8198396
	Update on sbtest2  (cost=0.43..8.46 rows=1 width=196)
	  ->  Index Scan using sbtest2_pkey on sbtest2  (cost=0.43..8.46 rows=1 width=196)
	        Index Cond: (id = 8198396)

table 3 : explain UPDATE sbtest3 SET k=k+1 WHERE id=2148684
	Update on sbtest3  (cost=0.43..8.46 rows=1 width=196)
	  ->  Index Scan using sbtest3_pkey on sbtest3  (cost=0.43..8.46 rows=1 width=196)
	        Index Cond: (id = 2148684)

table 4 : explain UPDATE sbtest4 SET k=k+1 WHERE id=6007360
	Update on sbtest4  (cost=0.43..8.46 rows=1 width=196)
	  ->  Index Scan using sbtest4_pkey on sbtest4  (cost=0.43..8.46 rows=1 width=196)
	        Index Cond: (id = 6007360)

table 5 : explain UPDATE sbtest5 SET k=k+1 WHERE id=6889371
	Update on sbtest5  (cost=0.43..8.46 rows=1 width=196)
	  ->  Index Scan using sbtest5_pkey on sbtest5  (cost=0.43..8.46 rows=1 width=196)
	        Index Cond: (id = 6889371)

table 6 : explain UPDATE sbtest6 SET k=k+1 WHERE id=6906422
	Update on sbtest6  (cost=0.43..8.46 rows=1 width=196)
	  ->  Index Scan using sbtest6_pkey on sbtest6  (cost=0.43..8.46 rows=1 width=196)
	        Index Cond: (id = 6906422)

table 7 : explain UPDATE sbtest7 SET k=k+1 WHERE id=3664253
	Update on sbtest7  (cost=0.43..8.46 rows=1 width=196)
	  ->  Index Scan using sbtest7_pkey on sbtest7  (cost=0.43..8.46 rows=1 width=196)
	        Index Cond: (id = 3664253)

table 8 : explain UPDATE sbtest8 SET k=k+1 WHERE id=9576518
	Update on sbtest8  (cost=0.43..8.46 rows=1 width=196)
	  ->  Index Scan using sbtest8_pkey on sbtest8  (cost=0.43..8.46 rows=1 width=196)
	        Index Cond: (id = 9576518)
for: simple_ranges
table 1 : explain SELECT c FROM sbtest1 WHERE id BETWEEN 4977660 AND 4977759
	Index Scan using sbtest1_pkey on sbtest1  (cost=0.43..402.78 rows=105 width=121)
	  Index Cond: ((id >= 4977660) AND (id <= 4977759))

table 2 : explain SELECT c FROM sbtest2 WHERE id BETWEEN 5243005 AND 5243104
	Index Scan using sbtest2_pkey on sbtest2  (cost=0.43..400.22 rows=104 width=121)
	  Index Cond: ((id >= 5243005) AND (id <= 5243104))

table 3 : explain SELECT c FROM sbtest3 WHERE id BETWEEN 1941943 AND 1942042
	Index Scan using sbtest3_pkey on sbtest3  (cost=0.43..390.74 rows=101 width=121)
	  Index Cond: ((id >= 1941943) AND (id <= 1942042))

table 4 : explain SELECT c FROM sbtest4 WHERE id BETWEEN 6180373 AND 6180472
	Index Scan using sbtest4_pkey on sbtest4  (cost=0.43..364.70 rows=95 width=121)
	  Index Cond: ((id >= 6180373) AND (id <= 6180472))

table 5 : explain SELECT c FROM sbtest5 WHERE id BETWEEN 2710795 AND 2710894
	Index Scan using sbtest5_pkey on sbtest5  (cost=0.43..399.83 rows=104 width=121)
	  Index Cond: ((id >= 2710795) AND (id <= 2710894))

table 6 : explain SELECT c FROM sbtest6 WHERE id BETWEEN 1366173 AND 1366272
	Index Scan using sbtest6_pkey on sbtest6  (cost=0.43..354.02 rows=92 width=121)
	  Index Cond: ((id >= 1366173) AND (id <= 1366272))

table 7 : explain SELECT c FROM sbtest7 WHERE id BETWEEN 4009384 AND 4009483
	Index Scan using sbtest7_pkey on sbtest7  (cost=0.43..360.24 rows=94 width=121)
	  Index Cond: ((id >= 4009384) AND (id <= 4009483))

table 8 : explain SELECT c FROM sbtest8 WHERE id BETWEEN 8978544 AND 8978643
	Index Scan using sbtest8_pkey on sbtest8  (cost=0.43..396.97 rows=104 width=121)
	  Index Cond: ((id >= 8978544) AND (id <= 8978643))


for deletes
table 1 : explain DELETE FROM sbtest1 WHERE id=4453028
	Delete on sbtest1  (cost=0.43..8.45 rows=1 width=6)
	  ->  Index Scan using sbtest1_pkey on sbtest1  (cost=0.43..8.45 rows=1 width=6)
	        Index Cond: (id = 4453028)

table 2 : explain DELETE FROM sbtest2 WHERE id=4263549
	Delete on sbtest2  (cost=0.43..8.45 rows=1 width=6)
	  ->  Index Scan using sbtest2_pkey on sbtest2  (cost=0.43..8.45 rows=1 width=6)
	        Index Cond: (id = 4263549)

table 3 : explain DELETE FROM sbtest3 WHERE id=168035
	Delete on sbtest3  (cost=0.43..8.45 rows=1 width=6)
	  ->  Index Scan using sbtest3_pkey on sbtest3  (cost=0.43..8.45 rows=1 width=6)
	        Index Cond: (id = 168035)

table 4 : explain DELETE FROM sbtest4 WHERE id=3750185
	Delete on sbtest4  (cost=0.43..8.45 rows=1 width=6)
	  ->  Index Scan using sbtest4_pkey on sbtest4  (cost=0.43..8.45 rows=1 width=6)
	        Index Cond: (id = 3750185)

table 5 : explain DELETE FROM sbtest5 WHERE id=4967921
	Delete on sbtest5  (cost=0.43..8.45 rows=1 width=6)
	  ->  Index Scan using sbtest5_pkey on sbtest5  (cost=0.43..8.45 rows=1 width=6)
	        Index Cond: (id = 4967921)

table 6 : explain DELETE FROM sbtest6 WHERE id=2853572
	Delete on sbtest6  (cost=0.43..8.45 rows=1 width=6)
	  ->  Index Scan using sbtest6_pkey on sbtest6  (cost=0.43..8.45 rows=1 width=6)
	        Index Cond: (id = 2853572)

table 7 : explain DELETE FROM sbtest7 WHERE id=7763966
	Delete on sbtest7  (cost=0.43..8.45 rows=1 width=6)
	  ->  Index Scan using sbtest7_pkey on sbtest7  (cost=0.43..8.45 rows=1 width=6)
	        Index Cond: (id = 7763966)

table 8 : explain DELETE FROM sbtest8 WHERE id=5194552
	Delete on sbtest8  (cost=0.43..8.45 rows=1 width=6)
	  ->  Index Scan using sbtest8_pkey on sbtest8  (cost=0.43..8.45 rows=1 width=6)
	        Index Cond: (id = 5194552)

explain: for inserts :: explain INSERT INTO sbtest%u (id, k, c, pad) VALUES (%u, 13, 'foobar', 'foobar')
explain: for non_index_updates :: explain UPDATE sbtest%u SET c='foobar' WHERE id=%u
explain: for non_index_updates :: explain UPDATE sbtest%u SET c='foobar' WHERE id=%u
explain: for inserts :: explain INSERT INTO sbtest%u (id, k, c, pad) VALUES (%u, 13, 'foobar', 'foobar')
explain: for inserts :: explain INSERT INTO sbtest%u (id, k, c, pad) VALUES (%u, 13, 'foobar', 'foobar')
explain: for index_updates :: explain UPDATE sbtest%u SET k=k+1 WHERE id=%u
for non_index_updates
table 1 : explain UPDATE sbtest1 SET c='foobar' WHERE id=410808
	Update on sbtest1  (cost=0.43..8.45 rows=1 width=559)
	  ->  Index Scan using sbtest1_pkey on sbtest1  (cost=0.43..8.45 rows=1 width=559)
	        Index Cond: (id = 410808)

table 2 : explain UPDATE sbtest2 SET c='foobar' WHERE id=1760596
	Update on sbtest2  (cost=0.43..8.45 rows=1 width=559)
	  ->  Index Scan using sbtest2_pkey on sbtest2  (cost=0.43..8.45 rows=1 width=559)
	        Index Cond: (id = 1760596)

table 3 : explain UPDATE sbtest3 SET c='foobar' WHERE id=6650472
	Update on sbtest3  (cost=0.43..8.45 rows=1 width=559)
	  ->  Index Scan using sbtest3_pkey on sbtest3  (cost=0.43..8.45 rows=1 width=559)
	        Index Cond: (id = 6650472)

table 4 : explain UPDATE sbtest4 SET c='foobar' WHERE id=8644630
	Update on sbtest4  (cost=0.43..8.45 rows=1 width=559)
	  ->  Index Scan using sbtest4_pkey on sbtest4  (cost=0.43..8.45 rows=1 width=559)
	        Index Cond: (id = 8644630)

table 5 : explain UPDATE sbtest5 SET c='foobar' WHERE id=5787867
	Update on sbtest5  (cost=0.43..8.45 rows=1 width=559)
	  ->  Index Scan using sbtest5_pkey on sbtest5  (cost=0.43..8.45 rows=1 width=559)
	        Index Cond: (id = 5787867)

table 6 : explain UPDATE sbtest6 SET c='foobar' WHERE id=203710
	Update on sbtest6  (cost=0.43..8.45 rows=1 width=559)
	  ->  Index Scan using sbtest6_pkey on sbtest6  (cost=0.43..8.45 rows=1 width=559)
	        Index Cond: (id = 203710)

table 7 : explain UPDATE sbtest7 SET c='foobar' WHERE id=2564622
	Update on sbtest7  (cost=0.43..8.45 rows=1 width=559)
	  ->  Index Scan using sbtest7_pkey on sbtest7  (cost=0.43..8.45 rows=1 width=559)
	        Index Cond: (id = 2564622)

table 8 : explain UPDATE sbtest8 SET c='foobar' WHERE id=1336517
	Update on sbtest8  (cost=0.43..8.45 rows=1 width=559)
	  ->  Index Scan using sbtest8_pkey on sbtest8  (cost=0.43..8.45 rows=1 width=559)
	        Index Cond: (id = 1336517)

explain: for non_index_updates :: explain UPDATE sbtest%u SET c='foobar' WHERE id=%u
explain: for deletes :: explain DELETE FROM sbtest%u WHERE id=%u
for: sum_ranges
table 1 : explain SELECT SUM(k) FROM sbtest1 WHERE id BETWEEN 8479346 AND 8479445
	Aggregate  (cost=365.12..365.13 rows=1 width=8)
	  ->  Index Scan using sbtest1_pkey on sbtest1  (cost=0.43..364.88 rows=95 width=4)
	        Index Cond: ((id >= 8479346) AND (id <= 8479445))

table 2 : explain SELECT SUM(k) FROM sbtest2 WHERE id BETWEEN 6208735 AND 6208834
	Aggregate  (cost=381.46..381.47 rows=1 width=8)
	  ->  Index Scan using sbtest2_pkey on sbtest2  (cost=0.43..381.21 rows=99 width=4)
	        Index Cond: ((id >= 6208735) AND (id <= 6208834))

table 3 : explain SELECT SUM(k) FROM sbtest3 WHERE id BETWEEN 6357254 AND 6357353
	Aggregate  (cost=387.17..387.18 rows=1 width=8)
	  ->  Index Scan using sbtest3_pkey on sbtest3  (cost=0.43..386.92 rows=100 width=4)
	        Index Cond: ((id >= 6357254) AND (id <= 6357353))

table 4 : explain SELECT SUM(k) FROM sbtest4 WHERE id BETWEEN 6985852 AND 6985951
	Aggregate  (cost=399.06..399.07 rows=1 width=8)
	  ->  Index Scan using sbtest4_pkey on sbtest4  (cost=0.43..398.80 rows=104 width=4)
	        Index Cond: ((id >= 6985852) AND (id <= 6985951))

table 5 : explain SELECT SUM(k) FROM sbtest5 WHERE id BETWEEN 1508539 AND 1508638
	Aggregate  (cost=388.68..388.69 rows=1 width=8)
	  ->  Index Scan using sbtest5_pkey on sbtest5  (cost=0.43..388.43 rows=101 width=4)
	        Index Cond: ((id >= 1508539) AND (id <= 1508638))

table 6 : explain SELECT SUM(k) FROM sbtest6 WHERE id BETWEEN 5131417 AND 5131516
	Aggregate  (cost=384.69..384.70 rows=1 width=8)
	  ->  Index Scan using sbtest6_pkey on sbtest6  (cost=0.43..384.44 rows=100 width=4)
	        Index Cond: ((id >= 5131417) AND (id <= 5131516))

table 7 : explain SELECT SUM(k) FROM sbtest7 WHERE id BETWEEN 7543839 AND 7543938
	Aggregate  (cost=375.60..375.61 rows=1 width=8)
	  ->  Index Scan using sbtest7_pkey on sbtest7  (cost=0.43..375.36 rows=98 width=4)
	        Index Cond: ((id >= 7543839) AND (id <= 7543938))

table 8 : explain SELECT SUM(k) FROM sbtest8 WHERE id BETWEEN 9514858 AND 9514957
	Aggregate  (cost=393.45..393.46 rows=1 width=8)
	  ->  Index Scan using sbtest8_pkey on sbtest8  (cost=0.43..393.20 rows=103 width=4)
	        Index Cond: ((id >= 9514858) AND (id <= 9514957))

for non_index_updates
table 1 : explain UPDATE sbtest1 SET c='foobar' WHERE id=8758029
	Update on sbtest1  (cost=0.43..8.45 rows=1 width=559)
	  ->  Index Scan using sbtest1_pkey on sbtest1  (cost=0.43..8.45 rows=1 width=559)
	        Index Cond: (id = 8758029)

table 2 : explain UPDATE sbtest2 SET c='foobar' WHERE id=5042774
	Update on sbtest2  (cost=0.43..8.45 rows=1 width=559)
	  ->  Index Scan using sbtest2_pkey on sbtest2  (cost=0.43..8.45 rows=1 width=559)
	        Index Cond: (id = 5042774)

table 3 : explain UPDATE sbtest3 SET c='foobar' WHERE id=2156993
	Update on sbtest3  (cost=0.43..8.45 rows=1 width=559)
	  ->  Index Scan using sbtest3_pkey on sbtest3  (cost=0.43..8.45 rows=1 width=559)
	        Index Cond: (id = 2156993)

table 4 : explain UPDATE sbtest4 SET c='foobar' WHERE id=2595480
	Update on sbtest4  (cost=0.43..8.45 rows=1 width=559)
	  ->  Index Scan using sbtest4_pkey on sbtest4  (cost=0.43..8.45 rows=1 width=559)
	        Index Cond: (id = 2595480)

table 5 : explain UPDATE sbtest5 SET c='foobar' WHERE id=5894407
	Update on sbtest5  (cost=0.43..8.45 rows=1 width=559)
	  ->  Index Scan using sbtest5_pkey on sbtest5  (cost=0.43..8.45 rows=1 width=559)
	        Index Cond: (id = 5894407)

table 6 : explain UPDATE sbtest6 SET c='foobar' WHERE id=6777700
	Update on sbtest6  (cost=0.43..8.45 rows=1 width=559)
	  ->  Index Scan using sbtest6_pkey on sbtest6  (cost=0.43..8.45 rows=1 width=559)
	        Index Cond: (id = 6777700)

table 7 : explain UPDATE sbtest7 SET c='foobar' WHERE id=5109832
	Update on sbtest7  (cost=0.43..8.45 rows=1 width=559)
	  ->  Index Scan using sbtest7_pkey on sbtest7  (cost=0.43..8.45 rows=1 width=559)
	        Index Cond: (id = 5109832)

table 8 : explain UPDATE sbtest8 SET c='foobar' WHERE id=8835901
	Update on sbtest8  (cost=0.43..8.45 rows=1 width=559)
	  ->  Index Scan using sbtest8_pkey on sbtest8  (cost=0.43..8.45 rows=1 width=559)
	        Index Cond: (id = 8835901)

for inserts
table 1 : explain INSERT INTO sbtest1 (id, k, c, pad) VALUES (1213047, 13, 'foobar', 'foobar')
	Insert on sbtest1  (cost=0.00..0.01 rows=1 width=736)
	  ->  Result  (cost=0.00..0.01 rows=1 width=736)

table 2 : explain INSERT INTO sbtest2 (id, k, c, pad) VALUES (2129182, 13, 'foobar', 'foobar')
	Insert on sbtest2  (cost=0.00..0.01 rows=1 width=736)
	  ->  Result  (cost=0.00..0.01 rows=1 width=736)

table 3 : explain INSERT INTO sbtest3 (id, k, c, pad) VALUES (9009350, 13, 'foobar', 'foobar')
	Insert on sbtest3  (cost=0.00..0.01 rows=1 width=736)
	  ->  Result  (cost=0.00..0.01 rows=1 width=736)

table 4 : explain INSERT INTO sbtest4 (id, k, c, pad) VALUES (3038490, 13, 'foobar', 'foobar')
	Insert on sbtest4  (cost=0.00..0.01 rows=1 width=736)
	  ->  Result  (cost=0.00..0.01 rows=1 width=736)

table 5 : explain INSERT INTO sbtest5 (id, k, c, pad) VALUES (8880976, 13, 'foobar', 'foobar')
	Insert on sbtest5  (cost=0.00..0.01 rows=1 width=736)
	  ->  Result  (cost=0.00..0.01 rows=1 width=736)

table 6 : explain INSERT INTO sbtest6 (id, k, c, pad) VALUES (5789190, 13, 'foobar', 'foobar')
	Insert on sbtest6  (cost=0.00..0.01 rows=1 width=736)
	  ->  Result  (cost=0.00..0.01 rows=1 width=736)

table 7 : explain INSERT INTO sbtest7 (id, k, c, pad) VALUES (1472003, 13, 'foobar', 'foobar')
	Insert on sbtest7  (cost=0.00..0.01 rows=1 width=736)
	  ->  Result  (cost=0.00..0.01 rows=1 width=736)

table 8 : explain INSERT INTO sbtest8 (id, k, c, pad) VALUES (6688254, 13, 'foobar', 'foobar')
	Insert on sbtest8  (cost=0.00..0.01 rows=1 width=736)
	  ->  Result  (cost=0.00..0.01 rows=1 width=736)

for deletes
table 1 : explain DELETE FROM sbtest1 WHERE id=3268087
	Delete on sbtest1  (cost=0.43..8.45 rows=1 width=6)
	  ->  Index Scan using sbtest1_pkey on sbtest1  (cost=0.43..8.45 rows=1 width=6)
	        Index Cond: (id = 3268087)

table 2 : explain DELETE FROM sbtest2 WHERE id=6381677
	Delete on sbtest2  (cost=0.43..8.45 rows=1 width=6)
	  ->  Index Scan using sbtest2_pkey on sbtest2  (cost=0.43..8.45 rows=1 width=6)
	        Index Cond: (id = 6381677)

table 3 : explain DELETE FROM sbtest3 WHERE id=3148069
	Delete on sbtest3  (cost=0.43..8.45 rows=1 width=6)
	  ->  Index Scan using sbtest3_pkey on sbtest3  (cost=0.43..8.45 rows=1 width=6)
	        Index Cond: (id = 3148069)

table 4 : explain DELETE FROM sbtest4 WHERE id=7975045
	Delete on sbtest4  (cost=0.43..8.45 rows=1 width=6)
	  ->  Index Scan using sbtest4_pkey on sbtest4  (cost=0.43..8.45 rows=1 width=6)
	        Index Cond: (id = 7975045)

table 5 : explain DELETE FROM sbtest5 WHERE id=4624995
	Delete on sbtest5  (cost=0.43..8.45 rows=1 width=6)
	  ->  Index Scan using sbtest5_pkey on sbtest5  (cost=0.43..8.45 rows=1 width=6)
	        Index Cond: (id = 4624995)

table 6 : explain DELETE FROM sbtest6 WHERE id=3026184
	Delete on sbtest6  (cost=0.43..8.45 rows=1 width=6)
	  ->  Index Scan using sbtest6_pkey on sbtest6  (cost=0.43..8.45 rows=1 width=6)
	        Index Cond: (id = 3026184)

table 7 : explain DELETE FROM sbtest7 WHERE id=7982075
	Delete on sbtest7  (cost=0.43..8.45 rows=1 width=6)
	  ->  Index Scan using sbtest7_pkey on sbtest7  (cost=0.43..8.45 rows=1 width=6)
	        Index Cond: (id = 7982075)

table 8 : explain DELETE FROM sbtest8 WHERE id=843787
	Delete on sbtest8  (cost=0.43..8.45 rows=1 width=6)
	  ->  Index Scan using sbtest8_pkey on sbtest8  (cost=0.43..8.45 rows=1 width=6)
	        Index Cond: (id = 843787)

for inserts
table 1 : explain INSERT INTO sbtest1 (id, k, c, pad) VALUES (2793961, 13, 'foobar', 'foobar')
	Insert on sbtest1  (cost=0.00..0.01 rows=1 width=736)
	  ->  Result  (cost=0.00..0.01 rows=1 width=736)

table 2 : explain INSERT INTO sbtest2 (id, k, c, pad) VALUES (3750090, 13, 'foobar', 'foobar')
	Insert on sbtest2  (cost=0.00..0.01 rows=1 width=736)
	  ->  Result  (cost=0.00..0.01 rows=1 width=736)

table 3 : explain INSERT INTO sbtest3 (id, k, c, pad) VALUES (1368669, 13, 'foobar', 'foobar')
	Insert on sbtest3  (cost=0.00..0.01 rows=1 width=736)
	  ->  Result  (cost=0.00..0.01 rows=1 width=736)

table 4 : explain INSERT INTO sbtest4 (id, k, c, pad) VALUES (7131968, 13, 'foobar', 'foobar')
	Insert on sbtest4  (cost=0.00..0.01 rows=1 width=736)
	  ->  Result  (cost=0.00..0.01 rows=1 width=736)

table 5 : explain INSERT INTO sbtest5 (id, k, c, pad) VALUES (6038212, 13, 'foobar', 'foobar')
	Insert on sbtest5  (cost=0.00..0.01 rows=1 width=736)
	  ->  Result  (cost=0.00..0.01 rows=1 width=736)

table 6 : explain INSERT INTO sbtest6 (id, k, c, pad) VALUES (6341648, 13, 'foobar', 'foobar')
	Insert on sbtest6  (cost=0.00..0.01 rows=1 width=736)
	  ->  Result  (cost=0.00..0.01 rows=1 width=736)

table 7 : explain INSERT INTO sbtest7 (id, k, c, pad) VALUES (6879579, 13, 'foobar', 'foobar')
	Insert on sbtest7  (cost=0.00..0.01 rows=1 width=736)
	  ->  Result  (cost=0.00..0.01 rows=1 width=736)

table 8 : explain INSERT INTO sbtest8 (id, k, c, pad) VALUES (7363873, 13, 'foobar', 'foobar')
	Insert on sbtest8  (cost=0.00..0.01 rows=1 width=736)
	  ->  Result  (cost=0.00..0.01 rows=1 width=736)

for deletes
table 1 : explain DELETE FROM sbtest1 WHERE id=5119705
	Delete on sbtest1  (cost=0.43..8.45 rows=1 width=6)
	  ->  Index Scan using sbtest1_pkey on sbtest1  (cost=0.43..8.45 rows=1 width=6)
	        Index Cond: (id = 5119705)

table 2 : explain DELETE FROM sbtest2 WHERE id=5805249
	Delete on sbtest2  (cost=0.43..8.45 rows=1 width=6)
	  ->  Index Scan using sbtest2_pkey on sbtest2  (cost=0.43..8.45 rows=1 width=6)
	        Index Cond: (id = 5805249)

table 3 : explain DELETE FROM sbtest3 WHERE id=1580033
	Delete on sbtest3  (cost=0.43..8.45 rows=1 width=6)
	  ->  Index Scan using sbtest3_pkey on sbtest3  (cost=0.43..8.45 rows=1 width=6)
	        Index Cond: (id = 1580033)

table 4 : explain DELETE FROM sbtest4 WHERE id=2465336
	Delete on sbtest4  (cost=0.43..8.45 rows=1 width=6)
	  ->  Index Scan using sbtest4_pkey on sbtest4  (cost=0.43..8.45 rows=1 width=6)
	        Index Cond: (id = 2465336)

table 5 : explain DELETE FROM sbtest5 WHERE id=2253583
	Delete on sbtest5  (cost=0.43..8.45 rows=1 width=6)
	  ->  Index Scan using sbtest5_pkey on sbtest5  (cost=0.43..8.45 rows=1 width=6)
	        Index Cond: (id = 2253583)

table 6 : explain DELETE FROM sbtest6 WHERE id=1703231
	Delete on sbtest6  (cost=0.43..8.45 rows=1 width=6)
	  ->  Index Scan using sbtest6_pkey on sbtest6  (cost=0.43..8.45 rows=1 width=6)
	        Index Cond: (id = 1703231)

table 7 : explain DELETE FROM sbtest7 WHERE id=6374609
	Delete on sbtest7  (cost=0.43..8.45 rows=1 width=6)
	  ->  Index Scan using sbtest7_pkey on sbtest7  (cost=0.43..8.45 rows=1 width=6)
	        Index Cond: (id = 6374609)

table 8 : explain DELETE FROM sbtest8 WHERE id=2210999
	Delete on sbtest8  (cost=0.43..8.45 rows=1 width=6)
	  ->  Index Scan using sbtest8_pkey on sbtest8  (cost=0.43..8.45 rows=1 width=6)
	        Index Cond: (id = 2210999)

explain: for deletes :: explain DELETE FROM sbtest%u WHERE id=%u
for: sum_ranges
table 1 : explain SELECT SUM(k) FROM sbtest1 WHERE id BETWEEN 4438160 AND 4438259
	Aggregate  (cost=380.29..380.30 rows=1 width=8)
	  ->  Index Scan using sbtest1_pkey on sbtest1  (cost=0.43..380.04 rows=99 width=4)
	        Index Cond: ((id >= 4438160) AND (id <= 4438259))

table 2 : explain SELECT SUM(k) FROM sbtest2 WHERE id BETWEEN 465494 AND 465593
	Aggregate  (cost=385.27..385.28 rows=1 width=8)
	  ->  Index Scan using sbtest2_pkey on sbtest2  (cost=0.43..385.02 rows=100 width=4)
	        Index Cond: ((id >= 465494) AND (id <= 465593))

table 3 : explain SELECT SUM(k) FROM sbtest3 WHERE id BETWEEN 7463291 AND 7463390
	Aggregate  (cost=398.64..398.65 rows=1 width=8)
	  ->  Index Scan using sbtest3_pkey on sbtest3  (cost=0.43..398.38 rows=103 width=4)
	        Index Cond: ((id >= 7463291) AND (id <= 7463390))

table 4 : explain SELECT SUM(k) FROM sbtest4 WHERE id BETWEEN 8496530 AND 8496629
	Aggregate  (cost=357.36..357.37 rows=1 width=8)
	  ->  Index Scan using sbtest4_pkey on sbtest4  (cost=0.43..357.13 rows=93 width=4)
	        Index Cond: ((id >= 8496530) AND (id <= 8496629))

table 5 : explain SELECT SUM(k) FROM sbtest5 WHERE id BETWEEN 8922394 AND 8922493
	Aggregate  (cost=354.42..354.43 rows=1 width=8)
	  ->  Index Scan using sbtest5_pkey on sbtest5  (cost=0.43..354.19 rows=92 width=4)
	        Index Cond: ((id >= 8922394) AND (id <= 8922493))

table 6 : explain SELECT SUM(k) FROM sbtest6 WHERE id BETWEEN 4304532 AND 4304631
	Aggregate  (cost=380.90..380.91 rows=1 width=8)
	  ->  Index Scan using sbtest6_pkey on sbtest6  (cost=0.43..380.65 rows=99 width=4)
	        Index Cond: ((id >= 4304532) AND (id <= 4304631))

table 7 : explain SELECT SUM(k) FROM sbtest7 WHERE id BETWEEN 9893518 AND 9893617
	Aggregate  (cost=386.95..386.96 rows=1 width=8)
	  ->  Index Scan using sbtest7_pkey on sbtest7  (cost=0.43..386.70 rows=101 width=4)
	        Index Cond: ((id >= 9893518) AND (id <= 9893617))

table 8 : explain SELECT SUM(k) FROM sbtest8 WHERE id BETWEEN 4861621 AND 4861720
	Aggregate  (cost=378.36..378.37 rows=1 width=8)
	  ->  Index Scan using sbtest8_pkey on sbtest8  (cost=0.43..378.11 rows=99 width=4)
	        Index Cond: ((id >= 4861621) AND (id <= 4861720))

for index_updates
table 1 : explain UPDATE sbtest1 SET k=k+1 WHERE id=6400990
	Update on sbtest1  (cost=0.43..8.46 rows=1 width=196)
	  ->  Index Scan using sbtest1_pkey on sbtest1  (cost=0.43..8.46 rows=1 width=196)
	        Index Cond: (id = 6400990)

table 2 : explain UPDATE sbtest2 SET k=k+1 WHERE id=4263869
	Update on sbtest2  (cost=0.43..8.46 rows=1 width=196)
	  ->  Index Scan using sbtest2_pkey on sbtest2  (cost=0.43..8.46 rows=1 width=196)
	        Index Cond: (id = 4263869)

table 3 : explain UPDATE sbtest3 SET k=k+1 WHERE id=2460651
	Update on sbtest3  (cost=0.43..8.46 rows=1 width=196)
	  ->  Index Scan using sbtest3_pkey on sbtest3  (cost=0.43..8.46 rows=1 width=196)
	        Index Cond: (id = 2460651)

table 4 : explain UPDATE sbtest4 SET k=k+1 WHERE id=5831301
	Update on sbtest4  (cost=0.43..8.46 rows=1 width=196)
	  ->  Index Scan using sbtest4_pkey on sbtest4  (cost=0.43..8.46 rows=1 width=196)
	        Index Cond: (id = 5831301)

table 5 : explain UPDATE sbtest5 SET k=k+1 WHERE id=327779
	Update on sbtest5  (cost=0.43..8.46 rows=1 width=196)
	  ->  Index Scan using sbtest5_pkey on sbtest5  (cost=0.43..8.46 rows=1 width=196)
	        Index Cond: (id = 327779)

table 6 : explain UPDATE sbtest6 SET k=k+1 WHERE id=991777
	Update on sbtest6  (cost=0.43..8.46 rows=1 width=196)
	  ->  Index Scan using sbtest6_pkey on sbtest6  (cost=0.43..8.46 rows=1 width=196)
	        Index Cond: (id = 991777)

table 7 : explain UPDATE sbtest7 SET k=k+1 WHERE id=8313564
	Update on sbtest7  (cost=0.43..8.46 rows=1 width=196)
	  ->  Index Scan using sbtest7_pkey on sbtest7  (cost=0.43..8.46 rows=1 width=196)
	        Index Cond: (id = 8313564)

table 8 : explain UPDATE sbtest8 SET k=k+1 WHERE id=3562543
	Update on sbtest8  (cost=0.43..8.46 rows=1 width=196)
	  ->  Index Scan using sbtest8_pkey on sbtest8  (cost=0.43..8.46 rows=1 width=196)
	        Index Cond: (id = 3562543)

for deletes
table 1 : explain DELETE FROM sbtest1 WHERE id=325606
	Delete on sbtest1  (cost=0.43..8.45 rows=1 width=6)
	  ->  Index Scan using sbtest1_pkey on sbtest1  (cost=0.43..8.45 rows=1 width=6)
	        Index Cond: (id = 325606)

table 2 : explain DELETE FROM sbtest2 WHERE id=7182548
	Delete on sbtest2  (cost=0.43..8.45 rows=1 width=6)
	  ->  Index Scan using sbtest2_pkey on sbtest2  (cost=0.43..8.45 rows=1 width=6)
	        Index Cond: (id = 7182548)

table 3 : explain DELETE FROM sbtest3 WHERE id=374192
	Delete on sbtest3  (cost=0.43..8.45 rows=1 width=6)
	  ->  Index Scan using sbtest3_pkey on sbtest3  (cost=0.43..8.45 rows=1 width=6)
	        Index Cond: (id = 374192)

table 4 : explain DELETE FROM sbtest4 WHERE id=2859634
	Delete on sbtest4  (cost=0.43..8.45 rows=1 width=6)
	  ->  Index Scan using sbtest4_pkey on sbtest4  (cost=0.43..8.45 rows=1 width=6)
	        Index Cond: (id = 2859634)

table 5 : explain DELETE FROM sbtest5 WHERE id=3933360
	Delete on sbtest5  (cost=0.43..8.45 rows=1 width=6)
	  ->  Index Scan using sbtest5_pkey on sbtest5  (cost=0.43..8.45 rows=1 width=6)
	        Index Cond: (id = 3933360)

table 6 : explain DELETE FROM sbtest6 WHERE id=8502946
	Delete on sbtest6  (cost=0.43..8.45 rows=1 width=6)
	  ->  Index Scan using sbtest6_pkey on sbtest6  (cost=0.43..8.45 rows=1 width=6)
	        Index Cond: (id = 8502946)

table 7 : explain DELETE FROM sbtest7 WHERE id=4526754
	Delete on sbtest7  (cost=0.43..8.45 rows=1 width=6)
	  ->  Index Scan using sbtest7_pkey on sbtest7  (cost=0.43..8.45 rows=1 width=6)
	        Index Cond: (id = 4526754)

table 8 : explain DELETE FROM sbtest8 WHERE id=4920868
	Delete on sbtest8  (cost=0.43..8.45 rows=1 width=6)
	  ->  Index Scan using sbtest8_pkey on sbtest8  (cost=0.43..8.45 rows=1 width=6)
	        Index Cond: (id = 4920868)

for index_updates
table 1 : explain UPDATE sbtest1 SET k=k+1 WHERE id=5050728
	Update on sbtest1  (cost=0.43..8.46 rows=1 width=196)
	  ->  Index Scan using sbtest1_pkey on sbtest1  (cost=0.43..8.46 rows=1 width=196)
	        Index Cond: (id = 5050728)

table 2 : explain UPDATE sbtest2 SET k=k+1 WHERE id=1542644
	Update on sbtest2  (cost=0.43..8.46 rows=1 width=196)
	  ->  Index Scan using sbtest2_pkey on sbtest2  (cost=0.43..8.46 rows=1 width=196)
	        Index Cond: (id = 1542644)

table 3 : explain UPDATE sbtest3 SET k=k+1 WHERE id=4858482
	Update on sbtest3  (cost=0.43..8.46 rows=1 width=196)
	  ->  Index Scan using sbtest3_pkey on sbtest3  (cost=0.43..8.46 rows=1 width=196)
	        Index Cond: (id = 4858482)

table 4 : explain UPDATE sbtest4 SET k=k+1 WHERE id=4737678
	Update on sbtest4  (cost=0.43..8.46 rows=1 width=196)
	  ->  Index Scan using sbtest4_pkey on sbtest4  (cost=0.43..8.46 rows=1 width=196)
	        Index Cond: (id = 4737678)

table 5 : explain UPDATE sbtest5 SET k=k+1 WHERE id=2722022
	Update on sbtest5  (cost=0.43..8.46 rows=1 width=196)
	  ->  Index Scan using sbtest5_pkey on sbtest5  (cost=0.43..8.46 rows=1 width=196)
	        Index Cond: (id = 2722022)

table 6 : explain UPDATE sbtest6 SET k=k+1 WHERE id=5087686
	Update on sbtest6  (cost=0.43..8.46 rows=1 width=196)
	  ->  Index Scan using sbtest6_pkey on sbtest6  (cost=0.43..8.46 rows=1 width=196)
	        Index Cond: (id = 5087686)

table 7 : explain UPDATE sbtest7 SET k=k+1 WHERE id=9557080
	Update on sbtest7  (cost=0.43..8.46 rows=1 width=196)
	  ->  Index Scan using sbtest7_pkey on sbtest7  (cost=0.43..8.46 rows=1 width=196)
	        Index Cond: (id = 9557080)

table 8 : explain UPDATE sbtest8 SET k=k+1 WHERE id=4168004
	Update on sbtest8  (cost=0.43..8.46 rows=1 width=196)
	  ->  Index Scan using sbtest8_pkey on sbtest8  (cost=0.43..8.46 rows=1 width=196)
	        Index Cond: (id = 4168004)

for point_selects
table 1 : explain SELECT c FROM sbtest1 WHERE id=4952546
	Index Scan using sbtest1_pkey on sbtest1  (cost=0.43..8.45 rows=1 width=121)
	  Index Cond: (id = 4952546)

table 2 : explain SELECT c FROM sbtest2 WHERE id=434974
	Index Scan using sbtest2_pkey on sbtest2  (cost=0.43..8.45 rows=1 width=121)
	  Index Cond: (id = 434974)

table 3 : explain SELECT c FROM sbtest3 WHERE id=4402560
	Index Scan using sbtest3_pkey on sbtest3  (cost=0.43..8.45 rows=1 width=121)
	  Index Cond: (id = 4402560)

table 4 : explain SELECT c FROM sbtest4 WHERE id=8090680
	Index Scan using sbtest4_pkey on sbtest4  (cost=0.43..8.45 rows=1 width=121)
	  Index Cond: (id = 8090680)

table 5 : explain SELECT c FROM sbtest5 WHERE id=2262527
	Index Scan using sbtest5_pkey on sbtest5  (cost=0.43..8.45 rows=1 width=121)
	  Index Cond: (id = 2262527)

table 6 : explain SELECT c FROM sbtest6 WHERE id=3044491
	Index Scan using sbtest6_pkey on sbtest6  (cost=0.43..8.45 rows=1 width=121)
	  Index Cond: (id = 3044491)

table 7 : explain SELECT c FROM sbtest7 WHERE id=3522642
	Index Scan using sbtest7_pkey on sbtest7  (cost=0.43..8.45 rows=1 width=121)
	  Index Cond: (id = 3522642)

table 8 : explain SELECT c FROM sbtest8 WHERE id=947640
	Index Scan using sbtest8_pkey on sbtest8  (cost=0.43..8.45 rows=1 width=121)
	  Index Cond: (id = 947640)

explain: for inserts :: explain INSERT INTO sbtest%u (id, k, c, pad) VALUES (%u, 13, 'foobar', 'foobar')
explain: for non_index_updates :: explain UPDATE sbtest%u SET c='foobar' WHERE id=%u
explain: for non_index_updates :: explain UPDATE sbtest%u SET c='foobar' WHERE id=%u
explain: for inserts :: explain INSERT INTO sbtest%u (id, k, c, pad) VALUES (%u, 13, 'foobar', 'foobar')
explain: for inserts :: explain INSERT INTO sbtest%u (id, k, c, pad) VALUES (%u, 13, 'foobar', 'foobar')
for non_index_updates
table 1 : explain UPDATE sbtest1 SET c='foobar' WHERE id=8480511
	Update on sbtest1  (cost=0.43..8.45 rows=1 width=559)
	  ->  Index Scan using sbtest1_pkey on sbtest1  (cost=0.43..8.45 rows=1 width=559)
	        Index Cond: (id = 8480511)

table 2 : explain UPDATE sbtest2 SET c='foobar' WHERE id=3976374
	Update on sbtest2  (cost=0.43..8.45 rows=1 width=559)
	  ->  Index Scan using sbtest2_pkey on sbtest2  (cost=0.43..8.45 rows=1 width=559)
	        Index Cond: (id = 3976374)

table 3 : explain UPDATE sbtest3 SET c='foobar' WHERE id=2463213
	Update on sbtest3  (cost=0.43..8.45 rows=1 width=559)
	  ->  Index Scan using sbtest3_pkey on sbtest3  (cost=0.43..8.45 rows=1 width=559)
	        Index Cond: (id = 2463213)

table 4 : explain UPDATE sbtest4 SET c='foobar' WHERE id=4049151
	Update on sbtest4  (cost=0.43..8.45 rows=1 width=559)
	  ->  Index Scan using sbtest4_pkey on sbtest4  (cost=0.43..8.45 rows=1 width=559)
	        Index Cond: (id = 4049151)

table 5 : explain UPDATE sbtest5 SET c='foobar' WHERE id=1047970
	Update on sbtest5  (cost=0.43..8.45 rows=1 width=559)
	  ->  Index Scan using sbtest5_pkey on sbtest5  (cost=0.43..8.45 rows=1 width=559)
	        Index Cond: (id = 1047970)

table 6 : explain UPDATE sbtest6 SET c='foobar' WHERE id=9212177
	Update on sbtest6  (cost=0.43..8.45 rows=1 width=559)
	  ->  Index Scan using sbtest6_pkey on sbtest6  (cost=0.43..8.45 rows=1 width=559)
	        Index Cond: (id = 9212177)

table 7 : explain UPDATE sbtest7 SET c='foobar' WHERE id=4029245
	Update on sbtest7  (cost=0.43..8.45 rows=1 width=559)
	  ->  Index Scan using sbtest7_pkey on sbtest7  (cost=0.43..8.45 rows=1 width=559)
	        Index Cond: (id = 4029245)

table 8 : explain UPDATE sbtest8 SET c='foobar' WHERE id=4391398
	Update on sbtest8  (cost=0.43..8.45 rows=1 width=559)
	  ->  Index Scan using sbtest8_pkey on sbtest8  (cost=0.43..8.45 rows=1 width=559)
	        Index Cond: (id = 4391398)

for inserts
table 1 : explain INSERT INTO sbtest1 (id, k, c, pad) VALUES (6073455, 13, 'foobar', 'foobar')
	Insert on sbtest1  (cost=0.00..0.01 rows=1 width=736)
	  ->  Result  (cost=0.00..0.01 rows=1 width=736)

table 2 : explain INSERT INTO sbtest2 (id, k, c, pad) VALUES (8314199, 13, 'foobar', 'foobar')
	Insert on sbtest2  (cost=0.00..0.01 rows=1 width=736)
	  ->  Result  (cost=0.00..0.01 rows=1 width=736)

table 3 : explain INSERT INTO sbtest3 (id, k, c, pad) VALUES (1851227, 13, 'foobar', 'foobar')
	Insert on sbtest3  (cost=0.00..0.01 rows=1 width=736)
	  ->  Result  (cost=0.00..0.01 rows=1 width=736)

table 4 : explain INSERT INTO sbtest4 (id, k, c, pad) VALUES (5573055, 13, 'foobar', 'foobar')
	Insert on sbtest4  (cost=0.00..0.01 rows=1 width=736)
	  ->  Result  (cost=0.00..0.01 rows=1 width=736)

table 5 : explain INSERT INTO sbtest5 (id, k, c, pad) VALUES (5766194, 13, 'foobar', 'foobar')
	Insert on sbtest5  (cost=0.00..0.01 rows=1 width=736)
	  ->  Result  (cost=0.00..0.01 rows=1 width=736)

table 6 : explain INSERT INTO sbtest6 (id, k, c, pad) VALUES (8817609, 13, 'foobar', 'foobar')
	Insert on sbtest6  (cost=0.00..0.01 rows=1 width=736)
	  ->  Result  (cost=0.00..0.01 rows=1 width=736)

table 7 : explain INSERT INTO sbtest7 (id, k, c, pad) VALUES (4079702, 13, 'foobar', 'foobar')
	Insert on sbtest7  (cost=0.00..0.01 rows=1 width=736)
	  ->  Result  (cost=0.00..0.01 rows=1 width=736)

table 8 : explain INSERT INTO sbtest8 (id, k, c, pad) VALUES (6235123, 13, 'foobar', 'foobar')
	Insert on sbtest8  (cost=0.00..0.01 rows=1 width=736)
	  ->  Result  (cost=0.00..0.01 rows=1 width=736)

for: order_ranges
table 1 : explain SELECT c FROM sbtest1 WHERE id BETWEEN 6708069 AND 6708168 ORDER BY c
	Sort  (cost=368.00..368.24 rows=95 width=121)
	  Sort Key: c
	  ->  Index Scan using sbtest1_pkey on sbtest1  (cost=0.43..364.88 rows=95 width=121)
	        Index Cond: ((id >= 6708069) AND (id <= 6708168))

table 2 : explain SELECT c FROM sbtest2 WHERE id BETWEEN 9134936 AND 9135035 ORDER BY c
	Sort  (cost=372.97..373.21 rows=96 width=121)
	  Sort Key: c
	  ->  Index Scan using sbtest2_pkey on sbtest2  (cost=0.43..369.81 rows=96 width=121)
	        Index Cond: ((id >= 9134936) AND (id <= 9135035))

table 3 : explain SELECT c FROM sbtest3 WHERE id BETWEEN 4539198 AND 4539297 ORDER BY c
	Sort  (cost=382.52..382.76 rows=98 width=121)
	  Sort Key: c
	  ->  Index Scan using sbtest3_pkey on sbtest3  (cost=0.43..379.28 rows=98 width=121)
	        Index Cond: ((id >= 4539198) AND (id <= 4539297))

table 4 : explain SELECT c FROM sbtest4 WHERE id BETWEEN 1210867 AND 1210966 ORDER BY c
	Sort  (cost=375.48..375.72 rows=97 width=121)
	  Sort Key: c
	  ->  Index Scan using sbtest4_pkey on sbtest4  (cost=0.43..372.28 rows=97 width=121)
	        Index Cond: ((id >= 1210867) AND (id <= 1210966))

table 5 : explain SELECT c FROM sbtest5 WHERE id BETWEEN 3037135 AND 3037234 ORDER BY c
	Sort  (cost=403.31..403.57 rows=104 width=121)
	  Sort Key: c
	  ->  Index Scan using sbtest5_pkey on sbtest5  (cost=0.43..399.83 rows=104 width=121)
	        Index Cond: ((id >= 3037135) AND (id <= 3037234))

table 6 : explain SELECT c FROM sbtest6 WHERE id BETWEEN 7123822 AND 7123921 ORDER BY c
	Sort  (cost=387.77..388.02 rows=100 width=121)
	  Sort Key: c
	  ->  Index Scan using sbtest6_pkey on sbtest6  (cost=0.43..384.44 rows=100 width=121)
	        Index Cond: ((id >= 7123822) AND (id <= 7123921))

table 7 : explain SELECT c FROM sbtest7 WHERE id BETWEEN 6073464 AND 6073563 ORDER BY c
	Sort  (cost=370.96..371.20 rows=96 width=121)
	  Sort Key: c
	  ->  Index Scan using sbtest7_pkey on sbtest7  (cost=0.43..367.80 rows=96 width=121)
	        Index Cond: ((id >= 6073464) AND (id <= 6073563))

table 8 : explain SELECT c FROM sbtest8 WHERE id BETWEEN 5234837 AND 5234936 ORDER BY c
	Sort  (cost=369.97..370.21 rows=96 width=121)
	  Sort Key: c
	  ->  Index Scan using sbtest8_pkey on sbtest8  (cost=0.43..366.80 rows=96 width=121)
	        Index Cond: ((id >= 5234837) AND (id <= 5234936))

for non_index_updates
table 1 : explain UPDATE sbtest1 SET c='foobar' WHERE id=9129187
	Update on sbtest1  (cost=0.43..8.45 rows=1 width=559)
	  ->  Index Scan using sbtest1_pkey on sbtest1  (cost=0.43..8.45 rows=1 width=559)
	        Index Cond: (id = 9129187)

table 2 : explain UPDATE sbtest2 SET c='foobar' WHERE id=7061879
	Update on sbtest2  (cost=0.43..8.45 rows=1 width=559)
	  ->  Index Scan using sbtest2_pkey on sbtest2  (cost=0.43..8.45 rows=1 width=559)
	        Index Cond: (id = 7061879)

table 3 : explain UPDATE sbtest3 SET c='foobar' WHERE id=660228
	Update on sbtest3  (cost=0.43..8.45 rows=1 width=559)
	  ->  Index Scan using sbtest3_pkey on sbtest3  (cost=0.43..8.45 rows=1 width=559)
	        Index Cond: (id = 660228)

table 4 : explain UPDATE sbtest4 SET c='foobar' WHERE id=7737433
	Update on sbtest4  (cost=0.43..8.45 rows=1 width=559)
	  ->  Index Scan using sbtest4_pkey on sbtest4  (cost=0.43..8.45 rows=1 width=559)
	        Index Cond: (id = 7737433)

table 5 : explain UPDATE sbtest5 SET c='foobar' WHERE id=3188747
	Update on sbtest5  (cost=0.43..8.45 rows=1 width=559)
	  ->  Index Scan using sbtest5_pkey on sbtest5  (cost=0.43..8.45 rows=1 width=559)
	        Index Cond: (id = 3188747)

table 6 : explain UPDATE sbtest6 SET c='foobar' WHERE id=1253186
	Update on sbtest6  (cost=0.43..8.45 rows=1 width=559)
	  ->  Index Scan using sbtest6_pkey on sbtest6  (cost=0.43..8.45 rows=1 width=559)
	        Index Cond: (id = 1253186)

table 7 : explain UPDATE sbtest7 SET c='foobar' WHERE id=4735671
	Update on sbtest7  (cost=0.43..8.45 rows=1 width=559)
	  ->  Index Scan using sbtest7_pkey on sbtest7  (cost=0.43..8.45 rows=1 width=559)
	        Index Cond: (id = 4735671)

table 8 : explain UPDATE sbtest8 SET c='foobar' WHERE id=1565031
	Update on sbtest8  (cost=0.43..8.45 rows=1 width=559)
	  ->  Index Scan using sbtest8_pkey on sbtest8  (cost=0.43..8.45 rows=1 width=559)
	        Index Cond: (id = 1565031)

for: order_ranges
table 1 : explain SELECT c FROM sbtest1 WHERE id BETWEEN 1190717 AND 1190816 ORDER BY c
	Sort  (cost=402.47..402.73 rows=104 width=121)
	  Sort Key: c
	  ->  Index Scan using sbtest1_pkey on sbtest1  (cost=0.43..398.99 rows=104 width=121)
	        Index Cond: ((id >= 1190717) AND (id <= 1190816))

table 2 : explain SELECT c FROM sbtest2 WHERE id BETWEEN 6859733 AND 6859832 ORDER BY c
	Sort  (cost=388.34..388.59 rows=100 width=121)
	  Sort Key: c
	  ->  Index Scan using sbtest2_pkey on sbtest2  (cost=0.43..385.02 rows=100 width=121)
	        Index Cond: ((id >= 6859733) AND (id <= 6859832))

table 3 : explain SELECT c FROM sbtest3 WHERE id BETWEEN 1386506 AND 1386605 ORDER BY c
	Sort  (cost=351.58..351.80 rows=90 width=121)
	  Sort Key: c
	  ->  Index Scan using sbtest3_pkey on sbtest3  (cost=0.43..348.66 rows=90 width=121)
	        Index Cond: ((id >= 1386506) AND (id <= 1386605))

table 4 : explain SELECT c FROM sbtest4 WHERE id BETWEEN 9155177 AND 9155276 ORDER BY c
	Sort  (cost=379.31..379.56 rows=98 width=121)
	  Sort Key: c
	  ->  Index Scan using sbtest4_pkey on sbtest4  (cost=0.43..376.07 rows=98 width=121)
	        Index Cond: ((id >= 9155177) AND (id <= 9155276))

table 5 : explain SELECT c FROM sbtest5 WHERE id BETWEEN 6967503 AND 6967602 ORDER BY c
	Sort  (cost=437.86..438.14 rows=113 width=121)
	  Sort Key: c
	  ->  Index Scan using sbtest5_pkey on sbtest5  (cost=0.43..434.01 rows=113 width=121)
	        Index Cond: ((id >= 6967503) AND (id <= 6967602))

table 6 : explain SELECT c FROM sbtest6 WHERE id BETWEEN 8789039 AND 8789138 ORDER BY c
	Sort  (cost=387.77..388.02 rows=100 width=121)
	  Sort Key: c
	  ->  Index Scan using sbtest6_pkey on sbtest6  (cost=0.43..384.44 rows=100 width=121)
	        Index Cond: ((id >= 8789039) AND (id <= 8789138))

table 7 : explain SELECT c FROM sbtest7 WHERE id BETWEEN 7853773 AND 7853872 ORDER BY c
	Sort  (cost=367.14..367.38 rows=95 width=121)
	  Sort Key: c
	  ->  Index Scan using sbtest7_pkey on sbtest7  (cost=0.43..364.02 rows=95 width=121)
	        Index Cond: ((id >= 7853773) AND (id <= 7853872))

table 8 : explain SELECT c FROM sbtest8 WHERE id BETWEEN 1605347 AND 1605446 ORDER BY c
	Sort  (cost=373.78..374.02 rows=97 width=121)
	  Sort Key: c
	  ->  Index Scan using sbtest8_pkey on sbtest8  (cost=0.43..370.57 rows=97 width=121)
	        Index Cond: ((id >= 1605347) AND (id <= 1605446))

for: simple_ranges
table 1 : explain SELECT c FROM sbtest1 WHERE id BETWEEN 3651604 AND 3651703
	Index Scan using sbtest1_pkey on sbtest1  (cost=0.43..361.03 rows=94 width=121)
	  Index Cond: ((id >= 3651604) AND (id <= 3651703))

table 2 : explain SELECT c FROM sbtest2 WHERE id BETWEEN 3932276 AND 3932375
	Index Scan using sbtest2_pkey on sbtest2  (cost=0.43..388.82 rows=101 width=121)
	  Index Cond: ((id >= 3932276) AND (id <= 3932375))

table 3 : explain SELECT c FROM sbtest3 WHERE id BETWEEN 4736096 AND 4736195
	Index Scan using sbtest3_pkey on sbtest3  (cost=0.43..379.28 rows=98 width=121)
	  Index Cond: ((id >= 4736096) AND (id <= 4736195))

table 4 : explain SELECT c FROM sbtest4 WHERE id BETWEEN 5421002 AND 5421101
	Index Scan using sbtest4_pkey on sbtest4  (cost=0.43..376.07 rows=98 width=121)
	  Index Cond: ((id >= 5421002) AND (id <= 5421101))

table 5 : explain SELECT c FROM sbtest5 WHERE id BETWEEN 7842768 AND 7842867
	Index Scan using sbtest5_pkey on sbtest5  (cost=0.43..411.22 rows=107 width=121)
	  Index Cond: ((id >= 7842768) AND (id <= 7842867))

table 6 : explain SELECT c FROM sbtest6 WHERE id BETWEEN 8640394 AND 8640493
	Index Scan using sbtest6_pkey on sbtest6  (cost=0.43..456.57 rows=119 width=121)
	  Index Cond: ((id >= 8640394) AND (id <= 8640493))

table 7 : explain SELECT c FROM sbtest7 WHERE id BETWEEN 333407 AND 333506
	Index Scan using sbtest7_pkey on sbtest7  (cost=0.43..394.26 rows=103 width=121)
	  Index Cond: ((id >= 333407) AND (id <= 333506))

table 8 : explain SELECT c FROM sbtest8 WHERE id BETWEEN 113282 AND 113381
	Index Scan using sbtest8_pkey on sbtest8  (cost=0.43..355.49 rows=93 width=121)
	  Index Cond: ((id >= 113282) AND (id <= 113381))

explain: for deletes :: explain DELETE FROM sbtest%u WHERE id=%u
explain: for deletes :: explain DELETE FROM sbtest%u WHERE id=%u
for: order_ranges
table 1 : explain SELECT c FROM sbtest1 WHERE id BETWEEN 7636620 AND 7636719 ORDER BY c
	Sort  (cost=394.81..395.07 rows=102 width=121)
	  Sort Key: c
	  ->  Index Scan using sbtest1_pkey on sbtest1  (cost=0.43..391.41 rows=102 width=121)
	        Index Cond: ((id >= 7636620) AND (id <= 7636719))

table 2 : explain SELECT c FROM sbtest2 WHERE id BETWEEN 6925633 AND 6925732 ORDER BY c
	Sort  (cost=380.65..380.90 rows=98 width=121)
	  Sort Key: c
	  ->  Index Scan using sbtest2_pkey on sbtest2  (cost=0.43..377.41 rows=98 width=121)
	        Index Cond: ((id >= 6925633) AND (id <= 6925732))

table 3 : explain SELECT c FROM sbtest3 WHERE id BETWEEN 8832500 AND 8832599 ORDER BY c
	Sort  (cost=397.97..398.22 rows=102 width=121)
	  Sort Key: c
	  ->  Index Scan using sbtest3_pkey on sbtest3  (cost=0.43..394.56 rows=102 width=121)
	        Index Cond: ((id >= 8832500) AND (id <= 8832599))

table 4 : explain SELECT c FROM sbtest4 WHERE id BETWEEN 8543318 AND 8543417 ORDER BY c
	Sort  (cost=360.17..360.40 rows=93 width=121)
	  Sort Key: c
	  ->  Index Scan using sbtest4_pkey on sbtest4  (cost=0.43..357.13 rows=93 width=121)
	        Index Cond: ((id >= 8543318) AND (id <= 8543417))

table 5 : explain SELECT c FROM sbtest5 WHERE id BETWEEN 9988902 AND 9989001 ORDER BY c
	Sort  (cost=395.63..395.89 rows=102 width=121)
	  Sort Key: c
	  ->  Index Scan using sbtest5_pkey on sbtest5  (cost=0.43..392.23 rows=102 width=121)
	        Index Cond: ((id >= 9988902) AND (id <= 9989001))

table 6 : explain SELECT c FROM sbtest6 WHERE id BETWEEN 6932653 AND 6932752 ORDER BY c
	Sort  (cost=403.11..403.37 rows=104 width=121)
	  Sort Key: c
	  ->  Index Scan using sbtest6_pkey on sbtest6  (cost=0.43..399.63 rows=104 width=121)
	        Index Cond: ((id >= 6932653) AND (id <= 6932752))

table 7 : explain SELECT c FROM sbtest7 WHERE id BETWEEN 8851013 AND 8851112 ORDER BY c
	Sort  (cost=409.17..409.44 rows=106 width=121)
	  Sort Key: c
	  ->  Index Scan using sbtest7_pkey on sbtest7  (cost=0.43..405.60 rows=106 width=121)
	        Index Cond: ((id >= 8851013) AND (id <= 8851112))

table 8 : explain SELECT c FROM sbtest8 WHERE id BETWEEN 8444725 AND 8444824 ORDER BY c
	Sort  (cost=369.97..370.21 rows=96 width=121)
	  Sort Key: c
	  ->  Index Scan using sbtest8_pkey on sbtest8  (cost=0.43..366.80 rows=96 width=121)
	        Index Cond: ((id >= 8444725) AND (id <= 8444824))

for inserts
table 1 : explain INSERT INTO sbtest1 (id, k, c, pad) VALUES (1105952, 13, 'foobar', 'foobar')
	Insert on sbtest1  (cost=0.00..0.01 rows=1 width=736)
	  ->  Result  (cost=0.00..0.01 rows=1 width=736)

table 2 : explain INSERT INTO sbtest2 (id, k, c, pad) VALUES (7206229, 13, 'foobar', 'foobar')
	Insert on sbtest2  (cost=0.00..0.01 rows=1 width=736)
	  ->  Result  (cost=0.00..0.01 rows=1 width=736)

table 3 : explain INSERT INTO sbtest3 (id, k, c, pad) VALUES (6699542, 13, 'foobar', 'foobar')
	Insert on sbtest3  (cost=0.00..0.01 rows=1 width=736)
	  ->  Result  (cost=0.00..0.01 rows=1 width=736)

table 4 : explain INSERT INTO sbtest4 (id, k, c, pad) VALUES (2162617, 13, 'foobar', 'foobar')
	Insert on sbtest4  (cost=0.00..0.01 rows=1 width=736)
	  ->  Result  (cost=0.00..0.01 rows=1 width=736)

table 5 : explain INSERT INTO sbtest5 (id, k, c, pad) VALUES (5547400, 13, 'foobar', 'foobar')
	Insert on sbtest5  (cost=0.00..0.01 rows=1 width=736)
	  ->  Result  (cost=0.00..0.01 rows=1 width=736)

table 6 : explain INSERT INTO sbtest6 (id, k, c, pad) VALUES (8894772, 13, 'foobar', 'foobar')
	Insert on sbtest6  (cost=0.00..0.01 rows=1 width=736)
	  ->  Result  (cost=0.00..0.01 rows=1 width=736)

table 7 : explain INSERT INTO sbtest7 (id, k, c, pad) VALUES (8634404, 13, 'foobar', 'foobar')
	Insert on sbtest7  (cost=0.00..0.01 rows=1 width=736)
	  ->  Result  (cost=0.00..0.01 rows=1 width=736)

table 8 : explain INSERT INTO sbtest8 (id, k, c, pad) VALUES (7047110, 13, 'foobar', 'foobar')
	Insert on sbtest8  (cost=0.00..0.01 rows=1 width=736)
	  ->  Result  (cost=0.00..0.01 rows=1 width=736)

for deletes
table 1 : explain DELETE FROM sbtest1 WHERE id=5083748
	Delete on sbtest1  (cost=0.43..8.45 rows=1 width=6)
	  ->  Index Scan using sbtest1_pkey on sbtest1  (cost=0.43..8.45 rows=1 width=6)
	        Index Cond: (id = 5083748)

table 2 : explain DELETE FROM sbtest2 WHERE id=576774
	Delete on sbtest2  (cost=0.43..8.45 rows=1 width=6)
	  ->  Index Scan using sbtest2_pkey on sbtest2  (cost=0.43..8.45 rows=1 width=6)
	        Index Cond: (id = 576774)

table 3 : explain DELETE FROM sbtest3 WHERE id=5982075
	Delete on sbtest3  (cost=0.43..8.45 rows=1 width=6)
	  ->  Index Scan using sbtest3_pkey on sbtest3  (cost=0.43..8.45 rows=1 width=6)
	        Index Cond: (id = 5982075)

table 4 : explain DELETE FROM sbtest4 WHERE id=7103152
	Delete on sbtest4  (cost=0.43..8.45 rows=1 width=6)
	  ->  Index Scan using sbtest4_pkey on sbtest4  (cost=0.43..8.45 rows=1 width=6)
	        Index Cond: (id = 7103152)

table 5 : explain DELETE FROM sbtest5 WHERE id=4543807
	Delete on sbtest5  (cost=0.43..8.45 rows=1 width=6)
	  ->  Index Scan using sbtest5_pkey on sbtest5  (cost=0.43..8.45 rows=1 width=6)
	        Index Cond: (id = 4543807)

table 6 : explain DELETE FROM sbtest6 WHERE id=3698062
	Delete on sbtest6  (cost=0.43..8.45 rows=1 width=6)
	  ->  Index Scan using sbtest6_pkey on sbtest6  (cost=0.43..8.45 rows=1 width=6)
	        Index Cond: (id = 3698062)

table 7 : explain DELETE FROM sbtest7 WHERE id=859172
	Delete on sbtest7  (cost=0.43..8.45 rows=1 width=6)
	  ->  Index Scan using sbtest7_pkey on sbtest7  (cost=0.43..8.45 rows=1 width=6)
	        Index Cond: (id = 859172)

table 8 : explain DELETE FROM sbtest8 WHERE id=3175851
	Delete on sbtest8  (cost=0.43..8.45 rows=1 width=6)
	  ->  Index Scan using sbtest8_pkey on sbtest8  (cost=0.43..8.45 rows=1 width=6)
	        Index Cond: (id = 3175851)

for inserts
table 1 : explain INSERT INTO sbtest1 (id, k, c, pad) VALUES (8910272, 13, 'foobar', 'foobar')
	Insert on sbtest1  (cost=0.00..0.01 rows=1 width=736)
	  ->  Result  (cost=0.00..0.01 rows=1 width=736)

table 2 : explain INSERT INTO sbtest2 (id, k, c, pad) VALUES (9719894, 13, 'foobar', 'foobar')
	Insert on sbtest2  (cost=0.00..0.01 rows=1 width=736)
	  ->  Result  (cost=0.00..0.01 rows=1 width=736)

table 3 : explain INSERT INTO sbtest3 (id, k, c, pad) VALUES (414511, 13, 'foobar', 'foobar')
	Insert on sbtest3  (cost=0.00..0.01 rows=1 width=736)
	  ->  Result  (cost=0.00..0.01 rows=1 width=736)

table 4 : explain INSERT INTO sbtest4 (id, k, c, pad) VALUES (8809047, 13, 'foobar', 'foobar')
	Insert on sbtest4  (cost=0.00..0.01 rows=1 width=736)
	  ->  Result  (cost=0.00..0.01 rows=1 width=736)

table 5 : explain INSERT INTO sbtest5 (id, k, c, pad) VALUES (1343898, 13, 'foobar', 'foobar')
	Insert on sbtest5  (cost=0.00..0.01 rows=1 width=736)
	  ->  Result  (cost=0.00..0.01 rows=1 width=736)

table 6 : explain INSERT INTO sbtest6 (id, k, c, pad) VALUES (567184, 13, 'foobar', 'foobar')
	Insert on sbtest6  (cost=0.00..0.01 rows=1 width=736)
	  ->  Result  (cost=0.00..0.01 rows=1 width=736)

table 7 : explain INSERT INTO sbtest7 (id, k, c, pad) VALUES (9131341, 13, 'foobar', 'foobar')
	Insert on sbtest7  (cost=0.00..0.01 rows=1 width=736)
	  ->  Result  (cost=0.00..0.01 rows=1 width=736)

table 8 : explain INSERT INTO sbtest8 (id, k, c, pad) VALUES (6025624, 13, 'foobar', 'foobar')
	Insert on sbtest8  (cost=0.00..0.01 rows=1 width=736)
	  ->  Result  (cost=0.00..0.01 rows=1 width=736)

for non_index_updates
table 1 : explain UPDATE sbtest1 SET c='foobar' WHERE id=1064990
	Update on sbtest1  (cost=0.43..8.45 rows=1 width=559)
	  ->  Index Scan using sbtest1_pkey on sbtest1  (cost=0.43..8.45 rows=1 width=559)
	        Index Cond: (id = 1064990)

table 2 : explain UPDATE sbtest2 SET c='foobar' WHERE id=5050617
	Update on sbtest2  (cost=0.43..8.45 rows=1 width=559)
	  ->  Index Scan using sbtest2_pkey on sbtest2  (cost=0.43..8.45 rows=1 width=559)
	        Index Cond: (id = 5050617)

table 3 : explain UPDATE sbtest3 SET c='foobar' WHERE id=287406
	Update on sbtest3  (cost=0.43..8.45 rows=1 width=559)
	  ->  Index Scan using sbtest3_pkey on sbtest3  (cost=0.43..8.45 rows=1 width=559)
	        Index Cond: (id = 287406)

table 4 : explain UPDATE sbtest4 SET c='foobar' WHERE id=7664605
	Update on sbtest4  (cost=0.43..8.45 rows=1 width=559)
	  ->  Index Scan using sbtest4_pkey on sbtest4  (cost=0.43..8.45 rows=1 width=559)
	        Index Cond: (id = 7664605)

table 5 : explain UPDATE sbtest5 SET c='foobar' WHERE id=1732361
	Update on sbtest5  (cost=0.43..8.45 rows=1 width=559)
	  ->  Index Scan using sbtest5_pkey on sbtest5  (cost=0.43..8.45 rows=1 width=559)
	        Index Cond: (id = 1732361)

table 6 : explain UPDATE sbtest6 SET c='foobar' WHERE id=8838432
	Update on sbtest6  (cost=0.43..8.45 rows=1 width=559)
	  ->  Index Scan using sbtest6_pkey on sbtest6  (cost=0.43..8.45 rows=1 width=559)
	        Index Cond: (id = 8838432)

table 7 : explain UPDATE sbtest7 SET c='foobar' WHERE id=7142766
	Update on sbtest7  (cost=0.43..8.45 rows=1 width=559)
	  ->  Index Scan using sbtest7_pkey on sbtest7  (cost=0.43..8.45 rows=1 width=559)
	        Index Cond: (id = 7142766)

table 8 : explain UPDATE sbtest8 SET c='foobar' WHERE id=7621103
	Update on sbtest8  (cost=0.43..8.45 rows=1 width=559)
	  ->  Index Scan using sbtest8_pkey on sbtest8  (cost=0.43..8.45 rows=1 width=559)
	        Index Cond: (id = 7621103)

explain: for inserts :: explain INSERT INTO sbtest%u (id, k, c, pad) VALUES (%u, 13, 'foobar', 'foobar')
for deletes
table 1 : explain DELETE FROM sbtest1 WHERE id=8804124
	Delete on sbtest1  (cost=0.43..8.45 rows=1 width=6)
	  ->  Index Scan using sbtest1_pkey on sbtest1  (cost=0.43..8.45 rows=1 width=6)
	        Index Cond: (id = 8804124)

table 2 : explain DELETE FROM sbtest2 WHERE id=5838860
	Delete on sbtest2  (cost=0.43..8.45 rows=1 width=6)
	  ->  Index Scan using sbtest2_pkey on sbtest2  (cost=0.43..8.45 rows=1 width=6)
	        Index Cond: (id = 5838860)

table 3 : explain DELETE FROM sbtest3 WHERE id=5300595
	Delete on sbtest3  (cost=0.43..8.45 rows=1 width=6)
	  ->  Index Scan using sbtest3_pkey on sbtest3  (cost=0.43..8.45 rows=1 width=6)
	        Index Cond: (id = 5300595)

table 4 : explain DELETE FROM sbtest4 WHERE id=7114597
	Delete on sbtest4  (cost=0.43..8.45 rows=1 width=6)
	  ->  Index Scan using sbtest4_pkey on sbtest4  (cost=0.43..8.45 rows=1 width=6)
	        Index Cond: (id = 7114597)

table 5 : explain DELETE FROM sbtest5 WHERE id=1330724
	Delete on sbtest5  (cost=0.43..8.45 rows=1 width=6)
	  ->  Index Scan using sbtest5_pkey on sbtest5  (cost=0.43..8.45 rows=1 width=6)
	        Index Cond: (id = 1330724)

table 6 : explain DELETE FROM sbtest6 WHERE id=9548908
	Delete on sbtest6  (cost=0.43..8.45 rows=1 width=6)
	  ->  Index Scan using sbtest6_pkey on sbtest6  (cost=0.43..8.45 rows=1 width=6)
	        Index Cond: (id = 9548908)

table 7 : explain DELETE FROM sbtest7 WHERE id=5909267
	Delete on sbtest7  (cost=0.43..8.45 rows=1 width=6)
	  ->  Index Scan using sbtest7_pkey on sbtest7  (cost=0.43..8.45 rows=1 width=6)
	        Index Cond: (id = 5909267)

table 8 : explain DELETE FROM sbtest8 WHERE id=2171831
	Delete on sbtest8  (cost=0.43..8.45 rows=1 width=6)
	  ->  Index Scan using sbtest8_pkey on sbtest8  (cost=0.43..8.45 rows=1 width=6)
	        Index Cond: (id = 2171831)

for: distinct_ranges
table 1 : explain SELECT DISTINCT c FROM sbtest1 WHERE id BETWEEN 1328673 AND 1328772 ORDER BY c
	Unique  (cost=387.15..387.65 rows=100 width=121)
	  ->  Sort  (cost=387.15..387.40 rows=100 width=121)
	        Sort Key: c
	        ->  Index Scan using sbtest1_pkey on sbtest1  (cost=0.43..383.83 rows=100 width=121)
	              Index Cond: ((id >= 1328673) AND (id <= 1328772))

table 2 : explain SELECT DISTINCT c FROM sbtest2 WHERE id BETWEEN 9443185 AND 9443284 ORDER BY c
	Unique  (cost=422.92..423.47 rows=109 width=121)
	  ->  Sort  (cost=422.92..423.19 rows=109 width=121)
	        Sort Key: c
	        ->  Index Scan using sbtest2_pkey on sbtest2  (cost=0.43..419.23 rows=109 width=121)
	              Index Cond: ((id >= 9443185) AND (id <= 9443284))

table 3 : explain SELECT DISTINCT c FROM sbtest3 WHERE id BETWEEN 9937326 AND 9937425 ORDER BY c
	Unique  (cost=413.41..413.94 rows=106 width=121)
	  ->  Sort  (cost=413.41..413.68 rows=106 width=121)
	        Sort Key: c
	        ->  Index Scan using sbtest3_pkey on sbtest3  (cost=0.43..409.85 rows=106 width=121)
	              Index Cond: ((id >= 9937326) AND (id <= 9937425))

table 4 : explain SELECT DISTINCT c FROM sbtest4 WHERE id BETWEEN 2561958 AND 2562057 ORDER BY c
	Unique  (cost=383.14..383.63 rows=99 width=121)
	  ->  Sort  (cost=383.14..383.39 rows=99 width=121)
	        Sort Key: c
	        ->  Index Scan using sbtest4_pkey on sbtest4  (cost=0.43..379.86 rows=99 width=121)
	              Index Cond: ((id >= 2561958) AND (id <= 2562057))

table 5 : explain SELECT DISTINCT c FROM sbtest5 WHERE id BETWEEN 7757688 AND 7757787 ORDER BY c
	Unique  (cost=399.47..399.99 rows=103 width=121)
	  ->  Sort  (cost=399.47..399.73 rows=103 width=121)
	        Sort Key: c
	        ->  Index Scan using sbtest5_pkey on sbtest5  (cost=0.43..396.03 rows=103 width=121)
	              Index Cond: ((id >= 7757688) AND (id <= 7757787))

table 6 : explain SELECT DISTINCT c FROM sbtest6 WHERE id BETWEEN 8984102 AND 8984201 ORDER BY c
	Unique  (cost=376.26..376.74 rows=97 width=121)
	  ->  Sort  (cost=376.26..376.50 rows=97 width=121)
	        Sort Key: c
	        ->  Index Scan using sbtest6_pkey on sbtest6  (cost=0.43..373.06 rows=97 width=121)
	              Index Cond: ((id >= 8984102) AND (id <= 8984201))

table 7 : explain SELECT DISTINCT c FROM sbtest7 WHERE id BETWEEN 8057950 AND 8058049 ORDER BY c
	Unique  (cost=390.06..390.57 rows=101 width=121)
	  ->  Sort  (cost=390.06..390.32 rows=101 width=121)
	        Sort Key: c
	        ->  Index Scan using sbtest7_pkey on sbtest7  (cost=0.43..386.70 rows=101 width=121)
	              Index Cond: ((id >= 8057950) AND (id <= 8058049))

table 8 : explain SELECT DISTINCT c FROM sbtest8 WHERE id BETWEEN 3012022 AND 3012121 ORDER BY c
	Unique  (cost=404.26..404.79 rows=105 width=121)
	  ->  Sort  (cost=404.26..404.52 rows=105 width=121)
	        Sort Key: c
	        ->  Index Scan using sbtest8_pkey on sbtest8  (cost=0.43..400.74 rows=105 width=121)
	              Index Cond: ((id >= 3012022) AND (id <= 3012121))

for: distinct_ranges
table 1 : explain SELECT DISTINCT c FROM sbtest1 WHERE id BETWEEN 2279509 AND 2279608 ORDER BY c
	Unique  (cost=387.15..387.65 rows=100 width=121)
	  ->  Sort  (cost=387.15..387.40 rows=100 width=121)
	        Sort Key: c
	        ->  Index Scan using sbtest1_pkey on sbtest1  (cost=0.43..383.83 rows=100 width=121)
	              Index Cond: ((id >= 2279509) AND (id <= 2279608))

table 2 : explain SELECT DISTINCT c FROM sbtest2 WHERE id BETWEEN 3442022 AND 3442121 ORDER BY c
	Unique  (cost=407.55..408.07 rows=105 width=121)
	  ->  Sort  (cost=407.55..407.81 rows=105 width=121)
	        Sort Key: c
	        ->  Index Scan using sbtest2_pkey on sbtest2  (cost=0.43..404.03 rows=105 width=121)
	              Index Cond: ((id >= 3442022) AND (id <= 3442121))

table 3 : explain SELECT DISTINCT c FROM sbtest3 WHERE id BETWEEN 4845380 AND 4845479 ORDER BY c
	Unique  (cost=417.28..417.81 rows=107 width=121)
	  ->  Sort  (cost=417.28..417.54 rows=107 width=121)
	        Sort Key: c
	        ->  Index Scan using sbtest3_pkey on sbtest3  (cost=0.43..413.67 rows=107 width=121)
	              Index Cond: ((id >= 4845380) AND (id <= 4845479))

table 4 : explain SELECT DISTINCT c FROM sbtest4 WHERE id BETWEEN 1140532 AND 1140631 ORDER BY c
	Unique  (cost=375.48..375.97 rows=97 width=121)
	  ->  Sort  (cost=375.48..375.72 rows=97 width=121)
	        Sort Key: c
	        ->  Index Scan using sbtest4_pkey on sbtest4  (cost=0.43..372.28 rows=97 width=121)
	              Index Cond: ((id >= 1140532) AND (id <= 1140631))

table 5 : explain SELECT DISTINCT c FROM sbtest5 WHERE id BETWEEN 3350401 AND 3350500 ORDER BY c
	Unique  (cost=380.28..380.77 rows=98 width=121)
	  ->  Sort  (cost=380.28..380.52 rows=98 width=121)
	        Sort Key: c
	        ->  Index Scan using sbtest5_pkey on sbtest5  (cost=0.43..377.04 rows=98 width=121)
	              Index Cond: ((id >= 3350401) AND (id <= 3350500))

table 6 : explain SELECT DISTINCT c FROM sbtest6 WHERE id BETWEEN 2015528 AND 2015627 ORDER BY c
	Unique  (cost=368.53..369.00 rows=95 width=121)
	  ->  Sort  (cost=368.53..368.77 rows=95 width=121)
	        Sort Key: c
	        ->  Index Scan using sbtest6_pkey on sbtest6  (cost=0.43..365.41 rows=95 width=121)
	              Index Cond: ((id >= 2015528) AND (id <= 2015627))

table 7 : explain SELECT DISTINCT c FROM sbtest7 WHERE id BETWEEN 2600387 AND 2600486 ORDER BY c
	Unique  (cost=443.57..444.14 rows=115 width=121)
	  ->  Sort  (cost=443.57..443.85 rows=115 width=121)
	        Sort Key: c
	        ->  Index Scan using sbtest7_pkey on sbtest7  (cost=0.43..439.63 rows=115 width=121)
	              Index Cond: ((id >= 2600387) AND (id <= 2600486))

table 8 : explain SELECT DISTINCT c FROM sbtest8 WHERE id BETWEEN 8212325 AND 8212424 ORDER BY c
	Unique  (cost=408.07..408.60 rows=106 width=121)
	  ->  Sort  (cost=408.07..408.34 rows=106 width=121)
	        Sort Key: c
	        ->  Index Scan using sbtest8_pkey on sbtest8  (cost=0.43..404.51 rows=106 width=121)
	              Index Cond: ((id >= 8212325) AND (id <= 8212424))

explain: for deletes :: explain DELETE FROM sbtest%u WHERE id=%u
for: sum_ranges
table 1 : explain SELECT SUM(k) FROM sbtest1 WHERE id BETWEEN 1652676 AND 1652775
	Aggregate  (cost=376.50..376.51 rows=1 width=8)
	  ->  Index Scan using sbtest1_pkey on sbtest1  (cost=0.43..376.25 rows=98 width=4)
	        Index Cond: ((id >= 1652676) AND (id <= 1652775))

table 2 : explain SELECT SUM(k) FROM sbtest2 WHERE id BETWEEN 3900237 AND 3900336
	Aggregate  (cost=389.07..389.08 rows=1 width=8)
	  ->  Index Scan using sbtest2_pkey on sbtest2  (cost=0.43..388.82 rows=101 width=4)
	        Index Cond: ((id >= 3900237) AND (id <= 3900336))

table 3 : explain SELECT SUM(k) FROM sbtest3 WHERE id BETWEEN 6602099 AND 6602198
	Aggregate  (cost=379.52..379.53 rows=1 width=8)
	  ->  Index Scan using sbtest3_pkey on sbtest3  (cost=0.43..379.28 rows=98 width=4)
	        Index Cond: ((id >= 6602099) AND (id <= 6602198))

table 4 : explain SELECT SUM(k) FROM sbtest4 WHERE id BETWEEN 4674992 AND 4675091
	Aggregate  (cost=406.64..406.65 rows=1 width=8)
	  ->  Index Scan using sbtest4_pkey on sbtest4  (cost=0.43..406.37 rows=106 width=4)
	        Index Cond: ((id >= 4674992) AND (id <= 4675091))

table 5 : explain SELECT SUM(k) FROM sbtest5 WHERE id BETWEEN 1915519 AND 1915618
	Aggregate  (cost=396.29..396.30 rows=1 width=8)
	  ->  Index Scan using sbtest5_pkey on sbtest5  (cost=0.43..396.03 rows=103 width=4)
	        Index Cond: ((id >= 1915519) AND (id <= 1915618))

table 6 : explain SELECT SUM(k) FROM sbtest6 WHERE id BETWEEN 3146300 AND 3146399
	Aggregate  (cost=350.45..350.46 rows=1 width=8)
	  ->  Index Scan using sbtest6_pkey on sbtest6  (cost=0.43..350.22 rows=91 width=4)
	        Index Cond: ((id >= 3146300) AND (id <= 3146399))

table 7 : explain SELECT SUM(k) FROM sbtest7 WHERE id BETWEEN 4307793 AND 4307892
	Aggregate  (cost=402.09..402.10 rows=1 width=8)
	  ->  Index Scan using sbtest7_pkey on sbtest7  (cost=0.43..401.82 rows=105 width=4)
	        Index Cond: ((id >= 4307793) AND (id <= 4307892))

table 8 : explain SELECT SUM(k) FROM sbtest8 WHERE id BETWEEN 6601208 AND 6601307
	Aggregate  (cost=378.36..378.37 rows=1 width=8)
	  ->  Index Scan using sbtest8_pkey on sbtest8  (cost=0.43..378.11 rows=99 width=4)
	        Index Cond: ((id >= 6601208) AND (id <= 6601307))

for inserts
table 1 : explain INSERT INTO sbtest1 (id, k, c, pad) VALUES (268923, 13, 'foobar', 'foobar')
	Insert on sbtest1  (cost=0.00..0.01 rows=1 width=736)
	  ->  Result  (cost=0.00..0.01 rows=1 width=736)

table 2 : explain INSERT INTO sbtest2 (id, k, c, pad) VALUES (9576712, 13, 'foobar', 'foobar')
	Insert on sbtest2  (cost=0.00..0.01 rows=1 width=736)
	  ->  Result  (cost=0.00..0.01 rows=1 width=736)

table 3 : explain INSERT INTO sbtest3 (id, k, c, pad) VALUES (5136947, 13, 'foobar', 'foobar')
	Insert on sbtest3  (cost=0.00..0.01 rows=1 width=736)
	  ->  Result  (cost=0.00..0.01 rows=1 width=736)

table 4 : explain INSERT INTO sbtest4 (id, k, c, pad) VALUES (999644, 13, 'foobar', 'foobar')
	Insert on sbtest4  (cost=0.00..0.01 rows=1 width=736)
	  ->  Result  (cost=0.00..0.01 rows=1 width=736)

table 5 : explain INSERT INTO sbtest5 (id, k, c, pad) VALUES (4566422, 13, 'foobar', 'foobar')
	Insert on sbtest5  (cost=0.00..0.01 rows=1 width=736)
	  ->  Result  (cost=0.00..0.01 rows=1 width=736)

table 6 : explain INSERT INTO sbtest6 (id, k, c, pad) VALUES (4987987, 13, 'foobar', 'foobar')
	Insert on sbtest6  (cost=0.00..0.01 rows=1 width=736)
	  ->  Result  (cost=0.00..0.01 rows=1 width=736)

table 7 : explain INSERT INTO sbtest7 (id, k, c, pad) VALUES (2674509, 13, 'foobar', 'foobar')
	Insert on sbtest7  (cost=0.00..0.01 rows=1 width=736)
	  ->  Result  (cost=0.00..0.01 rows=1 width=736)

table 8 : explain INSERT INTO sbtest8 (id, k, c, pad) VALUES (4965672, 13, 'foobar', 'foobar')
	Insert on sbtest8  (cost=0.00..0.01 rows=1 width=736)
	  ->  Result  (cost=0.00..0.01 rows=1 width=736)

explain: for index_updates :: explain UPDATE sbtest%u SET k=k+1 WHERE id=%u
explain: for inserts :: explain INSERT INTO sbtest%u (id, k, c, pad) VALUES (%u, 13, 'foobar', 'foobar')
explain: for index_updates :: explain UPDATE sbtest%u SET k=k+1 WHERE id=%u
for inserts
table 1 : explain INSERT INTO sbtest1 (id, k, c, pad) VALUES (2587492, 13, 'foobar', 'foobar')
	Insert on sbtest1  (cost=0.00..0.01 rows=1 width=736)
	  ->  Result  (cost=0.00..0.01 rows=1 width=736)

table 2 : explain INSERT INTO sbtest2 (id, k, c, pad) VALUES (45557, 13, 'foobar', 'foobar')
	Insert on sbtest2  (cost=0.00..0.01 rows=1 width=736)
	  ->  Result  (cost=0.00..0.01 rows=1 width=736)

table 3 : explain INSERT INTO sbtest3 (id, k, c, pad) VALUES (1508469, 13, 'foobar', 'foobar')
	Insert on sbtest3  (cost=0.00..0.01 rows=1 width=736)
	  ->  Result  (cost=0.00..0.01 rows=1 width=736)

table 4 : explain INSERT INTO sbtest4 (id, k, c, pad) VALUES (5188974, 13, 'foobar', 'foobar')
	Insert on sbtest4  (cost=0.00..0.01 rows=1 width=736)
	  ->  Result  (cost=0.00..0.01 rows=1 width=736)

table 5 : explain INSERT INTO sbtest5 (id, k, c, pad) VALUES (8991008, 13, 'foobar', 'foobar')
	Insert on sbtest5  (cost=0.00..0.01 rows=1 width=736)
	  ->  Result  (cost=0.00..0.01 rows=1 width=736)

table 6 : explain INSERT INTO sbtest6 (id, k, c, pad) VALUES (1007125, 13, 'foobar', 'foobar')
	Insert on sbtest6  (cost=0.00..0.01 rows=1 width=736)
	  ->  Result  (cost=0.00..0.01 rows=1 width=736)

table 7 : explain INSERT INTO sbtest7 (id, k, c, pad) VALUES (9819831, 13, 'foobar', 'foobar')
	Insert on sbtest7  (cost=0.00..0.01 rows=1 width=736)
	  ->  Result  (cost=0.00..0.01 rows=1 width=736)

table 8 : explain INSERT INTO sbtest8 (id, k, c, pad) VALUES (8387880, 13, 'foobar', 'foobar')
	Insert on sbtest8  (cost=0.00..0.01 rows=1 width=736)
	  ->  Result  (cost=0.00..0.01 rows=1 width=736)

for: distinct_ranges
table 1 : explain SELECT DISTINCT c FROM sbtest1 WHERE id BETWEEN 8454156 AND 8454255 ORDER BY c
	Unique  (cost=368.00..368.48 rows=95 width=121)
	  ->  Sort  (cost=368.00..368.24 rows=95 width=121)
	        Sort Key: c
	        ->  Index Scan using sbtest1_pkey on sbtest1  (cost=0.43..364.88 rows=95 width=121)
	              Index Cond: ((id >= 8454156) AND (id <= 8454255))

table 2 : explain SELECT DISTINCT c FROM sbtest2 WHERE id BETWEEN 1369012 AND 1369111 ORDER BY c
	Unique  (cost=399.86..400.38 rows=103 width=121)
	  ->  Sort  (cost=399.86..400.12 rows=103 width=121)
	        Sort Key: c
	        ->  Index Scan using sbtest2_pkey on sbtest2  (cost=0.43..396.42 rows=103 width=121)
	              Index Cond: ((id >= 1369012) AND (id <= 1369111))

table 3 : explain SELECT DISTINCT c FROM sbtest3 WHERE id BETWEEN 6659378 AND 6659477 ORDER BY c
	Unique  (cost=370.93..371.41 rows=95 width=121)
	  ->  Sort  (cost=370.93..371.17 rows=95 width=121)
	        Sort Key: c
	        ->  Index Scan using sbtest3_pkey on sbtest3  (cost=0.43..367.81 rows=95 width=121)
	              Index Cond: ((id >= 6659378) AND (id <= 6659477))

table 4 : explain SELECT DISTINCT c FROM sbtest4 WHERE id BETWEEN 6184569 AND 6184668 ORDER BY c
	Unique  (cost=367.83..368.30 rows=95 width=121)
	  ->  Sort  (cost=367.83..368.06 rows=95 width=121)
	        Sort Key: c
	        ->  Index Scan using sbtest4_pkey on sbtest4  (cost=0.43..364.70 rows=95 width=121)
	              Index Cond: ((id >= 6184569) AND (id <= 6184668))

table 5 : explain SELECT DISTINCT c FROM sbtest5 WHERE id BETWEEN 62650 AND 62749 ORDER BY c
	Unique  (cost=426.34..426.89 rows=110 width=121)
	  ->  Sort  (cost=426.34..426.62 rows=110 width=121)
	        Sort Key: c
	        ->  Index Scan using sbtest5_pkey on sbtest5  (cost=0.43..422.61 rows=110 width=121)
	              Index Cond: ((id >= 62650) AND (id <= 62749))

table 6 : explain SELECT DISTINCT c FROM sbtest6 WHERE id BETWEEN 5840164 AND 5840263 ORDER BY c
	Unique  (cost=349.35..349.80 rows=90 width=121)
	  ->  Sort  (cost=349.35..349.57 rows=90 width=121)
	        Sort Key: c
	        ->  Index Scan using sbtest6_pkey on sbtest6  (cost=0.43..346.43 rows=90 width=121)
	              Index Cond: ((id >= 5840164) AND (id <= 5840263))

table 7 : explain SELECT DISTINCT c FROM sbtest7 WHERE id BETWEEN 6828689 AND 6828788 ORDER BY c
	Unique  (cost=386.24..386.74 rows=100 width=121)
	  ->  Sort  (cost=386.24..386.49 rows=100 width=121)
	        Sort Key: c
	        ->  Index Scan using sbtest7_pkey on sbtest7  (cost=0.43..382.92 rows=100 width=121)
	              Index Cond: ((id >= 6828689) AND (id <= 6828788))

table 8 : explain SELECT DISTINCT c FROM sbtest8 WHERE id BETWEEN 3860509 AND 3860608 ORDER BY c
	Unique  (cost=385.21..385.71 rows=100 width=121)
	  ->  Sort  (cost=385.21..385.46 rows=100 width=121)
	        Sort Key: c
	        ->  Index Scan using sbtest8_pkey on sbtest8  (cost=0.43..381.88 rows=100 width=121)
	              Index Cond: ((id >= 3860509) AND (id <= 3860608))

for index_updates
table 1 : explain UPDATE sbtest1 SET k=k+1 WHERE id=6530471
	Update on sbtest1  (cost=0.43..8.46 rows=1 width=196)
	  ->  Index Scan using sbtest1_pkey on sbtest1  (cost=0.43..8.46 rows=1 width=196)
	        Index Cond: (id = 6530471)

table 2 : explain UPDATE sbtest2 SET k=k+1 WHERE id=4693739
	Update on sbtest2  (cost=0.43..8.46 rows=1 width=196)
	  ->  Index Scan using sbtest2_pkey on sbtest2  (cost=0.43..8.46 rows=1 width=196)
	        Index Cond: (id = 4693739)

table 3 : explain UPDATE sbtest3 SET k=k+1 WHERE id=3328532
	Update on sbtest3  (cost=0.43..8.46 rows=1 width=196)
	  ->  Index Scan using sbtest3_pkey on sbtest3  (cost=0.43..8.46 rows=1 width=196)
	        Index Cond: (id = 3328532)

table 4 : explain UPDATE sbtest4 SET k=k+1 WHERE id=7131044
	Update on sbtest4  (cost=0.43..8.46 rows=1 width=196)
	  ->  Index Scan using sbtest4_pkey on sbtest4  (cost=0.43..8.46 rows=1 width=196)
	        Index Cond: (id = 7131044)

table 5 : explain UPDATE sbtest5 SET k=k+1 WHERE id=8710912
	Update on sbtest5  (cost=0.43..8.46 rows=1 width=196)
	  ->  Index Scan using sbtest5_pkey on sbtest5  (cost=0.43..8.46 rows=1 width=196)
	        Index Cond: (id = 8710912)

table 6 : explain UPDATE sbtest6 SET k=k+1 WHERE id=3932760
	Update on sbtest6  (cost=0.43..8.46 rows=1 width=196)
	  ->  Index Scan using sbtest6_pkey on sbtest6  (cost=0.43..8.46 rows=1 width=196)
	        Index Cond: (id = 3932760)

table 7 : explain UPDATE sbtest7 SET k=k+1 WHERE id=4102811
	Update on sbtest7  (cost=0.43..8.46 rows=1 width=196)
	  ->  Index Scan using sbtest7_pkey on sbtest7  (cost=0.43..8.46 rows=1 width=196)
	        Index Cond: (id = 4102811)

table 8 : explain UPDATE sbtest8 SET k=k+1 WHERE id=6284808
	Update on sbtest8  (cost=0.43..8.46 rows=1 width=196)
	  ->  Index Scan using sbtest8_pkey on sbtest8  (cost=0.43..8.46 rows=1 width=196)
	        Index Cond: (id = 6284808)

for: distinct_ranges
table 1 : explain SELECT DISTINCT c FROM sbtest1 WHERE id BETWEEN 4743775 AND 4743874 ORDER BY c
	Unique  (cost=383.32..383.82 rows=99 width=121)
	  ->  Sort  (cost=383.32..383.57 rows=99 width=121)
	        Sort Key: c
	        ->  Index Scan using sbtest1_pkey on sbtest1  (cost=0.43..380.04 rows=99 width=121)
	              Index Cond: ((id >= 4743775) AND (id <= 4743874))

table 2 : explain SELECT DISTINCT c FROM sbtest2 WHERE id BETWEEN 3271788 AND 3271887 ORDER BY c
	Unique  (cost=419.08..419.62 rows=108 width=121)
	  ->  Sort  (cost=419.08..419.35 rows=108 width=121)
	        Sort Key: c
	        ->  Index Scan using sbtest2_pkey on sbtest2  (cost=0.43..415.43 rows=108 width=121)
	              Index Cond: ((id >= 3271788) AND (id <= 3271887))

table 3 : explain SELECT DISTINCT c FROM sbtest3 WHERE id BETWEEN 1877818 AND 1877917 ORDER BY c
	Unique  (cost=370.93..371.41 rows=95 width=121)
	  ->  Sort  (cost=370.93..371.17 rows=95 width=121)
	        Sort Key: c
	        ->  Index Scan using sbtest3_pkey on sbtest3  (cost=0.43..367.81 rows=95 width=121)
	              Index Cond: ((id >= 1877818) AND (id <= 1877917))

table 4 : explain SELECT DISTINCT c FROM sbtest4 WHERE id BETWEEN 1467883 AND 1467982 ORDER BY c
	Unique  (cost=348.69..349.14 rows=90 width=121)
	  ->  Sort  (cost=348.69..348.91 rows=90 width=121)
	        Sort Key: c
	        ->  Index Scan using sbtest4_pkey on sbtest4  (cost=0.43..345.76 rows=90 width=121)
	              Index Cond: ((id >= 1467883) AND (id <= 1467982))

table 5 : explain SELECT DISTINCT c FROM sbtest5 WHERE id BETWEEN 6306184 AND 6306283 ORDER BY c
	Unique  (cost=368.71..369.18 rows=95 width=121)
	  ->  Sort  (cost=368.71..368.95 rows=95 width=121)
	        Sort Key: c
	        ->  Index Scan using sbtest5_pkey on sbtest5  (cost=0.43..365.59 rows=95 width=121)
	              Index Cond: ((id >= 6306184) AND (id <= 6306283))

table 6 : explain SELECT DISTINCT c FROM sbtest6 WHERE id BETWEEN 8926125 AND 8926224 ORDER BY c
	Unique  (cost=383.93..384.42 rows=99 width=121)
	  ->  Sort  (cost=383.93..384.18 rows=99 width=121)
	        Sort Key: c
	        ->  Index Scan using sbtest6_pkey on sbtest6  (cost=0.43..380.65 rows=99 width=121)
	              Index Cond: ((id >= 8926125) AND (id <= 8926224))

table 7 : explain SELECT DISTINCT c FROM sbtest7 WHERE id BETWEEN 6812247 AND 6812346 ORDER BY c
	Unique  (cost=386.24..386.74 rows=100 width=121)
	  ->  Sort  (cost=386.24..386.49 rows=100 width=121)
	        Sort Key: c
	        ->  Index Scan using sbtest7_pkey on sbtest7  (cost=0.43..382.92 rows=100 width=121)
	              Index Cond: ((id >= 6812247) AND (id <= 6812346))

table 8 : explain SELECT DISTINCT c FROM sbtest8 WHERE id BETWEEN 4112081 AND 4112180 ORDER BY c
	Unique  (cost=389.02..389.52 rows=101 width=121)
	  ->  Sort  (cost=389.02..389.27 rows=101 width=121)
	        Sort Key: c
	        ->  Index Scan using sbtest8_pkey on sbtest8  (cost=0.43..385.65 rows=101 width=121)
	              Index Cond: ((id >= 4112081) AND (id <= 4112180))

for deletes
table 1 : explain DELETE FROM sbtest1 WHERE id=4789573
	Delete on sbtest1  (cost=0.43..8.45 rows=1 width=6)
	  ->  Index Scan using sbtest1_pkey on sbtest1  (cost=0.43..8.45 rows=1 width=6)
	        Index Cond: (id = 4789573)

table 2 : explain DELETE FROM sbtest2 WHERE id=1940167
	Delete on sbtest2  (cost=0.43..8.45 rows=1 width=6)
	  ->  Index Scan using sbtest2_pkey on sbtest2  (cost=0.43..8.45 rows=1 width=6)
	        Index Cond: (id = 1940167)

table 3 : explain DELETE FROM sbtest3 WHERE id=2847764
	Delete on sbtest3  (cost=0.43..8.45 rows=1 width=6)
	  ->  Index Scan using sbtest3_pkey on sbtest3  (cost=0.43..8.45 rows=1 width=6)
	        Index Cond: (id = 2847764)

table 4 : explain DELETE FROM sbtest4 WHERE id=3029768
	Delete on sbtest4  (cost=0.43..8.45 rows=1 width=6)
	  ->  Index Scan using sbtest4_pkey on sbtest4  (cost=0.43..8.45 rows=1 width=6)
	        Index Cond: (id = 3029768)

table 5 : explain DELETE FROM sbtest5 WHERE id=6890368
	Delete on sbtest5  (cost=0.43..8.45 rows=1 width=6)
	  ->  Index Scan using sbtest5_pkey on sbtest5  (cost=0.43..8.45 rows=1 width=6)
	        Index Cond: (id = 6890368)

table 6 : explain DELETE FROM sbtest6 WHERE id=6831967
	Delete on sbtest6  (cost=0.43..8.45 rows=1 width=6)
	  ->  Index Scan using sbtest6_pkey on sbtest6  (cost=0.43..8.45 rows=1 width=6)
	        Index Cond: (id = 6831967)

table 7 : explain DELETE FROM sbtest7 WHERE id=3790209
	Delete on sbtest7  (cost=0.43..8.45 rows=1 width=6)
	  ->  Index Scan using sbtest7_pkey on sbtest7  (cost=0.43..8.45 rows=1 width=6)
	        Index Cond: (id = 3790209)

table 8 : explain DELETE FROM sbtest8 WHERE id=7945812
	Delete on sbtest8  (cost=0.43..8.45 rows=1 width=6)
	  ->  Index Scan using sbtest8_pkey on sbtest8  (cost=0.43..8.45 rows=1 width=6)
	        Index Cond: (id = 7945812)

for: order_ranges
table 1 : explain SELECT c FROM sbtest1 WHERE id BETWEEN 7722705 AND 7722804 ORDER BY c
	Sort  (cost=390.98..391.23 rows=101 width=121)
	  Sort Key: c
	  ->  Index Scan using sbtest1_pkey on sbtest1  (cost=0.43..387.62 rows=101 width=121)
	        Index Cond: ((id >= 7722705) AND (id <= 7722804))

table 2 : explain SELECT c FROM sbtest2 WHERE id BETWEEN 8627070 AND 8627169 ORDER BY c
	Sort  (cost=392.18..392.43 rows=101 width=121)
	  Sort Key: c
	  ->  Index Scan using sbtest2_pkey on sbtest2  (cost=0.43..388.82 rows=101 width=121)
	        Index Cond: ((id >= 8627070) AND (id <= 8627169))

table 3 : explain SELECT c FROM sbtest3 WHERE id BETWEEN 4734472 AND 4734571 ORDER BY c
	Sort  (cost=382.52..382.76 rows=98 width=121)
	  Sort Key: c
	  ->  Index Scan using sbtest3_pkey on sbtest3  (cost=0.43..379.28 rows=98 width=121)
	        Index Cond: ((id >= 4734472) AND (id <= 4734571))

table 4 : explain SELECT c FROM sbtest4 WHERE id BETWEEN 445373 AND 445472 ORDER BY c
	Sort  (cost=383.14..383.39 rows=99 width=121)
	  Sort Key: c
	  ->  Index Scan using sbtest4_pkey on sbtest4  (cost=0.43..379.86 rows=99 width=121)
	        Index Cond: ((id >= 445373) AND (id <= 445472))

table 5 : explain SELECT c FROM sbtest5 WHERE id BETWEEN 5714920 AND 5715019 ORDER BY c
	Sort  (cost=399.47..399.73 rows=103 width=121)
	  Sort Key: c
	  ->  Index Scan using sbtest5_pkey on sbtest5  (cost=0.43..396.03 rows=103 width=121)
	        Index Cond: ((id >= 5714920) AND (id <= 5715019))

table 6 : explain SELECT c FROM sbtest6 WHERE id BETWEEN 6200465 AND 6200564 ORDER BY c
	Sort  (cost=387.77..388.02 rows=100 width=121)
	  Sort Key: c
	  ->  Index Scan using sbtest6_pkey on sbtest6  (cost=0.43..384.44 rows=100 width=121)
	        Index Cond: ((id >= 6200465) AND (id <= 6200564))

table 7 : explain SELECT c FROM sbtest7 WHERE id BETWEEN 5744210 AND 5744309 ORDER BY c
	Sort  (cost=390.06..390.32 rows=101 width=121)
	  Sort Key: c
	  ->  Index Scan using sbtest7_pkey on sbtest7  (cost=0.43..386.70 rows=101 width=121)
	        Index Cond: ((id >= 5744210) AND (id <= 5744309))

table 8 : explain SELECT c FROM sbtest8 WHERE id BETWEEN 3514659 AND 3514758 ORDER BY c
	Sort  (cost=366.15..366.39 rows=95 width=121)
	  Sort Key: c
	  ->  Index Scan using sbtest8_pkey on sbtest8  (cost=0.43..363.03 rows=95 width=121)
	        Index Cond: ((id >= 3514659) AND (id <= 3514758))

explain: for non_index_updates :: explain UPDATE sbtest%u SET c='foobar' WHERE id=%u
for index_updates
table 1 : explain UPDATE sbtest1 SET k=k+1 WHERE id=1297270
	Update on sbtest1  (cost=0.43..8.46 rows=1 width=196)
	  ->  Index Scan using sbtest1_pkey on sbtest1  (cost=0.43..8.46 rows=1 width=196)
	        Index Cond: (id = 1297270)

table 2 : explain UPDATE sbtest2 SET k=k+1 WHERE id=3041346
	Update on sbtest2  (cost=0.43..8.46 rows=1 width=196)
	  ->  Index Scan using sbtest2_pkey on sbtest2  (cost=0.43..8.46 rows=1 width=196)
	        Index Cond: (id = 3041346)

table 3 : explain UPDATE sbtest3 SET k=k+1 WHERE id=4705699
	Update on sbtest3  (cost=0.43..8.46 rows=1 width=196)
	  ->  Index Scan using sbtest3_pkey on sbtest3  (cost=0.43..8.46 rows=1 width=196)
	        Index Cond: (id = 4705699)

table 4 : explain UPDATE sbtest4 SET k=k+1 WHERE id=3335899
	Update on sbtest4  (cost=0.43..8.46 rows=1 width=196)
	  ->  Index Scan using sbtest4_pkey on sbtest4  (cost=0.43..8.46 rows=1 width=196)
	        Index Cond: (id = 3335899)

table 5 : explain UPDATE sbtest5 SET k=k+1 WHERE id=3441803
	Update on sbtest5  (cost=0.43..8.46 rows=1 width=196)
	  ->  Index Scan using sbtest5_pkey on sbtest5  (cost=0.43..8.46 rows=1 width=196)
	        Index Cond: (id = 3441803)

table 6 : explain UPDATE sbtest6 SET k=k+1 WHERE id=3154756
	Update on sbtest6  (cost=0.43..8.46 rows=1 width=196)
	  ->  Index Scan using sbtest6_pkey on sbtest6  (cost=0.43..8.46 rows=1 width=196)
	        Index Cond: (id = 3154756)

table 7 : explain UPDATE sbtest7 SET k=k+1 WHERE id=6618135
	Update on sbtest7  (cost=0.43..8.46 rows=1 width=196)
	  ->  Index Scan using sbtest7_pkey on sbtest7  (cost=0.43..8.46 rows=1 width=196)
	        Index Cond: (id = 6618135)

table 8 : explain UPDATE sbtest8 SET k=k+1 WHERE id=5203262
	Update on sbtest8  (cost=0.43..8.46 rows=1 width=196)
	  ->  Index Scan using sbtest8_pkey on sbtest8  (cost=0.43..8.46 rows=1 width=196)
	        Index Cond: (id = 5203262)

explain: for index_updates :: explain UPDATE sbtest%u SET k=k+1 WHERE id=%u
explain: for index_updates :: explain UPDATE sbtest%u SET k=k+1 WHERE id=%u
explain: for non_index_updates :: explain UPDATE sbtest%u SET c='foobar' WHERE id=%u
for non_index_updates
table 1 : explain UPDATE sbtest1 SET c='foobar' WHERE id=142111
	Update on sbtest1  (cost=0.43..8.45 rows=1 width=559)
	  ->  Index Scan using sbtest1_pkey on sbtest1  (cost=0.43..8.45 rows=1 width=559)
	        Index Cond: (id = 142111)

table 2 : explain UPDATE sbtest2 SET c='foobar' WHERE id=760116
	Update on sbtest2  (cost=0.43..8.45 rows=1 width=559)
	  ->  Index Scan using sbtest2_pkey on sbtest2  (cost=0.43..8.45 rows=1 width=559)
	        Index Cond: (id = 760116)

table 3 : explain UPDATE sbtest3 SET c='foobar' WHERE id=3501622
	Update on sbtest3  (cost=0.43..8.45 rows=1 width=559)
	  ->  Index Scan using sbtest3_pkey on sbtest3  (cost=0.43..8.45 rows=1 width=559)
	        Index Cond: (id = 3501622)

table 4 : explain UPDATE sbtest4 SET c='foobar' WHERE id=9269542
	Update on sbtest4  (cost=0.43..8.45 rows=1 width=559)
	  ->  Index Scan using sbtest4_pkey on sbtest4  (cost=0.43..8.45 rows=1 width=559)
	        Index Cond: (id = 9269542)

table 5 : explain UPDATE sbtest5 SET c='foobar' WHERE id=2721085
	Update on sbtest5  (cost=0.43..8.45 rows=1 width=559)
	  ->  Index Scan using sbtest5_pkey on sbtest5  (cost=0.43..8.45 rows=1 width=559)
	        Index Cond: (id = 2721085)

table 6 : explain UPDATE sbtest6 SET c='foobar' WHERE id=6040930
	Update on sbtest6  (cost=0.43..8.45 rows=1 width=559)
	  ->  Index Scan using sbtest6_pkey on sbtest6  (cost=0.43..8.45 rows=1 width=559)
	        Index Cond: (id = 6040930)

table 7 : explain UPDATE sbtest7 SET c='foobar' WHERE id=8508457
	Update on sbtest7  (cost=0.43..8.45 rows=1 width=559)
	  ->  Index Scan using sbtest7_pkey on sbtest7  (cost=0.43..8.45 rows=1 width=559)
	        Index Cond: (id = 8508457)

table 8 : explain UPDATE sbtest8 SET c='foobar' WHERE id=8720453
	Update on sbtest8  (cost=0.43..8.45 rows=1 width=559)
	  ->  Index Scan using sbtest8_pkey on sbtest8  (cost=0.43..8.45 rows=1 width=559)
	        Index Cond: (id = 8720453)

explain: for inserts :: explain INSERT INTO sbtest%u (id, k, c, pad) VALUES (%u, 13, 'foobar', 'foobar')
explain: for inserts :: explain INSERT INTO sbtest%u (id, k, c, pad) VALUES (%u, 13, 'foobar', 'foobar')
explain: for deletes :: explain DELETE FROM sbtest%u WHERE id=%u
for: distinct_ranges
table 1 : explain SELECT DISTINCT c FROM sbtest1 WHERE id BETWEEN 1891193 AND 1891292 ORDER BY c
	Unique  (cost=387.15..387.65 rows=100 width=121)
	  ->  Sort  (cost=387.15..387.40 rows=100 width=121)
	        Sort Key: c
	        ->  Index Scan using sbtest1_pkey on sbtest1  (cost=0.43..383.83 rows=100 width=121)
	              Index Cond: ((id >= 1891193) AND (id <= 1891292))

table 2 : explain SELECT DISTINCT c FROM sbtest2 WHERE id BETWEEN 6917559 AND 6917658 ORDER BY c
	Unique  (cost=380.65..381.14 rows=98 width=121)
	  ->  Sort  (cost=380.65..380.90 rows=98 width=121)
	        Sort Key: c
	        ->  Index Scan using sbtest2_pkey on sbtest2  (cost=0.43..377.41 rows=98 width=121)
	              Index Cond: ((id >= 6917559) AND (id <= 6917658))

table 3 : explain SELECT DISTINCT c FROM sbtest3 WHERE id BETWEEN 748993 AND 749092 ORDER BY c
	Unique  (cost=394.10..394.61 rows=101 width=121)
	  ->  Sort  (cost=394.10..394.36 rows=101 width=121)
	        Sort Key: c
	        ->  Index Scan using sbtest3_pkey on sbtest3  (cost=0.43..390.74 rows=101 width=121)
	              Index Cond: ((id >= 748993) AND (id <= 749092))

table 4 : explain SELECT DISTINCT c FROM sbtest4 WHERE id BETWEEN 1401695 AND 1401794 ORDER BY c
	Unique  (cost=348.69..349.14 rows=90 width=121)
	  ->  Sort  (cost=348.69..348.91 rows=90 width=121)
	        Sort Key: c
	        ->  Index Scan using sbtest4_pkey on sbtest4  (cost=0.43..345.76 rows=90 width=121)
	              Index Cond: ((id >= 1401695) AND (id <= 1401794))

table 5 : explain SELECT DISTINCT c FROM sbtest5 WHERE id BETWEEN 7735042 AND 7735141 ORDER BY c
	Unique  (cost=399.47..399.99 rows=103 width=121)
	  ->  Sort  (cost=399.47..399.73 rows=103 width=121)
	        Sort Key: c
	        ->  Index Scan using sbtest5_pkey on sbtest5  (cost=0.43..396.03 rows=103 width=121)
	              Index Cond: ((id >= 7735042) AND (id <= 7735141))

table 6 : explain SELECT DISTINCT c FROM sbtest6 WHERE id BETWEEN 5108792 AND 5108891 ORDER BY c
	Unique  (cost=387.77..388.27 rows=100 width=121)
	  ->  Sort  (cost=387.77..388.02 rows=100 width=121)
	        Sort Key: c
	        ->  Index Scan using sbtest6_pkey on sbtest6  (cost=0.43..384.44 rows=100 width=121)
	              Index Cond: ((id >= 5108792) AND (id <= 5108891))

table 7 : explain SELECT DISTINCT c FROM sbtest7 WHERE id BETWEEN 105623 AND 105722 ORDER BY c
	Unique  (cost=363.32..363.79 rows=94 width=121)
	  ->  Sort  (cost=363.32..363.55 rows=94 width=121)
	        Sort Key: c
	        ->  Index Scan using sbtest7_pkey on sbtest7  (cost=0.43..360.24 rows=94 width=121)
	              Index Cond: ((id >= 105623) AND (id <= 105722))

table 8 : explain SELECT DISTINCT c FROM sbtest8 WHERE id BETWEEN 9777470 AND 9777569 ORDER BY c
	Unique  (cost=396.64..397.15 rows=103 width=121)
	  ->  Sort  (cost=396.64..396.90 rows=103 width=121)
	        Sort Key: c
	        ->  Index Scan using sbtest8_pkey on sbtest8  (cost=0.43..393.20 rows=103 width=121)
	              Index Cond: ((id >= 9777470) AND (id <= 9777569))

for inserts
table 1 : explain INSERT INTO sbtest1 (id, k, c, pad) VALUES (6884658, 13, 'foobar', 'foobar')
	Insert on sbtest1  (cost=0.00..0.01 rows=1 width=736)
	  ->  Result  (cost=0.00..0.01 rows=1 width=736)

table 2 : explain INSERT INTO sbtest2 (id, k, c, pad) VALUES (6136095, 13, 'foobar', 'foobar')
	Insert on sbtest2  (cost=0.00..0.01 rows=1 width=736)
	  ->  Result  (cost=0.00..0.01 rows=1 width=736)

table 3 : explain INSERT INTO sbtest3 (id, k, c, pad) VALUES (9313971, 13, 'foobar', 'foobar')
	Insert on sbtest3  (cost=0.00..0.01 rows=1 width=736)
	  ->  Result  (cost=0.00..0.01 rows=1 width=736)

table 4 : explain INSERT INTO sbtest4 (id, k, c, pad) VALUES (1156482, 13, 'foobar', 'foobar')
	Insert on sbtest4  (cost=0.00..0.01 rows=1 width=736)
	  ->  Result  (cost=0.00..0.01 rows=1 width=736)

table 5 : explain INSERT INTO sbtest5 (id, k, c, pad) VALUES (3444190, 13, 'foobar', 'foobar')
	Insert on sbtest5  (cost=0.00..0.01 rows=1 width=736)
	  ->  Result  (cost=0.00..0.01 rows=1 width=736)

table 6 : explain INSERT INTO sbtest6 (id, k, c, pad) VALUES (2354990, 13, 'foobar', 'foobar')
	Insert on sbtest6  (cost=0.00..0.01 rows=1 width=736)
	  ->  Result  (cost=0.00..0.01 rows=1 width=736)

table 7 : explain INSERT INTO sbtest7 (id, k, c, pad) VALUES (2047834, 13, 'foobar', 'foobar')
	Insert on sbtest7  (cost=0.00..0.01 rows=1 width=736)
	  ->  Result  (cost=0.00..0.01 rows=1 width=736)

table 8 : explain INSERT INTO sbtest8 (id, k, c, pad) VALUES (9523843, 13, 'foobar', 'foobar')
	Insert on sbtest8  (cost=0.00..0.01 rows=1 width=736)
	  ->  Result  (cost=0.00..0.01 rows=1 width=736)

for non_index_updates
table 1 : explain UPDATE sbtest1 SET c='foobar' WHERE id=6283273
	Update on sbtest1  (cost=0.43..8.45 rows=1 width=559)
	  ->  Index Scan using sbtest1_pkey on sbtest1  (cost=0.43..8.45 rows=1 width=559)
	        Index Cond: (id = 6283273)

table 2 : explain UPDATE sbtest2 SET c='foobar' WHERE id=7890618
	Update on sbtest2  (cost=0.43..8.45 rows=1 width=559)
	  ->  Index Scan using sbtest2_pkey on sbtest2  (cost=0.43..8.45 rows=1 width=559)
	        Index Cond: (id = 7890618)

table 3 : explain UPDATE sbtest3 SET c='foobar' WHERE id=2592668
	Update on sbtest3  (cost=0.43..8.45 rows=1 width=559)
	  ->  Index Scan using sbtest3_pkey on sbtest3  (cost=0.43..8.45 rows=1 width=559)
	        Index Cond: (id = 2592668)

table 4 : explain UPDATE sbtest4 SET c='foobar' WHERE id=5817328
	Update on sbtest4  (cost=0.43..8.45 rows=1 width=559)
	  ->  Index Scan using sbtest4_pkey on sbtest4  (cost=0.43..8.45 rows=1 width=559)
	        Index Cond: (id = 5817328)

table 5 : explain UPDATE sbtest5 SET c='foobar' WHERE id=6030276
	Update on sbtest5  (cost=0.43..8.45 rows=1 width=559)
	  ->  Index Scan using sbtest5_pkey on sbtest5  (cost=0.43..8.45 rows=1 width=559)
	        Index Cond: (id = 6030276)

table 6 : explain UPDATE sbtest6 SET c='foobar' WHERE id=3508636
	Update on sbtest6  (cost=0.43..8.45 rows=1 width=559)
	  ->  Index Scan using sbtest6_pkey on sbtest6  (cost=0.43..8.45 rows=1 width=559)
	        Index Cond: (id = 3508636)

table 7 : explain UPDATE sbtest7 SET c='foobar' WHERE id=6586648
	Update on sbtest7  (cost=0.43..8.45 rows=1 width=559)
	  ->  Index Scan using sbtest7_pkey on sbtest7  (cost=0.43..8.45 rows=1 width=559)
	        Index Cond: (id = 6586648)

table 8 : explain UPDATE sbtest8 SET c='foobar' WHERE id=8766645
	Update on sbtest8  (cost=0.43..8.45 rows=1 width=559)
	  ->  Index Scan using sbtest8_pkey on sbtest8  (cost=0.43..8.45 rows=1 width=559)
	        Index Cond: (id = 8766645)

for deletes
table 1 : explain DELETE FROM sbtest1 WHERE id=7717237
	Delete on sbtest1  (cost=0.43..8.45 rows=1 width=6)
	  ->  Index Scan using sbtest1_pkey on sbtest1  (cost=0.43..8.45 rows=1 width=6)
	        Index Cond: (id = 7717237)

table 2 : explain DELETE FROM sbtest2 WHERE id=593556
	Delete on sbtest2  (cost=0.43..8.45 rows=1 width=6)
	  ->  Index Scan using sbtest2_pkey on sbtest2  (cost=0.43..8.45 rows=1 width=6)
	        Index Cond: (id = 593556)

table 3 : explain DELETE FROM sbtest3 WHERE id=5616321
	Delete on sbtest3  (cost=0.43..8.45 rows=1 width=6)
	  ->  Index Scan using sbtest3_pkey on sbtest3  (cost=0.43..8.45 rows=1 width=6)
	        Index Cond: (id = 5616321)

table 4 : explain DELETE FROM sbtest4 WHERE id=7531347
	Delete on sbtest4  (cost=0.43..8.45 rows=1 width=6)
	  ->  Index Scan using sbtest4_pkey on sbtest4  (cost=0.43..8.45 rows=1 width=6)
	        Index Cond: (id = 7531347)

table 5 : explain DELETE FROM sbtest5 WHERE id=9242407
	Delete on sbtest5  (cost=0.43..8.45 rows=1 width=6)
	  ->  Index Scan using sbtest5_pkey on sbtest5  (cost=0.43..8.45 rows=1 width=6)
	        Index Cond: (id = 9242407)

table 6 : explain DELETE FROM sbtest6 WHERE id=3498495
	Delete on sbtest6  (cost=0.43..8.45 rows=1 width=6)
	  ->  Index Scan using sbtest6_pkey on sbtest6  (cost=0.43..8.45 rows=1 width=6)
	        Index Cond: (id = 3498495)

table 7 : explain DELETE FROM sbtest7 WHERE id=4619481
	Delete on sbtest7  (cost=0.43..8.45 rows=1 width=6)
	  ->  Index Scan using sbtest7_pkey on sbtest7  (cost=0.43..8.45 rows=1 width=6)
	        Index Cond: (id = 4619481)

table 8 : explain DELETE FROM sbtest8 WHERE id=126635
	Delete on sbtest8  (cost=0.43..8.45 rows=1 width=6)
	  ->  Index Scan using sbtest8_pkey on sbtest8  (cost=0.43..8.45 rows=1 width=6)
	        Index Cond: (id = 126635)

for index_updates
table 1 : explain UPDATE sbtest1 SET k=k+1 WHERE id=6860464
	Update on sbtest1  (cost=0.43..8.46 rows=1 width=196)
	  ->  Index Scan using sbtest1_pkey on sbtest1  (cost=0.43..8.46 rows=1 width=196)
	        Index Cond: (id = 6860464)

table 2 : explain UPDATE sbtest2 SET k=k+1 WHERE id=5400404
	Update on sbtest2  (cost=0.43..8.46 rows=1 width=196)
	  ->  Index Scan using sbtest2_pkey on sbtest2  (cost=0.43..8.46 rows=1 width=196)
	        Index Cond: (id = 5400404)

table 3 : explain UPDATE sbtest3 SET k=k+1 WHERE id=7016987
	Update on sbtest3  (cost=0.43..8.46 rows=1 width=196)
	  ->  Index Scan using sbtest3_pkey on sbtest3  (cost=0.43..8.46 rows=1 width=196)
	        Index Cond: (id = 7016987)

table 4 : explain UPDATE sbtest4 SET k=k+1 WHERE id=9105715
	Update on sbtest4  (cost=0.43..8.46 rows=1 width=196)
	  ->  Index Scan using sbtest4_pkey on sbtest4  (cost=0.43..8.46 rows=1 width=196)
	        Index Cond: (id = 9105715)

table 5 : explain UPDATE sbtest5 SET k=k+1 WHERE id=8874592
	Update on sbtest5  (cost=0.43..8.46 rows=1 width=196)
	  ->  Index Scan using sbtest5_pkey on sbtest5  (cost=0.43..8.46 rows=1 width=196)
	        Index Cond: (id = 8874592)

table 6 : explain UPDATE sbtest6 SET k=k+1 WHERE id=8221481
	Update on sbtest6  (cost=0.43..8.46 rows=1 width=196)
	  ->  Index Scan using sbtest6_pkey on sbtest6  (cost=0.43..8.46 rows=1 width=196)
	        Index Cond: (id = 8221481)

table 7 : explain UPDATE sbtest7 SET k=k+1 WHERE id=5435817
	Update on sbtest7  (cost=0.43..8.46 rows=1 width=196)
	  ->  Index Scan using sbtest7_pkey on sbtest7  (cost=0.43..8.46 rows=1 width=196)
	        Index Cond: (id = 5435817)

table 8 : explain UPDATE sbtest8 SET k=k+1 WHERE id=3131814
	Update on sbtest8  (cost=0.43..8.46 rows=1 width=196)
	  ->  Index Scan using sbtest8_pkey on sbtest8  (cost=0.43..8.46 rows=1 width=196)
	        Index Cond: (id = 3131814)

explain: for index_updates :: explain UPDATE sbtest%u SET k=k+1 WHERE id=%u
explain: for deletes :: explain DELETE FROM sbtest%u WHERE id=%u
explain: for inserts :: explain INSERT INTO sbtest%u (id, k, c, pad) VALUES (%u, 13, 'foobar', 'foobar')
for inserts
table 1 : explain INSERT INTO sbtest1 (id, k, c, pad) VALUES (243522, 13, 'foobar', 'foobar')
	Insert on sbtest1  (cost=0.00..0.01 rows=1 width=736)
	  ->  Result  (cost=0.00..0.01 rows=1 width=736)

table 2 : explain INSERT INTO sbtest2 (id, k, c, pad) VALUES (6806449, 13, 'foobar', 'foobar')
	Insert on sbtest2  (cost=0.00..0.01 rows=1 width=736)
	  ->  Result  (cost=0.00..0.01 rows=1 width=736)

table 3 : explain INSERT INTO sbtest3 (id, k, c, pad) VALUES (1869140, 13, 'foobar', 'foobar')
	Insert on sbtest3  (cost=0.00..0.01 rows=1 width=736)
	  ->  Result  (cost=0.00..0.01 rows=1 width=736)

table 4 : explain INSERT INTO sbtest4 (id, k, c, pad) VALUES (4634793, 13, 'foobar', 'foobar')
	Insert on sbtest4  (cost=0.00..0.01 rows=1 width=736)
	  ->  Result  (cost=0.00..0.01 rows=1 width=736)

table 5 : explain INSERT INTO sbtest5 (id, k, c, pad) VALUES (7511249, 13, 'foobar', 'foobar')
	Insert on sbtest5  (cost=0.00..0.01 rows=1 width=736)
	  ->  Result  (cost=0.00..0.01 rows=1 width=736)

table 6 : explain INSERT INTO sbtest6 (id, k, c, pad) VALUES (3633116, 13, 'foobar', 'foobar')
	Insert on sbtest6  (cost=0.00..0.01 rows=1 width=736)
	  ->  Result  (cost=0.00..0.01 rows=1 width=736)

table 7 : explain INSERT INTO sbtest7 (id, k, c, pad) VALUES (7877457, 13, 'foobar', 'foobar')
	Insert on sbtest7  (cost=0.00..0.01 rows=1 width=736)
	  ->  Result  (cost=0.00..0.01 rows=1 width=736)

table 8 : explain INSERT INTO sbtest8 (id, k, c, pad) VALUES (9242182, 13, 'foobar', 'foobar')
	Insert on sbtest8  (cost=0.00..0.01 rows=1 width=736)
	  ->  Result  (cost=0.00..0.01 rows=1 width=736)

for index_updates
table 1 : explain UPDATE sbtest1 SET k=k+1 WHERE id=8250250
	Update on sbtest1  (cost=0.43..8.46 rows=1 width=196)
	  ->  Index Scan using sbtest1_pkey on sbtest1  (cost=0.43..8.46 rows=1 width=196)
	        Index Cond: (id = 8250250)

table 2 : explain UPDATE sbtest2 SET k=k+1 WHERE id=8467590
	Update on sbtest2  (cost=0.43..8.46 rows=1 width=196)
	  ->  Index Scan using sbtest2_pkey on sbtest2  (cost=0.43..8.46 rows=1 width=196)
	        Index Cond: (id = 8467590)

table 3 : explain UPDATE sbtest3 SET k=k+1 WHERE id=5402840
	Update on sbtest3  (cost=0.43..8.46 rows=1 width=196)
	  ->  Index Scan using sbtest3_pkey on sbtest3  (cost=0.43..8.46 rows=1 width=196)
	        Index Cond: (id = 5402840)

table 4 : explain UPDATE sbtest4 SET k=k+1 WHERE id=2025131
	Update on sbtest4  (cost=0.43..8.46 rows=1 width=196)
	  ->  Index Scan using sbtest4_pkey on sbtest4  (cost=0.43..8.46 rows=1 width=196)
	        Index Cond: (id = 2025131)

table 5 : explain UPDATE sbtest5 SET k=k+1 WHERE id=6838174
	Update on sbtest5  (cost=0.43..8.46 rows=1 width=196)
	  ->  Index Scan using sbtest5_pkey on sbtest5  (cost=0.43..8.46 rows=1 width=196)
	        Index Cond: (id = 6838174)

table 6 : explain UPDATE sbtest6 SET k=k+1 WHERE id=9691939
	Update on sbtest6  (cost=0.43..8.46 rows=1 width=196)
	  ->  Index Scan using sbtest6_pkey on sbtest6  (cost=0.43..8.46 rows=1 width=196)
	        Index Cond: (id = 9691939)

table 7 : explain UPDATE sbtest7 SET k=k+1 WHERE id=2778119
	Update on sbtest7  (cost=0.43..8.46 rows=1 width=196)
	  ->  Index Scan using sbtest7_pkey on sbtest7  (cost=0.43..8.46 rows=1 width=196)
	        Index Cond: (id = 2778119)

table 8 : explain UPDATE sbtest8 SET k=k+1 WHERE id=5348208
	Update on sbtest8  (cost=0.43..8.46 rows=1 width=196)
	  ->  Index Scan using sbtest8_pkey on sbtest8  (cost=0.43..8.46 rows=1 width=196)
	        Index Cond: (id = 5348208)

for deletes
table 1 : explain DELETE FROM sbtest1 WHERE id=1447740
	Delete on sbtest1  (cost=0.43..8.45 rows=1 width=6)
	  ->  Index Scan using sbtest1_pkey on sbtest1  (cost=0.43..8.45 rows=1 width=6)
	        Index Cond: (id = 1447740)

table 2 : explain DELETE FROM sbtest2 WHERE id=9405555
	Delete on sbtest2  (cost=0.43..8.45 rows=1 width=6)
	  ->  Index Scan using sbtest2_pkey on sbtest2  (cost=0.43..8.45 rows=1 width=6)
	        Index Cond: (id = 9405555)

table 3 : explain DELETE FROM sbtest3 WHERE id=317000
	Delete on sbtest3  (cost=0.43..8.45 rows=1 width=6)
	  ->  Index Scan using sbtest3_pkey on sbtest3  (cost=0.43..8.45 rows=1 width=6)
	        Index Cond: (id = 317000)

table 4 : explain DELETE FROM sbtest4 WHERE id=6381510
	Delete on sbtest4  (cost=0.43..8.45 rows=1 width=6)
	  ->  Index Scan using sbtest4_pkey on sbtest4  (cost=0.43..8.45 rows=1 width=6)
	        Index Cond: (id = 6381510)

table 5 : explain DELETE FROM sbtest5 WHERE id=6516024
	Delete on sbtest5  (cost=0.43..8.45 rows=1 width=6)
	  ->  Index Scan using sbtest5_pkey on sbtest5  (cost=0.43..8.45 rows=1 width=6)
	        Index Cond: (id = 6516024)

table 6 : explain DELETE FROM sbtest6 WHERE id=9497868
	Delete on sbtest6  (cost=0.43..8.45 rows=1 width=6)
	  ->  Index Scan using sbtest6_pkey on sbtest6  (cost=0.43..8.45 rows=1 width=6)
	        Index Cond: (id = 9497868)

table 7 : explain DELETE FROM sbtest7 WHERE id=4517789
	Delete on sbtest7  (cost=0.43..8.45 rows=1 width=6)
	  ->  Index Scan using sbtest7_pkey on sbtest7  (cost=0.43..8.45 rows=1 width=6)
	        Index Cond: (id = 4517789)

table 8 : explain DELETE FROM sbtest8 WHERE id=4705186
	Delete on sbtest8  (cost=0.43..8.45 rows=1 width=6)
	  ->  Index Scan using sbtest8_pkey on sbtest8  (cost=0.43..8.45 rows=1 width=6)
	        Index Cond: (id = 4705186)

explain: for non_index_updates :: explain UPDATE sbtest%u SET c='foobar' WHERE id=%u
for inserts
table 1 : explain INSERT INTO sbtest1 (id, k, c, pad) VALUES (371176, 13, 'foobar', 'foobar')
	Insert on sbtest1  (cost=0.00..0.01 rows=1 width=736)
	  ->  Result  (cost=0.00..0.01 rows=1 width=736)

table 2 : explain INSERT INTO sbtest2 (id, k, c, pad) VALUES (7596739, 13, 'foobar', 'foobar')
	Insert on sbtest2  (cost=0.00..0.01 rows=1 width=736)
	  ->  Result  (cost=0.00..0.01 rows=1 width=736)

table 3 : explain INSERT INTO sbtest3 (id, k, c, pad) VALUES (208843, 13, 'foobar', 'foobar')
	Insert on sbtest3  (cost=0.00..0.01 rows=1 width=736)
	  ->  Result  (cost=0.00..0.01 rows=1 width=736)

table 4 : explain INSERT INTO sbtest4 (id, k, c, pad) VALUES (2946427, 13, 'foobar', 'foobar')
	Insert on sbtest4  (cost=0.00..0.01 rows=1 width=736)
	  ->  Result  (cost=0.00..0.01 rows=1 width=736)

table 5 : explain INSERT INTO sbtest5 (id, k, c, pad) VALUES (4965950, 13, 'foobar', 'foobar')
	Insert on sbtest5  (cost=0.00..0.01 rows=1 width=736)
	  ->  Result  (cost=0.00..0.01 rows=1 width=736)

table 6 : explain INSERT INTO sbtest6 (id, k, c, pad) VALUES (2467720, 13, 'foobar', 'foobar')
	Insert on sbtest6  (cost=0.00..0.01 rows=1 width=736)
	  ->  Result  (cost=0.00..0.01 rows=1 width=736)

table 7 : explain INSERT INTO sbtest7 (id, k, c, pad) VALUES (6939158, 13, 'foobar', 'foobar')
	Insert on sbtest7  (cost=0.00..0.01 rows=1 width=736)
	  ->  Result  (cost=0.00..0.01 rows=1 width=736)

table 8 : explain INSERT INTO sbtest8 (id, k, c, pad) VALUES (6032322, 13, 'foobar', 'foobar')
	Insert on sbtest8  (cost=0.00..0.01 rows=1 width=736)
	  ->  Result  (cost=0.00..0.01 rows=1 width=736)

for index_updates
table 1 : explain UPDATE sbtest1 SET k=k+1 WHERE id=5200517
	Update on sbtest1  (cost=0.43..8.46 rows=1 width=196)
	  ->  Index Scan using sbtest1_pkey on sbtest1  (cost=0.43..8.46 rows=1 width=196)
	        Index Cond: (id = 5200517)

table 2 : explain UPDATE sbtest2 SET k=k+1 WHERE id=3140784
	Update on sbtest2  (cost=0.43..8.46 rows=1 width=196)
	  ->  Index Scan using sbtest2_pkey on sbtest2  (cost=0.43..8.46 rows=1 width=196)
	        Index Cond: (id = 3140784)

table 3 : explain UPDATE sbtest3 SET k=k+1 WHERE id=8947086
	Update on sbtest3  (cost=0.43..8.46 rows=1 width=196)
	  ->  Index Scan using sbtest3_pkey on sbtest3  (cost=0.43..8.46 rows=1 width=196)
	        Index Cond: (id = 8947086)

table 4 : explain UPDATE sbtest4 SET k=k+1 WHERE id=9155847
	Update on sbtest4  (cost=0.43..8.46 rows=1 width=196)
	  ->  Index Scan using sbtest4_pkey on sbtest4  (cost=0.43..8.46 rows=1 width=196)
	        Index Cond: (id = 9155847)

table 5 : explain UPDATE sbtest5 SET k=k+1 WHERE id=1245040
	Update on sbtest5  (cost=0.43..8.46 rows=1 width=196)
	  ->  Index Scan using sbtest5_pkey on sbtest5  (cost=0.43..8.46 rows=1 width=196)
	        Index Cond: (id = 1245040)

table 6 : explain UPDATE sbtest6 SET k=k+1 WHERE id=1913662
	Update on sbtest6  (cost=0.43..8.46 rows=1 width=196)
	  ->  Index Scan using sbtest6_pkey on sbtest6  (cost=0.43..8.46 rows=1 width=196)
	        Index Cond: (id = 1913662)

table 7 : explain UPDATE sbtest7 SET k=k+1 WHERE id=1945585
	Update on sbtest7  (cost=0.43..8.46 rows=1 width=196)
	  ->  Index Scan using sbtest7_pkey on sbtest7  (cost=0.43..8.46 rows=1 width=196)
	        Index Cond: (id = 1945585)

table 8 : explain UPDATE sbtest8 SET k=k+1 WHERE id=6252464
	Update on sbtest8  (cost=0.43..8.46 rows=1 width=196)
	  ->  Index Scan using sbtest8_pkey on sbtest8  (cost=0.43..8.46 rows=1 width=196)
	        Index Cond: (id = 6252464)

for deletes
table 1 : explain DELETE FROM sbtest1 WHERE id=8545993
	Delete on sbtest1  (cost=0.43..8.45 rows=1 width=6)
	  ->  Index Scan using sbtest1_pkey on sbtest1  (cost=0.43..8.45 rows=1 width=6)
	        Index Cond: (id = 8545993)

table 2 : explain DELETE FROM sbtest2 WHERE id=3399995
	Delete on sbtest2  (cost=0.43..8.45 rows=1 width=6)
	  ->  Index Scan using sbtest2_pkey on sbtest2  (cost=0.43..8.45 rows=1 width=6)
	        Index Cond: (id = 3399995)

table 3 : explain DELETE FROM sbtest3 WHERE id=4369624
	Delete on sbtest3  (cost=0.43..8.45 rows=1 width=6)
	  ->  Index Scan using sbtest3_pkey on sbtest3  (cost=0.43..8.45 rows=1 width=6)
	        Index Cond: (id = 4369624)

table 4 : explain DELETE FROM sbtest4 WHERE id=528426
	Delete on sbtest4  (cost=0.43..8.45 rows=1 width=6)
	  ->  Index Scan using sbtest4_pkey on sbtest4  (cost=0.43..8.45 rows=1 width=6)
	        Index Cond: (id = 528426)

table 5 : explain DELETE FROM sbtest5 WHERE id=9483372
	Delete on sbtest5  (cost=0.43..8.45 rows=1 width=6)
	  ->  Index Scan using sbtest5_pkey on sbtest5  (cost=0.43..8.45 rows=1 width=6)
	        Index Cond: (id = 9483372)

table 6 : explain DELETE FROM sbtest6 WHERE id=9195687
	Delete on sbtest6  (cost=0.43..8.45 rows=1 width=6)
	  ->  Index Scan using sbtest6_pkey on sbtest6  (cost=0.43..8.45 rows=1 width=6)
	        Index Cond: (id = 9195687)

table 7 : explain DELETE FROM sbtest7 WHERE id=3228825
	Delete on sbtest7  (cost=0.43..8.45 rows=1 width=6)
	  ->  Index Scan using sbtest7_pkey on sbtest7  (cost=0.43..8.45 rows=1 width=6)
	        Index Cond: (id = 3228825)

table 8 : explain DELETE FROM sbtest8 WHERE id=4141177
	Delete on sbtest8  (cost=0.43..8.45 rows=1 width=6)
	  ->  Index Scan using sbtest8_pkey on sbtest8  (cost=0.43..8.45 rows=1 width=6)
	        Index Cond: (id = 4141177)

explain: for inserts :: explain INSERT INTO sbtest%u (id, k, c, pad) VALUES (%u, 13, 'foobar', 'foobar')
for non_index_updates
table 1 : explain UPDATE sbtest1 SET c='foobar' WHERE id=3653676
	Update on sbtest1  (cost=0.43..8.45 rows=1 width=559)
	  ->  Index Scan using sbtest1_pkey on sbtest1  (cost=0.43..8.45 rows=1 width=559)
	        Index Cond: (id = 3653676)

table 2 : explain UPDATE sbtest2 SET c='foobar' WHERE id=1306142
	Update on sbtest2  (cost=0.43..8.45 rows=1 width=559)
	  ->  Index Scan using sbtest2_pkey on sbtest2  (cost=0.43..8.45 rows=1 width=559)
	        Index Cond: (id = 1306142)

table 3 : explain UPDATE sbtest3 SET c='foobar' WHERE id=4558444
	Update on sbtest3  (cost=0.43..8.45 rows=1 width=559)
	  ->  Index Scan using sbtest3_pkey on sbtest3  (cost=0.43..8.45 rows=1 width=559)
	        Index Cond: (id = 4558444)

table 4 : explain UPDATE sbtest4 SET c='foobar' WHERE id=3548428
	Update on sbtest4  (cost=0.43..8.45 rows=1 width=559)
	  ->  Index Scan using sbtest4_pkey on sbtest4  (cost=0.43..8.45 rows=1 width=559)
	        Index Cond: (id = 3548428)

table 5 : explain UPDATE sbtest5 SET c='foobar' WHERE id=4665438
	Update on sbtest5  (cost=0.43..8.45 rows=1 width=559)
	  ->  Index Scan using sbtest5_pkey on sbtest5  (cost=0.43..8.45 rows=1 width=559)
	        Index Cond: (id = 4665438)

table 6 : explain UPDATE sbtest6 SET c='foobar' WHERE id=7625256
	Update on sbtest6  (cost=0.43..8.45 rows=1 width=559)
	  ->  Index Scan using sbtest6_pkey on sbtest6  (cost=0.43..8.45 rows=1 width=559)
	        Index Cond: (id = 7625256)

table 7 : explain UPDATE sbtest7 SET c='foobar' WHERE id=5430598
	Update on sbtest7  (cost=0.43..8.45 rows=1 width=559)
	  ->  Index Scan using sbtest7_pkey on sbtest7  (cost=0.43..8.45 rows=1 width=559)
	        Index Cond: (id = 5430598)

table 8 : explain UPDATE sbtest8 SET c='foobar' WHERE id=7161024
	Update on sbtest8  (cost=0.43..8.45 rows=1 width=559)
	  ->  Index Scan using sbtest8_pkey on sbtest8  (cost=0.43..8.45 rows=1 width=559)
	        Index Cond: (id = 7161024)

explain: for non_index_updates :: explain UPDATE sbtest%u SET c='foobar' WHERE id=%u
explain: for non_index_updates :: explain UPDATE sbtest%u SET c='foobar' WHERE id=%u
explain: for deletes :: explain DELETE FROM sbtest%u WHERE id=%u
for inserts
table 1 : explain INSERT INTO sbtest1 (id, k, c, pad) VALUES (6222127, 13, 'foobar', 'foobar')
	Insert on sbtest1  (cost=0.00..0.01 rows=1 width=736)
	  ->  Result  (cost=0.00..0.01 rows=1 width=736)

table 2 : explain INSERT INTO sbtest2 (id, k, c, pad) VALUES (5119830, 13, 'foobar', 'foobar')
	Insert on sbtest2  (cost=0.00..0.01 rows=1 width=736)
	  ->  Result  (cost=0.00..0.01 rows=1 width=736)

table 3 : explain INSERT INTO sbtest3 (id, k, c, pad) VALUES (9475668, 13, 'foobar', 'foobar')
	Insert on sbtest3  (cost=0.00..0.01 rows=1 width=736)
	  ->  Result  (cost=0.00..0.01 rows=1 width=736)

table 4 : explain INSERT INTO sbtest4 (id, k, c, pad) VALUES (1891253, 13, 'foobar', 'foobar')
	Insert on sbtest4  (cost=0.00..0.01 rows=1 width=736)
	  ->  Result  (cost=0.00..0.01 rows=1 width=736)

table 5 : explain INSERT INTO sbtest5 (id, k, c, pad) VALUES (5421212, 13, 'foobar', 'foobar')
	Insert on sbtest5  (cost=0.00..0.01 rows=1 width=736)
	  ->  Result  (cost=0.00..0.01 rows=1 width=736)

table 6 : explain INSERT INTO sbtest6 (id, k, c, pad) VALUES (3525019, 13, 'foobar', 'foobar')
	Insert on sbtest6  (cost=0.00..0.01 rows=1 width=736)
	  ->  Result  (cost=0.00..0.01 rows=1 width=736)

table 7 : explain INSERT INTO sbtest7 (id, k, c, pad) VALUES (9094693, 13, 'foobar', 'foobar')
	Insert on sbtest7  (cost=0.00..0.01 rows=1 width=736)
	  ->  Result  (cost=0.00..0.01 rows=1 width=736)

table 8 : explain INSERT INTO sbtest8 (id, k, c, pad) VALUES (2396949, 13, 'foobar', 'foobar')
	Insert on sbtest8  (cost=0.00..0.01 rows=1 width=736)
	  ->  Result  (cost=0.00..0.01 rows=1 width=736)

explain: for inserts :: explain INSERT INTO sbtest%u (id, k, c, pad) VALUES (%u, 13, 'foobar', 'foobar')
for non_index_updates
table 1 : explain UPDATE sbtest1 SET c='foobar' WHERE id=6868173
	Update on sbtest1  (cost=0.43..8.45 rows=1 width=559)
	  ->  Index Scan using sbtest1_pkey on sbtest1  (cost=0.43..8.45 rows=1 width=559)
	        Index Cond: (id = 6868173)

table 2 : explain UPDATE sbtest2 SET c='foobar' WHERE id=4211838
	Update on sbtest2  (cost=0.43..8.45 rows=1 width=559)
	  ->  Index Scan using sbtest2_pkey on sbtest2  (cost=0.43..8.45 rows=1 width=559)
	        Index Cond: (id = 4211838)

table 3 : explain UPDATE sbtest3 SET c='foobar' WHERE id=4338465
	Update on sbtest3  (cost=0.43..8.45 rows=1 width=559)
	  ->  Index Scan using sbtest3_pkey on sbtest3  (cost=0.43..8.45 rows=1 width=559)
	        Index Cond: (id = 4338465)

table 4 : explain UPDATE sbtest4 SET c='foobar' WHERE id=6167957
	Update on sbtest4  (cost=0.43..8.45 rows=1 width=559)
	  ->  Index Scan using sbtest4_pkey on sbtest4  (cost=0.43..8.45 rows=1 width=559)
	        Index Cond: (id = 6167957)

table 5 : explain UPDATE sbtest5 SET c='foobar' WHERE id=2868615
	Update on sbtest5  (cost=0.43..8.45 rows=1 width=559)
	  ->  Index Scan using sbtest5_pkey on sbtest5  (cost=0.43..8.45 rows=1 width=559)
	        Index Cond: (id = 2868615)

table 6 : explain UPDATE sbtest6 SET c='foobar' WHERE id=7091840
	Update on sbtest6  (cost=0.43..8.45 rows=1 width=559)
	  ->  Index Scan using sbtest6_pkey on sbtest6  (cost=0.43..8.45 rows=1 width=559)
	        Index Cond: (id = 7091840)

table 7 : explain UPDATE sbtest7 SET c='foobar' WHERE id=1928928
	Update on sbtest7  (cost=0.43..8.45 rows=1 width=559)
	  ->  Index Scan using sbtest7_pkey on sbtest7  (cost=0.43..8.45 rows=1 width=559)
	        Index Cond: (id = 1928928)

table 8 : explain UPDATE sbtest8 SET c='foobar' WHERE id=3316292
	Update on sbtest8  (cost=0.43..8.45 rows=1 width=559)
	  ->  Index Scan using sbtest8_pkey on sbtest8  (cost=0.43..8.45 rows=1 width=559)
	        Index Cond: (id = 3316292)

for deletes
table 1 : explain DELETE FROM sbtest1 WHERE id=2705917
	Delete on sbtest1  (cost=0.43..8.45 rows=1 width=6)
	  ->  Index Scan using sbtest1_pkey on sbtest1  (cost=0.43..8.45 rows=1 width=6)
	        Index Cond: (id = 2705917)

table 2 : explain DELETE FROM sbtest2 WHERE id=348556
	Delete on sbtest2  (cost=0.43..8.45 rows=1 width=6)
	  ->  Index Scan using sbtest2_pkey on sbtest2  (cost=0.43..8.45 rows=1 width=6)
	        Index Cond: (id = 348556)

table 3 : explain DELETE FROM sbtest3 WHERE id=7062421
	Delete on sbtest3  (cost=0.43..8.45 rows=1 width=6)
	  ->  Index Scan using sbtest3_pkey on sbtest3  (cost=0.43..8.45 rows=1 width=6)
	        Index Cond: (id = 7062421)

table 4 : explain DELETE FROM sbtest4 WHERE id=4399635
	Delete on sbtest4  (cost=0.43..8.45 rows=1 width=6)
	  ->  Index Scan using sbtest4_pkey on sbtest4  (cost=0.43..8.45 rows=1 width=6)
	        Index Cond: (id = 4399635)

table 5 : explain DELETE FROM sbtest5 WHERE id=7527258
	Delete on sbtest5  (cost=0.43..8.45 rows=1 width=6)
	  ->  Index Scan using sbtest5_pkey on sbtest5  (cost=0.43..8.45 rows=1 width=6)
	        Index Cond: (id = 7527258)

table 6 : explain DELETE FROM sbtest6 WHERE id=3455697
	Delete on sbtest6  (cost=0.43..8.45 rows=1 width=6)
	  ->  Index Scan using sbtest6_pkey on sbtest6  (cost=0.43..8.45 rows=1 width=6)
	        Index Cond: (id = 3455697)

table 7 : explain DELETE FROM sbtest7 WHERE id=1335354
	Delete on sbtest7  (cost=0.43..8.45 rows=1 width=6)
	  ->  Index Scan using sbtest7_pkey on sbtest7  (cost=0.43..8.45 rows=1 width=6)
	        Index Cond: (id = 1335354)

table 8 : explain DELETE FROM sbtest8 WHERE id=8225578
	Delete on sbtest8  (cost=0.43..8.45 rows=1 width=6)
	  ->  Index Scan using sbtest8_pkey on sbtest8  (cost=0.43..8.45 rows=1 width=6)
	        Index Cond: (id = 8225578)

explain: for deletes :: explain DELETE FROM sbtest%u WHERE id=%u
for inserts
table 1 : explain INSERT INTO sbtest1 (id, k, c, pad) VALUES (6395613, 13, 'foobar', 'foobar')
	Insert on sbtest1  (cost=0.00..0.01 rows=1 width=736)
	  ->  Result  (cost=0.00..0.01 rows=1 width=736)

table 2 : explain INSERT INTO sbtest2 (id, k, c, pad) VALUES (3222631, 13, 'foobar', 'foobar')
	Insert on sbtest2  (cost=0.00..0.01 rows=1 width=736)
	  ->  Result  (cost=0.00..0.01 rows=1 width=736)

table 3 : explain INSERT INTO sbtest3 (id, k, c, pad) VALUES (3569511, 13, 'foobar', 'foobar')
	Insert on sbtest3  (cost=0.00..0.01 rows=1 width=736)
	  ->  Result  (cost=0.00..0.01 rows=1 width=736)

table 4 : explain INSERT INTO sbtest4 (id, k, c, pad) VALUES (9535405, 13, 'foobar', 'foobar')
	Insert on sbtest4  (cost=0.00..0.01 rows=1 width=736)
	  ->  Result  (cost=0.00..0.01 rows=1 width=736)

table 5 : explain INSERT INTO sbtest5 (id, k, c, pad) VALUES (9698068, 13, 'foobar', 'foobar')
	Insert on sbtest5  (cost=0.00..0.01 rows=1 width=736)
	  ->  Result  (cost=0.00..0.01 rows=1 width=736)

table 6 : explain INSERT INTO sbtest6 (id, k, c, pad) VALUES (4295832, 13, 'foobar', 'foobar')
	Insert on sbtest6  (cost=0.00..0.01 rows=1 width=736)
	  ->  Result  (cost=0.00..0.01 rows=1 width=736)

table 7 : explain INSERT INTO sbtest7 (id, k, c, pad) VALUES (3042876, 13, 'foobar', 'foobar')
	Insert on sbtest7  (cost=0.00..0.01 rows=1 width=736)
	  ->  Result  (cost=0.00..0.01 rows=1 width=736)

table 8 : explain INSERT INTO sbtest8 (id, k, c, pad) VALUES (8374105, 13, 'foobar', 'foobar')
	Insert on sbtest8  (cost=0.00..0.01 rows=1 width=736)
	  ->  Result  (cost=0.00..0.01 rows=1 width=736)

for non_index_updates
table 1 : explain UPDATE sbtest1 SET c='foobar' WHERE id=9213533
	Update on sbtest1  (cost=0.43..8.45 rows=1 width=559)
	  ->  Index Scan using sbtest1_pkey on sbtest1  (cost=0.43..8.45 rows=1 width=559)
	        Index Cond: (id = 9213533)

table 2 : explain UPDATE sbtest2 SET c='foobar' WHERE id=7005096
	Update on sbtest2  (cost=0.43..8.45 rows=1 width=559)
	  ->  Index Scan using sbtest2_pkey on sbtest2  (cost=0.43..8.45 rows=1 width=559)
	        Index Cond: (id = 7005096)

table 3 : explain UPDATE sbtest3 SET c='foobar' WHERE id=8006085
	Update on sbtest3  (cost=0.43..8.45 rows=1 width=559)
	  ->  Index Scan using sbtest3_pkey on sbtest3  (cost=0.43..8.45 rows=1 width=559)
	        Index Cond: (id = 8006085)

table 4 : explain UPDATE sbtest4 SET c='foobar' WHERE id=5022398
	Update on sbtest4  (cost=0.43..8.45 rows=1 width=559)
	  ->  Index Scan using sbtest4_pkey on sbtest4  (cost=0.43..8.45 rows=1 width=559)
	        Index Cond: (id = 5022398)

table 5 : explain UPDATE sbtest5 SET c='foobar' WHERE id=3020669
	Update on sbtest5  (cost=0.43..8.45 rows=1 width=559)
	  ->  Index Scan using sbtest5_pkey on sbtest5  (cost=0.43..8.45 rows=1 width=559)
	        Index Cond: (id = 3020669)

table 6 : explain UPDATE sbtest6 SET c='foobar' WHERE id=3955060
	Update on sbtest6  (cost=0.43..8.45 rows=1 width=559)
	  ->  Index Scan using sbtest6_pkey on sbtest6  (cost=0.43..8.45 rows=1 width=559)
	        Index Cond: (id = 3955060)

table 7 : explain UPDATE sbtest7 SET c='foobar' WHERE id=885177
	Update on sbtest7  (cost=0.43..8.45 rows=1 width=559)
	  ->  Index Scan using sbtest7_pkey on sbtest7  (cost=0.43..8.45 rows=1 width=559)
	        Index Cond: (id = 885177)

table 8 : explain UPDATE sbtest8 SET c='foobar' WHERE id=2464810
	Update on sbtest8  (cost=0.43..8.45 rows=1 width=559)
	  ->  Index Scan using sbtest8_pkey on sbtest8  (cost=0.43..8.45 rows=1 width=559)
	        Index Cond: (id = 2464810)

explain: for deletes :: explain DELETE FROM sbtest%u WHERE id=%u
for inserts
table 1 : explain INSERT INTO sbtest1 (id, k, c, pad) VALUES (4102624, 13, 'foobar', 'foobar')
	Insert on sbtest1  (cost=0.00..0.01 rows=1 width=736)
	  ->  Result  (cost=0.00..0.01 rows=1 width=736)

table 2 : explain INSERT INTO sbtest2 (id, k, c, pad) VALUES (9715939, 13, 'foobar', 'foobar')
	Insert on sbtest2  (cost=0.00..0.01 rows=1 width=736)
	  ->  Result  (cost=0.00..0.01 rows=1 width=736)

table 3 : explain INSERT INTO sbtest3 (id, k, c, pad) VALUES (1689127, 13, 'foobar', 'foobar')
	Insert on sbtest3  (cost=0.00..0.01 rows=1 width=736)
	  ->  Result  (cost=0.00..0.01 rows=1 width=736)

table 4 : explain INSERT INTO sbtest4 (id, k, c, pad) VALUES (9561810, 13, 'foobar', 'foobar')
	Insert on sbtest4  (cost=0.00..0.01 rows=1 width=736)
	  ->  Result  (cost=0.00..0.01 rows=1 width=736)

table 5 : explain INSERT INTO sbtest5 (id, k, c, pad) VALUES (245179, 13, 'foobar', 'foobar')
	Insert on sbtest5  (cost=0.00..0.01 rows=1 width=736)
	  ->  Result  (cost=0.00..0.01 rows=1 width=736)

table 6 : explain INSERT INTO sbtest6 (id, k, c, pad) VALUES (9553021, 13, 'foobar', 'foobar')
	Insert on sbtest6  (cost=0.00..0.01 rows=1 width=736)
	  ->  Result  (cost=0.00..0.01 rows=1 width=736)

table 7 : explain INSERT INTO sbtest7 (id, k, c, pad) VALUES (4903768, 13, 'foobar', 'foobar')
	Insert on sbtest7  (cost=0.00..0.01 rows=1 width=736)
	  ->  Result  (cost=0.00..0.01 rows=1 width=736)

table 8 : explain INSERT INTO sbtest8 (id, k, c, pad) VALUES (9974256, 13, 'foobar', 'foobar')
	Insert on sbtest8  (cost=0.00..0.01 rows=1 width=736)
	  ->  Result  (cost=0.00..0.01 rows=1 width=736)

explain: for inserts :: explain INSERT INTO sbtest%u (id, k, c, pad) VALUES (%u, 13, 'foobar', 'foobar')
explain: for non_index_updates :: explain UPDATE sbtest%u SET c='foobar' WHERE id=%u
for inserts
table 1 : explain INSERT INTO sbtest1 (id, k, c, pad) VALUES (3397110, 13, 'foobar', 'foobar')
	Insert on sbtest1  (cost=0.00..0.01 rows=1 width=736)
	  ->  Result  (cost=0.00..0.01 rows=1 width=736)

table 2 : explain INSERT INTO sbtest2 (id, k, c, pad) VALUES (6462277, 13, 'foobar', 'foobar')
	Insert on sbtest2  (cost=0.00..0.01 rows=1 width=736)
	  ->  Result  (cost=0.00..0.01 rows=1 width=736)

table 3 : explain INSERT INTO sbtest3 (id, k, c, pad) VALUES (824330, 13, 'foobar', 'foobar')
	Insert on sbtest3  (cost=0.00..0.01 rows=1 width=736)
	  ->  Result  (cost=0.00..0.01 rows=1 width=736)

table 4 : explain INSERT INTO sbtest4 (id, k, c, pad) VALUES (9617747, 13, 'foobar', 'foobar')
	Insert on sbtest4  (cost=0.00..0.01 rows=1 width=736)
	  ->  Result  (cost=0.00..0.01 rows=1 width=736)

table 5 : explain INSERT INTO sbtest5 (id, k, c, pad) VALUES (5554528, 13, 'foobar', 'foobar')
	Insert on sbtest5  (cost=0.00..0.01 rows=1 width=736)
	  ->  Result  (cost=0.00..0.01 rows=1 width=736)

table 6 : explain INSERT INTO sbtest6 (id, k, c, pad) VALUES (4278379, 13, 'foobar', 'foobar')
	Insert on sbtest6  (cost=0.00..0.01 rows=1 width=736)
	  ->  Result  (cost=0.00..0.01 rows=1 width=736)

table 7 : explain INSERT INTO sbtest7 (id, k, c, pad) VALUES (731845, 13, 'foobar', 'foobar')
	Insert on sbtest7  (cost=0.00..0.01 rows=1 width=736)
	  ->  Result  (cost=0.00..0.01 rows=1 width=736)

table 8 : explain INSERT INTO sbtest8 (id, k, c, pad) VALUES (1346027, 13, 'foobar', 'foobar')
	Insert on sbtest8  (cost=0.00..0.01 rows=1 width=736)
	  ->  Result  (cost=0.00..0.01 rows=1 width=736)

for deletes
table 1 : explain DELETE FROM sbtest1 WHERE id=2148679
	Delete on sbtest1  (cost=0.43..8.45 rows=1 width=6)
	  ->  Index Scan using sbtest1_pkey on sbtest1  (cost=0.43..8.45 rows=1 width=6)
	        Index Cond: (id = 2148679)

table 2 : explain DELETE FROM sbtest2 WHERE id=7710957
	Delete on sbtest2  (cost=0.43..8.45 rows=1 width=6)
	  ->  Index Scan using sbtest2_pkey on sbtest2  (cost=0.43..8.45 rows=1 width=6)
	        Index Cond: (id = 7710957)

table 3 : explain DELETE FROM sbtest3 WHERE id=5221713
	Delete on sbtest3  (cost=0.43..8.45 rows=1 width=6)
	  ->  Index Scan using sbtest3_pkey on sbtest3  (cost=0.43..8.45 rows=1 width=6)
	        Index Cond: (id = 5221713)

table 4 : explain DELETE FROM sbtest4 WHERE id=1979010
	Delete on sbtest4  (cost=0.43..8.45 rows=1 width=6)
	  ->  Index Scan using sbtest4_pkey on sbtest4  (cost=0.43..8.45 rows=1 width=6)
	        Index Cond: (id = 1979010)

table 5 : explain DELETE FROM sbtest5 WHERE id=7653270
	Delete on sbtest5  (cost=0.43..8.45 rows=1 width=6)
	  ->  Index Scan using sbtest5_pkey on sbtest5  (cost=0.43..8.45 rows=1 width=6)
	        Index Cond: (id = 7653270)

table 6 : explain DELETE FROM sbtest6 WHERE id=7873321
	Delete on sbtest6  (cost=0.43..8.45 rows=1 width=6)
	  ->  Index Scan using sbtest6_pkey on sbtest6  (cost=0.43..8.45 rows=1 width=6)
	        Index Cond: (id = 7873321)

table 7 : explain DELETE FROM sbtest7 WHERE id=7962891
	Delete on sbtest7  (cost=0.43..8.45 rows=1 width=6)
	  ->  Index Scan using sbtest7_pkey on sbtest7  (cost=0.43..8.45 rows=1 width=6)
	        Index Cond: (id = 7962891)

table 8 : explain DELETE FROM sbtest8 WHERE id=2129616
	Delete on sbtest8  (cost=0.43..8.45 rows=1 width=6)
	  ->  Index Scan using sbtest8_pkey on sbtest8  (cost=0.43..8.45 rows=1 width=6)
	        Index Cond: (id = 2129616)

for deletes
table 1 : explain DELETE FROM sbtest1 WHERE id=3764559
	Delete on sbtest1  (cost=0.43..8.45 rows=1 width=6)
	  ->  Index Scan using sbtest1_pkey on sbtest1  (cost=0.43..8.45 rows=1 width=6)
	        Index Cond: (id = 3764559)

table 2 : explain DELETE FROM sbtest2 WHERE id=7234835
	Delete on sbtest2  (cost=0.43..8.45 rows=1 width=6)
	  ->  Index Scan using sbtest2_pkey on sbtest2  (cost=0.43..8.45 rows=1 width=6)
	        Index Cond: (id = 7234835)

table 3 : explain DELETE FROM sbtest3 WHERE id=1273455
	Delete on sbtest3  (cost=0.43..8.45 rows=1 width=6)
	  ->  Index Scan using sbtest3_pkey on sbtest3  (cost=0.43..8.45 rows=1 width=6)
	        Index Cond: (id = 1273455)

table 4 : explain DELETE FROM sbtest4 WHERE id=9739564
	Delete on sbtest4  (cost=0.43..8.45 rows=1 width=6)
	  ->  Index Scan using sbtest4_pkey on sbtest4  (cost=0.43..8.45 rows=1 width=6)
	        Index Cond: (id = 9739564)

table 5 : explain DELETE FROM sbtest5 WHERE id=7813624
	Delete on sbtest5  (cost=0.43..8.45 rows=1 width=6)
	  ->  Index Scan using sbtest5_pkey on sbtest5  (cost=0.43..8.45 rows=1 width=6)
	        Index Cond: (id = 7813624)

table 6 : explain DELETE FROM sbtest6 WHERE id=8930282
	Delete on sbtest6  (cost=0.43..8.45 rows=1 width=6)
	  ->  Index Scan using sbtest6_pkey on sbtest6  (cost=0.43..8.45 rows=1 width=6)
	        Index Cond: (id = 8930282)

table 7 : explain DELETE FROM sbtest7 WHERE id=2860134
	Delete on sbtest7  (cost=0.43..8.45 rows=1 width=6)
	  ->  Index Scan using sbtest7_pkey on sbtest7  (cost=0.43..8.45 rows=1 width=6)
	        Index Cond: (id = 2860134)

table 8 : explain DELETE FROM sbtest8 WHERE id=4284361
	Delete on sbtest8  (cost=0.43..8.45 rows=1 width=6)
	  ->  Index Scan using sbtest8_pkey on sbtest8  (cost=0.43..8.45 rows=1 width=6)
	        Index Cond: (id = 4284361)

for inserts
table 1 : explain INSERT INTO sbtest1 (id, k, c, pad) VALUES (2262124, 13, 'foobar', 'foobar')
	Insert on sbtest1  (cost=0.00..0.01 rows=1 width=736)
	  ->  Result  (cost=0.00..0.01 rows=1 width=736)

table 2 : explain INSERT INTO sbtest2 (id, k, c, pad) VALUES (7278248, 13, 'foobar', 'foobar')
	Insert on sbtest2  (cost=0.00..0.01 rows=1 width=736)
	  ->  Result  (cost=0.00..0.01 rows=1 width=736)

table 3 : explain INSERT INTO sbtest3 (id, k, c, pad) VALUES (4464823, 13, 'foobar', 'foobar')
	Insert on sbtest3  (cost=0.00..0.01 rows=1 width=736)
	  ->  Result  (cost=0.00..0.01 rows=1 width=736)

table 4 : explain INSERT INTO sbtest4 (id, k, c, pad) VALUES (5355867, 13, 'foobar', 'foobar')
	Insert on sbtest4  (cost=0.00..0.01 rows=1 width=736)
	  ->  Result  (cost=0.00..0.01 rows=1 width=736)

table 5 : explain INSERT INTO sbtest5 (id, k, c, pad) VALUES (3344657, 13, 'foobar', 'foobar')
	Insert on sbtest5  (cost=0.00..0.01 rows=1 width=736)
	  ->  Result  (cost=0.00..0.01 rows=1 width=736)

table 6 : explain INSERT INTO sbtest6 (id, k, c, pad) VALUES (3259787, 13, 'foobar', 'foobar')
	Insert on sbtest6  (cost=0.00..0.01 rows=1 width=736)
	  ->  Result  (cost=0.00..0.01 rows=1 width=736)

table 7 : explain INSERT INTO sbtest7 (id, k, c, pad) VALUES (1868680, 13, 'foobar', 'foobar')
	Insert on sbtest7  (cost=0.00..0.01 rows=1 width=736)
	  ->  Result  (cost=0.00..0.01 rows=1 width=736)

table 8 : explain INSERT INTO sbtest8 (id, k, c, pad) VALUES (6994253, 13, 'foobar', 'foobar')
	Insert on sbtest8  (cost=0.00..0.01 rows=1 width=736)
	  ->  Result  (cost=0.00..0.01 rows=1 width=736)

for non_index_updates
table 1 : explain UPDATE sbtest1 SET c='foobar' WHERE id=2323888
	Update on sbtest1  (cost=0.43..8.45 rows=1 width=559)
	  ->  Index Scan using sbtest1_pkey on sbtest1  (cost=0.43..8.45 rows=1 width=559)
	        Index Cond: (id = 2323888)

table 2 : explain UPDATE sbtest2 SET c='foobar' WHERE id=1668066
	Update on sbtest2  (cost=0.43..8.45 rows=1 width=559)
	  ->  Index Scan using sbtest2_pkey on sbtest2  (cost=0.43..8.45 rows=1 width=559)
	        Index Cond: (id = 1668066)

table 3 : explain UPDATE sbtest3 SET c='foobar' WHERE id=9808421
	Update on sbtest3  (cost=0.43..8.45 rows=1 width=559)
	  ->  Index Scan using sbtest3_pkey on sbtest3  (cost=0.43..8.45 rows=1 width=559)
	        Index Cond: (id = 9808421)

table 4 : explain UPDATE sbtest4 SET c='foobar' WHERE id=4531440
	Update on sbtest4  (cost=0.43..8.45 rows=1 width=559)
	  ->  Index Scan using sbtest4_pkey on sbtest4  (cost=0.43..8.45 rows=1 width=559)
	        Index Cond: (id = 4531440)

table 5 : explain UPDATE sbtest5 SET c='foobar' WHERE id=869786
	Update on sbtest5  (cost=0.43..8.45 rows=1 width=559)
	  ->  Index Scan using sbtest5_pkey on sbtest5  (cost=0.43..8.45 rows=1 width=559)
	        Index Cond: (id = 869786)

table 6 : explain UPDATE sbtest6 SET c='foobar' WHERE id=9507031
	Update on sbtest6  (cost=0.43..8.45 rows=1 width=559)
	  ->  Index Scan using sbtest6_pkey on sbtest6  (cost=0.43..8.45 rows=1 width=559)
	        Index Cond: (id = 9507031)

table 7 : explain UPDATE sbtest7 SET c='foobar' WHERE id=4710329
	Update on sbtest7  (cost=0.43..8.45 rows=1 width=559)
	  ->  Index Scan using sbtest7_pkey on sbtest7  (cost=0.43..8.45 rows=1 width=559)
	        Index Cond: (id = 4710329)

table 8 : explain UPDATE sbtest8 SET c='foobar' WHERE id=6310575
	Update on sbtest8  (cost=0.43..8.45 rows=1 width=559)
	  ->  Index Scan using sbtest8_pkey on sbtest8  (cost=0.43..8.45 rows=1 width=559)
	        Index Cond: (id = 6310575)

explain: for inserts :: explain INSERT INTO sbtest%u (id, k, c, pad) VALUES (%u, 13, 'foobar', 'foobar')
explain: for inserts :: explain INSERT INTO sbtest%u (id, k, c, pad) VALUES (%u, 13, 'foobar', 'foobar')
explain: for deletes :: explain DELETE FROM sbtest%u WHERE id=%u
for inserts
table 1 : explain INSERT INTO sbtest1 (id, k, c, pad) VALUES (5571581, 13, 'foobar', 'foobar')
	Insert on sbtest1  (cost=0.00..0.01 rows=1 width=736)
	  ->  Result  (cost=0.00..0.01 rows=1 width=736)

table 2 : explain INSERT INTO sbtest2 (id, k, c, pad) VALUES (4199630, 13, 'foobar', 'foobar')
	Insert on sbtest2  (cost=0.00..0.01 rows=1 width=736)
	  ->  Result  (cost=0.00..0.01 rows=1 width=736)

table 3 : explain INSERT INTO sbtest3 (id, k, c, pad) VALUES (8434659, 13, 'foobar', 'foobar')
	Insert on sbtest3  (cost=0.00..0.01 rows=1 width=736)
	  ->  Result  (cost=0.00..0.01 rows=1 width=736)

table 4 : explain INSERT INTO sbtest4 (id, k, c, pad) VALUES (2126525, 13, 'foobar', 'foobar')
	Insert on sbtest4  (cost=0.00..0.01 rows=1 width=736)
	  ->  Result  (cost=0.00..0.01 rows=1 width=736)

table 5 : explain INSERT INTO sbtest5 (id, k, c, pad) VALUES (5101678, 13, 'foobar', 'foobar')
	Insert on sbtest5  (cost=0.00..0.01 rows=1 width=736)
	  ->  Result  (cost=0.00..0.01 rows=1 width=736)

table 6 : explain INSERT INTO sbtest6 (id, k, c, pad) VALUES (9808715, 13, 'foobar', 'foobar')
	Insert on sbtest6  (cost=0.00..0.01 rows=1 width=736)
	  ->  Result  (cost=0.00..0.01 rows=1 width=736)

table 7 : explain INSERT INTO sbtest7 (id, k, c, pad) VALUES (2806810, 13, 'foobar', 'foobar')
	Insert on sbtest7  (cost=0.00..0.01 rows=1 width=736)
	  ->  Result  (cost=0.00..0.01 rows=1 width=736)

table 8 : explain INSERT INTO sbtest8 (id, k, c, pad) VALUES (8825475, 13, 'foobar', 'foobar')
	Insert on sbtest8  (cost=0.00..0.01 rows=1 width=736)
	  ->  Result  (cost=0.00..0.01 rows=1 width=736)

for inserts
table 1 : explain INSERT INTO sbtest1 (id, k, c, pad) VALUES (2951848, 13, 'foobar', 'foobar')
	Insert on sbtest1  (cost=0.00..0.01 rows=1 width=736)
	  ->  Result  (cost=0.00..0.01 rows=1 width=736)

table 2 : explain INSERT INTO sbtest2 (id, k, c, pad) VALUES (7131384, 13, 'foobar', 'foobar')
	Insert on sbtest2  (cost=0.00..0.01 rows=1 width=736)
	  ->  Result  (cost=0.00..0.01 rows=1 width=736)

table 3 : explain INSERT INTO sbtest3 (id, k, c, pad) VALUES (8843339, 13, 'foobar', 'foobar')
	Insert on sbtest3  (cost=0.00..0.01 rows=1 width=736)
	  ->  Result  (cost=0.00..0.01 rows=1 width=736)

table 4 : explain INSERT INTO sbtest4 (id, k, c, pad) VALUES (6844279, 13, 'foobar', 'foobar')
	Insert on sbtest4  (cost=0.00..0.01 rows=1 width=736)
	  ->  Result  (cost=0.00..0.01 rows=1 width=736)

table 5 : explain INSERT INTO sbtest5 (id, k, c, pad) VALUES (8903828, 13, 'foobar', 'foobar')
	Insert on sbtest5  (cost=0.00..0.01 rows=1 width=736)
	  ->  Result  (cost=0.00..0.01 rows=1 width=736)

table 6 : explain INSERT INTO sbtest6 (id, k, c, pad) VALUES (9202642, 13, 'foobar', 'foobar')
	Insert on sbtest6  (cost=0.00..0.01 rows=1 width=736)
	  ->  Result  (cost=0.00..0.01 rows=1 width=736)

table 7 : explain INSERT INTO sbtest7 (id, k, c, pad) VALUES (5940317, 13, 'foobar', 'foobar')
	Insert on sbtest7  (cost=0.00..0.01 rows=1 width=736)
	  ->  Result  (cost=0.00..0.01 rows=1 width=736)

table 8 : explain INSERT INTO sbtest8 (id, k, c, pad) VALUES (1625401, 13, 'foobar', 'foobar')
	Insert on sbtest8  (cost=0.00..0.01 rows=1 width=736)
	  ->  Result  (cost=0.00..0.01 rows=1 width=736)

for deletes
table 1 : explain DELETE FROM sbtest1 WHERE id=211398
	Delete on sbtest1  (cost=0.43..8.45 rows=1 width=6)
	  ->  Index Scan using sbtest1_pkey on sbtest1  (cost=0.43..8.45 rows=1 width=6)
	        Index Cond: (id = 211398)

table 2 : explain DELETE FROM sbtest2 WHERE id=1206872
	Delete on sbtest2  (cost=0.43..8.45 rows=1 width=6)
	  ->  Index Scan using sbtest2_pkey on sbtest2  (cost=0.43..8.45 rows=1 width=6)
	        Index Cond: (id = 1206872)

table 3 : explain DELETE FROM sbtest3 WHERE id=8230847
	Delete on sbtest3  (cost=0.43..8.45 rows=1 width=6)
	  ->  Index Scan using sbtest3_pkey on sbtest3  (cost=0.43..8.45 rows=1 width=6)
	        Index Cond: (id = 8230847)

table 4 : explain DELETE FROM sbtest4 WHERE id=8752687
	Delete on sbtest4  (cost=0.43..8.45 rows=1 width=6)
	  ->  Index Scan using sbtest4_pkey on sbtest4  (cost=0.43..8.45 rows=1 width=6)
	        Index Cond: (id = 8752687)

table 5 : explain DELETE FROM sbtest5 WHERE id=2843586
	Delete on sbtest5  (cost=0.43..8.45 rows=1 width=6)
	  ->  Index Scan using sbtest5_pkey on sbtest5  (cost=0.43..8.45 rows=1 width=6)
	        Index Cond: (id = 2843586)

table 6 : explain DELETE FROM sbtest6 WHERE id=253442
	Delete on sbtest6  (cost=0.43..8.45 rows=1 width=6)
	  ->  Index Scan using sbtest6_pkey on sbtest6  (cost=0.43..8.45 rows=1 width=6)
	        Index Cond: (id = 253442)

table 7 : explain DELETE FROM sbtest7 WHERE id=1327027
	Delete on sbtest7  (cost=0.43..8.45 rows=1 width=6)
	  ->  Index Scan using sbtest7_pkey on sbtest7  (cost=0.43..8.45 rows=1 width=6)
	        Index Cond: (id = 1327027)

table 8 : explain DELETE FROM sbtest8 WHERE id=5183636
	Delete on sbtest8  (cost=0.43..8.45 rows=1 width=6)
	  ->  Index Scan using sbtest8_pkey on sbtest8  (cost=0.43..8.45 rows=1 width=6)
	        Index Cond: (id = 5183636)

explain: for inserts :: explain INSERT INTO sbtest%u (id, k, c, pad) VALUES (%u, 13, 'foobar', 'foobar')
for inserts
table 1 : explain INSERT INTO sbtest1 (id, k, c, pad) VALUES (4528747, 13, 'foobar', 'foobar')
	Insert on sbtest1  (cost=0.00..0.01 rows=1 width=736)
	  ->  Result  (cost=0.00..0.01 rows=1 width=736)

table 2 : explain INSERT INTO sbtest2 (id, k, c, pad) VALUES (9269013, 13, 'foobar', 'foobar')
	Insert on sbtest2  (cost=0.00..0.01 rows=1 width=736)
	  ->  Result  (cost=0.00..0.01 rows=1 width=736)

table 3 : explain INSERT INTO sbtest3 (id, k, c, pad) VALUES (1644265, 13, 'foobar', 'foobar')
	Insert on sbtest3  (cost=0.00..0.01 rows=1 width=736)
	  ->  Result  (cost=0.00..0.01 rows=1 width=736)

table 4 : explain INSERT INTO sbtest4 (id, k, c, pad) VALUES (5628832, 13, 'foobar', 'foobar')
	Insert on sbtest4  (cost=0.00..0.01 rows=1 width=736)
	  ->  Result  (cost=0.00..0.01 rows=1 width=736)

table 5 : explain INSERT INTO sbtest5 (id, k, c, pad) VALUES (9658510, 13, 'foobar', 'foobar')
	Insert on sbtest5  (cost=0.00..0.01 rows=1 width=736)
	  ->  Result  (cost=0.00..0.01 rows=1 width=736)

table 6 : explain INSERT INTO sbtest6 (id, k, c, pad) VALUES (8786584, 13, 'foobar', 'foobar')
	Insert on sbtest6  (cost=0.00..0.01 rows=1 width=736)
	  ->  Result  (cost=0.00..0.01 rows=1 width=736)

table 7 : explain INSERT INTO sbtest7 (id, k, c, pad) VALUES (1993640, 13, 'foobar', 'foobar')
	Insert on sbtest7  (cost=0.00..0.01 rows=1 width=736)
	  ->  Result  (cost=0.00..0.01 rows=1 width=736)

table 8 : explain INSERT INTO sbtest8 (id, k, c, pad) VALUES (8720155, 13, 'foobar', 'foobar')
	Insert on sbtest8  (cost=0.00..0.01 rows=1 width=736)
	  ->  Result  (cost=0.00..0.01 rows=1 width=736)

for inserts
table 1 : explain INSERT INTO sbtest1 (id, k, c, pad) VALUES (2620007, 13, 'foobar', 'foobar')
	Insert on sbtest1  (cost=0.00..0.01 rows=1 width=736)
	  ->  Result  (cost=0.00..0.01 rows=1 width=736)

table 2 : explain INSERT INTO sbtest2 (id, k, c, pad) VALUES (2191223, 13, 'foobar', 'foobar')
	Insert on sbtest2  (cost=0.00..0.01 rows=1 width=736)
	  ->  Result  (cost=0.00..0.01 rows=1 width=736)

table 3 : explain INSERT INTO sbtest3 (id, k, c, pad) VALUES (6308017, 13, 'foobar', 'foobar')
	Insert on sbtest3  (cost=0.00..0.01 rows=1 width=736)
	  ->  Result  (cost=0.00..0.01 rows=1 width=736)

table 4 : explain INSERT INTO sbtest4 (id, k, c, pad) VALUES (5558835, 13, 'foobar', 'foobar')
	Insert on sbtest4  (cost=0.00..0.01 rows=1 width=736)
	  ->  Result  (cost=0.00..0.01 rows=1 width=736)

table 5 : explain INSERT INTO sbtest5 (id, k, c, pad) VALUES (6367271, 13, 'foobar', 'foobar')
	Insert on sbtest5  (cost=0.00..0.01 rows=1 width=736)
	  ->  Result  (cost=0.00..0.01 rows=1 width=736)

table 6 : explain INSERT INTO sbtest6 (id, k, c, pad) VALUES (5652104, 13, 'foobar', 'foobar')
	Insert on sbtest6  (cost=0.00..0.01 rows=1 width=736)
	  ->  Result  (cost=0.00..0.01 rows=1 width=736)

table 7 : explain INSERT INTO sbtest7 (id, k, c, pad) VALUES (5506078, 13, 'foobar', 'foobar')
	Insert on sbtest7  (cost=0.00..0.01 rows=1 width=736)
	  ->  Result  (cost=0.00..0.01 rows=1 width=736)

table 8 : explain INSERT INTO sbtest8 (id, k, c, pad) VALUES (217157, 13, 'foobar', 'foobar')
	Insert on sbtest8  (cost=0.00..0.01 rows=1 width=736)
	  ->  Result  (cost=0.00..0.01 rows=1 width=736)

Threads started!

Warming up for 5 seconds...

SQL statistics:
    queries performed:
        read:                            307249772
        write:                           87785769
        other:                           43892849
        total:                           438928390
    transactions:                        21946444 (23598.12 per sec.)
    queries:                             438928390 (471961.90 per sec.)
    ignored errors:                      0      (0.00 per sec.)
    reconnects:                          0      (0.00 per sec.)

Throughput:
    events/s (eps):                      23598.1214
    time elapsed:                        930.0082s
    total number of events:              21946444

Latency (ms):
         min:                                    1.37
         avg:                                    1.69
         max:                                   88.27
         95th percentile:                        1.96
         sum:                             37177469.70

Threads fairness:
    events (avg/stddev):           548660.7250/2807.99
    execution time (avg/stddev):   929.4367/0.01

